<?xml version="1.0" encoding="utf-8"?>
<testsuite name="log_request_error_messages" tests="1" failures="1" skipped="0" time="42.58" timestamp="2022-05-03T07:52:09">
	<testcase classname="LogRequestVerifySearchTextError" name="log_request_error_messages">
		<failure message="FAILED: Assert that (True == value) with value=False" type="FAILED"/>
		<system-out>07:51:26 INFO  ==============================================================
07:51:26 INFO  Id:    log_request_error_messages
07:51:26 INFO  Dir:   log_request_end_to_end/
07:51:26 INFO  Title: Validate end to end behaviour for the log request operation check for error messages
07:51:26 INFO  ==============================================================
07:51:28 INFO  EnvironmentC8y Setup
07:51:28 INFO  Executed systemctl&lt;serv_mapper1&gt;, exit status 3
07:51:28 INFO  Restarting mosquitto too frequently in the last 10 seconds. It was only up for 2 seconds
07:51:28 INFO  Delaying execution by 9 seconds
07:51:55 INFO  Executed sudo&lt;tedge_connect_c8y&gt;, exit status 0, duration 17 secs
07:51:56 INFO  Executed sudo&lt;tedge_connect_c8y_test&gt;, exit status 0
07:51:57 INFO  Executed systemctl&lt;serv_mosq2&gt;, exit status 0
07:51:57 INFO  Executed systemctl&lt;serv_mapper3&gt;, exit status 0
07:51:58 INFO  Executed sudo&lt;rm_logs&gt;, exit status 0
07:51:58 INFO  Executed sudo&lt;move_logs&gt;, exit status 0
07:51:59 INFO  log response None
07:51:59 WARN  retry, retrying in 1 seconds...
07:52:00 INFO  log response https://thin-edge-io.eu-latest.cumulocity.com/event/events/18247306/binaries
07:52:01 WARN  Assert that (True == value) with value=False ... failed [run.py:43]
07:52:01 INFO  
07:52:01 INFO  cleanup:
07:52:01 INFO  Executed sudo&lt;rm_logs&gt;, exit status 0
07:52:02 INFO  Executed sudo&lt;rm_tmp_logs&gt;, exit status 0
07:52:02 INFO  Executed sudo&lt;send_failed&gt;, exit status 0
07:52:08 INFO  Executed sudo&lt;tedge_disconnect_c8y&gt;, exit status 0
07:52:09 INFO  Executed systemctl&lt;serv_mapper5&gt;, exit status 3
07:52:09 INFO  
07:52:09 INFO  Test duration: 42.58 secs
07:52:09 INFO  Test final outcome:  FAILED
07:52:09 INFO  Test outcome reason: Assert that (True == value) with value=False
07:52:09 INFO  
</system-out>
	</testcase>
</testsuite>
