<?xml version="1.0" encoding="utf-8"?>
<testsuite name="apt_sequence_install_with_version" tests="1" failures="1" skipped="0" time="107.37" timestamp="2022-05-09T07:26:42">
	<testcase classname="AptPluginPrepInstallWithVersionFinalize" name="apt_sequence_install_with_version">
		<failure message="FAILED: Grep on outp_check_1.out contains 'rolldice\t1.16-1(\\+b|build)(1|3)'" type="FAILED"/>
		<system-out>07:24:54 INFO  ==============================================================
07:24:54 INFO  Id:    apt_sequence_install_with_version
07:24:54 INFO  Dir:   plugin_apt/
07:24:54 INFO  Title: Validate apt plugin install with version use case
07:24:54 INFO  ==============================================================
07:25:00 INFO  Executed sudo, exit status 0
07:25:03 INFO  Executed sudo&lt;outp_check_0&gt;, exit status 0
07:25:03 INFO  Assert that (value==0) with value=0 ... passed
07:25:03 INFO  Grep on file outp_check_0.out ... passed
07:25:24 INFO  Executed sudo&lt;outp_prepare&gt;, exit status 0, duration 20 secs
07:25:24 INFO  Assert that (value==0) with value=0 ... passed
07:26:14 INFO  Executed sudo&lt;outp_install&gt;, exit status 0, duration 49 secs
07:26:14 INFO  Assert that (value==0) with value=0 ... passed
07:26:22 INFO  Executed sudo&lt;outp_finalize&gt;, exit status 0
07:26:22 INFO  Assert that (value==0) with value=0 ... passed
07:26:24 INFO  Executed sudo&lt;outp_check_1&gt;, exit status 0
07:26:24 INFO  Assert that (value==0) with value=0 ... passed
07:26:24 INFO  Grep on file outp_check_1.out ... passed
07:26:25 WARN  Grep on outp_check_1.out contains 'rolldice\t1.16-1(\\+b|build)(1|3)' ... failed [run.py:61]
07:26:25 INFO  
07:26:25 INFO  cleanup:
07:26:42 INFO  Executed sudo, exit status 0, duration 16 secs
07:26:42 INFO  
07:26:42 INFO  Test duration: 107.37 secs
07:26:42 INFO  Test final outcome:  FAILED
07:26:42 INFO  Test outcome reason: Grep on outp_check_1.out contains 'rolldice\t1.16-1(\\+b|build)(1|3)'
07:26:42 INFO  
</system-out>
	</testcase>
</testsuite>
