<?xml version="1.0" encoding="utf-8"?>
<testsuite name="log_request_error_messages" tests="1" failures="1" skipped="0" time="40.69" timestamp="2022-05-03T07:52:02">
	<testcase classname="LogRequestVerifySearchTextError" name="log_request_error_messages">
		<failure message="FAILED: Assert that (True == value) with value=False" type="FAILED"/>
		<system-out>07:51:21 INFO  ==============================================================
07:51:21 INFO  Id:    log_request_error_messages
07:51:21 INFO  Dir:   log_request_end_to_end/
07:51:21 INFO  Title: Validate end to end behaviour for the log request operation check for error messages
07:51:21 INFO  ==============================================================
07:51:22 INFO  EnvironmentC8y Setup
07:51:23 INFO  Executed systemctl&lt;serv_mapper1&gt;, exit status 3
07:51:23 INFO  Restarting mosquitto too frequently in the last 10 seconds. It was only up for 2 seconds
07:51:23 INFO  Delaying execution by 9 seconds
07:51:49 INFO  Executed sudo&lt;tedge_connect_c8y&gt;, exit status 0, duration 16 secs
07:51:50 INFO  Executed sudo&lt;tedge_connect_c8y_test&gt;, exit status 0
07:51:50 INFO  Executed systemctl&lt;serv_mosq2&gt;, exit status 0
07:51:51 INFO  Executed systemctl&lt;serv_mapper3&gt;, exit status 0
07:51:51 INFO  Executed sudo&lt;rm_logs&gt;, exit status 0
07:51:52 INFO  Executed sudo&lt;move_logs&gt;, exit status 0
07:51:52 INFO  log response None
07:51:52 WARN  retry, retrying in 1 seconds...
07:51:54 INFO  log response https://thin-edge-io.eu-latest.cumulocity.com/event/events/18245577/binaries
07:51:54 WARN  Assert that (True == value) with value=False ... failed [run.py:43]
07:51:54 INFO  
07:51:54 INFO  cleanup:
07:51:55 INFO  Executed sudo&lt;rm_logs&gt;, exit status 0
07:51:55 INFO  Executed sudo&lt;rm_tmp_logs&gt;, exit status 0
07:51:56 INFO  Executed sudo&lt;send_failed&gt;, exit status 0
07:52:01 INFO  Executed sudo&lt;tedge_disconnect_c8y&gt;, exit status 0
07:52:02 INFO  Executed systemctl&lt;serv_mapper5&gt;, exit status 3
07:52:02 INFO  
07:52:02 INFO  Test duration: 40.69 secs
07:52:02 INFO  Test final outcome:  FAILED
07:52:02 INFO  Test outcome reason: Assert that (True == value) with value=False
07:52:02 INFO  
</system-out>
	</testcase>
</testsuite>
