<?xml version="1.0" encoding="utf-8"?>
<testsuite name="log_request_num_lines" tests="1" failures="1" skipped="0" time="36.2" timestamp="2022-05-03T07:52:38">
	<testcase classname="LogRequestVerifyNumberOfLines" name="log_request_num_lines">
		<failure message="FAILED: Assert that (True == value) with value=False" type="FAILED"/>
		<system-out>07:52:02 INFO  ==============================================================
07:52:02 INFO  Id:    log_request_num_lines
07:52:02 INFO  Dir:   log_request_end_to_end/
07:52:02 INFO  Title: Validate end to end behaviour for the log request operation check for number of lines
07:52:02 INFO  ==============================================================
07:52:02 INFO  EnvironmentC8y Setup
07:52:02 INFO  Executed systemctl&lt;serv_mapper1&gt;, exit status 3
07:52:03 INFO  Restarting mosquitto too frequently in the last 10 seconds. It was only up for 5 seconds
07:52:03 INFO  Delaying execution by 6 seconds
07:52:25 INFO  Executed sudo&lt;tedge_connect_c8y&gt;, exit status 0, duration 16 secs
07:52:26 INFO  Executed sudo&lt;tedge_connect_c8y_test&gt;, exit status 0
07:52:27 INFO  Executed systemctl&lt;serv_mosq2&gt;, exit status 0
07:52:27 INFO  Executed systemctl&lt;serv_mapper3&gt;, exit status 0
07:52:28 INFO  Executed sudo&lt;rm_logs&gt;, exit status 0
07:52:28 INFO  Executed sudo&lt;move_logs&gt;, exit status 0
07:52:29 INFO  log response None
07:52:29 WARN  retry, retrying in 1 seconds...
07:52:30 INFO  log response https://thin-edge-io.eu-latest.cumulocity.com/event/events/18245588/binaries
07:52:30 INFO  nlines 0
07:52:30 WARN  Assert that (True == value) with value=False ... failed [run.py:44]
07:52:30 INFO  
07:52:30 INFO  cleanup:
07:52:31 INFO  Executed sudo&lt;rm_logs&gt;, exit status 0
07:52:31 INFO  Executed sudo&lt;rm_tmp_logs&gt;, exit status 0
07:52:32 INFO  Executed sudo&lt;send_failed&gt;, exit status 0
07:52:37 INFO  Executed sudo&lt;tedge_disconnect_c8y&gt;, exit status 0
07:52:38 INFO  Executed systemctl&lt;serv_mapper5&gt;, exit status 3
07:52:38 INFO  
07:52:38 INFO  Test duration: 36.20 secs
07:52:38 INFO  Test final outcome:  FAILED
07:52:38 INFO  Test outcome reason: Assert that (True == value) with value=False
07:52:38 INFO  
</system-out>
	</testcase>
</testsuite>
