<?xml version="1.0" encoding="utf-8"?>
<testsuite failures="1" name="docker_plugin_install" skipped="0" tests="1" time="1.06" timestamp="2022-04-19T14:12:25">
	<testcase classname="DockerPluginInstallTest" name="docker_plugin_install">
		<failure message="FAILED: Grep on /home/pi/actions-runner/_work/thin-edge.io/thin-edge.io/tests/PySys/plugin_docker/docker_plugin_install/Output/linux/docker_images.out does not contain &quot;registry&quot; failed with 2 matches, first is: &quot;registry            2.7.1               e8a56425636e        5 months ago        22.2MB&quot;" type="FAILED"/>
		<system-out>14:12:23 INFO  ==============================================================
14:12:23 INFO  Id:    docker_plugin_install
14:12:23 INFO  Dir:   plugin_docker/
14:12:23 INFO  Title: Validate docker plugin install
14:12:23 INFO  ==============================================================
14:12:24 INFO  Executed sudo&lt;docker_images&gt;, exit status 0
14:12:25 WARN  Grep on /home/pi/actions-runner/_work/thin-edge.io/thin-edge.io/tests/PySys/plugin_docker/docker_plugin_install/Output/linux/docker_images.out does not contain &quot;registry&quot; failed with 2 matches, first is: &quot;registry            2.7.1               e8a56425636e        5 months ago        22.2MB&quot; ... failed 
14:12:25 WARN  Aborted test due to FAILED outcome
14:12:25 INFO  
14:12:25 INFO  cleanup:
14:12:25 INFO  
14:12:25 INFO  Test duration: 1.06 secs
14:12:25 INFO  Test final outcome:  FAILED
14:12:25 INFO  Test outcome reason: Grep on /home/pi/actions-runner/_work/thin-edge.io/thin-edge.io/tests/PySys/plugin_docker/docker_plugin_install/Output/linux/docker_images.out does not contain &quot;registry&quot; failed with 2 matches, first is: &quot;registry            2.7.1               e8a56425636e        5 months ago        22.2MB&quot;
14:12:25 INFO  
</system-out>
	</testcase>
</testsuite>
