<?xml version="1.0" encoding="utf-8"?>
<testsuite failures="1" name="docker_plugin_remove" skipped="0" tests="1" time="0.92" timestamp="2022-04-19T14:12:26">
	<testcase classname="DockerPluginRemoveTest" name="docker_plugin_remove">
		<failure message="FAILED: Grep on /home/pi/actions-runner/_work/thin-edge.io/thin-edge.io/tests/PySys/plugin_docker/docker_plugin_remove/Output/linux/docker_images.out does not contain &quot;registry&quot; failed with 2 matches, first is: &quot;registry            2.7.1               e8a56425636e        5 months ago        22.2MB&quot;" type="FAILED"/>
		<system-out>14:12:26 INFO  ==============================================================
14:12:26 INFO  Id:    docker_plugin_remove
14:12:26 INFO  Dir:   plugin_docker/
14:12:26 INFO  Title: Validate docker plugin remove
14:12:26 INFO  ==============================================================
14:12:26 INFO  Executed sudo&lt;docker_images&gt;, exit status 0
14:12:26 WARN  Grep on /home/pi/actions-runner/_work/thin-edge.io/thin-edge.io/tests/PySys/plugin_docker/docker_plugin_remove/Output/linux/docker_images.out does not contain &quot;registry&quot; failed with 2 matches, first is: &quot;registry            2.7.1               e8a56425636e        5 months ago        22.2MB&quot; ... failed 
14:12:26 WARN  Aborted test due to FAILED outcome
14:12:26 INFO  
14:12:26 INFO  cleanup:
14:12:26 INFO  
14:12:26 INFO  Test duration: 0.92 secs
14:12:26 INFO  Test final outcome:  FAILED
14:12:26 INFO  Test outcome reason: Grep on /home/pi/actions-runner/_work/thin-edge.io/thin-edge.io/tests/PySys/plugin_docker/docker_plugin_remove/Output/linux/docker_images.out does not contain &quot;registry&quot; failed with 2 matches, first is: &quot;registry            2.7.1               e8a56425636e        5 months ago        22.2MB&quot;
14:12:26 INFO  
</system-out>
	</testcase>
</testsuite>
