<?xml version="1.0" encoding="utf-8"?>
<testsuite failures="1" name="SoftwareManagement.Plugin.apama_plugin_mon_support" skipped="0" tests="1" time="600.8" timestamp="2022-03-29T17:38:17">
	<testcase classname="ApamaPluginMonSupportTest" name="SoftwareManagement.Plugin.apama_plugin_mon_support">
		<failure message="BLOCKED: ProcessError: Error stopping process sudo&lt;unzip_apama_project&gt; (pid 19756) due to PermissionError: [Errno 1] Operation not permitted (+3 other failures)" type="BLOCKED"/>
		<system-out>17:28:16 INFO  ==============================================================
17:28:17 INFO  Id:    SoftwareManagement.Plugin.apama_plugin_mon_support
17:28:17 INFO  Dir:   plugin_apama/
17:28:17 INFO  Title: Validate mon file support of apama plugin
17:28:17 DEBUG Execution order hint: 0.0
17:28:17 INFO  ==============================================================
17:28:17 WARN  Assertion that path exists=False for &quot;/etc/tedge/apama/project&quot; ... failed 
17:28:17 DEBUG Process parameters for sudo&lt;create_project_dir&gt;
  command line : /usr/bin/sudo mkdir -p /etc/tedge/apama
    arg #1     : mkdir
    arg #2     : -p
    arg #3     : /etc/tedge/apama
  working dir  : /home/pi/actions-runner/_work/thin-edge.io/thin-edge.io/tests/PySys/plugin_apama/apama_plugin_mon_support/Output/linux
  stdout       : /home/pi/actions-runner/_work/thin-edge.io/thin-edge.io/tests/PySys/plugin_apama/apama_plugin_mon_support/Output/linux/create_project_dir.out
  stderr       : /home/pi/actions-runner/_work/thin-edge.io/thin-edge.io/tests/PySys/plugin_apama/apama_plugin_mon_support/Output/linux/create_project_dir.err
  environment  : LD_LIBRARY_PATH=/usr/lib
  environment  : PATH=/bin:/usr/bin:/usr/sbin:/usr/local/bin
                   #1  /bin
                   #2  /usr/bin
                   #3  /usr/sbin
                   #4  /usr/local/bin
17:28:17 DEBUG Waiting up to 600 secs for process sudo&lt;create_project_dir&gt; (pid 19753)
17:28:17 INFO  Executed sudo&lt;create_project_dir&gt;, exit status 0
17:28:17 DEBUG Process parameters for sudo&lt;unzip_apama_project&gt;
  command line : /usr/bin/sudo unzip /home/pi/actions-runner/_work/thin-edge.io/thin-edge.io/tests/PySys/plugin_apama/Input/quickstart.zip -d /tmp/tedge_apama_project
    arg #1     : unzip
    arg #2     : /home/pi/actions-runner/_work/thin-edge.io/thin-edge.io/tests/PySys/plugin_apama/Input/quickstart.zip
    arg #3     : -d
    arg #4     : /tmp/tedge_apama_project
  working dir  : /home/pi/actions-runner/_work/thin-edge.io/thin-edge.io/tests/PySys/plugin_apama/apama_plugin_mon_support/Output/linux
  stdout       : /home/pi/actions-runner/_work/thin-edge.io/thin-edge.io/tests/PySys/plugin_apama/apama_plugin_mon_support/Output/linux/unzip_apama_project.out
  stderr       : /home/pi/actions-runner/_work/thin-edge.io/thin-edge.io/tests/PySys/plugin_apama/apama_plugin_mon_support/Output/linux/unzip_apama_project.err
  environment  : LD_LIBRARY_PATH=/usr/lib
  environment  : PATH=/bin:/usr/bin:/usr/sbin:/usr/local/bin
                   #1  /bin
                   #2  /usr/bin
                   #3  /usr/sbin
                   #4  /usr/local/bin
17:28:17 DEBUG Waiting up to 600 secs for process sudo&lt;unzip_apama_project&gt; (pid 19756)
17:38:17 WARN  Process sudo&lt;unzip_apama_project&gt; (pid 19756) timed out after 600 seconds, stopping process
17:38:17 DEBUG Failed to stop process sudo&lt;unzip_apama_project&gt; (pid 19756): 
Traceback (most recent call last):
  File &quot;/home/pi/env-pysys/lib/python3.7/site-packages/pysys/process/user.py&quot;, line 465, in startProcess
    process.start()
  File &quot;/home/pi/env-pysys/lib/python3.7/site-packages/pysys/process/__init__.py&quot;, line 282, in start
    self.wait(self.timeout)
  File &quot;/home/pi/env-pysys/lib/python3.7/site-packages/pysys/process/__init__.py&quot;, line 263, in wait
    raise ProcessTimeout('Waiting for completion of %r timed out after %d seconds'%(self, int(timeout)))
pysys.exceptions.ProcessTimeout: Waiting for completion of sudo&lt;unzip_apama_project&gt; (pid 19756) timed out after 600 seconds

During handling of the above exception, another exception occurred:

Traceback (most recent call last):
  File &quot;/home/pi/env-pysys/lib/python3.7/site-packages/pysys/process/plat-unix/helper.py&quot;, line 226, in stop
    os.kill(self.pid, sig)
PermissionError: [Errno 1] Operation not permitted
17:38:17 WARN  ProcessError occurred while running test - Error stopping process sudo&lt;unzip_apama_project&gt; (pid 19756) due to PermissionError: [Errno 1] Operation not permitted
Traceback (most recent call last):
  File &quot;/home/pi/env-pysys/lib/python3.7/site-packages/pysys/process/user.py&quot;, line 465, in startProcess
    process.start()
  File &quot;/home/pi/env-pysys/lib/python3.7/site-packages/pysys/process/__init__.py&quot;, line 282, in start
    self.wait(self.timeout)
  File &quot;/home/pi/env-pysys/lib/python3.7/site-packages/pysys/process/__init__.py&quot;, line 263, in wait
    raise ProcessTimeout('Waiting for completion of %r timed out after %d seconds'%(self, int(timeout)))
pysys.exceptions.ProcessTimeout: Waiting for completion of sudo&lt;unzip_apama_project&gt; (pid 19756) timed out after 600 seconds

During handling of the above exception, another exception occurred:

Traceback (most recent call last):
  File &quot;/home/pi/env-pysys/lib/python3.7/site-packages/pysys/process/plat-unix/helper.py&quot;, line 226, in stop
    os.kill(self.pid, sig)
PermissionError: [Errno 1] Operation not permitted

During handling of the above exception, another exception occurred:

Traceback (most recent call last):
  File &quot;/home/pi/env-pysys/lib/python3.7/site-packages/pysys/baserunner.py&quot;, line 1292, in __call__
    self.testObj.setup()
  File &quot;/home/pi/actions-runner/_work/thin-edge.io/thin-edge.io/tests/PySys/plugin_apama/apama_plugin_mon_support/run.py&quot;, line 20, in setup
    self.install_project(self.project.apama_input_dir + &quot;/quickstart.zip&quot;)
  File &quot;/home/pi/actions-runner/_work/thin-edge.io/thin-edge.io/tests/PySys/plugin_apama/environment_apama_plugin.py&quot;, line 63, in install_project
    stdouterr=&quot;unzip_apama_project&quot;
  File &quot;/home/pi/env-pysys/lib/python3.7/site-packages/pysys/process/user.py&quot;, line 493, in startProcess
    process.stop()
  File &quot;/home/pi/env-pysys/lib/python3.7/site-packages/pysys/process/plat-unix/helper.py&quot;, line 252, in stop
    raise ProcessError(&quot;Error stopping process %r due to %s: %s&quot;%(self, type(ex).__name__, ex))
pysys.exceptions.ProcessError: Error stopping process sudo&lt;unzip_apama_project&gt; (pid 19756) due to PermissionError: [Errno 1] Operation not permitted
17:38:17 WARN  ProcessError: Error stopping process sudo&lt;unzip_apama_project&gt; (pid 19756) due to PermissionError: [Errno 1] Operation not permitted ... blocked 
17:38:17 DEBUG --- test cleanup
17:38:17 INFO  
17:38:17 INFO  cleanup:
17:38:17 DEBUG Running registered cleanup function: &lt;bound method ApamaPlugin.cleanup_project of &lt;ApamaPluginMonSupportTest object at 0x75fbf530&gt;&gt;
17:38:17 INFO  Removing apama project
17:38:17 DEBUG Process parameters for sudo&lt;remove_apama_project&gt;
  command line : /usr/bin/sudo rm -rf /etc/tedge/apama/project
    arg #1     : rm
    arg #2     : -rf
    arg #3     : /etc/tedge/apama/project
  working dir  : /home/pi/actions-runner/_work/thin-edge.io/thin-edge.io/tests/PySys/plugin_apama/apama_plugin_mon_support/Output/linux
  stdout       : /home/pi/actions-runner/_work/thin-edge.io/thin-edge.io/tests/PySys/plugin_apama/apama_plugin_mon_support/Output/linux/remove_apama_project.out
  stderr       : /home/pi/actions-runner/_work/thin-edge.io/thin-edge.io/tests/PySys/plugin_apama/apama_plugin_mon_support/Output/linux/remove_apama_project.err
  environment  : LD_LIBRARY_PATH=/usr/lib
  environment  : PATH=/bin:/usr/bin:/usr/sbin:/usr/local/bin
                   #1  /bin
                   #2  /usr/bin
                   #3  /usr/sbin
                   #4  /usr/local/bin
17:38:17 DEBUG Waiting up to 600 secs for process sudo&lt;remove_apama_project&gt; (pid 19975)
17:38:17 WARN  Executed sudo&lt;remove_apama_project&gt;, exit status 1
17:38:17 DEBUG Opening file using encoding=UTF-8: /home/pi/actions-runner/_work/thin-edge.io/thin-edge.io/tests/PySys/plugin_apama/apama_plugin_mon_support/Output/linux/remove_apama_project.err
17:38:17 INFO  Contents of remove_apama_project.err: 
  rm: cannot remove '/etc/tedge/apama/project/logs/.nfs0000000000062c4c00003aaa': Device or resource busy
  -----

17:38:17 ERROR Error while running cleanup function: 
Traceback (most recent call last):
  File &quot;/home/pi/env-pysys/lib/python3.7/site-packages/pysys/process/user.py&quot;, line 1305, in cleanup
    fn()
  File &quot;/home/pi/actions-runner/_work/thin-edge.io/thin-edge.io/tests/PySys/plugin_apama/environment_apama_plugin.py&quot;, line 136, in cleanup_project
    self.remove_project()
  File &quot;/home/pi/actions-runner/_work/thin-edge.io/thin-edge.io/tests/PySys/plugin_apama/environment_apama_plugin.py&quot;, line 89, in remove_project
    stdouterr=&quot;remove_apama_project&quot;
  File &quot;/home/pi/env-pysys/lib/python3.7/site-packages/pysys/process/user.py&quot;, line 482, in startProcess
    abortOnError=abortOnError)
  File &quot;/home/pi/env-pysys/lib/python3.7/site-packages/pysys/process/user.py&quot;, line 1401, in addOutcome
    self.abort(outcome, outcomeReason, callRecord)
  File &quot;/home/pi/env-pysys/lib/python3.7/site-packages/pysys/process/user.py&quot;, line 1420, in abort
    raise AbortExecution(outcome, outcomeReason, callRecord)
pysys.exceptions.AbortExecution: sudo&lt;remove_apama_project&gt; returned non-zero exit code 1
17:38:17 DEBUG ProcessUser cleanup function done.
17:38:17 WARN  Cleanup failed with 1 errors: Cleanup function failed: sudo&lt;remove_apama_project&gt; returned non-zero exit code 1 (AbortExecution) ... blocked 
17:38:17 INFO  
17:38:17 INFO  Test duration: 600.80 secs
17:38:17 INFO  Test final outcome:  BLOCKED
17:38:17 INFO  Test outcome reason: ProcessError: Error stopping process sudo&lt;unzip_apama_project&gt; (pid 19756) due to PermissionError: [Errno 1] Operation not permitted (+3 other failures)
17:38:17 INFO  
</system-out>
	</testcase>
</testsuite>
