<?xml version="1.0" encoding="utf-8"?>
<testsuite failures="1" name="call_tedge_-h_-V" skipped="0" tests="1" time="0.66" timestamp="2022-03-22T17:21:13">
	<testcase classname="PySysTest" name="call_tedge_-h_-V">
		<failure message="FAILED: Grep on tedge.out contains &quot;tedge 0.5&quot;" type="FAILED"/>
		<system-out>17:21:12 INFO  ==============================================================
17:21:12 INFO  Id:    call_tedge_-h_-V
17:21:12 INFO  Dir:   tedge/
17:21:12 INFO  Title: Validate command line option -h -V
17:21:12 DEBUG Execution order hint: 0.0
17:21:12 INFO  ==============================================================
17:21:12 DEBUG --- test execute
17:21:12 DEBUG Process parameters for tedge
  command line : /usr/bin/tedge -h -V
    arg #1     : -h
    arg #2     : -V
  working dir  : /home/pi/actions-runner/_work/thin-edge.io/thin-edge.io/tests/PySys/tedge/call_tedge_-h_-V/Output/linux
  stdout       : /home/pi/actions-runner/_work/thin-edge.io/thin-edge.io/tests/PySys/tedge/call_tedge_-h_-V/Output/linux/tedge.out
  stderr       : /home/pi/actions-runner/_work/thin-edge.io/thin-edge.io/tests/PySys/tedge/call_tedge_-h_-V/Output/linux/tedge.err
  environment  : LD_LIBRARY_PATH=/usr/lib
  environment  : PATH=/bin:/usr/bin:/usr/sbin:/usr/local/bin
                   #1  /bin
                   #2  /usr/bin
                   #3  /usr/sbin
                   #4  /usr/local/bin
17:21:12 DEBUG Waiting up to 600 secs for process tedge (pid 9595)
17:21:12 INFO  Executed tedge, exit status 0
17:21:12 DEBUG --- test validate
17:21:12 DEBUG Performing regex contains=True grep on file: /home/pi/actions-runner/_work/thin-edge.io/thin-edge.io/tests/PySys/tedge/call_tedge_-h_-V/Output/linux/tedge.out
17:21:13 WARN  Grep on tedge.out contains &quot;tedge 0.5&quot; ... failed [run.py:32]
17:21:13 DEBUG Performing regex contains=True grep on file: /home/pi/actions-runner/_work/thin-edge.io/thin-edge.io/tests/PySys/tedge/call_tedge_-h_-V/Output/linux/tedge.out
17:21:13 DEBUG Grep on input file tedge.out successfully matched expression &quot;USAGE:&quot; with line: 'USAGE:\n'
17:21:13 INFO  Grep on input file tedge.out ... passed
17:21:13 DEBUG --- test cleanup
17:21:13 DEBUG ProcessUser cleanup function done.
17:21:13 INFO  
17:21:13 INFO  Test duration: 0.66 secs
17:21:13 INFO  Test final outcome:  FAILED
17:21:13 INFO  Test outcome reason: Grep on tedge.out contains &quot;tedge 0.5&quot;
17:21:13 INFO  
</system-out>
	</testcase>
</testsuite>
