<?xml version="1.0" encoding="utf-8"?>
<testsuite failures="1" name="tedge_mapper_c8y_alarms" skipped="0" tests="1" time="17.88" timestamp="2022-03-16T06:03:16">
	<testcase classname="TedgeMapperC8yAlarm" name="tedge_mapper_c8y_alarms">
		<failure message="FAILED: Assert that (actual == expected) with actual=&quot;temperature_very_high&quot;, expected=&quot;temperature_dangerous&quot; (+5 other failures)" type="FAILED"/>
		<system-out>06:02:59 INFO  ==============================================================
06:02:59 INFO  Id:    tedge_mapper_c8y_alarms
06:02:59 INFO  Dir:   tedge_mapper_c8y/
06:02:59 INFO  Title: Validate that alarms sent to tedge/alarms topic \ gets mapped as alarms in Cumulocity
06:02:59 DEBUG Execution order hint: 0.0
06:02:59 INFO  ==============================================================
06:02:59 DEBUG EnvironmentC8y Setup
06:02:59 INFO  EnvironmentC8y Setup
06:02:59 DEBUG Process parameters for systemctl&lt;serv_mapper1&gt;
  command line : /usr/bin/systemctl status tedge-mapper-c8y
    arg #1     : status
    arg #2     : tedge-mapper-c8y
  working dir  : /home/pi/actions-runner/_work/thin-edge.io/thin-edge.io/tests/PySys/tedge_mapper_c8y/tedge_mapper_c8y_alarms/Output/linux
  stdout       : /home/pi/actions-runner/_work/thin-edge.io/thin-edge.io/tests/PySys/tedge_mapper_c8y/tedge_mapper_c8y_alarms/Output/linux/serv_mapper1.out
  stderr       : /home/pi/actions-runner/_work/thin-edge.io/thin-edge.io/tests/PySys/tedge_mapper_c8y/tedge_mapper_c8y_alarms/Output/linux/serv_mapper1.err
  environment  : LD_LIBRARY_PATH=/usr/lib
  environment  : PATH=/bin:/usr/bin:/usr/sbin:/usr/local/bin
                   #1  /bin
                   #2  /usr/bin
                   #3  /usr/sbin
                   #4  /usr/local/bin
06:02:59 DEBUG Waiting up to 600 secs for process systemctl&lt;serv_mapper1&gt; (pid 8408)
06:02:59 INFO  Executed systemctl&lt;serv_mapper1&gt;, exit status 3
06:02:59 DEBUG Process parameters for sudo&lt;tedge_connect_c8y&gt;
  command line : /usr/bin/sudo /usr/bin/tedge connect c8y
    arg #1     : /usr/bin/tedge
    arg #2     : connect
    arg #3     : c8y
  working dir  : /home/pi/actions-runner/_work/thin-edge.io/thin-edge.io/tests/PySys/tedge_mapper_c8y/tedge_mapper_c8y_alarms/Output/linux
  stdout       : /home/pi/actions-runner/_work/thin-edge.io/thin-edge.io/tests/PySys/tedge_mapper_c8y/tedge_mapper_c8y_alarms/Output/linux/tedge_connect_c8y.out
  stderr       : /home/pi/actions-runner/_work/thin-edge.io/thin-edge.io/tests/PySys/tedge_mapper_c8y/tedge_mapper_c8y_alarms/Output/linux/tedge_connect_c8y.err
  environment  : LD_LIBRARY_PATH=/usr/lib
  environment  : PATH=/bin:/usr/bin:/usr/sbin:/usr/local/bin
                   #1  /bin
                   #2  /usr/bin
                   #3  /usr/sbin
                   #4  /usr/local/bin
06:02:59 DEBUG Waiting up to 600 secs for process sudo&lt;tedge_connect_c8y&gt; (pid 8412)
06:03:09 INFO  Executed sudo&lt;tedge_connect_c8y&gt;, exit status 0
06:03:09 DEBUG Process parameters for sudo&lt;tedge_connect_c8y_test&gt;
  command line : /usr/bin/sudo /usr/bin/tedge connect c8y --test
    arg #1     : /usr/bin/tedge
    arg #2     : connect
    arg #3     : c8y
    arg #4     : --test
  working dir  : /home/pi/actions-runner/_work/thin-edge.io/thin-edge.io/tests/PySys/tedge_mapper_c8y/tedge_mapper_c8y_alarms/Output/linux
  stdout       : /home/pi/actions-runner/_work/thin-edge.io/thin-edge.io/tests/PySys/tedge_mapper_c8y/tedge_mapper_c8y_alarms/Output/linux/tedge_connect_c8y_test.out
  stderr       : /home/pi/actions-runner/_work/thin-edge.io/thin-edge.io/tests/PySys/tedge_mapper_c8y/tedge_mapper_c8y_alarms/Output/linux/tedge_connect_c8y_test.err
  environment  : LD_LIBRARY_PATH=/usr/lib
  environment  : PATH=/bin:/usr/bin:/usr/sbin:/usr/local/bin
                   #1  /bin
                   #2  /usr/bin
                   #3  /usr/sbin
                   #4  /usr/local/bin
06:03:09 DEBUG Waiting up to 600 secs for process sudo&lt;tedge_connect_c8y_test&gt; (pid 8516)
06:03:10 INFO  Executed sudo&lt;tedge_connect_c8y_test&gt;, exit status 0
06:03:10 DEBUG Process parameters for systemctl&lt;serv_mosq2&gt;
  command line : /usr/bin/systemctl status mosquitto
    arg #1     : status
    arg #2     : mosquitto
  working dir  : /home/pi/actions-runner/_work/thin-edge.io/thin-edge.io/tests/PySys/tedge_mapper_c8y/tedge_mapper_c8y_alarms/Output/linux
  stdout       : /home/pi/actions-runner/_work/thin-edge.io/thin-edge.io/tests/PySys/tedge_mapper_c8y/tedge_mapper_c8y_alarms/Output/linux/serv_mosq2.out
  stderr       : /home/pi/actions-runner/_work/thin-edge.io/thin-edge.io/tests/PySys/tedge_mapper_c8y/tedge_mapper_c8y_alarms/Output/linux/serv_mosq2.err
  environment  : LD_LIBRARY_PATH=/usr/lib
  environment  : PATH=/bin:/usr/bin:/usr/sbin:/usr/local/bin
                   #1  /bin
                   #2  /usr/bin
                   #3  /usr/sbin
                   #4  /usr/local/bin
06:03:10 DEBUG Waiting up to 600 secs for process systemctl&lt;serv_mosq2&gt; (pid 8520)
06:03:10 INFO  Executed systemctl&lt;serv_mosq2&gt;, exit status 0
06:03:10 DEBUG Process parameters for systemctl&lt;serv_mapper3&gt;
  command line : /usr/bin/systemctl status tedge-mapper-c8y
    arg #1     : status
    arg #2     : tedge-mapper-c8y
  working dir  : /home/pi/actions-runner/_work/thin-edge.io/thin-edge.io/tests/PySys/tedge_mapper_c8y/tedge_mapper_c8y_alarms/Output/linux
  stdout       : /home/pi/actions-runner/_work/thin-edge.io/thin-edge.io/tests/PySys/tedge_mapper_c8y/tedge_mapper_c8y_alarms/Output/linux/serv_mapper3.out
  stderr       : /home/pi/actions-runner/_work/thin-edge.io/thin-edge.io/tests/PySys/tedge_mapper_c8y/tedge_mapper_c8y_alarms/Output/linux/serv_mapper3.err
  environment  : LD_LIBRARY_PATH=/usr/lib
  environment  : PATH=/bin:/usr/bin:/usr/sbin:/usr/local/bin
                   #1  /bin
                   #2  /usr/bin
                   #3  /usr/sbin
                   #4  /usr/local/bin
06:03:10 DEBUG Waiting up to 600 secs for process systemctl&lt;serv_mapper3&gt; (pid 8521)
06:03:10 INFO  Executed systemctl&lt;serv_mapper3&gt;, exit status 0
06:03:10 DEBUG --- test execute
06:03:10 DEBUG Process parameters for tedge
  command line : /usr/bin/tedge mqtt pub -r tedge/alarms/warning/temperature_high '{&quot;text&quot;:&quot;temperature is high&quot;, &quot;time&quot;:&quot;2021-12-15T15:22:06.464247777+05:30&quot;}'
    arg #1     : mqtt
    arg #2     : pub
    arg #3     : -r
    arg #4     : tedge/alarms/warning/temperature_high
    arg #5     : {&quot;text&quot;:&quot;temperature is high&quot;, &quot;time&quot;:&quot;2021-12-15T15:22:06.464247777+05:30&quot;}
  working dir  : /home/pi/actions-runner/_work/thin-edge.io/thin-edge.io/tests/PySys/tedge_mapper_c8y/tedge_mapper_c8y_alarms/Output/linux
  stdout       : None
  stderr       : None
  environment  : HOME=/home/pi
06:03:10 DEBUG Waiting up to 600 secs for process tedge (pid 8522)
06:03:10 INFO  Executed tedge, exit status 0
06:03:10 DEBUG Process parameters for tedge
  command line : /usr/bin/tedge mqtt pub -r tedge/alarms/major/temperature_very_high '{&quot;text&quot;:&quot;temperature is very high&quot;}'
    arg #1     : mqtt
    arg #2     : pub
    arg #3     : -r
    arg #4     : tedge/alarms/major/temperature_very_high
    arg #5     : {&quot;text&quot;:&quot;temperature is very high&quot;}
  working dir  : /home/pi/actions-runner/_work/thin-edge.io/thin-edge.io/tests/PySys/tedge_mapper_c8y/tedge_mapper_c8y_alarms/Output/linux
  stdout       : None
  stderr       : None
  environment  : HOME=/home/pi
06:03:10 DEBUG Waiting up to 600 secs for process tedge (pid 8523)
06:03:11 INFO  Executed tedge, exit status 0
06:03:11 DEBUG Process parameters for tedge
  command line : /usr/bin/tedge mqtt pub -r tedge/alarms/critical/temperature_dangerous '{&quot;text&quot;:&quot;temperature is dangerously high&quot;}'
    arg #1     : mqtt
    arg #2     : pub
    arg #3     : -r
    arg #4     : tedge/alarms/critical/temperature_dangerous
    arg #5     : {&quot;text&quot;:&quot;temperature is dangerously high&quot;}
  working dir  : /home/pi/actions-runner/_work/thin-edge.io/thin-edge.io/tests/PySys/tedge_mapper_c8y/tedge_mapper_c8y_alarms/Output/linux
  stdout       : None
  stderr       : None
  environment  : HOME=/home/pi
06:03:11 DEBUG Waiting up to 600 secs for process tedge (pid 8525)
06:03:11 INFO  Executed tedge, exit status 0
06:03:11 DEBUG Process parameters for tedge
  command line : /usr/bin/tedge mqtt pub -r tedge/alarms/minor/temperature_low '{&quot;text&quot;:&quot;temperature low&quot;}'
    arg #1     : mqtt
    arg #2     : pub
    arg #3     : -r
    arg #4     : tedge/alarms/minor/temperature_low
    arg #5     : {&quot;text&quot;:&quot;temperature low&quot;}
  working dir  : /home/pi/actions-runner/_work/thin-edge.io/thin-edge.io/tests/PySys/tedge_mapper_c8y/tedge_mapper_c8y_alarms/Output/linux
  stdout       : None
  stderr       : None
  environment  : HOME=/home/pi
06:03:11 DEBUG Waiting up to 600 secs for process tedge (pid 8528)
06:03:11 INFO  Executed tedge, exit status 0
06:03:11 DEBUG Process parameters for tedge
  command line : /usr/bin/tedge mqtt pub -r tedge/alarms/minor/temperature_low ''
    arg #1     : mqtt
    arg #2     : pub
    arg #3     : -r
    arg #4     : tedge/alarms/minor/temperature_low
    arg #5     : 
  working dir  : /home/pi/actions-runner/_work/thin-edge.io/thin-edge.io/tests/PySys/tedge_mapper_c8y/tedge_mapper_c8y_alarms/Output/linux
  stdout       : None
  stderr       : None
  environment  : HOME=/home/pi
06:03:11 DEBUG Waiting up to 600 secs for process tedge (pid 8529)
06:03:11 INFO  Executed tedge, exit status 0
06:03:12 DEBUG --- test validate
06:03:13 INFO  {
    &quot;severity&quot;: &quot;MAJOR&quot;,
    &quot;creationTime&quot;: &quot;2022-03-16T06:03:11.376Z&quot;,
    &quot;count&quot;: 1,
    &quot;history&quot;: {
        &quot;auditRecords&quot;: [],
        &quot;self&quot;: &quot;https://t493319102.eu-latest.cumulocity.com/audit/auditRecords&quot;
    },
    &quot;source&quot;: {
        &quot;name&quot;: &quot;mythic_beasts_pi_all_jobs_sag&quot;,
        &quot;self&quot;: &quot;https://t493319102.eu-latest.cumulocity.com/inventory/managedObjects/15672876&quot;,
        &quot;id&quot;: &quot;15672876&quot;
    },
    &quot;type&quot;: &quot;temperature_very_high&quot;,
    &quot;lastUpdated&quot;: &quot;2022-03-16T06:03:11.376Z&quot;,
    &quot;self&quot;: &quot;https://t493319102.eu-latest.cumulocity.com/alarm/alarms/15676810&quot;,
    &quot;time&quot;: &quot;2022-03-16T06:03:11.283Z&quot;,
    &quot;id&quot;: &quot;15676810&quot;,
    &quot;text&quot;: &quot;temperature is very high&quot;,
    &quot;status&quot;: &quot;ACTIVE&quot;
}
06:03:13 WARN  Assert that (actual == expected) with actual=&quot;temperature_very_high&quot;, expected=&quot;temperature_dangerous&quot; ... failed [run.py:95,run.py:82]
06:03:13 INFO       actual: &quot;temperature_very_high&quot;
06:03:13 INFO     expected: &quot;temperature_dangerous&quot;
06:03:13 INFO                            ^
06:03:13 WARN  Assert that (actual == expected) with actual=&quot;MAJOR&quot;, expected=&quot;CRITICAL&quot; ... failed [run.py:97,run.py:82]
06:03:13 INFO       actual: &quot;MAJOR&quot;
06:03:13 INFO     expected: &quot;CRITICAL&quot;
06:03:13 INFO                ^
06:03:13 WARN  Assert that (actual == expected) with actual=&quot;temperature is very high&quot;, expected=&quot;temperature is dangerously high&quot; ... failed [run.py:99,run.py:82]
06:03:13 INFO       actual: &quot;temperature is very high&quot;
06:03:13 INFO     expected: &quot;temperature is dangerously high&quot;
06:03:13 INFO                               ^
06:03:13 INFO  {
    &quot;severity&quot;: &quot;CRITICAL&quot;,
    &quot;creationTime&quot;: &quot;2022-03-16T06:03:11.294Z&quot;,
    &quot;count&quot;: 1,
    &quot;history&quot;: {
        &quot;auditRecords&quot;: [],
        &quot;self&quot;: &quot;https://t493319102.eu-latest.cumulocity.com/audit/auditRecords&quot;
    },
    &quot;source&quot;: {
        &quot;name&quot;: &quot;mythic_beasts_pi_all_jobs_sag&quot;,
        &quot;self&quot;: &quot;https://t493319102.eu-latest.cumulocity.com/inventory/managedObjects/15672876&quot;,
        &quot;id&quot;: &quot;15672876&quot;
    },
    &quot;type&quot;: &quot;temperature_dangerous&quot;,
    &quot;lastUpdated&quot;: &quot;2022-03-16T06:03:11.294Z&quot;,
    &quot;self&quot;: &quot;https://t493319102.eu-latest.cumulocity.com/alarm/alarms/15676806&quot;,
    &quot;time&quot;: &quot;2022-03-16T06:03:11.283Z&quot;,
    &quot;id&quot;: &quot;15676806&quot;,
    &quot;text&quot;: &quot;temperature is dangerously high&quot;,
    &quot;status&quot;: &quot;ACTIVE&quot;
}
06:03:13 WARN  Assert that (actual == expected) with actual=&quot;temperature_dangerous&quot;, expected=&quot;temperature_very_high&quot; ... failed [run.py:95,run.py:84]
06:03:13 INFO       actual: &quot;temperature_dangerous&quot;
06:03:13 INFO     expected: &quot;temperature_very_high&quot;
06:03:13 INFO                            ^
06:03:13 WARN  Assert that (actual == expected) with actual=&quot;CRITICAL&quot;, expected=&quot;MAJOR&quot; ... failed [run.py:97,run.py:84]
06:03:13 INFO       actual: &quot;CRITICAL&quot;
06:03:13 INFO     expected: &quot;MAJOR&quot;
06:03:13 INFO                ^
06:03:13 WARN  Assert that (actual == expected) with actual=&quot;temperature is dangerously high&quot;, expected=&quot;temperature is very high&quot; ... failed [run.py:99,run.py:84]
06:03:13 INFO       actual: &quot;temperature is dangerously high&quot;
06:03:13 INFO     expected: &quot;temperature is very high&quot;
06:03:13 INFO                               ^
06:03:13 INFO  {
    &quot;severity&quot;: &quot;WARNING&quot;,
    &quot;creationTime&quot;: &quot;2022-03-16T06:03:11.338Z&quot;,
    &quot;count&quot;: 1,
    &quot;history&quot;: {
        &quot;auditRecords&quot;: [],
        &quot;self&quot;: &quot;https://t493319102.eu-latest.cumulocity.com/audit/auditRecords&quot;
    },
    &quot;source&quot;: {
        &quot;name&quot;: &quot;mythic_beasts_pi_all_jobs_sag&quot;,
        &quot;self&quot;: &quot;https://t493319102.eu-latest.cumulocity.com/inventory/managedObjects/15672876&quot;,
        &quot;id&quot;: &quot;15672876&quot;
    },
    &quot;type&quot;: &quot;temperature_high&quot;,
    &quot;lastUpdated&quot;: &quot;2022-03-16T06:03:11.338Z&quot;,
    &quot;self&quot;: &quot;https://t493319102.eu-latest.cumulocity.com/alarm/alarms/15676808&quot;,
    &quot;time&quot;: &quot;2021-12-15T15:22:06.464+05:30&quot;,
    &quot;id&quot;: &quot;15676808&quot;,
    &quot;text&quot;: &quot;temperature is high&quot;,
    &quot;status&quot;: &quot;ACTIVE&quot;
}
06:03:13 INFO  Assert that (actual == expected) with actual=&quot;temperature_high&quot;, expected=&quot;temperature_high&quot; ... passed
06:03:13 INFO  Assert that (actual == expected) with actual=&quot;WARNING&quot;, expected=&quot;WARNING&quot; ... passed
06:03:13 INFO  Assert that (actual == expected) with actual=&quot;temperature is high&quot;, expected=&quot;temperature is high&quot; ... passed
06:03:13 INFO  Assert that (actual == expected) with actual=&quot;temperature_high&quot;, expected=&quot;temperature_high&quot; ... passed
06:03:13 DEBUG --- test cleanup
06:03:13 INFO  
06:03:13 INFO  cleanup:
06:03:13 DEBUG Running registered cleanup function: &lt;bound method TedgeMapperC8yAlarm.test_cleanup of &lt;TedgeMapperC8yAlarm object at 0x75c26f70&gt;&gt;
06:03:13 DEBUG Process parameters for tedge
  command line : /usr/bin/tedge mqtt pub -r tedge/alarms/warning/temperature_high ''
    arg #1     : mqtt
    arg #2     : pub
    arg #3     : -r
    arg #4     : tedge/alarms/warning/temperature_high
    arg #5     : 
  working dir  : /home/pi/actions-runner/_work/thin-edge.io/thin-edge.io/tests/PySys/tedge_mapper_c8y/tedge_mapper_c8y_alarms/Output/linux
  stdout       : None
  stderr       : None
  environment  : LD_LIBRARY_PATH=/usr/lib
  environment  : PATH=/bin:/usr/bin:/usr/sbin:/usr/local/bin
                   #1  /bin
                   #2  /usr/bin
                   #3  /usr/sbin
                   #4  /usr/local/bin
06:03:13 DEBUG Waiting up to 600 secs for process tedge (pid 8530)
06:03:13 INFO  Executed tedge, exit status 0
06:03:13 DEBUG Process parameters for tedge
  command line : /usr/bin/tedge mqtt pub -r tedge/alarms/major/temperature_very_high ''
    arg #1     : mqtt
    arg #2     : pub
    arg #3     : -r
    arg #4     : tedge/alarms/major/temperature_very_high
    arg #5     : 
  working dir  : /home/pi/actions-runner/_work/thin-edge.io/thin-edge.io/tests/PySys/tedge_mapper_c8y/tedge_mapper_c8y_alarms/Output/linux
  stdout       : None
  stderr       : None
  environment  : LD_LIBRARY_PATH=/usr/lib
  environment  : PATH=/bin:/usr/bin:/usr/sbin:/usr/local/bin
                   #1  /bin
                   #2  /usr/bin
                   #3  /usr/sbin
                   #4  /usr/local/bin
06:03:13 DEBUG Waiting up to 600 secs for process tedge (pid 8531)
06:03:13 INFO  Executed tedge, exit status 0
06:03:13 DEBUG Process parameters for tedge
  command line : /usr/bin/tedge mqtt pub -r tedge/alarms/critical/temperature_dangerous ''
    arg #1     : mqtt
    arg #2     : pub
    arg #3     : -r
    arg #4     : tedge/alarms/critical/temperature_dangerous
    arg #5     : 
  working dir  : /home/pi/actions-runner/_work/thin-edge.io/thin-edge.io/tests/PySys/tedge_mapper_c8y/tedge_mapper_c8y_alarms/Output/linux
  stdout       : None
  stderr       : None
  environment  : LD_LIBRARY_PATH=/usr/lib
  environment  : PATH=/bin:/usr/bin:/usr/sbin:/usr/local/bin
                   #1  /bin
                   #2  /usr/bin
                   #3  /usr/sbin
                   #4  /usr/local/bin
06:03:13 DEBUG Waiting up to 600 secs for process tedge (pid 8532)
06:03:13 INFO  Executed tedge, exit status 0
06:03:14 DEBUG Running registered cleanup function: &lt;bound method EnvironmentC8y.myenvcleanup of &lt;TedgeMapperC8yAlarm object at 0x75c26f70&gt;&gt;
06:03:14 DEBUG EnvironmentC8y Cleanup
06:03:14 DEBUG Process parameters for sudo&lt;tedge_disconnect_c8y&gt;
  command line : /usr/bin/sudo /usr/bin/tedge disconnect c8y
    arg #1     : /usr/bin/tedge
    arg #2     : disconnect
    arg #3     : c8y
  working dir  : /home/pi/actions-runner/_work/thin-edge.io/thin-edge.io/tests/PySys/tedge_mapper_c8y/tedge_mapper_c8y_alarms/Output/linux
  stdout       : /home/pi/actions-runner/_work/thin-edge.io/thin-edge.io/tests/PySys/tedge_mapper_c8y/tedge_mapper_c8y_alarms/Output/linux/tedge_disconnect_c8y.out
  stderr       : /home/pi/actions-runner/_work/thin-edge.io/thin-edge.io/tests/PySys/tedge_mapper_c8y/tedge_mapper_c8y_alarms/Output/linux/tedge_disconnect_c8y.err
  environment  : LD_LIBRARY_PATH=/usr/lib
  environment  : PATH=/bin:/usr/bin:/usr/sbin:/usr/local/bin
                   #1  /bin
                   #2  /usr/bin
                   #3  /usr/sbin
                   #4  /usr/local/bin
06:03:14 DEBUG Waiting up to 600 secs for process sudo&lt;tedge_disconnect_c8y&gt; (pid 8536)
06:03:16 INFO  Executed sudo&lt;tedge_disconnect_c8y&gt;, exit status 0
06:03:16 DEBUG Process parameters for systemctl&lt;serv_mapper5&gt;
  command line : /usr/bin/systemctl status tedge-mapper-c8y
    arg #1     : status
    arg #2     : tedge-mapper-c8y
  working dir  : /home/pi/actions-runner/_work/thin-edge.io/thin-edge.io/tests/PySys/tedge_mapper_c8y/tedge_mapper_c8y_alarms/Output/linux
  stdout       : /home/pi/actions-runner/_work/thin-edge.io/thin-edge.io/tests/PySys/tedge_mapper_c8y/tedge_mapper_c8y_alarms/Output/linux/serv_mapper5.out
  stderr       : /home/pi/actions-runner/_work/thin-edge.io/thin-edge.io/tests/PySys/tedge_mapper_c8y/tedge_mapper_c8y_alarms/Output/linux/serv_mapper5.err
  environment  : LD_LIBRARY_PATH=/usr/lib
  environment  : PATH=/bin:/usr/bin:/usr/sbin:/usr/local/bin
                   #1  /bin
                   #2  /usr/bin
                   #3  /usr/sbin
                   #4  /usr/local/bin
06:03:16 DEBUG Waiting up to 600 secs for process systemctl&lt;serv_mapper5&gt; (pid 8575)
06:03:16 INFO  Executed systemctl&lt;serv_mapper5&gt;, exit status 3
06:03:16 DEBUG ProcessUser cleanup function done.
06:03:16 INFO  
06:03:16 INFO  Test duration: 17.88 secs
06:03:16 INFO  Test final outcome:  FAILED
06:03:16 INFO  Test outcome reason: Assert that (actual == expected) with actual=&quot;temperature_very_high&quot;, expected=&quot;temperature_dangerous&quot; (+5 other failures)
06:03:16 INFO  
</system-out>
	</testcase>
</testsuite>
