2022-04-19 14:12:23,967 INFO  ==============================================================
2022-04-19 14:12:23,968 INFO  Id:    docker_plugin_install
2022-04-19 14:12:23,970 INFO  Dir:   plugin_docker/
2022-04-19 14:12:23,971 INFO  Title: Validate docker plugin install
2022-04-19 14:12:23,972 INFO  ==============================================================
2022-04-19 14:12:24,955 INFO  Executed sudo<docker_images>, exit status 0
2022-04-19 14:12:25,007 WARN  Grep on /home/pi/actions-runner/_work/thin-edge.io/thin-edge.io/tests/PySys/plugin_docker/docker_plugin_install/Output/linux/docker_images.out does not contain "registry" failed with 2 matches, first is: "registry            2.7.1               e8a56425636e        5 months ago        22.2MB" ... failed 
2022-04-19 14:12:25,008 WARN  Aborted test due to FAILED outcome
2022-04-19 14:12:25,013 INFO  
2022-04-19 14:12:25,014 INFO  cleanup:
2022-04-19 14:12:25,017 INFO  
2022-04-19 14:12:25,017 INFO  Test duration: 1.06 secs
2022-04-19 14:12:25,018 INFO  Test final outcome:  FAILED
2022-04-19 14:12:25,019 INFO  Test outcome reason: Grep on /home/pi/actions-runner/_work/thin-edge.io/thin-edge.io/tests/PySys/plugin_docker/docker_plugin_install/Output/linux/docker_images.out does not contain "registry" failed with 2 matches, first is: "registry            2.7.1               e8a56425636e        5 months ago        22.2MB"
2022-04-19 14:12:25,020 INFO  
