2022-04-07 17:21:25,996 INFO  ==============================================================
2022-04-07 17:21:25,997 INFO  Id:    SoftwareManagement.Plugin.apama_plugin_remove
2022-04-07 17:21:25,998 INFO  Dir:   plugin_apama/
2022-04-07 17:21:25,999 INFO  Title: Validate apama plugin remove
2022-04-07 17:21:26,000 DEBUG Execution order hint: 0.0
2022-04-07 17:21:26,001 INFO  ==============================================================
2022-04-07 17:21:26,055 WARN  Assertion that path exists=False for "/etc/tedge/apama/project" ... failed 
2022-04-07 17:21:26,056 WARN  Aborted test due to FAILED outcome
2022-04-07 17:21:26,061 DEBUG --- test cleanup
2022-04-07 17:21:26,062 INFO  
2022-04-07 17:21:26,063 INFO  cleanup:
2022-04-07 17:21:26,064 DEBUG Running registered cleanup function: <bound method ApamaPlugin.cleanup_project of <ApamaPluginRemoveTest object at 0x760829b0>>
2022-04-07 17:21:26,065 INFO  Removing apama project
2022-04-07 17:21:26,066 DEBUG Process parameters for sudo<remove_apama_project>
  command line : /usr/bin/sudo rm -rf /etc/tedge/apama/project
    arg #1     : rm
    arg #2     : -rf
    arg #3     : /etc/tedge/apama/project
  working dir  : /home/pi/actions-runner/_work/thin-edge.io/thin-edge.io/tests/PySys/plugin_apama/apama_plugin_remove/Output/linux
  stdout       : /home/pi/actions-runner/_work/thin-edge.io/thin-edge.io/tests/PySys/plugin_apama/apama_plugin_remove/Output/linux/remove_apama_project.out
  stderr       : /home/pi/actions-runner/_work/thin-edge.io/thin-edge.io/tests/PySys/plugin_apama/apama_plugin_remove/Output/linux/remove_apama_project.err
  environment  : LD_LIBRARY_PATH=/usr/lib
  environment  : PATH=/bin:/usr/bin:/usr/sbin:/usr/local/bin
                   #1  /bin
                   #2  /usr/bin
                   #3  /usr/sbin
                   #4  /usr/local/bin
2022-04-07 17:21:26,073 DEBUG Waiting up to 600 secs for process sudo<remove_apama_project> (pid 13539)
2022-04-07 17:21:26,581 WARN  Executed sudo<remove_apama_project>, exit status 1
2022-04-07 17:21:26,583 DEBUG Opening file using encoding=UTF-8: /home/pi/actions-runner/_work/thin-edge.io/thin-edge.io/tests/PySys/plugin_apama/apama_plugin_remove/Output/linux/remove_apama_project.err
2022-04-07 17:21:26,586 INFO  Contents of remove_apama_project.err: 
2022-04-07 17:21:26,587 INFO    rm: cannot remove '/etc/tedge/apama/project/logs/.nfs00000000001c1694000088d8': Device or resource busy
2022-04-07 17:21:26,588 INFO    -----
2022-04-07 17:21:26,588 INFO  
2022-04-07 17:21:26,625 ERROR Error while running cleanup function: 
Traceback (most recent call last):
  File "/home/pi/env-pysys/lib/python3.7/site-packages/pysys/process/user.py", line 1305, in cleanup
    fn()
  File "/home/pi/actions-runner/_work/thin-edge.io/thin-edge.io/tests/PySys/plugin_apama/environment_apama_plugin.py", line 144, in cleanup_project
    self.remove_project()
  File "/home/pi/actions-runner/_work/thin-edge.io/thin-edge.io/tests/PySys/plugin_apama/environment_apama_plugin.py", line 95, in remove_project
    stdouterr="remove_apama_project",
  File "/home/pi/env-pysys/lib/python3.7/site-packages/pysys/process/user.py", line 482, in startProcess
    abortOnError=abortOnError)
  File "/home/pi/env-pysys/lib/python3.7/site-packages/pysys/process/user.py", line 1401, in addOutcome
    self.abort(outcome, outcomeReason, callRecord)
  File "/home/pi/env-pysys/lib/python3.7/site-packages/pysys/process/user.py", line 1420, in abort
    raise AbortExecution(outcome, outcomeReason, callRecord)
pysys.exceptions.AbortExecution: sudo<remove_apama_project> returned non-zero exit code 1
2022-04-07 17:21:26,634 DEBUG ProcessUser cleanup function done.
2022-04-07 17:21:26,648 WARN  Cleanup failed with 1 errors: Cleanup function failed: sudo<remove_apama_project> returned non-zero exit code 1 (AbortExecution) ... blocked 
2022-04-07 17:21:26,652 INFO  
2022-04-07 17:21:26,654 INFO  Test duration: 0.66 secs
2022-04-07 17:21:26,655 INFO  Test final outcome:  BLOCKED
2022-04-07 17:21:26,657 INFO  Test outcome reason: sudo<remove_apama_project> returned non-zero exit code 1 (+2 other failures)
2022-04-07 17:21:26,658 INFO  
