<?xml version='1.0' encoding='utf-8'?>
<testsuites tests="388" failures="11" errors="0" skipped="192" time="0.0"><testsuite name="SoftwareManagement.Plugin.apama_plugin_install" tests="4" errors="0" failures="0" skipped="4" time="0"><testcase classname="ApamaPluginInstallTest" name="SoftwareManagement.Plugin.apama_plugin_install">
		<skipped message="SKIPPED: Apama plugin tests are disabled by default. Execute `pysys run` with `-XmyPlatform=container` to run these tests" />
		<system-out>07:45:30 INFO  ==============================================================
07:45:30 INFO  Id:    SoftwareManagement.Plugin.apama_plugin_install
07:45:30 INFO  Dir:   plugin_apama/
07:45:30 INFO  Title: Validate apama plugin install
07:45:30 INFO  ==============================================================
07:45:30 INFO  Apama plugin tests are disabled by default. Execute `pysys run` with `-XmyPlatform=container` to run these tests ... skipped
07:45:30 WARN  Aborted test due to SKIPPED outcome
07:45:30 INFO  
07:45:30 INFO  Test duration: 0.04 secs
07:45:30 INFO  Test final outcome:  SKIPPED
07:45:30 INFO  Test outcome reason: Apama plugin tests are disabled by default. Execute `pysys run` with `-XmyPlatform=container` to run these tests
07:45:30 INFO  
</system-out>
	</testcase>
<testcase classname="ApamaPluginInstallTest" name="SoftwareManagement.Plugin.apama_plugin_install">
		<skipped message="SKIPPED: Apama plugin tests are disabled by default. Execute `pysys run` with `-XmyPlatform=container` to run these tests" />
		<system-out>07:45:13 INFO  ==============================================================
07:45:13 INFO  Id:    SoftwareManagement.Plugin.apama_plugin_install
07:45:13 INFO  Dir:   plugin_apama/
07:45:13 INFO  Title: Validate apama plugin install
07:45:13 INFO  ==============================================================
07:45:13 INFO  Apama plugin tests are disabled by default. Execute `pysys run` with `-XmyPlatform=container` to run these tests ... skipped
07:45:13 WARN  Aborted test due to SKIPPED outcome
07:45:13 INFO  
07:45:13 INFO  Test duration: 0.04 secs
07:45:13 INFO  Test final outcome:  SKIPPED
07:45:13 INFO  Test outcome reason: Apama plugin tests are disabled by default. Execute `pysys run` with `-XmyPlatform=container` to run these tests
07:45:13 INFO  
</system-out>
	</testcase>
<testcase classname="ApamaPluginInstallTest" name="SoftwareManagement.Plugin.apama_plugin_install">
		<skipped message="SKIPPED: Apama plugin tests are disabled by default. Execute `pysys run` with `-XmyPlatform=container` to run these tests" />
		<system-out>07:45:12 INFO  ==============================================================
07:45:12 INFO  Id:    SoftwareManagement.Plugin.apama_plugin_install
07:45:12 INFO  Dir:   plugin_apama/
07:45:12 INFO  Title: Validate apama plugin install
07:45:12 INFO  ==============================================================
07:45:12 INFO  Apama plugin tests are disabled by default. Execute `pysys run` with `-XmyPlatform=container` to run these tests ... skipped
07:45:12 WARN  Aborted test due to SKIPPED outcome
07:45:12 INFO  
07:45:12 INFO  Test duration: 0.04 secs
07:45:12 INFO  Test final outcome:  SKIPPED
07:45:12 INFO  Test outcome reason: Apama plugin tests are disabled by default. Execute `pysys run` with `-XmyPlatform=container` to run these tests
07:45:12 INFO  
</system-out>
	</testcase>
<testcase classname="ApamaPluginInstallTest" name="SoftwareManagement.Plugin.apama_plugin_install">
		<skipped message="SKIPPED: Apama plugin tests are disabled by default. Execute `pysys run` with `-XmyPlatform=container` to run these tests" />
		<system-out>07:45:28 INFO  ==============================================================
07:45:28 INFO  Id:    SoftwareManagement.Plugin.apama_plugin_install
07:45:28 INFO  Dir:   plugin_apama/
07:45:28 INFO  Title: Validate apama plugin install
07:45:28 INFO  ==============================================================
07:45:28 INFO  Apama plugin tests are disabled by default. Execute `pysys run` with `-XmyPlatform=container` to run these tests ... skipped
07:45:28 WARN  Aborted test due to SKIPPED outcome
07:45:28 INFO  
07:45:28 INFO  Test duration: 0.05 secs
07:45:28 INFO  Test final outcome:  SKIPPED
07:45:28 INFO  Test outcome reason: Apama plugin tests are disabled by default. Execute `pysys run` with `-XmyPlatform=container` to run these tests
07:45:28 INFO  
</system-out>
	</testcase>
</testsuite><testsuite name="SoftwareManagement.Plugin.apama_plugin_mon_support" tests="4" errors="0" failures="0" skipped="4" time="0"><testcase classname="ApamaPluginMonSupportTest" name="SoftwareManagement.Plugin.apama_plugin_mon_support">
		<skipped message="SKIPPED: Apama plugin tests are disabled by default. Execute `pysys run` with `-XmyPlatform=container` to run these tests" />
		<system-out>07:45:30 INFO  ==============================================================
07:45:30 INFO  Id:    SoftwareManagement.Plugin.apama_plugin_mon_support
07:45:30 INFO  Dir:   plugin_apama/
07:45:30 INFO  Title: Validate mon file support of apama plugin
07:45:30 INFO  ==============================================================
07:45:30 INFO  Apama plugin tests are disabled by default. Execute `pysys run` with `-XmyPlatform=container` to run these tests ... skipped
07:45:30 WARN  Aborted test due to SKIPPED outcome
07:45:30 INFO  
07:45:30 INFO  Test duration: 0.03 secs
07:45:30 INFO  Test final outcome:  SKIPPED
07:45:30 INFO  Test outcome reason: Apama plugin tests are disabled by default. Execute `pysys run` with `-XmyPlatform=container` to run these tests
07:45:30 INFO  
</system-out>
	</testcase>
<testcase classname="ApamaPluginMonSupportTest" name="SoftwareManagement.Plugin.apama_plugin_mon_support">
		<skipped message="SKIPPED: Apama plugin tests are disabled by default. Execute `pysys run` with `-XmyPlatform=container` to run these tests" />
		<system-out>07:45:13 INFO  ==============================================================
07:45:13 INFO  Id:    SoftwareManagement.Plugin.apama_plugin_mon_support
07:45:13 INFO  Dir:   plugin_apama/
07:45:13 INFO  Title: Validate mon file support of apama plugin
07:45:13 INFO  ==============================================================
07:45:13 INFO  Apama plugin tests are disabled by default. Execute `pysys run` with `-XmyPlatform=container` to run these tests ... skipped
07:45:13 WARN  Aborted test due to SKIPPED outcome
07:45:13 INFO  
07:45:13 INFO  Test duration: 0.02 secs
07:45:13 INFO  Test final outcome:  SKIPPED
07:45:13 INFO  Test outcome reason: Apama plugin tests are disabled by default. Execute `pysys run` with `-XmyPlatform=container` to run these tests
07:45:13 INFO  
</system-out>
	</testcase>
<testcase classname="ApamaPluginMonSupportTest" name="SoftwareManagement.Plugin.apama_plugin_mon_support">
		<skipped message="SKIPPED: Apama plugin tests are disabled by default. Execute `pysys run` with `-XmyPlatform=container` to run these tests" />
		<system-out>07:45:12 INFO  ==============================================================
07:45:12 INFO  Id:    SoftwareManagement.Plugin.apama_plugin_mon_support
07:45:12 INFO  Dir:   plugin_apama/
07:45:12 INFO  Title: Validate mon file support of apama plugin
07:45:12 INFO  ==============================================================
07:45:12 INFO  Apama plugin tests are disabled by default. Execute `pysys run` with `-XmyPlatform=container` to run these tests ... skipped
07:45:12 WARN  Aborted test due to SKIPPED outcome
07:45:12 INFO  
07:45:12 INFO  Test duration: 0.03 secs
07:45:12 INFO  Test final outcome:  SKIPPED
07:45:12 INFO  Test outcome reason: Apama plugin tests are disabled by default. Execute `pysys run` with `-XmyPlatform=container` to run these tests
07:45:12 INFO  
</system-out>
	</testcase>
<testcase classname="ApamaPluginMonSupportTest" name="SoftwareManagement.Plugin.apama_plugin_mon_support">
		<skipped message="SKIPPED: Apama plugin tests are disabled by default. Execute `pysys run` with `-XmyPlatform=container` to run these tests" />
		<system-out>07:45:28 INFO  ==============================================================
07:45:28 INFO  Id:    SoftwareManagement.Plugin.apama_plugin_mon_support
07:45:28 INFO  Dir:   plugin_apama/
07:45:28 INFO  Title: Validate mon file support of apama plugin
07:45:28 INFO  ==============================================================
07:45:28 INFO  Apama plugin tests are disabled by default. Execute `pysys run` with `-XmyPlatform=container` to run these tests ... skipped
07:45:28 WARN  Aborted test due to SKIPPED outcome
07:45:28 INFO  
07:45:28 INFO  Test duration: 0.02 secs
07:45:28 INFO  Test final outcome:  SKIPPED
07:45:28 INFO  Test outcome reason: Apama plugin tests are disabled by default. Execute `pysys run` with `-XmyPlatform=container` to run these tests
07:45:28 INFO  
</system-out>
	</testcase>
</testsuite><testsuite name="SoftwareManagement.Plugin.apama_plugin_remove" tests="4" errors="0" failures="0" skipped="4" time="0"><testcase classname="ApamaPluginRemoveTest" name="SoftwareManagement.Plugin.apama_plugin_remove">
		<skipped message="SKIPPED: Apama plugin tests are disabled by default. Execute `pysys run` with `-XmyPlatform=container` to run these tests" />
		<system-out>07:45:30 INFO  ==============================================================
07:45:30 INFO  Id:    SoftwareManagement.Plugin.apama_plugin_remove
07:45:30 INFO  Dir:   plugin_apama/
07:45:30 INFO  Title: Validate apama plugin remove
07:45:30 INFO  ==============================================================
07:45:30 INFO  Apama plugin tests are disabled by default. Execute `pysys run` with `-XmyPlatform=container` to run these tests ... skipped
07:45:30 WARN  Aborted test due to SKIPPED outcome
07:45:30 INFO  
07:45:30 INFO  Test duration: 0.02 secs
07:45:30 INFO  Test final outcome:  SKIPPED
07:45:31 INFO  Test outcome reason: Apama plugin tests are disabled by default. Execute `pysys run` with `-XmyPlatform=container` to run these tests
07:45:31 INFO  
</system-out>
	</testcase>
<testcase classname="ApamaPluginRemoveTest" name="SoftwareManagement.Plugin.apama_plugin_remove">
		<skipped message="SKIPPED: Apama plugin tests are disabled by default. Execute `pysys run` with `-XmyPlatform=container` to run these tests" />
		<system-out>07:45:13 INFO  ==============================================================
07:45:13 INFO  Id:    SoftwareManagement.Plugin.apama_plugin_remove
07:45:13 INFO  Dir:   plugin_apama/
07:45:13 INFO  Title: Validate apama plugin remove
07:45:13 INFO  ==============================================================
07:45:13 INFO  Apama plugin tests are disabled by default. Execute `pysys run` with `-XmyPlatform=container` to run these tests ... skipped
07:45:13 WARN  Aborted test due to SKIPPED outcome
07:45:13 INFO  
07:45:13 INFO  Test duration: 0.03 secs
07:45:13 INFO  Test final outcome:  SKIPPED
07:45:13 INFO  Test outcome reason: Apama plugin tests are disabled by default. Execute `pysys run` with `-XmyPlatform=container` to run these tests
07:45:13 INFO  
</system-out>
	</testcase>
<testcase classname="ApamaPluginRemoveTest" name="SoftwareManagement.Plugin.apama_plugin_remove">
		<skipped message="SKIPPED: Apama plugin tests are disabled by default. Execute `pysys run` with `-XmyPlatform=container` to run these tests" />
		<system-out>07:45:12 INFO  ==============================================================
07:45:12 INFO  Id:    SoftwareManagement.Plugin.apama_plugin_remove
07:45:12 INFO  Dir:   plugin_apama/
07:45:12 INFO  Title: Validate apama plugin remove
07:45:12 INFO  ==============================================================
07:45:12 INFO  Apama plugin tests are disabled by default. Execute `pysys run` with `-XmyPlatform=container` to run these tests ... skipped
07:45:12 WARN  Aborted test due to SKIPPED outcome
07:45:12 INFO  
07:45:12 INFO  Test duration: 0.02 secs
07:45:12 INFO  Test final outcome:  SKIPPED
07:45:12 INFO  Test outcome reason: Apama plugin tests are disabled by default. Execute `pysys run` with `-XmyPlatform=container` to run these tests
07:45:12 INFO  
</system-out>
	</testcase>
<testcase classname="ApamaPluginRemoveTest" name="SoftwareManagement.Plugin.apama_plugin_remove">
		<skipped message="SKIPPED: Apama plugin tests are disabled by default. Execute `pysys run` with `-XmyPlatform=container` to run these tests" />
		<system-out>07:45:28 INFO  ==============================================================
07:45:28 INFO  Id:    SoftwareManagement.Plugin.apama_plugin_remove
07:45:28 INFO  Dir:   plugin_apama/
07:45:28 INFO  Title: Validate apama plugin remove
07:45:28 INFO  ==============================================================
07:45:28 INFO  Apama plugin tests are disabled by default. Execute `pysys run` with `-XmyPlatform=container` to run these tests ... skipped
07:45:28 WARN  Aborted test due to SKIPPED outcome
07:45:28 INFO  
07:45:28 INFO  Test duration: 0.02 secs
07:45:28 INFO  Test final outcome:  SKIPPED
07:45:28 INFO  Test outcome reason: Apama plugin tests are disabled by default. Execute `pysys run` with `-XmyPlatform=container` to run these tests
07:45:28 INFO  
</system-out>
	</testcase>
</testsuite><testsuite name="SoftwareManagement.Plugin.apama_plugin_update" tests="4" errors="0" failures="0" skipped="4" time="0"><testcase classname="ApamaPluginUpdateTest" name="SoftwareManagement.Plugin.apama_plugin_update">
		<skipped message="SKIPPED: Apama plugin tests are disabled by default. Execute `pysys run` with `-XmyPlatform=container` to run these tests" />
		<system-out>07:45:31 INFO  ==============================================================
07:45:31 INFO  Id:    SoftwareManagement.Plugin.apama_plugin_update
07:45:31 INFO  Dir:   plugin_apama/
07:45:31 INFO  Title: Validate apama plugin updating one project with another
07:45:31 INFO  ==============================================================
07:45:31 INFO  Apama plugin tests are disabled by default. Execute `pysys run` with `-XmyPlatform=container` to run these tests ... skipped
07:45:31 WARN  Aborted test due to SKIPPED outcome
07:45:31 INFO  
07:45:31 INFO  Test duration: 0.02 secs
07:45:31 INFO  Test final outcome:  SKIPPED
07:45:31 INFO  Test outcome reason: Apama plugin tests are disabled by default. Execute `pysys run` with `-XmyPlatform=container` to run these tests
07:45:31 INFO  
</system-out>
	</testcase>
<testcase classname="ApamaPluginUpdateTest" name="SoftwareManagement.Plugin.apama_plugin_update">
		<skipped message="SKIPPED: Apama plugin tests are disabled by default. Execute `pysys run` with `-XmyPlatform=container` to run these tests" />
		<system-out>07:45:14 INFO  ==============================================================
07:45:14 INFO  Id:    SoftwareManagement.Plugin.apama_plugin_update
07:45:14 INFO  Dir:   plugin_apama/
07:45:14 INFO  Title: Validate apama plugin updating one project with another
07:45:14 INFO  ==============================================================
07:45:14 INFO  Apama plugin tests are disabled by default. Execute `pysys run` with `-XmyPlatform=container` to run these tests ... skipped
07:45:14 WARN  Aborted test due to SKIPPED outcome
07:45:14 INFO  
07:45:14 INFO  Test duration: 0.02 secs
07:45:14 INFO  Test final outcome:  SKIPPED
07:45:14 INFO  Test outcome reason: Apama plugin tests are disabled by default. Execute `pysys run` with `-XmyPlatform=container` to run these tests
07:45:14 INFO  
</system-out>
	</testcase>
<testcase classname="ApamaPluginUpdateTest" name="SoftwareManagement.Plugin.apama_plugin_update">
		<skipped message="SKIPPED: Apama plugin tests are disabled by default. Execute `pysys run` with `-XmyPlatform=container` to run these tests" />
		<system-out>07:45:12 INFO  ==============================================================
07:45:12 INFO  Id:    SoftwareManagement.Plugin.apama_plugin_update
07:45:12 INFO  Dir:   plugin_apama/
07:45:12 INFO  Title: Validate apama plugin updating one project with another
07:45:12 INFO  ==============================================================
07:45:12 INFO  Apama plugin tests are disabled by default. Execute `pysys run` with `-XmyPlatform=container` to run these tests ... skipped
07:45:12 WARN  Aborted test due to SKIPPED outcome
07:45:12 INFO  
07:45:12 INFO  Test duration: 0.02 secs
07:45:12 INFO  Test final outcome:  SKIPPED
07:45:12 INFO  Test outcome reason: Apama plugin tests are disabled by default. Execute `pysys run` with `-XmyPlatform=container` to run these tests
07:45:12 INFO  
</system-out>
	</testcase>
<testcase classname="ApamaPluginUpdateTest" name="SoftwareManagement.Plugin.apama_plugin_update">
		<skipped message="SKIPPED: Apama plugin tests are disabled by default. Execute `pysys run` with `-XmyPlatform=container` to run these tests" />
		<system-out>07:45:28 INFO  ==============================================================
07:45:28 INFO  Id:    SoftwareManagement.Plugin.apama_plugin_update
07:45:28 INFO  Dir:   plugin_apama/
07:45:28 INFO  Title: Validate apama plugin updating one project with another
07:45:28 INFO  ==============================================================
07:45:28 INFO  Apama plugin tests are disabled by default. Execute `pysys run` with `-XmyPlatform=container` to run these tests ... skipped
07:45:28 WARN  Aborted test due to SKIPPED outcome
07:45:28 INFO  
07:45:28 INFO  Test duration: 0.02 secs
07:45:28 INFO  Test final outcome:  SKIPPED
07:45:28 INFO  Test outcome reason: Apama plugin tests are disabled by default. Execute `pysys run` with `-XmyPlatform=container` to run these tests
07:45:28 INFO  
</system-out>
	</testcase>
</testsuite><testsuite name="SoftwareManagement.sm_apt_install_download_path" tests="4" errors="0" failures="0" skipped="4" time="0"><testcase classname="AptInstallWithDownloadPath" name="SoftwareManagement.sm_apt_install_download_path">
		<skipped message="SKIPPED: Testing the apt plugin is not supported on this platform.Use parameter -XmyPlatform='container' to enable it" />
		<system-out>07:55:15 INFO  ==============================================================
07:55:15 INFO  Id:    SoftwareManagement.sm_apt_install_download_path
07:55:15 INFO  Dir:   software_management_end_to_end/
07:55:15 INFO  Title: Install package to directory specified in tedge config set tmp.path
07:55:15 INFO  ==============================================================
07:55:15 INFO  Testing the apt plugin is not supported on this platform.Use parameter -XmyPlatform='container' to enable it ... skipped
07:55:15 WARN  Aborted test due to SKIPPED outcome
07:55:15 INFO  
07:55:15 INFO  Test duration: 0.06 secs
07:55:15 INFO  Test final outcome:  SKIPPED
07:55:15 INFO  Test outcome reason: Testing the apt plugin is not supported on this platform.Use parameter -XmyPlatform='container' to enable it
07:55:15 INFO  
</system-out>
	</testcase>
<testcase classname="AptInstallWithDownloadPath" name="SoftwareManagement.sm_apt_install_download_path">
		<skipped message="SKIPPED: Testing the apt plugin is not supported on this platform.Use parameter -XmyPlatform='container' to enable it" />
		<system-out>07:54:57 INFO  ==============================================================
07:54:57 INFO  Id:    SoftwareManagement.sm_apt_install_download_path
07:54:57 INFO  Dir:   software_management_end_to_end/
07:54:57 INFO  Title: Install package to directory specified in tedge config set tmp.path
07:54:57 INFO  ==============================================================
07:54:57 INFO  Testing the apt plugin is not supported on this platform.Use parameter -XmyPlatform='container' to enable it ... skipped
07:54:57 WARN  Aborted test due to SKIPPED outcome
07:54:57 INFO  
07:54:57 INFO  Test duration: 0.08 secs
07:54:57 INFO  Test final outcome:  SKIPPED
07:54:57 INFO  Test outcome reason: Testing the apt plugin is not supported on this platform.Use parameter -XmyPlatform='container' to enable it
07:54:57 INFO  
</system-out>
	</testcase>
<testcase classname="AptInstallWithDownloadPath" name="SoftwareManagement.sm_apt_install_download_path">
		<skipped message="SKIPPED: Testing the apt plugin is not supported on this platform.Use parameter -XmyPlatform='container' to enable it" />
		<system-out>07:54:56 INFO  ==============================================================
07:54:56 INFO  Id:    SoftwareManagement.sm_apt_install_download_path
07:54:56 INFO  Dir:   software_management_end_to_end/
07:54:56 INFO  Title: Install package to directory specified in tedge config set tmp.path
07:54:56 INFO  ==============================================================
07:54:56 INFO  Testing the apt plugin is not supported on this platform.Use parameter -XmyPlatform='container' to enable it ... skipped
07:54:56 WARN  Aborted test due to SKIPPED outcome
07:54:56 INFO  
07:54:56 INFO  Test duration: 0.06 secs
07:54:56 INFO  Test final outcome:  SKIPPED
07:54:56 INFO  Test outcome reason: Testing the apt plugin is not supported on this platform.Use parameter -XmyPlatform='container' to enable it
07:54:56 INFO  
</system-out>
	</testcase>
<testcase classname="AptInstallWithDownloadPath" name="SoftwareManagement.sm_apt_install_download_path">
		<skipped message="SKIPPED: Testing the apt plugin is not supported on this platform.Use parameter -XmyPlatform='container' to enable it" />
		<system-out>07:55:09 INFO  ==============================================================
07:55:09 INFO  Id:    SoftwareManagement.sm_apt_install_download_path
07:55:09 INFO  Dir:   software_management_end_to_end/
07:55:09 INFO  Title: Install package to directory specified in tedge config set tmp.path
07:55:09 INFO  ==============================================================
07:55:09 INFO  Testing the apt plugin is not supported on this platform.Use parameter -XmyPlatform='container' to enable it ... skipped
07:55:09 WARN  Aborted test due to SKIPPED outcome
07:55:09 INFO  
07:55:09 INFO  Test duration: 0.06 secs
07:55:09 INFO  Test final outcome:  SKIPPED
07:55:09 INFO  Test outcome reason: Testing the apt plugin is not supported on this platform.Use parameter -XmyPlatform='container' to enable it
07:55:09 INFO  
</system-out>
	</testcase>
</testsuite><testsuite name="SoftwareManagement.sm_apt_install_fail" tests="4" errors="0" failures="0" skipped="4" time="0"><testcase classname="PySysTest" name="SoftwareManagement.sm_apt_install_fail">
		<skipped message="SKIPPED: Testing the apt plugin is not supported on this platform.Use parameter -XmyPlatform='container' to enable it" />
		<system-out>07:55:16 INFO  ==============================================================
07:55:16 INFO  Id:    SoftwareManagement.sm_apt_install_fail
07:55:16 INFO  Dir:   software_management_end_to_end/
07:55:16 INFO  Title: Validate end to end behaviour for a failing installation
07:55:16 INFO  ==============================================================
07:55:16 INFO  Testing the apt plugin is not supported on this platform.Use parameter -XmyPlatform='container' to enable it ... skipped
07:55:16 WARN  Aborted test due to SKIPPED outcome
07:55:16 INFO  
07:55:16 INFO  Test duration: 0.02 secs
07:55:16 INFO  Test final outcome:  SKIPPED
07:55:16 INFO  Test outcome reason: Testing the apt plugin is not supported on this platform.Use parameter -XmyPlatform='container' to enable it
07:55:16 INFO  
</system-out>
	</testcase>
<testcase classname="PySysTest" name="SoftwareManagement.sm_apt_install_fail">
		<skipped message="SKIPPED: Testing the apt plugin is not supported on this platform.Use parameter -XmyPlatform='container' to enable it" />
		<system-out>07:54:57 INFO  ==============================================================
07:54:57 INFO  Id:    SoftwareManagement.sm_apt_install_fail
07:54:57 INFO  Dir:   software_management_end_to_end/
07:54:57 INFO  Title: Validate end to end behaviour for a failing installation
07:54:57 INFO  ==============================================================
07:54:57 INFO  Testing the apt plugin is not supported on this platform.Use parameter -XmyPlatform='container' to enable it ... skipped
07:54:57 WARN  Aborted test due to SKIPPED outcome
07:54:57 INFO  
07:54:57 INFO  Test duration: 0.03 secs
07:54:57 INFO  Test final outcome:  SKIPPED
07:54:57 INFO  Test outcome reason: Testing the apt plugin is not supported on this platform.Use parameter -XmyPlatform='container' to enable it
07:54:57 INFO  
</system-out>
	</testcase>
<testcase classname="PySysTest" name="SoftwareManagement.sm_apt_install_fail">
		<skipped message="SKIPPED: Testing the apt plugin is not supported on this platform.Use parameter -XmyPlatform='container' to enable it" />
		<system-out>07:54:56 INFO  ==============================================================
07:54:56 INFO  Id:    SoftwareManagement.sm_apt_install_fail
07:54:56 INFO  Dir:   software_management_end_to_end/
07:54:56 INFO  Title: Validate end to end behaviour for a failing installation
07:54:56 INFO  ==============================================================
07:54:56 INFO  Testing the apt plugin is not supported on this platform.Use parameter -XmyPlatform='container' to enable it ... skipped
07:54:56 WARN  Aborted test due to SKIPPED outcome
07:54:56 INFO  
07:54:56 INFO  Test duration: 0.02 secs
07:54:56 INFO  Test final outcome:  SKIPPED
07:54:56 INFO  Test outcome reason: Testing the apt plugin is not supported on this platform.Use parameter -XmyPlatform='container' to enable it
07:54:56 INFO  
</system-out>
	</testcase>
<testcase classname="PySysTest" name="SoftwareManagement.sm_apt_install_fail">
		<skipped message="SKIPPED: Testing the apt plugin is not supported on this platform.Use parameter -XmyPlatform='container' to enable it" />
		<system-out>07:55:09 INFO  ==============================================================
07:55:09 INFO  Id:    SoftwareManagement.sm_apt_install_fail
07:55:09 INFO  Dir:   software_management_end_to_end/
07:55:09 INFO  Title: Validate end to end behaviour for a failing installation
07:55:09 INFO  ==============================================================
07:55:09 INFO  Testing the apt plugin is not supported on this platform.Use parameter -XmyPlatform='container' to enable it ... skipped
07:55:09 WARN  Aborted test due to SKIPPED outcome
07:55:09 INFO  
07:55:09 INFO  Test duration: 0.03 secs
07:55:09 INFO  Test final outcome:  SKIPPED
07:55:09 INFO  Test outcome reason: Testing the apt plugin is not supported on this platform.Use parameter -XmyPlatform='container' to enable it
07:55:09 INFO  
</system-out>
	</testcase>
</testsuite><testsuite name="SoftwareManagement.sm_apt_install_remove" tests="4" errors="0" failures="0" skipped="4" time="0"><testcase classname="PySysTest" name="SoftwareManagement.sm_apt_install_remove">
		<skipped message="SKIPPED: Testing the apt plugin is not supported on this platform.Use parameter -XmyPlatform='container' to enable it" />
		<system-out>07:55:16 INFO  ==============================================================
07:55:16 INFO  Id:    SoftwareManagement.sm_apt_install_remove
07:55:16 INFO  Dir:   software_management_end_to_end/
07:55:16 INFO  Title: Validate end to end behaviour for the apt plugin for installation and removal of packages
07:55:16 INFO  ==============================================================
07:55:16 INFO  Testing the apt plugin is not supported on this platform.Use parameter -XmyPlatform='container' to enable it ... skipped
07:55:16 WARN  Aborted test due to SKIPPED outcome
07:55:16 INFO  
07:55:16 INFO  Test duration: 0.02 secs
07:55:16 INFO  Test final outcome:  SKIPPED
07:55:16 INFO  Test outcome reason: Testing the apt plugin is not supported on this platform.Use parameter -XmyPlatform='container' to enable it
07:55:16 INFO  
</system-out>
	</testcase>
<testcase classname="PySysTest" name="SoftwareManagement.sm_apt_install_remove">
		<skipped message="SKIPPED: Testing the apt plugin is not supported on this platform.Use parameter -XmyPlatform='container' to enable it" />
		<system-out>07:54:57 INFO  ==============================================================
07:54:58 INFO  Id:    SoftwareManagement.sm_apt_install_remove
07:54:58 INFO  Dir:   software_management_end_to_end/
07:54:58 INFO  Title: Validate end to end behaviour for the apt plugin for installation and removal of packages
07:54:58 INFO  ==============================================================
07:54:58 INFO  Testing the apt plugin is not supported on this platform.Use parameter -XmyPlatform='container' to enable it ... skipped
07:54:58 WARN  Aborted test due to SKIPPED outcome
07:54:58 INFO  
07:54:58 INFO  Test duration: 0.03 secs
07:54:58 INFO  Test final outcome:  SKIPPED
07:54:58 INFO  Test outcome reason: Testing the apt plugin is not supported on this platform.Use parameter -XmyPlatform='container' to enable it
07:54:58 INFO  
</system-out>
	</testcase>
<testcase classname="PySysTest" name="SoftwareManagement.sm_apt_install_remove">
		<skipped message="SKIPPED: Testing the apt plugin is not supported on this platform.Use parameter -XmyPlatform='container' to enable it" />
		<system-out>07:54:56 INFO  ==============================================================
07:54:56 INFO  Id:    SoftwareManagement.sm_apt_install_remove
07:54:56 INFO  Dir:   software_management_end_to_end/
07:54:56 INFO  Title: Validate end to end behaviour for the apt plugin for installation and removal of packages
07:54:56 INFO  ==============================================================
07:54:56 INFO  Testing the apt plugin is not supported on this platform.Use parameter -XmyPlatform='container' to enable it ... skipped
07:54:56 WARN  Aborted test due to SKIPPED outcome
07:54:56 INFO  
07:54:56 INFO  Test duration: 0.02 secs
07:54:56 INFO  Test final outcome:  SKIPPED
07:54:56 INFO  Test outcome reason: Testing the apt plugin is not supported on this platform.Use parameter -XmyPlatform='container' to enable it
07:54:56 INFO  
</system-out>
	</testcase>
<testcase classname="PySysTest" name="SoftwareManagement.sm_apt_install_remove">
		<skipped message="SKIPPED: Testing the apt plugin is not supported on this platform.Use parameter -XmyPlatform='container' to enable it" />
		<system-out>07:55:09 INFO  ==============================================================
07:55:09 INFO  Id:    SoftwareManagement.sm_apt_install_remove
07:55:09 INFO  Dir:   software_management_end_to_end/
07:55:09 INFO  Title: Validate end to end behaviour for the apt plugin for installation and removal of packages
07:55:09 INFO  ==============================================================
07:55:09 INFO  Testing the apt plugin is not supported on this platform.Use parameter -XmyPlatform='container' to enable it ... skipped
07:55:09 WARN  Aborted test due to SKIPPED outcome
07:55:09 INFO  
07:55:09 INFO  Test duration: 0.02 secs
07:55:09 INFO  Test final outcome:  SKIPPED
07:55:09 INFO  Test outcome reason: Testing the apt plugin is not supported on this platform.Use parameter -XmyPlatform='container' to enable it
07:55:09 INFO  
</system-out>
	</testcase>
</testsuite><testsuite name="SoftwareManagement.sm_apt_install_remove_default" tests="4" errors="0" failures="0" skipped="4" time="0"><testcase classname="PySysTest" name="SoftwareManagement.sm_apt_install_remove_default">
		<skipped message="SKIPPED: Testing the apt plugin is not supported on this platform.Use parameter -XmyPlatform='container' to enable it" />
		<system-out>07:55:16 INFO  ==============================================================
07:55:16 INFO  Id:    SoftwareManagement.sm_apt_install_remove_default
07:55:16 INFO  Dir:   software_management_end_to_end/
07:55:16 INFO  Title: Validate end to end behaviour for the default plugin for installation and removal of packages
07:55:16 INFO  ==============================================================
07:55:16 INFO  Testing the apt plugin is not supported on this platform.Use parameter -XmyPlatform='container' to enable it ... skipped
07:55:16 WARN  Aborted test due to SKIPPED outcome
07:55:16 INFO  
07:55:16 INFO  Test duration: 0.02 secs
07:55:16 INFO  Test final outcome:  SKIPPED
07:55:16 INFO  Test outcome reason: Testing the apt plugin is not supported on this platform.Use parameter -XmyPlatform='container' to enable it
07:55:16 INFO  
</system-out>
	</testcase>
<testcase classname="PySysTest" name="SoftwareManagement.sm_apt_install_remove_default">
		<skipped message="SKIPPED: Testing the apt plugin is not supported on this platform.Use parameter -XmyPlatform='container' to enable it" />
		<system-out>07:54:58 INFO  ==============================================================
07:54:58 INFO  Id:    SoftwareManagement.sm_apt_install_remove_default
07:54:58 INFO  Dir:   software_management_end_to_end/
07:54:58 INFO  Title: Validate end to end behaviour for the default plugin for installation and removal of packages
07:54:58 INFO  ==============================================================
07:54:58 INFO  Testing the apt plugin is not supported on this platform.Use parameter -XmyPlatform='container' to enable it ... skipped
07:54:58 WARN  Aborted test due to SKIPPED outcome
07:54:58 INFO  
07:54:58 INFO  Test duration: 0.02 secs
07:54:58 INFO  Test final outcome:  SKIPPED
07:54:58 INFO  Test outcome reason: Testing the apt plugin is not supported on this platform.Use parameter -XmyPlatform='container' to enable it
07:54:58 INFO  
</system-out>
	</testcase>
<testcase classname="PySysTest" name="SoftwareManagement.sm_apt_install_remove_default">
		<skipped message="SKIPPED: Testing the apt plugin is not supported on this platform.Use parameter -XmyPlatform='container' to enable it" />
		<system-out>07:54:56 INFO  ==============================================================
07:54:56 INFO  Id:    SoftwareManagement.sm_apt_install_remove_default
07:54:56 INFO  Dir:   software_management_end_to_end/
07:54:56 INFO  Title: Validate end to end behaviour for the default plugin for installation and removal of packages
07:54:56 INFO  ==============================================================
07:54:56 INFO  Testing the apt plugin is not supported on this platform.Use parameter -XmyPlatform='container' to enable it ... skipped
07:54:56 WARN  Aborted test due to SKIPPED outcome
07:54:56 INFO  
07:54:56 INFO  Test duration: 0.02 secs
07:54:56 INFO  Test final outcome:  SKIPPED
07:54:56 INFO  Test outcome reason: Testing the apt plugin is not supported on this platform.Use parameter -XmyPlatform='container' to enable it
07:54:56 INFO  
</system-out>
	</testcase>
<testcase classname="PySysTest" name="SoftwareManagement.sm_apt_install_remove_default">
		<skipped message="SKIPPED: Testing the apt plugin is not supported on this platform.Use parameter -XmyPlatform='container' to enable it" />
		<system-out>07:55:09 INFO  ==============================================================
07:55:09 INFO  Id:    SoftwareManagement.sm_apt_install_remove_default
07:55:09 INFO  Dir:   software_management_end_to_end/
07:55:09 INFO  Title: Validate end to end behaviour for the default plugin for installation and removal of packages
07:55:09 INFO  ==============================================================
07:55:09 INFO  Testing the apt plugin is not supported on this platform.Use parameter -XmyPlatform='container' to enable it ... skipped
07:55:09 WARN  Aborted test due to SKIPPED outcome
07:55:09 INFO  
07:55:09 INFO  Test duration: 0.02 secs
07:55:09 INFO  Test final outcome:  SKIPPED
07:55:09 INFO  Test outcome reason: Testing the apt plugin is not supported on this platform.Use parameter -XmyPlatform='container' to enable it
07:55:09 INFO  
</system-out>
	</testcase>
</testsuite><testsuite name="SoftwareManagement.sm_apt_install_remove_multiple" tests="4" errors="0" failures="0" skipped="4" time="0"><testcase classname="PySysTest" name="SoftwareManagement.sm_apt_install_remove_multiple">
		<skipped message="SKIPPED: Testing the apt plugin is not supported on this platform.Use parameter -XmyPlatform='container' to enable it" />
		<system-out>07:55:16 INFO  ==============================================================
07:55:16 INFO  Id:    SoftwareManagement.sm_apt_install_remove_multiple
07:55:16 INFO  Dir:   software_management_end_to_end/
07:55:16 INFO  Title: Validate end to end behaviour for the apt plugin for multiple packages
07:55:16 INFO  ==============================================================
07:55:16 INFO  Testing the apt plugin is not supported on this platform.Use parameter -XmyPlatform='container' to enable it ... skipped
07:55:16 WARN  Aborted test due to SKIPPED outcome
07:55:16 INFO  
07:55:16 INFO  Test duration: 0.02 secs
07:55:16 INFO  Test final outcome:  SKIPPED
07:55:16 INFO  Test outcome reason: Testing the apt plugin is not supported on this platform.Use parameter -XmyPlatform='container' to enable it
07:55:16 INFO  
</system-out>
	</testcase>
<testcase classname="PySysTest" name="SoftwareManagement.sm_apt_install_remove_multiple">
		<skipped message="SKIPPED: Testing the apt plugin is not supported on this platform.Use parameter -XmyPlatform='container' to enable it" />
		<system-out>07:54:58 INFO  ==============================================================
07:54:58 INFO  Id:    SoftwareManagement.sm_apt_install_remove_multiple
07:54:58 INFO  Dir:   software_management_end_to_end/
07:54:58 INFO  Title: Validate end to end behaviour for the apt plugin for multiple packages
07:54:58 INFO  ==============================================================
07:54:58 INFO  Testing the apt plugin is not supported on this platform.Use parameter -XmyPlatform='container' to enable it ... skipped
07:54:58 WARN  Aborted test due to SKIPPED outcome
07:54:58 INFO  
07:54:58 INFO  Test duration: 0.03 secs
07:54:58 INFO  Test final outcome:  SKIPPED
07:54:58 INFO  Test outcome reason: Testing the apt plugin is not supported on this platform.Use parameter -XmyPlatform='container' to enable it
07:54:58 INFO  
</system-out>
	</testcase>
<testcase classname="PySysTest" name="SoftwareManagement.sm_apt_install_remove_multiple">
		<skipped message="SKIPPED: Testing the apt plugin is not supported on this platform.Use parameter -XmyPlatform='container' to enable it" />
		<system-out>07:54:56 INFO  ==============================================================
07:54:56 INFO  Id:    SoftwareManagement.sm_apt_install_remove_multiple
07:54:56 INFO  Dir:   software_management_end_to_end/
07:54:56 INFO  Title: Validate end to end behaviour for the apt plugin for multiple packages
07:54:56 INFO  ==============================================================
07:54:56 INFO  Testing the apt plugin is not supported on this platform.Use parameter -XmyPlatform='container' to enable it ... skipped
07:54:56 WARN  Aborted test due to SKIPPED outcome
07:54:56 INFO  
07:54:56 INFO  Test duration: 0.02 secs
07:54:56 INFO  Test final outcome:  SKIPPED
07:54:56 INFO  Test outcome reason: Testing the apt plugin is not supported on this platform.Use parameter -XmyPlatform='container' to enable it
07:54:56 INFO  
</system-out>
	</testcase>
<testcase classname="PySysTest" name="SoftwareManagement.sm_apt_install_remove_multiple">
		<skipped message="SKIPPED: Testing the apt plugin is not supported on this platform.Use parameter -XmyPlatform='container' to enable it" />
		<system-out>07:55:09 INFO  ==============================================================
07:55:09 INFO  Id:    SoftwareManagement.sm_apt_install_remove_multiple
07:55:09 INFO  Dir:   software_management_end_to_end/
07:55:09 INFO  Title: Validate end to end behaviour for the apt plugin for multiple packages
07:55:09 INFO  ==============================================================
07:55:09 INFO  Testing the apt plugin is not supported on this platform.Use parameter -XmyPlatform='container' to enable it ... skipped
07:55:09 WARN  Aborted test due to SKIPPED outcome
07:55:09 INFO  
07:55:09 INFO  Test duration: 0.03 secs
07:55:09 INFO  Test final outcome:  SKIPPED
07:55:09 INFO  Test outcome reason: Testing the apt plugin is not supported on this platform.Use parameter -XmyPlatform='container' to enable it
07:55:09 INFO  
</system-out>
	</testcase>
</testsuite><testsuite name="SoftwareManagement.sm_apt_install_remove_multiple_mixed" tests="4" errors="0" failures="0" skipped="4" time="0"><testcase classname="PySysTest" name="SoftwareManagement.sm_apt_install_remove_multiple_mixed">
		<skipped message="SKIPPED: Testing the apt plugin is not supported on this platform.Use parameter -XmyPlatform='container' to enable it" />
		<system-out>07:55:16 INFO  ==============================================================
07:55:16 INFO  Id:    SoftwareManagement.sm_apt_install_remove_multiple_mixed
07:55:16 INFO  Dir:   software_management_end_to_end/
07:55:16 INFO  Title: Validate end to end behaviour for the apt plugin for multiple packages with mixed versions
07:55:16 INFO  ==============================================================
07:55:16 INFO  Testing the apt plugin is not supported on this platform.Use parameter -XmyPlatform='container' to enable it ... skipped
07:55:16 WARN  Aborted test due to SKIPPED outcome
07:55:16 INFO  
07:55:16 INFO  Test duration: 0.02 secs
07:55:16 INFO  Test final outcome:  SKIPPED
07:55:16 INFO  Test outcome reason: Testing the apt plugin is not supported on this platform.Use parameter -XmyPlatform='container' to enable it
07:55:16 INFO  
</system-out>
	</testcase>
<testcase classname="PySysTest" name="SoftwareManagement.sm_apt_install_remove_multiple_mixed">
		<skipped message="SKIPPED: Testing the apt plugin is not supported on this platform.Use parameter -XmyPlatform='container' to enable it" />
		<system-out>07:54:58 INFO  ==============================================================
07:54:58 INFO  Id:    SoftwareManagement.sm_apt_install_remove_multiple_mixed
07:54:58 INFO  Dir:   software_management_end_to_end/
07:54:58 INFO  Title: Validate end to end behaviour for the apt plugin for multiple packages with mixed versions
07:54:58 INFO  ==============================================================
07:54:58 INFO  Testing the apt plugin is not supported on this platform.Use parameter -XmyPlatform='container' to enable it ... skipped
07:54:58 WARN  Aborted test due to SKIPPED outcome
07:54:58 INFO  
07:54:58 INFO  Test duration: 0.02 secs
07:54:58 INFO  Test final outcome:  SKIPPED
07:54:58 INFO  Test outcome reason: Testing the apt plugin is not supported on this platform.Use parameter -XmyPlatform='container' to enable it
07:54:58 INFO  
</system-out>
	</testcase>
<testcase classname="PySysTest" name="SoftwareManagement.sm_apt_install_remove_multiple_mixed">
		<skipped message="SKIPPED: Testing the apt plugin is not supported on this platform.Use parameter -XmyPlatform='container' to enable it" />
		<system-out>07:54:56 INFO  ==============================================================
07:54:56 INFO  Id:    SoftwareManagement.sm_apt_install_remove_multiple_mixed
07:54:56 INFO  Dir:   software_management_end_to_end/
07:54:56 INFO  Title: Validate end to end behaviour for the apt plugin for multiple packages with mixed versions
07:54:56 INFO  ==============================================================
07:54:56 INFO  Testing the apt plugin is not supported on this platform.Use parameter -XmyPlatform='container' to enable it ... skipped
07:54:56 WARN  Aborted test due to SKIPPED outcome
07:54:56 INFO  
07:54:56 INFO  Test duration: 0.02 secs
07:54:56 INFO  Test final outcome:  SKIPPED
07:54:56 INFO  Test outcome reason: Testing the apt plugin is not supported on this platform.Use parameter -XmyPlatform='container' to enable it
07:54:56 INFO  
</system-out>
	</testcase>
<testcase classname="PySysTest" name="SoftwareManagement.sm_apt_install_remove_multiple_mixed">
		<skipped message="SKIPPED: Testing the apt plugin is not supported on this platform.Use parameter -XmyPlatform='container' to enable it" />
		<system-out>07:55:09 INFO  ==============================================================
07:55:09 INFO  Id:    SoftwareManagement.sm_apt_install_remove_multiple_mixed
07:55:09 INFO  Dir:   software_management_end_to_end/
07:55:09 INFO  Title: Validate end to end behaviour for the apt plugin for multiple packages with mixed versions
07:55:09 INFO  ==============================================================
07:55:09 INFO  Testing the apt plugin is not supported on this platform.Use parameter -XmyPlatform='container' to enable it ... skipped
07:55:09 WARN  Aborted test due to SKIPPED outcome
07:55:09 INFO  
07:55:09 INFO  Test duration: 0.02 secs
07:55:09 INFO  Test final outcome:  SKIPPED
07:55:09 INFO  Test outcome reason: Testing the apt plugin is not supported on this platform.Use parameter -XmyPlatform='container' to enable it
07:55:09 INFO  
</system-out>
	</testcase>
</testsuite><testsuite name="SoftwareManagement.sm_apt_install_remove_with_version" tests="4" errors="0" failures="0" skipped="4" time="0"><testcase classname="PySysTest" name="SoftwareManagement.sm_apt_install_remove_with_version">
		<skipped message="SKIPPED: Testing the apt plugin is not supported on this platform.Use parameter -XmyPlatform='container' to enable it" />
		<system-out>07:55:16 INFO  ==============================================================
07:55:16 INFO  Id:    SoftwareManagement.sm_apt_install_remove_with_version
07:55:16 INFO  Dir:   software_management_end_to_end/
07:55:16 INFO  Title: Validate end to end behaviour for the apt plugin for packages with version
07:55:16 INFO  ==============================================================
07:55:16 INFO  Testing the apt plugin is not supported on this platform.Use parameter -XmyPlatform='container' to enable it ... skipped
07:55:16 WARN  Aborted test due to SKIPPED outcome
07:55:16 INFO  
07:55:16 INFO  Test duration: 0.02 secs
07:55:16 INFO  Test final outcome:  SKIPPED
07:55:16 INFO  Test outcome reason: Testing the apt plugin is not supported on this platform.Use parameter -XmyPlatform='container' to enable it
07:55:16 INFO  
</system-out>
	</testcase>
<testcase classname="PySysTest" name="SoftwareManagement.sm_apt_install_remove_with_version">
		<skipped message="SKIPPED: Testing the apt plugin is not supported on this platform.Use parameter -XmyPlatform='container' to enable it" />
		<system-out>07:54:58 INFO  ==============================================================
07:54:58 INFO  Id:    SoftwareManagement.sm_apt_install_remove_with_version
07:54:58 INFO  Dir:   software_management_end_to_end/
07:54:58 INFO  Title: Validate end to end behaviour for the apt plugin for packages with version
07:54:58 INFO  ==============================================================
07:54:58 INFO  Testing the apt plugin is not supported on this platform.Use parameter -XmyPlatform='container' to enable it ... skipped
07:54:58 WARN  Aborted test due to SKIPPED outcome
07:54:58 INFO  
07:54:58 INFO  Test duration: 0.02 secs
07:54:58 INFO  Test final outcome:  SKIPPED
07:54:58 INFO  Test outcome reason: Testing the apt plugin is not supported on this platform.Use parameter -XmyPlatform='container' to enable it
07:54:58 INFO  
</system-out>
	</testcase>
<testcase classname="PySysTest" name="SoftwareManagement.sm_apt_install_remove_with_version">
		<skipped message="SKIPPED: Testing the apt plugin is not supported on this platform.Use parameter -XmyPlatform='container' to enable it" />
		<system-out>07:54:56 INFO  ==============================================================
07:54:56 INFO  Id:    SoftwareManagement.sm_apt_install_remove_with_version
07:54:56 INFO  Dir:   software_management_end_to_end/
07:54:56 INFO  Title: Validate end to end behaviour for the apt plugin for packages with version
07:54:56 INFO  ==============================================================
07:54:56 INFO  Testing the apt plugin is not supported on this platform.Use parameter -XmyPlatform='container' to enable it ... skipped
07:54:56 WARN  Aborted test due to SKIPPED outcome
07:54:56 INFO  
07:54:56 INFO  Test duration: 0.02 secs
07:54:56 INFO  Test final outcome:  SKIPPED
07:54:56 INFO  Test outcome reason: Testing the apt plugin is not supported on this platform.Use parameter -XmyPlatform='container' to enable it
07:54:56 INFO  
</system-out>
	</testcase>
<testcase classname="PySysTest" name="SoftwareManagement.sm_apt_install_remove_with_version">
		<skipped message="SKIPPED: Testing the apt plugin is not supported on this platform.Use parameter -XmyPlatform='container' to enable it" />
		<system-out>07:55:10 INFO  ==============================================================
07:55:10 INFO  Id:    SoftwareManagement.sm_apt_install_remove_with_version
07:55:10 INFO  Dir:   software_management_end_to_end/
07:55:10 INFO  Title: Validate end to end behaviour for the apt plugin for packages with version
07:55:10 INFO  ==============================================================
07:55:10 INFO  Testing the apt plugin is not supported on this platform.Use parameter -XmyPlatform='container' to enable it ... skipped
07:55:10 WARN  Aborted test due to SKIPPED outcome
07:55:10 INFO  
07:55:10 INFO  Test duration: 0.02 secs
07:55:10 INFO  Test final outcome:  SKIPPED
07:55:10 INFO  Test outcome reason: Testing the apt plugin is not supported on this platform.Use parameter -XmyPlatform='container' to enable it
07:55:10 INFO  
</system-out>
	</testcase>
</testsuite><testsuite name="SoftwareManagement.sm_docker_install_remove_multiple" tests="4" errors="0" failures="0" skipped="4" time="0"><testcase classname="SMDockerInstallRemove" name="SoftwareManagement.sm_docker_install_remove_multiple">
		<skipped message="SKIPPED: Testing the apt plugin is not supported on this platform.Use parameter -XmyPlatform='container' to enable it" />
		<system-out>07:55:16 INFO  ==============================================================
07:55:16 INFO  Id:    SoftwareManagement.sm_docker_install_remove_multiple
07:55:16 INFO  Dir:   software_management_end_to_end/
07:55:16 INFO  Title: Validate end to end behaviour for the docker plugin for multiple docker images with mixed versions
07:55:16 INFO  ==============================================================
07:55:16 INFO  Testing the apt plugin is not supported on this platform.Use parameter -XmyPlatform='container' to enable it ... skipped
07:55:16 WARN  Aborted test due to SKIPPED outcome
07:55:16 INFO  
07:55:16 INFO  Test duration: 0.02 secs
07:55:16 INFO  Test final outcome:  SKIPPED
07:55:16 INFO  Test outcome reason: Testing the apt plugin is not supported on this platform.Use parameter -XmyPlatform='container' to enable it
07:55:16 INFO  
</system-out>
	</testcase>
<testcase classname="SMDockerInstallRemove" name="SoftwareManagement.sm_docker_install_remove_multiple">
		<skipped message="SKIPPED: Testing the apt plugin is not supported on this platform.Use parameter -XmyPlatform='container' to enable it" />
		<system-out>07:54:58 INFO  ==============================================================
07:54:58 INFO  Id:    SoftwareManagement.sm_docker_install_remove_multiple
07:54:58 INFO  Dir:   software_management_end_to_end/
07:54:58 INFO  Title: Validate end to end behaviour for the docker plugin for multiple docker images with mixed versions
07:54:58 INFO  ==============================================================
07:54:58 INFO  Testing the apt plugin is not supported on this platform.Use parameter -XmyPlatform='container' to enable it ... skipped
07:54:58 WARN  Aborted test due to SKIPPED outcome
07:54:58 INFO  
07:54:58 INFO  Test duration: 0.02 secs
07:54:58 INFO  Test final outcome:  SKIPPED
07:54:58 INFO  Test outcome reason: Testing the apt plugin is not supported on this platform.Use parameter -XmyPlatform='container' to enable it
07:54:58 INFO  
</system-out>
	</testcase>
<testcase classname="SMDockerInstallRemove" name="SoftwareManagement.sm_docker_install_remove_multiple">
		<skipped message="SKIPPED: Testing the apt plugin is not supported on this platform.Use parameter -XmyPlatform='container' to enable it" />
		<system-out>07:54:56 INFO  ==============================================================
07:54:56 INFO  Id:    SoftwareManagement.sm_docker_install_remove_multiple
07:54:56 INFO  Dir:   software_management_end_to_end/
07:54:56 INFO  Title: Validate end to end behaviour for the docker plugin for multiple docker images with mixed versions
07:54:56 INFO  ==============================================================
07:54:56 INFO  Testing the apt plugin is not supported on this platform.Use parameter -XmyPlatform='container' to enable it ... skipped
07:54:56 WARN  Aborted test due to SKIPPED outcome
07:54:56 INFO  
07:54:56 INFO  Test duration: 0.03 secs
07:54:56 INFO  Test final outcome:  SKIPPED
07:54:56 INFO  Test outcome reason: Testing the apt plugin is not supported on this platform.Use parameter -XmyPlatform='container' to enable it
07:54:56 INFO  
</system-out>
	</testcase>
<testcase classname="SMDockerInstallRemove" name="SoftwareManagement.sm_docker_install_remove_multiple">
		<skipped message="SKIPPED: Testing the apt plugin is not supported on this platform.Use parameter -XmyPlatform='container' to enable it" />
		<system-out>07:55:10 INFO  ==============================================================
07:55:10 INFO  Id:    SoftwareManagement.sm_docker_install_remove_multiple
07:55:10 INFO  Dir:   software_management_end_to_end/
07:55:10 INFO  Title: Validate end to end behaviour for the docker plugin for multiple docker images with mixed versions
07:55:10 INFO  ==============================================================
07:55:10 INFO  Testing the apt plugin is not supported on this platform.Use parameter -XmyPlatform='container' to enable it ... skipped
07:55:10 WARN  Aborted test due to SKIPPED outcome
07:55:10 INFO  
07:55:10 INFO  Test duration: 0.02 secs
07:55:10 INFO  Test final outcome:  SKIPPED
07:55:10 INFO  Test outcome reason: Testing the apt plugin is not supported on this platform.Use parameter -XmyPlatform='container' to enable it
07:55:10 INFO  
</system-out>
	</testcase>
</testsuite><testsuite name="SoftwareManagement.sm_fake_install_remove" tests="4" errors="0" failures="0" skipped="4" time="0"><testcase classname="PySysTest" name="SoftwareManagement.sm_fake_install_remove">
		<skipped message="SKIPPED: Testing the fake plugin is not enabled.Use parameter -Xfakeplugin=fakeplugin to enable it" />
		<system-out>07:55:16 INFO  ==============================================================
07:55:16 INFO  Id:    SoftwareManagement.sm_fake_install_remove
07:55:16 INFO  Dir:   software_management_end_to_end/
07:55:16 INFO  Title: Validate end to end behaviour for the dummy plugin for installation and removal of packages
07:55:16 INFO  ==============================================================
07:55:16 INFO  Testing the fake plugin is not enabled.Use parameter -Xfakeplugin=fakeplugin to enable it ... skipped
07:55:16 WARN  Aborted test due to SKIPPED outcome
07:55:16 INFO  
07:55:16 INFO  Test duration: 0.02 secs
07:55:16 INFO  Test final outcome:  SKIPPED
07:55:16 INFO  Test outcome reason: Testing the fake plugin is not enabled.Use parameter -Xfakeplugin=fakeplugin to enable it
07:55:16 INFO  
</system-out>
	</testcase>
<testcase classname="PySysTest" name="SoftwareManagement.sm_fake_install_remove">
		<skipped message="SKIPPED: Testing the fake plugin is not enabled.Use parameter -Xfakeplugin=fakeplugin to enable it" />
		<system-out>07:54:58 INFO  ==============================================================
07:54:58 INFO  Id:    SoftwareManagement.sm_fake_install_remove
07:54:58 INFO  Dir:   software_management_end_to_end/
07:54:58 INFO  Title: Validate end to end behaviour for the dummy plugin for installation and removal of packages
07:54:58 INFO  ==============================================================
07:54:58 INFO  Testing the fake plugin is not enabled.Use parameter -Xfakeplugin=fakeplugin to enable it ... skipped
07:54:58 WARN  Aborted test due to SKIPPED outcome
07:54:58 INFO  
07:54:58 INFO  Test duration: 0.02 secs
07:54:58 INFO  Test final outcome:  SKIPPED
07:54:58 INFO  Test outcome reason: Testing the fake plugin is not enabled.Use parameter -Xfakeplugin=fakeplugin to enable it
07:54:58 INFO  
</system-out>
	</testcase>
<testcase classname="PySysTest" name="SoftwareManagement.sm_fake_install_remove">
		<skipped message="SKIPPED: Testing the fake plugin is not enabled.Use parameter -Xfakeplugin=fakeplugin to enable it" />
		<system-out>07:54:56 INFO  ==============================================================
07:54:56 INFO  Id:    SoftwareManagement.sm_fake_install_remove
07:54:56 INFO  Dir:   software_management_end_to_end/
07:54:56 INFO  Title: Validate end to end behaviour for the dummy plugin for installation and removal of packages
07:54:56 INFO  ==============================================================
07:54:56 INFO  Testing the fake plugin is not enabled.Use parameter -Xfakeplugin=fakeplugin to enable it ... skipped
07:54:56 WARN  Aborted test due to SKIPPED outcome
07:54:56 INFO  
07:54:56 INFO  Test duration: 0.02 secs
07:54:56 INFO  Test final outcome:  SKIPPED
07:54:56 INFO  Test outcome reason: Testing the fake plugin is not enabled.Use parameter -Xfakeplugin=fakeplugin to enable it
07:54:56 INFO  
</system-out>
	</testcase>
<testcase classname="PySysTest" name="SoftwareManagement.sm_fake_install_remove">
		<skipped message="SKIPPED: Testing the fake plugin is not enabled.Use parameter -Xfakeplugin=fakeplugin to enable it" />
		<system-out>07:55:10 INFO  ==============================================================
07:55:10 INFO  Id:    SoftwareManagement.sm_fake_install_remove
07:55:10 INFO  Dir:   software_management_end_to_end/
07:55:10 INFO  Title: Validate end to end behaviour for the dummy plugin for installation and removal of packages
07:55:10 INFO  ==============================================================
07:55:10 INFO  Testing the fake plugin is not enabled.Use parameter -Xfakeplugin=fakeplugin to enable it ... skipped
07:55:10 WARN  Aborted test due to SKIPPED outcome
07:55:10 INFO  
07:55:10 INFO  Test duration: 0.02 secs
07:55:10 INFO  Test final outcome:  SKIPPED
07:55:10 INFO  Test outcome reason: Testing the fake plugin is not enabled.Use parameter -Xfakeplugin=fakeplugin to enable it
07:55:10 INFO  
</system-out>
	</testcase>
</testsuite><testsuite name="SoftwareManagement.sm_fake_install_remove_multiple" tests="4" errors="0" failures="0" skipped="4" time="0"><testcase classname="PySysTest" name="SoftwareManagement.sm_fake_install_remove_multiple">
		<skipped message="SKIPPED: Testing the fake plugin is not enabled.Use parameter -Xfakeplugin=fakeplugin to enable it" />
		<system-out>07:55:16 INFO  ==============================================================
07:55:16 INFO  Id:    SoftwareManagement.sm_fake_install_remove_multiple
07:55:16 INFO  Dir:   software_management_end_to_end/
07:55:16 INFO  Title: Validate end to end behaviour for the dummy-plugin for multiple packages
07:55:16 INFO  ==============================================================
07:55:16 INFO  Testing the fake plugin is not enabled.Use parameter -Xfakeplugin=fakeplugin to enable it ... skipped
07:55:16 WARN  Aborted test due to SKIPPED outcome
07:55:16 INFO  
07:55:16 INFO  Test duration: 0.02 secs
07:55:16 INFO  Test final outcome:  SKIPPED
07:55:16 INFO  Test outcome reason: Testing the fake plugin is not enabled.Use parameter -Xfakeplugin=fakeplugin to enable it
07:55:16 INFO  
</system-out>
	</testcase>
<testcase classname="PySysTest" name="SoftwareManagement.sm_fake_install_remove_multiple">
		<skipped message="SKIPPED: Testing the fake plugin is not enabled.Use parameter -Xfakeplugin=fakeplugin to enable it" />
		<system-out>07:54:58 INFO  ==============================================================
07:54:58 INFO  Id:    SoftwareManagement.sm_fake_install_remove_multiple
07:54:58 INFO  Dir:   software_management_end_to_end/
07:54:58 INFO  Title: Validate end to end behaviour for the dummy-plugin for multiple packages
07:54:58 INFO  ==============================================================
07:54:58 INFO  Testing the fake plugin is not enabled.Use parameter -Xfakeplugin=fakeplugin to enable it ... skipped
07:54:58 WARN  Aborted test due to SKIPPED outcome
07:54:58 INFO  
07:54:58 INFO  Test duration: 0.02 secs
07:54:58 INFO  Test final outcome:  SKIPPED
07:54:58 INFO  Test outcome reason: Testing the fake plugin is not enabled.Use parameter -Xfakeplugin=fakeplugin to enable it
07:54:58 INFO  
</system-out>
	</testcase>
<testcase classname="PySysTest" name="SoftwareManagement.sm_fake_install_remove_multiple">
		<skipped message="SKIPPED: Testing the fake plugin is not enabled.Use parameter -Xfakeplugin=fakeplugin to enable it" />
		<system-out>07:54:56 INFO  ==============================================================
07:54:56 INFO  Id:    SoftwareManagement.sm_fake_install_remove_multiple
07:54:56 INFO  Dir:   software_management_end_to_end/
07:54:56 INFO  Title: Validate end to end behaviour for the dummy-plugin for multiple packages
07:54:56 INFO  ==============================================================
07:54:56 INFO  Testing the fake plugin is not enabled.Use parameter -Xfakeplugin=fakeplugin to enable it ... skipped
07:54:56 WARN  Aborted test due to SKIPPED outcome
07:54:56 INFO  
07:54:56 INFO  Test duration: 0.02 secs
07:54:56 INFO  Test final outcome:  SKIPPED
07:54:56 INFO  Test outcome reason: Testing the fake plugin is not enabled.Use parameter -Xfakeplugin=fakeplugin to enable it
07:54:56 INFO  
</system-out>
	</testcase>
<testcase classname="PySysTest" name="SoftwareManagement.sm_fake_install_remove_multiple">
		<skipped message="SKIPPED: Testing the fake plugin is not enabled.Use parameter -Xfakeplugin=fakeplugin to enable it" />
		<system-out>07:55:10 INFO  ==============================================================
07:55:10 INFO  Id:    SoftwareManagement.sm_fake_install_remove_multiple
07:55:10 INFO  Dir:   software_management_end_to_end/
07:55:10 INFO  Title: Validate end to end behaviour for the dummy-plugin for multiple packages
07:55:10 INFO  ==============================================================
07:55:10 INFO  Testing the fake plugin is not enabled.Use parameter -Xfakeplugin=fakeplugin to enable it ... skipped
07:55:10 WARN  Aborted test due to SKIPPED outcome
07:55:10 INFO  
07:55:10 INFO  Test duration: 0.02 secs
07:55:10 INFO  Test final outcome:  SKIPPED
07:55:10 INFO  Test outcome reason: Testing the fake plugin is not enabled.Use parameter -Xfakeplugin=fakeplugin to enable it
07:55:10 INFO  
</system-out>
	</testcase>
</testsuite><testsuite name="SoftwareManagement.sm_mapper_fail_and_reconnect" tests="4" errors="0" failures="0" skipped="4" time="0"><testcase classname="MapperC8yReceiveLastMessageOnRestart" name="SoftwareManagement.sm_mapper_fail_and_reconnect">
		<skipped message="SKIPPED: instable https://github.com/thin-edge/thin-edge.io/issues/752" />
		<system-out>07:55:16 INFO  ==============================================================
07:55:16 INFO  Id:    SoftwareManagement.sm_mapper_fail_and_reconnect
07:55:16 INFO  Dir:   software_management_end_to_end/
07:55:16 INFO  Title: Validate the tedge-mapper-sm-c8y for receiving the last message on restart
07:55:16 INFO  ==============================================================
07:55:16 INFO  instable https://github.com/thin-edge/thin-edge.io/issues/752 ... skipped
07:55:16 INFO  
07:55:16 INFO  Test duration: 0.02 secs
07:55:16 INFO  Test final outcome:  SKIPPED
07:55:16 INFO  Test outcome reason: instable https://github.com/thin-edge/thin-edge.io/issues/752
07:55:16 INFO  
</system-out>
	</testcase>
<testcase classname="MapperC8yReceiveLastMessageOnRestart" name="SoftwareManagement.sm_mapper_fail_and_reconnect">
		<skipped message="SKIPPED: instable https://github.com/thin-edge/thin-edge.io/issues/752" />
		<system-out>07:54:58 INFO  ==============================================================
07:54:58 INFO  Id:    SoftwareManagement.sm_mapper_fail_and_reconnect
07:54:58 INFO  Dir:   software_management_end_to_end/
07:54:58 INFO  Title: Validate the tedge-mapper-sm-c8y for receiving the last message on restart
07:54:58 INFO  ==============================================================
07:54:58 INFO  instable https://github.com/thin-edge/thin-edge.io/issues/752 ... skipped
07:54:58 INFO  
07:54:58 INFO  Test duration: 0.02 secs
07:54:58 INFO  Test final outcome:  SKIPPED
07:54:58 INFO  Test outcome reason: instable https://github.com/thin-edge/thin-edge.io/issues/752
07:54:58 INFO  
</system-out>
	</testcase>
<testcase classname="MapperC8yReceiveLastMessageOnRestart" name="SoftwareManagement.sm_mapper_fail_and_reconnect">
		<skipped message="SKIPPED: instable https://github.com/thin-edge/thin-edge.io/issues/752" />
		<system-out>07:54:56 INFO  ==============================================================
07:54:56 INFO  Id:    SoftwareManagement.sm_mapper_fail_and_reconnect
07:54:56 INFO  Dir:   software_management_end_to_end/
07:54:56 INFO  Title: Validate the tedge-mapper-sm-c8y for receiving the last message on restart
07:54:56 INFO  ==============================================================
07:54:56 INFO  instable https://github.com/thin-edge/thin-edge.io/issues/752 ... skipped
07:54:56 INFO  
07:54:56 INFO  Test duration: 0.02 secs
07:54:56 INFO  Test final outcome:  SKIPPED
07:54:56 INFO  Test outcome reason: instable https://github.com/thin-edge/thin-edge.io/issues/752
07:54:56 INFO  
</system-out>
	</testcase>
<testcase classname="MapperC8yReceiveLastMessageOnRestart" name="SoftwareManagement.sm_mapper_fail_and_reconnect">
		<skipped message="SKIPPED: instable https://github.com/thin-edge/thin-edge.io/issues/752" />
		<system-out>07:55:10 INFO  ==============================================================
07:55:10 INFO  Id:    SoftwareManagement.sm_mapper_fail_and_reconnect
07:55:10 INFO  Dir:   software_management_end_to_end/
07:55:10 INFO  Title: Validate the tedge-mapper-sm-c8y for receiving the last message on restart
07:55:10 INFO  ==============================================================
07:55:10 INFO  instable https://github.com/thin-edge/thin-edge.io/issues/752 ... skipped
07:55:10 INFO  
07:55:10 INFO  Test duration: 0.02 secs
07:55:10 INFO  Test final outcome:  SKIPPED
07:55:10 INFO  Test outcome reason: instable https://github.com/thin-edge/thin-edge.io/issues/752
07:55:10 INFO  
</system-out>
	</testcase>
</testsuite><testsuite name="SoftwareManagement.sm_mixed_install_remove_multiple" tests="4" errors="0" failures="0" skipped="4" time="0"><testcase classname="PySysTest" name="SoftwareManagement.sm_mixed_install_remove_multiple">
		<skipped message="SKIPPED: Testing the fake plugin is not enabled.Use parameter -Xfakeplugin=fakeplugin to enable it" />
		<system-out>07:55:16 INFO  ==============================================================
07:55:16 INFO  Id:    SoftwareManagement.sm_mixed_install_remove_multiple
07:55:16 INFO  Dir:   software_management_end_to_end/
07:55:16 INFO  Title: Validate end to end behaviour for the dummy-plugin for multiple packages with mixed versions
07:55:16 INFO  ==============================================================
07:55:16 INFO  Testing the fake plugin is not enabled.Use parameter -Xfakeplugin=fakeplugin to enable it ... skipped
07:55:16 WARN  Aborted test due to SKIPPED outcome
07:55:16 INFO  
07:55:16 INFO  Test duration: 0.03 secs
07:55:16 INFO  Test final outcome:  SKIPPED
07:55:16 INFO  Test outcome reason: Testing the fake plugin is not enabled.Use parameter -Xfakeplugin=fakeplugin to enable it
07:55:16 INFO  
</system-out>
	</testcase>
<testcase classname="PySysTest" name="SoftwareManagement.sm_mixed_install_remove_multiple">
		<skipped message="SKIPPED: Testing the fake plugin is not enabled.Use parameter -Xfakeplugin=fakeplugin to enable it" />
		<system-out>07:54:58 INFO  ==============================================================
07:54:58 INFO  Id:    SoftwareManagement.sm_mixed_install_remove_multiple
07:54:58 INFO  Dir:   software_management_end_to_end/
07:54:58 INFO  Title: Validate end to end behaviour for the dummy-plugin for multiple packages with mixed versions
07:54:58 INFO  ==============================================================
07:54:58 INFO  Testing the fake plugin is not enabled.Use parameter -Xfakeplugin=fakeplugin to enable it ... skipped
07:54:58 WARN  Aborted test due to SKIPPED outcome
07:54:58 INFO  
07:54:58 INFO  Test duration: 0.03 secs
07:54:58 INFO  Test final outcome:  SKIPPED
07:54:58 INFO  Test outcome reason: Testing the fake plugin is not enabled.Use parameter -Xfakeplugin=fakeplugin to enable it
07:54:58 INFO  
</system-out>
	</testcase>
<testcase classname="PySysTest" name="SoftwareManagement.sm_mixed_install_remove_multiple">
		<skipped message="SKIPPED: Testing the fake plugin is not enabled.Use parameter -Xfakeplugin=fakeplugin to enable it" />
		<system-out>07:54:57 INFO  ==============================================================
07:54:57 INFO  Id:    SoftwareManagement.sm_mixed_install_remove_multiple
07:54:57 INFO  Dir:   software_management_end_to_end/
07:54:57 INFO  Title: Validate end to end behaviour for the dummy-plugin for multiple packages with mixed versions
07:54:57 INFO  ==============================================================
07:54:57 INFO  Testing the fake plugin is not enabled.Use parameter -Xfakeplugin=fakeplugin to enable it ... skipped
07:54:57 WARN  Aborted test due to SKIPPED outcome
07:54:57 INFO  
07:54:57 INFO  Test duration: 0.02 secs
07:54:57 INFO  Test final outcome:  SKIPPED
07:54:57 INFO  Test outcome reason: Testing the fake plugin is not enabled.Use parameter -Xfakeplugin=fakeplugin to enable it
07:54:57 INFO  
</system-out>
	</testcase>
<testcase classname="PySysTest" name="SoftwareManagement.sm_mixed_install_remove_multiple">
		<skipped message="SKIPPED: Testing the fake plugin is not enabled.Use parameter -Xfakeplugin=fakeplugin to enable it" />
		<system-out>07:55:10 INFO  ==============================================================
07:55:10 INFO  Id:    SoftwareManagement.sm_mixed_install_remove_multiple
07:55:10 INFO  Dir:   software_management_end_to_end/
07:55:10 INFO  Title: Validate end to end behaviour for the dummy-plugin for multiple packages with mixed versions
07:55:10 INFO  ==============================================================
07:55:10 INFO  Testing the fake plugin is not enabled.Use parameter -Xfakeplugin=fakeplugin to enable it ... skipped
07:55:10 WARN  Aborted test due to SKIPPED outcome
07:55:10 INFO  
07:55:10 INFO  Test duration: 0.03 secs
07:55:10 INFO  Test final outcome:  SKIPPED
07:55:10 INFO  Test outcome reason: Testing the fake plugin is not enabled.Use parameter -Xfakeplugin=fakeplugin to enable it
07:55:10 INFO  
</system-out>
	</testcase>
</testsuite><testsuite name="agent_init_session" tests="4" errors="0" failures="2" skipped="0" time="0"><testcase classname="AgentInitSession" name="agent_init_session" />
<testcase classname="AgentInitSession" name="agent_init_session">
		<failure message="FAILED: Grep on sub_resp.out contains &quot;Ld3KgqpcLDlrYH6sfpG7w&quot;" type="FAILED" />
		<system-out>07:55:52 INFO  ==============================================================
07:55:52 INFO  Id:    agent_init_session
07:55:52 INFO  Dir:   tedge_agent/
07:55:52 INFO  Title: Validate tedge agent init session feature
07:55:52 INFO  ==============================================================
07:55:53 INFO  Executed sudo&lt;remove_lock&gt;, exit status 0
07:55:53 INFO  Executed sudo&lt;agent_clear&gt;, exit status 0
07:55:54 INFO  Executed sudo&lt;agent_init&gt;, exit status 0
07:55:54 INFO  Executed sudo&lt;pub_req&gt;, exit status 0
07:55:54 INFO  Started sudo&lt;sub_resp&gt; with process id 19636
07:55:55 INFO  Executed sudo&lt;agent_start&gt;, exit status 0
07:55:55 INFO  Waiting for 2.0 seconds
07:55:58 INFO  Executed sudo&lt;agent_stop&gt;, exit status 0
07:55:58 INFO  Executed sudo&lt;sub_stop&gt;, exit status 0
07:55:59 WARN  Grep on sub_resp.out contains "Ld3KgqpcLDlrYH6sfpG7w" ... failed [run.py:87]
07:55:59 INFO  
07:55:59 INFO  Test duration: 6.61 secs
07:55:59 INFO  Test final outcome:  FAILED
07:55:59 INFO  Test outcome reason: Grep on sub_resp.out contains "Ld3KgqpcLDlrYH6sfpG7w"
07:55:59 INFO  
</system-out>
	</testcase>
<testcase classname="AgentInitSession" name="agent_init_session" />
<testcase classname="AgentInitSession" name="agent_init_session">
		<failure message="FAILED: Grep on sub_resp.out contains &quot;Ld3KgqpcLDlrYH6sfpG7w&quot;" type="FAILED" />
		<system-out>07:56:03 INFO  ==============================================================
07:56:03 INFO  Id:    agent_init_session
07:56:03 INFO  Dir:   tedge_agent/
07:56:03 INFO  Title: Validate tedge agent init session feature
07:56:03 INFO  ==============================================================
07:56:03 INFO  Executed sudo&lt;remove_lock&gt;, exit status 0
07:56:04 INFO  Executed sudo&lt;agent_clear&gt;, exit status 0
07:56:04 INFO  Executed sudo&lt;agent_init&gt;, exit status 0
07:56:05 INFO  Executed sudo&lt;pub_req&gt;, exit status 0
07:56:05 INFO  Started sudo&lt;sub_resp&gt; with process id 12364
07:56:05 INFO  Executed sudo&lt;agent_start&gt;, exit status 0
07:56:05 INFO  Waiting for 2.0 seconds
07:56:08 INFO  Executed sudo&lt;agent_stop&gt;, exit status 0
07:56:09 INFO  Executed sudo&lt;sub_stop&gt;, exit status 0
07:56:09 WARN  Grep on sub_resp.out contains "Ld3KgqpcLDlrYH6sfpG7w" ... failed [run.py:87]
07:56:09 INFO  
07:56:09 INFO  Test duration: 6.55 secs
07:56:09 INFO  Test final outcome:  FAILED
07:56:09 INFO  Test outcome reason: Grep on sub_resp.out contains "Ld3KgqpcLDlrYH6sfpG7w"
07:56:09 INFO  
</system-out>
	</testcase>
</testsuite><testsuite name="apt_fail_noarg" tests="4" errors="0" failures="0" skipped="4" time="0"><testcase classname="AptPluginFailNoArg" name="apt_fail_noarg">
		<skipped message="SKIPPED: Testing the apt plugin is not supported on this platform.To run the tests call PySys with -XmyPlatform='container'" />
		<system-out>07:45:31 INFO  ==============================================================
07:45:31 INFO  Id:    apt_fail_noarg
07:45:31 INFO  Dir:   plugin_apt/
07:45:31 INFO  Title: Validate apt plugin fetures(prepare, list, install, remove finalize) without arguments
07:45:31 INFO  ==============================================================
07:45:31 INFO  Testing the apt plugin is not supported on this platform.To run the tests call PySys with -XmyPlatform='container' ... skipped
07:45:31 WARN  Aborted test due to SKIPPED outcome
07:45:31 INFO  
07:45:31 INFO  Test duration: 0.04 secs
07:45:31 INFO  Test final outcome:  SKIPPED
07:45:31 INFO  Test outcome reason: Testing the apt plugin is not supported on this platform.To run the tests call PySys with -XmyPlatform='container'
07:45:31 INFO  
</system-out>
	</testcase>
<testcase classname="AptPluginFailNoArg" name="apt_fail_noarg">
		<skipped message="SKIPPED: Testing the apt plugin is not supported on this platform.To run the tests call PySys with -XmyPlatform='container'" />
		<system-out>07:45:14 INFO  ==============================================================
07:45:14 INFO  Id:    apt_fail_noarg
07:45:14 INFO  Dir:   plugin_apt/
07:45:14 INFO  Title: Validate apt plugin fetures(prepare, list, install, remove finalize) without arguments
07:45:14 INFO  ==============================================================
07:45:14 INFO  Testing the apt plugin is not supported on this platform.To run the tests call PySys with -XmyPlatform='container' ... skipped
07:45:14 WARN  Aborted test due to SKIPPED outcome
07:45:14 INFO  
07:45:14 INFO  Test duration: 0.06 secs
07:45:14 INFO  Test final outcome:  SKIPPED
07:45:14 INFO  Test outcome reason: Testing the apt plugin is not supported on this platform.To run the tests call PySys with -XmyPlatform='container'
07:45:14 INFO  
</system-out>
	</testcase>
<testcase classname="AptPluginFailNoArg" name="apt_fail_noarg">
		<skipped message="SKIPPED: Testing the apt plugin is not supported on this platform.To run the tests call PySys with -XmyPlatform='container'" />
		<system-out>07:45:12 INFO  ==============================================================
07:45:12 INFO  Id:    apt_fail_noarg
07:45:12 INFO  Dir:   plugin_apt/
07:45:12 INFO  Title: Validate apt plugin fetures(prepare, list, install, remove finalize) without arguments
07:45:12 INFO  ==============================================================
07:45:12 INFO  Testing the apt plugin is not supported on this platform.To run the tests call PySys with -XmyPlatform='container' ... skipped
07:45:12 WARN  Aborted test due to SKIPPED outcome
07:45:12 INFO  
07:45:12 INFO  Test duration: 0.04 secs
07:45:12 INFO  Test final outcome:  SKIPPED
07:45:12 INFO  Test outcome reason: Testing the apt plugin is not supported on this platform.To run the tests call PySys with -XmyPlatform='container'
07:45:12 INFO  
</system-out>
	</testcase>
<testcase classname="AptPluginFailNoArg" name="apt_fail_noarg">
		<skipped message="SKIPPED: Testing the apt plugin is not supported on this platform.To run the tests call PySys with -XmyPlatform='container'" />
		<system-out>07:45:28 INFO  ==============================================================
07:45:28 INFO  Id:    apt_fail_noarg
07:45:28 INFO  Dir:   plugin_apt/
07:45:28 INFO  Title: Validate apt plugin fetures(prepare, list, install, remove finalize) without arguments
07:45:28 INFO  ==============================================================
07:45:28 INFO  Testing the apt plugin is not supported on this platform.To run the tests call PySys with -XmyPlatform='container' ... skipped
07:45:28 WARN  Aborted test due to SKIPPED outcome
07:45:28 INFO  
07:45:28 INFO  Test duration: 0.04 secs
07:45:28 INFO  Test final outcome:  SKIPPED
07:45:28 INFO  Test outcome reason: Testing the apt plugin is not supported on this platform.To run the tests call PySys with -XmyPlatform='container'
07:45:28 INFO  
</system-out>
	</testcase>
</testsuite><testsuite name="apt_finalize" tests="4" errors="0" failures="0" skipped="4" time="0"><testcase classname="AptPluginFinalize" name="apt_finalize">
		<skipped message="SKIPPED: Testing the apt plugin is not supported on this platform.To run the tests call PySys with -XmyPlatform='container'" />
		<system-out>07:45:31 INFO  ==============================================================
07:45:31 INFO  Id:    apt_finalize
07:45:31 INFO  Dir:   plugin_apt/
07:45:31 INFO  Title: Validate apt plugin finalize - dense version
07:45:31 INFO  ==============================================================
07:45:31 INFO  Testing the apt plugin is not supported on this platform.To run the tests call PySys with -XmyPlatform='container' ... skipped
07:45:31 WARN  Aborted test due to SKIPPED outcome
07:45:31 INFO  
07:45:31 INFO  Test duration: 0.02 secs
07:45:31 INFO  Test final outcome:  SKIPPED
07:45:31 INFO  Test outcome reason: Testing the apt plugin is not supported on this platform.To run the tests call PySys with -XmyPlatform='container'
07:45:31 INFO  
</system-out>
	</testcase>
<testcase classname="AptPluginFinalize" name="apt_finalize">
		<skipped message="SKIPPED: Testing the apt plugin is not supported on this platform.To run the tests call PySys with -XmyPlatform='container'" />
		<system-out>07:45:14 INFO  ==============================================================
07:45:14 INFO  Id:    apt_finalize
07:45:14 INFO  Dir:   plugin_apt/
07:45:14 INFO  Title: Validate apt plugin finalize - dense version
07:45:14 INFO  ==============================================================
07:45:14 INFO  Testing the apt plugin is not supported on this platform.To run the tests call PySys with -XmyPlatform='container' ... skipped
07:45:14 WARN  Aborted test due to SKIPPED outcome
07:45:14 INFO  
07:45:14 INFO  Test duration: 0.02 secs
07:45:14 INFO  Test final outcome:  SKIPPED
07:45:14 INFO  Test outcome reason: Testing the apt plugin is not supported on this platform.To run the tests call PySys with -XmyPlatform='container'
07:45:14 INFO  
</system-out>
	</testcase>
<testcase classname="AptPluginFinalize" name="apt_finalize">
		<skipped message="SKIPPED: Testing the apt plugin is not supported on this platform.To run the tests call PySys with -XmyPlatform='container'" />
		<system-out>07:45:12 INFO  ==============================================================
07:45:12 INFO  Id:    apt_finalize
07:45:12 INFO  Dir:   plugin_apt/
07:45:12 INFO  Title: Validate apt plugin finalize - dense version
07:45:12 INFO  ==============================================================
07:45:12 INFO  Testing the apt plugin is not supported on this platform.To run the tests call PySys with -XmyPlatform='container' ... skipped
07:45:12 WARN  Aborted test due to SKIPPED outcome
07:45:12 INFO  
07:45:12 INFO  Test duration: 0.02 secs
07:45:12 INFO  Test final outcome:  SKIPPED
07:45:12 INFO  Test outcome reason: Testing the apt plugin is not supported on this platform.To run the tests call PySys with -XmyPlatform='container'
07:45:12 INFO  
</system-out>
	</testcase>
<testcase classname="AptPluginFinalize" name="apt_finalize">
		<skipped message="SKIPPED: Testing the apt plugin is not supported on this platform.To run the tests call PySys with -XmyPlatform='container'" />
		<system-out>07:45:28 INFO  ==============================================================
07:45:28 INFO  Id:    apt_finalize
07:45:28 INFO  Dir:   plugin_apt/
07:45:28 INFO  Title: Validate apt plugin finalize - dense version
07:45:28 INFO  ==============================================================
07:45:28 INFO  Testing the apt plugin is not supported on this platform.To run the tests call PySys with -XmyPlatform='container' ... skipped
07:45:28 WARN  Aborted test due to SKIPPED outcome
07:45:28 INFO  
07:45:28 INFO  Test duration: 0.02 secs
07:45:28 INFO  Test final outcome:  SKIPPED
07:45:28 INFO  Test outcome reason: Testing the apt plugin is not supported on this platform.To run the tests call PySys with -XmyPlatform='container'
07:45:28 INFO  
</system-out>
	</testcase>
</testsuite><testsuite name="apt_install" tests="4" errors="0" failures="0" skipped="4" time="0"><testcase classname="AptPluginInstallDense" name="apt_install">
		<skipped message="SKIPPED: Testing the apt plugin is not supported on this platform.To run the tests call PySys with -XmyPlatform='container'" />
		<system-out>07:45:31 INFO  ==============================================================
07:45:31 INFO  Id:    apt_install
07:45:31 INFO  Dir:   plugin_apt/
07:45:31 INFO  Title: Validate apt plugin prepare - dense version
07:45:31 INFO  ==============================================================
07:45:31 INFO  Testing the apt plugin is not supported on this platform.To run the tests call PySys with -XmyPlatform='container' ... skipped
07:45:31 WARN  Aborted test due to SKIPPED outcome
07:45:31 INFO  
07:45:31 INFO  Test duration: 0.02 secs
07:45:31 INFO  Test final outcome:  SKIPPED
07:45:31 INFO  Test outcome reason: Testing the apt plugin is not supported on this platform.To run the tests call PySys with -XmyPlatform='container'
07:45:31 INFO  
</system-out>
	</testcase>
<testcase classname="AptPluginInstallDense" name="apt_install">
		<skipped message="SKIPPED: Testing the apt plugin is not supported on this platform.To run the tests call PySys with -XmyPlatform='container'" />
		<system-out>07:45:14 INFO  ==============================================================
07:45:14 INFO  Id:    apt_install
07:45:14 INFO  Dir:   plugin_apt/
07:45:14 INFO  Title: Validate apt plugin prepare - dense version
07:45:14 INFO  ==============================================================
07:45:14 INFO  Testing the apt plugin is not supported on this platform.To run the tests call PySys with -XmyPlatform='container' ... skipped
07:45:14 WARN  Aborted test due to SKIPPED outcome
07:45:14 INFO  
07:45:14 INFO  Test duration: 0.02 secs
07:45:14 INFO  Test final outcome:  SKIPPED
07:45:14 INFO  Test outcome reason: Testing the apt plugin is not supported on this platform.To run the tests call PySys with -XmyPlatform='container'
07:45:14 INFO  
</system-out>
	</testcase>
<testcase classname="AptPluginInstallDense" name="apt_install">
		<skipped message="SKIPPED: Testing the apt plugin is not supported on this platform.To run the tests call PySys with -XmyPlatform='container'" />
		<system-out>07:45:12 INFO  ==============================================================
07:45:12 INFO  Id:    apt_install
07:45:12 INFO  Dir:   plugin_apt/
07:45:12 INFO  Title: Validate apt plugin prepare - dense version
07:45:12 INFO  ==============================================================
07:45:12 INFO  Testing the apt plugin is not supported on this platform.To run the tests call PySys with -XmyPlatform='container' ... skipped
07:45:12 WARN  Aborted test due to SKIPPED outcome
07:45:12 INFO  
07:45:12 INFO  Test duration: 0.02 secs
07:45:12 INFO  Test final outcome:  SKIPPED
07:45:12 INFO  Test outcome reason: Testing the apt plugin is not supported on this platform.To run the tests call PySys with -XmyPlatform='container'
07:45:12 INFO  
</system-out>
	</testcase>
<testcase classname="AptPluginInstallDense" name="apt_install">
		<skipped message="SKIPPED: Testing the apt plugin is not supported on this platform.To run the tests call PySys with -XmyPlatform='container'" />
		<system-out>07:45:28 INFO  ==============================================================
07:45:28 INFO  Id:    apt_install
07:45:28 INFO  Dir:   plugin_apt/
07:45:28 INFO  Title: Validate apt plugin prepare - dense version
07:45:28 INFO  ==============================================================
07:45:28 INFO  Testing the apt plugin is not supported on this platform.To run the tests call PySys with -XmyPlatform='container' ... skipped
07:45:28 WARN  Aborted test due to SKIPPED outcome
07:45:28 INFO  
07:45:28 INFO  Test duration: 0.02 secs
07:45:28 INFO  Test final outcome:  SKIPPED
07:45:28 INFO  Test outcome reason: Testing the apt plugin is not supported on this platform.To run the tests call PySys with -XmyPlatform='container'
07:45:28 INFO  
</system-out>
	</testcase>
</testsuite><testsuite name="apt_install_fail" tests="4" errors="0" failures="0" skipped="4" time="0"><testcase classname="AptPluginInstallFail" name="apt_install_fail">
		<skipped message="SKIPPED: Testing the apt plugin is not supported on this platform.To run the tests call PySys with -XmyPlatform='container'" />
		<system-out>07:45:31 INFO  ==============================================================
07:45:31 INFO  Id:    apt_install_fail
07:45:31 INFO  Dir:   plugin_apt/
07:45:31 INFO  Title: Validate apt plugin prepare - failing
07:45:31 INFO  ==============================================================
07:45:31 INFO  Testing the apt plugin is not supported on this platform.To run the tests call PySys with -XmyPlatform='container' ... skipped
07:45:31 WARN  Aborted test due to SKIPPED outcome
07:45:31 INFO  
07:45:31 INFO  Test duration: 0.02 secs
07:45:31 INFO  Test final outcome:  SKIPPED
07:45:31 INFO  Test outcome reason: Testing the apt plugin is not supported on this platform.To run the tests call PySys with -XmyPlatform='container'
07:45:31 INFO  
</system-out>
	</testcase>
<testcase classname="AptPluginInstallFail" name="apt_install_fail">
		<skipped message="SKIPPED: Testing the apt plugin is not supported on this platform.To run the tests call PySys with -XmyPlatform='container'" />
		<system-out>07:45:14 INFO  ==============================================================
07:45:14 INFO  Id:    apt_install_fail
07:45:14 INFO  Dir:   plugin_apt/
07:45:14 INFO  Title: Validate apt plugin prepare - failing
07:45:14 INFO  ==============================================================
07:45:14 INFO  Testing the apt plugin is not supported on this platform.To run the tests call PySys with -XmyPlatform='container' ... skipped
07:45:14 WARN  Aborted test due to SKIPPED outcome
07:45:14 INFO  
07:45:14 INFO  Test duration: 0.02 secs
07:45:14 INFO  Test final outcome:  SKIPPED
07:45:14 INFO  Test outcome reason: Testing the apt plugin is not supported on this platform.To run the tests call PySys with -XmyPlatform='container'
07:45:14 INFO  
</system-out>
	</testcase>
<testcase classname="AptPluginInstallFail" name="apt_install_fail">
		<skipped message="SKIPPED: Testing the apt plugin is not supported on this platform.To run the tests call PySys with -XmyPlatform='container'" />
		<system-out>07:45:12 INFO  ==============================================================
07:45:12 INFO  Id:    apt_install_fail
07:45:12 INFO  Dir:   plugin_apt/
07:45:12 INFO  Title: Validate apt plugin prepare - failing
07:45:12 INFO  ==============================================================
07:45:13 INFO  Testing the apt plugin is not supported on this platform.To run the tests call PySys with -XmyPlatform='container' ... skipped
07:45:13 WARN  Aborted test due to SKIPPED outcome
07:45:13 INFO  
07:45:13 INFO  Test duration: 0.02 secs
07:45:13 INFO  Test final outcome:  SKIPPED
07:45:13 INFO  Test outcome reason: Testing the apt plugin is not supported on this platform.To run the tests call PySys with -XmyPlatform='container'
07:45:13 INFO  
</system-out>
	</testcase>
<testcase classname="AptPluginInstallFail" name="apt_install_fail">
		<skipped message="SKIPPED: Testing the apt plugin is not supported on this platform.To run the tests call PySys with -XmyPlatform='container'" />
		<system-out>07:45:28 INFO  ==============================================================
07:45:28 INFO  Id:    apt_install_fail
07:45:28 INFO  Dir:   plugin_apt/
07:45:28 INFO  Title: Validate apt plugin prepare - failing
07:45:28 INFO  ==============================================================
07:45:28 INFO  Testing the apt plugin is not supported on this platform.To run the tests call PySys with -XmyPlatform='container' ... skipped
07:45:28 WARN  Aborted test due to SKIPPED outcome
07:45:28 INFO  
07:45:28 INFO  Test duration: 0.02 secs
07:45:28 INFO  Test final outcome:  SKIPPED
07:45:28 INFO  Test outcome reason: Testing the apt plugin is not supported on this platform.To run the tests call PySys with -XmyPlatform='container'
07:45:28 INFO  
</system-out>
	</testcase>
</testsuite><testsuite name="apt_install_local_file" tests="4" errors="0" failures="0" skipped="4" time="0"><testcase classname="AptPluginInstallFromLocalFile" name="apt_install_local_file">
		<skipped message="SKIPPED: Testing the apt plugin is not supported on this platform.To run the tests call PySys with -XmyPlatform='container'" />
		<system-out>07:45:31 INFO  ==============================================================
07:45:31 INFO  Id:    apt_install_local_file
07:45:31 INFO  Dir:   plugin_apt/
07:45:31 INFO  Title: Validate apt plugin install from local file - SUCCESS case
07:45:31 INFO  ==============================================================
07:45:31 INFO  Testing the apt plugin is not supported on this platform.To run the tests call PySys with -XmyPlatform='container' ... skipped
07:45:31 WARN  Aborted test due to SKIPPED outcome
07:45:31 INFO  
07:45:31 INFO  Test duration: 0.02 secs
07:45:31 INFO  Test final outcome:  SKIPPED
07:45:31 INFO  Test outcome reason: Testing the apt plugin is not supported on this platform.To run the tests call PySys with -XmyPlatform='container'
07:45:31 INFO  
</system-out>
	</testcase>
<testcase classname="AptPluginInstallFromLocalFile" name="apt_install_local_file">
		<skipped message="SKIPPED: Testing the apt plugin is not supported on this platform.To run the tests call PySys with -XmyPlatform='container'" />
		<system-out>07:45:14 INFO  ==============================================================
07:45:14 INFO  Id:    apt_install_local_file
07:45:14 INFO  Dir:   plugin_apt/
07:45:14 INFO  Title: Validate apt plugin install from local file - SUCCESS case
07:45:14 INFO  ==============================================================
07:45:14 INFO  Testing the apt plugin is not supported on this platform.To run the tests call PySys with -XmyPlatform='container' ... skipped
07:45:14 WARN  Aborted test due to SKIPPED outcome
07:45:14 INFO  
07:45:14 INFO  Test duration: 0.02 secs
07:45:14 INFO  Test final outcome:  SKIPPED
07:45:14 INFO  Test outcome reason: Testing the apt plugin is not supported on this platform.To run the tests call PySys with -XmyPlatform='container'
07:45:14 INFO  
</system-out>
	</testcase>
<testcase classname="AptPluginInstallFromLocalFile" name="apt_install_local_file">
		<skipped message="SKIPPED: Testing the apt plugin is not supported on this platform.To run the tests call PySys with -XmyPlatform='container'" />
		<system-out>07:45:13 INFO  ==============================================================
07:45:13 INFO  Id:    apt_install_local_file
07:45:13 INFO  Dir:   plugin_apt/
07:45:13 INFO  Title: Validate apt plugin install from local file - SUCCESS case
07:45:13 INFO  ==============================================================
07:45:13 INFO  Testing the apt plugin is not supported on this platform.To run the tests call PySys with -XmyPlatform='container' ... skipped
07:45:13 WARN  Aborted test due to SKIPPED outcome
07:45:13 INFO  
07:45:13 INFO  Test duration: 0.02 secs
07:45:13 INFO  Test final outcome:  SKIPPED
07:45:13 INFO  Test outcome reason: Testing the apt plugin is not supported on this platform.To run the tests call PySys with -XmyPlatform='container'
07:45:13 INFO  
</system-out>
	</testcase>
<testcase classname="AptPluginInstallFromLocalFile" name="apt_install_local_file">
		<skipped message="SKIPPED: Testing the apt plugin is not supported on this platform.To run the tests call PySys with -XmyPlatform='container'" />
		<system-out>07:45:28 INFO  ==============================================================
07:45:28 INFO  Id:    apt_install_local_file
07:45:28 INFO  Dir:   plugin_apt/
07:45:28 INFO  Title: Validate apt plugin install from local file - SUCCESS case
07:45:28 INFO  ==============================================================
07:45:28 INFO  Testing the apt plugin is not supported on this platform.To run the tests call PySys with -XmyPlatform='container' ... skipped
07:45:28 WARN  Aborted test due to SKIPPED outcome
07:45:28 INFO  
07:45:28 INFO  Test duration: 0.02 secs
07:45:28 INFO  Test final outcome:  SKIPPED
07:45:28 INFO  Test outcome reason: Testing the apt plugin is not supported on this platform.To run the tests call PySys with -XmyPlatform='container'
07:45:28 INFO  
</system-out>
	</testcase>
</testsuite><testsuite name="apt_install_local_file_fail" tests="4" errors="0" failures="0" skipped="4" time="0"><testcase classname="AptPluginInstallFromLocalFileFail" name="apt_install_local_file_fail">
		<skipped message="SKIPPED: Testing the apt plugin is not supported on this platform.To run the tests call PySys with -XmyPlatform='container'" />
		<system-out>07:45:31 INFO  ==============================================================
07:45:31 INFO  Id:    apt_install_local_file_fail
07:45:31 INFO  Dir:   plugin_apt/
07:45:31 INFO  Title: Validate apt plugin install from local file - FAIL case
07:45:31 INFO  ==============================================================
07:45:31 INFO  Testing the apt plugin is not supported on this platform.To run the tests call PySys with -XmyPlatform='container' ... skipped
07:45:31 WARN  Aborted test due to SKIPPED outcome
07:45:31 INFO  
07:45:31 INFO  Test duration: 0.02 secs
07:45:31 INFO  Test final outcome:  SKIPPED
07:45:31 INFO  Test outcome reason: Testing the apt plugin is not supported on this platform.To run the tests call PySys with -XmyPlatform='container'
07:45:31 INFO  
</system-out>
	</testcase>
<testcase classname="AptPluginInstallFromLocalFileFail" name="apt_install_local_file_fail">
		<skipped message="SKIPPED: Testing the apt plugin is not supported on this platform.To run the tests call PySys with -XmyPlatform='container'" />
		<system-out>07:45:14 INFO  ==============================================================
07:45:14 INFO  Id:    apt_install_local_file_fail
07:45:14 INFO  Dir:   plugin_apt/
07:45:14 INFO  Title: Validate apt plugin install from local file - FAIL case
07:45:14 INFO  ==============================================================
07:45:14 INFO  Testing the apt plugin is not supported on this platform.To run the tests call PySys with -XmyPlatform='container' ... skipped
07:45:14 WARN  Aborted test due to SKIPPED outcome
07:45:14 INFO  
07:45:14 INFO  Test duration: 0.02 secs
07:45:14 INFO  Test final outcome:  SKIPPED
07:45:14 INFO  Test outcome reason: Testing the apt plugin is not supported on this platform.To run the tests call PySys with -XmyPlatform='container'
07:45:14 INFO  
</system-out>
	</testcase>
<testcase classname="AptPluginInstallFromLocalFileFail" name="apt_install_local_file_fail">
		<skipped message="SKIPPED: Testing the apt plugin is not supported on this platform.To run the tests call PySys with -XmyPlatform='container'" />
		<system-out>07:45:13 INFO  ==============================================================
07:45:13 INFO  Id:    apt_install_local_file_fail
07:45:13 INFO  Dir:   plugin_apt/
07:45:13 INFO  Title: Validate apt plugin install from local file - FAIL case
07:45:13 INFO  ==============================================================
07:45:13 INFO  Testing the apt plugin is not supported on this platform.To run the tests call PySys with -XmyPlatform='container' ... skipped
07:45:13 WARN  Aborted test due to SKIPPED outcome
07:45:13 INFO  
07:45:13 INFO  Test duration: 0.04 secs
07:45:13 INFO  Test final outcome:  SKIPPED
07:45:13 INFO  Test outcome reason: Testing the apt plugin is not supported on this platform.To run the tests call PySys with -XmyPlatform='container'
07:45:13 INFO  
</system-out>
	</testcase>
<testcase classname="AptPluginInstallFromLocalFileFail" name="apt_install_local_file_fail">
		<skipped message="SKIPPED: Testing the apt plugin is not supported on this platform.To run the tests call PySys with -XmyPlatform='container'" />
		<system-out>07:45:28 INFO  ==============================================================
07:45:28 INFO  Id:    apt_install_local_file_fail
07:45:28 INFO  Dir:   plugin_apt/
07:45:28 INFO  Title: Validate apt plugin install from local file - FAIL case
07:45:28 INFO  ==============================================================
07:45:28 INFO  Testing the apt plugin is not supported on this platform.To run the tests call PySys with -XmyPlatform='container' ... skipped
07:45:28 WARN  Aborted test due to SKIPPED outcome
07:45:28 INFO  
07:45:28 INFO  Test duration: 0.02 secs
07:45:28 INFO  Test final outcome:  SKIPPED
07:45:28 INFO  Test outcome reason: Testing the apt plugin is not supported on this platform.To run the tests call PySys with -XmyPlatform='container'
07:45:28 INFO  
</system-out>
	</testcase>
</testsuite><testsuite name="apt_install_local_file_with_version" tests="4" errors="0" failures="0" skipped="4" time="0"><testcase classname="AptPluginInstallFromLocalFileWithVersion" name="apt_install_local_file_with_version">
		<skipped message="SKIPPED: Testing the apt plugin is not supported on this platform.To run the tests call PySys with -XmyPlatform='container'" />
		<system-out>07:45:31 INFO  ==============================================================
07:45:31 INFO  Id:    apt_install_local_file_with_version
07:45:31 INFO  Dir:   plugin_apt/
07:45:31 INFO  Title: Validate apt plugin install from local file AND with a version - SUCCESS case
07:45:31 INFO  ==============================================================
07:45:31 INFO  Testing the apt plugin is not supported on this platform.To run the tests call PySys with -XmyPlatform='container' ... skipped
07:45:31 WARN  Aborted test due to SKIPPED outcome
07:45:31 INFO  
07:45:31 INFO  Test duration: 0.02 secs
07:45:31 INFO  Test final outcome:  SKIPPED
07:45:31 INFO  Test outcome reason: Testing the apt plugin is not supported on this platform.To run the tests call PySys with -XmyPlatform='container'
07:45:31 INFO  
</system-out>
	</testcase>
<testcase classname="AptPluginInstallFromLocalFileWithVersion" name="apt_install_local_file_with_version">
		<skipped message="SKIPPED: Testing the apt plugin is not supported on this platform.To run the tests call PySys with -XmyPlatform='container'" />
		<system-out>07:45:14 INFO  ==============================================================
07:45:14 INFO  Id:    apt_install_local_file_with_version
07:45:14 INFO  Dir:   plugin_apt/
07:45:14 INFO  Title: Validate apt plugin install from local file AND with a version - SUCCESS case
07:45:14 INFO  ==============================================================
07:45:14 INFO  Testing the apt plugin is not supported on this platform.To run the tests call PySys with -XmyPlatform='container' ... skipped
07:45:14 WARN  Aborted test due to SKIPPED outcome
07:45:14 INFO  
07:45:14 INFO  Test duration: 0.02 secs
07:45:14 INFO  Test final outcome:  SKIPPED
07:45:14 INFO  Test outcome reason: Testing the apt plugin is not supported on this platform.To run the tests call PySys with -XmyPlatform='container'
07:45:14 INFO  
</system-out>
	</testcase>
<testcase classname="AptPluginInstallFromLocalFileWithVersion" name="apt_install_local_file_with_version">
		<skipped message="SKIPPED: Testing the apt plugin is not supported on this platform.To run the tests call PySys with -XmyPlatform='container'" />
		<system-out>07:45:13 INFO  ==============================================================
07:45:13 INFO  Id:    apt_install_local_file_with_version
07:45:13 INFO  Dir:   plugin_apt/
07:45:13 INFO  Title: Validate apt plugin install from local file AND with a version - SUCCESS case
07:45:13 INFO  ==============================================================
07:45:13 INFO  Testing the apt plugin is not supported on this platform.To run the tests call PySys with -XmyPlatform='container' ... skipped
07:45:13 WARN  Aborted test due to SKIPPED outcome
07:45:13 INFO  
07:45:13 INFO  Test duration: 0.02 secs
07:45:13 INFO  Test final outcome:  SKIPPED
07:45:13 INFO  Test outcome reason: Testing the apt plugin is not supported on this platform.To run the tests call PySys with -XmyPlatform='container'
07:45:13 INFO  
</system-out>
	</testcase>
<testcase classname="AptPluginInstallFromLocalFileWithVersion" name="apt_install_local_file_with_version">
		<skipped message="SKIPPED: Testing the apt plugin is not supported on this platform.To run the tests call PySys with -XmyPlatform='container'" />
		<system-out>07:45:28 INFO  ==============================================================
07:45:28 INFO  Id:    apt_install_local_file_with_version
07:45:28 INFO  Dir:   plugin_apt/
07:45:28 INFO  Title: Validate apt plugin install from local file AND with a version - SUCCESS case
07:45:28 INFO  ==============================================================
07:45:28 INFO  Testing the apt plugin is not supported on this platform.To run the tests call PySys with -XmyPlatform='container' ... skipped
07:45:28 WARN  Aborted test due to SKIPPED outcome
07:45:28 INFO  
07:45:28 INFO  Test duration: 0.02 secs
07:45:28 INFO  Test final outcome:  SKIPPED
07:45:28 INFO  Test outcome reason: Testing the apt plugin is not supported on this platform.To run the tests call PySys with -XmyPlatform='container'
07:45:28 INFO  
</system-out>
	</testcase>
</testsuite><testsuite name="apt_install_local_file_with_version_fail" tests="4" errors="0" failures="0" skipped="4" time="0"><testcase classname="AptPluginInstallFromLocalFileWithVersionFail" name="apt_install_local_file_with_version_fail">
		<skipped message="SKIPPED: Testing the apt plugin is not supported on this platform.To run the tests call PySys with -XmyPlatform='container'" />
		<system-out>07:45:31 INFO  ==============================================================
07:45:31 INFO  Id:    apt_install_local_file_with_version_fail
07:45:31 INFO  Dir:   plugin_apt/
07:45:31 INFO  Title: Validate apt plugin install from local file AND with a version - FAIL case
07:45:31 INFO  ==============================================================
07:45:31 INFO  Testing the apt plugin is not supported on this platform.To run the tests call PySys with -XmyPlatform='container' ... skipped
07:45:31 WARN  Aborted test due to SKIPPED outcome
07:45:31 INFO  
07:45:31 INFO  Test duration: 0.02 secs
07:45:31 INFO  Test final outcome:  SKIPPED
07:45:31 INFO  Test outcome reason: Testing the apt plugin is not supported on this platform.To run the tests call PySys with -XmyPlatform='container'
07:45:31 INFO  
</system-out>
	</testcase>
<testcase classname="AptPluginInstallFromLocalFileWithVersionFail" name="apt_install_local_file_with_version_fail">
		<skipped message="SKIPPED: Testing the apt plugin is not supported on this platform.To run the tests call PySys with -XmyPlatform='container'" />
		<system-out>07:45:14 INFO  ==============================================================
07:45:14 INFO  Id:    apt_install_local_file_with_version_fail
07:45:14 INFO  Dir:   plugin_apt/
07:45:14 INFO  Title: Validate apt plugin install from local file AND with a version - FAIL case
07:45:14 INFO  ==============================================================
07:45:14 INFO  Testing the apt plugin is not supported on this platform.To run the tests call PySys with -XmyPlatform='container' ... skipped
07:45:14 WARN  Aborted test due to SKIPPED outcome
07:45:14 INFO  
07:45:14 INFO  Test duration: 0.02 secs
07:45:14 INFO  Test final outcome:  SKIPPED
07:45:14 INFO  Test outcome reason: Testing the apt plugin is not supported on this platform.To run the tests call PySys with -XmyPlatform='container'
07:45:14 INFO  
</system-out>
	</testcase>
<testcase classname="AptPluginInstallFromLocalFileWithVersionFail" name="apt_install_local_file_with_version_fail">
		<skipped message="SKIPPED: Testing the apt plugin is not supported on this platform.To run the tests call PySys with -XmyPlatform='container'" />
		<system-out>07:45:13 INFO  ==============================================================
07:45:13 INFO  Id:    apt_install_local_file_with_version_fail
07:45:13 INFO  Dir:   plugin_apt/
07:45:13 INFO  Title: Validate apt plugin install from local file AND with a version - FAIL case
07:45:13 INFO  ==============================================================
07:45:13 INFO  Testing the apt plugin is not supported on this platform.To run the tests call PySys with -XmyPlatform='container' ... skipped
07:45:13 WARN  Aborted test due to SKIPPED outcome
07:45:13 INFO  
07:45:13 INFO  Test duration: 0.02 secs
07:45:13 INFO  Test final outcome:  SKIPPED
07:45:13 INFO  Test outcome reason: Testing the apt plugin is not supported on this platform.To run the tests call PySys with -XmyPlatform='container'
07:45:13 INFO  
</system-out>
	</testcase>
<testcase classname="AptPluginInstallFromLocalFileWithVersionFail" name="apt_install_local_file_with_version_fail">
		<skipped message="SKIPPED: Testing the apt plugin is not supported on this platform.To run the tests call PySys with -XmyPlatform='container'" />
		<system-out>07:45:29 INFO  ==============================================================
07:45:29 INFO  Id:    apt_install_local_file_with_version_fail
07:45:29 INFO  Dir:   plugin_apt/
07:45:29 INFO  Title: Validate apt plugin install from local file AND with a version - FAIL case
07:45:29 INFO  ==============================================================
07:45:29 INFO  Testing the apt plugin is not supported on this platform.To run the tests call PySys with -XmyPlatform='container' ... skipped
07:45:29 WARN  Aborted test due to SKIPPED outcome
07:45:29 INFO  
07:45:29 INFO  Test duration: 0.02 secs
07:45:29 INFO  Test final outcome:  SKIPPED
07:45:29 INFO  Test outcome reason: Testing the apt plugin is not supported on this platform.To run the tests call PySys with -XmyPlatform='container'
07:45:29 INFO  
</system-out>
	</testcase>
</testsuite><testsuite name="apt_list_format" tests="4" errors="0" failures="0" skipped="0" time="0"><testcase classname="AptPluginListFormat" name="apt_list_format" />
<testcase classname="AptPluginListFormat" name="apt_list_format" />
<testcase classname="AptPluginListFormat" name="apt_list_format" />
<testcase classname="AptPluginListFormat" name="apt_list_format" />
</testsuite><testsuite name="apt_prepare" tests="4" errors="0" failures="0" skipped="4" time="0"><testcase classname="AptPluginPrepare" name="apt_prepare">
		<skipped message="SKIPPED: Testing the apt plugin is not supported on this platform.To run the tests call PySys with -XmyPlatform='container'" />
		<system-out>07:45:34 INFO  ==============================================================
07:45:34 INFO  Id:    apt_prepare
07:45:34 INFO  Dir:   plugin_apt/
07:45:34 INFO  Title: Validate apt plugin install - dense version
07:45:34 INFO  ==============================================================
07:45:34 INFO  Testing the apt plugin is not supported on this platform.To run the tests call PySys with -XmyPlatform='container' ... skipped
07:45:34 WARN  Aborted test due to SKIPPED outcome
07:45:34 INFO  
07:45:34 INFO  Test duration: 0.02 secs
07:45:34 INFO  Test final outcome:  SKIPPED
07:45:34 INFO  Test outcome reason: Testing the apt plugin is not supported on this platform.To run the tests call PySys with -XmyPlatform='container'
07:45:34 INFO  
</system-out>
	</testcase>
<testcase classname="AptPluginPrepare" name="apt_prepare">
		<skipped message="SKIPPED: Testing the apt plugin is not supported on this platform.To run the tests call PySys with -XmyPlatform='container'" />
		<system-out>07:45:18 INFO  ==============================================================
07:45:18 INFO  Id:    apt_prepare
07:45:18 INFO  Dir:   plugin_apt/
07:45:18 INFO  Title: Validate apt plugin install - dense version
07:45:18 INFO  ==============================================================
07:45:18 INFO  Testing the apt plugin is not supported on this platform.To run the tests call PySys with -XmyPlatform='container' ... skipped
07:45:18 WARN  Aborted test due to SKIPPED outcome
07:45:18 INFO  
07:45:18 INFO  Test duration: 0.03 secs
07:45:18 INFO  Test final outcome:  SKIPPED
07:45:18 INFO  Test outcome reason: Testing the apt plugin is not supported on this platform.To run the tests call PySys with -XmyPlatform='container'
07:45:18 INFO  
</system-out>
	</testcase>
<testcase classname="AptPluginPrepare" name="apt_prepare">
		<skipped message="SKIPPED: Testing the apt plugin is not supported on this platform.To run the tests call PySys with -XmyPlatform='container'" />
		<system-out>07:45:16 INFO  ==============================================================
07:45:16 INFO  Id:    apt_prepare
07:45:16 INFO  Dir:   plugin_apt/
07:45:16 INFO  Title: Validate apt plugin install - dense version
07:45:16 INFO  ==============================================================
07:45:16 INFO  Testing the apt plugin is not supported on this platform.To run the tests call PySys with -XmyPlatform='container' ... skipped
07:45:16 WARN  Aborted test due to SKIPPED outcome
07:45:16 INFO  
07:45:16 INFO  Test duration: 0.02 secs
07:45:16 INFO  Test final outcome:  SKIPPED
07:45:16 INFO  Test outcome reason: Testing the apt plugin is not supported on this platform.To run the tests call PySys with -XmyPlatform='container'
07:45:16 INFO  
</system-out>
	</testcase>
<testcase classname="AptPluginPrepare" name="apt_prepare">
		<skipped message="SKIPPED: Testing the apt plugin is not supported on this platform.To run the tests call PySys with -XmyPlatform='container'" />
		<system-out>07:45:32 INFO  ==============================================================
07:45:32 INFO  Id:    apt_prepare
07:45:32 INFO  Dir:   plugin_apt/
07:45:32 INFO  Title: Validate apt plugin install - dense version
07:45:32 INFO  ==============================================================
07:45:32 INFO  Testing the apt plugin is not supported on this platform.To run the tests call PySys with -XmyPlatform='container' ... skipped
07:45:32 WARN  Aborted test due to SKIPPED outcome
07:45:32 INFO  
07:45:32 INFO  Test duration: 0.02 secs
07:45:32 INFO  Test final outcome:  SKIPPED
07:45:32 INFO  Test outcome reason: Testing the apt plugin is not supported on this platform.To run the tests call PySys with -XmyPlatform='container'
07:45:32 INFO  
</system-out>
	</testcase>
</testsuite><testsuite name="apt_prepare_install_finalize" tests="4" errors="0" failures="0" skipped="4" time="0"><testcase classname="AptPluginPrepareInstallFinalize" name="apt_prepare_install_finalize">
		<skipped message="SKIPPED: Testing the apt plugin is not supported on this platform.To run the tests call PySys with -XmyPlatform='container'" />
		<system-out>07:45:34 INFO  ==============================================================
07:45:34 INFO  Id:    apt_prepare_install_finalize
07:45:34 INFO  Dir:   plugin_apt/
07:45:34 INFO  Title: Validate apt plugin install use case
07:45:34 INFO  ==============================================================
07:45:34 INFO  Testing the apt plugin is not supported on this platform.To run the tests call PySys with -XmyPlatform='container' ... skipped
07:45:34 WARN  Aborted test due to SKIPPED outcome
07:45:34 INFO  
07:45:34 INFO  Test duration: 0.02 secs
07:45:34 INFO  Test final outcome:  SKIPPED
07:45:34 INFO  Test outcome reason: Testing the apt plugin is not supported on this platform.To run the tests call PySys with -XmyPlatform='container'
07:45:34 INFO  
</system-out>
	</testcase>
<testcase classname="AptPluginPrepareInstallFinalize" name="apt_prepare_install_finalize">
		<skipped message="SKIPPED: Testing the apt plugin is not supported on this platform.To run the tests call PySys with -XmyPlatform='container'" />
		<system-out>07:45:18 INFO  ==============================================================
07:45:18 INFO  Id:    apt_prepare_install_finalize
07:45:18 INFO  Dir:   plugin_apt/
07:45:18 INFO  Title: Validate apt plugin install use case
07:45:18 INFO  ==============================================================
07:45:18 INFO  Testing the apt plugin is not supported on this platform.To run the tests call PySys with -XmyPlatform='container' ... skipped
07:45:18 WARN  Aborted test due to SKIPPED outcome
07:45:18 INFO  
07:45:18 INFO  Test duration: 0.02 secs
07:45:18 INFO  Test final outcome:  SKIPPED
07:45:18 INFO  Test outcome reason: Testing the apt plugin is not supported on this platform.To run the tests call PySys with -XmyPlatform='container'
07:45:18 INFO  
</system-out>
	</testcase>
<testcase classname="AptPluginPrepareInstallFinalize" name="apt_prepare_install_finalize">
		<skipped message="SKIPPED: Testing the apt plugin is not supported on this platform.To run the tests call PySys with -XmyPlatform='container'" />
		<system-out>07:45:16 INFO  ==============================================================
07:45:16 INFO  Id:    apt_prepare_install_finalize
07:45:16 INFO  Dir:   plugin_apt/
07:45:16 INFO  Title: Validate apt plugin install use case
07:45:16 INFO  ==============================================================
07:45:16 INFO  Testing the apt plugin is not supported on this platform.To run the tests call PySys with -XmyPlatform='container' ... skipped
07:45:16 WARN  Aborted test due to SKIPPED outcome
07:45:16 INFO  
07:45:16 INFO  Test duration: 0.02 secs
07:45:16 INFO  Test final outcome:  SKIPPED
07:45:16 INFO  Test outcome reason: Testing the apt plugin is not supported on this platform.To run the tests call PySys with -XmyPlatform='container'
07:45:16 INFO  
</system-out>
	</testcase>
<testcase classname="AptPluginPrepareInstallFinalize" name="apt_prepare_install_finalize">
		<skipped message="SKIPPED: Testing the apt plugin is not supported on this platform.To run the tests call PySys with -XmyPlatform='container'" />
		<system-out>07:45:32 INFO  ==============================================================
07:45:32 INFO  Id:    apt_prepare_install_finalize
07:45:32 INFO  Dir:   plugin_apt/
07:45:32 INFO  Title: Validate apt plugin install use case
07:45:32 INFO  ==============================================================
07:45:32 INFO  Testing the apt plugin is not supported on this platform.To run the tests call PySys with -XmyPlatform='container' ... skipped
07:45:32 WARN  Aborted test due to SKIPPED outcome
07:45:32 INFO  
07:45:32 INFO  Test duration: 0.02 secs
07:45:32 INFO  Test final outcome:  SKIPPED
07:45:32 INFO  Test outcome reason: Testing the apt plugin is not supported on this platform.To run the tests call PySys with -XmyPlatform='container'
07:45:32 INFO  
</system-out>
	</testcase>
</testsuite><testsuite name="apt_remove" tests="4" errors="0" failures="0" skipped="4" time="0"><testcase classname="AptPluginRemoveDense" name="apt_remove">
		<skipped message="SKIPPED: Testing the apt plugin is not supported on this platform.To run the tests call PySys with -XmyPlatform='container'" />
		<system-out>07:45:34 INFO  ==============================================================
07:45:34 INFO  Id:    apt_remove
07:45:34 INFO  Dir:   plugin_apt/
07:45:34 INFO  Title: Validate apt plugin prepare - dense version
07:45:34 INFO  ==============================================================
07:45:35 INFO  Testing the apt plugin is not supported on this platform.To run the tests call PySys with -XmyPlatform='container' ... skipped
07:45:35 WARN  Aborted test due to SKIPPED outcome
07:45:35 INFO  
07:45:35 INFO  Test duration: 0.02 secs
07:45:35 INFO  Test final outcome:  SKIPPED
07:45:35 INFO  Test outcome reason: Testing the apt plugin is not supported on this platform.To run the tests call PySys with -XmyPlatform='container'
07:45:35 INFO  
</system-out>
	</testcase>
<testcase classname="AptPluginRemoveDense" name="apt_remove">
		<skipped message="SKIPPED: Testing the apt plugin is not supported on this platform.To run the tests call PySys with -XmyPlatform='container'" />
		<system-out>07:45:18 INFO  ==============================================================
07:45:18 INFO  Id:    apt_remove
07:45:18 INFO  Dir:   plugin_apt/
07:45:18 INFO  Title: Validate apt plugin prepare - dense version
07:45:18 INFO  ==============================================================
07:45:18 INFO  Testing the apt plugin is not supported on this platform.To run the tests call PySys with -XmyPlatform='container' ... skipped
07:45:18 WARN  Aborted test due to SKIPPED outcome
07:45:18 INFO  
07:45:18 INFO  Test duration: 0.02 secs
07:45:18 INFO  Test final outcome:  SKIPPED
07:45:18 INFO  Test outcome reason: Testing the apt plugin is not supported on this platform.To run the tests call PySys with -XmyPlatform='container'
07:45:18 INFO  
</system-out>
	</testcase>
<testcase classname="AptPluginRemoveDense" name="apt_remove">
		<skipped message="SKIPPED: Testing the apt plugin is not supported on this platform.To run the tests call PySys with -XmyPlatform='container'" />
		<system-out>07:45:16 INFO  ==============================================================
07:45:16 INFO  Id:    apt_remove
07:45:16 INFO  Dir:   plugin_apt/
07:45:16 INFO  Title: Validate apt plugin prepare - dense version
07:45:16 INFO  ==============================================================
07:45:16 INFO  Testing the apt plugin is not supported on this platform.To run the tests call PySys with -XmyPlatform='container' ... skipped
07:45:16 WARN  Aborted test due to SKIPPED outcome
07:45:16 INFO  
07:45:16 INFO  Test duration: 0.02 secs
07:45:16 INFO  Test final outcome:  SKIPPED
07:45:16 INFO  Test outcome reason: Testing the apt plugin is not supported on this platform.To run the tests call PySys with -XmyPlatform='container'
07:45:16 INFO  
</system-out>
	</testcase>
<testcase classname="AptPluginRemoveDense" name="apt_remove">
		<skipped message="SKIPPED: Testing the apt plugin is not supported on this platform.To run the tests call PySys with -XmyPlatform='container'" />
		<system-out>07:45:32 INFO  ==============================================================
07:45:32 INFO  Id:    apt_remove
07:45:32 INFO  Dir:   plugin_apt/
07:45:32 INFO  Title: Validate apt plugin prepare - dense version
07:45:32 INFO  ==============================================================
07:45:32 INFO  Testing the apt plugin is not supported on this platform.To run the tests call PySys with -XmyPlatform='container' ... skipped
07:45:32 WARN  Aborted test due to SKIPPED outcome
07:45:32 INFO  
07:45:32 INFO  Test duration: 0.02 secs
07:45:32 INFO  Test final outcome:  SKIPPED
07:45:32 INFO  Test outcome reason: Testing the apt plugin is not supported on this platform.To run the tests call PySys with -XmyPlatform='container'
07:45:32 INFO  
</system-out>
	</testcase>
</testsuite><testsuite name="apt_remove_fail" tests="4" errors="0" failures="0" skipped="4" time="0"><testcase classname="AptPluginRemoveFails" name="apt_remove_fail">
		<skipped message="SKIPPED: Testing the apt plugin is not supported on this platform.To run the tests call PySys with -XmyPlatform='container'" />
		<system-out>07:45:35 INFO  ==============================================================
07:45:35 INFO  Id:    apt_remove_fail
07:45:35 INFO  Dir:   plugin_apt/
07:45:35 INFO  Title: Validate apt plugin prepare - failing
07:45:35 INFO  ==============================================================
07:45:35 INFO  Testing the apt plugin is not supported on this platform.To run the tests call PySys with -XmyPlatform='container' ... skipped
07:45:35 WARN  Aborted test due to SKIPPED outcome
07:45:35 INFO  
07:45:35 INFO  Test duration: 0.02 secs
07:45:35 INFO  Test final outcome:  SKIPPED
07:45:35 INFO  Test outcome reason: Testing the apt plugin is not supported on this platform.To run the tests call PySys with -XmyPlatform='container'
07:45:35 INFO  
</system-out>
	</testcase>
<testcase classname="AptPluginRemoveFails" name="apt_remove_fail">
		<skipped message="SKIPPED: Testing the apt plugin is not supported on this platform.To run the tests call PySys with -XmyPlatform='container'" />
		<system-out>07:45:18 INFO  ==============================================================
07:45:18 INFO  Id:    apt_remove_fail
07:45:18 INFO  Dir:   plugin_apt/
07:45:18 INFO  Title: Validate apt plugin prepare - failing
07:45:18 INFO  ==============================================================
07:45:18 INFO  Testing the apt plugin is not supported on this platform.To run the tests call PySys with -XmyPlatform='container' ... skipped
07:45:18 WARN  Aborted test due to SKIPPED outcome
07:45:18 INFO  
07:45:18 INFO  Test duration: 0.02 secs
07:45:18 INFO  Test final outcome:  SKIPPED
07:45:18 INFO  Test outcome reason: Testing the apt plugin is not supported on this platform.To run the tests call PySys with -XmyPlatform='container'
07:45:18 INFO  
</system-out>
	</testcase>
<testcase classname="AptPluginRemoveFails" name="apt_remove_fail">
		<skipped message="SKIPPED: Testing the apt plugin is not supported on this platform.To run the tests call PySys with -XmyPlatform='container'" />
		<system-out>07:45:16 INFO  ==============================================================
07:45:16 INFO  Id:    apt_remove_fail
07:45:16 INFO  Dir:   plugin_apt/
07:45:16 INFO  Title: Validate apt plugin prepare - failing
07:45:16 INFO  ==============================================================
07:45:16 INFO  Testing the apt plugin is not supported on this platform.To run the tests call PySys with -XmyPlatform='container' ... skipped
07:45:16 WARN  Aborted test due to SKIPPED outcome
07:45:16 INFO  
07:45:16 INFO  Test duration: 0.02 secs
07:45:16 INFO  Test final outcome:  SKIPPED
07:45:16 INFO  Test outcome reason: Testing the apt plugin is not supported on this platform.To run the tests call PySys with -XmyPlatform='container'
07:45:16 INFO  
</system-out>
	</testcase>
<testcase classname="AptPluginRemoveFails" name="apt_remove_fail">
		<skipped message="SKIPPED: Testing the apt plugin is not supported on this platform.To run the tests call PySys with -XmyPlatform='container'" />
		<system-out>07:45:32 INFO  ==============================================================
07:45:32 INFO  Id:    apt_remove_fail
07:45:32 INFO  Dir:   plugin_apt/
07:45:32 INFO  Title: Validate apt plugin prepare - failing
07:45:32 INFO  ==============================================================
07:45:32 INFO  Testing the apt plugin is not supported on this platform.To run the tests call PySys with -XmyPlatform='container' ... skipped
07:45:32 WARN  Aborted test due to SKIPPED outcome
07:45:32 INFO  
07:45:32 INFO  Test duration: 0.02 secs
07:45:32 INFO  Test final outcome:  SKIPPED
07:45:32 INFO  Test outcome reason: Testing the apt plugin is not supported on this platform.To run the tests call PySys with -XmyPlatform='container'
07:45:32 INFO  
</system-out>
	</testcase>
</testsuite><testsuite name="apt_sequence_install_with_version" tests="4" errors="0" failures="0" skipped="4" time="0"><testcase classname="AptPluginPrepInstallWithVersionFinalize" name="apt_sequence_install_with_version">
		<skipped message="SKIPPED: Testing the apt plugin is not supported on this platform.To run the tests call PySys with -XmyPlatform='container'" />
		<system-out>07:45:35 INFO  ==============================================================
07:45:35 INFO  Id:    apt_sequence_install_with_version
07:45:35 INFO  Dir:   plugin_apt/
07:45:35 INFO  Title: Validate apt plugin install with version use case
07:45:35 INFO  ==============================================================
07:45:35 INFO  Testing the apt plugin is not supported on this platform.To run the tests call PySys with -XmyPlatform='container' ... skipped
07:45:35 WARN  Aborted test due to SKIPPED outcome
07:45:35 INFO  
07:45:35 INFO  Test duration: 0.02 secs
07:45:35 INFO  Test final outcome:  SKIPPED
07:45:35 INFO  Test outcome reason: Testing the apt plugin is not supported on this platform.To run the tests call PySys with -XmyPlatform='container'
07:45:35 INFO  
</system-out>
	</testcase>
<testcase classname="AptPluginPrepInstallWithVersionFinalize" name="apt_sequence_install_with_version">
		<skipped message="SKIPPED: Testing the apt plugin is not supported on this platform.To run the tests call PySys with -XmyPlatform='container'" />
		<system-out>07:45:18 INFO  ==============================================================
07:45:18 INFO  Id:    apt_sequence_install_with_version
07:45:18 INFO  Dir:   plugin_apt/
07:45:18 INFO  Title: Validate apt plugin install with version use case
07:45:18 INFO  ==============================================================
07:45:18 INFO  Testing the apt plugin is not supported on this platform.To run the tests call PySys with -XmyPlatform='container' ... skipped
07:45:18 WARN  Aborted test due to SKIPPED outcome
07:45:18 INFO  
07:45:18 INFO  Test duration: 0.02 secs
07:45:18 INFO  Test final outcome:  SKIPPED
07:45:18 INFO  Test outcome reason: Testing the apt plugin is not supported on this platform.To run the tests call PySys with -XmyPlatform='container'
07:45:18 INFO  
</system-out>
	</testcase>
<testcase classname="AptPluginPrepInstallWithVersionFinalize" name="apt_sequence_install_with_version">
		<skipped message="SKIPPED: Testing the apt plugin is not supported on this platform.To run the tests call PySys with -XmyPlatform='container'" />
		<system-out>07:45:16 INFO  ==============================================================
07:45:16 INFO  Id:    apt_sequence_install_with_version
07:45:16 INFO  Dir:   plugin_apt/
07:45:16 INFO  Title: Validate apt plugin install with version use case
07:45:16 INFO  ==============================================================
07:45:16 INFO  Testing the apt plugin is not supported on this platform.To run the tests call PySys with -XmyPlatform='container' ... skipped
07:45:16 WARN  Aborted test due to SKIPPED outcome
07:45:16 INFO  
07:45:16 INFO  Test duration: 0.02 secs
07:45:16 INFO  Test final outcome:  SKIPPED
07:45:16 INFO  Test outcome reason: Testing the apt plugin is not supported on this platform.To run the tests call PySys with -XmyPlatform='container'
07:45:16 INFO  
</system-out>
	</testcase>
<testcase classname="AptPluginPrepInstallWithVersionFinalize" name="apt_sequence_install_with_version">
		<skipped message="SKIPPED: Testing the apt plugin is not supported on this platform.To run the tests call PySys with -XmyPlatform='container'" />
		<system-out>07:45:32 INFO  ==============================================================
07:45:32 INFO  Id:    apt_sequence_install_with_version
07:45:32 INFO  Dir:   plugin_apt/
07:45:32 INFO  Title: Validate apt plugin install with version use case
07:45:32 INFO  ==============================================================
07:45:32 INFO  Testing the apt plugin is not supported on this platform.To run the tests call PySys with -XmyPlatform='container' ... skipped
07:45:32 WARN  Aborted test due to SKIPPED outcome
07:45:32 INFO  
07:45:32 INFO  Test duration: 0.02 secs
07:45:32 INFO  Test final outcome:  SKIPPED
07:45:32 INFO  Test outcome reason: Testing the apt plugin is not supported on this platform.To run the tests call PySys with -XmyPlatform='container'
07:45:32 INFO  
</system-out>
	</testcase>
</testsuite><testsuite name="apt_sequence_install_with_version_fail" tests="4" errors="0" failures="0" skipped="4" time="0"><testcase classname="AptPluginInstallWithVersionFails" name="apt_sequence_install_with_version_fail">
		<skipped message="SKIPPED: Testing the apt plugin is not supported on this platform.To run the tests call PySys with -XmyPlatform='container'" />
		<system-out>07:45:35 INFO  ==============================================================
07:45:35 INFO  Id:    apt_sequence_install_with_version_fail
07:45:35 INFO  Dir:   plugin_apt/
07:45:35 INFO  Title: Validate apt plugin install with version fails use case
07:45:35 INFO  ==============================================================
07:45:35 INFO  Testing the apt plugin is not supported on this platform.To run the tests call PySys with -XmyPlatform='container' ... skipped
07:45:35 WARN  Aborted test due to SKIPPED outcome
07:45:35 INFO  
07:45:35 INFO  Test duration: 0.02 secs
07:45:35 INFO  Test final outcome:  SKIPPED
07:45:35 INFO  Test outcome reason: Testing the apt plugin is not supported on this platform.To run the tests call PySys with -XmyPlatform='container'
07:45:35 INFO  
</system-out>
	</testcase>
<testcase classname="AptPluginInstallWithVersionFails" name="apt_sequence_install_with_version_fail">
		<skipped message="SKIPPED: Testing the apt plugin is not supported on this platform.To run the tests call PySys with -XmyPlatform='container'" />
		<system-out>07:45:18 INFO  ==============================================================
07:45:18 INFO  Id:    apt_sequence_install_with_version_fail
07:45:18 INFO  Dir:   plugin_apt/
07:45:18 INFO  Title: Validate apt plugin install with version fails use case
07:45:18 INFO  ==============================================================
07:45:18 INFO  Testing the apt plugin is not supported on this platform.To run the tests call PySys with -XmyPlatform='container' ... skipped
07:45:18 WARN  Aborted test due to SKIPPED outcome
07:45:18 INFO  
07:45:18 INFO  Test duration: 0.02 secs
07:45:18 INFO  Test final outcome:  SKIPPED
07:45:18 INFO  Test outcome reason: Testing the apt plugin is not supported on this platform.To run the tests call PySys with -XmyPlatform='container'
07:45:18 INFO  
</system-out>
	</testcase>
<testcase classname="AptPluginInstallWithVersionFails" name="apt_sequence_install_with_version_fail">
		<skipped message="SKIPPED: Testing the apt plugin is not supported on this platform.To run the tests call PySys with -XmyPlatform='container'" />
		<system-out>07:45:16 INFO  ==============================================================
07:45:16 INFO  Id:    apt_sequence_install_with_version_fail
07:45:16 INFO  Dir:   plugin_apt/
07:45:16 INFO  Title: Validate apt plugin install with version fails use case
07:45:16 INFO  ==============================================================
07:45:16 INFO  Testing the apt plugin is not supported on this platform.To run the tests call PySys with -XmyPlatform='container' ... skipped
07:45:16 WARN  Aborted test due to SKIPPED outcome
07:45:16 INFO  
07:45:16 INFO  Test duration: 0.02 secs
07:45:16 INFO  Test final outcome:  SKIPPED
07:45:16 INFO  Test outcome reason: Testing the apt plugin is not supported on this platform.To run the tests call PySys with -XmyPlatform='container'
07:45:16 INFO  
</system-out>
	</testcase>
<testcase classname="AptPluginInstallWithVersionFails" name="apt_sequence_install_with_version_fail">
		<skipped message="SKIPPED: Testing the apt plugin is not supported on this platform.To run the tests call PySys with -XmyPlatform='container'" />
		<system-out>07:45:32 INFO  ==============================================================
07:45:32 INFO  Id:    apt_sequence_install_with_version_fail
07:45:32 INFO  Dir:   plugin_apt/
07:45:32 INFO  Title: Validate apt plugin install with version fails use case
07:45:32 INFO  ==============================================================
07:45:32 INFO  Testing the apt plugin is not supported on this platform.To run the tests call PySys with -XmyPlatform='container' ... skipped
07:45:32 WARN  Aborted test due to SKIPPED outcome
07:45:32 INFO  
07:45:32 INFO  Test duration: 0.02 secs
07:45:32 INFO  Test final outcome:  SKIPPED
07:45:32 INFO  Test outcome reason: Testing the apt plugin is not supported on this platform.To run the tests call PySys with -XmyPlatform='container'
07:45:32 INFO  
</system-out>
	</testcase>
</testsuite><testsuite name="apt_sequence_remove" tests="4" errors="0" failures="0" skipped="4" time="0"><testcase classname="AptPluginInstallPrepareRemoveFinalize" name="apt_sequence_remove">
		<skipped message="SKIPPED: Testing the apt plugin is not supported on this platform.To run the tests call PySys with -XmyPlatform='container'" />
		<system-out>07:45:35 INFO  ==============================================================
07:45:35 INFO  Id:    apt_sequence_remove
07:45:35 INFO  Dir:   plugin_apt/
07:45:35 INFO  Title: Validate apt plugin prepare install remove finalize use case
07:45:35 INFO  ==============================================================
07:45:35 INFO  Testing the apt plugin is not supported on this platform.To run the tests call PySys with -XmyPlatform='container' ... skipped
07:45:35 WARN  Aborted test due to SKIPPED outcome
07:45:35 INFO  
07:45:35 INFO  Test duration: 0.02 secs
07:45:35 INFO  Test final outcome:  SKIPPED
07:45:35 INFO  Test outcome reason: Testing the apt plugin is not supported on this platform.To run the tests call PySys with -XmyPlatform='container'
07:45:35 INFO  
</system-out>
	</testcase>
<testcase classname="AptPluginInstallPrepareRemoveFinalize" name="apt_sequence_remove">
		<skipped message="SKIPPED: Testing the apt plugin is not supported on this platform.To run the tests call PySys with -XmyPlatform='container'" />
		<system-out>07:45:18 INFO  ==============================================================
07:45:18 INFO  Id:    apt_sequence_remove
07:45:18 INFO  Dir:   plugin_apt/
07:45:18 INFO  Title: Validate apt plugin prepare install remove finalize use case
07:45:18 INFO  ==============================================================
07:45:18 INFO  Testing the apt plugin is not supported on this platform.To run the tests call PySys with -XmyPlatform='container' ... skipped
07:45:18 WARN  Aborted test due to SKIPPED outcome
07:45:18 INFO  
07:45:18 INFO  Test duration: 0.02 secs
07:45:18 INFO  Test final outcome:  SKIPPED
07:45:18 INFO  Test outcome reason: Testing the apt plugin is not supported on this platform.To run the tests call PySys with -XmyPlatform='container'
07:45:18 INFO  
</system-out>
	</testcase>
<testcase classname="AptPluginInstallPrepareRemoveFinalize" name="apt_sequence_remove">
		<skipped message="SKIPPED: Testing the apt plugin is not supported on this platform.To run the tests call PySys with -XmyPlatform='container'" />
		<system-out>07:45:16 INFO  ==============================================================
07:45:16 INFO  Id:    apt_sequence_remove
07:45:16 INFO  Dir:   plugin_apt/
07:45:16 INFO  Title: Validate apt plugin prepare install remove finalize use case
07:45:16 INFO  ==============================================================
07:45:16 INFO  Testing the apt plugin is not supported on this platform.To run the tests call PySys with -XmyPlatform='container' ... skipped
07:45:16 WARN  Aborted test due to SKIPPED outcome
07:45:16 INFO  
07:45:16 INFO  Test duration: 0.02 secs
07:45:16 INFO  Test final outcome:  SKIPPED
07:45:16 INFO  Test outcome reason: Testing the apt plugin is not supported on this platform.To run the tests call PySys with -XmyPlatform='container'
07:45:16 INFO  
</system-out>
	</testcase>
<testcase classname="AptPluginInstallPrepareRemoveFinalize" name="apt_sequence_remove">
		<skipped message="SKIPPED: Testing the apt plugin is not supported on this platform.To run the tests call PySys with -XmyPlatform='container'" />
		<system-out>07:45:32 INFO  ==============================================================
07:45:32 INFO  Id:    apt_sequence_remove
07:45:32 INFO  Dir:   plugin_apt/
07:45:32 INFO  Title: Validate apt plugin prepare install remove finalize use case
07:45:32 INFO  ==============================================================
07:45:32 INFO  Testing the apt plugin is not supported on this platform.To run the tests call PySys with -XmyPlatform='container' ... skipped
07:45:32 WARN  Aborted test due to SKIPPED outcome
07:45:32 INFO  
07:45:32 INFO  Test duration: 0.02 secs
07:45:32 INFO  Test final outcome:  SKIPPED
07:45:32 INFO  Test outcome reason: Testing the apt plugin is not supported on this platform.To run the tests call PySys with -XmyPlatform='container'
07:45:32 INFO  
</system-out>
	</testcase>
</testsuite><testsuite name="apt_sequence_remove_with_version" tests="4" errors="0" failures="0" skipped="4" time="0"><testcase classname="AptPluginRemoveWithVersion" name="apt_sequence_remove_with_version">
		<skipped message="SKIPPED: Testing the apt plugin is not supported on this platform.To run the tests call PySys with -XmyPlatform='container'" />
		<system-out>07:45:35 INFO  ==============================================================
07:45:35 INFO  Id:    apt_sequence_remove_with_version
07:45:35 INFO  Dir:   plugin_apt/
07:45:35 INFO  Title: Validate apt plugin remove with version use case
07:45:35 INFO  ==============================================================
07:45:35 INFO  Testing the apt plugin is not supported on this platform.To run the tests call PySys with -XmyPlatform='container' ... skipped
07:45:35 WARN  Aborted test due to SKIPPED outcome
07:45:35 INFO  
07:45:35 INFO  Test duration: 0.02 secs
07:45:35 INFO  Test final outcome:  SKIPPED
07:45:35 INFO  Test outcome reason: Testing the apt plugin is not supported on this platform.To run the tests call PySys with -XmyPlatform='container'
07:45:35 INFO  
</system-out>
	</testcase>
<testcase classname="AptPluginRemoveWithVersion" name="apt_sequence_remove_with_version">
		<skipped message="SKIPPED: Testing the apt plugin is not supported on this platform.To run the tests call PySys with -XmyPlatform='container'" />
		<system-out>07:45:18 INFO  ==============================================================
07:45:18 INFO  Id:    apt_sequence_remove_with_version
07:45:18 INFO  Dir:   plugin_apt/
07:45:18 INFO  Title: Validate apt plugin remove with version use case
07:45:18 INFO  ==============================================================
07:45:18 INFO  Testing the apt plugin is not supported on this platform.To run the tests call PySys with -XmyPlatform='container' ... skipped
07:45:18 WARN  Aborted test due to SKIPPED outcome
07:45:18 INFO  
07:45:18 INFO  Test duration: 0.02 secs
07:45:18 INFO  Test final outcome:  SKIPPED
07:45:18 INFO  Test outcome reason: Testing the apt plugin is not supported on this platform.To run the tests call PySys with -XmyPlatform='container'
07:45:18 INFO  
</system-out>
	</testcase>
<testcase classname="AptPluginRemoveWithVersion" name="apt_sequence_remove_with_version">
		<skipped message="SKIPPED: Testing the apt plugin is not supported on this platform.To run the tests call PySys with -XmyPlatform='container'" />
		<system-out>07:45:16 INFO  ==============================================================
07:45:16 INFO  Id:    apt_sequence_remove_with_version
07:45:16 INFO  Dir:   plugin_apt/
07:45:16 INFO  Title: Validate apt plugin remove with version use case
07:45:16 INFO  ==============================================================
07:45:16 INFO  Testing the apt plugin is not supported on this platform.To run the tests call PySys with -XmyPlatform='container' ... skipped
07:45:16 WARN  Aborted test due to SKIPPED outcome
07:45:16 INFO  
07:45:16 INFO  Test duration: 0.02 secs
07:45:16 INFO  Test final outcome:  SKIPPED
07:45:16 INFO  Test outcome reason: Testing the apt plugin is not supported on this platform.To run the tests call PySys with -XmyPlatform='container'
07:45:16 INFO  
</system-out>
	</testcase>
<testcase classname="AptPluginRemoveWithVersion" name="apt_sequence_remove_with_version">
		<skipped message="SKIPPED: Testing the apt plugin is not supported on this platform.To run the tests call PySys with -XmyPlatform='container'" />
		<system-out>07:45:32 INFO  ==============================================================
07:45:32 INFO  Id:    apt_sequence_remove_with_version
07:45:32 INFO  Dir:   plugin_apt/
07:45:32 INFO  Title: Validate apt plugin remove with version use case
07:45:32 INFO  ==============================================================
07:45:32 INFO  Testing the apt plugin is not supported on this platform.To run the tests call PySys with -XmyPlatform='container' ... skipped
07:45:32 WARN  Aborted test due to SKIPPED outcome
07:45:32 INFO  
07:45:32 INFO  Test duration: 0.02 secs
07:45:32 INFO  Test final outcome:  SKIPPED
07:45:32 INFO  Test outcome reason: Testing the apt plugin is not supported on this platform.To run the tests call PySys with -XmyPlatform='container'
07:45:32 INFO  
</system-out>
	</testcase>
</testsuite><testsuite name="apt_sequence_remove_with_version_fail" tests="4" errors="0" failures="0" skipped="4" time="0"><testcase classname="AptPluginRemoveWithVersionFails" name="apt_sequence_remove_with_version_fail">
		<skipped message="SKIPPED: Testing the apt plugin is not supported on this platform.To run the tests call PySys with -XmyPlatform='container'" />
		<system-out>07:45:35 INFO  ==============================================================
07:45:35 INFO  Id:    apt_sequence_remove_with_version_fail
07:45:35 INFO  Dir:   plugin_apt/
07:45:35 INFO  Title: Validate apt plugin remove with version fails when the version not found
07:45:35 INFO  ==============================================================
07:45:35 INFO  Testing the apt plugin is not supported on this platform.To run the tests call PySys with -XmyPlatform='container' ... skipped
07:45:35 WARN  Aborted test due to SKIPPED outcome
07:45:35 INFO  
07:45:35 INFO  Test duration: 0.02 secs
07:45:35 INFO  Test final outcome:  SKIPPED
07:45:35 INFO  Test outcome reason: Testing the apt plugin is not supported on this platform.To run the tests call PySys with -XmyPlatform='container'
07:45:35 INFO  
</system-out>
	</testcase>
<testcase classname="AptPluginRemoveWithVersionFails" name="apt_sequence_remove_with_version_fail">
		<skipped message="SKIPPED: Testing the apt plugin is not supported on this platform.To run the tests call PySys with -XmyPlatform='container'" />
		<system-out>07:45:18 INFO  ==============================================================
07:45:18 INFO  Id:    apt_sequence_remove_with_version_fail
07:45:18 INFO  Dir:   plugin_apt/
07:45:18 INFO  Title: Validate apt plugin remove with version fails when the version not found
07:45:18 INFO  ==============================================================
07:45:18 INFO  Testing the apt plugin is not supported on this platform.To run the tests call PySys with -XmyPlatform='container' ... skipped
07:45:18 WARN  Aborted test due to SKIPPED outcome
07:45:18 INFO  
07:45:18 INFO  Test duration: 0.02 secs
07:45:18 INFO  Test final outcome:  SKIPPED
07:45:18 INFO  Test outcome reason: Testing the apt plugin is not supported on this platform.To run the tests call PySys with -XmyPlatform='container'
07:45:18 INFO  
</system-out>
	</testcase>
<testcase classname="AptPluginRemoveWithVersionFails" name="apt_sequence_remove_with_version_fail">
		<skipped message="SKIPPED: Testing the apt plugin is not supported on this platform.To run the tests call PySys with -XmyPlatform='container'" />
		<system-out>07:45:17 INFO  ==============================================================
07:45:17 INFO  Id:    apt_sequence_remove_with_version_fail
07:45:17 INFO  Dir:   plugin_apt/
07:45:17 INFO  Title: Validate apt plugin remove with version fails when the version not found
07:45:17 INFO  ==============================================================
07:45:17 INFO  Testing the apt plugin is not supported on this platform.To run the tests call PySys with -XmyPlatform='container' ... skipped
07:45:17 WARN  Aborted test due to SKIPPED outcome
07:45:17 INFO  
07:45:17 INFO  Test duration: 0.02 secs
07:45:17 INFO  Test final outcome:  SKIPPED
07:45:17 INFO  Test outcome reason: Testing the apt plugin is not supported on this platform.To run the tests call PySys with -XmyPlatform='container'
07:45:17 INFO  
</system-out>
	</testcase>
<testcase classname="AptPluginRemoveWithVersionFails" name="apt_sequence_remove_with_version_fail">
		<skipped message="SKIPPED: Testing the apt plugin is not supported on this platform.To run the tests call PySys with -XmyPlatform='container'" />
		<system-out>07:45:32 INFO  ==============================================================
07:45:32 INFO  Id:    apt_sequence_remove_with_version_fail
07:45:32 INFO  Dir:   plugin_apt/
07:45:32 INFO  Title: Validate apt plugin remove with version fails when the version not found
07:45:32 INFO  ==============================================================
07:45:32 INFO  Testing the apt plugin is not supported on this platform.To run the tests call PySys with -XmyPlatform='container' ... skipped
07:45:32 WARN  Aborted test due to SKIPPED outcome
07:45:32 INFO  
07:45:32 INFO  Test duration: 0.02 secs
07:45:32 INFO  Test final outcome:  SKIPPED
07:45:32 INFO  Test outcome reason: Testing the apt plugin is not supported on this platform.To run the tests call PySys with -XmyPlatform='container'
07:45:32 INFO  
</system-out>
	</testcase>
</testsuite><testsuite name="apt_update_list" tests="4" errors="0" failures="0" skipped="4" time="0"><testcase classname="AptPluginUpdateList" name="apt_update_list">
		<skipped message="SKIPPED: Testing the apt plugin is not supported on this platform.To run the tests call PySys with -XmyPlatform='container'" />
		<system-out>07:45:35 INFO  ==============================================================
07:45:35 INFO  Id:    apt_update_list
07:45:35 INFO  Dir:   plugin_apt/
07:45:35 INFO  Title: Validate apt plugin update-list command use case
07:45:35 INFO  ==============================================================
07:45:35 INFO  Testing the apt plugin is not supported on this platform.To run the tests call PySys with -XmyPlatform='container' ... skipped
07:45:35 WARN  Aborted test due to SKIPPED outcome
07:45:35 INFO  
07:45:35 INFO  Test duration: 0.02 secs
07:45:35 INFO  Test final outcome:  SKIPPED
07:45:35 INFO  Test outcome reason: Testing the apt plugin is not supported on this platform.To run the tests call PySys with -XmyPlatform='container'
07:45:35 INFO  
</system-out>
	</testcase>
<testcase classname="AptPluginUpdateList" name="apt_update_list">
		<skipped message="SKIPPED: Testing the apt plugin is not supported on this platform.To run the tests call PySys with -XmyPlatform='container'" />
		<system-out>07:45:18 INFO  ==============================================================
07:45:18 INFO  Id:    apt_update_list
07:45:18 INFO  Dir:   plugin_apt/
07:45:18 INFO  Title: Validate apt plugin update-list command use case
07:45:18 INFO  ==============================================================
07:45:18 INFO  Testing the apt plugin is not supported on this platform.To run the tests call PySys with -XmyPlatform='container' ... skipped
07:45:18 WARN  Aborted test due to SKIPPED outcome
07:45:18 INFO  
07:45:18 INFO  Test duration: 0.02 secs
07:45:18 INFO  Test final outcome:  SKIPPED
07:45:18 INFO  Test outcome reason: Testing the apt plugin is not supported on this platform.To run the tests call PySys with -XmyPlatform='container'
07:45:18 INFO  
</system-out>
	</testcase>
<testcase classname="AptPluginUpdateList" name="apt_update_list">
		<skipped message="SKIPPED: Testing the apt plugin is not supported on this platform.To run the tests call PySys with -XmyPlatform='container'" />
		<system-out>07:45:17 INFO  ==============================================================
07:45:17 INFO  Id:    apt_update_list
07:45:17 INFO  Dir:   plugin_apt/
07:45:17 INFO  Title: Validate apt plugin update-list command use case
07:45:17 INFO  ==============================================================
07:45:17 INFO  Testing the apt plugin is not supported on this platform.To run the tests call PySys with -XmyPlatform='container' ... skipped
07:45:17 WARN  Aborted test due to SKIPPED outcome
07:45:17 INFO  
07:45:17 INFO  Test duration: 0.02 secs
07:45:17 INFO  Test final outcome:  SKIPPED
07:45:17 INFO  Test outcome reason: Testing the apt plugin is not supported on this platform.To run the tests call PySys with -XmyPlatform='container'
07:45:17 INFO  
</system-out>
	</testcase>
<testcase classname="AptPluginUpdateList" name="apt_update_list">
		<skipped message="SKIPPED: Testing the apt plugin is not supported on this platform.To run the tests call PySys with -XmyPlatform='container'" />
		<system-out>07:45:32 INFO  ==============================================================
07:45:32 INFO  Id:    apt_update_list
07:45:32 INFO  Dir:   plugin_apt/
07:45:32 INFO  Title: Validate apt plugin update-list command use case
07:45:32 INFO  ==============================================================
07:45:32 INFO  Testing the apt plugin is not supported on this platform.To run the tests call PySys with -XmyPlatform='container' ... skipped
07:45:32 WARN  Aborted test due to SKIPPED outcome
07:45:32 INFO  
07:45:32 INFO  Test duration: 0.02 secs
07:45:32 INFO  Test final outcome:  SKIPPED
07:45:32 INFO  Test outcome reason: Testing the apt plugin is not supported on this platform.To run the tests call PySys with -XmyPlatform='container'
07:45:32 INFO  
</system-out>
	</testcase>
</testsuite><testsuite name="apt_wrong_option" tests="4" errors="0" failures="0" skipped="4" time="0"><testcase classname="AptPluginWrongOption" name="apt_wrong_option">
		<skipped message="SKIPPED: Testing the apt plugin is not supported on this platform.To run the tests call PySys with -XmyPlatform='container'" />
		<system-out>07:45:35 INFO  ==============================================================
07:45:35 INFO  Id:    apt_wrong_option
07:45:35 INFO  Dir:   plugin_apt/
07:45:35 INFO  Title: Validate apt plugin install
07:45:35 INFO  ==============================================================
07:45:35 INFO  Testing the apt plugin is not supported on this platform.To run the tests call PySys with -XmyPlatform='container' ... skipped
07:45:35 WARN  Aborted test due to SKIPPED outcome
07:45:35 INFO  
07:45:35 INFO  Test duration: 0.02 secs
07:45:35 INFO  Test final outcome:  SKIPPED
07:45:35 INFO  Test outcome reason: Testing the apt plugin is not supported on this platform.To run the tests call PySys with -XmyPlatform='container'
07:45:35 INFO  
</system-out>
	</testcase>
<testcase classname="AptPluginWrongOption" name="apt_wrong_option">
		<skipped message="SKIPPED: Testing the apt plugin is not supported on this platform.To run the tests call PySys with -XmyPlatform='container'" />
		<system-out>07:45:18 INFO  ==============================================================
07:45:18 INFO  Id:    apt_wrong_option
07:45:18 INFO  Dir:   plugin_apt/
07:45:18 INFO  Title: Validate apt plugin install
07:45:18 INFO  ==============================================================
07:45:18 INFO  Testing the apt plugin is not supported on this platform.To run the tests call PySys with -XmyPlatform='container' ... skipped
07:45:18 WARN  Aborted test due to SKIPPED outcome
07:45:18 INFO  
07:45:18 INFO  Test duration: 0.02 secs
07:45:18 INFO  Test final outcome:  SKIPPED
07:45:18 INFO  Test outcome reason: Testing the apt plugin is not supported on this platform.To run the tests call PySys with -XmyPlatform='container'
07:45:18 INFO  
</system-out>
	</testcase>
<testcase classname="AptPluginWrongOption" name="apt_wrong_option">
		<skipped message="SKIPPED: Testing the apt plugin is not supported on this platform.To run the tests call PySys with -XmyPlatform='container'" />
		<system-out>07:45:17 INFO  ==============================================================
07:45:17 INFO  Id:    apt_wrong_option
07:45:17 INFO  Dir:   plugin_apt/
07:45:17 INFO  Title: Validate apt plugin install
07:45:17 INFO  ==============================================================
07:45:17 INFO  Testing the apt plugin is not supported on this platform.To run the tests call PySys with -XmyPlatform='container' ... skipped
07:45:17 WARN  Aborted test due to SKIPPED outcome
07:45:17 INFO  
07:45:17 INFO  Test duration: 0.02 secs
07:45:17 INFO  Test final outcome:  SKIPPED
07:45:17 INFO  Test outcome reason: Testing the apt plugin is not supported on this platform.To run the tests call PySys with -XmyPlatform='container'
07:45:17 INFO  
</system-out>
	</testcase>
<testcase classname="AptPluginWrongOption" name="apt_wrong_option">
		<skipped message="SKIPPED: Testing the apt plugin is not supported on this platform.To run the tests call PySys with -XmyPlatform='container'" />
		<system-out>07:45:32 INFO  ==============================================================
07:45:32 INFO  Id:    apt_wrong_option
07:45:32 INFO  Dir:   plugin_apt/
07:45:32 INFO  Title: Validate apt plugin install
07:45:32 INFO  ==============================================================
07:45:32 INFO  Testing the apt plugin is not supported on this platform.To run the tests call PySys with -XmyPlatform='container' ... skipped
07:45:32 WARN  Aborted test due to SKIPPED outcome
07:45:32 INFO  
07:45:32 INFO  Test duration: 0.02 secs
07:45:32 INFO  Test final outcome:  SKIPPED
07:45:32 INFO  Test outcome reason: Testing the apt plugin is not supported on this platform.To run the tests call PySys with -XmyPlatform='container'
07:45:32 INFO  
</system-out>
	</testcase>
</testsuite><testsuite name="c8y_jwt_token_retrieval" tests="4" errors="0" failures="0" skipped="0" time="0"><testcase classname="ValidateJWTTokenRetrieval" name="c8y_jwt_token_retrieval" />
<testcase classname="ValidateJWTTokenRetrieval" name="c8y_jwt_token_retrieval" />
<testcase classname="ValidateJWTTokenRetrieval" name="c8y_jwt_token_retrieval" />
<testcase classname="ValidateJWTTokenRetrieval" name="c8y_jwt_token_retrieval" />
</testsuite><testsuite name="c8y_restart_bridge" tests="4" errors="0" failures="0" skipped="0" time="0"><testcase classname="RestartBridge" name="c8y_restart_bridge" />
<testcase classname="RestartBridge" name="c8y_restart_bridge" />
<testcase classname="RestartBridge" name="c8y_restart_bridge" />
<testcase classname="RestartBridge" name="c8y_restart_bridge" />
</testsuite><testsuite name="call_tedge_-V" tests="4" errors="0" failures="0" skipped="0" time="0"><testcase classname="PySysTest" name="call_tedge_-V" />
<testcase classname="PySysTest" name="call_tedge_-V" />
<testcase classname="PySysTest" name="call_tedge_-V" />
<testcase classname="PySysTest" name="call_tedge_-V" />
</testsuite><testsuite name="call_tedge_-h" tests="4" errors="0" failures="0" skipped="0" time="0"><testcase classname="PySysTest" name="call_tedge_-h" />
<testcase classname="PySysTest" name="call_tedge_-h" />
<testcase classname="PySysTest" name="call_tedge_-h" />
<testcase classname="PySysTest" name="call_tedge_-h" />
</testsuite><testsuite name="call_tedge_-h_-V" tests="4" errors="0" failures="0" skipped="0" time="0"><testcase classname="PySysTest" name="call_tedge_-h_-V" />
<testcase classname="PySysTest" name="call_tedge_-h_-V" />
<testcase classname="PySysTest" name="call_tedge_-h_-V" />
<testcase classname="PySysTest" name="call_tedge_-h_-V" />
</testsuite><testsuite name="call_tedge_config_help" tests="4" errors="0" failures="0" skipped="0" time="0"><testcase classname="PySysTest" name="call_tedge_config_help" />
<testcase classname="PySysTest" name="call_tedge_config_help" />
<testcase classname="PySysTest" name="call_tedge_config_help" />
<testcase classname="PySysTest" name="call_tedge_config_help" />
</testsuite><testsuite name="call_tedge_config_list" tests="4" errors="0" failures="0" skipped="0" time="0"><testcase classname="PySysTest" name="call_tedge_config_list" />
<testcase classname="PySysTest" name="call_tedge_config_list" />
<testcase classname="PySysTest" name="call_tedge_config_list" />
<testcase classname="PySysTest" name="call_tedge_config_list" />
</testsuite><testsuite name="custom_init_system" tests="4" errors="0" failures="0" skipped="0" time="0"><testcase classname="CustomInitSystem" name="custom_init_system" />
<testcase classname="CustomInitSystem" name="custom_init_system" />
<testcase classname="CustomInitSystem" name="custom_init_system" />
<testcase classname="CustomInitSystem" name="custom_init_system" />
</testsuite><testsuite name="docker_plugin_finalize" tests="4" errors="0" failures="0" skipped="4" time="0"><testcase classname="DockerPluginFinalizeTest" name="docker_plugin_finalize">
		<skipped message="SKIPPED: Testing the docker plugin is not supported on this platform.To run it, all the test with -XmyPlatform='container'" />
		<system-out>07:45:35 INFO  ==============================================================
07:45:35 INFO  Id:    docker_plugin_finalize
07:45:35 INFO  Dir:   plugin_docker/
07:45:35 INFO  Title: Validate docker plugin finalize command
07:45:35 INFO  ==============================================================
07:45:35 INFO  Testing the docker plugin is not supported on this platform.To run it, all the test with -XmyPlatform='container' ... skipped
07:45:35 WARN  Aborted test due to SKIPPED outcome
07:45:35 INFO  
07:45:35 INFO  Test duration: 0.05 secs
07:45:35 INFO  Test final outcome:  SKIPPED
07:45:35 INFO  Test outcome reason: Testing the docker plugin is not supported on this platform.To run it, all the test with -XmyPlatform='container'
07:45:35 INFO  
</system-out>
	</testcase>
<testcase classname="DockerPluginFinalizeTest" name="docker_plugin_finalize">
		<skipped message="SKIPPED: Testing the docker plugin is not supported on this platform.To run it, all the test with -XmyPlatform='container'" />
		<system-out>07:45:18 INFO  ==============================================================
07:45:18 INFO  Id:    docker_plugin_finalize
07:45:18 INFO  Dir:   plugin_docker/
07:45:18 INFO  Title: Validate docker plugin finalize command
07:45:18 INFO  ==============================================================
07:45:18 INFO  Testing the docker plugin is not supported on this platform.To run it, all the test with -XmyPlatform='container' ... skipped
07:45:18 WARN  Aborted test due to SKIPPED outcome
07:45:18 INFO  
07:45:18 INFO  Test duration: 0.05 secs
07:45:18 INFO  Test final outcome:  SKIPPED
07:45:18 INFO  Test outcome reason: Testing the docker plugin is not supported on this platform.To run it, all the test with -XmyPlatform='container'
07:45:18 INFO  
</system-out>
	</testcase>
<testcase classname="DockerPluginFinalizeTest" name="docker_plugin_finalize">
		<skipped message="SKIPPED: Testing the docker plugin is not supported on this platform.To run it, all the test with -XmyPlatform='container'" />
		<system-out>07:45:17 INFO  ==============================================================
07:45:17 INFO  Id:    docker_plugin_finalize
07:45:17 INFO  Dir:   plugin_docker/
07:45:17 INFO  Title: Validate docker plugin finalize command
07:45:17 INFO  ==============================================================
07:45:17 INFO  Testing the docker plugin is not supported on this platform.To run it, all the test with -XmyPlatform='container' ... skipped
07:45:17 WARN  Aborted test due to SKIPPED outcome
07:45:17 INFO  
07:45:17 INFO  Test duration: 0.05 secs
07:45:17 INFO  Test final outcome:  SKIPPED
07:45:17 INFO  Test outcome reason: Testing the docker plugin is not supported on this platform.To run it, all the test with -XmyPlatform='container'
07:45:17 INFO  
</system-out>
	</testcase>
<testcase classname="DockerPluginFinalizeTest" name="docker_plugin_finalize">
		<skipped message="SKIPPED: Testing the docker plugin is not supported on this platform.To run it, all the test with -XmyPlatform='container'" />
		<system-out>07:45:32 INFO  ==============================================================
07:45:32 INFO  Id:    docker_plugin_finalize
07:45:32 INFO  Dir:   plugin_docker/
07:45:32 INFO  Title: Validate docker plugin finalize command
07:45:32 INFO  ==============================================================
07:45:32 INFO  Testing the docker plugin is not supported on this platform.To run it, all the test with -XmyPlatform='container' ... skipped
07:45:32 WARN  Aborted test due to SKIPPED outcome
07:45:32 INFO  
07:45:32 INFO  Test duration: 0.05 secs
07:45:32 INFO  Test final outcome:  SKIPPED
07:45:32 INFO  Test outcome reason: Testing the docker plugin is not supported on this platform.To run it, all the test with -XmyPlatform='container'
07:45:32 INFO  
</system-out>
	</testcase>
</testsuite><testsuite name="docker_plugin_install" tests="4" errors="0" failures="0" skipped="4" time="0"><testcase classname="DockerPluginInstallTest" name="docker_plugin_install">
		<skipped message="SKIPPED: Testing the docker plugin is not supported on this platform.To run it, all the test with -XmyPlatform='container'" />
		<system-out>07:45:35 INFO  ==============================================================
07:45:35 INFO  Id:    docker_plugin_install
07:45:35 INFO  Dir:   plugin_docker/
07:45:35 INFO  Title: Validate docker plugin install
07:45:35 INFO  ==============================================================
07:45:35 INFO  Testing the docker plugin is not supported on this platform.To run it, all the test with -XmyPlatform='container' ... skipped
07:45:35 WARN  Aborted test due to SKIPPED outcome
07:45:35 INFO  
07:45:35 INFO  Test duration: 0.02 secs
07:45:35 INFO  Test final outcome:  SKIPPED
07:45:35 INFO  Test outcome reason: Testing the docker plugin is not supported on this platform.To run it, all the test with -XmyPlatform='container'
07:45:35 INFO  
</system-out>
	</testcase>
<testcase classname="DockerPluginInstallTest" name="docker_plugin_install">
		<skipped message="SKIPPED: Testing the docker plugin is not supported on this platform.To run it, all the test with -XmyPlatform='container'" />
		<system-out>07:45:18 INFO  ==============================================================
07:45:18 INFO  Id:    docker_plugin_install
07:45:18 INFO  Dir:   plugin_docker/
07:45:18 INFO  Title: Validate docker plugin install
07:45:18 INFO  ==============================================================
07:45:18 INFO  Testing the docker plugin is not supported on this platform.To run it, all the test with -XmyPlatform='container' ... skipped
07:45:18 WARN  Aborted test due to SKIPPED outcome
07:45:18 INFO  
07:45:18 INFO  Test duration: 0.02 secs
07:45:18 INFO  Test final outcome:  SKIPPED
07:45:18 INFO  Test outcome reason: Testing the docker plugin is not supported on this platform.To run it, all the test with -XmyPlatform='container'
07:45:18 INFO  
</system-out>
	</testcase>
<testcase classname="DockerPluginInstallTest" name="docker_plugin_install">
		<skipped message="SKIPPED: Testing the docker plugin is not supported on this platform.To run it, all the test with -XmyPlatform='container'" />
		<system-out>07:45:17 INFO  ==============================================================
07:45:17 INFO  Id:    docker_plugin_install
07:45:17 INFO  Dir:   plugin_docker/
07:45:17 INFO  Title: Validate docker plugin install
07:45:17 INFO  ==============================================================
07:45:17 INFO  Testing the docker plugin is not supported on this platform.To run it, all the test with -XmyPlatform='container' ... skipped
07:45:17 WARN  Aborted test due to SKIPPED outcome
07:45:17 INFO  
07:45:17 INFO  Test duration: 0.02 secs
07:45:17 INFO  Test final outcome:  SKIPPED
07:45:17 INFO  Test outcome reason: Testing the docker plugin is not supported on this platform.To run it, all the test with -XmyPlatform='container'
07:45:17 INFO  
</system-out>
	</testcase>
<testcase classname="DockerPluginInstallTest" name="docker_plugin_install">
		<skipped message="SKIPPED: Testing the docker plugin is not supported on this platform.To run it, all the test with -XmyPlatform='container'" />
		<system-out>07:45:32 INFO  ==============================================================
07:45:32 INFO  Id:    docker_plugin_install
07:45:32 INFO  Dir:   plugin_docker/
07:45:32 INFO  Title: Validate docker plugin install
07:45:32 INFO  ==============================================================
07:45:32 INFO  Testing the docker plugin is not supported on this platform.To run it, all the test with -XmyPlatform='container' ... skipped
07:45:32 WARN  Aborted test due to SKIPPED outcome
07:45:32 INFO  
07:45:32 INFO  Test duration: 0.02 secs
07:45:32 INFO  Test final outcome:  SKIPPED
07:45:32 INFO  Test outcome reason: Testing the docker plugin is not supported on this platform.To run it, all the test with -XmyPlatform='container'
07:45:32 INFO  
</system-out>
	</testcase>
</testsuite><testsuite name="docker_plugin_install_with_version" tests="4" errors="0" failures="0" skipped="4" time="0"><testcase classname="DockerPluginInstallWithVersionTest" name="docker_plugin_install_with_version">
		<skipped message="SKIPPED: Testing the docker plugin is not supported on this platform.To run it, all the test with -XmyPlatform='container'" />
		<system-out>07:45:35 INFO  ==============================================================
07:45:35 INFO  Id:    docker_plugin_install_with_version
07:45:35 INFO  Dir:   plugin_docker/
07:45:35 INFO  Title: Validate docker plugin install
07:45:35 INFO  ==============================================================
07:45:35 INFO  Testing the docker plugin is not supported on this platform.To run it, all the test with -XmyPlatform='container' ... skipped
07:45:35 WARN  Aborted test due to SKIPPED outcome
07:45:35 INFO  
07:45:35 INFO  Test duration: 0.02 secs
07:45:35 INFO  Test final outcome:  SKIPPED
07:45:35 INFO  Test outcome reason: Testing the docker plugin is not supported on this platform.To run it, all the test with -XmyPlatform='container'
07:45:35 INFO  
</system-out>
	</testcase>
<testcase classname="DockerPluginInstallWithVersionTest" name="docker_plugin_install_with_version">
		<skipped message="SKIPPED: Testing the docker plugin is not supported on this platform.To run it, all the test with -XmyPlatform='container'" />
		<system-out>07:45:19 INFO  ==============================================================
07:45:19 INFO  Id:    docker_plugin_install_with_version
07:45:19 INFO  Dir:   plugin_docker/
07:45:19 INFO  Title: Validate docker plugin install
07:45:19 INFO  ==============================================================
07:45:19 INFO  Testing the docker plugin is not supported on this platform.To run it, all the test with -XmyPlatform='container' ... skipped
07:45:19 WARN  Aborted test due to SKIPPED outcome
07:45:19 INFO  
07:45:19 INFO  Test duration: 0.02 secs
07:45:19 INFO  Test final outcome:  SKIPPED
07:45:19 INFO  Test outcome reason: Testing the docker plugin is not supported on this platform.To run it, all the test with -XmyPlatform='container'
07:45:19 INFO  
</system-out>
	</testcase>
<testcase classname="DockerPluginInstallWithVersionTest" name="docker_plugin_install_with_version">
		<skipped message="SKIPPED: Testing the docker plugin is not supported on this platform.To run it, all the test with -XmyPlatform='container'" />
		<system-out>07:45:17 INFO  ==============================================================
07:45:17 INFO  Id:    docker_plugin_install_with_version
07:45:17 INFO  Dir:   plugin_docker/
07:45:17 INFO  Title: Validate docker plugin install
07:45:17 INFO  ==============================================================
07:45:17 INFO  Testing the docker plugin is not supported on this platform.To run it, all the test with -XmyPlatform='container' ... skipped
07:45:17 WARN  Aborted test due to SKIPPED outcome
07:45:17 INFO  
07:45:17 INFO  Test duration: 0.02 secs
07:45:17 INFO  Test final outcome:  SKIPPED
07:45:17 INFO  Test outcome reason: Testing the docker plugin is not supported on this platform.To run it, all the test with -XmyPlatform='container'
07:45:17 INFO  
</system-out>
	</testcase>
<testcase classname="DockerPluginInstallWithVersionTest" name="docker_plugin_install_with_version">
		<skipped message="SKIPPED: Testing the docker plugin is not supported on this platform.To run it, all the test with -XmyPlatform='container'" />
		<system-out>07:45:33 INFO  ==============================================================
07:45:33 INFO  Id:    docker_plugin_install_with_version
07:45:33 INFO  Dir:   plugin_docker/
07:45:33 INFO  Title: Validate docker plugin install
07:45:33 INFO  ==============================================================
07:45:33 INFO  Testing the docker plugin is not supported on this platform.To run it, all the test with -XmyPlatform='container' ... skipped
07:45:33 WARN  Aborted test due to SKIPPED outcome
07:45:33 INFO  
07:45:33 INFO  Test duration: 0.02 secs
07:45:33 INFO  Test final outcome:  SKIPPED
07:45:33 INFO  Test outcome reason: Testing the docker plugin is not supported on this platform.To run it, all the test with -XmyPlatform='container'
07:45:33 INFO  
</system-out>
	</testcase>
</testsuite><testsuite name="docker_plugin_remove" tests="4" errors="0" failures="0" skipped="4" time="0"><testcase classname="DockerPluginRemoveTest" name="docker_plugin_remove">
		<skipped message="SKIPPED: Testing the docker plugin is not supported on this platform.To run it, all the test with -XmyPlatform='container'" />
		<system-out>07:45:35 INFO  ==============================================================
07:45:35 INFO  Id:    docker_plugin_remove
07:45:35 INFO  Dir:   plugin_docker/
07:45:35 INFO  Title: Validate docker plugin remove
07:45:35 INFO  ==============================================================
07:45:35 INFO  Testing the docker plugin is not supported on this platform.To run it, all the test with -XmyPlatform='container' ... skipped
07:45:35 WARN  Aborted test due to SKIPPED outcome
07:45:35 INFO  
07:45:35 INFO  Test duration: 0.02 secs
07:45:35 INFO  Test final outcome:  SKIPPED
07:45:35 INFO  Test outcome reason: Testing the docker plugin is not supported on this platform.To run it, all the test with -XmyPlatform='container'
07:45:35 INFO  
</system-out>
	</testcase>
<testcase classname="DockerPluginRemoveTest" name="docker_plugin_remove">
		<skipped message="SKIPPED: Testing the docker plugin is not supported on this platform.To run it, all the test with -XmyPlatform='container'" />
		<system-out>07:45:19 INFO  ==============================================================
07:45:19 INFO  Id:    docker_plugin_remove
07:45:19 INFO  Dir:   plugin_docker/
07:45:19 INFO  Title: Validate docker plugin remove
07:45:19 INFO  ==============================================================
07:45:19 INFO  Testing the docker plugin is not supported on this platform.To run it, all the test with -XmyPlatform='container' ... skipped
07:45:19 WARN  Aborted test due to SKIPPED outcome
07:45:19 INFO  
07:45:19 INFO  Test duration: 0.02 secs
07:45:19 INFO  Test final outcome:  SKIPPED
07:45:19 INFO  Test outcome reason: Testing the docker plugin is not supported on this platform.To run it, all the test with -XmyPlatform='container'
07:45:19 INFO  
</system-out>
	</testcase>
<testcase classname="DockerPluginRemoveTest" name="docker_plugin_remove">
		<skipped message="SKIPPED: Testing the docker plugin is not supported on this platform.To run it, all the test with -XmyPlatform='container'" />
		<system-out>07:45:17 INFO  ==============================================================
07:45:17 INFO  Id:    docker_plugin_remove
07:45:17 INFO  Dir:   plugin_docker/
07:45:17 INFO  Title: Validate docker plugin remove
07:45:17 INFO  ==============================================================
07:45:17 INFO  Testing the docker plugin is not supported on this platform.To run it, all the test with -XmyPlatform='container' ... skipped
07:45:17 WARN  Aborted test due to SKIPPED outcome
07:45:17 INFO  
07:45:17 INFO  Test duration: 0.02 secs
07:45:17 INFO  Test final outcome:  SKIPPED
07:45:17 INFO  Test outcome reason: Testing the docker plugin is not supported on this platform.To run it, all the test with -XmyPlatform='container'
07:45:17 INFO  
</system-out>
	</testcase>
<testcase classname="DockerPluginRemoveTest" name="docker_plugin_remove">
		<skipped message="SKIPPED: Testing the docker plugin is not supported on this platform.To run it, all the test with -XmyPlatform='container'" />
		<system-out>07:45:33 INFO  ==============================================================
07:45:33 INFO  Id:    docker_plugin_remove
07:45:33 INFO  Dir:   plugin_docker/
07:45:33 INFO  Title: Validate docker plugin remove
07:45:33 INFO  ==============================================================
07:45:33 INFO  Testing the docker plugin is not supported on this platform.To run it, all the test with -XmyPlatform='container' ... skipped
07:45:33 WARN  Aborted test due to SKIPPED outcome
07:45:33 INFO  
07:45:33 INFO  Test duration: 0.02 secs
07:45:33 INFO  Test final outcome:  SKIPPED
07:45:33 INFO  Test outcome reason: Testing the docker plugin is not supported on this platform.To run it, all the test with -XmyPlatform='container'
07:45:33 INFO  
</system-out>
	</testcase>
</testsuite><testsuite name="docker_plugin_remove_with_version" tests="4" errors="0" failures="0" skipped="4" time="0"><testcase classname="DockerPluginRemoveWithVersionTest" name="docker_plugin_remove_with_version">
		<skipped message="SKIPPED: Testing the docker plugin is not supported on this platform.To run it, all the test with -XmyPlatform='container'" />
		<system-out>07:45:35 INFO  ==============================================================
07:45:35 INFO  Id:    docker_plugin_remove_with_version
07:45:35 INFO  Dir:   plugin_docker/
07:45:35 INFO  Title: Validate docker plugin remove with version
07:45:35 INFO  ==============================================================
07:45:35 INFO  Testing the docker plugin is not supported on this platform.To run it, all the test with -XmyPlatform='container' ... skipped
07:45:35 WARN  Aborted test due to SKIPPED outcome
07:45:35 INFO  
07:45:35 INFO  Test duration: 0.02 secs
07:45:35 INFO  Test final outcome:  SKIPPED
07:45:35 INFO  Test outcome reason: Testing the docker plugin is not supported on this platform.To run it, all the test with -XmyPlatform='container'
07:45:35 INFO  
</system-out>
	</testcase>
<testcase classname="DockerPluginRemoveWithVersionTest" name="docker_plugin_remove_with_version">
		<skipped message="SKIPPED: Testing the docker plugin is not supported on this platform.To run it, all the test with -XmyPlatform='container'" />
		<system-out>07:45:19 INFO  ==============================================================
07:45:19 INFO  Id:    docker_plugin_remove_with_version
07:45:19 INFO  Dir:   plugin_docker/
07:45:19 INFO  Title: Validate docker plugin remove with version
07:45:19 INFO  ==============================================================
07:45:19 INFO  Testing the docker plugin is not supported on this platform.To run it, all the test with -XmyPlatform='container' ... skipped
07:45:19 WARN  Aborted test due to SKIPPED outcome
07:45:19 INFO  
07:45:19 INFO  Test duration: 0.02 secs
07:45:19 INFO  Test final outcome:  SKIPPED
07:45:19 INFO  Test outcome reason: Testing the docker plugin is not supported on this platform.To run it, all the test with -XmyPlatform='container'
07:45:19 INFO  
</system-out>
	</testcase>
<testcase classname="DockerPluginRemoveWithVersionTest" name="docker_plugin_remove_with_version">
		<skipped message="SKIPPED: Testing the docker plugin is not supported on this platform.To run it, all the test with -XmyPlatform='container'" />
		<system-out>07:45:17 INFO  ==============================================================
07:45:17 INFO  Id:    docker_plugin_remove_with_version
07:45:17 INFO  Dir:   plugin_docker/
07:45:17 INFO  Title: Validate docker plugin remove with version
07:45:17 INFO  ==============================================================
07:45:17 INFO  Testing the docker plugin is not supported on this platform.To run it, all the test with -XmyPlatform='container' ... skipped
07:45:17 WARN  Aborted test due to SKIPPED outcome
07:45:17 INFO  
07:45:17 INFO  Test duration: 0.02 secs
07:45:17 INFO  Test final outcome:  SKIPPED
07:45:17 INFO  Test outcome reason: Testing the docker plugin is not supported on this platform.To run it, all the test with -XmyPlatform='container'
07:45:17 INFO  
</system-out>
	</testcase>
<testcase classname="DockerPluginRemoveWithVersionTest" name="docker_plugin_remove_with_version">
		<skipped message="SKIPPED: Testing the docker plugin is not supported on this platform.To run it, all the test with -XmyPlatform='container'" />
		<system-out>07:45:33 INFO  ==============================================================
07:45:33 INFO  Id:    docker_plugin_remove_with_version
07:45:33 INFO  Dir:   plugin_docker/
07:45:33 INFO  Title: Validate docker plugin remove with version
07:45:33 INFO  ==============================================================
07:45:33 INFO  Testing the docker plugin is not supported on this platform.To run it, all the test with -XmyPlatform='container' ... skipped
07:45:33 WARN  Aborted test due to SKIPPED outcome
07:45:33 INFO  
07:45:33 INFO  Test duration: 0.02 secs
07:45:33 INFO  Test final outcome:  SKIPPED
07:45:33 INFO  Test outcome reason: Testing the docker plugin is not supported on this platform.To run it, all the test with -XmyPlatform='container'
07:45:33 INFO  
</system-out>
	</testcase>
</testsuite><testsuite name="docker_plugin_update" tests="4" errors="0" failures="0" skipped="4" time="0"><testcase classname="DockerPluginUpdateTest" name="docker_plugin_update">
		<skipped message="SKIPPED: Testing the docker plugin is not supported on this platform.To run it, all the test with -XmyPlatform='container'" />
		<system-out>07:45:35 INFO  ==============================================================
07:45:35 INFO  Id:    docker_plugin_update
07:45:35 INFO  Dir:   plugin_docker/
07:45:35 INFO  Title: Validate docker plugin install updates existing containers
07:45:35 INFO  ==============================================================
07:45:35 INFO  Testing the docker plugin is not supported on this platform.To run it, all the test with -XmyPlatform='container' ... skipped
07:45:35 WARN  Aborted test due to SKIPPED outcome
07:45:36 INFO  
07:45:36 INFO  Test duration: 0.02 secs
07:45:36 INFO  Test final outcome:  SKIPPED
07:45:36 INFO  Test outcome reason: Testing the docker plugin is not supported on this platform.To run it, all the test with -XmyPlatform='container'
07:45:36 INFO  
</system-out>
	</testcase>
<testcase classname="DockerPluginUpdateTest" name="docker_plugin_update">
		<skipped message="SKIPPED: Testing the docker plugin is not supported on this platform.To run it, all the test with -XmyPlatform='container'" />
		<system-out>07:45:19 INFO  ==============================================================
07:45:19 INFO  Id:    docker_plugin_update
07:45:19 INFO  Dir:   plugin_docker/
07:45:19 INFO  Title: Validate docker plugin install updates existing containers
07:45:19 INFO  ==============================================================
07:45:19 INFO  Testing the docker plugin is not supported on this platform.To run it, all the test with -XmyPlatform='container' ... skipped
07:45:19 WARN  Aborted test due to SKIPPED outcome
07:45:19 INFO  
07:45:19 INFO  Test duration: 0.02 secs
07:45:19 INFO  Test final outcome:  SKIPPED
07:45:19 INFO  Test outcome reason: Testing the docker plugin is not supported on this platform.To run it, all the test with -XmyPlatform='container'
07:45:19 INFO  
</system-out>
	</testcase>
<testcase classname="DockerPluginUpdateTest" name="docker_plugin_update">
		<skipped message="SKIPPED: Testing the docker plugin is not supported on this platform.To run it, all the test with -XmyPlatform='container'" />
		<system-out>07:45:17 INFO  ==============================================================
07:45:17 INFO  Id:    docker_plugin_update
07:45:17 INFO  Dir:   plugin_docker/
07:45:17 INFO  Title: Validate docker plugin install updates existing containers
07:45:17 INFO  ==============================================================
07:45:17 INFO  Testing the docker plugin is not supported on this platform.To run it, all the test with -XmyPlatform='container' ... skipped
07:45:17 WARN  Aborted test due to SKIPPED outcome
07:45:17 INFO  
07:45:17 INFO  Test duration: 0.02 secs
07:45:17 INFO  Test final outcome:  SKIPPED
07:45:17 INFO  Test outcome reason: Testing the docker plugin is not supported on this platform.To run it, all the test with -XmyPlatform='container'
07:45:17 INFO  
</system-out>
	</testcase>
<testcase classname="DockerPluginUpdateTest" name="docker_plugin_update">
		<skipped message="SKIPPED: Testing the docker plugin is not supported on this platform.To run it, all the test with -XmyPlatform='container'" />
		<system-out>07:45:33 INFO  ==============================================================
07:45:33 INFO  Id:    docker_plugin_update
07:45:33 INFO  Dir:   plugin_docker/
07:45:33 INFO  Title: Validate docker plugin install updates existing containers
07:45:33 INFO  ==============================================================
07:45:33 INFO  Testing the docker plugin is not supported on this platform.To run it, all the test with -XmyPlatform='container' ... skipped
07:45:33 WARN  Aborted test due to SKIPPED outcome
07:45:33 INFO  
07:45:33 INFO  Test duration: 0.02 secs
07:45:33 INFO  Test final outcome:  SKIPPED
07:45:33 INFO  Test outcome reason: Testing the docker plugin is not supported on this platform.To run it, all the test with -XmyPlatform='container'
07:45:33 INFO  
</system-out>
	</testcase>
</testsuite><testsuite name="invalid_device_id" tests="4" errors="0" failures="0" skipped="0" time="0"><testcase classname="InvalidDeviceId" name="invalid_device_id" />
<testcase classname="InvalidDeviceId" name="invalid_device_id" />
<testcase classname="InvalidDeviceId" name="invalid_device_id" />
<testcase classname="InvalidDeviceId" name="invalid_device_id" />
</testsuite><testsuite name="local_mqtt_pub_fail_noqos" tests="4" errors="0" failures="0" skipped="0" time="0"><testcase classname="PySysTest" name="local_mqtt_pub_fail_noqos" />
<testcase classname="PySysTest" name="local_mqtt_pub_fail_noqos" />
<testcase classname="PySysTest" name="local_mqtt_pub_fail_noqos" />
<testcase classname="PySysTest" name="local_mqtt_pub_fail_noqos" />
</testsuite><testsuite name="local_mqtt_pub_fail_qos0" tests="4" errors="0" failures="0" skipped="0" time="0"><testcase classname="PySysTest" name="local_mqtt_pub_fail_qos0" />
<testcase classname="PySysTest" name="local_mqtt_pub_fail_qos0" />
<testcase classname="PySysTest" name="local_mqtt_pub_fail_qos0" />
<testcase classname="PySysTest" name="local_mqtt_pub_fail_qos0" />
</testsuite><testsuite name="local_mqtt_pub_fail_qos1" tests="4" errors="0" failures="0" skipped="0" time="0"><testcase classname="PySysTest" name="local_mqtt_pub_fail_qos1" />
<testcase classname="PySysTest" name="local_mqtt_pub_fail_qos1" />
<testcase classname="PySysTest" name="local_mqtt_pub_fail_qos1" />
<testcase classname="PySysTest" name="local_mqtt_pub_fail_qos1" />
</testsuite><testsuite name="local_mqtt_pub_fail_qos2" tests="4" errors="0" failures="0" skipped="0" time="0"><testcase classname="PySysTest" name="local_mqtt_pub_fail_qos2" />
<testcase classname="PySysTest" name="local_mqtt_pub_fail_qos2" />
<testcase classname="PySysTest" name="local_mqtt_pub_fail_qos2" />
<testcase classname="PySysTest" name="local_mqtt_pub_fail_qos2" />
</testsuite><testsuite name="local_mqtt_pub_sub" tests="4" errors="0" failures="0" skipped="0" time="0"><testcase classname="PySysTest" name="local_mqtt_pub_sub" />
<testcase classname="PySysTest" name="local_mqtt_pub_sub" />
<testcase classname="PySysTest" name="local_mqtt_pub_sub" />
<testcase classname="PySysTest" name="local_mqtt_pub_sub" />
</testsuite><testsuite name="local_mqtt_pub_sub_retain" tests="4" errors="0" failures="0" skipped="0" time="0"><testcase classname="MqttPublishWithRetain" name="local_mqtt_pub_sub_retain" />
<testcase classname="MqttPublishWithRetain" name="local_mqtt_pub_sub_retain" />
<testcase classname="MqttPublishWithRetain" name="local_mqtt_pub_sub_retain" />
<testcase classname="MqttPublishWithRetain" name="local_mqtt_pub_sub_retain" />
</testsuite><testsuite name="local_mqtt_pub_sub_with_sudo" tests="4" errors="0" failures="0" skipped="0" time="0"><testcase classname="PySysTest" name="local_mqtt_pub_sub_with_sudo" />
<testcase classname="PySysTest" name="local_mqtt_pub_sub_with_sudo" />
<testcase classname="PySysTest" name="local_mqtt_pub_sub_with_sudo" />
<testcase classname="PySysTest" name="local_mqtt_pub_sub_with_sudo" />
</testsuite><testsuite name="local_mqtt_sub_fail" tests="4" errors="0" failures="0" skipped="0" time="0"><testcase classname="PySysTest" name="local_mqtt_sub_fail" />
<testcase classname="PySysTest" name="local_mqtt_sub_fail" />
<testcase classname="PySysTest" name="local_mqtt_sub_fail" />
<testcase classname="PySysTest" name="local_mqtt_sub_fail" />
</testsuite><testsuite name="log_request_error_messages" tests="4" errors="0" failures="1" skipped="0" time="0"><testcase classname="LogRequestVerifySearchTextError" name="log_request_error_messages" />
<testcase classname="LogRequestVerifySearchTextError" name="log_request_error_messages" />
<testcase classname="LogRequestVerifySearchTextError" name="log_request_error_messages">
		<failure message="FAILED: Assert that (True == value) with value=False" type="FAILED" />
		<system-out>07:42:34 INFO  ==============================================================
07:42:34 INFO  Id:    log_request_error_messages
07:42:34 INFO  Dir:   log_request_end_to_end/
07:42:34 INFO  Title: Validate end to end behaviour for the log request operation check for error messages
07:42:34 INFO  ==============================================================
07:42:35 INFO  EnvironmentC8y Setup
07:42:35 INFO  Executed systemctl&lt;serv_mapper1&gt;, exit status 3
07:42:35 INFO  Restarting mosquitto too frequently in the last 10 seconds. It was only up for 2 seconds
07:42:35 INFO  Delaying execution by 9 seconds
07:42:58 INFO  Executed sudo&lt;tedge_connect_c8y&gt;, exit status 0, duration 13 secs
07:42:59 INFO  Executed sudo&lt;tedge_connect_c8y_test&gt;, exit status 0
07:43:00 INFO  Executed systemctl&lt;serv_mosq2&gt;, exit status 0
07:43:00 INFO  Executed systemctl&lt;serv_mapper3&gt;, exit status 0
07:43:01 INFO  Executed sudo&lt;rm_logs&gt;, exit status 0
07:43:01 INFO  Executed sudo&lt;move_logs&gt;, exit status 0
07:43:02 INFO  log response None
07:43:02 WARN  retry, retrying in 1 seconds...
07:43:03 INFO  log response https://thin-edge-io.eu-latest.cumulocity.com/event/events/17268458/binaries
07:43:04 WARN  Assert that (True == value) with value=False ... failed [run.py:43]
07:43:04 INFO  
07:43:04 INFO  cleanup:
07:43:05 INFO  Executed sudo&lt;rm_logs&gt;, exit status 0
07:43:05 INFO  Executed sudo&lt;rm_tmp_logs&gt;, exit status 0
07:43:06 INFO  Executed sudo&lt;send_failed&gt;, exit status 0
07:43:10 INFO  Executed sudo&lt;tedge_disconnect_c8y&gt;, exit status 0
07:43:10 INFO  Executed systemctl&lt;serv_mapper5&gt;, exit status 3
07:43:10 INFO  
07:43:10 INFO  Test duration: 36.96 secs
07:43:10 INFO  Test final outcome:  FAILED
07:43:10 INFO  Test outcome reason: Assert that (True == value) with value=False
07:43:10 INFO  
</system-out>
	</testcase>
<testcase classname="LogRequestVerifySearchTextError" name="log_request_error_messages" />
</testsuite><testsuite name="log_request_num_lines" tests="4" errors="0" failures="1" skipped="0" time="0"><testcase classname="LogRequestVerifyNumberOfLines" name="log_request_num_lines" />
<testcase classname="LogRequestVerifyNumberOfLines" name="log_request_num_lines" />
<testcase classname="LogRequestVerifyNumberOfLines" name="log_request_num_lines">
		<failure message="FAILED: Assert that (True == value) with value=False" type="FAILED" />
		<system-out>07:43:11 INFO  ==============================================================
07:43:11 INFO  Id:    log_request_num_lines
07:43:11 INFO  Dir:   log_request_end_to_end/
07:43:11 INFO  Title: Validate end to end behaviour for the log request operation check for number of lines
07:43:11 INFO  ==============================================================
07:43:11 INFO  EnvironmentC8y Setup
07:43:11 INFO  Executed systemctl&lt;serv_mapper1&gt;, exit status 3
07:43:11 INFO  Restarting mosquitto too frequently in the last 10 seconds. It was only up for 5 seconds
07:43:11 INFO  Delaying execution by 6 seconds
07:43:32 INFO  Executed sudo&lt;tedge_connect_c8y&gt;, exit status 0, duration 14 secs
07:43:32 INFO  Executed sudo&lt;tedge_connect_c8y_test&gt;, exit status 0
07:43:33 INFO  Executed systemctl&lt;serv_mosq2&gt;, exit status 0
07:43:33 INFO  Executed systemctl&lt;serv_mapper3&gt;, exit status 0
07:43:34 INFO  Executed sudo&lt;rm_logs&gt;, exit status 0
07:43:34 INFO  Executed sudo&lt;move_logs&gt;, exit status 0
07:43:35 INFO  log response None
07:43:35 WARN  retry, retrying in 1 seconds...
07:43:36 INFO  log response https://thin-edge-io.eu-latest.cumulocity.com/event/events/17264147/binaries
07:43:36 INFO  nlines 0
07:43:36 WARN  Assert that (True == value) with value=False ... failed [run.py:44]
07:43:36 INFO  
07:43:36 INFO  cleanup:
07:43:37 INFO  Executed sudo&lt;rm_logs&gt;, exit status 0
07:43:37 INFO  Executed sudo&lt;rm_tmp_logs&gt;, exit status 0
07:43:38 INFO  Executed sudo&lt;send_failed&gt;, exit status 0
07:43:42 INFO  Executed sudo&lt;tedge_disconnect_c8y&gt;, exit status 0
07:43:42 INFO  Executed systemctl&lt;serv_mapper5&gt;, exit status 3
07:43:42 INFO  
07:43:42 INFO  Test duration: 31.89 secs
07:43:42 INFO  Test final outcome:  FAILED
07:43:42 INFO  Test outcome reason: Assert that (True == value) with value=False
07:43:42 INFO  
</system-out>
	</testcase>
<testcase classname="LogRequestVerifyNumberOfLines" name="log_request_num_lines" />
</testsuite><testsuite name="mapper_awaits_before_reconnect" tests="4" errors="0" failures="0" skipped="0" time="0"><testcase classname="MapperReconnectAwait" name="mapper_awaits_before_reconnect" />
<testcase classname="MapperReconnectAwait" name="mapper_awaits_before_reconnect" />
<testcase classname="MapperReconnectAwait" name="mapper_awaits_before_reconnect" />
<testcase classname="MapperReconnectAwait" name="mapper_awaits_before_reconnect" />
</testsuite><testsuite name="monitoring_smaller_interval" tests="4" errors="0" failures="0" skipped="4" time="0"><testcase classname="MonitoringSmallInterval" name="monitoring_smaller_interval">
		<skipped message="SKIPPED: Fails due to retained message" />
		<system-out>07:45:30 INFO  ==============================================================
07:45:30 INFO  Id:    monitoring_smaller_interval
07:45:30 INFO  Dir:   monitoring/
07:45:30 INFO  Title: Validate the tedge dm agent messages that are produced with smaller sampling interval than the batching window. Here the simulated collectd messages are used
07:45:30 INFO  ==============================================================
07:45:30 INFO  Fails due to retained message ... skipped
07:45:30 INFO  
07:45:30 INFO  Test duration: 0.02 secs
07:45:30 INFO  Test final outcome:  SKIPPED
07:45:30 INFO  Test outcome reason: Fails due to retained message
07:45:30 INFO  
</system-out>
	</testcase>
<testcase classname="MonitoringSmallInterval" name="monitoring_smaller_interval">
		<skipped message="SKIPPED: Fails due to retained message" />
		<system-out>07:45:13 INFO  ==============================================================
07:45:13 INFO  Id:    monitoring_smaller_interval
07:45:13 INFO  Dir:   monitoring/
07:45:13 INFO  Title: Validate the tedge dm agent messages that are produced with smaller sampling interval than the batching window. Here the simulated collectd messages are used
07:45:13 INFO  ==============================================================
07:45:13 INFO  Fails due to retained message ... skipped
07:45:13 INFO  
07:45:13 INFO  Test duration: 0.02 secs
07:45:13 INFO  Test final outcome:  SKIPPED
07:45:13 INFO  Test outcome reason: Fails due to retained message
07:45:13 INFO  
</system-out>
	</testcase>
<testcase classname="MonitoringSmallInterval" name="monitoring_smaller_interval">
		<skipped message="SKIPPED: Fails due to retained message" />
		<system-out>07:45:12 INFO  ==============================================================
07:45:12 INFO  Id:    monitoring_smaller_interval
07:45:12 INFO  Dir:   monitoring/
07:45:12 INFO  Title: Validate the tedge dm agent messages that are produced with smaller sampling interval than the batching window. Here the simulated collectd messages are used
07:45:12 INFO  ==============================================================
07:45:12 INFO  Fails due to retained message ... skipped
07:45:12 INFO  
07:45:12 INFO  Test duration: 0.02 secs
07:45:12 INFO  Test final outcome:  SKIPPED
07:45:12 INFO  Test outcome reason: Fails due to retained message
07:45:12 INFO  
</system-out>
	</testcase>
<testcase classname="MonitoringSmallInterval" name="monitoring_smaller_interval">
		<skipped message="SKIPPED: Fails due to retained message" />
		<system-out>07:45:28 INFO  ==============================================================
07:45:28 INFO  Id:    monitoring_smaller_interval
07:45:28 INFO  Dir:   monitoring/
07:45:28 INFO  Title: Validate the tedge dm agent messages that are produced with smaller sampling interval than the batching window. Here the simulated collectd messages are used
07:45:28 INFO  ==============================================================
07:45:28 INFO  Fails due to retained message ... skipped
07:45:28 INFO  
07:45:28 INFO  Test duration: 0.02 secs
07:45:28 INFO  Test final outcome:  SKIPPED
07:45:28 INFO  Test outcome reason: Fails due to retained message
07:45:28 INFO  
</system-out>
	</testcase>
</testsuite><testsuite name="monitoring_with_collectd" tests="4" errors="0" failures="0" skipped="4" time="0"><testcase classname="MonitoringWithCollectd" name="monitoring_with_collectd">
		<skipped message="SKIPPED: Test execution disabled due to #792 (instable)" />
		<system-out>07:45:30 INFO  ==============================================================
07:45:30 INFO  Id:    monitoring_with_collectd
07:45:30 INFO  Dir:   monitoring/
07:45:30 INFO  Title: Validate tedge dm agent messages that are produced by batching the collectd messages
07:45:30 INFO  ==============================================================
07:45:30 INFO  Test execution disabled due to #792 (instable) ... skipped
07:45:30 INFO  
07:45:30 INFO  Test duration: 0.02 secs
07:45:30 INFO  Test final outcome:  SKIPPED
07:45:30 INFO  Test outcome reason: Test execution disabled due to #792 (instable)
07:45:30 INFO  
</system-out>
	</testcase>
<testcase classname="MonitoringWithCollectd" name="monitoring_with_collectd">
		<skipped message="SKIPPED: Test execution disabled due to #792 (instable)" />
		<system-out>07:45:13 INFO  ==============================================================
07:45:13 INFO  Id:    monitoring_with_collectd
07:45:13 INFO  Dir:   monitoring/
07:45:13 INFO  Title: Validate tedge dm agent messages that are produced by batching the collectd messages
07:45:13 INFO  ==============================================================
07:45:13 INFO  Test execution disabled due to #792 (instable) ... skipped
07:45:13 INFO  
07:45:13 INFO  Test duration: 0.02 secs
07:45:13 INFO  Test final outcome:  SKIPPED
07:45:13 INFO  Test outcome reason: Test execution disabled due to #792 (instable)
07:45:13 INFO  
</system-out>
	</testcase>
<testcase classname="MonitoringWithCollectd" name="monitoring_with_collectd">
		<skipped message="SKIPPED: Test execution disabled due to #792 (instable)" />
		<system-out>07:45:12 INFO  ==============================================================
07:45:12 INFO  Id:    monitoring_with_collectd
07:45:12 INFO  Dir:   monitoring/
07:45:12 INFO  Title: Validate tedge dm agent messages that are produced by batching the collectd messages
07:45:12 INFO  ==============================================================
07:45:12 INFO  Test execution disabled due to #792 (instable) ... skipped
07:45:12 INFO  
07:45:12 INFO  Test duration: 0.02 secs
07:45:12 INFO  Test final outcome:  SKIPPED
07:45:12 INFO  Test outcome reason: Test execution disabled due to #792 (instable)
07:45:12 INFO  
</system-out>
	</testcase>
<testcase classname="MonitoringWithCollectd" name="monitoring_with_collectd">
		<skipped message="SKIPPED: Test execution disabled due to #792 (instable)" />
		<system-out>07:45:28 INFO  ==============================================================
07:45:28 INFO  Id:    monitoring_with_collectd
07:45:28 INFO  Dir:   monitoring/
07:45:28 INFO  Title: Validate tedge dm agent messages that are produced by batching the collectd messages
07:45:28 INFO  ==============================================================
07:45:28 INFO  Test execution disabled due to #792 (instable) ... skipped
07:45:28 INFO  
07:45:28 INFO  Test duration: 0.02 secs
07:45:28 INFO  Test final outcome:  SKIPPED
07:45:28 INFO  Test outcome reason: Test execution disabled due to #792 (instable)
07:45:28 INFO  
</system-out>
	</testcase>
</testsuite><testsuite name="monitoring_with_simulated_messages" tests="4" errors="0" failures="0" skipped="4" time="0"><testcase classname="MonitoringWithSimulatedMessages" name="monitoring_with_simulated_messages">
		<skipped message="SKIPPED: Fails due to retained message" />
		<system-out>07:45:30 INFO  ==============================================================
07:45:30 INFO  Id:    monitoring_with_simulated_messages
07:45:30 INFO  Dir:   monitoring/
07:45:30 INFO  Title: Validate the tedge dm agent messages that are produced from the simulated collectd messages
07:45:30 INFO  ==============================================================
07:45:30 INFO  Fails due to retained message ... skipped
07:45:30 INFO  
07:45:30 INFO  Test duration: 0.02 secs
07:45:30 INFO  Test final outcome:  SKIPPED
07:45:30 INFO  Test outcome reason: Fails due to retained message
07:45:30 INFO  
</system-out>
	</testcase>
<testcase classname="MonitoringWithSimulatedMessages" name="monitoring_with_simulated_messages">
		<skipped message="SKIPPED: Fails due to retained message" />
		<system-out>07:45:13 INFO  ==============================================================
07:45:13 INFO  Id:    monitoring_with_simulated_messages
07:45:13 INFO  Dir:   monitoring/
07:45:13 INFO  Title: Validate the tedge dm agent messages that are produced from the simulated collectd messages
07:45:13 INFO  ==============================================================
07:45:13 INFO  Fails due to retained message ... skipped
07:45:13 INFO  
07:45:13 INFO  Test duration: 0.02 secs
07:45:13 INFO  Test final outcome:  SKIPPED
07:45:13 INFO  Test outcome reason: Fails due to retained message
07:45:13 INFO  
</system-out>
	</testcase>
<testcase classname="MonitoringWithSimulatedMessages" name="monitoring_with_simulated_messages">
		<skipped message="SKIPPED: Fails due to retained message" />
		<system-out>07:45:12 INFO  ==============================================================
07:45:12 INFO  Id:    monitoring_with_simulated_messages
07:45:12 INFO  Dir:   monitoring/
07:45:12 INFO  Title: Validate the tedge dm agent messages that are produced from the simulated collectd messages
07:45:12 INFO  ==============================================================
07:45:12 INFO  Fails due to retained message ... skipped
07:45:12 INFO  
07:45:12 INFO  Test duration: 0.02 secs
07:45:12 INFO  Test final outcome:  SKIPPED
07:45:12 INFO  Test outcome reason: Fails due to retained message
07:45:12 INFO  
</system-out>
	</testcase>
<testcase classname="MonitoringWithSimulatedMessages" name="monitoring_with_simulated_messages">
		<skipped message="SKIPPED: Fails due to retained message" />
		<system-out>07:45:28 INFO  ==============================================================
07:45:28 INFO  Id:    monitoring_with_simulated_messages
07:45:28 INFO  Dir:   monitoring/
07:45:28 INFO  Title: Validate the tedge dm agent messages that are produced from the simulated collectd messages
07:45:28 INFO  ==============================================================
07:45:28 INFO  Fails due to retained message ... skipped
07:45:28 INFO  
07:45:28 INFO  Test duration: 0.02 secs
07:45:28 INFO  Test final outcome:  SKIPPED
07:45:28 INFO  Test outcome reason: Fails due to retained message
07:45:28 INFO  
</system-out>
	</testcase>
</testsuite><testsuite name="mqtt_port_change_connection_fails" tests="4" errors="0" failures="0" skipped="0" time="0"><testcase classname="MqttPortChangeConnectionFails" name="mqtt_port_change_connection_fails" />
<testcase classname="MqttPortChangeConnectionFails" name="mqtt_port_change_connection_fails" />
<testcase classname="MqttPortChangeConnectionFails" name="mqtt_port_change_connection_fails" />
<testcase classname="MqttPortChangeConnectionFails" name="mqtt_port_change_connection_fails" />
</testsuite><testsuite name="mqtt_port_change_connection_works" tests="4" errors="0" failures="0" skipped="4" time="0"><testcase classname="MqttPortChangeConnectionWorks" name="mqtt_port_change_connection_works">
		<skipped message="SKIPPED: failing intermitently" />
		<system-out>07:44:15 INFO  ==============================================================
07:44:15 INFO  Id:    mqtt_port_change_connection_works
07:44:15 INFO  Dir:   misc_features/
07:44:15 INFO  Title: mqtt port change connection works for all the thin-edge services that use the mosquitto broker
07:44:15 INFO  ==============================================================
07:44:15 INFO  failing intermitently ... skipped
07:44:15 INFO  
07:44:15 INFO  Test duration: 0.02 secs
07:44:15 INFO  Test final outcome:  SKIPPED
07:44:15 INFO  Test outcome reason: failing intermitently
07:44:15 INFO  
</system-out>
	</testcase>
<testcase classname="MqttPortChangeConnectionWorks" name="mqtt_port_change_connection_works">
		<skipped message="SKIPPED: failing intermitently" />
		<system-out>07:44:19 INFO  ==============================================================
07:44:19 INFO  Id:    mqtt_port_change_connection_works
07:44:19 INFO  Dir:   misc_features/
07:44:19 INFO  Title: mqtt port change connection works for all the thin-edge services that use the mosquitto broker
07:44:19 INFO  ==============================================================
07:44:19 INFO  failing intermitently ... skipped
07:44:19 INFO  
07:44:19 INFO  Test duration: 0.02 secs
07:44:19 INFO  Test final outcome:  SKIPPED
07:44:19 INFO  Test outcome reason: failing intermitently
07:44:19 INFO  
</system-out>
	</testcase>
<testcase classname="MqttPortChangeConnectionWorks" name="mqtt_port_change_connection_works">
		<skipped message="SKIPPED: failing intermitently" />
		<system-out>07:44:18 INFO  ==============================================================
07:44:18 INFO  Id:    mqtt_port_change_connection_works
07:44:18 INFO  Dir:   misc_features/
07:44:18 INFO  Title: mqtt port change connection works for all the thin-edge services that use the mosquitto broker
07:44:18 INFO  ==============================================================
07:44:18 INFO  failing intermitently ... skipped
07:44:18 INFO  
07:44:18 INFO  Test duration: 0.02 secs
07:44:18 INFO  Test final outcome:  SKIPPED
07:44:18 INFO  Test outcome reason: failing intermitently
07:44:18 INFO  
</system-out>
	</testcase>
<testcase classname="MqttPortChangeConnectionWorks" name="mqtt_port_change_connection_works">
		<skipped message="SKIPPED: failing intermitently" />
		<system-out>07:44:13 INFO  ==============================================================
07:44:13 INFO  Id:    mqtt_port_change_connection_works
07:44:13 INFO  Dir:   misc_features/
07:44:13 INFO  Title: mqtt port change connection works for all the thin-edge services that use the mosquitto broker
07:44:13 INFO  ==============================================================
07:44:13 INFO  failing intermitently ... skipped
07:44:13 INFO  
07:44:13 INFO  Test duration: 0.02 secs
07:44:13 INFO  Test final outcome:  SKIPPED
07:44:13 INFO  Test outcome reason: failing intermitently
07:44:13 INFO  
</system-out>
	</testcase>
</testsuite><testsuite name="mqtt_port_set" tests="4" errors="0" failures="0" skipped="0" time="0"><testcase classname="MqttPortSet" name="mqtt_port_set" />
<testcase classname="MqttPortSet" name="mqtt_port_set" />
<testcase classname="MqttPortSet" name="mqtt_port_set" />
<testcase classname="MqttPortSet" name="mqtt_port_set" />
</testsuite><testsuite name="mqtt_port_unset" tests="4" errors="0" failures="0" skipped="0" time="0"><testcase classname="MqttPortUnSet" name="mqtt_port_unset" />
<testcase classname="MqttPortUnSet" name="mqtt_port_unset" />
<testcase classname="MqttPortUnSet" name="mqtt_port_unset" />
<testcase classname="MqttPortUnSet" name="mqtt_port_unset" />
</testsuite><testsuite name="publish_flux" tests="4" errors="0" failures="0" skipped="0" time="0"><testcase classname="PublishFlux" name="publish_flux" />
<testcase classname="PublishFlux" name="publish_flux" />
<testcase classname="PublishFlux" name="publish_flux" />
<testcase classname="PublishFlux" name="publish_flux" />
</testsuite><testsuite name="publish_sawmill" tests="4" errors="0" failures="0" skipped="0" time="0"><testcase classname="PublishSawmill" name="publish_sawmill" />
<testcase classname="PublishSawmill" name="publish_sawmill" />
<testcase classname="PublishSawmill" name="publish_sawmill" />
<testcase classname="PublishSawmill" name="publish_sawmill" />
</testsuite><testsuite name="pysys_block" tests="4" errors="0" failures="0" skipped="4" time="0"><testcase classname="Fail" name="pysys_block">
		<skipped message="SKIPPED: Enable this to observe a blocking test" />
		<system-out>07:44:38 INFO  ==============================================================
07:44:38 INFO  Id:    pysys_block
07:44:38 INFO  Dir:   misc_features/
07:44:38 INFO  Title: fail
07:44:38 INFO  ==============================================================
07:44:38 INFO  Enable this to observe a blocking test ... skipped
07:44:38 INFO  
07:44:38 INFO  Test duration: 0.02 secs
07:44:38 INFO  Test final outcome:  SKIPPED
07:44:38 INFO  Test outcome reason: Enable this to observe a blocking test
07:44:38 INFO  
</system-out>
	</testcase>
<testcase classname="Fail" name="pysys_block">
		<skipped message="SKIPPED: Enable this to observe a blocking test" />
		<system-out>07:44:42 INFO  ==============================================================
07:44:42 INFO  Id:    pysys_block
07:44:42 INFO  Dir:   misc_features/
07:44:42 INFO  Title: fail
07:44:42 INFO  ==============================================================
07:44:42 INFO  Enable this to observe a blocking test ... skipped
07:44:42 INFO  
07:44:42 INFO  Test duration: 0.02 secs
07:44:42 INFO  Test final outcome:  SKIPPED
07:44:42 INFO  Test outcome reason: Enable this to observe a blocking test
07:44:42 INFO  
</system-out>
	</testcase>
<testcase classname="Fail" name="pysys_block">
		<skipped message="SKIPPED: Enable this to observe a blocking test" />
		<system-out>07:44:40 INFO  ==============================================================
07:44:40 INFO  Id:    pysys_block
07:44:40 INFO  Dir:   misc_features/
07:44:40 INFO  Title: fail
07:44:40 INFO  ==============================================================
07:44:40 INFO  Enable this to observe a blocking test ... skipped
07:44:40 INFO  
07:44:40 INFO  Test duration: 0.02 secs
07:44:40 INFO  Test final outcome:  SKIPPED
07:44:40 INFO  Test outcome reason: Enable this to observe a blocking test
07:44:40 INFO  
</system-out>
	</testcase>
<testcase classname="Fail" name="pysys_block">
		<skipped message="SKIPPED: Enable this to observe a blocking test" />
		<system-out>07:44:35 INFO  ==============================================================
07:44:35 INFO  Id:    pysys_block
07:44:35 INFO  Dir:   misc_features/
07:44:35 INFO  Title: fail
07:44:35 INFO  ==============================================================
07:44:35 INFO  Enable this to observe a blocking test ... skipped
07:44:35 INFO  
07:44:35 INFO  Test duration: 0.02 secs
07:44:35 INFO  Test final outcome:  SKIPPED
07:44:35 INFO  Test outcome reason: Enable this to observe a blocking test
07:44:35 INFO  
</system-out>
	</testcase>
</testsuite><testsuite name="pysys_fail" tests="4" errors="0" failures="0" skipped="4" time="0"><testcase classname="Fail" name="pysys_fail">
		<skipped message="SKIPPED: Enable this to observe a failing test" />
		<system-out>07:44:38 INFO  ==============================================================
07:44:38 INFO  Id:    pysys_fail
07:44:38 INFO  Dir:   misc_features/
07:44:38 INFO  Title: fail
07:44:38 INFO  ==============================================================
07:44:38 INFO  Enable this to observe a failing test ... skipped
07:44:38 INFO  
07:44:38 INFO  Test duration: 0.02 secs
07:44:38 INFO  Test final outcome:  SKIPPED
07:44:38 INFO  Test outcome reason: Enable this to observe a failing test
07:44:38 INFO  
</system-out>
	</testcase>
<testcase classname="Fail" name="pysys_fail">
		<skipped message="SKIPPED: Enable this to observe a failing test" />
		<system-out>07:44:42 INFO  ==============================================================
07:44:42 INFO  Id:    pysys_fail
07:44:42 INFO  Dir:   misc_features/
07:44:42 INFO  Title: fail
07:44:42 INFO  ==============================================================
07:44:42 INFO  Enable this to observe a failing test ... skipped
07:44:42 INFO  
07:44:42 INFO  Test duration: 0.02 secs
07:44:42 INFO  Test final outcome:  SKIPPED
07:44:42 INFO  Test outcome reason: Enable this to observe a failing test
07:44:42 INFO  
</system-out>
	</testcase>
<testcase classname="Fail" name="pysys_fail">
		<skipped message="SKIPPED: Enable this to observe a failing test" />
		<system-out>07:44:40 INFO  ==============================================================
07:44:40 INFO  Id:    pysys_fail
07:44:40 INFO  Dir:   misc_features/
07:44:40 INFO  Title: fail
07:44:40 INFO  ==============================================================
07:44:40 INFO  Enable this to observe a failing test ... skipped
07:44:40 INFO  
07:44:40 INFO  Test duration: 0.02 secs
07:44:40 INFO  Test final outcome:  SKIPPED
07:44:40 INFO  Test outcome reason: Enable this to observe a failing test
07:44:40 INFO  
</system-out>
	</testcase>
<testcase classname="Fail" name="pysys_fail">
		<skipped message="SKIPPED: Enable this to observe a failing test" />
		<system-out>07:44:35 INFO  ==============================================================
07:44:35 INFO  Id:    pysys_fail
07:44:35 INFO  Dir:   misc_features/
07:44:35 INFO  Title: fail
07:44:35 INFO  ==============================================================
07:44:35 INFO  Enable this to observe a failing test ... skipped
07:44:35 INFO  
07:44:35 INFO  Test duration: 0.01 secs
07:44:35 INFO  Test final outcome:  SKIPPED
07:44:35 INFO  Test outcome reason: Enable this to observe a failing test
07:44:35 INFO  
</system-out>
	</testcase>
</testsuite><testsuite name="runtime_start_two_mappers" tests="4" errors="0" failures="0" skipped="0" time="0"><testcase classname="RuntimeMultiMappers" name="runtime_start_two_mappers" />
<testcase classname="RuntimeMultiMappers" name="runtime_start_two_mappers" />
<testcase classname="RuntimeMultiMappers" name="runtime_start_two_mappers" />
<testcase classname="RuntimeMultiMappers" name="runtime_start_two_mappers" />
</testsuite><testsuite name="sm_tedge_mapper_init_session" tests="4" errors="0" failures="0" skipped="0" time="0"><testcase classname="TedgeSMMapperInitSession" name="sm_tedge_mapper_init_session" />
<testcase classname="TedgeSMMapperInitSession" name="sm_tedge_mapper_init_session" />
<testcase classname="TedgeSMMapperInitSession" name="sm_tedge_mapper_init_session" />
<testcase classname="TedgeSMMapperInitSession" name="sm_tedge_mapper_init_session" />
</testsuite><testsuite name="smoketest_json" tests="4" errors="0" failures="0" skipped="0" time="0"><testcase classname="SmokeTestJson" name="smoketest_json" />
<testcase classname="SmokeTestJson" name="smoketest_json" />
<testcase classname="SmokeTestJson" name="smoketest_json" />
<testcase classname="SmokeTestJson" name="smoketest_json" />
</testsuite><testsuite name="smoketest_json_400_samples_10ms" tests="4" errors="0" failures="0" skipped="0" time="0"><testcase classname="SmoketestJson400Samples10ms" name="smoketest_json_400_samples_10ms" />
<testcase classname="SmoketestJson400Samples10ms" name="smoketest_json_400_samples_10ms" />
<testcase classname="SmoketestJson400Samples10ms" name="smoketest_json_400_samples_10ms" />
<testcase classname="SmoketestJson400Samples10ms" name="smoketest_json_400_samples_10ms" />
</testsuite><testsuite name="smoketest_json_400_samples_20ms" tests="4" errors="0" failures="0" skipped="0" time="0"><testcase classname="SmoketestJson400Samples20ms" name="smoketest_json_400_samples_20ms" />
<testcase classname="SmoketestJson400Samples20ms" name="smoketest_json_400_samples_20ms" />
<testcase classname="SmoketestJson400Samples20ms" name="smoketest_json_400_samples_20ms" />
<testcase classname="SmoketestJson400Samples20ms" name="smoketest_json_400_samples_20ms" />
</testsuite><testsuite name="smoketest_smartrest" tests="4" errors="0" failures="0" skipped="0" time="0"><testcase classname="SmoketestSmartRest" name="smoketest_smartrest" />
<testcase classname="SmoketestSmartRest" name="smoketest_smartrest" />
<testcase classname="SmoketestSmartRest" name="smoketest_smartrest" />
<testcase classname="SmoketestSmartRest" name="smoketest_smartrest" />
</testsuite><testsuite name="smoketest_smartrest_400_samples_1Xms" tests="4" errors="0" failures="0" skipped="0" time="0"><testcase classname="SmoketestSmartRest400Samples1Xms" name="smoketest_smartrest_400_samples_1Xms" />
<testcase classname="SmoketestSmartRest400Samples1Xms" name="smoketest_smartrest_400_samples_1Xms" />
<testcase classname="SmoketestSmartRest400Samples1Xms" name="smoketest_smartrest_400_samples_1Xms" />
<testcase classname="SmoketestSmartRest400Samples1Xms" name="smoketest_smartrest_400_samples_1Xms" />
</testsuite><testsuite name="smoketest_smartrest_400_samples_20ms" tests="4" errors="0" failures="0" skipped="0" time="0"><testcase classname="SmoketestSmartRest400Samples20ms" name="smoketest_smartrest_400_samples_20ms" />
<testcase classname="SmoketestSmartRest400Samples20ms" name="smoketest_smartrest_400_samples_20ms" />
<testcase classname="SmoketestSmartRest400Samples20ms" name="smoketest_smartrest_400_samples_20ms" />
<testcase classname="SmoketestSmartRest400Samples20ms" name="smoketest_smartrest_400_samples_20ms" />
</testsuite><testsuite name="tedge_agent_user_sudo_access" tests="4" errors="0" failures="0" skipped="4" time="0"><testcase classname="TedgeAgentUserSudoAccess" name="tedge_agent_user_sudo_access">
		<skipped message="SKIPPED: #955 Observation: Exit code of the apt plugin when called with no arguments" />
		<system-out>07:55:43 INFO  ==============================================================
07:55:43 INFO  Id:    tedge_agent_user_sudo_access
07:55:43 INFO  Dir:   tedge/
07:55:43 INFO  Title: Validate tedge-agent user has a limited sudo right
07:55:43 INFO  ==============================================================
07:55:43 INFO  #955 Observation: Exit code of the apt plugin when called with no arguments ... skipped
07:55:43 INFO  
07:55:43 INFO  Test duration: 0.02 secs
07:55:43 INFO  Test final outcome:  SKIPPED
07:55:43 INFO  Test outcome reason: #955 Observation: Exit code of the apt plugin when called with no arguments
07:55:43 INFO  
</system-out>
	</testcase>
<testcase classname="TedgeAgentUserSudoAccess" name="tedge_agent_user_sudo_access">
		<skipped message="SKIPPED: #955 Observation: Exit code of the apt plugin when called with no arguments" />
		<system-out>07:55:25 INFO  ==============================================================
07:55:25 INFO  Id:    tedge_agent_user_sudo_access
07:55:25 INFO  Dir:   tedge/
07:55:25 INFO  Title: Validate tedge-agent user has a limited sudo right
07:55:25 INFO  ==============================================================
07:55:25 INFO  #955 Observation: Exit code of the apt plugin when called with no arguments ... skipped
07:55:25 INFO  
07:55:25 INFO  Test duration: 0.02 secs
07:55:25 INFO  Test final outcome:  SKIPPED
07:55:25 INFO  Test outcome reason: #955 Observation: Exit code of the apt plugin when called with no arguments
07:55:25 INFO  
</system-out>
	</testcase>
<testcase classname="TedgeAgentUserSudoAccess" name="tedge_agent_user_sudo_access">
		<skipped message="SKIPPED: #955 Observation: Exit code of the apt plugin when called with no arguments" />
		<system-out>07:55:23 INFO  ==============================================================
07:55:23 INFO  Id:    tedge_agent_user_sudo_access
07:55:23 INFO  Dir:   tedge/
07:55:23 INFO  Title: Validate tedge-agent user has a limited sudo right
07:55:23 INFO  ==============================================================
07:55:23 INFO  #955 Observation: Exit code of the apt plugin when called with no arguments ... skipped
07:55:23 INFO  
07:55:23 INFO  Test duration: 0.02 secs
07:55:23 INFO  Test final outcome:  SKIPPED
07:55:23 INFO  Test outcome reason: #955 Observation: Exit code of the apt plugin when called with no arguments
07:55:23 INFO  
</system-out>
	</testcase>
<testcase classname="TedgeAgentUserSudoAccess" name="tedge_agent_user_sudo_access">
		<skipped message="SKIPPED: #955 Observation: Exit code of the apt plugin when called with no arguments" />
		<system-out>07:55:36 INFO  ==============================================================
07:55:36 INFO  Id:    tedge_agent_user_sudo_access
07:55:36 INFO  Dir:   tedge/
07:55:36 INFO  Title: Validate tedge-agent user has a limited sudo right
07:55:36 INFO  ==============================================================
07:55:36 INFO  #955 Observation: Exit code of the apt plugin when called with no arguments ... skipped
07:55:36 INFO  
07:55:36 INFO  Test duration: 0.02 secs
07:55:36 INFO  Test final outcome:  SKIPPED
07:55:36 INFO  Test outcome reason: #955 Observation: Exit code of the apt plugin when called with no arguments
07:55:36 INFO  
</system-out>
	</testcase>
</testsuite><testsuite name="tedge_connect_test_negative" tests="4" errors="0" failures="0" skipped="0" time="0"><testcase classname="TedgeConnectTestNegative" name="tedge_connect_test_negative" />
<testcase classname="TedgeConnectTestNegative" name="tedge_connect_test_negative" />
<testcase classname="TedgeConnectTestNegative" name="tedge_connect_test_negative" />
<testcase classname="TedgeConnectTestNegative" name="tedge_connect_test_negative" />
</testsuite><testsuite name="tedge_connect_test_positive" tests="4" errors="0" failures="0" skipped="0" time="0"><testcase classname="TedgeConnectTestPositive" name="tedge_connect_test_positive" />
<testcase classname="TedgeConnectTestPositive" name="tedge_connect_test_positive" />
<testcase classname="TedgeConnectTestPositive" name="tedge_connect_test_positive" />
<testcase classname="TedgeConnectTestPositive" name="tedge_connect_test_positive" />
</testsuite><testsuite name="tedge_connect_test_sm_services" tests="4" errors="0" failures="0" skipped="0" time="0"><testcase classname="TedgeConnectTestSMServices" name="tedge_connect_test_sm_services" />
<testcase classname="TedgeConnectTestSMServices" name="tedge_connect_test_sm_services" />
<testcase classname="TedgeConnectTestSMServices" name="tedge_connect_test_sm_services" />
<testcase classname="TedgeConnectTestSMServices" name="tedge_connect_test_sm_services" />
</testsuite><testsuite name="tedge_disconnect_test_sm_services" tests="4" errors="0" failures="0" skipped="0" time="0"><testcase classname="TedgeDisConnectTestSMServices" name="tedge_disconnect_test_sm_services" />
<testcase classname="TedgeDisConnectTestSMServices" name="tedge_disconnect_test_sm_services" />
<testcase classname="TedgeDisConnectTestSMServices" name="tedge_disconnect_test_sm_services" />
<testcase classname="TedgeDisConnectTestSMServices" name="tedge_disconnect_test_sm_services" />
</testsuite><testsuite name="tedge_mapper_az_negative" tests="4" errors="0" failures="0" skipped="0" time="0"><testcase classname="TedgeMapperAzError" name="tedge_mapper_az_negative" />
<testcase classname="TedgeMapperAzError" name="tedge_mapper_az_negative" />
<testcase classname="TedgeMapperAzError" name="tedge_mapper_az_negative" />
<testcase classname="TedgeMapperAzError" name="tedge_mapper_az_negative" />
</testsuite><testsuite name="tedge_mapper_az_with_timestamp" tests="4" errors="0" failures="1" skipped="0" time="0"><testcase classname="TedgeMapperAzWithTimestamp" name="tedge_mapper_az_with_timestamp">
		<failure message="BLOCKED: JSONDecodeError: Expecting value: line 1 column 1 (char 0)" type="BLOCKED" />
		<system-out>07:58:17 INFO  ==============================================================
07:58:17 INFO  Id:    tedge_mapper_az_with_timestamp
07:58:17 INFO  Dir:   tedge_mapper_az/
07:58:17 INFO  Title: Validate the Azure Mapper that publishes a Thin Edge JSON message with timestamp on az/messages/events/ when it receives a valid JSON message on tedge/measurements
07:58:17 INFO  ==============================================================
07:58:17 INFO  Executed sudo&lt;tedge_mapper_az&gt;, exit status 0
07:58:17 INFO  Started sudo&lt;tedge_sub&gt; with process id 26186
07:58:18 INFO  Executed sudo&lt;tedge_temp&gt;, exit status 0
07:58:19 INFO  Executed sudo&lt;kill_out&gt;, exit status 0
07:58:19 WARN  JSONDecodeError occurred while running test - Expecting value: line 1 column 1 (char 0)
Traceback (most recent call last):
  File "/home/pi/env-pysys/lib/python3.7/site-packages/pysys/baserunner.py", line 1296, in __call__
    self.testObj.validate()
  File "/home/pi/actions-runner/_work/thin-edge.io/thin-edge.io/tests/PySys/tedge_mapper_az/tedge_mapper_az_with_timestamp/run.py", line 70, in validate
    thin_edge_json = json.load(f)
  File "/usr/lib/python3.7/json/__init__.py", line 296, in load
    parse_constant=parse_constant, object_pairs_hook=object_pairs_hook, **kw)
  File "/usr/lib/python3.7/json/__init__.py", line 348, in loads
    return _default_decoder.decode(s)
  File "/usr/lib/python3.7/json/decoder.py", line 337, in decode
    obj, end = self.raw_decode(s, idx=_w(s, 0).end())
  File "/usr/lib/python3.7/json/decoder.py", line 355, in raw_decode
    raise JSONDecodeError("Expecting value", s, err.value) from None
json.decoder.JSONDecodeError: Expecting value: line 1 column 1 (char 0)
07:58:19 WARN  JSONDecodeError: Expecting value: line 1 column 1 (char 0) ... blocked 
07:58:19 INFO  
07:58:19 INFO  cleanup:
07:58:19 INFO  mapper_cleanup
07:58:20 INFO  Executed sudo&lt;tedge_mapper_az&gt;, exit status 0
07:58:20 INFO  
07:58:20 INFO  Test duration: 3.07 secs
07:58:20 INFO  Test final outcome:  BLOCKED
07:58:20 INFO  Test outcome reason: JSONDecodeError: Expecting value: line 1 column 1 (char 0)
07:58:20 INFO  
</system-out>
	</testcase>
<testcase classname="TedgeMapperAzWithTimestamp" name="tedge_mapper_az_with_timestamp" />
<testcase classname="TedgeMapperAzWithTimestamp" name="tedge_mapper_az_with_timestamp" />
<testcase classname="TedgeMapperAzWithTimestamp" name="tedge_mapper_az_with_timestamp" />
</testsuite><testsuite name="tedge_mapper_az_without_timestamp" tests="4" errors="0" failures="0" skipped="0" time="0"><testcase classname="TedgeMapperAzWithoutTimestamp" name="tedge_mapper_az_without_timestamp" />
<testcase classname="TedgeMapperAzWithoutTimestamp" name="tedge_mapper_az_without_timestamp" />
<testcase classname="TedgeMapperAzWithoutTimestamp" name="tedge_mapper_az_without_timestamp" />
<testcase classname="TedgeMapperAzWithoutTimestamp" name="tedge_mapper_az_without_timestamp" />
</testsuite><testsuite name="tedge_mapper_c8y_alarms" tests="4" errors="0" failures="2" skipped="0" time="0"><testcase classname="TedgeMapperC8yAlarm" name="tedge_mapper_c8y_alarms" />
<testcase classname="TedgeMapperC8yAlarm" name="tedge_mapper_c8y_alarms">
		<failure message="BLOCKED: IndexError: list index out of range" type="BLOCKED" />
		<system-out>07:59:17 INFO  ==============================================================
07:59:17 INFO  Id:    tedge_mapper_c8y_alarms
07:59:17 INFO  Dir:   tedge_mapper_c8y/
07:59:17 INFO  Title: Validate that alarms sent to tedge/alarms topic \ gets mapped as alarms in Cumulocity
07:59:17 INFO  ==============================================================
07:59:17 INFO  EnvironmentC8y Setup
07:59:18 INFO  Executed systemctl&lt;serv_mapper1&gt;, exit status 3
07:59:32 INFO  Executed sudo&lt;tedge_connect_c8y&gt;, exit status 0, duration 14 secs
07:59:33 INFO  Executed sudo&lt;tedge_connect_c8y_test&gt;, exit status 0
07:59:34 INFO  Executed systemctl&lt;serv_mosq2&gt;, exit status 0
07:59:34 INFO  Executed systemctl&lt;serv_mapper3&gt;, exit status 0
07:59:40 INFO  Executed tedge, exit status 0
07:59:40 INFO  Executed tedge, exit status 0
07:59:40 INFO  Executed tedge, exit status 0
07:59:41 INFO  Executed tedge, exit status 0
07:59:41 INFO  Executed tedge, exit status 0
07:59:42 WARN  IndexError occurred while running test - list index out of range
Traceback (most recent call last):
  File "/home/pi/env-pysys/lib/python3.7/site-packages/pysys/baserunner.py", line 1296, in __call__
    self.testObj.validate()
  File "/home/pi/actions-runner/_work/thin-edge.io/thin-edge.io/tests/PySys/tedge_mapper_c8y/tedge_mapper_c8y_alarms/run.py", line 100, in validate
    alarms[0],
IndexError: list index out of range
07:59:42 WARN  IndexError: list index out of range ... blocked 
07:59:42 INFO  
07:59:42 INFO  cleanup:
07:59:43 INFO  Executed tedge, exit status 0
07:59:43 INFO  Executed tedge, exit status 0
07:59:44 INFO  Executed tedge, exit status 0
07:59:48 INFO  Executed sudo&lt;tedge_disconnect_c8y&gt;, exit status 0
07:59:49 INFO  Executed systemctl&lt;serv_mapper5&gt;, exit status 3
07:59:49 INFO  
07:59:49 INFO  Test duration: 31.39 secs
07:59:49 INFO  Test final outcome:  BLOCKED
07:59:49 INFO  Test outcome reason: IndexError: list index out of range
07:59:49 INFO  
</system-out>
	</testcase>
<testcase classname="TedgeMapperC8yAlarm" name="tedge_mapper_c8y_alarms">
		<failure message="BLOCKED: IndexError: list index out of range" type="BLOCKED" />
		<system-out>07:59:09 INFO  ==============================================================
07:59:09 INFO  Id:    tedge_mapper_c8y_alarms
07:59:09 INFO  Dir:   tedge_mapper_c8y/
07:59:09 INFO  Title: Validate that alarms sent to tedge/alarms topic \ gets mapped as alarms in Cumulocity
07:59:09 INFO  ==============================================================
07:59:09 INFO  EnvironmentC8y Setup
07:59:09 INFO  Executed systemctl&lt;serv_mapper1&gt;, exit status 3
07:59:24 INFO  Executed sudo&lt;tedge_connect_c8y&gt;, exit status 0, duration 14 secs
07:59:24 INFO  Executed sudo&lt;tedge_connect_c8y_test&gt;, exit status 0
07:59:25 INFO  Executed systemctl&lt;serv_mosq2&gt;, exit status 0
07:59:25 INFO  Executed systemctl&lt;serv_mapper3&gt;, exit status 0
07:59:31 INFO  Executed tedge, exit status 0
07:59:31 INFO  Executed tedge, exit status 0
07:59:32 INFO  Executed tedge, exit status 0
07:59:32 INFO  Executed tedge, exit status 0
07:59:32 INFO  Executed tedge, exit status 0
07:59:34 WARN  IndexError occurred while running test - list index out of range
Traceback (most recent call last):
  File "/home/pi/env-pysys/lib/python3.7/site-packages/pysys/baserunner.py", line 1296, in __call__
    self.testObj.validate()
  File "/home/pi/actions-runner/_work/thin-edge.io/thin-edge.io/tests/PySys/tedge_mapper_c8y/tedge_mapper_c8y_alarms/run.py", line 100, in validate
    alarms[0],
IndexError: list index out of range
07:59:34 WARN  IndexError: list index out of range ... blocked 
07:59:34 INFO  
07:59:34 INFO  cleanup:
07:59:34 INFO  Executed tedge, exit status 0
07:59:34 INFO  Executed tedge, exit status 0
07:59:35 INFO  Executed tedge, exit status 0
07:59:39 INFO  Executed sudo&lt;tedge_disconnect_c8y&gt;, exit status 0
07:59:40 INFO  Executed systemctl&lt;serv_mapper5&gt;, exit status 3
07:59:40 INFO  
07:59:40 INFO  Test duration: 31.10 secs
07:59:40 INFO  Test final outcome:  BLOCKED
07:59:40 INFO  Test outcome reason: IndexError: list index out of range
07:59:40 INFO  
</system-out>
	</testcase>
<testcase classname="TedgeMapperC8yAlarm" name="tedge_mapper_c8y_alarms" />
</testsuite><testsuite name="tedge_mapper_c8y_child_device_measurement" tests="4" errors="0" failures="4" skipped="0" time="0"><testcase classname="TedgeMapperC8yChildDevice" name="tedge_mapper_c8y_child_device_measurement">
		<failure message="BLOCKED: TypeError: 'NoneType' object is not subscriptable (+1 other failures)" type="BLOCKED" />
		<system-out>08:00:04 INFO  ==============================================================
08:00:04 INFO  Id:    tedge_mapper_c8y_child_device_measurement
08:00:04 INFO  Dir:   tedge_mapper_c8y/
08:00:04 INFO  Title: Validate that measurements sent to tedge/measurements/child topic gets mapped as the child device's measurement in Cumulocity
08:00:04 INFO  ==============================================================
08:00:04 INFO  EnvironmentC8y Setup
08:00:05 INFO  Executed systemctl&lt;serv_mapper1&gt;, exit status 3
08:00:05 INFO  Restarting mosquitto too frequently in the last 10 seconds. It was only up for 4 seconds
08:00:05 INFO  Delaying execution by 7 seconds
08:00:26 INFO  Executed sudo&lt;tedge_connect_c8y&gt;, exit status 0, duration 13 secs
08:00:27 INFO  Executed sudo&lt;tedge_connect_c8y_test&gt;, exit status 0
08:00:27 INFO  Executed systemctl&lt;serv_mosq2&gt;, exit status 0
08:00:28 INFO  Executed systemctl&lt;serv_mapper3&gt;, exit status 0
08:00:28 INFO  Assert that (actual == expected) with actual=None, expected=None ... passed
08:00:29 INFO  Executed tedge_pub, exit status 0
08:00:29 INFO  Executed tedge_pub, exit status 0
08:00:30 INFO  Executed tedge_pub, exit status 0
08:00:30 INFO  Executed tedge_pub, exit status 0
08:00:31 INFO  Executed tedge_pub, exit status 0
08:00:33 WARN  TypeError occurred while running test - 'NoneType' object is not subscriptable
Traceback (most recent call last):
  File "/home/pi/env-pysys/lib/python3.7/site-packages/pysys/baserunner.py", line 1296, in __call__
    self.testObj.validate()
  File "/home/pi/actions-runner/_work/thin-edge.io/thin-edge.io/tests/PySys/tedge_mapper_c8y/tedge_mapper_c8y_child_device_measurement/run.py", line 115, in validate
    self.child_device_json["id"], 3
TypeError: 'NoneType' object is not subscriptable
08:00:33 WARN  TypeError: 'NoneType' object is not subscriptable ... blocked 
08:00:33 INFO  
08:00:33 INFO  cleanup:
08:00:33 ERROR Error while running cleanup function: 
Traceback (most recent call last):
  File "/home/pi/env-pysys/lib/python3.7/site-packages/pysys/process/user.py", line 1305, in cleanup
    fn()
  File "/home/pi/actions-runner/_work/thin-edge.io/thin-edge.io/tests/PySys/tedge_mapper_c8y/tedge_mapper_c8y_child_device_measurement/run.py", line 165, in test_cleanup
    self.child_device_json["id"]
TypeError: 'NoneType' object is not subscriptable
08:00:37 INFO  Executed sudo&lt;tedge_disconnect_c8y&gt;, exit status 0
08:00:38 INFO  Executed systemctl&lt;serv_mapper5&gt;, exit status 3
08:00:38 WARN  Cleanup failed with 1 errors: Cleanup function failed: 'NoneType' object is not subscriptable (TypeError) ... blocked 
08:00:38 INFO  
08:00:38 INFO  Test duration: 33.10 secs
08:00:38 INFO  Test final outcome:  BLOCKED
08:00:38 INFO  Test outcome reason: TypeError: 'NoneType' object is not subscriptable (+1 other failures)
08:00:38 INFO  
</system-out>
	</testcase>
<testcase classname="TedgeMapperC8yChildDevice" name="tedge_mapper_c8y_child_device_measurement">
		<failure message="BLOCKED: TypeError: 'NoneType' object is not subscriptable (+1 other failures)" type="BLOCKED" />
		<system-out>07:59:49 INFO  ==============================================================
07:59:49 INFO  Id:    tedge_mapper_c8y_child_device_measurement
07:59:49 INFO  Dir:   tedge_mapper_c8y/
07:59:49 INFO  Title: Validate that measurements sent to tedge/measurements/child topic gets mapped as the child device's measurement in Cumulocity
07:59:49 INFO  ==============================================================
07:59:49 INFO  EnvironmentC8y Setup
07:59:49 INFO  Executed systemctl&lt;serv_mapper1&gt;, exit status 3
07:59:49 INFO  Restarting mosquitto too frequently in the last 10 seconds. It was only up for 4 seconds
07:59:49 INFO  Delaying execution by 7 seconds
08:00:11 INFO  Executed sudo&lt;tedge_connect_c8y&gt;, exit status 0, duration 14 secs
08:00:12 INFO  Executed sudo&lt;tedge_connect_c8y_test&gt;, exit status 0
08:00:12 INFO  Executed systemctl&lt;serv_mosq2&gt;, exit status 0
08:00:13 INFO  Executed systemctl&lt;serv_mapper3&gt;, exit status 0
08:00:13 INFO  Assert that (actual == expected) with actual=None, expected=None ... passed
08:00:14 INFO  Executed tedge_pub, exit status 0
08:00:14 INFO  Executed tedge_pub, exit status 0
08:00:15 INFO  Executed tedge_pub, exit status 0
08:00:15 INFO  Executed tedge_pub, exit status 0
08:00:15 INFO  Executed tedge_pub, exit status 0
08:00:18 WARN  TypeError occurred while running test - 'NoneType' object is not subscriptable
Traceback (most recent call last):
  File "/home/pi/env-pysys/lib/python3.7/site-packages/pysys/baserunner.py", line 1296, in __call__
    self.testObj.validate()
  File "/home/pi/actions-runner/_work/thin-edge.io/thin-edge.io/tests/PySys/tedge_mapper_c8y/tedge_mapper_c8y_child_device_measurement/run.py", line 115, in validate
    self.child_device_json["id"], 3
TypeError: 'NoneType' object is not subscriptable
08:00:18 WARN  TypeError: 'NoneType' object is not subscriptable ... blocked 
08:00:18 INFO  
08:00:18 INFO  cleanup:
08:00:18 ERROR Error while running cleanup function: 
Traceback (most recent call last):
  File "/home/pi/env-pysys/lib/python3.7/site-packages/pysys/process/user.py", line 1305, in cleanup
    fn()
  File "/home/pi/actions-runner/_work/thin-edge.io/thin-edge.io/tests/PySys/tedge_mapper_c8y/tedge_mapper_c8y_child_device_measurement/run.py", line 165, in test_cleanup
    self.child_device_json["id"]
TypeError: 'NoneType' object is not subscriptable
08:00:22 INFO  Executed sudo&lt;tedge_disconnect_c8y&gt;, exit status 0
08:00:23 INFO  Executed systemctl&lt;serv_mapper5&gt;, exit status 3
08:00:23 WARN  Cleanup failed with 1 errors: Cleanup function failed: 'NoneType' object is not subscriptable (TypeError) ... blocked 
08:00:23 INFO  
08:00:23 INFO  Test duration: 33.96 secs
08:00:23 INFO  Test final outcome:  BLOCKED
08:00:23 INFO  Test outcome reason: TypeError: 'NoneType' object is not subscriptable (+1 other failures)
08:00:23 INFO  
</system-out>
	</testcase>
<testcase classname="TedgeMapperC8yChildDevice" name="tedge_mapper_c8y_child_device_measurement">
		<failure message="BLOCKED: TypeError: 'NoneType' object is not subscriptable (+1 other failures)" type="BLOCKED" />
		<system-out>07:59:40 INFO  ==============================================================
07:59:40 INFO  Id:    tedge_mapper_c8y_child_device_measurement
07:59:40 INFO  Dir:   tedge_mapper_c8y/
07:59:40 INFO  Title: Validate that measurements sent to tedge/measurements/child topic gets mapped as the child device's measurement in Cumulocity
07:59:40 INFO  ==============================================================
07:59:40 INFO  EnvironmentC8y Setup
07:59:40 INFO  Executed systemctl&lt;serv_mapper1&gt;, exit status 3
07:59:41 INFO  Restarting mosquitto too frequently in the last 10 seconds. It was only up for 5 seconds
07:59:41 INFO  Delaying execution by 6 seconds
08:00:01 INFO  Executed sudo&lt;tedge_connect_c8y&gt;, exit status 0, duration 13 secs
08:00:01 INFO  Executed sudo&lt;tedge_connect_c8y_test&gt;, exit status 0
08:00:02 INFO  Executed systemctl&lt;serv_mosq2&gt;, exit status 0
08:00:02 INFO  Executed systemctl&lt;serv_mapper3&gt;, exit status 0
08:00:03 INFO  Assert that (actual == expected) with actual=None, expected=None ... passed
08:00:03 INFO  Executed tedge_pub, exit status 0
08:00:04 INFO  Executed tedge_pub, exit status 0
08:00:04 INFO  Executed tedge_pub, exit status 0
08:00:05 INFO  Executed tedge_pub, exit status 0
08:00:05 INFO  Executed tedge_pub, exit status 0
08:00:08 WARN  TypeError occurred while running test - 'NoneType' object is not subscriptable
Traceback (most recent call last):
  File "/home/pi/env-pysys/lib/python3.7/site-packages/pysys/baserunner.py", line 1296, in __call__
    self.testObj.validate()
  File "/home/pi/actions-runner/_work/thin-edge.io/thin-edge.io/tests/PySys/tedge_mapper_c8y/tedge_mapper_c8y_child_device_measurement/run.py", line 115, in validate
    self.child_device_json["id"], 3
TypeError: 'NoneType' object is not subscriptable
08:00:08 WARN  TypeError: 'NoneType' object is not subscriptable ... blocked 
08:00:08 INFO  
08:00:08 INFO  cleanup:
08:00:08 ERROR Error while running cleanup function: 
Traceback (most recent call last):
  File "/home/pi/env-pysys/lib/python3.7/site-packages/pysys/process/user.py", line 1305, in cleanup
    fn()
  File "/home/pi/actions-runner/_work/thin-edge.io/thin-edge.io/tests/PySys/tedge_mapper_c8y/tedge_mapper_c8y_child_device_measurement/run.py", line 165, in test_cleanup
    self.child_device_json["id"]
TypeError: 'NoneType' object is not subscriptable
08:00:12 INFO  Executed sudo&lt;tedge_disconnect_c8y&gt;, exit status 0
08:00:12 INFO  Executed systemctl&lt;serv_mapper5&gt;, exit status 3
08:00:12 WARN  Cleanup failed with 1 errors: Cleanup function failed: 'NoneType' object is not subscriptable (TypeError) ... blocked 
08:00:12 INFO  
08:00:12 INFO  Test duration: 32.57 secs
08:00:12 INFO  Test final outcome:  BLOCKED
08:00:12 INFO  Test outcome reason: TypeError: 'NoneType' object is not subscriptable (+1 other failures)
08:00:12 INFO  
</system-out>
	</testcase>
<testcase classname="TedgeMapperC8yChildDevice" name="tedge_mapper_c8y_child_device_measurement">
		<failure message="BLOCKED: TypeError: 'NoneType' object is not subscriptable (+1 other failures)" type="BLOCKED" />
		<system-out>07:59:56 INFO  ==============================================================
07:59:56 INFO  Id:    tedge_mapper_c8y_child_device_measurement
07:59:56 INFO  Dir:   tedge_mapper_c8y/
07:59:56 INFO  Title: Validate that measurements sent to tedge/measurements/child topic gets mapped as the child device's measurement in Cumulocity
07:59:56 INFO  ==============================================================
07:59:56 INFO  EnvironmentC8y Setup
07:59:57 INFO  Executed systemctl&lt;serv_mapper1&gt;, exit status 3
07:59:57 INFO  Restarting mosquitto too frequently in the last 10 seconds. It was only up for 4 seconds
07:59:57 INFO  Delaying execution by 7 seconds
08:00:18 INFO  Executed sudo&lt;tedge_connect_c8y&gt;, exit status 0, duration 14 secs
08:00:19 INFO  Executed sudo&lt;tedge_connect_c8y_test&gt;, exit status 0
08:00:19 INFO  Executed systemctl&lt;serv_mosq2&gt;, exit status 0
08:00:20 INFO  Executed systemctl&lt;serv_mapper3&gt;, exit status 0
08:00:21 INFO  Assert that (actual == expected) with actual=None, expected=None ... passed
08:00:21 INFO  Executed tedge_pub, exit status 0
08:00:21 INFO  Executed tedge_pub, exit status 0
08:00:22 INFO  Executed tedge_pub, exit status 0
08:00:22 INFO  Executed tedge_pub, exit status 0
08:00:23 INFO  Executed tedge_pub, exit status 0
08:00:25 WARN  TypeError occurred while running test - 'NoneType' object is not subscriptable
Traceback (most recent call last):
  File "/home/pi/env-pysys/lib/python3.7/site-packages/pysys/baserunner.py", line 1296, in __call__
    self.testObj.validate()
  File "/home/pi/actions-runner/_work/thin-edge.io/thin-edge.io/tests/PySys/tedge_mapper_c8y/tedge_mapper_c8y_child_device_measurement/run.py", line 115, in validate
    self.child_device_json["id"], 3
TypeError: 'NoneType' object is not subscriptable
08:00:25 WARN  TypeError: 'NoneType' object is not subscriptable ... blocked 
08:00:25 INFO  
08:00:25 INFO  cleanup:
08:00:25 ERROR Error while running cleanup function: 
Traceback (most recent call last):
  File "/home/pi/env-pysys/lib/python3.7/site-packages/pysys/process/user.py", line 1305, in cleanup
    fn()
  File "/home/pi/actions-runner/_work/thin-edge.io/thin-edge.io/tests/PySys/tedge_mapper_c8y/tedge_mapper_c8y_child_device_measurement/run.py", line 165, in test_cleanup
    self.child_device_json["id"]
TypeError: 'NoneType' object is not subscriptable
08:00:29 INFO  Executed sudo&lt;tedge_disconnect_c8y&gt;, exit status 0
08:00:30 INFO  Executed systemctl&lt;serv_mapper5&gt;, exit status 3
08:00:30 WARN  Cleanup failed with 1 errors: Cleanup function failed: 'NoneType' object is not subscriptable (TypeError) ... blocked 
08:00:30 INFO  
08:00:30 INFO  Test duration: 33.43 secs
08:00:30 INFO  Test final outcome:  BLOCKED
08:00:30 INFO  Test outcome reason: TypeError: 'NoneType' object is not subscriptable (+1 other failures)
08:00:30 INFO  
</system-out>
	</testcase>
</testsuite><testsuite name="tedge_mapper_c8y_negative" tests="4" errors="0" failures="0" skipped="0" time="0"><testcase classname="TedgeMapperC8y" name="tedge_mapper_c8y_negative" />
<testcase classname="TedgeMapperC8y" name="tedge_mapper_c8y_negative" />
<testcase classname="TedgeMapperC8y" name="tedge_mapper_c8y_negative" />
<testcase classname="TedgeMapperC8y" name="tedge_mapper_c8y_negative" />
</testsuite><testsuite name="tedge_mapper_c8y_packet_threshold_size" tests="4" errors="0" failures="0" skipped="0" time="0"><testcase classname="TedgeMapperC8yThresholdPacketSize" name="tedge_mapper_c8y_packet_threshold_size" />
<testcase classname="TedgeMapperC8yThresholdPacketSize" name="tedge_mapper_c8y_packet_threshold_size" />
<testcase classname="TedgeMapperC8yThresholdPacketSize" name="tedge_mapper_c8y_packet_threshold_size" />
<testcase classname="TedgeMapperC8yThresholdPacketSize" name="tedge_mapper_c8y_packet_threshold_size" />
</testsuite><testsuite name="tedge_mapper_c8y_positive" tests="4" errors="0" failures="0" skipped="0" time="0"><testcase classname="TedgeMapperC8y" name="tedge_mapper_c8y_positive" />
<testcase classname="TedgeMapperC8y" name="tedge_mapper_c8y_positive" />
<testcase classname="TedgeMapperC8y" name="tedge_mapper_c8y_positive" />
<testcase classname="TedgeMapperC8y" name="tedge_mapper_c8y_positive" />
</testsuite><testsuite name="tedge_software_update" tests="4" errors="0" failures="0" skipped="0" time="0"><testcase classname="PySysTest" name="tedge_software_update" />
<testcase classname="PySysTest" name="tedge_software_update" />
<testcase classname="PySysTest" name="tedge_software_update" />
<testcase classname="PySysTest" name="tedge_software_update" />
</testsuite><testsuite name="valid_device_id" tests="4" errors="0" failures="0" skipped="0" time="0"><testcase classname="ValidateValidDeviceId" name="valid_device_id" />
<testcase classname="ValidateValidDeviceId" name="valid_device_id" />
<testcase classname="ValidateValidDeviceId" name="valid_device_id" />
<testcase classname="ValidateValidDeviceId" name="valid_device_id" />
</testsuite></testsuites>