<?xml version='1.0' encoding='utf-8'?>
<testsuites tests="147" failures="17" errors="0" skipped="0" time="0.0"><testsuite name="SoftwareManagement.Plugin.apama_plugin_install" tests="2" errors="0" failures="0" skipped="0" time="0"><testcase classname="ApamaPluginInstallTest" name="SoftwareManagement.Plugin.apama_plugin_install" />
<testcase classname="ApamaPluginInstallTest" name="SoftwareManagement.Plugin.apama_plugin_install" />
</testsuite><testsuite name="SoftwareManagement.Plugin.apama_plugin_mon_support" tests="2" errors="0" failures="0" skipped="0" time="0"><testcase classname="ApamaPluginMonSupportTest" name="SoftwareManagement.Plugin.apama_plugin_mon_support" />
<testcase classname="ApamaPluginMonSupportTest" name="SoftwareManagement.Plugin.apama_plugin_mon_support" />
</testsuite><testsuite name="SoftwareManagement.Plugin.apama_plugin_remove" tests="2" errors="0" failures="0" skipped="0" time="0"><testcase classname="ApamaPluginRemoveTest" name="SoftwareManagement.Plugin.apama_plugin_remove" />
<testcase classname="ApamaPluginRemoveTest" name="SoftwareManagement.Plugin.apama_plugin_remove" />
</testsuite><testsuite name="SoftwareManagement.Plugin.apama_plugin_update" tests="2" errors="0" failures="0" skipped="0" time="0"><testcase classname="ApamaPluginUpdateTest" name="SoftwareManagement.Plugin.apama_plugin_update" />
<testcase classname="ApamaPluginUpdateTest" name="SoftwareManagement.Plugin.apama_plugin_update" />
</testsuite><testsuite name="SoftwareManagement.sm_apt_install_download_path" tests="3" errors="0" failures="2" skipped="0" time="0"><testcase classname="AptInstallWithDownloadPath" name="SoftwareManagement.sm_apt_install_download_path" />
<testcase classname="AptInstallWithDownloadPath" name="SoftwareManagement.sm_apt_install_download_path">
		<failure message="BLOCKED: CalledProcessError: Command '/usr/bin/sudo /usr/bin/tedge config get download.path' returned non-zero exit status 1. (+3 other failures)" type="BLOCKED" />
		<system-out>11:27:18 INFO  ==============================================================
11:27:18 INFO  Id:    SoftwareManagement.sm_apt_install_download_path
11:27:18 INFO  Dir:   software_management_end_to_end/
11:27:18 INFO  Title: Install package to directory specified in tedge config set tmp.path
11:27:18 DEBUG Execution order hint: 0.0
11:27:18 INFO  ==============================================================
11:27:18 INFO  Using sw id database: {'asciijump': '5475369', 'robotfindskitten': '5474869', 'squirrel3': '5475279', 'rolldice': '5152439', 'moon-buggy': '5439204', 'apple': '5495053', 'banana': '5494888', 'cherry': '5495382', 'watermelon': '5494510', 'registry': '8018911', 'hello-world': '8021526', 'docker/getting-started': '8021973', 'alpine': '7991792'}
11:27:18 DEBUG EnvironmentC8y Setup
11:27:18 INFO  EnvironmentC8y Setup
11:27:18 DEBUG Process parameters for systemctl&lt;serv_mapper1&gt;
  command line : /usr/bin/systemctl status tedge-mapper-c8y
    arg #1     : status
    arg #2     : tedge-mapper-c8y
  working dir  : /home/pi/actions-runner/_work/thin-edge.io/thin-edge.io/tests/PySys/software_management_end_to_end/sm_apt_install_download_path/Output/linux
  stdout       : /home/pi/actions-runner/_work/thin-edge.io/thin-edge.io/tests/PySys/software_management_end_to_end/sm_apt_install_download_path/Output/linux/serv_mapper1.out
  stderr       : /home/pi/actions-runner/_work/thin-edge.io/thin-edge.io/tests/PySys/software_management_end_to_end/sm_apt_install_download_path/Output/linux/serv_mapper1.err
  environment  : LD_LIBRARY_PATH=/usr/lib
  environment  : PATH=/bin:/usr/bin:/usr/sbin:/usr/local/bin
                   #1  /bin
                   #2  /usr/bin
                   #3  /usr/sbin
                   #4  /usr/local/bin
11:27:18 DEBUG Waiting up to 600 secs for process systemctl&lt;serv_mapper1&gt; (pid 23700)
11:27:18 INFO  Executed systemctl&lt;serv_mapper1&gt;, exit status 3
11:27:18 DEBUG Process parameters for sudo&lt;tedge_connect_c8y&gt;
  command line : /usr/bin/sudo /usr/bin/tedge connect c8y
    arg #1     : /usr/bin/tedge
    arg #2     : connect
    arg #3     : c8y
  working dir  : /home/pi/actions-runner/_work/thin-edge.io/thin-edge.io/tests/PySys/software_management_end_to_end/sm_apt_install_download_path/Output/linux
  stdout       : /home/pi/actions-runner/_work/thin-edge.io/thin-edge.io/tests/PySys/software_management_end_to_end/sm_apt_install_download_path/Output/linux/tedge_connect_c8y.out
  stderr       : /home/pi/actions-runner/_work/thin-edge.io/thin-edge.io/tests/PySys/software_management_end_to_end/sm_apt_install_download_path/Output/linux/tedge_connect_c8y.err
  environment  : LD_LIBRARY_PATH=/usr/lib
  environment  : PATH=/bin:/usr/bin:/usr/sbin:/usr/local/bin
                   #1  /bin
                   #2  /usr/bin
                   #3  /usr/sbin
                   #4  /usr/local/bin
11:27:18 DEBUG Waiting up to 600 secs for process sudo&lt;tedge_connect_c8y&gt; (pid 23704)
11:27:30 INFO  Executed sudo&lt;tedge_connect_c8y&gt;, exit status 0, duration 11 secs
11:27:30 DEBUG Process parameters for sudo&lt;tedge_connect_c8y_test&gt;
  command line : /usr/bin/sudo /usr/bin/tedge connect c8y --test
    arg #1     : /usr/bin/tedge
    arg #2     : connect
    arg #3     : c8y
    arg #4     : --test
  working dir  : /home/pi/actions-runner/_work/thin-edge.io/thin-edge.io/tests/PySys/software_management_end_to_end/sm_apt_install_download_path/Output/linux
  stdout       : /home/pi/actions-runner/_work/thin-edge.io/thin-edge.io/tests/PySys/software_management_end_to_end/sm_apt_install_download_path/Output/linux/tedge_connect_c8y_test.out
  stderr       : /home/pi/actions-runner/_work/thin-edge.io/thin-edge.io/tests/PySys/software_management_end_to_end/sm_apt_install_download_path/Output/linux/tedge_connect_c8y_test.err
  environment  : LD_LIBRARY_PATH=/usr/lib
  environment  : PATH=/bin:/usr/bin:/usr/sbin:/usr/local/bin
                   #1  /bin
                   #2  /usr/bin
                   #3  /usr/sbin
                   #4  /usr/local/bin
11:27:30 DEBUG Waiting up to 600 secs for process sudo&lt;tedge_connect_c8y_test&gt; (pid 23853)
11:27:30 INFO  Executed sudo&lt;tedge_connect_c8y_test&gt;, exit status 0
11:27:30 DEBUG Process parameters for systemctl&lt;serv_mosq2&gt;
  command line : /usr/bin/systemctl status mosquitto
    arg #1     : status
    arg #2     : mosquitto
  working dir  : /home/pi/actions-runner/_work/thin-edge.io/thin-edge.io/tests/PySys/software_management_end_to_end/sm_apt_install_download_path/Output/linux
  stdout       : /home/pi/actions-runner/_work/thin-edge.io/thin-edge.io/tests/PySys/software_management_end_to_end/sm_apt_install_download_path/Output/linux/serv_mosq2.out
  stderr       : /home/pi/actions-runner/_work/thin-edge.io/thin-edge.io/tests/PySys/software_management_end_to_end/sm_apt_install_download_path/Output/linux/serv_mosq2.err
  environment  : LD_LIBRARY_PATH=/usr/lib
  environment  : PATH=/bin:/usr/bin:/usr/sbin:/usr/local/bin
                   #1  /bin
                   #2  /usr/bin
                   #3  /usr/sbin
                   #4  /usr/local/bin
11:27:30 DEBUG Waiting up to 600 secs for process systemctl&lt;serv_mosq2&gt; (pid 23863)
11:27:30 INFO  Executed systemctl&lt;serv_mosq2&gt;, exit status 0
11:27:30 DEBUG Process parameters for systemctl&lt;serv_mapper3&gt;
  command line : /usr/bin/systemctl status tedge-mapper-c8y
    arg #1     : status
    arg #2     : tedge-mapper-c8y
  working dir  : /home/pi/actions-runner/_work/thin-edge.io/thin-edge.io/tests/PySys/software_management_end_to_end/sm_apt_install_download_path/Output/linux
  stdout       : /home/pi/actions-runner/_work/thin-edge.io/thin-edge.io/tests/PySys/software_management_end_to_end/sm_apt_install_download_path/Output/linux/serv_mapper3.out
  stderr       : /home/pi/actions-runner/_work/thin-edge.io/thin-edge.io/tests/PySys/software_management_end_to_end/sm_apt_install_download_path/Output/linux/serv_mapper3.err
  environment  : LD_LIBRARY_PATH=/usr/lib
  environment  : PATH=/bin:/usr/bin:/usr/sbin:/usr/local/bin
                   #1  /bin
                   #2  /usr/bin
                   #3  /usr/sbin
                   #4  /usr/local/bin
11:27:30 DEBUG Waiting up to 600 secs for process systemctl&lt;serv_mapper3&gt; (pid 23864)
11:27:30 INFO  Executed systemctl&lt;serv_mapper3&gt;, exit status 0
11:27:33 DEBUG Final URL of the request: https://thin-edge-io.eu-latest.cumulocity.com/devicecontrol/operations?deviceId=13990292&amp;pageSize=1&amp;revert=true&amp;dateFrom=1970-01-01T00%3A00%3A00.000Z
11:27:33 INFO  State of current operation: SUCCESSFUL
11:27:33 INFO  Package rolldice is installed
11:27:33 WARN  Assert that (False == value) with value=True ... failed 
11:27:33 DEBUG Process parameters for sudo
  command line : /usr/bin/sudo mkdir /tedge_download_path_test
    arg #1     : mkdir
    arg #2     : /tedge_download_path_test
  working dir  : /home/pi/actions-runner/_work/thin-edge.io/thin-edge.io/tests/PySys/software_management_end_to_end/sm_apt_install_download_path/Output/linux
  stdout       : None
  stderr       : None
  environment  : LD_LIBRARY_PATH=/usr/lib
  environment  : PATH=/bin:/usr/bin:/usr/sbin:/usr/local/bin
                   #1  /bin
                   #2  /usr/bin
                   #3  /usr/sbin
                   #4  /usr/local/bin
11:27:33 DEBUG Waiting up to 600 secs for process sudo (pid 23872)
11:27:33 INFO  Executed sudo, exit status 0
11:27:33 DEBUG Process parameters for sudo
  command line : /usr/bin/sudo chmod a+rwx /tedge_download_path_test
    arg #1     : chmod
    arg #2     : a+rwx
    arg #3     : /tedge_download_path_test
  working dir  : /home/pi/actions-runner/_work/thin-edge.io/thin-edge.io/tests/PySys/software_management_end_to_end/sm_apt_install_download_path/Output/linux
  stdout       : None
  stderr       : None
  environment  : LD_LIBRARY_PATH=/usr/lib
  environment  : PATH=/bin:/usr/bin:/usr/sbin:/usr/local/bin
                   #1  /bin
                   #2  /usr/bin
                   #3  /usr/sbin
                   #4  /usr/local/bin
11:27:33 DEBUG Waiting up to 600 secs for process sudo (pid 23874)
11:27:34 INFO  Executed sudo, exit status 0
11:27:34 WARN  caught &lt;class 'subprocess.CalledProcessError'&gt; while running test: Command '/usr/bin/sudo /usr/bin/tedge config get download.path' returned non-zero exit status 1.
Traceback (most recent call last):
  File "/home/pi/env-pysys/lib/python3.7/site-packages/pysys/baserunner.py", line 1207, in __call__
    self.testObj.setup()
  File "/home/pi/actions-runner/_work/thin-edge.io/thin-edge.io/tests/PySys/software_management_end_to_end/sm_apt_install_download_path/run.py", line 55, in setup
    self.CURRENT_DOWNLOAD_PATH = subprocess.check_output(f"{self.SUDO} {self.TEDGE} config get download.path", shell=True).decode("utf8").strip()
  File "/usr/lib/python3.7/subprocess.py", line 395, in check_output
    **kwargs).stdout
  File "/usr/lib/python3.7/subprocess.py", line 487, in run
    output=stdout, stderr=stderr)
subprocess.CalledProcessError: Command '/usr/bin/sudo /usr/bin/tedge config get download.path' returned non-zero exit status 1.
11:27:34 WARN  CalledProcessError: Command '/usr/bin/sudo /usr/bin/tedge config get download.path' returned non-zero exit status 1. ... blocked 
11:27:34 DEBUG --- test cleanup
11:27:34 INFO  
11:27:34 INFO  cleanup:
11:27:34 DEBUG Running registered cleanup function: &lt;bound method AptInstallWithDownloadPath.mysmcleanup of &lt;AptInstallWithDownloadPath object at 0x75d0bcb0&gt;&gt;
11:27:34 DEBUG Process parameters for sudo
  command line : /usr/bin/sudo rm -rf /tedge_download_path_test
    arg #1     : rm
    arg #2     : -rf
    arg #3     : /tedge_download_path_test
  working dir  : /home/pi/actions-runner/_work/thin-edge.io/thin-edge.io/tests/PySys/software_management_end_to_end/sm_apt_install_download_path/Output/linux
  stdout       : None
  stderr       : None
  environment  : LD_LIBRARY_PATH=/usr/lib
  environment  : PATH=/bin:/usr/bin:/usr/sbin:/usr/local/bin
                   #1  /bin
                   #2  /usr/bin
                   #3  /usr/sbin
                   #4  /usr/local/bin
11:27:34 DEBUG Waiting up to 600 secs for process sudo (pid 23879)
11:27:34 INFO  Executed sudo, exit status 0
11:27:34 DEBUG Process parameters for sudo
  command line : /usr/bin/sudo /usr/bin/tedge config set download.path None
    arg #1     : /usr/bin/tedge
    arg #2     : config
    arg #3     : set
    arg #4     : download.path
    arg #5     : None
  working dir  : /home/pi/actions-runner/_work/thin-edge.io/thin-edge.io/tests/PySys/software_management_end_to_end/sm_apt_install_download_path/Output/linux
  stdout       : None
  stderr       : None
  environment  : LD_LIBRARY_PATH=/usr/lib
  environment  : PATH=/bin:/usr/bin:/usr/sbin:/usr/local/bin
                   #1  /bin
                   #2  /usr/bin
                   #3  /usr/sbin
                   #4  /usr/local/bin
11:27:34 DEBUG Waiting up to 600 secs for process sudo (pid 23881)
11:27:34 WARN  Executed sudo, exit status 1
11:27:34 WARN  Process sudo has no stdouterr= specified; providing this parameter will allow PySys to capture the process output that shows why it failed
11:27:34 DEBUG Opening file using encoding=UTF-8: /dev/null
11:27:34 DEBUG Opening file using encoding=UTF-8: /dev/null
11:27:34 ERROR Error while running cleanup function: 
Traceback (most recent call last):
  File "/home/pi/env-pysys/lib/python3.7/site-packages/pysys/process/user.py", line 1299, in cleanup
    fn()
  File "/home/pi/actions-runner/_work/thin-edge.io/thin-edge.io/tests/PySys/software_management_end_to_end/sm_apt_install_download_path/run.py", line 102, in mysmcleanup
    self.set_download_path(self.CURRENT_DOWNLOAD_PATH)
  File "/home/pi/actions-runner/_work/thin-edge.io/thin-edge.io/tests/PySys/software_management_end_to_end/sm_apt_install_download_path/run.py", line 44, in set_download_path
    arguments=[self.TEDGE, "config", "set", "download.path", f"{download_path}"]
  File "/home/pi/env-pysys/lib/python3.7/site-packages/pysys/process/user.py", line 478, in startProcess
    abortOnError=abortOnError)
  File "/home/pi/env-pysys/lib/python3.7/site-packages/pysys/process/user.py", line 1402, in addOutcome
    self.abort(outcome, outcomeReason, callRecord)
  File "/home/pi/env-pysys/lib/python3.7/site-packages/pysys/process/user.py", line 1421, in abort
    raise AbortExecution(outcome, outcomeReason, callRecord)
pysys.exceptions.AbortExecution: sudo returned non-zero exit code 1
11:27:34 DEBUG Running registered cleanup function: &lt;bound method EnvironmentC8y.myenvcleanup of &lt;AptInstallWithDownloadPath object at 0x75d0bcb0&gt;&gt;
11:27:34 DEBUG EnvironmentC8y Cleanup
11:27:34 DEBUG Process parameters for sudo&lt;tedge_disconnect_c8y&gt;
  command line : /usr/bin/sudo /usr/bin/tedge disconnect c8y
    arg #1     : /usr/bin/tedge
    arg #2     : disconnect
    arg #3     : c8y
  working dir  : /home/pi/actions-runner/_work/thin-edge.io/thin-edge.io/tests/PySys/software_management_end_to_end/sm_apt_install_download_path/Output/linux
  stdout       : /home/pi/actions-runner/_work/thin-edge.io/thin-edge.io/tests/PySys/software_management_end_to_end/sm_apt_install_download_path/Output/linux/tedge_disconnect_c8y.out
  stderr       : /home/pi/actions-runner/_work/thin-edge.io/thin-edge.io/tests/PySys/software_management_end_to_end/sm_apt_install_download_path/Output/linux/tedge_disconnect_c8y.err
  environment  : LD_LIBRARY_PATH=/usr/lib
  environment  : PATH=/bin:/usr/bin:/usr/sbin:/usr/local/bin
                   #1  /bin
                   #2  /usr/bin
                   #3  /usr/sbin
                   #4  /usr/local/bin
11:27:34 DEBUG Waiting up to 600 secs for process sudo&lt;tedge_disconnect_c8y&gt; (pid 23886)
11:27:38 INFO  Executed sudo&lt;tedge_disconnect_c8y&gt;, exit status 0
11:27:38 DEBUG Process parameters for systemctl&lt;serv_mapper5&gt;
  command line : /usr/bin/systemctl status tedge-mapper-c8y
    arg #1     : status
    arg #2     : tedge-mapper-c8y
  working dir  : /home/pi/actions-runner/_work/thin-edge.io/thin-edge.io/tests/PySys/software_management_end_to_end/sm_apt_install_download_path/Output/linux
  stdout       : /home/pi/actions-runner/_work/thin-edge.io/thin-edge.io/tests/PySys/software_management_end_to_end/sm_apt_install_download_path/Output/linux/serv_mapper5.out
  stderr       : /home/pi/actions-runner/_work/thin-edge.io/thin-edge.io/tests/PySys/software_management_end_to_end/sm_apt_install_download_path/Output/linux/serv_mapper5.err
  environment  : LD_LIBRARY_PATH=/usr/lib
  environment  : PATH=/bin:/usr/bin:/usr/sbin:/usr/local/bin
                   #1  /bin
                   #2  /usr/bin
                   #3  /usr/sbin
                   #4  /usr/local/bin
11:27:38 DEBUG Waiting up to 600 secs for process systemctl&lt;serv_mapper5&gt; (pid 23945)
11:27:38 INFO  Executed systemctl&lt;serv_mapper5&gt;, exit status 3
11:27:38 DEBUG ProcessUser cleanup function done.
11:27:38 WARN  Cleanup failed with 1 errors: Cleanup function failed: sudo returned non-zero exit code 1 (AbortExecution) ... blocked 
11:27:38 INFO  
11:27:38 INFO  Test duration: 20.21 secs
11:27:38 INFO  Test final outcome:  BLOCKED
11:27:38 INFO  Test outcome reason: CalledProcessError: Command '/usr/bin/sudo /usr/bin/tedge config get download.path' returned non-zero exit status 1. (+3 other failures)
11:27:38 INFO  
</system-out>
	</testcase>
<testcase classname="AptInstallWithDownloadPath" name="SoftwareManagement.sm_apt_install_download_path">
		<failure message="FAILED: Device ID is not set. Set with the env variable C8YDEVICEID" type="FAILED" />
		<system-out>11:42:03 INFO  ==============================================================
11:42:03 INFO  Id:    SoftwareManagement.sm_apt_install_download_path
11:42:03 INFO  Dir:   software_management_end_to_end/
11:42:03 INFO  Title: Install package to directory specified in tedge config set tmp.path
11:42:03 DEBUG Execution order hint: 0.0
11:42:03 INFO  ==============================================================
11:42:04 INFO  Using sw id database: {'asciijump': '5475369', 'robotfindskitten': '5474869', 'squirrel3': '5475279', 'rolldice': '5152439', 'moon-buggy': '5439204', 'apple': '5495053', 'banana': '5494888', 'cherry': '5495382', 'watermelon': '5494510', 'registry': '8018911', 'hello-world': '8021526', 'docker/getting-started': '8021973', 'alpine': '7991792'}
11:42:04 DEBUG EnvironmentC8y Setup
11:42:04 WARN  Device ID is not set. Set with the env variable C8YDEVICEID ... failed 
11:42:04 WARN  Aborted test due to FAILED outcome
11:42:04 DEBUG --- test cleanup
11:42:04 DEBUG ProcessUser cleanup function done.
11:42:04 INFO  
11:42:04 INFO  Test duration: 1.18 secs
11:42:04 INFO  Test final outcome:  FAILED
11:42:04 INFO  Test outcome reason: Device ID is not set. Set with the env variable C8YDEVICEID
11:42:04 INFO  
</system-out>
	</testcase>
</testsuite><testsuite name="SoftwareManagement.sm_apt_install_fail" tests="3" errors="0" failures="1" skipped="0" time="0"><testcase classname="PySysTest" name="SoftwareManagement.sm_apt_install_fail" />
<testcase classname="PySysTest" name="SoftwareManagement.sm_apt_install_fail" />
<testcase classname="PySysTest" name="SoftwareManagement.sm_apt_install_fail">
		<failure message="FAILED: Device ID is not set. Set with the env variable C8YDEVICEID" type="FAILED" />
		<system-out>11:42:04 INFO  ==============================================================
11:42:04 INFO  Id:    SoftwareManagement.sm_apt_install_fail
11:42:04 INFO  Dir:   software_management_end_to_end/
11:42:04 INFO  Title: Validate end to end behaviour for a failing installation
11:42:04 DEBUG Execution order hint: 0.0
11:42:04 INFO  ==============================================================
11:42:04 INFO  Using sw id database: {'asciijump': '5475369', 'robotfindskitten': '5474869', 'squirrel3': '5475279', 'rolldice': '5152439', 'moon-buggy': '5439204', 'apple': '5495053', 'banana': '5494888', 'cherry': '5495382', 'watermelon': '5494510', 'registry': '8018911', 'hello-world': '8021526', 'docker/getting-started': '8021973', 'alpine': '7991792'}
11:42:04 DEBUG EnvironmentC8y Setup
11:42:04 WARN  Device ID is not set. Set with the env variable C8YDEVICEID ... failed 
11:42:04 WARN  Aborted test due to FAILED outcome
11:42:04 DEBUG --- test cleanup
11:42:04 DEBUG ProcessUser cleanup function done.
11:42:04 INFO  
11:42:04 INFO  Test duration: 0.05 secs
11:42:04 INFO  Test final outcome:  FAILED
11:42:04 INFO  Test outcome reason: Device ID is not set. Set with the env variable C8YDEVICEID
11:42:04 INFO  
</system-out>
	</testcase>
</testsuite><testsuite name="SoftwareManagement.sm_apt_install_remove" tests="3" errors="0" failures="2" skipped="0" time="0"><testcase classname="PySysTest" name="SoftwareManagement.sm_apt_install_remove" />
<testcase classname="PySysTest" name="SoftwareManagement.sm_apt_install_remove">
		<failure message="BLOCKED: TypeError: remove_package_apt() takes 1 positional argument but 2 were given" type="BLOCKED" />
		<system-out>11:28:29 INFO  ==============================================================
11:28:29 INFO  Id:    SoftwareManagement.sm_apt_install_remove
11:28:29 INFO  Dir:   software_management_end_to_end/
11:28:29 INFO  Title: Validate end to end behaviour for the apt plugin for installation and removal of packages
11:28:29 DEBUG Execution order hint: 0.0
11:28:29 INFO  ==============================================================
11:28:29 INFO  Using sw id database: {'asciijump': '5475369', 'robotfindskitten': '5474869', 'squirrel3': '5475279', 'rolldice': '5152439', 'moon-buggy': '5439204', 'apple': '5495053', 'banana': '5494888', 'cherry': '5495382', 'watermelon': '5494510', 'registry': '8018911', 'hello-world': '8021526', 'docker/getting-started': '8021973', 'alpine': '7991792'}
11:28:29 DEBUG EnvironmentC8y Setup
11:28:29 INFO  EnvironmentC8y Setup
11:28:29 DEBUG Process parameters for systemctl&lt;serv_mapper1&gt;
  command line : /usr/bin/systemctl status tedge-mapper-c8y
    arg #1     : status
    arg #2     : tedge-mapper-c8y
  working dir  : /home/pi/actions-runner/_work/thin-edge.io/thin-edge.io/tests/PySys/software_management_end_to_end/sm_apt_install_remove/Output/linux
  stdout       : /home/pi/actions-runner/_work/thin-edge.io/thin-edge.io/tests/PySys/software_management_end_to_end/sm_apt_install_remove/Output/linux/serv_mapper1.out
  stderr       : /home/pi/actions-runner/_work/thin-edge.io/thin-edge.io/tests/PySys/software_management_end_to_end/sm_apt_install_remove/Output/linux/serv_mapper1.err
  environment  : LD_LIBRARY_PATH=/usr/lib
  environment  : PATH=/bin:/usr/bin:/usr/sbin:/usr/local/bin
                   #1  /bin
                   #2  /usr/bin
                   #3  /usr/sbin
                   #4  /usr/local/bin
11:28:29 DEBUG Waiting up to 600 secs for process systemctl&lt;serv_mapper1&gt; (pid 24328)
11:28:29 INFO  Executed systemctl&lt;serv_mapper1&gt;, exit status 3
11:28:29 INFO  Restarting mosquitto too frequently in the last 10 seconds. It was only up for 4 seconds
11:28:29 INFO  Delaying execution by 7 seconds
11:28:36 DEBUG Process parameters for sudo&lt;tedge_connect_c8y&gt;
  command line : /usr/bin/sudo /usr/bin/tedge connect c8y
    arg #1     : /usr/bin/tedge
    arg #2     : connect
    arg #3     : c8y
  working dir  : /home/pi/actions-runner/_work/thin-edge.io/thin-edge.io/tests/PySys/software_management_end_to_end/sm_apt_install_remove/Output/linux
  stdout       : /home/pi/actions-runner/_work/thin-edge.io/thin-edge.io/tests/PySys/software_management_end_to_end/sm_apt_install_remove/Output/linux/tedge_connect_c8y.out
  stderr       : /home/pi/actions-runner/_work/thin-edge.io/thin-edge.io/tests/PySys/software_management_end_to_end/sm_apt_install_remove/Output/linux/tedge_connect_c8y.err
  environment  : LD_LIBRARY_PATH=/usr/lib
  environment  : PATH=/bin:/usr/bin:/usr/sbin:/usr/local/bin
                   #1  /bin
                   #2  /usr/bin
                   #3  /usr/sbin
                   #4  /usr/local/bin
11:28:36 DEBUG Waiting up to 600 secs for process sudo&lt;tedge_connect_c8y&gt; (pid 24332)
11:28:48 INFO  Executed sudo&lt;tedge_connect_c8y&gt;, exit status 0, duration 11 secs
11:28:48 DEBUG Process parameters for sudo&lt;tedge_connect_c8y_test&gt;
  command line : /usr/bin/sudo /usr/bin/tedge connect c8y --test
    arg #1     : /usr/bin/tedge
    arg #2     : connect
    arg #3     : c8y
    arg #4     : --test
  working dir  : /home/pi/actions-runner/_work/thin-edge.io/thin-edge.io/tests/PySys/software_management_end_to_end/sm_apt_install_remove/Output/linux
  stdout       : /home/pi/actions-runner/_work/thin-edge.io/thin-edge.io/tests/PySys/software_management_end_to_end/sm_apt_install_remove/Output/linux/tedge_connect_c8y_test.out
  stderr       : /home/pi/actions-runner/_work/thin-edge.io/thin-edge.io/tests/PySys/software_management_end_to_end/sm_apt_install_remove/Output/linux/tedge_connect_c8y_test.err
  environment  : LD_LIBRARY_PATH=/usr/lib
  environment  : PATH=/bin:/usr/bin:/usr/sbin:/usr/local/bin
                   #1  /bin
                   #2  /usr/bin
                   #3  /usr/sbin
                   #4  /usr/local/bin
11:28:48 DEBUG Waiting up to 600 secs for process sudo&lt;tedge_connect_c8y_test&gt; (pid 24480)
11:28:48 INFO  Executed sudo&lt;tedge_connect_c8y_test&gt;, exit status 0
11:28:48 DEBUG Process parameters for systemctl&lt;serv_mosq2&gt;
  command line : /usr/bin/systemctl status mosquitto
    arg #1     : status
    arg #2     : mosquitto
  working dir  : /home/pi/actions-runner/_work/thin-edge.io/thin-edge.io/tests/PySys/software_management_end_to_end/sm_apt_install_remove/Output/linux
  stdout       : /home/pi/actions-runner/_work/thin-edge.io/thin-edge.io/tests/PySys/software_management_end_to_end/sm_apt_install_remove/Output/linux/serv_mosq2.out
  stderr       : /home/pi/actions-runner/_work/thin-edge.io/thin-edge.io/tests/PySys/software_management_end_to_end/sm_apt_install_remove/Output/linux/serv_mosq2.err
  environment  : LD_LIBRARY_PATH=/usr/lib
  environment  : PATH=/bin:/usr/bin:/usr/sbin:/usr/local/bin
                   #1  /bin
                   #2  /usr/bin
                   #3  /usr/sbin
                   #4  /usr/local/bin
11:28:48 DEBUG Waiting up to 600 secs for process systemctl&lt;serv_mosq2&gt; (pid 24489)
11:28:48 INFO  Executed systemctl&lt;serv_mosq2&gt;, exit status 0
11:28:48 DEBUG Process parameters for systemctl&lt;serv_mapper3&gt;
  command line : /usr/bin/systemctl status tedge-mapper-c8y
    arg #1     : status
    arg #2     : tedge-mapper-c8y
  working dir  : /home/pi/actions-runner/_work/thin-edge.io/thin-edge.io/tests/PySys/software_management_end_to_end/sm_apt_install_remove/Output/linux
  stdout       : /home/pi/actions-runner/_work/thin-edge.io/thin-edge.io/tests/PySys/software_management_end_to_end/sm_apt_install_remove/Output/linux/serv_mapper3.out
  stderr       : /home/pi/actions-runner/_work/thin-edge.io/thin-edge.io/tests/PySys/software_management_end_to_end/sm_apt_install_remove/Output/linux/serv_mapper3.err
  environment  : LD_LIBRARY_PATH=/usr/lib
  environment  : PATH=/bin:/usr/bin:/usr/sbin:/usr/local/bin
                   #1  /bin
                   #2  /usr/bin
                   #3  /usr/sbin
                   #4  /usr/local/bin
11:28:48 DEBUG Waiting up to 600 secs for process systemctl&lt;serv_mapper3&gt; (pid 24490)
11:28:49 INFO  Executed systemctl&lt;serv_mapper3&gt;, exit status 0
11:28:51 DEBUG Final URL of the request: https://thin-edge-io.eu-latest.cumulocity.com/devicecontrol/operations?deviceId=13990292&amp;pageSize=1&amp;revert=true&amp;dateFrom=1970-01-01T00%3A00%3A00.000Z
11:28:51 INFO  State of current operation: FAILED
11:28:51 DEBUG Final URL of the request: https://thin-edge-io.eu-latest.cumulocity.com/devicecontrol/operations?deviceId=13990292&amp;pageSize=1&amp;revert=true&amp;dateFrom=1970-01-01T00%3A00%3A00.000Z
11:28:51 DEBUG State of current operation: {
    "delivery": {
        "time": "2022-02-09T11:28:00.381Z",
        "log": [
            {
                "time": "2022-02-09T11:28:00.325Z",
                "status": "PENDING"
            },
            {
                "time": "2022-02-09T11:28:00.343Z",
                "status": "SEND"
            }
        ],
        "status": "DELIVERED"
    },
    "creationTime": "2022-02-09T11:28:00.311Z",
    "deviceId": "13990292",
    "deviceName": "offsiteb",
    "failureReason": "1 error, see device log file /var/log/tedge/agent/software-update-2022-02-09T11:28:01Z.log",
    "self": "https://t493319102.eu-latest.cumulocity.com/devicecontrol/operations/14005258",
    "id": "14005258",
    "status": "FAILED",
    "description": "Apply software changes, triggered from PySys: [{'name': 'does_not_exist', 'id': '5446165', 'version': '::apt', 'url': '', 'action': 'install'}]",
    "c8y_SoftwareUpdate": [
        {
            "name": "does_not_exist",
            "action": "install",
            "id": "5446165",
            "version": "::apt",
            "url": ""
        }
    ]
}
11:28:51 INFO  Package rolldice is installed
11:28:51 WARN  caught &lt;class 'TypeError'&gt; while running test: remove_package_apt() takes 1 positional argument but 2 were given
Traceback (most recent call last):
  File "/home/pi/env-pysys/lib/python3.7/site-packages/pysys/baserunner.py", line 1207, in __call__
    self.testObj.setup()
  File "/home/pi/actions-runner/_work/thin-edge.io/thin-edge.io/tests/PySys/software_management_end_to_end/sm_apt_install_remove/run.py", line 29, in setup
    self.remove_package_apt("rolldice")
TypeError: remove_package_apt() takes 1 positional argument but 2 were given
11:28:51 WARN  TypeError: remove_package_apt() takes 1 positional argument but 2 were given ... blocked 
11:28:51 DEBUG --- test cleanup
11:28:51 INFO  
11:28:51 INFO  cleanup:
11:28:51 DEBUG Running registered cleanup function: &lt;bound method SoftwareManagement.mysmcleanup of &lt;PySysTest object at 0x75bccd10&gt;&gt;
11:28:51 DEBUG Running registered cleanup function: &lt;bound method EnvironmentC8y.myenvcleanup of &lt;PySysTest object at 0x75bccd10&gt;&gt;
11:28:51 DEBUG EnvironmentC8y Cleanup
11:28:51 DEBUG Process parameters for sudo&lt;tedge_disconnect_c8y&gt;
  command line : /usr/bin/sudo /usr/bin/tedge disconnect c8y
    arg #1     : /usr/bin/tedge
    arg #2     : disconnect
    arg #3     : c8y
  working dir  : /home/pi/actions-runner/_work/thin-edge.io/thin-edge.io/tests/PySys/software_management_end_to_end/sm_apt_install_remove/Output/linux
  stdout       : /home/pi/actions-runner/_work/thin-edge.io/thin-edge.io/tests/PySys/software_management_end_to_end/sm_apt_install_remove/Output/linux/tedge_disconnect_c8y.out
  stderr       : /home/pi/actions-runner/_work/thin-edge.io/thin-edge.io/tests/PySys/software_management_end_to_end/sm_apt_install_remove/Output/linux/tedge_disconnect_c8y.err
  environment  : LD_LIBRARY_PATH=/usr/lib
  environment  : PATH=/bin:/usr/bin:/usr/sbin:/usr/local/bin
                   #1  /bin
                   #2  /usr/bin
                   #3  /usr/sbin
                   #4  /usr/local/bin
11:28:51 DEBUG Waiting up to 600 secs for process sudo&lt;tedge_disconnect_c8y&gt; (pid 24501)
11:28:54 INFO  Executed sudo&lt;tedge_disconnect_c8y&gt;, exit status 0
11:28:54 DEBUG Process parameters for systemctl&lt;serv_mapper5&gt;
  command line : /usr/bin/systemctl status tedge-mapper-c8y
    arg #1     : status
    arg #2     : tedge-mapper-c8y
  working dir  : /home/pi/actions-runner/_work/thin-edge.io/thin-edge.io/tests/PySys/software_management_end_to_end/sm_apt_install_remove/Output/linux
  stdout       : /home/pi/actions-runner/_work/thin-edge.io/thin-edge.io/tests/PySys/software_management_end_to_end/sm_apt_install_remove/Output/linux/serv_mapper5.out
  stderr       : /home/pi/actions-runner/_work/thin-edge.io/thin-edge.io/tests/PySys/software_management_end_to_end/sm_apt_install_remove/Output/linux/serv_mapper5.err
  environment  : LD_LIBRARY_PATH=/usr/lib
  environment  : PATH=/bin:/usr/bin:/usr/sbin:/usr/local/bin
                   #1  /bin
                   #2  /usr/bin
                   #3  /usr/sbin
                   #4  /usr/local/bin
11:28:54 DEBUG Waiting up to 600 secs for process systemctl&lt;serv_mapper5&gt; (pid 24560)
11:28:54 INFO  Executed systemctl&lt;serv_mapper5&gt;, exit status 3
11:28:54 DEBUG ProcessUser cleanup function done.
11:28:54 INFO  
11:28:54 INFO  Test duration: 25.58 secs
11:28:54 INFO  Test final outcome:  BLOCKED
11:28:54 INFO  Test outcome reason: TypeError: remove_package_apt() takes 1 positional argument but 2 were given
11:28:54 INFO  
</system-out>
	</testcase>
<testcase classname="PySysTest" name="SoftwareManagement.sm_apt_install_remove">
		<failure message="FAILED: Device ID is not set. Set with the env variable C8YDEVICEID" type="FAILED" />
		<system-out>11:42:04 INFO  ==============================================================
11:42:04 INFO  Id:    SoftwareManagement.sm_apt_install_remove
11:42:04 INFO  Dir:   software_management_end_to_end/
11:42:04 INFO  Title: Validate end to end behaviour for the apt plugin for installation and removal of packages
11:42:04 DEBUG Execution order hint: 0.0
11:42:04 INFO  ==============================================================
11:42:04 INFO  Using sw id database: {'asciijump': '5475369', 'robotfindskitten': '5474869', 'squirrel3': '5475279', 'rolldice': '5152439', 'moon-buggy': '5439204', 'apple': '5495053', 'banana': '5494888', 'cherry': '5495382', 'watermelon': '5494510', 'registry': '8018911', 'hello-world': '8021526', 'docker/getting-started': '8021973', 'alpine': '7991792'}
11:42:04 DEBUG EnvironmentC8y Setup
11:42:04 WARN  Device ID is not set. Set with the env variable C8YDEVICEID ... failed 
11:42:04 WARN  Aborted test due to FAILED outcome
11:42:04 DEBUG --- test cleanup
11:42:04 DEBUG ProcessUser cleanup function done.
11:42:04 INFO  
11:42:04 INFO  Test duration: 0.03 secs
11:42:04 INFO  Test final outcome:  FAILED
11:42:04 INFO  Test outcome reason: Device ID is not set. Set with the env variable C8YDEVICEID
11:42:04 INFO  
</system-out>
	</testcase>
</testsuite><testsuite name="SoftwareManagement.sm_apt_install_remove_default" tests="3" errors="0" failures="2" skipped="0" time="0"><testcase classname="PySysTest" name="SoftwareManagement.sm_apt_install_remove_default" />
<testcase classname="PySysTest" name="SoftwareManagement.sm_apt_install_remove_default">
		<failure message="FAILED: Assert that (False == value) with value=True" type="FAILED" />
		<system-out>11:28:54 INFO  ==============================================================
11:28:54 INFO  Id:    SoftwareManagement.sm_apt_install_remove_default
11:28:54 INFO  Dir:   software_management_end_to_end/
11:28:54 INFO  Title: Validate end to end behaviour for the default plugin for installation and removal of packages
11:28:54 DEBUG Execution order hint: 0.0
11:28:54 INFO  ==============================================================
11:28:54 INFO  Using sw id database: {'asciijump': '5475369', 'robotfindskitten': '5474869', 'squirrel3': '5475279', 'rolldice': '5152439', 'moon-buggy': '5439204', 'apple': '5495053', 'banana': '5494888', 'cherry': '5495382', 'watermelon': '5494510', 'registry': '8018911', 'hello-world': '8021526', 'docker/getting-started': '8021973', 'alpine': '7991792'}
11:28:54 DEBUG EnvironmentC8y Setup
11:28:54 INFO  EnvironmentC8y Setup
11:28:54 DEBUG Process parameters for systemctl&lt;serv_mapper1&gt;
  command line : /usr/bin/systemctl status tedge-mapper-c8y
    arg #1     : status
    arg #2     : tedge-mapper-c8y
  working dir  : /home/pi/actions-runner/_work/thin-edge.io/thin-edge.io/tests/PySys/software_management_end_to_end/sm_apt_install_remove_default/Output/linux
  stdout       : /home/pi/actions-runner/_work/thin-edge.io/thin-edge.io/tests/PySys/software_management_end_to_end/sm_apt_install_remove_default/Output/linux/serv_mapper1.out
  stderr       : /home/pi/actions-runner/_work/thin-edge.io/thin-edge.io/tests/PySys/software_management_end_to_end/sm_apt_install_remove_default/Output/linux/serv_mapper1.err
  environment  : LD_LIBRARY_PATH=/usr/lib
  environment  : PATH=/bin:/usr/bin:/usr/sbin:/usr/local/bin
                   #1  /bin
                   #2  /usr/bin
                   #3  /usr/sbin
                   #4  /usr/local/bin
11:28:54 DEBUG Waiting up to 600 secs for process systemctl&lt;serv_mapper1&gt; (pid 24569)
11:28:55 INFO  Executed systemctl&lt;serv_mapper1&gt;, exit status 3
11:28:55 INFO  Restarting mosquitto too frequently in the last 10 seconds. It was only up for 3 seconds
11:28:55 INFO  Delaying execution by 8 seconds
11:29:03 DEBUG Process parameters for sudo&lt;tedge_connect_c8y&gt;
  command line : /usr/bin/sudo /usr/bin/tedge connect c8y
    arg #1     : /usr/bin/tedge
    arg #2     : connect
    arg #3     : c8y
  working dir  : /home/pi/actions-runner/_work/thin-edge.io/thin-edge.io/tests/PySys/software_management_end_to_end/sm_apt_install_remove_default/Output/linux
  stdout       : /home/pi/actions-runner/_work/thin-edge.io/thin-edge.io/tests/PySys/software_management_end_to_end/sm_apt_install_remove_default/Output/linux/tedge_connect_c8y.out
  stderr       : /home/pi/actions-runner/_work/thin-edge.io/thin-edge.io/tests/PySys/software_management_end_to_end/sm_apt_install_remove_default/Output/linux/tedge_connect_c8y.err
  environment  : LD_LIBRARY_PATH=/usr/lib
  environment  : PATH=/bin:/usr/bin:/usr/sbin:/usr/local/bin
                   #1  /bin
                   #2  /usr/bin
                   #3  /usr/sbin
                   #4  /usr/local/bin
11:29:03 DEBUG Waiting up to 600 secs for process sudo&lt;tedge_connect_c8y&gt; (pid 24577)
11:29:14 INFO  Executed sudo&lt;tedge_connect_c8y&gt;, exit status 0, duration 11 secs
11:29:14 DEBUG Process parameters for sudo&lt;tedge_connect_c8y_test&gt;
  command line : /usr/bin/sudo /usr/bin/tedge connect c8y --test
    arg #1     : /usr/bin/tedge
    arg #2     : connect
    arg #3     : c8y
    arg #4     : --test
  working dir  : /home/pi/actions-runner/_work/thin-edge.io/thin-edge.io/tests/PySys/software_management_end_to_end/sm_apt_install_remove_default/Output/linux
  stdout       : /home/pi/actions-runner/_work/thin-edge.io/thin-edge.io/tests/PySys/software_management_end_to_end/sm_apt_install_remove_default/Output/linux/tedge_connect_c8y_test.out
  stderr       : /home/pi/actions-runner/_work/thin-edge.io/thin-edge.io/tests/PySys/software_management_end_to_end/sm_apt_install_remove_default/Output/linux/tedge_connect_c8y_test.err
  environment  : LD_LIBRARY_PATH=/usr/lib
  environment  : PATH=/bin:/usr/bin:/usr/sbin:/usr/local/bin
                   #1  /bin
                   #2  /usr/bin
                   #3  /usr/sbin
                   #4  /usr/local/bin
11:29:14 DEBUG Waiting up to 600 secs for process sudo&lt;tedge_connect_c8y_test&gt; (pid 24725)
11:29:15 INFO  Executed sudo&lt;tedge_connect_c8y_test&gt;, exit status 0
11:29:15 DEBUG Process parameters for systemctl&lt;serv_mosq2&gt;
  command line : /usr/bin/systemctl status mosquitto
    arg #1     : status
    arg #2     : mosquitto
  working dir  : /home/pi/actions-runner/_work/thin-edge.io/thin-edge.io/tests/PySys/software_management_end_to_end/sm_apt_install_remove_default/Output/linux
  stdout       : /home/pi/actions-runner/_work/thin-edge.io/thin-edge.io/tests/PySys/software_management_end_to_end/sm_apt_install_remove_default/Output/linux/serv_mosq2.out
  stderr       : /home/pi/actions-runner/_work/thin-edge.io/thin-edge.io/tests/PySys/software_management_end_to_end/sm_apt_install_remove_default/Output/linux/serv_mosq2.err
  environment  : LD_LIBRARY_PATH=/usr/lib
  environment  : PATH=/bin:/usr/bin:/usr/sbin:/usr/local/bin
                   #1  /bin
                   #2  /usr/bin
                   #3  /usr/sbin
                   #4  /usr/local/bin
11:29:15 DEBUG Waiting up to 600 secs for process systemctl&lt;serv_mosq2&gt; (pid 24733)
11:29:15 INFO  Executed systemctl&lt;serv_mosq2&gt;, exit status 0
11:29:15 DEBUG Process parameters for systemctl&lt;serv_mapper3&gt;
  command line : /usr/bin/systemctl status tedge-mapper-c8y
    arg #1     : status
    arg #2     : tedge-mapper-c8y
  working dir  : /home/pi/actions-runner/_work/thin-edge.io/thin-edge.io/tests/PySys/software_management_end_to_end/sm_apt_install_remove_default/Output/linux
  stdout       : /home/pi/actions-runner/_work/thin-edge.io/thin-edge.io/tests/PySys/software_management_end_to_end/sm_apt_install_remove_default/Output/linux/serv_mapper3.out
  stderr       : /home/pi/actions-runner/_work/thin-edge.io/thin-edge.io/tests/PySys/software_management_end_to_end/sm_apt_install_remove_default/Output/linux/serv_mapper3.err
  environment  : LD_LIBRARY_PATH=/usr/lib
  environment  : PATH=/bin:/usr/bin:/usr/sbin:/usr/local/bin
                   #1  /bin
                   #2  /usr/bin
                   #3  /usr/sbin
                   #4  /usr/local/bin
11:29:15 DEBUG Waiting up to 600 secs for process systemctl&lt;serv_mapper3&gt; (pid 24734)
11:29:15 INFO  Executed systemctl&lt;serv_mapper3&gt;, exit status 0
11:29:17 DEBUG Final URL of the request: https://thin-edge-io.eu-latest.cumulocity.com/devicecontrol/operations?deviceId=13990292&amp;pageSize=1&amp;revert=true&amp;dateFrom=1970-01-01T00%3A00%3A00.000Z
11:29:17 INFO  State of current operation: FAILED
11:29:17 DEBUG Final URL of the request: https://thin-edge-io.eu-latest.cumulocity.com/devicecontrol/operations?deviceId=13990292&amp;pageSize=1&amp;revert=true&amp;dateFrom=1970-01-01T00%3A00%3A00.000Z
11:29:17 DEBUG State of current operation: {
    "delivery": {
        "time": "2022-02-09T11:28:00.381Z",
        "log": [
            {
                "time": "2022-02-09T11:28:00.325Z",
                "status": "PENDING"
            },
            {
                "time": "2022-02-09T11:28:00.343Z",
                "status": "SEND"
            }
        ],
        "status": "DELIVERED"
    },
    "creationTime": "2022-02-09T11:28:00.311Z",
    "deviceId": "13990292",
    "deviceName": "offsiteb",
    "failureReason": "1 error, see device log file /var/log/tedge/agent/software-update-2022-02-09T11:28:01Z.log",
    "self": "https://t493319102.eu-latest.cumulocity.com/devicecontrol/operations/14005258",
    "id": "14005258",
    "status": "FAILED",
    "description": "Apply software changes, triggered from PySys: [{'name': 'does_not_exist', 'id': '5446165', 'version': '::apt', 'url': '', 'action': 'install'}]",
    "c8y_SoftwareUpdate": [
        {
            "name": "does_not_exist",
            "action": "install",
            "id": "5446165",
            "version": "::apt",
            "url": ""
        }
    ]
}
11:29:17 INFO  Package rolldice is installed
11:29:17 WARN  Assert that (False == value) with value=True ... failed 
11:29:17 DEBUG --- test execute
11:29:18 INFO  Response status: 201
11:29:18 INFO  Response to action: {
    "creationTime": "2022-02-09T11:29:18.048Z",
    "deviceId": "13990292",
    "deviceName": "offsiteb",
    "self": "https://t493319102.eu-latest.cumulocity.com/devicecontrol/operations/14005276",
    "id": "14005276",
    "status": "PENDING",
    "description": "Apply software changes, triggered from PySys: [{'name': 'rolldice', 'id': '5152439', 'version': ' ', 'url': '', 'action': 'install'}]",
    "c8y_SoftwareUpdate": [
        {
            "name": "rolldice",
            "action": "install",
            "id": "5152439",
            "version": " ",
            "url": ""
        }
    ]
}
11:29:18 INFO  Started operation: {'creationTime': '2022-02-09T11:29:18.048Z', 'deviceId': '13990292', 'deviceName': 'offsiteb', 'self': 'https://t493319102.eu-latest.cumulocity.com/devicecontrol/operations/14005276', 'id': '14005276', 'status': 'PENDING', 'description': "Apply software changes, triggered from PySys: [{'name': 'rolldice', 'id': '5152439', 'version': ' ', 'url': '', 'action': 'install'}]", 'c8y_SoftwareUpdate': [{'name': 'rolldice', 'action': 'install', 'id': '5152439', 'version': ' ', 'url': ''}]}
11:29:20 INFO  State of operation 14005276 : EXECUTING
11:29:22 INFO  State of operation 14005276 : EXECUTING
11:29:24 INFO  State of operation 14005276 : EXECUTING
11:29:27 INFO  State of operation 14005276 : EXECUTING
11:29:30 INFO  State of operation 14005276 : EXECUTING
11:29:32 INFO  State of operation 14005276 : EXECUTING
11:29:34 INFO  State of operation 14005276 : EXECUTING
11:29:36 INFO  State of operation 14005276 : EXECUTING
11:29:38 INFO  State of operation 14005276 : EXECUTING
11:29:40 INFO  State of operation 14005276 : EXECUTING
11:29:43 INFO  State of operation 14005276 : SUCCESSFUL
11:29:43 INFO  Package rolldice is installed
11:29:43 INFO  Assert that (True == value) with value=True ... passed
11:29:43 INFO  Response status: 201
11:29:43 INFO  Response to action: {
    "creationTime": "2022-02-09T11:29:43.436Z",
    "deviceId": "13990292",
    "deviceName": "offsiteb",
    "self": "https://t493319102.eu-latest.cumulocity.com/devicecontrol/operations/14005284",
    "id": "14005284",
    "status": "PENDING",
    "description": "Apply software changes, triggered from PySys: [{'name': 'rolldice', 'id': '5152439', 'version': ' ', 'url': '', 'action': 'delete'}]",
    "c8y_SoftwareUpdate": [
        {
            "name": "rolldice",
            "action": "delete",
            "id": "5152439",
            "version": " ",
            "url": ""
        }
    ]
}
11:29:43 INFO  Started operation: {'creationTime': '2022-02-09T11:29:43.436Z', 'deviceId': '13990292', 'deviceName': 'offsiteb', 'self': 'https://t493319102.eu-latest.cumulocity.com/devicecontrol/operations/14005284', 'id': '14005284', 'status': 'PENDING', 'description': "Apply software changes, triggered from PySys: [{'name': 'rolldice', 'id': '5152439', 'version': ' ', 'url': '', 'action': 'delete'}]", 'c8y_SoftwareUpdate': [{'name': 'rolldice', 'action': 'delete', 'id': '5152439', 'version': ' ', 'url': ''}]}
11:29:45 INFO  State of operation 14005284 : EXECUTING
11:29:47 INFO  State of operation 14005284 : EXECUTING
11:29:49 INFO  State of operation 14005284 : EXECUTING
11:29:52 INFO  State of operation 14005284 : EXECUTING
11:29:55 INFO  State of operation 14005284 : EXECUTING
11:29:57 INFO  State of operation 14005284 : EXECUTING
11:29:59 INFO  State of operation 14005284 : EXECUTING
11:30:01 INFO  State of operation 14005284 : EXECUTING
11:30:03 INFO  State of operation 14005284 : EXECUTING
11:30:06 INFO  State of operation 14005284 : EXECUTING
11:30:08 INFO  State of operation 14005284 : EXECUTING
11:30:10 INFO  State of operation 14005284 : EXECUTING
11:30:13 INFO  State of operation 14005284 : EXECUTING
11:30:15 INFO  State of operation 14005284 : EXECUTING
11:30:17 INFO  State of operation 14005284 : EXECUTING
11:30:19 INFO  State of operation 14005284 : EXECUTING
11:30:21 INFO  State of operation 14005284 : EXECUTING
11:30:24 INFO  State of operation 14005284 : EXECUTING
11:30:27 INFO  State of operation 14005284 : EXECUTING
11:30:29 INFO  State of operation 14005284 : EXECUTING
11:30:31 INFO  State of operation 14005284 : EXECUTING
11:30:33 INFO  State of operation 14005284 : EXECUTING
11:30:35 INFO  State of operation 14005284 : EXECUTING
11:30:37 INFO  State of operation 14005284 : EXECUTING
11:30:40 INFO  State of operation 14005284 : SUCCESSFUL
11:30:40 DEBUG --- test validate
11:30:40 INFO  Assert that (False == value) with value=False ... passed
11:30:40 DEBUG --- test cleanup
11:30:40 INFO  
11:30:40 INFO  cleanup:
11:30:40 DEBUG Running registered cleanup function: &lt;bound method SoftwareManagement.mysmcleanup of &lt;PySysTest object at 0x75bcc950&gt;&gt;
11:30:40 DEBUG Running registered cleanup function: &lt;bound method EnvironmentC8y.myenvcleanup of &lt;PySysTest object at 0x75bcc950&gt;&gt;
11:30:40 DEBUG EnvironmentC8y Cleanup
11:30:40 DEBUG Process parameters for sudo&lt;tedge_disconnect_c8y&gt;
  command line : /usr/bin/sudo /usr/bin/tedge disconnect c8y
    arg #1     : /usr/bin/tedge
    arg #2     : disconnect
    arg #3     : c8y
  working dir  : /home/pi/actions-runner/_work/thin-edge.io/thin-edge.io/tests/PySys/software_management_end_to_end/sm_apt_install_remove_default/Output/linux
  stdout       : /home/pi/actions-runner/_work/thin-edge.io/thin-edge.io/tests/PySys/software_management_end_to_end/sm_apt_install_remove_default/Output/linux/tedge_disconnect_c8y.out
  stderr       : /home/pi/actions-runner/_work/thin-edge.io/thin-edge.io/tests/PySys/software_management_end_to_end/sm_apt_install_remove_default/Output/linux/tedge_disconnect_c8y.err
  environment  : LD_LIBRARY_PATH=/usr/lib
  environment  : PATH=/bin:/usr/bin:/usr/sbin:/usr/local/bin
                   #1  /bin
                   #2  /usr/bin
                   #3  /usr/sbin
                   #4  /usr/local/bin
11:30:40 DEBUG Waiting up to 600 secs for process sudo&lt;tedge_disconnect_c8y&gt; (pid 25110)
11:30:43 INFO  Executed sudo&lt;tedge_disconnect_c8y&gt;, exit status 0
11:30:43 DEBUG Process parameters for systemctl&lt;serv_mapper5&gt;
  command line : /usr/bin/systemctl status tedge-mapper-c8y
    arg #1     : status
    arg #2     : tedge-mapper-c8y
  working dir  : /home/pi/actions-runner/_work/thin-edge.io/thin-edge.io/tests/PySys/software_management_end_to_end/sm_apt_install_remove_default/Output/linux
  stdout       : /home/pi/actions-runner/_work/thin-edge.io/thin-edge.io/tests/PySys/software_management_end_to_end/sm_apt_install_remove_default/Output/linux/serv_mapper5.out
  stderr       : /home/pi/actions-runner/_work/thin-edge.io/thin-edge.io/tests/PySys/software_management_end_to_end/sm_apt_install_remove_default/Output/linux/serv_mapper5.err
  environment  : LD_LIBRARY_PATH=/usr/lib
  environment  : PATH=/bin:/usr/bin:/usr/sbin:/usr/local/bin
                   #1  /bin
                   #2  /usr/bin
                   #3  /usr/sbin
                   #4  /usr/local/bin
11:30:43 DEBUG Waiting up to 600 secs for process systemctl&lt;serv_mapper5&gt; (pid 25171)
11:30:43 INFO  Executed systemctl&lt;serv_mapper5&gt;, exit status 3
11:30:43 DEBUG ProcessUser cleanup function done.
11:30:43 INFO  
11:30:43 INFO  Test duration: 109.02 secs
11:30:43 INFO  Test final outcome:  FAILED
11:30:43 INFO  Test outcome reason: Assert that (False == value) with value=True
11:30:43 INFO  
</system-out>
	</testcase>
<testcase classname="PySysTest" name="SoftwareManagement.sm_apt_install_remove_default">
		<failure message="FAILED: Device ID is not set. Set with the env variable C8YDEVICEID" type="FAILED" />
		<system-out>11:42:04 INFO  ==============================================================
11:42:04 INFO  Id:    SoftwareManagement.sm_apt_install_remove_default
11:42:04 INFO  Dir:   software_management_end_to_end/
11:42:04 INFO  Title: Validate end to end behaviour for the default plugin for installation and removal of packages
11:42:04 DEBUG Execution order hint: 0.0
11:42:04 INFO  ==============================================================
11:42:04 INFO  Using sw id database: {'asciijump': '5475369', 'robotfindskitten': '5474869', 'squirrel3': '5475279', 'rolldice': '5152439', 'moon-buggy': '5439204', 'apple': '5495053', 'banana': '5494888', 'cherry': '5495382', 'watermelon': '5494510', 'registry': '8018911', 'hello-world': '8021526', 'docker/getting-started': '8021973', 'alpine': '7991792'}
11:42:04 DEBUG EnvironmentC8y Setup
11:42:04 WARN  Device ID is not set. Set with the env variable C8YDEVICEID ... failed 
11:42:04 WARN  Aborted test due to FAILED outcome
11:42:04 DEBUG --- test cleanup
11:42:04 DEBUG ProcessUser cleanup function done.
11:42:04 INFO  
11:42:04 INFO  Test duration: 0.03 secs
11:42:04 INFO  Test final outcome:  FAILED
11:42:04 INFO  Test outcome reason: Device ID is not set. Set with the env variable C8YDEVICEID
11:42:04 INFO  
</system-out>
	</testcase>
</testsuite><testsuite name="SoftwareManagement.sm_apt_install_remove_multiple" tests="3" errors="0" failures="2" skipped="0" time="0"><testcase classname="PySysTest" name="SoftwareManagement.sm_apt_install_remove_multiple" />
<testcase classname="PySysTest" name="SoftwareManagement.sm_apt_install_remove_multiple">
		<failure message="FAILED: Assert that (False == value) with value=True" type="FAILED" />
		<system-out>11:30:43 INFO  ==============================================================
11:30:43 INFO  Id:    SoftwareManagement.sm_apt_install_remove_multiple
11:30:43 INFO  Dir:   software_management_end_to_end/
11:30:44 INFO  Title: Validate end to end behaviour for the apt plugin for multiple packages
11:30:44 DEBUG Execution order hint: 0.0
11:30:44 INFO  ==============================================================
11:30:44 INFO  Using sw id database: {'asciijump': '5475369', 'robotfindskitten': '5474869', 'squirrel3': '5475279', 'rolldice': '5152439', 'moon-buggy': '5439204', 'apple': '5495053', 'banana': '5494888', 'cherry': '5495382', 'watermelon': '5494510', 'registry': '8018911', 'hello-world': '8021526', 'docker/getting-started': '8021973', 'alpine': '7991792'}
11:30:44 DEBUG EnvironmentC8y Setup
11:30:44 INFO  EnvironmentC8y Setup
11:30:44 DEBUG Process parameters for systemctl&lt;serv_mapper1&gt;
  command line : /usr/bin/systemctl status tedge-mapper-c8y
    arg #1     : status
    arg #2     : tedge-mapper-c8y
  working dir  : /home/pi/actions-runner/_work/thin-edge.io/thin-edge.io/tests/PySys/software_management_end_to_end/sm_apt_install_remove_multiple/Output/linux
  stdout       : /home/pi/actions-runner/_work/thin-edge.io/thin-edge.io/tests/PySys/software_management_end_to_end/sm_apt_install_remove_multiple/Output/linux/serv_mapper1.out
  stderr       : /home/pi/actions-runner/_work/thin-edge.io/thin-edge.io/tests/PySys/software_management_end_to_end/sm_apt_install_remove_multiple/Output/linux/serv_mapper1.err
  environment  : LD_LIBRARY_PATH=/usr/lib
  environment  : PATH=/bin:/usr/bin:/usr/sbin:/usr/local/bin
                   #1  /bin
                   #2  /usr/bin
                   #3  /usr/sbin
                   #4  /usr/local/bin
11:30:44 DEBUG Waiting up to 600 secs for process systemctl&lt;serv_mapper1&gt; (pid 25182)
11:30:44 INFO  Executed systemctl&lt;serv_mapper1&gt;, exit status 3
11:30:44 INFO  Restarting mosquitto too frequently in the last 10 seconds. It was only up for 4 seconds
11:30:44 INFO  Delaying execution by 7 seconds
11:30:51 DEBUG Process parameters for sudo&lt;tedge_connect_c8y&gt;
  command line : /usr/bin/sudo /usr/bin/tedge connect c8y
    arg #1     : /usr/bin/tedge
    arg #2     : connect
    arg #3     : c8y
  working dir  : /home/pi/actions-runner/_work/thin-edge.io/thin-edge.io/tests/PySys/software_management_end_to_end/sm_apt_install_remove_multiple/Output/linux
  stdout       : /home/pi/actions-runner/_work/thin-edge.io/thin-edge.io/tests/PySys/software_management_end_to_end/sm_apt_install_remove_multiple/Output/linux/tedge_connect_c8y.out
  stderr       : /home/pi/actions-runner/_work/thin-edge.io/thin-edge.io/tests/PySys/software_management_end_to_end/sm_apt_install_remove_multiple/Output/linux/tedge_connect_c8y.err
  environment  : LD_LIBRARY_PATH=/usr/lib
  environment  : PATH=/bin:/usr/bin:/usr/sbin:/usr/local/bin
                   #1  /bin
                   #2  /usr/bin
                   #3  /usr/sbin
                   #4  /usr/local/bin
11:30:51 DEBUG Waiting up to 600 secs for process sudo&lt;tedge_connect_c8y&gt; (pid 25187)
11:31:02 INFO  Executed sudo&lt;tedge_connect_c8y&gt;, exit status 0, duration 11 secs
11:31:02 DEBUG Process parameters for sudo&lt;tedge_connect_c8y_test&gt;
  command line : /usr/bin/sudo /usr/bin/tedge connect c8y --test
    arg #1     : /usr/bin/tedge
    arg #2     : connect
    arg #3     : c8y
    arg #4     : --test
  working dir  : /home/pi/actions-runner/_work/thin-edge.io/thin-edge.io/tests/PySys/software_management_end_to_end/sm_apt_install_remove_multiple/Output/linux
  stdout       : /home/pi/actions-runner/_work/thin-edge.io/thin-edge.io/tests/PySys/software_management_end_to_end/sm_apt_install_remove_multiple/Output/linux/tedge_connect_c8y_test.out
  stderr       : /home/pi/actions-runner/_work/thin-edge.io/thin-edge.io/tests/PySys/software_management_end_to_end/sm_apt_install_remove_multiple/Output/linux/tedge_connect_c8y_test.err
  environment  : LD_LIBRARY_PATH=/usr/lib
  environment  : PATH=/bin:/usr/bin:/usr/sbin:/usr/local/bin
                   #1  /bin
                   #2  /usr/bin
                   #3  /usr/sbin
                   #4  /usr/local/bin
11:31:02 DEBUG Waiting up to 600 secs for process sudo&lt;tedge_connect_c8y_test&gt; (pid 25340)
11:31:03 INFO  Executed sudo&lt;tedge_connect_c8y_test&gt;, exit status 0
11:31:03 DEBUG Process parameters for systemctl&lt;serv_mosq2&gt;
  command line : /usr/bin/systemctl status mosquitto
    arg #1     : status
    arg #2     : mosquitto
  working dir  : /home/pi/actions-runner/_work/thin-edge.io/thin-edge.io/tests/PySys/software_management_end_to_end/sm_apt_install_remove_multiple/Output/linux
  stdout       : /home/pi/actions-runner/_work/thin-edge.io/thin-edge.io/tests/PySys/software_management_end_to_end/sm_apt_install_remove_multiple/Output/linux/serv_mosq2.out
  stderr       : /home/pi/actions-runner/_work/thin-edge.io/thin-edge.io/tests/PySys/software_management_end_to_end/sm_apt_install_remove_multiple/Output/linux/serv_mosq2.err
  environment  : LD_LIBRARY_PATH=/usr/lib
  environment  : PATH=/bin:/usr/bin:/usr/sbin:/usr/local/bin
                   #1  /bin
                   #2  /usr/bin
                   #3  /usr/sbin
                   #4  /usr/local/bin
11:31:03 DEBUG Waiting up to 600 secs for process systemctl&lt;serv_mosq2&gt; (pid 25348)
11:31:03 INFO  Executed systemctl&lt;serv_mosq2&gt;, exit status 0
11:31:03 DEBUG Process parameters for systemctl&lt;serv_mapper3&gt;
  command line : /usr/bin/systemctl status tedge-mapper-c8y
    arg #1     : status
    arg #2     : tedge-mapper-c8y
  working dir  : /home/pi/actions-runner/_work/thin-edge.io/thin-edge.io/tests/PySys/software_management_end_to_end/sm_apt_install_remove_multiple/Output/linux
  stdout       : /home/pi/actions-runner/_work/thin-edge.io/thin-edge.io/tests/PySys/software_management_end_to_end/sm_apt_install_remove_multiple/Output/linux/serv_mapper3.out
  stderr       : /home/pi/actions-runner/_work/thin-edge.io/thin-edge.io/tests/PySys/software_management_end_to_end/sm_apt_install_remove_multiple/Output/linux/serv_mapper3.err
  environment  : LD_LIBRARY_PATH=/usr/lib
  environment  : PATH=/bin:/usr/bin:/usr/sbin:/usr/local/bin
                   #1  /bin
                   #2  /usr/bin
                   #3  /usr/sbin
                   #4  /usr/local/bin
11:31:03 DEBUG Waiting up to 600 secs for process systemctl&lt;serv_mapper3&gt; (pid 25349)
11:31:03 INFO  Executed systemctl&lt;serv_mapper3&gt;, exit status 0
11:31:05 DEBUG Final URL of the request: https://thin-edge-io.eu-latest.cumulocity.com/devicecontrol/operations?deviceId=13990292&amp;pageSize=1&amp;revert=true&amp;dateFrom=1970-01-01T00%3A00%3A00.000Z
11:31:05 INFO  State of current operation: SUCCESSFUL
11:31:06 INFO  Assert that (False == value) with value=False ... passed
11:31:06 INFO  Package asciijump is installed
11:31:06 WARN  Assert that (False == value) with value=True ... failed 
11:31:06 INFO  Assert that (False == value) with value=False ... passed
11:31:06 INFO  Assert that (False == value) with value=False ... passed
11:31:06 DEBUG --- test execute
11:31:06 INFO  Response status: 201
11:31:06 INFO  Response to action: {
    "creationTime": "2022-02-09T11:31:06.763Z",
    "deviceId": "13990292",
    "deviceName": "offsiteb",
    "self": "https://t493319102.eu-latest.cumulocity.com/devicecontrol/operations/14005294",
    "id": "14005294",
    "status": "PENDING",
    "description": "Apply software changes, triggered from PySys: [{'action': 'install', 'id': '5475369', 'name': 'asciijump', 'url': ' ', 'version': '::apt'}, {'action': 'install', 'id': '5474869', 'name': 'robotfindskitten', 'url': ' ', 'version': '::apt'}, {'action': 'install', 'id': '5475279', 'name': 'squirrel3', 'url': ' ', 'version': '::apt'}]",
    "c8y_SoftwareUpdate": [
        {
            "name": "asciijump",
            "action": "install",
            "id": "5475369",
            "version": "::apt",
            "url": " "
        },
        {
            "name": "robotfindskitten",
            "action": "install",
            "id": "5474869",
            "version": "::apt",
            "url": " "
        },
        {
            "name": "squirrel3",
            "action": "install",
            "id": "5475279",
            "version": "::apt",
            "url": " "
        }
    ]
}
11:31:06 INFO  Started operation: {'creationTime': '2022-02-09T11:31:06.763Z', 'deviceId': '13990292', 'deviceName': 'offsiteb', 'self': 'https://t493319102.eu-latest.cumulocity.com/devicecontrol/operations/14005294', 'id': '14005294', 'status': 'PENDING', 'description': "Apply software changes, triggered from PySys: [{'action': 'install', 'id': '5475369', 'name': 'asciijump', 'url': ' ', 'version': '::apt'}, {'action': 'install', 'id': '5474869', 'name': 'robotfindskitten', 'url': ' ', 'version': '::apt'}, {'action': 'install', 'id': '5475279', 'name': 'squirrel3', 'url': ' ', 'version': '::apt'}]", 'c8y_SoftwareUpdate': [{'name': 'asciijump', 'action': 'install', 'id': '5475369', 'version': '::apt', 'url': ' '}, {'name': 'robotfindskitten', 'action': 'install', 'id': '5474869', 'version': '::apt', 'url': ' '}, {'name': 'squirrel3', 'action': 'install', 'id': '5475279', 'version': '::apt', 'url': ' '}]}
11:31:08 INFO  State of operation 14005294 : EXECUTING
11:31:11 INFO  State of operation 14005294 : EXECUTING
11:31:13 INFO  State of operation 14005294 : EXECUTING
11:31:16 INFO  State of operation 14005294 : EXECUTING
11:31:19 INFO  State of operation 14005294 : EXECUTING
11:31:21 INFO  State of operation 14005294 : EXECUTING
11:31:23 INFO  State of operation 14005294 : EXECUTING
11:31:25 INFO  State of operation 14005294 : EXECUTING
11:31:28 INFO  State of operation 14005294 : EXECUTING
11:31:30 INFO  State of operation 14005294 : EXECUTING
11:31:32 INFO  State of operation 14005294 : EXECUTING
11:31:34 INFO  State of operation 14005294 : EXECUTING
11:31:36 INFO  State of operation 14005294 : EXECUTING
11:31:39 INFO  State of operation 14005294 : EXECUTING
11:31:41 INFO  State of operation 14005294 : EXECUTING
11:31:44 INFO  State of operation 14005294 : EXECUTING
11:31:46 INFO  State of operation 14005294 : EXECUTING
11:31:48 INFO  State of operation 14005294 : EXECUTING
11:31:50 INFO  State of operation 14005294 : EXECUTING
11:31:53 INFO  State of operation 14005294 : EXECUTING
11:31:55 INFO  State of operation 14005294 : EXECUTING
11:31:57 INFO  State of operation 14005294 : EXECUTING
11:31:59 INFO  State of operation 14005294 : EXECUTING
11:32:01 INFO  State of operation 14005294 : SUCCESSFUL
11:32:01 INFO  Assert that (False == value) with value=False ... passed
11:32:02 INFO  Package asciijump is installed
11:32:02 INFO  Assert that (True == value) with value=True ... passed
11:32:02 INFO  Package squirrel3 is installed
11:32:02 INFO  Assert that (True == value) with value=True ... passed
11:32:02 INFO  Package robotfindskitten is installed
11:32:02 INFO  Assert that (True == value) with value=True ... passed
11:32:02 INFO  Response status: 201
11:32:02 INFO  Response to action: {
    "creationTime": "2022-02-09T11:32:02.631Z",
    "deviceId": "13990292",
    "deviceName": "offsiteb",
    "self": "https://t493319102.eu-latest.cumulocity.com/devicecontrol/operations/14005306",
    "id": "14005306",
    "status": "PENDING",
    "description": "Apply software changes, triggered from PySys: [{'action': 'delete', 'id': '5475369', 'name': 'asciijump', 'url': ' ', 'version': '::apt'}, {'action': 'delete', 'id': '5474869', 'name': 'robotfindskitten', 'url': ' ', 'version': '::apt'}, {'action': 'delete', 'id': '5475279', 'name': 'squirrel3', 'url': ' ', 'version': '::apt'}]",
    "c8y_SoftwareUpdate": [
        {
            "name": "asciijump",
            "action": "delete",
            "id": "5475369",
            "version": "::apt",
            "url": " "
        },
        {
            "name": "robotfindskitten",
            "action": "delete",
            "id": "5474869",
            "version": "::apt",
            "url": " "
        },
        {
            "name": "squirrel3",
            "action": "delete",
            "id": "5475279",
            "version": "::apt",
            "url": " "
        }
    ]
}
11:32:02 INFO  Started operation: {'creationTime': '2022-02-09T11:32:02.631Z', 'deviceId': '13990292', 'deviceName': 'offsiteb', 'self': 'https://t493319102.eu-latest.cumulocity.com/devicecontrol/operations/14005306', 'id': '14005306', 'status': 'PENDING', 'description': "Apply software changes, triggered from PySys: [{'action': 'delete', 'id': '5475369', 'name': 'asciijump', 'url': ' ', 'version': '::apt'}, {'action': 'delete', 'id': '5474869', 'name': 'robotfindskitten', 'url': ' ', 'version': '::apt'}, {'action': 'delete', 'id': '5475279', 'name': 'squirrel3', 'url': ' ', 'version': '::apt'}]", 'c8y_SoftwareUpdate': [{'name': 'asciijump', 'action': 'delete', 'id': '5475369', 'version': '::apt', 'url': ' '}, {'name': 'robotfindskitten', 'action': 'delete', 'id': '5474869', 'version': '::apt', 'url': ' '}, {'name': 'squirrel3', 'action': 'delete', 'id': '5475279', 'version': '::apt', 'url': ' '}]}
11:32:04 INFO  State of operation 14005306 : EXECUTING
11:32:06 INFO  State of operation 14005306 : EXECUTING
11:32:09 INFO  State of operation 14005306 : EXECUTING
11:32:11 INFO  State of operation 14005306 : EXECUTING
11:32:14 INFO  State of operation 14005306 : EXECUTING
11:32:16 INFO  State of operation 14005306 : EXECUTING
11:32:18 INFO  State of operation 14005306 : EXECUTING
11:32:20 INFO  State of operation 14005306 : EXECUTING
11:32:23 INFO  State of operation 14005306 : EXECUTING
11:32:25 INFO  State of operation 14005306 : EXECUTING
11:32:27 INFO  State of operation 14005306 : EXECUTING
11:32:29 INFO  State of operation 14005306 : EXECUTING
11:32:31 INFO  State of operation 14005306 : EXECUTING
11:32:34 INFO  State of operation 14005306 : EXECUTING
11:32:36 INFO  State of operation 14005306 : EXECUTING
11:32:38 INFO  State of operation 14005306 : EXECUTING
11:32:41 INFO  State of operation 14005306 : EXECUTING
11:32:43 INFO  State of operation 14005306 : EXECUTING
11:32:45 INFO  State of operation 14005306 : EXECUTING
11:32:48 INFO  State of operation 14005306 : EXECUTING
11:32:50 INFO  State of operation 14005306 : EXECUTING
11:32:52 INFO  State of operation 14005306 : SUCCESSFUL
11:32:52 DEBUG --- test validate
11:32:52 INFO  Assert that (False == value) with value=False ... passed
11:32:52 INFO  Assert that (False == value) with value=False ... passed
11:32:52 INFO  Assert that (False == value) with value=False ... passed
11:32:53 INFO  Assert that (False == value) with value=False ... passed
11:32:53 DEBUG --- test cleanup
11:32:53 INFO  
11:32:53 INFO  cleanup:
11:32:53 DEBUG Running registered cleanup function: &lt;bound method SoftwareManagement.mysmcleanup of &lt;PySysTest object at 0x75bcccf0&gt;&gt;
11:32:53 DEBUG Running registered cleanup function: &lt;bound method EnvironmentC8y.myenvcleanup of &lt;PySysTest object at 0x75bcccf0&gt;&gt;
11:32:53 DEBUG EnvironmentC8y Cleanup
11:32:53 DEBUG Process parameters for sudo&lt;tedge_disconnect_c8y&gt;
  command line : /usr/bin/sudo /usr/bin/tedge disconnect c8y
    arg #1     : /usr/bin/tedge
    arg #2     : disconnect
    arg #3     : c8y
  working dir  : /home/pi/actions-runner/_work/thin-edge.io/thin-edge.io/tests/PySys/software_management_end_to_end/sm_apt_install_remove_multiple/Output/linux
  stdout       : /home/pi/actions-runner/_work/thin-edge.io/thin-edge.io/tests/PySys/software_management_end_to_end/sm_apt_install_remove_multiple/Output/linux/tedge_disconnect_c8y.out
  stderr       : /home/pi/actions-runner/_work/thin-edge.io/thin-edge.io/tests/PySys/software_management_end_to_end/sm_apt_install_remove_multiple/Output/linux/tedge_disconnect_c8y.err
  environment  : LD_LIBRARY_PATH=/usr/lib
  environment  : PATH=/bin:/usr/bin:/usr/sbin:/usr/local/bin
                   #1  /bin
                   #2  /usr/bin
                   #3  /usr/sbin
                   #4  /usr/local/bin
11:32:53 DEBUG Waiting up to 600 secs for process sudo&lt;tedge_disconnect_c8y&gt; (pid 26043)
11:32:56 INFO  Executed sudo&lt;tedge_disconnect_c8y&gt;, exit status 0
11:32:56 DEBUG Process parameters for systemctl&lt;serv_mapper5&gt;
  command line : /usr/bin/systemctl status tedge-mapper-c8y
    arg #1     : status
    arg #2     : tedge-mapper-c8y
  working dir  : /home/pi/actions-runner/_work/thin-edge.io/thin-edge.io/tests/PySys/software_management_end_to_end/sm_apt_install_remove_multiple/Output/linux
  stdout       : /home/pi/actions-runner/_work/thin-edge.io/thin-edge.io/tests/PySys/software_management_end_to_end/sm_apt_install_remove_multiple/Output/linux/serv_mapper5.out
  stderr       : /home/pi/actions-runner/_work/thin-edge.io/thin-edge.io/tests/PySys/software_management_end_to_end/sm_apt_install_remove_multiple/Output/linux/serv_mapper5.err
  environment  : LD_LIBRARY_PATH=/usr/lib
  environment  : PATH=/bin:/usr/bin:/usr/sbin:/usr/local/bin
                   #1  /bin
                   #2  /usr/bin
                   #3  /usr/sbin
                   #4  /usr/local/bin
11:32:56 DEBUG Waiting up to 600 secs for process systemctl&lt;serv_mapper5&gt; (pid 26102)
11:32:56 INFO  Executed systemctl&lt;serv_mapper5&gt;, exit status 3
11:32:56 DEBUG ProcessUser cleanup function done.
11:32:56 INFO  
11:32:56 INFO  Test duration: 132.77 secs
11:32:56 INFO  Test final outcome:  FAILED
11:32:56 INFO  Test outcome reason: Assert that (False == value) with value=True
11:32:56 INFO  
</system-out>
	</testcase>
<testcase classname="PySysTest" name="SoftwareManagement.sm_apt_install_remove_multiple">
		<failure message="FAILED: Device ID is not set. Set with the env variable C8YDEVICEID" type="FAILED" />
		<system-out>11:42:05 INFO  ==============================================================
11:42:05 INFO  Id:    SoftwareManagement.sm_apt_install_remove_multiple
11:42:05 INFO  Dir:   software_management_end_to_end/
11:42:05 INFO  Title: Validate end to end behaviour for the apt plugin for multiple packages
11:42:05 DEBUG Execution order hint: 0.0
11:42:05 INFO  ==============================================================
11:42:05 INFO  Using sw id database: {'asciijump': '5475369', 'robotfindskitten': '5474869', 'squirrel3': '5475279', 'rolldice': '5152439', 'moon-buggy': '5439204', 'apple': '5495053', 'banana': '5494888', 'cherry': '5495382', 'watermelon': '5494510', 'registry': '8018911', 'hello-world': '8021526', 'docker/getting-started': '8021973', 'alpine': '7991792'}
11:42:05 DEBUG EnvironmentC8y Setup
11:42:05 WARN  Device ID is not set. Set with the env variable C8YDEVICEID ... failed 
11:42:05 WARN  Aborted test due to FAILED outcome
11:42:05 DEBUG --- test cleanup
11:42:05 DEBUG ProcessUser cleanup function done.
11:42:05 INFO  
11:42:05 INFO  Test duration: 0.03 secs
11:42:05 INFO  Test final outcome:  FAILED
11:42:05 INFO  Test outcome reason: Device ID is not set. Set with the env variable C8YDEVICEID
11:42:05 INFO  
</system-out>
	</testcase>
</testsuite><testsuite name="SoftwareManagement.sm_apt_install_remove_multiple_mixed" tests="3" errors="0" failures="1" skipped="0" time="0"><testcase classname="PySysTest" name="SoftwareManagement.sm_apt_install_remove_multiple_mixed" />
<testcase classname="PySysTest" name="SoftwareManagement.sm_apt_install_remove_multiple_mixed" />
<testcase classname="PySysTest" name="SoftwareManagement.sm_apt_install_remove_multiple_mixed">
		<failure message="FAILED: Device ID is not set. Set with the env variable C8YDEVICEID" type="FAILED" />
		<system-out>11:42:05 INFO  ==============================================================
11:42:05 INFO  Id:    SoftwareManagement.sm_apt_install_remove_multiple_mixed
11:42:05 INFO  Dir:   software_management_end_to_end/
11:42:05 INFO  Title: Validate end to end behaviour for the apt plugin for multiple packages with mixed versions
11:42:05 DEBUG Execution order hint: 0.0
11:42:05 INFO  ==============================================================
11:42:05 INFO  Using sw id database: {'asciijump': '5475369', 'robotfindskitten': '5474869', 'squirrel3': '5475279', 'rolldice': '5152439', 'moon-buggy': '5439204', 'apple': '5495053', 'banana': '5494888', 'cherry': '5495382', 'watermelon': '5494510', 'registry': '8018911', 'hello-world': '8021526', 'docker/getting-started': '8021973', 'alpine': '7991792'}
11:42:05 DEBUG EnvironmentC8y Setup
11:42:05 WARN  Device ID is not set. Set with the env variable C8YDEVICEID ... failed 
11:42:05 WARN  Aborted test due to FAILED outcome
11:42:05 DEBUG --- test cleanup
11:42:05 DEBUG ProcessUser cleanup function done.
11:42:05 INFO  
11:42:05 INFO  Test duration: 0.03 secs
11:42:05 INFO  Test final outcome:  FAILED
11:42:05 INFO  Test outcome reason: Device ID is not set. Set with the env variable C8YDEVICEID
11:42:05 INFO  
</system-out>
	</testcase>
</testsuite><testsuite name="SoftwareManagement.sm_apt_install_remove_with_version" tests="3" errors="0" failures="1" skipped="0" time="0"><testcase classname="PySysTest" name="SoftwareManagement.sm_apt_install_remove_with_version" />
<testcase classname="PySysTest" name="SoftwareManagement.sm_apt_install_remove_with_version" />
<testcase classname="PySysTest" name="SoftwareManagement.sm_apt_install_remove_with_version">
		<failure message="FAILED: Device ID is not set. Set with the env variable C8YDEVICEID" type="FAILED" />
		<system-out>11:42:05 INFO  ==============================================================
11:42:05 INFO  Id:    SoftwareManagement.sm_apt_install_remove_with_version
11:42:05 INFO  Dir:   software_management_end_to_end/
11:42:05 INFO  Title: Validate end to end behaviour for the apt plugin for packages with version
11:42:05 DEBUG Execution order hint: 0.0
11:42:05 INFO  ==============================================================
11:42:05 INFO  Using sw id database: {'asciijump': '5475369', 'robotfindskitten': '5474869', 'squirrel3': '5475279', 'rolldice': '5152439', 'moon-buggy': '5439204', 'apple': '5495053', 'banana': '5494888', 'cherry': '5495382', 'watermelon': '5494510', 'registry': '8018911', 'hello-world': '8021526', 'docker/getting-started': '8021973', 'alpine': '7991792'}
11:42:05 DEBUG EnvironmentC8y Setup
11:42:05 WARN  Device ID is not set. Set with the env variable C8YDEVICEID ... failed 
11:42:05 WARN  Aborted test due to FAILED outcome
11:42:05 DEBUG --- test cleanup
11:42:05 DEBUG ProcessUser cleanup function done.
11:42:05 INFO  
11:42:05 INFO  Test duration: 0.02 secs
11:42:05 INFO  Test final outcome:  FAILED
11:42:05 INFO  Test outcome reason: Device ID is not set. Set with the env variable C8YDEVICEID
11:42:05 INFO  
</system-out>
	</testcase>
</testsuite><testsuite name="SoftwareManagement.sm_docker_install_remove_multiple" tests="3" errors="0" failures="1" skipped="0" time="0"><testcase classname="SMDockerInstallRemove" name="SoftwareManagement.sm_docker_install_remove_multiple" />
<testcase classname="SMDockerInstallRemove" name="SoftwareManagement.sm_docker_install_remove_multiple" />
<testcase classname="SMDockerInstallRemove" name="SoftwareManagement.sm_docker_install_remove_multiple">
		<failure message="FAILED: Device ID is not set. Set with the env variable C8YDEVICEID" type="FAILED" />
		<system-out>11:42:05 INFO  ==============================================================
11:42:05 INFO  Id:    SoftwareManagement.sm_docker_install_remove_multiple
11:42:05 INFO  Dir:   software_management_end_to_end/
11:42:05 INFO  Title: Validate end to end behaviour for the docker plugin for multiple docker images with mixed versions
11:42:05 DEBUG Execution order hint: 0.0
11:42:05 INFO  ==============================================================
11:42:05 INFO  Using sw id database: {'asciijump': '5475369', 'robotfindskitten': '5474869', 'squirrel3': '5475279', 'rolldice': '5152439', 'moon-buggy': '5439204', 'apple': '5495053', 'banana': '5494888', 'cherry': '5495382', 'watermelon': '5494510', 'registry': '8018911', 'hello-world': '8021526', 'docker/getting-started': '8021973', 'alpine': '7991792'}
11:42:05 DEBUG EnvironmentC8y Setup
11:42:05 WARN  Device ID is not set. Set with the env variable C8YDEVICEID ... failed 
11:42:05 WARN  Aborted test due to FAILED outcome
11:42:05 DEBUG --- test cleanup
11:42:05 DEBUG ProcessUser cleanup function done.
11:42:05 INFO  
11:42:05 INFO  Test duration: 0.03 secs
11:42:05 INFO  Test final outcome:  FAILED
11:42:05 INFO  Test outcome reason: Device ID is not set. Set with the env variable C8YDEVICEID
11:42:05 INFO  
</system-out>
	</testcase>
</testsuite><testsuite name="SoftwareManagement.sm_fake_install_remove" tests="2" errors="0" failures="1" skipped="0" time="0"><testcase classname="PySysTest" name="SoftwareManagement.sm_fake_install_remove" />
<testcase classname="PySysTest" name="SoftwareManagement.sm_fake_install_remove">
		<failure message="FAILED: Device ID is not set. Set with the env variable C8YDEVICEID" type="FAILED" />
		<system-out>11:42:05 INFO  ==============================================================
11:42:05 INFO  Id:    SoftwareManagement.sm_fake_install_remove
11:42:05 INFO  Dir:   software_management_end_to_end/
11:42:05 INFO  Title: Validate end to end behaviour for the dummy plugin for installation and removal of packages
11:42:05 DEBUG Execution order hint: 0.0
11:42:05 INFO  ==============================================================
11:42:05 INFO  Using sw id database: {'asciijump': '5475369', 'robotfindskitten': '5474869', 'squirrel3': '5475279', 'rolldice': '5152439', 'moon-buggy': '5439204', 'apple': '5495053', 'banana': '5494888', 'cherry': '5495382', 'watermelon': '5494510', 'registry': '8018911', 'hello-world': '8021526', 'docker/getting-started': '8021973', 'alpine': '7991792'}
11:42:05 DEBUG EnvironmentC8y Setup
11:42:05 WARN  Device ID is not set. Set with the env variable C8YDEVICEID ... failed 
11:42:05 WARN  Aborted test due to FAILED outcome
11:42:05 DEBUG --- test cleanup
11:42:05 DEBUG ProcessUser cleanup function done.
11:42:05 INFO  
11:42:05 INFO  Test duration: 0.02 secs
11:42:05 INFO  Test final outcome:  FAILED
11:42:05 INFO  Test outcome reason: Device ID is not set. Set with the env variable C8YDEVICEID
11:42:05 INFO  
</system-out>
	</testcase>
</testsuite><testsuite name="SoftwareManagement.sm_fake_install_remove_multiple" tests="2" errors="0" failures="1" skipped="0" time="0"><testcase classname="PySysTest" name="SoftwareManagement.sm_fake_install_remove_multiple" />
<testcase classname="PySysTest" name="SoftwareManagement.sm_fake_install_remove_multiple">
		<failure message="FAILED: Device ID is not set. Set with the env variable C8YDEVICEID" type="FAILED" />
		<system-out>11:42:05 INFO  ==============================================================
11:42:05 INFO  Id:    SoftwareManagement.sm_fake_install_remove_multiple
11:42:05 INFO  Dir:   software_management_end_to_end/
11:42:05 INFO  Title: Validate end to end behaviour for the dummy-plugin for multiple packages
11:42:05 DEBUG Execution order hint: 0.0
11:42:05 INFO  ==============================================================
[...]
  environment  : LD_LIBRARY_PATH=/usr/lib
  environment  : PATH=/bin:/usr/bin:/usr/sbin:/usr/local/bin
                   #1  /bin
                   #2  /usr/bin
                   #3  /usr/sbin
                   #4  /usr/local/bin
11:43:39 DEBUG Waiting up to 600 secs for process sudo&lt;tedge_disconnect_c8y&gt; (pid 31054)
11:43:42 INFO  Executed sudo&lt;tedge_disconnect_c8y&gt;, exit status 0
11:43:42 DEBUG ProcessUser cleanup function done.
11:43:42 INFO  
11:43:42 INFO  Test duration: 97.70 secs
11:43:42 INFO  Test final outcome:  FAILED
11:43:42 INFO  Test outcome reason: Grep on tedge_sub.out contains "501,c8y_SoftwareUpdate" (+1 other failures)
11:43:42 INFO  
</system-out>
	</testcase>
</testsuite><testsuite name="SoftwareManagement.sm_mixed_install_remove_multiple" tests="2" errors="0" failures="1" skipped="0" time="0"><testcase classname="PySysTest" name="SoftwareManagement.sm_mixed_install_remove_multiple" />
<testcase classname="PySysTest" name="SoftwareManagement.sm_mixed_install_remove_multiple">
		<failure message="FAILED: Device ID is not set. Set with the env variable C8YDEVICEID" type="FAILED" />
		<system-out>11:43:43 INFO  ==============================================================
11:43:43 INFO  Id:    SoftwareManagement.sm_mixed_install_remove_multiple
11:43:43 INFO  Dir:   software_management_end_to_end/
11:43:43 INFO  Title: Validate end to end behaviour for the dummy-plugin for multiple packages with mixed versions
11:43:43 DEBUG Execution order hint: 0.0
11:43:43 INFO  ==============================================================
11:43:43 INFO  Using sw id database: {'asciijump': '5475369', 'robotfindskitten': '5474869', 'squirrel3': '5475279', 'rolldice': '5152439', 'moon-buggy': '5439204', 'apple': '5495053', 'banana': '5494888', 'cherry': '5495382', 'watermelon': '5494510', 'registry': '8018911', 'hello-world': '8021526', 'docker/getting-started': '8021973', 'alpine': '7991792'}
11:43:43 DEBUG EnvironmentC8y Setup
11:43:43 WARN  Device ID is not set. Set with the env variable C8YDEVICEID ... failed 
11:43:43 WARN  Aborted test due to FAILED outcome
11:43:43 DEBUG --- test cleanup
11:43:43 DEBUG ProcessUser cleanup function done.
11:43:43 INFO  
11:43:43 INFO  Test duration: 0.03 secs
11:43:43 INFO  Test final outcome:  FAILED
11:43:43 INFO  Test outcome reason: Device ID is not set. Set with the env variable C8YDEVICEID
11:43:43 INFO  
</system-out>
	</testcase>
</testsuite><testsuite name="agent_init_session" tests="1" errors="0" failures="0" skipped="0" time="0"><testcase classname="AgentInitSession" name="agent_init_session" />
</testsuite><testsuite name="apt_fail_noarg" tests="2" errors="0" failures="0" skipped="0" time="0"><testcase classname="AptPluginFailNoArg" name="apt_fail_noarg" />
<testcase classname="AptPluginFailNoArg" name="apt_fail_noarg" />
</testsuite><testsuite name="apt_finalize" tests="2" errors="0" failures="0" skipped="0" time="0"><testcase classname="AptPluginFinalize" name="apt_finalize" />
<testcase classname="AptPluginFinalize" name="apt_finalize" />
</testsuite><testsuite name="apt_install" tests="2" errors="0" failures="0" skipped="0" time="0"><testcase classname="AptPluginInstallDense" name="apt_install" />
<testcase classname="AptPluginInstallDense" name="apt_install" />
</testsuite><testsuite name="apt_install_fail" tests="2" errors="0" failures="0" skipped="0" time="0"><testcase classname="AptPluginInstallFail" name="apt_install_fail" />
<testcase classname="AptPluginInstallFail" name="apt_install_fail" />
</testsuite><testsuite name="apt_install_local_file" tests="2" errors="0" failures="0" skipped="0" time="0"><testcase classname="AptPluginInstallFromLocalFile" name="apt_install_local_file" />
<testcase classname="AptPluginInstallFromLocalFile" name="apt_install_local_file" />
</testsuite><testsuite name="apt_install_local_file_fail" tests="2" errors="0" failures="0" skipped="0" time="0"><testcase classname="AptPluginInstallFromLocalFileFail" name="apt_install_local_file_fail" />
<testcase classname="AptPluginInstallFromLocalFileFail" name="apt_install_local_file_fail" />
</testsuite><testsuite name="apt_install_local_file_with_version" tests="2" errors="0" failures="0" skipped="0" time="0"><testcase classname="AptPluginInstallFromLocalFileWithVersion" name="apt_install_local_file_with_version" />
<testcase classname="AptPluginInstallFromLocalFileWithVersion" name="apt_install_local_file_with_version" />
</testsuite><testsuite name="apt_install_local_file_with_version_fail" tests="2" errors="0" failures="0" skipped="0" time="0"><testcase classname="AptPluginInstallFromLocalFileWithVersionFail" name="apt_install_local_file_with_version_fail" />
<testcase classname="AptPluginInstallFromLocalFileWithVersionFail" name="apt_install_local_file_with_version_fail" />
</testsuite><testsuite name="apt_list_format" tests="2" errors="0" failures="0" skipped="0" time="0"><testcase classname="AptPluginListFormat" name="apt_list_format" />
<testcase classname="AptPluginListFormat" name="apt_list_format" />
</testsuite><testsuite name="apt_prepare" tests="2" errors="0" failures="0" skipped="0" time="0"><testcase classname="AptPluginPrepare" name="apt_prepare" />
<testcase classname="AptPluginPrepare" name="apt_prepare" />
</testsuite><testsuite name="apt_prepare_install_finalize" tests="2" errors="0" failures="0" skipped="0" time="0"><testcase classname="AptPluginPrepareInstallFinalize" name="apt_prepare_install_finalize" />
<testcase classname="AptPluginPrepareInstallFinalize" name="apt_prepare_install_finalize" />
</testsuite><testsuite name="apt_remove" tests="2" errors="0" failures="0" skipped="0" time="0"><testcase classname="AptPluginRemoveDense" name="apt_remove" />
<testcase classname="AptPluginRemoveDense" name="apt_remove" />
</testsuite><testsuite name="apt_remove_fail" tests="2" errors="0" failures="0" skipped="0" time="0"><testcase classname="AptPluginRemoveFails" name="apt_remove_fail" />
<testcase classname="AptPluginRemoveFails" name="apt_remove_fail" />
</testsuite><testsuite name="apt_sequence_install_with_version" tests="2" errors="0" failures="0" skipped="0" time="0"><testcase classname="AptPluginPrepInstallWithVersionFinalize" name="apt_sequence_install_with_version" />
<testcase classname="AptPluginPrepInstallWithVersionFinalize" name="apt_sequence_install_with_version" />
</testsuite><testsuite name="apt_sequence_install_with_version_fail" tests="2" errors="0" failures="0" skipped="0" time="0"><testcase classname="AptPluginInstallWithVersionFails" name="apt_sequence_install_with_version_fail" />
<testcase classname="AptPluginInstallWithVersionFails" name="apt_sequence_install_with_version_fail" />
</testsuite><testsuite name="apt_sequence_remove" tests="2" errors="0" failures="0" skipped="0" time="0"><testcase classname="AptPluginInstallPrepareRemoveFinalize" name="apt_sequence_remove" />
<testcase classname="AptPluginInstallPrepareRemoveFinalize" name="apt_sequence_remove" />
</testsuite><testsuite name="apt_sequence_remove_with_version" tests="2" errors="0" failures="0" skipped="0" time="0"><testcase classname="AptPluginRemoveWithVersion" name="apt_sequence_remove_with_version" />
<testcase classname="AptPluginRemoveWithVersion" name="apt_sequence_remove_with_version" />
</testsuite><testsuite name="apt_sequence_remove_with_version_fail" tests="2" errors="0" failures="0" skipped="0" time="0"><testcase classname="AptPluginRemoveWithVersionFails" name="apt_sequence_remove_with_version_fail" />
<testcase classname="AptPluginRemoveWithVersionFails" name="apt_sequence_remove_with_version_fail" />
</testsuite><testsuite name="apt_update_list" tests="2" errors="0" failures="0" skipped="0" time="0"><testcase classname="AptPluginUpdateList" name="apt_update_list" />
<testcase classname="AptPluginUpdateList" name="apt_update_list" />
</testsuite><testsuite name="apt_wrong_option" tests="2" errors="0" failures="0" skipped="0" time="0"><testcase classname="AptPluginWrongOption" name="apt_wrong_option" />
<testcase classname="AptPluginWrongOption" name="apt_wrong_option" />
</testsuite><testsuite name="c8y_jwt_token_retrieval" tests="1" errors="0" failures="0" skipped="0" time="0"><testcase classname="ValidateJWTTokenRetrieval" name="c8y_jwt_token_retrieval" />
</testsuite><testsuite name="c8y_restart_bridge" tests="1" errors="0" failures="0" skipped="0" time="0"><testcase classname="RestartBridge" name="c8y_restart_bridge" />
</testsuite><testsuite name="call_tedge_-V" tests="1" errors="0" failures="0" skipped="0" time="0"><testcase classname="PySysTest" name="call_tedge_-V" />
</testsuite><testsuite name="call_tedge_-h" tests="1" errors="0" failures="0" skipped="0" time="0"><testcase classname="PySysTest" name="call_tedge_-h" />
</testsuite><testsuite name="call_tedge_-h_-V" tests="1" errors="0" failures="0" skipped="0" time="0"><testcase classname="PySysTest" name="call_tedge_-h_-V" />
</testsuite><testsuite name="call_tedge_config_help" tests="1" errors="0" failures="0" skipped="0" time="0"><testcase classname="PySysTest" name="call_tedge_config_help" />
</testsuite><testsuite name="call_tedge_config_list" tests="1" errors="0" failures="0" skipped="0" time="0"><testcase classname="PySysTest" name="call_tedge_config_list" />
</testsuite><testsuite name="custom_init_system" tests="1" errors="0" failures="0" skipped="0" time="0"><testcase classname="CustomInitSystem" name="custom_init_system" />
</testsuite><testsuite name="docker_plugin_finalize" tests="2" errors="0" failures="0" skipped="0" time="0"><testcase classname="DockerPluginFinalizeTest" name="docker_plugin_finalize" />
<testcase classname="DockerPluginFinalizeTest" name="docker_plugin_finalize" />
</testsuite><testsuite name="docker_plugin_install" tests="2" errors="0" failures="0" skipped="0" time="0"><testcase classname="DockerPluginInstallTest" name="docker_plugin_install" />
<testcase classname="DockerPluginInstallTest" name="docker_plugin_install" />
</testsuite><testsuite name="docker_plugin_install_with_version" tests="2" errors="0" failures="0" skipped="0" time="0"><testcase classname="DockerPluginInstallWithVersionTest" name="docker_plugin_install_with_version" />
<testcase classname="DockerPluginInstallWithVersionTest" name="docker_plugin_install_with_version" />
</testsuite><testsuite name="docker_plugin_remove" tests="2" errors="0" failures="0" skipped="0" time="0"><testcase classname="DockerPluginRemoveTest" name="docker_plugin_remove" />
<testcase classname="DockerPluginRemoveTest" name="docker_plugin_remove" />
</testsuite><testsuite name="docker_plugin_remove_with_version" tests="2" errors="0" failures="0" skipped="0" time="0"><testcase classname="DockerPluginRemoveWithVersionTest" name="docker_plugin_remove_with_version" />
<testcase classname="DockerPluginRemoveWithVersionTest" name="docker_plugin_remove_with_version" />
</testsuite><testsuite name="docker_plugin_update" tests="2" errors="0" failures="0" skipped="0" time="0"><testcase classname="DockerPluginUpdateTest" name="docker_plugin_update" />
<testcase classname="DockerPluginUpdateTest" name="docker_plugin_update" />
</testsuite><testsuite name="invalid_device_id" tests="1" errors="0" failures="0" skipped="0" time="0"><testcase classname="InvalidDeviceId" name="invalid_device_id" />
</testsuite><testsuite name="local_mqtt_pub_fail_noqos" tests="1" errors="0" failures="0" skipped="0" time="0"><testcase classname="PySysTest" name="local_mqtt_pub_fail_noqos" />
</testsuite><testsuite name="local_mqtt_pub_fail_qos0" tests="1" errors="0" failures="0" skipped="0" time="0"><testcase classname="PySysTest" name="local_mqtt_pub_fail_qos0" />
</testsuite><testsuite name="local_mqtt_pub_fail_qos1" tests="1" errors="0" failures="0" skipped="0" time="0"><testcase classname="PySysTest" name="local_mqtt_pub_fail_qos1" />
</testsuite><testsuite name="local_mqtt_pub_fail_qos2" tests="1" errors="0" failures="0" skipped="0" time="0"><testcase classname="PySysTest" name="local_mqtt_pub_fail_qos2" />
</testsuite><testsuite name="local_mqtt_pub_sub" tests="1" errors="0" failures="0" skipped="0" time="0"><testcase classname="PySysTest" name="local_mqtt_pub_sub" />
</testsuite><testsuite name="local_mqtt_pub_sub_retain" tests="1" errors="0" failures="0" skipped="0" time="0"><testcase classname="MqttPublishWithRetain" name="local_mqtt_pub_sub_retain" />
</testsuite><testsuite name="local_mqtt_pub_sub_with_sudo" tests="1" errors="0" failures="0" skipped="0" time="0"><testcase classname="PySysTest" name="local_mqtt_pub_sub_with_sudo" />
</testsuite><testsuite name="local_mqtt_sub_fail" tests="1" errors="0" failures="0" skipped="0" time="0"><testcase classname="PySysTest" name="local_mqtt_sub_fail" />
</testsuite><testsuite name="log_request_error_messages" tests="1" errors="0" failures="0" skipped="0" time="0"><testcase classname="LogRequestVerifySearchTextError" name="log_request_error_messages" />
</testsuite><testsuite name="log_request_num_lines" tests="1" errors="0" failures="0" skipped="0" time="0"><testcase classname="LogRequestVerifyNumberOfLines" name="log_request_num_lines" />
</testsuite><testsuite name="mapper_awaits_before_reconnect" tests="1" errors="0" failures="0" skipped="0" time="0"><testcase classname="MapperReconnectAwait" name="mapper_awaits_before_reconnect" />
</testsuite><testsuite name="monitoring_smaller_interval" tests="1" errors="0" failures="0" skipped="0" time="0"><testcase classname="MonitoringSmallInterval" name="monitoring_smaller_interval" />
</testsuite><testsuite name="monitoring_with_collectd" tests="1" errors="0" failures="0" skipped="0" time="0"><testcase classname="MonitoringWithCollectd" name="monitoring_with_collectd" />
</testsuite><testsuite name="monitoring_with_simulated_messages" tests="1" errors="0" failures="0" skipped="0" time="0"><testcase classname="MonitoringWithSimulatedMessages" name="monitoring_with_simulated_messages" />
</testsuite><testsuite name="mqtt_port_change_connection_fails" tests="1" errors="0" failures="0" skipped="0" time="0"><testcase classname="MqttPortChangeConnectionFails" name="mqtt_port_change_connection_fails" />
</testsuite><testsuite name="mqtt_port_change_connection_works" tests="1" errors="0" failures="0" skipped="0" time="0"><testcase classname="MqttPortChangeConnectionWorks" name="mqtt_port_change_connection_works" />
</testsuite><testsuite name="mqtt_port_set" tests="1" errors="0" failures="0" skipped="0" time="0"><testcase classname="MqttPortSet" name="mqtt_port_set" />
</testsuite><testsuite name="mqtt_port_unset" tests="1" errors="0" failures="0" skipped="0" time="0"><testcase classname="MqttPortUnSet" name="mqtt_port_unset" />
</testsuite><testsuite name="publish_flux" tests="1" errors="0" failures="0" skipped="0" time="0"><testcase classname="PublishFlux" name="publish_flux" />
</testsuite><testsuite name="publish_sawmill" tests="1" errors="0" failures="0" skipped="0" time="0"><testcase classname="PublishSawmill" name="publish_sawmill" />
</testsuite><testsuite name="pysys_block" tests="1" errors="0" failures="0" skipped="0" time="0"><testcase classname="Fail" name="pysys_block" />
</testsuite><testsuite name="pysys_fail" tests="1" errors="0" failures="0" skipped="0" time="0"><testcase classname="Fail" name="pysys_fail" />
</testsuite><testsuite name="runtime_start_two_mappers" tests="1" errors="0" failures="0" skipped="0" time="0"><testcase classname="RuntimeMultiMappers" name="runtime_start_two_mappers" />
</testsuite><testsuite name="sm_tedge_mapper_init_session" tests="1" errors="0" failures="0" skipped="0" time="0"><testcase classname="TedgeSMMapperInitSession" name="sm_tedge_mapper_init_session" />
</testsuite><testsuite name="smoketest_json" tests="1" errors="0" failures="0" skipped="0" time="0"><testcase classname="SmokeTestJson" name="smoketest_json" />
</testsuite><testsuite name="smoketest_json_400_samples_10ms" tests="1" errors="0" failures="0" skipped="0" time="0"><testcase classname="SmoketestJson400Samples10ms" name="smoketest_json_400_samples_10ms" />
</testsuite><testsuite name="smoketest_json_400_samples_20ms" tests="1" errors="0" failures="0" skipped="0" time="0"><testcase classname="SmoketestJson400Samples20ms" name="smoketest_json_400_samples_20ms" />
</testsuite><testsuite name="smoketest_smartrest" tests="1" errors="0" failures="0" skipped="0" time="0"><testcase classname="SmoketestSmartRest" name="smoketest_smartrest" />
</testsuite><testsuite name="smoketest_smartrest_400_samples_1Xms" tests="1" errors="0" failures="0" skipped="0" time="0"><testcase classname="SmoketestSmartRest400Samples1Xms" name="smoketest_smartrest_400_samples_1Xms" />
</testsuite><testsuite name="smoketest_smartrest_400_samples_20ms" tests="1" errors="0" failures="0" skipped="0" time="0"><testcase classname="SmoketestSmartRest400Samples20ms" name="smoketest_smartrest_400_samples_20ms" />
</testsuite><testsuite name="tedge_agent_user_sudo_access" tests="1" errors="0" failures="0" skipped="0" time="0"><testcase classname="TedgeAgentUserSudoAccess" name="tedge_agent_user_sudo_access" />
</testsuite><testsuite name="tedge_connect_test_negative" tests="1" errors="0" failures="0" skipped="0" time="0"><testcase classname="TedgeConnectTestNegative" name="tedge_connect_test_negative" />
</testsuite><testsuite name="tedge_connect_test_positive" tests="1" errors="0" failures="0" skipped="0" time="0"><testcase classname="TedgeConnectTestPositive" name="tedge_connect_test_positive" />
</testsuite><testsuite name="tedge_connect_test_sm_services" tests="1" errors="0" failures="0" skipped="0" time="0"><testcase classname="TedgeConnectTestSMServices" name="tedge_connect_test_sm_services" />
</testsuite><testsuite name="tedge_disconnect_test_sm_services" tests="1" errors="0" failures="0" skipped="0" time="0"><testcase classname="TedgeDisConnectTestSMServices" name="tedge_disconnect_test_sm_services" />
</testsuite><testsuite name="tedge_mapper_az_negative" tests="1" errors="0" failures="0" skipped="0" time="0"><testcase classname="TedgeMapperAzError" name="tedge_mapper_az_negative" />
</testsuite><testsuite name="tedge_mapper_az_with_timestamp" tests="1" errors="0" failures="0" skipped="0" time="0"><testcase classname="TedgeMapperAzWithTimestamp" name="tedge_mapper_az_with_timestamp" />
</testsuite><testsuite name="tedge_mapper_az_without_timestamp" tests="1" errors="0" failures="0" skipped="0" time="0"><testcase classname="TedgeMapperAzWithoutTimestamp" name="tedge_mapper_az_without_timestamp" />
</testsuite><testsuite name="tedge_mapper_c8y_alarms" tests="1" errors="0" failures="0" skipped="0" time="0"><testcase classname="TedgeMapperC8yAlarm" name="tedge_mapper_c8y_alarms" />
</testsuite><testsuite name="tedge_mapper_c8y_child_device_measurement" tests="1" errors="0" failures="0" skipped="0" time="0"><testcase classname="TedgeMapperC8yChildDevice" name="tedge_mapper_c8y_child_device_measurement" />
</testsuite><testsuite name="tedge_mapper_c8y_negative" tests="1" errors="0" failures="0" skipped="0" time="0"><testcase classname="TedgeMapperC8y" name="tedge_mapper_c8y_negative" />
</testsuite><testsuite name="tedge_mapper_c8y_packet_threshold_size" tests="1" errors="0" failures="0" skipped="0" time="0"><testcase classname="TedgeMapperC8yThresholdPacketSize" name="tedge_mapper_c8y_packet_threshold_size" />
</testsuite><testsuite name="tedge_mapper_c8y_positive" tests="1" errors="0" failures="0" skipped="0" time="0"><testcase classname="TedgeMapperC8y" name="tedge_mapper_c8y_positive" />
</testsuite><testsuite name="tedge_software_update" tests="1" errors="0" failures="0" skipped="0" time="0"><testcase classname="PySysTest" name="tedge_software_update" />
</testsuite><testsuite name="valid_device_id" tests="1" errors="0" failures="0" skipped="0" time="0"><testcase classname="ValidateValidDeviceId" name="valid_device_id" />
</testsuite></testsuites>