<?xml version='1.0' encoding='utf-8'?>
<testsuites tests="147" failures="3" errors="0" skipped="0" time="0.0"><testsuite name="SoftwareManagement.Plugin.apama_plugin_install" tests="2" errors="0" failures="0" skipped="0" time="0"><testcase classname="ApamaPluginInstallTest" name="SoftwareManagement.Plugin.apama_plugin_install" />
<testcase classname="ApamaPluginInstallTest" name="SoftwareManagement.Plugin.apama_plugin_install" />
</testsuite><testsuite name="SoftwareManagement.Plugin.apama_plugin_mon_support" tests="2" errors="0" failures="0" skipped="0" time="0"><testcase classname="ApamaPluginMonSupportTest" name="SoftwareManagement.Plugin.apama_plugin_mon_support" />
<testcase classname="ApamaPluginMonSupportTest" name="SoftwareManagement.Plugin.apama_plugin_mon_support" />
</testsuite><testsuite name="SoftwareManagement.Plugin.apama_plugin_remove" tests="2" errors="0" failures="0" skipped="0" time="0"><testcase classname="ApamaPluginRemoveTest" name="SoftwareManagement.Plugin.apama_plugin_remove" />
<testcase classname="ApamaPluginRemoveTest" name="SoftwareManagement.Plugin.apama_plugin_remove" />
</testsuite><testsuite name="SoftwareManagement.Plugin.apama_plugin_update" tests="2" errors="0" failures="0" skipped="0" time="0"><testcase classname="ApamaPluginUpdateTest" name="SoftwareManagement.Plugin.apama_plugin_update" />
<testcase classname="ApamaPluginUpdateTest" name="SoftwareManagement.Plugin.apama_plugin_update" />
</testsuite><testsuite name="SoftwareManagement.sm_apt_install_download_path" tests="3" errors="0" failures="1" skipped="0" time="0"><testcase classname="AptInstallWithDownloadPath" name="SoftwareManagement.sm_apt_install_download_path" />
<testcase classname="AptInstallWithDownloadPath" name="SoftwareManagement.sm_apt_install_download_path" />
<testcase classname="AptInstallWithDownloadPath" name="SoftwareManagement.sm_apt_install_download_path">
		<failure message="BLOCKED: AssertionError:" type="BLOCKED" />
		<system-out>11:30:39 INFO  ==============================================================
11:30:39 INFO  Id:    SoftwareManagement.sm_apt_install_download_path
11:30:39 INFO  Dir:   software_management_end_to_end/
11:30:39 INFO  Title: Install package to directory specified in tedge config set tmp.path
11:30:39 DEBUG Execution order hint: 0.0
11:30:39 INFO  ==============================================================
11:30:40 INFO  Using sw id database: {'asciijump': '5475369', 'robotfindskitten': '5474869', 'squirrel3': '5475279', 'rolldice': '5152439', 'moon-buggy': '5439204', 'apple': '5495053', 'banana': '5494888', 'cherry': '5495382', 'watermelon': '5494510', 'registry': '8018911', 'hello-world': '8021526', 'docker/getting-started': '8021973', 'alpine': '7991792'}
11:30:40 DEBUG EnvironmentC8y Setup
11:30:40 INFO  EnvironmentC8y Setup
11:30:40 DEBUG Process parameters for systemctl&lt;serv_mapper1&gt;
  command line : /usr/bin/systemctl status tedge-mapper-c8y
    arg #1     : status
    arg #2     : tedge-mapper-c8y
  working dir  : /home/pi/actions-runner/_work/thin-edge.io/thin-edge.io/tests/PySys/software_management_end_to_end/sm_apt_install_download_path/Output/linux
  stdout       : /home/pi/actions-runner/_work/thin-edge.io/thin-edge.io/tests/PySys/software_management_end_to_end/sm_apt_install_download_path/Output/linux/serv_mapper1.out
  stderr       : /home/pi/actions-runner/_work/thin-edge.io/thin-edge.io/tests/PySys/software_management_end_to_end/sm_apt_install_download_path/Output/linux/serv_mapper1.err
  environment  : LD_LIBRARY_PATH=/usr/lib
  environment  : PATH=/bin:/usr/bin:/usr/sbin:/usr/local/bin
                   #1  /bin
                   #2  /usr/bin
                   #3  /usr/sbin
                   #4  /usr/local/bin
11:30:40 DEBUG Waiting up to 600 secs for process systemctl&lt;serv_mapper1&gt; (pid 11347)
11:30:40 INFO  Executed systemctl&lt;serv_mapper1&gt;, exit status 3
11:30:40 DEBUG Process parameters for sudo&lt;tedge_connect_c8y&gt;
  command line : /usr/bin/sudo /usr/bin/tedge connect c8y
    arg #1     : /usr/bin/tedge
    arg #2     : connect
    arg #3     : c8y
  working dir  : /home/pi/actions-runner/_work/thin-edge.io/thin-edge.io/tests/PySys/software_management_end_to_end/sm_apt_install_download_path/Output/linux
  stdout       : /home/pi/actions-runner/_work/thin-edge.io/thin-edge.io/tests/PySys/software_management_end_to_end/sm_apt_install_download_path/Output/linux/tedge_connect_c8y.out
  stderr       : /home/pi/actions-runner/_work/thin-edge.io/thin-edge.io/tests/PySys/software_management_end_to_end/sm_apt_install_download_path/Output/linux/tedge_connect_c8y.err
  environment  : LD_LIBRARY_PATH=/usr/lib
  environment  : PATH=/bin:/usr/bin:/usr/sbin:/usr/local/bin
                   #1  /bin
                   #2  /usr/bin
                   #3  /usr/sbin
                   #4  /usr/local/bin
11:30:40 DEBUG Waiting up to 600 secs for process sudo&lt;tedge_connect_c8y&gt; (pid 11351)
11:30:51 INFO  Executed sudo&lt;tedge_connect_c8y&gt;, exit status 0
11:30:51 DEBUG Process parameters for sudo&lt;tedge_connect_c8y_test&gt;
  command line : /usr/bin/sudo /usr/bin/tedge connect c8y --test
    arg #1     : /usr/bin/tedge
    arg #2     : connect
    arg #3     : c8y
    arg #4     : --test
  working dir  : /home/pi/actions-runner/_work/thin-edge.io/thin-edge.io/tests/PySys/software_management_end_to_end/sm_apt_install_download_path/Output/linux
  stdout       : /home/pi/actions-runner/_work/thin-edge.io/thin-edge.io/tests/PySys/software_management_end_to_end/sm_apt_install_download_path/Output/linux/tedge_connect_c8y_test.out
  stderr       : /home/pi/actions-runner/_work/thin-edge.io/thin-edge.io/tests/PySys/software_management_end_to_end/sm_apt_install_download_path/Output/linux/tedge_connect_c8y_test.err
  environment  : LD_LIBRARY_PATH=/usr/lib
  environment  : PATH=/bin:/usr/bin:/usr/sbin:/usr/local/bin
                   #1  /bin
                   #2  /usr/bin
                   #3  /usr/sbin
                   #4  /usr/local/bin
11:30:51 DEBUG Waiting up to 600 secs for process sudo&lt;tedge_connect_c8y_test&gt; (pid 11457)
11:30:52 INFO  Executed sudo&lt;tedge_connect_c8y_test&gt;, exit status 0
11:30:52 DEBUG Process parameters for systemctl&lt;serv_mosq2&gt;
  command line : /usr/bin/systemctl status mosquitto
    arg #1     : status
    arg #2     : mosquitto
  working dir  : /home/pi/actions-runner/_work/thin-edge.io/thin-edge.io/tests/PySys/software_management_end_to_end/sm_apt_install_download_path/Output/linux
  stdout       : /home/pi/actions-runner/_work/thin-edge.io/thin-edge.io/tests/PySys/software_management_end_to_end/sm_apt_install_download_path/Output/linux/serv_mosq2.out
  stderr       : /home/pi/actions-runner/_work/thin-edge.io/thin-edge.io/tests/PySys/software_management_end_to_end/sm_apt_install_download_path/Output/linux/serv_mosq2.err
  environment  : LD_LIBRARY_PATH=/usr/lib
  environment  : PATH=/bin:/usr/bin:/usr/sbin:/usr/local/bin
                   #1  /bin
                   #2  /usr/bin
                   #3  /usr/sbin
                   #4  /usr/local/bin
11:30:52 DEBUG Waiting up to 600 secs for process systemctl&lt;serv_mosq2&gt; (pid 11464)
11:30:53 INFO  Executed systemctl&lt;serv_mosq2&gt;, exit status 0
11:30:53 DEBUG Process parameters for systemctl&lt;serv_mapper3&gt;
  command line : /usr/bin/systemctl status tedge-mapper-c8y
    arg #1     : status
    arg #2     : tedge-mapper-c8y
  working dir  : /home/pi/actions-runner/_work/thin-edge.io/thin-edge.io/tests/PySys/software_management_end_to_end/sm_apt_install_download_path/Output/linux
  stdout       : /home/pi/actions-runner/_work/thin-edge.io/thin-edge.io/tests/PySys/software_management_end_to_end/sm_apt_install_download_path/Output/linux/serv_mapper3.out
  stderr       : /home/pi/actions-runner/_work/thin-edge.io/thin-edge.io/tests/PySys/software_management_end_to_end/sm_apt_install_download_path/Output/linux/serv_mapper3.err
  environment  : LD_LIBRARY_PATH=/usr/lib
  environment  : PATH=/bin:/usr/bin:/usr/sbin:/usr/local/bin
                   #1  /bin
                   #2  /usr/bin
                   #3  /usr/sbin
                   #4  /usr/local/bin
11:30:53 DEBUG Waiting up to 600 secs for process systemctl&lt;serv_mapper3&gt; (pid 11465)
11:30:54 INFO  Executed systemctl&lt;serv_mapper3&gt;, exit status 0
11:30:56 DEBUG Final URL of the request: https://thin-edge-io.eu-latest.cumulocity.com/devicecontrol/operations?deviceId=15217490&amp;pageSize=1&amp;revert=true&amp;dateFrom=1970-01-01T00%3A00%3A00.000Z
11:30:56 INFO  State of current operation: SUCCESSFUL
11:30:56 INFO  Assert that (False == value) with value=False ... passed
11:30:56 DEBUG Process parameters for sudo
  command line : /usr/bin/sudo mkdir /tedge_download_path_test
    arg #1     : mkdir
    arg #2     : /tedge_download_path_test
  working dir  : /home/pi/actions-runner/_work/thin-edge.io/thin-edge.io/tests/PySys/software_management_end_to_end/sm_apt_install_download_path/Output/linux
  stdout       : None
  stderr       : None
  environment  : LD_LIBRARY_PATH=/usr/lib
  environment  : PATH=/bin:/usr/bin:/usr/sbin:/usr/local/bin
                   #1  /bin
                   #2  /usr/bin
                   #3  /usr/sbin
                   #4  /usr/local/bin
11:30:56 DEBUG Waiting up to 600 secs for process sudo (pid 11471)
11:30:57 INFO  Executed sudo, exit status 0
11:30:57 DEBUG Process parameters for sudo
  command line : /usr/bin/sudo chmod a+rwx /tedge_download_path_test
    arg #1     : chmod
    arg #2     : a+rwx
    arg #3     : /tedge_download_path_test
  working dir  : /home/pi/actions-runner/_work/thin-edge.io/thin-edge.io/tests/PySys/software_management_end_to_end/sm_apt_install_download_path/Output/linux
  stdout       : None
  stderr       : None
  environment  : LD_LIBRARY_PATH=/usr/lib
  environment  : PATH=/bin:/usr/bin:/usr/sbin:/usr/local/bin
                   #1  /bin
                   #2  /usr/bin
                   #3  /usr/sbin
                   #4  /usr/local/bin
11:30:57 DEBUG Waiting up to 600 secs for process sudo (pid 11485)
11:30:57 INFO  Executed sudo, exit status 0
11:30:57 DEBUG Process parameters for sudo
  command line : /usr/bin/sudo /usr/bin/tedge config set tmp.path /tedge_download_path_test
    arg #1     : /usr/bin/tedge
    arg #2     : config
    arg #3     : set
    arg #4     : tmp.path
    arg #5     : /tedge_download_path_test
  working dir  : /home/pi/actions-runner/_work/thin-edge.io/thin-edge.io/tests/PySys/software_management_end_to_end/sm_apt_install_download_path/Output/linux
  stdout       : None
  stderr       : None
  environment  : LD_LIBRARY_PATH=/usr/lib
  environment  : PATH=/bin:/usr/bin:/usr/sbin:/usr/local/bin
                   #1  /bin
                   #2  /usr/bin
                   #3  /usr/sbin
                   #4  /usr/local/bin
11:30:57 DEBUG Waiting up to 600 secs for process sudo (pid 11490)
11:30:57 INFO  Executed sudo, exit status 0
11:30:57 DEBUG Process parameters for sudo&lt;tedge_disconnect_c8y&gt;
  command line : /usr/bin/sudo /usr/bin/tedge disconnect c8y
    arg #1     : /usr/bin/tedge
    arg #2     : disconnect
    arg #3     : c8y
  working dir  : /home/pi/actions-runner/_work/thin-edge.io/thin-edge.io/tests/PySys/software_management_end_to_end/sm_apt_install_download_path/Output/linux
  stdout       : /home/pi/actions-runner/_work/thin-edge.io/thin-edge.io/tests/PySys/software_management_end_to_end/sm_apt_install_download_path/Output/linux/tedge_disconnect_c8y.out
  stderr       : /home/pi/actions-runner/_work/thin-edge.io/thin-edge.io/tests/PySys/software_management_end_to_end/sm_apt_install_download_path/Output/linux/tedge_disconnect_c8y.err
  environment  : LD_LIBRARY_PATH=/usr/lib
  environment  : PATH=/bin:/usr/bin:/usr/sbin:/usr/local/bin
                   #1  /bin
                   #2  /usr/bin
                   #3  /usr/sbin
                   #4  /usr/local/bin
11:30:57 DEBUG Waiting up to 600 secs for process sudo&lt;tedge_disconnect_c8y&gt; (pid 11495)
11:31:00 INFO  Executed sudo&lt;tedge_disconnect_c8y&gt;, exit status 0
11:31:00 INFO  Restarting mosquitto too frequently in the last 10 seconds. It was only up for 2 seconds
11:31:00 INFO  Delaying execution by 9 seconds
11:31:09 DEBUG Process parameters for sudo&lt;tedge_connect_c8y&gt;
  command line : /usr/bin/sudo /usr/bin/tedge connect c8y
    arg #1     : /usr/bin/tedge
    arg #2     : connect
    arg #3     : c8y
  working dir  : /home/pi/actions-runner/_work/thin-edge.io/thin-edge.io/tests/PySys/software_management_end_to_end/sm_apt_install_download_path/Output/linux
  stdout       : /home/pi/actions-runner/_work/thin-edge.io/thin-edge.io/tests/PySys/software_management_end_to_end/sm_apt_install_download_path/Output/linux/tedge_connect_c8y.out
  stderr       : /home/pi/actions-runner/_work/thin-edge.io/thin-edge.io/tests/PySys/software_management_end_to_end/sm_apt_install_download_path/Output/linux/tedge_connect_c8y.err
  environment  : LD_LIBRARY_PATH=/usr/lib
  environment  : PATH=/bin:/usr/bin:/usr/sbin:/usr/local/bin
                   #1  /bin
                   #2  /usr/bin
                   #3  /usr/sbin
                   #4  /usr/local/bin
11:31:09 DEBUG Waiting up to 600 secs for process sudo&lt;tedge_connect_c8y&gt; (pid 11542)
11:31:19 INFO  Executed sudo&lt;tedge_connect_c8y&gt;, exit status 0
11:31:19 DEBUG --- test execute
11:31:19 INFO  Response status: 201
11:31:19 INFO  Response to action: {
    "creationTime": "2022-03-03T11:31:19.912Z",
    "deviceId": "15217490",
    "deviceName": "offsited",
    "self": "https://t493319102.eu-latest.cumulocity.com/devicecontrol/operations/15235274",
    "id": "15235274",
    "status": "PENDING",
    "description": "Apply software changes, triggered from PySys: [{'name': 'rolldice', 'id': '5152439', 'version': '::apt', 'url': 'https://thin-edge-io.eu-latest.cumulocity.com/inventory/binaries/12435463', 'action': 'install'}]",
    "c8y_SoftwareUpdate": [
        {
            "name": "rolldice",
            "action": "install",
            "id": "5152439",
            "version": "::apt",
            "url": "https://thin-edge-io.eu-latest.cumulocity.com/inventory/binaries/12435463"
        }
    ]
}
11:31:19 INFO  Started operation: {'creationTime': '2022-03-03T11:31:19.912Z', 'deviceId': '15217490', 'deviceName': 'offsited', 'self': 'https://t493319102.eu-latest.cumulocity.com/devicecontrol/operations/15235274', 'id': '15235274', 'status': 'PENDING', 'description': "Apply software changes, triggered from PySys: [{'name': 'rolldice', 'id': '5152439', 'version': '::apt', 'url': 'https://thin-edge-io.eu-latest.cumulocity.com/inventory/binaries/12435463', 'action': 'install'}]", 'c8y_SoftwareUpdate': [{'name': 'rolldice', 'action': 'install', 'id': '5152439', 'version': '::apt', 'url': 'https://thin-edge-io.eu-latest.cumulocity.com/inventory/binaries/12435463'}]}
11:31:24 WARN  caught &lt;class 'AssertionError'&gt; while running test: 
Traceback (most recent call last):
  File "/home/pi/env-pysys/lib/python3.7/site-packages/pysys/baserunner.py", line 1209, in __call__
    self.testObj.execute()
  File "/home/pi/actions-runner/_work/thin-edge.io/thin-edge.io/tests/PySys/software_management_end_to_end/sm_apt_install_download_path/run.py", line 76, in execute
    assert_install_in_download_path(install_directory=self.DOWNLOAD_DIR)
  File "/home/pi/env-pysys/lib/python3.7/site-packages/decorator.py", line 232, in fun
    return caller(func, *(extras + args), **kw)
  File "/home/pi/env-pysys/lib/python3.7/site-packages/retry/api.py", line 74, in retry_decorator
    logger)
  File "/home/pi/env-pysys/lib/python3.7/site-packages/retry/api.py", line 33, in __retry_internal
    return f()
  File "/home/pi/actions-runner/_work/thin-edge.io/thin-edge.io/tests/PySys/software_management_end_to_end/sm_apt_install_download_path/run.py", line 28, in assert_install_in_download_path
    assert "rolldice" in os.listdir(f"{install_directory}")
AssertionError
11:31:24 WARN  AssertionError: ... blocked 
11:31:24 DEBUG --- test cleanup
11:31:24 INFO  
11:31:24 INFO  cleanup:
11:31:24 DEBUG Running registered cleanup function: &lt;bound method AptInstallWithDownloadPath.mysmcleanup of &lt;AptInstallWithDownloadPath object at 0x75d4c9b0&gt;&gt;
11:31:24 DEBUG Process parameters for sudo
  command line : /usr/bin/sudo rm -rf /tedge_download_path_test
    arg #1     : rm
    arg #2     : -rf
    arg #3     : /tedge_download_path_test
  working dir  : /home/pi/actions-runner/_work/thin-edge.io/thin-edge.io/tests/PySys/software_management_end_to_end/sm_apt_install_download_path/Output/linux
  stdout       : None
  stderr       : None
  environment  : LD_LIBRARY_PATH=/usr/lib
  environment  : PATH=/bin:/usr/bin:/usr/sbin:/usr/local/bin
                   #1  /bin
                   #2  /usr/bin
                   #3  /usr/sbin
                   #4  /usr/local/bin
11:31:24 DEBUG Waiting up to 600 secs for process sudo (pid 11740)
11:31:25 INFO  Executed sudo, exit status 0
11:31:25 DEBUG Process parameters for sudo
  command line : /usr/bin/sudo /usr/bin/tedge config set tmp.path None
    arg #1     : /usr/bin/tedge
    arg #2     : config
    arg #3     : set
    arg #4     : tmp.path
    arg #5     : None
  working dir  : /home/pi/actions-runner/_work/thin-edge.io/thin-edge.io/tests/PySys/software_management_end_to_end/sm_apt_install_download_path/Output/linux
  stdout       : None
  stderr       : None
  environment  : LD_LIBRARY_PATH=/usr/lib
  environment  : PATH=/bin:/usr/bin:/usr/sbin:/usr/local/bin
                   #1  /bin
                   #2  /usr/bin
                   #3  /usr/sbin
                   #4  /usr/local/bin
11:31:25 DEBUG Waiting up to 600 secs for process sudo (pid 11756)
11:31:25 INFO  Executed sudo, exit status 0
11:31:25 DEBUG Process parameters for sudo&lt;tedge_disconnect_c8y&gt;
  command line : /usr/bin/sudo /usr/bin/tedge disconnect c8y
    arg #1     : /usr/bin/tedge
    arg #2     : disconnect
    arg #3     : c8y
  working dir  : /home/pi/actions-runner/_work/thin-edge.io/thin-edge.io/tests/PySys/software_management_end_to_end/sm_apt_install_download_path/Output/linux
  stdout       : /home/pi/actions-runner/_work/thin-edge.io/thin-edge.io/tests/PySys/software_management_end_to_end/sm_apt_install_download_path/Output/linux/tedge_disconnect_c8y.out
  stderr       : /home/pi/actions-runner/_work/thin-edge.io/thin-edge.io/tests/PySys/software_management_end_to_end/sm_apt_install_download_path/Output/linux/tedge_disconnect_c8y.err
  environment  : LD_LIBRARY_PATH=/usr/lib
  environment  : PATH=/bin:/usr/bin:/usr/sbin:/usr/local/bin
                   #1  /bin
                   #2  /usr/bin
                   #3  /usr/sbin
                   #4  /usr/local/bin
11:31:25 DEBUG Waiting up to 600 secs for process sudo&lt;tedge_disconnect_c8y&gt; (pid 11778)
11:31:28 INFO  Executed sudo&lt;tedge_disconnect_c8y&gt;, exit status 0
11:31:28 INFO  Restarting mosquitto too frequently in the last 10 seconds. It was only up for 2 seconds
11:31:28 INFO  Delaying execution by 9 seconds
11:31:37 DEBUG Process parameters for sudo&lt;tedge_connect_c8y&gt;
  command line : /usr/bin/sudo /usr/bin/tedge connect c8y
    arg #1     : /usr/bin/tedge
    arg #2     : connect
    arg #3     : c8y
  working dir  : /home/pi/actions-runner/_work/thin-edge.io/thin-edge.io/tests/PySys/software_management_end_to_end/sm_apt_install_download_path/Output/linux
  stdout       : /home/pi/actions-runner/_work/thin-edge.io/thin-edge.io/tests/PySys/software_management_end_to_end/sm_apt_install_download_path/Output/linux/tedge_connect_c8y.out
  stderr       : /home/pi/actions-runner/_work/thin-edge.io/thin-edge.io/tests/PySys/software_management_end_to_end/sm_apt_install_download_path/Output/linux/tedge_connect_c8y.err
  environment  : LD_LIBRARY_PATH=/usr/lib
  environment  : PATH=/bin:/usr/bin:/usr/sbin:/usr/local/bin
                   #1  /bin
                   #2  /usr/bin
                   #3  /usr/sbin
                   #4  /usr/local/bin
11:31:37 DEBUG Waiting up to 600 secs for process sudo&lt;tedge_connect_c8y&gt; (pid 11849)
11:31:47 INFO  Executed sudo&lt;tedge_connect_c8y&gt;, exit status 0
11:31:47 DEBUG Running registered cleanup function: &lt;bound method EnvironmentC8y.myenvcleanup of &lt;AptInstallWithDownloadPath object at 0x75d4c9b0&gt;&gt;
11:31:47 DEBUG EnvironmentC8y Cleanup
11:31:48 INFO  Restarting mosquitto too frequently in the last 10 seconds. It was only up for 10 seconds
11:31:48 INFO  Delaying execution by 1 seconds
11:31:49 DEBUG Process parameters for sudo&lt;tedge_disconnect_c8y&gt;
  command line : /usr/bin/sudo /usr/bin/tedge disconnect c8y
    arg #1     : /usr/bin/tedge
    arg #2     : disconnect
    arg #3     : c8y
  working dir  : /home/pi/actions-runner/_work/thin-edge.io/thin-edge.io/tests/PySys/software_management_end_to_end/sm_apt_install_download_path/Output/linux
  stdout       : /home/pi/actions-runner/_work/thin-edge.io/thin-edge.io/tests/PySys/software_management_end_to_end/sm_apt_install_download_path/Output/linux/tedge_disconnect_c8y.out
  stderr       : /home/pi/actions-runner/_work/thin-edge.io/thin-edge.io/tests/PySys/software_management_end_to_end/sm_apt_install_download_path/Output/linux/tedge_disconnect_c8y.err
  environment  : LD_LIBRARY_PATH=/usr/lib
  environment  : PATH=/bin:/usr/bin:/usr/sbin:/usr/local/bin
                   #1  /bin
                   #2  /usr/bin
                   #3  /usr/sbin
                   #4  /usr/local/bin
11:31:49 DEBUG Waiting up to 600 secs for process sudo&lt;tedge_disconnect_c8y&gt; (pid 11967)
11:31:51 INFO  Executed sudo&lt;tedge_disconnect_c8y&gt;, exit status 0
11:31:51 DEBUG Process parameters for systemctl&lt;serv_mapper5&gt;
  command line : /usr/bin/systemctl status tedge-mapper-c8y
    arg #1     : status
    arg #2     : tedge-mapper-c8y
  working dir  : /home/pi/actions-runner/_work/thin-edge.io/thin-edge.io/tests/PySys/software_management_end_to_end/sm_apt_install_download_path/Output/linux
  stdout       : /home/pi/actions-runner/_work/thin-edge.io/thin-edge.io/tests/PySys/software_management_end_to_end/sm_apt_install_download_path/Output/linux/serv_mapper5.out
  stderr       : /home/pi/actions-runner/_work/thin-edge.io/thin-edge.io/tests/PySys/software_management_end_to_end/sm_apt_install_download_path/Output/linux/serv_mapper5.err
  environment  : LD_LIBRARY_PATH=/usr/lib
  environment  : PATH=/bin:/usr/bin:/usr/sbin:/usr/local/bin
                   #1  /bin
                   #2  /usr/bin
                   #3  /usr/sbin
                   #4  /usr/local/bin
11:31:51 DEBUG Waiting up to 600 secs for process systemctl&lt;serv_mapper5&gt; (pid 12007)
11:31:51 INFO  Executed systemctl&lt;serv_mapper5&gt;, exit status 3
11:31:51 DEBUG ProcessUser cleanup function done.
11:31:51 INFO  
11:31:51 INFO  Test duration: 72.43 secs
11:31:51 INFO  Test final outcome:  BLOCKED
11:31:51 INFO  Test outcome reason: AssertionError:
11:31:51 INFO  
</system-out>
	</testcase>
</testsuite><testsuite name="SoftwareManagement.sm_apt_install_fail" tests="3" errors="0" failures="0" skipped="0" time="0"><testcase classname="PySysTest" name="SoftwareManagement.sm_apt_install_fail" />
<testcase classname="PySysTest" name="SoftwareManagement.sm_apt_install_fail" />
<testcase classname="PySysTest" name="SoftwareManagement.sm_apt_install_fail" />
</testsuite><testsuite name="SoftwareManagement.sm_apt_install_remove" tests="3" errors="0" failures="0" skipped="0" time="0"><testcase classname="PySysTest" name="SoftwareManagement.sm_apt_install_remove" />
<testcase classname="PySysTest" name="SoftwareManagement.sm_apt_install_remove" />
<testcase classname="PySysTest" name="SoftwareManagement.sm_apt_install_remove" />
</testsuite><testsuite name="SoftwareManagement.sm_apt_install_remove_default" tests="3" errors="0" failures="0" skipped="0" time="0"><testcase classname="PySysTest" name="SoftwareManagement.sm_apt_install_remove_default" />
<testcase classname="PySysTest" name="SoftwareManagement.sm_apt_install_remove_default" />
<testcase classname="PySysTest" name="SoftwareManagement.sm_apt_install_remove_default" />
</testsuite><testsuite name="SoftwareManagement.sm_apt_install_remove_multiple" tests="3" errors="0" failures="0" skipped="0" time="0"><testcase classname="PySysTest" name="SoftwareManagement.sm_apt_install_remove_multiple" />
<testcase classname="PySysTest" name="SoftwareManagement.sm_apt_install_remove_multiple" />
<testcase classname="PySysTest" name="SoftwareManagement.sm_apt_install_remove_multiple" />
</testsuite><testsuite name="SoftwareManagement.sm_apt_install_remove_multiple_mixed" tests="3" errors="0" failures="0" skipped="0" time="0"><testcase classname="PySysTest" name="SoftwareManagement.sm_apt_install_remove_multiple_mixed" />
<testcase classname="PySysTest" name="SoftwareManagement.sm_apt_install_remove_multiple_mixed" />
<testcase classname="PySysTest" name="SoftwareManagement.sm_apt_install_remove_multiple_mixed" />
</testsuite><testsuite name="SoftwareManagement.sm_apt_install_remove_with_version" tests="3" errors="0" failures="0" skipped="0" time="0"><testcase classname="PySysTest" name="SoftwareManagement.sm_apt_install_remove_with_version" />
<testcase classname="PySysTest" name="SoftwareManagement.sm_apt_install_remove_with_version" />
<testcase classname="PySysTest" name="SoftwareManagement.sm_apt_install_remove_with_version" />
</testsuite><testsuite name="SoftwareManagement.sm_docker_install_remove_multiple" tests="3" errors="0" failures="0" skipped="0" time="0"><testcase classname="SMDockerInstallRemove" name="SoftwareManagement.sm_docker_install_remove_multiple" />
<testcase classname="SMDockerInstallRemove" name="SoftwareManagement.sm_docker_install_remove_multiple" />
<testcase classname="SMDockerInstallRemove" name="SoftwareManagement.sm_docker_install_remove_multiple" />
</testsuite><testsuite name="SoftwareManagement.sm_fake_install_remove" tests="2" errors="0" failures="0" skipped="0" time="0"><testcase classname="PySysTest" name="SoftwareManagement.sm_fake_install_remove" />
<testcase classname="PySysTest" name="SoftwareManagement.sm_fake_install_remove" />
</testsuite><testsuite name="SoftwareManagement.sm_fake_install_remove_multiple" tests="2" errors="0" failures="0" skipped="0" time="0"><testcase classname="PySysTest" name="SoftwareManagement.sm_fake_install_remove_multiple" />
<testcase classname="PySysTest" name="SoftwareManagement.sm_fake_install_remove_multiple" />
</testsuite><testsuite name="SoftwareManagement.sm_mapper_fail_and_reconnect" tests="2" errors="0" failures="0" skipped="0" time="0"><testcase classname="MapperC8yReceiveLastMessageOnRestart" name="SoftwareManagement.sm_mapper_fail_and_reconnect" />
<testcase classname="MapperC8yReceiveLastMessageOnRestart" name="SoftwareManagement.sm_mapper_fail_and_reconnect" />
</testsuite><testsuite name="SoftwareManagement.sm_mixed_install_remove_multiple" tests="2" errors="0" failures="0" skipped="0" time="0"><testcase classname="PySysTest" name="SoftwareManagement.sm_mixed_install_remove_multiple" />
<testcase classname="PySysTest" name="SoftwareManagement.sm_mixed_install_remove_multiple" />
</testsuite><testsuite name="agent_init_session" tests="1" errors="0" failures="0" skipped="0" time="0"><testcase classname="AgentInitSession" name="agent_init_session" />
</testsuite><testsuite name="apt_fail_noarg" tests="2" errors="0" failures="1" skipped="0" time="0"><testcase classname="AptPluginFailNoArg" name="apt_fail_noarg" />
<testcase classname="AptPluginFailNoArg" name="apt_fail_noarg">
		<failure message="BLOCKED: sudo&lt;outp_install&gt; returned exit code 2 (expected ==1)" type="BLOCKED" />
		<system-out>11:15:35 INFO  ==============================================================
11:15:35 INFO  Id:    apt_fail_noarg
11:15:35 INFO  Dir:   plugin_apt/
11:15:35 INFO  Title: Validate apt plugin fetures(prepare, list, install, remove finalize) without arguments
11:15:35 DEBUG Execution order hint: 0.0
11:15:35 INFO  ==============================================================
11:15:36 DEBUG --- test execute
11:15:36 DEBUG Process parameters for sudo&lt;outp_install&gt;
  command line : /usr/bin/sudo /etc/tedge/sm-plugins/apt install
    arg #1     : /etc/tedge/sm-plugins/apt
    arg #2     : install
  working dir  : /home/pi/actions-runner/_work/thin-edge.io/thin-edge.io/tests/PySys/plugin_apt/apt_fail_noarg/Output/linux
  stdout       : /home/pi/actions-runner/_work/thin-edge.io/thin-edge.io/tests/PySys/plugin_apt/apt_fail_noarg/Output/linux/outp_install.out
  stderr       : /home/pi/actions-runner/_work/thin-edge.io/thin-edge.io/tests/PySys/plugin_apt/apt_fail_noarg/Output/linux/outp_install.err
  environment  : LD_LIBRARY_PATH=/usr/lib
  environment  : PATH=/bin:/usr/bin:/usr/sbin:/usr/local/bin
                   #1  /bin
                   #2  /usr/bin
                   #3  /usr/sbin
                   #4  /usr/local/bin
11:15:36 DEBUG Waiting up to 600 secs for process sudo&lt;outp_install&gt; (pid 6045)
11:15:36 WARN  Executed sudo&lt;outp_install&gt;, exit status 2
11:15:36 DEBUG Opening file using encoding=UTF-8: /home/pi/actions-runner/_work/thin-edge.io/thin-edge.io/tests/PySys/plugin_apt/apt_fail_noarg/Output/linux/outp_install.err
11:15:36 INFO  Contents of outp_install.err: 
11:15:36 INFO    error: The following required arguments were not provided:
11:15:36 INFO        &lt;MODULE&gt;
11:15:36 INFO    USAGE:
11:15:36 INFO        apt install [OPTIONS] &lt;MODULE&gt;
11:15:36 INFO    For more information try --help
11:15:36 INFO    -----
11:15:36 INFO  
11:15:36 WARN  sudo&lt;outp_install&gt; returned exit code 2 (expected ==1) ... blocked [environment_apt_plugin.py:70,run.py:20]
11:15:36 WARN  Aborted test due to BLOCKED outcome
11:15:36 DEBUG --- test cleanup
11:15:36 DEBUG ProcessUser cleanup function done.
11:15:36 INFO  
11:15:36 INFO  Test duration: 1.12 secs
11:15:36 INFO  Test final outcome:  BLOCKED
11:15:36 INFO  Test outcome reason: sudo&lt;outp_install&gt; returned exit code 2 (expected ==1)
11:15:36 INFO  
</system-out>
	</testcase>
</testsuite><testsuite name="apt_finalize" tests="2" errors="0" failures="0" skipped="0" time="0"><testcase classname="AptPluginFinalize" name="apt_finalize" />
<testcase classname="AptPluginFinalize" name="apt_finalize" />
</testsuite><testsuite name="apt_install" tests="2" errors="0" failures="0" skipped="0" time="0"><testcase classname="AptPluginInstallDense" name="apt_install" />
<testcase classname="AptPluginInstallDense" name="apt_install" />
</testsuite><testsuite name="apt_install_fail" tests="2" errors="0" failures="0" skipped="0" time="0"><testcase classname="AptPluginInstallFail" name="apt_install_fail" />
<testcase classname="AptPluginInstallFail" name="apt_install_fail" />
</testsuite><testsuite name="apt_install_local_file" tests="2" errors="0" failures="0" skipped="0" time="0"><testcase classname="AptPluginInstallFromLocalFile" name="apt_install_local_file" />
<testcase classname="AptPluginInstallFromLocalFile" name="apt_install_local_file" />
</testsuite><testsuite name="apt_install_local_file_fail" tests="2" errors="0" failures="0" skipped="0" time="0"><testcase classname="AptPluginInstallFromLocalFileFail" name="apt_install_local_file_fail" />
<testcase classname="AptPluginInstallFromLocalFileFail" name="apt_install_local_file_fail" />
</testsuite><testsuite name="apt_install_local_file_with_version" tests="2" errors="0" failures="0" skipped="0" time="0"><testcase classname="AptPluginInstallFromLocalFileWithVersion" name="apt_install_local_file_with_version" />
<testcase classname="AptPluginInstallFromLocalFileWithVersion" name="apt_install_local_file_with_version" />
</testsuite><testsuite name="apt_install_local_file_with_version_fail" tests="2" errors="0" failures="0" skipped="0" time="0"><testcase classname="AptPluginInstallFromLocalFileWithVersionFail" name="apt_install_local_file_with_version_fail" />
<testcase classname="AptPluginInstallFromLocalFileWithVersionFail" name="apt_install_local_file_with_version_fail" />
</testsuite><testsuite name="apt_list_format" tests="2" errors="0" failures="0" skipped="0" time="0"><testcase classname="AptPluginListFormat" name="apt_list_format" />
<testcase classname="AptPluginListFormat" name="apt_list_format" />
</testsuite><testsuite name="apt_prepare" tests="2" errors="0" failures="0" skipped="0" time="0"><testcase classname="AptPluginPrepare" name="apt_prepare" />
<testcase classname="AptPluginPrepare" name="apt_prepare" />
</testsuite><testsuite name="apt_prepare_install_finalize" tests="2" errors="0" failures="0" skipped="0" time="0"><testcase classname="AptPluginPrepareInstallFinalize" name="apt_prepare_install_finalize" />
<testcase classname="AptPluginPrepareInstallFinalize" name="apt_prepare_install_finalize" />
</testsuite><testsuite name="apt_remove" tests="2" errors="0" failures="0" skipped="0" time="0"><testcase classname="AptPluginRemoveDense" name="apt_remove" />
<testcase classname="AptPluginRemoveDense" name="apt_remove" />
</testsuite><testsuite name="apt_remove_fail" tests="2" errors="0" failures="0" skipped="0" time="0"><testcase classname="AptPluginRemoveFails" name="apt_remove_fail" />
<testcase classname="AptPluginRemoveFails" name="apt_remove_fail" />
</testsuite><testsuite name="apt_sequence_install_with_version" tests="2" errors="0" failures="0" skipped="0" time="0"><testcase classname="AptPluginPrepInstallWithVersionFinalize" name="apt_sequence_install_with_version" />
<testcase classname="AptPluginPrepInstallWithVersionFinalize" name="apt_sequence_install_with_version" />
</testsuite><testsuite name="apt_sequence_install_with_version_fail" tests="2" errors="0" failures="0" skipped="0" time="0"><testcase classname="AptPluginInstallWithVersionFails" name="apt_sequence_install_with_version_fail" />
<testcase classname="AptPluginInstallWithVersionFails" name="apt_sequence_install_with_version_fail" />
</testsuite><testsuite name="apt_sequence_remove" tests="2" errors="0" failures="0" skipped="0" time="0"><testcase classname="AptPluginInstallPrepareRemoveFinalize" name="apt_sequence_remove" />
<testcase classname="AptPluginInstallPrepareRemoveFinalize" name="apt_sequence_remove" />
</testsuite><testsuite name="apt_sequence_remove_with_version" tests="2" errors="0" failures="0" skipped="0" time="0"><testcase classname="AptPluginRemoveWithVersion" name="apt_sequence_remove_with_version" />
<testcase classname="AptPluginRemoveWithVersion" name="apt_sequence_remove_with_version" />
</testsuite><testsuite name="apt_sequence_remove_with_version_fail" tests="2" errors="0" failures="0" skipped="0" time="0"><testcase classname="AptPluginRemoveWithVersionFails" name="apt_sequence_remove_with_version_fail" />
<testcase classname="AptPluginRemoveWithVersionFails" name="apt_sequence_remove_with_version_fail" />
</testsuite><testsuite name="apt_update_list" tests="2" errors="0" failures="0" skipped="0" time="0"><testcase classname="AptPluginUpdateList" name="apt_update_list" />
<testcase classname="AptPluginUpdateList" name="apt_update_list" />
</testsuite><testsuite name="apt_wrong_option" tests="2" errors="0" failures="1" skipped="0" time="0"><testcase classname="AptPluginWrongOption" name="apt_wrong_option" />
<testcase classname="AptPluginWrongOption" name="apt_wrong_option">
		<failure message="BLOCKED: sudo&lt;outp&gt; returned exit code 2 (expected ==1)" type="BLOCKED" />
		<system-out>11:27:43 INFO  ==============================================================
11:27:43 INFO  Id:    apt_wrong_option
11:27:43 INFO  Dir:   plugin_apt/
11:27:43 INFO  Title: Validate apt plugin install
11:27:43 DEBUG Execution order hint: 0.0
11:27:43 INFO  ==============================================================
11:27:43 DEBUG --- test execute
11:27:43 DEBUG Process parameters for sudo&lt;outp&gt;
  command line : /usr/bin/sudo /etc/tedge/sm-plugins/apt nonsense
    arg #1     : /etc/tedge/sm-plugins/apt
    arg #2     : nonsense
  working dir  : /home/pi/actions-runner/_work/thin-edge.io/thin-edge.io/tests/PySys/plugin_apt/apt_wrong_option/Output/linux
  stdout       : /home/pi/actions-runner/_work/thin-edge.io/thin-edge.io/tests/PySys/plugin_apt/apt_wrong_option/Output/linux/outp.out
  stderr       : /home/pi/actions-runner/_work/thin-edge.io/thin-edge.io/tests/PySys/plugin_apt/apt_wrong_option/Output/linux/outp.err
  environment  : LD_LIBRARY_PATH=/usr/lib
  environment  : PATH=/bin:/usr/bin:/usr/sbin:/usr/local/bin
                   #1  /bin
                   #2  /usr/bin
                   #3  /usr/sbin
                   #4  /usr/local/bin
11:27:43 DEBUG Waiting up to 600 secs for process sudo&lt;outp&gt; (pid 8991)
11:27:44 WARN  Executed sudo&lt;outp&gt;, exit status 2
11:27:44 DEBUG Opening file using encoding=UTF-8: /home/pi/actions-runner/_work/thin-edge.io/thin-edge.io/tests/PySys/plugin_apt/apt_wrong_option/Output/linux/outp.err
11:27:44 INFO  Contents of outp.err: 
11:27:44 INFO    error: Found argument 'nonsense' which wasn't expected, or isn't valid in this context
11:27:44 INFO    USAGE:
11:27:44 INFO        apt &lt;SUBCOMMAND&gt;
11:27:44 INFO    For more information try --help
11:27:44 INFO    -----
11:27:44 INFO  
11:27:44 WARN  sudo&lt;outp&gt; returned exit code 2 (expected ==1) ... blocked [environment_apt_plugin.py:70,run.py:17]
11:27:44 WARN  Aborted test due to BLOCKED outcome
11:27:44 DEBUG --- test cleanup
11:27:44 DEBUG ProcessUser cleanup function done.
11:27:44 INFO  
11:27:44 INFO  Test duration: 0.36 secs
11:27:44 INFO  Test final outcome:  BLOCKED
11:27:44 INFO  Test outcome reason: sudo&lt;outp&gt; returned exit code 2 (expected ==1)
11:27:44 INFO  
</system-out>
	</testcase>
</testsuite><testsuite name="c8y_jwt_token_retrieval" tests="1" errors="0" failures="0" skipped="0" time="0"><testcase classname="ValidateJWTTokenRetrieval" name="c8y_jwt_token_retrieval" />
</testsuite><testsuite name="c8y_restart_bridge" tests="1" errors="0" failures="0" skipped="0" time="0"><testcase classname="RestartBridge" name="c8y_restart_bridge" />
</testsuite><testsuite name="call_tedge_-V" tests="1" errors="0" failures="0" skipped="0" time="0"><testcase classname="PySysTest" name="call_tedge_-V" />
</testsuite><testsuite name="call_tedge_-h" tests="1" errors="0" failures="0" skipped="0" time="0"><testcase classname="PySysTest" name="call_tedge_-h" />
</testsuite><testsuite name="call_tedge_-h_-V" tests="1" errors="0" failures="0" skipped="0" time="0"><testcase classname="PySysTest" name="call_tedge_-h_-V" />
</testsuite><testsuite name="call_tedge_config_help" tests="1" errors="0" failures="0" skipped="0" time="0"><testcase classname="PySysTest" name="call_tedge_config_help" />
</testsuite><testsuite name="call_tedge_config_list" tests="1" errors="0" failures="0" skipped="0" time="0"><testcase classname="PySysTest" name="call_tedge_config_list" />
</testsuite><testsuite name="custom_init_system" tests="1" errors="0" failures="0" skipped="0" time="0"><testcase classname="CustomInitSystem" name="custom_init_system" />
</testsuite><testsuite name="docker_plugin_finalize" tests="2" errors="0" failures="0" skipped="0" time="0"><testcase classname="DockerPluginFinalizeTest" name="docker_plugin_finalize" />
<testcase classname="DockerPluginFinalizeTest" name="docker_plugin_finalize" />
</testsuite><testsuite name="docker_plugin_install" tests="2" errors="0" failures="0" skipped="0" time="0"><testcase classname="DockerPluginInstallTest" name="docker_plugin_install" />
<testcase classname="DockerPluginInstallTest" name="docker_plugin_install" />
</testsuite><testsuite name="docker_plugin_install_with_version" tests="2" errors="0" failures="0" skipped="0" time="0"><testcase classname="DockerPluginInstallWithVersionTest" name="docker_plugin_install_with_version" />
<testcase classname="DockerPluginInstallWithVersionTest" name="docker_plugin_install_with_version" />
</testsuite><testsuite name="docker_plugin_remove" tests="2" errors="0" failures="0" skipped="0" time="0"><testcase classname="DockerPluginRemoveTest" name="docker_plugin_remove" />
<testcase classname="DockerPluginRemoveTest" name="docker_plugin_remove" />
</testsuite><testsuite name="docker_plugin_remove_with_version" tests="2" errors="0" failures="0" skipped="0" time="0"><testcase classname="DockerPluginRemoveWithVersionTest" name="docker_plugin_remove_with_version" />
<testcase classname="DockerPluginRemoveWithVersionTest" name="docker_plugin_remove_with_version" />
</testsuite><testsuite name="docker_plugin_update" tests="2" errors="0" failures="0" skipped="0" time="0"><testcase classname="DockerPluginUpdateTest" name="docker_plugin_update" />
<testcase classname="DockerPluginUpdateTest" name="docker_plugin_update" />
</testsuite><testsuite name="invalid_device_id" tests="1" errors="0" failures="0" skipped="0" time="0"><testcase classname="InvalidDeviceId" name="invalid_device_id" />
</testsuite><testsuite name="local_mqtt_pub_fail_noqos" tests="1" errors="0" failures="0" skipped="0" time="0"><testcase classname="PySysTest" name="local_mqtt_pub_fail_noqos" />
</testsuite><testsuite name="local_mqtt_pub_fail_qos0" tests="1" errors="0" failures="0" skipped="0" time="0"><testcase classname="PySysTest" name="local_mqtt_pub_fail_qos0" />
</testsuite><testsuite name="local_mqtt_pub_fail_qos1" tests="1" errors="0" failures="0" skipped="0" time="0"><testcase classname="PySysTest" name="local_mqtt_pub_fail_qos1" />
</testsuite><testsuite name="local_mqtt_pub_fail_qos2" tests="1" errors="0" failures="0" skipped="0" time="0"><testcase classname="PySysTest" name="local_mqtt_pub_fail_qos2" />
</testsuite><testsuite name="local_mqtt_pub_sub" tests="1" errors="0" failures="0" skipped="0" time="0"><testcase classname="PySysTest" name="local_mqtt_pub_sub" />
</testsuite><testsuite name="local_mqtt_pub_sub_retain" tests="1" errors="0" failures="0" skipped="0" time="0"><testcase classname="MqttPublishWithRetain" name="local_mqtt_pub_sub_retain" />
</testsuite><testsuite name="local_mqtt_pub_sub_with_sudo" tests="1" errors="0" failures="0" skipped="0" time="0"><testcase classname="PySysTest" name="local_mqtt_pub_sub_with_sudo" />
</testsuite><testsuite name="local_mqtt_sub_fail" tests="1" errors="0" failures="0" skipped="0" time="0"><testcase classname="PySysTest" name="local_mqtt_sub_fail" />
</testsuite><testsuite name="log_request_error_messages" tests="1" errors="0" failures="0" skipped="0" time="0"><testcase classname="LogRequestVerifySearchTextError" name="log_request_error_messages" />
</testsuite><testsuite name="log_request_num_lines" tests="1" errors="0" failures="0" skipped="0" time="0"><testcase classname="LogRequestVerifyNumberOfLines" name="log_request_num_lines" />
</testsuite><testsuite name="mapper_awaits_before_reconnect" tests="1" errors="0" failures="0" skipped="0" time="0"><testcase classname="MapperReconnectAwait" name="mapper_awaits_before_reconnect" />
</testsuite><testsuite name="monitoring_smaller_interval" tests="1" errors="0" failures="0" skipped="0" time="0"><testcase classname="MonitoringSmallInterval" name="monitoring_smaller_interval" />
</testsuite><testsuite name="monitoring_with_collectd" tests="1" errors="0" failures="0" skipped="0" time="0"><testcase classname="MonitoringWithCollectd" name="monitoring_with_collectd" />
</testsuite><testsuite name="monitoring_with_simulated_messages" tests="1" errors="0" failures="0" skipped="0" time="0"><testcase classname="MonitoringWithSimulatedMessages" name="monitoring_with_simulated_messages" />
</testsuite><testsuite name="mqtt_port_change_connection_fails" tests="1" errors="0" failures="0" skipped="0" time="0"><testcase classname="MqttPortChangeConnectionFails" name="mqtt_port_change_connection_fails" />
</testsuite><testsuite name="mqtt_port_change_connection_works" tests="1" errors="0" failures="0" skipped="0" time="0"><testcase classname="MqttPortChangeConnectionWorks" name="mqtt_port_change_connection_works" />
</testsuite><testsuite name="mqtt_port_set" tests="1" errors="0" failures="0" skipped="0" time="0"><testcase classname="MqttPortSet" name="mqtt_port_set" />
</testsuite><testsuite name="mqtt_port_unset" tests="1" errors="0" failures="0" skipped="0" time="0"><testcase classname="MqttPortUnSet" name="mqtt_port_unset" />
</testsuite><testsuite name="publish_flux" tests="1" errors="0" failures="0" skipped="0" time="0"><testcase classname="PublishFlux" name="publish_flux" />
</testsuite><testsuite name="publish_sawmill" tests="1" errors="0" failures="0" skipped="0" time="0"><testcase classname="PublishSawmill" name="publish_sawmill" />
</testsuite><testsuite name="pysys_block" tests="1" errors="0" failures="0" skipped="0" time="0"><testcase classname="Fail" name="pysys_block" />
</testsuite><testsuite name="pysys_fail" tests="1" errors="0" failures="0" skipped="0" time="0"><testcase classname="Fail" name="pysys_fail" />
</testsuite><testsuite name="runtime_start_two_mappers" tests="1" errors="0" failures="0" skipped="0" time="0"><testcase classname="RuntimeMultiMappers" name="runtime_start_two_mappers" />
</testsuite><testsuite name="sm_tedge_mapper_init_session" tests="1" errors="0" failures="0" skipped="0" time="0"><testcase classname="TedgeSMMapperInitSession" name="sm_tedge_mapper_init_session" />
</testsuite><testsuite name="smoketest_json" tests="1" errors="0" failures="0" skipped="0" time="0"><testcase classname="SmokeTestJson" name="smoketest_json" />
</testsuite><testsuite name="smoketest_json_400_samples_10ms" tests="1" errors="0" failures="0" skipped="0" time="0"><testcase classname="SmoketestJson400Samples10ms" name="smoketest_json_400_samples_10ms" />
</testsuite><testsuite name="smoketest_json_400_samples_20ms" tests="1" errors="0" failures="0" skipped="0" time="0"><testcase classname="SmoketestJson400Samples20ms" name="smoketest_json_400_samples_20ms" />
</testsuite><testsuite name="smoketest_smartrest" tests="1" errors="0" failures="0" skipped="0" time="0"><testcase classname="SmoketestSmartRest" name="smoketest_smartrest" />
</testsuite><testsuite name="smoketest_smartrest_400_samples_1Xms" tests="1" errors="0" failures="0" skipped="0" time="0"><testcase classname="SmoketestSmartRest400Samples1Xms" name="smoketest_smartrest_400_samples_1Xms" />
</testsuite><testsuite name="smoketest_smartrest_400_samples_20ms" tests="1" errors="0" failures="0" skipped="0" time="0"><testcase classname="SmoketestSmartRest400Samples20ms" name="smoketest_smartrest_400_samples_20ms" />
</testsuite><testsuite name="tedge_agent_user_sudo_access" tests="1" errors="0" failures="0" skipped="0" time="0"><testcase classname="TedgeAgentUserSudoAccess" name="tedge_agent_user_sudo_access" />
</testsuite><testsuite name="tedge_connect_test_negative" tests="1" errors="0" failures="0" skipped="0" time="0"><testcase classname="TedgeConnectTestNegative" name="tedge_connect_test_negative" />
</testsuite><testsuite name="tedge_connect_test_positive" tests="1" errors="0" failures="0" skipped="0" time="0"><testcase classname="TedgeConnectTestPositive" name="tedge_connect_test_positive" />
</testsuite><testsuite name="tedge_connect_test_sm_services" tests="1" errors="0" failures="0" skipped="0" time="0"><testcase classname="TedgeConnectTestSMServices" name="tedge_connect_test_sm_services" />
</testsuite><testsuite name="tedge_disconnect_test_sm_services" tests="1" errors="0" failures="0" skipped="0" time="0"><testcase classname="TedgeDisConnectTestSMServices" name="tedge_disconnect_test_sm_services" />
</testsuite><testsuite name="tedge_mapper_az_negative" tests="1" errors="0" failures="0" skipped="0" time="0"><testcase classname="TedgeMapperAzError" name="tedge_mapper_az_negative" />
</testsuite><testsuite name="tedge_mapper_az_with_timestamp" tests="1" errors="0" failures="0" skipped="0" time="0"><testcase classname="TedgeMapperAzWithTimestamp" name="tedge_mapper_az_with_timestamp" />
</testsuite><testsuite name="tedge_mapper_az_without_timestamp" tests="1" errors="0" failures="0" skipped="0" time="0"><testcase classname="TedgeMapperAzWithoutTimestamp" name="tedge_mapper_az_without_timestamp" />
</testsuite><testsuite name="tedge_mapper_c8y_alarms" tests="1" errors="0" failures="0" skipped="0" time="0"><testcase classname="TedgeMapperC8yAlarm" name="tedge_mapper_c8y_alarms" />
</testsuite><testsuite name="tedge_mapper_c8y_child_device_measurement" tests="1" errors="0" failures="0" skipped="0" time="0"><testcase classname="TedgeMapperC8yChildDevice" name="tedge_mapper_c8y_child_device_measurement" />
</testsuite><testsuite name="tedge_mapper_c8y_negative" tests="1" errors="0" failures="0" skipped="0" time="0"><testcase classname="TedgeMapperC8y" name="tedge_mapper_c8y_negative" />
</testsuite><testsuite name="tedge_mapper_c8y_packet_threshold_size" tests="1" errors="0" failures="0" skipped="0" time="0"><testcase classname="TedgeMapperC8yThresholdPacketSize" name="tedge_mapper_c8y_packet_threshold_size" />
</testsuite><testsuite name="tedge_mapper_c8y_positive" tests="1" errors="0" failures="0" skipped="0" time="0"><testcase classname="TedgeMapperC8y" name="tedge_mapper_c8y_positive" />
</testsuite><testsuite name="tedge_software_update" tests="1" errors="0" failures="0" skipped="0" time="0"><testcase classname="PySysTest" name="tedge_software_update" />
</testsuite><testsuite name="valid_device_id" tests="1" errors="0" failures="0" skipped="0" time="0"><testcase classname="ValidateValidDeviceId" name="valid_device_id" />
</testsuite></testsuites>