<?xml version='1.0' encoding='utf-8'?>
<testsuites tests="151" failures="20" errors="0" skipped="47" time="0.0"><testsuite name="SoftwareManagement.Plugin.apama_plugin_install" tests="3" errors="0" failures="0" skipped="1" time="0"><testcase classname="ApamaPluginInstallTest" name="SoftwareManagement.Plugin.apama_plugin_install">
		<skipped message="SKIPPED: Apama plugin tests are disabled by default. Execute `pysys run` with `-XmyPlatform=container` to run these tests" />
		<system-out>09:43:47 DEBUG deletedir failed to update permissions and delete /home/pi/actions-runner/_work/thin-edge.io/thin-edge.io/tests/PySys/plugin_apama/apama_plugin_install/Output/linux on this attempt: [Errno 2] No such file or directory: '/home/pi/actions-runner/_work/thin-edge.io/thin-edge.io/tests/PySys/plugin_apama/apama_plugin_install/Output/linux'
09:43:47 INFO  ==============================================================
09:43:47 INFO  Id:    SoftwareManagement.Plugin.apama_plugin_install
09:43:47 INFO  Dir:   plugin_apama/
09:43:47 INFO  Title: Validate apama plugin install
09:43:47 DEBUG Execution order hint: 0.0
09:43:47 INFO  ==============================================================
09:43:47 INFO  Apama plugin tests are disabled by default. Execute `pysys run` with `-XmyPlatform=container` to run these tests ... skipped
09:43:47 WARN  Aborted test due to SKIPPED outcome
09:43:47 DEBUG --- test cleanup
09:43:47 DEBUG ProcessUser cleanup function done.
09:43:47 INFO  
09:43:47 INFO  Test duration: 0.05 secs
09:43:47 INFO  Test final outcome:  SKIPPED
09:43:47 INFO  Test outcome reason: Apama plugin tests are disabled by default. Execute `pysys run` with `-XmyPlatform=container` to run these tests
09:43:47 INFO  
</system-out>
	</testcase>
<testcase classname="ApamaPluginInstallTest" name="SoftwareManagement.Plugin.apama_plugin_install" />
<testcase classname="ApamaPluginInstallTest" name="SoftwareManagement.Plugin.apama_plugin_install" />
</testsuite><testsuite name="SoftwareManagement.Plugin.apama_plugin_mon_support" tests="3" errors="0" failures="0" skipped="1" time="0"><testcase classname="ApamaPluginMonSupportTest" name="SoftwareManagement.Plugin.apama_plugin_mon_support">
		<skipped message="SKIPPED: Apama plugin tests are disabled by default. Execute `pysys run` with `-XmyPlatform=container` to run these tests" />
		<system-out>09:43:47 DEBUG deletedir failed to update permissions and delete /home/pi/actions-runner/_work/thin-edge.io/thin-edge.io/tests/PySys/plugin_apama/apama_plugin_mon_support/Output/linux on this attempt: [Errno 2] No such file or directory: '/home/pi/actions-runner/_work/thin-edge.io/thin-edge.io/tests/PySys/plugin_apama/apama_plugin_mon_support/Output/linux'
09:43:47 INFO  ==============================================================
09:43:47 INFO  Id:    SoftwareManagement.Plugin.apama_plugin_mon_support
09:43:47 INFO  Dir:   plugin_apama/
09:43:47 INFO  Title: Validate mon file support of apama plugin
09:43:47 DEBUG Execution order hint: 0.0
09:43:47 INFO  ==============================================================
09:43:47 INFO  Apama plugin tests are disabled by default. Execute `pysys run` with `-XmyPlatform=container` to run these tests ... skipped
09:43:47 WARN  Aborted test due to SKIPPED outcome
09:43:47 DEBUG --- test cleanup
09:43:47 DEBUG ProcessUser cleanup function done.
09:43:47 INFO  
09:43:47 INFO  Test duration: 0.03 secs
09:43:47 INFO  Test final outcome:  SKIPPED
09:43:47 INFO  Test outcome reason: Apama plugin tests are disabled by default. Execute `pysys run` with `-XmyPlatform=container` to run these tests
09:43:47 INFO  
</system-out>
	</testcase>
<testcase classname="ApamaPluginMonSupportTest" name="SoftwareManagement.Plugin.apama_plugin_mon_support" />
<testcase classname="ApamaPluginMonSupportTest" name="SoftwareManagement.Plugin.apama_plugin_mon_support" />
</testsuite><testsuite name="SoftwareManagement.Plugin.apama_plugin_remove" tests="3" errors="0" failures="0" skipped="1" time="0"><testcase classname="ApamaPluginRemoveTest" name="SoftwareManagement.Plugin.apama_plugin_remove">
		<skipped message="SKIPPED: Apama plugin tests are disabled by default. Execute `pysys run` with `-XmyPlatform=container` to run these tests" />
		<system-out>09:43:47 DEBUG deletedir failed to update permissions and delete /home/pi/actions-runner/_work/thin-edge.io/thin-edge.io/tests/PySys/plugin_apama/apama_plugin_remove/Output/linux on this attempt: [Errno 2] No such file or directory: '/home/pi/actions-runner/_work/thin-edge.io/thin-edge.io/tests/PySys/plugin_apama/apama_plugin_remove/Output/linux'
09:43:47 INFO  ==============================================================
09:43:47 INFO  Id:    SoftwareManagement.Plugin.apama_plugin_remove
09:43:47 INFO  Dir:   plugin_apama/
09:43:47 INFO  Title: Validate apama plugin remove
09:43:47 DEBUG Execution order hint: 0.0
09:43:47 INFO  ==============================================================
09:43:47 INFO  Apama plugin tests are disabled by default. Execute `pysys run` with `-XmyPlatform=container` to run these tests ... skipped
09:43:47 WARN  Aborted test due to SKIPPED outcome
09:43:47 DEBUG --- test cleanup
09:43:47 DEBUG ProcessUser cleanup function done.
09:43:47 INFO  
09:43:47 INFO  Test duration: 0.02 secs
09:43:47 INFO  Test final outcome:  SKIPPED
09:43:47 INFO  Test outcome reason: Apama plugin tests are disabled by default. Execute `pysys run` with `-XmyPlatform=container` to run these tests
09:43:47 INFO  
</system-out>
	</testcase>
<testcase classname="ApamaPluginRemoveTest" name="SoftwareManagement.Plugin.apama_plugin_remove" />
<testcase classname="ApamaPluginRemoveTest" name="SoftwareManagement.Plugin.apama_plugin_remove" />
</testsuite><testsuite name="SoftwareManagement.Plugin.apama_plugin_update" tests="3" errors="0" failures="2" skipped="1" time="0"><testcase classname="ApamaPluginUpdateTest" name="SoftwareManagement.Plugin.apama_plugin_update">
		<skipped message="SKIPPED: Apama plugin tests are disabled by default. Execute `pysys run` with `-XmyPlatform=container` to run these tests" />
		<system-out>09:43:48 DEBUG deletedir failed to update permissions and delete /home/pi/actions-runner/_work/thin-edge.io/thin-edge.io/tests/PySys/plugin_apama/apama_plugin_update/Output/linux on this attempt: [Errno 2] No such file or directory: '/home/pi/actions-runner/_work/thin-edge.io/thin-edge.io/tests/PySys/plugin_apama/apama_plugin_update/Output/linux'
09:43:48 INFO  ==============================================================
09:43:48 INFO  Id:    SoftwareManagement.Plugin.apama_plugin_update
09:43:48 INFO  Dir:   plugin_apama/
09:43:48 INFO  Title: Validate apama plugin updating one project with another
09:43:48 DEBUG Execution order hint: 0.0
09:43:48 INFO  ==============================================================
09:43:48 INFO  Apama plugin tests are disabled by default. Execute `pysys run` with `-XmyPlatform=container` to run these tests ... skipped
09:43:48 WARN  Aborted test due to SKIPPED outcome
09:43:48 DEBUG --- test cleanup
09:43:48 DEBUG ProcessUser cleanup function done.
09:43:48 INFO  
09:43:48 INFO  Test duration: 0.02 secs
09:43:48 INFO  Test final outcome:  SKIPPED
09:43:48 INFO  Test outcome reason: Apama plugin tests are disabled by default. Execute `pysys run` with `-XmyPlatform=container` to run these tests
09:43:48 INFO  
</system-out>
	</testcase>
<testcase classname="ApamaPluginUpdateTest" name="SoftwareManagement.Plugin.apama_plugin_update">
		<failure message="BLOCKED: sudo&lt;plugin_install&gt; returned non-zero exit code 2" type="BLOCKED" />
		<system-out>10:37:04 INFO  ==============================================================
10:37:04 INFO  Id:    SoftwareManagement.Plugin.apama_plugin_update
10:37:04 INFO  Dir:   plugin_apama/
10:37:04 INFO  Title: Validate apama plugin updating one project with another
10:37:04 DEBUG Execution order hint: 0.0
10:37:04 INFO  ==============================================================
10:37:04 INFO  Assertion that path exists=False for "/etc/tedge/apama/project" ... passed
10:37:04 DEBUG Process parameters for sudo&lt;create_project_dir&gt;
  command line : /usr/bin/sudo mkdir -p /etc/tedge/apama
    arg #1     : mkdir
    arg #2     : -p
    arg #3     : /etc/tedge/apama
  working dir  : /home/pi/actions-runner/_work/thin-edge.io/thin-edge.io/tests/PySys/plugin_apama/apama_plugin_update/Output/linux
  stdout       : /home/pi/actions-runner/_work/thin-edge.io/thin-edge.io/tests/PySys/plugin_apama/apama_plugin_update/Output/linux/create_project_dir.out
  stderr       : /home/pi/actions-runner/_work/thin-edge.io/thin-edge.io/tests/PySys/plugin_apama/apama_plugin_update/Output/linux/create_project_dir.err
  environment  : LD_LIBRARY_PATH=/usr/lib
  environment  : PATH=/bin:/usr/bin:/usr/sbin:/usr/local/bin
                   #1  /bin
                   #2  /usr/bin
                   #3  /usr/sbin
                   #4  /usr/local/bin
10:37:04 DEBUG Waiting up to 600 secs for process sudo&lt;create_project_dir&gt; (pid 29041)
10:37:05 INFO  Executed sudo&lt;create_project_dir&gt;, exit status 0
10:37:05 DEBUG Process parameters for sudo&lt;unzip_apama_project&gt;
  command line : /usr/bin/sudo unzip /home/pi/actions-runner/_work/thin-edge.io/thin-edge.io/tests/PySys/plugin_apama/Input/quickstart.zip -d /tmp/tedge_apama_project
    arg #1     : unzip
    arg #2     : /home/pi/actions-runner/_work/thin-edge.io/thin-edge.io/tests/PySys/plugin_apama/Input/quickstart.zip
    arg #3     : -d
    arg #4     : /tmp/tedge_apama_project
  working dir  : /home/pi/actions-runner/_work/thin-edge.io/thin-edge.io/tests/PySys/plugin_apama/apama_plugin_update/Output/linux
  stdout       : /home/pi/actions-runner/_work/thin-edge.io/thin-edge.io/tests/PySys/plugin_apama/apama_plugin_update/Output/linux/unzip_apama_project.out
  stderr       : /home/pi/actions-runner/_work/thin-edge.io/thin-edge.io/tests/PySys/plugin_apama/apama_plugin_update/Output/linux/unzip_apama_project.err
  environment  : LD_LIBRARY_PATH=/usr/lib
  environment  : PATH=/bin:/usr/bin:/usr/sbin:/usr/local/bin
                   #1  /bin
                   #2  /usr/bin
                   #3  /usr/sbin
                   #4  /usr/local/bin
10:37:05 DEBUG Waiting up to 600 secs for process sudo&lt;unzip_apama_project&gt; (pid 29043)
10:37:05 INFO  Executed sudo&lt;unzip_apama_project&gt;, exit status 0
10:37:05 DEBUG Process parameters for sudo&lt;move_apama_project&gt;
  command line : /usr/bin/sudo mv /tmp/tedge_apama_project/project /etc/tedge/apama/project
    arg #1     : mv
    arg #2     : /tmp/tedge_apama_project/project
    arg #3     : /etc/tedge/apama/project
  working dir  : /home/pi/actions-runner/_work/thin-edge.io/thin-edge.io/tests/PySys/plugin_apama/apama_plugin_update/Output/linux
  stdout       : /home/pi/actions-runner/_work/thin-edge.io/thin-edge.io/tests/PySys/plugin_apama/apama_plugin_update/Output/linux/move_apama_project.out
  stderr       : /home/pi/actions-runner/_work/thin-edge.io/thin-edge.io/tests/PySys/plugin_apama/apama_plugin_update/Output/linux/move_apama_project.err
  environment  : LD_LIBRARY_PATH=/usr/lib
  environment  : PATH=/bin:/usr/bin:/usr/sbin:/usr/local/bin
                   #1  /bin
                   #2  /usr/bin
                   #3  /usr/sbin
                   #4  /usr/local/bin
10:37:05 DEBUG Waiting up to 600 secs for process sudo&lt;move_apama_project&gt; (pid 29045)
10:37:06 INFO  Executed sudo&lt;move_apama_project&gt;, exit status 0
10:37:06 DEBUG Process parameters for sudo&lt;restart_apama_service&gt;
  command line : /usr/bin/sudo service apama restart
    arg #1     : service
    arg #2     : apama
    arg #3     : restart
  working dir  : /home/pi/actions-runner/_work/thin-edge.io/thin-edge.io/tests/PySys/plugin_apama/apama_plugin_update/Output/linux
  stdout       : /home/pi/actions-runner/_work/thin-edge.io/thin-edge.io/tests/PySys/plugin_apama/apama_plugin_update/Output/linux/restart_apama_service.out
  stderr       : /home/pi/actions-runner/_work/thin-edge.io/thin-edge.io/tests/PySys/plugin_apama/apama_plugin_update/Output/linux/restart_apama_service.err
  environment  : LD_LIBRARY_PATH=/usr/lib
  environment  : PATH=/bin:/usr/bin:/usr/sbin:/usr/local/bin
                   #1  /bin
                   #2  /usr/bin
                   #3  /usr/sbin
                   #4  /usr/local/bin
10:37:06 DEBUG Waiting up to 600 secs for process sudo&lt;restart_apama_service&gt; (pid 29047)
10:37:07 INFO  Executed sudo&lt;restart_apama_service&gt;, exit status 0
10:37:07 DEBUG Process parameters for sudo&lt;apama_correlator_wait&gt;
  command line : /usr/bin/sudo /opt/softwareag/Apama/bin/apama_env component_management --port 15903 --waitFor 5
    arg #1     : /opt/softwareag/Apama/bin/apama_env
    arg #2     : component_management
    arg #3     : --port
    arg #4     : 15903
    arg #5     : --waitFor
    arg #6     : 5
  working dir  : /home/pi/actions-runner/_work/thin-edge.io/thin-edge.io/tests/PySys/plugin_apama/apama_plugin_update/Output/linux
  stdout       : /home/pi/actions-runner/_work/thin-edge.io/thin-edge.io/tests/PySys/plugin_apama/apama_plugin_update/Output/linux/apama_correlator_wait.out
  stderr       : /home/pi/actions-runner/_work/thin-edge.io/thin-edge.io/tests/PySys/plugin_apama/apama_plugin_update/Output/linux/apama_correlator_wait.err
  environment  : LD_LIBRARY_PATH=/usr/lib
  environment  : PATH=/bin:/usr/bin:/usr/sbin:/usr/local/bin
                   #1  /bin
                   #2  /usr/bin
                   #3  /usr/sbin
                   #4  /usr/local/bin
10:37:07 DEBUG Waiting up to 600 secs for process sudo&lt;apama_correlator_wait&gt; (pid 29066)
10:37:08 INFO  Executed sudo&lt;apama_correlator_wait&gt;, exit status 0
10:37:08 INFO  Assertion that path exists=True for "/etc/tedge/apama/project" ... passed
10:37:08 DEBUG Process parameters for sudo&lt;apama_list_monitors&gt;
  command line : /usr/bin/sudo /opt/softwareag/Apama/bin/apama_env engine_inspect -m -r
    arg #1     : /opt/softwareag/Apama/bin/apama_env
    arg #2     : engine_inspect
    arg #3     : -m
    arg #4     : -r
  working dir  : /home/pi/actions-runner/_work/thin-edge.io/thin-edge.io/tests/PySys/plugin_apama/apama_plugin_update/Output/linux
  stdout       : /home/pi/actions-runner/_work/thin-edge.io/thin-edge.io/tests/PySys/plugin_apama/apama_plugin_update/Output/linux/apama_list_monitors.out
  stderr       : /home/pi/actions-runner/_work/thin-edge.io/thin-edge.io/tests/PySys/plugin_apama/apama_plugin_update/Output/linux/apama_list_monitors.err
  environment  : LD_LIBRARY_PATH=/usr/lib
  environment  : PATH=/bin:/usr/bin:/usr/sbin:/usr/local/bin
                   #1  /bin
                   #2  /usr/bin
                   #3  /usr/sbin
                   #4  /usr/local/bin
10:37:08 DEBUG Waiting up to 600 secs for process sudo&lt;apama_list_monitors&gt; (pid 29107)
10:37:08 INFO  Executed sudo&lt;apama_list_monitors&gt;, exit status 0
10:37:08 DEBUG Performing regex contains=True grep on file: /home/pi/actions-runner/_work/thin-edge.io/thin-edge.io/tests/PySys/plugin_apama/apama_plugin_update/Output/linux/apama_list_monitors.out
10:37:08 DEBUG Grep on file /home/pi/actions-runner/_work/thin-edge.io/thin-edge.io/tests/PySys/plugin_apama/apama_plugin_update/Output/linux/apama_list_monitors.out successfully matched expression "TedgeDemoMonitor" with line: 'TedgeDemoMonitor 1\n'
10:37:08 INFO  Grep on file /home/pi/actions-runner/_work/thin-edge.io/thin-edge.io/tests/PySys/plugin_apama/apama_plugin_update/Output/linux/apama_list_monitors.out ... passed
10:37:08 DEBUG --- test execute
10:37:08 DEBUG Process parameters for sudo&lt;plugin_install&gt;
  command line : /usr/bin/sudo /etc/tedge/sm-plugins/apama install LimitedBandwidth::project --file /home/pi/actions-runner/_work/thin-edge.io/thin-edge.io/tests/PySys/plugin_apama/Input/limitedbandwidth.zip
    arg #1     : /etc/tedge/sm-plugins/apama
    arg #2     : install
    arg #3     : LimitedBandwidth::project
    arg #4     : --file
    arg #5     : /home/pi/actions-runner/_work/thin-edge.io/thin-edge.io/tests/PySys/plugin_apama/Input/limitedbandwidth.zip
  working dir  : /home/pi/actions-runner/_work/thin-edge.io/thin-edge.io/tests/PySys/plugin_apama/apama_plugin_update/Output/linux
  stdout       : /home/pi/actions-runner/_work/thin-edge.io/thin-edge.io/tests/PySys/plugin_apama/apama_plugin_update/Output/linux/plugin_install.out
  stderr       : /home/pi/actions-runner/_work/thin-edge.io/thin-edge.io/tests/PySys/plugin_apama/apama_plugin_update/Output/linux/plugin_install.err
  environment  : LD_LIBRARY_PATH=/usr/lib
  environment  : PATH=/bin:/usr/bin:/usr/sbin:/usr/local/bin
                   #1  /bin
                   #2  /usr/bin
                   #3  /usr/sbin
                   #4  /usr/local/bin
10:37:08 DEBUG Waiting up to 600 secs for process sudo&lt;plugin_install&gt; (pid 29127)
10:37:09 WARN  Executed sudo&lt;plugin_install&gt;, exit status 2
10:37:09 DEBUG Opening file using encoding=UTF-8: /home/pi/actions-runner/_work/thin-edge.io/thin-edge.io/tests/PySys/plugin_apama/apama_plugin_update/Output/linux/plugin_install.err
10:37:09 INFO  Contents of plugin_install.err: 
  ERROR: Directory not empty (os error 39)
  -----

10:37:09 WARN  sudo&lt;plugin_install&gt; returned non-zero exit code 2 ... blocked [run.py:35]
10:37:09 WARN  Aborted test due to BLOCKED outcome
10:37:09 DEBUG --- test cleanup
10:37:09 INFO  
10:37:09 INFO  cleanup:
10:37:09 DEBUG Running registered cleanup function: &lt;bound method ApamaPlugin.cleanup_project of &lt;ApamaPluginUpdateTest object at 0x76028450&gt;&gt;
10:37:09 INFO  Removing apama project
10:37:09 DEBUG Process parameters for sudo&lt;stop_apama_service&gt;
  command line : /usr/bin/sudo service apama stop
    arg #1     : service
    arg #2     : apama
    arg #3     : stop
  working dir  : /home/pi/actions-runner/_work/thin-edge.io/thin-edge.io/tests/PySys/plugin_apama/apama_plugin_update/Output/linux
  stdout       : /home/pi/actions-runner/_work/thin-edge.io/thin-edge.io/tests/PySys/plugin_apama/apama_plugin_update/Output/linux/stop_apama_service.out
  stderr       : /home/pi/actions-runner/_work/thin-edge.io/thin-edge.io/tests/PySys/plugin_apama/apama_plugin_update/Output/linux/stop_apama_service.err
  environment  : LD_LIBRARY_PATH=/usr/lib
  environment  : PATH=/bin:/usr/bin:/usr/sbin:/usr/local/bin
                   #1  /bin
                   #2  /usr/bin
                   #3  /usr/sbin
                   #4  /usr/local/bin
10:37:09 DEBUG Waiting up to 600 secs for process sudo&lt;stop_apama_service&gt; (pid 29129)
10:37:25 INFO  Executed sudo&lt;stop_apama_service&gt;, exit status 0, duration 15 secs
10:37:25 DEBUG Process parameters for sudo&lt;remove_apama_project&gt;
  command line : /usr/bin/sudo rm -rf /etc/tedge/apama/project
    arg #1     : rm
    arg #2     : -rf
    arg #3     : /etc/tedge/apama/project
  working dir  : /home/pi/actions-runner/_work/thin-edge.io/thin-edge.io/tests/PySys/plugin_apama/apama_plugin_update/Output/linux
  stdout       : /home/pi/actions-runner/_work/thin-edge.io/thin-edge.io/tests/PySys/plugin_apama/apama_plugin_update/Output/linux/remove_apama_project.out
  stderr       : /home/pi/actions-runner/_work/thin-edge.io/thin-edge.io/tests/PySys/plugin_apama/apama_plugin_update/Output/linux/remove_apama_project.err
  environment  : LD_LIBRARY_PATH=/usr/lib
  environment  : PATH=/bin:/usr/bin:/usr/sbin:/usr/local/bin
                   #1  /bin
                   #2  /usr/bin
                   #3  /usr/sbin
                   #4  /usr/local/bin
10:37:25 DEBUG Waiting up to 600 secs for process sudo&lt;remove_apama_project&gt; (pid 29160)
10:37:25 INFO  Executed sudo&lt;remove_apama_project&gt;, exit status 0
10:37:25 DEBUG Process parameters for sudo&lt;remove_apama_tmp_dir&gt;
  command line : /usr/bin/sudo rm -rf /tmp/tedge_apama_project
    arg #1     : rm
    arg #2     : -rf
    arg #3     : /tmp/tedge_apama_project
  working dir  : /home/pi/actions-runner/_work/thin-edge.io/thin-edge.io/tests/PySys/plugin_apama/apama_plugin_update/Output/linux
  stdout       : /home/pi/actions-runner/_work/thin-edge.io/thin-edge.io/tests/PySys/plugin_apama/apama_plugin_update/Output/linux/remove_apama_tmp_dir.out
  stderr       : /home/pi/actions-runner/_work/thin-edge.io/thin-edge.io/tests/PySys/plugin_apama/apama_plugin_update/Output/linux/remove_apama_tmp_dir.err
  environment  : LD_LIBRARY_PATH=/usr/lib
  environment  : PATH=/bin:/usr/bin:/usr/sbin:/usr/local/bin
                   #1  /bin
                   #2  /usr/bin
                   #3  /usr/sbin
                   #4  /usr/local/bin
10:37:25 DEBUG Waiting up to 600 secs for process sudo&lt;remove_apama_tmp_dir&gt; (pid 29162)
10:37:26 INFO  Executed sudo&lt;remove_apama_tmp_dir&gt;, exit status 0
10:37:26 DEBUG ProcessUser cleanup function done.
10:37:26 INFO  
10:37:26 INFO  Test duration: 21.62 secs
10:37:26 INFO  Test final outcome:  BLOCKED
10:37:26 INFO  Test outcome reason: sudo&lt;plugin_install&gt; returned non-zero exit code 2
10:37:26 INFO  
</system-out>
	</testcase>
<testcase classname="ApamaPluginUpdateTest" name="SoftwareManagement.Plugin.apama_plugin_update">
		<failure message="BLOCKED: sudo&lt;plugin_install&gt; returned non-zero exit code 2" type="BLOCKED" />
		<system-out>10:43:47 INFO  ==============================================================
10:43:47 INFO  Id:    SoftwareManagement.Plugin.apama_plugin_update
10:43:47 INFO  Dir:   plugin_apama/
10:43:47 INFO  Title: Validate apama plugin updating one project with another
10:43:47 DEBUG Execution order hint: 0.0
10:43:47 INFO  ==============================================================
10:43:47 INFO  Assertion that path exists=False for "/etc/tedge/apama/project" ... passed
10:43:47 DEBUG Process parameters for sudo&lt;create_project_dir&gt;
  command line : /usr/bin/sudo mkdir -p /etc/tedge/apama
    arg #1     : mkdir
    arg #2     : -p
    arg #3     : /etc/tedge/apama
  working dir  : /home/pi/actions-runner/_work/thin-edge.io/thin-edge.io/tests/PySys/plugin_apama/apama_plugin_update/Output/linux
  stdout       : /home/pi/actions-runner/_work/thin-edge.io/thin-edge.io/tests/PySys/plugin_apama/apama_plugin_update/Output/linux/create_project_dir.out
  stderr       : /home/pi/actions-runner/_work/thin-edge.io/thin-edge.io/tests/PySys/plugin_apama/apama_plugin_update/Output/linux/create_project_dir.err
  environment  : LD_LIBRARY_PATH=/usr/lib
  environment  : PATH=/bin:/usr/bin:/usr/sbin:/usr/local/bin
                   #1  /bin
                   #2  /usr/bin
                   #3  /usr/sbin
                   #4  /usr/local/bin
10:43:47 DEBUG Waiting up to 600 secs for process sudo&lt;create_project_dir&gt; (pid 32166)
10:43:48 INFO  Executed sudo&lt;create_project_dir&gt;, exit status 0
10:43:48 DEBUG Process parameters for sudo&lt;unzip_apama_project&gt;
  command line : /usr/bin/sudo unzip /home/pi/actions-runner/_work/thin-edge.io/thin-edge.io/tests/PySys/plugin_apama/Input/quickstart.zip -d /tmp/tedge_apama_project
    arg #1     : unzip
    arg #2     : /home/pi/actions-runner/_work/thin-edge.io/thin-edge.io/tests/PySys/plugin_apama/Input/quickstart.zip
    arg #3     : -d
    arg #4     : /tmp/tedge_apama_project
  working dir  : /home/pi/actions-runner/_work/thin-edge.io/thin-edge.io/tests/PySys/plugin_apama/apama_plugin_update/Output/linux
  stdout       : /home/pi/actions-runner/_work/thin-edge.io/thin-edge.io/tests/PySys/plugin_apama/apama_plugin_update/Output/linux/unzip_apama_project.out
  stderr       : /home/pi/actions-runner/_work/thin-edge.io/thin-edge.io/tests/PySys/plugin_apama/apama_plugin_update/Output/linux/unzip_apama_project.err
  environment  : LD_LIBRARY_PATH=/usr/lib
  environment  : PATH=/bin:/usr/bin:/usr/sbin:/usr/local/bin
                   #1  /bin
                   #2  /usr/bin
                   #3  /usr/sbin
                   #4  /usr/local/bin
10:43:48 DEBUG Waiting up to 600 secs for process sudo&lt;unzip_apama_project&gt; (pid 32168)
10:43:48 INFO  Executed sudo&lt;unzip_apama_project&gt;, exit status 0
10:43:48 DEBUG Process parameters for sudo&lt;move_apama_project&gt;
  command line : /usr/bin/sudo mv /tmp/tedge_apama_project/project /etc/tedge/apama/project
    arg #1     : mv
    arg #2     : /tmp/tedge_apama_project/project
    arg #3     : /etc/tedge/apama/project
  working dir  : /home/pi/actions-runner/_work/thin-edge.io/thin-edge.io/tests/PySys/plugin_apama/apama_plugin_update/Output/linux
  stdout       : /home/pi/actions-runner/_work/thin-edge.io/thin-edge.io/tests/PySys/plugin_apama/apama_plugin_update/Output/linux/move_apama_project.out
  stderr       : /home/pi/actions-runner/_work/thin-edge.io/thin-edge.io/tests/PySys/plugin_apama/apama_plugin_update/Output/linux/move_apama_project.err
  environment  : LD_LIBRARY_PATH=/usr/lib
  environment  : PATH=/bin:/usr/bin:/usr/sbin:/usr/local/bin
                   #1  /bin
                   #2  /usr/bin
                   #3  /usr/sbin
                   #4  /usr/local/bin
10:43:48 DEBUG Waiting up to 600 secs for process sudo&lt;move_apama_project&gt; (pid 32170)
10:43:49 INFO  Executed sudo&lt;move_apama_project&gt;, exit status 0
10:43:49 DEBUG Process parameters for sudo&lt;restart_apama_service&gt;
  command line : /usr/bin/sudo service apama restart
    arg #1     : service
    arg #2     : apama
    arg #3     : restart
  working dir  : /home/pi/actions-runner/_work/thin-edge.io/thin-edge.io/tests/PySys/plugin_apama/apama_plugin_update/Output/linux
  stdout       : /home/pi/actions-runner/_work/thin-edge.io/thin-edge.io/tests/PySys/plugin_apama/apama_plugin_update/Output/linux/restart_apama_service.out
  stderr       : /home/pi/actions-runner/_work/thin-edge.io/thin-edge.io/tests/PySys/plugin_apama/apama_plugin_update/Output/linux/restart_apama_service.err
  environment  : LD_LIBRARY_PATH=/usr/lib
  environment  : PATH=/bin:/usr/bin:/usr/sbin:/usr/local/bin
                   #1  /bin
                   #2  /usr/bin
                   #3  /usr/sbin
                   #4  /usr/local/bin
10:43:49 DEBUG Waiting up to 600 secs for process sudo&lt;restart_apama_service&gt; (pid 32172)
10:43:50 INFO  Executed sudo&lt;restart_apama_service&gt;, exit status 0
10:43:50 DEBUG Process parameters for sudo&lt;apama_correlator_wait&gt;
  command line : /usr/bin/sudo /opt/softwareag/Apama/bin/apama_env component_management --port 15903 --waitFor 5
    arg #1     : /opt/softwareag/Apama/bin/apama_env
    arg #2     : component_management
    arg #3     : --port
    arg #4     : 15903
    arg #5     : --waitFor
    arg #6     : 5
  working dir  : /home/pi/actions-runner/_work/thin-edge.io/thin-edge.io/tests/PySys/plugin_apama/apama_plugin_update/Output/linux
  stdout       : /home/pi/actions-runner/_work/thin-edge.io/thin-edge.io/tests/PySys/plugin_apama/apama_plugin_update/Output/linux/apama_correlator_wait.out
  stderr       : /home/pi/actions-runner/_work/thin-edge.io/thin-edge.io/tests/PySys/plugin_apama/apama_plugin_update/Output/linux/apama_correlator_wait.err
  environment  : LD_LIBRARY_PATH=/usr/lib
  environment  : PATH=/bin:/usr/bin:/usr/sbin:/usr/local/bin
                   #1  /bin
                   #2  /usr/bin
                   #3  /usr/sbin
                   #4  /usr/local/bin
10:43:50 DEBUG Waiting up to 600 secs for process sudo&lt;apama_correlator_wait&gt; (pid 32185)
10:43:50 INFO  Executed sudo&lt;apama_correlator_wait&gt;, exit status 0
10:43:50 INFO  Assertion that path exists=True for "/etc/tedge/apama/project" ... passed
10:43:50 DEBUG Process parameters for sudo&lt;apama_list_monitors&gt;
  command line : /usr/bin/sudo /opt/softwareag/Apama/bin/apama_env engine_inspect -m -r
    arg #1     : /opt/softwareag/Apama/bin/apama_env
    arg #2     : engine_inspect
    arg #3     : -m
    arg #4     : -r
  working dir  : /home/pi/actions-runner/_work/thin-edge.io/thin-edge.io/tests/PySys/plugin_apama/apama_plugin_update/Output/linux
  stdout       : /home/pi/actions-runner/_work/thin-edge.io/thin-edge.io/tests/PySys/plugin_apama/apama_plugin_update/Output/linux/apama_list_monitors.out
  stderr       : /home/pi/actions-runner/_work/thin-edge.io/thin-edge.io/tests/PySys/plugin_apama/apama_plugin_update/Output/linux/apama_list_monitors.err
  environment  : LD_LIBRARY_PATH=/usr/lib
  environment  : PATH=/bin:/usr/bin:/usr/sbin:/usr/local/bin
                   #1  /bin
                   #2  /usr/bin
                   #3  /usr/sbin
                   #4  /usr/local/bin
10:43:50 DEBUG Waiting up to 600 secs for process sudo&lt;apama_list_monitors&gt; (pid 32231)
10:43:51 INFO  Executed sudo&lt;apama_list_monitors&gt;, exit status 0
10:43:51 DEBUG Performing regex contains=True grep on file: /home/pi/actions-runner/_work/thin-edge.io/thin-edge.io/tests/PySys/plugin_apama/apama_plugin_update/Output/linux/apama_list_monitors.out
10:43:51 DEBUG Grep on file /home/pi/actions-runner/_work/thin-edge.io/thin-edge.io/tests/PySys/plugin_apama/apama_plugin_update/Output/linux/apama_list_monitors.out successfully matched expression "TedgeDemoMonitor" with line: 'TedgeDemoMonitor 1\n'
10:43:51 INFO  Grep on file /home/pi/actions-runner/_work/thin-edge.io/thin-edge.io/tests/PySys/plugin_apama/apama_plugin_update/Output/linux/apama_list_monitors.out ... passed
10:43:51 DEBUG --- test execute
10:43:51 DEBUG Process parameters for sudo&lt;plugin_install&gt;
  command line : /usr/bin/sudo /etc/tedge/sm-plugins/apama install LimitedBandwidth::project --file /home/pi/actions-runner/_work/thin-edge.io/thin-edge.io/tests/PySys/plugin_apama/Input/limitedbandwidth.zip
    arg #1     : /etc/tedge/sm-plugins/apama
    arg #2     : install
    arg #3     : LimitedBandwidth::project
    arg #4     : --file
    arg #5     : /home/pi/actions-runner/_work/thin-edge.io/thin-edge.io/tests/PySys/plugin_apama/Input/limitedbandwidth.zip
  working dir  : /home/pi/actions-runner/_work/thin-edge.io/thin-edge.io/tests/PySys/plugin_apama/apama_plugin_update/Output/linux
  stdout       : /home/pi/actions-runner/_work/thin-edge.io/thin-edge.io/tests/PySys/plugin_apama/apama_plugin_update/Output/linux/plugin_install.out
  stderr       : /home/pi/actions-runner/_work/thin-edge.io/thin-edge.io/tests/PySys/plugin_apama/apama_plugin_update/Output/linux/plugin_install.err
  environment  : LD_LIBRARY_PATH=/usr/lib
  environment  : PATH=/bin:/usr/bin:/usr/sbin:/usr/local/bin
                   #1  /bin
                   #2  /usr/bin
                   #3  /usr/sbin
                   #4  /usr/local/bin
10:43:51 DEBUG Waiting up to 600 secs for process sudo&lt;plugin_install&gt; (pid 32254)
10:43:52 WARN  Executed sudo&lt;plugin_install&gt;, exit status 2
10:43:52 DEBUG Opening file using encoding=UTF-8: /home/pi/actions-runner/_work/thin-edge.io/thin-edge.io/tests/PySys/plugin_apama/apama_plugin_update/Output/linux/plugin_install.err
10:43:52 INFO  Contents of plugin_install.err: 
  ERROR: Directory not empty (os error 39)
  -----

10:43:52 WARN  sudo&lt;plugin_install&gt; returned non-zero exit code 2 ... blocked [run.py:35]
10:43:52 WARN  Aborted test due to BLOCKED outcome
10:43:52 DEBUG --- test cleanup
10:43:52 INFO  
10:43:52 INFO  cleanup:
10:43:52 DEBUG Running registered cleanup function: &lt;bound method ApamaPlugin.cleanup_project of &lt;ApamaPluginUpdateTest object at 0x760b6350&gt;&gt;
10:43:52 INFO  Removing apama project
10:43:52 DEBUG Process parameters for sudo&lt;stop_apama_service&gt;
  command line : /usr/bin/sudo service apama stop
    arg #1     : service
    arg #2     : apama
    arg #3     : stop
  working dir  : /home/pi/actions-runner/_work/thin-edge.io/thin-edge.io/tests/PySys/plugin_apama/apama_plugin_update/Output/linux
  stdout       : /home/pi/actions-runner/_work/thin-edge.io/thin-edge.io/tests/PySys/plugin_apama/apama_plugin_update/Output/linux/stop_apama_service.out
  stderr       : /home/pi/actions-runner/_work/thin-edge.io/thin-edge.io/tests/PySys/plugin_apama/apama_plugin_update/Output/linux/stop_apama_service.err
  environment  : LD_LIBRARY_PATH=/usr/lib
  environment  : PATH=/bin:/usr/bin:/usr/sbin:/usr/local/bin
                   #1  /bin
                   #2  /usr/bin
                   #3  /usr/sbin
                   #4  /usr/local/bin
10:43:52 DEBUG Waiting up to 600 secs for process sudo&lt;stop_apama_service&gt; (pid 32256)
10:44:07 INFO  Executed sudo&lt;stop_apama_service&gt;, exit status 0, duration 15 secs
10:44:07 DEBUG Process parameters for sudo&lt;remove_apama_project&gt;
  command line : /usr/bin/sudo rm -rf /etc/tedge/apama/project
    arg #1     : rm
    arg #2     : -rf
    arg #3     : /etc/tedge/apama/project
  working dir  : /home/pi/actions-runner/_work/thin-edge.io/thin-edge.io/tests/PySys/plugin_apama/apama_plugin_update/Output/linux
  stdout       : /home/pi/actions-runner/_work/thin-edge.io/thin-edge.io/tests/PySys/plugin_apama/apama_plugin_update/Output/linux/remove_apama_project.out
  stderr       : /home/pi/actions-runner/_work/thin-edge.io/thin-edge.io/tests/PySys/plugin_apama/apama_plugin_update/Output/linux/remove_apama_project.err
  environment  : LD_LIBRARY_PATH=/usr/lib
  environment  : PATH=/bin:/usr/bin:/usr/sbin:/usr/local/bin
                   #1  /bin
                   #2  /usr/bin
                   #3  /usr/sbin
                   #4  /usr/local/bin
10:44:07 DEBUG Waiting up to 600 secs for process sudo&lt;remove_apama_project&gt; (pid 32286)
10:44:08 INFO  Executed sudo&lt;remove_apama_project&gt;, exit status 0
10:44:08 DEBUG Process parameters for sudo&lt;remove_apama_tmp_dir&gt;
  command line : /usr/bin/sudo rm -rf /tmp/tedge_apama_project
    arg #1     : rm
    arg #2     : -rf
    arg #3     : /tmp/tedge_apama_project
  working dir  : /home/pi/actions-runner/_work/thin-edge.io/thin-edge.io/tests/PySys/plugin_apama/apama_plugin_update/Output/linux
  stdout       : /home/pi/actions-runner/_work/thin-edge.io/thin-edge.io/tests/PySys/plugin_apama/apama_plugin_update/Output/linux/remove_apama_tmp_dir.out
  stderr       : /home/pi/actions-runner/_work/thin-edge.io/thin-edge.io/tests/PySys/plugin_apama/apama_plugin_update/Output/linux/remove_apama_tmp_dir.err
  environment  : LD_LIBRARY_PATH=/usr/lib
  environment  : PATH=/bin:/usr/bin:/usr/sbin:/usr/local/bin
                   #1  /bin
                   #2  /usr/bin
                   #3  /usr/sbin
                   #4  /usr/local/bin
10:44:08 DEBUG Waiting up to 600 secs for process sudo&lt;remove_apama_tmp_dir&gt; (pid 32288)
10:44:08 INFO  Executed sudo&lt;remove_apama_tmp_dir&gt;, exit status 0
10:44:08 DEBUG ProcessUser cleanup function done.
10:44:08 INFO  
10:44:08 INFO  Test duration: 21.14 secs
10:44:08 INFO  Test final outcome:  BLOCKED
10:44:08 INFO  Test outcome reason: sudo&lt;plugin_install&gt; returned non-zero exit code 2
10:44:08 INFO  
</system-out>
	</testcase>
</testsuite><testsuite name="SoftwareManagement.sm_apt_install_download_path" tests="3" errors="0" failures="2" skipped="1" time="0"><testcase classname="AptInstallWithDownloadPath" name="SoftwareManagement.sm_apt_install_download_path">
		<skipped message="SKIPPED: Testing the apt plugin is not supported on this platform.Use parameter -XmyPlatform='container' to enable it" />
		<system-out>09:55:06 DEBUG deletedir failed to update permissions and delete /home/pi/actions-runner/_work/thin-edge.io/thin-edge.io/tests/PySys/software_management_end_to_end/sm_apt_install_download_path/Output/linux on this attempt: [Errno 2] No such file or directory: '/home/pi/actions-runner/_work/thin-edge.io/thin-edge.io/tests/PySys/software_management_end_to_end/sm_apt_install_download_path/Output/linux'
09:55:06 INFO  ==============================================================
09:55:06 INFO  Id:    SoftwareManagement.sm_apt_install_download_path
09:55:06 INFO  Dir:   software_management_end_to_end/
09:55:06 INFO  Title: Install package to directory specified in tedge config set tmp.path
09:55:06 DEBUG Execution order hint: 0.0
09:55:06 INFO  ==============================================================
09:55:06 INFO  Testing the apt plugin is not supported on this platform.Use parameter -XmyPlatform='container' to enable it ... skipped
09:55:06 WARN  Aborted test due to SKIPPED outcome
09:55:06 DEBUG --- test cleanup
09:55:06 DEBUG ProcessUser cleanup function done.
09:55:06 INFO  
09:55:06 INFO  Test duration: 0.07 secs
09:55:06 INFO  Test final outcome:  SKIPPED
09:55:06 INFO  Test outcome reason: Testing the apt plugin is not supported on this platform.Use parameter -XmyPlatform='container' to enable it
09:55:06 INFO  
</system-out>
	</testcase>
<testcase classname="AptInstallWithDownloadPath" name="SoftwareManagement.sm_apt_install_download_path">
		<failure message="BLOCKED: AssertionError:" type="BLOCKED" />
		<system-out>10:20:22 INFO  ==============================================================
10:20:22 INFO  Id:    SoftwareManagement.sm_apt_install_download_path
10:20:22 INFO  Dir:   software_management_end_to_end/
10:20:22 INFO  Title: Install package to directory specified in tedge config set tmp.path
10:20:22 DEBUG Execution order hint: 0.0
10:20:22 INFO  ==============================================================
10:20:22 INFO  Using sw id database: {'asciijump': '5475369', 'robotfindskitten': '5474869', 'squirrel3': '5475279', 'rolldice': '5152439', 'moon-buggy': '5439204', 'apple': '5495053', 'banana': '5494888', 'cherry': '5495382', 'watermelon': '5494510', 'registry': '8018911', 'hello-world': '8021526', 'docker/getting-started': '8021973', 'alpine': '7991792'}
10:20:22 DEBUG EnvironmentC8y Setup
10:20:22 INFO  EnvironmentC8y Setup
10:20:22 DEBUG Process parameters for systemctl&lt;serv_mapper1&gt;
  command line : /usr/bin/systemctl status tedge-mapper-c8y
    arg #1     : status
    arg #2     : tedge-mapper-c8y
  working dir  : /home/pi/actions-runner/_work/thin-edge.io/thin-edge.io/tests/PySys/software_management_end_to_end/sm_apt_install_download_path/Output/linux
  stdout       : /home/pi/actions-runner/_work/thin-edge.io/thin-edge.io/tests/PySys/software_management_end_to_end/sm_apt_install_download_path/Output/linux/serv_mapper1.out
  stderr       : /home/pi/actions-runner/_work/thin-edge.io/thin-edge.io/tests/PySys/software_management_end_to_end/sm_apt_install_download_path/Output/linux/serv_mapper1.err
  environment  : LD_LIBRARY_PATH=/usr/lib
  environment  : PATH=/bin:/usr/bin:/usr/sbin:/usr/local/bin
                   #1  /bin
                   #2  /usr/bin
                   #3  /usr/sbin
                   #4  /usr/local/bin
10:20:22 DEBUG Waiting up to 600 secs for process systemctl&lt;serv_mapper1&gt; (pid 24049)
10:20:23 INFO  Executed systemctl&lt;serv_mapper1&gt;, exit status 3
10:20:23 DEBUG Process parameters for sudo&lt;tedge_connect_c8y&gt;
  command line : /usr/bin/sudo /usr/bin/tedge connect c8y
    arg #1     : /usr/bin/tedge
    arg #2     : connect
    arg #3     : c8y
  working dir  : /home/pi/actions-runner/_work/thin-edge.io/thin-edge.io/tests/PySys/software_management_end_to_end/sm_apt_install_download_path/Output/linux
  stdout       : /home/pi/actions-runner/_work/thin-edge.io/thin-edge.io/tests/PySys/software_management_end_to_end/sm_apt_install_download_path/Output/linux/tedge_connect_c8y.out
  stderr       : /home/pi/actions-runner/_work/thin-edge.io/thin-edge.io/tests/PySys/software_management_end_to_end/sm_apt_install_download_path/Output/linux/tedge_connect_c8y.err
  environment  : LD_LIBRARY_PATH=/usr/lib
  environment  : PATH=/bin:/usr/bin:/usr/sbin:/usr/local/bin
                   #1  /bin
                   #2  /usr/bin
                   #3  /usr/sbin
                   #4  /usr/local/bin
10:20:23 DEBUG Waiting up to 600 secs for process sudo&lt;tedge_connect_c8y&gt; (pid 24053)
10:20:37 INFO  Executed sudo&lt;tedge_connect_c8y&gt;, exit status 0, duration 14 secs
10:20:37 DEBUG Process parameters for sudo&lt;tedge_connect_c8y_test&gt;
  command line : /usr/bin/sudo /usr/bin/tedge connect c8y --test
    arg #1     : /usr/bin/tedge
    arg #2     : connect
    arg #3     : c8y
    arg #4     : --test
  working dir  : /home/pi/actions-runner/_work/thin-edge.io/thin-edge.io/tests/PySys/software_management_end_to_end/sm_apt_install_download_path/Output/linux
  stdout       : /home/pi/actions-runner/_work/thin-edge.io/thin-edge.io/tests/PySys/software_management_end_to_end/sm_apt_install_download_path/Output/linux/tedge_connect_c8y_test.out
  stderr       : /home/pi/actions-runner/_work/thin-edge.io/thin-edge.io/tests/PySys/software_management_end_to_end/sm_apt_install_download_path/Output/linux/tedge_connect_c8y_test.err
  environment  : LD_LIBRARY_PATH=/usr/lib
  environment  : PATH=/bin:/usr/bin:/usr/sbin:/usr/local/bin
                   #1  /bin
                   #2  /usr/bin
                   #3  /usr/sbin
                   #4  /usr/local/bin
10:20:37 DEBUG Waiting up to 600 secs for process sudo&lt;tedge_connect_c8y_test&gt; (pid 24163)
10:20:39 INFO  Executed sudo&lt;tedge_connect_c8y_test&gt;, exit status 0
10:20:39 DEBUG Process parameters for systemctl&lt;serv_mosq2&gt;
  command line : /usr/bin/systemctl status mosquitto
    arg #1     : status
    arg #2     : mosquitto
  working dir  : /home/pi/actions-runner/_work/thin-edge.io/thin-edge.io/tests/PySys/software_management_end_to_end/sm_apt_install_download_path/Output/linux
  stdout       : /home/pi/actions-runner/_work/thin-edge.io/thin-edge.io/tests/PySys/software_management_end_to_end/sm_apt_install_download_path/Output/linux/serv_mosq2.out
  stderr       : /home/pi/actions-runner/_work/thin-edge.io/thin-edge.io/tests/PySys/software_management_end_to_end/sm_apt_install_download_path/Output/linux/serv_mosq2.err
  environment  : LD_LIBRARY_PATH=/usr/lib
  environment  : PATH=/bin:/usr/bin:/usr/sbin:/usr/local/bin
                   #1  /bin
                   #2  /usr/bin
                   #3  /usr/sbin
                   #4  /usr/local/bin
10:20:39 DEBUG Waiting up to 600 secs for process systemctl&lt;serv_mosq2&gt; (pid 24170)
10:20:40 INFO  Executed systemctl&lt;serv_mosq2&gt;, exit status 0
10:20:40 DEBUG Process parameters for systemctl&lt;serv_mapper3&gt;
  command line : /usr/bin/systemctl status tedge-mapper-c8y
    arg #1     : status
    arg #2     : tedge-mapper-c8y
  working dir  : /home/pi/actions-runner/_work/thin-edge.io/thin-edge.io/tests/PySys/software_management_end_to_end/sm_apt_install_download_path/Output/linux
  stdout       : /home/pi/actions-runner/_work/thin-edge.io/thin-edge.io/tests/PySys/software_management_end_to_end/sm_apt_install_download_path/Output/linux/serv_mapper3.out
  stderr       : /home/pi/actions-runner/_work/thin-edge.io/thin-edge.io/tests/PySys/software_management_end_to_end/sm_apt_install_download_path/Output/linux/serv_mapper3.err
  environment  : LD_LIBRARY_PATH=/usr/lib
  environment  : PATH=/bin:/usr/bin:/usr/sbin:/usr/local/bin
                   #1  /bin
                   #2  /usr/bin
                   #3  /usr/sbin
                   #4  /usr/local/bin
10:20:40 DEBUG Waiting up to 600 secs for process systemctl&lt;serv_mapper3&gt; (pid 24171)
10:20:41 INFO  Executed systemctl&lt;serv_mapper3&gt;, exit status 0
10:20:43 DEBUG Starting new HTTPS connection (1): thin-edge-io.eu-latest.cumulocity.com:443
10:20:43 DEBUG https://thin-edge-io.eu-latest.cumulocity.com:443 "GET /devicecontrol/operations?deviceId=17040573&amp;pageSize=1&amp;revert=true&amp;dateFrom=1970-01-01T00%3A00%3A00.000Z HTTP/1.1" 200 1082
10:20:43 DEBUG Final URL of the request: https://thin-edge-io.eu-latest.cumulocity.com/devicecontrol/operations?deviceId=17040573&amp;pageSize=1&amp;revert=true&amp;dateFrom=1970-01-01T00%3A00%3A00.000Z
10:20:43 INFO  State of current operation: SUCCESSFUL
10:20:43 DEBUG Starting new HTTPS connection (1): thin-edge-io.eu-latest.cumulocity.com:443
10:20:43 DEBUG https://thin-edge-io.eu-latest.cumulocity.com:443 "GET /inventory/managedObjects/17040573 HTTP/1.1" 200 None
10:20:43 INFO  Assert that (False == value) with value=False ... passed
10:20:43 DEBUG Process parameters for sudo
  command line : /usr/bin/sudo mkdir /tedge_download_path_test
    arg #1     : mkdir
    arg #2     : /tedge_download_path_test
  working dir  : /home/pi/actions-runner/_work/thin-edge.io/thin-edge.io/tests/PySys/software_management_end_to_end/sm_apt_install_download_path/Output/linux
  stdout       : None
  stderr       : None
  environment  : LD_LIBRARY_PATH=/usr/lib
  environment  : PATH=/bin:/usr/bin:/usr/sbin:/usr/local/bin
                   #1  /bin
                   #2  /usr/bin
                   #3  /usr/sbin
                   #4  /usr/local/bin
10:20:43 DEBUG Waiting up to 600 secs for process sudo (pid 24175)
10:20:44 INFO  Executed sudo, exit status 0
10:20:44 DEBUG Process parameters for sudo
  command line : /usr/bin/sudo chmod a+rwx /tedge_download_path_test
    arg #1     : chmod
    arg #2     : a+rwx
    arg #3     : /tedge_download_path_test
  working dir  : /home/pi/actions-runner/_work/thin-edge.io/thin-edge.io/tests/PySys/software_management_end_to_end/sm_apt_install_download_path/Output/linux
  stdout       : None
  stderr       : None
  environment  : LD_LIBRARY_PATH=/usr/lib
  environment  : PATH=/bin:/usr/bin:/usr/sbin:/usr/local/bin
                   #1  /bin
                   #2  /usr/bin
                   #3  /usr/sbin
                   #4  /usr/local/bin
10:20:44 DEBUG Waiting up to 600 secs for process sudo (pid 24177)
10:20:44 INFO  Executed sudo, exit status 0
10:20:45 DEBUG Process parameters for sudo
  command line : /usr/bin/sudo /usr/bin/tedge config set tmp.path /tedge_download_path_test
    arg #1     : /usr/bin/tedge
    arg #2     : config
    arg #3     : set
    arg #4     : tmp.path
    arg #5     : /tedge_download_path_test
  working dir  : /home/pi/actions-runner/_work/thin-edge.io/thin-edge.io/tests/PySys/software_management_end_to_end/sm_apt_install_download_path/Output/linux
  stdout       : None
  stderr       : None
  environment  : LD_LIBRARY_PATH=/usr/lib
  environment  : PATH=/bin:/usr/bin:/usr/sbin:/usr/local/bin
                   #1  /bin
                   #2  /usr/bin
                   #3  /usr/sbin
                   #4  /usr/local/bin
10:20:45 DEBUG Waiting up to 600 secs for process sudo (pid 24182)
10:20:45 INFO  Executed sudo, exit status 0
10:20:45 DEBUG Process parameters for sudo&lt;tedge_disconnect_c8y&gt;
  command line : /usr/bin/sudo /usr/bin/tedge disconnect c8y
    arg #1     : /usr/bin/tedge
    arg #2     : disconnect
    arg #3     : c8y
  working dir  : /home/pi/actions-runner/_work/thin-edge.io/thin-edge.io/tests/PySys/software_management_end_to_end/sm_apt_install_download_path/Output/linux
  stdout       : /home/pi/actions-runner/_work/thin-edge.io/thin-edge.io/tests/PySys/software_management_end_to_end/sm_apt_install_download_path/Output/linux/tedge_disconnect_c8y.out
  stderr       : /home/pi/actions-runner/_work/thin-edge.io/thin-edge.io/tests/PySys/software_management_end_to_end/sm_apt_install_download_path/Output/linux/tedge_disconnect_c8y.err
  environment  : LD_LIBRARY_PATH=/usr/lib
  environment  : PATH=/bin:/usr/bin:/usr/sbin:/usr/local/bin
                   #1  /bin
                   #2  /usr/bin
                   #3  /usr/sbin
                   #4  /usr/local/bin
10:20:45 DEBUG Waiting up to 600 secs for process sudo&lt;tedge_disconnect_c8y&gt; (pid 24187)
10:20:49 INFO  Executed sudo&lt;tedge_disconnect_c8y&gt;, exit status 0
10:20:49 INFO  Restarting mosquitto too frequently in the last 10 seconds. It was only up for 4 seconds
10:20:49 INFO  Delaying execution by 7 seconds
10:20:56 DEBUG Process parameters for sudo&lt;tedge_connect_c8y&gt;
  command line : /usr/bin/sudo /usr/bin/tedge connect c8y
    arg #1     : /usr/bin/tedge
    arg #2     : connect
    arg #3     : c8y
  working dir  : /home/pi/actions-runner/_work/thin-edge.io/thin-edge.io/tests/PySys/software_management_end_to_end/sm_apt_install_download_path/Output/linux
  stdout       : /home/pi/actions-runner/_work/thin-edge.io/thin-edge.io/tests/PySys/software_management_end_to_end/sm_apt_install_download_path/Output/linux/tedge_connect_c8y.out
  stderr       : /home/pi/actions-runner/_work/thin-edge.io/thin-edge.io/tests/PySys/software_management_end_to_end/sm_apt_install_download_path/Output/linux/tedge_connect_c8y.err
  environment  : LD_LIBRARY_PATH=/usr/lib
  environment  : PATH=/bin:/usr/bin:/usr/sbin:/usr/local/bin
                   #1  /bin
                   #2  /usr/bin
                   #3  /usr/sbin
                   #4  /usr/local/bin
10:20:56 DEBUG Waiting up to 600 secs for process sudo&lt;tedge_connect_c8y&gt; (pid 24230)
10:21:10 INFO  Executed sudo&lt;tedge_connect_c8y&gt;, exit status 0, duration 13 secs
10:21:10 DEBUG --- test execute
10:21:10 DEBUG Starting new HTTPS connection (1): thin-edge-io.eu-latest.cumulocity.com:443
10:21:10 DEBUG https://thin-edge-io.eu-latest.cumulocity.com:443 "POST /devicecontrol/operations HTTP/1.1" 201 697
10:21:10 INFO  Response status: 201
10:21:10 INFO  Response to action: {
    "delivery": {
        "time": "2022-04-08T10:21:10.926Z",
        "log": [],
        "status": "PENDING"
    },
    "creationTime": "2022-04-08T10:21:10.888Z",
    "deviceId": "17040573",
    "deviceName": "offsite_mythica",
    "self": "https://t493319102.eu-latest.cumulocity.com/devicecontrol/operations/17062057",
    "id": "17062057",
    "status": "PENDING",
    "description": "Apply software changes, triggered from PySys: [{'name': 'rolldice', 'id': '5152439', 'version': '::apt', 'url': 'https://thin-edge-io.eu-latest.cumulocity.com/inventory/binaries/12435463', 'action': 'install'}]",
    "c8y_SoftwareUpdate": [
        {
            "name": "rolldice",
            "action": "install",
            "id": "5152439",
            "version": "::apt",
            "url": "https://thin-edge-io.eu-latest.cumulocity.com/inventory/binaries/12435463"
        }
    ]
}
10:21:10 INFO  Started operation: {'delivery': {'time': '2022-04-08T10:21:10.926Z', 'log': [], 'status': 'PENDING'}, 'creationTime': '2022-04-08T10:21:10.888Z', 'deviceId': '17040573', 'deviceName': 'offsite_mythica', 'self': 'https://t493319102.eu-latest.cumulocity.com/devicecontrol/operations/17062057', 'id': '17062057', 'status': 'PENDING', 'description': "Apply software changes, triggered from PySys: [{'name': 'rolldice', 'id': '5152439', 'version': '::apt', 'url': 'https://thin-edge-io.eu-latest.cumulocity.com/inventory/binaries/12435463', 'action': 'install'}]", 'c8y_SoftwareUpdate': [{'name': 'rolldice', 'action': 'install', 'id': '5152439', 'version': '::apt', 'url': 'https://thin-edge-io.eu-latest.cumulocity.com/inventory/binaries/12435463'}]}
10:21:10 WARN  , retrying in 0.5 seconds...
10:21:11 WARN  , retrying in 0.5 seconds...
10:21:11 WARN  , retrying in 0.5 seconds...
10:21:12 WARN  , retrying in 0.5 seconds...
10:21:12 WARN  , retrying in 0.5 seconds...
10:21:13 WARN  , retrying in 0.5 seconds...
10:21:13 WARN  , retrying in 0.5 seconds...
10:21:14 WARN  , retrying in 0.5 seconds...
10:21:14 WARN  , retrying in 0.5 seconds...
10:21:15 WARN  AssertionError occurred while running test - 
Traceback (most recent call last):
  File "/home/pi/env-pysys/lib/python3.7/site-packages/pysys/baserunner.py", line 1294, in __call__
    self.testObj.execute()
  File "/home/pi/actions-runner/_work/thin-edge.io/thin-edge.io/tests/PySys/software_management_end_to_end/sm_apt_install_download_path/run.py", line 83, in execute
    assert_install_in_download_path(install_directory=self.DOWNLOAD_DIR)
  File "/home/pi/env-pysys/lib/python3.7/site-packages/decorator.py", line 232, in fun
    return caller(func, *(extras + args), **kw)
  File "/home/pi/env-pysys/lib/python3.7/site-packages/retry/api.py", line 74, in retry_decorator
    logger)
  File "/home/pi/env-pysys/lib/python3.7/site-packages/retry/api.py", line 33, in __retry_internal
    return f()
  File "/home/pi/actions-runner/_work/thin-edge.io/thin-edge.io/tests/PySys/software_management_end_to_end/sm_apt_install_download_path/run.py", line 28, in assert_install_in_download_path
    assert "rolldice" in os.listdir(f"{install_directory}")
AssertionError
10:21:16 WARN  AssertionError: ... blocked 
10:21:16 DEBUG --- test cleanup
10:21:16 INFO  
10:21:16 INFO  cleanup:
10:21:16 DEBUG Running registered cleanup function: &lt;bound method AptInstallWithDownloadPath.mysmcleanup of &lt;AptInstallWithDownloadPath object at 0x75d861d0&gt;&gt;
10:21:16 DEBUG Process parameters for sudo
  command line : /usr/bin/sudo rm -rf /tedge_download_path_test
    arg #1     : rm
    arg #2     : -rf
    arg #3     : /tedge_download_path_test
  working dir  : /home/pi/actions-runner/_work/thin-edge.io/thin-edge.io/tests/PySys/software_management_end_to_end/sm_apt_install_download_path/Output/linux
  stdout       : None
  stderr       : None
  environment  : LD_LIBRARY_PATH=/usr/lib
  environment  : PATH=/bin:/usr/bin:/usr/sbin:/usr/local/bin
                   #1  /bin
                   #2  /usr/bin
                   #3  /usr/sbin
                   #4  /usr/local/bin
10:21:16 DEBUG Waiting up to 600 secs for process sudo (pid 24362)
10:21:16 INFO  Executed sudo, exit status 0
10:21:16 DEBUG Process parameters for sudo
  command line : /usr/bin/sudo /usr/bin/tedge config set tmp.path /tmp
    arg #1     : /usr/bin/tedge
    arg #2     : config
    arg #3     : set
    arg #4     : tmp.path
    arg #5     : /tmp
  working dir  : /home/pi/actions-runner/_work/thin-edge.io/thin-edge.io/tests/PySys/software_management_end_to_end/sm_apt_install_download_path/Output/linux
  stdout       : None
  stderr       : None
  environment  : LD_LIBRARY_PATH=/usr/lib
  environment  : PATH=/bin:/usr/bin:/usr/sbin:/usr/local/bin
                   #1  /bin
                   #2  /usr/bin
                   #3  /usr/sbin
                   #4  /usr/local/bin
10:21:16 DEBUG Waiting up to 600 secs for process sudo (pid 24377)
10:21:17 INFO  Executed sudo, exit status 0
10:21:17 DEBUG Process parameters for sudo&lt;tedge_disconnect_c8y&gt;
  command line : /usr/bin/sudo /usr/bin/tedge disconnect c8y
    arg #1     : /usr/bin/tedge
    arg #2     : disconnect
    arg #3     : c8y
  working dir  : /home/pi/actions-runner/_work/thin-edge.io/thin-edge.io/tests/PySys/software_management_end_to_end/sm_apt_install_download_path/Output/linux
  stdout       : /home/pi/actions-runner/_work/thin-edge.io/thin-edge.io/tests/PySys/software_management_end_to_end/sm_apt_install_download_path/Output/linux/tedge_disconnect_c8y.out
  stderr       : /home/pi/actions-runner/_work/thin-edge.io/thin-edge.io/tests/PySys/software_management_end_to_end/sm_apt_install_download_path/Output/linux/tedge_disconnect_c8y.err
  environment  : LD_LIBRARY_PATH=/usr/lib
  environment  : PATH=/bin:/usr/bin:/usr/sbin:/usr/local/bin
                   #1  /bin
                   #2  /usr/bin
                   #3  /usr/sbin
                   #4  /usr/local/bin
10:21:17 DEBUG Waiting up to 600 secs for process sudo&lt;tedge_disconnect_c8y&gt; (pid 24422)
10:21:21 INFO  Executed sudo&lt;tedge_disconnect_c8y&gt;, exit status 0
10:21:21 INFO  Restarting mosquitto too frequently in the last 10 seconds. It was only up for 3 seconds
10:21:21 INFO  Delaying execution by 8 seconds
10:21:29 DEBUG Process parameters for sudo&lt;tedge_connect_c8y&gt;
  command line : /usr/bin/sudo /usr/bin/tedge connect c8y
    arg #1     : /usr/bin/tedge
    arg #2     : connect
    arg #3     : c8y
  working dir  : /home/pi/actions-runner/_work/thin-edge.io/thin-edge.io/tests/PySys/software_management_end_to_end/sm_apt_install_download_path/Output/linux
  stdout       : /home/pi/actions-runner/_work/thin-edge.io/thin-edge.io/tests/PySys/software_management_end_to_end/sm_apt_install_download_path/Output/linux/tedge_connect_c8y.out
  stderr       : /home/pi/actions-runner/_work/thin-edge.io/thin-edge.io/tests/PySys/software_management_end_to_end/sm_apt_install_download_path/Output/linux/tedge_connect_c8y.err
  environment  : LD_LIBRARY_PATH=/usr/lib
  environment  : PATH=/bin:/usr/bin:/usr/sbin:/usr/local/bin
                   #1  /bin
                   #2  /usr/bin
                   #3  /usr/sbin
                   #4  /usr/local/bin
10:21:29 DEBUG Waiting up to 600 secs for process sudo&lt;tedge_connect_c8y&gt; (pid 24520)
10:21:43 INFO  Executed sudo&lt;tedge_connect_c8y&gt;, exit status 0, duration 14 secs
10:21:43 DEBUG Running registered cleanup function: &lt;bound method EnvironmentC8y.myenvcleanup of &lt;AptInstallWithDownloadPath object at 0x75d861d0&gt;&gt;
10:21:43 DEBUG EnvironmentC8y Cleanup
10:21:43 DEBUG Process parameters for sudo&lt;tedge_disconnect_c8y&gt;
  command line : /usr/bin/sudo /usr/bin/tedge disconnect c8y
    arg #1     : /usr/bin/tedge
    arg #2     : disconnect
    arg #3     : c8y
  working dir  : /home/pi/actions-runner/_work/thin-edge.io/thin-edge.io/tests/PySys/software_management_end_to_end/sm_apt_install_download_path/Output/linux
  stdout       : /home/pi/actions-runner/_work/thin-edge.io/thin-edge.io/tests/PySys/software_management_end_to_end/sm_apt_install_download_path/Output/linux/tedge_disconnect_c8y.out
  stderr       : /home/pi/actions-runner/_work/thin-edge.io/thin-edge.io/tests/PySys/software_management_end_to_end/sm_apt_install_download_path/Output/linux/tedge_disconnect_c8y.err
  environment  : LD_LIBRARY_PATH=/usr/lib
  environment  : PATH=/bin:/usr/bin:/usr/sbin:/usr/local/bin
                   #1  /bin
                   #2  /usr/bin
                   #3  /usr/sbin
                   #4  /usr/local/bin
10:21:43 DEBUG Waiting up to 600 secs for process sudo&lt;tedge_disconnect_c8y&gt; (pid 24634)
10:21:48 INFO  Executed sudo&lt;tedge_disconnect_c8y&gt;, exit status 0
10:21:48 DEBUG Process parameters for systemctl&lt;serv_mapper5&gt;
  command line : /usr/bin/systemctl status tedge-mapper-c8y
    arg #1     : status
    arg #2     : tedge-mapper-c8y
  working dir  : /home/pi/actions-runner/_work/thin-edge.io/thin-edge.io/tests/PySys/software_management_end_to_end/sm_apt_install_download_path/Output/linux
  stdout       : /home/pi/actions-runner/_work/thin-edge.io/thin-edge.io/tests/PySys/software_management_end_to_end/sm_apt_install_download_path/Output/linux/serv_mapper5.out
  stderr       : /home/pi/actions-runner/_work/thin-edge.io/thin-edge.io/tests/PySys/software_management_end_to_end/sm_apt_install_download_path/Output/linux/serv_mapper5.err
  environment  : LD_LIBRARY_PATH=/usr/lib
  environment  : PATH=/bin:/usr/bin:/usr/sbin:/usr/local/bin
                   #1  /bin
                   #2  /usr/bin
                   #3  /usr/sbin
                   #4  /usr/local/bin
10:21:48 DEBUG Waiting up to 600 secs for process systemctl&lt;serv_mapper5&gt; (pid 24676)
10:21:48 INFO  Executed systemctl&lt;serv_mapper5&gt;, exit status 3
10:21:48 DEBUG ProcessUser cleanup function done.
10:21:48 INFO  
10:21:48 INFO  Test duration: 86.21 secs
10:21:48 INFO  Test final outcome:  BLOCKED
10:21:48 INFO  Test outcome reason: AssertionError:
10:21:48 INFO  
</system-out>
	</testcase>
<testcase classname="AptInstallWithDownloadPath" name="SoftwareManagement.sm_apt_install_download_path">
		<failure message="BLOCKED: TypeError: 'NoneType' object is not iterable" type="BLOCKED" />
		<system-out>10:44:08 INFO  ==============================================================
10:44:08 INFO  Id:    SoftwareManagement.sm_apt_install_download_path
10:44:08 INFO  Dir:   software_management_end_to_end/
10:44:08 INFO  Title: Install package to directory specified in tedge config set tmp.path
10:44:08 DEBUG Execution order hint: 0.0
10:44:08 INFO  ==============================================================
10:44:10 INFO  Using sw id database: {'asciijump': '5475369', 'robotfindskitten': '5474869', 'squirrel3': '5475279', 'rolldice': '5152439', 'moon-buggy': '5439204', 'apple': '5495053', 'banana': '5494888', 'cherry': '5495382', 'watermelon': '5494510', 'registry': '8018911', 'hello-world': '8021526', 'docker/getting-started': '8021973', 'alpine': '7991792'}
10:44:10 DEBUG EnvironmentC8y Setup
10:44:10 INFO  EnvironmentC8y Setup
10:44:10 DEBUG Process parameters for systemctl&lt;serv_mapper1&gt;
  command line : /usr/bin/systemctl status tedge-mapper-c8y
    arg #1     : status
    arg #2     : tedge-mapper-c8y
  working dir  : /home/pi/actions-runner/_work/thin-edge.io/thin-edge.io/tests/PySys/software_management_end_to_end/sm_apt_install_download_path/Output/linux
  stdout       : /home/pi/actions-runner/_work/thin-edge.io/thin-edge.io/tests/PySys/software_management_end_to_end/sm_apt_install_download_path/Output/linux/serv_mapper1.out
  stderr       : /home/pi/actions-runner/_work/thin-edge.io/thin-edge.io/tests/PySys/software_management_end_to_end/sm_apt_install_download_path/Output/linux/serv_mapper1.err
  environment  : LD_LIBRARY_PATH=/usr/lib
  environment  : PATH=/bin:/usr/bin:/usr/sbin:/usr/local/bin
                   #1  /bin
                   #2  /usr/bin
                   #3  /usr/sbin
                   #4  /usr/local/bin
10:44:10 DEBUG Waiting up to 600 secs for process systemctl&lt;serv_mapper1&gt; (pid 32300)
10:44:11 INFO  Executed systemctl&lt;serv_mapper1&gt;, exit status 3
10:44:11 DEBUG Process parameters for sudo&lt;tedge_connect_c8y&gt;
  command line : /usr/bin/sudo /usr/bin/tedge connect c8y
    arg #1     : /usr/bin/tedge
    arg #2     : connect
    arg #3     : c8y
  working dir  : /home/pi/actions-runner/_work/thin-edge.io/thin-edge.io/tests/PySys/software_management_end_to_end/sm_apt_install_download_path/Output/linux
  stdout       : /home/pi/actions-runner/_work/thin-edge.io/thin-edge.io/tests/PySys/software_management_end_to_end/sm_apt_install_download_path/Output/linux/tedge_connect_c8y.out
  stderr       : /home/pi/actions-runner/_work/thin-edge.io/thin-edge.io/tests/PySys/software_management_end_to_end/sm_apt_install_download_path/Output/linux/tedge_connect_c8y.err
  environment  : LD_LIBRARY_PATH=/usr/lib
  environment  : PATH=/bin:/usr/bin:/usr/sbin:/usr/local/bin
                   #1  /bin
                   #2  /usr/bin
                   #3  /usr/sbin
                   #4  /usr/local/bin
10:44:11 DEBUG Waiting up to 600 secs for process sudo&lt;tedge_connect_c8y&gt; (pid 32304)
10:44:25 INFO  Executed sudo&lt;tedge_connect_c8y&gt;, exit status 0, duration 14 secs
10:44:25 DEBUG Process parameters for sudo&lt;tedge_connect_c8y_test&gt;
  command line : /usr/bin/sudo /usr/bin/tedge connect c8y --test
    arg #1     : /usr/bin/tedge
    arg #2     : connect
    arg #3     : c8y
    arg #4     : --test
  working dir  : /home/pi/actions-runner/_work/thin-edge.io/thin-edge.io/tests/PySys/software_management_end_to_end/sm_apt_install_download_path/Output/linux
  stdout       : /home/pi/actions-runner/_work/thin-edge.io/thin-edge.io/tests/PySys/software_management_end_to_end/sm_apt_install_download_path/Output/linux/tedge_connect_c8y_test.out
  stderr       : /home/pi/actions-runner/_work/thin-edge.io/thin-edge.io/tests/PySys/software_management_end_to_end/sm_apt_install_download_path/Output/linux/tedge_connect_c8y_test.err
  environment  : LD_LIBRARY_PATH=/usr/lib
  environment  : PATH=/bin:/usr/bin:/usr/sbin:/usr/local/bin
                   #1  /bin
                   #2  /usr/bin
                   #3  /usr/sbin
                   #4  /usr/local/bin
10:44:25 DEBUG Waiting up to 600 secs for process sudo&lt;tedge_connect_c8y_test&gt; (pid 32414)
10:44:25 INFO  Executed sudo&lt;tedge_connect_c8y_test&gt;, exit status 0
10:44:25 DEBUG Process parameters for systemctl&lt;serv_mosq2&gt;
  command line : /usr/bin/systemctl status mosquitto
    arg #1     : status
    arg #2     : mosquitto
  working dir  : /home/pi/actions-runner/_work/thin-edge.io/thin-edge.io/tests/PySys/software_management_end_to_end/sm_apt_install_download_path/Output/linux
  stdout       : /home/pi/actions-runner/_work/thin-edge.io/thin-edge.io/tests/PySys/software_management_end_to_end/sm_apt_install_download_path/Output/linux/serv_mosq2.out
  stderr       : /home/pi/actions-runner/_work/thin-edge.io/thin-edge.io/tests/PySys/software_management_end_to_end/sm_apt_install_download_path/Output/linux/serv_mosq2.err
  environment  : LD_LIBRARY_PATH=/usr/lib
  environment  : PATH=/bin:/usr/bin:/usr/sbin:/usr/local/bin
                   #1  /bin
                   #2  /usr/bin
                   #3  /usr/sbin
                   #4  /usr/local/bin
10:44:25 DEBUG Waiting up to 600 secs for process systemctl&lt;serv_mosq2&gt; (pid 32419)
10:44:26 INFO  Executed systemctl&lt;serv_mosq2&gt;, exit status 0
10:44:26 DEBUG Process parameters for systemctl&lt;serv_mapper3&gt;
  command line : /usr/bin/systemctl status tedge-mapper-c8y
    arg #1     : status
    arg #2     : tedge-mapper-c8y
  working dir  : /home/pi/actions-runner/_work/thin-edge.io/thin-edge.io/tests/PySys/software_management_end_to_end/sm_apt_install_download_path/Output/linux
  stdout       : /home/pi/actions-runner/_work/thin-edge.io/thin-edge.io/tests/PySys/software_management_end_to_end/sm_apt_install_download_path/Output/linux/serv_mapper3.out
  stderr       : /home/pi/actions-runner/_work/thin-edge.io/thin-edge.io/tests/PySys/software_management_end_to_end/sm_apt_install_download_path/Output/linux/serv_mapper3.err
  environment  : LD_LIBRARY_PATH=/usr/lib
  environment  : PATH=/bin:/usr/bin:/usr/sbin:/usr/local/bin
                   #1  /bin
                   #2  /usr/bin
                   #3  /usr/sbin
                   #4  /usr/local/bin
10:44:26 DEBUG Waiting up to 600 secs for process systemctl&lt;serv_mapper3&gt; (pid 32420)
10:44:26 INFO  Executed systemctl&lt;serv_mapper3&gt;, exit status 0
10:44:28 DEBUG Starting new HTTPS connection (1): thin-edge-io.eu-latest.cumulocity.com:443
10:44:29 DEBUG https://thin-edge-io.eu-latest.cumulocity.com:443 "GET /devicecontrol/operations?deviceId=17063047&amp;pageSize=1&amp;revert=true&amp;dateFrom=1970-01-01T00%3A00%3A00.000Z HTTP/1.1" 200 395
10:44:29 DEBUG Final URL of the request: https://thin-edge-io.eu-latest.cumulocity.com/devicecontrol/operations?deviceId=17063047&amp;pageSize=1&amp;revert=true&amp;dateFrom=1970-01-01T00%3A00%3A00.000Z
10:44:29 ERROR No operations found, assuming it passed
10:44:29 DEBUG Starting new HTTPS connection (1): thin-edge-io.eu-latest.cumulocity.com:443
10:44:29 DEBUG https://thin-edge-io.eu-latest.cumulocity.com:443 "GET /inventory/managedObjects/17063047 HTTP/1.1" 200 1336
10:44:29 WARN  TypeError occurred while running test - 'NoneType' object is not iterable
Traceback (most recent call last):
  File "/home/pi/env-pysys/lib/python3.7/site-packages/pysys/baserunner.py", line 1292, in __call__
    self.testObj.setup()
  File "/home/pi/actions-runner/_work/thin-edge.io/thin-edge.io/tests/PySys/software_management_end_to_end/sm_apt_install_download_path/run.py", line 49, in setup
    self.assertThat("False == value", value=self.check_is_installed("rolldice"))
  File "/home/pi/actions-runner/_work/thin-edge.io/thin-edge.io/tests/PySys/software_management_end_to_end/environment_sm_management.py", line 398, in check_is_installed
    for package in package_list:
TypeError: 'NoneType' object is not iterable
10:44:29 WARN  TypeError: 'NoneType' object is not iterable ... blocked 
10:44:29 DEBUG --- test cleanup
10:44:29 INFO  
10:44:29 INFO  cleanup:
10:44:29 DEBUG Running registered cleanup function: &lt;bound method AptInstallWithDownloadPath.mysmcleanup of &lt;AptInstallWithDownloadPath object at 0x75d7fcb0&gt;&gt;
10:44:29 DEBUG Process parameters for sudo
  command line : /usr/bin/sudo rm -rf /tedge_download_path_test
    arg #1     : rm
    arg #2     : -rf
    arg #3     : /tedge_download_path_test
  working dir  : /home/pi/actions-runner/_work/thin-edge.io/thin-edge.io/tests/PySys/software_management_end_to_end/sm_apt_install_download_path/Output/linux
  stdout       : None
  stderr       : None
  environment  : LD_LIBRARY_PATH=/usr/lib
  environment  : PATH=/bin:/usr/bin:/usr/sbin:/usr/local/bin
                   #1  /bin
                   #2  /usr/bin
                   #3  /usr/sbin
                   #4  /usr/local/bin
10:44:29 DEBUG Waiting up to 600 secs for process sudo (pid 32421)
10:44:29 INFO  Executed sudo, exit status 0
10:44:29 DEBUG Process parameters for sudo
  command line : /usr/bin/sudo /usr/bin/tedge config set tmp.path None
    arg #1     : /usr/bin/tedge
    arg #2     : config
    arg #3     : set
    arg #4     : tmp.path
    arg #5     : None
  working dir  : /home/pi/actions-runner/_work/thin-edge.io/thin-edge.io/tests/PySys/software_management_end_to_end/sm_apt_install_download_path/Output/linux
  stdout       : None
  stderr       : None
  environment  : LD_LIBRARY_PATH=/usr/lib
  environment  : PATH=/bin:/usr/bin:/usr/sbin:/usr/local/bin
                   #1  /bin
                   #2  /usr/bin
                   #3  /usr/sbin
                   #4  /usr/local/bin
10:44:29 DEBUG Waiting up to 600 secs for process sudo (pid 32423)
10:44:30 INFO  Executed sudo, exit status 0
10:44:30 DEBUG Process parameters for sudo&lt;tedge_disconnect_c8y&gt;
  command line : /usr/bin/sudo /usr/bin/tedge disconnect c8y
    arg #1     : /usr/bin/tedge
    arg #2     : disconnect
    arg #3     : c8y
  working dir  : /home/pi/actions-runner/_work/thin-edge.io/thin-edge.io/tests/PySys/software_management_end_to_end/sm_apt_install_download_path/Output/linux
  stdout       : /home/pi/actions-runner/_work/thin-edge.io/thin-edge.io/tests/PySys/software_management_end_to_end/sm_apt_install_download_path/Output/linux/tedge_disconnect_c8y.out
  stderr       : /home/pi/actions-runner/_work/thin-edge.io/thin-edge.io/tests/PySys/software_management_end_to_end/sm_apt_install_download_path/Output/linux/tedge_disconnect_c8y.err
  environment  : LD_LIBRARY_PATH=/usr/lib
  environment  : PATH=/bin:/usr/bin:/usr/sbin:/usr/local/bin
                   #1  /bin
                   #2  /usr/bin
                   #3  /usr/sbin
                   #4  /usr/local/bin
10:44:30 DEBUG Waiting up to 600 secs for process sudo&lt;tedge_disconnect_c8y&gt; (pid 32428)
10:44:34 INFO  Executed sudo&lt;tedge_disconnect_c8y&gt;, exit status 0
10:44:34 INFO  Restarting mosquitto too frequently in the last 10 seconds. It was only up for 3 seconds
10:44:34 INFO  Delaying execution by 8 seconds
10:44:42 DEBUG Process parameters for sudo&lt;tedge_connect_c8y&gt;
  command line : /usr/bin/sudo /usr/bin/tedge connect c8y
    arg #1     : /usr/bin/tedge
    arg #2     : connect
    arg #3     : c8y
  working dir  : /home/pi/actions-runner/_work/thin-edge.io/thin-edge.io/tests/PySys/software_management_end_to_end/sm_apt_install_download_path/Output/linux
  stdout       : /home/pi/actions-runner/_work/thin-edge.io/thin-edge.io/tests/PySys/software_management_end_to_end/sm_apt_install_download_path/Output/linux/tedge_connect_c8y.out
  stderr       : /home/pi/actions-runner/_work/thin-edge.io/thin-edge.io/tests/PySys/software_management_end_to_end/sm_apt_install_download_path/Output/linux/tedge_connect_c8y.err
  environment  : LD_LIBRARY_PATH=/usr/lib
  environment  : PATH=/bin:/usr/bin:/usr/sbin:/usr/local/bin
                   #1  /bin
                   #2  /usr/bin
                   #3  /usr/sbin
                   #4  /usr/local/bin
10:44:42 DEBUG Waiting up to 600 secs for process sudo&lt;tedge_connect_c8y&gt; (pid 32471)
10:44:56 INFO  Executed sudo&lt;tedge_connect_c8y&gt;, exit status 0, duration 14 secs
10:44:56 DEBUG Running registered cleanup function: &lt;bound method EnvironmentC8y.myenvcleanup of &lt;AptInstallWithDownloadPath object at 0x75d7fcb0&gt;&gt;
10:44:56 DEBUG EnvironmentC8y Cleanup
10:44:56 DEBUG Process parameters for sudo&lt;tedge_disconnect_c8y&gt;
  command line : /usr/bin/sudo /usr/bin/tedge disconnect c8y
    arg #1     : /usr/bin/tedge
    arg #2     : disconnect
    arg #3     : c8y
  working dir  : /home/pi/actions-runner/_work/thin-edge.io/thin-edge.io/tests/PySys/software_management_end_to_end/sm_apt_install_download_path/Output/linux
  stdout       : /home/pi/actions-runner/_work/thin-edge.io/thin-edge.io/tests/PySys/software_management_end_to_end/sm_apt_install_download_path/Output/linux/tedge_disconnect_c8y.out
  stderr       : /home/pi/actions-runner/_work/thin-edge.io/thin-edge.io/tests/PySys/software_management_end_to_end/sm_apt_install_download_path/Output/linux/tedge_disconnect_c8y.err
  environment  : LD_LIBRARY_PATH=/usr/lib
  environment  : PATH=/bin:/usr/bin:/usr/sbin:/usr/local/bin
                   #1  /bin
                   #2  /usr/bin
                   #3  /usr/sbin
                   #4  /usr/local/bin
10:44:56 DEBUG Waiting up to 600 secs for process sudo&lt;tedge_disconnect_c8y&gt; (pid 32587)
10:45:00 INFO  Executed sudo&lt;tedge_disconnect_c8y&gt;, exit status 0
10:45:00 DEBUG Process parameters for systemctl&lt;serv_mapper5&gt;
  command line : /usr/bin/systemctl status tedge-mapper-c8y
    arg #1     : status
    arg #2     : tedge-mapper-c8y
  working dir  : /home/pi/actions-runner/_work/thin-edge.io/thin-edge.io/tests/PySys/software_management_end_to_end/sm_apt_install_download_path/Output/linux
  stdout       : /home/pi/actions-runner/_work/thin-edge.io/thin-edge.io/tests/PySys/software_management_end_to_end/sm_apt_install_download_path/Output/linux/serv_mapper5.out
  stderr       : /home/pi/actions-runner/_work/thin-edge.io/thin-edge.io/tests/PySys/software_management_end_to_end/sm_apt_install_download_path/Output/linux/serv_mapper5.err
  environment  : LD_LIBRARY_PATH=/usr/lib
  environment  : PATH=/bin:/usr/bin:/usr/sbin:/usr/local/bin
                   #1  /bin
                   #2  /usr/bin
                   #3  /usr/sbin
                   #4  /usr/local/bin
10:45:00 DEBUG Waiting up to 600 secs for process systemctl&lt;serv_mapper5&gt; (pid 32628)
10:45:01 INFO  Executed systemctl&lt;serv_mapper5&gt;, exit status 3
10:45:01 DEBUG ProcessUser cleanup function done.
10:45:01 INFO  
10:45:01 INFO  Test duration: 52.47 secs
10:45:01 INFO  Test final outcome:  BLOCKED
10:45:01 INFO  Test outcome reason: TypeError: 'NoneType' object is not iterable
10:45:01 INFO  
</system-out>
	</testcase>
</testsuite><testsuite name="SoftwareManagement.sm_apt_install_fail" tests="3" errors="0" failures="1" skipped="1" time="0"><testcase classname="PySysTest" name="SoftwareManagement.sm_apt_install_fail">
		<skipped message="SKIPPED: Testing the apt plugin is not supported on this platform.Use parameter -XmyPlatform='container' to enable it" />
		<system-out>09:55:06 DEBUG deletedir failed to update permissions and delete /home/pi/actions-runner/_work/thin-edge.io/thin-edge.io/tests/PySys/software_management_end_to_end/sm_apt_install_fail/Output/linux on this attempt: [Errno 2] No such file or directory: '/home/pi/actions-runner/_work/thin-edge.io/thin-edge.io/tests/PySys/software_management_end_to_end/sm_apt_install_fail/Output/linux'
09:55:06 INFO  ==============================================================
09:55:06 INFO  Id:    SoftwareManagement.sm_apt_install_fail
09:55:06 INFO  Dir:   software_management_end_to_end/
09:55:06 INFO  Title: Validate end to end behaviour for a failing installation
09:55:06 DEBUG Execution order hint: 0.0
09:55:06 INFO  ==============================================================
09:55:06 INFO  Testing the apt plugin is not supported on this platform.Use parameter -XmyPlatform='container' to enable it ... skipped
09:55:06 WARN  Aborted test due to SKIPPED outcome
09:55:06 DEBUG --- test cleanup
09:55:06 DEBUG ProcessUser cleanup function done.
09:55:06 INFO  
09:55:06 INFO  Test duration: 0.02 secs
09:55:06 INFO  Test final outcome:  SKIPPED
09:55:06 INFO  Test outcome reason: Testing the apt plugin is not supported on this platform.Use parameter -XmyPlatform='container' to enable it
09:55:06 INFO  
</system-out>
	</testcase>
<testcase classname="PySysTest" name="SoftwareManagement.sm_apt_install_fail" />
<testcase classname="PySysTest" name="SoftwareManagement.sm_apt_install_fail">
		<failure message="BLOCKED: TypeError: 'NoneType' object is not iterable" type="BLOCKED" />
		<system-out>10:45:01 INFO  ==============================================================
10:45:01 INFO  Id:    SoftwareManagement.sm_apt_install_fail
10:45:01 INFO  Dir:   software_management_end_to_end/
10:45:01 INFO  Title: Validate end to end behaviour for a failing installation
10:45:01 DEBUG Execution order hint: 0.0
10:45:01 INFO  ==============================================================
10:45:01 INFO  Using sw id database: {'asciijump': '5475369', 'robotfindskitten': '5474869', 'squirrel3': '5475279', 'rolldice': '5152439', 'moon-buggy': '5439204', 'apple': '5495053', 'banana': '5494888', 'cherry': '5495382', 'watermelon': '5494510', 'registry': '8018911', 'hello-world': '8021526', 'docker/getting-started': '8021973', 'alpine': '7991792'}
10:45:01 DEBUG EnvironmentC8y Setup
10:45:01 INFO  EnvironmentC8y Setup
10:45:01 DEBUG Process parameters for systemctl&lt;serv_mapper1&gt;
  command line : /usr/bin/systemctl status tedge-mapper-c8y
    arg #1     : status
    arg #2     : tedge-mapper-c8y
  working dir  : /home/pi/actions-runner/_work/thin-edge.io/thin-edge.io/tests/PySys/software_management_end_to_end/sm_apt_install_fail/Output/linux
  stdout       : /home/pi/actions-runner/_work/thin-edge.io/thin-edge.io/tests/PySys/software_management_end_to_end/sm_apt_install_fail/Output/linux/serv_mapper1.out
  stderr       : /home/pi/actions-runner/_work/thin-edge.io/thin-edge.io/tests/PySys/software_management_end_to_end/sm_apt_install_fail/Output/linux/serv_mapper1.err
  environment  : LD_LIBRARY_PATH=/usr/lib
  environment  : PATH=/bin:/usr/bin:/usr/sbin:/usr/local/bin
                   #1  /bin
                   #2  /usr/bin
                   #3  /usr/sbin
                   #4  /usr/local/bin
10:45:01 DEBUG Waiting up to 600 secs for process systemctl&lt;serv_mapper1&gt; (pid 32640)
10:45:02 INFO  Executed systemctl&lt;serv_mapper1&gt;, exit status 3
10:45:02 INFO  Restarting mosquitto too frequently in the last 10 seconds. It was only up for 5 seconds
10:45:02 INFO  Delaying execution by 6 seconds
10:45:08 DEBUG Process parameters for sudo&lt;tedge_connect_c8y&gt;
  command line : /usr/bin/sudo /usr/bin/tedge connect c8y
    arg #1     : /usr/bin/tedge
    arg #2     : connect
    arg #3     : c8y
  working dir  : /home/pi/actions-runner/_work/thin-edge.io/thin-edge.io/tests/PySys/software_management_end_to_end/sm_apt_install_fail/Output/linux
  stdout       : /home/pi/actions-runner/_work/thin-edge.io/thin-edge.io/tests/PySys/software_management_end_to_end/sm_apt_install_fail/Output/linux/tedge_connect_c8y.out
  stderr       : /home/pi/actions-runner/_work/thin-edge.io/thin-edge.io/tests/PySys/software_management_end_to_end/sm_apt_install_fail/Output/linux/tedge_connect_c8y.err
  environment  : LD_LIBRARY_PATH=/usr/lib
  environment  : PATH=/bin:/usr/bin:/usr/sbin:/usr/local/bin
                   #1  /bin
                   #2  /usr/bin
                   #3  /usr/sbin
                   #4  /usr/local/bin
10:45:08 DEBUG Waiting up to 600 secs for process sudo&lt;tedge_connect_c8y&gt; (pid 32647)
10:45:22 INFO  Executed sudo&lt;tedge_connect_c8y&gt;, exit status 0, duration 14 secs
10:45:22 DEBUG Process parameters for sudo&lt;tedge_connect_c8y_test&gt;
  command line : /usr/bin/sudo /usr/bin/tedge connect c8y --test
    arg #1     : /usr/bin/tedge
    arg #2     : connect
    arg #3     : c8y
    arg #4     : --test
  working dir  : /home/pi/actions-runner/_work/thin-edge.io/thin-edge.io/tests/PySys/software_management_end_to_end/sm_apt_install_fail/Output/linux
  stdout       : /home/pi/actions-runner/_work/thin-edge.io/thin-edge.io/tests/PySys/software_management_end_to_end/sm_apt_install_fail/Output/linux/tedge_connect_c8y_test.out
[...]
  stderr       : /home/pi/actions-runner/_work/thin-edge.io/thin-edge.io/tests/PySys/smoketests/smoketest_smartrest_400_samples_1Xms/Output/linux/tedge_disconnect_c8y.err
  environment  : LD_LIBRARY_PATH=/usr/lib
  environment  : PATH=/bin:/usr/bin:/usr/sbin:/usr/local/bin
                   #1  /bin
                   #2  /usr/bin
                   #3  /usr/sbin
                   #4  /usr/local/bin
09:52:28 DEBUG Waiting up to 600 secs for process sudo&lt;tedge_disconnect_c8y&gt; (pid 16796)
09:52:32 INFO  Executed sudo&lt;tedge_disconnect_c8y&gt;, exit status 0
09:52:32 DEBUG Process parameters for systemctl&lt;serv_mapper5&gt;
  command line : /usr/bin/systemctl status tedge-mapper-c8y
    arg #1     : status
    arg #2     : tedge-mapper-c8y
  working dir  : /home/pi/actions-runner/_work/thin-edge.io/thin-edge.io/tests/PySys/smoketests/smoketest_smartrest_400_samples_1Xms/Output/linux
  stdout       : /home/pi/actions-runner/_work/thin-edge.io/thin-edge.io/tests/PySys/smoketests/smoketest_smartrest_400_samples_1Xms/Output/linux/serv_mapper5.out
  stderr       : /home/pi/actions-runner/_work/thin-edge.io/thin-edge.io/tests/PySys/smoketests/smoketest_smartrest_400_samples_1Xms/Output/linux/serv_mapper5.err
  environment  : LD_LIBRARY_PATH=/usr/lib
  environment  : PATH=/bin:/usr/bin:/usr/sbin:/usr/local/bin
                   #1  /bin
                   #2  /usr/bin
                   #3  /usr/sbin
                   #4  /usr/local/bin
09:52:32 DEBUG Waiting up to 600 secs for process systemctl&lt;serv_mapper5&gt; (pid 16836)
09:52:33 INFO  Executed systemctl&lt;serv_mapper5&gt;, exit status 3
09:52:33 DEBUG ProcessUser cleanup function done.
09:52:33 INFO  
09:52:33 INFO  Test duration: 157.99 secs
09:52:33 INFO  Test final outcome:  BLOCKED
09:52:33 INFO  Test outcome reason: python3&lt;stdout&gt; returned non-zero exit code 1
09:52:33 INFO  
</system-out>
	</testcase>
</testsuite><testsuite name="smoketest_smartrest_400_samples_20ms" tests="1" errors="0" failures="1" skipped="0" time="0"><testcase classname="SmoketestSmartRest400Samples20ms" name="smoketest_smartrest_400_samples_20ms">
		<failure message="BLOCKED: python3&lt;stdout&gt; returned non-zero exit code 1" type="BLOCKED" />
		<system-out>09:52:33 DEBUG deletedir failed to update permissions and delete /home/pi/actions-runner/_work/thin-edge.io/thin-edge.io/tests/PySys/smoketests/smoketest_smartrest_400_samples_20ms/Output/linux on this attempt: [Errno 2] No such file or directory: '/home/pi/actions-runner/_work/thin-edge.io/thin-edge.io/tests/PySys/smoketests/smoketest_smartrest_400_samples_20ms/Output/linux'
09:52:33 INFO  ==============================================================
09:52:33 INFO  Id:    smoketest_smartrest_400_samples_20ms
09:52:33 INFO  Dir:   smoketests/
09:52:33 INFO  Title: Smoketest SmartRest 400 Samples 20ms Delay
09:52:33 DEBUG Execution order hint: 0.0
09:52:33 INFO  ==============================================================
09:52:33 DEBUG EnvironmentC8y Setup
09:52:33 INFO  EnvironmentC8y Setup
09:52:33 DEBUG Process parameters for systemctl&lt;serv_mapper1&gt;
  command line : /usr/bin/systemctl status tedge-mapper-c8y
    arg #1     : status
    arg #2     : tedge-mapper-c8y
  working dir  : /home/pi/actions-runner/_work/thin-edge.io/thin-edge.io/tests/PySys/smoketests/smoketest_smartrest_400_samples_20ms/Output/linux
  stdout       : /home/pi/actions-runner/_work/thin-edge.io/thin-edge.io/tests/PySys/smoketests/smoketest_smartrest_400_samples_20ms/Output/linux/serv_mapper1.out
  stderr       : /home/pi/actions-runner/_work/thin-edge.io/thin-edge.io/tests/PySys/smoketests/smoketest_smartrest_400_samples_20ms/Output/linux/serv_mapper1.err
  environment  : LD_LIBRARY_PATH=/usr/lib
  environment  : PATH=/bin:/usr/bin:/usr/sbin:/usr/local/bin
                   #1  /bin
                   #2  /usr/bin
                   #3  /usr/sbin
                   #4  /usr/local/bin
09:52:33 DEBUG Waiting up to 600 secs for process systemctl&lt;serv_mapper1&gt; (pid 16852)
09:52:34 INFO  Executed systemctl&lt;serv_mapper1&gt;, exit status 3
09:52:34 INFO  Restarting mosquitto too frequently in the last 10 seconds. It was only up for 5 seconds
09:52:34 INFO  Delaying execution by 6 seconds
09:52:40 DEBUG Process parameters for sudo&lt;tedge_connect_c8y&gt;
  command line : /usr/bin/sudo /usr/bin/tedge connect c8y
    arg #1     : /usr/bin/tedge
    arg #2     : connect
    arg #3     : c8y
  working dir  : /home/pi/actions-runner/_work/thin-edge.io/thin-edge.io/tests/PySys/smoketests/smoketest_smartrest_400_samples_20ms/Output/linux
  stdout       : /home/pi/actions-runner/_work/thin-edge.io/thin-edge.io/tests/PySys/smoketests/smoketest_smartrest_400_samples_20ms/Output/linux/tedge_connect_c8y.out
  stderr       : /home/pi/actions-runner/_work/thin-edge.io/thin-edge.io/tests/PySys/smoketests/smoketest_smartrest_400_samples_20ms/Output/linux/tedge_connect_c8y.err
  environment  : LD_LIBRARY_PATH=/usr/lib
  environment  : PATH=/bin:/usr/bin:/usr/sbin:/usr/local/bin
                   #1  /bin
                   #2  /usr/bin
                   #3  /usr/sbin
                   #4  /usr/local/bin
09:52:40 DEBUG Waiting up to 600 secs for process sudo&lt;tedge_connect_c8y&gt; (pid 16856)
09:52:54 INFO  Executed sudo&lt;tedge_connect_c8y&gt;, exit status 0, duration 13 secs
09:52:54 DEBUG Process parameters for sudo&lt;tedge_connect_c8y_test&gt;
  command line : /usr/bin/sudo /usr/bin/tedge connect c8y --test
    arg #1     : /usr/bin/tedge
    arg #2     : connect
    arg #3     : c8y
    arg #4     : --test
  working dir  : /home/pi/actions-runner/_work/thin-edge.io/thin-edge.io/tests/PySys/smoketests/smoketest_smartrest_400_samples_20ms/Output/linux
  stdout       : /home/pi/actions-runner/_work/thin-edge.io/thin-edge.io/tests/PySys/smoketests/smoketest_smartrest_400_samples_20ms/Output/linux/tedge_connect_c8y_test.out
  stderr       : /home/pi/actions-runner/_work/thin-edge.io/thin-edge.io/tests/PySys/smoketests/smoketest_smartrest_400_samples_20ms/Output/linux/tedge_connect_c8y_test.err
  environment  : LD_LIBRARY_PATH=/usr/lib
  environment  : PATH=/bin:/usr/bin:/usr/sbin:/usr/local/bin
                   #1  /bin
                   #2  /usr/bin
                   #3  /usr/sbin
                   #4  /usr/local/bin
09:52:54 DEBUG Waiting up to 600 secs for process sudo&lt;tedge_connect_c8y_test&gt; (pid 16963)
09:52:54 INFO  Executed sudo&lt;tedge_connect_c8y_test&gt;, exit status 0
09:52:54 DEBUG Process parameters for systemctl&lt;serv_mosq2&gt;
  command line : /usr/bin/systemctl status mosquitto
    arg #1     : status
    arg #2     : mosquitto
  working dir  : /home/pi/actions-runner/_work/thin-edge.io/thin-edge.io/tests/PySys/smoketests/smoketest_smartrest_400_samples_20ms/Output/linux
  stdout       : /home/pi/actions-runner/_work/thin-edge.io/thin-edge.io/tests/PySys/smoketests/smoketest_smartrest_400_samples_20ms/Output/linux/serv_mosq2.out
  stderr       : /home/pi/actions-runner/_work/thin-edge.io/thin-edge.io/tests/PySys/smoketests/smoketest_smartrest_400_samples_20ms/Output/linux/serv_mosq2.err
  environment  : LD_LIBRARY_PATH=/usr/lib
  environment  : PATH=/bin:/usr/bin:/usr/sbin:/usr/local/bin
                   #1  /bin
                   #2  /usr/bin
                   #3  /usr/sbin
                   #4  /usr/local/bin
09:52:54 DEBUG Waiting up to 600 secs for process systemctl&lt;serv_mosq2&gt; (pid 16969)
09:52:55 INFO  Executed systemctl&lt;serv_mosq2&gt;, exit status 0
09:52:55 DEBUG Process parameters for systemctl&lt;serv_mapper3&gt;
  command line : /usr/bin/systemctl status tedge-mapper-c8y
    arg #1     : status
    arg #2     : tedge-mapper-c8y
  working dir  : /home/pi/actions-runner/_work/thin-edge.io/thin-edge.io/tests/PySys/smoketests/smoketest_smartrest_400_samples_20ms/Output/linux
  stdout       : /home/pi/actions-runner/_work/thin-edge.io/thin-edge.io/tests/PySys/smoketests/smoketest_smartrest_400_samples_20ms/Output/linux/serv_mapper3.out
  stderr       : /home/pi/actions-runner/_work/thin-edge.io/thin-edge.io/tests/PySys/smoketests/smoketest_smartrest_400_samples_20ms/Output/linux/serv_mapper3.err
  environment  : LD_LIBRARY_PATH=/usr/lib
  environment  : PATH=/bin:/usr/bin:/usr/sbin:/usr/local/bin
                   #1  /bin
                   #2  /usr/bin
                   #3  /usr/sbin
                   #4  /usr/local/bin
09:52:55 DEBUG Waiting up to 600 secs for process systemctl&lt;serv_mapper3&gt; (pid 16970)
09:52:55 INFO  Executed systemctl&lt;serv_mapper3&gt;, exit status 0
09:52:55 DEBUG C8y Roundtrip Setup
09:52:55 DEBUG --- test execute
09:52:55 DEBUG EnvironmentC8y Execute
09:52:55 DEBUG C8y Roundtrip Execute
09:53:50 DEBUG Process parameters for python3&lt;stdout&gt;
  command line : /home/pi/env-pysys/bin/python3 /home/pi/actions-runner/_work/thin-edge.io/thin-edge.io/ci/roundtrip_local_to_c8y.py -m REST -pub /home/pi/examples -u githubcimichael -t t493319102 -id 17040573 -o 55 -d 20 -s 400
    arg #1     : /home/pi/actions-runner/_work/thin-edge.io/thin-edge.io/ci/roundtrip_local_to_c8y.py
    arg #2     : -m
    arg #3     : REST
    arg #4     : -pub
    arg #5     : /home/pi/examples
    arg #6     : -u
    arg #7     : githubcimichael
    arg #8     : -t
    arg #9     : t493319102
    arg #10    : -id
    arg #11    : 17040573
    arg #12    : -o
    arg #13    : 55
    arg #14    : -d
    arg #15    : 20
    arg #16    : -s
    arg #17    : 400
  working dir  : /home/pi/actions-runner/_work/thin-edge.io/thin-edge.io/tests/PySys/smoketests/smoketest_smartrest_400_samples_20ms/Output/linux
  stdout       : /home/pi/actions-runner/_work/thin-edge.io/thin-edge.io/tests/PySys/smoketests/smoketest_smartrest_400_samples_20ms/Output/linux/stdout.out
  stderr       : /home/pi/actions-runner/_work/thin-edge.io/thin-edge.io/tests/PySys/smoketests/smoketest_smartrest_400_samples_20ms/Output/linux/stdout.err
  environment  : C8YPASS=%-SL(m96NW3e_
09:53:50 DEBUG Waiting up to 600 secs for process python3&lt;stdout&gt; (pid 16983)
09:55:01 WARN  Executed python3&lt;stdout&gt;, exit status 1, duration 70 secs
09:55:01 DEBUG Opening file using encoding=UTF-8: /home/pi/actions-runner/_work/thin-edge.io/thin-edge.io/tests/PySys/smoketests/smoketest_smartrest_400_samples_20ms/Output/linux/stdout.err
09:55:01 DEBUG Opening file using encoding=UTF-8: /home/pi/actions-runner/_work/thin-edge.io/thin-edge.io/tests/PySys/smoketests/smoketest_smartrest_400_samples_20ms/Output/linux/stdout.out
09:55:01 INFO  Contents of stdout.out: 
  Retrieved values:
     76    77    78    79
     80    81    82    83    84    85    86    87    88    89    90    91    92    93    94    95    96    97    98    99
    100   101   102   103   104   105   106   107   108   109   110   111   112   113   114   115   116   117   118   119
    120   121   122   123   124   125   126   127   128   129   130   131   132   133   134   135   136   137   138   139
    140   141   142   143   144   145   146   147   148   149   150   151   152   153   154   155   156   157   158   159
    160   161   162   163   164   165   166   167   168   169   170   171   172   173   174   175   176   177   178   179
    180   181   182   183   184   185   186   187   188   189   190   191   192   193   194   195   196   197   198   199
    200   201   202   203   204   205   206   207   208   209   210   211   212   213   214   215   216   217   218   219
    220   221   222   223   224   225   226   227   228   229   230   231   232   233   234   235   236   237   238   239
    240   241   242   243   244   245   246   247   248   249   250   251   252   253   254   255   256   257   258   259
    260   261   262   263   264   265   266   267   268   269   270   271   272   273   274   275   276   277   278   279
    280   281   282   283   284   285   286   287   288   289   290   291   292   293   294   295   296   297   298   299
    300   301   302   303   304   305   306   307   308   309   310   311   312   313   314   315   316   317   318   319
    320   321   322   323   324   325   326   327   328   329   330   331   332   333   334   335   336   337   338   339
    340   341   342   343   344   345   346   347   348   349   350   351   352   353   354   355   356   357   358   359
    360   361   362   363   364   365   366   367   368   369   370   371   372   373   374   375   376   377   378   379
    380   381   382   383   384   385   386   387   388   389   390   391   392   393   394   395   396   397   398   399
  Expected:  0.0  ...  399.0
  Data verification FAILED
  -----

09:55:01 WARN  python3&lt;stdout&gt; returned non-zero exit code 1 ... blocked 
09:55:01 WARN  Aborted test due to BLOCKED outcome
09:55:01 DEBUG --- test cleanup
09:55:01 INFO  
09:55:01 INFO  cleanup:
09:55:01 DEBUG Running registered cleanup function: &lt;bound method Environment_roundtrip_c8y.myenvroundtripcleanup of &lt;SmoketestSmartRest400Samples20ms object at 0x75d7da70&gt;&gt;
09:55:01 DEBUG C8y Roundtrip MyCleanup
09:55:01 DEBUG Running registered cleanup function: &lt;bound method EnvironmentC8y.myenvcleanup of &lt;SmoketestSmartRest400Samples20ms object at 0x75d7da70&gt;&gt;
09:55:01 DEBUG EnvironmentC8y Cleanup
09:55:01 DEBUG Process parameters for sudo&lt;tedge_disconnect_c8y&gt;
  command line : /usr/bin/sudo /usr/bin/tedge disconnect c8y
    arg #1     : /usr/bin/tedge
    arg #2     : disconnect
    arg #3     : c8y
  working dir  : /home/pi/actions-runner/_work/thin-edge.io/thin-edge.io/tests/PySys/smoketests/smoketest_smartrest_400_samples_20ms/Output/linux
  stdout       : /home/pi/actions-runner/_work/thin-edge.io/thin-edge.io/tests/PySys/smoketests/smoketest_smartrest_400_samples_20ms/Output/linux/tedge_disconnect_c8y.out
  stderr       : /home/pi/actions-runner/_work/thin-edge.io/thin-edge.io/tests/PySys/smoketests/smoketest_smartrest_400_samples_20ms/Output/linux/tedge_disconnect_c8y.err
  environment  : LD_LIBRARY_PATH=/usr/lib
  environment  : PATH=/bin:/usr/bin:/usr/sbin:/usr/local/bin
                   #1  /bin
                   #2  /usr/bin
                   #3  /usr/sbin
                   #4  /usr/local/bin
09:55:01 DEBUG Waiting up to 600 secs for process sudo&lt;tedge_disconnect_c8y&gt; (pid 18203)
09:55:05 INFO  Executed sudo&lt;tedge_disconnect_c8y&gt;, exit status 0
09:55:05 DEBUG Process parameters for systemctl&lt;serv_mapper5&gt;
  command line : /usr/bin/systemctl status tedge-mapper-c8y
    arg #1     : status
    arg #2     : tedge-mapper-c8y
  working dir  : /home/pi/actions-runner/_work/thin-edge.io/thin-edge.io/tests/PySys/smoketests/smoketest_smartrest_400_samples_20ms/Output/linux
  stdout       : /home/pi/actions-runner/_work/thin-edge.io/thin-edge.io/tests/PySys/smoketests/smoketest_smartrest_400_samples_20ms/Output/linux/serv_mapper5.out
  stderr       : /home/pi/actions-runner/_work/thin-edge.io/thin-edge.io/tests/PySys/smoketests/smoketest_smartrest_400_samples_20ms/Output/linux/serv_mapper5.err
  environment  : LD_LIBRARY_PATH=/usr/lib
  environment  : PATH=/bin:/usr/bin:/usr/sbin:/usr/local/bin
                   #1  /bin
                   #2  /usr/bin
                   #3  /usr/sbin
                   #4  /usr/local/bin
09:55:05 DEBUG Waiting up to 600 secs for process systemctl&lt;serv_mapper5&gt; (pid 18244)
09:55:05 INFO  Executed systemctl&lt;serv_mapper5&gt;, exit status 3
09:55:05 DEBUG ProcessUser cleanup function done.
09:55:05 INFO  
09:55:05 INFO  Test duration: 152.39 secs
09:55:05 INFO  Test final outcome:  BLOCKED
09:55:05 INFO  Test outcome reason: python3&lt;stdout&gt; returned non-zero exit code 1
09:55:05 INFO  
</system-out>
	</testcase>
</testsuite><testsuite name="tedge_agent_user_sudo_access" tests="1" errors="0" failures="0" skipped="1" time="0"><testcase classname="TedgeAgentUserSudoAccess" name="tedge_agent_user_sudo_access">
		<skipped message="SKIPPED: #955 Observation: Exit code of the apt plugin when called with no arguments" />
		<system-out>09:55:33 DEBUG deletedir failed to update permissions and delete /home/pi/actions-runner/_work/thin-edge.io/thin-edge.io/tests/PySys/tedge/tedge_agent_user_sudo_access/Output/linux on this attempt: [Errno 2] No such file or directory: '/home/pi/actions-runner/_work/thin-edge.io/thin-edge.io/tests/PySys/tedge/tedge_agent_user_sudo_access/Output/linux'
09:55:33 INFO  ==============================================================
09:55:33 INFO  Id:    tedge_agent_user_sudo_access
09:55:33 INFO  Dir:   tedge/
09:55:33 INFO  Title: Validate tedge-agent user has a limited sudo right
09:55:33 DEBUG Execution order hint: 0.0
09:55:33 INFO  ==============================================================
09:55:33 INFO  #955 Observation: Exit code of the apt plugin when called with no arguments ... skipped
09:55:33 DEBUG --- test cleanup
09:55:33 DEBUG ProcessUser cleanup function done.
09:55:33 INFO  
09:55:33 INFO  Test duration: 0.03 secs
09:55:33 INFO  Test final outcome:  SKIPPED
09:55:33 INFO  Test outcome reason: #955 Observation: Exit code of the apt plugin when called with no arguments
09:55:33 INFO  
</system-out>
	</testcase>
</testsuite><testsuite name="tedge_connect_test_negative" tests="1" errors="0" failures="0" skipped="0" time="0"><testcase classname="TedgeConnectTestNegative" name="tedge_connect_test_negative" />
</testsuite><testsuite name="tedge_connect_test_positive" tests="1" errors="0" failures="0" skipped="0" time="0"><testcase classname="TedgeConnectTestPositive" name="tedge_connect_test_positive" />
</testsuite><testsuite name="tedge_connect_test_sm_services" tests="1" errors="0" failures="0" skipped="0" time="0"><testcase classname="TedgeConnectTestSMServices" name="tedge_connect_test_sm_services" />
</testsuite><testsuite name="tedge_disconnect_test_sm_services" tests="1" errors="0" failures="0" skipped="0" time="0"><testcase classname="TedgeDisConnectTestSMServices" name="tedge_disconnect_test_sm_services" />
</testsuite><testsuite name="tedge_mapper_az_negative" tests="1" errors="0" failures="0" skipped="0" time="0"><testcase classname="TedgeMapperAzError" name="tedge_mapper_az_negative" />
</testsuite><testsuite name="tedge_mapper_az_with_timestamp" tests="1" errors="0" failures="0" skipped="0" time="0"><testcase classname="TedgeMapperAzWithTimestamp" name="tedge_mapper_az_with_timestamp" />
</testsuite><testsuite name="tedge_mapper_az_without_timestamp" tests="1" errors="0" failures="0" skipped="0" time="0"><testcase classname="TedgeMapperAzWithoutTimestamp" name="tedge_mapper_az_without_timestamp" />
</testsuite><testsuite name="tedge_mapper_c8y_alarms" tests="1" errors="0" failures="0" skipped="0" time="0"><testcase classname="TedgeMapperC8yAlarm" name="tedge_mapper_c8y_alarms" />
</testsuite><testsuite name="tedge_mapper_c8y_child_device_measurement" tests="1" errors="0" failures="0" skipped="0" time="0"><testcase classname="TedgeMapperC8yChildDevice" name="tedge_mapper_c8y_child_device_measurement" />
</testsuite><testsuite name="tedge_mapper_c8y_negative" tests="1" errors="0" failures="0" skipped="0" time="0"><testcase classname="TedgeMapperC8y" name="tedge_mapper_c8y_negative" />
</testsuite><testsuite name="tedge_mapper_c8y_packet_threshold_size" tests="1" errors="0" failures="0" skipped="0" time="0"><testcase classname="TedgeMapperC8yThresholdPacketSize" name="tedge_mapper_c8y_packet_threshold_size" />
</testsuite><testsuite name="tedge_mapper_c8y_positive" tests="1" errors="0" failures="0" skipped="0" time="0"><testcase classname="TedgeMapperC8y" name="tedge_mapper_c8y_positive" />
</testsuite><testsuite name="tedge_software_update" tests="1" errors="0" failures="0" skipped="0" time="0"><testcase classname="PySysTest" name="tedge_software_update" />
</testsuite><testsuite name="valid_device_id" tests="1" errors="0" failures="0" skipped="0" time="0"><testcase classname="ValidateValidDeviceId" name="valid_device_id" />
</testsuite></testsuites>