<?xml version='1.0' encoding='utf-8'?>
<testsuites tests="38" failures="4" errors="0" skipped="0" time="0.0"><testsuite name="SoftwareManagement.sm_apt_install_download_path" tests="1" errors="0" failures="1" skipped="0" time="0"><testcase classname="AptInstallWithDownloadPath" name="SoftwareManagement.sm_apt_install_download_path">
		<failure message="BLOCKED: AssertionError:" type="BLOCKED" />
		<system-out>10:43:38 INFO  ==============================================================
10:43:38 INFO  Id:    SoftwareManagement.sm_apt_install_download_path
10:43:38 INFO  Dir:   software_management_end_to_end/
10:43:38 INFO  Title: Install package to directory specified in tedge config set tmp.path
10:43:38 INFO  ==============================================================
10:43:38 INFO  Using sw id database: {'asciijump': '5475369', 'robotfindskitten': '5474869', 'squirrel3': '5475279', 'rolldice': '5152439', 'moon-buggy': '5439204', 'apple': '5495053', 'banana': '5494888', 'cherry': '5495382', 'watermelon': '5494510', 'registry': '8018911', 'hello-world': '8021526', 'docker/getting-started': '8021973', 'alpine': '7991792'}
10:43:38 INFO  EnvironmentC8y Setup
10:43:39 INFO  Executed systemctl&lt;serv_mapper1&gt;, exit status 3
10:43:53 INFO  Executed sudo&lt;tedge_connect_c8y&gt;, exit status 0, duration 14 secs
10:43:55 INFO  Executed sudo&lt;tedge_connect_c8y_test&gt;, exit status 0
10:43:56 INFO  Executed systemctl&lt;serv_mosq2&gt;, exit status 0
10:43:57 INFO  Executed systemctl&lt;serv_mapper3&gt;, exit status 0
10:43:59 INFO  State of current operation: SUCCESSFUL
10:43:59 INFO  Assert that (False == value) with value=False ... passed
10:44:00 INFO  Executed sudo, exit status 0
10:44:00 INFO  Executed sudo, exit status 0
10:44:01 INFO  Executed sudo, exit status 0
10:44:05 INFO  Executed sudo&lt;tedge_disconnect_c8y&gt;, exit status 0
10:44:05 INFO  Restarting mosquitto too frequently in the last 10 seconds. It was only up for 3 seconds
10:44:05 INFO  Delaying execution by 8 seconds
10:44:27 INFO  Executed sudo&lt;tedge_connect_c8y&gt;, exit status 0, duration 13 secs
10:44:27 INFO  Response status: 201
10:44:27 INFO  Response to action: {
    "delivery": {
        "time": "2022-04-14T10:44:27.380Z",
        "log": [],
        "status": "PENDING"
    },
    "creationTime": "2022-04-14T10:44:27.365Z",
    "deviceName": "mythicd",
    "deviceId": "17331100",
    "self": "https://t493319102.eu-latest.cumulocity.com/devicecontrol/operations/17330331",
    "id": "17330331",
    "status": "PENDING",
    "description": "Apply software changes, triggered from PySys: [{'name': 'rolldice', 'id': '5152439', 'version': '::apt', 'url': 'https://thin-edge-io.eu-latest.cumulocity.com/inventory/binaries/12435463', 'action': 'install'}]",
    "c8y_SoftwareUpdate": [
        {
            "name": "rolldice",
            "action": "install",
            "id": "5152439",
            "version": "::apt",
            "url": "https://thin-edge-io.eu-latest.cumulocity.com/inventory/binaries/12435463"
        }
    ]
}
10:44:27 INFO  Started operation: {'delivery': {'time': '2022-04-14T10:44:27.380Z', 'log': [], 'status': 'PENDING'}, 'creationTime': '2022-04-14T10:44:27.365Z', 'deviceName': 'mythicd', 'deviceId': '17331100', 'self': 'https://t493319102.eu-latest.cumulocity.com/devicecontrol/operations/17330331', 'id': '17330331', 'status': 'PENDING', 'description': "Apply software changes, triggered from PySys: [{'name': 'rolldice', 'id': '5152439', 'version': '::apt', 'url': 'https://thin-edge-io.eu-latest.cumulocity.com/inventory/binaries/12435463', 'action': 'install'}]", 'c8y_SoftwareUpdate': [{'name': 'rolldice', 'action': 'install', 'id': '5152439', 'version': '::apt', 'url': 'https://thin-edge-io.eu-latest.cumulocity.com/inventory/binaries/12435463'}]}
10:44:27 WARN  , retrying in 0.5 seconds...
10:44:27 WARN  , retrying in 0.5 seconds...
10:44:28 WARN  , retrying in 0.5 seconds...
10:44:28 WARN  , retrying in 0.5 seconds...
10:44:29 WARN  , retrying in 0.5 seconds...
10:44:29 WARN  , retrying in 0.5 seconds...
10:44:30 WARN  , retrying in 0.5 seconds...
10:44:30 WARN  , retrying in 0.5 seconds...
10:44:31 WARN  , retrying in 0.5 seconds...
10:44:31 WARN  AssertionError occurred while running test - 
Traceback (most recent call last):
  File "/home/pi/env-pysys/lib/python3.7/site-packages/pysys/baserunner.py", line 1294, in __call__
    self.testObj.execute()
  File "/home/pi/actions-runner/_work/thin-edge.io/thin-edge.io/tests/PySys/software_management_end_to_end/sm_apt_install_download_path/run.py", line 83, in execute
    assert_install_in_download_path(install_directory=self.DOWNLOAD_DIR)
  File "/home/pi/env-pysys/lib/python3.7/site-packages/decorator.py", line 232, in fun
    return caller(func, *(extras + args), **kw)
  File "/home/pi/env-pysys/lib/python3.7/site-packages/retry/api.py", line 74, in retry_decorator
    logger)
  File "/home/pi/env-pysys/lib/python3.7/site-packages/retry/api.py", line 33, in __retry_internal
    return f()
  File "/home/pi/actions-runner/_work/thin-edge.io/thin-edge.io/tests/PySys/software_management_end_to_end/sm_apt_install_download_path/run.py", line 28, in assert_install_in_download_path
    assert "rolldice" in os.listdir(f"{install_directory}")
AssertionError
10:44:32 WARN  AssertionError: ... blocked 
10:44:32 INFO  
10:44:32 INFO  cleanup:
10:44:33 INFO  Executed sudo, exit status 0
10:44:33 INFO  Executed sudo, exit status 0
10:44:38 INFO  Executed sudo&lt;tedge_disconnect_c8y&gt;, exit status 0
10:44:38 INFO  Restarting mosquitto too frequently in the last 10 seconds. It was only up for 3 seconds
10:44:38 INFO  Delaying execution by 8 seconds
10:45:00 INFO  Executed sudo&lt;tedge_connect_c8y&gt;, exit status 0, duration 14 secs
10:45:04 INFO  Executed sudo&lt;tedge_disconnect_c8y&gt;, exit status 0
10:45:05 INFO  Executed systemctl&lt;serv_mapper5&gt;, exit status 3
10:45:05 INFO  
10:45:05 INFO  Test duration: 86.83 secs
10:45:05 INFO  Test final outcome:  BLOCKED
10:45:05 INFO  Test outcome reason: AssertionError:
10:45:05 INFO  
</system-out>
	</testcase>
</testsuite><testsuite name="SoftwareManagement.sm_apt_install_fail" tests="1" errors="0" failures="0" skipped="0" time="0"><testcase classname="PySysTest" name="SoftwareManagement.sm_apt_install_fail" />
</testsuite><testsuite name="SoftwareManagement.sm_apt_install_remove" tests="1" errors="0" failures="0" skipped="0" time="0"><testcase classname="PySysTest" name="SoftwareManagement.sm_apt_install_remove" />
</testsuite><testsuite name="SoftwareManagement.sm_apt_install_remove_default" tests="1" errors="0" failures="0" skipped="0" time="0"><testcase classname="PySysTest" name="SoftwareManagement.sm_apt_install_remove_default" />
</testsuite><testsuite name="SoftwareManagement.sm_apt_install_remove_multiple" tests="1" errors="0" failures="1" skipped="0" time="0"><testcase classname="PySysTest" name="SoftwareManagement.sm_apt_install_remove_multiple">
		<failure message="FAILED: Assert that (False == value) with value=True" type="FAILED" />
		<system-out>10:52:03 INFO  ==============================================================
10:52:03 INFO  Id:    SoftwareManagement.sm_apt_install_remove_multiple
10:52:03 INFO  Dir:   software_management_end_to_end/
10:52:03 INFO  Title: Validate end to end behaviour for the apt plugin for multiple packages
10:52:03 INFO  ==============================================================
10:52:03 INFO  Using sw id database: {'asciijump': '5475369', 'robotfindskitten': '5474869', 'squirrel3': '5475279', 'rolldice': '5152439', 'moon-buggy': '5439204', 'apple': '5495053', 'banana': '5494888', 'cherry': '5495382', 'watermelon': '5494510', 'registry': '8018911', 'hello-world': '8021526', 'docker/getting-started': '8021973', 'alpine': '7991792'}
10:52:03 INFO  EnvironmentC8y Setup
10:52:04 INFO  Executed systemctl&lt;serv_mapper1&gt;, exit status 3
10:52:04 INFO  Restarting mosquitto too frequently in the last 10 seconds. It was only up for 4 seconds
10:52:04 INFO  Delaying execution by 7 seconds
10:52:25 INFO  Executed sudo&lt;tedge_connect_c8y&gt;, exit status 0, duration 14 secs
10:52:26 INFO  Executed sudo&lt;tedge_connect_c8y_test&gt;, exit status 0
10:52:26 INFO  Executed systemctl&lt;serv_mosq2&gt;, exit status 0
10:52:27 INFO  Executed systemctl&lt;serv_mapper3&gt;, exit status 0
10:52:29 INFO  State of current operation: SUCCESSFUL
10:52:29 INFO  Assert that (False == value) with value=False ... passed
10:52:30 INFO  Assert that (False == value) with value=False ... passed
10:52:30 INFO  Assert that (False == value) with value=False ... passed
10:52:30 INFO  Package robotfindskitten is installed
10:52:30 WARN  Assert that (False == value) with value=True ... failed 
10:52:30 INFO  Response status: 201
10:52:30 INFO  Response to action: {
    "creationTime": "2022-04-14T10:52:30.801Z",
    "deviceName": "mythicd",
    "deviceId": "17331100",
    "self": "https://t493319102.eu-latest.cumulocity.com/devicecontrol/operations/17330354",
    "id": "17330354",
    "status": "PENDING",
    "description": "Apply software changes, triggered from PySys: [{'action': 'install', 'id': '5475369', 'name': 'asciijump', 'url': ' ', 'version': '::apt'}, {'action': 'install', 'id': '5474869', 'name': 'robotfindskitten', 'url': ' ', 'version': '::apt'}, {'action': 'install', 'id': '5475279', 'name': 'squirrel3', 'url': ' ', 'version': '::apt'}]",
    "c8y_SoftwareUpdate": [
        {
            "name": "asciijump",
            "action": "install",
            "id": "5475369",
            "version": "::apt",
            "url": " "
        },
        {
            "name": "robotfindskitten",
            "action": "install",
            "id": "5474869",
            "version": "::apt",
            "url": " "
        },
        {
            "name": "squirrel3",
            "action": "install",
            "id": "5475279",
            "version": "::apt",
            "url": " "
        }
    ]
}
10:52:30 INFO  Started operation: {'creationTime': '2022-04-14T10:52:30.801Z', 'deviceName': 'mythicd', 'deviceId': '17331100', 'self': 'https://t493319102.eu-latest.cumulocity.com/devicecontrol/operations/17330354', 'id': '17330354', 'status': 'PENDING', 'description': "Apply software changes, triggered from PySys: [{'action': 'install', 'id': '5475369', 'name': 'asciijump', 'url': ' ', 'version': '::apt'}, {'action': 'install', 'id': '5474869', 'name': 'robotfindskitten', 'url': ' ', 'version': '::apt'}, {'action': 'install', 'id': '5475279', 'name': 'squirrel3', 'url': ' ', 'version': '::apt'}]", 'c8y_SoftwareUpdate': [{'name': 'asciijump', 'action': 'install', 'id': '5475369', 'version': '::apt', 'url': ' '}, {'name': 'robotfindskitten', 'action': 'install', 'id': '5474869', 'version': '::apt', 'url': ' '}, {'name': 'squirrel3', 'action': 'install', 'id': '5475279', 'version': '::apt', 'url': ' '}]}
10:52:33 INFO  State of operation 17330354 : PENDING
10:52:35 INFO  State of operation 17330354 : EXECUTING
10:52:37 INFO  State of operation 17330354 : EXECUTING
10:52:39 INFO  State of operation 17330354 : EXECUTING
10:52:41 INFO  State of operation 17330354 : EXECUTING
10:52:44 INFO  State of operation 17330354 : EXECUTING
10:52:46 INFO  State of operation 17330354 : EXECUTING
10:52:49 INFO  State of operation 17330354 : EXECUTING
10:52:52 INFO  State of operation 17330354 : EXECUTING
10:52:54 INFO  State of operation 17330354 : EXECUTING
10:52:56 INFO  State of operation 17330354 : EXECUTING
10:52:59 INFO  State of operation 17330354 : EXECUTING
10:53:01 INFO  State of operation 17330354 : EXECUTING
10:53:03 INFO  State of operation 17330354 : EXECUTING
10:53:05 INFO  State of operation 17330354 : EXECUTING
10:53:08 INFO  State of operation 17330354 : EXECUTING
10:53:10 INFO  State of operation 17330354 : EXECUTING
10:53:12 INFO  State of operation 17330354 : EXECUTING
10:53:15 INFO  State of operation 17330354 : EXECUTING
10:53:17 INFO  State of operation 17330354 : EXECUTING
10:53:20 INFO  State of operation 17330354 : EXECUTING
10:53:22 INFO  State of operation 17330354 : EXECUTING
10:53:24 INFO  State of operation 17330354 : EXECUTING
10:53:26 INFO  State of operation 17330354 : EXECUTING
10:53:29 INFO  State of operation 17330354 : EXECUTING
10:53:31 INFO  State of operation 17330354 : EXECUTING
10:53:34 INFO  State of operation 17330354 : EXECUTING
10:53:36 INFO  State of operation 17330354 : EXECUTING
10:53:39 INFO  State of operation 17330354 : EXECUTING
10:53:41 INFO  State of operation 17330354 : EXECUTING
10:53:44 INFO  State of operation 17330354 : EXECUTING
10:53:46 INFO  State of operation 17330354 : EXECUTING
10:53:48 INFO  State of operation 17330354 : EXECUTING
10:53:50 INFO  State of operation 17330354 : EXECUTING
10:53:52 INFO  State of operation 17330354 : SUCCESSFUL
10:53:53 INFO  Assert that (False == value) with value=False ... passed
10:53:53 INFO  Package asciijump is installed
10:53:53 INFO  Assert that (True == value) with value=True ... passed
10:53:53 INFO  Package squirrel3 is installed
10:53:53 INFO  Assert that (True == value) with value=True ... passed
10:53:53 INFO  Package robotfindskitten is installed
10:53:53 INFO  Assert that (True == value) with value=True ... passed
10:53:54 INFO  Response status: 201
10:53:54 INFO  Response to action: {
    "creationTime": "2022-04-14T10:53:54.111Z",
    "deviceName": "mythicd",
    "deviceId": "17331100",
    "self": "https://t493319102.eu-latest.cumulocity.com/devicecontrol/operations/17330356",
    "id": "17330356",
    "status": "PENDING",
    "description": "Apply software changes, triggered from PySys: [{'action': 'delete', 'id': '5475369', 'name': 'asciijump', 'url': ' ', 'version': '::apt'}, {'action': 'delete', 'id': '5474869', 'name': 'robotfindskitten', 'url': ' ', 'version': '::apt'}, {'action': 'delete', 'id': '5475279', 'name': 'squirrel3', 'url': ' ', 'version': '::apt'}]",
    "c8y_SoftwareUpdate": [
        {
            "name": "asciijump",
            "action": "delete",
            "id": "5475369",
            "version": "::apt",
            "url": " "
        },
        {
            "name": "robotfindskitten",
            "action": "delete",
            "id": "5474869",
            "version": "::apt",
            "url": " "
        },
        {
            "name": "squirrel3",
            "action": "delete",
            "id": "5475279",
            "version": "::apt",
            "url": " "
        }
    ]
}
10:53:54 INFO  Started operation: {'creationTime': '2022-04-14T10:53:54.111Z', 'deviceName': 'mythicd', 'deviceId': '17331100', 'self': 'https://t493319102.eu-latest.cumulocity.com/devicecontrol/operations/17330356', 'id': '17330356', 'status': 'PENDING', 'description': "Apply software changes, triggered from PySys: [{'action': 'delete', 'id': '5475369', 'name': 'asciijump', 'url': ' ', 'version': '::apt'}, {'action': 'delete', 'id': '5474869', 'name': 'robotfindskitten', 'url': ' ', 'version': '::apt'}, {'action': 'delete', 'id': '5475279', 'name': 'squirrel3', 'url': ' ', 'version': '::apt'}]", 'c8y_SoftwareUpdate': [{'name': 'asciijump', 'action': 'delete', 'id': '5475369', 'version': '::apt', 'url': ' '}, {'name': 'robotfindskitten', 'action': 'delete', 'id': '5474869', 'version': '::apt', 'url': ' '}, {'name': 'squirrel3', 'action': 'delete', 'id': '5475279', 'version': '::apt', 'url': ' '}]}
10:53:56 INFO  State of operation 17330356 : PENDING
10:53:58 INFO  State of operation 17330356 : EXECUTING
10:54:00 INFO  State of operation 17330356 : EXECUTING
10:54:03 INFO  State of operation 17330356 : EXECUTING
10:54:05 INFO  State of operation 17330356 : EXECUTING
10:54:07 INFO  State of operation 17330356 : EXECUTING
10:54:10 INFO  State of operation 17330356 : EXECUTING
10:54:13 INFO  State of operation 17330356 : EXECUTING
10:54:15 INFO  State of operation 17330356 : EXECUTING
10:54:18 INFO  State of operation 17330356 : EXECUTING
10:54:20 INFO  State of operation 17330356 : EXECUTING
10:54:22 INFO  State of operation 17330356 : EXECUTING
10:54:24 INFO  State of operation 17330356 : EXECUTING
10:54:27 INFO  State of operation 17330356 : EXECUTING
10:54:29 INFO  State of operation 17330356 : EXECUTING
10:54:31 INFO  State of operation 17330356 : EXECUTING
10:54:34 INFO  State of operation 17330356 : EXECUTING
10:54:36 INFO  State of operation 17330356 : EXECUTING
10:54:39 INFO  State of operation 17330356 : EXECUTING
10:54:41 INFO  State of operation 17330356 : EXECUTING
10:54:43 INFO  State of operation 17330356 : EXECUTING
10:54:46 INFO  State of operation 17330356 : EXECUTING
10:54:48 INFO  State of operation 17330356 : EXECUTING
10:54:50 INFO  State of operation 17330356 : EXECUTING
10:54:53 INFO  State of operation 17330356 : EXECUTING
10:54:55 INFO  State of operation 17330356 : EXECUTING
10:54:58 INFO  State of operation 17330356 : EXECUTING
10:55:00 INFO  State of operation 17330356 : EXECUTING
10:55:02 INFO  State of operation 17330356 : SUCCESSFUL
10:55:03 INFO  Assert that (False == value) with value=False ... passed
10:55:03 INFO  Assert that (False == value) with value=False ... passed
10:55:03 INFO  Assert that (False == value) with value=False ... passed
10:55:03 INFO  Assert that (False == value) with value=False ... passed
10:55:03 INFO  
10:55:03 INFO  cleanup:
10:55:07 INFO  Executed sudo&lt;tedge_disconnect_c8y&gt;, exit status 0
10:55:08 INFO  Executed systemctl&lt;serv_mapper5&gt;, exit status 3
10:55:08 INFO  
10:55:08 INFO  Test duration: 184.51 secs
10:55:08 INFO  Test final outcome:  FAILED
10:55:08 INFO  Test outcome reason: Assert that (False == value) with value=True
10:55:08 INFO  
</system-out>
	</testcase>
</testsuite><testsuite name="SoftwareManagement.sm_apt_install_remove_multiple_mixed" tests="1" errors="0" failures="1" skipped="0" time="0"><testcase classname="PySysTest" name="SoftwareManagement.sm_apt_install_remove_multiple_mixed">
		<failure message="BLOCKED: SystemError: Timeout while waiting for status SUCCESSFUL or False" type="BLOCKED" />
		<system-out>10:55:08 INFO  ==============================================================
10:55:08 INFO  Id:    SoftwareManagement.sm_apt_install_remove_multiple_mixed
10:55:08 INFO  Dir:   software_management_end_to_end/
10:55:08 INFO  Title: Validate end to end behaviour for the apt plugin for multiple packages with mixed versions
10:55:08 INFO  ==============================================================
10:55:08 INFO  Using sw id database: {'asciijump': '5475369', 'robotfindskitten': '5474869', 'squirrel3': '5475279', 'rolldice': '5152439', 'moon-buggy': '5439204', 'apple': '5495053', 'banana': '5494888', 'cherry': '5495382', 'watermelon': '5494510', 'registry': '8018911', 'hello-world': '8021526', 'docker/getting-started': '8021973', 'alpine': '7991792'}
10:55:08 INFO  EnvironmentC8y Setup
10:55:09 INFO  Executed systemctl&lt;serv_mapper1&gt;, exit status 3
10:55:09 INFO  Restarting mosquitto too frequently in the last 10 seconds. It was only up for 5 seconds
10:55:09 INFO  Delaying execution by 6 seconds
10:55:29 INFO  Executed sudo&lt;tedge_connect_c8y&gt;, exit status 0, duration 13 secs
10:55:29 INFO  Executed sudo&lt;tedge_connect_c8y_test&gt;, exit status 0
10:55:30 INFO  Executed systemctl&lt;serv_mosq2&gt;, exit status 0
10:55:30 INFO  Executed systemctl&lt;serv_mapper3&gt;, exit status 0
10:55:33 INFO  State of current operation: SUCCESSFUL
10:55:33 INFO  Assert that (False == value) with value=False ... passed
10:55:33 INFO  Assert that (False == value) with value=False ... passed
10:55:33 INFO  Assert that (False == value) with value=False ... passed
10:55:34 INFO  Assert that (False == value) with value=False ... passed
10:55:34 INFO  Assert that (False == value) with value=False ... passed
10:55:35 INFO  Response status: 201
10:55:35 INFO  Response to action: {
    "delivery": {
        "time": "2022-04-14T10:55:35.753Z",
        "log": [],
        "status": "PENDING"
    },
    "creationTime": "2022-04-14T10:55:35.736Z",
    "deviceName": "mythicd",
    "deviceId": "17331100",
    "self": "https://t493319102.eu-latest.cumulocity.com/devicecontrol/operations/17330358",
    "id": "17330358",
    "status": "PENDING",
    "description": "Apply software changes, triggered from PySys: [{'action': 'install', 'id': '5475369', 'name': 'asciijump', 'url': ' ', 'version': '::apt'}, {'action': 'install', 'id': '5474869', 'name': 'robotfindskitten', 'url': ' ', 'version': ' '}, {'action': 'install', 'id': '5475279', 'name': 'squirrel3', 'url': ' ', 'version': '3.1-7::apt'}, {'action': 'install', 'id': '5152439', 'name': 'rolldice', 'url': ' ', 'version': '1.16-1+b1'}, {'action': 'install', 'id': '5439204', 'name': 'moon-buggy', 'url': ' ', 'version': '1:1.0.51-12'}, {'action': 'install', 'id': '5475369', 'name': 'asciijump', 'url': ' ', 'version': '::apt'}]",
    "c8y_SoftwareUpdate": [
        {
            "name": "asciijump",
            "action": "install",
            "id": "5475369",
            "version": "::apt",
            "url": " "
        },
        {
            "name": "robotfindskitten",
            "action": "install",
            "id": "5474869",
            "version": " ",
            "url": " "
        },
        {
            "name": "squirrel3",
            "action": "install",
            "id": "5475279",
            "version": "3.1-7::apt",
            "url": " "
        },
        {
            "name": "rolldice",
            "action": "install",
            "id": "5152439",
            "version": "1.16-1+b1",
            "url": " "
        },
        {
            "name": "moon-buggy",
            "action": "install",
            "id": "5439204",
            "version": "1:1.0.51-12",
            "url": " "
        },
        {
            "name": "asciijump",
            "action": "install",
            "id": "5475369",
            "version": "::apt",
            "url": " "
        }
    ]
}
10:55:35 INFO  Started operation: {'delivery': {'time': '2022-04-14T10:55:35.753Z', 'log': [], 'status': 'PENDING'}, 'creationTime': '2022-04-14T10:55:35.736Z', 'deviceName': 'mythicd', 'deviceId': '17331100', 'self': 'https://t493319102.eu-latest.cumulocity.com/devicecontrol/operations/17330358', 'id': '17330358', 'status': 'PENDING', 'description': "Apply software changes, triggered from PySys: [{'action': 'install', 'id': '5475369', 'name': 'asciijump', 'url': ' ', 'version': '::apt'}, {'action': 'install', 'id': '5474869', 'name': 'robotfindskitten', 'url': ' ', 'version': ' '}, {'action': 'install', 'id': '5475279', 'name': 'squirrel3', 'url': ' ', 'version': '3.1-7::apt'}, {'action': 'install', 'id': '5152439', 'name': 'rolldice', 'url': ' ', 'version': '1.16-1+b1'}, {'action': 'install', 'id': '5439204', 'name': 'moon-buggy', 'url': ' ', 'version': '1:1.0.51-12'}, {'action': 'install', 'id': '5475369', 'name': 'asciijump', 'url': ' ', 'version': '::apt'}]", 'c8y_SoftwareUpdate': [{'name': 'asciijump', 'action': 'install', 'id': '5475369', 'version': '::apt', 'url': ' '}, {'name': 'robotfindskitten', 'action': 'install', 'id': '5474869', 'version': ' ', 'url': ' '}, {'name': 'squirrel3', 'action': 'install', 'id': '5475279', 'version': '3.1-7::apt', 'url': ' '}, {'name': 'rolldice', 'action': 'install', 'id': '5152439', 'version': '1.16-1+b1', 'url': ' '}, {'name': 'moon-buggy', 'action': 'install', 'id': '5439204', 'version': '1:1.0.51-12', 'url': ' '}, {'name': 'asciijump', 'action': 'install', 'id': '5475369', 'version': '::apt', 'url': ' '}]}
10:55:37 INFO  State of operation 17330358 : PENDING
10:55:40 INFO  State of operation 17330358 : EXECUTING
10:55:42 INFO  State of operation 17330358 : EXECUTING
10:55:44 INFO  State of operation 17330358 : EXECUTING
10:55:46 INFO  State of operation 17330358 : EXECUTING
10:55:49 INFO  State of operation 17330358 : EXECUTING
10:55:51 INFO  State of operation 17330358 : EXECUTING
10:55:54 INFO  State of operation 17330358 : EXECUTING
10:55:56 INFO  State of operation 17330358 : EXECUTING
10:55:59 INFO  State of operation 17330358 : EXECUTING
10:56:01 INFO  State of operation 17330358 : EXECUTING
10:56:03 INFO  State of operation 17330358 : EXECUTING
10:56:05 INFO  State of operation 17330358 : EXECUTING
10:56:07 INFO  State of operation 17330358 : EXECUTING
10:56:10 INFO  State of operation 17330358 : EXECUTING
10:56:12 INFO  State of operation 17330358 : EXECUTING
10:56:14 INFO  State of operation 17330358 : EXECUTING
10:56:16 INFO  State of operation 17330358 : EXECUTING
10:56:19 INFO  State of operation 17330358 : EXECUTING
10:56:21 INFO  State of operation 17330358 : EXECUTING
10:56:24 INFO  State of operation 17330358 : EXECUTING
10:56:26 INFO  State of operation 17330358 : EXECUTING
10:56:29 INFO  State of operation 17330358 : EXECUTING
10:56:31 INFO  State of operation 17330358 : EXECUTING
10:56:33 INFO  State of operation 17330358 : EXECUTING
10:56:36 INFO  State of operation 17330358 : EXECUTING
10:56:38 INFO  State of operation 17330358 : EXECUTING
10:56:41 INFO  State of operation 17330358 : EXECUTING
10:56:43 INFO  State of operation 17330358 : EXECUTING
10:56:45 INFO  State of operation 17330358 : EXECUTING
10:56:48 INFO  State of operation 17330358 : EXECUTING
10:56:50 INFO  State of operation 17330358 : EXECUTING
10:56:52 INFO  State of operation 17330358 : EXECUTING
10:56:54 INFO  State of operation 17330358 : EXECUTING
10:56:57 INFO  State of operation 17330358 : EXECUTING
10:56:59 INFO  State of operation 17330358 : EXECUTING
10:57:01 INFO  State of operation 17330358 : EXECUTING
10:57:03 INFO  State of operation 17330358 : EXECUTING
10:57:05 INFO  State of operation 17330358 : EXECUTING
10:57:08 INFO  State of operation 17330358 : EXECUTING
10:57:11 INFO  State of operation 17330358 : EXECUTING
10:57:13 INFO  State of operation 17330358 : EXECUTING
10:57:16 INFO  State of operation 17330358 : EXECUTING
10:57:18 INFO  State of operation 17330358 : EXECUTING
10:57:20 INFO  State of operation 17330358 : EXECUTING
10:57:22 INFO  State of operation 17330358 : EXECUTING
10:57:25 INFO  State of operation 17330358 : EXECUTING
10:57:27 INFO  State of operation 17330358 : EXECUTING
10:57:29 INFO  State of operation 17330358 : EXECUTING
10:57:32 INFO  State of operation 17330358 : EXECUTING
10:57:34 INFO  State of operation 17330358 : EXECUTING
10:57:36 INFO  State of operation 17330358 : EXECUTING
10:57:39 INFO  State of operation 17330358 : EXECUTING
10:57:41 INFO  State of operation 17330358 : EXECUTING
10:57:43 INFO  State of operation 17330358 : EXECUTING
10:57:46 INFO  State of operation 17330358 : EXECUTING
10:57:48 INFO  State of operation 17330358 : EXECUTING
10:57:51 INFO  State of operation 17330358 : EXECUTING
10:57:53 INFO  State of operation 17330358 : EXECUTING
10:57:55 INFO  State of operation 17330358 : EXECUTING
10:57:57 INFO  State of operation 17330358 : EXECUTING
10:57:59 WARN  SystemError occurred while running test - Timeout while waiting for status SUCCESSFUL or False
Traceback (most recent call last):
  File "/home/pi/env-pysys/lib/python3.7/site-packages/pysys/baserunner.py", line 1294, in __call__
    self.testObj.execute()
  File "/home/pi/actions-runner/_work/thin-edge.io/thin-edge.io/tests/PySys/software_management_end_to_end/sm_apt_install_remove_multiple_mixed/run.py", line 89, in execute
    self.wait_until_succcess()
  File "/home/pi/actions-runner/_work/thin-edge.io/thin-edge.io/tests/PySys/software_management_end_to_end/environment_sm_management.py", line 324, in wait_until_succcess
    self.wait_until_status("SUCCESSFUL")
  File "/home/pi/actions-runner/_work/thin-edge.io/thin-edge.io/tests/PySys/software_management_end_to_end/environment_sm_management.py", line 381, in wait_until_status
    "Timeout while waiting for status %s or %s" % (status, status2)
SystemError: Timeout while waiting for status SUCCESSFUL or False
10:58:00 WARN  SystemError: Timeout while waiting for status SUCCESSFUL or False ... blocked 
10:58:00 INFO  
10:58:00 INFO  cleanup:
10:58:05 INFO  Executed sudo&lt;tedge_disconnect_c8y&gt;, exit status 0
10:58:06 INFO  Executed systemctl&lt;serv_mapper5&gt;, exit status 3
10:58:06 INFO  
10:58:06 INFO  Test duration: 177.78 secs
10:58:06 INFO  Test final outcome:  BLOCKED
10:58:06 INFO  Test outcome reason: SystemError: Timeout while waiting for status SUCCESSFUL or False
10:58:06 INFO  
</system-out>
	</testcase>
</testsuite><testsuite name="SoftwareManagement.sm_apt_install_remove_with_version" tests="1" errors="0" failures="0" skipped="0" time="0"><testcase classname="PySysTest" name="SoftwareManagement.sm_apt_install_remove_with_version" />
</testsuite><testsuite name="apt_fail_noarg" tests="1" errors="0" failures="0" skipped="0" time="0"><testcase classname="AptPluginFailNoArg" name="apt_fail_noarg" />
</testsuite><testsuite name="apt_finalize" tests="1" errors="0" failures="0" skipped="0" time="0"><testcase classname="AptPluginFinalize" name="apt_finalize" />
</testsuite><testsuite name="apt_install" tests="1" errors="0" failures="0" skipped="0" time="0"><testcase classname="AptPluginInstallDense" name="apt_install" />
</testsuite><testsuite name="apt_install_fail" tests="1" errors="0" failures="0" skipped="0" time="0"><testcase classname="AptPluginInstallFail" name="apt_install_fail" />
</testsuite><testsuite name="apt_install_local_file" tests="1" errors="0" failures="0" skipped="0" time="0"><testcase classname="AptPluginInstallFromLocalFile" name="apt_install_local_file" />
</testsuite><testsuite name="apt_install_local_file_fail" tests="1" errors="0" failures="0" skipped="0" time="0"><testcase classname="AptPluginInstallFromLocalFileFail" name="apt_install_local_file_fail" />
</testsuite><testsuite name="apt_install_local_file_with_version" tests="1" errors="0" failures="0" skipped="0" time="0"><testcase classname="AptPluginInstallFromLocalFileWithVersion" name="apt_install_local_file_with_version" />
</testsuite><testsuite name="apt_install_local_file_with_version_fail" tests="1" errors="0" failures="0" skipped="0" time="0"><testcase classname="AptPluginInstallFromLocalFileWithVersionFail" name="apt_install_local_file_with_version_fail" />
</testsuite><testsuite name="apt_list_format" tests="1" errors="0" failures="0" skipped="0" time="0"><testcase classname="AptPluginListFormat" name="apt_list_format" />
</testsuite><testsuite name="apt_prepare" tests="1" errors="0" failures="0" skipped="0" time="0"><testcase classname="AptPluginPrepare" name="apt_prepare" />
</testsuite><testsuite name="apt_prepare_install_finalize" tests="1" errors="0" failures="0" skipped="0" time="0"><testcase classname="AptPluginPrepareInstallFinalize" name="apt_prepare_install_finalize" />
</testsuite><testsuite name="apt_remove" tests="1" errors="0" failures="0" skipped="0" time="0"><testcase classname="AptPluginRemoveDense" name="apt_remove" />
</testsuite><testsuite name="apt_remove_fail" tests="1" errors="0" failures="0" skipped="0" time="0"><testcase classname="AptPluginRemoveFails" name="apt_remove_fail" />
</testsuite><testsuite name="apt_sequence_install_with_version" tests="1" errors="0" failures="0" skipped="0" time="0"><testcase classname="AptPluginPrepInstallWithVersionFinalize" name="apt_sequence_install_with_version" />
</testsuite><testsuite name="apt_sequence_install_with_version_fail" tests="1" errors="0" failures="0" skipped="0" time="0"><testcase classname="AptPluginInstallWithVersionFails" name="apt_sequence_install_with_version_fail" />
</testsuite><testsuite name="apt_sequence_remove" tests="1" errors="0" failures="0" skipped="0" time="0"><testcase classname="AptPluginInstallPrepareRemoveFinalize" name="apt_sequence_remove" />
</testsuite><testsuite name="apt_sequence_remove_with_version" tests="1" errors="0" failures="0" skipped="0" time="0"><testcase classname="AptPluginRemoveWithVersion" name="apt_sequence_remove_with_version" />
</testsuite><testsuite name="apt_sequence_remove_with_version_fail" tests="1" errors="0" failures="0" skipped="0" time="0"><testcase classname="AptPluginRemoveWithVersionFails" name="apt_sequence_remove_with_version_fail" />
</testsuite><testsuite name="apt_update_list" tests="1" errors="0" failures="0" skipped="0" time="0"><testcase classname="AptPluginUpdateList" name="apt_update_list" />
</testsuite><testsuite name="apt_wrong_option" tests="1" errors="0" failures="0" skipped="0" time="0"><testcase classname="AptPluginWrongOption" name="apt_wrong_option" />
</testsuite><testsuite name="SoftwareManagement.Plugin.apama_plugin_install" tests="1" errors="0" failures="0" skipped="0" time="0"><testcase classname="ApamaPluginInstallTest" name="SoftwareManagement.Plugin.apama_plugin_install" />
</testsuite><testsuite name="SoftwareManagement.Plugin.apama_plugin_mon_support" tests="1" errors="0" failures="0" skipped="0" time="0"><testcase classname="ApamaPluginMonSupportTest" name="SoftwareManagement.Plugin.apama_plugin_mon_support" />
</testsuite><testsuite name="SoftwareManagement.Plugin.apama_plugin_remove" tests="1" errors="0" failures="0" skipped="0" time="0"><testcase classname="ApamaPluginRemoveTest" name="SoftwareManagement.Plugin.apama_plugin_remove" />
</testsuite><testsuite name="SoftwareManagement.Plugin.apama_plugin_update" tests="1" errors="0" failures="1" skipped="0" time="0"><testcase classname="ApamaPluginUpdateTest" name="SoftwareManagement.Plugin.apama_plugin_update">
		<failure message="BLOCKED: sudo&lt;plugin_install&gt; returned non-zero exit code 2" type="BLOCKED" />
		<system-out>11:02:00 INFO  ==============================================================
11:02:00 INFO  Id:    SoftwareManagement.Plugin.apama_plugin_update
11:02:00 INFO  Dir:   plugin_apama/
11:02:00 INFO  Title: Validate apama plugin updating one project with another
11:02:00 INFO  ==============================================================
11:02:00 INFO  Assertion that path exists=False for "/etc/tedge/apama/project" ... passed
11:02:01 INFO  Executed sudo&lt;create_project_dir&gt;, exit status 0
11:02:01 INFO  Executed sudo&lt;unzip_apama_project&gt;, exit status 0
11:02:02 INFO  Executed sudo&lt;move_apama_project&gt;, exit status 0
11:02:03 INFO  Executed sudo&lt;restart_apama_service&gt;, exit status 0
11:02:04 INFO  Executed sudo&lt;apama_correlator_wait&gt;, exit status 0
11:02:04 INFO  Assertion that path exists=True for "/etc/tedge/apama/project" ... passed
11:02:04 INFO  Executed sudo&lt;apama_list_monitors&gt;, exit status 0
11:02:04 INFO  Grep on file /home/pi/actions-runner/_work/thin-edge.io/thin-edge.io/tests/PySys/plugin_apama/apama_plugin_update/Output/linux/apama_list_monitors.out ... passed
11:02:05 WARN  Executed sudo&lt;plugin_install&gt;, exit status 2
11:02:05 INFO  Contents of plugin_install.err: 
  ERROR: Directory not empty (os error 39)
  -----

11:02:05 WARN  sudo&lt;plugin_install&gt; returned non-zero exit code 2 ... blocked [run.py:35]
11:02:05 WARN  Aborted test due to BLOCKED outcome
11:02:05 INFO  
11:02:05 INFO  cleanup:
11:02:05 INFO  Removing apama project
11:02:20 INFO  Executed sudo&lt;stop_apama_service&gt;, exit status 0, duration 15 secs
11:02:21 INFO  Executed sudo&lt;remove_apama_project&gt;, exit status 0
11:02:21 INFO  Executed sudo&lt;remove_apama_tmp_dir&gt;, exit status 0
11:02:21 INFO  
11:02:21 INFO  Test duration: 21.11 secs
11:02:21 INFO  Test final outcome:  BLOCKED
11:02:21 INFO  Test outcome reason: sudo&lt;plugin_install&gt; returned non-zero exit code 2
11:02:21 INFO  
</system-out>
	</testcase>
</testsuite><testsuite name="SoftwareManagement.sm_docker_install_remove_multiple" tests="1" errors="0" failures="0" skipped="0" time="0"><testcase classname="SMDockerInstallRemove" name="SoftwareManagement.sm_docker_install_remove_multiple" />
</testsuite><testsuite name="docker_plugin_finalize" tests="1" errors="0" failures="0" skipped="0" time="0"><testcase classname="DockerPluginFinalizeTest" name="docker_plugin_finalize" />
</testsuite><testsuite name="docker_plugin_install" tests="1" errors="0" failures="0" skipped="0" time="0"><testcase classname="DockerPluginInstallTest" name="docker_plugin_install" />
</testsuite><testsuite name="docker_plugin_install_with_version" tests="1" errors="0" failures="0" skipped="0" time="0"><testcase classname="DockerPluginInstallWithVersionTest" name="docker_plugin_install_with_version" />
</testsuite><testsuite name="docker_plugin_remove" tests="1" errors="0" failures="0" skipped="0" time="0"><testcase classname="DockerPluginRemoveTest" name="docker_plugin_remove" />
</testsuite><testsuite name="docker_plugin_remove_with_version" tests="1" errors="0" failures="0" skipped="0" time="0"><testcase classname="DockerPluginRemoveWithVersionTest" name="docker_plugin_remove_with_version" />
</testsuite><testsuite name="docker_plugin_update" tests="1" errors="0" failures="0" skipped="0" time="0"><testcase classname="DockerPluginUpdateTest" name="docker_plugin_update" />
</testsuite></testsuites>