<?xml version='1.0' encoding='utf-8'?>
<testsuites tests="38" failures="9" errors="0" skipped="0" time="0.0"><testsuite name="SoftwareManagement.sm_apt_install_download_path" tests="1" errors="0" failures="1" skipped="0" time="0"><testcase classname="AptInstallWithDownloadPath" name="SoftwareManagement.sm_apt_install_download_path">
		<failure message="BLOCKED: TypeError: 'NoneType' object is not iterable" type="BLOCKED" />
		<system-out>10:22:08 INFO  ==============================================================
10:22:08 INFO  Id:    SoftwareManagement.sm_apt_install_download_path
10:22:08 INFO  Dir:   software_management_end_to_end/
10:22:08 INFO  Title: Install package to directory specified in tedge config set tmp.path
10:22:08 INFO  ==============================================================
10:22:08 INFO  Using sw id database: {'asciijump': '5475369', 'robotfindskitten': '5474869', 'squirrel3': '5475279', 'rolldice': '5152439', 'moon-buggy': '5439204', 'apple': '5495053', 'banana': '5494888', 'cherry': '5495382', 'watermelon': '5494510', 'registry': '8018911', 'hello-world': '8021526', 'docker/getting-started': '8021973', 'alpine': '7991792'}
10:22:08 INFO  EnvironmentC8y Setup
10:22:09 INFO  Executed systemctl&lt;serv_mapper1&gt;, exit status 3
10:22:23 INFO  Executed sudo&lt;tedge_connect_c8y&gt;, exit status 0, duration 14 secs
10:22:25 INFO  Executed sudo&lt;tedge_connect_c8y_test&gt;, exit status 0
10:22:26 INFO  Executed systemctl&lt;serv_mosq2&gt;, exit status 0
10:22:27 INFO  Executed systemctl&lt;serv_mapper3&gt;, exit status 0
10:22:29 ERROR No operations found, assuming it passed
10:22:29 WARN  TypeError occurred while running test - 'NoneType' object is not iterable
Traceback (most recent call last):
  File "/home/pi/env-pysys/lib/python3.7/site-packages/pysys/baserunner.py", line 1292, in __call__
    self.testObj.setup()
  File "/home/pi/actions-runner/_work/thin-edge.io/thin-edge.io/tests/PySys/software_management_end_to_end/sm_apt_install_download_path/run.py", line 49, in setup
    self.assertThat("False == value", value=self.check_is_installed("rolldice"))
  File "/home/pi/actions-runner/_work/thin-edge.io/thin-edge.io/tests/PySys/software_management_end_to_end/environment_sm_management.py", line 398, in check_is_installed
    for package in package_list:
TypeError: 'NoneType' object is not iterable
10:22:30 WARN  TypeError: 'NoneType' object is not iterable ... blocked 
10:22:30 INFO  
10:22:30 INFO  cleanup:
10:22:30 INFO  Executed sudo, exit status 0
10:22:31 INFO  Executed sudo, exit status 0
10:22:35 INFO  Executed sudo&lt;tedge_disconnect_c8y&gt;, exit status 0
10:22:35 INFO  Restarting mosquitto too frequently in the last 10 seconds. It was only up for 3 seconds
10:22:35 INFO  Delaying execution by 8 seconds
10:22:57 INFO  Executed sudo&lt;tedge_connect_c8y&gt;, exit status 0, duration 14 secs
10:23:01 INFO  Executed sudo&lt;tedge_disconnect_c8y&gt;, exit status 0
10:23:02 INFO  Executed systemctl&lt;serv_mapper5&gt;, exit status 3
10:23:02 INFO  
10:23:02 INFO  Test duration: 54.14 secs
10:23:02 INFO  Test final outcome:  BLOCKED
10:23:02 INFO  Test outcome reason: TypeError: 'NoneType' object is not iterable
10:23:02 INFO  
</system-out>
	</testcase>
</testsuite><testsuite name="SoftwareManagement.sm_apt_install_fail" tests="1" errors="0" failures="1" skipped="0" time="0"><testcase classname="PySysTest" name="SoftwareManagement.sm_apt_install_fail">
		<failure message="BLOCKED: TypeError: 'NoneType' object is not iterable" type="BLOCKED" />
		<system-out>10:23:02 INFO  ==============================================================
10:23:02 INFO  Id:    SoftwareManagement.sm_apt_install_fail
10:23:02 INFO  Dir:   software_management_end_to_end/
10:23:02 INFO  Title: Validate end to end behaviour for a failing installation
10:23:02 INFO  ==============================================================
10:23:02 INFO  Using sw id database: {'asciijump': '5475369', 'robotfindskitten': '5474869', 'squirrel3': '5475279', 'rolldice': '5152439', 'moon-buggy': '5439204', 'apple': '5495053', 'banana': '5494888', 'cherry': '5495382', 'watermelon': '5494510', 'registry': '8018911', 'hello-world': '8021526', 'docker/getting-started': '8021973', 'alpine': '7991792'}
10:23:02 INFO  EnvironmentC8y Setup
10:23:03 INFO  Executed systemctl&lt;serv_mapper1&gt;, exit status 3
10:23:03 INFO  Restarting mosquitto too frequently in the last 10 seconds. It was only up for 5 seconds
10:23:03 INFO  Delaying execution by 6 seconds
10:23:22 INFO  Executed sudo&lt;tedge_connect_c8y&gt;, exit status 0, duration 13 secs
10:23:23 INFO  Executed sudo&lt;tedge_connect_c8y_test&gt;, exit status 0
10:23:24 INFO  Executed systemctl&lt;serv_mosq2&gt;, exit status 0
10:23:24 INFO  Executed systemctl&lt;serv_mapper3&gt;, exit status 0
10:23:26 ERROR No operations found, assuming it passed
10:23:27 INFO  Response status: 201
10:23:27 INFO  Response to action: {
    "creationTime": "2022-04-14T10:23:27.039Z",
    "deviceName": "mythicc",
    "deviceId": "17326137",
    "self": "https://t493319102.eu-latest.cumulocity.com/devicecontrol/operations/17330310",
    "id": "17330310",
    "status": "PENDING",
    "description": "Apply software changes, triggered from PySys: [{'name': 'does_not_exist', 'id': '5446165', 'version': '::apt', 'url': '', 'action': 'install'}]",
    "c8y_SoftwareUpdate": [
        {
            "name": "does_not_exist",
            "action": "install",
            "id": "5446165",
            "version": "::apt",
            "url": ""
        }
    ]
}
10:23:27 INFO  Started operation: {'creationTime': '2022-04-14T10:23:27.039Z', 'deviceName': 'mythicc', 'deviceId': '17326137', 'self': 'https://t493319102.eu-latest.cumulocity.com/devicecontrol/operations/17330310', 'id': '17330310', 'status': 'PENDING', 'description': "Apply software changes, triggered from PySys: [{'name': 'does_not_exist', 'id': '5446165', 'version': '::apt', 'url': '', 'action': 'install'}]", 'c8y_SoftwareUpdate': [{'name': 'does_not_exist', 'action': 'install', 'id': '5446165', 'version': '::apt', 'url': ''}]}
10:23:29 INFO  State of operation 17330310 : PENDING
10:23:31 INFO  State of operation 17330310 : EXECUTING
10:23:33 INFO  State of operation 17330310 : EXECUTING
10:23:36 INFO  State of operation 17330310 : EXECUTING
10:23:38 INFO  State of operation 17330310 : EXECUTING
10:23:40 INFO  State of operation 17330310 : EXECUTING
10:23:42 INFO  State of operation 17330310 : EXECUTING
10:23:45 INFO  State of operation 17330310 : EXECUTING
10:23:48 INFO  State of operation 17330310 : EXECUTING
10:23:50 INFO  State of operation 17330310 : EXECUTING
10:23:52 INFO  State of operation 17330310 : EXECUTING
10:23:55 INFO  State of operation 17330310 : EXECUTING
10:23:57 INFO  State of operation 17330310 : EXECUTING
10:23:59 INFO  State of operation 17330310 : EXECUTING
10:24:01 INFO  State of operation 17330310 : EXECUTING
10:24:04 INFO  State of operation 17330310 : EXECUTING
10:24:06 INFO  State of operation 17330310 : EXECUTING
10:24:08 INFO  State of operation 17330310 : EXECUTING
10:24:11 INFO  State of operation 17330310 : EXECUTING
10:24:13 INFO  State of operation 17330310 : EXECUTING
10:24:16 INFO  State of operation 17330310 : FAILED
10:24:16 WARN  TypeError occurred while running test - 'NoneType' object is not iterable
Traceback (most recent call last):
  File "/home/pi/env-pysys/lib/python3.7/site-packages/pysys/baserunner.py", line 1296, in __call__
    self.testObj.validate()
  File "/home/pi/actions-runner/_work/thin-edge.io/thin-edge.io/tests/PySys/software_management_end_to_end/sm_apt_install_fail/run.py", line 31, in validate
    "False == value", value=self.check_is_installed("does_not_exist")
  File "/home/pi/actions-runner/_work/thin-edge.io/thin-edge.io/tests/PySys/software_management_end_to_end/environment_sm_management.py", line 398, in check_is_installed
    for package in package_list:
TypeError: 'NoneType' object is not iterable
10:24:16 WARN  TypeError: 'NoneType' object is not iterable ... blocked 
10:24:16 INFO  
10:24:16 INFO  cleanup:
10:24:20 INFO  Executed sudo&lt;tedge_disconnect_c8y&gt;, exit status 0
10:24:20 INFO  Executed systemctl&lt;serv_mapper5&gt;, exit status 3
10:24:20 INFO  
10:24:20 INFO  Test duration: 78.39 secs
10:24:20 INFO  Test final outcome:  BLOCKED
10:24:20 INFO  Test outcome reason: TypeError: 'NoneType' object is not iterable
10:24:20 INFO  
</system-out>
	</testcase>
</testsuite><testsuite name="SoftwareManagement.sm_apt_install_remove" tests="1" errors="0" failures="1" skipped="0" time="0"><testcase classname="PySysTest" name="SoftwareManagement.sm_apt_install_remove">
		<failure message="BLOCKED: TypeError: 'NoneType' object is not iterable" type="BLOCKED" />
		<system-out>10:24:20 INFO  ==============================================================
10:24:20 INFO  Id:    SoftwareManagement.sm_apt_install_remove
10:24:20 INFO  Dir:   software_management_end_to_end/
10:24:20 INFO  Title: Validate end to end behaviour for the apt plugin for installation and removal of packages
10:24:20 INFO  ==============================================================
10:24:20 INFO  Using sw id database: {'asciijump': '5475369', 'robotfindskitten': '5474869', 'squirrel3': '5475279', 'rolldice': '5152439', 'moon-buggy': '5439204', 'apple': '5495053', 'banana': '5494888', 'cherry': '5495382', 'watermelon': '5494510', 'registry': '8018911', 'hello-world': '8021526', 'docker/getting-started': '8021973', 'alpine': '7991792'}
10:24:20 INFO  EnvironmentC8y Setup
10:24:21 INFO  Executed systemctl&lt;serv_mapper1&gt;, exit status 3
10:24:21 INFO  Restarting mosquitto too frequently in the last 10 seconds. It was only up for 4 seconds
10:24:21 INFO  Delaying execution by 7 seconds
10:24:42 INFO  Executed sudo&lt;tedge_connect_c8y&gt;, exit status 0, duration 14 secs
10:24:43 INFO  Executed sudo&lt;tedge_connect_c8y_test&gt;, exit status 0
10:24:43 INFO  Executed systemctl&lt;serv_mosq2&gt;, exit status 0
10:24:44 INFO  Executed systemctl&lt;serv_mapper3&gt;, exit status 0
10:24:46 INFO  State of current operation: FAILED
10:24:46 WARN  TypeError occurred while running test - 'NoneType' object is not iterable
Traceback (most recent call last):
  File "/home/pi/env-pysys/lib/python3.7/site-packages/pysys/baserunner.py", line 1292, in __call__
    self.testObj.setup()
  File "/home/pi/actions-runner/_work/thin-edge.io/thin-edge.io/tests/PySys/software_management_end_to_end/sm_apt_install_remove/run.py", line 28, in setup
    if self.check_is_installed("rolldice"):
  File "/home/pi/actions-runner/_work/thin-edge.io/thin-edge.io/tests/PySys/software_management_end_to_end/environment_sm_management.py", line 398, in check_is_installed
    for package in package_list:
TypeError: 'NoneType' object is not iterable
10:24:46 WARN  TypeError: 'NoneType' object is not iterable ... blocked 
10:24:46 INFO  
10:24:46 INFO  cleanup:
10:24:51 INFO  Executed sudo&lt;tedge_disconnect_c8y&gt;, exit status 0
10:24:51 INFO  Executed systemctl&lt;serv_mapper5&gt;, exit status 3
10:24:51 INFO  
10:24:51 INFO  Test duration: 30.61 secs
10:24:51 INFO  Test final outcome:  BLOCKED
10:24:51 INFO  Test outcome reason: TypeError: 'NoneType' object is not iterable
10:24:51 INFO  
</system-out>
	</testcase>
</testsuite><testsuite name="SoftwareManagement.sm_apt_install_remove_default" tests="1" errors="0" failures="1" skipped="0" time="0"><testcase classname="PySysTest" name="SoftwareManagement.sm_apt_install_remove_default">
		<failure message="BLOCKED: TypeError: 'NoneType' object is not iterable" type="BLOCKED" />
		<system-out>10:24:51 INFO  ==============================================================
10:24:51 INFO  Id:    SoftwareManagement.sm_apt_install_remove_default
10:24:51 INFO  Dir:   software_management_end_to_end/
10:24:51 INFO  Title: Validate end to end behaviour for the default plugin for installation and removal of packages
10:24:51 INFO  ==============================================================
10:24:51 INFO  Using sw id database: {'asciijump': '5475369', 'robotfindskitten': '5474869', 'squirrel3': '5475279', 'rolldice': '5152439', 'moon-buggy': '5439204', 'apple': '5495053', 'banana': '5494888', 'cherry': '5495382', 'watermelon': '5494510', 'registry': '8018911', 'hello-world': '8021526', 'docker/getting-started': '8021973', 'alpine': '7991792'}
10:24:51 INFO  EnvironmentC8y Setup
10:24:52 INFO  Executed systemctl&lt;serv_mapper1&gt;, exit status 3
10:24:52 INFO  Restarting mosquitto too frequently in the last 10 seconds. It was only up for 4 seconds
10:24:52 INFO  Delaying execution by 7 seconds
10:25:12 INFO  Executed sudo&lt;tedge_connect_c8y&gt;, exit status 0, duration 13 secs
10:25:13 INFO  Executed sudo&lt;tedge_connect_c8y_test&gt;, exit status 0
10:25:14 INFO  Executed systemctl&lt;serv_mosq2&gt;, exit status 0
10:25:14 INFO  Executed systemctl&lt;serv_mapper3&gt;, exit status 0
10:25:16 INFO  State of current operation: FAILED
10:25:17 WARN  TypeError occurred while running test - 'NoneType' object is not iterable
Traceback (most recent call last):
  File "/home/pi/env-pysys/lib/python3.7/site-packages/pysys/baserunner.py", line 1292, in __call__
    self.testObj.setup()
  File "/home/pi/actions-runner/_work/thin-edge.io/thin-edge.io/tests/PySys/software_management_end_to_end/sm_apt_install_remove_default/run.py", line 27, in setup
    self.assertThat("False == value", value=self.check_is_installed("rolldice"))
  File "/home/pi/actions-runner/_work/thin-edge.io/thin-edge.io/tests/PySys/software_management_end_to_end/environment_sm_management.py", line 398, in check_is_installed
    for package in package_list:
TypeError: 'NoneType' object is not iterable
10:25:17 WARN  TypeError: 'NoneType' object is not iterable ... blocked 
10:25:17 INFO  
10:25:17 INFO  cleanup:
10:25:20 INFO  Executed sudo&lt;tedge_disconnect_c8y&gt;, exit status 0
10:25:21 INFO  Executed systemctl&lt;serv_mapper5&gt;, exit status 3
10:25:21 INFO  
10:25:21 INFO  Test duration: 29.91 secs
10:25:21 INFO  Test final outcome:  BLOCKED
10:25:21 INFO  Test outcome reason: TypeError: 'NoneType' object is not iterable
10:25:21 INFO  
</system-out>
	</testcase>
</testsuite><testsuite name="SoftwareManagement.sm_apt_install_remove_multiple" tests="1" errors="0" failures="1" skipped="0" time="0"><testcase classname="PySysTest" name="SoftwareManagement.sm_apt_install_remove_multiple">
		<failure message="BLOCKED: TypeError: 'NoneType' object is not iterable" type="BLOCKED" />
		<system-out>10:25:21 INFO  ==============================================================
10:25:21 INFO  Id:    SoftwareManagement.sm_apt_install_remove_multiple
10:25:21 INFO  Dir:   software_management_end_to_end/
10:25:21 INFO  Title: Validate end to end behaviour for the apt plugin for multiple packages
10:25:21 INFO  ==============================================================
10:25:21 INFO  Using sw id database: {'asciijump': '5475369', 'robotfindskitten': '5474869', 'squirrel3': '5475279', 'rolldice': '5152439', 'moon-buggy': '5439204', 'apple': '5495053', 'banana': '5494888', 'cherry': '5495382', 'watermelon': '5494510', 'registry': '8018911', 'hello-world': '8021526', 'docker/getting-started': '8021973', 'alpine': '7991792'}
10:25:21 INFO  EnvironmentC8y Setup
10:25:22 INFO  Executed systemctl&lt;serv_mapper1&gt;, exit status 3
10:25:22 INFO  Restarting mosquitto too frequently in the last 10 seconds. It was only up for 4 seconds
10:25:22 INFO  Delaying execution by 7 seconds
10:25:43 INFO  Executed sudo&lt;tedge_connect_c8y&gt;, exit status 0, duration 13 secs
10:25:43 INFO  Executed sudo&lt;tedge_connect_c8y_test&gt;, exit status 0
10:25:44 INFO  Executed systemctl&lt;serv_mosq2&gt;, exit status 0
10:25:44 INFO  Executed systemctl&lt;serv_mapper3&gt;, exit status 0
10:25:47 INFO  State of current operation: FAILED
10:25:47 WARN  TypeError occurred while running test - 'NoneType' object is not iterable
Traceback (most recent call last):
  File "/home/pi/env-pysys/lib/python3.7/site-packages/pysys/baserunner.py", line 1292, in __call__
    self.testObj.setup()
  File "/home/pi/actions-runner/_work/thin-edge.io/thin-edge.io/tests/PySys/software_management_end_to_end/sm_apt_install_remove_multiple/run.py", line 54, in setup
    self.assertThat("False == value", value=self.check_is_installed("rolldice"))
  File "/home/pi/actions-runner/_work/thin-edge.io/thin-edge.io/tests/PySys/software_management_end_to_end/environment_sm_management.py", line 398, in check_is_installed
    for package in package_list:
TypeError: 'NoneType' object is not iterable
10:25:47 WARN  TypeError: 'NoneType' object is not iterable ... blocked 
10:25:47 INFO  
10:25:47 INFO  cleanup:
10:25:51 INFO  Executed sudo&lt;tedge_disconnect_c8y&gt;, exit status 0
10:25:51 INFO  Executed systemctl&lt;serv_mapper5&gt;, exit status 3
10:25:51 INFO  
10:25:51 INFO  Test duration: 30.29 secs
10:25:51 INFO  Test final outcome:  BLOCKED
10:25:51 INFO  Test outcome reason: TypeError: 'NoneType' object is not iterable
10:25:51 INFO  
</system-out>
	</testcase>
</testsuite><testsuite name="SoftwareManagement.sm_apt_install_remove_multiple_mixed" tests="1" errors="0" failures="1" skipped="0" time="0"><testcase classname="PySysTest" name="SoftwareManagement.sm_apt_install_remove_multiple_mixed">
		<failure message="BLOCKED: TypeError: 'NoneType' object is not iterable" type="BLOCKED" />
		<system-out>10:25:51 INFO  ==============================================================
10:25:51 INFO  Id:    SoftwareManagement.sm_apt_install_remove_multiple_mixed
10:25:51 INFO  Dir:   software_management_end_to_end/
10:25:51 INFO  Title: Validate end to end behaviour for the apt plugin for multiple packages with mixed versions
10:25:51 INFO  ==============================================================
10:25:51 INFO  Using sw id database: {'asciijump': '5475369', 'robotfindskitten': '5474869', 'squirrel3': '5475279', 'rolldice': '5152439', 'moon-buggy': '5439204', 'apple': '5495053', 'banana': '5494888', 'cherry': '5495382', 'watermelon': '5494510', 'registry': '8018911', 'hello-world': '8021526', 'docker/getting-started': '8021973', 'alpine': '7991792'}
10:25:51 INFO  EnvironmentC8y Setup
10:25:52 INFO  Executed systemctl&lt;serv_mapper1&gt;, exit status 3
10:25:52 INFO  Restarting mosquitto too frequently in the last 10 seconds. It was only up for 4 seconds
10:25:52 INFO  Delaying execution by 7 seconds
10:26:13 INFO  Executed sudo&lt;tedge_connect_c8y&gt;, exit status 0, duration 13 secs
10:26:14 INFO  Executed sudo&lt;tedge_connect_c8y_test&gt;, exit status 0
10:26:14 INFO  Executed systemctl&lt;serv_mosq2&gt;, exit status 0
10:26:15 INFO  Executed systemctl&lt;serv_mapper3&gt;, exit status 0
10:26:17 INFO  State of current operation: FAILED
10:26:17 WARN  TypeError occurred while running test - 'NoneType' object is not iterable
Traceback (most recent call last):
  File "/home/pi/env-pysys/lib/python3.7/site-packages/pysys/baserunner.py", line 1292, in __call__
    self.testObj.setup()
  File "/home/pi/actions-runner/_work/thin-edge.io/thin-edge.io/tests/PySys/software_management_end_to_end/sm_apt_install_remove_multiple_mixed/run.py", line 75, in setup
    self.assertThat("False == value", value=self.check_is_installed("asciijump"))
  File "/home/pi/actions-runner/_work/thin-edge.io/thin-edge.io/tests/PySys/software_management_end_to_end/environment_sm_management.py", line 398, in check_is_installed
    for package in package_list:
TypeError: 'NoneType' object is not iterable
10:26:17 WARN  TypeError: 'NoneType' object is not iterable ... blocked 
10:26:17 INFO  
10:26:17 INFO  cleanup:
10:26:21 INFO  Executed sudo&lt;tedge_disconnect_c8y&gt;, exit status 0
10:26:22 INFO  Executed systemctl&lt;serv_mapper5&gt;, exit status 3
10:26:22 INFO  
10:26:22 INFO  Test duration: 30.35 secs
10:26:22 INFO  Test final outcome:  BLOCKED
10:26:22 INFO  Test outcome reason: TypeError: 'NoneType' object is not iterable
10:26:22 INFO  
</system-out>
	</testcase>
</testsuite><testsuite name="SoftwareManagement.sm_apt_install_remove_with_version" tests="1" errors="0" failures="1" skipped="0" time="0"><testcase classname="PySysTest" name="SoftwareManagement.sm_apt_install_remove_with_version">
		<failure message="BLOCKED: TypeError: 'NoneType' object is not iterable" type="BLOCKED" />
		<system-out>10:26:22 INFO  ==============================================================
10:26:22 INFO  Id:    SoftwareManagement.sm_apt_install_remove_with_version
10:26:22 INFO  Dir:   software_management_end_to_end/
10:26:22 INFO  Title: Validate end to end behaviour for the apt plugin for packages with version
10:26:22 INFO  ==============================================================
10:26:22 INFO  Using sw id database: {'asciijump': '5475369', 'robotfindskitten': '5474869', 'squirrel3': '5475279', 'rolldice': '5152439', 'moon-buggy': '5439204', 'apple': '5495053', 'banana': '5494888', 'cherry': '5495382', 'watermelon': '5494510', 'registry': '8018911', 'hello-world': '8021526', 'docker/getting-started': '8021973', 'alpine': '7991792'}
10:26:22 INFO  EnvironmentC8y Setup
10:26:22 INFO  Executed systemctl&lt;serv_mapper1&gt;, exit status 3
10:26:23 INFO  Restarting mosquitto too frequently in the last 10 seconds. It was only up for 5 seconds
10:26:23 INFO  Delaying execution by 6 seconds
10:26:42 INFO  Executed sudo&lt;tedge_connect_c8y&gt;, exit status 0, duration 13 secs
10:26:43 INFO  Executed sudo&lt;tedge_connect_c8y_test&gt;, exit status 0
10:26:43 INFO  Executed systemctl&lt;serv_mosq2&gt;, exit status 0
10:26:44 INFO  Executed systemctl&lt;serv_mapper3&gt;, exit status 0
10:26:46 INFO  State of current operation: FAILED
10:26:46 WARN  TypeError occurred while running test - 'NoneType' object is not iterable
Traceback (most recent call last):
  File "/home/pi/env-pysys/lib/python3.7/site-packages/pysys/baserunner.py", line 1292, in __call__
    self.testObj.setup()
  File "/home/pi/actions-runner/_work/thin-edge.io/thin-edge.io/tests/PySys/software_management_end_to_end/sm_apt_install_remove_with_version/run.py", line 29, in setup
    self.assertThat("False == value", value=self.check_is_installed("rolldice"))
  File "/home/pi/actions-runner/_work/thin-edge.io/thin-edge.io/tests/PySys/software_management_end_to_end/environment_sm_management.py", line 398, in check_is_installed
    for package in package_list:
TypeError: 'NoneType' object is not iterable
10:26:46 WARN  TypeError: 'NoneType' object is not iterable ... blocked 
10:26:46 INFO  
10:26:46 INFO  cleanup:
10:26:50 INFO  Executed sudo&lt;tedge_disconnect_c8y&gt;, exit status 0
10:26:51 INFO  Executed systemctl&lt;serv_mapper5&gt;, exit status 3
10:26:51 INFO  
10:26:51 INFO  Test duration: 28.93 secs
10:26:51 INFO  Test final outcome:  BLOCKED
10:26:51 INFO  Test outcome reason: TypeError: 'NoneType' object is not iterable
10:26:51 INFO  
</system-out>
	</testcase>
</testsuite><testsuite name="apt_fail_noarg" tests="1" errors="0" failures="0" skipped="0" time="0"><testcase classname="AptPluginFailNoArg" name="apt_fail_noarg" />
</testsuite><testsuite name="apt_finalize" tests="1" errors="0" failures="0" skipped="0" time="0"><testcase classname="AptPluginFinalize" name="apt_finalize" />
</testsuite><testsuite name="apt_install" tests="1" errors="0" failures="0" skipped="0" time="0"><testcase classname="AptPluginInstallDense" name="apt_install" />
</testsuite><testsuite name="apt_install_fail" tests="1" errors="0" failures="0" skipped="0" time="0"><testcase classname="AptPluginInstallFail" name="apt_install_fail" />
</testsuite><testsuite name="apt_install_local_file" tests="1" errors="0" failures="0" skipped="0" time="0"><testcase classname="AptPluginInstallFromLocalFile" name="apt_install_local_file" />
</testsuite><testsuite name="apt_install_local_file_fail" tests="1" errors="0" failures="0" skipped="0" time="0"><testcase classname="AptPluginInstallFromLocalFileFail" name="apt_install_local_file_fail" />
</testsuite><testsuite name="apt_install_local_file_with_version" tests="1" errors="0" failures="0" skipped="0" time="0"><testcase classname="AptPluginInstallFromLocalFileWithVersion" name="apt_install_local_file_with_version" />
</testsuite><testsuite name="apt_install_local_file_with_version_fail" tests="1" errors="0" failures="0" skipped="0" time="0"><testcase classname="AptPluginInstallFromLocalFileWithVersionFail" name="apt_install_local_file_with_version_fail" />
</testsuite><testsuite name="apt_list_format" tests="1" errors="0" failures="0" skipped="0" time="0"><testcase classname="AptPluginListFormat" name="apt_list_format" />
</testsuite><testsuite name="apt_prepare" tests="1" errors="0" failures="0" skipped="0" time="0"><testcase classname="AptPluginPrepare" name="apt_prepare" />
</testsuite><testsuite name="apt_prepare_install_finalize" tests="1" errors="0" failures="0" skipped="0" time="0"><testcase classname="AptPluginPrepareInstallFinalize" name="apt_prepare_install_finalize" />
</testsuite><testsuite name="apt_remove" tests="1" errors="0" failures="0" skipped="0" time="0"><testcase classname="AptPluginRemoveDense" name="apt_remove" />
</testsuite><testsuite name="apt_remove_fail" tests="1" errors="0" failures="0" skipped="0" time="0"><testcase classname="AptPluginRemoveFails" name="apt_remove_fail" />
</testsuite><testsuite name="apt_sequence_install_with_version" tests="1" errors="0" failures="0" skipped="0" time="0"><testcase classname="AptPluginPrepInstallWithVersionFinalize" name="apt_sequence_install_with_version" />
</testsuite><testsuite name="apt_sequence_install_with_version_fail" tests="1" errors="0" failures="0" skipped="0" time="0"><testcase classname="AptPluginInstallWithVersionFails" name="apt_sequence_install_with_version_fail" />
</testsuite><testsuite name="apt_sequence_remove" tests="1" errors="0" failures="0" skipped="0" time="0"><testcase classname="AptPluginInstallPrepareRemoveFinalize" name="apt_sequence_remove" />
</testsuite><testsuite name="apt_sequence_remove_with_version" tests="1" errors="0" failures="0" skipped="0" time="0"><testcase classname="AptPluginRemoveWithVersion" name="apt_sequence_remove_with_version" />
</testsuite><testsuite name="apt_sequence_remove_with_version_fail" tests="1" errors="0" failures="0" skipped="0" time="0"><testcase classname="AptPluginRemoveWithVersionFails" name="apt_sequence_remove_with_version_fail" />
</testsuite><testsuite name="apt_update_list" tests="1" errors="0" failures="0" skipped="0" time="0"><testcase classname="AptPluginUpdateList" name="apt_update_list" />
</testsuite><testsuite name="apt_wrong_option" tests="1" errors="0" failures="0" skipped="0" time="0"><testcase classname="AptPluginWrongOption" name="apt_wrong_option" />
</testsuite><testsuite name="SoftwareManagement.Plugin.apama_plugin_install" tests="1" errors="0" failures="0" skipped="0" time="0"><testcase classname="ApamaPluginInstallTest" name="SoftwareManagement.Plugin.apama_plugin_install" />
</testsuite><testsuite name="SoftwareManagement.Plugin.apama_plugin_mon_support" tests="1" errors="0" failures="0" skipped="0" time="0"><testcase classname="ApamaPluginMonSupportTest" name="SoftwareManagement.Plugin.apama_plugin_mon_support" />
</testsuite><testsuite name="SoftwareManagement.Plugin.apama_plugin_remove" tests="1" errors="0" failures="0" skipped="0" time="0"><testcase classname="ApamaPluginRemoveTest" name="SoftwareManagement.Plugin.apama_plugin_remove" />
</testsuite><testsuite name="SoftwareManagement.Plugin.apama_plugin_update" tests="1" errors="0" failures="1" skipped="0" time="0"><testcase classname="ApamaPluginUpdateTest" name="SoftwareManagement.Plugin.apama_plugin_update">
		<failure message="BLOCKED: sudo&lt;plugin_install&gt; returned non-zero exit code 2" type="BLOCKED" />
		<system-out>10:28:10 INFO  ==============================================================
10:28:10 INFO  Id:    SoftwareManagement.Plugin.apama_plugin_update
10:28:10 INFO  Dir:   plugin_apama/
10:28:10 INFO  Title: Validate apama plugin updating one project with another
10:28:10 INFO  ==============================================================
10:28:10 INFO  Assertion that path exists=False for "/etc/tedge/apama/project" ... passed
10:28:10 INFO  Executed sudo&lt;create_project_dir&gt;, exit status 0
10:28:11 INFO  Executed sudo&lt;unzip_apama_project&gt;, exit status 0
10:28:11 INFO  Executed sudo&lt;move_apama_project&gt;, exit status 0
10:28:12 INFO  Executed sudo&lt;restart_apama_service&gt;, exit status 0
10:28:13 INFO  Executed sudo&lt;apama_correlator_wait&gt;, exit status 0
10:28:13 INFO  Assertion that path exists=True for "/etc/tedge/apama/project" ... passed
10:28:14 INFO  Executed sudo&lt;apama_list_monitors&gt;, exit status 0
10:28:14 INFO  Grep on file /home/pi/actions-runner/_work/thin-edge.io/thin-edge.io/tests/PySys/plugin_apama/apama_plugin_update/Output/linux/apama_list_monitors.out ... passed
10:28:15 WARN  Executed sudo&lt;plugin_install&gt;, exit status 2
10:28:15 INFO  Contents of plugin_install.err: 
  ERROR: Directory not empty (os error 39)
  -----

10:28:15 WARN  sudo&lt;plugin_install&gt; returned non-zero exit code 2 ... blocked [run.py:35]
10:28:15 WARN  Aborted test due to BLOCKED outcome
10:28:15 INFO  
10:28:15 INFO  cleanup:
10:28:15 INFO  Removing apama project
10:28:31 INFO  Executed sudo&lt;stop_apama_service&gt;, exit status 0, duration 15 secs
10:28:31 INFO  Executed sudo&lt;remove_apama_project&gt;, exit status 0
10:28:32 INFO  Executed sudo&lt;remove_apama_tmp_dir&gt;, exit status 0
10:28:32 INFO  
10:28:32 INFO  Test duration: 21.95 secs
10:28:32 INFO  Test final outcome:  BLOCKED
10:28:32 INFO  Test outcome reason: sudo&lt;plugin_install&gt; returned non-zero exit code 2
10:28:32 INFO  
</system-out>
	</testcase>
</testsuite><testsuite name="SoftwareManagement.sm_docker_install_remove_multiple" tests="1" errors="0" failures="1" skipped="0" time="0"><testcase classname="SMDockerInstallRemove" name="SoftwareManagement.sm_docker_install_remove_multiple">
		<failure message="BLOCKED: SystemError: Timeout while waiting for status SUCCESSFUL or False" type="BLOCKED" />
		<system-out>10:32:32 INFO  ==============================================================
10:32:32 INFO  Id:    SoftwareManagement.sm_docker_install_remove_multiple
10:32:32 INFO  Dir:   software_management_end_to_end/
10:32:32 INFO  Title: Validate end to end behaviour for the docker plugin for multiple docker images with mixed versions
10:32:32 INFO  ==============================================================
10:32:34 INFO  Using sw id database: {'asciijump': '5475369', 'robotfindskitten': '5474869', 'squirrel3': '5475279', 'rolldice': '5152439', 'moon-buggy': '5439204', 'apple': '5495053', 'banana': '5494888', 'cherry': '5495382', 'watermelon': '5494510', 'registry': '8018911', 'hello-world': '8021526', 'docker/getting-started': '8021973', 'alpine': '7991792'}
10:32:34 INFO  EnvironmentC8y Setup
10:32:35 INFO  Executed systemctl&lt;serv_mapper1&gt;, exit status 3
10:32:51 INFO  Executed sudo&lt;tedge_connect_c8y&gt;, exit status 0, duration 16 secs
10:32:52 INFO  Executed sudo&lt;tedge_connect_c8y_test&gt;, exit status 0
10:32:52 INFO  Executed systemctl&lt;serv_mosq2&gt;, exit status 0
10:32:53 INFO  Executed systemctl&lt;serv_mapper3&gt;, exit status 0
10:32:55 INFO  State of current operation: FAILED
10:32:55 INFO  Response status: 201
10:32:55 INFO  Response to action: {
    "creationTime": "2022-04-14T10:32:55.706Z",
    "deviceName": "mythicc",
    "deviceId": "17326137",
    "self": "https://t493319102.eu-latest.cumulocity.com/devicecontrol/operations/17330323",
    "id": "17330323",
    "status": "PENDING",
    "description": "Apply software changes, triggered from PySys: [{'action': 'install', 'id': '8021526', 'name': 'hello-world', 'url': '', 'version': '::docker'}, {'action': 'install', 'id': '8018911', 'name': 'registry', 'url': '', 'version': '2.6.2::docker'}]",
    "c8y_SoftwareUpdate": [
        {
            "name": "hello-world",
            "action": "install",
            "id": "8021526",
            "version": "::docker",
            "url": ""
        },
        {
            "name": "registry",
            "action": "install",
            "id": "8018911",
            "version": "2.6.2::docker",
            "url": ""
        }
    ]
}
10:32:55 INFO  Started operation: {'creationTime': '2022-04-14T10:32:55.706Z', 'deviceName': 'mythicc', 'deviceId': '17326137', 'self': 'https://t493319102.eu-latest.cumulocity.com/devicecontrol/operations/17330323', 'id': '17330323', 'status': 'PENDING', 'description': "Apply software changes, triggered from PySys: [{'action': 'install', 'id': '8021526', 'name': 'hello-world', 'url': '', 'version': '::docker'}, {'action': 'install', 'id': '8018911', 'name': 'registry', 'url': '', 'version': '2.6.2::docker'}]", 'c8y_SoftwareUpdate': [{'name': 'hello-world', 'action': 'install', 'id': '8021526', 'version': '::docker', 'url': ''}, {'name': 'registry', 'action': 'install', 'id': '8018911', 'version': '2.6.2::docker', 'url': ''}]}
10:32:57 INFO  State of operation 17330323 : PENDING
10:33:00 INFO  State of operation 17330323 : PENDING
10:33:02 INFO  State of operation 17330323 : PENDING
10:33:04 INFO  State of operation 17330323 : PENDING
10:33:06 INFO  State of operation 17330323 : PENDING
10:33:09 INFO  State of operation 17330323 : PENDING
10:33:11 INFO  State of operation 17330323 : PENDING
10:33:13 INFO  State of operation 17330323 : PENDING
10:33:15 INFO  State of operation 17330323 : PENDING
10:33:17 INFO  State of operation 17330323 : PENDING
10:33:20 INFO  State of operation 17330323 : PENDING
10:33:22 INFO  State of operation 17330323 : PENDING
10:33:24 INFO  State of operation 17330323 : PENDING
10:33:26 INFO  State of operation 17330323 : PENDING
10:33:28 INFO  State of operation 17330323 : PENDING
10:33:31 INFO  State of operation 17330323 : PENDING
10:33:33 INFO  State of operation 17330323 : PENDING
10:33:35 INFO  State of operation 17330323 : PENDING
10:33:37 INFO  State of operation 17330323 : PENDING
10:33:40 INFO  State of operation 17330323 : PENDING
10:33:42 INFO  State of operation 17330323 : PENDING
10:33:44 INFO  State of operation 17330323 : PENDING
10:33:46 INFO  State of operation 17330323 : PENDING
10:33:48 INFO  State of operation 17330323 : PENDING
10:33:51 INFO  State of operation 17330323 : PENDING
10:33:53 INFO  State of operation 17330323 : PENDING
10:33:55 INFO  State of operation 17330323 : PENDING
10:33:57 INFO  State of operation 17330323 : PENDING
10:34:00 INFO  State of operation 17330323 : PENDING
10:34:02 INFO  State of operation 17330323 : PENDING
10:34:04 INFO  State of operation 17330323 : PENDING
10:34:06 INFO  State of operation 17330323 : PENDING
10:34:08 INFO  State of operation 17330323 : PENDING
10:34:11 INFO  State of operation 17330323 : PENDING
10:34:13 INFO  State of operation 17330323 : PENDING
10:34:15 INFO  State of operation 17330323 : PENDING
10:34:17 INFO  State of operation 17330323 : PENDING
10:34:19 INFO  State of operation 17330323 : PENDING
10:34:22 INFO  State of operation 17330323 : PENDING
10:34:24 INFO  State of operation 17330323 : PENDING
10:34:26 INFO  State of operation 17330323 : PENDING
10:34:28 INFO  State of operation 17330323 : PENDING
10:34:30 INFO  State of operation 17330323 : PENDING
10:34:33 INFO  State of operation 17330323 : PENDING
10:34:35 INFO  State of operation 17330323 : PENDING
10:34:37 INFO  State of operation 17330323 : PENDING
10:34:39 INFO  State of operation 17330323 : PENDING
10:34:42 INFO  State of operation 17330323 : PENDING
10:34:44 INFO  State of operation 17330323 : PENDING
10:34:46 INFO  State of operation 17330323 : PENDING
10:34:48 INFO  State of operation 17330323 : PENDING
10:34:51 INFO  State of operation 17330323 : PENDING
10:34:53 INFO  State of operation 17330323 : PENDING
10:34:55 INFO  State of operation 17330323 : PENDING
10:34:57 INFO  State of operation 17330323 : PENDING
10:34:59 INFO  State of operation 17330323 : PENDING
10:35:02 INFO  State of operation 17330323 : PENDING
10:35:04 INFO  State of operation 17330323 : PENDING
10:35:06 INFO  State of operation 17330323 : PENDING
10:35:08 INFO  State of operation 17330323 : PENDING
10:35:10 INFO  State of operation 17330323 : PENDING
10:35:12 WARN  SystemError occurred while running test - Timeout while waiting for status SUCCESSFUL or False
Traceback (most recent call last):
  File "/home/pi/env-pysys/lib/python3.7/site-packages/pysys/baserunner.py", line 1292, in __call__
    self.testObj.setup()
  File "/home/pi/actions-runner/_work/thin-edge.io/thin-edge.io/tests/PySys/software_management_end_to_end/sm_docker_install_remove_multiple/run.py", line 55, in setup
    self.wait_until_succcess()
  File "/home/pi/actions-runner/_work/thin-edge.io/thin-edge.io/tests/PySys/software_management_end_to_end/environment_sm_management.py", line 324, in wait_until_succcess
    self.wait_until_status("SUCCESSFUL")
  File "/home/pi/actions-runner/_work/thin-edge.io/thin-edge.io/tests/PySys/software_management_end_to_end/environment_sm_management.py", line 381, in wait_until_status
    "Timeout while waiting for status %s or %s" % (status, status2)
SystemError: Timeout while waiting for status SUCCESSFUL or False
10:35:13 WARN  SystemError: Timeout while waiting for status SUCCESSFUL or False ... blocked 
10:35:13 INFO  
10:35:13 INFO  cleanup:
10:35:17 INFO  Executed sudo&lt;tedge_disconnect_c8y&gt;, exit status 0
10:35:18 INFO  Executed systemctl&lt;serv_mapper5&gt;, exit status 3
10:35:18 INFO  
10:35:18 INFO  Test duration: 166.09 secs
10:35:18 INFO  Test final outcome:  BLOCKED
10:35:18 INFO  Test outcome reason: SystemError: Timeout while waiting for status SUCCESSFUL or False
10:35:18 INFO  
</system-out>
	</testcase>
</testsuite><testsuite name="docker_plugin_finalize" tests="1" errors="0" failures="0" skipped="0" time="0"><testcase classname="DockerPluginFinalizeTest" name="docker_plugin_finalize" />
</testsuite><testsuite name="docker_plugin_install" tests="1" errors="0" failures="0" skipped="0" time="0"><testcase classname="DockerPluginInstallTest" name="docker_plugin_install" />
</testsuite><testsuite name="docker_plugin_install_with_version" tests="1" errors="0" failures="0" skipped="0" time="0"><testcase classname="DockerPluginInstallWithVersionTest" name="docker_plugin_install_with_version" />
</testsuite><testsuite name="docker_plugin_remove" tests="1" errors="0" failures="0" skipped="0" time="0"><testcase classname="DockerPluginRemoveTest" name="docker_plugin_remove" />
</testsuite><testsuite name="docker_plugin_remove_with_version" tests="1" errors="0" failures="0" skipped="0" time="0"><testcase classname="DockerPluginRemoveWithVersionTest" name="docker_plugin_remove_with_version" />
</testsuite><testsuite name="docker_plugin_update" tests="1" errors="0" failures="0" skipped="0" time="0"><testcase classname="DockerPluginUpdateTest" name="docker_plugin_update" />
</testsuite></testsuites>