<!DOCTYPE html>
<html lang="en">
<head>
    <meta charset="UTF-8">
    <title>results_pysys_offsite_mythicd.xml</title>
    <style type="text/css">
        body {
    background-color: white;
    padding-bottom: 20em;
    margin: 0;
    min-height: 15cm;
}

h1, h2, h3, h4, h5, h6, h7 {
    font-family: sans-serif;
}

h1 {
    background-color: #007acc;
    color: white;
    padding: 3mm;
    margin-top: 0;
    margin-bottom: 1mm;
}

.footer {
    font-style: italic;
    font-size: small;
    text-align: right;
    padding: 1em;
}

.testsuite {
    padding-bottom: 2em;
    margin-left: 1em;
}

.proplist {
    width: 100%;
    margin-bottom: 2em;
    border-collapse: collapse;
    border: 1px solid grey;
}

.proplist th {
    background-color: silver;
    width: 5em;
    padding: 2px;
    padding-right: 1em;
    text-align: left;
}

.proplist td {
    padding: 2px;
}

.index-table {
    width: 90%;
    margin-left: 1em;
}

.index-table td {
    vertical-align: top;
    width: 50%;
}

.failure-index {

}

.toc {
    margin-bottom: 2em;
    font-family: monospace;
}

.stdio, pre {
    min-height: 1em;
    background-color: #1e1e1e;
    color: silver;
    padding: 0.5em;
}
.tdpre {
    background-color: #1e1e1e;
}

.test {
    margin-left: 0.5cm;
}

.outcome {
    border-left: 1em;
    padding: 2px;
}

.outcome-failed {
    border-left: 1em solid lightcoral;
}

.stats-table {
}

.stats-table td {
    min-width: 4em;
    text-align: right;
}

.stats-table .failed {
    background-color: lightcoral;
}

.stats-table .passed {
    background-color: lightgreen;
}

.matrix-table {
    table-layout: fixed;
    border-spacing: 0;
    width: available;
    margin-left: 1em;
}

.matrix-table td {
    vertical-align: center;
}

.matrix-table td:last-child {
    width: 0;
}

.matrix-axis-name {
    white-space: nowrap;
    padding-left: 0.5em;
    border-left: 1px solid black;
    border-top: 1px solid black;
}

.matrix-axis-line {
    border-left: 1px solid black;
    width: 0.5em;
}

.matrix-classname {
    text-align: left;
    width: 100%;
    border-top: 2px solid grey;
    border-bottom: 1px solid silver;
}

.matrix-casename {
    text-align: left;
    font-weight: normal;
    font-style: italic;
    padding-left: 1em;
    border-bottom: 1px solid silver;
}

.matrix-result {
    display: block;
    width: 1em;
    text-align: center;
    padding: 1mm;
    margin: 0;
}

.matrix-result-combined {
    white-space: nowrap;
    padding-right: 0.2em;
    text-align: right;
}

.matrix-result-failed {
    background-color: lightcoral;
}

.matrix-result-passed {
    background-color: lightgreen;
}

.matrix-result-skipped {
    background-color: lightyellow;
}
    </style>
</head>
<body>
    
<h1>
    Test Report : results_pysys_offsite_mythicd.xml
</h1>
<a id="toc"></a>
<table class="index-table">
    <tr>
        <td>
            <ul class="toc">
            
                
                <li>AptInstallWithDownloadPath
                <ul>
                    
                    <li><a href="#33a7a449-cca3-43bf-a94c-77da45706560">SoftwareManagement.sm_apt_install_download_path</a></li>
                    
                </ul>
                </li>
                
            
                
                <li>PySysTest
                <ul>
                    
                    <li><a href="#3e1ae2a0-3189-4411-846f-1dbe32c60b21">SoftwareManagement.sm_apt_install_fail</a></li>
                    
                </ul>
                </li>
                
            
                
                <li>PySysTest
                <ul>
                    
                    <li><a href="#f33e1b83-dcdb-4031-a19d-4fb06ef3c367">SoftwareManagement.sm_apt_install_remove</a></li>
                    
                </ul>
                </li>
                
            
                
                <li>PySysTest
                <ul>
                    
                    <li><a href="#c6d470cf-5384-4faf-bc48-d61f752b7e88">SoftwareManagement.sm_apt_install_remove_default</a></li>
                    
                </ul>
                </li>
                
            
                
                <li>PySysTest
                <ul>
                    
                    <li><a href="#678d8faf-4714-4484-9266-b8d001d96e0d">SoftwareManagement.sm_apt_install_remove_multiple</a></li>
                    
                </ul>
                </li>
                
            
                
                <li>PySysTest
                <ul>
                    
                    <li><a href="#4cf1c1c9-e93f-4245-b92a-264e6f74cb03">SoftwareManagement.sm_apt_install_remove_multiple_mixed</a></li>
                    
                </ul>
                </li>
                
            
                
                <li>PySysTest
                <ul>
                    
                    <li><a href="#6faf5e04-e778-47a5-881b-ea18e72a8994">SoftwareManagement.sm_apt_install_remove_with_version</a></li>
                    
                </ul>
                </li>
                
            
                
                <li>AptPluginFailNoArg
                <ul>
                    
                    <li><a href="#6bb4ddf2-98ed-4bf7-a89c-9733d8ec4de9">apt_fail_noarg</a></li>
                    
                </ul>
                </li>
                
            
                
                <li>AptPluginFinalize
                <ul>
                    
                    <li><a href="#b6ea6aa7-e011-42f2-9852-4a9e1d1ad2a3">apt_finalize</a></li>
                    
                </ul>
                </li>
                
            
                
                <li>AptPluginInstallDense
                <ul>
                    
                    <li><a href="#6e03db4d-4cd2-4542-bdf9-cde0b8814e1e">apt_install</a></li>
                    
                </ul>
                </li>
                
            
                
                <li>AptPluginInstallFail
                <ul>
                    
                    <li><a href="#1d885dac-425b-47ce-9d57-cb5d138ea0e4">apt_install_fail</a></li>
                    
                </ul>
                </li>
                
            
                
                <li>AptPluginInstallFromLocalFile
                <ul>
                    
                    <li><a href="#e69aab15-4a75-446a-ba23-f9fdc572ab09">apt_install_local_file</a></li>
                    
                </ul>
                </li>
                
            
                
                <li>AptPluginInstallFromLocalFileFail
                <ul>
                    
                    <li><a href="#972b9a8c-1c17-47e7-9d51-78d6d5059261">apt_install_local_file_fail</a></li>
                    
                </ul>
                </li>
                
            
                
                <li>AptPluginInstallFromLocalFileWithVersion
                <ul>
                    
                    <li><a href="#fe13ec18-2dc3-4cfc-9ddd-3a8db12ae45c">apt_install_local_file_with_version</a></li>
                    
                </ul>
                </li>
                
            
                
                <li>AptPluginInstallFromLocalFileWithVersionFail
                <ul>
                    
                    <li><a href="#e292ceb1-2536-4eaa-b492-a8008a21025e">apt_install_local_file_with_version_fail</a></li>
                    
                </ul>
                </li>
                
            
                
                <li>AptPluginListFormat
                <ul>
                    
                    <li><a href="#6a0dd322-a57a-4da6-b516-0ee010faba0b">apt_list_format</a></li>
                    
                </ul>
                </li>
                
            
                
                <li>AptPluginPrepare
                <ul>
                    
                    <li><a href="#dc55b5a8-9698-4e0e-99f6-1e5590a0bfa4">apt_prepare</a></li>
                    
                </ul>
                </li>
                
            
                
                <li>AptPluginPrepareInstallFinalize
                <ul>
                    
                    <li><a href="#a7cde3fb-f352-4db4-8e3e-f950856b99a4">apt_prepare_install_finalize</a></li>
                    
                </ul>
                </li>
                
            
                
                <li>AptPluginRemoveDense
                <ul>
                    
                    <li><a href="#8b07ecf7-2ca8-4abf-97d0-0bed88aff7a1">apt_remove</a></li>
                    
                </ul>
                </li>
                
            
                
                <li>AptPluginRemoveFails
                <ul>
                    
                    <li><a href="#f1a0d037-8657-4e8d-b0a2-edbd693a02c1">apt_remove_fail</a></li>
                    
                </ul>
                </li>
                
            
                
                <li>AptPluginPrepInstallWithVersionFinalize
                <ul>
                    
                    <li><a href="#c6c32761-28a0-4a1a-baf2-1ae6bab49332">apt_sequence_install_with_version</a></li>
                    
                </ul>
                </li>
                
            
                
                <li>AptPluginInstallWithVersionFails
                <ul>
                    
                    <li><a href="#0015d3eb-5c11-49ba-8c5b-dfbdc4a92220">apt_sequence_install_with_version_fail</a></li>
                    
                </ul>
                </li>
                
            
                
                <li>AptPluginInstallPrepareRemoveFinalize
                <ul>
                    
                    <li><a href="#9a21efdc-4d35-4682-9486-03e78b10c39d">apt_sequence_remove</a></li>
                    
                </ul>
                </li>
                
            
                
                <li>AptPluginRemoveWithVersion
                <ul>
                    
                    <li><a href="#3a81493f-f1c1-451f-b51e-69acefb6415d">apt_sequence_remove_with_version</a></li>
                    
                </ul>
                </li>
                
            
                
                <li>AptPluginRemoveWithVersionFails
                <ul>
                    
                    <li><a href="#83115bd8-fd02-4a14-9996-03f677eb9bf8">apt_sequence_remove_with_version_fail</a></li>
                    
                </ul>
                </li>
                
            
                
                <li>AptPluginUpdateList
                <ul>
                    
                    <li><a href="#6edee1b1-7f15-4399-9f1b-a1242aa4306a">apt_update_list</a></li>
                    
                </ul>
                </li>
                
            
                
                <li>AptPluginWrongOption
                <ul>
                    
                    <li><a href="#9e1036d3-0d3f-4a8f-8e31-de422e4859d6">apt_wrong_option</a></li>
                    
                </ul>
                </li>
                
            
                
                <li>ApamaPluginInstallTest
                <ul>
                    
                    <li><a href="#dcee0e9e-e910-42c8-bbd4-cda4b4afe9e2">SoftwareManagement.Plugin.apama_plugin_install</a></li>
                    
                </ul>
                </li>
                
            
                
                <li>ApamaPluginMonSupportTest
                <ul>
                    
                    <li><a href="#d9bdee36-0531-47dc-a402-04a715ecb605">SoftwareManagement.Plugin.apama_plugin_mon_support</a></li>
                    
                </ul>
                </li>
                
            
                
                <li>ApamaPluginRemoveTest
                <ul>
                    
                    <li><a href="#4306443e-59bb-4eac-9dc7-63a8c463937b">SoftwareManagement.Plugin.apama_plugin_remove</a></li>
                    
                </ul>
                </li>
                
            
                
                <li>ApamaPluginUpdateTest
                <ul>
                    
                    <li><a href="#99bae3a0-21ee-4e76-8aa0-2f830a952f36">SoftwareManagement.Plugin.apama_plugin_update</a></li>
                    
                </ul>
                </li>
                
            
                
                <li>SMDockerInstallRemove
                <ul>
                    
                    <li><a href="#56466451-c66f-4f76-90d5-e520fb6617a2">SoftwareManagement.sm_docker_install_remove_multiple</a></li>
                    
                </ul>
                </li>
                
            
                
                <li>DockerPluginFinalizeTest
                <ul>
                    
                    <li><a href="#189c9b10-9659-46ed-8f4a-0456745b9772">docker_plugin_finalize</a></li>
                    
                </ul>
                </li>
                
            
                
                <li>DockerPluginInstallTest
                <ul>
                    
                    <li><a href="#6711b991-a408-4eba-964d-1497a9a56fee">docker_plugin_install</a></li>
                    
                </ul>
                </li>
                
            
                
                <li>DockerPluginInstallWithVersionTest
                <ul>
                    
                    <li><a href="#6bc07e77-f19a-415b-aff9-7782e5adb7a8">docker_plugin_install_with_version</a></li>
                    
                </ul>
                </li>
                
            
                
                <li>DockerPluginRemoveTest
                <ul>
                    
                    <li><a href="#2c0c3108-cfba-4e03-8c59-a8b53ad43705">docker_plugin_remove</a></li>
                    
                </ul>
                </li>
                
            
                
                <li>DockerPluginRemoveWithVersionTest
                <ul>
                    
                    <li><a href="#25e67331-76c3-43c6-87a1-559a1bfa0437">docker_plugin_remove_with_version</a></li>
                    
                </ul>
                </li>
                
            
                
                <li>DockerPluginUpdateTest
                <ul>
                    
                    <li><a href="#57f5ccc6-6944-4dae-9f57-0dc28276227b">docker_plugin_update</a></li>
                    
                </ul>
                </li>
                
            
            </ul>
        </td>
        <td class="failure-index">
            <ul class="toc">
            
                
                    
                    
                    <li><a href="#33a7a449-cca3-43bf-a94c-77da45706560">[F] AptInstallWithDownloadPath : SoftwareManagement.sm_apt_install_download_path</a></li>
                    
                    
                
            
                
                    
                    
                    
                
            
                
                    
                    
                    
                
            
                
                    
                    
                    
                
            
                
                    
                    
                    <li><a href="#678d8faf-4714-4484-9266-b8d001d96e0d">[F] PySysTest : SoftwareManagement.sm_apt_install_remove_multiple</a></li>
                    
                    
                
            
                
                    
                    
                    <li><a href="#4cf1c1c9-e93f-4245-b92a-264e6f74cb03">[F] PySysTest : SoftwareManagement.sm_apt_install_remove_multiple_mixed</a></li>
                    
                    
                
            
                
                    
                    
                    
                
            
                
                    
                    
                    
                
            
                
                    
                    
                    
                
            
                
                    
                    
                    
                
            
                
                    
                    
                    
                
            
                
                    
                    
                    
                
            
                
                    
                    
                    
                
            
                
                    
                    
                    
                
            
                
                    
                    
                    
                
            
                
                    
                    
                    
                
            
                
                    
                    
                    
                
            
                
                    
                    
                    
                
            
                
                    
                    
                    
                
            
                
                    
                    
                    
                
            
                
                    
                    
                    
                
            
                
                    
                    
                    
                
            
                
                    
                    
                    
                
            
                
                    
                    
                    
                
            
                
                    
                    
                    
                
            
                
                    
                    
                    
                
            
                
                    
                    
                    
                
            
                
                    
                    
                    
                
            
                
                    
                    
                    
                
            
                
                    
                    
                    
                
            
                
                    
                    
                    <li><a href="#99bae3a0-21ee-4e76-8aa0-2f830a952f36">[F] ApamaPluginUpdateTest : SoftwareManagement.Plugin.apama_plugin_update</a></li>
                    
                    
                
            
                
                    
                    
                    
                
            
                
                    
                    
                    
                
            
                
                    
                    
                    
                
            
                
                    
                    
                    
                
            
                
                    
                    
                    
                
            
                
                    
                    
                    
                
            
                
                    
                    
                    
                
            
            </ul>
        </td>
    </tr>
</table>


    <div class="testsuite">
        <h2>Test Suite: SoftwareManagement.sm_apt_install_download_path</h2>
        <a id="b2a17e2e-8e5d-49bf-9cb0-fa97637fb8b7"></a>
        
        
        <h3>Results</h3>
        <table class="proplist">
            <tr>
                <th>Duration</th><td>0.0 sec</td>
            </tr>
            <tr>
                <th>Tests</th><td>1</td>
            </tr>
            <tr>
                <th>Failures</th><td>1</td>
            </tr>
        </table>

        <div class="testclasses">
            <h3>Tests</h3>
            
            <div class="testclass">
                <h4>AptInstallWithDownloadPath</h4>
                <div class="testcases">
                
                    <div class="test outcome outcome-failed">
                        <a id="33a7a449-cca3-43bf-a94c-77da45706560"></a>
                        <table class="proplist">
                            <tr><th>Test case:</th><td><b>SoftwareManagement.sm_apt_install_download_path</b></td></tr>
                            <tr><th>Outcome:</th><td>Failed</td></tr>
                            <tr><th>Duration:</th><td>0.0 sec</td></tr>
                        
                            <tr><th>Failed</th><td>BLOCKED: AssertionError:</td></tr>
                        
                        
                        </table>

                        
                        <pre>failed</pre>
                        
                        

                        
                        
                        <div class="stdout"><i>Stdout</i><br>
                            <pre>07:23:56 INFO  ==============================================================
07:23:56 INFO  Id:    SoftwareManagement.sm_apt_install_download_path
07:23:56 INFO  Dir:   software_management_end_to_end/
07:23:56 INFO  Title: Install package to directory specified in tedge config set tmp.path
07:23:56 INFO  ==============================================================
07:23:56 INFO  Using sw id database: {&#39;asciijump&#39;: &#39;5475369&#39;, &#39;robotfindskitten&#39;: &#39;5474869&#39;, &#39;squirrel3&#39;: &#39;5475279&#39;, &#39;rolldice&#39;: &#39;5152439&#39;, &#39;moon-buggy&#39;: &#39;5439204&#39;, &#39;apple&#39;: &#39;5495053&#39;, &#39;banana&#39;: &#39;5494888&#39;, &#39;cherry&#39;: &#39;5495382&#39;, &#39;watermelon&#39;: &#39;5494510&#39;, &#39;registry&#39;: &#39;8018911&#39;, &#39;hello-world&#39;: &#39;8021526&#39;, &#39;docker/getting-started&#39;: &#39;8021973&#39;, &#39;alpine&#39;: &#39;7991792&#39;}
07:23:56 INFO  EnvironmentC8y Setup
07:23:57 INFO  Executed systemctl&lt;serv_mapper1&gt;, exit status 3
07:24:11 INFO  Executed sudo&lt;tedge_connect_c8y&gt;, exit status 0, duration 14 secs
07:24:13 INFO  Executed sudo&lt;tedge_connect_c8y_test&gt;, exit status 0
07:24:14 INFO  Executed systemctl&lt;serv_mosq2&gt;, exit status 0
07:24:15 INFO  Executed systemctl&lt;serv_mapper3&gt;, exit status 0
07:24:17 ERROR No operations found, assuming it passed
07:24:17 INFO  Assert that (False == value) with value=False ... passed
07:24:18 INFO  Executed sudo, exit status 0
07:24:18 INFO  Executed sudo, exit status 0
07:24:19 INFO  Executed sudo, exit status 0
07:24:23 INFO  Executed sudo&lt;tedge_disconnect_c8y&gt;, exit status 0
07:24:23 INFO  Restarting mosquitto too frequently in the last 10 seconds. It was only up for 4 seconds
07:24:23 INFO  Delaying execution by 7 seconds
07:24:44 INFO  Executed sudo&lt;tedge_connect_c8y&gt;, exit status 0, duration 13 secs
07:24:45 INFO  Response status: 201
07:24:45 INFO  Response to action: {
    &#34;creationTime&#34;: &#34;2022-04-14T07:24:44.961Z&#34;,
    &#34;deviceId&#34;: &#34;17294230&#34;,
    &#34;deviceName&#34;: &#34;mythicd&#34;,
    &#34;self&#34;: &#34;https://t493319102.eu-latest.cumulocity.com/devicecontrol/operations/17294862&#34;,
    &#34;id&#34;: &#34;17294862&#34;,
    &#34;status&#34;: &#34;PENDING&#34;,
    &#34;description&#34;: &#34;Apply software changes, triggered from PySys: [{&#39;name&#39;: &#39;rolldice&#39;, &#39;id&#39;: &#39;5152439&#39;, &#39;version&#39;: &#39;::apt&#39;, &#39;url&#39;: &#39;https://thin-edge-io.eu-latest.cumulocity.com/inventory/binaries/12435463&#39;, &#39;action&#39;: &#39;install&#39;}]&#34;,
    &#34;c8y_SoftwareUpdate&#34;: [
        {
            &#34;name&#34;: &#34;rolldice&#34;,
            &#34;action&#34;: &#34;install&#34;,
            &#34;id&#34;: &#34;5152439&#34;,
            &#34;version&#34;: &#34;::apt&#34;,
            &#34;url&#34;: &#34;https://thin-edge-io.eu-latest.cumulocity.com/inventory/binaries/12435463&#34;
        }
    ]
}
07:24:45 INFO  Started operation: {&#39;creationTime&#39;: &#39;2022-04-14T07:24:44.961Z&#39;, &#39;deviceId&#39;: &#39;17294230&#39;, &#39;deviceName&#39;: &#39;mythicd&#39;, &#39;self&#39;: &#39;https://t493319102.eu-latest.cumulocity.com/devicecontrol/operations/17294862&#39;, &#39;id&#39;: &#39;17294862&#39;, &#39;status&#39;: &#39;PENDING&#39;, &#39;description&#39;: &#34;Apply software changes, triggered from PySys: [{&#39;name&#39;: &#39;rolldice&#39;, &#39;id&#39;: &#39;5152439&#39;, &#39;version&#39;: &#39;::apt&#39;, &#39;url&#39;: &#39;https://thin-edge-io.eu-latest.cumulocity.com/inventory/binaries/12435463&#39;, &#39;action&#39;: &#39;install&#39;}]&#34;, &#39;c8y_SoftwareUpdate&#39;: [{&#39;name&#39;: &#39;rolldice&#39;, &#39;action&#39;: &#39;install&#39;, &#39;id&#39;: &#39;5152439&#39;, &#39;version&#39;: &#39;::apt&#39;, &#39;url&#39;: &#39;https://thin-edge-io.eu-latest.cumulocity.com/inventory/binaries/12435463&#39;}]}
07:24:45 WARN  , retrying in 0.5 seconds...
07:24:45 WARN  , retrying in 0.5 seconds...
07:24:46 WARN  , retrying in 0.5 seconds...
07:24:46 WARN  , retrying in 0.5 seconds...
07:24:47 WARN  , retrying in 0.5 seconds...
07:24:47 WARN  , retrying in 0.5 seconds...
07:24:48 WARN  , retrying in 0.5 seconds...
07:24:48 WARN  , retrying in 0.5 seconds...
07:24:49 WARN  , retrying in 0.5 seconds...
07:24:49 WARN  AssertionError occurred while running test - 
Traceback (most recent call last):
  File &#34;/home/pi/env-pysys/lib/python3.7/site-packages/pysys/baserunner.py&#34;, line 1294, in __call__
    self.testObj.execute()
  File &#34;/home/pi/actions-runner/_work/thin-edge.io/thin-edge.io/tests/PySys/software_management_end_to_end/sm_apt_install_download_path/run.py&#34;, line 83, in execute
    assert_install_in_download_path(install_directory=self.DOWNLOAD_DIR)
  File &#34;/home/pi/env-pysys/lib/python3.7/site-packages/decorator.py&#34;, line 232, in fun
    return caller(func, *(extras + args), **kw)
  File &#34;/home/pi/env-pysys/lib/python3.7/site-packages/retry/api.py&#34;, line 74, in retry_decorator
    logger)
  File &#34;/home/pi/env-pysys/lib/python3.7/site-packages/retry/api.py&#34;, line 33, in __retry_internal
    return f()
  File &#34;/home/pi/actions-runner/_work/thin-edge.io/thin-edge.io/tests/PySys/software_management_end_to_end/sm_apt_install_download_path/run.py&#34;, line 28, in assert_install_in_download_path
    assert &#34;rolldice&#34; in os.listdir(f&#34;{install_directory}&#34;)
AssertionError
07:24:50 WARN  AssertionError: ... blocked 
07:24:50 INFO  
07:24:50 INFO  cleanup:
07:24:50 INFO  Executed sudo, exit status 0
07:24:51 INFO  Executed sudo, exit status 0
07:24:55 INFO  Executed sudo&lt;tedge_disconnect_c8y&gt;, exit status 0
07:24:55 INFO  Restarting mosquitto too frequently in the last 10 seconds. It was only up for 4 seconds
07:24:55 INFO  Delaying execution by 7 seconds
07:25:17 INFO  Executed sudo&lt;tedge_connect_c8y&gt;, exit status 0, duration 14 secs
07:25:21 INFO  Executed sudo&lt;tedge_disconnect_c8y&gt;, exit status 0
07:25:22 INFO  Executed systemctl&lt;serv_mapper5&gt;, exit status 3
07:25:22 INFO  
07:25:22 INFO  Test duration: 85.63 secs
07:25:22 INFO  Test final outcome:  BLOCKED
07:25:22 INFO  Test outcome reason: AssertionError:
07:25:22 INFO  
</pre>
                        </div>
                        
                        
                    </div>
                
                </div>
            </div>
            
        </div>
    </div>
    

    <div class="testsuite">
        <h2>Test Suite: SoftwareManagement.sm_apt_install_fail</h2>
        <a id="6d2ebf26-fd30-4967-b2ef-66a9e23d708c"></a>
        
        
        <h3>Results</h3>
        <table class="proplist">
            <tr>
                <th>Duration</th><td>0.0 sec</td>
            </tr>
            <tr>
                <th>Tests</th><td>1</td>
            </tr>
            <tr>
                <th>Failures</th><td>0</td>
            </tr>
        </table>

        <div class="testclasses">
            <h3>Tests</h3>
            
            <div class="testclass">
                <h4>PySysTest</h4>
                <div class="testcases">
                
                    <div class="test outcome outcome-passed">
                        <a id="3e1ae2a0-3189-4411-846f-1dbe32c60b21"></a>
                        <table class="proplist">
                            <tr><th>Test case:</th><td><b>SoftwareManagement.sm_apt_install_fail</b></td></tr>
                            <tr><th>Outcome:</th><td>Passed</td></tr>
                            <tr><th>Duration:</th><td>0.0 sec</td></tr>
                        
                            <tr><th>Failed</th><td>None</td></tr>
                        
                        
                        </table>

                        
                        <pre>None</pre>
                        
                        

                        
                        
                        
                    </div>
                
                </div>
            </div>
            
        </div>
    </div>
    

    <div class="testsuite">
        <h2>Test Suite: SoftwareManagement.sm_apt_install_remove</h2>
        <a id="ceb9dc56-706d-409f-adb5-61b6fa88a460"></a>
        
        
        <h3>Results</h3>
        <table class="proplist">
            <tr>
                <th>Duration</th><td>0.0 sec</td>
            </tr>
            <tr>
                <th>Tests</th><td>1</td>
            </tr>
            <tr>
                <th>Failures</th><td>0</td>
            </tr>
        </table>

        <div class="testclasses">
            <h3>Tests</h3>
            
            <div class="testclass">
                <h4>PySysTest</h4>
                <div class="testcases">
                
                    <div class="test outcome outcome-passed">
                        <a id="f33e1b83-dcdb-4031-a19d-4fb06ef3c367"></a>
                        <table class="proplist">
                            <tr><th>Test case:</th><td><b>SoftwareManagement.sm_apt_install_remove</b></td></tr>
                            <tr><th>Outcome:</th><td>Passed</td></tr>
                            <tr><th>Duration:</th><td>0.0 sec</td></tr>
                        
                            <tr><th>Failed</th><td>None</td></tr>
                        
                        
                        </table>

                        
                        <pre>None</pre>
                        
                        

                        
                        
                        
                    </div>
                
                </div>
            </div>
            
        </div>
    </div>
    

    <div class="testsuite">
        <h2>Test Suite: SoftwareManagement.sm_apt_install_remove_default</h2>
        <a id="5265df9a-c246-4e89-9346-7c6c39e620c1"></a>
        
        
        <h3>Results</h3>
        <table class="proplist">
            <tr>
                <th>Duration</th><td>0.0 sec</td>
            </tr>
            <tr>
                <th>Tests</th><td>1</td>
            </tr>
            <tr>
                <th>Failures</th><td>0</td>
            </tr>
        </table>

        <div class="testclasses">
            <h3>Tests</h3>
            
            <div class="testclass">
                <h4>PySysTest</h4>
                <div class="testcases">
                
                    <div class="test outcome outcome-passed">
                        <a id="c6d470cf-5384-4faf-bc48-d61f752b7e88"></a>
                        <table class="proplist">
                            <tr><th>Test case:</th><td><b>SoftwareManagement.sm_apt_install_remove_default</b></td></tr>
                            <tr><th>Outcome:</th><td>Passed</td></tr>
                            <tr><th>Duration:</th><td>0.0 sec</td></tr>
                        
                            <tr><th>Failed</th><td>None</td></tr>
                        
                        
                        </table>

                        
                        <pre>None</pre>
                        
                        

                        
                        
                        
                    </div>
                
                </div>
            </div>
            
        </div>
    </div>
    

    <div class="testsuite">
        <h2>Test Suite: SoftwareManagement.sm_apt_install_remove_multiple</h2>
        <a id="cd48770a-2eb8-4953-86a2-eb63253d94f7"></a>
        
        
        <h3>Results</h3>
        <table class="proplist">
            <tr>
                <th>Duration</th><td>0.0 sec</td>
            </tr>
            <tr>
                <th>Tests</th><td>1</td>
            </tr>
            <tr>
                <th>Failures</th><td>1</td>
            </tr>
        </table>

        <div class="testclasses">
            <h3>Tests</h3>
            
            <div class="testclass">
                <h4>PySysTest</h4>
                <div class="testcases">
                
                    <div class="test outcome outcome-failed">
                        <a id="678d8faf-4714-4484-9266-b8d001d96e0d"></a>
                        <table class="proplist">
                            <tr><th>Test case:</th><td><b>SoftwareManagement.sm_apt_install_remove_multiple</b></td></tr>
                            <tr><th>Outcome:</th><td>Failed</td></tr>
                            <tr><th>Duration:</th><td>0.0 sec</td></tr>
                        
                            <tr><th>Failed</th><td>FAILED: Assert that (False == value) with value=True</td></tr>
                        
                        
                        </table>

                        
                        <pre>failed</pre>
                        
                        

                        
                        
                        <div class="stdout"><i>Stdout</i><br>
                            <pre>07:32:20 INFO  ==============================================================
07:32:20 INFO  Id:    SoftwareManagement.sm_apt_install_remove_multiple
07:32:20 INFO  Dir:   software_management_end_to_end/
07:32:20 INFO  Title: Validate end to end behaviour for the apt plugin for multiple packages
07:32:20 INFO  ==============================================================
07:32:20 INFO  Using sw id database: {&#39;asciijump&#39;: &#39;5475369&#39;, &#39;robotfindskitten&#39;: &#39;5474869&#39;, &#39;squirrel3&#39;: &#39;5475279&#39;, &#39;rolldice&#39;: &#39;5152439&#39;, &#39;moon-buggy&#39;: &#39;5439204&#39;, &#39;apple&#39;: &#39;5495053&#39;, &#39;banana&#39;: &#39;5494888&#39;, &#39;cherry&#39;: &#39;5495382&#39;, &#39;watermelon&#39;: &#39;5494510&#39;, &#39;registry&#39;: &#39;8018911&#39;, &#39;hello-world&#39;: &#39;8021526&#39;, &#39;docker/getting-started&#39;: &#39;8021973&#39;, &#39;alpine&#39;: &#39;7991792&#39;}
07:32:20 INFO  EnvironmentC8y Setup
07:32:21 INFO  Executed systemctl&lt;serv_mapper1&gt;, exit status 3
07:32:21 INFO  Restarting mosquitto too frequently in the last 10 seconds. It was only up for 4 seconds
07:32:21 INFO  Delaying execution by 7 seconds
07:32:42 INFO  Executed sudo&lt;tedge_connect_c8y&gt;, exit status 0, duration 13 secs
07:32:43 INFO  Executed sudo&lt;tedge_connect_c8y_test&gt;, exit status 0
07:32:43 INFO  Executed systemctl&lt;serv_mosq2&gt;, exit status 0
07:32:44 INFO  Executed systemctl&lt;serv_mapper3&gt;, exit status 0
07:32:46 INFO  State of current operation: SUCCESSFUL
07:32:46 INFO  Assert that (False == value) with value=False ... passed
07:32:46 INFO  Assert that (False == value) with value=False ... passed
07:32:47 INFO  Assert that (False == value) with value=False ... passed
07:32:47 INFO  Package robotfindskitten is installed
07:32:47 WARN  Assert that (False == value) with value=True ... failed 
07:32:47 INFO  Response status: 201
07:32:47 INFO  Response to action: {
    &#34;creationTime&#34;: &#34;2022-04-14T07:32:47.602Z&#34;,
    &#34;deviceId&#34;: &#34;17294230&#34;,
    &#34;deviceName&#34;: &#34;mythicd&#34;,
    &#34;self&#34;: &#34;https://t493319102.eu-latest.cumulocity.com/devicecontrol/operations/17294889&#34;,
    &#34;id&#34;: &#34;17294889&#34;,
    &#34;status&#34;: &#34;PENDING&#34;,
    &#34;description&#34;: &#34;Apply software changes, triggered from PySys: [{&#39;action&#39;: &#39;install&#39;, &#39;id&#39;: &#39;5475369&#39;, &#39;name&#39;: &#39;asciijump&#39;, &#39;url&#39;: &#39; &#39;, &#39;version&#39;: &#39;::apt&#39;}, {&#39;action&#39;: &#39;install&#39;, &#39;id&#39;: &#39;5474869&#39;, &#39;name&#39;: &#39;robotfindskitten&#39;, &#39;url&#39;: &#39; &#39;, &#39;version&#39;: &#39;::apt&#39;}, {&#39;action&#39;: &#39;install&#39;, &#39;id&#39;: &#39;5475279&#39;, &#39;name&#39;: &#39;squirrel3&#39;, &#39;url&#39;: &#39; &#39;, &#39;version&#39;: &#39;::apt&#39;}]&#34;,
    &#34;c8y_SoftwareUpdate&#34;: [
        {
            &#34;name&#34;: &#34;asciijump&#34;,
            &#34;action&#34;: &#34;install&#34;,
            &#34;id&#34;: &#34;5475369&#34;,
            &#34;version&#34;: &#34;::apt&#34;,
            &#34;url&#34;: &#34; &#34;
        },
        {
            &#34;name&#34;: &#34;robotfindskitten&#34;,
            &#34;action&#34;: &#34;install&#34;,
            &#34;id&#34;: &#34;5474869&#34;,
            &#34;version&#34;: &#34;::apt&#34;,
            &#34;url&#34;: &#34; &#34;
        },
        {
            &#34;name&#34;: &#34;squirrel3&#34;,
            &#34;action&#34;: &#34;install&#34;,
            &#34;id&#34;: &#34;5475279&#34;,
            &#34;version&#34;: &#34;::apt&#34;,
            &#34;url&#34;: &#34; &#34;
        }
    ]
}
07:32:47 INFO  Started operation: {&#39;creationTime&#39;: &#39;2022-04-14T07:32:47.602Z&#39;, &#39;deviceId&#39;: &#39;17294230&#39;, &#39;deviceName&#39;: &#39;mythicd&#39;, &#39;self&#39;: &#39;https://t493319102.eu-latest.cumulocity.com/devicecontrol/operations/17294889&#39;, &#39;id&#39;: &#39;17294889&#39;, &#39;status&#39;: &#39;PENDING&#39;, &#39;description&#39;: &#34;Apply software changes, triggered from PySys: [{&#39;action&#39;: &#39;install&#39;, &#39;id&#39;: &#39;5475369&#39;, &#39;name&#39;: &#39;asciijump&#39;, &#39;url&#39;: &#39; &#39;, &#39;version&#39;: &#39;::apt&#39;}, {&#39;action&#39;: &#39;install&#39;, &#39;id&#39;: &#39;5474869&#39;, &#39;name&#39;: &#39;robotfindskitten&#39;, &#39;url&#39;: &#39; &#39;, &#39;version&#39;: &#39;::apt&#39;}, {&#39;action&#39;: &#39;install&#39;, &#39;id&#39;: &#39;5475279&#39;, &#39;name&#39;: &#39;squirrel3&#39;, &#39;url&#39;: &#39; &#39;, &#39;version&#39;: &#39;::apt&#39;}]&#34;, &#39;c8y_SoftwareUpdate&#39;: [{&#39;name&#39;: &#39;asciijump&#39;, &#39;action&#39;: &#39;install&#39;, &#39;id&#39;: &#39;5475369&#39;, &#39;version&#39;: &#39;::apt&#39;, &#39;url&#39;: &#39; &#39;}, {&#39;name&#39;: &#39;robotfindskitten&#39;, &#39;action&#39;: &#39;install&#39;, &#39;id&#39;: &#39;5474869&#39;, &#39;version&#39;: &#39;::apt&#39;, &#39;url&#39;: &#39; &#39;}, {&#39;name&#39;: &#39;squirrel3&#39;, &#39;action&#39;: &#39;install&#39;, &#39;id&#39;: &#39;5475279&#39;, &#39;version&#39;: &#39;::apt&#39;, &#39;url&#39;: &#39; &#39;}]}
07:32:49 INFO  State of operation 17294889 : PENDING
07:32:52 INFO  State of operation 17294889 : EXECUTING
07:32:54 INFO  State of operation 17294889 : EXECUTING
07:32:56 INFO  State of operation 17294889 : EXECUTING
07:32:58 INFO  State of operation 17294889 : EXECUTING
07:33:01 INFO  State of operation 17294889 : EXECUTING
07:33:03 INFO  State of operation 17294889 : EXECUTING
07:33:06 INFO  State of operation 17294889 : EXECUTING
07:33:14 INFO  State of operation 17294889 : EXECUTING
07:33:16 INFO  State of operation 17294889 : EXECUTING
07:33:18 INFO  State of operation 17294889 : EXECUTING
07:33:20 INFO  State of operation 17294889 : EXECUTING
07:33:23 INFO  State of operation 17294889 : EXECUTING
07:33:25 INFO  State of operation 17294889 : EXECUTING
07:33:27 INFO  State of operation 17294889 : EXECUTING
07:33:29 INFO  State of operation 17294889 : EXECUTING
07:33:32 INFO  State of operation 17294889 : EXECUTING
07:33:34 INFO  State of operation 17294889 : EXECUTING
07:33:37 INFO  State of operation 17294889 : EXECUTING
07:33:39 INFO  State of operation 17294889 : EXECUTING
07:33:42 INFO  State of operation 17294889 : EXECUTING
07:33:44 INFO  State of operation 17294889 : EXECUTING
07:33:46 INFO  State of operation 17294889 : EXECUTING
07:33:48 INFO  State of operation 17294889 : EXECUTING
07:33:51 INFO  State of operation 17294889 : EXECUTING
07:33:53 INFO  State of operation 17294889 : EXECUTING
07:33:56 INFO  State of operation 17294889 : EXECUTING
07:33:58 INFO  State of operation 17294889 : EXECUTING
07:34:01 INFO  State of operation 17294889 : EXECUTING
07:34:03 INFO  State of operation 17294889 : EXECUTING
07:34:05 INFO  State of operation 17294889 : EXECUTING
07:34:07 INFO  State of operation 17294889 : EXECUTING
07:34:10 INFO  State of operation 17294889 : SUCCESSFUL
07:34:10 INFO  Assert that (False == value) with value=False ... passed
07:34:10 INFO  Package asciijump is installed
07:34:10 INFO  Assert that (True == value) with value=True ... passed
07:34:10 INFO  Package squirrel3 is installed
07:34:10 INFO  Assert that (True == value) with value=True ... passed
07:34:10 INFO  Package robotfindskitten is installed
07:34:10 INFO  Assert that (True == value) with value=True ... passed
07:34:11 INFO  Response status: 201
07:34:11 INFO  Response to action: {
    &#34;creationTime&#34;: &#34;2022-04-14T07:34:11.134Z&#34;,
    &#34;deviceId&#34;: &#34;17294230&#34;,
    &#34;deviceName&#34;: &#34;mythicd&#34;,
    &#34;self&#34;: &#34;https://t493319102.eu-latest.cumulocity.com/devicecontrol/operations/17294891&#34;,
    &#34;id&#34;: &#34;17294891&#34;,
    &#34;status&#34;: &#34;PENDING&#34;,
    &#34;description&#34;: &#34;Apply software changes, triggered from PySys: [{&#39;action&#39;: &#39;delete&#39;, &#39;id&#39;: &#39;5475369&#39;, &#39;name&#39;: &#39;asciijump&#39;, &#39;url&#39;: &#39; &#39;, &#39;version&#39;: &#39;::apt&#39;}, {&#39;action&#39;: &#39;delete&#39;, &#39;id&#39;: &#39;5474869&#39;, &#39;name&#39;: &#39;robotfindskitten&#39;, &#39;url&#39;: &#39; &#39;, &#39;version&#39;: &#39;::apt&#39;}, {&#39;action&#39;: &#39;delete&#39;, &#39;id&#39;: &#39;5475279&#39;, &#39;name&#39;: &#39;squirrel3&#39;, &#39;url&#39;: &#39; &#39;, &#39;version&#39;: &#39;::apt&#39;}]&#34;,
    &#34;c8y_SoftwareUpdate&#34;: [
        {
            &#34;name&#34;: &#34;asciijump&#34;,
            &#34;action&#34;: &#34;delete&#34;,
            &#34;id&#34;: &#34;5475369&#34;,
            &#34;version&#34;: &#34;::apt&#34;,
            &#34;url&#34;: &#34; &#34;
        },
        {
            &#34;name&#34;: &#34;robotfindskitten&#34;,
            &#34;action&#34;: &#34;delete&#34;,
            &#34;id&#34;: &#34;5474869&#34;,
            &#34;version&#34;: &#34;::apt&#34;,
            &#34;url&#34;: &#34; &#34;
        },
        {
            &#34;name&#34;: &#34;squirrel3&#34;,
            &#34;action&#34;: &#34;delete&#34;,
            &#34;id&#34;: &#34;5475279&#34;,
            &#34;version&#34;: &#34;::apt&#34;,
            &#34;url&#34;: &#34; &#34;
        }
    ]
}
07:34:11 INFO  Started operation: {&#39;creationTime&#39;: &#39;2022-04-14T07:34:11.134Z&#39;, &#39;deviceId&#39;: &#39;17294230&#39;, &#39;deviceName&#39;: &#39;mythicd&#39;, &#39;self&#39;: &#39;https://t493319102.eu-latest.cumulocity.com/devicecontrol/operations/17294891&#39;, &#39;id&#39;: &#39;17294891&#39;, &#39;status&#39;: &#39;PENDING&#39;, &#39;description&#39;: &#34;Apply software changes, triggered from PySys: [{&#39;action&#39;: &#39;delete&#39;, &#39;id&#39;: &#39;5475369&#39;, &#39;name&#39;: &#39;asciijump&#39;, &#39;url&#39;: &#39; &#39;, &#39;version&#39;: &#39;::apt&#39;}, {&#39;action&#39;: &#39;delete&#39;, &#39;id&#39;: &#39;5474869&#39;, &#39;name&#39;: &#39;robotfindskitten&#39;, &#39;url&#39;: &#39; &#39;, &#39;version&#39;: &#39;::apt&#39;}, {&#39;action&#39;: &#39;delete&#39;, &#39;id&#39;: &#39;5475279&#39;, &#39;name&#39;: &#39;squirrel3&#39;, &#39;url&#39;: &#39; &#39;, &#39;version&#39;: &#39;::apt&#39;}]&#34;, &#39;c8y_SoftwareUpdate&#39;: [{&#39;name&#39;: &#39;asciijump&#39;, &#39;action&#39;: &#39;delete&#39;, &#39;id&#39;: &#39;5475369&#39;, &#39;version&#39;: &#39;::apt&#39;, &#39;url&#39;: &#39; &#39;}, {&#39;name&#39;: &#39;robotfindskitten&#39;, &#39;action&#39;: &#39;delete&#39;, &#39;id&#39;: &#39;5474869&#39;, &#39;version&#39;: &#39;::apt&#39;, &#39;url&#39;: &#39; &#39;}, {&#39;name&#39;: &#39;squirrel3&#39;, &#39;action&#39;: &#39;delete&#39;, &#39;id&#39;: &#39;5475279&#39;, &#39;version&#39;: &#39;::apt&#39;, &#39;url&#39;: &#39; &#39;}]}
07:34:13 INFO  State of operation 17294891 : PENDING
07:34:15 INFO  State of operation 17294891 : EXECUTING
07:34:17 INFO  State of operation 17294891 : EXECUTING
07:34:20 INFO  State of operation 17294891 : EXECUTING
07:34:22 INFO  State of operation 17294891 : EXECUTING
07:34:24 INFO  State of operation 17294891 : EXECUTING
07:34:27 INFO  State of operation 17294891 : EXECUTING
07:34:30 INFO  State of operation 17294891 : EXECUTING
07:34:33 INFO  State of operation 17294891 : EXECUTING
07:34:35 INFO  State of operation 17294891 : EXECUTING
07:34:37 INFO  State of operation 17294891 : EXECUTING
07:34:39 INFO  State of operation 17294891 : EXECUTING
07:34:42 INFO  State of operation 17294891 : EXECUTING
07:34:44 INFO  State of operation 17294891 : EXECUTING
07:34:46 INFO  State of operation 17294891 : EXECUTING
07:34:48 INFO  State of operation 17294891 : EXECUTING
07:34:51 INFO  State of operation 17294891 : EXECUTING
07:34:54 INFO  State of operation 17294891 : EXECUTING
07:34:56 INFO  State of operation 17294891 : EXECUTING
07:34:58 INFO  State of operation 17294891 : EXECUTING
07:35:01 INFO  State of operation 17294891 : EXECUTING
07:35:03 INFO  State of operation 17294891 : EXECUTING
07:35:05 INFO  State of operation 17294891 : EXECUTING
07:35:07 INFO  State of operation 17294891 : EXECUTING
07:35:10 INFO  State of operation 17294891 : EXECUTING
07:35:12 INFO  State of operation 17294891 : EXECUTING
07:35:15 INFO  State of operation 17294891 : EXECUTING
07:35:17 INFO  State of operation 17294891 : EXECUTING
07:35:19 INFO  State of operation 17294891 : SUCCESSFUL
07:35:20 INFO  Assert that (False == value) with value=False ... passed
07:35:20 INFO  Assert that (False == value) with value=False ... passed
07:35:20 INFO  Assert that (False == value) with value=False ... passed
07:35:20 INFO  Assert that (False == value) with value=False ... passed
07:35:20 INFO  
07:35:20 INFO  cleanup:
07:35:25 INFO  Executed sudo&lt;tedge_disconnect_c8y&gt;, exit status 0
07:35:25 INFO  Executed systemctl&lt;serv_mapper5&gt;, exit status 3
07:35:25 INFO  
07:35:25 INFO  Test duration: 184.60 secs
07:35:25 INFO  Test final outcome:  FAILED
07:35:25 INFO  Test outcome reason: Assert that (False == value) with value=True
07:35:25 INFO  
</pre>
                        </div>
                        
                        
                    </div>
                
                </div>
            </div>
            
        </div>
    </div>
    

    <div class="testsuite">
        <h2>Test Suite: SoftwareManagement.sm_apt_install_remove_multiple_mixed</h2>
        <a id="40c6530d-4749-455b-9fbf-a295a041f899"></a>
        
        
        <h3>Results</h3>
        <table class="proplist">
            <tr>
                <th>Duration</th><td>0.0 sec</td>
            </tr>
            <tr>
                <th>Tests</th><td>1</td>
            </tr>
            <tr>
                <th>Failures</th><td>1</td>
            </tr>
        </table>

        <div class="testclasses">
            <h3>Tests</h3>
            
            <div class="testclass">
                <h4>PySysTest</h4>
                <div class="testcases">
                
                    <div class="test outcome outcome-failed">
                        <a id="4cf1c1c9-e93f-4245-b92a-264e6f74cb03"></a>
                        <table class="proplist">
                            <tr><th>Test case:</th><td><b>SoftwareManagement.sm_apt_install_remove_multiple_mixed</b></td></tr>
                            <tr><th>Outcome:</th><td>Failed</td></tr>
                            <tr><th>Duration:</th><td>0.0 sec</td></tr>
                        
                            <tr><th>Failed</th><td>BLOCKED: SystemError: Timeout while waiting for status SUCCESSFUL or False</td></tr>
                        
                        
                        </table>

                        
                        <pre>failed</pre>
                        
                        

                        
                        
                        <div class="stdout"><i>Stdout</i><br>
                            <pre>07:35:25 INFO  ==============================================================
07:35:25 INFO  Id:    SoftwareManagement.sm_apt_install_remove_multiple_mixed
07:35:25 INFO  Dir:   software_management_end_to_end/
07:35:25 INFO  Title: Validate end to end behaviour for the apt plugin for multiple packages with mixed versions
07:35:25 INFO  ==============================================================
07:35:25 INFO  Using sw id database: {&#39;asciijump&#39;: &#39;5475369&#39;, &#39;robotfindskitten&#39;: &#39;5474869&#39;, &#39;squirrel3&#39;: &#39;5475279&#39;, &#39;rolldice&#39;: &#39;5152439&#39;, &#39;moon-buggy&#39;: &#39;5439204&#39;, &#39;apple&#39;: &#39;5495053&#39;, &#39;banana&#39;: &#39;5494888&#39;, &#39;cherry&#39;: &#39;5495382&#39;, &#39;watermelon&#39;: &#39;5494510&#39;, &#39;registry&#39;: &#39;8018911&#39;, &#39;hello-world&#39;: &#39;8021526&#39;, &#39;docker/getting-started&#39;: &#39;8021973&#39;, &#39;alpine&#39;: &#39;7991792&#39;}
07:35:25 INFO  EnvironmentC8y Setup
07:35:26 INFO  Executed systemctl&lt;serv_mapper1&gt;, exit status 3
07:35:26 INFO  Restarting mosquitto too frequently in the last 10 seconds. It was only up for 5 seconds
07:35:26 INFO  Delaying execution by 6 seconds
07:35:46 INFO  Executed sudo&lt;tedge_connect_c8y&gt;, exit status 0, duration 14 secs
07:35:47 INFO  Executed sudo&lt;tedge_connect_c8y_test&gt;, exit status 0
07:35:47 INFO  Executed systemctl&lt;serv_mosq2&gt;, exit status 0
07:35:48 INFO  Executed systemctl&lt;serv_mapper3&gt;, exit status 0
07:35:50 INFO  State of current operation: SUCCESSFUL
07:35:50 INFO  Assert that (False == value) with value=False ... passed
07:35:51 INFO  Assert that (False == value) with value=False ... passed
07:35:52 INFO  Assert that (False == value) with value=False ... passed
07:35:52 INFO  Assert that (False == value) with value=False ... passed
07:35:52 INFO  Assert that (False == value) with value=False ... passed
07:35:53 INFO  Response status: 201
07:35:53 INFO  Response to action: {
    &#34;creationTime&#34;: &#34;2022-04-14T07:35:53.710Z&#34;,
    &#34;deviceId&#34;: &#34;17294230&#34;,
    &#34;deviceName&#34;: &#34;mythicd&#34;,
    &#34;self&#34;: &#34;https://t493319102.eu-latest.cumulocity.com/devicecontrol/operations/17294893&#34;,
    &#34;id&#34;: &#34;17294893&#34;,
    &#34;status&#34;: &#34;PENDING&#34;,
    &#34;description&#34;: &#34;Apply software changes, triggered from PySys: [{&#39;action&#39;: &#39;install&#39;, &#39;id&#39;: &#39;5475369&#39;, &#39;name&#39;: &#39;asciijump&#39;, &#39;url&#39;: &#39; &#39;, &#39;version&#39;: &#39;::apt&#39;}, {&#39;action&#39;: &#39;install&#39;, &#39;id&#39;: &#39;5474869&#39;, &#39;name&#39;: &#39;robotfindskitten&#39;, &#39;url&#39;: &#39; &#39;, &#39;version&#39;: &#39; &#39;}, {&#39;action&#39;: &#39;install&#39;, &#39;id&#39;: &#39;5475279&#39;, &#39;name&#39;: &#39;squirrel3&#39;, &#39;url&#39;: &#39; &#39;, &#39;version&#39;: &#39;3.1-7::apt&#39;}, {&#39;action&#39;: &#39;install&#39;, &#39;id&#39;: &#39;5152439&#39;, &#39;name&#39;: &#39;rolldice&#39;, &#39;url&#39;: &#39; &#39;, &#39;version&#39;: &#39;1.16-1+b1&#39;}, {&#39;action&#39;: &#39;install&#39;, &#39;id&#39;: &#39;5439204&#39;, &#39;name&#39;: &#39;moon-buggy&#39;, &#39;url&#39;: &#39; &#39;, &#39;version&#39;: &#39;1:1.0.51-12&#39;}, {&#39;action&#39;: &#39;install&#39;, &#39;id&#39;: &#39;5475369&#39;, &#39;name&#39;: &#39;asciijump&#39;, &#39;url&#39;: &#39; &#39;, &#39;version&#39;: &#39;::apt&#39;}]&#34;,
    &#34;c8y_SoftwareUpdate&#34;: [
        {
            &#34;name&#34;: &#34;asciijump&#34;,
            &#34;action&#34;: &#34;install&#34;,
            &#34;id&#34;: &#34;5475369&#34;,
            &#34;version&#34;: &#34;::apt&#34;,
            &#34;url&#34;: &#34; &#34;
        },
        {
            &#34;name&#34;: &#34;robotfindskitten&#34;,
            &#34;action&#34;: &#34;install&#34;,
            &#34;id&#34;: &#34;5474869&#34;,
            &#34;version&#34;: &#34; &#34;,
            &#34;url&#34;: &#34; &#34;
        },
        {
            &#34;name&#34;: &#34;squirrel3&#34;,
            &#34;action&#34;: &#34;install&#34;,
            &#34;id&#34;: &#34;5475279&#34;,
            &#34;version&#34;: &#34;3.1-7::apt&#34;,
            &#34;url&#34;: &#34; &#34;
        },
        {
            &#34;name&#34;: &#34;rolldice&#34;,
            &#34;action&#34;: &#34;install&#34;,
            &#34;id&#34;: &#34;5152439&#34;,
            &#34;version&#34;: &#34;1.16-1+b1&#34;,
            &#34;url&#34;: &#34; &#34;
        },
        {
            &#34;name&#34;: &#34;moon-buggy&#34;,
            &#34;action&#34;: &#34;install&#34;,
            &#34;id&#34;: &#34;5439204&#34;,
            &#34;version&#34;: &#34;1:1.0.51-12&#34;,
            &#34;url&#34;: &#34; &#34;
        },
        {
            &#34;name&#34;: &#34;asciijump&#34;,
            &#34;action&#34;: &#34;install&#34;,
            &#34;id&#34;: &#34;5475369&#34;,
            &#34;version&#34;: &#34;::apt&#34;,
            &#34;url&#34;: &#34; &#34;
        }
    ]
}
07:35:53 INFO  Started operation: {&#39;creationTime&#39;: &#39;2022-04-14T07:35:53.710Z&#39;, &#39;deviceId&#39;: &#39;17294230&#39;, &#39;deviceName&#39;: &#39;mythicd&#39;, &#39;self&#39;: &#39;https://t493319102.eu-latest.cumulocity.com/devicecontrol/operations/17294893&#39;, &#39;id&#39;: &#39;17294893&#39;, &#39;status&#39;: &#39;PENDING&#39;, &#39;description&#39;: &#34;Apply software changes, triggered from PySys: [{&#39;action&#39;: &#39;install&#39;, &#39;id&#39;: &#39;5475369&#39;, &#39;name&#39;: &#39;asciijump&#39;, &#39;url&#39;: &#39; &#39;, &#39;version&#39;: &#39;::apt&#39;}, {&#39;action&#39;: &#39;install&#39;, &#39;id&#39;: &#39;5474869&#39;, &#39;name&#39;: &#39;robotfindskitten&#39;, &#39;url&#39;: &#39; &#39;, &#39;version&#39;: &#39; &#39;}, {&#39;action&#39;: &#39;install&#39;, &#39;id&#39;: &#39;5475279&#39;, &#39;name&#39;: &#39;squirrel3&#39;, &#39;url&#39;: &#39; &#39;, &#39;version&#39;: &#39;3.1-7::apt&#39;}, {&#39;action&#39;: &#39;install&#39;, &#39;id&#39;: &#39;5152439&#39;, &#39;name&#39;: &#39;rolldice&#39;, &#39;url&#39;: &#39; &#39;, &#39;version&#39;: &#39;1.16-1+b1&#39;}, {&#39;action&#39;: &#39;install&#39;, &#39;id&#39;: &#39;5439204&#39;, &#39;name&#39;: &#39;moon-buggy&#39;, &#39;url&#39;: &#39; &#39;, &#39;version&#39;: &#39;1:1.0.51-12&#39;}, {&#39;action&#39;: &#39;install&#39;, &#39;id&#39;: &#39;5475369&#39;, &#39;name&#39;: &#39;asciijump&#39;, &#39;url&#39;: &#39; &#39;, &#39;version&#39;: &#39;::apt&#39;}]&#34;, &#39;c8y_SoftwareUpdate&#39;: [{&#39;name&#39;: &#39;asciijump&#39;, &#39;action&#39;: &#39;install&#39;, &#39;id&#39;: &#39;5475369&#39;, &#39;version&#39;: &#39;::apt&#39;, &#39;url&#39;: &#39; &#39;}, {&#39;name&#39;: &#39;robotfindskitten&#39;, &#39;action&#39;: &#39;install&#39;, &#39;id&#39;: &#39;5474869&#39;, &#39;version&#39;: &#39; &#39;, &#39;url&#39;: &#39; &#39;}, {&#39;name&#39;: &#39;squirrel3&#39;, &#39;action&#39;: &#39;install&#39;, &#39;id&#39;: &#39;5475279&#39;, &#39;version&#39;: &#39;3.1-7::apt&#39;, &#39;url&#39;: &#39; &#39;}, {&#39;name&#39;: &#39;rolldice&#39;, &#39;action&#39;: &#39;install&#39;, &#39;id&#39;: &#39;5152439&#39;, &#39;version&#39;: &#39;1.16-1+b1&#39;, &#39;url&#39;: &#39; &#39;}, {&#39;name&#39;: &#39;moon-buggy&#39;, &#39;action&#39;: &#39;install&#39;, &#39;id&#39;: &#39;5439204&#39;, &#39;version&#39;: &#39;1:1.0.51-12&#39;, &#39;url&#39;: &#39; &#39;}, {&#39;name&#39;: &#39;asciijump&#39;, &#39;action&#39;: &#39;install&#39;, &#39;id&#39;: &#39;5475369&#39;, &#39;version&#39;: &#39;::apt&#39;, &#39;url&#39;: &#39; &#39;}]}
07:35:55 INFO  State of operation 17294893 : PENDING
07:35:58 INFO  State of operation 17294893 : EXECUTING
07:36:00 INFO  State of operation 17294893 : EXECUTING
07:36:02 INFO  State of operation 17294893 : EXECUTING
07:36:04 INFO  State of operation 17294893 : EXECUTING
07:36:07 INFO  State of operation 17294893 : EXECUTING
07:36:09 INFO  State of operation 17294893 : EXECUTING
07:36:11 INFO  State of operation 17294893 : EXECUTING
07:36:14 INFO  State of operation 17294893 : EXECUTING
07:36:17 INFO  State of operation 17294893 : EXECUTING
07:36:19 INFO  State of operation 17294893 : EXECUTING
07:36:21 INFO  State of operation 17294893 : EXECUTING
07:36:23 INFO  State of operation 17294893 : EXECUTING
07:36:26 INFO  State of operation 17294893 : EXECUTING
07:36:28 INFO  State of operation 17294893 : EXECUTING
07:36:30 INFO  State of operation 17294893 : EXECUTING
07:36:32 INFO  State of operation 17294893 : EXECUTING
07:36:35 INFO  State of operation 17294893 : EXECUTING
07:36:37 INFO  State of operation 17294893 : EXECUTING
07:36:40 INFO  State of operation 17294893 : EXECUTING
07:36:42 INFO  State of operation 17294893 : EXECUTING
07:36:44 INFO  State of operation 17294893 : EXECUTING
07:36:47 INFO  State of operation 17294893 : EXECUTING
07:36:49 INFO  State of operation 17294893 : EXECUTING
07:36:52 INFO  State of operation 17294893 : EXECUTING
07:36:54 INFO  State of operation 17294893 : EXECUTING
07:36:57 INFO  State of operation 17294893 : EXECUTING
07:36:59 INFO  State of operation 17294893 : EXECUTING
07:37:01 INFO  State of operation 17294893 : EXECUTING
07:37:04 INFO  State of operation 17294893 : EXECUTING
07:37:06 INFO  State of operation 17294893 : EXECUTING
07:37:08 INFO  State of operation 17294893 : EXECUTING
07:37:11 INFO  State of operation 17294893 : EXECUTING
07:37:13 INFO  State of operation 17294893 : EXECUTING
07:37:15 INFO  State of operation 17294893 : EXECUTING
07:37:17 INFO  State of operation 17294893 : EXECUTING
07:37:20 INFO  State of operation 17294893 : EXECUTING
07:37:22 INFO  State of operation 17294893 : EXECUTING
07:37:24 INFO  State of operation 17294893 : EXECUTING
07:37:27 INFO  State of operation 17294893 : EXECUTING
07:37:30 INFO  State of operation 17294893 : EXECUTING
07:37:32 INFO  State of operation 17294893 : EXECUTING
07:37:34 INFO  State of operation 17294893 : EXECUTING
07:37:37 INFO  State of operation 17294893 : EXECUTING
07:37:39 INFO  State of operation 17294893 : EXECUTING
07:37:41 INFO  State of operation 17294893 : EXECUTING
07:37:43 INFO  State of operation 17294893 : EXECUTING
07:37:46 INFO  State of operation 17294893 : EXECUTING
07:37:48 INFO  State of operation 17294893 : EXECUTING
07:37:50 INFO  State of operation 17294893 : EXECUTING
07:37:53 INFO  State of operation 17294893 : EXECUTING
07:37:55 INFO  State of operation 17294893 : EXECUTING
07:37:57 INFO  State of operation 17294893 : EXECUTING
07:38:00 INFO  State of operation 17294893 : EXECUTING
07:38:02 INFO  State of operation 17294893 : EXECUTING
07:38:04 INFO  State of operation 17294893 : EXECUTING
07:38:06 INFO  State of operation 17294893 : EXECUTING
07:38:09 INFO  State of operation 17294893 : EXECUTING
07:38:11 INFO  State of operation 17294893 : EXECUTING
07:38:14 INFO  State of operation 17294893 : EXECUTING
07:38:17 INFO  State of operation 17294893 : EXECUTING
07:38:19 WARN  SystemError occurred while running test - Timeout while waiting for status SUCCESSFUL or False
Traceback (most recent call last):
  File &#34;/home/pi/env-pysys/lib/python3.7/site-packages/pysys/baserunner.py&#34;, line 1294, in __call__
    self.testObj.execute()
  File &#34;/home/pi/actions-runner/_work/thin-edge.io/thin-edge.io/tests/PySys/software_management_end_to_end/sm_apt_install_remove_multiple_mixed/run.py&#34;, line 89, in execute
    self.wait_until_succcess()
  File &#34;/home/pi/actions-runner/_work/thin-edge.io/thin-edge.io/tests/PySys/software_management_end_to_end/environment_sm_management.py&#34;, line 324, in wait_until_succcess
    self.wait_until_status(&#34;SUCCESSFUL&#34;)
  File &#34;/home/pi/actions-runner/_work/thin-edge.io/thin-edge.io/tests/PySys/software_management_end_to_end/environment_sm_management.py&#34;, line 381, in wait_until_status
    &#34;Timeout while waiting for status %s or %s&#34; % (status, status2)
SystemError: Timeout while waiting for status SUCCESSFUL or False
07:38:19 WARN  SystemError: Timeout while waiting for status SUCCESSFUL or False ... blocked 
07:38:19 INFO  
07:38:19 INFO  cleanup:
07:38:23 INFO  Executed sudo&lt;tedge_disconnect_c8y&gt;, exit status 0
07:38:24 INFO  Executed systemctl&lt;serv_mapper5&gt;, exit status 3
07:38:24 INFO  
07:38:24 INFO  Test duration: 178.68 secs
07:38:24 INFO  Test final outcome:  BLOCKED
07:38:24 INFO  Test outcome reason: SystemError: Timeout while waiting for status SUCCESSFUL or False
07:38:24 INFO  
</pre>
                        </div>
                        
                        
                    </div>
                
                </div>
            </div>
            
        </div>
    </div>
    

    <div class="testsuite">
        <h2>Test Suite: SoftwareManagement.sm_apt_install_remove_with_version</h2>
        <a id="581b946f-d625-457c-b215-f1c0ca0f85ed"></a>
        
        
        <h3>Results</h3>
        <table class="proplist">
            <tr>
                <th>Duration</th><td>0.0 sec</td>
            </tr>
            <tr>
                <th>Tests</th><td>1</td>
            </tr>
            <tr>
                <th>Failures</th><td>0</td>
            </tr>
        </table>

        <div class="testclasses">
            <h3>Tests</h3>
            
            <div class="testclass">
                <h4>PySysTest</h4>
                <div class="testcases">
                
                    <div class="test outcome outcome-passed">
                        <a id="6faf5e04-e778-47a5-881b-ea18e72a8994"></a>
                        <table class="proplist">
                            <tr><th>Test case:</th><td><b>SoftwareManagement.sm_apt_install_remove_with_version</b></td></tr>
                            <tr><th>Outcome:</th><td>Passed</td></tr>
                            <tr><th>Duration:</th><td>0.0 sec</td></tr>
                        
                            <tr><th>Failed</th><td>None</td></tr>
                        
                        
                        </table>

                        
                        <pre>None</pre>
                        
                        

                        
                        
                        
                    </div>
                
                </div>
            </div>
            
        </div>
    </div>
    

    <div class="testsuite">
        <h2>Test Suite: apt_fail_noarg</h2>
        <a id="8587cb56-7ac9-4900-b7f8-bdcece3ac30d"></a>
        
        
        <h3>Results</h3>
        <table class="proplist">
            <tr>
                <th>Duration</th><td>0.0 sec</td>
            </tr>
            <tr>
                <th>Tests</th><td>1</td>
            </tr>
            <tr>
                <th>Failures</th><td>0</td>
            </tr>
        </table>

        <div class="testclasses">
            <h3>Tests</h3>
            
            <div class="testclass">
                <h4>AptPluginFailNoArg</h4>
                <div class="testcases">
                
                    <div class="test outcome outcome-passed">
                        <a id="6bb4ddf2-98ed-4bf7-a89c-9733d8ec4de9"></a>
                        <table class="proplist">
                            <tr><th>Test case:</th><td><b>apt_fail_noarg</b></td></tr>
                            <tr><th>Outcome:</th><td>Passed</td></tr>
                            <tr><th>Duration:</th><td>0.0 sec</td></tr>
                        
                            <tr><th>Failed</th><td>None</td></tr>
                        
                        
                        </table>

                        
                        <pre>None</pre>
                        
                        

                        
                        
                        
                    </div>
                
                </div>
            </div>
            
        </div>
    </div>
    

    <div class="testsuite">
        <h2>Test Suite: apt_finalize</h2>
        <a id="620c3ceb-a72f-493f-a0af-c465e5b929b7"></a>
        
        
        <h3>Results</h3>
        <table class="proplist">
            <tr>
                <th>Duration</th><td>0.0 sec</td>
            </tr>
            <tr>
                <th>Tests</th><td>1</td>
            </tr>
            <tr>
                <th>Failures</th><td>0</td>
            </tr>
        </table>

        <div class="testclasses">
            <h3>Tests</h3>
            
            <div class="testclass">
                <h4>AptPluginFinalize</h4>
                <div class="testcases">
                
                    <div class="test outcome outcome-passed">
                        <a id="b6ea6aa7-e011-42f2-9852-4a9e1d1ad2a3"></a>
                        <table class="proplist">
                            <tr><th>Test case:</th><td><b>apt_finalize</b></td></tr>
                            <tr><th>Outcome:</th><td>Passed</td></tr>
                            <tr><th>Duration:</th><td>0.0 sec</td></tr>
                        
                            <tr><th>Failed</th><td>None</td></tr>
                        
                        
                        </table>

                        
                        <pre>None</pre>
                        
                        

                        
                        
                        
                    </div>
                
                </div>
            </div>
            
        </div>
    </div>
    

    <div class="testsuite">
        <h2>Test Suite: apt_install</h2>
        <a id="d72281de-4e43-4413-b890-e9f09fb51eac"></a>
        
        
        <h3>Results</h3>
        <table class="proplist">
            <tr>
                <th>Duration</th><td>0.0 sec</td>
            </tr>
            <tr>
                <th>Tests</th><td>1</td>
            </tr>
            <tr>
                <th>Failures</th><td>0</td>
            </tr>
        </table>

        <div class="testclasses">
            <h3>Tests</h3>
            
            <div class="testclass">
                <h4>AptPluginInstallDense</h4>
                <div class="testcases">
                
                    <div class="test outcome outcome-passed">
                        <a id="6e03db4d-4cd2-4542-bdf9-cde0b8814e1e"></a>
                        <table class="proplist">
                            <tr><th>Test case:</th><td><b>apt_install</b></td></tr>
                            <tr><th>Outcome:</th><td>Passed</td></tr>
                            <tr><th>Duration:</th><td>0.0 sec</td></tr>
                        
                            <tr><th>Failed</th><td>None</td></tr>
                        
                        
                        </table>

                        
                        <pre>None</pre>
                        
                        

                        
                        
                        
                    </div>
                
                </div>
            </div>
            
        </div>
    </div>
    

    <div class="testsuite">
        <h2>Test Suite: apt_install_fail</h2>
        <a id="7df0bab9-ab8e-415d-8a5f-324ce6c9f035"></a>
        
        
        <h3>Results</h3>
        <table class="proplist">
            <tr>
                <th>Duration</th><td>0.0 sec</td>
            </tr>
            <tr>
                <th>Tests</th><td>1</td>
            </tr>
            <tr>
                <th>Failures</th><td>0</td>
            </tr>
        </table>

        <div class="testclasses">
            <h3>Tests</h3>
            
            <div class="testclass">
                <h4>AptPluginInstallFail</h4>
                <div class="testcases">
                
                    <div class="test outcome outcome-passed">
                        <a id="1d885dac-425b-47ce-9d57-cb5d138ea0e4"></a>
                        <table class="proplist">
                            <tr><th>Test case:</th><td><b>apt_install_fail</b></td></tr>
                            <tr><th>Outcome:</th><td>Passed</td></tr>
                            <tr><th>Duration:</th><td>0.0 sec</td></tr>
                        
                            <tr><th>Failed</th><td>None</td></tr>
                        
                        
                        </table>

                        
                        <pre>None</pre>
                        
                        

                        
                        
                        
                    </div>
                
                </div>
            </div>
            
        </div>
    </div>
    

    <div class="testsuite">
        <h2>Test Suite: apt_install_local_file</h2>
        <a id="eebf9a17-9bf3-4f9e-900d-c3ea50c00954"></a>
        
        
        <h3>Results</h3>
        <table class="proplist">
            <tr>
                <th>Duration</th><td>0.0 sec</td>
            </tr>
            <tr>
                <th>Tests</th><td>1</td>
            </tr>
            <tr>
                <th>Failures</th><td>0</td>
            </tr>
        </table>

        <div class="testclasses">
            <h3>Tests</h3>
            
            <div class="testclass">
                <h4>AptPluginInstallFromLocalFile</h4>
                <div class="testcases">
                
                    <div class="test outcome outcome-passed">
                        <a id="e69aab15-4a75-446a-ba23-f9fdc572ab09"></a>
                        <table class="proplist">
                            <tr><th>Test case:</th><td><b>apt_install_local_file</b></td></tr>
                            <tr><th>Outcome:</th><td>Passed</td></tr>
                            <tr><th>Duration:</th><td>0.0 sec</td></tr>
                        
                            <tr><th>Failed</th><td>None</td></tr>
                        
                        
                        </table>

                        
                        <pre>None</pre>
                        
                        

                        
                        
                        
                    </div>
                
                </div>
            </div>
            
        </div>
    </div>
    

    <div class="testsuite">
        <h2>Test Suite: apt_install_local_file_fail</h2>
        <a id="1c5d05e0-6ffa-463c-ad2b-5620973b7399"></a>
        
        
        <h3>Results</h3>
        <table class="proplist">
            <tr>
                <th>Duration</th><td>0.0 sec</td>
            </tr>
            <tr>
                <th>Tests</th><td>1</td>
            </tr>
            <tr>
                <th>Failures</th><td>0</td>
            </tr>
        </table>

        <div class="testclasses">
            <h3>Tests</h3>
            
            <div class="testclass">
                <h4>AptPluginInstallFromLocalFileFail</h4>
                <div class="testcases">
                
                    <div class="test outcome outcome-passed">
                        <a id="972b9a8c-1c17-47e7-9d51-78d6d5059261"></a>
                        <table class="proplist">
                            <tr><th>Test case:</th><td><b>apt_install_local_file_fail</b></td></tr>
                            <tr><th>Outcome:</th><td>Passed</td></tr>
                            <tr><th>Duration:</th><td>0.0 sec</td></tr>
                        
                            <tr><th>Failed</th><td>None</td></tr>
                        
                        
                        </table>

                        
                        <pre>None</pre>
                        
                        

                        
                        
                        
                    </div>
                
                </div>
            </div>
            
        </div>
    </div>
    

    <div class="testsuite">
        <h2>Test Suite: apt_install_local_file_with_version</h2>
        <a id="4daee3d6-d8b6-4e74-bd13-48da55f41a0d"></a>
        
        
        <h3>Results</h3>
        <table class="proplist">
            <tr>
                <th>Duration</th><td>0.0 sec</td>
            </tr>
            <tr>
                <th>Tests</th><td>1</td>
            </tr>
            <tr>
                <th>Failures</th><td>0</td>
            </tr>
        </table>

        <div class="testclasses">
            <h3>Tests</h3>
            
            <div class="testclass">
                <h4>AptPluginInstallFromLocalFileWithVersion</h4>
                <div class="testcases">
                
                    <div class="test outcome outcome-passed">
                        <a id="fe13ec18-2dc3-4cfc-9ddd-3a8db12ae45c"></a>
                        <table class="proplist">
                            <tr><th>Test case:</th><td><b>apt_install_local_file_with_version</b></td></tr>
                            <tr><th>Outcome:</th><td>Passed</td></tr>
                            <tr><th>Duration:</th><td>0.0 sec</td></tr>
                        
                            <tr><th>Failed</th><td>None</td></tr>
                        
                        
                        </table>

                        
                        <pre>None</pre>
                        
                        

                        
                        
                        
                    </div>
                
                </div>
            </div>
            
        </div>
    </div>
    

    <div class="testsuite">
        <h2>Test Suite: apt_install_local_file_with_version_fail</h2>
        <a id="167e179f-e0a9-4334-a4da-2f49a65579db"></a>
        
        
        <h3>Results</h3>
        <table class="proplist">
            <tr>
                <th>Duration</th><td>0.0 sec</td>
            </tr>
            <tr>
                <th>Tests</th><td>1</td>
            </tr>
            <tr>
                <th>Failures</th><td>0</td>
            </tr>
        </table>

        <div class="testclasses">
            <h3>Tests</h3>
            
            <div class="testclass">
                <h4>AptPluginInstallFromLocalFileWithVersionFail</h4>
                <div class="testcases">
                
                    <div class="test outcome outcome-passed">
                        <a id="e292ceb1-2536-4eaa-b492-a8008a21025e"></a>
                        <table class="proplist">
                            <tr><th>Test case:</th><td><b>apt_install_local_file_with_version_fail</b></td></tr>
                            <tr><th>Outcome:</th><td>Passed</td></tr>
                            <tr><th>Duration:</th><td>0.0 sec</td></tr>
                        
                            <tr><th>Failed</th><td>None</td></tr>
                        
                        
                        </table>

                        
                        <pre>None</pre>
                        
                        

                        
                        
                        
                    </div>
                
                </div>
            </div>
            
        </div>
    </div>
    

    <div class="testsuite">
        <h2>Test Suite: apt_list_format</h2>
        <a id="7f9547a4-50b2-49e3-bc2a-11e2d4e4ae42"></a>
        
        
        <h3>Results</h3>
        <table class="proplist">
            <tr>
                <th>Duration</th><td>0.0 sec</td>
            </tr>
            <tr>
                <th>Tests</th><td>1</td>
            </tr>
            <tr>
                <th>Failures</th><td>0</td>
            </tr>
        </table>

        <div class="testclasses">
            <h3>Tests</h3>
            
            <div class="testclass">
                <h4>AptPluginListFormat</h4>
                <div class="testcases">
                
                    <div class="test outcome outcome-passed">
                        <a id="6a0dd322-a57a-4da6-b516-0ee010faba0b"></a>
                        <table class="proplist">
                            <tr><th>Test case:</th><td><b>apt_list_format</b></td></tr>
                            <tr><th>Outcome:</th><td>Passed</td></tr>
                            <tr><th>Duration:</th><td>0.0 sec</td></tr>
                        
                            <tr><th>Failed</th><td>None</td></tr>
                        
                        
                        </table>

                        
                        <pre>None</pre>
                        
                        

                        
                        
                        
                    </div>
                
                </div>
            </div>
            
        </div>
    </div>
    

    <div class="testsuite">
        <h2>Test Suite: apt_prepare</h2>
        <a id="e9c27f97-4efe-4580-b3c9-095795f05f70"></a>
        
        
        <h3>Results</h3>
        <table class="proplist">
            <tr>
                <th>Duration</th><td>0.0 sec</td>
            </tr>
            <tr>
                <th>Tests</th><td>1</td>
            </tr>
            <tr>
                <th>Failures</th><td>0</td>
            </tr>
        </table>

        <div class="testclasses">
            <h3>Tests</h3>
            
            <div class="testclass">
                <h4>AptPluginPrepare</h4>
                <div class="testcases">
                
                    <div class="test outcome outcome-passed">
                        <a id="dc55b5a8-9698-4e0e-99f6-1e5590a0bfa4"></a>
                        <table class="proplist">
                            <tr><th>Test case:</th><td><b>apt_prepare</b></td></tr>
                            <tr><th>Outcome:</th><td>Passed</td></tr>
                            <tr><th>Duration:</th><td>0.0 sec</td></tr>
                        
                            <tr><th>Failed</th><td>None</td></tr>
                        
                        
                        </table>

                        
                        <pre>None</pre>
                        
                        

                        
                        
                        
                    </div>
                
                </div>
            </div>
            
        </div>
    </div>
    

    <div class="testsuite">
        <h2>Test Suite: apt_prepare_install_finalize</h2>
        <a id="42d161ff-e4de-4ab4-a82f-f8b28bbfecbd"></a>
        
        
        <h3>Results</h3>
        <table class="proplist">
            <tr>
                <th>Duration</th><td>0.0 sec</td>
            </tr>
            <tr>
                <th>Tests</th><td>1</td>
            </tr>
            <tr>
                <th>Failures</th><td>0</td>
            </tr>
        </table>

        <div class="testclasses">
            <h3>Tests</h3>
            
            <div class="testclass">
                <h4>AptPluginPrepareInstallFinalize</h4>
                <div class="testcases">
                
                    <div class="test outcome outcome-passed">
                        <a id="a7cde3fb-f352-4db4-8e3e-f950856b99a4"></a>
                        <table class="proplist">
                            <tr><th>Test case:</th><td><b>apt_prepare_install_finalize</b></td></tr>
                            <tr><th>Outcome:</th><td>Passed</td></tr>
                            <tr><th>Duration:</th><td>0.0 sec</td></tr>
                        
                            <tr><th>Failed</th><td>None</td></tr>
                        
                        
                        </table>

                        
                        <pre>None</pre>
                        
                        

                        
                        
                        
                    </div>
                
                </div>
            </div>
            
        </div>
    </div>
    

    <div class="testsuite">
        <h2>Test Suite: apt_remove</h2>
        <a id="720b2606-56a0-4d2e-8f0f-804297ee6d25"></a>
        
        
        <h3>Results</h3>
        <table class="proplist">
            <tr>
                <th>Duration</th><td>0.0 sec</td>
            </tr>
            <tr>
                <th>Tests</th><td>1</td>
            </tr>
            <tr>
                <th>Failures</th><td>0</td>
            </tr>
        </table>

        <div class="testclasses">
            <h3>Tests</h3>
            
            <div class="testclass">
                <h4>AptPluginRemoveDense</h4>
                <div class="testcases">
                
                    <div class="test outcome outcome-passed">
                        <a id="8b07ecf7-2ca8-4abf-97d0-0bed88aff7a1"></a>
                        <table class="proplist">
                            <tr><th>Test case:</th><td><b>apt_remove</b></td></tr>
                            <tr><th>Outcome:</th><td>Passed</td></tr>
                            <tr><th>Duration:</th><td>0.0 sec</td></tr>
                        
                            <tr><th>Failed</th><td>None</td></tr>
                        
                        
                        </table>

                        
                        <pre>None</pre>
                        
                        

                        
                        
                        
                    </div>
                
                </div>
            </div>
            
        </div>
    </div>
    

    <div class="testsuite">
        <h2>Test Suite: apt_remove_fail</h2>
        <a id="3173666e-21e9-48dc-bc0f-d819653533e8"></a>
        
        
        <h3>Results</h3>
        <table class="proplist">
            <tr>
                <th>Duration</th><td>0.0 sec</td>
            </tr>
            <tr>
                <th>Tests</th><td>1</td>
            </tr>
            <tr>
                <th>Failures</th><td>0</td>
            </tr>
        </table>

        <div class="testclasses">
            <h3>Tests</h3>
            
            <div class="testclass">
                <h4>AptPluginRemoveFails</h4>
                <div class="testcases">
                
                    <div class="test outcome outcome-passed">
                        <a id="f1a0d037-8657-4e8d-b0a2-edbd693a02c1"></a>
                        <table class="proplist">
                            <tr><th>Test case:</th><td><b>apt_remove_fail</b></td></tr>
                            <tr><th>Outcome:</th><td>Passed</td></tr>
                            <tr><th>Duration:</th><td>0.0 sec</td></tr>
                        
                            <tr><th>Failed</th><td>None</td></tr>
                        
                        
                        </table>

                        
                        <pre>None</pre>
                        
                        

                        
                        
                        
                    </div>
                
                </div>
            </div>
            
        </div>
    </div>
    

    <div class="testsuite">
        <h2>Test Suite: apt_sequence_install_with_version</h2>
        <a id="5f20e8de-e652-4ce5-b731-5f5f56818d47"></a>
        
        
        <h3>Results</h3>
        <table class="proplist">
            <tr>
                <th>Duration</th><td>0.0 sec</td>
            </tr>
            <tr>
                <th>Tests</th><td>1</td>
            </tr>
            <tr>
                <th>Failures</th><td>0</td>
            </tr>
        </table>

        <div class="testclasses">
            <h3>Tests</h3>
            
            <div class="testclass">
                <h4>AptPluginPrepInstallWithVersionFinalize</h4>
                <div class="testcases">
                
                    <div class="test outcome outcome-passed">
                        <a id="c6c32761-28a0-4a1a-baf2-1ae6bab49332"></a>
                        <table class="proplist">
                            <tr><th>Test case:</th><td><b>apt_sequence_install_with_version</b></td></tr>
                            <tr><th>Outcome:</th><td>Passed</td></tr>
                            <tr><th>Duration:</th><td>0.0 sec</td></tr>
                        
                            <tr><th>Failed</th><td>None</td></tr>
                        
                        
                        </table>

                        
                        <pre>None</pre>
                        
                        

                        
                        
                        
                    </div>
                
                </div>
            </div>
            
        </div>
    </div>
    

    <div class="testsuite">
        <h2>Test Suite: apt_sequence_install_with_version_fail</h2>
        <a id="d4d91a86-d5f9-46a9-9470-fa7b055bb098"></a>
        
        
        <h3>Results</h3>
        <table class="proplist">
            <tr>
                <th>Duration</th><td>0.0 sec</td>
            </tr>
            <tr>
                <th>Tests</th><td>1</td>
            </tr>
            <tr>
                <th>Failures</th><td>0</td>
            </tr>
        </table>

        <div class="testclasses">
            <h3>Tests</h3>
            
            <div class="testclass">
                <h4>AptPluginInstallWithVersionFails</h4>
                <div class="testcases">
                
                    <div class="test outcome outcome-passed">
                        <a id="0015d3eb-5c11-49ba-8c5b-dfbdc4a92220"></a>
                        <table class="proplist">
                            <tr><th>Test case:</th><td><b>apt_sequence_install_with_version_fail</b></td></tr>
                            <tr><th>Outcome:</th><td>Passed</td></tr>
                            <tr><th>Duration:</th><td>0.0 sec</td></tr>
                        
                            <tr><th>Failed</th><td>None</td></tr>
                        
                        
                        </table>

                        
                        <pre>None</pre>
                        
                        

                        
                        
                        
                    </div>
                
                </div>
            </div>
            
        </div>
    </div>
    

    <div class="testsuite">
        <h2>Test Suite: apt_sequence_remove</h2>
        <a id="dcead786-ed81-4091-a370-7056b03c5ce3"></a>
        
        
        <h3>Results</h3>
        <table class="proplist">
            <tr>
                <th>Duration</th><td>0.0 sec</td>
            </tr>
            <tr>
                <th>Tests</th><td>1</td>
            </tr>
            <tr>
                <th>Failures</th><td>0</td>
            </tr>
        </table>

        <div class="testclasses">
            <h3>Tests</h3>
            
            <div class="testclass">
                <h4>AptPluginInstallPrepareRemoveFinalize</h4>
                <div class="testcases">
                
                    <div class="test outcome outcome-passed">
                        <a id="9a21efdc-4d35-4682-9486-03e78b10c39d"></a>
                        <table class="proplist">
                            <tr><th>Test case:</th><td><b>apt_sequence_remove</b></td></tr>
                            <tr><th>Outcome:</th><td>Passed</td></tr>
                            <tr><th>Duration:</th><td>0.0 sec</td></tr>
                        
                            <tr><th>Failed</th><td>None</td></tr>
                        
                        
                        </table>

                        
                        <pre>None</pre>
                        
                        

                        
                        
                        
                    </div>
                
                </div>
            </div>
            
        </div>
    </div>
    

    <div class="testsuite">
        <h2>Test Suite: apt_sequence_remove_with_version</h2>
        <a id="02289c3a-c627-4540-9672-cd96d66d2717"></a>
        
        
        <h3>Results</h3>
        <table class="proplist">
            <tr>
                <th>Duration</th><td>0.0 sec</td>
            </tr>
            <tr>
                <th>Tests</th><td>1</td>
            </tr>
            <tr>
                <th>Failures</th><td>0</td>
            </tr>
        </table>

        <div class="testclasses">
            <h3>Tests</h3>
            
            <div class="testclass">
                <h4>AptPluginRemoveWithVersion</h4>
                <div class="testcases">
                
                    <div class="test outcome outcome-passed">
                        <a id="3a81493f-f1c1-451f-b51e-69acefb6415d"></a>
                        <table class="proplist">
                            <tr><th>Test case:</th><td><b>apt_sequence_remove_with_version</b></td></tr>
                            <tr><th>Outcome:</th><td>Passed</td></tr>
                            <tr><th>Duration:</th><td>0.0 sec</td></tr>
                        
                            <tr><th>Failed</th><td>None</td></tr>
                        
                        
                        </table>

                        
                        <pre>None</pre>
                        
                        

                        
                        
                        
                    </div>
                
                </div>
            </div>
            
        </div>
    </div>
    

    <div class="testsuite">
        <h2>Test Suite: apt_sequence_remove_with_version_fail</h2>
        <a id="a630e4f4-f2f9-413e-b5da-48aa05408376"></a>
        
        
        <h3>Results</h3>
        <table class="proplist">
            <tr>
                <th>Duration</th><td>0.0 sec</td>
            </tr>
            <tr>
                <th>Tests</th><td>1</td>
            </tr>
            <tr>
                <th>Failures</th><td>0</td>
            </tr>
        </table>

        <div class="testclasses">
            <h3>Tests</h3>
            
            <div class="testclass">
                <h4>AptPluginRemoveWithVersionFails</h4>
                <div class="testcases">
                
                    <div class="test outcome outcome-passed">
                        <a id="83115bd8-fd02-4a14-9996-03f677eb9bf8"></a>
                        <table class="proplist">
                            <tr><th>Test case:</th><td><b>apt_sequence_remove_with_version_fail</b></td></tr>
                            <tr><th>Outcome:</th><td>Passed</td></tr>
                            <tr><th>Duration:</th><td>0.0 sec</td></tr>
                        
                            <tr><th>Failed</th><td>None</td></tr>
                        
                        
                        </table>

                        
                        <pre>None</pre>
                        
                        

                        
                        
                        
                    </div>
                
                </div>
            </div>
            
        </div>
    </div>
    

    <div class="testsuite">
        <h2>Test Suite: apt_update_list</h2>
        <a id="d141e287-894b-471d-944c-59f069070901"></a>
        
        
        <h3>Results</h3>
        <table class="proplist">
            <tr>
                <th>Duration</th><td>0.0 sec</td>
            </tr>
            <tr>
                <th>Tests</th><td>1</td>
            </tr>
            <tr>
                <th>Failures</th><td>0</td>
            </tr>
        </table>

        <div class="testclasses">
            <h3>Tests</h3>
            
            <div class="testclass">
                <h4>AptPluginUpdateList</h4>
                <div class="testcases">
                
                    <div class="test outcome outcome-passed">
                        <a id="6edee1b1-7f15-4399-9f1b-a1242aa4306a"></a>
                        <table class="proplist">
                            <tr><th>Test case:</th><td><b>apt_update_list</b></td></tr>
                            <tr><th>Outcome:</th><td>Passed</td></tr>
                            <tr><th>Duration:</th><td>0.0 sec</td></tr>
                        
                            <tr><th>Failed</th><td>None</td></tr>
                        
                        
                        </table>

                        
                        <pre>None</pre>
                        
                        

                        
                        
                        
                    </div>
                
                </div>
            </div>
            
        </div>
    </div>
    

    <div class="testsuite">
        <h2>Test Suite: apt_wrong_option</h2>
        <a id="540e75d8-22a0-4951-8bd6-1348b790e5a4"></a>
        
        
        <h3>Results</h3>
        <table class="proplist">
            <tr>
                <th>Duration</th><td>0.0 sec</td>
            </tr>
            <tr>
                <th>Tests</th><td>1</td>
            </tr>
            <tr>
                <th>Failures</th><td>0</td>
            </tr>
        </table>

        <div class="testclasses">
            <h3>Tests</h3>
            
            <div class="testclass">
                <h4>AptPluginWrongOption</h4>
                <div class="testcases">
                
                    <div class="test outcome outcome-passed">
                        <a id="9e1036d3-0d3f-4a8f-8e31-de422e4859d6"></a>
                        <table class="proplist">
                            <tr><th>Test case:</th><td><b>apt_wrong_option</b></td></tr>
                            <tr><th>Outcome:</th><td>Passed</td></tr>
                            <tr><th>Duration:</th><td>0.0 sec</td></tr>
                        
                            <tr><th>Failed</th><td>None</td></tr>
                        
                        
                        </table>

                        
                        <pre>None</pre>
                        
                        

                        
                        
                        
                    </div>
                
                </div>
            </div>
            
        </div>
    </div>
    

    <div class="testsuite">
        <h2>Test Suite: SoftwareManagement.Plugin.apama_plugin_install</h2>
        <a id="db6be151-d8a5-4f25-8a91-ff0543df84a9"></a>
        
        
        <h3>Results</h3>
        <table class="proplist">
            <tr>
                <th>Duration</th><td>0.0 sec</td>
            </tr>
            <tr>
                <th>Tests</th><td>1</td>
            </tr>
            <tr>
                <th>Failures</th><td>0</td>
            </tr>
        </table>

        <div class="testclasses">
            <h3>Tests</h3>
            
            <div class="testclass">
                <h4>ApamaPluginInstallTest</h4>
                <div class="testcases">
                
                    <div class="test outcome outcome-passed">
                        <a id="dcee0e9e-e910-42c8-bbd4-cda4b4afe9e2"></a>
                        <table class="proplist">
                            <tr><th>Test case:</th><td><b>SoftwareManagement.Plugin.apama_plugin_install</b></td></tr>
                            <tr><th>Outcome:</th><td>Passed</td></tr>
                            <tr><th>Duration:</th><td>0.0 sec</td></tr>
                        
                            <tr><th>Failed</th><td>None</td></tr>
                        
                        
                        </table>

                        
                        <pre>None</pre>
                        
                        

                        
                        
                        
                    </div>
                
                </div>
            </div>
            
        </div>
    </div>
    

    <div class="testsuite">
        <h2>Test Suite: SoftwareManagement.Plugin.apama_plugin_mon_support</h2>
        <a id="0a68e280-c600-457a-b5a5-09a71c0cebba"></a>
        
        
        <h3>Results</h3>
        <table class="proplist">
            <tr>
                <th>Duration</th><td>0.0 sec</td>
            </tr>
            <tr>
                <th>Tests</th><td>1</td>
            </tr>
            <tr>
                <th>Failures</th><td>0</td>
            </tr>
        </table>

        <div class="testclasses">
            <h3>Tests</h3>
            
            <div class="testclass">
                <h4>ApamaPluginMonSupportTest</h4>
                <div class="testcases">
                
                    <div class="test outcome outcome-passed">
                        <a id="d9bdee36-0531-47dc-a402-04a715ecb605"></a>
                        <table class="proplist">
                            <tr><th>Test case:</th><td><b>SoftwareManagement.Plugin.apama_plugin_mon_support</b></td></tr>
                            <tr><th>Outcome:</th><td>Passed</td></tr>
                            <tr><th>Duration:</th><td>0.0 sec</td></tr>
                        
                            <tr><th>Failed</th><td>None</td></tr>
                        
                        
                        </table>

                        
                        <pre>None</pre>
                        
                        

                        
                        
                        
                    </div>
                
                </div>
            </div>
            
        </div>
    </div>
    

    <div class="testsuite">
        <h2>Test Suite: SoftwareManagement.Plugin.apama_plugin_remove</h2>
        <a id="1219f37b-2c74-4e56-b4ee-7d8a0799df82"></a>
        
        
        <h3>Results</h3>
        <table class="proplist">
            <tr>
                <th>Duration</th><td>0.0 sec</td>
            </tr>
            <tr>
                <th>Tests</th><td>1</td>
            </tr>
            <tr>
                <th>Failures</th><td>0</td>
            </tr>
        </table>

        <div class="testclasses">
            <h3>Tests</h3>
            
            <div class="testclass">
                <h4>ApamaPluginRemoveTest</h4>
                <div class="testcases">
                
                    <div class="test outcome outcome-passed">
                        <a id="4306443e-59bb-4eac-9dc7-63a8c463937b"></a>
                        <table class="proplist">
                            <tr><th>Test case:</th><td><b>SoftwareManagement.Plugin.apama_plugin_remove</b></td></tr>
                            <tr><th>Outcome:</th><td>Passed</td></tr>
                            <tr><th>Duration:</th><td>0.0 sec</td></tr>
                        
                            <tr><th>Failed</th><td>None</td></tr>
                        
                        
                        </table>

                        
                        <pre>None</pre>
                        
                        

                        
                        
                        
                    </div>
                
                </div>
            </div>
            
        </div>
    </div>
    

    <div class="testsuite">
        <h2>Test Suite: SoftwareManagement.Plugin.apama_plugin_update</h2>
        <a id="40571634-5b73-4eeb-ba7c-8d861eb1d568"></a>
        
        
        <h3>Results</h3>
        <table class="proplist">
            <tr>
                <th>Duration</th><td>0.0 sec</td>
            </tr>
            <tr>
                <th>Tests</th><td>1</td>
            </tr>
            <tr>
                <th>Failures</th><td>1</td>
            </tr>
        </table>

        <div class="testclasses">
            <h3>Tests</h3>
            
            <div class="testclass">
                <h4>ApamaPluginUpdateTest</h4>
                <div class="testcases">
                
                    <div class="test outcome outcome-failed">
                        <a id="99bae3a0-21ee-4e76-8aa0-2f830a952f36"></a>
                        <table class="proplist">
                            <tr><th>Test case:</th><td><b>SoftwareManagement.Plugin.apama_plugin_update</b></td></tr>
                            <tr><th>Outcome:</th><td>Failed</td></tr>
                            <tr><th>Duration:</th><td>0.0 sec</td></tr>
                        
                            <tr><th>Failed</th><td>BLOCKED: sudo&lt;plugin_install&gt; returned non-zero exit code 2</td></tr>
                        
                        
                        </table>

                        
                        <pre>failed</pre>
                        
                        

                        
                        
                        <div class="stdout"><i>Stdout</i><br>
                            <pre>07:42:21 INFO  ==============================================================
07:42:21 INFO  Id:    SoftwareManagement.Plugin.apama_plugin_update
07:42:21 INFO  Dir:   plugin_apama/
07:42:21 INFO  Title: Validate apama plugin updating one project with another
07:42:21 INFO  ==============================================================
07:42:21 INFO  Assertion that path exists=False for &#34;/etc/tedge/apama/project&#34; ... passed
07:42:22 INFO  Executed sudo&lt;create_project_dir&gt;, exit status 0
07:42:22 INFO  Executed sudo&lt;unzip_apama_project&gt;, exit status 0
07:42:23 INFO  Executed sudo&lt;move_apama_project&gt;, exit status 0
07:42:24 INFO  Executed sudo&lt;restart_apama_service&gt;, exit status 0
07:42:25 INFO  Executed sudo&lt;apama_correlator_wait&gt;, exit status 0
07:42:25 INFO  Assertion that path exists=True for &#34;/etc/tedge/apama/project&#34; ... passed
07:42:26 INFO  Executed sudo&lt;apama_list_monitors&gt;, exit status 0
07:42:26 INFO  Grep on file /home/pi/actions-runner/_work/thin-edge.io/thin-edge.io/tests/PySys/plugin_apama/apama_plugin_update/Output/linux/apama_list_monitors.out ... passed
07:42:26 WARN  Executed sudo&lt;plugin_install&gt;, exit status 2
07:42:26 INFO  Contents of plugin_install.err: 
  ERROR: Directory not empty (os error 39)
  -----

07:42:27 WARN  sudo&lt;plugin_install&gt; returned non-zero exit code 2 ... blocked [run.py:35]
07:42:27 WARN  Aborted test due to BLOCKED outcome
07:42:27 INFO  
07:42:27 INFO  cleanup:
07:42:27 INFO  Removing apama project
07:42:42 INFO  Executed sudo&lt;stop_apama_service&gt;, exit status 0, duration 15 secs
07:42:43 INFO  Executed sudo&lt;remove_apama_project&gt;, exit status 0
07:42:43 INFO  Executed sudo&lt;remove_apama_tmp_dir&gt;, exit status 0
07:42:43 INFO  
07:42:43 INFO  Test duration: 21.93 secs
07:42:43 INFO  Test final outcome:  BLOCKED
07:42:43 INFO  Test outcome reason: sudo&lt;plugin_install&gt; returned non-zero exit code 2
07:42:43 INFO  
</pre>
                        </div>
                        
                        
                    </div>
                
                </div>
            </div>
            
        </div>
    </div>
    

    <div class="testsuite">
        <h2>Test Suite: SoftwareManagement.sm_docker_install_remove_multiple</h2>
        <a id="5ddf9e21-1410-4a03-98a9-76770dd44223"></a>
        
        
        <h3>Results</h3>
        <table class="proplist">
            <tr>
                <th>Duration</th><td>0.0 sec</td>
            </tr>
            <tr>
                <th>Tests</th><td>1</td>
            </tr>
            <tr>
                <th>Failures</th><td>0</td>
            </tr>
        </table>

        <div class="testclasses">
            <h3>Tests</h3>
            
            <div class="testclass">
                <h4>SMDockerInstallRemove</h4>
                <div class="testcases">
                
                    <div class="test outcome outcome-passed">
                        <a id="56466451-c66f-4f76-90d5-e520fb6617a2"></a>
                        <table class="proplist">
                            <tr><th>Test case:</th><td><b>SoftwareManagement.sm_docker_install_remove_multiple</b></td></tr>
                            <tr><th>Outcome:</th><td>Passed</td></tr>
                            <tr><th>Duration:</th><td>0.0 sec</td></tr>
                        
                            <tr><th>Failed</th><td>None</td></tr>
                        
                        
                        </table>

                        
                        <pre>None</pre>
                        
                        

                        
                        
                        
                    </div>
                
                </div>
            </div>
            
        </div>
    </div>
    

    <div class="testsuite">
        <h2>Test Suite: docker_plugin_finalize</h2>
        <a id="fb411f6c-e7f7-409d-b879-bbfd95d9995c"></a>
        
        
        <h3>Results</h3>
        <table class="proplist">
            <tr>
                <th>Duration</th><td>0.0 sec</td>
            </tr>
            <tr>
                <th>Tests</th><td>1</td>
            </tr>
            <tr>
                <th>Failures</th><td>0</td>
            </tr>
        </table>

        <div class="testclasses">
            <h3>Tests</h3>
            
            <div class="testclass">
                <h4>DockerPluginFinalizeTest</h4>
                <div class="testcases">
                
                    <div class="test outcome outcome-passed">
                        <a id="189c9b10-9659-46ed-8f4a-0456745b9772"></a>
                        <table class="proplist">
                            <tr><th>Test case:</th><td><b>docker_plugin_finalize</b></td></tr>
                            <tr><th>Outcome:</th><td>Passed</td></tr>
                            <tr><th>Duration:</th><td>0.0 sec</td></tr>
                        
                            <tr><th>Failed</th><td>None</td></tr>
                        
                        
                        </table>

                        
                        <pre>None</pre>
                        
                        

                        
                        
                        
                    </div>
                
                </div>
            </div>
            
        </div>
    </div>
    

    <div class="testsuite">
        <h2>Test Suite: docker_plugin_install</h2>
        <a id="da704d71-a453-4df5-8e30-6109c0aa2cd9"></a>
        
        
        <h3>Results</h3>
        <table class="proplist">
            <tr>
                <th>Duration</th><td>0.0 sec</td>
            </tr>
            <tr>
                <th>Tests</th><td>1</td>
            </tr>
            <tr>
                <th>Failures</th><td>0</td>
            </tr>
        </table>

        <div class="testclasses">
            <h3>Tests</h3>
            
            <div class="testclass">
                <h4>DockerPluginInstallTest</h4>
                <div class="testcases">
                
                    <div class="test outcome outcome-passed">
                        <a id="6711b991-a408-4eba-964d-1497a9a56fee"></a>
                        <table class="proplist">
                            <tr><th>Test case:</th><td><b>docker_plugin_install</b></td></tr>
                            <tr><th>Outcome:</th><td>Passed</td></tr>
                            <tr><th>Duration:</th><td>0.0 sec</td></tr>
                        
                            <tr><th>Failed</th><td>None</td></tr>
                        
                        
                        </table>

                        
                        <pre>None</pre>
                        
                        

                        
                        
                        
                    </div>
                
                </div>
            </div>
            
        </div>
    </div>
    

    <div class="testsuite">
        <h2>Test Suite: docker_plugin_install_with_version</h2>
        <a id="678e9f83-5fc1-4722-a69e-8bbd102b87e3"></a>
        
        
        <h3>Results</h3>
        <table class="proplist">
            <tr>
                <th>Duration</th><td>0.0 sec</td>
            </tr>
            <tr>
                <th>Tests</th><td>1</td>
            </tr>
            <tr>
                <th>Failures</th><td>0</td>
            </tr>
        </table>

        <div class="testclasses">
            <h3>Tests</h3>
            
            <div class="testclass">
                <h4>DockerPluginInstallWithVersionTest</h4>
                <div class="testcases">
                
                    <div class="test outcome outcome-passed">
                        <a id="6bc07e77-f19a-415b-aff9-7782e5adb7a8"></a>
                        <table class="proplist">
                            <tr><th>Test case:</th><td><b>docker_plugin_install_with_version</b></td></tr>
                            <tr><th>Outcome:</th><td>Passed</td></tr>
                            <tr><th>Duration:</th><td>0.0 sec</td></tr>
                        
                            <tr><th>Failed</th><td>None</td></tr>
                        
                        
                        </table>

                        
                        <pre>None</pre>
                        
                        

                        
                        
                        
                    </div>
                
                </div>
            </div>
            
        </div>
    </div>
    

    <div class="testsuite">
        <h2>Test Suite: docker_plugin_remove</h2>
        <a id="92246116-96b5-4a39-b85c-c1289a8ae36c"></a>
        
        
        <h3>Results</h3>
        <table class="proplist">
            <tr>
                <th>Duration</th><td>0.0 sec</td>
            </tr>
            <tr>
                <th>Tests</th><td>1</td>
            </tr>
            <tr>
                <th>Failures</th><td>0</td>
            </tr>
        </table>

        <div class="testclasses">
            <h3>Tests</h3>
            
            <div class="testclass">
                <h4>DockerPluginRemoveTest</h4>
                <div class="testcases">
                
                    <div class="test outcome outcome-passed">
                        <a id="2c0c3108-cfba-4e03-8c59-a8b53ad43705"></a>
                        <table class="proplist">
                            <tr><th>Test case:</th><td><b>docker_plugin_remove</b></td></tr>
                            <tr><th>Outcome:</th><td>Passed</td></tr>
                            <tr><th>Duration:</th><td>0.0 sec</td></tr>
                        
                            <tr><th>Failed</th><td>None</td></tr>
                        
                        
                        </table>

                        
                        <pre>None</pre>
                        
                        

                        
                        
                        
                    </div>
                
                </div>
            </div>
            
        </div>
    </div>
    

    <div class="testsuite">
        <h2>Test Suite: docker_plugin_remove_with_version</h2>
        <a id="b7f4d39e-7f5d-417b-95af-0fa0f300051f"></a>
        
        
        <h3>Results</h3>
        <table class="proplist">
            <tr>
                <th>Duration</th><td>0.0 sec</td>
            </tr>
            <tr>
                <th>Tests</th><td>1</td>
            </tr>
            <tr>
                <th>Failures</th><td>0</td>
            </tr>
        </table>

        <div class="testclasses">
            <h3>Tests</h3>
            
            <div class="testclass">
                <h4>DockerPluginRemoveWithVersionTest</h4>
                <div class="testcases">
                
                    <div class="test outcome outcome-passed">
                        <a id="25e67331-76c3-43c6-87a1-559a1bfa0437"></a>
                        <table class="proplist">
                            <tr><th>Test case:</th><td><b>docker_plugin_remove_with_version</b></td></tr>
                            <tr><th>Outcome:</th><td>Passed</td></tr>
                            <tr><th>Duration:</th><td>0.0 sec</td></tr>
                        
                            <tr><th>Failed</th><td>None</td></tr>
                        
                        
                        </table>

                        
                        <pre>None</pre>
                        
                        

                        
                        
                        
                    </div>
                
                </div>
            </div>
            
        </div>
    </div>
    

    <div class="testsuite">
        <h2>Test Suite: docker_plugin_update</h2>
        <a id="7ee7b08a-24f9-43a6-b9b6-c42fbd5c089e"></a>
        
        
        <h3>Results</h3>
        <table class="proplist">
            <tr>
                <th>Duration</th><td>0.0 sec</td>
            </tr>
            <tr>
                <th>Tests</th><td>1</td>
            </tr>
            <tr>
                <th>Failures</th><td>0</td>
            </tr>
        </table>

        <div class="testclasses">
            <h3>Tests</h3>
            
            <div class="testclass">
                <h4>DockerPluginUpdateTest</h4>
                <div class="testcases">
                
                    <div class="test outcome outcome-passed">
                        <a id="57f5ccc6-6944-4dae-9f57-0dc28276227b"></a>
                        <table class="proplist">
                            <tr><th>Test case:</th><td><b>docker_plugin_update</b></td></tr>
                            <tr><th>Outcome:</th><td>Passed</td></tr>
                            <tr><th>Duration:</th><td>0.0 sec</td></tr>
                        
                            <tr><th>Failed</th><td>None</td></tr>
                        
                        
                        </table>

                        
                        <pre>None</pre>
                        
                        

                        
                        
                        
                    </div>
                
                </div>
            </div>
            
        </div>
    </div>
    



<p class="footer">
    Generated by junit2html
</p>
</body>
</html>