<?xml version='1.0' encoding='utf-8'?>
<testsuites tests="38" failures="8" errors="0" skipped="0" time="0.0"><testsuite name="SoftwareManagement.sm_apt_install_download_path" tests="1" errors="0" failures="1" skipped="0" time="0"><testcase classname="AptInstallWithDownloadPath" name="SoftwareManagement.sm_apt_install_download_path">
		<failure message="BLOCKED: TypeError: 'NoneType' object is not iterable" type="BLOCKED" />
		<system-out>10:22:08 INFO  ==============================================================
10:22:08 INFO  Id:    SoftwareManagement.sm_apt_install_download_path
10:22:08 INFO  Dir:   software_management_end_to_end/
10:22:08 INFO  Title: Install package to directory specified in tedge config set tmp.path
10:22:08 INFO  ==============================================================
10:22:08 INFO  Using sw id database: {'asciijump': '5475369', 'robotfindskitten': '5474869', 'squirrel3': '5475279', 'rolldice': '5152439', 'moon-buggy': '5439204', 'apple': '5495053', 'banana': '5494888', 'cherry': '5495382', 'watermelon': '5494510', 'registry': '8018911', 'hello-world': '8021526', 'docker/getting-started': '8021973', 'alpine': '7991792'}
10:22:08 INFO  EnvironmentC8y Setup
10:22:09 INFO  Executed systemctl&lt;serv_mapper1&gt;, exit status 3
10:22:24 INFO  Executed sudo&lt;tedge_connect_c8y&gt;, exit status 0, duration 14 secs
10:22:26 INFO  Executed sudo&lt;tedge_connect_c8y_test&gt;, exit status 0
10:22:28 INFO  Executed systemctl&lt;serv_mosq2&gt;, exit status 0
10:22:28 INFO  Executed systemctl&lt;serv_mapper3&gt;, exit status 0
10:22:31 ERROR No operations found, assuming it passed
10:22:31 WARN  TypeError occurred while running test - 'NoneType' object is not iterable
Traceback (most recent call last):
  File "/home/pi/env-pysys/lib/python3.7/site-packages/pysys/baserunner.py", line 1292, in __call__
    self.testObj.setup()
  File "/home/pi/actions-runner/_work/thin-edge.io/thin-edge.io/tests/PySys/software_management_end_to_end/sm_apt_install_download_path/run.py", line 49, in setup
    self.assertThat("False == value", value=self.check_is_installed("rolldice"))
  File "/home/pi/actions-runner/_work/thin-edge.io/thin-edge.io/tests/PySys/software_management_end_to_end/environment_sm_management.py", line 398, in check_is_installed
    for package in package_list:
TypeError: 'NoneType' object is not iterable
10:22:31 WARN  TypeError: 'NoneType' object is not iterable ... blocked 
10:22:31 INFO  
10:22:31 INFO  cleanup:
10:22:32 INFO  Executed sudo, exit status 0
10:22:33 INFO  Executed sudo, exit status 0
10:22:37 INFO  Executed sudo&lt;tedge_disconnect_c8y&gt;, exit status 0
10:22:37 INFO  Restarting mosquitto too frequently in the last 10 seconds. It was only up for 3 seconds
10:22:37 INFO  Delaying execution by 8 seconds
10:22:59 INFO  Executed sudo&lt;tedge_connect_c8y&gt;, exit status 0, duration 14 secs
10:23:03 INFO  Executed sudo&lt;tedge_disconnect_c8y&gt;, exit status 0
10:23:04 INFO  Executed systemctl&lt;serv_mapper5&gt;, exit status 3
10:23:04 INFO  
10:23:04 INFO  Test duration: 56.39 secs
10:23:04 INFO  Test final outcome:  BLOCKED
10:23:04 INFO  Test outcome reason: TypeError: 'NoneType' object is not iterable
10:23:04 INFO  
</system-out>
	</testcase>
</testsuite><testsuite name="SoftwareManagement.sm_apt_install_fail" tests="1" errors="0" failures="1" skipped="0" time="0"><testcase classname="PySysTest" name="SoftwareManagement.sm_apt_install_fail">
		<failure message="BLOCKED: TypeError: 'NoneType' object is not iterable" type="BLOCKED" />
		<system-out>10:23:04 INFO  ==============================================================
10:23:04 INFO  Id:    SoftwareManagement.sm_apt_install_fail
10:23:04 INFO  Dir:   software_management_end_to_end/
10:23:04 INFO  Title: Validate end to end behaviour for a failing installation
10:23:04 INFO  ==============================================================
10:23:04 INFO  Using sw id database: {'asciijump': '5475369', 'robotfindskitten': '5474869', 'squirrel3': '5475279', 'rolldice': '5152439', 'moon-buggy': '5439204', 'apple': '5495053', 'banana': '5494888', 'cherry': '5495382', 'watermelon': '5494510', 'registry': '8018911', 'hello-world': '8021526', 'docker/getting-started': '8021973', 'alpine': '7991792'}
10:23:04 INFO  EnvironmentC8y Setup
10:23:05 INFO  Executed systemctl&lt;serv_mapper1&gt;, exit status 3
10:23:05 INFO  Restarting mosquitto too frequently in the last 10 seconds. It was only up for 5 seconds
10:23:05 INFO  Delaying execution by 6 seconds
10:23:26 INFO  Executed sudo&lt;tedge_connect_c8y&gt;, exit status 0, duration 14 secs
10:23:26 INFO  Executed sudo&lt;tedge_connect_c8y_test&gt;, exit status 0
10:23:27 INFO  Executed systemctl&lt;serv_mosq2&gt;, exit status 0
10:23:27 INFO  Executed systemctl&lt;serv_mapper3&gt;, exit status 0
10:23:29 ERROR No operations found, assuming it passed
10:23:30 INFO  Response status: 201
10:23:30 INFO  Response to action: {
    "creationTime": "2022-04-14T10:23:30.173Z",
    "deviceName": "mythica",
    "deviceId": "17326138",
    "self": "https://t493319102.eu-latest.cumulocity.com/devicecontrol/operations/17330316",
    "id": "17330316",
    "status": "PENDING",
    "description": "Apply software changes, triggered from PySys: [{'name': 'does_not_exist', 'id': '5446165', 'version': '::apt', 'url': '', 'action': 'install'}]",
    "c8y_SoftwareUpdate": [
        {
            "name": "does_not_exist",
            "action": "install",
            "id": "5446165",
            "version": "::apt",
            "url": ""
        }
    ]
}
10:23:30 INFO  Started operation: {'creationTime': '2022-04-14T10:23:30.173Z', 'deviceName': 'mythica', 'deviceId': '17326138', 'self': 'https://t493319102.eu-latest.cumulocity.com/devicecontrol/operations/17330316', 'id': '17330316', 'status': 'PENDING', 'description': "Apply software changes, triggered from PySys: [{'name': 'does_not_exist', 'id': '5446165', 'version': '::apt', 'url': '', 'action': 'install'}]", 'c8y_SoftwareUpdate': [{'name': 'does_not_exist', 'action': 'install', 'id': '5446165', 'version': '::apt', 'url': ''}]}
10:23:32 INFO  State of operation 17330316 : PENDING
10:23:34 INFO  State of operation 17330316 : EXECUTING
10:23:36 INFO  State of operation 17330316 : EXECUTING
10:23:39 INFO  State of operation 17330316 : EXECUTING
10:23:41 INFO  State of operation 17330316 : EXECUTING
10:23:43 INFO  State of operation 17330316 : EXECUTING
10:23:46 INFO  State of operation 17330316 : EXECUTING
10:23:48 INFO  State of operation 17330316 : EXECUTING
10:23:51 INFO  State of operation 17330316 : EXECUTING
10:23:53 INFO  State of operation 17330316 : EXECUTING
10:23:55 INFO  State of operation 17330316 : EXECUTING
10:23:58 INFO  State of operation 17330316 : EXECUTING
10:24:00 INFO  State of operation 17330316 : EXECUTING
10:24:02 INFO  State of operation 17330316 : EXECUTING
10:24:04 INFO  State of operation 17330316 : EXECUTING
10:24:07 INFO  State of operation 17330316 : EXECUTING
10:24:09 INFO  State of operation 17330316 : EXECUTING
10:24:12 INFO  State of operation 17330316 : EXECUTING
10:24:14 INFO  State of operation 17330316 : EXECUTING
10:24:16 INFO  State of operation 17330316 : EXECUTING
10:24:19 INFO  State of operation 17330316 : FAILED
10:24:19 WARN  TypeError occurred while running test - 'NoneType' object is not iterable
Traceback (most recent call last):
  File "/home/pi/env-pysys/lib/python3.7/site-packages/pysys/baserunner.py", line 1296, in __call__
    self.testObj.validate()
  File "/home/pi/actions-runner/_work/thin-edge.io/thin-edge.io/tests/PySys/software_management_end_to_end/sm_apt_install_fail/run.py", line 31, in validate
    "False == value", value=self.check_is_installed("does_not_exist")
  File "/home/pi/actions-runner/_work/thin-edge.io/thin-edge.io/tests/PySys/software_management_end_to_end/environment_sm_management.py", line 398, in check_is_installed
    for package in package_list:
TypeError: 'NoneType' object is not iterable
10:24:19 WARN  TypeError: 'NoneType' object is not iterable ... blocked 
10:24:19 INFO  
10:24:19 INFO  cleanup:
10:24:23 INFO  Executed sudo&lt;tedge_disconnect_c8y&gt;, exit status 0
10:24:23 INFO  Executed systemctl&lt;serv_mapper5&gt;, exit status 3
10:24:23 INFO  
10:24:23 INFO  Test duration: 79.44 secs
10:24:23 INFO  Test final outcome:  BLOCKED
10:24:23 INFO  Test outcome reason: TypeError: 'NoneType' object is not iterable
10:24:23 INFO  
</system-out>
	</testcase>
</testsuite><testsuite name="SoftwareManagement.sm_apt_install_remove" tests="1" errors="0" failures="1" skipped="0" time="0"><testcase classname="PySysTest" name="SoftwareManagement.sm_apt_install_remove">
		<failure message="BLOCKED: TypeError: 'NoneType' object is not iterable" type="BLOCKED" />
		<system-out>10:24:24 INFO  ==============================================================
10:24:24 INFO  Id:    SoftwareManagement.sm_apt_install_remove
10:24:24 INFO  Dir:   software_management_end_to_end/
10:24:24 INFO  Title: Validate end to end behaviour for the apt plugin for installation and removal of packages
10:24:24 INFO  ==============================================================
10:24:24 INFO  Using sw id database: {'asciijump': '5475369', 'robotfindskitten': '5474869', 'squirrel3': '5475279', 'rolldice': '5152439', 'moon-buggy': '5439204', 'apple': '5495053', 'banana': '5494888', 'cherry': '5495382', 'watermelon': '5494510', 'registry': '8018911', 'hello-world': '8021526', 'docker/getting-started': '8021973', 'alpine': '7991792'}
10:24:24 INFO  EnvironmentC8y Setup
10:24:24 INFO  Executed systemctl&lt;serv_mapper1&gt;, exit status 3
10:24:24 INFO  Restarting mosquitto too frequently in the last 10 seconds. It was only up for 5 seconds
10:24:24 INFO  Delaying execution by 6 seconds
10:24:45 INFO  Executed sudo&lt;tedge_connect_c8y&gt;, exit status 0, duration 14 secs
10:24:45 INFO  Executed sudo&lt;tedge_connect_c8y_test&gt;, exit status 0
10:24:46 INFO  Executed systemctl&lt;serv_mosq2&gt;, exit status 0
10:24:46 INFO  Executed systemctl&lt;serv_mapper3&gt;, exit status 0
10:24:49 INFO  State of current operation: FAILED
10:24:49 WARN  TypeError occurred while running test - 'NoneType' object is not iterable
Traceback (most recent call last):
  File "/home/pi/env-pysys/lib/python3.7/site-packages/pysys/baserunner.py", line 1292, in __call__
    self.testObj.setup()
  File "/home/pi/actions-runner/_work/thin-edge.io/thin-edge.io/tests/PySys/software_management_end_to_end/sm_apt_install_remove/run.py", line 28, in setup
    if self.check_is_installed("rolldice"):
  File "/home/pi/actions-runner/_work/thin-edge.io/thin-edge.io/tests/PySys/software_management_end_to_end/environment_sm_management.py", line 398, in check_is_installed
    for package in package_list:
TypeError: 'NoneType' object is not iterable
10:24:49 WARN  TypeError: 'NoneType' object is not iterable ... blocked 
10:24:49 INFO  
10:24:49 INFO  cleanup:
10:24:53 INFO  Executed sudo&lt;tedge_disconnect_c8y&gt;, exit status 0
10:24:54 INFO  Executed systemctl&lt;serv_mapper5&gt;, exit status 3
10:24:54 INFO  
10:24:54 INFO  Test duration: 30.13 secs
10:24:54 INFO  Test final outcome:  BLOCKED
10:24:54 INFO  Test outcome reason: TypeError: 'NoneType' object is not iterable
10:24:54 INFO  
</system-out>
	</testcase>
</testsuite><testsuite name="SoftwareManagement.sm_apt_install_remove_default" tests="1" errors="0" failures="1" skipped="0" time="0"><testcase classname="PySysTest" name="SoftwareManagement.sm_apt_install_remove_default">
		<failure message="BLOCKED: TypeError: 'NoneType' object is not iterable" type="BLOCKED" />
		<system-out>10:24:54 INFO  ==============================================================
10:24:54 INFO  Id:    SoftwareManagement.sm_apt_install_remove_default
10:24:54 INFO  Dir:   software_management_end_to_end/
10:24:54 INFO  Title: Validate end to end behaviour for the default plugin for installation and removal of packages
10:24:54 INFO  ==============================================================
10:24:54 INFO  Using sw id database: {'asciijump': '5475369', 'robotfindskitten': '5474869', 'squirrel3': '5475279', 'rolldice': '5152439', 'moon-buggy': '5439204', 'apple': '5495053', 'banana': '5494888', 'cherry': '5495382', 'watermelon': '5494510', 'registry': '8018911', 'hello-world': '8021526', 'docker/getting-started': '8021973', 'alpine': '7991792'}
10:24:54 INFO  EnvironmentC8y Setup
10:24:54 INFO  Executed systemctl&lt;serv_mapper1&gt;, exit status 3
10:24:55 INFO  Restarting mosquitto too frequently in the last 10 seconds. It was only up for 5 seconds
10:24:55 INFO  Delaying execution by 6 seconds
10:25:15 INFO  Executed sudo&lt;tedge_connect_c8y&gt;, exit status 0, duration 14 secs
10:25:15 INFO  Executed sudo&lt;tedge_connect_c8y_test&gt;, exit status 0
10:25:16 INFO  Executed systemctl&lt;serv_mosq2&gt;, exit status 0
10:25:16 INFO  Executed systemctl&lt;serv_mapper3&gt;, exit status 0
10:25:18 INFO  State of current operation: FAILED
10:25:19 WARN  TypeError occurred while running test - 'NoneType' object is not iterable
Traceback (most recent call last):
  File "/home/pi/env-pysys/lib/python3.7/site-packages/pysys/baserunner.py", line 1292, in __call__
    self.testObj.setup()
  File "/home/pi/actions-runner/_work/thin-edge.io/thin-edge.io/tests/PySys/software_management_end_to_end/sm_apt_install_remove_default/run.py", line 27, in setup
    self.assertThat("False == value", value=self.check_is_installed("rolldice"))
  File "/home/pi/actions-runner/_work/thin-edge.io/thin-edge.io/tests/PySys/software_management_end_to_end/environment_sm_management.py", line 398, in check_is_installed
    for package in package_list:
TypeError: 'NoneType' object is not iterable
10:25:19 WARN  TypeError: 'NoneType' object is not iterable ... blocked 
10:25:19 INFO  
10:25:19 INFO  cleanup:
10:25:23 INFO  Executed sudo&lt;tedge_disconnect_c8y&gt;, exit status 0
10:25:23 INFO  Executed systemctl&lt;serv_mapper5&gt;, exit status 3
10:25:23 INFO  
10:25:23 INFO  Test duration: 29.70 secs
10:25:23 INFO  Test final outcome:  BLOCKED
10:25:23 INFO  Test outcome reason: TypeError: 'NoneType' object is not iterable
10:25:23 INFO  
</system-out>
	</testcase>
</testsuite><testsuite name="SoftwareManagement.sm_apt_install_remove_multiple" tests="1" errors="0" failures="1" skipped="0" time="0"><testcase classname="PySysTest" name="SoftwareManagement.sm_apt_install_remove_multiple">
		<failure message="BLOCKED: TypeError: 'NoneType' object is not iterable" type="BLOCKED" />
		<system-out>10:25:23 INFO  ==============================================================
10:25:23 INFO  Id:    SoftwareManagement.sm_apt_install_remove_multiple
10:25:23 INFO  Dir:   software_management_end_to_end/
10:25:23 INFO  Title: Validate end to end behaviour for the apt plugin for multiple packages
10:25:23 INFO  ==============================================================
10:25:23 INFO  Using sw id database: {'asciijump': '5475369', 'robotfindskitten': '5474869', 'squirrel3': '5475279', 'rolldice': '5152439', 'moon-buggy': '5439204', 'apple': '5495053', 'banana': '5494888', 'cherry': '5495382', 'watermelon': '5494510', 'registry': '8018911', 'hello-world': '8021526', 'docker/getting-started': '8021973', 'alpine': '7991792'}
10:25:23 INFO  EnvironmentC8y Setup
10:25:24 INFO  Executed systemctl&lt;serv_mapper1&gt;, exit status 3
10:25:24 INFO  Restarting mosquitto too frequently in the last 10 seconds. It was only up for 5 seconds
10:25:24 INFO  Delaying execution by 6 seconds
10:25:44 INFO  Executed sudo&lt;tedge_connect_c8y&gt;, exit status 0, duration 13 secs
10:25:45 INFO  Executed sudo&lt;tedge_connect_c8y_test&gt;, exit status 0
10:25:45 INFO  Executed systemctl&lt;serv_mosq2&gt;, exit status 0
10:25:46 INFO  Executed systemctl&lt;serv_mapper3&gt;, exit status 0
10:25:48 INFO  State of current operation: FAILED
10:25:48 WARN  TypeError occurred while running test - 'NoneType' object is not iterable
Traceback (most recent call last):
  File "/home/pi/env-pysys/lib/python3.7/site-packages/pysys/baserunner.py", line 1292, in __call__
    self.testObj.setup()
  File "/home/pi/actions-runner/_work/thin-edge.io/thin-edge.io/tests/PySys/software_management_end_to_end/sm_apt_install_remove_multiple/run.py", line 54, in setup
    self.assertThat("False == value", value=self.check_is_installed("rolldice"))
  File "/home/pi/actions-runner/_work/thin-edge.io/thin-edge.io/tests/PySys/software_management_end_to_end/environment_sm_management.py", line 398, in check_is_installed
    for package in package_list:
TypeError: 'NoneType' object is not iterable
10:25:48 WARN  TypeError: 'NoneType' object is not iterable ... blocked 
10:25:48 INFO  
10:25:48 INFO  cleanup:
10:25:52 INFO  Executed sudo&lt;tedge_disconnect_c8y&gt;, exit status 0
10:25:53 INFO  Executed systemctl&lt;serv_mapper5&gt;, exit status 3
10:25:53 INFO  
10:25:53 INFO  Test duration: 29.36 secs
10:25:53 INFO  Test final outcome:  BLOCKED
10:25:53 INFO  Test outcome reason: TypeError: 'NoneType' object is not iterable
10:25:53 INFO  
</system-out>
	</testcase>
</testsuite><testsuite name="SoftwareManagement.sm_apt_install_remove_multiple_mixed" tests="1" errors="0" failures="1" skipped="0" time="0"><testcase classname="PySysTest" name="SoftwareManagement.sm_apt_install_remove_multiple_mixed">
		<failure message="BLOCKED: TypeError: 'NoneType' object is not iterable" type="BLOCKED" />
		<system-out>10:25:53 INFO  ==============================================================
10:25:53 INFO  Id:    SoftwareManagement.sm_apt_install_remove_multiple_mixed
10:25:53 INFO  Dir:   software_management_end_to_end/
10:25:53 INFO  Title: Validate end to end behaviour for the apt plugin for multiple packages with mixed versions
10:25:53 INFO  ==============================================================
10:25:53 INFO  Using sw id database: {'asciijump': '5475369', 'robotfindskitten': '5474869', 'squirrel3': '5475279', 'rolldice': '5152439', 'moon-buggy': '5439204', 'apple': '5495053', 'banana': '5494888', 'cherry': '5495382', 'watermelon': '5494510', 'registry': '8018911', 'hello-world': '8021526', 'docker/getting-started': '8021973', 'alpine': '7991792'}
10:25:53 INFO  EnvironmentC8y Setup
10:25:53 INFO  Executed systemctl&lt;serv_mapper1&gt;, exit status 3
10:25:54 INFO  Restarting mosquitto too frequently in the last 10 seconds. It was only up for 5 seconds
10:25:54 INFO  Delaying execution by 6 seconds
10:26:14 INFO  Executed sudo&lt;tedge_connect_c8y&gt;, exit status 0, duration 14 secs
10:26:14 INFO  Executed sudo&lt;tedge_connect_c8y_test&gt;, exit status 0
10:26:15 INFO  Executed systemctl&lt;serv_mosq2&gt;, exit status 0
10:26:15 INFO  Executed systemctl&lt;serv_mapper3&gt;, exit status 0
10:26:18 INFO  State of current operation: FAILED
10:26:18 WARN  TypeError occurred while running test - 'NoneType' object is not iterable
Traceback (most recent call last):
  File "/home/pi/env-pysys/lib/python3.7/site-packages/pysys/baserunner.py", line 1292, in __call__
    self.testObj.setup()
  File "/home/pi/actions-runner/_work/thin-edge.io/thin-edge.io/tests/PySys/software_management_end_to_end/sm_apt_install_remove_multiple_mixed/run.py", line 75, in setup
    self.assertThat("False == value", value=self.check_is_installed("asciijump"))
  File "/home/pi/actions-runner/_work/thin-edge.io/thin-edge.io/tests/PySys/software_management_end_to_end/environment_sm_management.py", line 398, in check_is_installed
    for package in package_list:
TypeError: 'NoneType' object is not iterable
10:26:18 WARN  TypeError: 'NoneType' object is not iterable ... blocked 
10:26:18 INFO  
10:26:18 INFO  cleanup:
10:26:22 INFO  Executed sudo&lt;tedge_disconnect_c8y&gt;, exit status 0
10:26:23 INFO  Executed systemctl&lt;serv_mapper5&gt;, exit status 3
10:26:23 INFO  
10:26:23 INFO  Test duration: 29.69 secs
10:26:23 INFO  Test final outcome:  BLOCKED
10:26:23 INFO  Test outcome reason: TypeError: 'NoneType' object is not iterable
10:26:23 INFO  
</system-out>
	</testcase>
</testsuite><testsuite name="SoftwareManagement.sm_apt_install_remove_with_version" tests="1" errors="0" failures="1" skipped="0" time="0"><testcase classname="PySysTest" name="SoftwareManagement.sm_apt_install_remove_with_version">
		<failure message="BLOCKED: TypeError: 'NoneType' object is not iterable" type="BLOCKED" />
		<system-out>10:26:23 INFO  ==============================================================
10:26:23 INFO  Id:    SoftwareManagement.sm_apt_install_remove_with_version
10:26:23 INFO  Dir:   software_management_end_to_end/
10:26:23 INFO  Title: Validate end to end behaviour for the apt plugin for packages with version
10:26:23 INFO  ==============================================================
10:26:23 INFO  Using sw id database: {'asciijump': '5475369', 'robotfindskitten': '5474869', 'squirrel3': '5475279', 'rolldice': '5152439', 'moon-buggy': '5439204', 'apple': '5495053', 'banana': '5494888', 'cherry': '5495382', 'watermelon': '5494510', 'registry': '8018911', 'hello-world': '8021526', 'docker/getting-started': '8021973', 'alpine': '7991792'}
10:26:23 INFO  EnvironmentC8y Setup
10:26:23 INFO  Executed systemctl&lt;serv_mapper1&gt;, exit status 3
10:26:23 INFO  Restarting mosquitto too frequently in the last 10 seconds. It was only up for 5 seconds
10:26:23 INFO  Delaying execution by 6 seconds
10:26:43 INFO  Executed sudo&lt;tedge_connect_c8y&gt;, exit status 0, duration 13 secs
10:26:44 INFO  Executed sudo&lt;tedge_connect_c8y_test&gt;, exit status 0
10:26:44 INFO  Executed systemctl&lt;serv_mosq2&gt;, exit status 0
10:26:45 INFO  Executed systemctl&lt;serv_mapper3&gt;, exit status 0
10:26:47 INFO  State of current operation: FAILED
10:26:47 WARN  TypeError occurred while running test - 'NoneType' object is not iterable
Traceback (most recent call last):
  File "/home/pi/env-pysys/lib/python3.7/site-packages/pysys/baserunner.py", line 1292, in __call__
    self.testObj.setup()
  File "/home/pi/actions-runner/_work/thin-edge.io/thin-edge.io/tests/PySys/software_management_end_to_end/sm_apt_install_remove_with_version/run.py", line 29, in setup
    self.assertThat("False == value", value=self.check_is_installed("rolldice"))
  File "/home/pi/actions-runner/_work/thin-edge.io/thin-edge.io/tests/PySys/software_management_end_to_end/environment_sm_management.py", line 398, in check_is_installed
    for package in package_list:
TypeError: 'NoneType' object is not iterable
10:26:47 WARN  TypeError: 'NoneType' object is not iterable ... blocked 
10:26:47 INFO  
10:26:47 INFO  cleanup:
10:26:51 INFO  Executed sudo&lt;tedge_disconnect_c8y&gt;, exit status 0
10:26:52 INFO  Executed systemctl&lt;serv_mapper5&gt;, exit status 3
10:26:52 INFO  
10:26:52 INFO  Test duration: 29.23 secs
10:26:52 INFO  Test final outcome:  BLOCKED
10:26:52 INFO  Test outcome reason: TypeError: 'NoneType' object is not iterable
10:26:52 INFO  
</system-out>
	</testcase>
</testsuite><testsuite name="apt_fail_noarg" tests="1" errors="0" failures="0" skipped="0" time="0"><testcase classname="AptPluginFailNoArg" name="apt_fail_noarg" />
</testsuite><testsuite name="apt_finalize" tests="1" errors="0" failures="0" skipped="0" time="0"><testcase classname="AptPluginFinalize" name="apt_finalize" />
</testsuite><testsuite name="apt_install" tests="1" errors="0" failures="0" skipped="0" time="0"><testcase classname="AptPluginInstallDense" name="apt_install" />
</testsuite><testsuite name="apt_install_fail" tests="1" errors="0" failures="0" skipped="0" time="0"><testcase classname="AptPluginInstallFail" name="apt_install_fail" />
</testsuite><testsuite name="apt_install_local_file" tests="1" errors="0" failures="0" skipped="0" time="0"><testcase classname="AptPluginInstallFromLocalFile" name="apt_install_local_file" />
</testsuite><testsuite name="apt_install_local_file_fail" tests="1" errors="0" failures="0" skipped="0" time="0"><testcase classname="AptPluginInstallFromLocalFileFail" name="apt_install_local_file_fail" />
</testsuite><testsuite name="apt_install_local_file_with_version" tests="1" errors="0" failures="0" skipped="0" time="0"><testcase classname="AptPluginInstallFromLocalFileWithVersion" name="apt_install_local_file_with_version" />
</testsuite><testsuite name="apt_install_local_file_with_version_fail" tests="1" errors="0" failures="0" skipped="0" time="0"><testcase classname="AptPluginInstallFromLocalFileWithVersionFail" name="apt_install_local_file_with_version_fail" />
</testsuite><testsuite name="apt_list_format" tests="1" errors="0" failures="0" skipped="0" time="0"><testcase classname="AptPluginListFormat" name="apt_list_format" />
</testsuite><testsuite name="apt_prepare" tests="1" errors="0" failures="0" skipped="0" time="0"><testcase classname="AptPluginPrepare" name="apt_prepare" />
</testsuite><testsuite name="apt_prepare_install_finalize" tests="1" errors="0" failures="0" skipped="0" time="0"><testcase classname="AptPluginPrepareInstallFinalize" name="apt_prepare_install_finalize" />
</testsuite><testsuite name="apt_remove" tests="1" errors="0" failures="0" skipped="0" time="0"><testcase classname="AptPluginRemoveDense" name="apt_remove" />
</testsuite><testsuite name="apt_remove_fail" tests="1" errors="0" failures="0" skipped="0" time="0"><testcase classname="AptPluginRemoveFails" name="apt_remove_fail" />
</testsuite><testsuite name="apt_sequence_install_with_version" tests="1" errors="0" failures="0" skipped="0" time="0"><testcase classname="AptPluginPrepInstallWithVersionFinalize" name="apt_sequence_install_with_version" />
</testsuite><testsuite name="apt_sequence_install_with_version_fail" tests="1" errors="0" failures="0" skipped="0" time="0"><testcase classname="AptPluginInstallWithVersionFails" name="apt_sequence_install_with_version_fail" />
</testsuite><testsuite name="apt_sequence_remove" tests="1" errors="0" failures="0" skipped="0" time="0"><testcase classname="AptPluginInstallPrepareRemoveFinalize" name="apt_sequence_remove" />
</testsuite><testsuite name="apt_sequence_remove_with_version" tests="1" errors="0" failures="0" skipped="0" time="0"><testcase classname="AptPluginRemoveWithVersion" name="apt_sequence_remove_with_version" />
</testsuite><testsuite name="apt_sequence_remove_with_version_fail" tests="1" errors="0" failures="0" skipped="0" time="0"><testcase classname="AptPluginRemoveWithVersionFails" name="apt_sequence_remove_with_version_fail" />
</testsuite><testsuite name="apt_update_list" tests="1" errors="0" failures="0" skipped="0" time="0"><testcase classname="AptPluginUpdateList" name="apt_update_list" />
</testsuite><testsuite name="apt_wrong_option" tests="1" errors="0" failures="0" skipped="0" time="0"><testcase classname="AptPluginWrongOption" name="apt_wrong_option" />
</testsuite><testsuite name="SoftwareManagement.Plugin.apama_plugin_install" tests="1" errors="0" failures="0" skipped="0" time="0"><testcase classname="ApamaPluginInstallTest" name="SoftwareManagement.Plugin.apama_plugin_install" />
</testsuite><testsuite name="SoftwareManagement.Plugin.apama_plugin_mon_support" tests="1" errors="0" failures="0" skipped="0" time="0"><testcase classname="ApamaPluginMonSupportTest" name="SoftwareManagement.Plugin.apama_plugin_mon_support" />
</testsuite><testsuite name="SoftwareManagement.Plugin.apama_plugin_remove" tests="1" errors="0" failures="0" skipped="0" time="0"><testcase classname="ApamaPluginRemoveTest" name="SoftwareManagement.Plugin.apama_plugin_remove" />
</testsuite><testsuite name="SoftwareManagement.Plugin.apama_plugin_update" tests="1" errors="0" failures="1" skipped="0" time="0"><testcase classname="ApamaPluginUpdateTest" name="SoftwareManagement.Plugin.apama_plugin_update">
		<failure message="BLOCKED: sudo&lt;plugin_install&gt; returned non-zero exit code 2" type="BLOCKED" />
		<system-out>10:28:11 INFO  ==============================================================
10:28:11 INFO  Id:    SoftwareManagement.Plugin.apama_plugin_update
10:28:11 INFO  Dir:   plugin_apama/
10:28:11 INFO  Title: Validate apama plugin updating one project with another
10:28:11 INFO  ==============================================================
10:28:11 INFO  Assertion that path exists=False for "/etc/tedge/apama/project" ... passed
10:28:11 INFO  Executed sudo&lt;create_project_dir&gt;, exit status 0
10:28:12 INFO  Executed sudo&lt;unzip_apama_project&gt;, exit status 0
10:28:13 INFO  Executed sudo&lt;move_apama_project&gt;, exit status 0
10:28:13 INFO  Executed sudo&lt;restart_apama_service&gt;, exit status 0
10:28:14 INFO  Executed sudo&lt;apama_correlator_wait&gt;, exit status 0
10:28:14 INFO  Assertion that path exists=True for "/etc/tedge/apama/project" ... passed
10:28:15 INFO  Executed sudo&lt;apama_list_monitors&gt;, exit status 0
10:28:15 INFO  Grep on file /home/pi/actions-runner/_work/thin-edge.io/thin-edge.io/tests/PySys/plugin_apama/apama_plugin_update/Output/linux/apama_list_monitors.out ... passed
10:28:16 WARN  Executed sudo&lt;plugin_install&gt;, exit status 2
10:28:16 INFO  Contents of plugin_install.err: 
  ERROR: Directory not empty (os error 39)
  -----

10:28:16 WARN  sudo&lt;plugin_install&gt; returned non-zero exit code 2 ... blocked [run.py:35]
10:28:16 WARN  Aborted test due to BLOCKED outcome
10:28:16 INFO  
10:28:16 INFO  cleanup:
10:28:16 INFO  Removing apama project
10:28:32 INFO  Executed sudo&lt;stop_apama_service&gt;, exit status 0, duration 15 secs
10:28:32 INFO  Executed sudo&lt;remove_apama_project&gt;, exit status 0
10:28:33 INFO  Executed sudo&lt;remove_apama_tmp_dir&gt;, exit status 0
10:28:33 INFO  
10:28:33 INFO  Test duration: 22.03 secs
10:28:33 INFO  Test final outcome:  BLOCKED
10:28:33 INFO  Test outcome reason: sudo&lt;plugin_install&gt; returned non-zero exit code 2
10:28:33 INFO  
</system-out>
	</testcase>
</testsuite><testsuite name="SoftwareManagement.sm_docker_install_remove_multiple" tests="1" errors="0" failures="0" skipped="0" time="0"><testcase classname="SMDockerInstallRemove" name="SoftwareManagement.sm_docker_install_remove_multiple" />
</testsuite><testsuite name="docker_plugin_finalize" tests="1" errors="0" failures="0" skipped="0" time="0"><testcase classname="DockerPluginFinalizeTest" name="docker_plugin_finalize" />
</testsuite><testsuite name="docker_plugin_install" tests="1" errors="0" failures="0" skipped="0" time="0"><testcase classname="DockerPluginInstallTest" name="docker_plugin_install" />
</testsuite><testsuite name="docker_plugin_install_with_version" tests="1" errors="0" failures="0" skipped="0" time="0"><testcase classname="DockerPluginInstallWithVersionTest" name="docker_plugin_install_with_version" />
</testsuite><testsuite name="docker_plugin_remove" tests="1" errors="0" failures="0" skipped="0" time="0"><testcase classname="DockerPluginRemoveTest" name="docker_plugin_remove" />
</testsuite><testsuite name="docker_plugin_remove_with_version" tests="1" errors="0" failures="0" skipped="0" time="0"><testcase classname="DockerPluginRemoveWithVersionTest" name="docker_plugin_remove_with_version" />
</testsuite><testsuite name="docker_plugin_update" tests="1" errors="0" failures="0" skipped="0" time="0"><testcase classname="DockerPluginUpdateTest" name="docker_plugin_update" />
</testsuite></testsuites>