<!DOCTYPE html>
<html lang="en">
<head>
    <meta charset="UTF-8">
    <title>results_pysys_offsite_mythicb.xml</title>
    <style type="text/css">
        body {
    background-color: white;
    padding-bottom: 20em;
    margin: 0;
    min-height: 15cm;
}

h1, h2, h3, h4, h5, h6, h7 {
    font-family: sans-serif;
}

h1 {
    background-color: #007acc;
    color: white;
    padding: 3mm;
    margin-top: 0;
    margin-bottom: 1mm;
}

.footer {
    font-style: italic;
    font-size: small;
    text-align: right;
    padding: 1em;
}

.testsuite {
    padding-bottom: 2em;
    margin-left: 1em;
}

.proplist {
    width: 100%;
    margin-bottom: 2em;
    border-collapse: collapse;
    border: 1px solid grey;
}

.proplist th {
    background-color: silver;
    width: 5em;
    padding: 2px;
    padding-right: 1em;
    text-align: left;
}

.proplist td {
    padding: 2px;
}

.index-table {
    width: 90%;
    margin-left: 1em;
}

.index-table td {
    vertical-align: top;
    width: 50%;
}

.failure-index {

}

.toc {
    margin-bottom: 2em;
    font-family: monospace;
}

.stdio, pre {
    min-height: 1em;
    background-color: #1e1e1e;
    color: silver;
    padding: 0.5em;
}
.tdpre {
    background-color: #1e1e1e;
}

.test {
    margin-left: 0.5cm;
}

.outcome {
    border-left: 1em;
    padding: 2px;
}

.outcome-failed {
    border-left: 1em solid lightcoral;
}

.stats-table {
}

.stats-table td {
    min-width: 4em;
    text-align: right;
}

.stats-table .failed {
    background-color: lightcoral;
}

.stats-table .passed {
    background-color: lightgreen;
}

.matrix-table {
    table-layout: fixed;
    border-spacing: 0;
    width: available;
    margin-left: 1em;
}

.matrix-table td {
    vertical-align: center;
}

.matrix-table td:last-child {
    width: 0;
}

.matrix-axis-name {
    white-space: nowrap;
    padding-left: 0.5em;
    border-left: 1px solid black;
    border-top: 1px solid black;
}

.matrix-axis-line {
    border-left: 1px solid black;
    width: 0.5em;
}

.matrix-classname {
    text-align: left;
    width: 100%;
    border-top: 2px solid grey;
    border-bottom: 1px solid silver;
}

.matrix-casename {
    text-align: left;
    font-weight: normal;
    font-style: italic;
    padding-left: 1em;
    border-bottom: 1px solid silver;
}

.matrix-result {
    display: block;
    width: 1em;
    text-align: center;
    padding: 1mm;
    margin: 0;
}

.matrix-result-combined {
    white-space: nowrap;
    padding-right: 0.2em;
    text-align: right;
}

.matrix-result-failed {
    background-color: lightcoral;
}

.matrix-result-passed {
    background-color: lightgreen;
}

.matrix-result-skipped {
    background-color: lightyellow;
}
    </style>
</head>
<body>
    
<h1>
    Test Report : results_pysys_offsite_mythicb.xml
</h1>
<a id="toc"></a>
<table class="index-table">
    <tr>
        <td>
            <ul class="toc">
            
                
                <li>AptInstallWithDownloadPath
                <ul>
                    
                    <li><a href="#1cd267f8-d200-4df5-990b-9162b5ed1fcf">SoftwareManagement.sm_apt_install_download_path</a></li>
                    
                </ul>
                </li>
                
            
                
                <li>PySysTest
                <ul>
                    
                    <li><a href="#52913816-9bd0-448d-aa13-71f412be6048">SoftwareManagement.sm_apt_install_fail</a></li>
                    
                </ul>
                </li>
                
            
                
                <li>PySysTest
                <ul>
                    
                    <li><a href="#c8835ace-5d6d-4339-a98d-aa43fa2ee884">SoftwareManagement.sm_apt_install_remove</a></li>
                    
                </ul>
                </li>
                
            
                
                <li>PySysTest
                <ul>
                    
                    <li><a href="#997806c1-98b6-49cc-925e-c8967cbce87f">SoftwareManagement.sm_apt_install_remove_default</a></li>
                    
                </ul>
                </li>
                
            
                
                <li>PySysTest
                <ul>
                    
                    <li><a href="#50b1beee-5678-4f09-9908-6af8b7c30853">SoftwareManagement.sm_apt_install_remove_multiple</a></li>
                    
                </ul>
                </li>
                
            
                
                <li>PySysTest
                <ul>
                    
                    <li><a href="#e5207d9d-86bb-4e66-a4e8-fd7fb7200953">SoftwareManagement.sm_apt_install_remove_multiple_mixed</a></li>
                    
                </ul>
                </li>
                
            
                
                <li>PySysTest
                <ul>
                    
                    <li><a href="#425a9a6c-c316-4046-869a-8663a185826a">SoftwareManagement.sm_apt_install_remove_with_version</a></li>
                    
                </ul>
                </li>
                
            
                
                <li>AptPluginFailNoArg
                <ul>
                    
                    <li><a href="#bd889908-226c-4831-a0c1-63535025bc77">apt_fail_noarg</a></li>
                    
                </ul>
                </li>
                
            
                
                <li>AptPluginFinalize
                <ul>
                    
                    <li><a href="#f0e12911-60a1-48cd-9839-5b53737163b0">apt_finalize</a></li>
                    
                </ul>
                </li>
                
            
                
                <li>AptPluginInstallDense
                <ul>
                    
                    <li><a href="#d0a3f6b1-5f5b-4872-8fb4-a74925df52d2">apt_install</a></li>
                    
                </ul>
                </li>
                
            
                
                <li>AptPluginInstallFail
                <ul>
                    
                    <li><a href="#d9aee1b9-0ee1-4e36-9634-6dde6175a53b">apt_install_fail</a></li>
                    
                </ul>
                </li>
                
            
                
                <li>AptPluginInstallFromLocalFile
                <ul>
                    
                    <li><a href="#391f543f-de24-4469-8f4e-4ca377adb482">apt_install_local_file</a></li>
                    
                </ul>
                </li>
                
            
                
                <li>AptPluginInstallFromLocalFileFail
                <ul>
                    
                    <li><a href="#42e285b8-a55f-46e0-ab86-f821f4bd9431">apt_install_local_file_fail</a></li>
                    
                </ul>
                </li>
                
            
                
                <li>AptPluginInstallFromLocalFileWithVersion
                <ul>
                    
                    <li><a href="#5d09358b-5d05-4d13-8681-46e52c82ff97">apt_install_local_file_with_version</a></li>
                    
                </ul>
                </li>
                
            
                
                <li>AptPluginInstallFromLocalFileWithVersionFail
                <ul>
                    
                    <li><a href="#b659adce-9864-485d-99d2-605c4c2af419">apt_install_local_file_with_version_fail</a></li>
                    
                </ul>
                </li>
                
            
                
                <li>AptPluginListFormat
                <ul>
                    
                    <li><a href="#e136c5be-25cc-4eb8-8abc-73db26bd6812">apt_list_format</a></li>
                    
                </ul>
                </li>
                
            
                
                <li>AptPluginPrepare
                <ul>
                    
                    <li><a href="#bb726abd-9547-4ffb-bc3f-44d07a27cdf8">apt_prepare</a></li>
                    
                </ul>
                </li>
                
            
                
                <li>AptPluginPrepareInstallFinalize
                <ul>
                    
                    <li><a href="#508d2bd3-665c-4291-bba1-0d42830b1590">apt_prepare_install_finalize</a></li>
                    
                </ul>
                </li>
                
            
                
                <li>AptPluginRemoveDense
                <ul>
                    
                    <li><a href="#3e3c0311-fd3c-4194-8324-f2872b2c7d10">apt_remove</a></li>
                    
                </ul>
                </li>
                
            
                
                <li>AptPluginRemoveFails
                <ul>
                    
                    <li><a href="#7417171b-3a22-44f0-a563-3766fe42519e">apt_remove_fail</a></li>
                    
                </ul>
                </li>
                
            
                
                <li>AptPluginPrepInstallWithVersionFinalize
                <ul>
                    
                    <li><a href="#a5e22e09-a5ab-4730-9acd-e998588490c1">apt_sequence_install_with_version</a></li>
                    
                </ul>
                </li>
                
            
                
                <li>AptPluginInstallWithVersionFails
                <ul>
                    
                    <li><a href="#c4b55d3a-e42b-438c-bbe6-ececb8fb677a">apt_sequence_install_with_version_fail</a></li>
                    
                </ul>
                </li>
                
            
                
                <li>AptPluginInstallPrepareRemoveFinalize
                <ul>
                    
                    <li><a href="#bc2df4a1-29c4-468f-a554-b59def148abe">apt_sequence_remove</a></li>
                    
                </ul>
                </li>
                
            
                
                <li>AptPluginRemoveWithVersion
                <ul>
                    
                    <li><a href="#75c49e76-f036-4e45-a3d0-e8e5f9df02b9">apt_sequence_remove_with_version</a></li>
                    
                </ul>
                </li>
                
            
                
                <li>AptPluginRemoveWithVersionFails
                <ul>
                    
                    <li><a href="#4d29f30a-2af5-41ce-bce8-2212435e24d0">apt_sequence_remove_with_version_fail</a></li>
                    
                </ul>
                </li>
                
            
                
                <li>AptPluginUpdateList
                <ul>
                    
                    <li><a href="#e9f0580a-7eeb-4931-864b-9e1d6887df26">apt_update_list</a></li>
                    
                </ul>
                </li>
                
            
                
                <li>AptPluginWrongOption
                <ul>
                    
                    <li><a href="#ac63f25f-52d7-40f1-ad2a-1d5e3bfc54f8">apt_wrong_option</a></li>
                    
                </ul>
                </li>
                
            
                
                <li>ApamaPluginInstallTest
                <ul>
                    
                    <li><a href="#7dfd39fa-bef5-4d09-8d71-a4cc34e9e58f">SoftwareManagement.Plugin.apama_plugin_install</a></li>
                    
                </ul>
                </li>
                
            
                
                <li>ApamaPluginMonSupportTest
                <ul>
                    
                    <li><a href="#d67f4498-3e6d-4142-96f0-1e7bbe30021c">SoftwareManagement.Plugin.apama_plugin_mon_support</a></li>
                    
                </ul>
                </li>
                
            
                
                <li>ApamaPluginRemoveTest
                <ul>
                    
                    <li><a href="#17062429-ea75-4ee0-89fd-df755773073d">SoftwareManagement.Plugin.apama_plugin_remove</a></li>
                    
                </ul>
                </li>
                
            
                
                <li>ApamaPluginUpdateTest
                <ul>
                    
                    <li><a href="#b2502921-d582-4e70-8156-ac564b8501d9">SoftwareManagement.Plugin.apama_plugin_update</a></li>
                    
                </ul>
                </li>
                
            
                
                <li>SMDockerInstallRemove
                <ul>
                    
                    <li><a href="#331f16ca-c997-4ef8-9915-b529a688b59e">SoftwareManagement.sm_docker_install_remove_multiple</a></li>
                    
                </ul>
                </li>
                
            
                
                <li>DockerPluginFinalizeTest
                <ul>
                    
                    <li><a href="#11385cae-a1bc-45f4-884f-aa35f343618f">docker_plugin_finalize</a></li>
                    
                </ul>
                </li>
                
            
                
                <li>DockerPluginInstallTest
                <ul>
                    
                    <li><a href="#998694f5-8b36-4ce4-9104-6a2c806b6b52">docker_plugin_install</a></li>
                    
                </ul>
                </li>
                
            
                
                <li>DockerPluginInstallWithVersionTest
                <ul>
                    
                    <li><a href="#45d3d079-2e9b-45fc-8959-88b24531c37a">docker_plugin_install_with_version</a></li>
                    
                </ul>
                </li>
                
            
                
                <li>DockerPluginRemoveTest
                <ul>
                    
                    <li><a href="#323ca7e2-2221-4b46-a4dc-315133e6584a">docker_plugin_remove</a></li>
                    
                </ul>
                </li>
                
            
                
                <li>DockerPluginRemoveWithVersionTest
                <ul>
                    
                    <li><a href="#14f42352-1911-4d79-85f0-1e094ec244c4">docker_plugin_remove_with_version</a></li>
                    
                </ul>
                </li>
                
            
                
                <li>DockerPluginUpdateTest
                <ul>
                    
                    <li><a href="#e95d8d52-5d67-4f2b-bbb6-c9c7289750b6">docker_plugin_update</a></li>
                    
                </ul>
                </li>
                
            
            </ul>
        </td>
        <td class="failure-index">
            <ul class="toc">
            
                
                    
                    
                    <li><a href="#1cd267f8-d200-4df5-990b-9162b5ed1fcf">[F] AptInstallWithDownloadPath : SoftwareManagement.sm_apt_install_download_path</a></li>
                    
                    
                
            
                
                    
                    
                    <li><a href="#52913816-9bd0-448d-aa13-71f412be6048">[F] PySysTest : SoftwareManagement.sm_apt_install_fail</a></li>
                    
                    
                
            
                
                    
                    
                    <li><a href="#c8835ace-5d6d-4339-a98d-aa43fa2ee884">[F] PySysTest : SoftwareManagement.sm_apt_install_remove</a></li>
                    
                    
                
            
                
                    
                    
                    <li><a href="#997806c1-98b6-49cc-925e-c8967cbce87f">[F] PySysTest : SoftwareManagement.sm_apt_install_remove_default</a></li>
                    
                    
                
            
                
                    
                    
                    <li><a href="#50b1beee-5678-4f09-9908-6af8b7c30853">[F] PySysTest : SoftwareManagement.sm_apt_install_remove_multiple</a></li>
                    
                    
                
            
                
                    
                    
                    <li><a href="#e5207d9d-86bb-4e66-a4e8-fd7fb7200953">[F] PySysTest : SoftwareManagement.sm_apt_install_remove_multiple_mixed</a></li>
                    
                    
                
            
                
                    
                    
                    <li><a href="#425a9a6c-c316-4046-869a-8663a185826a">[F] PySysTest : SoftwareManagement.sm_apt_install_remove_with_version</a></li>
                    
                    
                
            
                
                    
                    
                    
                
            
                
                    
                    
                    
                
            
                
                    
                    
                    
                
            
                
                    
                    
                    
                
            
                
                    
                    
                    
                
            
                
                    
                    
                    
                
            
                
                    
                    
                    
                
            
                
                    
                    
                    
                
            
                
                    
                    
                    
                
            
                
                    
                    
                    
                
            
                
                    
                    
                    
                
            
                
                    
                    
                    
                
            
                
                    
                    
                    
                
            
                
                    
                    
                    
                
            
                
                    
                    
                    
                
            
                
                    
                    
                    
                
            
                
                    
                    
                    
                
            
                
                    
                    
                    
                
            
                
                    
                    
                    
                
            
                
                    
                    
                    
                
            
                
                    
                    
                    
                
            
                
                    
                    
                    
                
            
                
                    
                    
                    
                
            
                
                    
                    
                    <li><a href="#b2502921-d582-4e70-8156-ac564b8501d9">[F] ApamaPluginUpdateTest : SoftwareManagement.Plugin.apama_plugin_update</a></li>
                    
                    
                
            
                
                    
                    
                    <li><a href="#331f16ca-c997-4ef8-9915-b529a688b59e">[F] SMDockerInstallRemove : SoftwareManagement.sm_docker_install_remove_multiple</a></li>
                    
                    
                
            
                
                    
                    
                    <li><a href="#11385cae-a1bc-45f4-884f-aa35f343618f">[F] DockerPluginFinalizeTest : docker_plugin_finalize</a></li>
                    
                    
                
            
                
                    
                    
                    <li><a href="#998694f5-8b36-4ce4-9104-6a2c806b6b52">[F] DockerPluginInstallTest : docker_plugin_install</a></li>
                    
                    
                
            
                
                    
                    
                    <li><a href="#45d3d079-2e9b-45fc-8959-88b24531c37a">[F] DockerPluginInstallWithVersionTest : docker_plugin_install_with_version</a></li>
                    
                    
                
            
                
                    
                    
                    <li><a href="#323ca7e2-2221-4b46-a4dc-315133e6584a">[F] DockerPluginRemoveTest : docker_plugin_remove</a></li>
                    
                    
                
            
                
                    
                    
                    <li><a href="#14f42352-1911-4d79-85f0-1e094ec244c4">[F] DockerPluginRemoveWithVersionTest : docker_plugin_remove_with_version</a></li>
                    
                    
                
            
                
                    
                    
                    <li><a href="#e95d8d52-5d67-4f2b-bbb6-c9c7289750b6">[F] DockerPluginUpdateTest : docker_plugin_update</a></li>
                    
                    
                
            
            </ul>
        </td>
    </tr>
</table>


    <div class="testsuite">
        <h2>Test Suite: SoftwareManagement.sm_apt_install_download_path</h2>
        <a id="d2de352d-5caf-493d-8d5d-a5939a924a97"></a>
        
        
        <h3>Results</h3>
        <table class="proplist">
            <tr>
                <th>Duration</th><td>0.0 sec</td>
            </tr>
            <tr>
                <th>Tests</th><td>1</td>
            </tr>
            <tr>
                <th>Failures</th><td>1</td>
            </tr>
        </table>

        <div class="testclasses">
            <h3>Tests</h3>
            
            <div class="testclass">
                <h4>AptInstallWithDownloadPath</h4>
                <div class="testcases">
                
                    <div class="test outcome outcome-failed">
                        <a id="1cd267f8-d200-4df5-990b-9162b5ed1fcf"></a>
                        <table class="proplist">
                            <tr><th>Test case:</th><td><b>SoftwareManagement.sm_apt_install_download_path</b></td></tr>
                            <tr><th>Outcome:</th><td>Failed</td></tr>
                            <tr><th>Duration:</th><td>0.0 sec</td></tr>
                        
                            <tr><th>Failed</th><td>BLOCKED: TypeError: &#39;NoneType&#39; object is not iterable</td></tr>
                        
                        
                        </table>

                        
                        <pre>failed</pre>
                        
                        

                        
                        
                        <div class="stdout"><i>Stdout</i><br>
                            <pre>10:22:08 INFO  ==============================================================
10:22:08 INFO  Id:    SoftwareManagement.sm_apt_install_download_path
10:22:08 INFO  Dir:   software_management_end_to_end/
10:22:08 INFO  Title: Install package to directory specified in tedge config set tmp.path
10:22:08 INFO  ==============================================================
10:22:08 INFO  Using sw id database: {&#39;asciijump&#39;: &#39;5475369&#39;, &#39;robotfindskitten&#39;: &#39;5474869&#39;, &#39;squirrel3&#39;: &#39;5475279&#39;, &#39;rolldice&#39;: &#39;5152439&#39;, &#39;moon-buggy&#39;: &#39;5439204&#39;, &#39;apple&#39;: &#39;5495053&#39;, &#39;banana&#39;: &#39;5494888&#39;, &#39;cherry&#39;: &#39;5495382&#39;, &#39;watermelon&#39;: &#39;5494510&#39;, &#39;registry&#39;: &#39;8018911&#39;, &#39;hello-world&#39;: &#39;8021526&#39;, &#39;docker/getting-started&#39;: &#39;8021973&#39;, &#39;alpine&#39;: &#39;7991792&#39;}
10:22:08 INFO  EnvironmentC8y Setup
10:22:09 INFO  Executed systemctl&lt;serv_mapper1&gt;, exit status 3
10:22:24 INFO  Executed sudo&lt;tedge_connect_c8y&gt;, exit status 0, duration 14 secs
10:22:25 INFO  Executed sudo&lt;tedge_connect_c8y_test&gt;, exit status 0
10:22:26 INFO  Executed systemctl&lt;serv_mosq2&gt;, exit status 0
10:22:27 INFO  Executed systemctl&lt;serv_mapper3&gt;, exit status 0
10:22:29 ERROR No operations found, assuming it passed
10:22:30 WARN  TypeError occurred while running test - &#39;NoneType&#39; object is not iterable
Traceback (most recent call last):
  File &#34;/home/pi/env-pysys/lib/python3.7/site-packages/pysys/baserunner.py&#34;, line 1292, in __call__
    self.testObj.setup()
  File &#34;/home/pi/actions-runner/_work/thin-edge.io/thin-edge.io/tests/PySys/software_management_end_to_end/sm_apt_install_download_path/run.py&#34;, line 49, in setup
    self.assertThat(&#34;False == value&#34;, value=self.check_is_installed(&#34;rolldice&#34;))
  File &#34;/home/pi/actions-runner/_work/thin-edge.io/thin-edge.io/tests/PySys/software_management_end_to_end/environment_sm_management.py&#34;, line 398, in check_is_installed
    for package in package_list:
TypeError: &#39;NoneType&#39; object is not iterable
10:22:30 WARN  TypeError: &#39;NoneType&#39; object is not iterable ... blocked 
10:22:30 INFO  
10:22:30 INFO  cleanup:
10:22:31 INFO  Executed sudo, exit status 0
10:22:31 INFO  Executed sudo, exit status 0
10:22:35 INFO  Executed sudo&lt;tedge_disconnect_c8y&gt;, exit status 0
10:22:35 INFO  Restarting mosquitto too frequently in the last 10 seconds. It was only up for 3 seconds
10:22:35 INFO  Delaying execution by 8 seconds
10:22:57 INFO  Executed sudo&lt;tedge_connect_c8y&gt;, exit status 0, duration 14 secs
10:23:02 INFO  Executed sudo&lt;tedge_disconnect_c8y&gt;, exit status 0
10:23:02 INFO  Executed systemctl&lt;serv_mapper5&gt;, exit status 3
10:23:02 INFO  
10:23:02 INFO  Test duration: 54.36 secs
10:23:02 INFO  Test final outcome:  BLOCKED
10:23:02 INFO  Test outcome reason: TypeError: &#39;NoneType&#39; object is not iterable
10:23:02 INFO  
</pre>
                        </div>
                        
                        
                    </div>
                
                </div>
            </div>
            
        </div>
    </div>
    

    <div class="testsuite">
        <h2>Test Suite: SoftwareManagement.sm_apt_install_fail</h2>
        <a id="f26c9d6b-a43f-4ab6-9dfe-818bf62a9a27"></a>
        
        
        <h3>Results</h3>
        <table class="proplist">
            <tr>
                <th>Duration</th><td>0.0 sec</td>
            </tr>
            <tr>
                <th>Tests</th><td>1</td>
            </tr>
            <tr>
                <th>Failures</th><td>1</td>
            </tr>
        </table>

        <div class="testclasses">
            <h3>Tests</h3>
            
            <div class="testclass">
                <h4>PySysTest</h4>
                <div class="testcases">
                
                    <div class="test outcome outcome-failed">
                        <a id="52913816-9bd0-448d-aa13-71f412be6048"></a>
                        <table class="proplist">
                            <tr><th>Test case:</th><td><b>SoftwareManagement.sm_apt_install_fail</b></td></tr>
                            <tr><th>Outcome:</th><td>Failed</td></tr>
                            <tr><th>Duration:</th><td>0.0 sec</td></tr>
                        
                            <tr><th>Failed</th><td>BLOCKED: TypeError: &#39;NoneType&#39; object is not iterable</td></tr>
                        
                        
                        </table>

                        
                        <pre>failed</pre>
                        
                        

                        
                        
                        <div class="stdout"><i>Stdout</i><br>
                            <pre>10:23:03 INFO  ==============================================================
10:23:03 INFO  Id:    SoftwareManagement.sm_apt_install_fail
10:23:03 INFO  Dir:   software_management_end_to_end/
10:23:03 INFO  Title: Validate end to end behaviour for a failing installation
10:23:03 INFO  ==============================================================
10:23:03 INFO  Using sw id database: {&#39;asciijump&#39;: &#39;5475369&#39;, &#39;robotfindskitten&#39;: &#39;5474869&#39;, &#39;squirrel3&#39;: &#39;5475279&#39;, &#39;rolldice&#39;: &#39;5152439&#39;, &#39;moon-buggy&#39;: &#39;5439204&#39;, &#39;apple&#39;: &#39;5495053&#39;, &#39;banana&#39;: &#39;5494888&#39;, &#39;cherry&#39;: &#39;5495382&#39;, &#39;watermelon&#39;: &#39;5494510&#39;, &#39;registry&#39;: &#39;8018911&#39;, &#39;hello-world&#39;: &#39;8021526&#39;, &#39;docker/getting-started&#39;: &#39;8021973&#39;, &#39;alpine&#39;: &#39;7991792&#39;}
10:23:03 INFO  EnvironmentC8y Setup
10:23:03 INFO  Executed systemctl&lt;serv_mapper1&gt;, exit status 3
10:23:03 INFO  Restarting mosquitto too frequently in the last 10 seconds. It was only up for 5 seconds
10:23:03 INFO  Delaying execution by 6 seconds
10:23:24 INFO  Executed sudo&lt;tedge_connect_c8y&gt;, exit status 0, duration 15 secs
10:23:25 INFO  Executed sudo&lt;tedge_connect_c8y_test&gt;, exit status 0
10:23:25 INFO  Executed systemctl&lt;serv_mosq2&gt;, exit status 0
10:23:26 INFO  Executed systemctl&lt;serv_mapper3&gt;, exit status 0
10:23:28 ERROR No operations found, assuming it passed
10:23:28 INFO  Response status: 201
10:23:28 INFO  Response to action: {
    &#34;delivery&#34;: {
        &#34;time&#34;: &#34;2022-04-14T10:23:28.739Z&#34;,
        &#34;log&#34;: [],
        &#34;status&#34;: &#34;PENDING&#34;
    },
    &#34;creationTime&#34;: &#34;2022-04-14T10:23:28.729Z&#34;,
    &#34;deviceName&#34;: &#34;mythicb&#34;,
    &#34;deviceId&#34;: &#34;17329985&#34;,
    &#34;self&#34;: &#34;https://t493319102.eu-latest.cumulocity.com/devicecontrol/operations/17330312&#34;,
    &#34;id&#34;: &#34;17330312&#34;,
    &#34;status&#34;: &#34;PENDING&#34;,
    &#34;description&#34;: &#34;Apply software changes, triggered from PySys: [{&#39;name&#39;: &#39;does_not_exist&#39;, &#39;id&#39;: &#39;5446165&#39;, &#39;version&#39;: &#39;::apt&#39;, &#39;url&#39;: &#39;&#39;, &#39;action&#39;: &#39;install&#39;}]&#34;,
    &#34;c8y_SoftwareUpdate&#34;: [
        {
            &#34;name&#34;: &#34;does_not_exist&#34;,
            &#34;action&#34;: &#34;install&#34;,
            &#34;id&#34;: &#34;5446165&#34;,
            &#34;version&#34;: &#34;::apt&#34;,
            &#34;url&#34;: &#34;&#34;
        }
    ]
}
10:23:28 INFO  Started operation: {&#39;delivery&#39;: {&#39;time&#39;: &#39;2022-04-14T10:23:28.739Z&#39;, &#39;log&#39;: [], &#39;status&#39;: &#39;PENDING&#39;}, &#39;creationTime&#39;: &#39;2022-04-14T10:23:28.729Z&#39;, &#39;deviceName&#39;: &#39;mythicb&#39;, &#39;deviceId&#39;: &#39;17329985&#39;, &#39;self&#39;: &#39;https://t493319102.eu-latest.cumulocity.com/devicecontrol/operations/17330312&#39;, &#39;id&#39;: &#39;17330312&#39;, &#39;status&#39;: &#39;PENDING&#39;, &#39;description&#39;: &#34;Apply software changes, triggered from PySys: [{&#39;name&#39;: &#39;does_not_exist&#39;, &#39;id&#39;: &#39;5446165&#39;, &#39;version&#39;: &#39;::apt&#39;, &#39;url&#39;: &#39;&#39;, &#39;action&#39;: &#39;install&#39;}]&#34;, &#39;c8y_SoftwareUpdate&#39;: [{&#39;name&#39;: &#39;does_not_exist&#39;, &#39;action&#39;: &#39;install&#39;, &#39;id&#39;: &#39;5446165&#39;, &#39;version&#39;: &#39;::apt&#39;, &#39;url&#39;: &#39;&#39;}]}
10:23:31 INFO  State of operation 17330312 : PENDING
10:23:33 INFO  State of operation 17330312 : EXECUTING
10:23:35 INFO  State of operation 17330312 : EXECUTING
10:23:37 INFO  State of operation 17330312 : EXECUTING
10:23:39 INFO  State of operation 17330312 : EXECUTING
10:23:42 INFO  State of operation 17330312 : EXECUTING
10:23:44 INFO  State of operation 17330312 : EXECUTING
10:23:47 INFO  State of operation 17330312 : EXECUTING
10:23:50 INFO  State of operation 17330312 : EXECUTING
10:23:52 INFO  State of operation 17330312 : EXECUTING
10:23:54 INFO  State of operation 17330312 : EXECUTING
10:23:56 INFO  State of operation 17330312 : EXECUTING
10:23:59 INFO  State of operation 17330312 : EXECUTING
10:24:01 INFO  State of operation 17330312 : EXECUTING
10:24:03 INFO  State of operation 17330312 : EXECUTING
10:24:05 INFO  State of operation 17330312 : EXECUTING
10:24:08 INFO  State of operation 17330312 : EXECUTING
10:24:11 INFO  State of operation 17330312 : EXECUTING
10:24:13 INFO  State of operation 17330312 : EXECUTING
10:24:15 INFO  State of operation 17330312 : EXECUTING
10:24:17 INFO  State of operation 17330312 : FAILED
10:24:18 WARN  TypeError occurred while running test - &#39;NoneType&#39; object is not iterable
Traceback (most recent call last):
  File &#34;/home/pi/env-pysys/lib/python3.7/site-packages/pysys/baserunner.py&#34;, line 1296, in __call__
    self.testObj.validate()
  File &#34;/home/pi/actions-runner/_work/thin-edge.io/thin-edge.io/tests/PySys/software_management_end_to_end/sm_apt_install_fail/run.py&#34;, line 31, in validate
    &#34;False == value&#34;, value=self.check_is_installed(&#34;does_not_exist&#34;)
  File &#34;/home/pi/actions-runner/_work/thin-edge.io/thin-edge.io/tests/PySys/software_management_end_to_end/environment_sm_management.py&#34;, line 398, in check_is_installed
    for package in package_list:
TypeError: &#39;NoneType&#39; object is not iterable
10:24:18 WARN  TypeError: &#39;NoneType&#39; object is not iterable ... blocked 
10:24:18 INFO  
10:24:18 INFO  cleanup:
10:24:22 INFO  Executed sudo&lt;tedge_disconnect_c8y&gt;, exit status 0
10:24:23 INFO  Executed systemctl&lt;serv_mapper5&gt;, exit status 3
10:24:23 INFO  
10:24:23 INFO  Test duration: 80.27 secs
10:24:23 INFO  Test final outcome:  BLOCKED
10:24:23 INFO  Test outcome reason: TypeError: &#39;NoneType&#39; object is not iterable
10:24:23 INFO  
</pre>
                        </div>
                        
                        
                    </div>
                
                </div>
            </div>
            
        </div>
    </div>
    

    <div class="testsuite">
        <h2>Test Suite: SoftwareManagement.sm_apt_install_remove</h2>
        <a id="65a58e48-b315-4427-8ae5-55434ac9f5cc"></a>
        
        
        <h3>Results</h3>
        <table class="proplist">
            <tr>
                <th>Duration</th><td>0.0 sec</td>
            </tr>
            <tr>
                <th>Tests</th><td>1</td>
            </tr>
            <tr>
                <th>Failures</th><td>1</td>
            </tr>
        </table>

        <div class="testclasses">
            <h3>Tests</h3>
            
            <div class="testclass">
                <h4>PySysTest</h4>
                <div class="testcases">
                
                    <div class="test outcome outcome-failed">
                        <a id="c8835ace-5d6d-4339-a98d-aa43fa2ee884"></a>
                        <table class="proplist">
                            <tr><th>Test case:</th><td><b>SoftwareManagement.sm_apt_install_remove</b></td></tr>
                            <tr><th>Outcome:</th><td>Failed</td></tr>
                            <tr><th>Duration:</th><td>0.0 sec</td></tr>
                        
                            <tr><th>Failed</th><td>BLOCKED: TypeError: &#39;NoneType&#39; object is not iterable</td></tr>
                        
                        
                        </table>

                        
                        <pre>failed</pre>
                        
                        

                        
                        
                        <div class="stdout"><i>Stdout</i><br>
                            <pre>10:24:23 INFO  ==============================================================
10:24:23 INFO  Id:    SoftwareManagement.sm_apt_install_remove
10:24:23 INFO  Dir:   software_management_end_to_end/
10:24:23 INFO  Title: Validate end to end behaviour for the apt plugin for installation and removal of packages
10:24:23 INFO  ==============================================================
10:24:23 INFO  Using sw id database: {&#39;asciijump&#39;: &#39;5475369&#39;, &#39;robotfindskitten&#39;: &#39;5474869&#39;, &#39;squirrel3&#39;: &#39;5475279&#39;, &#39;rolldice&#39;: &#39;5152439&#39;, &#39;moon-buggy&#39;: &#39;5439204&#39;, &#39;apple&#39;: &#39;5495053&#39;, &#39;banana&#39;: &#39;5494888&#39;, &#39;cherry&#39;: &#39;5495382&#39;, &#39;watermelon&#39;: &#39;5494510&#39;, &#39;registry&#39;: &#39;8018911&#39;, &#39;hello-world&#39;: &#39;8021526&#39;, &#39;docker/getting-started&#39;: &#39;8021973&#39;, &#39;alpine&#39;: &#39;7991792&#39;}
10:24:23 INFO  EnvironmentC8y Setup
10:24:23 INFO  Executed systemctl&lt;serv_mapper1&gt;, exit status 3
10:24:24 INFO  Restarting mosquitto too frequently in the last 10 seconds. It was only up for 6 seconds
10:24:24 INFO  Delaying execution by 5 seconds
10:24:43 INFO  Executed sudo&lt;tedge_connect_c8y&gt;, exit status 0, duration 14 secs
10:24:44 INFO  Executed sudo&lt;tedge_connect_c8y_test&gt;, exit status 0
10:24:44 INFO  Executed systemctl&lt;serv_mosq2&gt;, exit status 0
10:24:45 INFO  Executed systemctl&lt;serv_mapper3&gt;, exit status 0
10:24:47 INFO  State of current operation: FAILED
10:24:47 WARN  TypeError occurred while running test - &#39;NoneType&#39; object is not iterable
Traceback (most recent call last):
  File &#34;/home/pi/env-pysys/lib/python3.7/site-packages/pysys/baserunner.py&#34;, line 1292, in __call__
    self.testObj.setup()
  File &#34;/home/pi/actions-runner/_work/thin-edge.io/thin-edge.io/tests/PySys/software_management_end_to_end/sm_apt_install_remove/run.py&#34;, line 28, in setup
    if self.check_is_installed(&#34;rolldice&#34;):
  File &#34;/home/pi/actions-runner/_work/thin-edge.io/thin-edge.io/tests/PySys/software_management_end_to_end/environment_sm_management.py&#34;, line 398, in check_is_installed
    for package in package_list:
TypeError: &#39;NoneType&#39; object is not iterable
10:24:47 WARN  TypeError: &#39;NoneType&#39; object is not iterable ... blocked 
10:24:47 INFO  
10:24:47 INFO  cleanup:
10:24:52 INFO  Executed sudo&lt;tedge_disconnect_c8y&gt;, exit status 0
10:24:52 INFO  Executed systemctl&lt;serv_mapper5&gt;, exit status 3
10:24:52 INFO  
10:24:52 INFO  Test duration: 29.28 secs
10:24:52 INFO  Test final outcome:  BLOCKED
10:24:52 INFO  Test outcome reason: TypeError: &#39;NoneType&#39; object is not iterable
10:24:52 INFO  
</pre>
                        </div>
                        
                        
                    </div>
                
                </div>
            </div>
            
        </div>
    </div>
    

    <div class="testsuite">
        <h2>Test Suite: SoftwareManagement.sm_apt_install_remove_default</h2>
        <a id="0114b8f8-0b0b-4ac7-92fb-b00765d550f5"></a>
        
        
        <h3>Results</h3>
        <table class="proplist">
            <tr>
                <th>Duration</th><td>0.0 sec</td>
            </tr>
            <tr>
                <th>Tests</th><td>1</td>
            </tr>
            <tr>
                <th>Failures</th><td>1</td>
            </tr>
        </table>

        <div class="testclasses">
            <h3>Tests</h3>
            
            <div class="testclass">
                <h4>PySysTest</h4>
                <div class="testcases">
                
                    <div class="test outcome outcome-failed">
                        <a id="997806c1-98b6-49cc-925e-c8967cbce87f"></a>
                        <table class="proplist">
                            <tr><th>Test case:</th><td><b>SoftwareManagement.sm_apt_install_remove_default</b></td></tr>
                            <tr><th>Outcome:</th><td>Failed</td></tr>
                            <tr><th>Duration:</th><td>0.0 sec</td></tr>
                        
                            <tr><th>Failed</th><td>BLOCKED: TypeError: &#39;NoneType&#39; object is not iterable</td></tr>
                        
                        
                        </table>

                        
                        <pre>failed</pre>
                        
                        

                        
                        
                        <div class="stdout"><i>Stdout</i><br>
                            <pre>10:24:52 INFO  ==============================================================
10:24:52 INFO  Id:    SoftwareManagement.sm_apt_install_remove_default
10:24:52 INFO  Dir:   software_management_end_to_end/
10:24:52 INFO  Title: Validate end to end behaviour for the default plugin for installation and removal of packages
10:24:52 INFO  ==============================================================
10:24:52 INFO  Using sw id database: {&#39;asciijump&#39;: &#39;5475369&#39;, &#39;robotfindskitten&#39;: &#39;5474869&#39;, &#39;squirrel3&#39;: &#39;5475279&#39;, &#39;rolldice&#39;: &#39;5152439&#39;, &#39;moon-buggy&#39;: &#39;5439204&#39;, &#39;apple&#39;: &#39;5495053&#39;, &#39;banana&#39;: &#39;5494888&#39;, &#39;cherry&#39;: &#39;5495382&#39;, &#39;watermelon&#39;: &#39;5494510&#39;, &#39;registry&#39;: &#39;8018911&#39;, &#39;hello-world&#39;: &#39;8021526&#39;, &#39;docker/getting-started&#39;: &#39;8021973&#39;, &#39;alpine&#39;: &#39;7991792&#39;}
10:24:52 INFO  EnvironmentC8y Setup
10:24:53 INFO  Executed systemctl&lt;serv_mapper1&gt;, exit status 3
10:24:53 INFO  Restarting mosquitto too frequently in the last 10 seconds. It was only up for 5 seconds
10:24:53 INFO  Delaying execution by 6 seconds
10:25:13 INFO  Executed sudo&lt;tedge_connect_c8y&gt;, exit status 0, duration 14 secs
10:25:14 INFO  Executed sudo&lt;tedge_connect_c8y_test&gt;, exit status 0
10:25:14 INFO  Executed systemctl&lt;serv_mosq2&gt;, exit status 0
10:25:15 INFO  Executed systemctl&lt;serv_mapper3&gt;, exit status 0
10:25:17 INFO  State of current operation: FAILED
10:25:17 WARN  TypeError occurred while running test - &#39;NoneType&#39; object is not iterable
Traceback (most recent call last):
  File &#34;/home/pi/env-pysys/lib/python3.7/site-packages/pysys/baserunner.py&#34;, line 1292, in __call__
    self.testObj.setup()
  File &#34;/home/pi/actions-runner/_work/thin-edge.io/thin-edge.io/tests/PySys/software_management_end_to_end/sm_apt_install_remove_default/run.py&#34;, line 27, in setup
    self.assertThat(&#34;False == value&#34;, value=self.check_is_installed(&#34;rolldice&#34;))
  File &#34;/home/pi/actions-runner/_work/thin-edge.io/thin-edge.io/tests/PySys/software_management_end_to_end/environment_sm_management.py&#34;, line 398, in check_is_installed
    for package in package_list:
TypeError: &#39;NoneType&#39; object is not iterable
10:25:17 WARN  TypeError: &#39;NoneType&#39; object is not iterable ... blocked 
10:25:17 INFO  
10:25:17 INFO  cleanup:
10:25:22 INFO  Executed sudo&lt;tedge_disconnect_c8y&gt;, exit status 0
10:25:22 INFO  Executed systemctl&lt;serv_mapper5&gt;, exit status 3
10:25:22 INFO  
10:25:22 INFO  Test duration: 30.12 secs
10:25:22 INFO  Test final outcome:  BLOCKED
10:25:22 INFO  Test outcome reason: TypeError: &#39;NoneType&#39; object is not iterable
10:25:22 INFO  
</pre>
                        </div>
                        
                        
                    </div>
                
                </div>
            </div>
            
        </div>
    </div>
    

    <div class="testsuite">
        <h2>Test Suite: SoftwareManagement.sm_apt_install_remove_multiple</h2>
        <a id="93724da6-fca7-423c-872b-43d140b4d9fb"></a>
        
        
        <h3>Results</h3>
        <table class="proplist">
            <tr>
                <th>Duration</th><td>0.0 sec</td>
            </tr>
            <tr>
                <th>Tests</th><td>1</td>
            </tr>
            <tr>
                <th>Failures</th><td>1</td>
            </tr>
        </table>

        <div class="testclasses">
            <h3>Tests</h3>
            
            <div class="testclass">
                <h4>PySysTest</h4>
                <div class="testcases">
                
                    <div class="test outcome outcome-failed">
                        <a id="50b1beee-5678-4f09-9908-6af8b7c30853"></a>
                        <table class="proplist">
                            <tr><th>Test case:</th><td><b>SoftwareManagement.sm_apt_install_remove_multiple</b></td></tr>
                            <tr><th>Outcome:</th><td>Failed</td></tr>
                            <tr><th>Duration:</th><td>0.0 sec</td></tr>
                        
                            <tr><th>Failed</th><td>BLOCKED: TypeError: &#39;NoneType&#39; object is not iterable</td></tr>
                        
                        
                        </table>

                        
                        <pre>failed</pre>
                        
                        

                        
                        
                        <div class="stdout"><i>Stdout</i><br>
                            <pre>10:25:22 INFO  ==============================================================
10:25:22 INFO  Id:    SoftwareManagement.sm_apt_install_remove_multiple
10:25:22 INFO  Dir:   software_management_end_to_end/
10:25:22 INFO  Title: Validate end to end behaviour for the apt plugin for multiple packages
10:25:22 INFO  ==============================================================
10:25:22 INFO  Using sw id database: {&#39;asciijump&#39;: &#39;5475369&#39;, &#39;robotfindskitten&#39;: &#39;5474869&#39;, &#39;squirrel3&#39;: &#39;5475279&#39;, &#39;rolldice&#39;: &#39;5152439&#39;, &#39;moon-buggy&#39;: &#39;5439204&#39;, &#39;apple&#39;: &#39;5495053&#39;, &#39;banana&#39;: &#39;5494888&#39;, &#39;cherry&#39;: &#39;5495382&#39;, &#39;watermelon&#39;: &#39;5494510&#39;, &#39;registry&#39;: &#39;8018911&#39;, &#39;hello-world&#39;: &#39;8021526&#39;, &#39;docker/getting-started&#39;: &#39;8021973&#39;, &#39;alpine&#39;: &#39;7991792&#39;}
10:25:22 INFO  EnvironmentC8y Setup
10:25:23 INFO  Executed systemctl&lt;serv_mapper1&gt;, exit status 3
10:25:23 INFO  Restarting mosquitto too frequently in the last 10 seconds. It was only up for 5 seconds
10:25:23 INFO  Delaying execution by 6 seconds
10:25:44 INFO  Executed sudo&lt;tedge_connect_c8y&gt;, exit status 0, duration 14 secs
10:25:44 INFO  Executed sudo&lt;tedge_connect_c8y_test&gt;, exit status 0
10:25:45 INFO  Executed systemctl&lt;serv_mosq2&gt;, exit status 0
10:25:45 INFO  Executed systemctl&lt;serv_mapper3&gt;, exit status 0
10:25:48 INFO  State of current operation: FAILED
10:25:48 WARN  TypeError occurred while running test - &#39;NoneType&#39; object is not iterable
Traceback (most recent call last):
  File &#34;/home/pi/env-pysys/lib/python3.7/site-packages/pysys/baserunner.py&#34;, line 1292, in __call__
    self.testObj.setup()
  File &#34;/home/pi/actions-runner/_work/thin-edge.io/thin-edge.io/tests/PySys/software_management_end_to_end/sm_apt_install_remove_multiple/run.py&#34;, line 54, in setup
    self.assertThat(&#34;False == value&#34;, value=self.check_is_installed(&#34;rolldice&#34;))
  File &#34;/home/pi/actions-runner/_work/thin-edge.io/thin-edge.io/tests/PySys/software_management_end_to_end/environment_sm_management.py&#34;, line 398, in check_is_installed
    for package in package_list:
TypeError: &#39;NoneType&#39; object is not iterable
10:25:48 WARN  TypeError: &#39;NoneType&#39; object is not iterable ... blocked 
10:25:48 INFO  
10:25:48 INFO  cleanup:
10:25:52 INFO  Executed sudo&lt;tedge_disconnect_c8y&gt;, exit status 0
10:25:53 INFO  Executed systemctl&lt;serv_mapper5&gt;, exit status 3
10:25:53 INFO  
10:25:53 INFO  Test duration: 30.36 secs
10:25:53 INFO  Test final outcome:  BLOCKED
10:25:53 INFO  Test outcome reason: TypeError: &#39;NoneType&#39; object is not iterable
10:25:53 INFO  
</pre>
                        </div>
                        
                        
                    </div>
                
                </div>
            </div>
            
        </div>
    </div>
    

    <div class="testsuite">
        <h2>Test Suite: SoftwareManagement.sm_apt_install_remove_multiple_mixed</h2>
        <a id="41766f9b-c13d-4ec0-a4a4-7da08b604e2a"></a>
        
        
        <h3>Results</h3>
        <table class="proplist">
            <tr>
                <th>Duration</th><td>0.0 sec</td>
            </tr>
            <tr>
                <th>Tests</th><td>1</td>
            </tr>
            <tr>
                <th>Failures</th><td>1</td>
            </tr>
        </table>

        <div class="testclasses">
            <h3>Tests</h3>
            
            <div class="testclass">
                <h4>PySysTest</h4>
                <div class="testcases">
                
                    <div class="test outcome outcome-failed">
                        <a id="e5207d9d-86bb-4e66-a4e8-fd7fb7200953"></a>
                        <table class="proplist">
                            <tr><th>Test case:</th><td><b>SoftwareManagement.sm_apt_install_remove_multiple_mixed</b></td></tr>
                            <tr><th>Outcome:</th><td>Failed</td></tr>
                            <tr><th>Duration:</th><td>0.0 sec</td></tr>
                        
                            <tr><th>Failed</th><td>BLOCKED: TypeError: &#39;NoneType&#39; object is not iterable</td></tr>
                        
                        
                        </table>

                        
                        <pre>failed</pre>
                        
                        

                        
                        
                        <div class="stdout"><i>Stdout</i><br>
                            <pre>10:25:53 INFO  ==============================================================
10:25:53 INFO  Id:    SoftwareManagement.sm_apt_install_remove_multiple_mixed
10:25:53 INFO  Dir:   software_management_end_to_end/
10:25:53 INFO  Title: Validate end to end behaviour for the apt plugin for multiple packages with mixed versions
10:25:53 INFO  ==============================================================
10:25:53 INFO  Using sw id database: {&#39;asciijump&#39;: &#39;5475369&#39;, &#39;robotfindskitten&#39;: &#39;5474869&#39;, &#39;squirrel3&#39;: &#39;5475279&#39;, &#39;rolldice&#39;: &#39;5152439&#39;, &#39;moon-buggy&#39;: &#39;5439204&#39;, &#39;apple&#39;: &#39;5495053&#39;, &#39;banana&#39;: &#39;5494888&#39;, &#39;cherry&#39;: &#39;5495382&#39;, &#39;watermelon&#39;: &#39;5494510&#39;, &#39;registry&#39;: &#39;8018911&#39;, &#39;hello-world&#39;: &#39;8021526&#39;, &#39;docker/getting-started&#39;: &#39;8021973&#39;, &#39;alpine&#39;: &#39;7991792&#39;}
10:25:53 INFO  EnvironmentC8y Setup
10:25:53 INFO  Executed systemctl&lt;serv_mapper1&gt;, exit status 3
10:25:53 INFO  Restarting mosquitto too frequently in the last 10 seconds. It was only up for 4 seconds
10:25:53 INFO  Delaying execution by 7 seconds
10:26:15 INFO  Executed sudo&lt;tedge_connect_c8y&gt;, exit status 0, duration 14 secs
10:26:15 INFO  Executed sudo&lt;tedge_connect_c8y_test&gt;, exit status 0
10:26:16 INFO  Executed systemctl&lt;serv_mosq2&gt;, exit status 0
10:26:16 INFO  Executed systemctl&lt;serv_mapper3&gt;, exit status 0
10:26:19 INFO  State of current operation: FAILED
10:26:19 WARN  TypeError occurred while running test - &#39;NoneType&#39; object is not iterable
Traceback (most recent call last):
  File &#34;/home/pi/env-pysys/lib/python3.7/site-packages/pysys/baserunner.py&#34;, line 1292, in __call__
    self.testObj.setup()
  File &#34;/home/pi/actions-runner/_work/thin-edge.io/thin-edge.io/tests/PySys/software_management_end_to_end/sm_apt_install_remove_multiple_mixed/run.py&#34;, line 75, in setup
    self.assertThat(&#34;False == value&#34;, value=self.check_is_installed(&#34;asciijump&#34;))
  File &#34;/home/pi/actions-runner/_work/thin-edge.io/thin-edge.io/tests/PySys/software_management_end_to_end/environment_sm_management.py&#34;, line 398, in check_is_installed
    for package in package_list:
TypeError: &#39;NoneType&#39; object is not iterable
10:26:19 WARN  TypeError: &#39;NoneType&#39; object is not iterable ... blocked 
10:26:19 INFO  
10:26:19 INFO  cleanup:
10:26:23 INFO  Executed sudo&lt;tedge_disconnect_c8y&gt;, exit status 0
10:26:24 INFO  Executed systemctl&lt;serv_mapper5&gt;, exit status 3
10:26:24 INFO  
10:26:24 INFO  Test duration: 30.97 secs
10:26:24 INFO  Test final outcome:  BLOCKED
10:26:24 INFO  Test outcome reason: TypeError: &#39;NoneType&#39; object is not iterable
10:26:24 INFO  
</pre>
                        </div>
                        
                        
                    </div>
                
                </div>
            </div>
            
        </div>
    </div>
    

    <div class="testsuite">
        <h2>Test Suite: SoftwareManagement.sm_apt_install_remove_with_version</h2>
        <a id="efd300a0-89ca-44ea-826b-b05d51016964"></a>
        
        
        <h3>Results</h3>
        <table class="proplist">
            <tr>
                <th>Duration</th><td>0.0 sec</td>
            </tr>
            <tr>
                <th>Tests</th><td>1</td>
            </tr>
            <tr>
                <th>Failures</th><td>1</td>
            </tr>
        </table>

        <div class="testclasses">
            <h3>Tests</h3>
            
            <div class="testclass">
                <h4>PySysTest</h4>
                <div class="testcases">
                
                    <div class="test outcome outcome-failed">
                        <a id="425a9a6c-c316-4046-869a-8663a185826a"></a>
                        <table class="proplist">
                            <tr><th>Test case:</th><td><b>SoftwareManagement.sm_apt_install_remove_with_version</b></td></tr>
                            <tr><th>Outcome:</th><td>Failed</td></tr>
                            <tr><th>Duration:</th><td>0.0 sec</td></tr>
                        
                            <tr><th>Failed</th><td>BLOCKED: TypeError: &#39;NoneType&#39; object is not iterable</td></tr>
                        
                        
                        </table>

                        
                        <pre>failed</pre>
                        
                        

                        
                        
                        <div class="stdout"><i>Stdout</i><br>
                            <pre>10:26:24 INFO  ==============================================================
10:26:24 INFO  Id:    SoftwareManagement.sm_apt_install_remove_with_version
10:26:24 INFO  Dir:   software_management_end_to_end/
10:26:24 INFO  Title: Validate end to end behaviour for the apt plugin for packages with version
10:26:24 INFO  ==============================================================
10:26:24 INFO  Using sw id database: {&#39;asciijump&#39;: &#39;5475369&#39;, &#39;robotfindskitten&#39;: &#39;5474869&#39;, &#39;squirrel3&#39;: &#39;5475279&#39;, &#39;rolldice&#39;: &#39;5152439&#39;, &#39;moon-buggy&#39;: &#39;5439204&#39;, &#39;apple&#39;: &#39;5495053&#39;, &#39;banana&#39;: &#39;5494888&#39;, &#39;cherry&#39;: &#39;5495382&#39;, &#39;watermelon&#39;: &#39;5494510&#39;, &#39;registry&#39;: &#39;8018911&#39;, &#39;hello-world&#39;: &#39;8021526&#39;, &#39;docker/getting-started&#39;: &#39;8021973&#39;, &#39;alpine&#39;: &#39;7991792&#39;}
10:26:24 INFO  EnvironmentC8y Setup
10:26:24 INFO  Executed systemctl&lt;serv_mapper1&gt;, exit status 3
10:26:24 INFO  Restarting mosquitto too frequently in the last 10 seconds. It was only up for 5 seconds
10:26:24 INFO  Delaying execution by 6 seconds
10:26:45 INFO  Executed sudo&lt;tedge_connect_c8y&gt;, exit status 0, duration 14 secs
10:26:46 INFO  Executed sudo&lt;tedge_connect_c8y_test&gt;, exit status 0
10:26:46 INFO  Executed systemctl&lt;serv_mosq2&gt;, exit status 0
10:26:47 INFO  Executed systemctl&lt;serv_mapper3&gt;, exit status 0
10:26:49 INFO  State of current operation: FAILED
10:26:49 WARN  TypeError occurred while running test - &#39;NoneType&#39; object is not iterable
Traceback (most recent call last):
  File &#34;/home/pi/env-pysys/lib/python3.7/site-packages/pysys/baserunner.py&#34;, line 1292, in __call__
    self.testObj.setup()
  File &#34;/home/pi/actions-runner/_work/thin-edge.io/thin-edge.io/tests/PySys/software_management_end_to_end/sm_apt_install_remove_with_version/run.py&#34;, line 29, in setup
    self.assertThat(&#34;False == value&#34;, value=self.check_is_installed(&#34;rolldice&#34;))
  File &#34;/home/pi/actions-runner/_work/thin-edge.io/thin-edge.io/tests/PySys/software_management_end_to_end/environment_sm_management.py&#34;, line 398, in check_is_installed
    for package in package_list:
TypeError: &#39;NoneType&#39; object is not iterable
10:26:49 WARN  TypeError: &#39;NoneType&#39; object is not iterable ... blocked 
10:26:49 INFO  
10:26:49 INFO  cleanup:
10:26:54 INFO  Executed sudo&lt;tedge_disconnect_c8y&gt;, exit status 0
10:26:54 INFO  Executed systemctl&lt;serv_mapper5&gt;, exit status 3
10:26:54 INFO  
10:26:54 INFO  Test duration: 30.37 secs
10:26:54 INFO  Test final outcome:  BLOCKED
10:26:54 INFO  Test outcome reason: TypeError: &#39;NoneType&#39; object is not iterable
10:26:54 INFO  
</pre>
                        </div>
                        
                        
                    </div>
                
                </div>
            </div>
            
        </div>
    </div>
    

    <div class="testsuite">
        <h2>Test Suite: apt_fail_noarg</h2>
        <a id="7fda54f0-1a50-43eb-aeb7-5cc01be59f48"></a>
        
        
        <h3>Results</h3>
        <table class="proplist">
            <tr>
                <th>Duration</th><td>0.0 sec</td>
            </tr>
            <tr>
                <th>Tests</th><td>1</td>
            </tr>
            <tr>
                <th>Failures</th><td>0</td>
            </tr>
        </table>

        <div class="testclasses">
            <h3>Tests</h3>
            
            <div class="testclass">
                <h4>AptPluginFailNoArg</h4>
                <div class="testcases">
                
                    <div class="test outcome outcome-passed">
                        <a id="bd889908-226c-4831-a0c1-63535025bc77"></a>
                        <table class="proplist">
                            <tr><th>Test case:</th><td><b>apt_fail_noarg</b></td></tr>
                            <tr><th>Outcome:</th><td>Passed</td></tr>
                            <tr><th>Duration:</th><td>0.0 sec</td></tr>
                        
                            <tr><th>Failed</th><td>None</td></tr>
                        
                        
                        </table>

                        
                        <pre>None</pre>
                        
                        

                        
                        
                        
                    </div>
                
                </div>
            </div>
            
        </div>
    </div>
    

    <div class="testsuite">
        <h2>Test Suite: apt_finalize</h2>
        <a id="5cdf766b-3699-4a08-8193-180179c9e55e"></a>
        
        
        <h3>Results</h3>
        <table class="proplist">
            <tr>
                <th>Duration</th><td>0.0 sec</td>
            </tr>
            <tr>
                <th>Tests</th><td>1</td>
            </tr>
            <tr>
                <th>Failures</th><td>0</td>
            </tr>
        </table>

        <div class="testclasses">
            <h3>Tests</h3>
            
            <div class="testclass">
                <h4>AptPluginFinalize</h4>
                <div class="testcases">
                
                    <div class="test outcome outcome-passed">
                        <a id="f0e12911-60a1-48cd-9839-5b53737163b0"></a>
                        <table class="proplist">
                            <tr><th>Test case:</th><td><b>apt_finalize</b></td></tr>
                            <tr><th>Outcome:</th><td>Passed</td></tr>
                            <tr><th>Duration:</th><td>0.0 sec</td></tr>
                        
                            <tr><th>Failed</th><td>None</td></tr>
                        
                        
                        </table>

                        
                        <pre>None</pre>
                        
                        

                        
                        
                        
                    </div>
                
                </div>
            </div>
            
        </div>
    </div>
    

    <div class="testsuite">
        <h2>Test Suite: apt_install</h2>
        <a id="9c672e8f-db3b-400a-8c28-0db111d708e8"></a>
        
        
        <h3>Results</h3>
        <table class="proplist">
            <tr>
                <th>Duration</th><td>0.0 sec</td>
            </tr>
            <tr>
                <th>Tests</th><td>1</td>
            </tr>
            <tr>
                <th>Failures</th><td>0</td>
            </tr>
        </table>

        <div class="testclasses">
            <h3>Tests</h3>
            
            <div class="testclass">
                <h4>AptPluginInstallDense</h4>
                <div class="testcases">
                
                    <div class="test outcome outcome-passed">
                        <a id="d0a3f6b1-5f5b-4872-8fb4-a74925df52d2"></a>
                        <table class="proplist">
                            <tr><th>Test case:</th><td><b>apt_install</b></td></tr>
                            <tr><th>Outcome:</th><td>Passed</td></tr>
                            <tr><th>Duration:</th><td>0.0 sec</td></tr>
                        
                            <tr><th>Failed</th><td>None</td></tr>
                        
                        
                        </table>

                        
                        <pre>None</pre>
                        
                        

                        
                        
                        
                    </div>
                
                </div>
            </div>
            
        </div>
    </div>
    

    <div class="testsuite">
        <h2>Test Suite: apt_install_fail</h2>
        <a id="4f48a49a-45f4-438b-8b4b-0ab1361776c8"></a>
        
        
        <h3>Results</h3>
        <table class="proplist">
            <tr>
                <th>Duration</th><td>0.0 sec</td>
            </tr>
            <tr>
                <th>Tests</th><td>1</td>
            </tr>
            <tr>
                <th>Failures</th><td>0</td>
            </tr>
        </table>

        <div class="testclasses">
            <h3>Tests</h3>
            
            <div class="testclass">
                <h4>AptPluginInstallFail</h4>
                <div class="testcases">
                
                    <div class="test outcome outcome-passed">
                        <a id="d9aee1b9-0ee1-4e36-9634-6dde6175a53b"></a>
                        <table class="proplist">
                            <tr><th>Test case:</th><td><b>apt_install_fail</b></td></tr>
                            <tr><th>Outcome:</th><td>Passed</td></tr>
                            <tr><th>Duration:</th><td>0.0 sec</td></tr>
                        
                            <tr><th>Failed</th><td>None</td></tr>
                        
                        
                        </table>

                        
                        <pre>None</pre>
                        
                        

                        
                        
                        
                    </div>
                
                </div>
            </div>
            
        </div>
    </div>
    

    <div class="testsuite">
        <h2>Test Suite: apt_install_local_file</h2>
        <a id="fa91cfa8-82fd-4aff-baf5-bb7eb38204da"></a>
        
        
        <h3>Results</h3>
        <table class="proplist">
            <tr>
                <th>Duration</th><td>0.0 sec</td>
            </tr>
            <tr>
                <th>Tests</th><td>1</td>
            </tr>
            <tr>
                <th>Failures</th><td>0</td>
            </tr>
        </table>

        <div class="testclasses">
            <h3>Tests</h3>
            
            <div class="testclass">
                <h4>AptPluginInstallFromLocalFile</h4>
                <div class="testcases">
                
                    <div class="test outcome outcome-passed">
                        <a id="391f543f-de24-4469-8f4e-4ca377adb482"></a>
                        <table class="proplist">
                            <tr><th>Test case:</th><td><b>apt_install_local_file</b></td></tr>
                            <tr><th>Outcome:</th><td>Passed</td></tr>
                            <tr><th>Duration:</th><td>0.0 sec</td></tr>
                        
                            <tr><th>Failed</th><td>None</td></tr>
                        
                        
                        </table>

                        
                        <pre>None</pre>
                        
                        

                        
                        
                        
                    </div>
                
                </div>
            </div>
            
        </div>
    </div>
    

    <div class="testsuite">
        <h2>Test Suite: apt_install_local_file_fail</h2>
        <a id="23e6c99b-0401-4040-aa29-fd9ec6833607"></a>
        
        
        <h3>Results</h3>
        <table class="proplist">
            <tr>
                <th>Duration</th><td>0.0 sec</td>
            </tr>
            <tr>
                <th>Tests</th><td>1</td>
            </tr>
            <tr>
                <th>Failures</th><td>0</td>
            </tr>
        </table>

        <div class="testclasses">
            <h3>Tests</h3>
            
            <div class="testclass">
                <h4>AptPluginInstallFromLocalFileFail</h4>
                <div class="testcases">
                
                    <div class="test outcome outcome-passed">
                        <a id="42e285b8-a55f-46e0-ab86-f821f4bd9431"></a>
                        <table class="proplist">
                            <tr><th>Test case:</th><td><b>apt_install_local_file_fail</b></td></tr>
                            <tr><th>Outcome:</th><td>Passed</td></tr>
                            <tr><th>Duration:</th><td>0.0 sec</td></tr>
                        
                            <tr><th>Failed</th><td>None</td></tr>
                        
                        
                        </table>

                        
                        <pre>None</pre>
                        
                        

                        
                        
                        
                    </div>
                
                </div>
            </div>
            
        </div>
    </div>
    

    <div class="testsuite">
        <h2>Test Suite: apt_install_local_file_with_version</h2>
        <a id="d0ba802d-cb06-4904-9b79-4c83d1395013"></a>
        
        
        <h3>Results</h3>
        <table class="proplist">
            <tr>
                <th>Duration</th><td>0.0 sec</td>
            </tr>
            <tr>
                <th>Tests</th><td>1</td>
            </tr>
            <tr>
                <th>Failures</th><td>0</td>
            </tr>
        </table>

        <div class="testclasses">
            <h3>Tests</h3>
            
            <div class="testclass">
                <h4>AptPluginInstallFromLocalFileWithVersion</h4>
                <div class="testcases">
                
                    <div class="test outcome outcome-passed">
                        <a id="5d09358b-5d05-4d13-8681-46e52c82ff97"></a>
                        <table class="proplist">
                            <tr><th>Test case:</th><td><b>apt_install_local_file_with_version</b></td></tr>
                            <tr><th>Outcome:</th><td>Passed</td></tr>
                            <tr><th>Duration:</th><td>0.0 sec</td></tr>
                        
                            <tr><th>Failed</th><td>None</td></tr>
                        
                        
                        </table>

                        
                        <pre>None</pre>
                        
                        

                        
                        
                        
                    </div>
                
                </div>
            </div>
            
        </div>
    </div>
    

    <div class="testsuite">
        <h2>Test Suite: apt_install_local_file_with_version_fail</h2>
        <a id="664d5c41-6ed6-444a-b69f-37da0ad2d40c"></a>
        
        
        <h3>Results</h3>
        <table class="proplist">
            <tr>
                <th>Duration</th><td>0.0 sec</td>
            </tr>
            <tr>
                <th>Tests</th><td>1</td>
            </tr>
            <tr>
                <th>Failures</th><td>0</td>
            </tr>
        </table>

        <div class="testclasses">
            <h3>Tests</h3>
            
            <div class="testclass">
                <h4>AptPluginInstallFromLocalFileWithVersionFail</h4>
                <div class="testcases">
                
                    <div class="test outcome outcome-passed">
                        <a id="b659adce-9864-485d-99d2-605c4c2af419"></a>
                        <table class="proplist">
                            <tr><th>Test case:</th><td><b>apt_install_local_file_with_version_fail</b></td></tr>
                            <tr><th>Outcome:</th><td>Passed</td></tr>
                            <tr><th>Duration:</th><td>0.0 sec</td></tr>
                        
                            <tr><th>Failed</th><td>None</td></tr>
                        
                        
                        </table>

                        
                        <pre>None</pre>
                        
                        

                        
                        
                        
                    </div>
                
                </div>
            </div>
            
        </div>
    </div>
    

    <div class="testsuite">
        <h2>Test Suite: apt_list_format</h2>
        <a id="bbaaa6b5-187c-439b-a779-dc2b11b215eb"></a>
        
        
        <h3>Results</h3>
        <table class="proplist">
            <tr>
                <th>Duration</th><td>0.0 sec</td>
            </tr>
            <tr>
                <th>Tests</th><td>1</td>
            </tr>
            <tr>
                <th>Failures</th><td>0</td>
            </tr>
        </table>

        <div class="testclasses">
            <h3>Tests</h3>
            
            <div class="testclass">
                <h4>AptPluginListFormat</h4>
                <div class="testcases">
                
                    <div class="test outcome outcome-passed">
                        <a id="e136c5be-25cc-4eb8-8abc-73db26bd6812"></a>
                        <table class="proplist">
                            <tr><th>Test case:</th><td><b>apt_list_format</b></td></tr>
                            <tr><th>Outcome:</th><td>Passed</td></tr>
                            <tr><th>Duration:</th><td>0.0 sec</td></tr>
                        
                            <tr><th>Failed</th><td>None</td></tr>
                        
                        
                        </table>

                        
                        <pre>None</pre>
                        
                        

                        
                        
                        
                    </div>
                
                </div>
            </div>
            
        </div>
    </div>
    

    <div class="testsuite">
        <h2>Test Suite: apt_prepare</h2>
        <a id="d1ab725e-f4ed-46d8-a5c0-1636fc7f617b"></a>
        
        
        <h3>Results</h3>
        <table class="proplist">
            <tr>
                <th>Duration</th><td>0.0 sec</td>
            </tr>
            <tr>
                <th>Tests</th><td>1</td>
            </tr>
            <tr>
                <th>Failures</th><td>0</td>
            </tr>
        </table>

        <div class="testclasses">
            <h3>Tests</h3>
            
            <div class="testclass">
                <h4>AptPluginPrepare</h4>
                <div class="testcases">
                
                    <div class="test outcome outcome-passed">
                        <a id="bb726abd-9547-4ffb-bc3f-44d07a27cdf8"></a>
                        <table class="proplist">
                            <tr><th>Test case:</th><td><b>apt_prepare</b></td></tr>
                            <tr><th>Outcome:</th><td>Passed</td></tr>
                            <tr><th>Duration:</th><td>0.0 sec</td></tr>
                        
                            <tr><th>Failed</th><td>None</td></tr>
                        
                        
                        </table>

                        
                        <pre>None</pre>
                        
                        

                        
                        
                        
                    </div>
                
                </div>
            </div>
            
        </div>
    </div>
    

    <div class="testsuite">
        <h2>Test Suite: apt_prepare_install_finalize</h2>
        <a id="55c143e1-cf87-4317-83fa-035742a5cd85"></a>
        
        
        <h3>Results</h3>
        <table class="proplist">
            <tr>
                <th>Duration</th><td>0.0 sec</td>
            </tr>
            <tr>
                <th>Tests</th><td>1</td>
            </tr>
            <tr>
                <th>Failures</th><td>0</td>
            </tr>
        </table>

        <div class="testclasses">
            <h3>Tests</h3>
            
            <div class="testclass">
                <h4>AptPluginPrepareInstallFinalize</h4>
                <div class="testcases">
                
                    <div class="test outcome outcome-passed">
                        <a id="508d2bd3-665c-4291-bba1-0d42830b1590"></a>
                        <table class="proplist">
                            <tr><th>Test case:</th><td><b>apt_prepare_install_finalize</b></td></tr>
                            <tr><th>Outcome:</th><td>Passed</td></tr>
                            <tr><th>Duration:</th><td>0.0 sec</td></tr>
                        
                            <tr><th>Failed</th><td>None</td></tr>
                        
                        
                        </table>

                        
                        <pre>None</pre>
                        
                        

                        
                        
                        
                    </div>
                
                </div>
            </div>
            
        </div>
    </div>
    

    <div class="testsuite">
        <h2>Test Suite: apt_remove</h2>
        <a id="a6a88d06-46ab-417f-8873-8deecb36f999"></a>
        
        
        <h3>Results</h3>
        <table class="proplist">
            <tr>
                <th>Duration</th><td>0.0 sec</td>
            </tr>
            <tr>
                <th>Tests</th><td>1</td>
            </tr>
            <tr>
                <th>Failures</th><td>0</td>
            </tr>
        </table>

        <div class="testclasses">
            <h3>Tests</h3>
            
            <div class="testclass">
                <h4>AptPluginRemoveDense</h4>
                <div class="testcases">
                
                    <div class="test outcome outcome-passed">
                        <a id="3e3c0311-fd3c-4194-8324-f2872b2c7d10"></a>
                        <table class="proplist">
                            <tr><th>Test case:</th><td><b>apt_remove</b></td></tr>
                            <tr><th>Outcome:</th><td>Passed</td></tr>
                            <tr><th>Duration:</th><td>0.0 sec</td></tr>
                        
                            <tr><th>Failed</th><td>None</td></tr>
                        
                        
                        </table>

                        
                        <pre>None</pre>
                        
                        

                        
                        
                        
                    </div>
                
                </div>
            </div>
            
        </div>
    </div>
    

    <div class="testsuite">
        <h2>Test Suite: apt_remove_fail</h2>
        <a id="3f1ac8ac-4e51-41d7-b2dd-8d2f04dccda6"></a>
        
        
        <h3>Results</h3>
        <table class="proplist">
            <tr>
                <th>Duration</th><td>0.0 sec</td>
            </tr>
            <tr>
                <th>Tests</th><td>1</td>
            </tr>
            <tr>
                <th>Failures</th><td>0</td>
            </tr>
        </table>

        <div class="testclasses">
            <h3>Tests</h3>
            
            <div class="testclass">
                <h4>AptPluginRemoveFails</h4>
                <div class="testcases">
                
                    <div class="test outcome outcome-passed">
                        <a id="7417171b-3a22-44f0-a563-3766fe42519e"></a>
                        <table class="proplist">
                            <tr><th>Test case:</th><td><b>apt_remove_fail</b></td></tr>
                            <tr><th>Outcome:</th><td>Passed</td></tr>
                            <tr><th>Duration:</th><td>0.0 sec</td></tr>
                        
                            <tr><th>Failed</th><td>None</td></tr>
                        
                        
                        </table>

                        
                        <pre>None</pre>
                        
                        

                        
                        
                        
                    </div>
                
                </div>
            </div>
            
        </div>
    </div>
    

    <div class="testsuite">
        <h2>Test Suite: apt_sequence_install_with_version</h2>
        <a id="679b141d-8dab-41b7-aab5-36ffd71a44cf"></a>
        
        
        <h3>Results</h3>
        <table class="proplist">
            <tr>
                <th>Duration</th><td>0.0 sec</td>
            </tr>
            <tr>
                <th>Tests</th><td>1</td>
            </tr>
            <tr>
                <th>Failures</th><td>0</td>
            </tr>
        </table>

        <div class="testclasses">
            <h3>Tests</h3>
            
            <div class="testclass">
                <h4>AptPluginPrepInstallWithVersionFinalize</h4>
                <div class="testcases">
                
                    <div class="test outcome outcome-passed">
                        <a id="a5e22e09-a5ab-4730-9acd-e998588490c1"></a>
                        <table class="proplist">
                            <tr><th>Test case:</th><td><b>apt_sequence_install_with_version</b></td></tr>
                            <tr><th>Outcome:</th><td>Passed</td></tr>
                            <tr><th>Duration:</th><td>0.0 sec</td></tr>
                        
                            <tr><th>Failed</th><td>None</td></tr>
                        
                        
                        </table>

                        
                        <pre>None</pre>
                        
                        

                        
                        
                        
                    </div>
                
                </div>
            </div>
            
        </div>
    </div>
    

    <div class="testsuite">
        <h2>Test Suite: apt_sequence_install_with_version_fail</h2>
        <a id="dec0eeee-1c98-46fc-a36d-6ed53c16a603"></a>
        
        
        <h3>Results</h3>
        <table class="proplist">
            <tr>
                <th>Duration</th><td>0.0 sec</td>
            </tr>
            <tr>
                <th>Tests</th><td>1</td>
            </tr>
            <tr>
                <th>Failures</th><td>0</td>
            </tr>
        </table>

        <div class="testclasses">
            <h3>Tests</h3>
            
            <div class="testclass">
                <h4>AptPluginInstallWithVersionFails</h4>
                <div class="testcases">
                
                    <div class="test outcome outcome-passed">
                        <a id="c4b55d3a-e42b-438c-bbe6-ececb8fb677a"></a>
                        <table class="proplist">
                            <tr><th>Test case:</th><td><b>apt_sequence_install_with_version_fail</b></td></tr>
                            <tr><th>Outcome:</th><td>Passed</td></tr>
                            <tr><th>Duration:</th><td>0.0 sec</td></tr>
                        
                            <tr><th>Failed</th><td>None</td></tr>
                        
                        
                        </table>

                        
                        <pre>None</pre>
                        
                        

                        
                        
                        
                    </div>
                
                </div>
            </div>
            
        </div>
    </div>
    

    <div class="testsuite">
        <h2>Test Suite: apt_sequence_remove</h2>
        <a id="cec538f2-276e-4c23-8b67-eb0acba090c6"></a>
        
        
        <h3>Results</h3>
        <table class="proplist">
            <tr>
                <th>Duration</th><td>0.0 sec</td>
            </tr>
            <tr>
                <th>Tests</th><td>1</td>
            </tr>
            <tr>
                <th>Failures</th><td>0</td>
            </tr>
        </table>

        <div class="testclasses">
            <h3>Tests</h3>
            
            <div class="testclass">
                <h4>AptPluginInstallPrepareRemoveFinalize</h4>
                <div class="testcases">
                
                    <div class="test outcome outcome-passed">
                        <a id="bc2df4a1-29c4-468f-a554-b59def148abe"></a>
                        <table class="proplist">
                            <tr><th>Test case:</th><td><b>apt_sequence_remove</b></td></tr>
                            <tr><th>Outcome:</th><td>Passed</td></tr>
                            <tr><th>Duration:</th><td>0.0 sec</td></tr>
                        
                            <tr><th>Failed</th><td>None</td></tr>
                        
                        
                        </table>

                        
                        <pre>None</pre>
                        
                        

                        
                        
                        
                    </div>
                
                </div>
            </div>
            
        </div>
    </div>
    

    <div class="testsuite">
        <h2>Test Suite: apt_sequence_remove_with_version</h2>
        <a id="58939901-d934-4ec3-b076-5ded2d79b96d"></a>
        
        
        <h3>Results</h3>
        <table class="proplist">
            <tr>
                <th>Duration</th><td>0.0 sec</td>
            </tr>
            <tr>
                <th>Tests</th><td>1</td>
            </tr>
            <tr>
                <th>Failures</th><td>0</td>
            </tr>
        </table>

        <div class="testclasses">
            <h3>Tests</h3>
            
            <div class="testclass">
                <h4>AptPluginRemoveWithVersion</h4>
                <div class="testcases">
                
                    <div class="test outcome outcome-passed">
                        <a id="75c49e76-f036-4e45-a3d0-e8e5f9df02b9"></a>
                        <table class="proplist">
                            <tr><th>Test case:</th><td><b>apt_sequence_remove_with_version</b></td></tr>
                            <tr><th>Outcome:</th><td>Passed</td></tr>
                            <tr><th>Duration:</th><td>0.0 sec</td></tr>
                        
                            <tr><th>Failed</th><td>None</td></tr>
                        
                        
                        </table>

                        
                        <pre>None</pre>
                        
                        

                        
                        
                        
                    </div>
                
                </div>
            </div>
            
        </div>
    </div>
    

    <div class="testsuite">
        <h2>Test Suite: apt_sequence_remove_with_version_fail</h2>
        <a id="988626eb-5d64-43de-82c1-24a217999a3a"></a>
        
        
        <h3>Results</h3>
        <table class="proplist">
            <tr>
                <th>Duration</th><td>0.0 sec</td>
            </tr>
            <tr>
                <th>Tests</th><td>1</td>
            </tr>
            <tr>
                <th>Failures</th><td>0</td>
            </tr>
        </table>

        <div class="testclasses">
            <h3>Tests</h3>
            
            <div class="testclass">
                <h4>AptPluginRemoveWithVersionFails</h4>
                <div class="testcases">
                
                    <div class="test outcome outcome-passed">
                        <a id="4d29f30a-2af5-41ce-bce8-2212435e24d0"></a>
                        <table class="proplist">
                            <tr><th>Test case:</th><td><b>apt_sequence_remove_with_version_fail</b></td></tr>
                            <tr><th>Outcome:</th><td>Passed</td></tr>
                            <tr><th>Duration:</th><td>0.0 sec</td></tr>
                        
                            <tr><th>Failed</th><td>None</td></tr>
                        
                        
                        </table>

                        
                        <pre>None</pre>
                        
                        

                        
                        
                        
                    </div>
                
                </div>
            </div>
            
        </div>
    </div>
    

    <div class="testsuite">
        <h2>Test Suite: apt_update_list</h2>
        <a id="9867a48b-2f06-4094-ae43-4a60dbc1dbee"></a>
        
        
        <h3>Results</h3>
        <table class="proplist">
            <tr>
                <th>Duration</th><td>0.0 sec</td>
            </tr>
            <tr>
                <th>Tests</th><td>1</td>
            </tr>
            <tr>
                <th>Failures</th><td>0</td>
            </tr>
        </table>

        <div class="testclasses">
            <h3>Tests</h3>
            
            <div class="testclass">
                <h4>AptPluginUpdateList</h4>
                <div class="testcases">
                
                    <div class="test outcome outcome-passed">
                        <a id="e9f0580a-7eeb-4931-864b-9e1d6887df26"></a>
                        <table class="proplist">
                            <tr><th>Test case:</th><td><b>apt_update_list</b></td></tr>
                            <tr><th>Outcome:</th><td>Passed</td></tr>
                            <tr><th>Duration:</th><td>0.0 sec</td></tr>
                        
                            <tr><th>Failed</th><td>None</td></tr>
                        
                        
                        </table>

                        
                        <pre>None</pre>
                        
                        

                        
                        
                        
                    </div>
                
                </div>
            </div>
            
        </div>
    </div>
    

    <div class="testsuite">
        <h2>Test Suite: apt_wrong_option</h2>
        <a id="bf50d5e5-6de5-45e2-9e06-b1d2dd69b775"></a>
        
        
        <h3>Results</h3>
        <table class="proplist">
            <tr>
                <th>Duration</th><td>0.0 sec</td>
            </tr>
            <tr>
                <th>Tests</th><td>1</td>
            </tr>
            <tr>
                <th>Failures</th><td>0</td>
            </tr>
        </table>

        <div class="testclasses">
            <h3>Tests</h3>
            
            <div class="testclass">
                <h4>AptPluginWrongOption</h4>
                <div class="testcases">
                
                    <div class="test outcome outcome-passed">
                        <a id="ac63f25f-52d7-40f1-ad2a-1d5e3bfc54f8"></a>
                        <table class="proplist">
                            <tr><th>Test case:</th><td><b>apt_wrong_option</b></td></tr>
                            <tr><th>Outcome:</th><td>Passed</td></tr>
                            <tr><th>Duration:</th><td>0.0 sec</td></tr>
                        
                            <tr><th>Failed</th><td>None</td></tr>
                        
                        
                        </table>

                        
                        <pre>None</pre>
                        
                        

                        
                        
                        
                    </div>
                
                </div>
            </div>
            
        </div>
    </div>
    

    <div class="testsuite">
        <h2>Test Suite: SoftwareManagement.Plugin.apama_plugin_install</h2>
        <a id="df318cc9-4689-493f-8f7c-2db84f6e20d9"></a>
        
        
        <h3>Results</h3>
        <table class="proplist">
            <tr>
                <th>Duration</th><td>0.0 sec</td>
            </tr>
            <tr>
                <th>Tests</th><td>1</td>
            </tr>
            <tr>
                <th>Failures</th><td>0</td>
            </tr>
        </table>

        <div class="testclasses">
            <h3>Tests</h3>
            
            <div class="testclass">
                <h4>ApamaPluginInstallTest</h4>
                <div class="testcases">
                
                    <div class="test outcome outcome-passed">
                        <a id="7dfd39fa-bef5-4d09-8d71-a4cc34e9e58f"></a>
                        <table class="proplist">
                            <tr><th>Test case:</th><td><b>SoftwareManagement.Plugin.apama_plugin_install</b></td></tr>
                            <tr><th>Outcome:</th><td>Passed</td></tr>
                            <tr><th>Duration:</th><td>0.0 sec</td></tr>
                        
                            <tr><th>Failed</th><td>None</td></tr>
                        
                        
                        </table>

                        
                        <pre>None</pre>
                        
                        

                        
                        
                        
                    </div>
                
                </div>
            </div>
            
        </div>
    </div>
    

    <div class="testsuite">
        <h2>Test Suite: SoftwareManagement.Plugin.apama_plugin_mon_support</h2>
        <a id="fbf9db29-a0e9-47a6-8f23-8a47591c56c9"></a>
        
        
        <h3>Results</h3>
        <table class="proplist">
            <tr>
                <th>Duration</th><td>0.0 sec</td>
            </tr>
            <tr>
                <th>Tests</th><td>1</td>
            </tr>
            <tr>
                <th>Failures</th><td>0</td>
            </tr>
        </table>

        <div class="testclasses">
            <h3>Tests</h3>
            
            <div class="testclass">
                <h4>ApamaPluginMonSupportTest</h4>
                <div class="testcases">
                
                    <div class="test outcome outcome-passed">
                        <a id="d67f4498-3e6d-4142-96f0-1e7bbe30021c"></a>
                        <table class="proplist">
                            <tr><th>Test case:</th><td><b>SoftwareManagement.Plugin.apama_plugin_mon_support</b></td></tr>
                            <tr><th>Outcome:</th><td>Passed</td></tr>
                            <tr><th>Duration:</th><td>0.0 sec</td></tr>
                        
                            <tr><th>Failed</th><td>None</td></tr>
                        
                        
                        </table>

                        
                        <pre>None</pre>
                        
                        

                        
                        
                        
                    </div>
                
                </div>
            </div>
            
        </div>
    </div>
    

    <div class="testsuite">
        <h2>Test Suite: SoftwareManagement.Plugin.apama_plugin_remove</h2>
        <a id="04e84bf3-ec1d-4d9a-a19b-efb4ba0b159a"></a>
        
        
        <h3>Results</h3>
        <table class="proplist">
            <tr>
                <th>Duration</th><td>0.0 sec</td>
            </tr>
            <tr>
                <th>Tests</th><td>1</td>
            </tr>
            <tr>
                <th>Failures</th><td>0</td>
            </tr>
        </table>

        <div class="testclasses">
            <h3>Tests</h3>
            
            <div class="testclass">
                <h4>ApamaPluginRemoveTest</h4>
                <div class="testcases">
                
                    <div class="test outcome outcome-passed">
                        <a id="17062429-ea75-4ee0-89fd-df755773073d"></a>
                        <table class="proplist">
                            <tr><th>Test case:</th><td><b>SoftwareManagement.Plugin.apama_plugin_remove</b></td></tr>
                            <tr><th>Outcome:</th><td>Passed</td></tr>
                            <tr><th>Duration:</th><td>0.0 sec</td></tr>
                        
                            <tr><th>Failed</th><td>None</td></tr>
                        
                        
                        </table>

                        
                        <pre>None</pre>
                        
                        

                        
                        
                        
                    </div>
                
                </div>
            </div>
            
        </div>
    </div>
    

    <div class="testsuite">
        <h2>Test Suite: SoftwareManagement.Plugin.apama_plugin_update</h2>
        <a id="9e453519-87ef-4e11-894d-551b5a790c2d"></a>
        
        
        <h3>Results</h3>
        <table class="proplist">
            <tr>
                <th>Duration</th><td>0.0 sec</td>
            </tr>
            <tr>
                <th>Tests</th><td>1</td>
            </tr>
            <tr>
                <th>Failures</th><td>1</td>
            </tr>
        </table>

        <div class="testclasses">
            <h3>Tests</h3>
            
            <div class="testclass">
                <h4>ApamaPluginUpdateTest</h4>
                <div class="testcases">
                
                    <div class="test outcome outcome-failed">
                        <a id="b2502921-d582-4e70-8156-ac564b8501d9"></a>
                        <table class="proplist">
                            <tr><th>Test case:</th><td><b>SoftwareManagement.Plugin.apama_plugin_update</b></td></tr>
                            <tr><th>Outcome:</th><td>Failed</td></tr>
                            <tr><th>Duration:</th><td>0.0 sec</td></tr>
                        
                            <tr><th>Failed</th><td>BLOCKED: sudo&lt;plugin_install&gt; returned non-zero exit code 2</td></tr>
                        
                        
                        </table>

                        
                        <pre>failed</pre>
                        
                        

                        
                        
                        <div class="stdout"><i>Stdout</i><br>
                            <pre>10:28:08 INFO  ==============================================================
10:28:08 INFO  Id:    SoftwareManagement.Plugin.apama_plugin_update
10:28:08 INFO  Dir:   plugin_apama/
10:28:08 INFO  Title: Validate apama plugin updating one project with another
10:28:08 INFO  ==============================================================
10:28:08 INFO  Assertion that path exists=False for &#34;/etc/tedge/apama/project&#34; ... passed
10:28:09 INFO  Executed sudo&lt;create_project_dir&gt;, exit status 0
10:28:10 INFO  Executed sudo&lt;unzip_apama_project&gt;, exit status 0
10:28:10 INFO  Executed sudo&lt;move_apama_project&gt;, exit status 0
10:28:11 INFO  Executed sudo&lt;restart_apama_service&gt;, exit status 0
10:28:12 INFO  Executed sudo&lt;apama_correlator_wait&gt;, exit status 0
10:28:12 INFO  Assertion that path exists=True for &#34;/etc/tedge/apama/project&#34; ... passed
10:28:13 INFO  Executed sudo&lt;apama_list_monitors&gt;, exit status 0
10:28:13 INFO  Grep on file /home/pi/actions-runner/_work/thin-edge.io/thin-edge.io/tests/PySys/plugin_apama/apama_plugin_update/Output/linux/apama_list_monitors.out ... passed
10:28:13 WARN  Executed sudo&lt;plugin_install&gt;, exit status 2
10:28:13 INFO  Contents of plugin_install.err: 
  ERROR: Directory not empty (os error 39)
  -----

10:28:14 WARN  sudo&lt;plugin_install&gt; returned non-zero exit code 2 ... blocked [run.py:35]
10:28:14 WARN  Aborted test due to BLOCKED outcome
10:28:14 INFO  
10:28:14 INFO  cleanup:
10:28:14 INFO  Removing apama project
10:28:30 INFO  Executed sudo&lt;stop_apama_service&gt;, exit status 0, duration 16 secs
10:28:30 INFO  Executed sudo&lt;remove_apama_project&gt;, exit status 0
10:28:31 INFO  Executed sudo&lt;remove_apama_tmp_dir&gt;, exit status 0
10:28:31 INFO  
10:28:31 INFO  Test duration: 22.50 secs
10:28:31 INFO  Test final outcome:  BLOCKED
10:28:31 INFO  Test outcome reason: sudo&lt;plugin_install&gt; returned non-zero exit code 2
10:28:31 INFO  
</pre>
                        </div>
                        
                        
                    </div>
                
                </div>
            </div>
            
        </div>
    </div>
    

    <div class="testsuite">
        <h2>Test Suite: SoftwareManagement.sm_docker_install_remove_multiple</h2>
        <a id="3e8e857a-2d4a-44ca-80d8-0e8ec88c6ed9"></a>
        
        
        <h3>Results</h3>
        <table class="proplist">
            <tr>
                <th>Duration</th><td>0.0 sec</td>
            </tr>
            <tr>
                <th>Tests</th><td>1</td>
            </tr>
            <tr>
                <th>Failures</th><td>1</td>
            </tr>
        </table>

        <div class="testclasses">
            <h3>Tests</h3>
            
            <div class="testclass">
                <h4>SMDockerInstallRemove</h4>
                <div class="testcases">
                
                    <div class="test outcome outcome-failed">
                        <a id="331f16ca-c997-4ef8-9915-b529a688b59e"></a>
                        <table class="proplist">
                            <tr><th>Test case:</th><td><b>SoftwareManagement.sm_docker_install_remove_multiple</b></td></tr>
                            <tr><th>Outcome:</th><td>Failed</td></tr>
                            <tr><th>Duration:</th><td>0.0 sec</td></tr>
                        
                            <tr><th>Failed</th><td>BLOCKED: SystemError: Timeout while waiting for status SUCCESSFUL or False</td></tr>
                        
                        
                        </table>

                        
                        <pre>failed</pre>
                        
                        

                        
                        
                        <div class="stdout"><i>Stdout</i><br>
                            <pre>10:28:41 INFO  ==============================================================
10:28:41 INFO  Id:    SoftwareManagement.sm_docker_install_remove_multiple
10:28:41 INFO  Dir:   software_management_end_to_end/
10:28:41 INFO  Title: Validate end to end behaviour for the docker plugin for multiple docker images with mixed versions
10:28:41 INFO  ==============================================================
10:28:42 INFO  Using sw id database: {&#39;asciijump&#39;: &#39;5475369&#39;, &#39;robotfindskitten&#39;: &#39;5474869&#39;, &#39;squirrel3&#39;: &#39;5475279&#39;, &#39;rolldice&#39;: &#39;5152439&#39;, &#39;moon-buggy&#39;: &#39;5439204&#39;, &#39;apple&#39;: &#39;5495053&#39;, &#39;banana&#39;: &#39;5494888&#39;, &#39;cherry&#39;: &#39;5495382&#39;, &#39;watermelon&#39;: &#39;5494510&#39;, &#39;registry&#39;: &#39;8018911&#39;, &#39;hello-world&#39;: &#39;8021526&#39;, &#39;docker/getting-started&#39;: &#39;8021973&#39;, &#39;alpine&#39;: &#39;7991792&#39;}
10:28:42 INFO  EnvironmentC8y Setup
10:28:42 INFO  Executed systemctl&lt;serv_mapper1&gt;, exit status 3
10:28:57 INFO  Executed sudo&lt;tedge_connect_c8y&gt;, exit status 0, duration 14 secs
10:28:58 INFO  Executed sudo&lt;tedge_connect_c8y_test&gt;, exit status 0
10:28:58 INFO  Executed systemctl&lt;serv_mosq2&gt;, exit status 0
10:28:59 INFO  Executed systemctl&lt;serv_mapper3&gt;, exit status 0
10:29:01 INFO  State of current operation: FAILED
10:29:01 INFO  Response status: 201
10:29:01 INFO  Response to action: {
    &#34;creationTime&#34;: &#34;2022-04-14T10:29:01.554Z&#34;,
    &#34;deviceName&#34;: &#34;mythicb&#34;,
    &#34;deviceId&#34;: &#34;17329985&#34;,
    &#34;self&#34;: &#34;https://t493319102.eu-latest.cumulocity.com/devicecontrol/operations/17330321&#34;,
    &#34;id&#34;: &#34;17330321&#34;,
    &#34;status&#34;: &#34;PENDING&#34;,
    &#34;description&#34;: &#34;Apply software changes, triggered from PySys: [{&#39;action&#39;: &#39;install&#39;, &#39;id&#39;: &#39;8021526&#39;, &#39;name&#39;: &#39;hello-world&#39;, &#39;url&#39;: &#39;&#39;, &#39;version&#39;: &#39;::docker&#39;}, {&#39;action&#39;: &#39;install&#39;, &#39;id&#39;: &#39;8018911&#39;, &#39;name&#39;: &#39;registry&#39;, &#39;url&#39;: &#39;&#39;, &#39;version&#39;: &#39;2.6.2::docker&#39;}]&#34;,
    &#34;c8y_SoftwareUpdate&#34;: [
        {
            &#34;name&#34;: &#34;hello-world&#34;,
            &#34;action&#34;: &#34;install&#34;,
            &#34;id&#34;: &#34;8021526&#34;,
            &#34;version&#34;: &#34;::docker&#34;,
            &#34;url&#34;: &#34;&#34;
        },
        {
            &#34;name&#34;: &#34;registry&#34;,
            &#34;action&#34;: &#34;install&#34;,
            &#34;id&#34;: &#34;8018911&#34;,
            &#34;version&#34;: &#34;2.6.2::docker&#34;,
            &#34;url&#34;: &#34;&#34;
        }
    ]
}
10:29:01 INFO  Started operation: {&#39;creationTime&#39;: &#39;2022-04-14T10:29:01.554Z&#39;, &#39;deviceName&#39;: &#39;mythicb&#39;, &#39;deviceId&#39;: &#39;17329985&#39;, &#39;self&#39;: &#39;https://t493319102.eu-latest.cumulocity.com/devicecontrol/operations/17330321&#39;, &#39;id&#39;: &#39;17330321&#39;, &#39;status&#39;: &#39;PENDING&#39;, &#39;description&#39;: &#34;Apply software changes, triggered from PySys: [{&#39;action&#39;: &#39;install&#39;, &#39;id&#39;: &#39;8021526&#39;, &#39;name&#39;: &#39;hello-world&#39;, &#39;url&#39;: &#39;&#39;, &#39;version&#39;: &#39;::docker&#39;}, {&#39;action&#39;: &#39;install&#39;, &#39;id&#39;: &#39;8018911&#39;, &#39;name&#39;: &#39;registry&#39;, &#39;url&#39;: &#39;&#39;, &#39;version&#39;: &#39;2.6.2::docker&#39;}]&#34;, &#39;c8y_SoftwareUpdate&#39;: [{&#39;name&#39;: &#39;hello-world&#39;, &#39;action&#39;: &#39;install&#39;, &#39;id&#39;: &#39;8021526&#39;, &#39;version&#39;: &#39;::docker&#39;, &#39;url&#39;: &#39;&#39;}, {&#39;name&#39;: &#39;registry&#39;, &#39;action&#39;: &#39;install&#39;, &#39;id&#39;: &#39;8018911&#39;, &#39;version&#39;: &#39;2.6.2::docker&#39;, &#39;url&#39;: &#39;&#39;}]}
10:29:03 INFO  State of operation 17330321 : PENDING
10:29:06 INFO  State of operation 17330321 : PENDING
10:29:08 INFO  State of operation 17330321 : PENDING
10:29:10 INFO  State of operation 17330321 : PENDING
10:29:12 INFO  State of operation 17330321 : PENDING
10:29:14 INFO  State of operation 17330321 : PENDING
10:29:17 INFO  State of operation 17330321 : PENDING
10:29:19 INFO  State of operation 17330321 : PENDING
10:29:21 INFO  State of operation 17330321 : PENDING
10:29:23 INFO  State of operation 17330321 : PENDING
10:29:25 INFO  State of operation 17330321 : PENDING
10:29:28 INFO  State of operation 17330321 : PENDING
10:29:30 INFO  State of operation 17330321 : PENDING
10:29:32 INFO  State of operation 17330321 : PENDING
10:29:34 INFO  State of operation 17330321 : PENDING
10:29:37 INFO  State of operation 17330321 : PENDING
10:29:39 INFO  State of operation 17330321 : PENDING
10:29:41 INFO  State of operation 17330321 : PENDING
10:29:43 INFO  State of operation 17330321 : PENDING
10:29:45 INFO  State of operation 17330321 : PENDING
10:29:48 INFO  State of operation 17330321 : PENDING
10:29:50 INFO  State of operation 17330321 : PENDING
10:29:52 INFO  State of operation 17330321 : PENDING
10:29:54 INFO  State of operation 17330321 : PENDING
10:29:57 INFO  State of operation 17330321 : PENDING
10:29:59 INFO  State of operation 17330321 : PENDING
10:30:01 INFO  State of operation 17330321 : PENDING
10:30:03 INFO  State of operation 17330321 : PENDING
10:30:05 INFO  State of operation 17330321 : PENDING
10:30:08 INFO  State of operation 17330321 : PENDING
10:30:10 INFO  State of operation 17330321 : PENDING
10:30:12 INFO  State of operation 17330321 : PENDING
10:30:14 INFO  State of operation 17330321 : PENDING
10:30:16 INFO  State of operation 17330321 : PENDING
10:30:19 INFO  State of operation 17330321 : PENDING
10:30:21 INFO  State of operation 17330321 : PENDING
10:30:23 INFO  State of operation 17330321 : PENDING
10:30:25 INFO  State of operation 17330321 : PENDING
10:30:28 INFO  State of operation 17330321 : PENDING
10:30:30 INFO  State of operation 17330321 : PENDING
10:30:32 INFO  State of operation 17330321 : PENDING
10:30:34 INFO  State of operation 17330321 : PENDING
10:30:36 INFO  State of operation 17330321 : PENDING
10:30:39 INFO  State of operation 17330321 : PENDING
10:30:41 INFO  State of operation 17330321 : PENDING
10:30:43 INFO  State of operation 17330321 : PENDING
10:30:45 INFO  State of operation 17330321 : PENDING
10:30:48 INFO  State of operation 17330321 : PENDING
10:30:50 INFO  State of operation 17330321 : PENDING
10:30:52 INFO  State of operation 17330321 : PENDING
10:30:54 INFO  State of operation 17330321 : PENDING
10:30:56 INFO  State of operation 17330321 : PENDING
10:30:59 INFO  State of operation 17330321 : PENDING
10:31:01 INFO  State of operation 17330321 : PENDING
10:31:03 INFO  State of operation 17330321 : PENDING
10:31:05 INFO  State of operation 17330321 : PENDING
10:31:08 INFO  State of operation 17330321 : PENDING
10:31:10 INFO  State of operation 17330321 : PENDING
10:31:12 INFO  State of operation 17330321 : PENDING
10:31:14 INFO  State of operation 17330321 : PENDING
10:31:16 INFO  State of operation 17330321 : PENDING
10:31:18 WARN  SystemError occurred while running test - Timeout while waiting for status SUCCESSFUL or False
Traceback (most recent call last):
  File &#34;/home/pi/env-pysys/lib/python3.7/site-packages/pysys/baserunner.py&#34;, line 1292, in __call__
    self.testObj.setup()
  File &#34;/home/pi/actions-runner/_work/thin-edge.io/thin-edge.io/tests/PySys/software_management_end_to_end/sm_docker_install_remove_multiple/run.py&#34;, line 55, in setup
    self.wait_until_succcess()
  File &#34;/home/pi/actions-runner/_work/thin-edge.io/thin-edge.io/tests/PySys/software_management_end_to_end/environment_sm_management.py&#34;, line 324, in wait_until_succcess
    self.wait_until_status(&#34;SUCCESSFUL&#34;)
  File &#34;/home/pi/actions-runner/_work/thin-edge.io/thin-edge.io/tests/PySys/software_management_end_to_end/environment_sm_management.py&#34;, line 381, in wait_until_status
    &#34;Timeout while waiting for status %s or %s&#34; % (status, status2)
SystemError: Timeout while waiting for status SUCCESSFUL or False
10:31:18 WARN  SystemError: Timeout while waiting for status SUCCESSFUL or False ... blocked 
10:31:18 INFO  
10:31:18 INFO  cleanup:
10:31:23 INFO  Executed sudo&lt;tedge_disconnect_c8y&gt;, exit status 0
10:31:24 INFO  Executed systemctl&lt;serv_mapper5&gt;, exit status 3
10:31:24 INFO  
10:31:24 INFO  Test duration: 163.09 secs
10:31:24 INFO  Test final outcome:  BLOCKED
10:31:24 INFO  Test outcome reason: SystemError: Timeout while waiting for status SUCCESSFUL or False
10:31:24 INFO  
</pre>
                        </div>
                        
                        
                    </div>
                
                </div>
            </div>
            
        </div>
    </div>
    

    <div class="testsuite">
        <h2>Test Suite: docker_plugin_finalize</h2>
        <a id="386aae78-8018-490d-a159-47f3fdfb32f4"></a>
        
        
        <h3>Results</h3>
        <table class="proplist">
            <tr>
                <th>Duration</th><td>0.0 sec</td>
            </tr>
            <tr>
                <th>Tests</th><td>1</td>
            </tr>
            <tr>
                <th>Failures</th><td>1</td>
            </tr>
        </table>

        <div class="testclasses">
            <h3>Tests</h3>
            
            <div class="testclass">
                <h4>DockerPluginFinalizeTest</h4>
                <div class="testcases">
                
                    <div class="test outcome outcome-failed">
                        <a id="11385cae-a1bc-45f4-884f-aa35f343618f"></a>
                        <table class="proplist">
                            <tr><th>Test case:</th><td><b>docker_plugin_finalize</b></td></tr>
                            <tr><th>Outcome:</th><td>Failed</td></tr>
                            <tr><th>Duration:</th><td>0.0 sec</td></tr>
                        
                            <tr><th>Failed</th><td>FAILED: Grep on /home/pi/actions-runner/_work/thin-edge.io/thin-edge.io/tests/PySys/plugin_docker/docker_plugin_finalize/Output/linux/docker_images.out does not contain &#34;registry&#34; failed with 2 matches, first is: &#34;registry            2.7.1               e8a56425636e        5 months ago        22.2MB&#34;</td></tr>
                        
                        
                        </table>

                        
                        <pre>failed</pre>
                        
                        

                        
                        
                        <div class="stdout"><i>Stdout</i><br>
                            <pre>10:28:34 INFO  ==============================================================
10:28:34 INFO  Id:    docker_plugin_finalize
10:28:34 INFO  Dir:   plugin_docker/
10:28:34 INFO  Title: Validate docker plugin finalize command
10:28:34 INFO  ==============================================================
10:28:35 INFO  Executed sudo&lt;docker_images&gt;, exit status 0
10:28:36 WARN  Grep on /home/pi/actions-runner/_work/thin-edge.io/thin-edge.io/tests/PySys/plugin_docker/docker_plugin_finalize/Output/linux/docker_images.out does not contain &#34;registry&#34; failed with 2 matches, first is: &#34;registry            2.7.1               e8a56425636e        5 months ago        22.2MB&#34; ... failed 
10:28:36 WARN  Aborted test due to FAILED outcome
10:28:36 INFO  
10:28:36 INFO  cleanup:
10:28:36 INFO  
10:28:36 INFO  Test duration: 1.25 secs
10:28:36 INFO  Test final outcome:  FAILED
10:28:36 INFO  Test outcome reason: Grep on /home/pi/actions-runner/_work/thin-edge.io/thin-edge.io/tests/PySys/plugin_docker/docker_plugin_finalize/Output/linux/docker_images.out does not contain &#34;registry&#34; failed with 2 matches, first is: &#34;registry            2.7.1               e8a56425636e        5 months ago        22.2MB&#34;
10:28:36 INFO  
</pre>
                        </div>
                        
                        
                    </div>
                
                </div>
            </div>
            
        </div>
    </div>
    

    <div class="testsuite">
        <h2>Test Suite: docker_plugin_install</h2>
        <a id="d458338e-1624-4af2-ad05-84303b56b76b"></a>
        
        
        <h3>Results</h3>
        <table class="proplist">
            <tr>
                <th>Duration</th><td>0.0 sec</td>
            </tr>
            <tr>
                <th>Tests</th><td>1</td>
            </tr>
            <tr>
                <th>Failures</th><td>1</td>
            </tr>
        </table>

        <div class="testclasses">
            <h3>Tests</h3>
            
            <div class="testclass">
                <h4>DockerPluginInstallTest</h4>
                <div class="testcases">
                
                    <div class="test outcome outcome-failed">
                        <a id="998694f5-8b36-4ce4-9104-6a2c806b6b52"></a>
                        <table class="proplist">
                            <tr><th>Test case:</th><td><b>docker_plugin_install</b></td></tr>
                            <tr><th>Outcome:</th><td>Failed</td></tr>
                            <tr><th>Duration:</th><td>0.0 sec</td></tr>
                        
                            <tr><th>Failed</th><td>FAILED: Grep on /home/pi/actions-runner/_work/thin-edge.io/thin-edge.io/tests/PySys/plugin_docker/docker_plugin_install/Output/linux/docker_images.out does not contain &#34;registry&#34; failed with 2 matches, first is: &#34;registry            2.7.1               e8a56425636e        5 months ago        22.2MB&#34;</td></tr>
                        
                        
                        </table>

                        
                        <pre>failed</pre>
                        
                        

                        
                        
                        <div class="stdout"><i>Stdout</i><br>
                            <pre>10:28:36 INFO  ==============================================================
10:28:36 INFO  Id:    docker_plugin_install
10:28:36 INFO  Dir:   plugin_docker/
10:28:36 INFO  Title: Validate docker plugin install
10:28:36 INFO  ==============================================================
10:28:36 INFO  Executed sudo&lt;docker_images&gt;, exit status 0
10:28:36 WARN  Grep on /home/pi/actions-runner/_work/thin-edge.io/thin-edge.io/tests/PySys/plugin_docker/docker_plugin_install/Output/linux/docker_images.out does not contain &#34;registry&#34; failed with 2 matches, first is: &#34;registry            2.7.1               e8a56425636e        5 months ago        22.2MB&#34; ... failed 
10:28:36 WARN  Aborted test due to FAILED outcome
10:28:36 INFO  
10:28:36 INFO  cleanup:
10:28:36 INFO  
10:28:36 INFO  Test duration: 0.89 secs
10:28:36 INFO  Test final outcome:  FAILED
10:28:36 INFO  Test outcome reason: Grep on /home/pi/actions-runner/_work/thin-edge.io/thin-edge.io/tests/PySys/plugin_docker/docker_plugin_install/Output/linux/docker_images.out does not contain &#34;registry&#34; failed with 2 matches, first is: &#34;registry            2.7.1               e8a56425636e        5 months ago        22.2MB&#34;
10:28:36 INFO  
</pre>
                        </div>
                        
                        
                    </div>
                
                </div>
            </div>
            
        </div>
    </div>
    

    <div class="testsuite">
        <h2>Test Suite: docker_plugin_install_with_version</h2>
        <a id="565a196b-5290-4f2b-9020-e00113fe465d"></a>
        
        
        <h3>Results</h3>
        <table class="proplist">
            <tr>
                <th>Duration</th><td>0.0 sec</td>
            </tr>
            <tr>
                <th>Tests</th><td>1</td>
            </tr>
            <tr>
                <th>Failures</th><td>1</td>
            </tr>
        </table>

        <div class="testclasses">
            <h3>Tests</h3>
            
            <div class="testclass">
                <h4>DockerPluginInstallWithVersionTest</h4>
                <div class="testcases">
                
                    <div class="test outcome outcome-failed">
                        <a id="45d3d079-2e9b-45fc-8959-88b24531c37a"></a>
                        <table class="proplist">
                            <tr><th>Test case:</th><td><b>docker_plugin_install_with_version</b></td></tr>
                            <tr><th>Outcome:</th><td>Failed</td></tr>
                            <tr><th>Duration:</th><td>0.0 sec</td></tr>
                        
                            <tr><th>Failed</th><td>FAILED: Grep on /home/pi/actions-runner/_work/thin-edge.io/thin-edge.io/tests/PySys/plugin_docker/docker_plugin_install_with_version/Output/linux/docker_images.out does not contain &#34;registry&#34; failed with 2 matches, first is: &#34;registry            2.7.1               e8a56425636e        5 months ago        22.2MB&#34;</td></tr>
                        
                        
                        </table>

                        
                        <pre>failed</pre>
                        
                        

                        
                        
                        <div class="stdout"><i>Stdout</i><br>
                            <pre>10:28:37 INFO  ==============================================================
10:28:37 INFO  Id:    docker_plugin_install_with_version
10:28:37 INFO  Dir:   plugin_docker/
10:28:37 INFO  Title: Validate docker plugin install
10:28:37 INFO  ==============================================================
10:28:37 INFO  Executed sudo&lt;docker_images&gt;, exit status 0
10:28:37 WARN  Grep on /home/pi/actions-runner/_work/thin-edge.io/thin-edge.io/tests/PySys/plugin_docker/docker_plugin_install_with_version/Output/linux/docker_images.out does not contain &#34;registry&#34; failed with 2 matches, first is: &#34;registry            2.7.1               e8a56425636e        5 months ago        22.2MB&#34; ... failed 
10:28:37 WARN  Aborted test due to FAILED outcome
10:28:37 INFO  
10:28:37 INFO  cleanup:
10:28:37 INFO  
10:28:37 INFO  Test duration: 0.88 secs
10:28:37 INFO  Test final outcome:  FAILED
10:28:37 INFO  Test outcome reason: Grep on /home/pi/actions-runner/_work/thin-edge.io/thin-edge.io/tests/PySys/plugin_docker/docker_plugin_install_with_version/Output/linux/docker_images.out does not contain &#34;registry&#34; failed with 2 matches, first is: &#34;registry            2.7.1               e8a56425636e        5 months ago        22.2MB&#34;
10:28:37 INFO  
</pre>
                        </div>
                        
                        
                    </div>
                
                </div>
            </div>
            
        </div>
    </div>
    

    <div class="testsuite">
        <h2>Test Suite: docker_plugin_remove</h2>
        <a id="cc6d1ce0-38db-4ac4-a46d-8405821342d4"></a>
        
        
        <h3>Results</h3>
        <table class="proplist">
            <tr>
                <th>Duration</th><td>0.0 sec</td>
            </tr>
            <tr>
                <th>Tests</th><td>1</td>
            </tr>
            <tr>
                <th>Failures</th><td>1</td>
            </tr>
        </table>

        <div class="testclasses">
            <h3>Tests</h3>
            
            <div class="testclass">
                <h4>DockerPluginRemoveTest</h4>
                <div class="testcases">
                
                    <div class="test outcome outcome-failed">
                        <a id="323ca7e2-2221-4b46-a4dc-315133e6584a"></a>
                        <table class="proplist">
                            <tr><th>Test case:</th><td><b>docker_plugin_remove</b></td></tr>
                            <tr><th>Outcome:</th><td>Failed</td></tr>
                            <tr><th>Duration:</th><td>0.0 sec</td></tr>
                        
                            <tr><th>Failed</th><td>FAILED: Grep on /home/pi/actions-runner/_work/thin-edge.io/thin-edge.io/tests/PySys/plugin_docker/docker_plugin_remove/Output/linux/docker_images.out does not contain &#34;registry&#34; failed with 2 matches, first is: &#34;registry            2.7.1               e8a56425636e        5 months ago        22.2MB&#34;</td></tr>
                        
                        
                        </table>

                        
                        <pre>failed</pre>
                        
                        

                        
                        
                        <div class="stdout"><i>Stdout</i><br>
                            <pre>10:28:37 INFO  ==============================================================
10:28:37 INFO  Id:    docker_plugin_remove
10:28:37 INFO  Dir:   plugin_docker/
10:28:37 INFO  Title: Validate docker plugin remove
10:28:37 INFO  ==============================================================
10:28:38 INFO  Executed sudo&lt;docker_images&gt;, exit status 0
10:28:38 WARN  Grep on /home/pi/actions-runner/_work/thin-edge.io/thin-edge.io/tests/PySys/plugin_docker/docker_plugin_remove/Output/linux/docker_images.out does not contain &#34;registry&#34; failed with 2 matches, first is: &#34;registry            2.7.1               e8a56425636e        5 months ago        22.2MB&#34; ... failed 
10:28:38 WARN  Aborted test due to FAILED outcome
10:28:38 INFO  
10:28:38 INFO  cleanup:
10:28:38 INFO  
10:28:38 INFO  Test duration: 0.89 secs
10:28:38 INFO  Test final outcome:  FAILED
10:28:38 INFO  Test outcome reason: Grep on /home/pi/actions-runner/_work/thin-edge.io/thin-edge.io/tests/PySys/plugin_docker/docker_plugin_remove/Output/linux/docker_images.out does not contain &#34;registry&#34; failed with 2 matches, first is: &#34;registry            2.7.1               e8a56425636e        5 months ago        22.2MB&#34;
10:28:38 INFO  
</pre>
                        </div>
                        
                        
                    </div>
                
                </div>
            </div>
            
        </div>
    </div>
    

    <div class="testsuite">
        <h2>Test Suite: docker_plugin_remove_with_version</h2>
        <a id="8efa393e-04e8-4885-b808-5206aae6a84f"></a>
        
        
        <h3>Results</h3>
        <table class="proplist">
            <tr>
                <th>Duration</th><td>0.0 sec</td>
            </tr>
            <tr>
                <th>Tests</th><td>1</td>
            </tr>
            <tr>
                <th>Failures</th><td>1</td>
            </tr>
        </table>

        <div class="testclasses">
            <h3>Tests</h3>
            
            <div class="testclass">
                <h4>DockerPluginRemoveWithVersionTest</h4>
                <div class="testcases">
                
                    <div class="test outcome outcome-failed">
                        <a id="14f42352-1911-4d79-85f0-1e094ec244c4"></a>
                        <table class="proplist">
                            <tr><th>Test case:</th><td><b>docker_plugin_remove_with_version</b></td></tr>
                            <tr><th>Outcome:</th><td>Failed</td></tr>
                            <tr><th>Duration:</th><td>0.0 sec</td></tr>
                        
                            <tr><th>Failed</th><td>FAILED: Grep on /home/pi/actions-runner/_work/thin-edge.io/thin-edge.io/tests/PySys/plugin_docker/docker_plugin_remove_with_version/Output/linux/docker_images.out does not contain &#34;registry&#34; failed with 2 matches, first is: &#34;registry            2.7.1               e8a56425636e        5 months ago        22.2MB&#34;</td></tr>
                        
                        
                        </table>

                        
                        <pre>failed</pre>
                        
                        

                        
                        
                        <div class="stdout"><i>Stdout</i><br>
                            <pre>10:28:38 INFO  ==============================================================
10:28:38 INFO  Id:    docker_plugin_remove_with_version
10:28:38 INFO  Dir:   plugin_docker/
10:28:38 INFO  Title: Validate docker plugin remove with version
10:28:38 INFO  ==============================================================
10:28:39 INFO  Executed sudo&lt;docker_images&gt;, exit status 0
10:28:39 WARN  Grep on /home/pi/actions-runner/_work/thin-edge.io/thin-edge.io/tests/PySys/plugin_docker/docker_plugin_remove_with_version/Output/linux/docker_images.out does not contain &#34;registry&#34; failed with 2 matches, first is: &#34;registry            2.7.1               e8a56425636e        5 months ago        22.2MB&#34; ... failed 
10:28:39 WARN  Aborted test due to FAILED outcome
10:28:39 INFO  
10:28:39 INFO  cleanup:
10:28:39 INFO  
10:28:39 INFO  Test duration: 1.07 secs
10:28:39 INFO  Test final outcome:  FAILED
10:28:39 INFO  Test outcome reason: Grep on /home/pi/actions-runner/_work/thin-edge.io/thin-edge.io/tests/PySys/plugin_docker/docker_plugin_remove_with_version/Output/linux/docker_images.out does not contain &#34;registry&#34; failed with 2 matches, first is: &#34;registry            2.7.1               e8a56425636e        5 months ago        22.2MB&#34;
10:28:39 INFO  
</pre>
                        </div>
                        
                        
                    </div>
                
                </div>
            </div>
            
        </div>
    </div>
    

    <div class="testsuite">
        <h2>Test Suite: docker_plugin_update</h2>
        <a id="2b05c0e8-42b7-4990-941d-becc4a98fb1d"></a>
        
        
        <h3>Results</h3>
        <table class="proplist">
            <tr>
                <th>Duration</th><td>0.0 sec</td>
            </tr>
            <tr>
                <th>Tests</th><td>1</td>
            </tr>
            <tr>
                <th>Failures</th><td>1</td>
            </tr>
        </table>

        <div class="testclasses">
            <h3>Tests</h3>
            
            <div class="testclass">
                <h4>DockerPluginUpdateTest</h4>
                <div class="testcases">
                
                    <div class="test outcome outcome-failed">
                        <a id="e95d8d52-5d67-4f2b-bbb6-c9c7289750b6"></a>
                        <table class="proplist">
                            <tr><th>Test case:</th><td><b>docker_plugin_update</b></td></tr>
                            <tr><th>Outcome:</th><td>Failed</td></tr>
                            <tr><th>Duration:</th><td>0.0 sec</td></tr>
                        
                            <tr><th>Failed</th><td>FAILED: Grep on /home/pi/actions-runner/_work/thin-edge.io/thin-edge.io/tests/PySys/plugin_docker/docker_plugin_update/Output/linux/docker_images.out does not contain &#34;registry&#34; failed with 2 matches, first is: &#34;registry            2.7.1               e8a56425636e        5 months ago        22.2MB&#34;</td></tr>
                        
                        
                        </table>

                        
                        <pre>failed</pre>
                        
                        

                        
                        
                        <div class="stdout"><i>Stdout</i><br>
                            <pre>10:28:39 INFO  ==============================================================
10:28:39 INFO  Id:    docker_plugin_update
10:28:39 INFO  Dir:   plugin_docker/
10:28:39 INFO  Title: Validate docker plugin install updates existing containers
10:28:39 INFO  ==============================================================
10:28:40 INFO  Executed sudo&lt;docker_images&gt;, exit status 0
10:28:40 WARN  Grep on /home/pi/actions-runner/_work/thin-edge.io/thin-edge.io/tests/PySys/plugin_docker/docker_plugin_update/Output/linux/docker_images.out does not contain &#34;registry&#34; failed with 2 matches, first is: &#34;registry            2.7.1               e8a56425636e        5 months ago        22.2MB&#34; ... failed 
10:28:40 WARN  Aborted test due to FAILED outcome
10:28:40 INFO  
10:28:40 INFO  cleanup:
10:28:40 INFO  
10:28:40 INFO  Test duration: 1.05 secs
10:28:40 INFO  Test final outcome:  FAILED
10:28:40 INFO  Test outcome reason: Grep on /home/pi/actions-runner/_work/thin-edge.io/thin-edge.io/tests/PySys/plugin_docker/docker_plugin_update/Output/linux/docker_images.out does not contain &#34;registry&#34; failed with 2 matches, first is: &#34;registry            2.7.1               e8a56425636e        5 months ago        22.2MB&#34;
10:28:40 INFO  
</pre>
                        </div>
                        
                        
                    </div>
                
                </div>
            </div>
            
        </div>
    </div>
    



<p class="footer">
    Generated by junit2html
</p>
</body>
</html>