<!DOCTYPE html>
<html lang="en">
<head>
    <meta charset="UTF-8">
    <title>results_pysys_offsite_mythicc.xml</title>
    <style type="text/css">
        body {
    background-color: white;
    padding-bottom: 20em;
    margin: 0;
    min-height: 15cm;
}

h1, h2, h3, h4, h5, h6, h7 {
    font-family: sans-serif;
}

h1 {
    background-color: #007acc;
    color: white;
    padding: 3mm;
    margin-top: 0;
    margin-bottom: 1mm;
}

.footer {
    font-style: italic;
    font-size: small;
    text-align: right;
    padding: 1em;
}

.testsuite {
    padding-bottom: 2em;
    margin-left: 1em;
}

.proplist {
    width: 100%;
    margin-bottom: 2em;
    border-collapse: collapse;
    border: 1px solid grey;
}

.proplist th {
    background-color: silver;
    width: 5em;
    padding: 2px;
    padding-right: 1em;
    text-align: left;
}

.proplist td {
    padding: 2px;
}

.index-table {
    width: 90%;
    margin-left: 1em;
}

.index-table td {
    vertical-align: top;
    width: 50%;
}

.failure-index {

}

.toc {
    margin-bottom: 2em;
    font-family: monospace;
}

.stdio, pre {
    min-height: 1em;
    background-color: #1e1e1e;
    color: silver;
    padding: 0.5em;
}
.tdpre {
    background-color: #1e1e1e;
}

.test {
    margin-left: 0.5cm;
}

.outcome {
    border-left: 1em;
    padding: 2px;
}

.outcome-failed {
    border-left: 1em solid lightcoral;
}

.stats-table {
}

.stats-table td {
    min-width: 4em;
    text-align: right;
}

.stats-table .failed {
    background-color: lightcoral;
}

.stats-table .passed {
    background-color: lightgreen;
}

.matrix-table {
    table-layout: fixed;
    border-spacing: 0;
    width: available;
    margin-left: 1em;
}

.matrix-table td {
    vertical-align: center;
}

.matrix-table td:last-child {
    width: 0;
}

.matrix-axis-name {
    white-space: nowrap;
    padding-left: 0.5em;
    border-left: 1px solid black;
    border-top: 1px solid black;
}

.matrix-axis-line {
    border-left: 1px solid black;
    width: 0.5em;
}

.matrix-classname {
    text-align: left;
    width: 100%;
    border-top: 2px solid grey;
    border-bottom: 1px solid silver;
}

.matrix-casename {
    text-align: left;
    font-weight: normal;
    font-style: italic;
    padding-left: 1em;
    border-bottom: 1px solid silver;
}

.matrix-result {
    display: block;
    width: 1em;
    text-align: center;
    padding: 1mm;
    margin: 0;
}

.matrix-result-combined {
    white-space: nowrap;
    padding-right: 0.2em;
    text-align: right;
}

.matrix-result-failed {
    background-color: lightcoral;
}

.matrix-result-passed {
    background-color: lightgreen;
}

.matrix-result-skipped {
    background-color: lightyellow;
}
    </style>
</head>
<body>
    
<h1>
    Test Report : results_pysys_offsite_mythicc.xml
</h1>
<a id="toc"></a>
<table class="index-table">
    <tr>
        <td>
            <ul class="toc">
            
                
                <li>AptInstallWithDownloadPath
                <ul>
                    
                    <li><a href="#3eb42cc9-8d5a-48a1-9bff-cbe982961c5a">SoftwareManagement.sm_apt_install_download_path</a></li>
                    
                </ul>
                </li>
                
            
                
                <li>PySysTest
                <ul>
                    
                    <li><a href="#59c17a7c-dece-4030-8612-6f375b973c04">SoftwareManagement.sm_apt_install_fail</a></li>
                    
                </ul>
                </li>
                
            
                
                <li>PySysTest
                <ul>
                    
                    <li><a href="#4a30c834-6eff-4f1a-a00f-0b918255ff75">SoftwareManagement.sm_apt_install_remove</a></li>
                    
                </ul>
                </li>
                
            
                
                <li>PySysTest
                <ul>
                    
                    <li><a href="#a6edcac9-3029-40ef-a07c-c5df5a47ae4c">SoftwareManagement.sm_apt_install_remove_default</a></li>
                    
                </ul>
                </li>
                
            
                
                <li>PySysTest
                <ul>
                    
                    <li><a href="#0fc65757-992c-466e-8dea-6b97f15e1517">SoftwareManagement.sm_apt_install_remove_multiple</a></li>
                    
                </ul>
                </li>
                
            
                
                <li>PySysTest
                <ul>
                    
                    <li><a href="#eb564b86-0274-4072-bbd4-8d525256f012">SoftwareManagement.sm_apt_install_remove_multiple_mixed</a></li>
                    
                </ul>
                </li>
                
            
                
                <li>PySysTest
                <ul>
                    
                    <li><a href="#4c3062aa-96f5-45da-99d9-78a2ca0237b0">SoftwareManagement.sm_apt_install_remove_with_version</a></li>
                    
                </ul>
                </li>
                
            
                
                <li>AptPluginFailNoArg
                <ul>
                    
                    <li><a href="#86b74306-e845-459f-9853-8924ff43c456">apt_fail_noarg</a></li>
                    
                </ul>
                </li>
                
            
                
                <li>AptPluginFinalize
                <ul>
                    
                    <li><a href="#0f8eff2d-84ca-4b4c-90da-547758dc2116">apt_finalize</a></li>
                    
                </ul>
                </li>
                
            
                
                <li>AptPluginInstallDense
                <ul>
                    
                    <li><a href="#79743529-f2e5-443f-9480-e386623eb916">apt_install</a></li>
                    
                </ul>
                </li>
                
            
                
                <li>AptPluginInstallFail
                <ul>
                    
                    <li><a href="#fc8615f2-34d5-440c-bd6d-fb89c7fd1e0f">apt_install_fail</a></li>
                    
                </ul>
                </li>
                
            
                
                <li>AptPluginInstallFromLocalFile
                <ul>
                    
                    <li><a href="#90ba7ab1-cbb9-4669-ad88-10fcfe621c19">apt_install_local_file</a></li>
                    
                </ul>
                </li>
                
            
                
                <li>AptPluginInstallFromLocalFileFail
                <ul>
                    
                    <li><a href="#e84e3d18-297d-4d3d-94d3-7279904313f5">apt_install_local_file_fail</a></li>
                    
                </ul>
                </li>
                
            
                
                <li>AptPluginInstallFromLocalFileWithVersion
                <ul>
                    
                    <li><a href="#79de2f66-e4e5-4dca-b410-bdf4fa13f466">apt_install_local_file_with_version</a></li>
                    
                </ul>
                </li>
                
            
                
                <li>AptPluginInstallFromLocalFileWithVersionFail
                <ul>
                    
                    <li><a href="#9125bc44-9a98-41f8-9f76-1b5fd16749cc">apt_install_local_file_with_version_fail</a></li>
                    
                </ul>
                </li>
                
            
                
                <li>AptPluginListFormat
                <ul>
                    
                    <li><a href="#dc27d85c-9d99-4323-8810-56f7b667ad5c">apt_list_format</a></li>
                    
                </ul>
                </li>
                
            
                
                <li>AptPluginPrepare
                <ul>
                    
                    <li><a href="#34854b10-5e79-47ad-b0d8-de493aae1729">apt_prepare</a></li>
                    
                </ul>
                </li>
                
            
                
                <li>AptPluginPrepareInstallFinalize
                <ul>
                    
                    <li><a href="#97107766-0904-4e2b-8526-7b9f5964e167">apt_prepare_install_finalize</a></li>
                    
                </ul>
                </li>
                
            
                
                <li>AptPluginRemoveDense
                <ul>
                    
                    <li><a href="#afe3901a-a9ab-4966-a247-15663bde24cb">apt_remove</a></li>
                    
                </ul>
                </li>
                
            
                
                <li>AptPluginRemoveFails
                <ul>
                    
                    <li><a href="#71036a60-1474-4a14-aff3-23af5110d990">apt_remove_fail</a></li>
                    
                </ul>
                </li>
                
            
                
                <li>AptPluginPrepInstallWithVersionFinalize
                <ul>
                    
                    <li><a href="#a38e0080-7b74-4860-a767-a8bf6a541fb6">apt_sequence_install_with_version</a></li>
                    
                </ul>
                </li>
                
            
                
                <li>AptPluginInstallWithVersionFails
                <ul>
                    
                    <li><a href="#14a6ac29-c283-46e5-8d1b-5ba6049e6a58">apt_sequence_install_with_version_fail</a></li>
                    
                </ul>
                </li>
                
            
                
                <li>AptPluginInstallPrepareRemoveFinalize
                <ul>
                    
                    <li><a href="#af50fe9b-1426-46aa-a465-264a50dc8d8f">apt_sequence_remove</a></li>
                    
                </ul>
                </li>
                
            
                
                <li>AptPluginRemoveWithVersion
                <ul>
                    
                    <li><a href="#a4274da6-e170-4e1d-92aa-2ac3f418f8e3">apt_sequence_remove_with_version</a></li>
                    
                </ul>
                </li>
                
            
                
                <li>AptPluginRemoveWithVersionFails
                <ul>
                    
                    <li><a href="#dc767a06-ec36-4ad1-889b-3bb16717d985">apt_sequence_remove_with_version_fail</a></li>
                    
                </ul>
                </li>
                
            
                
                <li>AptPluginUpdateList
                <ul>
                    
                    <li><a href="#841387ff-f8d8-45de-b1c2-1a8f1a16352d">apt_update_list</a></li>
                    
                </ul>
                </li>
                
            
                
                <li>AptPluginWrongOption
                <ul>
                    
                    <li><a href="#7a42c466-0517-4766-b400-54c1435bfa6e">apt_wrong_option</a></li>
                    
                </ul>
                </li>
                
            
                
                <li>ApamaPluginInstallTest
                <ul>
                    
                    <li><a href="#70d7f9ed-5c9f-4d7e-aee4-4a9722e0b4f2">SoftwareManagement.Plugin.apama_plugin_install</a></li>
                    
                </ul>
                </li>
                
            
                
                <li>ApamaPluginMonSupportTest
                <ul>
                    
                    <li><a href="#ff9505a6-5623-4dfd-820f-2d168688833f">SoftwareManagement.Plugin.apama_plugin_mon_support</a></li>
                    
                </ul>
                </li>
                
            
                
                <li>ApamaPluginRemoveTest
                <ul>
                    
                    <li><a href="#8e9223f6-3dae-46aa-9f36-f9354020a270">SoftwareManagement.Plugin.apama_plugin_remove</a></li>
                    
                </ul>
                </li>
                
            
                
                <li>ApamaPluginUpdateTest
                <ul>
                    
                    <li><a href="#35fe4696-59b8-4b6e-bdef-a77b9d19957e">SoftwareManagement.Plugin.apama_plugin_update</a></li>
                    
                </ul>
                </li>
                
            
                
                <li>SMDockerInstallRemove
                <ul>
                    
                    <li><a href="#7a13f44c-e8ee-46a3-8e76-761d5828f27f">SoftwareManagement.sm_docker_install_remove_multiple</a></li>
                    
                </ul>
                </li>
                
            
                
                <li>DockerPluginFinalizeTest
                <ul>
                    
                    <li><a href="#259886fd-ceec-4df2-8df1-29df7cb3bfa2">docker_plugin_finalize</a></li>
                    
                </ul>
                </li>
                
            
                
                <li>DockerPluginInstallTest
                <ul>
                    
                    <li><a href="#f521c926-3ea1-4dbc-b065-80c1163d5886">docker_plugin_install</a></li>
                    
                </ul>
                </li>
                
            
                
                <li>DockerPluginInstallWithVersionTest
                <ul>
                    
                    <li><a href="#78cf1820-71f5-48ad-adfe-98a1ef4df6b7">docker_plugin_install_with_version</a></li>
                    
                </ul>
                </li>
                
            
                
                <li>DockerPluginRemoveTest
                <ul>
                    
                    <li><a href="#9264d14d-1990-4b5c-941f-17b0005e017c">docker_plugin_remove</a></li>
                    
                </ul>
                </li>
                
            
                
                <li>DockerPluginRemoveWithVersionTest
                <ul>
                    
                    <li><a href="#548fed5e-b25d-4edd-8cb3-f43346cb47c8">docker_plugin_remove_with_version</a></li>
                    
                </ul>
                </li>
                
            
                
                <li>DockerPluginUpdateTest
                <ul>
                    
                    <li><a href="#80a1c425-fadd-4509-9e68-6834b0ad59d2">docker_plugin_update</a></li>
                    
                </ul>
                </li>
                
            
            </ul>
        </td>
        <td class="failure-index">
            <ul class="toc">
            
                
                    
                    
                    <li><a href="#3eb42cc9-8d5a-48a1-9bff-cbe982961c5a">[F] AptInstallWithDownloadPath : SoftwareManagement.sm_apt_install_download_path</a></li>
                    
                    
                
            
                
                    
                    
                    <li><a href="#59c17a7c-dece-4030-8612-6f375b973c04">[F] PySysTest : SoftwareManagement.sm_apt_install_fail</a></li>
                    
                    
                
            
                
                    
                    
                    <li><a href="#4a30c834-6eff-4f1a-a00f-0b918255ff75">[F] PySysTest : SoftwareManagement.sm_apt_install_remove</a></li>
                    
                    
                
            
                
                    
                    
                    <li><a href="#a6edcac9-3029-40ef-a07c-c5df5a47ae4c">[F] PySysTest : SoftwareManagement.sm_apt_install_remove_default</a></li>
                    
                    
                
            
                
                    
                    
                    <li><a href="#0fc65757-992c-466e-8dea-6b97f15e1517">[F] PySysTest : SoftwareManagement.sm_apt_install_remove_multiple</a></li>
                    
                    
                
            
                
                    
                    
                    <li><a href="#eb564b86-0274-4072-bbd4-8d525256f012">[F] PySysTest : SoftwareManagement.sm_apt_install_remove_multiple_mixed</a></li>
                    
                    
                
            
                
                    
                    
                    <li><a href="#4c3062aa-96f5-45da-99d9-78a2ca0237b0">[F] PySysTest : SoftwareManagement.sm_apt_install_remove_with_version</a></li>
                    
                    
                
            
                
                    
                    
                    
                
            
                
                    
                    
                    
                
            
                
                    
                    
                    
                
            
                
                    
                    
                    
                
            
                
                    
                    
                    
                
            
                
                    
                    
                    
                
            
                
                    
                    
                    
                
            
                
                    
                    
                    
                
            
                
                    
                    
                    
                
            
                
                    
                    
                    
                
            
                
                    
                    
                    
                
            
                
                    
                    
                    
                
            
                
                    
                    
                    
                
            
                
                    
                    
                    
                
            
                
                    
                    
                    
                
            
                
                    
                    
                    
                
            
                
                    
                    
                    
                
            
                
                    
                    
                    
                
            
                
                    
                    
                    
                
            
                
                    
                    
                    
                
            
                
                    
                    
                    
                
            
                
                    
                    
                    
                
            
                
                    
                    
                    
                
            
                
                    
                    
                    <li><a href="#35fe4696-59b8-4b6e-bdef-a77b9d19957e">[F] ApamaPluginUpdateTest : SoftwareManagement.Plugin.apama_plugin_update</a></li>
                    
                    
                
            
                
                    
                    
                    <li><a href="#7a13f44c-e8ee-46a3-8e76-761d5828f27f">[F] SMDockerInstallRemove : SoftwareManagement.sm_docker_install_remove_multiple</a></li>
                    
                    
                
            
                
                    
                    
                    
                
            
                
                    
                    
                    
                
            
                
                    
                    
                    
                
            
                
                    
                    
                    
                
            
                
                    
                    
                    
                
            
                
                    
                    
                    
                
            
            </ul>
        </td>
    </tr>
</table>


    <div class="testsuite">
        <h2>Test Suite: SoftwareManagement.sm_apt_install_download_path</h2>
        <a id="c4637336-855e-4dad-9372-f6912ee2c342"></a>
        
        
        <h3>Results</h3>
        <table class="proplist">
            <tr>
                <th>Duration</th><td>0.0 sec</td>
            </tr>
            <tr>
                <th>Tests</th><td>1</td>
            </tr>
            <tr>
                <th>Failures</th><td>1</td>
            </tr>
        </table>

        <div class="testclasses">
            <h3>Tests</h3>
            
            <div class="testclass">
                <h4>AptInstallWithDownloadPath</h4>
                <div class="testcases">
                
                    <div class="test outcome outcome-failed">
                        <a id="3eb42cc9-8d5a-48a1-9bff-cbe982961c5a"></a>
                        <table class="proplist">
                            <tr><th>Test case:</th><td><b>SoftwareManagement.sm_apt_install_download_path</b></td></tr>
                            <tr><th>Outcome:</th><td>Failed</td></tr>
                            <tr><th>Duration:</th><td>0.0 sec</td></tr>
                        
                            <tr><th>Failed</th><td>BLOCKED: TypeError: &#39;NoneType&#39; object is not iterable</td></tr>
                        
                        
                        </table>

                        
                        <pre>failed</pre>
                        
                        

                        
                        
                        <div class="stdout"><i>Stdout</i><br>
                            <pre>10:22:08 INFO  ==============================================================
10:22:08 INFO  Id:    SoftwareManagement.sm_apt_install_download_path
10:22:08 INFO  Dir:   software_management_end_to_end/
10:22:08 INFO  Title: Install package to directory specified in tedge config set tmp.path
10:22:08 INFO  ==============================================================
10:22:08 INFO  Using sw id database: {&#39;asciijump&#39;: &#39;5475369&#39;, &#39;robotfindskitten&#39;: &#39;5474869&#39;, &#39;squirrel3&#39;: &#39;5475279&#39;, &#39;rolldice&#39;: &#39;5152439&#39;, &#39;moon-buggy&#39;: &#39;5439204&#39;, &#39;apple&#39;: &#39;5495053&#39;, &#39;banana&#39;: &#39;5494888&#39;, &#39;cherry&#39;: &#39;5495382&#39;, &#39;watermelon&#39;: &#39;5494510&#39;, &#39;registry&#39;: &#39;8018911&#39;, &#39;hello-world&#39;: &#39;8021526&#39;, &#39;docker/getting-started&#39;: &#39;8021973&#39;, &#39;alpine&#39;: &#39;7991792&#39;}
10:22:08 INFO  EnvironmentC8y Setup
10:22:09 INFO  Executed systemctl&lt;serv_mapper1&gt;, exit status 3
10:22:23 INFO  Executed sudo&lt;tedge_connect_c8y&gt;, exit status 0, duration 14 secs
10:22:25 INFO  Executed sudo&lt;tedge_connect_c8y_test&gt;, exit status 0
10:22:26 INFO  Executed systemctl&lt;serv_mosq2&gt;, exit status 0
10:22:27 INFO  Executed systemctl&lt;serv_mapper3&gt;, exit status 0
10:22:29 ERROR No operations found, assuming it passed
10:22:29 WARN  TypeError occurred while running test - &#39;NoneType&#39; object is not iterable
Traceback (most recent call last):
  File &#34;/home/pi/env-pysys/lib/python3.7/site-packages/pysys/baserunner.py&#34;, line 1292, in __call__
    self.testObj.setup()
  File &#34;/home/pi/actions-runner/_work/thin-edge.io/thin-edge.io/tests/PySys/software_management_end_to_end/sm_apt_install_download_path/run.py&#34;, line 49, in setup
    self.assertThat(&#34;False == value&#34;, value=self.check_is_installed(&#34;rolldice&#34;))
  File &#34;/home/pi/actions-runner/_work/thin-edge.io/thin-edge.io/tests/PySys/software_management_end_to_end/environment_sm_management.py&#34;, line 398, in check_is_installed
    for package in package_list:
TypeError: &#39;NoneType&#39; object is not iterable
10:22:30 WARN  TypeError: &#39;NoneType&#39; object is not iterable ... blocked 
10:22:30 INFO  
10:22:30 INFO  cleanup:
10:22:30 INFO  Executed sudo, exit status 0
10:22:31 INFO  Executed sudo, exit status 0
10:22:35 INFO  Executed sudo&lt;tedge_disconnect_c8y&gt;, exit status 0
10:22:35 INFO  Restarting mosquitto too frequently in the last 10 seconds. It was only up for 3 seconds
10:22:35 INFO  Delaying execution by 8 seconds
10:22:57 INFO  Executed sudo&lt;tedge_connect_c8y&gt;, exit status 0, duration 14 secs
10:23:01 INFO  Executed sudo&lt;tedge_disconnect_c8y&gt;, exit status 0
10:23:02 INFO  Executed systemctl&lt;serv_mapper5&gt;, exit status 3
10:23:02 INFO  
10:23:02 INFO  Test duration: 54.14 secs
10:23:02 INFO  Test final outcome:  BLOCKED
10:23:02 INFO  Test outcome reason: TypeError: &#39;NoneType&#39; object is not iterable
10:23:02 INFO  
</pre>
                        </div>
                        
                        
                    </div>
                
                </div>
            </div>
            
        </div>
    </div>
    

    <div class="testsuite">
        <h2>Test Suite: SoftwareManagement.sm_apt_install_fail</h2>
        <a id="af752eb7-7ef9-4238-9830-2f271d4030ae"></a>
        
        
        <h3>Results</h3>
        <table class="proplist">
            <tr>
                <th>Duration</th><td>0.0 sec</td>
            </tr>
            <tr>
                <th>Tests</th><td>1</td>
            </tr>
            <tr>
                <th>Failures</th><td>1</td>
            </tr>
        </table>

        <div class="testclasses">
            <h3>Tests</h3>
            
            <div class="testclass">
                <h4>PySysTest</h4>
                <div class="testcases">
                
                    <div class="test outcome outcome-failed">
                        <a id="59c17a7c-dece-4030-8612-6f375b973c04"></a>
                        <table class="proplist">
                            <tr><th>Test case:</th><td><b>SoftwareManagement.sm_apt_install_fail</b></td></tr>
                            <tr><th>Outcome:</th><td>Failed</td></tr>
                            <tr><th>Duration:</th><td>0.0 sec</td></tr>
                        
                            <tr><th>Failed</th><td>BLOCKED: TypeError: &#39;NoneType&#39; object is not iterable</td></tr>
                        
                        
                        </table>

                        
                        <pre>failed</pre>
                        
                        

                        
                        
                        <div class="stdout"><i>Stdout</i><br>
                            <pre>10:23:02 INFO  ==============================================================
10:23:02 INFO  Id:    SoftwareManagement.sm_apt_install_fail
10:23:02 INFO  Dir:   software_management_end_to_end/
10:23:02 INFO  Title: Validate end to end behaviour for a failing installation
10:23:02 INFO  ==============================================================
10:23:02 INFO  Using sw id database: {&#39;asciijump&#39;: &#39;5475369&#39;, &#39;robotfindskitten&#39;: &#39;5474869&#39;, &#39;squirrel3&#39;: &#39;5475279&#39;, &#39;rolldice&#39;: &#39;5152439&#39;, &#39;moon-buggy&#39;: &#39;5439204&#39;, &#39;apple&#39;: &#39;5495053&#39;, &#39;banana&#39;: &#39;5494888&#39;, &#39;cherry&#39;: &#39;5495382&#39;, &#39;watermelon&#39;: &#39;5494510&#39;, &#39;registry&#39;: &#39;8018911&#39;, &#39;hello-world&#39;: &#39;8021526&#39;, &#39;docker/getting-started&#39;: &#39;8021973&#39;, &#39;alpine&#39;: &#39;7991792&#39;}
10:23:02 INFO  EnvironmentC8y Setup
10:23:03 INFO  Executed systemctl&lt;serv_mapper1&gt;, exit status 3
10:23:03 INFO  Restarting mosquitto too frequently in the last 10 seconds. It was only up for 5 seconds
10:23:03 INFO  Delaying execution by 6 seconds
10:23:22 INFO  Executed sudo&lt;tedge_connect_c8y&gt;, exit status 0, duration 13 secs
10:23:23 INFO  Executed sudo&lt;tedge_connect_c8y_test&gt;, exit status 0
10:23:24 INFO  Executed systemctl&lt;serv_mosq2&gt;, exit status 0
10:23:24 INFO  Executed systemctl&lt;serv_mapper3&gt;, exit status 0
10:23:26 ERROR No operations found, assuming it passed
10:23:27 INFO  Response status: 201
10:23:27 INFO  Response to action: {
    &#34;creationTime&#34;: &#34;2022-04-14T10:23:27.039Z&#34;,
    &#34;deviceName&#34;: &#34;mythicc&#34;,
    &#34;deviceId&#34;: &#34;17326137&#34;,
    &#34;self&#34;: &#34;https://t493319102.eu-latest.cumulocity.com/devicecontrol/operations/17330310&#34;,
    &#34;id&#34;: &#34;17330310&#34;,
    &#34;status&#34;: &#34;PENDING&#34;,
    &#34;description&#34;: &#34;Apply software changes, triggered from PySys: [{&#39;name&#39;: &#39;does_not_exist&#39;, &#39;id&#39;: &#39;5446165&#39;, &#39;version&#39;: &#39;::apt&#39;, &#39;url&#39;: &#39;&#39;, &#39;action&#39;: &#39;install&#39;}]&#34;,
    &#34;c8y_SoftwareUpdate&#34;: [
        {
            &#34;name&#34;: &#34;does_not_exist&#34;,
            &#34;action&#34;: &#34;install&#34;,
            &#34;id&#34;: &#34;5446165&#34;,
            &#34;version&#34;: &#34;::apt&#34;,
            &#34;url&#34;: &#34;&#34;
        }
    ]
}
10:23:27 INFO  Started operation: {&#39;creationTime&#39;: &#39;2022-04-14T10:23:27.039Z&#39;, &#39;deviceName&#39;: &#39;mythicc&#39;, &#39;deviceId&#39;: &#39;17326137&#39;, &#39;self&#39;: &#39;https://t493319102.eu-latest.cumulocity.com/devicecontrol/operations/17330310&#39;, &#39;id&#39;: &#39;17330310&#39;, &#39;status&#39;: &#39;PENDING&#39;, &#39;description&#39;: &#34;Apply software changes, triggered from PySys: [{&#39;name&#39;: &#39;does_not_exist&#39;, &#39;id&#39;: &#39;5446165&#39;, &#39;version&#39;: &#39;::apt&#39;, &#39;url&#39;: &#39;&#39;, &#39;action&#39;: &#39;install&#39;}]&#34;, &#39;c8y_SoftwareUpdate&#39;: [{&#39;name&#39;: &#39;does_not_exist&#39;, &#39;action&#39;: &#39;install&#39;, &#39;id&#39;: &#39;5446165&#39;, &#39;version&#39;: &#39;::apt&#39;, &#39;url&#39;: &#39;&#39;}]}
10:23:29 INFO  State of operation 17330310 : PENDING
10:23:31 INFO  State of operation 17330310 : EXECUTING
10:23:33 INFO  State of operation 17330310 : EXECUTING
10:23:36 INFO  State of operation 17330310 : EXECUTING
10:23:38 INFO  State of operation 17330310 : EXECUTING
10:23:40 INFO  State of operation 17330310 : EXECUTING
10:23:42 INFO  State of operation 17330310 : EXECUTING
10:23:45 INFO  State of operation 17330310 : EXECUTING
10:23:48 INFO  State of operation 17330310 : EXECUTING
10:23:50 INFO  State of operation 17330310 : EXECUTING
10:23:52 INFO  State of operation 17330310 : EXECUTING
10:23:55 INFO  State of operation 17330310 : EXECUTING
10:23:57 INFO  State of operation 17330310 : EXECUTING
10:23:59 INFO  State of operation 17330310 : EXECUTING
10:24:01 INFO  State of operation 17330310 : EXECUTING
10:24:04 INFO  State of operation 17330310 : EXECUTING
10:24:06 INFO  State of operation 17330310 : EXECUTING
10:24:08 INFO  State of operation 17330310 : EXECUTING
10:24:11 INFO  State of operation 17330310 : EXECUTING
10:24:13 INFO  State of operation 17330310 : EXECUTING
10:24:16 INFO  State of operation 17330310 : FAILED
10:24:16 WARN  TypeError occurred while running test - &#39;NoneType&#39; object is not iterable
Traceback (most recent call last):
  File &#34;/home/pi/env-pysys/lib/python3.7/site-packages/pysys/baserunner.py&#34;, line 1296, in __call__
    self.testObj.validate()
  File &#34;/home/pi/actions-runner/_work/thin-edge.io/thin-edge.io/tests/PySys/software_management_end_to_end/sm_apt_install_fail/run.py&#34;, line 31, in validate
    &#34;False == value&#34;, value=self.check_is_installed(&#34;does_not_exist&#34;)
  File &#34;/home/pi/actions-runner/_work/thin-edge.io/thin-edge.io/tests/PySys/software_management_end_to_end/environment_sm_management.py&#34;, line 398, in check_is_installed
    for package in package_list:
TypeError: &#39;NoneType&#39; object is not iterable
10:24:16 WARN  TypeError: &#39;NoneType&#39; object is not iterable ... blocked 
10:24:16 INFO  
10:24:16 INFO  cleanup:
10:24:20 INFO  Executed sudo&lt;tedge_disconnect_c8y&gt;, exit status 0
10:24:20 INFO  Executed systemctl&lt;serv_mapper5&gt;, exit status 3
10:24:20 INFO  
10:24:20 INFO  Test duration: 78.39 secs
10:24:20 INFO  Test final outcome:  BLOCKED
10:24:20 INFO  Test outcome reason: TypeError: &#39;NoneType&#39; object is not iterable
10:24:20 INFO  
</pre>
                        </div>
                        
                        
                    </div>
                
                </div>
            </div>
            
        </div>
    </div>
    

    <div class="testsuite">
        <h2>Test Suite: SoftwareManagement.sm_apt_install_remove</h2>
        <a id="2fad02ba-902f-4ade-8e2f-0f911438719b"></a>
        
        
        <h3>Results</h3>
        <table class="proplist">
            <tr>
                <th>Duration</th><td>0.0 sec</td>
            </tr>
            <tr>
                <th>Tests</th><td>1</td>
            </tr>
            <tr>
                <th>Failures</th><td>1</td>
            </tr>
        </table>

        <div class="testclasses">
            <h3>Tests</h3>
            
            <div class="testclass">
                <h4>PySysTest</h4>
                <div class="testcases">
                
                    <div class="test outcome outcome-failed">
                        <a id="4a30c834-6eff-4f1a-a00f-0b918255ff75"></a>
                        <table class="proplist">
                            <tr><th>Test case:</th><td><b>SoftwareManagement.sm_apt_install_remove</b></td></tr>
                            <tr><th>Outcome:</th><td>Failed</td></tr>
                            <tr><th>Duration:</th><td>0.0 sec</td></tr>
                        
                            <tr><th>Failed</th><td>BLOCKED: TypeError: &#39;NoneType&#39; object is not iterable</td></tr>
                        
                        
                        </table>

                        
                        <pre>failed</pre>
                        
                        

                        
                        
                        <div class="stdout"><i>Stdout</i><br>
                            <pre>10:24:20 INFO  ==============================================================
10:24:20 INFO  Id:    SoftwareManagement.sm_apt_install_remove
10:24:20 INFO  Dir:   software_management_end_to_end/
10:24:20 INFO  Title: Validate end to end behaviour for the apt plugin for installation and removal of packages
10:24:20 INFO  ==============================================================
10:24:20 INFO  Using sw id database: {&#39;asciijump&#39;: &#39;5475369&#39;, &#39;robotfindskitten&#39;: &#39;5474869&#39;, &#39;squirrel3&#39;: &#39;5475279&#39;, &#39;rolldice&#39;: &#39;5152439&#39;, &#39;moon-buggy&#39;: &#39;5439204&#39;, &#39;apple&#39;: &#39;5495053&#39;, &#39;banana&#39;: &#39;5494888&#39;, &#39;cherry&#39;: &#39;5495382&#39;, &#39;watermelon&#39;: &#39;5494510&#39;, &#39;registry&#39;: &#39;8018911&#39;, &#39;hello-world&#39;: &#39;8021526&#39;, &#39;docker/getting-started&#39;: &#39;8021973&#39;, &#39;alpine&#39;: &#39;7991792&#39;}
10:24:20 INFO  EnvironmentC8y Setup
10:24:21 INFO  Executed systemctl&lt;serv_mapper1&gt;, exit status 3
10:24:21 INFO  Restarting mosquitto too frequently in the last 10 seconds. It was only up for 4 seconds
10:24:21 INFO  Delaying execution by 7 seconds
10:24:42 INFO  Executed sudo&lt;tedge_connect_c8y&gt;, exit status 0, duration 14 secs
10:24:43 INFO  Executed sudo&lt;tedge_connect_c8y_test&gt;, exit status 0
10:24:43 INFO  Executed systemctl&lt;serv_mosq2&gt;, exit status 0
10:24:44 INFO  Executed systemctl&lt;serv_mapper3&gt;, exit status 0
10:24:46 INFO  State of current operation: FAILED
10:24:46 WARN  TypeError occurred while running test - &#39;NoneType&#39; object is not iterable
Traceback (most recent call last):
  File &#34;/home/pi/env-pysys/lib/python3.7/site-packages/pysys/baserunner.py&#34;, line 1292, in __call__
    self.testObj.setup()
  File &#34;/home/pi/actions-runner/_work/thin-edge.io/thin-edge.io/tests/PySys/software_management_end_to_end/sm_apt_install_remove/run.py&#34;, line 28, in setup
    if self.check_is_installed(&#34;rolldice&#34;):
  File &#34;/home/pi/actions-runner/_work/thin-edge.io/thin-edge.io/tests/PySys/software_management_end_to_end/environment_sm_management.py&#34;, line 398, in check_is_installed
    for package in package_list:
TypeError: &#39;NoneType&#39; object is not iterable
10:24:46 WARN  TypeError: &#39;NoneType&#39; object is not iterable ... blocked 
10:24:46 INFO  
10:24:46 INFO  cleanup:
10:24:51 INFO  Executed sudo&lt;tedge_disconnect_c8y&gt;, exit status 0
10:24:51 INFO  Executed systemctl&lt;serv_mapper5&gt;, exit status 3
10:24:51 INFO  
10:24:51 INFO  Test duration: 30.61 secs
10:24:51 INFO  Test final outcome:  BLOCKED
10:24:51 INFO  Test outcome reason: TypeError: &#39;NoneType&#39; object is not iterable
10:24:51 INFO  
</pre>
                        </div>
                        
                        
                    </div>
                
                </div>
            </div>
            
        </div>
    </div>
    

    <div class="testsuite">
        <h2>Test Suite: SoftwareManagement.sm_apt_install_remove_default</h2>
        <a id="c91cc2bb-80f8-471b-8fcc-addd9ada13b3"></a>
        
        
        <h3>Results</h3>
        <table class="proplist">
            <tr>
                <th>Duration</th><td>0.0 sec</td>
            </tr>
            <tr>
                <th>Tests</th><td>1</td>
            </tr>
            <tr>
                <th>Failures</th><td>1</td>
            </tr>
        </table>

        <div class="testclasses">
            <h3>Tests</h3>
            
            <div class="testclass">
                <h4>PySysTest</h4>
                <div class="testcases">
                
                    <div class="test outcome outcome-failed">
                        <a id="a6edcac9-3029-40ef-a07c-c5df5a47ae4c"></a>
                        <table class="proplist">
                            <tr><th>Test case:</th><td><b>SoftwareManagement.sm_apt_install_remove_default</b></td></tr>
                            <tr><th>Outcome:</th><td>Failed</td></tr>
                            <tr><th>Duration:</th><td>0.0 sec</td></tr>
                        
                            <tr><th>Failed</th><td>BLOCKED: TypeError: &#39;NoneType&#39; object is not iterable</td></tr>
                        
                        
                        </table>

                        
                        <pre>failed</pre>
                        
                        

                        
                        
                        <div class="stdout"><i>Stdout</i><br>
                            <pre>10:24:51 INFO  ==============================================================
10:24:51 INFO  Id:    SoftwareManagement.sm_apt_install_remove_default
10:24:51 INFO  Dir:   software_management_end_to_end/
10:24:51 INFO  Title: Validate end to end behaviour for the default plugin for installation and removal of packages
10:24:51 INFO  ==============================================================
10:24:51 INFO  Using sw id database: {&#39;asciijump&#39;: &#39;5475369&#39;, &#39;robotfindskitten&#39;: &#39;5474869&#39;, &#39;squirrel3&#39;: &#39;5475279&#39;, &#39;rolldice&#39;: &#39;5152439&#39;, &#39;moon-buggy&#39;: &#39;5439204&#39;, &#39;apple&#39;: &#39;5495053&#39;, &#39;banana&#39;: &#39;5494888&#39;, &#39;cherry&#39;: &#39;5495382&#39;, &#39;watermelon&#39;: &#39;5494510&#39;, &#39;registry&#39;: &#39;8018911&#39;, &#39;hello-world&#39;: &#39;8021526&#39;, &#39;docker/getting-started&#39;: &#39;8021973&#39;, &#39;alpine&#39;: &#39;7991792&#39;}
10:24:51 INFO  EnvironmentC8y Setup
10:24:52 INFO  Executed systemctl&lt;serv_mapper1&gt;, exit status 3
10:24:52 INFO  Restarting mosquitto too frequently in the last 10 seconds. It was only up for 4 seconds
10:24:52 INFO  Delaying execution by 7 seconds
10:25:12 INFO  Executed sudo&lt;tedge_connect_c8y&gt;, exit status 0, duration 13 secs
10:25:13 INFO  Executed sudo&lt;tedge_connect_c8y_test&gt;, exit status 0
10:25:14 INFO  Executed systemctl&lt;serv_mosq2&gt;, exit status 0
10:25:14 INFO  Executed systemctl&lt;serv_mapper3&gt;, exit status 0
10:25:16 INFO  State of current operation: FAILED
10:25:17 WARN  TypeError occurred while running test - &#39;NoneType&#39; object is not iterable
Traceback (most recent call last):
  File &#34;/home/pi/env-pysys/lib/python3.7/site-packages/pysys/baserunner.py&#34;, line 1292, in __call__
    self.testObj.setup()
  File &#34;/home/pi/actions-runner/_work/thin-edge.io/thin-edge.io/tests/PySys/software_management_end_to_end/sm_apt_install_remove_default/run.py&#34;, line 27, in setup
    self.assertThat(&#34;False == value&#34;, value=self.check_is_installed(&#34;rolldice&#34;))
  File &#34;/home/pi/actions-runner/_work/thin-edge.io/thin-edge.io/tests/PySys/software_management_end_to_end/environment_sm_management.py&#34;, line 398, in check_is_installed
    for package in package_list:
TypeError: &#39;NoneType&#39; object is not iterable
10:25:17 WARN  TypeError: &#39;NoneType&#39; object is not iterable ... blocked 
10:25:17 INFO  
10:25:17 INFO  cleanup:
10:25:20 INFO  Executed sudo&lt;tedge_disconnect_c8y&gt;, exit status 0
10:25:21 INFO  Executed systemctl&lt;serv_mapper5&gt;, exit status 3
10:25:21 INFO  
10:25:21 INFO  Test duration: 29.91 secs
10:25:21 INFO  Test final outcome:  BLOCKED
10:25:21 INFO  Test outcome reason: TypeError: &#39;NoneType&#39; object is not iterable
10:25:21 INFO  
</pre>
                        </div>
                        
                        
                    </div>
                
                </div>
            </div>
            
        </div>
    </div>
    

    <div class="testsuite">
        <h2>Test Suite: SoftwareManagement.sm_apt_install_remove_multiple</h2>
        <a id="4f5edb5b-15fd-4b8b-873a-3c0de4949603"></a>
        
        
        <h3>Results</h3>
        <table class="proplist">
            <tr>
                <th>Duration</th><td>0.0 sec</td>
            </tr>
            <tr>
                <th>Tests</th><td>1</td>
            </tr>
            <tr>
                <th>Failures</th><td>1</td>
            </tr>
        </table>

        <div class="testclasses">
            <h3>Tests</h3>
            
            <div class="testclass">
                <h4>PySysTest</h4>
                <div class="testcases">
                
                    <div class="test outcome outcome-failed">
                        <a id="0fc65757-992c-466e-8dea-6b97f15e1517"></a>
                        <table class="proplist">
                            <tr><th>Test case:</th><td><b>SoftwareManagement.sm_apt_install_remove_multiple</b></td></tr>
                            <tr><th>Outcome:</th><td>Failed</td></tr>
                            <tr><th>Duration:</th><td>0.0 sec</td></tr>
                        
                            <tr><th>Failed</th><td>BLOCKED: TypeError: &#39;NoneType&#39; object is not iterable</td></tr>
                        
                        
                        </table>

                        
                        <pre>failed</pre>
                        
                        

                        
                        
                        <div class="stdout"><i>Stdout</i><br>
                            <pre>10:25:21 INFO  ==============================================================
10:25:21 INFO  Id:    SoftwareManagement.sm_apt_install_remove_multiple
10:25:21 INFO  Dir:   software_management_end_to_end/
10:25:21 INFO  Title: Validate end to end behaviour for the apt plugin for multiple packages
10:25:21 INFO  ==============================================================
10:25:21 INFO  Using sw id database: {&#39;asciijump&#39;: &#39;5475369&#39;, &#39;robotfindskitten&#39;: &#39;5474869&#39;, &#39;squirrel3&#39;: &#39;5475279&#39;, &#39;rolldice&#39;: &#39;5152439&#39;, &#39;moon-buggy&#39;: &#39;5439204&#39;, &#39;apple&#39;: &#39;5495053&#39;, &#39;banana&#39;: &#39;5494888&#39;, &#39;cherry&#39;: &#39;5495382&#39;, &#39;watermelon&#39;: &#39;5494510&#39;, &#39;registry&#39;: &#39;8018911&#39;, &#39;hello-world&#39;: &#39;8021526&#39;, &#39;docker/getting-started&#39;: &#39;8021973&#39;, &#39;alpine&#39;: &#39;7991792&#39;}
10:25:21 INFO  EnvironmentC8y Setup
10:25:22 INFO  Executed systemctl&lt;serv_mapper1&gt;, exit status 3
10:25:22 INFO  Restarting mosquitto too frequently in the last 10 seconds. It was only up for 4 seconds
10:25:22 INFO  Delaying execution by 7 seconds
10:25:43 INFO  Executed sudo&lt;tedge_connect_c8y&gt;, exit status 0, duration 13 secs
10:25:43 INFO  Executed sudo&lt;tedge_connect_c8y_test&gt;, exit status 0
10:25:44 INFO  Executed systemctl&lt;serv_mosq2&gt;, exit status 0
10:25:44 INFO  Executed systemctl&lt;serv_mapper3&gt;, exit status 0
10:25:47 INFO  State of current operation: FAILED
10:25:47 WARN  TypeError occurred while running test - &#39;NoneType&#39; object is not iterable
Traceback (most recent call last):
  File &#34;/home/pi/env-pysys/lib/python3.7/site-packages/pysys/baserunner.py&#34;, line 1292, in __call__
    self.testObj.setup()
  File &#34;/home/pi/actions-runner/_work/thin-edge.io/thin-edge.io/tests/PySys/software_management_end_to_end/sm_apt_install_remove_multiple/run.py&#34;, line 54, in setup
    self.assertThat(&#34;False == value&#34;, value=self.check_is_installed(&#34;rolldice&#34;))
  File &#34;/home/pi/actions-runner/_work/thin-edge.io/thin-edge.io/tests/PySys/software_management_end_to_end/environment_sm_management.py&#34;, line 398, in check_is_installed
    for package in package_list:
TypeError: &#39;NoneType&#39; object is not iterable
10:25:47 WARN  TypeError: &#39;NoneType&#39; object is not iterable ... blocked 
10:25:47 INFO  
10:25:47 INFO  cleanup:
10:25:51 INFO  Executed sudo&lt;tedge_disconnect_c8y&gt;, exit status 0
10:25:51 INFO  Executed systemctl&lt;serv_mapper5&gt;, exit status 3
10:25:51 INFO  
10:25:51 INFO  Test duration: 30.29 secs
10:25:51 INFO  Test final outcome:  BLOCKED
10:25:51 INFO  Test outcome reason: TypeError: &#39;NoneType&#39; object is not iterable
10:25:51 INFO  
</pre>
                        </div>
                        
                        
                    </div>
                
                </div>
            </div>
            
        </div>
    </div>
    

    <div class="testsuite">
        <h2>Test Suite: SoftwareManagement.sm_apt_install_remove_multiple_mixed</h2>
        <a id="03c10902-98f4-4edf-8e3a-28ba4b63fd16"></a>
        
        
        <h3>Results</h3>
        <table class="proplist">
            <tr>
                <th>Duration</th><td>0.0 sec</td>
            </tr>
            <tr>
                <th>Tests</th><td>1</td>
            </tr>
            <tr>
                <th>Failures</th><td>1</td>
            </tr>
        </table>

        <div class="testclasses">
            <h3>Tests</h3>
            
            <div class="testclass">
                <h4>PySysTest</h4>
                <div class="testcases">
                
                    <div class="test outcome outcome-failed">
                        <a id="eb564b86-0274-4072-bbd4-8d525256f012"></a>
                        <table class="proplist">
                            <tr><th>Test case:</th><td><b>SoftwareManagement.sm_apt_install_remove_multiple_mixed</b></td></tr>
                            <tr><th>Outcome:</th><td>Failed</td></tr>
                            <tr><th>Duration:</th><td>0.0 sec</td></tr>
                        
                            <tr><th>Failed</th><td>BLOCKED: TypeError: &#39;NoneType&#39; object is not iterable</td></tr>
                        
                        
                        </table>

                        
                        <pre>failed</pre>
                        
                        

                        
                        
                        <div class="stdout"><i>Stdout</i><br>
                            <pre>10:25:51 INFO  ==============================================================
10:25:51 INFO  Id:    SoftwareManagement.sm_apt_install_remove_multiple_mixed
10:25:51 INFO  Dir:   software_management_end_to_end/
10:25:51 INFO  Title: Validate end to end behaviour for the apt plugin for multiple packages with mixed versions
10:25:51 INFO  ==============================================================
10:25:51 INFO  Using sw id database: {&#39;asciijump&#39;: &#39;5475369&#39;, &#39;robotfindskitten&#39;: &#39;5474869&#39;, &#39;squirrel3&#39;: &#39;5475279&#39;, &#39;rolldice&#39;: &#39;5152439&#39;, &#39;moon-buggy&#39;: &#39;5439204&#39;, &#39;apple&#39;: &#39;5495053&#39;, &#39;banana&#39;: &#39;5494888&#39;, &#39;cherry&#39;: &#39;5495382&#39;, &#39;watermelon&#39;: &#39;5494510&#39;, &#39;registry&#39;: &#39;8018911&#39;, &#39;hello-world&#39;: &#39;8021526&#39;, &#39;docker/getting-started&#39;: &#39;8021973&#39;, &#39;alpine&#39;: &#39;7991792&#39;}
10:25:51 INFO  EnvironmentC8y Setup
10:25:52 INFO  Executed systemctl&lt;serv_mapper1&gt;, exit status 3
10:25:52 INFO  Restarting mosquitto too frequently in the last 10 seconds. It was only up for 4 seconds
10:25:52 INFO  Delaying execution by 7 seconds
10:26:13 INFO  Executed sudo&lt;tedge_connect_c8y&gt;, exit status 0, duration 13 secs
10:26:14 INFO  Executed sudo&lt;tedge_connect_c8y_test&gt;, exit status 0
10:26:14 INFO  Executed systemctl&lt;serv_mosq2&gt;, exit status 0
10:26:15 INFO  Executed systemctl&lt;serv_mapper3&gt;, exit status 0
10:26:17 INFO  State of current operation: FAILED
10:26:17 WARN  TypeError occurred while running test - &#39;NoneType&#39; object is not iterable
Traceback (most recent call last):
  File &#34;/home/pi/env-pysys/lib/python3.7/site-packages/pysys/baserunner.py&#34;, line 1292, in __call__
    self.testObj.setup()
  File &#34;/home/pi/actions-runner/_work/thin-edge.io/thin-edge.io/tests/PySys/software_management_end_to_end/sm_apt_install_remove_multiple_mixed/run.py&#34;, line 75, in setup
    self.assertThat(&#34;False == value&#34;, value=self.check_is_installed(&#34;asciijump&#34;))
  File &#34;/home/pi/actions-runner/_work/thin-edge.io/thin-edge.io/tests/PySys/software_management_end_to_end/environment_sm_management.py&#34;, line 398, in check_is_installed
    for package in package_list:
TypeError: &#39;NoneType&#39; object is not iterable
10:26:17 WARN  TypeError: &#39;NoneType&#39; object is not iterable ... blocked 
10:26:17 INFO  
10:26:17 INFO  cleanup:
10:26:21 INFO  Executed sudo&lt;tedge_disconnect_c8y&gt;, exit status 0
10:26:22 INFO  Executed systemctl&lt;serv_mapper5&gt;, exit status 3
10:26:22 INFO  
10:26:22 INFO  Test duration: 30.35 secs
10:26:22 INFO  Test final outcome:  BLOCKED
10:26:22 INFO  Test outcome reason: TypeError: &#39;NoneType&#39; object is not iterable
10:26:22 INFO  
</pre>
                        </div>
                        
                        
                    </div>
                
                </div>
            </div>
            
        </div>
    </div>
    

    <div class="testsuite">
        <h2>Test Suite: SoftwareManagement.sm_apt_install_remove_with_version</h2>
        <a id="072e9490-3c40-4918-83ad-b8709b05e0bc"></a>
        
        
        <h3>Results</h3>
        <table class="proplist">
            <tr>
                <th>Duration</th><td>0.0 sec</td>
            </tr>
            <tr>
                <th>Tests</th><td>1</td>
            </tr>
            <tr>
                <th>Failures</th><td>1</td>
            </tr>
        </table>

        <div class="testclasses">
            <h3>Tests</h3>
            
            <div class="testclass">
                <h4>PySysTest</h4>
                <div class="testcases">
                
                    <div class="test outcome outcome-failed">
                        <a id="4c3062aa-96f5-45da-99d9-78a2ca0237b0"></a>
                        <table class="proplist">
                            <tr><th>Test case:</th><td><b>SoftwareManagement.sm_apt_install_remove_with_version</b></td></tr>
                            <tr><th>Outcome:</th><td>Failed</td></tr>
                            <tr><th>Duration:</th><td>0.0 sec</td></tr>
                        
                            <tr><th>Failed</th><td>BLOCKED: TypeError: &#39;NoneType&#39; object is not iterable</td></tr>
                        
                        
                        </table>

                        
                        <pre>failed</pre>
                        
                        

                        
                        
                        <div class="stdout"><i>Stdout</i><br>
                            <pre>10:26:22 INFO  ==============================================================
10:26:22 INFO  Id:    SoftwareManagement.sm_apt_install_remove_with_version
10:26:22 INFO  Dir:   software_management_end_to_end/
10:26:22 INFO  Title: Validate end to end behaviour for the apt plugin for packages with version
10:26:22 INFO  ==============================================================
10:26:22 INFO  Using sw id database: {&#39;asciijump&#39;: &#39;5475369&#39;, &#39;robotfindskitten&#39;: &#39;5474869&#39;, &#39;squirrel3&#39;: &#39;5475279&#39;, &#39;rolldice&#39;: &#39;5152439&#39;, &#39;moon-buggy&#39;: &#39;5439204&#39;, &#39;apple&#39;: &#39;5495053&#39;, &#39;banana&#39;: &#39;5494888&#39;, &#39;cherry&#39;: &#39;5495382&#39;, &#39;watermelon&#39;: &#39;5494510&#39;, &#39;registry&#39;: &#39;8018911&#39;, &#39;hello-world&#39;: &#39;8021526&#39;, &#39;docker/getting-started&#39;: &#39;8021973&#39;, &#39;alpine&#39;: &#39;7991792&#39;}
10:26:22 INFO  EnvironmentC8y Setup
10:26:22 INFO  Executed systemctl&lt;serv_mapper1&gt;, exit status 3
10:26:23 INFO  Restarting mosquitto too frequently in the last 10 seconds. It was only up for 5 seconds
10:26:23 INFO  Delaying execution by 6 seconds
10:26:42 INFO  Executed sudo&lt;tedge_connect_c8y&gt;, exit status 0, duration 13 secs
10:26:43 INFO  Executed sudo&lt;tedge_connect_c8y_test&gt;, exit status 0
10:26:43 INFO  Executed systemctl&lt;serv_mosq2&gt;, exit status 0
10:26:44 INFO  Executed systemctl&lt;serv_mapper3&gt;, exit status 0
10:26:46 INFO  State of current operation: FAILED
10:26:46 WARN  TypeError occurred while running test - &#39;NoneType&#39; object is not iterable
Traceback (most recent call last):
  File &#34;/home/pi/env-pysys/lib/python3.7/site-packages/pysys/baserunner.py&#34;, line 1292, in __call__
    self.testObj.setup()
  File &#34;/home/pi/actions-runner/_work/thin-edge.io/thin-edge.io/tests/PySys/software_management_end_to_end/sm_apt_install_remove_with_version/run.py&#34;, line 29, in setup
    self.assertThat(&#34;False == value&#34;, value=self.check_is_installed(&#34;rolldice&#34;))
  File &#34;/home/pi/actions-runner/_work/thin-edge.io/thin-edge.io/tests/PySys/software_management_end_to_end/environment_sm_management.py&#34;, line 398, in check_is_installed
    for package in package_list:
TypeError: &#39;NoneType&#39; object is not iterable
10:26:46 WARN  TypeError: &#39;NoneType&#39; object is not iterable ... blocked 
10:26:46 INFO  
10:26:46 INFO  cleanup:
10:26:50 INFO  Executed sudo&lt;tedge_disconnect_c8y&gt;, exit status 0
10:26:51 INFO  Executed systemctl&lt;serv_mapper5&gt;, exit status 3
10:26:51 INFO  
10:26:51 INFO  Test duration: 28.93 secs
10:26:51 INFO  Test final outcome:  BLOCKED
10:26:51 INFO  Test outcome reason: TypeError: &#39;NoneType&#39; object is not iterable
10:26:51 INFO  
</pre>
                        </div>
                        
                        
                    </div>
                
                </div>
            </div>
            
        </div>
    </div>
    

    <div class="testsuite">
        <h2>Test Suite: apt_fail_noarg</h2>
        <a id="48d85709-a528-4f7c-8072-cc2ad7df1e60"></a>
        
        
        <h3>Results</h3>
        <table class="proplist">
            <tr>
                <th>Duration</th><td>0.0 sec</td>
            </tr>
            <tr>
                <th>Tests</th><td>1</td>
            </tr>
            <tr>
                <th>Failures</th><td>0</td>
            </tr>
        </table>

        <div class="testclasses">
            <h3>Tests</h3>
            
            <div class="testclass">
                <h4>AptPluginFailNoArg</h4>
                <div class="testcases">
                
                    <div class="test outcome outcome-passed">
                        <a id="86b74306-e845-459f-9853-8924ff43c456"></a>
                        <table class="proplist">
                            <tr><th>Test case:</th><td><b>apt_fail_noarg</b></td></tr>
                            <tr><th>Outcome:</th><td>Passed</td></tr>
                            <tr><th>Duration:</th><td>0.0 sec</td></tr>
                        
                            <tr><th>Failed</th><td>None</td></tr>
                        
                        
                        </table>

                        
                        <pre>None</pre>
                        
                        

                        
                        
                        
                    </div>
                
                </div>
            </div>
            
        </div>
    </div>
    

    <div class="testsuite">
        <h2>Test Suite: apt_finalize</h2>
        <a id="fb56c453-3168-46ff-a843-61f0b4ef8f6d"></a>
        
        
        <h3>Results</h3>
        <table class="proplist">
            <tr>
                <th>Duration</th><td>0.0 sec</td>
            </tr>
            <tr>
                <th>Tests</th><td>1</td>
            </tr>
            <tr>
                <th>Failures</th><td>0</td>
            </tr>
        </table>

        <div class="testclasses">
            <h3>Tests</h3>
            
            <div class="testclass">
                <h4>AptPluginFinalize</h4>
                <div class="testcases">
                
                    <div class="test outcome outcome-passed">
                        <a id="0f8eff2d-84ca-4b4c-90da-547758dc2116"></a>
                        <table class="proplist">
                            <tr><th>Test case:</th><td><b>apt_finalize</b></td></tr>
                            <tr><th>Outcome:</th><td>Passed</td></tr>
                            <tr><th>Duration:</th><td>0.0 sec</td></tr>
                        
                            <tr><th>Failed</th><td>None</td></tr>
                        
                        
                        </table>

                        
                        <pre>None</pre>
                        
                        

                        
                        
                        
                    </div>
                
                </div>
            </div>
            
        </div>
    </div>
    

    <div class="testsuite">
        <h2>Test Suite: apt_install</h2>
        <a id="e9111339-651e-415d-aa02-c59e4d2bbeb2"></a>
        
        
        <h3>Results</h3>
        <table class="proplist">
            <tr>
                <th>Duration</th><td>0.0 sec</td>
            </tr>
            <tr>
                <th>Tests</th><td>1</td>
            </tr>
            <tr>
                <th>Failures</th><td>0</td>
            </tr>
        </table>

        <div class="testclasses">
            <h3>Tests</h3>
            
            <div class="testclass">
                <h4>AptPluginInstallDense</h4>
                <div class="testcases">
                
                    <div class="test outcome outcome-passed">
                        <a id="79743529-f2e5-443f-9480-e386623eb916"></a>
                        <table class="proplist">
                            <tr><th>Test case:</th><td><b>apt_install</b></td></tr>
                            <tr><th>Outcome:</th><td>Passed</td></tr>
                            <tr><th>Duration:</th><td>0.0 sec</td></tr>
                        
                            <tr><th>Failed</th><td>None</td></tr>
                        
                        
                        </table>

                        
                        <pre>None</pre>
                        
                        

                        
                        
                        
                    </div>
                
                </div>
            </div>
            
        </div>
    </div>
    

    <div class="testsuite">
        <h2>Test Suite: apt_install_fail</h2>
        <a id="3a83064f-3b82-4eef-b73d-9c762d3faff6"></a>
        
        
        <h3>Results</h3>
        <table class="proplist">
            <tr>
                <th>Duration</th><td>0.0 sec</td>
            </tr>
            <tr>
                <th>Tests</th><td>1</td>
            </tr>
            <tr>
                <th>Failures</th><td>0</td>
            </tr>
        </table>

        <div class="testclasses">
            <h3>Tests</h3>
            
            <div class="testclass">
                <h4>AptPluginInstallFail</h4>
                <div class="testcases">
                
                    <div class="test outcome outcome-passed">
                        <a id="fc8615f2-34d5-440c-bd6d-fb89c7fd1e0f"></a>
                        <table class="proplist">
                            <tr><th>Test case:</th><td><b>apt_install_fail</b></td></tr>
                            <tr><th>Outcome:</th><td>Passed</td></tr>
                            <tr><th>Duration:</th><td>0.0 sec</td></tr>
                        
                            <tr><th>Failed</th><td>None</td></tr>
                        
                        
                        </table>

                        
                        <pre>None</pre>
                        
                        

                        
                        
                        
                    </div>
                
                </div>
            </div>
            
        </div>
    </div>
    

    <div class="testsuite">
        <h2>Test Suite: apt_install_local_file</h2>
        <a id="4a65ad0c-fad3-4e74-9f31-0b8a722bfeff"></a>
        
        
        <h3>Results</h3>
        <table class="proplist">
            <tr>
                <th>Duration</th><td>0.0 sec</td>
            </tr>
            <tr>
                <th>Tests</th><td>1</td>
            </tr>
            <tr>
                <th>Failures</th><td>0</td>
            </tr>
        </table>

        <div class="testclasses">
            <h3>Tests</h3>
            
            <div class="testclass">
                <h4>AptPluginInstallFromLocalFile</h4>
                <div class="testcases">
                
                    <div class="test outcome outcome-passed">
                        <a id="90ba7ab1-cbb9-4669-ad88-10fcfe621c19"></a>
                        <table class="proplist">
                            <tr><th>Test case:</th><td><b>apt_install_local_file</b></td></tr>
                            <tr><th>Outcome:</th><td>Passed</td></tr>
                            <tr><th>Duration:</th><td>0.0 sec</td></tr>
                        
                            <tr><th>Failed</th><td>None</td></tr>
                        
                        
                        </table>

                        
                        <pre>None</pre>
                        
                        

                        
                        
                        
                    </div>
                
                </div>
            </div>
            
        </div>
    </div>
    

    <div class="testsuite">
        <h2>Test Suite: apt_install_local_file_fail</h2>
        <a id="2c4a4131-d702-4a7d-9ff0-0be20fb682d9"></a>
        
        
        <h3>Results</h3>
        <table class="proplist">
            <tr>
                <th>Duration</th><td>0.0 sec</td>
            </tr>
            <tr>
                <th>Tests</th><td>1</td>
            </tr>
            <tr>
                <th>Failures</th><td>0</td>
            </tr>
        </table>

        <div class="testclasses">
            <h3>Tests</h3>
            
            <div class="testclass">
                <h4>AptPluginInstallFromLocalFileFail</h4>
                <div class="testcases">
                
                    <div class="test outcome outcome-passed">
                        <a id="e84e3d18-297d-4d3d-94d3-7279904313f5"></a>
                        <table class="proplist">
                            <tr><th>Test case:</th><td><b>apt_install_local_file_fail</b></td></tr>
                            <tr><th>Outcome:</th><td>Passed</td></tr>
                            <tr><th>Duration:</th><td>0.0 sec</td></tr>
                        
                            <tr><th>Failed</th><td>None</td></tr>
                        
                        
                        </table>

                        
                        <pre>None</pre>
                        
                        

                        
                        
                        
                    </div>
                
                </div>
            </div>
            
        </div>
    </div>
    

    <div class="testsuite">
        <h2>Test Suite: apt_install_local_file_with_version</h2>
        <a id="71d18b98-d180-4f85-885c-45632a78b846"></a>
        
        
        <h3>Results</h3>
        <table class="proplist">
            <tr>
                <th>Duration</th><td>0.0 sec</td>
            </tr>
            <tr>
                <th>Tests</th><td>1</td>
            </tr>
            <tr>
                <th>Failures</th><td>0</td>
            </tr>
        </table>

        <div class="testclasses">
            <h3>Tests</h3>
            
            <div class="testclass">
                <h4>AptPluginInstallFromLocalFileWithVersion</h4>
                <div class="testcases">
                
                    <div class="test outcome outcome-passed">
                        <a id="79de2f66-e4e5-4dca-b410-bdf4fa13f466"></a>
                        <table class="proplist">
                            <tr><th>Test case:</th><td><b>apt_install_local_file_with_version</b></td></tr>
                            <tr><th>Outcome:</th><td>Passed</td></tr>
                            <tr><th>Duration:</th><td>0.0 sec</td></tr>
                        
                            <tr><th>Failed</th><td>None</td></tr>
                        
                        
                        </table>

                        
                        <pre>None</pre>
                        
                        

                        
                        
                        
                    </div>
                
                </div>
            </div>
            
        </div>
    </div>
    

    <div class="testsuite">
        <h2>Test Suite: apt_install_local_file_with_version_fail</h2>
        <a id="71d03a42-7ae1-4c41-b172-db2118477ab9"></a>
        
        
        <h3>Results</h3>
        <table class="proplist">
            <tr>
                <th>Duration</th><td>0.0 sec</td>
            </tr>
            <tr>
                <th>Tests</th><td>1</td>
            </tr>
            <tr>
                <th>Failures</th><td>0</td>
            </tr>
        </table>

        <div class="testclasses">
            <h3>Tests</h3>
            
            <div class="testclass">
                <h4>AptPluginInstallFromLocalFileWithVersionFail</h4>
                <div class="testcases">
                
                    <div class="test outcome outcome-passed">
                        <a id="9125bc44-9a98-41f8-9f76-1b5fd16749cc"></a>
                        <table class="proplist">
                            <tr><th>Test case:</th><td><b>apt_install_local_file_with_version_fail</b></td></tr>
                            <tr><th>Outcome:</th><td>Passed</td></tr>
                            <tr><th>Duration:</th><td>0.0 sec</td></tr>
                        
                            <tr><th>Failed</th><td>None</td></tr>
                        
                        
                        </table>

                        
                        <pre>None</pre>
                        
                        

                        
                        
                        
                    </div>
                
                </div>
            </div>
            
        </div>
    </div>
    

    <div class="testsuite">
        <h2>Test Suite: apt_list_format</h2>
        <a id="87f15b4d-eb43-4535-8e5d-4f93b5bea1d6"></a>
        
        
        <h3>Results</h3>
        <table class="proplist">
            <tr>
                <th>Duration</th><td>0.0 sec</td>
            </tr>
            <tr>
                <th>Tests</th><td>1</td>
            </tr>
            <tr>
                <th>Failures</th><td>0</td>
            </tr>
        </table>

        <div class="testclasses">
            <h3>Tests</h3>
            
            <div class="testclass">
                <h4>AptPluginListFormat</h4>
                <div class="testcases">
                
                    <div class="test outcome outcome-passed">
                        <a id="dc27d85c-9d99-4323-8810-56f7b667ad5c"></a>
                        <table class="proplist">
                            <tr><th>Test case:</th><td><b>apt_list_format</b></td></tr>
                            <tr><th>Outcome:</th><td>Passed</td></tr>
                            <tr><th>Duration:</th><td>0.0 sec</td></tr>
                        
                            <tr><th>Failed</th><td>None</td></tr>
                        
                        
                        </table>

                        
                        <pre>None</pre>
                        
                        

                        
                        
                        
                    </div>
                
                </div>
            </div>
            
        </div>
    </div>
    

    <div class="testsuite">
        <h2>Test Suite: apt_prepare</h2>
        <a id="657e6b1e-cdd0-4e85-a88c-eac9c2525f88"></a>
        
        
        <h3>Results</h3>
        <table class="proplist">
            <tr>
                <th>Duration</th><td>0.0 sec</td>
            </tr>
            <tr>
                <th>Tests</th><td>1</td>
            </tr>
            <tr>
                <th>Failures</th><td>0</td>
            </tr>
        </table>

        <div class="testclasses">
            <h3>Tests</h3>
            
            <div class="testclass">
                <h4>AptPluginPrepare</h4>
                <div class="testcases">
                
                    <div class="test outcome outcome-passed">
                        <a id="34854b10-5e79-47ad-b0d8-de493aae1729"></a>
                        <table class="proplist">
                            <tr><th>Test case:</th><td><b>apt_prepare</b></td></tr>
                            <tr><th>Outcome:</th><td>Passed</td></tr>
                            <tr><th>Duration:</th><td>0.0 sec</td></tr>
                        
                            <tr><th>Failed</th><td>None</td></tr>
                        
                        
                        </table>

                        
                        <pre>None</pre>
                        
                        

                        
                        
                        
                    </div>
                
                </div>
            </div>
            
        </div>
    </div>
    

    <div class="testsuite">
        <h2>Test Suite: apt_prepare_install_finalize</h2>
        <a id="d3b25722-d77b-409e-bbc9-230315043a51"></a>
        
        
        <h3>Results</h3>
        <table class="proplist">
            <tr>
                <th>Duration</th><td>0.0 sec</td>
            </tr>
            <tr>
                <th>Tests</th><td>1</td>
            </tr>
            <tr>
                <th>Failures</th><td>0</td>
            </tr>
        </table>

        <div class="testclasses">
            <h3>Tests</h3>
            
            <div class="testclass">
                <h4>AptPluginPrepareInstallFinalize</h4>
                <div class="testcases">
                
                    <div class="test outcome outcome-passed">
                        <a id="97107766-0904-4e2b-8526-7b9f5964e167"></a>
                        <table class="proplist">
                            <tr><th>Test case:</th><td><b>apt_prepare_install_finalize</b></td></tr>
                            <tr><th>Outcome:</th><td>Passed</td></tr>
                            <tr><th>Duration:</th><td>0.0 sec</td></tr>
                        
                            <tr><th>Failed</th><td>None</td></tr>
                        
                        
                        </table>

                        
                        <pre>None</pre>
                        
                        

                        
                        
                        
                    </div>
                
                </div>
            </div>
            
        </div>
    </div>
    

    <div class="testsuite">
        <h2>Test Suite: apt_remove</h2>
        <a id="fc6306f4-376f-4f00-a2dc-dedc8a4407b3"></a>
        
        
        <h3>Results</h3>
        <table class="proplist">
            <tr>
                <th>Duration</th><td>0.0 sec</td>
            </tr>
            <tr>
                <th>Tests</th><td>1</td>
            </tr>
            <tr>
                <th>Failures</th><td>0</td>
            </tr>
        </table>

        <div class="testclasses">
            <h3>Tests</h3>
            
            <div class="testclass">
                <h4>AptPluginRemoveDense</h4>
                <div class="testcases">
                
                    <div class="test outcome outcome-passed">
                        <a id="afe3901a-a9ab-4966-a247-15663bde24cb"></a>
                        <table class="proplist">
                            <tr><th>Test case:</th><td><b>apt_remove</b></td></tr>
                            <tr><th>Outcome:</th><td>Passed</td></tr>
                            <tr><th>Duration:</th><td>0.0 sec</td></tr>
                        
                            <tr><th>Failed</th><td>None</td></tr>
                        
                        
                        </table>

                        
                        <pre>None</pre>
                        
                        

                        
                        
                        
                    </div>
                
                </div>
            </div>
            
        </div>
    </div>
    

    <div class="testsuite">
        <h2>Test Suite: apt_remove_fail</h2>
        <a id="c4b8f468-7492-4cdc-8616-d3169239e768"></a>
        
        
        <h3>Results</h3>
        <table class="proplist">
            <tr>
                <th>Duration</th><td>0.0 sec</td>
            </tr>
            <tr>
                <th>Tests</th><td>1</td>
            </tr>
            <tr>
                <th>Failures</th><td>0</td>
            </tr>
        </table>

        <div class="testclasses">
            <h3>Tests</h3>
            
            <div class="testclass">
                <h4>AptPluginRemoveFails</h4>
                <div class="testcases">
                
                    <div class="test outcome outcome-passed">
                        <a id="71036a60-1474-4a14-aff3-23af5110d990"></a>
                        <table class="proplist">
                            <tr><th>Test case:</th><td><b>apt_remove_fail</b></td></tr>
                            <tr><th>Outcome:</th><td>Passed</td></tr>
                            <tr><th>Duration:</th><td>0.0 sec</td></tr>
                        
                            <tr><th>Failed</th><td>None</td></tr>
                        
                        
                        </table>

                        
                        <pre>None</pre>
                        
                        

                        
                        
                        
                    </div>
                
                </div>
            </div>
            
        </div>
    </div>
    

    <div class="testsuite">
        <h2>Test Suite: apt_sequence_install_with_version</h2>
        <a id="084bceff-7570-472c-ad5e-01a86909727b"></a>
        
        
        <h3>Results</h3>
        <table class="proplist">
            <tr>
                <th>Duration</th><td>0.0 sec</td>
            </tr>
            <tr>
                <th>Tests</th><td>1</td>
            </tr>
            <tr>
                <th>Failures</th><td>0</td>
            </tr>
        </table>

        <div class="testclasses">
            <h3>Tests</h3>
            
            <div class="testclass">
                <h4>AptPluginPrepInstallWithVersionFinalize</h4>
                <div class="testcases">
                
                    <div class="test outcome outcome-passed">
                        <a id="a38e0080-7b74-4860-a767-a8bf6a541fb6"></a>
                        <table class="proplist">
                            <tr><th>Test case:</th><td><b>apt_sequence_install_with_version</b></td></tr>
                            <tr><th>Outcome:</th><td>Passed</td></tr>
                            <tr><th>Duration:</th><td>0.0 sec</td></tr>
                        
                            <tr><th>Failed</th><td>None</td></tr>
                        
                        
                        </table>

                        
                        <pre>None</pre>
                        
                        

                        
                        
                        
                    </div>
                
                </div>
            </div>
            
        </div>
    </div>
    

    <div class="testsuite">
        <h2>Test Suite: apt_sequence_install_with_version_fail</h2>
        <a id="07a24fd1-3dde-42fa-a9f2-9312ff132d75"></a>
        
        
        <h3>Results</h3>
        <table class="proplist">
            <tr>
                <th>Duration</th><td>0.0 sec</td>
            </tr>
            <tr>
                <th>Tests</th><td>1</td>
            </tr>
            <tr>
                <th>Failures</th><td>0</td>
            </tr>
        </table>

        <div class="testclasses">
            <h3>Tests</h3>
            
            <div class="testclass">
                <h4>AptPluginInstallWithVersionFails</h4>
                <div class="testcases">
                
                    <div class="test outcome outcome-passed">
                        <a id="14a6ac29-c283-46e5-8d1b-5ba6049e6a58"></a>
                        <table class="proplist">
                            <tr><th>Test case:</th><td><b>apt_sequence_install_with_version_fail</b></td></tr>
                            <tr><th>Outcome:</th><td>Passed</td></tr>
                            <tr><th>Duration:</th><td>0.0 sec</td></tr>
                        
                            <tr><th>Failed</th><td>None</td></tr>
                        
                        
                        </table>

                        
                        <pre>None</pre>
                        
                        

                        
                        
                        
                    </div>
                
                </div>
            </div>
            
        </div>
    </div>
    

    <div class="testsuite">
        <h2>Test Suite: apt_sequence_remove</h2>
        <a id="d6fc1351-7482-49fe-b2ee-a38fc3ffa236"></a>
        
        
        <h3>Results</h3>
        <table class="proplist">
            <tr>
                <th>Duration</th><td>0.0 sec</td>
            </tr>
            <tr>
                <th>Tests</th><td>1</td>
            </tr>
            <tr>
                <th>Failures</th><td>0</td>
            </tr>
        </table>

        <div class="testclasses">
            <h3>Tests</h3>
            
            <div class="testclass">
                <h4>AptPluginInstallPrepareRemoveFinalize</h4>
                <div class="testcases">
                
                    <div class="test outcome outcome-passed">
                        <a id="af50fe9b-1426-46aa-a465-264a50dc8d8f"></a>
                        <table class="proplist">
                            <tr><th>Test case:</th><td><b>apt_sequence_remove</b></td></tr>
                            <tr><th>Outcome:</th><td>Passed</td></tr>
                            <tr><th>Duration:</th><td>0.0 sec</td></tr>
                        
                            <tr><th>Failed</th><td>None</td></tr>
                        
                        
                        </table>

                        
                        <pre>None</pre>
                        
                        

                        
                        
                        
                    </div>
                
                </div>
            </div>
            
        </div>
    </div>
    

    <div class="testsuite">
        <h2>Test Suite: apt_sequence_remove_with_version</h2>
        <a id="2d69ac48-a15b-4295-a3d1-2ab016d960fd"></a>
        
        
        <h3>Results</h3>
        <table class="proplist">
            <tr>
                <th>Duration</th><td>0.0 sec</td>
            </tr>
            <tr>
                <th>Tests</th><td>1</td>
            </tr>
            <tr>
                <th>Failures</th><td>0</td>
            </tr>
        </table>

        <div class="testclasses">
            <h3>Tests</h3>
            
            <div class="testclass">
                <h4>AptPluginRemoveWithVersion</h4>
                <div class="testcases">
                
                    <div class="test outcome outcome-passed">
                        <a id="a4274da6-e170-4e1d-92aa-2ac3f418f8e3"></a>
                        <table class="proplist">
                            <tr><th>Test case:</th><td><b>apt_sequence_remove_with_version</b></td></tr>
                            <tr><th>Outcome:</th><td>Passed</td></tr>
                            <tr><th>Duration:</th><td>0.0 sec</td></tr>
                        
                            <tr><th>Failed</th><td>None</td></tr>
                        
                        
                        </table>

                        
                        <pre>None</pre>
                        
                        

                        
                        
                        
                    </div>
                
                </div>
            </div>
            
        </div>
    </div>
    

    <div class="testsuite">
        <h2>Test Suite: apt_sequence_remove_with_version_fail</h2>
        <a id="87ee1bee-0189-430a-ac4f-6826ca6fe71f"></a>
        
        
        <h3>Results</h3>
        <table class="proplist">
            <tr>
                <th>Duration</th><td>0.0 sec</td>
            </tr>
            <tr>
                <th>Tests</th><td>1</td>
            </tr>
            <tr>
                <th>Failures</th><td>0</td>
            </tr>
        </table>

        <div class="testclasses">
            <h3>Tests</h3>
            
            <div class="testclass">
                <h4>AptPluginRemoveWithVersionFails</h4>
                <div class="testcases">
                
                    <div class="test outcome outcome-passed">
                        <a id="dc767a06-ec36-4ad1-889b-3bb16717d985"></a>
                        <table class="proplist">
                            <tr><th>Test case:</th><td><b>apt_sequence_remove_with_version_fail</b></td></tr>
                            <tr><th>Outcome:</th><td>Passed</td></tr>
                            <tr><th>Duration:</th><td>0.0 sec</td></tr>
                        
                            <tr><th>Failed</th><td>None</td></tr>
                        
                        
                        </table>

                        
                        <pre>None</pre>
                        
                        

                        
                        
                        
                    </div>
                
                </div>
            </div>
            
        </div>
    </div>
    

    <div class="testsuite">
        <h2>Test Suite: apt_update_list</h2>
        <a id="46b3f9f9-7879-4cf3-881c-0ad680bb0bae"></a>
        
        
        <h3>Results</h3>
        <table class="proplist">
            <tr>
                <th>Duration</th><td>0.0 sec</td>
            </tr>
            <tr>
                <th>Tests</th><td>1</td>
            </tr>
            <tr>
                <th>Failures</th><td>0</td>
            </tr>
        </table>

        <div class="testclasses">
            <h3>Tests</h3>
            
            <div class="testclass">
                <h4>AptPluginUpdateList</h4>
                <div class="testcases">
                
                    <div class="test outcome outcome-passed">
                        <a id="841387ff-f8d8-45de-b1c2-1a8f1a16352d"></a>
                        <table class="proplist">
                            <tr><th>Test case:</th><td><b>apt_update_list</b></td></tr>
                            <tr><th>Outcome:</th><td>Passed</td></tr>
                            <tr><th>Duration:</th><td>0.0 sec</td></tr>
                        
                            <tr><th>Failed</th><td>None</td></tr>
                        
                        
                        </table>

                        
                        <pre>None</pre>
                        
                        

                        
                        
                        
                    </div>
                
                </div>
            </div>
            
        </div>
    </div>
    

    <div class="testsuite">
        <h2>Test Suite: apt_wrong_option</h2>
        <a id="11c17140-552b-420c-8e89-f681e14b8353"></a>
        
        
        <h3>Results</h3>
        <table class="proplist">
            <tr>
                <th>Duration</th><td>0.0 sec</td>
            </tr>
            <tr>
                <th>Tests</th><td>1</td>
            </tr>
            <tr>
                <th>Failures</th><td>0</td>
            </tr>
        </table>

        <div class="testclasses">
            <h3>Tests</h3>
            
            <div class="testclass">
                <h4>AptPluginWrongOption</h4>
                <div class="testcases">
                
                    <div class="test outcome outcome-passed">
                        <a id="7a42c466-0517-4766-b400-54c1435bfa6e"></a>
                        <table class="proplist">
                            <tr><th>Test case:</th><td><b>apt_wrong_option</b></td></tr>
                            <tr><th>Outcome:</th><td>Passed</td></tr>
                            <tr><th>Duration:</th><td>0.0 sec</td></tr>
                        
                            <tr><th>Failed</th><td>None</td></tr>
                        
                        
                        </table>

                        
                        <pre>None</pre>
                        
                        

                        
                        
                        
                    </div>
                
                </div>
            </div>
            
        </div>
    </div>
    

    <div class="testsuite">
        <h2>Test Suite: SoftwareManagement.Plugin.apama_plugin_install</h2>
        <a id="ad6d464f-104b-41da-9719-b4d75b4484f1"></a>
        
        
        <h3>Results</h3>
        <table class="proplist">
            <tr>
                <th>Duration</th><td>0.0 sec</td>
            </tr>
            <tr>
                <th>Tests</th><td>1</td>
            </tr>
            <tr>
                <th>Failures</th><td>0</td>
            </tr>
        </table>

        <div class="testclasses">
            <h3>Tests</h3>
            
            <div class="testclass">
                <h4>ApamaPluginInstallTest</h4>
                <div class="testcases">
                
                    <div class="test outcome outcome-passed">
                        <a id="70d7f9ed-5c9f-4d7e-aee4-4a9722e0b4f2"></a>
                        <table class="proplist">
                            <tr><th>Test case:</th><td><b>SoftwareManagement.Plugin.apama_plugin_install</b></td></tr>
                            <tr><th>Outcome:</th><td>Passed</td></tr>
                            <tr><th>Duration:</th><td>0.0 sec</td></tr>
                        
                            <tr><th>Failed</th><td>None</td></tr>
                        
                        
                        </table>

                        
                        <pre>None</pre>
                        
                        

                        
                        
                        
                    </div>
                
                </div>
            </div>
            
        </div>
    </div>
    

    <div class="testsuite">
        <h2>Test Suite: SoftwareManagement.Plugin.apama_plugin_mon_support</h2>
        <a id="b821476c-8635-4bb4-9202-25e999c515bb"></a>
        
        
        <h3>Results</h3>
        <table class="proplist">
            <tr>
                <th>Duration</th><td>0.0 sec</td>
            </tr>
            <tr>
                <th>Tests</th><td>1</td>
            </tr>
            <tr>
                <th>Failures</th><td>0</td>
            </tr>
        </table>

        <div class="testclasses">
            <h3>Tests</h3>
            
            <div class="testclass">
                <h4>ApamaPluginMonSupportTest</h4>
                <div class="testcases">
                
                    <div class="test outcome outcome-passed">
                        <a id="ff9505a6-5623-4dfd-820f-2d168688833f"></a>
                        <table class="proplist">
                            <tr><th>Test case:</th><td><b>SoftwareManagement.Plugin.apama_plugin_mon_support</b></td></tr>
                            <tr><th>Outcome:</th><td>Passed</td></tr>
                            <tr><th>Duration:</th><td>0.0 sec</td></tr>
                        
                            <tr><th>Failed</th><td>None</td></tr>
                        
                        
                        </table>

                        
                        <pre>None</pre>
                        
                        

                        
                        
                        
                    </div>
                
                </div>
            </div>
            
        </div>
    </div>
    

    <div class="testsuite">
        <h2>Test Suite: SoftwareManagement.Plugin.apama_plugin_remove</h2>
        <a id="5f1b9c2f-d20e-417e-bcba-132b9192525c"></a>
        
        
        <h3>Results</h3>
        <table class="proplist">
            <tr>
                <th>Duration</th><td>0.0 sec</td>
            </tr>
            <tr>
                <th>Tests</th><td>1</td>
            </tr>
            <tr>
                <th>Failures</th><td>0</td>
            </tr>
        </table>

        <div class="testclasses">
            <h3>Tests</h3>
            
            <div class="testclass">
                <h4>ApamaPluginRemoveTest</h4>
                <div class="testcases">
                
                    <div class="test outcome outcome-passed">
                        <a id="8e9223f6-3dae-46aa-9f36-f9354020a270"></a>
                        <table class="proplist">
                            <tr><th>Test case:</th><td><b>SoftwareManagement.Plugin.apama_plugin_remove</b></td></tr>
                            <tr><th>Outcome:</th><td>Passed</td></tr>
                            <tr><th>Duration:</th><td>0.0 sec</td></tr>
                        
                            <tr><th>Failed</th><td>None</td></tr>
                        
                        
                        </table>

                        
                        <pre>None</pre>
                        
                        

                        
                        
                        
                    </div>
                
                </div>
            </div>
            
        </div>
    </div>
    

    <div class="testsuite">
        <h2>Test Suite: SoftwareManagement.Plugin.apama_plugin_update</h2>
        <a id="7fa93eb1-c1ce-49f9-9c50-80c83a408e52"></a>
        
        
        <h3>Results</h3>
        <table class="proplist">
            <tr>
                <th>Duration</th><td>0.0 sec</td>
            </tr>
            <tr>
                <th>Tests</th><td>1</td>
            </tr>
            <tr>
                <th>Failures</th><td>1</td>
            </tr>
        </table>

        <div class="testclasses">
            <h3>Tests</h3>
            
            <div class="testclass">
                <h4>ApamaPluginUpdateTest</h4>
                <div class="testcases">
                
                    <div class="test outcome outcome-failed">
                        <a id="35fe4696-59b8-4b6e-bdef-a77b9d19957e"></a>
                        <table class="proplist">
                            <tr><th>Test case:</th><td><b>SoftwareManagement.Plugin.apama_plugin_update</b></td></tr>
                            <tr><th>Outcome:</th><td>Failed</td></tr>
                            <tr><th>Duration:</th><td>0.0 sec</td></tr>
                        
                            <tr><th>Failed</th><td>BLOCKED: sudo&lt;plugin_install&gt; returned non-zero exit code 2</td></tr>
                        
                        
                        </table>

                        
                        <pre>failed</pre>
                        
                        

                        
                        
                        <div class="stdout"><i>Stdout</i><br>
                            <pre>10:28:10 INFO  ==============================================================
10:28:10 INFO  Id:    SoftwareManagement.Plugin.apama_plugin_update
10:28:10 INFO  Dir:   plugin_apama/
10:28:10 INFO  Title: Validate apama plugin updating one project with another
10:28:10 INFO  ==============================================================
10:28:10 INFO  Assertion that path exists=False for &#34;/etc/tedge/apama/project&#34; ... passed
10:28:10 INFO  Executed sudo&lt;create_project_dir&gt;, exit status 0
10:28:11 INFO  Executed sudo&lt;unzip_apama_project&gt;, exit status 0
10:28:11 INFO  Executed sudo&lt;move_apama_project&gt;, exit status 0
10:28:12 INFO  Executed sudo&lt;restart_apama_service&gt;, exit status 0
10:28:13 INFO  Executed sudo&lt;apama_correlator_wait&gt;, exit status 0
10:28:13 INFO  Assertion that path exists=True for &#34;/etc/tedge/apama/project&#34; ... passed
10:28:14 INFO  Executed sudo&lt;apama_list_monitors&gt;, exit status 0
10:28:14 INFO  Grep on file /home/pi/actions-runner/_work/thin-edge.io/thin-edge.io/tests/PySys/plugin_apama/apama_plugin_update/Output/linux/apama_list_monitors.out ... passed
10:28:15 WARN  Executed sudo&lt;plugin_install&gt;, exit status 2
10:28:15 INFO  Contents of plugin_install.err: 
  ERROR: Directory not empty (os error 39)
  -----

10:28:15 WARN  sudo&lt;plugin_install&gt; returned non-zero exit code 2 ... blocked [run.py:35]
10:28:15 WARN  Aborted test due to BLOCKED outcome
10:28:15 INFO  
10:28:15 INFO  cleanup:
10:28:15 INFO  Removing apama project
10:28:31 INFO  Executed sudo&lt;stop_apama_service&gt;, exit status 0, duration 15 secs
10:28:31 INFO  Executed sudo&lt;remove_apama_project&gt;, exit status 0
10:28:32 INFO  Executed sudo&lt;remove_apama_tmp_dir&gt;, exit status 0
10:28:32 INFO  
10:28:32 INFO  Test duration: 21.95 secs
10:28:32 INFO  Test final outcome:  BLOCKED
10:28:32 INFO  Test outcome reason: sudo&lt;plugin_install&gt; returned non-zero exit code 2
10:28:32 INFO  
</pre>
                        </div>
                        
                        
                    </div>
                
                </div>
            </div>
            
        </div>
    </div>
    

    <div class="testsuite">
        <h2>Test Suite: SoftwareManagement.sm_docker_install_remove_multiple</h2>
        <a id="ff3d453e-37e0-459a-9a05-503f2f8742e9"></a>
        
        
        <h3>Results</h3>
        <table class="proplist">
            <tr>
                <th>Duration</th><td>0.0 sec</td>
            </tr>
            <tr>
                <th>Tests</th><td>1</td>
            </tr>
            <tr>
                <th>Failures</th><td>1</td>
            </tr>
        </table>

        <div class="testclasses">
            <h3>Tests</h3>
            
            <div class="testclass">
                <h4>SMDockerInstallRemove</h4>
                <div class="testcases">
                
                    <div class="test outcome outcome-failed">
                        <a id="7a13f44c-e8ee-46a3-8e76-761d5828f27f"></a>
                        <table class="proplist">
                            <tr><th>Test case:</th><td><b>SoftwareManagement.sm_docker_install_remove_multiple</b></td></tr>
                            <tr><th>Outcome:</th><td>Failed</td></tr>
                            <tr><th>Duration:</th><td>0.0 sec</td></tr>
                        
                            <tr><th>Failed</th><td>BLOCKED: SystemError: Timeout while waiting for status SUCCESSFUL or False</td></tr>
                        
                        
                        </table>

                        
                        <pre>failed</pre>
                        
                        

                        
                        
                        <div class="stdout"><i>Stdout</i><br>
                            <pre>10:32:32 INFO  ==============================================================
10:32:32 INFO  Id:    SoftwareManagement.sm_docker_install_remove_multiple
10:32:32 INFO  Dir:   software_management_end_to_end/
10:32:32 INFO  Title: Validate end to end behaviour for the docker plugin for multiple docker images with mixed versions
10:32:32 INFO  ==============================================================
10:32:34 INFO  Using sw id database: {&#39;asciijump&#39;: &#39;5475369&#39;, &#39;robotfindskitten&#39;: &#39;5474869&#39;, &#39;squirrel3&#39;: &#39;5475279&#39;, &#39;rolldice&#39;: &#39;5152439&#39;, &#39;moon-buggy&#39;: &#39;5439204&#39;, &#39;apple&#39;: &#39;5495053&#39;, &#39;banana&#39;: &#39;5494888&#39;, &#39;cherry&#39;: &#39;5495382&#39;, &#39;watermelon&#39;: &#39;5494510&#39;, &#39;registry&#39;: &#39;8018911&#39;, &#39;hello-world&#39;: &#39;8021526&#39;, &#39;docker/getting-started&#39;: &#39;8021973&#39;, &#39;alpine&#39;: &#39;7991792&#39;}
10:32:34 INFO  EnvironmentC8y Setup
10:32:35 INFO  Executed systemctl&lt;serv_mapper1&gt;, exit status 3
10:32:51 INFO  Executed sudo&lt;tedge_connect_c8y&gt;, exit status 0, duration 16 secs
10:32:52 INFO  Executed sudo&lt;tedge_connect_c8y_test&gt;, exit status 0
10:32:52 INFO  Executed systemctl&lt;serv_mosq2&gt;, exit status 0
10:32:53 INFO  Executed systemctl&lt;serv_mapper3&gt;, exit status 0
10:32:55 INFO  State of current operation: FAILED
10:32:55 INFO  Response status: 201
10:32:55 INFO  Response to action: {
    &#34;creationTime&#34;: &#34;2022-04-14T10:32:55.706Z&#34;,
    &#34;deviceName&#34;: &#34;mythicc&#34;,
    &#34;deviceId&#34;: &#34;17326137&#34;,
    &#34;self&#34;: &#34;https://t493319102.eu-latest.cumulocity.com/devicecontrol/operations/17330323&#34;,
    &#34;id&#34;: &#34;17330323&#34;,
    &#34;status&#34;: &#34;PENDING&#34;,
    &#34;description&#34;: &#34;Apply software changes, triggered from PySys: [{&#39;action&#39;: &#39;install&#39;, &#39;id&#39;: &#39;8021526&#39;, &#39;name&#39;: &#39;hello-world&#39;, &#39;url&#39;: &#39;&#39;, &#39;version&#39;: &#39;::docker&#39;}, {&#39;action&#39;: &#39;install&#39;, &#39;id&#39;: &#39;8018911&#39;, &#39;name&#39;: &#39;registry&#39;, &#39;url&#39;: &#39;&#39;, &#39;version&#39;: &#39;2.6.2::docker&#39;}]&#34;,
    &#34;c8y_SoftwareUpdate&#34;: [
        {
            &#34;name&#34;: &#34;hello-world&#34;,
            &#34;action&#34;: &#34;install&#34;,
            &#34;id&#34;: &#34;8021526&#34;,
            &#34;version&#34;: &#34;::docker&#34;,
            &#34;url&#34;: &#34;&#34;
        },
        {
            &#34;name&#34;: &#34;registry&#34;,
            &#34;action&#34;: &#34;install&#34;,
            &#34;id&#34;: &#34;8018911&#34;,
            &#34;version&#34;: &#34;2.6.2::docker&#34;,
            &#34;url&#34;: &#34;&#34;
        }
    ]
}
10:32:55 INFO  Started operation: {&#39;creationTime&#39;: &#39;2022-04-14T10:32:55.706Z&#39;, &#39;deviceName&#39;: &#39;mythicc&#39;, &#39;deviceId&#39;: &#39;17326137&#39;, &#39;self&#39;: &#39;https://t493319102.eu-latest.cumulocity.com/devicecontrol/operations/17330323&#39;, &#39;id&#39;: &#39;17330323&#39;, &#39;status&#39;: &#39;PENDING&#39;, &#39;description&#39;: &#34;Apply software changes, triggered from PySys: [{&#39;action&#39;: &#39;install&#39;, &#39;id&#39;: &#39;8021526&#39;, &#39;name&#39;: &#39;hello-world&#39;, &#39;url&#39;: &#39;&#39;, &#39;version&#39;: &#39;::docker&#39;}, {&#39;action&#39;: &#39;install&#39;, &#39;id&#39;: &#39;8018911&#39;, &#39;name&#39;: &#39;registry&#39;, &#39;url&#39;: &#39;&#39;, &#39;version&#39;: &#39;2.6.2::docker&#39;}]&#34;, &#39;c8y_SoftwareUpdate&#39;: [{&#39;name&#39;: &#39;hello-world&#39;, &#39;action&#39;: &#39;install&#39;, &#39;id&#39;: &#39;8021526&#39;, &#39;version&#39;: &#39;::docker&#39;, &#39;url&#39;: &#39;&#39;}, {&#39;name&#39;: &#39;registry&#39;, &#39;action&#39;: &#39;install&#39;, &#39;id&#39;: &#39;8018911&#39;, &#39;version&#39;: &#39;2.6.2::docker&#39;, &#39;url&#39;: &#39;&#39;}]}
10:32:57 INFO  State of operation 17330323 : PENDING
10:33:00 INFO  State of operation 17330323 : PENDING
10:33:02 INFO  State of operation 17330323 : PENDING
10:33:04 INFO  State of operation 17330323 : PENDING
10:33:06 INFO  State of operation 17330323 : PENDING
10:33:09 INFO  State of operation 17330323 : PENDING
10:33:11 INFO  State of operation 17330323 : PENDING
10:33:13 INFO  State of operation 17330323 : PENDING
10:33:15 INFO  State of operation 17330323 : PENDING
10:33:17 INFO  State of operation 17330323 : PENDING
10:33:20 INFO  State of operation 17330323 : PENDING
10:33:22 INFO  State of operation 17330323 : PENDING
10:33:24 INFO  State of operation 17330323 : PENDING
10:33:26 INFO  State of operation 17330323 : PENDING
10:33:28 INFO  State of operation 17330323 : PENDING
10:33:31 INFO  State of operation 17330323 : PENDING
10:33:33 INFO  State of operation 17330323 : PENDING
10:33:35 INFO  State of operation 17330323 : PENDING
10:33:37 INFO  State of operation 17330323 : PENDING
10:33:40 INFO  State of operation 17330323 : PENDING
10:33:42 INFO  State of operation 17330323 : PENDING
10:33:44 INFO  State of operation 17330323 : PENDING
10:33:46 INFO  State of operation 17330323 : PENDING
10:33:48 INFO  State of operation 17330323 : PENDING
10:33:51 INFO  State of operation 17330323 : PENDING
10:33:53 INFO  State of operation 17330323 : PENDING
10:33:55 INFO  State of operation 17330323 : PENDING
10:33:57 INFO  State of operation 17330323 : PENDING
10:34:00 INFO  State of operation 17330323 : PENDING
10:34:02 INFO  State of operation 17330323 : PENDING
10:34:04 INFO  State of operation 17330323 : PENDING
10:34:06 INFO  State of operation 17330323 : PENDING
10:34:08 INFO  State of operation 17330323 : PENDING
10:34:11 INFO  State of operation 17330323 : PENDING
10:34:13 INFO  State of operation 17330323 : PENDING
10:34:15 INFO  State of operation 17330323 : PENDING
10:34:17 INFO  State of operation 17330323 : PENDING
10:34:19 INFO  State of operation 17330323 : PENDING
10:34:22 INFO  State of operation 17330323 : PENDING
10:34:24 INFO  State of operation 17330323 : PENDING
10:34:26 INFO  State of operation 17330323 : PENDING
10:34:28 INFO  State of operation 17330323 : PENDING
10:34:30 INFO  State of operation 17330323 : PENDING
10:34:33 INFO  State of operation 17330323 : PENDING
10:34:35 INFO  State of operation 17330323 : PENDING
10:34:37 INFO  State of operation 17330323 : PENDING
10:34:39 INFO  State of operation 17330323 : PENDING
10:34:42 INFO  State of operation 17330323 : PENDING
10:34:44 INFO  State of operation 17330323 : PENDING
10:34:46 INFO  State of operation 17330323 : PENDING
10:34:48 INFO  State of operation 17330323 : PENDING
10:34:51 INFO  State of operation 17330323 : PENDING
10:34:53 INFO  State of operation 17330323 : PENDING
10:34:55 INFO  State of operation 17330323 : PENDING
10:34:57 INFO  State of operation 17330323 : PENDING
10:34:59 INFO  State of operation 17330323 : PENDING
10:35:02 INFO  State of operation 17330323 : PENDING
10:35:04 INFO  State of operation 17330323 : PENDING
10:35:06 INFO  State of operation 17330323 : PENDING
10:35:08 INFO  State of operation 17330323 : PENDING
10:35:10 INFO  State of operation 17330323 : PENDING
10:35:12 WARN  SystemError occurred while running test - Timeout while waiting for status SUCCESSFUL or False
Traceback (most recent call last):
  File &#34;/home/pi/env-pysys/lib/python3.7/site-packages/pysys/baserunner.py&#34;, line 1292, in __call__
    self.testObj.setup()
  File &#34;/home/pi/actions-runner/_work/thin-edge.io/thin-edge.io/tests/PySys/software_management_end_to_end/sm_docker_install_remove_multiple/run.py&#34;, line 55, in setup
    self.wait_until_succcess()
  File &#34;/home/pi/actions-runner/_work/thin-edge.io/thin-edge.io/tests/PySys/software_management_end_to_end/environment_sm_management.py&#34;, line 324, in wait_until_succcess
    self.wait_until_status(&#34;SUCCESSFUL&#34;)
  File &#34;/home/pi/actions-runner/_work/thin-edge.io/thin-edge.io/tests/PySys/software_management_end_to_end/environment_sm_management.py&#34;, line 381, in wait_until_status
    &#34;Timeout while waiting for status %s or %s&#34; % (status, status2)
SystemError: Timeout while waiting for status SUCCESSFUL or False
10:35:13 WARN  SystemError: Timeout while waiting for status SUCCESSFUL or False ... blocked 
10:35:13 INFO  
10:35:13 INFO  cleanup:
10:35:17 INFO  Executed sudo&lt;tedge_disconnect_c8y&gt;, exit status 0
10:35:18 INFO  Executed systemctl&lt;serv_mapper5&gt;, exit status 3
10:35:18 INFO  
10:35:18 INFO  Test duration: 166.09 secs
10:35:18 INFO  Test final outcome:  BLOCKED
10:35:18 INFO  Test outcome reason: SystemError: Timeout while waiting for status SUCCESSFUL or False
10:35:18 INFO  
</pre>
                        </div>
                        
                        
                    </div>
                
                </div>
            </div>
            
        </div>
    </div>
    

    <div class="testsuite">
        <h2>Test Suite: docker_plugin_finalize</h2>
        <a id="e31049d3-cdc4-48f0-a9d9-2290323d2541"></a>
        
        
        <h3>Results</h3>
        <table class="proplist">
            <tr>
                <th>Duration</th><td>0.0 sec</td>
            </tr>
            <tr>
                <th>Tests</th><td>1</td>
            </tr>
            <tr>
                <th>Failures</th><td>0</td>
            </tr>
        </table>

        <div class="testclasses">
            <h3>Tests</h3>
            
            <div class="testclass">
                <h4>DockerPluginFinalizeTest</h4>
                <div class="testcases">
                
                    <div class="test outcome outcome-passed">
                        <a id="259886fd-ceec-4df2-8df1-29df7cb3bfa2"></a>
                        <table class="proplist">
                            <tr><th>Test case:</th><td><b>docker_plugin_finalize</b></td></tr>
                            <tr><th>Outcome:</th><td>Passed</td></tr>
                            <tr><th>Duration:</th><td>0.0 sec</td></tr>
                        
                            <tr><th>Failed</th><td>None</td></tr>
                        
                        
                        </table>

                        
                        <pre>None</pre>
                        
                        

                        
                        
                        
                    </div>
                
                </div>
            </div>
            
        </div>
    </div>
    

    <div class="testsuite">
        <h2>Test Suite: docker_plugin_install</h2>
        <a id="085ffb35-8bda-41e8-b77c-2e2490b3ffb6"></a>
        
        
        <h3>Results</h3>
        <table class="proplist">
            <tr>
                <th>Duration</th><td>0.0 sec</td>
            </tr>
            <tr>
                <th>Tests</th><td>1</td>
            </tr>
            <tr>
                <th>Failures</th><td>0</td>
            </tr>
        </table>

        <div class="testclasses">
            <h3>Tests</h3>
            
            <div class="testclass">
                <h4>DockerPluginInstallTest</h4>
                <div class="testcases">
                
                    <div class="test outcome outcome-passed">
                        <a id="f521c926-3ea1-4dbc-b065-80c1163d5886"></a>
                        <table class="proplist">
                            <tr><th>Test case:</th><td><b>docker_plugin_install</b></td></tr>
                            <tr><th>Outcome:</th><td>Passed</td></tr>
                            <tr><th>Duration:</th><td>0.0 sec</td></tr>
                        
                            <tr><th>Failed</th><td>None</td></tr>
                        
                        
                        </table>

                        
                        <pre>None</pre>
                        
                        

                        
                        
                        
                    </div>
                
                </div>
            </div>
            
        </div>
    </div>
    

    <div class="testsuite">
        <h2>Test Suite: docker_plugin_install_with_version</h2>
        <a id="55167015-b26c-414e-b357-14306bafd9f1"></a>
        
        
        <h3>Results</h3>
        <table class="proplist">
            <tr>
                <th>Duration</th><td>0.0 sec</td>
            </tr>
            <tr>
                <th>Tests</th><td>1</td>
            </tr>
            <tr>
                <th>Failures</th><td>0</td>
            </tr>
        </table>

        <div class="testclasses">
            <h3>Tests</h3>
            
            <div class="testclass">
                <h4>DockerPluginInstallWithVersionTest</h4>
                <div class="testcases">
                
                    <div class="test outcome outcome-passed">
                        <a id="78cf1820-71f5-48ad-adfe-98a1ef4df6b7"></a>
                        <table class="proplist">
                            <tr><th>Test case:</th><td><b>docker_plugin_install_with_version</b></td></tr>
                            <tr><th>Outcome:</th><td>Passed</td></tr>
                            <tr><th>Duration:</th><td>0.0 sec</td></tr>
                        
                            <tr><th>Failed</th><td>None</td></tr>
                        
                        
                        </table>

                        
                        <pre>None</pre>
                        
                        

                        
                        
                        
                    </div>
                
                </div>
            </div>
            
        </div>
    </div>
    

    <div class="testsuite">
        <h2>Test Suite: docker_plugin_remove</h2>
        <a id="dc49bd39-ceba-41e5-b9f0-a74b17364c70"></a>
        
        
        <h3>Results</h3>
        <table class="proplist">
            <tr>
                <th>Duration</th><td>0.0 sec</td>
            </tr>
            <tr>
                <th>Tests</th><td>1</td>
            </tr>
            <tr>
                <th>Failures</th><td>0</td>
            </tr>
        </table>

        <div class="testclasses">
            <h3>Tests</h3>
            
            <div class="testclass">
                <h4>DockerPluginRemoveTest</h4>
                <div class="testcases">
                
                    <div class="test outcome outcome-passed">
                        <a id="9264d14d-1990-4b5c-941f-17b0005e017c"></a>
                        <table class="proplist">
                            <tr><th>Test case:</th><td><b>docker_plugin_remove</b></td></tr>
                            <tr><th>Outcome:</th><td>Passed</td></tr>
                            <tr><th>Duration:</th><td>0.0 sec</td></tr>
                        
                            <tr><th>Failed</th><td>None</td></tr>
                        
                        
                        </table>

                        
                        <pre>None</pre>
                        
                        

                        
                        
                        
                    </div>
                
                </div>
            </div>
            
        </div>
    </div>
    

    <div class="testsuite">
        <h2>Test Suite: docker_plugin_remove_with_version</h2>
        <a id="477c31f1-3444-4463-b009-7710d8339d27"></a>
        
        
        <h3>Results</h3>
        <table class="proplist">
            <tr>
                <th>Duration</th><td>0.0 sec</td>
            </tr>
            <tr>
                <th>Tests</th><td>1</td>
            </tr>
            <tr>
                <th>Failures</th><td>0</td>
            </tr>
        </table>

        <div class="testclasses">
            <h3>Tests</h3>
            
            <div class="testclass">
                <h4>DockerPluginRemoveWithVersionTest</h4>
                <div class="testcases">
                
                    <div class="test outcome outcome-passed">
                        <a id="548fed5e-b25d-4edd-8cb3-f43346cb47c8"></a>
                        <table class="proplist">
                            <tr><th>Test case:</th><td><b>docker_plugin_remove_with_version</b></td></tr>
                            <tr><th>Outcome:</th><td>Passed</td></tr>
                            <tr><th>Duration:</th><td>0.0 sec</td></tr>
                        
                            <tr><th>Failed</th><td>None</td></tr>
                        
                        
                        </table>

                        
                        <pre>None</pre>
                        
                        

                        
                        
                        
                    </div>
                
                </div>
            </div>
            
        </div>
    </div>
    

    <div class="testsuite">
        <h2>Test Suite: docker_plugin_update</h2>
        <a id="5758e801-ac0b-4622-a354-1807409bfd1e"></a>
        
        
        <h3>Results</h3>
        <table class="proplist">
            <tr>
                <th>Duration</th><td>0.0 sec</td>
            </tr>
            <tr>
                <th>Tests</th><td>1</td>
            </tr>
            <tr>
                <th>Failures</th><td>0</td>
            </tr>
        </table>

        <div class="testclasses">
            <h3>Tests</h3>
            
            <div class="testclass">
                <h4>DockerPluginUpdateTest</h4>
                <div class="testcases">
                
                    <div class="test outcome outcome-passed">
                        <a id="80a1c425-fadd-4509-9e68-6834b0ad59d2"></a>
                        <table class="proplist">
                            <tr><th>Test case:</th><td><b>docker_plugin_update</b></td></tr>
                            <tr><th>Outcome:</th><td>Passed</td></tr>
                            <tr><th>Duration:</th><td>0.0 sec</td></tr>
                        
                            <tr><th>Failed</th><td>None</td></tr>
                        
                        
                        </table>

                        
                        <pre>None</pre>
                        
                        

                        
                        
                        
                    </div>
                
                </div>
            </div>
            
        </div>
    </div>
    



<p class="footer">
    Generated by junit2html
</p>
</body>
</html>