<?xml version='1.0' encoding='utf-8'?>
<testsuites tests="149" failures="32" errors="0" skipped="49" time="0.0"><testsuite name="SoftwareManagement.Plugin.apama_plugin_install" tests="3" errors="0" failures="0" skipped="1" time="0"><testcase classname="ApamaPluginInstallTest" name="SoftwareManagement.Plugin.apama_plugin_install">
		<skipped message="SKIPPED: Apama plugin tests are disabled by default. Execute `pysys run` with `-XmyPlatform=container` to run these tests" />
		<system-out>08:57:49 INFO  ==============================================================
08:57:49 INFO  Id:    SoftwareManagement.Plugin.apama_plugin_install
08:57:49 INFO  Dir:   plugin_apama/
08:57:49 INFO  Title: Validate apama plugin install
08:57:49 INFO  ==============================================================
08:57:49 INFO  Apama plugin tests are disabled by default. Execute `pysys run` with `-XmyPlatform=container` to run these tests ... skipped
08:57:49 WARN  Aborted test due to SKIPPED outcome
08:57:49 INFO  
08:57:49 INFO  Test duration: 0.05 secs
08:57:49 INFO  Test final outcome:  SKIPPED
08:57:49 INFO  Test outcome reason: Apama plugin tests are disabled by default. Execute `pysys run` with `-XmyPlatform=container` to run these tests
08:57:49 INFO  
</system-out>
	</testcase>
<testcase classname="ApamaPluginInstallTest" name="SoftwareManagement.Plugin.apama_plugin_install" />
<testcase classname="ApamaPluginInstallTest" name="SoftwareManagement.Plugin.apama_plugin_install" />
</testsuite><testsuite name="SoftwareManagement.Plugin.apama_plugin_mon_support" tests="3" errors="0" failures="0" skipped="1" time="0"><testcase classname="ApamaPluginMonSupportTest" name="SoftwareManagement.Plugin.apama_plugin_mon_support">
		<skipped message="SKIPPED: Apama plugin tests are disabled by default. Execute `pysys run` with `-XmyPlatform=container` to run these tests" />
		<system-out>08:57:49 INFO  ==============================================================
08:57:49 INFO  Id:    SoftwareManagement.Plugin.apama_plugin_mon_support
08:57:49 INFO  Dir:   plugin_apama/
08:57:49 INFO  Title: Validate mon file support of apama plugin
08:57:49 INFO  ==============================================================
08:57:49 INFO  Apama plugin tests are disabled by default. Execute `pysys run` with `-XmyPlatform=container` to run these tests ... skipped
08:57:49 WARN  Aborted test due to SKIPPED outcome
08:57:49 INFO  
08:57:49 INFO  Test duration: 0.02 secs
08:57:49 INFO  Test final outcome:  SKIPPED
08:57:49 INFO  Test outcome reason: Apama plugin tests are disabled by default. Execute `pysys run` with `-XmyPlatform=container` to run these tests
08:57:49 INFO  
</system-out>
	</testcase>
<testcase classname="ApamaPluginMonSupportTest" name="SoftwareManagement.Plugin.apama_plugin_mon_support" />
<testcase classname="ApamaPluginMonSupportTest" name="SoftwareManagement.Plugin.apama_plugin_mon_support" />
</testsuite><testsuite name="SoftwareManagement.Plugin.apama_plugin_remove" tests="3" errors="0" failures="0" skipped="1" time="0"><testcase classname="ApamaPluginRemoveTest" name="SoftwareManagement.Plugin.apama_plugin_remove">
		<skipped message="SKIPPED: Apama plugin tests are disabled by default. Execute `pysys run` with `-XmyPlatform=container` to run these tests" />
		<system-out>08:57:49 INFO  ==============================================================
08:57:49 INFO  Id:    SoftwareManagement.Plugin.apama_plugin_remove
08:57:49 INFO  Dir:   plugin_apama/
08:57:49 INFO  Title: Validate apama plugin remove
08:57:49 INFO  ==============================================================
08:57:49 INFO  Apama plugin tests are disabled by default. Execute `pysys run` with `-XmyPlatform=container` to run these tests ... skipped
08:57:49 WARN  Aborted test due to SKIPPED outcome
08:57:49 INFO  
08:57:49 INFO  Test duration: 0.02 secs
08:57:49 INFO  Test final outcome:  SKIPPED
08:57:49 INFO  Test outcome reason: Apama plugin tests are disabled by default. Execute `pysys run` with `-XmyPlatform=container` to run these tests
08:57:49 INFO  
</system-out>
	</testcase>
<testcase classname="ApamaPluginRemoveTest" name="SoftwareManagement.Plugin.apama_plugin_remove" />
<testcase classname="ApamaPluginRemoveTest" name="SoftwareManagement.Plugin.apama_plugin_remove" />
</testsuite><testsuite name="SoftwareManagement.Plugin.apama_plugin_update" tests="3" errors="0" failures="2" skipped="1" time="0"><testcase classname="ApamaPluginUpdateTest" name="SoftwareManagement.Plugin.apama_plugin_update">
		<skipped message="SKIPPED: Apama plugin tests are disabled by default. Execute `pysys run` with `-XmyPlatform=container` to run these tests" />
		<system-out>08:57:49 INFO  ==============================================================
08:57:49 INFO  Id:    SoftwareManagement.Plugin.apama_plugin_update
08:57:49 INFO  Dir:   plugin_apama/
08:57:49 INFO  Title: Validate apama plugin updating one project with another
08:57:49 INFO  ==============================================================
08:57:49 INFO  Apama plugin tests are disabled by default. Execute `pysys run` with `-XmyPlatform=container` to run these tests ... skipped
08:57:49 WARN  Aborted test due to SKIPPED outcome
08:57:49 INFO  
08:57:49 INFO  Test duration: 0.02 secs
08:57:49 INFO  Test final outcome:  SKIPPED
08:57:49 INFO  Test outcome reason: Apama plugin tests are disabled by default. Execute `pysys run` with `-XmyPlatform=container` to run these tests
08:57:49 INFO  
</system-out>
	</testcase>
<testcase classname="ApamaPluginUpdateTest" name="SoftwareManagement.Plugin.apama_plugin_update">
		<failure message="BLOCKED: sudo&lt;plugin_install&gt; returned non-zero exit code 2" type="BLOCKED" />
		<system-out>09:51:00 INFO  ==============================================================
09:51:00 INFO  Id:    SoftwareManagement.Plugin.apama_plugin_update
09:51:00 INFO  Dir:   plugin_apama/
09:51:00 INFO  Title: Validate apama plugin updating one project with another
09:51:00 INFO  ==============================================================
09:51:00 INFO  Assertion that path exists=False for "/etc/tedge/apama/project" ... passed
09:51:00 INFO  Executed sudo&lt;create_project_dir&gt;, exit status 0
09:51:01 INFO  Executed sudo&lt;unzip_apama_project&gt;, exit status 0
09:51:01 INFO  Executed sudo&lt;move_apama_project&gt;, exit status 0
09:51:02 INFO  Executed sudo&lt;restart_apama_service&gt;, exit status 0
09:51:03 INFO  Executed sudo&lt;apama_correlator_wait&gt;, exit status 0
09:51:03 INFO  Assertion that path exists=True for "/etc/tedge/apama/project" ... passed
09:51:04 INFO  Executed sudo&lt;apama_list_monitors&gt;, exit status 0
09:51:04 INFO  Grep on file /home/pi/actions-runner/_work/thin-edge.io/thin-edge.io/tests/PySys/plugin_apama/apama_plugin_update/Output/linux/apama_list_monitors.out ... passed
09:51:04 WARN  Executed sudo&lt;plugin_install&gt;, exit status 2
09:51:04 INFO  Contents of plugin_install.err: 
  ERROR: Directory not empty (os error 39)
  -----

09:51:05 WARN  sudo&lt;plugin_install&gt; returned non-zero exit code 2 ... blocked [run.py:35]
09:51:05 WARN  Aborted test due to BLOCKED outcome
09:51:05 INFO  
09:51:05 INFO  cleanup:
09:51:05 INFO  Removing apama project
09:51:21 INFO  Executed sudo&lt;stop_apama_service&gt;, exit status 0, duration 16 secs
09:51:22 INFO  Executed sudo&lt;remove_apama_project&gt;, exit status 0
09:51:22 INFO  Executed sudo&lt;remove_apama_tmp_dir&gt;, exit status 0
09:51:22 INFO  
09:51:22 INFO  Test duration: 22.61 secs
09:51:22 INFO  Test final outcome:  BLOCKED
09:51:22 INFO  Test outcome reason: sudo&lt;plugin_install&gt; returned non-zero exit code 2
09:51:22 INFO  
</system-out>
	</testcase>
<testcase classname="ApamaPluginUpdateTest" name="SoftwareManagement.Plugin.apama_plugin_update">
		<failure message="BLOCKED: sudo&lt;plugin_install&gt; returned non-zero exit code 2" type="BLOCKED" />
		<system-out>10:00:02 INFO  ==============================================================
10:00:02 INFO  Id:    SoftwareManagement.Plugin.apama_plugin_update
10:00:02 INFO  Dir:   plugin_apama/
10:00:02 INFO  Title: Validate apama plugin updating one project with another
10:00:02 INFO  ==============================================================
10:00:02 INFO  Assertion that path exists=False for "/etc/tedge/apama/project" ... passed
10:00:03 INFO  Executed sudo&lt;create_project_dir&gt;, exit status 0
10:00:04 INFO  Executed sudo&lt;unzip_apama_project&gt;, exit status 0
10:00:04 INFO  Executed sudo&lt;move_apama_project&gt;, exit status 0
10:00:05 INFO  Executed sudo&lt;restart_apama_service&gt;, exit status 0
10:00:06 INFO  Executed sudo&lt;apama_correlator_wait&gt;, exit status 0
10:00:06 INFO  Assertion that path exists=True for "/etc/tedge/apama/project" ... passed
10:00:07 INFO  Executed sudo&lt;apama_list_monitors&gt;, exit status 0
10:00:07 INFO  Grep on file /home/pi/actions-runner/_work/thin-edge.io/thin-edge.io/tests/PySys/plugin_apama/apama_plugin_update/Output/linux/apama_list_monitors.out ... passed
10:00:07 WARN  Executed sudo&lt;plugin_install&gt;, exit status 2
10:00:07 INFO  Contents of plugin_install.err: 
  ERROR: Directory not empty (os error 39)
  -----

10:00:08 WARN  sudo&lt;plugin_install&gt; returned non-zero exit code 2 ... blocked [run.py:35]
10:00:08 WARN  Aborted test due to BLOCKED outcome
10:00:08 INFO  
10:00:08 INFO  cleanup:
10:00:08 INFO  Removing apama project
10:00:26 INFO  Executed sudo&lt;stop_apama_service&gt;, exit status 0, duration 18 secs
10:00:27 INFO  Executed sudo&lt;remove_apama_project&gt;, exit status 0
10:00:27 INFO  Executed sudo&lt;remove_apama_tmp_dir&gt;, exit status 0
10:00:27 INFO  
10:00:27 INFO  Test duration: 24.67 secs
10:00:27 INFO  Test final outcome:  BLOCKED
10:00:27 INFO  Test outcome reason: sudo&lt;plugin_install&gt; returned non-zero exit code 2
10:00:27 INFO  
</system-out>
	</testcase>
</testsuite><testsuite name="SoftwareManagement.sm_apt_install_download_path" tests="3" errors="0" failures="2" skipped="1" time="0"><testcase classname="AptInstallWithDownloadPath" name="SoftwareManagement.sm_apt_install_download_path">
		<skipped message="SKIPPED: Testing the apt plugin is not supported on this platform.Use parameter -XmyPlatform='container' to enable it" />
		<system-out>09:07:27 INFO  ==============================================================
09:07:27 INFO  Id:    SoftwareManagement.sm_apt_install_download_path
09:07:27 INFO  Dir:   software_management_end_to_end/
09:07:27 INFO  Title: Install package to directory specified in tedge config set tmp.path
09:07:27 INFO  ==============================================================
09:07:27 INFO  Testing the apt plugin is not supported on this platform.Use parameter -XmyPlatform='container' to enable it ... skipped
09:07:27 WARN  Aborted test due to SKIPPED outcome
09:07:27 INFO  
09:07:27 INFO  Test duration: 0.07 secs
09:07:27 INFO  Test final outcome:  SKIPPED
09:07:27 INFO  Test outcome reason: Testing the apt plugin is not supported on this platform.Use parameter -XmyPlatform='container' to enable it
09:07:27 INFO  
</system-out>
	</testcase>
<testcase classname="AptInstallWithDownloadPath" name="SoftwareManagement.sm_apt_install_download_path">
		<failure message="BLOCKED: AssertionError:" type="BLOCKED" />
		<system-out>09:31:36 INFO  ==============================================================
09:31:36 INFO  Id:    SoftwareManagement.sm_apt_install_download_path
09:31:36 INFO  Dir:   software_management_end_to_end/
09:31:36 INFO  Title: Install package to directory specified in tedge config set tmp.path
09:31:36 INFO  ==============================================================
09:31:36 INFO  Using sw id database: {'asciijump': '5475369', 'robotfindskitten': '5474869', 'squirrel3': '5475279', 'rolldice': '5152439', 'moon-buggy': '5439204', 'apple': '5495053', 'banana': '5494888', 'cherry': '5495382', 'watermelon': '5494510', 'registry': '8018911', 'hello-world': '8021526', 'docker/getting-started': '8021973', 'alpine': '7991792'}
09:31:36 INFO  EnvironmentC8y Setup
09:31:37 INFO  Executed systemctl&lt;serv_mapper1&gt;, exit status 3
09:31:51 INFO  Executed sudo&lt;tedge_connect_c8y&gt;, exit status 0, duration 14 secs
09:31:53 INFO  Executed sudo&lt;tedge_connect_c8y_test&gt;, exit status 0
09:31:54 INFO  Executed systemctl&lt;serv_mosq2&gt;, exit status 0
09:31:55 INFO  Executed systemctl&lt;serv_mapper3&gt;, exit status 0
09:31:57 INFO  State of current operation: SUCCESSFUL
09:31:57 INFO  Assert that (False == value) with value=False ... passed
09:31:58 INFO  Executed sudo, exit status 0
09:31:58 INFO  Executed sudo, exit status 0
09:31:59 INFO  Executed sudo, exit status 0
09:32:03 INFO  Executed sudo&lt;tedge_disconnect_c8y&gt;, exit status 0
09:32:03 INFO  Restarting mosquitto too frequently in the last 10 seconds. It was only up for 3 seconds
09:32:03 INFO  Delaying execution by 8 seconds
09:32:26 INFO  Executed sudo&lt;tedge_connect_c8y&gt;, exit status 0, duration 14 secs
09:32:26 INFO  Response status: 201
09:32:26 INFO  Response to action: {
    "creationTime": "2022-04-15T09:32:26.213Z",
    "deviceName": "mythicc",
    "deviceId": "17347631",
    "self": "https://t493319102.eu-latest.cumulocity.com/devicecontrol/operations/17367025",
    "id": "17367025",
    "status": "PENDING",
    "description": "Apply software changes, triggered from PySys: [{'name': 'rolldice', 'id': '5152439', 'version': '::apt', 'url': 'https://thin-edge-io.eu-latest.cumulocity.com/inventory/binaries/12435463', 'action': 'install'}]",
    "c8y_SoftwareUpdate": [
        {
            "name": "rolldice",
            "action": "install",
            "id": "5152439",
            "version": "::apt",
            "url": "https://thin-edge-io.eu-latest.cumulocity.com/inventory/binaries/12435463"
        }
    ]
}
09:32:26 INFO  Started operation: {'creationTime': '2022-04-15T09:32:26.213Z', 'deviceName': 'mythicc', 'deviceId': '17347631', 'self': 'https://t493319102.eu-latest.cumulocity.com/devicecontrol/operations/17367025', 'id': '17367025', 'status': 'PENDING', 'description': "Apply software changes, triggered from PySys: [{'name': 'rolldice', 'id': '5152439', 'version': '::apt', 'url': 'https://thin-edge-io.eu-latest.cumulocity.com/inventory/binaries/12435463', 'action': 'install'}]", 'c8y_SoftwareUpdate': [{'name': 'rolldice', 'action': 'install', 'id': '5152439', 'version': '::apt', 'url': 'https://thin-edge-io.eu-latest.cumulocity.com/inventory/binaries/12435463'}]}
09:32:26 WARN  , retrying in 0.5 seconds...
09:32:26 WARN  , retrying in 0.5 seconds...
09:32:27 WARN  , retrying in 0.5 seconds...
09:32:27 WARN  , retrying in 0.5 seconds...
09:32:28 WARN  , retrying in 0.5 seconds...
09:32:28 WARN  , retrying in 0.5 seconds...
09:32:29 WARN  , retrying in 0.5 seconds...
09:32:29 WARN  , retrying in 0.5 seconds...
09:32:30 WARN  , retrying in 0.5 seconds...
09:32:30 WARN  AssertionError occurred while running test - 
Traceback (most recent call last):
  File "/home/pi/env-pysys/lib/python3.7/site-packages/pysys/baserunner.py", line 1294, in __call__
    self.testObj.execute()
  File "/home/pi/actions-runner/_work/thin-edge.io/thin-edge.io/tests/PySys/software_management_end_to_end/sm_apt_install_download_path/run.py", line 83, in execute
    assert_install_in_download_path(install_directory=self.DOWNLOAD_DIR)
  File "/home/pi/env-pysys/lib/python3.7/site-packages/decorator.py", line 232, in fun
    return caller(func, *(extras + args), **kw)
  File "/home/pi/env-pysys/lib/python3.7/site-packages/retry/api.py", line 74, in retry_decorator
    logger)
  File "/home/pi/env-pysys/lib/python3.7/site-packages/retry/api.py", line 33, in __retry_internal
    return f()
  File "/home/pi/actions-runner/_work/thin-edge.io/thin-edge.io/tests/PySys/software_management_end_to_end/sm_apt_install_download_path/run.py", line 28, in assert_install_in_download_path
    assert "rolldice" in os.listdir(f"{install_directory}")
AssertionError
09:32:31 WARN  AssertionError: ... blocked 
09:32:31 INFO  
09:32:31 INFO  cleanup:
09:32:31 INFO  Executed sudo, exit status 0
09:32:32 INFO  Executed sudo, exit status 0
09:32:36 INFO  Executed sudo&lt;tedge_disconnect_c8y&gt;, exit status 0
09:32:36 INFO  Restarting mosquitto too frequently in the last 10 seconds. It was only up for 3 seconds
09:32:36 INFO  Delaying execution by 8 seconds
09:32:58 INFO  Executed sudo&lt;tedge_connect_c8y&gt;, exit status 0, duration 14 secs
09:33:03 INFO  Executed sudo&lt;tedge_disconnect_c8y&gt;, exit status 0
09:33:03 INFO  Executed systemctl&lt;serv_mapper5&gt;, exit status 3
09:33:03 INFO  
09:33:03 INFO  Test duration: 87.63 secs
09:33:03 INFO  Test final outcome:  BLOCKED
09:33:03 INFO  Test outcome reason: AssertionError:
09:33:03 INFO  
</system-out>
	</testcase>
<testcase classname="AptInstallWithDownloadPath" name="SoftwareManagement.sm_apt_install_download_path">
		<failure message="BLOCKED: SystemError: Timeout while waiting for status FAILED or SUCCESSFUL" type="BLOCKED" />
		<system-out>10:00:27 INFO  ==============================================================
10:00:27 INFO  Id:    SoftwareManagement.sm_apt_install_download_path
10:00:27 INFO  Dir:   software_management_end_to_end/
10:00:27 INFO  Title: Install package to directory specified in tedge config set tmp.path
10:00:27 INFO  ==============================================================
10:00:29 INFO  Using sw id database: {'asciijump': '5475369', 'robotfindskitten': '5474869', 'squirrel3': '5475279', 'rolldice': '5152439', 'moon-buggy': '5439204', 'apple': '5495053', 'banana': '5494888', 'cherry': '5495382', 'watermelon': '5494510', 'registry': '8018911', 'hello-world': '8021526', 'docker/getting-started': '8021973', 'alpine': '7991792'}
10:00:29 INFO  EnvironmentC8y Setup
10:00:29 INFO  Executed systemctl&lt;serv_mapper1&gt;, exit status 3
10:00:44 INFO  Executed sudo&lt;tedge_connect_c8y&gt;, exit status 0, duration 14 secs
10:00:44 INFO  Executed sudo&lt;tedge_connect_c8y_test&gt;, exit status 0
10:00:45 INFO  Executed systemctl&lt;serv_mosq2&gt;, exit status 0
10:00:45 INFO  Executed systemctl&lt;serv_mapper3&gt;, exit status 0
10:00:47 INFO  State of current operation: PENDING
10:00:50 INFO  State of current operation: PENDING
10:00:52 INFO  State of current operation: PENDING
10:00:54 INFO  State of current operation: PENDING
10:00:56 INFO  State of current operation: PENDING
10:00:59 INFO  State of current operation: PENDING
10:01:01 INFO  State of current operation: PENDING
10:01:03 INFO  State of current operation: PENDING
10:01:05 INFO  State of current operation: PENDING
10:01:07 INFO  State of current operation: PENDING
10:01:10 INFO  State of current operation: PENDING
10:01:12 INFO  State of current operation: PENDING
10:01:14 INFO  State of current operation: PENDING
10:01:16 INFO  State of current operation: PENDING
10:01:19 INFO  State of current operation: PENDING
10:01:21 INFO  State of current operation: PENDING
10:01:23 INFO  State of current operation: PENDING
10:01:25 INFO  State of current operation: PENDING
10:01:27 INFO  State of current operation: PENDING
10:01:31 INFO  State of current operation: PENDING
10:01:33 INFO  State of current operation: PENDING
10:01:35 INFO  State of current operation: PENDING
10:01:37 INFO  State of current operation: PENDING
10:01:39 INFO  State of current operation: PENDING
10:01:42 INFO  State of current operation: PENDING
10:01:44 INFO  State of current operation: PENDING
10:01:46 INFO  State of current operation: PENDING
10:01:48 INFO  State of current operation: PENDING
10:01:51 INFO  State of current operation: PENDING
10:01:53 INFO  State of current operation: PENDING
10:01:55 INFO  State of current operation: PENDING
10:01:57 INFO  State of current operation: PENDING
10:01:59 INFO  State of current operation: PENDING
10:02:02 INFO  State of current operation: PENDING
10:02:04 INFO  State of current operation: PENDING
10:02:06 INFO  State of current operation: PENDING
10:02:08 INFO  State of current operation: PENDING
10:02:11 INFO  State of current operation: PENDING
10:02:13 INFO  State of current operation: PENDING
10:02:15 INFO  State of current operation: PENDING
10:02:17 INFO  State of current operation: PENDING
10:02:20 INFO  State of current operation: PENDING
10:02:22 INFO  State of current operation: PENDING
10:02:24 INFO  State of current operation: PENDING
10:02:26 INFO  State of current operation: PENDING
10:02:29 INFO  State of current operation: PENDING
10:02:31 INFO  State of current operation: PENDING
10:02:33 INFO  State of current operation: PENDING
10:02:35 INFO  State of current operation: PENDING
10:02:37 INFO  State of current operation: PENDING
10:02:40 INFO  State of current operation: PENDING
10:02:42 INFO  State of current operation: PENDING
10:02:44 INFO  State of current operation: PENDING
10:02:46 INFO  State of current operation: PENDING
10:02:49 INFO  State of current operation: PENDING
10:02:51 INFO  State of current operation: PENDING
10:02:53 INFO  State of current operation: PENDING
10:02:55 INFO  State of current operation: PENDING
10:02:57 INFO  State of current operation: PENDING
10:03:00 INFO  State of current operation: PENDING
10:03:02 INFO  State of current operation: PENDING
10:03:04 WARN  SystemError occurred while running test - Timeout while waiting for status FAILED or SUCCESSFUL
Traceback (most recent call last):
  File "/home/pi/env-pysys/lib/python3.7/site-packages/pysys/baserunner.py", line 1292, in __call__
    self.testObj.setup()
  File "/home/pi/actions-runner/_work/thin-edge.io/thin-edge.io/tests/PySys/software_management_end_to_end/sm_apt_install_download_path/run.py", line 48, in setup
    super().setup()
  File "/home/pi/actions-runner/_work/thin-edge.io/thin-edge.io/tests/PySys/software_management_end_to_end/environment_sm_management.py", line 151, in setup
    self.wait_until_end()
  File "/home/pi/actions-runner/_work/thin-edge.io/thin-edge.io/tests/PySys/software_management_end_to_end/environment_sm_management.py", line 332, in wait_until_end
    self.wait_until_status("FAILED", "SUCCESSFUL")
  File "/home/pi/actions-runner/_work/thin-edge.io/thin-edge.io/tests/PySys/software_management_end_to_end/environment_sm_management.py", line 381, in wait_until_status
    "Timeout while waiting for status %s or %s" % (status, status2)
SystemError: Timeout while waiting for status FAILED or SUCCESSFUL
10:03:04 WARN  SystemError: Timeout while waiting for status FAILED or SUCCESSFUL ... blocked 
10:03:04 INFO  
10:03:04 INFO  cleanup:
10:03:05 INFO  Executed sudo, exit status 0
10:03:05 INFO  Executed sudo, exit status 0
10:03:09 INFO  Executed sudo&lt;tedge_disconnect_c8y&gt;, exit status 0
10:03:09 INFO  Restarting mosquitto too frequently in the last 10 seconds. It was only up for 3 seconds
10:03:09 INFO  Delaying execution by 8 seconds
10:03:31 INFO  Executed sudo&lt;tedge_connect_c8y&gt;, exit status 0, duration 13 secs
10:03:36 INFO  Executed sudo&lt;tedge_disconnect_c8y&gt;, exit status 0
10:03:36 INFO  Executed systemctl&lt;serv_mapper5&gt;, exit status 3
10:03:36 INFO  
10:03:36 INFO  Test duration: 189.07 secs
10:03:36 INFO  Test final outcome:  BLOCKED
10:03:36 INFO  Test outcome reason: SystemError: Timeout while waiting for status FAILED or SUCCESSFUL
10:03:36 INFO  
</system-out>
	</testcase>
</testsuite><testsuite name="SoftwareManagement.sm_apt_install_fail" tests="3" errors="0" failures="2" skipped="1" time="0"><testcase classname="PySysTest" name="SoftwareManagement.sm_apt_install_fail">
		<skipped message="SKIPPED: Testing the apt plugin is not supported on this platform.Use parameter -XmyPlatform='container' to enable it" />
		<system-out>09:07:27 INFO  ==============================================================
09:07:27 INFO  Id:    SoftwareManagement.sm_apt_install_fail
09:07:27 INFO  Dir:   software_management_end_to_end/
09:07:27 INFO  Title: Validate end to end behaviour for a failing installation
09:07:27 INFO  ==============================================================
09:07:27 INFO  Testing the apt plugin is not supported on this platform.Use parameter -XmyPlatform='container' to enable it ... skipped
09:07:27 WARN  Aborted test due to SKIPPED outcome
09:07:27 INFO  
09:07:27 INFO  Test duration: 0.02 secs
09:07:27 INFO  Test final outcome:  SKIPPED
09:07:27 INFO  Test outcome reason: Testing the apt plugin is not supported on this platform.Use parameter -XmyPlatform='container' to enable it
09:07:27 INFO  
</system-out>
	</testcase>
<testcase classname="PySysTest" name="SoftwareManagement.sm_apt_install_fail">
		<failure message="BLOCKED: SystemError: Timeout while waiting for status FAILED or SUCCESSFUL" type="BLOCKED" />
		<system-out>09:33:03 INFO  ==============================================================
09:33:03 INFO  Id:    SoftwareManagement.sm_apt_install_fail
09:33:03 INFO  Dir:   software_management_end_to_end/
09:33:03 INFO  Title: Validate end to end behaviour for a failing installation
09:33:03 INFO  ==============================================================
09:33:03 INFO  Using sw id database: {'asciijump': '5475369', 'robotfindskitten': '5474869', 'squirrel3': '5475279', 'rolldice': '5152439', 'moon-buggy': '5439204', 'apple': '5495053', 'banana': '5494888', 'cherry': '5495382', 'watermelon': '5494510', 'registry': '8018911', 'hello-world': '8021526', 'docker/getting-started': '8021973', 'alpine': '7991792'}
09:33:03 INFO  EnvironmentC8y Setup
09:33:04 INFO  Executed systemctl&lt;serv_mapper1&gt;, exit status 3
09:33:04 INFO  Restarting mosquitto too frequently in the last 10 seconds. It was only up for 5 seconds
09:33:04 INFO  Delaying execution by 6 seconds
09:33:24 INFO  Executed sudo&lt;tedge_connect_c8y&gt;, exit status 0, duration 14 secs
09:33:25 INFO  Executed sudo&lt;tedge_connect_c8y_test&gt;, exit status 0
09:33:25 INFO  Executed systemctl&lt;serv_mosq2&gt;, exit status 0
09:33:26 INFO  Executed systemctl&lt;serv_mapper3&gt;, exit status 0
09:33:28 INFO  State of current operation: PENDING
09:33:30 INFO  State of current operation: PENDING
09:33:33 INFO  State of current operation: PENDING
09:33:35 INFO  State of current operation: PENDING
09:33:37 INFO  State of current operation: PENDING
09:33:39 INFO  State of current operation: PENDING
09:33:41 INFO  State of current operation: PENDING
09:33:44 INFO  State of current operation: PENDING
09:33:46 INFO  State of current operation: PENDING
09:33:48 INFO  State of current operation: PENDING
09:33:50 INFO  State of current operation: PENDING
09:33:53 INFO  State of current operation: PENDING
09:33:55 INFO  State of current operation: PENDING
09:33:57 INFO  State of current operation: PENDING
09:33:59 INFO  State of current operation: PENDING
09:34:01 INFO  State of current operation: PENDING
09:34:04 INFO  State of current operation: PENDING
09:34:06 INFO  State of current operation: PENDING
09:34:08 INFO  State of current operation: PENDING
09:34:10 INFO  State of current operation: PENDING
09:34:13 INFO  State of current operation: PENDING
09:34:15 INFO  State of current operation: PENDING
09:34:17 INFO  State of current operation: PENDING
09:34:20 INFO  State of current operation: PENDING
09:34:22 INFO  State of current operation: PENDING
09:34:24 INFO  State of current operation: PENDING
09:34:26 INFO  State of current operation: PENDING
09:34:28 INFO  State of current operation: PENDING
09:34:31 INFO  State of current operation: PENDING
09:34:33 INFO  State of current operation: PENDING
09:34:35 INFO  State of current operation: PENDING
09:34:37 INFO  State of current operation: PENDING
09:34:40 INFO  State of current operation: PENDING
09:34:42 INFO  State of current operation: PENDING
09:34:44 INFO  State of current operation: PENDING
09:34:46 INFO  State of current operation: PENDING
09:34:48 INFO  State of current operation: PENDING
09:34:51 INFO  State of current operation: PENDING
09:34:53 INFO  State of current operation: PENDING
09:34:55 INFO  State of current operation: PENDING
09:34:57 INFO  State of current operation: PENDING
09:35:00 INFO  State of current operation: PENDING
09:35:02 INFO  State of current operation: PENDING
09:35:04 INFO  State of current operation: PENDING
09:35:06 INFO  State of current operation: PENDING
09:35:09 INFO  State of current operation: PENDING
09:35:11 INFO  State of current operation: PENDING
09:35:13 INFO  State of current operation: PENDING
09:35:15 INFO  State of current operation: PENDING
09:35:17 INFO  State of current operation: PENDING
09:35:20 INFO  State of current operation: PENDING
09:35:22 INFO  State of current operation: PENDING
09:35:24 INFO  State of current operation: PENDING
09:35:26 INFO  State of current operation: PENDING
09:35:29 INFO  State of current operation: PENDING
09:35:31 INFO  State of current operation: PENDING
09:35:33 INFO  State of current operation: PENDING
09:35:35 INFO  State of current operation: PENDING
09:35:38 INFO  State of current operation: PENDING
09:35:40 INFO  State of current operation: PENDING
09:35:42 INFO  State of current operation: PENDING
09:35:44 WARN  SystemError occurred while running test - Timeout while waiting for status FAILED or SUCCESSFUL
Traceback (most recent call last):
  File "/home/pi/env-pysys/lib/python3.7/site-packages/pysys/baserunner.py", line 1292, in __call__
    self.testObj.setup()
  File "/home/pi/actions-runner/_work/thin-edge.io/thin-edge.io/tests/PySys/software_management_end_to_end/sm_apt_install_fail/run.py", line 20, in setup
    super().setup()
  File "/home/pi/actions-runner/_work/thin-edge.io/thin-edge.io/tests/PySys/software_management_end_to_end/environment_sm_management.py", line 151, in setup
    self.wait_until_end()
  File "/home/pi/actions-runner/_work/thin-edge.io/thin-edge.io/tests/PySys/software_management_end_to_end/environment_sm_management.py", line 332, in wait_until_end
    self.wait_until_status("FAILED", "SUCCESSFUL")
  File "/home/pi/actions-runner/_work/thin-edge.io/thin-edge.io/tests/PySys/software_management_end_to_end/environment_sm_management.py", line 381, in wait_until_status
    "Timeout while waiting for status %s or %s" % (status, status2)
SystemError: Timeout while waiting for status FAILED or SUCCESSFUL
09:35:44 WARN  SystemError: Timeout while waiting for status FAILED or SUCCESSFUL ... blocked 
09:35:44 INFO  
09:35:44 INFO  cleanup:
09:35:48 INFO  Executed sudo&lt;tedge_disconnect_c8y&gt;, exit status 0
09:35:49 INFO  Executed systemctl&lt;serv_mapper5&gt;, exit status 3
09:35:49 INFO  
09:35:49 INFO  Test duration: 165.37 secs
09:35:49 INFO  Test final outcome:  BLOCKED
09:35:49 INFO  Test outcome reason: SystemError: Timeout while waiting for status FAILED or SUCCESSFUL
09:35:49 INFO  
</system-out>
	</testcase>
<testcase classname="PySysTest" name="SoftwareManagement.sm_apt_install_fail">
		<failure message="BLOCKED: SystemError: Timeout while waiting for status FAILED or SUCCESSFUL" type="BLOCKED" />
		<system-out>10:03:36 INFO  ==============================================================
10:03:36 INFO  Id:    SoftwareManagement.sm_apt_install_fail
10:03:36 INFO  Dir:   software_management_end_to_end/
10:03:36 INFO  Title: Validate end to end behaviour for a failing installation
10:03:36 INFO  ==============================================================
10:03:36 INFO  Using sw id database: {'asciijump': '5475369', 'robotfindskitten': '5474869', 'squirrel3': '5475279', 'rolldice': '5152439', 'moon-buggy': '5439204', 'apple': '5495053', 'banana': '5494888', 'cherry': '5495382', 'watermelon': '5494510', 'registry': '8018911', 'hello-world': '8021526', 'docker/getting-started': '8021973', 'alpine': '7991792'}
10:03:36 INFO  EnvironmentC8y Setup
10:03:37 INFO  Executed systemctl&lt;serv_mapper1&gt;, exit status 3
10:03:37 INFO  Restarting mosquitto too frequently in the last 10 seconds. It was only up for 5 seconds
10:03:37 INFO  Delaying execution by 6 seconds
10:03:57 INFO  Executed sudo&lt;tedge_connect_c8y&gt;, exit status 0, duration 14 secs
10:03:58 INFO  Executed sudo&lt;tedge_connect_c8y_test&gt;, exit status 0
10:03:58 INFO  Executed systemctl&lt;serv_mosq2&gt;, exit status 0
10:03:59 INFO  Executed systemctl&lt;serv_mapper3&gt;, exit status 0
10:04:01 INFO  State of current operation: PENDING
10:04:03 INFO  State of current operation: PENDING
10:04:05 INFO  State of current operation: PENDING
10:04:08 INFO  State of current operation: PENDING
10:04:10 INFO  State of current operation: PENDING
10:04:12 INFO  State of current operation: PENDING
10:04:14 INFO  State of current operation: PENDING
10:04:17 INFO  State of current operation: PENDING
10:04:19 INFO  State of current operation: PENDING
10:04:21 INFO  State of current operation: PENDING
10:04:23 INFO  State of current operation: PENDING
10:04:26 INFO  State of current operation: PENDING
10:04:28 INFO  State of current operation: PENDING
10:04:30 INFO  State of current operation: PENDING
10:04:32 INFO  State of current operation: PENDING
10:04:34 INFO  State of current operation: PENDING
10:04:37 INFO  State of current operation: PENDING
10:04:39 INFO  State of current operation: PENDING
10:04:41 INFO  State of current operation: PENDING
10:04:43 INFO  State of current operation: PENDING
10:04:46 INFO  State of current operation: PENDING
10:04:48 INFO  State of current operation: PENDING
10:04:50 INFO  State of current operation: PENDING
10:04:52 INFO  State of current operation: PENDING
10:04:55 INFO  State of current operation: PENDING
10:04:57 INFO  State of current operation: PENDING
10:04:59 INFO  State of current operation: PENDING
10:05:01 INFO  State of current operation: PENDING
10:05:03 INFO  State of current operation: PENDING
10:05:06 INFO  State of current operation: PENDING
10:05:08 INFO  State of current operation: PENDING
10:05:10 INFO  State of current operation: PENDING
10:05:12 INFO  State of current operation: PENDING
10:05:15 INFO  State of current operation: PENDING
10:05:17 INFO  State of current operation: PENDING
10:05:19 INFO  State of current operation: PENDING
10:05:21 INFO  State of current operation: PENDING
10:05:24 INFO  State of current operation: PENDING
10:05:26 INFO  State of current operation: PENDING
10:05:28 INFO  State of current operation: PENDING
10:05:30 INFO  State of current operation: PENDING
10:05:32 INFO  State of current operation: PENDING
10:05:35 INFO  State of current operation: PENDING
10:05:37 INFO  State of current operation: PENDING
10:05:39 INFO  State of current operation: PENDING
10:05:41 INFO  State of current operation: PENDING
10:05:44 INFO  State of current operation: PENDING
10:05:46 INFO  State of current operation: PENDING
10:05:48 INFO  State of current operation: PENDING
10:05:50 INFO  State of current operation: PENDING
10:05:53 INFO  State of current operation: PENDING
10:05:55 INFO  State of current operation: PENDING
10:05:57 INFO  State of current operation: PENDING
10:05:59 INFO  State of current operation: PENDING
10:06:01 INFO  State of current operation: PENDING
10:06:04 INFO  State of current operation: PENDING
10:06:06 INFO  State of current operation: PENDING
10:06:08 INFO  State of current operation: PENDING
10:06:10 INFO  State of current operation: PENDING
10:06:13 INFO  State of current operation: PENDING
10:06:15 INFO  State of current operation: PENDING
10:06:17 WARN  SystemError occurred while running test - Timeout while waiting for status FAILED or SUCCESSFUL
Traceback (most recent call last):
  File "/home/pi/env-pysys/lib/python3.7/site-packages/pysys/baserunner.py", line 1292, in __call__
    self.testObj.setup()
  File "/home/pi/actions-runner/_work/thin-edge.io/thin-edge.io/tests/PySys/software_management_end_to_end/sm_apt_install_fail/run.py", line 20, in setup
    super().setup()
  File "/home/pi/actions-runner/_work/thin-edge.io/thin-edge.io/tests/PySys/software_management_end_to_end/environment_sm_management.py", line 151, in setup
    self.wait_until_end()
  File "/home/pi/actions-runner/_work/thin-edge.io/thin-edge.io/tests/PySys/software_management_end_to_end/environment_sm_management.py", line 332, in wait_until_end
    self.wait_until_status("FAILED", "SUCCESSFUL")
  File "/home/pi/actions-runner/_work/thin-edge.io/thin-edge.io/tests/PySys/software_management_end_to_end/environment_sm_management.py", line 381, in wait_until_status
    "Timeout while waiting for status %s or %s" % (status, status2)
SystemError: Timeout while waiting for status FAILED or SUCCESSFUL
10:06:17 WARN  SystemError: Timeout while waiting for status FAILED or SUCCESSFUL ... blocked 
10:06:17 INFO  
10:06:17 INFO  cleanup:
10:06:21 INFO  Executed sudo&lt;tedge_disconnect_c8y&gt;, exit status 0
10:06:21 INFO  Executed systemctl&lt;serv_mapper5&gt;, exit status 3
10:06:21 INFO  
10:06:21 INFO  Test duration: 165.16 secs
10:06:21 INFO  Test final outcome:  BLOCKED
10:06:21 INFO  Test outcome reason: SystemError: Timeout while waiting for status FAILED or SUCCESSFUL
10:06:21 INFO  
</system-out>
	</testcase>
</testsuite><testsuite name="SoftwareManagement.sm_apt_install_remove" tests="3" errors="0" failures="2" skipped="1" time="0"><testcase classname="PySysTest" name="SoftwareManagement.sm_apt_install_remove">
		<skipped message="SKIPPED: Testing the apt plugin is not supported on this platform.Use parameter -XmyPlatform='container' to enable it" />
		<system-out>09:07:27 INFO  ==============================================================
09:07:27 INFO  Id:    SoftwareManagement.sm_apt_install_remove
09:07:27 INFO  Dir:   software_management_end_to_end/
09:07:27 INFO  Title: Validate end to end behaviour for the apt plugin for installation and removal of packages
09:07:27 INFO  ==============================================================
09:07:27 INFO  Testing the apt plugin is not supported on this platform.Use parameter -XmyPlatform='container' to enable it ... skipped
09:07:27 WARN  Aborted test due to SKIPPED outcome
09:07:27 INFO  
09:07:27 INFO  Test duration: 0.02 secs
09:07:27 INFO  Test final outcome:  SKIPPED
09:07:27 INFO  Test outcome reason: Testing the apt plugin is not supported on this platform.Use parameter -XmyPlatform='container' to enable it
09:07:27 INFO  
</system-out>
	</testcase>
<testcase classname="PySysTest" name="SoftwareManagement.sm_apt_install_remove">
		<failure message="BLOCKED: SystemError: Timeout while waiting for status FAILED or SUCCESSFUL" type="BLOCKED" />
		<system-out>09:35:49 INFO  ==============================================================
09:35:49 INFO  Id:    SoftwareManagement.sm_apt_install_remove
09:35:49 INFO  Dir:   software_management_end_to_end/
09:35:49 INFO  Title: Validate end to end behaviour for the apt plugin for installation and removal of packages
09:35:49 INFO  ==============================================================
09:35:49 INFO  Using sw id database: {'asciijump': '5475369', 'robotfindskitten': '5474869', 'squirrel3': '5475279', 'rolldice': '5152439', 'moon-buggy': '5439204', 'apple': '5495053', 'banana': '5494888', 'cherry': '5495382', 'watermelon': '5494510', 'registry': '8018911', 'hello-world': '8021526', 'docker/getting-started': '8021973', 'alpine': '7991792'}
09:35:49 INFO  EnvironmentC8y Setup
09:35:49 INFO  Executed systemctl&lt;serv_mapper1&gt;, exit status 3
09:35:50 INFO  Restarting mosquitto too frequently in the last 10 seconds. It was only up for 5 seconds
09:35:50 INFO  Delaying execution by 6 seconds
09:36:10 INFO  Executed sudo&lt;tedge_connect_c8y&gt;, exit status 0, duration 14 secs
09:36:10 INFO  Executed sudo&lt;tedge_connect_c8y_test&gt;, exit status 0
09:36:11 INFO  Executed systemctl&lt;serv_mosq2&gt;, exit status 0
09:36:11 INFO  Executed systemctl&lt;serv_mapper3&gt;, exit status 0
09:36:13 INFO  State of current operation: PENDING
09:36:16 INFO  State of current operation: PENDING
09:36:18 INFO  State of current operation: PENDING
09:36:20 INFO  State of current operation: PENDING
09:36:22 INFO  State of current operation: PENDING
09:36:25 INFO  State of current operation: PENDING
09:36:27 INFO  State of current operation: PENDING
09:36:29 INFO  State of current operation: PENDING
09:36:31 INFO  State of current operation: PENDING
09:36:34 INFO  State of current operation: PENDING
09:36:36 INFO  State of current operation: PENDING
09:36:38 INFO  State of current operation: PENDING
09:36:40 INFO  State of current operation: PENDING
09:36:43 INFO  State of current operation: PENDING
09:36:45 INFO  State of current operation: PENDING
09:36:47 INFO  State of current operation: PENDING
09:36:49 INFO  State of current operation: PENDING
09:36:51 INFO  State of current operation: PENDING
09:36:54 INFO  State of current operation: PENDING
09:36:56 INFO  State of current operation: PENDING
09:36:58 INFO  State of current operation: PENDING
09:37:00 INFO  State of current operation: PENDING
09:37:03 INFO  State of current operation: PENDING
09:37:05 INFO  State of current operation: PENDING
09:37:07 INFO  State of current operation: PENDING
09:37:09 INFO  State of current operation: PENDING
09:37:12 INFO  State of current operation: PENDING
09:37:14 INFO  State of current operation: PENDING
09:37:16 INFO  State of current operation: PENDING
09:37:18 INFO  State of current operation: PENDING
09:37:21 INFO  State of current operation: PENDING
09:37:23 INFO  State of current operation: PENDING
09:37:25 INFO  State of current operation: PENDING
09:37:27 INFO  State of current operation: PENDING
09:37:29 INFO  State of current operation: PENDING
09:37:32 INFO  State of current operation: PENDING
09:37:34 INFO  State of current operation: PENDING
09:37:36 INFO  State of current operation: PENDING
09:37:38 INFO  State of current operation: PENDING
09:37:41 INFO  State of current operation: PENDING
09:37:43 INFO  State of current operation: PENDING
09:37:45 INFO  State of current operation: PENDING
09:37:47 INFO  State of current operation: PENDING
09:37:50 INFO  State of current operation: PENDING
09:37:52 INFO  State of current operation: PENDING
09:37:54 INFO  State of current operation: PENDING
09:37:56 INFO  State of current operation: PENDING
09:37:58 INFO  State of current operation: PENDING
09:38:01 INFO  State of current operation: PENDING
09:38:03 INFO  State of current operation: PENDING
09:38:05 INFO  State of current operation: PENDING
09:38:07 INFO  State of current operation: PENDING
09:38:10 INFO  State of current operation: PENDING
09:38:12 INFO  State of current operation: PENDING
09:38:14 INFO  State of current operation: PENDING
09:38:16 INFO  State of current operation: PENDING
09:38:19 INFO  State of current operation: PENDING
09:38:21 INFO  State of current operation: PENDING
09:38:23 INFO  State of current operation: PENDING
09:38:25 INFO  State of current operation: PENDING
09:38:27 INFO  State of current operation: PENDING
09:38:29 WARN  SystemError occurred while running test - Timeout while waiting for status FAILED or SUCCESSFUL
Traceback (most recent call last):
  File "/home/pi/env-pysys/lib/python3.7/site-packages/pysys/baserunner.py", line 1292, in __call__
    self.testObj.setup()
  File "/home/pi/actions-runner/_work/thin-edge.io/thin-edge.io/tests/PySys/software_management_end_to_end/sm_apt_install_remove/run.py", line 27, in setup
    super().setup()
  File "/home/pi/actions-runner/_work/thin-edge.io/thin-edge.io/tests/PySys/software_management_end_to_end/environment_sm_management.py", line 151, in setup
    self.wait_until_end()
  File "/home/pi/actions-runner/_work/thin-edge.io/thin-edge.io/tests/PySys/software_management_end_to_end/environment_sm_management.py", line 332, in wait_until_end
    self.wait_until_status("FAILED", "SUCCESSFUL")
  File "/home/pi/actions-runner/_work/thin-edge.io/thin-edge.io/tests/PySys/software_management_end_to_end/environment_sm_management.py", line 381, in wait_until_status
    "Timeout while waiting for status %s or %s" % (status, status2)
SystemError: Timeout while waiting for status FAILED or SUCCESSFUL
09:38:29 WARN  SystemError: Timeout while waiting for status FAILED or SUCCESSFUL ... blocked 
09:38:29 INFO  
09:38:29 INFO  cleanup:
09:38:34 INFO  Executed sudo&lt;tedge_disconnect_c8y&gt;, exit status 0
09:38:34 INFO  Executed systemctl&lt;serv_mapper5&gt;, exit status 3
09:38:34 INFO  
09:38:34 INFO  Test duration: 165.65 secs
09:38:34 INFO  Test final outcome:  BLOCKED
09:38:34 INFO  Test outcome reason: SystemError: Timeout while waiting for status FAILED or SUCCESSFUL
09:38:34 INFO  
</system-out>
	</testcase>
<testcase classname="PySysTest" name="SoftwareManagement.sm_apt_install_remove">
		<failure message="BLOCKED: SystemError: Timeout while waiting for status FAILED or SUCCESSFUL" type="BLOCKED" />
		<system-out>10:06:21 INFO  ==============================================================
10:06:21 INFO  Id:    SoftwareManagement.sm_apt_install_remove
10:06:21 INFO  Dir:   software_management_end_to_end/
10:06:21 INFO  Title: Validate end to end behaviour for the apt plugin for installation and removal of packages
10:06:21 INFO  ==============================================================
10:06:21 INFO  Using sw id database: {'asciijump': '5475369', 'robotfindskitten': '5474869', 'squirrel3': '5475279', 'rolldice': '5152439', 'moon-buggy': '5439204', 'apple': '5495053', 'banana': '5494888', 'cherry': '5495382', 'watermelon': '5494510', 'registry': '8018911', 'hello-world': '8021526', 'docker/getting-started': '8021973', 'alpine': '7991792'}
10:06:21 INFO  EnvironmentC8y Setup
10:06:22 INFO  Executed systemctl&lt;serv_mapper1&gt;, exit status 3
10:06:22 INFO  Restarting mosquitto too frequently in the last 10 seconds. It was only up for 4 seconds
10:06:22 INFO  Delaying execution by 7 seconds
10:06:44 INFO  Executed sudo&lt;tedge_connect_c8y&gt;, exit status 0, duration 14 secs
10:06:44 INFO  Executed sudo&lt;tedge_connect_c8y_test&gt;, exit status 0
10:06:45 INFO  Executed systemctl&lt;serv_mosq2&gt;, exit status 0
10:06:45 INFO  Executed systemctl&lt;serv_mapper3&gt;, exit status 0
10:06:48 INFO  State of current operation: PENDING
10:06:50 INFO  State of current operation: PENDING
10:06:52 INFO  State of current operation: PENDING
10:06:54 INFO  State of current operation: PENDING
10:06:56 INFO  State of current operation: PENDING
10:06:59 INFO  State of current operation: PENDING
10:07:01 INFO  State of current operation: PENDING
10:07:03 INFO  State of current operation: PENDING
10:07:05 INFO  State of current operation: PENDING
10:07:08 INFO  State of current operation: PENDING
10:07:10 INFO  State of current operation: PENDING
10:07:12 INFO  State of current operation: PENDING
10:07:14 INFO  State of current operation: PENDING
10:07:16 INFO  State of current operation: PENDING
10:07:19 INFO  State of current operation: PENDING
10:07:21 INFO  State of current operation: PENDING
10:07:23 INFO  State of current operation: PENDING
10:07:25 INFO  State of current operation: PENDING
10:07:28 INFO  State of current operation: PENDING
10:07:30 INFO  State of current operation: PENDING
10:07:32 INFO  State of current operation: PENDING
10:07:34 INFO  State of current operation: PENDING
10:07:37 INFO  State of current operation: PENDING
10:07:39 INFO  State of current operation: PENDING
10:07:41 INFO  State of current operation: PENDING
10:07:43 INFO  State of current operation: PENDING
10:07:45 INFO  State of current operation: PENDING
10:07:48 INFO  State of current operation: PENDING
10:07:50 INFO  State of current operation: PENDING
10:07:52 INFO  State of current operation: PENDING
10:07:54 INFO  State of current operation: PENDING
10:07:57 INFO  State of current operation: PENDING
10:07:59 INFO  State of current operation: PENDING
10:08:01 INFO  State of current operation: PENDING
10:08:03 INFO  State of current operation: PENDING
10:08:06 INFO  State of current operation: PENDING
10:08:08 INFO  State of current operation: PENDING
10:08:10 INFO  State of current operation: PENDING
10:08:12 INFO  State of current operation: PENDING
10:08:14 INFO  State of current operation: PENDING
10:08:17 INFO  State of current operation: PENDING
10:08:19 INFO  State of current operation: PENDING
10:08:21 INFO  State of current operation: PENDING
10:08:23 INFO  State of current operation: PENDING
10:08:26 INFO  State of current operation: PENDING
10:08:28 INFO  State of current operation: PENDING
10:08:30 INFO  State of current operation: PENDING
10:08:32 INFO  State of current operation: PENDING
10:08:35 INFO  State of current operation: PENDING
10:08:37 INFO  State of current operation: PENDING
10:08:39 INFO  State of current operation: PENDING
10:08:41 INFO  State of current operation: PENDING
10:08:43 INFO  State of current operation: PENDING
10:08:46 INFO  State of current operation: PENDING
10:08:48 INFO  State of current operation: PENDING
10:08:50 INFO  State of current operation: PENDING
10:08:52 INFO  State of current operation: PENDING
10:08:55 INFO  State of current operation: PENDING
10:08:57 INFO  State of current operation: PENDING
10:08:59 INFO  State of current operation: PENDING
10:09:01 INFO  State of current operation: PENDING
10:09:03 WARN  SystemError occurred while running test - Timeout while waiting for status FAILED or SUCCESSFUL
Traceback (most recent call last):
  File "/home/pi/env-pysys/lib/python3.7/site-packages/pysys/baserunner.py", line 1292, in __call__
    self.testObj.setup()
  File "/home/pi/actions-runner/_work/thin-edge.io/thin-edge.io/tests/PySys/software_management_end_to_end/sm_apt_install_remove/run.py", line 27, in setup
    super().setup()
  File "/home/pi/actions-runner/_work/thin-edge.io/thin-edge.io/tests/PySys/software_management_end_to_end/environment_sm_management.py", line 151, in setup
    self.wait_until_end()
  File "/home/pi/actions-runner/_work/thin-edge.io/thin-edge.io/tests/PySys/software_management_end_to_end/environment_sm_management.py", line 332, in wait_until_end
    self.wait_until_status("FAILED", "SUCCESSFUL")
  File "/home/pi/actions-runner/_work/thin-edge.io/thin-edge.io/tests/PySys/software_management_end_to_end/environment_sm_management.py", line 381, in wait_until_status
    "Timeout while waiting for status %s or %s" % (status, status2)
SystemError: Timeout while waiting for status FAILED or SUCCESSFUL
10:09:03 WARN  SystemError: Timeout while waiting for status FAILED or SUCCESSFUL ... blocked 
10:09:03 INFO  
10:09:03 INFO  cleanup:
10:09:07 INFO  Executed sudo&lt;tedge_disconnect_c8y&gt;, exit status 0
10:09:08 INFO  Executed systemctl&lt;serv_mapper5&gt;, exit status 3
10:09:08 INFO  
10:09:08 INFO  Test duration: 166.65 secs
10:09:08 INFO  Test final outcome:  BLOCKED
10:09:08 INFO  Test outcome reason: SystemError: Timeout while waiting for status FAILED or SUCCESSFUL
10:09:08 INFO  
</system-out>
	</testcase>
</testsuite><testsuite name="SoftwareManagement.sm_apt_install_remove_default" tests="3" errors="0" failures="2" skipped="1" time="0"><testcase classname="PySysTest" name="SoftwareManagement.sm_apt_install_remove_default">
		<skipped message="SKIPPED: Testing the apt plugin is not supported on this platform.Use parameter -XmyPlatform='container' to enable it" />
		<system-out>09:07:27 INFO  ==============================================================
09:07:27 INFO  Id:    SoftwareManagement.sm_apt_install_remove_default
09:07:27 INFO  Dir:   software_management_end_to_end/
09:07:27 INFO  Title: Validate end to end behaviour for the default plugin for installation and removal of packages
09:07:27 INFO  ==============================================================
09:07:27 INFO  Testing the apt plugin is not supported on this platform.Use parameter -XmyPlatform='container' to enable it ... skipped
09:07:27 WARN  Aborted test due to SKIPPED outcome
09:07:27 INFO  
09:07:27 INFO  Test duration: 0.02 secs
09:07:27 INFO  Test final outcome:  SKIPPED
09:07:27 INFO  Test outcome reason: Testing the apt plugin is not supported on this platform.Use parameter -XmyPlatform='container' to enable it
09:07:27 INFO  
</system-out>
	</testcase>
<testcase classname="PySysTest" name="SoftwareManagement.sm_apt_install_remove_default">
		<failure message="BLOCKED: SystemError: Timeout while waiting for status FAILED or SUCCESSFUL" type="BLOCKED" />
		<system-out>09:38:35 INFO  ==============================================================
09:38:35 INFO  Id:    SoftwareManagement.sm_apt_install_remove_default
09:38:35 INFO  Dir:   software_management_end_to_end/
09:38:35 INFO  Title: Validate end to end behaviour for the default plugin for installation and removal of packages
09:38:35 INFO  ==============================================================
09:38:35 INFO  Using sw id database: {'asciijump': '5475369', 'robotfindskitten': '5474869', 'squirrel3': '5475279', 'rolldice': '5152439', 'moon-buggy': '5439204', 'apple': '5495053', 'banana': '5494888', 'cherry': '5495382', 'watermelon': '5494510', 'registry': '8018911', 'hello-world': '8021526', 'docker/getting-started': '8021973', 'alpine': '7991792'}
09:38:35 INFO  EnvironmentC8y Setup
09:38:35 INFO  Executed systemctl&lt;serv_mapper1&gt;, exit status 3
09:38:35 INFO  Restarting mosquitto too frequently in the last 10 seconds. It was only up for 5 seconds
09:38:35 INFO  Delaying execution by 6 seconds
09:38:56 INFO  Executed sudo&lt;tedge_connect_c8y&gt;, exit status 0, duration 14 secs
09:38:56 INFO  Executed sudo&lt;tedge_connect_c8y_test&gt;, exit status 0
09:38:57 INFO  Executed systemctl&lt;serv_mosq2&gt;, exit status 0
09:38:57 INFO  Executed systemctl&lt;serv_mapper3&gt;, exit status 0
09:38:59 INFO  State of current operation: PENDING
09:39:02 INFO  State of current operation: PENDING
09:39:04 INFO  State of current operation: PENDING
09:39:06 INFO  State of current operation: PENDING
09:39:08 INFO  State of current operation: PENDING
09:39:10 INFO  State of current operation: PENDING
09:39:13 INFO  State of current operation: PENDING
09:39:15 INFO  State of current operation: PENDING
09:39:17 INFO  State of current operation: PENDING
09:39:19 INFO  State of current operation: PENDING
09:39:22 INFO  State of current operation: PENDING
09:39:24 INFO  State of current operation: PENDING
09:39:26 INFO  State of current operation: PENDING
09:39:28 INFO  State of current operation: PENDING
09:39:31 INFO  State of current operation: PENDING
09:39:33 INFO  State of current operation: PENDING
09:39:35 INFO  State of current operation: PENDING
09:39:37 INFO  State of current operation: PENDING
09:39:39 INFO  State of current operation: PENDING
09:39:42 INFO  State of current operation: PENDING
09:39:44 INFO  State of current operation: PENDING
09:39:46 INFO  State of current operation: PENDING
09:39:48 INFO  State of current operation: PENDING
09:39:51 INFO  State of current operation: PENDING
09:39:53 INFO  State of current operation: PENDING
09:39:55 INFO  State of current operation: PENDING
09:39:57 INFO  State of current operation: PENDING
09:40:00 INFO  State of current operation: PENDING
09:40:02 INFO  State of current operation: PENDING
09:40:04 INFO  State of current operation: PENDING
09:40:06 INFO  State of current operation: PENDING
09:40:09 INFO  State of current operation: PENDING
09:40:11 INFO  State of current operation: PENDING
09:40:13 INFO  State of current operation: PENDING
09:40:15 INFO  State of current operation: PENDING
09:40:17 INFO  State of current operation: PENDING
09:40:20 INFO  State of current operation: PENDING
09:40:22 INFO  State of current operation: PENDING
09:40:25 INFO  State of current operation: PENDING
09:40:27 INFO  State of current operation: PENDING
09:40:29 INFO  State of current operation: PENDING
09:40:31 INFO  State of current operation: PENDING
09:40:34 INFO  State of current operation: PENDING
09:40:36 INFO  State of current operation: PENDING
09:40:38 INFO  State of current operation: PENDING
09:40:40 INFO  State of current operation: PENDING
09:40:43 INFO  State of current operation: PENDING
09:40:45 INFO  State of current operation: PENDING
09:40:47 INFO  State of current operation: PENDING
09:40:49 INFO  State of current operation: PENDING
09:40:51 INFO  State of current operation: PENDING
09:40:54 INFO  State of current operation: PENDING
09:40:56 INFO  State of current operation: PENDING
09:40:58 INFO  State of current operation: PENDING
09:41:00 INFO  State of current operation: PENDING
09:41:03 INFO  State of current operation: PENDING
09:41:05 INFO  State of current operation: PENDING
09:41:07 INFO  State of current operation: PENDING
09:41:09 INFO  State of current operation: PENDING
09:41:11 INFO  State of current operation: PENDING
09:41:14 INFO  State of current operation: PENDING
09:41:16 WARN  SystemError occurred while running test - Timeout while waiting for status FAILED or SUCCESSFUL
Traceback (most recent call last):
  File "/home/pi/env-pysys/lib/python3.7/site-packages/pysys/baserunner.py", line 1292, in __call__
    self.testObj.setup()
  File "/home/pi/actions-runner/_work/thin-edge.io/thin-edge.io/tests/PySys/software_management_end_to_end/sm_apt_install_remove_default/run.py", line 26, in setup
    super().setup()
  File "/home/pi/actions-runner/_work/thin-edge.io/thin-edge.io/tests/PySys/software_management_end_to_end/environment_sm_management.py", line 151, in setup
    self.wait_until_end()
  File "/home/pi/actions-runner/_work/thin-edge.io/thin-edge.io/tests/PySys/software_management_end_to_end/environment_sm_management.py", line 332, in wait_until_end
    self.wait_until_status("FAILED", "SUCCESSFUL")
  File "/home/pi/actions-runner/_work/thin-edge.io/thin-edge.io/tests/PySys/software_management_end_to_end/environment_sm_management.py", line 381, in wait_until_status
    "Timeout while waiting for status %s or %s" % (status, status2)
SystemError: Timeout while waiting for status FAILED or SUCCESSFUL
09:41:16 WARN  SystemError: Timeout while waiting for status FAILED or SUCCESSFUL ... blocked 
09:41:16 INFO  
09:41:16 INFO  cleanup:
09:41:20 INFO  Executed sudo&lt;tedge_disconnect_c8y&gt;, exit status 0
09:41:20 INFO  Executed systemctl&lt;serv_mapper5&gt;, exit status 3
09:41:20 INFO  
09:41:20 INFO  Test duration: 165.83 secs
09:41:20 INFO  Test final outcome:  BLOCKED
09:41:20 INFO  Test outcome reason: SystemError: Timeout while waiting for status FAILED or SUCCESSFUL
09:41:20 INFO  
</system-out>
	</testcase>
<testcase classname="PySysTest" name="SoftwareManagement.sm_apt_install_remove_default">
		<failure message="BLOCKED: SystemError: Timeout while waiting for status FAILED or SUCCESSFUL" type="BLOCKED" />
		<system-out>10:09:08 INFO  ==============================================================
10:09:08 INFO  Id:    SoftwareManagement.sm_apt_install_remove_default
10:09:08 INFO  Dir:   software_management_end_to_end/
10:09:08 INFO  Title: Validate end to end behaviour for the default plugin for installation and removal of packages
10:09:08 INFO  ==============================================================
10:09:08 INFO  Using sw id database: {'asciijump': '5475369', 'robotfindskitten': '5474869', 'squirrel3': '5475279', 'rolldice': '5152439', 'moon-buggy': '5439204', 'apple': '5495053', 'banana': '5494888', 'cherry': '5495382', 'watermelon': '5494510', 'registry': '8018911', 'hello-world': '8021526', 'docker/getting-started': '8021973', 'alpine': '7991792'}
10:09:08 INFO  EnvironmentC8y Setup
10:09:09 INFO  Executed systemctl&lt;serv_mapper1&gt;, exit status 3
10:09:09 INFO  Restarting mosquitto too frequently in the last 10 seconds. It was only up for 5 seconds
10:09:09 INFO  Delaying execution by 6 seconds
10:09:29 INFO  Executed sudo&lt;tedge_connect_c8y&gt;, exit status 0, duration 14 secs
10:09:30 INFO  Executed sudo&lt;tedge_connect_c8y_test&gt;, exit status 0
10:09:30 INFO  Executed systemctl&lt;serv_mosq2&gt;, exit status 0
10:09:31 INFO  Executed systemctl&lt;serv_mapper3&gt;, exit status 0
10:09:33 INFO  State of current operation: PENDING
10:09:35 INFO  State of current operation: PENDING
10:09:38 INFO  State of current operation: PENDING
10:09:40 INFO  State of current operation: PENDING
10:09:42 INFO  State of current operation: PENDING
10:09:44 INFO  State of current operation: PENDING
10:09:47 INFO  State of current operation: PENDING
10:09:49 INFO  State of current operation: PENDING
10:09:51 INFO  State of current operation: PENDING
10:09:53 INFO  State of current operation: PENDING
10:09:56 INFO  State of current operation: PENDING
10:09:58 INFO  State of current operation: PENDING
10:10:00 INFO  State of current operation: PENDING
10:10:02 INFO  State of current operation: PENDING
10:10:05 INFO  State of current operation: PENDING
10:10:07 INFO  State of current operation: PENDING
10:10:09 INFO  State of current operation: PENDING
10:10:11 INFO  State of current operation: PENDING
10:10:13 INFO  State of current operation: PENDING
10:10:16 INFO  State of current operation: PENDING
10:10:18 INFO  State of current operation: PENDING
10:10:20 INFO  State of current operation: PENDING
10:10:22 INFO  State of current operation: PENDING
10:10:25 INFO  State of current operation: PENDING
10:10:27 INFO  State of current operation: PENDING
10:10:29 INFO  State of current operation: PENDING
10:10:31 INFO  State of current operation: PENDING
10:10:33 INFO  State of current operation: PENDING
10:10:36 INFO  State of current operation: PENDING
10:10:38 INFO  State of current operation: PENDING
10:10:40 INFO  State of current operation: PENDING
10:10:42 INFO  State of current operation: PENDING
10:10:45 INFO  State of current operation: PENDING
10:10:47 INFO  State of current operation: PENDING
10:10:49 INFO  State of current operation: PENDING
10:10:51 INFO  State of current operation: PENDING
10:10:53 INFO  State of current operation: PENDING
10:10:56 INFO  State of current operation: PENDING
10:10:58 INFO  State of current operation: PENDING
10:11:00 INFO  State of current operation: PENDING
10:11:02 INFO  State of current operation: PENDING
10:11:05 INFO  State of current operation: PENDING
10:11:07 INFO  State of current operation: PENDING
10:11:09 INFO  State of current operation: PENDING
10:11:11 INFO  State of current operation: PENDING
10:11:14 INFO  State of current operation: PENDING
10:11:16 INFO  State of current operation: PENDING
10:11:18 INFO  State of current operation: PENDING
10:11:20 INFO  State of current operation: PENDING
10:11:22 INFO  State of current operation: PENDING
10:11:25 INFO  State of current operation: PENDING
10:11:27 INFO  State of current operation: PENDING
10:11:29 INFO  State of current operation: PENDING
10:11:31 INFO  State of current operation: PENDING
10:11:34 INFO  State of current operation: PENDING
10:11:36 INFO  State of current operation: PENDING
10:11:38 INFO  State of current operation: PENDING
10:11:40 INFO  State of current operation: PENDING
10:11:42 INFO  State of current operation: PENDING
10:11:45 INFO  State of current operation: PENDING
10:11:47 INFO  State of current operation: PENDING
10:11:49 WARN  SystemError occurred while running test - Timeout while waiting for status FAILED or SUCCESSFUL
Traceback (most recent call last):
  File "/home/pi/env-pysys/lib/python3.7/site-packages/pysys/baserunner.py", line 1292, in __call__
    self.testObj.setup()
  File "/home/pi/actions-runner/_work/thin-edge.io/thin-edge.io/tests/PySys/software_management_end_to_end/sm_apt_install_remove_default/run.py", line 26, in setup
    super().setup()
  File "/home/pi/actions-runner/_work/thin-edge.io/thin-edge.io/tests/PySys/software_management_end_to_end/environment_sm_management.py", line 151, in setup
    self.wait_until_end()
  File "/home/pi/actions-runner/_work/thin-edge.io/thin-edge.io/tests/PySys/software_management_end_to_end/environment_sm_management.py", line 332, in wait_until_end
    self.wait_until_status("FAILED", "SUCCESSFUL")
  File "/home/pi/actions-runner/_work/thin-edge.io/thin-edge.io/tests/PySys/software_management_end_to_end/environment_sm_management.py", line 381, in wait_until_status
    "Timeout while waiting for status %s or %s" % (status, status2)
SystemError: Timeout while waiting for status FAILED or SUCCESSFUL
10:11:49 WARN  SystemError: Timeout while waiting for status FAILED or SUCCESSFUL ... blocked 
10:11:49 INFO  
10:11:49 INFO  cleanup:
10:11:53 INFO  Executed sudo&lt;tedge_disconnect_c8y&gt;, exit status 0
10:11:54 INFO  Executed systemctl&lt;serv_mapper5&gt;, exit status 3
10:11:54 INFO  
10:11:54 INFO  Test duration: 165.77 secs
10:11:54 INFO  Test final outcome:  BLOCKED
10:11:54 INFO  Test outcome reason: SystemError: Timeout while waiting for status FAILED or SUCCESSFUL
10:11:54 INFO  
</system-out>
	</testcase>
</testsuite><testsuite name="SoftwareManagement.sm_apt_install_remove_multiple" tests="3" errors="0" failures="2" skipped="1" time="0"><testcase classname="PySysTest" name="SoftwareManagement.sm_apt_install_remove_multiple">
		<skipped message="SKIPPED: Testing the apt plugin is not supported on this platform.Use parameter -XmyPlatform='container' to enable it" />
		<system-out>09:07:27 INFO  ==============================================================
09:07:27 INFO  Id:    SoftwareManagement.sm_apt_install_remove_multiple
09:07:27 INFO  Dir:   software_management_end_to_end/
09:07:27 INFO  Title: Validate end to end behaviour for the apt plugin for multiple packages
09:07:27 INFO  ==============================================================
09:07:27 INFO  Testing the apt plugin is not supported on this platform.Use parameter -XmyPlatform='container' to enable it ... skipped
09:07:27 WARN  Aborted test due to SKIPPED outcome
09:07:27 INFO  
09:07:27 INFO  Test duration: 0.02 secs
09:07:27 INFO  Test final outcome:  SKIPPED
09:07:27 INFO  Test outcome reason: Testing the apt plugin is not supported on this platform.Use parameter -XmyPlatform='container' to enable it
09:07:27 INFO  
</system-out>
	</testcase>
<testcase classname="PySysTest" name="SoftwareManagement.sm_apt_install_remove_multiple">
		<failure message="BLOCKED: SystemError: Timeout while waiting for status FAILED or SUCCESSFUL" type="BLOCKED" />
		<system-out>09:41:20 INFO  ==============================================================
09:41:20 INFO  Id:    SoftwareManagement.sm_apt_install_remove_multiple
09:41:20 INFO  Dir:   software_management_end_to_end/
09:41:20 INFO  Title: Validate end to end behaviour for the apt plugin for multiple packages
09:41:20 INFO  ==============================================================
09:41:20 INFO  Using sw id database: {'asciijump': '5475369', 'robotfindskitten': '5474869', 'squirrel3': '5475279', 'rolldice': '5152439', 'moon-buggy': '5439204', 'apple': '5495053', 'banana': '5494888', 'cherry': '5495382', 'watermelon': '5494510', 'registry': '8018911', 'hello-world': '8021526', 'docker/getting-started': '8021973', 'alpine': '7991792'}
09:41:20 INFO  EnvironmentC8y Setup
09:41:21 INFO  Executed systemctl&lt;serv_mapper1&gt;, exit status 3
09:41:21 INFO  Restarting mosquitto too frequently in the last 10 seconds. It was only up for 4 seconds
09:41:21 INFO  Delaying execution by 7 seconds
09:41:42 INFO  Executed sudo&lt;tedge_connect_c8y&gt;, exit status 0, duration 14 secs
09:41:43 INFO  Executed sudo&lt;tedge_connect_c8y_test&gt;, exit status 0
09:41:43 INFO  Executed systemctl&lt;serv_mosq2&gt;, exit status 0
09:41:44 INFO  Executed systemctl&lt;serv_mapper3&gt;, exit status 0
09:41:46 INFO  State of current operation: PENDING
09:41:48 INFO  State of current operation: PENDING
09:41:51 INFO  State of current operation: PENDING
09:41:53 INFO  State of current operation: PENDING
09:41:55 INFO  State of current operation: PENDING
09:41:57 INFO  State of current operation: PENDING
09:41:59 INFO  State of current operation: PENDING
09:42:02 INFO  State of current operation: PENDING
09:42:04 INFO  State of current operation: PENDING
09:42:06 INFO  State of current operation: PENDING
09:42:08 INFO  State of current operation: PENDING
09:42:11 INFO  State of current operation: PENDING
09:42:13 INFO  State of current operation: PENDING
09:42:15 INFO  State of current operation: PENDING
09:42:17 INFO  State of current operation: PENDING
09:42:20 INFO  State of current operation: PENDING
09:42:22 INFO  State of current operation: PENDING
09:42:24 INFO  State of current operation: PENDING
09:42:26 INFO  State of current operation: PENDING
09:42:28 INFO  State of current operation: PENDING
09:42:31 INFO  State of current operation: PENDING
09:42:33 INFO  State of current operation: PENDING
09:42:35 INFO  State of current operation: PENDING
09:42:37 INFO  State of current operation: PENDING
09:42:40 INFO  State of current operation: PENDING
09:42:42 INFO  State of current operation: PENDING
09:42:44 INFO  State of current operation: PENDING
09:42:46 INFO  State of current operation: PENDING
09:42:48 INFO  State of current operation: PENDING
09:42:51 INFO  State of current operation: PENDING
09:42:53 INFO  State of current operation: PENDING
09:42:55 INFO  State of current operation: PENDING
09:42:57 INFO  State of current operation: PENDING
09:43:00 INFO  State of current operation: PENDING
09:43:02 INFO  State of current operation: PENDING
09:43:04 INFO  State of current operation: PENDING
09:43:06 INFO  State of current operation: PENDING
09:43:08 INFO  State of current operation: PENDING
09:43:11 INFO  State of current operation: PENDING
09:43:13 INFO  State of current operation: PENDING
09:43:15 INFO  State of current operation: PENDING
09:43:17 INFO  State of current operation: PENDING
09:43:20 INFO  State of current operation: PENDING
09:43:22 INFO  State of current operation: PENDING
09:43:24 INFO  State of current operation: PENDING
09:43:26 INFO  State of current operation: PENDING
09:43:28 INFO  State of current operation: PENDING
09:43:31 INFO  State of current operation: PENDING
09:43:33 INFO  State of current operation: PENDING
09:43:35 INFO  State of current operation: PENDING
09:43:37 INFO  State of current operation: PENDING
09:43:40 INFO  State of current operation: PENDING
09:43:42 INFO  State of current operation: PENDING
09:43:44 INFO  State of current operation: PENDING
09:43:46 INFO  State of current operation: PENDING
09:43:49 INFO  State of current operation: PENDING
09:43:51 INFO  State of current operation: PENDING
09:43:53 INFO  State of current operation: PENDING
09:43:55 INFO  State of current operation: PENDING
09:43:57 INFO  State of current operation: PENDING
09:44:00 INFO  State of current operation: PENDING
09:44:02 WARN  SystemError occurred while running test - Timeout while waiting for status FAILED or SUCCESSFUL
Traceback (most recent call last):
  File "/home/pi/env-pysys/lib/python3.7/site-packages/pysys/baserunner.py", line 1292, in __call__
    self.testObj.setup()
  File "/home/pi/actions-runner/_work/thin-edge.io/thin-edge.io/tests/PySys/software_management_end_to_end/sm_apt_install_remove_multiple/run.py", line 52, in setup
    super().setup()
  File "/home/pi/actions-runner/_work/thin-edge.io/thin-edge.io/tests/PySys/software_management_end_to_end/environment_sm_management.py", line 151, in setup
    self.wait_until_end()
  File "/home/pi/actions-runner/_work/thin-edge.io/thin-edge.io/tests/PySys/software_management_end_to_end/environment_sm_management.py", line 332, in wait_until_end
    self.wait_until_status("FAILED", "SUCCESSFUL")
  File "/home/pi/actions-runner/_work/thin-edge.io/thin-edge.io/tests/PySys/software_management_end_to_end/environment_sm_management.py", line 381, in wait_until_status
    "Timeout while waiting for status %s or %s" % (status, status2)
SystemError: Timeout while waiting for status FAILED or SUCCESSFUL
09:44:02 WARN  SystemError: Timeout while waiting for status FAILED or SUCCESSFUL ... blocked 
09:44:02 INFO  
09:44:02 INFO  cleanup:
09:44:06 INFO  Executed sudo&lt;tedge_disconnect_c8y&gt;, exit status 0
09:44:07 INFO  Executed systemctl&lt;serv_mapper5&gt;, exit status 3
09:44:07 INFO  
09:44:07 INFO  Test duration: 166.32 secs
09:44:07 INFO  Test final outcome:  BLOCKED
09:44:07 INFO  Test outcome reason: SystemError: Timeout while waiting for status FAILED or SUCCESSFUL
09:44:07 INFO  
</system-out>
	</testcase>
<testcase classname="PySysTest" name="SoftwareManagement.sm_apt_install_remove_multiple">
		<failure message="BLOCKED: SystemError: Timeout while waiting for status FAILED or SUCCESSFUL" type="BLOCKED" />
		<system-out>10:11:54 INFO  ==============================================================
10:11:54 INFO  Id:    SoftwareManagement.sm_apt_install_remove_multiple
10:11:54 INFO  Dir:   software_management_end_to_end/
10:11:54 INFO  Title: Validate end to end behaviour for the apt plugin for multiple packages
10:11:54 INFO  ==============================================================
10:11:54 INFO  Using sw id database: {'asciijump': '5475369', 'robotfindskitten': '5474869', 'squirrel3': '5475279', 'rolldice': '5152439', 'moon-buggy': '5439204', 'apple': '5495053', 'banana': '5494888', 'cherry': '5495382', 'watermelon': '5494510', 'registry': '8018911', 'hello-world': '8021526', 'docker/getting-started': '8021973', 'alpine': '7991792'}
10:11:54 INFO  EnvironmentC8y Setup
10:11:55 INFO  Executed systemctl&lt;serv_mapper1&gt;, exit status 3
10:11:55 INFO  Restarting mosquitto too frequently in the last 10 seconds. It was only up for 5 seconds
10:11:55 INFO  Delaying execution by 6 seconds
10:12:15 INFO  Executed sudo&lt;tedge_connect_c8y&gt;, exit status 0, duration 14 secs
10:12:16 INFO  Executed sudo&lt;tedge_connect_c8y_test&gt;, exit status 0
10:12:16 INFO  Executed systemctl&lt;serv_mosq2&gt;, exit status 0
10:12:17 INFO  Executed systemctl&lt;serv_mapper3&gt;, exit status 0
10:12:19 INFO  State of current operation: PENDING
10:12:21 INFO  State of current operation: PENDING
10:12:24 INFO  State of current operation: PENDING
10:12:26 INFO  State of current operation: PENDING
10:12:28 INFO  State of current operation: PENDING
10:12:30 INFO  State of current operation: PENDING
10:12:33 INFO  State of current operation: PENDING
10:12:35 INFO  State of current operation: PENDING
10:12:37 INFO  State of current operation: PENDING
10:12:39 INFO  State of current operation: PENDING
10:12:41 INFO  State of current operation: PENDING
10:12:44 INFO  State of current operation: PENDING
10:12:46 INFO  State of current operation: PENDING
10:12:48 INFO  State of current operation: PENDING
10:12:50 INFO  State of current operation: PENDING
10:12:53 INFO  State of current operation: PENDING
10:12:55 INFO  State of current operation: PENDING
10:12:57 INFO  State of current operation: PENDING
10:12:59 INFO  State of current operation: PENDING
10:13:01 INFO  State of current operation: PENDING
10:13:04 INFO  State of current operation: PENDING
10:13:06 INFO  State of current operation: PENDING
10:13:08 INFO  State of current operation: PENDING
10:13:11 INFO  State of current operation: PENDING
10:13:13 INFO  State of current operation: PENDING
10:13:15 INFO  State of current operation: PENDING
10:13:17 INFO  State of current operation: PENDING
10:13:19 INFO  State of current operation: PENDING
10:13:22 INFO  State of current operation: PENDING
10:13:24 INFO  State of current operation: PENDING
10:13:26 INFO  State of current operation: PENDING
10:13:29 INFO  State of current operation: PENDING
10:13:31 INFO  State of current operation: PENDING
10:13:33 INFO  State of current operation: PENDING
10:13:35 INFO  State of current operation: PENDING
10:13:38 INFO  State of current operation: PENDING
10:13:40 INFO  State of current operation: PENDING
10:13:42 INFO  State of current operation: PENDING
10:13:44 INFO  State of current operation: PENDING
10:13:46 INFO  State of current operation: PENDING
10:13:49 INFO  State of current operation: PENDING
10:13:51 INFO  State of current operation: PENDING
10:13:53 INFO  State of current operation: PENDING
10:13:55 INFO  State of current operation: PENDING
10:13:58 INFO  State of current operation: PENDING
10:14:00 INFO  State of current operation: PENDING
10:14:02 INFO  State of current operation: PENDING
10:14:04 INFO  State of current operation: PENDING
10:14:07 INFO  State of current operation: PENDING
10:14:09 INFO  State of current operation: PENDING
10:14:11 INFO  State of current operation: PENDING
10:14:13 INFO  State of current operation: PENDING
10:14:15 INFO  State of current operation: PENDING
10:14:18 INFO  State of current operation: PENDING
10:14:20 INFO  State of current operation: PENDING
10:14:22 INFO  State of current operation: PENDING
10:14:24 INFO  State of current operation: PENDING
10:14:27 INFO  State of current operation: PENDING
10:14:29 INFO  State of current operation: PENDING
10:14:31 INFO  State of current operation: PENDING
10:14:33 INFO  State of current operation: PENDING
10:14:35 WARN  SystemError occurred while running test - Timeout while waiting for status FAILED or SUCCESSFUL
Traceback (most recent call last):
  File "/home/pi/env-pysys/lib/python3.7/site-packages/pysys/baserunner.py", line 1292, in __call__
    self.testObj.setup()
  File "/home/pi/actions-runner/_work/thin-edge.io/thin-edge.io/tests/PySys/software_management_end_to_end/sm_apt_install_remove_multiple/run.py", line 52, in setup
    super().setup()
  File "/home/pi/actions-runner/_work/thin-edge.io/thin-edge.io/tests/PySys/software_management_end_to_end/environment_sm_management.py", line 151, in setup
    self.wait_until_end()
  File "/home/pi/actions-runner/_work/thin-edge.io/thin-edge.io/tests/PySys/software_management_end_to_end/environment_sm_management.py", line 332, in wait_until_end
    self.wait_until_status("FAILED", "SUCCESSFUL")
  File "/home/pi/actions-runner/_work/thin-edge.io/thin-edge.io/tests/PySys/software_management_end_to_end/environment_sm_management.py", line 381, in wait_until_status
    "Timeout while waiting for status %s or %s" % (status, status2)
SystemError: Timeout while waiting for status FAILED or SUCCESSFUL
10:14:35 WARN  SystemError: Timeout while waiting for status FAILED or SUCCESSFUL ... blocked 
10:14:35 INFO  
10:14:35 INFO  cleanup:
10:14:40 INFO  Executed sudo&lt;tedge_disconnect_c8y&gt;, exit status 0
10:14:40 INFO  Executed systemctl&lt;serv_mapper5&gt;, exit status 3
10:14:40 INFO  
10:14:40 INFO  Test duration: 166.23 secs
10:14:40 INFO  Test final outcome:  BLOCKED
10:14:40 INFO  Test outcome reason: SystemError: Timeout while waiting for status FAILED or SUCCESSFUL
10:14:40 INFO  
</system-out>
	</testcase>
</testsuite><testsuite name="SoftwareManagement.sm_apt_install_remove_multiple_mixed" tests="3" errors="0" failures="2" skipped="1" time="0"><testcase classname="PySysTest" name="SoftwareManagement.sm_apt_install_remove_multiple_mixed">
		<skipped message="SKIPPED: Testing the apt plugin is not supported on this platform.Use parameter -XmyPlatform='container' to enable it" />
		<system-out>09:07:28 INFO  ==============================================================
09:07:28 INFO  Id:    SoftwareManagement.sm_apt_install_remove_multiple_mixed
09:07:28 INFO  Dir:   software_management_end_to_end/
09:07:28 INFO  Title: Validate end to end behaviour for the apt plugin for multiple packages with mixed versions
09:07:28 INFO  ==============================================================
09:07:28 INFO  Testing the apt plugin is not supported on this platform.Use parameter -XmyPlatform='container' to enable it ... skipped
09:07:28 WARN  Aborted test due to SKIPPED outcome
09:07:28 INFO  
09:07:28 INFO  Test duration: 0.02 secs
09:07:28 INFO  Test final outcome:  SKIPPED
09:07:28 INFO  Test outcome reason: Testing the apt plugin is not supported on this platform.Use parameter -XmyPlatform='container' to enable it
09:07:28 INFO  
</system-out>
	</testcase>
<testcase classname="PySysTest" name="SoftwareManagement.sm_apt_install_remove_multiple_mixed">
[...]
09:01:32 INFO  Executed sudo&lt;tedge_connect_c8y&gt;, exit status 0, duration 13 secs
09:01:32 INFO  Executed sudo&lt;tedge_connect_c8y_test&gt;, exit status 0
09:01:33 INFO  Executed systemctl&lt;serv_mosq2&gt;, exit status 0
09:01:33 INFO  Executed systemctl&lt;serv_mapper3&gt;, exit status 0
09:02:03 WARN  Executed python3&lt;stdout&gt;, exit status 1
09:02:03 INFO  Contents of stdout.out: 
  Publishing sawtooth with delay 10ms height 400 iterations 1 template flux will cause 400 publishs.
  Iteraton: 0
  Execution took 4 s 4144 ms
  Publish rate: 10.360 ms/pub
  Publish per second: 96.525 pub/s
  Act: Publishing values with temperature_publisher
  Waiting 3s for values to arrive in C8y
  Assert: Retrieving data via REST interface
  Gathering values from 2022-04-15 09:01:42+00:00 to 2022-04-15 09:02:02+00:00
  Found 0 recorded values:
  Retrieved values:
  Expected:  0.0  ...  399.0
  Data verification FAILED
  -----

09:02:03 WARN  python3&lt;stdout&gt; returned non-zero exit code 1 ... blocked 
09:02:03 WARN  Aborted test due to BLOCKED outcome
09:02:03 INFO  
09:02:03 INFO  cleanup:
09:02:07 INFO  Executed sudo&lt;tedge_disconnect_c8y&gt;, exit status 0
09:02:07 INFO  Executed systemctl&lt;serv_mapper5&gt;, exit status 3
09:02:07 INFO  
09:02:07 INFO  Test duration: 57.10 secs
09:02:07 INFO  Test final outcome:  BLOCKED
09:02:07 INFO  Test outcome reason: python3&lt;stdout&gt; returned non-zero exit code 1
09:02:07 INFO  
</system-out>
	</testcase>
</testsuite><testsuite name="smoketest_json_400_samples_20ms" tests="1" errors="0" failures="1" skipped="0" time="0"><testcase classname="SmoketestJson400Samples20ms" name="smoketest_json_400_samples_20ms">
		<failure message="BLOCKED: python3&lt;stdout&gt; returned non-zero exit code 1" type="BLOCKED" />
		<system-out>09:02:07 INFO  ==============================================================
09:02:07 INFO  Id:    smoketest_json_400_samples_20ms
09:02:07 INFO  Dir:   smoketests/
09:02:07 INFO  Title: Smoketest Json 400 Samples 20ms Delay
09:02:07 INFO  ==============================================================
09:02:07 INFO  EnvironmentC8y Setup
09:02:08 INFO  Executed systemctl&lt;serv_mapper1&gt;, exit status 3
09:02:08 INFO  Restarting mosquitto too frequently in the last 10 seconds. It was only up for 4 seconds
09:02:08 INFO  Delaying execution by 7 seconds
09:02:29 INFO  Executed sudo&lt;tedge_connect_c8y&gt;, exit status 0, duration 14 secs
09:02:30 INFO  Executed sudo&lt;tedge_connect_c8y_test&gt;, exit status 0
09:02:30 INFO  Executed systemctl&lt;serv_mosq2&gt;, exit status 0
09:02:31 INFO  Executed systemctl&lt;serv_mapper3&gt;, exit status 0
09:03:00 WARN  Executed python3&lt;stdout&gt;, exit status 1
09:03:00 INFO  Contents of stdout.out: 
  Publishing sawtooth with delay 10ms height 400 iterations 1 template flux will cause 400 publishs.
  Iteraton: 0
  Execution took 4 s 4153 ms
  Publish rate: 10.383 ms/pub
  Publish per second: 96.316 pub/s
  Act: Publishing values with temperature_publisher
  Waiting 3s for values to arrive in C8y
  Assert: Retrieving data via REST interface
  Gathering values from 2022-04-15 09:02:40+00:00 to 2022-04-15 09:03:00+00:00
  Found 0 recorded values:
  Retrieved values:
  Expected:  0.0  ...  399.0
  Data verification FAILED
  -----

09:03:00 WARN  python3&lt;stdout&gt; returned non-zero exit code 1 ... blocked 
09:03:00 WARN  Aborted test due to BLOCKED outcome
09:03:00 INFO  
09:03:00 INFO  cleanup:
09:03:05 INFO  Executed sudo&lt;tedge_disconnect_c8y&gt;, exit status 0
09:03:05 INFO  Executed systemctl&lt;serv_mapper5&gt;, exit status 3
09:03:05 INFO  
09:03:05 INFO  Test duration: 57.74 secs
09:03:05 INFO  Test final outcome:  BLOCKED
09:03:05 INFO  Test outcome reason: python3&lt;stdout&gt; returned non-zero exit code 1
09:03:05 INFO  
</system-out>
	</testcase>
</testsuite><testsuite name="smoketest_smartrest" tests="1" errors="0" failures="1" skipped="0" time="0"><testcase classname="SmoketestSmartRest" name="smoketest_smartrest">
		<failure message="BLOCKED: python3&lt;stdout&gt; returned non-zero exit code 1" type="BLOCKED" />
		<system-out>09:03:05 INFO  ==============================================================
09:03:05 INFO  Id:    smoketest_smartrest
09:03:05 INFO  Dir:   smoketests/
09:03:05 INFO  Title: Smoketest SmartREST
09:03:05 INFO  ==============================================================
09:03:05 INFO  EnvironmentC8y Setup
09:03:06 INFO  Executed systemctl&lt;serv_mapper1&gt;, exit status 3
09:03:06 INFO  Restarting mosquitto too frequently in the last 10 seconds. It was only up for 5 seconds
09:03:06 INFO  Delaying execution by 6 seconds
09:03:26 INFO  Executed sudo&lt;tedge_connect_c8y&gt;, exit status 0, duration 14 secs
09:03:27 INFO  Executed sudo&lt;tedge_connect_c8y_test&gt;, exit status 0
09:03:27 INFO  Executed systemctl&lt;serv_mosq2&gt;, exit status 0
09:03:28 INFO  Executed systemctl&lt;serv_mapper3&gt;, exit status 0
09:03:48 WARN  Executed python3&lt;stdout&gt;, exit status 1
09:03:48 INFO  Contents of stdout.out: 
  Act: Publishing values with tedge pub
  Waiting 3s for values to arrive in C8y
  Assert: Retrieving data via REST interface
  Gathering values from 2022-04-15 09:03:37+00:00 to 2022-04-15 09:03:47+00:00
  Found 0 recorded values:
  Retrieved values:
  Expected:  0.0  ...  19.0
  Data verification FAILED
  -----

09:03:48 WARN  python3&lt;stdout&gt; returned non-zero exit code 1 ... blocked 
09:03:48 WARN  Aborted test due to BLOCKED outcome
09:03:48 INFO  
09:03:48 INFO  cleanup:
09:03:52 INFO  Executed sudo&lt;tedge_disconnect_c8y&gt;, exit status 0
09:03:53 INFO  Executed systemctl&lt;serv_mapper5&gt;, exit status 3
09:03:53 INFO  
09:03:53 INFO  Test duration: 47.33 secs
09:03:53 INFO  Test final outcome:  BLOCKED
09:03:53 INFO  Test outcome reason: python3&lt;stdout&gt; returned non-zero exit code 1
09:03:53 INFO  
</system-out>
	</testcase>
</testsuite><testsuite name="smoketest_smartrest_400_samples_1Xms" tests="1" errors="0" failures="1" skipped="0" time="0"><testcase classname="SmoketestSmartRest400Samples1Xms" name="smoketest_smartrest_400_samples_1Xms">
		<failure message="BLOCKED: python3&lt;stdout&gt; returned non-zero exit code 1" type="BLOCKED" />
		<system-out>09:03:53 INFO  ==============================================================
09:03:53 INFO  Id:    smoketest_smartrest_400_samples_1Xms
09:03:53 INFO  Dir:   smoketests/
09:03:53 INFO  Title: Smoketest Smart Rest 400 Samples 1Xms Delay
09:03:53 INFO  ==============================================================
09:03:53 INFO  EnvironmentC8y Setup
09:03:53 INFO  Executed systemctl&lt;serv_mapper1&gt;, exit status 3
09:03:53 INFO  Restarting mosquitto too frequently in the last 10 seconds. It was only up for 4 seconds
09:03:53 INFO  Delaying execution by 7 seconds
09:04:15 INFO  Executed sudo&lt;tedge_connect_c8y&gt;, exit status 0, duration 14 secs
09:04:16 INFO  Executed sudo&lt;tedge_connect_c8y_test&gt;, exit status 0
09:04:16 INFO  Executed systemctl&lt;serv_mosq2&gt;, exit status 0
09:04:17 INFO  Executed systemctl&lt;serv_mapper3&gt;, exit status 0
09:05:35 WARN  Executed python3&lt;stdout&gt;, exit status 1, duration 37 secs
09:05:35 INFO  Contents of stdout.out: 
  Act: Publishing values with tedge pub
  Waiting 3s for values to arrive in C8y
  Assert: Retrieving data via REST interface
  Gathering values from 2022-04-15 09:04:54+00:00 to 2022-04-15 09:05:34+00:00
  Found 96 recorded values:
  Retrieved values:
    104   105   106   107   108   109   110   111   112   113   114   115   116   117   118   119
    120   121   122   123   124   125   126   127   128   129   130   131   132   133   134   135   136   137   138   139
    140   141   142   143   144   145   146   147   148   149   150   151   152   153   154   155   156   157   158   159
    160   161   162   163   164   165   166   167   168   169   170   171   172   173   174   175   176   177   178   179
    180   181   182   183   184   185   186   187   188   189   190   191   192   193   194   195   196   197   198   199
  Expected:  0.0  ...  199.0
  Data verification FAILED
  -----

09:05:35 WARN  python3&lt;stdout&gt; returned non-zero exit code 1 ... blocked 
09:05:35 WARN  Aborted test due to BLOCKED outcome
09:05:35 INFO  
09:05:35 INFO  cleanup:
09:05:39 INFO  Executed sudo&lt;tedge_disconnect_c8y&gt;, exit status 0
09:05:39 INFO  Executed systemctl&lt;serv_mapper5&gt;, exit status 3
09:05:39 INFO  
09:05:39 INFO  Test duration: 106.70 secs
09:05:39 INFO  Test final outcome:  BLOCKED
09:05:39 INFO  Test outcome reason: python3&lt;stdout&gt; returned non-zero exit code 1
09:05:39 INFO  
</system-out>
	</testcase>
</testsuite><testsuite name="smoketest_smartrest_400_samples_20ms" tests="1" errors="0" failures="1" skipped="0" time="0"><testcase classname="SmoketestSmartRest400Samples20ms" name="smoketest_smartrest_400_samples_20ms">
		<failure message="BLOCKED: python3&lt;stdout&gt; returned non-zero exit code 1" type="BLOCKED" />
		<system-out>09:05:39 INFO  ==============================================================
09:05:39 INFO  Id:    smoketest_smartrest_400_samples_20ms
09:05:39 INFO  Dir:   smoketests/
09:05:39 INFO  Title: Smoketest SmartRest 400 Samples 20ms Delay
09:05:39 INFO  ==============================================================
09:05:39 INFO  EnvironmentC8y Setup
09:05:40 INFO  Executed systemctl&lt;serv_mapper1&gt;, exit status 3
09:05:40 INFO  Restarting mosquitto too frequently in the last 10 seconds. It was only up for 4 seconds
09:05:40 INFO  Delaying execution by 7 seconds
09:06:01 INFO  Executed sudo&lt;tedge_connect_c8y&gt;, exit status 0, duration 14 secs
09:06:02 INFO  Executed sudo&lt;tedge_connect_c8y_test&gt;, exit status 0
09:06:02 INFO  Executed systemctl&lt;serv_mosq2&gt;, exit status 0
09:06:03 INFO  Executed systemctl&lt;serv_mapper3&gt;, exit status 0
09:07:22 WARN  Executed python3&lt;stdout&gt;, exit status 1, duration 39 secs
09:07:22 INFO  Contents of stdout.out: 
  Act: Publishing values with tedge pub
  Waiting 3s for values to arrive in C8y
  Assert: Retrieving data via REST interface
  Gathering values from 2022-04-15 09:06:42+00:00 to 2022-04-15 09:07:22+00:00
  Found 89 recorded values:
  Retrieved values:
    111   112   113   114   115   116   117   118   119
    120   121   122   123   124   125   126   127   128   129   130   131   132   133   134   135   136   137   138   139
    140   141   142   143   144   145   146   147   148   149   150   151   152   153   154   155   156   157   158   159
    160   161   162   163   164   165   166   167   168   169   170   171   172   173   174   175   176   177   178   179
    180   181   182   183   184   185   186   187   188   189   190   191   192   193   194   195   196   197   198   199
  Expected:  0.0  ...  199.0
  Data verification FAILED
  -----

09:07:22 WARN  python3&lt;stdout&gt; returned non-zero exit code 1 ... blocked 
09:07:22 WARN  Aborted test due to BLOCKED outcome
09:07:22 INFO  
09:07:22 INFO  cleanup:
09:07:26 INFO  Executed sudo&lt;tedge_disconnect_c8y&gt;, exit status 0
09:07:27 INFO  Executed systemctl&lt;serv_mapper5&gt;, exit status 3
09:07:27 INFO  
09:07:27 INFO  Test duration: 107.59 secs
09:07:27 INFO  Test final outcome:  BLOCKED
09:07:27 INFO  Test outcome reason: python3&lt;stdout&gt; returned non-zero exit code 1
09:07:27 INFO  
</system-out>
	</testcase>
</testsuite><testsuite name="tedge_agent_user_sudo_access" tests="1" errors="0" failures="0" skipped="1" time="0"><testcase classname="TedgeAgentUserSudoAccess" name="tedge_agent_user_sudo_access">
		<skipped message="SKIPPED: #955 Observation: Exit code of the apt plugin when called with no arguments" />
		<system-out>09:07:55 INFO  ==============================================================
09:07:55 INFO  Id:    tedge_agent_user_sudo_access
09:07:55 INFO  Dir:   tedge/
09:07:55 INFO  Title: Validate tedge-agent user has a limited sudo right
09:07:55 INFO  ==============================================================
09:07:55 INFO  #955 Observation: Exit code of the apt plugin when called with no arguments ... skipped
09:07:55 INFO  
09:07:55 INFO  Test duration: 0.02 secs
09:07:55 INFO  Test final outcome:  SKIPPED
09:07:55 INFO  Test outcome reason: #955 Observation: Exit code of the apt plugin when called with no arguments
09:07:55 INFO  
</system-out>
	</testcase>
</testsuite><testsuite name="tedge_connect_test_negative" tests="1" errors="0" failures="0" skipped="0" time="0"><testcase classname="TedgeConnectTestNegative" name="tedge_connect_test_negative" />
</testsuite><testsuite name="tedge_connect_test_positive" tests="1" errors="0" failures="0" skipped="0" time="0"><testcase classname="TedgeConnectTestPositive" name="tedge_connect_test_positive" />
</testsuite><testsuite name="tedge_connect_test_sm_services" tests="1" errors="0" failures="0" skipped="0" time="0"><testcase classname="TedgeConnectTestSMServices" name="tedge_connect_test_sm_services" />
</testsuite><testsuite name="tedge_disconnect_test_sm_services" tests="1" errors="0" failures="0" skipped="0" time="0"><testcase classname="TedgeDisConnectTestSMServices" name="tedge_disconnect_test_sm_services" />
</testsuite><testsuite name="tedge_mapper_az_negative" tests="1" errors="0" failures="0" skipped="0" time="0"><testcase classname="TedgeMapperAzError" name="tedge_mapper_az_negative" />
</testsuite><testsuite name="tedge_mapper_az_with_timestamp" tests="1" errors="0" failures="0" skipped="0" time="0"><testcase classname="TedgeMapperAzWithTimestamp" name="tedge_mapper_az_with_timestamp" />
</testsuite><testsuite name="tedge_mapper_az_without_timestamp" tests="1" errors="0" failures="0" skipped="0" time="0"><testcase classname="TedgeMapperAzWithoutTimestamp" name="tedge_mapper_az_without_timestamp" />
</testsuite><testsuite name="tedge_mapper_c8y_alarms" tests="1" errors="0" failures="1" skipped="0" time="0"><testcase classname="TedgeMapperC8yAlarm" name="tedge_mapper_c8y_alarms">
		<failure message="BLOCKED: IndexError: list index out of range" type="BLOCKED" />
		<system-out>09:11:44 INFO  ==============================================================
09:11:44 INFO  Id:    tedge_mapper_c8y_alarms
09:11:44 INFO  Dir:   tedge_mapper_c8y/
09:11:44 INFO  Title: Validate that alarms sent to tedge/alarms topic \ gets mapped as alarms in Cumulocity
09:11:44 INFO  ==============================================================
09:11:44 INFO  EnvironmentC8y Setup
09:11:44 INFO  Executed systemctl&lt;serv_mapper1&gt;, exit status 3
09:11:59 INFO  Executed sudo&lt;tedge_connect_c8y&gt;, exit status 0, duration 14 secs
09:11:59 INFO  Executed sudo&lt;tedge_connect_c8y_test&gt;, exit status 0
09:12:00 INFO  Executed systemctl&lt;serv_mosq2&gt;, exit status 0
09:12:00 INFO  Executed systemctl&lt;serv_mapper3&gt;, exit status 0
09:12:06 INFO  Executed tedge, exit status 0
09:12:06 INFO  Executed tedge, exit status 0
09:12:07 INFO  Executed tedge, exit status 0
09:12:07 INFO  Executed tedge, exit status 0
09:12:07 INFO  Executed tedge, exit status 0
09:12:09 WARN  IndexError occurred while running test - list index out of range
Traceback (most recent call last):
  File "/home/pi/env-pysys/lib/python3.7/site-packages/pysys/baserunner.py", line 1296, in __call__
    self.testObj.validate()
  File "/home/pi/actions-runner/_work/thin-edge.io/thin-edge.io/tests/PySys/tedge_mapper_c8y/tedge_mapper_c8y_alarms/run.py", line 100, in validate
    alarms[0],
IndexError: list index out of range
09:12:09 WARN  IndexError: list index out of range ... blocked 
09:12:09 INFO  
09:12:09 INFO  cleanup:
09:12:09 INFO  Executed tedge, exit status 0
09:12:10 INFO  Executed tedge, exit status 0
09:12:10 INFO  Executed tedge, exit status 0
09:12:15 INFO  Executed sudo&lt;tedge_disconnect_c8y&gt;, exit status 0
09:12:15 INFO  Executed systemctl&lt;serv_mapper5&gt;, exit status 3
09:12:15 INFO  
09:12:15 INFO  Test duration: 31.20 secs
09:12:15 INFO  Test final outcome:  BLOCKED
09:12:15 INFO  Test outcome reason: IndexError: list index out of range
09:12:15 INFO  
</system-out>
	</testcase>
</testsuite><testsuite name="tedge_mapper_c8y_child_device_measurement" tests="1" errors="0" failures="1" skipped="0" time="0"><testcase classname="TedgeMapperC8yChildDevice" name="tedge_mapper_c8y_child_device_measurement">
		<failure message="BLOCKED: TypeError: 'NoneType' object is not subscriptable (+1 other failures)" type="BLOCKED" />
		<system-out>09:12:15 INFO  ==============================================================
09:12:15 INFO  Id:    tedge_mapper_c8y_child_device_measurement
09:12:15 INFO  Dir:   tedge_mapper_c8y/
09:12:15 INFO  Title: Validate that measurements sent to tedge/measurements/child topic gets mapped as the child device's measurement in Cumulocity
09:12:15 INFO  ==============================================================
09:12:15 INFO  EnvironmentC8y Setup
09:12:16 INFO  Executed systemctl&lt;serv_mapper1&gt;, exit status 3
09:12:16 INFO  Restarting mosquitto too frequently in the last 10 seconds. It was only up for 5 seconds
09:12:16 INFO  Delaying execution by 6 seconds
09:12:36 INFO  Executed sudo&lt;tedge_connect_c8y&gt;, exit status 0, duration 14 secs
09:12:37 INFO  Executed sudo&lt;tedge_connect_c8y_test&gt;, exit status 0
09:12:37 INFO  Executed systemctl&lt;serv_mosq2&gt;, exit status 0
09:12:38 INFO  Executed systemctl&lt;serv_mapper3&gt;, exit status 0
09:12:39 INFO  Assert that (actual == expected) with actual=None, expected=None ... passed
09:12:39 INFO  Executed tedge_pub, exit status 0
09:12:39 INFO  Executed tedge_pub, exit status 0
09:12:40 INFO  Executed tedge_pub, exit status 0
09:12:40 INFO  Executed tedge_pub, exit status 0
09:12:41 INFO  Executed tedge_pub, exit status 0
09:12:43 WARN  TypeError occurred while running test - 'NoneType' object is not subscriptable
Traceback (most recent call last):
  File "/home/pi/env-pysys/lib/python3.7/site-packages/pysys/baserunner.py", line 1296, in __call__
    self.testObj.validate()
  File "/home/pi/actions-runner/_work/thin-edge.io/thin-edge.io/tests/PySys/tedge_mapper_c8y/tedge_mapper_c8y_child_device_measurement/run.py", line 115, in validate
    self.child_device_json["id"], 3
TypeError: 'NoneType' object is not subscriptable
09:12:43 WARN  TypeError: 'NoneType' object is not subscriptable ... blocked 
09:12:43 INFO  
09:12:43 INFO  cleanup:
09:12:43 ERROR Error while running cleanup function: 
Traceback (most recent call last):
  File "/home/pi/env-pysys/lib/python3.7/site-packages/pysys/process/user.py", line 1305, in cleanup
    fn()
  File "/home/pi/actions-runner/_work/thin-edge.io/thin-edge.io/tests/PySys/tedge_mapper_c8y/tedge_mapper_c8y_child_device_measurement/run.py", line 165, in test_cleanup
    self.child_device_json["id"]
TypeError: 'NoneType' object is not subscriptable
09:12:47 INFO  Executed sudo&lt;tedge_disconnect_c8y&gt;, exit status 0
09:12:48 INFO  Executed systemctl&lt;serv_mapper5&gt;, exit status 3
09:12:48 WARN  Cleanup failed with 1 errors: Cleanup function failed: 'NoneType' object is not subscriptable (TypeError) ... blocked 
09:12:48 INFO  
09:12:48 INFO  Test duration: 32.55 secs
09:12:48 INFO  Test final outcome:  BLOCKED
09:12:48 INFO  Test outcome reason: TypeError: 'NoneType' object is not subscriptable (+1 other failures)
09:12:48 INFO  
</system-out>
	</testcase>
</testsuite><testsuite name="tedge_mapper_c8y_packet_threshold_size" tests="1" errors="0" failures="0" skipped="0" time="0"><testcase classname="TedgeMapperC8yThresholdPacketSize" name="tedge_mapper_c8y_packet_threshold_size" />
</testsuite><testsuite name="tedge_software_update" tests="1" errors="0" failures="0" skipped="0" time="0"><testcase classname="PySysTest" name="tedge_software_update" />
</testsuite><testsuite name="valid_device_id" tests="1" errors="0" failures="0" skipped="0" time="0"><testcase classname="ValidateValidDeviceId" name="valid_device_id" />
</testsuite></testsuites>