<?xml version='1.0' encoding='utf-8'?>
<testsuites tests="97" failures="5" errors="0" skipped="46" time="0.0"><testsuite name="SoftwareManagement.Plugin.apama_plugin_install" tests="1" errors="0" failures="0" skipped="1" time="0"><testcase classname="ApamaPluginInstallTest" name="SoftwareManagement.Plugin.apama_plugin_install">
		<skipped message="SKIPPED: Apama plugin tests are disabled by default. Execute `pysys run` with `-XmyPlatform=container` to run these tests" />
		<system-out>16:04:36 INFO  ==============================================================
16:04:36 INFO  Id:    SoftwareManagement.Plugin.apama_plugin_install
16:04:36 INFO  Dir:   plugin_apama/
16:04:36 INFO  Title: Validate apama plugin install
16:04:36 INFO  ==============================================================
16:04:36 INFO  Apama plugin tests are disabled by default. Execute `pysys run` with `-XmyPlatform=container` to run these tests ... skipped
16:04:36 WARN  Aborted test due to SKIPPED outcome
16:04:36 INFO  
16:04:36 INFO  Test duration: 0.04 secs
16:04:36 INFO  Test final outcome:  SKIPPED
16:04:36 INFO  Test outcome reason: Apama plugin tests are disabled by default. Execute `pysys run` with `-XmyPlatform=container` to run these tests
16:04:36 INFO  
</system-out>
	</testcase>
</testsuite><testsuite name="SoftwareManagement.Plugin.apama_plugin_mon_support" tests="1" errors="0" failures="0" skipped="1" time="0"><testcase classname="ApamaPluginMonSupportTest" name="SoftwareManagement.Plugin.apama_plugin_mon_support">
		<skipped message="SKIPPED: Apama plugin tests are disabled by default. Execute `pysys run` with `-XmyPlatform=container` to run these tests" />
		<system-out>16:04:36 INFO  ==============================================================
16:04:36 INFO  Id:    SoftwareManagement.Plugin.apama_plugin_mon_support
16:04:36 INFO  Dir:   plugin_apama/
16:04:36 INFO  Title: Validate mon file support of apama plugin
16:04:36 INFO  ==============================================================
16:04:36 INFO  Apama plugin tests are disabled by default. Execute `pysys run` with `-XmyPlatform=container` to run these tests ... skipped
16:04:36 WARN  Aborted test due to SKIPPED outcome
16:04:36 INFO  
16:04:36 INFO  Test duration: 0.02 secs
16:04:36 INFO  Test final outcome:  SKIPPED
16:04:36 INFO  Test outcome reason: Apama plugin tests are disabled by default. Execute `pysys run` with `-XmyPlatform=container` to run these tests
16:04:36 INFO  
</system-out>
	</testcase>
</testsuite><testsuite name="SoftwareManagement.Plugin.apama_plugin_remove" tests="1" errors="0" failures="0" skipped="1" time="0"><testcase classname="ApamaPluginRemoveTest" name="SoftwareManagement.Plugin.apama_plugin_remove">
		<skipped message="SKIPPED: Apama plugin tests are disabled by default. Execute `pysys run` with `-XmyPlatform=container` to run these tests" />
		<system-out>16:04:36 INFO  ==============================================================
16:04:36 INFO  Id:    SoftwareManagement.Plugin.apama_plugin_remove
16:04:36 INFO  Dir:   plugin_apama/
16:04:36 INFO  Title: Validate apama plugin remove
16:04:36 INFO  ==============================================================
16:04:36 INFO  Apama plugin tests are disabled by default. Execute `pysys run` with `-XmyPlatform=container` to run these tests ... skipped
16:04:36 WARN  Aborted test due to SKIPPED outcome
16:04:36 INFO  
16:04:36 INFO  Test duration: 0.02 secs
16:04:36 INFO  Test final outcome:  SKIPPED
16:04:36 INFO  Test outcome reason: Apama plugin tests are disabled by default. Execute `pysys run` with `-XmyPlatform=container` to run these tests
16:04:36 INFO  
</system-out>
	</testcase>
</testsuite><testsuite name="SoftwareManagement.Plugin.apama_plugin_update" tests="1" errors="0" failures="0" skipped="1" time="0"><testcase classname="ApamaPluginUpdateTest" name="SoftwareManagement.Plugin.apama_plugin_update">
		<skipped message="SKIPPED: Apama plugin tests are disabled by default. Execute `pysys run` with `-XmyPlatform=container` to run these tests" />
		<system-out>16:04:36 INFO  ==============================================================
16:04:36 INFO  Id:    SoftwareManagement.Plugin.apama_plugin_update
16:04:36 INFO  Dir:   plugin_apama/
16:04:36 INFO  Title: Validate apama plugin updating one project with another
16:04:36 INFO  ==============================================================
16:04:36 INFO  Apama plugin tests are disabled by default. Execute `pysys run` with `-XmyPlatform=container` to run these tests ... skipped
16:04:36 WARN  Aborted test due to SKIPPED outcome
16:04:36 INFO  
16:04:36 INFO  Test duration: 0.02 secs
16:04:36 INFO  Test final outcome:  SKIPPED
16:04:36 INFO  Test outcome reason: Apama plugin tests are disabled by default. Execute `pysys run` with `-XmyPlatform=container` to run these tests
16:04:36 INFO  
</system-out>
	</testcase>
</testsuite><testsuite name="SoftwareManagement.sm_apt_install_download_path" tests="1" errors="0" failures="0" skipped="1" time="0"><testcase classname="AptInstallWithDownloadPath" name="SoftwareManagement.sm_apt_install_download_path">
		<skipped message="SKIPPED: Testing the apt plugin is not supported on this platform.Use parameter -XmyPlatform='container' to enable it" />
		<system-out>16:15:53 INFO  ==============================================================
16:15:53 INFO  Id:    SoftwareManagement.sm_apt_install_download_path
16:15:53 INFO  Dir:   software_management_end_to_end/
16:15:53 INFO  Title: Install package to directory specified in tedge config set tmp.path
16:15:53 INFO  ==============================================================
16:15:53 INFO  Testing the apt plugin is not supported on this platform.Use parameter -XmyPlatform='container' to enable it ... skipped
16:15:53 WARN  Aborted test due to SKIPPED outcome
16:15:53 INFO  
16:15:53 INFO  Test duration: 0.06 secs
16:15:53 INFO  Test final outcome:  SKIPPED
16:15:53 INFO  Test outcome reason: Testing the apt plugin is not supported on this platform.Use parameter -XmyPlatform='container' to enable it
16:15:53 INFO  
</system-out>
	</testcase>
</testsuite><testsuite name="SoftwareManagement.sm_apt_install_fail" tests="1" errors="0" failures="0" skipped="1" time="0"><testcase classname="PySysTest" name="SoftwareManagement.sm_apt_install_fail">
		<skipped message="SKIPPED: Testing the apt plugin is not supported on this platform.Use parameter -XmyPlatform='container' to enable it" />
		<system-out>16:15:53 INFO  ==============================================================
16:15:53 INFO  Id:    SoftwareManagement.sm_apt_install_fail
16:15:53 INFO  Dir:   software_management_end_to_end/
16:15:53 INFO  Title: Validate end to end behaviour for a failing installation
16:15:53 INFO  ==============================================================
16:15:53 INFO  Testing the apt plugin is not supported on this platform.Use parameter -XmyPlatform='container' to enable it ... skipped
16:15:53 WARN  Aborted test due to SKIPPED outcome
16:15:53 INFO  
16:15:53 INFO  Test duration: 0.02 secs
16:15:53 INFO  Test final outcome:  SKIPPED
16:15:53 INFO  Test outcome reason: Testing the apt plugin is not supported on this platform.Use parameter -XmyPlatform='container' to enable it
16:15:53 INFO  
</system-out>
	</testcase>
</testsuite><testsuite name="SoftwareManagement.sm_apt_install_remove" tests="1" errors="0" failures="0" skipped="1" time="0"><testcase classname="PySysTest" name="SoftwareManagement.sm_apt_install_remove">
		<skipped message="SKIPPED: Testing the apt plugin is not supported on this platform.Use parameter -XmyPlatform='container' to enable it" />
		<system-out>16:15:53 INFO  ==============================================================
16:15:53 INFO  Id:    SoftwareManagement.sm_apt_install_remove
16:15:53 INFO  Dir:   software_management_end_to_end/
16:15:53 INFO  Title: Validate end to end behaviour for the apt plugin for installation and removal of packages
16:15:53 INFO  ==============================================================
16:15:53 INFO  Testing the apt plugin is not supported on this platform.Use parameter -XmyPlatform='container' to enable it ... skipped
16:15:53 WARN  Aborted test due to SKIPPED outcome
16:15:53 INFO  
16:15:53 INFO  Test duration: 0.02 secs
16:15:53 INFO  Test final outcome:  SKIPPED
16:15:53 INFO  Test outcome reason: Testing the apt plugin is not supported on this platform.Use parameter -XmyPlatform='container' to enable it
16:15:53 INFO  
</system-out>
	</testcase>
</testsuite><testsuite name="SoftwareManagement.sm_apt_install_remove_default" tests="1" errors="0" failures="0" skipped="1" time="0"><testcase classname="PySysTest" name="SoftwareManagement.sm_apt_install_remove_default">
		<skipped message="SKIPPED: Testing the apt plugin is not supported on this platform.Use parameter -XmyPlatform='container' to enable it" />
		<system-out>16:15:53 INFO  ==============================================================
16:15:53 INFO  Id:    SoftwareManagement.sm_apt_install_remove_default
16:15:53 INFO  Dir:   software_management_end_to_end/
16:15:53 INFO  Title: Validate end to end behaviour for the default plugin for installation and removal of packages
16:15:53 INFO  ==============================================================
16:15:53 INFO  Testing the apt plugin is not supported on this platform.Use parameter -XmyPlatform='container' to enable it ... skipped
16:15:53 WARN  Aborted test due to SKIPPED outcome
16:15:53 INFO  
16:15:53 INFO  Test duration: 0.02 secs
16:15:53 INFO  Test final outcome:  SKIPPED
16:15:53 INFO  Test outcome reason: Testing the apt plugin is not supported on this platform.Use parameter -XmyPlatform='container' to enable it
16:15:53 INFO  
</system-out>
	</testcase>
</testsuite><testsuite name="SoftwareManagement.sm_apt_install_remove_multiple" tests="1" errors="0" failures="0" skipped="1" time="0"><testcase classname="PySysTest" name="SoftwareManagement.sm_apt_install_remove_multiple">
		<skipped message="SKIPPED: Testing the apt plugin is not supported on this platform.Use parameter -XmyPlatform='container' to enable it" />
		<system-out>16:15:53 INFO  ==============================================================
16:15:53 INFO  Id:    SoftwareManagement.sm_apt_install_remove_multiple
16:15:53 INFO  Dir:   software_management_end_to_end/
16:15:53 INFO  Title: Validate end to end behaviour for the apt plugin for multiple packages
16:15:53 INFO  ==============================================================
16:15:53 INFO  Testing the apt plugin is not supported on this platform.Use parameter -XmyPlatform='container' to enable it ... skipped
16:15:53 WARN  Aborted test due to SKIPPED outcome
16:15:53 INFO  
16:15:53 INFO  Test duration: 0.02 secs
16:15:53 INFO  Test final outcome:  SKIPPED
16:15:53 INFO  Test outcome reason: Testing the apt plugin is not supported on this platform.Use parameter -XmyPlatform='container' to enable it
16:15:53 INFO  
</system-out>
	</testcase>
</testsuite><testsuite name="SoftwareManagement.sm_apt_install_remove_multiple_mixed" tests="1" errors="0" failures="0" skipped="1" time="0"><testcase classname="PySysTest" name="SoftwareManagement.sm_apt_install_remove_multiple_mixed">
		<skipped message="SKIPPED: Testing the apt plugin is not supported on this platform.Use parameter -XmyPlatform='container' to enable it" />
		<system-out>16:15:53 INFO  ==============================================================
16:15:53 INFO  Id:    SoftwareManagement.sm_apt_install_remove_multiple_mixed
16:15:53 INFO  Dir:   software_management_end_to_end/
16:15:53 INFO  Title: Validate end to end behaviour for the apt plugin for multiple packages with mixed versions
16:15:53 INFO  ==============================================================
16:15:53 INFO  Testing the apt plugin is not supported on this platform.Use parameter -XmyPlatform='container' to enable it ... skipped
16:15:53 WARN  Aborted test due to SKIPPED outcome
16:15:53 INFO  
16:15:53 INFO  Test duration: 0.02 secs
16:15:53 INFO  Test final outcome:  SKIPPED
16:15:53 INFO  Test outcome reason: Testing the apt plugin is not supported on this platform.Use parameter -XmyPlatform='container' to enable it
16:15:53 INFO  
</system-out>
	</testcase>
</testsuite><testsuite name="SoftwareManagement.sm_apt_install_remove_with_version" tests="1" errors="0" failures="0" skipped="1" time="0"><testcase classname="PySysTest" name="SoftwareManagement.sm_apt_install_remove_with_version">
		<skipped message="SKIPPED: Testing the apt plugin is not supported on this platform.Use parameter -XmyPlatform='container' to enable it" />
		<system-out>16:15:54 INFO  ==============================================================
16:15:54 INFO  Id:    SoftwareManagement.sm_apt_install_remove_with_version
16:15:54 INFO  Dir:   software_management_end_to_end/
16:15:54 INFO  Title: Validate end to end behaviour for the apt plugin for packages with version
16:15:54 INFO  ==============================================================
16:15:54 INFO  Testing the apt plugin is not supported on this platform.Use parameter -XmyPlatform='container' to enable it ... skipped
16:15:54 WARN  Aborted test due to SKIPPED outcome
16:15:54 INFO  
16:15:54 INFO  Test duration: 0.02 secs
16:15:54 INFO  Test final outcome:  SKIPPED
16:15:54 INFO  Test outcome reason: Testing the apt plugin is not supported on this platform.Use parameter -XmyPlatform='container' to enable it
16:15:54 INFO  
</system-out>
	</testcase>
</testsuite><testsuite name="SoftwareManagement.sm_docker_install_remove_multiple" tests="1" errors="0" failures="0" skipped="1" time="0"><testcase classname="SMDockerInstallRemove" name="SoftwareManagement.sm_docker_install_remove_multiple">
		<skipped message="SKIPPED: Testing the apt plugin is not supported on this platform.Use parameter -XmyPlatform='container' to enable it" />
		<system-out>16:15:54 INFO  ==============================================================
16:15:54 INFO  Id:    SoftwareManagement.sm_docker_install_remove_multiple
16:15:54 INFO  Dir:   software_management_end_to_end/
16:15:54 INFO  Title: Validate end to end behaviour for the docker plugin for multiple docker images with mixed versions
16:15:54 INFO  ==============================================================
16:15:54 INFO  Testing the apt plugin is not supported on this platform.Use parameter -XmyPlatform='container' to enable it ... skipped
16:15:54 WARN  Aborted test due to SKIPPED outcome
16:15:54 INFO  
16:15:54 INFO  Test duration: 0.03 secs
16:15:54 INFO  Test final outcome:  SKIPPED
16:15:54 INFO  Test outcome reason: Testing the apt plugin is not supported on this platform.Use parameter -XmyPlatform='container' to enable it
16:15:54 INFO  
</system-out>
	</testcase>
</testsuite><testsuite name="SoftwareManagement.sm_fake_install_remove" tests="1" errors="0" failures="0" skipped="1" time="0"><testcase classname="PySysTest" name="SoftwareManagement.sm_fake_install_remove">
		<skipped message="SKIPPED: Testing the fake plugin is not enabled.Use parameter -Xfakeplugin=fakeplugin to enable it" />
		<system-out>16:15:54 INFO  ==============================================================
16:15:54 INFO  Id:    SoftwareManagement.sm_fake_install_remove
16:15:54 INFO  Dir:   software_management_end_to_end/
16:15:54 INFO  Title: Validate end to end behaviour for the dummy plugin for installation and removal of packages
16:15:54 INFO  ==============================================================
16:15:54 INFO  Testing the fake plugin is not enabled.Use parameter -Xfakeplugin=fakeplugin to enable it ... skipped
16:15:54 WARN  Aborted test due to SKIPPED outcome
16:15:54 INFO  
16:15:54 INFO  Test duration: 0.02 secs
16:15:54 INFO  Test final outcome:  SKIPPED
16:15:54 INFO  Test outcome reason: Testing the fake plugin is not enabled.Use parameter -Xfakeplugin=fakeplugin to enable it
16:15:54 INFO  
</system-out>
	</testcase>
</testsuite><testsuite name="SoftwareManagement.sm_fake_install_remove_multiple" tests="1" errors="0" failures="0" skipped="1" time="0"><testcase classname="PySysTest" name="SoftwareManagement.sm_fake_install_remove_multiple">
		<skipped message="SKIPPED: Testing the fake plugin is not enabled.Use parameter -Xfakeplugin=fakeplugin to enable it" />
		<system-out>16:15:54 INFO  ==============================================================
16:15:54 INFO  Id:    SoftwareManagement.sm_fake_install_remove_multiple
16:15:54 INFO  Dir:   software_management_end_to_end/
16:15:54 INFO  Title: Validate end to end behaviour for the dummy-plugin for multiple packages
16:15:54 INFO  ==============================================================
16:15:54 INFO  Testing the fake plugin is not enabled.Use parameter -Xfakeplugin=fakeplugin to enable it ... skipped
16:15:54 WARN  Aborted test due to SKIPPED outcome
16:15:54 INFO  
16:15:54 INFO  Test duration: 0.02 secs
16:15:54 INFO  Test final outcome:  SKIPPED
16:15:54 INFO  Test outcome reason: Testing the fake plugin is not enabled.Use parameter -Xfakeplugin=fakeplugin to enable it
16:15:54 INFO  
</system-out>
	</testcase>
</testsuite><testsuite name="SoftwareManagement.sm_mapper_fail_and_reconnect" tests="1" errors="0" failures="0" skipped="1" time="0"><testcase classname="MapperC8yReceiveLastMessageOnRestart" name="SoftwareManagement.sm_mapper_fail_and_reconnect">
		<skipped message="SKIPPED: instable https://github.com/thin-edge/thin-edge.io/issues/752" />
		<system-out>16:15:54 INFO  ==============================================================
16:15:54 INFO  Id:    SoftwareManagement.sm_mapper_fail_and_reconnect
16:15:54 INFO  Dir:   software_management_end_to_end/
16:15:54 INFO  Title: Validate the tedge-mapper-sm-c8y for receiving the last message on restart
16:15:54 INFO  ==============================================================
16:15:54 INFO  instable https://github.com/thin-edge/thin-edge.io/issues/752 ... skipped
16:15:54 INFO  
16:15:54 INFO  Test duration: 0.02 secs
16:15:54 INFO  Test final outcome:  SKIPPED
16:15:54 INFO  Test outcome reason: instable https://github.com/thin-edge/thin-edge.io/issues/752
16:15:54 INFO  
</system-out>
	</testcase>
</testsuite><testsuite name="SoftwareManagement.sm_mixed_install_remove_multiple" tests="1" errors="0" failures="0" skipped="1" time="0"><testcase classname="PySysTest" name="SoftwareManagement.sm_mixed_install_remove_multiple">
		<skipped message="SKIPPED: Testing the fake plugin is not enabled.Use parameter -Xfakeplugin=fakeplugin to enable it" />
		<system-out>16:15:54 INFO  ==============================================================
16:15:54 INFO  Id:    SoftwareManagement.sm_mixed_install_remove_multiple
16:15:54 INFO  Dir:   software_management_end_to_end/
16:15:54 INFO  Title: Validate end to end behaviour for the dummy-plugin for multiple packages with mixed versions
16:15:54 INFO  ==============================================================
16:15:54 INFO  Testing the fake plugin is not enabled.Use parameter -Xfakeplugin=fakeplugin to enable it ... skipped
16:15:54 WARN  Aborted test due to SKIPPED outcome
16:15:54 INFO  
16:15:54 INFO  Test duration: 0.02 secs
16:15:54 INFO  Test final outcome:  SKIPPED
16:15:54 INFO  Test outcome reason: Testing the fake plugin is not enabled.Use parameter -Xfakeplugin=fakeplugin to enable it
16:15:54 INFO  
</system-out>
	</testcase>
</testsuite><testsuite name="agent_init_session" tests="1" errors="0" failures="0" skipped="0" time="0"><testcase classname="AgentInitSession" name="agent_init_session" />
</testsuite><testsuite name="apt_fail_noarg" tests="1" errors="0" failures="0" skipped="1" time="0"><testcase classname="AptPluginFailNoArg" name="apt_fail_noarg">
		<skipped message="SKIPPED: Testing the apt plugin is not supported on this platform.To run the tests call PySys with -XmyPlatform='container'" />
		<system-out>16:04:36 INFO  ==============================================================
16:04:36 INFO  Id:    apt_fail_noarg
16:04:36 INFO  Dir:   plugin_apt/
16:04:36 INFO  Title: Validate apt plugin fetures(prepare, list, install, remove finalize) without arguments
16:04:36 INFO  ==============================================================
16:04:36 INFO  Testing the apt plugin is not supported on this platform.To run the tests call PySys with -XmyPlatform='container' ... skipped
16:04:36 WARN  Aborted test due to SKIPPED outcome
16:04:36 INFO  
16:04:36 INFO  Test duration: 0.04 secs
16:04:36 INFO  Test final outcome:  SKIPPED
16:04:36 INFO  Test outcome reason: Testing the apt plugin is not supported on this platform.To run the tests call PySys with -XmyPlatform='container'
16:04:36 INFO  
</system-out>
	</testcase>
</testsuite><testsuite name="apt_finalize" tests="1" errors="0" failures="0" skipped="1" time="0"><testcase classname="AptPluginFinalize" name="apt_finalize">
		<skipped message="SKIPPED: Testing the apt plugin is not supported on this platform.To run the tests call PySys with -XmyPlatform='container'" />
		<system-out>16:04:36 INFO  ==============================================================
16:04:36 INFO  Id:    apt_finalize
16:04:36 INFO  Dir:   plugin_apt/
16:04:36 INFO  Title: Validate apt plugin finalize - dense version
16:04:36 INFO  ==============================================================
16:04:36 INFO  Testing the apt plugin is not supported on this platform.To run the tests call PySys with -XmyPlatform='container' ... skipped
16:04:36 WARN  Aborted test due to SKIPPED outcome
16:04:36 INFO  
16:04:36 INFO  Test duration: 0.02 secs
16:04:36 INFO  Test final outcome:  SKIPPED
16:04:36 INFO  Test outcome reason: Testing the apt plugin is not supported on this platform.To run the tests call PySys with -XmyPlatform='container'
16:04:36 INFO  
</system-out>
	</testcase>
</testsuite><testsuite name="apt_install" tests="1" errors="0" failures="0" skipped="1" time="0"><testcase classname="AptPluginInstallDense" name="apt_install">
		<skipped message="SKIPPED: Testing the apt plugin is not supported on this platform.To run the tests call PySys with -XmyPlatform='container'" />
		<system-out>16:04:36 INFO  ==============================================================
16:04:36 INFO  Id:    apt_install
16:04:36 INFO  Dir:   plugin_apt/
16:04:36 INFO  Title: Validate apt plugin prepare - dense version
16:04:36 INFO  ==============================================================
16:04:36 INFO  Testing the apt plugin is not supported on this platform.To run the tests call PySys with -XmyPlatform='container' ... skipped
16:04:36 WARN  Aborted test due to SKIPPED outcome
16:04:36 INFO  
16:04:36 INFO  Test duration: 0.02 secs
16:04:36 INFO  Test final outcome:  SKIPPED
16:04:36 INFO  Test outcome reason: Testing the apt plugin is not supported on this platform.To run the tests call PySys with -XmyPlatform='container'
16:04:36 INFO  
</system-out>
	</testcase>
</testsuite><testsuite name="apt_install_fail" tests="1" errors="0" failures="0" skipped="1" time="0"><testcase classname="AptPluginInstallFail" name="apt_install_fail">
		<skipped message="SKIPPED: Testing the apt plugin is not supported on this platform.To run the tests call PySys with -XmyPlatform='container'" />
		<system-out>16:04:36 INFO  ==============================================================
16:04:36 INFO  Id:    apt_install_fail
16:04:36 INFO  Dir:   plugin_apt/
16:04:36 INFO  Title: Validate apt plugin prepare - failing
16:04:36 INFO  ==============================================================
16:04:36 INFO  Testing the apt plugin is not supported on this platform.To run the tests call PySys with -XmyPlatform='container' ... skipped
16:04:36 WARN  Aborted test due to SKIPPED outcome
16:04:37 INFO  
16:04:37 INFO  Test duration: 0.04 secs
16:04:37 INFO  Test final outcome:  SKIPPED
16:04:37 INFO  Test outcome reason: Testing the apt plugin is not supported on this platform.To run the tests call PySys with -XmyPlatform='container'
16:04:37 INFO  
</system-out>
	</testcase>
</testsuite><testsuite name="apt_install_local_file" tests="1" errors="0" failures="0" skipped="1" time="0"><testcase classname="AptPluginInstallFromLocalFile" name="apt_install_local_file">
		<skipped message="SKIPPED: Testing the apt plugin is not supported on this platform.To run the tests call PySys with -XmyPlatform='container'" />
		<system-out>16:04:37 INFO  ==============================================================
16:04:37 INFO  Id:    apt_install_local_file
16:04:37 INFO  Dir:   plugin_apt/
16:04:37 INFO  Title: Validate apt plugin install from local file - SUCCESS case
16:04:37 INFO  ==============================================================
16:04:37 INFO  Testing the apt plugin is not supported on this platform.To run the tests call PySys with -XmyPlatform='container' ... skipped
16:04:37 WARN  Aborted test due to SKIPPED outcome
16:04:37 INFO  
16:04:37 INFO  Test duration: 0.04 secs
16:04:37 INFO  Test final outcome:  SKIPPED
16:04:37 INFO  Test outcome reason: Testing the apt plugin is not supported on this platform.To run the tests call PySys with -XmyPlatform='container'
16:04:37 INFO  
</system-out>
	</testcase>
</testsuite><testsuite name="apt_install_local_file_fail" tests="1" errors="0" failures="0" skipped="1" time="0"><testcase classname="AptPluginInstallFromLocalFileFail" name="apt_install_local_file_fail">
		<skipped message="SKIPPED: Testing the apt plugin is not supported on this platform.To run the tests call PySys with -XmyPlatform='container'" />
		<system-out>16:04:37 INFO  ==============================================================
16:04:37 INFO  Id:    apt_install_local_file_fail
16:04:37 INFO  Dir:   plugin_apt/
16:04:37 INFO  Title: Validate apt plugin install from local file - FAIL case
16:04:37 INFO  ==============================================================
16:04:37 INFO  Testing the apt plugin is not supported on this platform.To run the tests call PySys with -XmyPlatform='container' ... skipped
16:04:37 WARN  Aborted test due to SKIPPED outcome
16:04:37 INFO  
16:04:37 INFO  Test duration: 0.04 secs
16:04:37 INFO  Test final outcome:  SKIPPED
16:04:37 INFO  Test outcome reason: Testing the apt plugin is not supported on this platform.To run the tests call PySys with -XmyPlatform='container'
16:04:37 INFO  
</system-out>
	</testcase>
</testsuite><testsuite name="apt_install_local_file_with_version" tests="1" errors="0" failures="0" skipped="1" time="0"><testcase classname="AptPluginInstallFromLocalFileWithVersion" name="apt_install_local_file_with_version">
		<skipped message="SKIPPED: Testing the apt plugin is not supported on this platform.To run the tests call PySys with -XmyPlatform='container'" />
		<system-out>16:04:37 INFO  ==============================================================
16:04:37 INFO  Id:    apt_install_local_file_with_version
16:04:37 INFO  Dir:   plugin_apt/
16:04:37 INFO  Title: Validate apt plugin install from local file AND with a version - SUCCESS case
16:04:37 INFO  ==============================================================
16:04:37 INFO  Testing the apt plugin is not supported on this platform.To run the tests call PySys with -XmyPlatform='container' ... skipped
16:04:37 WARN  Aborted test due to SKIPPED outcome
16:04:37 INFO  
16:04:37 INFO  Test duration: 0.02 secs
16:04:37 INFO  Test final outcome:  SKIPPED
16:04:37 INFO  Test outcome reason: Testing the apt plugin is not supported on this platform.To run the tests call PySys with -XmyPlatform='container'
16:04:37 INFO  
</system-out>
	</testcase>
</testsuite><testsuite name="apt_install_local_file_with_version_fail" tests="1" errors="0" failures="0" skipped="1" time="0"><testcase classname="AptPluginInstallFromLocalFileWithVersionFail" name="apt_install_local_file_with_version_fail">
		<skipped message="SKIPPED: Testing the apt plugin is not supported on this platform.To run the tests call PySys with -XmyPlatform='container'" />
		<system-out>16:04:37 INFO  ==============================================================
16:04:37 INFO  Id:    apt_install_local_file_with_version_fail
16:04:37 INFO  Dir:   plugin_apt/
16:04:37 INFO  Title: Validate apt plugin install from local file AND with a version - FAIL case
16:04:37 INFO  ==============================================================
16:04:37 INFO  Testing the apt plugin is not supported on this platform.To run the tests call PySys with -XmyPlatform='container' ... skipped
16:04:37 WARN  Aborted test due to SKIPPED outcome
16:04:37 INFO  
16:04:37 INFO  Test duration: 0.02 secs
16:04:37 INFO  Test final outcome:  SKIPPED
16:04:37 INFO  Test outcome reason: Testing the apt plugin is not supported on this platform.To run the tests call PySys with -XmyPlatform='container'
16:04:37 INFO  
</system-out>
	</testcase>
</testsuite><testsuite name="apt_list_format" tests="1" errors="0" failures="0" skipped="0" time="0"><testcase classname="AptPluginListFormat" name="apt_list_format" />
</testsuite><testsuite name="apt_prepare" tests="1" errors="0" failures="0" skipped="1" time="0"><testcase classname="AptPluginPrepare" name="apt_prepare">
		<skipped message="SKIPPED: Testing the apt plugin is not supported on this platform.To run the tests call PySys with -XmyPlatform='container'" />
		<system-out>16:04:40 INFO  ==============================================================
16:04:40 INFO  Id:    apt_prepare
16:04:40 INFO  Dir:   plugin_apt/
16:04:40 INFO  Title: Validate apt plugin install - dense version
16:04:40 INFO  ==============================================================
16:04:40 INFO  Testing the apt plugin is not supported on this platform.To run the tests call PySys with -XmyPlatform='container' ... skipped
16:04:40 WARN  Aborted test due to SKIPPED outcome
16:04:40 INFO  
16:04:40 INFO  Test duration: 0.02 secs
16:04:40 INFO  Test final outcome:  SKIPPED
16:04:40 INFO  Test outcome reason: Testing the apt plugin is not supported on this platform.To run the tests call PySys with -XmyPlatform='container'
16:04:40 INFO  
</system-out>
	</testcase>
</testsuite><testsuite name="apt_prepare_install_finalize" tests="1" errors="0" failures="0" skipped="1" time="0"><testcase classname="AptPluginPrepareInstallFinalize" name="apt_prepare_install_finalize">
		<skipped message="SKIPPED: Testing the apt plugin is not supported on this platform.To run the tests call PySys with -XmyPlatform='container'" />
		<system-out>16:04:40 INFO  ==============================================================
16:04:40 INFO  Id:    apt_prepare_install_finalize
16:04:40 INFO  Dir:   plugin_apt/
16:04:40 INFO  Title: Validate apt plugin install use case
16:04:40 INFO  ==============================================================
16:04:40 INFO  Testing the apt plugin is not supported on this platform.To run the tests call PySys with -XmyPlatform='container' ... skipped
16:04:40 WARN  Aborted test due to SKIPPED outcome
16:04:40 INFO  
16:04:40 INFO  Test duration: 0.02 secs
16:04:40 INFO  Test final outcome:  SKIPPED
16:04:40 INFO  Test outcome reason: Testing the apt plugin is not supported on this platform.To run the tests call PySys with -XmyPlatform='container'
16:04:40 INFO  
</system-out>
	</testcase>
</testsuite><testsuite name="apt_remove" tests="1" errors="0" failures="0" skipped="1" time="0"><testcase classname="AptPluginRemoveDense" name="apt_remove">
		<skipped message="SKIPPED: Testing the apt plugin is not supported on this platform.To run the tests call PySys with -XmyPlatform='container'" />
		<system-out>16:04:40 INFO  ==============================================================
16:04:40 INFO  Id:    apt_remove
16:04:40 INFO  Dir:   plugin_apt/
16:04:40 INFO  Title: Validate apt plugin prepare - dense version
16:04:40 INFO  ==============================================================
16:04:40 INFO  Testing the apt plugin is not supported on this platform.To run the tests call PySys with -XmyPlatform='container' ... skipped
16:04:40 WARN  Aborted test due to SKIPPED outcome
16:04:40 INFO  
16:04:40 INFO  Test duration: 0.02 secs
16:04:40 INFO  Test final outcome:  SKIPPED
16:04:40 INFO  Test outcome reason: Testing the apt plugin is not supported on this platform.To run the tests call PySys with -XmyPlatform='container'
16:04:40 INFO  
</system-out>
	</testcase>
</testsuite><testsuite name="apt_remove_fail" tests="1" errors="0" failures="0" skipped="1" time="0"><testcase classname="AptPluginRemoveFails" name="apt_remove_fail">
		<skipped message="SKIPPED: Testing the apt plugin is not supported on this platform.To run the tests call PySys with -XmyPlatform='container'" />
		<system-out>16:04:40 INFO  ==============================================================
16:04:40 INFO  Id:    apt_remove_fail
16:04:40 INFO  Dir:   plugin_apt/
16:04:40 INFO  Title: Validate apt plugin prepare - failing
16:04:40 INFO  ==============================================================
16:04:40 INFO  Testing the apt plugin is not supported on this platform.To run the tests call PySys with -XmyPlatform='container' ... skipped
16:04:40 WARN  Aborted test due to SKIPPED outcome
16:04:40 INFO  
16:04:40 INFO  Test duration: 0.02 secs
16:04:40 INFO  Test final outcome:  SKIPPED
16:04:40 INFO  Test outcome reason: Testing the apt plugin is not supported on this platform.To run the tests call PySys with -XmyPlatform='container'
16:04:40 INFO  
</system-out>
	</testcase>
</testsuite><testsuite name="apt_sequence_install_with_version" tests="1" errors="0" failures="0" skipped="1" time="0"><testcase classname="AptPluginPrepInstallWithVersionFinalize" name="apt_sequence_install_with_version">
		<skipped message="SKIPPED: Testing the apt plugin is not supported on this platform.To run the tests call PySys with -XmyPlatform='container'" />
		<system-out>16:04:40 INFO  ==============================================================
16:04:40 INFO  Id:    apt_sequence_install_with_version
16:04:40 INFO  Dir:   plugin_apt/
16:04:40 INFO  Title: Validate apt plugin install with version use case
16:04:40 INFO  ==============================================================
16:04:40 INFO  Testing the apt plugin is not supported on this platform.To run the tests call PySys with -XmyPlatform='container' ... skipped
16:04:40 WARN  Aborted test due to SKIPPED outcome
16:04:40 INFO  
16:04:40 INFO  Test duration: 0.02 secs
16:04:40 INFO  Test final outcome:  SKIPPED
16:04:40 INFO  Test outcome reason: Testing the apt plugin is not supported on this platform.To run the tests call PySys with -XmyPlatform='container'
16:04:40 INFO  
</system-out>
	</testcase>
</testsuite><testsuite name="apt_sequence_install_with_version_fail" tests="1" errors="0" failures="0" skipped="1" time="0"><testcase classname="AptPluginInstallWithVersionFails" name="apt_sequence_install_with_version_fail">
		<skipped message="SKIPPED: Testing the apt plugin is not supported on this platform.To run the tests call PySys with -XmyPlatform='container'" />
		<system-out>16:04:40 INFO  ==============================================================
16:04:40 INFO  Id:    apt_sequence_install_with_version_fail
16:04:40 INFO  Dir:   plugin_apt/
16:04:40 INFO  Title: Validate apt plugin install with version fails use case
16:04:40 INFO  ==============================================================
16:04:40 INFO  Testing the apt plugin is not supported on this platform.To run the tests call PySys with -XmyPlatform='container' ... skipped
16:04:40 WARN  Aborted test due to SKIPPED outcome
16:04:40 INFO  
16:04:40 INFO  Test duration: 0.02 secs
16:04:40 INFO  Test final outcome:  SKIPPED
16:04:40 INFO  Test outcome reason: Testing the apt plugin is not supported on this platform.To run the tests call PySys with -XmyPlatform='container'
16:04:40 INFO  
</system-out>
	</testcase>
</testsuite><testsuite name="apt_sequence_remove" tests="1" errors="0" failures="0" skipped="1" time="0"><testcase classname="AptPluginInstallPrepareRemoveFinalize" name="apt_sequence_remove">
		<skipped message="SKIPPED: Testing the apt plugin is not supported on this platform.To run the tests call PySys with -XmyPlatform='container'" />
		<system-out>16:04:40 INFO  ==============================================================
16:04:40 INFO  Id:    apt_sequence_remove
16:04:40 INFO  Dir:   plugin_apt/
16:04:40 INFO  Title: Validate apt plugin prepare install remove finalize use case
16:04:40 INFO  ==============================================================
16:04:40 INFO  Testing the apt plugin is not supported on this platform.To run the tests call PySys with -XmyPlatform='container' ... skipped
16:04:40 WARN  Aborted test due to SKIPPED outcome
16:04:40 INFO  
16:04:40 INFO  Test duration: 0.02 secs
16:04:40 INFO  Test final outcome:  SKIPPED
16:04:40 INFO  Test outcome reason: Testing the apt plugin is not supported on this platform.To run the tests call PySys with -XmyPlatform='container'
16:04:40 INFO  
</system-out>
	</testcase>
</testsuite><testsuite name="apt_sequence_remove_with_version" tests="1" errors="0" failures="0" skipped="1" time="0"><testcase classname="AptPluginRemoveWithVersion" name="apt_sequence_remove_with_version">
		<skipped message="SKIPPED: Testing the apt plugin is not supported on this platform.To run the tests call PySys with -XmyPlatform='container'" />
		<system-out>16:04:40 INFO  ==============================================================
16:04:40 INFO  Id:    apt_sequence_remove_with_version
16:04:40 INFO  Dir:   plugin_apt/
16:04:40 INFO  Title: Validate apt plugin remove with version use case
16:04:40 INFO  ==============================================================
16:04:40 INFO  Testing the apt plugin is not supported on this platform.To run the tests call PySys with -XmyPlatform='container' ... skipped
16:04:40 WARN  Aborted test due to SKIPPED outcome
16:04:40 INFO  
16:04:40 INFO  Test duration: 0.02 secs
16:04:40 INFO  Test final outcome:  SKIPPED
16:04:40 INFO  Test outcome reason: Testing the apt plugin is not supported on this platform.To run the tests call PySys with -XmyPlatform='container'
16:04:40 INFO  
</system-out>
	</testcase>
</testsuite><testsuite name="apt_sequence_remove_with_version_fail" tests="1" errors="0" failures="0" skipped="1" time="0"><testcase classname="AptPluginRemoveWithVersionFails" name="apt_sequence_remove_with_version_fail">
		<skipped message="SKIPPED: Testing the apt plugin is not supported on this platform.To run the tests call PySys with -XmyPlatform='container'" />
		<system-out>16:04:40 INFO  ==============================================================
16:04:40 INFO  Id:    apt_sequence_remove_with_version_fail
16:04:40 INFO  Dir:   plugin_apt/
16:04:40 INFO  Title: Validate apt plugin remove with version fails when the version not found
16:04:40 INFO  ==============================================================
16:04:40 INFO  Testing the apt plugin is not supported on this platform.To run the tests call PySys with -XmyPlatform='container' ... skipped
16:04:40 WARN  Aborted test due to SKIPPED outcome
16:04:40 INFO  
16:04:40 INFO  Test duration: 0.02 secs
16:04:40 INFO  Test final outcome:  SKIPPED
16:04:40 INFO  Test outcome reason: Testing the apt plugin is not supported on this platform.To run the tests call PySys with -XmyPlatform='container'
16:04:40 INFO  
</system-out>
	</testcase>
</testsuite><testsuite name="apt_update_list" tests="1" errors="0" failures="0" skipped="1" time="0"><testcase classname="AptPluginUpdateList" name="apt_update_list">
		<skipped message="SKIPPED: Testing the apt plugin is not supported on this platform.To run the tests call PySys with -XmyPlatform='container'" />
		<system-out>16:04:40 INFO  ==============================================================
16:04:40 INFO  Id:    apt_update_list
16:04:40 INFO  Dir:   plugin_apt/
16:04:40 INFO  Title: Validate apt plugin update-list command use case
16:04:40 INFO  ==============================================================
16:04:40 INFO  Testing the apt plugin is not supported on this platform.To run the tests call PySys with -XmyPlatform='container' ... skipped
16:04:40 WARN  Aborted test due to SKIPPED outcome
16:04:40 INFO  
16:04:40 INFO  Test duration: 0.02 secs
16:04:40 INFO  Test final outcome:  SKIPPED
16:04:40 INFO  Test outcome reason: Testing the apt plugin is not supported on this platform.To run the tests call PySys with -XmyPlatform='container'
16:04:40 INFO  
</system-out>
	</testcase>
</testsuite><testsuite name="apt_wrong_option" tests="1" errors="0" failures="0" skipped="1" time="0"><testcase classname="AptPluginWrongOption" name="apt_wrong_option">
		<skipped message="SKIPPED: Testing the apt plugin is not supported on this platform.To run the tests call PySys with -XmyPlatform='container'" />
		<system-out>16:04:41 INFO  ==============================================================
16:04:41 INFO  Id:    apt_wrong_option
16:04:41 INFO  Dir:   plugin_apt/
16:04:41 INFO  Title: Validate apt plugin install
16:04:41 INFO  ==============================================================
16:04:41 INFO  Testing the apt plugin is not supported on this platform.To run the tests call PySys with -XmyPlatform='container' ... skipped
16:04:41 WARN  Aborted test due to SKIPPED outcome
16:04:41 INFO  
16:04:41 INFO  Test duration: 0.02 secs
16:04:41 INFO  Test final outcome:  SKIPPED
16:04:41 INFO  Test outcome reason: Testing the apt plugin is not supported on this platform.To run the tests call PySys with -XmyPlatform='container'
16:04:41 INFO  
</system-out>
	</testcase>
</testsuite><testsuite name="c8y_jwt_token_retrieval" tests="1" errors="0" failures="0" skipped="0" time="0"><testcase classname="ValidateJWTTokenRetrieval" name="c8y_jwt_token_retrieval" />
</testsuite><testsuite name="c8y_restart_bridge" tests="1" errors="0" failures="0" skipped="0" time="0"><testcase classname="RestartBridge" name="c8y_restart_bridge" />
</testsuite><testsuite name="call_tedge_-V" tests="1" errors="0" failures="0" skipped="0" time="0"><testcase classname="PySysTest" name="call_tedge_-V" />
</testsuite><testsuite name="call_tedge_-h" tests="1" errors="0" failures="0" skipped="0" time="0"><testcase classname="PySysTest" name="call_tedge_-h" />
</testsuite><testsuite name="call_tedge_-h_-V" tests="1" errors="0" failures="0" skipped="0" time="0"><testcase classname="PySysTest" name="call_tedge_-h_-V" />
</testsuite><testsuite name="call_tedge_config_help" tests="1" errors="0" failures="0" skipped="0" time="0"><testcase classname="PySysTest" name="call_tedge_config_help" />
</testsuite><testsuite name="call_tedge_config_list" tests="1" errors="0" failures="0" skipped="0" time="0"><testcase classname="PySysTest" name="call_tedge_config_list" />
</testsuite><testsuite name="custom_init_system" tests="1" errors="0" failures="0" skipped="0" time="0"><testcase classname="CustomInitSystem" name="custom_init_system" />
</testsuite><testsuite name="docker_plugin_finalize" tests="1" errors="0" failures="0" skipped="1" time="0"><testcase classname="DockerPluginFinalizeTest" name="docker_plugin_finalize">
		<skipped message="SKIPPED: Testing the docker plugin is not supported on this platform.To run it, all the test with -XmyPlatform='container'" />
		<system-out>16:04:41 INFO  ==============================================================
16:04:41 INFO  Id:    docker_plugin_finalize
16:04:41 INFO  Dir:   plugin_docker/
16:04:41 INFO  Title: Validate docker plugin finalize command
16:04:41 INFO  ==============================================================
16:04:41 INFO  Testing the docker plugin is not supported on this platform.To run it, all the test with -XmyPlatform='container' ... skipped
16:04:41 WARN  Aborted test due to SKIPPED outcome
16:04:41 INFO  
16:04:41 INFO  Test duration: 0.07 secs
16:04:41 INFO  Test final outcome:  SKIPPED
16:04:41 INFO  Test outcome reason: Testing the docker plugin is not supported on this platform.To run it, all the test with -XmyPlatform='container'
16:04:41 INFO  
</system-out>
	</testcase>
</testsuite><testsuite name="docker_plugin_install" tests="1" errors="0" failures="0" skipped="1" time="0"><testcase classname="DockerPluginInstallTest" name="docker_plugin_install">
		<skipped message="SKIPPED: Testing the docker plugin is not supported on this platform.To run it, all the test with -XmyPlatform='container'" />
		<system-out>16:04:41 INFO  ==============================================================
16:04:41 INFO  Id:    docker_plugin_install
16:04:41 INFO  Dir:   plugin_docker/
16:04:41 INFO  Title: Validate docker plugin install
16:04:41 INFO  ==============================================================
16:04:41 INFO  Testing the docker plugin is not supported on this platform.To run it, all the test with -XmyPlatform='container' ... skipped
16:04:41 WARN  Aborted test due to SKIPPED outcome
16:04:41 INFO  
16:04:41 INFO  Test duration: 0.02 secs
16:04:41 INFO  Test final outcome:  SKIPPED
16:04:41 INFO  Test outcome reason: Testing the docker plugin is not supported on this platform.To run it, all the test with -XmyPlatform='container'
16:04:41 INFO  
</system-out>
	</testcase>
</testsuite><testsuite name="docker_plugin_install_with_version" tests="1" errors="0" failures="0" skipped="1" time="0"><testcase classname="DockerPluginInstallWithVersionTest" name="docker_plugin_install_with_version">
		<skipped message="SKIPPED: Testing the docker plugin is not supported on this platform.To run it, all the test with -XmyPlatform='container'" />
		<system-out>16:04:41 INFO  ==============================================================
16:04:41 INFO  Id:    docker_plugin_install_with_version
16:04:41 INFO  Dir:   plugin_docker/
16:04:41 INFO  Title: Validate docker plugin install
16:04:41 INFO  ==============================================================
16:04:41 INFO  Testing the docker plugin is not supported on this platform.To run it, all the test with -XmyPlatform='container' ... skipped
16:04:41 WARN  Aborted test due to SKIPPED outcome
16:04:41 INFO  
16:04:41 INFO  Test duration: 0.02 secs
16:04:41 INFO  Test final outcome:  SKIPPED
16:04:41 INFO  Test outcome reason: Testing the docker plugin is not supported on this platform.To run it, all the test with -XmyPlatform='container'
16:04:41 INFO  
</system-out>
	</testcase>
</testsuite><testsuite name="docker_plugin_remove" tests="1" errors="0" failures="0" skipped="1" time="0"><testcase classname="DockerPluginRemoveTest" name="docker_plugin_remove">
		<skipped message="SKIPPED: Testing the docker plugin is not supported on this platform.To run it, all the test with -XmyPlatform='container'" />
		<system-out>16:04:41 INFO  ==============================================================
16:04:41 INFO  Id:    docker_plugin_remove
16:04:41 INFO  Dir:   plugin_docker/
16:04:41 INFO  Title: Validate docker plugin remove
16:04:41 INFO  ==============================================================
16:04:41 INFO  Testing the docker plugin is not supported on this platform.To run it, all the test with -XmyPlatform='container' ... skipped
16:04:41 WARN  Aborted test due to SKIPPED outcome
16:04:41 INFO  
16:04:41 INFO  Test duration: 0.02 secs
16:04:41 INFO  Test final outcome:  SKIPPED
16:04:41 INFO  Test outcome reason: Testing the docker plugin is not supported on this platform.To run it, all the test with -XmyPlatform='container'
16:04:41 INFO  
</system-out>
	</testcase>
</testsuite><testsuite name="docker_plugin_remove_with_version" tests="1" errors="0" failures="0" skipped="1" time="0"><testcase classname="DockerPluginRemoveWithVersionTest" name="docker_plugin_remove_with_version">
		<skipped message="SKIPPED: Testing the docker plugin is not supported on this platform.To run it, all the test with -XmyPlatform='container'" />
		<system-out>16:04:41 INFO  ==============================================================
16:04:41 INFO  Id:    docker_plugin_remove_with_version
16:04:41 INFO  Dir:   plugin_docker/
16:04:41 INFO  Title: Validate docker plugin remove with version
16:04:41 INFO  ==============================================================
16:04:41 INFO  Testing the docker plugin is not supported on this platform.To run it, all the test with -XmyPlatform='container' ... skipped
16:04:41 WARN  Aborted test due to SKIPPED outcome
16:04:41 INFO  
16:04:41 INFO  Test duration: 0.02 secs
16:04:41 INFO  Test final outcome:  SKIPPED
16:04:41 INFO  Test outcome reason: Testing the docker plugin is not supported on this platform.To run it, all the test with -XmyPlatform='container'
16:04:41 INFO  
</system-out>
	</testcase>
</testsuite><testsuite name="docker_plugin_update" tests="1" errors="0" failures="0" skipped="1" time="0"><testcase classname="DockerPluginUpdateTest" name="docker_plugin_update">
		<skipped message="SKIPPED: Testing the docker plugin is not supported on this platform.To run it, all the test with -XmyPlatform='container'" />
		<system-out>16:04:41 INFO  ==============================================================
16:04:41 INFO  Id:    docker_plugin_update
16:04:41 INFO  Dir:   plugin_docker/
16:04:41 INFO  Title: Validate docker plugin install updates existing containers
16:04:41 INFO  ==============================================================
16:04:41 INFO  Testing the docker plugin is not supported on this platform.To run it, all the test with -XmyPlatform='container' ... skipped
16:04:41 WARN  Aborted test due to SKIPPED outcome
16:04:41 INFO  
16:04:41 INFO  Test duration: 0.02 secs
16:04:41 INFO  Test final outcome:  SKIPPED
16:04:41 INFO  Test outcome reason: Testing the docker plugin is not supported on this platform.To run it, all the test with -XmyPlatform='container'
16:04:41 INFO  
</system-out>
	</testcase>
</testsuite><testsuite name="invalid_device_id" tests="1" errors="0" failures="0" skipped="0" time="0"><testcase classname="InvalidDeviceId" name="invalid_device_id" />
</testsuite><testsuite name="local_mqtt_pub_fail_noqos" tests="1" errors="0" failures="0" skipped="0" time="0"><testcase classname="PySysTest" name="local_mqtt_pub_fail_noqos" />
</testsuite><testsuite name="local_mqtt_pub_fail_qos0" tests="1" errors="0" failures="0" skipped="0" time="0"><testcase classname="PySysTest" name="local_mqtt_pub_fail_qos0" />
</testsuite><testsuite name="local_mqtt_pub_fail_qos1" tests="1" errors="0" failures="0" skipped="0" time="0"><testcase classname="PySysTest" name="local_mqtt_pub_fail_qos1" />
</testsuite><testsuite name="local_mqtt_pub_fail_qos2" tests="1" errors="0" failures="0" skipped="0" time="0"><testcase classname="PySysTest" name="local_mqtt_pub_fail_qos2" />
</testsuite><testsuite name="local_mqtt_pub_sub" tests="1" errors="0" failures="0" skipped="0" time="0"><testcase classname="PySysTest" name="local_mqtt_pub_sub" />
</testsuite><testsuite name="local_mqtt_pub_sub_retain" tests="1" errors="0" failures="0" skipped="0" time="0"><testcase classname="MqttPublishWithRetain" name="local_mqtt_pub_sub_retain" />
</testsuite><testsuite name="local_mqtt_pub_sub_with_sudo" tests="1" errors="0" failures="0" skipped="0" time="0"><testcase classname="PySysTest" name="local_mqtt_pub_sub_with_sudo" />
</testsuite><testsuite name="local_mqtt_sub_fail" tests="1" errors="0" failures="0" skipped="0" time="0"><testcase classname="PySysTest" name="local_mqtt_sub_fail" />
</testsuite><testsuite name="log_request_error_messages" tests="1" errors="0" failures="0" skipped="0" time="0"><testcase classname="LogRequestVerifySearchTextError" name="log_request_error_messages" />
</testsuite><testsuite name="log_request_num_lines" tests="1" errors="0" failures="0" skipped="0" time="0"><testcase classname="LogRequestVerifyNumberOfLines" name="log_request_num_lines" />
</testsuite><testsuite name="mapper_awaits_before_reconnect" tests="1" errors="0" failures="0" skipped="0" time="0"><testcase classname="MapperReconnectAwait" name="mapper_awaits_before_reconnect" />
</testsuite><testsuite name="monitoring_smaller_interval" tests="1" errors="0" failures="1" skipped="0" time="0"><testcase classname="MonitoringSmallInterval" name="monitoring_smaller_interval">
		<failure message="BLOCKED: TypeError: 'int' object is not subscriptable" type="BLOCKED" />
		<system-out>16:04:16 INFO  ==============================================================
16:04:16 INFO  Id:    monitoring_smaller_interval
16:04:16 INFO  Dir:   monitoring/
16:04:16 INFO  Title: Validate the tedge dm agent messages that are produced with smaller sampling interval than the batching window. Here the simulated collectd messages are used
16:04:16 INFO  ==============================================================
16:04:16 INFO  Executed sudo&lt;collectd&gt;, exit status 0
16:04:17 INFO  Executed sudo&lt;collectd_mapper&gt;, exit status 0
16:04:17 INFO  Started sudo&lt;tedge_sub&gt; with process id 9133
16:04:18 INFO  Executed sudo&lt;tedge_temp&gt;, exit status 0
16:04:18 INFO  Executed sudo&lt;tedge_pres&gt;, exit status 0
16:04:19 INFO  Executed sudo&lt;tedge_temp&gt;, exit status 0
16:04:19 INFO  Executed sudo&lt;tedge_pres&gt;, exit status 0
16:04:20 INFO  Executed sudo&lt;tedge_temp&gt;, exit status 0
16:04:21 INFO  Executed sudo&lt;tedge_pres&gt;, exit status 0
16:04:21 INFO  Executed sudo&lt;tedge_temp&gt;, exit status 0
16:04:22 INFO  Executed sudo&lt;tedge_pres&gt;, exit status 0
16:04:22 INFO  Executed sudo&lt;tedge_temp&gt;, exit status 0
16:04:23 INFO  Executed sudo&lt;tedge_pres&gt;, exit status 0
16:04:24 INFO  Executed sudo&lt;tedge_temp&gt;, exit status 0
16:04:24 INFO  Executed sudo&lt;tedge_pres&gt;, exit status 0
16:04:25 INFO  Executed sudo&lt;tedge_temp&gt;, exit status 0
16:04:25 INFO  Executed sudo&lt;tedge_pres&gt;, exit status 0
16:04:26 INFO  Executed sudo&lt;tedge_temp&gt;, exit status 0
16:04:26 INFO  Executed sudo&lt;tedge_pres&gt;, exit status 0
16:04:27 INFO  Executed sudo&lt;tedge_temp&gt;, exit status 0
16:04:27 INFO  Executed sudo&lt;tedge_pres&gt;, exit status 0
16:04:28 INFO  Executed sudo&lt;tedge_temp&gt;, exit status 0
16:04:29 INFO  Executed sudo&lt;tedge_pres&gt;, exit status 0
16:04:30 INFO  Executed sudo&lt;kill_out&gt;, exit status 0
16:04:30 INFO  0

16:04:30 WARN  TypeError occurred while running test - 'int' object is not subscriptable
Traceback (most recent call last):
  File "/home/pi/env-pysys/lib/python3.7/site-packages/pysys/baserunner.py", line 1296, in __call__
    self.testObj.validate()
  File "/home/pi/actions-runner/_work/thin-edge.io/thin-edge.io/tests/PySys/monitoring/monitoring_smaller_interval/run.py", line 104, in validate
    collectd_msg_validation_result=self.validate_json(),
  File "/home/pi/actions-runner/_work/thin-edge.io/thin-edge.io/tests/PySys/monitoring/monitoring_smaller_interval/run.py", line 114, in validate_json
    if not self.validate_time():
  File "/home/pi/actions-runner/_work/thin-edge.io/thin-edge.io/tests/PySys/monitoring/monitoring_smaller_interval/run.py", line 134, in validate_time
    if self.js_msg["time"]:
TypeError: 'int' object is not subscriptable
16:04:31 WARN  TypeError: 'int' object is not subscriptable ... blocked 
16:04:31 INFO  
16:04:31 INFO  cleanup:
16:04:31 INFO  monitoring_cleanup
16:04:31 INFO  Executed sudo&lt;collectd_mapper&gt;, exit status 0
16:04:31 INFO  
16:04:31 INFO  Test duration: 15.49 secs
16:04:31 INFO  Test final outcome:  BLOCKED
16:04:31 INFO  Test outcome reason: TypeError: 'int' object is not subscriptable
16:04:31 INFO  
</system-out>
	</testcase>
</testsuite><testsuite name="monitoring_with_collectd" tests="1" errors="0" failures="0" skipped="1" time="0"><testcase classname="MonitoringWithCollectd" name="monitoring_with_collectd">
		<skipped message="SKIPPED: Test execution disabled due to #792 (instable)" />
		<system-out>16:04:31 INFO  ==============================================================
16:04:31 INFO  Id:    monitoring_with_collectd
16:04:31 INFO  Dir:   monitoring/
16:04:31 INFO  Title: Validate tedge dm agent messages that are produced by batching the collectd messages
16:04:31 INFO  ==============================================================
16:04:31 INFO  Test execution disabled due to #792 (instable) ... skipped
16:04:31 INFO  
16:04:31 INFO  Test duration: 0.02 secs
16:04:31 INFO  Test final outcome:  SKIPPED
16:04:31 INFO  Test outcome reason: Test execution disabled due to #792 (instable)
16:04:31 INFO  
</system-out>
	</testcase>
</testsuite><testsuite name="monitoring_with_simulated_messages" tests="1" errors="0" failures="1" skipped="0" time="0"><testcase classname="MonitoringWithSimulatedMessages" name="monitoring_with_simulated_messages">
		<failure message="BLOCKED: TypeError: 'int' object is not subscriptable" type="BLOCKED" />
		<system-out>16:04:31 INFO  ==============================================================
16:04:31 INFO  Id:    monitoring_with_simulated_messages
16:04:31 INFO  Dir:   monitoring/
16:04:31 INFO  Title: Validate the tedge dm agent messages that are produced from the simulated collectd messages
16:04:31 INFO  ==============================================================
16:04:32 INFO  Executed sudo&lt;collectd&gt;, exit status 0
16:04:33 INFO  Executed sudo&lt;collectd_mapper&gt;, exit status 0
16:04:33 INFO  Started sudo&lt;tedge_sub&gt; with process id 9192
16:04:33 INFO  Executed sudo&lt;tedge_temp&gt;, exit status 0
16:04:34 INFO  Executed sudo&lt;tedge_pres&gt;, exit status 0
16:04:35 INFO  Executed sudo&lt;kill_out&gt;, exit status 0
16:04:35 INFO  0

16:04:35 WARN  TypeError occurred while running test - 'int' object is not subscriptable
Traceback (most recent call last):
  File "/home/pi/env-pysys/lib/python3.7/site-packages/pysys/baserunner.py", line 1296, in __call__
    self.testObj.validate()
  File "/home/pi/actions-runner/_work/thin-edge.io/thin-edge.io/tests/PySys/monitoring/monitoring_with_simulated_messages/run.py", line 98, in validate
    collectd_msg_validation_result=self.validate_json(),
  File "/home/pi/actions-runner/_work/thin-edge.io/thin-edge.io/tests/PySys/monitoring/monitoring_with_simulated_messages/run.py", line 108, in validate_json
    if not self.validate_time():
  File "/home/pi/actions-runner/_work/thin-edge.io/thin-edge.io/tests/PySys/monitoring/monitoring_with_simulated_messages/run.py", line 127, in validate_time
    if self.js_msg["time"]:
TypeError: 'int' object is not subscriptable
16:04:35 WARN  TypeError: 'int' object is not subscriptable ... blocked 
16:04:35 INFO  
16:04:35 INFO  cleanup:
16:04:35 INFO  monitoring_cleanup
16:04:36 INFO  Executed sudo&lt;collectd_mapper&gt;, exit status 0
16:04:36 INFO  
16:04:36 INFO  Test duration: 4.50 secs
16:04:36 INFO  Test final outcome:  BLOCKED
16:04:36 INFO  Test outcome reason: TypeError: 'int' object is not subscriptable
16:04:36 INFO  
</system-out>
	</testcase>
</testsuite><testsuite name="mqtt_port_change_connection_fails" tests="1" errors="0" failures="0" skipped="0" time="0"><testcase classname="MqttPortChangeConnectionFails" name="mqtt_port_change_connection_fails" />
</testsuite><testsuite name="mqtt_port_change_connection_works" tests="1" errors="0" failures="0" skipped="1" time="0"><testcase classname="MqttPortChangeConnectionWorks" name="mqtt_port_change_connection_works">
		<skipped message="SKIPPED: failing intermitently" />
		<system-out>16:03:21 INFO  ==============================================================
16:03:21 INFO  Id:    mqtt_port_change_connection_works
16:03:21 INFO  Dir:   misc_features/
16:03:21 INFO  Title: mqtt port change connection works for all the thin-edge services that use the mosquitto broker
16:03:21 INFO  ==============================================================
16:03:21 INFO  failing intermitently ... skipped
16:03:21 INFO  
16:03:21 INFO  Test duration: 0.02 secs
16:03:21 INFO  Test final outcome:  SKIPPED
16:03:21 INFO  Test outcome reason: failing intermitently
16:03:21 INFO  
</system-out>
	</testcase>
</testsuite><testsuite name="mqtt_port_set" tests="1" errors="0" failures="0" skipped="0" time="0"><testcase classname="MqttPortSet" name="mqtt_port_set" />
</testsuite><testsuite name="mqtt_port_unset" tests="1" errors="0" failures="0" skipped="0" time="0"><testcase classname="MqttPortUnSet" name="mqtt_port_unset" />
</testsuite><testsuite name="publish_flux" tests="1" errors="0" failures="0" skipped="0" time="0"><testcase classname="PublishFlux" name="publish_flux" />
</testsuite><testsuite name="publish_sawmill" tests="1" errors="0" failures="0" skipped="0" time="0"><testcase classname="PublishSawmill" name="publish_sawmill" />
</testsuite><testsuite name="pysys_block" tests="1" errors="0" failures="0" skipped="1" time="0"><testcase classname="Fail" name="pysys_block">
		<skipped message="SKIPPED: Enable this to observe a blocking test" />
		<system-out>16:03:43 INFO  ==============================================================
16:03:43 INFO  Id:    pysys_block
16:03:43 INFO  Dir:   misc_features/
16:03:43 INFO  Title: fail
16:03:43 INFO  ==============================================================
16:03:43 INFO  Enable this to observe a blocking test ... skipped
16:03:43 INFO  
16:03:43 INFO  Test duration: 0.02 secs
16:03:43 INFO  Test final outcome:  SKIPPED
16:03:43 INFO  Test outcome reason: Enable this to observe a blocking test
16:03:43 INFO  
</system-out>
	</testcase>
</testsuite><testsuite name="pysys_fail" tests="1" errors="0" failures="0" skipped="1" time="0"><testcase classname="Fail" name="pysys_fail">
		<skipped message="SKIPPED: Enable this to observe a failing test" />
		<system-out>16:03:43 INFO  ==============================================================
16:03:43 INFO  Id:    pysys_fail
16:03:43 INFO  Dir:   misc_features/
16:03:43 INFO  Title: fail
16:03:43 INFO  ==============================================================
16:03:43 INFO  Enable this to observe a failing test ... skipped
16:03:43 INFO  
16:03:43 INFO  Test duration: 0.02 secs
16:03:43 INFO  Test final outcome:  SKIPPED
16:03:43 INFO  Test outcome reason: Enable this to observe a failing test
16:03:43 INFO  
</system-out>
	</testcase>
</testsuite><testsuite name="runtime_start_two_mappers" tests="1" errors="0" failures="0" skipped="0" time="0"><testcase classname="RuntimeMultiMappers" name="runtime_start_two_mappers" />
</testsuite><testsuite name="sm_tedge_mapper_init_session" tests="1" errors="0" failures="0" skipped="0" time="0"><testcase classname="TedgeSMMapperInitSession" name="sm_tedge_mapper_init_session" />
</testsuite><testsuite name="smoketest_json" tests="1" errors="0" failures="0" skipped="0" time="0"><testcase classname="SmokeTestJson" name="smoketest_json" />
</testsuite><testsuite name="smoketest_json_400_samples_10ms" tests="1" errors="0" failures="0" skipped="0" time="0"><testcase classname="SmoketestJson400Samples10ms" name="smoketest_json_400_samples_10ms" />
</testsuite><testsuite name="smoketest_json_400_samples_20ms" tests="1" errors="0" failures="0" skipped="0" time="0"><testcase classname="SmoketestJson400Samples20ms" name="smoketest_json_400_samples_20ms" />
</testsuite><testsuite name="smoketest_smartrest" tests="1" errors="0" failures="0" skipped="0" time="0"><testcase classname="SmoketestSmartRest" name="smoketest_smartrest" />
</testsuite><testsuite name="smoketest_smartrest_400_samples_1Xms" tests="1" errors="0" failures="1" skipped="0" time="0"><testcase classname="SmoketestSmartRest400Samples1Xms" name="smoketest_smartrest_400_samples_1Xms">
		<failure message="BLOCKED: python3&lt;stdout&gt; returned non-zero exit code 1" type="BLOCKED" />
		<system-out>16:10:43 INFO  ==============================================================
16:10:43 INFO  Id:    smoketest_smartrest_400_samples_1Xms
16:10:43 INFO  Dir:   smoketests/
16:10:43 INFO  Title: Smoketest Smart Rest 400 Samples 1Xms Delay
16:10:43 INFO  ==============================================================
16:10:43 INFO  EnvironmentC8y Setup
16:10:44 INFO  Executed systemctl&lt;serv_mapper1&gt;, exit status 3
16:10:44 INFO  Restarting mosquitto too frequently in the last 10 seconds. It was only up for 4 seconds
16:10:44 INFO  Delaying execution by 7 seconds
16:11:05 INFO  Executed sudo&lt;tedge_connect_c8y&gt;, exit status 0, duration 14 secs
16:11:05 INFO  Executed sudo&lt;tedge_connect_c8y_test&gt;, exit status 0
16:11:06 INFO  Executed systemctl&lt;serv_mosq2&gt;, exit status 0
16:11:06 INFO  Executed systemctl&lt;serv_mapper3&gt;, exit status 0
16:13:15 WARN  Executed python3&lt;stdout&gt;, exit status 1, duration 68 secs
16:13:15 INFO  Contents of stdout.out: 
     40    41    42    43    44    45    46    47    48    49    50    51    52    53    54    55    56    57    58    59
     60    61    62    63    64    65    66    67    68    69    70    71    72    73    74    75    76    77    78    79
     80    81    82    83    84    85    86    87    88    89    90    91    92    93    94    95    96    97    98    99
    100   101   102   103   104   105   106   107   108   109   110   111   112   113   114   115   116   117   118   119
    120   121   122   123   124   125   126   127   128   129   130   131   132   133   134   135   136   137   138   139
    140   141   142   143   144   145   146   147   148   149   150   151   152   153   154   155   156   157   158   159
    160   161   162   163   164   165   166   167   168   169   170   171   172   173   174   175   176   177   178   179
    180   181   182   183   184   185   186   187   188   189   190   191   192   193   194   195   196   197   198   199
    200   201   202   203   204   205   206   207   208   209   210   211   212   213   214   215   216   217   218   219
    220   221   222   223   224   225   226   227   228   229   230   231   232   233   234   235   236   237   238   239
    240   241   242   243   244   245   246   247   248   249   250   251   252   253   254   255   256   257   258   259
    260   261   262   263   264   265   266   267   268   269   270   271   272   273   274   275   276   277   278   279
    280   281   282   283   284   285   286   287   288   289   290   291   292   293   294   295   296   297   298   299
    300   301   302   303   304   305   306   307   308   309   310   311   312   313   314   315   316   317   318   319
    320   321   322   323   324   325   326   327   328   329   330   331   332   333   334   335   336   337   338   339
    340   341   342   343   344   345   346   347   348   349   350   351   352   353   354   355   356   357   358   359
    360   361   362   363   364   365   366   367   368   369   370   371   372   373   374   375   376   377   378   379
    380   381   382   383   384   385   386   387   388   389   390   391   392   393   394   395   396   397   398   399
  Expected:  0.0  ...  399.0
  Data verification FAILED
  -----

16:13:15 WARN  python3&lt;stdout&gt; returned non-zero exit code 1 ... blocked 
16:13:15 WARN  Aborted test due to BLOCKED outcome
16:13:15 INFO  
16:13:15 INFO  cleanup:
16:13:19 INFO  Executed sudo&lt;tedge_disconnect_c8y&gt;, exit status 0
16:13:20 INFO  Executed systemctl&lt;serv_mapper5&gt;, exit status 3
16:13:20 INFO  
16:13:20 INFO  Test duration: 156.60 secs
16:13:20 INFO  Test final outcome:  BLOCKED
16:13:20 INFO  Test outcome reason: python3&lt;stdout&gt; returned non-zero exit code 1
16:13:20 INFO  
</system-out>
	</testcase>
</testsuite><testsuite name="smoketest_smartrest_400_samples_20ms" tests="1" errors="0" failures="1" skipped="0" time="0"><testcase classname="SmoketestSmartRest400Samples20ms" name="smoketest_smartrest_400_samples_20ms">
		<failure message="BLOCKED: python3&lt;stdout&gt; returned non-zero exit code 1" type="BLOCKED" />
		<system-out>16:13:20 INFO  ==============================================================
16:13:20 INFO  Id:    smoketest_smartrest_400_samples_20ms
16:13:20 INFO  Dir:   smoketests/
16:13:20 INFO  Title: Smoketest SmartRest 400 Samples 20ms Delay
16:13:20 INFO  ==============================================================
16:13:20 INFO  EnvironmentC8y Setup
16:13:20 INFO  Executed systemctl&lt;serv_mapper1&gt;, exit status 3
16:13:21 INFO  Restarting mosquitto too frequently in the last 10 seconds. It was only up for 5 seconds
16:13:21 INFO  Delaying execution by 6 seconds
16:13:40 INFO  Executed sudo&lt;tedge_connect_c8y&gt;, exit status 0, duration 13 secs
16:13:41 INFO  Executed sudo&lt;tedge_connect_c8y_test&gt;, exit status 0
16:13:41 INFO  Executed systemctl&lt;serv_mosq2&gt;, exit status 0
16:13:42 INFO  Executed systemctl&lt;serv_mapper3&gt;, exit status 0
16:15:48 WARN  Executed python3&lt;stdout&gt;, exit status 1, duration 71 secs
16:15:48 INFO  Contents of stdout.out: 
  Found 316 recorded values:
  Retrieved values:
     84    85    86    87    88    89    90    91    92    93    94    95    96    97    98    99
    100   101   102   103   104   105   106   107   108   109   110   111   112   113   114   115   116   117   118   119
    120   121   122   123   124   125   126   127   128   129   130   131   132   133   134   135   136   137   138   139
    140   141   142   143   144   145   146   147   148   149   150   151   152   153   154   155   156   157   158   159
    160   161   162   163   164   165   166   167   168   169   170   171   172   173   174   175   176   177   178   179
    180   181   182   183   184   185   186   187   188   189   190   191   192   193   194   195   196   197   198   199
    200   201   202   203   204   205   206   207   208   209   210   211   212   213   214   215   216   217   218   219
    220   221   222   223   224   225   226   227   228   229   230   231   232   233   234   235   236   237   238   239
    240   241   242   243   244   245   246   247   248   249   250   251   252   253   254   255   256   257   258   259
    260   261   262   263   264   265   266   267   268   269   270   271   272   273   274   275   276   277   278   279
    280   281   282   283   284   285   286   287   288   289   290   291   292   293   294   295   296   297   298   299
    300   301   302   303   304   305   306   307   308   309   310   311   312   313   314   315   316   317   318   319
    320   321   322   323   324   325   326   327   328   329   330   331   332   333   334   335   336   337   338   339
    340   341   342   343   344   345   346   347   348   349   350   351   352   353   354   355   356   357   358   359
    360   361   362   363   364   365   366   367   368   369   370   371   372   373   374   375   376   377   378   379
    380   381   382   383   384   385   386   387   388   389   390   391   392   393   394   395   396   397   398   399
  Expected:  0.0  ...  399.0
  Data verification FAILED
  -----

16:15:48 WARN  python3&lt;stdout&gt; returned non-zero exit code 1 ... blocked 
16:15:48 WARN  Aborted test due to BLOCKED outcome
16:15:48 INFO  
16:15:48 INFO  cleanup:
16:15:52 INFO  Executed sudo&lt;tedge_disconnect_c8y&gt;, exit status 0
16:15:53 INFO  Executed systemctl&lt;serv_mapper5&gt;, exit status 3
16:15:53 INFO  
16:15:53 INFO  Test duration: 153.17 secs
16:15:53 INFO  Test final outcome:  BLOCKED
16:15:53 INFO  Test outcome reason: python3&lt;stdout&gt; returned non-zero exit code 1
16:15:53 INFO  
</system-out>
	</testcase>
</testsuite><testsuite name="tedge_agent_user_sudo_access" tests="1" errors="0" failures="0" skipped="1" time="0"><testcase classname="TedgeAgentUserSudoAccess" name="tedge_agent_user_sudo_access">
		<skipped message="SKIPPED: #955 Observation: Exit code of the apt plugin when called with no arguments" />
		<system-out>16:16:20 INFO  ==============================================================
16:16:20 INFO  Id:    tedge_agent_user_sudo_access
16:16:20 INFO  Dir:   tedge/
16:16:20 INFO  Title: Validate tedge-agent user has a limited sudo right
16:16:20 INFO  ==============================================================
16:16:20 INFO  #955 Observation: Exit code of the apt plugin when called with no arguments ... skipped
16:16:20 INFO  
16:16:20 INFO  Test duration: 0.02 secs
16:16:20 INFO  Test final outcome:  SKIPPED
16:16:20 INFO  Test outcome reason: #955 Observation: Exit code of the apt plugin when called with no arguments
16:16:20 INFO  
</system-out>
	</testcase>
</testsuite><testsuite name="tedge_connect_test_negative" tests="1" errors="0" failures="0" skipped="0" time="0"><testcase classname="TedgeConnectTestNegative" name="tedge_connect_test_negative" />
</testsuite><testsuite name="tedge_connect_test_positive" tests="1" errors="0" failures="0" skipped="0" time="0"><testcase classname="TedgeConnectTestPositive" name="tedge_connect_test_positive" />
</testsuite><testsuite name="tedge_connect_test_sm_services" tests="1" errors="0" failures="0" skipped="0" time="0"><testcase classname="TedgeConnectTestSMServices" name="tedge_connect_test_sm_services" />
</testsuite><testsuite name="tedge_disconnect_test_sm_services" tests="1" errors="0" failures="0" skipped="0" time="0"><testcase classname="TedgeDisConnectTestSMServices" name="tedge_disconnect_test_sm_services" />
</testsuite><testsuite name="tedge_mapper_az_negative" tests="1" errors="0" failures="0" skipped="0" time="0"><testcase classname="TedgeMapperAzError" name="tedge_mapper_az_negative" />
</testsuite><testsuite name="tedge_mapper_az_with_timestamp" tests="1" errors="0" failures="0" skipped="0" time="0"><testcase classname="TedgeMapperAzWithTimestamp" name="tedge_mapper_az_with_timestamp" />
</testsuite><testsuite name="tedge_mapper_az_without_timestamp" tests="1" errors="0" failures="0" skipped="0" time="0"><testcase classname="TedgeMapperAzWithoutTimestamp" name="tedge_mapper_az_without_timestamp" />
</testsuite><testsuite name="tedge_mapper_c8y_alarms" tests="1" errors="0" failures="0" skipped="0" time="0"><testcase classname="TedgeMapperC8yAlarm" name="tedge_mapper_c8y_alarms" />
</testsuite><testsuite name="tedge_mapper_c8y_child_device_measurement" tests="1" errors="0" failures="1" skipped="0" time="0"><testcase classname="TedgeMapperC8yChildDevice" name="tedge_mapper_c8y_child_device_measurement">
		<failure message="BLOCKED: TypeError: 'NoneType' object is not subscriptable (+1 other failures)" type="BLOCKED" />
		<system-out>16:20:38 INFO  ==============================================================
16:20:38 INFO  Id:    tedge_mapper_c8y_child_device_measurement
16:20:38 INFO  Dir:   tedge_mapper_c8y/
16:20:38 INFO  Title: Validate that measurements sent to tedge/measurements/child topic gets mapped as the child device's measurement in Cumulocity
16:20:38 INFO  ==============================================================
16:20:38 INFO  EnvironmentC8y Setup
16:20:39 INFO  Executed systemctl&lt;serv_mapper1&gt;, exit status 3
16:20:39 INFO  Restarting mosquitto too frequently in the last 10 seconds. It was only up for 4 seconds
16:20:39 INFO  Delaying execution by 7 seconds
16:21:00 INFO  Executed sudo&lt;tedge_connect_c8y&gt;, exit status 0, duration 13 secs
16:21:00 INFO  Executed sudo&lt;tedge_connect_c8y_test&gt;, exit status 0
16:21:01 INFO  Executed systemctl&lt;serv_mosq2&gt;, exit status 0
16:21:01 INFO  Executed systemctl&lt;serv_mapper3&gt;, exit status 0
16:21:02 INFO  Assert that (actual == expected) with actual=None, expected=None ... passed
16:21:02 INFO  Executed tedge_pub, exit status 0
16:21:03 INFO  Executed tedge_pub, exit status 0
16:21:03 INFO  Executed tedge_pub, exit status 0
16:21:04 INFO  Executed tedge_pub, exit status 0
16:21:04 INFO  Executed tedge_pub, exit status 0
16:21:06 WARN  TypeError occurred while running test - 'NoneType' object is not subscriptable
Traceback (most recent call last):
  File "/home/pi/env-pysys/lib/python3.7/site-packages/pysys/baserunner.py", line 1296, in __call__
    self.testObj.validate()
  File "/home/pi/actions-runner/_work/thin-edge.io/thin-edge.io/tests/PySys/tedge_mapper_c8y/tedge_mapper_c8y_child_device_measurement/run.py", line 115, in validate
    self.child_device_json["id"], 3
TypeError: 'NoneType' object is not subscriptable
16:21:06 WARN  TypeError: 'NoneType' object is not subscriptable ... blocked 
16:21:06 INFO  
16:21:06 INFO  cleanup:
16:21:06 ERROR Error while running cleanup function: 
Traceback (most recent call last):
  File "/home/pi/env-pysys/lib/python3.7/site-packages/pysys/process/user.py", line 1305, in cleanup
    fn()
  File "/home/pi/actions-runner/_work/thin-edge.io/thin-edge.io/tests/PySys/tedge_mapper_c8y/tedge_mapper_c8y_child_device_measurement/run.py", line 165, in test_cleanup
    self.child_device_json["id"]
TypeError: 'NoneType' object is not subscriptable
16:21:11 INFO  Executed sudo&lt;tedge_disconnect_c8y&gt;, exit status 0
16:21:11 INFO  Executed systemctl&lt;serv_mapper5&gt;, exit status 3
16:21:11 WARN  Cleanup failed with 1 errors: Cleanup function failed: 'NoneType' object is not subscriptable (TypeError) ... blocked 
16:21:11 INFO  
16:21:11 INFO  Test duration: 33.18 secs
16:21:11 INFO  Test final outcome:  BLOCKED
16:21:11 INFO  Test outcome reason: TypeError: 'NoneType' object is not subscriptable (+1 other failures)
16:21:11 INFO  
</system-out>
	</testcase>
</testsuite><testsuite name="tedge_mapper_c8y_negative" tests="1" errors="0" failures="0" skipped="0" time="0"><testcase classname="TedgeMapperC8y" name="tedge_mapper_c8y_negative" />
</testsuite><testsuite name="tedge_mapper_c8y_packet_threshold_size" tests="1" errors="0" failures="0" skipped="0" time="0"><testcase classname="TedgeMapperC8yThresholdPacketSize" name="tedge_mapper_c8y_packet_threshold_size" />
</testsuite><testsuite name="tedge_mapper_c8y_positive" tests="1" errors="0" failures="0" skipped="0" time="0"><testcase classname="TedgeMapperC8y" name="tedge_mapper_c8y_positive" />
</testsuite><testsuite name="tedge_software_update" tests="1" errors="0" failures="0" skipped="0" time="0"><testcase classname="PySysTest" name="tedge_software_update" />
</testsuite><testsuite name="valid_device_id" tests="1" errors="0" failures="0" skipped="0" time="0"><testcase classname="ValidateValidDeviceId" name="valid_device_id" />
</testsuite></testsuites>