<?xml version='1.0' encoding='utf-8'?>
<testsuites tests="38" failures="15" errors="0" skipped="0" time="0.0"><testsuite name="SoftwareManagement.sm_apt_install_download_path" tests="1" errors="0" failures="1" skipped="0" time="0"><testcase classname="AptInstallWithDownloadPath" name="SoftwareManagement.sm_apt_install_download_path">
		<failure message="BLOCKED: TypeError: 'NoneType' object is not iterable" type="BLOCKED" />
		<system-out>10:22:08 INFO  ==============================================================
10:22:08 INFO  Id:    SoftwareManagement.sm_apt_install_download_path
10:22:08 INFO  Dir:   software_management_end_to_end/
10:22:08 INFO  Title: Install package to directory specified in tedge config set tmp.path
10:22:08 INFO  ==============================================================
10:22:08 INFO  Using sw id database: {'asciijump': '5475369', 'robotfindskitten': '5474869', 'squirrel3': '5475279', 'rolldice': '5152439', 'moon-buggy': '5439204', 'apple': '5495053', 'banana': '5494888', 'cherry': '5495382', 'watermelon': '5494510', 'registry': '8018911', 'hello-world': '8021526', 'docker/getting-started': '8021973', 'alpine': '7991792'}
10:22:08 INFO  EnvironmentC8y Setup
10:22:09 INFO  Executed systemctl&lt;serv_mapper1&gt;, exit status 3
10:22:24 INFO  Executed sudo&lt;tedge_connect_c8y&gt;, exit status 0, duration 14 secs
10:22:25 INFO  Executed sudo&lt;tedge_connect_c8y_test&gt;, exit status 0
10:22:26 INFO  Executed systemctl&lt;serv_mosq2&gt;, exit status 0
10:22:27 INFO  Executed systemctl&lt;serv_mapper3&gt;, exit status 0
10:22:29 ERROR No operations found, assuming it passed
10:22:30 WARN  TypeError occurred while running test - 'NoneType' object is not iterable
Traceback (most recent call last):
  File "/home/pi/env-pysys/lib/python3.7/site-packages/pysys/baserunner.py", line 1292, in __call__
    self.testObj.setup()
  File "/home/pi/actions-runner/_work/thin-edge.io/thin-edge.io/tests/PySys/software_management_end_to_end/sm_apt_install_download_path/run.py", line 49, in setup
    self.assertThat("False == value", value=self.check_is_installed("rolldice"))
  File "/home/pi/actions-runner/_work/thin-edge.io/thin-edge.io/tests/PySys/software_management_end_to_end/environment_sm_management.py", line 398, in check_is_installed
    for package in package_list:
TypeError: 'NoneType' object is not iterable
10:22:30 WARN  TypeError: 'NoneType' object is not iterable ... blocked 
10:22:30 INFO  
10:22:30 INFO  cleanup:
10:22:31 INFO  Executed sudo, exit status 0
10:22:31 INFO  Executed sudo, exit status 0
10:22:35 INFO  Executed sudo&lt;tedge_disconnect_c8y&gt;, exit status 0
10:22:35 INFO  Restarting mosquitto too frequently in the last 10 seconds. It was only up for 3 seconds
10:22:35 INFO  Delaying execution by 8 seconds
10:22:57 INFO  Executed sudo&lt;tedge_connect_c8y&gt;, exit status 0, duration 14 secs
10:23:02 INFO  Executed sudo&lt;tedge_disconnect_c8y&gt;, exit status 0
10:23:02 INFO  Executed systemctl&lt;serv_mapper5&gt;, exit status 3
10:23:02 INFO  
10:23:02 INFO  Test duration: 54.36 secs
10:23:02 INFO  Test final outcome:  BLOCKED
10:23:02 INFO  Test outcome reason: TypeError: 'NoneType' object is not iterable
10:23:02 INFO  
</system-out>
	</testcase>
</testsuite><testsuite name="SoftwareManagement.sm_apt_install_fail" tests="1" errors="0" failures="1" skipped="0" time="0"><testcase classname="PySysTest" name="SoftwareManagement.sm_apt_install_fail">
		<failure message="BLOCKED: TypeError: 'NoneType' object is not iterable" type="BLOCKED" />
		<system-out>10:23:03 INFO  ==============================================================
10:23:03 INFO  Id:    SoftwareManagement.sm_apt_install_fail
10:23:03 INFO  Dir:   software_management_end_to_end/
10:23:03 INFO  Title: Validate end to end behaviour for a failing installation
10:23:03 INFO  ==============================================================
10:23:03 INFO  Using sw id database: {'asciijump': '5475369', 'robotfindskitten': '5474869', 'squirrel3': '5475279', 'rolldice': '5152439', 'moon-buggy': '5439204', 'apple': '5495053', 'banana': '5494888', 'cherry': '5495382', 'watermelon': '5494510', 'registry': '8018911', 'hello-world': '8021526', 'docker/getting-started': '8021973', 'alpine': '7991792'}
10:23:03 INFO  EnvironmentC8y Setup
10:23:03 INFO  Executed systemctl&lt;serv_mapper1&gt;, exit status 3
10:23:03 INFO  Restarting mosquitto too frequently in the last 10 seconds. It was only up for 5 seconds
10:23:03 INFO  Delaying execution by 6 seconds
10:23:24 INFO  Executed sudo&lt;tedge_connect_c8y&gt;, exit status 0, duration 15 secs
10:23:25 INFO  Executed sudo&lt;tedge_connect_c8y_test&gt;, exit status 0
10:23:25 INFO  Executed systemctl&lt;serv_mosq2&gt;, exit status 0
10:23:26 INFO  Executed systemctl&lt;serv_mapper3&gt;, exit status 0
10:23:28 ERROR No operations found, assuming it passed
10:23:28 INFO  Response status: 201
10:23:28 INFO  Response to action: {
    "delivery": {
        "time": "2022-04-14T10:23:28.739Z",
        "log": [],
        "status": "PENDING"
    },
    "creationTime": "2022-04-14T10:23:28.729Z",
    "deviceName": "mythicb",
    "deviceId": "17329985",
    "self": "https://t493319102.eu-latest.cumulocity.com/devicecontrol/operations/17330312",
    "id": "17330312",
    "status": "PENDING",
    "description": "Apply software changes, triggered from PySys: [{'name': 'does_not_exist', 'id': '5446165', 'version': '::apt', 'url': '', 'action': 'install'}]",
    "c8y_SoftwareUpdate": [
        {
            "name": "does_not_exist",
            "action": "install",
            "id": "5446165",
            "version": "::apt",
            "url": ""
        }
    ]
}
10:23:28 INFO  Started operation: {'delivery': {'time': '2022-04-14T10:23:28.739Z', 'log': [], 'status': 'PENDING'}, 'creationTime': '2022-04-14T10:23:28.729Z', 'deviceName': 'mythicb', 'deviceId': '17329985', 'self': 'https://t493319102.eu-latest.cumulocity.com/devicecontrol/operations/17330312', 'id': '17330312', 'status': 'PENDING', 'description': "Apply software changes, triggered from PySys: [{'name': 'does_not_exist', 'id': '5446165', 'version': '::apt', 'url': '', 'action': 'install'}]", 'c8y_SoftwareUpdate': [{'name': 'does_not_exist', 'action': 'install', 'id': '5446165', 'version': '::apt', 'url': ''}]}
10:23:31 INFO  State of operation 17330312 : PENDING
10:23:33 INFO  State of operation 17330312 : EXECUTING
10:23:35 INFO  State of operation 17330312 : EXECUTING
10:23:37 INFO  State of operation 17330312 : EXECUTING
10:23:39 INFO  State of operation 17330312 : EXECUTING
10:23:42 INFO  State of operation 17330312 : EXECUTING
10:23:44 INFO  State of operation 17330312 : EXECUTING
10:23:47 INFO  State of operation 17330312 : EXECUTING
10:23:50 INFO  State of operation 17330312 : EXECUTING
10:23:52 INFO  State of operation 17330312 : EXECUTING
10:23:54 INFO  State of operation 17330312 : EXECUTING
10:23:56 INFO  State of operation 17330312 : EXECUTING
10:23:59 INFO  State of operation 17330312 : EXECUTING
10:24:01 INFO  State of operation 17330312 : EXECUTING
10:24:03 INFO  State of operation 17330312 : EXECUTING
10:24:05 INFO  State of operation 17330312 : EXECUTING
10:24:08 INFO  State of operation 17330312 : EXECUTING
10:24:11 INFO  State of operation 17330312 : EXECUTING
10:24:13 INFO  State of operation 17330312 : EXECUTING
10:24:15 INFO  State of operation 17330312 : EXECUTING
10:24:17 INFO  State of operation 17330312 : FAILED
10:24:18 WARN  TypeError occurred while running test - 'NoneType' object is not iterable
Traceback (most recent call last):
  File "/home/pi/env-pysys/lib/python3.7/site-packages/pysys/baserunner.py", line 1296, in __call__
    self.testObj.validate()
  File "/home/pi/actions-runner/_work/thin-edge.io/thin-edge.io/tests/PySys/software_management_end_to_end/sm_apt_install_fail/run.py", line 31, in validate
    "False == value", value=self.check_is_installed("does_not_exist")
  File "/home/pi/actions-runner/_work/thin-edge.io/thin-edge.io/tests/PySys/software_management_end_to_end/environment_sm_management.py", line 398, in check_is_installed
    for package in package_list:
TypeError: 'NoneType' object is not iterable
10:24:18 WARN  TypeError: 'NoneType' object is not iterable ... blocked 
10:24:18 INFO  
10:24:18 INFO  cleanup:
10:24:22 INFO  Executed sudo&lt;tedge_disconnect_c8y&gt;, exit status 0
10:24:23 INFO  Executed systemctl&lt;serv_mapper5&gt;, exit status 3
10:24:23 INFO  
10:24:23 INFO  Test duration: 80.27 secs
10:24:23 INFO  Test final outcome:  BLOCKED
10:24:23 INFO  Test outcome reason: TypeError: 'NoneType' object is not iterable
10:24:23 INFO  
</system-out>
	</testcase>
</testsuite><testsuite name="SoftwareManagement.sm_apt_install_remove" tests="1" errors="0" failures="1" skipped="0" time="0"><testcase classname="PySysTest" name="SoftwareManagement.sm_apt_install_remove">
		<failure message="BLOCKED: TypeError: 'NoneType' object is not iterable" type="BLOCKED" />
		<system-out>10:24:23 INFO  ==============================================================
10:24:23 INFO  Id:    SoftwareManagement.sm_apt_install_remove
10:24:23 INFO  Dir:   software_management_end_to_end/
10:24:23 INFO  Title: Validate end to end behaviour for the apt plugin for installation and removal of packages
10:24:23 INFO  ==============================================================
10:24:23 INFO  Using sw id database: {'asciijump': '5475369', 'robotfindskitten': '5474869', 'squirrel3': '5475279', 'rolldice': '5152439', 'moon-buggy': '5439204', 'apple': '5495053', 'banana': '5494888', 'cherry': '5495382', 'watermelon': '5494510', 'registry': '8018911', 'hello-world': '8021526', 'docker/getting-started': '8021973', 'alpine': '7991792'}
10:24:23 INFO  EnvironmentC8y Setup
10:24:23 INFO  Executed systemctl&lt;serv_mapper1&gt;, exit status 3
10:24:24 INFO  Restarting mosquitto too frequently in the last 10 seconds. It was only up for 6 seconds
10:24:24 INFO  Delaying execution by 5 seconds
10:24:43 INFO  Executed sudo&lt;tedge_connect_c8y&gt;, exit status 0, duration 14 secs
10:24:44 INFO  Executed sudo&lt;tedge_connect_c8y_test&gt;, exit status 0
10:24:44 INFO  Executed systemctl&lt;serv_mosq2&gt;, exit status 0
10:24:45 INFO  Executed systemctl&lt;serv_mapper3&gt;, exit status 0
10:24:47 INFO  State of current operation: FAILED
10:24:47 WARN  TypeError occurred while running test - 'NoneType' object is not iterable
Traceback (most recent call last):
  File "/home/pi/env-pysys/lib/python3.7/site-packages/pysys/baserunner.py", line 1292, in __call__
    self.testObj.setup()
  File "/home/pi/actions-runner/_work/thin-edge.io/thin-edge.io/tests/PySys/software_management_end_to_end/sm_apt_install_remove/run.py", line 28, in setup
    if self.check_is_installed("rolldice"):
  File "/home/pi/actions-runner/_work/thin-edge.io/thin-edge.io/tests/PySys/software_management_end_to_end/environment_sm_management.py", line 398, in check_is_installed
    for package in package_list:
TypeError: 'NoneType' object is not iterable
10:24:47 WARN  TypeError: 'NoneType' object is not iterable ... blocked 
10:24:47 INFO  
10:24:47 INFO  cleanup:
10:24:52 INFO  Executed sudo&lt;tedge_disconnect_c8y&gt;, exit status 0
10:24:52 INFO  Executed systemctl&lt;serv_mapper5&gt;, exit status 3
10:24:52 INFO  
10:24:52 INFO  Test duration: 29.28 secs
10:24:52 INFO  Test final outcome:  BLOCKED
10:24:52 INFO  Test outcome reason: TypeError: 'NoneType' object is not iterable
10:24:52 INFO  
</system-out>
	</testcase>
</testsuite><testsuite name="SoftwareManagement.sm_apt_install_remove_default" tests="1" errors="0" failures="1" skipped="0" time="0"><testcase classname="PySysTest" name="SoftwareManagement.sm_apt_install_remove_default">
		<failure message="BLOCKED: TypeError: 'NoneType' object is not iterable" type="BLOCKED" />
		<system-out>10:24:52 INFO  ==============================================================
10:24:52 INFO  Id:    SoftwareManagement.sm_apt_install_remove_default
10:24:52 INFO  Dir:   software_management_end_to_end/
10:24:52 INFO  Title: Validate end to end behaviour for the default plugin for installation and removal of packages
10:24:52 INFO  ==============================================================
10:24:52 INFO  Using sw id database: {'asciijump': '5475369', 'robotfindskitten': '5474869', 'squirrel3': '5475279', 'rolldice': '5152439', 'moon-buggy': '5439204', 'apple': '5495053', 'banana': '5494888', 'cherry': '5495382', 'watermelon': '5494510', 'registry': '8018911', 'hello-world': '8021526', 'docker/getting-started': '8021973', 'alpine': '7991792'}
10:24:52 INFO  EnvironmentC8y Setup
10:24:53 INFO  Executed systemctl&lt;serv_mapper1&gt;, exit status 3
10:24:53 INFO  Restarting mosquitto too frequently in the last 10 seconds. It was only up for 5 seconds
10:24:53 INFO  Delaying execution by 6 seconds
10:25:13 INFO  Executed sudo&lt;tedge_connect_c8y&gt;, exit status 0, duration 14 secs
10:25:14 INFO  Executed sudo&lt;tedge_connect_c8y_test&gt;, exit status 0
10:25:14 INFO  Executed systemctl&lt;serv_mosq2&gt;, exit status 0
10:25:15 INFO  Executed systemctl&lt;serv_mapper3&gt;, exit status 0
10:25:17 INFO  State of current operation: FAILED
10:25:17 WARN  TypeError occurred while running test - 'NoneType' object is not iterable
Traceback (most recent call last):
  File "/home/pi/env-pysys/lib/python3.7/site-packages/pysys/baserunner.py", line 1292, in __call__
    self.testObj.setup()
  File "/home/pi/actions-runner/_work/thin-edge.io/thin-edge.io/tests/PySys/software_management_end_to_end/sm_apt_install_remove_default/run.py", line 27, in setup
    self.assertThat("False == value", value=self.check_is_installed("rolldice"))
  File "/home/pi/actions-runner/_work/thin-edge.io/thin-edge.io/tests/PySys/software_management_end_to_end/environment_sm_management.py", line 398, in check_is_installed
    for package in package_list:
TypeError: 'NoneType' object is not iterable
10:25:17 WARN  TypeError: 'NoneType' object is not iterable ... blocked 
10:25:17 INFO  
10:25:17 INFO  cleanup:
10:25:22 INFO  Executed sudo&lt;tedge_disconnect_c8y&gt;, exit status 0
10:25:22 INFO  Executed systemctl&lt;serv_mapper5&gt;, exit status 3
10:25:22 INFO  
10:25:22 INFO  Test duration: 30.12 secs
10:25:22 INFO  Test final outcome:  BLOCKED
10:25:22 INFO  Test outcome reason: TypeError: 'NoneType' object is not iterable
10:25:22 INFO  
</system-out>
	</testcase>
</testsuite><testsuite name="SoftwareManagement.sm_apt_install_remove_multiple" tests="1" errors="0" failures="1" skipped="0" time="0"><testcase classname="PySysTest" name="SoftwareManagement.sm_apt_install_remove_multiple">
		<failure message="BLOCKED: TypeError: 'NoneType' object is not iterable" type="BLOCKED" />
		<system-out>10:25:22 INFO  ==============================================================
10:25:22 INFO  Id:    SoftwareManagement.sm_apt_install_remove_multiple
10:25:22 INFO  Dir:   software_management_end_to_end/
10:25:22 INFO  Title: Validate end to end behaviour for the apt plugin for multiple packages
10:25:22 INFO  ==============================================================
10:25:22 INFO  Using sw id database: {'asciijump': '5475369', 'robotfindskitten': '5474869', 'squirrel3': '5475279', 'rolldice': '5152439', 'moon-buggy': '5439204', 'apple': '5495053', 'banana': '5494888', 'cherry': '5495382', 'watermelon': '5494510', 'registry': '8018911', 'hello-world': '8021526', 'docker/getting-started': '8021973', 'alpine': '7991792'}
10:25:22 INFO  EnvironmentC8y Setup
10:25:23 INFO  Executed systemctl&lt;serv_mapper1&gt;, exit status 3
10:25:23 INFO  Restarting mosquitto too frequently in the last 10 seconds. It was only up for 5 seconds
10:25:23 INFO  Delaying execution by 6 seconds
10:25:44 INFO  Executed sudo&lt;tedge_connect_c8y&gt;, exit status 0, duration 14 secs
10:25:44 INFO  Executed sudo&lt;tedge_connect_c8y_test&gt;, exit status 0
10:25:45 INFO  Executed systemctl&lt;serv_mosq2&gt;, exit status 0
10:25:45 INFO  Executed systemctl&lt;serv_mapper3&gt;, exit status 0
10:25:48 INFO  State of current operation: FAILED
10:25:48 WARN  TypeError occurred while running test - 'NoneType' object is not iterable
Traceback (most recent call last):
  File "/home/pi/env-pysys/lib/python3.7/site-packages/pysys/baserunner.py", line 1292, in __call__
    self.testObj.setup()
  File "/home/pi/actions-runner/_work/thin-edge.io/thin-edge.io/tests/PySys/software_management_end_to_end/sm_apt_install_remove_multiple/run.py", line 54, in setup
    self.assertThat("False == value", value=self.check_is_installed("rolldice"))
  File "/home/pi/actions-runner/_work/thin-edge.io/thin-edge.io/tests/PySys/software_management_end_to_end/environment_sm_management.py", line 398, in check_is_installed
    for package in package_list:
TypeError: 'NoneType' object is not iterable
10:25:48 WARN  TypeError: 'NoneType' object is not iterable ... blocked 
10:25:48 INFO  
10:25:48 INFO  cleanup:
10:25:52 INFO  Executed sudo&lt;tedge_disconnect_c8y&gt;, exit status 0
10:25:53 INFO  Executed systemctl&lt;serv_mapper5&gt;, exit status 3
10:25:53 INFO  
10:25:53 INFO  Test duration: 30.36 secs
10:25:53 INFO  Test final outcome:  BLOCKED
10:25:53 INFO  Test outcome reason: TypeError: 'NoneType' object is not iterable
10:25:53 INFO  
</system-out>
	</testcase>
</testsuite><testsuite name="SoftwareManagement.sm_apt_install_remove_multiple_mixed" tests="1" errors="0" failures="1" skipped="0" time="0"><testcase classname="PySysTest" name="SoftwareManagement.sm_apt_install_remove_multiple_mixed">
		<failure message="BLOCKED: TypeError: 'NoneType' object is not iterable" type="BLOCKED" />
		<system-out>10:25:53 INFO  ==============================================================
10:25:53 INFO  Id:    SoftwareManagement.sm_apt_install_remove_multiple_mixed
10:25:53 INFO  Dir:   software_management_end_to_end/
10:25:53 INFO  Title: Validate end to end behaviour for the apt plugin for multiple packages with mixed versions
10:25:53 INFO  ==============================================================
10:25:53 INFO  Using sw id database: {'asciijump': '5475369', 'robotfindskitten': '5474869', 'squirrel3': '5475279', 'rolldice': '5152439', 'moon-buggy': '5439204', 'apple': '5495053', 'banana': '5494888', 'cherry': '5495382', 'watermelon': '5494510', 'registry': '8018911', 'hello-world': '8021526', 'docker/getting-started': '8021973', 'alpine': '7991792'}
10:25:53 INFO  EnvironmentC8y Setup
10:25:53 INFO  Executed systemctl&lt;serv_mapper1&gt;, exit status 3
10:25:53 INFO  Restarting mosquitto too frequently in the last 10 seconds. It was only up for 4 seconds
10:25:53 INFO  Delaying execution by 7 seconds
10:26:15 INFO  Executed sudo&lt;tedge_connect_c8y&gt;, exit status 0, duration 14 secs
10:26:15 INFO  Executed sudo&lt;tedge_connect_c8y_test&gt;, exit status 0
10:26:16 INFO  Executed systemctl&lt;serv_mosq2&gt;, exit status 0
10:26:16 INFO  Executed systemctl&lt;serv_mapper3&gt;, exit status 0
10:26:19 INFO  State of current operation: FAILED
10:26:19 WARN  TypeError occurred while running test - 'NoneType' object is not iterable
Traceback (most recent call last):
  File "/home/pi/env-pysys/lib/python3.7/site-packages/pysys/baserunner.py", line 1292, in __call__
    self.testObj.setup()
  File "/home/pi/actions-runner/_work/thin-edge.io/thin-edge.io/tests/PySys/software_management_end_to_end/sm_apt_install_remove_multiple_mixed/run.py", line 75, in setup
    self.assertThat("False == value", value=self.check_is_installed("asciijump"))
  File "/home/pi/actions-runner/_work/thin-edge.io/thin-edge.io/tests/PySys/software_management_end_to_end/environment_sm_management.py", line 398, in check_is_installed
    for package in package_list:
TypeError: 'NoneType' object is not iterable
10:26:19 WARN  TypeError: 'NoneType' object is not iterable ... blocked 
10:26:19 INFO  
10:26:19 INFO  cleanup:
10:26:23 INFO  Executed sudo&lt;tedge_disconnect_c8y&gt;, exit status 0
10:26:24 INFO  Executed systemctl&lt;serv_mapper5&gt;, exit status 3
10:26:24 INFO  
10:26:24 INFO  Test duration: 30.97 secs
10:26:24 INFO  Test final outcome:  BLOCKED
10:26:24 INFO  Test outcome reason: TypeError: 'NoneType' object is not iterable
10:26:24 INFO  
</system-out>
	</testcase>
</testsuite><testsuite name="SoftwareManagement.sm_apt_install_remove_with_version" tests="1" errors="0" failures="1" skipped="0" time="0"><testcase classname="PySysTest" name="SoftwareManagement.sm_apt_install_remove_with_version">
		<failure message="BLOCKED: TypeError: 'NoneType' object is not iterable" type="BLOCKED" />
		<system-out>10:26:24 INFO  ==============================================================
10:26:24 INFO  Id:    SoftwareManagement.sm_apt_install_remove_with_version
10:26:24 INFO  Dir:   software_management_end_to_end/
10:26:24 INFO  Title: Validate end to end behaviour for the apt plugin for packages with version
10:26:24 INFO  ==============================================================
10:26:24 INFO  Using sw id database: {'asciijump': '5475369', 'robotfindskitten': '5474869', 'squirrel3': '5475279', 'rolldice': '5152439', 'moon-buggy': '5439204', 'apple': '5495053', 'banana': '5494888', 'cherry': '5495382', 'watermelon': '5494510', 'registry': '8018911', 'hello-world': '8021526', 'docker/getting-started': '8021973', 'alpine': '7991792'}
10:26:24 INFO  EnvironmentC8y Setup
10:26:24 INFO  Executed systemctl&lt;serv_mapper1&gt;, exit status 3
10:26:24 INFO  Restarting mosquitto too frequently in the last 10 seconds. It was only up for 5 seconds
10:26:24 INFO  Delaying execution by 6 seconds
10:26:45 INFO  Executed sudo&lt;tedge_connect_c8y&gt;, exit status 0, duration 14 secs
10:26:46 INFO  Executed sudo&lt;tedge_connect_c8y_test&gt;, exit status 0
10:26:46 INFO  Executed systemctl&lt;serv_mosq2&gt;, exit status 0
10:26:47 INFO  Executed systemctl&lt;serv_mapper3&gt;, exit status 0
10:26:49 INFO  State of current operation: FAILED
10:26:49 WARN  TypeError occurred while running test - 'NoneType' object is not iterable
Traceback (most recent call last):
  File "/home/pi/env-pysys/lib/python3.7/site-packages/pysys/baserunner.py", line 1292, in __call__
    self.testObj.setup()
  File "/home/pi/actions-runner/_work/thin-edge.io/thin-edge.io/tests/PySys/software_management_end_to_end/sm_apt_install_remove_with_version/run.py", line 29, in setup
    self.assertThat("False == value", value=self.check_is_installed("rolldice"))
  File "/home/pi/actions-runner/_work/thin-edge.io/thin-edge.io/tests/PySys/software_management_end_to_end/environment_sm_management.py", line 398, in check_is_installed
    for package in package_list:
TypeError: 'NoneType' object is not iterable
10:26:49 WARN  TypeError: 'NoneType' object is not iterable ... blocked 
10:26:49 INFO  
10:26:49 INFO  cleanup:
10:26:54 INFO  Executed sudo&lt;tedge_disconnect_c8y&gt;, exit status 0
10:26:54 INFO  Executed systemctl&lt;serv_mapper5&gt;, exit status 3
10:26:54 INFO  
10:26:54 INFO  Test duration: 30.37 secs
10:26:54 INFO  Test final outcome:  BLOCKED
10:26:54 INFO  Test outcome reason: TypeError: 'NoneType' object is not iterable
10:26:54 INFO  
</system-out>
	</testcase>
</testsuite><testsuite name="apt_fail_noarg" tests="1" errors="0" failures="0" skipped="0" time="0"><testcase classname="AptPluginFailNoArg" name="apt_fail_noarg" />
</testsuite><testsuite name="apt_finalize" tests="1" errors="0" failures="0" skipped="0" time="0"><testcase classname="AptPluginFinalize" name="apt_finalize" />
</testsuite><testsuite name="apt_install" tests="1" errors="0" failures="0" skipped="0" time="0"><testcase classname="AptPluginInstallDense" name="apt_install" />
</testsuite><testsuite name="apt_install_fail" tests="1" errors="0" failures="0" skipped="0" time="0"><testcase classname="AptPluginInstallFail" name="apt_install_fail" />
</testsuite><testsuite name="apt_install_local_file" tests="1" errors="0" failures="0" skipped="0" time="0"><testcase classname="AptPluginInstallFromLocalFile" name="apt_install_local_file" />
</testsuite><testsuite name="apt_install_local_file_fail" tests="1" errors="0" failures="0" skipped="0" time="0"><testcase classname="AptPluginInstallFromLocalFileFail" name="apt_install_local_file_fail" />
</testsuite><testsuite name="apt_install_local_file_with_version" tests="1" errors="0" failures="0" skipped="0" time="0"><testcase classname="AptPluginInstallFromLocalFileWithVersion" name="apt_install_local_file_with_version" />
</testsuite><testsuite name="apt_install_local_file_with_version_fail" tests="1" errors="0" failures="0" skipped="0" time="0"><testcase classname="AptPluginInstallFromLocalFileWithVersionFail" name="apt_install_local_file_with_version_fail" />
</testsuite><testsuite name="apt_list_format" tests="1" errors="0" failures="0" skipped="0" time="0"><testcase classname="AptPluginListFormat" name="apt_list_format" />
</testsuite><testsuite name="apt_prepare" tests="1" errors="0" failures="0" skipped="0" time="0"><testcase classname="AptPluginPrepare" name="apt_prepare" />
</testsuite><testsuite name="apt_prepare_install_finalize" tests="1" errors="0" failures="0" skipped="0" time="0"><testcase classname="AptPluginPrepareInstallFinalize" name="apt_prepare_install_finalize" />
</testsuite><testsuite name="apt_remove" tests="1" errors="0" failures="0" skipped="0" time="0"><testcase classname="AptPluginRemoveDense" name="apt_remove" />
</testsuite><testsuite name="apt_remove_fail" tests="1" errors="0" failures="0" skipped="0" time="0"><testcase classname="AptPluginRemoveFails" name="apt_remove_fail" />
</testsuite><testsuite name="apt_sequence_install_with_version" tests="1" errors="0" failures="0" skipped="0" time="0"><testcase classname="AptPluginPrepInstallWithVersionFinalize" name="apt_sequence_install_with_version" />
</testsuite><testsuite name="apt_sequence_install_with_version_fail" tests="1" errors="0" failures="0" skipped="0" time="0"><testcase classname="AptPluginInstallWithVersionFails" name="apt_sequence_install_with_version_fail" />
</testsuite><testsuite name="apt_sequence_remove" tests="1" errors="0" failures="0" skipped="0" time="0"><testcase classname="AptPluginInstallPrepareRemoveFinalize" name="apt_sequence_remove" />
</testsuite><testsuite name="apt_sequence_remove_with_version" tests="1" errors="0" failures="0" skipped="0" time="0"><testcase classname="AptPluginRemoveWithVersion" name="apt_sequence_remove_with_version" />
</testsuite><testsuite name="apt_sequence_remove_with_version_fail" tests="1" errors="0" failures="0" skipped="0" time="0"><testcase classname="AptPluginRemoveWithVersionFails" name="apt_sequence_remove_with_version_fail" />
</testsuite><testsuite name="apt_update_list" tests="1" errors="0" failures="0" skipped="0" time="0"><testcase classname="AptPluginUpdateList" name="apt_update_list" />
</testsuite><testsuite name="apt_wrong_option" tests="1" errors="0" failures="0" skipped="0" time="0"><testcase classname="AptPluginWrongOption" name="apt_wrong_option" />
</testsuite><testsuite name="SoftwareManagement.Plugin.apama_plugin_install" tests="1" errors="0" failures="0" skipped="0" time="0"><testcase classname="ApamaPluginInstallTest" name="SoftwareManagement.Plugin.apama_plugin_install" />
</testsuite><testsuite name="SoftwareManagement.Plugin.apama_plugin_mon_support" tests="1" errors="0" failures="0" skipped="0" time="0"><testcase classname="ApamaPluginMonSupportTest" name="SoftwareManagement.Plugin.apama_plugin_mon_support" />
</testsuite><testsuite name="SoftwareManagement.Plugin.apama_plugin_remove" tests="1" errors="0" failures="0" skipped="0" time="0"><testcase classname="ApamaPluginRemoveTest" name="SoftwareManagement.Plugin.apama_plugin_remove" />
</testsuite><testsuite name="SoftwareManagement.Plugin.apama_plugin_update" tests="1" errors="0" failures="1" skipped="0" time="0"><testcase classname="ApamaPluginUpdateTest" name="SoftwareManagement.Plugin.apama_plugin_update">
		<failure message="BLOCKED: sudo&lt;plugin_install&gt; returned non-zero exit code 2" type="BLOCKED" />
		<system-out>10:28:08 INFO  ==============================================================
10:28:08 INFO  Id:    SoftwareManagement.Plugin.apama_plugin_update
10:28:08 INFO  Dir:   plugin_apama/
10:28:08 INFO  Title: Validate apama plugin updating one project with another
10:28:08 INFO  ==============================================================
10:28:08 INFO  Assertion that path exists=False for "/etc/tedge/apama/project" ... passed
10:28:09 INFO  Executed sudo&lt;create_project_dir&gt;, exit status 0
10:28:10 INFO  Executed sudo&lt;unzip_apama_project&gt;, exit status 0
10:28:10 INFO  Executed sudo&lt;move_apama_project&gt;, exit status 0
10:28:11 INFO  Executed sudo&lt;restart_apama_service&gt;, exit status 0
10:28:12 INFO  Executed sudo&lt;apama_correlator_wait&gt;, exit status 0
10:28:12 INFO  Assertion that path exists=True for "/etc/tedge/apama/project" ... passed
10:28:13 INFO  Executed sudo&lt;apama_list_monitors&gt;, exit status 0
10:28:13 INFO  Grep on file /home/pi/actions-runner/_work/thin-edge.io/thin-edge.io/tests/PySys/plugin_apama/apama_plugin_update/Output/linux/apama_list_monitors.out ... passed
10:28:13 WARN  Executed sudo&lt;plugin_install&gt;, exit status 2
10:28:13 INFO  Contents of plugin_install.err: 
  ERROR: Directory not empty (os error 39)
  -----

10:28:14 WARN  sudo&lt;plugin_install&gt; returned non-zero exit code 2 ... blocked [run.py:35]
10:28:14 WARN  Aborted test due to BLOCKED outcome
10:28:14 INFO  
10:28:14 INFO  cleanup:
10:28:14 INFO  Removing apama project
10:28:30 INFO  Executed sudo&lt;stop_apama_service&gt;, exit status 0, duration 16 secs
10:28:30 INFO  Executed sudo&lt;remove_apama_project&gt;, exit status 0
10:28:31 INFO  Executed sudo&lt;remove_apama_tmp_dir&gt;, exit status 0
10:28:31 INFO  
10:28:31 INFO  Test duration: 22.50 secs
10:28:31 INFO  Test final outcome:  BLOCKED
10:28:31 INFO  Test outcome reason: sudo&lt;plugin_install&gt; returned non-zero exit code 2
10:28:31 INFO  
</system-out>
	</testcase>
</testsuite><testsuite name="SoftwareManagement.sm_docker_install_remove_multiple" tests="1" errors="0" failures="1" skipped="0" time="0"><testcase classname="SMDockerInstallRemove" name="SoftwareManagement.sm_docker_install_remove_multiple">
		<failure message="BLOCKED: SystemError: Timeout while waiting for status SUCCESSFUL or False" type="BLOCKED" />
		<system-out>10:28:41 INFO  ==============================================================
10:28:41 INFO  Id:    SoftwareManagement.sm_docker_install_remove_multiple
10:28:41 INFO  Dir:   software_management_end_to_end/
10:28:41 INFO  Title: Validate end to end behaviour for the docker plugin for multiple docker images with mixed versions
10:28:41 INFO  ==============================================================
10:28:42 INFO  Using sw id database: {'asciijump': '5475369', 'robotfindskitten': '5474869', 'squirrel3': '5475279', 'rolldice': '5152439', 'moon-buggy': '5439204', 'apple': '5495053', 'banana': '5494888', 'cherry': '5495382', 'watermelon': '5494510', 'registry': '8018911', 'hello-world': '8021526', 'docker/getting-started': '8021973', 'alpine': '7991792'}
10:28:42 INFO  EnvironmentC8y Setup
10:28:42 INFO  Executed systemctl&lt;serv_mapper1&gt;, exit status 3
10:28:57 INFO  Executed sudo&lt;tedge_connect_c8y&gt;, exit status 0, duration 14 secs
10:28:58 INFO  Executed sudo&lt;tedge_connect_c8y_test&gt;, exit status 0
10:28:58 INFO  Executed systemctl&lt;serv_mosq2&gt;, exit status 0
10:28:59 INFO  Executed systemctl&lt;serv_mapper3&gt;, exit status 0
10:29:01 INFO  State of current operation: FAILED
10:29:01 INFO  Response status: 201
10:29:01 INFO  Response to action: {
    "creationTime": "2022-04-14T10:29:01.554Z",
    "deviceName": "mythicb",
    "deviceId": "17329985",
    "self": "https://t493319102.eu-latest.cumulocity.com/devicecontrol/operations/17330321",
    "id": "17330321",
    "status": "PENDING",
    "description": "Apply software changes, triggered from PySys: [{'action': 'install', 'id': '8021526', 'name': 'hello-world', 'url': '', 'version': '::docker'}, {'action': 'install', 'id': '8018911', 'name': 'registry', 'url': '', 'version': '2.6.2::docker'}]",
    "c8y_SoftwareUpdate": [
        {
            "name": "hello-world",
            "action": "install",
            "id": "8021526",
            "version": "::docker",
            "url": ""
        },
        {
            "name": "registry",
            "action": "install",
            "id": "8018911",
            "version": "2.6.2::docker",
            "url": ""
        }
    ]
}
10:29:01 INFO  Started operation: {'creationTime': '2022-04-14T10:29:01.554Z', 'deviceName': 'mythicb', 'deviceId': '17329985', 'self': 'https://t493319102.eu-latest.cumulocity.com/devicecontrol/operations/17330321', 'id': '17330321', 'status': 'PENDING', 'description': "Apply software changes, triggered from PySys: [{'action': 'install', 'id': '8021526', 'name': 'hello-world', 'url': '', 'version': '::docker'}, {'action': 'install', 'id': '8018911', 'name': 'registry', 'url': '', 'version': '2.6.2::docker'}]", 'c8y_SoftwareUpdate': [{'name': 'hello-world', 'action': 'install', 'id': '8021526', 'version': '::docker', 'url': ''}, {'name': 'registry', 'action': 'install', 'id': '8018911', 'version': '2.6.2::docker', 'url': ''}]}
10:29:03 INFO  State of operation 17330321 : PENDING
10:29:06 INFO  State of operation 17330321 : PENDING
10:29:08 INFO  State of operation 17330321 : PENDING
10:29:10 INFO  State of operation 17330321 : PENDING
10:29:12 INFO  State of operation 17330321 : PENDING
10:29:14 INFO  State of operation 17330321 : PENDING
10:29:17 INFO  State of operation 17330321 : PENDING
10:29:19 INFO  State of operation 17330321 : PENDING
10:29:21 INFO  State of operation 17330321 : PENDING
10:29:23 INFO  State of operation 17330321 : PENDING
10:29:25 INFO  State of operation 17330321 : PENDING
10:29:28 INFO  State of operation 17330321 : PENDING
10:29:30 INFO  State of operation 17330321 : PENDING
10:29:32 INFO  State of operation 17330321 : PENDING
10:29:34 INFO  State of operation 17330321 : PENDING
10:29:37 INFO  State of operation 17330321 : PENDING
10:29:39 INFO  State of operation 17330321 : PENDING
10:29:41 INFO  State of operation 17330321 : PENDING
10:29:43 INFO  State of operation 17330321 : PENDING
10:29:45 INFO  State of operation 17330321 : PENDING
10:29:48 INFO  State of operation 17330321 : PENDING
10:29:50 INFO  State of operation 17330321 : PENDING
10:29:52 INFO  State of operation 17330321 : PENDING
10:29:54 INFO  State of operation 17330321 : PENDING
10:29:57 INFO  State of operation 17330321 : PENDING
10:29:59 INFO  State of operation 17330321 : PENDING
10:30:01 INFO  State of operation 17330321 : PENDING
10:30:03 INFO  State of operation 17330321 : PENDING
10:30:05 INFO  State of operation 17330321 : PENDING
10:30:08 INFO  State of operation 17330321 : PENDING
10:30:10 INFO  State of operation 17330321 : PENDING
10:30:12 INFO  State of operation 17330321 : PENDING
10:30:14 INFO  State of operation 17330321 : PENDING
10:30:16 INFO  State of operation 17330321 : PENDING
10:30:19 INFO  State of operation 17330321 : PENDING
10:30:21 INFO  State of operation 17330321 : PENDING
10:30:23 INFO  State of operation 17330321 : PENDING
10:30:25 INFO  State of operation 17330321 : PENDING
10:30:28 INFO  State of operation 17330321 : PENDING
10:30:30 INFO  State of operation 17330321 : PENDING
10:30:32 INFO  State of operation 17330321 : PENDING
10:30:34 INFO  State of operation 17330321 : PENDING
10:30:36 INFO  State of operation 17330321 : PENDING
10:30:39 INFO  State of operation 17330321 : PENDING
10:30:41 INFO  State of operation 17330321 : PENDING
10:30:43 INFO  State of operation 17330321 : PENDING
10:30:45 INFO  State of operation 17330321 : PENDING
10:30:48 INFO  State of operation 17330321 : PENDING
10:30:50 INFO  State of operation 17330321 : PENDING
10:30:52 INFO  State of operation 17330321 : PENDING
10:30:54 INFO  State of operation 17330321 : PENDING
10:30:56 INFO  State of operation 17330321 : PENDING
10:30:59 INFO  State of operation 17330321 : PENDING
10:31:01 INFO  State of operation 17330321 : PENDING
10:31:03 INFO  State of operation 17330321 : PENDING
10:31:05 INFO  State of operation 17330321 : PENDING
10:31:08 INFO  State of operation 17330321 : PENDING
10:31:10 INFO  State of operation 17330321 : PENDING
10:31:12 INFO  State of operation 17330321 : PENDING
10:31:14 INFO  State of operation 17330321 : PENDING
10:31:16 INFO  State of operation 17330321 : PENDING
10:31:18 WARN  SystemError occurred while running test - Timeout while waiting for status SUCCESSFUL or False
Traceback (most recent call last):
  File "/home/pi/env-pysys/lib/python3.7/site-packages/pysys/baserunner.py", line 1292, in __call__
    self.testObj.setup()
  File "/home/pi/actions-runner/_work/thin-edge.io/thin-edge.io/tests/PySys/software_management_end_to_end/sm_docker_install_remove_multiple/run.py", line 55, in setup
    self.wait_until_succcess()
  File "/home/pi/actions-runner/_work/thin-edge.io/thin-edge.io/tests/PySys/software_management_end_to_end/environment_sm_management.py", line 324, in wait_until_succcess
    self.wait_until_status("SUCCESSFUL")
  File "/home/pi/actions-runner/_work/thin-edge.io/thin-edge.io/tests/PySys/software_management_end_to_end/environment_sm_management.py", line 381, in wait_until_status
    "Timeout while waiting for status %s or %s" % (status, status2)
SystemError: Timeout while waiting for status SUCCESSFUL or False
10:31:18 WARN  SystemError: Timeout while waiting for status SUCCESSFUL or False ... blocked 
10:31:18 INFO  
10:31:18 INFO  cleanup:
10:31:23 INFO  Executed sudo&lt;tedge_disconnect_c8y&gt;, exit status 0
10:31:24 INFO  Executed systemctl&lt;serv_mapper5&gt;, exit status 3
10:31:24 INFO  
10:31:24 INFO  Test duration: 163.09 secs
10:31:24 INFO  Test final outcome:  BLOCKED
10:31:24 INFO  Test outcome reason: SystemError: Timeout while waiting for status SUCCESSFUL or False
10:31:24 INFO  
</system-out>
	</testcase>
</testsuite><testsuite name="docker_plugin_finalize" tests="1" errors="0" failures="1" skipped="0" time="0"><testcase classname="DockerPluginFinalizeTest" name="docker_plugin_finalize">
		<failure message="FAILED: Grep on /home/pi/actions-runner/_work/thin-edge.io/thin-edge.io/tests/PySys/plugin_docker/docker_plugin_finalize/Output/linux/docker_images.out does not contain &quot;registry&quot; failed with 2 matches, first is: &quot;registry            2.7.1               e8a56425636e        5 months ago        22.2MB&quot;" type="FAILED" />
		<system-out>10:28:34 INFO  ==============================================================
10:28:34 INFO  Id:    docker_plugin_finalize
10:28:34 INFO  Dir:   plugin_docker/
10:28:34 INFO  Title: Validate docker plugin finalize command
10:28:34 INFO  ==============================================================
10:28:35 INFO  Executed sudo&lt;docker_images&gt;, exit status 0
10:28:36 WARN  Grep on /home/pi/actions-runner/_work/thin-edge.io/thin-edge.io/tests/PySys/plugin_docker/docker_plugin_finalize/Output/linux/docker_images.out does not contain "registry" failed with 2 matches, first is: "registry            2.7.1               e8a56425636e        5 months ago        22.2MB" ... failed 
10:28:36 WARN  Aborted test due to FAILED outcome
10:28:36 INFO  
10:28:36 INFO  cleanup:
10:28:36 INFO  
10:28:36 INFO  Test duration: 1.25 secs
10:28:36 INFO  Test final outcome:  FAILED
10:28:36 INFO  Test outcome reason: Grep on /home/pi/actions-runner/_work/thin-edge.io/thin-edge.io/tests/PySys/plugin_docker/docker_plugin_finalize/Output/linux/docker_images.out does not contain "registry" failed with 2 matches, first is: "registry            2.7.1               e8a56425636e        5 months ago        22.2MB"
10:28:36 INFO  
</system-out>
	</testcase>
</testsuite><testsuite name="docker_plugin_install" tests="1" errors="0" failures="1" skipped="0" time="0"><testcase classname="DockerPluginInstallTest" name="docker_plugin_install">
		<failure message="FAILED: Grep on /home/pi/actions-runner/_work/thin-edge.io/thin-edge.io/tests/PySys/plugin_docker/docker_plugin_install/Output/linux/docker_images.out does not contain &quot;registry&quot; failed with 2 matches, first is: &quot;registry            2.7.1               e8a56425636e        5 months ago        22.2MB&quot;" type="FAILED" />
		<system-out>10:28:36 INFO  ==============================================================
10:28:36 INFO  Id:    docker_plugin_install
10:28:36 INFO  Dir:   plugin_docker/
10:28:36 INFO  Title: Validate docker plugin install
10:28:36 INFO  ==============================================================
10:28:36 INFO  Executed sudo&lt;docker_images&gt;, exit status 0
10:28:36 WARN  Grep on /home/pi/actions-runner/_work/thin-edge.io/thin-edge.io/tests/PySys/plugin_docker/docker_plugin_install/Output/linux/docker_images.out does not contain "registry" failed with 2 matches, first is: "registry            2.7.1               e8a56425636e        5 months ago        22.2MB" ... failed 
10:28:36 WARN  Aborted test due to FAILED outcome
10:28:36 INFO  
10:28:36 INFO  cleanup:
10:28:36 INFO  
10:28:36 INFO  Test duration: 0.89 secs
10:28:36 INFO  Test final outcome:  FAILED
10:28:36 INFO  Test outcome reason: Grep on /home/pi/actions-runner/_work/thin-edge.io/thin-edge.io/tests/PySys/plugin_docker/docker_plugin_install/Output/linux/docker_images.out does not contain "registry" failed with 2 matches, first is: "registry            2.7.1               e8a56425636e        5 months ago        22.2MB"
10:28:36 INFO  
</system-out>
	</testcase>
</testsuite><testsuite name="docker_plugin_install_with_version" tests="1" errors="0" failures="1" skipped="0" time="0"><testcase classname="DockerPluginInstallWithVersionTest" name="docker_plugin_install_with_version">
		<failure message="FAILED: Grep on /home/pi/actions-runner/_work/thin-edge.io/thin-edge.io/tests/PySys/plugin_docker/docker_plugin_install_with_version/Output/linux/docker_images.out does not contain &quot;registry&quot; failed with 2 matches, first is: &quot;registry            2.7.1               e8a56425636e        5 months ago        22.2MB&quot;" type="FAILED" />
		<system-out>10:28:37 INFO  ==============================================================
10:28:37 INFO  Id:    docker_plugin_install_with_version
10:28:37 INFO  Dir:   plugin_docker/
10:28:37 INFO  Title: Validate docker plugin install
10:28:37 INFO  ==============================================================
10:28:37 INFO  Executed sudo&lt;docker_images&gt;, exit status 0
10:28:37 WARN  Grep on /home/pi/actions-runner/_work/thin-edge.io/thin-edge.io/tests/PySys/plugin_docker/docker_plugin_install_with_version/Output/linux/docker_images.out does not contain "registry" failed with 2 matches, first is: "registry            2.7.1               e8a56425636e        5 months ago        22.2MB" ... failed 
10:28:37 WARN  Aborted test due to FAILED outcome
10:28:37 INFO  
10:28:37 INFO  cleanup:
10:28:37 INFO  
10:28:37 INFO  Test duration: 0.88 secs
10:28:37 INFO  Test final outcome:  FAILED
10:28:37 INFO  Test outcome reason: Grep on /home/pi/actions-runner/_work/thin-edge.io/thin-edge.io/tests/PySys/plugin_docker/docker_plugin_install_with_version/Output/linux/docker_images.out does not contain "registry" failed with 2 matches, first is: "registry            2.7.1               e8a56425636e        5 months ago        22.2MB"
10:28:37 INFO  
</system-out>
	</testcase>
</testsuite><testsuite name="docker_plugin_remove" tests="1" errors="0" failures="1" skipped="0" time="0"><testcase classname="DockerPluginRemoveTest" name="docker_plugin_remove">
		<failure message="FAILED: Grep on /home/pi/actions-runner/_work/thin-edge.io/thin-edge.io/tests/PySys/plugin_docker/docker_plugin_remove/Output/linux/docker_images.out does not contain &quot;registry&quot; failed with 2 matches, first is: &quot;registry            2.7.1               e8a56425636e        5 months ago        22.2MB&quot;" type="FAILED" />
		<system-out>10:28:37 INFO  ==============================================================
10:28:37 INFO  Id:    docker_plugin_remove
10:28:37 INFO  Dir:   plugin_docker/
10:28:37 INFO  Title: Validate docker plugin remove
10:28:37 INFO  ==============================================================
10:28:38 INFO  Executed sudo&lt;docker_images&gt;, exit status 0
10:28:38 WARN  Grep on /home/pi/actions-runner/_work/thin-edge.io/thin-edge.io/tests/PySys/plugin_docker/docker_plugin_remove/Output/linux/docker_images.out does not contain "registry" failed with 2 matches, first is: "registry            2.7.1               e8a56425636e        5 months ago        22.2MB" ... failed 
10:28:38 WARN  Aborted test due to FAILED outcome
10:28:38 INFO  
10:28:38 INFO  cleanup:
10:28:38 INFO  
10:28:38 INFO  Test duration: 0.89 secs
10:28:38 INFO  Test final outcome:  FAILED
10:28:38 INFO  Test outcome reason: Grep on /home/pi/actions-runner/_work/thin-edge.io/thin-edge.io/tests/PySys/plugin_docker/docker_plugin_remove/Output/linux/docker_images.out does not contain "registry" failed with 2 matches, first is: "registry            2.7.1               e8a56425636e        5 months ago        22.2MB"
10:28:38 INFO  
</system-out>
	</testcase>
</testsuite><testsuite name="docker_plugin_remove_with_version" tests="1" errors="0" failures="1" skipped="0" time="0"><testcase classname="DockerPluginRemoveWithVersionTest" name="docker_plugin_remove_with_version">
		<failure message="FAILED: Grep on /home/pi/actions-runner/_work/thin-edge.io/thin-edge.io/tests/PySys/plugin_docker/docker_plugin_remove_with_version/Output/linux/docker_images.out does not contain &quot;registry&quot; failed with 2 matches, first is: &quot;registry            2.7.1               e8a56425636e        5 months ago        22.2MB&quot;" type="FAILED" />
		<system-out>10:28:38 INFO  ==============================================================
10:28:38 INFO  Id:    docker_plugin_remove_with_version
10:28:38 INFO  Dir:   plugin_docker/
10:28:38 INFO  Title: Validate docker plugin remove with version
10:28:38 INFO  ==============================================================
10:28:39 INFO  Executed sudo&lt;docker_images&gt;, exit status 0
10:28:39 WARN  Grep on /home/pi/actions-runner/_work/thin-edge.io/thin-edge.io/tests/PySys/plugin_docker/docker_plugin_remove_with_version/Output/linux/docker_images.out does not contain "registry" failed with 2 matches, first is: "registry            2.7.1               e8a56425636e        5 months ago        22.2MB" ... failed 
10:28:39 WARN  Aborted test due to FAILED outcome
10:28:39 INFO  
10:28:39 INFO  cleanup:
10:28:39 INFO  
10:28:39 INFO  Test duration: 1.07 secs
10:28:39 INFO  Test final outcome:  FAILED
10:28:39 INFO  Test outcome reason: Grep on /home/pi/actions-runner/_work/thin-edge.io/thin-edge.io/tests/PySys/plugin_docker/docker_plugin_remove_with_version/Output/linux/docker_images.out does not contain "registry" failed with 2 matches, first is: "registry            2.7.1               e8a56425636e        5 months ago        22.2MB"
10:28:39 INFO  
</system-out>
	</testcase>
</testsuite><testsuite name="docker_plugin_update" tests="1" errors="0" failures="1" skipped="0" time="0"><testcase classname="DockerPluginUpdateTest" name="docker_plugin_update">
		<failure message="FAILED: Grep on /home/pi/actions-runner/_work/thin-edge.io/thin-edge.io/tests/PySys/plugin_docker/docker_plugin_update/Output/linux/docker_images.out does not contain &quot;registry&quot; failed with 2 matches, first is: &quot;registry            2.7.1               e8a56425636e        5 months ago        22.2MB&quot;" type="FAILED" />
		<system-out>10:28:39 INFO  ==============================================================
10:28:39 INFO  Id:    docker_plugin_update
10:28:39 INFO  Dir:   plugin_docker/
10:28:39 INFO  Title: Validate docker plugin install updates existing containers
10:28:39 INFO  ==============================================================
10:28:40 INFO  Executed sudo&lt;docker_images&gt;, exit status 0
10:28:40 WARN  Grep on /home/pi/actions-runner/_work/thin-edge.io/thin-edge.io/tests/PySys/plugin_docker/docker_plugin_update/Output/linux/docker_images.out does not contain "registry" failed with 2 matches, first is: "registry            2.7.1               e8a56425636e        5 months ago        22.2MB" ... failed 
10:28:40 WARN  Aborted test due to FAILED outcome
10:28:40 INFO  
10:28:40 INFO  cleanup:
10:28:40 INFO  
10:28:40 INFO  Test duration: 1.05 secs
10:28:40 INFO  Test final outcome:  FAILED
10:28:40 INFO  Test outcome reason: Grep on /home/pi/actions-runner/_work/thin-edge.io/thin-edge.io/tests/PySys/plugin_docker/docker_plugin_update/Output/linux/docker_images.out does not contain "registry" failed with 2 matches, first is: "registry            2.7.1               e8a56425636e        5 months ago        22.2MB"
10:28:40 INFO  
</system-out>
	</testcase>
</testsuite></testsuites>