<?xml version='1.0' encoding='utf-8'?>
<testsuites tests="38" failures="15" errors="0" skipped="0" time="0.0"><testsuite name="SoftwareManagement.sm_apt_install_download_path" tests="1" errors="0" failures="1" skipped="0" time="0"><testcase classname="AptInstallWithDownloadPath" name="SoftwareManagement.sm_apt_install_download_path">
		<failure message="BLOCKED: SystemError: Timeout while waiting for status FAILED or SUCCESSFUL" type="BLOCKED" />
		<system-out>07:02:37 INFO  ==============================================================
07:02:37 INFO  Id:    SoftwareManagement.sm_apt_install_download_path
07:02:37 INFO  Dir:   software_management_end_to_end/
07:02:37 INFO  Title: Install package to directory specified in tedge config set tmp.path
07:02:37 INFO  ==============================================================
07:02:38 INFO  Using sw id database: {'asciijump': '5475369', 'robotfindskitten': '5474869', 'squirrel3': '5475279', 'rolldice': '5152439', 'moon-buggy': '5439204', 'apple': '5495053', 'banana': '5494888', 'cherry': '5495382', 'watermelon': '5494510', 'registry': '8018911', 'hello-world': '8021526', 'docker/getting-started': '8021973', 'alpine': '7991792'}
07:02:38 INFO  EnvironmentC8y Setup
07:02:38 INFO  Executed systemctl&lt;serv_mapper1&gt;, exit status 3
07:02:53 INFO  Executed sudo&lt;tedge_connect_c8y&gt;, exit status 0, duration 14 secs
07:02:55 INFO  Executed sudo&lt;tedge_connect_c8y_test&gt;, exit status 0
07:02:56 INFO  Executed systemctl&lt;serv_mosq2&gt;, exit status 0
07:02:57 INFO  Executed systemctl&lt;serv_mapper3&gt;, exit status 0
07:02:59 INFO  State of current operation: PENDING
07:03:02 INFO  State of current operation: PENDING
07:03:04 INFO  State of current operation: PENDING
07:03:06 INFO  State of current operation: PENDING
07:03:08 INFO  State of current operation: PENDING
07:03:10 INFO  State of current operation: PENDING
07:03:13 INFO  State of current operation: PENDING
07:03:15 INFO  State of current operation: PENDING
07:03:17 INFO  State of current operation: PENDING
07:03:19 INFO  State of current operation: PENDING
07:03:22 INFO  State of current operation: PENDING
07:03:24 INFO  State of current operation: PENDING
07:03:26 INFO  State of current operation: PENDING
07:03:28 INFO  State of current operation: PENDING
07:03:30 INFO  State of current operation: PENDING
07:03:33 INFO  State of current operation: PENDING
07:03:35 INFO  State of current operation: PENDING
07:03:37 INFO  State of current operation: PENDING
07:03:39 INFO  State of current operation: PENDING
07:03:42 INFO  State of current operation: PENDING
07:03:44 INFO  State of current operation: PENDING
07:03:46 INFO  State of current operation: PENDING
07:03:48 INFO  State of current operation: PENDING
07:03:51 INFO  State of current operation: PENDING
07:03:53 INFO  State of current operation: PENDING
07:03:55 INFO  State of current operation: PENDING
07:03:57 INFO  State of current operation: PENDING
07:03:59 INFO  State of current operation: PENDING
07:04:02 INFO  State of current operation: PENDING
07:04:04 INFO  State of current operation: PENDING
07:04:06 INFO  State of current operation: PENDING
07:04:08 INFO  State of current operation: PENDING
07:04:10 INFO  State of current operation: PENDING
07:04:13 INFO  State of current operation: PENDING
07:04:15 INFO  State of current operation: PENDING
07:04:17 INFO  State of current operation: PENDING
07:04:19 INFO  State of current operation: PENDING
07:04:22 INFO  State of current operation: PENDING
07:04:24 INFO  State of current operation: PENDING
07:04:26 INFO  State of current operation: PENDING
07:04:28 INFO  State of current operation: PENDING
07:04:30 INFO  State of current operation: PENDING
07:04:33 INFO  State of current operation: PENDING
07:04:35 INFO  State of current operation: PENDING
07:04:37 INFO  State of current operation: PENDING
07:04:39 INFO  State of current operation: PENDING
07:04:42 INFO  State of current operation: PENDING
07:04:44 INFO  State of current operation: PENDING
07:04:46 INFO  State of current operation: PENDING
07:04:48 INFO  State of current operation: PENDING
07:04:50 INFO  State of current operation: PENDING
07:04:53 INFO  State of current operation: PENDING
07:04:55 INFO  State of current operation: PENDING
07:04:57 INFO  State of current operation: PENDING
07:04:59 INFO  State of current operation: PENDING
07:05:02 INFO  State of current operation: PENDING
07:05:04 INFO  State of current operation: PENDING
07:05:06 INFO  State of current operation: PENDING
07:05:08 INFO  State of current operation: PENDING
07:05:11 INFO  State of current operation: PENDING
07:05:13 INFO  State of current operation: PENDING
07:05:15 WARN  SystemError occurred while running test - Timeout while waiting for status FAILED or SUCCESSFUL
Traceback (most recent call last):
  File "/home/pi/env-pysys/lib/python3.7/site-packages/pysys/baserunner.py", line 1292, in __call__
    self.testObj.setup()
  File "/home/pi/actions-runner/_work/thin-edge.io/thin-edge.io/tests/PySys/software_management_end_to_end/sm_apt_install_download_path/run.py", line 48, in setup
    super().setup()
  File "/home/pi/actions-runner/_work/thin-edge.io/thin-edge.io/tests/PySys/software_management_end_to_end/environment_sm_management.py", line 151, in setup
    self.wait_until_end()
  File "/home/pi/actions-runner/_work/thin-edge.io/thin-edge.io/tests/PySys/software_management_end_to_end/environment_sm_management.py", line 332, in wait_until_end
    self.wait_until_status("FAILED", "SUCCESSFUL")
  File "/home/pi/actions-runner/_work/thin-edge.io/thin-edge.io/tests/PySys/software_management_end_to_end/environment_sm_management.py", line 381, in wait_until_status
    "Timeout while waiting for status %s or %s" % (status, status2)
SystemError: Timeout while waiting for status FAILED or SUCCESSFUL
07:05:16 WARN  SystemError: Timeout while waiting for status FAILED or SUCCESSFUL ... blocked 
07:05:16 INFO  
07:05:16 INFO  cleanup:
07:05:16 INFO  Executed sudo, exit status 0
07:05:17 INFO  Executed sudo, exit status 0
07:05:21 INFO  Executed sudo&lt;tedge_disconnect_c8y&gt;, exit status 0
07:05:21 INFO  Restarting mosquitto too frequently in the last 10 seconds. It was only up for 4 seconds
07:05:21 INFO  Delaying execution by 7 seconds
07:05:42 INFO  Executed sudo&lt;tedge_connect_c8y&gt;, exit status 0, duration 14 secs
07:05:47 INFO  Executed sudo&lt;tedge_disconnect_c8y&gt;, exit status 0
07:05:47 INFO  Executed systemctl&lt;serv_mapper5&gt;, exit status 3
07:05:47 INFO  
07:05:47 INFO  Test duration: 189.92 secs
07:05:47 INFO  Test final outcome:  BLOCKED
07:05:47 INFO  Test outcome reason: SystemError: Timeout while waiting for status FAILED or SUCCESSFUL
07:05:47 INFO  
</system-out>
	</testcase>
</testsuite><testsuite name="SoftwareManagement.sm_apt_install_fail" tests="1" errors="0" failures="1" skipped="0" time="0"><testcase classname="PySysTest" name="SoftwareManagement.sm_apt_install_fail">
		<failure message="BLOCKED: SystemError: Timeout while waiting for status FAILED or SUCCESSFUL" type="BLOCKED" />
		<system-out>07:05:47 INFO  ==============================================================
07:05:47 INFO  Id:    SoftwareManagement.sm_apt_install_fail
07:05:47 INFO  Dir:   software_management_end_to_end/
07:05:47 INFO  Title: Validate end to end behaviour for a failing installation
07:05:47 INFO  ==============================================================
07:05:47 INFO  Using sw id database: {'asciijump': '5475369', 'robotfindskitten': '5474869', 'squirrel3': '5475279', 'rolldice': '5152439', 'moon-buggy': '5439204', 'apple': '5495053', 'banana': '5494888', 'cherry': '5495382', 'watermelon': '5494510', 'registry': '8018911', 'hello-world': '8021526', 'docker/getting-started': '8021973', 'alpine': '7991792'}
07:05:47 INFO  EnvironmentC8y Setup
07:05:48 INFO  Executed systemctl&lt;serv_mapper1&gt;, exit status 3
07:05:48 INFO  Restarting mosquitto too frequently in the last 10 seconds. It was only up for 5 seconds
07:05:48 INFO  Delaying execution by 6 seconds
07:06:09 INFO  Executed sudo&lt;tedge_connect_c8y&gt;, exit status 0, duration 14 secs
07:06:09 INFO  Executed sudo&lt;tedge_connect_c8y_test&gt;, exit status 0
07:06:10 INFO  Executed systemctl&lt;serv_mosq2&gt;, exit status 0
07:06:10 INFO  Executed systemctl&lt;serv_mapper3&gt;, exit status 0
07:06:13 INFO  State of current operation: PENDING
07:06:15 INFO  State of current operation: PENDING
07:06:17 INFO  State of current operation: PENDING
07:06:19 INFO  State of current operation: PENDING
07:06:22 INFO  State of current operation: PENDING
07:06:24 INFO  State of current operation: PENDING
07:06:26 INFO  State of current operation: PENDING
07:06:28 INFO  State of current operation: PENDING
07:06:30 INFO  State of current operation: PENDING
07:06:33 INFO  State of current operation: PENDING
07:06:35 INFO  State of current operation: PENDING
07:06:37 INFO  State of current operation: PENDING
07:06:40 INFO  State of current operation: PENDING
07:06:42 INFO  State of current operation: PENDING
07:06:44 INFO  State of current operation: PENDING
07:06:46 INFO  State of current operation: PENDING
07:06:48 INFO  State of current operation: PENDING
07:06:51 INFO  State of current operation: PENDING
07:06:53 INFO  State of current operation: PENDING
07:06:55 INFO  State of current operation: PENDING
07:06:57 INFO  State of current operation: PENDING
07:07:00 INFO  State of current operation: PENDING
07:07:02 INFO  State of current operation: PENDING
07:07:04 INFO  State of current operation: PENDING
07:07:06 INFO  State of current operation: PENDING
07:07:09 INFO  State of current operation: PENDING
07:07:11 INFO  State of current operation: PENDING
07:07:13 INFO  State of current operation: PENDING
07:07:15 INFO  State of current operation: PENDING
07:07:17 INFO  State of current operation: PENDING
07:07:20 INFO  State of current operation: PENDING
07:07:22 INFO  State of current operation: PENDING
07:07:24 INFO  State of current operation: PENDING
07:07:26 INFO  State of current operation: PENDING
07:07:29 INFO  State of current operation: PENDING
07:07:31 INFO  State of current operation: PENDING
07:07:33 INFO  State of current operation: PENDING
07:07:35 INFO  State of current operation: PENDING
07:07:37 INFO  State of current operation: PENDING
07:07:40 INFO  State of current operation: PENDING
07:07:42 INFO  State of current operation: PENDING
07:07:44 INFO  State of current operation: PENDING
07:07:46 INFO  State of current operation: PENDING
07:07:49 INFO  State of current operation: PENDING
07:07:51 INFO  State of current operation: PENDING
07:07:53 INFO  State of current operation: PENDING
07:07:55 INFO  State of current operation: PENDING
07:07:57 INFO  State of current operation: PENDING
07:08:00 INFO  State of current operation: PENDING
07:08:02 INFO  State of current operation: PENDING
07:08:04 INFO  State of current operation: PENDING
07:08:06 INFO  State of current operation: PENDING
07:08:09 INFO  State of current operation: PENDING
07:08:11 INFO  State of current operation: PENDING
07:08:13 INFO  State of current operation: PENDING
07:08:15 INFO  State of current operation: PENDING
07:08:18 INFO  State of current operation: PENDING
07:08:20 INFO  State of current operation: PENDING
07:08:22 INFO  State of current operation: PENDING
07:08:24 INFO  State of current operation: PENDING
07:08:26 INFO  State of current operation: PENDING
07:08:28 WARN  SystemError occurred while running test - Timeout while waiting for status FAILED or SUCCESSFUL
Traceback (most recent call last):
  File "/home/pi/env-pysys/lib/python3.7/site-packages/pysys/baserunner.py", line 1292, in __call__
    self.testObj.setup()
  File "/home/pi/actions-runner/_work/thin-edge.io/thin-edge.io/tests/PySys/software_management_end_to_end/sm_apt_install_fail/run.py", line 20, in setup
    super().setup()
  File "/home/pi/actions-runner/_work/thin-edge.io/thin-edge.io/tests/PySys/software_management_end_to_end/environment_sm_management.py", line 151, in setup
    self.wait_until_end()
  File "/home/pi/actions-runner/_work/thin-edge.io/thin-edge.io/tests/PySys/software_management_end_to_end/environment_sm_management.py", line 332, in wait_until_end
    self.wait_until_status("FAILED", "SUCCESSFUL")
  File "/home/pi/actions-runner/_work/thin-edge.io/thin-edge.io/tests/PySys/software_management_end_to_end/environment_sm_management.py", line 381, in wait_until_status
    "Timeout while waiting for status %s or %s" % (status, status2)
SystemError: Timeout while waiting for status FAILED or SUCCESSFUL
07:08:28 WARN  SystemError: Timeout while waiting for status FAILED or SUCCESSFUL ... blocked 
07:08:29 INFO  
07:08:29 INFO  cleanup:
07:08:33 INFO  Executed sudo&lt;tedge_disconnect_c8y&gt;, exit status 0
07:08:33 INFO  Executed systemctl&lt;serv_mapper5&gt;, exit status 3
07:08:33 INFO  
07:08:33 INFO  Test duration: 165.95 secs
07:08:33 INFO  Test final outcome:  BLOCKED
07:08:33 INFO  Test outcome reason: SystemError: Timeout while waiting for status FAILED or SUCCESSFUL
07:08:33 INFO  
</system-out>
	</testcase>
</testsuite><testsuite name="SoftwareManagement.sm_apt_install_remove" tests="1" errors="0" failures="1" skipped="0" time="0"><testcase classname="PySysTest" name="SoftwareManagement.sm_apt_install_remove">
		<failure message="BLOCKED: SystemError: Timeout while waiting for status FAILED or SUCCESSFUL" type="BLOCKED" />
		<system-out>07:08:33 INFO  ==============================================================
07:08:33 INFO  Id:    SoftwareManagement.sm_apt_install_remove
07:08:33 INFO  Dir:   software_management_end_to_end/
07:08:33 INFO  Title: Validate end to end behaviour for the apt plugin for installation and removal of packages
07:08:33 INFO  ==============================================================
07:08:33 INFO  Using sw id database: {'asciijump': '5475369', 'robotfindskitten': '5474869', 'squirrel3': '5475279', 'rolldice': '5152439', 'moon-buggy': '5439204', 'apple': '5495053', 'banana': '5494888', 'cherry': '5495382', 'watermelon': '5494510', 'registry': '8018911', 'hello-world': '8021526', 'docker/getting-started': '8021973', 'alpine': '7991792'}
07:08:33 INFO  EnvironmentC8y Setup
07:08:34 INFO  Executed systemctl&lt;serv_mapper1&gt;, exit status 3
07:08:34 INFO  Restarting mosquitto too frequently in the last 10 seconds. It was only up for 5 seconds
07:08:34 INFO  Delaying execution by 6 seconds
07:08:54 INFO  Executed sudo&lt;tedge_connect_c8y&gt;, exit status 0, duration 13 secs
07:08:55 INFO  Executed sudo&lt;tedge_connect_c8y_test&gt;, exit status 0
07:08:56 INFO  Executed systemctl&lt;serv_mosq2&gt;, exit status 0
07:08:56 INFO  Executed systemctl&lt;serv_mapper3&gt;, exit status 0
07:08:58 INFO  State of current operation: PENDING
07:09:01 INFO  State of current operation: PENDING
07:09:03 INFO  State of current operation: PENDING
07:09:05 INFO  State of current operation: PENDING
07:09:07 INFO  State of current operation: PENDING
07:09:09 INFO  State of current operation: PENDING
07:09:12 INFO  State of current operation: PENDING
07:09:14 INFO  State of current operation: PENDING
07:09:16 INFO  State of current operation: PENDING
07:09:18 INFO  State of current operation: PENDING
07:09:21 INFO  State of current operation: PENDING
07:09:23 INFO  State of current operation: PENDING
07:09:25 INFO  State of current operation: PENDING
07:09:27 INFO  State of current operation: PENDING
07:09:29 INFO  State of current operation: PENDING
07:09:32 INFO  State of current operation: PENDING
07:09:34 INFO  State of current operation: PENDING
07:09:36 INFO  State of current operation: PENDING
07:09:38 INFO  State of current operation: PENDING
07:09:41 INFO  State of current operation: PENDING
07:09:43 INFO  State of current operation: PENDING
07:09:45 INFO  State of current operation: PENDING
07:09:47 INFO  State of current operation: PENDING
07:09:49 INFO  State of current operation: PENDING
07:09:52 INFO  State of current operation: PENDING
07:09:54 INFO  State of current operation: PENDING
07:09:56 INFO  State of current operation: PENDING
07:09:58 INFO  State of current operation: PENDING
07:10:01 INFO  State of current operation: PENDING
07:10:03 INFO  State of current operation: PENDING
07:10:05 INFO  State of current operation: PENDING
07:10:07 INFO  State of current operation: PENDING
07:10:10 INFO  State of current operation: PENDING
07:10:12 INFO  State of current operation: PENDING
07:10:14 INFO  State of current operation: PENDING
07:10:16 INFO  State of current operation: PENDING
07:10:18 INFO  State of current operation: PENDING
07:10:21 INFO  State of current operation: PENDING
07:10:23 INFO  State of current operation: PENDING
07:10:25 INFO  State of current operation: PENDING
07:10:27 INFO  State of current operation: PENDING
07:10:30 INFO  State of current operation: PENDING
07:10:32 INFO  State of current operation: PENDING
07:10:34 INFO  State of current operation: PENDING
07:10:36 INFO  State of current operation: PENDING
07:10:38 INFO  State of current operation: PENDING
07:10:41 INFO  State of current operation: PENDING
07:10:43 INFO  State of current operation: PENDING
07:10:45 INFO  State of current operation: PENDING
07:10:47 INFO  State of current operation: PENDING
07:10:50 INFO  State of current operation: PENDING
07:10:52 INFO  State of current operation: PENDING
07:10:54 INFO  State of current operation: PENDING
07:10:56 INFO  State of current operation: PENDING
07:10:58 INFO  State of current operation: PENDING
07:11:01 INFO  State of current operation: PENDING
07:11:03 INFO  State of current operation: PENDING
07:11:05 INFO  State of current operation: PENDING
07:11:07 INFO  State of current operation: PENDING
07:11:10 INFO  State of current operation: PENDING
07:11:12 INFO  State of current operation: PENDING
07:11:14 WARN  SystemError occurred while running test - Timeout while waiting for status FAILED or SUCCESSFUL
Traceback (most recent call last):
  File "/home/pi/env-pysys/lib/python3.7/site-packages/pysys/baserunner.py", line 1292, in __call__
    self.testObj.setup()
  File "/home/pi/actions-runner/_work/thin-edge.io/thin-edge.io/tests/PySys/software_management_end_to_end/sm_apt_install_remove/run.py", line 27, in setup
    super().setup()
  File "/home/pi/actions-runner/_work/thin-edge.io/thin-edge.io/tests/PySys/software_management_end_to_end/environment_sm_management.py", line 151, in setup
    self.wait_until_end()
  File "/home/pi/actions-runner/_work/thin-edge.io/thin-edge.io/tests/PySys/software_management_end_to_end/environment_sm_management.py", line 332, in wait_until_end
    self.wait_until_status("FAILED", "SUCCESSFUL")
  File "/home/pi/actions-runner/_work/thin-edge.io/thin-edge.io/tests/PySys/software_management_end_to_end/environment_sm_management.py", line 381, in wait_until_status
    "Timeout while waiting for status %s or %s" % (status, status2)
SystemError: Timeout while waiting for status FAILED or SUCCESSFUL
07:11:14 WARN  SystemError: Timeout while waiting for status FAILED or SUCCESSFUL ... blocked 
07:11:14 INFO  
07:11:14 INFO  cleanup:
07:11:18 INFO  Executed sudo&lt;tedge_disconnect_c8y&gt;, exit status 0
07:11:19 INFO  Executed systemctl&lt;serv_mapper5&gt;, exit status 3
07:11:19 INFO  
07:11:19 INFO  Test duration: 165.61 secs
07:11:19 INFO  Test final outcome:  BLOCKED
07:11:19 INFO  Test outcome reason: SystemError: Timeout while waiting for status FAILED or SUCCESSFUL
07:11:19 INFO  
</system-out>
	</testcase>
</testsuite><testsuite name="SoftwareManagement.sm_apt_install_remove_default" tests="1" errors="0" failures="1" skipped="0" time="0"><testcase classname="PySysTest" name="SoftwareManagement.sm_apt_install_remove_default">
		<failure message="BLOCKED: SystemError: Timeout while waiting for status FAILED or SUCCESSFUL" type="BLOCKED" />
		<system-out>07:11:19 INFO  ==============================================================
07:11:19 INFO  Id:    SoftwareManagement.sm_apt_install_remove_default
07:11:19 INFO  Dir:   software_management_end_to_end/
07:11:19 INFO  Title: Validate end to end behaviour for the default plugin for installation and removal of packages
07:11:19 INFO  ==============================================================
07:11:19 INFO  Using sw id database: {'asciijump': '5475369', 'robotfindskitten': '5474869', 'squirrel3': '5475279', 'rolldice': '5152439', 'moon-buggy': '5439204', 'apple': '5495053', 'banana': '5494888', 'cherry': '5495382', 'watermelon': '5494510', 'registry': '8018911', 'hello-world': '8021526', 'docker/getting-started': '8021973', 'alpine': '7991792'}
07:11:19 INFO  EnvironmentC8y Setup
07:11:20 INFO  Executed systemctl&lt;serv_mapper1&gt;, exit status 3
07:11:20 INFO  Restarting mosquitto too frequently in the last 10 seconds. It was only up for 5 seconds
07:11:20 INFO  Delaying execution by 6 seconds
07:11:40 INFO  Executed sudo&lt;tedge_connect_c8y&gt;, exit status 0, duration 14 secs
07:11:41 INFO  Executed sudo&lt;tedge_connect_c8y_test&gt;, exit status 0
07:11:41 INFO  Executed systemctl&lt;serv_mosq2&gt;, exit status 0
07:11:42 INFO  Executed systemctl&lt;serv_mapper3&gt;, exit status 0
07:11:44 INFO  State of current operation: PENDING
07:11:46 INFO  State of current operation: PENDING
07:11:48 INFO  State of current operation: PENDING
07:11:51 INFO  State of current operation: PENDING
07:11:53 INFO  State of current operation: PENDING
07:11:55 INFO  State of current operation: PENDING
07:11:57 INFO  State of current operation: PENDING
07:12:00 INFO  State of current operation: PENDING
07:12:02 INFO  State of current operation: PENDING
07:12:04 INFO  State of current operation: PENDING
07:12:06 INFO  State of current operation: PENDING
07:12:09 INFO  State of current operation: PENDING
07:12:11 INFO  State of current operation: PENDING
07:12:13 INFO  State of current operation: PENDING
07:12:15 INFO  State of current operation: PENDING
07:12:17 INFO  State of current operation: PENDING
07:12:20 INFO  State of current operation: PENDING
07:12:22 INFO  State of current operation: PENDING
07:12:24 INFO  State of current operation: PENDING
07:12:26 INFO  State of current operation: PENDING
07:12:29 INFO  State of current operation: PENDING
07:12:31 INFO  State of current operation: PENDING
07:12:33 INFO  State of current operation: PENDING
07:12:35 INFO  State of current operation: PENDING
07:12:37 INFO  State of current operation: PENDING
07:12:40 INFO  State of current operation: PENDING
07:12:42 INFO  State of current operation: PENDING
07:12:44 INFO  State of current operation: PENDING
07:12:46 INFO  State of current operation: PENDING
07:12:49 INFO  State of current operation: PENDING
07:12:51 INFO  State of current operation: PENDING
07:12:53 INFO  State of current operation: PENDING
07:12:55 INFO  State of current operation: PENDING
07:12:58 INFO  State of current operation: PENDING
07:13:00 INFO  State of current operation: PENDING
07:13:02 INFO  State of current operation: PENDING
07:13:04 INFO  State of current operation: PENDING
07:13:06 INFO  State of current operation: PENDING
07:13:09 INFO  State of current operation: PENDING
07:13:11 INFO  State of current operation: PENDING
07:13:13 INFO  State of current operation: PENDING
07:13:15 INFO  State of current operation: PENDING
07:13:18 INFO  State of current operation: PENDING
07:13:20 INFO  State of current operation: PENDING
07:13:22 INFO  State of current operation: PENDING
07:13:24 INFO  State of current operation: PENDING
07:13:26 INFO  State of current operation: PENDING
07:13:29 INFO  State of current operation: PENDING
07:13:31 INFO  State of current operation: PENDING
07:13:33 INFO  State of current operation: PENDING
07:13:35 INFO  State of current operation: PENDING
07:13:37 INFO  State of current operation: PENDING
07:13:40 INFO  State of current operation: PENDING
07:13:42 INFO  State of current operation: PENDING
07:13:44 INFO  State of current operation: PENDING
07:13:46 INFO  State of current operation: PENDING
07:13:49 INFO  State of current operation: PENDING
07:13:51 INFO  State of current operation: PENDING
07:13:53 INFO  State of current operation: PENDING
07:13:55 INFO  State of current operation: PENDING
07:13:57 INFO  State of current operation: PENDING
07:13:59 WARN  SystemError occurred while running test - Timeout while waiting for status FAILED or SUCCESSFUL
Traceback (most recent call last):
  File "/home/pi/env-pysys/lib/python3.7/site-packages/pysys/baserunner.py", line 1292, in __call__
    self.testObj.setup()
  File "/home/pi/actions-runner/_work/thin-edge.io/thin-edge.io/tests/PySys/software_management_end_to_end/sm_apt_install_remove_default/run.py", line 26, in setup
    super().setup()
  File "/home/pi/actions-runner/_work/thin-edge.io/thin-edge.io/tests/PySys/software_management_end_to_end/environment_sm_management.py", line 151, in setup
    self.wait_until_end()
  File "/home/pi/actions-runner/_work/thin-edge.io/thin-edge.io/tests/PySys/software_management_end_to_end/environment_sm_management.py", line 332, in wait_until_end
    self.wait_until_status("FAILED", "SUCCESSFUL")
  File "/home/pi/actions-runner/_work/thin-edge.io/thin-edge.io/tests/PySys/software_management_end_to_end/environment_sm_management.py", line 381, in wait_until_status
    "Timeout while waiting for status %s or %s" % (status, status2)
SystemError: Timeout while waiting for status FAILED or SUCCESSFUL
07:14:00 WARN  SystemError: Timeout while waiting for status FAILED or SUCCESSFUL ... blocked 
07:14:00 INFO  
07:14:00 INFO  cleanup:
07:14:04 INFO  Executed sudo&lt;tedge_disconnect_c8y&gt;, exit status 0
07:14:04 INFO  Executed systemctl&lt;serv_mapper5&gt;, exit status 3
07:14:04 INFO  
07:14:04 INFO  Test duration: 165.42 secs
07:14:04 INFO  Test final outcome:  BLOCKED
07:14:04 INFO  Test outcome reason: SystemError: Timeout while waiting for status FAILED or SUCCESSFUL
07:14:04 INFO  
</system-out>
	</testcase>
</testsuite><testsuite name="SoftwareManagement.sm_apt_install_remove_multiple" tests="1" errors="0" failures="1" skipped="0" time="0"><testcase classname="PySysTest" name="SoftwareManagement.sm_apt_install_remove_multiple">
		<failure message="BLOCKED: SystemError: Timeout while waiting for status FAILED or SUCCESSFUL" type="BLOCKED" />
		<system-out>07:14:05 INFO  ==============================================================
07:14:05 INFO  Id:    SoftwareManagement.sm_apt_install_remove_multiple
07:14:05 INFO  Dir:   software_management_end_to_end/
07:14:05 INFO  Title: Validate end to end behaviour for the apt plugin for multiple packages
07:14:05 INFO  ==============================================================
07:14:05 INFO  Using sw id database: {'asciijump': '5475369', 'robotfindskitten': '5474869', 'squirrel3': '5475279', 'rolldice': '5152439', 'moon-buggy': '5439204', 'apple': '5495053', 'banana': '5494888', 'cherry': '5495382', 'watermelon': '5494510', 'registry': '8018911', 'hello-world': '8021526', 'docker/getting-started': '8021973', 'alpine': '7991792'}
07:14:05 INFO  EnvironmentC8y Setup
07:14:05 INFO  Executed systemctl&lt;serv_mapper1&gt;, exit status 3
07:14:06 INFO  Restarting mosquitto too frequently in the last 10 seconds. It was only up for 6 seconds
07:14:06 INFO  Delaying execution by 5 seconds
07:14:25 INFO  Executed sudo&lt;tedge_connect_c8y&gt;, exit status 0, duration 13 secs
07:14:25 INFO  Executed sudo&lt;tedge_connect_c8y_test&gt;, exit status 0
07:14:26 INFO  Executed systemctl&lt;serv_mosq2&gt;, exit status 0
07:14:26 INFO  Executed systemctl&lt;serv_mapper3&gt;, exit status 0
07:14:29 INFO  State of current operation: PENDING
07:14:31 INFO  State of current operation: PENDING
07:14:33 INFO  State of current operation: PENDING
07:14:35 INFO  State of current operation: PENDING
07:14:37 INFO  State of current operation: PENDING
07:14:40 INFO  State of current operation: PENDING
07:14:42 INFO  State of current operation: PENDING
07:14:44 INFO  State of current operation: PENDING
07:14:46 INFO  State of current operation: PENDING
07:14:49 INFO  State of current operation: PENDING
07:14:51 INFO  State of current operation: PENDING
07:14:53 INFO  State of current operation: PENDING
07:14:55 INFO  State of current operation: PENDING
07:14:58 INFO  State of current operation: PENDING
07:15:00 INFO  State of current operation: PENDING
07:15:02 INFO  State of current operation: PENDING
07:15:04 INFO  State of current operation: PENDING
07:15:07 INFO  State of current operation: PENDING
07:15:09 INFO  State of current operation: PENDING
07:15:11 INFO  State of current operation: PENDING
07:15:13 INFO  State of current operation: PENDING
07:15:15 INFO  State of current operation: PENDING
07:15:18 INFO  State of current operation: PENDING
07:15:20 INFO  State of current operation: PENDING
07:15:22 INFO  State of current operation: PENDING
07:15:24 INFO  State of current operation: PENDING
07:15:27 INFO  State of current operation: PENDING
07:15:29 INFO  State of current operation: PENDING
07:15:31 INFO  State of current operation: PENDING
07:15:33 INFO  State of current operation: PENDING
07:15:35 INFO  State of current operation: PENDING
07:15:38 INFO  State of current operation: PENDING
07:15:40 INFO  State of current operation: PENDING
07:15:42 INFO  State of current operation: PENDING
07:15:44 INFO  State of current operation: PENDING
07:15:47 INFO  State of current operation: PENDING
07:15:49 INFO  State of current operation: PENDING
07:15:51 INFO  State of current operation: PENDING
07:15:53 INFO  State of current operation: PENDING
07:15:56 INFO  State of current operation: PENDING
07:15:58 INFO  State of current operation: PENDING
07:16:00 INFO  State of current operation: PENDING
07:16:02 INFO  State of current operation: PENDING
07:16:04 INFO  State of current operation: PENDING
07:16:07 INFO  State of current operation: PENDING
07:16:09 INFO  State of current operation: PENDING
07:16:11 INFO  State of current operation: PENDING
07:16:13 INFO  State of current operation: PENDING
07:16:16 INFO  State of current operation: PENDING
07:16:18 INFO  State of current operation: PENDING
07:16:20 INFO  State of current operation: PENDING
07:16:22 INFO  State of current operation: PENDING
07:16:25 INFO  State of current operation: PENDING
07:16:27 INFO  State of current operation: PENDING
07:16:29 INFO  State of current operation: PENDING
07:16:31 INFO  State of current operation: PENDING
07:16:33 INFO  State of current operation: PENDING
07:16:36 INFO  State of current operation: PENDING
07:16:38 INFO  State of current operation: PENDING
07:16:40 INFO  State of current operation: PENDING
07:16:42 INFO  State of current operation: PENDING
07:16:44 WARN  SystemError occurred while running test - Timeout while waiting for status FAILED or SUCCESSFUL
Traceback (most recent call last):
  File "/home/pi/env-pysys/lib/python3.7/site-packages/pysys/baserunner.py", line 1292, in __call__
    self.testObj.setup()
  File "/home/pi/actions-runner/_work/thin-edge.io/thin-edge.io/tests/PySys/software_management_end_to_end/sm_apt_install_remove_multiple/run.py", line 52, in setup
    super().setup()
  File "/home/pi/actions-runner/_work/thin-edge.io/thin-edge.io/tests/PySys/software_management_end_to_end/environment_sm_management.py", line 151, in setup
    self.wait_until_end()
  File "/home/pi/actions-runner/_work/thin-edge.io/thin-edge.io/tests/PySys/software_management_end_to_end/environment_sm_management.py", line 332, in wait_until_end
    self.wait_until_status("FAILED", "SUCCESSFUL")
  File "/home/pi/actions-runner/_work/thin-edge.io/thin-edge.io/tests/PySys/software_management_end_to_end/environment_sm_management.py", line 381, in wait_until_status
    "Timeout while waiting for status %s or %s" % (status, status2)
SystemError: Timeout while waiting for status FAILED or SUCCESSFUL
07:16:44 WARN  SystemError: Timeout while waiting for status FAILED or SUCCESSFUL ... blocked 
07:16:44 INFO  
07:16:44 INFO  cleanup:
07:16:49 INFO  Executed sudo&lt;tedge_disconnect_c8y&gt;, exit status 0
07:16:49 INFO  Executed systemctl&lt;serv_mapper5&gt;, exit status 3
07:16:49 INFO  
07:16:49 INFO  Test duration: 164.73 secs
07:16:49 INFO  Test final outcome:  BLOCKED
07:16:49 INFO  Test outcome reason: SystemError: Timeout while waiting for status FAILED or SUCCESSFUL
07:16:49 INFO  
</system-out>
	</testcase>
</testsuite><testsuite name="SoftwareManagement.sm_apt_install_remove_multiple_mixed" tests="1" errors="0" failures="1" skipped="0" time="0"><testcase classname="PySysTest" name="SoftwareManagement.sm_apt_install_remove_multiple_mixed">
		<failure message="BLOCKED: SystemError: Timeout while waiting for status FAILED or SUCCESSFUL" type="BLOCKED" />
		<system-out>07:16:49 INFO  ==============================================================
07:16:49 INFO  Id:    SoftwareManagement.sm_apt_install_remove_multiple_mixed
07:16:49 INFO  Dir:   software_management_end_to_end/
07:16:49 INFO  Title: Validate end to end behaviour for the apt plugin for multiple packages with mixed versions
07:16:49 INFO  ==============================================================
07:16:49 INFO  Using sw id database: {'asciijump': '5475369', 'robotfindskitten': '5474869', 'squirrel3': '5475279', 'rolldice': '5152439', 'moon-buggy': '5439204', 'apple': '5495053', 'banana': '5494888', 'cherry': '5495382', 'watermelon': '5494510', 'registry': '8018911', 'hello-world': '8021526', 'docker/getting-started': '8021973', 'alpine': '7991792'}
07:16:49 INFO  EnvironmentC8y Setup
07:16:50 INFO  Executed systemctl&lt;serv_mapper1&gt;, exit status 3
07:16:50 INFO  Restarting mosquitto too frequently in the last 10 seconds. It was only up for 5 seconds
07:16:50 INFO  Delaying execution by 6 seconds
07:17:11 INFO  Executed sudo&lt;tedge_connect_c8y&gt;, exit status 0, duration 14 secs
07:17:11 INFO  Executed sudo&lt;tedge_connect_c8y_test&gt;, exit status 0
07:17:12 INFO  Executed systemctl&lt;serv_mosq2&gt;, exit status 0
07:17:12 INFO  Executed systemctl&lt;serv_mapper3&gt;, exit status 0
07:17:14 INFO  State of current operation: PENDING
07:17:17 INFO  State of current operation: PENDING
07:17:19 INFO  State of current operation: PENDING
07:17:21 INFO  State of current operation: PENDING
07:17:23 INFO  State of current operation: PENDING
07:17:26 INFO  State of current operation: PENDING
07:17:28 INFO  State of current operation: PENDING
07:17:30 INFO  State of current operation: PENDING
07:17:32 INFO  State of current operation: PENDING
07:17:34 INFO  State of current operation: PENDING
07:17:37 INFO  State of current operation: PENDING
07:17:39 INFO  State of current operation: PENDING
07:17:41 INFO  State of current operation: PENDING
07:17:43 INFO  State of current operation: PENDING
07:17:46 INFO  State of current operation: PENDING
07:17:48 INFO  State of current operation: PENDING
07:17:50 INFO  State of current operation: PENDING
07:17:52 INFO  State of current operation: PENDING
07:17:55 INFO  State of current operation: PENDING
07:17:57 INFO  State of current operation: PENDING
07:17:59 INFO  State of current operation: PENDING
07:18:01 INFO  State of current operation: PENDING
07:18:03 INFO  State of current operation: PENDING
07:18:06 INFO  State of current operation: PENDING
07:18:08 INFO  State of current operation: PENDING
07:18:10 INFO  State of current operation: PENDING
07:18:12 INFO  State of current operation: PENDING
07:18:15 INFO  State of current operation: PENDING
07:18:17 INFO  State of current operation: PENDING
07:18:19 INFO  State of current operation: PENDING
07:18:21 INFO  State of current operation: PENDING
07:18:24 INFO  State of current operation: PENDING
07:18:26 INFO  State of current operation: PENDING
07:18:28 INFO  State of current operation: PENDING
07:18:30 INFO  State of current operation: PENDING
07:18:32 INFO  State of current operation: PENDING
07:18:35 INFO  State of current operation: PENDING
07:18:37 INFO  State of current operation: PENDING
07:18:39 INFO  State of current operation: PENDING
07:18:41 INFO  State of current operation: PENDING
07:18:44 INFO  State of current operation: PENDING
07:18:46 INFO  State of current operation: PENDING
07:18:48 INFO  State of current operation: PENDING
07:18:50 INFO  State of current operation: PENDING
07:18:52 INFO  State of current operation: PENDING
07:18:55 INFO  State of current operation: PENDING
07:18:57 INFO  State of current operation: PENDING
07:18:59 INFO  State of current operation: PENDING
07:19:01 INFO  State of current operation: PENDING
07:19:04 INFO  State of current operation: PENDING
07:19:06 INFO  State of current operation: PENDING
07:19:08 INFO  State of current operation: PENDING
07:19:10 INFO  State of current operation: PENDING
07:19:13 INFO  State of current operation: PENDING
07:19:15 INFO  State of current operation: PENDING
07:19:17 INFO  State of current operation: PENDING
07:19:19 INFO  State of current operation: PENDING
07:19:21 INFO  State of current operation: PENDING
07:19:24 INFO  State of current operation: PENDING
07:19:26 INFO  State of current operation: PENDING
07:19:28 INFO  State of current operation: PENDING
07:19:30 WARN  SystemError occurred while running test - Timeout while waiting for status FAILED or SUCCESSFUL
Traceback (most recent call last):
  File "/home/pi/env-pysys/lib/python3.7/site-packages/pysys/baserunner.py", line 1292, in __call__
    self.testObj.setup()
  File "/home/pi/actions-runner/_work/thin-edge.io/thin-edge.io/tests/PySys/software_management_end_to_end/sm_apt_install_remove_multiple_mixed/run.py", line 73, in setup
    super().setup()
  File "/home/pi/actions-runner/_work/thin-edge.io/thin-edge.io/tests/PySys/software_management_end_to_end/environment_sm_management.py", line 151, in setup
    self.wait_until_end()
  File "/home/pi/actions-runner/_work/thin-edge.io/thin-edge.io/tests/PySys/software_management_end_to_end/environment_sm_management.py", line 332, in wait_until_end
    self.wait_until_status("FAILED", "SUCCESSFUL")
  File "/home/pi/actions-runner/_work/thin-edge.io/thin-edge.io/tests/PySys/software_management_end_to_end/environment_sm_management.py", line 381, in wait_until_status
    "Timeout while waiting for status %s or %s" % (status, status2)
SystemError: Timeout while waiting for status FAILED or SUCCESSFUL
07:19:30 WARN  SystemError: Timeout while waiting for status FAILED or SUCCESSFUL ... blocked 
07:19:30 INFO  
07:19:30 INFO  cleanup:
07:19:34 INFO  Executed sudo&lt;tedge_disconnect_c8y&gt;, exit status 0
07:19:35 INFO  Executed systemctl&lt;serv_mapper5&gt;, exit status 3
07:19:35 INFO  
07:19:35 INFO  Test duration: 165.71 secs
07:19:35 INFO  Test final outcome:  BLOCKED
07:19:35 INFO  Test outcome reason: SystemError: Timeout while waiting for status FAILED or SUCCESSFUL
07:19:35 INFO  
</system-out>
	</testcase>
</testsuite><testsuite name="SoftwareManagement.sm_apt_install_remove_with_version" tests="1" errors="0" failures="1" skipped="0" time="0"><testcase classname="PySysTest" name="SoftwareManagement.sm_apt_install_remove_with_version">
		<failure message="BLOCKED: SystemError: Timeout while waiting for status FAILED or SUCCESSFUL" type="BLOCKED" />
		<system-out>07:19:35 INFO  ==============================================================
07:19:35 INFO  Id:    SoftwareManagement.sm_apt_install_remove_with_version
07:19:35 INFO  Dir:   software_management_end_to_end/
07:19:35 INFO  Title: Validate end to end behaviour for the apt plugin for packages with version
07:19:35 INFO  ==============================================================
07:19:35 INFO  Using sw id database: {'asciijump': '5475369', 'robotfindskitten': '5474869', 'squirrel3': '5475279', 'rolldice': '5152439', 'moon-buggy': '5439204', 'apple': '5495053', 'banana': '5494888', 'cherry': '5495382', 'watermelon': '5494510', 'registry': '8018911', 'hello-world': '8021526', 'docker/getting-started': '8021973', 'alpine': '7991792'}
07:19:35 INFO  EnvironmentC8y Setup
07:19:36 INFO  Executed systemctl&lt;serv_mapper1&gt;, exit status 3
07:19:36 INFO  Restarting mosquitto too frequently in the last 10 seconds. It was only up for 5 seconds
07:19:36 INFO  Delaying execution by 6 seconds
07:19:56 INFO  Executed sudo&lt;tedge_connect_c8y&gt;, exit status 0, duration 14 secs
07:19:57 INFO  Executed sudo&lt;tedge_connect_c8y_test&gt;, exit status 0
07:19:58 INFO  Executed systemctl&lt;serv_mosq2&gt;, exit status 0
07:19:58 INFO  Executed systemctl&lt;serv_mapper3&gt;, exit status 0
07:20:00 INFO  State of current operation: PENDING
07:20:02 INFO  State of current operation: PENDING
07:20:05 INFO  State of current operation: PENDING
07:20:07 INFO  State of current operation: PENDING
07:20:09 INFO  State of current operation: PENDING
07:20:11 INFO  State of current operation: PENDING
07:20:14 INFO  State of current operation: PENDING
07:20:16 INFO  State of current operation: PENDING
07:20:18 INFO  State of current operation: PENDING
07:20:20 INFO  State of current operation: PENDING
07:20:22 INFO  State of current operation: PENDING
07:20:25 INFO  State of current operation: PENDING
07:20:27 INFO  State of current operation: PENDING
07:20:29 INFO  State of current operation: PENDING
07:20:31 INFO  State of current operation: PENDING
07:20:34 INFO  State of current operation: PENDING
07:20:36 INFO  State of current operation: PENDING
07:20:38 INFO  State of current operation: PENDING
07:20:40 INFO  State of current operation: PENDING
07:20:42 INFO  State of current operation: PENDING
07:20:45 INFO  State of current operation: PENDING
07:20:47 INFO  State of current operation: PENDING
07:20:49 INFO  State of current operation: PENDING
07:20:51 INFO  State of current operation: PENDING
07:20:54 INFO  State of current operation: PENDING
07:20:56 INFO  State of current operation: PENDING
07:20:58 INFO  State of current operation: PENDING
07:21:00 INFO  State of current operation: PENDING
07:21:03 INFO  State of current operation: PENDING
07:21:05 INFO  State of current operation: PENDING
07:21:07 INFO  State of current operation: PENDING
07:21:09 INFO  State of current operation: PENDING
07:21:11 INFO  State of current operation: PENDING
07:21:14 INFO  State of current operation: PENDING
07:21:16 INFO  State of current operation: PENDING
07:21:18 INFO  State of current operation: PENDING
07:21:20 INFO  State of current operation: PENDING
07:21:23 INFO  State of current operation: PENDING
07:21:25 INFO  State of current operation: PENDING
07:21:27 INFO  State of current operation: PENDING
07:21:29 INFO  State of current operation: PENDING
07:21:31 INFO  State of current operation: PENDING
07:21:34 INFO  State of current operation: PENDING
07:21:36 INFO  State of current operation: PENDING
07:21:38 INFO  State of current operation: PENDING
07:21:40 INFO  State of current operation: PENDING
07:21:43 INFO  State of current operation: PENDING
07:21:45 INFO  State of current operation: PENDING
07:21:47 INFO  State of current operation: PENDING
07:21:49 INFO  State of current operation: PENDING
07:21:52 INFO  State of current operation: PENDING
07:21:54 INFO  State of current operation: PENDING
07:21:56 INFO  State of current operation: PENDING
07:21:58 INFO  State of current operation: PENDING
07:22:00 INFO  State of current operation: PENDING
07:22:03 INFO  State of current operation: PENDING
07:22:05 INFO  State of current operation: PENDING
07:22:07 INFO  State of current operation: PENDING
07:22:09 INFO  State of current operation: PENDING
07:22:12 INFO  State of current operation: PENDING
07:22:14 INFO  State of current operation: PENDING
07:22:16 WARN  SystemError occurred while running test - Timeout while waiting for status FAILED or SUCCESSFUL
Traceback (most recent call last):
  File "/home/pi/env-pysys/lib/python3.7/site-packages/pysys/baserunner.py", line 1292, in __call__
    self.testObj.setup()
  File "/home/pi/actions-runner/_work/thin-edge.io/thin-edge.io/tests/PySys/software_management_end_to_end/sm_apt_install_remove_with_version/run.py", line 27, in setup
    super().setup()
  File "/home/pi/actions-runner/_work/thin-edge.io/thin-edge.io/tests/PySys/software_management_end_to_end/environment_sm_management.py", line 151, in setup
    self.wait_until_end()
  File "/home/pi/actions-runner/_work/thin-edge.io/thin-edge.io/tests/PySys/software_management_end_to_end/environment_sm_management.py", line 332, in wait_until_end
    self.wait_until_status("FAILED", "SUCCESSFUL")
  File "/home/pi/actions-runner/_work/thin-edge.io/thin-edge.io/tests/PySys/software_management_end_to_end/environment_sm_management.py", line 381, in wait_until_status
    "Timeout while waiting for status %s or %s" % (status, status2)
SystemError: Timeout while waiting for status FAILED or SUCCESSFUL
07:22:16 WARN  SystemError: Timeout while waiting for status FAILED or SUCCESSFUL ... blocked 
07:22:16 INFO  
07:22:16 INFO  cleanup:
07:22:20 INFO  Executed sudo&lt;tedge_disconnect_c8y&gt;, exit status 0
07:22:21 INFO  Executed systemctl&lt;serv_mapper5&gt;, exit status 3
07:22:21 INFO  
07:22:21 INFO  Test duration: 165.51 secs
07:22:21 INFO  Test final outcome:  BLOCKED
07:22:21 INFO  Test outcome reason: SystemError: Timeout while waiting for status FAILED or SUCCESSFUL
07:22:21 INFO  
</system-out>
	</testcase>
</testsuite><testsuite name="apt_fail_noarg" tests="1" errors="0" failures="0" skipped="0" time="0"><testcase classname="AptPluginFailNoArg" name="apt_fail_noarg" />
</testsuite><testsuite name="apt_finalize" tests="1" errors="0" failures="0" skipped="0" time="0"><testcase classname="AptPluginFinalize" name="apt_finalize" />
</testsuite><testsuite name="apt_install" tests="1" errors="0" failures="0" skipped="0" time="0"><testcase classname="AptPluginInstallDense" name="apt_install" />
</testsuite><testsuite name="apt_install_fail" tests="1" errors="0" failures="0" skipped="0" time="0"><testcase classname="AptPluginInstallFail" name="apt_install_fail" />
</testsuite><testsuite name="apt_install_local_file" tests="1" errors="0" failures="0" skipped="0" time="0"><testcase classname="AptPluginInstallFromLocalFile" name="apt_install_local_file" />
</testsuite><testsuite name="apt_install_local_file_fail" tests="1" errors="0" failures="0" skipped="0" time="0"><testcase classname="AptPluginInstallFromLocalFileFail" name="apt_install_local_file_fail" />
</testsuite><testsuite name="apt_install_local_file_with_version" tests="1" errors="0" failures="0" skipped="0" time="0"><testcase classname="AptPluginInstallFromLocalFileWithVersion" name="apt_install_local_file_with_version" />
</testsuite><testsuite name="apt_install_local_file_with_version_fail" tests="1" errors="0" failures="0" skipped="0" time="0"><testcase classname="AptPluginInstallFromLocalFileWithVersionFail" name="apt_install_local_file_with_version_fail" />
</testsuite><testsuite name="apt_list_format" tests="1" errors="0" failures="0" skipped="0" time="0"><testcase classname="AptPluginListFormat" name="apt_list_format" />
</testsuite><testsuite name="apt_prepare" tests="1" errors="0" failures="0" skipped="0" time="0"><testcase classname="AptPluginPrepare" name="apt_prepare" />
</testsuite><testsuite name="apt_prepare_install_finalize" tests="1" errors="0" failures="0" skipped="0" time="0"><testcase classname="AptPluginPrepareInstallFinalize" name="apt_prepare_install_finalize" />
</testsuite><testsuite name="apt_remove" tests="1" errors="0" failures="0" skipped="0" time="0"><testcase classname="AptPluginRemoveDense" name="apt_remove" />
</testsuite><testsuite name="apt_remove_fail" tests="1" errors="0" failures="0" skipped="0" time="0"><testcase classname="AptPluginRemoveFails" name="apt_remove_fail" />
</testsuite><testsuite name="apt_sequence_install_with_version" tests="1" errors="0" failures="0" skipped="0" time="0"><testcase classname="AptPluginPrepInstallWithVersionFinalize" name="apt_sequence_install_with_version" />
</testsuite><testsuite name="apt_sequence_install_with_version_fail" tests="1" errors="0" failures="0" skipped="0" time="0"><testcase classname="AptPluginInstallWithVersionFails" name="apt_sequence_install_with_version_fail" />
</testsuite><testsuite name="apt_sequence_remove" tests="1" errors="0" failures="0" skipped="0" time="0"><testcase classname="AptPluginInstallPrepareRemoveFinalize" name="apt_sequence_remove" />
</testsuite><testsuite name="apt_sequence_remove_with_version" tests="1" errors="0" failures="0" skipped="0" time="0"><testcase classname="AptPluginRemoveWithVersion" name="apt_sequence_remove_with_version" />
</testsuite><testsuite name="apt_sequence_remove_with_version_fail" tests="1" errors="0" failures="0" skipped="0" time="0"><testcase classname="AptPluginRemoveWithVersionFails" name="apt_sequence_remove_with_version_fail" />
</testsuite><testsuite name="apt_update_list" tests="1" errors="0" failures="0" skipped="0" time="0"><testcase classname="AptPluginUpdateList" name="apt_update_list" />
</testsuite><testsuite name="apt_wrong_option" tests="1" errors="0" failures="0" skipped="0" time="0"><testcase classname="AptPluginWrongOption" name="apt_wrong_option" />
</testsuite><testsuite name="SoftwareManagement.Plugin.apama_plugin_install" tests="1" errors="0" failures="0" skipped="0" time="0"><testcase classname="ApamaPluginInstallTest" name="SoftwareManagement.Plugin.apama_plugin_install" />
</testsuite><testsuite name="SoftwareManagement.Plugin.apama_plugin_mon_support" tests="1" errors="0" failures="0" skipped="0" time="0"><testcase classname="ApamaPluginMonSupportTest" name="SoftwareManagement.Plugin.apama_plugin_mon_support" />
</testsuite><testsuite name="SoftwareManagement.Plugin.apama_plugin_remove" tests="1" errors="0" failures="0" skipped="0" time="0"><testcase classname="ApamaPluginRemoveTest" name="SoftwareManagement.Plugin.apama_plugin_remove" />
</testsuite><testsuite name="SoftwareManagement.Plugin.apama_plugin_update" tests="1" errors="0" failures="1" skipped="0" time="0"><testcase classname="ApamaPluginUpdateTest" name="SoftwareManagement.Plugin.apama_plugin_update">
		<failure message="BLOCKED: sudo&lt;plugin_install&gt; returned non-zero exit code 2" type="BLOCKED" />
		<system-out>07:23:38 INFO  ==============================================================
07:23:38 INFO  Id:    SoftwareManagement.Plugin.apama_plugin_update
07:23:38 INFO  Dir:   plugin_apama/
07:23:38 INFO  Title: Validate apama plugin updating one project with another
07:23:38 INFO  ==============================================================
07:23:38 INFO  Assertion that path exists=False for "/etc/tedge/apama/project" ... passed
07:23:38 INFO  Executed sudo&lt;create_project_dir&gt;, exit status 0
07:23:39 INFO  Executed sudo&lt;unzip_apama_project&gt;, exit status 0
07:23:40 INFO  Executed sudo&lt;move_apama_project&gt;, exit status 0
07:23:40 INFO  Executed sudo&lt;restart_apama_service&gt;, exit status 0
07:23:41 INFO  Executed sudo&lt;apama_correlator_wait&gt;, exit status 0
07:23:41 INFO  Assertion that path exists=True for "/etc/tedge/apama/project" ... passed
07:23:42 INFO  Executed sudo&lt;apama_list_monitors&gt;, exit status 0
07:23:42 INFO  Grep on file /home/pi/actions-runner/_work/thin-edge.io/thin-edge.io/tests/PySys/plugin_apama/apama_plugin_update/Output/linux/apama_list_monitors.out ... passed
07:23:42 WARN  Executed sudo&lt;plugin_install&gt;, exit status 2
07:23:42 INFO  Contents of plugin_install.err: 
  ERROR: Directory not empty (os error 39)
  -----

07:23:43 WARN  sudo&lt;plugin_install&gt; returned non-zero exit code 2 ... blocked [run.py:35]
07:23:43 WARN  Aborted test due to BLOCKED outcome
07:23:43 INFO  
07:23:43 INFO  cleanup:
07:23:43 INFO  Removing apama project
07:23:59 INFO  Executed sudo&lt;stop_apama_service&gt;, exit status 0, duration 16 secs
07:24:00 INFO  Executed sudo&lt;remove_apama_project&gt;, exit status 0
07:24:00 INFO  Executed sudo&lt;remove_apama_tmp_dir&gt;, exit status 0
07:24:00 INFO  
07:24:00 INFO  Test duration: 22.37 secs
07:24:00 INFO  Test final outcome:  BLOCKED
07:24:00 INFO  Test outcome reason: sudo&lt;plugin_install&gt; returned non-zero exit code 2
07:24:00 INFO  
</system-out>
	</testcase>
</testsuite><testsuite name="SoftwareManagement.sm_docker_install_remove_multiple" tests="1" errors="0" failures="1" skipped="0" time="0"><testcase classname="SMDockerInstallRemove" name="SoftwareManagement.sm_docker_install_remove_multiple">
		<failure message="BLOCKED: SystemError: Timeout while waiting for status FAILED or SUCCESSFUL" type="BLOCKED" />
		<system-out>07:24:10 INFO  ==============================================================
07:24:10 INFO  Id:    SoftwareManagement.sm_docker_install_remove_multiple
07:24:10 INFO  Dir:   software_management_end_to_end/
07:24:10 INFO  Title: Validate end to end behaviour for the docker plugin for multiple docker images with mixed versions
07:24:10 INFO  ==============================================================
07:24:11 INFO  Using sw id database: {'asciijump': '5475369', 'robotfindskitten': '5474869', 'squirrel3': '5475279', 'rolldice': '5152439', 'moon-buggy': '5439204', 'apple': '5495053', 'banana': '5494888', 'cherry': '5495382', 'watermelon': '5494510', 'registry': '8018911', 'hello-world': '8021526', 'docker/getting-started': '8021973', 'alpine': '7991792'}
07:24:11 INFO  EnvironmentC8y Setup
07:24:12 INFO  Executed systemctl&lt;serv_mapper1&gt;, exit status 3
07:24:26 INFO  Executed sudo&lt;tedge_connect_c8y&gt;, exit status 0, duration 14 secs
07:24:27 INFO  Executed sudo&lt;tedge_connect_c8y_test&gt;, exit status 0
07:24:27 INFO  Executed systemctl&lt;serv_mosq2&gt;, exit status 0
07:24:28 INFO  Executed systemctl&lt;serv_mapper3&gt;, exit status 0
07:24:30 INFO  State of current operation: PENDING
07:24:32 INFO  State of current operation: PENDING
07:24:35 INFO  State of current operation: PENDING
07:24:37 INFO  State of current operation: PENDING
07:24:39 INFO  State of current operation: PENDING
07:24:41 INFO  State of current operation: PENDING
07:24:44 INFO  State of current operation: PENDING
07:24:46 INFO  State of current operation: PENDING
07:24:48 INFO  State of current operation: PENDING
07:24:50 INFO  State of current operation: PENDING
07:24:52 INFO  State of current operation: PENDING
07:24:55 INFO  State of current operation: PENDING
07:24:57 INFO  State of current operation: PENDING
07:24:59 INFO  State of current operation: PENDING
07:25:01 INFO  State of current operation: PENDING
07:25:04 INFO  State of current operation: PENDING
07:25:06 INFO  State of current operation: PENDING
07:25:08 INFO  State of current operation: PENDING
07:25:10 INFO  State of current operation: PENDING
07:25:13 INFO  State of current operation: PENDING
07:25:15 INFO  State of current operation: PENDING
07:25:17 INFO  State of current operation: PENDING
07:25:19 INFO  State of current operation: PENDING
07:25:21 INFO  State of current operation: PENDING
07:25:24 INFO  State of current operation: PENDING
07:25:26 INFO  State of current operation: PENDING
07:25:28 INFO  State of current operation: PENDING
07:25:30 INFO  State of current operation: PENDING
07:25:33 INFO  State of current operation: PENDING
07:25:35 INFO  State of current operation: PENDING
07:25:37 INFO  State of current operation: PENDING
07:25:39 INFO  State of current operation: PENDING
07:25:41 INFO  State of current operation: PENDING
07:25:44 INFO  State of current operation: PENDING
07:25:46 INFO  State of current operation: PENDING
07:25:48 INFO  State of current operation: PENDING
07:25:50 INFO  State of current operation: PENDING
07:25:53 INFO  State of current operation: PENDING
07:25:55 INFO  State of current operation: PENDING
07:25:57 INFO  State of current operation: PENDING
07:25:59 INFO  State of current operation: PENDING
07:26:02 INFO  State of current operation: PENDING
07:26:04 INFO  State of current operation: PENDING
07:26:06 INFO  State of current operation: PENDING
07:26:08 INFO  State of current operation: PENDING
07:26:10 INFO  State of current operation: PENDING
07:26:13 INFO  State of current operation: PENDING
07:26:15 INFO  State of current operation: PENDING
07:26:17 INFO  State of current operation: PENDING
07:26:19 INFO  State of current operation: PENDING
07:26:22 INFO  State of current operation: PENDING
07:26:24 INFO  State of current operation: PENDING
07:26:26 INFO  State of current operation: PENDING
07:26:28 INFO  State of current operation: PENDING
07:26:31 INFO  State of current operation: PENDING
07:26:33 INFO  State of current operation: PENDING
07:26:35 INFO  State of current operation: PENDING
07:26:37 INFO  State of current operation: PENDING
07:26:39 INFO  State of current operation: PENDING
07:26:42 INFO  State of current operation: PENDING
07:26:44 INFO  State of current operation: PENDING
07:26:46 WARN  SystemError occurred while running test - Timeout while waiting for status FAILED or SUCCESSFUL
Traceback (most recent call last):
  File "/home/pi/env-pysys/lib/python3.7/site-packages/pysys/baserunner.py", line 1292, in __call__
    self.testObj.setup()
  File "/home/pi/actions-runner/_work/thin-edge.io/thin-edge.io/tests/PySys/software_management_end_to_end/sm_docker_install_remove_multiple/run.py", line 29, in setup
    super().setup()
  File "/home/pi/actions-runner/_work/thin-edge.io/thin-edge.io/tests/PySys/software_management_end_to_end/environment_sm_management.py", line 151, in setup
    self.wait_until_end()
  File "/home/pi/actions-runner/_work/thin-edge.io/thin-edge.io/tests/PySys/software_management_end_to_end/environment_sm_management.py", line 332, in wait_until_end
    self.wait_until_status("FAILED", "SUCCESSFUL")
  File "/home/pi/actions-runner/_work/thin-edge.io/thin-edge.io/tests/PySys/software_management_end_to_end/environment_sm_management.py", line 381, in wait_until_status
    "Timeout while waiting for status %s or %s" % (status, status2)
SystemError: Timeout while waiting for status FAILED or SUCCESSFUL
07:26:46 WARN  SystemError: Timeout while waiting for status FAILED or SUCCESSFUL ... blocked 
07:26:46 INFO  
07:26:46 INFO  cleanup:
07:26:50 INFO  Executed sudo&lt;tedge_disconnect_c8y&gt;, exit status 0
07:26:51 INFO  Executed systemctl&lt;serv_mapper5&gt;, exit status 3
07:26:51 INFO  
07:26:51 INFO  Test duration: 160.87 secs
07:26:51 INFO  Test final outcome:  BLOCKED
07:26:51 INFO  Test outcome reason: SystemError: Timeout while waiting for status FAILED or SUCCESSFUL
07:26:51 INFO  
</system-out>
	</testcase>
</testsuite><testsuite name="docker_plugin_finalize" tests="1" errors="0" failures="1" skipped="0" time="0"><testcase classname="DockerPluginFinalizeTest" name="docker_plugin_finalize">
		<failure message="FAILED: Grep on /home/pi/actions-runner/_work/thin-edge.io/thin-edge.io/tests/PySys/plugin_docker/docker_plugin_finalize/Output/linux/docker_images.out does not contain &quot;registry&quot; failed with 2 matches, first is: &quot;registry            2.7.1               e8a56425636e        5 months ago        22.2MB&quot;" type="FAILED" />
		<system-out>07:24:04 INFO  ==============================================================
07:24:04 INFO  Id:    docker_plugin_finalize
07:24:04 INFO  Dir:   plugin_docker/
07:24:04 INFO  Title: Validate docker plugin finalize command
07:24:04 INFO  ==============================================================
07:24:05 INFO  Executed sudo&lt;docker_images&gt;, exit status 0
07:24:05 WARN  Grep on /home/pi/actions-runner/_work/thin-edge.io/thin-edge.io/tests/PySys/plugin_docker/docker_plugin_finalize/Output/linux/docker_images.out does not contain "registry" failed with 2 matches, first is: "registry            2.7.1               e8a56425636e        5 months ago        22.2MB" ... failed 
07:24:05 WARN  Aborted test due to FAILED outcome
07:24:05 INFO  
07:24:05 INFO  cleanup:
07:24:05 INFO  
07:24:05 INFO  Test duration: 1.53 secs
07:24:05 INFO  Test final outcome:  FAILED
07:24:05 INFO  Test outcome reason: Grep on /home/pi/actions-runner/_work/thin-edge.io/thin-edge.io/tests/PySys/plugin_docker/docker_plugin_finalize/Output/linux/docker_images.out does not contain "registry" failed with 2 matches, first is: "registry            2.7.1               e8a56425636e        5 months ago        22.2MB"
07:24:05 INFO  
</system-out>
	</testcase>
</testsuite><testsuite name="docker_plugin_install" tests="1" errors="0" failures="1" skipped="0" time="0"><testcase classname="DockerPluginInstallTest" name="docker_plugin_install">
		<failure message="FAILED: Grep on /home/pi/actions-runner/_work/thin-edge.io/thin-edge.io/tests/PySys/plugin_docker/docker_plugin_install/Output/linux/docker_images.out does not contain &quot;registry&quot; failed with 2 matches, first is: &quot;registry            2.7.1               e8a56425636e        5 months ago        22.2MB&quot;" type="FAILED" />
		<system-out>07:24:05 INFO  ==============================================================
07:24:05 INFO  Id:    docker_plugin_install
07:24:05 INFO  Dir:   plugin_docker/
07:24:05 INFO  Title: Validate docker plugin install
07:24:05 INFO  ==============================================================
07:24:06 INFO  Executed sudo&lt;docker_images&gt;, exit status 0
07:24:06 WARN  Grep on /home/pi/actions-runner/_work/thin-edge.io/thin-edge.io/tests/PySys/plugin_docker/docker_plugin_install/Output/linux/docker_images.out does not contain "registry" failed with 2 matches, first is: "registry            2.7.1               e8a56425636e        5 months ago        22.2MB" ... failed 
07:24:06 WARN  Aborted test due to FAILED outcome
07:24:06 INFO  
07:24:06 INFO  cleanup:
07:24:06 INFO  
07:24:06 INFO  Test duration: 0.95 secs
07:24:06 INFO  Test final outcome:  FAILED
07:24:06 INFO  Test outcome reason: Grep on /home/pi/actions-runner/_work/thin-edge.io/thin-edge.io/tests/PySys/plugin_docker/docker_plugin_install/Output/linux/docker_images.out does not contain "registry" failed with 2 matches, first is: "registry            2.7.1               e8a56425636e        5 months ago        22.2MB"
07:24:06 INFO  
</system-out>
	</testcase>
</testsuite><testsuite name="docker_plugin_install_with_version" tests="1" errors="0" failures="1" skipped="0" time="0"><testcase classname="DockerPluginInstallWithVersionTest" name="docker_plugin_install_with_version">
		<failure message="FAILED: Grep on /home/pi/actions-runner/_work/thin-edge.io/thin-edge.io/tests/PySys/plugin_docker/docker_plugin_install_with_version/Output/linux/docker_images.out does not contain &quot;registry&quot; failed with 2 matches, first is: &quot;registry            2.7.1               e8a56425636e        5 months ago        22.2MB&quot;" type="FAILED" />
		<system-out>07:24:06 INFO  ==============================================================
07:24:06 INFO  Id:    docker_plugin_install_with_version
07:24:06 INFO  Dir:   plugin_docker/
07:24:06 INFO  Title: Validate docker plugin install
07:24:06 INFO  ==============================================================
07:24:07 INFO  Executed sudo&lt;docker_images&gt;, exit status 0
07:24:07 WARN  Grep on /home/pi/actions-runner/_work/thin-edge.io/thin-edge.io/tests/PySys/plugin_docker/docker_plugin_install_with_version/Output/linux/docker_images.out does not contain "registry" failed with 2 matches, first is: "registry            2.7.1               e8a56425636e        5 months ago        22.2MB" ... failed 
07:24:07 WARN  Aborted test due to FAILED outcome
07:24:07 INFO  
07:24:07 INFO  cleanup:
07:24:07 INFO  
07:24:07 INFO  Test duration: 0.89 secs
07:24:07 INFO  Test final outcome:  FAILED
07:24:07 INFO  Test outcome reason: Grep on /home/pi/actions-runner/_work/thin-edge.io/thin-edge.io/tests/PySys/plugin_docker/docker_plugin_install_with_version/Output/linux/docker_images.out does not contain "registry" failed with 2 matches, first is: "registry            2.7.1               e8a56425636e        5 months ago        22.2MB"
07:24:07 INFO  
</system-out>
	</testcase>
</testsuite><testsuite name="docker_plugin_remove" tests="1" errors="0" failures="1" skipped="0" time="0"><testcase classname="DockerPluginRemoveTest" name="docker_plugin_remove">
		<failure message="FAILED: Grep on /home/pi/actions-runner/_work/thin-edge.io/thin-edge.io/tests/PySys/plugin_docker/docker_plugin_remove/Output/linux/docker_images.out does not contain &quot;registry&quot; failed with 2 matches, first is: &quot;registry            2.7.1               e8a56425636e        5 months ago        22.2MB&quot;" type="FAILED" />
		<system-out>07:24:07 INFO  ==============================================================
07:24:07 INFO  Id:    docker_plugin_remove
07:24:07 INFO  Dir:   plugin_docker/
07:24:07 INFO  Title: Validate docker plugin remove
07:24:07 INFO  ==============================================================
07:24:08 INFO  Executed sudo&lt;docker_images&gt;, exit status 0
07:24:08 WARN  Grep on /home/pi/actions-runner/_work/thin-edge.io/thin-edge.io/tests/PySys/plugin_docker/docker_plugin_remove/Output/linux/docker_images.out does not contain "registry" failed with 2 matches, first is: "registry            2.7.1               e8a56425636e        5 months ago        22.2MB" ... failed 
07:24:08 WARN  Aborted test due to FAILED outcome
07:24:08 INFO  
07:24:08 INFO  cleanup:
07:24:08 INFO  
07:24:08 INFO  Test duration: 0.89 secs
07:24:08 INFO  Test final outcome:  FAILED
07:24:08 INFO  Test outcome reason: Grep on /home/pi/actions-runner/_work/thin-edge.io/thin-edge.io/tests/PySys/plugin_docker/docker_plugin_remove/Output/linux/docker_images.out does not contain "registry" failed with 2 matches, first is: "registry            2.7.1               e8a56425636e        5 months ago        22.2MB"
07:24:08 INFO  
</system-out>
	</testcase>
</testsuite><testsuite name="docker_plugin_remove_with_version" tests="1" errors="0" failures="1" skipped="0" time="0"><testcase classname="DockerPluginRemoveWithVersionTest" name="docker_plugin_remove_with_version">
		<failure message="FAILED: Grep on /home/pi/actions-runner/_work/thin-edge.io/thin-edge.io/tests/PySys/plugin_docker/docker_plugin_remove_with_version/Output/linux/docker_images.out does not contain &quot;registry&quot; failed with 2 matches, first is: &quot;registry            2.7.1               e8a56425636e        5 months ago        22.2MB&quot;" type="FAILED" />
		<system-out>07:24:08 INFO  ==============================================================
07:24:08 INFO  Id:    docker_plugin_remove_with_version
07:24:08 INFO  Dir:   plugin_docker/
07:24:08 INFO  Title: Validate docker plugin remove with version
07:24:08 INFO  ==============================================================
07:24:09 INFO  Executed sudo&lt;docker_images&gt;, exit status 0
07:24:09 WARN  Grep on /home/pi/actions-runner/_work/thin-edge.io/thin-edge.io/tests/PySys/plugin_docker/docker_plugin_remove_with_version/Output/linux/docker_images.out does not contain "registry" failed with 2 matches, first is: "registry            2.7.1               e8a56425636e        5 months ago        22.2MB" ... failed 
07:24:09 WARN  Aborted test due to FAILED outcome
07:24:09 INFO  
07:24:09 INFO  cleanup:
07:24:09 INFO  
07:24:09 INFO  Test duration: 0.89 secs
07:24:09 INFO  Test final outcome:  FAILED
07:24:09 INFO  Test outcome reason: Grep on /home/pi/actions-runner/_work/thin-edge.io/thin-edge.io/tests/PySys/plugin_docker/docker_plugin_remove_with_version/Output/linux/docker_images.out does not contain "registry" failed with 2 matches, first is: "registry            2.7.1               e8a56425636e        5 months ago        22.2MB"
07:24:09 INFO  
</system-out>
	</testcase>
</testsuite><testsuite name="docker_plugin_update" tests="1" errors="0" failures="1" skipped="0" time="0"><testcase classname="DockerPluginUpdateTest" name="docker_plugin_update">
		<failure message="FAILED: Grep on /home/pi/actions-runner/_work/thin-edge.io/thin-edge.io/tests/PySys/plugin_docker/docker_plugin_update/Output/linux/docker_images.out does not contain &quot;registry&quot; failed with 2 matches, first is: &quot;registry            2.7.1               e8a56425636e        5 months ago        22.2MB&quot;" type="FAILED" />
		<system-out>07:24:09 INFO  ==============================================================
07:24:09 INFO  Id:    docker_plugin_update
07:24:09 INFO  Dir:   plugin_docker/
07:24:09 INFO  Title: Validate docker plugin install updates existing containers
07:24:09 INFO  ==============================================================
07:24:10 INFO  Executed sudo&lt;docker_images&gt;, exit status 0
07:24:10 WARN  Grep on /home/pi/actions-runner/_work/thin-edge.io/thin-edge.io/tests/PySys/plugin_docker/docker_plugin_update/Output/linux/docker_images.out does not contain "registry" failed with 2 matches, first is: "registry            2.7.1               e8a56425636e        5 months ago        22.2MB" ... failed 
07:24:10 WARN  Aborted test due to FAILED outcome
07:24:10 INFO  
07:24:10 INFO  cleanup:
07:24:10 INFO  
07:24:10 INFO  Test duration: 0.89 secs
07:24:10 INFO  Test final outcome:  FAILED
07:24:10 INFO  Test outcome reason: Grep on /home/pi/actions-runner/_work/thin-edge.io/thin-edge.io/tests/PySys/plugin_docker/docker_plugin_update/Output/linux/docker_images.out does not contain "registry" failed with 2 matches, first is: "registry            2.7.1               e8a56425636e        5 months ago        22.2MB"
07:24:10 INFO  
</system-out>
	</testcase>
</testsuite></testsuites>