<?xml version='1.0' encoding='utf-8'?>
<testsuites tests="149" failures="37" errors="0" skipped="49" time="0.0"><testsuite name="SoftwareManagement.Plugin.apama_plugin_install" tests="3" errors="0" failures="0" skipped="1" time="0"><testcase classname="ApamaPluginInstallTest" name="SoftwareManagement.Plugin.apama_plugin_install">
		<skipped message="SKIPPED: Apama plugin tests are disabled by default. Execute `pysys run` with `-XmyPlatform=container` to run these tests" />
		<system-out>08:57:22 INFO  ==============================================================
08:57:22 INFO  Id:    SoftwareManagement.Plugin.apama_plugin_install
08:57:22 INFO  Dir:   plugin_apama/
08:57:22 INFO  Title: Validate apama plugin install
08:57:22 INFO  ==============================================================
08:57:22 INFO  Apama plugin tests are disabled by default. Execute `pysys run` with `-XmyPlatform=container` to run these tests ... skipped
08:57:22 WARN  Aborted test due to SKIPPED outcome
08:57:22 INFO  
08:57:22 INFO  Test duration: 0.04 secs
08:57:22 INFO  Test final outcome:  SKIPPED
08:57:22 INFO  Test outcome reason: Apama plugin tests are disabled by default. Execute `pysys run` with `-XmyPlatform=container` to run these tests
08:57:22 INFO  
</system-out>
	</testcase>
<testcase classname="ApamaPluginInstallTest" name="SoftwareManagement.Plugin.apama_plugin_install" />
<testcase classname="ApamaPluginInstallTest" name="SoftwareManagement.Plugin.apama_plugin_install" />
</testsuite><testsuite name="SoftwareManagement.Plugin.apama_plugin_mon_support" tests="3" errors="0" failures="0" skipped="1" time="0"><testcase classname="ApamaPluginMonSupportTest" name="SoftwareManagement.Plugin.apama_plugin_mon_support">
		<skipped message="SKIPPED: Apama plugin tests are disabled by default. Execute `pysys run` with `-XmyPlatform=container` to run these tests" />
		<system-out>08:57:22 INFO  ==============================================================
08:57:22 INFO  Id:    SoftwareManagement.Plugin.apama_plugin_mon_support
08:57:22 INFO  Dir:   plugin_apama/
08:57:22 INFO  Title: Validate mon file support of apama plugin
08:57:22 INFO  ==============================================================
08:57:22 INFO  Apama plugin tests are disabled by default. Execute `pysys run` with `-XmyPlatform=container` to run these tests ... skipped
08:57:22 WARN  Aborted test due to SKIPPED outcome
08:57:22 INFO  
08:57:22 INFO  Test duration: 0.02 secs
08:57:22 INFO  Test final outcome:  SKIPPED
08:57:22 INFO  Test outcome reason: Apama plugin tests are disabled by default. Execute `pysys run` with `-XmyPlatform=container` to run these tests
08:57:22 INFO  
</system-out>
	</testcase>
<testcase classname="ApamaPluginMonSupportTest" name="SoftwareManagement.Plugin.apama_plugin_mon_support" />
<testcase classname="ApamaPluginMonSupportTest" name="SoftwareManagement.Plugin.apama_plugin_mon_support" />
</testsuite><testsuite name="SoftwareManagement.Plugin.apama_plugin_remove" tests="3" errors="0" failures="0" skipped="1" time="0"><testcase classname="ApamaPluginRemoveTest" name="SoftwareManagement.Plugin.apama_plugin_remove">
		<skipped message="SKIPPED: Apama plugin tests are disabled by default. Execute `pysys run` with `-XmyPlatform=container` to run these tests" />
		<system-out>08:57:22 INFO  ==============================================================
08:57:22 INFO  Id:    SoftwareManagement.Plugin.apama_plugin_remove
08:57:22 INFO  Dir:   plugin_apama/
08:57:22 INFO  Title: Validate apama plugin remove
08:57:22 INFO  ==============================================================
08:57:22 INFO  Apama plugin tests are disabled by default. Execute `pysys run` with `-XmyPlatform=container` to run these tests ... skipped
08:57:22 WARN  Aborted test due to SKIPPED outcome
08:57:23 INFO  
08:57:23 INFO  Test duration: 0.03 secs
08:57:23 INFO  Test final outcome:  SKIPPED
08:57:23 INFO  Test outcome reason: Apama plugin tests are disabled by default. Execute `pysys run` with `-XmyPlatform=container` to run these tests
08:57:23 INFO  
</system-out>
	</testcase>
<testcase classname="ApamaPluginRemoveTest" name="SoftwareManagement.Plugin.apama_plugin_remove" />
<testcase classname="ApamaPluginRemoveTest" name="SoftwareManagement.Plugin.apama_plugin_remove" />
</testsuite><testsuite name="SoftwareManagement.Plugin.apama_plugin_update" tests="3" errors="0" failures="2" skipped="1" time="0"><testcase classname="ApamaPluginUpdateTest" name="SoftwareManagement.Plugin.apama_plugin_update">
		<skipped message="SKIPPED: Apama plugin tests are disabled by default. Execute `pysys run` with `-XmyPlatform=container` to run these tests" />
		<system-out>08:57:23 INFO  ==============================================================
08:57:23 INFO  Id:    SoftwareManagement.Plugin.apama_plugin_update
08:57:23 INFO  Dir:   plugin_apama/
08:57:23 INFO  Title: Validate apama plugin updating one project with another
08:57:23 INFO  ==============================================================
08:57:23 INFO  Apama plugin tests are disabled by default. Execute `pysys run` with `-XmyPlatform=container` to run these tests ... skipped
08:57:23 WARN  Aborted test due to SKIPPED outcome
08:57:23 INFO  
08:57:23 INFO  Test duration: 0.02 secs
08:57:23 INFO  Test final outcome:  SKIPPED
08:57:23 INFO  Test outcome reason: Apama plugin tests are disabled by default. Execute `pysys run` with `-XmyPlatform=container` to run these tests
08:57:23 INFO  
</system-out>
	</testcase>
<testcase classname="ApamaPluginUpdateTest" name="SoftwareManagement.Plugin.apama_plugin_update">
		<failure message="BLOCKED: sudo&lt;plugin_install&gt; returned non-zero exit code 2" type="BLOCKED" />
		<system-out>09:50:31 INFO  ==============================================================
09:50:31 INFO  Id:    SoftwareManagement.Plugin.apama_plugin_update
09:50:31 INFO  Dir:   plugin_apama/
09:50:31 INFO  Title: Validate apama plugin updating one project with another
09:50:31 INFO  ==============================================================
09:50:31 INFO  Assertion that path exists=False for "/etc/tedge/apama/project" ... passed
09:50:32 INFO  Executed sudo&lt;create_project_dir&gt;, exit status 0
09:50:32 INFO  Executed sudo&lt;unzip_apama_project&gt;, exit status 0
09:50:33 INFO  Executed sudo&lt;move_apama_project&gt;, exit status 0
09:50:34 INFO  Executed sudo&lt;restart_apama_service&gt;, exit status 0
09:50:35 INFO  Executed sudo&lt;apama_correlator_wait&gt;, exit status 0
09:50:35 INFO  Assertion that path exists=True for "/etc/tedge/apama/project" ... passed
09:50:35 INFO  Executed sudo&lt;apama_list_monitors&gt;, exit status 0
09:50:35 INFO  Grep on file /home/pi/actions-runner/_work/thin-edge.io/thin-edge.io/tests/PySys/plugin_apama/apama_plugin_update/Output/linux/apama_list_monitors.out ... passed
09:50:36 WARN  Executed sudo&lt;plugin_install&gt;, exit status 2
09:50:36 INFO  Contents of plugin_install.err: 
  ERROR: Directory not empty (os error 39)
  -----

09:50:36 WARN  sudo&lt;plugin_install&gt; returned non-zero exit code 2 ... blocked [run.py:35]
09:50:36 WARN  Aborted test due to BLOCKED outcome
09:50:36 INFO  
09:50:36 INFO  cleanup:
09:50:36 INFO  Removing apama project
09:50:52 INFO  Executed sudo&lt;stop_apama_service&gt;, exit status 0, duration 16 secs
09:50:53 INFO  Executed sudo&lt;remove_apama_project&gt;, exit status 0
09:50:53 INFO  Executed sudo&lt;remove_apama_tmp_dir&gt;, exit status 0
09:50:53 INFO  
09:50:53 INFO  Test duration: 22.21 secs
09:50:53 INFO  Test final outcome:  BLOCKED
09:50:53 INFO  Test outcome reason: sudo&lt;plugin_install&gt; returned non-zero exit code 2
09:50:53 INFO  
</system-out>
	</testcase>
<testcase classname="ApamaPluginUpdateTest" name="SoftwareManagement.Plugin.apama_plugin_update">
		<failure message="BLOCKED: sudo&lt;plugin_install&gt; returned non-zero exit code 2" type="BLOCKED" />
		<system-out>09:55:37 INFO  ==============================================================
09:55:37 INFO  Id:    SoftwareManagement.Plugin.apama_plugin_update
09:55:37 INFO  Dir:   plugin_apama/
09:55:37 INFO  Title: Validate apama plugin updating one project with another
09:55:37 INFO  ==============================================================
09:55:37 INFO  Assertion that path exists=False for "/etc/tedge/apama/project" ... passed
09:55:38 INFO  Executed sudo&lt;create_project_dir&gt;, exit status 0
09:55:38 INFO  Executed sudo&lt;unzip_apama_project&gt;, exit status 0
09:55:39 INFO  Executed sudo&lt;move_apama_project&gt;, exit status 0
09:55:40 INFO  Executed sudo&lt;restart_apama_service&gt;, exit status 0
09:55:40 INFO  Executed sudo&lt;apama_correlator_wait&gt;, exit status 0
09:55:40 INFO  Assertion that path exists=True for "/etc/tedge/apama/project" ... passed
09:55:41 INFO  Executed sudo&lt;apama_list_monitors&gt;, exit status 0
09:55:41 INFO  Grep on file /home/pi/actions-runner/_work/thin-edge.io/thin-edge.io/tests/PySys/plugin_apama/apama_plugin_update/Output/linux/apama_list_monitors.out ... passed
09:55:42 WARN  Executed sudo&lt;plugin_install&gt;, exit status 2
09:55:42 INFO  Contents of plugin_install.err: 
  ERROR: Directory not empty (os error 39)
  -----

09:55:42 WARN  sudo&lt;plugin_install&gt; returned non-zero exit code 2 ... blocked [run.py:35]
09:55:42 WARN  Aborted test due to BLOCKED outcome
09:55:42 INFO  
09:55:42 INFO  cleanup:
09:55:42 INFO  Removing apama project
09:55:59 INFO  Executed sudo&lt;stop_apama_service&gt;, exit status 0, duration 16 secs
09:55:59 INFO  Executed sudo&lt;remove_apama_project&gt;, exit status 0
09:56:00 INFO  Executed sudo&lt;remove_apama_tmp_dir&gt;, exit status 0
09:56:00 INFO  
09:56:00 INFO  Test duration: 22.52 secs
09:56:00 INFO  Test final outcome:  BLOCKED
09:56:00 INFO  Test outcome reason: sudo&lt;plugin_install&gt; returned non-zero exit code 2
09:56:00 INFO  
</system-out>
	</testcase>
</testsuite><testsuite name="SoftwareManagement.sm_apt_install_download_path" tests="3" errors="0" failures="2" skipped="1" time="0"><testcase classname="AptInstallWithDownloadPath" name="SoftwareManagement.sm_apt_install_download_path">
		<skipped message="SKIPPED: Testing the apt plugin is not supported on this platform.Use parameter -XmyPlatform='container' to enable it" />
		<system-out>09:07:05 INFO  ==============================================================
09:07:05 INFO  Id:    SoftwareManagement.sm_apt_install_download_path
09:07:05 INFO  Dir:   software_management_end_to_end/
09:07:05 INFO  Title: Install package to directory specified in tedge config set tmp.path
09:07:05 INFO  ==============================================================
09:07:05 INFO  Testing the apt plugin is not supported on this platform.Use parameter -XmyPlatform='container' to enable it ... skipped
09:07:05 WARN  Aborted test due to SKIPPED outcome
09:07:05 INFO  
09:07:05 INFO  Test duration: 0.08 secs
09:07:05 INFO  Test final outcome:  SKIPPED
09:07:05 INFO  Test outcome reason: Testing the apt plugin is not supported on this platform.Use parameter -XmyPlatform='container' to enable it
09:07:05 INFO  
</system-out>
	</testcase>
<testcase classname="AptInstallWithDownloadPath" name="SoftwareManagement.sm_apt_install_download_path">
		<failure message="BLOCKED: AssertionError:" type="BLOCKED" />
		<system-out>09:31:11 INFO  ==============================================================
09:31:11 INFO  Id:    SoftwareManagement.sm_apt_install_download_path
09:31:11 INFO  Dir:   software_management_end_to_end/
09:31:11 INFO  Title: Install package to directory specified in tedge config set tmp.path
09:31:11 INFO  ==============================================================
09:31:11 INFO  Using sw id database: {'asciijump': '5475369', 'robotfindskitten': '5474869', 'squirrel3': '5475279', 'rolldice': '5152439', 'moon-buggy': '5439204', 'apple': '5495053', 'banana': '5494888', 'cherry': '5495382', 'watermelon': '5494510', 'registry': '8018911', 'hello-world': '8021526', 'docker/getting-started': '8021973', 'alpine': '7991792'}
09:31:11 INFO  EnvironmentC8y Setup
09:31:11 INFO  Executed systemctl&lt;serv_mapper1&gt;, exit status 3
09:31:26 INFO  Executed sudo&lt;tedge_connect_c8y&gt;, exit status 0, duration 14 secs
09:31:28 INFO  Executed sudo&lt;tedge_connect_c8y_test&gt;, exit status 0
09:31:29 INFO  Executed systemctl&lt;serv_mosq2&gt;, exit status 0
09:31:30 INFO  Executed systemctl&lt;serv_mapper3&gt;, exit status 0
09:31:32 INFO  State of current operation: SUCCESSFUL
09:31:32 INFO  Assert that (False == value) with value=False ... passed
09:31:33 INFO  Executed sudo, exit status 0
09:31:33 INFO  Executed sudo, exit status 0
09:31:34 INFO  Executed sudo, exit status 0
09:31:39 INFO  Executed sudo&lt;tedge_disconnect_c8y&gt;, exit status 0
09:31:39 INFO  Restarting mosquitto too frequently in the last 10 seconds. It was only up for 4 seconds
09:31:39 INFO  Delaying execution by 7 seconds
09:32:01 INFO  Executed sudo&lt;tedge_connect_c8y&gt;, exit status 0, duration 14 secs
09:32:01 INFO  Response status: 201
09:32:01 INFO  Response to action: {
    "creationTime": "2022-04-15T09:32:01.387Z",
    "deviceName": "mythicb",
    "deviceId": "17348285",
    "self": "https://t493319102.eu-latest.cumulocity.com/devicecontrol/operations/17367023",
    "id": "17367023",
    "status": "PENDING",
    "description": "Apply software changes, triggered from PySys: [{'name': 'rolldice', 'id': '5152439', 'version': '::apt', 'url': 'https://thin-edge-io.eu-latest.cumulocity.com/inventory/binaries/12435463', 'action': 'install'}]",
    "c8y_SoftwareUpdate": [
        {
            "name": "rolldice",
            "action": "install",
            "id": "5152439",
            "version": "::apt",
            "url": "https://thin-edge-io.eu-latest.cumulocity.com/inventory/binaries/12435463"
        }
    ]
}
09:32:01 INFO  Started operation: {'creationTime': '2022-04-15T09:32:01.387Z', 'deviceName': 'mythicb', 'deviceId': '17348285', 'self': 'https://t493319102.eu-latest.cumulocity.com/devicecontrol/operations/17367023', 'id': '17367023', 'status': 'PENDING', 'description': "Apply software changes, triggered from PySys: [{'name': 'rolldice', 'id': '5152439', 'version': '::apt', 'url': 'https://thin-edge-io.eu-latest.cumulocity.com/inventory/binaries/12435463', 'action': 'install'}]", 'c8y_SoftwareUpdate': [{'name': 'rolldice', 'action': 'install', 'id': '5152439', 'version': '::apt', 'url': 'https://thin-edge-io.eu-latest.cumulocity.com/inventory/binaries/12435463'}]}
09:32:01 WARN  , retrying in 0.5 seconds...
09:32:01 WARN  , retrying in 0.5 seconds...
09:32:02 WARN  , retrying in 0.5 seconds...
09:32:02 WARN  , retrying in 0.5 seconds...
09:32:03 WARN  , retrying in 0.5 seconds...
09:32:03 WARN  , retrying in 0.5 seconds...
09:32:04 WARN  , retrying in 0.5 seconds...
09:32:04 WARN  , retrying in 0.5 seconds...
09:32:05 WARN  , retrying in 0.5 seconds...
09:32:05 WARN  AssertionError occurred while running test - 
Traceback (most recent call last):
  File "/home/pi/env-pysys/lib/python3.7/site-packages/pysys/baserunner.py", line 1294, in __call__
    self.testObj.execute()
  File "/home/pi/actions-runner/_work/thin-edge.io/thin-edge.io/tests/PySys/software_management_end_to_end/sm_apt_install_download_path/run.py", line 83, in execute
    assert_install_in_download_path(install_directory=self.DOWNLOAD_DIR)
  File "/home/pi/env-pysys/lib/python3.7/site-packages/decorator.py", line 232, in fun
    return caller(func, *(extras + args), **kw)
  File "/home/pi/env-pysys/lib/python3.7/site-packages/retry/api.py", line 74, in retry_decorator
    logger)
  File "/home/pi/env-pysys/lib/python3.7/site-packages/retry/api.py", line 33, in __retry_internal
    return f()
  File "/home/pi/actions-runner/_work/thin-edge.io/thin-edge.io/tests/PySys/software_management_end_to_end/sm_apt_install_download_path/run.py", line 28, in assert_install_in_download_path
    assert "rolldice" in os.listdir(f"{install_directory}")
AssertionError
09:32:06 WARN  AssertionError: ... blocked 
09:32:06 INFO  
09:32:06 INFO  cleanup:
09:32:07 INFO  Executed sudo, exit status 0
09:32:07 INFO  Executed sudo, exit status 0
09:32:11 INFO  Executed sudo&lt;tedge_disconnect_c8y&gt;, exit status 0
09:32:12 INFO  Restarting mosquitto too frequently in the last 10 seconds. It was only up for 4 seconds
09:32:12 INFO  Delaying execution by 7 seconds
09:32:33 INFO  Executed sudo&lt;tedge_connect_c8y&gt;, exit status 0, duration 14 secs
09:32:38 INFO  Executed sudo&lt;tedge_disconnect_c8y&gt;, exit status 0
09:32:38 INFO  Executed systemctl&lt;serv_mapper5&gt;, exit status 3
09:32:38 INFO  
09:32:38 INFO  Test duration: 87.91 secs
09:32:38 INFO  Test final outcome:  BLOCKED
09:32:38 INFO  Test outcome reason: AssertionError:
09:32:38 INFO  
</system-out>
	</testcase>
<testcase classname="AptInstallWithDownloadPath" name="SoftwareManagement.sm_apt_install_download_path">
		<failure message="BLOCKED: SystemError: Timeout while waiting for status FAILED or SUCCESSFUL" type="BLOCKED" />
		<system-out>09:56:00 INFO  ==============================================================
09:56:00 INFO  Id:    SoftwareManagement.sm_apt_install_download_path
09:56:00 INFO  Dir:   software_management_end_to_end/
09:56:00 INFO  Title: Install package to directory specified in tedge config set tmp.path
09:56:00 INFO  ==============================================================
09:56:01 INFO  Using sw id database: {'asciijump': '5475369', 'robotfindskitten': '5474869', 'squirrel3': '5475279', 'rolldice': '5152439', 'moon-buggy': '5439204', 'apple': '5495053', 'banana': '5494888', 'cherry': '5495382', 'watermelon': '5494510', 'registry': '8018911', 'hello-world': '8021526', 'docker/getting-started': '8021973', 'alpine': '7991792'}
09:56:01 INFO  EnvironmentC8y Setup
09:56:01 INFO  Executed systemctl&lt;serv_mapper1&gt;, exit status 3
09:56:16 INFO  Executed sudo&lt;tedge_connect_c8y&gt;, exit status 0, duration 14 secs
09:56:17 INFO  Executed sudo&lt;tedge_connect_c8y_test&gt;, exit status 0
09:56:17 INFO  Executed systemctl&lt;serv_mosq2&gt;, exit status 0
09:56:18 INFO  Executed systemctl&lt;serv_mapper3&gt;, exit status 0
09:56:20 INFO  State of current operation: PENDING
09:56:22 INFO  State of current operation: PENDING
09:56:24 INFO  State of current operation: PENDING
09:56:26 INFO  State of current operation: PENDING
09:56:29 INFO  State of current operation: PENDING
09:56:31 INFO  State of current operation: PENDING
09:56:33 INFO  State of current operation: PENDING
09:56:35 INFO  State of current operation: PENDING
09:56:38 INFO  State of current operation: PENDING
09:56:40 INFO  State of current operation: PENDING
09:56:42 INFO  State of current operation: PENDING
09:56:44 INFO  State of current operation: PENDING
09:56:47 INFO  State of current operation: PENDING
09:56:49 INFO  State of current operation: PENDING
09:56:51 INFO  State of current operation: PENDING
09:56:53 INFO  State of current operation: PENDING
09:56:55 INFO  State of current operation: PENDING
09:56:58 INFO  State of current operation: PENDING
09:57:00 INFO  State of current operation: PENDING
09:57:02 INFO  State of current operation: PENDING
09:57:04 INFO  State of current operation: PENDING
09:57:07 INFO  State of current operation: PENDING
09:57:09 INFO  State of current operation: PENDING
09:57:11 INFO  State of current operation: PENDING
09:57:13 INFO  State of current operation: PENDING
09:57:15 INFO  State of current operation: PENDING
09:57:18 INFO  State of current operation: PENDING
09:57:20 INFO  State of current operation: PENDING
09:57:22 INFO  State of current operation: PENDING
09:57:24 INFO  State of current operation: PENDING
09:57:27 INFO  State of current operation: PENDING
09:57:29 INFO  State of current operation: PENDING
09:57:31 INFO  State of current operation: PENDING
09:57:33 INFO  State of current operation: PENDING
09:57:36 INFO  State of current operation: PENDING
09:57:38 INFO  State of current operation: PENDING
09:57:40 INFO  State of current operation: PENDING
09:57:42 INFO  State of current operation: PENDING
09:57:44 INFO  State of current operation: PENDING
09:57:47 INFO  State of current operation: PENDING
09:57:49 INFO  State of current operation: PENDING
09:57:51 INFO  State of current operation: PENDING
09:57:53 INFO  State of current operation: PENDING
09:57:56 INFO  State of current operation: PENDING
09:57:58 INFO  State of current operation: PENDING
09:58:00 INFO  State of current operation: PENDING
09:58:02 INFO  State of current operation: PENDING
09:58:04 INFO  State of current operation: PENDING
09:58:07 INFO  State of current operation: PENDING
09:58:09 INFO  State of current operation: PENDING
09:58:11 INFO  State of current operation: PENDING
09:58:13 INFO  State of current operation: PENDING
09:58:16 INFO  State of current operation: PENDING
09:58:18 INFO  State of current operation: PENDING
09:58:20 INFO  State of current operation: PENDING
09:58:22 INFO  State of current operation: PENDING
09:58:25 INFO  State of current operation: PENDING
09:58:27 INFO  State of current operation: PENDING
09:58:29 INFO  State of current operation: PENDING
09:58:31 INFO  State of current operation: PENDING
09:58:33 INFO  State of current operation: PENDING
09:58:35 WARN  SystemError occurred while running test - Timeout while waiting for status FAILED or SUCCESSFUL
Traceback (most recent call last):
  File "/home/pi/env-pysys/lib/python3.7/site-packages/pysys/baserunner.py", line 1292, in __call__
    self.testObj.setup()
  File "/home/pi/actions-runner/_work/thin-edge.io/thin-edge.io/tests/PySys/software_management_end_to_end/sm_apt_install_download_path/run.py", line 48, in setup
    super().setup()
  File "/home/pi/actions-runner/_work/thin-edge.io/thin-edge.io/tests/PySys/software_management_end_to_end/environment_sm_management.py", line 151, in setup
    self.wait_until_end()
  File "/home/pi/actions-runner/_work/thin-edge.io/thin-edge.io/tests/PySys/software_management_end_to_end/environment_sm_management.py", line 332, in wait_until_end
    self.wait_until_status("FAILED", "SUCCESSFUL")
  File "/home/pi/actions-runner/_work/thin-edge.io/thin-edge.io/tests/PySys/software_management_end_to_end/environment_sm_management.py", line 381, in wait_until_status
    "Timeout while waiting for status %s or %s" % (status, status2)
SystemError: Timeout while waiting for status FAILED or SUCCESSFUL
09:58:36 WARN  SystemError: Timeout while waiting for status FAILED or SUCCESSFUL ... blocked 
09:58:36 INFO  
09:58:36 INFO  cleanup:
09:58:36 INFO  Executed sudo, exit status 0
09:58:37 INFO  Executed sudo, exit status 0
09:58:41 INFO  Executed sudo&lt;tedge_disconnect_c8y&gt;, exit status 0
09:58:41 INFO  Restarting mosquitto too frequently in the last 10 seconds. It was only up for 3 seconds
09:58:41 INFO  Delaying execution by 8 seconds
09:59:04 INFO  Executed sudo&lt;tedge_connect_c8y&gt;, exit status 0, duration 14 secs
09:59:08 INFO  Executed sudo&lt;tedge_disconnect_c8y&gt;, exit status 0
09:59:09 INFO  Executed systemctl&lt;serv_mapper5&gt;, exit status 3
09:59:09 INFO  
09:59:09 INFO  Test duration: 189.12 secs
09:59:09 INFO  Test final outcome:  BLOCKED
09:59:09 INFO  Test outcome reason: SystemError: Timeout while waiting for status FAILED or SUCCESSFUL
09:59:09 INFO  
</system-out>
	</testcase>
</testsuite><testsuite name="SoftwareManagement.sm_apt_install_fail" tests="3" errors="0" failures="2" skipped="1" time="0"><testcase classname="PySysTest" name="SoftwareManagement.sm_apt_install_fail">
		<skipped message="SKIPPED: Testing the apt plugin is not supported on this platform.Use parameter -XmyPlatform='container' to enable it" />
		<system-out>09:07:05 INFO  ==============================================================
09:07:05 INFO  Id:    SoftwareManagement.sm_apt_install_fail
09:07:05 INFO  Dir:   software_management_end_to_end/
09:07:05 INFO  Title: Validate end to end behaviour for a failing installation
09:07:05 INFO  ==============================================================
09:07:05 INFO  Testing the apt plugin is not supported on this platform.Use parameter -XmyPlatform='container' to enable it ... skipped
09:07:05 WARN  Aborted test due to SKIPPED outcome
09:07:05 INFO  
09:07:05 INFO  Test duration: 0.03 secs
09:07:05 INFO  Test final outcome:  SKIPPED
09:07:05 INFO  Test outcome reason: Testing the apt plugin is not supported on this platform.Use parameter -XmyPlatform='container' to enable it
09:07:05 INFO  
</system-out>
	</testcase>
<testcase classname="PySysTest" name="SoftwareManagement.sm_apt_install_fail">
		<failure message="BLOCKED: SystemError: Timeout while waiting for status FAILED or SUCCESSFUL" type="BLOCKED" />
		<system-out>09:32:39 INFO  ==============================================================
09:32:39 INFO  Id:    SoftwareManagement.sm_apt_install_fail
09:32:39 INFO  Dir:   software_management_end_to_end/
09:32:39 INFO  Title: Validate end to end behaviour for a failing installation
09:32:39 INFO  ==============================================================
09:32:39 INFO  Using sw id database: {'asciijump': '5475369', 'robotfindskitten': '5474869', 'squirrel3': '5475279', 'rolldice': '5152439', 'moon-buggy': '5439204', 'apple': '5495053', 'banana': '5494888', 'cherry': '5495382', 'watermelon': '5494510', 'registry': '8018911', 'hello-world': '8021526', 'docker/getting-started': '8021973', 'alpine': '7991792'}
09:32:39 INFO  EnvironmentC8y Setup
09:32:39 INFO  Executed systemctl&lt;serv_mapper1&gt;, exit status 3
09:32:39 INFO  Restarting mosquitto too frequently in the last 10 seconds. It was only up for 5 seconds
09:32:39 INFO  Delaying execution by 6 seconds
09:33:00 INFO  Executed sudo&lt;tedge_connect_c8y&gt;, exit status 0, duration 14 secs
09:33:00 INFO  Executed sudo&lt;tedge_connect_c8y_test&gt;, exit status 0
09:33:01 INFO  Executed systemctl&lt;serv_mosq2&gt;, exit status 0
09:33:01 INFO  Executed systemctl&lt;serv_mapper3&gt;, exit status 0
09:33:04 INFO  State of current operation: PENDING
09:33:06 INFO  State of current operation: PENDING
09:33:08 INFO  State of current operation: PENDING
09:33:10 INFO  State of current operation: PENDING
09:33:12 INFO  State of current operation: PENDING
09:33:15 INFO  State of current operation: PENDING
09:33:17 INFO  State of current operation: PENDING
09:33:19 INFO  State of current operation: PENDING
09:33:21 INFO  State of current operation: PENDING
09:33:24 INFO  State of current operation: PENDING
09:33:26 INFO  State of current operation: PENDING
09:33:28 INFO  State of current operation: PENDING
09:33:30 INFO  State of current operation: PENDING
09:33:33 INFO  State of current operation: PENDING
09:33:35 INFO  State of current operation: PENDING
09:33:37 INFO  State of current operation: PENDING
09:33:39 INFO  State of current operation: PENDING
09:33:41 INFO  State of current operation: PENDING
09:33:44 INFO  State of current operation: PENDING
09:33:46 INFO  State of current operation: PENDING
09:33:48 INFO  State of current operation: PENDING
09:33:50 INFO  State of current operation: PENDING
09:33:53 INFO  State of current operation: PENDING
09:33:55 INFO  State of current operation: PENDING
09:33:57 INFO  State of current operation: PENDING
09:33:59 INFO  State of current operation: PENDING
09:34:01 INFO  State of current operation: PENDING
09:34:04 INFO  State of current operation: PENDING
09:34:06 INFO  State of current operation: PENDING
09:34:08 INFO  State of current operation: PENDING
09:34:10 INFO  State of current operation: PENDING
09:34:13 INFO  State of current operation: PENDING
09:34:15 INFO  State of current operation: PENDING
09:34:17 INFO  State of current operation: PENDING
09:34:20 INFO  State of current operation: PENDING
09:34:22 INFO  State of current operation: PENDING
09:34:24 INFO  State of current operation: PENDING
09:34:26 INFO  State of current operation: PENDING
09:34:28 INFO  State of current operation: PENDING
09:34:31 INFO  State of current operation: PENDING
09:34:33 INFO  State of current operation: PENDING
09:34:35 INFO  State of current operation: PENDING
09:34:37 INFO  State of current operation: PENDING
09:34:40 INFO  State of current operation: PENDING
09:34:42 INFO  State of current operation: PENDING
09:34:44 INFO  State of current operation: PENDING
09:34:46 INFO  State of current operation: PENDING
09:34:48 INFO  State of current operation: PENDING
09:34:51 INFO  State of current operation: PENDING
09:34:53 INFO  State of current operation: PENDING
09:34:55 INFO  State of current operation: PENDING
09:34:57 INFO  State of current operation: PENDING
09:35:00 INFO  State of current operation: PENDING
09:35:02 INFO  State of current operation: PENDING
09:35:04 INFO  State of current operation: PENDING
09:35:06 INFO  State of current operation: PENDING
09:35:09 INFO  State of current operation: PENDING
09:35:11 INFO  State of current operation: PENDING
09:35:13 INFO  State of current operation: PENDING
09:35:15 INFO  State of current operation: PENDING
09:35:18 INFO  State of current operation: PENDING
09:35:20 WARN  SystemError occurred while running test - Timeout while waiting for status FAILED or SUCCESSFUL
Traceback (most recent call last):
  File "/home/pi/env-pysys/lib/python3.7/site-packages/pysys/baserunner.py", line 1292, in __call__
    self.testObj.setup()
  File "/home/pi/actions-runner/_work/thin-edge.io/thin-edge.io/tests/PySys/software_management_end_to_end/sm_apt_install_fail/run.py", line 20, in setup
    super().setup()
  File "/home/pi/actions-runner/_work/thin-edge.io/thin-edge.io/tests/PySys/software_management_end_to_end/environment_sm_management.py", line 151, in setup
    self.wait_until_end()
  File "/home/pi/actions-runner/_work/thin-edge.io/thin-edge.io/tests/PySys/software_management_end_to_end/environment_sm_management.py", line 332, in wait_until_end
    self.wait_until_status("FAILED", "SUCCESSFUL")
  File "/home/pi/actions-runner/_work/thin-edge.io/thin-edge.io/tests/PySys/software_management_end_to_end/environment_sm_management.py", line 381, in wait_until_status
    "Timeout while waiting for status %s or %s" % (status, status2)
SystemError: Timeout while waiting for status FAILED or SUCCESSFUL
09:35:20 WARN  SystemError: Timeout while waiting for status FAILED or SUCCESSFUL ... blocked 
09:35:20 INFO  
09:35:20 INFO  cleanup:
09:35:24 INFO  Executed sudo&lt;tedge_disconnect_c8y&gt;, exit status 0
09:35:24 INFO  Executed systemctl&lt;serv_mapper5&gt;, exit status 3
09:35:24 INFO  
09:35:24 INFO  Test duration: 165.76 secs
09:35:24 INFO  Test final outcome:  BLOCKED
09:35:24 INFO  Test outcome reason: SystemError: Timeout while waiting for status FAILED or SUCCESSFUL
09:35:24 INFO  
</system-out>
	</testcase>
<testcase classname="PySysTest" name="SoftwareManagement.sm_apt_install_fail">
		<failure message="BLOCKED: SystemError: Timeout while waiting for status FAILED or SUCCESSFUL" type="BLOCKED" />
		<system-out>09:59:09 INFO  ==============================================================
09:59:09 INFO  Id:    SoftwareManagement.sm_apt_install_fail
09:59:09 INFO  Dir:   software_management_end_to_end/
09:59:09 INFO  Title: Validate end to end behaviour for a failing installation
09:59:09 INFO  ==============================================================
09:59:09 INFO  Using sw id database: {'asciijump': '5475369', 'robotfindskitten': '5474869', 'squirrel3': '5475279', 'rolldice': '5152439', 'moon-buggy': '5439204', 'apple': '5495053', 'banana': '5494888', 'cherry': '5495382', 'watermelon': '5494510', 'registry': '8018911', 'hello-world': '8021526', 'docker/getting-started': '8021973', 'alpine': '7991792'}
09:59:09 INFO  EnvironmentC8y Setup
09:59:09 INFO  Executed systemctl&lt;serv_mapper1&gt;, exit status 3
09:59:10 INFO  Restarting mosquitto too frequently in the last 10 seconds. It was only up for 5 seconds
09:59:10 INFO  Delaying execution by 6 seconds
09:59:30 INFO  Executed sudo&lt;tedge_connect_c8y&gt;, exit status 0, duration 14 secs
09:59:31 INFO  Executed sudo&lt;tedge_connect_c8y_test&gt;, exit status 0
09:59:32 INFO  Executed systemctl&lt;serv_mosq2&gt;, exit status 0
09:59:32 INFO  Executed systemctl&lt;serv_mapper3&gt;, exit status 0
09:59:34 INFO  State of current operation: PENDING
09:59:37 INFO  State of current operation: PENDING
09:59:39 INFO  State of current operation: PENDING
09:59:41 INFO  State of current operation: PENDING
09:59:43 INFO  State of current operation: PENDING
09:59:45 INFO  State of current operation: PENDING
09:59:48 INFO  State of current operation: PENDING
09:59:50 INFO  State of current operation: PENDING
09:59:52 INFO  State of current operation: PENDING
09:59:54 INFO  State of current operation: PENDING
09:59:57 INFO  State of current operation: PENDING
09:59:59 INFO  State of current operation: PENDING
10:00:01 INFO  State of current operation: PENDING
10:00:03 INFO  State of current operation: PENDING
10:00:05 INFO  State of current operation: PENDING
10:00:08 INFO  State of current operation: PENDING
10:00:10 INFO  State of current operation: PENDING
10:00:12 INFO  State of current operation: PENDING
10:00:14 INFO  State of current operation: PENDING
10:00:17 INFO  State of current operation: PENDING
10:00:19 INFO  State of current operation: PENDING
10:00:21 INFO  State of current operation: PENDING
10:00:23 INFO  State of current operation: PENDING
10:00:26 INFO  State of current operation: PENDING
10:00:28 INFO  State of current operation: PENDING
10:00:30 INFO  State of current operation: PENDING
10:00:32 INFO  State of current operation: PENDING
10:00:34 INFO  State of current operation: PENDING
10:00:37 INFO  State of current operation: PENDING
10:00:39 INFO  State of current operation: PENDING
10:00:41 INFO  State of current operation: PENDING
10:00:43 INFO  State of current operation: PENDING
10:00:46 INFO  State of current operation: PENDING
10:00:48 INFO  State of current operation: PENDING
10:00:50 INFO  State of current operation: PENDING
10:00:52 INFO  State of current operation: PENDING
10:00:55 INFO  State of current operation: PENDING
10:00:57 INFO  State of current operation: PENDING
10:00:59 INFO  State of current operation: PENDING
10:01:01 INFO  State of current operation: PENDING
10:01:03 INFO  State of current operation: PENDING
10:01:06 INFO  State of current operation: PENDING
10:01:08 INFO  State of current operation: PENDING
10:01:10 INFO  State of current operation: PENDING
10:01:12 INFO  State of current operation: PENDING
10:01:15 INFO  State of current operation: PENDING
10:01:17 INFO  State of current operation: PENDING
10:01:19 INFO  State of current operation: PENDING
10:01:21 INFO  State of current operation: PENDING
10:01:24 INFO  State of current operation: PENDING
10:01:26 INFO  State of current operation: PENDING
10:01:28 INFO  State of current operation: PENDING
10:01:31 INFO  State of current operation: PENDING
10:01:33 INFO  State of current operation: PENDING
10:01:35 INFO  State of current operation: PENDING
10:01:37 INFO  State of current operation: PENDING
10:01:39 INFO  State of current operation: PENDING
10:01:42 INFO  State of current operation: PENDING
10:01:44 INFO  State of current operation: PENDING
10:01:46 INFO  State of current operation: PENDING
10:01:49 INFO  State of current operation: PENDING
10:01:51 WARN  SystemError occurred while running test - Timeout while waiting for status FAILED or SUCCESSFUL
Traceback (most recent call last):
  File "/home/pi/env-pysys/lib/python3.7/site-packages/pysys/baserunner.py", line 1292, in __call__
    self.testObj.setup()
  File "/home/pi/actions-runner/_work/thin-edge.io/thin-edge.io/tests/PySys/software_management_end_to_end/sm_apt_install_fail/run.py", line 20, in setup
    super().setup()
  File "/home/pi/actions-runner/_work/thin-edge.io/thin-edge.io/tests/PySys/software_management_end_to_end/environment_sm_management.py", line 151, in setup
    self.wait_until_end()
  File "/home/pi/actions-runner/_work/thin-edge.io/thin-edge.io/tests/PySys/software_management_end_to_end/environment_sm_management.py", line 332, in wait_until_end
    self.wait_until_status("FAILED", "SUCCESSFUL")
  File "/home/pi/actions-runner/_work/thin-edge.io/thin-edge.io/tests/PySys/software_management_end_to_end/environment_sm_management.py", line 381, in wait_until_status
    "Timeout while waiting for status %s or %s" % (status, status2)
SystemError: Timeout while waiting for status FAILED or SUCCESSFUL
10:01:51 WARN  SystemError: Timeout while waiting for status FAILED or SUCCESSFUL ... blocked 
10:01:51 INFO  
10:01:51 INFO  cleanup:
10:01:55 INFO  Executed sudo&lt;tedge_disconnect_c8y&gt;, exit status 0
10:01:55 INFO  Executed systemctl&lt;serv_mapper5&gt;, exit status 3
10:01:55 INFO  
10:01:55 INFO  Test duration: 166.45 secs
10:01:55 INFO  Test final outcome:  BLOCKED
10:01:55 INFO  Test outcome reason: SystemError: Timeout while waiting for status FAILED or SUCCESSFUL
10:01:55 INFO  
</system-out>
	</testcase>
</testsuite><testsuite name="SoftwareManagement.sm_apt_install_remove" tests="3" errors="0" failures="2" skipped="1" time="0"><testcase classname="PySysTest" name="SoftwareManagement.sm_apt_install_remove">
		<skipped message="SKIPPED: Testing the apt plugin is not supported on this platform.Use parameter -XmyPlatform='container' to enable it" />
		<system-out>09:07:05 INFO  ==============================================================
09:07:05 INFO  Id:    SoftwareManagement.sm_apt_install_remove
09:07:05 INFO  Dir:   software_management_end_to_end/
09:07:05 INFO  Title: Validate end to end behaviour for the apt plugin for installation and removal of packages
09:07:05 INFO  ==============================================================
09:07:05 INFO  Testing the apt plugin is not supported on this platform.Use parameter -XmyPlatform='container' to enable it ... skipped
09:07:05 WARN  Aborted test due to SKIPPED outcome
09:07:05 INFO  
09:07:05 INFO  Test duration: 0.05 secs
09:07:05 INFO  Test final outcome:  SKIPPED
09:07:05 INFO  Test outcome reason: Testing the apt plugin is not supported on this platform.Use parameter -XmyPlatform='container' to enable it
09:07:05 INFO  
</system-out>
	</testcase>
<testcase classname="PySysTest" name="SoftwareManagement.sm_apt_install_remove">
		<failure message="BLOCKED: SystemError: Timeout while waiting for status FAILED or SUCCESSFUL" type="BLOCKED" />
		<system-out>09:35:24 INFO  ==============================================================
09:35:24 INFO  Id:    SoftwareManagement.sm_apt_install_remove
09:35:24 INFO  Dir:   software_management_end_to_end/
09:35:24 INFO  Title: Validate end to end behaviour for the apt plugin for installation and removal of packages
09:35:24 INFO  ==============================================================
09:35:24 INFO  Using sw id database: {'asciijump': '5475369', 'robotfindskitten': '5474869', 'squirrel3': '5475279', 'rolldice': '5152439', 'moon-buggy': '5439204', 'apple': '5495053', 'banana': '5494888', 'cherry': '5495382', 'watermelon': '5494510', 'registry': '8018911', 'hello-world': '8021526', 'docker/getting-started': '8021973', 'alpine': '7991792'}
09:35:24 INFO  EnvironmentC8y Setup
09:35:25 INFO  Executed systemctl&lt;serv_mapper1&gt;, exit status 3
09:35:25 INFO  Restarting mosquitto too frequently in the last 10 seconds. It was only up for 5 seconds
09:35:25 INFO  Delaying execution by 6 seconds
09:35:45 INFO  Executed sudo&lt;tedge_connect_c8y&gt;, exit status 0, duration 14 secs
09:35:46 INFO  Executed sudo&lt;tedge_connect_c8y_test&gt;, exit status 0
09:35:46 INFO  Executed systemctl&lt;serv_mosq2&gt;, exit status 0
09:35:47 INFO  Executed systemctl&lt;serv_mapper3&gt;, exit status 0
09:35:49 INFO  State of current operation: PENDING
09:35:51 INFO  State of current operation: PENDING
09:35:54 INFO  State of current operation: PENDING
09:35:56 INFO  State of current operation: PENDING
09:35:58 INFO  State of current operation: PENDING
09:36:00 INFO  State of current operation: PENDING
09:36:02 INFO  State of current operation: PENDING
09:36:05 INFO  State of current operation: PENDING
09:36:07 INFO  State of current operation: PENDING
09:36:09 INFO  State of current operation: PENDING
09:36:11 INFO  State of current operation: PENDING
09:36:14 INFO  State of current operation: PENDING
09:36:16 INFO  State of current operation: PENDING
09:36:18 INFO  State of current operation: PENDING
09:36:20 INFO  State of current operation: PENDING
09:36:23 INFO  State of current operation: PENDING
09:36:25 INFO  State of current operation: PENDING
09:36:27 INFO  State of current operation: PENDING
09:36:29 INFO  State of current operation: PENDING
09:36:31 INFO  State of current operation: PENDING
09:36:34 INFO  State of current operation: PENDING
09:36:36 INFO  State of current operation: PENDING
09:36:38 INFO  State of current operation: PENDING
09:36:40 INFO  State of current operation: PENDING
09:36:43 INFO  State of current operation: PENDING
09:36:45 INFO  State of current operation: PENDING
09:36:47 INFO  State of current operation: PENDING
09:36:49 INFO  State of current operation: PENDING
09:36:52 INFO  State of current operation: PENDING
09:36:54 INFO  State of current operation: PENDING
09:36:56 INFO  State of current operation: PENDING
09:36:58 INFO  State of current operation: PENDING
09:37:00 INFO  State of current operation: PENDING
09:37:03 INFO  State of current operation: PENDING
09:37:05 INFO  State of current operation: PENDING
09:37:07 INFO  State of current operation: PENDING
09:37:09 INFO  State of current operation: PENDING
09:37:12 INFO  State of current operation: PENDING
09:37:14 INFO  State of current operation: PENDING
09:37:16 INFO  State of current operation: PENDING
09:37:18 INFO  State of current operation: PENDING
09:37:21 INFO  State of current operation: PENDING
09:37:23 INFO  State of current operation: PENDING
09:37:25 INFO  State of current operation: PENDING
09:37:27 INFO  State of current operation: PENDING
09:37:29 INFO  State of current operation: PENDING
09:37:32 INFO  State of current operation: PENDING
09:37:34 INFO  State of current operation: PENDING
09:37:36 INFO  State of current operation: PENDING
09:37:38 INFO  State of current operation: PENDING
09:37:41 INFO  State of current operation: PENDING
09:37:43 INFO  State of current operation: PENDING
09:37:45 INFO  State of current operation: PENDING
09:37:47 INFO  State of current operation: PENDING
09:37:49 INFO  State of current operation: PENDING
09:37:52 INFO  State of current operation: PENDING
09:37:54 INFO  State of current operation: PENDING
09:37:56 INFO  State of current operation: PENDING
09:37:58 INFO  State of current operation: PENDING
09:38:01 INFO  State of current operation: PENDING
09:38:03 INFO  State of current operation: PENDING
09:38:05 WARN  SystemError occurred while running test - Timeout while waiting for status FAILED or SUCCESSFUL
Traceback (most recent call last):
  File "/home/pi/env-pysys/lib/python3.7/site-packages/pysys/baserunner.py", line 1292, in __call__
    self.testObj.setup()
  File "/home/pi/actions-runner/_work/thin-edge.io/thin-edge.io/tests/PySys/software_management_end_to_end/sm_apt_install_remove/run.py", line 27, in setup
    super().setup()
  File "/home/pi/actions-runner/_work/thin-edge.io/thin-edge.io/tests/PySys/software_management_end_to_end/environment_sm_management.py", line 151, in setup
    self.wait_until_end()
  File "/home/pi/actions-runner/_work/thin-edge.io/thin-edge.io/tests/PySys/software_management_end_to_end/environment_sm_management.py", line 332, in wait_until_end
    self.wait_until_status("FAILED", "SUCCESSFUL")
  File "/home/pi/actions-runner/_work/thin-edge.io/thin-edge.io/tests/PySys/software_management_end_to_end/environment_sm_management.py", line 381, in wait_until_status
    "Timeout while waiting for status %s or %s" % (status, status2)
SystemError: Timeout while waiting for status FAILED or SUCCESSFUL
09:38:05 WARN  SystemError: Timeout while waiting for status FAILED or SUCCESSFUL ... blocked 
09:38:05 INFO  
09:38:05 INFO  cleanup:
09:38:09 INFO  Executed sudo&lt;tedge_disconnect_c8y&gt;, exit status 0
09:38:10 INFO  Executed systemctl&lt;serv_mapper5&gt;, exit status 3
09:38:10 INFO  
09:38:10 INFO  Test duration: 165.54 secs
09:38:10 INFO  Test final outcome:  BLOCKED
09:38:10 INFO  Test outcome reason: SystemError: Timeout while waiting for status FAILED or SUCCESSFUL
09:38:10 INFO  
</system-out>
	</testcase>
<testcase classname="PySysTest" name="SoftwareManagement.sm_apt_install_remove">
		<failure message="BLOCKED: SystemError: Timeout while waiting for status FAILED or SUCCESSFUL" type="BLOCKED" />
		<system-out>10:01:55 INFO  ==============================================================
10:01:55 INFO  Id:    SoftwareManagement.sm_apt_install_remove
10:01:55 INFO  Dir:   software_management_end_to_end/
10:01:55 INFO  Title: Validate end to end behaviour for the apt plugin for installation and removal of packages
10:01:55 INFO  ==============================================================
10:01:55 INFO  Using sw id database: {'asciijump': '5475369', 'robotfindskitten': '5474869', 'squirrel3': '5475279', 'rolldice': '5152439', 'moon-buggy': '5439204', 'apple': '5495053', 'banana': '5494888', 'cherry': '5495382', 'watermelon': '5494510', 'registry': '8018911', 'hello-world': '8021526', 'docker/getting-started': '8021973', 'alpine': '7991792'}
10:01:55 INFO  EnvironmentC8y Setup
10:01:56 INFO  Executed systemctl&lt;serv_mapper1&gt;, exit status 3
10:01:56 INFO  Restarting mosquitto too frequently in the last 10 seconds. It was only up for 5 seconds
10:01:56 INFO  Delaying execution by 6 seconds
10:02:16 INFO  Executed sudo&lt;tedge_connect_c8y&gt;, exit status 0, duration 14 secs
10:02:17 INFO  Executed sudo&lt;tedge_connect_c8y_test&gt;, exit status 0
10:02:18 INFO  Executed systemctl&lt;serv_mosq2&gt;, exit status 0
10:02:18 INFO  Executed systemctl&lt;serv_mapper3&gt;, exit status 0
10:02:20 INFO  State of current operation: PENDING
10:02:22 INFO  State of current operation: PENDING
10:02:25 INFO  State of current operation: PENDING
10:02:27 INFO  State of current operation: PENDING
10:02:29 INFO  State of current operation: PENDING
10:02:31 INFO  State of current operation: PENDING
10:02:34 INFO  State of current operation: PENDING
10:02:36 INFO  State of current operation: PENDING
10:02:38 INFO  State of current operation: PENDING
10:02:40 INFO  State of current operation: PENDING
10:02:43 INFO  State of current operation: PENDING
10:02:45 INFO  State of current operation: PENDING
10:02:47 INFO  State of current operation: PENDING
10:02:49 INFO  State of current operation: PENDING
10:02:51 INFO  State of current operation: PENDING
10:02:54 INFO  State of current operation: PENDING
10:02:56 INFO  State of current operation: PENDING
10:02:58 INFO  State of current operation: PENDING
10:03:00 INFO  State of current operation: PENDING
10:03:03 INFO  State of current operation: PENDING
10:03:05 INFO  State of current operation: PENDING
10:03:07 INFO  State of current operation: PENDING
10:03:09 INFO  State of current operation: PENDING
10:03:11 INFO  State of current operation: PENDING
10:03:14 INFO  State of current operation: PENDING
10:03:16 INFO  State of current operation: PENDING
10:03:18 INFO  State of current operation: PENDING
10:03:20 INFO  State of current operation: PENDING
10:03:23 INFO  State of current operation: PENDING
10:03:25 INFO  State of current operation: PENDING
10:03:27 INFO  State of current operation: PENDING
10:03:29 INFO  State of current operation: PENDING
10:03:32 INFO  State of current operation: PENDING
10:03:34 INFO  State of current operation: PENDING
10:03:36 INFO  State of current operation: PENDING
10:03:38 INFO  State of current operation: PENDING
10:03:41 INFO  State of current operation: PENDING
10:03:43 INFO  State of current operation: PENDING
10:03:45 INFO  State of current operation: PENDING
10:03:47 INFO  State of current operation: PENDING
10:03:49 INFO  State of current operation: PENDING
10:03:52 INFO  State of current operation: PENDING
10:03:54 INFO  State of current operation: PENDING
10:03:56 INFO  State of current operation: PENDING
10:03:58 INFO  State of current operation: PENDING
10:04:01 INFO  State of current operation: PENDING
10:04:03 INFO  State of current operation: PENDING
10:04:05 INFO  State of current operation: PENDING
10:04:07 INFO  State of current operation: PENDING
10:04:10 INFO  State of current operation: PENDING
10:04:12 INFO  State of current operation: PENDING
10:04:14 INFO  State of current operation: PENDING
10:04:16 INFO  State of current operation: PENDING
10:04:19 INFO  State of current operation: PENDING
10:04:21 INFO  State of current operation: PENDING
10:04:23 INFO  State of current operation: PENDING
10:04:25 INFO  State of current operation: PENDING
10:04:28 INFO  State of current operation: PENDING
10:04:30 INFO  State of current operation: PENDING
10:04:32 INFO  State of current operation: PENDING
10:04:34 INFO  State of current operation: PENDING
10:04:36 WARN  SystemError occurred while running test - Timeout while waiting for status FAILED or SUCCESSFUL
Traceback (most recent call last):
  File "/home/pi/env-pysys/lib/python3.7/site-packages/pysys/baserunner.py", line 1292, in __call__
    self.testObj.setup()
  File "/home/pi/actions-runner/_work/thin-edge.io/thin-edge.io/tests/PySys/software_management_end_to_end/sm_apt_install_remove/run.py", line 27, in setup
    super().setup()
  File "/home/pi/actions-runner/_work/thin-edge.io/thin-edge.io/tests/PySys/software_management_end_to_end/environment_sm_management.py", line 151, in setup
    self.wait_until_end()
  File "/home/pi/actions-runner/_work/thin-edge.io/thin-edge.io/tests/PySys/software_management_end_to_end/environment_sm_management.py", line 332, in wait_until_end
    self.wait_until_status("FAILED", "SUCCESSFUL")
  File "/home/pi/actions-runner/_work/thin-edge.io/thin-edge.io/tests/PySys/software_management_end_to_end/environment_sm_management.py", line 381, in wait_until_status
    "Timeout while waiting for status %s or %s" % (status, status2)
SystemError: Timeout while waiting for status FAILED or SUCCESSFUL
10:04:36 WARN  SystemError: Timeout while waiting for status FAILED or SUCCESSFUL ... blocked 
10:04:36 INFO  
10:04:36 INFO  cleanup:
10:04:40 INFO  Executed sudo&lt;tedge_disconnect_c8y&gt;, exit status 0
10:04:41 INFO  Executed systemctl&lt;serv_mapper5&gt;, exit status 3
10:04:41 INFO  
10:04:41 INFO  Test duration: 165.77 secs
10:04:41 INFO  Test final outcome:  BLOCKED
10:04:41 INFO  Test outcome reason: SystemError: Timeout while waiting for status FAILED or SUCCESSFUL
10:04:41 INFO  
</system-out>
	</testcase>
</testsuite><testsuite name="SoftwareManagement.sm_apt_install_remove_default" tests="3" errors="0" failures="2" skipped="1" time="0"><testcase classname="PySysTest" name="SoftwareManagement.sm_apt_install_remove_default">
		<skipped message="SKIPPED: Testing the apt plugin is not supported on this platform.Use parameter -XmyPlatform='container' to enable it" />
		<system-out>09:07:05 INFO  ==============================================================
09:07:05 INFO  Id:    SoftwareManagement.sm_apt_install_remove_default
09:07:05 INFO  Dir:   software_management_end_to_end/
09:07:05 INFO  Title: Validate end to end behaviour for the default plugin for installation and removal of packages
09:07:05 INFO  ==============================================================
09:07:05 INFO  Testing the apt plugin is not supported on this platform.Use parameter -XmyPlatform='container' to enable it ... skipped
09:07:05 WARN  Aborted test due to SKIPPED outcome
09:07:05 INFO  
09:07:05 INFO  Test duration: 0.04 secs
09:07:05 INFO  Test final outcome:  SKIPPED
09:07:05 INFO  Test outcome reason: Testing the apt plugin is not supported on this platform.Use parameter -XmyPlatform='container' to enable it
09:07:05 INFO  
</system-out>
	</testcase>
<testcase classname="PySysTest" name="SoftwareManagement.sm_apt_install_remove_default">
		<failure message="BLOCKED: SystemError: Timeout while waiting for status FAILED or SUCCESSFUL" type="BLOCKED" />
		<system-out>09:38:10 INFO  ==============================================================
09:38:10 INFO  Id:    SoftwareManagement.sm_apt_install_remove_default
09:38:10 INFO  Dir:   software_management_end_to_end/
09:38:10 INFO  Title: Validate end to end behaviour for the default plugin for installation and removal of packages
09:38:10 INFO  ==============================================================
09:38:10 INFO  Using sw id database: {'asciijump': '5475369', 'robotfindskitten': '5474869', 'squirrel3': '5475279', 'rolldice': '5152439', 'moon-buggy': '5439204', 'apple': '5495053', 'banana': '5494888', 'cherry': '5495382', 'watermelon': '5494510', 'registry': '8018911', 'hello-world': '8021526', 'docker/getting-started': '8021973', 'alpine': '7991792'}
09:38:10 INFO  EnvironmentC8y Setup
09:38:11 INFO  Executed systemctl&lt;serv_mapper1&gt;, exit status 3
09:38:11 INFO  Restarting mosquitto too frequently in the last 10 seconds. It was only up for 5 seconds
09:38:11 INFO  Delaying execution by 6 seconds
09:38:32 INFO  Executed sudo&lt;tedge_connect_c8y&gt;, exit status 0, duration 15 secs
09:38:32 INFO  Executed sudo&lt;tedge_connect_c8y_test&gt;, exit status 0
09:38:33 INFO  Executed systemctl&lt;serv_mosq2&gt;, exit status 0
09:38:33 INFO  Executed systemctl&lt;serv_mapper3&gt;, exit status 0
09:38:35 INFO  State of current operation: PENDING
09:38:38 INFO  State of current operation: PENDING
09:38:40 INFO  State of current operation: PENDING
09:38:42 INFO  State of current operation: PENDING
09:38:44 INFO  State of current operation: PENDING
09:38:47 INFO  State of current operation: PENDING
09:38:49 INFO  State of current operation: PENDING
09:38:51 INFO  State of current operation: PENDING
09:38:53 INFO  State of current operation: PENDING
09:38:55 INFO  State of current operation: PENDING
09:38:58 INFO  State of current operation: PENDING
09:39:00 INFO  State of current operation: PENDING
09:39:02 INFO  State of current operation: PENDING
09:39:04 INFO  State of current operation: PENDING
09:39:07 INFO  State of current operation: PENDING
09:39:09 INFO  State of current operation: PENDING
09:39:11 INFO  State of current operation: PENDING
09:39:13 INFO  State of current operation: PENDING
09:39:16 INFO  State of current operation: PENDING
09:39:18 INFO  State of current operation: PENDING
09:39:20 INFO  State of current operation: PENDING
09:39:22 INFO  State of current operation: PENDING
09:39:24 INFO  State of current operation: PENDING
09:39:27 INFO  State of current operation: PENDING
09:39:29 INFO  State of current operation: PENDING
09:39:31 INFO  State of current operation: PENDING
09:39:33 INFO  State of current operation: PENDING
09:39:36 INFO  State of current operation: PENDING
09:39:38 INFO  State of current operation: PENDING
09:39:40 INFO  State of current operation: PENDING
09:39:42 INFO  State of current operation: PENDING
09:39:44 INFO  State of current operation: PENDING
09:39:47 INFO  State of current operation: PENDING
09:39:49 INFO  State of current operation: PENDING
09:39:51 INFO  State of current operation: PENDING
09:39:54 INFO  State of current operation: PENDING
09:39:56 INFO  State of current operation: PENDING
09:39:58 INFO  State of current operation: PENDING
09:40:00 INFO  State of current operation: PENDING
09:40:02 INFO  State of current operation: PENDING
09:40:05 INFO  State of current operation: PENDING
09:40:07 INFO  State of current operation: PENDING
09:40:09 INFO  State of current operation: PENDING
09:40:11 INFO  State of current operation: PENDING
09:40:14 INFO  State of current operation: PENDING
09:40:16 INFO  State of current operation: PENDING
09:40:18 INFO  State of current operation: PENDING
09:40:20 INFO  State of current operation: PENDING
09:40:23 INFO  State of current operation: PENDING
09:40:25 INFO  State of current operation: PENDING
09:40:27 INFO  State of current operation: PENDING
09:40:29 INFO  State of current operation: PENDING
09:40:32 INFO  State of current operation: PENDING
09:40:34 INFO  State of current operation: PENDING
09:40:36 INFO  State of current operation: PENDING
09:40:38 INFO  State of current operation: PENDING
09:40:40 INFO  State of current operation: PENDING
09:40:43 INFO  State of current operation: PENDING
09:40:45 INFO  State of current operation: PENDING
09:40:47 INFO  State of current operation: PENDING
09:40:49 INFO  State of current operation: PENDING
09:40:51 WARN  SystemError occurred while running test - Timeout while waiting for status FAILED or SUCCESSFUL
Traceback (most recent call last):
  File "/home/pi/env-pysys/lib/python3.7/site-packages/pysys/baserunner.py", line 1292, in __call__
    self.testObj.setup()
  File "/home/pi/actions-runner/_work/thin-edge.io/thin-edge.io/tests/PySys/software_management_end_to_end/sm_apt_install_remove_default/run.py", line 26, in setup
    super().setup()
  File "/home/pi/actions-runner/_work/thin-edge.io/thin-edge.io/tests/PySys/software_management_end_to_end/environment_sm_management.py", line 151, in setup
    self.wait_until_end()
  File "/home/pi/actions-runner/_work/thin-edge.io/thin-edge.io/tests/PySys/software_management_end_to_end/environment_sm_management.py", line 332, in wait_until_end
    self.wait_until_status("FAILED", "SUCCESSFUL")
  File "/home/pi/actions-runner/_work/thin-edge.io/thin-edge.io/tests/PySys/software_management_end_to_end/environment_sm_management.py", line 381, in wait_until_status
    "Timeout while waiting for status %s or %s" % (status, status2)
SystemError: Timeout while waiting for status FAILED or SUCCESSFUL
09:40:51 WARN  SystemError: Timeout while waiting for status FAILED or SUCCESSFUL ... blocked 
09:40:51 INFO  
09:40:51 INFO  cleanup:
09:40:56 INFO  Executed sudo&lt;tedge_disconnect_c8y&gt;, exit status 0
09:40:56 INFO  Executed systemctl&lt;serv_mapper5&gt;, exit status 3
09:40:56 INFO  
09:40:56 INFO  Test duration: 166.22 secs
09:40:56 INFO  Test final outcome:  BLOCKED
09:40:56 INFO  Test outcome reason: SystemError: Timeout while waiting for status FAILED or SUCCESSFUL
09:40:56 INFO  
</system-out>
	</testcase>
<testcase classname="PySysTest" name="SoftwareManagement.sm_apt_install_remove_default">
		<failure message="BLOCKED: SystemError: Timeout while waiting for status FAILED or SUCCESSFUL" type="BLOCKED" />
		<system-out>10:04:41 INFO  ==============================================================
10:04:41 INFO  Id:    SoftwareManagement.sm_apt_install_remove_default
10:04:41 INFO  Dir:   software_management_end_to_end/
10:04:41 INFO  Title: Validate end to end behaviour for the default plugin for installation and removal of packages
10:04:41 INFO  ==============================================================
10:04:41 INFO  Using sw id database: {'asciijump': '5475369', 'robotfindskitten': '5474869', 'squirrel3': '5475279', 'rolldice': '5152439', 'moon-buggy': '5439204', 'apple': '5495053', 'banana': '5494888', 'cherry': '5495382', 'watermelon': '5494510', 'registry': '8018911', 'hello-world': '8021526', 'docker/getting-started': '8021973', 'alpine': '7991792'}
10:04:41 INFO  EnvironmentC8y Setup
10:04:42 INFO  Executed systemctl&lt;serv_mapper1&gt;, exit status 3
10:04:42 INFO  Restarting mosquitto too frequently in the last 10 seconds. It was only up for 5 seconds
10:04:42 INFO  Delaying execution by 6 seconds
10:05:02 INFO  Executed sudo&lt;tedge_connect_c8y&gt;, exit status 0, duration 14 secs
10:05:03 INFO  Executed sudo&lt;tedge_connect_c8y_test&gt;, exit status 0
10:05:03 INFO  Executed systemctl&lt;serv_mosq2&gt;, exit status 0
10:05:04 INFO  Executed systemctl&lt;serv_mapper3&gt;, exit status 0
10:05:06 INFO  State of current operation: PENDING
10:05:08 INFO  State of current operation: PENDING
10:05:11 INFO  State of current operation: PENDING
10:05:13 INFO  State of current operation: PENDING
10:05:15 INFO  State of current operation: PENDING
10:05:17 INFO  State of current operation: PENDING
10:05:19 INFO  State of current operation: PENDING
10:05:22 INFO  State of current operation: PENDING
10:05:24 INFO  State of current operation: PENDING
10:05:26 INFO  State of current operation: PENDING
10:05:28 INFO  State of current operation: PENDING
10:05:31 INFO  State of current operation: PENDING
10:05:33 INFO  State of current operation: PENDING
10:05:35 INFO  State of current operation: PENDING
10:05:37 INFO  State of current operation: PENDING
10:05:40 INFO  State of current operation: PENDING
10:05:42 INFO  State of current operation: PENDING
10:05:44 INFO  State of current operation: PENDING
10:05:46 INFO  State of current operation: PENDING
10:05:49 INFO  State of current operation: PENDING
10:05:51 INFO  State of current operation: PENDING
10:05:53 INFO  State of current operation: PENDING
10:05:55 INFO  State of current operation: PENDING
10:05:58 INFO  State of current operation: PENDING
10:06:00 INFO  State of current operation: PENDING
10:06:02 INFO  State of current operation: PENDING
10:06:04 INFO  State of current operation: PENDING
10:06:06 INFO  State of current operation: PENDING
10:06:09 INFO  State of current operation: PENDING
10:06:11 INFO  State of current operation: PENDING
10:06:13 INFO  State of current operation: PENDING
10:06:15 INFO  State of current operation: PENDING
10:06:18 INFO  State of current operation: PENDING
10:06:20 INFO  State of current operation: PENDING
10:06:22 INFO  State of current operation: PENDING
10:06:24 INFO  State of current operation: PENDING
10:06:27 INFO  State of current operation: PENDING
10:06:29 INFO  State of current operation: PENDING
10:06:31 INFO  State of current operation: PENDING
10:06:33 INFO  State of current operation: PENDING
10:06:35 INFO  State of current operation: PENDING
10:06:38 INFO  State of current operation: PENDING
10:06:40 INFO  State of current operation: PENDING
10:06:42 INFO  State of current operation: PENDING
10:06:44 INFO  State of current operation: PENDING
10:06:47 INFO  State of current operation: PENDING
10:06:49 INFO  State of current operation: PENDING
10:06:51 INFO  State of current operation: PENDING
10:06:53 INFO  State of current operation: PENDING
10:06:55 INFO  State of current operation: PENDING
10:06:58 INFO  State of current operation: PENDING
10:07:00 INFO  State of current operation: PENDING
10:07:02 INFO  State of current operation: PENDING
10:07:04 INFO  State of current operation: PENDING
10:07:07 INFO  State of current operation: PENDING
10:07:09 INFO  State of current operation: PENDING
10:07:11 INFO  State of current operation: PENDING
10:07:13 INFO  State of current operation: PENDING
10:07:16 INFO  State of current operation: PENDING
10:07:18 INFO  State of current operation: PENDING
10:07:20 INFO  State of current operation: PENDING
10:07:22 WARN  SystemError occurred while running test - Timeout while waiting for status FAILED or SUCCESSFUL
Traceback (most recent call last):
  File "/home/pi/env-pysys/lib/python3.7/site-packages/pysys/baserunner.py", line 1292, in __call__
    self.testObj.setup()
  File "/home/pi/actions-runner/_work/thin-edge.io/thin-edge.io/tests/PySys/software_management_end_to_end/sm_apt_install_remove_default/run.py", line 26, in setup
    super().setup()
  File "/home/pi/actions-runner/_work/thin-edge.io/thin-edge.io/tests/PySys/software_management_end_to_end/environment_sm_management.py", line 151, in setup
    self.wait_until_end()
  File "/home/pi/actions-runner/_work/thin-edge.io/thin-edge.io/tests/PySys/software_management_end_to_end/environment_sm_management.py", line 332, in wait_until_end
    self.wait_until_status("FAILED", "SUCCESSFUL")
  File "/home/pi/actions-runner/_work/thin-edge.io/thin-edge.io/tests/PySys/software_management_end_to_end/environment_sm_management.py", line 381, in wait_until_status
    "Timeout while waiting for status %s or %s" % (status, status2)
SystemError: Timeout while waiting for status FAILED or SUCCESSFUL
10:07:22 WARN  SystemError: Timeout while waiting for status FAILED or SUCCESSFUL ... blocked 
10:07:22 INFO  
10:07:22 INFO  cleanup:
10:07:26 INFO  Executed sudo&lt;tedge_disconnect_c8y&gt;, exit status 0
10:07:27 INFO  Executed systemctl&lt;serv_mapper5&gt;, exit status 3
10:07:27 INFO  
10:07:27 INFO  Test duration: 165.72 secs
10:07:27 INFO  Test final outcome:  BLOCKED
10:07:27 INFO  Test outcome reason: SystemError: Timeout while waiting for status FAILED or SUCCESSFUL
10:07:27 INFO  
</system-out>
	</testcase>
</testsuite><testsuite name="SoftwareManagement.sm_apt_install_remove_multiple" tests="3" errors="0" failures="2" skipped="1" time="0"><testcase classname="PySysTest" name="SoftwareManagement.sm_apt_install_remove_multiple">
		<skipped message="SKIPPED: Testing the apt plugin is not supported on this platform.Use parameter -XmyPlatform='container' to enable it" />
		<system-out>09:07:05 INFO  ==============================================================
09:07:05 INFO  Id:    SoftwareManagement.sm_apt_install_remove_multiple
09:07:05 INFO  Dir:   software_management_end_to_end/
09:07:05 INFO  Title: Validate end to end behaviour for the apt plugin for multiple packages
09:07:05 INFO  ==============================================================
09:07:05 INFO  Testing the apt plugin is not supported on this platform.Use parameter -XmyPlatform='container' to enable it ... skipped
09:07:05 WARN  Aborted test due to SKIPPED outcome
09:07:05 INFO  
09:07:05 INFO  Test duration: 0.03 secs
09:07:05 INFO  Test final outcome:  SKIPPED
09:07:05 INFO  Test outcome reason: Testing the apt plugin is not supported on this platform.Use parameter -XmyPlatform='container' to enable it
09:07:05 INFO  
</system-out>
	</testcase>
<testcase classname="PySysTest" name="SoftwareManagement.sm_apt_install_remove_multiple">
		<failure message="BLOCKED: SystemError: Timeout while waiting for status FAILED or SUCCESSFUL" type="BLOCKED" />
		<system-out>09:40:56 INFO  ==============================================================
09:40:56 INFO  Id:    SoftwareManagement.sm_apt_install_remove_multiple
09:40:56 INFO  Dir:   software_management_end_to_end/
09:40:56 INFO  Title: Validate end to end behaviour for the apt plugin for multiple packages
09:40:56 INFO  ==============================================================
09:40:56 INFO  Using sw id database: {'asciijump': '5475369', 'robotfindskitten': '5474869', 'squirrel3': '5475279', 'rolldice': '5152439', 'moon-buggy': '5439204', 'apple': '5495053', 'banana': '5494888', 'cherry': '5495382', 'watermelon': '5494510', 'registry': '8018911', 'hello-world': '8021526', 'docker/getting-started': '8021973', 'alpine': '7991792'}
09:40:56 INFO  EnvironmentC8y Setup
09:40:57 INFO  Executed systemctl&lt;serv_mapper1&gt;, exit status 3
09:40:57 INFO  Restarting mosquitto too frequently in the last 10 seconds. It was only up for 5 seconds
09:40:57 INFO  Delaying execution by 6 seconds
09:41:17 INFO  Executed sudo&lt;tedge_connect_c8y&gt;, exit status 0, duration 14 secs
09:41:18 INFO  Executed sudo&lt;tedge_connect_c8y_test&gt;, exit status 0
09:41:19 INFO  Executed systemctl&lt;serv_mosq2&gt;, exit status 0
09:41:19 INFO  Executed systemctl&lt;serv_mapper3&gt;, exit status 0
09:41:21 INFO  State of current operation: PENDING
09:41:23 INFO  State of current operation: PENDING
09:41:26 INFO  State of current operation: PENDING
09:41:28 INFO  State of current operation: PENDING
09:41:30 INFO  State of current operation: PENDING
09:41:32 INFO  State of current operation: PENDING
09:41:35 INFO  State of current operation: PENDING
09:41:37 INFO  State of current operation: PENDING
09:41:39 INFO  State of current operation: PENDING
09:41:41 INFO  State of current operation: PENDING
09:41:43 INFO  State of current operation: PENDING
09:41:46 INFO  State of current operation: PENDING
09:41:48 INFO  State of current operation: PENDING
09:41:50 INFO  State of current operation: PENDING
09:41:52 INFO  State of current operation: PENDING
09:41:55 INFO  State of current operation: PENDING
09:41:57 INFO  State of current operation: PENDING
09:41:59 INFO  State of current operation: PENDING
09:42:01 INFO  State of current operation: PENDING
09:42:03 INFO  State of current operation: PENDING
09:42:06 INFO  State of current operation: PENDING
09:42:08 INFO  State of current operation: PENDING
09:42:10 INFO  State of current operation: PENDING
09:42:12 INFO  State of current operation: PENDING
09:42:15 INFO  State of current operation: PENDING
09:42:17 INFO  State of current operation: PENDING
09:42:19 INFO  State of current operation: PENDING
09:42:21 INFO  State of current operation: PENDING
09:42:23 INFO  State of current operation: PENDING
09:42:26 INFO  State of current operation: PENDING
09:42:28 INFO  State of current operation: PENDING
09:42:30 INFO  State of current operation: PENDING
09:42:32 INFO  State of current operation: PENDING
09:42:35 INFO  State of current operation: PENDING
09:42:37 INFO  State of current operation: PENDING
09:42:39 INFO  State of current operation: PENDING
09:42:41 INFO  State of current operation: PENDING
09:42:43 INFO  State of current operation: PENDING
09:42:46 INFO  State of current operation: PENDING
09:42:48 INFO  State of current operation: PENDING
09:42:50 INFO  State of current operation: PENDING
09:42:52 INFO  State of current operation: PENDING
09:42:55 INFO  State of current operation: PENDING
09:42:57 INFO  State of current operation: PENDING
09:42:59 INFO  State of current operation: PENDING
09:43:01 INFO  State of current operation: PENDING
09:43:04 INFO  State of current operation: PENDING
09:43:06 INFO  State of current operation: PENDING
09:43:08 INFO  State of current operation: PENDING
09:43:10 INFO  State of current operation: PENDING
09:43:12 INFO  State of current operation: PENDING
09:43:15 INFO  State of current operation: PENDING
09:43:17 INFO  State of current operation: PENDING
09:43:19 INFO  State of current operation: PENDING
09:43:21 INFO  State of current operation: PENDING
09:43:24 INFO  State of current operation: PENDING
09:43:26 INFO  State of current operation: PENDING
09:43:28 INFO  State of current operation: PENDING
09:43:30 INFO  State of current operation: PENDING
09:43:32 INFO  State of current operation: PENDING
09:43:35 INFO  State of current operation: PENDING
09:43:37 WARN  SystemError occurred while running test - Timeout while waiting for status FAILED or SUCCESSFUL
Traceback (most recent call last):
  File "/home/pi/env-pysys/lib/python3.7/site-packages/pysys/baserunner.py", line 1292, in __call__
    self.testObj.setup()
  File "/home/pi/actions-runner/_work/thin-edge.io/thin-edge.io/tests/PySys/software_management_end_to_end/sm_apt_install_remove_multiple/run.py", line 52, in setup
    super().setup()
  File "/home/pi/actions-runner/_work/thin-edge.io/thin-edge.io/tests/PySys/software_management_end_to_end/environment_sm_management.py", line 151, in setup
    self.wait_until_end()
  File "/home/pi/actions-runner/_work/thin-edge.io/thin-edge.io/tests/PySys/software_management_end_to_end/environment_sm_management.py", line 332, in wait_until_end
    self.wait_until_status("FAILED", "SUCCESSFUL")
  File "/home/pi/actions-runner/_work/thin-edge.io/thin-edge.io/tests/PySys/software_management_end_to_end/environment_sm_management.py", line 381, in wait_until_status
    "Timeout while waiting for status %s or %s" % (status, status2)
SystemError: Timeout while waiting for status FAILED or SUCCESSFUL
09:43:37 WARN  SystemError: Timeout while waiting for status FAILED or SUCCESSFUL ... blocked 
09:43:37 INFO  
09:43:37 INFO  cleanup:
09:43:41 INFO  Executed sudo&lt;tedge_disconnect_c8y&gt;, exit status 0
09:43:41 INFO  Executed systemctl&lt;serv_mapper5&gt;, exit status 3
09:43:41 INFO  
09:43:41 INFO  Test duration: 165.12 secs
09:43:41 INFO  Test final outcome:  BLOCKED
09:43:41 INFO  Test outcome reason: SystemError: Timeout while waiting for status FAILED or SUCCESSFUL
09:43:41 INFO  
</system-out>
	</testcase>
<testcase classname="PySysTest" name="SoftwareManagement.sm_apt_install_remove_multiple">
		<failure message="BLOCKED: SystemError: Timeout while waiting for status FAILED or SUCCESSFUL" type="BLOCKED" />
		<system-out>10:07:27 INFO  ==============================================================
10:07:27 INFO  Id:    SoftwareManagement.sm_apt_install_remove_multiple
10:07:27 INFO  Dir:   software_management_end_to_end/
10:07:27 INFO  Title: Validate end to end behaviour for the apt plugin for multiple packages
10:07:27 INFO  ==============================================================
10:07:27 INFO  Using sw id database: {'asciijump': '5475369', 'robotfindskitten': '5474869', 'squirrel3': '5475279', 'rolldice': '5152439', 'moon-buggy': '5439204', 'apple': '5495053', 'banana': '5494888', 'cherry': '5495382', 'watermelon': '5494510', 'registry': '8018911', 'hello-world': '8021526', 'docker/getting-started': '8021973', 'alpine': '7991792'}
10:07:27 INFO  EnvironmentC8y Setup
10:07:28 INFO  Executed systemctl&lt;serv_mapper1&gt;, exit status 3
10:07:28 INFO  Restarting mosquitto too frequently in the last 10 seconds. It was only up for 5 seconds
10:07:28 INFO  Delaying execution by 6 seconds
10:07:48 INFO  Executed sudo&lt;tedge_connect_c8y&gt;, exit status 0, duration 14 secs
10:07:49 INFO  Executed sudo&lt;tedge_connect_c8y_test&gt;, exit status 0
10:07:49 INFO  Executed systemctl&lt;serv_mosq2&gt;, exit status 0
10:07:50 INFO  Executed systemctl&lt;serv_mapper3&gt;, exit status 0
10:07:52 INFO  State of current operation: PENDING
10:07:54 INFO  State of current operation: PENDING
10:07:57 INFO  State of current operation: PENDING
10:07:59 INFO  State of current operation: PENDING
10:08:01 INFO  State of current operation: PENDING
10:08:03 INFO  State of current operation: PENDING
10:08:06 INFO  State of current operation: PENDING
10:08:08 INFO  State of current operation: PENDING
10:08:10 INFO  State of current operation: PENDING
10:08:12 INFO  State of current operation: PENDING
10:08:14 INFO  State of current operation: PENDING
10:08:17 INFO  State of current operation: PENDING
10:08:19 INFO  State of current operation: PENDING
10:08:21 INFO  State of current operation: PENDING
10:08:23 INFO  State of current operation: PENDING
10:08:26 INFO  State of current operation: PENDING
10:08:28 INFO  State of current operation: PENDING
10:08:30 INFO  State of current operation: PENDING
10:08:32 INFO  State of current operation: PENDING
10:08:35 INFO  State of current operation: PENDING
10:08:37 INFO  State of current operation: PENDING
10:08:39 INFO  State of current operation: PENDING
10:08:41 INFO  State of current operation: PENDING
10:08:43 INFO  State of current operation: PENDING
10:08:46 INFO  State of current operation: PENDING
10:08:48 INFO  State of current operation: PENDING
10:08:50 INFO  State of current operation: PENDING
10:08:52 INFO  State of current operation: PENDING
10:08:55 INFO  State of current operation: PENDING
10:08:57 INFO  State of current operation: PENDING
10:08:59 INFO  State of current operation: PENDING
10:09:01 INFO  State of current operation: PENDING
10:09:03 INFO  State of current operation: PENDING
10:09:06 INFO  State of current operation: PENDING
10:09:08 INFO  State of current operation: PENDING
10:09:10 INFO  State of current operation: PENDING
10:09:12 INFO  State of current operation: PENDING
10:09:15 INFO  State of current operation: PENDING
10:09:17 INFO  State of current operation: PENDING
10:09:19 INFO  State of current operation: PENDING
10:09:21 INFO  State of current operation: PENDING
10:09:24 INFO  State of current operation: PENDING
10:09:26 INFO  State of current operation: PENDING
10:09:28 INFO  State of current operation: PENDING
10:09:30 INFO  State of current operation: PENDING
10:09:32 INFO  State of current operation: PENDING
10:09:35 INFO  State of current operation: PENDING
10:09:37 INFO  State of current operation: PENDING
10:09:39 INFO  State of current operation: PENDING
10:09:42 INFO  State of current operation: PENDING
10:09:44 INFO  State of current operation: PENDING
10:09:46 INFO  State of current operation: PENDING
10:09:48 INFO  State of current operation: PENDING
10:09:51 INFO  State of current operation: PENDING
10:09:53 INFO  State of current operation: PENDING
10:09:55 INFO  State of current operation: PENDING
10:09:57 INFO  State of current operation: PENDING
10:09:59 INFO  State of current operation: PENDING
10:10:02 INFO  State of current operation: PENDING
10:10:04 INFO  State of current operation: PENDING
10:10:06 INFO  State of current operation: PENDING
10:10:08 WARN  SystemError occurred while running test - Timeout while waiting for status FAILED or SUCCESSFUL
Traceback (most recent call last):
  File "/home/pi/env-pysys/lib/python3.7/site-packages/pysys/baserunner.py", line 1292, in __call__
    self.testObj.setup()
  File "/home/pi/actions-runner/_work/thin-edge.io/thin-edge.io/tests/PySys/software_management_end_to_end/sm_apt_install_remove_multiple/run.py", line 52, in setup
    super().setup()
  File "/home/pi/actions-runner/_work/thin-edge.io/thin-edge.io/tests/PySys/software_management_end_to_end/environment_sm_management.py", line 151, in setup
    self.wait_until_end()
  File "/home/pi/actions-runner/_work/thin-edge.io/thin-edge.io/tests/PySys/software_management_end_to_end/environment_sm_management.py", line 332, in wait_until_end
    self.wait_until_status("FAILED", "SUCCESSFUL")
  File "/home/pi/actions-runner/_work/thin-edge.io/thin-edge.io/tests/PySys/software_management_end_to_end/environment_sm_management.py", line 381, in wait_until_status
    "Timeout while waiting for status %s or %s" % (status, status2)
SystemError: Timeout while waiting for status FAILED or SUCCESSFUL
10:10:08 WARN  SystemError: Timeout while waiting for status FAILED or SUCCESSFUL ... blocked 
10:10:08 INFO  
10:10:08 INFO  cleanup:
10:10:12 INFO  Executed sudo&lt;tedge_disconnect_c8y&gt;, exit status 0
10:10:13 INFO  Executed systemctl&lt;serv_mapper5&gt;, exit status 3
10:10:13 INFO  
10:10:13 INFO  Test duration: 165.99 secs
10:10:13 INFO  Test final outcome:  BLOCKED
10:10:13 INFO  Test outcome reason: SystemError: Timeout while waiting for status FAILED or SUCCESSFUL
10:10:13 INFO  
</system-out>
	</testcase>
</testsuite><testsuite name="SoftwareManagement.sm_apt_install_remove_multiple_mixed" tests="3" errors="0" failures="2" skipped="1" time="0"><testcase classname="PySysTest" name="SoftwareManagement.sm_apt_install_remove_multiple_mixed">
		<skipped message="SKIPPED: Testing the apt plugin is not supported on this platform.Use parameter -XmyPlatform='container' to enable it" />
		<system-out>09:07:05 INFO  ==============================================================
09:07:05 INFO  Id:    SoftwareManagement.sm_apt_install_remove_multiple_mixed
09:07:05 INFO  Dir:   software_management_end_to_end/
09:07:05 INFO  Title: Validate end to end behaviour for the apt plugin for multiple packages with mixed versions
09:07:05 INFO  ==============================================================
09:07:05 INFO  Testing the apt plugin is not supported on this platform.Use parameter -XmyPlatform='container' to enable it ... skipped
09:07:05 WARN  Aborted test due to SKIPPED outcome
09:07:05 INFO  
09:07:05 INFO  Test duration: 0.02 secs
09:07:05 INFO  Test final outcome:  SKIPPED
09:07:05 INFO  Test outcome reason: Testing the apt plugin is not supported on this platform.Use parameter -XmyPlatform='container' to enable it
09:07:05 INFO  
</system-out>
	</testcase>
<testcase classname="PySysTest" name="SoftwareManagement.sm_apt_install_remove_multiple_mixed">
[...]
09:00:46 INFO  Delaying execution by 7 seconds
09:01:08 INFO  Executed sudo&lt;tedge_connect_c8y&gt;, exit status 0, duration 14 secs
09:01:09 INFO  Executed sudo&lt;tedge_connect_c8y_test&gt;, exit status 0
09:01:09 INFO  Executed systemctl&lt;serv_mosq2&gt;, exit status 0
09:01:09 INFO  Executed systemctl&lt;serv_mapper3&gt;, exit status 0
09:01:39 WARN  Executed python3&lt;stdout&gt;, exit status 1
09:01:39 INFO  Contents of stdout.out: 
  Publishing sawtooth with delay 10ms height 400 iterations 1 template flux will cause 400 publishs.
  Iteraton: 0
  Execution took 4 s 4086 ms
  Publish rate: 10.215 ms/pub
  Publish per second: 97.895 pub/s
  Act: Publishing values with temperature_publisher
  Waiting 3s for values to arrive in C8y
  Assert: Retrieving data via REST interface
  Gathering values from 2022-04-15 09:01:18+00:00 to 2022-04-15 09:01:38+00:00
  Found 0 recorded values:
  Retrieved values:
  Expected:  0.0  ...  399.0
  Data verification FAILED
  -----

09:01:39 WARN  python3&lt;stdout&gt; returned non-zero exit code 1 ... blocked 
09:01:39 WARN  Aborted test due to BLOCKED outcome
09:01:39 INFO  
09:01:39 INFO  cleanup:
09:01:43 INFO  Executed sudo&lt;tedge_disconnect_c8y&gt;, exit status 0
09:01:43 INFO  Executed systemctl&lt;serv_mapper5&gt;, exit status 3
09:01:43 INFO  
09:01:43 INFO  Test duration: 57.82 secs
09:01:43 INFO  Test final outcome:  BLOCKED
09:01:43 INFO  Test outcome reason: python3&lt;stdout&gt; returned non-zero exit code 1
09:01:43 INFO  
</system-out>
	</testcase>
</testsuite><testsuite name="smoketest_json_400_samples_20ms" tests="1" errors="0" failures="1" skipped="0" time="0"><testcase classname="SmoketestJson400Samples20ms" name="smoketest_json_400_samples_20ms">
		<failure message="BLOCKED: python3&lt;stdout&gt; returned non-zero exit code 1" type="BLOCKED" />
		<system-out>09:01:44 INFO  ==============================================================
09:01:44 INFO  Id:    smoketest_json_400_samples_20ms
09:01:44 INFO  Dir:   smoketests/
09:01:44 INFO  Title: Smoketest Json 400 Samples 20ms Delay
09:01:44 INFO  ==============================================================
09:01:44 INFO  EnvironmentC8y Setup
09:01:44 INFO  Executed systemctl&lt;serv_mapper1&gt;, exit status 3
09:01:44 INFO  Restarting mosquitto too frequently in the last 10 seconds. It was only up for 4 seconds
09:01:44 INFO  Delaying execution by 7 seconds
09:02:05 INFO  Executed sudo&lt;tedge_connect_c8y&gt;, exit status 0, duration 13 secs
09:02:06 INFO  Executed sudo&lt;tedge_connect_c8y_test&gt;, exit status 0
09:02:07 INFO  Executed systemctl&lt;serv_mosq2&gt;, exit status 0
09:02:07 INFO  Executed systemctl&lt;serv_mapper3&gt;, exit status 0
09:02:36 WARN  Executed python3&lt;stdout&gt;, exit status 1
09:02:36 INFO  Contents of stdout.out: 
  Publishing sawtooth with delay 10ms height 400 iterations 1 template flux will cause 400 publishs.
  Iteraton: 0
  Execution took 4 s 4179 ms
  Publish rate: 10.447 ms/pub
  Publish per second: 95.717 pub/s
  Act: Publishing values with temperature_publisher
  Waiting 3s for values to arrive in C8y
  Assert: Retrieving data via REST interface
  Gathering values from 2022-04-15 09:02:16+00:00 to 2022-04-15 09:02:36+00:00
  Found 0 recorded values:
  Retrieved values:
  Expected:  0.0  ...  399.0
  Data verification FAILED
  -----

09:02:37 WARN  python3&lt;stdout&gt; returned non-zero exit code 1 ... blocked 
09:02:37 WARN  Aborted test due to BLOCKED outcome
09:02:37 INFO  
09:02:37 INFO  cleanup:
09:02:41 INFO  Executed sudo&lt;tedge_disconnect_c8y&gt;, exit status 0
09:02:41 INFO  Executed systemctl&lt;serv_mapper5&gt;, exit status 3
09:02:41 INFO  
09:02:41 INFO  Test duration: 57.93 secs
09:02:41 INFO  Test final outcome:  BLOCKED
09:02:41 INFO  Test outcome reason: python3&lt;stdout&gt; returned non-zero exit code 1
09:02:41 INFO  
</system-out>
	</testcase>
</testsuite><testsuite name="smoketest_smartrest" tests="1" errors="0" failures="1" skipped="0" time="0"><testcase classname="SmoketestSmartRest" name="smoketest_smartrest">
		<failure message="BLOCKED: python3&lt;stdout&gt; returned non-zero exit code 1" type="BLOCKED" />
		<system-out>09:02:42 INFO  ==============================================================
09:02:42 INFO  Id:    smoketest_smartrest
09:02:42 INFO  Dir:   smoketests/
09:02:42 INFO  Title: Smoketest SmartREST
09:02:42 INFO  ==============================================================
09:02:42 INFO  EnvironmentC8y Setup
09:02:42 INFO  Executed systemctl&lt;serv_mapper1&gt;, exit status 3
09:02:42 INFO  Restarting mosquitto too frequently in the last 10 seconds. It was only up for 4 seconds
09:02:42 INFO  Delaying execution by 7 seconds
09:03:04 INFO  Executed sudo&lt;tedge_connect_c8y&gt;, exit status 0, duration 14 secs
09:03:04 INFO  Executed sudo&lt;tedge_connect_c8y_test&gt;, exit status 0
09:03:05 INFO  Executed systemctl&lt;serv_mosq2&gt;, exit status 0
09:03:05 INFO  Executed systemctl&lt;serv_mapper3&gt;, exit status 0
09:03:26 WARN  Executed python3&lt;stdout&gt;, exit status 1
09:03:26 INFO  Contents of stdout.out: 
  Act: Publishing values with tedge pub
  Waiting 3s for values to arrive in C8y
  Assert: Retrieving data via REST interface
  Gathering values from 2022-04-15 09:03:15+00:00 to 2022-04-15 09:03:25+00:00
  Found 0 recorded values:
  Retrieved values:
  Expected:  0.0  ...  19.0
  Data verification FAILED
  -----

09:03:26 WARN  python3&lt;stdout&gt; returned non-zero exit code 1 ... blocked 
09:03:26 WARN  Aborted test due to BLOCKED outcome
09:03:26 INFO  
09:03:26 INFO  cleanup:
09:03:30 INFO  Executed sudo&lt;tedge_disconnect_c8y&gt;, exit status 0
09:03:31 INFO  Executed systemctl&lt;serv_mapper5&gt;, exit status 3
09:03:31 INFO  
09:03:31 INFO  Test duration: 49.03 secs
09:03:31 INFO  Test final outcome:  BLOCKED
09:03:31 INFO  Test outcome reason: python3&lt;stdout&gt; returned non-zero exit code 1
09:03:31 INFO  
</system-out>
	</testcase>
</testsuite><testsuite name="smoketest_smartrest_400_samples_1Xms" tests="1" errors="0" failures="1" skipped="0" time="0"><testcase classname="SmoketestSmartRest400Samples1Xms" name="smoketest_smartrest_400_samples_1Xms">
		<failure message="BLOCKED: python3&lt;stdout&gt; returned non-zero exit code 1" type="BLOCKED" />
		<system-out>09:03:31 INFO  ==============================================================
09:03:31 INFO  Id:    smoketest_smartrest_400_samples_1Xms
09:03:31 INFO  Dir:   smoketests/
09:03:31 INFO  Title: Smoketest Smart Rest 400 Samples 1Xms Delay
09:03:31 INFO  ==============================================================
09:03:31 INFO  EnvironmentC8y Setup
09:03:31 INFO  Executed systemctl&lt;serv_mapper1&gt;, exit status 3
09:03:31 INFO  Restarting mosquitto too frequently in the last 10 seconds. It was only up for 4 seconds
09:03:31 INFO  Delaying execution by 7 seconds
09:03:53 INFO  Executed sudo&lt;tedge_connect_c8y&gt;, exit status 0, duration 14 secs
09:03:53 INFO  Executed sudo&lt;tedge_connect_c8y_test&gt;, exit status 0
09:03:54 INFO  Executed systemctl&lt;serv_mosq2&gt;, exit status 0
09:03:54 INFO  Executed systemctl&lt;serv_mapper3&gt;, exit status 0
09:05:13 WARN  Executed python3&lt;stdout&gt;, exit status 1, duration 38 secs
09:05:13 INFO  Contents of stdout.out: 
  Act: Publishing values with tedge pub
  Waiting 3s for values to arrive in C8y
  Assert: Retrieving data via REST interface
  Gathering values from 2022-04-15 09:04:32+00:00 to 2022-04-15 09:05:12+00:00
  Found 79 recorded values:
  Retrieved values:
      0     1     2     3     4     5     6     7     8     9    10    11    12    13    14    15    16    17    18    19
     20    21    22    23    24    25    26    27    28    29    30    31    32    33    34    35    36    37    38    39
     40    41    42    43    44    45    46    47    48    49    50    51    52    53    54    55    56    57    58    59
     60    61    62    63    64    65    66    67    68    69    70    71    72    73    74    75    76    77    78
  Expected:  0.0  ...  199.0
  Data verification FAILED
  -----

09:05:13 WARN  python3&lt;stdout&gt; returned non-zero exit code 1 ... blocked 
09:05:13 WARN  Aborted test due to BLOCKED outcome
09:05:13 INFO  
09:05:13 INFO  cleanup:
09:05:17 INFO  Executed sudo&lt;tedge_disconnect_c8y&gt;, exit status 0
09:05:18 INFO  Executed systemctl&lt;serv_mapper5&gt;, exit status 3
09:05:18 INFO  
09:05:18 INFO  Test duration: 107.17 secs
09:05:18 INFO  Test final outcome:  BLOCKED
09:05:18 INFO  Test outcome reason: python3&lt;stdout&gt; returned non-zero exit code 1
09:05:18 INFO  
</system-out>
	</testcase>
</testsuite><testsuite name="smoketest_smartrest_400_samples_20ms" tests="1" errors="0" failures="1" skipped="0" time="0"><testcase classname="SmoketestSmartRest400Samples20ms" name="smoketest_smartrest_400_samples_20ms">
		<failure message="BLOCKED: python3&lt;stdout&gt; returned non-zero exit code 1" type="BLOCKED" />
		<system-out>09:05:18 INFO  ==============================================================
09:05:18 INFO  Id:    smoketest_smartrest_400_samples_20ms
09:05:18 INFO  Dir:   smoketests/
09:05:18 INFO  Title: Smoketest SmartRest 400 Samples 20ms Delay
09:05:18 INFO  ==============================================================
09:05:18 INFO  EnvironmentC8y Setup
09:05:18 INFO  Executed systemctl&lt;serv_mapper1&gt;, exit status 3
09:05:19 INFO  Restarting mosquitto too frequently in the last 10 seconds. It was only up for 5 seconds
09:05:19 INFO  Delaying execution by 6 seconds
09:05:39 INFO  Executed sudo&lt;tedge_connect_c8y&gt;, exit status 0, duration 14 secs
09:05:40 INFO  Executed sudo&lt;tedge_connect_c8y_test&gt;, exit status 0
09:05:40 INFO  Executed systemctl&lt;serv_mosq2&gt;, exit status 0
09:05:41 INFO  Executed systemctl&lt;serv_mapper3&gt;, exit status 0
09:07:00 WARN  Executed python3&lt;stdout&gt;, exit status 1, duration 39 secs
09:07:00 INFO  Contents of stdout.out: 
  Act: Publishing values with tedge pub
  Waiting 3s for values to arrive in C8y
  Assert: Retrieving data via REST interface
  Gathering values from 2022-04-15 09:06:20+00:00 to 2022-04-15 09:07:00+00:00
  Found 88 recorded values:
  Retrieved values:
      0     1     2     3     4     5     6     7     8     9    10    11    12    13    14    15    16    17    18    19
     20    21    22    23    24    25    26    27    28    29    30    31    32    33    34    35    36    37    38    39
     40    41    42    43    44    45    46    47    48    49    50    51    52    53    54    55    56    57    58    59
     60    61    62    63    64    65    66    67    68    69    70    71    72    73    74    75    76    77    78    79
     80    81    82    83    84    85    86    87
  Expected:  0.0  ...  199.0
  Data verification FAILED
  -----

09:07:00 WARN  python3&lt;stdout&gt; returned non-zero exit code 1 ... blocked 
09:07:00 WARN  Aborted test due to BLOCKED outcome
09:07:00 INFO  
09:07:00 INFO  cleanup:
09:07:04 INFO  Executed sudo&lt;tedge_disconnect_c8y&gt;, exit status 0
09:07:05 INFO  Executed systemctl&lt;serv_mapper5&gt;, exit status 3
09:07:05 INFO  
09:07:05 INFO  Test duration: 106.85 secs
09:07:05 INFO  Test final outcome:  BLOCKED
09:07:05 INFO  Test outcome reason: python3&lt;stdout&gt; returned non-zero exit code 1
09:07:05 INFO  
</system-out>
	</testcase>
</testsuite><testsuite name="tedge_agent_user_sudo_access" tests="1" errors="0" failures="0" skipped="1" time="0"><testcase classname="TedgeAgentUserSudoAccess" name="tedge_agent_user_sudo_access">
		<skipped message="SKIPPED: #955 Observation: Exit code of the apt plugin when called with no arguments" />
		<system-out>09:07:33 INFO  ==============================================================
09:07:33 INFO  Id:    tedge_agent_user_sudo_access
09:07:33 INFO  Dir:   tedge/
09:07:33 INFO  Title: Validate tedge-agent user has a limited sudo right
09:07:33 INFO  ==============================================================
09:07:33 INFO  #955 Observation: Exit code of the apt plugin when called with no arguments ... skipped
09:07:33 INFO  
09:07:33 INFO  Test duration: 0.02 secs
09:07:33 INFO  Test final outcome:  SKIPPED
09:07:33 INFO  Test outcome reason: #955 Observation: Exit code of the apt plugin when called with no arguments
09:07:33 INFO  
</system-out>
	</testcase>
</testsuite><testsuite name="tedge_connect_test_negative" tests="1" errors="0" failures="0" skipped="0" time="0"><testcase classname="TedgeConnectTestNegative" name="tedge_connect_test_negative" />
</testsuite><testsuite name="tedge_connect_test_positive" tests="1" errors="0" failures="0" skipped="0" time="0"><testcase classname="TedgeConnectTestPositive" name="tedge_connect_test_positive" />
</testsuite><testsuite name="tedge_connect_test_sm_services" tests="1" errors="0" failures="0" skipped="0" time="0"><testcase classname="TedgeConnectTestSMServices" name="tedge_connect_test_sm_services" />
</testsuite><testsuite name="tedge_disconnect_test_sm_services" tests="1" errors="0" failures="0" skipped="0" time="0"><testcase classname="TedgeDisConnectTestSMServices" name="tedge_disconnect_test_sm_services" />
</testsuite><testsuite name="tedge_mapper_az_negative" tests="1" errors="0" failures="0" skipped="0" time="0"><testcase classname="TedgeMapperAzError" name="tedge_mapper_az_negative" />
</testsuite><testsuite name="tedge_mapper_az_with_timestamp" tests="1" errors="0" failures="0" skipped="0" time="0"><testcase classname="TedgeMapperAzWithTimestamp" name="tedge_mapper_az_with_timestamp" />
</testsuite><testsuite name="tedge_mapper_az_without_timestamp" tests="1" errors="0" failures="0" skipped="0" time="0"><testcase classname="TedgeMapperAzWithoutTimestamp" name="tedge_mapper_az_without_timestamp" />
</testsuite><testsuite name="tedge_mapper_c8y_alarms" tests="1" errors="0" failures="1" skipped="0" time="0"><testcase classname="TedgeMapperC8yAlarm" name="tedge_mapper_c8y_alarms">
		<failure message="BLOCKED: IndexError: list index out of range" type="BLOCKED" />
		<system-out>09:11:24 INFO  ==============================================================
09:11:24 INFO  Id:    tedge_mapper_c8y_alarms
09:11:24 INFO  Dir:   tedge_mapper_c8y/
09:11:24 INFO  Title: Validate that alarms sent to tedge/alarms topic \ gets mapped as alarms in Cumulocity
09:11:24 INFO  ==============================================================
09:11:24 INFO  EnvironmentC8y Setup
09:11:25 INFO  Executed systemctl&lt;serv_mapper1&gt;, exit status 3
09:11:39 INFO  Executed sudo&lt;tedge_connect_c8y&gt;, exit status 0, duration 14 secs
09:11:40 INFO  Executed sudo&lt;tedge_connect_c8y_test&gt;, exit status 0
09:11:40 INFO  Executed systemctl&lt;serv_mosq2&gt;, exit status 0
09:11:41 INFO  Executed systemctl&lt;serv_mapper3&gt;, exit status 0
09:11:46 INFO  Executed tedge, exit status 0
09:11:46 INFO  Executed tedge, exit status 0
09:11:47 INFO  Executed tedge, exit status 0
09:11:47 INFO  Executed tedge, exit status 0
09:11:48 INFO  Executed tedge, exit status 0
09:11:49 WARN  IndexError occurred while running test - list index out of range
Traceback (most recent call last):
  File "/home/pi/env-pysys/lib/python3.7/site-packages/pysys/baserunner.py", line 1296, in __call__
    self.testObj.validate()
  File "/home/pi/actions-runner/_work/thin-edge.io/thin-edge.io/tests/PySys/tedge_mapper_c8y/tedge_mapper_c8y_alarms/run.py", line 100, in validate
    alarms[0],
IndexError: list index out of range
09:11:49 WARN  IndexError: list index out of range ... blocked 
09:11:49 INFO  
09:11:49 INFO  cleanup:
09:11:49 INFO  Executed tedge, exit status 0
09:11:50 INFO  Executed tedge, exit status 0
09:11:50 INFO  Executed tedge, exit status 0
09:11:55 INFO  Executed sudo&lt;tedge_disconnect_c8y&gt;, exit status 0
09:11:55 INFO  Executed systemctl&lt;serv_mapper5&gt;, exit status 3
09:11:55 INFO  
09:11:55 INFO  Test duration: 31.24 secs
09:11:55 INFO  Test final outcome:  BLOCKED
09:11:55 INFO  Test outcome reason: IndexError: list index out of range
09:11:55 INFO  
</system-out>
	</testcase>
</testsuite><testsuite name="tedge_mapper_c8y_child_device_measurement" tests="1" errors="0" failures="1" skipped="0" time="0"><testcase classname="TedgeMapperC8yChildDevice" name="tedge_mapper_c8y_child_device_measurement">
		<failure message="BLOCKED: TypeError: 'NoneType' object is not subscriptable (+1 other failures)" type="BLOCKED" />
		<system-out>09:11:55 INFO  ==============================================================
09:11:55 INFO  Id:    tedge_mapper_c8y_child_device_measurement
09:11:55 INFO  Dir:   tedge_mapper_c8y/
09:11:55 INFO  Title: Validate that measurements sent to tedge/measurements/child topic gets mapped as the child device's measurement in Cumulocity
09:11:55 INFO  ==============================================================
09:11:55 INFO  EnvironmentC8y Setup
09:11:56 INFO  Executed systemctl&lt;serv_mapper1&gt;, exit status 3
09:11:56 INFO  Restarting mosquitto too frequently in the last 10 seconds. It was only up for 5 seconds
09:11:56 INFO  Delaying execution by 6 seconds
09:12:16 INFO  Executed sudo&lt;tedge_connect_c8y&gt;, exit status 0, duration 14 secs
09:12:17 INFO  Executed sudo&lt;tedge_connect_c8y_test&gt;, exit status 0
09:12:18 INFO  Executed systemctl&lt;serv_mosq2&gt;, exit status 0
09:12:18 INFO  Executed systemctl&lt;serv_mapper3&gt;, exit status 0
09:12:19 INFO  Assert that (actual == expected) with actual=None, expected=None ... passed
09:12:19 INFO  Executed tedge_pub, exit status 0
09:12:20 INFO  Executed tedge_pub, exit status 0
09:12:20 INFO  Executed tedge_pub, exit status 0
09:12:20 INFO  Executed tedge_pub, exit status 0
09:12:21 INFO  Executed tedge_pub, exit status 0
09:12:23 WARN  TypeError occurred while running test - 'NoneType' object is not subscriptable
Traceback (most recent call last):
  File "/home/pi/env-pysys/lib/python3.7/site-packages/pysys/baserunner.py", line 1296, in __call__
    self.testObj.validate()
  File "/home/pi/actions-runner/_work/thin-edge.io/thin-edge.io/tests/PySys/tedge_mapper_c8y/tedge_mapper_c8y_child_device_measurement/run.py", line 115, in validate
    self.child_device_json["id"], 3
TypeError: 'NoneType' object is not subscriptable
09:12:23 WARN  TypeError: 'NoneType' object is not subscriptable ... blocked 
09:12:23 INFO  
09:12:23 INFO  cleanup:
09:12:23 ERROR Error while running cleanup function: 
Traceback (most recent call last):
  File "/home/pi/env-pysys/lib/python3.7/site-packages/pysys/process/user.py", line 1305, in cleanup
    fn()
  File "/home/pi/actions-runner/_work/thin-edge.io/thin-edge.io/tests/PySys/tedge_mapper_c8y/tedge_mapper_c8y_child_device_measurement/run.py", line 165, in test_cleanup
    self.child_device_json["id"]
TypeError: 'NoneType' object is not subscriptable
09:12:27 INFO  Executed sudo&lt;tedge_disconnect_c8y&gt;, exit status 0
09:12:28 INFO  Executed systemctl&lt;serv_mapper5&gt;, exit status 3
09:12:28 WARN  Cleanup failed with 1 errors: Cleanup function failed: 'NoneType' object is not subscriptable (TypeError) ... blocked 
09:12:28 INFO  
09:12:28 INFO  Test duration: 32.67 secs
09:12:28 INFO  Test final outcome:  BLOCKED
09:12:28 INFO  Test outcome reason: TypeError: 'NoneType' object is not subscriptable (+1 other failures)
09:12:28 INFO  
</system-out>
	</testcase>
</testsuite><testsuite name="tedge_mapper_c8y_packet_threshold_size" tests="1" errors="0" failures="0" skipped="0" time="0"><testcase classname="TedgeMapperC8yThresholdPacketSize" name="tedge_mapper_c8y_packet_threshold_size" />
</testsuite><testsuite name="tedge_software_update" tests="1" errors="0" failures="0" skipped="0" time="0"><testcase classname="PySysTest" name="tedge_software_update" />
</testsuite><testsuite name="valid_device_id" tests="1" errors="0" failures="0" skipped="0" time="0"><testcase classname="ValidateValidDeviceId" name="valid_device_id" />
</testsuite></testsuites>