<?xml version='1.0' encoding='utf-8'?>
<testsuites tests="151" failures="15" errors="0" skipped="47" time="0.0"><testsuite name="SoftwareManagement.Plugin.apama_plugin_install" tests="3" errors="0" failures="0" skipped="1" time="0"><testcase classname="ApamaPluginInstallTest" name="SoftwareManagement.Plugin.apama_plugin_install">
		<skipped message="SKIPPED: Apama plugin tests are disabled by default. Execute `pysys run` with `-XmyPlatform=container` to run these tests" />
		<system-out>08:37:19 INFO  ==============================================================
08:37:19 INFO  Id:    SoftwareManagement.Plugin.apama_plugin_install
08:37:19 INFO  Dir:   plugin_apama/
08:37:19 INFO  Title: Validate apama plugin install
08:37:19 INFO  ==============================================================
08:37:19 INFO  Apama plugin tests are disabled by default. Execute `pysys run` with `-XmyPlatform=container` to run these tests ... skipped
08:37:19 WARN  Aborted test due to SKIPPED outcome
08:37:19 INFO  
08:37:19 INFO  Test duration: 0.09 secs
08:37:19 INFO  Test final outcome:  SKIPPED
08:37:19 INFO  Test outcome reason: Apama plugin tests are disabled by default. Execute `pysys run` with `-XmyPlatform=container` to run these tests
08:37:19 INFO  
</system-out>
	</testcase>
<testcase classname="ApamaPluginInstallTest" name="SoftwareManagement.Plugin.apama_plugin_install" />
<testcase classname="ApamaPluginInstallTest" name="SoftwareManagement.Plugin.apama_plugin_install" />
</testsuite><testsuite name="SoftwareManagement.Plugin.apama_plugin_mon_support" tests="3" errors="0" failures="0" skipped="1" time="0"><testcase classname="ApamaPluginMonSupportTest" name="SoftwareManagement.Plugin.apama_plugin_mon_support">
		<skipped message="SKIPPED: Apama plugin tests are disabled by default. Execute `pysys run` with `-XmyPlatform=container` to run these tests" />
		<system-out>08:37:19 INFO  ==============================================================
08:37:19 INFO  Id:    SoftwareManagement.Plugin.apama_plugin_mon_support
08:37:19 INFO  Dir:   plugin_apama/
08:37:19 INFO  Title: Validate mon file support of apama plugin
08:37:19 INFO  ==============================================================
08:37:19 INFO  Apama plugin tests are disabled by default. Execute `pysys run` with `-XmyPlatform=container` to run these tests ... skipped
08:37:19 WARN  Aborted test due to SKIPPED outcome
08:37:19 INFO  
08:37:19 INFO  Test duration: 0.04 secs
08:37:19 INFO  Test final outcome:  SKIPPED
08:37:19 INFO  Test outcome reason: Apama plugin tests are disabled by default. Execute `pysys run` with `-XmyPlatform=container` to run these tests
08:37:19 INFO  
</system-out>
	</testcase>
<testcase classname="ApamaPluginMonSupportTest" name="SoftwareManagement.Plugin.apama_plugin_mon_support" />
<testcase classname="ApamaPluginMonSupportTest" name="SoftwareManagement.Plugin.apama_plugin_mon_support" />
</testsuite><testsuite name="SoftwareManagement.Plugin.apama_plugin_remove" tests="3" errors="0" failures="0" skipped="1" time="0"><testcase classname="ApamaPluginRemoveTest" name="SoftwareManagement.Plugin.apama_plugin_remove">
		<skipped message="SKIPPED: Apama plugin tests are disabled by default. Execute `pysys run` with `-XmyPlatform=container` to run these tests" />
		<system-out>08:37:19 INFO  ==============================================================
08:37:19 INFO  Id:    SoftwareManagement.Plugin.apama_plugin_remove
08:37:19 INFO  Dir:   plugin_apama/
08:37:19 INFO  Title: Validate apama plugin remove
08:37:19 INFO  ==============================================================
08:37:19 INFO  Apama plugin tests are disabled by default. Execute `pysys run` with `-XmyPlatform=container` to run these tests ... skipped
08:37:19 WARN  Aborted test due to SKIPPED outcome
08:37:19 INFO  
08:37:19 INFO  Test duration: 0.04 secs
08:37:19 INFO  Test final outcome:  SKIPPED
08:37:19 INFO  Test outcome reason: Apama plugin tests are disabled by default. Execute `pysys run` with `-XmyPlatform=container` to run these tests
08:37:19 INFO  
</system-out>
	</testcase>
<testcase classname="ApamaPluginRemoveTest" name="SoftwareManagement.Plugin.apama_plugin_remove" />
<testcase classname="ApamaPluginRemoveTest" name="SoftwareManagement.Plugin.apama_plugin_remove" />
</testsuite><testsuite name="SoftwareManagement.Plugin.apama_plugin_update" tests="3" errors="0" failures="2" skipped="1" time="0"><testcase classname="ApamaPluginUpdateTest" name="SoftwareManagement.Plugin.apama_plugin_update">
		<skipped message="SKIPPED: Apama plugin tests are disabled by default. Execute `pysys run` with `-XmyPlatform=container` to run these tests" />
		<system-out>08:37:19 INFO  ==============================================================
08:37:19 INFO  Id:    SoftwareManagement.Plugin.apama_plugin_update
08:37:19 INFO  Dir:   plugin_apama/
08:37:19 INFO  Title: Validate apama plugin updating one project with another
08:37:19 INFO  ==============================================================
08:37:19 INFO  Apama plugin tests are disabled by default. Execute `pysys run` with `-XmyPlatform=container` to run these tests ... skipped
08:37:19 WARN  Aborted test due to SKIPPED outcome
08:37:19 INFO  
08:37:19 INFO  Test duration: 0.04 secs
08:37:19 INFO  Test final outcome:  SKIPPED
08:37:19 INFO  Test outcome reason: Apama plugin tests are disabled by default. Execute `pysys run` with `-XmyPlatform=container` to run these tests
08:37:19 INFO  
</system-out>
	</testcase>
<testcase classname="ApamaPluginUpdateTest" name="SoftwareManagement.Plugin.apama_plugin_update">
		<failure message="BLOCKED: sudo&lt;plugin_install&gt; returned non-zero exit code 2" type="BLOCKED" />
		<system-out>09:32:11 INFO  ==============================================================
09:32:11 INFO  Id:    SoftwareManagement.Plugin.apama_plugin_update
09:32:11 INFO  Dir:   plugin_apama/
09:32:11 INFO  Title: Validate apama plugin updating one project with another
09:32:11 INFO  ==============================================================
09:32:11 INFO  Assertion that path exists=False for "/etc/tedge/apama/project" ... passed
09:32:12 INFO  Executed sudo&lt;create_project_dir&gt;, exit status 0
09:32:12 INFO  Executed sudo&lt;unzip_apama_project&gt;, exit status 0
09:32:13 INFO  Executed sudo&lt;move_apama_project&gt;, exit status 0
09:32:14 INFO  Executed sudo&lt;restart_apama_service&gt;, exit status 0
09:32:15 INFO  Executed sudo&lt;apama_correlator_wait&gt;, exit status 0
09:32:15 INFO  Assertion that path exists=True for "/etc/tedge/apama/project" ... passed
09:32:15 INFO  Executed sudo&lt;apama_list_monitors&gt;, exit status 0
09:32:15 INFO  Grep on file /home/pi/actions-runner/_work/thin-edge.io/thin-edge.io/tests/PySys/plugin_apama/apama_plugin_update/Output/linux/apama_list_monitors.out ... passed
09:32:16 WARN  Executed sudo&lt;plugin_install&gt;, exit status 2
09:32:16 INFO  Contents of plugin_install.err: 
  ERROR: Directory not empty (os error 39)
  -----

09:32:16 WARN  sudo&lt;plugin_install&gt; returned non-zero exit code 2 ... blocked [run.py:35]
09:32:16 WARN  Aborted test due to BLOCKED outcome
09:32:16 INFO  
09:32:16 INFO  cleanup:
09:32:16 INFO  Removing apama project
09:32:32 INFO  Executed sudo&lt;stop_apama_service&gt;, exit status 0, duration 15 secs
09:32:32 INFO  Executed sudo&lt;remove_apama_project&gt;, exit status 0
09:32:33 INFO  Executed sudo&lt;remove_apama_tmp_dir&gt;, exit status 0
09:32:33 INFO  
09:32:33 INFO  Test duration: 21.60 secs
09:32:33 INFO  Test final outcome:  BLOCKED
09:32:33 INFO  Test outcome reason: sudo&lt;plugin_install&gt; returned non-zero exit code 2
09:32:33 INFO  
</system-out>
	</testcase>
<testcase classname="ApamaPluginUpdateTest" name="SoftwareManagement.Plugin.apama_plugin_update">
		<failure message="BLOCKED: sudo&lt;plugin_install&gt; returned non-zero exit code 2" type="BLOCKED" />
		<system-out>09:40:56 INFO  ==============================================================
09:40:56 INFO  Id:    SoftwareManagement.Plugin.apama_plugin_update
09:40:56 INFO  Dir:   plugin_apama/
09:40:56 INFO  Title: Validate apama plugin updating one project with another
09:40:56 INFO  ==============================================================
09:40:56 INFO  Assertion that path exists=False for "/etc/tedge/apama/project" ... passed
09:40:56 INFO  Executed sudo&lt;create_project_dir&gt;, exit status 0
09:40:57 INFO  Executed sudo&lt;unzip_apama_project&gt;, exit status 0
09:40:58 INFO  Executed sudo&lt;move_apama_project&gt;, exit status 0
09:40:58 INFO  Executed sudo&lt;restart_apama_service&gt;, exit status 0
09:40:59 INFO  Executed sudo&lt;apama_correlator_wait&gt;, exit status 0
09:40:59 INFO  Assertion that path exists=True for "/etc/tedge/apama/project" ... passed
09:41:00 INFO  Executed sudo&lt;apama_list_monitors&gt;, exit status 0
09:41:00 INFO  Grep on file /home/pi/actions-runner/_work/thin-edge.io/thin-edge.io/tests/PySys/plugin_apama/apama_plugin_update/Output/linux/apama_list_monitors.out ... passed
09:41:00 WARN  Executed sudo&lt;plugin_install&gt;, exit status 2
09:41:00 INFO  Contents of plugin_install.err: 
  ERROR: Directory not empty (os error 39)
  -----

09:41:01 WARN  sudo&lt;plugin_install&gt; returned non-zero exit code 2 ... blocked [run.py:35]
09:41:01 WARN  Aborted test due to BLOCKED outcome
09:41:01 INFO  
09:41:01 INFO  cleanup:
09:41:01 INFO  Removing apama project
09:41:17 INFO  Executed sudo&lt;stop_apama_service&gt;, exit status 0, duration 16 secs
09:41:18 INFO  Executed sudo&lt;remove_apama_project&gt;, exit status 0
09:41:18 INFO  Executed sudo&lt;remove_apama_tmp_dir&gt;, exit status 0
09:41:18 INFO  
09:41:18 INFO  Test duration: 22.51 secs
09:41:18 INFO  Test final outcome:  BLOCKED
09:41:18 INFO  Test outcome reason: sudo&lt;plugin_install&gt; returned non-zero exit code 2
09:41:18 INFO  
</system-out>
	</testcase>
</testsuite><testsuite name="SoftwareManagement.sm_apt_install_download_path" tests="3" errors="0" failures="2" skipped="1" time="0"><testcase classname="AptInstallWithDownloadPath" name="SoftwareManagement.sm_apt_install_download_path">
		<skipped message="SKIPPED: Testing the apt plugin is not supported on this platform.Use parameter -XmyPlatform='container' to enable it" />
		<system-out>08:48:34 INFO  ==============================================================
08:48:34 INFO  Id:    SoftwareManagement.sm_apt_install_download_path
08:48:34 INFO  Dir:   software_management_end_to_end/
08:48:34 INFO  Title: Install package to directory specified in tedge config set tmp.path
08:48:34 INFO  ==============================================================
08:48:35 INFO  Testing the apt plugin is not supported on this platform.Use parameter -XmyPlatform='container' to enable it ... skipped
08:48:35 WARN  Aborted test due to SKIPPED outcome
08:48:35 INFO  
08:48:35 INFO  Test duration: 0.09 secs
08:48:35 INFO  Test final outcome:  SKIPPED
08:48:35 INFO  Test outcome reason: Testing the apt plugin is not supported on this platform.Use parameter -XmyPlatform='container' to enable it
08:48:35 INFO  
</system-out>
	</testcase>
<testcase classname="AptInstallWithDownloadPath" name="SoftwareManagement.sm_apt_install_download_path">
		<failure message="BLOCKED: AssertionError:" type="BLOCKED" />
		<system-out>09:14:09 INFO  ==============================================================
09:14:09 INFO  Id:    SoftwareManagement.sm_apt_install_download_path
09:14:09 INFO  Dir:   software_management_end_to_end/
09:14:09 INFO  Title: Install package to directory specified in tedge config set tmp.path
09:14:09 INFO  ==============================================================
09:14:09 INFO  Using sw id database: {'asciijump': '5475369', 'robotfindskitten': '5474869', 'squirrel3': '5475279', 'rolldice': '5152439', 'moon-buggy': '5439204', 'apple': '5495053', 'banana': '5494888', 'cherry': '5495382', 'watermelon': '5494510', 'registry': '8018911', 'hello-world': '8021526', 'docker/getting-started': '8021973', 'alpine': '7991792'}
09:14:09 INFO  EnvironmentC8y Setup
09:14:10 INFO  Executed systemctl&lt;serv_mapper1&gt;, exit status 3
09:14:25 INFO  Executed sudo&lt;tedge_connect_c8y&gt;, exit status 0, duration 14 secs
09:14:26 INFO  Executed sudo&lt;tedge_connect_c8y_test&gt;, exit status 0
09:14:28 INFO  Executed systemctl&lt;serv_mosq2&gt;, exit status 0
09:14:28 INFO  Executed systemctl&lt;serv_mapper3&gt;, exit status 0
09:14:30 INFO  State of current operation: SUCCESSFUL
09:14:31 INFO  Assert that (False == value) with value=False ... passed
09:14:31 INFO  Executed sudo, exit status 0
09:14:32 INFO  Executed sudo, exit status 0
09:14:32 INFO  Executed sudo, exit status 0
09:14:36 INFO  Executed sudo&lt;tedge_disconnect_c8y&gt;, exit status 0
09:14:37 INFO  Restarting mosquitto too frequently in the last 10 seconds. It was only up for 4 seconds
09:14:37 INFO  Delaying execution by 7 seconds
09:14:57 INFO  Executed sudo&lt;tedge_connect_c8y&gt;, exit status 0, duration 13 secs
09:14:58 INFO  Response status: 201
09:14:58 INFO  Response to action: {
    "creationTime": "2022-04-12T09:14:58.000Z",
    "deviceId": "17153250",
    "deviceName": "mythica",
    "self": "https://t493319102.eu-latest.cumulocity.com/devicecontrol/operations/17197453",
    "id": "17197453",
    "status": "PENDING",
    "description": "Apply software changes, triggered from PySys: [{'name': 'rolldice', 'id': '5152439', 'version': '::apt', 'url': 'https://thin-edge-io.eu-latest.cumulocity.com/inventory/binaries/12435463', 'action': 'install'}]",
    "c8y_SoftwareUpdate": [
        {
            "name": "rolldice",
            "action": "install",
            "id": "5152439",
            "version": "::apt",
            "url": "https://thin-edge-io.eu-latest.cumulocity.com/inventory/binaries/12435463"
        }
    ]
}
09:14:58 INFO  Started operation: {'creationTime': '2022-04-12T09:14:58.000Z', 'deviceId': '17153250', 'deviceName': 'mythica', 'self': 'https://t493319102.eu-latest.cumulocity.com/devicecontrol/operations/17197453', 'id': '17197453', 'status': 'PENDING', 'description': "Apply software changes, triggered from PySys: [{'name': 'rolldice', 'id': '5152439', 'version': '::apt', 'url': 'https://thin-edge-io.eu-latest.cumulocity.com/inventory/binaries/12435463', 'action': 'install'}]", 'c8y_SoftwareUpdate': [{'name': 'rolldice', 'action': 'install', 'id': '5152439', 'version': '::apt', 'url': 'https://thin-edge-io.eu-latest.cumulocity.com/inventory/binaries/12435463'}]}
09:14:58 WARN  , retrying in 0.5 seconds...
09:14:58 WARN  , retrying in 0.5 seconds...
09:14:59 WARN  , retrying in 0.5 seconds...
09:14:59 WARN  , retrying in 0.5 seconds...
09:15:00 WARN  , retrying in 0.5 seconds...
09:15:00 WARN  , retrying in 0.5 seconds...
09:15:01 WARN  , retrying in 0.5 seconds...
09:15:01 WARN  , retrying in 0.5 seconds...
09:15:02 WARN  , retrying in 0.5 seconds...
09:15:02 WARN  AssertionError occurred while running test - 
Traceback (most recent call last):
  File "/home/pi/env-pysys/lib/python3.7/site-packages/pysys/baserunner.py", line 1294, in __call__
    self.testObj.execute()
  File "/home/pi/actions-runner/_work/thin-edge.io/thin-edge.io/tests/PySys/software_management_end_to_end/sm_apt_install_download_path/run.py", line 83, in execute
    assert_install_in_download_path(install_directory=self.DOWNLOAD_DIR)
  File "/home/pi/env-pysys/lib/python3.7/site-packages/decorator.py", line 232, in fun
    return caller(func, *(extras + args), **kw)
  File "/home/pi/env-pysys/lib/python3.7/site-packages/retry/api.py", line 74, in retry_decorator
    logger)
  File "/home/pi/env-pysys/lib/python3.7/site-packages/retry/api.py", line 33, in __retry_internal
    return f()
  File "/home/pi/actions-runner/_work/thin-edge.io/thin-edge.io/tests/PySys/software_management_end_to_end/sm_apt_install_download_path/run.py", line 28, in assert_install_in_download_path
    assert "rolldice" in os.listdir(f"{install_directory}")
AssertionError
09:15:03 WARN  AssertionError: ... blocked 
09:15:03 INFO  
09:15:03 INFO  cleanup:
09:15:03 INFO  Executed sudo, exit status 0
09:15:04 INFO  Executed sudo, exit status 0
09:15:08 INFO  Executed sudo&lt;tedge_disconnect_c8y&gt;, exit status 0
09:15:08 INFO  Restarting mosquitto too frequently in the last 10 seconds. It was only up for 3 seconds
09:15:08 INFO  Delaying execution by 8 seconds
09:15:30 INFO  Executed sudo&lt;tedge_connect_c8y&gt;, exit status 0, duration 14 secs
09:15:35 INFO  Executed sudo&lt;tedge_disconnect_c8y&gt;, exit status 0
09:15:35 INFO  Executed systemctl&lt;serv_mapper5&gt;, exit status 3
09:15:35 INFO  
09:15:35 INFO  Test duration: 86.08 secs
09:15:35 INFO  Test final outcome:  BLOCKED
09:15:35 INFO  Test outcome reason: AssertionError:
09:15:35 INFO  
</system-out>
	</testcase>
<testcase classname="AptInstallWithDownloadPath" name="SoftwareManagement.sm_apt_install_download_path">
		<failure message="BLOCKED: AssertionError:" type="BLOCKED" />
		<system-out>09:41:18 INFO  ==============================================================
09:41:18 INFO  Id:    SoftwareManagement.sm_apt_install_download_path
09:41:18 INFO  Dir:   software_management_end_to_end/
09:41:18 INFO  Title: Install package to directory specified in tedge config set tmp.path
09:41:18 INFO  ==============================================================
09:41:20 INFO  Using sw id database: {'asciijump': '5475369', 'robotfindskitten': '5474869', 'squirrel3': '5475279', 'rolldice': '5152439', 'moon-buggy': '5439204', 'apple': '5495053', 'banana': '5494888', 'cherry': '5495382', 'watermelon': '5494510', 'registry': '8018911', 'hello-world': '8021526', 'docker/getting-started': '8021973', 'alpine': '7991792'}
09:41:20 INFO  EnvironmentC8y Setup
09:41:20 INFO  Executed systemctl&lt;serv_mapper1&gt;, exit status 3
09:41:34 INFO  Executed sudo&lt;tedge_connect_c8y&gt;, exit status 0, duration 14 secs
09:41:35 INFO  Executed sudo&lt;tedge_connect_c8y_test&gt;, exit status 0
09:41:36 INFO  Executed systemctl&lt;serv_mosq2&gt;, exit status 0
09:41:36 INFO  Executed systemctl&lt;serv_mapper3&gt;, exit status 0
09:41:38 INFO  State of current operation: SUCCESSFUL
09:41:39 INFO  Assert that (False == value) with value=False ... passed
09:41:39 INFO  Executed sudo, exit status 0
09:41:40 INFO  Executed sudo, exit status 0
09:41:40 INFO  Executed sudo, exit status 0
09:41:44 INFO  Executed sudo&lt;tedge_disconnect_c8y&gt;, exit status 0
09:41:44 INFO  Restarting mosquitto too frequently in the last 10 seconds. It was only up for 4 seconds
09:41:44 INFO  Delaying execution by 7 seconds
09:42:05 INFO  Executed sudo&lt;tedge_connect_c8y&gt;, exit status 0, duration 13 secs
09:42:05 INFO  Response status: 201
09:42:05 INFO  Response to action: {
    "creationTime": "2022-04-12T09:42:05.949Z",
    "deviceId": "17153250",
    "deviceName": "mythica",
    "self": "https://t493319102.eu-latest.cumulocity.com/devicecontrol/operations/17197548",
    "id": "17197548",
    "status": "PENDING",
    "description": "Apply software changes, triggered from PySys: [{'name': 'rolldice', 'id': '5152439', 'version': '::apt', 'url': 'https://thin-edge-io.eu-latest.cumulocity.com/inventory/binaries/12435463', 'action': 'install'}]",
    "c8y_SoftwareUpdate": [
        {
            "name": "rolldice",
            "action": "install",
            "id": "5152439",
            "version": "::apt",
            "url": "https://thin-edge-io.eu-latest.cumulocity.com/inventory/binaries/12435463"
        }
    ]
}
09:42:05 INFO  Started operation: {'creationTime': '2022-04-12T09:42:05.949Z', 'deviceId': '17153250', 'deviceName': 'mythica', 'self': 'https://t493319102.eu-latest.cumulocity.com/devicecontrol/operations/17197548', 'id': '17197548', 'status': 'PENDING', 'description': "Apply software changes, triggered from PySys: [{'name': 'rolldice', 'id': '5152439', 'version': '::apt', 'url': 'https://thin-edge-io.eu-latest.cumulocity.com/inventory/binaries/12435463', 'action': 'install'}]", 'c8y_SoftwareUpdate': [{'name': 'rolldice', 'action': 'install', 'id': '5152439', 'version': '::apt', 'url': 'https://thin-edge-io.eu-latest.cumulocity.com/inventory/binaries/12435463'}]}
09:42:06 WARN  , retrying in 0.5 seconds...
09:42:06 WARN  , retrying in 0.5 seconds...
09:42:07 WARN  , retrying in 0.5 seconds...
09:42:07 WARN  , retrying in 0.5 seconds...
09:42:08 WARN  , retrying in 0.5 seconds...
09:42:08 WARN  , retrying in 0.5 seconds...
09:42:09 WARN  , retrying in 0.5 seconds...
09:42:09 WARN  , retrying in 0.5 seconds...
09:42:10 WARN  , retrying in 0.5 seconds...
09:42:10 WARN  AssertionError occurred while running test - 
Traceback (most recent call last):
  File "/home/pi/env-pysys/lib/python3.7/site-packages/pysys/baserunner.py", line 1294, in __call__
    self.testObj.execute()
  File "/home/pi/actions-runner/_work/thin-edge.io/thin-edge.io/tests/PySys/software_management_end_to_end/sm_apt_install_download_path/run.py", line 83, in execute
    assert_install_in_download_path(install_directory=self.DOWNLOAD_DIR)
  File "/home/pi/env-pysys/lib/python3.7/site-packages/decorator.py", line 232, in fun
    return caller(func, *(extras + args), **kw)
  File "/home/pi/env-pysys/lib/python3.7/site-packages/retry/api.py", line 74, in retry_decorator
    logger)
  File "/home/pi/env-pysys/lib/python3.7/site-packages/retry/api.py", line 33, in __retry_internal
    return f()
  File "/home/pi/actions-runner/_work/thin-edge.io/thin-edge.io/tests/PySys/software_management_end_to_end/sm_apt_install_download_path/run.py", line 28, in assert_install_in_download_path
    assert "rolldice" in os.listdir(f"{install_directory}")
AssertionError
09:42:10 WARN  AssertionError: ... blocked 
09:42:10 INFO  
09:42:10 INFO  cleanup:
09:42:11 INFO  Executed sudo, exit status 0
09:42:11 INFO  Executed sudo, exit status 0
09:42:16 INFO  Executed sudo&lt;tedge_disconnect_c8y&gt;, exit status 0
09:42:16 INFO  Restarting mosquitto too frequently in the last 10 seconds. It was only up for 4 seconds
09:42:16 INFO  Delaying execution by 7 seconds
09:42:37 INFO  Executed sudo&lt;tedge_connect_c8y&gt;, exit status 0, duration 13 secs
09:42:41 INFO  Executed sudo&lt;tedge_disconnect_c8y&gt;, exit status 0
09:42:42 INFO  Executed systemctl&lt;serv_mapper5&gt;, exit status 3
09:42:42 INFO  
09:42:42 INFO  Test duration: 83.27 secs
09:42:42 INFO  Test final outcome:  BLOCKED
09:42:42 INFO  Test outcome reason: AssertionError:
09:42:42 INFO  
</system-out>
	</testcase>
</testsuite><testsuite name="SoftwareManagement.sm_apt_install_fail" tests="3" errors="0" failures="0" skipped="1" time="0"><testcase classname="PySysTest" name="SoftwareManagement.sm_apt_install_fail">
		<skipped message="SKIPPED: Testing the apt plugin is not supported on this platform.Use parameter -XmyPlatform='container' to enable it" />
		<system-out>08:48:35 INFO  ==============================================================
08:48:35 INFO  Id:    SoftwareManagement.sm_apt_install_fail
08:48:35 INFO  Dir:   software_management_end_to_end/
08:48:35 INFO  Title: Validate end to end behaviour for a failing installation
08:48:35 INFO  ==============================================================
08:48:35 INFO  Testing the apt plugin is not supported on this platform.Use parameter -XmyPlatform='container' to enable it ... skipped
08:48:35 WARN  Aborted test due to SKIPPED outcome
08:48:35 INFO  
08:48:35 INFO  Test duration: 0.02 secs
08:48:35 INFO  Test final outcome:  SKIPPED
08:48:35 INFO  Test outcome reason: Testing the apt plugin is not supported on this platform.Use parameter -XmyPlatform='container' to enable it
08:48:35 INFO  
</system-out>
	</testcase>
<testcase classname="PySysTest" name="SoftwareManagement.sm_apt_install_fail" />
<testcase classname="PySysTest" name="SoftwareManagement.sm_apt_install_fail" />
</testsuite><testsuite name="SoftwareManagement.sm_apt_install_remove" tests="3" errors="0" failures="0" skipped="1" time="0"><testcase classname="PySysTest" name="SoftwareManagement.sm_apt_install_remove">
		<skipped message="SKIPPED: Testing the apt plugin is not supported on this platform.Use parameter -XmyPlatform='container' to enable it" />
		<system-out>08:48:35 INFO  ==============================================================
08:48:35 INFO  Id:    SoftwareManagement.sm_apt_install_remove
08:48:35 INFO  Dir:   software_management_end_to_end/
08:48:35 INFO  Title: Validate end to end behaviour for the apt plugin for installation and removal of packages
08:48:35 INFO  ==============================================================
08:48:35 INFO  Testing the apt plugin is not supported on this platform.Use parameter -XmyPlatform='container' to enable it ... skipped
08:48:35 WARN  Aborted test due to SKIPPED outcome
08:48:35 INFO  
08:48:35 INFO  Test duration: 0.02 secs
08:48:35 INFO  Test final outcome:  SKIPPED
08:48:35 INFO  Test outcome reason: Testing the apt plugin is not supported on this platform.Use parameter -XmyPlatform='container' to enable it
08:48:35 INFO  
</system-out>
	</testcase>
<testcase classname="PySysTest" name="SoftwareManagement.sm_apt_install_remove" />
<testcase classname="PySysTest" name="SoftwareManagement.sm_apt_install_remove" />
</testsuite><testsuite name="SoftwareManagement.sm_apt_install_remove_default" tests="3" errors="0" failures="0" skipped="1" time="0"><testcase classname="PySysTest" name="SoftwareManagement.sm_apt_install_remove_default">
		<skipped message="SKIPPED: Testing the apt plugin is not supported on this platform.Use parameter -XmyPlatform='container' to enable it" />
		<system-out>08:48:35 INFO  ==============================================================
08:48:35 INFO  Id:    SoftwareManagement.sm_apt_install_remove_default
08:48:35 INFO  Dir:   software_management_end_to_end/
08:48:35 INFO  Title: Validate end to end behaviour for the default plugin for installation and removal of packages
08:48:35 INFO  ==============================================================
08:48:35 INFO  Testing the apt plugin is not supported on this platform.Use parameter -XmyPlatform='container' to enable it ... skipped
08:48:35 WARN  Aborted test due to SKIPPED outcome
08:48:35 INFO  
08:48:35 INFO  Test duration: 0.02 secs
08:48:35 INFO  Test final outcome:  SKIPPED
08:48:35 INFO  Test outcome reason: Testing the apt plugin is not supported on this platform.Use parameter -XmyPlatform='container' to enable it
08:48:35 INFO  
</system-out>
	</testcase>
<testcase classname="PySysTest" name="SoftwareManagement.sm_apt_install_remove_default" />
<testcase classname="PySysTest" name="SoftwareManagement.sm_apt_install_remove_default" />
</testsuite><testsuite name="SoftwareManagement.sm_apt_install_remove_multiple" tests="3" errors="0" failures="2" skipped="1" time="0"><testcase classname="PySysTest" name="SoftwareManagement.sm_apt_install_remove_multiple">
		<skipped message="SKIPPED: Testing the apt plugin is not supported on this platform.Use parameter -XmyPlatform='container' to enable it" />
		<system-out>08:48:35 INFO  ==============================================================
08:48:35 INFO  Id:    SoftwareManagement.sm_apt_install_remove_multiple
08:48:35 INFO  Dir:   software_management_end_to_end/
08:48:35 INFO  Title: Validate end to end behaviour for the apt plugin for multiple packages
08:48:35 INFO  ==============================================================
08:48:35 INFO  Testing the apt plugin is not supported on this platform.Use parameter -XmyPlatform='container' to enable it ... skipped
08:48:35 WARN  Aborted test due to SKIPPED outcome
08:48:35 INFO  
08:48:35 INFO  Test duration: 0.02 secs
08:48:35 INFO  Test final outcome:  SKIPPED
08:48:35 INFO  Test outcome reason: Testing the apt plugin is not supported on this platform.Use parameter -XmyPlatform='container' to enable it
08:48:35 INFO  
</system-out>
	</testcase>
<testcase classname="PySysTest" name="SoftwareManagement.sm_apt_install_remove_multiple">
		<failure message="FAILED: Assert that (False == value) with value=True" type="FAILED" />
		<system-out>09:22:24 INFO  ==============================================================
09:22:24 INFO  Id:    SoftwareManagement.sm_apt_install_remove_multiple
09:22:24 INFO  Dir:   software_management_end_to_end/
09:22:24 INFO  Title: Validate end to end behaviour for the apt plugin for multiple packages
09:22:24 INFO  ==============================================================
09:22:24 INFO  Using sw id database: {'asciijump': '5475369', 'robotfindskitten': '5474869', 'squirrel3': '5475279', 'rolldice': '5152439', 'moon-buggy': '5439204', 'apple': '5495053', 'banana': '5494888', 'cherry': '5495382', 'watermelon': '5494510', 'registry': '8018911', 'hello-world': '8021526', 'docker/getting-started': '8021973', 'alpine': '7991792'}
09:22:24 INFO  EnvironmentC8y Setup
09:22:25 INFO  Executed systemctl&lt;serv_mapper1&gt;, exit status 3
09:22:25 INFO  Restarting mosquitto too frequently in the last 10 seconds. It was only up for 4 seconds
09:22:25 INFO  Delaying execution by 7 seconds
09:22:46 INFO  Executed sudo&lt;tedge_connect_c8y&gt;, exit status 0, duration 14 secs
09:22:47 INFO  Executed sudo&lt;tedge_connect_c8y_test&gt;, exit status 0
09:22:47 INFO  Executed systemctl&lt;serv_mosq2&gt;, exit status 0
09:22:48 INFO  Executed systemctl&lt;serv_mapper3&gt;, exit status 0
09:22:50 INFO  State of current operation: SUCCESSFUL
09:22:50 INFO  Assert that (False == value) with value=False ... passed
09:22:51 INFO  Assert that (False == value) with value=False ... passed
09:22:51 INFO  Assert that (False == value) with value=False ... passed
09:22:51 INFO  Package robotfindskitten is installed
09:22:51 WARN  Assert that (False == value) with value=True ... failed 
09:22:51 INFO  Response status: 201
09:22:51 INFO  Response to action: {
    "delivery": {
        "time": "2022-04-12T09:22:51.752Z",
        "log": [],
        "status": "PENDING"
    },
    "creationTime": "2022-04-12T09:22:51.736Z",
    "deviceId": "17153250",
    "deviceName": "mythica",
    "self": "https://t493319102.eu-latest.cumulocity.com/devicecontrol/operations/17197482",
    "id": "17197482",
    "status": "PENDING",
    "description": "Apply software changes, triggered from PySys: [{'action': 'install', 'id': '5475369', 'name': 'asciijump', 'url': ' ', 'version': '::apt'}, {'action': 'install', 'id': '5474869', 'name': 'robotfindskitten', 'url': ' ', 'version': '::apt'}, {'action': 'install', 'id': '5475279', 'name': 'squirrel3', 'url': ' ', 'version': '::apt'}]",
    "c8y_SoftwareUpdate": [
        {
            "name": "asciijump",
            "action": "install",
            "id": "5475369",
            "version": "::apt",
            "url": " "
        },
        {
            "name": "robotfindskitten",
            "action": "install",
            "id": "5474869",
            "version": "::apt",
            "url": " "
        },
        {
            "name": "squirrel3",
            "action": "install",
            "id": "5475279",
            "version": "::apt",
            "url": " "
        }
    ]
}
09:22:51 INFO  Started operation: {'delivery': {'time': '2022-04-12T09:22:51.752Z', 'log': [], 'status': 'PENDING'}, 'creationTime': '2022-04-12T09:22:51.736Z', 'deviceId': '17153250', 'deviceName': 'mythica', 'self': 'https://t493319102.eu-latest.cumulocity.com/devicecontrol/operations/17197482', 'id': '17197482', 'status': 'PENDING', 'description': "Apply software changes, triggered from PySys: [{'action': 'install', 'id': '5475369', 'name': 'asciijump', 'url': ' ', 'version': '::apt'}, {'action': 'install', 'id': '5474869', 'name': 'robotfindskitten', 'url': ' ', 'version': '::apt'}, {'action': 'install', 'id': '5475279', 'name': 'squirrel3', 'url': ' ', 'version': '::apt'}]", 'c8y_SoftwareUpdate': [{'name': 'asciijump', 'action': 'install', 'id': '5475369', 'version': '::apt', 'url': ' '}, {'name': 'robotfindskitten', 'action': 'install', 'id': '5474869', 'version': '::apt', 'url': ' '}, {'name': 'squirrel3', 'action': 'install', 'id': '5475279', 'version': '::apt', 'url': ' '}]}
09:22:54 INFO  State of operation 17197482 : PENDING
09:22:56 INFO  State of operation 17197482 : EXECUTING
09:22:58 INFO  State of operation 17197482 : EXECUTING
09:23:00 INFO  State of operation 17197482 : EXECUTING
09:23:02 INFO  State of operation 17197482 : EXECUTING
09:23:05 INFO  State of operation 17197482 : EXECUTING
09:23:07 INFO  State of operation 17197482 : EXECUTING
09:23:10 INFO  State of operation 17197482 : EXECUTING
09:23:13 INFO  State of operation 17197482 : EXECUTING
09:23:15 INFO  State of operation 17197482 : EXECUTING
09:23:17 INFO  State of operation 17197482 : EXECUTING
09:23:19 INFO  State of operation 17197482 : EXECUTING
09:23:21 INFO  State of operation 17197482 : EXECUTING
09:23:24 INFO  State of operation 17197482 : EXECUTING
09:23:26 INFO  State of operation 17197482 : EXECUTING
09:23:28 INFO  State of operation 17197482 : EXECUTING
09:23:31 INFO  State of operation 17197482 : EXECUTING
09:23:33 INFO  State of operation 17197482 : EXECUTING
09:23:35 INFO  State of operation 17197482 : EXECUTING
09:23:38 INFO  State of operation 17197482 : EXECUTING
09:23:40 INFO  State of operation 17197482 : EXECUTING
09:23:43 INFO  State of operation 17197482 : EXECUTING
09:23:45 INFO  State of operation 17197482 : EXECUTING
09:23:47 INFO  State of operation 17197482 : EXECUTING
09:23:49 INFO  State of operation 17197482 : EXECUTING
09:23:52 INFO  State of operation 17197482 : EXECUTING
09:23:54 INFO  State of operation 17197482 : EXECUTING
09:23:56 INFO  State of operation 17197482 : EXECUTING
09:23:58 INFO  State of operation 17197482 : EXECUTING
09:24:01 INFO  State of operation 17197482 : EXECUTING
09:24:03 INFO  State of operation 17197482 : EXECUTING
09:24:05 INFO  State of operation 17197482 : EXECUTING
09:24:08 INFO  State of operation 17197482 : EXECUTING
09:24:10 INFO  State of operation 17197482 : EXECUTING
09:24:12 INFO  State of operation 17197482 : SUCCESSFUL
09:24:12 INFO  Assert that (False == value) with value=False ... passed
09:24:12 INFO  Package asciijump is installed
09:24:12 INFO  Assert that (True == value) with value=True ... passed
09:24:13 INFO  Package squirrel3 is installed
09:24:13 INFO  Assert that (True == value) with value=True ... passed
09:24:13 INFO  Package robotfindskitten is installed
09:24:13 INFO  Assert that (True == value) with value=True ... passed
09:24:13 INFO  Response status: 201
09:24:13 INFO  Response to action: {
    "delivery": {
        "time": "2022-04-12T09:24:13.589Z",
        "log": [],
        "status": "PENDING"
    },
    "creationTime": "2022-04-12T09:24:13.577Z",
    "deviceId": "17153250",
    "deviceName": "mythica",
    "self": "https://t493319102.eu-latest.cumulocity.com/devicecontrol/operations/17197496",
    "id": "17197496",
    "status": "PENDING",
    "description": "Apply software changes, triggered from PySys: [{'action': 'delete', 'id': '5475369', 'name': 'asciijump', 'url': ' ', 'version': '::apt'}, {'action': 'delete', 'id': '5474869', 'name': 'robotfindskitten', 'url': ' ', 'version': '::apt'}, {'action': 'delete', 'id': '5475279', 'name': 'squirrel3', 'url': ' ', 'version': '::apt'}]",
    "c8y_SoftwareUpdate": [
        {
            "name": "asciijump",
            "action": "delete",
            "id": "5475369",
            "version": "::apt",
            "url": " "
        },
        {
            "name": "robotfindskitten",
            "action": "delete",
            "id": "5474869",
            "version": "::apt",
            "url": " "
        },
        {
            "name": "squirrel3",
            "action": "delete",
            "id": "5475279",
            "version": "::apt",
            "url": " "
        }
    ]
}
09:24:13 INFO  Started operation: {'delivery': {'time': '2022-04-12T09:24:13.589Z', 'log': [], 'status': 'PENDING'}, 'creationTime': '2022-04-12T09:24:13.577Z', 'deviceId': '17153250', 'deviceName': 'mythica', 'self': 'https://t493319102.eu-latest.cumulocity.com/devicecontrol/operations/17197496', 'id': '17197496', 'status': 'PENDING', 'description': "Apply software changes, triggered from PySys: [{'action': 'delete', 'id': '5475369', 'name': 'asciijump', 'url': ' ', 'version': '::apt'}, {'action': 'delete', 'id': '5474869', 'name': 'robotfindskitten', 'url': ' ', 'version': '::apt'}, {'action': 'delete', 'id': '5475279', 'name': 'squirrel3', 'url': ' ', 'version': '::apt'}]", 'c8y_SoftwareUpdate': [{'name': 'asciijump', 'action': 'delete', 'id': '5475369', 'version': '::apt', 'url': ' '}, {'name': 'robotfindskitten', 'action': 'delete', 'id': '5474869', 'version': '::apt', 'url': ' '}, {'name': 'squirrel3', 'action': 'delete', 'id': '5475279', 'version': '::apt', 'url': ' '}]}
09:24:15 INFO  State of operation 17197496 : PENDING
09:24:18 INFO  State of operation 17197496 : EXECUTING
09:24:20 INFO  State of operation 17197496 : EXECUTING
09:24:22 INFO  State of operation 17197496 : EXECUTING
09:24:24 INFO  State of operation 17197496 : EXECUTING
09:24:26 INFO  State of operation 17197496 : EXECUTING
09:24:29 INFO  State of operation 17197496 : EXECUTING
09:24:32 INFO  State of operation 17197496 : EXECUTING
09:24:35 INFO  State of operation 17197496 : EXECUTING
09:24:37 INFO  State of operation 17197496 : EXECUTING
09:24:39 INFO  State of operation 17197496 : EXECUTING
09:24:41 INFO  State of operation 17197496 : EXECUTING
09:24:44 INFO  State of operation 17197496 : EXECUTING
09:24:46 INFO  State of operation 17197496 : EXECUTING
09:24:48 INFO  State of operation 17197496 : EXECUTING
09:24:51 INFO  State of operation 17197496 : EXECUTING
09:24:53 INFO  State of operation 17197496 : EXECUTING
09:24:56 INFO  State of operation 17197496 : EXECUTING
09:24:58 INFO  State of operation 17197496 : EXECUTING
09:25:00 INFO  State of operation 17197496 : EXECUTING
09:25:03 INFO  State of operation 17197496 : EXECUTING
09:25:05 INFO  State of operation 17197496 : EXECUTING
09:25:07 INFO  State of operation 17197496 : EXECUTING
09:25:10 INFO  State of operation 17197496 : EXECUTING
09:25:12 INFO  State of operation 17197496 : EXECUTING
09:25:14 INFO  State of operation 17197496 : EXECUTING
09:25:17 INFO  State of operation 17197496 : EXECUTING
09:25:19 INFO  State of operation 17197496 : SUCCESSFUL
09:25:19 INFO  Assert that (False == value) with value=False ... passed
09:25:19 INFO  Assert that (False == value) with value=False ... passed
09:25:20 INFO  Assert that (False == value) with value=False ... passed
09:25:20 INFO  Assert that (False == value) with value=False ... passed
09:25:20 INFO  
09:25:20 INFO  cleanup:
09:25:24 INFO  Executed sudo&lt;tedge_disconnect_c8y&gt;, exit status 0
09:25:24 INFO  Executed systemctl&lt;serv_mapper5&gt;, exit status 3
09:25:24 INFO  
09:25:24 INFO  Test duration: 180.00 secs
09:25:24 INFO  Test final outcome:  FAILED
09:25:24 INFO  Test outcome reason: Assert that (False == value) with value=True
09:25:24 INFO  
</system-out>
	</testcase>
<testcase classname="PySysTest" name="SoftwareManagement.sm_apt_install_remove_multiple">
		<failure message="FAILED: Assert that (False == value) with value=True (+2 other failures)" type="FAILED" />
		<system-out>09:49:10 INFO  ==============================================================
09:49:10 INFO  Id:    SoftwareManagement.sm_apt_install_remove_multiple
09:49:10 INFO  Dir:   software_management_end_to_end/
09:49:10 INFO  Title: Validate end to end behaviour for the apt plugin for multiple packages
09:49:10 INFO  ==============================================================
09:49:10 INFO  Using sw id database: {'asciijump': '5475369', 'robotfindskitten': '5474869', 'squirrel3': '5475279', 'rolldice': '5152439', 'moon-buggy': '5439204', 'apple': '5495053', 'banana': '5494888', 'cherry': '5495382', 'watermelon': '5494510', 'registry': '8018911', 'hello-world': '8021526', 'docker/getting-started': '8021973', 'alpine': '7991792'}
09:49:10 INFO  EnvironmentC8y Setup
09:49:11 INFO  Executed systemctl&lt;serv_mapper1&gt;, exit status 3
09:49:11 INFO  Restarting mosquitto too frequently in the last 10 seconds. It was only up for 5 seconds
09:49:11 INFO  Delaying execution by 6 seconds
09:49:31 INFO  Executed sudo&lt;tedge_connect_c8y&gt;, exit status 0, duration 14 secs
09:49:31 INFO  Executed sudo&lt;tedge_connect_c8y_test&gt;, exit status 0
09:49:32 INFO  Executed systemctl&lt;serv_mosq2&gt;, exit status 0
09:49:32 INFO  Executed systemctl&lt;serv_mapper3&gt;, exit status 0
09:49:35 INFO  State of current operation: SUCCESSFUL
09:49:35 INFO  Assert that (False == value) with value=False ... passed
09:49:35 INFO  Package asciijump is installed
09:49:36 WARN  Assert that (False == value) with value=True ... failed 
09:49:36 INFO  Package squirrel3 is installed
09:49:36 WARN  Assert that (False == value) with value=True ... failed 
09:49:36 INFO  Package robotfindskitten is installed
09:49:36 WARN  Assert that (False == value) with value=True ... failed 
09:49:36 INFO  Response status: 201
09:49:36 INFO  Response to action: {
    "creationTime": "2022-04-12T09:49:36.700Z",
    "deviceId": "17153250",
    "deviceName": "mythica",
    "self": "https://t493319102.eu-latest.cumulocity.com/devicecontrol/operations/17197582",
    "id": "17197582",
    "status": "PENDING",
    "description": "Apply software changes, triggered from PySys: [{'action': 'install', 'id': '5475369', 'name': 'asciijump', 'url': ' ', 'version': '::apt'}, {'action': 'install', 'id': '5474869', 'name': 'robotfindskitten', 'url': ' ', 'version': '::apt'}, {'action': 'install', 'id': '5475279', 'name': 'squirrel3', 'url': ' ', 'version': '::apt'}]",
    "c8y_SoftwareUpdate": [
        {
            "name": "asciijump",
            "action": "install",
            "id": "5475369",
            "version": "::apt",
            "url": " "
        },
        {
            "name": "robotfindskitten",
            "action": "install",
            "id": "5474869",
            "version": "::apt",
            "url": " "
        },
        {
            "name": "squirrel3",
            "action": "install",
            "id": "5475279",
            "version": "::apt",
            "url": " "
        }
    ]
}
09:49:36 INFO  Started operation: {'creationTime': '2022-04-12T09:49:36.700Z', 'deviceId': '17153250', 'deviceName': 'mythica', 'self': 'https://t493319102.eu-latest.cumulocity.com/devicecontrol/operations/17197582', 'id': '17197582', 'status': 'PENDING', 'description': "Apply software changes, triggered from PySys: [{'action': 'install', 'id': '5475369', 'name': 'asciijump', 'url': ' ', 'version': '::apt'}, {'action': 'install', 'id': '5474869', 'name': 'robotfindskitten', 'url': ' ', 'version': '::apt'}, {'action': 'install', 'id': '5475279', 'name': 'squirrel3', 'url': ' ', 'version': '::apt'}]", 'c8y_SoftwareUpdate': [{'name': 'asciijump', 'action': 'install', 'id': '5475369', 'version': '::apt', 'url': ' '}, {'name': 'robotfindskitten', 'action': 'install', 'id': '5474869', 'version': '::apt', 'url': ' '}, {'name': 'squirrel3', 'action': 'install', 'id': '5475279', 'version': '::apt', 'url': ' '}]}
09:49:38 INFO  State of operation 17197582 : PENDING
09:49:41 INFO  State of operation 17197582 : EXECUTING
09:49:43 INFO  State of operation 17197582 : EXECUTING
09:49:45 INFO  State of operation 17197582 : EXECUTING
09:49:47 INFO  State of operation 17197582 : EXECUTING
09:49:50 INFO  State of operation 17197582 : EXECUTING
09:49:52 INFO  State of operation 17197582 : EXECUTING
09:49:55 INFO  State of operation 17197582 : EXECUTING
09:49:58 INFO  State of operation 17197582 : EXECUTING
09:50:00 INFO  State of operation 17197582 : EXECUTING
09:50:02 INFO  State of operation 17197582 : EXECUTING
09:50:05 INFO  State of operation 17197582 : EXECUTING
09:50:07 INFO  State of operation 17197582 : EXECUTING
09:50:09 INFO  State of operation 17197582 : EXECUTING
09:50:11 INFO  State of operation 17197582 : EXECUTING
09:50:14 INFO  State of operation 17197582 : SUCCESSFUL
09:50:14 INFO  Assert that (False == value) with value=False ... passed
09:50:14 INFO  Package asciijump is installed
09:50:14 INFO  Assert that (True == value) with value=True ... passed
09:50:14 INFO  Package squirrel3 is installed
09:50:14 INFO  Assert that (True == value) with value=True ... passed
09:50:14 INFO  Package robotfindskitten is installed
09:50:14 INFO  Assert that (True == value) with value=True ... passed
09:50:15 INFO  Response status: 201
09:50:15 INFO  Response to action: {
    "creationTime": "2022-04-12T09:50:15.155Z",
    "deviceId": "17153250",
    "deviceName": "mythica",
    "self": "https://t493319102.eu-latest.cumulocity.com/devicecontrol/operations/17197586",
    "id": "17197586",
    "status": "PENDING",
    "description": "Apply software changes, triggered from PySys: [{'action': 'delete', 'id': '5475369', 'name': 'asciijump', 'url': ' ', 'version': '::apt'}, {'action': 'delete', 'id': '5474869', 'name': 'robotfindskitten', 'url': ' ', 'version': '::apt'}, {'action': 'delete', 'id': '5475279', 'name': 'squirrel3', 'url': ' ', 'version': '::apt'}]",
    "c8y_SoftwareUpdate": [
        {
            "name": "asciijump",
            "action": "delete",
            "id": "5475369",
            "version": "::apt",
            "url": " "
        },
        {
            "name": "robotfindskitten",
            "action": "delete",
            "id": "5474869",
            "version": "::apt",
            "url": " "
        },
        {
            "name": "squirrel3",
            "action": "delete",
            "id": "5475279",
            "version": "::apt",
            "url": " "
        }
    ]
}
09:50:15 INFO  Started operation: {'creationTime': '2022-04-12T09:50:15.155Z', 'deviceId': '17153250', 'deviceName': 'mythica', 'self': 'https://t493319102.eu-latest.cumulocity.com/devicecontrol/operations/17197586', 'id': '17197586', 'status': 'PENDING', 'description': "Apply software changes, triggered from PySys: [{'action': 'delete', 'id': '5475369', 'name': 'asciijump', 'url': ' ', 'version': '::apt'}, {'action': 'delete', 'id': '5474869', 'name': 'robotfindskitten', 'url': ' ', 'version': '::apt'}, {'action': 'delete', 'id': '5475279', 'name': 'squirrel3', 'url': ' ', 'version': '::apt'}]", 'c8y_SoftwareUpdate': [{'name': 'asciijump', 'action': 'delete', 'id': '5475369', 'version': '::apt', 'url': ' '}, {'name': 'robotfindskitten', 'action': 'delete', 'id': '5474869', 'version': '::apt', 'url': ' '}, {'name': 'squirrel3', 'action': 'delete', 'id': '5475279', 'version': '::apt', 'url': ' '}]}
09:50:17 INFO  State of operation 17197586 : PENDING
09:50:19 INFO  State of operation 17197586 : EXECUTING
09:50:21 INFO  State of operation 17197586 : EXECUTING
09:50:24 INFO  State of operation 17197586 : EXECUTING
09:50:26 INFO  State of operation 17197586 : EXECUTING
09:50:28 INFO  State of operation 17197586 : EXECUTING
09:50:31 INFO  State of operation 17197586 : EXECUTING
09:50:33 INFO  State of operation 17197586 : EXECUTING
09:50:36 INFO  State of operation 17197586 : EXECUTING
09:50:38 INFO  State of operation 17197586 : EXECUTING
09:50:40 INFO  State of operation 17197586 : EXECUTING
09:50:43 INFO  State of operation 17197586 : EXECUTING
09:50:45 INFO  State of operation 17197586 : EXECUTING
09:50:47 INFO  State of operation 17197586 : EXECUTING
09:50:49 INFO  State of operation 17197586 : EXECUTING
09:50:52 INFO  State of operation 17197586 : EXECUTING
09:50:54 INFO  State of operation 17197586 : EXECUTING
09:50:57 INFO  State of operation 17197586 : EXECUTING
09:50:59 INFO  State of operation 17197586 : EXECUTING
09:51:02 INFO  State of operation 17197586 : EXECUTING
09:51:04 INFO  State of operation 17197586 : EXECUTING
09:51:06 INFO  State of operation 17197586 : EXECUTING
09:51:08 INFO  State of operation 17197586 : EXECUTING
09:51:10 INFO  State of operation 17197586 : EXECUTING
09:51:13 INFO  State of operation 17197586 : EXECUTING
09:51:15 INFO  State of operation 17197586 : EXECUTING
09:51:18 INFO  State of operation 17197586 : EXECUTING
09:51:20 INFO  State of operation 17197586 : EXECUTING
09:51:22 INFO  State of operation 17197586 : SUCCESSFUL
09:51:22 INFO  Assert that (False == value) with value=False ... passed
09:51:23 INFO  Assert that (False == value) with value=False ... passed
09:51:23 INFO  Assert that (False == value) with value=False ... passed
09:51:23 INFO  Assert that (False == value) with value=False ... passed
09:51:23 INFO  
09:51:23 INFO  cleanup:
09:51:27 INFO  Executed sudo&lt;tedge_disconnect_c8y&gt;, exit status 0
09:51:28 INFO  Executed systemctl&lt;serv_mapper5&gt;, exit status 3
09:51:28 INFO  
09:51:28 INFO  Test duration: 137.83 secs
09:51:28 INFO  Test final outcome:  FAILED
09:51:28 INFO  Test outcome reason: Assert that (False == value) with value=True (+2 other failures)
09:51:28 INFO  
</system-out>
	</testcase>
</testsuite><testsuite name="SoftwareManagement.sm_apt_install_remove_multiple_mixed" tests="3" errors="0" failures="2" skipped="1" time="0"><testcase classname="PySysTest" name="SoftwareManagement.sm_apt_install_remove_multiple_mixed">
		<skipped message="SKIPPED: Testing the apt plugin is not supported on this platform.Use parameter -XmyPlatform='container' to enable it" />
		<system-out>08:48:35 INFO  ==============================================================
08:48:35 INFO  Id:    SoftwareManagement.sm_apt_install_remove_multiple_mixed
08:48:35 INFO  Dir:   software_management_end_to_end/
08:48:35 INFO  Title: Validate end to end behaviour for the apt plugin for multiple packages with mixed versions
08:48:35 INFO  ==============================================================
08:48:35 INFO  Testing the apt plugin is not supported on this platform.Use parameter -XmyPlatform='container' to enable it ... skipped
08:48:35 WARN  Aborted test due to SKIPPED outcome
08:48:35 INFO  
08:48:35 INFO  Test duration: 0.02 secs
08:48:35 INFO  Test final outcome:  SKIPPED
08:48:35 INFO  Test outcome reason: Testing the apt plugin is not supported on this platform.Use parameter -XmyPlatform='container' to enable it
08:48:35 INFO  
</system-out>
	</testcase>
<testcase classname="PySysTest" name="SoftwareManagement.sm_apt_install_remove_multiple_mixed">
		<failure message="BLOCKED: SystemError: Timeout while waiting for status SUCCESSFUL or False" type="BLOCKED" />
		<system-out>09:25:25 INFO  ==============================================================
09:25:25 INFO  Id:    SoftwareManagement.sm_apt_install_remove_multiple_mixed
09:25:25 INFO  Dir:   software_management_end_to_end/
09:25:25 INFO  Title: Validate end to end behaviour for the apt plugin for multiple packages with mixed versions
09:25:25 INFO  ==============================================================
09:25:25 INFO  Using sw id database: {'asciijump': '5475369', 'robotfindskitten': '5474869', 'squirrel3': '5475279', 'rolldice': '5152439', 'moon-buggy': '5439204', 'apple': '5495053', 'banana': '5494888', 'cherry': '5495382', 'watermelon': '5494510', 'registry': '8018911', 'hello-world': '8021526', 'docker/getting-started': '8021973', 'alpine': '7991792'}
09:25:25 INFO  EnvironmentC8y Setup
09:25:25 INFO  Executed systemctl&lt;serv_mapper1&gt;, exit status 3
09:25:25 INFO  Restarting mosquitto too frequently in the last 10 seconds. It was only up for 5 seconds
09:25:25 INFO  Delaying execution by 6 seconds
09:25:45 INFO  Executed sudo&lt;tedge_connect_c8y&gt;, exit status 0, duration 13 secs
09:25:46 INFO  Executed sudo&lt;tedge_connect_c8y_test&gt;, exit status 0
09:25:46 INFO  Executed systemctl&lt;serv_mosq2&gt;, exit status 0
09:25:47 INFO  Executed systemctl&lt;serv_mapper3&gt;, exit status 0
09:25:49 INFO  State of current operation: SUCCESSFUL
09:25:49 INFO  Assert that (False == value) with value=False ... passed
09:25:50 INFO  Assert that (False == value) with value=False ... passed
09:25:50 INFO  Assert that (False == value) with value=False ... passed
09:25:50 INFO  Assert that (False == value) with value=False ... passed
09:25:50 INFO  Assert that (False == value) with value=False ... passed
09:25:52 INFO  Response status: 201
09:25:52 INFO  Response to action: {
    "creationTime": "2022-04-12T09:25:52.233Z",
    "deviceId": "17153250",
    "deviceName": "mythica",
    "self": "https://t493319102.eu-latest.cumulocity.com/devicecontrol/operations/17197505",
    "id": "17197505",
    "status": "PENDING",
    "description": "Apply software changes, triggered from PySys: [{'action': 'install', 'id': '5475369', 'name': 'asciijump', 'url': ' ', 'version': '::apt'}, {'action': 'install', 'id': '5474869', 'name': 'robotfindskitten', 'url': ' ', 'version': ' '}, {'action': 'install', 'id': '5475279', 'name': 'squirrel3', 'url': ' ', 'version': '3.1-7::apt'}, {'action': 'install', 'id': '5152439', 'name': 'rolldice', 'url': ' ', 'version': '1.16-1+b1'}, {'action': 'install', 'id': '5439204', 'name': 'moon-buggy', 'url': ' ', 'version': '1:1.0.51-12'}, {'action': 'install', 'id': '5475369', 'name': 'asciijump', 'url': ' ', 'version': '::apt'}]",
    "c8y_SoftwareUpdate": [
        {
            "name": "asciijump",
            "action": "install",
            "id": "5475369",
            "version": "::apt",
            "url": " "
        },
        {
            "name": "robotfindskitten",
            "action": "install",
            "id": "5474869",
            "version": " ",
            "url": " "
        },
        {
            "name": "squirrel3",
            "action": "install",
            "id": "5475279",
            "version": "3.1-7::apt",
            "url": " "
        },
        {
            "name": "rolldice",
            "action": "install",
            "id": "5152439",
            "version": "1.16-1+b1",
            "url": " "
        },
        {
            "name": "moon-buggy",
            "action": "install",
            "id": "5439204",
            "version": "1:1.0.51-12",
            "url": " "
        },
        {
            "name": "asciijump",
            "action": "install",
            "id": "5475369",
            "version": "::apt",
            "url": " "
        }
    ]
}
09:25:52 INFO  Started operation: {'creationTime': '2022-04-12T09:25:52.233Z', 'deviceId': '17153250', 'deviceName': 'mythica', 'self': 'https://t493319102.eu-latest.cumulocity.com/devicecontrol/operations/17197505', 'id': '17197505', 'status': 'PENDING', 'description': "Apply software changes, triggered from PySys: [{'action': 'install', 'id': '5475369', 'name': 'asciijump', 'url': ' ', 'version': '::apt'}, {'action': 'install', 'id': '5474869', 'name': 'robotfindskitten', 'url': ' ', 'version': ' '}, {'action': 'install', 'id': '5475279', 'name': 'squirrel3', 'url': ' ', 'version': '3.1-7::apt'}, {'action': 'install', 'id': '5152439', 'name': 'rolldice', 'url': ' ', 'version': '1.16-1+b1'}, {'action': 'install', 'id': '5439204', 'name': 'moon-buggy', 'url': ' ', 'version': '1:1.0.51-12'}, {'action': 'install', 'id': '5475369', 'name': 'asciijump', 'url': ' ', 'version': '::apt'}]", 'c8y_SoftwareUpdate': [{'name': 'asciijump', 'action': 'install', 'id': '5475369', 'version': '::apt', 'url': ' '}, {'name': 'robotfindskitten', 'action': 'install', 'id': '5474869', 'version': ' ', 'url': ' '}, {'name': 'squirrel3', 'action': 'install', 'id': '5475279', 'version': '3.1-7::apt', 'url': ' '}, {'name': 'rolldice', 'action': 'install', 'id': '5152439', 'version': '1.16-1+b1', 'url': ' '}, {'name': 'moon-buggy', 'action': 'install', 'id': '5439204', 'version': '1:1.0.51-12', 'url': ' '}, {'name': 'asciijump', 'action': 'install', 'id': '5475369', 'version': '::apt', 'url': ' '}]}
09:25:54 INFO  State of operation 17197505 : PENDING
09:25:56 INFO  State of operation 17197505 : EXECUTING
09:25:58 INFO  State of operation 17197505 : EXECUTING
09:26:01 INFO  State of operation 17197505 : EXECUTING
09:26:03 INFO  State of operation 17197505 : EXECUTING
09:26:05 INFO  State of operation 17197505 : EXECUTING
09:26:08 INFO  State of operation 17197505 : EXECUTING
09:26:11 INFO  State of operation 17197505 : EXECUTING
09:26:13 INFO  State of operation 17197505 : EXECUTING
09:26:15 INFO  State of operation 17197505 : EXECUTING
09:26:18 INFO  State of operation 17197505 : EXECUTING
09:26:20 INFO  State of operation 17197505 : EXECUTING
09:26:22 INFO  State of operation 17197505 : EXECUTING
09:26:24 INFO  State of operation 17197505 : EXECUTING
09:26:27 INFO  State of operation 17197505 : EXECUTING
09:26:29 INFO  State of operation 17197505 : EXECUTING
09:26:31 INFO  State of operation 17197505 : EXECUTING
09:26:34 INFO  State of operation 17197505 : EXECUTING
09:26:36 INFO  State of operation 17197505 : EXECUTING
09:26:39 INFO  State of operation 17197505 : EXECUTING
09:26:41 INFO  State of operation 17197505 : EXECUTING
09:26:43 INFO  State of operation 17197505 : EXECUTING
09:26:46 INFO  State of operation 17197505 : EXECUTING
09:26:48 INFO  State of operation 17197505 : EXECUTING
09:26:50 INFO  State of operation 17197505 : EXECUTING
09:26:52 INFO  State of operation 17197505 : EXECUTING
09:26:55 INFO  State of operation 17197505 : EXECUTING
09:26:57 INFO  State of operation 17197505 : EXECUTING
09:26:59 INFO  State of operation 17197505 : EXECUTING
09:27:02 INFO  State of operation 17197505 : EXECUTING
09:27:04 INFO  State of operation 17197505 : EXECUTING
09:27:06 INFO  State of operation 17197505 : EXECUTING
09:27:08 INFO  State of operation 17197505 : EXECUTING
09:27:11 INFO  State of operation 17197505 : EXECUTING
09:27:13 INFO  State of operation 17197505 : EXECUTING
09:27:15 INFO  State of operation 17197505 : EXECUTING
09:27:17 INFO  State of operation 17197505 : EXECUTING
09:27:20 INFO  State of operation 17197505 : EXECUTING
09:27:22 INFO  State of operation 17197505 : EXECUTING
09:27:25 INFO  State of operation 17197505 : EXECUTING
09:27:28 INFO  State of operation 17197505 : EXECUTING
09:27:31 INFO  State of operation 17197505 : EXECUTING
09:27:33 INFO  State of operation 17197505 : EXECUTING
09:27:35 INFO  State of operation 17197505 : EXECUTING
09:27:37 INFO  State of operation 17197505 : EXECUTING
09:27:40 INFO  State of operation 17197505 : EXECUTING
09:27:42 INFO  State of operation 17197505 : EXECUTING
09:27:44 INFO  State of operation 17197505 : EXECUTING
09:27:47 INFO  State of operation 17197505 : EXECUTING
09:27:50 INFO  State of operation 17197505 : EXECUTING
09:27:52 INFO  State of operation 17197505 : EXECUTING
09:27:54 INFO  State of operation 17197505 : EXECUTING
09:27:56 INFO  State of operation 17197505 : EXECUTING
09:27:59 INFO  State of operation 17197505 : EXECUTING
09:28:01 INFO  State of operation 17197505 : EXECUTING
09:28:04 INFO  State of operation 17197505 : EXECUTING
09:28:06 INFO  State of operation 17197505 : EXECUTING
09:28:09 INFO  State of operation 17197505 : EXECUTING
09:28:11 INFO  State of operation 17197505 : EXECUTING
09:28:13 INFO  State of operation 17197505 : EXECUTING
09:28:16 INFO  State of operation 17197505 : EXECUTING
09:28:18 WARN  SystemError occurred while running test - Timeout while waiting for status SUCCESSFUL or False
Traceback (most recent call last):
  File "/home/pi/env-pysys/lib/python3.7/site-packages/pysys/baserunner.py", line 1294, in __call__
    self.testObj.execute()
  File "/home/pi/actions-runner/_work/thin-edge.io/thin-edge.io/tests/PySys/software_management_end_to_end/sm_apt_install_remove_multiple_mixed/run.py", line 89, in execute
    self.wait_until_succcess()
  File "/home/pi/actions-runner/_work/thin-edge.io/thin-edge.io/tests/PySys/software_management_end_to_end/environment_sm_management.py", line 324, in wait_until_succcess
    self.wait_until_status("SUCCESSFUL")
  File "/home/pi/actions-runner/_work/thin-edge.io/thin-edge.io/tests/PySys/software_management_end_to_end/environment_sm_management.py", line 381, in wait_until_status
    "Timeout while waiting for status %s or %s" % (status, status2)
SystemError: Timeout while waiting for status SUCCESSFUL or False
09:28:18 WARN  SystemError: Timeout while waiting for status SUCCESSFUL or False ... blocked 
09:28:18 INFO  
09:28:18 INFO  cleanup:
09:28:23 INFO  Executed sudo&lt;tedge_disconnect_c8y&gt;, exit status 0
09:28:24 INFO  Executed systemctl&lt;serv_mapper5&gt;, exit status 3
09:28:24 INFO  
09:28:24 INFO  Test duration: 179.07 secs
09:28:24 INFO  Test final outcome:  BLOCKED
09:28:24 INFO  Test outcome reason: SystemError: Timeout while waiting for status SUCCESSFUL or False
09:28:24 INFO  
</system-out>
	</testcase>
<testcase classname="PySysTest" name="SoftwareManagement.sm_apt_install_remove_multiple_mixed">
		<failure message="BLOCKED: SystemError: Timeout while waiting for status SUCCESSFUL or False (+1 other failures)" type="BLOCKED" />
		<system-out>09:51:28 INFO  ==============================================================
09:51:28 INFO  Id:    SoftwareManagement.sm_apt_install_remove_multiple_mixed
09:51:28 INFO  Dir:   software_management_end_to_end/
09:51:28 INFO  Title: Validate end to end behaviour for the apt plugin for multiple packages with mixed versions
09:51:28 INFO  ==============================================================
09:51:28 INFO  Using sw id database: {'asciijump': '5475369', 'robotfindskitten': '5474869', 'squirrel3': '5475279', 'rolldice': '5152439', 'moon-buggy': '5439204', 'apple': '5495053', 'banana': '5494888', 'cherry': '5495382', 'watermelon': '5494510', 'registry': '8018911', 'hello-world': '8021526', 'docker/getting-started': '8021973', 'alpine': '7991792'}
09:51:28 INFO  EnvironmentC8y Setup
09:51:29 INFO  Executed systemctl&lt;serv_mapper1&gt;, exit status 3
09:51:29 INFO  Restarting mosquitto too frequently in the last 10 seconds. It was only up for 5 seconds
09:51:29 INFO  Delaying execution by 6 seconds
09:51:49 INFO  Executed sudo&lt;tedge_connect_c8y&gt;, exit status 0, duration 13 secs
09:51:49 INFO  Executed sudo&lt;tedge_connect_c8y_test&gt;, exit status 0
09:51:50 INFO  Executed systemctl&lt;serv_mosq2&gt;, exit status 0
09:51:50 INFO  Executed systemctl&lt;serv_mapper3&gt;, exit status 0
09:51:52 INFO  State of current operation: SUCCESSFUL
09:51:53 INFO  Assert that (False == value) with value=False ... passed
09:51:53 INFO  Assert that (False == value) with value=False ... passed
09:51:53 INFO  Assert that (False == value) with value=False ... passed
09:51:53 INFO  Assert that (False == value) with value=False ... passed
09:51:54 INFO  Package moon-buggy is installed
09:51:54 WARN  Assert that (False == value) with value=True ... failed 
09:51:55 INFO  Response status: 201
09:51:55 INFO  Response to action: {
    "delivery": {
        "time": "2022-04-12T09:51:55.390Z",
        "log": [],
        "status": "PENDING"
    },
    "creationTime": "2022-04-12T09:51:55.375Z",
    "deviceId": "17153250",
    "deviceName": "mythica",
    "self": "https://t493319102.eu-latest.cumulocity.com/devicecontrol/operations/17197590",
    "id": "17197590",
    "status": "PENDING",
    "description": "Apply software changes, triggered from PySys: [{'action': 'install', 'id': '5475369', 'name': 'asciijump', 'url': ' ', 'version': '::apt'}, {'action': 'install', 'id': '5474869', 'name': 'robotfindskitten', 'url': ' ', 'version': ' '}, {'action': 'install', 'id': '5475279', 'name': 'squirrel3', 'url': ' ', 'version': '3.1-7::apt'}, {'action': 'install', 'id': '5152439', 'name': 'rolldice', 'url': ' ', 'version': '1.16-1+b1'}, {'action': 'install', 'id': '5439204', 'name': 'moon-buggy', 'url': ' ', 'version': '1:1.0.51-12'}, {'action': 'install', 'id': '5475369', 'name': 'asciijump', 'url': ' ', 'version': '::apt'}]",
    "c8y_SoftwareUpdate": [
        {
            "name": "asciijump",
            "action": "install",
            "id": "5475369",
            "version": "::apt",
            "url": " "
        },
        {
            "name": "robotfindskitten",
            "action": "install",
            "id": "5474869",
            "version": " ",
            "url": " "
        },
        {
            "name": "squirrel3",
            "action": "install",
            "id": "5475279",
            "version": "3.1-7::apt",
            "url": " "
        },
        {
            "name": "rolldice",
            "action": "install",
            "id": "5152439",
            "version": "1.16-1+b1",
            "url": " "
        },
        {
            "name": "moon-buggy",
            "action": "install",
            "id": "5439204",
            "version": "1:1.0.51-12",
            "url": " "
        },
        {
            "name": "asciijump",
            "action": "install",
            "id": "5475369",
            "version": "::apt",
            "url": " "
        }
    ]
}
09:51:55 INFO  Started operation: {'delivery': {'time': '2022-04-12T09:51:55.390Z', 'log': [], 'status': 'PENDING'}, 'creationTime': '2022-04-12T09:51:55.375Z', 'deviceId': '17153250', 'deviceName': 'mythica', 'self': 'https://t493319102.eu-latest.cumulocity.com/devicecontrol/operations/17197590', 'id': '17197590', 'status': 'PENDING', 'description': "Apply software changes, triggered from PySys: [{'action': 'install', 'id': '5475369', 'name': 'asciijump', 'url': ' ', 'version': '::apt'}, {'action': 'install', 'id': '5474869', 'name': 'robotfindskitten', 'url': ' ', 'version': ' '}, {'action': 'install', 'id': '5475279', 'name': 'squirrel3', 'url': ' ', 'version': '3.1-7::apt'}, {'action': 'install', 'id': '5152439', 'name': 'rolldice', 'url': ' ', 'version': '1.16-1+b1'}, {'action': 'install', 'id': '5439204', 'name': 'moon-buggy', 'url': ' ', 'version': '1:1.0.51-12'}, {'action': 'install', 'id': '5475369', 'name': 'asciijump', 'url': ' ', 'version': '::apt'}]", 'c8y_SoftwareUpdate': [{'name': 'asciijump', 'action': 'install', 'id': '5475369', 'version': '::apt', 'url': ' '}, {'name': 'robotfindskitten', 'action': 'install', 'id': '5474869', 'version': ' ', 'url': ' '}, {'name': 'squirrel3', 'action': 'install', 'id': '5475279', 'version': '3.1-7::apt', 'url': ' '}, {'name': 'rolldice', 'action': 'install', 'id': '5152439', 'version': '1.16-1+b1', 'url': ' '}, {'name': 'moon-buggy', 'action': 'install', 'id': '5439204', 'version': '1:1.0.51-12', 'url': ' '}, {'name': 'asciijump', 'action': 'install', 'id': '5475369', 'version': '::apt', 'url': ' '}]}
09:51:57 INFO  State of operation 17197590 : PENDING
09:51:59 INFO  State of operation 17197590 : EXECUTING
09:52:02 INFO  State of operation 17197590 : EXECUTING
09:52:04 INFO  State of operation 17197590 : EXECUTING
09:52:06 INFO  State of operation 17197590 : EXECUTING
09:52:08 INFO  State of operation 17197590 : EXECUTING
09:52:11 INFO  State of operation 17197590 : EXECUTING
09:52:14 INFO  State of operation 17197590 : EXECUTING
09:52:16 INFO  State of operation 17197590 : EXECUTING
09:52:18 INFO  State of operation 17197590 : EXECUTING
09:52:21 INFO  State of operation 17197590 : EXECUTING
09:52:23 INFO  State of operation 17197590 : EXECUTING
09:52:25 INFO  State of operation 17197590 : EXECUTING
09:52:27 INFO  State of operation 17197590 : EXECUTING
09:52:30 INFO  State of operation 17197590 : EXECUTING
09:52:32 INFO  State of operation 17197590 : EXECUTING
09:52:34 INFO  State of operation 17197590 : EXECUTING
09:52:37 INFO  State of operation 17197590 : EXECUTING
09:52:39 INFO  State of operation 17197590 : EXECUTING
09:52:42 INFO  State of operation 17197590 : EXECUTING
09:52:44 INFO  State of operation 17197590 : EXECUTING
09:52:46 INFO  State of operation 17197590 : EXECUTING
09:52:49 INFO  State of operation 17197590 : EXECUTING
09:52:51 INFO  State of operation 17197590 : EXECUTING
09:52:53 INFO  State of operation 17197590 : EXECUTING
09:52:55 INFO  State of operation 17197590 : EXECUTING
09:52:58 INFO  State of operation 17197590 : EXECUTING
09:53:00 INFO  State of operation 17197590 : EXECUTING
09:53:03 INFO  State of operation 17197590 : EXECUTING
09:53:05 INFO  State of operation 17197590 : EXECUTING
09:53:08 INFO  State of operation 17197590 : EXECUTING
09:53:10 INFO  State of operation 17197590 : EXECUTING
09:53:12 INFO  State of operation 17197590 : EXECUTING
09:53:14 INFO  State of operation 17197590 : EXECUTING
09:53:16 INFO  State of operation 17197590 : EXECUTING
09:53:19 INFO  State of operation 17197590 : EXECUTING
09:53:21 INFO  State of operation 17197590 : EXECUTING
09:53:23 INFO  State of operation 17197590 : EXECUTING
09:53:26 INFO  State of operation 17197590 : EXECUTING
09:53:29 INFO  State of operation 17197590 : EXECUTING
09:53:31 INFO  State of operation 17197590 : EXECUTING
09:53:33 INFO  State of operation 17197590 : EXECUTING
09:53:36 INFO  State of operation 17197590 : EXECUTING
09:53:38 INFO  State of operation 17197590 : EXECUTING
09:53:40 INFO  State of operation 17197590 : EXECUTING
09:53:42 INFO  State of operation 17197590 : EXECUTING
09:53:45 INFO  State of operation 17197590 : EXECUTING
09:53:47 INFO  State of operation 17197590 : EXECUTING
09:53:50 INFO  State of operation 17197590 : EXECUTING
09:53:52 INFO  State of operation 17197590 : EXECUTING
09:53:54 INFO  State of operation 17197590 : EXECUTING
09:53:56 INFO  State of operation 17197590 : EXECUTING
09:53:59 INFO  State of operation 17197590 : EXECUTING
09:54:01 INFO  State of operation 17197590 : EXECUTING
09:54:04 INFO  State of operation 17197590 : EXECUTING
09:54:06 INFO  State of operation 17197590 : EXECUTING
09:54:09 INFO  State of operation 17197590 : EXECUTING
09:54:11 INFO  State of operation 17197590 : EXECUTING
09:54:14 INFO  State of operation 17197590 : EXECUTING
09:54:16 INFO  State of operation 17197590 : EXECUTING
09:54:19 INFO  State of operation 17197590 : EXECUTING
09:54:21 WARN  SystemError occurred while running test - Timeout while waiting for status SUCCESSFUL or False
Traceback (most recent call last):
  File "/home/pi/env-pysys/lib/python3.7/site-packages/pysys/baserunner.py", line 1294, in __call__
    self.testObj.execute()
  File "/home/pi/actions-runner/_work/thin-edge.io/thin-edge.io/tests/PySys/software_management_end_to_end/sm_apt_install_remove_multiple_mixed/run.py", line 89, in execute
    self.wait_until_succcess()
  File "/home/pi/actions-runner/_work/thin-edge.io/thin-edge.io/tests/PySys/software_management_end_to_end/environment_sm_management.py", line 324, in wait_until_succcess
    self.wait_until_status("SUCCESSFUL")
  File "/home/pi/actions-runner/_work/thin-edge.io/thin-edge.io/tests/PySys/software_management_end_to_end/environment_sm_management.py", line 381, in wait_until_status
    "Timeout while waiting for status %s or %s" % (status, status2)
SystemError: Timeout while waiting for status SUCCESSFUL or False
09:54:21 WARN  SystemError: Timeout while waiting for status SUCCESSFUL or False ... blocked 
09:54:21 INFO  
09:54:21 INFO  cleanup:
09:54:25 INFO  Executed sudo&lt;tedge_disconnect_c8y&gt;, exit status 0
09:54:26 INFO  Executed systemctl&lt;serv_mapper5&gt;, exit status 3
09:54:26 INFO  
09:54:26 INFO  Test duration: 177.73 secs
09:54:26 INFO  Test final outcome:  BLOCKED
09:54:26 INFO  Test outcome reason: SystemError: Timeout while waiting for status SUCCESSFUL or False (+1 other failures)
09:54:26 INFO  
</system-out>
	</testcase>
</testsuite><testsuite name="SoftwareManagement.sm_apt_install_remove_with_version" tests="3" errors="0" failures="0" skipped="1" time="0"><testcase classname="PySysTest" name="SoftwareManagement.sm_apt_install_remove_with_version">
		<skipped message="SKIPPED: Testing the apt plugin is not supported on this platform.Use parameter -XmyPlatform='container' to enable it" />
		<system-out>08:48:35 INFO  ==============================================================
08:48:35 INFO  Id:    SoftwareManagement.sm_apt_install_remove_with_version
08:48:35 INFO  Dir:   software_management_end_to_end/
08:48:35 INFO  Title: Validate end to end behaviour for the apt plugin for packages with version
08:48:35 INFO  ==============================================================
08:48:35 INFO  Testing the apt plugin is not supported on this platform.Use parameter -XmyPlatform='container' to enable it ... skipped
08:48:35 WARN  Aborted test due to SKIPPED outcome
08:48:35 INFO  
08:48:35 INFO  Test duration: 0.02 secs
08:48:35 INFO  Test final outcome:  SKIPPED
08:48:35 INFO  Test outcome reason: Testing the apt plugin is not supported on this platform.Use parameter -XmyPlatform='container' to enable it
08:48:35 INFO  
</system-out>
	</testcase>
<testcase classname="PySysTest" name="SoftwareManagement.sm_apt_install_remove_with_version" />
<testcase classname="PySysTest" name="SoftwareManagement.sm_apt_install_remove_with_version" />
</testsuite><testsuite name="SoftwareManagement.sm_docker_install_remove_multiple" tests="3" errors="0" failures="0" skipped="1" time="0"><testcase classname="SMDockerInstallRemove" name="SoftwareManagement.sm_docker_install_remove_multiple">
		<skipped message="SKIPPED: Testing the apt plugin is not supported on this platform.Use parameter -XmyPlatform='container' to enable it" />
		<system-out>08:48:35 INFO  ==============================================================
08:48:35 INFO  Id:    SoftwareManagement.sm_docker_install_remove_multiple
08:48:35 INFO  Dir:   software_management_end_to_end/
08:48:35 INFO  Title: Validate end to end behaviour for the docker plugin for multiple docker images with mixed versions
08:48:35 INFO  ==============================================================
08:48:35 INFO  Testing the apt plugin is not supported on this platform.Use parameter -XmyPlatform='container' to enable it ... skipped
08:48:35 WARN  Aborted test due to SKIPPED outcome
08:48:35 INFO  
08:48:35 INFO  Test duration: 0.04 secs
08:48:35 INFO  Test final outcome:  SKIPPED
08:48:35 INFO  Test outcome reason: Testing the apt plugin is not supported on this platform.Use parameter -XmyPlatform='container' to enable it
08:48:35 INFO  
</system-out>
	</testcase>
<testcase classname="SMDockerInstallRemove" name="SoftwareManagement.sm_docker_install_remove_multiple" />
<testcase classname="SMDockerInstallRemove" name="SoftwareManagement.sm_docker_install_remove_multiple" />
</testsuite><testsuite name="SoftwareManagement.sm_fake_install_remove" tests="2" errors="0" failures="0" skipped="1" time="0"><testcase classname="PySysTest" name="SoftwareManagement.sm_fake_install_remove">
		<skipped message="SKIPPED: Testing the fake plugin is not enabled.Use parameter -Xfakeplugin=fakeplugin to enable it" />
		<system-out>08:48:35 INFO  ==============================================================
08:48:35 INFO  Id:    SoftwareManagement.sm_fake_install_remove
08:48:35 INFO  Dir:   software_management_end_to_end/
08:48:35 INFO  Title: Validate end to end behaviour for the dummy plugin for installation and removal of packages
08:48:35 INFO  ==============================================================
08:48:35 INFO  Testing the fake plugin is not enabled.Use parameter -Xfakeplugin=fakeplugin to enable it ... skipped
08:48:35 WARN  Aborted test due to SKIPPED outcome
08:48:35 INFO  
08:48:35 INFO  Test duration: 0.02 secs
08:48:35 INFO  Test final outcome:  SKIPPED
08:48:35 INFO  Test outcome reason: Testing the fake plugin is not enabled.Use parameter -Xfakeplugin=fakeplugin to enable it
08:48:35 INFO  
</system-out>
	</testcase>
<testcase classname="PySysTest" name="SoftwareManagement.sm_fake_install_remove" />
</testsuite><testsuite name="SoftwareManagement.sm_fake_install_remove_multiple" tests="2" errors="0" failures="0" skipped="1" time="0"><testcase classname="PySysTest" name="SoftwareManagement.sm_fake_install_remove_multiple">
		<skipped message="SKIPPED: Testing the fake plugin is not enabled.Use parameter -Xfakeplugin=fakeplugin to enable it" />
		<system-out>08:48:35 INFO  ==============================================================
08:48:35 INFO  Id:    SoftwareManagement.sm_fake_install_remove_multiple
08:48:35 INFO  Dir:   software_management_end_to_end/
08:48:35 INFO  Title: Validate end to end behaviour for the dummy-plugin for multiple packages
08:48:35 INFO  ==============================================================
08:48:35 INFO  Testing the fake plugin is not enabled.Use parameter -Xfakeplugin=fakeplugin to enable it ... skipped
08:48:35 WARN  Aborted test due to SKIPPED outcome
08:48:35 INFO  
08:48:35 INFO  Test duration: 0.02 secs
08:48:35 INFO  Test final outcome:  SKIPPED
08:48:35 INFO  Test outcome reason: Testing the fake plugin is not enabled.Use parameter -Xfakeplugin=fakeplugin to enable it
08:48:35 INFO  
</system-out>
	</testcase>
<testcase classname="PySysTest" name="SoftwareManagement.sm_fake_install_remove_multiple" />
</testsuite><testsuite name="SoftwareManagement.sm_mapper_fail_and_reconnect" tests="2" errors="0" failures="0" skipped="2" time="0"><testcase classname="MapperC8yReceiveLastMessageOnRestart" name="SoftwareManagement.sm_mapper_fail_and_reconnect">
		<skipped message="SKIPPED: instable https://github.com/thin-edge/thin-edge.io/issues/752" />
		<system-out>08:48:35 INFO  ==============================================================
08:48:35 INFO  Id:    SoftwareManagement.sm_mapper_fail_and_reconnect
08:48:35 INFO  Dir:   software_management_end_to_end/
08:48:35 INFO  Title: Validate the tedge-mapper-sm-c8y for receiving the last message on restart
08:48:35 INFO  ==============================================================
08:48:35 INFO  instable https://github.com/thin-edge/thin-edge.io/issues/752 ... skipped
08:48:35 INFO  
08:48:35 INFO  Test duration: 0.02 secs
08:48:35 INFO  Test final outcome:  SKIPPED
08:48:35 INFO  Test outcome reason: instable https://github.com/thin-edge/thin-edge.io/issues/752
08:48:35 INFO  
</system-out>
	</testcase>
<testcase classname="MapperC8yReceiveLastMessageOnRestart" name="SoftwareManagement.sm_mapper_fail_and_reconnect">
		<skipped message="SKIPPED: instable https://github.com/thin-edge/thin-edge.io/issues/752" />
		<system-out>10:01:07 INFO  ==============================================================
10:01:07 INFO  Id:    SoftwareManagement.sm_mapper_fail_and_reconnect
10:01:07 INFO  Dir:   software_management_end_to_end/
10:01:07 INFO  Title: Validate the tedge-mapper-sm-c8y for receiving the last message on restart
10:01:07 INFO  ==============================================================
10:01:07 INFO  instable https://github.com/thin-edge/thin-edge.io/issues/752 ... skipped
10:01:07 INFO  
10:01:07 INFO  Test duration: 0.04 secs
10:01:07 INFO  Test final outcome:  SKIPPED
10:01:07 INFO  Test outcome reason: instable https://github.com/thin-edge/thin-edge.io/issues/752
10:01:07 INFO  
</system-out>
	</testcase>
</testsuite><testsuite name="SoftwareManagement.sm_mixed_install_remove_multiple" tests="2" errors="0" failures="1" skipped="1" time="0"><testcase classname="PySysTest" name="SoftwareManagement.sm_mixed_install_remove_multiple">
		<skipped message="SKIPPED: Testing the fake plugin is not enabled.Use parameter -Xfakeplugin=fakeplugin to enable it" />
		<system-out>08:48:36 INFO  ==============================================================
08:48:36 INFO  Id:    SoftwareManagement.sm_mixed_install_remove_multiple
08:48:36 INFO  Dir:   software_management_end_to_end/
08:48:36 INFO  Title: Validate end to end behaviour for the dummy-plugin for multiple packages with mixed versions
08:48:36 INFO  ==============================================================
08:48:36 INFO  Testing the fake plugin is not enabled.Use parameter -Xfakeplugin=fakeplugin to enable it ... skipped
08:48:36 WARN  Aborted test due to SKIPPED outcome
08:48:36 INFO  
08:48:36 INFO  Test duration: 0.02 secs
08:48:36 INFO  Test final outcome:  SKIPPED
08:48:36 INFO  Test outcome reason: Testing the fake plugin is not enabled.Use parameter -Xfakeplugin=fakeplugin to enable it
08:48:36 INFO  
</system-out>
	</testcase>
<testcase classname="PySysTest" name="SoftwareManagement.sm_mixed_install_remove_multiple">
[...]
  File "/home/pi/actions-runner/_work/thin-edge.io/thin-edge.io/tests/PySys/monitoring/monitoring_with_simulated_messages/run.py", line 127, in validate_time
    if self.js_msg["time"]:
TypeError: 'int' object is not subscriptable
08:37:18 WARN  TypeError: 'int' object is not subscriptable ... blocked 
08:37:18 INFO  
08:37:18 INFO  cleanup:
08:37:18 INFO  monitoring_cleanup
08:37:19 INFO  Executed sudo&lt;collectd_mapper&gt;, exit status 0
08:37:19 INFO  
08:37:19 INFO  Test duration: 4.45 secs
08:37:19 INFO  Test final outcome:  BLOCKED
08:37:19 INFO  Test outcome reason: TypeError: 'int' object is not subscriptable
08:37:19 INFO  
</system-out>
	</testcase>
</testsuite><testsuite name="mqtt_port_change_connection_fails" tests="1" errors="0" failures="0" skipped="0" time="0"><testcase classname="MqttPortChangeConnectionFails" name="mqtt_port_change_connection_fails" />
</testsuite><testsuite name="mqtt_port_change_connection_works" tests="1" errors="0" failures="0" skipped="1" time="0"><testcase classname="MqttPortChangeConnectionWorks" name="mqtt_port_change_connection_works">
		<skipped message="SKIPPED: failing intermitently" />
		<system-out>08:36:05 INFO  ==============================================================
08:36:05 INFO  Id:    mqtt_port_change_connection_works
08:36:05 INFO  Dir:   misc_features/
08:36:05 INFO  Title: mqtt port change connection works for all the thin-edge services that use the mosquitto broker
08:36:05 INFO  ==============================================================
08:36:05 INFO  failing intermitently ... skipped
08:36:05 INFO  
08:36:05 INFO  Test duration: 0.03 secs
08:36:05 INFO  Test final outcome:  SKIPPED
08:36:05 INFO  Test outcome reason: failing intermitently
08:36:05 INFO  
</system-out>
	</testcase>
</testsuite><testsuite name="mqtt_port_set" tests="1" errors="0" failures="0" skipped="0" time="0"><testcase classname="MqttPortSet" name="mqtt_port_set" />
</testsuite><testsuite name="mqtt_port_unset" tests="1" errors="0" failures="0" skipped="0" time="0"><testcase classname="MqttPortUnSet" name="mqtt_port_unset" />
</testsuite><testsuite name="publish_flux" tests="1" errors="0" failures="0" skipped="0" time="0"><testcase classname="PublishFlux" name="publish_flux" />
</testsuite><testsuite name="publish_sawmill" tests="1" errors="0" failures="0" skipped="0" time="0"><testcase classname="PublishSawmill" name="publish_sawmill" />
</testsuite><testsuite name="pysys_block" tests="1" errors="0" failures="0" skipped="1" time="0"><testcase classname="Fail" name="pysys_block">
		<skipped message="SKIPPED: Enable this to observe a blocking test" />
		<system-out>08:36:27 INFO  ==============================================================
08:36:27 INFO  Id:    pysys_block
08:36:27 INFO  Dir:   misc_features/
08:36:27 INFO  Title: fail
08:36:27 INFO  ==============================================================
08:36:27 INFO  Enable this to observe a blocking test ... skipped
08:36:27 INFO  
08:36:27 INFO  Test duration: 0.03 secs
08:36:27 INFO  Test final outcome:  SKIPPED
08:36:27 INFO  Test outcome reason: Enable this to observe a blocking test
08:36:27 INFO  
</system-out>
	</testcase>
</testsuite><testsuite name="pysys_fail" tests="1" errors="0" failures="0" skipped="1" time="0"><testcase classname="Fail" name="pysys_fail">
		<skipped message="SKIPPED: Enable this to observe a failing test" />
		<system-out>08:36:27 INFO  ==============================================================
08:36:27 INFO  Id:    pysys_fail
08:36:27 INFO  Dir:   misc_features/
08:36:27 INFO  Title: fail
08:36:27 INFO  ==============================================================
08:36:27 INFO  Enable this to observe a failing test ... skipped
08:36:27 INFO  
08:36:27 INFO  Test duration: 0.02 secs
08:36:27 INFO  Test final outcome:  SKIPPED
08:36:27 INFO  Test outcome reason: Enable this to observe a failing test
08:36:27 INFO  
</system-out>
	</testcase>
</testsuite><testsuite name="runtime_start_two_mappers" tests="1" errors="0" failures="0" skipped="0" time="0"><testcase classname="RuntimeMultiMappers" name="runtime_start_two_mappers" />
</testsuite><testsuite name="sm_tedge_mapper_init_session" tests="1" errors="0" failures="0" skipped="0" time="0"><testcase classname="TedgeSMMapperInitSession" name="sm_tedge_mapper_init_session" />
</testsuite><testsuite name="smoketest_json" tests="1" errors="0" failures="0" skipped="0" time="0"><testcase classname="SmokeTestJson" name="smoketest_json" />
</testsuite><testsuite name="smoketest_json_400_samples_10ms" tests="1" errors="0" failures="0" skipped="0" time="0"><testcase classname="SmoketestJson400Samples10ms" name="smoketest_json_400_samples_10ms" />
</testsuite><testsuite name="smoketest_json_400_samples_20ms" tests="1" errors="0" failures="0" skipped="0" time="0"><testcase classname="SmoketestJson400Samples20ms" name="smoketest_json_400_samples_20ms" />
</testsuite><testsuite name="smoketest_smartrest" tests="1" errors="0" failures="0" skipped="0" time="0"><testcase classname="SmoketestSmartRest" name="smoketest_smartrest" />
</testsuite><testsuite name="smoketest_smartrest_400_samples_1Xms" tests="1" errors="0" failures="1" skipped="0" time="0"><testcase classname="SmoketestSmartRest400Samples1Xms" name="smoketest_smartrest_400_samples_1Xms">
		<failure message="BLOCKED: python3&lt;stdout&gt; returned non-zero exit code 1" type="BLOCKED" />
		<system-out>08:43:25 INFO  ==============================================================
08:43:25 INFO  Id:    smoketest_smartrest_400_samples_1Xms
08:43:25 INFO  Dir:   smoketests/
08:43:25 INFO  Title: Smoketest Smart Rest 400 Samples 1Xms Delay
08:43:25 INFO  ==============================================================
08:43:25 INFO  EnvironmentC8y Setup
08:43:26 INFO  Executed systemctl&lt;serv_mapper1&gt;, exit status 3
08:43:26 INFO  Restarting mosquitto too frequently in the last 10 seconds. It was only up for 4 seconds
08:43:26 INFO  Delaying execution by 7 seconds
08:43:47 INFO  Executed sudo&lt;tedge_connect_c8y&gt;, exit status 0, duration 13 secs
08:43:48 INFO  Executed sudo&lt;tedge_connect_c8y_test&gt;, exit status 0
08:43:48 INFO  Executed systemctl&lt;serv_mosq2&gt;, exit status 0
08:43:49 INFO  Executed systemctl&lt;serv_mapper3&gt;, exit status 0
08:45:57 WARN  Executed python3&lt;stdout&gt;, exit status 1, duration 67 secs
08:45:57 INFO  Contents of stdout.out: 
     40    41    42    43    44    45    46    47    48    49    50    51    52    53    54    55    56    57    58    59
     60    61    62    63    64    65    66    67    68    69    70    71    72    73    74    75    76    77    78    79
     80    81    82    83    84    85    86    87    88    89    90    91    92    93    94    95    96    97    98    99
    100   101   102   103   104   105   106   107   108   109   110   111   112   113   114   115   116   117   118   119
    120   121   122   123   124   125   126   127   128   129   130   131   132   133   134   135   136   137   138   139
    140   141   142   143   144   145   146   147   148   149   150   151   152   153   154   155   156   157   158   159
    160   161   162   163   164   165   166   167   168   169   170   171   172   173   174   175   176   177   178   179
    180   181   182   183   184   185   186   187   188   189   190   191   192   193   194   195   196   197   198   199
    200   201   202   203   204   205   206   207   208   209   210   211   212   213   214   215   216   217   218   219
    220   221   222   223   224   225   226   227   228   229   230   231   232   233   234   235   236   237   238   239
    240   241   242   243   244   245   246   247   248   249   250   251   252   253   254   255   256   257   258   259
    260   261   262   263   264   265   266   267   268   269   270   271   272   273   274   275   276   277   278   279
    280   281   282   283   284   285   286   287   288   289   290   291   292   293   294   295   296   297   298   299
    300   301   302   303   304   305   306   307   308   309   310   311   312   313   314   315   316   317   318   319
    320   321   322   323   324   325   326   327   328   329   330   331   332   333   334   335   336   337   338   339
    340   341   342   343   344   345   346   347   348   349   350   351   352   353   354   355   356   357   358   359
    360   361   362   363   364   365   366   367   368   369   370   371   372   373   374   375   376   377   378   379
    380   381   382   383   384   385   386   387   388   389   390   391   392   393   394   395   396   397   398   399
  Expected:  0.0  ...  399.0
  Data verification FAILED
  -----

08:45:57 WARN  python3&lt;stdout&gt; returned non-zero exit code 1 ... blocked 
08:45:57 WARN  Aborted test due to BLOCKED outcome
08:45:57 INFO  
08:45:57 INFO  cleanup:
08:46:01 INFO  Executed sudo&lt;tedge_disconnect_c8y&gt;, exit status 0
08:46:01 INFO  Executed systemctl&lt;serv_mapper5&gt;, exit status 3
08:46:01 INFO  
08:46:01 INFO  Test duration: 155.84 secs
08:46:01 INFO  Test final outcome:  BLOCKED
08:46:01 INFO  Test outcome reason: python3&lt;stdout&gt; returned non-zero exit code 1
08:46:01 INFO  
</system-out>
	</testcase>
</testsuite><testsuite name="smoketest_smartrest_400_samples_20ms" tests="1" errors="0" failures="1" skipped="0" time="0"><testcase classname="SmoketestSmartRest400Samples20ms" name="smoketest_smartrest_400_samples_20ms">
		<failure message="BLOCKED: python3&lt;stdout&gt; returned non-zero exit code 1" type="BLOCKED" />
		<system-out>08:46:01 INFO  ==============================================================
08:46:01 INFO  Id:    smoketest_smartrest_400_samples_20ms
08:46:01 INFO  Dir:   smoketests/
08:46:01 INFO  Title: Smoketest SmartRest 400 Samples 20ms Delay
08:46:01 INFO  ==============================================================
08:46:01 INFO  EnvironmentC8y Setup
08:46:02 INFO  Executed systemctl&lt;serv_mapper1&gt;, exit status 3
08:46:02 INFO  Restarting mosquitto too frequently in the last 10 seconds. It was only up for 4 seconds
08:46:02 INFO  Delaying execution by 7 seconds
08:46:23 INFO  Executed sudo&lt;tedge_connect_c8y&gt;, exit status 0, duration 13 secs
08:46:23 INFO  Executed sudo&lt;tedge_connect_c8y_test&gt;, exit status 0
08:46:24 INFO  Executed systemctl&lt;serv_mosq2&gt;, exit status 0
08:46:25 INFO  Executed systemctl&lt;serv_mapper3&gt;, exit status 0
08:48:30 WARN  Executed python3&lt;stdout&gt;, exit status 1, duration 69 secs
08:48:30 INFO  Contents of stdout.out: 
  Retrieved values:
     74    75    76    77    78    79
     80    81    82    83    84    85    86    87    88    89    90    91    92    93    94    95    96    97    98    99
    100   101   102   103   104   105   106   107   108   109   110   111   112   113   114   115   116   117   118   119
    120   121   122   123   124   125   126   127   128   129   130   131   132   133   134   135   136   137   138   139
    140   141   142   143   144   145   146   147   148   149   150   151   152   153   154   155   156   157   158   159
    160   161   162   163   164   165   166   167   168   169   170   171   172   173   174   175   176   177   178   179
    180   181   182   183   184   185   186   187   188   189   190   191   192   193   194   195   196   197   198   199
    200   201   202   203   204   205   206   207   208   209   210   211   212   213   214   215   216   217   218   219
    220   221   222   223   224   225   226   227   228   229   230   231   232   233   234   235   236   237   238   239
    240   241   242   243   244   245   246   247   248   249   250   251   252   253   254   255   256   257   258   259
    260   261   262   263   264   265   266   267   268   269   270   271   272   273   274   275   276   277   278   279
    280   281   282   283   284   285   286   287   288   289   290   291   292   293   294   295   296   297   298   299
    300   301   302   303   304   305   306   307   308   309   310   311   312   313   314   315   316   317   318   319
    320   321   322   323   324   325   326   327   328   329   330   331   332   333   334   335   336   337   338   339
    340   341   342   343   344   345   346   347   348   349   350   351   352   353   354   355   356   357   358   359
    360   361   362   363   364   365   366   367   368   369   370   371   372   373   374   375   376   377   378   379
    380   381   382   383   384   385   386   387   388   389   390   391   392   393   394   395   396   397   398   399
  Expected:  0.0  ...  399.0
  Data verification FAILED
  -----

08:48:30 WARN  python3&lt;stdout&gt; returned non-zero exit code 1 ... blocked 
08:48:30 WARN  Aborted test due to BLOCKED outcome
08:48:30 INFO  
08:48:30 INFO  cleanup:
08:48:34 INFO  Executed sudo&lt;tedge_disconnect_c8y&gt;, exit status 0
08:48:34 INFO  Executed systemctl&lt;serv_mapper5&gt;, exit status 3
08:48:34 INFO  
08:48:34 INFO  Test duration: 153.13 secs
08:48:34 INFO  Test final outcome:  BLOCKED
08:48:34 INFO  Test outcome reason: python3&lt;stdout&gt; returned non-zero exit code 1
08:48:34 INFO  
</system-out>
	</testcase>
</testsuite><testsuite name="tedge_agent_user_sudo_access" tests="1" errors="0" failures="0" skipped="1" time="0"><testcase classname="TedgeAgentUserSudoAccess" name="tedge_agent_user_sudo_access">
		<skipped message="SKIPPED: #955 Observation: Exit code of the apt plugin when called with no arguments" />
		<system-out>08:49:01 INFO  ==============================================================
08:49:01 INFO  Id:    tedge_agent_user_sudo_access
08:49:01 INFO  Dir:   tedge/
08:49:01 INFO  Title: Validate tedge-agent user has a limited sudo right
08:49:01 INFO  ==============================================================
08:49:01 INFO  #955 Observation: Exit code of the apt plugin when called with no arguments ... skipped
08:49:01 INFO  
08:49:01 INFO  Test duration: 0.05 secs
08:49:01 INFO  Test final outcome:  SKIPPED
08:49:01 INFO  Test outcome reason: #955 Observation: Exit code of the apt plugin when called with no arguments
08:49:01 INFO  
</system-out>
	</testcase>
</testsuite><testsuite name="tedge_connect_test_negative" tests="1" errors="0" failures="0" skipped="0" time="0"><testcase classname="TedgeConnectTestNegative" name="tedge_connect_test_negative" />
</testsuite><testsuite name="tedge_connect_test_positive" tests="1" errors="0" failures="0" skipped="0" time="0"><testcase classname="TedgeConnectTestPositive" name="tedge_connect_test_positive" />
</testsuite><testsuite name="tedge_connect_test_sm_services" tests="1" errors="0" failures="0" skipped="0" time="0"><testcase classname="TedgeConnectTestSMServices" name="tedge_connect_test_sm_services" />
</testsuite><testsuite name="tedge_disconnect_test_sm_services" tests="1" errors="0" failures="0" skipped="0" time="0"><testcase classname="TedgeDisConnectTestSMServices" name="tedge_disconnect_test_sm_services" />
</testsuite><testsuite name="tedge_mapper_az_negative" tests="1" errors="0" failures="0" skipped="0" time="0"><testcase classname="TedgeMapperAzError" name="tedge_mapper_az_negative" />
</testsuite><testsuite name="tedge_mapper_az_with_timestamp" tests="1" errors="0" failures="0" skipped="0" time="0"><testcase classname="TedgeMapperAzWithTimestamp" name="tedge_mapper_az_with_timestamp" />
</testsuite><testsuite name="tedge_mapper_az_without_timestamp" tests="1" errors="0" failures="0" skipped="0" time="0"><testcase classname="TedgeMapperAzWithoutTimestamp" name="tedge_mapper_az_without_timestamp" />
</testsuite><testsuite name="tedge_mapper_c8y_alarms" tests="1" errors="0" failures="0" skipped="0" time="0"><testcase classname="TedgeMapperC8yAlarm" name="tedge_mapper_c8y_alarms" />
</testsuite><testsuite name="tedge_mapper_c8y_child_device_measurement" tests="1" errors="0" failures="1" skipped="0" time="0"><testcase classname="TedgeMapperC8yChildDevice" name="tedge_mapper_c8y_child_device_measurement">
		<failure message="BLOCKED: TypeError: 'NoneType' object is not subscriptable (+1 other failures)" type="BLOCKED" />
		<system-out>08:53:24 INFO  ==============================================================
08:53:24 INFO  Id:    tedge_mapper_c8y_child_device_measurement
08:53:24 INFO  Dir:   tedge_mapper_c8y/
08:53:24 INFO  Title: Validate that measurements sent to tedge/measurements/child topic gets mapped as the child device's measurement in Cumulocity
08:53:24 INFO  ==============================================================
08:53:24 INFO  EnvironmentC8y Setup
08:53:25 INFO  Executed systemctl&lt;serv_mapper1&gt;, exit status 3
08:53:25 INFO  Restarting mosquitto too frequently in the last 10 seconds. It was only up for 5 seconds
08:53:25 INFO  Delaying execution by 6 seconds
08:53:45 INFO  Executed sudo&lt;tedge_connect_c8y&gt;, exit status 0, duration 13 secs
08:53:45 INFO  Executed sudo&lt;tedge_connect_c8y_test&gt;, exit status 0
08:53:46 INFO  Executed systemctl&lt;serv_mosq2&gt;, exit status 0
08:53:46 INFO  Executed systemctl&lt;serv_mapper3&gt;, exit status 0
08:53:47 INFO  Assert that (actual == expected) with actual=None, expected=None ... passed
08:53:48 INFO  Executed tedge_pub, exit status 0
08:53:48 INFO  Executed tedge_pub, exit status 0
08:53:48 INFO  Executed tedge_pub, exit status 0
08:53:49 INFO  Executed tedge_pub, exit status 0
08:53:49 INFO  Executed tedge_pub, exit status 0
08:53:52 WARN  TypeError occurred while running test - 'NoneType' object is not subscriptable
Traceback (most recent call last):
  File "/home/pi/env-pysys/lib/python3.7/site-packages/pysys/baserunner.py", line 1296, in __call__
    self.testObj.validate()
  File "/home/pi/actions-runner/_work/thin-edge.io/thin-edge.io/tests/PySys/tedge_mapper_c8y/tedge_mapper_c8y_child_device_measurement/run.py", line 115, in validate
    self.child_device_json["id"], 3
TypeError: 'NoneType' object is not subscriptable
08:53:52 WARN  TypeError: 'NoneType' object is not subscriptable ... blocked 
08:53:52 INFO  
08:53:52 INFO  cleanup:
08:53:52 ERROR Error while running cleanup function: 
Traceback (most recent call last):
  File "/home/pi/env-pysys/lib/python3.7/site-packages/pysys/process/user.py", line 1305, in cleanup
    fn()
  File "/home/pi/actions-runner/_work/thin-edge.io/thin-edge.io/tests/PySys/tedge_mapper_c8y/tedge_mapper_c8y_child_device_measurement/run.py", line 165, in test_cleanup
    self.child_device_json["id"]
TypeError: 'NoneType' object is not subscriptable
08:53:56 INFO  Executed sudo&lt;tedge_disconnect_c8y&gt;, exit status 0
08:53:56 INFO  Executed systemctl&lt;serv_mapper5&gt;, exit status 3
08:53:56 WARN  Cleanup failed with 1 errors: Cleanup function failed: 'NoneType' object is not subscriptable (TypeError) ... blocked 
08:53:56 INFO  
08:53:56 INFO  Test duration: 32.24 secs
08:53:56 INFO  Test final outcome:  BLOCKED
08:53:56 INFO  Test outcome reason: TypeError: 'NoneType' object is not subscriptable (+1 other failures)
08:53:56 INFO  
</system-out>
	</testcase>
</testsuite><testsuite name="tedge_mapper_c8y_negative" tests="1" errors="0" failures="0" skipped="0" time="0"><testcase classname="TedgeMapperC8y" name="tedge_mapper_c8y_negative" />
</testsuite><testsuite name="tedge_mapper_c8y_packet_threshold_size" tests="1" errors="0" failures="0" skipped="0" time="0"><testcase classname="TedgeMapperC8yThresholdPacketSize" name="tedge_mapper_c8y_packet_threshold_size" />
</testsuite><testsuite name="tedge_mapper_c8y_positive" tests="1" errors="0" failures="0" skipped="0" time="0"><testcase classname="TedgeMapperC8y" name="tedge_mapper_c8y_positive" />
</testsuite><testsuite name="tedge_software_update" tests="1" errors="0" failures="0" skipped="0" time="0"><testcase classname="PySysTest" name="tedge_software_update" />
</testsuite><testsuite name="valid_device_id" tests="1" errors="0" failures="0" skipped="0" time="0"><testcase classname="ValidateValidDeviceId" name="valid_device_id" />
</testsuite></testsuites>