<?xml version='1.0' encoding='utf-8'?>
<testsuites tests="38" failures="9" errors="0" skipped="0" time="0.0"><testsuite name="SoftwareManagement.sm_apt_install_download_path" tests="1" errors="0" failures="1" skipped="0" time="0"><testcase classname="AptInstallWithDownloadPath" name="SoftwareManagement.sm_apt_install_download_path">
		<failure message="BLOCKED: SystemError: Timeout while waiting for status FAILED or SUCCESSFUL" type="BLOCKED" />
		<system-out>07:02:48 INFO  ==============================================================
07:02:48 INFO  Id:    SoftwareManagement.sm_apt_install_download_path
07:02:48 INFO  Dir:   software_management_end_to_end/
07:02:48 INFO  Title: Install package to directory specified in tedge config set tmp.path
07:02:48 INFO  ==============================================================
07:02:49 INFO  Using sw id database: {'asciijump': '5475369', 'robotfindskitten': '5474869', 'squirrel3': '5475279', 'rolldice': '5152439', 'moon-buggy': '5439204', 'apple': '5495053', 'banana': '5494888', 'cherry': '5495382', 'watermelon': '5494510', 'registry': '8018911', 'hello-world': '8021526', 'docker/getting-started': '8021973', 'alpine': '7991792'}
07:02:49 INFO  EnvironmentC8y Setup
07:02:49 INFO  Executed systemctl&lt;serv_mapper1&gt;, exit status 3
07:03:04 INFO  Executed sudo&lt;tedge_connect_c8y&gt;, exit status 0, duration 14 secs
07:03:06 INFO  Executed sudo&lt;tedge_connect_c8y_test&gt;, exit status 0
07:03:07 INFO  Executed systemctl&lt;serv_mosq2&gt;, exit status 0
07:03:08 INFO  Executed systemctl&lt;serv_mapper3&gt;, exit status 0
07:03:10 INFO  State of current operation: PENDING
07:03:12 INFO  State of current operation: PENDING
07:03:14 INFO  State of current operation: PENDING
07:03:17 INFO  State of current operation: PENDING
07:03:19 INFO  State of current operation: PENDING
07:03:21 INFO  State of current operation: PENDING
07:03:23 INFO  State of current operation: PENDING
07:03:25 INFO  State of current operation: PENDING
07:03:28 INFO  State of current operation: PENDING
07:03:30 INFO  State of current operation: PENDING
07:03:32 INFO  State of current operation: PENDING
07:03:34 INFO  State of current operation: PENDING
07:03:37 INFO  State of current operation: PENDING
07:03:39 INFO  State of current operation: PENDING
07:03:41 INFO  State of current operation: PENDING
07:03:43 INFO  State of current operation: PENDING
07:03:45 INFO  State of current operation: PENDING
07:03:48 INFO  State of current operation: PENDING
07:03:50 INFO  State of current operation: PENDING
07:03:52 INFO  State of current operation: PENDING
07:03:54 INFO  State of current operation: PENDING
07:03:57 INFO  State of current operation: PENDING
07:03:59 INFO  State of current operation: PENDING
07:04:01 INFO  State of current operation: PENDING
07:04:03 INFO  State of current operation: PENDING
07:04:05 INFO  State of current operation: PENDING
07:04:08 INFO  State of current operation: PENDING
07:04:10 INFO  State of current operation: PENDING
07:04:12 INFO  State of current operation: PENDING
07:04:14 INFO  State of current operation: PENDING
07:04:17 INFO  State of current operation: PENDING
07:04:19 INFO  State of current operation: PENDING
07:04:21 INFO  State of current operation: PENDING
07:04:23 INFO  State of current operation: PENDING
07:04:25 INFO  State of current operation: PENDING
07:04:28 INFO  State of current operation: PENDING
07:04:30 INFO  State of current operation: PENDING
07:04:32 INFO  State of current operation: PENDING
07:04:34 INFO  State of current operation: PENDING
07:04:36 INFO  State of current operation: PENDING
07:04:39 INFO  State of current operation: PENDING
07:04:41 INFO  State of current operation: PENDING
07:04:43 INFO  State of current operation: PENDING
07:04:45 INFO  State of current operation: PENDING
07:04:48 INFO  State of current operation: PENDING
07:04:50 INFO  State of current operation: PENDING
07:04:52 INFO  State of current operation: PENDING
07:04:54 INFO  State of current operation: PENDING
07:04:57 INFO  State of current operation: PENDING
07:04:59 INFO  State of current operation: PENDING
07:05:01 INFO  State of current operation: PENDING
07:05:03 INFO  State of current operation: PENDING
07:05:05 INFO  State of current operation: PENDING
07:05:08 INFO  State of current operation: PENDING
07:05:10 INFO  State of current operation: PENDING
07:05:12 INFO  State of current operation: PENDING
07:05:14 INFO  State of current operation: PENDING
07:05:17 INFO  State of current operation: PENDING
07:05:19 INFO  State of current operation: PENDING
07:05:21 INFO  State of current operation: PENDING
07:05:23 INFO  State of current operation: PENDING
07:05:25 WARN  SystemError occurred while running test - Timeout while waiting for status FAILED or SUCCESSFUL
Traceback (most recent call last):
  File "/home/pi/env-pysys/lib/python3.7/site-packages/pysys/baserunner.py", line 1292, in __call__
    self.testObj.setup()
  File "/home/pi/actions-runner/_work/thin-edge.io/thin-edge.io/tests/PySys/software_management_end_to_end/sm_apt_install_download_path/run.py", line 48, in setup
    super().setup()
  File "/home/pi/actions-runner/_work/thin-edge.io/thin-edge.io/tests/PySys/software_management_end_to_end/environment_sm_management.py", line 151, in setup
    self.wait_until_end()
  File "/home/pi/actions-runner/_work/thin-edge.io/thin-edge.io/tests/PySys/software_management_end_to_end/environment_sm_management.py", line 332, in wait_until_end
    self.wait_until_status("FAILED", "SUCCESSFUL")
  File "/home/pi/actions-runner/_work/thin-edge.io/thin-edge.io/tests/PySys/software_management_end_to_end/environment_sm_management.py", line 381, in wait_until_status
    "Timeout while waiting for status %s or %s" % (status, status2)
SystemError: Timeout while waiting for status FAILED or SUCCESSFUL
07:05:26 WARN  SystemError: Timeout while waiting for status FAILED or SUCCESSFUL ... blocked 
07:05:26 INFO  
07:05:26 INFO  cleanup:
07:05:26 INFO  Executed sudo, exit status 0
07:05:27 INFO  Executed sudo, exit status 0
07:05:31 INFO  Executed sudo&lt;tedge_disconnect_c8y&gt;, exit status 0
07:05:31 INFO  Restarting mosquitto too frequently in the last 10 seconds. It was only up for 3 seconds
07:05:31 INFO  Delaying execution by 8 seconds
07:05:53 INFO  Executed sudo&lt;tedge_connect_c8y&gt;, exit status 0, duration 13 secs
07:05:58 INFO  Executed sudo&lt;tedge_disconnect_c8y&gt;, exit status 0
07:05:58 INFO  Executed systemctl&lt;serv_mapper5&gt;, exit status 3
07:05:58 INFO  
07:05:58 INFO  Test duration: 190.26 secs
07:05:58 INFO  Test final outcome:  BLOCKED
07:05:58 INFO  Test outcome reason: SystemError: Timeout while waiting for status FAILED or SUCCESSFUL
07:05:58 INFO  
</system-out>
	</testcase>
</testsuite><testsuite name="SoftwareManagement.sm_apt_install_fail" tests="1" errors="0" failures="1" skipped="0" time="0"><testcase classname="PySysTest" name="SoftwareManagement.sm_apt_install_fail">
		<failure message="BLOCKED: SystemError: Timeout while waiting for status FAILED or SUCCESSFUL" type="BLOCKED" />
		<system-out>07:05:58 INFO  ==============================================================
07:05:58 INFO  Id:    SoftwareManagement.sm_apt_install_fail
07:05:58 INFO  Dir:   software_management_end_to_end/
07:05:58 INFO  Title: Validate end to end behaviour for a failing installation
07:05:58 INFO  ==============================================================
07:05:58 INFO  Using sw id database: {'asciijump': '5475369', 'robotfindskitten': '5474869', 'squirrel3': '5475279', 'rolldice': '5152439', 'moon-buggy': '5439204', 'apple': '5495053', 'banana': '5494888', 'cherry': '5495382', 'watermelon': '5494510', 'registry': '8018911', 'hello-world': '8021526', 'docker/getting-started': '8021973', 'alpine': '7991792'}
07:05:58 INFO  EnvironmentC8y Setup
07:05:59 INFO  Executed systemctl&lt;serv_mapper1&gt;, exit status 3
07:05:59 INFO  Restarting mosquitto too frequently in the last 10 seconds. It was only up for 5 seconds
07:05:59 INFO  Delaying execution by 6 seconds
07:06:19 INFO  Executed sudo&lt;tedge_connect_c8y&gt;, exit status 0, duration 14 secs
07:06:20 INFO  Executed sudo&lt;tedge_connect_c8y_test&gt;, exit status 0
07:06:21 INFO  Executed systemctl&lt;serv_mosq2&gt;, exit status 0
07:06:21 INFO  Executed systemctl&lt;serv_mapper3&gt;, exit status 0
07:06:23 INFO  State of current operation: PENDING
07:06:25 INFO  State of current operation: PENDING
07:06:28 INFO  State of current operation: PENDING
07:06:30 INFO  State of current operation: PENDING
07:06:32 INFO  State of current operation: PENDING
07:06:34 INFO  State of current operation: PENDING
07:06:37 INFO  State of current operation: PENDING
07:06:39 INFO  State of current operation: PENDING
07:06:41 INFO  State of current operation: PENDING
07:06:43 INFO  State of current operation: PENDING
07:06:45 INFO  State of current operation: PENDING
07:06:48 INFO  State of current operation: PENDING
07:06:50 INFO  State of current operation: PENDING
07:06:52 INFO  State of current operation: PENDING
07:06:54 INFO  State of current operation: PENDING
07:06:57 INFO  State of current operation: PENDING
07:06:59 INFO  State of current operation: PENDING
07:07:01 INFO  State of current operation: PENDING
07:07:03 INFO  State of current operation: PENDING
07:07:05 INFO  State of current operation: PENDING
07:07:08 INFO  State of current operation: PENDING
07:07:10 INFO  State of current operation: PENDING
07:07:12 INFO  State of current operation: PENDING
07:07:14 INFO  State of current operation: PENDING
07:07:17 INFO  State of current operation: PENDING
07:07:19 INFO  State of current operation: PENDING
07:07:21 INFO  State of current operation: PENDING
07:07:23 INFO  State of current operation: PENDING
07:07:25 INFO  State of current operation: PENDING
07:07:28 INFO  State of current operation: PENDING
07:07:30 INFO  State of current operation: PENDING
07:07:32 INFO  State of current operation: PENDING
07:07:34 INFO  State of current operation: PENDING
07:07:37 INFO  State of current operation: PENDING
07:07:39 INFO  State of current operation: PENDING
07:07:41 INFO  State of current operation: PENDING
07:07:43 INFO  State of current operation: PENDING
07:07:45 INFO  State of current operation: PENDING
07:07:48 INFO  State of current operation: PENDING
07:07:50 INFO  State of current operation: PENDING
07:07:52 INFO  State of current operation: PENDING
07:07:54 INFO  State of current operation: PENDING
07:07:56 INFO  State of current operation: PENDING
07:07:59 INFO  State of current operation: PENDING
07:08:01 INFO  State of current operation: PENDING
07:08:03 INFO  State of current operation: PENDING
07:08:05 INFO  State of current operation: PENDING
07:08:08 INFO  State of current operation: PENDING
07:08:10 INFO  State of current operation: PENDING
07:08:12 INFO  State of current operation: PENDING
07:08:14 INFO  State of current operation: PENDING
07:08:17 INFO  State of current operation: PENDING
07:08:19 INFO  State of current operation: PENDING
07:08:21 INFO  State of current operation: PENDING
07:08:23 INFO  State of current operation: PENDING
07:08:25 INFO  State of current operation: PENDING
07:08:28 INFO  State of current operation: PENDING
07:08:30 INFO  State of current operation: PENDING
07:08:32 INFO  State of current operation: PENDING
07:08:34 INFO  State of current operation: PENDING
07:08:37 INFO  State of current operation: PENDING
07:08:39 WARN  SystemError occurred while running test - Timeout while waiting for status FAILED or SUCCESSFUL
Traceback (most recent call last):
  File "/home/pi/env-pysys/lib/python3.7/site-packages/pysys/baserunner.py", line 1292, in __call__
    self.testObj.setup()
  File "/home/pi/actions-runner/_work/thin-edge.io/thin-edge.io/tests/PySys/software_management_end_to_end/sm_apt_install_fail/run.py", line 20, in setup
    super().setup()
  File "/home/pi/actions-runner/_work/thin-edge.io/thin-edge.io/tests/PySys/software_management_end_to_end/environment_sm_management.py", line 151, in setup
    self.wait_until_end()
  File "/home/pi/actions-runner/_work/thin-edge.io/thin-edge.io/tests/PySys/software_management_end_to_end/environment_sm_management.py", line 332, in wait_until_end
    self.wait_until_status("FAILED", "SUCCESSFUL")
  File "/home/pi/actions-runner/_work/thin-edge.io/thin-edge.io/tests/PySys/software_management_end_to_end/environment_sm_management.py", line 381, in wait_until_status
    "Timeout while waiting for status %s or %s" % (status, status2)
SystemError: Timeout while waiting for status FAILED or SUCCESSFUL
07:08:39 WARN  SystemError: Timeout while waiting for status FAILED or SUCCESSFUL ... blocked 
07:08:39 INFO  
07:08:39 INFO  cleanup:
07:08:43 INFO  Executed sudo&lt;tedge_disconnect_c8y&gt;, exit status 0
07:08:44 INFO  Executed systemctl&lt;serv_mapper5&gt;, exit status 3
07:08:44 INFO  
07:08:44 INFO  Test duration: 165.44 secs
07:08:44 INFO  Test final outcome:  BLOCKED
07:08:44 INFO  Test outcome reason: SystemError: Timeout while waiting for status FAILED or SUCCESSFUL
07:08:44 INFO  
</system-out>
	</testcase>
</testsuite><testsuite name="SoftwareManagement.sm_apt_install_remove" tests="1" errors="0" failures="1" skipped="0" time="0"><testcase classname="PySysTest" name="SoftwareManagement.sm_apt_install_remove">
		<failure message="BLOCKED: SystemError: Timeout while waiting for status FAILED or SUCCESSFUL" type="BLOCKED" />
		<system-out>07:08:44 INFO  ==============================================================
07:08:44 INFO  Id:    SoftwareManagement.sm_apt_install_remove
07:08:44 INFO  Dir:   software_management_end_to_end/
07:08:44 INFO  Title: Validate end to end behaviour for the apt plugin for installation and removal of packages
07:08:44 INFO  ==============================================================
07:08:44 INFO  Using sw id database: {'asciijump': '5475369', 'robotfindskitten': '5474869', 'squirrel3': '5475279', 'rolldice': '5152439', 'moon-buggy': '5439204', 'apple': '5495053', 'banana': '5494888', 'cherry': '5495382', 'watermelon': '5494510', 'registry': '8018911', 'hello-world': '8021526', 'docker/getting-started': '8021973', 'alpine': '7991792'}
07:08:44 INFO  EnvironmentC8y Setup
07:08:44 INFO  Executed systemctl&lt;serv_mapper1&gt;, exit status 3
07:08:45 INFO  Restarting mosquitto too frequently in the last 10 seconds. It was only up for 5 seconds
07:08:45 INFO  Delaying execution by 6 seconds
07:09:05 INFO  Executed sudo&lt;tedge_connect_c8y&gt;, exit status 0, duration 14 secs
07:09:05 INFO  Executed sudo&lt;tedge_connect_c8y_test&gt;, exit status 0
07:09:06 INFO  Executed systemctl&lt;serv_mosq2&gt;, exit status 0
07:09:06 INFO  Executed systemctl&lt;serv_mapper3&gt;, exit status 0
07:09:08 INFO  State of current operation: PENDING
07:09:11 INFO  State of current operation: PENDING
07:09:13 INFO  State of current operation: PENDING
07:09:15 INFO  State of current operation: PENDING
07:09:17 INFO  State of current operation: PENDING
07:09:19 INFO  State of current operation: PENDING
07:09:22 INFO  State of current operation: PENDING
07:09:24 INFO  State of current operation: PENDING
07:09:26 INFO  State of current operation: PENDING
07:09:28 INFO  State of current operation: PENDING
07:09:31 INFO  State of current operation: PENDING
07:09:33 INFO  State of current operation: PENDING
07:09:35 INFO  State of current operation: PENDING
07:09:37 INFO  State of current operation: PENDING
07:09:40 INFO  State of current operation: PENDING
07:09:42 INFO  State of current operation: PENDING
07:09:44 INFO  State of current operation: PENDING
07:09:46 INFO  State of current operation: PENDING
07:09:48 INFO  State of current operation: PENDING
07:09:51 INFO  State of current operation: PENDING
07:09:53 INFO  State of current operation: PENDING
07:09:55 INFO  State of current operation: PENDING
07:09:57 INFO  State of current operation: PENDING
07:10:00 INFO  State of current operation: PENDING
07:10:02 INFO  State of current operation: PENDING
07:10:04 INFO  State of current operation: PENDING
07:10:06 INFO  State of current operation: PENDING
07:10:09 INFO  State of current operation: PENDING
07:10:11 INFO  State of current operation: PENDING
07:10:13 INFO  State of current operation: PENDING
07:10:15 INFO  State of current operation: PENDING
07:10:17 INFO  State of current operation: PENDING
07:10:20 INFO  State of current operation: PENDING
07:10:22 INFO  State of current operation: PENDING
07:10:24 INFO  State of current operation: PENDING
07:10:26 INFO  State of current operation: PENDING
07:10:29 INFO  State of current operation: PENDING
07:10:31 INFO  State of current operation: PENDING
07:10:33 INFO  State of current operation: PENDING
07:10:35 INFO  State of current operation: PENDING
07:10:37 INFO  State of current operation: PENDING
07:10:40 INFO  State of current operation: PENDING
07:10:42 INFO  State of current operation: PENDING
07:10:44 INFO  State of current operation: PENDING
07:10:46 INFO  State of current operation: PENDING
07:10:49 INFO  State of current operation: PENDING
07:10:51 INFO  State of current operation: PENDING
07:10:53 INFO  State of current operation: PENDING
07:10:55 INFO  State of current operation: PENDING
07:10:57 INFO  State of current operation: PENDING
07:11:00 INFO  State of current operation: PENDING
07:11:02 INFO  State of current operation: PENDING
07:11:04 INFO  State of current operation: PENDING
07:11:06 INFO  State of current operation: PENDING
07:11:09 INFO  State of current operation: PENDING
07:11:11 INFO  State of current operation: PENDING
07:11:13 INFO  State of current operation: PENDING
07:11:15 INFO  State of current operation: PENDING
07:11:17 INFO  State of current operation: PENDING
07:11:20 INFO  State of current operation: PENDING
07:11:22 INFO  State of current operation: PENDING
07:11:24 WARN  SystemError occurred while running test - Timeout while waiting for status FAILED or SUCCESSFUL
Traceback (most recent call last):
  File "/home/pi/env-pysys/lib/python3.7/site-packages/pysys/baserunner.py", line 1292, in __call__
    self.testObj.setup()
  File "/home/pi/actions-runner/_work/thin-edge.io/thin-edge.io/tests/PySys/software_management_end_to_end/sm_apt_install_remove/run.py", line 27, in setup
    super().setup()
  File "/home/pi/actions-runner/_work/thin-edge.io/thin-edge.io/tests/PySys/software_management_end_to_end/environment_sm_management.py", line 151, in setup
    self.wait_until_end()
  File "/home/pi/actions-runner/_work/thin-edge.io/thin-edge.io/tests/PySys/software_management_end_to_end/environment_sm_management.py", line 332, in wait_until_end
    self.wait_until_status("FAILED", "SUCCESSFUL")
  File "/home/pi/actions-runner/_work/thin-edge.io/thin-edge.io/tests/PySys/software_management_end_to_end/environment_sm_management.py", line 381, in wait_until_status
    "Timeout while waiting for status %s or %s" % (status, status2)
SystemError: Timeout while waiting for status FAILED or SUCCESSFUL
07:11:24 WARN  SystemError: Timeout while waiting for status FAILED or SUCCESSFUL ... blocked 
07:11:24 INFO  
07:11:24 INFO  cleanup:
07:11:28 INFO  Executed sudo&lt;tedge_disconnect_c8y&gt;, exit status 0
07:11:29 INFO  Executed systemctl&lt;serv_mapper5&gt;, exit status 3
07:11:29 INFO  
07:11:29 INFO  Test duration: 164.88 secs
07:11:29 INFO  Test final outcome:  BLOCKED
07:11:29 INFO  Test outcome reason: SystemError: Timeout while waiting for status FAILED or SUCCESSFUL
07:11:29 INFO  
</system-out>
	</testcase>
</testsuite><testsuite name="SoftwareManagement.sm_apt_install_remove_default" tests="1" errors="0" failures="1" skipped="0" time="0"><testcase classname="PySysTest" name="SoftwareManagement.sm_apt_install_remove_default">
		<failure message="BLOCKED: SystemError: Timeout while waiting for status FAILED or SUCCESSFUL" type="BLOCKED" />
		<system-out>07:11:29 INFO  ==============================================================
07:11:29 INFO  Id:    SoftwareManagement.sm_apt_install_remove_default
07:11:29 INFO  Dir:   software_management_end_to_end/
07:11:29 INFO  Title: Validate end to end behaviour for the default plugin for installation and removal of packages
07:11:29 INFO  ==============================================================
07:11:29 INFO  Using sw id database: {'asciijump': '5475369', 'robotfindskitten': '5474869', 'squirrel3': '5475279', 'rolldice': '5152439', 'moon-buggy': '5439204', 'apple': '5495053', 'banana': '5494888', 'cherry': '5495382', 'watermelon': '5494510', 'registry': '8018911', 'hello-world': '8021526', 'docker/getting-started': '8021973', 'alpine': '7991792'}
07:11:29 INFO  EnvironmentC8y Setup
07:11:29 INFO  Executed systemctl&lt;serv_mapper1&gt;, exit status 3
07:11:29 INFO  Restarting mosquitto too frequently in the last 10 seconds. It was only up for 5 seconds
07:11:29 INFO  Delaying execution by 6 seconds
07:11:50 INFO  Executed sudo&lt;tedge_connect_c8y&gt;, exit status 0, duration 14 secs
07:11:50 INFO  Executed sudo&lt;tedge_connect_c8y_test&gt;, exit status 0
07:11:51 INFO  Executed systemctl&lt;serv_mosq2&gt;, exit status 0
07:11:51 INFO  Executed systemctl&lt;serv_mapper3&gt;, exit status 0
07:11:54 INFO  State of current operation: PENDING
07:11:56 INFO  State of current operation: PENDING
07:11:58 INFO  State of current operation: PENDING
07:12:00 INFO  State of current operation: PENDING
07:12:03 INFO  State of current operation: PENDING
07:12:05 INFO  State of current operation: PENDING
07:12:07 INFO  State of current operation: PENDING
07:12:09 INFO  State of current operation: PENDING
07:12:11 INFO  State of current operation: PENDING
07:12:14 INFO  State of current operation: PENDING
07:12:16 INFO  State of current operation: PENDING
07:12:18 INFO  State of current operation: PENDING
07:12:20 INFO  State of current operation: PENDING
07:12:23 INFO  State of current operation: PENDING
07:12:25 INFO  State of current operation: PENDING
07:12:27 INFO  State of current operation: PENDING
07:12:29 INFO  State of current operation: PENDING
07:12:31 INFO  State of current operation: PENDING
07:12:34 INFO  State of current operation: PENDING
07:12:36 INFO  State of current operation: PENDING
07:12:38 INFO  State of current operation: PENDING
07:12:40 INFO  State of current operation: PENDING
07:12:43 INFO  State of current operation: PENDING
07:12:45 INFO  State of current operation: PENDING
07:12:47 INFO  State of current operation: PENDING
07:12:49 INFO  State of current operation: PENDING
07:12:51 INFO  State of current operation: PENDING
07:12:54 INFO  State of current operation: PENDING
07:12:56 INFO  State of current operation: PENDING
07:12:58 INFO  State of current operation: PENDING
07:13:00 INFO  State of current operation: PENDING
07:13:03 INFO  State of current operation: PENDING
07:13:05 INFO  State of current operation: PENDING
07:13:07 INFO  State of current operation: PENDING
07:13:09 INFO  State of current operation: PENDING
07:13:11 INFO  State of current operation: PENDING
07:13:14 INFO  State of current operation: PENDING
07:13:16 INFO  State of current operation: PENDING
07:13:18 INFO  State of current operation: PENDING
07:13:20 INFO  State of current operation: PENDING
07:13:23 INFO  State of current operation: PENDING
07:13:25 INFO  State of current operation: PENDING
07:13:27 INFO  State of current operation: PENDING
07:13:29 INFO  State of current operation: PENDING
07:13:32 INFO  State of current operation: PENDING
07:13:34 INFO  State of current operation: PENDING
07:13:36 INFO  State of current operation: PENDING
07:13:38 INFO  State of current operation: PENDING
07:13:40 INFO  State of current operation: PENDING
07:13:43 INFO  State of current operation: PENDING
07:13:45 INFO  State of current operation: PENDING
07:13:47 INFO  State of current operation: PENDING
07:13:49 INFO  State of current operation: PENDING
07:13:51 INFO  State of current operation: PENDING
07:13:54 INFO  State of current operation: PENDING
07:13:56 INFO  State of current operation: PENDING
07:13:58 INFO  State of current operation: PENDING
07:14:00 INFO  State of current operation: PENDING
07:14:03 INFO  State of current operation: PENDING
07:14:05 INFO  State of current operation: PENDING
07:14:07 INFO  State of current operation: PENDING
07:14:09 WARN  SystemError occurred while running test - Timeout while waiting for status FAILED or SUCCESSFUL
Traceback (most recent call last):
  File "/home/pi/env-pysys/lib/python3.7/site-packages/pysys/baserunner.py", line 1292, in __call__
    self.testObj.setup()
  File "/home/pi/actions-runner/_work/thin-edge.io/thin-edge.io/tests/PySys/software_management_end_to_end/sm_apt_install_remove_default/run.py", line 26, in setup
    super().setup()
  File "/home/pi/actions-runner/_work/thin-edge.io/thin-edge.io/tests/PySys/software_management_end_to_end/environment_sm_management.py", line 151, in setup
    self.wait_until_end()
  File "/home/pi/actions-runner/_work/thin-edge.io/thin-edge.io/tests/PySys/software_management_end_to_end/environment_sm_management.py", line 332, in wait_until_end
    self.wait_until_status("FAILED", "SUCCESSFUL")
  File "/home/pi/actions-runner/_work/thin-edge.io/thin-edge.io/tests/PySys/software_management_end_to_end/environment_sm_management.py", line 381, in wait_until_status
    "Timeout while waiting for status %s or %s" % (status, status2)
SystemError: Timeout while waiting for status FAILED or SUCCESSFUL
07:14:09 WARN  SystemError: Timeout while waiting for status FAILED or SUCCESSFUL ... blocked 
07:14:09 INFO  
07:14:09 INFO  cleanup:
07:14:13 INFO  Executed sudo&lt;tedge_disconnect_c8y&gt;, exit status 0
07:14:14 INFO  Executed systemctl&lt;serv_mapper5&gt;, exit status 3
07:14:14 INFO  
07:14:14 INFO  Test duration: 165.16 secs
07:14:14 INFO  Test final outcome:  BLOCKED
07:14:14 INFO  Test outcome reason: SystemError: Timeout while waiting for status FAILED or SUCCESSFUL
07:14:14 INFO  
</system-out>
	</testcase>
</testsuite><testsuite name="SoftwareManagement.sm_apt_install_remove_multiple" tests="1" errors="0" failures="1" skipped="0" time="0"><testcase classname="PySysTest" name="SoftwareManagement.sm_apt_install_remove_multiple">
		<failure message="BLOCKED: SystemError: Timeout while waiting for status FAILED or SUCCESSFUL" type="BLOCKED" />
		<system-out>07:14:14 INFO  ==============================================================
07:14:14 INFO  Id:    SoftwareManagement.sm_apt_install_remove_multiple
07:14:14 INFO  Dir:   software_management_end_to_end/
07:14:14 INFO  Title: Validate end to end behaviour for the apt plugin for multiple packages
07:14:14 INFO  ==============================================================
07:14:14 INFO  Using sw id database: {'asciijump': '5475369', 'robotfindskitten': '5474869', 'squirrel3': '5475279', 'rolldice': '5152439', 'moon-buggy': '5439204', 'apple': '5495053', 'banana': '5494888', 'cherry': '5495382', 'watermelon': '5494510', 'registry': '8018911', 'hello-world': '8021526', 'docker/getting-started': '8021973', 'alpine': '7991792'}
07:14:14 INFO  EnvironmentC8y Setup
07:14:15 INFO  Executed systemctl&lt;serv_mapper1&gt;, exit status 3
07:14:15 INFO  Restarting mosquitto too frequently in the last 10 seconds. It was only up for 5 seconds
07:14:15 INFO  Delaying execution by 6 seconds
07:14:35 INFO  Executed sudo&lt;tedge_connect_c8y&gt;, exit status 0, duration 13 secs
07:14:35 INFO  Executed sudo&lt;tedge_connect_c8y_test&gt;, exit status 0
07:14:36 INFO  Executed systemctl&lt;serv_mosq2&gt;, exit status 0
07:14:36 INFO  Executed systemctl&lt;serv_mapper3&gt;, exit status 0
07:14:39 INFO  State of current operation: PENDING
07:14:41 INFO  State of current operation: PENDING
07:14:43 INFO  State of current operation: PENDING
07:14:45 INFO  State of current operation: PENDING
07:14:47 INFO  State of current operation: PENDING
07:14:50 INFO  State of current operation: PENDING
07:14:52 INFO  State of current operation: PENDING
07:14:54 INFO  State of current operation: PENDING
07:14:56 INFO  State of current operation: PENDING
07:14:59 INFO  State of current operation: PENDING
07:15:01 INFO  State of current operation: PENDING
07:15:03 INFO  State of current operation: PENDING
07:15:05 INFO  State of current operation: PENDING
07:15:07 INFO  State of current operation: PENDING
07:15:10 INFO  State of current operation: PENDING
07:15:12 INFO  State of current operation: PENDING
07:15:14 INFO  State of current operation: PENDING
07:15:16 INFO  State of current operation: PENDING
07:15:19 INFO  State of current operation: PENDING
07:15:21 INFO  State of current operation: PENDING
07:15:23 INFO  State of current operation: PENDING
07:15:25 INFO  State of current operation: PENDING
07:15:27 INFO  State of current operation: PENDING
07:15:30 INFO  State of current operation: PENDING
07:15:32 INFO  State of current operation: PENDING
07:15:34 INFO  State of current operation: PENDING
07:15:36 INFO  State of current operation: PENDING
07:15:39 INFO  State of current operation: PENDING
07:15:41 INFO  State of current operation: PENDING
07:15:43 INFO  State of current operation: PENDING
07:15:45 INFO  State of current operation: PENDING
07:15:47 INFO  State of current operation: PENDING
07:15:50 INFO  State of current operation: PENDING
07:15:52 INFO  State of current operation: PENDING
07:15:54 INFO  State of current operation: PENDING
07:15:56 INFO  State of current operation: PENDING
07:15:59 INFO  State of current operation: PENDING
07:16:01 INFO  State of current operation: PENDING
07:16:03 INFO  State of current operation: PENDING
07:16:05 INFO  State of current operation: PENDING
07:16:07 INFO  State of current operation: PENDING
07:16:10 INFO  State of current operation: PENDING
07:16:12 INFO  State of current operation: PENDING
07:16:14 INFO  State of current operation: PENDING
07:16:16 INFO  State of current operation: PENDING
07:16:19 INFO  State of current operation: PENDING
07:16:21 INFO  State of current operation: PENDING
07:16:23 INFO  State of current operation: PENDING
07:16:25 INFO  State of current operation: PENDING
07:16:27 INFO  State of current operation: PENDING
07:16:30 INFO  State of current operation: PENDING
07:16:32 INFO  State of current operation: PENDING
07:16:34 INFO  State of current operation: PENDING
07:16:36 INFO  State of current operation: PENDING
07:16:39 INFO  State of current operation: PENDING
07:16:41 INFO  State of current operation: PENDING
07:16:43 INFO  State of current operation: PENDING
07:16:45 INFO  State of current operation: PENDING
07:16:47 INFO  State of current operation: PENDING
07:16:50 INFO  State of current operation: PENDING
07:16:52 INFO  State of current operation: PENDING
07:16:54 WARN  SystemError occurred while running test - Timeout while waiting for status FAILED or SUCCESSFUL
Traceback (most recent call last):
  File "/home/pi/env-pysys/lib/python3.7/site-packages/pysys/baserunner.py", line 1292, in __call__
    self.testObj.setup()
  File "/home/pi/actions-runner/_work/thin-edge.io/thin-edge.io/tests/PySys/software_management_end_to_end/sm_apt_install_remove_multiple/run.py", line 52, in setup
    super().setup()
  File "/home/pi/actions-runner/_work/thin-edge.io/thin-edge.io/tests/PySys/software_management_end_to_end/environment_sm_management.py", line 151, in setup
    self.wait_until_end()
  File "/home/pi/actions-runner/_work/thin-edge.io/thin-edge.io/tests/PySys/software_management_end_to_end/environment_sm_management.py", line 332, in wait_until_end
    self.wait_until_status("FAILED", "SUCCESSFUL")
  File "/home/pi/actions-runner/_work/thin-edge.io/thin-edge.io/tests/PySys/software_management_end_to_end/environment_sm_management.py", line 381, in wait_until_status
    "Timeout while waiting for status %s or %s" % (status, status2)
SystemError: Timeout while waiting for status FAILED or SUCCESSFUL
07:16:54 WARN  SystemError: Timeout while waiting for status FAILED or SUCCESSFUL ... blocked 
07:16:54 INFO  
07:16:54 INFO  cleanup:
07:16:58 INFO  Executed sudo&lt;tedge_disconnect_c8y&gt;, exit status 0
07:16:59 INFO  Executed systemctl&lt;serv_mapper5&gt;, exit status 3
07:16:59 INFO  
07:16:59 INFO  Test duration: 164.60 secs
07:16:59 INFO  Test final outcome:  BLOCKED
07:16:59 INFO  Test outcome reason: SystemError: Timeout while waiting for status FAILED or SUCCESSFUL
07:16:59 INFO  
</system-out>
	</testcase>
</testsuite><testsuite name="SoftwareManagement.sm_apt_install_remove_multiple_mixed" tests="1" errors="0" failures="1" skipped="0" time="0"><testcase classname="PySysTest" name="SoftwareManagement.sm_apt_install_remove_multiple_mixed">
		<failure message="BLOCKED: SystemError: Timeout while waiting for status FAILED or SUCCESSFUL" type="BLOCKED" />
		<system-out>07:16:59 INFO  ==============================================================
07:16:59 INFO  Id:    SoftwareManagement.sm_apt_install_remove_multiple_mixed
07:16:59 INFO  Dir:   software_management_end_to_end/
07:16:59 INFO  Title: Validate end to end behaviour for the apt plugin for multiple packages with mixed versions
07:16:59 INFO  ==============================================================
07:16:59 INFO  Using sw id database: {'asciijump': '5475369', 'robotfindskitten': '5474869', 'squirrel3': '5475279', 'rolldice': '5152439', 'moon-buggy': '5439204', 'apple': '5495053', 'banana': '5494888', 'cherry': '5495382', 'watermelon': '5494510', 'registry': '8018911', 'hello-world': '8021526', 'docker/getting-started': '8021973', 'alpine': '7991792'}
07:16:59 INFO  EnvironmentC8y Setup
07:16:59 INFO  Executed systemctl&lt;serv_mapper1&gt;, exit status 3
07:16:59 INFO  Restarting mosquitto too frequently in the last 10 seconds. It was only up for 4 seconds
07:16:59 INFO  Delaying execution by 7 seconds
07:17:21 INFO  Executed sudo&lt;tedge_connect_c8y&gt;, exit status 0, duration 14 secs
07:17:21 INFO  Executed sudo&lt;tedge_connect_c8y_test&gt;, exit status 0
07:17:22 INFO  Executed systemctl&lt;serv_mosq2&gt;, exit status 0
07:17:22 INFO  Executed systemctl&lt;serv_mapper3&gt;, exit status 0
07:17:24 INFO  State of current operation: PENDING
07:17:27 INFO  State of current operation: PENDING
07:17:29 INFO  State of current operation: PENDING
07:17:31 INFO  State of current operation: PENDING
07:17:33 INFO  State of current operation: PENDING
07:17:36 INFO  State of current operation: PENDING
07:17:38 INFO  State of current operation: PENDING
07:17:40 INFO  State of current operation: PENDING
07:17:42 INFO  State of current operation: PENDING
07:17:45 INFO  State of current operation: PENDING
07:17:47 INFO  State of current operation: PENDING
07:17:49 INFO  State of current operation: PENDING
07:17:51 INFO  State of current operation: PENDING
07:17:53 INFO  State of current operation: PENDING
07:17:56 INFO  State of current operation: PENDING
07:17:58 INFO  State of current operation: PENDING
07:18:00 INFO  State of current operation: PENDING
07:18:02 INFO  State of current operation: PENDING
07:18:05 INFO  State of current operation: PENDING
07:18:07 INFO  State of current operation: PENDING
07:18:09 INFO  State of current operation: PENDING
07:18:11 INFO  State of current operation: PENDING
07:18:13 INFO  State of current operation: PENDING
07:18:16 INFO  State of current operation: PENDING
07:18:18 INFO  State of current operation: PENDING
07:18:20 INFO  State of current operation: PENDING
07:18:22 INFO  State of current operation: PENDING
07:18:25 INFO  State of current operation: PENDING
07:18:27 INFO  State of current operation: PENDING
07:18:29 INFO  State of current operation: PENDING
07:18:31 INFO  State of current operation: PENDING
07:18:34 INFO  State of current operation: PENDING
07:18:36 INFO  State of current operation: PENDING
07:18:38 INFO  State of current operation: PENDING
07:18:40 INFO  State of current operation: PENDING
07:18:42 INFO  State of current operation: PENDING
07:18:45 INFO  State of current operation: PENDING
07:18:47 INFO  State of current operation: PENDING
07:18:49 INFO  State of current operation: PENDING
07:18:51 INFO  State of current operation: PENDING
07:18:54 INFO  State of current operation: PENDING
07:18:56 INFO  State of current operation: PENDING
07:18:58 INFO  State of current operation: PENDING
07:19:00 INFO  State of current operation: PENDING
07:19:02 INFO  State of current operation: PENDING
07:19:05 INFO  State of current operation: PENDING
07:19:07 INFO  State of current operation: PENDING
07:19:09 INFO  State of current operation: PENDING
07:19:11 INFO  State of current operation: PENDING
07:19:14 INFO  State of current operation: PENDING
07:19:16 INFO  State of current operation: PENDING
07:19:18 INFO  State of current operation: PENDING
07:19:20 INFO  State of current operation: PENDING
07:19:22 INFO  State of current operation: PENDING
07:19:25 INFO  State of current operation: PENDING
07:19:27 INFO  State of current operation: PENDING
07:19:29 INFO  State of current operation: PENDING
07:19:31 INFO  State of current operation: PENDING
07:19:34 INFO  State of current operation: PENDING
07:19:36 INFO  State of current operation: PENDING
07:19:38 INFO  State of current operation: PENDING
07:19:40 WARN  SystemError occurred while running test - Timeout while waiting for status FAILED or SUCCESSFUL
Traceback (most recent call last):
  File "/home/pi/env-pysys/lib/python3.7/site-packages/pysys/baserunner.py", line 1292, in __call__
    self.testObj.setup()
  File "/home/pi/actions-runner/_work/thin-edge.io/thin-edge.io/tests/PySys/software_management_end_to_end/sm_apt_install_remove_multiple_mixed/run.py", line 73, in setup
    super().setup()
  File "/home/pi/actions-runner/_work/thin-edge.io/thin-edge.io/tests/PySys/software_management_end_to_end/environment_sm_management.py", line 151, in setup
    self.wait_until_end()
  File "/home/pi/actions-runner/_work/thin-edge.io/thin-edge.io/tests/PySys/software_management_end_to_end/environment_sm_management.py", line 332, in wait_until_end
    self.wait_until_status("FAILED", "SUCCESSFUL")
  File "/home/pi/actions-runner/_work/thin-edge.io/thin-edge.io/tests/PySys/software_management_end_to_end/environment_sm_management.py", line 381, in wait_until_status
    "Timeout while waiting for status %s or %s" % (status, status2)
SystemError: Timeout while waiting for status FAILED or SUCCESSFUL
07:19:40 WARN  SystemError: Timeout while waiting for status FAILED or SUCCESSFUL ... blocked 
07:19:40 INFO  
07:19:40 INFO  cleanup:
07:19:45 INFO  Executed sudo&lt;tedge_disconnect_c8y&gt;, exit status 0
07:19:45 INFO  Executed systemctl&lt;serv_mapper5&gt;, exit status 3
07:19:45 INFO  
07:19:45 INFO  Test duration: 166.59 secs
07:19:45 INFO  Test final outcome:  BLOCKED
07:19:45 INFO  Test outcome reason: SystemError: Timeout while waiting for status FAILED or SUCCESSFUL
07:19:45 INFO  
</system-out>
	</testcase>
</testsuite><testsuite name="SoftwareManagement.sm_apt_install_remove_with_version" tests="1" errors="0" failures="1" skipped="0" time="0"><testcase classname="PySysTest" name="SoftwareManagement.sm_apt_install_remove_with_version">
		<failure message="BLOCKED: SystemError: Timeout while waiting for status FAILED or SUCCESSFUL" type="BLOCKED" />
		<system-out>07:19:45 INFO  ==============================================================
07:19:45 INFO  Id:    SoftwareManagement.sm_apt_install_remove_with_version
07:19:45 INFO  Dir:   software_management_end_to_end/
07:19:45 INFO  Title: Validate end to end behaviour for the apt plugin for packages with version
07:19:45 INFO  ==============================================================
07:19:45 INFO  Using sw id database: {'asciijump': '5475369', 'robotfindskitten': '5474869', 'squirrel3': '5475279', 'rolldice': '5152439', 'moon-buggy': '5439204', 'apple': '5495053', 'banana': '5494888', 'cherry': '5495382', 'watermelon': '5494510', 'registry': '8018911', 'hello-world': '8021526', 'docker/getting-started': '8021973', 'alpine': '7991792'}
07:19:45 INFO  EnvironmentC8y Setup
07:19:46 INFO  Executed systemctl&lt;serv_mapper1&gt;, exit status 3
07:19:46 INFO  Restarting mosquitto too frequently in the last 10 seconds. It was only up for 5 seconds
07:19:46 INFO  Delaying execution by 6 seconds
07:20:06 INFO  Executed sudo&lt;tedge_connect_c8y&gt;, exit status 0, duration 13 secs
07:20:07 INFO  Executed sudo&lt;tedge_connect_c8y_test&gt;, exit status 0
07:20:07 INFO  Executed systemctl&lt;serv_mosq2&gt;, exit status 0
07:20:07 INFO  Executed systemctl&lt;serv_mapper3&gt;, exit status 0
07:20:10 INFO  State of current operation: PENDING
07:20:12 INFO  State of current operation: PENDING
07:20:14 INFO  State of current operation: PENDING
07:20:16 INFO  State of current operation: PENDING
07:20:19 INFO  State of current operation: PENDING
07:20:21 INFO  State of current operation: PENDING
07:20:23 INFO  State of current operation: PENDING
07:20:25 INFO  State of current operation: PENDING
07:20:27 INFO  State of current operation: PENDING
07:20:30 INFO  State of current operation: PENDING
07:20:32 INFO  State of current operation: PENDING
07:20:34 INFO  State of current operation: PENDING
07:20:36 INFO  State of current operation: PENDING
07:20:39 INFO  State of current operation: PENDING
07:20:41 INFO  State of current operation: PENDING
07:20:43 INFO  State of current operation: PENDING
07:20:45 INFO  State of current operation: PENDING
07:20:48 INFO  State of current operation: PENDING
07:20:50 INFO  State of current operation: PENDING
07:20:52 INFO  State of current operation: PENDING
07:20:54 INFO  State of current operation: PENDING
07:20:56 INFO  State of current operation: PENDING
07:20:59 INFO  State of current operation: PENDING
07:21:01 INFO  State of current operation: PENDING
07:21:03 INFO  State of current operation: PENDING
07:21:05 INFO  State of current operation: PENDING
07:21:08 INFO  State of current operation: PENDING
07:21:10 INFO  State of current operation: PENDING
07:21:12 INFO  State of current operation: PENDING
07:21:14 INFO  State of current operation: PENDING
07:21:16 INFO  State of current operation: PENDING
07:21:19 INFO  State of current operation: PENDING
07:21:21 INFO  State of current operation: PENDING
07:21:23 INFO  State of current operation: PENDING
07:21:25 INFO  State of current operation: PENDING
07:21:28 INFO  State of current operation: PENDING
07:21:30 INFO  State of current operation: PENDING
07:21:32 INFO  State of current operation: PENDING
07:21:34 INFO  State of current operation: PENDING
07:21:36 INFO  State of current operation: PENDING
07:21:39 INFO  State of current operation: PENDING
07:21:41 INFO  State of current operation: PENDING
07:21:43 INFO  State of current operation: PENDING
07:21:45 INFO  State of current operation: PENDING
07:21:48 INFO  State of current operation: PENDING
07:21:50 INFO  State of current operation: PENDING
07:21:52 INFO  State of current operation: PENDING
07:21:54 INFO  State of current operation: PENDING
07:21:56 INFO  State of current operation: PENDING
07:21:59 INFO  State of current operation: PENDING
07:22:01 INFO  State of current operation: PENDING
07:22:03 INFO  State of current operation: PENDING
07:22:05 INFO  State of current operation: PENDING
07:22:08 INFO  State of current operation: PENDING
07:22:10 INFO  State of current operation: PENDING
07:22:12 INFO  State of current operation: PENDING
07:22:14 INFO  State of current operation: PENDING
07:22:16 INFO  State of current operation: PENDING
07:22:19 INFO  State of current operation: PENDING
07:22:21 INFO  State of current operation: PENDING
07:22:23 INFO  State of current operation: PENDING
07:22:25 WARN  SystemError occurred while running test - Timeout while waiting for status FAILED or SUCCESSFUL
Traceback (most recent call last):
  File "/home/pi/env-pysys/lib/python3.7/site-packages/pysys/baserunner.py", line 1292, in __call__
    self.testObj.setup()
  File "/home/pi/actions-runner/_work/thin-edge.io/thin-edge.io/tests/PySys/software_management_end_to_end/sm_apt_install_remove_with_version/run.py", line 27, in setup
    super().setup()
  File "/home/pi/actions-runner/_work/thin-edge.io/thin-edge.io/tests/PySys/software_management_end_to_end/environment_sm_management.py", line 151, in setup
    self.wait_until_end()
  File "/home/pi/actions-runner/_work/thin-edge.io/thin-edge.io/tests/PySys/software_management_end_to_end/environment_sm_management.py", line 332, in wait_until_end
    self.wait_until_status("FAILED", "SUCCESSFUL")
  File "/home/pi/actions-runner/_work/thin-edge.io/thin-edge.io/tests/PySys/software_management_end_to_end/environment_sm_management.py", line 381, in wait_until_status
    "Timeout while waiting for status %s or %s" % (status, status2)
SystemError: Timeout while waiting for status FAILED or SUCCESSFUL
07:22:25 WARN  SystemError: Timeout while waiting for status FAILED or SUCCESSFUL ... blocked 
07:22:25 INFO  
07:22:25 INFO  cleanup:
07:22:29 INFO  Executed sudo&lt;tedge_disconnect_c8y&gt;, exit status 0
07:22:30 INFO  Executed systemctl&lt;serv_mapper5&gt;, exit status 3
07:22:30 INFO  
07:22:30 INFO  Test duration: 164.59 secs
07:22:30 INFO  Test final outcome:  BLOCKED
07:22:30 INFO  Test outcome reason: SystemError: Timeout while waiting for status FAILED or SUCCESSFUL
07:22:30 INFO  
</system-out>
	</testcase>
</testsuite><testsuite name="apt_fail_noarg" tests="1" errors="0" failures="0" skipped="0" time="0"><testcase classname="AptPluginFailNoArg" name="apt_fail_noarg" />
</testsuite><testsuite name="apt_finalize" tests="1" errors="0" failures="0" skipped="0" time="0"><testcase classname="AptPluginFinalize" name="apt_finalize" />
</testsuite><testsuite name="apt_install" tests="1" errors="0" failures="0" skipped="0" time="0"><testcase classname="AptPluginInstallDense" name="apt_install" />
</testsuite><testsuite name="apt_install_fail" tests="1" errors="0" failures="0" skipped="0" time="0"><testcase classname="AptPluginInstallFail" name="apt_install_fail" />
</testsuite><testsuite name="apt_install_local_file" tests="1" errors="0" failures="0" skipped="0" time="0"><testcase classname="AptPluginInstallFromLocalFile" name="apt_install_local_file" />
</testsuite><testsuite name="apt_install_local_file_fail" tests="1" errors="0" failures="0" skipped="0" time="0"><testcase classname="AptPluginInstallFromLocalFileFail" name="apt_install_local_file_fail" />
</testsuite><testsuite name="apt_install_local_file_with_version" tests="1" errors="0" failures="0" skipped="0" time="0"><testcase classname="AptPluginInstallFromLocalFileWithVersion" name="apt_install_local_file_with_version" />
</testsuite><testsuite name="apt_install_local_file_with_version_fail" tests="1" errors="0" failures="0" skipped="0" time="0"><testcase classname="AptPluginInstallFromLocalFileWithVersionFail" name="apt_install_local_file_with_version_fail" />
</testsuite><testsuite name="apt_list_format" tests="1" errors="0" failures="0" skipped="0" time="0"><testcase classname="AptPluginListFormat" name="apt_list_format" />
</testsuite><testsuite name="apt_prepare" tests="1" errors="0" failures="0" skipped="0" time="0"><testcase classname="AptPluginPrepare" name="apt_prepare" />
</testsuite><testsuite name="apt_prepare_install_finalize" tests="1" errors="0" failures="0" skipped="0" time="0"><testcase classname="AptPluginPrepareInstallFinalize" name="apt_prepare_install_finalize" />
</testsuite><testsuite name="apt_remove" tests="1" errors="0" failures="0" skipped="0" time="0"><testcase classname="AptPluginRemoveDense" name="apt_remove" />
</testsuite><testsuite name="apt_remove_fail" tests="1" errors="0" failures="0" skipped="0" time="0"><testcase classname="AptPluginRemoveFails" name="apt_remove_fail" />
</testsuite><testsuite name="apt_sequence_install_with_version" tests="1" errors="0" failures="0" skipped="0" time="0"><testcase classname="AptPluginPrepInstallWithVersionFinalize" name="apt_sequence_install_with_version" />
</testsuite><testsuite name="apt_sequence_install_with_version_fail" tests="1" errors="0" failures="0" skipped="0" time="0"><testcase classname="AptPluginInstallWithVersionFails" name="apt_sequence_install_with_version_fail" />
</testsuite><testsuite name="apt_sequence_remove" tests="1" errors="0" failures="0" skipped="0" time="0"><testcase classname="AptPluginInstallPrepareRemoveFinalize" name="apt_sequence_remove" />
</testsuite><testsuite name="apt_sequence_remove_with_version" tests="1" errors="0" failures="0" skipped="0" time="0"><testcase classname="AptPluginRemoveWithVersion" name="apt_sequence_remove_with_version" />
</testsuite><testsuite name="apt_sequence_remove_with_version_fail" tests="1" errors="0" failures="0" skipped="0" time="0"><testcase classname="AptPluginRemoveWithVersionFails" name="apt_sequence_remove_with_version_fail" />
</testsuite><testsuite name="apt_update_list" tests="1" errors="0" failures="0" skipped="0" time="0"><testcase classname="AptPluginUpdateList" name="apt_update_list" />
</testsuite><testsuite name="apt_wrong_option" tests="1" errors="0" failures="0" skipped="0" time="0"><testcase classname="AptPluginWrongOption" name="apt_wrong_option" />
</testsuite><testsuite name="SoftwareManagement.Plugin.apama_plugin_install" tests="1" errors="0" failures="0" skipped="0" time="0"><testcase classname="ApamaPluginInstallTest" name="SoftwareManagement.Plugin.apama_plugin_install" />
</testsuite><testsuite name="SoftwareManagement.Plugin.apama_plugin_mon_support" tests="1" errors="0" failures="0" skipped="0" time="0"><testcase classname="ApamaPluginMonSupportTest" name="SoftwareManagement.Plugin.apama_plugin_mon_support" />
</testsuite><testsuite name="SoftwareManagement.Plugin.apama_plugin_remove" tests="1" errors="0" failures="0" skipped="0" time="0"><testcase classname="ApamaPluginRemoveTest" name="SoftwareManagement.Plugin.apama_plugin_remove" />
</testsuite><testsuite name="SoftwareManagement.Plugin.apama_plugin_update" tests="1" errors="0" failures="1" skipped="0" time="0"><testcase classname="ApamaPluginUpdateTest" name="SoftwareManagement.Plugin.apama_plugin_update">
		<failure message="BLOCKED: sudo&lt;plugin_install&gt; returned non-zero exit code 2" type="BLOCKED" />
		<system-out>07:23:45 INFO  ==============================================================
07:23:45 INFO  Id:    SoftwareManagement.Plugin.apama_plugin_update
07:23:45 INFO  Dir:   plugin_apama/
07:23:45 INFO  Title: Validate apama plugin updating one project with another
07:23:45 INFO  ==============================================================
07:23:45 INFO  Assertion that path exists=False for "/etc/tedge/apama/project" ... passed
07:23:46 INFO  Executed sudo&lt;create_project_dir&gt;, exit status 0
07:23:47 INFO  Executed sudo&lt;unzip_apama_project&gt;, exit status 0
07:23:47 INFO  Executed sudo&lt;move_apama_project&gt;, exit status 0
07:23:48 INFO  Executed sudo&lt;restart_apama_service&gt;, exit status 0
07:23:49 INFO  Executed sudo&lt;apama_correlator_wait&gt;, exit status 0
07:23:49 INFO  Assertion that path exists=True for "/etc/tedge/apama/project" ... passed
07:23:49 INFO  Executed sudo&lt;apama_list_monitors&gt;, exit status 0
07:23:50 INFO  Grep on file /home/pi/actions-runner/_work/thin-edge.io/thin-edge.io/tests/PySys/plugin_apama/apama_plugin_update/Output/linux/apama_list_monitors.out ... passed
07:23:50 WARN  Executed sudo&lt;plugin_install&gt;, exit status 2
07:23:50 INFO  Contents of plugin_install.err: 
  ERROR: Directory not empty (os error 39)
  -----

07:23:50 WARN  sudo&lt;plugin_install&gt; returned non-zero exit code 2 ... blocked [run.py:35]
07:23:50 WARN  Aborted test due to BLOCKED outcome
07:23:50 INFO  
07:23:50 INFO  cleanup:
07:23:50 INFO  Removing apama project
07:24:06 INFO  Executed sudo&lt;stop_apama_service&gt;, exit status 0, duration 15 secs
07:24:07 INFO  Executed sudo&lt;remove_apama_project&gt;, exit status 0
07:24:07 INFO  Executed sudo&lt;remove_apama_tmp_dir&gt;, exit status 0
07:24:07 INFO  
07:24:07 INFO  Test duration: 21.93 secs
07:24:07 INFO  Test final outcome:  BLOCKED
07:24:07 INFO  Test outcome reason: sudo&lt;plugin_install&gt; returned non-zero exit code 2
07:24:07 INFO  
</system-out>
	</testcase>
</testsuite><testsuite name="SoftwareManagement.sm_docker_install_remove_multiple" tests="1" errors="0" failures="1" skipped="0" time="0"><testcase classname="SMDockerInstallRemove" name="SoftwareManagement.sm_docker_install_remove_multiple">
		<failure message="BLOCKED: SystemError: Timeout while waiting for status FAILED or SUCCESSFUL" type="BLOCKED" />
		<system-out>07:28:03 INFO  ==============================================================
07:28:03 INFO  Id:    SoftwareManagement.sm_docker_install_remove_multiple
07:28:03 INFO  Dir:   software_management_end_to_end/
07:28:03 INFO  Title: Validate end to end behaviour for the docker plugin for multiple docker images with mixed versions
07:28:03 INFO  ==============================================================
07:28:05 INFO  Using sw id database: {'asciijump': '5475369', 'robotfindskitten': '5474869', 'squirrel3': '5475279', 'rolldice': '5152439', 'moon-buggy': '5439204', 'apple': '5495053', 'banana': '5494888', 'cherry': '5495382', 'watermelon': '5494510', 'registry': '8018911', 'hello-world': '8021526', 'docker/getting-started': '8021973', 'alpine': '7991792'}
07:28:05 INFO  EnvironmentC8y Setup
07:28:06 INFO  Executed systemctl&lt;serv_mapper1&gt;, exit status 3
07:28:21 INFO  Executed sudo&lt;tedge_connect_c8y&gt;, exit status 0, duration 15 secs
07:28:22 INFO  Executed sudo&lt;tedge_connect_c8y_test&gt;, exit status 0
07:28:22 INFO  Executed systemctl&lt;serv_mosq2&gt;, exit status 0
07:28:23 INFO  Executed systemctl&lt;serv_mapper3&gt;, exit status 0
07:28:25 INFO  State of current operation: PENDING
07:28:27 INFO  State of current operation: PENDING
07:28:30 INFO  State of current operation: PENDING
07:28:32 INFO  State of current operation: PENDING
07:28:34 INFO  State of current operation: PENDING
07:28:36 INFO  State of current operation: PENDING
07:28:39 INFO  State of current operation: PENDING
07:28:41 INFO  State of current operation: PENDING
07:28:43 INFO  State of current operation: PENDING
07:28:45 INFO  State of current operation: PENDING
07:28:47 INFO  State of current operation: PENDING
07:28:50 INFO  State of current operation: PENDING
07:28:52 INFO  State of current operation: PENDING
07:28:54 INFO  State of current operation: PENDING
07:28:56 INFO  State of current operation: PENDING
07:28:59 INFO  State of current operation: PENDING
07:29:01 INFO  State of current operation: PENDING
07:29:03 INFO  State of current operation: PENDING
07:29:05 INFO  State of current operation: PENDING
07:29:07 INFO  State of current operation: PENDING
07:29:10 INFO  State of current operation: PENDING
07:29:12 INFO  State of current operation: PENDING
07:29:14 INFO  State of current operation: PENDING
07:29:16 INFO  State of current operation: PENDING
07:29:19 INFO  State of current operation: PENDING
07:29:21 INFO  State of current operation: PENDING
07:29:23 INFO  State of current operation: PENDING
07:29:25 INFO  State of current operation: PENDING
07:29:28 INFO  State of current operation: PENDING
07:29:30 INFO  State of current operation: PENDING
07:29:32 INFO  State of current operation: PENDING
07:29:34 INFO  State of current operation: PENDING
07:29:36 INFO  State of current operation: PENDING
07:29:39 INFO  State of current operation: PENDING
07:29:41 INFO  State of current operation: PENDING
07:29:43 INFO  State of current operation: PENDING
07:29:45 INFO  State of current operation: PENDING
07:29:48 INFO  State of current operation: PENDING
07:29:50 INFO  State of current operation: PENDING
07:29:52 INFO  State of current operation: PENDING
07:29:54 INFO  State of current operation: PENDING
07:29:56 INFO  State of current operation: PENDING
07:29:59 INFO  State of current operation: PENDING
07:30:01 INFO  State of current operation: PENDING
07:30:03 INFO  State of current operation: PENDING
07:30:05 INFO  State of current operation: PENDING
07:30:08 INFO  State of current operation: PENDING
07:30:10 INFO  State of current operation: PENDING
07:30:12 INFO  State of current operation: PENDING
07:30:14 INFO  State of current operation: PENDING
07:30:16 INFO  State of current operation: PENDING
07:30:19 INFO  State of current operation: PENDING
07:30:21 INFO  State of current operation: PENDING
07:30:23 INFO  State of current operation: PENDING
07:30:25 INFO  State of current operation: PENDING
07:30:28 INFO  State of current operation: PENDING
07:30:30 INFO  State of current operation: PENDING
07:30:32 INFO  State of current operation: PENDING
07:30:34 INFO  State of current operation: PENDING
07:30:37 INFO  State of current operation: PENDING
07:30:39 INFO  State of current operation: PENDING
07:30:41 WARN  SystemError occurred while running test - Timeout while waiting for status FAILED or SUCCESSFUL
Traceback (most recent call last):
  File "/home/pi/env-pysys/lib/python3.7/site-packages/pysys/baserunner.py", line 1292, in __call__
    self.testObj.setup()
  File "/home/pi/actions-runner/_work/thin-edge.io/thin-edge.io/tests/PySys/software_management_end_to_end/sm_docker_install_remove_multiple/run.py", line 29, in setup
    super().setup()
  File "/home/pi/actions-runner/_work/thin-edge.io/thin-edge.io/tests/PySys/software_management_end_to_end/environment_sm_management.py", line 151, in setup
    self.wait_until_end()
  File "/home/pi/actions-runner/_work/thin-edge.io/thin-edge.io/tests/PySys/software_management_end_to_end/environment_sm_management.py", line 332, in wait_until_end
    self.wait_until_status("FAILED", "SUCCESSFUL")
  File "/home/pi/actions-runner/_work/thin-edge.io/thin-edge.io/tests/PySys/software_management_end_to_end/environment_sm_management.py", line 381, in wait_until_status
    "Timeout while waiting for status %s or %s" % (status, status2)
SystemError: Timeout while waiting for status FAILED or SUCCESSFUL
07:30:41 WARN  SystemError: Timeout while waiting for status FAILED or SUCCESSFUL ... blocked 
07:30:41 INFO  
07:30:41 INFO  cleanup:
07:30:46 INFO  Executed sudo&lt;tedge_disconnect_c8y&gt;, exit status 0
07:30:46 INFO  Executed systemctl&lt;serv_mapper5&gt;, exit status 3
07:30:46 INFO  
07:30:46 INFO  Test duration: 163.37 secs
07:30:46 INFO  Test final outcome:  BLOCKED
07:30:46 INFO  Test outcome reason: SystemError: Timeout while waiting for status FAILED or SUCCESSFUL
07:30:46 INFO  
</system-out>
	</testcase>
</testsuite><testsuite name="docker_plugin_finalize" tests="1" errors="0" failures="0" skipped="0" time="0"><testcase classname="DockerPluginFinalizeTest" name="docker_plugin_finalize" />
</testsuite><testsuite name="docker_plugin_install" tests="1" errors="0" failures="0" skipped="0" time="0"><testcase classname="DockerPluginInstallTest" name="docker_plugin_install" />
</testsuite><testsuite name="docker_plugin_install_with_version" tests="1" errors="0" failures="0" skipped="0" time="0"><testcase classname="DockerPluginInstallWithVersionTest" name="docker_plugin_install_with_version" />
</testsuite><testsuite name="docker_plugin_remove" tests="1" errors="0" failures="0" skipped="0" time="0"><testcase classname="DockerPluginRemoveTest" name="docker_plugin_remove" />
</testsuite><testsuite name="docker_plugin_remove_with_version" tests="1" errors="0" failures="0" skipped="0" time="0"><testcase classname="DockerPluginRemoveWithVersionTest" name="docker_plugin_remove_with_version" />
</testsuite><testsuite name="docker_plugin_update" tests="1" errors="0" failures="0" skipped="0" time="0"><testcase classname="DockerPluginUpdateTest" name="docker_plugin_update" />
</testsuite></testsuites>