<?xml version='1.0' encoding='utf-8'?>
<testsuites tests="38" failures="9" errors="0" skipped="0" time="0.0"><testsuite name="SoftwareManagement.sm_apt_install_download_path" tests="1" errors="0" failures="1" skipped="0" time="0"><testcase classname="AptInstallWithDownloadPath" name="SoftwareManagement.sm_apt_install_download_path">
		<failure message="BLOCKED: AssertionError:" type="BLOCKED" />
		<system-out>07:02:55 INFO  ==============================================================
07:02:55 INFO  Id:    SoftwareManagement.sm_apt_install_download_path
07:02:55 INFO  Dir:   software_management_end_to_end/
07:02:55 INFO  Title: Install package to directory specified in tedge config set tmp.path
07:02:55 INFO  ==============================================================
07:02:55 INFO  Using sw id database: {'asciijump': '5475369', 'robotfindskitten': '5474869', 'squirrel3': '5475279', 'rolldice': '5152439', 'moon-buggy': '5439204', 'apple': '5495053', 'banana': '5494888', 'cherry': '5495382', 'watermelon': '5494510', 'registry': '8018911', 'hello-world': '8021526', 'docker/getting-started': '8021973', 'alpine': '7991792'}
07:02:55 INFO  EnvironmentC8y Setup
07:02:56 INFO  Executed systemctl&lt;serv_mapper1&gt;, exit status 3
07:03:11 INFO  Executed sudo&lt;tedge_connect_c8y&gt;, exit status 0, duration 15 secs
07:03:13 INFO  Executed sudo&lt;tedge_connect_c8y_test&gt;, exit status 0
07:03:14 INFO  Executed systemctl&lt;serv_mosq2&gt;, exit status 0
07:03:15 INFO  Executed systemctl&lt;serv_mapper3&gt;, exit status 0
07:03:17 INFO  State of current operation: SUCCESSFUL
07:03:17 INFO  Assert that (False == value) with value=False ... passed
07:03:18 INFO  Executed sudo, exit status 0
07:03:18 INFO  Executed sudo, exit status 0
07:03:19 INFO  Executed sudo, exit status 0
07:03:23 INFO  Executed sudo&lt;tedge_disconnect_c8y&gt;, exit status 0
07:03:23 INFO  Restarting mosquitto too frequently in the last 10 seconds. It was only up for 3 seconds
07:03:23 INFO  Delaying execution by 8 seconds
07:03:51 INFO  Executed sudo&lt;tedge_connect_c8y&gt;, exit status 0, duration 19 secs
07:03:51 INFO  Response status: 201
07:03:51 INFO  Response to action: {
    "delivery": {
        "time": "2022-04-14T07:03:51.700Z",
        "log": [],
        "status": "PENDING"
    },
    "creationTime": "2022-04-14T07:03:51.684Z",
    "deviceId": "17293044",
    "deviceName": "mythica",
    "self": "https://t493319102.eu-latest.cumulocity.com/devicecontrol/operations/17294846",
    "id": "17294846",
    "status": "PENDING",
    "description": "Apply software changes, triggered from PySys: [{'name': 'rolldice', 'id': '5152439', 'version': '::apt', 'url': 'https://thin-edge-io.eu-latest.cumulocity.com/inventory/binaries/12435463', 'action': 'install'}]",
    "c8y_SoftwareUpdate": [
        {
            "name": "rolldice",
            "action": "install",
            "id": "5152439",
            "version": "::apt",
            "url": "https://thin-edge-io.eu-latest.cumulocity.com/inventory/binaries/12435463"
        }
    ]
}
07:03:51 INFO  Started operation: {'delivery': {'time': '2022-04-14T07:03:51.700Z', 'log': [], 'status': 'PENDING'}, 'creationTime': '2022-04-14T07:03:51.684Z', 'deviceId': '17293044', 'deviceName': 'mythica', 'self': 'https://t493319102.eu-latest.cumulocity.com/devicecontrol/operations/17294846', 'id': '17294846', 'status': 'PENDING', 'description': "Apply software changes, triggered from PySys: [{'name': 'rolldice', 'id': '5152439', 'version': '::apt', 'url': 'https://thin-edge-io.eu-latest.cumulocity.com/inventory/binaries/12435463', 'action': 'install'}]", 'c8y_SoftwareUpdate': [{'name': 'rolldice', 'action': 'install', 'id': '5152439', 'version': '::apt', 'url': 'https://thin-edge-io.eu-latest.cumulocity.com/inventory/binaries/12435463'}]}
07:03:51 WARN  , retrying in 0.5 seconds...
07:03:52 WARN  , retrying in 0.5 seconds...
07:03:52 WARN  , retrying in 0.5 seconds...
07:03:53 WARN  , retrying in 0.5 seconds...
07:03:53 WARN  , retrying in 0.5 seconds...
07:03:54 WARN  , retrying in 0.5 seconds...
07:03:54 WARN  , retrying in 0.5 seconds...
07:03:55 WARN  , retrying in 0.5 seconds...
07:03:55 WARN  , retrying in 0.5 seconds...
07:03:56 WARN  AssertionError occurred while running test - 
Traceback (most recent call last):
  File "/home/pi/env-pysys/lib/python3.7/site-packages/pysys/baserunner.py", line 1294, in __call__
    self.testObj.execute()
  File "/home/pi/actions-runner/_work/thin-edge.io/thin-edge.io/tests/PySys/software_management_end_to_end/sm_apt_install_download_path/run.py", line 83, in execute
    assert_install_in_download_path(install_directory=self.DOWNLOAD_DIR)
  File "/home/pi/env-pysys/lib/python3.7/site-packages/decorator.py", line 232, in fun
    return caller(func, *(extras + args), **kw)
  File "/home/pi/env-pysys/lib/python3.7/site-packages/retry/api.py", line 74, in retry_decorator
    logger)
  File "/home/pi/env-pysys/lib/python3.7/site-packages/retry/api.py", line 33, in __retry_internal
    return f()
  File "/home/pi/actions-runner/_work/thin-edge.io/thin-edge.io/tests/PySys/software_management_end_to_end/sm_apt_install_download_path/run.py", line 28, in assert_install_in_download_path
    assert "rolldice" in os.listdir(f"{install_directory}")
AssertionError
07:03:57 WARN  AssertionError: ... blocked 
07:03:57 INFO  
07:03:57 INFO  cleanup:
07:03:57 INFO  Executed sudo, exit status 0
07:03:58 INFO  Executed sudo, exit status 0
07:04:02 INFO  Executed sudo&lt;tedge_disconnect_c8y&gt;, exit status 0
07:04:02 INFO  Restarting mosquitto too frequently in the last 10 seconds. It was only up for 4 seconds
07:04:02 INFO  Delaying execution by 7 seconds
07:04:24 INFO  Executed sudo&lt;tedge_connect_c8y&gt;, exit status 0, duration 14 secs
07:04:28 INFO  Executed sudo&lt;tedge_disconnect_c8y&gt;, exit status 0
07:04:29 INFO  Executed systemctl&lt;serv_mapper5&gt;, exit status 3
07:04:29 INFO  
07:04:29 INFO  Test duration: 94.63 secs
07:04:29 INFO  Test final outcome:  BLOCKED
07:04:29 INFO  Test outcome reason: AssertionError:
07:04:29 INFO  
</system-out>
	</testcase>
</testsuite><testsuite name="SoftwareManagement.sm_apt_install_fail" tests="1" errors="0" failures="1" skipped="0" time="0"><testcase classname="PySysTest" name="SoftwareManagement.sm_apt_install_fail">
		<failure message="BLOCKED: SystemError: Timeout while waiting for status FAILED or SUCCESSFUL" type="BLOCKED" />
		<system-out>07:04:29 INFO  ==============================================================
07:04:29 INFO  Id:    SoftwareManagement.sm_apt_install_fail
07:04:29 INFO  Dir:   software_management_end_to_end/
07:04:29 INFO  Title: Validate end to end behaviour for a failing installation
07:04:29 INFO  ==============================================================
07:04:29 INFO  Using sw id database: {'asciijump': '5475369', 'robotfindskitten': '5474869', 'squirrel3': '5475279', 'rolldice': '5152439', 'moon-buggy': '5439204', 'apple': '5495053', 'banana': '5494888', 'cherry': '5495382', 'watermelon': '5494510', 'registry': '8018911', 'hello-world': '8021526', 'docker/getting-started': '8021973', 'alpine': '7991792'}
07:04:29 INFO  EnvironmentC8y Setup
07:04:30 INFO  Executed systemctl&lt;serv_mapper1&gt;, exit status 3
07:04:30 INFO  Restarting mosquitto too frequently in the last 10 seconds. It was only up for 5 seconds
07:04:30 INFO  Delaying execution by 6 seconds
07:04:50 INFO  Executed sudo&lt;tedge_connect_c8y&gt;, exit status 0, duration 14 secs
07:04:51 INFO  Executed sudo&lt;tedge_connect_c8y_test&gt;, exit status 0
07:04:51 INFO  Executed systemctl&lt;serv_mosq2&gt;, exit status 0
07:04:52 INFO  Executed systemctl&lt;serv_mapper3&gt;, exit status 0
07:04:54 INFO  State of current operation: PENDING
07:04:56 INFO  State of current operation: PENDING
07:04:58 INFO  State of current operation: PENDING
07:05:01 INFO  State of current operation: PENDING
07:05:03 INFO  State of current operation: PENDING
07:05:05 INFO  State of current operation: PENDING
07:05:07 INFO  State of current operation: PENDING
07:05:10 INFO  State of current operation: PENDING
07:05:12 INFO  State of current operation: PENDING
07:05:14 INFO  State of current operation: PENDING
07:05:16 INFO  State of current operation: PENDING
07:05:18 INFO  State of current operation: PENDING
07:05:21 INFO  State of current operation: PENDING
07:05:23 INFO  State of current operation: PENDING
07:05:25 INFO  State of current operation: PENDING
07:05:27 INFO  State of current operation: PENDING
07:05:30 INFO  State of current operation: PENDING
07:05:32 INFO  State of current operation: PENDING
07:05:34 INFO  State of current operation: PENDING
07:05:36 INFO  State of current operation: PENDING
07:05:38 INFO  State of current operation: PENDING
07:05:41 INFO  State of current operation: PENDING
07:05:43 INFO  State of current operation: PENDING
07:05:45 INFO  State of current operation: PENDING
07:05:47 INFO  State of current operation: PENDING
07:05:50 INFO  State of current operation: PENDING
07:05:52 INFO  State of current operation: PENDING
07:05:54 INFO  State of current operation: PENDING
07:05:56 INFO  State of current operation: PENDING
07:05:59 INFO  State of current operation: PENDING
07:06:01 INFO  State of current operation: PENDING
07:06:03 INFO  State of current operation: PENDING
07:06:05 INFO  State of current operation: PENDING
07:06:08 INFO  State of current operation: PENDING
07:06:10 INFO  State of current operation: PENDING
07:06:12 INFO  State of current operation: PENDING
07:06:14 INFO  State of current operation: PENDING
07:06:17 INFO  State of current operation: PENDING
07:06:19 INFO  State of current operation: PENDING
07:06:21 INFO  State of current operation: PENDING
07:06:23 INFO  State of current operation: PENDING
07:06:25 INFO  State of current operation: PENDING
07:06:28 INFO  State of current operation: PENDING
07:06:30 INFO  State of current operation: PENDING
07:06:32 INFO  State of current operation: PENDING
07:06:34 INFO  State of current operation: PENDING
07:06:37 INFO  State of current operation: PENDING
07:06:39 INFO  State of current operation: PENDING
07:06:41 INFO  State of current operation: PENDING
07:06:43 INFO  State of current operation: PENDING
07:06:45 INFO  State of current operation: PENDING
07:06:48 INFO  State of current operation: PENDING
07:06:50 INFO  State of current operation: PENDING
07:06:52 INFO  State of current operation: PENDING
07:06:54 INFO  State of current operation: PENDING
07:06:57 INFO  State of current operation: PENDING
07:06:59 INFO  State of current operation: PENDING
07:07:01 INFO  State of current operation: PENDING
07:07:03 INFO  State of current operation: PENDING
07:07:05 INFO  State of current operation: PENDING
07:07:08 INFO  State of current operation: PENDING
07:07:10 WARN  SystemError occurred while running test - Timeout while waiting for status FAILED or SUCCESSFUL
Traceback (most recent call last):
  File "/home/pi/env-pysys/lib/python3.7/site-packages/pysys/baserunner.py", line 1292, in __call__
    self.testObj.setup()
  File "/home/pi/actions-runner/_work/thin-edge.io/thin-edge.io/tests/PySys/software_management_end_to_end/sm_apt_install_fail/run.py", line 20, in setup
    super().setup()
  File "/home/pi/actions-runner/_work/thin-edge.io/thin-edge.io/tests/PySys/software_management_end_to_end/environment_sm_management.py", line 151, in setup
    self.wait_until_end()
  File "/home/pi/actions-runner/_work/thin-edge.io/thin-edge.io/tests/PySys/software_management_end_to_end/environment_sm_management.py", line 332, in wait_until_end
    self.wait_until_status("FAILED", "SUCCESSFUL")
  File "/home/pi/actions-runner/_work/thin-edge.io/thin-edge.io/tests/PySys/software_management_end_to_end/environment_sm_management.py", line 381, in wait_until_status
    "Timeout while waiting for status %s or %s" % (status, status2)
SystemError: Timeout while waiting for status FAILED or SUCCESSFUL
07:07:10 WARN  SystemError: Timeout while waiting for status FAILED or SUCCESSFUL ... blocked 
07:07:10 INFO  
07:07:10 INFO  cleanup:
07:07:14 INFO  Executed sudo&lt;tedge_disconnect_c8y&gt;, exit status 0
07:07:15 INFO  Executed systemctl&lt;serv_mapper5&gt;, exit status 3
07:07:15 INFO  
07:07:15 INFO  Test duration: 165.53 secs
07:07:15 INFO  Test final outcome:  BLOCKED
07:07:15 INFO  Test outcome reason: SystemError: Timeout while waiting for status FAILED or SUCCESSFUL
07:07:15 INFO  
</system-out>
	</testcase>
</testsuite><testsuite name="SoftwareManagement.sm_apt_install_remove" tests="1" errors="0" failures="1" skipped="0" time="0"><testcase classname="PySysTest" name="SoftwareManagement.sm_apt_install_remove">
		<failure message="BLOCKED: SystemError: Timeout while waiting for status FAILED or SUCCESSFUL" type="BLOCKED" />
		<system-out>07:07:15 INFO  ==============================================================
07:07:15 INFO  Id:    SoftwareManagement.sm_apt_install_remove
07:07:15 INFO  Dir:   software_management_end_to_end/
07:07:15 INFO  Title: Validate end to end behaviour for the apt plugin for installation and removal of packages
07:07:15 INFO  ==============================================================
07:07:15 INFO  Using sw id database: {'asciijump': '5475369', 'robotfindskitten': '5474869', 'squirrel3': '5475279', 'rolldice': '5152439', 'moon-buggy': '5439204', 'apple': '5495053', 'banana': '5494888', 'cherry': '5495382', 'watermelon': '5494510', 'registry': '8018911', 'hello-world': '8021526', 'docker/getting-started': '8021973', 'alpine': '7991792'}
07:07:15 INFO  EnvironmentC8y Setup
07:07:15 INFO  Executed systemctl&lt;serv_mapper1&gt;, exit status 3
07:07:16 INFO  Restarting mosquitto too frequently in the last 10 seconds. It was only up for 5 seconds
07:07:16 INFO  Delaying execution by 6 seconds
07:07:36 INFO  Executed sudo&lt;tedge_connect_c8y&gt;, exit status 0, duration 14 secs
07:07:37 INFO  Executed sudo&lt;tedge_connect_c8y_test&gt;, exit status 0
07:07:37 INFO  Executed systemctl&lt;serv_mosq2&gt;, exit status 0
07:07:38 INFO  Executed systemctl&lt;serv_mapper3&gt;, exit status 0
07:07:40 INFO  State of current operation: PENDING
07:07:42 INFO  State of current operation: PENDING
07:07:44 INFO  State of current operation: PENDING
07:07:47 INFO  State of current operation: PENDING
07:07:49 INFO  State of current operation: PENDING
07:07:51 INFO  State of current operation: PENDING
07:07:53 INFO  State of current operation: PENDING
07:07:56 INFO  State of current operation: PENDING
07:07:58 INFO  State of current operation: PENDING
07:08:00 INFO  State of current operation: PENDING
07:08:02 INFO  State of current operation: PENDING
07:08:04 INFO  State of current operation: PENDING
07:08:07 INFO  State of current operation: PENDING
07:08:09 INFO  State of current operation: PENDING
07:08:11 INFO  State of current operation: PENDING
07:08:13 INFO  State of current operation: PENDING
07:08:16 INFO  State of current operation: PENDING
07:08:18 INFO  State of current operation: PENDING
07:08:20 INFO  State of current operation: PENDING
07:08:22 INFO  State of current operation: PENDING
07:08:24 INFO  State of current operation: PENDING
07:08:27 INFO  State of current operation: PENDING
07:08:29 INFO  State of current operation: PENDING
07:08:31 INFO  State of current operation: PENDING
07:08:33 INFO  State of current operation: PENDING
07:08:36 INFO  State of current operation: PENDING
07:08:38 INFO  State of current operation: PENDING
07:08:40 INFO  State of current operation: PENDING
07:08:42 INFO  State of current operation: PENDING
07:08:45 INFO  State of current operation: PENDING
07:08:47 INFO  State of current operation: PENDING
07:08:49 INFO  State of current operation: PENDING
07:08:51 INFO  State of current operation: PENDING
07:08:53 INFO  State of current operation: PENDING
07:08:56 INFO  State of current operation: PENDING
07:08:58 INFO  State of current operation: PENDING
07:09:00 INFO  State of current operation: PENDING
07:09:02 INFO  State of current operation: PENDING
07:09:05 INFO  State of current operation: PENDING
07:09:07 INFO  State of current operation: PENDING
07:09:09 INFO  State of current operation: PENDING
07:09:11 INFO  State of current operation: PENDING
07:09:13 INFO  State of current operation: PENDING
07:09:16 INFO  State of current operation: PENDING
07:09:18 INFO  State of current operation: PENDING
07:09:20 INFO  State of current operation: PENDING
07:09:22 INFO  State of current operation: PENDING
07:09:25 INFO  State of current operation: PENDING
07:09:27 INFO  State of current operation: PENDING
07:09:29 INFO  State of current operation: PENDING
07:09:31 INFO  State of current operation: PENDING
07:09:34 INFO  State of current operation: PENDING
07:09:36 INFO  State of current operation: PENDING
07:09:38 INFO  State of current operation: PENDING
07:09:40 INFO  State of current operation: PENDING
07:09:42 INFO  State of current operation: PENDING
07:09:45 INFO  State of current operation: PENDING
07:09:47 INFO  State of current operation: PENDING
07:09:49 INFO  State of current operation: PENDING
07:09:51 INFO  State of current operation: PENDING
07:09:54 INFO  State of current operation: PENDING
07:09:56 WARN  SystemError occurred while running test - Timeout while waiting for status FAILED or SUCCESSFUL
Traceback (most recent call last):
  File "/home/pi/env-pysys/lib/python3.7/site-packages/pysys/baserunner.py", line 1292, in __call__
    self.testObj.setup()
  File "/home/pi/actions-runner/_work/thin-edge.io/thin-edge.io/tests/PySys/software_management_end_to_end/sm_apt_install_remove/run.py", line 27, in setup
    super().setup()
  File "/home/pi/actions-runner/_work/thin-edge.io/thin-edge.io/tests/PySys/software_management_end_to_end/environment_sm_management.py", line 151, in setup
    self.wait_until_end()
  File "/home/pi/actions-runner/_work/thin-edge.io/thin-edge.io/tests/PySys/software_management_end_to_end/environment_sm_management.py", line 332, in wait_until_end
    self.wait_until_status("FAILED", "SUCCESSFUL")
  File "/home/pi/actions-runner/_work/thin-edge.io/thin-edge.io/tests/PySys/software_management_end_to_end/environment_sm_management.py", line 381, in wait_until_status
    "Timeout while waiting for status %s or %s" % (status, status2)
SystemError: Timeout while waiting for status FAILED or SUCCESSFUL
07:09:56 WARN  SystemError: Timeout while waiting for status FAILED or SUCCESSFUL ... blocked 
07:09:56 INFO  
07:09:56 INFO  cleanup:
07:10:00 INFO  Executed sudo&lt;tedge_disconnect_c8y&gt;, exit status 0
07:10:00 INFO  Executed systemctl&lt;serv_mapper5&gt;, exit status 3
07:10:00 INFO  
07:10:00 INFO  Test duration: 165.48 secs
07:10:00 INFO  Test final outcome:  BLOCKED
07:10:00 INFO  Test outcome reason: SystemError: Timeout while waiting for status FAILED or SUCCESSFUL
07:10:00 INFO  
</system-out>
	</testcase>
</testsuite><testsuite name="SoftwareManagement.sm_apt_install_remove_default" tests="1" errors="0" failures="1" skipped="0" time="0"><testcase classname="PySysTest" name="SoftwareManagement.sm_apt_install_remove_default">
		<failure message="BLOCKED: SystemError: Timeout while waiting for status FAILED or SUCCESSFUL" type="BLOCKED" />
		<system-out>07:10:00 INFO  ==============================================================
07:10:00 INFO  Id:    SoftwareManagement.sm_apt_install_remove_default
07:10:00 INFO  Dir:   software_management_end_to_end/
07:10:00 INFO  Title: Validate end to end behaviour for the default plugin for installation and removal of packages
07:10:00 INFO  ==============================================================
07:10:00 INFO  Using sw id database: {'asciijump': '5475369', 'robotfindskitten': '5474869', 'squirrel3': '5475279', 'rolldice': '5152439', 'moon-buggy': '5439204', 'apple': '5495053', 'banana': '5494888', 'cherry': '5495382', 'watermelon': '5494510', 'registry': '8018911', 'hello-world': '8021526', 'docker/getting-started': '8021973', 'alpine': '7991792'}
07:10:00 INFO  EnvironmentC8y Setup
07:10:01 INFO  Executed systemctl&lt;serv_mapper1&gt;, exit status 3
07:10:01 INFO  Restarting mosquitto too frequently in the last 10 seconds. It was only up for 4 seconds
07:10:01 INFO  Delaying execution by 7 seconds
07:10:22 INFO  Executed sudo&lt;tedge_connect_c8y&gt;, exit status 0, duration 14 secs
07:10:23 INFO  Executed sudo&lt;tedge_connect_c8y_test&gt;, exit status 0
07:10:23 INFO  Executed systemctl&lt;serv_mosq2&gt;, exit status 0
07:10:24 INFO  Executed systemctl&lt;serv_mapper3&gt;, exit status 0
07:10:26 INFO  State of current operation: PENDING
07:10:28 INFO  State of current operation: PENDING
07:10:30 INFO  State of current operation: PENDING
07:10:33 INFO  State of current operation: PENDING
07:10:35 INFO  State of current operation: PENDING
07:10:37 INFO  State of current operation: PENDING
07:10:39 INFO  State of current operation: PENDING
07:10:42 INFO  State of current operation: PENDING
07:10:44 INFO  State of current operation: PENDING
07:10:46 INFO  State of current operation: PENDING
07:10:48 INFO  State of current operation: PENDING
07:10:51 INFO  State of current operation: PENDING
07:10:53 INFO  State of current operation: PENDING
07:10:55 INFO  State of current operation: PENDING
07:10:57 INFO  State of current operation: PENDING
07:10:59 INFO  State of current operation: PENDING
07:11:02 INFO  State of current operation: PENDING
07:11:04 INFO  State of current operation: PENDING
07:11:06 INFO  State of current operation: PENDING
07:11:08 INFO  State of current operation: PENDING
07:11:11 INFO  State of current operation: PENDING
07:11:13 INFO  State of current operation: PENDING
07:11:15 INFO  State of current operation: PENDING
07:11:17 INFO  State of current operation: PENDING
07:11:19 INFO  State of current operation: PENDING
07:11:22 INFO  State of current operation: PENDING
07:11:24 INFO  State of current operation: PENDING
07:11:26 INFO  State of current operation: PENDING
07:11:28 INFO  State of current operation: PENDING
07:11:31 INFO  State of current operation: PENDING
07:11:33 INFO  State of current operation: PENDING
07:11:35 INFO  State of current operation: PENDING
07:11:37 INFO  State of current operation: PENDING
07:11:39 INFO  State of current operation: PENDING
07:11:42 INFO  State of current operation: PENDING
07:11:44 INFO  State of current operation: PENDING
07:11:46 INFO  State of current operation: PENDING
07:11:48 INFO  State of current operation: PENDING
07:11:51 INFO  State of current operation: PENDING
07:11:53 INFO  State of current operation: PENDING
07:11:55 INFO  State of current operation: PENDING
07:11:57 INFO  State of current operation: PENDING
07:12:00 INFO  State of current operation: PENDING
07:12:02 INFO  State of current operation: PENDING
07:12:04 INFO  State of current operation: PENDING
07:12:06 INFO  State of current operation: PENDING
07:12:08 INFO  State of current operation: PENDING
07:12:11 INFO  State of current operation: PENDING
07:12:13 INFO  State of current operation: PENDING
07:12:15 INFO  State of current operation: PENDING
07:12:17 INFO  State of current operation: PENDING
07:12:20 INFO  State of current operation: PENDING
07:12:22 INFO  State of current operation: PENDING
07:12:24 INFO  State of current operation: PENDING
07:12:26 INFO  State of current operation: PENDING
07:12:28 INFO  State of current operation: PENDING
07:12:31 INFO  State of current operation: PENDING
07:12:33 INFO  State of current operation: PENDING
07:12:35 INFO  State of current operation: PENDING
07:12:37 INFO  State of current operation: PENDING
07:12:40 INFO  State of current operation: PENDING
07:12:42 WARN  SystemError occurred while running test - Timeout while waiting for status FAILED or SUCCESSFUL
Traceback (most recent call last):
  File "/home/pi/env-pysys/lib/python3.7/site-packages/pysys/baserunner.py", line 1292, in __call__
    self.testObj.setup()
  File "/home/pi/actions-runner/_work/thin-edge.io/thin-edge.io/tests/PySys/software_management_end_to_end/sm_apt_install_remove_default/run.py", line 26, in setup
    super().setup()
  File "/home/pi/actions-runner/_work/thin-edge.io/thin-edge.io/tests/PySys/software_management_end_to_end/environment_sm_management.py", line 151, in setup
    self.wait_until_end()
  File "/home/pi/actions-runner/_work/thin-edge.io/thin-edge.io/tests/PySys/software_management_end_to_end/environment_sm_management.py", line 332, in wait_until_end
    self.wait_until_status("FAILED", "SUCCESSFUL")
  File "/home/pi/actions-runner/_work/thin-edge.io/thin-edge.io/tests/PySys/software_management_end_to_end/environment_sm_management.py", line 381, in wait_until_status
    "Timeout while waiting for status %s or %s" % (status, status2)
SystemError: Timeout while waiting for status FAILED or SUCCESSFUL
07:12:42 WARN  SystemError: Timeout while waiting for status FAILED or SUCCESSFUL ... blocked 
07:12:42 INFO  
07:12:42 INFO  cleanup:
07:12:46 INFO  Executed sudo&lt;tedge_disconnect_c8y&gt;, exit status 0
07:12:46 INFO  Executed systemctl&lt;serv_mapper5&gt;, exit status 3
07:12:46 INFO  
07:12:46 INFO  Test duration: 166.17 secs
07:12:46 INFO  Test final outcome:  BLOCKED
07:12:46 INFO  Test outcome reason: SystemError: Timeout while waiting for status FAILED or SUCCESSFUL
07:12:46 INFO  
</system-out>
	</testcase>
</testsuite><testsuite name="SoftwareManagement.sm_apt_install_remove_multiple" tests="1" errors="0" failures="1" skipped="0" time="0"><testcase classname="PySysTest" name="SoftwareManagement.sm_apt_install_remove_multiple">
		<failure message="BLOCKED: SystemError: Timeout while waiting for status FAILED or SUCCESSFUL" type="BLOCKED" />
		<system-out>07:12:47 INFO  ==============================================================
07:12:47 INFO  Id:    SoftwareManagement.sm_apt_install_remove_multiple
07:12:47 INFO  Dir:   software_management_end_to_end/
07:12:47 INFO  Title: Validate end to end behaviour for the apt plugin for multiple packages
07:12:47 INFO  ==============================================================
07:12:47 INFO  Using sw id database: {'asciijump': '5475369', 'robotfindskitten': '5474869', 'squirrel3': '5475279', 'rolldice': '5152439', 'moon-buggy': '5439204', 'apple': '5495053', 'banana': '5494888', 'cherry': '5495382', 'watermelon': '5494510', 'registry': '8018911', 'hello-world': '8021526', 'docker/getting-started': '8021973', 'alpine': '7991792'}
07:12:47 INFO  EnvironmentC8y Setup
07:12:47 INFO  Executed systemctl&lt;serv_mapper1&gt;, exit status 3
07:12:47 INFO  Restarting mosquitto too frequently in the last 10 seconds. It was only up for 5 seconds
07:12:47 INFO  Delaying execution by 6 seconds
07:13:08 INFO  Executed sudo&lt;tedge_connect_c8y&gt;, exit status 0, duration 14 secs
07:13:09 INFO  Executed sudo&lt;tedge_connect_c8y_test&gt;, exit status 0
07:13:09 INFO  Executed systemctl&lt;serv_mosq2&gt;, exit status 0
07:13:10 INFO  Executed systemctl&lt;serv_mapper3&gt;, exit status 0
07:13:12 INFO  State of current operation: PENDING
07:13:14 INFO  State of current operation: PENDING
07:13:16 INFO  State of current operation: PENDING
07:13:19 INFO  State of current operation: PENDING
07:13:21 INFO  State of current operation: PENDING
07:13:23 INFO  State of current operation: PENDING
07:13:25 INFO  State of current operation: PENDING
07:13:28 INFO  State of current operation: PENDING
07:13:30 INFO  State of current operation: PENDING
07:13:32 INFO  State of current operation: PENDING
07:13:34 INFO  State of current operation: PENDING
07:13:37 INFO  State of current operation: PENDING
07:13:39 INFO  State of current operation: PENDING
07:13:41 INFO  State of current operation: PENDING
07:13:43 INFO  State of current operation: PENDING
07:13:45 INFO  State of current operation: PENDING
07:13:48 INFO  State of current operation: PENDING
07:13:50 INFO  State of current operation: PENDING
07:13:52 INFO  State of current operation: PENDING
07:13:54 INFO  State of current operation: PENDING
07:13:57 INFO  State of current operation: PENDING
07:13:59 INFO  State of current operation: PENDING
07:14:01 INFO  State of current operation: PENDING
07:14:03 INFO  State of current operation: PENDING
07:14:06 INFO  State of current operation: PENDING
07:14:08 INFO  State of current operation: PENDING
07:14:10 INFO  State of current operation: PENDING
07:14:12 INFO  State of current operation: PENDING
07:14:14 INFO  State of current operation: PENDING
07:14:17 INFO  State of current operation: PENDING
07:14:19 INFO  State of current operation: PENDING
07:14:21 INFO  State of current operation: PENDING
07:14:23 INFO  State of current operation: PENDING
07:14:26 INFO  State of current operation: PENDING
07:14:28 INFO  State of current operation: PENDING
07:14:30 INFO  State of current operation: PENDING
07:14:32 INFO  State of current operation: PENDING
07:14:34 INFO  State of current operation: PENDING
07:14:37 INFO  State of current operation: PENDING
07:14:39 INFO  State of current operation: PENDING
07:14:41 INFO  State of current operation: PENDING
07:14:43 INFO  State of current operation: PENDING
07:14:46 INFO  State of current operation: PENDING
07:14:48 INFO  State of current operation: PENDING
07:14:50 INFO  State of current operation: PENDING
07:14:52 INFO  State of current operation: PENDING
07:14:54 INFO  State of current operation: PENDING
07:14:57 INFO  State of current operation: PENDING
07:14:59 INFO  State of current operation: PENDING
07:15:01 INFO  State of current operation: PENDING
07:15:03 INFO  State of current operation: PENDING
07:15:06 INFO  State of current operation: PENDING
07:15:08 INFO  State of current operation: PENDING
07:15:10 INFO  State of current operation: PENDING
07:15:12 INFO  State of current operation: PENDING
07:15:15 INFO  State of current operation: PENDING
07:15:17 INFO  State of current operation: PENDING
07:15:19 INFO  State of current operation: PENDING
07:15:21 INFO  State of current operation: PENDING
07:15:24 INFO  State of current operation: PENDING
07:15:26 INFO  State of current operation: PENDING
07:15:28 WARN  SystemError occurred while running test - Timeout while waiting for status FAILED or SUCCESSFUL
Traceback (most recent call last):
  File "/home/pi/env-pysys/lib/python3.7/site-packages/pysys/baserunner.py", line 1292, in __call__
    self.testObj.setup()
  File "/home/pi/actions-runner/_work/thin-edge.io/thin-edge.io/tests/PySys/software_management_end_to_end/sm_apt_install_remove_multiple/run.py", line 52, in setup
    super().setup()
  File "/home/pi/actions-runner/_work/thin-edge.io/thin-edge.io/tests/PySys/software_management_end_to_end/environment_sm_management.py", line 151, in setup
    self.wait_until_end()
  File "/home/pi/actions-runner/_work/thin-edge.io/thin-edge.io/tests/PySys/software_management_end_to_end/environment_sm_management.py", line 332, in wait_until_end
    self.wait_until_status("FAILED", "SUCCESSFUL")
  File "/home/pi/actions-runner/_work/thin-edge.io/thin-edge.io/tests/PySys/software_management_end_to_end/environment_sm_management.py", line 381, in wait_until_status
    "Timeout while waiting for status %s or %s" % (status, status2)
SystemError: Timeout while waiting for status FAILED or SUCCESSFUL
07:15:28 WARN  SystemError: Timeout while waiting for status FAILED or SUCCESSFUL ... blocked 
07:15:28 INFO  
07:15:28 INFO  cleanup:
07:15:32 INFO  Executed sudo&lt;tedge_disconnect_c8y&gt;, exit status 0
07:15:33 INFO  Executed systemctl&lt;serv_mapper5&gt;, exit status 3
07:15:33 INFO  
07:15:33 INFO  Test duration: 166.16 secs
07:15:33 INFO  Test final outcome:  BLOCKED
07:15:33 INFO  Test outcome reason: SystemError: Timeout while waiting for status FAILED or SUCCESSFUL
07:15:33 INFO  
</system-out>
	</testcase>
</testsuite><testsuite name="SoftwareManagement.sm_apt_install_remove_multiple_mixed" tests="1" errors="0" failures="1" skipped="0" time="0"><testcase classname="PySysTest" name="SoftwareManagement.sm_apt_install_remove_multiple_mixed">
		<failure message="BLOCKED: SystemError: Timeout while waiting for status FAILED or SUCCESSFUL" type="BLOCKED" />
		<system-out>07:15:33 INFO  ==============================================================
07:15:33 INFO  Id:    SoftwareManagement.sm_apt_install_remove_multiple_mixed
07:15:33 INFO  Dir:   software_management_end_to_end/
07:15:33 INFO  Title: Validate end to end behaviour for the apt plugin for multiple packages with mixed versions
07:15:33 INFO  ==============================================================
07:15:33 INFO  Using sw id database: {'asciijump': '5475369', 'robotfindskitten': '5474869', 'squirrel3': '5475279', 'rolldice': '5152439', 'moon-buggy': '5439204', 'apple': '5495053', 'banana': '5494888', 'cherry': '5495382', 'watermelon': '5494510', 'registry': '8018911', 'hello-world': '8021526', 'docker/getting-started': '8021973', 'alpine': '7991792'}
07:15:33 INFO  EnvironmentC8y Setup
07:15:33 INFO  Executed systemctl&lt;serv_mapper1&gt;, exit status 3
07:15:33 INFO  Restarting mosquitto too frequently in the last 10 seconds. It was only up for 5 seconds
07:15:33 INFO  Delaying execution by 6 seconds
07:15:54 INFO  Executed sudo&lt;tedge_connect_c8y&gt;, exit status 0, duration 14 secs
07:15:54 INFO  Executed sudo&lt;tedge_connect_c8y_test&gt;, exit status 0
07:15:55 INFO  Executed systemctl&lt;serv_mosq2&gt;, exit status 0
07:15:55 INFO  Executed systemctl&lt;serv_mapper3&gt;, exit status 0
07:15:57 INFO  State of current operation: PENDING
07:16:00 INFO  State of current operation: PENDING
07:16:02 INFO  State of current operation: PENDING
07:16:04 INFO  State of current operation: PENDING
07:16:06 INFO  State of current operation: PENDING
07:16:09 INFO  State of current operation: PENDING
07:16:11 INFO  State of current operation: PENDING
07:16:13 INFO  State of current operation: PENDING
07:16:15 INFO  State of current operation: PENDING
07:16:18 INFO  State of current operation: PENDING
07:16:20 INFO  State of current operation: PENDING
07:16:22 INFO  State of current operation: PENDING
07:16:24 INFO  State of current operation: PENDING
07:16:26 INFO  State of current operation: PENDING
07:16:29 INFO  State of current operation: PENDING
07:16:31 INFO  State of current operation: PENDING
07:16:33 INFO  State of current operation: PENDING
07:16:35 INFO  State of current operation: PENDING
07:16:38 INFO  State of current operation: PENDING
07:16:40 INFO  State of current operation: PENDING
07:16:42 INFO  State of current operation: PENDING
07:16:44 INFO  State of current operation: PENDING
07:16:47 INFO  State of current operation: PENDING
07:16:49 INFO  State of current operation: PENDING
07:16:51 INFO  State of current operation: PENDING
07:16:53 INFO  State of current operation: PENDING
07:16:55 INFO  State of current operation: PENDING
07:16:58 INFO  State of current operation: PENDING
07:17:00 INFO  State of current operation: PENDING
07:17:02 INFO  State of current operation: PENDING
07:17:04 INFO  State of current operation: PENDING
07:17:07 INFO  State of current operation: PENDING
07:17:09 INFO  State of current operation: PENDING
07:17:11 INFO  State of current operation: PENDING
07:17:13 INFO  State of current operation: PENDING
07:17:15 INFO  State of current operation: PENDING
07:17:18 INFO  State of current operation: PENDING
07:17:20 INFO  State of current operation: PENDING
07:17:22 INFO  State of current operation: PENDING
07:17:24 INFO  State of current operation: PENDING
07:17:27 INFO  State of current operation: PENDING
07:17:29 INFO  State of current operation: PENDING
07:17:31 INFO  State of current operation: PENDING
07:17:33 INFO  State of current operation: PENDING
07:17:35 INFO  State of current operation: PENDING
07:17:38 INFO  State of current operation: PENDING
07:17:40 INFO  State of current operation: PENDING
07:17:42 INFO  State of current operation: PENDING
07:17:44 INFO  State of current operation: PENDING
07:17:47 INFO  State of current operation: PENDING
07:17:49 INFO  State of current operation: PENDING
07:17:51 INFO  State of current operation: PENDING
07:17:53 INFO  State of current operation: PENDING
07:17:56 INFO  State of current operation: PENDING
07:17:58 INFO  State of current operation: PENDING
07:18:00 INFO  State of current operation: PENDING
07:18:02 INFO  State of current operation: PENDING
07:18:04 INFO  State of current operation: PENDING
07:18:07 INFO  State of current operation: PENDING
07:18:09 INFO  State of current operation: PENDING
07:18:11 INFO  State of current operation: PENDING
07:18:13 WARN  SystemError occurred while running test - Timeout while waiting for status FAILED or SUCCESSFUL
Traceback (most recent call last):
  File "/home/pi/env-pysys/lib/python3.7/site-packages/pysys/baserunner.py", line 1292, in __call__
    self.testObj.setup()
  File "/home/pi/actions-runner/_work/thin-edge.io/thin-edge.io/tests/PySys/software_management_end_to_end/sm_apt_install_remove_multiple_mixed/run.py", line 73, in setup
    super().setup()
  File "/home/pi/actions-runner/_work/thin-edge.io/thin-edge.io/tests/PySys/software_management_end_to_end/environment_sm_management.py", line 151, in setup
    self.wait_until_end()
  File "/home/pi/actions-runner/_work/thin-edge.io/thin-edge.io/tests/PySys/software_management_end_to_end/environment_sm_management.py", line 332, in wait_until_end
    self.wait_until_status("FAILED", "SUCCESSFUL")
  File "/home/pi/actions-runner/_work/thin-edge.io/thin-edge.io/tests/PySys/software_management_end_to_end/environment_sm_management.py", line 381, in wait_until_status
    "Timeout while waiting for status %s or %s" % (status, status2)
SystemError: Timeout while waiting for status FAILED or SUCCESSFUL
07:18:13 WARN  SystemError: Timeout while waiting for status FAILED or SUCCESSFUL ... blocked 
07:18:13 INFO  
07:18:13 INFO  cleanup:
07:18:18 INFO  Executed sudo&lt;tedge_disconnect_c8y&gt;, exit status 0
07:18:18 INFO  Executed systemctl&lt;serv_mapper5&gt;, exit status 3
07:18:18 INFO  
07:18:18 INFO  Test duration: 165.55 secs
07:18:18 INFO  Test final outcome:  BLOCKED
07:18:18 INFO  Test outcome reason: SystemError: Timeout while waiting for status FAILED or SUCCESSFUL
07:18:18 INFO  
</system-out>
	</testcase>
</testsuite><testsuite name="SoftwareManagement.sm_apt_install_remove_with_version" tests="1" errors="0" failures="1" skipped="0" time="0"><testcase classname="PySysTest" name="SoftwareManagement.sm_apt_install_remove_with_version">
		<failure message="BLOCKED: SystemError: Timeout while waiting for status FAILED or SUCCESSFUL" type="BLOCKED" />
		<system-out>07:18:18 INFO  ==============================================================
07:18:18 INFO  Id:    SoftwareManagement.sm_apt_install_remove_with_version
07:18:18 INFO  Dir:   software_management_end_to_end/
07:18:18 INFO  Title: Validate end to end behaviour for the apt plugin for packages with version
07:18:18 INFO  ==============================================================
07:18:18 INFO  Using sw id database: {'asciijump': '5475369', 'robotfindskitten': '5474869', 'squirrel3': '5475279', 'rolldice': '5152439', 'moon-buggy': '5439204', 'apple': '5495053', 'banana': '5494888', 'cherry': '5495382', 'watermelon': '5494510', 'registry': '8018911', 'hello-world': '8021526', 'docker/getting-started': '8021973', 'alpine': '7991792'}
07:18:18 INFO  EnvironmentC8y Setup
07:18:19 INFO  Executed systemctl&lt;serv_mapper1&gt;, exit status 3
07:18:19 INFO  Restarting mosquitto too frequently in the last 10 seconds. It was only up for 4 seconds
07:18:19 INFO  Delaying execution by 7 seconds
07:18:40 INFO  Executed sudo&lt;tedge_connect_c8y&gt;, exit status 0, duration 14 secs
07:18:41 INFO  Executed sudo&lt;tedge_connect_c8y_test&gt;, exit status 0
07:18:41 INFO  Executed systemctl&lt;serv_mosq2&gt;, exit status 0
07:18:42 INFO  Executed systemctl&lt;serv_mapper3&gt;, exit status 0
07:18:44 INFO  State of current operation: PENDING
07:18:46 INFO  State of current operation: PENDING
07:18:49 INFO  State of current operation: PENDING
07:18:51 INFO  State of current operation: PENDING
07:18:53 INFO  State of current operation: PENDING
07:18:55 INFO  State of current operation: PENDING
07:18:57 INFO  State of current operation: PENDING
07:19:00 INFO  State of current operation: PENDING
07:19:02 INFO  State of current operation: PENDING
07:19:04 INFO  State of current operation: PENDING
07:19:06 INFO  State of current operation: PENDING
07:19:09 INFO  State of current operation: PENDING
07:19:11 INFO  State of current operation: PENDING
07:19:13 INFO  State of current operation: PENDING
07:19:15 INFO  State of current operation: PENDING
07:19:18 INFO  State of current operation: PENDING
07:19:20 INFO  State of current operation: PENDING
07:19:22 INFO  State of current operation: PENDING
07:19:24 INFO  State of current operation: PENDING
07:19:27 INFO  State of current operation: PENDING
07:19:29 INFO  State of current operation: PENDING
07:19:31 INFO  State of current operation: PENDING
07:19:33 INFO  State of current operation: PENDING
07:19:35 INFO  State of current operation: PENDING
07:19:38 INFO  State of current operation: PENDING
07:19:40 INFO  State of current operation: PENDING
07:19:42 INFO  State of current operation: PENDING
07:19:44 INFO  State of current operation: PENDING
07:19:47 INFO  State of current operation: PENDING
07:19:49 INFO  State of current operation: PENDING
07:19:51 INFO  State of current operation: PENDING
07:19:53 INFO  State of current operation: PENDING
07:19:56 INFO  State of current operation: PENDING
07:19:58 INFO  State of current operation: PENDING
07:20:00 INFO  State of current operation: PENDING
07:20:02 INFO  State of current operation: PENDING
07:20:05 INFO  State of current operation: PENDING
07:20:07 INFO  State of current operation: PENDING
07:20:09 INFO  State of current operation: PENDING
07:20:11 INFO  State of current operation: PENDING
07:20:13 INFO  State of current operation: PENDING
07:20:16 INFO  State of current operation: PENDING
07:20:18 INFO  State of current operation: PENDING
07:20:20 INFO  State of current operation: PENDING
07:20:22 INFO  State of current operation: PENDING
07:20:25 INFO  State of current operation: PENDING
07:20:27 INFO  State of current operation: PENDING
07:20:29 INFO  State of current operation: PENDING
07:20:31 INFO  State of current operation: PENDING
07:20:34 INFO  State of current operation: PENDING
07:20:36 INFO  State of current operation: PENDING
07:20:38 INFO  State of current operation: PENDING
07:20:40 INFO  State of current operation: PENDING
07:20:42 INFO  State of current operation: PENDING
07:20:45 INFO  State of current operation: PENDING
07:20:47 INFO  State of current operation: PENDING
07:20:49 INFO  State of current operation: PENDING
07:20:51 INFO  State of current operation: PENDING
07:20:54 INFO  State of current operation: PENDING
07:20:56 INFO  State of current operation: PENDING
07:20:58 INFO  State of current operation: PENDING
07:21:00 WARN  SystemError occurred while running test - Timeout while waiting for status FAILED or SUCCESSFUL
Traceback (most recent call last):
  File "/home/pi/env-pysys/lib/python3.7/site-packages/pysys/baserunner.py", line 1292, in __call__
    self.testObj.setup()
  File "/home/pi/actions-runner/_work/thin-edge.io/thin-edge.io/tests/PySys/software_management_end_to_end/sm_apt_install_remove_with_version/run.py", line 27, in setup
    super().setup()
  File "/home/pi/actions-runner/_work/thin-edge.io/thin-edge.io/tests/PySys/software_management_end_to_end/environment_sm_management.py", line 151, in setup
    self.wait_until_end()
  File "/home/pi/actions-runner/_work/thin-edge.io/thin-edge.io/tests/PySys/software_management_end_to_end/environment_sm_management.py", line 332, in wait_until_end
    self.wait_until_status("FAILED", "SUCCESSFUL")
  File "/home/pi/actions-runner/_work/thin-edge.io/thin-edge.io/tests/PySys/software_management_end_to_end/environment_sm_management.py", line 381, in wait_until_status
    "Timeout while waiting for status %s or %s" % (status, status2)
SystemError: Timeout while waiting for status FAILED or SUCCESSFUL
07:21:00 WARN  SystemError: Timeout while waiting for status FAILED or SUCCESSFUL ... blocked 
07:21:00 INFO  
07:21:00 INFO  cleanup:
07:21:05 INFO  Executed sudo&lt;tedge_disconnect_c8y&gt;, exit status 0
07:21:05 INFO  Executed systemctl&lt;serv_mapper5&gt;, exit status 3
07:21:05 INFO  
07:21:05 INFO  Test duration: 166.85 secs
07:21:05 INFO  Test final outcome:  BLOCKED
07:21:05 INFO  Test outcome reason: SystemError: Timeout while waiting for status FAILED or SUCCESSFUL
07:21:05 INFO  
</system-out>
	</testcase>
</testsuite><testsuite name="apt_fail_noarg" tests="1" errors="0" failures="0" skipped="0" time="0"><testcase classname="AptPluginFailNoArg" name="apt_fail_noarg" />
</testsuite><testsuite name="apt_finalize" tests="1" errors="0" failures="0" skipped="0" time="0"><testcase classname="AptPluginFinalize" name="apt_finalize" />
</testsuite><testsuite name="apt_install" tests="1" errors="0" failures="0" skipped="0" time="0"><testcase classname="AptPluginInstallDense" name="apt_install" />
</testsuite><testsuite name="apt_install_fail" tests="1" errors="0" failures="0" skipped="0" time="0"><testcase classname="AptPluginInstallFail" name="apt_install_fail" />
</testsuite><testsuite name="apt_install_local_file" tests="1" errors="0" failures="0" skipped="0" time="0"><testcase classname="AptPluginInstallFromLocalFile" name="apt_install_local_file" />
</testsuite><testsuite name="apt_install_local_file_fail" tests="1" errors="0" failures="0" skipped="0" time="0"><testcase classname="AptPluginInstallFromLocalFileFail" name="apt_install_local_file_fail" />
</testsuite><testsuite name="apt_install_local_file_with_version" tests="1" errors="0" failures="0" skipped="0" time="0"><testcase classname="AptPluginInstallFromLocalFileWithVersion" name="apt_install_local_file_with_version" />
</testsuite><testsuite name="apt_install_local_file_with_version_fail" tests="1" errors="0" failures="0" skipped="0" time="0"><testcase classname="AptPluginInstallFromLocalFileWithVersionFail" name="apt_install_local_file_with_version_fail" />
</testsuite><testsuite name="apt_list_format" tests="1" errors="0" failures="0" skipped="0" time="0"><testcase classname="AptPluginListFormat" name="apt_list_format" />
</testsuite><testsuite name="apt_prepare" tests="1" errors="0" failures="0" skipped="0" time="0"><testcase classname="AptPluginPrepare" name="apt_prepare" />
</testsuite><testsuite name="apt_prepare_install_finalize" tests="1" errors="0" failures="0" skipped="0" time="0"><testcase classname="AptPluginPrepareInstallFinalize" name="apt_prepare_install_finalize" />
</testsuite><testsuite name="apt_remove" tests="1" errors="0" failures="0" skipped="0" time="0"><testcase classname="AptPluginRemoveDense" name="apt_remove" />
</testsuite><testsuite name="apt_remove_fail" tests="1" errors="0" failures="0" skipped="0" time="0"><testcase classname="AptPluginRemoveFails" name="apt_remove_fail" />
</testsuite><testsuite name="apt_sequence_install_with_version" tests="1" errors="0" failures="0" skipped="0" time="0"><testcase classname="AptPluginPrepInstallWithVersionFinalize" name="apt_sequence_install_with_version" />
</testsuite><testsuite name="apt_sequence_install_with_version_fail" tests="1" errors="0" failures="0" skipped="0" time="0"><testcase classname="AptPluginInstallWithVersionFails" name="apt_sequence_install_with_version_fail" />
</testsuite><testsuite name="apt_sequence_remove" tests="1" errors="0" failures="0" skipped="0" time="0"><testcase classname="AptPluginInstallPrepareRemoveFinalize" name="apt_sequence_remove" />
</testsuite><testsuite name="apt_sequence_remove_with_version" tests="1" errors="0" failures="0" skipped="0" time="0"><testcase classname="AptPluginRemoveWithVersion" name="apt_sequence_remove_with_version" />
</testsuite><testsuite name="apt_sequence_remove_with_version_fail" tests="1" errors="0" failures="0" skipped="0" time="0"><testcase classname="AptPluginRemoveWithVersionFails" name="apt_sequence_remove_with_version_fail" />
</testsuite><testsuite name="apt_update_list" tests="1" errors="0" failures="0" skipped="0" time="0"><testcase classname="AptPluginUpdateList" name="apt_update_list" />
</testsuite><testsuite name="apt_wrong_option" tests="1" errors="0" failures="0" skipped="0" time="0"><testcase classname="AptPluginWrongOption" name="apt_wrong_option" />
</testsuite><testsuite name="SoftwareManagement.Plugin.apama_plugin_install" tests="1" errors="0" failures="0" skipped="0" time="0"><testcase classname="ApamaPluginInstallTest" name="SoftwareManagement.Plugin.apama_plugin_install" />
</testsuite><testsuite name="SoftwareManagement.Plugin.apama_plugin_mon_support" tests="1" errors="0" failures="0" skipped="0" time="0"><testcase classname="ApamaPluginMonSupportTest" name="SoftwareManagement.Plugin.apama_plugin_mon_support" />
</testsuite><testsuite name="SoftwareManagement.Plugin.apama_plugin_remove" tests="1" errors="0" failures="0" skipped="0" time="0"><testcase classname="ApamaPluginRemoveTest" name="SoftwareManagement.Plugin.apama_plugin_remove" />
</testsuite><testsuite name="SoftwareManagement.Plugin.apama_plugin_update" tests="1" errors="0" failures="1" skipped="0" time="0"><testcase classname="ApamaPluginUpdateTest" name="SoftwareManagement.Plugin.apama_plugin_update">
		<failure message="BLOCKED: sudo&lt;plugin_install&gt; returned non-zero exit code 2" type="BLOCKED" />
		<system-out>07:22:25 INFO  ==============================================================
07:22:25 INFO  Id:    SoftwareManagement.Plugin.apama_plugin_update
07:22:25 INFO  Dir:   plugin_apama/
07:22:25 INFO  Title: Validate apama plugin updating one project with another
07:22:25 INFO  ==============================================================
07:22:25 INFO  Assertion that path exists=False for "/etc/tedge/apama/project" ... passed
07:22:26 INFO  Executed sudo&lt;create_project_dir&gt;, exit status 0
07:22:26 INFO  Executed sudo&lt;unzip_apama_project&gt;, exit status 0
07:22:27 INFO  Executed sudo&lt;move_apama_project&gt;, exit status 0
07:22:28 INFO  Executed sudo&lt;restart_apama_service&gt;, exit status 0
07:22:28 INFO  Executed sudo&lt;apama_correlator_wait&gt;, exit status 0
07:22:28 INFO  Assertion that path exists=True for "/etc/tedge/apama/project" ... passed
07:22:29 INFO  Executed sudo&lt;apama_list_monitors&gt;, exit status 0
07:22:29 INFO  Grep on file /home/pi/actions-runner/_work/thin-edge.io/thin-edge.io/tests/PySys/plugin_apama/apama_plugin_update/Output/linux/apama_list_monitors.out ... passed
07:22:30 WARN  Executed sudo&lt;plugin_install&gt;, exit status 2
07:22:30 INFO  Contents of plugin_install.err: 
  ERROR: Directory not empty (os error 39)
  -----

07:22:30 WARN  sudo&lt;plugin_install&gt; returned non-zero exit code 2 ... blocked [run.py:35]
07:22:30 WARN  Aborted test due to BLOCKED outcome
07:22:30 INFO  
07:22:30 INFO  cleanup:
07:22:30 INFO  Removing apama project
07:22:46 INFO  Executed sudo&lt;stop_apama_service&gt;, exit status 0, duration 16 secs
07:22:47 INFO  Executed sudo&lt;remove_apama_project&gt;, exit status 0
07:22:47 INFO  Executed sudo&lt;remove_apama_tmp_dir&gt;, exit status 0
07:22:47 INFO  
07:22:47 INFO  Test duration: 22.16 secs
07:22:47 INFO  Test final outcome:  BLOCKED
07:22:47 INFO  Test outcome reason: sudo&lt;plugin_install&gt; returned non-zero exit code 2
07:22:47 INFO  
</system-out>
	</testcase>
</testsuite><testsuite name="SoftwareManagement.sm_docker_install_remove_multiple" tests="1" errors="0" failures="1" skipped="0" time="0"><testcase classname="SMDockerInstallRemove" name="SoftwareManagement.sm_docker_install_remove_multiple">
		<failure message="BLOCKED: SystemError: Timeout while waiting for status FAILED or SUCCESSFUL" type="BLOCKED" />
		<system-out>07:26:46 INFO  ==============================================================
07:26:46 INFO  Id:    SoftwareManagement.sm_docker_install_remove_multiple
07:26:46 INFO  Dir:   software_management_end_to_end/
07:26:46 INFO  Title: Validate end to end behaviour for the docker plugin for multiple docker images with mixed versions
07:26:46 INFO  ==============================================================
07:26:48 INFO  Using sw id database: {'asciijump': '5475369', 'robotfindskitten': '5474869', 'squirrel3': '5475279', 'rolldice': '5152439', 'moon-buggy': '5439204', 'apple': '5495053', 'banana': '5494888', 'cherry': '5495382', 'watermelon': '5494510', 'registry': '8018911', 'hello-world': '8021526', 'docker/getting-started': '8021973', 'alpine': '7991792'}
07:26:48 INFO  EnvironmentC8y Setup
07:26:49 INFO  Executed systemctl&lt;serv_mapper1&gt;, exit status 3
07:27:04 INFO  Executed sudo&lt;tedge_connect_c8y&gt;, exit status 0, duration 15 secs
07:27:05 INFO  Executed sudo&lt;tedge_connect_c8y_test&gt;, exit status 0
07:27:05 INFO  Executed systemctl&lt;serv_mosq2&gt;, exit status 0
07:27:06 INFO  Executed systemctl&lt;serv_mapper3&gt;, exit status 0
07:27:08 INFO  State of current operation: PENDING
07:27:11 INFO  State of current operation: PENDING
07:27:13 INFO  State of current operation: PENDING
07:27:15 INFO  State of current operation: PENDING
07:27:17 INFO  State of current operation: PENDING
07:27:19 INFO  State of current operation: PENDING
07:27:22 INFO  State of current operation: PENDING
07:27:24 INFO  State of current operation: PENDING
07:27:26 INFO  State of current operation: PENDING
07:27:28 INFO  State of current operation: PENDING
07:27:31 INFO  State of current operation: PENDING
07:27:33 INFO  State of current operation: PENDING
07:27:35 INFO  State of current operation: PENDING
07:27:37 INFO  State of current operation: PENDING
07:27:39 INFO  State of current operation: PENDING
07:27:42 INFO  State of current operation: PENDING
07:27:44 INFO  State of current operation: PENDING
07:27:46 INFO  State of current operation: PENDING
07:27:48 INFO  State of current operation: PENDING
07:27:51 INFO  State of current operation: PENDING
07:27:53 INFO  State of current operation: PENDING
07:27:55 INFO  State of current operation: PENDING
07:27:57 INFO  State of current operation: PENDING
07:27:59 INFO  State of current operation: PENDING
07:28:02 INFO  State of current operation: PENDING
07:28:04 INFO  State of current operation: PENDING
07:28:06 INFO  State of current operation: PENDING
07:28:08 INFO  State of current operation: PENDING
07:28:11 INFO  State of current operation: PENDING
07:28:13 INFO  State of current operation: PENDING
07:28:15 INFO  State of current operation: PENDING
07:28:17 INFO  State of current operation: PENDING
07:28:19 INFO  State of current operation: PENDING
07:28:22 INFO  State of current operation: PENDING
07:28:24 INFO  State of current operation: PENDING
07:28:26 INFO  State of current operation: PENDING
07:28:29 INFO  State of current operation: PENDING
07:28:31 INFO  State of current operation: PENDING
07:28:33 INFO  State of current operation: PENDING
07:28:35 INFO  State of current operation: PENDING
07:28:37 INFO  State of current operation: PENDING
07:28:40 INFO  State of current operation: PENDING
07:28:42 INFO  State of current operation: PENDING
07:28:44 INFO  State of current operation: PENDING
07:28:46 INFO  State of current operation: PENDING
07:28:49 INFO  State of current operation: PENDING
07:28:51 INFO  State of current operation: PENDING
07:28:53 INFO  State of current operation: PENDING
07:28:55 INFO  State of current operation: PENDING
07:28:57 INFO  State of current operation: PENDING
07:29:00 INFO  State of current operation: PENDING
07:29:02 INFO  State of current operation: PENDING
07:29:04 INFO  State of current operation: PENDING
07:29:06 INFO  State of current operation: PENDING
07:29:09 INFO  State of current operation: PENDING
07:29:11 INFO  State of current operation: PENDING
07:29:13 INFO  State of current operation: PENDING
07:29:15 INFO  State of current operation: PENDING
07:29:17 INFO  State of current operation: PENDING
07:29:20 INFO  State of current operation: PENDING
07:29:22 INFO  State of current operation: PENDING
07:29:24 WARN  SystemError occurred while running test - Timeout while waiting for status FAILED or SUCCESSFUL
Traceback (most recent call last):
  File "/home/pi/env-pysys/lib/python3.7/site-packages/pysys/baserunner.py", line 1292, in __call__
    self.testObj.setup()
  File "/home/pi/actions-runner/_work/thin-edge.io/thin-edge.io/tests/PySys/software_management_end_to_end/sm_docker_install_remove_multiple/run.py", line 29, in setup
    super().setup()
  File "/home/pi/actions-runner/_work/thin-edge.io/thin-edge.io/tests/PySys/software_management_end_to_end/environment_sm_management.py", line 151, in setup
    self.wait_until_end()
  File "/home/pi/actions-runner/_work/thin-edge.io/thin-edge.io/tests/PySys/software_management_end_to_end/environment_sm_management.py", line 332, in wait_until_end
    self.wait_until_status("FAILED", "SUCCESSFUL")
  File "/home/pi/actions-runner/_work/thin-edge.io/thin-edge.io/tests/PySys/software_management_end_to_end/environment_sm_management.py", line 381, in wait_until_status
    "Timeout while waiting for status %s or %s" % (status, status2)
SystemError: Timeout while waiting for status FAILED or SUCCESSFUL
07:29:25 WARN  SystemError: Timeout while waiting for status FAILED or SUCCESSFUL ... blocked 
07:29:25 INFO  
07:29:25 INFO  cleanup:
07:29:29 INFO  Executed sudo&lt;tedge_disconnect_c8y&gt;, exit status 0
07:29:29 INFO  Executed systemctl&lt;serv_mapper5&gt;, exit status 3
07:29:29 INFO  
07:29:29 INFO  Test duration: 163.60 secs
07:29:29 INFO  Test final outcome:  BLOCKED
07:29:29 INFO  Test outcome reason: SystemError: Timeout while waiting for status FAILED or SUCCESSFUL
07:29:29 INFO  
</system-out>
	</testcase>
</testsuite><testsuite name="docker_plugin_finalize" tests="1" errors="0" failures="0" skipped="0" time="0"><testcase classname="DockerPluginFinalizeTest" name="docker_plugin_finalize" />
</testsuite><testsuite name="docker_plugin_install" tests="1" errors="0" failures="0" skipped="0" time="0"><testcase classname="DockerPluginInstallTest" name="docker_plugin_install" />
</testsuite><testsuite name="docker_plugin_install_with_version" tests="1" errors="0" failures="0" skipped="0" time="0"><testcase classname="DockerPluginInstallWithVersionTest" name="docker_plugin_install_with_version" />
</testsuite><testsuite name="docker_plugin_remove" tests="1" errors="0" failures="0" skipped="0" time="0"><testcase classname="DockerPluginRemoveTest" name="docker_plugin_remove" />
</testsuite><testsuite name="docker_plugin_remove_with_version" tests="1" errors="0" failures="0" skipped="0" time="0"><testcase classname="DockerPluginRemoveWithVersionTest" name="docker_plugin_remove_with_version" />
</testsuite><testsuite name="docker_plugin_update" tests="1" errors="0" failures="0" skipped="0" time="0"><testcase classname="DockerPluginUpdateTest" name="docker_plugin_update" />
</testsuite></testsuites>