<?xml version='1.0' encoding='utf-8'?>
<testsuites tests="95" failures="6" errors="0" skipped="0" time="0.0"><testsuite name="SoftwareManagement.Plugin.apama_plugin_install" tests="1" errors="0" failures="0" skipped="0" time="0"><testcase classname="ApamaPluginInstallTest" name="SoftwareManagement.Plugin.apama_plugin_install" />
</testsuite><testsuite name="SoftwareManagement.Plugin.apama_plugin_mon_support" tests="1" errors="0" failures="0" skipped="0" time="0"><testcase classname="ApamaPluginMonSupportTest" name="SoftwareManagement.Plugin.apama_plugin_mon_support" />
</testsuite><testsuite name="SoftwareManagement.Plugin.apama_plugin_remove" tests="1" errors="0" failures="0" skipped="0" time="0"><testcase classname="ApamaPluginRemoveTest" name="SoftwareManagement.Plugin.apama_plugin_remove" />
</testsuite><testsuite name="SoftwareManagement.Plugin.apama_plugin_update" tests="1" errors="0" failures="0" skipped="0" time="0"><testcase classname="ApamaPluginUpdateTest" name="SoftwareManagement.Plugin.apama_plugin_update" />
</testsuite><testsuite name="SoftwareManagement.sm_apt_install_download_path" tests="1" errors="0" failures="0" skipped="0" time="0"><testcase classname="AptInstallWithDownloadPath" name="SoftwareManagement.sm_apt_install_download_path" />
</testsuite><testsuite name="SoftwareManagement.sm_apt_install_fail" tests="1" errors="0" failures="0" skipped="0" time="0"><testcase classname="PySysTest" name="SoftwareManagement.sm_apt_install_fail" />
</testsuite><testsuite name="SoftwareManagement.sm_apt_install_remove" tests="1" errors="0" failures="0" skipped="0" time="0"><testcase classname="PySysTest" name="SoftwareManagement.sm_apt_install_remove" />
</testsuite><testsuite name="SoftwareManagement.sm_apt_install_remove_default" tests="1" errors="0" failures="0" skipped="0" time="0"><testcase classname="PySysTest" name="SoftwareManagement.sm_apt_install_remove_default" />
</testsuite><testsuite name="SoftwareManagement.sm_apt_install_remove_multiple" tests="1" errors="0" failures="0" skipped="0" time="0"><testcase classname="PySysTest" name="SoftwareManagement.sm_apt_install_remove_multiple" />
</testsuite><testsuite name="SoftwareManagement.sm_apt_install_remove_multiple_mixed" tests="1" errors="0" failures="0" skipped="0" time="0"><testcase classname="PySysTest" name="SoftwareManagement.sm_apt_install_remove_multiple_mixed" />
</testsuite><testsuite name="SoftwareManagement.sm_apt_install_remove_with_version" tests="1" errors="0" failures="0" skipped="0" time="0"><testcase classname="PySysTest" name="SoftwareManagement.sm_apt_install_remove_with_version" />
</testsuite><testsuite name="SoftwareManagement.sm_docker_install_remove_multiple" tests="1" errors="0" failures="0" skipped="0" time="0"><testcase classname="SMDockerInstallRemove" name="SoftwareManagement.sm_docker_install_remove_multiple" />
</testsuite><testsuite name="SoftwareManagement.sm_fake_install_remove" tests="1" errors="0" failures="0" skipped="0" time="0"><testcase classname="PySysTest" name="SoftwareManagement.sm_fake_install_remove" />
</testsuite><testsuite name="SoftwareManagement.sm_fake_install_remove_multiple" tests="1" errors="0" failures="0" skipped="0" time="0"><testcase classname="PySysTest" name="SoftwareManagement.sm_fake_install_remove_multiple" />
</testsuite><testsuite name="SoftwareManagement.sm_mapper_fail_and_reconnect" tests="1" errors="0" failures="0" skipped="0" time="0"><testcase classname="MapperC8yReceiveLastMessageOnRestart" name="SoftwareManagement.sm_mapper_fail_and_reconnect" />
</testsuite><testsuite name="SoftwareManagement.sm_mixed_install_remove_multiple" tests="1" errors="0" failures="0" skipped="0" time="0"><testcase classname="PySysTest" name="SoftwareManagement.sm_mixed_install_remove_multiple" />
</testsuite><testsuite name="agent_init_session" tests="1" errors="0" failures="0" skipped="0" time="0"><testcase classname="AgentInitSession" name="agent_init_session" />
</testsuite><testsuite name="apt_fail_noarg" tests="1" errors="0" failures="0" skipped="0" time="0"><testcase classname="AptPluginFailNoArg" name="apt_fail_noarg" />
</testsuite><testsuite name="apt_finalize" tests="1" errors="0" failures="0" skipped="0" time="0"><testcase classname="AptPluginFinalize" name="apt_finalize" />
</testsuite><testsuite name="apt_install" tests="1" errors="0" failures="0" skipped="0" time="0"><testcase classname="AptPluginInstallDense" name="apt_install" />
</testsuite><testsuite name="apt_install_fail" tests="1" errors="0" failures="0" skipped="0" time="0"><testcase classname="AptPluginInstallFail" name="apt_install_fail" />
</testsuite><testsuite name="apt_install_local_file" tests="1" errors="0" failures="0" skipped="0" time="0"><testcase classname="AptPluginInstallFromLocalFile" name="apt_install_local_file" />
</testsuite><testsuite name="apt_install_local_file_fail" tests="1" errors="0" failures="0" skipped="0" time="0"><testcase classname="AptPluginInstallFromLocalFileFail" name="apt_install_local_file_fail" />
</testsuite><testsuite name="apt_install_local_file_with_version" tests="1" errors="0" failures="0" skipped="0" time="0"><testcase classname="AptPluginInstallFromLocalFileWithVersion" name="apt_install_local_file_with_version" />
</testsuite><testsuite name="apt_install_local_file_with_version_fail" tests="1" errors="0" failures="0" skipped="0" time="0"><testcase classname="AptPluginInstallFromLocalFileWithVersionFail" name="apt_install_local_file_with_version_fail" />
</testsuite><testsuite name="apt_list_format" tests="1" errors="0" failures="0" skipped="0" time="0"><testcase classname="AptPluginListFormat" name="apt_list_format" />
</testsuite><testsuite name="apt_prepare" tests="1" errors="0" failures="0" skipped="0" time="0"><testcase classname="AptPluginPrepare" name="apt_prepare" />
</testsuite><testsuite name="apt_prepare_install_finalize" tests="1" errors="0" failures="0" skipped="0" time="0"><testcase classname="AptPluginPrepareInstallFinalize" name="apt_prepare_install_finalize" />
</testsuite><testsuite name="apt_remove" tests="1" errors="0" failures="0" skipped="0" time="0"><testcase classname="AptPluginRemoveDense" name="apt_remove" />
</testsuite><testsuite name="apt_remove_fail" tests="1" errors="0" failures="0" skipped="0" time="0"><testcase classname="AptPluginRemoveFails" name="apt_remove_fail" />
</testsuite><testsuite name="apt_sequence_install_with_version" tests="1" errors="0" failures="0" skipped="0" time="0"><testcase classname="AptPluginPrepInstallWithVersionFinalize" name="apt_sequence_install_with_version" />
</testsuite><testsuite name="apt_sequence_install_with_version_fail" tests="1" errors="0" failures="0" skipped="0" time="0"><testcase classname="AptPluginInstallWithVersionFails" name="apt_sequence_install_with_version_fail" />
</testsuite><testsuite name="apt_sequence_remove" tests="1" errors="0" failures="0" skipped="0" time="0"><testcase classname="AptPluginInstallPrepareRemoveFinalize" name="apt_sequence_remove" />
</testsuite><testsuite name="apt_sequence_remove_with_version" tests="1" errors="0" failures="0" skipped="0" time="0"><testcase classname="AptPluginRemoveWithVersion" name="apt_sequence_remove_with_version" />
</testsuite><testsuite name="apt_sequence_remove_with_version_fail" tests="1" errors="0" failures="0" skipped="0" time="0"><testcase classname="AptPluginRemoveWithVersionFails" name="apt_sequence_remove_with_version_fail" />
</testsuite><testsuite name="apt_update_list" tests="1" errors="0" failures="0" skipped="0" time="0"><testcase classname="AptPluginUpdateList" name="apt_update_list" />
</testsuite><testsuite name="apt_wrong_option" tests="1" errors="0" failures="0" skipped="0" time="0"><testcase classname="AptPluginWrongOption" name="apt_wrong_option" />
</testsuite><testsuite name="c8y_jwt_token_retrieval" tests="1" errors="0" failures="0" skipped="0" time="0"><testcase classname="ValidateJWTTokenRetrieval" name="c8y_jwt_token_retrieval" />
</testsuite><testsuite name="c8y_restart_bridge" tests="1" errors="0" failures="0" skipped="0" time="0"><testcase classname="RestartBridge" name="c8y_restart_bridge" />
</testsuite><testsuite name="call_tedge_-V" tests="1" errors="0" failures="0" skipped="0" time="0"><testcase classname="PySysTest" name="call_tedge_-V" />
</testsuite><testsuite name="call_tedge_-h" tests="1" errors="0" failures="0" skipped="0" time="0"><testcase classname="PySysTest" name="call_tedge_-h" />
</testsuite><testsuite name="call_tedge_-h_-V" tests="1" errors="0" failures="1" skipped="0" time="0"><testcase classname="PySysTest" name="call_tedge_-h_-V">
		<failure message="FAILED: Grep on tedge.out contains &quot;tedge 0.5&quot;" type="FAILED" />
		<system-out>10:05:26 INFO  ==============================================================
10:05:26 INFO  Id:    call_tedge_-h_-V
10:05:26 INFO  Dir:   tedge/
10:05:26 INFO  Title: Validate command line option -h -V
10:05:26 DEBUG Execution order hint: 0.0
10:05:26 INFO  ==============================================================
10:05:26 DEBUG --- test execute
10:05:26 DEBUG Process parameters for tedge
  command line : /usr/bin/tedge -h -V
    arg #1     : -h
    arg #2     : -V
  working dir  : /home/pi/actions-runner/_work/thin-edge.io/thin-edge.io/tests/PySys/tedge/call_tedge_-h_-V/Output/linux
  stdout       : /home/pi/actions-runner/_work/thin-edge.io/thin-edge.io/tests/PySys/tedge/call_tedge_-h_-V/Output/linux/tedge.out
  stderr       : /home/pi/actions-runner/_work/thin-edge.io/thin-edge.io/tests/PySys/tedge/call_tedge_-h_-V/Output/linux/tedge.err
  environment  : LD_LIBRARY_PATH=/usr/lib
  environment  : PATH=/bin:/usr/bin:/usr/sbin:/usr/local/bin
                   #1  /bin
                   #2  /usr/bin
                   #3  /usr/sbin
                   #4  /usr/local/bin
10:05:26 DEBUG Waiting up to 600 secs for process tedge (pid 28484)
10:05:26 INFO  Executed tedge, exit status 0
10:05:26 DEBUG --- test validate
10:05:26 DEBUG Performing regex contains=True grep on file: /home/pi/actions-runner/_work/thin-edge.io/thin-edge.io/tests/PySys/tedge/call_tedge_-h_-V/Output/linux/tedge.out
10:05:26 WARN  Grep on tedge.out contains "tedge 0.5" ... failed [run.py:32]
10:05:26 DEBUG Performing regex contains=True grep on file: /home/pi/actions-runner/_work/thin-edge.io/thin-edge.io/tests/PySys/tedge/call_tedge_-h_-V/Output/linux/tedge.out
10:05:26 DEBUG Grep on input file tedge.out successfully matched expression "USAGE:" with line: 'USAGE:\n'
10:05:26 INFO  Grep on input file tedge.out ... passed
10:05:26 DEBUG --- test cleanup
10:05:26 DEBUG ProcessUser cleanup function done.
10:05:26 INFO  
10:05:26 INFO  Test duration: 0.41 secs
10:05:26 INFO  Test final outcome:  FAILED
10:05:26 INFO  Test outcome reason: Grep on tedge.out contains "tedge 0.5"
10:05:26 INFO  
</system-out>
	</testcase>
</testsuite><testsuite name="call_tedge_config_help" tests="1" errors="0" failures="0" skipped="0" time="0"><testcase classname="PySysTest" name="call_tedge_config_help" />
</testsuite><testsuite name="call_tedge_config_list" tests="1" errors="0" failures="0" skipped="0" time="0"><testcase classname="PySysTest" name="call_tedge_config_list" />
</testsuite><testsuite name="custom_init_system" tests="1" errors="0" failures="0" skipped="0" time="0"><testcase classname="CustomInitSystem" name="custom_init_system" />
</testsuite><testsuite name="docker_plugin_finalize" tests="1" errors="0" failures="0" skipped="0" time="0"><testcase classname="DockerPluginFinalizeTest" name="docker_plugin_finalize" />
</testsuite><testsuite name="docker_plugin_install" tests="1" errors="0" failures="0" skipped="0" time="0"><testcase classname="DockerPluginInstallTest" name="docker_plugin_install" />
</testsuite><testsuite name="docker_plugin_install_with_version" tests="1" errors="0" failures="0" skipped="0" time="0"><testcase classname="DockerPluginInstallWithVersionTest" name="docker_plugin_install_with_version" />
</testsuite><testsuite name="docker_plugin_remove" tests="1" errors="0" failures="0" skipped="0" time="0"><testcase classname="DockerPluginRemoveTest" name="docker_plugin_remove" />
</testsuite><testsuite name="docker_plugin_remove_with_version" tests="1" errors="0" failures="0" skipped="0" time="0"><testcase classname="DockerPluginRemoveWithVersionTest" name="docker_plugin_remove_with_version" />
</testsuite><testsuite name="docker_plugin_update" tests="1" errors="0" failures="0" skipped="0" time="0"><testcase classname="DockerPluginUpdateTest" name="docker_plugin_update" />
</testsuite><testsuite name="invalid_device_id" tests="1" errors="0" failures="0" skipped="0" time="0"><testcase classname="InvalidDeviceId" name="invalid_device_id" />
</testsuite><testsuite name="local_mqtt_pub_fail_noqos" tests="1" errors="0" failures="0" skipped="0" time="0"><testcase classname="PySysTest" name="local_mqtt_pub_fail_noqos" />
</testsuite><testsuite name="local_mqtt_pub_fail_qos0" tests="1" errors="0" failures="0" skipped="0" time="0"><testcase classname="PySysTest" name="local_mqtt_pub_fail_qos0" />
</testsuite><testsuite name="local_mqtt_pub_fail_qos1" tests="1" errors="0" failures="0" skipped="0" time="0"><testcase classname="PySysTest" name="local_mqtt_pub_fail_qos1" />
</testsuite><testsuite name="local_mqtt_pub_fail_qos2" tests="1" errors="0" failures="0" skipped="0" time="0"><testcase classname="PySysTest" name="local_mqtt_pub_fail_qos2" />
</testsuite><testsuite name="local_mqtt_pub_sub" tests="1" errors="0" failures="0" skipped="0" time="0"><testcase classname="PySysTest" name="local_mqtt_pub_sub" />
</testsuite><testsuite name="local_mqtt_pub_sub_retain" tests="1" errors="0" failures="0" skipped="0" time="0"><testcase classname="MqttPublishWithRetain" name="local_mqtt_pub_sub_retain" />
</testsuite><testsuite name="local_mqtt_pub_sub_with_sudo" tests="1" errors="0" failures="0" skipped="0" time="0"><testcase classname="PySysTest" name="local_mqtt_pub_sub_with_sudo" />
</testsuite><testsuite name="local_mqtt_sub_fail" tests="1" errors="0" failures="0" skipped="0" time="0"><testcase classname="PySysTest" name="local_mqtt_sub_fail" />
</testsuite><testsuite name="log_request_error_messages" tests="1" errors="0" failures="0" skipped="0" time="0"><testcase classname="LogRequestVerifySearchTextError" name="log_request_error_messages" />
</testsuite><testsuite name="log_request_num_lines" tests="1" errors="0" failures="0" skipped="0" time="0"><testcase classname="LogRequestVerifyNumberOfLines" name="log_request_num_lines" />
</testsuite><testsuite name="mapper_awaits_before_reconnect" tests="1" errors="0" failures="1" skipped="0" time="0"><testcase classname="MapperReconnectAwait" name="mapper_awaits_before_reconnect">
		<failure message="FAILED: Line count on tedge_mapper_journal.out for &quot;tedge_mapper::mapper: MQTT connection error:&quot; expected &gt;=2 but got 0" type="FAILED" />
		<system-out>10:07:44 INFO  ==============================================================
10:07:44 INFO  Id:    mapper_awaits_before_reconnect
10:07:44 INFO  Dir:   tedge_mapper_c8y/
10:07:44 INFO  Title: Validate mapper doesn't reconnect too often
10:07:44 DEBUG Execution order hint: 0.0
10:07:44 INFO  ==============================================================
10:07:44 DEBUG --- test execute
10:07:44 DEBUG Process parameters for mosquitto_sub
  command line : /usr/bin/mosquitto_sub -i tedge-mapper-c8y -t test
    arg #1     : -i
    arg #2     : tedge-mapper-c8y
    arg #3     : -t
    arg #4     : test
  working dir  : /home/pi/actions-runner/_work/thin-edge.io/thin-edge.io/tests/PySys/tedge_mapper_c8y/mapper_awaits_before_reconnect/Output/linux
  stdout       : /home/pi/actions-runner/_work/thin-edge.io/thin-edge.io/tests/PySys/tedge_mapper_c8y/mapper_awaits_before_reconnect/Output/linux/mosquitto_sub.out
  stderr       : /home/pi/actions-runner/_work/thin-edge.io/thin-edge.io/tests/PySys/tedge_mapper_c8y/mapper_awaits_before_reconnect/Output/linux/mosquitto_sub.err
  environment  : LD_LIBRARY_PATH=/usr/lib
  environment  : PATH=/bin:/usr/bin:/usr/sbin:/usr/local/bin
                   #1  /bin
                   #2  /usr/bin
                   #3  /usr/sbin
                   #4  /usr/local/bin
10:07:44 INFO  Started mosquitto_sub with process id 30168
10:07:44 INFO  Waiting for 0.1 seconds
10:07:44 DEBUG Process parameters for sudo&lt;tedge_mapper&gt;
  command line : /usr/bin/sudo systemctl start tedge-mapper-c8y
    arg #1     : systemctl
    arg #2     : start
    arg #3     : tedge-mapper-c8y
  working dir  : /home/pi/actions-runner/_work/thin-edge.io/thin-edge.io/tests/PySys/tedge_mapper_c8y/mapper_awaits_before_reconnect/Output/linux
  stdout       : /home/pi/actions-runner/_work/thin-edge.io/thin-edge.io/tests/PySys/tedge_mapper_c8y/mapper_awaits_before_reconnect/Output/linux/tedge_mapper.out
  stderr       : /home/pi/actions-runner/_work/thin-edge.io/thin-edge.io/tests/PySys/tedge_mapper_c8y/mapper_awaits_before_reconnect/Output/linux/tedge_mapper.err
  environment  : LD_LIBRARY_PATH=/usr/lib
  environment  : PATH=/bin:/usr/bin:/usr/sbin:/usr/local/bin
                   #1  /bin
                   #2  /usr/bin
                   #3  /usr/sbin
                   #4  /usr/local/bin
10:07:44 DEBUG Waiting up to 600 secs for process sudo&lt;tedge_mapper&gt; (pid 30177)
10:07:44 INFO  Executed sudo&lt;tedge_mapper&gt;, exit status 0
10:07:44 INFO  Waiting for 5.0 seconds
10:07:49 DEBUG Process parameters for sudo&lt;tedge_mapper&gt;
  command line : /usr/bin/sudo systemctl stop tedge-mapper-c8y
    arg #1     : systemctl
    arg #2     : stop
    arg #3     : tedge-mapper-c8y
  working dir  : /home/pi/actions-runner/_work/thin-edge.io/thin-edge.io/tests/PySys/tedge_mapper_c8y/mapper_awaits_before_reconnect/Output/linux
  stdout       : /home/pi/actions-runner/_work/thin-edge.io/thin-edge.io/tests/PySys/tedge_mapper_c8y/mapper_awaits_before_reconnect/Output/linux/tedge_mapper.out
  stderr       : /home/pi/actions-runner/_work/thin-edge.io/thin-edge.io/tests/PySys/tedge_mapper_c8y/mapper_awaits_before_reconnect/Output/linux/tedge_mapper.err
  environment  : LD_LIBRARY_PATH=/usr/lib
  environment  : PATH=/bin:/usr/bin:/usr/sbin:/usr/local/bin
                   #1  /bin
                   #2  /usr/bin
                   #3  /usr/sbin
                   #4  /usr/local/bin
10:07:49 DEBUG Waiting up to 600 secs for process sudo&lt;tedge_mapper&gt; (pid 30200)
10:07:49 INFO  Executed sudo&lt;tedge_mapper&gt;, exit status 0
10:07:49 DEBUG --- test validate
10:07:49 DEBUG Process parameters for sudo&lt;tedge_mapper_journal&gt;
  command line : /usr/bin/sudo journalctl -u tedge-mapper-c8y.service --since '2022-03-31 10:07:44' --until '2022-03-31 10:07:49'
    arg #1     : journalctl
    arg #2     : -u
    arg #3     : tedge-mapper-c8y.service
    arg #4     : --since
    arg #5     : 2022-03-31 10:07:44
    arg #6     : --until
    arg #7     : 2022-03-31 10:07:49
  working dir  : /home/pi/actions-runner/_work/thin-edge.io/thin-edge.io/tests/PySys/tedge_mapper_c8y/mapper_awaits_before_reconnect/Output/linux
  stdout       : /home/pi/actions-runner/_work/thin-edge.io/thin-edge.io/tests/PySys/tedge_mapper_c8y/mapper_awaits_before_reconnect/Output/linux/tedge_mapper_journal.out
  stderr       : /home/pi/actions-runner/_work/thin-edge.io/thin-edge.io/tests/PySys/tedge_mapper_c8y/mapper_awaits_before_reconnect/Output/linux/tedge_mapper_journal.err
  environment  : LD_LIBRARY_PATH=/usr/lib
  environment  : PATH=/bin:/usr/bin:/usr/sbin:/usr/local/bin
                   #1  /bin
                   #2  /usr/bin
                   #3  /usr/sbin
                   #4  /usr/local/bin
10:07:49 DEBUG Waiting up to 600 secs for process sudo&lt;tedge_mapper_journal&gt; (pid 30202)
10:07:50 INFO  Executed sudo&lt;tedge_mapper_journal&gt;, exit status 0
10:07:50 DEBUG Performing regex contains=True grep on file: /home/pi/actions-runner/_work/thin-edge.io/thin-edge.io/tests/PySys/tedge_mapper_c8y/mapper_awaits_before_reconnect/Output/linux/tedge_mapper_journal.out
10:07:50 WARN  Grep on tedge_mapper_journal.out contains "ERROR" ... failed [run.py:59]
10:07:50 DEBUG Number of matching lines in /home/pi/actions-runner/_work/thin-edge.io/thin-edge.io/tests/PySys/tedge_mapper_c8y/mapper_awaits_before_reconnect/Output/linux/tedge_mapper_journal.out is 0
10:07:50 INFO  Line count on input file tedge_mapper_journal.out ... passed
10:07:50 DEBUG Number of matching lines in /home/pi/actions-runner/_work/thin-edge.io/thin-edge.io/tests/PySys/tedge_mapper_c8y/mapper_awaits_before_reconnect/Output/linux/tedge_mapper_journal.out is 0
10:07:50 WARN  Line count on tedge_mapper_journal.out for "tedge_mapper::mapper: MQTT connection error:" expected &gt;=2 but got 0 ... failed [run.py:70]
10:07:50 WARN  Aborted test due to FAILED outcome
10:07:50 DEBUG --- test cleanup
10:07:50 DEBUG Failed to kill process group (but process itself was killed fine) for mosquitto_sub: name 'SIGTERM' is not defined
10:07:50 DEBUG Waiting up to 30 secs for process mosquitto_sub (pid 30168)
10:07:50 DEBUG ProcessUser cleanup function done.
10:07:50 INFO  
10:07:50 INFO  Test duration: 6.10 secs
10:07:50 INFO  Test final outcome:  FAILED
10:07:50 INFO  Test outcome reason: Line count on tedge_mapper_journal.out for "tedge_mapper::mapper: MQTT connection error:" expected &gt;=2 but got 0
10:07:50 INFO  
</system-out>
	</testcase>
</testsuite><testsuite name="monitoring_smaller_interval" tests="1" errors="0" failures="0" skipped="0" time="0"><testcase classname="MonitoringSmallInterval" name="monitoring_smaller_interval" />
</testsuite><testsuite name="monitoring_with_collectd" tests="1" errors="0" failures="0" skipped="0" time="0"><testcase classname="MonitoringWithCollectd" name="monitoring_with_collectd" />
</testsuite><testsuite name="monitoring_with_simulated_messages" tests="1" errors="0" failures="0" skipped="0" time="0"><testcase classname="MonitoringWithSimulatedMessages" name="monitoring_with_simulated_messages" />
</testsuite><testsuite name="mqtt_port_change_connection_fails" tests="1" errors="0" failures="0" skipped="0" time="0"><testcase classname="MqttPortChangeConnectionFails" name="mqtt_port_change_connection_fails" />
</testsuite><testsuite name="mqtt_port_change_connection_works" tests="1" errors="0" failures="0" skipped="0" time="0"><testcase classname="MqttPortChangeConnectionWorks" name="mqtt_port_change_connection_works" />
</testsuite><testsuite name="mqtt_port_set" tests="1" errors="0" failures="0" skipped="0" time="0"><testcase classname="MqttPortSet" name="mqtt_port_set" />
</testsuite><testsuite name="mqtt_port_unset" tests="1" errors="0" failures="0" skipped="0" time="0"><testcase classname="MqttPortUnSet" name="mqtt_port_unset" />
</testsuite><testsuite name="publish_flux" tests="1" errors="0" failures="0" skipped="0" time="0"><testcase classname="PublishFlux" name="publish_flux" />
</testsuite><testsuite name="publish_sawmill" tests="1" errors="0" failures="0" skipped="0" time="0"><testcase classname="PublishSawmill" name="publish_sawmill" />
</testsuite><testsuite name="runtime_start_two_mappers" tests="1" errors="0" failures="0" skipped="0" time="0"><testcase classname="RuntimeMultiMappers" name="runtime_start_two_mappers" />
</testsuite><testsuite name="sm_tedge_mapper_init_session" tests="1" errors="0" failures="0" skipped="0" time="0"><testcase classname="TedgeSMMapperInitSession" name="sm_tedge_mapper_init_session" />
</testsuite><testsuite name="smoketest_json" tests="1" errors="0" failures="0" skipped="0" time="0"><testcase classname="SmokeTestJson" name="smoketest_json" />
</testsuite><testsuite name="smoketest_json_400_samples_10ms" tests="1" errors="0" failures="0" skipped="0" time="0"><testcase classname="SmoketestJson400Samples10ms" name="smoketest_json_400_samples_10ms" />
</testsuite><testsuite name="smoketest_json_400_samples_20ms" tests="1" errors="0" failures="0" skipped="0" time="0"><testcase classname="SmoketestJson400Samples20ms" name="smoketest_json_400_samples_20ms" />
</testsuite><testsuite name="smoketest_smartrest" tests="1" errors="0" failures="0" skipped="0" time="0"><testcase classname="SmoketestSmartRest" name="smoketest_smartrest" />
</testsuite><testsuite name="smoketest_smartrest_400_samples_1Xms" tests="1" errors="0" failures="0" skipped="0" time="0"><testcase classname="SmoketestSmartRest400Samples1Xms" name="smoketest_smartrest_400_samples_1Xms" />
</testsuite><testsuite name="smoketest_smartrest_400_samples_20ms" tests="1" errors="0" failures="0" skipped="0" time="0"><testcase classname="SmoketestSmartRest400Samples20ms" name="smoketest_smartrest_400_samples_20ms" />
</testsuite><testsuite name="tedge_agent_user_sudo_access" tests="1" errors="0" failures="0" skipped="0" time="0"><testcase classname="TedgeAgentUserSudoAccess" name="tedge_agent_user_sudo_access" />
</testsuite><testsuite name="tedge_connect_test_negative" tests="1" errors="0" failures="0" skipped="0" time="0"><testcase classname="TedgeConnectTestNegative" name="tedge_connect_test_negative" />
</testsuite><testsuite name="tedge_connect_test_positive" tests="1" errors="0" failures="0" skipped="0" time="0"><testcase classname="TedgeConnectTestPositive" name="tedge_connect_test_positive" />
</testsuite><testsuite name="tedge_connect_test_sm_services" tests="1" errors="0" failures="1" skipped="0" time="0"><testcase classname="TedgeConnectTestSMServices" name="tedge_connect_test_sm_services">
		<failure message="BLOCKED: Grep on tedge_connect.out contains &quot;tedge-mapper-c8y service successfully started and enabled!&quot; failed due to &lt;class 'pysys.exceptions.FileNotFoundException'&gt;: unable to find file &quot;/home/pi/actions-runner/_work/thin-edge.io/thin-edge.io/tests/PySys/tedge_connect/tedge_connect_test_sm_services/Output/linux/tedge_connect.out&quot;" type="BLOCKED" />
		<system-out>10:06:43 INFO  ==============================================================
10:06:43 INFO  Id:    tedge_connect_test_sm_services
10:06:43 INFO  Dir:   tedge_connect/
10:06:43 INFO  Title: Validate Software Management Services started and enabled on tedge connect c8y
10:06:43 DEBUG Execution order hint: 0.0
10:06:43 INFO  ==============================================================
10:06:43 DEBUG EnvironmentC8y Setup
10:06:43 INFO  EnvironmentC8y Setup
10:06:43 DEBUG Process parameters for systemctl&lt;serv_mapper1&gt;
  command line : /usr/bin/systemctl status tedge-mapper-c8y
    arg #1     : status
    arg #2     : tedge-mapper-c8y
  working dir  : /home/pi/actions-runner/_work/thin-edge.io/thin-edge.io/tests/PySys/tedge_connect/tedge_connect_test_sm_services/Output/linux
  stdout       : /home/pi/actions-runner/_work/thin-edge.io/thin-edge.io/tests/PySys/tedge_connect/tedge_connect_test_sm_services/Output/linux/serv_mapper1.out
  stderr       : /home/pi/actions-runner/_work/thin-edge.io/thin-edge.io/tests/PySys/tedge_connect/tedge_connect_test_sm_services/Output/linux/serv_mapper1.err
  environment  : LD_LIBRARY_PATH=/usr/lib
  environment  : PATH=/bin:/usr/bin:/usr/sbin:/usr/local/bin
                   #1  /bin
                   #2  /usr/bin
                   #3  /usr/sbin
                   #4  /usr/local/bin
10:06:43 DEBUG Waiting up to 600 secs for process systemctl&lt;serv_mapper1&gt; (pid 29531)
10:06:43 INFO  Executed systemctl&lt;serv_mapper1&gt;, exit status 3
10:06:43 INFO  Restarting mosquitto too frequently in the last 10 seconds. It was only up for 2 seconds
10:06:43 INFO  Delaying execution by 9 seconds
10:06:52 DEBUG Process parameters for sudo&lt;tedge_connect_c8y&gt;
  command line : /usr/bin/sudo /usr/bin/tedge connect c8y
    arg #1     : /usr/bin/tedge
    arg #2     : connect
    arg #3     : c8y
  working dir  : /home/pi/actions-runner/_work/thin-edge.io/thin-edge.io/tests/PySys/tedge_connect/tedge_connect_test_sm_services/Output/linux
  stdout       : /home/pi/actions-runner/_work/thin-edge.io/thin-edge.io/tests/PySys/tedge_connect/tedge_connect_test_sm_services/Output/linux/tedge_connect_c8y.out
  stderr       : /home/pi/actions-runner/_work/thin-edge.io/thin-edge.io/tests/PySys/tedge_connect/tedge_connect_test_sm_services/Output/linux/tedge_connect_c8y.err
  environment  : LD_LIBRARY_PATH=/usr/lib
  environment  : PATH=/bin:/usr/bin:/usr/sbin:/usr/local/bin
                   #1  /bin
                   #2  /usr/bin
                   #3  /usr/sbin
                   #4  /usr/local/bin
10:06:52 DEBUG Waiting up to 600 secs for process sudo&lt;tedge_connect_c8y&gt; (pid 29571)
10:07:03 INFO  Executed sudo&lt;tedge_connect_c8y&gt;, exit status 0
10:07:03 DEBUG Process parameters for sudo&lt;tedge_connect_c8y_test&gt;
  command line : /usr/bin/sudo /usr/bin/tedge connect c8y --test
    arg #1     : /usr/bin/tedge
    arg #2     : connect
    arg #3     : c8y
    arg #4     : --test
  working dir  : /home/pi/actions-runner/_work/thin-edge.io/thin-edge.io/tests/PySys/tedge_connect/tedge_connect_test_sm_services/Output/linux
  stdout       : /home/pi/actions-runner/_work/thin-edge.io/thin-edge.io/tests/PySys/tedge_connect/tedge_connect_test_sm_services/Output/linux/tedge_connect_c8y_test.out
  stderr       : /home/pi/actions-runner/_work/thin-edge.io/thin-edge.io/tests/PySys/tedge_connect/tedge_connect_test_sm_services/Output/linux/tedge_connect_c8y_test.err
  environment  : LD_LIBRARY_PATH=/usr/lib
  environment  : PATH=/bin:/usr/bin:/usr/sbin:/usr/local/bin
                   #1  /bin
                   #2  /usr/bin
                   #3  /usr/sbin
                   #4  /usr/local/bin
10:07:03 DEBUG Waiting up to 600 secs for process sudo&lt;tedge_connect_c8y_test&gt; (pid 29730)
10:07:03 INFO  Executed sudo&lt;tedge_connect_c8y_test&gt;, exit status 0
10:07:03 DEBUG Process parameters for systemctl&lt;serv_mosq2&gt;
  command line : /usr/bin/systemctl status mosquitto
    arg #1     : status
    arg #2     : mosquitto
  working dir  : /home/pi/actions-runner/_work/thin-edge.io/thin-edge.io/tests/PySys/tedge_connect/tedge_connect_test_sm_services/Output/linux
  stdout       : /home/pi/actions-runner/_work/thin-edge.io/thin-edge.io/tests/PySys/tedge_connect/tedge_connect_test_sm_services/Output/linux/serv_mosq2.out
  stderr       : /home/pi/actions-runner/_work/thin-edge.io/thin-edge.io/tests/PySys/tedge_connect/tedge_connect_test_sm_services/Output/linux/serv_mosq2.err
  environment  : LD_LIBRARY_PATH=/usr/lib
  environment  : PATH=/bin:/usr/bin:/usr/sbin:/usr/local/bin
                   #1  /bin
                   #2  /usr/bin
                   #3  /usr/sbin
                   #4  /usr/local/bin
10:07:03 DEBUG Waiting up to 600 secs for process systemctl&lt;serv_mosq2&gt; (pid 29732)
10:07:03 INFO  Executed systemctl&lt;serv_mosq2&gt;, exit status 0
10:07:03 DEBUG Process parameters for systemctl&lt;serv_mapper3&gt;
  command line : /usr/bin/systemctl status tedge-mapper-c8y
    arg #1     : status
    arg #2     : tedge-mapper-c8y
  working dir  : /home/pi/actions-runner/_work/thin-edge.io/thin-edge.io/tests/PySys/tedge_connect/tedge_connect_test_sm_services/Output/linux
  stdout       : /home/pi/actions-runner/_work/thin-edge.io/thin-edge.io/tests/PySys/tedge_connect/tedge_connect_test_sm_services/Output/linux/serv_mapper3.out
  stderr       : /home/pi/actions-runner/_work/thin-edge.io/thin-edge.io/tests/PySys/tedge_connect/tedge_connect_test_sm_services/Output/linux/serv_mapper3.err
  environment  : LD_LIBRARY_PATH=/usr/lib
  environment  : PATH=/bin:/usr/bin:/usr/sbin:/usr/local/bin
                   #1  /bin
                   #2  /usr/bin
                   #3  /usr/sbin
                   #4  /usr/local/bin
10:07:03 DEBUG Waiting up to 600 secs for process systemctl&lt;serv_mapper3&gt; (pid 29737)
10:07:04 INFO  Executed systemctl&lt;serv_mapper3&gt;, exit status 0
10:07:04 DEBUG --- test execute
10:07:04 DEBUG EnvironmentC8y Execute
10:07:04 DEBUG --- test validate
10:07:04 DEBUG EnvironmentC8y Validate
10:07:04 DEBUG Process parameters for systemctl&lt;serv_mosq&gt;
  command line : /usr/bin/systemctl status mosquitto
    arg #1     : status
    arg #2     : mosquitto
  working dir  : /home/pi/actions-runner/_work/thin-edge.io/thin-edge.io/tests/PySys/tedge_connect/tedge_connect_test_sm_services/Output/linux
  stdout       : /home/pi/actions-runner/_work/thin-edge.io/thin-edge.io/tests/PySys/tedge_connect/tedge_connect_test_sm_services/Output/linux/serv_mosq.out
  stderr       : /home/pi/actions-runner/_work/thin-edge.io/thin-edge.io/tests/PySys/tedge_connect/tedge_connect_test_sm_services/Output/linux/serv_mosq.err
  environment  : LD_LIBRARY_PATH=/usr/lib
  environment  : PATH=/bin:/usr/bin:/usr/sbin:/usr/local/bin
                   #1  /bin
                   #2  /usr/bin
                   #3  /usr/sbin
                   #4  /usr/local/bin
10:07:04 DEBUG Waiting up to 600 secs for process systemctl&lt;serv_mosq&gt; (pid 29738)
10:07:04 INFO  Executed systemctl&lt;serv_mosq&gt;, exit status 0
10:07:04 DEBUG Process parameters for systemctl&lt;serv_mapper4&gt;
  command line : /usr/bin/systemctl status tedge-mapper-c8y
    arg #1     : status
    arg #2     : tedge-mapper-c8y
  working dir  : /home/pi/actions-runner/_work/thin-edge.io/thin-edge.io/tests/PySys/tedge_connect/tedge_connect_test_sm_services/Output/linux
  stdout       : /home/pi/actions-runner/_work/thin-edge.io/thin-edge.io/tests/PySys/tedge_connect/tedge_connect_test_sm_services/Output/linux/serv_mapper4.out
  stderr       : /home/pi/actions-runner/_work/thin-edge.io/thin-edge.io/tests/PySys/tedge_connect/tedge_connect_test_sm_services/Output/linux/serv_mapper4.err
  environment  : LD_LIBRARY_PATH=/usr/lib
  environment  : PATH=/bin:/usr/bin:/usr/sbin:/usr/local/bin
                   #1  /bin
                   #2  /usr/bin
                   #3  /usr/sbin
                   #4  /usr/local/bin
10:07:04 DEBUG Waiting up to 600 secs for process systemctl&lt;serv_mapper4&gt; (pid 29739)
10:07:04 INFO  Executed systemctl&lt;serv_mapper4&gt;, exit status 0
10:07:04 INFO  Validate
10:07:04 DEBUG Performing regex contains=True grep on file: /home/pi/actions-runner/_work/thin-edge.io/thin-edge.io/tests/PySys/tedge_connect/tedge_connect_test_sm_services/Output/linux/tedge_connect_c8y.out
10:07:04 DEBUG Grep on input file tedge_connect_c8y.out successfully matched expression "tedge-agent service successfully started and enabled!" with line: 'tedge-agent service successfully started and enabled!\n'
10:07:04 INFO  Grep on input file tedge_connect_c8y.out ... passed
10:07:04 DEBUG Performing regex contains=True grep on file: /home/pi/actions-runner/_work/thin-edge.io/thin-edge.io/tests/PySys/tedge_connect/tedge_connect_test_sm_services/Output/linux/tedge_connect.out
10:07:04 WARN  caught &lt;class 'pysys.exceptions.FileNotFoundException'&gt;: unable to find file "/home/pi/actions-runner/_work/thin-edge.io/thin-edge.io/tests/PySys/tedge_connect/tedge_connect_test_sm_services/Output/linux/tedge_connect.out"
Traceback (most recent call last):
  File "/home/pi/env-pysys/lib/python3.7/site-packages/pysys/basetest.py", line 1203, in assertGrep
    result = getmatches(f, expr, ignores=ignores, returnFirstOnly=(contains==True), encoding=encoding or self.getDefaultFileEncoding(f), flags=reFlags, mappers=mappers)
  File "/home/pi/env-pysys/lib/python3.7/site-packages/pysys/utils/filegrep.py", line 59, in getmatches
    raise FileNotFoundException("unable to find file \"%s\"" % (file))
pysys.exceptions.FileNotFoundException: unable to find file "/home/pi/actions-runner/_work/thin-edge.io/thin-edge.io/tests/PySys/tedge_connect/tedge_connect_test_sm_services/Output/linux/tedge_connect.out"
10:07:04 WARN  Grep on tedge_connect.out contains "tedge-mapper-c8y service successfully started and enabled!" failed due to &lt;class 'pysys.exceptions.FileNotFoundException'&gt;: unable to find file "/home/pi/actions-runner/_work/thin-edge.io/thin-edge.io/tests/PySys/tedge_connect/tedge_connect_test_sm_services/Output/linux/tedge_connect.out" ... blocked [run.py:37]
10:07:04 DEBUG --- test cleanup
10:07:04 INFO  
10:07:04 INFO  cleanup:
10:07:04 DEBUG Running registered cleanup function: &lt;bound method EnvironmentC8y.myenvcleanup of &lt;TedgeConnectTestSMServices object at 0x7523f5b0&gt;&gt;
10:07:04 DEBUG EnvironmentC8y Cleanup
10:07:04 DEBUG Process parameters for sudo&lt;tedge_disconnect_c8y&gt;
  command line : /usr/bin/sudo /usr/bin/tedge disconnect c8y
    arg #1     : /usr/bin/tedge
    arg #2     : disconnect
    arg #3     : c8y
  working dir  : /home/pi/actions-runner/_work/thin-edge.io/thin-edge.io/tests/PySys/tedge_connect/tedge_connect_test_sm_services/Output/linux
  stdout       : /home/pi/actions-runner/_work/thin-edge.io/thin-edge.io/tests/PySys/tedge_connect/tedge_connect_test_sm_services/Output/linux/tedge_disconnect_c8y.out
  stderr       : /home/pi/actions-runner/_work/thin-edge.io/thin-edge.io/tests/PySys/tedge_connect/tedge_connect_test_sm_services/Output/linux/tedge_disconnect_c8y.err
  environment  : LD_LIBRARY_PATH=/usr/lib
  environment  : PATH=/bin:/usr/bin:/usr/sbin:/usr/local/bin
                   #1  /bin
                   #2  /usr/bin
                   #3  /usr/sbin
                   #4  /usr/local/bin
10:07:04 DEBUG Waiting up to 600 secs for process sudo&lt;tedge_disconnect_c8y&gt; (pid 29743)
10:07:07 INFO  Executed sudo&lt;tedge_disconnect_c8y&gt;, exit status 0
10:07:07 DEBUG Process parameters for systemctl&lt;serv_mapper5&gt;
  command line : /usr/bin/systemctl status tedge-mapper-c8y
    arg #1     : status
    arg #2     : tedge-mapper-c8y
  working dir  : /home/pi/actions-runner/_work/thin-edge.io/thin-edge.io/tests/PySys/tedge_connect/tedge_connect_test_sm_services/Output/linux
  stdout       : /home/pi/actions-runner/_work/thin-edge.io/thin-edge.io/tests/PySys/tedge_connect/tedge_connect_test_sm_services/Output/linux/serv_mapper5.out
  stderr       : /home/pi/actions-runner/_work/thin-edge.io/thin-edge.io/tests/PySys/tedge_connect/tedge_connect_test_sm_services/Output/linux/serv_mapper5.err
  environment  : LD_LIBRARY_PATH=/usr/lib
  environment  : PATH=/bin:/usr/bin:/usr/sbin:/usr/local/bin
                   #1  /bin
                   #2  /usr/bin
                   #3  /usr/sbin
                   #4  /usr/local/bin
10:07:07 DEBUG Waiting up to 600 secs for process systemctl&lt;serv_mapper5&gt; (pid 29795)
10:07:07 INFO  Executed systemctl&lt;serv_mapper5&gt;, exit status 3
10:07:07 DEBUG ProcessUser cleanup function done.
10:07:07 INFO  
10:07:07 INFO  Test duration: 24.19 secs
10:07:07 INFO  Test final outcome:  BLOCKED
10:07:07 INFO  Test outcome reason: Grep on tedge_connect.out contains "tedge-mapper-c8y service successfully started and enabled!" failed due to &lt;class 'pysys.exceptions.FileNotFoundException'&gt;: unable to find file "/home/pi/actions-runner/_work/thin-edge.io/thin-edge.io/tests/PySys/tedge_connect/tedge_connect_test_sm_services/Output/linux/tedge_connect.out"
10:07:07 INFO  
</system-out>
	</testcase>
</testsuite><testsuite name="tedge_disconnect_test_sm_services" tests="1" errors="0" failures="0" skipped="0" time="0"><testcase classname="TedgeDisConnectTestSMServices" name="tedge_disconnect_test_sm_services" />
</testsuite><testsuite name="tedge_mapper_az_negative" tests="1" errors="0" failures="0" skipped="0" time="0"><testcase classname="TedgeMapperAzError" name="tedge_mapper_az_negative" />
</testsuite><testsuite name="tedge_mapper_az_with_timestamp" tests="1" errors="0" failures="0" skipped="0" time="0"><testcase classname="TedgeMapperAzWithTimestamp" name="tedge_mapper_az_with_timestamp" />
</testsuite><testsuite name="tedge_mapper_az_without_timestamp" tests="1" errors="0" failures="0" skipped="0" time="0"><testcase classname="TedgeMapperAzWithoutTimestamp" name="tedge_mapper_az_without_timestamp" />
</testsuite><testsuite name="tedge_mapper_c8y_alarms" tests="1" errors="0" failures="0" skipped="0" time="0"><testcase classname="TedgeMapperC8yAlarm" name="tedge_mapper_c8y_alarms" />
</testsuite><testsuite name="tedge_mapper_c8y_child_device_measurement" tests="1" errors="0" failures="0" skipped="0" time="0"><testcase classname="TedgeMapperC8yChildDevice" name="tedge_mapper_c8y_child_device_measurement" />
</testsuite><testsuite name="tedge_mapper_c8y_negative" tests="1" errors="0" failures="1" skipped="0" time="0"><testcase classname="TedgeMapperC8y" name="tedge_mapper_c8y_negative">
		<failure message="FAILED: Grep on tedge_sub.out contains &quot;Invalid JSON&quot;" type="FAILED" />
		<system-out>10:09:05 INFO  ==============================================================
10:09:05 INFO  Id:    tedge_mapper_c8y_negative
10:09:05 INFO  Dir:   tedge_mapper_c8y/
10:09:05 INFO  Title: Validate the Cumulocity Mapper that publishes an error message on tedge/errors when it receives an invalid JSON message on tedge/measurements
10:09:05 DEBUG Execution order hint: 0.0
10:09:05 INFO  ==============================================================
10:09:05 DEBUG Process parameters for sudo&lt;tedge_mapper_c8y&gt;
  command line : /usr/bin/sudo systemctl start tedge-mapper-c8y
    arg #1     : systemctl
    arg #2     : start
    arg #3     : tedge-mapper-c8y
  working dir  : /home/pi/actions-runner/_work/thin-edge.io/thin-edge.io/tests/PySys/tedge_mapper_c8y/tedge_mapper_c8y_negative/Output/linux
  stdout       : /home/pi/actions-runner/_work/thin-edge.io/thin-edge.io/tests/PySys/tedge_mapper_c8y/tedge_mapper_c8y_negative/Output/linux/tedge_mapper_c8y.out
  stderr       : /home/pi/actions-runner/_work/thin-edge.io/thin-edge.io/tests/PySys/tedge_mapper_c8y/tedge_mapper_c8y_negative/Output/linux/tedge_mapper_c8y.err
  environment  : LD_LIBRARY_PATH=/usr/lib
  environment  : PATH=/bin:/usr/bin:/usr/sbin:/usr/local/bin
                   #1  /bin
                   #2  /usr/bin
                   #3  /usr/sbin
                   #4  /usr/local/bin
10:09:05 DEBUG Waiting up to 600 secs for process sudo&lt;tedge_mapper_c8y&gt; (pid 31094)
10:09:05 INFO  Executed sudo&lt;tedge_mapper_c8y&gt;, exit status 0
10:09:05 DEBUG --- test execute
10:09:05 DEBUG Process parameters for sudo&lt;tedge_sub&gt;
  command line : /usr/bin/sudo /usr/bin/tedge mqtt sub --no-topic tedge/errors
    arg #1     : /usr/bin/tedge
    arg #2     : mqtt
    arg #3     : sub
    arg #4     : --no-topic
    arg #5     : tedge/errors
  working dir  : /home/pi/actions-runner/_work/thin-edge.io/thin-edge.io/tests/PySys/tedge_mapper_c8y/tedge_mapper_c8y_negative/Output/linux
  stdout       : /home/pi/actions-runner/_work/thin-edge.io/thin-edge.io/tests/PySys/tedge_mapper_c8y/tedge_mapper_c8y_negative/Output/linux/tedge_sub.out
  stderr       : /home/pi/actions-runner/_work/thin-edge.io/thin-edge.io/tests/PySys/tedge_mapper_c8y/tedge_mapper_c8y_negative/Output/linux/tedge_sub.err
  environment  : LD_LIBRARY_PATH=/usr/lib
  environment  : PATH=/bin:/usr/bin:/usr/sbin:/usr/local/bin
                   #1  /bin
                   #2  /usr/bin
                   #3  /usr/sbin
                   #4  /usr/local/bin
10:09:05 INFO  Started sudo&lt;tedge_sub&gt; with process id 31101
10:09:05 DEBUG Process parameters for sudo&lt;tedge_temp&gt;
  command line : /usr/bin/sudo /usr/bin/tedge mqtt pub tedge/measurements '{'
    arg #1     : /usr/bin/tedge
    arg #2     : mqtt
    arg #3     : pub
    arg #4     : tedge/measurements
    arg #5     : {
  working dir  : /home/pi/actions-runner/_work/thin-edge.io/thin-edge.io/tests/PySys/tedge_mapper_c8y/tedge_mapper_c8y_negative/Output/linux
  stdout       : /home/pi/actions-runner/_work/thin-edge.io/thin-edge.io/tests/PySys/tedge_mapper_c8y/tedge_mapper_c8y_negative/Output/linux/tedge_temp.out
  stderr       : /home/pi/actions-runner/_work/thin-edge.io/thin-edge.io/tests/PySys/tedge_mapper_c8y/tedge_mapper_c8y_negative/Output/linux/tedge_temp.err
  environment  : LD_LIBRARY_PATH=/usr/lib
  environment  : PATH=/bin:/usr/bin:/usr/sbin:/usr/local/bin
                   #1  /bin
                   #2  /usr/bin
                   #3  /usr/sbin
                   #4  /usr/local/bin
10:09:05 DEBUG Waiting up to 600 secs for process sudo&lt;tedge_temp&gt; (pid 31102)
10:09:06 INFO  Executed sudo&lt;tedge_temp&gt;, exit status 0
10:09:06 DEBUG Process parameters for sudo&lt;kill_out&gt;
  command line : /usr/bin/sudo killall tedge
    arg #1     : killall
    arg #2     : tedge
  working dir  : /home/pi/actions-runner/_work/thin-edge.io/thin-edge.io/tests/PySys/tedge_mapper_c8y/tedge_mapper_c8y_negative/Output/linux
  stdout       : /home/pi/actions-runner/_work/thin-edge.io/thin-edge.io/tests/PySys/tedge_mapper_c8y/tedge_mapper_c8y_negative/Output/linux/kill_out.out
  stderr       : /home/pi/actions-runner/_work/thin-edge.io/thin-edge.io/tests/PySys/tedge_mapper_c8y/tedge_mapper_c8y_negative/Output/linux/kill_out.err
  environment  : LD_LIBRARY_PATH=/usr/lib
  environment  : PATH=/bin:/usr/bin:/usr/sbin:/usr/local/bin
                   #1  /bin
                   #2  /usr/bin
                   #3  /usr/sbin
                   #4  /usr/local/bin
10:09:06 DEBUG Waiting up to 600 secs for process sudo&lt;kill_out&gt; (pid 31105)
10:09:06 INFO  Executed sudo&lt;kill_out&gt;, exit status 0
10:09:06 DEBUG --- test validate
10:09:06 DEBUG Performing regex contains=True grep on file: /home/pi/actions-runner/_work/thin-edge.io/thin-edge.io/tests/PySys/tedge_mapper_c8y/tedge_mapper_c8y_negative/Output/linux/tedge_sub.out
10:09:06 WARN  Grep on tedge_sub.out contains "Invalid JSON" ... failed [run.py:63]
10:09:06 DEBUG --- test cleanup
10:09:06 INFO  
10:09:06 INFO  cleanup:
10:09:06 DEBUG Running registered cleanup function: &lt;bound method TedgeMapperC8y.mapper_cleanup of &lt;TedgeMapperC8y object at 0x74fc3e30&gt;&gt;
10:09:06 INFO  mapper_cleanup
10:09:06 DEBUG Process parameters for sudo&lt;tedge_mapper_c8y&gt;
  command line : /usr/bin/sudo systemctl stop tedge-mapper-c8y
    arg #1     : systemctl
    arg #2     : stop
    arg #3     : tedge-mapper-c8y
  working dir  : /home/pi/actions-runner/_work/thin-edge.io/thin-edge.io/tests/PySys/tedge_mapper_c8y/tedge_mapper_c8y_negative/Output/linux
  stdout       : /home/pi/actions-runner/_work/thin-edge.io/thin-edge.io/tests/PySys/tedge_mapper_c8y/tedge_mapper_c8y_negative/Output/linux/tedge_mapper_c8y.out
  stderr       : /home/pi/actions-runner/_work/thin-edge.io/thin-edge.io/tests/PySys/tedge_mapper_c8y/tedge_mapper_c8y_negative/Output/linux/tedge_mapper_c8y.err
  environment  : LD_LIBRARY_PATH=/usr/lib
  environment  : PATH=/bin:/usr/bin:/usr/sbin:/usr/local/bin
                   #1  /bin
                   #2  /usr/bin
                   #3  /usr/sbin
                   #4  /usr/local/bin
10:09:06 DEBUG Waiting up to 600 secs for process sudo&lt;tedge_mapper_c8y&gt; (pid 31107)
10:09:06 INFO  Executed sudo&lt;tedge_mapper_c8y&gt;, exit status 0
10:09:06 DEBUG ProcessUser cleanup function done.
10:09:06 INFO  
10:09:06 INFO  Test duration: 1.19 secs
10:09:06 INFO  Test final outcome:  FAILED
10:09:06 INFO  Test outcome reason: Grep on tedge_sub.out contains "Invalid JSON"
10:09:06 INFO  
</system-out>
	</testcase>
</testsuite><testsuite name="tedge_mapper_c8y_packet_threshold_size" tests="1" errors="0" failures="1" skipped="0" time="0"><testcase classname="TedgeMapperC8yThresholdPacketSize" name="tedge_mapper_c8y_packet_threshold_size">
		<failure message="FAILED: Grep on tedge_sub.out contains &quot;The input size 20489 is too big. The threshold is 16384.&quot;" type="FAILED" />
		<system-out>10:09:06 INFO  ==============================================================
10:09:06 INFO  Id:    tedge_mapper_c8y_packet_threshold_size
10:09:06 INFO  Dir:   tedge_mapper_c8y/
10:09:06 INFO  Title: Validate the Cumulocity Mapper accepted threshold packet size when it receives a message on tedge/measurements
10:09:06 DEBUG Execution order hint: 0.0
10:09:06 INFO  ==============================================================
10:09:06 DEBUG Process parameters for sudo&lt;tedge_mapper_c8y&gt;
  command line : /usr/bin/sudo systemctl start tedge-mapper-c8y
    arg #1     : systemctl
    arg #2     : start
    arg #3     : tedge-mapper-c8y
  working dir  : /home/pi/actions-runner/_work/thin-edge.io/thin-edge.io/tests/PySys/tedge_mapper_c8y/tedge_mapper_c8y_packet_threshold_size/Output/linux
  stdout       : /home/pi/actions-runner/_work/thin-edge.io/thin-edge.io/tests/PySys/tedge_mapper_c8y/tedge_mapper_c8y_packet_threshold_size/Output/linux/tedge_mapper_c8y.out
  stderr       : /home/pi/actions-runner/_work/thin-edge.io/thin-edge.io/tests/PySys/tedge_mapper_c8y/tedge_mapper_c8y_packet_threshold_size/Output/linux/tedge_mapper_c8y.err
  environment  : LD_LIBRARY_PATH=/usr/lib
  environment  : PATH=/bin:/usr/bin:/usr/sbin:/usr/local/bin
                   #1  /bin
                   #2  /usr/bin
                   #3  /usr/sbin
                   #4  /usr/local/bin
10:09:06 DEBUG Waiting up to 600 secs for process sudo&lt;tedge_mapper_c8y&gt; (pid 31110)
10:09:07 INFO  Executed sudo&lt;tedge_mapper_c8y&gt;, exit status 0
10:09:07 DEBUG --- test execute
10:09:07 DEBUG Process parameters for sudo&lt;tedge_sub&gt;
  command line : /usr/bin/sudo /usr/bin/tedge mqtt sub --no-topic tedge/errors
    arg #1     : /usr/bin/tedge
    arg #2     : mqtt
    arg #3     : sub
    arg #4     : --no-topic
    arg #5     : tedge/errors
  working dir  : /home/pi/actions-runner/_work/thin-edge.io/thin-edge.io/tests/PySys/tedge_mapper_c8y/tedge_mapper_c8y_packet_threshold_size/Output/linux
  stdout       : /home/pi/actions-runner/_work/thin-edge.io/thin-edge.io/tests/PySys/tedge_mapper_c8y/tedge_mapper_c8y_packet_threshold_size/Output/linux/tedge_sub.out
  stderr       : /home/pi/actions-runner/_work/thin-edge.io/thin-edge.io/tests/PySys/tedge_mapper_c8y/tedge_mapper_c8y_packet_threshold_size/Output/linux/tedge_sub.err
  environment  : LD_LIBRARY_PATH=/usr/lib
  environment  : PATH=/bin:/usr/bin:/usr/sbin:/usr/local/bin
                   #1  /bin
                   #2  /usr/bin
                   #3  /usr/sbin
                   #4  /usr/local/bin
10:09:07 INFO  Started sudo&lt;tedge_sub&gt; with process id 31118
10:09:07 DEBUG Process parameters for sudo&lt;tedge_msg&gt;
  command line : /usr/bin/sudo dd if=/dev/zero of=/tmp/big_message.txt bs=10 count=1 seek=2048
    arg #1     : dd
    arg #2     : if=/dev/zero
    arg #3     : of=/tmp/big_message.txt
    arg #4     : bs=10
    arg #5     : count=1
    arg #6     : seek=2048
  working dir  : /home/pi/actions-runner/_work/thin-edge.io/thin-edge.io/tests/PySys/tedge_mapper_c8y/tedge_mapper_c8y_packet_threshold_size/Output/linux
  stdout       : /home/pi/actions-runner/_work/thin-edge.io/thin-edge.io/tests/PySys/tedge_mapper_c8y/tedge_mapper_c8y_packet_threshold_size/Output/linux/tedge_msg.out
  stderr       : /home/pi/actions-runner/_work/thin-edge.io/thin-edge.io/tests/PySys/tedge_mapper_c8y/tedge_mapper_c8y_packet_threshold_size/Output/linux/tedge_msg.err
  environment  : LD_LIBRARY_PATH=/usr/lib
  environment  : PATH=/bin:/usr/bin:/usr/sbin:/usr/local/bin
                   #1  /bin
                   #2  /usr/bin
                   #3  /usr/sbin
                   #4  /usr/local/bin
10:09:07 DEBUG Waiting up to 600 secs for process sudo&lt;tedge_msg&gt; (pid 31119)
10:09:07 INFO  Executed sudo&lt;tedge_msg&gt;, exit status 0
10:09:07 DEBUG Process parameters for sudo&lt;tedge_pub&gt;
  command line : /usr/bin/sudo /usr/bin/mosquitto_pub -t tedge/measurements -f /tmp/big_message.txt
    arg #1     : /usr/bin/mosquitto_pub
    arg #2     : -t
    arg #3     : tedge/measurements
    arg #4     : -f
    arg #5     : /tmp/big_message.txt
  working dir  : /home/pi/actions-runner/_work/thin-edge.io/thin-edge.io/tests/PySys/tedge_mapper_c8y/tedge_mapper_c8y_packet_threshold_size/Output/linux
  stdout       : /home/pi/actions-runner/_work/thin-edge.io/thin-edge.io/tests/PySys/tedge_mapper_c8y/tedge_mapper_c8y_packet_threshold_size/Output/linux/tedge_pub.out
  stderr       : /home/pi/actions-runner/_work/thin-edge.io/thin-edge.io/tests/PySys/tedge_mapper_c8y/tedge_mapper_c8y_packet_threshold_size/Output/linux/tedge_pub.err
  environment  : LD_LIBRARY_PATH=/usr/lib
  environment  : PATH=/bin:/usr/bin:/usr/sbin:/usr/local/bin
                   #1  /bin
                   #2  /usr/bin
                   #3  /usr/sbin
                   #4  /usr/local/bin
10:09:07 DEBUG Waiting up to 600 secs for process sudo&lt;tedge_pub&gt; (pid 31122)
10:09:07 INFO  Executed sudo&lt;tedge_pub&gt;, exit status 0
10:09:07 DEBUG Process parameters for sudo&lt;kill_out&gt;
  command line : /usr/bin/sudo killall tedge
    arg #1     : killall
    arg #2     : tedge
  working dir  : /home/pi/actions-runner/_work/thin-edge.io/thin-edge.io/tests/PySys/tedge_mapper_c8y/tedge_mapper_c8y_packet_threshold_size/Output/linux
  stdout       : /home/pi/actions-runner/_work/thin-edge.io/thin-edge.io/tests/PySys/tedge_mapper_c8y/tedge_mapper_c8y_packet_threshold_size/Output/linux/kill_out.out
  stderr       : /home/pi/actions-runner/_work/thin-edge.io/thin-edge.io/tests/PySys/tedge_mapper_c8y/tedge_mapper_c8y_packet_threshold_size/Output/linux/kill_out.err
  environment  : LD_LIBRARY_PATH=/usr/lib
  environment  : PATH=/bin:/usr/bin:/usr/sbin:/usr/local/bin
                   #1  /bin
                   #2  /usr/bin
                   #3  /usr/sbin
                   #4  /usr/local/bin
10:09:07 DEBUG Waiting up to 600 secs for process sudo&lt;kill_out&gt; (pid 31124)
10:09:08 INFO  Executed sudo&lt;kill_out&gt;, exit status 0
10:09:08 DEBUG --- test validate
10:09:08 DEBUG Performing regex contains=True grep on file: /home/pi/actions-runner/_work/thin-edge.io/thin-edge.io/tests/PySys/tedge_mapper_c8y/tedge_mapper_c8y_packet_threshold_size/Output/linux/tedge_sub.out
10:09:08 WARN  Grep on tedge_sub.out contains "The input size 20489 is too big. The threshold is 16384." ... failed [run.py:71]
10:09:08 DEBUG --- test cleanup
10:09:08 INFO  
10:09:08 INFO  cleanup:
10:09:08 DEBUG Running registered cleanup function: &lt;bound method TedgeMapperC8yThresholdPacketSize.mapper_cleanup of &lt;TedgeMapperC8yThresholdPacketSize object at 0x75305cb0&gt;&gt;
10:09:08 INFO  mapper_cleanup
10:09:08 DEBUG Process parameters for sudo&lt;tedge_mapper_c8y&gt;
  command line : /usr/bin/sudo systemctl stop tedge-mapper-c8y
    arg #1     : systemctl
    arg #2     : stop
    arg #3     : tedge-mapper-c8y
  working dir  : /home/pi/actions-runner/_work/thin-edge.io/thin-edge.io/tests/PySys/tedge_mapper_c8y/tedge_mapper_c8y_packet_threshold_size/Output/linux
  stdout       : /home/pi/actions-runner/_work/thin-edge.io/thin-edge.io/tests/PySys/tedge_mapper_c8y/tedge_mapper_c8y_packet_threshold_size/Output/linux/tedge_mapper_c8y.out
  stderr       : /home/pi/actions-runner/_work/thin-edge.io/thin-edge.io/tests/PySys/tedge_mapper_c8y/tedge_mapper_c8y_packet_threshold_size/Output/linux/tedge_mapper_c8y.err
  environment  : LD_LIBRARY_PATH=/usr/lib
  environment  : PATH=/bin:/usr/bin:/usr/sbin:/usr/local/bin
                   #1  /bin
                   #2  /usr/bin
                   #3  /usr/sbin
                   #4  /usr/local/bin
10:09:08 DEBUG Waiting up to 600 secs for process sudo&lt;tedge_mapper_c8y&gt; (pid 31126)
10:09:08 INFO  Executed sudo&lt;tedge_mapper_c8y&gt;, exit status 0
10:09:08 DEBUG ProcessUser cleanup function done.
10:09:08 INFO  
10:09:08 INFO  Test duration: 1.51 secs
10:09:08 INFO  Test final outcome:  FAILED
10:09:08 INFO  Test outcome reason: Grep on tedge_sub.out contains "The input size 20489 is too big. The threshold is 16384."
10:09:08 INFO  
</system-out>
	</testcase>
</testsuite><testsuite name="tedge_mapper_c8y_positive" tests="1" errors="0" failures="1" skipped="0" time="0"><testcase classname="TedgeMapperC8y" name="tedge_mapper_c8y_positive">
		<failure message="BLOCKED: JSONDecodeError: Expecting value: line 1 column 1 (char 0)" type="BLOCKED" />
		<system-out>10:09:08 INFO  ==============================================================
10:09:08 INFO  Id:    tedge_mapper_c8y_positive
10:09:08 INFO  Dir:   tedge_mapper_c8y/
10:09:08 INFO  Title: Validate the Cumulocity Mapper that publishes a Thin Edge JSON message on c8y/measurement/measurements/create when it receives a valid JSON message on tedge/measurements
10:09:08 DEBUG Execution order hint: 0.0
10:09:08 INFO  ==============================================================
10:09:08 DEBUG Process parameters for sudo&lt;tedge_mapper_c8y&gt;
  command line : /usr/bin/sudo systemctl start tedge-mapper-c8y
    arg #1     : systemctl
    arg #2     : start
    arg #3     : tedge-mapper-c8y
  working dir  : /home/pi/actions-runner/_work/thin-edge.io/thin-edge.io/tests/PySys/tedge_mapper_c8y/tedge_mapper_c8y_positive/Output/linux
  stdout       : /home/pi/actions-runner/_work/thin-edge.io/thin-edge.io/tests/PySys/tedge_mapper_c8y/tedge_mapper_c8y_positive/Output/linux/tedge_mapper_c8y.out
  stderr       : /home/pi/actions-runner/_work/thin-edge.io/thin-edge.io/tests/PySys/tedge_mapper_c8y/tedge_mapper_c8y_positive/Output/linux/tedge_mapper_c8y.err
  environment  : LD_LIBRARY_PATH=/usr/lib
  environment  : PATH=/bin:/usr/bin:/usr/sbin:/usr/local/bin
                   #1  /bin
                   #2  /usr/bin
                   #3  /usr/sbin
                   #4  /usr/local/bin
10:09:08 DEBUG Waiting up to 600 secs for process sudo&lt;tedge_mapper_c8y&gt; (pid 31128)
10:09:08 INFO  Executed sudo&lt;tedge_mapper_c8y&gt;, exit status 0
10:09:08 DEBUG --- test execute
10:09:08 DEBUG Process parameters for sudo&lt;tedge_sub&gt;
  command line : /usr/bin/sudo /usr/bin/tedge mqtt sub --no-topic c8y/measurement/measurements/create
    arg #1     : /usr/bin/tedge
    arg #2     : mqtt
    arg #3     : sub
    arg #4     : --no-topic
    arg #5     : c8y/measurement/measurements/create
  working dir  : /home/pi/actions-runner/_work/thin-edge.io/thin-edge.io/tests/PySys/tedge_mapper_c8y/tedge_mapper_c8y_positive/Output/linux
  stdout       : /home/pi/actions-runner/_work/thin-edge.io/thin-edge.io/tests/PySys/tedge_mapper_c8y/tedge_mapper_c8y_positive/Output/linux/tedge_sub.out
  stderr       : /home/pi/actions-runner/_work/thin-edge.io/thin-edge.io/tests/PySys/tedge_mapper_c8y/tedge_mapper_c8y_positive/Output/linux/tedge_sub.err
  environment  : LD_LIBRARY_PATH=/usr/lib
  environment  : PATH=/bin:/usr/bin:/usr/sbin:/usr/local/bin
                   #1  /bin
                   #2  /usr/bin
                   #3  /usr/sbin
                   #4  /usr/local/bin
10:09:08 INFO  Started sudo&lt;tedge_sub&gt; with process id 31147
10:09:08 DEBUG Process parameters for sudo&lt;tedge_temp&gt;
  command line : /usr/bin/sudo /usr/bin/tedge mqtt pub tedge/measurements '{"temperature": 12, "time": "2021-06-15T17:01:15.806181503+02:00"}'
    arg #1     : /usr/bin/tedge
    arg #2     : mqtt
    arg #3     : pub
    arg #4     : tedge/measurements
    arg #5     : {"temperature": 12, "time": "2021-06-15T17:01:15.806181503+02:00"}
  working dir  : /home/pi/actions-runner/_work/thin-edge.io/thin-edge.io/tests/PySys/tedge_mapper_c8y/tedge_mapper_c8y_positive/Output/linux
  stdout       : /home/pi/actions-runner/_work/thin-edge.io/thin-edge.io/tests/PySys/tedge_mapper_c8y/tedge_mapper_c8y_positive/Output/linux/tedge_temp.out
  stderr       : /home/pi/actions-runner/_work/thin-edge.io/thin-edge.io/tests/PySys/tedge_mapper_c8y/tedge_mapper_c8y_positive/Output/linux/tedge_temp.err
  environment  : LD_LIBRARY_PATH=/usr/lib
  environment  : PATH=/bin:/usr/bin:/usr/sbin:/usr/local/bin
                   #1  /bin
                   #2  /usr/bin
                   #3  /usr/sbin
                   #4  /usr/local/bin
10:09:08 DEBUG Waiting up to 600 secs for process sudo&lt;tedge_temp&gt; (pid 31148)
10:09:09 INFO  Executed sudo&lt;tedge_temp&gt;, exit status 0
10:09:09 DEBUG Process parameters for sudo&lt;kill_out&gt;
  command line : /usr/bin/sudo killall tedge
    arg #1     : killall
    arg #2     : tedge
  working dir  : /home/pi/actions-runner/_work/thin-edge.io/thin-edge.io/tests/PySys/tedge_mapper_c8y/tedge_mapper_c8y_positive/Output/linux
  stdout       : /home/pi/actions-runner/_work/thin-edge.io/thin-edge.io/tests/PySys/tedge_mapper_c8y/tedge_mapper_c8y_positive/Output/linux/kill_out.out
  stderr       : /home/pi/actions-runner/_work/thin-edge.io/thin-edge.io/tests/PySys/tedge_mapper_c8y/tedge_mapper_c8y_positive/Output/linux/kill_out.err
  environment  : LD_LIBRARY_PATH=/usr/lib
  environment  : PATH=/bin:/usr/bin:/usr/sbin:/usr/local/bin
                   #1  /bin
                   #2  /usr/bin
                   #3  /usr/sbin
                   #4  /usr/local/bin
10:09:09 DEBUG Waiting up to 600 secs for process sudo&lt;kill_out&gt; (pid 31151)
10:09:09 INFO  Executed sudo&lt;kill_out&gt;, exit status 0
10:09:09 DEBUG --- test validate
10:09:09 WARN  caught &lt;class 'json.decoder.JSONDecodeError'&gt; while running test: Expecting value: line 1 column 1 (char 0)
Traceback (most recent call last):
  File "/home/pi/env-pysys/lib/python3.7/site-packages/pysys/baserunner.py", line 1211, in __call__
    self.testObj.validate()
  File "/home/pi/actions-runner/_work/thin-edge.io/thin-edge.io/tests/PySys/tedge_mapper_c8y/tedge_mapper_c8y_positive/run.py", line 65, in validate
    c8y_json = json.load(f)
  File "/usr/lib/python3.7/json/__init__.py", line 296, in load
    parse_constant=parse_constant, object_pairs_hook=object_pairs_hook, **kw)
  File "/usr/lib/python3.7/json/__init__.py", line 348, in loads
    return _default_decoder.decode(s)
  File "/usr/lib/python3.7/json/decoder.py", line 337, in decode
    obj, end = self.raw_decode(s, idx=_w(s, 0).end())
  File "/usr/lib/python3.7/json/decoder.py", line 355, in raw_decode
    raise JSONDecodeError("Expecting value", s, err.value) from None
json.decoder.JSONDecodeError: Expecting value: line 1 column 1 (char 0)
10:09:09 WARN  JSONDecodeError: Expecting value: line 1 column 1 (char 0) ... blocked 
10:09:09 DEBUG --- test cleanup
10:09:09 INFO  
10:09:09 INFO  cleanup:
10:09:09 DEBUG Running registered cleanup function: &lt;bound method TedgeMapperC8y.mapper_cleanup of &lt;TedgeMapperC8y object at 0x74fc3f70&gt;&gt;
10:09:09 INFO  mapper_cleanup
10:09:09 DEBUG Process parameters for sudo&lt;tedge_mapper_c8y&gt;
  command line : /usr/bin/sudo systemctl stop tedge-mapper-c8y
    arg #1     : systemctl
    arg #2     : stop
    arg #3     : tedge-mapper-c8y
  working dir  : /home/pi/actions-runner/_work/thin-edge.io/thin-edge.io/tests/PySys/tedge_mapper_c8y/tedge_mapper_c8y_positive/Output/linux
  stdout       : /home/pi/actions-runner/_work/thin-edge.io/thin-edge.io/tests/PySys/tedge_mapper_c8y/tedge_mapper_c8y_positive/Output/linux/tedge_mapper_c8y.out
  stderr       : /home/pi/actions-runner/_work/thin-edge.io/thin-edge.io/tests/PySys/tedge_mapper_c8y/tedge_mapper_c8y_positive/Output/linux/tedge_mapper_c8y.err
  environment  : LD_LIBRARY_PATH=/usr/lib
  environment  : PATH=/bin:/usr/bin:/usr/sbin:/usr/local/bin
                   #1  /bin
                   #2  /usr/bin
                   #3  /usr/sbin
                   #4  /usr/local/bin
10:09:09 DEBUG Waiting up to 600 secs for process sudo&lt;tedge_mapper_c8y&gt; (pid 31153)
10:09:09 INFO  Executed sudo&lt;tedge_mapper_c8y&gt;, exit status 0
10:09:09 DEBUG ProcessUser cleanup function done.
10:09:09 INFO  
10:09:09 INFO  Test duration: 1.29 secs
10:09:09 INFO  Test final outcome:  BLOCKED
10:09:09 INFO  Test outcome reason: JSONDecodeError: Expecting value: line 1 column 1 (char 0)
10:09:09 INFO  
</system-out>
	</testcase>
</testsuite><testsuite name="tedge_software_update" tests="1" errors="0" failures="0" skipped="0" time="0"><testcase classname="PySysTest" name="tedge_software_update" />
</testsuite><testsuite name="valid_device_id" tests="1" errors="0" failures="0" skipped="0" time="0"><testcase classname="ValidateValidDeviceId" name="valid_device_id" />
</testsuite></testsuites>