<?xml version='1.0' encoding='utf-8'?>
<testsuites tests="95" failures="10" errors="0" skipped="0" time="0.0"><testsuite name="SoftwareManagement.Plugin.apama_plugin_install" tests="1" errors="0" failures="0" skipped="0" time="0"><testcase classname="ApamaPluginInstallTest" name="SoftwareManagement.Plugin.apama_plugin_install" />
</testsuite><testsuite name="SoftwareManagement.Plugin.apama_plugin_mon_support" tests="1" errors="0" failures="0" skipped="0" time="0"><testcase classname="ApamaPluginMonSupportTest" name="SoftwareManagement.Plugin.apama_plugin_mon_support" />
</testsuite><testsuite name="SoftwareManagement.Plugin.apama_plugin_remove" tests="1" errors="0" failures="0" skipped="0" time="0"><testcase classname="ApamaPluginRemoveTest" name="SoftwareManagement.Plugin.apama_plugin_remove" />
</testsuite><testsuite name="SoftwareManagement.Plugin.apama_plugin_update" tests="1" errors="0" failures="0" skipped="0" time="0"><testcase classname="ApamaPluginUpdateTest" name="SoftwareManagement.Plugin.apama_plugin_update" />
</testsuite><testsuite name="SoftwareManagement.sm_apt_install_download_path" tests="1" errors="0" failures="0" skipped="0" time="0"><testcase classname="AptInstallWithDownloadPath" name="SoftwareManagement.sm_apt_install_download_path" />
</testsuite><testsuite name="SoftwareManagement.sm_apt_install_fail" tests="1" errors="0" failures="0" skipped="0" time="0"><testcase classname="PySysTest" name="SoftwareManagement.sm_apt_install_fail" />
</testsuite><testsuite name="SoftwareManagement.sm_apt_install_remove" tests="1" errors="0" failures="0" skipped="0" time="0"><testcase classname="PySysTest" name="SoftwareManagement.sm_apt_install_remove" />
</testsuite><testsuite name="SoftwareManagement.sm_apt_install_remove_default" tests="1" errors="0" failures="0" skipped="0" time="0"><testcase classname="PySysTest" name="SoftwareManagement.sm_apt_install_remove_default" />
</testsuite><testsuite name="SoftwareManagement.sm_apt_install_remove_multiple" tests="1" errors="0" failures="0" skipped="0" time="0"><testcase classname="PySysTest" name="SoftwareManagement.sm_apt_install_remove_multiple" />
</testsuite><testsuite name="SoftwareManagement.sm_apt_install_remove_multiple_mixed" tests="1" errors="0" failures="0" skipped="0" time="0"><testcase classname="PySysTest" name="SoftwareManagement.sm_apt_install_remove_multiple_mixed" />
</testsuite><testsuite name="SoftwareManagement.sm_apt_install_remove_with_version" tests="1" errors="0" failures="0" skipped="0" time="0"><testcase classname="PySysTest" name="SoftwareManagement.sm_apt_install_remove_with_version" />
</testsuite><testsuite name="SoftwareManagement.sm_docker_install_remove_multiple" tests="1" errors="0" failures="0" skipped="0" time="0"><testcase classname="SMDockerInstallRemove" name="SoftwareManagement.sm_docker_install_remove_multiple" />
</testsuite><testsuite name="SoftwareManagement.sm_fake_install_remove" tests="1" errors="0" failures="0" skipped="0" time="0"><testcase classname="PySysTest" name="SoftwareManagement.sm_fake_install_remove" />
</testsuite><testsuite name="SoftwareManagement.sm_fake_install_remove_multiple" tests="1" errors="0" failures="0" skipped="0" time="0"><testcase classname="PySysTest" name="SoftwareManagement.sm_fake_install_remove_multiple" />
</testsuite><testsuite name="SoftwareManagement.sm_mapper_fail_and_reconnect" tests="1" errors="0" failures="1" skipped="0" time="0"><testcase classname="SmMapperC8yReceiveLastMessageOnRestart" name="SoftwareManagement.sm_mapper_fail_and_reconnect">
		<failure message="BLOCKED: Failed to set up test: name 'BaseTest' is not defined" type="BLOCKED" />
		<system-out>11:12:07 INFO  ==============================================================
11:12:07 INFO  Id:    SoftwareManagement.sm_mapper_fail_and_reconnect
11:12:07 INFO  Dir:   software_management_end_to_end/
11:12:07 INFO  Title: Validate the tedge-mapper-sm-c8y for receiving the last message on restart
11:12:07 DEBUG Execution order hint: 0.0
11:12:07 INFO  ==============================================================
11:12:07 WARN  Failed to set up test: name 'BaseTest' is not defined ... blocked 
11:12:07 WARN  caught &lt;class 'NameError'&gt; while setting up test SoftwareManagement.sm_mapper_fail_and_reconnect: name 'BaseTest' is not defined
Traceback (most recent call last):
  File "/home/pi/env-pysys/lib/python3.7/site-packages/pysys/baserunner.py", line 1143, in __call__
    exec(runpycode, runpy_namespace)
  File "/home/pi/actions-runner/_work/thin-edge.io/thin-edge.io/tests/PySys/software_management_end_to_end/sm_mapper_fail_and_reconnect/run.py", line 27, in &lt;module&gt;
    class SmMapperC8yReceiveLastMessageOnRestart(BaseTest):
NameError: name 'BaseTest' is not defined
11:12:07 DEBUG --- test cleanup
11:12:07 DEBUG ProcessUser cleanup function done.
11:12:07 INFO  
11:12:07 INFO  Test duration: 0.01 secs
11:12:07 INFO  Test final outcome:  BLOCKED
11:12:07 INFO  Test outcome reason: Failed to set up test: name 'BaseTest' is not defined
11:12:07 INFO  
</system-out>
	</testcase>
</testsuite><testsuite name="SoftwareManagement.sm_mixed_install_remove_multiple" tests="1" errors="0" failures="0" skipped="0" time="0"><testcase classname="PySysTest" name="SoftwareManagement.sm_mixed_install_remove_multiple" />
</testsuite><testsuite name="agent_init_session" tests="1" errors="0" failures="0" skipped="0" time="0"><testcase classname="AgentInitSession" name="agent_init_session" />
</testsuite><testsuite name="apt_fail_noarg" tests="1" errors="0" failures="0" skipped="0" time="0"><testcase classname="AptPluginFailNoArg" name="apt_fail_noarg" />
</testsuite><testsuite name="apt_finalize" tests="1" errors="0" failures="0" skipped="0" time="0"><testcase classname="AptPluginFinalize" name="apt_finalize" />
</testsuite><testsuite name="apt_install" tests="1" errors="0" failures="0" skipped="0" time="0"><testcase classname="AptPluginInstallDense" name="apt_install" />
</testsuite><testsuite name="apt_install_fail" tests="1" errors="0" failures="0" skipped="0" time="0"><testcase classname="AptPluginInstallFail" name="apt_install_fail" />
</testsuite><testsuite name="apt_install_local_file" tests="1" errors="0" failures="0" skipped="0" time="0"><testcase classname="AptPluginInstallFromLocalFile" name="apt_install_local_file" />
</testsuite><testsuite name="apt_install_local_file_fail" tests="1" errors="0" failures="0" skipped="0" time="0"><testcase classname="AptPluginInstallFromLocalFileFail" name="apt_install_local_file_fail" />
</testsuite><testsuite name="apt_install_local_file_with_version" tests="1" errors="0" failures="0" skipped="0" time="0"><testcase classname="AptPluginInstallFromLocalFileWithVersion" name="apt_install_local_file_with_version" />
</testsuite><testsuite name="apt_install_local_file_with_version_fail" tests="1" errors="0" failures="0" skipped="0" time="0"><testcase classname="AptPluginInstallFromLocalFileWithVersionFail" name="apt_install_local_file_with_version_fail" />
</testsuite><testsuite name="apt_list_format" tests="1" errors="0" failures="0" skipped="0" time="0"><testcase classname="AptPluginListFormat" name="apt_list_format" />
</testsuite><testsuite name="apt_prepare" tests="1" errors="0" failures="0" skipped="0" time="0"><testcase classname="AptPluginPrepare" name="apt_prepare" />
</testsuite><testsuite name="apt_prepare_install_finalize" tests="1" errors="0" failures="0" skipped="0" time="0"><testcase classname="AptPluginPrepareInstallFinalize" name="apt_prepare_install_finalize" />
</testsuite><testsuite name="apt_remove" tests="1" errors="0" failures="0" skipped="0" time="0"><testcase classname="AptPluginRemoveDense" name="apt_remove" />
</testsuite><testsuite name="apt_remove_fail" tests="1" errors="0" failures="0" skipped="0" time="0"><testcase classname="AptPluginRemoveFails" name="apt_remove_fail" />
</testsuite><testsuite name="apt_sequence_install_with_version" tests="1" errors="0" failures="0" skipped="0" time="0"><testcase classname="AptPluginPrepInstallWithVersionFinalize" name="apt_sequence_install_with_version" />
</testsuite><testsuite name="apt_sequence_install_with_version_fail" tests="1" errors="0" failures="0" skipped="0" time="0"><testcase classname="AptPluginInstallWithVersionFails" name="apt_sequence_install_with_version_fail" />
</testsuite><testsuite name="apt_sequence_remove" tests="1" errors="0" failures="0" skipped="0" time="0"><testcase classname="AptPluginInstallPrepareRemoveFinalize" name="apt_sequence_remove" />
</testsuite><testsuite name="apt_sequence_remove_with_version" tests="1" errors="0" failures="0" skipped="0" time="0"><testcase classname="AptPluginRemoveWithVersion" name="apt_sequence_remove_with_version" />
</testsuite><testsuite name="apt_sequence_remove_with_version_fail" tests="1" errors="0" failures="0" skipped="0" time="0"><testcase classname="AptPluginRemoveWithVersionFails" name="apt_sequence_remove_with_version_fail" />
</testsuite><testsuite name="apt_update_list" tests="1" errors="0" failures="0" skipped="0" time="0"><testcase classname="AptPluginUpdateList" name="apt_update_list" />
</testsuite><testsuite name="apt_wrong_option" tests="1" errors="0" failures="0" skipped="0" time="0"><testcase classname="AptPluginWrongOption" name="apt_wrong_option" />
</testsuite><testsuite name="c8y_jwt_token_retrieval" tests="1" errors="0" failures="0" skipped="0" time="0"><testcase classname="ValidateJWTTokenRetrieval" name="c8y_jwt_token_retrieval" />
</testsuite><testsuite name="c8y_restart_bridge" tests="1" errors="0" failures="0" skipped="0" time="0"><testcase classname="RestartBridge" name="c8y_restart_bridge" />
</testsuite><testsuite name="call_tedge_-V" tests="1" errors="0" failures="0" skipped="0" time="0"><testcase classname="PySysTest" name="call_tedge_-V" />
</testsuite><testsuite name="call_tedge_-h" tests="1" errors="0" failures="1" skipped="0" time="0"><testcase classname="PySysTest" name="call_tedge_-h">
		<failure message="FAILED: Grep on tedge.out contains &quot;FLAGS:&quot;" type="FAILED" />
		<system-out>11:12:07 INFO  ==============================================================
11:12:07 INFO  Id:    call_tedge_-h
11:12:07 INFO  Dir:   tedge/
11:12:07 INFO  Title: Validate command line option -h
11:12:07 DEBUG Execution order hint: 0.0
11:12:07 INFO  ==============================================================
11:12:07 DEBUG --- test execute
11:12:07 DEBUG Process parameters for tedge
  command line : /usr/bin/tedge -h
    arg #1     : -h
  working dir  : /home/pi/actions-runner/_work/thin-edge.io/thin-edge.io/tests/PySys/tedge/call_tedge_-h/Output/linux
  stdout       : /home/pi/actions-runner/_work/thin-edge.io/thin-edge.io/tests/PySys/tedge/call_tedge_-h/Output/linux/tedge.out
  stderr       : /home/pi/actions-runner/_work/thin-edge.io/thin-edge.io/tests/PySys/tedge/call_tedge_-h/Output/linux/tedge.err
  environment  : LD_LIBRARY_PATH=/usr/lib
  environment  : PATH=/bin:/usr/bin:/usr/sbin:/usr/local/bin
                   #1  /bin
                   #2  /usr/bin
                   #3  /usr/sbin
                   #4  /usr/local/bin
11:12:07 DEBUG Waiting up to 600 secs for process tedge (pid 6276)
11:12:07 INFO  Executed tedge, exit status 0
11:12:07 DEBUG --- test validate
11:12:07 DEBUG Performing regex contains=True grep on file: /home/pi/actions-runner/_work/thin-edge.io/thin-edge.io/tests/PySys/tedge/call_tedge_-h/Output/linux/tedge.out
11:12:07 DEBUG Grep on input file tedge.out successfully matched expression "USAGE:" with line: 'USAGE:\n'
11:12:07 INFO  Grep on input file tedge.out ... passed
11:12:07 DEBUG Performing regex contains=True grep on file: /home/pi/actions-runner/_work/thin-edge.io/thin-edge.io/tests/PySys/tedge/call_tedge_-h/Output/linux/tedge.out
11:12:07 WARN  Grep on tedge.out contains "FLAGS:" ... failed [run.py:30]
11:12:07 DEBUG Performing regex contains=True grep on file: /home/pi/actions-runner/_work/thin-edge.io/thin-edge.io/tests/PySys/tedge/call_tedge_-h/Output/linux/tedge.out
11:12:07 DEBUG Grep on input file tedge.out successfully matched expression "SUBCOMMANDS:" with line: 'SUBCOMMANDS:\n'
11:12:07 INFO  Grep on input file tedge.out ... passed
11:12:07 DEBUG --- test cleanup
11:12:07 DEBUG ProcessUser cleanup function done.
11:12:07 INFO  
11:12:07 INFO  Test duration: 0.24 secs
11:12:07 INFO  Test final outcome:  FAILED
11:12:07 INFO  Test outcome reason: Grep on tedge.out contains "FLAGS:"
11:12:07 INFO  
</system-out>
	</testcase>
</testsuite><testsuite name="call_tedge_-h_-V" tests="1" errors="0" failures="0" skipped="0" time="0"><testcase classname="PySysTest" name="call_tedge_-h_-V" />
</testsuite><testsuite name="call_tedge_config_help" tests="1" errors="0" failures="1" skipped="0" time="0"><testcase classname="PySysTest" name="call_tedge_config_help">
		<failure message="FAILED: Grep on tedge.out contains &quot;FLAGS:&quot;" type="FAILED" />
		<system-out>11:12:07 INFO  ==============================================================
11:12:07 INFO  Id:    call_tedge_config_help
11:12:07 INFO  Dir:   tedge/
11:12:07 INFO  Title: Validate command line option help
11:12:07 DEBUG Execution order hint: 0.0
11:12:07 INFO  ==============================================================
11:12:07 DEBUG --- test execute
11:12:07 DEBUG Process parameters for tedge
  command line : /usr/bin/tedge config help
    arg #1     : config
    arg #2     : help
  working dir  : /home/pi/actions-runner/_work/thin-edge.io/thin-edge.io/tests/PySys/tedge/call_tedge_config_help/Output/linux
  stdout       : /home/pi/actions-runner/_work/thin-edge.io/thin-edge.io/tests/PySys/tedge/call_tedge_config_help/Output/linux/tedge.out
  stderr       : /home/pi/actions-runner/_work/thin-edge.io/thin-edge.io/tests/PySys/tedge/call_tedge_config_help/Output/linux/tedge.err
  environment  : LD_LIBRARY_PATH=/usr/lib
  environment  : PATH=/bin:/usr/bin:/usr/sbin:/usr/local/bin
                   #1  /bin
                   #2  /usr/bin
                   #3  /usr/sbin
                   #4  /usr/local/bin
11:12:07 DEBUG Waiting up to 600 secs for process tedge (pid 6278)
11:12:08 INFO  Executed tedge, exit status 0
11:12:08 DEBUG --- test validate
11:12:08 DEBUG Performing regex contains=True grep on file: /home/pi/actions-runner/_work/thin-edge.io/thin-edge.io/tests/PySys/tedge/call_tedge_config_help/Output/linux/tedge.out
11:12:08 DEBUG Grep on input file tedge.out successfully matched expression "USAGE:" with line: 'USAGE:\n'
11:12:08 INFO  Grep on input file tedge.out ... passed
11:12:08 DEBUG Performing regex contains=True grep on file: /home/pi/actions-runner/_work/thin-edge.io/thin-edge.io/tests/PySys/tedge/call_tedge_config_help/Output/linux/tedge.out
11:12:08 WARN  Grep on tedge.out contains "FLAGS:" ... failed [run.py:30]
11:12:08 DEBUG Performing regex contains=True grep on file: /home/pi/actions-runner/_work/thin-edge.io/thin-edge.io/tests/PySys/tedge/call_tedge_config_help/Output/linux/tedge.out
11:12:08 DEBUG Grep on input file tedge.out successfully matched expression "SUBCOMMANDS:" with line: 'SUBCOMMANDS:\n'
11:12:08 INFO  Grep on input file tedge.out ... passed
11:12:08 DEBUG --- test cleanup
11:12:08 DEBUG ProcessUser cleanup function done.
11:12:08 INFO  
11:12:08 INFO  Test duration: 0.24 secs
11:12:08 INFO  Test final outcome:  FAILED
11:12:08 INFO  Test outcome reason: Grep on tedge.out contains "FLAGS:"
11:12:08 INFO  
</system-out>
	</testcase>
</testsuite><testsuite name="call_tedge_config_list" tests="1" errors="0" failures="0" skipped="0" time="0"><testcase classname="PySysTest" name="call_tedge_config_list" />
</testsuite><testsuite name="custom_init_system" tests="1" errors="0" failures="0" skipped="0" time="0"><testcase classname="CustomInitSystem" name="custom_init_system" />
</testsuite><testsuite name="docker_plugin_finalize" tests="1" errors="0" failures="0" skipped="0" time="0"><testcase classname="DockerPluginFinalizeTest" name="docker_plugin_finalize" />
</testsuite><testsuite name="docker_plugin_install" tests="1" errors="0" failures="0" skipped="0" time="0"><testcase classname="DockerPluginInstallTest" name="docker_plugin_install" />
</testsuite><testsuite name="docker_plugin_install_with_version" tests="1" errors="0" failures="0" skipped="0" time="0"><testcase classname="DockerPluginInstallWithVersionTest" name="docker_plugin_install_with_version" />
</testsuite><testsuite name="docker_plugin_remove" tests="1" errors="0" failures="0" skipped="0" time="0"><testcase classname="DockerPluginRemoveTest" name="docker_plugin_remove" />
</testsuite><testsuite name="docker_plugin_remove_with_version" tests="1" errors="0" failures="0" skipped="0" time="0"><testcase classname="DockerPluginRemoveWithVersionTest" name="docker_plugin_remove_with_version" />
</testsuite><testsuite name="docker_plugin_update" tests="1" errors="0" failures="0" skipped="0" time="0"><testcase classname="DockerPluginUpdateTest" name="docker_plugin_update" />
</testsuite><testsuite name="invalid_device_id" tests="1" errors="0" failures="0" skipped="0" time="0"><testcase classname="InvalidDeviceId" name="invalid_device_id" />
</testsuite><testsuite name="local_mqtt_pub_fail_noqos" tests="1" errors="0" failures="0" skipped="0" time="0"><testcase classname="PySysTest" name="local_mqtt_pub_fail_noqos" />
</testsuite><testsuite name="local_mqtt_pub_fail_qos0" tests="1" errors="0" failures="0" skipped="0" time="0"><testcase classname="PySysTest" name="local_mqtt_pub_fail_qos0" />
</testsuite><testsuite name="local_mqtt_pub_fail_qos1" tests="1" errors="0" failures="0" skipped="0" time="0"><testcase classname="PySysTest" name="local_mqtt_pub_fail_qos1" />
</testsuite><testsuite name="local_mqtt_pub_fail_qos2" tests="1" errors="0" failures="0" skipped="0" time="0"><testcase classname="PySysTest" name="local_mqtt_pub_fail_qos2" />
</testsuite><testsuite name="local_mqtt_pub_sub" tests="1" errors="0" failures="0" skipped="0" time="0"><testcase classname="PySysTest" name="local_mqtt_pub_sub" />
</testsuite><testsuite name="local_mqtt_pub_sub_retain" tests="1" errors="0" failures="0" skipped="0" time="0"><testcase classname="MqttPublishWithRetain" name="local_mqtt_pub_sub_retain" />
</testsuite><testsuite name="local_mqtt_pub_sub_with_sudo" tests="1" errors="0" failures="0" skipped="0" time="0"><testcase classname="PySysTest" name="local_mqtt_pub_sub_with_sudo" />
</testsuite><testsuite name="local_mqtt_sub_fail" tests="1" errors="0" failures="0" skipped="0" time="0"><testcase classname="PySysTest" name="local_mqtt_sub_fail" />
</testsuite><testsuite name="log_request_error_messages" tests="1" errors="0" failures="1" skipped="0" time="0"><testcase classname="LogRequestVerifySearchTextError" name="log_request_error_messages">
		<failure message="BLOCKED: Exception: retry" type="BLOCKED" />
		<system-out>10:59:50 INFO  ==============================================================
10:59:50 INFO  Id:    log_request_error_messages
10:59:50 INFO  Dir:   log_request_end_to_end/
10:59:50 INFO  Title: Validate end to end behaviour for the log request operation check for error messages
10:59:50 DEBUG Execution order hint: 0.0
10:59:50 INFO  ==============================================================
10:59:50 DEBUG EnvironmentC8y Setup
10:59:50 INFO  EnvironmentC8y Setup
10:59:50 DEBUG Process parameters for systemctl&lt;serv_mapper1&gt;
  command line : /usr/bin/systemctl status tedge-mapper-c8y
    arg #1     : status
    arg #2     : tedge-mapper-c8y
  working dir  : /home/pi/actions-runner/_work/thin-edge.io/thin-edge.io/tests/PySys/log_request_end_to_end/log_request_error_messages/Output/linux
  stdout       : /home/pi/actions-runner/_work/thin-edge.io/thin-edge.io/tests/PySys/log_request_end_to_end/log_request_error_messages/Output/linux/serv_mapper1.out
  stderr       : /home/pi/actions-runner/_work/thin-edge.io/thin-edge.io/tests/PySys/log_request_end_to_end/log_request_error_messages/Output/linux/serv_mapper1.err
  environment  : LD_LIBRARY_PATH=/usr/lib
  environment  : PATH=/bin:/usr/bin:/usr/sbin:/usr/local/bin
                   #1  /bin
                   #2  /usr/bin
                   #3  /usr/sbin
                   #4  /usr/local/bin
10:59:50 DEBUG Waiting up to 600 secs for process systemctl&lt;serv_mapper1&gt; (pid 29922)
10:59:50 INFO  Executed systemctl&lt;serv_mapper1&gt;, exit status 3
10:59:50 INFO  Restarting mosquitto too frequently in the last 10 seconds. It was only up for 1 seconds
10:59:50 INFO  Delaying execution by 10 seconds
11:00:01 DEBUG Process parameters for sudo&lt;tedge_connect_c8y&gt;
  command line : /usr/bin/sudo /usr/bin/tedge connect c8y
    arg #1     : /usr/bin/tedge
    arg #2     : connect
    arg #3     : c8y
  working dir  : /home/pi/actions-runner/_work/thin-edge.io/thin-edge.io/tests/PySys/log_request_end_to_end/log_request_error_messages/Output/linux
  stdout       : /home/pi/actions-runner/_work/thin-edge.io/thin-edge.io/tests/PySys/log_request_end_to_end/log_request_error_messages/Output/linux/tedge_connect_c8y.out
  stderr       : /home/pi/actions-runner/_work/thin-edge.io/thin-edge.io/tests/PySys/log_request_end_to_end/log_request_error_messages/Output/linux/tedge_connect_c8y.err
  environment  : LD_LIBRARY_PATH=/usr/lib
  environment  : PATH=/bin:/usr/bin:/usr/sbin:/usr/local/bin
                   #1  /bin
                   #2  /usr/bin
                   #3  /usr/sbin
                   #4  /usr/local/bin
11:00:01 DEBUG Waiting up to 600 secs for process sudo&lt;tedge_connect_c8y&gt; (pid 29974)
11:00:11 INFO  Executed sudo&lt;tedge_connect_c8y&gt;, exit status 0
11:00:11 DEBUG Process parameters for sudo&lt;tedge_connect_c8y_test&gt;
  command line : /usr/bin/sudo /usr/bin/tedge connect c8y --test
    arg #1     : /usr/bin/tedge
    arg #2     : connect
    arg #3     : c8y
    arg #4     : --test
  working dir  : /home/pi/actions-runner/_work/thin-edge.io/thin-edge.io/tests/PySys/log_request_end_to_end/log_request_error_messages/Output/linux
  stdout       : /home/pi/actions-runner/_work/thin-edge.io/thin-edge.io/tests/PySys/log_request_end_to_end/log_request_error_messages/Output/linux/tedge_connect_c8y_test.out
  stderr       : /home/pi/actions-runner/_work/thin-edge.io/thin-edge.io/tests/PySys/log_request_end_to_end/log_request_error_messages/Output/linux/tedge_connect_c8y_test.err
  environment  : LD_LIBRARY_PATH=/usr/lib
  environment  : PATH=/bin:/usr/bin:/usr/sbin:/usr/local/bin
                   #1  /bin
                   #2  /usr/bin
                   #3  /usr/sbin
                   #4  /usr/local/bin
11:00:11 DEBUG Waiting up to 600 secs for process sudo&lt;tedge_connect_c8y_test&gt; (pid 30127)
11:00:11 INFO  Executed sudo&lt;tedge_connect_c8y_test&gt;, exit status 0
11:00:11 DEBUG Process parameters for systemctl&lt;serv_mosq2&gt;
  command line : /usr/bin/systemctl status mosquitto
    arg #1     : status
    arg #2     : mosquitto
  working dir  : /home/pi/actions-runner/_work/thin-edge.io/thin-edge.io/tests/PySys/log_request_end_to_end/log_request_error_messages/Output/linux
  stdout       : /home/pi/actions-runner/_work/thin-edge.io/thin-edge.io/tests/PySys/log_request_end_to_end/log_request_error_messages/Output/linux/serv_mosq2.out
  stderr       : /home/pi/actions-runner/_work/thin-edge.io/thin-edge.io/tests/PySys/log_request_end_to_end/log_request_error_messages/Output/linux/serv_mosq2.err
  environment  : LD_LIBRARY_PATH=/usr/lib
  environment  : PATH=/bin:/usr/bin:/usr/sbin:/usr/local/bin
                   #1  /bin
                   #2  /usr/bin
                   #3  /usr/sbin
                   #4  /usr/local/bin
11:00:11 DEBUG Waiting up to 600 secs for process systemctl&lt;serv_mosq2&gt; (pid 30130)
11:00:11 INFO  Executed systemctl&lt;serv_mosq2&gt;, exit status 0
11:00:11 DEBUG Process parameters for systemctl&lt;serv_mapper3&gt;
  command line : /usr/bin/systemctl status tedge-mapper-c8y
    arg #1     : status
    arg #2     : tedge-mapper-c8y
  working dir  : /home/pi/actions-runner/_work/thin-edge.io/thin-edge.io/tests/PySys/log_request_end_to_end/log_request_error_messages/Output/linux
  stdout       : /home/pi/actions-runner/_work/thin-edge.io/thin-edge.io/tests/PySys/log_request_end_to_end/log_request_error_messages/Output/linux/serv_mapper3.out
  stderr       : /home/pi/actions-runner/_work/thin-edge.io/thin-edge.io/tests/PySys/log_request_end_to_end/log_request_error_messages/Output/linux/serv_mapper3.err
  environment  : LD_LIBRARY_PATH=/usr/lib
  environment  : PATH=/bin:/usr/bin:/usr/sbin:/usr/local/bin
                   #1  /bin
                   #2  /usr/bin
                   #3  /usr/sbin
                   #4  /usr/local/bin
11:00:11 DEBUG Waiting up to 600 secs for process systemctl&lt;serv_mapper3&gt; (pid 30133)
11:00:12 INFO  Executed systemctl&lt;serv_mapper3&gt;, exit status 0
11:00:12 DEBUG Process parameters for sudo&lt;rm_logs&gt;
  command line : /usr/bin/sudo rm -rf /tmp/sw_logs
    arg #1     : rm
    arg #2     : -rf
    arg #3     : /tmp/sw_logs
  working dir  : /home/pi/actions-runner/_work/thin-edge.io/thin-edge.io/tests/PySys/log_request_end_to_end/log_request_error_messages/Output/linux
  stdout       : /home/pi/actions-runner/_work/thin-edge.io/thin-edge.io/tests/PySys/log_request_end_to_end/log_request_error_messages/Output/linux/rm_logs.out
  stderr       : /home/pi/actions-runner/_work/thin-edge.io/thin-edge.io/tests/PySys/log_request_end_to_end/log_request_error_messages/Output/linux/rm_logs.err
  environment  : LD_LIBRARY_PATH=/usr/lib
  environment  : PATH=/bin:/usr/bin:/usr/sbin:/usr/local/bin
                   #1  /bin
                   #2  /usr/bin
                   #3  /usr/sbin
                   #4  /usr/local/bin
11:00:12 DEBUG Waiting up to 600 secs for process sudo&lt;rm_logs&gt; (pid 30134)
11:00:12 INFO  Executed sudo&lt;rm_logs&gt;, exit status 0
11:00:12 DEBUG Process parameters for sudo&lt;move_logs&gt;
  command line : /usr/bin/sudo sh -c 'mv /tmp/sw_logs/* /var/log/tedge/agent/'
    arg #1     : sh
    arg #2     : -c
    arg #3     : mv /tmp/sw_logs/* /var/log/tedge/agent/
  working dir  : /home/pi/actions-runner/_work/thin-edge.io/thin-edge.io/tests/PySys/log_request_end_to_end/log_request_error_messages/Output/linux
  stdout       : /home/pi/actions-runner/_work/thin-edge.io/thin-edge.io/tests/PySys/log_request_end_to_end/log_request_error_messages/Output/linux/move_logs.out
  stderr       : /home/pi/actions-runner/_work/thin-edge.io/thin-edge.io/tests/PySys/log_request_end_to_end/log_request_error_messages/Output/linux/move_logs.err
  environment  : LD_LIBRARY_PATH=/usr/lib
  environment  : PATH=/bin:/usr/bin:/usr/sbin:/usr/local/bin
                   #1  /bin
                   #2  /usr/bin
                   #3  /usr/sbin
                   #4  /usr/local/bin
11:00:12 DEBUG Waiting up to 600 secs for process sudo&lt;move_logs&gt; (pid 30136)
11:00:12 INFO  Executed sudo&lt;move_logs&gt;, exit status 0
11:00:12 DEBUG --- test execute
11:00:12 DEBUG --- test validate
11:00:12 INFO  log response None
11:00:14 INFO  log response None
11:00:15 INFO  log response None
11:00:16 INFO  log response None
11:00:17 INFO  log response None
11:00:18 INFO  log response None
11:00:20 INFO  log response None
11:00:21 INFO  log response None
11:00:22 INFO  log response None
11:00:23 INFO  log response None
11:00:24 INFO  log response None
11:00:25 INFO  log response None
11:00:27 INFO  log response None
11:00:28 INFO  log response None
11:00:29 INFO  log response None
11:00:30 INFO  log response None
11:00:31 INFO  log response None
11:00:33 INFO  log response None
11:00:34 INFO  log response None
11:00:35 INFO  log response None
11:00:35 WARN  caught &lt;class 'Exception'&gt; while running test: retry
Traceback (most recent call last):
  File "/home/pi/env-pysys/lib/python3.7/site-packages/pysys/baserunner.py", line 1211, in __call__
    self.testObj.validate()
  File "/home/pi/actions-runner/_work/thin-edge.io/thin-edge.io/tests/PySys/log_request_end_to_end/log_request_error_messages/run.py", line 43, in validate
    value=self.wait_until_logs_retrieved())
  File "/home/pi/env-pysys/lib/python3.7/site-packages/decorator.py", line 232, in fun
    return caller(func, *(extras + args), **kw)
  File "/home/pi/env-pysys/lib/python3.7/site-packages/retry/api.py", line 74, in retry_decorator
    logger)
  File "/home/pi/env-pysys/lib/python3.7/site-packages/retry/api.py", line 33, in __retry_internal
    return f()
  File "/home/pi/actions-runner/_work/thin-edge.io/thin-edge.io/tests/PySys/log_request_end_to_end/log_request_error_messages/run.py", line 52, in wait_until_logs_retrieved
    raise Exception("retry")
Exception: retry
11:00:35 WARN  Exception: retry ... blocked 
11:00:35 DEBUG --- test cleanup
11:00:35 INFO  
11:00:35 INFO  cleanup:
11:00:35 DEBUG Running registered cleanup function: &lt;bound method LogRequestVerifySearchTextError.cleanup_logs of &lt;LogRequestVerifySearchTextError object at 0x7546dbd0&gt;&gt;
11:00:35 DEBUG Process parameters for sudo&lt;rm_logs&gt;
  command line : /usr/bin/sudo sh -c 'rm -rf /var/log/tedge/agent/example-*'
    arg #1     : sh
    arg #2     : -c
    arg #3     : rm -rf /var/log/tedge/agent/example-*
  working dir  : /home/pi/actions-runner/_work/thin-edge.io/thin-edge.io/tests/PySys/log_request_end_to_end/log_request_error_messages/Output/linux
  stdout       : /home/pi/actions-runner/_work/thin-edge.io/thin-edge.io/tests/PySys/log_request_end_to_end/log_request_error_messages/Output/linux/rm_logs.out
  stderr       : /home/pi/actions-runner/_work/thin-edge.io/thin-edge.io/tests/PySys/log_request_end_to_end/log_request_error_messages/Output/linux/rm_logs.err
  environment  : LD_LIBRARY_PATH=/usr/lib
  environment  : PATH=/bin:/usr/bin:/usr/sbin:/usr/local/bin
                   #1  /bin
                   #2  /usr/bin
                   #3  /usr/sbin
                   #4  /usr/local/bin
11:00:35 DEBUG Waiting up to 600 secs for process sudo&lt;rm_logs&gt; (pid 30238)
11:00:35 INFO  Executed sudo&lt;rm_logs&gt;, exit status 0
11:00:35 DEBUG Process parameters for sudo&lt;rm_tmp_logs&gt;
  command line : /usr/bin/sudo rm -rf /tmp/sw_logs
    arg #1     : rm
    arg #2     : -rf
    arg #3     : /tmp/sw_logs
  working dir  : /home/pi/actions-runner/_work/thin-edge.io/thin-edge.io/tests/PySys/log_request_end_to_end/log_request_error_messages/Output/linux
  stdout       : /home/pi/actions-runner/_work/thin-edge.io/thin-edge.io/tests/PySys/log_request_end_to_end/log_request_error_messages/Output/linux/rm_tmp_logs.out
  stderr       : /home/pi/actions-runner/_work/thin-edge.io/thin-edge.io/tests/PySys/log_request_end_to_end/log_request_error_messages/Output/linux/rm_tmp_logs.err
  environment  : LD_LIBRARY_PATH=/usr/lib
  environment  : PATH=/bin:/usr/bin:/usr/sbin:/usr/local/bin
                   #1  /bin
                   #2  /usr/bin
                   #3  /usr/sbin
                   #4  /usr/local/bin
11:00:35 DEBUG Waiting up to 600 secs for process sudo&lt;rm_tmp_logs&gt; (pid 30241)
11:00:36 INFO  Executed sudo&lt;rm_tmp_logs&gt;, exit status 0
11:00:36 DEBUG Process parameters for sudo&lt;send_failed&gt;
  command line : /usr/bin/sudo /usr/bin/tedge mqtt pub c8y/s/us 502,c8y_LogfileRequest
    arg #1     : /usr/bin/tedge
    arg #2     : mqtt
    arg #3     : pub
    arg #4     : c8y/s/us
    arg #5     : 502,c8y_LogfileRequest
  working dir  : /home/pi/actions-runner/_work/thin-edge.io/thin-edge.io/tests/PySys/log_request_end_to_end/log_request_error_messages/Output/linux
  stdout       : /home/pi/actions-runner/_work/thin-edge.io/thin-edge.io/tests/PySys/log_request_end_to_end/log_request_error_messages/Output/linux/send_failed.out
  stderr       : /home/pi/actions-runner/_work/thin-edge.io/thin-edge.io/tests/PySys/log_request_end_to_end/log_request_error_messages/Output/linux/send_failed.err
  environment  : LD_LIBRARY_PATH=/usr/lib
  environment  : PATH=/bin:/usr/bin:/usr/sbin:/usr/local/bin
                   #1  /bin
                   #2  /usr/bin
                   #3  /usr/sbin
                   #4  /usr/local/bin
11:00:36 DEBUG Waiting up to 600 secs for process sudo&lt;send_failed&gt; (pid 30243)
11:00:36 INFO  Executed sudo&lt;send_failed&gt;, exit status 0
11:00:36 DEBUG Running registered cleanup function: &lt;bound method EnvironmentC8y.myenvcleanup of &lt;LogRequestVerifySearchTextError object at 0x7546dbd0&gt;&gt;
11:00:36 DEBUG EnvironmentC8y Cleanup
11:00:36 DEBUG Process parameters for sudo&lt;tedge_disconnect_c8y&gt;
  command line : /usr/bin/sudo /usr/bin/tedge disconnect c8y
    arg #1     : /usr/bin/tedge
    arg #2     : disconnect
    arg #3     : c8y
  working dir  : /home/pi/actions-runner/_work/thin-edge.io/thin-edge.io/tests/PySys/log_request_end_to_end/log_request_error_messages/Output/linux
  stdout       : /home/pi/actions-runner/_work/thin-edge.io/thin-edge.io/tests/PySys/log_request_end_to_end/log_request_error_messages/Output/linux/tedge_disconnect_c8y.out
  stderr       : /home/pi/actions-runner/_work/thin-edge.io/thin-edge.io/tests/PySys/log_request_end_to_end/log_request_error_messages/Output/linux/tedge_disconnect_c8y.err
  environment  : LD_LIBRARY_PATH=/usr/lib
  environment  : PATH=/bin:/usr/bin:/usr/sbin:/usr/local/bin
                   #1  /bin
                   #2  /usr/bin
                   #3  /usr/sbin
                   #4  /usr/local/bin
11:00:36 DEBUG Waiting up to 600 secs for process sudo&lt;tedge_disconnect_c8y&gt; (pid 30249)
11:00:38 INFO  Executed sudo&lt;tedge_disconnect_c8y&gt;, exit status 0
11:00:38 DEBUG Process parameters for systemctl&lt;serv_mapper5&gt;
  command line : /usr/bin/systemctl status tedge-mapper-c8y
    arg #1     : status
    arg #2     : tedge-mapper-c8y
  working dir  : /home/pi/actions-runner/_work/thin-edge.io/thin-edge.io/tests/PySys/log_request_end_to_end/log_request_error_messages/Output/linux
  stdout       : /home/pi/actions-runner/_work/thin-edge.io/thin-edge.io/tests/PySys/log_request_end_to_end/log_request_error_messages/Output/linux/serv_mapper5.out
  stderr       : /home/pi/actions-runner/_work/thin-edge.io/thin-edge.io/tests/PySys/log_request_end_to_end/log_request_error_messages/Output/linux/serv_mapper5.err
  environment  : LD_LIBRARY_PATH=/usr/lib
  environment  : PATH=/bin:/usr/bin:/usr/sbin:/usr/local/bin
                   #1  /bin
                   #2  /usr/bin
                   #3  /usr/sbin
                   #4  /usr/local/bin
11:00:38 DEBUG Waiting up to 600 secs for process systemctl&lt;serv_mapper5&gt; (pid 30302)
11:00:38 INFO  Executed systemctl&lt;serv_mapper5&gt;, exit status 3
11:00:38 DEBUG ProcessUser cleanup function done.
11:00:38 INFO  
11:00:38 INFO  Test duration: 48.70 secs
11:00:38 INFO  Test final outcome:  BLOCKED
11:00:38 INFO  Test outcome reason: Exception: retry
11:00:38 INFO  
</system-out>
	</testcase>
</testsuite><testsuite name="log_request_num_lines" tests="1" errors="0" failures="1" skipped="0" time="0"><testcase classname="LogRequestVerifyNumberOfLines" name="log_request_num_lines">
		<failure message="BLOCKED: Exception: retry" type="BLOCKED" />
		<system-out>11:00:38 INFO  ==============================================================
11:00:38 INFO  Id:    log_request_num_lines
11:00:38 INFO  Dir:   log_request_end_to_end/
11:00:38 INFO  Title: Validate end to end behaviour for the log request operation check for number of lines
11:00:38 DEBUG Execution order hint: 0.0
11:00:38 INFO  ==============================================================
11:00:38 DEBUG EnvironmentC8y Setup
11:00:38 INFO  EnvironmentC8y Setup
11:00:38 DEBUG Process parameters for systemctl&lt;serv_mapper1&gt;
  command line : /usr/bin/systemctl status tedge-mapper-c8y
    arg #1     : status
    arg #2     : tedge-mapper-c8y
  working dir  : /home/pi/actions-runner/_work/thin-edge.io/thin-edge.io/tests/PySys/log_request_end_to_end/log_request_num_lines/Output/linux
  stdout       : /home/pi/actions-runner/_work/thin-edge.io/thin-edge.io/tests/PySys/log_request_end_to_end/log_request_num_lines/Output/linux/serv_mapper1.out
  stderr       : /home/pi/actions-runner/_work/thin-edge.io/thin-edge.io/tests/PySys/log_request_end_to_end/log_request_num_lines/Output/linux/serv_mapper1.err
  environment  : LD_LIBRARY_PATH=/usr/lib
  environment  : PATH=/bin:/usr/bin:/usr/sbin:/usr/local/bin
                   #1  /bin
                   #2  /usr/bin
                   #3  /usr/sbin
                   #4  /usr/local/bin
11:00:38 DEBUG Waiting up to 600 secs for process systemctl&lt;serv_mapper1&gt; (pid 30314)
11:00:39 INFO  Executed systemctl&lt;serv_mapper1&gt;, exit status 3
11:00:39 INFO  Restarting mosquitto too frequently in the last 10 seconds. It was only up for 3 seconds
11:00:39 INFO  Delaying execution by 8 seconds
11:00:47 DEBUG Process parameters for sudo&lt;tedge_connect_c8y&gt;
  command line : /usr/bin/sudo /usr/bin/tedge connect c8y
    arg #1     : /usr/bin/tedge
    arg #2     : connect
    arg #3     : c8y
  working dir  : /home/pi/actions-runner/_work/thin-edge.io/thin-edge.io/tests/PySys/log_request_end_to_end/log_request_num_lines/Output/linux
  stdout       : /home/pi/actions-runner/_work/thin-edge.io/thin-edge.io/tests/PySys/log_request_end_to_end/log_request_num_lines/Output/linux/tedge_connect_c8y.out
  stderr       : /home/pi/actions-runner/_work/thin-edge.io/thin-edge.io/tests/PySys/log_request_end_to_end/log_request_num_lines/Output/linux/tedge_connect_c8y.err
  environment  : LD_LIBRARY_PATH=/usr/lib
  environment  : PATH=/bin:/usr/bin:/usr/sbin:/usr/local/bin
                   #1  /bin
                   #2  /usr/bin
                   #3  /usr/sbin
                   #4  /usr/local/bin
11:00:47 DEBUG Waiting up to 600 secs for process sudo&lt;tedge_connect_c8y&gt; (pid 30355)
11:00:57 INFO  Executed sudo&lt;tedge_connect_c8y&gt;, exit status 0
11:00:57 DEBUG Process parameters for sudo&lt;tedge_connect_c8y_test&gt;
  command line : /usr/bin/sudo /usr/bin/tedge connect c8y --test
    arg #1     : /usr/bin/tedge
    arg #2     : connect
    arg #3     : c8y
    arg #4     : --test
  working dir  : /home/pi/actions-runner/_work/thin-edge.io/thin-edge.io/tests/PySys/log_request_end_to_end/log_request_num_lines/Output/linux
  stdout       : /home/pi/actions-runner/_work/thin-edge.io/thin-edge.io/tests/PySys/log_request_end_to_end/log_request_num_lines/Output/linux/tedge_connect_c8y_test.out
  stderr       : /home/pi/actions-runner/_work/thin-edge.io/thin-edge.io/tests/PySys/log_request_end_to_end/log_request_num_lines/Output/linux/tedge_connect_c8y_test.err
  environment  : LD_LIBRARY_PATH=/usr/lib
  environment  : PATH=/bin:/usr/bin:/usr/sbin:/usr/local/bin
                   #1  /bin
                   #2  /usr/bin
                   #3  /usr/sbin
                   #4  /usr/local/bin
11:00:57 DEBUG Waiting up to 600 secs for process sudo&lt;tedge_connect_c8y_test&gt; (pid 30519)
11:00:57 INFO  Executed sudo&lt;tedge_connect_c8y_test&gt;, exit status 0
11:00:57 DEBUG Process parameters for systemctl&lt;serv_mosq2&gt;
  command line : /usr/bin/systemctl status mosquitto
    arg #1     : status
    arg #2     : mosquitto
  working dir  : /home/pi/actions-runner/_work/thin-edge.io/thin-edge.io/tests/PySys/log_request_end_to_end/log_request_num_lines/Output/linux
  stdout       : /home/pi/actions-runner/_work/thin-edge.io/thin-edge.io/tests/PySys/log_request_end_to_end/log_request_num_lines/Output/linux/serv_mosq2.out
  stderr       : /home/pi/actions-runner/_work/thin-edge.io/thin-edge.io/tests/PySys/log_request_end_to_end/log_request_num_lines/Output/linux/serv_mosq2.err
  environment  : LD_LIBRARY_PATH=/usr/lib
  environment  : PATH=/bin:/usr/bin:/usr/sbin:/usr/local/bin
                   #1  /bin
                   #2  /usr/bin
                   #3  /usr/sbin
                   #4  /usr/local/bin
11:00:57 DEBUG Waiting up to 600 secs for process systemctl&lt;serv_mosq2&gt; (pid 30522)
11:00:58 INFO  Executed systemctl&lt;serv_mosq2&gt;, exit status 0
11:00:58 DEBUG Process parameters for systemctl&lt;serv_mapper3&gt;
  command line : /usr/bin/systemctl status tedge-mapper-c8y
    arg #1     : status
    arg #2     : tedge-mapper-c8y
  working dir  : /home/pi/actions-runner/_work/thin-edge.io/thin-edge.io/tests/PySys/log_request_end_to_end/log_request_num_lines/Output/linux
  stdout       : /home/pi/actions-runner/_work/thin-edge.io/thin-edge.io/tests/PySys/log_request_end_to_end/log_request_num_lines/Output/linux/serv_mapper3.out
  stderr       : /home/pi/actions-runner/_work/thin-edge.io/thin-edge.io/tests/PySys/log_request_end_to_end/log_request_num_lines/Output/linux/serv_mapper3.err
  environment  : LD_LIBRARY_PATH=/usr/lib
  environment  : PATH=/bin:/usr/bin:/usr/sbin:/usr/local/bin
                   #1  /bin
                   #2  /usr/bin
                   #3  /usr/sbin
                   #4  /usr/local/bin
11:00:58 DEBUG Waiting up to 600 secs for process systemctl&lt;serv_mapper3&gt; (pid 30523)
11:00:58 INFO  Executed systemctl&lt;serv_mapper3&gt;, exit status 0
11:00:58 DEBUG Process parameters for sudo&lt;rm_logs&gt;
  command line : /usr/bin/sudo rm -rf /tmp/sw_logs
    arg #1     : rm
    arg #2     : -rf
    arg #3     : /tmp/sw_logs
  working dir  : /home/pi/actions-runner/_work/thin-edge.io/thin-edge.io/tests/PySys/log_request_end_to_end/log_request_num_lines/Output/linux
  stdout       : /home/pi/actions-runner/_work/thin-edge.io/thin-edge.io/tests/PySys/log_request_end_to_end/log_request_num_lines/Output/linux/rm_logs.out
  stderr       : /home/pi/actions-runner/_work/thin-edge.io/thin-edge.io/tests/PySys/log_request_end_to_end/log_request_num_lines/Output/linux/rm_logs.err
  environment  : LD_LIBRARY_PATH=/usr/lib
  environment  : PATH=/bin:/usr/bin:/usr/sbin:/usr/local/bin
                   #1  /bin
                   #2  /usr/bin
                   #3  /usr/sbin
                   #4  /usr/local/bin
11:00:58 DEBUG Waiting up to 600 secs for process sudo&lt;rm_logs&gt; (pid 30526)
11:00:58 INFO  Executed sudo&lt;rm_logs&gt;, exit status 0
11:00:58 DEBUG Process parameters for sudo&lt;move_logs&gt;
  command line : /usr/bin/sudo sh -c 'mv /tmp/sw_logs/* /var/log/tedge/agent/'
    arg #1     : sh
    arg #2     : -c
    arg #3     : mv /tmp/sw_logs/* /var/log/tedge/agent/
  working dir  : /home/pi/actions-runner/_work/thin-edge.io/thin-edge.io/tests/PySys/log_request_end_to_end/log_request_num_lines/Output/linux
  stdout       : /home/pi/actions-runner/_work/thin-edge.io/thin-edge.io/tests/PySys/log_request_end_to_end/log_request_num_lines/Output/linux/move_logs.out
  stderr       : /home/pi/actions-runner/_work/thin-edge.io/thin-edge.io/tests/PySys/log_request_end_to_end/log_request_num_lines/Output/linux/move_logs.err
  environment  : LD_LIBRARY_PATH=/usr/lib
  environment  : PATH=/bin:/usr/bin:/usr/sbin:/usr/local/bin
                   #1  /bin
                   #2  /usr/bin
                   #3  /usr/sbin
                   #4  /usr/local/bin
11:00:58 DEBUG Waiting up to 600 secs for process sudo&lt;move_logs&gt; (pid 30528)
11:00:58 INFO  Executed sudo&lt;move_logs&gt;, exit status 0
11:00:58 DEBUG --- test execute
11:00:59 DEBUG --- test validate
11:00:59 INFO  log response None
11:01:00 INFO  log response None
11:01:01 INFO  log response None
11:01:02 INFO  log response None
11:01:04 INFO  log response None
11:01:05 INFO  log response None
11:01:06 INFO  log response None
11:01:07 INFO  log response None
11:01:08 INFO  log response None
11:01:09 INFO  log response None
11:01:11 INFO  log response None
11:01:12 INFO  log response None
11:01:13 INFO  log response None
11:01:14 INFO  log response None
11:01:15 INFO  log response None
11:01:17 INFO  log response None
11:01:18 INFO  log response None
11:01:19 INFO  log response None
11:01:20 INFO  log response None
11:01:21 INFO  log response None
11:01:21 WARN  caught &lt;class 'Exception'&gt; while running test: retry
Traceback (most recent call last):
  File "/home/pi/env-pysys/lib/python3.7/site-packages/pysys/baserunner.py", line 1211, in __call__
    self.testObj.validate()
  File "/home/pi/actions-runner/_work/thin-edge.io/thin-edge.io/tests/PySys/log_request_end_to_end/log_request_num_lines/run.py", line 44, in validate
    value=self.wait_until_logs_retrieved())
  File "/home/pi/env-pysys/lib/python3.7/site-packages/decorator.py", line 232, in fun
    return caller(func, *(extras + args), **kw)
  File "/home/pi/env-pysys/lib/python3.7/site-packages/retry/api.py", line 74, in retry_decorator
    logger)
  File "/home/pi/env-pysys/lib/python3.7/site-packages/retry/api.py", line 33, in __retry_internal
    return f()
  File "/home/pi/actions-runner/_work/thin-edge.io/thin-edge.io/tests/PySys/log_request_end_to_end/log_request_num_lines/run.py", line 52, in wait_until_logs_retrieved
    raise Exception("retry")
Exception: retry
11:01:21 WARN  Exception: retry ... blocked 
11:01:21 DEBUG --- test cleanup
11:01:21 INFO  
11:01:21 INFO  cleanup:
11:01:21 DEBUG Running registered cleanup function: &lt;bound method LogRequestVerifyNumberOfLines.cleanup_logs of &lt;LogRequestVerifyNumberOfLines object at 0x753b5c10&gt;&gt;
11:01:21 DEBUG Process parameters for sudo&lt;rm_logs&gt;
  command line : /usr/bin/sudo sh -c 'rm -rf /var/log/tedge/agent/example-*'
    arg #1     : sh
    arg #2     : -c
    arg #3     : rm -rf /var/log/tedge/agent/example-*
  working dir  : /home/pi/actions-runner/_work/thin-edge.io/thin-edge.io/tests/PySys/log_request_end_to_end/log_request_num_lines/Output/linux
  stdout       : /home/pi/actions-runner/_work/thin-edge.io/thin-edge.io/tests/PySys/log_request_end_to_end/log_request_num_lines/Output/linux/rm_logs.out
  stderr       : /home/pi/actions-runner/_work/thin-edge.io/thin-edge.io/tests/PySys/log_request_end_to_end/log_request_num_lines/Output/linux/rm_logs.err
  environment  : LD_LIBRARY_PATH=/usr/lib
  environment  : PATH=/bin:/usr/bin:/usr/sbin:/usr/local/bin
                   #1  /bin
                   #2  /usr/bin
                   #3  /usr/sbin
                   #4  /usr/local/bin
11:01:21 DEBUG Waiting up to 600 secs for process sudo&lt;rm_logs&gt; (pid 30631)
11:01:22 INFO  Executed sudo&lt;rm_logs&gt;, exit status 0
11:01:22 DEBUG Process parameters for sudo&lt;rm_tmp_logs&gt;
  command line : /usr/bin/sudo rm -rf /tmp/sw_logs
    arg #1     : rm
    arg #2     : -rf
    arg #3     : /tmp/sw_logs
  working dir  : /home/pi/actions-runner/_work/thin-edge.io/thin-edge.io/tests/PySys/log_request_end_to_end/log_request_num_lines/Output/linux
  stdout       : /home/pi/actions-runner/_work/thin-edge.io/thin-edge.io/tests/PySys/log_request_end_to_end/log_request_num_lines/Output/linux/rm_tmp_logs.out
  stderr       : /home/pi/actions-runner/_work/thin-edge.io/thin-edge.io/tests/PySys/log_request_end_to_end/log_request_num_lines/Output/linux/rm_tmp_logs.err
  environment  : LD_LIBRARY_PATH=/usr/lib
  environment  : PATH=/bin:/usr/bin:/usr/sbin:/usr/local/bin
                   #1  /bin
                   #2  /usr/bin
                   #3  /usr/sbin
                   #4  /usr/local/bin
11:01:22 DEBUG Waiting up to 600 secs for process sudo&lt;rm_tmp_logs&gt; (pid 30634)
11:01:22 INFO  Executed sudo&lt;rm_tmp_logs&gt;, exit status 0
11:01:22 DEBUG Process parameters for sudo&lt;send_failed&gt;
  command line : /usr/bin/sudo /usr/bin/tedge mqtt pub c8y/s/us 502,c8y_LogfileRequest
    arg #1     : /usr/bin/tedge
    arg #2     : mqtt
    arg #3     : pub
    arg #4     : c8y/s/us
    arg #5     : 502,c8y_LogfileRequest
  working dir  : /home/pi/actions-runner/_work/thin-edge.io/thin-edge.io/tests/PySys/log_request_end_to_end/log_request_num_lines/Output/linux
  stdout       : /home/pi/actions-runner/_work/thin-edge.io/thin-edge.io/tests/PySys/log_request_end_to_end/log_request_num_lines/Output/linux/send_failed.out
  stderr       : /home/pi/actions-runner/_work/thin-edge.io/thin-edge.io/tests/PySys/log_request_end_to_end/log_request_num_lines/Output/linux/send_failed.err
  environment  : LD_LIBRARY_PATH=/usr/lib
  environment  : PATH=/bin:/usr/bin:/usr/sbin:/usr/local/bin
                   #1  /bin
                   #2  /usr/bin
                   #3  /usr/sbin
                   #4  /usr/local/bin
11:01:22 DEBUG Waiting up to 600 secs for process sudo&lt;send_failed&gt; (pid 30636)
11:01:22 INFO  Executed sudo&lt;send_failed&gt;, exit status 0
11:01:22 DEBUG Running registered cleanup function: &lt;bound method EnvironmentC8y.myenvcleanup of &lt;LogRequestVerifyNumberOfLines object at 0x753b5c10&gt;&gt;
11:01:22 DEBUG EnvironmentC8y Cleanup
11:01:22 DEBUG Process parameters for sudo&lt;tedge_disconnect_c8y&gt;
  command line : /usr/bin/sudo /usr/bin/tedge disconnect c8y
    arg #1     : /usr/bin/tedge
    arg #2     : disconnect
    arg #3     : c8y
  working dir  : /home/pi/actions-runner/_work/thin-edge.io/thin-edge.io/tests/PySys/log_request_end_to_end/log_request_num_lines/Output/linux
  stdout       : /home/pi/actions-runner/_work/thin-edge.io/thin-edge.io/tests/PySys/log_request_end_to_end/log_request_num_lines/Output/linux/tedge_disconnect_c8y.out
  stderr       : /home/pi/actions-runner/_work/thin-edge.io/thin-edge.io/tests/PySys/log_request_end_to_end/log_request_num_lines/Output/linux/tedge_disconnect_c8y.err
  environment  : LD_LIBRARY_PATH=/usr/lib
  environment  : PATH=/bin:/usr/bin:/usr/sbin:/usr/local/bin
                   #1  /bin
                   #2  /usr/bin
                   #3  /usr/sbin
                   #4  /usr/local/bin
11:01:22 DEBUG Waiting up to 600 secs for process sudo&lt;tedge_disconnect_c8y&gt; (pid 30642)
11:01:24 INFO  Executed sudo&lt;tedge_disconnect_c8y&gt;, exit status 0
11:01:24 DEBUG Process parameters for systemctl&lt;serv_mapper5&gt;
  command line : /usr/bin/systemctl status tedge-mapper-c8y
    arg #1     : status
    arg #2     : tedge-mapper-c8y
  working dir  : /home/pi/actions-runner/_work/thin-edge.io/thin-edge.io/tests/PySys/log_request_end_to_end/log_request_num_lines/Output/linux
  stdout       : /home/pi/actions-runner/_work/thin-edge.io/thin-edge.io/tests/PySys/log_request_end_to_end/log_request_num_lines/Output/linux/serv_mapper5.out
  stderr       : /home/pi/actions-runner/_work/thin-edge.io/thin-edge.io/tests/PySys/log_request_end_to_end/log_request_num_lines/Output/linux/serv_mapper5.err
  environment  : LD_LIBRARY_PATH=/usr/lib
  environment  : PATH=/bin:/usr/bin:/usr/sbin:/usr/local/bin
                   #1  /bin
                   #2  /usr/bin
                   #3  /usr/sbin
                   #4  /usr/local/bin
11:01:24 DEBUG Waiting up to 600 secs for process systemctl&lt;serv_mapper5&gt; (pid 30694)
11:01:25 INFO  Executed systemctl&lt;serv_mapper5&gt;, exit status 3
11:01:25 DEBUG ProcessUser cleanup function done.
11:01:25 INFO  
11:01:25 INFO  Test duration: 46.09 secs
11:01:25 INFO  Test final outcome:  BLOCKED
11:01:25 INFO  Test outcome reason: Exception: retry
11:01:25 INFO  
</system-out>
	</testcase>
</testsuite><testsuite name="mapper_awaits_before_reconnect" tests="1" errors="0" failures="1" skipped="0" time="0"><testcase classname="MapperReconnectAwait" name="mapper_awaits_before_reconnect">
		<failure message="FAILED: Line count on tedge_mapper_journal.out for &quot;tedge_mapper::mapper: MQTT connection error:&quot; expected &gt;=2 but got 0" type="FAILED" />
		<system-out>11:14:01 INFO  ==============================================================
11:14:01 INFO  Id:    mapper_awaits_before_reconnect
11:14:01 INFO  Dir:   tedge_mapper_c8y/
11:14:01 INFO  Title: Validate mapper doesn't reconnect too often
11:14:01 DEBUG Execution order hint: 0.0
11:14:01 INFO  ==============================================================
11:14:01 DEBUG --- test execute
11:14:01 DEBUG Process parameters for mosquitto_sub
  command line : /usr/bin/mosquitto_sub -i tedge-mapper-c8y -t test
    arg #1     : -i
    arg #2     : tedge-mapper-c8y
    arg #3     : -t
    arg #4     : test
  working dir  : /home/pi/actions-runner/_work/thin-edge.io/thin-edge.io/tests/PySys/tedge_mapper_c8y/mapper_awaits_before_reconnect/Output/linux
  stdout       : /home/pi/actions-runner/_work/thin-edge.io/thin-edge.io/tests/PySys/tedge_mapper_c8y/mapper_awaits_before_reconnect/Output/linux/mosquitto_sub.out
  stderr       : /home/pi/actions-runner/_work/thin-edge.io/thin-edge.io/tests/PySys/tedge_mapper_c8y/mapper_awaits_before_reconnect/Output/linux/mosquitto_sub.err
  environment  : LD_LIBRARY_PATH=/usr/lib
  environment  : PATH=/bin:/usr/bin:/usr/sbin:/usr/local/bin
                   #1  /bin
                   #2  /usr/bin
                   #3  /usr/sbin
                   #4  /usr/local/bin
11:14:01 INFO  Started mosquitto_sub with process id 7661
11:14:01 INFO  Waiting for 0.1 seconds
11:14:02 DEBUG Process parameters for sudo&lt;tedge_mapper&gt;
  command line : /usr/bin/sudo systemctl start tedge-mapper-c8y
    arg #1     : systemctl
    arg #2     : start
    arg #3     : tedge-mapper-c8y
  working dir  : /home/pi/actions-runner/_work/thin-edge.io/thin-edge.io/tests/PySys/tedge_mapper_c8y/mapper_awaits_before_reconnect/Output/linux
  stdout       : /home/pi/actions-runner/_work/thin-edge.io/thin-edge.io/tests/PySys/tedge_mapper_c8y/mapper_awaits_before_reconnect/Output/linux/tedge_mapper.out
  stderr       : /home/pi/actions-runner/_work/thin-edge.io/thin-edge.io/tests/PySys/tedge_mapper_c8y/mapper_awaits_before_reconnect/Output/linux/tedge_mapper.err
  environment  : LD_LIBRARY_PATH=/usr/lib
  environment  : PATH=/bin:/usr/bin:/usr/sbin:/usr/local/bin
                   #1  /bin
                   #2  /usr/bin
                   #3  /usr/sbin
                   #4  /usr/local/bin
11:14:02 DEBUG Waiting up to 600 secs for process sudo&lt;tedge_mapper&gt; (pid 7662)
11:14:02 INFO  Executed sudo&lt;tedge_mapper&gt;, exit status 0
11:14:02 INFO  Waiting for 5.0 seconds
11:14:07 DEBUG Process parameters for sudo&lt;tedge_mapper&gt;
  command line : /usr/bin/sudo systemctl stop tedge-mapper-c8y
    arg #1     : systemctl
    arg #2     : stop
    arg #3     : tedge-mapper-c8y
  working dir  : /home/pi/actions-runner/_work/thin-edge.io/thin-edge.io/tests/PySys/tedge_mapper_c8y/mapper_awaits_before_reconnect/Output/linux
  stdout       : /home/pi/actions-runner/_work/thin-edge.io/thin-edge.io/tests/PySys/tedge_mapper_c8y/mapper_awaits_before_reconnect/Output/linux/tedge_mapper.out
  stderr       : /home/pi/actions-runner/_work/thin-edge.io/thin-edge.io/tests/PySys/tedge_mapper_c8y/mapper_awaits_before_reconnect/Output/linux/tedge_mapper.err
  environment  : LD_LIBRARY_PATH=/usr/lib
  environment  : PATH=/bin:/usr/bin:/usr/sbin:/usr/local/bin
                   #1  /bin
                   #2  /usr/bin
                   #3  /usr/sbin
                   #4  /usr/local/bin
11:14:07 DEBUG Waiting up to 600 secs for process sudo&lt;tedge_mapper&gt; (pid 7695)
11:14:07 INFO  Executed sudo&lt;tedge_mapper&gt;, exit status 0
11:14:07 DEBUG --- test validate
11:14:07 DEBUG Process parameters for sudo&lt;tedge_mapper_journal&gt;
  command line : /usr/bin/sudo journalctl -u tedge-mapper-c8y.service --since '2022-02-22 11:14:02' --until '2022-02-22 11:14:07'
    arg #1     : journalctl
    arg #2     : -u
    arg #3     : tedge-mapper-c8y.service
    arg #4     : --since
    arg #5     : 2022-02-22 11:14:02
    arg #6     : --until
    arg #7     : 2022-02-22 11:14:07
  working dir  : /home/pi/actions-runner/_work/thin-edge.io/thin-edge.io/tests/PySys/tedge_mapper_c8y/mapper_awaits_before_reconnect/Output/linux
  stdout       : /home/pi/actions-runner/_work/thin-edge.io/thin-edge.io/tests/PySys/tedge_mapper_c8y/mapper_awaits_before_reconnect/Output/linux/tedge_mapper_journal.out
  stderr       : /home/pi/actions-runner/_work/thin-edge.io/thin-edge.io/tests/PySys/tedge_mapper_c8y/mapper_awaits_before_reconnect/Output/linux/tedge_mapper_journal.err
  environment  : LD_LIBRARY_PATH=/usr/lib
  environment  : PATH=/bin:/usr/bin:/usr/sbin:/usr/local/bin
                   #1  /bin
                   #2  /usr/bin
                   #3  /usr/sbin
                   #4  /usr/local/bin
11:14:07 DEBUG Waiting up to 600 secs for process sudo&lt;tedge_mapper_journal&gt; (pid 7697)
11:14:07 INFO  Executed sudo&lt;tedge_mapper_journal&gt;, exit status 0
11:14:07 DEBUG Performing regex contains=True grep on file: /home/pi/actions-runner/_work/thin-edge.io/thin-edge.io/tests/PySys/tedge_mapper_c8y/mapper_awaits_before_reconnect/Output/linux/tedge_mapper_journal.out
11:14:07 DEBUG Grep on input file tedge_mapper_journal.out successfully matched expression "ERROR" with line: 'Feb 22 11:14:03 raspberrypi tedge_mapper[7664]: 2022-02-22T10:14:03.322816023Z ERROR tedge_mapper::core::mapper: MQTT connection error: Mqtt state: Io error Custom { kind: ConnectionAborted, error: "connection closed by peer" }\n'
11:14:07 INFO  Grep on input file tedge_mapper_journal.out ... passed
11:14:07 DEBUG Number of matching lines in /home/pi/actions-runner/_work/thin-edge.io/thin-edge.io/tests/PySys/tedge_mapper_c8y/mapper_awaits_before_reconnect/Output/linux/tedge_mapper_journal.out is 0
11:14:07 INFO  Line count on input file tedge_mapper_journal.out ... passed
11:14:07 DEBUG Number of matching lines in /home/pi/actions-runner/_work/thin-edge.io/thin-edge.io/tests/PySys/tedge_mapper_c8y/mapper_awaits_before_reconnect/Output/linux/tedge_mapper_journal.out is 0
11:14:07 WARN  Line count on tedge_mapper_journal.out for "tedge_mapper::mapper: MQTT connection error:" expected &gt;=2 but got 0 ... failed [run.py:70]
11:14:07 WARN  Aborted test due to FAILED outcome
11:14:07 DEBUG --- test cleanup
11:14:07 DEBUG Failed to kill process group (but process itself was killed fine) for mosquitto_sub: name 'SIGTERM' is not defined
11:14:07 DEBUG Waiting up to 30 secs for process mosquitto_sub (pid 7661)
11:14:08 DEBUG ProcessUser cleanup function done.
11:14:08 INFO  
11:14:08 INFO  Test duration: 6.08 secs
11:14:08 INFO  Test final outcome:  FAILED
11:14:08 INFO  Test outcome reason: Line count on tedge_mapper_journal.out for "tedge_mapper::mapper: MQTT connection error:" expected &gt;=2 but got 0
11:14:08 INFO  
</system-out>
	</testcase>
</testsuite><testsuite name="monitoring_smaller_interval" tests="1" errors="0" failures="0" skipped="0" time="0"><testcase classname="MonitoringSmallInterval" name="monitoring_smaller_interval" />
</testsuite><testsuite name="monitoring_with_collectd" tests="1" errors="0" failures="0" skipped="0" time="0"><testcase classname="MonitoringWithCollectd" name="monitoring_with_collectd" />
</testsuite><testsuite name="monitoring_with_simulated_messages" tests="1" errors="0" failures="0" skipped="0" time="0"><testcase classname="MonitoringWithSimulatedMessages" name="monitoring_with_simulated_messages" />
</testsuite><testsuite name="mqtt_port_change_connection_fails" tests="1" errors="0" failures="0" skipped="0" time="0"><testcase classname="MqttPortChangeConnectionFails" name="mqtt_port_change_connection_fails" />
</testsuite><testsuite name="mqtt_port_change_connection_works" tests="1" errors="0" failures="0" skipped="0" time="0"><testcase classname="MqttPortChangeConnectionWorks" name="mqtt_port_change_connection_works" />
</testsuite><testsuite name="mqtt_port_set" tests="1" errors="0" failures="0" skipped="0" time="0"><testcase classname="MqttPortSet" name="mqtt_port_set" />
</testsuite><testsuite name="mqtt_port_unset" tests="1" errors="0" failures="0" skipped="0" time="0"><testcase classname="MqttPortUnSet" name="mqtt_port_unset" />
</testsuite><testsuite name="publish_flux" tests="1" errors="0" failures="0" skipped="0" time="0"><testcase classname="PublishFlux" name="publish_flux" />
</testsuite><testsuite name="publish_sawmill" tests="1" errors="0" failures="0" skipped="0" time="0"><testcase classname="PublishSawmill" name="publish_sawmill" />
</testsuite><testsuite name="runtime_start_two_mappers" tests="1" errors="0" failures="0" skipped="0" time="0"><testcase classname="RuntimeMultiMappers" name="runtime_start_two_mappers" />
</testsuite><testsuite name="sm_tedge_mapper_init_session" tests="1" errors="0" failures="1" skipped="0" time="0"><testcase classname="TedgeSMMapperInitSession" name="sm_tedge_mapper_init_session">
		<failure message="BLOCKED: sudo&lt;stop_tedge_mapper&gt; returned non-zero exit code 5" type="BLOCKED" />
		<system-out>11:14:09 INFO  ==============================================================
11:14:09 INFO  Id:    sm_tedge_mapper_init_session
11:14:09 INFO  Dir:   tedge_mapper_c8y/
11:14:09 INFO  Title: Validate tedge_mapper_sm_c8y init session feature
11:14:09 DEBUG Execution order hint: 0.0
11:14:09 INFO  ==============================================================
11:14:09 DEBUG EnvironmentC8y Setup
11:14:09 INFO  EnvironmentC8y Setup
11:14:09 DEBUG Process parameters for systemctl&lt;serv_mapper1&gt;
  command line : /usr/bin/systemctl status tedge-mapper-c8y
    arg #1     : status
    arg #2     : tedge-mapper-c8y
  working dir  : /home/pi/actions-runner/_work/thin-edge.io/thin-edge.io/tests/PySys/tedge_mapper_c8y/sm_tedge_mapper_init_session/Output/linux
  stdout       : /home/pi/actions-runner/_work/thin-edge.io/thin-edge.io/tests/PySys/tedge_mapper_c8y/sm_tedge_mapper_init_session/Output/linux/serv_mapper1.out
  stderr       : /home/pi/actions-runner/_work/thin-edge.io/thin-edge.io/tests/PySys/tedge_mapper_c8y/sm_tedge_mapper_init_session/Output/linux/serv_mapper1.err
  environment  : LD_LIBRARY_PATH=/usr/lib
  environment  : PATH=/bin:/usr/bin:/usr/sbin:/usr/local/bin
                   #1  /bin
                   #2  /usr/bin
                   #3  /usr/sbin
                   #4  /usr/local/bin
11:14:09 DEBUG Waiting up to 600 secs for process systemctl&lt;serv_mapper1&gt; (pid 7716)
11:14:09 INFO  Executed systemctl&lt;serv_mapper1&gt;, exit status 3
11:14:09 DEBUG Process parameters for sudo&lt;tedge_connect_c8y&gt;
  command line : /usr/bin/sudo /usr/bin/tedge connect c8y
    arg #1     : /usr/bin/tedge
    arg #2     : connect
    arg #3     : c8y
  working dir  : /home/pi/actions-runner/_work/thin-edge.io/thin-edge.io/tests/PySys/tedge_mapper_c8y/sm_tedge_mapper_init_session/Output/linux
  stdout       : /home/pi/actions-runner/_work/thin-edge.io/thin-edge.io/tests/PySys/tedge_mapper_c8y/sm_tedge_mapper_init_session/Output/linux/tedge_connect_c8y.out
  stderr       : /home/pi/actions-runner/_work/thin-edge.io/thin-edge.io/tests/PySys/tedge_mapper_c8y/sm_tedge_mapper_init_session/Output/linux/tedge_connect_c8y.err
  environment  : LD_LIBRARY_PATH=/usr/lib
  environment  : PATH=/bin:/usr/bin:/usr/sbin:/usr/local/bin
                   #1  /bin
                   #2  /usr/bin
                   #3  /usr/sbin
                   #4  /usr/local/bin
11:14:09 DEBUG Waiting up to 600 secs for process sudo&lt;tedge_connect_c8y&gt; (pid 7720)
11:14:19 INFO  Executed sudo&lt;tedge_connect_c8y&gt;, exit status 0
11:14:19 DEBUG Process parameters for sudo&lt;tedge_connect_c8y_test&gt;
  command line : /usr/bin/sudo /usr/bin/tedge connect c8y --test
    arg #1     : /usr/bin/tedge
    arg #2     : connect
    arg #3     : c8y
    arg #4     : --test
  working dir  : /home/pi/actions-runner/_work/thin-edge.io/thin-edge.io/tests/PySys/tedge_mapper_c8y/sm_tedge_mapper_init_session/Output/linux
  stdout       : /home/pi/actions-runner/_work/thin-edge.io/thin-edge.io/tests/PySys/tedge_mapper_c8y/sm_tedge_mapper_init_session/Output/linux/tedge_connect_c8y_test.out
  stderr       : /home/pi/actions-runner/_work/thin-edge.io/thin-edge.io/tests/PySys/tedge_mapper_c8y/sm_tedge_mapper_init_session/Output/linux/tedge_connect_c8y_test.err
  environment  : LD_LIBRARY_PATH=/usr/lib
  environment  : PATH=/bin:/usr/bin:/usr/sbin:/usr/local/bin
                   #1  /bin
                   #2  /usr/bin
                   #3  /usr/sbin
                   #4  /usr/local/bin
11:14:19 DEBUG Waiting up to 600 secs for process sudo&lt;tedge_connect_c8y_test&gt; (pid 7882)
11:14:19 INFO  Executed sudo&lt;tedge_connect_c8y_test&gt;, exit status 0
11:14:20 DEBUG Process parameters for systemctl&lt;serv_mosq2&gt;
  command line : /usr/bin/systemctl status mosquitto
    arg #1     : status
    arg #2     : mosquitto
  working dir  : /home/pi/actions-runner/_work/thin-edge.io/thin-edge.io/tests/PySys/tedge_mapper_c8y/sm_tedge_mapper_init_session/Output/linux
  stdout       : /home/pi/actions-runner/_work/thin-edge.io/thin-edge.io/tests/PySys/tedge_mapper_c8y/sm_tedge_mapper_init_session/Output/linux/serv_mosq2.out
  stderr       : /home/pi/actions-runner/_work/thin-edge.io/thin-edge.io/tests/PySys/tedge_mapper_c8y/sm_tedge_mapper_init_session/Output/linux/serv_mosq2.err
  environment  : LD_LIBRARY_PATH=/usr/lib
  environment  : PATH=/bin:/usr/bin:/usr/sbin:/usr/local/bin
                   #1  /bin
                   #2  /usr/bin
                   #3  /usr/sbin
                   #4  /usr/local/bin
11:14:20 DEBUG Waiting up to 600 secs for process systemctl&lt;serv_mosq2&gt; (pid 7885)
11:14:20 INFO  Executed systemctl&lt;serv_mosq2&gt;, exit status 0
11:14:20 DEBUG Process parameters for systemctl&lt;serv_mapper3&gt;
  command line : /usr/bin/systemctl status tedge-mapper-c8y
    arg #1     : status
    arg #2     : tedge-mapper-c8y
  working dir  : /home/pi/actions-runner/_work/thin-edge.io/thin-edge.io/tests/PySys/tedge_mapper_c8y/sm_tedge_mapper_init_session/Output/linux
  stdout       : /home/pi/actions-runner/_work/thin-edge.io/thin-edge.io/tests/PySys/tedge_mapper_c8y/sm_tedge_mapper_init_session/Output/linux/serv_mapper3.out
  stderr       : /home/pi/actions-runner/_work/thin-edge.io/thin-edge.io/tests/PySys/tedge_mapper_c8y/sm_tedge_mapper_init_session/Output/linux/serv_mapper3.err
  environment  : LD_LIBRARY_PATH=/usr/lib
  environment  : PATH=/bin:/usr/bin:/usr/sbin:/usr/local/bin
                   #1  /bin
                   #2  /usr/bin
                   #3  /usr/sbin
                   #4  /usr/local/bin
11:14:20 DEBUG Waiting up to 600 secs for process systemctl&lt;serv_mapper3&gt; (pid 7888)
11:14:20 INFO  Executed systemctl&lt;serv_mapper3&gt;, exit status 0
11:14:20 DEBUG --- test execute
11:14:20 DEBUG Process parameters for sudo&lt;stop_tedge_mapper&gt;
  command line : /usr/bin/sudo systemctl stop tedge-mapper-sm-c8y
    arg #1     : systemctl
    arg #2     : stop
    arg #3     : tedge-mapper-sm-c8y
  working dir  : /home/pi/actions-runner/_work/thin-edge.io/thin-edge.io/tests/PySys/tedge_mapper_c8y/sm_tedge_mapper_init_session/Output/linux
  stdout       : /home/pi/actions-runner/_work/thin-edge.io/thin-edge.io/tests/PySys/tedge_mapper_c8y/sm_tedge_mapper_init_session/Output/linux/stop_tedge_mapper.out
  stderr       : /home/pi/actions-runner/_work/thin-edge.io/thin-edge.io/tests/PySys/tedge_mapper_c8y/sm_tedge_mapper_init_session/Output/linux/stop_tedge_mapper.err
  environment  : LD_LIBRARY_PATH=/usr/lib
  environment  : PATH=/bin:/usr/bin:/usr/sbin:/usr/local/bin
                   #1  /bin
                   #2  /usr/bin
                   #3  /usr/sbin
                   #4  /usr/local/bin
11:14:20 DEBUG Waiting up to 600 secs for process sudo&lt;stop_tedge_mapper&gt; (pid 7889)
11:14:20 WARN  Executed sudo&lt;stop_tedge_mapper&gt;, exit status 5
11:14:20 DEBUG Opening file using encoding=UTF-8: /home/pi/actions-runner/_work/thin-edge.io/thin-edge.io/tests/PySys/tedge_mapper_c8y/sm_tedge_mapper_init_session/Output/linux/stop_tedge_mapper.err
11:14:20 INFO  Contents of stop_tedge_mapper.err: 
11:14:20 INFO    Failed to stop tedge-mapper-sm-c8y.service: Unit tedge-mapper-sm-c8y.service not loaded.
11:14:20 INFO    -----
11:14:20 INFO  
11:14:20 WARN  sudo&lt;stop_tedge_mapper&gt; returned non-zero exit code 5 ... blocked [run.py:39]
11:14:20 WARN  Aborted test due to BLOCKED outcome
11:14:20 DEBUG --- test cleanup
11:14:20 INFO  
11:14:20 INFO  cleanup:
11:14:20 DEBUG Running registered cleanup function: &lt;bound method TedgeSMMapperInitSession.init_cleanup of &lt;TedgeSMMapperInitSession object at 0x75195190&gt;&gt;
11:14:20 DEBUG EnvironmentC8y Cleanup
11:14:20 DEBUG Process parameters for sudo&lt;tedge_disconnect_c8y&gt;
  command line : /usr/bin/sudo /usr/bin/tedge disconnect c8y
    arg #1     : /usr/bin/tedge
    arg #2     : disconnect
    arg #3     : c8y
  working dir  : /home/pi/actions-runner/_work/thin-edge.io/thin-edge.io/tests/PySys/tedge_mapper_c8y/sm_tedge_mapper_init_session/Output/linux
  stdout       : /home/pi/actions-runner/_work/thin-edge.io/thin-edge.io/tests/PySys/tedge_mapper_c8y/sm_tedge_mapper_init_session/Output/linux/tedge_disconnect_c8y.out
  stderr       : /home/pi/actions-runner/_work/thin-edge.io/thin-edge.io/tests/PySys/tedge_mapper_c8y/sm_tedge_mapper_init_session/Output/linux/tedge_disconnect_c8y.err
  environment  : LD_LIBRARY_PATH=/usr/lib
  environment  : PATH=/bin:/usr/bin:/usr/sbin:/usr/local/bin
                   #1  /bin
                   #2  /usr/bin
                   #3  /usr/sbin
                   #4  /usr/local/bin
11:14:20 DEBUG Waiting up to 600 secs for process sudo&lt;tedge_disconnect_c8y&gt; (pid 7894)
11:14:23 INFO  Executed sudo&lt;tedge_disconnect_c8y&gt;, exit status 0
11:14:23 DEBUG Process parameters for systemctl&lt;serv_mapper5&gt;
  command line : /usr/bin/systemctl status tedge-mapper-c8y
    arg #1     : status
    arg #2     : tedge-mapper-c8y
  working dir  : /home/pi/actions-runner/_work/thin-edge.io/thin-edge.io/tests/PySys/tedge_mapper_c8y/sm_tedge_mapper_init_session/Output/linux
  stdout       : /home/pi/actions-runner/_work/thin-edge.io/thin-edge.io/tests/PySys/tedge_mapper_c8y/sm_tedge_mapper_init_session/Output/linux/serv_mapper5.out
  stderr       : /home/pi/actions-runner/_work/thin-edge.io/thin-edge.io/tests/PySys/tedge_mapper_c8y/sm_tedge_mapper_init_session/Output/linux/serv_mapper5.err
  environment  : LD_LIBRARY_PATH=/usr/lib
  environment  : PATH=/bin:/usr/bin:/usr/sbin:/usr/local/bin
                   #1  /bin
                   #2  /usr/bin
                   #3  /usr/sbin
                   #4  /usr/local/bin
11:14:23 DEBUG Waiting up to 600 secs for process systemctl&lt;serv_mapper5&gt; (pid 7946)
11:14:23 INFO  Executed systemctl&lt;serv_mapper5&gt;, exit status 3
11:14:23 DEBUG Running registered cleanup function: &lt;bound method EnvironmentC8y.myenvcleanup of &lt;TedgeSMMapperInitSession object at 0x75195190&gt;&gt;
11:14:23 DEBUG EnvironmentC8y Cleanup
11:14:23 INFO  Restarting mosquitto too frequently in the last 10 seconds. It was only up for 2 seconds
11:14:23 INFO  Delaying execution by 9 seconds
11:14:32 DEBUG Process parameters for sudo&lt;tedge_disconnect_c8y&gt;
  command line : /usr/bin/sudo /usr/bin/tedge disconnect c8y
    arg #1     : /usr/bin/tedge
    arg #2     : disconnect
    arg #3     : c8y
  working dir  : /home/pi/actions-runner/_work/thin-edge.io/thin-edge.io/tests/PySys/tedge_mapper_c8y/sm_tedge_mapper_init_session/Output/linux
  stdout       : /home/pi/actions-runner/_work/thin-edge.io/thin-edge.io/tests/PySys/tedge_mapper_c8y/sm_tedge_mapper_init_session/Output/linux/tedge_disconnect_c8y.out
  stderr       : /home/pi/actions-runner/_work/thin-edge.io/thin-edge.io/tests/PySys/tedge_mapper_c8y/sm_tedge_mapper_init_session/Output/linux/tedge_disconnect_c8y.err
  environment  : LD_LIBRARY_PATH=/usr/lib
  environment  : PATH=/bin:/usr/bin:/usr/sbin:/usr/local/bin
                   #1  /bin
                   #2  /usr/bin
                   #3  /usr/sbin
                   #4  /usr/local/bin
11:14:32 DEBUG Waiting up to 600 secs for process sudo&lt;tedge_disconnect_c8y&gt; (pid 7987)
11:14:32 INFO  Executed sudo&lt;tedge_disconnect_c8y&gt;, exit status 0
11:14:32 DEBUG Process parameters for systemctl&lt;serv_mapper5&gt;
  command line : /usr/bin/systemctl status tedge-mapper-c8y
    arg #1     : status
    arg #2     : tedge-mapper-c8y
  working dir  : /home/pi/actions-runner/_work/thin-edge.io/thin-edge.io/tests/PySys/tedge_mapper_c8y/sm_tedge_mapper_init_session/Output/linux
  stdout       : /home/pi/actions-runner/_work/thin-edge.io/thin-edge.io/tests/PySys/tedge_mapper_c8y/sm_tedge_mapper_init_session/Output/linux/serv_mapper5.out
  stderr       : /home/pi/actions-runner/_work/thin-edge.io/thin-edge.io/tests/PySys/tedge_mapper_c8y/sm_tedge_mapper_init_session/Output/linux/serv_mapper5.err
  environment  : LD_LIBRARY_PATH=/usr/lib
  environment  : PATH=/bin:/usr/bin:/usr/sbin:/usr/local/bin
                   #1  /bin
                   #2  /usr/bin
                   #3  /usr/sbin
                   #4  /usr/local/bin
11:14:32 DEBUG Waiting up to 600 secs for process systemctl&lt;serv_mapper5&gt; (pid 7989)
11:14:33 INFO  Executed systemctl&lt;serv_mapper5&gt;, exit status 3
11:14:33 DEBUG ProcessUser cleanup function done.
11:14:33 INFO  
11:14:33 INFO  Test duration: 23.98 secs
11:14:33 INFO  Test final outcome:  BLOCKED
11:14:33 INFO  Test outcome reason: sudo&lt;stop_tedge_mapper&gt; returned non-zero exit code 5
11:14:33 INFO  
</system-out>
	</testcase>
</testsuite><testsuite name="smoketest_json" tests="1" errors="0" failures="0" skipped="0" time="0"><testcase classname="SmokeTestJson" name="smoketest_json" />
</testsuite><testsuite name="smoketest_json_400_samples_10ms" tests="1" errors="0" failures="0" skipped="0" time="0"><testcase classname="SmoketestJson400Samples10ms" name="smoketest_json_400_samples_10ms" />
</testsuite><testsuite name="smoketest_json_400_samples_20ms" tests="1" errors="0" failures="0" skipped="0" time="0"><testcase classname="SmoketestJson400Samples20ms" name="smoketest_json_400_samples_20ms" />
</testsuite><testsuite name="smoketest_smartrest" tests="1" errors="0" failures="0" skipped="0" time="0"><testcase classname="SmoketestSmartRest" name="smoketest_smartrest" />
</testsuite><testsuite name="smoketest_smartrest_400_samples_1Xms" tests="1" errors="0" failures="0" skipped="0" time="0"><testcase classname="SmoketestSmartRest400Samples1Xms" name="smoketest_smartrest_400_samples_1Xms" />
</testsuite><testsuite name="smoketest_smartrest_400_samples_20ms" tests="1" errors="0" failures="0" skipped="0" time="0"><testcase classname="SmoketestSmartRest400Samples20ms" name="smoketest_smartrest_400_samples_20ms" />
</testsuite><testsuite name="tedge_agent_user_sudo_access" tests="1" errors="0" failures="1" skipped="0" time="0"><testcase classname="TedgeAgentUserSudoAccess" name="tedge_agent_user_sudo_access">
		<failure message="BLOCKED: sudo&lt;apt&gt; returned exit code 2 (expected ==1)" type="BLOCKED" />
		<system-out>11:12:19 INFO  ==============================================================
11:12:19 INFO  Id:    tedge_agent_user_sudo_access
11:12:20 INFO  Dir:   tedge/
11:12:20 INFO  Title: Validate tedge-agent user has a limited sudo right
11:12:20 DEBUG Execution order hint: 0.0
11:12:20 INFO  ==============================================================
11:12:20 INFO  Copy apt plugin 'deb'
11:12:20 DEBUG Process parameters for sudo&lt;copy_apt_plugin&gt;
  command line : /usr/bin/sudo cp /etc/tedge/sm-plugins/apt /etc/tedge/sm-plugins/deb
    arg #1     : cp
    arg #2     : /etc/tedge/sm-plugins/apt
    arg #3     : /etc/tedge/sm-plugins/deb
  working dir  : /home/pi/actions-runner/_work/thin-edge.io/thin-edge.io/tests/PySys/tedge/tedge_agent_user_sudo_access/Output/linux
  stdout       : /home/pi/actions-runner/_work/thin-edge.io/thin-edge.io/tests/PySys/tedge/tedge_agent_user_sudo_access/Output/linux/copy_apt_plugin.out
  stderr       : /home/pi/actions-runner/_work/thin-edge.io/thin-edge.io/tests/PySys/tedge/tedge_agent_user_sudo_access/Output/linux/copy_apt_plugin.err
  environment  : LD_LIBRARY_PATH=/usr/lib
  environment  : PATH=/bin:/usr/bin:/usr/sbin:/usr/local/bin
                   #1  /bin
                   #2  /usr/bin
                   #3  /usr/sbin
                   #4  /usr/local/bin
11:12:20 DEBUG Waiting up to 600 secs for process sudo&lt;copy_apt_plugin&gt; (pid 6418)
11:12:20 INFO  Executed sudo&lt;copy_apt_plugin&gt;, exit status 0
11:12:20 DEBUG --- test execute
11:12:20 DEBUG Process parameters for sudo&lt;apt&gt;
  command line : /usr/bin/sudo -u tedge-agent /usr/bin/sudo /etc/tedge/sm-plugins/apt
    arg #1     : -u
    arg #2     : tedge-agent
    arg #3     : /usr/bin/sudo
    arg #4     : /etc/tedge/sm-plugins/apt
  working dir  : /home/pi/actions-runner/_work/thin-edge.io/thin-edge.io/tests/PySys/tedge/tedge_agent_user_sudo_access/Output/linux
  stdout       : /home/pi/actions-runner/_work/thin-edge.io/thin-edge.io/tests/PySys/tedge/tedge_agent_user_sudo_access/Output/linux/apt.out
  stderr       : /home/pi/actions-runner/_work/thin-edge.io/thin-edge.io/tests/PySys/tedge/tedge_agent_user_sudo_access/Output/linux/apt.err
  environment  : LD_LIBRARY_PATH=/usr/lib
  environment  : PATH=/bin:/usr/bin:/usr/sbin:/usr/local/bin
                   #1  /bin
                   #2  /usr/bin
                   #3  /usr/sbin
                   #4  /usr/local/bin
11:12:20 DEBUG Waiting up to 600 secs for process sudo&lt;apt&gt; (pid 6420)
11:12:20 WARN  Executed sudo&lt;apt&gt;, exit status 2
11:12:20 DEBUG Opening file using encoding=UTF-8: /home/pi/actions-runner/_work/thin-edge.io/thin-edge.io/tests/PySys/tedge/tedge_agent_user_sudo_access/Output/linux/apt.err
11:12:20 INFO  Contents of apt.err: 
11:12:20 INFO    tedge_apt_plugin
11:12:20 INFO    USAGE:
11:12:20 INFO        apt &lt;SUBCOMMAND&gt;
11:12:20 INFO    OPTIONS:
11:12:20 INFO        -h, --help    Print help information
11:12:20 INFO    SUBCOMMANDS:
11:12:20 INFO        finalize       Finalize a sequences of install/remove commands
11:12:20 INFO        help           Print this message or the help of the given subcommand(s)
11:12:20 INFO        install        Install a module
11:12:20 INFO        list           List all the installed modules
11:12:20 INFO        prepare        Prepare a sequences of install/remove commands
11:12:20 INFO        remove         Uninstall a module
11:12:20 INFO        update-list    Install or remove multiple modules at once
11:12:20 INFO    -----
11:12:20 INFO  
11:12:20 WARN  sudo&lt;apt&gt; returned exit code 2 (expected ==1) ... blocked [run.py:35]
11:12:20 WARN  Aborted test due to BLOCKED outcome
11:12:20 DEBUG --- test cleanup
11:12:20 INFO  
11:12:20 INFO  cleanup:
11:12:20 DEBUG Running registered cleanup function: &lt;bound method TedgeAgentUserSudoAccess.mycleanup of &lt;TedgeAgentUserSudoAccess object at 0x75242f70&gt;&gt;
11:12:20 INFO  Remove the copied apt 'deb' plugin
11:12:20 DEBUG Process parameters for sudo&lt;remove_copied_apt_plugin&gt;
  command line : /usr/bin/sudo rm /etc/tedge/sm-plugins/deb
    arg #1     : rm
    arg #2     : /etc/tedge/sm-plugins/deb
  working dir  : /home/pi/actions-runner/_work/thin-edge.io/thin-edge.io/tests/PySys/tedge/tedge_agent_user_sudo_access/Output/linux
  stdout       : /home/pi/actions-runner/_work/thin-edge.io/thin-edge.io/tests/PySys/tedge/tedge_agent_user_sudo_access/Output/linux/remove_copied_apt_plugin.out
  stderr       : /home/pi/actions-runner/_work/thin-edge.io/thin-edge.io/tests/PySys/tedge/tedge_agent_user_sudo_access/Output/linux/remove_copied_apt_plugin.err
  environment  : LD_LIBRARY_PATH=/usr/lib
  environment  : PATH=/bin:/usr/bin:/usr/sbin:/usr/local/bin
                   #1  /bin
                   #2  /usr/bin
                   #3  /usr/sbin
                   #4  /usr/local/bin
11:12:20 DEBUG Waiting up to 600 secs for process sudo&lt;remove_copied_apt_plugin&gt; (pid 6423)
11:12:20 INFO  Executed sudo&lt;remove_copied_apt_plugin&gt;, exit status 0
11:12:20 DEBUG ProcessUser cleanup function done.
11:12:20 INFO  
11:12:20 INFO  Test duration: 0.81 secs
11:12:20 INFO  Test final outcome:  BLOCKED
11:12:20 INFO  Test outcome reason: sudo&lt;apt&gt; returned exit code 2 (expected ==1)
11:12:20 INFO  
</system-out>
	</testcase>
</testsuite><testsuite name="tedge_connect_test_negative" tests="1" errors="0" failures="0" skipped="0" time="0"><testcase classname="TedgeConnectTestNegative" name="tedge_connect_test_negative" />
</testsuite><testsuite name="tedge_connect_test_positive" tests="1" errors="0" failures="0" skipped="0" time="0"><testcase classname="TedgeConnectTestPositive" name="tedge_connect_test_positive" />
</testsuite><testsuite name="tedge_connect_test_sm_services" tests="1" errors="0" failures="1" skipped="0" time="0"><testcase classname="TedgeConnectTestSMServices" name="tedge_connect_test_sm_services">
		<failure message="BLOCKED: Grep on tedge_connect.out contains &quot;tedge-mapper-c8y service successfully started and enabled!&quot; failed due to &lt;class 'pysys.exceptions.FileNotFoundException'&gt;: unable to find file &quot;/home/pi/actions-runner/_work/thin-edge.io/thin-edge.io/tests/PySys/tedge_connect/tedge_connect_test_sm_services/Output/linux/tedge_connect.out&quot;" type="BLOCKED" />
		<system-out>11:13:02 INFO  ==============================================================
11:13:02 INFO  Id:    tedge_connect_test_sm_services
11:13:02 INFO  Dir:   tedge_connect/
11:13:02 INFO  Title: Validate Software Management Services started and enabled on tedge connect c8y
11:13:02 DEBUG Execution order hint: 0.0
11:13:02 INFO  ==============================================================
11:13:02 DEBUG EnvironmentC8y Setup
11:13:02 INFO  EnvironmentC8y Setup
11:13:02 DEBUG Process parameters for systemctl&lt;serv_mapper1&gt;
  command line : /usr/bin/systemctl status tedge-mapper-c8y
    arg #1     : status
    arg #2     : tedge-mapper-c8y
  working dir  : /home/pi/actions-runner/_work/thin-edge.io/thin-edge.io/tests/PySys/tedge_connect/tedge_connect_test_sm_services/Output/linux
  stdout       : /home/pi/actions-runner/_work/thin-edge.io/thin-edge.io/tests/PySys/tedge_connect/tedge_connect_test_sm_services/Output/linux/serv_mapper1.out
  stderr       : /home/pi/actions-runner/_work/thin-edge.io/thin-edge.io/tests/PySys/tedge_connect/tedge_connect_test_sm_services/Output/linux/serv_mapper1.err
  environment  : LD_LIBRARY_PATH=/usr/lib
  environment  : PATH=/bin:/usr/bin:/usr/sbin:/usr/local/bin
                   #1  /bin
                   #2  /usr/bin
                   #3  /usr/sbin
                   #4  /usr/local/bin
11:13:02 DEBUG Waiting up to 600 secs for process systemctl&lt;serv_mapper1&gt; (pid 7004)
11:13:02 INFO  Executed systemctl&lt;serv_mapper1&gt;, exit status 3
11:13:02 INFO  Restarting mosquitto too frequently in the last 10 seconds. It was only up for 3 seconds
11:13:02 INFO  Delaying execution by 8 seconds
11:13:10 DEBUG Process parameters for sudo&lt;tedge_connect_c8y&gt;
  command line : /usr/bin/sudo /usr/bin/tedge connect c8y
    arg #1     : /usr/bin/tedge
    arg #2     : connect
    arg #3     : c8y
  working dir  : /home/pi/actions-runner/_work/thin-edge.io/thin-edge.io/tests/PySys/tedge_connect/tedge_connect_test_sm_services/Output/linux
  stdout       : /home/pi/actions-runner/_work/thin-edge.io/thin-edge.io/tests/PySys/tedge_connect/tedge_connect_test_sm_services/Output/linux/tedge_connect_c8y.out
  stderr       : /home/pi/actions-runner/_work/thin-edge.io/thin-edge.io/tests/PySys/tedge_connect/tedge_connect_test_sm_services/Output/linux/tedge_connect_c8y.err
  environment  : LD_LIBRARY_PATH=/usr/lib
  environment  : PATH=/bin:/usr/bin:/usr/sbin:/usr/local/bin
                   #1  /bin
                   #2  /usr/bin
                   #3  /usr/sbin
                   #4  /usr/local/bin
11:13:10 DEBUG Waiting up to 600 secs for process sudo&lt;tedge_connect_c8y&gt; (pid 7045)
11:13:21 INFO  Executed sudo&lt;tedge_connect_c8y&gt;, exit status 0
11:13:21 DEBUG Process parameters for sudo&lt;tedge_connect_c8y_test&gt;
  command line : /usr/bin/sudo /usr/bin/tedge connect c8y --test
    arg #1     : /usr/bin/tedge
    arg #2     : connect
    arg #3     : c8y
    arg #4     : --test
  working dir  : /home/pi/actions-runner/_work/thin-edge.io/thin-edge.io/tests/PySys/tedge_connect/tedge_connect_test_sm_services/Output/linux
  stdout       : /home/pi/actions-runner/_work/thin-edge.io/thin-edge.io/tests/PySys/tedge_connect/tedge_connect_test_sm_services/Output/linux/tedge_connect_c8y_test.out
  stderr       : /home/pi/actions-runner/_work/thin-edge.io/thin-edge.io/tests/PySys/tedge_connect/tedge_connect_test_sm_services/Output/linux/tedge_connect_c8y_test.err
  environment  : LD_LIBRARY_PATH=/usr/lib
  environment  : PATH=/bin:/usr/bin:/usr/sbin:/usr/local/bin
                   #1  /bin
                   #2  /usr/bin
                   #3  /usr/sbin
                   #4  /usr/local/bin
11:13:21 DEBUG Waiting up to 600 secs for process sudo&lt;tedge_connect_c8y_test&gt; (pid 7195)
11:13:21 INFO  Executed sudo&lt;tedge_connect_c8y_test&gt;, exit status 0
11:13:21 DEBUG Process parameters for systemctl&lt;serv_mosq2&gt;
  command line : /usr/bin/systemctl status mosquitto
    arg #1     : status
    arg #2     : mosquitto
  working dir  : /home/pi/actions-runner/_work/thin-edge.io/thin-edge.io/tests/PySys/tedge_connect/tedge_connect_test_sm_services/Output/linux
  stdout       : /home/pi/actions-runner/_work/thin-edge.io/thin-edge.io/tests/PySys/tedge_connect/tedge_connect_test_sm_services/Output/linux/serv_mosq2.out
  stderr       : /home/pi/actions-runner/_work/thin-edge.io/thin-edge.io/tests/PySys/tedge_connect/tedge_connect_test_sm_services/Output/linux/serv_mosq2.err
  environment  : LD_LIBRARY_PATH=/usr/lib
  environment  : PATH=/bin:/usr/bin:/usr/sbin:/usr/local/bin
                   #1  /bin
                   #2  /usr/bin
                   #3  /usr/sbin
                   #4  /usr/local/bin
11:13:21 DEBUG Waiting up to 600 secs for process systemctl&lt;serv_mosq2&gt; (pid 7198)
11:13:21 INFO  Executed systemctl&lt;serv_mosq2&gt;, exit status 0
11:13:21 DEBUG Process parameters for systemctl&lt;serv_mapper3&gt;
  command line : /usr/bin/systemctl status tedge-mapper-c8y
    arg #1     : status
    arg #2     : tedge-mapper-c8y
  working dir  : /home/pi/actions-runner/_work/thin-edge.io/thin-edge.io/tests/PySys/tedge_connect/tedge_connect_test_sm_services/Output/linux
  stdout       : /home/pi/actions-runner/_work/thin-edge.io/thin-edge.io/tests/PySys/tedge_connect/tedge_connect_test_sm_services/Output/linux/serv_mapper3.out
  stderr       : /home/pi/actions-runner/_work/thin-edge.io/thin-edge.io/tests/PySys/tedge_connect/tedge_connect_test_sm_services/Output/linux/serv_mapper3.err
  environment  : LD_LIBRARY_PATH=/usr/lib
  environment  : PATH=/bin:/usr/bin:/usr/sbin:/usr/local/bin
                   #1  /bin
                   #2  /usr/bin
                   #3  /usr/sbin
                   #4  /usr/local/bin
11:13:21 DEBUG Waiting up to 600 secs for process systemctl&lt;serv_mapper3&gt; (pid 7201)
11:13:21 INFO  Executed systemctl&lt;serv_mapper3&gt;, exit status 0
11:13:21 DEBUG --- test execute
11:13:21 DEBUG EnvironmentC8y Execute
11:13:21 DEBUG --- test validate
11:13:21 DEBUG EnvironmentC8y Validate
11:13:21 DEBUG Process parameters for systemctl&lt;serv_mosq&gt;
  command line : /usr/bin/systemctl status mosquitto
    arg #1     : status
    arg #2     : mosquitto
  working dir  : /home/pi/actions-runner/_work/thin-edge.io/thin-edge.io/tests/PySys/tedge_connect/tedge_connect_test_sm_services/Output/linux
  stdout       : /home/pi/actions-runner/_work/thin-edge.io/thin-edge.io/tests/PySys/tedge_connect/tedge_connect_test_sm_services/Output/linux/serv_mosq.out
  stderr       : /home/pi/actions-runner/_work/thin-edge.io/thin-edge.io/tests/PySys/tedge_connect/tedge_connect_test_sm_services/Output/linux/serv_mosq.err
  environment  : LD_LIBRARY_PATH=/usr/lib
  environment  : PATH=/bin:/usr/bin:/usr/sbin:/usr/local/bin
                   #1  /bin
                   #2  /usr/bin
                   #3  /usr/sbin
                   #4  /usr/local/bin
11:13:21 DEBUG Waiting up to 600 secs for process systemctl&lt;serv_mosq&gt; (pid 7202)
11:13:22 INFO  Executed systemctl&lt;serv_mosq&gt;, exit status 0
11:13:22 DEBUG Process parameters for systemctl&lt;serv_mapper4&gt;
  command line : /usr/bin/systemctl status tedge-mapper-c8y
    arg #1     : status
    arg #2     : tedge-mapper-c8y
  working dir  : /home/pi/actions-runner/_work/thin-edge.io/thin-edge.io/tests/PySys/tedge_connect/tedge_connect_test_sm_services/Output/linux
  stdout       : /home/pi/actions-runner/_work/thin-edge.io/thin-edge.io/tests/PySys/tedge_connect/tedge_connect_test_sm_services/Output/linux/serv_mapper4.out
  stderr       : /home/pi/actions-runner/_work/thin-edge.io/thin-edge.io/tests/PySys/tedge_connect/tedge_connect_test_sm_services/Output/linux/serv_mapper4.err
  environment  : LD_LIBRARY_PATH=/usr/lib
  environment  : PATH=/bin:/usr/bin:/usr/sbin:/usr/local/bin
                   #1  /bin
                   #2  /usr/bin
                   #3  /usr/sbin
                   #4  /usr/local/bin
11:13:22 DEBUG Waiting up to 600 secs for process systemctl&lt;serv_mapper4&gt; (pid 7215)
11:13:22 INFO  Executed systemctl&lt;serv_mapper4&gt;, exit status 0
11:13:22 INFO  Validate
11:13:22 DEBUG Performing regex contains=True grep on file: /home/pi/actions-runner/_work/thin-edge.io/thin-edge.io/tests/PySys/tedge_connect/tedge_connect_test_sm_services/Output/linux/tedge_connect_c8y.out
11:13:22 DEBUG Grep on input file tedge_connect_c8y.out successfully matched expression "tedge-agent service successfully started and enabled!" with line: 'tedge-agent service successfully started and enabled!\n'
11:13:22 INFO  Grep on input file tedge_connect_c8y.out ... passed
11:13:22 DEBUG Performing regex contains=True grep on file: /home/pi/actions-runner/_work/thin-edge.io/thin-edge.io/tests/PySys/tedge_connect/tedge_connect_test_sm_services/Output/linux/tedge_connect.out
11:13:22 WARN  caught &lt;class 'pysys.exceptions.FileNotFoundException'&gt;: unable to find file "/home/pi/actions-runner/_work/thin-edge.io/thin-edge.io/tests/PySys/tedge_connect/tedge_connect_test_sm_services/Output/linux/tedge_connect.out"
Traceback (most recent call last):
  File "/home/pi/env-pysys/lib/python3.7/site-packages/pysys/basetest.py", line 1203, in assertGrep
    result = getmatches(f, expr, ignores=ignores, returnFirstOnly=(contains==True), encoding=encoding or self.getDefaultFileEncoding(f), flags=reFlags, mappers=mappers)
  File "/home/pi/env-pysys/lib/python3.7/site-packages/pysys/utils/filegrep.py", line 59, in getmatches
    raise FileNotFoundException("unable to find file \"%s\"" % (file))
pysys.exceptions.FileNotFoundException: unable to find file "/home/pi/actions-runner/_work/thin-edge.io/thin-edge.io/tests/PySys/tedge_connect/tedge_connect_test_sm_services/Output/linux/tedge_connect.out"
11:13:22 WARN  Grep on tedge_connect.out contains "tedge-mapper-c8y service successfully started and enabled!" failed due to &lt;class 'pysys.exceptions.FileNotFoundException'&gt;: unable to find file "/home/pi/actions-runner/_work/thin-edge.io/thin-edge.io/tests/PySys/tedge_connect/tedge_connect_test_sm_services/Output/linux/tedge_connect.out" ... blocked [run.py:37]
11:13:22 DEBUG --- test cleanup
11:13:22 INFO  
11:13:22 INFO  cleanup:
11:13:22 DEBUG Running registered cleanup function: &lt;bound method EnvironmentC8y.myenvcleanup of &lt;TedgeConnectTestSMServices object at 0x75242d10&gt;&gt;
11:13:22 DEBUG EnvironmentC8y Cleanup
11:13:22 DEBUG Process parameters for sudo&lt;tedge_disconnect_c8y&gt;
  command line : /usr/bin/sudo /usr/bin/tedge disconnect c8y
    arg #1     : /usr/bin/tedge
    arg #2     : disconnect
    arg #3     : c8y
  working dir  : /home/pi/actions-runner/_work/thin-edge.io/thin-edge.io/tests/PySys/tedge_connect/tedge_connect_test_sm_services/Output/linux
  stdout       : /home/pi/actions-runner/_work/thin-edge.io/thin-edge.io/tests/PySys/tedge_connect/tedge_connect_test_sm_services/Output/linux/tedge_disconnect_c8y.out
  stderr       : /home/pi/actions-runner/_work/thin-edge.io/thin-edge.io/tests/PySys/tedge_connect/tedge_connect_test_sm_services/Output/linux/tedge_disconnect_c8y.err
  environment  : LD_LIBRARY_PATH=/usr/lib
  environment  : PATH=/bin:/usr/bin:/usr/sbin:/usr/local/bin
                   #1  /bin
                   #2  /usr/bin
                   #3  /usr/sbin
                   #4  /usr/local/bin
11:13:22 DEBUG Waiting up to 600 secs for process sudo&lt;tedge_disconnect_c8y&gt; (pid 7219)
11:13:24 INFO  Executed sudo&lt;tedge_disconnect_c8y&gt;, exit status 0
11:13:24 DEBUG Process parameters for systemctl&lt;serv_mapper5&gt;
  command line : /usr/bin/systemctl status tedge-mapper-c8y
    arg #1     : status
    arg #2     : tedge-mapper-c8y
  working dir  : /home/pi/actions-runner/_work/thin-edge.io/thin-edge.io/tests/PySys/tedge_connect/tedge_connect_test_sm_services/Output/linux
  stdout       : /home/pi/actions-runner/_work/thin-edge.io/thin-edge.io/tests/PySys/tedge_connect/tedge_connect_test_sm_services/Output/linux/serv_mapper5.out
  stderr       : /home/pi/actions-runner/_work/thin-edge.io/thin-edge.io/tests/PySys/tedge_connect/tedge_connect_test_sm_services/Output/linux/serv_mapper5.err
  environment  : LD_LIBRARY_PATH=/usr/lib
  environment  : PATH=/bin:/usr/bin:/usr/sbin:/usr/local/bin
                   #1  /bin
                   #2  /usr/bin
                   #3  /usr/sbin
                   #4  /usr/local/bin
11:13:24 DEBUG Waiting up to 600 secs for process systemctl&lt;serv_mapper5&gt; (pid 7262)
11:13:24 INFO  Executed systemctl&lt;serv_mapper5&gt;, exit status 3
11:13:24 DEBUG ProcessUser cleanup function done.
11:13:24 INFO  
11:13:24 INFO  Test duration: 22.46 secs
11:13:24 INFO  Test final outcome:  BLOCKED
11:13:24 INFO  Test outcome reason: Grep on tedge_connect.out contains "tedge-mapper-c8y service successfully started and enabled!" failed due to &lt;class 'pysys.exceptions.FileNotFoundException'&gt;: unable to find file "/home/pi/actions-runner/_work/thin-edge.io/thin-edge.io/tests/PySys/tedge_connect/tedge_connect_test_sm_services/Output/linux/tedge_connect.out"
11:13:24 INFO  
</system-out>
	</testcase>
</testsuite><testsuite name="tedge_disconnect_test_sm_services" tests="1" errors="0" failures="0" skipped="0" time="0"><testcase classname="TedgeDisConnectTestSMServices" name="tedge_disconnect_test_sm_services" />
</testsuite><testsuite name="tedge_mapper_az_negative" tests="1" errors="0" failures="0" skipped="0" time="0"><testcase classname="TedgeMapperAzError" name="tedge_mapper_az_negative" />
</testsuite><testsuite name="tedge_mapper_az_with_timestamp" tests="1" errors="0" failures="0" skipped="0" time="0"><testcase classname="TedgeMapperAzWithTimestamp" name="tedge_mapper_az_with_timestamp" />
</testsuite><testsuite name="tedge_mapper_az_without_timestamp" tests="1" errors="0" failures="0" skipped="0" time="0"><testcase classname="TedgeMapperAzWithoutTimestamp" name="tedge_mapper_az_without_timestamp" />
</testsuite><testsuite name="tedge_mapper_c8y_alarms" tests="1" errors="0" failures="0" skipped="0" time="0"><testcase classname="TedgeMapperC8yAlarm" name="tedge_mapper_c8y_alarms" />
</testsuite><testsuite name="tedge_mapper_c8y_child_device_measurement" tests="1" errors="0" failures="0" skipped="0" time="0"><testcase classname="TedgeMapperC8yChildDevice" name="tedge_mapper_c8y_child_device_measurement" />
</testsuite><testsuite name="tedge_mapper_c8y_negative" tests="1" errors="0" failures="0" skipped="0" time="0"><testcase classname="TedgeMapperC8y" name="tedge_mapper_c8y_negative" />
</testsuite><testsuite name="tedge_mapper_c8y_packet_threshold_size" tests="1" errors="0" failures="0" skipped="0" time="0"><testcase classname="TedgeMapperC8yThresholdPacketSize" name="tedge_mapper_c8y_packet_threshold_size" />
</testsuite><testsuite name="tedge_mapper_c8y_positive" tests="1" errors="0" failures="0" skipped="0" time="0"><testcase classname="TedgeMapperC8y" name="tedge_mapper_c8y_positive" />
</testsuite><testsuite name="tedge_software_update" tests="1" errors="0" failures="1" skipped="0" time="0"><testcase classname="PySysTest" name="tedge_software_update">
		<failure message="BLOCKED: Failed to set up test: No module named 'environments'" type="BLOCKED" />
		<system-out>11:12:20 INFO  ==============================================================
11:12:20 INFO  Id:    tedge_software_update
11:12:20 INFO  Dir:   tedge/
11:12:20 INFO  Title: Software install from download path
11:12:20 DEBUG Execution order hint: 0.0
11:12:20 INFO  ==============================================================
11:12:20 WARN  Failed to set up test: No module named 'environments' ... blocked 
11:12:20 WARN  caught &lt;class 'ModuleNotFoundError'&gt; while setting up test tedge_software_update: No module named 'environments'
Traceback (most recent call last):
  File "/home/pi/env-pysys/lib/python3.7/site-packages/pysys/baserunner.py", line 1143, in __call__
    exec(runpycode, runpy_namespace)
  File "/home/pi/actions-runner/_work/thin-edge.io/thin-edge.io/tests/PySys/tedge/tedge_software_update/run.py", line 1, in &lt;module&gt;
    from environments.environment_c8y import EnvironmentC8y
ModuleNotFoundError: No module named 'environments'
11:12:20 DEBUG --- test cleanup
11:12:20 DEBUG ProcessUser cleanup function done.
11:12:20 INFO  
11:12:20 INFO  Test duration: 0.02 secs
11:12:20 INFO  Test final outcome:  BLOCKED
11:12:20 INFO  Test outcome reason: Failed to set up test: No module named 'environments'
11:12:20 INFO  
</system-out>
	</testcase>
</testsuite><testsuite name="valid_device_id" tests="1" errors="0" failures="0" skipped="0" time="0"><testcase classname="ValidateValidDeviceId" name="valid_device_id" />
</testsuite></testsuites>