<?xml version='1.0' encoding='utf-8'?>
<testsuites tests="95" failures="13" errors="0" skipped="0" time="0.0"><testsuite name="SoftwareManagement.Plugin.apama_plugin_install" tests="1" errors="0" failures="0" skipped="0" time="0"><testcase classname="ApamaPluginInstallTest" name="SoftwareManagement.Plugin.apama_plugin_install" />
</testsuite><testsuite name="SoftwareManagement.Plugin.apama_plugin_mon_support" tests="1" errors="0" failures="0" skipped="0" time="0"><testcase classname="ApamaPluginMonSupportTest" name="SoftwareManagement.Plugin.apama_plugin_mon_support" />
</testsuite><testsuite name="SoftwareManagement.Plugin.apama_plugin_remove" tests="1" errors="0" failures="0" skipped="0" time="0"><testcase classname="ApamaPluginRemoveTest" name="SoftwareManagement.Plugin.apama_plugin_remove" />
</testsuite><testsuite name="SoftwareManagement.Plugin.apama_plugin_update" tests="1" errors="0" failures="0" skipped="0" time="0"><testcase classname="ApamaPluginUpdateTest" name="SoftwareManagement.Plugin.apama_plugin_update" />
</testsuite><testsuite name="SoftwareManagement.sm_apt_install_download_path" tests="1" errors="0" failures="0" skipped="0" time="0"><testcase classname="AptInstallWithDownloadPath" name="SoftwareManagement.sm_apt_install_download_path" />
</testsuite><testsuite name="SoftwareManagement.sm_apt_install_fail" tests="1" errors="0" failures="0" skipped="0" time="0"><testcase classname="PySysTest" name="SoftwareManagement.sm_apt_install_fail" />
</testsuite><testsuite name="SoftwareManagement.sm_apt_install_remove" tests="1" errors="0" failures="0" skipped="0" time="0"><testcase classname="PySysTest" name="SoftwareManagement.sm_apt_install_remove" />
</testsuite><testsuite name="SoftwareManagement.sm_apt_install_remove_default" tests="1" errors="0" failures="0" skipped="0" time="0"><testcase classname="PySysTest" name="SoftwareManagement.sm_apt_install_remove_default" />
</testsuite><testsuite name="SoftwareManagement.sm_apt_install_remove_multiple" tests="1" errors="0" failures="0" skipped="0" time="0"><testcase classname="PySysTest" name="SoftwareManagement.sm_apt_install_remove_multiple" />
</testsuite><testsuite name="SoftwareManagement.sm_apt_install_remove_multiple_mixed" tests="1" errors="0" failures="0" skipped="0" time="0"><testcase classname="PySysTest" name="SoftwareManagement.sm_apt_install_remove_multiple_mixed" />
</testsuite><testsuite name="SoftwareManagement.sm_apt_install_remove_with_version" tests="1" errors="0" failures="0" skipped="0" time="0"><testcase classname="PySysTest" name="SoftwareManagement.sm_apt_install_remove_with_version" />
</testsuite><testsuite name="SoftwareManagement.sm_docker_install_remove_multiple" tests="1" errors="0" failures="0" skipped="0" time="0"><testcase classname="SMDockerInstallRemove" name="SoftwareManagement.sm_docker_install_remove_multiple" />
</testsuite><testsuite name="SoftwareManagement.sm_fake_install_remove" tests="1" errors="0" failures="0" skipped="0" time="0"><testcase classname="PySysTest" name="SoftwareManagement.sm_fake_install_remove" />
</testsuite><testsuite name="SoftwareManagement.sm_fake_install_remove_multiple" tests="1" errors="0" failures="0" skipped="0" time="0"><testcase classname="PySysTest" name="SoftwareManagement.sm_fake_install_remove_multiple" />
</testsuite><testsuite name="SoftwareManagement.sm_mapper_fail_and_reconnect" tests="1" errors="0" failures="1" skipped="0" time="0"><testcase classname="SmMapperC8yReceiveLastMessageOnRestart" name="SoftwareManagement.sm_mapper_fail_and_reconnect">
		<failure message="BLOCKED: Failed to set up test: name 'BaseTest' is not defined" type="BLOCKED" />
		<system-out>16:54:07 INFO  ==============================================================
16:54:07 INFO  Id:    SoftwareManagement.sm_mapper_fail_and_reconnect
16:54:07 INFO  Dir:   software_management_end_to_end/
16:54:07 INFO  Title: Validate the tedge-mapper-sm-c8y for receiving the last message on restart
16:54:07 DEBUG Execution order hint: 0.0
16:54:07 INFO  ==============================================================
16:54:07 WARN  Failed to set up test: name 'BaseTest' is not defined ... blocked 
16:54:07 WARN  caught &lt;class 'NameError'&gt; while setting up test SoftwareManagement.sm_mapper_fail_and_reconnect: name 'BaseTest' is not defined
Traceback (most recent call last):
  File "/home/pi/env-pysys/lib/python3.7/site-packages/pysys/baserunner.py", line 1143, in __call__
    exec(runpycode, runpy_namespace)
  File "/home/pi/actions-runner/_work/thin-edge.io/thin-edge.io/tests/PySys/software_management_end_to_end/sm_mapper_fail_and_reconnect/run.py", line 27, in &lt;module&gt;
    class SmMapperC8yReceiveLastMessageOnRestart(BaseTest):
NameError: name 'BaseTest' is not defined
16:54:07 DEBUG --- test cleanup
16:54:07 DEBUG ProcessUser cleanup function done.
16:54:07 INFO  
16:54:07 INFO  Test duration: 0.02 secs
16:54:07 INFO  Test final outcome:  BLOCKED
16:54:07 INFO  Test outcome reason: Failed to set up test: name 'BaseTest' is not defined
16:54:07 INFO  
</system-out>
	</testcase>
</testsuite><testsuite name="SoftwareManagement.sm_mixed_install_remove_multiple" tests="1" errors="0" failures="0" skipped="0" time="0"><testcase classname="PySysTest" name="SoftwareManagement.sm_mixed_install_remove_multiple" />
</testsuite><testsuite name="agent_init_session" tests="1" errors="0" failures="0" skipped="0" time="0"><testcase classname="AgentInitSession" name="agent_init_session" />
</testsuite><testsuite name="apt_fail_noarg" tests="1" errors="0" failures="0" skipped="0" time="0"><testcase classname="AptPluginFailNoArg" name="apt_fail_noarg" />
</testsuite><testsuite name="apt_finalize" tests="1" errors="0" failures="0" skipped="0" time="0"><testcase classname="AptPluginFinalize" name="apt_finalize" />
</testsuite><testsuite name="apt_install" tests="1" errors="0" failures="0" skipped="0" time="0"><testcase classname="AptPluginInstallDense" name="apt_install" />
</testsuite><testsuite name="apt_install_fail" tests="1" errors="0" failures="0" skipped="0" time="0"><testcase classname="AptPluginInstallFail" name="apt_install_fail" />
</testsuite><testsuite name="apt_install_local_file" tests="1" errors="0" failures="0" skipped="0" time="0"><testcase classname="AptPluginInstallFromLocalFile" name="apt_install_local_file" />
</testsuite><testsuite name="apt_install_local_file_fail" tests="1" errors="0" failures="0" skipped="0" time="0"><testcase classname="AptPluginInstallFromLocalFileFail" name="apt_install_local_file_fail" />
</testsuite><testsuite name="apt_install_local_file_with_version" tests="1" errors="0" failures="0" skipped="0" time="0"><testcase classname="AptPluginInstallFromLocalFileWithVersion" name="apt_install_local_file_with_version" />
</testsuite><testsuite name="apt_install_local_file_with_version_fail" tests="1" errors="0" failures="0" skipped="0" time="0"><testcase classname="AptPluginInstallFromLocalFileWithVersionFail" name="apt_install_local_file_with_version_fail" />
</testsuite><testsuite name="apt_list_format" tests="1" errors="0" failures="0" skipped="0" time="0"><testcase classname="AptPluginListFormat" name="apt_list_format" />
</testsuite><testsuite name="apt_prepare" tests="1" errors="0" failures="0" skipped="0" time="0"><testcase classname="AptPluginPrepare" name="apt_prepare" />
</testsuite><testsuite name="apt_prepare_install_finalize" tests="1" errors="0" failures="0" skipped="0" time="0"><testcase classname="AptPluginPrepareInstallFinalize" name="apt_prepare_install_finalize" />
</testsuite><testsuite name="apt_remove" tests="1" errors="0" failures="0" skipped="0" time="0"><testcase classname="AptPluginRemoveDense" name="apt_remove" />
</testsuite><testsuite name="apt_remove_fail" tests="1" errors="0" failures="0" skipped="0" time="0"><testcase classname="AptPluginRemoveFails" name="apt_remove_fail" />
</testsuite><testsuite name="apt_sequence_install_with_version" tests="1" errors="0" failures="0" skipped="0" time="0"><testcase classname="AptPluginPrepInstallWithVersionFinalize" name="apt_sequence_install_with_version" />
</testsuite><testsuite name="apt_sequence_install_with_version_fail" tests="1" errors="0" failures="0" skipped="0" time="0"><testcase classname="AptPluginInstallWithVersionFails" name="apt_sequence_install_with_version_fail" />
</testsuite><testsuite name="apt_sequence_remove" tests="1" errors="0" failures="0" skipped="0" time="0"><testcase classname="AptPluginInstallPrepareRemoveFinalize" name="apt_sequence_remove" />
</testsuite><testsuite name="apt_sequence_remove_with_version" tests="1" errors="0" failures="0" skipped="0" time="0"><testcase classname="AptPluginRemoveWithVersion" name="apt_sequence_remove_with_version" />
</testsuite><testsuite name="apt_sequence_remove_with_version_fail" tests="1" errors="0" failures="0" skipped="0" time="0"><testcase classname="AptPluginRemoveWithVersionFails" name="apt_sequence_remove_with_version_fail" />
</testsuite><testsuite name="apt_update_list" tests="1" errors="0" failures="0" skipped="0" time="0"><testcase classname="AptPluginUpdateList" name="apt_update_list" />
</testsuite><testsuite name="apt_wrong_option" tests="1" errors="0" failures="0" skipped="0" time="0"><testcase classname="AptPluginWrongOption" name="apt_wrong_option" />
</testsuite><testsuite name="c8y_jwt_token_retrieval" tests="1" errors="0" failures="0" skipped="0" time="0"><testcase classname="ValidateJWTTokenRetrieval" name="c8y_jwt_token_retrieval" />
</testsuite><testsuite name="c8y_restart_bridge" tests="1" errors="0" failures="0" skipped="0" time="0"><testcase classname="RestartBridge" name="c8y_restart_bridge" />
</testsuite><testsuite name="call_tedge_-V" tests="1" errors="0" failures="0" skipped="0" time="0"><testcase classname="PySysTest" name="call_tedge_-V" />
</testsuite><testsuite name="call_tedge_-h" tests="1" errors="0" failures="1" skipped="0" time="0"><testcase classname="PySysTest" name="call_tedge_-h">
		<failure message="FAILED: Grep on tedge.out contains &quot;FLAGS:&quot;" type="FAILED" />
		<system-out>16:54:07 INFO  ==============================================================
16:54:07 INFO  Id:    call_tedge_-h
16:54:07 INFO  Dir:   tedge/
16:54:07 INFO  Title: Validate command line option -h
16:54:07 DEBUG Execution order hint: 0.0
16:54:07 INFO  ==============================================================
16:54:07 DEBUG --- test execute
16:54:07 DEBUG Process parameters for tedge
  command line : /usr/bin/tedge -h
    arg #1     : -h
  working dir  : /home/pi/actions-runner/_work/thin-edge.io/thin-edge.io/tests/PySys/tedge/call_tedge_-h/Output/linux
  stdout       : /home/pi/actions-runner/_work/thin-edge.io/thin-edge.io/tests/PySys/tedge/call_tedge_-h/Output/linux/tedge.out
  stderr       : /home/pi/actions-runner/_work/thin-edge.io/thin-edge.io/tests/PySys/tedge/call_tedge_-h/Output/linux/tedge.err
  environment  : LD_LIBRARY_PATH=/usr/lib
  environment  : PATH=/bin:/usr/bin:/usr/sbin:/usr/local/bin
                   #1  /bin
                   #2  /usr/bin
                   #3  /usr/sbin
                   #4  /usr/local/bin
16:54:07 DEBUG Waiting up to 600 secs for process tedge (pid 2144)
16:54:07 INFO  Executed tedge, exit status 0
16:54:07 DEBUG --- test validate
16:54:07 DEBUG Performing regex contains=True grep on file: /home/pi/actions-runner/_work/thin-edge.io/thin-edge.io/tests/PySys/tedge/call_tedge_-h/Output/linux/tedge.out
16:54:07 DEBUG Grep on input file tedge.out successfully matched expression "USAGE:" with line: 'USAGE:\n'
16:54:07 INFO  Grep on input file tedge.out ... passed
16:54:07 DEBUG Performing regex contains=True grep on file: /home/pi/actions-runner/_work/thin-edge.io/thin-edge.io/tests/PySys/tedge/call_tedge_-h/Output/linux/tedge.out
16:54:07 WARN  Grep on tedge.out contains "FLAGS:" ... failed [run.py:30]
16:54:07 DEBUG Performing regex contains=True grep on file: /home/pi/actions-runner/_work/thin-edge.io/thin-edge.io/tests/PySys/tedge/call_tedge_-h/Output/linux/tedge.out
16:54:07 DEBUG Grep on input file tedge.out successfully matched expression "SUBCOMMANDS:" with line: 'SUBCOMMANDS:\n'
16:54:07 INFO  Grep on input file tedge.out ... passed
16:54:07 DEBUG --- test cleanup
16:54:07 DEBUG ProcessUser cleanup function done.
16:54:07 INFO  
16:54:07 INFO  Test duration: 0.24 secs
16:54:07 INFO  Test final outcome:  FAILED
16:54:07 INFO  Test outcome reason: Grep on tedge.out contains "FLAGS:"
16:54:07 INFO  
</system-out>
	</testcase>
</testsuite><testsuite name="call_tedge_-h_-V" tests="1" errors="0" failures="0" skipped="0" time="0"><testcase classname="PySysTest" name="call_tedge_-h_-V" />
</testsuite><testsuite name="call_tedge_config_help" tests="1" errors="0" failures="1" skipped="0" time="0"><testcase classname="PySysTest" name="call_tedge_config_help">
		<failure message="FAILED: Grep on tedge.out contains &quot;FLAGS:&quot;" type="FAILED" />
		<system-out>16:54:07 INFO  ==============================================================
16:54:07 INFO  Id:    call_tedge_config_help
16:54:07 INFO  Dir:   tedge/
16:54:07 INFO  Title: Validate command line option help
16:54:07 DEBUG Execution order hint: 0.0
16:54:07 INFO  ==============================================================
16:54:07 DEBUG --- test execute
16:54:07 DEBUG Process parameters for tedge
  command line : /usr/bin/tedge config help
    arg #1     : config
    arg #2     : help
  working dir  : /home/pi/actions-runner/_work/thin-edge.io/thin-edge.io/tests/PySys/tedge/call_tedge_config_help/Output/linux
  stdout       : /home/pi/actions-runner/_work/thin-edge.io/thin-edge.io/tests/PySys/tedge/call_tedge_config_help/Output/linux/tedge.out
  stderr       : /home/pi/actions-runner/_work/thin-edge.io/thin-edge.io/tests/PySys/tedge/call_tedge_config_help/Output/linux/tedge.err
  environment  : LD_LIBRARY_PATH=/usr/lib
  environment  : PATH=/bin:/usr/bin:/usr/sbin:/usr/local/bin
                   #1  /bin
                   #2  /usr/bin
                   #3  /usr/sbin
                   #4  /usr/local/bin
16:54:07 DEBUG Waiting up to 600 secs for process tedge (pid 2146)
16:54:08 INFO  Executed tedge, exit status 0
16:54:08 DEBUG --- test validate
16:54:08 DEBUG Performing regex contains=True grep on file: /home/pi/actions-runner/_work/thin-edge.io/thin-edge.io/tests/PySys/tedge/call_tedge_config_help/Output/linux/tedge.out
16:54:08 DEBUG Grep on input file tedge.out successfully matched expression "USAGE:" with line: 'USAGE:\n'
16:54:08 INFO  Grep on input file tedge.out ... passed
16:54:08 DEBUG Performing regex contains=True grep on file: /home/pi/actions-runner/_work/thin-edge.io/thin-edge.io/tests/PySys/tedge/call_tedge_config_help/Output/linux/tedge.out
16:54:08 WARN  Grep on tedge.out contains "FLAGS:" ... failed [run.py:30]
16:54:08 DEBUG Performing regex contains=True grep on file: /home/pi/actions-runner/_work/thin-edge.io/thin-edge.io/tests/PySys/tedge/call_tedge_config_help/Output/linux/tedge.out
16:54:08 DEBUG Grep on input file tedge.out successfully matched expression "SUBCOMMANDS:" with line: 'SUBCOMMANDS:\n'
16:54:08 INFO  Grep on input file tedge.out ... passed
16:54:08 DEBUG --- test cleanup
16:54:08 DEBUG ProcessUser cleanup function done.
16:54:08 INFO  
16:54:08 INFO  Test duration: 0.24 secs
16:54:08 INFO  Test final outcome:  FAILED
16:54:08 INFO  Test outcome reason: Grep on tedge.out contains "FLAGS:"
16:54:08 INFO  
</system-out>
	</testcase>
</testsuite><testsuite name="call_tedge_config_list" tests="1" errors="0" failures="0" skipped="0" time="0"><testcase classname="PySysTest" name="call_tedge_config_list" />
</testsuite><testsuite name="custom_init_system" tests="1" errors="0" failures="0" skipped="0" time="0"><testcase classname="CustomInitSystem" name="custom_init_system" />
</testsuite><testsuite name="docker_plugin_finalize" tests="1" errors="0" failures="0" skipped="0" time="0"><testcase classname="DockerPluginFinalizeTest" name="docker_plugin_finalize" />
</testsuite><testsuite name="docker_plugin_install" tests="1" errors="0" failures="0" skipped="0" time="0"><testcase classname="DockerPluginInstallTest" name="docker_plugin_install" />
</testsuite><testsuite name="docker_plugin_install_with_version" tests="1" errors="0" failures="0" skipped="0" time="0"><testcase classname="DockerPluginInstallWithVersionTest" name="docker_plugin_install_with_version" />
</testsuite><testsuite name="docker_plugin_remove" tests="1" errors="0" failures="0" skipped="0" time="0"><testcase classname="DockerPluginRemoveTest" name="docker_plugin_remove" />
</testsuite><testsuite name="docker_plugin_remove_with_version" tests="1" errors="0" failures="0" skipped="0" time="0"><testcase classname="DockerPluginRemoveWithVersionTest" name="docker_plugin_remove_with_version" />
</testsuite><testsuite name="docker_plugin_update" tests="1" errors="0" failures="0" skipped="0" time="0"><testcase classname="DockerPluginUpdateTest" name="docker_plugin_update" />
</testsuite><testsuite name="invalid_device_id" tests="1" errors="0" failures="0" skipped="0" time="0"><testcase classname="InvalidDeviceId" name="invalid_device_id" />
</testsuite><testsuite name="local_mqtt_pub_fail_noqos" tests="1" errors="0" failures="0" skipped="0" time="0"><testcase classname="PySysTest" name="local_mqtt_pub_fail_noqos" />
</testsuite><testsuite name="local_mqtt_pub_fail_qos0" tests="1" errors="0" failures="0" skipped="0" time="0"><testcase classname="PySysTest" name="local_mqtt_pub_fail_qos0" />
</testsuite><testsuite name="local_mqtt_pub_fail_qos1" tests="1" errors="0" failures="0" skipped="0" time="0"><testcase classname="PySysTest" name="local_mqtt_pub_fail_qos1" />
</testsuite><testsuite name="local_mqtt_pub_fail_qos2" tests="1" errors="0" failures="0" skipped="0" time="0"><testcase classname="PySysTest" name="local_mqtt_pub_fail_qos2" />
</testsuite><testsuite name="local_mqtt_pub_sub" tests="1" errors="0" failures="0" skipped="0" time="0"><testcase classname="PySysTest" name="local_mqtt_pub_sub" />
</testsuite><testsuite name="local_mqtt_pub_sub_retain" tests="1" errors="0" failures="0" skipped="0" time="0"><testcase classname="MqttPublishWithRetain" name="local_mqtt_pub_sub_retain" />
</testsuite><testsuite name="local_mqtt_pub_sub_with_sudo" tests="1" errors="0" failures="0" skipped="0" time="0"><testcase classname="PySysTest" name="local_mqtt_pub_sub_with_sudo" />
</testsuite><testsuite name="local_mqtt_sub_fail" tests="1" errors="0" failures="0" skipped="0" time="0"><testcase classname="PySysTest" name="local_mqtt_sub_fail" />
</testsuite><testsuite name="log_request_error_messages" tests="1" errors="0" failures="1" skipped="0" time="0"><testcase classname="LogRequestVerifySearchTextError" name="log_request_error_messages">
		<failure message="BLOCKED: Exception: retry" type="BLOCKED" />
		<system-out>16:41:47 INFO  ==============================================================
16:41:47 INFO  Id:    log_request_error_messages
16:41:47 INFO  Dir:   log_request_end_to_end/
16:41:47 INFO  Title: Validate end to end behaviour for the log request operation check for error messages
16:41:47 DEBUG Execution order hint: 0.0
16:41:47 INFO  ==============================================================
16:41:48 DEBUG EnvironmentC8y Setup
16:41:48 INFO  EnvironmentC8y Setup
16:41:48 DEBUG Process parameters for systemctl&lt;serv_mapper1&gt;
  command line : /usr/bin/systemctl status tedge-mapper-c8y
    arg #1     : status
    arg #2     : tedge-mapper-c8y
  working dir  : /home/pi/actions-runner/_work/thin-edge.io/thin-edge.io/tests/PySys/log_request_end_to_end/log_request_error_messages/Output/linux
  stdout       : /home/pi/actions-runner/_work/thin-edge.io/thin-edge.io/tests/PySys/log_request_end_to_end/log_request_error_messages/Output/linux/serv_mapper1.out
  stderr       : /home/pi/actions-runner/_work/thin-edge.io/thin-edge.io/tests/PySys/log_request_end_to_end/log_request_error_messages/Output/linux/serv_mapper1.err
  environment  : LD_LIBRARY_PATH=/usr/lib
  environment  : PATH=/bin:/usr/bin:/usr/sbin:/usr/local/bin
                   #1  /bin
                   #2  /usr/bin
                   #3  /usr/sbin
                   #4  /usr/local/bin
16:41:48 DEBUG Waiting up to 600 secs for process systemctl&lt;serv_mapper1&gt; (pid 25809)
16:41:48 INFO  Executed systemctl&lt;serv_mapper1&gt;, exit status 3
16:41:48 INFO  Restarting mosquitto too frequently in the last 10 seconds. It was only up for 0 seconds
16:41:48 INFO  Delaying execution by 11 seconds
16:41:59 DEBUG Process parameters for sudo&lt;tedge_connect_c8y&gt;
  command line : /usr/bin/sudo /usr/bin/tedge connect c8y
    arg #1     : /usr/bin/tedge
    arg #2     : connect
    arg #3     : c8y
  working dir  : /home/pi/actions-runner/_work/thin-edge.io/thin-edge.io/tests/PySys/log_request_end_to_end/log_request_error_messages/Output/linux
  stdout       : /home/pi/actions-runner/_work/thin-edge.io/thin-edge.io/tests/PySys/log_request_end_to_end/log_request_error_messages/Output/linux/tedge_connect_c8y.out
  stderr       : /home/pi/actions-runner/_work/thin-edge.io/thin-edge.io/tests/PySys/log_request_end_to_end/log_request_error_messages/Output/linux/tedge_connect_c8y.err
  environment  : LD_LIBRARY_PATH=/usr/lib
  environment  : PATH=/bin:/usr/bin:/usr/sbin:/usr/local/bin
                   #1  /bin
                   #2  /usr/bin
                   #3  /usr/sbin
                   #4  /usr/local/bin
16:41:59 DEBUG Waiting up to 600 secs for process sudo&lt;tedge_connect_c8y&gt; (pid 25850)
16:42:09 INFO  Executed sudo&lt;tedge_connect_c8y&gt;, exit status 0
16:42:09 DEBUG Process parameters for sudo&lt;tedge_connect_c8y_test&gt;
  command line : /usr/bin/sudo /usr/bin/tedge connect c8y --test
    arg #1     : /usr/bin/tedge
    arg #2     : connect
    arg #3     : c8y
    arg #4     : --test
  working dir  : /home/pi/actions-runner/_work/thin-edge.io/thin-edge.io/tests/PySys/log_request_end_to_end/log_request_error_messages/Output/linux
  stdout       : /home/pi/actions-runner/_work/thin-edge.io/thin-edge.io/tests/PySys/log_request_end_to_end/log_request_error_messages/Output/linux/tedge_connect_c8y_test.out
  stderr       : /home/pi/actions-runner/_work/thin-edge.io/thin-edge.io/tests/PySys/log_request_end_to_end/log_request_error_messages/Output/linux/tedge_connect_c8y_test.err
  environment  : LD_LIBRARY_PATH=/usr/lib
  environment  : PATH=/bin:/usr/bin:/usr/sbin:/usr/local/bin
                   #1  /bin
                   #2  /usr/bin
                   #3  /usr/sbin
                   #4  /usr/local/bin
16:42:09 DEBUG Waiting up to 600 secs for process sudo&lt;tedge_connect_c8y_test&gt; (pid 26015)
16:42:10 INFO  Executed sudo&lt;tedge_connect_c8y_test&gt;, exit status 0
16:42:10 DEBUG Process parameters for systemctl&lt;serv_mosq2&gt;
  command line : /usr/bin/systemctl status mosquitto
    arg #1     : status
    arg #2     : mosquitto
  working dir  : /home/pi/actions-runner/_work/thin-edge.io/thin-edge.io/tests/PySys/log_request_end_to_end/log_request_error_messages/Output/linux
  stdout       : /home/pi/actions-runner/_work/thin-edge.io/thin-edge.io/tests/PySys/log_request_end_to_end/log_request_error_messages/Output/linux/serv_mosq2.out
  stderr       : /home/pi/actions-runner/_work/thin-edge.io/thin-edge.io/tests/PySys/log_request_end_to_end/log_request_error_messages/Output/linux/serv_mosq2.err
  environment  : LD_LIBRARY_PATH=/usr/lib
  environment  : PATH=/bin:/usr/bin:/usr/sbin:/usr/local/bin
                   #1  /bin
                   #2  /usr/bin
                   #3  /usr/sbin
                   #4  /usr/local/bin
16:42:10 DEBUG Waiting up to 600 secs for process systemctl&lt;serv_mosq2&gt; (pid 26018)
16:42:10 INFO  Executed systemctl&lt;serv_mosq2&gt;, exit status 0
16:42:10 DEBUG Process parameters for systemctl&lt;serv_mapper3&gt;
  command line : /usr/bin/systemctl status tedge-mapper-c8y
    arg #1     : status
    arg #2     : tedge-mapper-c8y
  working dir  : /home/pi/actions-runner/_work/thin-edge.io/thin-edge.io/tests/PySys/log_request_end_to_end/log_request_error_messages/Output/linux
  stdout       : /home/pi/actions-runner/_work/thin-edge.io/thin-edge.io/tests/PySys/log_request_end_to_end/log_request_error_messages/Output/linux/serv_mapper3.out
  stderr       : /home/pi/actions-runner/_work/thin-edge.io/thin-edge.io/tests/PySys/log_request_end_to_end/log_request_error_messages/Output/linux/serv_mapper3.err
  environment  : LD_LIBRARY_PATH=/usr/lib
  environment  : PATH=/bin:/usr/bin:/usr/sbin:/usr/local/bin
                   #1  /bin
                   #2  /usr/bin
                   #3  /usr/sbin
                   #4  /usr/local/bin
16:42:10 DEBUG Waiting up to 600 secs for process systemctl&lt;serv_mapper3&gt; (pid 26019)
16:42:10 INFO  Executed systemctl&lt;serv_mapper3&gt;, exit status 0
16:42:10 DEBUG Process parameters for sudo&lt;rm_logs&gt;
  command line : /usr/bin/sudo rm -rf /tmp/sw_logs
    arg #1     : rm
    arg #2     : -rf
    arg #3     : /tmp/sw_logs
  working dir  : /home/pi/actions-runner/_work/thin-edge.io/thin-edge.io/tests/PySys/log_request_end_to_end/log_request_error_messages/Output/linux
  stdout       : /home/pi/actions-runner/_work/thin-edge.io/thin-edge.io/tests/PySys/log_request_end_to_end/log_request_error_messages/Output/linux/rm_logs.out
  stderr       : /home/pi/actions-runner/_work/thin-edge.io/thin-edge.io/tests/PySys/log_request_end_to_end/log_request_error_messages/Output/linux/rm_logs.err
  environment  : LD_LIBRARY_PATH=/usr/lib
  environment  : PATH=/bin:/usr/bin:/usr/sbin:/usr/local/bin
                   #1  /bin
                   #2  /usr/bin
                   #3  /usr/sbin
                   #4  /usr/local/bin
16:42:10 DEBUG Waiting up to 600 secs for process sudo&lt;rm_logs&gt; (pid 26022)
16:42:10 INFO  Executed sudo&lt;rm_logs&gt;, exit status 0
16:42:10 DEBUG Process parameters for sudo&lt;move_logs&gt;
  command line : /usr/bin/sudo sh -c 'mv /tmp/sw_logs/* /var/log/tedge/agent/'
    arg #1     : sh
    arg #2     : -c
    arg #3     : mv /tmp/sw_logs/* /var/log/tedge/agent/
  working dir  : /home/pi/actions-runner/_work/thin-edge.io/thin-edge.io/tests/PySys/log_request_end_to_end/log_request_error_messages/Output/linux
  stdout       : /home/pi/actions-runner/_work/thin-edge.io/thin-edge.io/tests/PySys/log_request_end_to_end/log_request_error_messages/Output/linux/move_logs.out
  stderr       : /home/pi/actions-runner/_work/thin-edge.io/thin-edge.io/tests/PySys/log_request_end_to_end/log_request_error_messages/Output/linux/move_logs.err
  environment  : LD_LIBRARY_PATH=/usr/lib
  environment  : PATH=/bin:/usr/bin:/usr/sbin:/usr/local/bin
                   #1  /bin
                   #2  /usr/bin
                   #3  /usr/sbin
                   #4  /usr/local/bin
16:42:10 DEBUG Waiting up to 600 secs for process sudo&lt;move_logs&gt; (pid 26024)
16:42:11 INFO  Executed sudo&lt;move_logs&gt;, exit status 0
16:42:11 DEBUG --- test execute
16:42:11 DEBUG --- test validate
16:42:11 INFO  log response None
16:42:12 INFO  log response None
16:42:13 INFO  log response None
16:42:14 INFO  log response None
16:42:16 INFO  log response None
16:42:17 INFO  log response None
16:42:18 INFO  log response None
16:42:19 INFO  log response None
16:42:20 INFO  log response None
16:42:21 INFO  log response None
16:42:23 INFO  log response None
16:42:24 INFO  log response None
16:42:25 INFO  log response None
16:42:26 INFO  log response None
16:42:27 INFO  log response None
16:42:29 INFO  log response None
16:42:30 INFO  log response None
16:42:31 INFO  log response None
16:42:32 INFO  log response None
16:42:33 INFO  log response None
16:42:33 WARN  caught &lt;class 'Exception'&gt; while running test: retry
Traceback (most recent call last):
  File "/home/pi/env-pysys/lib/python3.7/site-packages/pysys/baserunner.py", line 1211, in __call__
    self.testObj.validate()
  File "/home/pi/actions-runner/_work/thin-edge.io/thin-edge.io/tests/PySys/log_request_end_to_end/log_request_error_messages/run.py", line 43, in validate
    value=self.wait_until_logs_retrieved())
  File "/home/pi/env-pysys/lib/python3.7/site-packages/decorator.py", line 232, in fun
    return caller(func, *(extras + args), **kw)
  File "/home/pi/env-pysys/lib/python3.7/site-packages/retry/api.py", line 74, in retry_decorator
    logger)
  File "/home/pi/env-pysys/lib/python3.7/site-packages/retry/api.py", line 33, in __retry_internal
    return f()
  File "/home/pi/actions-runner/_work/thin-edge.io/thin-edge.io/tests/PySys/log_request_end_to_end/log_request_error_messages/run.py", line 52, in wait_until_logs_retrieved
    raise Exception("retry")
Exception: retry
16:42:33 WARN  Exception: retry ... blocked 
16:42:33 DEBUG --- test cleanup
16:42:33 INFO  
16:42:33 INFO  cleanup:
16:42:33 DEBUG Running registered cleanup function: &lt;bound method LogRequestVerifySearchTextError.cleanup_logs of &lt;LogRequestVerifySearchTextError object at 0x75411b90&gt;&gt;
16:42:33 DEBUG Process parameters for sudo&lt;rm_logs&gt;
  command line : /usr/bin/sudo sh -c 'rm -rf /var/log/tedge/agent/example-*'
    arg #1     : sh
    arg #2     : -c
    arg #3     : rm -rf /var/log/tedge/agent/example-*
  working dir  : /home/pi/actions-runner/_work/thin-edge.io/thin-edge.io/tests/PySys/log_request_end_to_end/log_request_error_messages/Output/linux
  stdout       : /home/pi/actions-runner/_work/thin-edge.io/thin-edge.io/tests/PySys/log_request_end_to_end/log_request_error_messages/Output/linux/rm_logs.out
  stderr       : /home/pi/actions-runner/_work/thin-edge.io/thin-edge.io/tests/PySys/log_request_end_to_end/log_request_error_messages/Output/linux/rm_logs.err
  environment  : LD_LIBRARY_PATH=/usr/lib
  environment  : PATH=/bin:/usr/bin:/usr/sbin:/usr/local/bin
                   #1  /bin
                   #2  /usr/bin
                   #3  /usr/sbin
                   #4  /usr/local/bin
16:42:33 DEBUG Waiting up to 600 secs for process sudo&lt;rm_logs&gt; (pid 26128)
16:42:34 INFO  Executed sudo&lt;rm_logs&gt;, exit status 0
16:42:34 DEBUG Process parameters for sudo&lt;rm_tmp_logs&gt;
  command line : /usr/bin/sudo rm -rf /tmp/sw_logs
    arg #1     : rm
    arg #2     : -rf
    arg #3     : /tmp/sw_logs
  working dir  : /home/pi/actions-runner/_work/thin-edge.io/thin-edge.io/tests/PySys/log_request_end_to_end/log_request_error_messages/Output/linux
  stdout       : /home/pi/actions-runner/_work/thin-edge.io/thin-edge.io/tests/PySys/log_request_end_to_end/log_request_error_messages/Output/linux/rm_tmp_logs.out
  stderr       : /home/pi/actions-runner/_work/thin-edge.io/thin-edge.io/tests/PySys/log_request_end_to_end/log_request_error_messages/Output/linux/rm_tmp_logs.err
  environment  : LD_LIBRARY_PATH=/usr/lib
  environment  : PATH=/bin:/usr/bin:/usr/sbin:/usr/local/bin
                   #1  /bin
                   #2  /usr/bin
                   #3  /usr/sbin
                   #4  /usr/local/bin
16:42:34 DEBUG Waiting up to 600 secs for process sudo&lt;rm_tmp_logs&gt; (pid 26131)
16:42:34 INFO  Executed sudo&lt;rm_tmp_logs&gt;, exit status 0
16:42:34 DEBUG Process parameters for sudo&lt;send_failed&gt;
  command line : /usr/bin/sudo /usr/bin/tedge mqtt pub c8y/s/us 502,c8y_LogfileRequest
    arg #1     : /usr/bin/tedge
    arg #2     : mqtt
    arg #3     : pub
    arg #4     : c8y/s/us
    arg #5     : 502,c8y_LogfileRequest
  working dir  : /home/pi/actions-runner/_work/thin-edge.io/thin-edge.io/tests/PySys/log_request_end_to_end/log_request_error_messages/Output/linux
  stdout       : /home/pi/actions-runner/_work/thin-edge.io/thin-edge.io/tests/PySys/log_request_end_to_end/log_request_error_messages/Output/linux/send_failed.out
  stderr       : /home/pi/actions-runner/_work/thin-edge.io/thin-edge.io/tests/PySys/log_request_end_to_end/log_request_error_messages/Output/linux/send_failed.err
  environment  : LD_LIBRARY_PATH=/usr/lib
  environment  : PATH=/bin:/usr/bin:/usr/sbin:/usr/local/bin
                   #1  /bin
                   #2  /usr/bin
                   #3  /usr/sbin
                   #4  /usr/local/bin
16:42:34 DEBUG Waiting up to 600 secs for process sudo&lt;send_failed&gt; (pid 26133)
16:42:34 INFO  Executed sudo&lt;send_failed&gt;, exit status 0
16:42:34 DEBUG Running registered cleanup function: &lt;bound method EnvironmentC8y.myenvcleanup of &lt;LogRequestVerifySearchTextError object at 0x75411b90&gt;&gt;
16:42:34 DEBUG EnvironmentC8y Cleanup
16:42:34 DEBUG Process parameters for sudo&lt;tedge_disconnect_c8y&gt;
  command line : /usr/bin/sudo /usr/bin/tedge disconnect c8y
    arg #1     : /usr/bin/tedge
    arg #2     : disconnect
    arg #3     : c8y
  working dir  : /home/pi/actions-runner/_work/thin-edge.io/thin-edge.io/tests/PySys/log_request_end_to_end/log_request_error_messages/Output/linux
  stdout       : /home/pi/actions-runner/_work/thin-edge.io/thin-edge.io/tests/PySys/log_request_end_to_end/log_request_error_messages/Output/linux/tedge_disconnect_c8y.out
  stderr       : /home/pi/actions-runner/_work/thin-edge.io/thin-edge.io/tests/PySys/log_request_end_to_end/log_request_error_messages/Output/linux/tedge_disconnect_c8y.err
  environment  : LD_LIBRARY_PATH=/usr/lib
  environment  : PATH=/bin:/usr/bin:/usr/sbin:/usr/local/bin
                   #1  /bin
                   #2  /usr/bin
                   #3  /usr/sbin
                   #4  /usr/local/bin
16:42:34 DEBUG Waiting up to 600 secs for process sudo&lt;tedge_disconnect_c8y&gt; (pid 26139)
16:42:37 INFO  Executed sudo&lt;tedge_disconnect_c8y&gt;, exit status 0
16:42:37 DEBUG Process parameters for systemctl&lt;serv_mapper5&gt;
  command line : /usr/bin/systemctl status tedge-mapper-c8y
    arg #1     : status
    arg #2     : tedge-mapper-c8y
  working dir  : /home/pi/actions-runner/_work/thin-edge.io/thin-edge.io/tests/PySys/log_request_end_to_end/log_request_error_messages/Output/linux
  stdout       : /home/pi/actions-runner/_work/thin-edge.io/thin-edge.io/tests/PySys/log_request_end_to_end/log_request_error_messages/Output/linux/serv_mapper5.out
  stderr       : /home/pi/actions-runner/_work/thin-edge.io/thin-edge.io/tests/PySys/log_request_end_to_end/log_request_error_messages/Output/linux/serv_mapper5.err
  environment  : LD_LIBRARY_PATH=/usr/lib
  environment  : PATH=/bin:/usr/bin:/usr/sbin:/usr/local/bin
                   #1  /bin
                   #2  /usr/bin
                   #3  /usr/sbin
                   #4  /usr/local/bin
16:42:37 DEBUG Waiting up to 600 secs for process systemctl&lt;serv_mapper5&gt; (pid 26193)
16:42:37 INFO  Executed systemctl&lt;serv_mapper5&gt;, exit status 3
16:42:37 DEBUG ProcessUser cleanup function done.
16:42:37 INFO  
16:42:37 INFO  Test duration: 49.54 secs
16:42:37 INFO  Test final outcome:  BLOCKED
16:42:37 INFO  Test outcome reason: Exception: retry
16:42:37 INFO  
</system-out>
	</testcase>
</testsuite><testsuite name="log_request_num_lines" tests="1" errors="0" failures="1" skipped="0" time="0"><testcase classname="LogRequestVerifyNumberOfLines" name="log_request_num_lines">
		<failure message="BLOCKED: Exception: retry" type="BLOCKED" />
		<system-out>16:42:37 INFO  ==============================================================
16:42:37 INFO  Id:    log_request_num_lines
16:42:37 INFO  Dir:   log_request_end_to_end/
16:42:37 INFO  Title: Validate end to end behaviour for the log request operation check for number of lines
16:42:37 DEBUG Execution order hint: 0.0
16:42:37 INFO  ==============================================================
16:42:37 DEBUG EnvironmentC8y Setup
16:42:37 INFO  EnvironmentC8y Setup
16:42:37 DEBUG Process parameters for systemctl&lt;serv_mapper1&gt;
  command line : /usr/bin/systemctl status tedge-mapper-c8y
    arg #1     : status
    arg #2     : tedge-mapper-c8y
  working dir  : /home/pi/actions-runner/_work/thin-edge.io/thin-edge.io/tests/PySys/log_request_end_to_end/log_request_num_lines/Output/linux
  stdout       : /home/pi/actions-runner/_work/thin-edge.io/thin-edge.io/tests/PySys/log_request_end_to_end/log_request_num_lines/Output/linux/serv_mapper1.out
  stderr       : /home/pi/actions-runner/_work/thin-edge.io/thin-edge.io/tests/PySys/log_request_end_to_end/log_request_num_lines/Output/linux/serv_mapper1.err
  environment  : LD_LIBRARY_PATH=/usr/lib
  environment  : PATH=/bin:/usr/bin:/usr/sbin:/usr/local/bin
                   #1  /bin
                   #2  /usr/bin
                   #3  /usr/sbin
                   #4  /usr/local/bin
16:42:37 DEBUG Waiting up to 600 secs for process systemctl&lt;serv_mapper1&gt; (pid 26204)
16:42:37 INFO  Executed systemctl&lt;serv_mapper1&gt;, exit status 3
16:42:37 INFO  Restarting mosquitto too frequently in the last 10 seconds. It was only up for 2 seconds
16:42:37 INFO  Delaying execution by 9 seconds
16:42:46 DEBUG Process parameters for sudo&lt;tedge_connect_c8y&gt;
  command line : /usr/bin/sudo /usr/bin/tedge connect c8y
    arg #1     : /usr/bin/tedge
    arg #2     : connect
    arg #3     : c8y
  working dir  : /home/pi/actions-runner/_work/thin-edge.io/thin-edge.io/tests/PySys/log_request_end_to_end/log_request_num_lines/Output/linux
  stdout       : /home/pi/actions-runner/_work/thin-edge.io/thin-edge.io/tests/PySys/log_request_end_to_end/log_request_num_lines/Output/linux/tedge_connect_c8y.out
  stderr       : /home/pi/actions-runner/_work/thin-edge.io/thin-edge.io/tests/PySys/log_request_end_to_end/log_request_num_lines/Output/linux/tedge_connect_c8y.err
  environment  : LD_LIBRARY_PATH=/usr/lib
  environment  : PATH=/bin:/usr/bin:/usr/sbin:/usr/local/bin
                   #1  /bin
                   #2  /usr/bin
                   #3  /usr/sbin
                   #4  /usr/local/bin
16:42:46 DEBUG Waiting up to 600 secs for process sudo&lt;tedge_connect_c8y&gt; (pid 26245)
16:42:57 INFO  Executed sudo&lt;tedge_connect_c8y&gt;, exit status 0
16:42:57 DEBUG Process parameters for sudo&lt;tedge_connect_c8y_test&gt;
  command line : /usr/bin/sudo /usr/bin/tedge connect c8y --test
    arg #1     : /usr/bin/tedge
    arg #2     : connect
    arg #3     : c8y
    arg #4     : --test
  working dir  : /home/pi/actions-runner/_work/thin-edge.io/thin-edge.io/tests/PySys/log_request_end_to_end/log_request_num_lines/Output/linux
  stdout       : /home/pi/actions-runner/_work/thin-edge.io/thin-edge.io/tests/PySys/log_request_end_to_end/log_request_num_lines/Output/linux/tedge_connect_c8y_test.out
  stderr       : /home/pi/actions-runner/_work/thin-edge.io/thin-edge.io/tests/PySys/log_request_end_to_end/log_request_num_lines/Output/linux/tedge_connect_c8y_test.err
  environment  : LD_LIBRARY_PATH=/usr/lib
  environment  : PATH=/bin:/usr/bin:/usr/sbin:/usr/local/bin
                   #1  /bin
                   #2  /usr/bin
                   #3  /usr/sbin
                   #4  /usr/local/bin
16:42:57 DEBUG Waiting up to 600 secs for process sudo&lt;tedge_connect_c8y_test&gt; (pid 26407)
16:42:57 INFO  Executed sudo&lt;tedge_connect_c8y_test&gt;, exit status 0
16:42:57 DEBUG Process parameters for systemctl&lt;serv_mosq2&gt;
  command line : /usr/bin/systemctl status mosquitto
    arg #1     : status
    arg #2     : mosquitto
  working dir  : /home/pi/actions-runner/_work/thin-edge.io/thin-edge.io/tests/PySys/log_request_end_to_end/log_request_num_lines/Output/linux
  stdout       : /home/pi/actions-runner/_work/thin-edge.io/thin-edge.io/tests/PySys/log_request_end_to_end/log_request_num_lines/Output/linux/serv_mosq2.out
  stderr       : /home/pi/actions-runner/_work/thin-edge.io/thin-edge.io/tests/PySys/log_request_end_to_end/log_request_num_lines/Output/linux/serv_mosq2.err
  environment  : LD_LIBRARY_PATH=/usr/lib
  environment  : PATH=/bin:/usr/bin:/usr/sbin:/usr/local/bin
                   #1  /bin
                   #2  /usr/bin
                   #3  /usr/sbin
                   #4  /usr/local/bin
16:42:57 DEBUG Waiting up to 600 secs for process systemctl&lt;serv_mosq2&gt; (pid 26411)
16:42:57 INFO  Executed systemctl&lt;serv_mosq2&gt;, exit status 0
16:42:57 DEBUG Process parameters for systemctl&lt;serv_mapper3&gt;
  command line : /usr/bin/systemctl status tedge-mapper-c8y
    arg #1     : status
    arg #2     : tedge-mapper-c8y
  working dir  : /home/pi/actions-runner/_work/thin-edge.io/thin-edge.io/tests/PySys/log_request_end_to_end/log_request_num_lines/Output/linux
  stdout       : /home/pi/actions-runner/_work/thin-edge.io/thin-edge.io/tests/PySys/log_request_end_to_end/log_request_num_lines/Output/linux/serv_mapper3.out
  stderr       : /home/pi/actions-runner/_work/thin-edge.io/thin-edge.io/tests/PySys/log_request_end_to_end/log_request_num_lines/Output/linux/serv_mapper3.err
  environment  : LD_LIBRARY_PATH=/usr/lib
  environment  : PATH=/bin:/usr/bin:/usr/sbin:/usr/local/bin
                   #1  /bin
                   #2  /usr/bin
                   #3  /usr/sbin
                   #4  /usr/local/bin
16:42:57 DEBUG Waiting up to 600 secs for process systemctl&lt;serv_mapper3&gt; (pid 26414)
16:42:58 INFO  Executed systemctl&lt;serv_mapper3&gt;, exit status 0
16:42:58 DEBUG Process parameters for sudo&lt;rm_logs&gt;
  command line : /usr/bin/sudo rm -rf /tmp/sw_logs
    arg #1     : rm
    arg #2     : -rf
    arg #3     : /tmp/sw_logs
  working dir  : /home/pi/actions-runner/_work/thin-edge.io/thin-edge.io/tests/PySys/log_request_end_to_end/log_request_num_lines/Output/linux
  stdout       : /home/pi/actions-runner/_work/thin-edge.io/thin-edge.io/tests/PySys/log_request_end_to_end/log_request_num_lines/Output/linux/rm_logs.out
  stderr       : /home/pi/actions-runner/_work/thin-edge.io/thin-edge.io/tests/PySys/log_request_end_to_end/log_request_num_lines/Output/linux/rm_logs.err
  environment  : LD_LIBRARY_PATH=/usr/lib
  environment  : PATH=/bin:/usr/bin:/usr/sbin:/usr/local/bin
                   #1  /bin
                   #2  /usr/bin
                   #3  /usr/sbin
                   #4  /usr/local/bin
16:42:58 DEBUG Waiting up to 600 secs for process sudo&lt;rm_logs&gt; (pid 26415)
16:42:58 INFO  Executed sudo&lt;rm_logs&gt;, exit status 0
16:42:58 DEBUG Process parameters for sudo&lt;move_logs&gt;
  command line : /usr/bin/sudo sh -c 'mv /tmp/sw_logs/* /var/log/tedge/agent/'
    arg #1     : sh
    arg #2     : -c
    arg #3     : mv /tmp/sw_logs/* /var/log/tedge/agent/
  working dir  : /home/pi/actions-runner/_work/thin-edge.io/thin-edge.io/tests/PySys/log_request_end_to_end/log_request_num_lines/Output/linux
  stdout       : /home/pi/actions-runner/_work/thin-edge.io/thin-edge.io/tests/PySys/log_request_end_to_end/log_request_num_lines/Output/linux/move_logs.out
  stderr       : /home/pi/actions-runner/_work/thin-edge.io/thin-edge.io/tests/PySys/log_request_end_to_end/log_request_num_lines/Output/linux/move_logs.err
  environment  : LD_LIBRARY_PATH=/usr/lib
  environment  : PATH=/bin:/usr/bin:/usr/sbin:/usr/local/bin
                   #1  /bin
                   #2  /usr/bin
                   #3  /usr/sbin
                   #4  /usr/local/bin
16:42:58 DEBUG Waiting up to 600 secs for process sudo&lt;move_logs&gt; (pid 26417)
16:42:58 INFO  Executed sudo&lt;move_logs&gt;, exit status 0
16:42:58 DEBUG --- test execute
16:42:58 DEBUG --- test validate
16:42:58 INFO  log response None
16:43:00 INFO  log response None
16:43:01 INFO  log response None
16:43:02 INFO  log response None
16:43:03 INFO  log response None
16:43:04 INFO  log response None
16:43:05 INFO  log response None
16:43:07 INFO  log response None
16:43:08 INFO  log response None
16:43:09 INFO  log response None
16:43:10 INFO  log response None
16:43:11 INFO  log response None
16:43:12 INFO  log response None
16:43:13 INFO  log response None
16:43:15 INFO  log response None
16:43:16 INFO  log response None
16:43:17 INFO  log response None
16:43:18 INFO  log response None
16:43:19 INFO  log response None
16:43:20 INFO  log response None
16:43:20 WARN  caught &lt;class 'Exception'&gt; while running test: retry
Traceback (most recent call last):
  File "/home/pi/env-pysys/lib/python3.7/site-packages/pysys/baserunner.py", line 1211, in __call__
    self.testObj.validate()
  File "/home/pi/actions-runner/_work/thin-edge.io/thin-edge.io/tests/PySys/log_request_end_to_end/log_request_num_lines/run.py", line 44, in validate
    value=self.wait_until_logs_retrieved())
  File "/home/pi/env-pysys/lib/python3.7/site-packages/decorator.py", line 232, in fun
    return caller(func, *(extras + args), **kw)
  File "/home/pi/env-pysys/lib/python3.7/site-packages/retry/api.py", line 74, in retry_decorator
    logger)
  File "/home/pi/env-pysys/lib/python3.7/site-packages/retry/api.py", line 33, in __retry_internal
    return f()
  File "/home/pi/actions-runner/_work/thin-edge.io/thin-edge.io/tests/PySys/log_request_end_to_end/log_request_num_lines/run.py", line 52, in wait_until_logs_retrieved
    raise Exception("retry")
Exception: retry
16:43:20 WARN  Exception: retry ... blocked 
16:43:20 DEBUG --- test cleanup
16:43:20 INFO  
16:43:20 INFO  cleanup:
16:43:20 DEBUG Running registered cleanup function: &lt;bound method LogRequestVerifyNumberOfLines.cleanup_logs of &lt;LogRequestVerifyNumberOfLines object at 0x75276e70&gt;&gt;
16:43:20 DEBUG Process parameters for sudo&lt;rm_logs&gt;
  command line : /usr/bin/sudo sh -c 'rm -rf /var/log/tedge/agent/example-*'
    arg #1     : sh
    arg #2     : -c
    arg #3     : rm -rf /var/log/tedge/agent/example-*
  working dir  : /home/pi/actions-runner/_work/thin-edge.io/thin-edge.io/tests/PySys/log_request_end_to_end/log_request_num_lines/Output/linux
  stdout       : /home/pi/actions-runner/_work/thin-edge.io/thin-edge.io/tests/PySys/log_request_end_to_end/log_request_num_lines/Output/linux/rm_logs.out
  stderr       : /home/pi/actions-runner/_work/thin-edge.io/thin-edge.io/tests/PySys/log_request_end_to_end/log_request_num_lines/Output/linux/rm_logs.err
  environment  : LD_LIBRARY_PATH=/usr/lib
  environment  : PATH=/bin:/usr/bin:/usr/sbin:/usr/local/bin
                   #1  /bin
                   #2  /usr/bin
                   #3  /usr/sbin
                   #4  /usr/local/bin
16:43:20 DEBUG Waiting up to 600 secs for process sudo&lt;rm_logs&gt; (pid 26509)
16:43:21 INFO  Executed sudo&lt;rm_logs&gt;, exit status 0
16:43:21 DEBUG Process parameters for sudo&lt;rm_tmp_logs&gt;
  command line : /usr/bin/sudo rm -rf /tmp/sw_logs
    arg #1     : rm
    arg #2     : -rf
    arg #3     : /tmp/sw_logs
  working dir  : /home/pi/actions-runner/_work/thin-edge.io/thin-edge.io/tests/PySys/log_request_end_to_end/log_request_num_lines/Output/linux
  stdout       : /home/pi/actions-runner/_work/thin-edge.io/thin-edge.io/tests/PySys/log_request_end_to_end/log_request_num_lines/Output/linux/rm_tmp_logs.out
  stderr       : /home/pi/actions-runner/_work/thin-edge.io/thin-edge.io/tests/PySys/log_request_end_to_end/log_request_num_lines/Output/linux/rm_tmp_logs.err
  environment  : LD_LIBRARY_PATH=/usr/lib
  environment  : PATH=/bin:/usr/bin:/usr/sbin:/usr/local/bin
                   #1  /bin
                   #2  /usr/bin
                   #3  /usr/sbin
                   #4  /usr/local/bin
16:43:21 DEBUG Waiting up to 600 secs for process sudo&lt;rm_tmp_logs&gt; (pid 26519)
16:43:21 INFO  Executed sudo&lt;rm_tmp_logs&gt;, exit status 0
16:43:21 DEBUG Process parameters for sudo&lt;send_failed&gt;
  command line : /usr/bin/sudo /usr/bin/tedge mqtt pub c8y/s/us 502,c8y_LogfileRequest
    arg #1     : /usr/bin/tedge
    arg #2     : mqtt
    arg #3     : pub
    arg #4     : c8y/s/us
    arg #5     : 502,c8y_LogfileRequest
  working dir  : /home/pi/actions-runner/_work/thin-edge.io/thin-edge.io/tests/PySys/log_request_end_to_end/log_request_num_lines/Output/linux
  stdout       : /home/pi/actions-runner/_work/thin-edge.io/thin-edge.io/tests/PySys/log_request_end_to_end/log_request_num_lines/Output/linux/send_failed.out
  stderr       : /home/pi/actions-runner/_work/thin-edge.io/thin-edge.io/tests/PySys/log_request_end_to_end/log_request_num_lines/Output/linux/send_failed.err
  environment  : LD_LIBRARY_PATH=/usr/lib
  environment  : PATH=/bin:/usr/bin:/usr/sbin:/usr/local/bin
                   #1  /bin
                   #2  /usr/bin
                   #3  /usr/sbin
                   #4  /usr/local/bin
16:43:21 DEBUG Waiting up to 600 secs for process sudo&lt;send_failed&gt; (pid 26521)
16:43:21 INFO  Executed sudo&lt;send_failed&gt;, exit status 0
16:43:21 DEBUG Running registered cleanup function: &lt;bound method EnvironmentC8y.myenvcleanup of &lt;LogRequestVerifyNumberOfLines object at 0x75276e70&gt;&gt;
16:43:21 DEBUG EnvironmentC8y Cleanup
16:43:21 DEBUG Process parameters for sudo&lt;tedge_disconnect_c8y&gt;
  command line : /usr/bin/sudo /usr/bin/tedge disconnect c8y
    arg #1     : /usr/bin/tedge
    arg #2     : disconnect
    arg #3     : c8y
  working dir  : /home/pi/actions-runner/_work/thin-edge.io/thin-edge.io/tests/PySys/log_request_end_to_end/log_request_num_lines/Output/linux
  stdout       : /home/pi/actions-runner/_work/thin-edge.io/thin-edge.io/tests/PySys/log_request_end_to_end/log_request_num_lines/Output/linux/tedge_disconnect_c8y.out
  stderr       : /home/pi/actions-runner/_work/thin-edge.io/thin-edge.io/tests/PySys/log_request_end_to_end/log_request_num_lines/Output/linux/tedge_disconnect_c8y.err
  environment  : LD_LIBRARY_PATH=/usr/lib
  environment  : PATH=/bin:/usr/bin:/usr/sbin:/usr/local/bin
                   #1  /bin
                   #2  /usr/bin
                   #3  /usr/sbin
                   #4  /usr/local/bin
16:43:21 DEBUG Waiting up to 600 secs for process sudo&lt;tedge_disconnect_c8y&gt; (pid 26527)
16:43:23 INFO  Executed sudo&lt;tedge_disconnect_c8y&gt;, exit status 0
16:43:23 DEBUG Process parameters for systemctl&lt;serv_mapper5&gt;
  command line : /usr/bin/systemctl status tedge-mapper-c8y
    arg #1     : status
    arg #2     : tedge-mapper-c8y
  working dir  : /home/pi/actions-runner/_work/thin-edge.io/thin-edge.io/tests/PySys/log_request_end_to_end/log_request_num_lines/Output/linux
  stdout       : /home/pi/actions-runner/_work/thin-edge.io/thin-edge.io/tests/PySys/log_request_end_to_end/log_request_num_lines/Output/linux/serv_mapper5.out
  stderr       : /home/pi/actions-runner/_work/thin-edge.io/thin-edge.io/tests/PySys/log_request_end_to_end/log_request_num_lines/Output/linux/serv_mapper5.err
  environment  : LD_LIBRARY_PATH=/usr/lib
  environment  : PATH=/bin:/usr/bin:/usr/sbin:/usr/local/bin
                   #1  /bin
                   #2  /usr/bin
                   #3  /usr/sbin
                   #4  /usr/local/bin
16:43:23 DEBUG Waiting up to 600 secs for process systemctl&lt;serv_mapper5&gt; (pid 26581)
16:43:24 INFO  Executed systemctl&lt;serv_mapper5&gt;, exit status 3
16:43:24 DEBUG ProcessUser cleanup function done.
16:43:24 INFO  
16:43:24 INFO  Test duration: 46.82 secs
16:43:24 INFO  Test final outcome:  BLOCKED
16:43:24 INFO  Test outcome reason: Exception: retry
16:43:24 INFO  
</system-out>
	</testcase>
</testsuite><testsuite name="mapper_awaits_before_reconnect" tests="1" errors="0" failures="1" skipped="0" time="0"><testcase classname="MapperReconnectAwait" name="mapper_awaits_before_reconnect">
		<failure message="FAILED: Line count on tedge_mapper_journal.out for &quot;tedge_mapper::mapper: MQTT connection error:&quot; expected &gt;=2 but got 0" type="FAILED" />
		<system-out>16:56:02 INFO  ==============================================================
16:56:02 INFO  Id:    mapper_awaits_before_reconnect
16:56:02 INFO  Dir:   tedge_mapper_c8y/
16:56:02 INFO  Title: Validate mapper doesn't reconnect too often
16:56:02 DEBUG Execution order hint: 0.0
16:56:02 INFO  ==============================================================
16:56:02 DEBUG --- test execute
16:56:02 DEBUG Process parameters for mosquitto_sub
  command line : /usr/bin/mosquitto_sub -i tedge-mapper-c8y -t test
    arg #1     : -i
    arg #2     : tedge-mapper-c8y
    arg #3     : -t
    arg #4     : test
  working dir  : /home/pi/actions-runner/_work/thin-edge.io/thin-edge.io/tests/PySys/tedge_mapper_c8y/mapper_awaits_before_reconnect/Output/linux
  stdout       : /home/pi/actions-runner/_work/thin-edge.io/thin-edge.io/tests/PySys/tedge_mapper_c8y/mapper_awaits_before_reconnect/Output/linux/mosquitto_sub.out
  stderr       : /home/pi/actions-runner/_work/thin-edge.io/thin-edge.io/tests/PySys/tedge_mapper_c8y/mapper_awaits_before_reconnect/Output/linux/mosquitto_sub.err
  environment  : LD_LIBRARY_PATH=/usr/lib
  environment  : PATH=/bin:/usr/bin:/usr/sbin:/usr/local/bin
                   #1  /bin
                   #2  /usr/bin
                   #3  /usr/sbin
                   #4  /usr/local/bin
16:56:02 INFO  Started mosquitto_sub with process id 3525
16:56:02 INFO  Waiting for 0.1 seconds
16:56:02 DEBUG Process parameters for sudo&lt;tedge_mapper&gt;
  command line : /usr/bin/sudo systemctl start tedge-mapper-c8y
    arg #1     : systemctl
    arg #2     : start
    arg #3     : tedge-mapper-c8y
  working dir  : /home/pi/actions-runner/_work/thin-edge.io/thin-edge.io/tests/PySys/tedge_mapper_c8y/mapper_awaits_before_reconnect/Output/linux
  stdout       : /home/pi/actions-runner/_work/thin-edge.io/thin-edge.io/tests/PySys/tedge_mapper_c8y/mapper_awaits_before_reconnect/Output/linux/tedge_mapper.out
  stderr       : /home/pi/actions-runner/_work/thin-edge.io/thin-edge.io/tests/PySys/tedge_mapper_c8y/mapper_awaits_before_reconnect/Output/linux/tedge_mapper.err
  environment  : LD_LIBRARY_PATH=/usr/lib
  environment  : PATH=/bin:/usr/bin:/usr/sbin:/usr/local/bin
                   #1  /bin
                   #2  /usr/bin
                   #3  /usr/sbin
                   #4  /usr/local/bin
16:56:02 DEBUG Waiting up to 600 secs for process sudo&lt;tedge_mapper&gt; (pid 3526)
16:56:03 INFO  Executed sudo&lt;tedge_mapper&gt;, exit status 0
16:56:03 INFO  Waiting for 5.0 seconds
16:56:08 DEBUG Process parameters for sudo&lt;tedge_mapper&gt;
  command line : /usr/bin/sudo systemctl stop tedge-mapper-c8y
    arg #1     : systemctl
    arg #2     : stop
    arg #3     : tedge-mapper-c8y
  working dir  : /home/pi/actions-runner/_work/thin-edge.io/thin-edge.io/tests/PySys/tedge_mapper_c8y/mapper_awaits_before_reconnect/Output/linux
  stdout       : /home/pi/actions-runner/_work/thin-edge.io/thin-edge.io/tests/PySys/tedge_mapper_c8y/mapper_awaits_before_reconnect/Output/linux/tedge_mapper.out
  stderr       : /home/pi/actions-runner/_work/thin-edge.io/thin-edge.io/tests/PySys/tedge_mapper_c8y/mapper_awaits_before_reconnect/Output/linux/tedge_mapper.err
  environment  : LD_LIBRARY_PATH=/usr/lib
  environment  : PATH=/bin:/usr/bin:/usr/sbin:/usr/local/bin
                   #1  /bin
                   #2  /usr/bin
                   #3  /usr/sbin
                   #4  /usr/local/bin
16:56:08 DEBUG Waiting up to 600 secs for process sudo&lt;tedge_mapper&gt; (pid 3558)
16:56:08 INFO  Executed sudo&lt;tedge_mapper&gt;, exit status 0
16:56:08 DEBUG --- test validate
16:56:08 DEBUG Process parameters for sudo&lt;tedge_mapper_journal&gt;
  command line : /usr/bin/sudo journalctl -u tedge-mapper-c8y.service --since '2022-02-25 16:56:03' --until '2022-02-25 16:56:08'
    arg #1     : journalctl
    arg #2     : -u
    arg #3     : tedge-mapper-c8y.service
    arg #4     : --since
    arg #5     : 2022-02-25 16:56:03
    arg #6     : --until
    arg #7     : 2022-02-25 16:56:08
  working dir  : /home/pi/actions-runner/_work/thin-edge.io/thin-edge.io/tests/PySys/tedge_mapper_c8y/mapper_awaits_before_reconnect/Output/linux
  stdout       : /home/pi/actions-runner/_work/thin-edge.io/thin-edge.io/tests/PySys/tedge_mapper_c8y/mapper_awaits_before_reconnect/Output/linux/tedge_mapper_journal.out
  stderr       : /home/pi/actions-runner/_work/thin-edge.io/thin-edge.io/tests/PySys/tedge_mapper_c8y/mapper_awaits_before_reconnect/Output/linux/tedge_mapper_journal.err
  environment  : LD_LIBRARY_PATH=/usr/lib
  environment  : PATH=/bin:/usr/bin:/usr/sbin:/usr/local/bin
                   #1  /bin
                   #2  /usr/bin
                   #3  /usr/sbin
                   #4  /usr/local/bin
16:56:08 DEBUG Waiting up to 600 secs for process sudo&lt;tedge_mapper_journal&gt; (pid 3560)
16:56:08 INFO  Executed sudo&lt;tedge_mapper_journal&gt;, exit status 0
16:56:08 DEBUG Performing regex contains=True grep on file: /home/pi/actions-runner/_work/thin-edge.io/thin-edge.io/tests/PySys/tedge_mapper_c8y/mapper_awaits_before_reconnect/Output/linux/tedge_mapper_journal.out
16:56:08 WARN  Grep on tedge_mapper_journal.out contains "ERROR" ... failed [run.py:59]
16:56:08 DEBUG Number of matching lines in /home/pi/actions-runner/_work/thin-edge.io/thin-edge.io/tests/PySys/tedge_mapper_c8y/mapper_awaits_before_reconnect/Output/linux/tedge_mapper_journal.out is 0
16:56:08 INFO  Line count on input file tedge_mapper_journal.out ... passed
16:56:08 DEBUG Number of matching lines in /home/pi/actions-runner/_work/thin-edge.io/thin-edge.io/tests/PySys/tedge_mapper_c8y/mapper_awaits_before_reconnect/Output/linux/tedge_mapper_journal.out is 0
16:56:08 WARN  Line count on tedge_mapper_journal.out for "tedge_mapper::mapper: MQTT connection error:" expected &gt;=2 but got 0 ... failed [run.py:70]
16:56:08 WARN  Aborted test due to FAILED outcome
16:56:08 DEBUG --- test cleanup
16:56:08 DEBUG Failed to kill process group (but process itself was killed fine) for mosquitto_sub: name 'SIGTERM' is not defined
16:56:08 DEBUG Waiting up to 30 secs for process mosquitto_sub (pid 3525)
16:56:08 DEBUG ProcessUser cleanup function done.
16:56:08 INFO  
16:56:08 INFO  Test duration: 6.04 secs
16:56:08 INFO  Test final outcome:  FAILED
16:56:08 INFO  Test outcome reason: Line count on tedge_mapper_journal.out for "tedge_mapper::mapper: MQTT connection error:" expected &gt;=2 but got 0
16:56:08 INFO  
</system-out>
	</testcase>
</testsuite><testsuite name="monitoring_smaller_interval" tests="1" errors="0" failures="0" skipped="0" time="0"><testcase classname="MonitoringSmallInterval" name="monitoring_smaller_interval" />
</testsuite><testsuite name="monitoring_with_collectd" tests="1" errors="0" failures="0" skipped="0" time="0"><testcase classname="MonitoringWithCollectd" name="monitoring_with_collectd" />
</testsuite><testsuite name="monitoring_with_simulated_messages" tests="1" errors="0" failures="0" skipped="0" time="0"><testcase classname="MonitoringWithSimulatedMessages" name="monitoring_with_simulated_messages" />
</testsuite><testsuite name="mqtt_port_change_connection_fails" tests="1" errors="0" failures="0" skipped="0" time="0"><testcase classname="MqttPortChangeConnectionFails" name="mqtt_port_change_connection_fails" />
</testsuite><testsuite name="mqtt_port_change_connection_works" tests="1" errors="0" failures="0" skipped="0" time="0"><testcase classname="MqttPortChangeConnectionWorks" name="mqtt_port_change_connection_works" />
</testsuite><testsuite name="mqtt_port_set" tests="1" errors="0" failures="0" skipped="0" time="0"><testcase classname="MqttPortSet" name="mqtt_port_set" />
</testsuite><testsuite name="mqtt_port_unset" tests="1" errors="0" failures="0" skipped="0" time="0"><testcase classname="MqttPortUnSet" name="mqtt_port_unset" />
</testsuite><testsuite name="publish_flux" tests="1" errors="0" failures="0" skipped="0" time="0"><testcase classname="PublishFlux" name="publish_flux" />
</testsuite><testsuite name="publish_sawmill" tests="1" errors="0" failures="0" skipped="0" time="0"><testcase classname="PublishSawmill" name="publish_sawmill" />
</testsuite><testsuite name="runtime_start_two_mappers" tests="1" errors="0" failures="0" skipped="0" time="0"><testcase classname="RuntimeMultiMappers" name="runtime_start_two_mappers" />
</testsuite><testsuite name="sm_tedge_mapper_init_session" tests="1" errors="0" failures="1" skipped="0" time="0"><testcase classname="TedgeSMMapperInitSession" name="sm_tedge_mapper_init_session">
		<failure message="BLOCKED: sudo&lt;stop_tedge_mapper&gt; returned non-zero exit code 5" type="BLOCKED" />
		<system-out>16:56:09 INFO  ==============================================================
16:56:09 INFO  Id:    sm_tedge_mapper_init_session
16:56:09 INFO  Dir:   tedge_mapper_c8y/
16:56:09 INFO  Title: Validate tedge_mapper_sm_c8y init session feature
16:56:09 DEBUG Execution order hint: 0.0
16:56:09 INFO  ==============================================================
16:56:09 DEBUG EnvironmentC8y Setup
16:56:09 INFO  EnvironmentC8y Setup
16:56:09 DEBUG Process parameters for systemctl&lt;serv_mapper1&gt;
  command line : /usr/bin/systemctl status tedge-mapper-c8y
    arg #1     : status
    arg #2     : tedge-mapper-c8y
  working dir  : /home/pi/actions-runner/_work/thin-edge.io/thin-edge.io/tests/PySys/tedge_mapper_c8y/sm_tedge_mapper_init_session/Output/linux
  stdout       : /home/pi/actions-runner/_work/thin-edge.io/thin-edge.io/tests/PySys/tedge_mapper_c8y/sm_tedge_mapper_init_session/Output/linux/serv_mapper1.out
  stderr       : /home/pi/actions-runner/_work/thin-edge.io/thin-edge.io/tests/PySys/tedge_mapper_c8y/sm_tedge_mapper_init_session/Output/linux/serv_mapper1.err
  environment  : LD_LIBRARY_PATH=/usr/lib
  environment  : PATH=/bin:/usr/bin:/usr/sbin:/usr/local/bin
                   #1  /bin
                   #2  /usr/bin
                   #3  /usr/sbin
                   #4  /usr/local/bin
16:56:09 DEBUG Waiting up to 600 secs for process systemctl&lt;serv_mapper1&gt; (pid 3590)
16:56:10 INFO  Executed systemctl&lt;serv_mapper1&gt;, exit status 3
16:56:10 DEBUG Process parameters for sudo&lt;tedge_connect_c8y&gt;
  command line : /usr/bin/sudo /usr/bin/tedge connect c8y
    arg #1     : /usr/bin/tedge
    arg #2     : connect
    arg #3     : c8y
  working dir  : /home/pi/actions-runner/_work/thin-edge.io/thin-edge.io/tests/PySys/tedge_mapper_c8y/sm_tedge_mapper_init_session/Output/linux
  stdout       : /home/pi/actions-runner/_work/thin-edge.io/thin-edge.io/tests/PySys/tedge_mapper_c8y/sm_tedge_mapper_init_session/Output/linux/tedge_connect_c8y.out
  stderr       : /home/pi/actions-runner/_work/thin-edge.io/thin-edge.io/tests/PySys/tedge_mapper_c8y/sm_tedge_mapper_init_session/Output/linux/tedge_connect_c8y.err
  environment  : LD_LIBRARY_PATH=/usr/lib
  environment  : PATH=/bin:/usr/bin:/usr/sbin:/usr/local/bin
                   #1  /bin
                   #2  /usr/bin
                   #3  /usr/sbin
                   #4  /usr/local/bin
16:56:10 DEBUG Waiting up to 600 secs for process sudo&lt;tedge_connect_c8y&gt; (pid 3594)
16:56:20 INFO  Executed sudo&lt;tedge_connect_c8y&gt;, exit status 0
16:56:20 DEBUG Process parameters for sudo&lt;tedge_connect_c8y_test&gt;
  command line : /usr/bin/sudo /usr/bin/tedge connect c8y --test
    arg #1     : /usr/bin/tedge
    arg #2     : connect
    arg #3     : c8y
    arg #4     : --test
  working dir  : /home/pi/actions-runner/_work/thin-edge.io/thin-edge.io/tests/PySys/tedge_mapper_c8y/sm_tedge_mapper_init_session/Output/linux
  stdout       : /home/pi/actions-runner/_work/thin-edge.io/thin-edge.io/tests/PySys/tedge_mapper_c8y/sm_tedge_mapper_init_session/Output/linux/tedge_connect_c8y_test.out
  stderr       : /home/pi/actions-runner/_work/thin-edge.io/thin-edge.io/tests/PySys/tedge_mapper_c8y/sm_tedge_mapper_init_session/Output/linux/tedge_connect_c8y_test.err
  environment  : LD_LIBRARY_PATH=/usr/lib
  environment  : PATH=/bin:/usr/bin:/usr/sbin:/usr/local/bin
                   #1  /bin
                   #2  /usr/bin
                   #3  /usr/sbin
                   #4  /usr/local/bin
16:56:20 DEBUG Waiting up to 600 secs for process sudo&lt;tedge_connect_c8y_test&gt; (pid 3744)
16:56:20 INFO  Executed sudo&lt;tedge_connect_c8y_test&gt;, exit status 0
16:56:20 DEBUG Process parameters for systemctl&lt;serv_mosq2&gt;
  command line : /usr/bin/systemctl status mosquitto
    arg #1     : status
    arg #2     : mosquitto
  working dir  : /home/pi/actions-runner/_work/thin-edge.io/thin-edge.io/tests/PySys/tedge_mapper_c8y/sm_tedge_mapper_init_session/Output/linux
  stdout       : /home/pi/actions-runner/_work/thin-edge.io/thin-edge.io/tests/PySys/tedge_mapper_c8y/sm_tedge_mapper_init_session/Output/linux/serv_mosq2.out
  stderr       : /home/pi/actions-runner/_work/thin-edge.io/thin-edge.io/tests/PySys/tedge_mapper_c8y/sm_tedge_mapper_init_session/Output/linux/serv_mosq2.err
  environment  : LD_LIBRARY_PATH=/usr/lib
  environment  : PATH=/bin:/usr/bin:/usr/sbin:/usr/local/bin
                   #1  /bin
                   #2  /usr/bin
                   #3  /usr/sbin
                   #4  /usr/local/bin
16:56:20 DEBUG Waiting up to 600 secs for process systemctl&lt;serv_mosq2&gt; (pid 3747)
16:56:21 INFO  Executed systemctl&lt;serv_mosq2&gt;, exit status 0
16:56:21 DEBUG Process parameters for systemctl&lt;serv_mapper3&gt;
  command line : /usr/bin/systemctl status tedge-mapper-c8y
    arg #1     : status
    arg #2     : tedge-mapper-c8y
  working dir  : /home/pi/actions-runner/_work/thin-edge.io/thin-edge.io/tests/PySys/tedge_mapper_c8y/sm_tedge_mapper_init_session/Output/linux
  stdout       : /home/pi/actions-runner/_work/thin-edge.io/thin-edge.io/tests/PySys/tedge_mapper_c8y/sm_tedge_mapper_init_session/Output/linux/serv_mapper3.out
  stderr       : /home/pi/actions-runner/_work/thin-edge.io/thin-edge.io/tests/PySys/tedge_mapper_c8y/sm_tedge_mapper_init_session/Output/linux/serv_mapper3.err
  environment  : LD_LIBRARY_PATH=/usr/lib
  environment  : PATH=/bin:/usr/bin:/usr/sbin:/usr/local/bin
                   #1  /bin
                   #2  /usr/bin
                   #3  /usr/sbin
                   #4  /usr/local/bin
16:56:21 DEBUG Waiting up to 600 secs for process systemctl&lt;serv_mapper3&gt; (pid 3750)
16:56:21 INFO  Executed systemctl&lt;serv_mapper3&gt;, exit status 0
16:56:21 DEBUG --- test execute
16:56:21 DEBUG Process parameters for sudo&lt;stop_tedge_mapper&gt;
  command line : /usr/bin/sudo systemctl stop tedge-mapper-sm-c8y
    arg #1     : systemctl
    arg #2     : stop
    arg #3     : tedge-mapper-sm-c8y
  working dir  : /home/pi/actions-runner/_work/thin-edge.io/thin-edge.io/tests/PySys/tedge_mapper_c8y/sm_tedge_mapper_init_session/Output/linux
  stdout       : /home/pi/actions-runner/_work/thin-edge.io/thin-edge.io/tests/PySys/tedge_mapper_c8y/sm_tedge_mapper_init_session/Output/linux/stop_tedge_mapper.out
  stderr       : /home/pi/actions-runner/_work/thin-edge.io/thin-edge.io/tests/PySys/tedge_mapper_c8y/sm_tedge_mapper_init_session/Output/linux/stop_tedge_mapper.err
  environment  : LD_LIBRARY_PATH=/usr/lib
  environment  : PATH=/bin:/usr/bin:/usr/sbin:/usr/local/bin
                   #1  /bin
                   #2  /usr/bin
                   #3  /usr/sbin
                   #4  /usr/local/bin
16:56:21 DEBUG Waiting up to 600 secs for process sudo&lt;stop_tedge_mapper&gt; (pid 3763)
16:56:21 WARN  Executed sudo&lt;stop_tedge_mapper&gt;, exit status 5
16:56:21 DEBUG Opening file using encoding=UTF-8: /home/pi/actions-runner/_work/thin-edge.io/thin-edge.io/tests/PySys/tedge_mapper_c8y/sm_tedge_mapper_init_session/Output/linux/stop_tedge_mapper.err
16:56:21 INFO  Contents of stop_tedge_mapper.err: 
16:56:21 INFO    Failed to stop tedge-mapper-sm-c8y.service: Unit tedge-mapper-sm-c8y.service not loaded.
16:56:21 INFO    -----
16:56:21 INFO  
16:56:21 WARN  sudo&lt;stop_tedge_mapper&gt; returned non-zero exit code 5 ... blocked [run.py:39]
16:56:21 WARN  Aborted test due to BLOCKED outcome
16:56:21 DEBUG --- test cleanup
16:56:21 INFO  
16:56:21 INFO  cleanup:
16:56:21 DEBUG Running registered cleanup function: &lt;bound method TedgeSMMapperInitSession.init_cleanup of &lt;TedgeSMMapperInitSession object at 0x751392b0&gt;&gt;
16:56:21 DEBUG EnvironmentC8y Cleanup
16:56:21 DEBUG Process parameters for sudo&lt;tedge_disconnect_c8y&gt;
  command line : /usr/bin/sudo /usr/bin/tedge disconnect c8y
    arg #1     : /usr/bin/tedge
    arg #2     : disconnect
    arg #3     : c8y
  working dir  : /home/pi/actions-runner/_work/thin-edge.io/thin-edge.io/tests/PySys/tedge_mapper_c8y/sm_tedge_mapper_init_session/Output/linux
  stdout       : /home/pi/actions-runner/_work/thin-edge.io/thin-edge.io/tests/PySys/tedge_mapper_c8y/sm_tedge_mapper_init_session/Output/linux/tedge_disconnect_c8y.out
  stderr       : /home/pi/actions-runner/_work/thin-edge.io/thin-edge.io/tests/PySys/tedge_mapper_c8y/sm_tedge_mapper_init_session/Output/linux/tedge_disconnect_c8y.err
  environment  : LD_LIBRARY_PATH=/usr/lib
  environment  : PATH=/bin:/usr/bin:/usr/sbin:/usr/local/bin
                   #1  /bin
                   #2  /usr/bin
                   #3  /usr/sbin
                   #4  /usr/local/bin
16:56:21 DEBUG Waiting up to 600 secs for process sudo&lt;tedge_disconnect_c8y&gt; (pid 3768)
16:56:24 INFO  Executed sudo&lt;tedge_disconnect_c8y&gt;, exit status 0
16:56:24 DEBUG Process parameters for systemctl&lt;serv_mapper5&gt;
  command line : /usr/bin/systemctl status tedge-mapper-c8y
    arg #1     : status
    arg #2     : tedge-mapper-c8y
  working dir  : /home/pi/actions-runner/_work/thin-edge.io/thin-edge.io/tests/PySys/tedge_mapper_c8y/sm_tedge_mapper_init_session/Output/linux
  stdout       : /home/pi/actions-runner/_work/thin-edge.io/thin-edge.io/tests/PySys/tedge_mapper_c8y/sm_tedge_mapper_init_session/Output/linux/serv_mapper5.out
  stderr       : /home/pi/actions-runner/_work/thin-edge.io/thin-edge.io/tests/PySys/tedge_mapper_c8y/sm_tedge_mapper_init_session/Output/linux/serv_mapper5.err
  environment  : LD_LIBRARY_PATH=/usr/lib
  environment  : PATH=/bin:/usr/bin:/usr/sbin:/usr/local/bin
                   #1  /bin
                   #2  /usr/bin
                   #3  /usr/sbin
                   #4  /usr/local/bin
16:56:24 DEBUG Waiting up to 600 secs for process systemctl&lt;serv_mapper5&gt; (pid 3808)
16:56:24 INFO  Executed systemctl&lt;serv_mapper5&gt;, exit status 3
16:56:24 DEBUG Running registered cleanup function: &lt;bound method EnvironmentC8y.myenvcleanup of &lt;TedgeSMMapperInitSession object at 0x751392b0&gt;&gt;
16:56:24 DEBUG EnvironmentC8y Cleanup
16:56:24 INFO  Restarting mosquitto too frequently in the last 10 seconds. It was only up for 2 seconds
16:56:24 INFO  Delaying execution by 9 seconds
16:56:33 DEBUG Process parameters for sudo&lt;tedge_disconnect_c8y&gt;
  command line : /usr/bin/sudo /usr/bin/tedge disconnect c8y
    arg #1     : /usr/bin/tedge
    arg #2     : disconnect
    arg #3     : c8y
  working dir  : /home/pi/actions-runner/_work/thin-edge.io/thin-edge.io/tests/PySys/tedge_mapper_c8y/sm_tedge_mapper_init_session/Output/linux
  stdout       : /home/pi/actions-runner/_work/thin-edge.io/thin-edge.io/tests/PySys/tedge_mapper_c8y/sm_tedge_mapper_init_session/Output/linux/tedge_disconnect_c8y.out
  stderr       : /home/pi/actions-runner/_work/thin-edge.io/thin-edge.io/tests/PySys/tedge_mapper_c8y/sm_tedge_mapper_init_session/Output/linux/tedge_disconnect_c8y.err
  environment  : LD_LIBRARY_PATH=/usr/lib
  environment  : PATH=/bin:/usr/bin:/usr/sbin:/usr/local/bin
                   #1  /bin
                   #2  /usr/bin
                   #3  /usr/sbin
                   #4  /usr/local/bin
16:56:33 DEBUG Waiting up to 600 secs for process sudo&lt;tedge_disconnect_c8y&gt; (pid 3860)
16:56:33 INFO  Executed sudo&lt;tedge_disconnect_c8y&gt;, exit status 0
16:56:33 DEBUG Process parameters for systemctl&lt;serv_mapper5&gt;
  command line : /usr/bin/systemctl status tedge-mapper-c8y
    arg #1     : status
    arg #2     : tedge-mapper-c8y
  working dir  : /home/pi/actions-runner/_work/thin-edge.io/thin-edge.io/tests/PySys/tedge_mapper_c8y/sm_tedge_mapper_init_session/Output/linux
  stdout       : /home/pi/actions-runner/_work/thin-edge.io/thin-edge.io/tests/PySys/tedge_mapper_c8y/sm_tedge_mapper_init_session/Output/linux/serv_mapper5.out
  stderr       : /home/pi/actions-runner/_work/thin-edge.io/thin-edge.io/tests/PySys/tedge_mapper_c8y/sm_tedge_mapper_init_session/Output/linux/serv_mapper5.err
  environment  : LD_LIBRARY_PATH=/usr/lib
  environment  : PATH=/bin:/usr/bin:/usr/sbin:/usr/local/bin
                   #1  /bin
                   #2  /usr/bin
                   #3  /usr/sbin
                   #4  /usr/local/bin
16:56:33 DEBUG Waiting up to 600 secs for process systemctl&lt;serv_mapper5&gt; (pid 3863)
16:56:33 INFO  Executed systemctl&lt;serv_mapper5&gt;, exit status 3
16:56:33 DEBUG ProcessUser cleanup function done.
16:56:33 INFO  
16:56:33 INFO  Test duration: 24.19 secs
16:56:33 INFO  Test final outcome:  BLOCKED
16:56:33 INFO  Test outcome reason: sudo&lt;stop_tedge_mapper&gt; returned non-zero exit code 5
16:56:33 INFO  
</system-out>
	</testcase>
</testsuite><testsuite name="smoketest_json" tests="1" errors="0" failures="0" skipped="0" time="0"><testcase classname="SmokeTestJson" name="smoketest_json" />
</testsuite><testsuite name="smoketest_json_400_samples_10ms" tests="1" errors="0" failures="0" skipped="0" time="0"><testcase classname="SmoketestJson400Samples10ms" name="smoketest_json_400_samples_10ms" />
</testsuite><testsuite name="smoketest_json_400_samples_20ms" tests="1" errors="0" failures="0" skipped="0" time="0"><testcase classname="SmoketestJson400Samples20ms" name="smoketest_json_400_samples_20ms" />
</testsuite><testsuite name="smoketest_smartrest" tests="1" errors="0" failures="0" skipped="0" time="0"><testcase classname="SmoketestSmartRest" name="smoketest_smartrest" />
</testsuite><testsuite name="smoketest_smartrest_400_samples_1Xms" tests="1" errors="0" failures="0" skipped="0" time="0"><testcase classname="SmoketestSmartRest400Samples1Xms" name="smoketest_smartrest_400_samples_1Xms" />
</testsuite><testsuite name="smoketest_smartrest_400_samples_20ms" tests="1" errors="0" failures="0" skipped="0" time="0"><testcase classname="SmoketestSmartRest400Samples20ms" name="smoketest_smartrest_400_samples_20ms" />
</testsuite><testsuite name="tedge_agent_user_sudo_access" tests="1" errors="0" failures="1" skipped="0" time="0"><testcase classname="TedgeAgentUserSudoAccess" name="tedge_agent_user_sudo_access">
		<failure message="BLOCKED: sudo&lt;apt&gt; returned exit code 2 (expected ==1)" type="BLOCKED" />
		<system-out>16:54:20 INFO  ==============================================================
16:54:20 INFO  Id:    tedge_agent_user_sudo_access
16:54:20 INFO  Dir:   tedge/
16:54:20 INFO  Title: Validate tedge-agent user has a limited sudo right
16:54:20 DEBUG Execution order hint: 0.0
16:54:20 INFO  ==============================================================
16:54:20 INFO  Copy apt plugin 'deb'
16:54:20 DEBUG Process parameters for sudo&lt;copy_apt_plugin&gt;
  command line : /usr/bin/sudo cp /etc/tedge/sm-plugins/apt /etc/tedge/sm-plugins/deb
    arg #1     : cp
    arg #2     : /etc/tedge/sm-plugins/apt
    arg #3     : /etc/tedge/sm-plugins/deb
  working dir  : /home/pi/actions-runner/_work/thin-edge.io/thin-edge.io/tests/PySys/tedge/tedge_agent_user_sudo_access/Output/linux
  stdout       : /home/pi/actions-runner/_work/thin-edge.io/thin-edge.io/tests/PySys/tedge/tedge_agent_user_sudo_access/Output/linux/copy_apt_plugin.out
  stderr       : /home/pi/actions-runner/_work/thin-edge.io/thin-edge.io/tests/PySys/tedge/tedge_agent_user_sudo_access/Output/linux/copy_apt_plugin.err
  environment  : LD_LIBRARY_PATH=/usr/lib
  environment  : PATH=/bin:/usr/bin:/usr/sbin:/usr/local/bin
                   #1  /bin
                   #2  /usr/bin
                   #3  /usr/sbin
                   #4  /usr/local/bin
16:54:20 DEBUG Waiting up to 600 secs for process sudo&lt;copy_apt_plugin&gt; (pid 2287)
16:54:20 INFO  Executed sudo&lt;copy_apt_plugin&gt;, exit status 0
16:54:20 DEBUG --- test execute
16:54:20 DEBUG Process parameters for sudo&lt;apt&gt;
  command line : /usr/bin/sudo -u tedge-agent /usr/bin/sudo /etc/tedge/sm-plugins/apt
    arg #1     : -u
    arg #2     : tedge-agent
    arg #3     : /usr/bin/sudo
    arg #4     : /etc/tedge/sm-plugins/apt
  working dir  : /home/pi/actions-runner/_work/thin-edge.io/thin-edge.io/tests/PySys/tedge/tedge_agent_user_sudo_access/Output/linux
  stdout       : /home/pi/actions-runner/_work/thin-edge.io/thin-edge.io/tests/PySys/tedge/tedge_agent_user_sudo_access/Output/linux/apt.out
  stderr       : /home/pi/actions-runner/_work/thin-edge.io/thin-edge.io/tests/PySys/tedge/tedge_agent_user_sudo_access/Output/linux/apt.err
  environment  : LD_LIBRARY_PATH=/usr/lib
  environment  : PATH=/bin:/usr/bin:/usr/sbin:/usr/local/bin
                   #1  /bin
                   #2  /usr/bin
                   #3  /usr/sbin
                   #4  /usr/local/bin
16:54:20 DEBUG Waiting up to 600 secs for process sudo&lt;apt&gt; (pid 2289)
16:54:20 WARN  Executed sudo&lt;apt&gt;, exit status 2
16:54:20 DEBUG Opening file using encoding=UTF-8: /home/pi/actions-runner/_work/thin-edge.io/thin-edge.io/tests/PySys/tedge/tedge_agent_user_sudo_access/Output/linux/apt.err
16:54:20 INFO  Contents of apt.err: 
16:54:20 INFO    tedge_apt_plugin
16:54:20 INFO    USAGE:
16:54:20 INFO        apt &lt;SUBCOMMAND&gt;
16:54:20 INFO    OPTIONS:
16:54:20 INFO        -h, --help    Print help information
16:54:20 INFO    SUBCOMMANDS:
16:54:20 INFO        finalize       Finalize a sequences of install/remove commands
16:54:20 INFO        help           Print this message or the help of the given subcommand(s)
16:54:20 INFO        install        Install a module
16:54:20 INFO        list           List all the installed modules
16:54:20 INFO        prepare        Prepare a sequences of install/remove commands
16:54:20 INFO        remove         Uninstall a module
16:54:20 INFO        update-list    Install or remove multiple modules at once
16:54:20 INFO    -----
16:54:20 INFO  
16:54:20 WARN  sudo&lt;apt&gt; returned exit code 2 (expected ==1) ... blocked [run.py:35]
16:54:20 WARN  Aborted test due to BLOCKED outcome
16:54:20 DEBUG --- test cleanup
16:54:20 INFO  
16:54:20 INFO  cleanup:
16:54:20 DEBUG Running registered cleanup function: &lt;bound method TedgeAgentUserSudoAccess.mycleanup of &lt;TedgeAgentUserSudoAccess object at 0x751e6f30&gt;&gt;
16:54:20 INFO  Remove the copied apt 'deb' plugin
16:54:20 DEBUG Process parameters for sudo&lt;remove_copied_apt_plugin&gt;
  command line : /usr/bin/sudo rm /etc/tedge/sm-plugins/deb
    arg #1     : rm
    arg #2     : /etc/tedge/sm-plugins/deb
  working dir  : /home/pi/actions-runner/_work/thin-edge.io/thin-edge.io/tests/PySys/tedge/tedge_agent_user_sudo_access/Output/linux
  stdout       : /home/pi/actions-runner/_work/thin-edge.io/thin-edge.io/tests/PySys/tedge/tedge_agent_user_sudo_access/Output/linux/remove_copied_apt_plugin.out
  stderr       : /home/pi/actions-runner/_work/thin-edge.io/thin-edge.io/tests/PySys/tedge/tedge_agent_user_sudo_access/Output/linux/remove_copied_apt_plugin.err
  environment  : LD_LIBRARY_PATH=/usr/lib
  environment  : PATH=/bin:/usr/bin:/usr/sbin:/usr/local/bin
                   #1  /bin
                   #2  /usr/bin
                   #3  /usr/sbin
                   #4  /usr/local/bin
16:54:20 DEBUG Waiting up to 600 secs for process sudo&lt;remove_copied_apt_plugin&gt; (pid 2292)
16:54:20 INFO  Executed sudo&lt;remove_copied_apt_plugin&gt;, exit status 0
16:54:20 DEBUG ProcessUser cleanup function done.
16:54:20 INFO  
16:54:20 INFO  Test duration: 0.81 secs
16:54:20 INFO  Test final outcome:  BLOCKED
16:54:20 INFO  Test outcome reason: sudo&lt;apt&gt; returned exit code 2 (expected ==1)
16:54:20 INFO  
</system-out>
	</testcase>
</testsuite><testsuite name="tedge_connect_test_negative" tests="1" errors="0" failures="0" skipped="0" time="0"><testcase classname="TedgeConnectTestNegative" name="tedge_connect_test_negative" />
</testsuite><testsuite name="tedge_connect_test_positive" tests="1" errors="0" failures="0" skipped="0" time="0"><testcase classname="TedgeConnectTestPositive" name="tedge_connect_test_positive" />
[...]
16:57:18 WARN  Grep on tedge_sub.out contains "Invalid JSON" ... failed [run.py:63]
16:57:18 DEBUG --- test cleanup
16:57:18 INFO  
16:57:18 INFO  cleanup:
16:57:18 DEBUG Running registered cleanup function: &lt;bound method TedgeMapperC8y.mapper_cleanup of &lt;TedgeMapperC8y object at 0x75359b70&gt;&gt;
16:57:18 INFO  mapper_cleanup
16:57:18 DEBUG Process parameters for sudo&lt;tedge_mapper_c8y&gt;
  command line : /usr/bin/sudo systemctl stop tedge-mapper-c8y
    arg #1     : systemctl
    arg #2     : stop
    arg #3     : tedge-mapper-c8y
  working dir  : /home/pi/actions-runner/_work/thin-edge.io/thin-edge.io/tests/PySys/tedge_mapper_c8y/tedge_mapper_c8y_negative/Output/linux
  stdout       : /home/pi/actions-runner/_work/thin-edge.io/thin-edge.io/tests/PySys/tedge_mapper_c8y/tedge_mapper_c8y_negative/Output/linux/tedge_mapper_c8y.out
  stderr       : /home/pi/actions-runner/_work/thin-edge.io/thin-edge.io/tests/PySys/tedge_mapper_c8y/tedge_mapper_c8y_negative/Output/linux/tedge_mapper_c8y.err
  environment  : LD_LIBRARY_PATH=/usr/lib
  environment  : PATH=/bin:/usr/bin:/usr/sbin:/usr/local/bin
                   #1  /bin
                   #2  /usr/bin
                   #3  /usr/sbin
                   #4  /usr/local/bin
16:57:18 DEBUG Waiting up to 600 secs for process sudo&lt;tedge_mapper_c8y&gt; (pid 4427)
16:57:18 INFO  Executed sudo&lt;tedge_mapper_c8y&gt;, exit status 0
16:57:18 DEBUG ProcessUser cleanup function done.
16:57:18 INFO  
16:57:18 INFO  Test duration: 1.23 secs
16:57:18 INFO  Test final outcome:  FAILED
16:57:18 INFO  Test outcome reason: Grep on tedge_sub.out contains "Invalid JSON"
16:57:18 INFO  
</system-out>
	</testcase>
</testsuite><testsuite name="tedge_mapper_c8y_packet_threshold_size" tests="1" errors="0" failures="1" skipped="0" time="0"><testcase classname="TedgeMapperC8yThresholdPacketSize" name="tedge_mapper_c8y_packet_threshold_size">
		<failure message="FAILED: Grep on tedge_sub.out contains &quot;The input size 20489 is too big. The threshold is 16384.&quot;" type="FAILED" />
		<system-out>16:57:18 INFO  ==============================================================
16:57:18 INFO  Id:    tedge_mapper_c8y_packet_threshold_size
16:57:18 INFO  Dir:   tedge_mapper_c8y/
16:57:18 INFO  Title: Validate the Cumulocity Mapper accepted threshold packet size when it receives a message on tedge/measurements
16:57:18 DEBUG Execution order hint: 0.0
16:57:18 INFO  ==============================================================
16:57:18 DEBUG Process parameters for sudo&lt;tedge_mapper_c8y&gt;
  command line : /usr/bin/sudo systemctl start tedge-mapper-c8y
    arg #1     : systemctl
    arg #2     : start
    arg #3     : tedge-mapper-c8y
  working dir  : /home/pi/actions-runner/_work/thin-edge.io/thin-edge.io/tests/PySys/tedge_mapper_c8y/tedge_mapper_c8y_packet_threshold_size/Output/linux
  stdout       : /home/pi/actions-runner/_work/thin-edge.io/thin-edge.io/tests/PySys/tedge_mapper_c8y/tedge_mapper_c8y_packet_threshold_size/Output/linux/tedge_mapper_c8y.out
  stderr       : /home/pi/actions-runner/_work/thin-edge.io/thin-edge.io/tests/PySys/tedge_mapper_c8y/tedge_mapper_c8y_packet_threshold_size/Output/linux/tedge_mapper_c8y.err
  environment  : LD_LIBRARY_PATH=/usr/lib
  environment  : PATH=/bin:/usr/bin:/usr/sbin:/usr/local/bin
                   #1  /bin
                   #2  /usr/bin
                   #3  /usr/sbin
                   #4  /usr/local/bin
16:57:18 DEBUG Waiting up to 600 secs for process sudo&lt;tedge_mapper_c8y&gt; (pid 4441)
16:57:18 INFO  Executed sudo&lt;tedge_mapper_c8y&gt;, exit status 0
16:57:18 DEBUG --- test execute
16:57:18 DEBUG Process parameters for sudo&lt;tedge_sub&gt;
  command line : /usr/bin/sudo /usr/bin/tedge mqtt sub --no-topic tedge/errors
    arg #1     : /usr/bin/tedge
    arg #2     : mqtt
    arg #3     : sub
    arg #4     : --no-topic
    arg #5     : tedge/errors
  working dir  : /home/pi/actions-runner/_work/thin-edge.io/thin-edge.io/tests/PySys/tedge_mapper_c8y/tedge_mapper_c8y_packet_threshold_size/Output/linux
  stdout       : /home/pi/actions-runner/_work/thin-edge.io/thin-edge.io/tests/PySys/tedge_mapper_c8y/tedge_mapper_c8y_packet_threshold_size/Output/linux/tedge_sub.out
  stderr       : /home/pi/actions-runner/_work/thin-edge.io/thin-edge.io/tests/PySys/tedge_mapper_c8y/tedge_mapper_c8y_packet_threshold_size/Output/linux/tedge_sub.err
  environment  : LD_LIBRARY_PATH=/usr/lib
  environment  : PATH=/bin:/usr/bin:/usr/sbin:/usr/local/bin
                   #1  /bin
                   #2  /usr/bin
                   #3  /usr/sbin
                   #4  /usr/local/bin
16:57:18 INFO  Started sudo&lt;tedge_sub&gt; with process id 4448
16:57:18 DEBUG Process parameters for sudo&lt;tedge_msg&gt;
  command line : /usr/bin/sudo dd if=/dev/zero of=/tmp/big_message.txt bs=10 count=1 seek=2048
    arg #1     : dd
    arg #2     : if=/dev/zero
    arg #3     : of=/tmp/big_message.txt
    arg #4     : bs=10
    arg #5     : count=1
    arg #6     : seek=2048
  working dir  : /home/pi/actions-runner/_work/thin-edge.io/thin-edge.io/tests/PySys/tedge_mapper_c8y/tedge_mapper_c8y_packet_threshold_size/Output/linux
  stdout       : /home/pi/actions-runner/_work/thin-edge.io/thin-edge.io/tests/PySys/tedge_mapper_c8y/tedge_mapper_c8y_packet_threshold_size/Output/linux/tedge_msg.out
  stderr       : /home/pi/actions-runner/_work/thin-edge.io/thin-edge.io/tests/PySys/tedge_mapper_c8y/tedge_mapper_c8y_packet_threshold_size/Output/linux/tedge_msg.err
  environment  : LD_LIBRARY_PATH=/usr/lib
  environment  : PATH=/bin:/usr/bin:/usr/sbin:/usr/local/bin
                   #1  /bin
                   #2  /usr/bin
                   #3  /usr/sbin
                   #4  /usr/local/bin
16:57:18 DEBUG Waiting up to 600 secs for process sudo&lt;tedge_msg&gt; (pid 4450)
16:57:19 INFO  Executed sudo&lt;tedge_msg&gt;, exit status 0
16:57:19 DEBUG Process parameters for sudo&lt;tedge_pub&gt;
  command line : /usr/bin/sudo /usr/bin/mosquitto_pub -t tedge/measurements -f /tmp/big_message.txt
    arg #1     : /usr/bin/mosquitto_pub
    arg #2     : -t
    arg #3     : tedge/measurements
    arg #4     : -f
    arg #5     : /tmp/big_message.txt
  working dir  : /home/pi/actions-runner/_work/thin-edge.io/thin-edge.io/tests/PySys/tedge_mapper_c8y/tedge_mapper_c8y_packet_threshold_size/Output/linux
  stdout       : /home/pi/actions-runner/_work/thin-edge.io/thin-edge.io/tests/PySys/tedge_mapper_c8y/tedge_mapper_c8y_packet_threshold_size/Output/linux/tedge_pub.out
  stderr       : /home/pi/actions-runner/_work/thin-edge.io/thin-edge.io/tests/PySys/tedge_mapper_c8y/tedge_mapper_c8y_packet_threshold_size/Output/linux/tedge_pub.err
  environment  : LD_LIBRARY_PATH=/usr/lib
  environment  : PATH=/bin:/usr/bin:/usr/sbin:/usr/local/bin
                   #1  /bin
                   #2  /usr/bin
                   #3  /usr/sbin
                   #4  /usr/local/bin
16:57:19 DEBUG Waiting up to 600 secs for process sudo&lt;tedge_pub&gt; (pid 4454)
16:57:19 INFO  Executed sudo&lt;tedge_pub&gt;, exit status 0
16:57:19 DEBUG Process parameters for sudo&lt;kill_out&gt;
  command line : /usr/bin/sudo killall tedge
    arg #1     : killall
    arg #2     : tedge
  working dir  : /home/pi/actions-runner/_work/thin-edge.io/thin-edge.io/tests/PySys/tedge_mapper_c8y/tedge_mapper_c8y_packet_threshold_size/Output/linux
  stdout       : /home/pi/actions-runner/_work/thin-edge.io/thin-edge.io/tests/PySys/tedge_mapper_c8y/tedge_mapper_c8y_packet_threshold_size/Output/linux/kill_out.out
  stderr       : /home/pi/actions-runner/_work/thin-edge.io/thin-edge.io/tests/PySys/tedge_mapper_c8y/tedge_mapper_c8y_packet_threshold_size/Output/linux/kill_out.err
  environment  : LD_LIBRARY_PATH=/usr/lib
  environment  : PATH=/bin:/usr/bin:/usr/sbin:/usr/local/bin
                   #1  /bin
                   #2  /usr/bin
                   #3  /usr/sbin
                   #4  /usr/local/bin
16:57:19 DEBUG Waiting up to 600 secs for process sudo&lt;kill_out&gt; (pid 4456)
16:57:19 INFO  Executed sudo&lt;kill_out&gt;, exit status 0
16:57:19 DEBUG --- test validate
16:57:19 DEBUG Performing regex contains=True grep on file: /home/pi/actions-runner/_work/thin-edge.io/thin-edge.io/tests/PySys/tedge_mapper_c8y/tedge_mapper_c8y_packet_threshold_size/Output/linux/tedge_sub.out
16:57:19 WARN  Grep on tedge_sub.out contains "The input size 20489 is too big. The threshold is 16384." ... failed [run.py:71]
16:57:19 DEBUG --- test cleanup
16:57:19 INFO  
16:57:19 INFO  cleanup:
16:57:19 DEBUG Running registered cleanup function: &lt;bound method TedgeMapperC8yThresholdPacketSize.mapper_cleanup of &lt;TedgeMapperC8yThresholdPacketSize object at 0x751e6fb0&gt;&gt;
16:57:19 INFO  mapper_cleanup
16:57:19 DEBUG Process parameters for sudo&lt;tedge_mapper_c8y&gt;
  command line : /usr/bin/sudo systemctl stop tedge-mapper-c8y
    arg #1     : systemctl
    arg #2     : stop
    arg #3     : tedge-mapper-c8y
  working dir  : /home/pi/actions-runner/_work/thin-edge.io/thin-edge.io/tests/PySys/tedge_mapper_c8y/tedge_mapper_c8y_packet_threshold_size/Output/linux
  stdout       : /home/pi/actions-runner/_work/thin-edge.io/thin-edge.io/tests/PySys/tedge_mapper_c8y/tedge_mapper_c8y_packet_threshold_size/Output/linux/tedge_mapper_c8y.out
  stderr       : /home/pi/actions-runner/_work/thin-edge.io/thin-edge.io/tests/PySys/tedge_mapper_c8y/tedge_mapper_c8y_packet_threshold_size/Output/linux/tedge_mapper_c8y.err
  environment  : LD_LIBRARY_PATH=/usr/lib
  environment  : PATH=/bin:/usr/bin:/usr/sbin:/usr/local/bin
                   #1  /bin
                   #2  /usr/bin
                   #3  /usr/sbin
                   #4  /usr/local/bin
16:57:19 DEBUG Waiting up to 600 secs for process sudo&lt;tedge_mapper_c8y&gt; (pid 4458)
16:57:19 INFO  Executed sudo&lt;tedge_mapper_c8y&gt;, exit status 0
16:57:19 DEBUG ProcessUser cleanup function done.
16:57:19 INFO  
16:57:19 INFO  Test duration: 1.40 secs
16:57:19 INFO  Test final outcome:  FAILED
16:57:19 INFO  Test outcome reason: Grep on tedge_sub.out contains "The input size 20489 is too big. The threshold is 16384."
16:57:19 INFO  
</system-out>
	</testcase>
</testsuite><testsuite name="tedge_mapper_c8y_positive" tests="1" errors="0" failures="1" skipped="0" time="0"><testcase classname="TedgeMapperC8y" name="tedge_mapper_c8y_positive">
		<failure message="BLOCKED: JSONDecodeError: Expecting value: line 1 column 1 (char 0)" type="BLOCKED" />
		<system-out>16:57:19 INFO  ==============================================================
16:57:19 INFO  Id:    tedge_mapper_c8y_positive
16:57:19 INFO  Dir:   tedge_mapper_c8y/
16:57:19 INFO  Title: Validate the Cumulocity Mapper that publishes a Thin Edge JSON message on c8y/measurement/measurements/create when it receives a valid JSON message on tedge/measurements
16:57:19 DEBUG Execution order hint: 0.0
16:57:19 INFO  ==============================================================
16:57:19 DEBUG Process parameters for sudo&lt;tedge_mapper_c8y&gt;
  command line : /usr/bin/sudo systemctl start tedge-mapper-c8y
    arg #1     : systemctl
    arg #2     : start
    arg #3     : tedge-mapper-c8y
  working dir  : /home/pi/actions-runner/_work/thin-edge.io/thin-edge.io/tests/PySys/tedge_mapper_c8y/tedge_mapper_c8y_positive/Output/linux
  stdout       : /home/pi/actions-runner/_work/thin-edge.io/thin-edge.io/tests/PySys/tedge_mapper_c8y/tedge_mapper_c8y_positive/Output/linux/tedge_mapper_c8y.out
  stderr       : /home/pi/actions-runner/_work/thin-edge.io/thin-edge.io/tests/PySys/tedge_mapper_c8y/tedge_mapper_c8y_positive/Output/linux/tedge_mapper_c8y.err
  environment  : LD_LIBRARY_PATH=/usr/lib
  environment  : PATH=/bin:/usr/bin:/usr/sbin:/usr/local/bin
                   #1  /bin
                   #2  /usr/bin
                   #3  /usr/sbin
                   #4  /usr/local/bin
16:57:19 DEBUG Waiting up to 600 secs for process sudo&lt;tedge_mapper_c8y&gt; (pid 4471)
16:57:20 INFO  Executed sudo&lt;tedge_mapper_c8y&gt;, exit status 0
16:57:20 DEBUG --- test execute
16:57:20 DEBUG Process parameters for sudo&lt;tedge_sub&gt;
  command line : /usr/bin/sudo /usr/bin/tedge mqtt sub --no-topic c8y/measurement/measurements/create
    arg #1     : /usr/bin/tedge
    arg #2     : mqtt
    arg #3     : sub
    arg #4     : --no-topic
    arg #5     : c8y/measurement/measurements/create
  working dir  : /home/pi/actions-runner/_work/thin-edge.io/thin-edge.io/tests/PySys/tedge_mapper_c8y/tedge_mapper_c8y_positive/Output/linux
  stdout       : /home/pi/actions-runner/_work/thin-edge.io/thin-edge.io/tests/PySys/tedge_mapper_c8y/tedge_mapper_c8y_positive/Output/linux/tedge_sub.out
  stderr       : /home/pi/actions-runner/_work/thin-edge.io/thin-edge.io/tests/PySys/tedge_mapper_c8y/tedge_mapper_c8y_positive/Output/linux/tedge_sub.err
  environment  : LD_LIBRARY_PATH=/usr/lib
  environment  : PATH=/bin:/usr/bin:/usr/sbin:/usr/local/bin
                   #1  /bin
                   #2  /usr/bin
                   #3  /usr/sbin
                   #4  /usr/local/bin
16:57:20 INFO  Started sudo&lt;tedge_sub&gt; with process id 4480
16:57:20 DEBUG Process parameters for sudo&lt;tedge_temp&gt;
  command line : /usr/bin/sudo /usr/bin/tedge mqtt pub tedge/measurements '{"temperature": 12, "time": "2021-06-15T17:01:15.806181503+02:00"}'
    arg #1     : /usr/bin/tedge
    arg #2     : mqtt
    arg #3     : pub
    arg #4     : tedge/measurements
    arg #5     : {"temperature": 12, "time": "2021-06-15T17:01:15.806181503+02:00"}
  working dir  : /home/pi/actions-runner/_work/thin-edge.io/thin-edge.io/tests/PySys/tedge_mapper_c8y/tedge_mapper_c8y_positive/Output/linux
  stdout       : /home/pi/actions-runner/_work/thin-edge.io/thin-edge.io/tests/PySys/tedge_mapper_c8y/tedge_mapper_c8y_positive/Output/linux/tedge_temp.out
  stderr       : /home/pi/actions-runner/_work/thin-edge.io/thin-edge.io/tests/PySys/tedge_mapper_c8y/tedge_mapper_c8y_positive/Output/linux/tedge_temp.err
  environment  : LD_LIBRARY_PATH=/usr/lib
  environment  : PATH=/bin:/usr/bin:/usr/sbin:/usr/local/bin
                   #1  /bin
                   #2  /usr/bin
                   #3  /usr/sbin
                   #4  /usr/local/bin
16:57:20 DEBUG Waiting up to 600 secs for process sudo&lt;tedge_temp&gt; (pid 4481)
16:57:20 INFO  Executed sudo&lt;tedge_temp&gt;, exit status 0
16:57:20 DEBUG Process parameters for sudo&lt;kill_out&gt;
  command line : /usr/bin/sudo killall tedge
    arg #1     : killall
    arg #2     : tedge
  working dir  : /home/pi/actions-runner/_work/thin-edge.io/thin-edge.io/tests/PySys/tedge_mapper_c8y/tedge_mapper_c8y_positive/Output/linux
  stdout       : /home/pi/actions-runner/_work/thin-edge.io/thin-edge.io/tests/PySys/tedge_mapper_c8y/tedge_mapper_c8y_positive/Output/linux/kill_out.out
  stderr       : /home/pi/actions-runner/_work/thin-edge.io/thin-edge.io/tests/PySys/tedge_mapper_c8y/tedge_mapper_c8y_positive/Output/linux/kill_out.err
  environment  : LD_LIBRARY_PATH=/usr/lib
  environment  : PATH=/bin:/usr/bin:/usr/sbin:/usr/local/bin
                   #1  /bin
                   #2  /usr/bin
                   #3  /usr/sbin
                   #4  /usr/local/bin
16:57:20 DEBUG Waiting up to 600 secs for process sudo&lt;kill_out&gt; (pid 4486)
16:57:20 INFO  Executed sudo&lt;kill_out&gt;, exit status 0
16:57:20 DEBUG --- test validate
16:57:20 WARN  caught &lt;class 'json.decoder.JSONDecodeError'&gt; while running test: Expecting value: line 1 column 1 (char 0)
Traceback (most recent call last):
  File "/home/pi/env-pysys/lib/python3.7/site-packages/pysys/baserunner.py", line 1211, in __call__
    self.testObj.validate()
  File "/home/pi/actions-runner/_work/thin-edge.io/thin-edge.io/tests/PySys/tedge_mapper_c8y/tedge_mapper_c8y_positive/run.py", line 65, in validate
    c8y_json = json.load(f)
  File "/usr/lib/python3.7/json/__init__.py", line 296, in load
    parse_constant=parse_constant, object_pairs_hook=object_pairs_hook, **kw)
  File "/usr/lib/python3.7/json/__init__.py", line 348, in loads
    return _default_decoder.decode(s)
  File "/usr/lib/python3.7/json/decoder.py", line 337, in decode
    obj, end = self.raw_decode(s, idx=_w(s, 0).end())
  File "/usr/lib/python3.7/json/decoder.py", line 355, in raw_decode
    raise JSONDecodeError("Expecting value", s, err.value) from None
json.decoder.JSONDecodeError: Expecting value: line 1 column 1 (char 0)
16:57:20 WARN  JSONDecodeError: Expecting value: line 1 column 1 (char 0) ... blocked 
16:57:20 DEBUG --- test cleanup
16:57:20 INFO  
16:57:20 INFO  cleanup:
16:57:20 DEBUG Running registered cleanup function: &lt;bound method TedgeMapperC8y.mapper_cleanup of &lt;TedgeMapperC8y object at 0x756214d0&gt;&gt;
16:57:20 INFO  mapper_cleanup
16:57:20 DEBUG Process parameters for sudo&lt;tedge_mapper_c8y&gt;
  command line : /usr/bin/sudo systemctl stop tedge-mapper-c8y
    arg #1     : systemctl
    arg #2     : stop
    arg #3     : tedge-mapper-c8y
  working dir  : /home/pi/actions-runner/_work/thin-edge.io/thin-edge.io/tests/PySys/tedge_mapper_c8y/tedge_mapper_c8y_positive/Output/linux
  stdout       : /home/pi/actions-runner/_work/thin-edge.io/thin-edge.io/tests/PySys/tedge_mapper_c8y/tedge_mapper_c8y_positive/Output/linux/tedge_mapper_c8y.out
  stderr       : /home/pi/actions-runner/_work/thin-edge.io/thin-edge.io/tests/PySys/tedge_mapper_c8y/tedge_mapper_c8y_positive/Output/linux/tedge_mapper_c8y.err
  environment  : LD_LIBRARY_PATH=/usr/lib
  environment  : PATH=/bin:/usr/bin:/usr/sbin:/usr/local/bin
                   #1  /bin
                   #2  /usr/bin
                   #3  /usr/sbin
                   #4  /usr/local/bin
16:57:20 DEBUG Waiting up to 600 secs for process sudo&lt;tedge_mapper_c8y&gt; (pid 4488)
16:57:21 INFO  Executed sudo&lt;tedge_mapper_c8y&gt;, exit status 0
16:57:21 DEBUG ProcessUser cleanup function done.
16:57:21 INFO  
16:57:21 INFO  Test duration: 1.28 secs
16:57:21 INFO  Test final outcome:  BLOCKED
16:57:21 INFO  Test outcome reason: JSONDecodeError: Expecting value: line 1 column 1 (char 0)
16:57:21 INFO  
</system-out>
	</testcase>
</testsuite><testsuite name="tedge_software_update" tests="1" errors="0" failures="1" skipped="0" time="0"><testcase classname="PySysTest" name="tedge_software_update">
		<failure message="BLOCKED: Failed to set up test: No module named 'environments'" type="BLOCKED" />
		<system-out>16:54:20 INFO  ==============================================================
16:54:20 INFO  Id:    tedge_software_update
16:54:20 INFO  Dir:   tedge/
16:54:20 INFO  Title: Software install from download path
16:54:20 DEBUG Execution order hint: 0.0
16:54:20 INFO  ==============================================================
16:54:20 WARN  Failed to set up test: No module named 'environments' ... blocked 
16:54:20 WARN  caught &lt;class 'ModuleNotFoundError'&gt; while setting up test tedge_software_update: No module named 'environments'
Traceback (most recent call last):
  File "/home/pi/env-pysys/lib/python3.7/site-packages/pysys/baserunner.py", line 1143, in __call__
    exec(runpycode, runpy_namespace)
  File "/home/pi/actions-runner/_work/thin-edge.io/thin-edge.io/tests/PySys/tedge/tedge_software_update/run.py", line 1, in &lt;module&gt;
    from environments.environment_c8y import EnvironmentC8y
ModuleNotFoundError: No module named 'environments'
16:54:20 DEBUG --- test cleanup
16:54:20 DEBUG ProcessUser cleanup function done.
16:54:20 INFO  
16:54:20 INFO  Test duration: 0.02 secs
16:54:20 INFO  Test final outcome:  BLOCKED
16:54:20 INFO  Test outcome reason: Failed to set up test: No module named 'environments'
16:54:20 INFO  
</system-out>
	</testcase>
</testsuite><testsuite name="valid_device_id" tests="1" errors="0" failures="0" skipped="0" time="0"><testcase classname="ValidateValidDeviceId" name="valid_device_id" />
</testsuite></testsuites>