<!DOCTYPE html>
<html lang="en">
<head>
    <meta charset="UTF-8">
    <title>sag_system-test-report_workflow.xml</title>
    <style type="text/css">
        body {
    background-color: white;
    padding-bottom: 20em;
    margin: 0;
    min-height: 15cm;
}

h1, h2, h3, h4, h5, h6, h7 {
    font-family: sans-serif;
}

h1 {
    background-color: #007acc;
    color: white;
    padding: 3mm;
    margin-top: 0;
    margin-bottom: 1mm;
}

.footer {
    font-style: italic;
    font-size: small;
    text-align: right;
    padding: 1em;
}

.testsuite {
    padding-bottom: 2em;
    margin-left: 1em;
}

.proplist {
    width: 100%;
    margin-bottom: 2em;
    border-collapse: collapse;
    border: 1px solid grey;
}

.proplist th {
    background-color: silver;
    width: 5em;
    padding: 2px;
    padding-right: 1em;
    text-align: left;
}

.proplist td {
    padding: 2px;
}

.index-table {
    width: 90%;
    margin-left: 1em;
}

.index-table td {
    vertical-align: top;
    width: 50%;
}

.failure-index {

}

.toc {
    margin-bottom: 2em;
    font-family: monospace;
}

.stdio, pre {
    min-height: 1em;
    background-color: #1e1e1e;
    color: silver;
    padding: 0.5em;
}
.tdpre {
    background-color: #1e1e1e;
}

.test {
    margin-left: 0.5cm;
}

.outcome {
    border-left: 1em;
    padding: 2px;
}

.outcome-failed {
    border-left: 1em solid lightcoral;
}

.stats-table {
}

.stats-table td {
    min-width: 4em;
    text-align: right;
}

.stats-table .failed {
    background-color: lightcoral;
}

.stats-table .passed {
    background-color: lightgreen;
}

.matrix-table {
    table-layout: fixed;
    border-spacing: 0;
    width: available;
    margin-left: 1em;
}

.matrix-table td {
    vertical-align: center;
}

.matrix-table td:last-child {
    width: 0;
}

.matrix-axis-name {
    white-space: nowrap;
    padding-left: 0.5em;
    border-left: 1px solid black;
    border-top: 1px solid black;
}

.matrix-axis-line {
    border-left: 1px solid black;
    width: 0.5em;
}

.matrix-classname {
    text-align: left;
    width: 100%;
    border-top: 2px solid grey;
    border-bottom: 1px solid silver;
}

.matrix-casename {
    text-align: left;
    font-weight: normal;
    font-style: italic;
    padding-left: 1em;
    border-bottom: 1px solid silver;
}

.matrix-result {
    display: block;
    width: 1em;
    text-align: center;
    padding: 1mm;
    margin: 0;
}

.matrix-result-combined {
    white-space: nowrap;
    padding-right: 0.2em;
    text-align: right;
}

.matrix-result-failed {
    background-color: lightcoral;
}

.matrix-result-passed {
    background-color: lightgreen;
}

.matrix-result-skipped {
    background-color: lightyellow;
}
    </style>
</head>
<body>
    
<h1>
    Test Report : sag_system-test-report_workflow.xml
</h1>
<a id="toc"></a>
<table class="index-table">
    <tr>
        <td>
            <ul class="toc">
            
                
                <li>ApamaPluginInstallTest
                <ul>
                    
                    <li><a href="#5fac8ebf-20e8-47be-8e46-70d7754ea681">SoftwareManagement.Plugin.apama_plugin_install</a></li>
                    
                </ul>
                </li>
                
            
                
                <li>ApamaPluginMonSupportTest
                <ul>
                    
                    <li><a href="#4d5996f2-c461-4083-b66b-2e789571a840">SoftwareManagement.Plugin.apama_plugin_mon_support</a></li>
                    
                </ul>
                </li>
                
            
                
                <li>ApamaPluginRemoveTest
                <ul>
                    
                    <li><a href="#6ced204d-0476-4b82-9549-c17c09fe0dbc">SoftwareManagement.Plugin.apama_plugin_remove</a></li>
                    
                </ul>
                </li>
                
            
                
                <li>ApamaPluginUpdateTest
                <ul>
                    
                    <li><a href="#951b453e-c69b-4b0e-924f-bfeb81b40ebc">SoftwareManagement.Plugin.apama_plugin_update</a></li>
                    
                </ul>
                </li>
                
            
                
                <li>AptInstallWithDownloadPath
                <ul>
                    
                    <li><a href="#2c35d910-333c-4380-adcd-4856ddedb44c">SoftwareManagement.sm_apt_install_download_path</a></li>
                    
                </ul>
                </li>
                
            
                
                <li>PySysTest
                <ul>
                    
                    <li><a href="#53ae7167-6549-47d2-b3c7-b36964b0face">SoftwareManagement.sm_apt_install_fail</a></li>
                    
                </ul>
                </li>
                
            
                
                <li>PySysTest
                <ul>
                    
                    <li><a href="#6503af83-b98d-45a7-bfaa-2b7be7bb5bda">SoftwareManagement.sm_apt_install_remove</a></li>
                    
                </ul>
                </li>
                
            
                
                <li>PySysTest
                <ul>
                    
                    <li><a href="#92689edc-c1ea-4750-861f-1cb10bd906c1">SoftwareManagement.sm_apt_install_remove_default</a></li>
                    
                </ul>
                </li>
                
            
                
                <li>PySysTest
                <ul>
                    
                    <li><a href="#1673e561-fc0f-4c20-b996-a79c1060de61">SoftwareManagement.sm_apt_install_remove_multiple</a></li>
                    
                </ul>
                </li>
                
            
                
                <li>PySysTest
                <ul>
                    
                    <li><a href="#2ed91c4f-3c98-46f4-8d4a-f241d1d67d7b">SoftwareManagement.sm_apt_install_remove_multiple_mixed</a></li>
                    
                </ul>
                </li>
                
            
                
                <li>PySysTest
                <ul>
                    
                    <li><a href="#dff0af64-22e3-45aa-ad1e-4e24a86434d2">SoftwareManagement.sm_apt_install_remove_with_version</a></li>
                    
                </ul>
                </li>
                
            
                
                <li>SMDockerInstallRemove
                <ul>
                    
                    <li><a href="#ecfff660-2979-406f-9840-b49eb21703d6">SoftwareManagement.sm_docker_install_remove_multiple</a></li>
                    
                </ul>
                </li>
                
            
                
                <li>PySysTest
                <ul>
                    
                    <li><a href="#22af3b25-8cf4-4573-ac74-dea3a2a56c97">SoftwareManagement.sm_fake_install_remove</a></li>
                    
                </ul>
                </li>
                
            
                
                <li>PySysTest
                <ul>
                    
                    <li><a href="#a27baea0-a283-44f5-ba61-f63ba646931e">SoftwareManagement.sm_fake_install_remove_multiple</a></li>
                    
                </ul>
                </li>
                
            
                
                <li>MapperC8yReceiveLastMessageOnRestart
                <ul>
                    
                    <li><a href="#5d84bd88-4fa3-4485-b31c-01a3f8f177aa">SoftwareManagement.sm_mapper_fail_and_reconnect</a></li>
                    
                </ul>
                </li>
                
            
                
                <li>PySysTest
                <ul>
                    
                    <li><a href="#90cd6ab3-24cd-47e0-9762-337c806a3741">SoftwareManagement.sm_mixed_install_remove_multiple</a></li>
                    
                </ul>
                </li>
                
            
                
                <li>AgentInitSession
                <ul>
                    
                    <li><a href="#ce6c923d-f4eb-4eb6-9f27-7083d523457e">agent_init_session</a></li>
                    
                </ul>
                </li>
                
            
                
                <li>AptPluginFailNoArg
                <ul>
                    
                    <li><a href="#183ced67-5ed2-4cf0-92a4-5ed1b86e1dde">apt_fail_noarg</a></li>
                    
                </ul>
                </li>
                
            
                
                <li>AptPluginFinalize
                <ul>
                    
                    <li><a href="#97bd9f98-3615-40a8-8149-71ecdf382497">apt_finalize</a></li>
                    
                </ul>
                </li>
                
            
                
                <li>AptPluginInstallDense
                <ul>
                    
                    <li><a href="#374f9006-89e1-4fed-9bc2-09fc4efb020e">apt_install</a></li>
                    
                </ul>
                </li>
                
            
                
                <li>AptPluginInstallFail
                <ul>
                    
                    <li><a href="#36428dd3-295d-4ded-91ff-ccd02e2375d9">apt_install_fail</a></li>
                    
                </ul>
                </li>
                
            
                
                <li>AptPluginInstallFromLocalFile
                <ul>
                    
                    <li><a href="#359b76a1-fd0a-457b-a50d-f0f204c86c5c">apt_install_local_file</a></li>
                    
                </ul>
                </li>
                
            
                
                <li>AptPluginInstallFromLocalFileFail
                <ul>
                    
                    <li><a href="#ea3ba3ac-aa62-4cb6-bb92-a63cba4cddda">apt_install_local_file_fail</a></li>
                    
                </ul>
                </li>
                
            
                
                <li>AptPluginInstallFromLocalFileWithVersion
                <ul>
                    
                    <li><a href="#6cad8457-6290-45d9-8bdb-984428118fe1">apt_install_local_file_with_version</a></li>
                    
                </ul>
                </li>
                
            
                
                <li>AptPluginInstallFromLocalFileWithVersionFail
                <ul>
                    
                    <li><a href="#22c286dc-85a4-4a85-8e21-a297b23a366f">apt_install_local_file_with_version_fail</a></li>
                    
                </ul>
                </li>
                
            
                
                <li>AptPluginListFormat
                <ul>
                    
                    <li><a href="#b283c530-8764-4a52-b0bd-9017f02e2bae">apt_list_format</a></li>
                    
                </ul>
                </li>
                
            
                
                <li>AptPluginPrepare
                <ul>
                    
                    <li><a href="#f161a4c6-f801-4aa6-a083-6fc5f299c85f">apt_prepare</a></li>
                    
                </ul>
                </li>
                
            
                
                <li>AptPluginPrepareInstallFinalize
                <ul>
                    
                    <li><a href="#e65b3f40-75d2-4868-97a0-c314e10a0248">apt_prepare_install_finalize</a></li>
                    
                </ul>
                </li>
                
            
                
                <li>AptPluginRemoveDense
                <ul>
                    
                    <li><a href="#841000fb-f072-4d99-a04b-f8b3ea5b2b44">apt_remove</a></li>
                    
                </ul>
                </li>
                
            
                
                <li>AptPluginRemoveFails
                <ul>
                    
                    <li><a href="#6f935aeb-78c5-494a-8923-dec539da81c5">apt_remove_fail</a></li>
                    
                </ul>
                </li>
                
            
                
                <li>AptPluginPrepInstallWithVersionFinalize
                <ul>
                    
                    <li><a href="#ee783583-0fe7-4d2f-9bab-4cedfeab68b7">apt_sequence_install_with_version</a></li>
                    
                </ul>
                </li>
                
            
                
                <li>AptPluginInstallWithVersionFails
                <ul>
                    
                    <li><a href="#6630136d-9812-44b4-8e44-2d1202918940">apt_sequence_install_with_version_fail</a></li>
                    
                </ul>
                </li>
                
            
                
                <li>AptPluginInstallPrepareRemoveFinalize
                <ul>
                    
                    <li><a href="#ca27ab33-5c42-42a1-b5c4-efbc5c09d95f">apt_sequence_remove</a></li>
                    
                </ul>
                </li>
                
            
                
                <li>AptPluginRemoveWithVersion
                <ul>
                    
                    <li><a href="#5c6acddf-cead-4f20-815b-eac05eb02401">apt_sequence_remove_with_version</a></li>
                    
                </ul>
                </li>
                
            
                
                <li>AptPluginRemoveWithVersionFails
                <ul>
                    
                    <li><a href="#bde822d9-9d57-48ed-a16d-528f84fa27fd">apt_sequence_remove_with_version_fail</a></li>
                    
                </ul>
                </li>
                
            
                
                <li>AptPluginUpdateList
                <ul>
                    
                    <li><a href="#88399013-4280-4ea4-9059-f198fc8cbc83">apt_update_list</a></li>
                    
                </ul>
                </li>
                
            
                
                <li>AptPluginWrongOption
                <ul>
                    
                    <li><a href="#3b10bb11-4020-4f43-9ef2-4d9e80e8195d">apt_wrong_option</a></li>
                    
                </ul>
                </li>
                
            
                
                <li>ValidateJWTTokenRetrieval
                <ul>
                    
                    <li><a href="#67201b4b-67ff-4f38-afc8-c8fa52664410">c8y_jwt_token_retrieval</a></li>
                    
                </ul>
                </li>
                
            
                
                <li>RestartBridge
                <ul>
                    
                    <li><a href="#4bf95a65-9b17-47fb-8844-5d83158c8d0c">c8y_restart_bridge</a></li>
                    
                </ul>
                </li>
                
            
                
                <li>PySysTest
                <ul>
                    
                    <li><a href="#1c096030-c8d7-4344-b8b0-bfc469548f04">call_tedge_-V</a></li>
                    
                </ul>
                </li>
                
            
                
                <li>PySysTest
                <ul>
                    
                    <li><a href="#10bf2499-7c2a-4ce8-bfb2-6c06f8184884">call_tedge_-h</a></li>
                    
                </ul>
                </li>
                
            
                
                <li>PySysTest
                <ul>
                    
                    <li><a href="#8b51fb9c-6ec6-4ea4-889a-379c87769b13">call_tedge_-h_-V</a></li>
                    
                </ul>
                </li>
                
            
                
                <li>PySysTest
                <ul>
                    
                    <li><a href="#735cca53-fafe-4c5c-82e4-355cec2b80d5">call_tedge_config_help</a></li>
                    
                </ul>
                </li>
                
            
                
                <li>PySysTest
                <ul>
                    
                    <li><a href="#4c44987b-9966-4c27-8c4c-c74a1803ef19">call_tedge_config_list</a></li>
                    
                </ul>
                </li>
                
            
                
                <li>CustomInitSystem
                <ul>
                    
                    <li><a href="#5c07dd2d-2f5b-48a6-ae38-7ddc5dc8648f">custom_init_system</a></li>
                    
                </ul>
                </li>
                
            
                
                <li>DockerPluginFinalizeTest
                <ul>
                    
                    <li><a href="#a634e21e-9755-4022-b0bd-9064b8612f36">docker_plugin_finalize</a></li>
                    
                </ul>
                </li>
                
            
                
                <li>DockerPluginInstallTest
                <ul>
                    
                    <li><a href="#1ec75256-4ee3-46e6-b88f-0d3b8f5d85f7">docker_plugin_install</a></li>
                    
                </ul>
                </li>
                
            
                
                <li>DockerPluginInstallWithVersionTest
                <ul>
                    
                    <li><a href="#2e8da764-c9b2-4ea7-aeb4-20f6b35d0746">docker_plugin_install_with_version</a></li>
                    
                </ul>
                </li>
                
            
                
                <li>DockerPluginRemoveTest
                <ul>
                    
                    <li><a href="#3d5e72bf-68f4-4591-887c-cccf6668d528">docker_plugin_remove</a></li>
                    
                </ul>
                </li>
                
            
                
                <li>DockerPluginRemoveWithVersionTest
                <ul>
                    
                    <li><a href="#015562a8-5586-481e-bd85-75b271813414">docker_plugin_remove_with_version</a></li>
                    
                </ul>
                </li>
                
            
                
                <li>DockerPluginUpdateTest
                <ul>
                    
                    <li><a href="#7063b069-3a1a-4a48-a9b0-98c8bcf19acd">docker_plugin_update</a></li>
                    
                </ul>
                </li>
                
            
                
                <li>InvalidDeviceId
                <ul>
                    
                    <li><a href="#331b9f59-7777-4aa4-9890-c40642de9bd6">invalid_device_id</a></li>
                    
                </ul>
                </li>
                
            
                
                <li>PySysTest
                <ul>
                    
                    <li><a href="#3f32b268-912c-42ef-bb89-17da89aa224b">local_mqtt_pub_fail_noqos</a></li>
                    
                </ul>
                </li>
                
            
                
                <li>PySysTest
                <ul>
                    
                    <li><a href="#274b9524-b589-4add-9e52-732ee61f0297">local_mqtt_pub_fail_qos0</a></li>
                    
                </ul>
                </li>
                
            
                
                <li>PySysTest
                <ul>
                    
                    <li><a href="#166302b6-3db6-4097-a7ff-bc84b7bef7de">local_mqtt_pub_fail_qos1</a></li>
                    
                </ul>
                </li>
                
            
                
                <li>PySysTest
                <ul>
                    
                    <li><a href="#92d31b03-1666-49ff-a2ca-228def76faf8">local_mqtt_pub_fail_qos2</a></li>
                    
                </ul>
                </li>
                
            
                
                <li>PySysTest
                <ul>
                    
                    <li><a href="#fd329c47-0cf3-4a01-aa4e-ff145d1039f3">local_mqtt_pub_sub</a></li>
                    
                </ul>
                </li>
                
            
                
                <li>MqttPublishWithRetain
                <ul>
                    
                    <li><a href="#40daa7d0-9d36-4eef-a4ac-cb5feb1eccfe">local_mqtt_pub_sub_retain</a></li>
                    
                </ul>
                </li>
                
            
                
                <li>PySysTest
                <ul>
                    
                    <li><a href="#8c98e1d2-5491-4b64-aeea-a65c5a06b167">local_mqtt_pub_sub_with_sudo</a></li>
                    
                </ul>
                </li>
                
            
                
                <li>PySysTest
                <ul>
                    
                    <li><a href="#c4edfacf-bed4-4454-9629-fa0c13f1a76d">local_mqtt_sub_fail</a></li>
                    
                </ul>
                </li>
                
            
                
                <li>LogRequestVerifySearchTextError
                <ul>
                    
                    <li><a href="#509eb9ac-d1db-4c3f-9fd3-92dd76625abe">log_request_error_messages</a></li>
                    
                </ul>
                </li>
                
            
                
                <li>LogRequestVerifyNumberOfLines
                <ul>
                    
                    <li><a href="#0190566c-cc30-4508-9e40-61e4ebd12c97">log_request_num_lines</a></li>
                    
                </ul>
                </li>
                
            
                
                <li>MapperReconnectAwait
                <ul>
                    
                    <li><a href="#d0c54361-61b5-4202-8835-e85fafefd101">mapper_awaits_before_reconnect</a></li>
                    
                </ul>
                </li>
                
            
                
                <li>MonitoringSmallInterval
                <ul>
                    
                    <li><a href="#5c1e2ed5-71e8-4959-9960-136897e382c6">monitoring_smaller_interval</a></li>
                    
                </ul>
                </li>
                
            
                
                <li>MonitoringWithCollectd
                <ul>
                    
                    <li><a href="#63673d40-985d-41c2-a026-3d51b01a1138">monitoring_with_collectd</a></li>
                    
                </ul>
                </li>
                
            
                
                <li>MonitoringWithSimulatedMessages
                <ul>
                    
                    <li><a href="#61f7d673-1c06-4342-ae6d-9f3e4629d316">monitoring_with_simulated_messages</a></li>
                    
                </ul>
                </li>
                
            
                
                <li>MqttPortChangeConnectionFails
                <ul>
                    
                    <li><a href="#abd0f304-b70a-4490-93fa-6923ea8a09fa">mqtt_port_change_connection_fails</a></li>
                    
                </ul>
                </li>
                
            
                
                <li>MqttPortChangeConnectionWorks
                <ul>
                    
                    <li><a href="#e10020e3-ede5-45e6-88ee-f42574aad1ac">mqtt_port_change_connection_works</a></li>
                    
                </ul>
                </li>
                
            
                
                <li>MqttPortSet
                <ul>
                    
                    <li><a href="#9ded94d0-2d0a-470f-9a21-60b1c2198f66">mqtt_port_set</a></li>
                    
                </ul>
                </li>
                
            
                
                <li>MqttPortUnSet
                <ul>
                    
                    <li><a href="#e8e8c287-9855-4d62-be1d-30f5943b5db2">mqtt_port_unset</a></li>
                    
                </ul>
                </li>
                
            
                
                <li>PublishFlux
                <ul>
                    
                    <li><a href="#ceba7941-24dd-47a6-9d14-98ac8733184f">publish_flux</a></li>
                    
                </ul>
                </li>
                
            
                
                <li>PublishSawmill
                <ul>
                    
                    <li><a href="#73afd716-d4d7-45d7-88db-5ff291733206">publish_sawmill</a></li>
                    
                </ul>
                </li>
                
            
                
                <li>RuntimeMultiMappers
                <ul>
                    
                    <li><a href="#7532147f-b56a-41f2-92fa-bb17040a8d0e">runtime_start_two_mappers</a></li>
                    
                </ul>
                </li>
                
            
                
                <li>TedgeSMMapperInitSession
                <ul>
                    
                    <li><a href="#f6aa98fd-c16e-4c4c-b58a-6869e042b1bb">sm_tedge_mapper_init_session</a></li>
                    
                </ul>
                </li>
                
            
                
                <li>SmokeTestJson
                <ul>
                    
                    <li><a href="#b13e6578-d774-41d2-9436-9c537afe213d">smoketest_json</a></li>
                    
                </ul>
                </li>
                
            
                
                <li>SmoketestJson400Samples10ms
                <ul>
                    
                    <li><a href="#f43fc1d9-633a-4717-8740-67ee5fbfd976">smoketest_json_400_samples_10ms</a></li>
                    
                </ul>
                </li>
                
            
                
                <li>SmoketestJson400Samples20ms
                <ul>
                    
                    <li><a href="#dadfa0d3-8aa4-43dc-9968-9fcae7ee179d">smoketest_json_400_samples_20ms</a></li>
                    
                </ul>
                </li>
                
            
                
                <li>SmoketestSmartRest
                <ul>
                    
                    <li><a href="#4ce47574-48b3-44f0-85f4-9dea6ca66565">smoketest_smartrest</a></li>
                    
                </ul>
                </li>
                
            
                
                <li>SmoketestSmartRest400Samples1Xms
                <ul>
                    
                    <li><a href="#33b127ac-67cb-419b-a1e6-71a0af746b08">smoketest_smartrest_400_samples_1Xms</a></li>
                    
                </ul>
                </li>
                
            
                
                <li>SmoketestSmartRest400Samples20ms
                <ul>
                    
                    <li><a href="#303051ff-685b-46b4-93cc-2f65c7ed11dd">smoketest_smartrest_400_samples_20ms</a></li>
                    
                </ul>
                </li>
                
            
                
                <li>TedgeAgentUserSudoAccess
                <ul>
                    
                    <li><a href="#0b92474f-6585-43bc-99dc-bc50d5e69e3f">tedge_agent_user_sudo_access</a></li>
                    
                </ul>
                </li>
                
            
                
                <li>TedgeConnectTestNegative
                <ul>
                    
                    <li><a href="#4bdf95a6-aef1-49cd-868d-2ebc99057279">tedge_connect_test_negative</a></li>
                    
                </ul>
                </li>
                
            
                
                <li>TedgeConnectTestPositive
                <ul>
                    
                    <li><a href="#18345e9b-934c-4737-8acc-cc5a13adb448">tedge_connect_test_positive</a></li>
                    
                </ul>
                </li>
                
            
                
                <li>TedgeConnectTestSMServices
                <ul>
                    
                    <li><a href="#acfde1d8-4e11-49c7-bf4c-a3bebc43c40b">tedge_connect_test_sm_services</a></li>
                    
                </ul>
                </li>
                
            
                
                <li>TedgeDisConnectTestSMServices
                <ul>
                    
                    <li><a href="#206e528b-9a12-4fee-8716-f74d015270ec">tedge_disconnect_test_sm_services</a></li>
                    
                </ul>
                </li>
                
            
                
                <li>TedgeMapperAzError
                <ul>
                    
                    <li><a href="#61c69cf6-3bfc-45a4-968b-618dfbdd98df">tedge_mapper_az_negative</a></li>
                    
                </ul>
                </li>
                
            
                
                <li>TedgeMapperAzWithTimestamp
                <ul>
                    
                    <li><a href="#195b7b15-212c-4b7e-9f84-d4475a719fac">tedge_mapper_az_with_timestamp</a></li>
                    
                </ul>
                </li>
                
            
                
                <li>TedgeMapperAzWithoutTimestamp
                <ul>
                    
                    <li><a href="#1f81928d-c448-4f63-9b3b-4a84d26bad68">tedge_mapper_az_without_timestamp</a></li>
                    
                </ul>
                </li>
                
            
                
                <li>TedgeMapperC8yAlarm
                <ul>
                    
                    <li><a href="#9f22f82d-a644-49b5-8814-ec63be94806b">tedge_mapper_c8y_alarms</a></li>
                    
                </ul>
                </li>
                
            
                
                <li>TedgeMapperC8yChildDevice
                <ul>
                    
                    <li><a href="#28c90f8b-a7e8-440e-aeaa-1be2aea7e5d5">tedge_mapper_c8y_child_device_measurement</a></li>
                    
                </ul>
                </li>
                
            
                
                <li>TedgeMapperC8y
                <ul>
                    
                    <li><a href="#be40f664-630b-4b66-8596-c92292c85328">tedge_mapper_c8y_negative</a></li>
                    
                </ul>
                </li>
                
            
                
                <li>TedgeMapperC8yThresholdPacketSize
                <ul>
                    
                    <li><a href="#493c57cf-6081-4377-b24c-9a6a1cc08d09">tedge_mapper_c8y_packet_threshold_size</a></li>
                    
                </ul>
                </li>
                
            
                
                <li>TedgeMapperC8y
                <ul>
                    
                    <li><a href="#a3a42f70-a0eb-45fe-a1ef-37dfb87da600">tedge_mapper_c8y_positive</a></li>
                    
                </ul>
                </li>
                
            
                
                <li>PySysTest
                <ul>
                    
                    <li><a href="#953ff727-ae7d-4194-9cc7-b283f80223cf">tedge_software_update</a></li>
                    
                </ul>
                </li>
                
            
                
                <li>ValidateValidDeviceId
                <ul>
                    
                    <li><a href="#fbfcb480-420f-4ca5-a2d3-be09a0990479">valid_device_id</a></li>
                    
                </ul>
                </li>
                
            
            </ul>
        </td>
        <td class="failure-index">
            <ul class="toc">
            
                
                    
                    
                    
                
            
                
                    
                    
                    
                
            
                
                    
                    
                    
                
            
                
                    
                    
                    
                
            
                
                    
                    
                    
                
            
                
                    
                    
                    
                
            
                
                    
                    
                    
                
            
                
                    
                    
                    
                
            
                
                    
                    
                    
                
            
                
                    
                    
                    
                
            
                
                    
                    
                    
                
            
                
                    
                    
                    
                
            
                
                    
                    
                    
                
            
                
                    
                    
                    
                
            
                
                    
                    
                    
                
            
                
                    
                    
                    
                
            
                
                    
                    
                    
                
            
                
                    
                    
                    
                
            
                
                    
                    
                    
                
            
                
                    
                    
                    
                
            
                
                    
                    
                    
                
            
                
                    
                    
                    
                
            
                
                    
                    
                    
                
            
                
                    
                    
                    
                
            
                
                    
                    
                    
                
            
                
                    
                    
                    
                
            
                
                    
                    
                    
                
            
                
                    
                    
                    
                
            
                
                    
                    
                    
                
            
                
                    
                    
                    
                
            
                
                    
                    
                    
                
            
                
                    
                    
                    
                
            
                
                    
                    
                    
                
            
                
                    
                    
                    
                
            
                
                    
                    
                    
                
            
                
                    
                    
                    
                
            
                
                    
                    
                    
                
            
                
                    
                    
                    
                
            
                
                    
                    
                    
                
            
                
                    
                    
                    
                
            
                
                    
                    
                    
                
            
                
                    
                    
                    <li><a href="#8b51fb9c-6ec6-4ea4-889a-379c87769b13">[F] PySysTest : call_tedge_-h_-V</a></li>
                    
                    
                
            
                
                    
                    
                    
                
            
                
                    
                    
                    
                
            
                
                    
                    
                    
                
            
                
                    
                    
                    
                
            
                
                    
                    
                    
                
            
                
                    
                    
                    
                
            
                
                    
                    
                    
                
            
                
                    
                    
                    
                
            
                
                    
                    
                    
                
            
                
                    
                    
                    
                
            
                
                    
                    
                    
                
            
                
                    
                    
                    
                
            
                
                    
                    
                    
                
            
                
                    
                    
                    
                
            
                
                    
                    
                    
                
            
                
                    
                    
                    
                
            
                
                    
                    
                    
                
            
                
                    
                    
                    
                
            
                
                    
                    
                    
                
            
                
                    
                    
                    
                
            
                
                    
                    
                    <li><a href="#d0c54361-61b5-4202-8835-e85fafefd101">[F] MapperReconnectAwait : mapper_awaits_before_reconnect</a></li>
                    
                    
                
            
                
                    
                    
                    
                
            
                
                    
                    
                    
                
            
                
                    
                    
                    
                
            
                
                    
                    
                    
                
            
                
                    
                    
                    
                
            
                
                    
                    
                    
                
            
                
                    
                    
                    
                
            
                
                    
                    
                    
                
            
                
                    
                    
                    
                
            
                
                    
                    
                    
                
            
                
                    
                    
                    
                
            
                
                    
                    
                    
                
            
                
                    
                    
                    
                
            
                
                    
                    
                    
                
            
                
                    
                    
                    
                
            
                
                    
                    
                    
                
            
                
                    
                    
                    
                
            
                
                    
                    
                    
                
            
                
                    
                    
                    
                
            
                
                    
                    
                    
                
            
                
                    
                    
                    <li><a href="#acfde1d8-4e11-49c7-bf4c-a3bebc43c40b">[F] TedgeConnectTestSMServices : tedge_connect_test_sm_services</a></li>
                    
                    
                
            
                
                    
                    
                    
                
            
                
                    
                    
                    
                
            
                
                    
                    
                    
                
            
                
                    
                    
                    
                
            
                
                    
                    
                    
                
            
                
                    
                    
                    
                
            
                
                    
                    
                    <li><a href="#be40f664-630b-4b66-8596-c92292c85328">[F] TedgeMapperC8y : tedge_mapper_c8y_negative</a></li>
                    
                    
                
            
                
                    
                    
                    <li><a href="#493c57cf-6081-4377-b24c-9a6a1cc08d09">[F] TedgeMapperC8yThresholdPacketSize : tedge_mapper_c8y_packet_threshold_size</a></li>
                    
                    
                
            
                
                    
                    
                    <li><a href="#a3a42f70-a0eb-45fe-a1ef-37dfb87da600">[F] TedgeMapperC8y : tedge_mapper_c8y_positive</a></li>
                    
                    
                
            
                
                    
                    
                    
                
            
                
                    
                    
                    
                
            
            </ul>
        </td>
    </tr>
</table>


    <div class="testsuite">
        <h2>Test Suite: SoftwareManagement.Plugin.apama_plugin_install</h2>
        <a id="f39a1b8b-fd95-4f3e-ad18-8d26b9b79ca3"></a>
        
        
        <h3>Results</h3>
        <table class="proplist">
            <tr>
                <th>Duration</th><td>0.0 sec</td>
            </tr>
            <tr>
                <th>Tests</th><td>1</td>
            </tr>
            <tr>
                <th>Failures</th><td>0</td>
            </tr>
        </table>

        <div class="testclasses">
            <h3>Tests</h3>
            
            <div class="testclass">
                <h4>ApamaPluginInstallTest</h4>
                <div class="testcases">
                
                    <div class="test outcome outcome-passed">
                        <a id="5fac8ebf-20e8-47be-8e46-70d7754ea681"></a>
                        <table class="proplist">
                            <tr><th>Test case:</th><td><b>SoftwareManagement.Plugin.apama_plugin_install</b></td></tr>
                            <tr><th>Outcome:</th><td>Passed</td></tr>
                            <tr><th>Duration:</th><td>0.0 sec</td></tr>
                        
                            <tr><th>Failed</th><td>None</td></tr>
                        
                        
                        </table>

                        
                        <pre>None</pre>
                        
                        

                        
                        
                        
                    </div>
                
                </div>
            </div>
            
        </div>
    </div>
    

    <div class="testsuite">
        <h2>Test Suite: SoftwareManagement.Plugin.apama_plugin_mon_support</h2>
        <a id="a94c7ce3-e991-4bd1-bd62-4c6d0b5787e4"></a>
        
        
        <h3>Results</h3>
        <table class="proplist">
            <tr>
                <th>Duration</th><td>0.0 sec</td>
            </tr>
            <tr>
                <th>Tests</th><td>1</td>
            </tr>
            <tr>
                <th>Failures</th><td>0</td>
            </tr>
        </table>

        <div class="testclasses">
            <h3>Tests</h3>
            
            <div class="testclass">
                <h4>ApamaPluginMonSupportTest</h4>
                <div class="testcases">
                
                    <div class="test outcome outcome-passed">
                        <a id="4d5996f2-c461-4083-b66b-2e789571a840"></a>
                        <table class="proplist">
                            <tr><th>Test case:</th><td><b>SoftwareManagement.Plugin.apama_plugin_mon_support</b></td></tr>
                            <tr><th>Outcome:</th><td>Passed</td></tr>
                            <tr><th>Duration:</th><td>0.0 sec</td></tr>
                        
                            <tr><th>Failed</th><td>None</td></tr>
                        
                        
                        </table>

                        
                        <pre>None</pre>
                        
                        

                        
                        
                        
                    </div>
                
                </div>
            </div>
            
        </div>
    </div>
    

    <div class="testsuite">
        <h2>Test Suite: SoftwareManagement.Plugin.apama_plugin_remove</h2>
        <a id="68ddbeda-e758-4c34-8110-055a9e07213b"></a>
        
        
        <h3>Results</h3>
        <table class="proplist">
            <tr>
                <th>Duration</th><td>0.0 sec</td>
            </tr>
            <tr>
                <th>Tests</th><td>1</td>
            </tr>
            <tr>
                <th>Failures</th><td>0</td>
            </tr>
        </table>

        <div class="testclasses">
            <h3>Tests</h3>
            
            <div class="testclass">
                <h4>ApamaPluginRemoveTest</h4>
                <div class="testcases">
                
                    <div class="test outcome outcome-passed">
                        <a id="6ced204d-0476-4b82-9549-c17c09fe0dbc"></a>
                        <table class="proplist">
                            <tr><th>Test case:</th><td><b>SoftwareManagement.Plugin.apama_plugin_remove</b></td></tr>
                            <tr><th>Outcome:</th><td>Passed</td></tr>
                            <tr><th>Duration:</th><td>0.0 sec</td></tr>
                        
                            <tr><th>Failed</th><td>None</td></tr>
                        
                        
                        </table>

                        
                        <pre>None</pre>
                        
                        

                        
                        
                        
                    </div>
                
                </div>
            </div>
            
        </div>
    </div>
    

    <div class="testsuite">
        <h2>Test Suite: SoftwareManagement.Plugin.apama_plugin_update</h2>
        <a id="145cf6db-9c82-48c9-b670-c138dbf364c5"></a>
        
        
        <h3>Results</h3>
        <table class="proplist">
            <tr>
                <th>Duration</th><td>0.0 sec</td>
            </tr>
            <tr>
                <th>Tests</th><td>1</td>
            </tr>
            <tr>
                <th>Failures</th><td>0</td>
            </tr>
        </table>

        <div class="testclasses">
            <h3>Tests</h3>
            
            <div class="testclass">
                <h4>ApamaPluginUpdateTest</h4>
                <div class="testcases">
                
                    <div class="test outcome outcome-passed">
                        <a id="951b453e-c69b-4b0e-924f-bfeb81b40ebc"></a>
                        <table class="proplist">
                            <tr><th>Test case:</th><td><b>SoftwareManagement.Plugin.apama_plugin_update</b></td></tr>
                            <tr><th>Outcome:</th><td>Passed</td></tr>
                            <tr><th>Duration:</th><td>0.0 sec</td></tr>
                        
                            <tr><th>Failed</th><td>None</td></tr>
                        
                        
                        </table>

                        
                        <pre>None</pre>
                        
                        

                        
                        
                        
                    </div>
                
                </div>
            </div>
            
        </div>
    </div>
    

    <div class="testsuite">
        <h2>Test Suite: SoftwareManagement.sm_apt_install_download_path</h2>
        <a id="3dc99a89-8111-4c26-937b-32e953e15964"></a>
        
        
        <h3>Results</h3>
        <table class="proplist">
            <tr>
                <th>Duration</th><td>0.0 sec</td>
            </tr>
            <tr>
                <th>Tests</th><td>1</td>
            </tr>
            <tr>
                <th>Failures</th><td>0</td>
            </tr>
        </table>

        <div class="testclasses">
            <h3>Tests</h3>
            
            <div class="testclass">
                <h4>AptInstallWithDownloadPath</h4>
                <div class="testcases">
                
                    <div class="test outcome outcome-passed">
                        <a id="2c35d910-333c-4380-adcd-4856ddedb44c"></a>
                        <table class="proplist">
                            <tr><th>Test case:</th><td><b>SoftwareManagement.sm_apt_install_download_path</b></td></tr>
                            <tr><th>Outcome:</th><td>Passed</td></tr>
                            <tr><th>Duration:</th><td>0.0 sec</td></tr>
                        
                            <tr><th>Failed</th><td>None</td></tr>
                        
                        
                        </table>

                        
                        <pre>None</pre>
                        
                        

                        
                        
                        
                    </div>
                
                </div>
            </div>
            
        </div>
    </div>
    

    <div class="testsuite">
        <h2>Test Suite: SoftwareManagement.sm_apt_install_fail</h2>
        <a id="79140b22-031c-46cd-9f86-da3320836f58"></a>
        
        
        <h3>Results</h3>
        <table class="proplist">
            <tr>
                <th>Duration</th><td>0.0 sec</td>
            </tr>
            <tr>
                <th>Tests</th><td>1</td>
            </tr>
            <tr>
                <th>Failures</th><td>0</td>
            </tr>
        </table>

        <div class="testclasses">
            <h3>Tests</h3>
            
            <div class="testclass">
                <h4>PySysTest</h4>
                <div class="testcases">
                
                    <div class="test outcome outcome-passed">
                        <a id="53ae7167-6549-47d2-b3c7-b36964b0face"></a>
                        <table class="proplist">
                            <tr><th>Test case:</th><td><b>SoftwareManagement.sm_apt_install_fail</b></td></tr>
                            <tr><th>Outcome:</th><td>Passed</td></tr>
                            <tr><th>Duration:</th><td>0.0 sec</td></tr>
                        
                            <tr><th>Failed</th><td>None</td></tr>
                        
                        
                        </table>

                        
                        <pre>None</pre>
                        
                        

                        
                        
                        
                    </div>
                
                </div>
            </div>
            
        </div>
    </div>
    

    <div class="testsuite">
        <h2>Test Suite: SoftwareManagement.sm_apt_install_remove</h2>
        <a id="ff6f2213-32c2-40d3-b6f6-658d2f5d6cd4"></a>
        
        
        <h3>Results</h3>
        <table class="proplist">
            <tr>
                <th>Duration</th><td>0.0 sec</td>
            </tr>
            <tr>
                <th>Tests</th><td>1</td>
            </tr>
            <tr>
                <th>Failures</th><td>0</td>
            </tr>
        </table>

        <div class="testclasses">
            <h3>Tests</h3>
            
            <div class="testclass">
                <h4>PySysTest</h4>
                <div class="testcases">
                
                    <div class="test outcome outcome-passed">
                        <a id="6503af83-b98d-45a7-bfaa-2b7be7bb5bda"></a>
                        <table class="proplist">
                            <tr><th>Test case:</th><td><b>SoftwareManagement.sm_apt_install_remove</b></td></tr>
                            <tr><th>Outcome:</th><td>Passed</td></tr>
                            <tr><th>Duration:</th><td>0.0 sec</td></tr>
                        
                            <tr><th>Failed</th><td>None</td></tr>
                        
                        
                        </table>

                        
                        <pre>None</pre>
                        
                        

                        
                        
                        
                    </div>
                
                </div>
            </div>
            
        </div>
    </div>
    

    <div class="testsuite">
        <h2>Test Suite: SoftwareManagement.sm_apt_install_remove_default</h2>
        <a id="eef771d4-98e6-4ee1-9ff7-abeb5030330c"></a>
        
        
        <h3>Results</h3>
        <table class="proplist">
            <tr>
                <th>Duration</th><td>0.0 sec</td>
            </tr>
            <tr>
                <th>Tests</th><td>1</td>
            </tr>
            <tr>
                <th>Failures</th><td>0</td>
            </tr>
        </table>

        <div class="testclasses">
            <h3>Tests</h3>
            
            <div class="testclass">
                <h4>PySysTest</h4>
                <div class="testcases">
                
                    <div class="test outcome outcome-passed">
                        <a id="92689edc-c1ea-4750-861f-1cb10bd906c1"></a>
                        <table class="proplist">
                            <tr><th>Test case:</th><td><b>SoftwareManagement.sm_apt_install_remove_default</b></td></tr>
                            <tr><th>Outcome:</th><td>Passed</td></tr>
                            <tr><th>Duration:</th><td>0.0 sec</td></tr>
                        
                            <tr><th>Failed</th><td>None</td></tr>
                        
                        
                        </table>

                        
                        <pre>None</pre>
                        
                        

                        
                        
                        
                    </div>
                
                </div>
            </div>
            
        </div>
    </div>
    

    <div class="testsuite">
        <h2>Test Suite: SoftwareManagement.sm_apt_install_remove_multiple</h2>
        <a id="35af7df9-4a9b-4061-8a13-bb5fe93a43e2"></a>
        
        
        <h3>Results</h3>
        <table class="proplist">
            <tr>
                <th>Duration</th><td>0.0 sec</td>
            </tr>
            <tr>
                <th>Tests</th><td>1</td>
            </tr>
            <tr>
                <th>Failures</th><td>0</td>
            </tr>
        </table>

        <div class="testclasses">
            <h3>Tests</h3>
            
            <div class="testclass">
                <h4>PySysTest</h4>
                <div class="testcases">
                
                    <div class="test outcome outcome-passed">
                        <a id="1673e561-fc0f-4c20-b996-a79c1060de61"></a>
                        <table class="proplist">
                            <tr><th>Test case:</th><td><b>SoftwareManagement.sm_apt_install_remove_multiple</b></td></tr>
                            <tr><th>Outcome:</th><td>Passed</td></tr>
                            <tr><th>Duration:</th><td>0.0 sec</td></tr>
                        
                            <tr><th>Failed</th><td>None</td></tr>
                        
                        
                        </table>

                        
                        <pre>None</pre>
                        
                        

                        
                        
                        
                    </div>
                
                </div>
            </div>
            
        </div>
    </div>
    

    <div class="testsuite">
        <h2>Test Suite: SoftwareManagement.sm_apt_install_remove_multiple_mixed</h2>
        <a id="c2983666-0f43-4ca8-8247-fa357e1bd8f4"></a>
        
        
        <h3>Results</h3>
        <table class="proplist">
            <tr>
                <th>Duration</th><td>0.0 sec</td>
            </tr>
            <tr>
                <th>Tests</th><td>1</td>
            </tr>
            <tr>
                <th>Failures</th><td>0</td>
            </tr>
        </table>

        <div class="testclasses">
            <h3>Tests</h3>
            
            <div class="testclass">
                <h4>PySysTest</h4>
                <div class="testcases">
                
                    <div class="test outcome outcome-passed">
                        <a id="2ed91c4f-3c98-46f4-8d4a-f241d1d67d7b"></a>
                        <table class="proplist">
                            <tr><th>Test case:</th><td><b>SoftwareManagement.sm_apt_install_remove_multiple_mixed</b></td></tr>
                            <tr><th>Outcome:</th><td>Passed</td></tr>
                            <tr><th>Duration:</th><td>0.0 sec</td></tr>
                        
                            <tr><th>Failed</th><td>None</td></tr>
                        
                        
                        </table>

                        
                        <pre>None</pre>
                        
                        

                        
                        
                        
                    </div>
                
                </div>
            </div>
            
        </div>
    </div>
    

    <div class="testsuite">
        <h2>Test Suite: SoftwareManagement.sm_apt_install_remove_with_version</h2>
        <a id="bf47c304-3ad4-4bc0-9323-b04f5e842dec"></a>
        
        
        <h3>Results</h3>
        <table class="proplist">
            <tr>
                <th>Duration</th><td>0.0 sec</td>
            </tr>
            <tr>
                <th>Tests</th><td>1</td>
            </tr>
            <tr>
                <th>Failures</th><td>0</td>
            </tr>
        </table>

        <div class="testclasses">
            <h3>Tests</h3>
            
            <div class="testclass">
                <h4>PySysTest</h4>
                <div class="testcases">
                
                    <div class="test outcome outcome-passed">
                        <a id="dff0af64-22e3-45aa-ad1e-4e24a86434d2"></a>
                        <table class="proplist">
                            <tr><th>Test case:</th><td><b>SoftwareManagement.sm_apt_install_remove_with_version</b></td></tr>
                            <tr><th>Outcome:</th><td>Passed</td></tr>
                            <tr><th>Duration:</th><td>0.0 sec</td></tr>
                        
                            <tr><th>Failed</th><td>None</td></tr>
                        
                        
                        </table>

                        
                        <pre>None</pre>
                        
                        

                        
                        
                        
                    </div>
                
                </div>
            </div>
            
        </div>
    </div>
    

    <div class="testsuite">
        <h2>Test Suite: SoftwareManagement.sm_docker_install_remove_multiple</h2>
        <a id="69aaeda4-8ea1-47fa-99f9-f811ab18e690"></a>
        
        
        <h3>Results</h3>
        <table class="proplist">
            <tr>
                <th>Duration</th><td>0.0 sec</td>
            </tr>
            <tr>
                <th>Tests</th><td>1</td>
            </tr>
            <tr>
                <th>Failures</th><td>0</td>
            </tr>
        </table>

        <div class="testclasses">
            <h3>Tests</h3>
            
            <div class="testclass">
                <h4>SMDockerInstallRemove</h4>
                <div class="testcases">
                
                    <div class="test outcome outcome-passed">
                        <a id="ecfff660-2979-406f-9840-b49eb21703d6"></a>
                        <table class="proplist">
                            <tr><th>Test case:</th><td><b>SoftwareManagement.sm_docker_install_remove_multiple</b></td></tr>
                            <tr><th>Outcome:</th><td>Passed</td></tr>
                            <tr><th>Duration:</th><td>0.0 sec</td></tr>
                        
                            <tr><th>Failed</th><td>None</td></tr>
                        
                        
                        </table>

                        
                        <pre>None</pre>
                        
                        

                        
                        
                        
                    </div>
                
                </div>
            </div>
            
        </div>
    </div>
    

    <div class="testsuite">
        <h2>Test Suite: SoftwareManagement.sm_fake_install_remove</h2>
        <a id="a1ee7a76-d5dc-4b41-b4c0-050d0104b06f"></a>
        
        
        <h3>Results</h3>
        <table class="proplist">
            <tr>
                <th>Duration</th><td>0.0 sec</td>
            </tr>
            <tr>
                <th>Tests</th><td>1</td>
            </tr>
            <tr>
                <th>Failures</th><td>0</td>
            </tr>
        </table>

        <div class="testclasses">
            <h3>Tests</h3>
            
            <div class="testclass">
                <h4>PySysTest</h4>
                <div class="testcases">
                
                    <div class="test outcome outcome-passed">
                        <a id="22af3b25-8cf4-4573-ac74-dea3a2a56c97"></a>
                        <table class="proplist">
                            <tr><th>Test case:</th><td><b>SoftwareManagement.sm_fake_install_remove</b></td></tr>
                            <tr><th>Outcome:</th><td>Passed</td></tr>
                            <tr><th>Duration:</th><td>0.0 sec</td></tr>
                        
                            <tr><th>Failed</th><td>None</td></tr>
                        
                        
                        </table>

                        
                        <pre>None</pre>
                        
                        

                        
                        
                        
                    </div>
                
                </div>
            </div>
            
        </div>
    </div>
    

    <div class="testsuite">
        <h2>Test Suite: SoftwareManagement.sm_fake_install_remove_multiple</h2>
        <a id="0026dd8c-6c82-46b7-a356-d93e736642cd"></a>
        
        
        <h3>Results</h3>
        <table class="proplist">
            <tr>
                <th>Duration</th><td>0.0 sec</td>
            </tr>
            <tr>
                <th>Tests</th><td>1</td>
            </tr>
            <tr>
                <th>Failures</th><td>0</td>
            </tr>
        </table>

        <div class="testclasses">
            <h3>Tests</h3>
            
            <div class="testclass">
                <h4>PySysTest</h4>
                <div class="testcases">
                
                    <div class="test outcome outcome-passed">
                        <a id="a27baea0-a283-44f5-ba61-f63ba646931e"></a>
                        <table class="proplist">
                            <tr><th>Test case:</th><td><b>SoftwareManagement.sm_fake_install_remove_multiple</b></td></tr>
                            <tr><th>Outcome:</th><td>Passed</td></tr>
                            <tr><th>Duration:</th><td>0.0 sec</td></tr>
                        
                            <tr><th>Failed</th><td>None</td></tr>
                        
                        
                        </table>

                        
                        <pre>None</pre>
                        
                        

                        
                        
                        
                    </div>
                
                </div>
            </div>
            
        </div>
    </div>
    

    <div class="testsuite">
        <h2>Test Suite: SoftwareManagement.sm_mapper_fail_and_reconnect</h2>
        <a id="445c6c7b-5794-48ee-b952-9b51c5dc0aaa"></a>
        
        
        <h3>Results</h3>
        <table class="proplist">
            <tr>
                <th>Duration</th><td>0.0 sec</td>
            </tr>
            <tr>
                <th>Tests</th><td>1</td>
            </tr>
            <tr>
                <th>Failures</th><td>0</td>
            </tr>
        </table>

        <div class="testclasses">
            <h3>Tests</h3>
            
            <div class="testclass">
                <h4>MapperC8yReceiveLastMessageOnRestart</h4>
                <div class="testcases">
                
                    <div class="test outcome outcome-passed">
                        <a id="5d84bd88-4fa3-4485-b31c-01a3f8f177aa"></a>
                        <table class="proplist">
                            <tr><th>Test case:</th><td><b>SoftwareManagement.sm_mapper_fail_and_reconnect</b></td></tr>
                            <tr><th>Outcome:</th><td>Passed</td></tr>
                            <tr><th>Duration:</th><td>0.0 sec</td></tr>
                        
                            <tr><th>Failed</th><td>None</td></tr>
                        
                        
                        </table>

                        
                        <pre>None</pre>
                        
                        

                        
                        
                        
                    </div>
                
                </div>
            </div>
            
        </div>
    </div>
    

    <div class="testsuite">
        <h2>Test Suite: SoftwareManagement.sm_mixed_install_remove_multiple</h2>
        <a id="fea3b635-7427-41cb-aafe-f2418a837fab"></a>
        
        
        <h3>Results</h3>
        <table class="proplist">
            <tr>
                <th>Duration</th><td>0.0 sec</td>
            </tr>
            <tr>
                <th>Tests</th><td>1</td>
            </tr>
            <tr>
                <th>Failures</th><td>0</td>
            </tr>
        </table>

        <div class="testclasses">
            <h3>Tests</h3>
            
            <div class="testclass">
                <h4>PySysTest</h4>
                <div class="testcases">
                
                    <div class="test outcome outcome-passed">
                        <a id="90cd6ab3-24cd-47e0-9762-337c806a3741"></a>
                        <table class="proplist">
                            <tr><th>Test case:</th><td><b>SoftwareManagement.sm_mixed_install_remove_multiple</b></td></tr>
                            <tr><th>Outcome:</th><td>Passed</td></tr>
                            <tr><th>Duration:</th><td>0.0 sec</td></tr>
                        
                            <tr><th>Failed</th><td>None</td></tr>
                        
                        
                        </table>

                        
                        <pre>None</pre>
                        
                        

                        
                        
                        
                    </div>
                
                </div>
            </div>
            
        </div>
    </div>
    

    <div class="testsuite">
        <h2>Test Suite: agent_init_session</h2>
        <a id="8b94d92e-543b-49f9-a931-675ad9cdd91e"></a>
        
        
        <h3>Results</h3>
        <table class="proplist">
            <tr>
                <th>Duration</th><td>0.0 sec</td>
            </tr>
            <tr>
                <th>Tests</th><td>1</td>
            </tr>
            <tr>
                <th>Failures</th><td>0</td>
            </tr>
        </table>

        <div class="testclasses">
            <h3>Tests</h3>
            
            <div class="testclass">
                <h4>AgentInitSession</h4>
                <div class="testcases">
                
                    <div class="test outcome outcome-passed">
                        <a id="ce6c923d-f4eb-4eb6-9f27-7083d523457e"></a>
                        <table class="proplist">
                            <tr><th>Test case:</th><td><b>agent_init_session</b></td></tr>
                            <tr><th>Outcome:</th><td>Passed</td></tr>
                            <tr><th>Duration:</th><td>0.0 sec</td></tr>
                        
                            <tr><th>Failed</th><td>None</td></tr>
                        
                        
                        </table>

                        
                        <pre>None</pre>
                        
                        

                        
                        
                        
                    </div>
                
                </div>
            </div>
            
        </div>
    </div>
    

    <div class="testsuite">
        <h2>Test Suite: apt_fail_noarg</h2>
        <a id="47984c6f-c1e4-4aac-bebd-2ecc74d78bcb"></a>
        
        
        <h3>Results</h3>
        <table class="proplist">
            <tr>
                <th>Duration</th><td>0.0 sec</td>
            </tr>
            <tr>
                <th>Tests</th><td>1</td>
            </tr>
            <tr>
                <th>Failures</th><td>0</td>
            </tr>
        </table>

        <div class="testclasses">
            <h3>Tests</h3>
            
            <div class="testclass">
                <h4>AptPluginFailNoArg</h4>
                <div class="testcases">
                
                    <div class="test outcome outcome-passed">
                        <a id="183ced67-5ed2-4cf0-92a4-5ed1b86e1dde"></a>
                        <table class="proplist">
                            <tr><th>Test case:</th><td><b>apt_fail_noarg</b></td></tr>
                            <tr><th>Outcome:</th><td>Passed</td></tr>
                            <tr><th>Duration:</th><td>0.0 sec</td></tr>
                        
                            <tr><th>Failed</th><td>None</td></tr>
                        
                        
                        </table>

                        
                        <pre>None</pre>
                        
                        

                        
                        
                        
                    </div>
                
                </div>
            </div>
            
        </div>
    </div>
    

    <div class="testsuite">
        <h2>Test Suite: apt_finalize</h2>
        <a id="d45bd1b9-31cf-47c7-b3cd-0350bc486f2b"></a>
        
        
        <h3>Results</h3>
        <table class="proplist">
            <tr>
                <th>Duration</th><td>0.0 sec</td>
            </tr>
            <tr>
                <th>Tests</th><td>1</td>
            </tr>
            <tr>
                <th>Failures</th><td>0</td>
            </tr>
        </table>

        <div class="testclasses">
            <h3>Tests</h3>
            
            <div class="testclass">
                <h4>AptPluginFinalize</h4>
                <div class="testcases">
                
                    <div class="test outcome outcome-passed">
                        <a id="97bd9f98-3615-40a8-8149-71ecdf382497"></a>
                        <table class="proplist">
                            <tr><th>Test case:</th><td><b>apt_finalize</b></td></tr>
                            <tr><th>Outcome:</th><td>Passed</td></tr>
                            <tr><th>Duration:</th><td>0.0 sec</td></tr>
                        
                            <tr><th>Failed</th><td>None</td></tr>
                        
                        
                        </table>

                        
                        <pre>None</pre>
                        
                        

                        
                        
                        
                    </div>
                
                </div>
            </div>
            
        </div>
    </div>
    

    <div class="testsuite">
        <h2>Test Suite: apt_install</h2>
        <a id="b8c2311a-6bec-4825-94f1-5bf59be145ab"></a>
        
        
        <h3>Results</h3>
        <table class="proplist">
            <tr>
                <th>Duration</th><td>0.0 sec</td>
            </tr>
            <tr>
                <th>Tests</th><td>1</td>
            </tr>
            <tr>
                <th>Failures</th><td>0</td>
            </tr>
        </table>

        <div class="testclasses">
            <h3>Tests</h3>
            
            <div class="testclass">
                <h4>AptPluginInstallDense</h4>
                <div class="testcases">
                
                    <div class="test outcome outcome-passed">
                        <a id="374f9006-89e1-4fed-9bc2-09fc4efb020e"></a>
                        <table class="proplist">
                            <tr><th>Test case:</th><td><b>apt_install</b></td></tr>
                            <tr><th>Outcome:</th><td>Passed</td></tr>
                            <tr><th>Duration:</th><td>0.0 sec</td></tr>
                        
                            <tr><th>Failed</th><td>None</td></tr>
                        
                        
                        </table>

                        
                        <pre>None</pre>
                        
                        

                        
                        
                        
                    </div>
                
                </div>
            </div>
            
        </div>
    </div>
    

    <div class="testsuite">
        <h2>Test Suite: apt_install_fail</h2>
        <a id="14cc694f-8698-4f5e-94a8-355952e40150"></a>
        
        
        <h3>Results</h3>
        <table class="proplist">
            <tr>
                <th>Duration</th><td>0.0 sec</td>
            </tr>
            <tr>
                <th>Tests</th><td>1</td>
            </tr>
            <tr>
                <th>Failures</th><td>0</td>
            </tr>
        </table>

        <div class="testclasses">
            <h3>Tests</h3>
            
            <div class="testclass">
                <h4>AptPluginInstallFail</h4>
                <div class="testcases">
                
                    <div class="test outcome outcome-passed">
                        <a id="36428dd3-295d-4ded-91ff-ccd02e2375d9"></a>
                        <table class="proplist">
                            <tr><th>Test case:</th><td><b>apt_install_fail</b></td></tr>
                            <tr><th>Outcome:</th><td>Passed</td></tr>
                            <tr><th>Duration:</th><td>0.0 sec</td></tr>
                        
                            <tr><th>Failed</th><td>None</td></tr>
                        
                        
                        </table>

                        
                        <pre>None</pre>
                        
                        

                        
                        
                        
                    </div>
                
                </div>
            </div>
            
        </div>
    </div>
    

    <div class="testsuite">
        <h2>Test Suite: apt_install_local_file</h2>
        <a id="32ff5366-d6a0-49da-b7de-b8f4fba389e4"></a>
        
        
        <h3>Results</h3>
        <table class="proplist">
            <tr>
                <th>Duration</th><td>0.0 sec</td>
            </tr>
            <tr>
                <th>Tests</th><td>1</td>
            </tr>
            <tr>
                <th>Failures</th><td>0</td>
            </tr>
        </table>

        <div class="testclasses">
            <h3>Tests</h3>
            
            <div class="testclass">
                <h4>AptPluginInstallFromLocalFile</h4>
                <div class="testcases">
                
                    <div class="test outcome outcome-passed">
                        <a id="359b76a1-fd0a-457b-a50d-f0f204c86c5c"></a>
                        <table class="proplist">
                            <tr><th>Test case:</th><td><b>apt_install_local_file</b></td></tr>
                            <tr><th>Outcome:</th><td>Passed</td></tr>
                            <tr><th>Duration:</th><td>0.0 sec</td></tr>
                        
                            <tr><th>Failed</th><td>None</td></tr>
                        
                        
                        </table>

                        
                        <pre>None</pre>
                        
                        

                        
                        
                        
                    </div>
                
                </div>
            </div>
            
        </div>
    </div>
    

    <div class="testsuite">
        <h2>Test Suite: apt_install_local_file_fail</h2>
        <a id="95432d4a-bd9a-4f9e-8ef3-cd754d772d1d"></a>
        
        
        <h3>Results</h3>
        <table class="proplist">
            <tr>
                <th>Duration</th><td>0.0 sec</td>
            </tr>
            <tr>
                <th>Tests</th><td>1</td>
            </tr>
            <tr>
                <th>Failures</th><td>0</td>
            </tr>
        </table>

        <div class="testclasses">
            <h3>Tests</h3>
            
            <div class="testclass">
                <h4>AptPluginInstallFromLocalFileFail</h4>
                <div class="testcases">
                
                    <div class="test outcome outcome-passed">
                        <a id="ea3ba3ac-aa62-4cb6-bb92-a63cba4cddda"></a>
                        <table class="proplist">
                            <tr><th>Test case:</th><td><b>apt_install_local_file_fail</b></td></tr>
                            <tr><th>Outcome:</th><td>Passed</td></tr>
                            <tr><th>Duration:</th><td>0.0 sec</td></tr>
                        
                            <tr><th>Failed</th><td>None</td></tr>
                        
                        
                        </table>

                        
                        <pre>None</pre>
                        
                        

                        
                        
                        
                    </div>
                
                </div>
            </div>
            
        </div>
    </div>
    

    <div class="testsuite">
        <h2>Test Suite: apt_install_local_file_with_version</h2>
        <a id="7c964351-976b-4b02-a07d-daa94ea819d9"></a>
        
        
        <h3>Results</h3>
        <table class="proplist">
            <tr>
                <th>Duration</th><td>0.0 sec</td>
            </tr>
            <tr>
                <th>Tests</th><td>1</td>
            </tr>
            <tr>
                <th>Failures</th><td>0</td>
            </tr>
        </table>

        <div class="testclasses">
            <h3>Tests</h3>
            
            <div class="testclass">
                <h4>AptPluginInstallFromLocalFileWithVersion</h4>
                <div class="testcases">
                
                    <div class="test outcome outcome-passed">
                        <a id="6cad8457-6290-45d9-8bdb-984428118fe1"></a>
                        <table class="proplist">
                            <tr><th>Test case:</th><td><b>apt_install_local_file_with_version</b></td></tr>
                            <tr><th>Outcome:</th><td>Passed</td></tr>
                            <tr><th>Duration:</th><td>0.0 sec</td></tr>
                        
                            <tr><th>Failed</th><td>None</td></tr>
                        
                        
                        </table>

                        
                        <pre>None</pre>
                        
                        

                        
                        
                        
                    </div>
                
                </div>
            </div>
            
        </div>
    </div>
    

    <div class="testsuite">
        <h2>Test Suite: apt_install_local_file_with_version_fail</h2>
        <a id="5f82700e-5af2-49d2-835a-43291763807d"></a>
        
        
        <h3>Results</h3>
        <table class="proplist">
            <tr>
                <th>Duration</th><td>0.0 sec</td>
            </tr>
            <tr>
                <th>Tests</th><td>1</td>
            </tr>
            <tr>
                <th>Failures</th><td>0</td>
            </tr>
        </table>

        <div class="testclasses">
            <h3>Tests</h3>
            
            <div class="testclass">
                <h4>AptPluginInstallFromLocalFileWithVersionFail</h4>
                <div class="testcases">
                
                    <div class="test outcome outcome-passed">
                        <a id="22c286dc-85a4-4a85-8e21-a297b23a366f"></a>
                        <table class="proplist">
                            <tr><th>Test case:</th><td><b>apt_install_local_file_with_version_fail</b></td></tr>
                            <tr><th>Outcome:</th><td>Passed</td></tr>
                            <tr><th>Duration:</th><td>0.0 sec</td></tr>
                        
                            <tr><th>Failed</th><td>None</td></tr>
                        
                        
                        </table>

                        
                        <pre>None</pre>
                        
                        

                        
                        
                        
                    </div>
                
                </div>
            </div>
            
        </div>
    </div>
    

    <div class="testsuite">
        <h2>Test Suite: apt_list_format</h2>
        <a id="0975e98e-f03e-43d7-b5b9-e0748524aab7"></a>
        
        
        <h3>Results</h3>
        <table class="proplist">
            <tr>
                <th>Duration</th><td>0.0 sec</td>
            </tr>
            <tr>
                <th>Tests</th><td>1</td>
            </tr>
            <tr>
                <th>Failures</th><td>0</td>
            </tr>
        </table>

        <div class="testclasses">
            <h3>Tests</h3>
            
            <div class="testclass">
                <h4>AptPluginListFormat</h4>
                <div class="testcases">
                
                    <div class="test outcome outcome-passed">
                        <a id="b283c530-8764-4a52-b0bd-9017f02e2bae"></a>
                        <table class="proplist">
                            <tr><th>Test case:</th><td><b>apt_list_format</b></td></tr>
                            <tr><th>Outcome:</th><td>Passed</td></tr>
                            <tr><th>Duration:</th><td>0.0 sec</td></tr>
                        
                            <tr><th>Failed</th><td>None</td></tr>
                        
                        
                        </table>

                        
                        <pre>None</pre>
                        
                        

                        
                        
                        
                    </div>
                
                </div>
            </div>
            
        </div>
    </div>
    

    <div class="testsuite">
        <h2>Test Suite: apt_prepare</h2>
        <a id="7d2f6370-e531-418a-965d-0199c74ea980"></a>
        
        
        <h3>Results</h3>
        <table class="proplist">
            <tr>
                <th>Duration</th><td>0.0 sec</td>
            </tr>
            <tr>
                <th>Tests</th><td>1</td>
            </tr>
            <tr>
                <th>Failures</th><td>0</td>
            </tr>
        </table>

        <div class="testclasses">
            <h3>Tests</h3>
            
            <div class="testclass">
                <h4>AptPluginPrepare</h4>
                <div class="testcases">
                
                    <div class="test outcome outcome-passed">
                        <a id="f161a4c6-f801-4aa6-a083-6fc5f299c85f"></a>
                        <table class="proplist">
                            <tr><th>Test case:</th><td><b>apt_prepare</b></td></tr>
                            <tr><th>Outcome:</th><td>Passed</td></tr>
                            <tr><th>Duration:</th><td>0.0 sec</td></tr>
                        
                            <tr><th>Failed</th><td>None</td></tr>
                        
                        
                        </table>

                        
                        <pre>None</pre>
                        
                        

                        
                        
                        
                    </div>
                
                </div>
            </div>
            
        </div>
    </div>
    

    <div class="testsuite">
        <h2>Test Suite: apt_prepare_install_finalize</h2>
        <a id="367533e6-bceb-4a99-a2ce-5a7109200094"></a>
        
        
        <h3>Results</h3>
        <table class="proplist">
            <tr>
                <th>Duration</th><td>0.0 sec</td>
            </tr>
            <tr>
                <th>Tests</th><td>1</td>
            </tr>
            <tr>
                <th>Failures</th><td>0</td>
            </tr>
        </table>

        <div class="testclasses">
            <h3>Tests</h3>
            
            <div class="testclass">
                <h4>AptPluginPrepareInstallFinalize</h4>
                <div class="testcases">
                
                    <div class="test outcome outcome-passed">
                        <a id="e65b3f40-75d2-4868-97a0-c314e10a0248"></a>
                        <table class="proplist">
                            <tr><th>Test case:</th><td><b>apt_prepare_install_finalize</b></td></tr>
                            <tr><th>Outcome:</th><td>Passed</td></tr>
                            <tr><th>Duration:</th><td>0.0 sec</td></tr>
                        
                            <tr><th>Failed</th><td>None</td></tr>
                        
                        
                        </table>

                        
                        <pre>None</pre>
                        
                        

                        
                        
                        
                    </div>
                
                </div>
            </div>
            
        </div>
    </div>
    

    <div class="testsuite">
        <h2>Test Suite: apt_remove</h2>
        <a id="267a1074-2cf0-40b4-8b1d-08b10ddc3eb2"></a>
        
        
        <h3>Results</h3>
        <table class="proplist">
            <tr>
                <th>Duration</th><td>0.0 sec</td>
            </tr>
            <tr>
                <th>Tests</th><td>1</td>
            </tr>
            <tr>
                <th>Failures</th><td>0</td>
            </tr>
        </table>

        <div class="testclasses">
            <h3>Tests</h3>
            
            <div class="testclass">
                <h4>AptPluginRemoveDense</h4>
                <div class="testcases">
                
                    <div class="test outcome outcome-passed">
                        <a id="841000fb-f072-4d99-a04b-f8b3ea5b2b44"></a>
                        <table class="proplist">
                            <tr><th>Test case:</th><td><b>apt_remove</b></td></tr>
                            <tr><th>Outcome:</th><td>Passed</td></tr>
                            <tr><th>Duration:</th><td>0.0 sec</td></tr>
                        
                            <tr><th>Failed</th><td>None</td></tr>
                        
                        
                        </table>

                        
                        <pre>None</pre>
                        
                        

                        
                        
                        
                    </div>
                
                </div>
            </div>
            
        </div>
    </div>
    

    <div class="testsuite">
        <h2>Test Suite: apt_remove_fail</h2>
        <a id="fd408e82-46ba-44a5-9a18-59a5e3885163"></a>
        
        
        <h3>Results</h3>
        <table class="proplist">
            <tr>
                <th>Duration</th><td>0.0 sec</td>
            </tr>
            <tr>
                <th>Tests</th><td>1</td>
            </tr>
            <tr>
                <th>Failures</th><td>0</td>
            </tr>
        </table>

        <div class="testclasses">
            <h3>Tests</h3>
            
            <div class="testclass">
                <h4>AptPluginRemoveFails</h4>
                <div class="testcases">
                
                    <div class="test outcome outcome-passed">
                        <a id="6f935aeb-78c5-494a-8923-dec539da81c5"></a>
                        <table class="proplist">
                            <tr><th>Test case:</th><td><b>apt_remove_fail</b></td></tr>
                            <tr><th>Outcome:</th><td>Passed</td></tr>
                            <tr><th>Duration:</th><td>0.0 sec</td></tr>
                        
                            <tr><th>Failed</th><td>None</td></tr>
                        
                        
                        </table>

                        
                        <pre>None</pre>
                        
                        

                        
                        
                        
                    </div>
                
                </div>
            </div>
            
        </div>
    </div>
    

    <div class="testsuite">
        <h2>Test Suite: apt_sequence_install_with_version</h2>
        <a id="d099330b-0389-4c60-8974-b5b9bb1746bb"></a>
        
        
        <h3>Results</h3>
        <table class="proplist">
            <tr>
                <th>Duration</th><td>0.0 sec</td>
            </tr>
            <tr>
                <th>Tests</th><td>1</td>
            </tr>
            <tr>
                <th>Failures</th><td>0</td>
            </tr>
        </table>

        <div class="testclasses">
            <h3>Tests</h3>
            
            <div class="testclass">
                <h4>AptPluginPrepInstallWithVersionFinalize</h4>
                <div class="testcases">
                
                    <div class="test outcome outcome-passed">
                        <a id="ee783583-0fe7-4d2f-9bab-4cedfeab68b7"></a>
                        <table class="proplist">
                            <tr><th>Test case:</th><td><b>apt_sequence_install_with_version</b></td></tr>
                            <tr><th>Outcome:</th><td>Passed</td></tr>
                            <tr><th>Duration:</th><td>0.0 sec</td></tr>
                        
                            <tr><th>Failed</th><td>None</td></tr>
                        
                        
                        </table>

                        
                        <pre>None</pre>
                        
                        

                        
                        
                        
                    </div>
                
                </div>
            </div>
            
        </div>
    </div>
    

    <div class="testsuite">
        <h2>Test Suite: apt_sequence_install_with_version_fail</h2>
        <a id="5891aba9-9e37-472d-858c-c17b063e2116"></a>
        
        
        <h3>Results</h3>
        <table class="proplist">
            <tr>
                <th>Duration</th><td>0.0 sec</td>
            </tr>
            <tr>
                <th>Tests</th><td>1</td>
            </tr>
            <tr>
                <th>Failures</th><td>0</td>
            </tr>
        </table>

        <div class="testclasses">
            <h3>Tests</h3>
            
            <div class="testclass">
                <h4>AptPluginInstallWithVersionFails</h4>
                <div class="testcases">
                
                    <div class="test outcome outcome-passed">
                        <a id="6630136d-9812-44b4-8e44-2d1202918940"></a>
                        <table class="proplist">
                            <tr><th>Test case:</th><td><b>apt_sequence_install_with_version_fail</b></td></tr>
                            <tr><th>Outcome:</th><td>Passed</td></tr>
                            <tr><th>Duration:</th><td>0.0 sec</td></tr>
                        
                            <tr><th>Failed</th><td>None</td></tr>
                        
                        
                        </table>

                        
                        <pre>None</pre>
                        
                        

                        
                        
                        
                    </div>
                
                </div>
            </div>
            
        </div>
    </div>
    

    <div class="testsuite">
        <h2>Test Suite: apt_sequence_remove</h2>
        <a id="1b9a7959-6ea4-401f-a3e2-ef5199de6cd6"></a>
        
        
        <h3>Results</h3>
        <table class="proplist">
            <tr>
                <th>Duration</th><td>0.0 sec</td>
            </tr>
            <tr>
                <th>Tests</th><td>1</td>
            </tr>
            <tr>
                <th>Failures</th><td>0</td>
            </tr>
        </table>

        <div class="testclasses">
            <h3>Tests</h3>
            
            <div class="testclass">
                <h4>AptPluginInstallPrepareRemoveFinalize</h4>
                <div class="testcases">
                
                    <div class="test outcome outcome-passed">
                        <a id="ca27ab33-5c42-42a1-b5c4-efbc5c09d95f"></a>
                        <table class="proplist">
                            <tr><th>Test case:</th><td><b>apt_sequence_remove</b></td></tr>
                            <tr><th>Outcome:</th><td>Passed</td></tr>
                            <tr><th>Duration:</th><td>0.0 sec</td></tr>
                        
                            <tr><th>Failed</th><td>None</td></tr>
                        
                        
                        </table>

                        
                        <pre>None</pre>
                        
                        

                        
                        
                        
                    </div>
                
                </div>
            </div>
            
        </div>
    </div>
    

    <div class="testsuite">
        <h2>Test Suite: apt_sequence_remove_with_version</h2>
        <a id="c04ff738-a972-4641-9b7f-0e615adf4cde"></a>
        
        
        <h3>Results</h3>
        <table class="proplist">
            <tr>
                <th>Duration</th><td>0.0 sec</td>
            </tr>
            <tr>
                <th>Tests</th><td>1</td>
            </tr>
            <tr>
                <th>Failures</th><td>0</td>
            </tr>
        </table>

        <div class="testclasses">
            <h3>Tests</h3>
            
            <div class="testclass">
                <h4>AptPluginRemoveWithVersion</h4>
                <div class="testcases">
                
                    <div class="test outcome outcome-passed">
                        <a id="5c6acddf-cead-4f20-815b-eac05eb02401"></a>
                        <table class="proplist">
                            <tr><th>Test case:</th><td><b>apt_sequence_remove_with_version</b></td></tr>
                            <tr><th>Outcome:</th><td>Passed</td></tr>
                            <tr><th>Duration:</th><td>0.0 sec</td></tr>
                        
                            <tr><th>Failed</th><td>None</td></tr>
                        
                        
                        </table>

                        
                        <pre>None</pre>
                        
                        

                        
                        
                        
                    </div>
                
                </div>
            </div>
            
        </div>
    </div>
    

    <div class="testsuite">
        <h2>Test Suite: apt_sequence_remove_with_version_fail</h2>
        <a id="e447be19-74c6-427a-90fa-f8e68d76f8a1"></a>
        
        
        <h3>Results</h3>
        <table class="proplist">
            <tr>
                <th>Duration</th><td>0.0 sec</td>
            </tr>
            <tr>
                <th>Tests</th><td>1</td>
            </tr>
            <tr>
                <th>Failures</th><td>0</td>
            </tr>
        </table>

        <div class="testclasses">
            <h3>Tests</h3>
            
            <div class="testclass">
                <h4>AptPluginRemoveWithVersionFails</h4>
                <div class="testcases">
                
                    <div class="test outcome outcome-passed">
                        <a id="bde822d9-9d57-48ed-a16d-528f84fa27fd"></a>
                        <table class="proplist">
                            <tr><th>Test case:</th><td><b>apt_sequence_remove_with_version_fail</b></td></tr>
                            <tr><th>Outcome:</th><td>Passed</td></tr>
                            <tr><th>Duration:</th><td>0.0 sec</td></tr>
                        
                            <tr><th>Failed</th><td>None</td></tr>
                        
                        
                        </table>

                        
                        <pre>None</pre>
                        
                        

                        
                        
                        
                    </div>
                
                </div>
            </div>
            
        </div>
    </div>
    

    <div class="testsuite">
        <h2>Test Suite: apt_update_list</h2>
        <a id="f0a9d09f-b1fe-4aa3-90b3-b2b4a77444e7"></a>
        
        
        <h3>Results</h3>
        <table class="proplist">
            <tr>
                <th>Duration</th><td>0.0 sec</td>
            </tr>
            <tr>
                <th>Tests</th><td>1</td>
            </tr>
            <tr>
                <th>Failures</th><td>0</td>
            </tr>
        </table>

        <div class="testclasses">
            <h3>Tests</h3>
            
            <div class="testclass">
                <h4>AptPluginUpdateList</h4>
                <div class="testcases">
                
                    <div class="test outcome outcome-passed">
                        <a id="88399013-4280-4ea4-9059-f198fc8cbc83"></a>
                        <table class="proplist">
                            <tr><th>Test case:</th><td><b>apt_update_list</b></td></tr>
                            <tr><th>Outcome:</th><td>Passed</td></tr>
                            <tr><th>Duration:</th><td>0.0 sec</td></tr>
                        
                            <tr><th>Failed</th><td>None</td></tr>
                        
                        
                        </table>

                        
                        <pre>None</pre>
                        
                        

                        
                        
                        
                    </div>
                
                </div>
            </div>
            
        </div>
    </div>
    

    <div class="testsuite">
        <h2>Test Suite: apt_wrong_option</h2>
        <a id="966dbebd-db5c-47bf-83b3-88e3610dc4ed"></a>
        
        
        <h3>Results</h3>
        <table class="proplist">
            <tr>
                <th>Duration</th><td>0.0 sec</td>
            </tr>
            <tr>
                <th>Tests</th><td>1</td>
            </tr>
            <tr>
                <th>Failures</th><td>0</td>
            </tr>
        </table>

        <div class="testclasses">
            <h3>Tests</h3>
            
            <div class="testclass">
                <h4>AptPluginWrongOption</h4>
                <div class="testcases">
                
                    <div class="test outcome outcome-passed">
                        <a id="3b10bb11-4020-4f43-9ef2-4d9e80e8195d"></a>
                        <table class="proplist">
                            <tr><th>Test case:</th><td><b>apt_wrong_option</b></td></tr>
                            <tr><th>Outcome:</th><td>Passed</td></tr>
                            <tr><th>Duration:</th><td>0.0 sec</td></tr>
                        
                            <tr><th>Failed</th><td>None</td></tr>
                        
                        
                        </table>

                        
                        <pre>None</pre>
                        
                        

                        
                        
                        
                    </div>
                
                </div>
            </div>
            
        </div>
    </div>
    

    <div class="testsuite">
        <h2>Test Suite: c8y_jwt_token_retrieval</h2>
        <a id="06c83ce6-0189-4ca0-8d39-c3ee74340296"></a>
        
        
        <h3>Results</h3>
        <table class="proplist">
            <tr>
                <th>Duration</th><td>0.0 sec</td>
            </tr>
            <tr>
                <th>Tests</th><td>1</td>
            </tr>
            <tr>
                <th>Failures</th><td>0</td>
            </tr>
        </table>

        <div class="testclasses">
            <h3>Tests</h3>
            
            <div class="testclass">
                <h4>ValidateJWTTokenRetrieval</h4>
                <div class="testcases">
                
                    <div class="test outcome outcome-passed">
                        <a id="67201b4b-67ff-4f38-afc8-c8fa52664410"></a>
                        <table class="proplist">
                            <tr><th>Test case:</th><td><b>c8y_jwt_token_retrieval</b></td></tr>
                            <tr><th>Outcome:</th><td>Passed</td></tr>
                            <tr><th>Duration:</th><td>0.0 sec</td></tr>
                        
                            <tr><th>Failed</th><td>None</td></tr>
                        
                        
                        </table>

                        
                        <pre>None</pre>
                        
                        

                        
                        
                        
                    </div>
                
                </div>
            </div>
            
        </div>
    </div>
    

    <div class="testsuite">
        <h2>Test Suite: c8y_restart_bridge</h2>
        <a id="053b3b94-c7a4-4f5b-bb56-579aca53b6f4"></a>
        
        
        <h3>Results</h3>
        <table class="proplist">
            <tr>
                <th>Duration</th><td>0.0 sec</td>
            </tr>
            <tr>
                <th>Tests</th><td>1</td>
            </tr>
            <tr>
                <th>Failures</th><td>0</td>
            </tr>
        </table>

        <div class="testclasses">
            <h3>Tests</h3>
            
            <div class="testclass">
                <h4>RestartBridge</h4>
                <div class="testcases">
                
                    <div class="test outcome outcome-passed">
                        <a id="4bf95a65-9b17-47fb-8844-5d83158c8d0c"></a>
                        <table class="proplist">
                            <tr><th>Test case:</th><td><b>c8y_restart_bridge</b></td></tr>
                            <tr><th>Outcome:</th><td>Passed</td></tr>
                            <tr><th>Duration:</th><td>0.0 sec</td></tr>
                        
                            <tr><th>Failed</th><td>None</td></tr>
                        
                        
                        </table>

                        
                        <pre>None</pre>
                        
                        

                        
                        
                        
                    </div>
                
                </div>
            </div>
            
        </div>
    </div>
    

    <div class="testsuite">
        <h2>Test Suite: call_tedge_-V</h2>
        <a id="4dd96629-dc26-4d0b-8766-790f1371c2cd"></a>
        
        
        <h3>Results</h3>
        <table class="proplist">
            <tr>
                <th>Duration</th><td>0.0 sec</td>
            </tr>
            <tr>
                <th>Tests</th><td>1</td>
            </tr>
            <tr>
                <th>Failures</th><td>0</td>
            </tr>
        </table>

        <div class="testclasses">
            <h3>Tests</h3>
            
            <div class="testclass">
                <h4>PySysTest</h4>
                <div class="testcases">
                
                    <div class="test outcome outcome-passed">
                        <a id="1c096030-c8d7-4344-b8b0-bfc469548f04"></a>
                        <table class="proplist">
                            <tr><th>Test case:</th><td><b>call_tedge_-V</b></td></tr>
                            <tr><th>Outcome:</th><td>Passed</td></tr>
                            <tr><th>Duration:</th><td>0.0 sec</td></tr>
                        
                            <tr><th>Failed</th><td>None</td></tr>
                        
                        
                        </table>

                        
                        <pre>None</pre>
                        
                        

                        
                        
                        
                    </div>
                
                </div>
            </div>
            
        </div>
    </div>
    

    <div class="testsuite">
        <h2>Test Suite: call_tedge_-h</h2>
        <a id="4e1db1a1-c5c5-4d9e-8bee-532e84506a09"></a>
        
        
        <h3>Results</h3>
        <table class="proplist">
            <tr>
                <th>Duration</th><td>0.0 sec</td>
            </tr>
            <tr>
                <th>Tests</th><td>1</td>
            </tr>
            <tr>
                <th>Failures</th><td>0</td>
            </tr>
        </table>

        <div class="testclasses">
            <h3>Tests</h3>
            
            <div class="testclass">
                <h4>PySysTest</h4>
                <div class="testcases">
                
                    <div class="test outcome outcome-passed">
                        <a id="10bf2499-7c2a-4ce8-bfb2-6c06f8184884"></a>
                        <table class="proplist">
                            <tr><th>Test case:</th><td><b>call_tedge_-h</b></td></tr>
                            <tr><th>Outcome:</th><td>Passed</td></tr>
                            <tr><th>Duration:</th><td>0.0 sec</td></tr>
                        
                            <tr><th>Failed</th><td>None</td></tr>
                        
                        
                        </table>

                        
                        <pre>None</pre>
                        
                        

                        
                        
                        
                    </div>
                
                </div>
            </div>
            
        </div>
    </div>
    

    <div class="testsuite">
        <h2>Test Suite: call_tedge_-h_-V</h2>
        <a id="cfc5b0bf-6467-4d89-9c32-0fa9ef999cfa"></a>
        
        
        <h3>Results</h3>
        <table class="proplist">
            <tr>
                <th>Duration</th><td>0.0 sec</td>
            </tr>
            <tr>
                <th>Tests</th><td>1</td>
            </tr>
            <tr>
                <th>Failures</th><td>1</td>
            </tr>
        </table>

        <div class="testclasses">
            <h3>Tests</h3>
            
            <div class="testclass">
                <h4>PySysTest</h4>
                <div class="testcases">
                
                    <div class="test outcome outcome-failed">
                        <a id="8b51fb9c-6ec6-4ea4-889a-379c87769b13"></a>
                        <table class="proplist">
                            <tr><th>Test case:</th><td><b>call_tedge_-h_-V</b></td></tr>
                            <tr><th>Outcome:</th><td>Failed</td></tr>
                            <tr><th>Duration:</th><td>0.0 sec</td></tr>
                        
                            <tr><th>Failed</th><td>FAILED: Grep on tedge.out contains &#34;tedge 0.5&#34;</td></tr>
                        
                        
                        </table>

                        
                        <pre>failed</pre>
                        
                        

                        
                        
                        <div class="stdout"><i>Stdout</i><br>
                            <pre>14:09:33 INFO  ==============================================================
14:09:33 INFO  Id:    call_tedge_-h_-V
14:09:33 INFO  Dir:   tedge/
14:09:33 INFO  Title: Validate command line option -h -V
14:09:33 DEBUG Execution order hint: 0.0
14:09:33 INFO  ==============================================================
14:09:33 DEBUG --- test execute
14:09:33 DEBUG Process parameters for tedge
  command line : /usr/bin/tedge -h -V
    arg #1     : -h
    arg #2     : -V
  working dir  : /home/pi/actions-runner/_work/thin-edge.io/thin-edge.io/tests/PySys/tedge/call_tedge_-h_-V/Output/linux
  stdout       : /home/pi/actions-runner/_work/thin-edge.io/thin-edge.io/tests/PySys/tedge/call_tedge_-h_-V/Output/linux/tedge.out
  stderr       : /home/pi/actions-runner/_work/thin-edge.io/thin-edge.io/tests/PySys/tedge/call_tedge_-h_-V/Output/linux/tedge.err
  environment  : LD_LIBRARY_PATH=/usr/lib
  environment  : PATH=/bin:/usr/bin:/usr/sbin:/usr/local/bin
                   #1  /bin
                   #2  /usr/bin
                   #3  /usr/sbin
                   #4  /usr/local/bin
14:09:33 DEBUG Waiting up to 600 secs for process tedge (pid 32385)
14:09:33 INFO  Executed tedge, exit status 0
14:09:33 DEBUG --- test validate
14:09:33 DEBUG Performing regex contains=True grep on file: /home/pi/actions-runner/_work/thin-edge.io/thin-edge.io/tests/PySys/tedge/call_tedge_-h_-V/Output/linux/tedge.out
14:09:33 WARN  Grep on tedge.out contains &#34;tedge 0.5&#34; ... failed [run.py:32]
14:09:33 DEBUG Performing regex contains=True grep on file: /home/pi/actions-runner/_work/thin-edge.io/thin-edge.io/tests/PySys/tedge/call_tedge_-h_-V/Output/linux/tedge.out
14:09:33 DEBUG Grep on input file tedge.out successfully matched expression &#34;USAGE:&#34; with line: &#39;USAGE:\n&#39;
14:09:33 INFO  Grep on input file tedge.out ... passed
14:09:33 DEBUG --- test cleanup
14:09:33 DEBUG ProcessUser cleanup function done.
14:09:33 INFO  
14:09:33 INFO  Test duration: 0.39 secs
14:09:33 INFO  Test final outcome:  FAILED
14:09:33 INFO  Test outcome reason: Grep on tedge.out contains &#34;tedge 0.5&#34;
14:09:33 INFO  
</pre>
                        </div>
                        
                        
                    </div>
                
                </div>
            </div>
            
        </div>
    </div>
    

    <div class="testsuite">
        <h2>Test Suite: call_tedge_config_help</h2>
        <a id="f25ad25b-84df-4f5b-88a6-e6fddd4b4ace"></a>
        
        
        <h3>Results</h3>
        <table class="proplist">
            <tr>
                <th>Duration</th><td>0.0 sec</td>
            </tr>
            <tr>
                <th>Tests</th><td>1</td>
            </tr>
            <tr>
                <th>Failures</th><td>0</td>
            </tr>
        </table>

        <div class="testclasses">
            <h3>Tests</h3>
            
            <div class="testclass">
                <h4>PySysTest</h4>
                <div class="testcases">
                
                    <div class="test outcome outcome-passed">
                        <a id="735cca53-fafe-4c5c-82e4-355cec2b80d5"></a>
                        <table class="proplist">
                            <tr><th>Test case:</th><td><b>call_tedge_config_help</b></td></tr>
                            <tr><th>Outcome:</th><td>Passed</td></tr>
                            <tr><th>Duration:</th><td>0.0 sec</td></tr>
                        
                            <tr><th>Failed</th><td>None</td></tr>
                        
                        
                        </table>

                        
                        <pre>None</pre>
                        
                        

                        
                        
                        
                    </div>
                
                </div>
            </div>
            
        </div>
    </div>
    

    <div class="testsuite">
        <h2>Test Suite: call_tedge_config_list</h2>
        <a id="1fa37cce-91be-4917-81c1-d3b49df81f8b"></a>
        
        
        <h3>Results</h3>
        <table class="proplist">
            <tr>
                <th>Duration</th><td>0.0 sec</td>
            </tr>
            <tr>
                <th>Tests</th><td>1</td>
            </tr>
            <tr>
                <th>Failures</th><td>0</td>
            </tr>
        </table>

        <div class="testclasses">
            <h3>Tests</h3>
            
            <div class="testclass">
                <h4>PySysTest</h4>
                <div class="testcases">
                
                    <div class="test outcome outcome-passed">
                        <a id="4c44987b-9966-4c27-8c4c-c74a1803ef19"></a>
                        <table class="proplist">
                            <tr><th>Test case:</th><td><b>call_tedge_config_list</b></td></tr>
                            <tr><th>Outcome:</th><td>Passed</td></tr>
                            <tr><th>Duration:</th><td>0.0 sec</td></tr>
                        
                            <tr><th>Failed</th><td>None</td></tr>
                        
                        
                        </table>

                        
                        <pre>None</pre>
                        
                        

                        
                        
                        
                    </div>
                
                </div>
            </div>
            
        </div>
    </div>
    

    <div class="testsuite">
        <h2>Test Suite: custom_init_system</h2>
        <a id="b40a018f-dbad-425d-b1ec-46b511465446"></a>
        
        
        <h3>Results</h3>
        <table class="proplist">
            <tr>
                <th>Duration</th><td>0.0 sec</td>
            </tr>
            <tr>
                <th>Tests</th><td>1</td>
            </tr>
            <tr>
                <th>Failures</th><td>0</td>
            </tr>
        </table>

        <div class="testclasses">
            <h3>Tests</h3>
            
            <div class="testclass">
                <h4>CustomInitSystem</h4>
                <div class="testcases">
                
                    <div class="test outcome outcome-passed">
                        <a id="5c07dd2d-2f5b-48a6-ae38-7ddc5dc8648f"></a>
                        <table class="proplist">
                            <tr><th>Test case:</th><td><b>custom_init_system</b></td></tr>
                            <tr><th>Outcome:</th><td>Passed</td></tr>
                            <tr><th>Duration:</th><td>0.0 sec</td></tr>
                        
                            <tr><th>Failed</th><td>None</td></tr>
                        
                        
                        </table>

                        
                        <pre>None</pre>
                        
                        

                        
                        
                        
                    </div>
                
                </div>
            </div>
            
        </div>
    </div>
    

    <div class="testsuite">
        <h2>Test Suite: docker_plugin_finalize</h2>
        <a id="a127b10d-be19-4c2a-8f1b-9ca972ca3456"></a>
        
        
        <h3>Results</h3>
        <table class="proplist">
            <tr>
                <th>Duration</th><td>0.0 sec</td>
            </tr>
            <tr>
                <th>Tests</th><td>1</td>
            </tr>
            <tr>
                <th>Failures</th><td>0</td>
            </tr>
        </table>

        <div class="testclasses">
            <h3>Tests</h3>
            
            <div class="testclass">
                <h4>DockerPluginFinalizeTest</h4>
                <div class="testcases">
                
                    <div class="test outcome outcome-passed">
                        <a id="a634e21e-9755-4022-b0bd-9064b8612f36"></a>
                        <table class="proplist">
                            <tr><th>Test case:</th><td><b>docker_plugin_finalize</b></td></tr>
                            <tr><th>Outcome:</th><td>Passed</td></tr>
                            <tr><th>Duration:</th><td>0.0 sec</td></tr>
                        
                            <tr><th>Failed</th><td>None</td></tr>
                        
                        
                        </table>

                        
                        <pre>None</pre>
                        
                        

                        
                        
                        
                    </div>
                
                </div>
            </div>
            
        </div>
    </div>
    

    <div class="testsuite">
        <h2>Test Suite: docker_plugin_install</h2>
        <a id="a1ae37e7-9bcf-4968-875f-6938afd2fa7a"></a>
        
        
        <h3>Results</h3>
        <table class="proplist">
            <tr>
                <th>Duration</th><td>0.0 sec</td>
            </tr>
            <tr>
                <th>Tests</th><td>1</td>
            </tr>
            <tr>
                <th>Failures</th><td>0</td>
            </tr>
        </table>

        <div class="testclasses">
            <h3>Tests</h3>
            
            <div class="testclass">
                <h4>DockerPluginInstallTest</h4>
                <div class="testcases">
                
                    <div class="test outcome outcome-passed">
                        <a id="1ec75256-4ee3-46e6-b88f-0d3b8f5d85f7"></a>
                        <table class="proplist">
                            <tr><th>Test case:</th><td><b>docker_plugin_install</b></td></tr>
                            <tr><th>Outcome:</th><td>Passed</td></tr>
                            <tr><th>Duration:</th><td>0.0 sec</td></tr>
                        
                            <tr><th>Failed</th><td>None</td></tr>
                        
                        
                        </table>

                        
                        <pre>None</pre>
                        
                        

                        
                        
                        
                    </div>
                
                </div>
            </div>
            
        </div>
    </div>
    

    <div class="testsuite">
        <h2>Test Suite: docker_plugin_install_with_version</h2>
        <a id="8b761448-45b7-455a-b3db-9092a429c086"></a>
        
        
        <h3>Results</h3>
        <table class="proplist">
            <tr>
                <th>Duration</th><td>0.0 sec</td>
            </tr>
            <tr>
                <th>Tests</th><td>1</td>
            </tr>
            <tr>
                <th>Failures</th><td>0</td>
            </tr>
        </table>

        <div class="testclasses">
            <h3>Tests</h3>
            
            <div class="testclass">
                <h4>DockerPluginInstallWithVersionTest</h4>
                <div class="testcases">
                
                    <div class="test outcome outcome-passed">
                        <a id="2e8da764-c9b2-4ea7-aeb4-20f6b35d0746"></a>
                        <table class="proplist">
                            <tr><th>Test case:</th><td><b>docker_plugin_install_with_version</b></td></tr>
                            <tr><th>Outcome:</th><td>Passed</td></tr>
                            <tr><th>Duration:</th><td>0.0 sec</td></tr>
                        
                            <tr><th>Failed</th><td>None</td></tr>
                        
                        
                        </table>

                        
                        <pre>None</pre>
                        
                        

                        
                        
                        
                    </div>
                
                </div>
            </div>
            
        </div>
    </div>
    

    <div class="testsuite">
        <h2>Test Suite: docker_plugin_remove</h2>
        <a id="2bab6b51-f487-4195-92a9-26fe507a5e87"></a>
        
        
        <h3>Results</h3>
        <table class="proplist">
            <tr>
                <th>Duration</th><td>0.0 sec</td>
            </tr>
            <tr>
                <th>Tests</th><td>1</td>
            </tr>
            <tr>
                <th>Failures</th><td>0</td>
            </tr>
        </table>

        <div class="testclasses">
            <h3>Tests</h3>
            
            <div class="testclass">
                <h4>DockerPluginRemoveTest</h4>
                <div class="testcases">
                
                    <div class="test outcome outcome-passed">
                        <a id="3d5e72bf-68f4-4591-887c-cccf6668d528"></a>
                        <table class="proplist">
                            <tr><th>Test case:</th><td><b>docker_plugin_remove</b></td></tr>
                            <tr><th>Outcome:</th><td>Passed</td></tr>
                            <tr><th>Duration:</th><td>0.0 sec</td></tr>
                        
                            <tr><th>Failed</th><td>None</td></tr>
                        
                        
                        </table>

                        
                        <pre>None</pre>
                        
                        

                        
                        
                        
                    </div>
                
                </div>
            </div>
            
        </div>
    </div>
    

    <div class="testsuite">
        <h2>Test Suite: docker_plugin_remove_with_version</h2>
        <a id="fdfb5dee-e8d7-4cc1-9724-0c4d51467bd6"></a>
        
        
        <h3>Results</h3>
        <table class="proplist">
            <tr>
                <th>Duration</th><td>0.0 sec</td>
            </tr>
            <tr>
                <th>Tests</th><td>1</td>
            </tr>
            <tr>
                <th>Failures</th><td>0</td>
            </tr>
        </table>

        <div class="testclasses">
            <h3>Tests</h3>
            
            <div class="testclass">
                <h4>DockerPluginRemoveWithVersionTest</h4>
                <div class="testcases">
                
                    <div class="test outcome outcome-passed">
                        <a id="015562a8-5586-481e-bd85-75b271813414"></a>
                        <table class="proplist">
                            <tr><th>Test case:</th><td><b>docker_plugin_remove_with_version</b></td></tr>
                            <tr><th>Outcome:</th><td>Passed</td></tr>
                            <tr><th>Duration:</th><td>0.0 sec</td></tr>
                        
                            <tr><th>Failed</th><td>None</td></tr>
                        
                        
                        </table>

                        
                        <pre>None</pre>
                        
                        

                        
                        
                        
                    </div>
                
                </div>
            </div>
            
        </div>
    </div>
    

    <div class="testsuite">
        <h2>Test Suite: docker_plugin_update</h2>
        <a id="ee087332-159a-4976-9148-a15502d9b9bd"></a>
        
        
        <h3>Results</h3>
        <table class="proplist">
            <tr>
                <th>Duration</th><td>0.0 sec</td>
            </tr>
            <tr>
                <th>Tests</th><td>1</td>
            </tr>
            <tr>
                <th>Failures</th><td>0</td>
            </tr>
        </table>

        <div class="testclasses">
            <h3>Tests</h3>
            
            <div class="testclass">
                <h4>DockerPluginUpdateTest</h4>
                <div class="testcases">
                
                    <div class="test outcome outcome-passed">
                        <a id="7063b069-3a1a-4a48-a9b0-98c8bcf19acd"></a>
                        <table class="proplist">
                            <tr><th>Test case:</th><td><b>docker_plugin_update</b></td></tr>
                            <tr><th>Outcome:</th><td>Passed</td></tr>
                            <tr><th>Duration:</th><td>0.0 sec</td></tr>
                        
                            <tr><th>Failed</th><td>None</td></tr>
                        
                        
                        </table>

                        
                        <pre>None</pre>
                        
                        

                        
                        
                        
                    </div>
                
                </div>
            </div>
            
        </div>
    </div>
    

    <div class="testsuite">
        <h2>Test Suite: invalid_device_id</h2>
        <a id="9042bf60-c6f7-4e00-b302-88598ea15a02"></a>
        
        
        <h3>Results</h3>
        <table class="proplist">
            <tr>
                <th>Duration</th><td>0.0 sec</td>
            </tr>
            <tr>
                <th>Tests</th><td>1</td>
            </tr>
            <tr>
                <th>Failures</th><td>0</td>
            </tr>
        </table>

        <div class="testclasses">
            <h3>Tests</h3>
            
            <div class="testclass">
                <h4>InvalidDeviceId</h4>
                <div class="testcases">
                
                    <div class="test outcome outcome-passed">
                        <a id="331b9f59-7777-4aa4-9890-c40642de9bd6"></a>
                        <table class="proplist">
                            <tr><th>Test case:</th><td><b>invalid_device_id</b></td></tr>
                            <tr><th>Outcome:</th><td>Passed</td></tr>
                            <tr><th>Duration:</th><td>0.0 sec</td></tr>
                        
                            <tr><th>Failed</th><td>None</td></tr>
                        
                        
                        </table>

                        
                        <pre>None</pre>
                        
                        

                        
                        
                        
                    </div>
                
                </div>
            </div>
            
        </div>
    </div>
    

    <div class="testsuite">
        <h2>Test Suite: local_mqtt_pub_fail_noqos</h2>
        <a id="54980b2a-dea3-4cd8-a26e-0b37bbc0fa70"></a>
        
        
        <h3>Results</h3>
        <table class="proplist">
            <tr>
                <th>Duration</th><td>0.0 sec</td>
            </tr>
            <tr>
                <th>Tests</th><td>1</td>
            </tr>
            <tr>
                <th>Failures</th><td>0</td>
            </tr>
        </table>

        <div class="testclasses">
            <h3>Tests</h3>
            
            <div class="testclass">
                <h4>PySysTest</h4>
                <div class="testcases">
                
                    <div class="test outcome outcome-passed">
                        <a id="3f32b268-912c-42ef-bb89-17da89aa224b"></a>
                        <table class="proplist">
                            <tr><th>Test case:</th><td><b>local_mqtt_pub_fail_noqos</b></td></tr>
                            <tr><th>Outcome:</th><td>Passed</td></tr>
                            <tr><th>Duration:</th><td>0.0 sec</td></tr>
                        
                            <tr><th>Failed</th><td>None</td></tr>
                        
                        
                        </table>

                        
                        <pre>None</pre>
                        
                        

                        
                        
                        
                    </div>
                
                </div>
            </div>
            
        </div>
    </div>
    

    <div class="testsuite">
        <h2>Test Suite: local_mqtt_pub_fail_qos0</h2>
        <a id="e6a143e7-a86b-4657-9dc4-cb0d4499a7c1"></a>
        
        
        <h3>Results</h3>
        <table class="proplist">
            <tr>
                <th>Duration</th><td>0.0 sec</td>
            </tr>
            <tr>
                <th>Tests</th><td>1</td>
            </tr>
            <tr>
                <th>Failures</th><td>0</td>
            </tr>
        </table>

        <div class="testclasses">
            <h3>Tests</h3>
            
            <div class="testclass">
                <h4>PySysTest</h4>
                <div class="testcases">
                
                    <div class="test outcome outcome-passed">
                        <a id="274b9524-b589-4add-9e52-732ee61f0297"></a>
                        <table class="proplist">
                            <tr><th>Test case:</th><td><b>local_mqtt_pub_fail_qos0</b></td></tr>
                            <tr><th>Outcome:</th><td>Passed</td></tr>
                            <tr><th>Duration:</th><td>0.0 sec</td></tr>
                        
                            <tr><th>Failed</th><td>None</td></tr>
                        
                        
                        </table>

                        
                        <pre>None</pre>
                        
                        

                        
                        
                        
                    </div>
                
                </div>
            </div>
            
        </div>
    </div>
    

    <div class="testsuite">
        <h2>Test Suite: local_mqtt_pub_fail_qos1</h2>
        <a id="713d93ef-9672-46e3-9c38-18a7c6b4ca1d"></a>
        
        
        <h3>Results</h3>
        <table class="proplist">
            <tr>
                <th>Duration</th><td>0.0 sec</td>
            </tr>
            <tr>
                <th>Tests</th><td>1</td>
            </tr>
            <tr>
                <th>Failures</th><td>0</td>
            </tr>
        </table>

        <div class="testclasses">
            <h3>Tests</h3>
            
            <div class="testclass">
                <h4>PySysTest</h4>
                <div class="testcases">
                
                    <div class="test outcome outcome-passed">
                        <a id="166302b6-3db6-4097-a7ff-bc84b7bef7de"></a>
                        <table class="proplist">
                            <tr><th>Test case:</th><td><b>local_mqtt_pub_fail_qos1</b></td></tr>
                            <tr><th>Outcome:</th><td>Passed</td></tr>
                            <tr><th>Duration:</th><td>0.0 sec</td></tr>
                        
                            <tr><th>Failed</th><td>None</td></tr>
                        
                        
                        </table>

                        
                        <pre>None</pre>
                        
                        

                        
                        
                        
                    </div>
                
                </div>
            </div>
            
        </div>
    </div>
    

    <div class="testsuite">
        <h2>Test Suite: local_mqtt_pub_fail_qos2</h2>
        <a id="c3abede3-a77e-4473-b681-078f0e8a5baf"></a>
        
        
        <h3>Results</h3>
        <table class="proplist">
            <tr>
                <th>Duration</th><td>0.0 sec</td>
            </tr>
            <tr>
                <th>Tests</th><td>1</td>
            </tr>
            <tr>
                <th>Failures</th><td>0</td>
            </tr>
        </table>

        <div class="testclasses">
            <h3>Tests</h3>
            
            <div class="testclass">
                <h4>PySysTest</h4>
                <div class="testcases">
                
                    <div class="test outcome outcome-passed">
                        <a id="92d31b03-1666-49ff-a2ca-228def76faf8"></a>
                        <table class="proplist">
                            <tr><th>Test case:</th><td><b>local_mqtt_pub_fail_qos2</b></td></tr>
                            <tr><th>Outcome:</th><td>Passed</td></tr>
                            <tr><th>Duration:</th><td>0.0 sec</td></tr>
                        
                            <tr><th>Failed</th><td>None</td></tr>
                        
                        
                        </table>

                        
                        <pre>None</pre>
                        
                        

                        
                        
                        
                    </div>
                
                </div>
            </div>
            
        </div>
    </div>
    

    <div class="testsuite">
        <h2>Test Suite: local_mqtt_pub_sub</h2>
        <a id="53c09d34-3eab-4064-a2c8-d65de3940c4c"></a>
        
        
        <h3>Results</h3>
        <table class="proplist">
            <tr>
                <th>Duration</th><td>0.0 sec</td>
            </tr>
            <tr>
                <th>Tests</th><td>1</td>
            </tr>
            <tr>
                <th>Failures</th><td>0</td>
            </tr>
        </table>

        <div class="testclasses">
            <h3>Tests</h3>
            
            <div class="testclass">
                <h4>PySysTest</h4>
                <div class="testcases">
                
                    <div class="test outcome outcome-passed">
                        <a id="fd329c47-0cf3-4a01-aa4e-ff145d1039f3"></a>
                        <table class="proplist">
                            <tr><th>Test case:</th><td><b>local_mqtt_pub_sub</b></td></tr>
                            <tr><th>Outcome:</th><td>Passed</td></tr>
                            <tr><th>Duration:</th><td>0.0 sec</td></tr>
                        
                            <tr><th>Failed</th><td>None</td></tr>
                        
                        
                        </table>

                        
                        <pre>None</pre>
                        
                        

                        
                        
                        
                    </div>
                
                </div>
            </div>
            
        </div>
    </div>
    

    <div class="testsuite">
        <h2>Test Suite: local_mqtt_pub_sub_retain</h2>
        <a id="f25e6005-48f8-4633-928c-7a0ccfc29cff"></a>
        
        
        <h3>Results</h3>
        <table class="proplist">
            <tr>
                <th>Duration</th><td>0.0 sec</td>
            </tr>
            <tr>
                <th>Tests</th><td>1</td>
            </tr>
            <tr>
                <th>Failures</th><td>0</td>
            </tr>
        </table>

        <div class="testclasses">
            <h3>Tests</h3>
            
            <div class="testclass">
                <h4>MqttPublishWithRetain</h4>
                <div class="testcases">
                
                    <div class="test outcome outcome-passed">
                        <a id="40daa7d0-9d36-4eef-a4ac-cb5feb1eccfe"></a>
                        <table class="proplist">
                            <tr><th>Test case:</th><td><b>local_mqtt_pub_sub_retain</b></td></tr>
                            <tr><th>Outcome:</th><td>Passed</td></tr>
                            <tr><th>Duration:</th><td>0.0 sec</td></tr>
                        
                            <tr><th>Failed</th><td>None</td></tr>
                        
                        
                        </table>

                        
                        <pre>None</pre>
                        
                        

                        
                        
                        
                    </div>
                
                </div>
            </div>
            
        </div>
    </div>
    

    <div class="testsuite">
        <h2>Test Suite: local_mqtt_pub_sub_with_sudo</h2>
        <a id="feede0d3-05a9-4a8f-9e45-bbaa030aea06"></a>
        
        
        <h3>Results</h3>
        <table class="proplist">
            <tr>
                <th>Duration</th><td>0.0 sec</td>
            </tr>
            <tr>
                <th>Tests</th><td>1</td>
            </tr>
            <tr>
                <th>Failures</th><td>0</td>
            </tr>
        </table>

        <div class="testclasses">
            <h3>Tests</h3>
            
            <div class="testclass">
                <h4>PySysTest</h4>
                <div class="testcases">
                
                    <div class="test outcome outcome-passed">
                        <a id="8c98e1d2-5491-4b64-aeea-a65c5a06b167"></a>
                        <table class="proplist">
                            <tr><th>Test case:</th><td><b>local_mqtt_pub_sub_with_sudo</b></td></tr>
                            <tr><th>Outcome:</th><td>Passed</td></tr>
                            <tr><th>Duration:</th><td>0.0 sec</td></tr>
                        
                            <tr><th>Failed</th><td>None</td></tr>
                        
                        
                        </table>

                        
                        <pre>None</pre>
                        
                        

                        
                        
                        
                    </div>
                
                </div>
            </div>
            
        </div>
    </div>
    

    <div class="testsuite">
        <h2>Test Suite: local_mqtt_sub_fail</h2>
        <a id="86a0e79c-c804-4087-a170-d3f7892d513a"></a>
        
        
        <h3>Results</h3>
        <table class="proplist">
            <tr>
                <th>Duration</th><td>0.0 sec</td>
            </tr>
            <tr>
                <th>Tests</th><td>1</td>
            </tr>
            <tr>
                <th>Failures</th><td>0</td>
            </tr>
        </table>

        <div class="testclasses">
            <h3>Tests</h3>
            
            <div class="testclass">
                <h4>PySysTest</h4>
                <div class="testcases">
                
                    <div class="test outcome outcome-passed">
                        <a id="c4edfacf-bed4-4454-9629-fa0c13f1a76d"></a>
                        <table class="proplist">
                            <tr><th>Test case:</th><td><b>local_mqtt_sub_fail</b></td></tr>
                            <tr><th>Outcome:</th><td>Passed</td></tr>
                            <tr><th>Duration:</th><td>0.0 sec</td></tr>
                        
                            <tr><th>Failed</th><td>None</td></tr>
                        
                        
                        </table>

                        
                        <pre>None</pre>
                        
                        

                        
                        
                        
                    </div>
                
                </div>
            </div>
            
        </div>
    </div>
    

    <div class="testsuite">
        <h2>Test Suite: log_request_error_messages</h2>
        <a id="01fce976-db43-464a-adcb-a5029cbfcc32"></a>
        
        
        <h3>Results</h3>
        <table class="proplist">
            <tr>
                <th>Duration</th><td>0.0 sec</td>
            </tr>
            <tr>
                <th>Tests</th><td>1</td>
            </tr>
            <tr>
                <th>Failures</th><td>0</td>
            </tr>
        </table>

        <div class="testclasses">
            <h3>Tests</h3>
            
            <div class="testclass">
                <h4>LogRequestVerifySearchTextError</h4>
                <div class="testcases">
                
                    <div class="test outcome outcome-passed">
                        <a id="509eb9ac-d1db-4c3f-9fd3-92dd76625abe"></a>
                        <table class="proplist">
                            <tr><th>Test case:</th><td><b>log_request_error_messages</b></td></tr>
                            <tr><th>Outcome:</th><td>Passed</td></tr>
                            <tr><th>Duration:</th><td>0.0 sec</td></tr>
                        
                            <tr><th>Failed</th><td>None</td></tr>
                        
                        
                        </table>

                        
                        <pre>None</pre>
                        
                        

                        
                        
                        
                    </div>
                
                </div>
            </div>
            
        </div>
    </div>
    

    <div class="testsuite">
        <h2>Test Suite: log_request_num_lines</h2>
        <a id="482cb782-1fe4-4a22-8fd0-7404c3e1541f"></a>
        
        
        <h3>Results</h3>
        <table class="proplist">
            <tr>
                <th>Duration</th><td>0.0 sec</td>
            </tr>
            <tr>
                <th>Tests</th><td>1</td>
            </tr>
            <tr>
                <th>Failures</th><td>0</td>
            </tr>
        </table>

        <div class="testclasses">
            <h3>Tests</h3>
            
            <div class="testclass">
                <h4>LogRequestVerifyNumberOfLines</h4>
                <div class="testcases">
                
                    <div class="test outcome outcome-passed">
                        <a id="0190566c-cc30-4508-9e40-61e4ebd12c97"></a>
                        <table class="proplist">
                            <tr><th>Test case:</th><td><b>log_request_num_lines</b></td></tr>
                            <tr><th>Outcome:</th><td>Passed</td></tr>
                            <tr><th>Duration:</th><td>0.0 sec</td></tr>
                        
                            <tr><th>Failed</th><td>None</td></tr>
                        
                        
                        </table>

                        
                        <pre>None</pre>
                        
                        

                        
                        
                        
                    </div>
                
                </div>
            </div>
            
        </div>
    </div>
    

    <div class="testsuite">
        <h2>Test Suite: mapper_awaits_before_reconnect</h2>
        <a id="6d3de9aa-ddad-4696-af21-88ad2f76622b"></a>
        
        
        <h3>Results</h3>
        <table class="proplist">
            <tr>
                <th>Duration</th><td>0.0 sec</td>
            </tr>
            <tr>
                <th>Tests</th><td>1</td>
            </tr>
            <tr>
                <th>Failures</th><td>1</td>
            </tr>
        </table>

        <div class="testclasses">
            <h3>Tests</h3>
            
            <div class="testclass">
                <h4>MapperReconnectAwait</h4>
                <div class="testcases">
                
                    <div class="test outcome outcome-failed">
                        <a id="d0c54361-61b5-4202-8835-e85fafefd101"></a>
                        <table class="proplist">
                            <tr><th>Test case:</th><td><b>mapper_awaits_before_reconnect</b></td></tr>
                            <tr><th>Outcome:</th><td>Failed</td></tr>
                            <tr><th>Duration:</th><td>0.0 sec</td></tr>
                        
                            <tr><th>Failed</th><td>FAILED: Line count on tedge_mapper_journal.out for &#34;tedge_mapper::mapper: MQTT connection error:&#34; expected &gt;=2 but got 0</td></tr>
                        
                        
                        </table>

                        
                        <pre>failed</pre>
                        
                        

                        
                        
                        <div class="stdout"><i>Stdout</i><br>
                            <pre>14:11:52 INFO  ==============================================================
14:11:52 INFO  Id:    mapper_awaits_before_reconnect
14:11:52 INFO  Dir:   tedge_mapper_c8y/
14:11:52 INFO  Title: Validate mapper doesn&#39;t reconnect too often
14:11:52 DEBUG Execution order hint: 0.0
14:11:52 INFO  ==============================================================
14:11:52 DEBUG --- test execute
14:11:52 DEBUG Process parameters for mosquitto_sub
  command line : /usr/bin/mosquitto_sub -i tedge-mapper-c8y -t test
    arg #1     : -i
    arg #2     : tedge-mapper-c8y
    arg #3     : -t
    arg #4     : test
  working dir  : /home/pi/actions-runner/_work/thin-edge.io/thin-edge.io/tests/PySys/tedge_mapper_c8y/mapper_awaits_before_reconnect/Output/linux
  stdout       : /home/pi/actions-runner/_work/thin-edge.io/thin-edge.io/tests/PySys/tedge_mapper_c8y/mapper_awaits_before_reconnect/Output/linux/mosquitto_sub.out
  stderr       : /home/pi/actions-runner/_work/thin-edge.io/thin-edge.io/tests/PySys/tedge_mapper_c8y/mapper_awaits_before_reconnect/Output/linux/mosquitto_sub.err
  environment  : LD_LIBRARY_PATH=/usr/lib
  environment  : PATH=/bin:/usr/bin:/usr/sbin:/usr/local/bin
                   #1  /bin
                   #2  /usr/bin
                   #3  /usr/sbin
                   #4  /usr/local/bin
14:11:52 INFO  Started mosquitto_sub with process id 1688
14:11:52 INFO  Waiting for 0.1 seconds
14:11:52 DEBUG Process parameters for sudo&lt;tedge_mapper&gt;
  command line : /usr/bin/sudo systemctl start tedge-mapper-c8y
    arg #1     : systemctl
    arg #2     : start
    arg #3     : tedge-mapper-c8y
  working dir  : /home/pi/actions-runner/_work/thin-edge.io/thin-edge.io/tests/PySys/tedge_mapper_c8y/mapper_awaits_before_reconnect/Output/linux
  stdout       : /home/pi/actions-runner/_work/thin-edge.io/thin-edge.io/tests/PySys/tedge_mapper_c8y/mapper_awaits_before_reconnect/Output/linux/tedge_mapper.out
  stderr       : /home/pi/actions-runner/_work/thin-edge.io/thin-edge.io/tests/PySys/tedge_mapper_c8y/mapper_awaits_before_reconnect/Output/linux/tedge_mapper.err
  environment  : LD_LIBRARY_PATH=/usr/lib
  environment  : PATH=/bin:/usr/bin:/usr/sbin:/usr/local/bin
                   #1  /bin
                   #2  /usr/bin
                   #3  /usr/sbin
                   #4  /usr/local/bin
14:11:52 DEBUG Waiting up to 600 secs for process sudo&lt;tedge_mapper&gt; (pid 1689)
14:11:52 INFO  Executed sudo&lt;tedge_mapper&gt;, exit status 0
14:11:52 INFO  Waiting for 5.0 seconds
14:11:57 DEBUG Process parameters for sudo&lt;tedge_mapper&gt;
  command line : /usr/bin/sudo systemctl stop tedge-mapper-c8y
    arg #1     : systemctl
    arg #2     : stop
    arg #3     : tedge-mapper-c8y
  working dir  : /home/pi/actions-runner/_work/thin-edge.io/thin-edge.io/tests/PySys/tedge_mapper_c8y/mapper_awaits_before_reconnect/Output/linux
  stdout       : /home/pi/actions-runner/_work/thin-edge.io/thin-edge.io/tests/PySys/tedge_mapper_c8y/mapper_awaits_before_reconnect/Output/linux/tedge_mapper.out
  stderr       : /home/pi/actions-runner/_work/thin-edge.io/thin-edge.io/tests/PySys/tedge_mapper_c8y/mapper_awaits_before_reconnect/Output/linux/tedge_mapper.err
  environment  : LD_LIBRARY_PATH=/usr/lib
  environment  : PATH=/bin:/usr/bin:/usr/sbin:/usr/local/bin
                   #1  /bin
                   #2  /usr/bin
                   #3  /usr/sbin
                   #4  /usr/local/bin
14:11:57 DEBUG Waiting up to 600 secs for process sudo&lt;tedge_mapper&gt; (pid 1709)
14:11:57 INFO  Executed sudo&lt;tedge_mapper&gt;, exit status 0
14:11:57 DEBUG --- test validate
14:11:57 DEBUG Process parameters for sudo&lt;tedge_mapper_journal&gt;
  command line : /usr/bin/sudo journalctl -u tedge-mapper-c8y.service --since &#39;2022-03-16 14:11:52&#39; --until &#39;2022-03-16 14:11:57&#39;
    arg #1     : journalctl
    arg #2     : -u
    arg #3     : tedge-mapper-c8y.service
    arg #4     : --since
    arg #5     : 2022-03-16 14:11:52
    arg #6     : --until
    arg #7     : 2022-03-16 14:11:57
  working dir  : /home/pi/actions-runner/_work/thin-edge.io/thin-edge.io/tests/PySys/tedge_mapper_c8y/mapper_awaits_before_reconnect/Output/linux
  stdout       : /home/pi/actions-runner/_work/thin-edge.io/thin-edge.io/tests/PySys/tedge_mapper_c8y/mapper_awaits_before_reconnect/Output/linux/tedge_mapper_journal.out
  stderr       : /home/pi/actions-runner/_work/thin-edge.io/thin-edge.io/tests/PySys/tedge_mapper_c8y/mapper_awaits_before_reconnect/Output/linux/tedge_mapper_journal.err
  environment  : LD_LIBRARY_PATH=/usr/lib
  environment  : PATH=/bin:/usr/bin:/usr/sbin:/usr/local/bin
                   #1  /bin
                   #2  /usr/bin
                   #3  /usr/sbin
                   #4  /usr/local/bin
14:11:57 DEBUG Waiting up to 600 secs for process sudo&lt;tedge_mapper_journal&gt; (pid 1711)
14:11:58 INFO  Executed sudo&lt;tedge_mapper_journal&gt;, exit status 0
14:11:58 DEBUG Performing regex contains=True grep on file: /home/pi/actions-runner/_work/thin-edge.io/thin-edge.io/tests/PySys/tedge_mapper_c8y/mapper_awaits_before_reconnect/Output/linux/tedge_mapper_journal.out
14:11:58 WARN  Grep on tedge_mapper_journal.out contains &#34;ERROR&#34; ... failed [run.py:59]
14:11:58 DEBUG Number of matching lines in /home/pi/actions-runner/_work/thin-edge.io/thin-edge.io/tests/PySys/tedge_mapper_c8y/mapper_awaits_before_reconnect/Output/linux/tedge_mapper_journal.out is 0
14:11:58 INFO  Line count on input file tedge_mapper_journal.out ... passed
14:11:58 DEBUG Number of matching lines in /home/pi/actions-runner/_work/thin-edge.io/thin-edge.io/tests/PySys/tedge_mapper_c8y/mapper_awaits_before_reconnect/Output/linux/tedge_mapper_journal.out is 0
14:11:58 WARN  Line count on tedge_mapper_journal.out for &#34;tedge_mapper::mapper: MQTT connection error:&#34; expected &gt;=2 but got 0 ... failed [run.py:70]
14:11:58 WARN  Aborted test due to FAILED outcome
14:11:58 DEBUG --- test cleanup
14:11:58 DEBUG Failed to kill process group (but process itself was killed fine) for mosquitto_sub: name &#39;SIGTERM&#39; is not defined
14:11:58 DEBUG Waiting up to 30 secs for process mosquitto_sub (pid 1688)
14:11:58 DEBUG ProcessUser cleanup function done.
14:11:58 INFO  
14:11:58 INFO  Test duration: 6.04 secs
14:11:58 INFO  Test final outcome:  FAILED
14:11:58 INFO  Test outcome reason: Line count on tedge_mapper_journal.out for &#34;tedge_mapper::mapper: MQTT connection error:&#34; expected &gt;=2 but got 0
14:11:58 INFO  
</pre>
                        </div>
                        
                        
                    </div>
                
                </div>
            </div>
            
        </div>
    </div>
    

    <div class="testsuite">
        <h2>Test Suite: monitoring_smaller_interval</h2>
        <a id="5c8978c2-1d5c-4708-aff6-19db42f2e7a4"></a>
        
        
        <h3>Results</h3>
        <table class="proplist">
            <tr>
                <th>Duration</th><td>0.0 sec</td>
            </tr>
            <tr>
                <th>Tests</th><td>1</td>
            </tr>
            <tr>
                <th>Failures</th><td>0</td>
            </tr>
        </table>

        <div class="testclasses">
            <h3>Tests</h3>
            
            <div class="testclass">
                <h4>MonitoringSmallInterval</h4>
                <div class="testcases">
                
                    <div class="test outcome outcome-passed">
                        <a id="5c1e2ed5-71e8-4959-9960-136897e382c6"></a>
                        <table class="proplist">
                            <tr><th>Test case:</th><td><b>monitoring_smaller_interval</b></td></tr>
                            <tr><th>Outcome:</th><td>Passed</td></tr>
                            <tr><th>Duration:</th><td>0.0 sec</td></tr>
                        
                            <tr><th>Failed</th><td>None</td></tr>
                        
                        
                        </table>

                        
                        <pre>None</pre>
                        
                        

                        
                        
                        
                    </div>
                
                </div>
            </div>
            
        </div>
    </div>
    

    <div class="testsuite">
        <h2>Test Suite: monitoring_with_collectd</h2>
        <a id="6a37ea22-c56a-496d-b483-8beac55048bd"></a>
        
        
        <h3>Results</h3>
        <table class="proplist">
            <tr>
                <th>Duration</th><td>0.0 sec</td>
            </tr>
            <tr>
                <th>Tests</th><td>1</td>
            </tr>
            <tr>
                <th>Failures</th><td>0</td>
            </tr>
        </table>

        <div class="testclasses">
            <h3>Tests</h3>
            
            <div class="testclass">
                <h4>MonitoringWithCollectd</h4>
                <div class="testcases">
                
                    <div class="test outcome outcome-passed">
                        <a id="63673d40-985d-41c2-a026-3d51b01a1138"></a>
                        <table class="proplist">
                            <tr><th>Test case:</th><td><b>monitoring_with_collectd</b></td></tr>
                            <tr><th>Outcome:</th><td>Passed</td></tr>
                            <tr><th>Duration:</th><td>0.0 sec</td></tr>
                        
                            <tr><th>Failed</th><td>None</td></tr>
                        
                        
                        </table>

                        
                        <pre>None</pre>
                        
                        

                        
                        
                        
                    </div>
                
                </div>
            </div>
            
        </div>
    </div>
    

    <div class="testsuite">
        <h2>Test Suite: monitoring_with_simulated_messages</h2>
        <a id="e485a480-700f-4e69-8aff-4109b7983800"></a>
        
        
        <h3>Results</h3>
        <table class="proplist">
            <tr>
                <th>Duration</th><td>0.0 sec</td>
            </tr>
            <tr>
                <th>Tests</th><td>1</td>
            </tr>
            <tr>
                <th>Failures</th><td>0</td>
            </tr>
        </table>

        <div class="testclasses">
            <h3>Tests</h3>
            
            <div class="testclass">
                <h4>MonitoringWithSimulatedMessages</h4>
                <div class="testcases">
                
                    <div class="test outcome outcome-passed">
                        <a id="61f7d673-1c06-4342-ae6d-9f3e4629d316"></a>
                        <table class="proplist">
                            <tr><th>Test case:</th><td><b>monitoring_with_simulated_messages</b></td></tr>
                            <tr><th>Outcome:</th><td>Passed</td></tr>
                            <tr><th>Duration:</th><td>0.0 sec</td></tr>
                        
                            <tr><th>Failed</th><td>None</td></tr>
                        
                        
                        </table>

                        
                        <pre>None</pre>
                        
                        

                        
                        
                        
                    </div>
                
                </div>
            </div>
            
        </div>
    </div>
    

    <div class="testsuite">
        <h2>Test Suite: mqtt_port_change_connection_fails</h2>
        <a id="b11ab770-7989-4161-956a-811c60adcc48"></a>
        
        
        <h3>Results</h3>
        <table class="proplist">
            <tr>
                <th>Duration</th><td>0.0 sec</td>
            </tr>
            <tr>
                <th>Tests</th><td>1</td>
            </tr>
            <tr>
                <th>Failures</th><td>0</td>
            </tr>
        </table>

        <div class="testclasses">
            <h3>Tests</h3>
            
            <div class="testclass">
                <h4>MqttPortChangeConnectionFails</h4>
                <div class="testcases">
                
                    <div class="test outcome outcome-passed">
                        <a id="abd0f304-b70a-4490-93fa-6923ea8a09fa"></a>
                        <table class="proplist">
                            <tr><th>Test case:</th><td><b>mqtt_port_change_connection_fails</b></td></tr>
                            <tr><th>Outcome:</th><td>Passed</td></tr>
                            <tr><th>Duration:</th><td>0.0 sec</td></tr>
                        
                            <tr><th>Failed</th><td>None</td></tr>
                        
                        
                        </table>

                        
                        <pre>None</pre>
                        
                        

                        
                        
                        
                    </div>
                
                </div>
            </div>
            
        </div>
    </div>
    

    <div class="testsuite">
        <h2>Test Suite: mqtt_port_change_connection_works</h2>
        <a id="50d0dd3e-ebf4-4821-984d-32514bb0bc23"></a>
        
        
        <h3>Results</h3>
        <table class="proplist">
            <tr>
                <th>Duration</th><td>0.0 sec</td>
            </tr>
            <tr>
                <th>Tests</th><td>1</td>
            </tr>
            <tr>
                <th>Failures</th><td>0</td>
            </tr>
        </table>

        <div class="testclasses">
            <h3>Tests</h3>
            
            <div class="testclass">
                <h4>MqttPortChangeConnectionWorks</h4>
                <div class="testcases">
                
                    <div class="test outcome outcome-passed">
                        <a id="e10020e3-ede5-45e6-88ee-f42574aad1ac"></a>
                        <table class="proplist">
                            <tr><th>Test case:</th><td><b>mqtt_port_change_connection_works</b></td></tr>
                            <tr><th>Outcome:</th><td>Passed</td></tr>
                            <tr><th>Duration:</th><td>0.0 sec</td></tr>
                        
                            <tr><th>Failed</th><td>None</td></tr>
                        
                        
                        </table>

                        
                        <pre>None</pre>
                        
                        

                        
                        
                        
                    </div>
                
                </div>
            </div>
            
        </div>
    </div>
    

    <div class="testsuite">
        <h2>Test Suite: mqtt_port_set</h2>
        <a id="f2ab0795-dd99-4d60-923a-5c491d177695"></a>
        
        
        <h3>Results</h3>
        <table class="proplist">
            <tr>
                <th>Duration</th><td>0.0 sec</td>
            </tr>
            <tr>
                <th>Tests</th><td>1</td>
            </tr>
            <tr>
                <th>Failures</th><td>0</td>
            </tr>
        </table>

        <div class="testclasses">
            <h3>Tests</h3>
            
            <div class="testclass">
                <h4>MqttPortSet</h4>
                <div class="testcases">
                
                    <div class="test outcome outcome-passed">
                        <a id="9ded94d0-2d0a-470f-9a21-60b1c2198f66"></a>
                        <table class="proplist">
                            <tr><th>Test case:</th><td><b>mqtt_port_set</b></td></tr>
                            <tr><th>Outcome:</th><td>Passed</td></tr>
                            <tr><th>Duration:</th><td>0.0 sec</td></tr>
                        
                            <tr><th>Failed</th><td>None</td></tr>
                        
                        
                        </table>

                        
                        <pre>None</pre>
                        
                        

                        
                        
                        
                    </div>
                
                </div>
            </div>
            
        </div>
    </div>
    

    <div class="testsuite">
        <h2>Test Suite: mqtt_port_unset</h2>
        <a id="371f3aed-8880-4d66-9428-beefc34a7cfa"></a>
        
        
        <h3>Results</h3>
        <table class="proplist">
            <tr>
                <th>Duration</th><td>0.0 sec</td>
            </tr>
            <tr>
                <th>Tests</th><td>1</td>
            </tr>
            <tr>
                <th>Failures</th><td>0</td>
            </tr>
        </table>

        <div class="testclasses">
            <h3>Tests</h3>
            
            <div class="testclass">
                <h4>MqttPortUnSet</h4>
                <div class="testcases">
                
                    <div class="test outcome outcome-passed">
                        <a id="e8e8c287-9855-4d62-be1d-30f5943b5db2"></a>
                        <table class="proplist">
                            <tr><th>Test case:</th><td><b>mqtt_port_unset</b></td></tr>
                            <tr><th>Outcome:</th><td>Passed</td></tr>
                            <tr><th>Duration:</th><td>0.0 sec</td></tr>
                        
                            <tr><th>Failed</th><td>None</td></tr>
                        
                        
                        </table>

                        
                        <pre>None</pre>
                        
                        

                        
                        
                        
                    </div>
                
                </div>
            </div>
            
        </div>
    </div>
    

    <div class="testsuite">
        <h2>Test Suite: publish_flux</h2>
        <a id="8459bd76-885a-412c-acfd-3c72f4efb44a"></a>
        
        
        <h3>Results</h3>
        <table class="proplist">
            <tr>
                <th>Duration</th><td>0.0 sec</td>
            </tr>
            <tr>
                <th>Tests</th><td>1</td>
            </tr>
            <tr>
                <th>Failures</th><td>0</td>
            </tr>
        </table>

        <div class="testclasses">
            <h3>Tests</h3>
            
            <div class="testclass">
                <h4>PublishFlux</h4>
                <div class="testcases">
                
                    <div class="test outcome outcome-passed">
                        <a id="ceba7941-24dd-47a6-9d14-98ac8733184f"></a>
                        <table class="proplist">
                            <tr><th>Test case:</th><td><b>publish_flux</b></td></tr>
                            <tr><th>Outcome:</th><td>Passed</td></tr>
                            <tr><th>Duration:</th><td>0.0 sec</td></tr>
                        
                            <tr><th>Failed</th><td>None</td></tr>
                        
                        
                        </table>

                        
                        <pre>None</pre>
                        
                        

                        
                        
                        
                    </div>
                
                </div>
            </div>
            
        </div>
    </div>
    

    <div class="testsuite">
        <h2>Test Suite: publish_sawmill</h2>
        <a id="51d4a824-247f-4c0b-9248-716e27744429"></a>
        
        
        <h3>Results</h3>
        <table class="proplist">
            <tr>
                <th>Duration</th><td>0.0 sec</td>
            </tr>
            <tr>
                <th>Tests</th><td>1</td>
            </tr>
            <tr>
                <th>Failures</th><td>0</td>
            </tr>
        </table>

        <div class="testclasses">
            <h3>Tests</h3>
            
            <div class="testclass">
                <h4>PublishSawmill</h4>
                <div class="testcases">
                
                    <div class="test outcome outcome-passed">
                        <a id="73afd716-d4d7-45d7-88db-5ff291733206"></a>
                        <table class="proplist">
                            <tr><th>Test case:</th><td><b>publish_sawmill</b></td></tr>
                            <tr><th>Outcome:</th><td>Passed</td></tr>
                            <tr><th>Duration:</th><td>0.0 sec</td></tr>
                        
                            <tr><th>Failed</th><td>None</td></tr>
                        
                        
                        </table>

                        
                        <pre>None</pre>
                        
                        

                        
                        
                        
                    </div>
                
                </div>
            </div>
            
        </div>
    </div>
    

    <div class="testsuite">
        <h2>Test Suite: runtime_start_two_mappers</h2>
        <a id="098995e8-4e17-44a1-b9f6-b282c186efca"></a>
        
        
        <h3>Results</h3>
        <table class="proplist">
            <tr>
                <th>Duration</th><td>0.0 sec</td>
            </tr>
            <tr>
                <th>Tests</th><td>1</td>
            </tr>
            <tr>
                <th>Failures</th><td>0</td>
            </tr>
        </table>

        <div class="testclasses">
            <h3>Tests</h3>
            
            <div class="testclass">
                <h4>RuntimeMultiMappers</h4>
                <div class="testcases">
                
                    <div class="test outcome outcome-passed">
                        <a id="7532147f-b56a-41f2-92fa-bb17040a8d0e"></a>
                        <table class="proplist">
                            <tr><th>Test case:</th><td><b>runtime_start_two_mappers</b></td></tr>
                            <tr><th>Outcome:</th><td>Passed</td></tr>
                            <tr><th>Duration:</th><td>0.0 sec</td></tr>
                        
                            <tr><th>Failed</th><td>None</td></tr>
                        
                        
                        </table>

                        
                        <pre>None</pre>
                        
                        

                        
                        
                        
                    </div>
                
                </div>
            </div>
            
        </div>
    </div>
    

    <div class="testsuite">
        <h2>Test Suite: sm_tedge_mapper_init_session</h2>
        <a id="ad899bc3-dbdd-4f1c-8f4a-546942060062"></a>
        
        
        <h3>Results</h3>
        <table class="proplist">
            <tr>
                <th>Duration</th><td>0.0 sec</td>
            </tr>
            <tr>
                <th>Tests</th><td>1</td>
            </tr>
            <tr>
                <th>Failures</th><td>0</td>
            </tr>
        </table>

        <div class="testclasses">
            <h3>Tests</h3>
            
            <div class="testclass">
                <h4>TedgeSMMapperInitSession</h4>
                <div class="testcases">
                
                    <div class="test outcome outcome-passed">
                        <a id="f6aa98fd-c16e-4c4c-b58a-6869e042b1bb"></a>
                        <table class="proplist">
                            <tr><th>Test case:</th><td><b>sm_tedge_mapper_init_session</b></td></tr>
                            <tr><th>Outcome:</th><td>Passed</td></tr>
                            <tr><th>Duration:</th><td>0.0 sec</td></tr>
                        
                            <tr><th>Failed</th><td>None</td></tr>
                        
                        
                        </table>

                        
                        <pre>None</pre>
                        
                        

                        
                        
                        
                    </div>
                
                </div>
            </div>
            
        </div>
    </div>
    

    <div class="testsuite">
        <h2>Test Suite: smoketest_json</h2>
        <a id="78cc07d6-9c25-4bf5-baef-3ed2c9b84ba1"></a>
        
        
        <h3>Results</h3>
        <table class="proplist">
            <tr>
                <th>Duration</th><td>0.0 sec</td>
            </tr>
            <tr>
                <th>Tests</th><td>1</td>
            </tr>
            <tr>
                <th>Failures</th><td>0</td>
            </tr>
        </table>

        <div class="testclasses">
            <h3>Tests</h3>
            
            <div class="testclass">
                <h4>SmokeTestJson</h4>
                <div class="testcases">
                
                    <div class="test outcome outcome-passed">
                        <a id="b13e6578-d774-41d2-9436-9c537afe213d"></a>
                        <table class="proplist">
                            <tr><th>Test case:</th><td><b>smoketest_json</b></td></tr>
                            <tr><th>Outcome:</th><td>Passed</td></tr>
                            <tr><th>Duration:</th><td>0.0 sec</td></tr>
                        
                            <tr><th>Failed</th><td>None</td></tr>
                        
                        
                        </table>

                        
                        <pre>None</pre>
                        
                        

                        
                        
                        
                    </div>
                
                </div>
            </div>
            
        </div>
    </div>
    

    <div class="testsuite">
        <h2>Test Suite: smoketest_json_400_samples_10ms</h2>
        <a id="4cea858d-3d1e-4bb6-9060-5cf3e94eee9c"></a>
        
        
        <h3>Results</h3>
        <table class="proplist">
            <tr>
                <th>Duration</th><td>0.0 sec</td>
            </tr>
            <tr>
                <th>Tests</th><td>1</td>
            </tr>
            <tr>
                <th>Failures</th><td>0</td>
            </tr>
        </table>

        <div class="testclasses">
            <h3>Tests</h3>
            
            <div class="testclass">
                <h4>SmoketestJson400Samples10ms</h4>
                <div class="testcases">
                
                    <div class="test outcome outcome-passed">
                        <a id="f43fc1d9-633a-4717-8740-67ee5fbfd976"></a>
                        <table class="proplist">
                            <tr><th>Test case:</th><td><b>smoketest_json_400_samples_10ms</b></td></tr>
                            <tr><th>Outcome:</th><td>Passed</td></tr>
                            <tr><th>Duration:</th><td>0.0 sec</td></tr>
                        
                            <tr><th>Failed</th><td>None</td></tr>
                        
                        
                        </table>

                        
                        <pre>None</pre>
                        
                        

                        
                        
                        
                    </div>
                
                </div>
            </div>
            
        </div>
    </div>
    

    <div class="testsuite">
        <h2>Test Suite: smoketest_json_400_samples_20ms</h2>
        <a id="58bba34c-a2a3-45e3-ae90-bf391fdfd2e4"></a>
        
        
        <h3>Results</h3>
        <table class="proplist">
            <tr>
                <th>Duration</th><td>0.0 sec</td>
            </tr>
            <tr>
                <th>Tests</th><td>1</td>
            </tr>
            <tr>
                <th>Failures</th><td>0</td>
            </tr>
        </table>

        <div class="testclasses">
            <h3>Tests</h3>
            
            <div class="testclass">
                <h4>SmoketestJson400Samples20ms</h4>
                <div class="testcases">
                
                    <div class="test outcome outcome-passed">
                        <a id="dadfa0d3-8aa4-43dc-9968-9fcae7ee179d"></a>
                        <table class="proplist">
                            <tr><th>Test case:</th><td><b>smoketest_json_400_samples_20ms</b></td></tr>
                            <tr><th>Outcome:</th><td>Passed</td></tr>
                            <tr><th>Duration:</th><td>0.0 sec</td></tr>
                        
                            <tr><th>Failed</th><td>None</td></tr>
                        
                        
                        </table>

                        
                        <pre>None</pre>
                        
                        

                        
                        
                        
                    </div>
                
                </div>
            </div>
            
        </div>
    </div>
    

    <div class="testsuite">
        <h2>Test Suite: smoketest_smartrest</h2>
        <a id="62f6824e-4654-474f-af2a-ca6f84ff7a33"></a>
        
        
        <h3>Results</h3>
        <table class="proplist">
            <tr>
                <th>Duration</th><td>0.0 sec</td>
            </tr>
            <tr>
                <th>Tests</th><td>1</td>
            </tr>
            <tr>
                <th>Failures</th><td>0</td>
            </tr>
        </table>

        <div class="testclasses">
            <h3>Tests</h3>
            
            <div class="testclass">
                <h4>SmoketestSmartRest</h4>
                <div class="testcases">
                
                    <div class="test outcome outcome-passed">
                        <a id="4ce47574-48b3-44f0-85f4-9dea6ca66565"></a>
                        <table class="proplist">
                            <tr><th>Test case:</th><td><b>smoketest_smartrest</b></td></tr>
                            <tr><th>Outcome:</th><td>Passed</td></tr>
                            <tr><th>Duration:</th><td>0.0 sec</td></tr>
                        
                            <tr><th>Failed</th><td>None</td></tr>
                        
                        
                        </table>

                        
                        <pre>None</pre>
                        
                        

                        
                        
                        
                    </div>
                
                </div>
            </div>
            
        </div>
    </div>
    

    <div class="testsuite">
        <h2>Test Suite: smoketest_smartrest_400_samples_1Xms</h2>
        <a id="5a5bd77f-3f7b-41d3-a161-aabe0650725c"></a>
        
        
        <h3>Results</h3>
        <table class="proplist">
            <tr>
                <th>Duration</th><td>0.0 sec</td>
            </tr>
            <tr>
                <th>Tests</th><td>1</td>
            </tr>
            <tr>
                <th>Failures</th><td>0</td>
            </tr>
        </table>

        <div class="testclasses">
            <h3>Tests</h3>
            
            <div class="testclass">
                <h4>SmoketestSmartRest400Samples1Xms</h4>
                <div class="testcases">
                
                    <div class="test outcome outcome-passed">
                        <a id="33b127ac-67cb-419b-a1e6-71a0af746b08"></a>
                        <table class="proplist">
                            <tr><th>Test case:</th><td><b>smoketest_smartrest_400_samples_1Xms</b></td></tr>
                            <tr><th>Outcome:</th><td>Passed</td></tr>
                            <tr><th>Duration:</th><td>0.0 sec</td></tr>
                        
                            <tr><th>Failed</th><td>None</td></tr>
                        
                        
                        </table>

                        
                        <pre>None</pre>
                        
                        

                        
                        
                        
                    </div>
                
                </div>
            </div>
            
        </div>
    </div>
    

    <div class="testsuite">
        <h2>Test Suite: smoketest_smartrest_400_samples_20ms</h2>
        <a id="33397d2f-e39b-49c2-9347-9d6466f94f1f"></a>
        
        
        <h3>Results</h3>
        <table class="proplist">
            <tr>
                <th>Duration</th><td>0.0 sec</td>
            </tr>
            <tr>
                <th>Tests</th><td>1</td>
            </tr>
            <tr>
                <th>Failures</th><td>0</td>
            </tr>
        </table>

        <div class="testclasses">
            <h3>Tests</h3>
            
            <div class="testclass">
                <h4>SmoketestSmartRest400Samples20ms</h4>
                <div class="testcases">
                
                    <div class="test outcome outcome-passed">
                        <a id="303051ff-685b-46b4-93cc-2f65c7ed11dd"></a>
                        <table class="proplist">
                            <tr><th>Test case:</th><td><b>smoketest_smartrest_400_samples_20ms</b></td></tr>
                            <tr><th>Outcome:</th><td>Passed</td></tr>
                            <tr><th>Duration:</th><td>0.0 sec</td></tr>
                        
                            <tr><th>Failed</th><td>None</td></tr>
                        
                        
                        </table>

                        
                        <pre>None</pre>
                        
                        

                        
                        
                        
                    </div>
                
                </div>
            </div>
            
        </div>
    </div>
    

    <div class="testsuite">
        <h2>Test Suite: tedge_agent_user_sudo_access</h2>
        <a id="49934e20-9c29-4339-9cd6-7c98c595009e"></a>
        
        
        <h3>Results</h3>
        <table class="proplist">
            <tr>
                <th>Duration</th><td>0.0 sec</td>
            </tr>
            <tr>
                <th>Tests</th><td>1</td>
            </tr>
            <tr>
                <th>Failures</th><td>0</td>
            </tr>
        </table>

        <div class="testclasses">
            <h3>Tests</h3>
            
            <div class="testclass">
                <h4>TedgeAgentUserSudoAccess</h4>
                <div class="testcases">
                
                    <div class="test outcome outcome-passed">
                        <a id="0b92474f-6585-43bc-99dc-bc50d5e69e3f"></a>
                        <table class="proplist">
                            <tr><th>Test case:</th><td><b>tedge_agent_user_sudo_access</b></td></tr>
                            <tr><th>Outcome:</th><td>Passed</td></tr>
                            <tr><th>Duration:</th><td>0.0 sec</td></tr>
                        
                            <tr><th>Failed</th><td>None</td></tr>
                        
                        
                        </table>

                        
                        <pre>None</pre>
                        
                        

                        
                        
                        
                    </div>
                
                </div>
            </div>
            
        </div>
    </div>
    

    <div class="testsuite">
        <h2>Test Suite: tedge_connect_test_negative</h2>
        <a id="799aabec-5a3f-4ffc-a0b4-27d4c4ca607e"></a>
        
        
        <h3>Results</h3>
        <table class="proplist">
            <tr>
                <th>Duration</th><td>0.0 sec</td>
            </tr>
            <tr>
                <th>Tests</th><td>1</td>
            </tr>
            <tr>
                <th>Failures</th><td>0</td>
            </tr>
        </table>

        <div class="testclasses">
            <h3>Tests</h3>
            
            <div class="testclass">
                <h4>TedgeConnectTestNegative</h4>
                <div class="testcases">
                
                    <div class="test outcome outcome-passed">
                        <a id="4bdf95a6-aef1-49cd-868d-2ebc99057279"></a>
                        <table class="proplist">
                            <tr><th>Test case:</th><td><b>tedge_connect_test_negative</b></td></tr>
                            <tr><th>Outcome:</th><td>Passed</td></tr>
                            <tr><th>Duration:</th><td>0.0 sec</td></tr>
                        
                            <tr><th>Failed</th><td>None</td></tr>
                        
                        
                        </table>

                        
                        <pre>None</pre>
                        
                        

                        
                        
                        
                    </div>
                
                </div>
            </div>
            
        </div>
    </div>
    

    <div class="testsuite">
        <h2>Test Suite: tedge_connect_test_positive</h2>
        <a id="83187275-bc7c-4016-80d0-b5700f8f6d4d"></a>
        
        
        <h3>Results</h3>
        <table class="proplist">
            <tr>
                <th>Duration</th><td>0.0 sec</td>
            </tr>
            <tr>
                <th>Tests</th><td>1</td>
            </tr>
            <tr>
                <th>Failures</th><td>0</td>
            </tr>
        </table>

        <div class="testclasses">
            <h3>Tests</h3>
            
            <div class="testclass">
                <h4>TedgeConnectTestPositive</h4>
                <div class="testcases">
                
                    <div class="test outcome outcome-passed">
                        <a id="18345e9b-934c-4737-8acc-cc5a13adb448"></a>
                        <table class="proplist">
                            <tr><th>Test case:</th><td><b>tedge_connect_test_positive</b></td></tr>
                            <tr><th>Outcome:</th><td>Passed</td></tr>
                            <tr><th>Duration:</th><td>0.0 sec</td></tr>
                        
                            <tr><th>Failed</th><td>None</td></tr>
                        
                        
                        </table>

                        
                        <pre>None</pre>
                        
                        

                        
                        
                        
                    </div>
                
                </div>
            </div>
            
        </div>
    </div>
    

    <div class="testsuite">
        <h2>Test Suite: tedge_connect_test_sm_services</h2>
        <a id="8f283e93-f431-40e4-b096-d82e8de60e36"></a>
        
        
        <h3>Results</h3>
        <table class="proplist">
            <tr>
                <th>Duration</th><td>0.0 sec</td>
            </tr>
            <tr>
                <th>Tests</th><td>1</td>
            </tr>
            <tr>
                <th>Failures</th><td>1</td>
            </tr>
        </table>

        <div class="testclasses">
            <h3>Tests</h3>
            
            <div class="testclass">
                <h4>TedgeConnectTestSMServices</h4>
                <div class="testcases">
                
                    <div class="test outcome outcome-failed">
                        <a id="acfde1d8-4e11-49c7-bf4c-a3bebc43c40b"></a>
                        <table class="proplist">
                            <tr><th>Test case:</th><td><b>tedge_connect_test_sm_services</b></td></tr>
                            <tr><th>Outcome:</th><td>Failed</td></tr>
                            <tr><th>Duration:</th><td>0.0 sec</td></tr>
                        
                            <tr><th>Failed</th><td>BLOCKED: Grep on tedge_connect.out contains &#34;tedge-mapper-c8y service successfully started and enabled!&#34; failed due to &lt;class &#39;pysys.exceptions.FileNotFoundException&#39;&gt;: unable to find file &#34;/home/pi/actions-runner/_work/thin-edge.io/thin-edge.io/tests/PySys/tedge_connect/tedge_connect_test_sm_services/Output/linux/tedge_connect.out&#34;</td></tr>
                        
                        
                        </table>

                        
                        <pre>failed</pre>
                        
                        

                        
                        
                        <div class="stdout"><i>Stdout</i><br>
                            <pre>14:10:52 INFO  ==============================================================
14:10:52 INFO  Id:    tedge_connect_test_sm_services
14:10:52 INFO  Dir:   tedge_connect/
14:10:52 INFO  Title: Validate Software Management Services started and enabled on tedge connect c8y
14:10:52 DEBUG Execution order hint: 0.0
14:10:52 INFO  ==============================================================
14:10:52 DEBUG EnvironmentC8y Setup
14:10:52 INFO  EnvironmentC8y Setup
14:10:52 DEBUG Process parameters for systemctl&lt;serv_mapper1&gt;
  command line : /usr/bin/systemctl status tedge-mapper-c8y
    arg #1     : status
    arg #2     : tedge-mapper-c8y
  working dir  : /home/pi/actions-runner/_work/thin-edge.io/thin-edge.io/tests/PySys/tedge_connect/tedge_connect_test_sm_services/Output/linux
  stdout       : /home/pi/actions-runner/_work/thin-edge.io/thin-edge.io/tests/PySys/tedge_connect/tedge_connect_test_sm_services/Output/linux/serv_mapper1.out
  stderr       : /home/pi/actions-runner/_work/thin-edge.io/thin-edge.io/tests/PySys/tedge_connect/tedge_connect_test_sm_services/Output/linux/serv_mapper1.err
  environment  : LD_LIBRARY_PATH=/usr/lib
  environment  : PATH=/bin:/usr/bin:/usr/sbin:/usr/local/bin
                   #1  /bin
                   #2  /usr/bin
                   #3  /usr/sbin
                   #4  /usr/local/bin
14:10:52 DEBUG Waiting up to 600 secs for process systemctl&lt;serv_mapper1&gt; (pid 1053)
14:10:52 INFO  Executed systemctl&lt;serv_mapper1&gt;, exit status 3
14:10:52 INFO  Restarting mosquitto too frequently in the last 10 seconds. It was only up for 3 seconds
14:10:52 INFO  Delaying execution by 8 seconds
14:11:00 DEBUG Process parameters for sudo&lt;tedge_connect_c8y&gt;
  command line : /usr/bin/sudo /usr/bin/tedge connect c8y
    arg #1     : /usr/bin/tedge
    arg #2     : connect
    arg #3     : c8y
  working dir  : /home/pi/actions-runner/_work/thin-edge.io/thin-edge.io/tests/PySys/tedge_connect/tedge_connect_test_sm_services/Output/linux
  stdout       : /home/pi/actions-runner/_work/thin-edge.io/thin-edge.io/tests/PySys/tedge_connect/tedge_connect_test_sm_services/Output/linux/tedge_connect_c8y.out
  stderr       : /home/pi/actions-runner/_work/thin-edge.io/thin-edge.io/tests/PySys/tedge_connect/tedge_connect_test_sm_services/Output/linux/tedge_connect_c8y.err
  environment  : LD_LIBRARY_PATH=/usr/lib
  environment  : PATH=/bin:/usr/bin:/usr/sbin:/usr/local/bin
                   #1  /bin
                   #2  /usr/bin
                   #3  /usr/sbin
                   #4  /usr/local/bin
14:11:00 DEBUG Waiting up to 600 secs for process sudo&lt;tedge_connect_c8y&gt; (pid 1082)
14:11:11 INFO  Executed sudo&lt;tedge_connect_c8y&gt;, exit status 0
14:11:11 DEBUG Process parameters for sudo&lt;tedge_connect_c8y_test&gt;
  command line : /usr/bin/sudo /usr/bin/tedge connect c8y --test
    arg #1     : /usr/bin/tedge
    arg #2     : connect
    arg #3     : c8y
    arg #4     : --test
  working dir  : /home/pi/actions-runner/_work/thin-edge.io/thin-edge.io/tests/PySys/tedge_connect/tedge_connect_test_sm_services/Output/linux
  stdout       : /home/pi/actions-runner/_work/thin-edge.io/thin-edge.io/tests/PySys/tedge_connect/tedge_connect_test_sm_services/Output/linux/tedge_connect_c8y_test.out
  stderr       : /home/pi/actions-runner/_work/thin-edge.io/thin-edge.io/tests/PySys/tedge_connect/tedge_connect_test_sm_services/Output/linux/tedge_connect_c8y_test.err
  environment  : LD_LIBRARY_PATH=/usr/lib
  environment  : PATH=/bin:/usr/bin:/usr/sbin:/usr/local/bin
                   #1  /bin
                   #2  /usr/bin
                   #3  /usr/sbin
                   #4  /usr/local/bin
14:11:11 DEBUG Waiting up to 600 secs for process sudo&lt;tedge_connect_c8y_test&gt; (pid 1241)
14:11:12 INFO  Executed sudo&lt;tedge_connect_c8y_test&gt;, exit status 0
14:11:12 DEBUG Process parameters for systemctl&lt;serv_mosq2&gt;
  command line : /usr/bin/systemctl status mosquitto
    arg #1     : status
    arg #2     : mosquitto
  working dir  : /home/pi/actions-runner/_work/thin-edge.io/thin-edge.io/tests/PySys/tedge_connect/tedge_connect_test_sm_services/Output/linux
  stdout       : /home/pi/actions-runner/_work/thin-edge.io/thin-edge.io/tests/PySys/tedge_connect/tedge_connect_test_sm_services/Output/linux/serv_mosq2.out
  stderr       : /home/pi/actions-runner/_work/thin-edge.io/thin-edge.io/tests/PySys/tedge_connect/tedge_connect_test_sm_services/Output/linux/serv_mosq2.err
  environment  : LD_LIBRARY_PATH=/usr/lib
  environment  : PATH=/bin:/usr/bin:/usr/sbin:/usr/local/bin
                   #1  /bin
                   #2  /usr/bin
                   #3  /usr/sbin
                   #4  /usr/local/bin
14:11:12 DEBUG Waiting up to 600 secs for process systemctl&lt;serv_mosq2&gt; (pid 1243)
14:11:12 INFO  Executed systemctl&lt;serv_mosq2&gt;, exit status 0
14:11:12 DEBUG Process parameters for systemctl&lt;serv_mapper3&gt;
  command line : /usr/bin/systemctl status tedge-mapper-c8y
    arg #1     : status
    arg #2     : tedge-mapper-c8y
  working dir  : /home/pi/actions-runner/_work/thin-edge.io/thin-edge.io/tests/PySys/tedge_connect/tedge_connect_test_sm_services/Output/linux
  stdout       : /home/pi/actions-runner/_work/thin-edge.io/thin-edge.io/tests/PySys/tedge_connect/tedge_connect_test_sm_services/Output/linux/serv_mapper3.out
  stderr       : /home/pi/actions-runner/_work/thin-edge.io/thin-edge.io/tests/PySys/tedge_connect/tedge_connect_test_sm_services/Output/linux/serv_mapper3.err
  environment  : LD_LIBRARY_PATH=/usr/lib
  environment  : PATH=/bin:/usr/bin:/usr/sbin:/usr/local/bin
                   #1  /bin
                   #2  /usr/bin
                   #3  /usr/sbin
                   #4  /usr/local/bin
14:11:12 DEBUG Waiting up to 600 secs for process systemctl&lt;serv_mapper3&gt; (pid 1247)
14:11:12 INFO  Executed systemctl&lt;serv_mapper3&gt;, exit status 0
14:11:12 DEBUG --- test execute
14:11:12 DEBUG EnvironmentC8y Execute
14:11:12 DEBUG --- test validate
14:11:12 DEBUG EnvironmentC8y Validate
14:11:12 DEBUG Process parameters for systemctl&lt;serv_mosq&gt;
  command line : /usr/bin/systemctl status mosquitto
    arg #1     : status
    arg #2     : mosquitto
  working dir  : /home/pi/actions-runner/_work/thin-edge.io/thin-edge.io/tests/PySys/tedge_connect/tedge_connect_test_sm_services/Output/linux
  stdout       : /home/pi/actions-runner/_work/thin-edge.io/thin-edge.io/tests/PySys/tedge_connect/tedge_connect_test_sm_services/Output/linux/serv_mosq.out
  stderr       : /home/pi/actions-runner/_work/thin-edge.io/thin-edge.io/tests/PySys/tedge_connect/tedge_connect_test_sm_services/Output/linux/serv_mosq.err
  environment  : LD_LIBRARY_PATH=/usr/lib
  environment  : PATH=/bin:/usr/bin:/usr/sbin:/usr/local/bin
                   #1  /bin
                   #2  /usr/bin
                   #3  /usr/sbin
                   #4  /usr/local/bin
14:11:12 DEBUG Waiting up to 600 secs for process systemctl&lt;serv_mosq&gt; (pid 1248)
14:11:12 INFO  Executed systemctl&lt;serv_mosq&gt;, exit status 0
14:11:12 DEBUG Process parameters for systemctl&lt;serv_mapper4&gt;
  command line : /usr/bin/systemctl status tedge-mapper-c8y
    arg #1     : status
    arg #2     : tedge-mapper-c8y
  working dir  : /home/pi/actions-runner/_work/thin-edge.io/thin-edge.io/tests/PySys/tedge_connect/tedge_connect_test_sm_services/Output/linux
  stdout       : /home/pi/actions-runner/_work/thin-edge.io/thin-edge.io/tests/PySys/tedge_connect/tedge_connect_test_sm_services/Output/linux/serv_mapper4.out
  stderr       : /home/pi/actions-runner/_work/thin-edge.io/thin-edge.io/tests/PySys/tedge_connect/tedge_connect_test_sm_services/Output/linux/serv_mapper4.err
  environment  : LD_LIBRARY_PATH=/usr/lib
  environment  : PATH=/bin:/usr/bin:/usr/sbin:/usr/local/bin
                   #1  /bin
                   #2  /usr/bin
                   #3  /usr/sbin
                   #4  /usr/local/bin
14:11:12 DEBUG Waiting up to 600 secs for process systemctl&lt;serv_mapper4&gt; (pid 1249)
14:11:13 INFO  Executed systemctl&lt;serv_mapper4&gt;, exit status 0
14:11:13 INFO  Validate
14:11:13 DEBUG Performing regex contains=True grep on file: /home/pi/actions-runner/_work/thin-edge.io/thin-edge.io/tests/PySys/tedge_connect/tedge_connect_test_sm_services/Output/linux/tedge_connect_c8y.out
14:11:13 DEBUG Grep on input file tedge_connect_c8y.out successfully matched expression &#34;tedge-agent service successfully started and enabled!&#34; with line: &#39;tedge-agent service successfully started and enabled!\n&#39;
14:11:13 INFO  Grep on input file tedge_connect_c8y.out ... passed
14:11:13 DEBUG Performing regex contains=True grep on file: /home/pi/actions-runner/_work/thin-edge.io/thin-edge.io/tests/PySys/tedge_connect/tedge_connect_test_sm_services/Output/linux/tedge_connect.out
14:11:13 WARN  caught &lt;class &#39;pysys.exceptions.FileNotFoundException&#39;&gt;: unable to find file &#34;/home/pi/actions-runner/_work/thin-edge.io/thin-edge.io/tests/PySys/tedge_connect/tedge_connect_test_sm_services/Output/linux/tedge_connect.out&#34;
Traceback (most recent call last):
  File &#34;/home/pi/env-pysys/lib/python3.7/site-packages/pysys/basetest.py&#34;, line 1203, in assertGrep
    result = getmatches(f, expr, ignores=ignores, returnFirstOnly=(contains==True), encoding=encoding or self.getDefaultFileEncoding(f), flags=reFlags, mappers=mappers)
  File &#34;/home/pi/env-pysys/lib/python3.7/site-packages/pysys/utils/filegrep.py&#34;, line 59, in getmatches
    raise FileNotFoundException(&#34;unable to find file \&#34;%s\&#34;&#34; % (file))
pysys.exceptions.FileNotFoundException: unable to find file &#34;/home/pi/actions-runner/_work/thin-edge.io/thin-edge.io/tests/PySys/tedge_connect/tedge_connect_test_sm_services/Output/linux/tedge_connect.out&#34;
14:11:13 WARN  Grep on tedge_connect.out contains &#34;tedge-mapper-c8y service successfully started and enabled!&#34; failed due to &lt;class &#39;pysys.exceptions.FileNotFoundException&#39;&gt;: unable to find file &#34;/home/pi/actions-runner/_work/thin-edge.io/thin-edge.io/tests/PySys/tedge_connect/tedge_connect_test_sm_services/Output/linux/tedge_connect.out&#34; ... blocked [run.py:37]
14:11:13 DEBUG --- test cleanup
14:11:13 INFO  
14:11:13 INFO  cleanup:
14:11:13 DEBUG Running registered cleanup function: &lt;bound method EnvironmentC8y.myenvcleanup of &lt;TedgeConnectTestSMServices object at 0x751a4710&gt;&gt;
14:11:13 DEBUG EnvironmentC8y Cleanup
14:11:13 DEBUG Process parameters for sudo&lt;tedge_disconnect_c8y&gt;
  command line : /usr/bin/sudo /usr/bin/tedge disconnect c8y
    arg #1     : /usr/bin/tedge
    arg #2     : disconnect
    arg #3     : c8y
  working dir  : /home/pi/actions-runner/_work/thin-edge.io/thin-edge.io/tests/PySys/tedge_connect/tedge_connect_test_sm_services/Output/linux
  stdout       : /home/pi/actions-runner/_work/thin-edge.io/thin-edge.io/tests/PySys/tedge_connect/tedge_connect_test_sm_services/Output/linux/tedge_disconnect_c8y.out
  stderr       : /home/pi/actions-runner/_work/thin-edge.io/thin-edge.io/tests/PySys/tedge_connect/tedge_connect_test_sm_services/Output/linux/tedge_disconnect_c8y.err
  environment  : LD_LIBRARY_PATH=/usr/lib
  environment  : PATH=/bin:/usr/bin:/usr/sbin:/usr/local/bin
                   #1  /bin
                   #2  /usr/bin
                   #3  /usr/sbin
                   #4  /usr/local/bin
14:11:13 DEBUG Waiting up to 600 secs for process sudo&lt;tedge_disconnect_c8y&gt; (pid 1265)
14:11:15 INFO  Executed sudo&lt;tedge_disconnect_c8y&gt;, exit status 0
14:11:15 DEBUG Process parameters for systemctl&lt;serv_mapper5&gt;
  command line : /usr/bin/systemctl status tedge-mapper-c8y
    arg #1     : status
    arg #2     : tedge-mapper-c8y
  working dir  : /home/pi/actions-runner/_work/thin-edge.io/thin-edge.io/tests/PySys/tedge_connect/tedge_connect_test_sm_services/Output/linux
  stdout       : /home/pi/actions-runner/_work/thin-edge.io/thin-edge.io/tests/PySys/tedge_connect/tedge_connect_test_sm_services/Output/linux/serv_mapper5.out
  stderr       : /home/pi/actions-runner/_work/thin-edge.io/thin-edge.io/tests/PySys/tedge_connect/tedge_connect_test_sm_services/Output/linux/serv_mapper5.err
  environment  : LD_LIBRARY_PATH=/usr/lib
  environment  : PATH=/bin:/usr/bin:/usr/sbin:/usr/local/bin
                   #1  /bin
                   #2  /usr/bin
                   #3  /usr/sbin
                   #4  /usr/local/bin
14:11:15 DEBUG Waiting up to 600 secs for process systemctl&lt;serv_mapper5&gt; (pid 1305)
14:11:15 INFO  Executed systemctl&lt;serv_mapper5&gt;, exit status 3
14:11:15 DEBUG ProcessUser cleanup function done.
14:11:15 INFO  
14:11:15 INFO  Test duration: 23.23 secs
14:11:15 INFO  Test final outcome:  BLOCKED
14:11:15 INFO  Test outcome reason: Grep on tedge_connect.out contains &#34;tedge-mapper-c8y service successfully started and enabled!&#34; failed due to &lt;class &#39;pysys.exceptions.FileNotFoundException&#39;&gt;: unable to find file &#34;/home/pi/actions-runner/_work/thin-edge.io/thin-edge.io/tests/PySys/tedge_connect/tedge_connect_test_sm_services/Output/linux/tedge_connect.out&#34;
14:11:15 INFO  
</pre>
                        </div>
                        
                        
                    </div>
                
                </div>
            </div>
            
        </div>
    </div>
    

    <div class="testsuite">
        <h2>Test Suite: tedge_disconnect_test_sm_services</h2>
        <a id="f6a174e8-c3b7-4bd0-a516-78153818838c"></a>
        
        
        <h3>Results</h3>
        <table class="proplist">
            <tr>
                <th>Duration</th><td>0.0 sec</td>
            </tr>
            <tr>
                <th>Tests</th><td>1</td>
            </tr>
            <tr>
                <th>Failures</th><td>0</td>
            </tr>
        </table>

        <div class="testclasses">
            <h3>Tests</h3>
            
            <div class="testclass">
                <h4>TedgeDisConnectTestSMServices</h4>
                <div class="testcases">
                
                    <div class="test outcome outcome-passed">
                        <a id="206e528b-9a12-4fee-8716-f74d015270ec"></a>
                        <table class="proplist">
                            <tr><th>Test case:</th><td><b>tedge_disconnect_test_sm_services</b></td></tr>
                            <tr><th>Outcome:</th><td>Passed</td></tr>
                            <tr><th>Duration:</th><td>0.0 sec</td></tr>
                        
                            <tr><th>Failed</th><td>None</td></tr>
                        
                        
                        </table>

                        
                        <pre>None</pre>
                        
                        

                        
                        
                        
                    </div>
                
                </div>
            </div>
            
        </div>
    </div>
    

    <div class="testsuite">
        <h2>Test Suite: tedge_mapper_az_negative</h2>
        <a id="5c7a75b2-e6fc-4ba2-95e1-8f9f49a88a3a"></a>
        
        
        <h3>Results</h3>
        <table class="proplist">
            <tr>
                <th>Duration</th><td>0.0 sec</td>
            </tr>
            <tr>
                <th>Tests</th><td>1</td>
            </tr>
            <tr>
                <th>Failures</th><td>0</td>
            </tr>
        </table>

        <div class="testclasses">
            <h3>Tests</h3>
            
            <div class="testclass">
                <h4>TedgeMapperAzError</h4>
                <div class="testcases">
                
                    <div class="test outcome outcome-passed">
                        <a id="61c69cf6-3bfc-45a4-968b-618dfbdd98df"></a>
                        <table class="proplist">
                            <tr><th>Test case:</th><td><b>tedge_mapper_az_negative</b></td></tr>
                            <tr><th>Outcome:</th><td>Passed</td></tr>
                            <tr><th>Duration:</th><td>0.0 sec</td></tr>
                        
                            <tr><th>Failed</th><td>None</td></tr>
                        
                        
                        </table>

                        
                        <pre>None</pre>
                        
                        

                        
                        
                        
                    </div>
                
                </div>
            </div>
            
        </div>
    </div>
    

    <div class="testsuite">
        <h2>Test Suite: tedge_mapper_az_with_timestamp</h2>
        <a id="57263953-ebf7-45f5-b783-6ead0d3d6bdc"></a>
        
        
        <h3>Results</h3>
        <table class="proplist">
            <tr>
                <th>Duration</th><td>0.0 sec</td>
            </tr>
            <tr>
                <th>Tests</th><td>1</td>
            </tr>
            <tr>
                <th>Failures</th><td>0</td>
            </tr>
        </table>

        <div class="testclasses">
            <h3>Tests</h3>
            
            <div class="testclass">
                <h4>TedgeMapperAzWithTimestamp</h4>
                <div class="testcases">
                
                    <div class="test outcome outcome-passed">
                        <a id="195b7b15-212c-4b7e-9f84-d4475a719fac"></a>
                        <table class="proplist">
                            <tr><th>Test case:</th><td><b>tedge_mapper_az_with_timestamp</b></td></tr>
                            <tr><th>Outcome:</th><td>Passed</td></tr>
                            <tr><th>Duration:</th><td>0.0 sec</td></tr>
                        
                            <tr><th>Failed</th><td>None</td></tr>
                        
                        
                        </table>

                        
                        <pre>None</pre>
                        
                        

                        
                        
                        
                    </div>
                
                </div>
            </div>
            
        </div>
    </div>
    

    <div class="testsuite">
        <h2>Test Suite: tedge_mapper_az_without_timestamp</h2>
        <a id="46c0ee7c-186c-4fd2-bb80-ab87b6d60cba"></a>
        
        
        <h3>Results</h3>
        <table class="proplist">
            <tr>
                <th>Duration</th><td>0.0 sec</td>
            </tr>
            <tr>
                <th>Tests</th><td>1</td>
            </tr>
            <tr>
                <th>Failures</th><td>0</td>
            </tr>
        </table>

        <div class="testclasses">
            <h3>Tests</h3>
            
            <div class="testclass">
                <h4>TedgeMapperAzWithoutTimestamp</h4>
                <div class="testcases">
                
                    <div class="test outcome outcome-passed">
                        <a id="1f81928d-c448-4f63-9b3b-4a84d26bad68"></a>
                        <table class="proplist">
                            <tr><th>Test case:</th><td><b>tedge_mapper_az_without_timestamp</b></td></tr>
                            <tr><th>Outcome:</th><td>Passed</td></tr>
                            <tr><th>Duration:</th><td>0.0 sec</td></tr>
                        
                            <tr><th>Failed</th><td>None</td></tr>
                        
                        
                        </table>

                        
                        <pre>None</pre>
                        
                        

                        
                        
                        
                    </div>
                
                </div>
            </div>
            
        </div>
    </div>
    

    <div class="testsuite">
        <h2>Test Suite: tedge_mapper_c8y_alarms</h2>
        <a id="3c39ba04-67eb-4905-8270-cbdf5c05d660"></a>
        
        
        <h3>Results</h3>
        <table class="proplist">
            <tr>
                <th>Duration</th><td>0.0 sec</td>
            </tr>
            <tr>
                <th>Tests</th><td>1</td>
            </tr>
            <tr>
                <th>Failures</th><td>0</td>
            </tr>
        </table>

        <div class="testclasses">
            <h3>Tests</h3>
            
            <div class="testclass">
                <h4>TedgeMapperC8yAlarm</h4>
                <div class="testcases">
                
                    <div class="test outcome outcome-passed">
                        <a id="9f22f82d-a644-49b5-8814-ec63be94806b"></a>
                        <table class="proplist">
                            <tr><th>Test case:</th><td><b>tedge_mapper_c8y_alarms</b></td></tr>
                            <tr><th>Outcome:</th><td>Passed</td></tr>
                            <tr><th>Duration:</th><td>0.0 sec</td></tr>
                        
                            <tr><th>Failed</th><td>None</td></tr>
                        
                        
                        </table>

                        
                        <pre>None</pre>
                        
                        

                        
                        
                        
                    </div>
                
                </div>
            </div>
            
        </div>
    </div>
    

    <div class="testsuite">
        <h2>Test Suite: tedge_mapper_c8y_child_device_measurement</h2>
        <a id="7dfc7a49-786d-40bc-849a-690a5c2a1e43"></a>
        
        
        <h3>Results</h3>
        <table class="proplist">
            <tr>
                <th>Duration</th><td>0.0 sec</td>
            </tr>
            <tr>
                <th>Tests</th><td>1</td>
            </tr>
            <tr>
                <th>Failures</th><td>0</td>
            </tr>
        </table>

        <div class="testclasses">
            <h3>Tests</h3>
            
            <div class="testclass">
                <h4>TedgeMapperC8yChildDevice</h4>
                <div class="testcases">
                
                    <div class="test outcome outcome-passed">
                        <a id="28c90f8b-a7e8-440e-aeaa-1be2aea7e5d5"></a>
                        <table class="proplist">
                            <tr><th>Test case:</th><td><b>tedge_mapper_c8y_child_device_measurement</b></td></tr>
                            <tr><th>Outcome:</th><td>Passed</td></tr>
                            <tr><th>Duration:</th><td>0.0 sec</td></tr>
                        
                            <tr><th>Failed</th><td>None</td></tr>
                        
                        
                        </table>

                        
                        <pre>None</pre>
                        
                        

                        
                        
                        
                    </div>
                
                </div>
            </div>
            
        </div>
    </div>
    

    <div class="testsuite">
        <h2>Test Suite: tedge_mapper_c8y_negative</h2>
        <a id="ad1ba4e7-a3f4-4f27-9c51-e0d30ca4a0c5"></a>
        
        
        <h3>Results</h3>
        <table class="proplist">
            <tr>
                <th>Duration</th><td>0.0 sec</td>
            </tr>
            <tr>
                <th>Tests</th><td>1</td>
            </tr>
            <tr>
                <th>Failures</th><td>1</td>
            </tr>
        </table>

        <div class="testclasses">
            <h3>Tests</h3>
            
            <div class="testclass">
                <h4>TedgeMapperC8y</h4>
                <div class="testcases">
                
                    <div class="test outcome outcome-failed">
                        <a id="be40f664-630b-4b66-8596-c92292c85328"></a>
                        <table class="proplist">
                            <tr><th>Test case:</th><td><b>tedge_mapper_c8y_negative</b></td></tr>
                            <tr><th>Outcome:</th><td>Failed</td></tr>
                            <tr><th>Duration:</th><td>0.0 sec</td></tr>
                        
                            <tr><th>Failed</th><td>FAILED: Grep on tedge_sub.out contains &#34;Invalid JSON&#34;</td></tr>
                        
                        
                        </table>

                        
                        <pre>failed</pre>
                        
                        

                        
                        
                        <div class="stdout"><i>Stdout</i><br>
                            <pre>14:13:15 INFO  ==============================================================
14:13:15 INFO  Id:    tedge_mapper_c8y_negative
14:13:15 INFO  Dir:   tedge_mapper_c8y/
14:13:15 INFO  Title: Validate the Cumulocity Mapper that publishes an error message on tedge/errors when it receives an invalid JSON message on tedge/measurements
14:13:15 DEBUG Execution order hint: 0.0
14:13:15 INFO  ==============================================================
14:13:15 DEBUG Process parameters for sudo&lt;tedge_mapper_c8y&gt;
  command line : /usr/bin/sudo systemctl start tedge-mapper-c8y
    arg #1     : systemctl
    arg #2     : start
    arg #3     : tedge-mapper-c8y
  working dir  : /home/pi/actions-runner/_work/thin-edge.io/thin-edge.io/tests/PySys/tedge_mapper_c8y/tedge_mapper_c8y_negative/Output/linux
  stdout       : /home/pi/actions-runner/_work/thin-edge.io/thin-edge.io/tests/PySys/tedge_mapper_c8y/tedge_mapper_c8y_negative/Output/linux/tedge_mapper_c8y.out
  stderr       : /home/pi/actions-runner/_work/thin-edge.io/thin-edge.io/tests/PySys/tedge_mapper_c8y/tedge_mapper_c8y_negative/Output/linux/tedge_mapper_c8y.err
  environment  : LD_LIBRARY_PATH=/usr/lib
  environment  : PATH=/bin:/usr/bin:/usr/sbin:/usr/local/bin
                   #1  /bin
                   #2  /usr/bin
                   #3  /usr/sbin
                   #4  /usr/local/bin
14:13:15 DEBUG Waiting up to 600 secs for process sudo&lt;tedge_mapper_c8y&gt; (pid 2619)
14:13:15 INFO  Executed sudo&lt;tedge_mapper_c8y&gt;, exit status 0
14:13:15 DEBUG --- test execute
14:13:15 DEBUG Process parameters for sudo&lt;tedge_sub&gt;
  command line : /usr/bin/sudo /usr/bin/tedge mqtt sub --no-topic tedge/errors
    arg #1     : /usr/bin/tedge
    arg #2     : mqtt
    arg #3     : sub
    arg #4     : --no-topic
    arg #5     : tedge/errors
  working dir  : /home/pi/actions-runner/_work/thin-edge.io/thin-edge.io/tests/PySys/tedge_mapper_c8y/tedge_mapper_c8y_negative/Output/linux
  stdout       : /home/pi/actions-runner/_work/thin-edge.io/thin-edge.io/tests/PySys/tedge_mapper_c8y/tedge_mapper_c8y_negative/Output/linux/tedge_sub.out
  stderr       : /home/pi/actions-runner/_work/thin-edge.io/thin-edge.io/tests/PySys/tedge_mapper_c8y/tedge_mapper_c8y_negative/Output/linux/tedge_sub.err
  environment  : LD_LIBRARY_PATH=/usr/lib
  environment  : PATH=/bin:/usr/bin:/usr/sbin:/usr/local/bin
                   #1  /bin
                   #2  /usr/bin
                   #3  /usr/sbin
                   #4  /usr/local/bin
14:13:15 INFO  Started sudo&lt;tedge_sub&gt; with process id 2626
14:13:15 DEBUG Process parameters for sudo&lt;tedge_temp&gt;
  command line : /usr/bin/sudo /usr/bin/tedge mqtt pub tedge/measurements &#39;{&#39;
    arg #1     : /usr/bin/tedge
    arg #2     : mqtt
    arg #3     : pub
    arg #4     : tedge/measurements
    arg #5     : {
  working dir  : /home/pi/actions-runner/_work/thin-edge.io/thin-edge.io/tests/PySys/tedge_mapper_c8y/tedge_mapper_c8y_negative/Output/linux
  stdout       : /home/pi/actions-runner/_work/thin-edge.io/thin-edge.io/tests/PySys/tedge_mapper_c8y/tedge_mapper_c8y_negative/Output/linux/tedge_temp.out
  stderr       : /home/pi/actions-runner/_work/thin-edge.io/thin-edge.io/tests/PySys/tedge_mapper_c8y/tedge_mapper_c8y_negative/Output/linux/tedge_temp.err
  environment  : LD_LIBRARY_PATH=/usr/lib
  environment  : PATH=/bin:/usr/bin:/usr/sbin:/usr/local/bin
                   #1  /bin
                   #2  /usr/bin
                   #3  /usr/sbin
                   #4  /usr/local/bin
14:13:15 DEBUG Waiting up to 600 secs for process sudo&lt;tedge_temp&gt; (pid 2627)
14:13:16 INFO  Executed sudo&lt;tedge_temp&gt;, exit status 0
14:13:16 DEBUG Process parameters for sudo&lt;kill_out&gt;
  command line : /usr/bin/sudo killall tedge
    arg #1     : killall
    arg #2     : tedge
  working dir  : /home/pi/actions-runner/_work/thin-edge.io/thin-edge.io/tests/PySys/tedge_mapper_c8y/tedge_mapper_c8y_negative/Output/linux
  stdout       : /home/pi/actions-runner/_work/thin-edge.io/thin-edge.io/tests/PySys/tedge_mapper_c8y/tedge_mapper_c8y_negative/Output/linux/kill_out.out
  stderr       : /home/pi/actions-runner/_work/thin-edge.io/thin-edge.io/tests/PySys/tedge_mapper_c8y/tedge_mapper_c8y_negative/Output/linux/kill_out.err
  environment  : LD_LIBRARY_PATH=/usr/lib
  environment  : PATH=/bin:/usr/bin:/usr/sbin:/usr/local/bin
                   #1  /bin
                   #2  /usr/bin
                   #3  /usr/sbin
                   #4  /usr/local/bin
14:13:16 DEBUG Waiting up to 600 secs for process sudo&lt;kill_out&gt; (pid 2630)
14:13:16 INFO  Executed sudo&lt;kill_out&gt;, exit status 0
14:13:16 DEBUG --- test validate
14:13:16 DEBUG Performing regex contains=True grep on file: /home/pi/actions-runner/_work/thin-edge.io/thin-edge.io/tests/PySys/tedge_mapper_c8y/tedge_mapper_c8y_negative/Output/linux/tedge_sub.out
14:13:16 WARN  Grep on tedge_sub.out contains &#34;Invalid JSON&#34; ... failed [run.py:63]
14:13:16 DEBUG --- test cleanup
14:13:16 INFO  
14:13:16 INFO  cleanup:
14:13:16 DEBUG Running registered cleanup function: &lt;bound method TedgeMapperC8y.mapper_cleanup of &lt;TedgeMapperC8y object at 0x7518ef90&gt;&gt;
14:13:16 INFO  mapper_cleanup
14:13:16 DEBUG Process parameters for sudo&lt;tedge_mapper_c8y&gt;
  command line : /usr/bin/sudo systemctl stop tedge-mapper-c8y
    arg #1     : systemctl
    arg #2     : stop
    arg #3     : tedge-mapper-c8y
  working dir  : /home/pi/actions-runner/_work/thin-edge.io/thin-edge.io/tests/PySys/tedge_mapper_c8y/tedge_mapper_c8y_negative/Output/linux
  stdout       : /home/pi/actions-runner/_work/thin-edge.io/thin-edge.io/tests/PySys/tedge_mapper_c8y/tedge_mapper_c8y_negative/Output/linux/tedge_mapper_c8y.out
  stderr       : /home/pi/actions-runner/_work/thin-edge.io/thin-edge.io/tests/PySys/tedge_mapper_c8y/tedge_mapper_c8y_negative/Output/linux/tedge_mapper_c8y.err
  environment  : LD_LIBRARY_PATH=/usr/lib
  environment  : PATH=/bin:/usr/bin:/usr/sbin:/usr/local/bin
                   #1  /bin
                   #2  /usr/bin
                   #3  /usr/sbin
                   #4  /usr/local/bin
14:13:16 DEBUG Waiting up to 600 secs for process sudo&lt;tedge_mapper_c8y&gt; (pid 2644)
14:13:16 INFO  Executed sudo&lt;tedge_mapper_c8y&gt;, exit status 0
14:13:16 DEBUG ProcessUser cleanup function done.
14:13:16 INFO  
14:13:16 INFO  Test duration: 1.17 secs
14:13:16 INFO  Test final outcome:  FAILED
14:13:16 INFO  Test outcome reason: Grep on tedge_sub.out contains &#34;Invalid JSON&#34;
14:13:16 INFO  
</pre>
                        </div>
                        
                        
                    </div>
                
                </div>
            </div>
            
        </div>
    </div>
    

    <div class="testsuite">
        <h2>Test Suite: tedge_mapper_c8y_packet_threshold_size</h2>
        <a id="b1fbf941-f308-4d54-a0d9-4cf9da65be5f"></a>
        
        
        <h3>Results</h3>
        <table class="proplist">
            <tr>
                <th>Duration</th><td>0.0 sec</td>
            </tr>
            <tr>
                <th>Tests</th><td>1</td>
            </tr>
            <tr>
                <th>Failures</th><td>1</td>
            </tr>
        </table>

        <div class="testclasses">
            <h3>Tests</h3>
            
            <div class="testclass">
                <h4>TedgeMapperC8yThresholdPacketSize</h4>
                <div class="testcases">
                
                    <div class="test outcome outcome-failed">
                        <a id="493c57cf-6081-4377-b24c-9a6a1cc08d09"></a>
                        <table class="proplist">
                            <tr><th>Test case:</th><td><b>tedge_mapper_c8y_packet_threshold_size</b></td></tr>
                            <tr><th>Outcome:</th><td>Failed</td></tr>
                            <tr><th>Duration:</th><td>0.0 sec</td></tr>
                        
                            <tr><th>Failed</th><td>FAILED: Grep on tedge_sub.out contains &#34;The input size 20489 is too big. The threshold is 16384.&#34;</td></tr>
                        
                        
                        </table>

                        
                        <pre>failed</pre>
                        
                        

                        
                        
                        <div class="stdout"><i>Stdout</i><br>
                            <pre>14:13:16 INFO  ==============================================================
14:13:16 INFO  Id:    tedge_mapper_c8y_packet_threshold_size
14:13:16 INFO  Dir:   tedge_mapper_c8y/
14:13:16 INFO  Title: Validate the Cumulocity Mapper accepted threshold packet size when it receives a message on tedge/measurements
14:13:16 DEBUG Execution order hint: 0.0
14:13:16 INFO  ==============================================================
14:13:16 DEBUG Process parameters for sudo&lt;tedge_mapper_c8y&gt;
  command line : /usr/bin/sudo systemctl start tedge-mapper-c8y
    arg #1     : systemctl
    arg #2     : start
    arg #3     : tedge-mapper-c8y
  working dir  : /home/pi/actions-runner/_work/thin-edge.io/thin-edge.io/tests/PySys/tedge_mapper_c8y/tedge_mapper_c8y_packet_threshold_size/Output/linux
  stdout       : /home/pi/actions-runner/_work/thin-edge.io/thin-edge.io/tests/PySys/tedge_mapper_c8y/tedge_mapper_c8y_packet_threshold_size/Output/linux/tedge_mapper_c8y.out
  stderr       : /home/pi/actions-runner/_work/thin-edge.io/thin-edge.io/tests/PySys/tedge_mapper_c8y/tedge_mapper_c8y_packet_threshold_size/Output/linux/tedge_mapper_c8y.err
  environment  : LD_LIBRARY_PATH=/usr/lib
  environment  : PATH=/bin:/usr/bin:/usr/sbin:/usr/local/bin
                   #1  /bin
                   #2  /usr/bin
                   #3  /usr/sbin
                   #4  /usr/local/bin
14:13:16 DEBUG Waiting up to 600 secs for process sudo&lt;tedge_mapper_c8y&gt; (pid 2654)
14:13:16 INFO  Executed sudo&lt;tedge_mapper_c8y&gt;, exit status 0
14:13:16 DEBUG --- test execute
14:13:16 DEBUG Process parameters for sudo&lt;tedge_sub&gt;
  command line : /usr/bin/sudo /usr/bin/tedge mqtt sub --no-topic tedge/errors
    arg #1     : /usr/bin/tedge
    arg #2     : mqtt
    arg #3     : sub
    arg #4     : --no-topic
    arg #5     : tedge/errors
  working dir  : /home/pi/actions-runner/_work/thin-edge.io/thin-edge.io/tests/PySys/tedge_mapper_c8y/tedge_mapper_c8y_packet_threshold_size/Output/linux
  stdout       : /home/pi/actions-runner/_work/thin-edge.io/thin-edge.io/tests/PySys/tedge_mapper_c8y/tedge_mapper_c8y_packet_threshold_size/Output/linux/tedge_sub.out
  stderr       : /home/pi/actions-runner/_work/thin-edge.io/thin-edge.io/tests/PySys/tedge_mapper_c8y/tedge_mapper_c8y_packet_threshold_size/Output/linux/tedge_sub.err
  environment  : LD_LIBRARY_PATH=/usr/lib
  environment  : PATH=/bin:/usr/bin:/usr/sbin:/usr/local/bin
                   #1  /bin
                   #2  /usr/bin
                   #3  /usr/sbin
                   #4  /usr/local/bin
14:13:16 INFO  Started sudo&lt;tedge_sub&gt; with process id 2661
14:13:17 DEBUG Process parameters for sudo&lt;tedge_msg&gt;
  command line : /usr/bin/sudo dd if=/dev/zero of=/tmp/big_message.txt bs=10 count=1 seek=2048
    arg #1     : dd
    arg #2     : if=/dev/zero
    arg #3     : of=/tmp/big_message.txt
    arg #4     : bs=10
    arg #5     : count=1
    arg #6     : seek=2048
  working dir  : /home/pi/actions-runner/_work/thin-edge.io/thin-edge.io/tests/PySys/tedge_mapper_c8y/tedge_mapper_c8y_packet_threshold_size/Output/linux
  stdout       : /home/pi/actions-runner/_work/thin-edge.io/thin-edge.io/tests/PySys/tedge_mapper_c8y/tedge_mapper_c8y_packet_threshold_size/Output/linux/tedge_msg.out
  stderr       : /home/pi/actions-runner/_work/thin-edge.io/thin-edge.io/tests/PySys/tedge_mapper_c8y/tedge_mapper_c8y_packet_threshold_size/Output/linux/tedge_msg.err
  environment  : LD_LIBRARY_PATH=/usr/lib
  environment  : PATH=/bin:/usr/bin:/usr/sbin:/usr/local/bin
                   #1  /bin
                   #2  /usr/bin
                   #3  /usr/sbin
                   #4  /usr/local/bin
14:13:17 DEBUG Waiting up to 600 secs for process sudo&lt;tedge_msg&gt; (pid 2662)
14:13:17 INFO  Executed sudo&lt;tedge_msg&gt;, exit status 0
14:13:17 DEBUG Process parameters for sudo&lt;tedge_pub&gt;
  command line : /usr/bin/sudo /usr/bin/mosquitto_pub -t tedge/measurements -f /tmp/big_message.txt
    arg #1     : /usr/bin/mosquitto_pub
    arg #2     : -t
    arg #3     : tedge/measurements
    arg #4     : -f
    arg #5     : /tmp/big_message.txt
  working dir  : /home/pi/actions-runner/_work/thin-edge.io/thin-edge.io/tests/PySys/tedge_mapper_c8y/tedge_mapper_c8y_packet_threshold_size/Output/linux
  stdout       : /home/pi/actions-runner/_work/thin-edge.io/thin-edge.io/tests/PySys/tedge_mapper_c8y/tedge_mapper_c8y_packet_threshold_size/Output/linux/tedge_pub.out
  stderr       : /home/pi/actions-runner/_work/thin-edge.io/thin-edge.io/tests/PySys/tedge_mapper_c8y/tedge_mapper_c8y_packet_threshold_size/Output/linux/tedge_pub.err
  environment  : LD_LIBRARY_PATH=/usr/lib
  environment  : PATH=/bin:/usr/bin:/usr/sbin:/usr/local/bin
                   #1  /bin
                   #2  /usr/bin
                   #3  /usr/sbin
                   #4  /usr/local/bin
14:13:17 DEBUG Waiting up to 600 secs for process sudo&lt;tedge_pub&gt; (pid 2665)
14:13:17 INFO  Executed sudo&lt;tedge_pub&gt;, exit status 0
14:13:17 DEBUG Process parameters for sudo&lt;kill_out&gt;
  command line : /usr/bin/sudo killall tedge
    arg #1     : killall
    arg #2     : tedge
  working dir  : /home/pi/actions-runner/_work/thin-edge.io/thin-edge.io/tests/PySys/tedge_mapper_c8y/tedge_mapper_c8y_packet_threshold_size/Output/linux
  stdout       : /home/pi/actions-runner/_work/thin-edge.io/thin-edge.io/tests/PySys/tedge_mapper_c8y/tedge_mapper_c8y_packet_threshold_size/Output/linux/kill_out.out
  stderr       : /home/pi/actions-runner/_work/thin-edge.io/thin-edge.io/tests/PySys/tedge_mapper_c8y/tedge_mapper_c8y_packet_threshold_size/Output/linux/kill_out.err
  environment  : LD_LIBRARY_PATH=/usr/lib
  environment  : PATH=/bin:/usr/bin:/usr/sbin:/usr/local/bin
                   #1  /bin
                   #2  /usr/bin
                   #3  /usr/sbin
                   #4  /usr/local/bin
14:13:17 DEBUG Waiting up to 600 secs for process sudo&lt;kill_out&gt; (pid 2667)
14:13:17 INFO  Executed sudo&lt;kill_out&gt;, exit status 0
14:13:17 DEBUG --- test validate
14:13:17 DEBUG Performing regex contains=True grep on file: /home/pi/actions-runner/_work/thin-edge.io/thin-edge.io/tests/PySys/tedge_mapper_c8y/tedge_mapper_c8y_packet_threshold_size/Output/linux/tedge_sub.out
14:13:17 WARN  Grep on tedge_sub.out contains &#34;The input size 20489 is too big. The threshold is 16384.&#34; ... failed [run.py:71]
14:13:17 DEBUG --- test cleanup
14:13:17 INFO  
14:13:17 INFO  cleanup:
14:13:17 DEBUG Running registered cleanup function: &lt;bound method TedgeMapperC8yThresholdPacketSize.mapper_cleanup of &lt;TedgeMapperC8yThresholdPacketSize object at 0x7518eb90&gt;&gt;
14:13:17 INFO  mapper_cleanup
14:13:17 DEBUG Process parameters for sudo&lt;tedge_mapper_c8y&gt;
  command line : /usr/bin/sudo systemctl stop tedge-mapper-c8y
    arg #1     : systemctl
    arg #2     : stop
    arg #3     : tedge-mapper-c8y
  working dir  : /home/pi/actions-runner/_work/thin-edge.io/thin-edge.io/tests/PySys/tedge_mapper_c8y/tedge_mapper_c8y_packet_threshold_size/Output/linux
  stdout       : /home/pi/actions-runner/_work/thin-edge.io/thin-edge.io/tests/PySys/tedge_mapper_c8y/tedge_mapper_c8y_packet_threshold_size/Output/linux/tedge_mapper_c8y.out
  stderr       : /home/pi/actions-runner/_work/thin-edge.io/thin-edge.io/tests/PySys/tedge_mapper_c8y/tedge_mapper_c8y_packet_threshold_size/Output/linux/tedge_mapper_c8y.err
  environment  : LD_LIBRARY_PATH=/usr/lib
  environment  : PATH=/bin:/usr/bin:/usr/sbin:/usr/local/bin
                   #1  /bin
                   #2  /usr/bin
                   #3  /usr/sbin
                   #4  /usr/local/bin
14:13:17 DEBUG Waiting up to 600 secs for process sudo&lt;tedge_mapper_c8y&gt; (pid 2669)
14:13:18 INFO  Executed sudo&lt;tedge_mapper_c8y&gt;, exit status 0
14:13:18 DEBUG ProcessUser cleanup function done.
14:13:18 INFO  
14:13:18 INFO  Test duration: 1.44 secs
14:13:18 INFO  Test final outcome:  FAILED
14:13:18 INFO  Test outcome reason: Grep on tedge_sub.out contains &#34;The input size 20489 is too big. The threshold is 16384.&#34;
14:13:18 INFO  
</pre>
                        </div>
                        
                        
                    </div>
                
                </div>
            </div>
            
        </div>
    </div>
    

    <div class="testsuite">
        <h2>Test Suite: tedge_mapper_c8y_positive</h2>
        <a id="37cfe74c-5e2f-470b-93c3-ce5e2d0b637d"></a>
        
        
        <h3>Results</h3>
        <table class="proplist">
            <tr>
                <th>Duration</th><td>0.0 sec</td>
            </tr>
            <tr>
                <th>Tests</th><td>1</td>
            </tr>
            <tr>
                <th>Failures</th><td>1</td>
            </tr>
        </table>

        <div class="testclasses">
            <h3>Tests</h3>
            
            <div class="testclass">
                <h4>TedgeMapperC8y</h4>
                <div class="testcases">
                
                    <div class="test outcome outcome-failed">
                        <a id="a3a42f70-a0eb-45fe-a1ef-37dfb87da600"></a>
                        <table class="proplist">
                            <tr><th>Test case:</th><td><b>tedge_mapper_c8y_positive</b></td></tr>
                            <tr><th>Outcome:</th><td>Failed</td></tr>
                            <tr><th>Duration:</th><td>0.0 sec</td></tr>
                        
                            <tr><th>Failed</th><td>BLOCKED: JSONDecodeError: Expecting value: line 1 column 1 (char 0)</td></tr>
                        
                        
                        </table>

                        
                        <pre>failed</pre>
                        
                        

                        
                        
                        <div class="stdout"><i>Stdout</i><br>
                            <pre>14:13:18 INFO  ==============================================================
14:13:18 INFO  Id:    tedge_mapper_c8y_positive
14:13:18 INFO  Dir:   tedge_mapper_c8y/
14:13:18 INFO  Title: Validate the Cumulocity Mapper that publishes a Thin Edge JSON message on c8y/measurement/measurements/create when it receives a valid JSON message on tedge/measurements
14:13:18 DEBUG Execution order hint: 0.0
14:13:18 INFO  ==============================================================
14:13:18 DEBUG Process parameters for sudo&lt;tedge_mapper_c8y&gt;
  command line : /usr/bin/sudo systemctl start tedge-mapper-c8y
    arg #1     : systemctl
    arg #2     : start
    arg #3     : tedge-mapper-c8y
  working dir  : /home/pi/actions-runner/_work/thin-edge.io/thin-edge.io/tests/PySys/tedge_mapper_c8y/tedge_mapper_c8y_positive/Output/linux
  stdout       : /home/pi/actions-runner/_work/thin-edge.io/thin-edge.io/tests/PySys/tedge_mapper_c8y/tedge_mapper_c8y_positive/Output/linux/tedge_mapper_c8y.out
  stderr       : /home/pi/actions-runner/_work/thin-edge.io/thin-edge.io/tests/PySys/tedge_mapper_c8y/tedge_mapper_c8y_positive/Output/linux/tedge_mapper_c8y.err
  environment  : LD_LIBRARY_PATH=/usr/lib
  environment  : PATH=/bin:/usr/bin:/usr/sbin:/usr/local/bin
                   #1  /bin
                   #2  /usr/bin
                   #3  /usr/sbin
                   #4  /usr/local/bin
14:13:18 DEBUG Waiting up to 600 secs for process sudo&lt;tedge_mapper_c8y&gt; (pid 2673)
14:13:18 INFO  Executed sudo&lt;tedge_mapper_c8y&gt;, exit status 0
14:13:18 DEBUG --- test execute
14:13:18 DEBUG Process parameters for sudo&lt;tedge_sub&gt;
  command line : /usr/bin/sudo /usr/bin/tedge mqtt sub --no-topic c8y/measurement/measurements/create
    arg #1     : /usr/bin/tedge
    arg #2     : mqtt
    arg #3     : sub
    arg #4     : --no-topic
    arg #5     : c8y/measurement/measurements/create
  working dir  : /home/pi/actions-runner/_work/thin-edge.io/thin-edge.io/tests/PySys/tedge_mapper_c8y/tedge_mapper_c8y_positive/Output/linux
  stdout       : /home/pi/actions-runner/_work/thin-edge.io/thin-edge.io/tests/PySys/tedge_mapper_c8y/tedge_mapper_c8y_positive/Output/linux/tedge_sub.out
  stderr       : /home/pi/actions-runner/_work/thin-edge.io/thin-edge.io/tests/PySys/tedge_mapper_c8y/tedge_mapper_c8y_positive/Output/linux/tedge_sub.err
  environment  : LD_LIBRARY_PATH=/usr/lib
  environment  : PATH=/bin:/usr/bin:/usr/sbin:/usr/local/bin
                   #1  /bin
                   #2  /usr/bin
                   #3  /usr/sbin
                   #4  /usr/local/bin
14:13:18 INFO  Started sudo&lt;tedge_sub&gt; with process id 2680
14:13:18 DEBUG Process parameters for sudo&lt;tedge_temp&gt;
  command line : /usr/bin/sudo /usr/bin/tedge mqtt pub tedge/measurements &#39;{&#34;temperature&#34;: 12, &#34;time&#34;: &#34;2021-06-15T17:01:15.806181503+02:00&#34;}&#39;
    arg #1     : /usr/bin/tedge
    arg #2     : mqtt
    arg #3     : pub
    arg #4     : tedge/measurements
    arg #5     : {&#34;temperature&#34;: 12, &#34;time&#34;: &#34;2021-06-15T17:01:15.806181503+02:00&#34;}
  working dir  : /home/pi/actions-runner/_work/thin-edge.io/thin-edge.io/tests/PySys/tedge_mapper_c8y/tedge_mapper_c8y_positive/Output/linux
  stdout       : /home/pi/actions-runner/_work/thin-edge.io/thin-edge.io/tests/PySys/tedge_mapper_c8y/tedge_mapper_c8y_positive/Output/linux/tedge_temp.out
  stderr       : /home/pi/actions-runner/_work/thin-edge.io/thin-edge.io/tests/PySys/tedge_mapper_c8y/tedge_mapper_c8y_positive/Output/linux/tedge_temp.err
  environment  : LD_LIBRARY_PATH=/usr/lib
  environment  : PATH=/bin:/usr/bin:/usr/sbin:/usr/local/bin
                   #1  /bin
                   #2  /usr/bin
                   #3  /usr/sbin
                   #4  /usr/local/bin
14:13:18 DEBUG Waiting up to 600 secs for process sudo&lt;tedge_temp&gt; (pid 2681)
14:13:18 INFO  Executed sudo&lt;tedge_temp&gt;, exit status 0
14:13:18 DEBUG Process parameters for sudo&lt;kill_out&gt;
  command line : /usr/bin/sudo killall tedge
    arg #1     : killall
    arg #2     : tedge
  working dir  : /home/pi/actions-runner/_work/thin-edge.io/thin-edge.io/tests/PySys/tedge_mapper_c8y/tedge_mapper_c8y_positive/Output/linux
  stdout       : /home/pi/actions-runner/_work/thin-edge.io/thin-edge.io/tests/PySys/tedge_mapper_c8y/tedge_mapper_c8y_positive/Output/linux/kill_out.out
  stderr       : /home/pi/actions-runner/_work/thin-edge.io/thin-edge.io/tests/PySys/tedge_mapper_c8y/tedge_mapper_c8y_positive/Output/linux/kill_out.err
  environment  : LD_LIBRARY_PATH=/usr/lib
  environment  : PATH=/bin:/usr/bin:/usr/sbin:/usr/local/bin
                   #1  /bin
                   #2  /usr/bin
                   #3  /usr/sbin
                   #4  /usr/local/bin
14:13:18 DEBUG Waiting up to 600 secs for process sudo&lt;kill_out&gt; (pid 2684)
14:13:19 INFO  Executed sudo&lt;kill_out&gt;, exit status 0
14:13:19 DEBUG --- test validate
14:13:19 WARN  caught &lt;class &#39;json.decoder.JSONDecodeError&#39;&gt; while running test: Expecting value: line 1 column 1 (char 0)
Traceback (most recent call last):
  File &#34;/home/pi/env-pysys/lib/python3.7/site-packages/pysys/baserunner.py&#34;, line 1211, in __call__
    self.testObj.validate()
  File &#34;/home/pi/actions-runner/_work/thin-edge.io/thin-edge.io/tests/PySys/tedge_mapper_c8y/tedge_mapper_c8y_positive/run.py&#34;, line 65, in validate
    c8y_json = json.load(f)
  File &#34;/usr/lib/python3.7/json/__init__.py&#34;, line 296, in load
    parse_constant=parse_constant, object_pairs_hook=object_pairs_hook, **kw)
  File &#34;/usr/lib/python3.7/json/__init__.py&#34;, line 348, in loads
    return _default_decoder.decode(s)
  File &#34;/usr/lib/python3.7/json/decoder.py&#34;, line 337, in decode
    obj, end = self.raw_decode(s, idx=_w(s, 0).end())
  File &#34;/usr/lib/python3.7/json/decoder.py&#34;, line 355, in raw_decode
    raise JSONDecodeError(&#34;Expecting value&#34;, s, err.value) from None
json.decoder.JSONDecodeError: Expecting value: line 1 column 1 (char 0)
14:13:19 WARN  JSONDecodeError: Expecting value: line 1 column 1 (char 0) ... blocked 
14:13:19 DEBUG --- test cleanup
14:13:19 INFO  
14:13:19 INFO  cleanup:
14:13:19 DEBUG Running registered cleanup function: &lt;bound method TedgeMapperC8y.mapper_cleanup of &lt;TedgeMapperC8y object at 0x74ff17d0&gt;&gt;
14:13:19 INFO  mapper_cleanup
14:13:19 DEBUG Process parameters for sudo&lt;tedge_mapper_c8y&gt;
  command line : /usr/bin/sudo systemctl stop tedge-mapper-c8y
    arg #1     : systemctl
    arg #2     : stop
    arg #3     : tedge-mapper-c8y
  working dir  : /home/pi/actions-runner/_work/thin-edge.io/thin-edge.io/tests/PySys/tedge_mapper_c8y/tedge_mapper_c8y_positive/Output/linux
  stdout       : /home/pi/actions-runner/_work/thin-edge.io/thin-edge.io/tests/PySys/tedge_mapper_c8y/tedge_mapper_c8y_positive/Output/linux/tedge_mapper_c8y.out
  stderr       : /home/pi/actions-runner/_work/thin-edge.io/thin-edge.io/tests/PySys/tedge_mapper_c8y/tedge_mapper_c8y_positive/Output/linux/tedge_mapper_c8y.err
  environment  : LD_LIBRARY_PATH=/usr/lib
  environment  : PATH=/bin:/usr/bin:/usr/sbin:/usr/local/bin
                   #1  /bin
                   #2  /usr/bin
                   #3  /usr/sbin
                   #4  /usr/local/bin
14:13:19 DEBUG Waiting up to 600 secs for process sudo&lt;tedge_mapper_c8y&gt; (pid 2686)
14:13:19 INFO  Executed sudo&lt;tedge_mapper_c8y&gt;, exit status 0
14:13:19 DEBUG ProcessUser cleanup function done.
14:13:19 INFO  
14:13:19 INFO  Test duration: 1.18 secs
14:13:19 INFO  Test final outcome:  BLOCKED
14:13:19 INFO  Test outcome reason: JSONDecodeError: Expecting value: line 1 column 1 (char 0)
14:13:19 INFO  
</pre>
                        </div>
                        
                        
                    </div>
                
                </div>
            </div>
            
        </div>
    </div>
    

    <div class="testsuite">
        <h2>Test Suite: tedge_software_update</h2>
        <a id="421012b1-f832-42ec-a12d-2c574496951c"></a>
        
        
        <h3>Results</h3>
        <table class="proplist">
            <tr>
                <th>Duration</th><td>0.0 sec</td>
            </tr>
            <tr>
                <th>Tests</th><td>1</td>
            </tr>
            <tr>
                <th>Failures</th><td>0</td>
            </tr>
        </table>

        <div class="testclasses">
            <h3>Tests</h3>
            
            <div class="testclass">
                <h4>PySysTest</h4>
                <div class="testcases">
                
                    <div class="test outcome outcome-passed">
                        <a id="953ff727-ae7d-4194-9cc7-b283f80223cf"></a>
                        <table class="proplist">
                            <tr><th>Test case:</th><td><b>tedge_software_update</b></td></tr>
                            <tr><th>Outcome:</th><td>Passed</td></tr>
                            <tr><th>Duration:</th><td>0.0 sec</td></tr>
                        
                            <tr><th>Failed</th><td>None</td></tr>
                        
                        
                        </table>

                        
                        <pre>None</pre>
                        
                        

                        
                        
                        
                    </div>
                
                </div>
            </div>
            
        </div>
    </div>
    

    <div class="testsuite">
        <h2>Test Suite: valid_device_id</h2>
        <a id="7e0ba447-df55-4621-b601-953609adbe32"></a>
        
        
        <h3>Results</h3>
        <table class="proplist">
            <tr>
                <th>Duration</th><td>0.0 sec</td>
            </tr>
            <tr>
                <th>Tests</th><td>1</td>
            </tr>
            <tr>
                <th>Failures</th><td>0</td>
            </tr>
        </table>

        <div class="testclasses">
            <h3>Tests</h3>
            
            <div class="testclass">
                <h4>ValidateValidDeviceId</h4>
                <div class="testcases">
                
                    <div class="test outcome outcome-passed">
                        <a id="fbfcb480-420f-4ca5-a2d3-be09a0990479"></a>
                        <table class="proplist">
                            <tr><th>Test case:</th><td><b>valid_device_id</b></td></tr>
                            <tr><th>Outcome:</th><td>Passed</td></tr>
                            <tr><th>Duration:</th><td>0.0 sec</td></tr>
                        
                            <tr><th>Failed</th><td>None</td></tr>
                        
                        
                        </table>

                        
                        <pre>None</pre>
                        
                        

                        
                        
                        
                    </div>
                
                </div>
            </div>
            
        </div>
    </div>
    



<p class="footer">
    Generated by junit2html
</p>
</body>
</html>