2022-03-02 09:12:55,745 INFO  ==============================================================
2022-03-02 09:12:55,745 INFO  Id:    SoftwareManagement.sm_apt_install_remove_default
2022-03-02 09:12:55,746 INFO  Dir:   software_management_end_to_end/
2022-03-02 09:12:55,747 INFO  Title: Validate end to end behaviour for the default plugin for installation and removal of packages
2022-03-02 09:12:55,747 DEBUG Execution order hint: 0.0
2022-03-02 09:12:55,748 INFO  ==============================================================
2022-03-02 09:12:55,752 INFO  Using sw id database: {'asciijump': '5475369', 'robotfindskitten': '5474869', 'squirrel3': '5475279', 'rolldice': '5152439', 'moon-buggy': '5439204', 'apple': '5495053', 'banana': '5494888', 'cherry': '5495382', 'watermelon': '5494510', 'registry': '8018911', 'hello-world': '8021526', 'docker/getting-started': '8021973', 'alpine': '7991792'}
2022-03-02 09:12:55,752 DEBUG EnvironmentC8y Setup
2022-03-02 09:12:55,753 INFO  EnvironmentC8y Setup
2022-03-02 09:12:55,754 DEBUG Process parameters for systemctl<serv_mapper1>
  command line : /usr/bin/systemctl status tedge-mapper-c8y
    arg #1     : status
    arg #2     : tedge-mapper-c8y
  working dir  : /home/pi/actions-runner/_work/thin-edge.io/thin-edge.io/tests/PySys/software_management_end_to_end/sm_apt_install_remove_default/Output/linux
  stdout       : /home/pi/actions-runner/_work/thin-edge.io/thin-edge.io/tests/PySys/software_management_end_to_end/sm_apt_install_remove_default/Output/linux/serv_mapper1.out
  stderr       : /home/pi/actions-runner/_work/thin-edge.io/thin-edge.io/tests/PySys/software_management_end_to_end/sm_apt_install_remove_default/Output/linux/serv_mapper1.err
  environment  : LD_LIBRARY_PATH=/usr/lib
  environment  : PATH=/bin:/usr/bin:/usr/sbin:/usr/local/bin
                   #1  /bin
                   #2  /usr/bin
                   #3  /usr/sbin
                   #4  /usr/local/bin
2022-03-02 09:12:55,759 DEBUG Waiting up to 600 secs for process systemctl<serv_mapper1> (pid 23530)
2022-03-02 09:12:56,113 INFO  Executed systemctl<serv_mapper1>, exit status 3
2022-03-02 09:12:56,200 INFO  Restarting mosquitto too frequently in the last 10 seconds. It was only up for 3 seconds
2022-03-02 09:12:56,201 INFO  Delaying execution by 8 seconds
2022-03-02 09:13:04,212 DEBUG Process parameters for sudo<tedge_connect_c8y>
  command line : /usr/bin/sudo /usr/bin/tedge connect c8y
    arg #1     : /usr/bin/tedge
    arg #2     : connect
    arg #3     : c8y
  working dir  : /home/pi/actions-runner/_work/thin-edge.io/thin-edge.io/tests/PySys/software_management_end_to_end/sm_apt_install_remove_default/Output/linux
  stdout       : /home/pi/actions-runner/_work/thin-edge.io/thin-edge.io/tests/PySys/software_management_end_to_end/sm_apt_install_remove_default/Output/linux/tedge_connect_c8y.out
  stderr       : /home/pi/actions-runner/_work/thin-edge.io/thin-edge.io/tests/PySys/software_management_end_to_end/sm_apt_install_remove_default/Output/linux/tedge_connect_c8y.err
  environment  : LD_LIBRARY_PATH=/usr/lib
  environment  : PATH=/bin:/usr/bin:/usr/sbin:/usr/local/bin
                   #1  /bin
                   #2  /usr/bin
                   #3  /usr/sbin
                   #4  /usr/local/bin
2022-03-02 09:13:04,221 DEBUG Waiting up to 600 secs for process sudo<tedge_connect_c8y> (pid 23539)
2022-03-02 09:13:14,483 INFO  Executed sudo<tedge_connect_c8y>, exit status 0
2022-03-02 09:13:14,487 DEBUG Process parameters for sudo<tedge_connect_c8y_test>
  command line : /usr/bin/sudo /usr/bin/tedge connect c8y --test
    arg #1     : /usr/bin/tedge
    arg #2     : connect
    arg #3     : c8y
    arg #4     : --test
  working dir  : /home/pi/actions-runner/_work/thin-edge.io/thin-edge.io/tests/PySys/software_management_end_to_end/sm_apt_install_remove_default/Output/linux
  stdout       : /home/pi/actions-runner/_work/thin-edge.io/thin-edge.io/tests/PySys/software_management_end_to_end/sm_apt_install_remove_default/Output/linux/tedge_connect_c8y_test.out
  stderr       : /home/pi/actions-runner/_work/thin-edge.io/thin-edge.io/tests/PySys/software_management_end_to_end/sm_apt_install_remove_default/Output/linux/tedge_connect_c8y_test.err
  environment  : LD_LIBRARY_PATH=/usr/lib
  environment  : PATH=/bin:/usr/bin:/usr/sbin:/usr/local/bin
                   #1  /bin
                   #2  /usr/bin
                   #3  /usr/sbin
                   #4  /usr/local/bin
2022-03-02 09:13:14,493 DEBUG Waiting up to 600 secs for process sudo<tedge_connect_c8y_test> (pid 23645)
2022-03-02 09:13:14,850 INFO  Executed sudo<tedge_connect_c8y_test>, exit status 0
2022-03-02 09:13:14,852 DEBUG Process parameters for systemctl<serv_mosq2>
  command line : /usr/bin/systemctl status mosquitto
    arg #1     : status
    arg #2     : mosquitto
  working dir  : /home/pi/actions-runner/_work/thin-edge.io/thin-edge.io/tests/PySys/software_management_end_to_end/sm_apt_install_remove_default/Output/linux
  stdout       : /home/pi/actions-runner/_work/thin-edge.io/thin-edge.io/tests/PySys/software_management_end_to_end/sm_apt_install_remove_default/Output/linux/serv_mosq2.out
  stderr       : /home/pi/actions-runner/_work/thin-edge.io/thin-edge.io/tests/PySys/software_management_end_to_end/sm_apt_install_remove_default/Output/linux/serv_mosq2.err
  environment  : LD_LIBRARY_PATH=/usr/lib
  environment  : PATH=/bin:/usr/bin:/usr/sbin:/usr/local/bin
                   #1  /bin
                   #2  /usr/bin
                   #3  /usr/sbin
                   #4  /usr/local/bin
2022-03-02 09:13:14,857 DEBUG Waiting up to 600 secs for process systemctl<serv_mosq2> (pid 23652)
2022-03-02 09:13:15,111 INFO  Executed systemctl<serv_mosq2>, exit status 0
2022-03-02 09:13:15,112 DEBUG Process parameters for systemctl<serv_mapper3>
  command line : /usr/bin/systemctl status tedge-mapper-c8y
    arg #1     : status
    arg #2     : tedge-mapper-c8y
  working dir  : /home/pi/actions-runner/_work/thin-edge.io/thin-edge.io/tests/PySys/software_management_end_to_end/sm_apt_install_remove_default/Output/linux
  stdout       : /home/pi/actions-runner/_work/thin-edge.io/thin-edge.io/tests/PySys/software_management_end_to_end/sm_apt_install_remove_default/Output/linux/serv_mapper3.out
  stderr       : /home/pi/actions-runner/_work/thin-edge.io/thin-edge.io/tests/PySys/software_management_end_to_end/sm_apt_install_remove_default/Output/linux/serv_mapper3.err
  environment  : LD_LIBRARY_PATH=/usr/lib
  environment  : PATH=/bin:/usr/bin:/usr/sbin:/usr/local/bin
                   #1  /bin
                   #2  /usr/bin
                   #3  /usr/sbin
                   #4  /usr/local/bin
2022-03-02 09:13:15,117 DEBUG Waiting up to 600 secs for process systemctl<serv_mapper3> (pid 23653)
2022-03-02 09:13:15,372 INFO  Executed systemctl<serv_mapper3>, exit status 0
2022-03-02 09:13:17,545 DEBUG Final URL of the request: https://thin-edge-io.eu-latest.cumulocity.com/devicecontrol/operations?deviceId=14879013&pageSize=1&revert=true&dateFrom=1970-01-01T00%3A00%3A00.000Z
2022-03-02 09:13:17,548 INFO  State of current operation: FAILED
2022-03-02 09:13:17,549 DEBUG Final URL of the request: https://thin-edge-io.eu-latest.cumulocity.com/devicecontrol/operations?deviceId=14879013&pageSize=1&revert=true&dateFrom=1970-01-01T00%3A00%3A00.000Z
2022-03-02 09:13:17,550 DEBUG State of current operation: {
    "delivery": {
        "time": "2022-03-02T09:12:00.117Z",
        "log": [
            {
                "time": "2022-03-02T09:12:00.072Z",
                "status": "PENDING"
            },
            {
                "time": "2022-03-02T09:12:00.080Z",
                "status": "SEND"
            }
        ],
        "status": "DELIVERED"
    },
    "creationTime": "2022-03-02T09:12:00.047Z",
    "deviceId": "14879013",
    "deviceName": "offsited",
    "failureReason": "1 error, see device log file /var/log/tedge/agent/software-update-2022-03-02T09:12:02.000354016Z.log",
    "self": "https://t493319102.eu-latest.cumulocity.com/devicecontrol/operations/14902684",
    "id": "14902684",
    "status": "FAILED",
    "description": "Apply software changes, triggered from PySys: [{'name': 'does_not_exist', 'id': '5446165', 'version': '::apt', 'url': '', 'action': 'install'}]",
    "c8y_SoftwareUpdate": [
        {
            "name": "does_not_exist",
            "action": "install",
            "id": "5446165",
            "version": "::apt",
            "url": ""
        }
    ]
}
2022-03-02 09:13:17,720 WARN  caught <class 'TypeError'> while running test: 'NoneType' object is not iterable
Traceback (most recent call last):
  File "/home/pi/env-pysys/lib/python3.7/site-packages/pysys/baserunner.py", line 1207, in __call__
    self.testObj.setup()
  File "/home/pi/actions-runner/_work/thin-edge.io/thin-edge.io/tests/PySys/software_management_end_to_end/sm_apt_install_remove_default/run.py", line 27, in setup
    self.assertThat("False == value", value=self.check_is_installed("rolldice"))
  File "/home/pi/actions-runner/_work/thin-edge.io/thin-edge.io/tests/PySys/software_management_end_to_end/environment_sm_management.py", line 395, in check_is_installed
    for package in package_list:
TypeError: 'NoneType' object is not iterable
2022-03-02 09:13:17,730 WARN  TypeError: 'NoneType' object is not iterable ... blocked 
2022-03-02 09:13:17,731 DEBUG --- test cleanup
2022-03-02 09:13:17,732 INFO  
2022-03-02 09:13:17,732 INFO  cleanup:
2022-03-02 09:13:17,733 DEBUG Running registered cleanup function: <bound method SoftwareManagement.mysmcleanup of <PySysTest object at 0x75cafdd0>>
2022-03-02 09:13:17,733 DEBUG Running registered cleanup function: <bound method EnvironmentC8y.myenvcleanup of <PySysTest object at 0x75cafdd0>>
2022-03-02 09:13:17,734 DEBUG EnvironmentC8y Cleanup
2022-03-02 09:13:17,836 DEBUG Process parameters for sudo<tedge_disconnect_c8y>
  command line : /usr/bin/sudo /usr/bin/tedge disconnect c8y
    arg #1     : /usr/bin/tedge
    arg #2     : disconnect
    arg #3     : c8y
  working dir  : /home/pi/actions-runner/_work/thin-edge.io/thin-edge.io/tests/PySys/software_management_end_to_end/sm_apt_install_remove_default/Output/linux
  stdout       : /home/pi/actions-runner/_work/thin-edge.io/thin-edge.io/tests/PySys/software_management_end_to_end/sm_apt_install_remove_default/Output/linux/tedge_disconnect_c8y.out
  stderr       : /home/pi/actions-runner/_work/thin-edge.io/thin-edge.io/tests/PySys/software_management_end_to_end/sm_apt_install_remove_default/Output/linux/tedge_disconnect_c8y.err
  environment  : LD_LIBRARY_PATH=/usr/lib
  environment  : PATH=/bin:/usr/bin:/usr/sbin:/usr/local/bin
                   #1  /bin
                   #2  /usr/bin
                   #3  /usr/sbin
                   #4  /usr/local/bin
2022-03-02 09:13:17,841 DEBUG Waiting up to 600 secs for process sudo<tedge_disconnect_c8y> (pid 23673)
2022-03-02 09:13:20,156 INFO  Executed sudo<tedge_disconnect_c8y>, exit status 0
2022-03-02 09:13:20,159 DEBUG Process parameters for systemctl<serv_mapper5>
  command line : /usr/bin/systemctl status tedge-mapper-c8y
    arg #1     : status
    arg #2     : tedge-mapper-c8y
  working dir  : /home/pi/actions-runner/_work/thin-edge.io/thin-edge.io/tests/PySys/software_management_end_to_end/sm_apt_install_remove_default/Output/linux
  stdout       : /home/pi/actions-runner/_work/thin-edge.io/thin-edge.io/tests/PySys/software_management_end_to_end/sm_apt_install_remove_default/Output/linux/serv_mapper5.out
  stderr       : /home/pi/actions-runner/_work/thin-edge.io/thin-edge.io/tests/PySys/software_management_end_to_end/sm_apt_install_remove_default/Output/linux/serv_mapper5.err
  environment  : LD_LIBRARY_PATH=/usr/lib
  environment  : PATH=/bin:/usr/bin:/usr/sbin:/usr/local/bin
                   #1  /bin
                   #2  /usr/bin
                   #3  /usr/sbin
                   #4  /usr/local/bin
2022-03-02 09:13:20,166 DEBUG Waiting up to 600 secs for process systemctl<serv_mapper5> (pid 23714)
2022-03-02 09:13:20,472 INFO  Executed systemctl<serv_mapper5>, exit status 3
2022-03-02 09:13:20,473 DEBUG ProcessUser cleanup function done.
2022-03-02 09:13:20,475 INFO  
2022-03-02 09:13:20,476 INFO  Test duration: 24.74 secs
2022-03-02 09:13:20,477 INFO  Test final outcome:  BLOCKED
2022-03-02 09:13:20,477 INFO  Test outcome reason: TypeError: 'NoneType' object is not iterable
2022-03-02 09:13:20,478 INFO  
