<?xml version="1.0" encoding="utf-8"?>
<testsuite name="local_mqtt_pub_sub_retain" tests="1" failures="1" skipped="0" time="3.64" timestamp="2022-05-23T09:02:32">
	<testcase classname="MqttPublishWithRetain" name="local_mqtt_pub_sub_retain">
		<failure message="FAILED: Grep on temp_sensor_sub.out contains &quot;\[test/alarms/temp_sensor\] alarm msg 2&quot; (+1 other failures)" type="FAILED"/>
		<system-out>09:02:28 INFO  ==============================================================
09:02:28 INFO  Id:    local_mqtt_pub_sub_retain
09:02:28 INFO  Dir:   local_mqtt/
09:02:28 INFO  Title: Validate local publishing with retain flag
09:02:28 INFO  ==============================================================
09:02:29 INFO  Executed tedge&lt;pub_to_set_alarm&gt;, exit status 0
09:02:29 INFO  Executed tedge&lt;pub_to_set_alarm&gt;, exit status 0
09:02:30 INFO  Started tedge&lt;temp_sensor_sub&gt; with process id 1231545
09:02:30 INFO  Executed tedge&lt;pub_to_clear_alarm&gt;, exit status 0
09:02:31 INFO  Executed sudo&lt;kill_out&gt;, exit status 0
09:02:31 INFO  Executed tedge&lt;pub_to_clear_alarm&gt;, exit status 0
09:02:31 INFO  Started tedge&lt;temp_sensor_empty_message&gt; with process id 1231551
09:02:32 INFO  Executed sudo&lt;kill_out&gt;, exit status 0
09:02:32 WARN  Grep on temp_sensor_sub.out contains &quot;\[test/alarms/temp_sensor\] alarm msg 2&quot; ... failed [run.py:136]
09:02:32 WARN  Grep on temp_sensor_sub.out contains &quot;\[test/alarms/temp_sensor\] &quot; ... failed [run.py:141]
09:02:32 INFO  Grep on file temp_sensor_empty_message.out ... passed
09:02:32 INFO  
09:02:32 INFO  Test duration: 3.64 secs
09:02:32 INFO  Test final outcome:  FAILED
09:02:32 INFO  Test outcome reason: Grep on temp_sensor_sub.out contains &quot;\[test/alarms/temp_sensor\] alarm msg 2&quot; (+1 other failures)
09:02:32 INFO  
</system-out>
	</testcase>
</testsuite>
