2022-04-07 17:09:54,012 INFO  ==============================================================
2022-04-07 17:09:54,013 INFO  Id:    docker_plugin_remove
2022-04-07 17:09:54,014 INFO  Dir:   plugin_docker/
2022-04-07 17:09:54,015 INFO  Title: Validate docker plugin remove
2022-04-07 17:09:54,016 DEBUG Execution order hint: 0.0
2022-04-07 17:09:54,017 INFO  ==============================================================
2022-04-07 17:09:54,022 DEBUG Process parameters for sudo<docker_images>
  command line : /usr/bin/sudo docker images
    arg #1     : docker
    arg #2     : images
  working dir  : /home/pi/actions-runner/_work/thin-edge.io/thin-edge.io/tests/PySys/plugin_docker/docker_plugin_remove/Output/linux
  stdout       : /home/pi/actions-runner/_work/thin-edge.io/thin-edge.io/tests/PySys/plugin_docker/docker_plugin_remove/Output/linux/docker_images.out
  stderr       : /home/pi/actions-runner/_work/thin-edge.io/thin-edge.io/tests/PySys/plugin_docker/docker_plugin_remove/Output/linux/docker_images.err
  environment  : LD_LIBRARY_PATH=/usr/lib
  environment  : PATH=/bin:/usr/bin:/usr/sbin:/usr/local/bin
                   #1  /bin
                   #2  /usr/bin
                   #3  /usr/sbin
                   #4  /usr/local/bin
2022-04-07 17:09:54,029 DEBUG Waiting up to 600 secs for process sudo<docker_images> (pid 17457)
2022-04-07 17:09:54,839 INFO  Executed sudo<docker_images>, exit status 0
2022-04-07 17:09:54,841 DEBUG Performing regex contains=False grep on file: /home/pi/actions-runner/_work/thin-edge.io/thin-edge.io/tests/PySys/plugin_docker/docker_plugin_remove/Output/linux/docker_images.out
2022-04-07 17:09:54,896 WARN  Grep on /home/pi/actions-runner/_work/thin-edge.io/thin-edge.io/tests/PySys/plugin_docker/docker_plugin_remove/Output/linux/docker_images.out does not contain "registry" failed with 2 matches, first is: "registry            2.7.1               e8a56425636e        4 months ago        22.2MB" ... failed 
2022-04-07 17:09:54,897 WARN  Aborted test due to FAILED outcome
2022-04-07 17:09:54,902 DEBUG --- test cleanup
2022-04-07 17:09:54,903 INFO  
2022-04-07 17:09:54,903 INFO  cleanup:
2022-04-07 17:09:54,904 DEBUG Running registered cleanup function: <bound method DockerPlugin.cleanup_containers of <DockerPluginRemoveTest object at 0x760d63d0>>
2022-04-07 17:09:54,905 DEBUG Running registered cleanup function: <bound method DockerPlugin.cleanup_images of <DockerPluginRemoveTest object at 0x760d63d0>>
2022-04-07 17:09:54,906 DEBUG ProcessUser cleanup function done.
2022-04-07 17:09:54,909 INFO  
2022-04-07 17:09:54,909 INFO  Test duration: 0.90 secs
2022-04-07 17:09:54,910 INFO  Test final outcome:  FAILED
2022-04-07 17:09:54,911 INFO  Test outcome reason: Grep on /home/pi/actions-runner/_work/thin-edge.io/thin-edge.io/tests/PySys/plugin_docker/docker_plugin_remove/Output/linux/docker_images.out does not contain "registry" failed with 2 matches, first is: "registry            2.7.1               e8a56425636e        4 months ago        22.2MB"
2022-04-07 17:09:54,912 INFO  
