2022-04-11 10:38:09,803 INFO  ==============================================================
2022-04-11 10:38:09,804 INFO  Id:    docker_plugin_install
2022-04-11 10:38:09,805 INFO  Dir:   plugin_docker/
2022-04-11 10:38:09,806 INFO  Title: Validate docker plugin install
2022-04-11 10:38:09,807 DEBUG Execution order hint: 0.0
2022-04-11 10:38:09,807 INFO  ==============================================================
2022-04-11 10:38:09,813 DEBUG Process parameters for sudo<docker_images>
  command line : /usr/bin/sudo docker images
    arg #1     : docker
    arg #2     : images
  working dir  : /home/pi/actions-runner/_work/thin-edge.io/thin-edge.io/tests/PySys/plugin_docker/docker_plugin_install/Output/linux
  stdout       : /home/pi/actions-runner/_work/thin-edge.io/thin-edge.io/tests/PySys/plugin_docker/docker_plugin_install/Output/linux/docker_images.out
  stderr       : /home/pi/actions-runner/_work/thin-edge.io/thin-edge.io/tests/PySys/plugin_docker/docker_plugin_install/Output/linux/docker_images.err
  environment  : LD_LIBRARY_PATH=/usr/lib
  environment  : PATH=/bin:/usr/bin:/usr/sbin:/usr/local/bin
                   #1  /bin
                   #2  /usr/bin
                   #3  /usr/sbin
                   #4  /usr/local/bin
2022-04-11 10:38:09,820 DEBUG Waiting up to 600 secs for process sudo<docker_images> (pid 22559)
2022-04-11 10:38:10,629 INFO  Executed sudo<docker_images>, exit status 0
2022-04-11 10:38:10,630 DEBUG Performing regex contains=False grep on file: /home/pi/actions-runner/_work/thin-edge.io/thin-edge.io/tests/PySys/plugin_docker/docker_plugin_install/Output/linux/docker_images.out
2022-04-11 10:38:10,684 WARN  Grep on /home/pi/actions-runner/_work/thin-edge.io/thin-edge.io/tests/PySys/plugin_docker/docker_plugin_install/Output/linux/docker_images.out does not contain "registry" failed with 2 matches, first is: "registry            2.7.1               e8a56425636e        4 months ago        22.2MB" ... failed 
2022-04-11 10:38:10,685 WARN  Aborted test due to FAILED outcome
2022-04-11 10:38:10,690 DEBUG --- test cleanup
2022-04-11 10:38:10,691 INFO  
2022-04-11 10:38:10,692 INFO  cleanup:
2022-04-11 10:38:10,692 DEBUG Running registered cleanup function: <bound method DockerPlugin.cleanup_containers of <DockerPluginInstallTest object at 0x760b4930>>
2022-04-11 10:38:10,693 DEBUG Running registered cleanup function: <bound method DockerPlugin.cleanup_images of <DockerPluginInstallTest object at 0x760b4930>>
2022-04-11 10:38:10,694 DEBUG ProcessUser cleanup function done.
2022-04-11 10:38:10,697 INFO  
2022-04-11 10:38:10,698 INFO  Test duration: 0.90 secs
2022-04-11 10:38:10,698 INFO  Test final outcome:  FAILED
2022-04-11 10:38:10,699 INFO  Test outcome reason: Grep on /home/pi/actions-runner/_work/thin-edge.io/thin-edge.io/tests/PySys/plugin_docker/docker_plugin_install/Output/linux/docker_images.out does not contain "registry" failed with 2 matches, first is: "registry            2.7.1               e8a56425636e        4 months ago        22.2MB"
2022-04-11 10:38:10,700 INFO  
