<?xml version="1.0" encoding="utf-8"?>
<testsuite failures="1" name="log_request_error_messages" skipped="0" tests="1" time="37.34" timestamp="2022-04-19T13:27:27">
	<testcase classname="LogRequestVerifySearchTextError" name="log_request_error_messages">
		<failure message="FAILED: Assert that (True == value) with value=False" type="FAILED"/>
		<system-out>13:26:50 INFO  ==============================================================
13:26:50 INFO  Id:    log_request_error_messages
13:26:50 INFO  Dir:   log_request_end_to_end/
13:26:50 INFO  Title: Validate end to end behaviour for the log request operation check for error messages
13:26:50 INFO  ==============================================================
13:26:51 INFO  EnvironmentC8y Setup
13:26:52 INFO  Executed systemctl&lt;serv_mapper1&gt;, exit status 3
13:26:52 INFO  Restarting mosquitto too frequently in the last 10 seconds. It was only up for 2 seconds
13:26:52 INFO  Delaying execution by 9 seconds
13:27:15 INFO  Executed sudo&lt;tedge_connect_c8y&gt;, exit status 0, duration 14 secs
13:27:16 INFO  Executed sudo&lt;tedge_connect_c8y_test&gt;, exit status 0
13:27:16 INFO  Executed systemctl&lt;serv_mosq2&gt;, exit status 0
13:27:17 INFO  Executed systemctl&lt;serv_mapper3&gt;, exit status 0
13:27:18 INFO  Executed sudo&lt;rm_logs&gt;, exit status 0
13:27:18 INFO  Executed sudo&lt;move_logs&gt;, exit status 0
13:27:19 INFO  log response None
13:27:19 WARN  retry, retrying in 1 seconds...
13:27:20 INFO  log response https://thin-edge-io.eu-latest.cumulocity.com/event/events/17466137/binaries
13:27:21 WARN  Assert that (True == value) with value=False ... failed [run.py:43]
13:27:21 INFO  
13:27:21 INFO  cleanup:
13:27:22 INFO  Executed sudo&lt;rm_logs&gt;, exit status 0
13:27:22 INFO  Executed sudo&lt;rm_tmp_logs&gt;, exit status 0
13:27:23 INFO  Executed sudo&lt;send_failed&gt;, exit status 0
13:27:27 INFO  Executed sudo&lt;tedge_disconnect_c8y&gt;, exit status 0
13:27:27 INFO  Executed systemctl&lt;serv_mapper5&gt;, exit status 3
13:27:27 INFO  
13:27:27 INFO  Test duration: 37.34 secs
13:27:27 INFO  Test final outcome:  FAILED
13:27:27 INFO  Test outcome reason: Assert that (True == value) with value=False
13:27:27 INFO  
</system-out>
	</testcase>
</testsuite>
