<?xml version="1.0" encoding="utf-8"?>
<testsuite failures="1" name="local_mqtt_pub_sub_retain" skipped="0" tests="1" time="6.16" timestamp="2022-04-27T14:19:26">
	<testcase classname="MqttPublishWithRetain" name="local_mqtt_pub_sub_retain">
		<failure message="FAILED: Grep on temp_sensor_sub.out contains &quot;\[test/alarms/temp_sensor\] alarm msg 2&quot; (+1 other failures)" type="FAILED"/>
		<system-out>14:19:20 INFO  ==============================================================
14:19:20 INFO  Id:    local_mqtt_pub_sub_retain
14:19:20 INFO  Dir:   local_mqtt/
14:19:20 INFO  Title: Validate local publishing with retain flag
14:19:20 INFO  ==============================================================
14:19:20 INFO  Executed tedge&lt;pub_to_set_alarm&gt;, exit status 0
14:19:21 INFO  Executed tedge&lt;pub_to_set_alarm&gt;, exit status 0
14:19:22 INFO  Started tedge&lt;temp_sensor_sub&gt; with process id 3044
14:19:22 INFO  Executed tedge&lt;pub_to_clear_alarm&gt;, exit status 0
14:19:24 INFO  Executed sudo&lt;kill_out&gt;, exit status 0
14:19:24 INFO  Executed tedge&lt;pub_to_clear_alarm&gt;, exit status 0
14:19:24 INFO  Started tedge&lt;temp_sensor_empty_message&gt; with process id 3049
14:19:26 INFO  Executed sudo&lt;kill_out&gt;, exit status 0
14:19:26 WARN  Grep on temp_sensor_sub.out contains &quot;\[test/alarms/temp_sensor\] alarm msg 2&quot; ... failed [run.py:139]
14:19:26 WARN  Grep on temp_sensor_sub.out contains &quot;\[test/alarms/temp_sensor\] &quot; ... failed [run.py:142]
14:19:26 INFO  Grep on file temp_sensor_empty_message.out ... passed
14:19:26 INFO  
14:19:26 INFO  Test duration: 6.16 secs
14:19:26 INFO  Test final outcome:  FAILED
14:19:26 INFO  Test outcome reason: Grep on temp_sensor_sub.out contains &quot;\[test/alarms/temp_sensor\] alarm msg 2&quot; (+1 other failures)
14:19:26 INFO  
</system-out>
	</testcase>
</testsuite>
