<?xml version="1.0" encoding="utf-8"?>
<testsuite failures="1" name="smoketest_smartrest_200_samples_20ms" skipped="0" tests="1" time="0.04" timestamp="2022-04-28T07:33:14">
	<testcase classname="SmoketestSmartRest200Samples20ms" name="smoketest_smartrest_200_samples_20ms">
		<failure message="BLOCKED: Failed to set up test: 'SmoketestSmartRest200Samples20ms'" type="BLOCKED"/>
		<system-out>07:33:14 INFO  ==============================================================
07:33:14 INFO  Id:    smoketest_smartrest_200_samples_20ms
07:33:14 INFO  Dir:   smoketests/
07:33:14 INFO  Title: Smoketest SmartRest 200 Samples 20ms Delay
07:33:14 INFO  ==============================================================
07:33:14 WARN  Failed to set up test: 'SmoketestSmartRest200Samples20ms' ... blocked 
07:33:14 ERROR Caught KeyError while setting up test smoketest_smartrest_200_samples_20ms: 'SmoketestSmartRest200Samples20ms'
Traceback (most recent call last):
  File &quot;/home/pi/env-pysys/lib/python3.7/site-packages/pysys/baserunner.py&quot;, line 1229, in __call__
    clazz = runpy_namespace[self.descriptor.classname]
KeyError: 'SmoketestSmartRest200Samples20ms'
07:33:14 INFO  
07:33:14 INFO  Test duration: 0.04 secs
07:33:14 INFO  Test final outcome:  BLOCKED
07:33:14 INFO  Test outcome reason: Failed to set up test: 'SmoketestSmartRest200Samples20ms'
07:33:14 INFO  
</system-out>
	</testcase>
</testsuite>
