<?xml version="1.0" encoding="utf-8"?>
<testsuite failures="1" name="tedge_mapper_c8y_alarms" skipped="0" tests="1" time="31.15" timestamp="2022-04-19T13:44:00">
	<testcase classname="TedgeMapperC8yAlarm" name="tedge_mapper_c8y_alarms">
		<failure message="BLOCKED: IndexError: list index out of range (+3 other failures)" type="BLOCKED"/>
		<system-out>13:43:29 INFO  ==============================================================
13:43:29 INFO  Id:    tedge_mapper_c8y_alarms
13:43:29 INFO  Dir:   tedge_mapper_c8y/
13:43:29 INFO  Title: Validate that alarms sent to tedge/alarms topic \ gets mapped as alarms in Cumulocity
13:43:29 INFO  ==============================================================
13:43:29 INFO  EnvironmentC8y Setup
13:43:30 INFO  Executed systemctl&lt;serv_mapper1&gt;, exit status 3
13:43:44 INFO  Executed sudo&lt;tedge_connect_c8y&gt;, exit status 0, duration 14 secs
13:43:45 INFO  Executed sudo&lt;tedge_connect_c8y_test&gt;, exit status 0
13:43:45 INFO  Executed systemctl&lt;serv_mosq2&gt;, exit status 0
13:43:46 INFO  Executed systemctl&lt;serv_mapper3&gt;, exit status 0
13:43:51 INFO  Executed tedge, exit status 0
13:43:51 INFO  Executed tedge, exit status 0
13:43:52 INFO  Executed tedge, exit status 0
13:43:52 INFO  Executed tedge, exit status 0
13:43:53 INFO  Executed tedge, exit status 0
13:43:54 INFO  {
    &quot;severity&quot;: &quot;WARNING&quot;,
    &quot;creationTime&quot;: &quot;2022-04-19T13:43:54.106Z&quot;,
    &quot;count&quot;: 1,
    &quot;history&quot;: {
        &quot;auditRecords&quot;: [],
        &quot;self&quot;: &quot;https://t493319102.eu-latest.cumulocity.com/audit/auditRecords&quot;
    },
    &quot;source&quot;: {
        &quot;name&quot;: &quot;mythicc&quot;,
        &quot;self&quot;: &quot;https://t493319102.eu-latest.cumulocity.com/inventory/managedObjects/17392960&quot;,
        &quot;id&quot;: &quot;17392960&quot;
    },
    &quot;type&quot;: &quot;temperature_high&quot;,
    &quot;lastUpdated&quot;: &quot;2022-04-19T13:43:54.106Z&quot;,
    &quot;self&quot;: &quot;https://t493319102.eu-latest.cumulocity.com/alarm/alarms/17474450&quot;,
    &quot;time&quot;: &quot;2021-12-15T15:22:06.464+05:30&quot;,
    &quot;id&quot;: &quot;17474450&quot;,
    &quot;text&quot;: &quot;temperature is high&quot;,
    &quot;status&quot;: &quot;ACTIVE&quot;
}
13:43:54 WARN  Assert that (actual == expected) with actual=&quot;temperature_high&quot;, expected=&quot;temperature_dangerous&quot; ... failed [run.py:128,run.py:103]
13:43:54 INFO       actual: &quot;temperature_high&quot;
13:43:54 INFO     expected: &quot;temperature_dangerous&quot;
13:43:54 INFO                            ^
13:43:54 WARN  Assert that (actual == expected) with actual=&quot;WARNING&quot;, expected=&quot;CRITICAL&quot; ... failed [run.py:133,run.py:103]
13:43:54 INFO       actual: &quot;WARNING&quot;
13:43:54 INFO     expected: &quot;CRITICAL&quot;
13:43:54 INFO                ^
13:43:54 WARN  Assert that (actual == expected) with actual=&quot;temperature is high&quot;, expected=&quot;temperature is dangerously high&quot; ... failed [run.py:138,run.py:103]
13:43:54 INFO       actual: &quot;temperature is high&quot;
13:43:54 INFO     expected: &quot;temperature is dangerously high&quot;
13:43:54 INFO                               ^
13:43:54 WARN  IndexError occurred while running test - list index out of range
Traceback (most recent call last):
  File &quot;/home/pi/env-pysys/lib/python3.7/site-packages/pysys/baserunner.py&quot;, line 1296, in __call__
    self.testObj.validate()
  File &quot;/home/pi/actions-runner/_work/thin-edge.io/thin-edge.io/tests/PySys/tedge_mapper_c8y/tedge_mapper_c8y_alarms/run.py&quot;, line 106, in validate
    alarms[1], &quot;temperature_very_high&quot;, &quot;MAJOR&quot;, &quot;temperature is very high&quot;
IndexError: list index out of range
13:43:54 WARN  IndexError: list index out of range ... blocked 
13:43:54 INFO  
13:43:54 INFO  cleanup:
13:43:54 INFO  Executed tedge, exit status 0
13:43:55 INFO  Executed tedge, exit status 0
13:43:55 INFO  Executed tedge, exit status 0
13:44:00 INFO  Executed sudo&lt;tedge_disconnect_c8y&gt;, exit status 0
13:44:00 INFO  Executed systemctl&lt;serv_mapper5&gt;, exit status 3
13:44:00 INFO  
13:44:00 INFO  Test duration: 31.15 secs
13:44:00 INFO  Test final outcome:  BLOCKED
13:44:00 INFO  Test outcome reason: IndexError: list index out of range (+3 other failures)
13:44:00 INFO  
</system-out>
	</testcase>
</testsuite>
