<?xml version="1.0" encoding="utf-8"?>
<testsuite failures="1" name="smoketest_smartrest" skipped="0" tests="1" time="48.65" timestamp="2022-04-19T13:35:39">
	<testcase classname="SmoketestSmartRest" name="smoketest_smartrest">
		<failure message="BLOCKED: python3&lt;stdout&gt; returned non-zero exit code 1" type="BLOCKED"/>
		<system-out>13:34:50 INFO  ==============================================================
13:34:50 INFO  Id:    smoketest_smartrest
13:34:50 INFO  Dir:   smoketests/
13:34:50 INFO  Title: Smoketest SmartREST
13:34:50 INFO  ==============================================================
13:34:50 INFO  EnvironmentC8y Setup
13:34:51 INFO  Executed systemctl&lt;serv_mapper1&gt;, exit status 3
13:34:51 INFO  Restarting mosquitto too frequently in the last 10 seconds. It was only up for 4 seconds
13:34:51 INFO  Delaying execution by 7 seconds
13:35:12 INFO  Executed sudo&lt;tedge_connect_c8y&gt;, exit status 0, duration 14 secs
13:35:13 INFO  Executed sudo&lt;tedge_connect_c8y_test&gt;, exit status 0
13:35:13 INFO  Executed systemctl&lt;serv_mosq2&gt;, exit status 0
13:35:14 INFO  Executed systemctl&lt;serv_mapper3&gt;, exit status 0
13:35:34 WARN  Executed python3&lt;stdout&gt;, exit status 1
13:35:34 INFO  Contents of stdout.out: 
  Act: Publishing values with tedge pub
  Waiting 3s for values to arrive in C8y
  Assert: Retrieving data via REST interface
  Gathering values from 2022-04-19 13:35:24+00:00 to 2022-04-19 13:35:34+00:00
  Found 18 recorded values:
  Retrieved values:
      2     3     4     5     6     7     8     9    10    11    12    13    14    15    16    17    18    19
  Expected:  0.0  ...  19.0
  Data verification FAILED
  -----

13:35:34 WARN  python3&lt;stdout&gt; returned non-zero exit code 1 ... blocked 
13:35:34 WARN  Aborted test due to BLOCKED outcome
13:35:34 INFO  
13:35:34 INFO  cleanup:
13:35:38 INFO  Executed sudo&lt;tedge_disconnect_c8y&gt;, exit status 0
13:35:39 INFO  Executed systemctl&lt;serv_mapper5&gt;, exit status 3
13:35:39 INFO  
13:35:39 INFO  Test duration: 48.65 secs
13:35:39 INFO  Test final outcome:  BLOCKED
13:35:39 INFO  Test outcome reason: python3&lt;stdout&gt; returned non-zero exit code 1
13:35:39 INFO  
</system-out>
	</testcase>
</testsuite>
