2022-05-11 12:39:06,001 INFO  ==============================================================
2022-05-11 12:39:06,002 INFO  Id:    SoftwareManagement.sm_apt_install_download_path
2022-05-11 12:39:06,003 INFO  Dir:   software_management_end_to_end/
2022-05-11 12:39:06,004 INFO  Title: Install package to directory specified in tedge config set tmp.path
2022-05-11 12:39:06,005 INFO  ==============================================================
2022-05-11 12:39:07,356 INFO  Using sw id database: {'asciijump': '5475369', 'robotfindskitten': '5474869', 'squirrel3': '5475279', 'rolldice': '5152439', 'moon-buggy': '5439204', 'apple': '5495053', 'banana': '5494888', 'cherry': '5495382', 'watermelon': '5494510', 'registry': '8018911', 'hello-world': '8021526', 'docker/getting-started': '8021973', 'alpine': '7991792'}
2022-05-11 12:39:07,357 INFO  EnvironmentC8y Setup
2022-05-11 12:39:07,918 INFO  Executed systemctl<serv_mapper1>, exit status 3
2022-05-11 12:39:25,127 INFO  Executed sudo<tedge_connect_c8y>, exit status 0, duration 17 secs
2022-05-11 12:39:25,742 INFO  Executed sudo<tedge_connect_c8y_test>, exit status 0
2022-05-11 12:39:26,254 INFO  Executed systemctl<serv_mosq2>, exit status 0
2022-05-11 12:39:26,766 INFO  Executed systemctl<serv_mapper3>, exit status 0
2022-05-11 12:39:29,019 INFO  State of current operation: SUCCESSFUL
2022-05-11 12:39:29,244 INFO  Assert that (False == value) with value=False ... passed
2022-05-11 12:39:29,760 INFO  Executed sudo, exit status 0
2022-05-11 12:39:30,324 INFO  Executed sudo, exit status 0
2022-05-11 12:39:31,180 INFO  Executed sudo, exit status 0
2022-05-11 12:39:36,726 INFO  Executed sudo<tedge_disconnect_c8y>, exit status 0
2022-05-11 12:39:36,835 INFO  Restarting mosquitto too frequently in the last 10 seconds. It was only up for 4 seconds
2022-05-11 12:39:36,836 INFO  Delaying execution by 7 seconds
2022-05-11 12:40:01,506 INFO  Executed sudo<tedge_connect_c8y>, exit status 0, duration 17 secs
2022-05-11 12:40:01,744 INFO  Response status: 201
2022-05-11 12:40:01,746 INFO  Response to action: {
    "creationTime": "2022-05-11T12:40:01.696Z",
    "deviceName": "m32sd11f",
    "deviceId": "18811617",
    "self": "https://t493319102.eu-latest.cumulocity.com/devicecontrol/operations/18840950",
    "id": "18840950",
    "status": "PENDING",
    "description": "Apply software changes, triggered from PySys: [{'name': 'rolldice', 'id': '5152439', 'version': '::apt', 'url': 'https://thin-edge-io.eu-latest.cumulocity.com/inventory/binaries/12435463', 'action': 'install'}]",
    "c8y_SoftwareUpdate": [
        {
            "name": "rolldice",
            "action": "install",
            "id": "5152439",
            "version": "::apt",
            "url": "https://thin-edge-io.eu-latest.cumulocity.com/inventory/binaries/12435463"
        }
    ]
}
2022-05-11 12:40:01,747 INFO  Started operation: {'creationTime': '2022-05-11T12:40:01.696Z', 'deviceName': 'm32sd11f', 'deviceId': '18811617', 'self': 'https://t493319102.eu-latest.cumulocity.com/devicecontrol/operations/18840950', 'id': '18840950', 'status': 'PENDING', 'description': "Apply software changes, triggered from PySys: [{'name': 'rolldice', 'id': '5152439', 'version': '::apt', 'url': 'https://thin-edge-io.eu-latest.cumulocity.com/inventory/binaries/12435463', 'action': 'install'}]", 'c8y_SoftwareUpdate': [{'name': 'rolldice', 'action': 'install', 'id': '5152439', 'version': '::apt', 'url': 'https://thin-edge-io.eu-latest.cumulocity.com/inventory/binaries/12435463'}]}
2022-05-11 12:40:01,751 WARN  , retrying in 0.5 seconds...
2022-05-11 12:40:02,256 WARN  , retrying in 0.5 seconds...
2022-05-11 12:40:02,759 WARN  , retrying in 0.5 seconds...
2022-05-11 12:40:03,262 WARN  , retrying in 0.5 seconds...
2022-05-11 12:40:03,765 WARN  , retrying in 0.5 seconds...
2022-05-11 12:40:04,268 WARN  , retrying in 0.5 seconds...
2022-05-11 12:40:04,771 WARN  , retrying in 0.5 seconds...
2022-05-11 12:40:05,414 WARN  , retrying in 0.5 seconds...
2022-05-11 12:40:05,917 WARN  , retrying in 0.5 seconds...
2022-05-11 12:40:06,420 WARN  AssertionError occurred while running test - 
Traceback (most recent call last):
  File "/home/pi/env-pysys/lib/python3.9/site-packages/pysys/baserunner.py", line 1294, in __call__
    self.testObj.execute()
  File "/home/pi/actions-runner/_work/thin-edge.io/thin-edge.io/tests/PySys/software_management_end_to_end/sm_apt_install_download_path/run.py", line 83, in execute
    assert_install_in_download_path(install_directory=self.DOWNLOAD_DIR)
  File "/home/pi/env-pysys/lib/python3.9/site-packages/decorator.py", line 232, in fun
    return caller(func, *(extras + args), **kw)
  File "/home/pi/env-pysys/lib/python3.9/site-packages/retry/api.py", line 73, in retry_decorator
    return __retry_internal(partial(f, *args, **kwargs), exceptions, tries, delay, max_delay, backoff, jitter,
  File "/home/pi/env-pysys/lib/python3.9/site-packages/retry/api.py", line 33, in __retry_internal
    return f()
  File "/home/pi/actions-runner/_work/thin-edge.io/thin-edge.io/tests/PySys/software_management_end_to_end/sm_apt_install_download_path/run.py", line 28, in assert_install_in_download_path
    assert "rolldice" in os.listdir(f"{install_directory}")
AssertionError
2022-05-11 12:40:07,341 WARN  AssertionError: ... blocked 
2022-05-11 12:40:07,343 INFO  
2022-05-11 12:40:07,344 INFO  cleanup:
2022-05-11 12:40:07,856 INFO  Executed sudo, exit status 0
2022-05-11 12:40:08,419 INFO  Executed sudo, exit status 0
2022-05-11 12:40:14,793 INFO  Executed sudo<tedge_disconnect_c8y>, exit status 0
2022-05-11 12:40:14,901 INFO  Restarting mosquitto too frequently in the last 10 seconds. It was only up for 5 seconds
2022-05-11 12:40:14,903 INFO  Delaying execution by 6 seconds
2022-05-11 12:40:38,043 INFO  Executed sudo<tedge_connect_c8y>, exit status 0, duration 17 secs
2022-05-11 12:40:43,944 INFO  Executed sudo<tedge_disconnect_c8y>, exit status 0
2022-05-11 12:40:44,506 INFO  Executed systemctl<serv_mapper5>, exit status 3
2022-05-11 12:40:44,510 INFO  
2022-05-11 12:40:44,511 INFO  Test duration: 98.52 secs
2022-05-11 12:40:44,512 INFO  Test final outcome:  BLOCKED
2022-05-11 12:40:44,513 INFO  Test outcome reason: AssertionError:
2022-05-11 12:40:44,514 INFO  
