<?xml version="1.0" encoding="utf-8"?>
<testsuite failures="1" name="smoketest_smartrest_400_samples_20ms" skipped="0" tests="1" time="106.67" timestamp="2022-04-14T06:57:49">
	<testcase classname="SmoketestSmartRest400Samples20ms" name="smoketest_smartrest_400_samples_20ms">
		<failure message="BLOCKED: python3&lt;stdout&gt; returned non-zero exit code 1" type="BLOCKED"/>
		<system-out>06:56:02 INFO  ==============================================================
06:56:02 INFO  Id:    smoketest_smartrest_400_samples_20ms
06:56:02 INFO  Dir:   smoketests/
06:56:02 INFO  Title: Smoketest SmartRest 400 Samples 20ms Delay
06:56:02 INFO  ==============================================================
06:56:02 INFO  EnvironmentC8y Setup
06:56:03 INFO  Executed systemctl&lt;serv_mapper1&gt;, exit status 3
06:56:03 INFO  Restarting mosquitto too frequently in the last 10 seconds. It was only up for 4 seconds
06:56:03 INFO  Delaying execution by 7 seconds
06:56:24 INFO  Executed sudo&lt;tedge_connect_c8y&gt;, exit status 0, duration 14 secs
06:56:25 INFO  Executed sudo&lt;tedge_connect_c8y_test&gt;, exit status 0
06:56:25 INFO  Executed systemctl&lt;serv_mosq2&gt;, exit status 0
06:56:26 INFO  Executed systemctl&lt;serv_mapper3&gt;, exit status 0
06:57:44 WARN  Executed python3&lt;stdout&gt;, exit status 1, duration 38 secs
06:57:44 INFO  Contents of stdout.out: 
  Act: Publishing values with tedge pub
  Waiting 3s for values to arrive in C8y
  Assert: Retrieving data via REST interface
  Gathering values from 2022-04-14 06:57:04+00:00 to 2022-04-14 06:57:44+00:00
  Found 0 recorded values:
  Retrieved values:
  Expected:  0.0  ...  199.0
  Data verification FAILED
  -----

06:57:44 WARN  python3&lt;stdout&gt; returned non-zero exit code 1 ... blocked 
06:57:44 WARN  Aborted test due to BLOCKED outcome
06:57:44 INFO  
06:57:44 INFO  cleanup:
06:57:48 INFO  Executed sudo&lt;tedge_disconnect_c8y&gt;, exit status 0
06:57:49 INFO  Executed systemctl&lt;serv_mapper5&gt;, exit status 3
06:57:49 INFO  
06:57:49 INFO  Test duration: 106.67 secs
06:57:49 INFO  Test final outcome:  BLOCKED
06:57:49 INFO  Test outcome reason: python3&lt;stdout&gt; returned non-zero exit code 1
06:57:49 INFO  
</system-out>
	</testcase>
</testsuite>
