<?xml version="1.0" encoding="utf-8"?>
<testsuite failures="1" name="SoftwareManagement.sm_apt_install_fail" skipped="0" tests="1" time="65.59" timestamp="2022-04-08T10:46:24">
	<testcase classname="PySysTest" name="SoftwareManagement.sm_apt_install_fail">
		<failure message="BLOCKED: TypeError: 'NoneType' object is not iterable" type="BLOCKED"/>
		<system-out>10:45:18 INFO  ==============================================================
10:45:18 INFO  Id:    SoftwareManagement.sm_apt_install_fail
10:45:18 INFO  Dir:   software_management_end_to_end/
10:45:18 INFO  Title: Validate end to end behaviour for a failing installation
10:45:18 DEBUG Execution order hint: 0.0
10:45:18 INFO  ==============================================================
10:45:18 INFO  Using sw id database: {'asciijump': '5475369', 'robotfindskitten': '5474869', 'squirrel3': '5475279', 'rolldice': '5152439', 'moon-buggy': '5439204', 'apple': '5495053', 'banana': '5494888', 'cherry': '5495382', 'watermelon': '5494510', 'registry': '8018911', 'hello-world': '8021526', 'docker/getting-started': '8021973', 'alpine': '7991792'}
10:45:18 DEBUG EnvironmentC8y Setup
10:45:18 INFO  EnvironmentC8y Setup
10:45:18 DEBUG Process parameters for systemctl&lt;serv_mapper1&gt;
  command line : /usr/bin/systemctl status tedge-mapper-c8y
    arg #1     : status
    arg #2     : tedge-mapper-c8y
  working dir  : /home/pi/actions-runner/_work/thin-edge.io/thin-edge.io/tests/PySys/software_management_end_to_end/sm_apt_install_fail/Output/linux
  stdout       : /home/pi/actions-runner/_work/thin-edge.io/thin-edge.io/tests/PySys/software_management_end_to_end/sm_apt_install_fail/Output/linux/serv_mapper1.out
  stderr       : /home/pi/actions-runner/_work/thin-edge.io/thin-edge.io/tests/PySys/software_management_end_to_end/sm_apt_install_fail/Output/linux/serv_mapper1.err
  environment  : LD_LIBRARY_PATH=/usr/lib
  environment  : PATH=/bin:/usr/bin:/usr/sbin:/usr/local/bin
                   #1  /bin
                   #2  /usr/bin
                   #3  /usr/sbin
                   #4  /usr/local/bin
10:45:18 DEBUG Waiting up to 600 secs for process systemctl&lt;serv_mapper1&gt; (pid 7134)
10:45:19 INFO  Executed systemctl&lt;serv_mapper1&gt;, exit status 3
10:45:19 INFO  Restarting mosquitto too frequently in the last 10 seconds. It was only up for 4 seconds
10:45:19 INFO  Delaying execution by 7 seconds
10:45:26 DEBUG Process parameters for sudo&lt;tedge_connect_c8y&gt;
  command line : /usr/bin/sudo /usr/bin/tedge connect c8y
    arg #1     : /usr/bin/tedge
    arg #2     : connect
    arg #3     : c8y
  working dir  : /home/pi/actions-runner/_work/thin-edge.io/thin-edge.io/tests/PySys/software_management_end_to_end/sm_apt_install_fail/Output/linux
  stdout       : /home/pi/actions-runner/_work/thin-edge.io/thin-edge.io/tests/PySys/software_management_end_to_end/sm_apt_install_fail/Output/linux/tedge_connect_c8y.out
  stderr       : /home/pi/actions-runner/_work/thin-edge.io/thin-edge.io/tests/PySys/software_management_end_to_end/sm_apt_install_fail/Output/linux/tedge_connect_c8y.err
  environment  : LD_LIBRARY_PATH=/usr/lib
  environment  : PATH=/bin:/usr/bin:/usr/sbin:/usr/local/bin
                   #1  /bin
                   #2  /usr/bin
                   #3  /usr/sbin
                   #4  /usr/local/bin
10:45:26 DEBUG Waiting up to 600 secs for process sudo&lt;tedge_connect_c8y&gt; (pid 7139)
10:45:40 INFO  Executed sudo&lt;tedge_connect_c8y&gt;, exit status 0, duration 13 secs
10:45:40 DEBUG Process parameters for sudo&lt;tedge_connect_c8y_test&gt;
  command line : /usr/bin/sudo /usr/bin/tedge connect c8y --test
    arg #1     : /usr/bin/tedge
    arg #2     : connect
    arg #3     : c8y
    arg #4     : --test
  working dir  : /home/pi/actions-runner/_work/thin-edge.io/thin-edge.io/tests/PySys/software_management_end_to_end/sm_apt_install_fail/Output/linux
  stdout       : /home/pi/actions-runner/_work/thin-edge.io/thin-edge.io/tests/PySys/software_management_end_to_end/sm_apt_install_fail/Output/linux/tedge_connect_c8y_test.out
  stderr       : /home/pi/actions-runner/_work/thin-edge.io/thin-edge.io/tests/PySys/software_management_end_to_end/sm_apt_install_fail/Output/linux/tedge_connect_c8y_test.err
  environment  : LD_LIBRARY_PATH=/usr/lib
  environment  : PATH=/bin:/usr/bin:/usr/sbin:/usr/local/bin
                   #1  /bin
                   #2  /usr/bin
                   #3  /usr/sbin
                   #4  /usr/local/bin
10:45:40 DEBUG Waiting up to 600 secs for process sudo&lt;tedge_connect_c8y_test&gt; (pid 7246)
10:45:41 INFO  Executed sudo&lt;tedge_connect_c8y_test&gt;, exit status 0
10:45:41 DEBUG Process parameters for systemctl&lt;serv_mosq2&gt;
  command line : /usr/bin/systemctl status mosquitto
    arg #1     : status
    arg #2     : mosquitto
  working dir  : /home/pi/actions-runner/_work/thin-edge.io/thin-edge.io/tests/PySys/software_management_end_to_end/sm_apt_install_fail/Output/linux
  stdout       : /home/pi/actions-runner/_work/thin-edge.io/thin-edge.io/tests/PySys/software_management_end_to_end/sm_apt_install_fail/Output/linux/serv_mosq2.out
  stderr       : /home/pi/actions-runner/_work/thin-edge.io/thin-edge.io/tests/PySys/software_management_end_to_end/sm_apt_install_fail/Output/linux/serv_mosq2.err
  environment  : LD_LIBRARY_PATH=/usr/lib
  environment  : PATH=/bin:/usr/bin:/usr/sbin:/usr/local/bin
                   #1  /bin
                   #2  /usr/bin
                   #3  /usr/sbin
                   #4  /usr/local/bin
10:45:41 DEBUG Waiting up to 600 secs for process systemctl&lt;serv_mosq2&gt; (pid 7255)
10:45:41 INFO  Executed systemctl&lt;serv_mosq2&gt;, exit status 0
10:45:41 DEBUG Process parameters for systemctl&lt;serv_mapper3&gt;
  command line : /usr/bin/systemctl status tedge-mapper-c8y
    arg #1     : status
    arg #2     : tedge-mapper-c8y
  working dir  : /home/pi/actions-runner/_work/thin-edge.io/thin-edge.io/tests/PySys/software_management_end_to_end/sm_apt_install_fail/Output/linux
  stdout       : /home/pi/actions-runner/_work/thin-edge.io/thin-edge.io/tests/PySys/software_management_end_to_end/sm_apt_install_fail/Output/linux/serv_mapper3.out
  stderr       : /home/pi/actions-runner/_work/thin-edge.io/thin-edge.io/tests/PySys/software_management_end_to_end/sm_apt_install_fail/Output/linux/serv_mapper3.err
  environment  : LD_LIBRARY_PATH=/usr/lib
  environment  : PATH=/bin:/usr/bin:/usr/sbin:/usr/local/bin
                   #1  /bin
                   #2  /usr/bin
                   #3  /usr/sbin
                   #4  /usr/local/bin
10:45:41 DEBUG Waiting up to 600 secs for process systemctl&lt;serv_mapper3&gt; (pid 7256)
10:45:41 INFO  Executed systemctl&lt;serv_mapper3&gt;, exit status 0
10:45:43 DEBUG Starting new HTTPS connection (1): thin-edge-io.eu-latest.cumulocity.com:443
10:45:44 DEBUG https://thin-edge-io.eu-latest.cumulocity.com:443 &quot;GET /devicecontrol/operations?deviceId=17060072&amp;pageSize=1&amp;revert=true&amp;dateFrom=1970-01-01T00%3A00%3A00.000Z HTTP/1.1&quot; 200 395
10:45:44 DEBUG Final URL of the request: https://thin-edge-io.eu-latest.cumulocity.com/devicecontrol/operations?deviceId=17060072&amp;pageSize=1&amp;revert=true&amp;dateFrom=1970-01-01T00%3A00%3A00.000Z
10:45:44 ERROR No operations found, assuming it passed
10:45:44 DEBUG --- test execute
10:45:44 DEBUG Starting new HTTPS connection (1): thin-edge-io.eu-latest.cumulocity.com:443
10:45:44 DEBUG https://thin-edge-io.eu-latest.cumulocity.com:443 &quot;POST /devicecontrol/operations HTTP/1.1&quot; 201 488
10:45:44 INFO  Response status: 201
10:45:44 INFO  Response to action: {
    &quot;creationTime&quot;: &quot;2022-04-08T10:45:44.354Z&quot;,
    &quot;deviceId&quot;: &quot;17060072&quot;,
    &quot;deviceName&quot;: &quot;offsite_mythicc&quot;,
    &quot;self&quot;: &quot;https://t493319102.eu-latest.cumulocity.com/devicecontrol/operations/17065151&quot;,
    &quot;id&quot;: &quot;17065151&quot;,
    &quot;status&quot;: &quot;PENDING&quot;,
    &quot;description&quot;: &quot;Apply software changes, triggered from PySys: [{'name': 'does_not_exist', 'id': '5446165', 'version': '::apt', 'url': '', 'action': 'install'}]&quot;,
    &quot;c8y_SoftwareUpdate&quot;: [
        {
            &quot;name&quot;: &quot;does_not_exist&quot;,
            &quot;action&quot;: &quot;install&quot;,
            &quot;id&quot;: &quot;5446165&quot;,
            &quot;version&quot;: &quot;::apt&quot;,
            &quot;url&quot;: &quot;&quot;
        }
    ]
}
10:45:44 INFO  Started operation: {'creationTime': '2022-04-08T10:45:44.354Z', 'deviceId': '17060072', 'deviceName': 'offsite_mythicc', 'self': 'https://t493319102.eu-latest.cumulocity.com/devicecontrol/operations/17065151', 'id': '17065151', 'status': 'PENDING', 'description': &quot;Apply software changes, triggered from PySys: [{'name': 'does_not_exist', 'id': '5446165', 'version': '::apt', 'url': '', 'action': 'install'}]&quot;, 'c8y_SoftwareUpdate': [{'name': 'does_not_exist', 'action': 'install', 'id': '5446165', 'version': '::apt', 'url': ''}]}
10:45:46 DEBUG Starting new HTTPS connection (1): thin-edge-io.eu-latest.cumulocity.com:443
10:45:46 DEBUG https://thin-edge-io.eu-latest.cumulocity.com:443 &quot;GET /devicecontrol/operations/17065151 HTTP/1.1&quot; 200 640
10:45:46 INFO  State of operation 17065151 : PENDING
10:45:48 DEBUG Starting new HTTPS connection (1): thin-edge-io.eu-latest.cumulocity.com:443
10:45:48 DEBUG https://thin-edge-io.eu-latest.cumulocity.com:443 &quot;GET /devicecontrol/operations/17065151 HTTP/1.1&quot; 200 642
10:45:48 INFO  State of operation 17065151 : EXECUTING
10:45:50 DEBUG Starting new HTTPS connection (1): thin-edge-io.eu-latest.cumulocity.com:443
10:45:51 DEBUG https://thin-edge-io.eu-latest.cumulocity.com:443 &quot;GET /devicecontrol/operations/17065151 HTTP/1.1&quot; 200 642
10:45:51 INFO  State of operation 17065151 : EXECUTING
10:45:53 DEBUG Starting new HTTPS connection (1): thin-edge-io.eu-latest.cumulocity.com:443
10:45:53 DEBUG https://thin-edge-io.eu-latest.cumulocity.com:443 &quot;GET /devicecontrol/operations/17065151 HTTP/1.1&quot; 200 642
10:45:53 INFO  State of operation 17065151 : EXECUTING
10:45:55 DEBUG Starting new HTTPS connection (1): thin-edge-io.eu-latest.cumulocity.com:443
10:45:55 DEBUG https://thin-edge-io.eu-latest.cumulocity.com:443 &quot;GET /devicecontrol/operations/17065151 HTTP/1.1&quot; 200 642
10:45:55 INFO  State of operation 17065151 : EXECUTING
10:45:57 DEBUG Starting new HTTPS connection (1): thin-edge-io.eu-latest.cumulocity.com:443
10:45:57 DEBUG https://thin-edge-io.eu-latest.cumulocity.com:443 &quot;GET /devicecontrol/operations/17065151 HTTP/1.1&quot; 200 642
10:45:57 INFO  State of operation 17065151 : EXECUTING
10:45:59 DEBUG Starting new HTTPS connection (1): thin-edge-io.eu-latest.cumulocity.com:443
10:45:59 DEBUG https://thin-edge-io.eu-latest.cumulocity.com:443 &quot;GET /devicecontrol/operations/17065151 HTTP/1.1&quot; 200 642
10:45:59 INFO  State of operation 17065151 : EXECUTING
10:46:01 DEBUG Starting new HTTPS connection (1): thin-edge-io.eu-latest.cumulocity.com:443
10:46:02 DEBUG https://thin-edge-io.eu-latest.cumulocity.com:443 &quot;GET /devicecontrol/operations/17065151 HTTP/1.1&quot; 200 642
10:46:02 INFO  State of operation 17065151 : EXECUTING
10:46:04 DEBUG Starting new HTTPS connection (1): thin-edge-io.eu-latest.cumulocity.com:443
10:46:04 DEBUG https://thin-edge-io.eu-latest.cumulocity.com:443 &quot;GET /devicecontrol/operations/17065151 HTTP/1.1&quot; 200 642
10:46:04 INFO  State of operation 17065151 : EXECUTING
10:46:06 DEBUG Starting new HTTPS connection (1): thin-edge-io.eu-latest.cumulocity.com:443
10:46:06 DEBUG https://thin-edge-io.eu-latest.cumulocity.com:443 &quot;GET /devicecontrol/operations/17065151 HTTP/1.1&quot; 200 642
10:46:06 INFO  State of operation 17065151 : EXECUTING
10:46:08 DEBUG Starting new HTTPS connection (1): thin-edge-io.eu-latest.cumulocity.com:443
10:46:08 DEBUG https://thin-edge-io.eu-latest.cumulocity.com:443 &quot;GET /devicecontrol/operations/17065151 HTTP/1.1&quot; 200 642
10:46:08 INFO  State of operation 17065151 : EXECUTING
10:46:10 DEBUG Starting new HTTPS connection (1): thin-edge-io.eu-latest.cumulocity.com:443
10:46:10 DEBUG https://thin-edge-io.eu-latest.cumulocity.com:443 &quot;GET /devicecontrol/operations/17065151 HTTP/1.1&quot; 200 642
10:46:10 INFO  State of operation 17065151 : EXECUTING
10:46:12 DEBUG Starting new HTTPS connection (1): thin-edge-io.eu-latest.cumulocity.com:443
10:46:13 DEBUG https://thin-edge-io.eu-latest.cumulocity.com:443 &quot;GET /devicecontrol/operations/17065151 HTTP/1.1&quot; 200 642
10:46:13 INFO  State of operation 17065151 : EXECUTING
10:46:15 DEBUG Starting new HTTPS connection (1): thin-edge-io.eu-latest.cumulocity.com:443
10:46:15 DEBUG https://thin-edge-io.eu-latest.cumulocity.com:443 &quot;GET /devicecontrol/operations/17065151 HTTP/1.1&quot; 200 642
10:46:15 INFO  State of operation 17065151 : EXECUTING
10:46:17 DEBUG Starting new HTTPS connection (1): thin-edge-io.eu-latest.cumulocity.com:443
10:46:17 DEBUG https://thin-edge-io.eu-latest.cumulocity.com:443 &quot;GET /devicecontrol/operations/17065151 HTTP/1.1&quot; 200 642
10:46:17 INFO  State of operation 17065151 : EXECUTING
10:46:19 DEBUG Starting new HTTPS connection (1): thin-edge-io.eu-latest.cumulocity.com:443
10:46:19 DEBUG https://thin-edge-io.eu-latest.cumulocity.com:443 &quot;GET /devicecontrol/operations/17065151 HTTP/1.1&quot; 200 758
10:46:19 INFO  State of operation 17065151 : FAILED
10:46:19 DEBUG --- test validate
10:46:19 DEBUG Starting new HTTPS connection (1): thin-edge-io.eu-latest.cumulocity.com:443
10:46:20 DEBUG https://thin-edge-io.eu-latest.cumulocity.com:443 &quot;GET /inventory/managedObjects/17060072 HTTP/1.1&quot; 200 1336
10:46:20 WARN  TypeError occurred while running test - 'NoneType' object is not iterable
Traceback (most recent call last):
  File &quot;/home/pi/env-pysys/lib/python3.7/site-packages/pysys/baserunner.py&quot;, line 1296, in __call__
    self.testObj.validate()
  File &quot;/home/pi/actions-runner/_work/thin-edge.io/thin-edge.io/tests/PySys/software_management_end_to_end/sm_apt_install_fail/run.py&quot;, line 31, in validate
    &quot;False == value&quot;, value=self.check_is_installed(&quot;does_not_exist&quot;)
  File &quot;/home/pi/actions-runner/_work/thin-edge.io/thin-edge.io/tests/PySys/software_management_end_to_end/environment_sm_management.py&quot;, line 398, in check_is_installed
    for package in package_list:
TypeError: 'NoneType' object is not iterable
10:46:20 WARN  TypeError: 'NoneType' object is not iterable ... blocked 
10:46:20 DEBUG --- test cleanup
10:46:20 INFO  
10:46:20 INFO  cleanup:
10:46:20 DEBUG Running registered cleanup function: &lt;bound method SoftwareManagement.mysmcleanup of &lt;PySysTest object at 0x760126d0&gt;&gt;
10:46:20 DEBUG Running registered cleanup function: &lt;bound method EnvironmentC8y.myenvcleanup of &lt;PySysTest object at 0x760126d0&gt;&gt;
10:46:20 DEBUG EnvironmentC8y Cleanup
10:46:20 DEBUG Process parameters for sudo&lt;tedge_disconnect_c8y&gt;
  command line : /usr/bin/sudo /usr/bin/tedge disconnect c8y
    arg #1     : /usr/bin/tedge
    arg #2     : disconnect
    arg #3     : c8y
  working dir  : /home/pi/actions-runner/_work/thin-edge.io/thin-edge.io/tests/PySys/software_management_end_to_end/sm_apt_install_fail/Output/linux
  stdout       : /home/pi/actions-runner/_work/thin-edge.io/thin-edge.io/tests/PySys/software_management_end_to_end/sm_apt_install_fail/Output/linux/tedge_disconnect_c8y.out
  stderr       : /home/pi/actions-runner/_work/thin-edge.io/thin-edge.io/tests/PySys/software_management_end_to_end/sm_apt_install_fail/Output/linux/tedge_disconnect_c8y.err
  environment  : LD_LIBRARY_PATH=/usr/lib
  environment  : PATH=/bin:/usr/bin:/usr/sbin:/usr/local/bin
                   #1  /bin
                   #2  /usr/bin
                   #3  /usr/sbin
                   #4  /usr/local/bin
10:46:20 DEBUG Waiting up to 600 secs for process sudo&lt;tedge_disconnect_c8y&gt; (pid 7279)
10:46:23 INFO  Executed sudo&lt;tedge_disconnect_c8y&gt;, exit status 0
10:46:23 DEBUG Process parameters for systemctl&lt;serv_mapper5&gt;
  command line : /usr/bin/systemctl status tedge-mapper-c8y
    arg #1     : status
    arg #2     : tedge-mapper-c8y
  working dir  : /home/pi/actions-runner/_work/thin-edge.io/thin-edge.io/tests/PySys/software_management_end_to_end/sm_apt_install_fail/Output/linux
  stdout       : /home/pi/actions-runner/_work/thin-edge.io/thin-edge.io/tests/PySys/software_management_end_to_end/sm_apt_install_fail/Output/linux/serv_mapper5.out
  stderr       : /home/pi/actions-runner/_work/thin-edge.io/thin-edge.io/tests/PySys/software_management_end_to_end/sm_apt_install_fail/Output/linux/serv_mapper5.err
  environment  : LD_LIBRARY_PATH=/usr/lib
  environment  : PATH=/bin:/usr/bin:/usr/sbin:/usr/local/bin
                   #1  /bin
                   #2  /usr/bin
                   #3  /usr/sbin
                   #4  /usr/local/bin
10:46:23 DEBUG Waiting up to 600 secs for process systemctl&lt;serv_mapper5&gt; (pid 7319)
10:46:24 INFO  Executed systemctl&lt;serv_mapper5&gt;, exit status 3
10:46:24 DEBUG ProcessUser cleanup function done.
10:46:24 INFO  
10:46:24 INFO  Test duration: 65.59 secs
10:46:24 INFO  Test final outcome:  BLOCKED
10:46:24 INFO  Test outcome reason: TypeError: 'NoneType' object is not iterable
10:46:24 INFO  
</system-out>
	</testcase>
</testsuite>
