<?xml version="1.0" encoding="utf-8"?>
<testsuite failures="1" name="SoftwareManagement.sm_apt_install_download_path" skipped="0" tests="1" time="91.83" timestamp="2022-05-02T15:43:16">
	<testcase classname="AptInstallWithDownloadPath" name="SoftwareManagement.sm_apt_install_download_path">
		<failure message="BLOCKED: AssertionError:" type="BLOCKED"/>
		<system-out>15:41:44 INFO  ==============================================================
15:41:44 INFO  Id:    SoftwareManagement.sm_apt_install_download_path
15:41:44 INFO  Dir:   software_management_end_to_end/
15:41:44 INFO  Title: Install package to directory specified in tedge config set tmp.path
15:41:44 INFO  ==============================================================
15:41:44 INFO  Using sw id database: {'asciijump': '5475369', 'robotfindskitten': '5474869', 'squirrel3': '5475279', 'rolldice': '5152439', 'moon-buggy': '5439204', 'apple': '5495053', 'banana': '5494888', 'cherry': '5495382', 'watermelon': '5494510', 'registry': '8018911', 'hello-world': '8021526', 'docker/getting-started': '8021973', 'alpine': '7991792'}
15:41:44 INFO  EnvironmentC8y Setup
15:41:45 INFO  Executed systemctl&lt;serv_mapper1&gt;, exit status 3
15:42:00 INFO  Executed sudo&lt;tedge_connect_c8y&gt;, exit status 0, duration 15 secs
15:42:03 INFO  Executed sudo&lt;tedge_connect_c8y_test&gt;, exit status 0
15:42:04 INFO  Executed systemctl&lt;serv_mosq2&gt;, exit status 0
15:42:05 INFO  Executed systemctl&lt;serv_mapper3&gt;, exit status 0
15:42:07 INFO  State of current operation: SUCCESSFUL
15:42:07 INFO  Assert that (False == value) with value=False ... passed
15:42:08 INFO  Executed sudo, exit status 0
15:42:08 INFO  Executed sudo, exit status 0
15:42:09 INFO  Executed sudo, exit status 0
15:42:13 INFO  Executed sudo&lt;tedge_disconnect_c8y&gt;, exit status 0
15:42:13 INFO  Restarting mosquitto too frequently in the last 10 seconds. It was only up for 3 seconds
15:42:13 INFO  Delaying execution by 8 seconds
15:42:36 INFO  Executed sudo&lt;tedge_connect_c8y&gt;, exit status 0, duration 15 secs
15:42:37 INFO  Response status: 201
15:42:37 INFO  Response to action: {
    &quot;creationTime&quot;: &quot;2022-05-02T15:42:37.099Z&quot;,
    &quot;deviceName&quot;: &quot;mythicc&quot;,
    &quot;deviceId&quot;: &quot;18176681&quot;,
    &quot;self&quot;: &quot;https://t493319102.eu-latest.cumulocity.com/devicecontrol/operations/18197212&quot;,
    &quot;id&quot;: &quot;18197212&quot;,
    &quot;status&quot;: &quot;PENDING&quot;,
    &quot;description&quot;: &quot;Apply software changes, triggered from PySys: [{'name': 'rolldice', 'id': '5152439', 'version': '::apt', 'url': 'https://thin-edge-io.eu-latest.cumulocity.com/inventory/binaries/12435463', 'action': 'install'}]&quot;,
    &quot;c8y_SoftwareUpdate&quot;: [
        {
            &quot;name&quot;: &quot;rolldice&quot;,
            &quot;action&quot;: &quot;install&quot;,
            &quot;id&quot;: &quot;5152439&quot;,
            &quot;version&quot;: &quot;::apt&quot;,
            &quot;url&quot;: &quot;https://thin-edge-io.eu-latest.cumulocity.com/inventory/binaries/12435463&quot;
        }
    ]
}
15:42:37 INFO  Started operation: {'creationTime': '2022-05-02T15:42:37.099Z', 'deviceName': 'mythicc', 'deviceId': '18176681', 'self': 'https://t493319102.eu-latest.cumulocity.com/devicecontrol/operations/18197212', 'id': '18197212', 'status': 'PENDING', 'description': &quot;Apply software changes, triggered from PySys: [{'name': 'rolldice', 'id': '5152439', 'version': '::apt', 'url': 'https://thin-edge-io.eu-latest.cumulocity.com/inventory/binaries/12435463', 'action': 'install'}]&quot;, 'c8y_SoftwareUpdate': [{'name': 'rolldice', 'action': 'install', 'id': '5152439', 'version': '::apt', 'url': 'https://thin-edge-io.eu-latest.cumulocity.com/inventory/binaries/12435463'}]}
15:42:37 WARN  , retrying in 0.5 seconds...
15:42:37 WARN  , retrying in 0.5 seconds...
15:42:38 WARN  , retrying in 0.5 seconds...
15:42:38 WARN  , retrying in 0.5 seconds...
15:42:39 WARN  , retrying in 0.5 seconds...
15:42:39 WARN  , retrying in 0.5 seconds...
15:42:40 WARN  , retrying in 0.5 seconds...
15:42:40 WARN  , retrying in 0.5 seconds...
15:42:41 WARN  , retrying in 0.5 seconds...
15:42:41 WARN  AssertionError occurred while running test - 
Traceback (most recent call last):
  File &quot;/home/pi/env-pysys/lib/python3.7/site-packages/pysys/baserunner.py&quot;, line 1294, in __call__
    self.testObj.execute()
  File &quot;/home/pi/actions-runner/_work/thin-edge.io/thin-edge.io/tests/PySys/software_management_end_to_end/sm_apt_install_download_path/run.py&quot;, line 83, in execute
    assert_install_in_download_path(install_directory=self.DOWNLOAD_DIR)
  File &quot;/home/pi/env-pysys/lib/python3.7/site-packages/decorator.py&quot;, line 232, in fun
    return caller(func, *(extras + args), **kw)
  File &quot;/home/pi/env-pysys/lib/python3.7/site-packages/retry/api.py&quot;, line 74, in retry_decorator
    logger)
  File &quot;/home/pi/env-pysys/lib/python3.7/site-packages/retry/api.py&quot;, line 33, in __retry_internal
    return f()
  File &quot;/home/pi/actions-runner/_work/thin-edge.io/thin-edge.io/tests/PySys/software_management_end_to_end/sm_apt_install_download_path/run.py&quot;, line 28, in assert_install_in_download_path
    assert &quot;rolldice&quot; in os.listdir(f&quot;{install_directory}&quot;)
AssertionError
15:42:42 WARN  AssertionError: ... blocked 
15:42:42 INFO  
15:42:42 INFO  cleanup:
15:42:42 INFO  Executed sudo, exit status 0
15:42:44 INFO  Executed sudo, exit status 0
15:42:49 INFO  Executed sudo&lt;tedge_disconnect_c8y&gt;, exit status 0
15:42:49 INFO  Restarting mosquitto too frequently in the last 10 seconds. It was only up for 4 seconds
15:42:49 INFO  Delaying execution by 7 seconds
15:43:11 INFO  Executed sudo&lt;tedge_connect_c8y&gt;, exit status 0, duration 14 secs
15:43:15 INFO  Executed sudo&lt;tedge_disconnect_c8y&gt;, exit status 0
15:43:15 INFO  Executed systemctl&lt;serv_mapper5&gt;, exit status 3
15:43:15 INFO  
15:43:15 INFO  Test duration: 91.83 secs
15:43:16 INFO  Test final outcome:  BLOCKED
15:43:16 INFO  Test outcome reason: AssertionError:
15:43:16 INFO  
</system-out>
	</testcase>
</testsuite>
