2022-03-02 09:12:34,820 INFO  ==============================================================
2022-03-02 09:12:34,820 INFO  Id:    SoftwareManagement.sm_apt_install_remove_default
2022-03-02 09:12:34,821 INFO  Dir:   software_management_end_to_end/
2022-03-02 09:12:34,822 INFO  Title: Validate end to end behaviour for the default plugin for installation and removal of packages
2022-03-02 09:12:34,822 DEBUG Execution order hint: 0.0
2022-03-02 09:12:34,823 INFO  ==============================================================
2022-03-02 09:12:34,826 INFO  Using sw id database: {'asciijump': '5475369', 'robotfindskitten': '5474869', 'squirrel3': '5475279', 'rolldice': '5152439', 'moon-buggy': '5439204', 'apple': '5495053', 'banana': '5494888', 'cherry': '5495382', 'watermelon': '5494510', 'registry': '8018911', 'hello-world': '8021526', 'docker/getting-started': '8021973', 'alpine': '7991792'}
2022-03-02 09:12:34,827 DEBUG EnvironmentC8y Setup
2022-03-02 09:12:34,827 INFO  EnvironmentC8y Setup
2022-03-02 09:12:34,828 DEBUG Process parameters for systemctl<serv_mapper1>
  command line : /usr/bin/systemctl status tedge-mapper-c8y
    arg #1     : status
    arg #2     : tedge-mapper-c8y
  working dir  : /home/pi/actions-runner/_work/thin-edge.io/thin-edge.io/tests/PySys/software_management_end_to_end/sm_apt_install_remove_default/Output/linux
  stdout       : /home/pi/actions-runner/_work/thin-edge.io/thin-edge.io/tests/PySys/software_management_end_to_end/sm_apt_install_remove_default/Output/linux/serv_mapper1.out
  stderr       : /home/pi/actions-runner/_work/thin-edge.io/thin-edge.io/tests/PySys/software_management_end_to_end/sm_apt_install_remove_default/Output/linux/serv_mapper1.err
  environment  : LD_LIBRARY_PATH=/usr/lib
  environment  : PATH=/bin:/usr/bin:/usr/sbin:/usr/local/bin
                   #1  /bin
                   #2  /usr/bin
                   #3  /usr/sbin
                   #4  /usr/local/bin
2022-03-02 09:12:34,833 DEBUG Waiting up to 600 secs for process systemctl<serv_mapper1> (pid 14997)
2022-03-02 09:12:35,138 INFO  Executed systemctl<serv_mapper1>, exit status 3
2022-03-02 09:12:35,215 INFO  Restarting mosquitto too frequently in the last 10 seconds. It was only up for 3 seconds
2022-03-02 09:12:35,216 INFO  Delaying execution by 8 seconds
2022-03-02 09:12:43,227 DEBUG Process parameters for sudo<tedge_connect_c8y>
  command line : /usr/bin/sudo /usr/bin/tedge connect c8y
    arg #1     : /usr/bin/tedge
    arg #2     : connect
    arg #3     : c8y
  working dir  : /home/pi/actions-runner/_work/thin-edge.io/thin-edge.io/tests/PySys/software_management_end_to_end/sm_apt_install_remove_default/Output/linux
  stdout       : /home/pi/actions-runner/_work/thin-edge.io/thin-edge.io/tests/PySys/software_management_end_to_end/sm_apt_install_remove_default/Output/linux/tedge_connect_c8y.out
  stderr       : /home/pi/actions-runner/_work/thin-edge.io/thin-edge.io/tests/PySys/software_management_end_to_end/sm_apt_install_remove_default/Output/linux/tedge_connect_c8y.err
  environment  : LD_LIBRARY_PATH=/usr/lib
  environment  : PATH=/bin:/usr/bin:/usr/sbin:/usr/local/bin
                   #1  /bin
                   #2  /usr/bin
                   #3  /usr/sbin
                   #4  /usr/local/bin
2022-03-02 09:12:43,234 DEBUG Waiting up to 600 secs for process sudo<tedge_connect_c8y> (pid 15001)
2022-03-02 09:12:53,466 INFO  Executed sudo<tedge_connect_c8y>, exit status 0
2022-03-02 09:12:53,469 DEBUG Process parameters for sudo<tedge_connect_c8y_test>
  command line : /usr/bin/sudo /usr/bin/tedge connect c8y --test
    arg #1     : /usr/bin/tedge
    arg #2     : connect
    arg #3     : c8y
    arg #4     : --test
  working dir  : /home/pi/actions-runner/_work/thin-edge.io/thin-edge.io/tests/PySys/software_management_end_to_end/sm_apt_install_remove_default/Output/linux
  stdout       : /home/pi/actions-runner/_work/thin-edge.io/thin-edge.io/tests/PySys/software_management_end_to_end/sm_apt_install_remove_default/Output/linux/tedge_connect_c8y_test.out
  stderr       : /home/pi/actions-runner/_work/thin-edge.io/thin-edge.io/tests/PySys/software_management_end_to_end/sm_apt_install_remove_default/Output/linux/tedge_connect_c8y_test.err
  environment  : LD_LIBRARY_PATH=/usr/lib
  environment  : PATH=/bin:/usr/bin:/usr/sbin:/usr/local/bin
                   #1  /bin
                   #2  /usr/bin
                   #3  /usr/sbin
                   #4  /usr/local/bin
2022-03-02 09:12:53,475 DEBUG Waiting up to 600 secs for process sudo<tedge_connect_c8y_test> (pid 15113)
2022-03-02 09:12:53,830 INFO  Executed sudo<tedge_connect_c8y_test>, exit status 0
2022-03-02 09:12:53,832 DEBUG Process parameters for systemctl<serv_mosq2>
  command line : /usr/bin/systemctl status mosquitto
    arg #1     : status
    arg #2     : mosquitto
  working dir  : /home/pi/actions-runner/_work/thin-edge.io/thin-edge.io/tests/PySys/software_management_end_to_end/sm_apt_install_remove_default/Output/linux
  stdout       : /home/pi/actions-runner/_work/thin-edge.io/thin-edge.io/tests/PySys/software_management_end_to_end/sm_apt_install_remove_default/Output/linux/serv_mosq2.out
  stderr       : /home/pi/actions-runner/_work/thin-edge.io/thin-edge.io/tests/PySys/software_management_end_to_end/sm_apt_install_remove_default/Output/linux/serv_mosq2.err
  environment  : LD_LIBRARY_PATH=/usr/lib
  environment  : PATH=/bin:/usr/bin:/usr/sbin:/usr/local/bin
                   #1  /bin
                   #2  /usr/bin
                   #3  /usr/sbin
                   #4  /usr/local/bin
2022-03-02 09:12:53,838 DEBUG Waiting up to 600 secs for process systemctl<serv_mosq2> (pid 15129)
2022-03-02 09:12:54,093 INFO  Executed systemctl<serv_mosq2>, exit status 0
2022-03-02 09:12:54,095 DEBUG Process parameters for systemctl<serv_mapper3>
  command line : /usr/bin/systemctl status tedge-mapper-c8y
    arg #1     : status
    arg #2     : tedge-mapper-c8y
  working dir  : /home/pi/actions-runner/_work/thin-edge.io/thin-edge.io/tests/PySys/software_management_end_to_end/sm_apt_install_remove_default/Output/linux
  stdout       : /home/pi/actions-runner/_work/thin-edge.io/thin-edge.io/tests/PySys/software_management_end_to_end/sm_apt_install_remove_default/Output/linux/serv_mapper3.out
  stderr       : /home/pi/actions-runner/_work/thin-edge.io/thin-edge.io/tests/PySys/software_management_end_to_end/sm_apt_install_remove_default/Output/linux/serv_mapper3.err
  environment  : LD_LIBRARY_PATH=/usr/lib
  environment  : PATH=/bin:/usr/bin:/usr/sbin:/usr/local/bin
                   #1  /bin
                   #2  /usr/bin
                   #3  /usr/sbin
                   #4  /usr/local/bin
2022-03-02 09:12:54,100 DEBUG Waiting up to 600 secs for process systemctl<serv_mapper3> (pid 15135)
2022-03-02 09:12:54,354 INFO  Executed systemctl<serv_mapper3>, exit status 0
2022-03-02 09:12:56,519 DEBUG Final URL of the request: https://thin-edge-io.eu-latest.cumulocity.com/devicecontrol/operations?deviceId=14879813&pageSize=1&revert=true&dateFrom=1970-01-01T00%3A00%3A00.000Z
2022-03-02 09:12:56,522 INFO  State of current operation: FAILED
2022-03-02 09:12:56,523 DEBUG Final URL of the request: https://thin-edge-io.eu-latest.cumulocity.com/devicecontrol/operations?deviceId=14879813&pageSize=1&revert=true&dateFrom=1970-01-01T00%3A00%3A00.000Z
2022-03-02 09:12:56,524 DEBUG State of current operation: {
    "delivery": {
        "time": "2022-03-02T09:11:42.090Z",
        "log": [
            {
                "time": "2022-03-02T09:11:42.047Z",
                "status": "PENDING"
            },
            {
                "time": "2022-03-02T09:11:42.056Z",
                "status": "SEND"
            }
        ],
        "status": "DELIVERED"
    },
    "creationTime": "2022-03-02T09:11:42.028Z",
    "deviceId": "14879813",
    "deviceName": "offsiteb",
    "failureReason": "1 error, see device log file /var/log/tedge/agent/software-update-2022-03-02T09:11:43.867549994Z.log",
    "self": "https://t493319102.eu-latest.cumulocity.com/devicecontrol/operations/14902678",
    "id": "14902678",
    "status": "FAILED",
    "description": "Apply software changes, triggered from PySys: [{'name': 'does_not_exist', 'id': '5446165', 'version': '::apt', 'url': '', 'action': 'install'}]",
    "c8y_SoftwareUpdate": [
        {
            "name": "does_not_exist",
            "action": "install",
            "id": "5446165",
            "version": "::apt",
            "url": ""
        }
    ]
}
2022-03-02 09:12:56,681 WARN  caught <class 'TypeError'> while running test: 'NoneType' object is not iterable
Traceback (most recent call last):
  File "/home/pi/env-pysys/lib/python3.7/site-packages/pysys/baserunner.py", line 1207, in __call__
    self.testObj.setup()
  File "/home/pi/actions-runner/_work/thin-edge.io/thin-edge.io/tests/PySys/software_management_end_to_end/sm_apt_install_remove_default/run.py", line 27, in setup
    self.assertThat("False == value", value=self.check_is_installed("rolldice"))
  File "/home/pi/actions-runner/_work/thin-edge.io/thin-edge.io/tests/PySys/software_management_end_to_end/environment_sm_management.py", line 395, in check_is_installed
    for package in package_list:
TypeError: 'NoneType' object is not iterable
2022-03-02 09:12:56,693 WARN  TypeError: 'NoneType' object is not iterable ... blocked 
2022-03-02 09:12:56,694 DEBUG --- test cleanup
2022-03-02 09:12:56,695 INFO  
2022-03-02 09:12:56,695 INFO  cleanup:
2022-03-02 09:12:56,695 DEBUG Running registered cleanup function: <bound method SoftwareManagement.mysmcleanup of <PySysTest object at 0x75bf7d90>>
2022-03-02 09:12:56,696 DEBUG Running registered cleanup function: <bound method EnvironmentC8y.myenvcleanup of <PySysTest object at 0x75bf7d90>>
2022-03-02 09:12:56,696 DEBUG EnvironmentC8y Cleanup
2022-03-02 09:12:56,800 DEBUG Process parameters for sudo<tedge_disconnect_c8y>
  command line : /usr/bin/sudo /usr/bin/tedge disconnect c8y
    arg #1     : /usr/bin/tedge
    arg #2     : disconnect
    arg #3     : c8y
  working dir  : /home/pi/actions-runner/_work/thin-edge.io/thin-edge.io/tests/PySys/software_management_end_to_end/sm_apt_install_remove_default/Output/linux
  stdout       : /home/pi/actions-runner/_work/thin-edge.io/thin-edge.io/tests/PySys/software_management_end_to_end/sm_apt_install_remove_default/Output/linux/tedge_disconnect_c8y.out
  stderr       : /home/pi/actions-runner/_work/thin-edge.io/thin-edge.io/tests/PySys/software_management_end_to_end/sm_apt_install_remove_default/Output/linux/tedge_disconnect_c8y.err
  environment  : LD_LIBRARY_PATH=/usr/lib
  environment  : PATH=/bin:/usr/bin:/usr/sbin:/usr/local/bin
                   #1  /bin
                   #2  /usr/bin
                   #3  /usr/sbin
                   #4  /usr/local/bin
2022-03-02 09:12:56,805 DEBUG Waiting up to 600 secs for process sudo<tedge_disconnect_c8y> (pid 15140)
2022-03-02 09:12:59,068 INFO  Executed sudo<tedge_disconnect_c8y>, exit status 0
2022-03-02 09:12:59,070 DEBUG Process parameters for systemctl<serv_mapper5>
  command line : /usr/bin/systemctl status tedge-mapper-c8y
    arg #1     : status
    arg #2     : tedge-mapper-c8y
  working dir  : /home/pi/actions-runner/_work/thin-edge.io/thin-edge.io/tests/PySys/software_management_end_to_end/sm_apt_install_remove_default/Output/linux
  stdout       : /home/pi/actions-runner/_work/thin-edge.io/thin-edge.io/tests/PySys/software_management_end_to_end/sm_apt_install_remove_default/Output/linux/serv_mapper5.out
  stderr       : /home/pi/actions-runner/_work/thin-edge.io/thin-edge.io/tests/PySys/software_management_end_to_end/sm_apt_install_remove_default/Output/linux/serv_mapper5.err
  environment  : LD_LIBRARY_PATH=/usr/lib
  environment  : PATH=/bin:/usr/bin:/usr/sbin:/usr/local/bin
                   #1  /bin
                   #2  /usr/bin
                   #3  /usr/sbin
                   #4  /usr/local/bin
2022-03-02 09:12:59,075 DEBUG Waiting up to 600 secs for process systemctl<serv_mapper5> (pid 15180)
2022-03-02 09:12:59,380 INFO  Executed systemctl<serv_mapper5>, exit status 3
2022-03-02 09:12:59,381 DEBUG ProcessUser cleanup function done.
2022-03-02 09:12:59,384 INFO  
2022-03-02 09:12:59,384 INFO  Test duration: 24.57 secs
2022-03-02 09:12:59,385 INFO  Test final outcome:  BLOCKED
2022-03-02 09:12:59,386 INFO  Test outcome reason: TypeError: 'NoneType' object is not iterable
2022-03-02 09:12:59,387 INFO  
