<?xml version="1.0" encoding="utf-8"?>
<testsuite failures="1" name="local_mqtt_pub_sub_retain" skipped="0" tests="1" time="6.16" timestamp="2022-04-28T07:22:14">
	<testcase classname="MqttPublishWithRetain" name="local_mqtt_pub_sub_retain">
		<failure message="FAILED: Grep on temp_sensor_sub.out contains &quot;\[test/alarms/temp_sensor\] alarm msg 2&quot; (+1 other failures)" type="FAILED"/>
		<system-out>07:22:08 INFO  ==============================================================
07:22:08 INFO  Id:    local_mqtt_pub_sub_retain
07:22:08 INFO  Dir:   local_mqtt/
07:22:08 INFO  Title: Validate local publishing with retain flag
07:22:08 INFO  ==============================================================
07:22:08 INFO  Executed tedge&lt;pub_to_set_alarm&gt;, exit status 0
07:22:09 INFO  Executed tedge&lt;pub_to_set_alarm&gt;, exit status 0
07:22:10 INFO  Started tedge&lt;temp_sensor_sub&gt; with process id 23910
07:22:10 INFO  Executed tedge&lt;pub_to_clear_alarm&gt;, exit status 0
07:22:12 INFO  Executed sudo&lt;kill_out&gt;, exit status 0
07:22:12 INFO  Executed tedge&lt;pub_to_clear_alarm&gt;, exit status 0
07:22:13 INFO  Started tedge&lt;temp_sensor_empty_message&gt; with process id 23915
07:22:14 INFO  Executed sudo&lt;kill_out&gt;, exit status 0
07:22:14 WARN  Grep on temp_sensor_sub.out contains &quot;\[test/alarms/temp_sensor\] alarm msg 2&quot; ... failed [run.py:139]
07:22:14 WARN  Grep on temp_sensor_sub.out contains &quot;\[test/alarms/temp_sensor\] &quot; ... failed [run.py:142]
07:22:14 INFO  Grep on file temp_sensor_empty_message.out ... passed
07:22:14 INFO  
07:22:14 INFO  Test duration: 6.16 secs
07:22:14 INFO  Test final outcome:  FAILED
07:22:14 INFO  Test outcome reason: Grep on temp_sensor_sub.out contains &quot;\[test/alarms/temp_sensor\] alarm msg 2&quot; (+1 other failures)
07:22:14 INFO  
</system-out>
	</testcase>
</testsuite>
