<?xml version="1.0" encoding="utf-8"?>
<testsuite failures="1" name="log_request_num_lines" skipped="0" tests="1" time="32.37" timestamp="2022-04-27T14:21:10">
	<testcase classname="LogRequestVerifyNumberOfLines" name="log_request_num_lines">
		<failure message="FAILED: Assert that (True == value) with value=False" type="FAILED"/>
		<system-out>14:20:38 INFO  ==============================================================
14:20:38 INFO  Id:    log_request_num_lines
14:20:38 INFO  Dir:   log_request_end_to_end/
14:20:38 INFO  Title: Validate end to end behaviour for the log request operation check for number of lines
14:20:38 INFO  ==============================================================
14:20:38 INFO  EnvironmentC8y Setup
14:20:38 INFO  Executed systemctl&lt;serv_mapper1&gt;, exit status 3
14:20:39 INFO  Restarting mosquitto too frequently in the last 10 seconds. It was only up for 5 seconds
14:20:39 INFO  Delaying execution by 6 seconds
14:20:59 INFO  Executed sudo&lt;tedge_connect_c8y&gt;, exit status 0, duration 14 secs
14:21:00 INFO  Executed sudo&lt;tedge_connect_c8y_test&gt;, exit status 0
14:21:00 INFO  Executed systemctl&lt;serv_mosq2&gt;, exit status 0
14:21:01 INFO  Executed systemctl&lt;serv_mapper3&gt;, exit status 0
14:21:02 INFO  Executed sudo&lt;rm_logs&gt;, exit status 0
14:21:02 INFO  Executed sudo&lt;move_logs&gt;, exit status 0
14:21:03 INFO  log response None
14:21:03 WARN  retry, retrying in 1 seconds...
14:21:04 INFO  log response https://thin-edge-io.eu-latest.cumulocity.com/event/events/17779900/binaries
14:21:04 INFO  nlines 0
14:21:04 WARN  Assert that (True == value) with value=False ... failed [run.py:44]
14:21:04 INFO  
14:21:04 INFO  cleanup:
14:21:05 INFO  Executed sudo&lt;rm_logs&gt;, exit status 0
14:21:05 INFO  Executed sudo&lt;rm_tmp_logs&gt;, exit status 0
14:21:06 INFO  Executed sudo&lt;send_failed&gt;, exit status 0
14:21:10 INFO  Executed sudo&lt;tedge_disconnect_c8y&gt;, exit status 0
14:21:10 INFO  Executed systemctl&lt;serv_mapper5&gt;, exit status 3
14:21:10 INFO  
14:21:10 INFO  Test duration: 32.37 secs
14:21:10 INFO  Test final outcome:  FAILED
14:21:10 INFO  Test outcome reason: Assert that (True == value) with value=False
14:21:10 INFO  
</system-out>
	</testcase>
</testsuite>
