<?xml version="1.0" encoding="utf-8"?>
<testsuite failures="1" name="log_request_error_messages" skipped="0" tests="1" time="35.87" timestamp="2022-04-28T15:26:26">
	<testcase classname="LogRequestVerifySearchTextError" name="log_request_error_messages">
		<failure message="FAILED: Assert that (True == value) with value=False" type="FAILED"/>
		<system-out>15:25:50 INFO  ==============================================================
15:25:50 INFO  Id:    log_request_error_messages
15:25:50 INFO  Dir:   log_request_end_to_end/
15:25:50 INFO  Title: Validate end to end behaviour for the log request operation check for error messages
15:25:50 INFO  ==============================================================
15:25:52 INFO  EnvironmentC8y Setup
15:25:52 INFO  Executed systemctl&lt;serv_mapper1&gt;, exit status 3
15:25:52 INFO  Restarting mosquitto too frequently in the last 10 seconds. It was only up for 3 seconds
15:25:52 INFO  Delaying execution by 8 seconds
15:26:14 INFO  Executed sudo&lt;tedge_connect_c8y&gt;, exit status 0, duration 13 secs
15:26:15 INFO  Executed sudo&lt;tedge_connect_c8y_test&gt;, exit status 0
15:26:16 INFO  Executed systemctl&lt;serv_mosq2&gt;, exit status 0
15:26:16 INFO  Executed systemctl&lt;serv_mapper3&gt;, exit status 0
15:26:17 INFO  Executed sudo&lt;rm_logs&gt;, exit status 0
15:26:17 INFO  Executed sudo&lt;move_logs&gt;, exit status 0
15:26:18 INFO  log response None
15:26:18 WARN  retry, retrying in 1 seconds...
15:26:19 INFO  log response https://thin-edge-io.eu-latest.cumulocity.com/event/events/17915236/binaries
15:26:20 WARN  Assert that (True == value) with value=False ... failed [run.py:43]
15:26:20 INFO  
15:26:20 INFO  cleanup:
15:26:21 INFO  Executed sudo&lt;rm_logs&gt;, exit status 0
15:26:21 INFO  Executed sudo&lt;rm_tmp_logs&gt;, exit status 0
15:26:22 INFO  Executed sudo&lt;send_failed&gt;, exit status 0
15:26:26 INFO  Executed sudo&lt;tedge_disconnect_c8y&gt;, exit status 0
15:26:26 INFO  Executed systemctl&lt;serv_mapper5&gt;, exit status 3
15:26:26 INFO  
15:26:26 INFO  Test duration: 35.87 secs
15:26:26 INFO  Test final outcome:  FAILED
15:26:26 INFO  Test outcome reason: Assert that (True == value) with value=False
15:26:26 INFO  
</system-out>
	</testcase>
</testsuite>
