2022-03-02 09:11:37,167 INFO  ==============================================================
2022-03-02 09:11:37,168 INFO  Id:    SoftwareManagement.sm_apt_install_fail
2022-03-02 09:11:37,169 INFO  Dir:   software_management_end_to_end/
2022-03-02 09:11:37,169 INFO  Title: Validate end to end behaviour for a failing installation
2022-03-02 09:11:37,170 DEBUG Execution order hint: 0.0
2022-03-02 09:11:37,170 INFO  ==============================================================
2022-03-02 09:11:37,174 INFO  Using sw id database: {'asciijump': '5475369', 'robotfindskitten': '5474869', 'squirrel3': '5475279', 'rolldice': '5152439', 'moon-buggy': '5439204', 'apple': '5495053', 'banana': '5494888', 'cherry': '5495382', 'watermelon': '5494510', 'registry': '8018911', 'hello-world': '8021526', 'docker/getting-started': '8021973', 'alpine': '7991792'}
2022-03-02 09:11:37,174 DEBUG EnvironmentC8y Setup
2022-03-02 09:11:37,175 INFO  EnvironmentC8y Setup
2022-03-02 09:11:37,176 DEBUG Process parameters for systemctl<serv_mapper1>
  command line : /usr/bin/systemctl status tedge-mapper-c8y
    arg #1     : status
    arg #2     : tedge-mapper-c8y
  working dir  : /home/pi/actions-runner/_work/thin-edge.io/thin-edge.io/tests/PySys/software_management_end_to_end/sm_apt_install_fail/Output/linux
  stdout       : /home/pi/actions-runner/_work/thin-edge.io/thin-edge.io/tests/PySys/software_management_end_to_end/sm_apt_install_fail/Output/linux/serv_mapper1.out
  stderr       : /home/pi/actions-runner/_work/thin-edge.io/thin-edge.io/tests/PySys/software_management_end_to_end/sm_apt_install_fail/Output/linux/serv_mapper1.err
  environment  : LD_LIBRARY_PATH=/usr/lib
  environment  : PATH=/bin:/usr/bin:/usr/sbin:/usr/local/bin
                   #1  /bin
                   #2  /usr/bin
                   #3  /usr/sbin
                   #4  /usr/local/bin
2022-03-02 09:11:37,182 DEBUG Waiting up to 600 secs for process systemctl<serv_mapper1> (pid 22994)
2022-03-02 09:11:37,486 INFO  Executed systemctl<serv_mapper1>, exit status 3
2022-03-02 09:11:37,570 INFO  Restarting mosquitto too frequently in the last 10 seconds. It was only up for 2 seconds
2022-03-02 09:11:37,571 INFO  Delaying execution by 9 seconds
2022-03-02 09:11:46,582 DEBUG Process parameters for sudo<tedge_connect_c8y>
  command line : /usr/bin/sudo /usr/bin/tedge connect c8y
    arg #1     : /usr/bin/tedge
    arg #2     : connect
    arg #3     : c8y
  working dir  : /home/pi/actions-runner/_work/thin-edge.io/thin-edge.io/tests/PySys/software_management_end_to_end/sm_apt_install_fail/Output/linux
  stdout       : /home/pi/actions-runner/_work/thin-edge.io/thin-edge.io/tests/PySys/software_management_end_to_end/sm_apt_install_fail/Output/linux/tedge_connect_c8y.out
  stderr       : /home/pi/actions-runner/_work/thin-edge.io/thin-edge.io/tests/PySys/software_management_end_to_end/sm_apt_install_fail/Output/linux/tedge_connect_c8y.err
  environment  : LD_LIBRARY_PATH=/usr/lib
  environment  : PATH=/bin:/usr/bin:/usr/sbin:/usr/local/bin
                   #1  /bin
                   #2  /usr/bin
                   #3  /usr/sbin
                   #4  /usr/local/bin
2022-03-02 09:11:46,589 DEBUG Waiting up to 600 secs for process sudo<tedge_connect_c8y> (pid 23000)
2022-03-02 09:11:56,843 INFO  Executed sudo<tedge_connect_c8y>, exit status 0
2022-03-02 09:11:56,848 DEBUG Process parameters for sudo<tedge_connect_c8y_test>
  command line : /usr/bin/sudo /usr/bin/tedge connect c8y --test
    arg #1     : /usr/bin/tedge
    arg #2     : connect
    arg #3     : c8y
    arg #4     : --test
  working dir  : /home/pi/actions-runner/_work/thin-edge.io/thin-edge.io/tests/PySys/software_management_end_to_end/sm_apt_install_fail/Output/linux
  stdout       : /home/pi/actions-runner/_work/thin-edge.io/thin-edge.io/tests/PySys/software_management_end_to_end/sm_apt_install_fail/Output/linux/tedge_connect_c8y_test.out
  stderr       : /home/pi/actions-runner/_work/thin-edge.io/thin-edge.io/tests/PySys/software_management_end_to_end/sm_apt_install_fail/Output/linux/tedge_connect_c8y_test.err
  environment  : LD_LIBRARY_PATH=/usr/lib
  environment  : PATH=/bin:/usr/bin:/usr/sbin:/usr/local/bin
                   #1  /bin
                   #2  /usr/bin
                   #3  /usr/sbin
                   #4  /usr/local/bin
2022-03-02 09:11:56,853 DEBUG Waiting up to 600 secs for process sudo<tedge_connect_c8y_test> (pid 23108)
2022-03-02 09:11:57,208 INFO  Executed sudo<tedge_connect_c8y_test>, exit status 0
2022-03-02 09:11:57,209 DEBUG Process parameters for systemctl<serv_mosq2>
  command line : /usr/bin/systemctl status mosquitto
    arg #1     : status
    arg #2     : mosquitto
  working dir  : /home/pi/actions-runner/_work/thin-edge.io/thin-edge.io/tests/PySys/software_management_end_to_end/sm_apt_install_fail/Output/linux
  stdout       : /home/pi/actions-runner/_work/thin-edge.io/thin-edge.io/tests/PySys/software_management_end_to_end/sm_apt_install_fail/Output/linux/serv_mosq2.out
  stderr       : /home/pi/actions-runner/_work/thin-edge.io/thin-edge.io/tests/PySys/software_management_end_to_end/sm_apt_install_fail/Output/linux/serv_mosq2.err
  environment  : LD_LIBRARY_PATH=/usr/lib
  environment  : PATH=/bin:/usr/bin:/usr/sbin:/usr/local/bin
                   #1  /bin
                   #2  /usr/bin
                   #3  /usr/sbin
                   #4  /usr/local/bin
2022-03-02 09:11:57,214 DEBUG Waiting up to 600 secs for process systemctl<serv_mosq2> (pid 23114)
2022-03-02 09:11:57,468 INFO  Executed systemctl<serv_mosq2>, exit status 0
2022-03-02 09:11:57,469 DEBUG Process parameters for systemctl<serv_mapper3>
  command line : /usr/bin/systemctl status tedge-mapper-c8y
    arg #1     : status
    arg #2     : tedge-mapper-c8y
  working dir  : /home/pi/actions-runner/_work/thin-edge.io/thin-edge.io/tests/PySys/software_management_end_to_end/sm_apt_install_fail/Output/linux
  stdout       : /home/pi/actions-runner/_work/thin-edge.io/thin-edge.io/tests/PySys/software_management_end_to_end/sm_apt_install_fail/Output/linux/serv_mapper3.out
  stderr       : /home/pi/actions-runner/_work/thin-edge.io/thin-edge.io/tests/PySys/software_management_end_to_end/sm_apt_install_fail/Output/linux/serv_mapper3.err
  environment  : LD_LIBRARY_PATH=/usr/lib
  environment  : PATH=/bin:/usr/bin:/usr/sbin:/usr/local/bin
                   #1  /bin
                   #2  /usr/bin
                   #3  /usr/sbin
                   #4  /usr/local/bin
2022-03-02 09:11:57,474 DEBUG Waiting up to 600 secs for process systemctl<serv_mapper3> (pid 23115)
2022-03-02 09:11:57,729 INFO  Executed systemctl<serv_mapper3>, exit status 0
2022-03-02 09:11:59,897 DEBUG Final URL of the request: https://thin-edge-io.eu-latest.cumulocity.com/devicecontrol/operations?deviceId=14879013&pageSize=1&revert=true&dateFrom=1970-01-01T00%3A00%3A00.000Z
2022-03-02 09:11:59,900 INFO  State of current operation: SUCCESSFUL
2022-03-02 09:11:59,901 DEBUG --- test execute
2022-03-02 09:12:00,091 INFO  Response status: 201
2022-03-02 09:12:00,093 INFO  Response to action: {
    "creationTime": "2022-03-02T09:12:00.047Z",
    "deviceId": "14879013",
    "deviceName": "offsited",
    "self": "https://t493319102.eu-latest.cumulocity.com/devicecontrol/operations/14902684",
    "id": "14902684",
    "status": "PENDING",
    "description": "Apply software changes, triggered from PySys: [{'name': 'does_not_exist', 'id': '5446165', 'version': '::apt', 'url': '', 'action': 'install'}]",
    "c8y_SoftwareUpdate": [
        {
            "name": "does_not_exist",
            "action": "install",
            "id": "5446165",
            "version": "::apt",
            "url": ""
        }
    ]
}
2022-03-02 09:12:00,094 INFO  Started operation: {'creationTime': '2022-03-02T09:12:00.047Z', 'deviceId': '14879013', 'deviceName': 'offsited', 'self': 'https://t493319102.eu-latest.cumulocity.com/devicecontrol/operations/14902684', 'id': '14902684', 'status': 'PENDING', 'description': "Apply software changes, triggered from PySys: [{'name': 'does_not_exist', 'id': '5446165', 'version': '::apt', 'url': '', 'action': 'install'}]", 'c8y_SoftwareUpdate': [{'name': 'does_not_exist', 'action': 'install', 'id': '5446165', 'version': '::apt', 'url': ''}]}
2022-03-02 09:12:02,289 INFO  State of operation 14902684 : EXECUTING
2022-03-02 09:12:04,484 INFO  State of operation 14902684 : EXECUTING
2022-03-02 09:12:06,632 INFO  State of operation 14902684 : EXECUTING
2022-03-02 09:12:08,771 INFO  State of operation 14902684 : EXECUTING
2022-03-02 09:12:11,813 INFO  State of operation 14902684 : EXECUTING
2022-03-02 09:12:14,587 INFO  State of operation 14902684 : EXECUTING
2022-03-02 09:12:16,919 INFO  State of operation 14902684 : EXECUTING
2022-03-02 09:12:19,077 INFO  State of operation 14902684 : EXECUTING
2022-03-02 09:12:21,220 INFO  State of operation 14902684 : EXECUTING
2022-03-02 09:12:23,380 INFO  State of operation 14902684 : EXECUTING
2022-03-02 09:12:25,564 INFO  State of operation 14902684 : EXECUTING
2022-03-02 09:12:27,726 INFO  State of operation 14902684 : FAILED
2022-03-02 09:12:27,727 DEBUG --- test validate
2022-03-02 09:12:27,880 WARN  caught <class 'TypeError'> while running test: 'NoneType' object is not iterable
Traceback (most recent call last):
  File "/home/pi/env-pysys/lib/python3.7/site-packages/pysys/baserunner.py", line 1211, in __call__
    self.testObj.validate()
  File "/home/pi/actions-runner/_work/thin-edge.io/thin-edge.io/tests/PySys/software_management_end_to_end/sm_apt_install_fail/run.py", line 31, in validate
    "False == value", value=self.check_is_installed("does_not_exist")
  File "/home/pi/actions-runner/_work/thin-edge.io/thin-edge.io/tests/PySys/software_management_end_to_end/environment_sm_management.py", line 395, in check_is_installed
    for package in package_list:
TypeError: 'NoneType' object is not iterable
2022-03-02 09:12:27,898 WARN  TypeError: 'NoneType' object is not iterable ... blocked 
2022-03-02 09:12:27,899 DEBUG --- test cleanup
2022-03-02 09:12:27,900 INFO  
2022-03-02 09:12:27,900 INFO  cleanup:
2022-03-02 09:12:27,900 DEBUG Running registered cleanup function: <bound method SoftwareManagement.mysmcleanup of <PySysTest object at 0x75d64a50>>
2022-03-02 09:12:27,901 DEBUG Running registered cleanup function: <bound method EnvironmentC8y.myenvcleanup of <PySysTest object at 0x75d64a50>>
2022-03-02 09:12:27,901 DEBUG EnvironmentC8y Cleanup
2022-03-02 09:12:28,012 DEBUG Process parameters for sudo<tedge_disconnect_c8y>
  command line : /usr/bin/sudo /usr/bin/tedge disconnect c8y
    arg #1     : /usr/bin/tedge
    arg #2     : disconnect
    arg #3     : c8y
  working dir  : /home/pi/actions-runner/_work/thin-edge.io/thin-edge.io/tests/PySys/software_management_end_to_end/sm_apt_install_fail/Output/linux
  stdout       : /home/pi/actions-runner/_work/thin-edge.io/thin-edge.io/tests/PySys/software_management_end_to_end/sm_apt_install_fail/Output/linux/tedge_disconnect_c8y.out
  stderr       : /home/pi/actions-runner/_work/thin-edge.io/thin-edge.io/tests/PySys/software_management_end_to_end/sm_apt_install_fail/Output/linux/tedge_disconnect_c8y.err
  environment  : LD_LIBRARY_PATH=/usr/lib
  environment  : PATH=/bin:/usr/bin:/usr/sbin:/usr/local/bin
                   #1  /bin
                   #2  /usr/bin
                   #3  /usr/sbin
                   #4  /usr/local/bin
2022-03-02 09:12:28,018 DEBUG Waiting up to 600 secs for process sudo<tedge_disconnect_c8y> (pid 23296)
2022-03-02 09:12:30,384 INFO  Executed sudo<tedge_disconnect_c8y>, exit status 0
2022-03-02 09:12:30,386 DEBUG Process parameters for systemctl<serv_mapper5>
  command line : /usr/bin/systemctl status tedge-mapper-c8y
    arg #1     : status
    arg #2     : tedge-mapper-c8y
  working dir  : /home/pi/actions-runner/_work/thin-edge.io/thin-edge.io/tests/PySys/software_management_end_to_end/sm_apt_install_fail/Output/linux
  stdout       : /home/pi/actions-runner/_work/thin-edge.io/thin-edge.io/tests/PySys/software_management_end_to_end/sm_apt_install_fail/Output/linux/serv_mapper5.out
  stderr       : /home/pi/actions-runner/_work/thin-edge.io/thin-edge.io/tests/PySys/software_management_end_to_end/sm_apt_install_fail/Output/linux/serv_mapper5.err
  environment  : LD_LIBRARY_PATH=/usr/lib
  environment  : PATH=/bin:/usr/bin:/usr/sbin:/usr/local/bin
                   #1  /bin
                   #2  /usr/bin
                   #3  /usr/sbin
                   #4  /usr/local/bin
2022-03-02 09:12:30,391 DEBUG Waiting up to 600 secs for process systemctl<serv_mapper5> (pid 23336)
2022-03-02 09:12:30,695 INFO  Executed systemctl<serv_mapper5>, exit status 3
2022-03-02 09:12:30,696 DEBUG ProcessUser cleanup function done.
2022-03-02 09:12:30,699 INFO  
2022-03-02 09:12:30,699 INFO  Test duration: 53.53 secs
2022-03-02 09:12:30,700 INFO  Test final outcome:  BLOCKED
2022-03-02 09:12:30,701 INFO  Test outcome reason: TypeError: 'NoneType' object is not iterable
2022-03-02 09:12:30,702 INFO  
