<?xml version="1.0" encoding="utf-8"?>
<testsuite failures="1" name="docker_plugin_update" skipped="0" tests="1" time="1.05" timestamp="2022-04-14T10:28:41">
	<testcase classname="DockerPluginUpdateTest" name="docker_plugin_update">
		<failure message="FAILED: Grep on /home/pi/actions-runner/_work/thin-edge.io/thin-edge.io/tests/PySys/plugin_docker/docker_plugin_update/Output/linux/docker_images.out does not contain &quot;registry&quot; failed with 2 matches, first is: &quot;registry            2.7.1               e8a56425636e        5 months ago        22.2MB&quot;" type="FAILED"/>
		<system-out>10:28:39 INFO  ==============================================================
10:28:39 INFO  Id:    docker_plugin_update
10:28:39 INFO  Dir:   plugin_docker/
10:28:39 INFO  Title: Validate docker plugin install updates existing containers
10:28:39 INFO  ==============================================================
10:28:40 INFO  Executed sudo&lt;docker_images&gt;, exit status 0
10:28:40 WARN  Grep on /home/pi/actions-runner/_work/thin-edge.io/thin-edge.io/tests/PySys/plugin_docker/docker_plugin_update/Output/linux/docker_images.out does not contain &quot;registry&quot; failed with 2 matches, first is: &quot;registry            2.7.1               e8a56425636e        5 months ago        22.2MB&quot; ... failed 
10:28:40 WARN  Aborted test due to FAILED outcome
10:28:40 INFO  
10:28:40 INFO  cleanup:
10:28:40 INFO  
10:28:40 INFO  Test duration: 1.05 secs
10:28:40 INFO  Test final outcome:  FAILED
10:28:40 INFO  Test outcome reason: Grep on /home/pi/actions-runner/_work/thin-edge.io/thin-edge.io/tests/PySys/plugin_docker/docker_plugin_update/Output/linux/docker_images.out does not contain &quot;registry&quot; failed with 2 matches, first is: &quot;registry            2.7.1               e8a56425636e        5 months ago        22.2MB&quot;
10:28:40 INFO  
</system-out>
	</testcase>
</testsuite>
