<?xml version="1.0" encoding="utf-8"?>
<testsuite failures="1" name="docker_plugin_remove" skipped="0" tests="1" time="0.9" timestamp="2022-04-12T09:32:49">
	<testcase classname="DockerPluginRemoveTest" name="docker_plugin_remove">
		<failure message="FAILED: Grep on /home/pi/actions-runner/_work/thin-edge.io/thin-edge.io/tests/PySys/plugin_docker/docker_plugin_remove/Output/linux/docker_images.out does not contain &quot;registry&quot; failed with 2 matches, first is: &quot;registry            2.7.1               e8a56425636e        5 months ago        22.2MB&quot;" type="FAILED"/>
		<system-out>09:32:48 INFO  ==============================================================
09:32:48 INFO  Id:    docker_plugin_remove
09:32:48 INFO  Dir:   plugin_docker/
09:32:48 INFO  Title: Validate docker plugin remove
09:32:48 INFO  ==============================================================
09:32:49 INFO  Executed sudo&lt;docker_images&gt;, exit status 0
09:32:49 WARN  Grep on /home/pi/actions-runner/_work/thin-edge.io/thin-edge.io/tests/PySys/plugin_docker/docker_plugin_remove/Output/linux/docker_images.out does not contain &quot;registry&quot; failed with 2 matches, first is: &quot;registry            2.7.1               e8a56425636e        5 months ago        22.2MB&quot; ... failed 
09:32:49 WARN  Aborted test due to FAILED outcome
09:32:49 INFO  
09:32:49 INFO  cleanup:
09:32:49 INFO  
09:32:49 INFO  Test duration: 0.90 secs
09:32:49 INFO  Test final outcome:  FAILED
09:32:49 INFO  Test outcome reason: Grep on /home/pi/actions-runner/_work/thin-edge.io/thin-edge.io/tests/PySys/plugin_docker/docker_plugin_remove/Output/linux/docker_images.out does not contain &quot;registry&quot; failed with 2 matches, first is: &quot;registry            2.7.1               e8a56425636e        5 months ago        22.2MB&quot;
09:32:49 INFO  
</system-out>
	</testcase>
</testsuite>
