<?xml version="1.0" encoding="utf-8"?>
<testsuite failures="1" name="docker_plugin_finalize" skipped="0" tests="1" time="1.53" timestamp="2022-04-14T07:24:05">
	<testcase classname="DockerPluginFinalizeTest" name="docker_plugin_finalize">
		<failure message="FAILED: Grep on /home/pi/actions-runner/_work/thin-edge.io/thin-edge.io/tests/PySys/plugin_docker/docker_plugin_finalize/Output/linux/docker_images.out does not contain &quot;registry&quot; failed with 2 matches, first is: &quot;registry            2.7.1               e8a56425636e        5 months ago        22.2MB&quot;" type="FAILED"/>
		<system-out>07:24:04 INFO  ==============================================================
07:24:04 INFO  Id:    docker_plugin_finalize
07:24:04 INFO  Dir:   plugin_docker/
07:24:04 INFO  Title: Validate docker plugin finalize command
07:24:04 INFO  ==============================================================
07:24:05 INFO  Executed sudo&lt;docker_images&gt;, exit status 0
07:24:05 WARN  Grep on /home/pi/actions-runner/_work/thin-edge.io/thin-edge.io/tests/PySys/plugin_docker/docker_plugin_finalize/Output/linux/docker_images.out does not contain &quot;registry&quot; failed with 2 matches, first is: &quot;registry            2.7.1               e8a56425636e        5 months ago        22.2MB&quot; ... failed 
07:24:05 WARN  Aborted test due to FAILED outcome
07:24:05 INFO  
07:24:05 INFO  cleanup:
07:24:05 INFO  
07:24:05 INFO  Test duration: 1.53 secs
07:24:05 INFO  Test final outcome:  FAILED
07:24:05 INFO  Test outcome reason: Grep on /home/pi/actions-runner/_work/thin-edge.io/thin-edge.io/tests/PySys/plugin_docker/docker_plugin_finalize/Output/linux/docker_images.out does not contain &quot;registry&quot; failed with 2 matches, first is: &quot;registry            2.7.1               e8a56425636e        5 months ago        22.2MB&quot;
07:24:05 INFO  
</system-out>
	</testcase>
</testsuite>
