<?xml version="1.0" encoding="utf-8"?>
<testsuite failures="1" name="docker_plugin_install" skipped="0" tests="1" time="0.95" timestamp="2022-04-14T07:24:06">
	<testcase classname="DockerPluginInstallTest" name="docker_plugin_install">
		<failure message="FAILED: Grep on /home/pi/actions-runner/_work/thin-edge.io/thin-edge.io/tests/PySys/plugin_docker/docker_plugin_install/Output/linux/docker_images.out does not contain &quot;registry&quot; failed with 2 matches, first is: &quot;registry            2.7.1               e8a56425636e        5 months ago        22.2MB&quot;" type="FAILED"/>
		<system-out>07:24:05 INFO  ==============================================================
07:24:05 INFO  Id:    docker_plugin_install
07:24:05 INFO  Dir:   plugin_docker/
07:24:05 INFO  Title: Validate docker plugin install
07:24:05 INFO  ==============================================================
07:24:06 INFO  Executed sudo&lt;docker_images&gt;, exit status 0
07:24:06 WARN  Grep on /home/pi/actions-runner/_work/thin-edge.io/thin-edge.io/tests/PySys/plugin_docker/docker_plugin_install/Output/linux/docker_images.out does not contain &quot;registry&quot; failed with 2 matches, first is: &quot;registry            2.7.1               e8a56425636e        5 months ago        22.2MB&quot; ... failed 
07:24:06 WARN  Aborted test due to FAILED outcome
07:24:06 INFO  
07:24:06 INFO  cleanup:
07:24:06 INFO  
07:24:06 INFO  Test duration: 0.95 secs
07:24:06 INFO  Test final outcome:  FAILED
07:24:06 INFO  Test outcome reason: Grep on /home/pi/actions-runner/_work/thin-edge.io/thin-edge.io/tests/PySys/plugin_docker/docker_plugin_install/Output/linux/docker_images.out does not contain &quot;registry&quot; failed with 2 matches, first is: &quot;registry            2.7.1               e8a56425636e        5 months ago        22.2MB&quot;
07:24:06 INFO  
</system-out>
	</testcase>
</testsuite>
