<?xml version="1.0" encoding="utf-8"?>
<testsuite failures="1" name="tedge_mapper_c8y_child_device_measurement" skipped="0" tests="1" time="33.01" timestamp="2022-04-12T16:21:08">
	<testcase classname="TedgeMapperC8yChildDevice" name="tedge_mapper_c8y_child_device_measurement">
		<failure message="BLOCKED: TypeError: 'NoneType' object is not subscriptable (+1 other failures)" type="BLOCKED"/>
		<system-out>16:20:35 INFO  ==============================================================
16:20:35 INFO  Id:    tedge_mapper_c8y_child_device_measurement
16:20:35 INFO  Dir:   tedge_mapper_c8y/
16:20:35 INFO  Title: Validate that measurements sent to tedge/measurements/child topic gets mapped as the child device's measurement in Cumulocity
16:20:35 INFO  ==============================================================
16:20:35 INFO  EnvironmentC8y Setup
16:20:35 INFO  Executed systemctl&lt;serv_mapper1&gt;, exit status 3
16:20:35 INFO  Restarting mosquitto too frequently in the last 10 seconds. It was only up for 4 seconds
16:20:35 INFO  Delaying execution by 7 seconds
16:20:56 INFO  Executed sudo&lt;tedge_connect_c8y&gt;, exit status 0, duration 13 secs
16:20:57 INFO  Executed sudo&lt;tedge_connect_c8y_test&gt;, exit status 0
16:20:57 INFO  Executed systemctl&lt;serv_mosq2&gt;, exit status 0
16:20:58 INFO  Executed systemctl&lt;serv_mapper3&gt;, exit status 0
16:20:59 INFO  Assert that (actual == expected) with actual=None, expected=None ... passed
16:20:59 INFO  Executed tedge_pub, exit status 0
16:20:59 INFO  Executed tedge_pub, exit status 0
16:21:00 INFO  Executed tedge_pub, exit status 0
16:21:00 INFO  Executed tedge_pub, exit status 0
16:21:01 INFO  Executed tedge_pub, exit status 0
16:21:03 WARN  TypeError occurred while running test - 'NoneType' object is not subscriptable
Traceback (most recent call last):
  File &quot;/home/pi/env-pysys/lib/python3.7/site-packages/pysys/baserunner.py&quot;, line 1296, in __call__
    self.testObj.validate()
  File &quot;/home/pi/actions-runner/_work/thin-edge.io/thin-edge.io/tests/PySys/tedge_mapper_c8y/tedge_mapper_c8y_child_device_measurement/run.py&quot;, line 115, in validate
    self.child_device_json[&quot;id&quot;], 3
TypeError: 'NoneType' object is not subscriptable
16:21:03 WARN  TypeError: 'NoneType' object is not subscriptable ... blocked 
16:21:03 INFO  
16:21:03 INFO  cleanup:
16:21:03 ERROR Error while running cleanup function: 
Traceback (most recent call last):
  File &quot;/home/pi/env-pysys/lib/python3.7/site-packages/pysys/process/user.py&quot;, line 1305, in cleanup
    fn()
  File &quot;/home/pi/actions-runner/_work/thin-edge.io/thin-edge.io/tests/PySys/tedge_mapper_c8y/tedge_mapper_c8y_child_device_measurement/run.py&quot;, line 165, in test_cleanup
    self.child_device_json[&quot;id&quot;]
TypeError: 'NoneType' object is not subscriptable
16:21:07 INFO  Executed sudo&lt;tedge_disconnect_c8y&gt;, exit status 0
16:21:08 INFO  Executed systemctl&lt;serv_mapper5&gt;, exit status 3
16:21:08 WARN  Cleanup failed with 1 errors: Cleanup function failed: 'NoneType' object is not subscriptable (TypeError) ... blocked 
16:21:08 INFO  
16:21:08 INFO  Test duration: 33.01 secs
16:21:08 INFO  Test final outcome:  BLOCKED
16:21:08 INFO  Test outcome reason: TypeError: 'NoneType' object is not subscriptable (+1 other failures)
16:21:08 INFO  
</system-out>
	</testcase>
</testsuite>
