<?xml version="1.0" encoding="utf-8"?>
<testsuite failures="1" name="log_request_error_messages" skipped="0" tests="1" time="36.89" timestamp="2022-04-15T08:55:00">
	<testcase classname="LogRequestVerifySearchTextError" name="log_request_error_messages">
		<failure message="FAILED: Assert that (True == value) with value=False" type="FAILED"/>
		<system-out>08:54:23 INFO  ==============================================================
08:54:23 INFO  Id:    log_request_error_messages
08:54:23 INFO  Dir:   log_request_end_to_end/
08:54:23 INFO  Title: Validate end to end behaviour for the log request operation check for error messages
08:54:23 INFO  ==============================================================
08:54:24 INFO  EnvironmentC8y Setup
08:54:25 INFO  Executed systemctl&lt;serv_mapper1&gt;, exit status 3
08:54:25 INFO  Restarting mosquitto too frequently in the last 10 seconds. It was only up for 2 seconds
08:54:25 INFO  Delaying execution by 9 seconds
08:54:48 INFO  Executed sudo&lt;tedge_connect_c8y&gt;, exit status 0, duration 14 secs
08:54:49 INFO  Executed sudo&lt;tedge_connect_c8y_test&gt;, exit status 0
08:54:49 INFO  Executed systemctl&lt;serv_mosq2&gt;, exit status 0
08:54:50 INFO  Executed systemctl&lt;serv_mapper3&gt;, exit status 0
08:54:50 INFO  Executed sudo&lt;rm_logs&gt;, exit status 0
08:54:51 INFO  Executed sudo&lt;move_logs&gt;, exit status 0
08:54:51 INFO  log response None
08:54:51 WARN  retry, retrying in 1 seconds...
08:54:52 INFO  log response https://thin-edge-io.eu-latest.cumulocity.com/event/events/17361713/binaries
08:54:53 WARN  Assert that (True == value) with value=False ... failed [run.py:43]
08:54:53 INFO  
08:54:53 INFO  cleanup:
08:54:54 INFO  Executed sudo&lt;rm_logs&gt;, exit status 0
08:54:54 INFO  Executed sudo&lt;rm_tmp_logs&gt;, exit status 0
08:54:55 INFO  Executed sudo&lt;send_failed&gt;, exit status 0
08:54:59 INFO  Executed sudo&lt;tedge_disconnect_c8y&gt;, exit status 0
08:55:00 INFO  Executed systemctl&lt;serv_mapper5&gt;, exit status 3
08:55:00 INFO  
08:55:00 INFO  Test duration: 36.89 secs
08:55:00 INFO  Test final outcome:  FAILED
08:55:00 INFO  Test outcome reason: Assert that (True == value) with value=False
08:55:00 INFO  
</system-out>
	</testcase>
</testsuite>
