2022-03-02 08:55:12,841 INFO  ==============================================================
2022-03-02 08:55:12,842 INFO  Id:    tedge_mapper_c8y_child_device_measurement
2022-03-02 08:55:12,842 INFO  Dir:   tedge_mapper_c8y/
2022-03-02 08:55:12,843 INFO  Title: Validate that measurements sent to tedge/measurements/child topic gets mapped as the child device's measurement in Cumulocity
2022-03-02 08:55:12,843 DEBUG Execution order hint: 0.0
2022-03-02 08:55:12,844 INFO  ==============================================================
2022-03-02 08:55:12,873 DEBUG EnvironmentC8y Setup
2022-03-02 08:55:12,874 INFO  EnvironmentC8y Setup
2022-03-02 08:55:12,876 DEBUG Process parameters for systemctl<serv_mapper1>
  command line : /usr/bin/systemctl status tedge-mapper-c8y
    arg #1     : status
    arg #2     : tedge-mapper-c8y
  working dir  : /home/pi/actions-runner/_work/thin-edge.io/thin-edge.io/tests/PySys/tedge_mapper_c8y/tedge_mapper_c8y_child_device_measurement/Output/linux
  stdout       : /home/pi/actions-runner/_work/thin-edge.io/thin-edge.io/tests/PySys/tedge_mapper_c8y/tedge_mapper_c8y_child_device_measurement/Output/linux/serv_mapper1.out
  stderr       : /home/pi/actions-runner/_work/thin-edge.io/thin-edge.io/tests/PySys/tedge_mapper_c8y/tedge_mapper_c8y_child_device_measurement/Output/linux/serv_mapper1.err
  environment  : LD_LIBRARY_PATH=/usr/lib
  environment  : PATH=/bin:/usr/bin:/usr/sbin:/usr/local/bin
                   #1  /bin
                   #2  /usr/bin
                   #3  /usr/sbin
                   #4  /usr/local/bin
2022-03-02 08:55:12,883 DEBUG Waiting up to 600 secs for process systemctl<serv_mapper1> (pid 17417)
2022-03-02 08:55:13,238 INFO  Executed systemctl<serv_mapper1>, exit status 3
2022-03-02 08:55:13,330 DEBUG Process parameters for sudo<tedge_connect_c8y>
  command line : /usr/bin/sudo /usr/bin/tedge connect c8y
    arg #1     : /usr/bin/tedge
    arg #2     : connect
    arg #3     : c8y
  working dir  : /home/pi/actions-runner/_work/thin-edge.io/thin-edge.io/tests/PySys/tedge_mapper_c8y/tedge_mapper_c8y_child_device_measurement/Output/linux
  stdout       : /home/pi/actions-runner/_work/thin-edge.io/thin-edge.io/tests/PySys/tedge_mapper_c8y/tedge_mapper_c8y_child_device_measurement/Output/linux/tedge_connect_c8y.out
  stderr       : /home/pi/actions-runner/_work/thin-edge.io/thin-edge.io/tests/PySys/tedge_mapper_c8y/tedge_mapper_c8y_child_device_measurement/Output/linux/tedge_connect_c8y.err
  environment  : LD_LIBRARY_PATH=/usr/lib
  environment  : PATH=/bin:/usr/bin:/usr/sbin:/usr/local/bin
                   #1  /bin
                   #2  /usr/bin
                   #3  /usr/sbin
                   #4  /usr/local/bin
2022-03-02 08:55:13,335 DEBUG Waiting up to 600 secs for process sudo<tedge_connect_c8y> (pid 17421)
2022-03-02 08:55:23,796 INFO  Executed sudo<tedge_connect_c8y>, exit status 0
2022-03-02 08:55:23,803 DEBUG Process parameters for sudo<tedge_connect_c8y_test>
  command line : /usr/bin/sudo /usr/bin/tedge connect c8y --test
    arg #1     : /usr/bin/tedge
    arg #2     : connect
    arg #3     : c8y
    arg #4     : --test
  working dir  : /home/pi/actions-runner/_work/thin-edge.io/thin-edge.io/tests/PySys/tedge_mapper_c8y/tedge_mapper_c8y_child_device_measurement/Output/linux
  stdout       : /home/pi/actions-runner/_work/thin-edge.io/thin-edge.io/tests/PySys/tedge_mapper_c8y/tedge_mapper_c8y_child_device_measurement/Output/linux/tedge_connect_c8y_test.out
  stderr       : /home/pi/actions-runner/_work/thin-edge.io/thin-edge.io/tests/PySys/tedge_mapper_c8y/tedge_mapper_c8y_child_device_measurement/Output/linux/tedge_connect_c8y_test.err
  environment  : LD_LIBRARY_PATH=/usr/lib
  environment  : PATH=/bin:/usr/bin:/usr/sbin:/usr/local/bin
                   #1  /bin
                   #2  /usr/bin
                   #3  /usr/sbin
                   #4  /usr/local/bin
2022-03-02 08:55:23,811 DEBUG Waiting up to 600 secs for process sudo<tedge_connect_c8y_test> (pid 17529)
2022-03-02 08:55:24,166 INFO  Executed sudo<tedge_connect_c8y_test>, exit status 0
2022-03-02 08:55:24,168 DEBUG Process parameters for systemctl<serv_mosq2>
  command line : /usr/bin/systemctl status mosquitto
    arg #1     : status
    arg #2     : mosquitto
  working dir  : /home/pi/actions-runner/_work/thin-edge.io/thin-edge.io/tests/PySys/tedge_mapper_c8y/tedge_mapper_c8y_child_device_measurement/Output/linux
  stdout       : /home/pi/actions-runner/_work/thin-edge.io/thin-edge.io/tests/PySys/tedge_mapper_c8y/tedge_mapper_c8y_child_device_measurement/Output/linux/serv_mosq2.out
  stderr       : /home/pi/actions-runner/_work/thin-edge.io/thin-edge.io/tests/PySys/tedge_mapper_c8y/tedge_mapper_c8y_child_device_measurement/Output/linux/serv_mosq2.err
  environment  : LD_LIBRARY_PATH=/usr/lib
  environment  : PATH=/bin:/usr/bin:/usr/sbin:/usr/local/bin
                   #1  /bin
                   #2  /usr/bin
                   #3  /usr/sbin
                   #4  /usr/local/bin
2022-03-02 08:55:24,173 DEBUG Waiting up to 600 secs for process systemctl<serv_mosq2> (pid 17536)
2022-03-02 08:55:24,427 INFO  Executed systemctl<serv_mosq2>, exit status 0
2022-03-02 08:55:24,429 DEBUG Process parameters for systemctl<serv_mapper3>
  command line : /usr/bin/systemctl status tedge-mapper-c8y
    arg #1     : status
    arg #2     : tedge-mapper-c8y
  working dir  : /home/pi/actions-runner/_work/thin-edge.io/thin-edge.io/tests/PySys/tedge_mapper_c8y/tedge_mapper_c8y_child_device_measurement/Output/linux
  stdout       : /home/pi/actions-runner/_work/thin-edge.io/thin-edge.io/tests/PySys/tedge_mapper_c8y/tedge_mapper_c8y_child_device_measurement/Output/linux/serv_mapper3.out
  stderr       : /home/pi/actions-runner/_work/thin-edge.io/thin-edge.io/tests/PySys/tedge_mapper_c8y/tedge_mapper_c8y_child_device_measurement/Output/linux/serv_mapper3.err
  environment  : LD_LIBRARY_PATH=/usr/lib
  environment  : PATH=/bin:/usr/bin:/usr/sbin:/usr/local/bin
                   #1  /bin
                   #2  /usr/bin
                   #3  /usr/sbin
                   #4  /usr/local/bin
2022-03-02 08:55:24,435 DEBUG Waiting up to 600 secs for process systemctl<serv_mapper3> (pid 17537)
2022-03-02 08:55:24,689 INFO  Executed systemctl<serv_mapper3>, exit status 0
2022-03-02 08:55:25,136 INFO  Assert that (actual == expected) with actual=None, expected=None ... passed
2022-03-02 08:55:25,137 DEBUG --- test execute
2022-03-02 08:55:25,138 DEBUG Process parameters for tedge_pub
  command line : /usr/bin/tedge mqtt pub tedge/measurements/te-child-5e883868 '{"temperature": 12, "time": "2021-01-01T10:10:10.100+02:00"}'
    arg #1     : mqtt
    arg #2     : pub
    arg #3     : tedge/measurements/te-child-5e883868
    arg #4     : {"temperature": 12, "time": "2021-01-01T10:10:10.100+02:00"}
  working dir  : /home/pi/actions-runner/_work/thin-edge.io/thin-edge.io/tests/PySys/tedge_mapper_c8y/tedge_mapper_c8y_child_device_measurement/Output/linux
  stdout       : /home/pi/actions-runner/_work/thin-edge.io/thin-edge.io/tests/PySys/tedge_mapper_c8y/tedge_mapper_c8y_child_device_measurement/Output/linux/tedge_pub.out
  stderr       : /home/pi/actions-runner/_work/thin-edge.io/thin-edge.io/tests/PySys/tedge_mapper_c8y/tedge_mapper_c8y_child_device_measurement/Output/linux/tedge_pub.err
  environment  : HOME=/home/pi
2022-03-02 08:55:25,143 DEBUG Waiting up to 600 secs for process tedge_pub (pid 17539)
2022-03-02 08:55:25,398 INFO  Executed tedge_pub, exit status 0
2022-03-02 08:55:25,400 DEBUG Process parameters for tedge_pub
  command line : /usr/bin/tedge mqtt pub tedge/measurements/te-child-5e883868 '{"temperature": 11}'
    arg #1     : mqtt
    arg #2     : pub
    arg #3     : tedge/measurements/te-child-5e883868
    arg #4     : {"temperature": 11}
  working dir  : /home/pi/actions-runner/_work/thin-edge.io/thin-edge.io/tests/PySys/tedge_mapper_c8y/tedge_mapper_c8y_child_device_measurement/Output/linux
  stdout       : /home/pi/actions-runner/_work/thin-edge.io/thin-edge.io/tests/PySys/tedge_mapper_c8y/tedge_mapper_c8y_child_device_measurement/Output/linux/tedge_pub.out
  stderr       : /home/pi/actions-runner/_work/thin-edge.io/thin-edge.io/tests/PySys/tedge_mapper_c8y/tedge_mapper_c8y_child_device_measurement/Output/linux/tedge_pub.err
  environment  : HOME=/home/pi
2022-03-02 08:55:25,408 DEBUG Waiting up to 600 secs for process tedge_pub (pid 17540)
2022-03-02 08:55:25,665 INFO  Executed tedge_pub, exit status 0
2022-03-02 08:55:25,667 DEBUG Process parameters for tedge_pub
  command line : /usr/bin/tedge mqtt pub tedge/measurements '{"temperature": 5}'
    arg #1     : mqtt
    arg #2     : pub
    arg #3     : tedge/measurements
    arg #4     : {"temperature": 5}
  working dir  : /home/pi/actions-runner/_work/thin-edge.io/thin-edge.io/tests/PySys/tedge_mapper_c8y/tedge_mapper_c8y_child_device_measurement/Output/linux
  stdout       : /home/pi/actions-runner/_work/thin-edge.io/thin-edge.io/tests/PySys/tedge_mapper_c8y/tedge_mapper_c8y_child_device_measurement/Output/linux/tedge_pub.out
  stderr       : /home/pi/actions-runner/_work/thin-edge.io/thin-edge.io/tests/PySys/tedge_mapper_c8y/tedge_mapper_c8y_child_device_measurement/Output/linux/tedge_pub.err
  environment  : HOME=/home/pi
2022-03-02 08:55:25,675 DEBUG Waiting up to 600 secs for process tedge_pub (pid 17541)
2022-03-02 08:55:25,930 INFO  Executed tedge_pub, exit status 0
2022-03-02 08:55:25,932 DEBUG Process parameters for tedge_pub
  command line : /usr/bin/tedge mqtt pub tedge/measurements/other-te-child-6915e75e '{"temperature": 6}'
    arg #1     : mqtt
    arg #2     : pub
    arg #3     : tedge/measurements/other-te-child-6915e75e
    arg #4     : {"temperature": 6}
  working dir  : /home/pi/actions-runner/_work/thin-edge.io/thin-edge.io/tests/PySys/tedge_mapper_c8y/tedge_mapper_c8y_child_device_measurement/Output/linux
  stdout       : /home/pi/actions-runner/_work/thin-edge.io/thin-edge.io/tests/PySys/tedge_mapper_c8y/tedge_mapper_c8y_child_device_measurement/Output/linux/tedge_pub.out
  stderr       : /home/pi/actions-runner/_work/thin-edge.io/thin-edge.io/tests/PySys/tedge_mapper_c8y/tedge_mapper_c8y_child_device_measurement/Output/linux/tedge_pub.err
  environment  : HOME=/home/pi
2022-03-02 08:55:25,941 DEBUG Waiting up to 600 secs for process tedge_pub (pid 17542)
2022-03-02 08:55:26,195 INFO  Executed tedge_pub, exit status 0
2022-03-02 08:55:26,197 DEBUG Process parameters for tedge_pub
  command line : /usr/bin/tedge mqtt pub tedge/measurements/te-child-5e883868 '{"temperature": 10}'
    arg #1     : mqtt
    arg #2     : pub
    arg #3     : tedge/measurements/te-child-5e883868
    arg #4     : {"temperature": 10}
  working dir  : /home/pi/actions-runner/_work/thin-edge.io/thin-edge.io/tests/PySys/tedge_mapper_c8y/tedge_mapper_c8y_child_device_measurement/Output/linux
  stdout       : /home/pi/actions-runner/_work/thin-edge.io/thin-edge.io/tests/PySys/tedge_mapper_c8y/tedge_mapper_c8y_child_device_measurement/Output/linux/tedge_pub.out
  stderr       : /home/pi/actions-runner/_work/thin-edge.io/thin-edge.io/tests/PySys/tedge_mapper_c8y/tedge_mapper_c8y_child_device_measurement/Output/linux/tedge_pub.err
  environment  : HOME=/home/pi
2022-03-02 08:55:26,206 DEBUG Waiting up to 600 secs for process tedge_pub (pid 17543)
2022-03-02 08:55:26,464 INFO  Executed tedge_pub, exit status 0
2022-03-02 08:55:28,366 DEBUG --- test validate
2022-03-02 08:55:28,367 WARN  caught <class 'TypeError'> while running test: 'NoneType' object is not subscriptable
Traceback (most recent call last):
  File "/home/pi/env-pysys/lib/python3.7/site-packages/pysys/baserunner.py", line 1211, in __call__
    self.testObj.validate()
  File "/home/pi/actions-runner/_work/thin-edge.io/thin-edge.io/tests/PySys/tedge_mapper_c8y/tedge_mapper_c8y_child_device_measurement/run.py", line 95, in validate
    self.child_device_json['id'], 3)
TypeError: 'NoneType' object is not subscriptable
2022-03-02 08:55:28,383 WARN  TypeError: 'NoneType' object is not subscriptable ... blocked 
2022-03-02 08:55:28,384 DEBUG --- test cleanup
2022-03-02 08:55:28,384 INFO  
2022-03-02 08:55:28,384 INFO  cleanup:
2022-03-02 08:55:28,385 DEBUG Running registered cleanup function: <bound method TedgeMapperC8yChildDevice.test_cleanup of <TedgeMapperC8yChildDevice object at 0x75b87730>>
2022-03-02 08:55:28,385 ERROR Error while running cleanup function: 
Traceback (most recent call last):
  File "/home/pi/env-pysys/lib/python3.7/site-packages/pysys/process/user.py", line 1299, in cleanup
    fn()
  File "/home/pi/actions-runner/_work/thin-edge.io/thin-edge.io/tests/PySys/tedge_mapper_c8y/tedge_mapper_c8y_child_device_measurement/run.py", line 132, in test_cleanup
    self.child_device_json['id'])
TypeError: 'NoneType' object is not subscriptable
2022-03-02 08:55:28,387 DEBUG Running registered cleanup function: <bound method EnvironmentC8y.myenvcleanup of <TedgeMapperC8yChildDevice object at 0x75b87730>>
2022-03-02 08:55:28,387 DEBUG EnvironmentC8y Cleanup
2022-03-02 08:55:28,466 DEBUG Process parameters for sudo<tedge_disconnect_c8y>
  command line : /usr/bin/sudo /usr/bin/tedge disconnect c8y
    arg #1     : /usr/bin/tedge
    arg #2     : disconnect
    arg #3     : c8y
  working dir  : /home/pi/actions-runner/_work/thin-edge.io/thin-edge.io/tests/PySys/tedge_mapper_c8y/tedge_mapper_c8y_child_device_measurement/Output/linux
  stdout       : /home/pi/actions-runner/_work/thin-edge.io/thin-edge.io/tests/PySys/tedge_mapper_c8y/tedge_mapper_c8y_child_device_measurement/Output/linux/tedge_disconnect_c8y.out
  stderr       : /home/pi/actions-runner/_work/thin-edge.io/thin-edge.io/tests/PySys/tedge_mapper_c8y/tedge_mapper_c8y_child_device_measurement/Output/linux/tedge_disconnect_c8y.err
  environment  : LD_LIBRARY_PATH=/usr/lib
  environment  : PATH=/bin:/usr/bin:/usr/sbin:/usr/local/bin
                   #1  /bin
                   #2  /usr/bin
                   #3  /usr/sbin
                   #4  /usr/local/bin
2022-03-02 08:55:28,471 DEBUG Waiting up to 600 secs for process sudo<tedge_disconnect_c8y> (pid 17547)
2022-03-02 08:55:30,698 INFO  Executed sudo<tedge_disconnect_c8y>, exit status 0
2022-03-02 08:55:30,700 DEBUG Process parameters for systemctl<serv_mapper5>
  command line : /usr/bin/systemctl status tedge-mapper-c8y
    arg #1     : status
    arg #2     : tedge-mapper-c8y
  working dir  : /home/pi/actions-runner/_work/thin-edge.io/thin-edge.io/tests/PySys/tedge_mapper_c8y/tedge_mapper_c8y_child_device_measurement/Output/linux
  stdout       : /home/pi/actions-runner/_work/thin-edge.io/thin-edge.io/tests/PySys/tedge_mapper_c8y/tedge_mapper_c8y_child_device_measurement/Output/linux/serv_mapper5.out
  stderr       : /home/pi/actions-runner/_work/thin-edge.io/thin-edge.io/tests/PySys/tedge_mapper_c8y/tedge_mapper_c8y_child_device_measurement/Output/linux/serv_mapper5.err
  environment  : LD_LIBRARY_PATH=/usr/lib
  environment  : PATH=/bin:/usr/bin:/usr/sbin:/usr/local/bin
                   #1  /bin
                   #2  /usr/bin
                   #3  /usr/sbin
                   #4  /usr/local/bin
2022-03-02 08:55:30,707 DEBUG Waiting up to 600 secs for process systemctl<serv_mapper5> (pid 17588)
2022-03-02 08:55:31,012 INFO  Executed systemctl<serv_mapper5>, exit status 3
2022-03-02 08:55:31,014 DEBUG ProcessUser cleanup function done.
2022-03-02 08:55:31,027 WARN  Cleanup failed with 1 errors: Cleanup function failed: 'NoneType' object is not subscriptable (TypeError) ... blocked 
2022-03-02 08:55:31,031 INFO  
2022-03-02 08:55:31,031 INFO  Test duration: 18.19 secs
2022-03-02 08:55:31,032 INFO  Test final outcome:  BLOCKED
2022-03-02 08:55:31,032 INFO  Test outcome reason: TypeError: 'NoneType' object is not subscriptable (+1 other failures)
2022-03-02 08:55:31,033 INFO  
