<?xml version="1.0" encoding="utf-8"?>
<testsuite failures="1" name="c8y_jwt_token_retrieval" skipped="0" tests="1" time="23.4" timestamp="2022-05-11T11:30:49">
	<testcase classname="ValidateJWTTokenRetrieval" name="c8y_jwt_token_retrieval">
		<failure message="FAILED: Grep on resp_jwt.out contains &quot;\[c8y/s/dat\] 71,&quot;" type="FAILED"/>
		<system-out>11:30:26 INFO  ==============================================================
11:30:26 INFO  Id:    c8y_jwt_token_retrieval
11:30:26 INFO  Dir:   cloud_c8y/
11:30:26 INFO  Title: Validate the Cumulocity JWT Token Retrieval feature
11:30:26 INFO  ==============================================================
11:30:26 INFO  Executed sudo&lt;tedge_disconnect_c8y&gt;, exit status 0
11:30:41 INFO  Executed sudo&lt;tedge_connect_c8y&gt;, exit status 0, duration 14 secs
11:30:41 INFO  Started sudo&lt;resp_jwt&gt; with process id 26259
11:30:43 INFO  Executed sudo&lt;req_jwt&gt;, exit status 0
11:30:44 INFO  Executed sudo&lt;kill_out&gt;, exit status 0
11:30:45 WARN  Grep on resp_jwt.out contains &quot;\[c8y/s/dat\] 71,&quot; ... failed [run.py:60]
11:30:45 INFO  
11:30:45 INFO  cleanup:
11:30:49 INFO  Executed sudo&lt;tedge_disconnect_c8y&gt;, exit status 0
11:30:49 INFO  
11:30:49 INFO  Test duration: 23.40 secs
11:30:49 INFO  Test final outcome:  FAILED
11:30:49 INFO  Test outcome reason: Grep on resp_jwt.out contains &quot;\[c8y/s/dat\] 71,&quot;
11:30:49 INFO  
</system-out>
	</testcase>
</testsuite>
