<?xml version="1.0" encoding="utf-8"?>
<testsuite failures="1" name="local_mqtt_pub_sub_retain" skipped="0" tests="1" time="5.87" timestamp="2022-04-28T15:25:35">
	<testcase classname="MqttPublishWithRetain" name="local_mqtt_pub_sub_retain">
		<failure message="FAILED: Grep on temp_sensor_sub.out contains &quot;\[test/alarms/temp_sensor\] alarm msg 2&quot; (+1 other failures)" type="FAILED"/>
		<system-out>15:25:29 INFO  ==============================================================
15:25:29 INFO  Id:    local_mqtt_pub_sub_retain
15:25:29 INFO  Dir:   local_mqtt/
15:25:29 INFO  Title: Validate local publishing with retain flag
15:25:29 INFO  ==============================================================
15:25:29 INFO  Executed tedge&lt;pub_to_set_alarm&gt;, exit status 0
15:25:30 INFO  Executed tedge&lt;pub_to_set_alarm&gt;, exit status 0
15:25:31 INFO  Started tedge&lt;temp_sensor_sub&gt; with process id 18455
15:25:31 INFO  Executed tedge&lt;pub_to_clear_alarm&gt;, exit status 0
15:25:33 INFO  Executed sudo&lt;kill_out&gt;, exit status 0
15:25:33 INFO  Executed tedge&lt;pub_to_clear_alarm&gt;, exit status 0
15:25:33 INFO  Started tedge&lt;temp_sensor_empty_message&gt; with process id 18460
15:25:35 INFO  Executed sudo&lt;kill_out&gt;, exit status 0
15:25:35 WARN  Grep on temp_sensor_sub.out contains &quot;\[test/alarms/temp_sensor\] alarm msg 2&quot; ... failed [run.py:139]
15:25:35 WARN  Grep on temp_sensor_sub.out contains &quot;\[test/alarms/temp_sensor\] &quot; ... failed [run.py:142]
15:25:35 INFO  Grep on file temp_sensor_empty_message.out ... passed
15:25:35 INFO  
15:25:35 INFO  Test duration: 5.87 secs
15:25:35 INFO  Test final outcome:  FAILED
15:25:35 INFO  Test outcome reason: Grep on temp_sensor_sub.out contains &quot;\[test/alarms/temp_sensor\] alarm msg 2&quot; (+1 other failures)
15:25:35 INFO  
</system-out>
	</testcase>
</testsuite>
