<?xml version="1.0" encoding="utf-8"?>
<testsuite failures="1" name="log_request_error_messages" skipped="0" tests="1" time="36.1" timestamp="2022-05-03T07:51:51">
	<testcase classname="LogRequestVerifySearchTextError" name="log_request_error_messages">
		<failure message="FAILED: Assert that (True == value) with value=False" type="FAILED"/>
		<system-out>07:51:15 INFO  ==============================================================
07:51:15 INFO  Id:    log_request_error_messages
07:51:15 INFO  Dir:   log_request_end_to_end/
07:51:15 INFO  Title: Validate end to end behaviour for the log request operation check for error messages
07:51:15 INFO  ==============================================================
07:51:16 INFO  EnvironmentC8y Setup
07:51:17 INFO  Executed systemctl&lt;serv_mapper1&gt;, exit status 3
07:51:17 INFO  Restarting mosquitto too frequently in the last 10 seconds. It was only up for 2 seconds
07:51:17 INFO  Delaying execution by 9 seconds
07:51:40 INFO  Executed sudo&lt;tedge_connect_c8y&gt;, exit status 0, duration 13 secs
07:51:41 INFO  Executed sudo&lt;tedge_connect_c8y_test&gt;, exit status 0
07:51:41 INFO  Executed systemctl&lt;serv_mosq2&gt;, exit status 0
07:51:41 INFO  Executed systemctl&lt;serv_mapper3&gt;, exit status 0
07:51:42 INFO  Executed sudo&lt;rm_logs&gt;, exit status 0
07:51:43 INFO  Executed sudo&lt;move_logs&gt;, exit status 0
07:51:43 INFO  log response None
07:51:43 WARN  retry, retrying in 1 seconds...
07:51:44 INFO  log response https://thin-edge-io.eu-latest.cumulocity.com/event/events/18245571/binaries
07:51:45 WARN  Assert that (True == value) with value=False ... failed [run.py:43]
07:51:45 INFO  
07:51:45 INFO  cleanup:
07:51:45 INFO  Executed sudo&lt;rm_logs&gt;, exit status 0
07:51:46 INFO  Executed sudo&lt;rm_tmp_logs&gt;, exit status 0
07:51:46 INFO  Executed sudo&lt;send_failed&gt;, exit status 0
07:51:50 INFO  Executed sudo&lt;tedge_disconnect_c8y&gt;, exit status 0
07:51:51 INFO  Executed systemctl&lt;serv_mapper5&gt;, exit status 3
07:51:51 INFO  
07:51:51 INFO  Test duration: 36.10 secs
07:51:51 INFO  Test final outcome:  FAILED
07:51:51 INFO  Test outcome reason: Assert that (True == value) with value=False
07:51:51 INFO  
</system-out>
	</testcase>
</testsuite>
