<?xml version="1.0" encoding="utf-8"?>
<testsuite failures="1" name="local_mqtt_pub_sub_retain" skipped="0" tests="1" time="6.11" timestamp="2022-04-21T13:35:58">
	<testcase classname="MqttPublishWithRetain" name="local_mqtt_pub_sub_retain">
		<failure message="FAILED: Grep on temp_sensor_sub.out contains &quot;\[test/alarms/temp_sensor\] alarm msg 2&quot; (+1 other failures)" type="FAILED"/>
		<system-out>13:35:52 INFO  ==============================================================
13:35:52 INFO  Id:    local_mqtt_pub_sub_retain
13:35:52 INFO  Dir:   local_mqtt/
13:35:52 INFO  Title: Validate local publishing with retain flag
13:35:52 INFO  ==============================================================
13:35:52 INFO  Executed tedge&lt;pub_to_set_alarm&gt;, exit status 0
13:35:53 INFO  Executed tedge&lt;pub_to_set_alarm&gt;, exit status 0
13:35:54 INFO  Started tedge&lt;temp_sensor_sub&gt; with process id 4965
13:35:54 INFO  Executed tedge&lt;pub_to_clear_alarm&gt;, exit status 0
13:35:56 INFO  Executed sudo&lt;kill_out&gt;, exit status 0
13:35:56 INFO  Executed tedge&lt;pub_to_clear_alarm&gt;, exit status 0
13:35:56 INFO  Started tedge&lt;temp_sensor_empty_message&gt; with process id 4970
13:35:58 INFO  Executed sudo&lt;kill_out&gt;, exit status 0
13:35:58 WARN  Grep on temp_sensor_sub.out contains &quot;\[test/alarms/temp_sensor\] alarm msg 2&quot; ... failed [run.py:139]
13:35:58 WARN  Grep on temp_sensor_sub.out contains &quot;\[test/alarms/temp_sensor\] &quot; ... failed [run.py:142]
13:35:58 INFO  Grep on file temp_sensor_empty_message.out ... passed
13:35:58 INFO  
13:35:58 INFO  Test duration: 6.11 secs
13:35:58 INFO  Test final outcome:  FAILED
13:35:58 INFO  Test outcome reason: Grep on temp_sensor_sub.out contains &quot;\[test/alarms/temp_sensor\] alarm msg 2&quot; (+1 other failures)
13:35:58 INFO  
</system-out>
	</testcase>
</testsuite>
