<?xml version="1.0" encoding="utf-8"?>
<testsuite failures="1" name="log_request_error_messages" skipped="0" tests="1" time="36.06" timestamp="2022-04-27T14:20:04">
	<testcase classname="LogRequestVerifySearchTextError" name="log_request_error_messages">
		<failure message="FAILED: Assert that (True == value) with value=False" type="FAILED"/>
		<system-out>14:19:28 INFO  ==============================================================
14:19:28 INFO  Id:    log_request_error_messages
14:19:28 INFO  Dir:   log_request_end_to_end/
14:19:28 INFO  Title: Validate end to end behaviour for the log request operation check for error messages
14:19:28 INFO  ==============================================================
14:19:30 INFO  EnvironmentC8y Setup
14:19:30 INFO  Executed systemctl&lt;serv_mapper1&gt;, exit status 3
14:19:30 INFO  Restarting mosquitto too frequently in the last 10 seconds. It was only up for 2 seconds
14:19:30 INFO  Delaying execution by 9 seconds
14:19:53 INFO  Executed sudo&lt;tedge_connect_c8y&gt;, exit status 0, duration 13 secs
14:19:54 INFO  Executed sudo&lt;tedge_connect_c8y_test&gt;, exit status 0
14:19:54 INFO  Executed systemctl&lt;serv_mosq2&gt;, exit status 0
14:19:55 INFO  Executed systemctl&lt;serv_mapper3&gt;, exit status 0
14:19:55 INFO  Executed sudo&lt;rm_logs&gt;, exit status 0
14:19:56 INFO  Executed sudo&lt;move_logs&gt;, exit status 0
14:19:57 INFO  log response None
14:19:57 WARN  retry, retrying in 1 seconds...
14:19:58 INFO  log response https://thin-edge-io.eu-latest.cumulocity.com/event/events/17786738/binaries
14:19:58 WARN  Assert that (True == value) with value=False ... failed [run.py:43]
14:19:58 INFO  
14:19:58 INFO  cleanup:
14:19:59 INFO  Executed sudo&lt;rm_logs&gt;, exit status 0
14:19:59 INFO  Executed sudo&lt;rm_tmp_logs&gt;, exit status 0
14:20:00 INFO  Executed sudo&lt;send_failed&gt;, exit status 0
14:20:04 INFO  Executed sudo&lt;tedge_disconnect_c8y&gt;, exit status 0
14:20:04 INFO  Executed systemctl&lt;serv_mapper5&gt;, exit status 3
14:20:04 INFO  
14:20:04 INFO  Test duration: 36.06 secs
14:20:04 INFO  Test final outcome:  FAILED
14:20:04 INFO  Test outcome reason: Assert that (True == value) with value=False
14:20:04 INFO  
</system-out>
	</testcase>
</testsuite>
