<?xml version="1.0" encoding="utf-8"?>
<testsuite failures="1" name="log_request_num_lines" skipped="0" tests="1" time="34.12" timestamp="2022-05-04T07:58:00">
	<testcase classname="LogRequestVerifyNumberOfLines" name="log_request_num_lines">
		<failure message="FAILED: Assert that (True == value) with value=False" type="FAILED"/>
		<system-out>07:57:26 INFO  ==============================================================
07:57:26 INFO  Id:    log_request_num_lines
07:57:26 INFO  Dir:   log_request_end_to_end/
07:57:26 INFO  Title: Validate end to end behaviour for the log request operation check for number of lines
07:57:26 INFO  ==============================================================
07:57:26 INFO  EnvironmentC8y Setup
07:57:27 INFO  Executed systemctl&lt;serv_mapper1&gt;, exit status 3
07:57:27 INFO  Restarting mosquitto too frequently in the last 10 seconds. It was only up for 3 seconds
07:57:27 INFO  Delaying execution by 8 seconds
07:57:49 INFO  Executed sudo&lt;tedge_connect_c8y&gt;, exit status 0, duration 14 secs
07:57:50 INFO  Executed sudo&lt;tedge_connect_c8y_test&gt;, exit status 0
07:57:50 INFO  Executed systemctl&lt;serv_mosq2&gt;, exit status 0
07:57:50 INFO  Executed systemctl&lt;serv_mapper3&gt;, exit status 0
07:57:51 INFO  Executed sudo&lt;rm_logs&gt;, exit status 0
07:57:52 INFO  Executed sudo&lt;move_logs&gt;, exit status 0
07:57:52 INFO  log response None
07:57:52 WARN  retry, retrying in 1 seconds...
07:57:53 INFO  log response https://thin-edge-io.eu-latest.cumulocity.com/event/events/18337036/binaries
07:57:54 INFO  nlines 0
07:57:54 WARN  Assert that (True == value) with value=False ... failed [run.py:44]
07:57:54 INFO  
07:57:54 INFO  cleanup:
07:57:54 INFO  Executed sudo&lt;rm_logs&gt;, exit status 0
07:57:55 INFO  Executed sudo&lt;rm_tmp_logs&gt;, exit status 0
07:57:55 INFO  Executed sudo&lt;send_failed&gt;, exit status 0
07:58:00 INFO  Executed sudo&lt;tedge_disconnect_c8y&gt;, exit status 0
07:58:00 INFO  Executed systemctl&lt;serv_mapper5&gt;, exit status 3
07:58:00 INFO  
07:58:00 INFO  Test duration: 34.12 secs
07:58:00 INFO  Test final outcome:  FAILED
07:58:00 INFO  Test outcome reason: Assert that (True == value) with value=False
07:58:00 INFO  
</system-out>
	</testcase>
</testsuite>
