<?xml version="1.0" encoding="utf-8"?>
<testsuite failures="1" name="call_tedge_-h_-V" skipped="0" tests="1" time="1.01" timestamp="2022-05-23T09:24:21">
	<testcase classname="PySysTest" name="call_tedge_-h_-V">
		<failure message="FAILED: Grep on tedge.out contains &quot;tedge 0.6&quot;" type="FAILED"/>
		<system-out>09:24:20 INFO  ==============================================================
09:24:20 INFO  Id:    call_tedge_-h_-V
09:24:20 INFO  Dir:   tedge/
09:24:20 INFO  Title: Validate command line option -h -V
09:24:20 INFO  ==============================================================
09:24:20 INFO  Executed tedge, exit status 0
09:24:21 WARN  Grep on tedge.out contains &quot;tedge 0.6&quot; ... failed [run.py:32]
09:24:21 INFO  Grep on file tedge.out ... passed
09:24:21 INFO  
09:24:21 INFO  Test duration: 1.01 secs
09:24:21 INFO  Test final outcome:  FAILED
09:24:21 INFO  Test outcome reason: Grep on tedge.out contains &quot;tedge 0.6&quot;
09:24:21 INFO  
</system-out>
	</testcase>
</testsuite>
