<?xml version="1.0" encoding="utf-8"?>
<testsuite failures="1" name="smoketest_smartrest" skipped="0" tests="1" time="48.91" timestamp="2022-04-19T13:35:37">
	<testcase classname="SmoketestSmartRest" name="smoketest_smartrest">
		<failure message="BLOCKED: python3&lt;stdout&gt; returned non-zero exit code 1" type="BLOCKED"/>
		<system-out>13:34:48 INFO  ==============================================================
13:34:48 INFO  Id:    smoketest_smartrest
13:34:48 INFO  Dir:   smoketests/
13:34:48 INFO  Title: Smoketest SmartREST
13:34:48 INFO  ==============================================================
13:34:48 INFO  EnvironmentC8y Setup
13:34:48 INFO  Executed systemctl&lt;serv_mapper1&gt;, exit status 3
13:34:48 INFO  Restarting mosquitto too frequently in the last 10 seconds. It was only up for 4 seconds
13:34:48 INFO  Delaying execution by 7 seconds
13:35:10 INFO  Executed sudo&lt;tedge_connect_c8y&gt;, exit status 0, duration 14 secs
13:35:10 INFO  Executed sudo&lt;tedge_connect_c8y_test&gt;, exit status 0
13:35:11 INFO  Executed systemctl&lt;serv_mosq2&gt;, exit status 0
13:35:11 INFO  Executed systemctl&lt;serv_mapper3&gt;, exit status 0
13:35:31 WARN  Executed python3&lt;stdout&gt;, exit status 1
13:35:31 INFO  Contents of stdout.out: 
  Act: Publishing values with tedge pub
  Waiting 3s for values to arrive in C8y
  Assert: Retrieving data via REST interface
  Gathering values from 2022-04-19 13:35:21+00:00 to 2022-04-19 13:35:31+00:00
  Found 19 recorded values:
  Retrieved values:
      0     1     2     3     4     5     6     7     8     9    10    11    12    13    14    15    16    17    18
  Expected:  0.0  ...  19.0
  Data verification FAILED
  -----

13:35:32 WARN  python3&lt;stdout&gt; returned non-zero exit code 1 ... blocked 
13:35:32 WARN  Aborted test due to BLOCKED outcome
13:35:32 INFO  
13:35:32 INFO  cleanup:
13:35:36 INFO  Executed sudo&lt;tedge_disconnect_c8y&gt;, exit status 0
13:35:37 INFO  Executed systemctl&lt;serv_mapper5&gt;, exit status 3
13:35:37 INFO  
13:35:37 INFO  Test duration: 48.91 secs
13:35:37 INFO  Test final outcome:  BLOCKED
13:35:37 INFO  Test outcome reason: python3&lt;stdout&gt; returned non-zero exit code 1
13:35:37 INFO  
</system-out>
	</testcase>
</testsuite>
