<?xml version="1.0" encoding="utf-8"?>
<testsuite failures="1" name="smoketest_smartrest_200_samples_20ms" skipped="0" tests="1" time="0.06" timestamp="2022-04-28T15:36:15">
	<testcase classname="SmoketestSmartRest200Samples20ms" name="smoketest_smartrest_200_samples_20ms">
		<failure message="BLOCKED: Failed to set up test: 'SmoketestSmartRest200Samples20ms'" type="BLOCKED"/>
		<system-out>15:36:15 INFO  ==============================================================
15:36:15 INFO  Id:    smoketest_smartrest_200_samples_20ms
15:36:15 INFO  Dir:   smoketests/
15:36:15 INFO  Title: Smoketest SmartRest 200 Samples 20ms Delay
15:36:15 INFO  ==============================================================
15:36:15 WARN  Failed to set up test: 'SmoketestSmartRest200Samples20ms' ... blocked 
15:36:15 ERROR Caught KeyError while setting up test smoketest_smartrest_200_samples_20ms: 'SmoketestSmartRest200Samples20ms'
Traceback (most recent call last):
  File &quot;/home/pi/env-pysys/lib/python3.7/site-packages/pysys/baserunner.py&quot;, line 1229, in __call__
    clazz = runpy_namespace[self.descriptor.classname]
KeyError: 'SmoketestSmartRest200Samples20ms'
15:36:15 INFO  
15:36:15 INFO  Test duration: 0.06 secs
15:36:15 INFO  Test final outcome:  BLOCKED
15:36:15 INFO  Test outcome reason: Failed to set up test: 'SmoketestSmartRest200Samples20ms'
15:36:15 INFO  
</system-out>
	</testcase>
</testsuite>
