<?xml version="1.0" encoding="utf-8"?>
<testsuite failures="1" name="call_tedge_config_help" skipped="0" tests="1" time="0.31" timestamp="2022-02-24T13:45:00">
	<testcase classname="PySysTest" name="call_tedge_config_help">
		<failure message="FAILED: Grep on tedge.out contains &quot;FLAGS:&quot;" type="FAILED"/>
		<system-out>13:45:00 INFO  ==============================================================
13:45:00 INFO  Id:    call_tedge_config_help
13:45:00 INFO  Dir:   tedge/
13:45:00 INFO  Title: Validate command line option help
13:45:00 DEBUG Execution order hint: 0.0
13:45:00 INFO  ==============================================================
13:45:00 DEBUG --- test execute
13:45:00 DEBUG Process parameters for tedge
  command line : /usr/bin/tedge config help
    arg #1     : config
    arg #2     : help
  working dir  : /home/pi/actions-runner/_work/thin-edge.io/thin-edge.io/tests/PySys/tedge/call_tedge_config_help/Output/linux
  stdout       : /home/pi/actions-runner/_work/thin-edge.io/thin-edge.io/tests/PySys/tedge/call_tedge_config_help/Output/linux/tedge.out
  stderr       : /home/pi/actions-runner/_work/thin-edge.io/thin-edge.io/tests/PySys/tedge/call_tedge_config_help/Output/linux/tedge.err
  environment  : LD_LIBRARY_PATH=/usr/lib
  environment  : PATH=/bin:/usr/bin:/usr/sbin:/usr/local/bin
                   #1  /bin
                   #2  /usr/bin
                   #3  /usr/sbin
                   #4  /usr/local/bin
13:45:00 DEBUG Waiting up to 600 secs for process tedge (pid 17412)
13:45:00 INFO  Executed tedge, exit status 0
13:45:00 DEBUG --- test validate
13:45:00 DEBUG Performing regex contains=True grep on file: /home/pi/actions-runner/_work/thin-edge.io/thin-edge.io/tests/PySys/tedge/call_tedge_config_help/Output/linux/tedge.out
13:45:00 DEBUG Grep on input file tedge.out successfully matched expression &quot;USAGE:&quot; with line: 'USAGE:\n'
13:45:00 INFO  Grep on input file tedge.out ... passed
13:45:00 DEBUG Performing regex contains=True grep on file: /home/pi/actions-runner/_work/thin-edge.io/thin-edge.io/tests/PySys/tedge/call_tedge_config_help/Output/linux/tedge.out
13:45:00 WARN  Grep on tedge.out contains &quot;FLAGS:&quot; ... failed [run.py:30]
13:45:00 DEBUG Performing regex contains=True grep on file: /home/pi/actions-runner/_work/thin-edge.io/thin-edge.io/tests/PySys/tedge/call_tedge_config_help/Output/linux/tedge.out
13:45:00 DEBUG Grep on input file tedge.out successfully matched expression &quot;SUBCOMMANDS:&quot; with line: 'SUBCOMMANDS:\n'
13:45:00 INFO  Grep on input file tedge.out ... passed
13:45:00 DEBUG --- test cleanup
13:45:00 DEBUG ProcessUser cleanup function done.
13:45:00 INFO  
13:45:00 INFO  Test duration: 0.31 secs
13:45:00 INFO  Test final outcome:  FAILED
13:45:00 INFO  Test outcome reason: Grep on tedge.out contains &quot;FLAGS:&quot;
13:45:00 INFO  
</system-out>
	</testcase>
</testsuite>
