<?xml version="1.0" encoding="utf-8"?>
<testsuite failures="1" name="tedge_mapper_c8y_child_device_measurement" skipped="0" tests="1" time="28.77" timestamp="2022-02-07T14:17:36">
	<testcase classname="TedgeMapperC8yChildDevice" name="tedge_mapper_c8y_child_device_measurement">
		<failure message="BLOCKED: IndexError: list index out of range" type="BLOCKED"/>
		<system-out>14:17:07 INFO  ==============================================================
14:17:07 INFO  Id:    tedge_mapper_c8y_child_device_measurement
14:17:07 INFO  Dir:   tedge_mapper_c8y/
14:17:07 INFO  Title: Validate that measurements sent to tedge/measurements/child topic gets mapped as the child device's measurement in Cumulocity
14:17:07 DEBUG Execution order hint: 0.0
14:17:07 INFO  ==============================================================
14:17:07 DEBUG EnvironmentC8y Setup
14:17:07 INFO  EnvironmentC8y Setup
14:17:07 DEBUG Process parameters for systemctl&lt;serv_mapper1&gt;
  command line : /usr/bin/systemctl status tedge-mapper-c8y
    arg #1     : status
    arg #2     : tedge-mapper-c8y
  working dir  : /home/pi/actions-runner/_work/thin-edge.io/thin-edge.io/tests/PySys/tedge_mapper_c8y/tedge_mapper_c8y_child_device_measurement/Output/linux
  stdout       : /home/pi/actions-runner/_work/thin-edge.io/thin-edge.io/tests/PySys/tedge_mapper_c8y/tedge_mapper_c8y_child_device_measurement/Output/linux/serv_mapper1.out
  stderr       : /home/pi/actions-runner/_work/thin-edge.io/thin-edge.io/tests/PySys/tedge_mapper_c8y/tedge_mapper_c8y_child_device_measurement/Output/linux/serv_mapper1.err
  environment  : LD_LIBRARY_PATH=/usr/lib
  environment  : PATH=/bin:/usr/bin:/usr/sbin:/usr/local/bin
                   #1  /bin
                   #2  /usr/bin
                   #3  /usr/sbin
                   #4  /usr/local/bin
14:17:07 DEBUG Waiting up to 600 secs for process systemctl&lt;serv_mapper1&gt; (pid 17862)
14:17:08 INFO  Executed systemctl&lt;serv_mapper1&gt;, exit status 3
14:17:08 INFO  Restarting mosquitto too frequently in the last 10 seconds. It was only up for 3 seconds
14:17:08 INFO  Delaying execution by 8 seconds
14:17:16 DEBUG Process parameters for sudo&lt;tedge_connect_c8y&gt;
  command line : /usr/bin/sudo /usr/bin/tedge connect c8y
    arg #1     : /usr/bin/tedge
    arg #2     : connect
    arg #3     : c8y
  working dir  : /home/pi/actions-runner/_work/thin-edge.io/thin-edge.io/tests/PySys/tedge_mapper_c8y/tedge_mapper_c8y_child_device_measurement/Output/linux
  stdout       : /home/pi/actions-runner/_work/thin-edge.io/thin-edge.io/tests/PySys/tedge_mapper_c8y/tedge_mapper_c8y_child_device_measurement/Output/linux/tedge_connect_c8y.out
  stderr       : /home/pi/actions-runner/_work/thin-edge.io/thin-edge.io/tests/PySys/tedge_mapper_c8y/tedge_mapper_c8y_child_device_measurement/Output/linux/tedge_connect_c8y.err
  environment  : LD_LIBRARY_PATH=/usr/lib
  environment  : PATH=/bin:/usr/bin:/usr/sbin:/usr/local/bin
                   #1  /bin
                   #2  /usr/bin
                   #3  /usr/sbin
                   #4  /usr/local/bin
14:17:16 DEBUG Waiting up to 600 secs for process sudo&lt;tedge_connect_c8y&gt; (pid 17867)
14:17:27 INFO  Executed sudo&lt;tedge_connect_c8y&gt;, exit status 0, duration 11 secs
14:17:27 DEBUG Process parameters for sudo&lt;tedge_connect_c8y_test&gt;
  command line : /usr/bin/sudo /usr/bin/tedge connect c8y --test
    arg #1     : /usr/bin/tedge
    arg #2     : connect
    arg #3     : c8y
    arg #4     : --test
  working dir  : /home/pi/actions-runner/_work/thin-edge.io/thin-edge.io/tests/PySys/tedge_mapper_c8y/tedge_mapper_c8y_child_device_measurement/Output/linux
  stdout       : /home/pi/actions-runner/_work/thin-edge.io/thin-edge.io/tests/PySys/tedge_mapper_c8y/tedge_mapper_c8y_child_device_measurement/Output/linux/tedge_connect_c8y_test.out
  stderr       : /home/pi/actions-runner/_work/thin-edge.io/thin-edge.io/tests/PySys/tedge_mapper_c8y/tedge_mapper_c8y_child_device_measurement/Output/linux/tedge_connect_c8y_test.err
  environment  : LD_LIBRARY_PATH=/usr/lib
  environment  : PATH=/bin:/usr/bin:/usr/sbin:/usr/local/bin
                   #1  /bin
                   #2  /usr/bin
                   #3  /usr/sbin
                   #4  /usr/local/bin
14:17:27 DEBUG Waiting up to 600 secs for process sudo&lt;tedge_connect_c8y_test&gt; (pid 18016)
14:17:27 INFO  Executed sudo&lt;tedge_connect_c8y_test&gt;, exit status 0
14:17:27 DEBUG Process parameters for systemctl&lt;serv_mosq2&gt;
  command line : /usr/bin/systemctl status mosquitto
    arg #1     : status
    arg #2     : mosquitto
  working dir  : /home/pi/actions-runner/_work/thin-edge.io/thin-edge.io/tests/PySys/tedge_mapper_c8y/tedge_mapper_c8y_child_device_measurement/Output/linux
  stdout       : /home/pi/actions-runner/_work/thin-edge.io/thin-edge.io/tests/PySys/tedge_mapper_c8y/tedge_mapper_c8y_child_device_measurement/Output/linux/serv_mosq2.out
  stderr       : /home/pi/actions-runner/_work/thin-edge.io/thin-edge.io/tests/PySys/tedge_mapper_c8y/tedge_mapper_c8y_child_device_measurement/Output/linux/serv_mosq2.err
  environment  : LD_LIBRARY_PATH=/usr/lib
  environment  : PATH=/bin:/usr/bin:/usr/sbin:/usr/local/bin
                   #1  /bin
                   #2  /usr/bin
                   #3  /usr/sbin
                   #4  /usr/local/bin
14:17:27 DEBUG Waiting up to 600 secs for process systemctl&lt;serv_mosq2&gt; (pid 18024)
14:17:28 INFO  Executed systemctl&lt;serv_mosq2&gt;, exit status 0
14:17:28 DEBUG Process parameters for systemctl&lt;serv_mapper3&gt;
  command line : /usr/bin/systemctl status tedge-mapper-c8y
    arg #1     : status
    arg #2     : tedge-mapper-c8y
  working dir  : /home/pi/actions-runner/_work/thin-edge.io/thin-edge.io/tests/PySys/tedge_mapper_c8y/tedge_mapper_c8y_child_device_measurement/Output/linux
  stdout       : /home/pi/actions-runner/_work/thin-edge.io/thin-edge.io/tests/PySys/tedge_mapper_c8y/tedge_mapper_c8y_child_device_measurement/Output/linux/serv_mapper3.out
  stderr       : /home/pi/actions-runner/_work/thin-edge.io/thin-edge.io/tests/PySys/tedge_mapper_c8y/tedge_mapper_c8y_child_device_measurement/Output/linux/serv_mapper3.err
  environment  : LD_LIBRARY_PATH=/usr/lib
  environment  : PATH=/bin:/usr/bin:/usr/sbin:/usr/local/bin
                   #1  /bin
                   #2  /usr/bin
                   #3  /usr/sbin
                   #4  /usr/local/bin
14:17:28 DEBUG Waiting up to 600 secs for process systemctl&lt;serv_mapper3&gt; (pid 18025)
14:17:28 INFO  Executed systemctl&lt;serv_mapper3&gt;, exit status 0
14:17:28 INFO  Assert that (actual == expected) with actual=None, expected=None ... passed
14:17:28 DEBUG --- test execute
14:17:28 DEBUG Process parameters for tedge_pub
  command line : /usr/bin/tedge mqtt pub tedge/measurements/te-child-eee1c592 '{&quot;temperature&quot;: 12, &quot;time&quot;: &quot;2021-01-01T10:10:10.100+02:00&quot;}'
    arg #1     : mqtt
    arg #2     : pub
    arg #3     : tedge/measurements/te-child-eee1c592
    arg #4     : {&quot;temperature&quot;: 12, &quot;time&quot;: &quot;2021-01-01T10:10:10.100+02:00&quot;}
  working dir  : /home/pi/actions-runner/_work/thin-edge.io/thin-edge.io/tests/PySys/tedge_mapper_c8y/tedge_mapper_c8y_child_device_measurement/Output/linux
  stdout       : /home/pi/actions-runner/_work/thin-edge.io/thin-edge.io/tests/PySys/tedge_mapper_c8y/tedge_mapper_c8y_child_device_measurement/Output/linux/tedge_pub.out
  stderr       : /home/pi/actions-runner/_work/thin-edge.io/thin-edge.io/tests/PySys/tedge_mapper_c8y/tedge_mapper_c8y_child_device_measurement/Output/linux/tedge_pub.err
  environment  : HOME=/home/pi
14:17:28 DEBUG Waiting up to 600 secs for process tedge_pub (pid 18028)
14:17:29 INFO  Executed tedge_pub, exit status 0
14:17:29 DEBUG Process parameters for tedge_pub
  command line : /usr/bin/tedge mqtt pub tedge/measurements/te-child-eee1c592 '{&quot;temperature&quot;: 11}'
    arg #1     : mqtt
    arg #2     : pub
    arg #3     : tedge/measurements/te-child-eee1c592
    arg #4     : {&quot;temperature&quot;: 11}
  working dir  : /home/pi/actions-runner/_work/thin-edge.io/thin-edge.io/tests/PySys/tedge_mapper_c8y/tedge_mapper_c8y_child_device_measurement/Output/linux
  stdout       : /home/pi/actions-runner/_work/thin-edge.io/thin-edge.io/tests/PySys/tedge_mapper_c8y/tedge_mapper_c8y_child_device_measurement/Output/linux/tedge_pub.out
  stderr       : /home/pi/actions-runner/_work/thin-edge.io/thin-edge.io/tests/PySys/tedge_mapper_c8y/tedge_mapper_c8y_child_device_measurement/Output/linux/tedge_pub.err
  environment  : HOME=/home/pi
14:17:29 DEBUG Waiting up to 600 secs for process tedge_pub (pid 18035)
14:17:29 INFO  Executed tedge_pub, exit status 0
14:17:29 DEBUG Process parameters for tedge_pub
  command line : /usr/bin/tedge mqtt pub tedge/measurements '{&quot;temperature&quot;: 5}'
    arg #1     : mqtt
    arg #2     : pub
    arg #3     : tedge/measurements
    arg #4     : {&quot;temperature&quot;: 5}
  working dir  : /home/pi/actions-runner/_work/thin-edge.io/thin-edge.io/tests/PySys/tedge_mapper_c8y/tedge_mapper_c8y_child_device_measurement/Output/linux
  stdout       : /home/pi/actions-runner/_work/thin-edge.io/thin-edge.io/tests/PySys/tedge_mapper_c8y/tedge_mapper_c8y_child_device_measurement/Output/linux/tedge_pub.out
  stderr       : /home/pi/actions-runner/_work/thin-edge.io/thin-edge.io/tests/PySys/tedge_mapper_c8y/tedge_mapper_c8y_child_device_measurement/Output/linux/tedge_pub.err
  environment  : HOME=/home/pi
14:17:29 DEBUG Waiting up to 600 secs for process tedge_pub (pid 18037)
14:17:29 INFO  Executed tedge_pub, exit status 0
14:17:29 DEBUG Process parameters for tedge_pub
  command line : /usr/bin/tedge mqtt pub tedge/measurements/other-te-child-ba2e7f6a '{&quot;temperature&quot;: 6}'
    arg #1     : mqtt
    arg #2     : pub
    arg #3     : tedge/measurements/other-te-child-ba2e7f6a
    arg #4     : {&quot;temperature&quot;: 6}
  working dir  : /home/pi/actions-runner/_work/thin-edge.io/thin-edge.io/tests/PySys/tedge_mapper_c8y/tedge_mapper_c8y_child_device_measurement/Output/linux
  stdout       : /home/pi/actions-runner/_work/thin-edge.io/thin-edge.io/tests/PySys/tedge_mapper_c8y/tedge_mapper_c8y_child_device_measurement/Output/linux/tedge_pub.out
  stderr       : /home/pi/actions-runner/_work/thin-edge.io/thin-edge.io/tests/PySys/tedge_mapper_c8y/tedge_mapper_c8y_child_device_measurement/Output/linux/tedge_pub.err
  environment  : HOME=/home/pi
14:17:29 DEBUG Waiting up to 600 secs for process tedge_pub (pid 18039)
14:17:29 INFO  Executed tedge_pub, exit status 0
14:17:29 DEBUG Process parameters for tedge_pub
  command line : /usr/bin/tedge mqtt pub tedge/measurements/te-child-eee1c592 '{&quot;temperature&quot;: 10}'
    arg #1     : mqtt
    arg #2     : pub
    arg #3     : tedge/measurements/te-child-eee1c592
    arg #4     : {&quot;temperature&quot;: 10}
  working dir  : /home/pi/actions-runner/_work/thin-edge.io/thin-edge.io/tests/PySys/tedge_mapper_c8y/tedge_mapper_c8y_child_device_measurement/Output/linux
  stdout       : /home/pi/actions-runner/_work/thin-edge.io/thin-edge.io/tests/PySys/tedge_mapper_c8y/tedge_mapper_c8y_child_device_measurement/Output/linux/tedge_pub.out
  stderr       : /home/pi/actions-runner/_work/thin-edge.io/thin-edge.io/tests/PySys/tedge_mapper_c8y/tedge_mapper_c8y_child_device_measurement/Output/linux/tedge_pub.err
  environment  : HOME=/home/pi
14:17:29 DEBUG Waiting up to 600 secs for process tedge_pub (pid 18041)
14:17:30 INFO  Executed tedge_pub, exit status 0
14:17:32 DEBUG --- test validate
14:17:32 INFO  {
    &quot;self&quot;: &quot;https://t493319102.eu-latest.cumulocity.com/measurement/measurements/13870815&quot;,
    &quot;time&quot;: &quot;2022-02-07T14:17:30.071Z&quot;,
    &quot;id&quot;: &quot;13870815&quot;,
    &quot;source&quot;: {
        &quot;self&quot;: &quot;https://t493319102.eu-latest.cumulocity.com/inventory/managedObjects/13870809&quot;,
        &quot;id&quot;: &quot;13870809&quot;
    },
    &quot;type&quot;: &quot;ThinEdgeMeasurement&quot;,
    &quot;temperature&quot;: {
        &quot;temperature&quot;: {
            &quot;value&quot;: 10.0
        }
    }
}
14:17:32 INFO  Assert that (actual == expected) with actual=&quot;ThinEdgeMeasurement&quot;, expected=&quot;ThinEdgeMeasurement&quot; ... passed
14:17:32 INFO  Assert that (actual == expected) with actual=10.0, expected=10 ... passed
14:17:32 INFO  {
    &quot;self&quot;: &quot;https://t493319102.eu-latest.cumulocity.com/measurement/measurements/13870811&quot;,
    &quot;time&quot;: &quot;2022-02-07T14:17:29.339Z&quot;,
    &quot;id&quot;: &quot;13870811&quot;,
    &quot;source&quot;: {
        &quot;self&quot;: &quot;https://t493319102.eu-latest.cumulocity.com/inventory/managedObjects/13870809&quot;,
        &quot;id&quot;: &quot;13870809&quot;
    },
    &quot;type&quot;: &quot;ThinEdgeMeasurement&quot;,
    &quot;temperature&quot;: {
        &quot;temperature&quot;: {
            &quot;value&quot;: 11.0
        }
    }
}
14:17:32 INFO  Assert that (actual == expected) with actual=&quot;ThinEdgeMeasurement&quot;, expected=&quot;ThinEdgeMeasurement&quot; ... passed
14:17:32 INFO  Assert that (actual == expected) with actual=11.0, expected=11 ... passed
14:17:32 INFO  {
    &quot;self&quot;: &quot;https://t493319102.eu-latest.cumulocity.com/measurement/measurements/13870810&quot;,
    &quot;time&quot;: &quot;2021-01-01T10:10:10.100+02:00&quot;,
    &quot;id&quot;: &quot;13870810&quot;,
    &quot;source&quot;: {
        &quot;self&quot;: &quot;https://t493319102.eu-latest.cumulocity.com/inventory/managedObjects/13870809&quot;,
        &quot;id&quot;: &quot;13870809&quot;
    },
    &quot;type&quot;: &quot;ThinEdgeMeasurement&quot;,
    &quot;temperature&quot;: {
        &quot;temperature&quot;: {
            &quot;value&quot;: 12.0
        }
    }
}
14:17:32 INFO  Assert that (actual == expected) with actual=&quot;ThinEdgeMeasurement&quot;, expected=&quot;ThinEdgeMeasurement&quot; ... passed
14:17:32 INFO  Assert that (actual == expected) with actual=12.0, expected=12 ... passed
14:17:32 INFO  Assert that (actual == expected) with actual=&quot;2021-01-01T10:10:10.100+02:00&quot;, expected=&quot;2021-01-01T10:10:10.100+02:00&quot; ... passed
14:17:32 INFO  {
    &quot;self&quot;: &quot;https://t493319102.eu-latest.cumulocity.com/measurement/measurements/13870814&quot;,
    &quot;time&quot;: &quot;2022-02-07T14:17:29.809Z&quot;,
    &quot;id&quot;: &quot;13870814&quot;,
    &quot;source&quot;: {
        &quot;self&quot;: &quot;https://t493319102.eu-latest.cumulocity.com/inventory/managedObjects/13870813&quot;,
        &quot;id&quot;: &quot;13870813&quot;
    },
    &quot;type&quot;: &quot;ThinEdgeMeasurement&quot;,
    &quot;temperature&quot;: {
        &quot;temperature&quot;: {
            &quot;value&quot;: 6.0
        }
    }
}
14:17:32 INFO  Assert that (actual == expected) with actual=&quot;ThinEdgeMeasurement&quot;, expected=&quot;ThinEdgeMeasurement&quot; ... passed
14:17:32 INFO  Assert that (actual == expected) with actual=6.0, expected=6 ... passed
14:17:32 WARN  caught &lt;class 'IndexError'&gt; while running test: list index out of range
Traceback (most recent call last):
  File &quot;/home/pi/env-pysys/lib/python3.7/site-packages/pysys/baserunner.py&quot;, line 1211, in __call__
    self.testObj.validate()
  File &quot;/home/pi/actions-runner/_work/thin-edge.io/thin-edge.io/tests/PySys/tedge_mapper_c8y/tedge_mapper_c8y_child_device_measurement/run.py&quot;, line 113, in validate
    self.project.deviceid)
  File &quot;/home/pi/actions-runner/_work/thin-edge.io/thin-edge.io/tests/PySys/environments/cumulocity.py&quot;, line 163, in get_last_measurements_from_device
    )[0]
IndexError: list index out of range
14:17:32 WARN  IndexError: list index out of range ... blocked 
14:17:32 DEBUG --- test cleanup
14:17:32 INFO  
14:17:32 INFO  cleanup:
14:17:32 DEBUG Running registered cleanup function: &lt;bound method TedgeMapperC8yChildDevice.test_cleanup of &lt;TedgeMapperC8yChildDevice object at 0x75c60cd0&gt;&gt;
14:17:33 DEBUG Running registered cleanup function: &lt;bound method EnvironmentC8y.myenvcleanup of &lt;TedgeMapperC8yChildDevice object at 0x75c60cd0&gt;&gt;
14:17:33 DEBUG EnvironmentC8y Cleanup
14:17:33 DEBUG Process parameters for sudo&lt;tedge_disconnect_c8y&gt;
  command line : /usr/bin/sudo /usr/bin/tedge disconnect c8y
    arg #1     : /usr/bin/tedge
    arg #2     : disconnect
    arg #3     : c8y
  working dir  : /home/pi/actions-runner/_work/thin-edge.io/thin-edge.io/tests/PySys/tedge_mapper_c8y/tedge_mapper_c8y_child_device_measurement/Output/linux
  stdout       : /home/pi/actions-runner/_work/thin-edge.io/thin-edge.io/tests/PySys/tedge_mapper_c8y/tedge_mapper_c8y_child_device_measurement/Output/linux/tedge_disconnect_c8y.out
  stderr       : /home/pi/actions-runner/_work/thin-edge.io/thin-edge.io/tests/PySys/tedge_mapper_c8y/tedge_mapper_c8y_child_device_measurement/Output/linux/tedge_disconnect_c8y.err
  environment  : LD_LIBRARY_PATH=/usr/lib
  environment  : PATH=/bin:/usr/bin:/usr/sbin:/usr/local/bin
                   #1  /bin
                   #2  /usr/bin
                   #3  /usr/sbin
                   #4  /usr/local/bin
14:17:33 DEBUG Waiting up to 600 secs for process sudo&lt;tedge_disconnect_c8y&gt; (pid 18046)
14:17:36 INFO  Executed sudo&lt;tedge_disconnect_c8y&gt;, exit status 0
14:17:36 DEBUG Process parameters for systemctl&lt;serv_mapper5&gt;
  command line : /usr/bin/systemctl status tedge-mapper-c8y
    arg #1     : status
    arg #2     : tedge-mapper-c8y
  working dir  : /home/pi/actions-runner/_work/thin-edge.io/thin-edge.io/tests/PySys/tedge_mapper_c8y/tedge_mapper_c8y_child_device_measurement/Output/linux
  stdout       : /home/pi/actions-runner/_work/thin-edge.io/thin-edge.io/tests/PySys/tedge_mapper_c8y/tedge_mapper_c8y_child_device_measurement/Output/linux/serv_mapper5.out
  stderr       : /home/pi/actions-runner/_work/thin-edge.io/thin-edge.io/tests/PySys/tedge_mapper_c8y/tedge_mapper_c8y_child_device_measurement/Output/linux/serv_mapper5.err
  environment  : LD_LIBRARY_PATH=/usr/lib
  environment  : PATH=/bin:/usr/bin:/usr/sbin:/usr/local/bin
                   #1  /bin
                   #2  /usr/bin
                   #3  /usr/sbin
                   #4  /usr/local/bin
14:17:36 DEBUG Waiting up to 600 secs for process systemctl&lt;serv_mapper5&gt; (pid 18104)
14:17:36 INFO  Executed systemctl&lt;serv_mapper5&gt;, exit status 3
14:17:36 DEBUG ProcessUser cleanup function done.
14:17:36 INFO  
14:17:36 INFO  Test duration: 28.77 secs
14:17:36 INFO  Test final outcome:  BLOCKED
14:17:36 INFO  Test outcome reason: IndexError: list index out of range
14:17:36 INFO  
</system-out>
	</testcase>
</testsuite>
