2022-05-16 08:30:20,475 INFO  ==============================================================
2022-05-16 08:30:20,476 INFO  Id:    SoftwareManagement.sm_apt_install_download_path
2022-05-16 08:30:20,477 INFO  Dir:   software_management_end_to_end/
2022-05-16 08:30:20,477 INFO  Title: Install package to directory specified in tedge config set tmp.path
2022-05-16 08:30:20,478 INFO  ==============================================================
2022-05-16 08:30:21,811 INFO  Using sw id database: {'asciijump': '5475369', 'robotfindskitten': '5474869', 'squirrel3': '5475279', 'rolldice': '5152439', 'moon-buggy': '5439204', 'apple': '5495053', 'banana': '5494888', 'cherry': '5495382', 'watermelon': '5494510', 'registry': '8018911', 'hello-world': '8021526', 'docker/getting-started': '8021973', 'alpine': '7991792'}
2022-05-16 08:30:21,812 INFO  EnvironmentC8y Setup
2022-05-16 08:30:22,372 INFO  Executed systemctl<serv_mapper1>, exit status 3
2022-05-16 08:30:40,180 INFO  Executed sudo<tedge_connect_c8y>, exit status 0, duration 17 secs
2022-05-16 08:30:40,793 INFO  Executed sudo<tedge_connect_c8y_test>, exit status 0
2022-05-16 08:30:41,306 INFO  Executed systemctl<serv_mosq2>, exit status 0
2022-05-16 08:30:41,880 INFO  Executed systemctl<serv_mapper3>, exit status 0
2022-05-16 08:30:44,208 INFO  State of current operation: SUCCESSFUL
2022-05-16 08:30:44,571 INFO  Assert that (False == value) with value=False ... passed
2022-05-16 08:30:45,135 INFO  Executed sudo, exit status 0
2022-05-16 08:30:45,698 INFO  Executed sudo, exit status 0
2022-05-16 08:30:46,382 INFO  Executed sudo, exit status 0
2022-05-16 08:30:51,766 INFO  Executed sudo<tedge_disconnect_c8y>, exit status 0
2022-05-16 08:30:51,878 INFO  Restarting mosquitto too frequently in the last 10 seconds. It was only up for 4 seconds
2022-05-16 08:30:51,880 INFO  Delaying execution by 7 seconds
2022-05-16 08:31:16,102 INFO  Executed sudo<tedge_connect_c8y>, exit status 0, duration 17 secs
2022-05-16 08:31:16,337 INFO  Response status: 201
2022-05-16 08:31:16,339 INFO  Response to action: {
    "creationTime": "2022-05-16T08:31:16.288Z",
    "deviceId": "19103185",
    "deviceName": "m32sd11e",
    "self": "https://t493319102.eu-latest.cumulocity.com/devicecontrol/operations/19133192",
    "id": "19133192",
    "status": "PENDING",
    "description": "Apply software changes, triggered from PySys: [{'name': 'rolldice', 'id': '5152439', 'version': '::apt', 'url': 'https://thin-edge-io.eu-latest.cumulocity.com/inventory/binaries/12435463', 'action': 'install'}]",
    "c8y_SoftwareUpdate": [
        {
            "name": "rolldice",
            "action": "install",
            "id": "5152439",
            "version": "::apt",
            "url": "https://thin-edge-io.eu-latest.cumulocity.com/inventory/binaries/12435463"
        }
    ]
}
2022-05-16 08:31:16,340 INFO  Started operation: {'creationTime': '2022-05-16T08:31:16.288Z', 'deviceId': '19103185', 'deviceName': 'm32sd11e', 'self': 'https://t493319102.eu-latest.cumulocity.com/devicecontrol/operations/19133192', 'id': '19133192', 'status': 'PENDING', 'description': "Apply software changes, triggered from PySys: [{'name': 'rolldice', 'id': '5152439', 'version': '::apt', 'url': 'https://thin-edge-io.eu-latest.cumulocity.com/inventory/binaries/12435463', 'action': 'install'}]", 'c8y_SoftwareUpdate': [{'name': 'rolldice', 'action': 'install', 'id': '5152439', 'version': '::apt', 'url': 'https://thin-edge-io.eu-latest.cumulocity.com/inventory/binaries/12435463'}]}
2022-05-16 08:31:16,344 WARN  , retrying in 0.5 seconds...
2022-05-16 08:31:16,847 WARN  , retrying in 0.5 seconds...
2022-05-16 08:31:17,350 WARN  , retrying in 0.5 seconds...
2022-05-16 08:31:17,853 WARN  , retrying in 0.5 seconds...
2022-05-16 08:31:18,356 WARN  , retrying in 0.5 seconds...
2022-05-16 08:31:18,859 WARN  , retrying in 0.5 seconds...
2022-05-16 08:31:19,362 WARN  , retrying in 0.5 seconds...
2022-05-16 08:31:19,865 WARN  , retrying in 0.5 seconds...
2022-05-16 08:31:20,368 WARN  , retrying in 0.5 seconds...
2022-05-16 08:31:20,871 WARN  AssertionError occurred while running test - 
Traceback (most recent call last):
  File "/home/pi/env-pysys/lib/python3.9/site-packages/pysys/baserunner.py", line 1294, in __call__
    self.testObj.execute()
  File "/home/pi/actions-runner/_work/thin-edge.io/thin-edge.io/tests/PySys/software_management_end_to_end/sm_apt_install_download_path/run.py", line 83, in execute
    assert_install_in_download_path(install_directory=self.DOWNLOAD_DIR)
  File "/home/pi/env-pysys/lib/python3.9/site-packages/decorator.py", line 232, in fun
    return caller(func, *(extras + args), **kw)
  File "/home/pi/env-pysys/lib/python3.9/site-packages/retry/api.py", line 73, in retry_decorator
    return __retry_internal(partial(f, *args, **kwargs), exceptions, tries, delay, max_delay, backoff, jitter,
  File "/home/pi/env-pysys/lib/python3.9/site-packages/retry/api.py", line 33, in __retry_internal
    return f()
  File "/home/pi/actions-runner/_work/thin-edge.io/thin-edge.io/tests/PySys/software_management_end_to_end/sm_apt_install_download_path/run.py", line 28, in assert_install_in_download_path
    assert "rolldice" in os.listdir(f"{install_directory}")
AssertionError
2022-05-16 08:31:21,747 WARN  AssertionError: ... blocked 
2022-05-16 08:31:21,748 INFO  
2022-05-16 08:31:21,749 INFO  cleanup:
2022-05-16 08:31:22,313 INFO  Executed sudo, exit status 0
2022-05-16 08:31:22,930 INFO  Executed sudo, exit status 0
2022-05-16 08:31:29,459 INFO  Executed sudo<tedge_disconnect_c8y>, exit status 0
2022-05-16 08:31:29,579 INFO  Restarting mosquitto too frequently in the last 10 seconds. It was only up for 5 seconds
2022-05-16 08:31:29,581 INFO  Delaying execution by 6 seconds
2022-05-16 08:31:53,266 INFO  Executed sudo<tedge_connect_c8y>, exit status 0, duration 17 secs
2022-05-16 08:31:59,495 INFO  Executed sudo<tedge_disconnect_c8y>, exit status 0
2022-05-16 08:32:00,058 INFO  Executed systemctl<serv_mapper5>, exit status 3
2022-05-16 08:32:00,063 INFO  
2022-05-16 08:32:00,063 INFO  Test duration: 99.60 secs
2022-05-16 08:32:00,065 INFO  Test final outcome:  BLOCKED
2022-05-16 08:32:00,065 INFO  Test outcome reason: AssertionError:
2022-05-16 08:32:00,066 INFO  
