<?xml version="1.0" encoding="utf-8"?>
<pysyslog completed="95/95" status="complete">
	<timestamp>2022-02-25 16:41:21</timestamp>
	<platform>linux</platform>
	<host>raspberrypi</host>
	<root>/home/pi/actions-runner/_work/thin-edge.io/thin-edge.io/tests/PySys</root>
	<xargs/>
	<results cycle="1">
		<result id="c8y_jwt_token_retrieval" outcome="PASSED">
			<outcomeReason>Grep on input file resp_jwt.out</outcomeReason>
			<timestamp>2022-02-25 16:41:35</timestamp>
			<descriptor>/home/pi/actions-runner/_work/thin-edge.io/thin-edge.io/tests/PySys/cloud_c8y/c8y_jwt_token_retrieval/pysystest.xml</descriptor>
			<output>/home/pi/actions-runner/_work/thin-edge.io/thin-edge.io/tests/PySys/cloud_c8y/c8y_jwt_token_retrieval/Output/linux</output>
		</result>
		<result id="local_mqtt_pub_fail_noqos" outcome="PASSED">
			<outcomeReason>Assert that (value==1) with value=1</outcomeReason>
			<timestamp>2022-02-25 16:41:36</timestamp>
			<descriptor>/home/pi/actions-runner/_work/thin-edge.io/thin-edge.io/tests/PySys/local_mqtt/local_mqtt_pub_fail_noqos/pysystest.xml</descriptor>
			<output>/home/pi/actions-runner/_work/thin-edge.io/thin-edge.io/tests/PySys/local_mqtt/local_mqtt_pub_fail_noqos/Output/linux</output>
		</result>
		<result id="local_mqtt_pub_fail_qos0" outcome="PASSED">
			<outcomeReason>Assert that (value==1) with value=1</outcomeReason>
			<timestamp>2022-02-25 16:41:37</timestamp>
			<descriptor>/home/pi/actions-runner/_work/thin-edge.io/thin-edge.io/tests/PySys/local_mqtt/local_mqtt_pub_fail_qos0/pysystest.xml</descriptor>
			<output>/home/pi/actions-runner/_work/thin-edge.io/thin-edge.io/tests/PySys/local_mqtt/local_mqtt_pub_fail_qos0/Output/linux</output>
		</result>
		<result id="local_mqtt_pub_fail_qos1" outcome="PASSED">
			<outcomeReason>Assert that (value==1) with value=1</outcomeReason>
			<timestamp>2022-02-25 16:41:38</timestamp>
			<descriptor>/home/pi/actions-runner/_work/thin-edge.io/thin-edge.io/tests/PySys/local_mqtt/local_mqtt_pub_fail_qos1/pysystest.xml</descriptor>
			<output>/home/pi/actions-runner/_work/thin-edge.io/thin-edge.io/tests/PySys/local_mqtt/local_mqtt_pub_fail_qos1/Output/linux</output>
		</result>
		<result id="local_mqtt_pub_fail_qos2" outcome="PASSED">
			<outcomeReason>Assert that (value==1) with value=1</outcomeReason>
			<timestamp>2022-02-25 16:41:39</timestamp>
			<descriptor>/home/pi/actions-runner/_work/thin-edge.io/thin-edge.io/tests/PySys/local_mqtt/local_mqtt_pub_fail_qos2/pysystest.xml</descriptor>
			<output>/home/pi/actions-runner/_work/thin-edge.io/thin-edge.io/tests/PySys/local_mqtt/local_mqtt_pub_fail_qos2/Output/linux</output>
		</result>
		<result id="local_mqtt_pub_sub" outcome="PASSED">
			<outcomeReason>Grep on input file tedge_sub.out</outcomeReason>
			<timestamp>2022-02-25 16:41:40</timestamp>
			<descriptor>/home/pi/actions-runner/_work/thin-edge.io/thin-edge.io/tests/PySys/local_mqtt/local_mqtt_pub_sub/pysystest.xml</descriptor>
			<output>/home/pi/actions-runner/_work/thin-edge.io/thin-edge.io/tests/PySys/local_mqtt/local_mqtt_pub_sub/Output/linux</output>
		</result>
		<result id="local_mqtt_pub_sub_retain" outcome="PASSED">
			<outcomeReason>Grep on input file temp_sensor_sub.out</outcomeReason>
			<timestamp>2022-02-25 16:41:45</timestamp>
			<descriptor>/home/pi/actions-runner/_work/thin-edge.io/thin-edge.io/tests/PySys/local_mqtt/local_mqtt_pub_sub_retain/pysystest.xml</descriptor>
			<output>/home/pi/actions-runner/_work/thin-edge.io/thin-edge.io/tests/PySys/local_mqtt/local_mqtt_pub_sub_retain/Output/linux</output>
		</result>
		<result id="local_mqtt_pub_sub_with_sudo" outcome="PASSED">
			<outcomeReason>Grep on input file tedge_sub.out</outcomeReason>
			<timestamp>2022-02-25 16:41:47</timestamp>
			<descriptor>/home/pi/actions-runner/_work/thin-edge.io/thin-edge.io/tests/PySys/local_mqtt/local_mqtt_pub_sub_with_sudo/pysystest.xml</descriptor>
			<output>/home/pi/actions-runner/_work/thin-edge.io/thin-edge.io/tests/PySys/local_mqtt/local_mqtt_pub_sub_with_sudo/Output/linux</output>
		</result>
		<result id="local_mqtt_sub_fail" outcome="PASSED">
			<outcomeReason>Assert that (value==1) with value=1</outcomeReason>
			<timestamp>2022-02-25 16:41:47</timestamp>
			<descriptor>/home/pi/actions-runner/_work/thin-edge.io/thin-edge.io/tests/PySys/local_mqtt/local_mqtt_sub_fail/pysystest.xml</descriptor>
			<output>/home/pi/actions-runner/_work/thin-edge.io/thin-edge.io/tests/PySys/local_mqtt/local_mqtt_sub_fail/Output/linux</output>
		</result>
		<result id="log_request_error_messages" outcome="BLOCKED">
			<outcomeReason>Exception: retry</outcomeReason>
			<timestamp>2022-02-25 16:42:37</timestamp>
			<descriptor>/home/pi/actions-runner/_work/thin-edge.io/thin-edge.io/tests/PySys/log_request_end_to_end/log_request_error_messages/pysystest.xml</descriptor>
			<output>/home/pi/actions-runner/_work/thin-edge.io/thin-edge.io/tests/PySys/log_request_end_to_end/log_request_error_messages/Output/linux</output>
		</result>
		<result id="log_request_num_lines" outcome="BLOCKED">
			<outcomeReason>Exception: retry</outcomeReason>
			<timestamp>2022-02-25 16:43:24</timestamp>
			<descriptor>/home/pi/actions-runner/_work/thin-edge.io/thin-edge.io/tests/PySys/log_request_end_to_end/log_request_num_lines/pysystest.xml</descriptor>
			<output>/home/pi/actions-runner/_work/thin-edge.io/thin-edge.io/tests/PySys/log_request_end_to_end/log_request_num_lines/Output/linux</output>
		</result>
		<result id="custom_init_system" outcome="PASSED">
			<outcomeReason>Grep on input file tedge_connect.out</outcomeReason>
			<timestamp>2022-02-25 16:43:51</timestamp>
			<descriptor>/home/pi/actions-runner/_work/thin-edge.io/thin-edge.io/tests/PySys/misc_features/custom_init_system/pysystest.xml</descriptor>
			<output>/home/pi/actions-runner/_work/thin-edge.io/thin-edge.io/tests/PySys/misc_features/custom_init_system/Output/linux</output>
		</result>
		<result id="invalid_device_id" outcome="PASSED">
			<outcomeReason>Grep on input file cert_create.err</outcomeReason>
			<timestamp>2022-02-25 16:43:53</timestamp>
			<descriptor>/home/pi/actions-runner/_work/thin-edge.io/thin-edge.io/tests/PySys/misc_features/invalid_device_id/pysystest.xml</descriptor>
			<output>/home/pi/actions-runner/_work/thin-edge.io/thin-edge.io/tests/PySys/misc_features/invalid_device_id/Output/linux</output>
		</result>
		<result id="mqtt_port_change_connection_fails" outcome="PASSED">
			<outcomeReason>Grep on input file mqtt_pub.err</outcomeReason>
			<timestamp>2022-02-25 16:43:54</timestamp>
			<descriptor>/home/pi/actions-runner/_work/thin-edge.io/thin-edge.io/tests/PySys/misc_features/mqtt_port_change_connection_fails/pysystest.xml</descriptor>
			<output>/home/pi/actions-runner/_work/thin-edge.io/thin-edge.io/tests/PySys/misc_features/mqtt_port_change_connection_fails/Output/linux</output>
		</result>
		<result id="mqtt_port_change_connection_works" outcome="SKIPPED">
			<outcomeReason>failing intermitently</outcomeReason>
			<timestamp>2022-02-25 16:43:54</timestamp>
			<descriptor>/home/pi/actions-runner/_work/thin-edge.io/thin-edge.io/tests/PySys/misc_features/mqtt_port_change_connection_works/pysystest.xml</descriptor>
			<output>/home/pi/actions-runner/_work/thin-edge.io/thin-edge.io/tests/PySys/misc_features/mqtt_port_change_connection_works/Output/linux</output>
		</result>
		<result id="mqtt_port_set" outcome="PASSED">
			<outcomeReason>Grep on input file tedge_get.out</outcomeReason>
			<timestamp>2022-02-25 16:44:08</timestamp>
			<descriptor>/home/pi/actions-runner/_work/thin-edge.io/thin-edge.io/tests/PySys/misc_features/mqtt_port_set/pysystest.xml</descriptor>
			<output>/home/pi/actions-runner/_work/thin-edge.io/thin-edge.io/tests/PySys/misc_features/mqtt_port_set/Output/linux</output>
		</result>
		<result id="mqtt_port_unset" outcome="PASSED">
			<outcomeReason>Grep on input file tedge_get.out</outcomeReason>
			<timestamp>2022-02-25 16:44:09</timestamp>
			<descriptor>/home/pi/actions-runner/_work/thin-edge.io/thin-edge.io/tests/PySys/misc_features/mqtt_port_unset/pysystest.xml</descriptor>
			<output>/home/pi/actions-runner/_work/thin-edge.io/thin-edge.io/tests/PySys/misc_features/mqtt_port_unset/Output/linux</output>
		</result>
		<result id="valid_device_id" outcome="PASSED">
			<outcomeReason>Grep on input file tedge_connect_c8y.out</outcomeReason>
			<timestamp>2022-02-25 16:44:36</timestamp>
			<descriptor>/home/pi/actions-runner/_work/thin-edge.io/thin-edge.io/tests/PySys/misc_features/valid_device_id/pysystest.xml</descriptor>
			<output>/home/pi/actions-runner/_work/thin-edge.io/thin-edge.io/tests/PySys/misc_features/valid_device_id/Output/linux</output>
		</result>
		<result id="monitoring_smaller_interval" outcome="PASSED">
			<outcomeReason>Assert that (collectd_msg_validation_result == expected_result) with collectd_msg_validation_result=True, expected_result=True</outcomeReason>
			<timestamp>2022-02-25 16:44:44</timestamp>
			<descriptor>/home/pi/actions-runner/_work/thin-edge.io/thin-edge.io/tests/PySys/monitoring/monitoring_smaller_interval/pysystest.xml</descriptor>
			<output>/home/pi/actions-runner/_work/thin-edge.io/thin-edge.io/tests/PySys/monitoring/monitoring_smaller_interval/Output/linux</output>
		</result>
		<result id="monitoring_with_collectd" outcome="PASSED">
			<outcomeReason>Grep on input file tedge_sub.out</outcomeReason>
			<timestamp>2022-02-25 16:44:58</timestamp>
			<descriptor>/home/pi/actions-runner/_work/thin-edge.io/thin-edge.io/tests/PySys/monitoring/monitoring_with_collectd/pysystest.xml</descriptor>
			<output>/home/pi/actions-runner/_work/thin-edge.io/thin-edge.io/tests/PySys/monitoring/monitoring_with_collectd/Output/linux</output>
		</result>
		<result id="monitoring_with_simulated_messages" outcome="PASSED">
			<outcomeReason>Assert that (collectd_msg_validation_result == expected_result) with collectd_msg_validation_result=True, expected_result=True</outcomeReason>
			<timestamp>2022-02-25 16:45:00</timestamp>
			<descriptor>/home/pi/actions-runner/_work/thin-edge.io/thin-edge.io/tests/PySys/monitoring/monitoring_with_simulated_messages/pysystest.xml</descriptor>
			<output>/home/pi/actions-runner/_work/thin-edge.io/thin-edge.io/tests/PySys/monitoring/monitoring_with_simulated_messages/Output/linux</output>
		</result>
		<result id="SoftwareManagement.Plugin.apama_plugin_install" outcome="SKIPPED">
			<outcomeReason>Apama plugin tests are disabled by default. Execute `pysys run` with `-XmyPlatform=container` to run these tests</outcomeReason>
			<timestamp>2022-02-25 16:45:00</timestamp>
			<descriptor>/home/pi/actions-runner/_work/thin-edge.io/thin-edge.io/tests/PySys/plugin_apama/apama_plugin_install/pysystest.xml</descriptor>
			<output>/home/pi/actions-runner/_work/thin-edge.io/thin-edge.io/tests/PySys/plugin_apama/apama_plugin_install/Output/linux</output>
		</result>
		<result id="SoftwareManagement.Plugin.apama_plugin_mon_support" outcome="SKIPPED">
			<outcomeReason>Apama plugin tests are disabled by default. Execute `pysys run` with `-XmyPlatform=container` to run these tests</outcomeReason>
			<timestamp>2022-02-25 16:45:00</timestamp>
			<descriptor>/home/pi/actions-runner/_work/thin-edge.io/thin-edge.io/tests/PySys/plugin_apama/apama_plugin_mon_support/pysystest.xml</descriptor>
			<output>/home/pi/actions-runner/_work/thin-edge.io/thin-edge.io/tests/PySys/plugin_apama/apama_plugin_mon_support/Output/linux</output>
		</result>
		<result id="SoftwareManagement.Plugin.apama_plugin_remove" outcome="SKIPPED">
			<outcomeReason>Apama plugin tests are disabled by default. Execute `pysys run` with `-XmyPlatform=container` to run these tests</outcomeReason>
			<timestamp>2022-02-25 16:45:00</timestamp>
			<descriptor>/home/pi/actions-runner/_work/thin-edge.io/thin-edge.io/tests/PySys/plugin_apama/apama_plugin_remove/pysystest.xml</descriptor>
			<output>/home/pi/actions-runner/_work/thin-edge.io/thin-edge.io/tests/PySys/plugin_apama/apama_plugin_remove/Output/linux</output>
		</result>
		<result id="SoftwareManagement.Plugin.apama_plugin_update" outcome="SKIPPED">
			<outcomeReason>Apama plugin tests are disabled by default. Execute `pysys run` with `-XmyPlatform=container` to run these tests</outcomeReason>
			<timestamp>2022-02-25 16:45:00</timestamp>
			<descriptor>/home/pi/actions-runner/_work/thin-edge.io/thin-edge.io/tests/PySys/plugin_apama/apama_plugin_update/pysystest.xml</descriptor>
			<output>/home/pi/actions-runner/_work/thin-edge.io/thin-edge.io/tests/PySys/plugin_apama/apama_plugin_update/Output/linux</output>
		</result>
		<result id="apt_fail_noarg" outcome="SKIPPED">
			<outcomeReason>Testing the apt plugin is not supported on this platform.To run the tests call PySys with -XmyPlatform='container'</outcomeReason>
			<timestamp>2022-02-25 16:45:00</timestamp>
			<descriptor>/home/pi/actions-runner/_work/thin-edge.io/thin-edge.io/tests/PySys/plugin_apt/apt_fail_noarg/pysystest.xml</descriptor>
			<output>/home/pi/actions-runner/_work/thin-edge.io/thin-edge.io/tests/PySys/plugin_apt/apt_fail_noarg/Output/linux</output>
		</result>
		<result id="apt_finalize" outcome="SKIPPED">
			<outcomeReason>Testing the apt plugin is not supported on this platform.To run the tests call PySys with -XmyPlatform='container'</outcomeReason>
			<timestamp>2022-02-25 16:45:00</timestamp>
			<descriptor>/home/pi/actions-runner/_work/thin-edge.io/thin-edge.io/tests/PySys/plugin_apt/apt_finalize/pysystest.xml</descriptor>
			<output>/home/pi/actions-runner/_work/thin-edge.io/thin-edge.io/tests/PySys/plugin_apt/apt_finalize/Output/linux</output>
		</result>
		<result id="apt_install" outcome="SKIPPED">
			<outcomeReason>Testing the apt plugin is not supported on this platform.To run the tests call PySys with -XmyPlatform='container'</outcomeReason>
			<timestamp>2022-02-25 16:45:00</timestamp>
			<descriptor>/home/pi/actions-runner/_work/thin-edge.io/thin-edge.io/tests/PySys/plugin_apt/apt_install/pysystest.xml</descriptor>
			<output>/home/pi/actions-runner/_work/thin-edge.io/thin-edge.io/tests/PySys/plugin_apt/apt_install/Output/linux</output>
		</result>
		<result id="apt_install_fail" outcome="SKIPPED">
			<outcomeReason>Testing the apt plugin is not supported on this platform.To run the tests call PySys with -XmyPlatform='container'</outcomeReason>
			<timestamp>2022-02-25 16:45:01</timestamp>
			<descriptor>/home/pi/actions-runner/_work/thin-edge.io/thin-edge.io/tests/PySys/plugin_apt/apt_install_fail/pysystest.xml</descriptor>
			<output>/home/pi/actions-runner/_work/thin-edge.io/thin-edge.io/tests/PySys/plugin_apt/apt_install_fail/Output/linux</output>
		</result>
		<result id="apt_install_local_file" outcome="SKIPPED">
			<outcomeReason>Testing the apt plugin is not supported on this platform.To run the tests call PySys with -XmyPlatform='container'</outcomeReason>
			<timestamp>2022-02-25 16:45:01</timestamp>
			<descriptor>/home/pi/actions-runner/_work/thin-edge.io/thin-edge.io/tests/PySys/plugin_apt/apt_install_local_file/pysystest.xml</descriptor>
			<output>/home/pi/actions-runner/_work/thin-edge.io/thin-edge.io/tests/PySys/plugin_apt/apt_install_local_file/Output/linux</output>
		</result>
		<result id="apt_install_local_file_fail" outcome="SKIPPED">
			<outcomeReason>Testing the apt plugin is not supported on this platform.To run the tests call PySys with -XmyPlatform='container'</outcomeReason>
			<timestamp>2022-02-25 16:45:01</timestamp>
			<descriptor>/home/pi/actions-runner/_work/thin-edge.io/thin-edge.io/tests/PySys/plugin_apt/apt_install_local_file_fail/pysystest.xml</descriptor>
			<output>/home/pi/actions-runner/_work/thin-edge.io/thin-edge.io/tests/PySys/plugin_apt/apt_install_local_file_fail/Output/linux</output>
		</result>
		<result id="apt_install_local_file_with_version" outcome="SKIPPED">
			<outcomeReason>Testing the apt plugin is not supported on this platform.To run the tests call PySys with -XmyPlatform='container'</outcomeReason>
			<timestamp>2022-02-25 16:45:01</timestamp>
			<descriptor>/home/pi/actions-runner/_work/thin-edge.io/thin-edge.io/tests/PySys/plugin_apt/apt_install_local_file_with_version/pysystest.xml</descriptor>
			<output>/home/pi/actions-runner/_work/thin-edge.io/thin-edge.io/tests/PySys/plugin_apt/apt_install_local_file_with_version/Output/linux</output>
		</result>
		<result id="apt_install_local_file_with_version_fail" outcome="SKIPPED">
			<outcomeReason>Testing the apt plugin is not supported on this platform.To run the tests call PySys with -XmyPlatform='container'</outcomeReason>
			<timestamp>2022-02-25 16:45:01</timestamp>
			<descriptor>/home/pi/actions-runner/_work/thin-edge.io/thin-edge.io/tests/PySys/plugin_apt/apt_install_local_file_with_version_fail/pysystest.xml</descriptor>
			<output>/home/pi/actions-runner/_work/thin-edge.io/thin-edge.io/tests/PySys/plugin_apt/apt_install_local_file_with_version_fail/Output/linux</output>
		</result>
		<result id="apt_list_format" outcome="PASSED">
			<outcomeReason>Grep on input file apt_plugin.out</outcomeReason>
			<timestamp>2022-02-25 16:45:02</timestamp>
			<descriptor>/home/pi/actions-runner/_work/thin-edge.io/thin-edge.io/tests/PySys/plugin_apt/apt_list_format/pysystest.xml</descriptor>
			<output>/home/pi/actions-runner/_work/thin-edge.io/thin-edge.io/tests/PySys/plugin_apt/apt_list_format/Output/linux</output>
		</result>
		<result id="apt_prepare" outcome="SKIPPED">
			<outcomeReason>Testing the apt plugin is not supported on this platform.To run the tests call PySys with -XmyPlatform='container'</outcomeReason>
			<timestamp>2022-02-25 16:45:02</timestamp>
			<descriptor>/home/pi/actions-runner/_work/thin-edge.io/thin-edge.io/tests/PySys/plugin_apt/apt_prepare/pysystest.xml</descriptor>
			<output>/home/pi/actions-runner/_work/thin-edge.io/thin-edge.io/tests/PySys/plugin_apt/apt_prepare/Output/linux</output>
		</result>
		<result id="apt_prepare_install_finalize" outcome="SKIPPED">
			<outcomeReason>Testing the apt plugin is not supported on this platform.To run the tests call PySys with -XmyPlatform='container'</outcomeReason>
			<timestamp>2022-02-25 16:45:02</timestamp>
			<descriptor>/home/pi/actions-runner/_work/thin-edge.io/thin-edge.io/tests/PySys/plugin_apt/apt_prepare_install_finalize/pysystest.xml</descriptor>
			<output>/home/pi/actions-runner/_work/thin-edge.io/thin-edge.io/tests/PySys/plugin_apt/apt_prepare_install_finalize/Output/linux</output>
		</result>
		<result id="apt_remove" outcome="SKIPPED">
			<outcomeReason>Testing the apt plugin is not supported on this platform.To run the tests call PySys with -XmyPlatform='container'</outcomeReason>
			<timestamp>2022-02-25 16:45:03</timestamp>
			<descriptor>/home/pi/actions-runner/_work/thin-edge.io/thin-edge.io/tests/PySys/plugin_apt/apt_remove/pysystest.xml</descriptor>
			<output>/home/pi/actions-runner/_work/thin-edge.io/thin-edge.io/tests/PySys/plugin_apt/apt_remove/Output/linux</output>
		</result>
		<result id="apt_remove_fail" outcome="SKIPPED">
			<outcomeReason>Testing the apt plugin is not supported on this platform.To run the tests call PySys with -XmyPlatform='container'</outcomeReason>
			<timestamp>2022-02-25 16:45:03</timestamp>
			<descriptor>/home/pi/actions-runner/_work/thin-edge.io/thin-edge.io/tests/PySys/plugin_apt/apt_remove_fail/pysystest.xml</descriptor>
			<output>/home/pi/actions-runner/_work/thin-edge.io/thin-edge.io/tests/PySys/plugin_apt/apt_remove_fail/Output/linux</output>
		</result>
		<result id="apt_sequence_install_with_version" outcome="SKIPPED">
			<outcomeReason>Testing the apt plugin is not supported on this platform.To run the tests call PySys with -XmyPlatform='container'</outcomeReason>
			<timestamp>2022-02-25 16:45:03</timestamp>
			<descriptor>/home/pi/actions-runner/_work/thin-edge.io/thin-edge.io/tests/PySys/plugin_apt/apt_sequence_install_with_version/pysystest.xml</descriptor>
			<output>/home/pi/actions-runner/_work/thin-edge.io/thin-edge.io/tests/PySys/plugin_apt/apt_sequence_install_with_version/Output/linux</output>
		</result>
		<result id="apt_sequence_install_with_version_fail" outcome="SKIPPED">
			<outcomeReason>Testing the apt plugin is not supported on this platform.To run the tests call PySys with -XmyPlatform='container'</outcomeReason>
			<timestamp>2022-02-25 16:45:03</timestamp>
			<descriptor>/home/pi/actions-runner/_work/thin-edge.io/thin-edge.io/tests/PySys/plugin_apt/apt_sequence_install_with_version_fail/pysystest.xml</descriptor>
			<output>/home/pi/actions-runner/_work/thin-edge.io/thin-edge.io/tests/PySys/plugin_apt/apt_sequence_install_with_version_fail/Output/linux</output>
		</result>
		<result id="apt_sequence_remove" outcome="SKIPPED">
			<outcomeReason>Testing the apt plugin is not supported on this platform.To run the tests call PySys with -XmyPlatform='container'</outcomeReason>
			<timestamp>2022-02-25 16:45:03</timestamp>
			<descriptor>/home/pi/actions-runner/_work/thin-edge.io/thin-edge.io/tests/PySys/plugin_apt/apt_sequence_remove/pysystest.xml</descriptor>
			<output>/home/pi/actions-runner/_work/thin-edge.io/thin-edge.io/tests/PySys/plugin_apt/apt_sequence_remove/Output/linux</output>
		</result>
		<result id="apt_sequence_remove_with_version" outcome="SKIPPED">
			<outcomeReason>Testing the apt plugin is not supported on this platform.To run the tests call PySys with -XmyPlatform='container'</outcomeReason>
			<timestamp>2022-02-25 16:45:03</timestamp>
			<descriptor>/home/pi/actions-runner/_work/thin-edge.io/thin-edge.io/tests/PySys/plugin_apt/apt_sequence_remove_with_version/pysystest.xml</descriptor>
			<output>/home/pi/actions-runner/_work/thin-edge.io/thin-edge.io/tests/PySys/plugin_apt/apt_sequence_remove_with_version/Output/linux</output>
		</result>
		<result id="apt_sequence_remove_with_version_fail" outcome="SKIPPED">
			<outcomeReason>Testing the apt plugin is not supported on this platform.To run the tests call PySys with -XmyPlatform='container'</outcomeReason>
			<timestamp>2022-02-25 16:45:03</timestamp>
			<descriptor>/home/pi/actions-runner/_work/thin-edge.io/thin-edge.io/tests/PySys/plugin_apt/apt_sequence_remove_with_version_fail/pysystest.xml</descriptor>
			<output>/home/pi/actions-runner/_work/thin-edge.io/thin-edge.io/tests/PySys/plugin_apt/apt_sequence_remove_with_version_fail/Output/linux</output>
		</result>
		<result id="apt_update_list" outcome="SKIPPED">
			<outcomeReason>Testing the apt plugin is not supported on this platform.To run the tests call PySys with -XmyPlatform='container'</outcomeReason>
			<timestamp>2022-02-25 16:45:03</timestamp>
			<descriptor>/home/pi/actions-runner/_work/thin-edge.io/thin-edge.io/tests/PySys/plugin_apt/apt_update_list/pysystest.xml</descriptor>
			<output>/home/pi/actions-runner/_work/thin-edge.io/thin-edge.io/tests/PySys/plugin_apt/apt_update_list/Output/linux</output>
		</result>
		<result id="apt_wrong_option" outcome="SKIPPED">
			<outcomeReason>Testing the apt plugin is not supported on this platform.To run the tests call PySys with -XmyPlatform='container'</outcomeReason>
			<timestamp>2022-02-25 16:45:03</timestamp>
			<descriptor>/home/pi/actions-runner/_work/thin-edge.io/thin-edge.io/tests/PySys/plugin_apt/apt_wrong_option/pysystest.xml</descriptor>
			<output>/home/pi/actions-runner/_work/thin-edge.io/thin-edge.io/tests/PySys/plugin_apt/apt_wrong_option/Output/linux</output>
		</result>
		<result id="docker_plugin_finalize" outcome="SKIPPED">
			<outcomeReason>Testing the docker plugin is not supported on this platform.To run it, all the test with -XmyPlatform='container'</outcomeReason>
			<timestamp>2022-02-25 16:45:03</timestamp>
			<descriptor>/home/pi/actions-runner/_work/thin-edge.io/thin-edge.io/tests/PySys/plugin_docker/docker_plugin_finalize/pysystest.xml</descriptor>
			<output>/home/pi/actions-runner/_work/thin-edge.io/thin-edge.io/tests/PySys/plugin_docker/docker_plugin_finalize/Output/linux</output>
		</result>
		<result id="docker_plugin_install" outcome="SKIPPED">
			<outcomeReason>Testing the docker plugin is not supported on this platform.To run it, all the test with -XmyPlatform='container'</outcomeReason>
			<timestamp>2022-02-25 16:45:03</timestamp>
			<descriptor>/home/pi/actions-runner/_work/thin-edge.io/thin-edge.io/tests/PySys/plugin_docker/docker_plugin_install/pysystest.xml</descriptor>
			<output>/home/pi/actions-runner/_work/thin-edge.io/thin-edge.io/tests/PySys/plugin_docker/docker_plugin_install/Output/linux</output>
		</result>
		<result id="docker_plugin_install_with_version" outcome="SKIPPED">
			<outcomeReason>Testing the docker plugin is not supported on this platform.To run it, all the test with -XmyPlatform='container'</outcomeReason>
			<timestamp>2022-02-25 16:45:03</timestamp>
			<descriptor>/home/pi/actions-runner/_work/thin-edge.io/thin-edge.io/tests/PySys/plugin_docker/docker_plugin_install_with_version/pysystest.xml</descriptor>
			<output>/home/pi/actions-runner/_work/thin-edge.io/thin-edge.io/tests/PySys/plugin_docker/docker_plugin_install_with_version/Output/linux</output>
		</result>
		<result id="docker_plugin_remove" outcome="SKIPPED">
			<outcomeReason>Testing the docker plugin is not supported on this platform.To run it, all the test with -XmyPlatform='container'</outcomeReason>
			<timestamp>2022-02-25 16:45:03</timestamp>
			<descriptor>/home/pi/actions-runner/_work/thin-edge.io/thin-edge.io/tests/PySys/plugin_docker/docker_plugin_remove/pysystest.xml</descriptor>
			<output>/home/pi/actions-runner/_work/thin-edge.io/thin-edge.io/tests/PySys/plugin_docker/docker_plugin_remove/Output/linux</output>
		</result>
		<result id="docker_plugin_remove_with_version" outcome="SKIPPED">
			<outcomeReason>Testing the docker plugin is not supported on this platform.To run it, all the test with -XmyPlatform='container'</outcomeReason>
			<timestamp>2022-02-25 16:45:03</timestamp>
			<descriptor>/home/pi/actions-runner/_work/thin-edge.io/thin-edge.io/tests/PySys/plugin_docker/docker_plugin_remove_with_version/pysystest.xml</descriptor>
			<output>/home/pi/actions-runner/_work/thin-edge.io/thin-edge.io/tests/PySys/plugin_docker/docker_plugin_remove_with_version/Output/linux</output>
		</result>
		<result id="docker_plugin_update" outcome="SKIPPED">
			<outcomeReason>Testing the docker plugin is not supported on this platform.To run it, all the test with -XmyPlatform='container'</outcomeReason>
			<timestamp>2022-02-25 16:45:03</timestamp>
			<descriptor>/home/pi/actions-runner/_work/thin-edge.io/thin-edge.io/tests/PySys/plugin_docker/docker_plugin_update/pysystest.xml</descriptor>
			<output>/home/pi/actions-runner/_work/thin-edge.io/thin-edge.io/tests/PySys/plugin_docker/docker_plugin_update/Output/linux</output>
		</result>
		<result id="publish_flux" outcome="NOT VERIFIED">
			<outcomeReason></outcomeReason>
			<timestamp>2022-02-25 16:46:08</timestamp>
			<descriptor>/home/pi/actions-runner/_work/thin-edge.io/thin-edge.io/tests/PySys/smoketests/publish_flux/pysystest.xml</descriptor>
			<output>/home/pi/actions-runner/_work/thin-edge.io/thin-edge.io/tests/PySys/smoketests/publish_flux/Output/linux</output>
		</result>
		<result id="publish_sawmill" outcome="NOT VERIFIED">
			<outcomeReason></outcomeReason>
			<timestamp>2022-02-25 16:47:21</timestamp>
			<descriptor>/home/pi/actions-runner/_work/thin-edge.io/thin-edge.io/tests/PySys/smoketests/publish_sawmill/pysystest.xml</descriptor>
			<output>/home/pi/actions-runner/_work/thin-edge.io/thin-edge.io/tests/PySys/smoketests/publish_sawmill/Output/linux</output>
		</result>
		<result id="smoketest_json" outcome="PASSED">
			<outcomeReason>Grep on input file stdout.out</outcomeReason>
			<timestamp>2022-02-25 16:48:01</timestamp>
			<descriptor>/home/pi/actions-runner/_work/thin-edge.io/thin-edge.io/tests/PySys/smoketests/smoketest_json/pysystest.xml</descriptor>
			<output>/home/pi/actions-runner/_work/thin-edge.io/thin-edge.io/tests/PySys/smoketests/smoketest_json/Output/linux</output>
		</result>
		<result id="smoketest_json_400_samples_10ms" outcome="PASSED">
			<outcomeReason>Grep on input file stdout.out</outcomeReason>
			<timestamp>2022-02-25 16:48:53</timestamp>
			<descriptor>/home/pi/actions-runner/_work/thin-edge.io/thin-edge.io/tests/PySys/smoketests/smoketest_json_400_samples_10ms/pysystest.xml</descriptor>
			<output>/home/pi/actions-runner/_work/thin-edge.io/thin-edge.io/tests/PySys/smoketests/smoketest_json_400_samples_10ms/Output/linux</output>
		</result>
		<result id="smoketest_json_400_samples_20ms" outcome="PASSED">
			<outcomeReason>Grep on input file stdout.out</outcomeReason>
			<timestamp>2022-02-25 16:49:46</timestamp>
			<descriptor>/home/pi/actions-runner/_work/thin-edge.io/thin-edge.io/tests/PySys/smoketests/smoketest_json_400_samples_20ms/pysystest.xml</descriptor>
			<output>/home/pi/actions-runner/_work/thin-edge.io/thin-edge.io/tests/PySys/smoketests/smoketest_json_400_samples_20ms/Output/linux</output>
		</result>
		<result id="smoketest_smartrest" outcome="PASSED">
			<outcomeReason>Grep on input file stdout.out</outcomeReason>
			<timestamp>2022-02-25 16:50:27</timestamp>
			<descriptor>/home/pi/actions-runner/_work/thin-edge.io/thin-edge.io/tests/PySys/smoketests/smoketest_smartrest/pysystest.xml</descriptor>
			<output>/home/pi/actions-runner/_work/thin-edge.io/thin-edge.io/tests/PySys/smoketests/smoketest_smartrest/Output/linux</output>
		</result>
		<result id="smoketest_smartrest_400_samples_1Xms" outcome="PASSED">
			<outcomeReason>Grep on input file stdout.out</outcomeReason>
			<timestamp>2022-02-25 16:52:18</timestamp>
			<descriptor>/home/pi/actions-runner/_work/thin-edge.io/thin-edge.io/tests/PySys/smoketests/smoketest_smartrest_400_samples_1Xms/pysystest.xml</descriptor>
			<output>/home/pi/actions-runner/_work/thin-edge.io/thin-edge.io/tests/PySys/smoketests/smoketest_smartrest_400_samples_1Xms/Output/linux</output>
		</result>
		<result id="smoketest_smartrest_400_samples_20ms" outcome="PASSED">
			<outcomeReason>Grep on input file stdout.out</outcomeReason>
			<timestamp>2022-02-25 16:54:06</timestamp>
			<descriptor>/home/pi/actions-runner/_work/thin-edge.io/thin-edge.io/tests/PySys/smoketests/smoketest_smartrest_400_samples_20ms/pysystest.xml</descriptor>
			<output>/home/pi/actions-runner/_work/thin-edge.io/thin-edge.io/tests/PySys/smoketests/smoketest_smartrest_400_samples_20ms/Output/linux</output>
		</result>
		<result id="SoftwareManagement.sm_apt_install_download_path" outcome="SKIPPED">
			<outcomeReason>Testing the apt plugin is not supported on this platform.Use parameter -XmyPlatform='smcontainer' to enable it</outcomeReason>
			<timestamp>2022-02-25 16:54:06</timestamp>
			<descriptor>/home/pi/actions-runner/_work/thin-edge.io/thin-edge.io/tests/PySys/software_management_end_to_end/sm_apt_install_download_path/pysystest.xml</descriptor>
			<output>/home/pi/actions-runner/_work/thin-edge.io/thin-edge.io/tests/PySys/software_management_end_to_end/sm_apt_install_download_path/Output/linux</output>
		</result>
		<result id="SoftwareManagement.sm_apt_install_fail" outcome="SKIPPED">
			<outcomeReason>Testing the apt plugin is not supported on this platform.Use parameter -XmyPlatform='smcontainer' to enable it</outcomeReason>
			<timestamp>2022-02-25 16:54:06</timestamp>
			<descriptor>/home/pi/actions-runner/_work/thin-edge.io/thin-edge.io/tests/PySys/software_management_end_to_end/sm_apt_install_fail/pysystest.xml</descriptor>
			<output>/home/pi/actions-runner/_work/thin-edge.io/thin-edge.io/tests/PySys/software_management_end_to_end/sm_apt_install_fail/Output/linux</output>
		</result>
		<result id="SoftwareManagement.sm_apt_install_remove" outcome="SKIPPED">
			<outcomeReason>Testing the apt plugin is not supported on this platform.Use parameter -XmyPlatform='smcontainer' to enable it</outcomeReason>
			<timestamp>2022-02-25 16:54:06</timestamp>
			<descriptor>/home/pi/actions-runner/_work/thin-edge.io/thin-edge.io/tests/PySys/software_management_end_to_end/sm_apt_install_remove/pysystest.xml</descriptor>
			<output>/home/pi/actions-runner/_work/thin-edge.io/thin-edge.io/tests/PySys/software_management_end_to_end/sm_apt_install_remove/Output/linux</output>
		</result>
		<result id="SoftwareManagement.sm_apt_install_remove_default" outcome="SKIPPED">
			<outcomeReason>Testing the apt plugin is not supported on this platform.Use parameter -XmyPlatform='smcontainer' to enable it</outcomeReason>
			<timestamp>2022-02-25 16:54:07</timestamp>
			<descriptor>/home/pi/actions-runner/_work/thin-edge.io/thin-edge.io/tests/PySys/software_management_end_to_end/sm_apt_install_remove_default/pysystest.xml</descriptor>
			<output>/home/pi/actions-runner/_work/thin-edge.io/thin-edge.io/tests/PySys/software_management_end_to_end/sm_apt_install_remove_default/Output/linux</output>
		</result>
		<result id="SoftwareManagement.sm_apt_install_remove_multiple" outcome="SKIPPED">
			<outcomeReason>Testing the apt plugin is not supported on this platform.Use parameter -XmyPlatform='smcontainer' to enable it</outcomeReason>
			<timestamp>2022-02-25 16:54:07</timestamp>
			<descriptor>/home/pi/actions-runner/_work/thin-edge.io/thin-edge.io/tests/PySys/software_management_end_to_end/sm_apt_install_remove_multiple/pysystest.xml</descriptor>
			<output>/home/pi/actions-runner/_work/thin-edge.io/thin-edge.io/tests/PySys/software_management_end_to_end/sm_apt_install_remove_multiple/Output/linux</output>
		</result>
		<result id="SoftwareManagement.sm_apt_install_remove_multiple_mixed" outcome="SKIPPED">
			<outcomeReason>Testing the apt plugin is not supported on this platform.Use parameter -XmyPlatform='smcontainer' to enable it</outcomeReason>
			<timestamp>2022-02-25 16:54:07</timestamp>
			<descriptor>/home/pi/actions-runner/_work/thin-edge.io/thin-edge.io/tests/PySys/software_management_end_to_end/sm_apt_install_remove_multiple_mixed/pysystest.xml</descriptor>
			<output>/home/pi/actions-runner/_work/thin-edge.io/thin-edge.io/tests/PySys/software_management_end_to_end/sm_apt_install_remove_multiple_mixed/Output/linux</output>
		</result>
		<result id="SoftwareManagement.sm_apt_install_remove_with_version" outcome="SKIPPED">
			<outcomeReason>Testing the apt plugin is not supported on this platform.Use parameter -XmyPlatform='smcontainer' to enable it</outcomeReason>
			<timestamp>2022-02-25 16:54:07</timestamp>
			<descriptor>/home/pi/actions-runner/_work/thin-edge.io/thin-edge.io/tests/PySys/software_management_end_to_end/sm_apt_install_remove_with_version/pysystest.xml</descriptor>
			<output>/home/pi/actions-runner/_work/thin-edge.io/thin-edge.io/tests/PySys/software_management_end_to_end/sm_apt_install_remove_with_version/Output/linux</output>
		</result>
		<result id="SoftwareManagement.sm_docker_install_remove_multiple" outcome="SKIPPED">
			<outcomeReason>Testing the apt plugin is not supported on this platform.Use parameter -XmyPlatform='smcontainer' to enable it</outcomeReason>
			<timestamp>2022-02-25 16:54:07</timestamp>
			<descriptor>/home/pi/actions-runner/_work/thin-edge.io/thin-edge.io/tests/PySys/software_management_end_to_end/sm_docker_install_remove_multiple/pysystest.xml</descriptor>
			<output>/home/pi/actions-runner/_work/thin-edge.io/thin-edge.io/tests/PySys/software_management_end_to_end/sm_docker_install_remove_multiple/Output/linux</output>
		</result>
		<result id="SoftwareManagement.sm_fake_install_remove" outcome="SKIPPED">
			<outcomeReason>Testing the fake plugin is not enabled.Use parameter -Xfakeplugin=fakeplugin to enable it</outcomeReason>
			<timestamp>2022-02-25 16:54:07</timestamp>
			<descriptor>/home/pi/actions-runner/_work/thin-edge.io/thin-edge.io/tests/PySys/software_management_end_to_end/sm_fake_install_remove/pysystest.xml</descriptor>
			<output>/home/pi/actions-runner/_work/thin-edge.io/thin-edge.io/tests/PySys/software_management_end_to_end/sm_fake_install_remove/Output/linux</output>
		</result>
		<result id="SoftwareManagement.sm_fake_install_remove_multiple" outcome="SKIPPED">
			<outcomeReason>Testing the fake plugin is not enabled.Use parameter -Xfakeplugin=fakeplugin to enable it</outcomeReason>
			<timestamp>2022-02-25 16:54:07</timestamp>
			<descriptor>/home/pi/actions-runner/_work/thin-edge.io/thin-edge.io/tests/PySys/software_management_end_to_end/sm_fake_install_remove_multiple/pysystest.xml</descriptor>
			<output>/home/pi/actions-runner/_work/thin-edge.io/thin-edge.io/tests/PySys/software_management_end_to_end/sm_fake_install_remove_multiple/Output/linux</output>
		</result>
		<result id="SoftwareManagement.sm_mapper_fail_and_reconnect" outcome="BLOCKED">
			<outcomeReason>Failed to set up test: name 'BaseTest' is not defined</outcomeReason>
			<timestamp>2022-02-25 16:54:07</timestamp>
			<descriptor>/home/pi/actions-runner/_work/thin-edge.io/thin-edge.io/tests/PySys/software_management_end_to_end/sm_mapper_fail_and_reconnect/pysystest.xml</descriptor>
			<output>/home/pi/actions-runner/_work/thin-edge.io/thin-edge.io/tests/PySys/software_management_end_to_end/sm_mapper_fail_and_reconnect/Output/linux</output>
		</result>
		<result id="SoftwareManagement.sm_mixed_install_remove_multiple" outcome="SKIPPED">
			<outcomeReason>Testing the fake plugin is not enabled.Use parameter -Xfakeplugin=fakeplugin to enable it</outcomeReason>
			<timestamp>2022-02-25 16:54:07</timestamp>
			<descriptor>/home/pi/actions-runner/_work/thin-edge.io/thin-edge.io/tests/PySys/software_management_end_to_end/sm_mixed_install_remove_multiple/pysystest.xml</descriptor>
			<output>/home/pi/actions-runner/_work/thin-edge.io/thin-edge.io/tests/PySys/software_management_end_to_end/sm_mixed_install_remove_multiple/Output/linux</output>
		</result>
		<result id="call_tedge_-h" outcome="FAILED">
			<outcomeReason>Grep on tedge.out contains &quot;FLAGS:&quot;</outcomeReason>
			<timestamp>2022-02-25 16:54:07</timestamp>
			<descriptor>/home/pi/actions-runner/_work/thin-edge.io/thin-edge.io/tests/PySys/tedge/call_tedge_-h/pysystest.xml</descriptor>
			<output>/home/pi/actions-runner/_work/thin-edge.io/thin-edge.io/tests/PySys/tedge/call_tedge_-h/Output/linux</output>
		</result>
		<result id="call_tedge_-h_-V" outcome="SKIPPED">
			<outcomeReason>Disabled, see https://cumulocity.atlassian.net/browse/CIT-318</outcomeReason>
			<timestamp>2022-02-25 16:54:07</timestamp>
			<descriptor>/home/pi/actions-runner/_work/thin-edge.io/thin-edge.io/tests/PySys/tedge/call_tedge_-h_-V/pysystest.xml</descriptor>
			<output>/home/pi/actions-runner/_work/thin-edge.io/thin-edge.io/tests/PySys/tedge/call_tedge_-h_-V/Output/linux</output>
		</result>
		<result id="call_tedge_-V" outcome="PASSED">
			<outcomeReason>Grep on input file tedge.out</outcomeReason>
			<timestamp>2022-02-25 16:54:07</timestamp>
			<descriptor>/home/pi/actions-runner/_work/thin-edge.io/thin-edge.io/tests/PySys/tedge/call_tedge_-V/pysystest.xml</descriptor>
			<output>/home/pi/actions-runner/_work/thin-edge.io/thin-edge.io/tests/PySys/tedge/call_tedge_-V/Output/linux</output>
		</result>
		<result id="call_tedge_config_help" outcome="FAILED">
			<outcomeReason>Grep on tedge.out contains &quot;FLAGS:&quot;</outcomeReason>
			<timestamp>2022-02-25 16:54:08</timestamp>
			<descriptor>/home/pi/actions-runner/_work/thin-edge.io/thin-edge.io/tests/PySys/tedge/call_tedge_config_help/pysystest.xml</descriptor>
			<output>/home/pi/actions-runner/_work/thin-edge.io/thin-edge.io/tests/PySys/tedge/call_tedge_config_help/Output/linux</output>
		</result>
		<result id="call_tedge_config_list" outcome="PASSED">
			<outcomeReason>Assert that (expect == valueread) with expect=&quot;/etc/tedge/device-certs/tedge-private-key.pem&quot;, valueread=&quot;/etc/tedge/device-certs/tedge-private-key.pem&quot;</outcomeReason>
			<timestamp>2022-02-25 16:54:20</timestamp>
			<descriptor>/home/pi/actions-runner/_work/thin-edge.io/thin-edge.io/tests/PySys/tedge/call_tedge_config_list/pysystest.xml</descriptor>
			<output>/home/pi/actions-runner/_work/thin-edge.io/thin-edge.io/tests/PySys/tedge/call_tedge_config_list/Output/linux</output>
		</result>
		<result id="tedge_agent_user_sudo_access" outcome="BLOCKED">
			<outcomeReason>sudo&lt;apt&gt; returned exit code 2 (expected ==1)</outcomeReason>
			<timestamp>2022-02-25 16:54:20</timestamp>
			<descriptor>/home/pi/actions-runner/_work/thin-edge.io/thin-edge.io/tests/PySys/tedge/tedge_agent_user_sudo_access/pysystest.xml</descriptor>
			<output>/home/pi/actions-runner/_work/thin-edge.io/thin-edge.io/tests/PySys/tedge/tedge_agent_user_sudo_access/Output/linux</output>
		</result>
		<result id="tedge_software_update" outcome="BLOCKED">
			<outcomeReason>Failed to set up test: No module named 'environments'</outcomeReason>
			<timestamp>2022-02-25 16:54:20</timestamp>
			<descriptor>/home/pi/actions-runner/_work/thin-edge.io/thin-edge.io/tests/PySys/tedge/tedge_software_update/pysystest.xml</descriptor>
			<output>/home/pi/actions-runner/_work/thin-edge.io/thin-edge.io/tests/PySys/tedge/tedge_software_update/Output/linux</output>
		</result>
		<result id="agent_init_session" outcome="PASSED">
			<outcomeReason>Grep on input file sub_resp.out</outcomeReason>
			<timestamp>2022-02-25 16:54:24</timestamp>
			<descriptor>/home/pi/actions-runner/_work/thin-edge.io/thin-edge.io/tests/PySys/tedge_agent/agent_init_session/pysystest.xml</descriptor>
			<output>/home/pi/actions-runner/_work/thin-edge.io/thin-edge.io/tests/PySys/tedge_agent/agent_init_session/Output/linux</output>
		</result>
		<result id="c8y_restart_bridge" outcome="PASSED">
			<outcomeReason>Grep on input file tedge_connect_c8y.out</outcomeReason>
			<timestamp>2022-02-25 16:54:39</timestamp>
			<descriptor>/home/pi/actions-runner/_work/thin-edge.io/thin-edge.io/tests/PySys/tedge_connect/c8y_restart_bridge/pysystest.xml</descriptor>
			<output>/home/pi/actions-runner/_work/thin-edge.io/thin-edge.io/tests/PySys/tedge_connect/c8y_restart_bridge/Output/linux</output>
		</result>
		<result id="tedge_connect_test_negative" outcome="PASSED">
			<outcomeReason>Grep on input file tedge_connect_c8y_test.err</outcomeReason>
			<timestamp>2022-02-25 16:54:40</timestamp>
			<descriptor>/home/pi/actions-runner/_work/thin-edge.io/thin-edge.io/tests/PySys/tedge_connect/tedge_connect_test_negative/pysystest.xml</descriptor>
			<output>/home/pi/actions-runner/_work/thin-edge.io/thin-edge.io/tests/PySys/tedge_connect/tedge_connect_test_negative/Output/linux</output>
		</result>
		<result id="tedge_connect_test_positive" outcome="PASSED">
			<outcomeReason>Grep on input file tedge_connect_c8y_test.out</outcomeReason>
			<timestamp>2022-02-25 16:55:03</timestamp>
			<descriptor>/home/pi/actions-runner/_work/thin-edge.io/thin-edge.io/tests/PySys/tedge_connect/tedge_connect_test_positive/pysystest.xml</descriptor>
			<output>/home/pi/actions-runner/_work/thin-edge.io/thin-edge.io/tests/PySys/tedge_connect/tedge_connect_test_positive/Output/linux</output>
		</result>
		<result id="tedge_connect_test_sm_services" outcome="BLOCKED">
			<outcomeReason>Grep on tedge_connect.out contains &quot;tedge-mapper-c8y service successfully started and enabled!&quot; failed due to &lt;class 'pysys.exceptions.FileNotFoundException'&gt;: unable to find file &quot;/home/pi/actions-runner/_work/thin-edge.io/thin-edge.io/tests/PySys/tedge_connect/tedge_connect_test_sm_services/Output/linux/tedge_connect.out&quot;</outcomeReason>
			<timestamp>2022-02-25 16:55:26</timestamp>
			<descriptor>/home/pi/actions-runner/_work/thin-edge.io/thin-edge.io/tests/PySys/tedge_connect/tedge_connect_test_sm_services/pysystest.xml</descriptor>
			<output>/home/pi/actions-runner/_work/thin-edge.io/thin-edge.io/tests/PySys/tedge_connect/tedge_connect_test_sm_services/Output/linux</output>
		</result>
		<result id="tedge_disconnect_test_sm_services" outcome="PASSED">
			<outcomeReason>Grep on input file tedge_disconnect_c8y.out</outcomeReason>
			<timestamp>2022-02-25 16:55:58</timestamp>
			<descriptor>/home/pi/actions-runner/_work/thin-edge.io/thin-edge.io/tests/PySys/tedge_connect/tedge_disconnect_test_sm_services/pysystest.xml</descriptor>
			<output>/home/pi/actions-runner/_work/thin-edge.io/thin-edge.io/tests/PySys/tedge_connect/tedge_disconnect_test_sm_services/Output/linux</output>
		</result>
		<result id="tedge_mapper_az_negative" outcome="PASSED">
			<outcomeReason>Grep on input file tedge_sub.out</outcomeReason>
			<timestamp>2022-02-25 16:55:59</timestamp>
			<descriptor>/home/pi/actions-runner/_work/thin-edge.io/thin-edge.io/tests/PySys/tedge_mapper_az/tedge_mapper_az_negative/pysystest.xml</descriptor>
			<output>/home/pi/actions-runner/_work/thin-edge.io/thin-edge.io/tests/PySys/tedge_mapper_az/tedge_mapper_az_negative/Output/linux</output>
		</result>
		<result id="tedge_mapper_az_with_timestamp" outcome="PASSED">
			<outcomeReason>Assert that (actual == expected) with actual=12.0, expected=12</outcomeReason>
			<timestamp>2022-02-25 16:56:00</timestamp>
			<descriptor>/home/pi/actions-runner/_work/thin-edge.io/thin-edge.io/tests/PySys/tedge_mapper_az/tedge_mapper_az_with_timestamp/pysystest.xml</descriptor>
			<output>/home/pi/actions-runner/_work/thin-edge.io/thin-edge.io/tests/PySys/tedge_mapper_az/tedge_mapper_az_with_timestamp/Output/linux</output>
		</result>
		<result id="tedge_mapper_az_without_timestamp" outcome="PASSED">
			<outcomeReason>Assert that (actual == expected) with actual=12.0, expected=12</outcomeReason>
			<timestamp>2022-02-25 16:56:02</timestamp>
			<descriptor>/home/pi/actions-runner/_work/thin-edge.io/thin-edge.io/tests/PySys/tedge_mapper_az/tedge_mapper_az_without_timestamp/pysystest.xml</descriptor>
			<output>/home/pi/actions-runner/_work/thin-edge.io/thin-edge.io/tests/PySys/tedge_mapper_az/tedge_mapper_az_without_timestamp/Output/linux</output>
		</result>
		<result id="mapper_awaits_before_reconnect" outcome="FAILED">
			<outcomeReason>Line count on tedge_mapper_journal.out for &quot;tedge_mapper::mapper: MQTT connection error:&quot; expected &gt;=2 but got 0</outcomeReason>
			<timestamp>2022-02-25 16:56:08</timestamp>
			<descriptor>/home/pi/actions-runner/_work/thin-edge.io/thin-edge.io/tests/PySys/tedge_mapper_c8y/mapper_awaits_before_reconnect/pysystest.xml</descriptor>
			<output>/home/pi/actions-runner/_work/thin-edge.io/thin-edge.io/tests/PySys/tedge_mapper_c8y/mapper_awaits_before_reconnect/Output/linux</output>
		</result>
		<result id="runtime_start_two_mappers" outcome="PASSED">
			<outcomeReason>Grep on input file tedge_mapper2.err</outcomeReason>
			<timestamp>2022-02-25 16:56:09</timestamp>
			<descriptor>/home/pi/actions-runner/_work/thin-edge.io/thin-edge.io/tests/PySys/tedge_mapper_c8y/runtime_start_two_mappers/pysystest.xml</descriptor>
			<output>/home/pi/actions-runner/_work/thin-edge.io/thin-edge.io/tests/PySys/tedge_mapper_c8y/runtime_start_two_mappers/Output/linux</output>
		</result>
		<result id="sm_tedge_mapper_init_session" outcome="BLOCKED">
			<outcomeReason>sudo&lt;stop_tedge_mapper&gt; returned non-zero exit code 5</outcomeReason>
			<timestamp>2022-02-25 16:56:33</timestamp>
			<descriptor>/home/pi/actions-runner/_work/thin-edge.io/thin-edge.io/tests/PySys/tedge_mapper_c8y/sm_tedge_mapper_init_session/pysystest.xml</descriptor>
			<output>/home/pi/actions-runner/_work/thin-edge.io/thin-edge.io/tests/PySys/tedge_mapper_c8y/sm_tedge_mapper_init_session/Output/linux</output>
		</result>
		<result id="tedge_mapper_c8y_alarms" outcome="PASSED">
			<outcomeReason>Assert that (actual == expected) with actual=&quot;temperature_dangerous&quot;, expected=&quot;temperature_dangerous&quot;</outcomeReason>
			<timestamp>2022-02-25 16:56:50</timestamp>
			<descriptor>/home/pi/actions-runner/_work/thin-edge.io/thin-edge.io/tests/PySys/tedge_mapper_c8y/tedge_mapper_c8y_alarms/pysystest.xml</descriptor>
			<output>/home/pi/actions-runner/_work/thin-edge.io/thin-edge.io/tests/PySys/tedge_mapper_c8y/tedge_mapper_c8y_alarms/Output/linux</output>
		</result>
		<result id="tedge_mapper_c8y_child_device_measurement" outcome="PASSED">
			<outcomeReason>Assert that (actual == expected) with actual=None, expected=None</outcomeReason>
			<timestamp>2022-02-25 16:57:17</timestamp>
			<descriptor>/home/pi/actions-runner/_work/thin-edge.io/thin-edge.io/tests/PySys/tedge_mapper_c8y/tedge_mapper_c8y_child_device_measurement/pysystest.xml</descriptor>
			<output>/home/pi/actions-runner/_work/thin-edge.io/thin-edge.io/tests/PySys/tedge_mapper_c8y/tedge_mapper_c8y_child_device_measurement/Output/linux</output>
		</result>
		<result id="tedge_mapper_c8y_negative" outcome="FAILED">
			<outcomeReason>Grep on tedge_sub.out contains &quot;Invalid JSON&quot;</outcomeReason>
			<timestamp>2022-02-25 16:57:18</timestamp>
			<descriptor>/home/pi/actions-runner/_work/thin-edge.io/thin-edge.io/tests/PySys/tedge_mapper_c8y/tedge_mapper_c8y_negative/pysystest.xml</descriptor>
			<output>/home/pi/actions-runner/_work/thin-edge.io/thin-edge.io/tests/PySys/tedge_mapper_c8y/tedge_mapper_c8y_negative/Output/linux</output>
		</result>
		<result id="tedge_mapper_c8y_packet_threshold_size" outcome="FAILED">
			<outcomeReason>Grep on tedge_sub.out contains &quot;The input size 20489 is too big. The threshold is 16384.&quot;</outcomeReason>
			<timestamp>2022-02-25 16:57:19</timestamp>
			<descriptor>/home/pi/actions-runner/_work/thin-edge.io/thin-edge.io/tests/PySys/tedge_mapper_c8y/tedge_mapper_c8y_packet_threshold_size/pysystest.xml</descriptor>
			<output>/home/pi/actions-runner/_work/thin-edge.io/thin-edge.io/tests/PySys/tedge_mapper_c8y/tedge_mapper_c8y_packet_threshold_size/Output/linux</output>
		</result>
		<result id="tedge_mapper_c8y_positive" outcome="BLOCKED">
			<outcomeReason>JSONDecodeError: Expecting value: line 1 column 1 (char 0)</outcomeReason>
			<timestamp>2022-02-25 16:57:21</timestamp>
			<descriptor>/home/pi/actions-runner/_work/thin-edge.io/thin-edge.io/tests/PySys/tedge_mapper_c8y/tedge_mapper_c8y_positive/pysystest.xml</descriptor>
			<output>/home/pi/actions-runner/_work/thin-edge.io/thin-edge.io/tests/PySys/tedge_mapper_c8y/tedge_mapper_c8y_positive/Output/linux</output>
		</result>
	</results>
</pysyslog>
