2022-02-24 13:45:55,062 INFO  ==============================================================
2022-02-24 13:45:55,062 INFO  Id:    tedge_connect_test_sm_services
2022-02-24 13:45:55,063 INFO  Dir:   tedge_connect/
2022-02-24 13:45:55,064 INFO  Title: Validate Software Management Services started and enabled on tedge connect c8y
2022-02-24 13:45:55,064 DEBUG Execution order hint: 0.0
2022-02-24 13:45:55,064 INFO  ==============================================================
2022-02-24 13:45:55,068 DEBUG EnvironmentC8y Setup
2022-02-24 13:45:55,068 INFO  EnvironmentC8y Setup
2022-02-24 13:45:55,069 DEBUG Process parameters for systemctl<serv_mapper1>
  command line : /usr/bin/systemctl status tedge-mapper-c8y
    arg #1     : status
    arg #2     : tedge-mapper-c8y
  working dir  : /home/pi/actions-runner/_work/thin-edge.io/thin-edge.io/tests/PySys/tedge_connect/tedge_connect_test_sm_services/Output/linux
  stdout       : /home/pi/actions-runner/_work/thin-edge.io/thin-edge.io/tests/PySys/tedge_connect/tedge_connect_test_sm_services/Output/linux/serv_mapper1.out
  stderr       : /home/pi/actions-runner/_work/thin-edge.io/thin-edge.io/tests/PySys/tedge_connect/tedge_connect_test_sm_services/Output/linux/serv_mapper1.err
  environment  : LD_LIBRARY_PATH=/usr/lib
  environment  : PATH=/bin:/usr/bin:/usr/sbin:/usr/local/bin
                   #1  /bin
                   #2  /usr/bin
                   #3  /usr/sbin
                   #4  /usr/local/bin
2022-02-24 13:45:55,075 DEBUG Waiting up to 600 secs for process systemctl<serv_mapper1> (pid 26024)
2022-02-24 13:45:55,379 INFO  Executed systemctl<serv_mapper1>, exit status 3
2022-02-24 13:45:55,462 INFO  Restarting mosquitto too frequently in the last 10 seconds. It was only up for 3 seconds
2022-02-24 13:45:55,463 INFO  Delaying execution by 8 seconds
2022-02-24 13:46:03,477 DEBUG Process parameters for sudo<tedge_connect_c8y>
  command line : /usr/bin/sudo /usr/bin/tedge connect c8y
    arg #1     : /usr/bin/tedge
    arg #2     : connect
    arg #3     : c8y
  working dir  : /home/pi/actions-runner/_work/thin-edge.io/thin-edge.io/tests/PySys/tedge_connect/tedge_connect_test_sm_services/Output/linux
  stdout       : /home/pi/actions-runner/_work/thin-edge.io/thin-edge.io/tests/PySys/tedge_connect/tedge_connect_test_sm_services/Output/linux/tedge_connect_c8y.out
  stderr       : /home/pi/actions-runner/_work/thin-edge.io/thin-edge.io/tests/PySys/tedge_connect/tedge_connect_test_sm_services/Output/linux/tedge_connect_c8y.err
  environment  : LD_LIBRARY_PATH=/usr/lib
  environment  : PATH=/bin:/usr/bin:/usr/sbin:/usr/local/bin
                   #1  /bin
                   #2  /usr/bin
                   #3  /usr/sbin
                   #4  /usr/local/bin
2022-02-24 13:46:03,487 DEBUG Waiting up to 600 secs for process sudo<tedge_connect_c8y> (pid 26031)
2022-02-24 13:46:13,795 INFO  Executed sudo<tedge_connect_c8y>, exit status 0
2022-02-24 13:46:13,798 DEBUG Process parameters for sudo<tedge_connect_c8y_test>
  command line : /usr/bin/sudo /usr/bin/tedge connect c8y --test
    arg #1     : /usr/bin/tedge
    arg #2     : connect
    arg #3     : c8y
    arg #4     : --test
  working dir  : /home/pi/actions-runner/_work/thin-edge.io/thin-edge.io/tests/PySys/tedge_connect/tedge_connect_test_sm_services/Output/linux
  stdout       : /home/pi/actions-runner/_work/thin-edge.io/thin-edge.io/tests/PySys/tedge_connect/tedge_connect_test_sm_services/Output/linux/tedge_connect_c8y_test.out
  stderr       : /home/pi/actions-runner/_work/thin-edge.io/thin-edge.io/tests/PySys/tedge_connect/tedge_connect_test_sm_services/Output/linux/tedge_connect_c8y_test.err
  environment  : LD_LIBRARY_PATH=/usr/lib
  environment  : PATH=/bin:/usr/bin:/usr/sbin:/usr/local/bin
                   #1  /bin
                   #2  /usr/bin
                   #3  /usr/sbin
                   #4  /usr/local/bin
2022-02-24 13:46:13,805 DEBUG Waiting up to 600 secs for process sudo<tedge_connect_c8y_test> (pid 26142)
2022-02-24 13:46:14,211 INFO  Executed sudo<tedge_connect_c8y_test>, exit status 0
2022-02-24 13:46:14,212 DEBUG Process parameters for systemctl<serv_mosq2>
  command line : /usr/bin/systemctl status mosquitto
    arg #1     : status
    arg #2     : mosquitto
  working dir  : /home/pi/actions-runner/_work/thin-edge.io/thin-edge.io/tests/PySys/tedge_connect/tedge_connect_test_sm_services/Output/linux
  stdout       : /home/pi/actions-runner/_work/thin-edge.io/thin-edge.io/tests/PySys/tedge_connect/tedge_connect_test_sm_services/Output/linux/serv_mosq2.out
  stderr       : /home/pi/actions-runner/_work/thin-edge.io/thin-edge.io/tests/PySys/tedge_connect/tedge_connect_test_sm_services/Output/linux/serv_mosq2.err
  environment  : LD_LIBRARY_PATH=/usr/lib
  environment  : PATH=/bin:/usr/bin:/usr/sbin:/usr/local/bin
                   #1  /bin
                   #2  /usr/bin
                   #3  /usr/sbin
                   #4  /usr/local/bin
2022-02-24 13:46:14,217 DEBUG Waiting up to 600 secs for process systemctl<serv_mosq2> (pid 26150)
2022-02-24 13:46:14,471 INFO  Executed systemctl<serv_mosq2>, exit status 0
2022-02-24 13:46:14,473 DEBUG Process parameters for systemctl<serv_mapper3>
  command line : /usr/bin/systemctl status tedge-mapper-c8y
    arg #1     : status
    arg #2     : tedge-mapper-c8y
  working dir  : /home/pi/actions-runner/_work/thin-edge.io/thin-edge.io/tests/PySys/tedge_connect/tedge_connect_test_sm_services/Output/linux
  stdout       : /home/pi/actions-runner/_work/thin-edge.io/thin-edge.io/tests/PySys/tedge_connect/tedge_connect_test_sm_services/Output/linux/serv_mapper3.out
  stderr       : /home/pi/actions-runner/_work/thin-edge.io/thin-edge.io/tests/PySys/tedge_connect/tedge_connect_test_sm_services/Output/linux/serv_mapper3.err
  environment  : LD_LIBRARY_PATH=/usr/lib
  environment  : PATH=/bin:/usr/bin:/usr/sbin:/usr/local/bin
                   #1  /bin
                   #2  /usr/bin
                   #3  /usr/sbin
                   #4  /usr/local/bin
2022-02-24 13:46:14,478 DEBUG Waiting up to 600 secs for process systemctl<serv_mapper3> (pid 26151)
2022-02-24 13:46:14,732 INFO  Executed systemctl<serv_mapper3>, exit status 0
2022-02-24 13:46:14,733 DEBUG --- test execute
2022-02-24 13:46:14,733 DEBUG EnvironmentC8y Execute
2022-02-24 13:46:14,734 DEBUG --- test validate
2022-02-24 13:46:14,734 DEBUG EnvironmentC8y Validate
2022-02-24 13:46:14,735 DEBUG Process parameters for systemctl<serv_mosq>
  command line : /usr/bin/systemctl status mosquitto
    arg #1     : status
    arg #2     : mosquitto
  working dir  : /home/pi/actions-runner/_work/thin-edge.io/thin-edge.io/tests/PySys/tedge_connect/tedge_connect_test_sm_services/Output/linux
  stdout       : /home/pi/actions-runner/_work/thin-edge.io/thin-edge.io/tests/PySys/tedge_connect/tedge_connect_test_sm_services/Output/linux/serv_mosq.out
  stderr       : /home/pi/actions-runner/_work/thin-edge.io/thin-edge.io/tests/PySys/tedge_connect/tedge_connect_test_sm_services/Output/linux/serv_mosq.err
  environment  : LD_LIBRARY_PATH=/usr/lib
  environment  : PATH=/bin:/usr/bin:/usr/sbin:/usr/local/bin
                   #1  /bin
                   #2  /usr/bin
                   #3  /usr/sbin
                   #4  /usr/local/bin
2022-02-24 13:46:14,740 DEBUG Waiting up to 600 secs for process systemctl<serv_mosq> (pid 26152)
2022-02-24 13:46:14,995 INFO  Executed systemctl<serv_mosq>, exit status 0
2022-02-24 13:46:14,996 DEBUG Process parameters for systemctl<serv_mapper4>
  command line : /usr/bin/systemctl status tedge-mapper-c8y
    arg #1     : status
    arg #2     : tedge-mapper-c8y
  working dir  : /home/pi/actions-runner/_work/thin-edge.io/thin-edge.io/tests/PySys/tedge_connect/tedge_connect_test_sm_services/Output/linux
  stdout       : /home/pi/actions-runner/_work/thin-edge.io/thin-edge.io/tests/PySys/tedge_connect/tedge_connect_test_sm_services/Output/linux/serv_mapper4.out
  stderr       : /home/pi/actions-runner/_work/thin-edge.io/thin-edge.io/tests/PySys/tedge_connect/tedge_connect_test_sm_services/Output/linux/serv_mapper4.err
  environment  : LD_LIBRARY_PATH=/usr/lib
  environment  : PATH=/bin:/usr/bin:/usr/sbin:/usr/local/bin
                   #1  /bin
                   #2  /usr/bin
                   #3  /usr/sbin
                   #4  /usr/local/bin
2022-02-24 13:46:15,001 DEBUG Waiting up to 600 secs for process systemctl<serv_mapper4> (pid 26153)
2022-02-24 13:46:15,255 INFO  Executed systemctl<serv_mapper4>, exit status 0
2022-02-24 13:46:15,257 INFO  Validate
2022-02-24 13:46:15,257 DEBUG Performing regex contains=True grep on file: /home/pi/actions-runner/_work/thin-edge.io/thin-edge.io/tests/PySys/tedge_connect/tedge_connect_test_sm_services/Output/linux/tedge_connect_c8y.out
2022-02-24 13:46:15,264 DEBUG Grep on input file tedge_connect_c8y.out successfully matched expression "tedge-agent service successfully started and enabled!" with line: 'tedge-agent service successfully started and enabled!\n'
2022-02-24 13:46:15,266 INFO  Grep on input file tedge_connect_c8y.out ... passed
2022-02-24 13:46:15,266 DEBUG Performing regex contains=True grep on file: /home/pi/actions-runner/_work/thin-edge.io/thin-edge.io/tests/PySys/tedge_connect/tedge_connect_test_sm_services/Output/linux/tedge_connect.out
2022-02-24 13:46:15,271 WARN  caught <class 'pysys.exceptions.FileNotFoundException'>: unable to find file "/home/pi/actions-runner/_work/thin-edge.io/thin-edge.io/tests/PySys/tedge_connect/tedge_connect_test_sm_services/Output/linux/tedge_connect.out"
Traceback (most recent call last):
  File "/home/pi/env-pysys/lib/python3.7/site-packages/pysys/basetest.py", line 1203, in assertGrep
    result = getmatches(f, expr, ignores=ignores, returnFirstOnly=(contains==True), encoding=encoding or self.getDefaultFileEncoding(f), flags=reFlags, mappers=mappers)
  File "/home/pi/env-pysys/lib/python3.7/site-packages/pysys/utils/filegrep.py", line 59, in getmatches
    raise FileNotFoundException("unable to find file \"%s\"" % (file))
pysys.exceptions.FileNotFoundException: unable to find file "/home/pi/actions-runner/_work/thin-edge.io/thin-edge.io/tests/PySys/tedge_connect/tedge_connect_test_sm_services/Output/linux/tedge_connect.out"
2022-02-24 13:46:15,297 WARN  Grep on tedge_connect.out contains "tedge-mapper-c8y service successfully started and enabled!" failed due to <class 'pysys.exceptions.FileNotFoundException'>: unable to find file "/home/pi/actions-runner/_work/thin-edge.io/thin-edge.io/tests/PySys/tedge_connect/tedge_connect_test_sm_services/Output/linux/tedge_connect.out" ... blocked [run.py:37]
2022-02-24 13:46:15,301 DEBUG --- test cleanup
2022-02-24 13:46:15,302 INFO  
2022-02-24 13:46:15,303 INFO  cleanup:
2022-02-24 13:46:15,303 DEBUG Running registered cleanup function: <bound method EnvironmentC8y.myenvcleanup of <TedgeConnectTestSMServices object at 0x75d812f0>>
2022-02-24 13:46:15,303 DEBUG EnvironmentC8y Cleanup
2022-02-24 13:46:15,378 DEBUG Process parameters for sudo<tedge_disconnect_c8y>
  command line : /usr/bin/sudo /usr/bin/tedge disconnect c8y
    arg #1     : /usr/bin/tedge
    arg #2     : disconnect
    arg #3     : c8y
  working dir  : /home/pi/actions-runner/_work/thin-edge.io/thin-edge.io/tests/PySys/tedge_connect/tedge_connect_test_sm_services/Output/linux
  stdout       : /home/pi/actions-runner/_work/thin-edge.io/thin-edge.io/tests/PySys/tedge_connect/tedge_connect_test_sm_services/Output/linux/tedge_disconnect_c8y.out
  stderr       : /home/pi/actions-runner/_work/thin-edge.io/thin-edge.io/tests/PySys/tedge_connect/tedge_connect_test_sm_services/Output/linux/tedge_disconnect_c8y.err
  environment  : LD_LIBRARY_PATH=/usr/lib
  environment  : PATH=/bin:/usr/bin:/usr/sbin:/usr/local/bin
                   #1  /bin
                   #2  /usr/bin
                   #3  /usr/sbin
                   #4  /usr/local/bin
2022-02-24 13:46:15,384 DEBUG Waiting up to 600 secs for process sudo<tedge_disconnect_c8y> (pid 26157)
2022-02-24 13:46:17,509 INFO  Executed sudo<tedge_disconnect_c8y>, exit status 0
2022-02-24 13:46:17,511 DEBUG Process parameters for systemctl<serv_mapper5>
  command line : /usr/bin/systemctl status tedge-mapper-c8y
    arg #1     : status
    arg #2     : tedge-mapper-c8y
  working dir  : /home/pi/actions-runner/_work/thin-edge.io/thin-edge.io/tests/PySys/tedge_connect/tedge_connect_test_sm_services/Output/linux
  stdout       : /home/pi/actions-runner/_work/thin-edge.io/thin-edge.io/tests/PySys/tedge_connect/tedge_connect_test_sm_services/Output/linux/serv_mapper5.out
  stderr       : /home/pi/actions-runner/_work/thin-edge.io/thin-edge.io/tests/PySys/tedge_connect/tedge_connect_test_sm_services/Output/linux/serv_mapper5.err
  environment  : LD_LIBRARY_PATH=/usr/lib
  environment  : PATH=/bin:/usr/bin:/usr/sbin:/usr/local/bin
                   #1  /bin
                   #2  /usr/bin
                   #3  /usr/sbin
                   #4  /usr/local/bin
2022-02-24 13:46:17,517 DEBUG Waiting up to 600 secs for process systemctl<serv_mapper5> (pid 26199)
2022-02-24 13:46:17,871 INFO  Executed systemctl<serv_mapper5>, exit status 3
2022-02-24 13:46:17,873 DEBUG ProcessUser cleanup function done.
2022-02-24 13:46:17,875 INFO  
2022-02-24 13:46:17,876 INFO  Test duration: 22.82 secs
2022-02-24 13:46:17,877 INFO  Test final outcome:  BLOCKED
2022-02-24 13:46:17,878 INFO  Test outcome reason: Grep on tedge_connect.out contains "tedge-mapper-c8y service successfully started and enabled!" failed due to <class 'pysys.exceptions.FileNotFoundException'>: unable to find file "/home/pi/actions-runner/_work/thin-edge.io/thin-edge.io/tests/PySys/tedge_connect/tedge_connect_test_sm_services/Output/linux/tedge_connect.out"
2022-02-24 13:46:17,879 INFO  
