2022-03-02 09:12:59,425 INFO  ==============================================================
2022-03-02 09:12:59,425 INFO  Id:    SoftwareManagement.sm_apt_install_remove_multiple
2022-03-02 09:12:59,426 INFO  Dir:   software_management_end_to_end/
2022-03-02 09:12:59,427 INFO  Title: Validate end to end behaviour for the apt plugin for multiple packages
2022-03-02 09:12:59,427 DEBUG Execution order hint: 0.0
2022-03-02 09:12:59,427 INFO  ==============================================================
2022-03-02 09:12:59,432 INFO  Using sw id database: {'asciijump': '5475369', 'robotfindskitten': '5474869', 'squirrel3': '5475279', 'rolldice': '5152439', 'moon-buggy': '5439204', 'apple': '5495053', 'banana': '5494888', 'cherry': '5495382', 'watermelon': '5494510', 'registry': '8018911', 'hello-world': '8021526', 'docker/getting-started': '8021973', 'alpine': '7991792'}
2022-03-02 09:12:59,433 DEBUG EnvironmentC8y Setup
2022-03-02 09:12:59,433 INFO  EnvironmentC8y Setup
2022-03-02 09:12:59,434 DEBUG Process parameters for systemctl<serv_mapper1>
  command line : /usr/bin/systemctl status tedge-mapper-c8y
    arg #1     : status
    arg #2     : tedge-mapper-c8y
  working dir  : /home/pi/actions-runner/_work/thin-edge.io/thin-edge.io/tests/PySys/software_management_end_to_end/sm_apt_install_remove_multiple/Output/linux
  stdout       : /home/pi/actions-runner/_work/thin-edge.io/thin-edge.io/tests/PySys/software_management_end_to_end/sm_apt_install_remove_multiple/Output/linux/serv_mapper1.out
  stderr       : /home/pi/actions-runner/_work/thin-edge.io/thin-edge.io/tests/PySys/software_management_end_to_end/sm_apt_install_remove_multiple/Output/linux/serv_mapper1.err
  environment  : LD_LIBRARY_PATH=/usr/lib
  environment  : PATH=/bin:/usr/bin:/usr/sbin:/usr/local/bin
                   #1  /bin
                   #2  /usr/bin
                   #3  /usr/sbin
                   #4  /usr/local/bin
2022-03-02 09:12:59,439 DEBUG Waiting up to 600 secs for process systemctl<serv_mapper1> (pid 15182)
2022-03-02 09:12:59,744 INFO  Executed systemctl<serv_mapper1>, exit status 3
2022-03-02 09:12:59,830 INFO  Restarting mosquitto too frequently in the last 10 seconds. It was only up for 2 seconds
2022-03-02 09:12:59,831 INFO  Delaying execution by 9 seconds
2022-03-02 09:13:08,844 DEBUG Process parameters for sudo<tedge_connect_c8y>
  command line : /usr/bin/sudo /usr/bin/tedge connect c8y
    arg #1     : /usr/bin/tedge
    arg #2     : connect
    arg #3     : c8y
  working dir  : /home/pi/actions-runner/_work/thin-edge.io/thin-edge.io/tests/PySys/software_management_end_to_end/sm_apt_install_remove_multiple/Output/linux
  stdout       : /home/pi/actions-runner/_work/thin-edge.io/thin-edge.io/tests/PySys/software_management_end_to_end/sm_apt_install_remove_multiple/Output/linux/tedge_connect_c8y.out
  stderr       : /home/pi/actions-runner/_work/thin-edge.io/thin-edge.io/tests/PySys/software_management_end_to_end/sm_apt_install_remove_multiple/Output/linux/tedge_connect_c8y.err
  environment  : LD_LIBRARY_PATH=/usr/lib
  environment  : PATH=/bin:/usr/bin:/usr/sbin:/usr/local/bin
                   #1  /bin
                   #2  /usr/bin
                   #3  /usr/sbin
                   #4  /usr/local/bin
2022-03-02 09:13:08,853 DEBUG Waiting up to 600 secs for process sudo<tedge_connect_c8y> (pid 15191)
2022-03-02 09:13:19,191 INFO  Executed sudo<tedge_connect_c8y>, exit status 0
2022-03-02 09:13:19,196 DEBUG Process parameters for sudo<tedge_connect_c8y_test>
  command line : /usr/bin/sudo /usr/bin/tedge connect c8y --test
    arg #1     : /usr/bin/tedge
    arg #2     : connect
    arg #3     : c8y
    arg #4     : --test
  working dir  : /home/pi/actions-runner/_work/thin-edge.io/thin-edge.io/tests/PySys/software_management_end_to_end/sm_apt_install_remove_multiple/Output/linux
  stdout       : /home/pi/actions-runner/_work/thin-edge.io/thin-edge.io/tests/PySys/software_management_end_to_end/sm_apt_install_remove_multiple/Output/linux/tedge_connect_c8y_test.out
  stderr       : /home/pi/actions-runner/_work/thin-edge.io/thin-edge.io/tests/PySys/software_management_end_to_end/sm_apt_install_remove_multiple/Output/linux/tedge_connect_c8y_test.err
  environment  : LD_LIBRARY_PATH=/usr/lib
  environment  : PATH=/bin:/usr/bin:/usr/sbin:/usr/local/bin
                   #1  /bin
                   #2  /usr/bin
                   #3  /usr/sbin
                   #4  /usr/local/bin
2022-03-02 09:13:19,203 DEBUG Waiting up to 600 secs for process sudo<tedge_connect_c8y_test> (pid 15301)
2022-03-02 09:13:19,559 INFO  Executed sudo<tedge_connect_c8y_test>, exit status 0
2022-03-02 09:13:19,561 DEBUG Process parameters for systemctl<serv_mosq2>
  command line : /usr/bin/systemctl status mosquitto
    arg #1     : status
    arg #2     : mosquitto
  working dir  : /home/pi/actions-runner/_work/thin-edge.io/thin-edge.io/tests/PySys/software_management_end_to_end/sm_apt_install_remove_multiple/Output/linux
  stdout       : /home/pi/actions-runner/_work/thin-edge.io/thin-edge.io/tests/PySys/software_management_end_to_end/sm_apt_install_remove_multiple/Output/linux/serv_mosq2.out
  stderr       : /home/pi/actions-runner/_work/thin-edge.io/thin-edge.io/tests/PySys/software_management_end_to_end/sm_apt_install_remove_multiple/Output/linux/serv_mosq2.err
  environment  : LD_LIBRARY_PATH=/usr/lib
  environment  : PATH=/bin:/usr/bin:/usr/sbin:/usr/local/bin
                   #1  /bin
                   #2  /usr/bin
                   #3  /usr/sbin
                   #4  /usr/local/bin
2022-03-02 09:13:19,567 DEBUG Waiting up to 600 secs for process systemctl<serv_mosq2> (pid 15316)
2022-03-02 09:13:19,873 INFO  Executed systemctl<serv_mosq2>, exit status 0
2022-03-02 09:13:19,874 DEBUG Process parameters for systemctl<serv_mapper3>
  command line : /usr/bin/systemctl status tedge-mapper-c8y
    arg #1     : status
    arg #2     : tedge-mapper-c8y
  working dir  : /home/pi/actions-runner/_work/thin-edge.io/thin-edge.io/tests/PySys/software_management_end_to_end/sm_apt_install_remove_multiple/Output/linux
  stdout       : /home/pi/actions-runner/_work/thin-edge.io/thin-edge.io/tests/PySys/software_management_end_to_end/sm_apt_install_remove_multiple/Output/linux/serv_mapper3.out
  stderr       : /home/pi/actions-runner/_work/thin-edge.io/thin-edge.io/tests/PySys/software_management_end_to_end/sm_apt_install_remove_multiple/Output/linux/serv_mapper3.err
  environment  : LD_LIBRARY_PATH=/usr/lib
  environment  : PATH=/bin:/usr/bin:/usr/sbin:/usr/local/bin
                   #1  /bin
                   #2  /usr/bin
                   #3  /usr/sbin
                   #4  /usr/local/bin
2022-03-02 09:13:19,879 DEBUG Waiting up to 600 secs for process systemctl<serv_mapper3> (pid 15322)
2022-03-02 09:13:20,133 INFO  Executed systemctl<serv_mapper3>, exit status 0
2022-03-02 09:13:22,366 DEBUG Final URL of the request: https://thin-edge-io.eu-latest.cumulocity.com/devicecontrol/operations?deviceId=14879813&pageSize=1&revert=true&dateFrom=1970-01-01T00%3A00%3A00.000Z
2022-03-02 09:13:22,369 INFO  State of current operation: FAILED
2022-03-02 09:13:22,370 DEBUG Final URL of the request: https://thin-edge-io.eu-latest.cumulocity.com/devicecontrol/operations?deviceId=14879813&pageSize=1&revert=true&dateFrom=1970-01-01T00%3A00%3A00.000Z
2022-03-02 09:13:22,372 DEBUG State of current operation: {
    "delivery": {
        "time": "2022-03-02T09:11:42.090Z",
        "log": [
            {
                "time": "2022-03-02T09:11:42.047Z",
                "status": "PENDING"
            },
            {
                "time": "2022-03-02T09:11:42.056Z",
                "status": "SEND"
            }
        ],
        "status": "DELIVERED"
    },
    "creationTime": "2022-03-02T09:11:42.028Z",
    "deviceId": "14879813",
    "deviceName": "offsiteb",
    "failureReason": "1 error, see device log file /var/log/tedge/agent/software-update-2022-03-02T09:11:43.867549994Z.log",
    "self": "https://t493319102.eu-latest.cumulocity.com/devicecontrol/operations/14902678",
    "id": "14902678",
    "status": "FAILED",
    "description": "Apply software changes, triggered from PySys: [{'name': 'does_not_exist', 'id': '5446165', 'version': '::apt', 'url': '', 'action': 'install'}]",
    "c8y_SoftwareUpdate": [
        {
            "name": "does_not_exist",
            "action": "install",
            "id": "5446165",
            "version": "::apt",
            "url": ""
        }
    ]
}
2022-03-02 09:13:22,524 WARN  caught <class 'TypeError'> while running test: 'NoneType' object is not iterable
Traceback (most recent call last):
  File "/home/pi/env-pysys/lib/python3.7/site-packages/pysys/baserunner.py", line 1207, in __call__
    self.testObj.setup()
  File "/home/pi/actions-runner/_work/thin-edge.io/thin-edge.io/tests/PySys/software_management_end_to_end/sm_apt_install_remove_multiple/run.py", line 55, in setup
    self.assertThat("False == value", value=self.check_is_installed("rolldice"))
  File "/home/pi/actions-runner/_work/thin-edge.io/thin-edge.io/tests/PySys/software_management_end_to_end/environment_sm_management.py", line 395, in check_is_installed
    for package in package_list:
TypeError: 'NoneType' object is not iterable
2022-03-02 09:13:22,542 WARN  TypeError: 'NoneType' object is not iterable ... blocked 
2022-03-02 09:13:22,543 DEBUG --- test cleanup
2022-03-02 09:13:22,544 INFO  
2022-03-02 09:13:22,544 INFO  cleanup:
2022-03-02 09:13:22,544 DEBUG Running registered cleanup function: <bound method SoftwareManagement.mysmcleanup of <PySysTest object at 0x75cacc30>>
2022-03-02 09:13:22,545 DEBUG Running registered cleanup function: <bound method EnvironmentC8y.myenvcleanup of <PySysTest object at 0x75cacc30>>
2022-03-02 09:13:22,545 DEBUG EnvironmentC8y Cleanup
2022-03-02 09:13:22,641 DEBUG Process parameters for sudo<tedge_disconnect_c8y>
  command line : /usr/bin/sudo /usr/bin/tedge disconnect c8y
    arg #1     : /usr/bin/tedge
    arg #2     : disconnect
    arg #3     : c8y
  working dir  : /home/pi/actions-runner/_work/thin-edge.io/thin-edge.io/tests/PySys/software_management_end_to_end/sm_apt_install_remove_multiple/Output/linux
  stdout       : /home/pi/actions-runner/_work/thin-edge.io/thin-edge.io/tests/PySys/software_management_end_to_end/sm_apt_install_remove_multiple/Output/linux/tedge_disconnect_c8y.out
  stderr       : /home/pi/actions-runner/_work/thin-edge.io/thin-edge.io/tests/PySys/software_management_end_to_end/sm_apt_install_remove_multiple/Output/linux/tedge_disconnect_c8y.err
  environment  : LD_LIBRARY_PATH=/usr/lib
  environment  : PATH=/bin:/usr/bin:/usr/sbin:/usr/local/bin
                   #1  /bin
                   #2  /usr/bin
                   #3  /usr/sbin
                   #4  /usr/local/bin
2022-03-02 09:13:22,647 DEBUG Waiting up to 600 secs for process sudo<tedge_disconnect_c8y> (pid 15327)
2022-03-02 09:13:24,912 INFO  Executed sudo<tedge_disconnect_c8y>, exit status 0
2022-03-02 09:13:24,914 DEBUG Process parameters for systemctl<serv_mapper5>
  command line : /usr/bin/systemctl status tedge-mapper-c8y
    arg #1     : status
    arg #2     : tedge-mapper-c8y
  working dir  : /home/pi/actions-runner/_work/thin-edge.io/thin-edge.io/tests/PySys/software_management_end_to_end/sm_apt_install_remove_multiple/Output/linux
  stdout       : /home/pi/actions-runner/_work/thin-edge.io/thin-edge.io/tests/PySys/software_management_end_to_end/sm_apt_install_remove_multiple/Output/linux/serv_mapper5.out
  stderr       : /home/pi/actions-runner/_work/thin-edge.io/thin-edge.io/tests/PySys/software_management_end_to_end/sm_apt_install_remove_multiple/Output/linux/serv_mapper5.err
  environment  : LD_LIBRARY_PATH=/usr/lib
  environment  : PATH=/bin:/usr/bin:/usr/sbin:/usr/local/bin
                   #1  /bin
                   #2  /usr/bin
                   #3  /usr/sbin
                   #4  /usr/local/bin
2022-03-02 09:13:24,920 DEBUG Waiting up to 600 secs for process systemctl<serv_mapper5> (pid 15367)
2022-03-02 09:13:25,275 INFO  Executed systemctl<serv_mapper5>, exit status 3
2022-03-02 09:13:25,276 DEBUG ProcessUser cleanup function done.
2022-03-02 09:13:25,279 INFO  
2022-03-02 09:13:25,279 INFO  Test duration: 25.86 secs
2022-03-02 09:13:25,280 INFO  Test final outcome:  BLOCKED
2022-03-02 09:13:25,281 INFO  Test outcome reason: TypeError: 'NoneType' object is not iterable
2022-03-02 09:13:25,282 INFO  
