<?xml version="1.0" encoding="utf-8"?>
<testsuite failures="1" name="log_request_num_lines" skipped="0" tests="1" time="31.89" timestamp="2022-04-13T07:43:42">
	<testcase classname="LogRequestVerifyNumberOfLines" name="log_request_num_lines">
		<failure message="FAILED: Assert that (True == value) with value=False" type="FAILED"/>
		<system-out>07:43:11 INFO  ==============================================================
07:43:11 INFO  Id:    log_request_num_lines
07:43:11 INFO  Dir:   log_request_end_to_end/
07:43:11 INFO  Title: Validate end to end behaviour for the log request operation check for number of lines
07:43:11 INFO  ==============================================================
07:43:11 INFO  EnvironmentC8y Setup
07:43:11 INFO  Executed systemctl&lt;serv_mapper1&gt;, exit status 3
07:43:11 INFO  Restarting mosquitto too frequently in the last 10 seconds. It was only up for 5 seconds
07:43:11 INFO  Delaying execution by 6 seconds
07:43:32 INFO  Executed sudo&lt;tedge_connect_c8y&gt;, exit status 0, duration 14 secs
07:43:32 INFO  Executed sudo&lt;tedge_connect_c8y_test&gt;, exit status 0
07:43:33 INFO  Executed systemctl&lt;serv_mosq2&gt;, exit status 0
07:43:33 INFO  Executed systemctl&lt;serv_mapper3&gt;, exit status 0
07:43:34 INFO  Executed sudo&lt;rm_logs&gt;, exit status 0
07:43:34 INFO  Executed sudo&lt;move_logs&gt;, exit status 0
07:43:35 INFO  log response None
07:43:35 WARN  retry, retrying in 1 seconds...
07:43:36 INFO  log response https://thin-edge-io.eu-latest.cumulocity.com/event/events/17264147/binaries
07:43:36 INFO  nlines 0
07:43:36 WARN  Assert that (True == value) with value=False ... failed [run.py:44]
07:43:36 INFO  
07:43:36 INFO  cleanup:
07:43:37 INFO  Executed sudo&lt;rm_logs&gt;, exit status 0
07:43:37 INFO  Executed sudo&lt;rm_tmp_logs&gt;, exit status 0
07:43:38 INFO  Executed sudo&lt;send_failed&gt;, exit status 0
07:43:42 INFO  Executed sudo&lt;tedge_disconnect_c8y&gt;, exit status 0
07:43:42 INFO  Executed systemctl&lt;serv_mapper5&gt;, exit status 3
07:43:42 INFO  
07:43:42 INFO  Test duration: 31.89 secs
07:43:42 INFO  Test final outcome:  FAILED
07:43:42 INFO  Test outcome reason: Assert that (True == value) with value=False
07:43:42 INFO  
</system-out>
	</testcase>
</testsuite>
