<?xml version="1.0" encoding="utf-8"?>
<testsuite failures="1" name="c8y_jwt_token_retrieval" skipped="0" tests="1" time="23.18" timestamp="2022-04-12T08:33:47">
	<testcase classname="ValidateJWTTokenRetrieval" name="c8y_jwt_token_retrieval">
		<failure message="FAILED: Grep on resp_jwt.out contains &quot;\[c8y/s/dat\] 71,&quot;" type="FAILED"/>
		<system-out>08:33:24 INFO  ==============================================================
08:33:24 INFO  Id:    c8y_jwt_token_retrieval
08:33:24 INFO  Dir:   cloud_c8y/
08:33:24 INFO  Title: Validate the Cumulocity JWT Token Retrieval feature
08:33:24 INFO  ==============================================================
08:33:25 INFO  Executed sudo&lt;tedge_disconnect_c8y&gt;, exit status 0
08:33:39 INFO  Executed sudo&lt;tedge_connect_c8y&gt;, exit status 0, duration 14 secs
08:33:39 INFO  Started sudo&lt;resp_jwt&gt; with process id 22553
08:33:41 INFO  Executed sudo&lt;req_jwt&gt;, exit status 0
08:33:42 INFO  Executed sudo&lt;kill_out&gt;, exit status 0
08:33:43 WARN  Grep on resp_jwt.out contains &quot;\[c8y/s/dat\] 71,&quot; ... failed [run.py:60]
08:33:43 INFO  
08:33:43 INFO  cleanup:
08:33:47 INFO  Executed sudo&lt;tedge_disconnect_c8y&gt;, exit status 0
08:33:47 INFO  
08:33:47 INFO  Test duration: 23.18 secs
08:33:47 INFO  Test final outcome:  FAILED
08:33:47 INFO  Test outcome reason: Grep on resp_jwt.out contains &quot;\[c8y/s/dat\] 71,&quot;
08:33:47 INFO  
</system-out>
	</testcase>
</testsuite>
