<?xml version="1.0" encoding="utf-8"?>
<testsuite failures="1" name="tedge_mapper_c8y_alarms" skipped="0" tests="1" time="30.99" timestamp="2022-04-12T16:20:38">
	<testcase classname="TedgeMapperC8yAlarm" name="tedge_mapper_c8y_alarms">
		<failure message="BLOCKED: IndexError: list index out of range" type="BLOCKED"/>
		<system-out>16:20:07 INFO  ==============================================================
16:20:07 INFO  Id:    tedge_mapper_c8y_alarms
16:20:07 INFO  Dir:   tedge_mapper_c8y/
16:20:07 INFO  Title: Validate that alarms sent to tedge/alarms topic \ gets mapped as alarms in Cumulocity
16:20:07 INFO  ==============================================================
16:20:07 INFO  EnvironmentC8y Setup
16:20:07 INFO  Executed systemctl&lt;serv_mapper1&gt;, exit status 3
16:20:22 INFO  Executed sudo&lt;tedge_connect_c8y&gt;, exit status 0, duration 14 secs
16:20:23 INFO  Executed sudo&lt;tedge_connect_c8y_test&gt;, exit status 0
16:20:23 INFO  Executed systemctl&lt;serv_mosq2&gt;, exit status 0
16:20:24 INFO  Executed systemctl&lt;serv_mapper3&gt;, exit status 0
16:20:29 INFO  Executed tedge, exit status 0
16:20:29 INFO  Executed tedge, exit status 0
16:20:30 INFO  Executed tedge, exit status 0
16:20:30 INFO  Executed tedge, exit status 0
16:20:31 INFO  Executed tedge, exit status 0
16:20:32 WARN  IndexError occurred while running test - list index out of range
Traceback (most recent call last):
  File &quot;/home/pi/env-pysys/lib/python3.7/site-packages/pysys/baserunner.py&quot;, line 1296, in __call__
    self.testObj.validate()
  File &quot;/home/pi/actions-runner/_work/thin-edge.io/thin-edge.io/tests/PySys/tedge_mapper_c8y/tedge_mapper_c8y_alarms/run.py&quot;, line 100, in validate
    alarms[0],
IndexError: list index out of range
16:20:32 WARN  IndexError: list index out of range ... blocked 
16:20:32 INFO  
16:20:32 INFO  cleanup:
16:20:32 INFO  Executed tedge, exit status 0
16:20:33 INFO  Executed tedge, exit status 0
16:20:33 INFO  Executed tedge, exit status 0
16:20:37 INFO  Executed sudo&lt;tedge_disconnect_c8y&gt;, exit status 0
16:20:38 INFO  Executed systemctl&lt;serv_mapper5&gt;, exit status 3
16:20:38 INFO  
16:20:38 INFO  Test duration: 30.99 secs
16:20:38 INFO  Test final outcome:  BLOCKED
16:20:38 INFO  Test outcome reason: IndexError: list index out of range
16:20:38 INFO  
</system-out>
	</testcase>
</testsuite>
