2022-04-11 10:38:10,730 INFO  ==============================================================
2022-04-11 10:38:10,730 INFO  Id:    docker_plugin_install_with_version
2022-04-11 10:38:10,732 INFO  Dir:   plugin_docker/
2022-04-11 10:38:10,732 INFO  Title: Validate docker plugin install
2022-04-11 10:38:10,733 DEBUG Execution order hint: 0.0
2022-04-11 10:38:10,734 INFO  ==============================================================
2022-04-11 10:38:10,740 DEBUG Process parameters for sudo<docker_images>
  command line : /usr/bin/sudo docker images
    arg #1     : docker
    arg #2     : images
  working dir  : /home/pi/actions-runner/_work/thin-edge.io/thin-edge.io/tests/PySys/plugin_docker/docker_plugin_install_with_version/Output/linux
  stdout       : /home/pi/actions-runner/_work/thin-edge.io/thin-edge.io/tests/PySys/plugin_docker/docker_plugin_install_with_version/Output/linux/docker_images.out
  stderr       : /home/pi/actions-runner/_work/thin-edge.io/thin-edge.io/tests/PySys/plugin_docker/docker_plugin_install_with_version/Output/linux/docker_images.err
  environment  : LD_LIBRARY_PATH=/usr/lib
  environment  : PATH=/bin:/usr/bin:/usr/sbin:/usr/local/bin
                   #1  /bin
                   #2  /usr/bin
                   #3  /usr/sbin
                   #4  /usr/local/bin
2022-04-11 10:38:10,746 DEBUG Waiting up to 600 secs for process sudo<docker_images> (pid 22569)
2022-04-11 10:38:11,605 INFO  Executed sudo<docker_images>, exit status 0
2022-04-11 10:38:11,606 DEBUG Performing regex contains=False grep on file: /home/pi/actions-runner/_work/thin-edge.io/thin-edge.io/tests/PySys/plugin_docker/docker_plugin_install_with_version/Output/linux/docker_images.out
2022-04-11 10:38:11,658 WARN  Grep on /home/pi/actions-runner/_work/thin-edge.io/thin-edge.io/tests/PySys/plugin_docker/docker_plugin_install_with_version/Output/linux/docker_images.out does not contain "registry" failed with 2 matches, first is: "registry            2.7.1               e8a56425636e        4 months ago        22.2MB" ... failed 
2022-04-11 10:38:11,659 WARN  Aborted test due to FAILED outcome
2022-04-11 10:38:11,674 DEBUG --- test cleanup
2022-04-11 10:38:11,675 INFO  
2022-04-11 10:38:11,676 INFO  cleanup:
2022-04-11 10:38:11,676 DEBUG Running registered cleanup function: <bound method DockerPlugin.cleanup_containers of <DockerPluginInstallWithVersionTest object at 0x760b4b10>>
2022-04-11 10:38:11,677 DEBUG Running registered cleanup function: <bound method DockerPlugin.cleanup_images of <DockerPluginInstallWithVersionTest object at 0x760b4b10>>
2022-04-11 10:38:11,678 DEBUG ProcessUser cleanup function done.
2022-04-11 10:38:11,681 INFO  
2022-04-11 10:38:11,681 INFO  Test duration: 0.96 secs
2022-04-11 10:38:11,682 INFO  Test final outcome:  FAILED
2022-04-11 10:38:11,683 INFO  Test outcome reason: Grep on /home/pi/actions-runner/_work/thin-edge.io/thin-edge.io/tests/PySys/plugin_docker/docker_plugin_install_with_version/Output/linux/docker_images.out does not contain "registry" failed with 2 matches, first is: "registry            2.7.1               e8a56425636e        4 months ago        22.2MB"
2022-04-11 10:38:11,684 INFO  
