2022-02-24 13:46:19,948 INFO  ==============================================================
2022-02-24 13:46:19,949 INFO  Id:    tedge_connect_test_sm_services
2022-02-24 13:46:19,949 INFO  Dir:   tedge_connect/
2022-02-24 13:46:19,950 INFO  Title: Validate Software Management Services started and enabled on tedge connect c8y
2022-02-24 13:46:19,950 DEBUG Execution order hint: 0.0
2022-02-24 13:46:19,951 INFO  ==============================================================
2022-02-24 13:46:19,954 DEBUG EnvironmentC8y Setup
2022-02-24 13:46:19,955 INFO  EnvironmentC8y Setup
2022-02-24 13:46:19,956 DEBUG Process parameters for systemctl<serv_mapper1>
  command line : /usr/bin/systemctl status tedge-mapper-c8y
    arg #1     : status
    arg #2     : tedge-mapper-c8y
  working dir  : /home/pi/actions-runner/_work/thin-edge.io/thin-edge.io/tests/PySys/tedge_connect/tedge_connect_test_sm_services/Output/linux
  stdout       : /home/pi/actions-runner/_work/thin-edge.io/thin-edge.io/tests/PySys/tedge_connect/tedge_connect_test_sm_services/Output/linux/serv_mapper1.out
  stderr       : /home/pi/actions-runner/_work/thin-edge.io/thin-edge.io/tests/PySys/tedge_connect/tedge_connect_test_sm_services/Output/linux/serv_mapper1.err
  environment  : LD_LIBRARY_PATH=/usr/lib
  environment  : PATH=/bin:/usr/bin:/usr/sbin:/usr/local/bin
                   #1  /bin
                   #2  /usr/bin
                   #3  /usr/sbin
                   #4  /usr/local/bin
2022-02-24 13:46:19,962 DEBUG Waiting up to 600 secs for process systemctl<serv_mapper1> (pid 28298)
2022-02-24 13:46:20,267 INFO  Executed systemctl<serv_mapper1>, exit status 3
2022-02-24 13:46:20,349 INFO  Restarting mosquitto too frequently in the last 10 seconds. It was only up for 3 seconds
2022-02-24 13:46:20,350 INFO  Delaying execution by 8 seconds
2022-02-24 13:46:28,366 DEBUG Process parameters for sudo<tedge_connect_c8y>
  command line : /usr/bin/sudo /usr/bin/tedge connect c8y
    arg #1     : /usr/bin/tedge
    arg #2     : connect
    arg #3     : c8y
  working dir  : /home/pi/actions-runner/_work/thin-edge.io/thin-edge.io/tests/PySys/tedge_connect/tedge_connect_test_sm_services/Output/linux
  stdout       : /home/pi/actions-runner/_work/thin-edge.io/thin-edge.io/tests/PySys/tedge_connect/tedge_connect_test_sm_services/Output/linux/tedge_connect_c8y.out
  stderr       : /home/pi/actions-runner/_work/thin-edge.io/thin-edge.io/tests/PySys/tedge_connect/tedge_connect_test_sm_services/Output/linux/tedge_connect_c8y.err
  environment  : LD_LIBRARY_PATH=/usr/lib
  environment  : PATH=/bin:/usr/bin:/usr/sbin:/usr/local/bin
                   #1  /bin
                   #2  /usr/bin
                   #3  /usr/sbin
                   #4  /usr/local/bin
2022-02-24 13:46:28,375 DEBUG Waiting up to 600 secs for process sudo<tedge_connect_c8y> (pid 28304)
2022-02-24 13:46:38,560 INFO  Executed sudo<tedge_connect_c8y>, exit status 0
2022-02-24 13:46:38,562 DEBUG Process parameters for sudo<tedge_connect_c8y_test>
  command line : /usr/bin/sudo /usr/bin/tedge connect c8y --test
    arg #1     : /usr/bin/tedge
    arg #2     : connect
    arg #3     : c8y
    arg #4     : --test
  working dir  : /home/pi/actions-runner/_work/thin-edge.io/thin-edge.io/tests/PySys/tedge_connect/tedge_connect_test_sm_services/Output/linux
  stdout       : /home/pi/actions-runner/_work/thin-edge.io/thin-edge.io/tests/PySys/tedge_connect/tedge_connect_test_sm_services/Output/linux/tedge_connect_c8y_test.out
  stderr       : /home/pi/actions-runner/_work/thin-edge.io/thin-edge.io/tests/PySys/tedge_connect/tedge_connect_test_sm_services/Output/linux/tedge_connect_c8y_test.err
  environment  : LD_LIBRARY_PATH=/usr/lib
  environment  : PATH=/bin:/usr/bin:/usr/sbin:/usr/local/bin
                   #1  /bin
                   #2  /usr/bin
                   #3  /usr/sbin
                   #4  /usr/local/bin
2022-02-24 13:46:38,568 DEBUG Waiting up to 600 secs for process sudo<tedge_connect_c8y_test> (pid 28416)
2022-02-24 13:46:38,939 INFO  Executed sudo<tedge_connect_c8y_test>, exit status 0
2022-02-24 13:46:38,941 DEBUG Process parameters for systemctl<serv_mosq2>
  command line : /usr/bin/systemctl status mosquitto
    arg #1     : status
    arg #2     : mosquitto
  working dir  : /home/pi/actions-runner/_work/thin-edge.io/thin-edge.io/tests/PySys/tedge_connect/tedge_connect_test_sm_services/Output/linux
  stdout       : /home/pi/actions-runner/_work/thin-edge.io/thin-edge.io/tests/PySys/tedge_connect/tedge_connect_test_sm_services/Output/linux/serv_mosq2.out
  stderr       : /home/pi/actions-runner/_work/thin-edge.io/thin-edge.io/tests/PySys/tedge_connect/tedge_connect_test_sm_services/Output/linux/serv_mosq2.err
  environment  : LD_LIBRARY_PATH=/usr/lib
  environment  : PATH=/bin:/usr/bin:/usr/sbin:/usr/local/bin
                   #1  /bin
                   #2  /usr/bin
                   #3  /usr/sbin
                   #4  /usr/local/bin
2022-02-24 13:46:38,947 DEBUG Waiting up to 600 secs for process systemctl<serv_mosq2> (pid 28424)
2022-02-24 13:46:39,214 INFO  Executed systemctl<serv_mosq2>, exit status 0
2022-02-24 13:46:39,215 DEBUG Process parameters for systemctl<serv_mapper3>
  command line : /usr/bin/systemctl status tedge-mapper-c8y
    arg #1     : status
    arg #2     : tedge-mapper-c8y
  working dir  : /home/pi/actions-runner/_work/thin-edge.io/thin-edge.io/tests/PySys/tedge_connect/tedge_connect_test_sm_services/Output/linux
  stdout       : /home/pi/actions-runner/_work/thin-edge.io/thin-edge.io/tests/PySys/tedge_connect/tedge_connect_test_sm_services/Output/linux/serv_mapper3.out
  stderr       : /home/pi/actions-runner/_work/thin-edge.io/thin-edge.io/tests/PySys/tedge_connect/tedge_connect_test_sm_services/Output/linux/serv_mapper3.err
  environment  : LD_LIBRARY_PATH=/usr/lib
  environment  : PATH=/bin:/usr/bin:/usr/sbin:/usr/local/bin
                   #1  /bin
                   #2  /usr/bin
                   #3  /usr/sbin
                   #4  /usr/local/bin
2022-02-24 13:46:39,220 DEBUG Waiting up to 600 secs for process systemctl<serv_mapper3> (pid 28425)
2022-02-24 13:46:39,475 INFO  Executed systemctl<serv_mapper3>, exit status 0
2022-02-24 13:46:39,476 DEBUG --- test execute
2022-02-24 13:46:39,476 DEBUG EnvironmentC8y Execute
2022-02-24 13:46:39,477 DEBUG --- test validate
2022-02-24 13:46:39,477 DEBUG EnvironmentC8y Validate
2022-02-24 13:46:39,478 DEBUG Process parameters for systemctl<serv_mosq>
  command line : /usr/bin/systemctl status mosquitto
    arg #1     : status
    arg #2     : mosquitto
  working dir  : /home/pi/actions-runner/_work/thin-edge.io/thin-edge.io/tests/PySys/tedge_connect/tedge_connect_test_sm_services/Output/linux
  stdout       : /home/pi/actions-runner/_work/thin-edge.io/thin-edge.io/tests/PySys/tedge_connect/tedge_connect_test_sm_services/Output/linux/serv_mosq.out
  stderr       : /home/pi/actions-runner/_work/thin-edge.io/thin-edge.io/tests/PySys/tedge_connect/tedge_connect_test_sm_services/Output/linux/serv_mosq.err
  environment  : LD_LIBRARY_PATH=/usr/lib
  environment  : PATH=/bin:/usr/bin:/usr/sbin:/usr/local/bin
                   #1  /bin
                   #2  /usr/bin
                   #3  /usr/sbin
                   #4  /usr/local/bin
2022-02-24 13:46:39,483 DEBUG Waiting up to 600 secs for process systemctl<serv_mosq> (pid 28426)
2022-02-24 13:46:39,737 INFO  Executed systemctl<serv_mosq>, exit status 0
2022-02-24 13:46:39,739 DEBUG Process parameters for systemctl<serv_mapper4>
  command line : /usr/bin/systemctl status tedge-mapper-c8y
    arg #1     : status
    arg #2     : tedge-mapper-c8y
  working dir  : /home/pi/actions-runner/_work/thin-edge.io/thin-edge.io/tests/PySys/tedge_connect/tedge_connect_test_sm_services/Output/linux
  stdout       : /home/pi/actions-runner/_work/thin-edge.io/thin-edge.io/tests/PySys/tedge_connect/tedge_connect_test_sm_services/Output/linux/serv_mapper4.out
  stderr       : /home/pi/actions-runner/_work/thin-edge.io/thin-edge.io/tests/PySys/tedge_connect/tedge_connect_test_sm_services/Output/linux/serv_mapper4.err
  environment  : LD_LIBRARY_PATH=/usr/lib
  environment  : PATH=/bin:/usr/bin:/usr/sbin:/usr/local/bin
                   #1  /bin
                   #2  /usr/bin
                   #3  /usr/sbin
                   #4  /usr/local/bin
2022-02-24 13:46:39,744 DEBUG Waiting up to 600 secs for process systemctl<serv_mapper4> (pid 28427)
2022-02-24 13:46:39,998 INFO  Executed systemctl<serv_mapper4>, exit status 0
2022-02-24 13:46:39,999 INFO  Validate
2022-02-24 13:46:40,000 DEBUG Performing regex contains=True grep on file: /home/pi/actions-runner/_work/thin-edge.io/thin-edge.io/tests/PySys/tedge_connect/tedge_connect_test_sm_services/Output/linux/tedge_connect_c8y.out
2022-02-24 13:46:40,007 DEBUG Grep on input file tedge_connect_c8y.out successfully matched expression "tedge-agent service successfully started and enabled!" with line: 'tedge-agent service successfully started and enabled!\n'
2022-02-24 13:46:40,009 INFO  Grep on input file tedge_connect_c8y.out ... passed
2022-02-24 13:46:40,010 DEBUG Performing regex contains=True grep on file: /home/pi/actions-runner/_work/thin-edge.io/thin-edge.io/tests/PySys/tedge_connect/tedge_connect_test_sm_services/Output/linux/tedge_connect.out
2022-02-24 13:46:40,014 WARN  caught <class 'pysys.exceptions.FileNotFoundException'>: unable to find file "/home/pi/actions-runner/_work/thin-edge.io/thin-edge.io/tests/PySys/tedge_connect/tedge_connect_test_sm_services/Output/linux/tedge_connect.out"
Traceback (most recent call last):
  File "/home/pi/env-pysys/lib/python3.7/site-packages/pysys/basetest.py", line 1203, in assertGrep
    result = getmatches(f, expr, ignores=ignores, returnFirstOnly=(contains==True), encoding=encoding or self.getDefaultFileEncoding(f), flags=reFlags, mappers=mappers)
  File "/home/pi/env-pysys/lib/python3.7/site-packages/pysys/utils/filegrep.py", line 59, in getmatches
    raise FileNotFoundException("unable to find file \"%s\"" % (file))
pysys.exceptions.FileNotFoundException: unable to find file "/home/pi/actions-runner/_work/thin-edge.io/thin-edge.io/tests/PySys/tedge_connect/tedge_connect_test_sm_services/Output/linux/tedge_connect.out"
2022-02-24 13:46:40,057 WARN  Grep on tedge_connect.out contains "tedge-mapper-c8y service successfully started and enabled!" failed due to <class 'pysys.exceptions.FileNotFoundException'>: unable to find file "/home/pi/actions-runner/_work/thin-edge.io/thin-edge.io/tests/PySys/tedge_connect/tedge_connect_test_sm_services/Output/linux/tedge_connect.out" ... blocked [run.py:37]
2022-02-24 13:46:40,062 DEBUG --- test cleanup
2022-02-24 13:46:40,062 INFO  
2022-02-24 13:46:40,063 INFO  cleanup:
2022-02-24 13:46:40,063 DEBUG Running registered cleanup function: <bound method EnvironmentC8y.myenvcleanup of <TedgeConnectTestSMServices object at 0x75c51cd0>>
2022-02-24 13:46:40,063 DEBUG EnvironmentC8y Cleanup
2022-02-24 13:46:40,140 DEBUG Process parameters for sudo<tedge_disconnect_c8y>
  command line : /usr/bin/sudo /usr/bin/tedge disconnect c8y
    arg #1     : /usr/bin/tedge
    arg #2     : disconnect
    arg #3     : c8y
  working dir  : /home/pi/actions-runner/_work/thin-edge.io/thin-edge.io/tests/PySys/tedge_connect/tedge_connect_test_sm_services/Output/linux
  stdout       : /home/pi/actions-runner/_work/thin-edge.io/thin-edge.io/tests/PySys/tedge_connect/tedge_connect_test_sm_services/Output/linux/tedge_disconnect_c8y.out
  stderr       : /home/pi/actions-runner/_work/thin-edge.io/thin-edge.io/tests/PySys/tedge_connect/tedge_connect_test_sm_services/Output/linux/tedge_disconnect_c8y.err
  environment  : LD_LIBRARY_PATH=/usr/lib
  environment  : PATH=/bin:/usr/bin:/usr/sbin:/usr/local/bin
                   #1  /bin
                   #2  /usr/bin
                   #3  /usr/sbin
                   #4  /usr/local/bin
2022-02-24 13:46:40,145 DEBUG Waiting up to 600 secs for process sudo<tedge_disconnect_c8y> (pid 28433)
2022-02-24 13:46:42,407 INFO  Executed sudo<tedge_disconnect_c8y>, exit status 0
2022-02-24 13:46:42,409 DEBUG Process parameters for systemctl<serv_mapper5>
  command line : /usr/bin/systemctl status tedge-mapper-c8y
    arg #1     : status
    arg #2     : tedge-mapper-c8y
  working dir  : /home/pi/actions-runner/_work/thin-edge.io/thin-edge.io/tests/PySys/tedge_connect/tedge_connect_test_sm_services/Output/linux
  stdout       : /home/pi/actions-runner/_work/thin-edge.io/thin-edge.io/tests/PySys/tedge_connect/tedge_connect_test_sm_services/Output/linux/serv_mapper5.out
  stderr       : /home/pi/actions-runner/_work/thin-edge.io/thin-edge.io/tests/PySys/tedge_connect/tedge_connect_test_sm_services/Output/linux/serv_mapper5.err
  environment  : LD_LIBRARY_PATH=/usr/lib
  environment  : PATH=/bin:/usr/bin:/usr/sbin:/usr/local/bin
                   #1  /bin
                   #2  /usr/bin
                   #3  /usr/sbin
                   #4  /usr/local/bin
2022-02-24 13:46:42,415 DEBUG Waiting up to 600 secs for process systemctl<serv_mapper5> (pid 28473)
2022-02-24 13:46:42,720 INFO  Executed systemctl<serv_mapper5>, exit status 3
2022-02-24 13:46:42,721 DEBUG ProcessUser cleanup function done.
2022-02-24 13:46:42,724 INFO  
2022-02-24 13:46:42,725 INFO  Test duration: 22.78 secs
2022-02-24 13:46:42,726 INFO  Test final outcome:  BLOCKED
2022-02-24 13:46:42,727 INFO  Test outcome reason: Grep on tedge_connect.out contains "tedge-mapper-c8y service successfully started and enabled!" failed due to <class 'pysys.exceptions.FileNotFoundException'>: unable to find file "/home/pi/actions-runner/_work/thin-edge.io/thin-edge.io/tests/PySys/tedge_connect/tedge_connect_test_sm_services/Output/linux/tedge_connect.out"
2022-02-24 13:46:42,728 INFO  
