<?xml version="1.0" encoding="utf-8"?>
<testsuite failures="1" name="local_mqtt_pub_sub_retain" skipped="0" tests="1" time="6.29" timestamp="2022-04-08T09:40:43">
	<testcase classname="MqttPublishWithRetain" name="local_mqtt_pub_sub_retain">
		<failure message="FAILED: Grep on temp_sensor_sub.out contains &quot;\[test/alarms/temp_sensor\] alarm msg 2&quot; (+1 other failures)" type="FAILED"/>
		<system-out>09:40:37 DEBUG deletedir failed to update permissions and delete /home/pi/actions-runner/_work/thin-edge.io/thin-edge.io/tests/PySys/local_mqtt/local_mqtt_pub_sub_retain/Output/linux on this attempt: [Errno 2] No such file or directory: '/home/pi/actions-runner/_work/thin-edge.io/thin-edge.io/tests/PySys/local_mqtt/local_mqtt_pub_sub_retain/Output/linux'
09:40:37 INFO  ==============================================================
09:40:37 INFO  Id:    local_mqtt_pub_sub_retain
09:40:37 INFO  Dir:   local_mqtt/
09:40:37 INFO  Title: Validate local publishing with retain flag
09:40:37 DEBUG Execution order hint: 0.0
09:40:37 INFO  ==============================================================
09:40:37 DEBUG --- test execute
09:40:37 DEBUG Process parameters for tedge&lt;pub_to_set_alarm&gt;
  command line : /usr/bin/tedge mqtt pub --retain --qos 1 test/alarms/temp_sensor 'alarm msg 1'
    arg #1     : mqtt
    arg #2     : pub
    arg #3     : --retain
    arg #4     : --qos
    arg #5     : 1
    arg #6     : test/alarms/temp_sensor
    arg #7     : alarm msg 1
  working dir  : /home/pi/actions-runner/_work/thin-edge.io/thin-edge.io/tests/PySys/local_mqtt/local_mqtt_pub_sub_retain/Output/linux
  stdout       : /home/pi/actions-runner/_work/thin-edge.io/thin-edge.io/tests/PySys/local_mqtt/local_mqtt_pub_sub_retain/Output/linux/pub_to_set_alarm.out
  stderr       : /home/pi/actions-runner/_work/thin-edge.io/thin-edge.io/tests/PySys/local_mqtt/local_mqtt_pub_sub_retain/Output/linux/pub_to_set_alarm.err
  environment  : HOME=/home/pi
09:40:37 DEBUG Waiting up to 600 secs for process tedge&lt;pub_to_set_alarm&gt; (pid 13406)
09:40:38 INFO  Executed tedge&lt;pub_to_set_alarm&gt;, exit status 0
09:40:38 DEBUG Process parameters for tedge&lt;pub_to_set_alarm&gt;
  command line : /usr/bin/tedge mqtt pub --retain --qos 1 test/alarms/temp_sensor 'alarm msg 2'
    arg #1     : mqtt
    arg #2     : pub
    arg #3     : --retain
    arg #4     : --qos
    arg #5     : 1
    arg #6     : test/alarms/temp_sensor
    arg #7     : alarm msg 2
  working dir  : /home/pi/actions-runner/_work/thin-edge.io/thin-edge.io/tests/PySys/local_mqtt/local_mqtt_pub_sub_retain/Output/linux
  stdout       : /home/pi/actions-runner/_work/thin-edge.io/thin-edge.io/tests/PySys/local_mqtt/local_mqtt_pub_sub_retain/Output/linux/pub_to_set_alarm.out
  stderr       : /home/pi/actions-runner/_work/thin-edge.io/thin-edge.io/tests/PySys/local_mqtt/local_mqtt_pub_sub_retain/Output/linux/pub_to_set_alarm.err
  environment  : HOME=/home/pi
09:40:38 DEBUG Waiting up to 600 secs for process tedge&lt;pub_to_set_alarm&gt; (pid 13407)
09:40:38 INFO  Executed tedge&lt;pub_to_set_alarm&gt;, exit status 0
09:40:39 DEBUG Process parameters for tedge&lt;temp_sensor_sub&gt;
  command line : /usr/bin/tedge mqtt sub 'test/alarms/#'
    arg #1     : mqtt
    arg #2     : sub
    arg #3     : test/alarms/#
  working dir  : /home/pi/actions-runner/_work/thin-edge.io/thin-edge.io/tests/PySys/local_mqtt/local_mqtt_pub_sub_retain/Output/linux
  stdout       : /home/pi/actions-runner/_work/thin-edge.io/thin-edge.io/tests/PySys/local_mqtt/local_mqtt_pub_sub_retain/Output/linux/temp_sensor_sub.out
  stderr       : /home/pi/actions-runner/_work/thin-edge.io/thin-edge.io/tests/PySys/local_mqtt/local_mqtt_pub_sub_retain/Output/linux/temp_sensor_sub.err
  environment  : HOME=/home/pi
09:40:39 INFO  Started tedge&lt;temp_sensor_sub&gt; with process id 13408
09:40:39 DEBUG Process parameters for tedge&lt;pub_to_clear_alarm&gt;
  command line : /usr/bin/tedge mqtt pub --retain --qos 1 test/alarms/temp_sensor ''
    arg #1     : mqtt
    arg #2     : pub
    arg #3     : --retain
    arg #4     : --qos
    arg #5     : 1
    arg #6     : test/alarms/temp_sensor
    arg #7     : 
  working dir  : /home/pi/actions-runner/_work/thin-edge.io/thin-edge.io/tests/PySys/local_mqtt/local_mqtt_pub_sub_retain/Output/linux
  stdout       : /home/pi/actions-runner/_work/thin-edge.io/thin-edge.io/tests/PySys/local_mqtt/local_mqtt_pub_sub_retain/Output/linux/pub_to_clear_alarm.out
  stderr       : /home/pi/actions-runner/_work/thin-edge.io/thin-edge.io/tests/PySys/local_mqtt/local_mqtt_pub_sub_retain/Output/linux/pub_to_clear_alarm.err
  environment  : HOME=/home/pi
09:40:39 DEBUG Waiting up to 600 secs for process tedge&lt;pub_to_clear_alarm&gt; (pid 13409)
09:40:39 INFO  Executed tedge&lt;pub_to_clear_alarm&gt;, exit status 0
09:40:40 DEBUG Process parameters for sudo&lt;kill_out&gt;
  command line : /usr/bin/sudo killall tedge
    arg #1     : killall
    arg #2     : tedge
  working dir  : /home/pi/actions-runner/_work/thin-edge.io/thin-edge.io/tests/PySys/local_mqtt/local_mqtt_pub_sub_retain/Output/linux
  stdout       : /home/pi/actions-runner/_work/thin-edge.io/thin-edge.io/tests/PySys/local_mqtt/local_mqtt_pub_sub_retain/Output/linux/kill_out.out
  stderr       : /home/pi/actions-runner/_work/thin-edge.io/thin-edge.io/tests/PySys/local_mqtt/local_mqtt_pub_sub_retain/Output/linux/kill_out.err
  environment  : LD_LIBRARY_PATH=/usr/lib
  environment  : PATH=/bin:/usr/bin:/usr/sbin:/usr/local/bin
                   #1  /bin
                   #2  /usr/bin
                   #3  /usr/sbin
                   #4  /usr/local/bin
09:40:40 DEBUG Waiting up to 600 secs for process sudo&lt;kill_out&gt; (pid 13410)
09:40:41 INFO  Executed sudo&lt;kill_out&gt;, exit status 0
09:40:41 DEBUG Process parameters for tedge&lt;pub_to_clear_alarm&gt;
  command line : /usr/bin/tedge mqtt pub --retain --qos 1 test/alarms/temp_sensor ''
    arg #1     : mqtt
    arg #2     : pub
    arg #3     : --retain
    arg #4     : --qos
    arg #5     : 1
    arg #6     : test/alarms/temp_sensor
    arg #7     : 
  working dir  : /home/pi/actions-runner/_work/thin-edge.io/thin-edge.io/tests/PySys/local_mqtt/local_mqtt_pub_sub_retain/Output/linux
  stdout       : /home/pi/actions-runner/_work/thin-edge.io/thin-edge.io/tests/PySys/local_mqtt/local_mqtt_pub_sub_retain/Output/linux/pub_to_clear_alarm.out
  stderr       : /home/pi/actions-runner/_work/thin-edge.io/thin-edge.io/tests/PySys/local_mqtt/local_mqtt_pub_sub_retain/Output/linux/pub_to_clear_alarm.err
  environment  : HOME=/home/pi
09:40:41 DEBUG Waiting up to 600 secs for process tedge&lt;pub_to_clear_alarm&gt; (pid 13412)
09:40:42 INFO  Executed tedge&lt;pub_to_clear_alarm&gt;, exit status 0
09:40:42 DEBUG Process parameters for tedge&lt;temp_sensor_empty_message&gt;
  command line : /usr/bin/tedge mqtt sub 'test/alarms/#'
    arg #1     : mqtt
    arg #2     : sub
    arg #3     : test/alarms/#
  working dir  : /home/pi/actions-runner/_work/thin-edge.io/thin-edge.io/tests/PySys/local_mqtt/local_mqtt_pub_sub_retain/Output/linux
  stdout       : /home/pi/actions-runner/_work/thin-edge.io/thin-edge.io/tests/PySys/local_mqtt/local_mqtt_pub_sub_retain/Output/linux/temp_sensor_empty_message.out
  stderr       : /home/pi/actions-runner/_work/thin-edge.io/thin-edge.io/tests/PySys/local_mqtt/local_mqtt_pub_sub_retain/Output/linux/temp_sensor_empty_message.err
  environment  : HOME=/home/pi
09:40:42 INFO  Started tedge&lt;temp_sensor_empty_message&gt; with process id 13413
09:40:43 DEBUG Process parameters for sudo&lt;kill_out&gt;
  command line : /usr/bin/sudo killall tedge
    arg #1     : killall
    arg #2     : tedge
  working dir  : /home/pi/actions-runner/_work/thin-edge.io/thin-edge.io/tests/PySys/local_mqtt/local_mqtt_pub_sub_retain/Output/linux
  stdout       : /home/pi/actions-runner/_work/thin-edge.io/thin-edge.io/tests/PySys/local_mqtt/local_mqtt_pub_sub_retain/Output/linux/kill_out.out
  stderr       : /home/pi/actions-runner/_work/thin-edge.io/thin-edge.io/tests/PySys/local_mqtt/local_mqtt_pub_sub_retain/Output/linux/kill_out.err
  environment  : HOME=/home/pi
09:40:43 DEBUG Waiting up to 600 secs for process sudo&lt;kill_out&gt; (pid 13414)
09:40:43 INFO  Executed sudo&lt;kill_out&gt;, exit status 0
09:40:43 DEBUG --- test validate
09:40:43 DEBUG Performing regex contains=True grep on file: /home/pi/actions-runner/_work/thin-edge.io/thin-edge.io/tests/PySys/local_mqtt/local_mqtt_pub_sub_retain/Output/linux/temp_sensor_sub.out
09:40:43 WARN  Grep on temp_sensor_sub.out contains &quot;\[test/alarms/temp_sensor\] alarm msg 2&quot; ... failed [run.py:139]
09:40:43 DEBUG Performing regex contains=True grep on file: /home/pi/actions-runner/_work/thin-edge.io/thin-edge.io/tests/PySys/local_mqtt/local_mqtt_pub_sub_retain/Output/linux/temp_sensor_sub.out
09:40:43 WARN  Grep on temp_sensor_sub.out contains &quot;\[test/alarms/temp_sensor\] &quot; ... failed [run.py:142]
09:40:43 DEBUG Performing regex contains=False grep on file: /home/pi/actions-runner/_work/thin-edge.io/thin-edge.io/tests/PySys/local_mqtt/local_mqtt_pub_sub_retain/Output/linux/temp_sensor_empty_message.out
09:40:43 INFO  Grep on file temp_sensor_empty_message.out ... passed
09:40:43 DEBUG --- test cleanup
09:40:43 DEBUG ProcessUser cleanup function done.
09:40:43 INFO  
09:40:43 INFO  Test duration: 6.29 secs
09:40:43 INFO  Test final outcome:  FAILED
09:40:43 INFO  Test outcome reason: Grep on temp_sensor_sub.out contains &quot;\[test/alarms/temp_sensor\] alarm msg 2&quot; (+1 other failures)
09:40:43 INFO  
</system-out>
	</testcase>
</testsuite>
