<?xml version='1.0' encoding='utf-8'?>
<testsuites tests="149" failures="10" errors="0" skipped="55" time="0.0"><testsuite name="SoftwareManagement.Plugin.apama_plugin_install" tests="3" errors="0" failures="0" skipped="1" time="0"><testcase classname="ApamaPluginInstallTest" name="SoftwareManagement.Plugin.apama_plugin_install">
		<skipped message="SKIPPED: Apama plugin tests are disabled by default. Execute `pysys run` with `-XmyPlatform=container` to run these tests" />
		<system-out>11:33:04 INFO  ==============================================================
11:33:04 INFO  Id:    SoftwareManagement.Plugin.apama_plugin_install
11:33:04 INFO  Dir:   plugin_apama/
11:33:04 INFO  Title: Validate apama plugin install
11:33:04 INFO  ==============================================================
11:33:04 INFO  Apama plugin tests are disabled by default. Execute `pysys run` with `-XmyPlatform=container` to run these tests ... skipped
11:33:04 WARN  Aborted test due to SKIPPED outcome
11:33:04 INFO  
11:33:04 INFO  Test duration: 0.05 secs
11:33:04 INFO  Test final outcome:  SKIPPED
11:33:04 INFO  Test outcome reason: Apama plugin tests are disabled by default. Execute `pysys run` with `-XmyPlatform=container` to run these tests
11:33:04 INFO  
</system-out>
	</testcase>
<testcase classname="ApamaPluginInstallTest" name="SoftwareManagement.Plugin.apama_plugin_install" />
<testcase classname="ApamaPluginInstallTest" name="SoftwareManagement.Plugin.apama_plugin_install" />
</testsuite><testsuite name="SoftwareManagement.Plugin.apama_plugin_mon_support" tests="3" errors="0" failures="0" skipped="1" time="0"><testcase classname="ApamaPluginMonSupportTest" name="SoftwareManagement.Plugin.apama_plugin_mon_support">
		<skipped message="SKIPPED: Apama plugin tests are disabled by default. Execute `pysys run` with `-XmyPlatform=container` to run these tests" />
		<system-out>11:33:04 INFO  ==============================================================
11:33:04 INFO  Id:    SoftwareManagement.Plugin.apama_plugin_mon_support
11:33:04 INFO  Dir:   plugin_apama/
11:33:04 INFO  Title: Validate mon file support of apama plugin
11:33:04 INFO  ==============================================================
11:33:04 INFO  Apama plugin tests are disabled by default. Execute `pysys run` with `-XmyPlatform=container` to run these tests ... skipped
11:33:04 WARN  Aborted test due to SKIPPED outcome
11:33:04 INFO  
11:33:04 INFO  Test duration: 0.02 secs
11:33:04 INFO  Test final outcome:  SKIPPED
11:33:04 INFO  Test outcome reason: Apama plugin tests are disabled by default. Execute `pysys run` with `-XmyPlatform=container` to run these tests
11:33:04 INFO  
</system-out>
	</testcase>
<testcase classname="ApamaPluginMonSupportTest" name="SoftwareManagement.Plugin.apama_plugin_mon_support" />
<testcase classname="ApamaPluginMonSupportTest" name="SoftwareManagement.Plugin.apama_plugin_mon_support" />
</testsuite><testsuite name="SoftwareManagement.Plugin.apama_plugin_remove" tests="3" errors="0" failures="0" skipped="1" time="0"><testcase classname="ApamaPluginRemoveTest" name="SoftwareManagement.Plugin.apama_plugin_remove">
		<skipped message="SKIPPED: Apama plugin tests are disabled by default. Execute `pysys run` with `-XmyPlatform=container` to run these tests" />
		<system-out>11:33:04 INFO  ==============================================================
11:33:04 INFO  Id:    SoftwareManagement.Plugin.apama_plugin_remove
11:33:04 INFO  Dir:   plugin_apama/
11:33:04 INFO  Title: Validate apama plugin remove
11:33:04 INFO  ==============================================================
11:33:04 INFO  Apama plugin tests are disabled by default. Execute `pysys run` with `-XmyPlatform=container` to run these tests ... skipped
11:33:04 WARN  Aborted test due to SKIPPED outcome
11:33:04 INFO  
11:33:04 INFO  Test duration: 0.02 secs
11:33:04 INFO  Test final outcome:  SKIPPED
11:33:04 INFO  Test outcome reason: Apama plugin tests are disabled by default. Execute `pysys run` with `-XmyPlatform=container` to run these tests
11:33:04 INFO  
</system-out>
	</testcase>
<testcase classname="ApamaPluginRemoveTest" name="SoftwareManagement.Plugin.apama_plugin_remove" />
<testcase classname="ApamaPluginRemoveTest" name="SoftwareManagement.Plugin.apama_plugin_remove" />
</testsuite><testsuite name="SoftwareManagement.Plugin.apama_plugin_update" tests="3" errors="0" failures="0" skipped="3" time="0"><testcase classname="ApamaPluginUpdateTest" name="SoftwareManagement.Plugin.apama_plugin_update">
		<skipped message="SKIPPED: Test execution disabled due to #1052" />
		<system-out>11:33:04 INFO  ==============================================================
11:33:04 INFO  Id:    SoftwareManagement.Plugin.apama_plugin_update
11:33:04 INFO  Dir:   plugin_apama/
11:33:04 INFO  Title: Validate apama plugin updating one project with another
11:33:04 INFO  ==============================================================
11:33:04 INFO  Test execution disabled due to #1052 ... skipped
11:33:04 INFO  
11:33:04 INFO  Test duration: 0.02 secs
11:33:04 INFO  Test final outcome:  SKIPPED
11:33:04 INFO  Test outcome reason: Test execution disabled due to #1052
11:33:04 INFO  
</system-out>
	</testcase>
<testcase classname="ApamaPluginUpdateTest" name="SoftwareManagement.Plugin.apama_plugin_update">
		<skipped message="SKIPPED: Test execution disabled due to #1052" />
		<system-out>12:26:06 INFO  ==============================================================
12:26:06 INFO  Id:    SoftwareManagement.Plugin.apama_plugin_update
12:26:06 INFO  Dir:   plugin_apama/
12:26:06 INFO  Title: Validate apama plugin updating one project with another
12:26:06 INFO  ==============================================================
12:26:06 INFO  Test execution disabled due to #1052 ... skipped
12:26:06 INFO  
12:26:06 INFO  Test duration: 0.02 secs
12:26:06 INFO  Test final outcome:  SKIPPED
12:26:06 INFO  Test outcome reason: Test execution disabled due to #1052
12:26:06 INFO  
</system-out>
	</testcase>
<testcase classname="ApamaPluginUpdateTest" name="SoftwareManagement.Plugin.apama_plugin_update">
		<skipped message="SKIPPED: Test execution disabled due to #1052" />
		<system-out>12:34:54 INFO  ==============================================================
12:34:54 INFO  Id:    SoftwareManagement.Plugin.apama_plugin_update
12:34:54 INFO  Dir:   plugin_apama/
12:34:54 INFO  Title: Validate apama plugin updating one project with another
12:34:54 INFO  ==============================================================
12:34:54 INFO  Test execution disabled due to #1052 ... skipped
12:34:54 INFO  
12:34:54 INFO  Test duration: 0.03 secs
12:34:54 INFO  Test final outcome:  SKIPPED
12:34:54 INFO  Test outcome reason: Test execution disabled due to #1052
12:34:54 INFO  
</system-out>
	</testcase>
</testsuite><testsuite name="SoftwareManagement.sm_apt_install_download_path" tests="3" errors="0" failures="2" skipped="1" time="0"><testcase classname="AptInstallWithDownloadPath" name="SoftwareManagement.sm_apt_install_download_path">
		<skipped message="SKIPPED: Testing the apt plugin is not supported on this platform.Use parameter -XmyPlatform='container' to enable it" />
		<system-out>11:42:49 INFO  ==============================================================
11:42:49 INFO  Id:    SoftwareManagement.sm_apt_install_download_path
11:42:49 INFO  Dir:   software_management_end_to_end/
11:42:49 INFO  Title: Install package to directory specified in tedge config set tmp.path
11:42:49 INFO  ==============================================================
11:42:49 INFO  Testing the apt plugin is not supported on this platform.Use parameter -XmyPlatform='container' to enable it ... skipped
11:42:49 WARN  Aborted test due to SKIPPED outcome
11:42:49 INFO  
11:42:49 INFO  Test duration: 0.08 secs
11:42:49 INFO  Test final outcome:  SKIPPED
11:42:49 INFO  Test outcome reason: Testing the apt plugin is not supported on this platform.Use parameter -XmyPlatform='container' to enable it
11:42:49 INFO  
</system-out>
	</testcase>
<testcase classname="AptInstallWithDownloadPath" name="SoftwareManagement.sm_apt_install_download_path">
		<failure message="BLOCKED: AssertionError:" type="BLOCKED" />
		<system-out>12:07:33 INFO  ==============================================================
12:07:33 INFO  Id:    SoftwareManagement.sm_apt_install_download_path
12:07:33 INFO  Dir:   software_management_end_to_end/
12:07:33 INFO  Title: Install package to directory specified in tedge config set tmp.path
12:07:33 INFO  ==============================================================
12:07:33 INFO  Using sw id database: {'asciijump': '5475369', 'robotfindskitten': '5474869', 'squirrel3': '5475279', 'rolldice': '5152439', 'moon-buggy': '5439204', 'apple': '5495053', 'banana': '5494888', 'cherry': '5495382', 'watermelon': '5494510', 'registry': '8018911', 'hello-world': '8021526', 'docker/getting-started': '8021973', 'alpine': '7991792'}
12:07:33 INFO  EnvironmentC8y Setup
12:07:34 INFO  Executed systemctl&lt;serv_mapper1&gt;, exit status 3
12:07:48 INFO  Executed sudo&lt;tedge_connect_c8y&gt;, exit status 0, duration 14 secs
12:07:50 INFO  Executed sudo&lt;tedge_connect_c8y_test&gt;, exit status 0
12:07:52 INFO  Executed systemctl&lt;serv_mosq2&gt;, exit status 0
12:07:52 INFO  Executed systemctl&lt;serv_mapper3&gt;, exit status 0
12:07:54 ERROR No operations found, assuming it passed
12:07:55 INFO  Assert that (False == value) with value=False ... passed
12:07:55 INFO  Executed sudo, exit status 0
12:07:56 INFO  Executed sudo, exit status 0
12:07:56 INFO  Executed sudo, exit status 0
12:08:00 INFO  Executed sudo&lt;tedge_disconnect_c8y&gt;, exit status 0
12:08:00 INFO  Restarting mosquitto too frequently in the last 10 seconds. It was only up for 3 seconds
12:08:00 INFO  Delaying execution by 8 seconds
12:08:22 INFO  Executed sudo&lt;tedge_connect_c8y&gt;, exit status 0, duration 13 secs
12:08:22 INFO  Response status: 201
12:08:22 INFO  Response to action: {
    "creationTime": "2022-05-11T12:08:22.712Z",
    "deviceName": "mythicc",
    "deviceId": "18809479",
    "self": "https://t493319102.eu-latest.cumulocity.com/devicecontrol/operations/18840400",
    "id": "18840400",
    "status": "PENDING",
    "description": "Apply software changes, triggered from PySys: [{'name': 'rolldice', 'id': '5152439', 'version': '::apt', 'url': 'https://thin-edge-io.eu-latest.cumulocity.com/inventory/binaries/12435463', 'action': 'install'}]",
    "c8y_SoftwareUpdate": [
        {
            "name": "rolldice",
            "action": "install",
            "id": "5152439",
            "version": "::apt",
            "url": "https://thin-edge-io.eu-latest.cumulocity.com/inventory/binaries/12435463"
        }
    ]
}
12:08:22 INFO  Started operation: {'creationTime': '2022-05-11T12:08:22.712Z', 'deviceName': 'mythicc', 'deviceId': '18809479', 'self': 'https://t493319102.eu-latest.cumulocity.com/devicecontrol/operations/18840400', 'id': '18840400', 'status': 'PENDING', 'description': "Apply software changes, triggered from PySys: [{'name': 'rolldice', 'id': '5152439', 'version': '::apt', 'url': 'https://thin-edge-io.eu-latest.cumulocity.com/inventory/binaries/12435463', 'action': 'install'}]", 'c8y_SoftwareUpdate': [{'name': 'rolldice', 'action': 'install', 'id': '5152439', 'version': '::apt', 'url': 'https://thin-edge-io.eu-latest.cumulocity.com/inventory/binaries/12435463'}]}
12:08:22 WARN  , retrying in 0.5 seconds...
12:08:23 WARN  , retrying in 0.5 seconds...
12:08:23 WARN  , retrying in 0.5 seconds...
12:08:24 WARN  , retrying in 0.5 seconds...
12:08:24 WARN  , retrying in 0.5 seconds...
12:08:25 WARN  , retrying in 0.5 seconds...
12:08:25 WARN  , retrying in 0.5 seconds...
12:08:26 WARN  , retrying in 0.5 seconds...
12:08:26 WARN  , retrying in 0.5 seconds...
12:08:27 WARN  AssertionError occurred while running test - 
Traceback (most recent call last):
  File "/home/pi/env-pysys/lib/python3.7/site-packages/pysys/baserunner.py", line 1294, in __call__
    self.testObj.execute()
  File "/home/pi/actions-runner/_work/thin-edge.io/thin-edge.io/tests/PySys/software_management_end_to_end/sm_apt_install_download_path/run.py", line 83, in execute
    assert_install_in_download_path(install_directory=self.DOWNLOAD_DIR)
  File "/home/pi/env-pysys/lib/python3.7/site-packages/decorator.py", line 232, in fun
    return caller(func, *(extras + args), **kw)
  File "/home/pi/env-pysys/lib/python3.7/site-packages/retry/api.py", line 74, in retry_decorator
    logger)
  File "/home/pi/env-pysys/lib/python3.7/site-packages/retry/api.py", line 33, in __retry_internal
    return f()
  File "/home/pi/actions-runner/_work/thin-edge.io/thin-edge.io/tests/PySys/software_management_end_to_end/sm_apt_install_download_path/run.py", line 28, in assert_install_in_download_path
    assert "rolldice" in os.listdir(f"{install_directory}")
AssertionError
12:08:28 WARN  AssertionError: ... blocked 
12:08:28 INFO  
12:08:28 INFO  cleanup:
12:08:28 INFO  Executed sudo, exit status 0
12:08:29 INFO  Executed sudo, exit status 0
12:08:33 INFO  Executed sudo&lt;tedge_disconnect_c8y&gt;, exit status 0
12:08:33 INFO  Restarting mosquitto too frequently in the last 10 seconds. It was only up for 3 seconds
12:08:33 INFO  Delaying execution by 8 seconds
12:08:56 INFO  Executed sudo&lt;tedge_connect_c8y&gt;, exit status 0, duration 14 secs
12:09:00 INFO  Executed sudo&lt;tedge_disconnect_c8y&gt;, exit status 0
12:09:01 INFO  Executed systemctl&lt;serv_mapper5&gt;, exit status 3
12:09:01 INFO  
12:09:01 INFO  Test duration: 87.64 secs
12:09:01 INFO  Test final outcome:  BLOCKED
12:09:01 INFO  Test outcome reason: AssertionError:
12:09:01 INFO  
</system-out>
	</testcase>
<testcase classname="AptInstallWithDownloadPath" name="SoftwareManagement.sm_apt_install_download_path">
		<failure message="BLOCKED: AssertionError:" type="BLOCKED" />
		<system-out>12:34:54 INFO  ==============================================================
12:34:54 INFO  Id:    SoftwareManagement.sm_apt_install_download_path
12:34:54 INFO  Dir:   software_management_end_to_end/
12:34:54 INFO  Title: Install package to directory specified in tedge config set tmp.path
12:34:54 INFO  ==============================================================
12:34:56 INFO  Using sw id database: {'asciijump': '5475369', 'robotfindskitten': '5474869', 'squirrel3': '5475279', 'rolldice': '5152439', 'moon-buggy': '5439204', 'apple': '5495053', 'banana': '5494888', 'cherry': '5495382', 'watermelon': '5494510', 'registry': '8018911', 'hello-world': '8021526', 'docker/getting-started': '8021973', 'alpine': '7991792'}
12:34:56 INFO  EnvironmentC8y Setup
12:34:56 INFO  Executed systemctl&lt;serv_mapper1&gt;, exit status 3
12:35:11 INFO  Executed sudo&lt;tedge_connect_c8y&gt;, exit status 0, duration 14 secs
12:35:11 INFO  Executed sudo&lt;tedge_connect_c8y_test&gt;, exit status 0
12:35:12 INFO  Executed systemctl&lt;serv_mosq2&gt;, exit status 0
12:35:12 INFO  Executed systemctl&lt;serv_mapper3&gt;, exit status 0
12:35:15 INFO  State of current operation: SUCCESSFUL
12:35:15 INFO  Assert that (False == value) with value=False ... passed
12:35:15 INFO  Executed sudo, exit status 0
12:35:16 INFO  Executed sudo, exit status 0
12:35:17 INFO  Executed sudo, exit status 0
12:35:21 INFO  Executed sudo&lt;tedge_disconnect_c8y&gt;, exit status 0
12:35:21 INFO  Restarting mosquitto too frequently in the last 10 seconds. It was only up for 4 seconds
12:35:21 INFO  Delaying execution by 7 seconds
12:35:41 INFO  Executed sudo&lt;tedge_connect_c8y&gt;, exit status 0, duration 13 secs
12:35:42 INFO  Response status: 201
12:35:42 INFO  Response to action: {
    "creationTime": "2022-05-11T12:35:42.113Z",
    "deviceName": "mythicc",
    "deviceId": "18809479",
    "self": "https://t493319102.eu-latest.cumulocity.com/devicecontrol/operations/18840856",
    "id": "18840856",
    "status": "PENDING",
    "description": "Apply software changes, triggered from PySys: [{'name': 'rolldice', 'id': '5152439', 'version': '::apt', 'url': 'https://thin-edge-io.eu-latest.cumulocity.com/inventory/binaries/12435463', 'action': 'install'}]",
    "c8y_SoftwareUpdate": [
        {
            "name": "rolldice",
            "action": "install",
            "id": "5152439",
            "version": "::apt",
            "url": "https://thin-edge-io.eu-latest.cumulocity.com/inventory/binaries/12435463"
        }
    ]
}
12:35:42 INFO  Started operation: {'creationTime': '2022-05-11T12:35:42.113Z', 'deviceName': 'mythicc', 'deviceId': '18809479', 'self': 'https://t493319102.eu-latest.cumulocity.com/devicecontrol/operations/18840856', 'id': '18840856', 'status': 'PENDING', 'description': "Apply software changes, triggered from PySys: [{'name': 'rolldice', 'id': '5152439', 'version': '::apt', 'url': 'https://thin-edge-io.eu-latest.cumulocity.com/inventory/binaries/12435463', 'action': 'install'}]", 'c8y_SoftwareUpdate': [{'name': 'rolldice', 'action': 'install', 'id': '5152439', 'version': '::apt', 'url': 'https://thin-edge-io.eu-latest.cumulocity.com/inventory/binaries/12435463'}]}
12:35:42 WARN  , retrying in 0.5 seconds...
12:35:42 WARN  , retrying in 0.5 seconds...
12:35:43 WARN  , retrying in 0.5 seconds...
12:35:43 WARN  , retrying in 0.5 seconds...
12:35:44 WARN  , retrying in 0.5 seconds...
12:35:44 WARN  , retrying in 0.5 seconds...
12:35:45 WARN  , retrying in 0.5 seconds...
12:35:45 WARN  , retrying in 0.5 seconds...
12:35:46 WARN  , retrying in 0.5 seconds...
12:35:46 WARN  AssertionError occurred while running test - 
Traceback (most recent call last):
  File "/home/pi/env-pysys/lib/python3.7/site-packages/pysys/baserunner.py", line 1294, in __call__
    self.testObj.execute()
  File "/home/pi/actions-runner/_work/thin-edge.io/thin-edge.io/tests/PySys/software_management_end_to_end/sm_apt_install_download_path/run.py", line 83, in execute
    assert_install_in_download_path(install_directory=self.DOWNLOAD_DIR)
  File "/home/pi/env-pysys/lib/python3.7/site-packages/decorator.py", line 232, in fun
    return caller(func, *(extras + args), **kw)
  File "/home/pi/env-pysys/lib/python3.7/site-packages/retry/api.py", line 74, in retry_decorator
    logger)
  File "/home/pi/env-pysys/lib/python3.7/site-packages/retry/api.py", line 33, in __retry_internal
    return f()
  File "/home/pi/actions-runner/_work/thin-edge.io/thin-edge.io/tests/PySys/software_management_end_to_end/sm_apt_install_download_path/run.py", line 28, in assert_install_in_download_path
    assert "rolldice" in os.listdir(f"{install_directory}")
AssertionError
12:35:47 WARN  AssertionError: ... blocked 
12:35:47 INFO  
12:35:47 INFO  cleanup:
12:35:47 INFO  Executed sudo, exit status 0
12:35:48 INFO  Executed sudo, exit status 0
12:35:53 INFO  Executed sudo&lt;tedge_disconnect_c8y&gt;, exit status 0
12:35:53 INFO  Restarting mosquitto too frequently in the last 10 seconds. It was only up for 4 seconds
12:35:53 INFO  Delaying execution by 7 seconds
12:36:16 INFO  Executed sudo&lt;tedge_connect_c8y&gt;, exit status 0, duration 15 secs
12:36:20 INFO  Executed sudo&lt;tedge_disconnect_c8y&gt;, exit status 0
12:36:21 INFO  Executed systemctl&lt;serv_mapper5&gt;, exit status 3
12:36:21 INFO  
12:36:21 INFO  Test duration: 86.17 secs
12:36:21 INFO  Test final outcome:  BLOCKED
12:36:21 INFO  Test outcome reason: AssertionError:
12:36:21 INFO  
</system-out>
	</testcase>
</testsuite><testsuite name="SoftwareManagement.sm_apt_install_fail" tests="3" errors="0" failures="0" skipped="1" time="0"><testcase classname="PySysTest" name="SoftwareManagement.sm_apt_install_fail">
		<skipped message="SKIPPED: Testing the apt plugin is not supported on this platform.Use parameter -XmyPlatform='container' to enable it" />
		<system-out>11:42:49 INFO  ==============================================================
11:42:49 INFO  Id:    SoftwareManagement.sm_apt_install_fail
11:42:49 INFO  Dir:   software_management_end_to_end/
11:42:49 INFO  Title: Validate end to end behaviour for a failing installation
11:42:49 INFO  ==============================================================
11:42:49 INFO  Testing the apt plugin is not supported on this platform.Use parameter -XmyPlatform='container' to enable it ... skipped
11:42:49 WARN  Aborted test due to SKIPPED outcome
11:42:49 INFO  
11:42:49 INFO  Test duration: 0.02 secs
11:42:49 INFO  Test final outcome:  SKIPPED
11:42:49 INFO  Test outcome reason: Testing the apt plugin is not supported on this platform.Use parameter -XmyPlatform='container' to enable it
11:42:49 INFO  
</system-out>
	</testcase>
<testcase classname="PySysTest" name="SoftwareManagement.sm_apt_install_fail" />
<testcase classname="PySysTest" name="SoftwareManagement.sm_apt_install_fail" />
</testsuite><testsuite name="SoftwareManagement.sm_apt_install_remove" tests="3" errors="0" failures="0" skipped="1" time="0"><testcase classname="PySysTest" name="SoftwareManagement.sm_apt_install_remove">
		<skipped message="SKIPPED: Testing the apt plugin is not supported on this platform.Use parameter -XmyPlatform='container' to enable it" />
		<system-out>11:42:49 INFO  ==============================================================
11:42:49 INFO  Id:    SoftwareManagement.sm_apt_install_remove
11:42:49 INFO  Dir:   software_management_end_to_end/
11:42:49 INFO  Title: Validate end to end behaviour for the apt plugin for installation and removal of packages
11:42:49 INFO  ==============================================================
11:42:49 INFO  Testing the apt plugin is not supported on this platform.Use parameter -XmyPlatform='container' to enable it ... skipped
11:42:49 WARN  Aborted test due to SKIPPED outcome
11:42:49 INFO  
11:42:49 INFO  Test duration: 0.02 secs
11:42:49 INFO  Test final outcome:  SKIPPED
11:42:49 INFO  Test outcome reason: Testing the apt plugin is not supported on this platform.Use parameter -XmyPlatform='container' to enable it
11:42:49 INFO  
</system-out>
	</testcase>
<testcase classname="PySysTest" name="SoftwareManagement.sm_apt_install_remove" />
<testcase classname="PySysTest" name="SoftwareManagement.sm_apt_install_remove" />
</testsuite><testsuite name="SoftwareManagement.sm_apt_install_remove_default" tests="3" errors="0" failures="0" skipped="1" time="0"><testcase classname="PySysTest" name="SoftwareManagement.sm_apt_install_remove_default">
		<skipped message="SKIPPED: Testing the apt plugin is not supported on this platform.Use parameter -XmyPlatform='container' to enable it" />
		<system-out>11:42:49 INFO  ==============================================================
11:42:49 INFO  Id:    SoftwareManagement.sm_apt_install_remove_default
11:42:49 INFO  Dir:   software_management_end_to_end/
11:42:49 INFO  Title: Validate end to end behaviour for the default plugin for installation and removal of packages
11:42:49 INFO  ==============================================================
11:42:49 INFO  Testing the apt plugin is not supported on this platform.Use parameter -XmyPlatform='container' to enable it ... skipped
11:42:49 WARN  Aborted test due to SKIPPED outcome
11:42:49 INFO  
11:42:49 INFO  Test duration: 0.02 secs
11:42:49 INFO  Test final outcome:  SKIPPED
11:42:49 INFO  Test outcome reason: Testing the apt plugin is not supported on this platform.Use parameter -XmyPlatform='container' to enable it
11:42:49 INFO  
</system-out>
	</testcase>
<testcase classname="PySysTest" name="SoftwareManagement.sm_apt_install_remove_default" />
<testcase classname="PySysTest" name="SoftwareManagement.sm_apt_install_remove_default" />
</testsuite><testsuite name="SoftwareManagement.sm_apt_install_remove_multiple" tests="3" errors="0" failures="2" skipped="1" time="0"><testcase classname="PySysTest" name="SoftwareManagement.sm_apt_install_remove_multiple">
		<skipped message="SKIPPED: Testing the apt plugin is not supported on this platform.Use parameter -XmyPlatform='container' to enable it" />
		<system-out>11:42:49 INFO  ==============================================================
11:42:49 INFO  Id:    SoftwareManagement.sm_apt_install_remove_multiple
11:42:49 INFO  Dir:   software_management_end_to_end/
11:42:49 INFO  Title: Validate end to end behaviour for the apt plugin for multiple packages
11:42:49 INFO  ==============================================================
11:42:49 INFO  Testing the apt plugin is not supported on this platform.Use parameter -XmyPlatform='container' to enable it ... skipped
11:42:49 WARN  Aborted test due to SKIPPED outcome
11:42:50 INFO  
11:42:50 INFO  Test duration: 0.02 secs
11:42:50 INFO  Test final outcome:  SKIPPED
11:42:50 INFO  Test outcome reason: Testing the apt plugin is not supported on this platform.Use parameter -XmyPlatform='container' to enable it
11:42:50 INFO  
</system-out>
	</testcase>
<testcase classname="PySysTest" name="SoftwareManagement.sm_apt_install_remove_multiple">
		<failure message="FAILED: Assert that (False == value) with value=True" type="FAILED" />
		<system-out>12:15:58 INFO  ==============================================================
12:15:58 INFO  Id:    SoftwareManagement.sm_apt_install_remove_multiple
12:15:58 INFO  Dir:   software_management_end_to_end/
12:15:58 INFO  Title: Validate end to end behaviour for the apt plugin for multiple packages
12:15:58 INFO  ==============================================================
12:15:58 INFO  Using sw id database: {'asciijump': '5475369', 'robotfindskitten': '5474869', 'squirrel3': '5475279', 'rolldice': '5152439', 'moon-buggy': '5439204', 'apple': '5495053', 'banana': '5494888', 'cherry': '5495382', 'watermelon': '5494510', 'registry': '8018911', 'hello-world': '8021526', 'docker/getting-started': '8021973', 'alpine': '7991792'}
12:15:58 INFO  EnvironmentC8y Setup
12:15:58 INFO  Executed systemctl&lt;serv_mapper1&gt;, exit status 3
12:15:58 INFO  Restarting mosquitto too frequently in the last 10 seconds. It was only up for 5 seconds
12:15:58 INFO  Delaying execution by 6 seconds
12:16:18 INFO  Executed sudo&lt;tedge_connect_c8y&gt;, exit status 0, duration 14 secs
12:16:19 INFO  Executed sudo&lt;tedge_connect_c8y_test&gt;, exit status 0
12:16:20 INFO  Executed systemctl&lt;serv_mosq2&gt;, exit status 0
12:16:20 INFO  Executed systemctl&lt;serv_mapper3&gt;, exit status 0
12:16:22 INFO  State of current operation: SUCCESSFUL
12:16:23 INFO  Assert that (False == value) with value=False ... passed
12:16:23 INFO  Assert that (False == value) with value=False ... passed
12:16:23 INFO  Assert that (False == value) with value=False ... passed
12:16:23 INFO  Package robotfindskitten is installed
12:16:23 WARN  Assert that (False == value) with value=True ... failed 
12:16:24 INFO  Response status: 201
12:16:24 INFO  Response to action: {
    "creationTime": "2022-05-11T12:16:24.055Z",
    "deviceName": "mythicc",
    "deviceId": "18809479",
    "self": "https://t493319102.eu-latest.cumulocity.com/devicecontrol/operations/18840518",
    "id": "18840518",
    "status": "PENDING",
    "description": "Apply software changes, triggered from PySys: [{'action': 'install', 'id': '5475369', 'name': 'asciijump', 'url': ' ', 'version': '::apt'}, {'action': 'install', 'id': '5474869', 'name': 'robotfindskitten', 'url': ' ', 'version': '::apt'}, {'action': 'install', 'id': '5475279', 'name': 'squirrel3', 'url': ' ', 'version': '::apt'}]",
    "c8y_SoftwareUpdate": [
        {
            "name": "asciijump",
            "action": "install",
            "id": "5475369",
            "version": "::apt",
            "url": " "
        },
        {
            "name": "robotfindskitten",
            "action": "install",
            "id": "5474869",
            "version": "::apt",
            "url": " "
        },
        {
            "name": "squirrel3",
            "action": "install",
            "id": "5475279",
            "version": "::apt",
            "url": " "
        }
    ]
}
12:16:24 INFO  Started operation: {'creationTime': '2022-05-11T12:16:24.055Z', 'deviceName': 'mythicc', 'deviceId': '18809479', 'self': 'https://t493319102.eu-latest.cumulocity.com/devicecontrol/operations/18840518', 'id': '18840518', 'status': 'PENDING', 'description': "Apply software changes, triggered from PySys: [{'action': 'install', 'id': '5475369', 'name': 'asciijump', 'url': ' ', 'version': '::apt'}, {'action': 'install', 'id': '5474869', 'name': 'robotfindskitten', 'url': ' ', 'version': '::apt'}, {'action': 'install', 'id': '5475279', 'name': 'squirrel3', 'url': ' ', 'version': '::apt'}]", 'c8y_SoftwareUpdate': [{'name': 'asciijump', 'action': 'install', 'id': '5475369', 'version': '::apt', 'url': ' '}, {'name': 'robotfindskitten', 'action': 'install', 'id': '5474869', 'version': '::apt', 'url': ' '}, {'name': 'squirrel3', 'action': 'install', 'id': '5475279', 'version': '::apt', 'url': ' '}]}
12:16:26 INFO  State of operation 18840518 : PENDING
12:16:28 INFO  State of operation 18840518 : EXECUTING
12:16:30 INFO  State of operation 18840518 : EXECUTING
12:16:32 INFO  State of operation 18840518 : EXECUTING
12:16:35 INFO  State of operation 18840518 : EXECUTING
12:16:37 INFO  State of operation 18840518 : EXECUTING
12:16:40 INFO  State of operation 18840518 : EXECUTING
12:16:42 INFO  State of operation 18840518 : EXECUTING
12:16:45 INFO  State of operation 18840518 : EXECUTING
12:16:47 INFO  State of operation 18840518 : EXECUTING
12:16:49 INFO  State of operation 18840518 : EXECUTING
12:16:52 INFO  State of operation 18840518 : EXECUTING
12:16:54 INFO  State of operation 18840518 : EXECUTING
12:16:56 INFO  State of operation 18840518 : EXECUTING
12:16:58 INFO  State of operation 18840518 : EXECUTING
12:17:01 INFO  State of operation 18840518 : EXECUTING
12:17:03 INFO  State of operation 18840518 : EXECUTING
12:17:05 INFO  State of operation 18840518 : EXECUTING
12:17:08 INFO  State of operation 18840518 : EXECUTING
12:17:10 INFO  State of operation 18840518 : EXECUTING
12:17:13 INFO  State of operation 18840518 : EXECUTING
12:17:15 INFO  State of operation 18840518 : EXECUTING
12:17:18 INFO  State of operation 18840518 : EXECUTING
12:17:20 INFO  State of operation 18840518 : EXECUTING
12:17:23 INFO  State of operation 18840518 : EXECUTING
12:17:25 INFO  State of operation 18840518 : EXECUTING
12:17:27 INFO  State of operation 18840518 : EXECUTING
12:17:29 INFO  State of operation 18840518 : EXECUTING
12:17:32 INFO  State of operation 18840518 : EXECUTING
12:17:34 INFO  State of operation 18840518 : EXECUTING
12:17:36 INFO  State of operation 18840518 : EXECUTING
12:17:39 INFO  State of operation 18840518 : EXECUTING
12:17:41 INFO  State of operation 18840518 : EXECUTING
12:17:43 INFO  State of operation 18840518 : EXECUTING
12:17:45 INFO  State of operation 18840518 : EXECUTING
12:17:47 INFO  State of operation 18840518 : SUCCESSFUL
12:17:48 INFO  Assert that (False == value) with value=False ... passed
12:17:48 INFO  Package asciijump is installed
12:17:48 INFO  Assert that (True == value) with value=True ... passed
12:17:48 INFO  Package squirrel3 is installed
12:17:48 INFO  Assert that (True == value) with value=True ... passed
12:17:48 INFO  Package robotfindskitten is installed
12:17:48 INFO  Assert that (True == value) with value=True ... passed
12:17:49 INFO  Response status: 201
12:17:49 INFO  Response to action: {
    "creationTime": "2022-05-11T12:17:49.075Z",
    "deviceName": "mythicc",
    "deviceId": "18809479",
    "self": "https://t493319102.eu-latest.cumulocity.com/devicecontrol/operations/18840548",
    "id": "18840548",
    "status": "PENDING",
    "description": "Apply software changes, triggered from PySys: [{'action': 'delete', 'id': '5475369', 'name': 'asciijump', 'url': ' ', 'version': '::apt'}, {'action': 'delete', 'id': '5474869', 'name': 'robotfindskitten', 'url': ' ', 'version': '::apt'}, {'action': 'delete', 'id': '5475279', 'name': 'squirrel3', 'url': ' ', 'version': '::apt'}]",
    "c8y_SoftwareUpdate": [
        {
            "name": "asciijump",
            "action": "delete",
            "id": "5475369",
            "version": "::apt",
            "url": " "
        },
        {
            "name": "robotfindskitten",
            "action": "delete",
            "id": "5474869",
            "version": "::apt",
            "url": " "
        },
        {
            "name": "squirrel3",
            "action": "delete",
            "id": "5475279",
            "version": "::apt",
            "url": " "
        }
    ]
}
12:17:49 INFO  Started operation: {'creationTime': '2022-05-11T12:17:49.075Z', 'deviceName': 'mythicc', 'deviceId': '18809479', 'self': 'https://t493319102.eu-latest.cumulocity.com/devicecontrol/operations/18840548', 'id': '18840548', 'status': 'PENDING', 'description': "Apply software changes, triggered from PySys: [{'action': 'delete', 'id': '5475369', 'name': 'asciijump', 'url': ' ', 'version': '::apt'}, {'action': 'delete', 'id': '5474869', 'name': 'robotfindskitten', 'url': ' ', 'version': '::apt'}, {'action': 'delete', 'id': '5475279', 'name': 'squirrel3', 'url': ' ', 'version': '::apt'}]", 'c8y_SoftwareUpdate': [{'name': 'asciijump', 'action': 'delete', 'id': '5475369', 'version': '::apt', 'url': ' '}, {'name': 'robotfindskitten', 'action': 'delete', 'id': '5474869', 'version': '::apt', 'url': ' '}, {'name': 'squirrel3', 'action': 'delete', 'id': '5475279', 'version': '::apt', 'url': ' '}]}
12:17:51 INFO  State of operation 18840548 : PENDING
12:17:53 INFO  State of operation 18840548 : EXECUTING
12:17:55 INFO  State of operation 18840548 : EXECUTING
12:17:58 INFO  State of operation 18840548 : EXECUTING
12:18:00 INFO  State of operation 18840548 : EXECUTING
12:18:02 INFO  State of operation 18840548 : EXECUTING
12:18:05 INFO  State of operation 18840548 : EXECUTING
12:18:08 INFO  State of operation 18840548 : EXECUTING
12:18:10 INFO  State of operation 18840548 : EXECUTING
12:18:13 INFO  State of operation 18840548 : EXECUTING
12:18:15 INFO  State of operation 18840548 : EXECUTING
12:18:17 INFO  State of operation 18840548 : EXECUTING
12:18:19 INFO  State of operation 18840548 : EXECUTING
12:18:22 INFO  State of operation 18840548 : EXECUTING
12:18:24 INFO  State of operation 18840548 : EXECUTING
12:18:26 INFO  State of operation 18840548 : EXECUTING
12:18:28 INFO  State of operation 18840548 : EXECUTING
12:18:31 INFO  State of operation 18840548 : EXECUTING
12:18:33 INFO  State of operation 18840548 : EXECUTING
12:18:36 INFO  State of operation 18840548 : EXECUTING
12:18:38 INFO  State of operation 18840548 : EXECUTING
12:18:40 INFO  State of operation 18840548 : EXECUTING
12:18:43 INFO  State of operation 18840548 : EXECUTING
12:18:45 INFO  State of operation 18840548 : EXECUTING
12:18:48 INFO  State of operation 18840548 : EXECUTING
12:18:50 INFO  State of operation 18840548 : EXECUTING
12:18:53 INFO  State of operation 18840548 : EXECUTING
12:18:55 INFO  State of operation 18840548 : EXECUTING
12:18:57 INFO  State of operation 18840548 : SUCCESSFUL
12:18:58 INFO  Assert that (False == value) with value=False ... passed
12:18:58 INFO  Assert that (False == value) with value=False ... passed
12:18:58 INFO  Assert that (False == value) with value=False ... passed
12:18:58 INFO  Assert that (False == value) with value=False ... passed
12:18:58 INFO  
12:18:58 INFO  cleanup:
12:19:03 INFO  Executed sudo&lt;tedge_disconnect_c8y&gt;, exit status 0
12:19:03 INFO  Executed systemctl&lt;serv_mapper5&gt;, exit status 3
12:19:03 INFO  
12:19:03 INFO  Test duration: 185.48 secs
12:19:03 INFO  Test final outcome:  FAILED
12:19:03 INFO  Test outcome reason: Assert that (False == value) with value=True
12:19:03 INFO  
</system-out>
	</testcase>
<testcase classname="PySysTest" name="SoftwareManagement.sm_apt_install_remove_multiple">
		<failure message="FAILED: Assert that (False == value) with value=True (+2 other failures)" type="FAILED" />
		<system-out>12:43:07 INFO  ==============================================================
12:43:07 INFO  Id:    SoftwareManagement.sm_apt_install_remove_multiple
12:43:07 INFO  Dir:   software_management_end_to_end/
12:43:07 INFO  Title: Validate end to end behaviour for the apt plugin for multiple packages
12:43:07 INFO  ==============================================================
12:43:07 INFO  Using sw id database: {'asciijump': '5475369', 'robotfindskitten': '5474869', 'squirrel3': '5475279', 'rolldice': '5152439', 'moon-buggy': '5439204', 'apple': '5495053', 'banana': '5494888', 'cherry': '5495382', 'watermelon': '5494510', 'registry': '8018911', 'hello-world': '8021526', 'docker/getting-started': '8021973', 'alpine': '7991792'}
12:43:07 INFO  EnvironmentC8y Setup
12:43:07 INFO  Executed systemctl&lt;serv_mapper1&gt;, exit status 3
12:43:07 INFO  Restarting mosquitto too frequently in the last 10 seconds. It was only up for 5 seconds
12:43:07 INFO  Delaying execution by 6 seconds
12:43:29 INFO  Executed sudo&lt;tedge_connect_c8y&gt;, exit status 0, duration 15 secs
12:43:30 INFO  Executed sudo&lt;tedge_connect_c8y_test&gt;, exit status 0
12:43:30 INFO  Executed systemctl&lt;serv_mosq2&gt;, exit status 0
12:43:30 INFO  Executed systemctl&lt;serv_mapper3&gt;, exit status 0
12:43:33 INFO  State of current operation: SUCCESSFUL
12:43:33 INFO  Assert that (False == value) with value=False ... passed
12:43:33 INFO  Package asciijump is installed
12:43:33 WARN  Assert that (False == value) with value=True ... failed 
12:43:34 INFO  Package squirrel3 is installed
12:43:34 WARN  Assert that (False == value) with value=True ... failed 
12:43:34 INFO  Package robotfindskitten is installed
12:43:34 WARN  Assert that (False == value) with value=True ... failed 
12:43:34 INFO  Response status: 201
12:43:34 INFO  Response to action: {
    "delivery": {
        "time": "2022-05-11T12:43:34.523Z",
        "log": [],
        "status": "PENDING"
    },
    "creationTime": "2022-05-11T12:43:34.511Z",
    "deviceName": "mythicc",
    "deviceId": "18809479",
    "self": "https://t493319102.eu-latest.cumulocity.com/devicecontrol/operations/18841036",
    "id": "18841036",
    "status": "PENDING",
    "description": "Apply software changes, triggered from PySys: [{'action': 'install', 'id': '5475369', 'name': 'asciijump', 'url': ' ', 'version': '::apt'}, {'action': 'install', 'id': '5474869', 'name': 'robotfindskitten', 'url': ' ', 'version': '::apt'}, {'action': 'install', 'id': '5475279', 'name': 'squirrel3', 'url': ' ', 'version': '::apt'}]",
    "c8y_SoftwareUpdate": [
        {
            "name": "asciijump",
            "action": "install",
            "id": "5475369",
            "version": "::apt",
            "url": " "
        },
        {
            "name": "robotfindskitten",
            "action": "install",
            "id": "5474869",
            "version": "::apt",
            "url": " "
        },
        {
            "name": "squirrel3",
            "action": "install",
            "id": "5475279",
            "version": "::apt",
            "url": " "
        }
    ]
}
12:43:34 INFO  Started operation: {'delivery': {'time': '2022-05-11T12:43:34.523Z', 'log': [], 'status': 'PENDING'}, 'creationTime': '2022-05-11T12:43:34.511Z', 'deviceName': 'mythicc', 'deviceId': '18809479', 'self': 'https://t493319102.eu-latest.cumulocity.com/devicecontrol/operations/18841036', 'id': '18841036', 'status': 'PENDING', 'description': "Apply software changes, triggered from PySys: [{'action': 'install', 'id': '5475369', 'name': 'asciijump', 'url': ' ', 'version': '::apt'}, {'action': 'install', 'id': '5474869', 'name': 'robotfindskitten', 'url': ' ', 'version': '::apt'}, {'action': 'install', 'id': '5475279', 'name': 'squirrel3', 'url': ' ', 'version': '::apt'}]", 'c8y_SoftwareUpdate': [{'name': 'asciijump', 'action': 'install', 'id': '5475369', 'version': '::apt', 'url': ' '}, {'name': 'robotfindskitten', 'action': 'install', 'id': '5474869', 'version': '::apt', 'url': ' '}, {'name': 'squirrel3', 'action': 'install', 'id': '5475279', 'version': '::apt', 'url': ' '}]}
12:43:36 INFO  State of operation 18841036 : PENDING
12:43:38 INFO  State of operation 18841036 : EXECUTING
12:43:41 INFO  State of operation 18841036 : EXECUTING
12:43:43 INFO  State of operation 18841036 : EXECUTING
12:43:45 INFO  State of operation 18841036 : EXECUTING
12:43:47 INFO  State of operation 18841036 : EXECUTING
12:43:50 INFO  State of operation 18841036 : EXECUTING
12:43:52 INFO  State of operation 18841036 : EXECUTING
12:43:56 INFO  State of operation 18841036 : EXECUTING
12:43:58 INFO  State of operation 18841036 : EXECUTING
12:44:00 INFO  State of operation 18841036 : EXECUTING
12:44:02 INFO  State of operation 18841036 : EXECUTING
12:44:05 INFO  State of operation 18841036 : EXECUTING
12:44:07 INFO  State of operation 18841036 : EXECUTING
12:44:09 INFO  State of operation 18841036 : EXECUTING
12:44:11 INFO  State of operation 18841036 : SUCCESSFUL
12:44:12 INFO  Assert that (False == value) with value=False ... passed
12:44:12 INFO  Package asciijump is installed
12:44:12 INFO  Assert that (True == value) with value=True ... passed
12:44:12 INFO  Package squirrel3 is installed
12:44:12 INFO  Assert that (True == value) with value=True ... passed
12:44:12 INFO  Package robotfindskitten is installed
12:44:12 INFO  Assert that (True == value) with value=True ... passed
12:44:12 INFO  Response status: 201
12:44:12 INFO  Response to action: {
    "delivery": {
        "time": "2022-05-11T12:44:12.959Z",
        "log": [],
        "status": "PENDING"
    },
    "creationTime": "2022-05-11T12:44:12.946Z",
    "deviceName": "mythicc",
    "deviceId": "18809479",
    "self": "https://t493319102.eu-latest.cumulocity.com/devicecontrol/operations/18841057",
    "id": "18841057",
    "status": "PENDING",
    "description": "Apply software changes, triggered from PySys: [{'action': 'delete', 'id': '5475369', 'name': 'asciijump', 'url': ' ', 'version': '::apt'}, {'action': 'delete', 'id': '5474869', 'name': 'robotfindskitten', 'url': ' ', 'version': '::apt'}, {'action': 'delete', 'id': '5475279', 'name': 'squirrel3', 'url': ' ', 'version': '::apt'}]",
    "c8y_SoftwareUpdate": [
        {
            "name": "asciijump",
            "action": "delete",
            "id": "5475369",
            "version": "::apt",
            "url": " "
        },
        {
            "name": "robotfindskitten",
            "action": "delete",
            "id": "5474869",
            "version": "::apt",
            "url": " "
        },
        {
            "name": "squirrel3",
            "action": "delete",
            "id": "5475279",
            "version": "::apt",
            "url": " "
        }
    ]
}
12:44:12 INFO  Started operation: {'delivery': {'time': '2022-05-11T12:44:12.959Z', 'log': [], 'status': 'PENDING'}, 'creationTime': '2022-05-11T12:44:12.946Z', 'deviceName': 'mythicc', 'deviceId': '18809479', 'self': 'https://t493319102.eu-latest.cumulocity.com/devicecontrol/operations/18841057', 'id': '18841057', 'status': 'PENDING', 'description': "Apply software changes, triggered from PySys: [{'action': 'delete', 'id': '5475369', 'name': 'asciijump', 'url': ' ', 'version': '::apt'}, {'action': 'delete', 'id': '5474869', 'name': 'robotfindskitten', 'url': ' ', 'version': '::apt'}, {'action': 'delete', 'id': '5475279', 'name': 'squirrel3', 'url': ' ', 'version': '::apt'}]", 'c8y_SoftwareUpdate': [{'name': 'asciijump', 'action': 'delete', 'id': '5475369', 'version': '::apt', 'url': ' '}, {'name': 'robotfindskitten', 'action': 'delete', 'id': '5474869', 'version': '::apt', 'url': ' '}, {'name': 'squirrel3', 'action': 'delete', 'id': '5475279', 'version': '::apt', 'url': ' '}]}
12:44:15 INFO  State of operation 18841057 : PENDING
12:44:17 INFO  State of operation 18841057 : EXECUTING
12:44:19 INFO  State of operation 18841057 : EXECUTING
12:44:21 INFO  State of operation 18841057 : EXECUTING
12:44:24 INFO  State of operation 18841057 : EXECUTING
12:44:26 INFO  State of operation 18841057 : EXECUTING
12:44:29 INFO  State of operation 18841057 : EXECUTING
12:44:32 INFO  State of operation 18841057 : EXECUTING
12:44:34 INFO  State of operation 18841057 : EXECUTING
12:44:37 INFO  State of operation 18841057 : EXECUTING
12:44:39 INFO  State of operation 18841057 : EXECUTING
12:44:41 INFO  State of operation 18841057 : EXECUTING
12:44:43 INFO  State of operation 18841057 : EXECUTING
12:44:46 INFO  State of operation 18841057 : EXECUTING
12:44:48 INFO  State of operation 18841057 : EXECUTING
12:44:50 INFO  State of operation 18841057 : EXECUTING
12:44:52 INFO  State of operation 18841057 : EXECUTING
12:44:55 INFO  State of operation 18841057 : EXECUTING
12:44:57 INFO  State of operation 18841057 : EXECUTING
12:45:00 INFO  State of operation 18841057 : EXECUTING
12:45:02 INFO  State of operation 18841057 : EXECUTING
12:45:05 INFO  State of operation 18841057 : EXECUTING
12:45:07 INFO  State of operation 18841057 : EXECUTING
12:45:09 INFO  State of operation 18841057 : EXECUTING
12:45:12 INFO  State of operation 18841057 : EXECUTING
12:45:14 INFO  State of operation 18841057 : EXECUTING
12:45:17 INFO  State of operation 18841057 : EXECUTING
12:45:19 INFO  State of operation 18841057 : EXECUTING
12:45:22 INFO  State of operation 18841057 : EXECUTING
12:45:24 INFO  State of operation 18841057 : EXECUTING
12:45:26 INFO  State of operation 18841057 : SUCCESSFUL
12:45:27 INFO  Assert that (False == value) with value=False ... passed
12:45:27 INFO  Assert that (False == value) with value=False ... passed
12:45:27 INFO  Assert that (False == value) with value=False ... passed
12:45:27 INFO  Assert that (False == value) with value=False ... passed
12:45:27 INFO  
12:45:27 INFO  cleanup:
12:45:31 INFO  Executed sudo&lt;tedge_disconnect_c8y&gt;, exit status 0
12:45:32 INFO  Executed systemctl&lt;serv_mapper5&gt;, exit status 3
12:45:32 INFO  
12:45:32 INFO  Test duration: 145.34 secs
12:45:32 INFO  Test final outcome:  FAILED
12:45:32 INFO  Test outcome reason: Assert that (False == value) with value=True (+2 other failures)
12:45:32 INFO  
</system-out>
	</testcase>
</testsuite><testsuite name="SoftwareManagement.sm_apt_install_remove_multiple_mixed" tests="3" errors="0" failures="2" skipped="1" time="0"><testcase classname="PySysTest" name="SoftwareManagement.sm_apt_install_remove_multiple_mixed">
		<skipped message="SKIPPED: Testing the apt plugin is not supported on this platform.Use parameter -XmyPlatform='container' to enable it" />
		<system-out>11:42:50 INFO  ==============================================================
11:42:50 INFO  Id:    SoftwareManagement.sm_apt_install_remove_multiple_mixed
11:42:50 INFO  Dir:   software_management_end_to_end/
11:42:50 INFO  Title: Validate end to end behaviour for the apt plugin for multiple packages with mixed versions
11:42:50 INFO  ==============================================================
11:42:50 INFO  Testing the apt plugin is not supported on this platform.Use parameter -XmyPlatform='container' to enable it ... skipped
11:42:50 WARN  Aborted test due to SKIPPED outcome
11:42:50 INFO  
11:42:50 INFO  Test duration: 0.04 secs
11:42:50 INFO  Test final outcome:  SKIPPED
11:42:50 INFO  Test outcome reason: Testing the apt plugin is not supported on this platform.Use parameter -XmyPlatform='container' to enable it
11:42:50 INFO  
</system-out>
	</testcase>
<testcase classname="PySysTest" name="SoftwareManagement.sm_apt_install_remove_multiple_mixed">
		<failure message="BLOCKED: SystemError: Timeout while waiting for status SUCCESSFUL or False" type="BLOCKED" />
		<system-out>12:19:03 INFO  ==============================================================
12:19:03 INFO  Id:    SoftwareManagement.sm_apt_install_remove_multiple_mixed
12:19:03 INFO  Dir:   software_management_end_to_end/
12:19:03 INFO  Title: Validate end to end behaviour for the apt plugin for multiple packages with mixed versions
12:19:03 INFO  ==============================================================
12:19:03 INFO  Using sw id database: {'asciijump': '5475369', 'robotfindskitten': '5474869', 'squirrel3': '5475279', 'rolldice': '5152439', 'moon-buggy': '5439204', 'apple': '5495053', 'banana': '5494888', 'cherry': '5495382', 'watermelon': '5494510', 'registry': '8018911', 'hello-world': '8021526', 'docker/getting-started': '8021973', 'alpine': '7991792'}
12:19:03 INFO  EnvironmentC8y Setup
12:19:04 INFO  Executed systemctl&lt;serv_mapper1&gt;, exit status 3
12:19:04 INFO  Restarting mosquitto too frequently in the last 10 seconds. It was only up for 5 seconds
12:19:04 INFO  Delaying execution by 6 seconds
12:19:24 INFO  Executed sudo&lt;tedge_connect_c8y&gt;, exit status 0, duration 13 secs
12:19:25 INFO  Executed sudo&lt;tedge_connect_c8y_test&gt;, exit status 0
12:19:25 INFO  Executed systemctl&lt;serv_mosq2&gt;, exit status 0
12:19:26 INFO  Executed systemctl&lt;serv_mapper3&gt;, exit status 0
12:19:28 INFO  State of current operation: SUCCESSFUL
12:19:28 INFO  Assert that (False == value) with value=False ... passed
12:19:28 INFO  Assert that (False == value) with value=False ... passed
12:19:28 INFO  Assert that (False == value) with value=False ... passed
12:19:29 INFO  Assert that (False == value) with value=False ... passed
12:19:29 INFO  Assert that (False == value) with value=False ... passed
12:19:30 INFO  Response status: 201
12:19:30 INFO  Response to action: {
    "delivery": {
        "time": "2022-05-11T12:19:30.643Z",
        "log": [],
        "status": "PENDING"
    },
    "creationTime": "2022-05-11T12:19:30.628Z",
    "deviceName": "mythicc",
    "deviceId": "18809479",
    "self": "https://t493319102.eu-latest.cumulocity.com/devicecontrol/operations/18840577",
    "id": "18840577",
    "status": "PENDING",
    "description": "Apply software changes, triggered from PySys: [{'action': 'install', 'id': '5475369', 'name': 'asciijump', 'url': ' ', 'version': '::apt'}, {'action': 'install', 'id': '5474869', 'name': 'robotfindskitten', 'url': ' ', 'version': ' '}, {'action': 'install', 'id': '5475279', 'name': 'squirrel3', 'url': ' ', 'version': '3.1-7::apt'}, {'action': 'install', 'id': '5152439', 'name': 'rolldice', 'url': ' ', 'version': '1.16-1+b1'}, {'action': 'install', 'id': '5439204', 'name': 'moon-buggy', 'url': ' ', 'version': '1:1.0.51-12'}, {'action': 'install', 'id': '5475369', 'name': 'asciijump', 'url': ' ', 'version': '::apt'}]",
    "c8y_SoftwareUpdate": [
        {
            "name": "asciijump",
            "action": "install",
            "id": "5475369",
            "version": "::apt",
            "url": " "
        },
        {
            "name": "robotfindskitten",
            "action": "install",
            "id": "5474869",
            "version": " ",
            "url": " "
        },
        {
            "name": "squirrel3",
            "action": "install",
            "id": "5475279",
            "version": "3.1-7::apt",
            "url": " "
        },
        {
            "name": "rolldice",
            "action": "install",
            "id": "5152439",
            "version": "1.16-1+b1",
            "url": " "
        },
        {
            "name": "moon-buggy",
            "action": "install",
            "id": "5439204",
            "version": "1:1.0.51-12",
            "url": " "
        },
        {
            "name": "asciijump",
            "action": "install",
            "id": "5475369",
            "version": "::apt",
            "url": " "
        }
    ]
}
12:19:30 INFO  Started operation: {'delivery': {'time': '2022-05-11T12:19:30.643Z', 'log': [], 'status': 'PENDING'}, 'creationTime': '2022-05-11T12:19:30.628Z', 'deviceName': 'mythicc', 'deviceId': '18809479', 'self': 'https://t493319102.eu-latest.cumulocity.com/devicecontrol/operations/18840577', 'id': '18840577', 'status': 'PENDING', 'description': "Apply software changes, triggered from PySys: [{'action': 'install', 'id': '5475369', 'name': 'asciijump', 'url': ' ', 'version': '::apt'}, {'action': 'install', 'id': '5474869', 'name': 'robotfindskitten', 'url': ' ', 'version': ' '}, {'action': 'install', 'id': '5475279', 'name': 'squirrel3', 'url': ' ', 'version': '3.1-7::apt'}, {'action': 'install', 'id': '5152439', 'name': 'rolldice', 'url': ' ', 'version': '1.16-1+b1'}, {'action': 'install', 'id': '5439204', 'name': 'moon-buggy', 'url': ' ', 'version': '1:1.0.51-12'}, {'action': 'install', 'id': '5475369', 'name': 'asciijump', 'url': ' ', 'version': '::apt'}]", 'c8y_SoftwareUpdate': [{'name': 'asciijump', 'action': 'install', 'id': '5475369', 'version': '::apt', 'url': ' '}, {'name': 'robotfindskitten', 'action': 'install', 'id': '5474869', 'version': ' ', 'url': ' '}, {'name': 'squirrel3', 'action': 'install', 'id': '5475279', 'version': '3.1-7::apt', 'url': ' '}, {'name': 'rolldice', 'action': 'install', 'id': '5152439', 'version': '1.16-1+b1', 'url': ' '}, {'name': 'moon-buggy', 'action': 'install', 'id': '5439204', 'version': '1:1.0.51-12', 'url': ' '}, {'name': 'asciijump', 'action': 'install', 'id': '5475369', 'version': '::apt', 'url': ' '}]}
12:19:32 INFO  State of operation 18840577 : PENDING
12:19:35 INFO  State of operation 18840577 : EXECUTING
12:19:37 INFO  State of operation 18840577 : EXECUTING
12:19:39 INFO  State of operation 18840577 : EXECUTING
12:19:41 INFO  State of operation 18840577 : EXECUTING
12:19:44 INFO  State of operation 18840577 : EXECUTING
12:19:46 INFO  State of operation 18840577 : EXECUTING
12:19:49 INFO  State of operation 18840577 : EXECUTING
12:19:52 INFO  State of operation 18840577 : EXECUTING
12:19:54 INFO  State of operation 18840577 : EXECUTING
12:19:57 INFO  State of operation 18840577 : EXECUTING
12:19:59 INFO  State of operation 18840577 : EXECUTING
12:20:01 INFO  State of operation 18840577 : EXECUTING
12:20:03 INFO  State of operation 18840577 : EXECUTING
12:20:06 INFO  State of operation 18840577 : EXECUTING
12:20:08 INFO  State of operation 18840577 : EXECUTING
12:20:10 INFO  State of operation 18840577 : EXECUTING
12:20:13 INFO  State of operation 18840577 : EXECUTING
12:20:15 INFO  State of operation 18840577 : EXECUTING
12:20:18 INFO  State of operation 18840577 : EXECUTING
12:20:20 INFO  State of operation 18840577 : EXECUTING
12:20:22 INFO  State of operation 18840577 : EXECUTING
12:20:25 INFO  State of operation 18840577 : EXECUTING
12:20:27 INFO  State of operation 18840577 : EXECUTING
12:20:29 INFO  State of operation 18840577 : EXECUTING
12:20:32 INFO  State of operation 18840577 : EXECUTING
12:20:34 INFO  State of operation 18840577 : EXECUTING
12:20:37 INFO  State of operation 18840577 : EXECUTING
12:20:39 INFO  State of operation 18840577 : EXECUTING
12:20:41 INFO  State of operation 18840577 : EXECUTING
12:20:44 INFO  State of operation 18840577 : EXECUTING
12:20:46 INFO  State of operation 18840577 : EXECUTING
12:20:48 INFO  State of operation 18840577 : EXECUTING
12:20:50 INFO  State of operation 18840577 : EXECUTING
12:20:53 INFO  State of operation 18840577 : EXECUTING
12:20:55 INFO  State of operation 18840577 : EXECUTING
12:20:57 INFO  State of operation 18840577 : EXECUTING
12:20:59 INFO  State of operation 18840577 : EXECUTING
12:21:02 INFO  State of operation 18840577 : EXECUTING
12:21:05 INFO  State of operation 18840577 : EXECUTING
12:21:07 INFO  State of operation 18840577 : EXECUTING
12:21:10 INFO  State of operation 18840577 : EXECUTING
12:21:12 INFO  State of operation 18840577 : EXECUTING
12:21:14 INFO  State of operation 18840577 : EXECUTING
12:21:16 INFO  State of operation 18840577 : EXECUTING
12:21:19 INFO  State of operation 18840577 : EXECUTING
12:21:21 INFO  State of operation 18840577 : EXECUTING
12:21:23 INFO  State of operation 18840577 : EXECUTING
12:21:25 INFO  State of operation 18840577 : EXECUTING
12:21:28 INFO  State of operation 18840577 : EXECUTING
12:21:30 INFO  State of operation 18840577 : EXECUTING
12:21:33 INFO  State of operation 18840577 : EXECUTING
12:21:35 INFO  State of operation 18840577 : EXECUTING
12:21:37 INFO  State of operation 18840577 : EXECUTING
12:21:39 INFO  State of operation 18840577 : EXECUTING
12:21:42 INFO  State of operation 18840577 : EXECUTING
12:21:44 INFO  State of operation 18840577 : EXECUTING
12:21:47 INFO  State of operation 18840577 : EXECUTING
12:21:49 INFO  State of operation 18840577 : EXECUTING
12:21:52 INFO  State of operation 18840577 : EXECUTING
12:21:54 INFO  State of operation 18840577 : EXECUTING
12:21:56 WARN  SystemError occurred while running test - Timeout while waiting for status SUCCESSFUL or False
Traceback (most recent call last):
  File "/home/pi/env-pysys/lib/python3.7/site-packages/pysys/baserunner.py", line 1294, in __call__
    self.testObj.execute()
  File "/home/pi/actions-runner/_work/thin-edge.io/thin-edge.io/tests/PySys/software_management_end_to_end/sm_apt_install_remove_multiple_mixed/run.py", line 89, in execute
    self.wait_until_succcess()
  File "/home/pi/actions-runner/_work/thin-edge.io/thin-edge.io/tests/PySys/software_management_end_to_end/environment_sm_management.py", line 324, in wait_until_succcess
    self.wait_until_status("SUCCESSFUL")
  File "/home/pi/actions-runner/_work/thin-edge.io/thin-edge.io/tests/PySys/software_management_end_to_end/environment_sm_management.py", line 381, in wait_until_status
    "Timeout while waiting for status %s or %s" % (status, status2)
SystemError: Timeout while waiting for status SUCCESSFUL or False
12:21:57 WARN  SystemError: Timeout while waiting for status SUCCESSFUL or False ... blocked 
12:21:57 INFO  
12:21:57 INFO  cleanup:
12:22:01 INFO  Executed sudo&lt;tedge_disconnect_c8y&gt;, exit status 0
12:22:02 INFO  Executed systemctl&lt;serv_mapper5&gt;, exit status 3
12:22:02 INFO  
12:22:02 INFO  Test duration: 178.79 secs
12:22:02 INFO  Test final outcome:  BLOCKED
12:22:02 INFO  Test outcome reason: SystemError: Timeout while waiting for status SUCCESSFUL or False
12:22:02 INFO  
</system-out>
	</testcase>
<testcase classname="PySysTest" name="SoftwareManagement.sm_apt_install_remove_multiple_mixed">
		<failure message="BLOCKED: SystemError: Timeout while waiting for status SUCCESSFUL or False (+1 other failures)" type="BLOCKED" />
		<system-out>12:45:32 INFO  ==============================================================
12:45:32 INFO  Id:    SoftwareManagement.sm_apt_install_remove_multiple_mixed
12:45:32 INFO  Dir:   software_management_end_to_end/
12:45:32 INFO  Title: Validate end to end behaviour for the apt plugin for multiple packages with mixed versions
12:45:32 INFO  ==============================================================
12:45:32 INFO  Using sw id database: {'asciijump': '5475369', 'robotfindskitten': '5474869', 'squirrel3': '5475279', 'rolldice': '5152439', 'moon-buggy': '5439204', 'apple': '5495053', 'banana': '5494888', 'cherry': '5495382', 'watermelon': '5494510', 'registry': '8018911', 'hello-world': '8021526', 'docker/getting-started': '8021973', 'alpine': '7991792'}
12:45:32 INFO  EnvironmentC8y Setup
12:45:33 INFO  Executed systemctl&lt;serv_mapper1&gt;, exit status 3
12:45:33 INFO  Restarting mosquitto too frequently in the last 10 seconds. It was only up for 5 seconds
12:45:33 INFO  Delaying execution by 6 seconds
12:45:53 INFO  Executed sudo&lt;tedge_connect_c8y&gt;, exit status 0, duration 14 secs
12:45:54 INFO  Executed sudo&lt;tedge_connect_c8y_test&gt;, exit status 0
12:45:54 INFO  Executed systemctl&lt;serv_mosq2&gt;, exit status 0
12:45:55 INFO  Executed systemctl&lt;serv_mapper3&gt;, exit status 0
12:45:57 INFO  State of current operation: SUCCESSFUL
12:45:57 INFO  Assert that (False == value) with value=False ... passed
12:45:57 INFO  Assert that (False == value) with value=False ... passed
12:45:58 INFO  Assert that (False == value) with value=False ... passed
12:45:58 INFO  Assert that (False == value) with value=False ... passed
12:45:58 INFO  Package moon-buggy is installed
12:45:58 WARN  Assert that (False == value) with value=True ... failed 
12:45:59 INFO  Response status: 201
12:45:59 INFO  Response to action: {
    "creationTime": "2022-05-11T12:45:59.898Z",
    "deviceName": "mythicc",
    "deviceId": "18809479",
    "self": "https://t493319102.eu-latest.cumulocity.com/devicecontrol/operations/18841099",
    "id": "18841099",
    "status": "PENDING",
    "description": "Apply software changes, triggered from PySys: [{'action': 'install', 'id': '5475369', 'name': 'asciijump', 'url': ' ', 'version': '::apt'}, {'action': 'install', 'id': '5474869', 'name': 'robotfindskitten', 'url': ' ', 'version': ' '}, {'action': 'install', 'id': '5475279', 'name': 'squirrel3', 'url': ' ', 'version': '3.1-7::apt'}, {'action': 'install', 'id': '5152439', 'name': 'rolldice', 'url': ' ', 'version': '1.16-1+b1'}, {'action': 'install', 'id': '5439204', 'name': 'moon-buggy', 'url': ' ', 'version': '1:1.0.51-12'}, {'action': 'install', 'id': '5475369', 'name': 'asciijump', 'url': ' ', 'version': '::apt'}]",
    "c8y_SoftwareUpdate": [
        {
            "name": "asciijump",
            "action": "install",
            "id": "5475369",
            "version": "::apt",
            "url": " "
        },
        {
            "name": "robotfindskitten",
            "action": "install",
            "id": "5474869",
            "version": " ",
            "url": " "
        },
        {
            "name": "squirrel3",
            "action": "install",
            "id": "5475279",
            "version": "3.1-7::apt",
            "url": " "
        },
        {
            "name": "rolldice",
            "action": "install",
            "id": "5152439",
            "version": "1.16-1+b1",
            "url": " "
        },
        {
            "name": "moon-buggy",
            "action": "install",
            "id": "5439204",
            "version": "1:1.0.51-12",
            "url": " "
        },
        {
            "name": "asciijump",
            "action": "install",
            "id": "5475369",
            "version": "::apt",
            "url": " "
        }
    ]
}
12:45:59 INFO  Started operation: {'creationTime': '2022-05-11T12:45:59.898Z', 'deviceName': 'mythicc', 'deviceId': '18809479', 'self': 'https://t493319102.eu-latest.cumulocity.com/devicecontrol/operations/18841099', 'id': '18841099', 'status': 'PENDING', 'description': "Apply software changes, triggered from PySys: [{'action': 'install', 'id': '5475369', 'name': 'asciijump', 'url': ' ', 'version': '::apt'}, {'action': 'install', 'id': '5474869', 'name': 'robotfindskitten', 'url': ' ', 'version': ' '}, {'action': 'install', 'id': '5475279', 'name': 'squirrel3', 'url': ' ', 'version': '3.1-7::apt'}, {'action': 'install', 'id': '5152439', 'name': 'rolldice', 'url': ' ', 'version': '1.16-1+b1'}, {'action': 'install', 'id': '5439204', 'name': 'moon-buggy', 'url': ' ', 'version': '1:1.0.51-12'}, {'action': 'install', 'id': '5475369', 'name': 'asciijump', 'url': ' ', 'version': '::apt'}]", 'c8y_SoftwareUpdate': [{'name': 'asciijump', 'action': 'install', 'id': '5475369', 'version': '::apt', 'url': ' '}, {'name': 'robotfindskitten', 'action': 'install', 'id': '5474869', 'version': ' ', 'url': ' '}, {'name': 'squirrel3', 'action': 'install', 'id': '5475279', 'version': '3.1-7::apt', 'url': ' '}, {'name': 'rolldice', 'action': 'install', 'id': '5152439', 'version': '1.16-1+b1', 'url': ' '}, {'name': 'moon-buggy', 'action': 'install', 'id': '5439204', 'version': '1:1.0.51-12', 'url': ' '}, {'name': 'asciijump', 'action': 'install', 'id': '5475369', 'version': '::apt', 'url': ' '}]}
12:46:02 INFO  State of operation 18841099 : PENDING
12:46:04 INFO  State of operation 18841099 : EXECUTING
12:46:06 INFO  State of operation 18841099 : EXECUTING
12:46:08 INFO  State of operation 18841099 : EXECUTING
12:46:11 INFO  State of operation 18841099 : EXECUTING
12:46:13 INFO  State of operation 18841099 : EXECUTING
12:46:16 INFO  State of operation 18841099 : EXECUTING
12:46:19 INFO  State of operation 18841099 : EXECUTING
12:46:21 INFO  State of operation 18841099 : EXECUTING
12:46:23 INFO  State of operation 18841099 : EXECUTING
12:46:26 INFO  State of operation 18841099 : EXECUTING
12:46:28 INFO  State of operation 18841099 : EXECUTING
12:46:30 INFO  State of operation 18841099 : EXECUTING
12:46:32 INFO  State of operation 18841099 : EXECUTING
12:46:35 INFO  State of operation 18841099 : EXECUTING
12:46:37 INFO  State of operation 18841099 : EXECUTING
12:46:39 INFO  State of operation 18841099 : EXECUTING
12:46:42 INFO  State of operation 18841099 : EXECUTING
12:46:44 INFO  State of operation 18841099 : EXECUTING
12:46:47 INFO  State of operation 18841099 : EXECUTING
12:46:49 INFO  State of operation 18841099 : EXECUTING
12:46:51 INFO  State of operation 18841099 : EXECUTING
12:46:54 INFO  State of operation 18841099 : EXECUTING
12:46:56 INFO  State of operation 18841099 : EXECUTING
12:47:00 INFO  State of operation 18841099 : EXECUTING
12:47:02 INFO  State of operation 18841099 : EXECUTING
12:47:05 INFO  State of operation 18841099 : EXECUTING
12:47:07 INFO  State of operation 18841099 : EXECUTING
12:47:10 INFO  State of operation 18841099 : EXECUTING
12:47:12 INFO  State of operation 18841099 : EXECUTING
12:47:14 INFO  State of operation 18841099 : EXECUTING
12:47:17 INFO  State of operation 18841099 : EXECUTING
12:47:19 INFO  State of operation 18841099 : EXECUTING
12:47:21 INFO  State of operation 18841099 : EXECUTING
12:47:23 INFO  State of operation 18841099 : EXECUTING
12:47:26 INFO  State of operation 18841099 : EXECUTING
12:47:28 INFO  State of operation 18841099 : EXECUTING
12:47:30 INFO  State of operation 18841099 : EXECUTING
12:47:33 INFO  State of operation 18841099 : EXECUTING
12:47:35 INFO  State of operation 18841099 : EXECUTING
12:47:38 INFO  State of operation 18841099 : EXECUTING
12:47:40 INFO  State of operation 18841099 : EXECUTING
12:47:43 INFO  State of operation 18841099 : EXECUTING
12:47:45 INFO  State of operation 18841099 : EXECUTING
12:47:47 INFO  State of operation 18841099 : EXECUTING
12:47:49 INFO  State of operation 18841099 : EXECUTING
12:47:52 INFO  State of operation 18841099 : EXECUTING
12:47:54 INFO  State of operation 18841099 : EXECUTING
12:47:56 INFO  State of operation 18841099 : EXECUTING
12:48:00 INFO  State of operation 18841099 : EXECUTING
12:48:03 INFO  State of operation 18841099 : EXECUTING
12:48:05 INFO  State of operation 18841099 : EXECUTING
12:48:07 INFO  State of operation 18841099 : EXECUTING
12:48:10 INFO  State of operation 18841099 : EXECUTING
12:48:12 INFO  State of operation 18841099 : EXECUTING
12:48:14 INFO  State of operation 18841099 : EXECUTING
12:48:17 INFO  State of operation 18841099 : EXECUTING
12:48:19 INFO  State of operation 18841099 : EXECUTING
12:48:21 INFO  State of operation 18841099 : EXECUTING
12:48:23 INFO  State of operation 18841099 : EXECUTING
12:48:26 INFO  State of operation 18841099 : EXECUTING
12:48:28 WARN  SystemError occurred while running test - Timeout while waiting for status SUCCESSFUL or False
Traceback (most recent call last):
  File "/home/pi/env-pysys/lib/python3.7/site-packages/pysys/baserunner.py", line 1294, in __call__
    self.testObj.execute()
  File "/home/pi/actions-runner/_work/thin-edge.io/thin-edge.io/tests/PySys/software_management_end_to_end/sm_apt_install_remove_multiple_mixed/run.py", line 89, in execute
    self.wait_until_succcess()
  File "/home/pi/actions-runner/_work/thin-edge.io/thin-edge.io/tests/PySys/software_management_end_to_end/environment_sm_management.py", line 324, in wait_until_succcess
    self.wait_until_status("SUCCESSFUL")
  File "/home/pi/actions-runner/_work/thin-edge.io/thin-edge.io/tests/PySys/software_management_end_to_end/environment_sm_management.py", line 381, in wait_until_status
    "Timeout while waiting for status %s or %s" % (status, status2)
SystemError: Timeout while waiting for status SUCCESSFUL or False
12:48:28 WARN  SystemError: Timeout while waiting for status SUCCESSFUL or False ... blocked 
12:48:28 INFO  
12:48:28 INFO  cleanup:
12:48:34 INFO  Executed sudo&lt;tedge_disconnect_c8y&gt;, exit status 0
12:48:35 INFO  Executed systemctl&lt;serv_mapper5&gt;, exit status 3
12:48:35 INFO  
12:48:35 INFO  Test duration: 183.15 secs
12:48:35 INFO  Test final outcome:  BLOCKED
12:48:35 INFO  Test outcome reason: SystemError: Timeout while waiting for status SUCCESSFUL or False (+1 other failures)
12:48:35 INFO  
</system-out>
	</testcase>
</testsuite><testsuite name="SoftwareManagement.sm_apt_install_remove_with_version" tests="3" errors="0" failures="0" skipped="1" time="0"><testcase classname="PySysTest" name="SoftwareManagement.sm_apt_install_remove_with_version">
		<skipped message="SKIPPED: Testing the apt plugin is not supported on this platform.Use parameter -XmyPlatform='container' to enable it" />
		<system-out>11:42:50 INFO  ==============================================================
11:42:50 INFO  Id:    SoftwareManagement.sm_apt_install_remove_with_version
11:42:50 INFO  Dir:   software_management_end_to_end/
11:42:50 INFO  Title: Validate end to end behaviour for the apt plugin for packages with version
11:42:50 INFO  ==============================================================
11:42:50 INFO  Testing the apt plugin is not supported on this platform.Use parameter -XmyPlatform='container' to enable it ... skipped
11:42:50 WARN  Aborted test due to SKIPPED outcome
11:42:50 INFO  
11:42:50 INFO  Test duration: 0.03 secs
11:42:50 INFO  Test final outcome:  SKIPPED
11:42:50 INFO  Test outcome reason: Testing the apt plugin is not supported on this platform.Use parameter -XmyPlatform='container' to enable it
11:42:50 INFO  
</system-out>
	</testcase>
<testcase classname="PySysTest" name="SoftwareManagement.sm_apt_install_remove_with_version" />
<testcase classname="PySysTest" name="SoftwareManagement.sm_apt_install_remove_with_version" />
</testsuite><testsuite name="SoftwareManagement.sm_docker_install_remove_multiple" tests="3" errors="0" failures="1" skipped="1" time="0"><testcase classname="SMDockerInstallRemove" name="SoftwareManagement.sm_docker_install_remove_multiple">
		<skipped message="SKIPPED: Testing the apt plugin is not supported on this platform.Use parameter -XmyPlatform='container' to enable it" />
		<system-out>11:42:50 INFO  ==============================================================
11:42:50 INFO  Id:    SoftwareManagement.sm_docker_install_remove_multiple
11:42:50 INFO  Dir:   software_management_end_to_end/
11:42:50 INFO  Title: Validate end to end behaviour for the docker plugin for multiple docker images with mixed versions
11:42:50 INFO  ==============================================================
11:42:50 INFO  Testing the apt plugin is not supported on this platform.Use parameter -XmyPlatform='container' to enable it ... skipped
11:42:50 WARN  Aborted test due to SKIPPED outcome
11:42:50 INFO  
11:42:50 INFO  Test duration: 0.03 secs
11:42:50 INFO  Test final outcome:  SKIPPED
11:42:50 INFO  Test outcome reason: Testing the apt plugin is not supported on this platform.Use parameter -XmyPlatform='container' to enable it
11:42:50 INFO  
</system-out>
	</testcase>
<testcase classname="SMDockerInstallRemove" name="SoftwareManagement.sm_docker_install_remove_multiple" />
<testcase classname="SMDockerInstallRemove" name="SoftwareManagement.sm_docker_install_remove_multiple">
		<failure message="BLOCKED: SystemError: The operation has failed" type="BLOCKED" />
		<system-out>12:51:15 INFO  ==============================================================
12:51:15 INFO  Id:    SoftwareManagement.sm_docker_install_remove_multiple
12:51:15 INFO  Dir:   software_management_end_to_end/
12:51:15 INFO  Title: Validate end to end behaviour for the docker plugin for multiple docker images with mixed versions
12:51:15 INFO  ==============================================================
12:51:15 INFO  Using sw id database: {'asciijump': '5475369', 'robotfindskitten': '5474869', 'squirrel3': '5475279', 'rolldice': '5152439', 'moon-buggy': '5439204', 'apple': '5495053', 'banana': '5494888', 'cherry': '5495382', 'watermelon': '5494510', 'registry': '8018911', 'hello-world': '8021526', 'docker/getting-started': '8021973', 'alpine': '7991792'}
12:51:15 INFO  EnvironmentC8y Setup
12:51:16 INFO  Executed systemctl&lt;serv_mapper1&gt;, exit status 3
12:51:16 INFO  Restarting mosquitto too frequently in the last 10 seconds. It was only up for 5 seconds
12:51:16 INFO  Delaying execution by 6 seconds
12:51:36 INFO  Executed sudo&lt;tedge_connect_c8y&gt;, exit status 0, duration 14 secs
12:51:37 INFO  Executed sudo&lt;tedge_connect_c8y_test&gt;, exit status 0
12:51:37 INFO  Executed systemctl&lt;serv_mosq2&gt;, exit status 0
12:51:38 INFO  Executed systemctl&lt;serv_mapper3&gt;, exit status 0
12:51:40 INFO  State of current operation: SUCCESSFUL
12:51:40 INFO  Response status: 201
12:51:40 INFO  Response to action: {
    "creationTime": "2022-05-11T12:51:40.655Z",
    "deviceName": "mythicc",
    "deviceId": "18809479",
    "self": "https://t493319102.eu-latest.cumulocity.com/devicecontrol/operations/18857201",
    "id": "18857201",
    "status": "PENDING",
    "description": "Apply software changes, triggered from PySys: [{'action': 'install', 'id': '8021526', 'name': 'hello-world', 'url': '', 'version': '::docker'}, {'action': 'install', 'id': '8018911', 'name': 'registry', 'url': '', 'version': '2.6.2::docker'}]",
    "c8y_SoftwareUpdate": [
        {
            "name": "hello-world",
            "action": "install",
            "id": "8021526",
            "version": "::docker",
            "url": ""
        },
        {
            "name": "registry",
            "action": "install",
            "id": "8018911",
            "version": "2.6.2::docker",
            "url": ""
        }
    ]
}
12:51:40 INFO  Started operation: {'creationTime': '2022-05-11T12:51:40.655Z', 'deviceName': 'mythicc', 'deviceId': '18809479', 'self': 'https://t493319102.eu-latest.cumulocity.com/devicecontrol/operations/18857201', 'id': '18857201', 'status': 'PENDING', 'description': "Apply software changes, triggered from PySys: [{'action': 'install', 'id': '8021526', 'name': 'hello-world', 'url': '', 'version': '::docker'}, {'action': 'install', 'id': '8018911', 'name': 'registry', 'url': '', 'version': '2.6.2::docker'}]", 'c8y_SoftwareUpdate': [{'name': 'hello-world', 'action': 'install', 'id': '8021526', 'version': '::docker', 'url': ''}, {'name': 'registry', 'action': 'install', 'id': '8018911', 'version': '2.6.2::docker', 'url': ''}]}
12:51:42 INFO  State of operation 18857201 : PENDING
12:51:45 INFO  State of operation 18857201 : EXECUTING
12:51:47 INFO  State of operation 18857201 : EXECUTING
12:51:49 INFO  State of operation 18857201 : EXECUTING
12:51:51 INFO  State of operation 18857201 : EXECUTING
12:51:54 INFO  State of operation 18857201 : FAILED
12:51:54 ERROR Stopping as the operation has failed
12:51:54 WARN  SystemError occurred while running test - The operation has failed
Traceback (most recent call last):
  File "/home/pi/env-pysys/lib/python3.7/site-packages/pysys/baserunner.py", line 1292, in __call__
    self.testObj.setup()
  File "/home/pi/actions-runner/_work/thin-edge.io/thin-edge.io/tests/PySys/software_management_end_to_end/sm_docker_install_remove_multiple/run.py", line 55, in setup
    self.wait_until_succcess()
  File "/home/pi/actions-runner/_work/thin-edge.io/thin-edge.io/tests/PySys/software_management_end_to_end/environment_sm_management.py", line 324, in wait_until_succcess
    self.wait_until_status("SUCCESSFUL")
  File "/home/pi/actions-runner/_work/thin-edge.io/thin-edge.io/tests/PySys/software_management_end_to_end/environment_sm_management.py", line 361, in wait_until_status
    raise SystemError("The operation has failed")
SystemError: The operation has failed
12:51:54 WARN  SystemError: The operation has failed ... blocked 
12:51:54 INFO  
12:51:54 INFO  cleanup:
12:51:58 INFO  Executed sudo&lt;tedge_disconnect_c8y&gt;, exit status 0
12:51:58 INFO  Executed systemctl&lt;serv_mapper5&gt;, exit status 3
12:51:58 INFO  
12:51:58 INFO  Test duration: 43.42 secs
12:51:58 INFO  Test final outcome:  BLOCKED
12:51:58 INFO  Test outcome reason: SystemError: The operation has failed
12:51:58 INFO  
</system-out>
	</testcase>
</testsuite><testsuite name="SoftwareManagement.sm_fake_install_remove" tests="2" errors="0" failures="0" skipped="1" time="0"><testcase classname="PySysTest" name="SoftwareManagement.sm_fake_install_remove">
		<skipped message="SKIPPED: Testing the fake plugin is not enabled.Use parameter -Xfakeplugin=fakeplugin to enable it" />
		<system-out>11:42:50 INFO  ==============================================================
11:42:50 INFO  Id:    SoftwareManagement.sm_fake_install_remove
11:42:50 INFO  Dir:   software_management_end_to_end/
11:42:50 INFO  Title: Validate end to end behaviour for the dummy plugin for installation and removal of packages
11:42:50 INFO  ==============================================================
11:42:50 INFO  Testing the fake plugin is not enabled.Use parameter -Xfakeplugin=fakeplugin to enable it ... skipped
11:42:50 WARN  Aborted test due to SKIPPED outcome
11:42:50 INFO  
11:42:50 INFO  Test duration: 0.02 secs
11:42:50 INFO  Test final outcome:  SKIPPED
11:42:50 INFO  Test outcome reason: Testing the fake plugin is not enabled.Use parameter -Xfakeplugin=fakeplugin to enable it
11:42:50 INFO  
</system-out>
	</testcase>
<testcase classname="PySysTest" name="SoftwareManagement.sm_fake_install_remove" />
</testsuite><testsuite name="SoftwareManagement.sm_fake_install_remove_multiple" tests="2" errors="0" failures="0" skipped="1" time="0"><testcase classname="PySysTest" name="SoftwareManagement.sm_fake_install_remove_multiple">
		<skipped message="SKIPPED: Testing the fake plugin is not enabled.Use parameter -Xfakeplugin=fakeplugin to enable it" />
		<system-out>11:42:50 INFO  ==============================================================
11:42:50 INFO  Id:    SoftwareManagement.sm_fake_install_remove_multiple
11:42:50 INFO  Dir:   software_management_end_to_end/
11:42:50 INFO  Title: Validate end to end behaviour for the dummy-plugin for multiple packages
11:42:50 INFO  ==============================================================
11:42:50 INFO  Testing the fake plugin is not enabled.Use parameter -Xfakeplugin=fakeplugin to enable it ... skipped
11:42:50 WARN  Aborted test due to SKIPPED outcome
11:42:50 INFO  
11:42:50 INFO  Test duration: 0.02 secs
11:42:50 INFO  Test final outcome:  SKIPPED
11:42:50 INFO  Test outcome reason: Testing the fake plugin is not enabled.Use parameter -Xfakeplugin=fakeplugin to enable it
11:42:50 INFO  
</system-out>
	</testcase>
<testcase classname="PySysTest" name="SoftwareManagement.sm_fake_install_remove_multiple" />
</testsuite><testsuite name="SoftwareManagement.sm_mapper_fail_and_reconnect" tests="2" errors="0" failures="0" skipped="2" time="0"><testcase classname="MapperC8yReceiveLastMessageOnRestart" name="SoftwareManagement.sm_mapper_fail_and_reconnect">
		<skipped message="SKIPPED: instable https://github.com/thin-edge/thin-edge.io/issues/752" />
		<system-out>11:42:50 INFO  ==============================================================
11:42:50 INFO  Id:    SoftwareManagement.sm_mapper_fail_and_reconnect
11:42:50 INFO  Dir:   software_management_end_to_end/
11:42:50 INFO  Title: Validate the tedge-mapper-sm-c8y for receiving the last message on restart
11:42:50 INFO  ==============================================================
11:42:50 INFO  instable https://github.com/thin-edge/thin-edge.io/issues/752 ... skipped
11:42:50 INFO  
11:42:50 INFO  Test duration: 0.02 secs
11:42:50 INFO  Test final outcome:  SKIPPED
11:42:50 INFO  Test outcome reason: instable https://github.com/thin-edge/thin-edge.io/issues/752
11:42:50 INFO  
</system-out>
	</testcase>
<testcase classname="MapperC8yReceiveLastMessageOnRestart" name="SoftwareManagement.sm_mapper_fail_and_reconnect">
		<skipped message="SKIPPED: instable https://github.com/thin-edge/thin-edge.io/issues/752" />
		<system-out>12:53:36 INFO  ==============================================================
12:53:36 INFO  Id:    SoftwareManagement.sm_mapper_fail_and_reconnect
12:53:36 INFO  Dir:   software_management_end_to_end/
12:53:36 INFO  Title: Validate the tedge-mapper-sm-c8y for receiving the last message on restart
12:53:36 INFO  ==============================================================
12:53:36 INFO  instable https://github.com/thin-edge/thin-edge.io/issues/752 ... skipped
12:53:36 INFO  
12:53:36 INFO  Test duration: 0.04 secs
12:53:36 INFO  Test final outcome:  SKIPPED
12:53:36 INFO  Test outcome reason: instable https://github.com/thin-edge/thin-edge.io/issues/752
12:53:36 INFO  
</system-out>
	</testcase>
</testsuite><testsuite name="SoftwareManagement.sm_mixed_install_remove_multiple" tests="2" errors="0" failures="1" skipped="1" time="0"><testcase classname="PySysTest" name="SoftwareManagement.sm_mixed_install_remove_multiple">
		<skipped message="SKIPPED: Testing the fake plugin is not enabled.Use parameter -Xfakeplugin=fakeplugin to enable it" />
		<system-out>11:42:50 INFO  ==============================================================
11:42:50 INFO  Id:    SoftwareManagement.sm_mixed_install_remove_multiple
11:42:50 INFO  Dir:   software_management_end_to_end/
11:42:50 INFO  Title: Validate end to end behaviour for the dummy-plugin for multiple packages with mixed versions
11:42:50 INFO  ==============================================================
11:42:50 INFO  Testing the fake plugin is not enabled.Use parameter -Xfakeplugin=fakeplugin to enable it ... skipped
11:42:50 WARN  Aborted test due to SKIPPED outcome
11:42:50 INFO  
11:42:50 INFO  Test duration: 0.02 secs
11:42:50 INFO  Test final outcome:  SKIPPED
11:42:50 INFO  Test outcome reason: Testing the fake plugin is not enabled.Use parameter -Xfakeplugin=fakeplugin to enable it
11:42:50 INFO  
</system-out>
	</testcase>
<testcase classname="PySysTest" name="SoftwareManagement.sm_mixed_install_remove_multiple">
		<failure message="BLOCKED: SystemError: The operation has failed (+1 other failures)" type="BLOCKED" />
		<system-out>12:53:36 INFO  ==============================================================
12:53:36 INFO  Id:    SoftwareManagement.sm_mixed_install_remove_multiple
12:53:36 INFO  Dir:   software_management_end_to_end/
12:53:36 INFO  Title: Validate end to end behaviour for the dummy-plugin for multiple packages with mixed versions
12:53:36 INFO  ==============================================================
12:53:36 INFO  Using sw id database: {'asciijump': '5475369', 'robotfindskitten': '5474869', 'squirrel3': '5475279', 'rolldice': '5152439', 'moon-buggy': '5439204', 'apple': '5495053', 'banana': '5494888', 'cherry': '5495382', 'watermelon': '5494510', 'registry': '8018911', 'hello-world': '8021526', 'docker/getting-started': '8021973', 'alpine': '7991792'}
12:53:36 INFO  EnvironmentC8y Setup
12:53:37 INFO  Executed systemctl&lt;serv_mapper1&gt;, exit status 3
12:53:37 INFO  Restarting mosquitto too frequently in the last 10 seconds. It was only up for 5 seconds
12:53:37 INFO  Delaying execution by 6 seconds
12:53:57 INFO  Executed sudo&lt;tedge_connect_c8y&gt;, exit status 0, duration 14 secs
12:53:58 INFO  Executed sudo&lt;tedge_connect_c8y_test&gt;, exit status 0
12:53:58 INFO  Executed systemctl&lt;serv_mosq2&gt;, exit status 0
12:53:59 INFO  Executed systemctl&lt;serv_mapper3&gt;, exit status 0
12:54:01 INFO  State of current operation: SUCCESSFUL
12:54:01 INFO  Package apple is installed
12:54:01 INFO  Assert that (True == value) with value=True ... passed
12:54:01 INFO  Package banana is installed
12:54:01 INFO  Assert that (True == value) with value=True ... passed
12:54:02 INFO  Package cherry is installed
12:54:02 INFO  Assert that (True == value) with value=True ... passed
12:54:02 INFO  Package asciijump is installed
12:54:02 WARN  Assert that (False == value) with value=True ... failed 
12:54:02 INFO  Assert that (False == value) with value=False ... passed
12:54:02 INFO  Response status: 201
12:54:02 INFO  Response to action: {
    "creationTime": "2022-05-11T12:54:02.918Z",
    "deviceName": "mythicc",
    "deviceId": "18809479",
    "self": "https://t493319102.eu-latest.cumulocity.com/devicecontrol/operations/18857270",
    "id": "18857270",
    "status": "PENDING",
    "description": "Apply software changes, triggered from PySys: [{'action': 'install', 'id': '5495053', 'name': 'apple', 'url': ' ', 'version': '::fruits'}, {'action': 'install', 'id': '5494888', 'name': 'banana', 'url': ' ', 'version': '::fruits'}, {'action': 'install', 'id': '5475369', 'name': 'asciijump', 'url': ' ', 'version': '::apt'}, {'action': 'install', 'id': '5495382', 'name': 'cherry', 'url': ' ', 'version': '::fruits'}, {'action': 'install', 'id': '8018911', 'name': 'registry', 'url': ' ', 'version': '::docker'}]",
    "c8y_SoftwareUpdate": [
        {
            "name": "apple",
            "action": "install",
            "id": "5495053",
            "version": "::fruits",
            "url": " "
        },
        {
            "name": "banana",
            "action": "install",
            "id": "5494888",
            "version": "::fruits",
            "url": " "
        },
        {
            "name": "asciijump",
            "action": "install",
            "id": "5475369",
            "version": "::apt",
            "url": " "
        },
        {
            "name": "cherry",
            "action": "install",
            "id": "5495382",
            "version": "::fruits",
            "url": " "
        },
        {
            "name": "registry",
            "action": "install",
            "id": "8018911",
            "version": "::docker",
            "url": " "
        }
    ]
}
12:54:02 INFO  Started operation: {'creationTime': '2022-05-11T12:54:02.918Z', 'deviceName': 'mythicc', 'deviceId': '18809479', 'self': 'https://t493319102.eu-latest.cumulocity.com/devicecontrol/operations/18857270', 'id': '18857270', 'status': 'PENDING', 'description': "Apply software changes, triggered from PySys: [{'action': 'install', 'id': '5495053', 'name': 'apple', 'url': ' ', 'version': '::fruits'}, {'action': 'install', 'id': '5494888', 'name': 'banana', 'url': ' ', 'version': '::fruits'}, {'action': 'install', 'id': '5475369', 'name': 'asciijump', 'url': ' ', 'version': '::apt'}, {'action': 'install', 'id': '5495382', 'name': 'cherry', 'url': ' ', 'version': '::fruits'}, {'action': 'install', 'id': '8018911', 'name': 'registry', 'url': ' ', 'version': '::docker'}]", 'c8y_SoftwareUpdate': [{'name': 'apple', 'action': 'install', 'id': '5495053', 'version': '::fruits', 'url': ' '}, {'name': 'banana', 'action': 'install', 'id': '5494888', 'version': '::fruits', 'url': ' '}, {'name': 'asciijump', 'action': 'install', 'id': '5475369', 'version': '::apt', 'url': ' '}, {'name': 'cherry', 'action': 'install', 'id': '5495382', 'version': '::fruits', 'url': ' '}, {'name': 'registry', 'action': 'install', 'id': '8018911', 'version': '::docker', 'url': ' '}]}
12:54:05 INFO  State of operation 18857270 : PENDING
12:54:07 INFO  State of operation 18857270 : EXECUTING
12:54:09 INFO  State of operation 18857270 : EXECUTING
12:54:11 INFO  State of operation 18857270 : EXECUTING
12:54:14 INFO  State of operation 18857270 : EXECUTING
12:54:16 INFO  State of operation 18857270 : EXECUTING
12:54:18 INFO  State of operation 18857270 : EXECUTING
12:54:21 INFO  State of operation 18857270 : EXECUTING
12:54:23 INFO  State of operation 18857270 : EXECUTING
12:54:26 INFO  State of operation 18857270 : EXECUTING
12:54:28 INFO  State of operation 18857270 : EXECUTING
12:54:30 INFO  State of operation 18857270 : EXECUTING
12:54:33 INFO  State of operation 18857270 : EXECUTING
12:54:35 INFO  State of operation 18857270 : EXECUTING
12:54:37 INFO  State of operation 18857270 : EXECUTING
12:54:39 INFO  State of operation 18857270 : EXECUTING
12:54:42 INFO  State of operation 18857270 : EXECUTING
12:54:44 INFO  State of operation 18857270 : FAILED
12:54:44 ERROR Stopping as the operation has failed
12:54:44 WARN  SystemError occurred while running test - The operation has failed
Traceback (most recent call last):
  File "/home/pi/env-pysys/lib/python3.7/site-packages/pysys/baserunner.py", line 1294, in __call__
    self.testObj.execute()
  File "/home/pi/actions-runner/_work/thin-edge.io/thin-edge.io/tests/PySys/software_management_end_to_end/sm_mixed_install_remove_multiple/run.py", line 95, in execute
    self.wait_until_succcess()
  File "/home/pi/actions-runner/_work/thin-edge.io/thin-edge.io/tests/PySys/software_management_end_to_end/environment_sm_management.py", line 324, in wait_until_succcess
    self.wait_until_status("SUCCESSFUL")
  File "/home/pi/actions-runner/_work/thin-edge.io/thin-edge.io/tests/PySys/software_management_end_to_end/environment_sm_management.py", line 361, in wait_until_status
    raise SystemError("The operation has failed")
SystemError: The operation has failed
12:54:44 WARN  SystemError: The operation has failed ... blocked 
12:54:44 INFO  
12:54:44 INFO  cleanup:
12:54:48 INFO  Executed sudo&lt;tedge_disconnect_c8y&gt;, exit status 0
12:54:49 INFO  Executed systemctl&lt;serv_mapper5&gt;, exit status 3
12:54:49 INFO  
12:54:49 INFO  Test duration: 72.41 secs
12:54:49 INFO  Test final outcome:  BLOCKED
12:54:49 INFO  Test outcome reason: SystemError: The operation has failed (+1 other failures)
12:54:49 INFO  
</system-out>
	</testcase>
</testsuite><testsuite name="agent_init_session" tests="1" errors="0" failures="1" skipped="0" time="0"><testcase classname="AgentInitSession" name="agent_init_session">
		<failure message="FAILED: Grep on sub_resp.out contains &quot;Ld3KgqpcLDlrYH6sfpG7w&quot;" type="FAILED" />
		<system-out>11:43:43 INFO  ==============================================================
11:43:43 INFO  Id:    agent_init_session
11:43:43 INFO  Dir:   tedge_agent/
11:43:43 INFO  Title: Validate tedge agent init session feature
11:43:43 INFO  ==============================================================
11:43:44 INFO  Executed sudo&lt;remove_lock&gt;, exit status 0
11:43:45 INFO  Executed sudo&lt;agent_clear&gt;, exit status 0
11:43:45 INFO  Executed sudo&lt;agent_init&gt;, exit status 0
11:43:46 INFO  Executed sudo&lt;pub_req&gt;, exit status 0
11:43:46 INFO  Started sudo&lt;sub_resp&gt; with process id 11419
11:43:46 INFO  Executed sudo&lt;agent_start&gt;, exit status 0
11:43:46 INFO  Waiting for 2.0 seconds
11:43:49 INFO  Executed sudo&lt;agent_stop&gt;, exit status 0
11:43:49 INFO  Executed sudo&lt;sub_stop&gt;, exit status 0
11:43:49 WARN  Grep on sub_resp.out contains "Ld3KgqpcLDlrYH6sfpG7w" ... failed [run.py:87]
11:43:49 INFO  
11:43:49 INFO  Test duration: 5.97 secs
11:43:49 INFO  Test final outcome:  FAILED
11:43:49 INFO  Test outcome reason: Grep on sub_resp.out contains "Ld3KgqpcLDlrYH6sfpG7w"
11:43:49 INFO  
</system-out>
	</testcase>
</testsuite><testsuite name="apt_fail_noarg" tests="2" errors="0" failures="0" skipped="1" time="0"><testcase classname="AptPluginFailNoArg" name="apt_fail_noarg">
		<skipped message="SKIPPED: Testing the apt plugin is not supported on this platform.To run the tests call PySys with -XmyPlatform='container'" />
		<system-out>11:33:04 INFO  ==============================================================
11:33:04 INFO  Id:    apt_fail_noarg
11:33:04 INFO  Dir:   plugin_apt/
11:33:04 INFO  Title: Validate apt plugin fetures(prepare, list, install, remove finalize) without arguments
11:33:04 INFO  ==============================================================
11:33:04 INFO  Testing the apt plugin is not supported on this platform.To run the tests call PySys with -XmyPlatform='container' ... skipped
11:33:04 WARN  Aborted test due to SKIPPED outcome
11:33:04 INFO  
11:33:04 INFO  Test duration: 0.09 secs
11:33:04 INFO  Test final outcome:  SKIPPED
11:33:04 INFO  Test outcome reason: Testing the apt plugin is not supported on this platform.To run the tests call PySys with -XmyPlatform='container'
11:33:04 INFO  
</system-out>
	</testcase>
<testcase classname="AptPluginFailNoArg" name="apt_fail_noarg" />
</testsuite><testsuite name="apt_finalize" tests="2" errors="0" failures="0" skipped="1" time="0"><testcase classname="AptPluginFinalize" name="apt_finalize">
		<skipped message="SKIPPED: Testing the apt plugin is not supported on this platform.To run the tests call PySys with -XmyPlatform='container'" />
		<system-out>11:33:04 INFO  ==============================================================
11:33:04 INFO  Id:    apt_finalize
11:33:04 INFO  Dir:   plugin_apt/
11:33:04 INFO  Title: Validate apt plugin finalize - dense version
11:33:04 INFO  ==============================================================
11:33:04 INFO  Testing the apt plugin is not supported on this platform.To run the tests call PySys with -XmyPlatform='container' ... skipped
11:33:04 WARN  Aborted test due to SKIPPED outcome
11:33:04 INFO  
11:33:04 INFO  Test duration: 0.02 secs
11:33:04 INFO  Test final outcome:  SKIPPED
11:33:04 INFO  Test outcome reason: Testing the apt plugin is not supported on this platform.To run the tests call PySys with -XmyPlatform='container'
11:33:04 INFO  
</system-out>
	</testcase>
<testcase classname="AptPluginFinalize" name="apt_finalize" />
</testsuite><testsuite name="apt_install" tests="2" errors="0" failures="0" skipped="1" time="0"><testcase classname="AptPluginInstallDense" name="apt_install">
		<skipped message="SKIPPED: Testing the apt plugin is not supported on this platform.To run the tests call PySys with -XmyPlatform='container'" />
		<system-out>11:33:04 INFO  ==============================================================
11:33:04 INFO  Id:    apt_install
11:33:04 INFO  Dir:   plugin_apt/
11:33:04 INFO  Title: Validate apt plugin prepare - dense version
11:33:04 INFO  ==============================================================
11:33:04 INFO  Testing the apt plugin is not supported on this platform.To run the tests call PySys with -XmyPlatform='container' ... skipped
11:33:04 WARN  Aborted test due to SKIPPED outcome
11:33:04 INFO  
11:33:04 INFO  Test duration: 0.02 secs
11:33:04 INFO  Test final outcome:  SKIPPED
11:33:04 INFO  Test outcome reason: Testing the apt plugin is not supported on this platform.To run the tests call PySys with -XmyPlatform='container'
11:33:04 INFO  
</system-out>
	</testcase>
<testcase classname="AptPluginInstallDense" name="apt_install" />
</testsuite><testsuite name="apt_install_fail" tests="2" errors="0" failures="0" skipped="1" time="0"><testcase classname="AptPluginInstallFail" name="apt_install_fail">
		<skipped message="SKIPPED: Testing the apt plugin is not supported on this platform.To run the tests call PySys with -XmyPlatform='container'" />
		<system-out>11:33:04 INFO  ==============================================================
11:33:04 INFO  Id:    apt_install_fail
11:33:04 INFO  Dir:   plugin_apt/
11:33:04 INFO  Title: Validate apt plugin prepare - failing
11:33:04 INFO  ==============================================================
11:33:04 INFO  Testing the apt plugin is not supported on this platform.To run the tests call PySys with -XmyPlatform='container' ... skipped
11:33:04 WARN  Aborted test due to SKIPPED outcome
11:33:04 INFO  
11:33:04 INFO  Test duration: 0.02 secs
11:33:04 INFO  Test final outcome:  SKIPPED
11:33:04 INFO  Test outcome reason: Testing the apt plugin is not supported on this platform.To run the tests call PySys with -XmyPlatform='container'
11:33:04 INFO  
</system-out>
	</testcase>
<testcase classname="AptPluginInstallFail" name="apt_install_fail" />
</testsuite><testsuite name="apt_install_local_file" tests="2" errors="0" failures="0" skipped="1" time="0"><testcase classname="AptPluginInstallFromLocalFile" name="apt_install_local_file">
		<skipped message="SKIPPED: Testing the apt plugin is not supported on this platform.To run the tests call PySys with -XmyPlatform='container'" />
		<system-out>11:33:04 INFO  ==============================================================
11:33:04 INFO  Id:    apt_install_local_file
11:33:04 INFO  Dir:   plugin_apt/
11:33:04 INFO  Title: Validate apt plugin install from local file - SUCCESS case
11:33:04 INFO  ==============================================================
11:33:04 INFO  Testing the apt plugin is not supported on this platform.To run the tests call PySys with -XmyPlatform='container' ... skipped
11:33:04 WARN  Aborted test due to SKIPPED outcome
11:33:04 INFO  
11:33:04 INFO  Test duration: 0.05 secs
11:33:04 INFO  Test final outcome:  SKIPPED
11:33:04 INFO  Test outcome reason: Testing the apt plugin is not supported on this platform.To run the tests call PySys with -XmyPlatform='container'
11:33:04 INFO  
</system-out>
	</testcase>
<testcase classname="AptPluginInstallFromLocalFile" name="apt_install_local_file" />
</testsuite><testsuite name="apt_install_local_file_fail" tests="2" errors="0" failures="0" skipped="1" time="0"><testcase classname="AptPluginInstallFromLocalFileFail" name="apt_install_local_file_fail">
		<skipped message="SKIPPED: Testing the apt plugin is not supported on this platform.To run the tests call PySys with -XmyPlatform='container'" />
		<system-out>11:33:04 INFO  ==============================================================
11:33:04 INFO  Id:    apt_install_local_file_fail
11:33:04 INFO  Dir:   plugin_apt/
11:33:04 INFO  Title: Validate apt plugin install from local file - FAIL case
11:33:04 INFO  ==============================================================
11:33:04 INFO  Testing the apt plugin is not supported on this platform.To run the tests call PySys with -XmyPlatform='container' ... skipped
11:33:04 WARN  Aborted test due to SKIPPED outcome
11:33:04 INFO  
11:33:04 INFO  Test duration: 0.02 secs
11:33:04 INFO  Test final outcome:  SKIPPED
11:33:04 INFO  Test outcome reason: Testing the apt plugin is not supported on this platform.To run the tests call PySys with -XmyPlatform='container'
11:33:04 INFO  
</system-out>
	</testcase>
<testcase classname="AptPluginInstallFromLocalFileFail" name="apt_install_local_file_fail" />
</testsuite><testsuite name="apt_install_local_file_with_version" tests="2" errors="0" failures="0" skipped="1" time="0"><testcase classname="AptPluginInstallFromLocalFileWithVersion" name="apt_install_local_file_with_version">
		<skipped message="SKIPPED: Testing the apt plugin is not supported on this platform.To run the tests call PySys with -XmyPlatform='container'" />
		<system-out>11:33:04 INFO  ==============================================================
11:33:04 INFO  Id:    apt_install_local_file_with_version
11:33:04 INFO  Dir:   plugin_apt/
11:33:04 INFO  Title: Validate apt plugin install from local file AND with a version - SUCCESS case
11:33:04 INFO  ==============================================================
11:33:04 INFO  Testing the apt plugin is not supported on this platform.To run the tests call PySys with -XmyPlatform='container' ... skipped
11:33:04 WARN  Aborted test due to SKIPPED outcome
11:33:04 INFO  
11:33:04 INFO  Test duration: 0.02 secs
11:33:04 INFO  Test final outcome:  SKIPPED
11:33:04 INFO  Test outcome reason: Testing the apt plugin is not supported on this platform.To run the tests call PySys with -XmyPlatform='container'
11:33:04 INFO  
</system-out>
	</testcase>
<testcase classname="AptPluginInstallFromLocalFileWithVersion" name="apt_install_local_file_with_version" />
</testsuite><testsuite name="apt_install_local_file_with_version_fail" tests="2" errors="0" failures="0" skipped="1" time="0"><testcase classname="AptPluginInstallFromLocalFileWithVersionFail" name="apt_install_local_file_with_version_fail">
		<skipped message="SKIPPED: Testing the apt plugin is not supported on this platform.To run the tests call PySys with -XmyPlatform='container'" />
		<system-out>11:33:04 INFO  ==============================================================
11:33:04 INFO  Id:    apt_install_local_file_with_version_fail
11:33:04 INFO  Dir:   plugin_apt/
11:33:04 INFO  Title: Validate apt plugin install from local file AND with a version - FAIL case
11:33:04 INFO  ==============================================================
11:33:04 INFO  Testing the apt plugin is not supported on this platform.To run the tests call PySys with -XmyPlatform='container' ... skipped
11:33:04 WARN  Aborted test due to SKIPPED outcome
11:33:04 INFO  
11:33:04 INFO  Test duration: 0.02 secs
11:33:04 INFO  Test final outcome:  SKIPPED
11:33:04 INFO  Test outcome reason: Testing the apt plugin is not supported on this platform.To run the tests call PySys with -XmyPlatform='container'
11:33:04 INFO  
</system-out>
	</testcase>
<testcase classname="AptPluginInstallFromLocalFileWithVersionFail" name="apt_install_local_file_with_version_fail" />
</testsuite><testsuite name="apt_list_format" tests="2" errors="0" failures="0" skipped="0" time="0"><testcase classname="AptPluginListFormat" name="apt_list_format" />
<testcase classname="AptPluginListFormat" name="apt_list_format" />
</testsuite><testsuite name="apt_prepare" tests="2" errors="0" failures="0" skipped="1" time="0"><testcase classname="AptPluginPrepare" name="apt_prepare">
		<skipped message="SKIPPED: Testing the apt plugin is not supported on this platform.To run the tests call PySys with -XmyPlatform='container'" />
		<system-out>11:33:07 INFO  ==============================================================
11:33:07 INFO  Id:    apt_prepare
11:33:07 INFO  Dir:   plugin_apt/
11:33:07 INFO  Title: Validate apt plugin install - dense version
11:33:07 INFO  ==============================================================
11:33:08 INFO  Testing the apt plugin is not supported on this platform.To run the tests call PySys with -XmyPlatform='container' ... skipped
11:33:08 WARN  Aborted test due to SKIPPED outcome
11:33:08 INFO  
11:33:08 INFO  Test duration: 0.04 secs
11:33:08 INFO  Test final outcome:  SKIPPED
11:33:08 INFO  Test outcome reason: Testing the apt plugin is not supported on this platform.To run the tests call PySys with -XmyPlatform='container'
11:33:08 INFO  
</system-out>
	</testcase>
<testcase classname="AptPluginPrepare" name="apt_prepare" />
</testsuite><testsuite name="apt_prepare_install_finalize" tests="2" errors="0" failures="0" skipped="1" time="0"><testcase classname="AptPluginPrepareInstallFinalize" name="apt_prepare_install_finalize">
		<skipped message="SKIPPED: Testing the apt plugin is not supported on this platform.To run the tests call PySys with -XmyPlatform='container'" />
		<system-out>11:33:08 INFO  ==============================================================
11:33:08 INFO  Id:    apt_prepare_install_finalize
11:33:08 INFO  Dir:   plugin_apt/
11:33:08 INFO  Title: Validate apt plugin install use case
11:33:08 INFO  ==============================================================
11:33:08 INFO  Testing the apt plugin is not supported on this platform.To run the tests call PySys with -XmyPlatform='container' ... skipped
11:33:08 WARN  Aborted test due to SKIPPED outcome
11:33:08 INFO  
11:33:08 INFO  Test duration: 0.02 secs
11:33:08 INFO  Test final outcome:  SKIPPED
11:33:08 INFO  Test outcome reason: Testing the apt plugin is not supported on this platform.To run the tests call PySys with -XmyPlatform='container'
11:33:08 INFO  
</system-out>
	</testcase>
<testcase classname="AptPluginPrepareInstallFinalize" name="apt_prepare_install_finalize" />
</testsuite><testsuite name="apt_remove" tests="2" errors="0" failures="0" skipped="1" time="0"><testcase classname="AptPluginRemoveDense" name="apt_remove">
		<skipped message="SKIPPED: Testing the apt plugin is not supported on this platform.To run the tests call PySys with -XmyPlatform='container'" />
		<system-out>11:33:08 INFO  ==============================================================
11:33:08 INFO  Id:    apt_remove
11:33:08 INFO  Dir:   plugin_apt/
11:33:08 INFO  Title: Validate apt plugin prepare - dense version
11:33:08 INFO  ==============================================================
11:33:08 INFO  Testing the apt plugin is not supported on this platform.To run the tests call PySys with -XmyPlatform='container' ... skipped
11:33:08 WARN  Aborted test due to SKIPPED outcome
11:33:08 INFO  
11:33:08 INFO  Test duration: 0.03 secs
11:33:08 INFO  Test final outcome:  SKIPPED
11:33:08 INFO  Test outcome reason: Testing the apt plugin is not supported on this platform.To run the tests call PySys with -XmyPlatform='container'
11:33:08 INFO  
</system-out>
	</testcase>
<testcase classname="AptPluginRemoveDense" name="apt_remove" />
</testsuite><testsuite name="apt_remove_fail" tests="2" errors="0" failures="0" skipped="1" time="0"><testcase classname="AptPluginRemoveFails" name="apt_remove_fail">
		<skipped message="SKIPPED: Testing the apt plugin is not supported on this platform.To run the tests call PySys with -XmyPlatform='container'" />
		<system-out>11:33:08 INFO  ==============================================================
11:33:08 INFO  Id:    apt_remove_fail
11:33:08 INFO  Dir:   plugin_apt/
11:33:08 INFO  Title: Validate apt plugin prepare - failing
11:33:08 INFO  ==============================================================
11:33:08 INFO  Testing the apt plugin is not supported on this platform.To run the tests call PySys with -XmyPlatform='container' ... skipped
11:33:08 WARN  Aborted test due to SKIPPED outcome
11:33:08 INFO  
11:33:08 INFO  Test duration: 0.02 secs
11:33:08 INFO  Test final outcome:  SKIPPED
11:33:08 INFO  Test outcome reason: Testing the apt plugin is not supported on this platform.To run the tests call PySys with -XmyPlatform='container'
11:33:08 INFO  
</system-out>
	</testcase>
<testcase classname="AptPluginRemoveFails" name="apt_remove_fail" />
</testsuite><testsuite name="apt_sequence_install_with_version" tests="2" errors="0" failures="0" skipped="1" time="0"><testcase classname="AptPluginPrepInstallWithVersionFinalize" name="apt_sequence_install_with_version">
		<skipped message="SKIPPED: Testing the apt plugin is not supported on this platform.To run the tests call PySys with -XmyPlatform='container'" />
		<system-out>11:33:08 INFO  ==============================================================
11:33:08 INFO  Id:    apt_sequence_install_with_version
11:33:08 INFO  Dir:   plugin_apt/
11:33:08 INFO  Title: Validate apt plugin install with version use case
11:33:08 INFO  ==============================================================
11:33:08 INFO  Testing the apt plugin is not supported on this platform.To run the tests call PySys with -XmyPlatform='container' ... skipped
11:33:08 WARN  Aborted test due to SKIPPED outcome
11:33:08 INFO  
11:33:08 INFO  Test duration: 0.02 secs
11:33:08 INFO  Test final outcome:  SKIPPED
11:33:08 INFO  Test outcome reason: Testing the apt plugin is not supported on this platform.To run the tests call PySys with -XmyPlatform='container'
11:33:08 INFO  
</system-out>
	</testcase>
<testcase classname="AptPluginPrepInstallWithVersionFinalize" name="apt_sequence_install_with_version" />
</testsuite><testsuite name="apt_sequence_install_with_version_fail" tests="2" errors="0" failures="0" skipped="1" time="0"><testcase classname="AptPluginInstallWithVersionFails" name="apt_sequence_install_with_version_fail">
		<skipped message="SKIPPED: Testing the apt plugin is not supported on this platform.To run the tests call PySys with -XmyPlatform='container'" />
		<system-out>11:33:08 INFO  ==============================================================
11:33:08 INFO  Id:    apt_sequence_install_with_version_fail
11:33:08 INFO  Dir:   plugin_apt/
11:33:08 INFO  Title: Validate apt plugin install with version fails use case
11:33:08 INFO  ==============================================================
11:33:08 INFO  Testing the apt plugin is not supported on this platform.To run the tests call PySys with -XmyPlatform='container' ... skipped
11:33:08 WARN  Aborted test due to SKIPPED outcome
11:33:08 INFO  
11:33:08 INFO  Test duration: 0.02 secs
11:33:08 INFO  Test final outcome:  SKIPPED
11:33:08 INFO  Test outcome reason: Testing the apt plugin is not supported on this platform.To run the tests call PySys with -XmyPlatform='container'
11:33:08 INFO  
</system-out>
	</testcase>
<testcase classname="AptPluginInstallWithVersionFails" name="apt_sequence_install_with_version_fail" />
</testsuite><testsuite name="apt_sequence_remove" tests="2" errors="0" failures="0" skipped="1" time="0"><testcase classname="AptPluginInstallPrepareRemoveFinalize" name="apt_sequence_remove">
		<skipped message="SKIPPED: Testing the apt plugin is not supported on this platform.To run the tests call PySys with -XmyPlatform='container'" />
		<system-out>11:33:08 INFO  ==============================================================
11:33:08 INFO  Id:    apt_sequence_remove
11:33:08 INFO  Dir:   plugin_apt/
11:33:08 INFO  Title: Validate apt plugin prepare install remove finalize use case
11:33:08 INFO  ==============================================================
11:33:08 INFO  Testing the apt plugin is not supported on this platform.To run the tests call PySys with -XmyPlatform='container' ... skipped
11:33:08 WARN  Aborted test due to SKIPPED outcome
11:33:08 INFO  
11:33:08 INFO  Test duration: 0.02 secs
11:33:08 INFO  Test final outcome:  SKIPPED
11:33:08 INFO  Test outcome reason: Testing the apt plugin is not supported on this platform.To run the tests call PySys with -XmyPlatform='container'
11:33:08 INFO  
</system-out>
	</testcase>
<testcase classname="AptPluginInstallPrepareRemoveFinalize" name="apt_sequence_remove" />
</testsuite><testsuite name="apt_sequence_remove_with_version" tests="2" errors="0" failures="0" skipped="1" time="0"><testcase classname="AptPluginRemoveWithVersion" name="apt_sequence_remove_with_version">
		<skipped message="SKIPPED: Testing the apt plugin is not supported on this platform.To run the tests call PySys with -XmyPlatform='container'" />
		<system-out>11:33:08 INFO  ==============================================================
11:33:08 INFO  Id:    apt_sequence_remove_with_version
11:33:08 INFO  Dir:   plugin_apt/
11:33:08 INFO  Title: Validate apt plugin remove with version use case
11:33:08 INFO  ==============================================================
11:33:08 INFO  Testing the apt plugin is not supported on this platform.To run the tests call PySys with -XmyPlatform='container' ... skipped
11:33:08 WARN  Aborted test due to SKIPPED outcome
11:33:08 INFO  
11:33:08 INFO  Test duration: 0.02 secs
11:33:08 INFO  Test final outcome:  SKIPPED
11:33:08 INFO  Test outcome reason: Testing the apt plugin is not supported on this platform.To run the tests call PySys with -XmyPlatform='container'
11:33:08 INFO  
</system-out>
	</testcase>
<testcase classname="AptPluginRemoveWithVersion" name="apt_sequence_remove_with_version" />
</testsuite><testsuite name="apt_sequence_remove_with_version_fail" tests="2" errors="0" failures="0" skipped="1" time="0"><testcase classname="AptPluginRemoveWithVersionFails" name="apt_sequence_remove_with_version_fail">
		<skipped message="SKIPPED: Testing the apt plugin is not supported on this platform.To run the tests call PySys with -XmyPlatform='container'" />
		<system-out>11:33:08 INFO  ==============================================================
11:33:08 INFO  Id:    apt_sequence_remove_with_version_fail
11:33:08 INFO  Dir:   plugin_apt/
11:33:08 INFO  Title: Validate apt plugin remove with version fails when the version not found
11:33:08 INFO  ==============================================================
11:33:08 INFO  Testing the apt plugin is not supported on this platform.To run the tests call PySys with -XmyPlatform='container' ... skipped
11:33:08 WARN  Aborted test due to SKIPPED outcome
11:33:08 INFO  
11:33:08 INFO  Test duration: 0.02 secs
11:33:08 INFO  Test final outcome:  SKIPPED
11:33:08 INFO  Test outcome reason: Testing the apt plugin is not supported on this platform.To run the tests call PySys with -XmyPlatform='container'
11:33:08 INFO  
</system-out>
	</testcase>
<testcase classname="AptPluginRemoveWithVersionFails" name="apt_sequence_remove_with_version_fail" />
</testsuite><testsuite name="apt_update_list" tests="2" errors="0" failures="0" skipped="1" time="0"><testcase classname="AptPluginUpdateList" name="apt_update_list">
		<skipped message="SKIPPED: Testing the apt plugin is not supported on this platform.To run the tests call PySys with -XmyPlatform='container'" />
		<system-out>11:33:08 INFO  ==============================================================
11:33:08 INFO  Id:    apt_update_list
11:33:08 INFO  Dir:   plugin_apt/
11:33:08 INFO  Title: Validate apt plugin update-list command use case
11:33:08 INFO  ==============================================================
11:33:08 INFO  Testing the apt plugin is not supported on this platform.To run the tests call PySys with -XmyPlatform='container' ... skipped
11:33:08 WARN  Aborted test due to SKIPPED outcome
11:33:08 INFO  
11:33:08 INFO  Test duration: 0.06 secs
11:33:08 INFO  Test final outcome:  SKIPPED
11:33:08 INFO  Test outcome reason: Testing the apt plugin is not supported on this platform.To run the tests call PySys with -XmyPlatform='container'
11:33:08 INFO  
</system-out>
	</testcase>
<testcase classname="AptPluginUpdateList" name="apt_update_list" />
</testsuite><testsuite name="apt_wrong_option" tests="2" errors="0" failures="0" skipped="1" time="0"><testcase classname="AptPluginWrongOption" name="apt_wrong_option">
		<skipped message="SKIPPED: Testing the apt plugin is not supported on this platform.To run the tests call PySys with -XmyPlatform='container'" />
		<system-out>11:33:08 INFO  ==============================================================
11:33:08 INFO  Id:    apt_wrong_option
11:33:08 INFO  Dir:   plugin_apt/
11:33:08 INFO  Title: Validate apt plugin install
11:33:08 INFO  ==============================================================
11:33:08 INFO  Testing the apt plugin is not supported on this platform.To run the tests call PySys with -XmyPlatform='container' ... skipped
11:33:08 WARN  Aborted test due to SKIPPED outcome
11:33:08 INFO  
11:33:08 INFO  Test duration: 0.02 secs
11:33:08 INFO  Test final outcome:  SKIPPED
11:33:08 INFO  Test outcome reason: Testing the apt plugin is not supported on this platform.To run the tests call PySys with -XmyPlatform='container'
11:33:08 INFO  
</system-out>
	</testcase>
<testcase classname="AptPluginWrongOption" name="apt_wrong_option" />
</testsuite><testsuite name="c8y_jwt_token_retrieval" tests="1" errors="0" failures="0" skipped="0" time="0"><testcase classname="ValidateJWTTokenRetrieval" name="c8y_jwt_token_retrieval" />
</testsuite><testsuite name="c8y_restart_bridge" tests="1" errors="0" failures="0" skipped="0" time="0"><testcase classname="RestartBridge" name="c8y_restart_bridge" />
</testsuite><testsuite name="call_tedge_-V" tests="1" errors="0" failures="0" skipped="0" time="0"><testcase classname="PySysTest" name="call_tedge_-V" />
</testsuite><testsuite name="call_tedge_-h" tests="1" errors="0" failures="0" skipped="0" time="0"><testcase classname="PySysTest" name="call_tedge_-h" />
</testsuite><testsuite name="call_tedge_-h_-V" tests="1" errors="0" failures="0" skipped="0" time="0"><testcase classname="PySysTest" name="call_tedge_-h_-V" />
</testsuite><testsuite name="call_tedge_config_help" tests="1" errors="0" failures="0" skipped="0" time="0"><testcase classname="PySysTest" name="call_tedge_config_help" />
</testsuite><testsuite name="call_tedge_config_list" tests="1" errors="0" failures="0" skipped="0" time="0"><testcase classname="PySysTest" name="call_tedge_config_list" />
</testsuite><testsuite name="custom_init_system" tests="1" errors="0" failures="0" skipped="0" time="0"><testcase classname="CustomInitSystem" name="custom_init_system" />
</testsuite><testsuite name="docker_plugin_finalize" tests="2" errors="0" failures="0" skipped="1" time="0"><testcase classname="DockerPluginFinalizeTest" name="docker_plugin_finalize">
		<skipped message="SKIPPED: Testing the docker plugin is not supported on this platform.To run it, all the test with -XmyPlatform='container'" />
		<system-out>11:33:08 INFO  ==============================================================
11:33:08 INFO  Id:    docker_plugin_finalize
11:33:08 INFO  Dir:   plugin_docker/
11:33:08 INFO  Title: Validate docker plugin finalize command
11:33:08 INFO  ==============================================================
11:33:08 INFO  Testing the docker plugin is not supported on this platform.To run it, all the test with -XmyPlatform='container' ... skipped
11:33:08 WARN  Aborted test due to SKIPPED outcome
11:33:08 INFO  
11:33:08 INFO  Test duration: 0.06 secs
11:33:08 INFO  Test final outcome:  SKIPPED
11:33:08 INFO  Test outcome reason: Testing the docker plugin is not supported on this platform.To run it, all the test with -XmyPlatform='container'
11:33:08 INFO  
</system-out>
	</testcase>
<testcase classname="DockerPluginFinalizeTest" name="docker_plugin_finalize" />
</testsuite><testsuite name="docker_plugin_install" tests="2" errors="0" failures="0" skipped="1" time="0"><testcase classname="DockerPluginInstallTest" name="docker_plugin_install">
		<skipped message="SKIPPED: Testing the docker plugin is not supported on this platform.To run it, all the test with -XmyPlatform='container'" />
		<system-out>11:33:08 INFO  ==============================================================
11:33:08 INFO  Id:    docker_plugin_install
11:33:08 INFO  Dir:   plugin_docker/
11:33:08 INFO  Title: Validate docker plugin install
11:33:08 INFO  ==============================================================
11:33:08 INFO  Testing the docker plugin is not supported on this platform.To run it, all the test with -XmyPlatform='container' ... skipped
11:33:08 WARN  Aborted test due to SKIPPED outcome
11:33:08 INFO  
11:33:08 INFO  Test duration: 0.03 secs
11:33:08 INFO  Test final outcome:  SKIPPED
11:33:08 INFO  Test outcome reason: Testing the docker plugin is not supported on this platform.To run it, all the test with -XmyPlatform='container'
11:33:08 INFO  
</system-out>
	</testcase>
<testcase classname="DockerPluginInstallTest" name="docker_plugin_install" />
</testsuite><testsuite name="docker_plugin_install_with_version" tests="2" errors="0" failures="0" skipped="1" time="0"><testcase classname="DockerPluginInstallWithVersionTest" name="docker_plugin_install_with_version">
		<skipped message="SKIPPED: Testing the docker plugin is not supported on this platform.To run it, all the test with -XmyPlatform='container'" />
		<system-out>11:33:09 INFO  ==============================================================
11:33:09 INFO  Id:    docker_plugin_install_with_version
11:33:09 INFO  Dir:   plugin_docker/
11:33:09 INFO  Title: Validate docker plugin install
11:33:09 INFO  ==============================================================
11:33:09 INFO  Testing the docker plugin is not supported on this platform.To run it, all the test with -XmyPlatform='container' ... skipped
11:33:09 WARN  Aborted test due to SKIPPED outcome
11:33:09 INFO  
11:33:09 INFO  Test duration: 0.03 secs
11:33:09 INFO  Test final outcome:  SKIPPED
11:33:09 INFO  Test outcome reason: Testing the docker plugin is not supported on this platform.To run it, all the test with -XmyPlatform='container'
11:33:09 INFO  
</system-out>
	</testcase>
<testcase classname="DockerPluginInstallWithVersionTest" name="docker_plugin_install_with_version" />
</testsuite><testsuite name="docker_plugin_remove" tests="2" errors="0" failures="0" skipped="1" time="0"><testcase classname="DockerPluginRemoveTest" name="docker_plugin_remove">
		<skipped message="SKIPPED: Testing the docker plugin is not supported on this platform.To run it, all the test with -XmyPlatform='container'" />
		<system-out>11:33:09 INFO  ==============================================================
11:33:09 INFO  Id:    docker_plugin_remove
11:33:09 INFO  Dir:   plugin_docker/
11:33:09 INFO  Title: Validate docker plugin remove
11:33:09 INFO  ==============================================================
11:33:09 INFO  Testing the docker plugin is not supported on this platform.To run it, all the test with -XmyPlatform='container' ... skipped
11:33:09 WARN  Aborted test due to SKIPPED outcome
11:33:09 INFO  
11:33:09 INFO  Test duration: 0.02 secs
11:33:09 INFO  Test final outcome:  SKIPPED
11:33:09 INFO  Test outcome reason: Testing the docker plugin is not supported on this platform.To run it, all the test with -XmyPlatform='container'
11:33:09 INFO  
</system-out>
	</testcase>
<testcase classname="DockerPluginRemoveTest" name="docker_plugin_remove" />
</testsuite><testsuite name="docker_plugin_remove_with_version" tests="2" errors="0" failures="0" skipped="1" time="0"><testcase classname="DockerPluginRemoveWithVersionTest" name="docker_plugin_remove_with_version">
		<skipped message="SKIPPED: Testing the docker plugin is not supported on this platform.To run it, all the test with -XmyPlatform='container'" />
		<system-out>11:33:09 INFO  ==============================================================
11:33:09 INFO  Id:    docker_plugin_remove_with_version
11:33:09 INFO  Dir:   plugin_docker/
11:33:09 INFO  Title: Validate docker plugin remove with version
11:33:09 INFO  ==============================================================
11:33:09 INFO  Testing the docker plugin is not supported on this platform.To run it, all the test with -XmyPlatform='container' ... skipped
11:33:09 WARN  Aborted test due to SKIPPED outcome
11:33:09 INFO  
11:33:09 INFO  Test duration: 0.06 secs
11:33:09 INFO  Test final outcome:  SKIPPED
11:33:09 INFO  Test outcome reason: Testing the docker plugin is not supported on this platform.To run it, all the test with -XmyPlatform='container'
11:33:09 INFO  
</system-out>
	</testcase>
<testcase classname="DockerPluginRemoveWithVersionTest" name="docker_plugin_remove_with_version" />
</testsuite><testsuite name="docker_plugin_update" tests="2" errors="0" failures="0" skipped="1" time="0"><testcase classname="DockerPluginUpdateTest" name="docker_plugin_update">
		<skipped message="SKIPPED: Testing the docker plugin is not supported on this platform.To run it, all the test with -XmyPlatform='container'" />
		<system-out>11:33:09 INFO  ==============================================================
11:33:09 INFO  Id:    docker_plugin_update
11:33:09 INFO  Dir:   plugin_docker/
11:33:09 INFO  Title: Validate docker plugin install updates existing containers
11:33:09 INFO  ==============================================================
11:33:09 INFO  Testing the docker plugin is not supported on this platform.To run it, all the test with -XmyPlatform='container' ... skipped
11:33:09 WARN  Aborted test due to SKIPPED outcome
11:33:09 INFO  
11:33:09 INFO  Test duration: 0.02 secs
11:33:09 INFO  Test final outcome:  SKIPPED
11:33:09 INFO  Test outcome reason: Testing the docker plugin is not supported on this platform.To run it, all the test with -XmyPlatform='container'
11:33:09 INFO  
</system-out>
	</testcase>
<testcase classname="DockerPluginUpdateTest" name="docker_plugin_update" />
</testsuite><testsuite name="invalid_device_id" tests="1" errors="0" failures="0" skipped="0" time="0"><testcase classname="InvalidDeviceId" name="invalid_device_id" />
</testsuite><testsuite name="local_mqtt_pub_fail_noqos" tests="1" errors="0" failures="0" skipped="0" time="0"><testcase classname="PySysTest" name="local_mqtt_pub_fail_noqos" />
</testsuite><testsuite name="local_mqtt_pub_fail_qos0" tests="1" errors="0" failures="0" skipped="0" time="0"><testcase classname="PySysTest" name="local_mqtt_pub_fail_qos0" />
</testsuite><testsuite name="local_mqtt_pub_fail_qos1" tests="1" errors="0" failures="0" skipped="0" time="0"><testcase classname="PySysTest" name="local_mqtt_pub_fail_qos1" />
</testsuite><testsuite name="local_mqtt_pub_fail_qos2" tests="1" errors="0" failures="0" skipped="0" time="0"><testcase classname="PySysTest" name="local_mqtt_pub_fail_qos2" />
</testsuite><testsuite name="local_mqtt_pub_sub" tests="1" errors="0" failures="0" skipped="0" time="0"><testcase classname="PySysTest" name="local_mqtt_pub_sub" />
</testsuite><testsuite name="local_mqtt_pub_sub_retain" tests="1" errors="0" failures="0" skipped="0" time="0"><testcase classname="MqttPublishWithRetain" name="local_mqtt_pub_sub_retain" />
</testsuite><testsuite name="local_mqtt_pub_sub_with_sudo" tests="1" errors="0" failures="0" skipped="0" time="0"><testcase classname="PySysTest" name="local_mqtt_pub_sub_with_sudo" />
</testsuite><testsuite name="local_mqtt_sub_fail" tests="1" errors="0" failures="0" skipped="0" time="0"><testcase classname="PySysTest" name="local_mqtt_sub_fail" />
</testsuite><testsuite name="log_request_error_messages" tests="1" errors="0" failures="0" skipped="1" time="0"><testcase classname="LogRequestVerifySearchTextError" name="log_request_error_messages">
		<skipped message="SKIPPED: Test execution disabled due to #1123" />
		<system-out>11:31:12 INFO  ==============================================================
11:31:12 INFO  Id:    log_request_error_messages
11:31:12 INFO  Dir:   log_request_end_to_end/
11:31:12 INFO  Title: Validate end to end behaviour for the log request operation check for error messages
11:31:12 INFO  ==============================================================
11:31:14 INFO  Test execution disabled due to #1123 ... skipped
11:31:14 INFO  
11:31:14 INFO  Test duration: 1.45 secs
11:31:14 INFO  Test final outcome:  SKIPPED
11:31:14 INFO  Test outcome reason: Test execution disabled due to #1123
11:31:14 INFO  
</system-out>
	</testcase>
</testsuite><testsuite name="log_request_num_lines" tests="1" errors="0" failures="0" skipped="1" time="0"><testcase classname="LogRequestVerifyNumberOfLines" name="log_request_num_lines">
		<skipped message="SKIPPED: Test execution disabled due to #1123" />
		<system-out>11:31:14 INFO  ==============================================================
11:31:14 INFO  Id:    log_request_num_lines
11:31:14 INFO  Dir:   log_request_end_to_end/
11:31:14 INFO  Title: Validate end to end behaviour for the log request operation check for number of lines
11:31:14 INFO  ==============================================================
11:31:14 INFO  Test execution disabled due to #1123 ... skipped
11:31:14 INFO  
11:31:14 INFO  Test duration: 0.02 secs
11:31:14 INFO  Test final outcome:  SKIPPED
11:31:14 INFO  Test outcome reason: Test execution disabled due to #1123
11:31:14 INFO  
</system-out>
	</testcase>
</testsuite><testsuite name="mapper_awaits_before_reconnect" tests="1" errors="0" failures="0" skipped="0" time="0"><testcase classname="MapperReconnectAwait" name="mapper_awaits_before_reconnect" />
</testsuite><testsuite name="monitoring_smaller_interval" tests="1" errors="0" failures="0" skipped="1" time="0"><testcase classname="MonitoringSmallInterval" name="monitoring_smaller_interval">
		<skipped message="SKIPPED: Fails due to retained message" />
		<system-out>11:33:03 INFO  ==============================================================
11:33:03 INFO  Id:    monitoring_smaller_interval
11:33:03 INFO  Dir:   monitoring/
11:33:03 INFO  Title: Validate the tedge dm agent messages that are produced with smaller sampling interval than the batching window. Here the simulated collectd messages are used
11:33:03 INFO  ==============================================================
11:33:03 INFO  Fails due to retained message ... skipped
11:33:03 INFO  
11:33:03 INFO  Test duration: 0.02 secs
11:33:03 INFO  Test final outcome:  SKIPPED
11:33:03 INFO  Test outcome reason: Fails due to retained message
11:33:03 INFO  
</system-out>
	</testcase>
</testsuite><testsuite name="monitoring_with_collectd" tests="1" errors="0" failures="0" skipped="1" time="0"><testcase classname="MonitoringWithCollectd" name="monitoring_with_collectd">
		<skipped message="SKIPPED: Test execution disabled due to #792 (instable)" />
		<system-out>11:33:03 INFO  ==============================================================
11:33:03 INFO  Id:    monitoring_with_collectd
11:33:03 INFO  Dir:   monitoring/
11:33:03 INFO  Title: Validate tedge dm agent messages that are produced by batching the collectd messages
11:33:03 INFO  ==============================================================
11:33:03 INFO  Test execution disabled due to #792 (instable) ... skipped
11:33:03 INFO  
11:33:03 INFO  Test duration: 0.02 secs
11:33:03 INFO  Test final outcome:  SKIPPED
11:33:03 INFO  Test outcome reason: Test execution disabled due to #792 (instable)
11:33:03 INFO  
</system-out>
	</testcase>
</testsuite><testsuite name="monitoring_with_simulated_messages" tests="1" errors="0" failures="0" skipped="1" time="0"><testcase classname="MonitoringWithSimulatedMessages" name="monitoring_with_simulated_messages">
		<skipped message="SKIPPED: Fails due to retained message" />
		<system-out>11:33:03 INFO  ==============================================================
11:33:03 INFO  Id:    monitoring_with_simulated_messages
11:33:03 INFO  Dir:   monitoring/
11:33:03 INFO  Title: Validate the tedge dm agent messages that are produced from the simulated collectd messages
11:33:03 INFO  ==============================================================
11:33:04 INFO  Fails due to retained message ... skipped
11:33:04 INFO  
11:33:04 INFO  Test duration: 0.02 secs
11:33:04 INFO  Test final outcome:  SKIPPED
11:33:04 INFO  Test outcome reason: Fails due to retained message
11:33:04 INFO  
</system-out>
	</testcase>
</testsuite><testsuite name="mqtt_port_change_connection_fails" tests="1" errors="0" failures="0" skipped="0" time="0"><testcase classname="MqttPortChangeConnectionFails" name="mqtt_port_change_connection_fails" />
</testsuite><testsuite name="mqtt_port_change_connection_works" tests="1" errors="0" failures="0" skipped="1" time="0"><testcase classname="MqttPortChangeConnectionWorks" name="mqtt_port_change_connection_works">
		<skipped message="SKIPPED: failing intermitently" />
		<system-out>11:31:49 INFO  ==============================================================
11:31:49 INFO  Id:    mqtt_port_change_connection_works
11:31:49 INFO  Dir:   misc_features/
11:31:49 INFO  Title: mqtt port change connection works for all the thin-edge services that use the mosquitto broker
11:31:49 INFO  ==============================================================
11:31:49 INFO  failing intermitently ... skipped
11:31:49 INFO  
11:31:49 INFO  Test duration: 0.02 secs
11:31:49 INFO  Test final outcome:  SKIPPED
11:31:49 INFO  Test outcome reason: failing intermitently
11:31:49 INFO  
</system-out>
	</testcase>
</testsuite><testsuite name="mqtt_port_set" tests="1" errors="0" failures="0" skipped="0" time="0"><testcase classname="MqttPortSet" name="mqtt_port_set" />
</testsuite><testsuite name="mqtt_port_unset" tests="1" errors="0" failures="0" skipped="0" time="0"><testcase classname="MqttPortUnSet" name="mqtt_port_unset" />
</testsuite><testsuite name="publish_flux" tests="1" errors="0" failures="0" skipped="0" time="0"><testcase classname="PublishFlux" name="publish_flux" />
</testsuite><testsuite name="publish_sawmill" tests="1" errors="0" failures="0" skipped="0" time="0"><testcase classname="PublishSawmill" name="publish_sawmill" />
</testsuite><testsuite name="pysys_block" tests="1" errors="0" failures="0" skipped="1" time="0"><testcase classname="Fail" name="pysys_block">
		<skipped message="SKIPPED: Enable this to observe a blocking test" />
		<system-out>11:32:11 INFO  ==============================================================
11:32:11 INFO  Id:    pysys_block
11:32:11 INFO  Dir:   misc_features/
11:32:11 INFO  Title: fail
11:32:11 INFO  ==============================================================
11:32:11 INFO  Enable this to observe a blocking test ... skipped
11:32:11 INFO  
11:32:11 INFO  Test duration: 0.02 secs
11:32:11 INFO  Test final outcome:  SKIPPED
11:32:11 INFO  Test outcome reason: Enable this to observe a blocking test
11:32:11 INFO  
</system-out>
	</testcase>
</testsuite><testsuite name="pysys_fail" tests="1" errors="0" failures="0" skipped="1" time="0"><testcase classname="Fail" name="pysys_fail">
		<skipped message="SKIPPED: Enable this to observe a failing test" />
		<system-out>11:32:11 INFO  ==============================================================
11:32:11 INFO  Id:    pysys_fail
11:32:11 INFO  Dir:   misc_features/
11:32:11 INFO  Title: fail
11:32:11 INFO  ==============================================================
11:32:11 INFO  Enable this to observe a failing test ... skipped
11:32:11 INFO  
11:32:11 INFO  Test duration: 0.02 secs
11:32:11 INFO  Test final outcome:  SKIPPED
11:32:11 INFO  Test outcome reason: Enable this to observe a failing test
11:32:11 INFO  
</system-out>
	</testcase>
</testsuite><testsuite name="runtime_start_two_mappers" tests="1" errors="0" failures="0" skipped="1" time="0"><testcase classname="RuntimeMultiMappers" name="runtime_start_two_mappers">
		<skipped message="SKIPPED: Test execution disabled due to #1124" />
		<system-out>11:46:27 INFO  ==============================================================
11:46:27 INFO  Id:    runtime_start_two_mappers
11:46:27 INFO  Dir:   tedge_mapper_c8y/
11:46:27 INFO  Title: Validate two mappers can't be started at the same time
11:46:27 INFO  ==============================================================
11:46:27 INFO  Test execution disabled due to #1124 ... skipped
11:46:27 INFO  
11:46:27 INFO  Test duration: 0.02 secs
11:46:27 INFO  Test final outcome:  SKIPPED
11:46:27 INFO  Test outcome reason: Test execution disabled due to #1124
11:46:27 INFO  
</system-out>
	</testcase>
</testsuite><testsuite name="sm_tedge_mapper_init_session" tests="1" errors="0" failures="0" skipped="0" time="0"><testcase classname="TedgeSMMapperInitSession" name="sm_tedge_mapper_init_session" />
</testsuite><testsuite name="smoketest_json" tests="1" errors="0" failures="0" skipped="0" time="0"><testcase classname="SmokeTestJson" name="smoketest_json" />
</testsuite><testsuite name="smoketest_json_400_samples_10ms" tests="1" errors="0" failures="0" skipped="0" time="0"><testcase classname="SmoketestJson400Samples10ms" name="smoketest_json_400_samples_10ms" />
</testsuite><testsuite name="smoketest_json_400_samples_20ms" tests="1" errors="0" failures="0" skipped="0" time="0"><testcase classname="SmoketestJson400Samples20ms" name="smoketest_json_400_samples_20ms" />
</testsuite><testsuite name="smoketest_smartrest" tests="1" errors="0" failures="0" skipped="0" time="0"><testcase classname="SmoketestSmartRest" name="smoketest_smartrest" />
</testsuite><testsuite name="smoketest_smartrest_200_samples_1Xms" tests="1" errors="0" failures="0" skipped="0" time="0"><testcase classname="SmoketestSmartRest200Samples1Xms" name="smoketest_smartrest_200_samples_1Xms" />
</testsuite><testsuite name="smoketest_smartrest_200_samples_20ms" tests="1" errors="0" failures="0" skipped="0" time="0"><testcase classname="SmoketestSmartRest200Samples20ms" name="smoketest_smartrest_200_samples_20ms" />
</testsuite><testsuite name="tedge_agent_user_sudo_access" tests="1" errors="0" failures="0" skipped="1" time="0"><testcase classname="TedgeAgentUserSudoAccess" name="tedge_agent_user_sudo_access">
		<skipped message="SKIPPED: #955 Observation: Exit code of the apt plugin when called with no arguments" />
		<system-out>11:43:17 INFO  ==============================================================
11:43:17 INFO  Id:    tedge_agent_user_sudo_access
11:43:17 INFO  Dir:   tedge/
11:43:17 INFO  Title: Validate tedge-agent user has a limited sudo right
11:43:17 INFO  ==============================================================
11:43:17 INFO  #955 Observation: Exit code of the apt plugin when called with no arguments ... skipped
11:43:17 INFO  
11:43:17 INFO  Test duration: 0.03 secs
11:43:17 INFO  Test final outcome:  SKIPPED
11:43:17 INFO  Test outcome reason: #955 Observation: Exit code of the apt plugin when called with no arguments
11:43:17 INFO  
</system-out>
	</testcase>
</testsuite><testsuite name="tedge_connect_test_negative" tests="1" errors="0" failures="0" skipped="0" time="0"><testcase classname="TedgeConnectTestNegative" name="tedge_connect_test_negative" />
</testsuite><testsuite name="tedge_connect_test_positive" tests="1" errors="0" failures="0" skipped="0" time="0"><testcase classname="TedgeConnectTestPositive" name="tedge_connect_test_positive" />
</testsuite><testsuite name="tedge_connect_test_sm_services" tests="1" errors="0" failures="0" skipped="0" time="0"><testcase classname="TedgeConnectTestSMServices" name="tedge_connect_test_sm_services" />
</testsuite><testsuite name="tedge_disconnect_test_sm_services" tests="1" errors="0" failures="0" skipped="0" time="0"><testcase classname="TedgeDisConnectTestSMServices" name="tedge_disconnect_test_sm_services" />
</testsuite><testsuite name="tedge_mapper_az_negative" tests="1" errors="0" failures="0" skipped="0" time="0"><testcase classname="TedgeMapperAzError" name="tedge_mapper_az_negative" />
</testsuite><testsuite name="tedge_mapper_az_with_timestamp" tests="1" errors="0" failures="0" skipped="0" time="0"><testcase classname="TedgeMapperAzWithTimestamp" name="tedge_mapper_az_with_timestamp" />
</testsuite><testsuite name="tedge_mapper_az_without_timestamp" tests="1" errors="0" failures="0" skipped="0" time="0"><testcase classname="TedgeMapperAzWithoutTimestamp" name="tedge_mapper_az_without_timestamp" />
</testsuite><testsuite name="tedge_mapper_c8y_alarms" tests="1" errors="0" failures="0" skipped="0" time="0"><testcase classname="TedgeMapperC8yAlarm" name="tedge_mapper_c8y_alarms" />
</testsuite><testsuite name="tedge_mapper_c8y_child_device_measurement" tests="1" errors="0" failures="0" skipped="1" time="0"><testcase classname="TedgeMapperC8yChildDevice" name="tedge_mapper_c8y_child_device_measurement">
		<skipped message="SKIPPED: Test execution disabled due to #1088" />
		<system-out>11:47:41 INFO  ==============================================================
11:47:41 INFO  Id:    tedge_mapper_c8y_child_device_measurement
11:47:41 INFO  Dir:   tedge_mapper_c8y/
11:47:41 INFO  Title: Validate that measurements sent to tedge/measurements/child topic gets mapped as the child device's measurement in Cumulocity
11:47:41 INFO  ==============================================================
11:47:41 INFO  Test execution disabled due to #1088 ... skipped
11:47:41 INFO  
11:47:41 INFO  Test duration: 0.04 secs
11:47:41 INFO  Test final outcome:  SKIPPED
11:47:41 INFO  Test outcome reason: Test execution disabled due to #1088
11:47:41 INFO  
</system-out>
	</testcase>
</testsuite><testsuite name="tedge_mapper_c8y_packet_threshold_size" tests="1" errors="0" failures="0" skipped="0" time="0"><testcase classname="TedgeMapperC8yThresholdPacketSize" name="tedge_mapper_c8y_packet_threshold_size" />
</testsuite><testsuite name="tedge_software_update" tests="1" errors="0" failures="0" skipped="0" time="0"><testcase classname="PySysTest" name="tedge_software_update" />
</testsuite><testsuite name="valid_device_id" tests="1" errors="0" failures="1" skipped="0" time="0"><testcase classname="ValidateValidDeviceId" name="valid_device_id">
		<failure message="FAILED: Grep on tedge_connect_c8y_test.out contains &quot;successful&quot;" type="FAILED" />
		<system-out>11:32:11 INFO  ==============================================================
11:32:11 INFO  Id:    valid_device_id
11:32:11 INFO  Dir:   misc_features/
11:32:11 INFO  Title: Valid device ID
11:32:11 INFO  ==============================================================
11:32:11 INFO  Restarting mosquitto too frequently in the last 10 seconds. It was only up for 5 seconds
11:32:11 INFO  Delaying execution by 6 seconds
11:32:18 INFO  Executed sudo&lt;tedge_disconnect_c8y&gt;, exit status 0
11:32:18 INFO  Executed sudo&lt;create_cert_dir&gt;, exit status 0
11:32:19 INFO  Executed sudo&lt;change_owner_of_dir&gt;, exit status 0
11:32:19 INFO  Executed sudo&lt;set_cert_path&gt;, exit status 0
11:32:20 INFO  Executed sudo&lt;set_key_path&gt;, exit status 0
11:32:20 INFO  Executed sudo&lt;cert_create&gt;, exit status 0
11:32:22 INFO  Executed sudo&lt;cert_upload&gt;, exit status 0
11:32:46 INFO  Executed sudo&lt;tedge_connect_c8y&gt;, exit status 0, duration 23 secs
11:32:57 INFO  Executed sudo&lt;tedge_connect_c8y_test&gt;, exit status 0
11:32:57 INFO  Grep on file tedge_connect_c8y.out ... passed
11:32:58 WARN  Grep on tedge_connect_c8y_test.out contains "successful" ... failed [run.py:108]
11:32:58 INFO  
11:32:58 INFO  cleanup:
11:33:02 INFO  Executed sudo&lt;tedge_disconnect_c8y&gt;, exit status 0
11:33:02 INFO  Executed sudo&lt;unset_cert_path&gt;, exit status 0
11:33:03 INFO  Executed sudo&lt;unset_key_path&gt;, exit status 0
11:33:03 INFO  Executed sudo&lt;remove_cert_dir&gt;, exit status 0
11:33:03 INFO  
11:33:03 INFO  Test duration: 52.13 secs
11:33:03 INFO  Test final outcome:  FAILED
11:33:03 INFO  Test outcome reason: Grep on tedge_connect_c8y_test.out contains "successful"
11:33:03 INFO  
</system-out>
	</testcase>
</testsuite></testsuites>