<?xml version='1.0' encoding='utf-8'?>
<testsuites tests="149" failures="9" errors="0" skipped="54" time="0.0"><testsuite name="SoftwareManagement.Plugin.apama_plugin_install" tests="3" errors="0" failures="0" skipped="1" time="0"><testcase classname="ApamaPluginInstallTest" name="SoftwareManagement.Plugin.apama_plugin_install">
		<skipped message="SKIPPED: Apama plugin tests are disabled by default. Execute `pysys run` with `-XmyPlatform=container` to run these tests" />
		<system-out>09:08:53 INFO  ==============================================================
09:08:53 INFO  Id:    SoftwareManagement.Plugin.apama_plugin_install
09:08:53 INFO  Dir:   plugin_apama/
09:08:53 INFO  Title: Validate apama plugin install
09:08:53 INFO  ==============================================================
09:08:53 INFO  Apama plugin tests are disabled by default. Execute `pysys run` with `-XmyPlatform=container` to run these tests ... skipped
09:08:53 WARN  Aborted test due to SKIPPED outcome
09:08:53 INFO  
09:08:53 INFO  Test duration: 0.06 secs
09:08:53 INFO  Test final outcome:  SKIPPED
09:08:53 INFO  Test outcome reason: Apama plugin tests are disabled by default. Execute `pysys run` with `-XmyPlatform=container` to run these tests
09:08:53 INFO  
</system-out>
	</testcase>
<testcase classname="ApamaPluginInstallTest" name="SoftwareManagement.Plugin.apama_plugin_install" />
<testcase classname="ApamaPluginInstallTest" name="SoftwareManagement.Plugin.apama_plugin_install" />
</testsuite><testsuite name="SoftwareManagement.Plugin.apama_plugin_mon_support" tests="3" errors="0" failures="0" skipped="1" time="0"><testcase classname="ApamaPluginMonSupportTest" name="SoftwareManagement.Plugin.apama_plugin_mon_support">
		<skipped message="SKIPPED: Apama plugin tests are disabled by default. Execute `pysys run` with `-XmyPlatform=container` to run these tests" />
		<system-out>09:08:53 INFO  ==============================================================
09:08:53 INFO  Id:    SoftwareManagement.Plugin.apama_plugin_mon_support
09:08:53 INFO  Dir:   plugin_apama/
09:08:53 INFO  Title: Validate mon file support of apama plugin
09:08:53 INFO  ==============================================================
09:08:53 INFO  Apama plugin tests are disabled by default. Execute `pysys run` with `-XmyPlatform=container` to run these tests ... skipped
09:08:53 WARN  Aborted test due to SKIPPED outcome
09:08:53 INFO  
09:08:53 INFO  Test duration: 0.02 secs
09:08:53 INFO  Test final outcome:  SKIPPED
09:08:53 INFO  Test outcome reason: Apama plugin tests are disabled by default. Execute `pysys run` with `-XmyPlatform=container` to run these tests
09:08:53 INFO  
</system-out>
	</testcase>
<testcase classname="ApamaPluginMonSupportTest" name="SoftwareManagement.Plugin.apama_plugin_mon_support" />
<testcase classname="ApamaPluginMonSupportTest" name="SoftwareManagement.Plugin.apama_plugin_mon_support" />
</testsuite><testsuite name="SoftwareManagement.Plugin.apama_plugin_remove" tests="3" errors="0" failures="0" skipped="1" time="0"><testcase classname="ApamaPluginRemoveTest" name="SoftwareManagement.Plugin.apama_plugin_remove">
		<skipped message="SKIPPED: Apama plugin tests are disabled by default. Execute `pysys run` with `-XmyPlatform=container` to run these tests" />
		<system-out>09:08:53 INFO  ==============================================================
09:08:53 INFO  Id:    SoftwareManagement.Plugin.apama_plugin_remove
09:08:53 INFO  Dir:   plugin_apama/
09:08:53 INFO  Title: Validate apama plugin remove
09:08:53 INFO  ==============================================================
09:08:53 INFO  Apama plugin tests are disabled by default. Execute `pysys run` with `-XmyPlatform=container` to run these tests ... skipped
09:08:53 WARN  Aborted test due to SKIPPED outcome
09:08:53 INFO  
09:08:53 INFO  Test duration: 0.02 secs
09:08:53 INFO  Test final outcome:  SKIPPED
09:08:53 INFO  Test outcome reason: Apama plugin tests are disabled by default. Execute `pysys run` with `-XmyPlatform=container` to run these tests
09:08:53 INFO  
</system-out>
	</testcase>
<testcase classname="ApamaPluginRemoveTest" name="SoftwareManagement.Plugin.apama_plugin_remove" />
<testcase classname="ApamaPluginRemoveTest" name="SoftwareManagement.Plugin.apama_plugin_remove" />
</testsuite><testsuite name="SoftwareManagement.Plugin.apama_plugin_update" tests="3" errors="0" failures="0" skipped="3" time="0"><testcase classname="ApamaPluginUpdateTest" name="SoftwareManagement.Plugin.apama_plugin_update">
		<skipped message="SKIPPED: Test execution disabled due to #1052" />
		<system-out>09:08:53 INFO  ==============================================================
09:08:53 INFO  Id:    SoftwareManagement.Plugin.apama_plugin_update
09:08:53 INFO  Dir:   plugin_apama/
09:08:53 INFO  Title: Validate apama plugin updating one project with another
09:08:53 INFO  ==============================================================
09:08:53 INFO  Test execution disabled due to #1052 ... skipped
09:08:53 INFO  
09:08:53 INFO  Test duration: 0.02 secs
09:08:53 INFO  Test final outcome:  SKIPPED
09:08:53 INFO  Test outcome reason: Test execution disabled due to #1052
09:08:53 INFO  
</system-out>
	</testcase>
<testcase classname="ApamaPluginUpdateTest" name="SoftwareManagement.Plugin.apama_plugin_update">
		<skipped message="SKIPPED: Test execution disabled due to #1052" />
		<system-out>10:01:28 INFO  ==============================================================
10:01:28 INFO  Id:    SoftwareManagement.Plugin.apama_plugin_update
10:01:28 INFO  Dir:   plugin_apama/
10:01:28 INFO  Title: Validate apama plugin updating one project with another
10:01:28 INFO  ==============================================================
10:01:28 INFO  Test execution disabled due to #1052 ... skipped
10:01:28 INFO  
10:01:28 INFO  Test duration: 0.03 secs
10:01:28 INFO  Test final outcome:  SKIPPED
10:01:28 INFO  Test outcome reason: Test execution disabled due to #1052
10:01:28 INFO  
</system-out>
	</testcase>
<testcase classname="ApamaPluginUpdateTest" name="SoftwareManagement.Plugin.apama_plugin_update">
		<skipped message="SKIPPED: Test execution disabled due to #1052" />
		<system-out>10:10:05 INFO  ==============================================================
10:10:05 INFO  Id:    SoftwareManagement.Plugin.apama_plugin_update
10:10:05 INFO  Dir:   plugin_apama/
10:10:05 INFO  Title: Validate apama plugin updating one project with another
10:10:05 INFO  ==============================================================
10:10:05 INFO  Test execution disabled due to #1052 ... skipped
10:10:05 INFO  
10:10:05 INFO  Test duration: 0.02 secs
10:10:05 INFO  Test final outcome:  SKIPPED
10:10:05 INFO  Test outcome reason: Test execution disabled due to #1052
10:10:05 INFO  
</system-out>
	</testcase>
</testsuite><testsuite name="SoftwareManagement.sm_apt_install_download_path" tests="3" errors="0" failures="2" skipped="1" time="0"><testcase classname="AptInstallWithDownloadPath" name="SoftwareManagement.sm_apt_install_download_path">
		<skipped message="SKIPPED: Testing the apt plugin is not supported on this platform.Use parameter -XmyPlatform='container' to enable it" />
		<system-out>09:18:36 INFO  ==============================================================
09:18:36 INFO  Id:    SoftwareManagement.sm_apt_install_download_path
09:18:36 INFO  Dir:   software_management_end_to_end/
09:18:36 INFO  Title: Install package to directory specified in tedge config set tmp.path
09:18:36 INFO  ==============================================================
09:18:37 INFO  Testing the apt plugin is not supported on this platform.Use parameter -XmyPlatform='container' to enable it ... skipped
09:18:37 WARN  Aborted test due to SKIPPED outcome
09:18:37 INFO  
09:18:37 INFO  Test duration: 0.07 secs
09:18:37 INFO  Test final outcome:  SKIPPED
09:18:37 INFO  Test outcome reason: Testing the apt plugin is not supported on this platform.Use parameter -XmyPlatform='container' to enable it
09:18:37 INFO  
</system-out>
	</testcase>
<testcase classname="AptInstallWithDownloadPath" name="SoftwareManagement.sm_apt_install_download_path">
		<failure message="BLOCKED: AssertionError:" type="BLOCKED" />
		<system-out>09:43:03 INFO  ==============================================================
09:43:03 INFO  Id:    SoftwareManagement.sm_apt_install_download_path
09:43:03 INFO  Dir:   software_management_end_to_end/
09:43:03 INFO  Title: Install package to directory specified in tedge config set tmp.path
09:43:03 INFO  ==============================================================
09:43:03 INFO  Using sw id database: {'asciijump': '5475369', 'robotfindskitten': '5474869', 'squirrel3': '5475279', 'rolldice': '5152439', 'moon-buggy': '5439204', 'apple': '5495053', 'banana': '5494888', 'cherry': '5495382', 'watermelon': '5494510', 'registry': '8018911', 'hello-world': '8021526', 'docker/getting-started': '8021973', 'alpine': '7991792'}
09:43:03 INFO  EnvironmentC8y Setup
09:43:04 INFO  Executed systemctl&lt;serv_mapper1&gt;, exit status 3
09:43:19 INFO  Executed sudo&lt;tedge_connect_c8y&gt;, exit status 0, duration 14 secs
09:43:21 INFO  Executed sudo&lt;tedge_connect_c8y_test&gt;, exit status 0
09:43:22 INFO  Executed systemctl&lt;serv_mosq2&gt;, exit status 0
09:43:23 INFO  Executed systemctl&lt;serv_mapper3&gt;, exit status 0
09:43:25 ERROR No operations found, assuming it passed
09:43:25 INFO  Assert that (False == value) with value=False ... passed
09:43:26 INFO  Executed sudo, exit status 0
09:43:26 INFO  Executed sudo, exit status 0
09:43:27 INFO  Executed sudo, exit status 0
09:43:31 INFO  Executed sudo&lt;tedge_disconnect_c8y&gt;, exit status 0
09:43:31 INFO  Restarting mosquitto too frequently in the last 10 seconds. It was only up for 3 seconds
09:43:31 INFO  Delaying execution by 8 seconds
09:43:53 INFO  Executed sudo&lt;tedge_connect_c8y&gt;, exit status 0, duration 14 secs
09:43:53 INFO  Response status: 201
09:43:53 INFO  Response to action: {
    "delivery": {
        "log": [],
        "time": "2022-05-30T09:43:53.830Z",
        "status": "PENDING"
    },
    "creationTime": "2022-05-30T09:43:53.806Z",
    "deviceId": "19786601",
    "deviceName": "mythica",
    "self": "https://t493319102.eu-latest.cumulocity.com/devicecontrol/operations/19797721",
    "id": "19797721",
    "status": "PENDING",
    "description": "Apply software changes, triggered from PySys: [{'name': 'rolldice', 'id': '5152439', 'version': '::apt', 'url': 'https://thin-edge-io.eu-latest.cumulocity.com/inventory/binaries/12435463', 'action': 'install'}]",
    "c8y_SoftwareUpdate": [
        {
            "name": "rolldice",
            "action": "install",
            "id": "5152439",
            "version": "::apt",
            "url": "https://thin-edge-io.eu-latest.cumulocity.com/inventory/binaries/12435463"
        }
    ]
}
09:43:53 INFO  Started operation: {'delivery': {'log': [], 'time': '2022-05-30T09:43:53.830Z', 'status': 'PENDING'}, 'creationTime': '2022-05-30T09:43:53.806Z', 'deviceId': '19786601', 'deviceName': 'mythica', 'self': 'https://t493319102.eu-latest.cumulocity.com/devicecontrol/operations/19797721', 'id': '19797721', 'status': 'PENDING', 'description': "Apply software changes, triggered from PySys: [{'name': 'rolldice', 'id': '5152439', 'version': '::apt', 'url': 'https://thin-edge-io.eu-latest.cumulocity.com/inventory/binaries/12435463', 'action': 'install'}]", 'c8y_SoftwareUpdate': [{'name': 'rolldice', 'action': 'install', 'id': '5152439', 'version': '::apt', 'url': 'https://thin-edge-io.eu-latest.cumulocity.com/inventory/binaries/12435463'}]}
09:43:53 WARN  , retrying in 0.5 seconds...
09:43:54 WARN  , retrying in 0.5 seconds...
09:43:54 WARN  , retrying in 0.5 seconds...
09:43:55 WARN  , retrying in 0.5 seconds...
09:43:55 WARN  , retrying in 0.5 seconds...
09:43:56 WARN  , retrying in 0.5 seconds...
09:43:56 WARN  , retrying in 0.5 seconds...
09:43:57 WARN  , retrying in 0.5 seconds...
09:43:57 WARN  , retrying in 0.5 seconds...
09:43:58 WARN  AssertionError occurred while running test - 
Traceback (most recent call last):
  File "/home/pi/env-pysys/lib/python3.7/site-packages/pysys/baserunner.py", line 1294, in __call__
    self.testObj.execute()
  File "/home/pi/actions-runner/_work/thin-edge.io/thin-edge.io/tests/PySys/software_management_end_to_end/sm_apt_install_download_path/run.py", line 83, in execute
    assert_install_in_download_path(install_directory=self.DOWNLOAD_DIR)
  File "/home/pi/env-pysys/lib/python3.7/site-packages/decorator.py", line 232, in fun
    return caller(func, *(extras + args), **kw)
  File "/home/pi/env-pysys/lib/python3.7/site-packages/retry/api.py", line 74, in retry_decorator
    logger)
  File "/home/pi/env-pysys/lib/python3.7/site-packages/retry/api.py", line 33, in __retry_internal
    return f()
  File "/home/pi/actions-runner/_work/thin-edge.io/thin-edge.io/tests/PySys/software_management_end_to_end/sm_apt_install_download_path/run.py", line 28, in assert_install_in_download_path
    assert "rolldice" in os.listdir(f"{install_directory}")
AssertionError
09:43:59 WARN  AssertionError: ... blocked 
09:43:59 INFO  
09:43:59 INFO  cleanup:
09:43:59 INFO  Executed sudo, exit status 0
09:44:00 INFO  Executed sudo, exit status 0
09:44:04 INFO  Executed sudo&lt;tedge_disconnect_c8y&gt;, exit status 0
09:44:04 INFO  Restarting mosquitto too frequently in the last 10 seconds. It was only up for 4 seconds
09:44:04 INFO  Delaying execution by 7 seconds
09:44:26 INFO  Executed sudo&lt;tedge_connect_c8y&gt;, exit status 0, duration 14 secs
09:44:30 INFO  Executed sudo&lt;tedge_disconnect_c8y&gt;, exit status 0
09:44:31 INFO  Executed systemctl&lt;serv_mapper5&gt;, exit status 3
09:44:31 INFO  
09:44:31 INFO  Test duration: 88.21 secs
09:44:31 INFO  Test final outcome:  BLOCKED
09:44:31 INFO  Test outcome reason: AssertionError:
09:44:31 INFO  
</system-out>
	</testcase>
<testcase classname="AptInstallWithDownloadPath" name="SoftwareManagement.sm_apt_install_download_path">
		<failure message="BLOCKED: AssertionError:" type="BLOCKED" />
		<system-out>10:10:05 INFO  ==============================================================
10:10:05 INFO  Id:    SoftwareManagement.sm_apt_install_download_path
10:10:05 INFO  Dir:   software_management_end_to_end/
10:10:05 INFO  Title: Install package to directory specified in tedge config set tmp.path
10:10:05 INFO  ==============================================================
10:10:07 INFO  Using sw id database: {'asciijump': '5475369', 'robotfindskitten': '5474869', 'squirrel3': '5475279', 'rolldice': '5152439', 'moon-buggy': '5439204', 'apple': '5495053', 'banana': '5494888', 'cherry': '5495382', 'watermelon': '5494510', 'registry': '8018911', 'hello-world': '8021526', 'docker/getting-started': '8021973', 'alpine': '7991792'}
10:10:07 INFO  EnvironmentC8y Setup
10:10:07 INFO  Executed systemctl&lt;serv_mapper1&gt;, exit status 3
10:10:22 INFO  Executed sudo&lt;tedge_connect_c8y&gt;, exit status 0, duration 14 secs
10:10:23 INFO  Executed sudo&lt;tedge_connect_c8y_test&gt;, exit status 0
10:10:23 INFO  Executed systemctl&lt;serv_mosq2&gt;, exit status 0
10:10:24 INFO  Executed systemctl&lt;serv_mapper3&gt;, exit status 0
10:10:26 INFO  State of current operation: SUCCESSFUL
10:10:26 INFO  Assert that (False == value) with value=False ... passed
10:10:27 INFO  Executed sudo, exit status 0
10:10:27 INFO  Executed sudo, exit status 0
10:10:28 INFO  Executed sudo, exit status 0
10:10:32 INFO  Executed sudo&lt;tedge_disconnect_c8y&gt;, exit status 0
10:10:32 INFO  Restarting mosquitto too frequently in the last 10 seconds. It was only up for 4 seconds
10:10:32 INFO  Delaying execution by 7 seconds
10:10:54 INFO  Executed sudo&lt;tedge_connect_c8y&gt;, exit status 0, duration 14 secs
10:10:54 INFO  Response status: 201
10:10:54 INFO  Response to action: {
    "creationTime": "2022-05-30T10:10:54.275Z",
    "deviceId": "19786601",
    "deviceName": "mythica",
    "self": "https://t493319102.eu-latest.cumulocity.com/devicecontrol/operations/19797961",
    "id": "19797961",
    "status": "PENDING",
    "description": "Apply software changes, triggered from PySys: [{'name': 'rolldice', 'id': '5152439', 'version': '::apt', 'url': 'https://thin-edge-io.eu-latest.cumulocity.com/inventory/binaries/12435463', 'action': 'install'}]",
    "c8y_SoftwareUpdate": [
        {
            "name": "rolldice",
            "action": "install",
            "id": "5152439",
            "version": "::apt",
            "url": "https://thin-edge-io.eu-latest.cumulocity.com/inventory/binaries/12435463"
        }
    ]
}
10:10:54 INFO  Started operation: {'creationTime': '2022-05-30T10:10:54.275Z', 'deviceId': '19786601', 'deviceName': 'mythica', 'self': 'https://t493319102.eu-latest.cumulocity.com/devicecontrol/operations/19797961', 'id': '19797961', 'status': 'PENDING', 'description': "Apply software changes, triggered from PySys: [{'name': 'rolldice', 'id': '5152439', 'version': '::apt', 'url': 'https://thin-edge-io.eu-latest.cumulocity.com/inventory/binaries/12435463', 'action': 'install'}]", 'c8y_SoftwareUpdate': [{'name': 'rolldice', 'action': 'install', 'id': '5152439', 'version': '::apt', 'url': 'https://thin-edge-io.eu-latest.cumulocity.com/inventory/binaries/12435463'}]}
10:10:54 WARN  , retrying in 0.5 seconds...
10:10:54 WARN  , retrying in 0.5 seconds...
10:10:55 WARN  , retrying in 0.5 seconds...
10:10:55 WARN  , retrying in 0.5 seconds...
10:10:56 WARN  , retrying in 0.5 seconds...
10:10:56 WARN  , retrying in 0.5 seconds...
10:10:57 WARN  , retrying in 0.5 seconds...
10:10:57 WARN  , retrying in 0.5 seconds...
10:10:58 WARN  , retrying in 0.5 seconds...
10:10:58 WARN  AssertionError occurred while running test - 
Traceback (most recent call last):
  File "/home/pi/env-pysys/lib/python3.7/site-packages/pysys/baserunner.py", line 1294, in __call__
    self.testObj.execute()
  File "/home/pi/actions-runner/_work/thin-edge.io/thin-edge.io/tests/PySys/software_management_end_to_end/sm_apt_install_download_path/run.py", line 83, in execute
    assert_install_in_download_path(install_directory=self.DOWNLOAD_DIR)
  File "/home/pi/env-pysys/lib/python3.7/site-packages/decorator.py", line 232, in fun
    return caller(func, *(extras + args), **kw)
  File "/home/pi/env-pysys/lib/python3.7/site-packages/retry/api.py", line 74, in retry_decorator
    logger)
  File "/home/pi/env-pysys/lib/python3.7/site-packages/retry/api.py", line 33, in __retry_internal
    return f()
  File "/home/pi/actions-runner/_work/thin-edge.io/thin-edge.io/tests/PySys/software_management_end_to_end/sm_apt_install_download_path/run.py", line 28, in assert_install_in_download_path
    assert "rolldice" in os.listdir(f"{install_directory}")
AssertionError
10:10:59 WARN  AssertionError: ... blocked 
10:10:59 INFO  
10:10:59 INFO  cleanup:
10:11:00 INFO  Executed sudo, exit status 0
10:11:00 INFO  Executed sudo, exit status 0
10:11:05 INFO  Executed sudo&lt;tedge_disconnect_c8y&gt;, exit status 0
10:11:05 INFO  Restarting mosquitto too frequently in the last 10 seconds. It was only up for 3 seconds
10:11:05 INFO  Delaying execution by 8 seconds
10:11:28 INFO  Executed sudo&lt;tedge_connect_c8y&gt;, exit status 0, duration 14 secs
10:11:32 INFO  Executed sudo&lt;tedge_disconnect_c8y&gt;, exit status 0
10:11:33 INFO  Executed systemctl&lt;serv_mapper5&gt;, exit status 3
10:11:33 INFO  
10:11:33 INFO  Test duration: 87.46 secs
10:11:33 INFO  Test final outcome:  BLOCKED
10:11:33 INFO  Test outcome reason: AssertionError:
10:11:33 INFO  
</system-out>
	</testcase>
</testsuite><testsuite name="SoftwareManagement.sm_apt_install_fail" tests="3" errors="0" failures="0" skipped="1" time="0"><testcase classname="PySysTest" name="SoftwareManagement.sm_apt_install_fail">
		<skipped message="SKIPPED: Testing the apt plugin is not supported on this platform.Use parameter -XmyPlatform='container' to enable it" />
		<system-out>09:18:37 INFO  ==============================================================
09:18:37 INFO  Id:    SoftwareManagement.sm_apt_install_fail
09:18:37 INFO  Dir:   software_management_end_to_end/
09:18:37 INFO  Title: Validate end to end behaviour for a failing installation
09:18:37 INFO  ==============================================================
09:18:37 INFO  Testing the apt plugin is not supported on this platform.Use parameter -XmyPlatform='container' to enable it ... skipped
09:18:37 WARN  Aborted test due to SKIPPED outcome
09:18:37 INFO  
09:18:37 INFO  Test duration: 0.02 secs
09:18:37 INFO  Test final outcome:  SKIPPED
09:18:37 INFO  Test outcome reason: Testing the apt plugin is not supported on this platform.Use parameter -XmyPlatform='container' to enable it
09:18:37 INFO  
</system-out>
	</testcase>
<testcase classname="PySysTest" name="SoftwareManagement.sm_apt_install_fail" />
<testcase classname="PySysTest" name="SoftwareManagement.sm_apt_install_fail" />
</testsuite><testsuite name="SoftwareManagement.sm_apt_install_remove" tests="3" errors="0" failures="0" skipped="1" time="0"><testcase classname="PySysTest" name="SoftwareManagement.sm_apt_install_remove">
		<skipped message="SKIPPED: Testing the apt plugin is not supported on this platform.Use parameter -XmyPlatform='container' to enable it" />
		<system-out>09:18:37 INFO  ==============================================================
09:18:37 INFO  Id:    SoftwareManagement.sm_apt_install_remove
09:18:37 INFO  Dir:   software_management_end_to_end/
09:18:37 INFO  Title: Validate end to end behaviour for the apt plugin for installation and removal of packages
09:18:37 INFO  ==============================================================
09:18:37 INFO  Testing the apt plugin is not supported on this platform.Use parameter -XmyPlatform='container' to enable it ... skipped
09:18:37 WARN  Aborted test due to SKIPPED outcome
09:18:37 INFO  
09:18:37 INFO  Test duration: 0.02 secs
09:18:37 INFO  Test final outcome:  SKIPPED
09:18:37 INFO  Test outcome reason: Testing the apt plugin is not supported on this platform.Use parameter -XmyPlatform='container' to enable it
09:18:37 INFO  
</system-out>
	</testcase>
<testcase classname="PySysTest" name="SoftwareManagement.sm_apt_install_remove" />
<testcase classname="PySysTest" name="SoftwareManagement.sm_apt_install_remove" />
</testsuite><testsuite name="SoftwareManagement.sm_apt_install_remove_default" tests="3" errors="0" failures="0" skipped="1" time="0"><testcase classname="PySysTest" name="SoftwareManagement.sm_apt_install_remove_default">
		<skipped message="SKIPPED: Testing the apt plugin is not supported on this platform.Use parameter -XmyPlatform='container' to enable it" />
		<system-out>09:18:37 INFO  ==============================================================
09:18:37 INFO  Id:    SoftwareManagement.sm_apt_install_remove_default
09:18:37 INFO  Dir:   software_management_end_to_end/
09:18:37 INFO  Title: Validate end to end behaviour for the default plugin for installation and removal of packages
09:18:37 INFO  ==============================================================
09:18:37 INFO  Testing the apt plugin is not supported on this platform.Use parameter -XmyPlatform='container' to enable it ... skipped
09:18:37 WARN  Aborted test due to SKIPPED outcome
09:18:37 INFO  
09:18:37 INFO  Test duration: 0.02 secs
09:18:37 INFO  Test final outcome:  SKIPPED
09:18:37 INFO  Test outcome reason: Testing the apt plugin is not supported on this platform.Use parameter -XmyPlatform='container' to enable it
09:18:37 INFO  
</system-out>
	</testcase>
<testcase classname="PySysTest" name="SoftwareManagement.sm_apt_install_remove_default" />
<testcase classname="PySysTest" name="SoftwareManagement.sm_apt_install_remove_default" />
</testsuite><testsuite name="SoftwareManagement.sm_apt_install_remove_multiple" tests="3" errors="0" failures="2" skipped="1" time="0"><testcase classname="PySysTest" name="SoftwareManagement.sm_apt_install_remove_multiple">
		<skipped message="SKIPPED: Testing the apt plugin is not supported on this platform.Use parameter -XmyPlatform='container' to enable it" />
		<system-out>09:18:37 INFO  ==============================================================
09:18:37 INFO  Id:    SoftwareManagement.sm_apt_install_remove_multiple
09:18:37 INFO  Dir:   software_management_end_to_end/
09:18:37 INFO  Title: Validate end to end behaviour for the apt plugin for multiple packages
09:18:37 INFO  ==============================================================
09:18:37 INFO  Testing the apt plugin is not supported on this platform.Use parameter -XmyPlatform='container' to enable it ... skipped
09:18:37 WARN  Aborted test due to SKIPPED outcome
09:18:37 INFO  
09:18:37 INFO  Test duration: 0.02 secs
09:18:37 INFO  Test final outcome:  SKIPPED
09:18:37 INFO  Test outcome reason: Testing the apt plugin is not supported on this platform.Use parameter -XmyPlatform='container' to enable it
09:18:37 INFO  
</system-out>
	</testcase>
<testcase classname="PySysTest" name="SoftwareManagement.sm_apt_install_remove_multiple">
		<failure message="FAILED: Assert that (False == value) with value=True" type="FAILED" />
		<system-out>09:51:25 INFO  ==============================================================
09:51:25 INFO  Id:    SoftwareManagement.sm_apt_install_remove_multiple
09:51:25 INFO  Dir:   software_management_end_to_end/
09:51:25 INFO  Title: Validate end to end behaviour for the apt plugin for multiple packages
09:51:25 INFO  ==============================================================
09:51:25 INFO  Using sw id database: {'asciijump': '5475369', 'robotfindskitten': '5474869', 'squirrel3': '5475279', 'rolldice': '5152439', 'moon-buggy': '5439204', 'apple': '5495053', 'banana': '5494888', 'cherry': '5495382', 'watermelon': '5494510', 'registry': '8018911', 'hello-world': '8021526', 'docker/getting-started': '8021973', 'alpine': '7991792'}
09:51:25 INFO  EnvironmentC8y Setup
09:51:26 INFO  Executed systemctl&lt;serv_mapper1&gt;, exit status 3
09:51:26 INFO  Restarting mosquitto too frequently in the last 10 seconds. It was only up for 5 seconds
09:51:26 INFO  Delaying execution by 6 seconds
09:51:46 INFO  Executed sudo&lt;tedge_connect_c8y&gt;, exit status 0, duration 14 secs
09:51:47 INFO  Executed sudo&lt;tedge_connect_c8y_test&gt;, exit status 0
09:51:47 INFO  Executed systemctl&lt;serv_mosq2&gt;, exit status 0
09:51:48 INFO  Executed systemctl&lt;serv_mapper3&gt;, exit status 0
09:51:50 INFO  State of current operation: SUCCESSFUL
09:51:50 INFO  Assert that (False == value) with value=False ... passed
09:51:51 INFO  Assert that (False == value) with value=False ... passed
09:51:51 INFO  Assert that (False == value) with value=False ... passed
09:51:51 INFO  Package robotfindskitten is installed
09:51:51 WARN  Assert that (False == value) with value=True ... failed 
09:51:51 INFO  Response status: 201
09:51:51 INFO  Response to action: {
    "delivery": {
        "log": [],
        "time": "2022-05-30T09:51:51.750Z",
        "status": "PENDING"
    },
    "creationTime": "2022-05-30T09:51:51.732Z",
    "deviceId": "19786601",
    "deviceName": "mythica",
    "self": "https://t493319102.eu-latest.cumulocity.com/devicecontrol/operations/19797810",
    "id": "19797810",
    "status": "PENDING",
    "description": "Apply software changes, triggered from PySys: [{'action': 'install', 'id': '5475369', 'name': 'asciijump', 'url': ' ', 'version': '::apt'}, {'action': 'install', 'id': '5474869', 'name': 'robotfindskitten', 'url': ' ', 'version': '::apt'}, {'action': 'install', 'id': '5475279', 'name': 'squirrel3', 'url': ' ', 'version': '::apt'}]",
    "c8y_SoftwareUpdate": [
        {
            "name": "asciijump",
            "action": "install",
            "id": "5475369",
            "version": "::apt",
            "url": " "
        },
        {
            "name": "robotfindskitten",
            "action": "install",
            "id": "5474869",
            "version": "::apt",
            "url": " "
        },
        {
            "name": "squirrel3",
            "action": "install",
            "id": "5475279",
            "version": "::apt",
            "url": " "
        }
    ]
}
09:51:51 INFO  Started operation: {'delivery': {'log': [], 'time': '2022-05-30T09:51:51.750Z', 'status': 'PENDING'}, 'creationTime': '2022-05-30T09:51:51.732Z', 'deviceId': '19786601', 'deviceName': 'mythica', 'self': 'https://t493319102.eu-latest.cumulocity.com/devicecontrol/operations/19797810', 'id': '19797810', 'status': 'PENDING', 'description': "Apply software changes, triggered from PySys: [{'action': 'install', 'id': '5475369', 'name': 'asciijump', 'url': ' ', 'version': '::apt'}, {'action': 'install', 'id': '5474869', 'name': 'robotfindskitten', 'url': ' ', 'version': '::apt'}, {'action': 'install', 'id': '5475279', 'name': 'squirrel3', 'url': ' ', 'version': '::apt'}]", 'c8y_SoftwareUpdate': [{'name': 'asciijump', 'action': 'install', 'id': '5475369', 'version': '::apt', 'url': ' '}, {'name': 'robotfindskitten', 'action': 'install', 'id': '5474869', 'version': '::apt', 'url': ' '}, {'name': 'squirrel3', 'action': 'install', 'id': '5475279', 'version': '::apt', 'url': ' '}]}
09:51:53 INFO  State of operation 19797810 : PENDING
09:51:56 INFO  State of operation 19797810 : EXECUTING
09:51:58 INFO  State of operation 19797810 : EXECUTING
09:52:00 INFO  State of operation 19797810 : EXECUTING
09:52:02 INFO  State of operation 19797810 : EXECUTING
09:52:05 INFO  State of operation 19797810 : EXECUTING
09:52:07 INFO  State of operation 19797810 : EXECUTING
09:52:10 INFO  State of operation 19797810 : EXECUTING
09:52:12 INFO  State of operation 19797810 : EXECUTING
09:52:15 INFO  State of operation 19797810 : EXECUTING
09:52:17 INFO  State of operation 19797810 : EXECUTING
09:52:19 INFO  State of operation 19797810 : EXECUTING
09:52:21 INFO  State of operation 19797810 : EXECUTING
09:52:24 INFO  State of operation 19797810 : EXECUTING
09:52:26 INFO  State of operation 19797810 : EXECUTING
09:52:28 INFO  State of operation 19797810 : EXECUTING
09:52:31 INFO  State of operation 19797810 : EXECUTING
09:52:33 INFO  State of operation 19797810 : EXECUTING
09:52:36 INFO  State of operation 19797810 : EXECUTING
09:52:38 INFO  State of operation 19797810 : EXECUTING
09:52:40 INFO  State of operation 19797810 : EXECUTING
09:52:42 INFO  State of operation 19797810 : EXECUTING
09:52:45 INFO  State of operation 19797810 : EXECUTING
09:52:47 INFO  State of operation 19797810 : EXECUTING
09:52:50 INFO  State of operation 19797810 : EXECUTING
09:52:52 INFO  State of operation 19797810 : EXECUTING
09:52:54 INFO  State of operation 19797810 : EXECUTING
09:52:57 INFO  State of operation 19797810 : EXECUTING
09:52:59 INFO  State of operation 19797810 : EXECUTING
09:53:01 INFO  State of operation 19797810 : EXECUTING
09:53:03 INFO  State of operation 19797810 : EXECUTING
09:53:06 INFO  State of operation 19797810 : EXECUTING
09:53:08 INFO  State of operation 19797810 : EXECUTING
09:53:10 INFO  State of operation 19797810 : EXECUTING
09:53:12 INFO  State of operation 19797810 : EXECUTING
09:53:15 INFO  State of operation 19797810 : SUCCESSFUL
09:53:15 INFO  Assert that (False == value) with value=False ... passed
09:53:15 INFO  Package asciijump is installed
09:53:15 INFO  Assert that (True == value) with value=True ... passed
09:53:15 INFO  Package squirrel3 is installed
09:53:15 INFO  Assert that (True == value) with value=True ... passed
09:53:15 INFO  Package robotfindskitten is installed
09:53:15 INFO  Assert that (True == value) with value=True ... passed
09:53:16 INFO  Response status: 201
09:53:16 INFO  Response to action: {
    "delivery": {
        "log": [],
        "time": "2022-05-30T09:53:16.160Z",
        "status": "PENDING"
    },
    "creationTime": "2022-05-30T09:53:16.143Z",
    "deviceId": "19786601",
    "deviceName": "mythica",
    "self": "https://t493319102.eu-latest.cumulocity.com/devicecontrol/operations/19797826",
    "id": "19797826",
    "status": "PENDING",
    "description": "Apply software changes, triggered from PySys: [{'action': 'delete', 'id': '5475369', 'name': 'asciijump', 'url': ' ', 'version': '::apt'}, {'action': 'delete', 'id': '5474869', 'name': 'robotfindskitten', 'url': ' ', 'version': '::apt'}, {'action': 'delete', 'id': '5475279', 'name': 'squirrel3', 'url': ' ', 'version': '::apt'}]",
    "c8y_SoftwareUpdate": [
        {
            "name": "asciijump",
            "action": "delete",
            "id": "5475369",
            "version": "::apt",
            "url": " "
        },
        {
            "name": "robotfindskitten",
            "action": "delete",
            "id": "5474869",
            "version": "::apt",
            "url": " "
        },
        {
            "name": "squirrel3",
            "action": "delete",
            "id": "5475279",
            "version": "::apt",
            "url": " "
        }
    ]
}
09:53:16 INFO  Started operation: {'delivery': {'log': [], 'time': '2022-05-30T09:53:16.160Z', 'status': 'PENDING'}, 'creationTime': '2022-05-30T09:53:16.143Z', 'deviceId': '19786601', 'deviceName': 'mythica', 'self': 'https://t493319102.eu-latest.cumulocity.com/devicecontrol/operations/19797826', 'id': '19797826', 'status': 'PENDING', 'description': "Apply software changes, triggered from PySys: [{'action': 'delete', 'id': '5475369', 'name': 'asciijump', 'url': ' ', 'version': '::apt'}, {'action': 'delete', 'id': '5474869', 'name': 'robotfindskitten', 'url': ' ', 'version': '::apt'}, {'action': 'delete', 'id': '5475279', 'name': 'squirrel3', 'url': ' ', 'version': '::apt'}]", 'c8y_SoftwareUpdate': [{'name': 'asciijump', 'action': 'delete', 'id': '5475369', 'version': '::apt', 'url': ' '}, {'name': 'robotfindskitten', 'action': 'delete', 'id': '5474869', 'version': '::apt', 'url': ' '}, {'name': 'squirrel3', 'action': 'delete', 'id': '5475279', 'version': '::apt', 'url': ' '}]}
09:53:18 INFO  State of operation 19797826 : PENDING
09:53:20 INFO  State of operation 19797826 : EXECUTING
09:53:22 INFO  State of operation 19797826 : EXECUTING
09:53:25 INFO  State of operation 19797826 : EXECUTING
09:53:27 INFO  State of operation 19797826 : EXECUTING
09:53:29 INFO  State of operation 19797826 : EXECUTING
09:53:32 INFO  State of operation 19797826 : EXECUTING
09:53:35 INFO  State of operation 19797826 : EXECUTING
09:53:37 INFO  State of operation 19797826 : EXECUTING
09:53:39 INFO  State of operation 19797826 : EXECUTING
09:53:42 INFO  State of operation 19797826 : EXECUTING
09:53:44 INFO  State of operation 19797826 : EXECUTING
09:53:46 INFO  State of operation 19797826 : EXECUTING
09:53:48 INFO  State of operation 19797826 : EXECUTING
09:53:51 INFO  State of operation 19797826 : EXECUTING
09:53:53 INFO  State of operation 19797826 : EXECUTING
09:53:55 INFO  State of operation 19797826 : EXECUTING
09:53:58 INFO  State of operation 19797826 : EXECUTING
09:54:00 INFO  State of operation 19797826 : EXECUTING
09:54:03 INFO  State of operation 19797826 : EXECUTING
09:54:05 INFO  State of operation 19797826 : EXECUTING
09:54:07 INFO  State of operation 19797826 : EXECUTING
09:54:09 INFO  State of operation 19797826 : EXECUTING
09:54:12 INFO  State of operation 19797826 : EXECUTING
09:54:14 INFO  State of operation 19797826 : EXECUTING
09:54:17 INFO  State of operation 19797826 : EXECUTING
09:54:19 INFO  State of operation 19797826 : EXECUTING
09:54:21 INFO  State of operation 19797826 : EXECUTING
09:54:24 INFO  State of operation 19797826 : SUCCESSFUL
09:54:24 INFO  Assert that (False == value) with value=False ... passed
09:54:24 INFO  Assert that (False == value) with value=False ... passed
09:54:24 INFO  Assert that (False == value) with value=False ... passed
09:54:24 INFO  Assert that (False == value) with value=False ... passed
09:54:24 INFO  
09:54:24 INFO  cleanup:
09:54:29 INFO  Executed sudo&lt;tedge_disconnect_c8y&gt;, exit status 0
09:54:29 INFO  Executed systemctl&lt;serv_mapper5&gt;, exit status 3
09:54:29 INFO  
09:54:29 INFO  Test duration: 184.26 secs
09:54:29 INFO  Test final outcome:  FAILED
09:54:29 INFO  Test outcome reason: Assert that (False == value) with value=True
09:54:29 INFO  
</system-out>
	</testcase>
<testcase classname="PySysTest" name="SoftwareManagement.sm_apt_install_remove_multiple">
		<failure message="FAILED: Assert that (False == value) with value=True (+2 other failures)" type="FAILED" />
		<system-out>10:18:17 INFO  ==============================================================
10:18:17 INFO  Id:    SoftwareManagement.sm_apt_install_remove_multiple
10:18:17 INFO  Dir:   software_management_end_to_end/
10:18:17 INFO  Title: Validate end to end behaviour for the apt plugin for multiple packages
10:18:17 INFO  ==============================================================
10:18:17 INFO  Using sw id database: {'asciijump': '5475369', 'robotfindskitten': '5474869', 'squirrel3': '5475279', 'rolldice': '5152439', 'moon-buggy': '5439204', 'apple': '5495053', 'banana': '5494888', 'cherry': '5495382', 'watermelon': '5494510', 'registry': '8018911', 'hello-world': '8021526', 'docker/getting-started': '8021973', 'alpine': '7991792'}
10:18:17 INFO  EnvironmentC8y Setup
10:18:18 INFO  Executed systemctl&lt;serv_mapper1&gt;, exit status 3
10:18:18 INFO  Restarting mosquitto too frequently in the last 10 seconds. It was only up for 5 seconds
10:18:18 INFO  Delaying execution by 6 seconds
10:18:38 INFO  Executed sudo&lt;tedge_connect_c8y&gt;, exit status 0, duration 14 secs
10:18:39 INFO  Executed sudo&lt;tedge_connect_c8y_test&gt;, exit status 0
10:18:39 INFO  Executed systemctl&lt;serv_mosq2&gt;, exit status 0
10:18:40 INFO  Executed systemctl&lt;serv_mapper3&gt;, exit status 0
10:18:42 INFO  State of current operation: SUCCESSFUL
10:18:42 INFO  Assert that (False == value) with value=False ... passed
10:18:42 INFO  Package asciijump is installed
10:18:43 WARN  Assert that (False == value) with value=True ... failed 
10:18:43 INFO  Package squirrel3 is installed
10:18:43 WARN  Assert that (False == value) with value=True ... failed 
10:18:43 INFO  Package robotfindskitten is installed
10:18:43 WARN  Assert that (False == value) with value=True ... failed 
10:18:43 INFO  Response status: 201
10:18:43 INFO  Response to action: {
    "creationTime": "2022-05-30T10:18:43.720Z",
    "deviceId": "19786601",
    "deviceName": "mythica",
    "self": "https://t493319102.eu-latest.cumulocity.com/devicecontrol/operations/19798049",
    "id": "19798049",
    "status": "PENDING",
    "description": "Apply software changes, triggered from PySys: [{'action': 'install', 'id': '5475369', 'name': 'asciijump', 'url': ' ', 'version': '::apt'}, {'action': 'install', 'id': '5474869', 'name': 'robotfindskitten', 'url': ' ', 'version': '::apt'}, {'action': 'install', 'id': '5475279', 'name': 'squirrel3', 'url': ' ', 'version': '::apt'}]",
    "c8y_SoftwareUpdate": [
        {
            "name": "asciijump",
            "action": "install",
            "id": "5475369",
            "version": "::apt",
            "url": " "
        },
        {
            "name": "robotfindskitten",
            "action": "install",
            "id": "5474869",
            "version": "::apt",
            "url": " "
        },
        {
            "name": "squirrel3",
            "action": "install",
            "id": "5475279",
            "version": "::apt",
            "url": " "
        }
    ]
}
10:18:43 INFO  Started operation: {'creationTime': '2022-05-30T10:18:43.720Z', 'deviceId': '19786601', 'deviceName': 'mythica', 'self': 'https://t493319102.eu-latest.cumulocity.com/devicecontrol/operations/19798049', 'id': '19798049', 'status': 'PENDING', 'description': "Apply software changes, triggered from PySys: [{'action': 'install', 'id': '5475369', 'name': 'asciijump', 'url': ' ', 'version': '::apt'}, {'action': 'install', 'id': '5474869', 'name': 'robotfindskitten', 'url': ' ', 'version': '::apt'}, {'action': 'install', 'id': '5475279', 'name': 'squirrel3', 'url': ' ', 'version': '::apt'}]", 'c8y_SoftwareUpdate': [{'name': 'asciijump', 'action': 'install', 'id': '5475369', 'version': '::apt', 'url': ' '}, {'name': 'robotfindskitten', 'action': 'install', 'id': '5474869', 'version': '::apt', 'url': ' '}, {'name': 'squirrel3', 'action': 'install', 'id': '5475279', 'version': '::apt', 'url': ' '}]}
10:18:45 INFO  State of operation 19798049 : PENDING
10:18:48 INFO  State of operation 19798049 : EXECUTING
10:18:50 INFO  State of operation 19798049 : EXECUTING
10:18:52 INFO  State of operation 19798049 : EXECUTING
10:18:54 INFO  State of operation 19798049 : EXECUTING
10:18:57 INFO  State of operation 19798049 : EXECUTING
10:18:59 INFO  State of operation 19798049 : EXECUTING
10:19:03 INFO  State of operation 19798049 : EXECUTING
10:19:05 INFO  State of operation 19798049 : EXECUTING
10:19:08 INFO  State of operation 19798049 : EXECUTING
10:19:10 INFO  State of operation 19798049 : EXECUTING
10:19:12 INFO  State of operation 19798049 : EXECUTING
10:19:14 INFO  State of operation 19798049 : EXECUTING
10:19:16 INFO  State of operation 19798049 : EXECUTING
10:19:19 INFO  State of operation 19798049 : EXECUTING
10:19:21 INFO  State of operation 19798049 : SUCCESSFUL
10:19:21 INFO  Assert that (False == value) with value=False ... passed
10:19:22 INFO  Package asciijump is installed
10:19:22 INFO  Assert that (True == value) with value=True ... passed
10:19:22 INFO  Package squirrel3 is installed
10:19:22 INFO  Assert that (True == value) with value=True ... passed
10:19:22 INFO  Package robotfindskitten is installed
10:19:22 INFO  Assert that (True == value) with value=True ... passed
10:19:22 INFO  Response status: 201
10:19:22 INFO  Response to action: {
    "creationTime": "2022-05-30T10:19:22.680Z",
    "deviceId": "19786601",
    "deviceName": "mythica",
    "self": "https://t493319102.eu-latest.cumulocity.com/devicecontrol/operations/19798064",
    "id": "19798064",
    "status": "PENDING",
    "description": "Apply software changes, triggered from PySys: [{'action': 'delete', 'id': '5475369', 'name': 'asciijump', 'url': ' ', 'version': '::apt'}, {'action': 'delete', 'id': '5474869', 'name': 'robotfindskitten', 'url': ' ', 'version': '::apt'}, {'action': 'delete', 'id': '5475279', 'name': 'squirrel3', 'url': ' ', 'version': '::apt'}]",
    "c8y_SoftwareUpdate": [
        {
            "name": "asciijump",
            "action": "delete",
            "id": "5475369",
            "version": "::apt",
            "url": " "
        },
        {
            "name": "robotfindskitten",
            "action": "delete",
            "id": "5474869",
            "version": "::apt",
            "url": " "
        },
        {
            "name": "squirrel3",
            "action": "delete",
            "id": "5475279",
            "version": "::apt",
            "url": " "
        }
    ]
}
10:19:22 INFO  Started operation: {'creationTime': '2022-05-30T10:19:22.680Z', 'deviceId': '19786601', 'deviceName': 'mythica', 'self': 'https://t493319102.eu-latest.cumulocity.com/devicecontrol/operations/19798064', 'id': '19798064', 'status': 'PENDING', 'description': "Apply software changes, triggered from PySys: [{'action': 'delete', 'id': '5475369', 'name': 'asciijump', 'url': ' ', 'version': '::apt'}, {'action': 'delete', 'id': '5474869', 'name': 'robotfindskitten', 'url': ' ', 'version': '::apt'}, {'action': 'delete', 'id': '5475279', 'name': 'squirrel3', 'url': ' ', 'version': '::apt'}]", 'c8y_SoftwareUpdate': [{'name': 'asciijump', 'action': 'delete', 'id': '5475369', 'version': '::apt', 'url': ' '}, {'name': 'robotfindskitten', 'action': 'delete', 'id': '5474869', 'version': '::apt', 'url': ' '}, {'name': 'squirrel3', 'action': 'delete', 'id': '5475279', 'version': '::apt', 'url': ' '}]}
10:19:24 INFO  State of operation 19798064 : PENDING
10:19:27 INFO  State of operation 19798064 : EXECUTING
10:19:29 INFO  State of operation 19798064 : EXECUTING
10:19:31 INFO  State of operation 19798064 : EXECUTING
10:19:33 INFO  State of operation 19798064 : EXECUTING
10:19:36 INFO  State of operation 19798064 : EXECUTING
10:19:38 INFO  State of operation 19798064 : EXECUTING
10:19:41 INFO  State of operation 19798064 : EXECUTING
10:19:43 INFO  State of operation 19798064 : EXECUTING
10:19:46 INFO  State of operation 19798064 : EXECUTING
10:19:48 INFO  State of operation 19798064 : EXECUTING
10:19:50 INFO  State of operation 19798064 : EXECUTING
10:19:53 INFO  State of operation 19798064 : EXECUTING
10:19:55 INFO  State of operation 19798064 : EXECUTING
10:19:57 INFO  State of operation 19798064 : EXECUTING
10:20:00 INFO  State of operation 19798064 : EXECUTING
10:20:02 INFO  State of operation 19798064 : EXECUTING
10:20:04 INFO  State of operation 19798064 : EXECUTING
10:20:07 INFO  State of operation 19798064 : EXECUTING
10:20:09 INFO  State of operation 19798064 : EXECUTING
10:20:12 INFO  State of operation 19798064 : EXECUTING
10:20:14 INFO  State of operation 19798064 : EXECUTING
10:20:16 INFO  State of operation 19798064 : EXECUTING
10:20:19 INFO  State of operation 19798064 : EXECUTING
10:20:21 INFO  State of operation 19798064 : EXECUTING
10:20:23 INFO  State of operation 19798064 : EXECUTING
10:20:26 INFO  State of operation 19798064 : EXECUTING
10:20:28 INFO  State of operation 19798064 : EXECUTING
10:20:30 INFO  State of operation 19798064 : EXECUTING
10:20:32 INFO  State of operation 19798064 : SUCCESSFUL
10:20:33 INFO  Assert that (False == value) with value=False ... passed
10:20:33 INFO  Assert that (False == value) with value=False ... passed
10:20:33 INFO  Assert that (False == value) with value=False ... passed
10:20:33 INFO  Assert that (False == value) with value=False ... passed
10:20:33 INFO  
10:20:33 INFO  cleanup:
10:20:38 INFO  Executed sudo&lt;tedge_disconnect_c8y&gt;, exit status 0
10:20:38 INFO  Executed systemctl&lt;serv_mapper5&gt;, exit status 3
10:20:38 INFO  
10:20:38 INFO  Test duration: 141.06 secs
10:20:38 INFO  Test final outcome:  FAILED
10:20:38 INFO  Test outcome reason: Assert that (False == value) with value=True (+2 other failures)
10:20:38 INFO  
</system-out>
	</testcase>
</testsuite><testsuite name="SoftwareManagement.sm_apt_install_remove_multiple_mixed" tests="3" errors="0" failures="2" skipped="1" time="0"><testcase classname="PySysTest" name="SoftwareManagement.sm_apt_install_remove_multiple_mixed">
		<skipped message="SKIPPED: Testing the apt plugin is not supported on this platform.Use parameter -XmyPlatform='container' to enable it" />
		<system-out>09:18:37 INFO  ==============================================================
09:18:37 INFO  Id:    SoftwareManagement.sm_apt_install_remove_multiple_mixed
09:18:37 INFO  Dir:   software_management_end_to_end/
09:18:37 INFO  Title: Validate end to end behaviour for the apt plugin for multiple packages with mixed versions
09:18:37 INFO  ==============================================================
09:18:37 INFO  Testing the apt plugin is not supported on this platform.Use parameter -XmyPlatform='container' to enable it ... skipped
09:18:37 WARN  Aborted test due to SKIPPED outcome
09:18:37 INFO  
09:18:37 INFO  Test duration: 0.02 secs
09:18:37 INFO  Test final outcome:  SKIPPED
09:18:37 INFO  Test outcome reason: Testing the apt plugin is not supported on this platform.Use parameter -XmyPlatform='container' to enable it
09:18:37 INFO  
</system-out>
	</testcase>
<testcase classname="PySysTest" name="SoftwareManagement.sm_apt_install_remove_multiple_mixed">
		<failure message="BLOCKED: SystemError: Timeout while waiting for status SUCCESSFUL or False" type="BLOCKED" />
		<system-out>09:54:29 INFO  ==============================================================
09:54:29 INFO  Id:    SoftwareManagement.sm_apt_install_remove_multiple_mixed
09:54:29 INFO  Dir:   software_management_end_to_end/
09:54:29 INFO  Title: Validate end to end behaviour for the apt plugin for multiple packages with mixed versions
09:54:29 INFO  ==============================================================
09:54:29 INFO  Using sw id database: {'asciijump': '5475369', 'robotfindskitten': '5474869', 'squirrel3': '5475279', 'rolldice': '5152439', 'moon-buggy': '5439204', 'apple': '5495053', 'banana': '5494888', 'cherry': '5495382', 'watermelon': '5494510', 'registry': '8018911', 'hello-world': '8021526', 'docker/getting-started': '8021973', 'alpine': '7991792'}
09:54:29 INFO  EnvironmentC8y Setup
09:54:30 INFO  Executed systemctl&lt;serv_mapper1&gt;, exit status 3
09:54:30 INFO  Restarting mosquitto too frequently in the last 10 seconds. It was only up for 4 seconds
09:54:30 INFO  Delaying execution by 7 seconds
09:54:52 INFO  Executed sudo&lt;tedge_connect_c8y&gt;, exit status 0, duration 14 secs
09:54:52 INFO  Executed sudo&lt;tedge_connect_c8y_test&gt;, exit status 0
09:54:53 INFO  Executed systemctl&lt;serv_mosq2&gt;, exit status 0
09:54:53 INFO  Executed systemctl&lt;serv_mapper3&gt;, exit status 0
09:54:55 INFO  State of current operation: SUCCESSFUL
09:54:56 INFO  Assert that (False == value) with value=False ... passed
09:54:56 INFO  Assert that (False == value) with value=False ... passed
09:54:56 INFO  Assert that (False == value) with value=False ... passed
09:54:56 INFO  Assert that (False == value) with value=False ... passed
09:54:57 INFO  Assert that (False == value) with value=False ... passed
09:54:58 INFO  Response status: 201
09:54:58 INFO  Response to action: {
    "creationTime": "2022-05-30T09:54:58.218Z",
    "deviceId": "19786601",
    "deviceName": "mythica",
    "self": "https://t493319102.eu-latest.cumulocity.com/devicecontrol/operations/19797842",
    "id": "19797842",
    "status": "PENDING",
    "description": "Apply software changes, triggered from PySys: [{'action': 'install', 'id': '5475369', 'name': 'asciijump', 'url': ' ', 'version': '::apt'}, {'action': 'install', 'id': '5474869', 'name': 'robotfindskitten', 'url': ' ', 'version': ' '}, {'action': 'install', 'id': '5475279', 'name': 'squirrel3', 'url': ' ', 'version': '3.1-7::apt'}, {'action': 'install', 'id': '5152439', 'name': 'rolldice', 'url': ' ', 'version': '1.16-1+b1'}, {'action': 'install', 'id': '5439204', 'name': 'moon-buggy', 'url': ' ', 'version': '1:1.0.51-12'}, {'action': 'install', 'id': '5475369', 'name': 'asciijump', 'url': ' ', 'version': '::apt'}]",
    "c8y_SoftwareUpdate": [
        {
            "name": "asciijump",
            "action": "install",
            "id": "5475369",
            "version": "::apt",
            "url": " "
        },
        {
            "name": "robotfindskitten",
            "action": "install",
            "id": "5474869",
            "version": " ",
            "url": " "
        },
        {
            "name": "squirrel3",
            "action": "install",
            "id": "5475279",
            "version": "3.1-7::apt",
            "url": " "
        },
        {
            "name": "rolldice",
            "action": "install",
            "id": "5152439",
            "version": "1.16-1+b1",
            "url": " "
        },
        {
            "name": "moon-buggy",
            "action": "install",
            "id": "5439204",
            "version": "1:1.0.51-12",
            "url": " "
        },
        {
            "name": "asciijump",
            "action": "install",
            "id": "5475369",
            "version": "::apt",
            "url": " "
        }
    ]
}
09:54:58 INFO  Started operation: {'creationTime': '2022-05-30T09:54:58.218Z', 'deviceId': '19786601', 'deviceName': 'mythica', 'self': 'https://t493319102.eu-latest.cumulocity.com/devicecontrol/operations/19797842', 'id': '19797842', 'status': 'PENDING', 'description': "Apply software changes, triggered from PySys: [{'action': 'install', 'id': '5475369', 'name': 'asciijump', 'url': ' ', 'version': '::apt'}, {'action': 'install', 'id': '5474869', 'name': 'robotfindskitten', 'url': ' ', 'version': ' '}, {'action': 'install', 'id': '5475279', 'name': 'squirrel3', 'url': ' ', 'version': '3.1-7::apt'}, {'action': 'install', 'id': '5152439', 'name': 'rolldice', 'url': ' ', 'version': '1.16-1+b1'}, {'action': 'install', 'id': '5439204', 'name': 'moon-buggy', 'url': ' ', 'version': '1:1.0.51-12'}, {'action': 'install', 'id': '5475369', 'name': 'asciijump', 'url': ' ', 'version': '::apt'}]", 'c8y_SoftwareUpdate': [{'name': 'asciijump', 'action': 'install', 'id': '5475369', 'version': '::apt', 'url': ' '}, {'name': 'robotfindskitten', 'action': 'install', 'id': '5474869', 'version': ' ', 'url': ' '}, {'name': 'squirrel3', 'action': 'install', 'id': '5475279', 'version': '3.1-7::apt', 'url': ' '}, {'name': 'rolldice', 'action': 'install', 'id': '5152439', 'version': '1.16-1+b1', 'url': ' '}, {'name': 'moon-buggy', 'action': 'install', 'id': '5439204', 'version': '1:1.0.51-12', 'url': ' '}, {'name': 'asciijump', 'action': 'install', 'id': '5475369', 'version': '::apt', 'url': ' '}]}
09:55:00 INFO  State of operation 19797842 : PENDING
09:55:02 INFO  State of operation 19797842 : EXECUTING
09:55:05 INFO  State of operation 19797842 : EXECUTING
09:55:07 INFO  State of operation 19797842 : EXECUTING
09:55:09 INFO  State of operation 19797842 : EXECUTING
09:55:11 INFO  State of operation 19797842 : EXECUTING
09:55:14 INFO  State of operation 19797842 : EXECUTING
09:55:17 INFO  State of operation 19797842 : EXECUTING
09:55:19 INFO  State of operation 19797842 : EXECUTING
09:55:22 INFO  State of operation 19797842 : EXECUTING
09:55:24 INFO  State of operation 19797842 : EXECUTING
09:55:26 INFO  State of operation 19797842 : EXECUTING
09:55:28 INFO  State of operation 19797842 : EXECUTING
09:55:31 INFO  State of operation 19797842 : EXECUTING
09:55:33 INFO  State of operation 19797842 : EXECUTING
09:55:35 INFO  State of operation 19797842 : EXECUTING
09:55:38 INFO  State of operation 19797842 : EXECUTING
09:55:40 INFO  State of operation 19797842 : EXECUTING
09:55:42 INFO  State of operation 19797842 : EXECUTING
09:55:45 INFO  State of operation 19797842 : EXECUTING
09:55:47 INFO  State of operation 19797842 : EXECUTING
09:55:50 INFO  State of operation 19797842 : EXECUTING
09:55:52 INFO  State of operation 19797842 : EXECUTING
09:55:54 INFO  State of operation 19797842 : EXECUTING
09:55:57 INFO  State of operation 19797842 : EXECUTING
09:55:59 INFO  State of operation 19797842 : EXECUTING
09:56:02 INFO  State of operation 19797842 : EXECUTING
09:56:04 INFO  State of operation 19797842 : EXECUTING
09:56:07 INFO  State of operation 19797842 : EXECUTING
09:56:09 INFO  State of operation 19797842 : EXECUTING
09:56:11 INFO  State of operation 19797842 : EXECUTING
09:56:14 INFO  State of operation 19797842 : EXECUTING
09:56:16 INFO  State of operation 19797842 : EXECUTING
09:56:18 INFO  State of operation 19797842 : EXECUTING
09:56:20 INFO  State of operation 19797842 : EXECUTING
09:56:23 INFO  State of operation 19797842 : EXECUTING
09:56:25 INFO  State of operation 19797842 : EXECUTING
09:56:27 INFO  State of operation 19797842 : EXECUTING
09:56:30 INFO  State of operation 19797842 : EXECUTING
09:56:32 INFO  State of operation 19797842 : EXECUTING
09:56:35 INFO  State of operation 19797842 : EXECUTING
09:56:37 INFO  State of operation 19797842 : EXECUTING
09:56:39 INFO  State of operation 19797842 : EXECUTING
09:56:42 INFO  State of operation 19797842 : EXECUTING
09:56:44 INFO  State of operation 19797842 : EXECUTING
09:56:46 INFO  State of operation 19797842 : EXECUTING
09:56:48 INFO  State of operation 19797842 : EXECUTING
09:56:51 INFO  State of operation 19797842 : EXECUTING
09:56:53 INFO  State of operation 19797842 : EXECUTING
09:56:55 INFO  State of operation 19797842 : EXECUTING
09:56:58 INFO  State of operation 19797842 : EXECUTING
09:57:00 INFO  State of operation 19797842 : EXECUTING
09:57:02 INFO  State of operation 19797842 : EXECUTING
09:57:05 INFO  State of operation 19797842 : EXECUTING
09:57:07 INFO  State of operation 19797842 : EXECUTING
09:57:10 INFO  State of operation 19797842 : EXECUTING
09:57:12 INFO  State of operation 19797842 : EXECUTING
09:57:14 INFO  State of operation 19797842 : EXECUTING
09:57:17 INFO  State of operation 19797842 : EXECUTING
09:57:19 INFO  State of operation 19797842 : EXECUTING
09:57:22 INFO  State of operation 19797842 : EXECUTING
09:57:24 WARN  SystemError occurred while running test - Timeout while waiting for status SUCCESSFUL or False
Traceback (most recent call last):
  File "/home/pi/env-pysys/lib/python3.7/site-packages/pysys/baserunner.py", line 1294, in __call__
    self.testObj.execute()
  File "/home/pi/actions-runner/_work/thin-edge.io/thin-edge.io/tests/PySys/software_management_end_to_end/sm_apt_install_remove_multiple_mixed/run.py", line 89, in execute
    self.wait_until_succcess()
  File "/home/pi/actions-runner/_work/thin-edge.io/thin-edge.io/tests/PySys/software_management_end_to_end/environment_sm_management.py", line 324, in wait_until_succcess
    self.wait_until_status("SUCCESSFUL")
  File "/home/pi/actions-runner/_work/thin-edge.io/thin-edge.io/tests/PySys/software_management_end_to_end/environment_sm_management.py", line 381, in wait_until_status
    "Timeout while waiting for status %s or %s" % (status, status2)
SystemError: Timeout while waiting for status SUCCESSFUL or False
09:57:24 WARN  SystemError: Timeout while waiting for status SUCCESSFUL or False ... blocked 
09:57:24 INFO  
09:57:24 INFO  cleanup:
09:57:28 INFO  Executed sudo&lt;tedge_disconnect_c8y&gt;, exit status 0
09:57:29 INFO  Executed systemctl&lt;serv_mapper5&gt;, exit status 3
09:57:29 INFO  
09:57:29 INFO  Test duration: 179.20 secs
09:57:29 INFO  Test final outcome:  BLOCKED
09:57:29 INFO  Test outcome reason: SystemError: Timeout while waiting for status SUCCESSFUL or False
09:57:29 INFO  
</system-out>
	</testcase>
<testcase classname="PySysTest" name="SoftwareManagement.sm_apt_install_remove_multiple_mixed">
		<failure message="BLOCKED: SystemError: Timeout while waiting for status SUCCESSFUL or False (+1 other failures)" type="BLOCKED" />
		<system-out>10:20:38 INFO  ==============================================================
10:20:38 INFO  Id:    SoftwareManagement.sm_apt_install_remove_multiple_mixed
10:20:38 INFO  Dir:   software_management_end_to_end/
10:20:38 INFO  Title: Validate end to end behaviour for the apt plugin for multiple packages with mixed versions
10:20:38 INFO  ==============================================================
10:20:38 INFO  Using sw id database: {'asciijump': '5475369', 'robotfindskitten': '5474869', 'squirrel3': '5475279', 'rolldice': '5152439', 'moon-buggy': '5439204', 'apple': '5495053', 'banana': '5494888', 'cherry': '5495382', 'watermelon': '5494510', 'registry': '8018911', 'hello-world': '8021526', 'docker/getting-started': '8021973', 'alpine': '7991792'}
10:20:38 INFO  EnvironmentC8y Setup
10:20:39 INFO  Executed systemctl&lt;serv_mapper1&gt;, exit status 3
10:20:40 INFO  Restarting mosquitto too frequently in the last 10 seconds. It was only up for 5 seconds
10:20:40 INFO  Delaying execution by 6 seconds
10:21:00 INFO  Executed sudo&lt;tedge_connect_c8y&gt;, exit status 0, duration 14 secs
10:21:00 INFO  Executed sudo&lt;tedge_connect_c8y_test&gt;, exit status 0
10:21:01 INFO  Executed systemctl&lt;serv_mosq2&gt;, exit status 0
10:21:02 INFO  Executed systemctl&lt;serv_mapper3&gt;, exit status 0
10:21:04 INFO  State of current operation: SUCCESSFUL
10:21:04 INFO  Assert that (False == value) with value=False ... passed
10:21:04 INFO  Assert that (False == value) with value=False ... passed
10:21:04 INFO  Assert that (False == value) with value=False ... passed
10:21:05 INFO  Assert that (False == value) with value=False ... passed
10:21:05 INFO  Package moon-buggy is installed
10:21:05 WARN  Assert that (False == value) with value=True ... failed 
10:21:06 INFO  Response status: 201
10:21:06 INFO  Response to action: {
    "creationTime": "2022-05-30T10:21:06.777Z",
    "deviceId": "19786601",
    "deviceName": "mythica",
    "self": "https://t493319102.eu-latest.cumulocity.com/devicecontrol/operations/19798077",
    "id": "19798077",
    "status": "PENDING",
    "description": "Apply software changes, triggered from PySys: [{'action': 'install', 'id': '5475369', 'name': 'asciijump', 'url': ' ', 'version': '::apt'}, {'action': 'install', 'id': '5474869', 'name': 'robotfindskitten', 'url': ' ', 'version': ' '}, {'action': 'install', 'id': '5475279', 'name': 'squirrel3', 'url': ' ', 'version': '3.1-7::apt'}, {'action': 'install', 'id': '5152439', 'name': 'rolldice', 'url': ' ', 'version': '1.16-1+b1'}, {'action': 'install', 'id': '5439204', 'name': 'moon-buggy', 'url': ' ', 'version': '1:1.0.51-12'}, {'action': 'install', 'id': '5475369', 'name': 'asciijump', 'url': ' ', 'version': '::apt'}]",
    "c8y_SoftwareUpdate": [
        {
            "name": "asciijump",
            "action": "install",
            "id": "5475369",
            "version": "::apt",
            "url": " "
        },
        {
            "name": "robotfindskitten",
            "action": "install",
            "id": "5474869",
            "version": " ",
            "url": " "
        },
        {
            "name": "squirrel3",
            "action": "install",
            "id": "5475279",
            "version": "3.1-7::apt",
            "url": " "
        },
        {
            "name": "rolldice",
            "action": "install",
            "id": "5152439",
            "version": "1.16-1+b1",
            "url": " "
        },
        {
            "name": "moon-buggy",
            "action": "install",
            "id": "5439204",
            "version": "1:1.0.51-12",
            "url": " "
        },
        {
            "name": "asciijump",
            "action": "install",
            "id": "5475369",
            "version": "::apt",
            "url": " "
        }
    ]
}
10:21:06 INFO  Started operation: {'creationTime': '2022-05-30T10:21:06.777Z', 'deviceId': '19786601', 'deviceName': 'mythica', 'self': 'https://t493319102.eu-latest.cumulocity.com/devicecontrol/operations/19798077', 'id': '19798077', 'status': 'PENDING', 'description': "Apply software changes, triggered from PySys: [{'action': 'install', 'id': '5475369', 'name': 'asciijump', 'url': ' ', 'version': '::apt'}, {'action': 'install', 'id': '5474869', 'name': 'robotfindskitten', 'url': ' ', 'version': ' '}, {'action': 'install', 'id': '5475279', 'name': 'squirrel3', 'url': ' ', 'version': '3.1-7::apt'}, {'action': 'install', 'id': '5152439', 'name': 'rolldice', 'url': ' ', 'version': '1.16-1+b1'}, {'action': 'install', 'id': '5439204', 'name': 'moon-buggy', 'url': ' ', 'version': '1:1.0.51-12'}, {'action': 'install', 'id': '5475369', 'name': 'asciijump', 'url': ' ', 'version': '::apt'}]", 'c8y_SoftwareUpdate': [{'name': 'asciijump', 'action': 'install', 'id': '5475369', 'version': '::apt', 'url': ' '}, {'name': 'robotfindskitten', 'action': 'install', 'id': '5474869', 'version': ' ', 'url': ' '}, {'name': 'squirrel3', 'action': 'install', 'id': '5475279', 'version': '3.1-7::apt', 'url': ' '}, {'name': 'rolldice', 'action': 'install', 'id': '5152439', 'version': '1.16-1+b1', 'url': ' '}, {'name': 'moon-buggy', 'action': 'install', 'id': '5439204', 'version': '1:1.0.51-12', 'url': ' '}, {'name': 'asciijump', 'action': 'install', 'id': '5475369', 'version': '::apt', 'url': ' '}]}
10:21:09 INFO  State of operation 19798077 : PENDING
10:21:11 INFO  State of operation 19798077 : EXECUTING
10:21:13 INFO  State of operation 19798077 : EXECUTING
10:21:15 INFO  State of operation 19798077 : EXECUTING
10:21:17 INFO  State of operation 19798077 : EXECUTING
10:21:20 INFO  State of operation 19798077 : EXECUTING
10:21:22 INFO  State of operation 19798077 : EXECUTING
10:21:25 INFO  State of operation 19798077 : EXECUTING
10:21:28 INFO  State of operation 19798077 : EXECUTING
10:21:30 INFO  State of operation 19798077 : EXECUTING
10:21:32 INFO  State of operation 19798077 : EXECUTING
10:21:34 INFO  State of operation 19798077 : EXECUTING
10:21:37 INFO  State of operation 19798077 : EXECUTING
10:21:39 INFO  State of operation 19798077 : EXECUTING
10:21:41 INFO  State of operation 19798077 : EXECUTING
10:21:43 INFO  State of operation 19798077 : EXECUTING
10:21:46 INFO  State of operation 19798077 : EXECUTING
10:21:48 INFO  State of operation 19798077 : EXECUTING
10:21:51 INFO  State of operation 19798077 : EXECUTING
10:21:53 INFO  State of operation 19798077 : EXECUTING
10:21:55 INFO  State of operation 19798077 : EXECUTING
10:21:57 INFO  State of operation 19798077 : EXECUTING
10:22:00 INFO  State of operation 19798077 : EXECUTING
10:22:02 INFO  State of operation 19798077 : EXECUTING
10:22:06 INFO  State of operation 19798077 : EXECUTING
10:22:08 INFO  State of operation 19798077 : EXECUTING
10:22:11 INFO  State of operation 19798077 : EXECUTING
10:22:13 INFO  State of operation 19798077 : EXECUTING
10:22:16 INFO  State of operation 19798077 : EXECUTING
10:22:18 INFO  State of operation 19798077 : EXECUTING
10:22:20 INFO  State of operation 19798077 : EXECUTING
10:22:22 INFO  State of operation 19798077 : EXECUTING
10:22:25 INFO  State of operation 19798077 : EXECUTING
10:22:27 INFO  State of operation 19798077 : EXECUTING
10:22:29 INFO  State of operation 19798077 : EXECUTING
10:22:31 INFO  State of operation 19798077 : EXECUTING
10:22:34 INFO  State of operation 19798077 : EXECUTING
10:22:36 INFO  State of operation 19798077 : EXECUTING
10:22:39 INFO  State of operation 19798077 : EXECUTING
10:22:41 INFO  State of operation 19798077 : EXECUTING
10:22:44 INFO  State of operation 19798077 : EXECUTING
10:22:46 INFO  State of operation 19798077 : EXECUTING
10:22:48 INFO  State of operation 19798077 : EXECUTING
10:22:51 INFO  State of operation 19798077 : EXECUTING
10:22:53 INFO  State of operation 19798077 : EXECUTING
10:22:55 INFO  State of operation 19798077 : EXECUTING
10:22:57 INFO  State of operation 19798077 : EXECUTING
10:23:00 INFO  State of operation 19798077 : EXECUTING
10:23:02 INFO  State of operation 19798077 : EXECUTING
10:23:05 INFO  State of operation 19798077 : EXECUTING
10:23:07 INFO  State of operation 19798077 : EXECUTING
10:23:09 INFO  State of operation 19798077 : EXECUTING
10:23:12 INFO  State of operation 19798077 : EXECUTING
10:23:14 INFO  State of operation 19798077 : EXECUTING
10:23:16 INFO  State of operation 19798077 : EXECUTING
10:23:19 INFO  State of operation 19798077 : EXECUTING
10:23:21 INFO  State of operation 19798077 : EXECUTING
10:23:24 INFO  State of operation 19798077 : EXECUTING
10:23:26 INFO  State of operation 19798077 : EXECUTING
10:23:28 INFO  State of operation 19798077 : EXECUTING
10:23:31 INFO  State of operation 19798077 : EXECUTING
10:23:33 WARN  SystemError occurred while running test - Timeout while waiting for status SUCCESSFUL or False
Traceback (most recent call last):
  File "/home/pi/env-pysys/lib/python3.7/site-packages/pysys/baserunner.py", line 1294, in __call__
    self.testObj.execute()
  File "/home/pi/actions-runner/_work/thin-edge.io/thin-edge.io/tests/PySys/software_management_end_to_end/sm_apt_install_remove_multiple_mixed/run.py", line 89, in execute
    self.wait_until_succcess()
  File "/home/pi/actions-runner/_work/thin-edge.io/thin-edge.io/tests/PySys/software_management_end_to_end/environment_sm_management.py", line 324, in wait_until_succcess
    self.wait_until_status("SUCCESSFUL")
  File "/home/pi/actions-runner/_work/thin-edge.io/thin-edge.io/tests/PySys/software_management_end_to_end/environment_sm_management.py", line 381, in wait_until_status
    "Timeout while waiting for status %s or %s" % (status, status2)
SystemError: Timeout while waiting for status SUCCESSFUL or False
10:23:33 WARN  SystemError: Timeout while waiting for status SUCCESSFUL or False ... blocked 
10:23:33 INFO  
10:23:33 INFO  cleanup:
10:23:38 INFO  Executed sudo&lt;tedge_disconnect_c8y&gt;, exit status 0
10:23:38 INFO  Executed systemctl&lt;serv_mapper5&gt;, exit status 3
10:23:38 INFO  
10:23:38 INFO  Test duration: 180.02 secs
10:23:38 INFO  Test final outcome:  BLOCKED
10:23:38 INFO  Test outcome reason: SystemError: Timeout while waiting for status SUCCESSFUL or False (+1 other failures)
10:23:38 INFO  
</system-out>
	</testcase>
</testsuite><testsuite name="SoftwareManagement.sm_apt_install_remove_with_version" tests="3" errors="0" failures="0" skipped="1" time="0"><testcase classname="PySysTest" name="SoftwareManagement.sm_apt_install_remove_with_version">
		<skipped message="SKIPPED: Testing the apt plugin is not supported on this platform.Use parameter -XmyPlatform='container' to enable it" />
		<system-out>09:18:37 INFO  ==============================================================
09:18:37 INFO  Id:    SoftwareManagement.sm_apt_install_remove_with_version
09:18:37 INFO  Dir:   software_management_end_to_end/
09:18:37 INFO  Title: Validate end to end behaviour for the apt plugin for packages with version
09:18:37 INFO  ==============================================================
09:18:37 INFO  Testing the apt plugin is not supported on this platform.Use parameter -XmyPlatform='container' to enable it ... skipped
09:18:37 WARN  Aborted test due to SKIPPED outcome
09:18:37 INFO  
09:18:37 INFO  Test duration: 0.02 secs
09:18:37 INFO  Test final outcome:  SKIPPED
09:18:37 INFO  Test outcome reason: Testing the apt plugin is not supported on this platform.Use parameter -XmyPlatform='container' to enable it
09:18:37 INFO  
</system-out>
	</testcase>
<testcase classname="PySysTest" name="SoftwareManagement.sm_apt_install_remove_with_version" />
<testcase classname="PySysTest" name="SoftwareManagement.sm_apt_install_remove_with_version" />
</testsuite><testsuite name="SoftwareManagement.sm_docker_install_remove_multiple" tests="3" errors="0" failures="0" skipped="1" time="0"><testcase classname="SMDockerInstallRemove" name="SoftwareManagement.sm_docker_install_remove_multiple">
		<skipped message="SKIPPED: Testing the apt plugin is not supported on this platform.Use parameter -XmyPlatform='container' to enable it" />
		<system-out>09:18:37 INFO  ==============================================================
09:18:37 INFO  Id:    SoftwareManagement.sm_docker_install_remove_multiple
09:18:37 INFO  Dir:   software_management_end_to_end/
09:18:37 INFO  Title: Validate end to end behaviour for the docker plugin for multiple docker images with mixed versions
09:18:37 INFO  ==============================================================
09:18:37 INFO  Testing the apt plugin is not supported on this platform.Use parameter -XmyPlatform='container' to enable it ... skipped
09:18:37 WARN  Aborted test due to SKIPPED outcome
09:18:37 INFO  
09:18:37 INFO  Test duration: 0.02 secs
09:18:37 INFO  Test final outcome:  SKIPPED
09:18:37 INFO  Test outcome reason: Testing the apt plugin is not supported on this platform.Use parameter -XmyPlatform='container' to enable it
09:18:37 INFO  
</system-out>
	</testcase>
<testcase classname="SMDockerInstallRemove" name="SoftwareManagement.sm_docker_install_remove_multiple" />
<testcase classname="SMDockerInstallRemove" name="SoftwareManagement.sm_docker_install_remove_multiple" />
</testsuite><testsuite name="SoftwareManagement.sm_fake_install_remove" tests="2" errors="0" failures="0" skipped="1" time="0"><testcase classname="PySysTest" name="SoftwareManagement.sm_fake_install_remove">
		<skipped message="SKIPPED: Testing the fake plugin is not enabled.Use parameter -Xfakeplugin=fakeplugin to enable it" />
		<system-out>09:18:37 INFO  ==============================================================
09:18:37 INFO  Id:    SoftwareManagement.sm_fake_install_remove
09:18:37 INFO  Dir:   software_management_end_to_end/
09:18:37 INFO  Title: Validate end to end behaviour for the dummy plugin for installation and removal of packages
09:18:37 INFO  ==============================================================
09:18:37 INFO  Testing the fake plugin is not enabled.Use parameter -Xfakeplugin=fakeplugin to enable it ... skipped
09:18:37 WARN  Aborted test due to SKIPPED outcome
09:18:37 INFO  
09:18:37 INFO  Test duration: 0.02 secs
09:18:37 INFO  Test final outcome:  SKIPPED
09:18:37 INFO  Test outcome reason: Testing the fake plugin is not enabled.Use parameter -Xfakeplugin=fakeplugin to enable it
09:18:37 INFO  
</system-out>
	</testcase>
<testcase classname="PySysTest" name="SoftwareManagement.sm_fake_install_remove" />
</testsuite><testsuite name="SoftwareManagement.sm_fake_install_remove_multiple" tests="2" errors="0" failures="0" skipped="1" time="0"><testcase classname="PySysTest" name="SoftwareManagement.sm_fake_install_remove_multiple">
		<skipped message="SKIPPED: Testing the fake plugin is not enabled.Use parameter -Xfakeplugin=fakeplugin to enable it" />
		<system-out>09:18:37 INFO  ==============================================================
09:18:37 INFO  Id:    SoftwareManagement.sm_fake_install_remove_multiple
09:18:37 INFO  Dir:   software_management_end_to_end/
09:18:37 INFO  Title: Validate end to end behaviour for the dummy-plugin for multiple packages
09:18:37 INFO  ==============================================================
09:18:37 INFO  Testing the fake plugin is not enabled.Use parameter -Xfakeplugin=fakeplugin to enable it ... skipped
09:18:37 WARN  Aborted test due to SKIPPED outcome
09:18:37 INFO  
09:18:37 INFO  Test duration: 0.02 secs
09:18:37 INFO  Test final outcome:  SKIPPED
09:18:37 INFO  Test outcome reason: Testing the fake plugin is not enabled.Use parameter -Xfakeplugin=fakeplugin to enable it
09:18:37 INFO  
</system-out>
	</testcase>
<testcase classname="PySysTest" name="SoftwareManagement.sm_fake_install_remove_multiple" />
</testsuite><testsuite name="SoftwareManagement.sm_mapper_fail_and_reconnect" tests="2" errors="0" failures="0" skipped="2" time="0"><testcase classname="MapperC8yReceiveLastMessageOnRestart" name="SoftwareManagement.sm_mapper_fail_and_reconnect">
		<skipped message="SKIPPED: instable https://github.com/thin-edge/thin-edge.io/issues/752" />
		<system-out>09:18:37 INFO  ==============================================================
09:18:37 INFO  Id:    SoftwareManagement.sm_mapper_fail_and_reconnect
09:18:37 INFO  Dir:   software_management_end_to_end/
09:18:37 INFO  Title: Validate the tedge-mapper-sm-c8y for receiving the last message on restart
09:18:37 INFO  ==============================================================
09:18:37 INFO  instable https://github.com/thin-edge/thin-edge.io/issues/752 ... skipped
09:18:37 INFO  
09:18:37 INFO  Test duration: 0.02 secs
09:18:37 INFO  Test final outcome:  SKIPPED
09:18:37 INFO  Test outcome reason: instable https://github.com/thin-edge/thin-edge.io/issues/752
09:18:37 INFO  
</system-out>
	</testcase>
<testcase classname="MapperC8yReceiveLastMessageOnRestart" name="SoftwareManagement.sm_mapper_fail_and_reconnect">
		<skipped message="SKIPPED: instable https://github.com/thin-edge/thin-edge.io/issues/752" />
		<system-out>10:30:33 INFO  ==============================================================
10:30:33 INFO  Id:    SoftwareManagement.sm_mapper_fail_and_reconnect
10:30:33 INFO  Dir:   software_management_end_to_end/
10:30:33 INFO  Title: Validate the tedge-mapper-sm-c8y for receiving the last message on restart
10:30:33 INFO  ==============================================================
10:30:33 INFO  instable https://github.com/thin-edge/thin-edge.io/issues/752 ... skipped
10:30:33 INFO  
10:30:33 INFO  Test duration: 0.04 secs
10:30:33 INFO  Test final outcome:  SKIPPED
10:30:33 INFO  Test outcome reason: instable https://github.com/thin-edge/thin-edge.io/issues/752
10:30:33 INFO  
</system-out>
	</testcase>
</testsuite><testsuite name="SoftwareManagement.sm_mixed_install_remove_multiple" tests="2" errors="0" failures="1" skipped="1" time="0"><testcase classname="PySysTest" name="SoftwareManagement.sm_mixed_install_remove_multiple">
		<skipped message="SKIPPED: Testing the fake plugin is not enabled.Use parameter -Xfakeplugin=fakeplugin to enable it" />
		<system-out>09:18:37 INFO  ==============================================================
09:18:37 INFO  Id:    SoftwareManagement.sm_mixed_install_remove_multiple
09:18:37 INFO  Dir:   software_management_end_to_end/
09:18:37 INFO  Title: Validate end to end behaviour for the dummy-plugin for multiple packages with mixed versions
09:18:37 INFO  ==============================================================
09:18:37 INFO  Testing the fake plugin is not enabled.Use parameter -Xfakeplugin=fakeplugin to enable it ... skipped
09:18:37 WARN  Aborted test due to SKIPPED outcome
09:18:37 INFO  
09:18:37 INFO  Test duration: 0.02 secs
09:18:37 INFO  Test final outcome:  SKIPPED
09:18:37 INFO  Test outcome reason: Testing the fake plugin is not enabled.Use parameter -Xfakeplugin=fakeplugin to enable it
09:18:37 INFO  
</system-out>
	</testcase>
<testcase classname="PySysTest" name="SoftwareManagement.sm_mixed_install_remove_multiple">
		<failure message="FAILED: Assert that (False == value) with value=True" type="FAILED" />
		<system-out>10:30:33 INFO  ==============================================================
10:30:33 INFO  Id:    SoftwareManagement.sm_mixed_install_remove_multiple
10:30:33 INFO  Dir:   software_management_end_to_end/
10:30:33 INFO  Title: Validate end to end behaviour for the dummy-plugin for multiple packages with mixed versions
10:30:33 INFO  ==============================================================
10:30:33 INFO  Using sw id database: {'asciijump': '5475369', 'robotfindskitten': '5474869', 'squirrel3': '5475279', 'rolldice': '5152439', 'moon-buggy': '5439204', 'apple': '5495053', 'banana': '5494888', 'cherry': '5495382', 'watermelon': '5494510', 'registry': '8018911', 'hello-world': '8021526', 'docker/getting-started': '8021973', 'alpine': '7991792'}
10:30:33 INFO  EnvironmentC8y Setup
10:30:33 INFO  Executed systemctl&lt;serv_mapper1&gt;, exit status 3
10:30:33 INFO  Restarting mosquitto too frequently in the last 10 seconds. It was only up for 5 seconds
10:30:33 INFO  Delaying execution by 6 seconds
10:30:54 INFO  Executed sudo&lt;tedge_connect_c8y&gt;, exit status 0, duration 14 secs
10:30:54 INFO  Executed sudo&lt;tedge_connect_c8y_test&gt;, exit status 0
10:30:55 INFO  Executed systemctl&lt;serv_mosq2&gt;, exit status 0
10:30:55 INFO  Executed systemctl&lt;serv_mapper3&gt;, exit status 0
10:30:58 INFO  State of current operation: SUCCESSFUL
10:30:58 INFO  Package apple is installed
10:30:58 INFO  Assert that (True == value) with value=True ... passed
10:30:58 INFO  Package banana is installed
10:30:58 INFO  Assert that (True == value) with value=True ... passed
10:30:58 INFO  Package cherry is installed
10:30:58 INFO  Assert that (True == value) with value=True ... passed
10:30:59 INFO  Package asciijump is installed
10:30:59 WARN  Assert that (False == value) with value=True ... failed 
10:30:59 INFO  Assert that (False == value) with value=False ... passed
10:30:59 INFO  Response status: 201
10:30:59 INFO  Response to action: {
    "creationTime": "2022-05-30T10:30:59.783Z",
    "deviceId": "19786601",
    "deviceName": "mythica",
    "self": "https://t493319102.eu-latest.cumulocity.com/devicecontrol/operations/19820231",
    "id": "19820231",
    "status": "PENDING",
    "description": "Apply software changes, triggered from PySys: [{'action': 'install', 'id': '5495053', 'name': 'apple', 'url': ' ', 'version': '::fruits'}, {'action': 'install', 'id': '5494888', 'name': 'banana', 'url': ' ', 'version': '::fruits'}, {'action': 'install', 'id': '5475369', 'name': 'asciijump', 'url': ' ', 'version': '::apt'}, {'action': 'install', 'id': '5495382', 'name': 'cherry', 'url': ' ', 'version': '::fruits'}, {'action': 'install', 'id': '8018911', 'name': 'registry', 'url': ' ', 'version': '::docker'}]",
    "c8y_SoftwareUpdate": [
        {
            "name": "apple",
            "action": "install",
[...]
09:08:58 INFO  
</system-out>
	</testcase>
<testcase classname="DockerPluginRemoveTest" name="docker_plugin_remove" />
</testsuite><testsuite name="docker_plugin_remove_with_version" tests="2" errors="0" failures="0" skipped="1" time="0"><testcase classname="DockerPluginRemoveWithVersionTest" name="docker_plugin_remove_with_version">
		<skipped message="SKIPPED: Testing the docker plugin is not supported on this platform.To run it, all the test with -XmyPlatform='container'" />
		<system-out>09:08:58 INFO  ==============================================================
09:08:58 INFO  Id:    docker_plugin_remove_with_version
09:08:58 INFO  Dir:   plugin_docker/
09:08:58 INFO  Title: Validate docker plugin remove with version
09:08:58 INFO  ==============================================================
09:08:58 INFO  Testing the docker plugin is not supported on this platform.To run it, all the test with -XmyPlatform='container' ... skipped
09:08:58 WARN  Aborted test due to SKIPPED outcome
09:08:58 INFO  
09:08:58 INFO  Test duration: 0.04 secs
09:08:58 INFO  Test final outcome:  SKIPPED
09:08:58 INFO  Test outcome reason: Testing the docker plugin is not supported on this platform.To run it, all the test with -XmyPlatform='container'
09:08:58 INFO  
</system-out>
	</testcase>
<testcase classname="DockerPluginRemoveWithVersionTest" name="docker_plugin_remove_with_version" />
</testsuite><testsuite name="docker_plugin_update" tests="2" errors="0" failures="0" skipped="1" time="0"><testcase classname="DockerPluginUpdateTest" name="docker_plugin_update">
		<skipped message="SKIPPED: Testing the docker plugin is not supported on this platform.To run it, all the test with -XmyPlatform='container'" />
		<system-out>09:08:58 INFO  ==============================================================
09:08:58 INFO  Id:    docker_plugin_update
09:08:58 INFO  Dir:   plugin_docker/
09:08:58 INFO  Title: Validate docker plugin install updates existing containers
09:08:58 INFO  ==============================================================
09:08:58 INFO  Testing the docker plugin is not supported on this platform.To run it, all the test with -XmyPlatform='container' ... skipped
09:08:58 WARN  Aborted test due to SKIPPED outcome
09:08:58 INFO  
09:08:58 INFO  Test duration: 0.02 secs
09:08:58 INFO  Test final outcome:  SKIPPED
09:08:58 INFO  Test outcome reason: Testing the docker plugin is not supported on this platform.To run it, all the test with -XmyPlatform='container'
09:08:58 INFO  
</system-out>
	</testcase>
<testcase classname="DockerPluginUpdateTest" name="docker_plugin_update" />
</testsuite><testsuite name="invalid_device_id" tests="1" errors="0" failures="0" skipped="0" time="0"><testcase classname="InvalidDeviceId" name="invalid_device_id" />
</testsuite><testsuite name="local_mqtt_pub_fail_noqos" tests="1" errors="0" failures="0" skipped="0" time="0"><testcase classname="PySysTest" name="local_mqtt_pub_fail_noqos" />
</testsuite><testsuite name="local_mqtt_pub_fail_qos0" tests="1" errors="0" failures="0" skipped="0" time="0"><testcase classname="PySysTest" name="local_mqtt_pub_fail_qos0" />
</testsuite><testsuite name="local_mqtt_pub_fail_qos1" tests="1" errors="0" failures="0" skipped="0" time="0"><testcase classname="PySysTest" name="local_mqtt_pub_fail_qos1" />
</testsuite><testsuite name="local_mqtt_pub_fail_qos2" tests="1" errors="0" failures="0" skipped="0" time="0"><testcase classname="PySysTest" name="local_mqtt_pub_fail_qos2" />
</testsuite><testsuite name="local_mqtt_pub_sub" tests="1" errors="0" failures="0" skipped="0" time="0"><testcase classname="PySysTest" name="local_mqtt_pub_sub" />
</testsuite><testsuite name="local_mqtt_pub_sub_retain" tests="1" errors="0" failures="0" skipped="0" time="0"><testcase classname="MqttPublishWithRetain" name="local_mqtt_pub_sub_retain" />
</testsuite><testsuite name="local_mqtt_pub_sub_with_sudo" tests="1" errors="0" failures="0" skipped="0" time="0"><testcase classname="PySysTest" name="local_mqtt_pub_sub_with_sudo" />
</testsuite><testsuite name="local_mqtt_sub_fail" tests="1" errors="0" failures="0" skipped="0" time="0"><testcase classname="PySysTest" name="local_mqtt_sub_fail" />
</testsuite><testsuite name="log_request_error_messages" tests="1" errors="0" failures="0" skipped="1" time="0"><testcase classname="LogRequestVerifySearchTextError" name="log_request_error_messages">
		<skipped message="SKIPPED: Test execution disabled due to #1123" />
		<system-out>09:07:01 INFO  ==============================================================
09:07:01 INFO  Id:    log_request_error_messages
09:07:01 INFO  Dir:   log_request_end_to_end/
09:07:01 INFO  Title: Validate end to end behaviour for the log request operation check for error messages
09:07:01 INFO  ==============================================================
09:07:02 INFO  Test execution disabled due to #1123 ... skipped
09:07:02 INFO  
09:07:02 INFO  Test duration: 1.41 secs
09:07:02 INFO  Test final outcome:  SKIPPED
09:07:02 INFO  Test outcome reason: Test execution disabled due to #1123
09:07:02 INFO  
</system-out>
	</testcase>
</testsuite><testsuite name="log_request_num_lines" tests="1" errors="0" failures="0" skipped="1" time="0"><testcase classname="LogRequestVerifyNumberOfLines" name="log_request_num_lines">
		<skipped message="SKIPPED: Test execution disabled due to #1123" />
		<system-out>09:07:02 INFO  ==============================================================
09:07:02 INFO  Id:    log_request_num_lines
09:07:02 INFO  Dir:   log_request_end_to_end/
09:07:02 INFO  Title: Validate end to end behaviour for the log request operation check for number of lines
09:07:02 INFO  ==============================================================
09:07:02 INFO  Test execution disabled due to #1123 ... skipped
09:07:02 INFO  
09:07:02 INFO  Test duration: 0.31 secs
09:07:02 INFO  Test final outcome:  SKIPPED
09:07:02 INFO  Test outcome reason: Test execution disabled due to #1123
09:07:02 INFO  
</system-out>
	</testcase>
</testsuite><testsuite name="mapper_awaits_before_reconnect" tests="1" errors="0" failures="0" skipped="0" time="0"><testcase classname="MapperReconnectAwait" name="mapper_awaits_before_reconnect" />
</testsuite><testsuite name="monitoring_smaller_interval" tests="1" errors="0" failures="0" skipped="1" time="0"><testcase classname="MonitoringSmallInterval" name="monitoring_smaller_interval">
		<skipped message="SKIPPED: Fails due to retained message" />
		<system-out>09:08:52 INFO  ==============================================================
09:08:52 INFO  Id:    monitoring_smaller_interval
09:08:52 INFO  Dir:   monitoring/
09:08:52 INFO  Title: Validate the tedge dm agent messages that are produced with smaller sampling interval than the batching window. Here the simulated collectd messages are used
09:08:52 INFO  ==============================================================
09:08:52 INFO  Fails due to retained message ... skipped
09:08:52 INFO  
09:08:52 INFO  Test duration: 0.04 secs
09:08:52 INFO  Test final outcome:  SKIPPED
09:08:52 INFO  Test outcome reason: Fails due to retained message
09:08:52 INFO  
</system-out>
	</testcase>
</testsuite><testsuite name="monitoring_with_collectd" tests="1" errors="0" failures="0" skipped="1" time="0"><testcase classname="MonitoringWithCollectd" name="monitoring_with_collectd">
		<skipped message="SKIPPED: Test execution disabled due to #792 (instable)" />
		<system-out>09:08:53 INFO  ==============================================================
09:08:53 INFO  Id:    monitoring_with_collectd
09:08:53 INFO  Dir:   monitoring/
09:08:53 INFO  Title: Validate tedge dm agent messages that are produced by batching the collectd messages
09:08:53 INFO  ==============================================================
09:08:53 INFO  Test execution disabled due to #792 (instable) ... skipped
09:08:53 INFO  
09:08:53 INFO  Test duration: 0.02 secs
09:08:53 INFO  Test final outcome:  SKIPPED
09:08:53 INFO  Test outcome reason: Test execution disabled due to #792 (instable)
09:08:53 INFO  
</system-out>
	</testcase>
</testsuite><testsuite name="monitoring_with_simulated_messages" tests="1" errors="0" failures="0" skipped="1" time="0"><testcase classname="MonitoringWithSimulatedMessages" name="monitoring_with_simulated_messages">
		<skipped message="SKIPPED: Fails due to retained message" />
		<system-out>09:08:53 INFO  ==============================================================
09:08:53 INFO  Id:    monitoring_with_simulated_messages
09:08:53 INFO  Dir:   monitoring/
09:08:53 INFO  Title: Validate the tedge dm agent messages that are produced from the simulated collectd messages
09:08:53 INFO  ==============================================================
09:08:53 INFO  Fails due to retained message ... skipped
09:08:53 INFO  
09:08:53 INFO  Test duration: 0.02 secs
09:08:53 INFO  Test final outcome:  SKIPPED
09:08:53 INFO  Test outcome reason: Fails due to retained message
09:08:53 INFO  
</system-out>
	</testcase>
</testsuite><testsuite name="mqtt_port_change_connection_fails" tests="1" errors="0" failures="0" skipped="0" time="0"><testcase classname="MqttPortChangeConnectionFails" name="mqtt_port_change_connection_fails" />
</testsuite><testsuite name="mqtt_port_change_connection_works" tests="1" errors="0" failures="0" skipped="1" time="0"><testcase classname="MqttPortChangeConnectionWorks" name="mqtt_port_change_connection_works">
		<skipped message="SKIPPED: failing intermitently" />
		<system-out>09:07:37 INFO  ==============================================================
09:07:37 INFO  Id:    mqtt_port_change_connection_works
09:07:37 INFO  Dir:   misc_features/
09:07:37 INFO  Title: mqtt port change connection works for all the thin-edge services that use the mosquitto broker
09:07:37 INFO  ==============================================================
09:07:37 INFO  failing intermitently ... skipped
09:07:37 INFO  
09:07:37 INFO  Test duration: 0.06 secs
09:07:37 INFO  Test final outcome:  SKIPPED
09:07:37 INFO  Test outcome reason: failing intermitently
09:07:37 INFO  
</system-out>
	</testcase>
</testsuite><testsuite name="mqtt_port_set" tests="1" errors="0" failures="0" skipped="0" time="0"><testcase classname="MqttPortSet" name="mqtt_port_set" />
</testsuite><testsuite name="mqtt_port_unset" tests="1" errors="0" failures="0" skipped="0" time="0"><testcase classname="MqttPortUnSet" name="mqtt_port_unset" />
</testsuite><testsuite name="publish_flux" tests="1" errors="0" failures="0" skipped="0" time="0"><testcase classname="PublishFlux" name="publish_flux" />
</testsuite><testsuite name="publish_sawmill" tests="1" errors="0" failures="0" skipped="0" time="0"><testcase classname="PublishSawmill" name="publish_sawmill" />
</testsuite><testsuite name="pysys_block" tests="1" errors="0" failures="0" skipped="1" time="0"><testcase classname="Fail" name="pysys_block">
		<skipped message="SKIPPED: Enable this to observe a blocking test" />
		<system-out>09:08:00 INFO  ==============================================================
09:08:00 INFO  Id:    pysys_block
09:08:00 INFO  Dir:   misc_features/
09:08:00 INFO  Title: fail
09:08:00 INFO  ==============================================================
09:08:00 INFO  Enable this to observe a blocking test ... skipped
09:08:00 INFO  
09:08:00 INFO  Test duration: 0.03 secs
09:08:00 INFO  Test final outcome:  SKIPPED
09:08:00 INFO  Test outcome reason: Enable this to observe a blocking test
09:08:00 INFO  
</system-out>
	</testcase>
</testsuite><testsuite name="pysys_fail" tests="1" errors="0" failures="0" skipped="1" time="0"><testcase classname="Fail" name="pysys_fail">
		<skipped message="SKIPPED: Enable this to observe a failing test" />
		<system-out>09:08:00 INFO  ==============================================================
09:08:00 INFO  Id:    pysys_fail
09:08:00 INFO  Dir:   misc_features/
09:08:00 INFO  Title: fail
09:08:00 INFO  ==============================================================
09:08:00 INFO  Enable this to observe a failing test ... skipped
09:08:00 INFO  
09:08:00 INFO  Test duration: 0.02 secs
09:08:00 INFO  Test final outcome:  SKIPPED
09:08:00 INFO  Test outcome reason: Enable this to observe a failing test
09:08:00 INFO  
</system-out>
	</testcase>
</testsuite><testsuite name="runtime_start_two_mappers" tests="1" errors="0" failures="0" skipped="0" time="0"><testcase classname="RuntimeMultiMappers" name="runtime_start_two_mappers" />
</testsuite><testsuite name="sm_tedge_mapper_init_session" tests="1" errors="0" failures="0" skipped="0" time="0"><testcase classname="TedgeSMMapperInitSession" name="sm_tedge_mapper_init_session" />
</testsuite><testsuite name="smoketest_json" tests="1" errors="0" failures="0" skipped="0" time="0"><testcase classname="SmokeTestJson" name="smoketest_json" />
</testsuite><testsuite name="smoketest_json_400_samples_10ms" tests="1" errors="0" failures="0" skipped="0" time="0"><testcase classname="SmoketestJson400Samples10ms" name="smoketest_json_400_samples_10ms" />
</testsuite><testsuite name="smoketest_json_400_samples_20ms" tests="1" errors="0" failures="0" skipped="0" time="0"><testcase classname="SmoketestJson400Samples20ms" name="smoketest_json_400_samples_20ms" />
</testsuite><testsuite name="smoketest_smartrest" tests="1" errors="0" failures="0" skipped="0" time="0"><testcase classname="SmoketestSmartRest" name="smoketest_smartrest" />
</testsuite><testsuite name="smoketest_smartrest_200_samples_1Xms" tests="1" errors="0" failures="0" skipped="0" time="0"><testcase classname="SmoketestSmartRest200Samples1Xms" name="smoketest_smartrest_200_samples_1Xms" />
</testsuite><testsuite name="smoketest_smartrest_200_samples_20ms" tests="1" errors="0" failures="0" skipped="0" time="0"><testcase classname="SmoketestSmartRest200Samples20ms" name="smoketest_smartrest_200_samples_20ms" />
</testsuite><testsuite name="tedge_agent_user_sudo_access" tests="1" errors="0" failures="0" skipped="1" time="0"><testcase classname="TedgeAgentUserSudoAccess" name="tedge_agent_user_sudo_access">
		<skipped message="SKIPPED: #955 Observation: Exit code of the apt plugin when called with no arguments" />
		<system-out>09:19:04 INFO  ==============================================================
09:19:04 INFO  Id:    tedge_agent_user_sudo_access
09:19:04 INFO  Dir:   tedge/
09:19:04 INFO  Title: Validate tedge-agent user has a limited sudo right
09:19:04 INFO  ==============================================================
09:19:04 INFO  #955 Observation: Exit code of the apt plugin when called with no arguments ... skipped
09:19:04 INFO  
09:19:04 INFO  Test duration: 0.02 secs
09:19:04 INFO  Test final outcome:  SKIPPED
09:19:04 INFO  Test outcome reason: #955 Observation: Exit code of the apt plugin when called with no arguments
09:19:04 INFO  
</system-out>
	</testcase>
</testsuite><testsuite name="tedge_connect_test_negative" tests="1" errors="0" failures="0" skipped="0" time="0"><testcase classname="TedgeConnectTestNegative" name="tedge_connect_test_negative" />
</testsuite><testsuite name="tedge_connect_test_positive" tests="1" errors="0" failures="0" skipped="0" time="0"><testcase classname="TedgeConnectTestPositive" name="tedge_connect_test_positive" />
</testsuite><testsuite name="tedge_connect_test_sm_services" tests="1" errors="0" failures="0" skipped="0" time="0"><testcase classname="TedgeConnectTestSMServices" name="tedge_connect_test_sm_services" />
</testsuite><testsuite name="tedge_disconnect_test_sm_services" tests="1" errors="0" failures="0" skipped="0" time="0"><testcase classname="TedgeDisConnectTestSMServices" name="tedge_disconnect_test_sm_services" />
</testsuite><testsuite name="tedge_mapper_az_negative" tests="1" errors="0" failures="0" skipped="0" time="0"><testcase classname="TedgeMapperAzError" name="tedge_mapper_az_negative" />
</testsuite><testsuite name="tedge_mapper_az_with_timestamp" tests="1" errors="0" failures="0" skipped="0" time="0"><testcase classname="TedgeMapperAzWithTimestamp" name="tedge_mapper_az_with_timestamp" />
</testsuite><testsuite name="tedge_mapper_az_without_timestamp" tests="1" errors="0" failures="0" skipped="0" time="0"><testcase classname="TedgeMapperAzWithoutTimestamp" name="tedge_mapper_az_without_timestamp" />
</testsuite><testsuite name="tedge_mapper_c8y_alarms" tests="1" errors="0" failures="0" skipped="0" time="0"><testcase classname="TedgeMapperC8yAlarm" name="tedge_mapper_c8y_alarms" />
</testsuite><testsuite name="tedge_mapper_c8y_child_device_measurement" tests="1" errors="0" failures="0" skipped="1" time="0"><testcase classname="TedgeMapperC8yChildDevice" name="tedge_mapper_c8y_child_device_measurement">
		<skipped message="SKIPPED: Test execution disabled due to #1088" />
		<system-out>09:23:36 INFO  ==============================================================
09:23:36 INFO  Id:    tedge_mapper_c8y_child_device_measurement
09:23:36 INFO  Dir:   tedge_mapper_c8y/
09:23:36 INFO  Title: Validate that measurements sent to tedge/measurements/child topic gets mapped as the child device's measurement in Cumulocity
09:23:36 INFO  ==============================================================
09:23:36 INFO  Test execution disabled due to #1088 ... skipped
09:23:36 INFO  
09:23:36 INFO  Test duration: 0.05 secs
09:23:36 INFO  Test final outcome:  SKIPPED
09:23:36 INFO  Test outcome reason: Test execution disabled due to #1088
09:23:36 INFO  
</system-out>
	</testcase>
</testsuite><testsuite name="tedge_mapper_c8y_packet_threshold_size" tests="1" errors="0" failures="0" skipped="0" time="0"><testcase classname="TedgeMapperC8yThresholdPacketSize" name="tedge_mapper_c8y_packet_threshold_size" />
</testsuite><testsuite name="tedge_software_update" tests="1" errors="0" failures="0" skipped="0" time="0"><testcase classname="PySysTest" name="tedge_software_update" />
</testsuite><testsuite name="valid_device_id" tests="1" errors="0" failures="1" skipped="0" time="0"><testcase classname="ValidateValidDeviceId" name="valid_device_id">
		<failure message="FAILED: Grep on tedge_connect_c8y_test.out contains &quot;successful&quot;" type="FAILED" />
		<system-out>09:08:00 INFO  ==============================================================
09:08:00 INFO  Id:    valid_device_id
09:08:00 INFO  Dir:   misc_features/
09:08:00 INFO  Title: Valid device ID
09:08:00 INFO  ==============================================================
09:08:00 INFO  Restarting mosquitto too frequently in the last 10 seconds. It was only up for 6 seconds
09:08:00 INFO  Delaying execution by 5 seconds
09:08:06 INFO  Executed sudo&lt;tedge_disconnect_c8y&gt;, exit status 0
09:08:06 INFO  Executed sudo&lt;create_cert_dir&gt;, exit status 0
09:08:07 INFO  Executed sudo&lt;change_owner_of_dir&gt;, exit status 0
09:08:08 INFO  Executed sudo&lt;set_cert_path&gt;, exit status 0
09:08:08 INFO  Executed sudo&lt;set_key_path&gt;, exit status 0
09:08:09 INFO  Executed sudo&lt;cert_create&gt;, exit status 0
09:08:10 INFO  Executed sudo&lt;cert_upload&gt;, exit status 0
09:08:35 INFO  Executed sudo&lt;tedge_connect_c8y&gt;, exit status 0, duration 24 secs
09:08:46 INFO  Executed sudo&lt;tedge_connect_c8y_test&gt;, exit status 0
09:08:46 INFO  Grep on file tedge_connect_c8y.out ... passed
09:08:47 WARN  Grep on tedge_connect_c8y_test.out contains "successful" ... failed [run.py:108]
09:08:47 INFO  
09:08:47 INFO  cleanup:
09:08:51 INFO  Executed sudo&lt;tedge_disconnect_c8y&gt;, exit status 0
09:08:51 INFO  Executed sudo&lt;unset_cert_path&gt;, exit status 0
09:08:52 INFO  Executed sudo&lt;unset_key_path&gt;, exit status 0
09:08:52 INFO  Executed sudo&lt;remove_cert_dir&gt;, exit status 0
09:08:52 INFO  
09:08:52 INFO  Test duration: 52.08 secs
09:08:52 INFO  Test final outcome:  FAILED
09:08:52 INFO  Test outcome reason: Grep on tedge_connect_c8y_test.out contains "successful"
09:08:52 INFO  
</system-out>
	</testcase>
</testsuite></testsuites>