<?xml version='1.0' encoding='utf-8'?>
<testsuites tests="149" failures="13" errors="0" skipped="54" time="0.0"><testsuite name="SoftwareManagement.Plugin.apama_plugin_install" tests="3" errors="0" failures="0" skipped="1" time="0"><testcase classname="ApamaPluginInstallTest" name="SoftwareManagement.Plugin.apama_plugin_install">
		<skipped message="SKIPPED: Apama plugin tests are disabled by default. Execute `pysys run` with `-XmyPlatform=container` to run these tests" />
		<system-out>07:59:58 INFO  ==============================================================
07:59:58 INFO  Id:    SoftwareManagement.Plugin.apama_plugin_install
07:59:58 INFO  Dir:   plugin_apama/
07:59:58 INFO  Title: Validate apama plugin install
07:59:58 INFO  ==============================================================
07:59:58 INFO  Apama plugin tests are disabled by default. Execute `pysys run` with `-XmyPlatform=container` to run these tests ... skipped
07:59:58 WARN  Aborted test due to SKIPPED outcome
07:59:58 INFO  
07:59:58 INFO  Test duration: 0.06 secs
07:59:58 INFO  Test final outcome:  SKIPPED
07:59:58 INFO  Test outcome reason: Apama plugin tests are disabled by default. Execute `pysys run` with `-XmyPlatform=container` to run these tests
07:59:58 INFO  
</system-out>
	</testcase>
<testcase classname="ApamaPluginInstallTest" name="SoftwareManagement.Plugin.apama_plugin_install" />
<testcase classname="ApamaPluginInstallTest" name="SoftwareManagement.Plugin.apama_plugin_install" />
</testsuite><testsuite name="SoftwareManagement.Plugin.apama_plugin_mon_support" tests="3" errors="0" failures="0" skipped="1" time="0"><testcase classname="ApamaPluginMonSupportTest" name="SoftwareManagement.Plugin.apama_plugin_mon_support">
		<skipped message="SKIPPED: Apama plugin tests are disabled by default. Execute `pysys run` with `-XmyPlatform=container` to run these tests" />
		<system-out>07:59:58 INFO  ==============================================================
07:59:58 INFO  Id:    SoftwareManagement.Plugin.apama_plugin_mon_support
07:59:58 INFO  Dir:   plugin_apama/
07:59:58 INFO  Title: Validate mon file support of apama plugin
07:59:58 INFO  ==============================================================
07:59:58 INFO  Apama plugin tests are disabled by default. Execute `pysys run` with `-XmyPlatform=container` to run these tests ... skipped
07:59:58 WARN  Aborted test due to SKIPPED outcome
07:59:58 INFO  
07:59:58 INFO  Test duration: 0.02 secs
07:59:58 INFO  Test final outcome:  SKIPPED
07:59:58 INFO  Test outcome reason: Apama plugin tests are disabled by default. Execute `pysys run` with `-XmyPlatform=container` to run these tests
07:59:58 INFO  
</system-out>
	</testcase>
<testcase classname="ApamaPluginMonSupportTest" name="SoftwareManagement.Plugin.apama_plugin_mon_support" />
<testcase classname="ApamaPluginMonSupportTest" name="SoftwareManagement.Plugin.apama_plugin_mon_support" />
</testsuite><testsuite name="SoftwareManagement.Plugin.apama_plugin_remove" tests="3" errors="0" failures="0" skipped="1" time="0"><testcase classname="ApamaPluginRemoveTest" name="SoftwareManagement.Plugin.apama_plugin_remove">
		<skipped message="SKIPPED: Apama plugin tests are disabled by default. Execute `pysys run` with `-XmyPlatform=container` to run these tests" />
		<system-out>07:59:58 INFO  ==============================================================
07:59:58 INFO  Id:    SoftwareManagement.Plugin.apama_plugin_remove
07:59:58 INFO  Dir:   plugin_apama/
07:59:58 INFO  Title: Validate apama plugin remove
07:59:58 INFO  ==============================================================
07:59:58 INFO  Apama plugin tests are disabled by default. Execute `pysys run` with `-XmyPlatform=container` to run these tests ... skipped
07:59:58 WARN  Aborted test due to SKIPPED outcome
07:59:58 INFO  
07:59:58 INFO  Test duration: 0.02 secs
07:59:58 INFO  Test final outcome:  SKIPPED
07:59:58 INFO  Test outcome reason: Apama plugin tests are disabled by default. Execute `pysys run` with `-XmyPlatform=container` to run these tests
07:59:58 INFO  
</system-out>
	</testcase>
<testcase classname="ApamaPluginRemoveTest" name="SoftwareManagement.Plugin.apama_plugin_remove" />
<testcase classname="ApamaPluginRemoveTest" name="SoftwareManagement.Plugin.apama_plugin_remove" />
</testsuite><testsuite name="SoftwareManagement.Plugin.apama_plugin_update" tests="3" errors="0" failures="0" skipped="3" time="0"><testcase classname="ApamaPluginUpdateTest" name="SoftwareManagement.Plugin.apama_plugin_update">
		<skipped message="SKIPPED: Test execution disabled due to #1052" />
		<system-out>07:59:58 INFO  ==============================================================
07:59:58 INFO  Id:    SoftwareManagement.Plugin.apama_plugin_update
07:59:58 INFO  Dir:   plugin_apama/
07:59:58 INFO  Title: Validate apama plugin updating one project with another
07:59:58 INFO  ==============================================================
07:59:58 INFO  Test execution disabled due to #1052 ... skipped
07:59:58 INFO  
07:59:58 INFO  Test duration: 0.02 secs
07:59:58 INFO  Test final outcome:  SKIPPED
07:59:58 INFO  Test outcome reason: Test execution disabled due to #1052
07:59:58 INFO  
</system-out>
	</testcase>
<testcase classname="ApamaPluginUpdateTest" name="SoftwareManagement.Plugin.apama_plugin_update">
		<skipped message="SKIPPED: Test execution disabled due to #1052" />
		<system-out>08:40:32 INFO  ==============================================================
08:40:32 INFO  Id:    SoftwareManagement.Plugin.apama_plugin_update
08:40:32 INFO  Dir:   plugin_apama/
08:40:32 INFO  Title: Validate apama plugin updating one project with another
08:40:32 INFO  ==============================================================
08:40:32 INFO  Test execution disabled due to #1052 ... skipped
08:40:32 INFO  
08:40:32 INFO  Test duration: 0.02 secs
08:40:32 INFO  Test final outcome:  SKIPPED
08:40:32 INFO  Test outcome reason: Test execution disabled due to #1052
08:40:32 INFO  
</system-out>
	</testcase>
<testcase classname="ApamaPluginUpdateTest" name="SoftwareManagement.Plugin.apama_plugin_update">
		<skipped message="SKIPPED: Test execution disabled due to #1052" />
		<system-out>08:49:10 INFO  ==============================================================
08:49:10 INFO  Id:    SoftwareManagement.Plugin.apama_plugin_update
08:49:10 INFO  Dir:   plugin_apama/
08:49:10 INFO  Title: Validate apama plugin updating one project with another
08:49:10 INFO  ==============================================================
08:49:10 INFO  Test execution disabled due to #1052 ... skipped
08:49:10 INFO  
08:49:10 INFO  Test duration: 0.06 secs
08:49:10 INFO  Test final outcome:  SKIPPED
08:49:10 INFO  Test outcome reason: Test execution disabled due to #1052
08:49:10 INFO  
</system-out>
	</testcase>
</testsuite><testsuite name="SoftwareManagement.sm_apt_install_download_path" tests="3" errors="0" failures="2" skipped="1" time="0"><testcase classname="AptInstallWithDownloadPath" name="SoftwareManagement.sm_apt_install_download_path">
		<skipped message="SKIPPED: Testing the apt plugin is not supported on this platform.Use parameter -XmyPlatform='container' to enable it" />
		<system-out>08:09:45 INFO  ==============================================================
08:09:45 INFO  Id:    SoftwareManagement.sm_apt_install_download_path
08:09:45 INFO  Dir:   software_management_end_to_end/
08:09:45 INFO  Title: Install package to directory specified in tedge config set tmp.path
08:09:45 INFO  ==============================================================
08:09:45 INFO  Testing the apt plugin is not supported on this platform.Use parameter -XmyPlatform='container' to enable it ... skipped
08:09:45 WARN  Aborted test due to SKIPPED outcome
08:09:45 INFO  
08:09:45 INFO  Test duration: 0.10 secs
08:09:45 INFO  Test final outcome:  SKIPPED
08:09:45 INFO  Test outcome reason: Testing the apt plugin is not supported on this platform.Use parameter -XmyPlatform='container' to enable it
08:09:45 INFO  
</system-out>
	</testcase>
<testcase classname="AptInstallWithDownloadPath" name="SoftwareManagement.sm_apt_install_download_path">
		<failure message="BLOCKED: SystemError: The Sofware list is empty !!!" type="BLOCKED" />
		<system-out>08:34:28 INFO  ==============================================================
08:34:28 INFO  Id:    SoftwareManagement.sm_apt_install_download_path
08:34:28 INFO  Dir:   software_management_end_to_end/
08:34:28 INFO  Title: Install package to directory specified in tedge config set tmp.path
08:34:28 INFO  ==============================================================
08:34:28 INFO  Using sw id database: {'asciijump': '5475369', 'robotfindskitten': '5474869', 'squirrel3': '5475279', 'rolldice': '5152439', 'moon-buggy': '5439204', 'apple': '5495053', 'banana': '5494888', 'cherry': '5495382', 'watermelon': '5494510', 'registry': '8018911', 'hello-world': '8021526', 'docker/getting-started': '8021973', 'alpine': '7991792'}
08:34:28 INFO  EnvironmentC8y Setup
08:34:28 INFO  Executed systemctl&lt;serv_mapper1&gt;, exit status 3
08:34:44 INFO  Executed sudo&lt;tedge_connect_c8y&gt;, exit status 0, duration 15 secs
08:34:46 INFO  Executed sudo&lt;tedge_connect_c8y_test&gt;, exit status 0
08:34:47 INFO  Executed systemctl&lt;serv_mosq2&gt;, exit status 0
08:34:47 INFO  Executed systemctl&lt;serv_mapper3&gt;, exit status 0
08:34:50 INFO  State of current operation: SUCCESSFUL
08:34:50 WARN  SystemError occurred while running test - The Sofware list is empty !!!
Traceback (most recent call last):
  File "/home/pi/env-pysys/lib/python3.7/site-packages/pysys/baserunner.py", line 1292, in __call__
    self.testObj.setup()
  File "/home/pi/actions-runner/_work/thin-edge.io/thin-edge.io/tests/PySys/software_management_end_to_end/sm_apt_install_download_path/run.py", line 49, in setup
    self.assertThat("False == value", value=self.check_is_installed("rolldice"))
  File "/home/pi/actions-runner/_work/thin-edge.io/thin-edge.io/tests/PySys/software_management_end_to_end/environment_sm_management.py", line 399, in check_is_installed
    raise SystemError("The Sofware list is empty !!!")
SystemError: The Sofware list is empty !!!
08:34:50 WARN  SystemError: The Sofware list is empty !!! ... blocked 
08:34:50 INFO  
08:34:50 INFO  cleanup:
08:34:51 INFO  Executed sudo, exit status 0
08:34:52 INFO  Executed sudo, exit status 0
08:34:56 INFO  Executed sudo&lt;tedge_disconnect_c8y&gt;, exit status 0
08:34:56 INFO  Restarting mosquitto too frequently in the last 10 seconds. It was only up for 3 seconds
08:34:56 INFO  Delaying execution by 8 seconds
08:35:18 INFO  Executed sudo&lt;tedge_connect_c8y&gt;, exit status 0, duration 14 secs
08:35:22 INFO  Executed sudo&lt;tedge_disconnect_c8y&gt;, exit status 0
08:35:23 INFO  Executed systemctl&lt;serv_mapper5&gt;, exit status 3
08:35:23 INFO  
08:35:23 INFO  Test duration: 55.38 secs
08:35:23 INFO  Test final outcome:  BLOCKED
08:35:23 INFO  Test outcome reason: SystemError: The Sofware list is empty !!!
08:35:23 INFO  
</system-out>
	</testcase>
<testcase classname="AptInstallWithDownloadPath" name="SoftwareManagement.sm_apt_install_download_path">
		<failure message="BLOCKED: AssertionError:" type="BLOCKED" />
		<system-out>08:49:10 INFO  ==============================================================
08:49:10 INFO  Id:    SoftwareManagement.sm_apt_install_download_path
08:49:10 INFO  Dir:   software_management_end_to_end/
08:49:10 INFO  Title: Install package to directory specified in tedge config set tmp.path
08:49:10 INFO  ==============================================================
08:49:11 INFO  Using sw id database: {'asciijump': '5475369', 'robotfindskitten': '5474869', 'squirrel3': '5475279', 'rolldice': '5152439', 'moon-buggy': '5439204', 'apple': '5495053', 'banana': '5494888', 'cherry': '5495382', 'watermelon': '5494510', 'registry': '8018911', 'hello-world': '8021526', 'docker/getting-started': '8021973', 'alpine': '7991792'}
08:49:11 INFO  EnvironmentC8y Setup
08:49:12 INFO  Executed systemctl&lt;serv_mapper1&gt;, exit status 3
08:49:27 INFO  Executed sudo&lt;tedge_connect_c8y&gt;, exit status 0, duration 14 secs
08:49:27 INFO  Executed sudo&lt;tedge_connect_c8y_test&gt;, exit status 0
08:49:28 INFO  Executed systemctl&lt;serv_mosq2&gt;, exit status 0
08:49:28 INFO  Executed systemctl&lt;serv_mapper3&gt;, exit status 0
08:49:31 INFO  State of current operation: SUCCESSFUL
08:49:31 INFO  Assert that (False == value) with value=False ... passed
08:49:31 INFO  Executed sudo, exit status 0
08:49:32 INFO  Executed sudo, exit status 0
08:49:33 INFO  Executed sudo, exit status 0
08:49:37 INFO  Executed sudo&lt;tedge_disconnect_c8y&gt;, exit status 0
08:49:37 INFO  Restarting mosquitto too frequently in the last 10 seconds. It was only up for 3 seconds
08:49:37 INFO  Delaying execution by 8 seconds
08:49:59 INFO  Executed sudo&lt;tedge_connect_c8y&gt;, exit status 0, duration 14 secs
08:49:59 INFO  Response status: 201
08:49:59 INFO  Response to action: {
    "creationTime": "2022-05-04T08:49:59.736Z",
    "deviceName": "mythica",
    "deviceId": "18347007",
    "self": "https://t493319102.eu-latest.cumulocity.com/devicecontrol/operations/18370071",
    "id": "18370071",
    "status": "PENDING",
    "description": "Apply software changes, triggered from PySys: [{'name': 'rolldice', 'id': '5152439', 'version': '::apt', 'url': 'https://thin-edge-io.eu-latest.cumulocity.com/inventory/binaries/12435463', 'action': 'install'}]",
    "c8y_SoftwareUpdate": [
        {
            "name": "rolldice",
            "action": "install",
            "id": "5152439",
            "version": "::apt",
            "url": "https://thin-edge-io.eu-latest.cumulocity.com/inventory/binaries/12435463"
        }
    ]
}
08:49:59 INFO  Started operation: {'creationTime': '2022-05-04T08:49:59.736Z', 'deviceName': 'mythica', 'deviceId': '18347007', 'self': 'https://t493319102.eu-latest.cumulocity.com/devicecontrol/operations/18370071', 'id': '18370071', 'status': 'PENDING', 'description': "Apply software changes, triggered from PySys: [{'name': 'rolldice', 'id': '5152439', 'version': '::apt', 'url': 'https://thin-edge-io.eu-latest.cumulocity.com/inventory/binaries/12435463', 'action': 'install'}]", 'c8y_SoftwareUpdate': [{'name': 'rolldice', 'action': 'install', 'id': '5152439', 'version': '::apt', 'url': 'https://thin-edge-io.eu-latest.cumulocity.com/inventory/binaries/12435463'}]}
08:49:59 WARN  , retrying in 0.5 seconds...
08:50:00 WARN  , retrying in 0.5 seconds...
08:50:00 WARN  , retrying in 0.5 seconds...
08:50:01 WARN  , retrying in 0.5 seconds...
08:50:01 WARN  , retrying in 0.5 seconds...
08:50:02 WARN  , retrying in 0.5 seconds...
08:50:02 WARN  , retrying in 0.5 seconds...
08:50:03 WARN  , retrying in 0.5 seconds...
08:50:03 WARN  , retrying in 0.5 seconds...
08:50:04 WARN  AssertionError occurred while running test - 
Traceback (most recent call last):
  File "/home/pi/env-pysys/lib/python3.7/site-packages/pysys/baserunner.py", line 1294, in __call__
    self.testObj.execute()
  File "/home/pi/actions-runner/_work/thin-edge.io/thin-edge.io/tests/PySys/software_management_end_to_end/sm_apt_install_download_path/run.py", line 83, in execute
    assert_install_in_download_path(install_directory=self.DOWNLOAD_DIR)
  File "/home/pi/env-pysys/lib/python3.7/site-packages/decorator.py", line 232, in fun
    return caller(func, *(extras + args), **kw)
  File "/home/pi/env-pysys/lib/python3.7/site-packages/retry/api.py", line 74, in retry_decorator
    logger)
  File "/home/pi/env-pysys/lib/python3.7/site-packages/retry/api.py", line 33, in __retry_internal
    return f()
  File "/home/pi/actions-runner/_work/thin-edge.io/thin-edge.io/tests/PySys/software_management_end_to_end/sm_apt_install_download_path/run.py", line 28, in assert_install_in_download_path
    assert "rolldice" in os.listdir(f"{install_directory}")
AssertionError
08:50:05 WARN  AssertionError: ... blocked 
08:50:05 INFO  
08:50:05 INFO  cleanup:
08:50:05 INFO  Executed sudo, exit status 0
08:50:06 INFO  Executed sudo, exit status 0
08:50:10 INFO  Executed sudo&lt;tedge_disconnect_c8y&gt;, exit status 0
08:50:10 INFO  Restarting mosquitto too frequently in the last 10 seconds. It was only up for 4 seconds
08:50:10 INFO  Delaying execution by 7 seconds
08:50:32 INFO  Executed sudo&lt;tedge_connect_c8y&gt;, exit status 0, duration 14 secs
08:50:36 INFO  Executed sudo&lt;tedge_disconnect_c8y&gt;, exit status 0
08:50:36 INFO  Executed systemctl&lt;serv_mapper5&gt;, exit status 3
08:50:36 INFO  
08:50:36 INFO  Test duration: 86.59 secs
08:50:36 INFO  Test final outcome:  BLOCKED
08:50:36 INFO  Test outcome reason: AssertionError:
08:50:36 INFO  
</system-out>
	</testcase>
</testsuite><testsuite name="SoftwareManagement.sm_apt_install_fail" tests="3" errors="0" failures="1" skipped="1" time="0"><testcase classname="PySysTest" name="SoftwareManagement.sm_apt_install_fail">
		<skipped message="SKIPPED: Testing the apt plugin is not supported on this platform.Use parameter -XmyPlatform='container' to enable it" />
		<system-out>08:09:45 INFO  ==============================================================
08:09:45 INFO  Id:    SoftwareManagement.sm_apt_install_fail
08:09:45 INFO  Dir:   software_management_end_to_end/
08:09:45 INFO  Title: Validate end to end behaviour for a failing installation
08:09:45 INFO  ==============================================================
08:09:45 INFO  Testing the apt plugin is not supported on this platform.Use parameter -XmyPlatform='container' to enable it ... skipped
08:09:45 WARN  Aborted test due to SKIPPED outcome
08:09:45 INFO  
08:09:45 INFO  Test duration: 0.02 secs
08:09:45 INFO  Test final outcome:  SKIPPED
08:09:45 INFO  Test outcome reason: Testing the apt plugin is not supported on this platform.Use parameter -XmyPlatform='container' to enable it
08:09:45 INFO  
</system-out>
	</testcase>
<testcase classname="PySysTest" name="SoftwareManagement.sm_apt_install_fail">
		<failure message="BLOCKED: SystemError: The Sofware list is empty !!!" type="BLOCKED" />
		<system-out>08:35:23 INFO  ==============================================================
08:35:23 INFO  Id:    SoftwareManagement.sm_apt_install_fail
08:35:23 INFO  Dir:   software_management_end_to_end/
08:35:23 INFO  Title: Validate end to end behaviour for a failing installation
08:35:23 INFO  ==============================================================
08:35:23 INFO  Using sw id database: {'asciijump': '5475369', 'robotfindskitten': '5474869', 'squirrel3': '5475279', 'rolldice': '5152439', 'moon-buggy': '5439204', 'apple': '5495053', 'banana': '5494888', 'cherry': '5495382', 'watermelon': '5494510', 'registry': '8018911', 'hello-world': '8021526', 'docker/getting-started': '8021973', 'alpine': '7991792'}
08:35:23 INFO  EnvironmentC8y Setup
08:35:24 INFO  Executed systemctl&lt;serv_mapper1&gt;, exit status 3
08:35:24 INFO  Restarting mosquitto too frequently in the last 10 seconds. It was only up for 5 seconds
08:35:24 INFO  Delaying execution by 6 seconds
08:35:44 INFO  Executed sudo&lt;tedge_connect_c8y&gt;, exit status 0, duration 14 secs
08:35:45 INFO  Executed sudo&lt;tedge_connect_c8y_test&gt;, exit status 0
08:35:46 INFO  Executed systemctl&lt;serv_mosq2&gt;, exit status 0
08:35:46 INFO  Executed systemctl&lt;serv_mapper3&gt;, exit status 0
08:35:48 INFO  State of current operation: SUCCESSFUL
08:35:48 INFO  Response status: 201
08:35:48 INFO  Response to action: {
    "creationTime": "2022-05-04T08:35:48.917Z",
    "deviceName": "mythica",
    "deviceId": "18347007",
    "self": "https://t493319102.eu-latest.cumulocity.com/devicecontrol/operations/18369894",
    "id": "18369894",
    "status": "PENDING",
    "description": "Apply software changes, triggered from PySys: [{'name': 'does_not_exist', 'id': '5446165', 'version': '::apt', 'url': '', 'action': 'install'}]",
    "c8y_SoftwareUpdate": [
        {
            "name": "does_not_exist",
            "action": "install",
            "id": "5446165",
            "version": "::apt",
            "url": ""
        }
    ]
}
08:35:48 INFO  Started operation: {'creationTime': '2022-05-04T08:35:48.917Z', 'deviceName': 'mythica', 'deviceId': '18347007', 'self': 'https://t493319102.eu-latest.cumulocity.com/devicecontrol/operations/18369894', 'id': '18369894', 'status': 'PENDING', 'description': "Apply software changes, triggered from PySys: [{'name': 'does_not_exist', 'id': '5446165', 'version': '::apt', 'url': '', 'action': 'install'}]", 'c8y_SoftwareUpdate': [{'name': 'does_not_exist', 'action': 'install', 'id': '5446165', 'version': '::apt', 'url': ''}]}
08:35:51 INFO  State of operation 18369894 : PENDING
08:35:53 INFO  State of operation 18369894 : EXECUTING
08:35:55 INFO  State of operation 18369894 : EXECUTING
08:35:57 INFO  State of operation 18369894 : EXECUTING
08:36:00 INFO  State of operation 18369894 : EXECUTING
08:36:02 INFO  State of operation 18369894 : EXECUTING
08:36:04 INFO  State of operation 18369894 : EXECUTING
08:36:07 INFO  State of operation 18369894 : EXECUTING
08:36:09 INFO  State of operation 18369894 : EXECUTING
08:36:12 INFO  State of operation 18369894 : EXECUTING
08:36:14 INFO  State of operation 18369894 : EXECUTING
08:36:16 INFO  State of operation 18369894 : EXECUTING
08:36:18 INFO  State of operation 18369894 : EXECUTING
08:36:21 INFO  State of operation 18369894 : EXECUTING
08:36:23 INFO  State of operation 18369894 : EXECUTING
08:36:25 INFO  State of operation 18369894 : EXECUTING
08:36:28 INFO  State of operation 18369894 : EXECUTING
08:36:30 INFO  State of operation 18369894 : EXECUTING
08:36:33 INFO  State of operation 18369894 : EXECUTING
08:36:35 INFO  State of operation 18369894 : EXECUTING
08:36:37 INFO  State of operation 18369894 : FAILED
08:36:37 WARN  SystemError occurred while running test - The Sofware list is empty !!!
Traceback (most recent call last):
  File "/home/pi/env-pysys/lib/python3.7/site-packages/pysys/baserunner.py", line 1296, in __call__
    self.testObj.validate()
  File "/home/pi/actions-runner/_work/thin-edge.io/thin-edge.io/tests/PySys/software_management_end_to_end/sm_apt_install_fail/run.py", line 31, in validate
    "False == value", value=self.check_is_installed("does_not_exist")
  File "/home/pi/actions-runner/_work/thin-edge.io/thin-edge.io/tests/PySys/software_management_end_to_end/environment_sm_management.py", line 399, in check_is_installed
    raise SystemError("The Sofware list is empty !!!")
SystemError: The Sofware list is empty !!!
08:36:37 WARN  SystemError: The Sofware list is empty !!! ... blocked 
08:36:37 INFO  
08:36:37 INFO  cleanup:
08:36:42 INFO  Executed sudo&lt;tedge_disconnect_c8y&gt;, exit status 0
08:36:42 INFO  Executed systemctl&lt;serv_mapper5&gt;, exit status 3
08:36:42 INFO  
08:36:42 INFO  Test duration: 79.17 secs
08:36:42 INFO  Test final outcome:  BLOCKED
08:36:42 INFO  Test outcome reason: SystemError: The Sofware list is empty !!!
08:36:42 INFO  
</system-out>
	</testcase>
<testcase classname="PySysTest" name="SoftwareManagement.sm_apt_install_fail" />
</testsuite><testsuite name="SoftwareManagement.sm_apt_install_remove" tests="3" errors="0" failures="1" skipped="1" time="0"><testcase classname="PySysTest" name="SoftwareManagement.sm_apt_install_remove">
		<skipped message="SKIPPED: Testing the apt plugin is not supported on this platform.Use parameter -XmyPlatform='container' to enable it" />
		<system-out>08:09:45 INFO  ==============================================================
08:09:45 INFO  Id:    SoftwareManagement.sm_apt_install_remove
08:09:45 INFO  Dir:   software_management_end_to_end/
08:09:45 INFO  Title: Validate end to end behaviour for the apt plugin for installation and removal of packages
08:09:45 INFO  ==============================================================
08:09:45 INFO  Testing the apt plugin is not supported on this platform.Use parameter -XmyPlatform='container' to enable it ... skipped
08:09:45 WARN  Aborted test due to SKIPPED outcome
08:09:45 INFO  
08:09:45 INFO  Test duration: 0.02 secs
08:09:45 INFO  Test final outcome:  SKIPPED
08:09:45 INFO  Test outcome reason: Testing the apt plugin is not supported on this platform.Use parameter -XmyPlatform='container' to enable it
08:09:45 INFO  
</system-out>
	</testcase>
<testcase classname="PySysTest" name="SoftwareManagement.sm_apt_install_remove">
		<failure message="BLOCKED: SystemError: The Sofware list is empty !!!" type="BLOCKED" />
		<system-out>08:36:42 INFO  ==============================================================
08:36:42 INFO  Id:    SoftwareManagement.sm_apt_install_remove
08:36:42 INFO  Dir:   software_management_end_to_end/
08:36:42 INFO  Title: Validate end to end behaviour for the apt plugin for installation and removal of packages
08:36:42 INFO  ==============================================================
08:36:42 INFO  Using sw id database: {'asciijump': '5475369', 'robotfindskitten': '5474869', 'squirrel3': '5475279', 'rolldice': '5152439', 'moon-buggy': '5439204', 'apple': '5495053', 'banana': '5494888', 'cherry': '5495382', 'watermelon': '5494510', 'registry': '8018911', 'hello-world': '8021526', 'docker/getting-started': '8021973', 'alpine': '7991792'}
08:36:42 INFO  EnvironmentC8y Setup
08:36:43 INFO  Executed systemctl&lt;serv_mapper1&gt;, exit status 3
08:36:43 INFO  Restarting mosquitto too frequently in the last 10 seconds. It was only up for 5 seconds
08:36:43 INFO  Delaying execution by 6 seconds
08:37:03 INFO  Executed sudo&lt;tedge_connect_c8y&gt;, exit status 0, duration 14 secs
08:37:04 INFO  Executed sudo&lt;tedge_connect_c8y_test&gt;, exit status 0
08:37:04 INFO  Executed systemctl&lt;serv_mosq2&gt;, exit status 0
08:37:05 INFO  Executed systemctl&lt;serv_mapper3&gt;, exit status 0
08:37:07 INFO  State of current operation: FAILED
08:37:07 WARN  SystemError occurred while running test - The Sofware list is empty !!!
Traceback (most recent call last):
  File "/home/pi/env-pysys/lib/python3.7/site-packages/pysys/baserunner.py", line 1292, in __call__
    self.testObj.setup()
  File "/home/pi/actions-runner/_work/thin-edge.io/thin-edge.io/tests/PySys/software_management_end_to_end/sm_apt_install_remove/run.py", line 28, in setup
    if self.check_is_installed("rolldice"):
  File "/home/pi/actions-runner/_work/thin-edge.io/thin-edge.io/tests/PySys/software_management_end_to_end/environment_sm_management.py", line 399, in check_is_installed
    raise SystemError("The Sofware list is empty !!!")
SystemError: The Sofware list is empty !!!
08:37:07 WARN  SystemError: The Sofware list is empty !!! ... blocked 
08:37:07 INFO  
08:37:07 INFO  cleanup:
08:37:12 INFO  Executed sudo&lt;tedge_disconnect_c8y&gt;, exit status 0
08:37:13 INFO  Executed systemctl&lt;serv_mapper5&gt;, exit status 3
08:37:13 INFO  
08:37:13 INFO  Test duration: 30.33 secs
08:37:13 INFO  Test final outcome:  BLOCKED
08:37:13 INFO  Test outcome reason: SystemError: The Sofware list is empty !!!
08:37:13 INFO  
</system-out>
	</testcase>
<testcase classname="PySysTest" name="SoftwareManagement.sm_apt_install_remove" />
</testsuite><testsuite name="SoftwareManagement.sm_apt_install_remove_default" tests="3" errors="0" failures="1" skipped="1" time="0"><testcase classname="PySysTest" name="SoftwareManagement.sm_apt_install_remove_default">
		<skipped message="SKIPPED: Testing the apt plugin is not supported on this platform.Use parameter -XmyPlatform='container' to enable it" />
		<system-out>08:09:45 INFO  ==============================================================
08:09:45 INFO  Id:    SoftwareManagement.sm_apt_install_remove_default
08:09:45 INFO  Dir:   software_management_end_to_end/
08:09:45 INFO  Title: Validate end to end behaviour for the default plugin for installation and removal of packages
08:09:45 INFO  ==============================================================
08:09:46 INFO  Testing the apt plugin is not supported on this platform.Use parameter -XmyPlatform='container' to enable it ... skipped
08:09:46 WARN  Aborted test due to SKIPPED outcome
08:09:46 INFO  
08:09:46 INFO  Test duration: 0.02 secs
08:09:46 INFO  Test final outcome:  SKIPPED
08:09:46 INFO  Test outcome reason: Testing the apt plugin is not supported on this platform.Use parameter -XmyPlatform='container' to enable it
08:09:46 INFO  
</system-out>
	</testcase>
<testcase classname="PySysTest" name="SoftwareManagement.sm_apt_install_remove_default">
		<failure message="BLOCKED: SystemError: The Sofware list is empty !!!" type="BLOCKED" />
		<system-out>08:37:13 INFO  ==============================================================
08:37:13 INFO  Id:    SoftwareManagement.sm_apt_install_remove_default
08:37:13 INFO  Dir:   software_management_end_to_end/
08:37:13 INFO  Title: Validate end to end behaviour for the default plugin for installation and removal of packages
08:37:13 INFO  ==============================================================
08:37:13 INFO  Using sw id database: {'asciijump': '5475369', 'robotfindskitten': '5474869', 'squirrel3': '5475279', 'rolldice': '5152439', 'moon-buggy': '5439204', 'apple': '5495053', 'banana': '5494888', 'cherry': '5495382', 'watermelon': '5494510', 'registry': '8018911', 'hello-world': '8021526', 'docker/getting-started': '8021973', 'alpine': '7991792'}
08:37:13 INFO  EnvironmentC8y Setup
08:37:13 INFO  Executed systemctl&lt;serv_mapper1&gt;, exit status 3
08:37:13 INFO  Restarting mosquitto too frequently in the last 10 seconds. It was only up for 6 seconds
08:37:13 INFO  Delaying execution by 5 seconds
08:37:32 INFO  Executed sudo&lt;tedge_connect_c8y&gt;, exit status 0, duration 14 secs
08:37:33 INFO  Executed sudo&lt;tedge_connect_c8y_test&gt;, exit status 0
08:37:33 INFO  Executed systemctl&lt;serv_mosq2&gt;, exit status 0
08:37:34 INFO  Executed systemctl&lt;serv_mapper3&gt;, exit status 0
08:37:36 INFO  State of current operation: FAILED
08:37:36 WARN  SystemError occurred while running test - The Sofware list is empty !!!
Traceback (most recent call last):
  File "/home/pi/env-pysys/lib/python3.7/site-packages/pysys/baserunner.py", line 1292, in __call__
    self.testObj.setup()
  File "/home/pi/actions-runner/_work/thin-edge.io/thin-edge.io/tests/PySys/software_management_end_to_end/sm_apt_install_remove_default/run.py", line 27, in setup
    self.assertThat("False == value", value=self.check_is_installed("rolldice"))
  File "/home/pi/actions-runner/_work/thin-edge.io/thin-edge.io/tests/PySys/software_management_end_to_end/environment_sm_management.py", line 399, in check_is_installed
    raise SystemError("The Sofware list is empty !!!")
SystemError: The Sofware list is empty !!!
08:37:36 WARN  SystemError: The Sofware list is empty !!! ... blocked 
08:37:36 INFO  
08:37:36 INFO  cleanup:
08:37:40 INFO  Executed sudo&lt;tedge_disconnect_c8y&gt;, exit status 0
08:37:41 INFO  Executed systemctl&lt;serv_mapper5&gt;, exit status 3
08:37:41 INFO  
08:37:41 INFO  Test duration: 28.43 secs
08:37:41 INFO  Test final outcome:  BLOCKED
08:37:41 INFO  Test outcome reason: SystemError: The Sofware list is empty !!!
08:37:41 INFO  
</system-out>
	</testcase>
<testcase classname="PySysTest" name="SoftwareManagement.sm_apt_install_remove_default" />
</testsuite><testsuite name="SoftwareManagement.sm_apt_install_remove_multiple" tests="3" errors="0" failures="2" skipped="1" time="0"><testcase classname="PySysTest" name="SoftwareManagement.sm_apt_install_remove_multiple">
		<skipped message="SKIPPED: Testing the apt plugin is not supported on this platform.Use parameter -XmyPlatform='container' to enable it" />
		<system-out>08:09:46 INFO  ==============================================================
08:09:46 INFO  Id:    SoftwareManagement.sm_apt_install_remove_multiple
08:09:46 INFO  Dir:   software_management_end_to_end/
08:09:46 INFO  Title: Validate end to end behaviour for the apt plugin for multiple packages
08:09:46 INFO  ==============================================================
08:09:46 INFO  Testing the apt plugin is not supported on this platform.Use parameter -XmyPlatform='container' to enable it ... skipped
08:09:46 WARN  Aborted test due to SKIPPED outcome
08:09:46 INFO  
08:09:46 INFO  Test duration: 0.02 secs
08:09:46 INFO  Test final outcome:  SKIPPED
08:09:46 INFO  Test outcome reason: Testing the apt plugin is not supported on this platform.Use parameter -XmyPlatform='container' to enable it
08:09:46 INFO  
</system-out>
	</testcase>
<testcase classname="PySysTest" name="SoftwareManagement.sm_apt_install_remove_multiple">
		<failure message="BLOCKED: SystemError: The Sofware list is empty !!!" type="BLOCKED" />
		<system-out>08:37:41 INFO  ==============================================================
08:37:41 INFO  Id:    SoftwareManagement.sm_apt_install_remove_multiple
08:37:41 INFO  Dir:   software_management_end_to_end/
08:37:41 INFO  Title: Validate end to end behaviour for the apt plugin for multiple packages
08:37:41 INFO  ==============================================================
08:37:41 INFO  Using sw id database: {'asciijump': '5475369', 'robotfindskitten': '5474869', 'squirrel3': '5475279', 'rolldice': '5152439', 'moon-buggy': '5439204', 'apple': '5495053', 'banana': '5494888', 'cherry': '5495382', 'watermelon': '5494510', 'registry': '8018911', 'hello-world': '8021526', 'docker/getting-started': '8021973', 'alpine': '7991792'}
08:37:41 INFO  EnvironmentC8y Setup
08:37:42 INFO  Executed systemctl&lt;serv_mapper1&gt;, exit status 3
08:37:42 INFO  Restarting mosquitto too frequently in the last 10 seconds. It was only up for 5 seconds
08:37:42 INFO  Delaying execution by 6 seconds
08:38:02 INFO  Executed sudo&lt;tedge_connect_c8y&gt;, exit status 0, duration 14 secs
08:38:03 INFO  Executed sudo&lt;tedge_connect_c8y_test&gt;, exit status 0
08:38:03 INFO  Executed systemctl&lt;serv_mosq2&gt;, exit status 0
08:38:04 INFO  Executed systemctl&lt;serv_mapper3&gt;, exit status 0
08:38:06 INFO  State of current operation: FAILED
08:38:06 WARN  SystemError occurred while running test - The Sofware list is empty !!!
Traceback (most recent call last):
  File "/home/pi/env-pysys/lib/python3.7/site-packages/pysys/baserunner.py", line 1292, in __call__
    self.testObj.setup()
  File "/home/pi/actions-runner/_work/thin-edge.io/thin-edge.io/tests/PySys/software_management_end_to_end/sm_apt_install_remove_multiple/run.py", line 54, in setup
    self.assertThat("False == value", value=self.check_is_installed("rolldice"))
  File "/home/pi/actions-runner/_work/thin-edge.io/thin-edge.io/tests/PySys/software_management_end_to_end/environment_sm_management.py", line 399, in check_is_installed
    raise SystemError("The Sofware list is empty !!!")
SystemError: The Sofware list is empty !!!
08:38:06 WARN  SystemError: The Sofware list is empty !!! ... blocked 
08:38:06 INFO  
08:38:06 INFO  cleanup:
08:38:10 INFO  Executed sudo&lt;tedge_disconnect_c8y&gt;, exit status 0
08:38:11 INFO  Executed systemctl&lt;serv_mapper5&gt;, exit status 3
08:38:11 INFO  
08:38:11 INFO  Test duration: 29.78 secs
08:38:11 INFO  Test final outcome:  BLOCKED
08:38:11 INFO  Test outcome reason: SystemError: The Sofware list is empty !!!
08:38:11 INFO  
</system-out>
	</testcase>
<testcase classname="PySysTest" name="SoftwareManagement.sm_apt_install_remove_multiple">
		<failure message="FAILED: Assert that (False == value) with value=True" type="FAILED" />
		<system-out>08:57:22 INFO  ==============================================================
08:57:22 INFO  Id:    SoftwareManagement.sm_apt_install_remove_multiple
08:57:22 INFO  Dir:   software_management_end_to_end/
08:57:22 INFO  Title: Validate end to end behaviour for the apt plugin for multiple packages
08:57:22 INFO  ==============================================================
08:57:22 INFO  Using sw id database: {'asciijump': '5475369', 'robotfindskitten': '5474869', 'squirrel3': '5475279', 'rolldice': '5152439', 'moon-buggy': '5439204', 'apple': '5495053', 'banana': '5494888', 'cherry': '5495382', 'watermelon': '5494510', 'registry': '8018911', 'hello-world': '8021526', 'docker/getting-started': '8021973', 'alpine': '7991792'}
08:57:22 INFO  EnvironmentC8y Setup
08:57:23 INFO  Executed systemctl&lt;serv_mapper1&gt;, exit status 3
08:57:23 INFO  Restarting mosquitto too frequently in the last 10 seconds. It was only up for 4 seconds
08:57:23 INFO  Delaying execution by 7 seconds
08:57:45 INFO  Executed sudo&lt;tedge_connect_c8y&gt;, exit status 0, duration 15 secs
08:57:46 INFO  Executed sudo&lt;tedge_connect_c8y_test&gt;, exit status 0
08:57:46 INFO  Executed systemctl&lt;serv_mosq2&gt;, exit status 0
08:57:47 INFO  Executed systemctl&lt;serv_mapper3&gt;, exit status 0
08:57:49 INFO  State of current operation: SUCCESSFUL
08:57:49 INFO  Assert that (False == value) with value=False ... passed
08:57:50 INFO  Assert that (False == value) with value=False ... passed
08:57:50 INFO  Assert that (False == value) with value=False ... passed
08:57:50 INFO  Package robotfindskitten is installed
08:57:50 WARN  Assert that (False == value) with value=True ... failed 
08:57:50 INFO  Response status: 201
08:57:50 INFO  Response to action: {
    "creationTime": "2022-05-04T08:57:50.890Z",
    "deviceName": "mythica",
    "deviceId": "18347007",
    "self": "https://t493319102.eu-latest.cumulocity.com/devicecontrol/operations/18389122",
    "id": "18389122",
    "status": "PENDING",
    "description": "Apply software changes, triggered from PySys: [{'action': 'install', 'id': '5475369', 'name': 'asciijump', 'url': ' ', 'version': '::apt'}, {'action': 'install', 'id': '5474869', 'name': 'robotfindskitten', 'url': ' ', 'version': '::apt'}, {'action': 'install', 'id': '5475279', 'name': 'squirrel3', 'url': ' ', 'version': '::apt'}]",
    "c8y_SoftwareUpdate": [
        {
            "name": "asciijump",
            "action": "install",
            "id": "5475369",
            "version": "::apt",
            "url": " "
        },
        {
            "name": "robotfindskitten",
            "action": "install",
            "id": "5474869",
            "version": "::apt",
            "url": " "
        },
        {
            "name": "squirrel3",
            "action": "install",
            "id": "5475279",
            "version": "::apt",
            "url": " "
        }
    ]
}
08:57:50 INFO  Started operation: {'creationTime': '2022-05-04T08:57:50.890Z', 'deviceName': 'mythica', 'deviceId': '18347007', 'self': 'https://t493319102.eu-latest.cumulocity.com/devicecontrol/operations/18389122', 'id': '18389122', 'status': 'PENDING', 'description': "Apply software changes, triggered from PySys: [{'action': 'install', 'id': '5475369', 'name': 'asciijump', 'url': ' ', 'version': '::apt'}, {'action': 'install', 'id': '5474869', 'name': 'robotfindskitten', 'url': ' ', 'version': '::apt'}, {'action': 'install', 'id': '5475279', 'name': 'squirrel3', 'url': ' ', 'version': '::apt'}]", 'c8y_SoftwareUpdate': [{'name': 'asciijump', 'action': 'install', 'id': '5475369', 'version': '::apt', 'url': ' '}, {'name': 'robotfindskitten', 'action': 'install', 'id': '5474869', 'version': '::apt', 'url': ' '}, {'name': 'squirrel3', 'action': 'install', 'id': '5475279', 'version': '::apt', 'url': ' '}]}
08:57:53 INFO  State of operation 18389122 : PENDING
08:57:55 INFO  State of operation 18389122 : EXECUTING
08:57:57 INFO  State of operation 18389122 : EXECUTING
08:57:59 INFO  State of operation 18389122 : EXECUTING
08:58:02 INFO  State of operation 18389122 : EXECUTING
08:58:04 INFO  State of operation 18389122 : EXECUTING
08:58:06 INFO  State of operation 18389122 : EXECUTING
08:58:08 INFO  State of operation 18389122 : EXECUTING
08:58:11 INFO  State of operation 18389122 : EXECUTING
08:58:14 INFO  State of operation 18389122 : EXECUTING
08:58:16 INFO  State of operation 18389122 : EXECUTING
08:58:18 INFO  State of operation 18389122 : EXECUTING
08:58:20 INFO  State of operation 18389122 : EXECUTING
08:58:23 INFO  State of operation 18389122 : EXECUTING
08:58:25 INFO  State of operation 18389122 : EXECUTING
08:58:27 INFO  State of operation 18389122 : EXECUTING
08:58:29 INFO  State of operation 18389122 : EXECUTING
08:58:32 INFO  State of operation 18389122 : EXECUTING
08:58:34 INFO  State of operation 18389122 : EXECUTING
08:58:37 INFO  State of operation 18389122 : EXECUTING
08:58:39 INFO  State of operation 18389122 : EXECUTING
08:58:42 INFO  State of operation 18389122 : EXECUTING
08:58:45 INFO  State of operation 18389122 : EXECUTING
08:58:47 INFO  State of operation 18389122 : EXECUTING
08:58:49 INFO  State of operation 18389122 : EXECUTING
08:58:52 INFO  State of operation 18389122 : EXECUTING
08:58:54 INFO  State of operation 18389122 : EXECUTING
08:58:57 INFO  State of operation 18389122 : EXECUTING
08:58:59 INFO  State of operation 18389122 : EXECUTING
08:59:01 INFO  State of operation 18389122 : EXECUTING
08:59:03 INFO  State of operation 18389122 : EXECUTING
08:59:06 INFO  State of operation 18389122 : EXECUTING
08:59:08 INFO  State of operation 18389122 : EXECUTING
08:59:10 INFO  State of operation 18389122 : EXECUTING
08:59:13 INFO  State of operation 18389122 : EXECUTING
08:59:15 INFO  State of operation 18389122 : SUCCESSFUL
08:59:15 INFO  Assert that (False == value) with value=False ... passed
08:59:15 INFO  Package asciijump is installed
08:59:15 INFO  Assert that (True == value) with value=True ... passed
08:59:15 INFO  Package squirrel3 is installed
08:59:15 INFO  Assert that (True == value) with value=True ... passed
08:59:16 INFO  Package robotfindskitten is installed
08:59:16 INFO  Assert that (True == value) with value=True ... passed
08:59:16 INFO  Response status: 201
08:59:16 INFO  Response to action: {
    "creationTime": "2022-05-04T08:59:16.401Z",
    "deviceName": "mythica",
    "deviceId": "18347007",
    "self": "https://t493319102.eu-latest.cumulocity.com/devicecontrol/operations/18389140",
    "id": "18389140",
    "status": "PENDING",
    "description": "Apply software changes, triggered from PySys: [{'action': 'delete', 'id': '5475369', 'name': 'asciijump', 'url': ' ', 'version': '::apt'}, {'action': 'delete', 'id': '5474869', 'name': 'robotfindskitten', 'url': ' ', 'version': '::apt'}, {'action': 'delete', 'id': '5475279', 'name': 'squirrel3', 'url': ' ', 'version': '::apt'}]",
    "c8y_SoftwareUpdate": [
        {
            "name": "asciijump",
            "action": "delete",
            "id": "5475369",
            "version": "::apt",
            "url": " "
        },
        {
            "name": "robotfindskitten",
            "action": "delete",
            "id": "5474869",
            "version": "::apt",
            "url": " "
        },
        {
            "name": "squirrel3",
            "action": "delete",
            "id": "5475279",
            "version": "::apt",
            "url": " "
        }
    ]
}
08:59:16 INFO  Started operation: {'creationTime': '2022-05-04T08:59:16.401Z', 'deviceName': 'mythica', 'deviceId': '18347007', 'self': 'https://t493319102.eu-latest.cumulocity.com/devicecontrol/operations/18389140', 'id': '18389140', 'status': 'PENDING', 'description': "Apply software changes, triggered from PySys: [{'action': 'delete', 'id': '5475369', 'name': 'asciijump', 'url': ' ', 'version': '::apt'}, {'action': 'delete', 'id': '5474869', 'name': 'robotfindskitten', 'url': ' ', 'version': '::apt'}, {'action': 'delete', 'id': '5475279', 'name': 'squirrel3', 'url': ' ', 'version': '::apt'}]", 'c8y_SoftwareUpdate': [{'name': 'asciijump', 'action': 'delete', 'id': '5475369', 'version': '::apt', 'url': ' '}, {'name': 'robotfindskitten', 'action': 'delete', 'id': '5474869', 'version': '::apt', 'url': ' '}, {'name': 'squirrel3', 'action': 'delete', 'id': '5475279', 'version': '::apt', 'url': ' '}]}
08:59:18 INFO  State of operation 18389140 : PENDING
08:59:20 INFO  State of operation 18389140 : EXECUTING
08:59:23 INFO  State of operation 18389140 : EXECUTING
08:59:25 INFO  State of operation 18389140 : EXECUTING
08:59:27 INFO  State of operation 18389140 : EXECUTING
08:59:29 INFO  State of operation 18389140 : EXECUTING
08:59:32 INFO  State of operation 18389140 : EXECUTING
08:59:35 INFO  State of operation 18389140 : EXECUTING
08:59:37 INFO  State of operation 18389140 : EXECUTING
08:59:40 INFO  State of operation 18389140 : EXECUTING
08:59:42 INFO  State of operation 18389140 : EXECUTING
08:59:44 INFO  State of operation 18389140 : EXECUTING
08:59:46 INFO  State of operation 18389140 : EXECUTING
08:59:49 INFO  State of operation 18389140 : EXECUTING
08:59:51 INFO  State of operation 18389140 : EXECUTING
08:59:53 INFO  State of operation 18389140 : EXECUTING
08:59:56 INFO  State of operation 18389140 : EXECUTING
08:59:58 INFO  State of operation 18389140 : EXECUTING
09:00:01 INFO  State of operation 18389140 : EXECUTING
09:00:03 INFO  State of operation 18389140 : EXECUTING
09:00:05 INFO  State of operation 18389140 : EXECUTING
09:00:07 INFO  State of operation 18389140 : EXECUTING
09:00:10 INFO  State of operation 18389140 : EXECUTING
09:00:12 INFO  State of operation 18389140 : EXECUTING
09:00:14 INFO  State of operation 18389140 : EXECUTING
09:00:17 INFO  State of operation 18389140 : EXECUTING
09:00:19 INFO  State of operation 18389140 : EXECUTING
09:00:21 INFO  State of operation 18389140 : EXECUTING
09:00:24 INFO  State of operation 18389140 : SUCCESSFUL
09:00:24 INFO  Assert that (False == value) with value=False ... passed
09:00:24 INFO  Assert that (False == value) with value=False ... passed
09:00:24 INFO  Assert that (False == value) with value=False ... passed
09:00:25 INFO  Assert that (False == value) with value=False ... passed
09:00:25 INFO  
09:00:25 INFO  cleanup:
09:00:29 INFO  Executed sudo&lt;tedge_disconnect_c8y&gt;, exit status 0
09:00:29 INFO  Executed systemctl&lt;serv_mapper5&gt;, exit status 3
09:00:29 INFO  
09:00:29 INFO  Test duration: 186.90 secs
09:00:29 INFO  Test final outcome:  FAILED
09:00:29 INFO  Test outcome reason: Assert that (False == value) with value=True
09:00:29 INFO  
</system-out>
	</testcase>
</testsuite><testsuite name="SoftwareManagement.sm_apt_install_remove_multiple_mixed" tests="3" errors="0" failures="2" skipped="1" time="0"><testcase classname="PySysTest" name="SoftwareManagement.sm_apt_install_remove_multiple_mixed">
		<skipped message="SKIPPED: Testing the apt plugin is not supported on this platform.Use parameter -XmyPlatform='container' to enable it" />
		<system-out>08:09:46 INFO  ==============================================================
08:09:46 INFO  Id:    SoftwareManagement.sm_apt_install_remove_multiple_mixed
08:09:46 INFO  Dir:   software_management_end_to_end/
08:09:46 INFO  Title: Validate end to end behaviour for the apt plugin for multiple packages with mixed versions
08:09:46 INFO  ==============================================================
08:09:46 INFO  Testing the apt plugin is not supported on this platform.Use parameter -XmyPlatform='container' to enable it ... skipped
08:09:46 WARN  Aborted test due to SKIPPED outcome
08:09:46 INFO  
08:09:46 INFO  Test duration: 0.03 secs
08:09:46 INFO  Test final outcome:  SKIPPED
08:09:46 INFO  Test outcome reason: Testing the apt plugin is not supported on this platform.Use parameter -XmyPlatform='container' to enable it
08:09:46 INFO  
</system-out>
	</testcase>
<testcase classname="PySysTest" name="SoftwareManagement.sm_apt_install_remove_multiple_mixed">
		<failure message="BLOCKED: SystemError: The Sofware list is empty !!!" type="BLOCKED" />
		<system-out>08:38:11 INFO  ==============================================================
08:38:11 INFO  Id:    SoftwareManagement.sm_apt_install_remove_multiple_mixed
08:38:11 INFO  Dir:   software_management_end_to_end/
08:38:11 INFO  Title: Validate end to end behaviour for the apt plugin for multiple packages with mixed versions
08:38:11 INFO  ==============================================================
08:38:11 INFO  Using sw id database: {'asciijump': '5475369', 'robotfindskitten': '5474869', 'squirrel3': '5475279', 'rolldice': '5152439', 'moon-buggy': '5439204', 'apple': '5495053', 'banana': '5494888', 'cherry': '5495382', 'watermelon': '5494510', 'registry': '8018911', 'hello-world': '8021526', 'docker/getting-started': '8021973', 'alpine': '7991792'}
08:38:11 INFO  EnvironmentC8y Setup
08:38:12 INFO  Executed systemctl&lt;serv_mapper1&gt;, exit status 3
08:38:12 INFO  Restarting mosquitto too frequently in the last 10 seconds. It was only up for 5 seconds
08:38:12 INFO  Delaying execution by 6 seconds
08:38:33 INFO  Executed sudo&lt;tedge_connect_c8y&gt;, exit status 0, duration 15 secs
08:38:33 INFO  Executed sudo&lt;tedge_connect_c8y_test&gt;, exit status 0
08:38:34 INFO  Executed systemctl&lt;serv_mosq2&gt;, exit status 0
08:38:34 INFO  Executed systemctl&lt;serv_mapper3&gt;, exit status 0
08:38:37 INFO  State of current operation: FAILED
08:38:37 WARN  SystemError occurred while running test - The Sofware list is empty !!!
Traceback (most recent call last):
  File "/home/pi/env-pysys/lib/python3.7/site-packages/pysys/baserunner.py", line 1292, in __call__
    self.testObj.setup()
  File "/home/pi/actions-runner/_work/thin-edge.io/thin-edge.io/tests/PySys/software_management_end_to_end/sm_apt_install_remove_multiple_mixed/run.py", line 75, in setup
    self.assertThat("False == value", value=self.check_is_installed("asciijump"))
  File "/home/pi/actions-runner/_work/thin-edge.io/thin-edge.io/tests/PySys/software_management_end_to_end/environment_sm_management.py", line 399, in check_is_installed
    raise SystemError("The Sofware list is empty !!!")
SystemError: The Sofware list is empty !!!
08:38:37 WARN  SystemError: The Sofware list is empty !!! ... blocked 
08:38:37 INFO  
08:38:37 INFO  cleanup:
08:38:41 INFO  Executed sudo&lt;tedge_disconnect_c8y&gt;, exit status 0
08:38:42 INFO  Executed systemctl&lt;serv_mapper5&gt;, exit status 3
08:38:42 INFO  
08:38:42 INFO  Test duration: 30.69 secs
08:38:42 INFO  Test final outcome:  BLOCKED
08:38:42 INFO  Test outcome reason: SystemError: The Sofware list is empty !!!
08:38:42 INFO  
</system-out>
	</testcase>
<testcase classname="PySysTest" name="SoftwareManagement.sm_apt_install_remove_multiple_mixed">
		<failure message="BLOCKED: SystemError: Timeout while waiting for status SUCCESSFUL or False" type="BLOCKED" />
		<system-out>09:00:29 INFO  ==============================================================
09:00:29 INFO  Id:    SoftwareManagement.sm_apt_install_remove_multiple_mixed
09:00:29 INFO  Dir:   software_management_end_to_end/
09:00:29 INFO  Title: Validate end to end behaviour for the apt plugin for multiple packages with mixed versions
09:00:29 INFO  ==============================================================
09:00:29 INFO  Using sw id database: {'asciijump': '5475369', 'robotfindskitten': '5474869', 'squirrel3': '5475279', 'rolldice': '5152439', 'moon-buggy': '5439204', 'apple': '5495053', 'banana': '5494888', 'cherry': '5495382', 'watermelon': '5494510', 'registry': '8018911', 'hello-world': '8021526', 'docker/getting-started': '8021973', 'alpine': '7991792'}
09:00:29 INFO  EnvironmentC8y Setup
09:00:30 INFO  Executed systemctl&lt;serv_mapper1&gt;, exit status 3
09:00:30 INFO  Restarting mosquitto too frequently in the last 10 seconds. It was only up for 4 seconds
09:00:30 INFO  Delaying execution by 7 seconds
09:00:51 INFO  Executed sudo&lt;tedge_connect_c8y&gt;, exit status 0, duration 13 secs
09:00:52 INFO  Executed sudo&lt;tedge_connect_c8y_test&gt;, exit status 0
09:00:52 INFO  Executed systemctl&lt;serv_mosq2&gt;, exit status 0
09:00:53 INFO  Executed systemctl&lt;serv_mapper3&gt;, exit status 0
09:00:55 INFO  State of current operation: SUCCESSFUL
09:00:55 INFO  Assert that (False == value) with value=False ... passed
09:00:55 INFO  Assert that (False == value) with value=False ... passed
09:00:56 INFO  Assert that (False == value) with value=False ... passed
09:00:56 INFO  Assert that (False == value) with value=False ... passed
09:00:56 INFO  Assert that (False == value) with value=False ... passed
09:00:57 INFO  Response status: 201
09:00:57 INFO  Response to action: {
    "creationTime": "2022-05-04T09:00:57.656Z",
    "deviceName": "mythica",
    "deviceId": "18347007",
    "self": "https://t493319102.eu-latest.cumulocity.com/devicecontrol/operations/18389155",
    "id": "18389155",
    "status": "PENDING",
    "description": "Apply software changes, triggered from PySys: [{'action': 'install', 'id': '5475369', 'name': 'asciijump', 'url': ' ', 'version': '::apt'}, {'action': 'install', 'id': '5474869', 'name': 'robotfindskitten', 'url': ' ', 'version': ' '}, {'action': 'install', 'id': '5475279', 'name': 'squirrel3', 'url': ' ', 'version': '3.1-7::apt'}, {'action': 'install', 'id': '5152439', 'name': 'rolldice', 'url': ' ', 'version': '1.16-1+b1'}, {'action': 'install', 'id': '5439204', 'name': 'moon-buggy', 'url': ' ', 'version': '1:1.0.51-12'}, {'action': 'install', 'id': '5475369', 'name': 'asciijump', 'url': ' ', 'version': '::apt'}]",
    "c8y_SoftwareUpdate": [
        {
            "name": "asciijump",
            "action": "install",
            "id": "5475369",
            "version": "::apt",
            "url": " "
        },
        {
            "name": "robotfindskitten",
            "action": "install",
            "id": "5474869",
            "version": " ",
            "url": " "
        },
        {
            "name": "squirrel3",
            "action": "install",
            "id": "5475279",
            "version": "3.1-7::apt",
            "url": " "
        },
        {
            "name": "rolldice",
            "action": "install",
            "id": "5152439",
            "version": "1.16-1+b1",
            "url": " "
        },
        {
            "name": "moon-buggy",
            "action": "install",
            "id": "5439204",
            "version": "1:1.0.51-12",
            "url": " "
        },
        {
            "name": "asciijump",
            "action": "install",
            "id": "5475369",
            "version": "::apt",
            "url": " "
        }
    ]
}
09:00:57 INFO  Started operation: {'creationTime': '2022-05-04T09:00:57.656Z', 'deviceName': 'mythica', 'deviceId': '18347007', 'self': 'https://t493319102.eu-latest.cumulocity.com/devicecontrol/operations/18389155', 'id': '18389155', 'status': 'PENDING', 'description': "Apply software changes, triggered from PySys: [{'action': 'install', 'id': '5475369', 'name': 'asciijump', 'url': ' ', 'version': '::apt'}, {'action': 'install', 'id': '5474869', 'name': 'robotfindskitten', 'url': ' ', 'version': ' '}, {'action': 'install', 'id': '5475279', 'name': 'squirrel3', 'url': ' ', 'version': '3.1-7::apt'}, {'action': 'install', 'id': '5152439', 'name': 'rolldice', 'url': ' ', 'version': '1.16-1+b1'}, {'action': 'install', 'id': '5439204', 'name': 'moon-buggy', 'url': ' ', 'version': '1:1.0.51-12'}, {'action': 'install', 'id': '5475369', 'name': 'asciijump', 'url': ' ', 'version': '::apt'}]", 'c8y_SoftwareUpdate': [{'name': 'asciijump', 'action': 'install', 'id': '5475369', 'version': '::apt', 'url': ' '}, {'name': 'robotfindskitten', 'action': 'install', 'id': '5474869', 'version': ' ', 'url': ' '}, {'name': 'squirrel3', 'action': 'install', 'id': '5475279', 'version': '3.1-7::apt', 'url': ' '}, {'name': 'rolldice', 'action': 'install', 'id': '5152439', 'version': '1.16-1+b1', 'url': ' '}, {'name': 'moon-buggy', 'action': 'install', 'id': '5439204', 'version': '1:1.0.51-12', 'url': ' '}, {'name': 'asciijump', 'action': 'install', 'id': '5475369', 'version': '::apt', 'url': ' '}]}
09:00:59 INFO  State of operation 18389155 : PENDING
09:01:02 INFO  State of operation 18389155 : EXECUTING
09:01:04 INFO  State of operation 18389155 : EXECUTING
09:01:06 INFO  State of operation 18389155 : EXECUTING
09:01:08 INFO  State of operation 18389155 : EXECUTING
09:01:11 INFO  State of operation 18389155 : EXECUTING
09:01:13 INFO  State of operation 18389155 : EXECUTING
09:01:16 INFO  State of operation 18389155 : EXECUTING
09:01:18 INFO  State of operation 18389155 : EXECUTING
09:01:21 INFO  State of operation 18389155 : EXECUTING
09:01:23 INFO  State of operation 18389155 : EXECUTING
09:01:25 INFO  State of operation 18389155 : EXECUTING
09:01:28 INFO  State of operation 18389155 : EXECUTING
09:01:30 INFO  State of operation 18389155 : EXECUTING
09:01:32 INFO  State of operation 18389155 : EXECUTING
09:01:34 INFO  State of operation 18389155 : EXECUTING
09:01:37 INFO  State of operation 18389155 : EXECUTING
09:01:39 INFO  State of operation 18389155 : EXECUTING
09:01:42 INFO  State of operation 18389155 : EXECUTING
09:01:44 INFO  State of operation 18389155 : EXECUTING
09:01:46 INFO  State of operation 18389155 : EXECUTING
09:01:48 INFO  State of operation 18389155 : EXECUTING
09:01:51 INFO  State of operation 18389155 : EXECUTING
09:01:53 INFO  State of operation 18389155 : EXECUTING
09:01:56 INFO  State of operation 18389155 : EXECUTING
09:01:59 INFO  State of operation 18389155 : EXECUTING
09:02:01 INFO  State of operation 18389155 : EXECUTING
09:02:04 INFO  State of operation 18389155 : EXECUTING
09:02:06 INFO  State of operation 18389155 : EXECUTING
09:02:09 INFO  State of operation 18389155 : EXECUTING
09:02:11 INFO  State of operation 18389155 : EXECUTING
09:02:13 INFO  State of operation 18389155 : EXECUTING
09:02:15 INFO  State of operation 18389155 : EXECUTING
09:02:18 INFO  State of operation 18389155 : EXECUTING
09:02:20 INFO  State of operation 18389155 : EXECUTING
09:02:22 INFO  State of operation 18389155 : EXECUTING
09:02:24 INFO  State of operation 18389155 : EXECUTING
09:02:27 INFO  State of operation 18389155 : EXECUTING
09:02:29 INFO  State of operation 18389155 : EXECUTING
09:02:32 INFO  State of operation 18389155 : EXECUTING
09:02:34 INFO  State of operation 18389155 : EXECUTING
09:02:37 INFO  State of operation 18389155 : EXECUTING
09:02:39 INFO  State of operation 18389155 : EXECUTING
09:02:41 INFO  State of operation 18389155 : EXECUTING
09:02:43 INFO  State of operation 18389155 : EXECUTING
09:02:46 INFO  State of operation 18389155 : EXECUTING
09:02:48 INFO  State of operation 18389155 : EXECUTING
09:02:50 INFO  State of operation 18389155 : EXECUTING
09:02:53 INFO  State of operation 18389155 : EXECUTING
09:02:55 INFO  State of operation 18389155 : EXECUTING
09:02:58 INFO  State of operation 18389155 : EXECUTING
09:03:01 INFO  State of operation 18389155 : EXECUTING
09:03:03 INFO  State of operation 18389155 : EXECUTING
09:03:05 INFO  State of operation 18389155 : EXECUTING
09:03:08 INFO  State of operation 18389155 : EXECUTING
09:03:10 INFO  State of operation 18389155 : EXECUTING
09:03:13 INFO  State of operation 18389155 : EXECUTING
09:03:15 INFO  State of operation 18389155 : EXECUTING
09:03:17 INFO  State of operation 18389155 : EXECUTING
09:03:20 INFO  State of operation 18389155 : EXECUTING
09:03:22 INFO  State of operation 18389155 : EXECUTING
09:03:24 WARN  SystemError occurred while running test - Timeout while waiting for status SUCCESSFUL or False
Traceback (most recent call last):
  File "/home/pi/env-pysys/lib/python3.7/site-packages/pysys/baserunner.py", line 1294, in __call__
    self.testObj.execute()
  File "/home/pi/actions-runner/_work/thin-edge.io/thin-edge.io/tests/PySys/software_management_end_to_end/sm_apt_install_remove_multiple_mixed/run.py", line 89, in execute
    self.wait_until_succcess()
  File "/home/pi/actions-runner/_work/thin-edge.io/thin-edge.io/tests/PySys/software_management_end_to_end/environment_sm_management.py", line 324, in wait_until_succcess
    self.wait_until_status("SUCCESSFUL")
  File "/home/pi/actions-runner/_work/thin-edge.io/thin-edge.io/tests/PySys/software_management_end_to_end/environment_sm_management.py", line 381, in wait_until_status
    "Timeout while waiting for status %s or %s" % (status, status2)
SystemError: Timeout while waiting for status SUCCESSFUL or False
09:03:24 WARN  SystemError: Timeout while waiting for status SUCCESSFUL or False ... blocked 
09:03:24 INFO  
09:03:24 INFO  cleanup:
09:03:29 INFO  Executed sudo&lt;tedge_disconnect_c8y&gt;, exit status 0
09:03:30 INFO  Executed systemctl&lt;serv_mapper5&gt;, exit status 3
09:03:30 INFO  
09:03:30 INFO  Test duration: 180.65 secs
09:03:30 INFO  Test final outcome:  BLOCKED
09:03:30 INFO  Test outcome reason: SystemError: Timeout while waiting for status SUCCESSFUL or False
09:03:30 INFO  
</system-out>
	</testcase>
</testsuite><testsuite name="SoftwareManagement.sm_apt_install_remove_with_version" tests="3" errors="0" failures="1" skipped="1" time="0"><testcase classname="PySysTest" name="SoftwareManagement.sm_apt_install_remove_with_version">
		<skipped message="SKIPPED: Testing the apt plugin is not supported on this platform.Use parameter -XmyPlatform='container' to enable it" />
		<system-out>08:09:46 INFO  ==============================================================
08:09:46 INFO  Id:    SoftwareManagement.sm_apt_install_remove_with_version
08:09:46 INFO  Dir:   software_management_end_to_end/
08:09:46 INFO  Title: Validate end to end behaviour for the apt plugin for packages with version
08:09:46 INFO  ==============================================================
08:09:46 INFO  Testing the apt plugin is not supported on this platform.Use parameter -XmyPlatform='container' to enable it ... skipped
08:09:46 WARN  Aborted test due to SKIPPED outcome
08:09:46 INFO  
08:09:46 INFO  Test duration: 0.02 secs
08:09:46 INFO  Test final outcome:  SKIPPED
08:09:46 INFO  Test outcome reason: Testing the apt plugin is not supported on this platform.Use parameter -XmyPlatform='container' to enable it
08:09:46 INFO  
</system-out>
	</testcase>
<testcase classname="PySysTest" name="SoftwareManagement.sm_apt_install_remove_with_version">
		<failure message="BLOCKED: SystemError: The Sofware list is empty !!!" type="BLOCKED" />
		<system-out>08:38:42 INFO  ==============================================================
08:38:42 INFO  Id:    SoftwareManagement.sm_apt_install_remove_with_version
08:38:42 INFO  Dir:   software_management_end_to_end/
08:38:42 INFO  Title: Validate end to end behaviour for the apt plugin for packages with version
08:38:42 INFO  ==============================================================
08:38:42 INFO  Using sw id database: {'asciijump': '5475369', 'robotfindskitten': '5474869', 'squirrel3': '5475279', 'rolldice': '5152439', 'moon-buggy': '5439204', 'apple': '5495053', 'banana': '5494888', 'cherry': '5495382', 'watermelon': '5494510', 'registry': '8018911', 'hello-world': '8021526', 'docker/getting-started': '8021973', 'alpine': '7991792'}
08:38:42 INFO  EnvironmentC8y Setup
08:38:42 INFO  Executed systemctl&lt;serv_mapper1&gt;, exit status 3
08:38:42 INFO  Restarting mosquitto too frequently in the last 10 seconds. It was only up for 5 seconds
08:38:42 INFO  Delaying execution by 6 seconds
08:39:02 INFO  Executed sudo&lt;tedge_connect_c8y&gt;, exit status 0, duration 13 secs
08:39:03 INFO  Executed sudo&lt;tedge_connect_c8y_test&gt;, exit status 0
08:39:03 INFO  Executed systemctl&lt;serv_mosq2&gt;, exit status 0
08:39:04 INFO  Executed systemctl&lt;serv_mapper3&gt;, exit status 0
08:39:06 INFO  State of current operation: FAILED
08:39:06 WARN  SystemError occurred while running test - The Sofware list is empty !!!
Traceback (most recent call last):
  File "/home/pi/env-pysys/lib/python3.7/site-packages/pysys/baserunner.py", line 1292, in __call__
    self.testObj.setup()
  File "/home/pi/actions-runner/_work/thin-edge.io/thin-edge.io/tests/PySys/software_management_end_to_end/sm_apt_install_remove_with_version/run.py", line 29, in setup
    self.assertThat("False == value", value=self.check_is_installed("rolldice"))
  File "/home/pi/actions-runner/_work/thin-edge.io/thin-edge.io/tests/PySys/software_management_end_to_end/environment_sm_management.py", line 399, in check_is_installed
    raise SystemError("The Sofware list is empty !!!")
SystemError: The Sofware list is empty !!!
08:39:06 WARN  SystemError: The Sofware list is empty !!! ... blocked 
08:39:06 INFO  
08:39:06 INFO  cleanup:
08:39:10 INFO  Executed sudo&lt;tedge_disconnect_c8y&gt;, exit status 0
08:39:11 INFO  Executed systemctl&lt;serv_mapper5&gt;, exit status 3
08:39:11 INFO  
08:39:11 INFO  Test duration: 29.43 secs
08:39:11 INFO  Test final outcome:  BLOCKED
08:39:11 INFO  Test outcome reason: SystemError: The Sofware list is empty !!!
08:39:11 INFO  
</system-out>
	</testcase>
<testcase classname="PySysTest" name="SoftwareManagement.sm_apt_install_remove_with_version" />
</testsuite><testsuite name="SoftwareManagement.sm_docker_install_remove_multiple" tests="3" errors="0" failures="0" skipped="1" time="0"><testcase classname="SMDockerInstallRemove" name="SoftwareManagement.sm_docker_install_remove_multiple">
		<skipped message="SKIPPED: Testing the apt plugin is not supported on this platform.Use parameter -XmyPlatform='container' to enable it" />
		<system-out>08:09:46 INFO  ==============================================================
08:09:46 INFO  Id:    SoftwareManagement.sm_docker_install_remove_multiple
08:09:46 INFO  Dir:   software_management_end_to_end/
08:09:46 INFO  Title: Validate end to end behaviour for the docker plugin for multiple docker images with mixed versions
08:09:46 INFO  ==============================================================
08:09:46 INFO  Testing the apt plugin is not supported on this platform.Use parameter -XmyPlatform='container' to enable it ... skipped
08:09:46 WARN  Aborted test due to SKIPPED outcome
08:09:46 INFO  
08:09:46 INFO  Test duration: 0.03 secs
08:09:46 INFO  Test final outcome:  SKIPPED
08:09:46 INFO  Test outcome reason: Testing the apt plugin is not supported on this platform.Use parameter -XmyPlatform='container' to enable it
08:09:46 INFO  
</system-out>
	</testcase>
<testcase classname="SMDockerInstallRemove" name="SoftwareManagement.sm_docker_install_remove_multiple" />
<testcase classname="SMDockerInstallRemove" name="SoftwareManagement.sm_docker_install_remove_multiple" />
</testsuite><testsuite name="SoftwareManagement.sm_fake_install_remove" tests="2" errors="0" failures="0" skipped="1" time="0"><testcase classname="PySysTest" name="SoftwareManagement.sm_fake_install_remove">
		<skipped message="SKIPPED: Testing the fake plugin is not enabled.Use parameter -Xfakeplugin=fakeplugin to enable it" />
		<system-out>08:09:46 INFO  ==============================================================
08:09:46 INFO  Id:    SoftwareManagement.sm_fake_install_remove
08:09:46 INFO  Dir:   software_management_end_to_end/
08:09:46 INFO  Title: Validate end to end behaviour for the dummy plugin for installation and removal of packages
08:09:46 INFO  ==============================================================
08:09:46 INFO  Testing the fake plugin is not enabled.Use parameter -Xfakeplugin=fakeplugin to enable it ... skipped
08:09:46 WARN  Aborted test due to SKIPPED outcome
08:09:46 INFO  
08:09:46 INFO  Test duration: 0.02 secs
08:09:46 INFO  Test final outcome:  SKIPPED
08:09:46 INFO  Test outcome reason: Testing the fake plugin is not enabled.Use parameter -Xfakeplugin=fakeplugin to enable it
08:09:46 INFO  
</system-out>
	</testcase>
<testcase classname="PySysTest" name="SoftwareManagement.sm_fake_install_remove" />
</testsuite><testsuite name="SoftwareManagement.sm_fake_install_remove_multiple" tests="2" errors="0" failures="0" skipped="1" time="0"><testcase classname="PySysTest" name="SoftwareManagement.sm_fake_install_remove_multiple">
		<skipped message="SKIPPED: Testing the fake plugin is not enabled.Use parameter -Xfakeplugin=fakeplugin to enable it" />
		<system-out>08:09:46 INFO  ==============================================================
08:09:46 INFO  Id:    SoftwareManagement.sm_fake_install_remove_multiple
08:09:46 INFO  Dir:   software_management_end_to_end/
08:09:46 INFO  Title: Validate end to end behaviour for the dummy-plugin for multiple packages
08:09:46 INFO  ==============================================================
08:09:46 INFO  Testing the fake plugin is not enabled.Use parameter -Xfakeplugin=fakeplugin to enable it ... skipped
08:09:46 WARN  Aborted test due to SKIPPED outcome
08:09:46 INFO  
08:09:46 INFO  Test duration: 0.02 secs
08:09:46 INFO  Test final outcome:  SKIPPED
08:09:46 INFO  Test outcome reason: Testing the fake plugin is not enabled.Use parameter -Xfakeplugin=fakeplugin to enable it
08:09:46 INFO  
</system-out>
	</testcase>
<testcase classname="PySysTest" name="SoftwareManagement.sm_fake_install_remove_multiple" />
</testsuite><testsuite name="SoftwareManagement.sm_mapper_fail_and_reconnect" tests="2" errors="0" failures="0" skipped="2" time="0"><testcase classname="MapperC8yReceiveLastMessageOnRestart" name="SoftwareManagement.sm_mapper_fail_and_reconnect">
		<skipped message="SKIPPED: instable https://github.com/thin-edge/thin-edge.io/issues/752" />
		<system-out>08:09:46 INFO  ==============================================================
08:09:46 INFO  Id:    SoftwareManagement.sm_mapper_fail_and_reconnect
08:09:46 INFO  Dir:   software_management_end_to_end/
08:09:46 INFO  Title: Validate the tedge-mapper-sm-c8y for receiving the last message on restart
08:09:46 INFO  ==============================================================
08:09:46 INFO  instable https://github.com/thin-edge/thin-edge.io/issues/752 ... skipped
08:09:46 INFO  
08:09:46 INFO  Test duration: 0.02 secs
08:09:46 INFO  Test final outcome:  SKIPPED
08:09:46 INFO  Test outcome reason: instable https://github.com/thin-edge/thin-edge.io/issues/752
08:09:46 INFO  
</system-out>
	</testcase>
<testcase classname="MapperC8yReceiveLastMessageOnRestart" name="SoftwareManagement.sm_mapper_fail_and_reconnect">
		<skipped message="SKIPPED: instable https://github.com/thin-edge/thin-edge.io/issues/752" />
		<system-out>09:10:32 INFO  ==============================================================
09:10:32 INFO  Id:    SoftwareManagement.sm_mapper_fail_and_reconnect
09:10:32 INFO  Dir:   software_management_end_to_end/
09:10:32 INFO  Title: Validate the tedge-mapper-sm-c8y for receiving the last message on restart
09:10:32 INFO  ==============================================================
09:10:32 INFO  instable https://github.com/thin-edge/thin-edge.io/issues/752 ... skipped
09:10:32 INFO  
09:10:32 INFO  Test duration: 0.23 secs
09:10:32 INFO  Test final outcome:  SKIPPED
09:10:32 INFO  Test outcome reason: instable https://github.com/thin-edge/thin-edge.io/issues/752
09:10:32 INFO  
</system-out>
	</testcase>
</testsuite><testsuite name="SoftwareManagement.sm_mixed_install_remove_multiple" tests="2" errors="0" failures="1" skipped="1" time="0"><testcase classname="PySysTest" name="SoftwareManagement.sm_mixed_install_remove_multiple">
		<skipped message="SKIPPED: Testing the fake plugin is not enabled.Use parameter -Xfakeplugin=fakeplugin to enable it" />
		<system-out>08:09:46 INFO  ==============================================================
08:09:46 INFO  Id:    SoftwareManagement.sm_mixed_install_remove_multiple
08:09:46 INFO  Dir:   software_management_end_to_end/
08:09:46 INFO  Title: Validate end to end behaviour for the dummy-plugin for multiple packages with mixed versions
08:09:46 INFO  ==============================================================
08:09:46 INFO  Testing the fake plugin is not enabled.Use parameter -Xfakeplugin=fakeplugin to enable it ... skipped
08:09:46 WARN  Aborted test due to SKIPPED outcome
08:09:46 INFO  
08:09:46 INFO  Test duration: 0.02 secs
08:09:46 INFO  Test final outcome:  SKIPPED
08:09:46 INFO  Test outcome reason: Testing the fake plugin is not enabled.Use parameter -Xfakeplugin=fakeplugin to enable it
08:09:46 INFO  
</system-out>
	</testcase>
<testcase classname="PySysTest" name="SoftwareManagement.sm_mixed_install_remove_multiple">
		<failure message="FAILED: Assert that (False == value) with value=True" type="FAILED" />
		<system-out>09:10:32 INFO  ==============================================================
09:10:32 INFO  Id:    SoftwareManagement.sm_mixed_install_remove_multiple
09:10:32 INFO  Dir:   software_management_end_to_end/
09:10:32 INFO  Title: Validate end to end behaviour for the dummy-plugin for multiple packages with mixed versions
09:10:32 INFO  ==============================================================
09:10:32 INFO  Using sw id database: {'asciijump': '5475369', 'robotfindskitten': '5474869', 'squirrel3': '5475279', 'rolldice': '5152439', 'moon-buggy': '5439204', 'apple': '5495053', 'banana': '5494888', 'cherry': '5495382', 'watermelon': '5494510', 'registry': '8018911', 'hello-world': '8021526', 'docker/getting-started': '8021973', 'alpine': '7991792'}
09:10:32 INFO  EnvironmentC8y Setup
09:10:33 INFO  Executed systemctl&lt;serv_mapper1&gt;, exit status 3
09:10:33 INFO  Restarting mosquitto too frequently in the last 10 seconds. It was only up for 5 seconds
09:10:33 INFO  Delaying execution by 6 seconds
09:10:53 INFO  Executed sudo&lt;tedge_connect_c8y&gt;, exit status 0, duration 14 secs
09:10:54 INFO  Executed sudo&lt;tedge_connect_c8y_test&gt;, exit status 0
09:10:54 INFO  Executed systemctl&lt;serv_mosq2&gt;, exit status 0
09:10:55 INFO  Executed systemctl&lt;serv_mapper3&gt;, exit status 0
09:10:57 INFO  State of current operation: SUCCESSFUL
09:10:57 INFO  Package apple is installed
09:10:57 INFO  Assert that (True == value) with value=True ... passed
09:10:58 INFO  Package banana is installed
09:10:58 INFO  Assert that (True == value) with value=True ... passed
09:10:58 INFO  Package cherry is installed
09:10:58 INFO  Assert that (True == value) with value=True ... passed
09:10:58 INFO  Package asciijump is installed
09:10:58 WARN  Assert that (False == value) with value=True ... failed 
09:10:58 INFO  Assert that (False == value) with value=False ... passed
09:10:59 INFO  Response status: 201
09:10:59 INFO  Response to action: {
    "creationTime": "2022-05-04T09:10:59.037Z",
    "deviceName": "mythica",
    "deviceId": "18347007",
    "self": "https://t493319102.eu-latest.cumulocity.com/devicecontrol/operations/18389354",
    "id": "18389354",
    "status": "PENDING",
    "description": "Apply software changes, triggered from PySys: [{'action': 'install', 'id': '5495053', 'name': 'apple', 'url': ' ', 'version': '::fruits'}, {'action': 'install', 'id': '5494888', 'name': 'banana', 'url': ' ', 'version': '::fruits'}, {'action': 'install', 'id': '5475369', 'name': 'asciijump', 'url': ' ', 'version': '::apt'}, {'action': 'install', 'id': '5495382', 'name': 'cherry', 'url': ' ', 'version': '::fruits'}, {'action': 'install', 'id': '8018911', 'name': 'registry', 'url': ' ', 'version': '::docker'}]",
    "c8y_SoftwareUpdate": [
        {
            "name": "apple",
            "action": "install",
            "id": "5495053",
            "version": "::fruits",
            "url": " "
        },
        {
            "name": "banana",
            "action": "install",
            "id": "5494888",
            "version": "::fruits",
            "url": " "
        },
        {
            "name": "asciijump",
            "action": "install",
            "id": "5475369",
            "version": "::apt",
            "url": " "
        },
        {
            "name": "cherry",
            "action": "install",
            "id": "5495382",
            "version": "::fruits",
            "url": " "
        },
        {
            "name": "registry",
            "action": "install",
            "id": "8018911",
            "version": "::docker",
            "url": " "
        }
    ]
}
09:10:59 INFO  Started operation: {'creationTime': '2022-05-04T09:10:59.037Z', 'deviceName': 'mythica', 'deviceId': '18347007', 'self': 'https://t493319102.eu-latest.cumulocity.com/devicecontrol/operations/18389354', 'id': '18389354', 'status': 'PENDING', 'description': "Apply software changes, triggered from PySys: [{'action': 'install', 'id': '5495053', 'name': 'apple', 'url': ' ', 'version': '::fruits'}, {'action': 'install', 'id': '5494888', 'name': 'banana', 'url': ' ', 'version': '::fruits'}, {'action': 'install', 'id': '5475369', 'name': 'asciijump', 'url': ' ', 'version': '::apt'}, {'action': 'install', 'id': '5495382', 'name': 'cherry', 'url': ' ', 'version': '::fruits'}, {'action': 'install', 'id': '8018911', 'name': 'registry', 'url': ' ', 'version': '::docker'}]", 'c8y_SoftwareUpdate': [{'name': 'apple', 'action': 'install', 'id': '5495053', 'version': '::fruits', 'url': ' '}, {'name': 'banana', 'action': 'install', 'id': '5494888', 'version': '::fruits', 'url': ' '}, {'name': 'asciijump', 'action': 'install', 'id': '5475369', 'version': '::apt', 'url': ' '}, {'name': 'cherry', 'action': 'install', 'id': '5495382', 'version': '::fruits', 'url': ' '}, {'name': 'registry', 'action': 'install', 'id': '8018911', 'version': '::docker', 'url': ' '}]}
09:11:01 INFO  State of operation 18389354 : PENDING
09:11:03 INFO  State of operation 18389354 : EXECUTING
09:11:05 INFO  State of operation 18389354 : EXECUTING
09:11:08 INFO  State of operation 18389354 : EXECUTING
09:11:10 INFO  State of operation 18389354 : EXECUTING
09:11:12 INFO  State of operation 18389354 : EXECUTING
09:11:14 INFO  State of operation 18389354 : EXECUTING
09:11:17 INFO  State of operation 18389354 : EXECUTING
09:11:20 INFO  State of operation 18389354 : EXECUTING
09:11:22 INFO  State of operation 18389354 : EXECUTING
09:11:24 INFO  State of operation 18389354 : EXECUTING
09:11:27 INFO  State of operation 18389354 : EXECUTING
09:11:29 INFO  State of operation 18389354 : EXECUTING
09:11:31 INFO  State of operation 18389354 : EXECUTING
09:11:33 INFO  State of operation 18389354 : EXECUTING
09:11:36 INFO  State of operation 18389354 : EXECUTING
09:11:38 INFO  State of operation 18389354 : EXECUTING
09:11:40 INFO  State of operation 18389354 : EXECUTING
09:11:43 INFO  State of operation 18389354 : EXECUTING
09:11:45 INFO  State of operation 18389354 : EXECUTING
09:11:47 INFO  State of operation 18389354 : EXECUTING
09:11:50 INFO  State of operation 18389354 : EXECUTING
09:11:52 INFO  State of operation 18389354 : EXECUTING
09:11:54 INFO  State of operation 18389354 : EXECUTING
09:11:57 INFO  State of operation 18389354 : EXECUTING
09:11:59 INFO  State of operation 18389354 : EXECUTING
09:12:01 INFO  State of operation 18389354 : SUCCESSFUL
09:12:01 INFO  Package apple is installed
09:12:01 INFO  Assert that (True == value) with value=True ... passed
09:12:02 INFO  Package banana is installed
09:12:02 INFO  Assert that (True == value) with value=True ... passed
09:12:02 INFO  Package cherry is installed
09:12:02 INFO  Assert that (True == value) with value=True ... passed
09:12:02 INFO  Package asciijump is installed
09:12:02 INFO  Assert that (True == value) with value=True ... passed
09:12:02 INFO  Package registry is installed
09:12:02 INFO  Assert that (True == value) with value=True ... passed
09:12:03 INFO  Response status: 201
09:12:03 INFO  Response to action: {
    "creationTime": "2022-05-04T09:12:02.967Z",
    "deviceName": "mythica",
    "deviceId": "18347007",
    "self": "https://t493319102.eu-latest.cumulocity.com/devicecontrol/operations/18389367",
    "id": "18389367",
    "status": "PENDING",
    "description": "Apply software changes, triggered from PySys: [{'action': 'delete', 'id': '5495053', 'name': 'apple', 'url': ' ', 'version': '::fruits'}, {'action': 'delete', 'id': '5494888', 'name': 'banana', 'url': ' ', 'version': '::fruits'}, {'action': 'delete', 'id': '5475369', 'name': 'asciijump', 'url': ' ', 'version': '::apt'}, {'action': 'delete', 'id': '5495382', 'name': 'cherry', 'url': ' ', 'version': '::fruits'}, {'action': 'delete', 'id': '8018911', 'name': 'registry', 'url': ' ', 'version': '::docker'}]",
    "c8y_SoftwareUpdate": [
        {
[...]
</testsuite><testsuite name="docker_plugin_remove_with_version" tests="2" errors="0" failures="0" skipped="1" time="0"><testcase classname="DockerPluginRemoveWithVersionTest" name="docker_plugin_remove_with_version">
		<skipped message="SKIPPED: Testing the docker plugin is not supported on this platform.To run it, all the test with -XmyPlatform='container'" />
		<system-out>08:00:03 INFO  ==============================================================
08:00:03 INFO  Id:    docker_plugin_remove_with_version
08:00:03 INFO  Dir:   plugin_docker/
08:00:03 INFO  Title: Validate docker plugin remove with version
08:00:03 INFO  ==============================================================
08:00:03 INFO  Testing the docker plugin is not supported on this platform.To run it, all the test with -XmyPlatform='container' ... skipped
08:00:03 WARN  Aborted test due to SKIPPED outcome
08:00:03 INFO  
08:00:03 INFO  Test duration: 0.02 secs
08:00:03 INFO  Test final outcome:  SKIPPED
08:00:03 INFO  Test outcome reason: Testing the docker plugin is not supported on this platform.To run it, all the test with -XmyPlatform='container'
08:00:03 INFO  
</system-out>
	</testcase>
<testcase classname="DockerPluginRemoveWithVersionTest" name="docker_plugin_remove_with_version" />
</testsuite><testsuite name="docker_plugin_update" tests="2" errors="0" failures="0" skipped="1" time="0"><testcase classname="DockerPluginUpdateTest" name="docker_plugin_update">
		<skipped message="SKIPPED: Testing the docker plugin is not supported on this platform.To run it, all the test with -XmyPlatform='container'" />
		<system-out>08:00:03 INFO  ==============================================================
08:00:03 INFO  Id:    docker_plugin_update
08:00:03 INFO  Dir:   plugin_docker/
08:00:03 INFO  Title: Validate docker plugin install updates existing containers
08:00:03 INFO  ==============================================================
08:00:03 INFO  Testing the docker plugin is not supported on this platform.To run it, all the test with -XmyPlatform='container' ... skipped
08:00:03 WARN  Aborted test due to SKIPPED outcome
08:00:03 INFO  
08:00:03 INFO  Test duration: 0.02 secs
08:00:03 INFO  Test final outcome:  SKIPPED
08:00:03 INFO  Test outcome reason: Testing the docker plugin is not supported on this platform.To run it, all the test with -XmyPlatform='container'
08:00:03 INFO  
</system-out>
	</testcase>
<testcase classname="DockerPluginUpdateTest" name="docker_plugin_update" />
</testsuite><testsuite name="invalid_device_id" tests="1" errors="0" failures="0" skipped="0" time="0"><testcase classname="InvalidDeviceId" name="invalid_device_id" />
</testsuite><testsuite name="local_mqtt_pub_fail_noqos" tests="1" errors="0" failures="0" skipped="0" time="0"><testcase classname="PySysTest" name="local_mqtt_pub_fail_noqos" />
</testsuite><testsuite name="local_mqtt_pub_fail_qos0" tests="1" errors="0" failures="0" skipped="0" time="0"><testcase classname="PySysTest" name="local_mqtt_pub_fail_qos0" />
</testsuite><testsuite name="local_mqtt_pub_fail_qos1" tests="1" errors="0" failures="0" skipped="0" time="0"><testcase classname="PySysTest" name="local_mqtt_pub_fail_qos1" />
</testsuite><testsuite name="local_mqtt_pub_fail_qos2" tests="1" errors="0" failures="0" skipped="0" time="0"><testcase classname="PySysTest" name="local_mqtt_pub_fail_qos2" />
</testsuite><testsuite name="local_mqtt_pub_sub" tests="1" errors="0" failures="0" skipped="0" time="0"><testcase classname="PySysTest" name="local_mqtt_pub_sub" />
</testsuite><testsuite name="local_mqtt_pub_sub_retain" tests="1" errors="0" failures="0" skipped="0" time="0"><testcase classname="MqttPublishWithRetain" name="local_mqtt_pub_sub_retain" />
</testsuite><testsuite name="local_mqtt_pub_sub_with_sudo" tests="1" errors="0" failures="0" skipped="0" time="0"><testcase classname="PySysTest" name="local_mqtt_pub_sub_with_sudo" />
</testsuite><testsuite name="local_mqtt_sub_fail" tests="1" errors="0" failures="0" skipped="0" time="0"><testcase classname="PySysTest" name="local_mqtt_sub_fail" />
</testsuite><testsuite name="log_request_error_messages" tests="1" errors="0" failures="0" skipped="1" time="0"><testcase classname="LogRequestVerifySearchTextError" name="log_request_error_messages">
		<skipped message="SKIPPED: Test execution disabled due to #1123" />
		<system-out>07:57:51 INFO  ==============================================================
07:57:51 INFO  Id:    log_request_error_messages
07:57:51 INFO  Dir:   log_request_end_to_end/
07:57:51 INFO  Title: Validate end to end behaviour for the log request operation check for error messages
07:57:51 INFO  ==============================================================
07:57:53 INFO  Test execution disabled due to #1123 ... skipped
07:57:53 INFO  
07:57:53 INFO  Test duration: 1.51 secs
07:57:53 INFO  Test final outcome:  SKIPPED
07:57:53 INFO  Test outcome reason: Test execution disabled due to #1123
07:57:53 INFO  
</system-out>
	</testcase>
</testsuite><testsuite name="log_request_num_lines" tests="1" errors="0" failures="1" skipped="0" time="0"><testcase classname="LogRequestVerifyNumberOfLines" name="log_request_num_lines">
		<failure message="FAILED: Assert that (True == value) with value=False" type="FAILED" />
		<system-out>07:57:53 INFO  ==============================================================
07:57:53 INFO  Id:    log_request_num_lines
07:57:53 INFO  Dir:   log_request_end_to_end/
07:57:53 INFO  Title: Validate end to end behaviour for the log request operation check for number of lines
07:57:53 INFO  ==============================================================
07:57:53 INFO  EnvironmentC8y Setup
07:57:54 INFO  Executed systemctl&lt;serv_mapper1&gt;, exit status 3
07:57:54 INFO  Restarting mosquitto too frequently in the last 10 seconds. It was only up for 3 seconds
07:57:54 INFO  Delaying execution by 8 seconds
07:58:16 INFO  Executed sudo&lt;tedge_connect_c8y&gt;, exit status 0, duration 14 secs
07:58:17 INFO  Executed sudo&lt;tedge_connect_c8y_test&gt;, exit status 0
07:58:17 INFO  Executed systemctl&lt;serv_mosq2&gt;, exit status 0
07:58:18 INFO  Executed systemctl&lt;serv_mapper3&gt;, exit status 0
07:58:18 INFO  Executed sudo&lt;rm_logs&gt;, exit status 0
07:58:19 INFO  Executed sudo&lt;move_logs&gt;, exit status 0
07:58:19 INFO  log response None
07:58:19 WARN  retry, retrying in 1 seconds...
07:58:21 INFO  log response https://thin-edge-io.eu-latest.cumulocity.com/event/events/18350241/binaries
07:58:21 INFO  nlines 0
07:58:22 WARN  Assert that (True == value) with value=False ... failed [run.py:44]
07:58:22 INFO  
07:58:22 INFO  cleanup:
07:58:22 INFO  Executed sudo&lt;rm_logs&gt;, exit status 0
07:58:23 INFO  Executed sudo&lt;rm_tmp_logs&gt;, exit status 0
07:58:23 INFO  Executed sudo&lt;send_failed&gt;, exit status 0
07:58:27 INFO  Executed sudo&lt;tedge_disconnect_c8y&gt;, exit status 0
07:58:28 INFO  Executed systemctl&lt;serv_mapper5&gt;, exit status 3
07:58:28 INFO  
07:58:28 INFO  Test duration: 34.91 secs
07:58:28 INFO  Test final outcome:  FAILED
07:58:28 INFO  Test outcome reason: Assert that (True == value) with value=False
07:58:28 INFO  
</system-out>
	</testcase>
</testsuite><testsuite name="mapper_awaits_before_reconnect" tests="1" errors="0" failures="0" skipped="0" time="0"><testcase classname="MapperReconnectAwait" name="mapper_awaits_before_reconnect" />
</testsuite><testsuite name="monitoring_smaller_interval" tests="1" errors="0" failures="0" skipped="1" time="0"><testcase classname="MonitoringSmallInterval" name="monitoring_smaller_interval">
		<skipped message="SKIPPED: Fails due to retained message" />
		<system-out>07:59:57 INFO  ==============================================================
07:59:57 INFO  Id:    monitoring_smaller_interval
07:59:57 INFO  Dir:   monitoring/
07:59:57 INFO  Title: Validate the tedge dm agent messages that are produced with smaller sampling interval than the batching window. Here the simulated collectd messages are used
07:59:57 INFO  ==============================================================
07:59:58 INFO  Fails due to retained message ... skipped
07:59:58 INFO  
07:59:58 INFO  Test duration: 0.03 secs
07:59:58 INFO  Test final outcome:  SKIPPED
07:59:58 INFO  Test outcome reason: Fails due to retained message
07:59:58 INFO  
</system-out>
	</testcase>
</testsuite><testsuite name="monitoring_with_collectd" tests="1" errors="0" failures="0" skipped="1" time="0"><testcase classname="MonitoringWithCollectd" name="monitoring_with_collectd">
		<skipped message="SKIPPED: Test execution disabled due to #792 (instable)" />
		<system-out>07:59:58 INFO  ==============================================================
07:59:58 INFO  Id:    monitoring_with_collectd
07:59:58 INFO  Dir:   monitoring/
07:59:58 INFO  Title: Validate tedge dm agent messages that are produced by batching the collectd messages
07:59:58 INFO  ==============================================================
07:59:58 INFO  Test execution disabled due to #792 (instable) ... skipped
07:59:58 INFO  
07:59:58 INFO  Test duration: 0.02 secs
07:59:58 INFO  Test final outcome:  SKIPPED
07:59:58 INFO  Test outcome reason: Test execution disabled due to #792 (instable)
07:59:58 INFO  
</system-out>
	</testcase>
</testsuite><testsuite name="monitoring_with_simulated_messages" tests="1" errors="0" failures="0" skipped="1" time="0"><testcase classname="MonitoringWithSimulatedMessages" name="monitoring_with_simulated_messages">
		<skipped message="SKIPPED: Fails due to retained message" />
		<system-out>07:59:58 INFO  ==============================================================
07:59:58 INFO  Id:    monitoring_with_simulated_messages
07:59:58 INFO  Dir:   monitoring/
07:59:58 INFO  Title: Validate the tedge dm agent messages that are produced from the simulated collectd messages
07:59:58 INFO  ==============================================================
07:59:58 INFO  Fails due to retained message ... skipped
07:59:58 INFO  
07:59:58 INFO  Test duration: 0.02 secs
07:59:58 INFO  Test final outcome:  SKIPPED
07:59:58 INFO  Test outcome reason: Fails due to retained message
07:59:58 INFO  
</system-out>
	</testcase>
</testsuite><testsuite name="mqtt_port_change_connection_fails" tests="1" errors="0" failures="0" skipped="0" time="0"><testcase classname="MqttPortChangeConnectionFails" name="mqtt_port_change_connection_fails" />
</testsuite><testsuite name="mqtt_port_change_connection_works" tests="1" errors="0" failures="0" skipped="1" time="0"><testcase classname="MqttPortChangeConnectionWorks" name="mqtt_port_change_connection_works">
		<skipped message="SKIPPED: failing intermitently" />
		<system-out>07:59:03 INFO  ==============================================================
07:59:03 INFO  Id:    mqtt_port_change_connection_works
07:59:03 INFO  Dir:   misc_features/
07:59:03 INFO  Title: mqtt port change connection works for all the thin-edge services that use the mosquitto broker
07:59:03 INFO  ==============================================================
07:59:03 INFO  failing intermitently ... skipped
07:59:03 INFO  
07:59:03 INFO  Test duration: 0.03 secs
07:59:03 INFO  Test final outcome:  SKIPPED
07:59:03 INFO  Test outcome reason: failing intermitently
07:59:03 INFO  
</system-out>
	</testcase>
</testsuite><testsuite name="mqtt_port_set" tests="1" errors="0" failures="0" skipped="0" time="0"><testcase classname="MqttPortSet" name="mqtt_port_set" />
</testsuite><testsuite name="mqtt_port_unset" tests="1" errors="0" failures="0" skipped="0" time="0"><testcase classname="MqttPortUnSet" name="mqtt_port_unset" />
</testsuite><testsuite name="publish_flux" tests="1" errors="0" failures="0" skipped="0" time="0"><testcase classname="PublishFlux" name="publish_flux" />
</testsuite><testsuite name="publish_sawmill" tests="1" errors="0" failures="0" skipped="0" time="0"><testcase classname="PublishSawmill" name="publish_sawmill" />
</testsuite><testsuite name="pysys_block" tests="1" errors="0" failures="0" skipped="1" time="0"><testcase classname="Fail" name="pysys_block">
		<skipped message="SKIPPED: Enable this to observe a blocking test" />
		<system-out>07:59:25 INFO  ==============================================================
07:59:25 INFO  Id:    pysys_block
07:59:25 INFO  Dir:   misc_features/
07:59:25 INFO  Title: fail
07:59:25 INFO  ==============================================================
07:59:25 INFO  Enable this to observe a blocking test ... skipped
07:59:25 INFO  
07:59:25 INFO  Test duration: 0.02 secs
07:59:25 INFO  Test final outcome:  SKIPPED
07:59:25 INFO  Test outcome reason: Enable this to observe a blocking test
07:59:25 INFO  
</system-out>
	</testcase>
</testsuite><testsuite name="pysys_fail" tests="1" errors="0" failures="0" skipped="1" time="0"><testcase classname="Fail" name="pysys_fail">
		<skipped message="SKIPPED: Enable this to observe a failing test" />
		<system-out>07:59:25 INFO  ==============================================================
07:59:25 INFO  Id:    pysys_fail
07:59:25 INFO  Dir:   misc_features/
07:59:25 INFO  Title: fail
07:59:25 INFO  ==============================================================
07:59:25 INFO  Enable this to observe a failing test ... skipped
07:59:25 INFO  
07:59:25 INFO  Test duration: 0.02 secs
07:59:25 INFO  Test final outcome:  SKIPPED
07:59:25 INFO  Test outcome reason: Enable this to observe a failing test
07:59:25 INFO  
</system-out>
	</testcase>
</testsuite><testsuite name="runtime_start_two_mappers" tests="1" errors="0" failures="0" skipped="1" time="0"><testcase classname="RuntimeMultiMappers" name="runtime_start_two_mappers">
		<skipped message="SKIPPED: Test execution disabled due to #1124" />
		<system-out>08:13:29 INFO  ==============================================================
08:13:29 INFO  Id:    runtime_start_two_mappers
08:13:29 INFO  Dir:   tedge_mapper_c8y/
08:13:29 INFO  Title: Validate two mappers can't be started at the same time
08:13:29 INFO  ==============================================================
08:13:29 INFO  Test execution disabled due to #1124 ... skipped
08:13:29 INFO  
08:13:29 INFO  Test duration: 0.03 secs
08:13:29 INFO  Test final outcome:  SKIPPED
08:13:29 INFO  Test outcome reason: Test execution disabled due to #1124
08:13:29 INFO  
</system-out>
	</testcase>
</testsuite><testsuite name="sm_tedge_mapper_init_session" tests="1" errors="0" failures="0" skipped="0" time="0"><testcase classname="TedgeSMMapperInitSession" name="sm_tedge_mapper_init_session" />
</testsuite><testsuite name="smoketest_json" tests="1" errors="0" failures="0" skipped="0" time="0"><testcase classname="SmokeTestJson" name="smoketest_json" />
</testsuite><testsuite name="smoketest_json_400_samples_10ms" tests="1" errors="0" failures="0" skipped="0" time="0"><testcase classname="SmoketestJson400Samples10ms" name="smoketest_json_400_samples_10ms" />
</testsuite><testsuite name="smoketest_json_400_samples_20ms" tests="1" errors="0" failures="0" skipped="0" time="0"><testcase classname="SmoketestJson400Samples20ms" name="smoketest_json_400_samples_20ms" />
</testsuite><testsuite name="smoketest_smartrest" tests="1" errors="0" failures="0" skipped="0" time="0"><testcase classname="SmoketestSmartRest" name="smoketest_smartrest" />
</testsuite><testsuite name="smoketest_smartrest_200_samples_1Xms" tests="1" errors="0" failures="0" skipped="0" time="0"><testcase classname="SmoketestSmartRest200Samples1Xms" name="smoketest_smartrest_200_samples_1Xms" />
</testsuite><testsuite name="smoketest_smartrest_200_samples_20ms" tests="1" errors="0" failures="0" skipped="0" time="0"><testcase classname="SmoketestSmartRest200Samples20ms" name="smoketest_smartrest_200_samples_20ms" />
</testsuite><testsuite name="tedge_agent_user_sudo_access" tests="1" errors="0" failures="0" skipped="1" time="0"><testcase classname="TedgeAgentUserSudoAccess" name="tedge_agent_user_sudo_access">
		<skipped message="SKIPPED: #955 Observation: Exit code of the apt plugin when called with no arguments" />
		<system-out>08:10:12 INFO  ==============================================================
08:10:12 INFO  Id:    tedge_agent_user_sudo_access
08:10:12 INFO  Dir:   tedge/
08:10:12 INFO  Title: Validate tedge-agent user has a limited sudo right
08:10:12 INFO  ==============================================================
08:10:13 INFO  #955 Observation: Exit code of the apt plugin when called with no arguments ... skipped
08:10:13 INFO  
08:10:13 INFO  Test duration: 0.04 secs
08:10:13 INFO  Test final outcome:  SKIPPED
08:10:13 INFO  Test outcome reason: #955 Observation: Exit code of the apt plugin when called with no arguments
08:10:13 INFO  
</system-out>
	</testcase>
</testsuite><testsuite name="tedge_connect_test_negative" tests="1" errors="0" failures="0" skipped="0" time="0"><testcase classname="TedgeConnectTestNegative" name="tedge_connect_test_negative" />
</testsuite><testsuite name="tedge_connect_test_positive" tests="1" errors="0" failures="0" skipped="0" time="0"><testcase classname="TedgeConnectTestPositive" name="tedge_connect_test_positive" />
</testsuite><testsuite name="tedge_connect_test_sm_services" tests="1" errors="0" failures="0" skipped="0" time="0"><testcase classname="TedgeConnectTestSMServices" name="tedge_connect_test_sm_services" />
</testsuite><testsuite name="tedge_disconnect_test_sm_services" tests="1" errors="0" failures="0" skipped="0" time="0"><testcase classname="TedgeDisConnectTestSMServices" name="tedge_disconnect_test_sm_services" />
</testsuite><testsuite name="tedge_mapper_az_negative" tests="1" errors="0" failures="0" skipped="0" time="0"><testcase classname="TedgeMapperAzError" name="tedge_mapper_az_negative" />
</testsuite><testsuite name="tedge_mapper_az_with_timestamp" tests="1" errors="0" failures="0" skipped="0" time="0"><testcase classname="TedgeMapperAzWithTimestamp" name="tedge_mapper_az_with_timestamp" />
</testsuite><testsuite name="tedge_mapper_az_without_timestamp" tests="1" errors="0" failures="0" skipped="0" time="0"><testcase classname="TedgeMapperAzWithoutTimestamp" name="tedge_mapper_az_without_timestamp" />
</testsuite><testsuite name="tedge_mapper_c8y_alarms" tests="1" errors="0" failures="0" skipped="0" time="0"><testcase classname="TedgeMapperC8yAlarm" name="tedge_mapper_c8y_alarms" />
</testsuite><testsuite name="tedge_mapper_c8y_child_device_measurement" tests="1" errors="0" failures="0" skipped="1" time="0"><testcase classname="TedgeMapperC8yChildDevice" name="tedge_mapper_c8y_child_device_measurement">
		<skipped message="SKIPPED: Test execution disabled due to #1088" />
		<system-out>08:14:42 INFO  ==============================================================
08:14:42 INFO  Id:    tedge_mapper_c8y_child_device_measurement
08:14:42 INFO  Dir:   tedge_mapper_c8y/
08:14:42 INFO  Title: Validate that measurements sent to tedge/measurements/child topic gets mapped as the child device's measurement in Cumulocity
08:14:42 INFO  ==============================================================
08:14:42 INFO  Test execution disabled due to #1088 ... skipped
08:14:42 INFO  
08:14:42 INFO  Test duration: 0.04 secs
08:14:42 INFO  Test final outcome:  SKIPPED
08:14:42 INFO  Test outcome reason: Test execution disabled due to #1088
08:14:42 INFO  
</system-out>
	</testcase>
</testsuite><testsuite name="tedge_mapper_c8y_packet_threshold_size" tests="1" errors="0" failures="0" skipped="0" time="0"><testcase classname="TedgeMapperC8yThresholdPacketSize" name="tedge_mapper_c8y_packet_threshold_size" />
</testsuite><testsuite name="tedge_software_update" tests="1" errors="0" failures="0" skipped="0" time="0"><testcase classname="PySysTest" name="tedge_software_update" />
</testsuite><testsuite name="valid_device_id" tests="1" errors="0" failures="0" skipped="0" time="0"><testcase classname="ValidateValidDeviceId" name="valid_device_id" />
</testsuite></testsuites>