<?xml version='1.0' encoding='utf-8'?>
<testsuites tests="149" failures="10" errors="0" skipped="55" time="0.0"><testsuite name="SoftwareManagement.Plugin.apama_plugin_install" tests="3" errors="0" failures="0" skipped="1" time="0"><testcase classname="ApamaPluginInstallTest" name="SoftwareManagement.Plugin.apama_plugin_install">
		<skipped message="SKIPPED: Apama plugin tests are disabled by default. Execute `pysys run` with `-XmyPlatform=container` to run these tests" />
		<system-out>11:32:35 INFO  ==============================================================
11:32:35 INFO  Id:    SoftwareManagement.Plugin.apama_plugin_install
11:32:35 INFO  Dir:   plugin_apama/
11:32:35 INFO  Title: Validate apama plugin install
11:32:35 INFO  ==============================================================
11:32:35 INFO  Apama plugin tests are disabled by default. Execute `pysys run` with `-XmyPlatform=container` to run these tests ... skipped
11:32:35 WARN  Aborted test due to SKIPPED outcome
11:32:35 INFO  
11:32:35 INFO  Test duration: 0.04 secs
11:32:35 INFO  Test final outcome:  SKIPPED
11:32:35 INFO  Test outcome reason: Apama plugin tests are disabled by default. Execute `pysys run` with `-XmyPlatform=container` to run these tests
11:32:35 INFO  
</system-out>
	</testcase>
<testcase classname="ApamaPluginInstallTest" name="SoftwareManagement.Plugin.apama_plugin_install" />
<testcase classname="ApamaPluginInstallTest" name="SoftwareManagement.Plugin.apama_plugin_install" />
</testsuite><testsuite name="SoftwareManagement.Plugin.apama_plugin_mon_support" tests="3" errors="0" failures="0" skipped="1" time="0"><testcase classname="ApamaPluginMonSupportTest" name="SoftwareManagement.Plugin.apama_plugin_mon_support">
		<skipped message="SKIPPED: Apama plugin tests are disabled by default. Execute `pysys run` with `-XmyPlatform=container` to run these tests" />
		<system-out>11:32:35 INFO  ==============================================================
11:32:35 INFO  Id:    SoftwareManagement.Plugin.apama_plugin_mon_support
11:32:35 INFO  Dir:   plugin_apama/
11:32:35 INFO  Title: Validate mon file support of apama plugin
11:32:35 INFO  ==============================================================
11:32:35 INFO  Apama plugin tests are disabled by default. Execute `pysys run` with `-XmyPlatform=container` to run these tests ... skipped
11:32:35 WARN  Aborted test due to SKIPPED outcome
11:32:35 INFO  
11:32:35 INFO  Test duration: 0.02 secs
11:32:35 INFO  Test final outcome:  SKIPPED
11:32:35 INFO  Test outcome reason: Apama plugin tests are disabled by default. Execute `pysys run` with `-XmyPlatform=container` to run these tests
11:32:35 INFO  
</system-out>
	</testcase>
<testcase classname="ApamaPluginMonSupportTest" name="SoftwareManagement.Plugin.apama_plugin_mon_support" />
<testcase classname="ApamaPluginMonSupportTest" name="SoftwareManagement.Plugin.apama_plugin_mon_support" />
</testsuite><testsuite name="SoftwareManagement.Plugin.apama_plugin_remove" tests="3" errors="0" failures="0" skipped="1" time="0"><testcase classname="ApamaPluginRemoveTest" name="SoftwareManagement.Plugin.apama_plugin_remove">
		<skipped message="SKIPPED: Apama plugin tests are disabled by default. Execute `pysys run` with `-XmyPlatform=container` to run these tests" />
		<system-out>11:32:35 INFO  ==============================================================
11:32:35 INFO  Id:    SoftwareManagement.Plugin.apama_plugin_remove
11:32:35 INFO  Dir:   plugin_apama/
11:32:35 INFO  Title: Validate apama plugin remove
11:32:35 INFO  ==============================================================
11:32:35 INFO  Apama plugin tests are disabled by default. Execute `pysys run` with `-XmyPlatform=container` to run these tests ... skipped
11:32:35 WARN  Aborted test due to SKIPPED outcome
11:32:35 INFO  
11:32:35 INFO  Test duration: 0.02 secs
11:32:35 INFO  Test final outcome:  SKIPPED
11:32:35 INFO  Test outcome reason: Apama plugin tests are disabled by default. Execute `pysys run` with `-XmyPlatform=container` to run these tests
11:32:35 INFO  
</system-out>
	</testcase>
<testcase classname="ApamaPluginRemoveTest" name="SoftwareManagement.Plugin.apama_plugin_remove" />
<testcase classname="ApamaPluginRemoveTest" name="SoftwareManagement.Plugin.apama_plugin_remove" />
</testsuite><testsuite name="SoftwareManagement.Plugin.apama_plugin_update" tests="3" errors="0" failures="0" skipped="3" time="0"><testcase classname="ApamaPluginUpdateTest" name="SoftwareManagement.Plugin.apama_plugin_update">
		<skipped message="SKIPPED: Test execution disabled due to #1052" />
		<system-out>11:32:35 INFO  ==============================================================
11:32:35 INFO  Id:    SoftwareManagement.Plugin.apama_plugin_update
11:32:35 INFO  Dir:   plugin_apama/
11:32:35 INFO  Title: Validate apama plugin updating one project with another
11:32:35 INFO  ==============================================================
11:32:35 INFO  Test execution disabled due to #1052 ... skipped
11:32:35 INFO  
11:32:35 INFO  Test duration: 0.02 secs
11:32:35 INFO  Test final outcome:  SKIPPED
11:32:35 INFO  Test outcome reason: Test execution disabled due to #1052
11:32:35 INFO  
</system-out>
	</testcase>
<testcase classname="ApamaPluginUpdateTest" name="SoftwareManagement.Plugin.apama_plugin_update">
		<skipped message="SKIPPED: Test execution disabled due to #1052" />
		<system-out>12:25:29 INFO  ==============================================================
12:25:29 INFO  Id:    SoftwareManagement.Plugin.apama_plugin_update
12:25:29 INFO  Dir:   plugin_apama/
12:25:29 INFO  Title: Validate apama plugin updating one project with another
12:25:29 INFO  ==============================================================
12:25:29 INFO  Test execution disabled due to #1052 ... skipped
12:25:29 INFO  
12:25:29 INFO  Test duration: 0.03 secs
12:25:29 INFO  Test final outcome:  SKIPPED
12:25:29 INFO  Test outcome reason: Test execution disabled due to #1052
12:25:29 INFO  
</system-out>
	</testcase>
<testcase classname="ApamaPluginUpdateTest" name="SoftwareManagement.Plugin.apama_plugin_update">
		<skipped message="SKIPPED: Test execution disabled due to #1052" />
		<system-out>12:33:51 INFO  ==============================================================
12:33:51 INFO  Id:    SoftwareManagement.Plugin.apama_plugin_update
12:33:51 INFO  Dir:   plugin_apama/
12:33:51 INFO  Title: Validate apama plugin updating one project with another
12:33:51 INFO  ==============================================================
12:33:51 INFO  Test execution disabled due to #1052 ... skipped
12:33:51 INFO  
12:33:51 INFO  Test duration: 0.02 secs
12:33:51 INFO  Test final outcome:  SKIPPED
12:33:51 INFO  Test outcome reason: Test execution disabled due to #1052
12:33:51 INFO  
</system-out>
	</testcase>
</testsuite><testsuite name="SoftwareManagement.sm_apt_install_download_path" tests="3" errors="0" failures="2" skipped="1" time="0"><testcase classname="AptInstallWithDownloadPath" name="SoftwareManagement.sm_apt_install_download_path">
		<skipped message="SKIPPED: Testing the apt plugin is not supported on this platform.Use parameter -XmyPlatform='container' to enable it" />
		<system-out>11:42:20 INFO  ==============================================================
11:42:20 INFO  Id:    SoftwareManagement.sm_apt_install_download_path
11:42:20 INFO  Dir:   software_management_end_to_end/
11:42:20 INFO  Title: Install package to directory specified in tedge config set tmp.path
11:42:20 INFO  ==============================================================
11:42:20 INFO  Testing the apt plugin is not supported on this platform.Use parameter -XmyPlatform='container' to enable it ... skipped
11:42:20 WARN  Aborted test due to SKIPPED outcome
11:42:20 INFO  
11:42:20 INFO  Test duration: 0.07 secs
11:42:20 INFO  Test final outcome:  SKIPPED
11:42:20 INFO  Test outcome reason: Testing the apt plugin is not supported on this platform.Use parameter -XmyPlatform='container' to enable it
11:42:20 INFO  
</system-out>
	</testcase>
<testcase classname="AptInstallWithDownloadPath" name="SoftwareManagement.sm_apt_install_download_path">
		<failure message="BLOCKED: AssertionError:" type="BLOCKED" />
		<system-out>12:07:02 INFO  ==============================================================
12:07:02 INFO  Id:    SoftwareManagement.sm_apt_install_download_path
12:07:02 INFO  Dir:   software_management_end_to_end/
12:07:02 INFO  Title: Install package to directory specified in tedge config set tmp.path
12:07:02 INFO  ==============================================================
12:07:02 INFO  Using sw id database: {'asciijump': '5475369', 'robotfindskitten': '5474869', 'squirrel3': '5475279', 'rolldice': '5152439', 'moon-buggy': '5439204', 'apple': '5495053', 'banana': '5494888', 'cherry': '5495382', 'watermelon': '5494510', 'registry': '8018911', 'hello-world': '8021526', 'docker/getting-started': '8021973', 'alpine': '7991792'}
12:07:02 INFO  EnvironmentC8y Setup
12:07:03 INFO  Executed systemctl&lt;serv_mapper1&gt;, exit status 3
12:07:17 INFO  Executed sudo&lt;tedge_connect_c8y&gt;, exit status 0, duration 14 secs
12:07:19 INFO  Executed sudo&lt;tedge_connect_c8y_test&gt;, exit status 0
12:07:20 INFO  Executed systemctl&lt;serv_mosq2&gt;, exit status 0
12:07:21 INFO  Executed systemctl&lt;serv_mapper3&gt;, exit status 0
12:07:23 ERROR No operations found, assuming it passed
12:07:23 INFO  Assert that (False == value) with value=False ... passed
12:07:24 INFO  Executed sudo, exit status 0
12:07:24 INFO  Executed sudo, exit status 0
12:07:25 INFO  Executed sudo, exit status 0
12:07:29 INFO  Executed sudo&lt;tedge_disconnect_c8y&gt;, exit status 0
12:07:29 INFO  Restarting mosquitto too frequently in the last 10 seconds. It was only up for 3 seconds
12:07:29 INFO  Delaying execution by 8 seconds
12:07:51 INFO  Executed sudo&lt;tedge_connect_c8y&gt;, exit status 0, duration 13 secs
12:07:51 INFO  Response status: 201
12:07:51 INFO  Response to action: {
    "delivery": {
        "time": "2022-05-11T12:07:51.653Z",
        "log": [],
        "status": "PENDING"
    },
    "creationTime": "2022-05-11T12:07:51.640Z",
    "deviceName": "mythicb",
    "deviceId": "18811612",
    "self": "https://t493319102.eu-latest.cumulocity.com/devicecontrol/operations/18840395",
    "id": "18840395",
    "status": "PENDING",
    "description": "Apply software changes, triggered from PySys: [{'name': 'rolldice', 'id': '5152439', 'version': '::apt', 'url': 'https://thin-edge-io.eu-latest.cumulocity.com/inventory/binaries/12435463', 'action': 'install'}]",
    "c8y_SoftwareUpdate": [
        {
            "name": "rolldice",
            "action": "install",
            "id": "5152439",
            "version": "::apt",
            "url": "https://thin-edge-io.eu-latest.cumulocity.com/inventory/binaries/12435463"
        }
    ]
}
12:07:51 INFO  Started operation: {'delivery': {'time': '2022-05-11T12:07:51.653Z', 'log': [], 'status': 'PENDING'}, 'creationTime': '2022-05-11T12:07:51.640Z', 'deviceName': 'mythicb', 'deviceId': '18811612', 'self': 'https://t493319102.eu-latest.cumulocity.com/devicecontrol/operations/18840395', 'id': '18840395', 'status': 'PENDING', 'description': "Apply software changes, triggered from PySys: [{'name': 'rolldice', 'id': '5152439', 'version': '::apt', 'url': 'https://thin-edge-io.eu-latest.cumulocity.com/inventory/binaries/12435463', 'action': 'install'}]", 'c8y_SoftwareUpdate': [{'name': 'rolldice', 'action': 'install', 'id': '5152439', 'version': '::apt', 'url': 'https://thin-edge-io.eu-latest.cumulocity.com/inventory/binaries/12435463'}]}
12:07:51 WARN  , retrying in 0.5 seconds...
12:07:52 WARN  , retrying in 0.5 seconds...
12:07:52 WARN  , retrying in 0.5 seconds...
12:07:53 WARN  , retrying in 0.5 seconds...
12:07:53 WARN  , retrying in 0.5 seconds...
12:07:54 WARN  , retrying in 0.5 seconds...
12:07:54 WARN  , retrying in 0.5 seconds...
12:07:55 WARN  , retrying in 0.5 seconds...
12:07:55 WARN  , retrying in 0.5 seconds...
12:07:56 WARN  AssertionError occurred while running test - 
Traceback (most recent call last):
  File "/home/pi/env-pysys/lib/python3.7/site-packages/pysys/baserunner.py", line 1294, in __call__
    self.testObj.execute()
  File "/home/pi/actions-runner/_work/thin-edge.io/thin-edge.io/tests/PySys/software_management_end_to_end/sm_apt_install_download_path/run.py", line 83, in execute
    assert_install_in_download_path(install_directory=self.DOWNLOAD_DIR)
  File "/home/pi/env-pysys/lib/python3.7/site-packages/decorator.py", line 232, in fun
    return caller(func, *(extras + args), **kw)
  File "/home/pi/env-pysys/lib/python3.7/site-packages/retry/api.py", line 74, in retry_decorator
    logger)
  File "/home/pi/env-pysys/lib/python3.7/site-packages/retry/api.py", line 33, in __retry_internal
    return f()
  File "/home/pi/actions-runner/_work/thin-edge.io/thin-edge.io/tests/PySys/software_management_end_to_end/sm_apt_install_download_path/run.py", line 28, in assert_install_in_download_path
    assert "rolldice" in os.listdir(f"{install_directory}")
AssertionError
12:07:56 WARN  AssertionError: ... blocked 
12:07:56 INFO  
12:07:56 INFO  cleanup:
12:07:57 INFO  Executed sudo, exit status 0
12:07:58 INFO  Executed sudo, exit status 0
12:08:02 INFO  Executed sudo&lt;tedge_disconnect_c8y&gt;, exit status 0
12:08:02 INFO  Restarting mosquitto too frequently in the last 10 seconds. It was only up for 3 seconds
12:08:02 INFO  Delaying execution by 8 seconds
12:08:24 INFO  Executed sudo&lt;tedge_connect_c8y&gt;, exit status 0, duration 14 secs
12:08:29 INFO  Executed sudo&lt;tedge_disconnect_c8y&gt;, exit status 0
12:08:29 INFO  Executed systemctl&lt;serv_mapper5&gt;, exit status 3
12:08:29 INFO  
12:08:29 INFO  Test duration: 87.47 secs
12:08:29 INFO  Test final outcome:  BLOCKED
12:08:29 INFO  Test outcome reason: AssertionError:
12:08:29 INFO  
</system-out>
	</testcase>
<testcase classname="AptInstallWithDownloadPath" name="SoftwareManagement.sm_apt_install_download_path">
		<failure message="BLOCKED: AssertionError:" type="BLOCKED" />
		<system-out>12:33:51 INFO  ==============================================================
12:33:51 INFO  Id:    SoftwareManagement.sm_apt_install_download_path
12:33:51 INFO  Dir:   software_management_end_to_end/
12:33:51 INFO  Title: Install package to directory specified in tedge config set tmp.path
12:33:51 INFO  ==============================================================
12:33:53 INFO  Using sw id database: {'asciijump': '5475369', 'robotfindskitten': '5474869', 'squirrel3': '5475279', 'rolldice': '5152439', 'moon-buggy': '5439204', 'apple': '5495053', 'banana': '5494888', 'cherry': '5495382', 'watermelon': '5494510', 'registry': '8018911', 'hello-world': '8021526', 'docker/getting-started': '8021973', 'alpine': '7991792'}
12:33:53 INFO  EnvironmentC8y Setup
12:33:53 INFO  Executed systemctl&lt;serv_mapper1&gt;, exit status 3
12:34:08 INFO  Executed sudo&lt;tedge_connect_c8y&gt;, exit status 0, duration 14 secs
12:34:08 INFO  Executed sudo&lt;tedge_connect_c8y_test&gt;, exit status 0
12:34:09 INFO  Executed systemctl&lt;serv_mosq2&gt;, exit status 0
12:34:09 INFO  Executed systemctl&lt;serv_mapper3&gt;, exit status 0
12:34:11 INFO  State of current operation: SUCCESSFUL
12:34:12 INFO  Assert that (False == value) with value=False ... passed
12:34:12 INFO  Executed sudo, exit status 0
12:34:13 INFO  Executed sudo, exit status 0
12:34:13 INFO  Executed sudo, exit status 0
12:34:17 INFO  Executed sudo&lt;tedge_disconnect_c8y&gt;, exit status 0
12:34:17 INFO  Restarting mosquitto too frequently in the last 10 seconds. It was only up for 3 seconds
12:34:17 INFO  Delaying execution by 8 seconds
12:34:39 INFO  Executed sudo&lt;tedge_connect_c8y&gt;, exit status 0, duration 13 secs
12:34:40 INFO  Response status: 201
12:34:40 INFO  Response to action: {
    "creationTime": "2022-05-11T12:34:39.986Z",
    "deviceName": "mythicb",
    "deviceId": "18811612",
    "self": "https://t493319102.eu-latest.cumulocity.com/devicecontrol/operations/18840848",
    "id": "18840848",
    "status": "PENDING",
    "description": "Apply software changes, triggered from PySys: [{'name': 'rolldice', 'id': '5152439', 'version': '::apt', 'url': 'https://thin-edge-io.eu-latest.cumulocity.com/inventory/binaries/12435463', 'action': 'install'}]",
    "c8y_SoftwareUpdate": [
        {
            "name": "rolldice",
            "action": "install",
            "id": "5152439",
            "version": "::apt",
            "url": "https://thin-edge-io.eu-latest.cumulocity.com/inventory/binaries/12435463"
        }
    ]
}
12:34:40 INFO  Started operation: {'creationTime': '2022-05-11T12:34:39.986Z', 'deviceName': 'mythicb', 'deviceId': '18811612', 'self': 'https://t493319102.eu-latest.cumulocity.com/devicecontrol/operations/18840848', 'id': '18840848', 'status': 'PENDING', 'description': "Apply software changes, triggered from PySys: [{'name': 'rolldice', 'id': '5152439', 'version': '::apt', 'url': 'https://thin-edge-io.eu-latest.cumulocity.com/inventory/binaries/12435463', 'action': 'install'}]", 'c8y_SoftwareUpdate': [{'name': 'rolldice', 'action': 'install', 'id': '5152439', 'version': '::apt', 'url': 'https://thin-edge-io.eu-latest.cumulocity.com/inventory/binaries/12435463'}]}
12:34:40 WARN  , retrying in 0.5 seconds...
12:34:40 WARN  , retrying in 0.5 seconds...
12:34:41 WARN  , retrying in 0.5 seconds...
12:34:41 WARN  , retrying in 0.5 seconds...
12:34:42 WARN  , retrying in 0.5 seconds...
12:34:42 WARN  , retrying in 0.5 seconds...
12:34:43 WARN  , retrying in 0.5 seconds...
12:34:43 WARN  , retrying in 0.5 seconds...
12:34:44 WARN  , retrying in 0.5 seconds...
12:34:44 WARN  AssertionError occurred while running test - 
Traceback (most recent call last):
  File "/home/pi/env-pysys/lib/python3.7/site-packages/pysys/baserunner.py", line 1294, in __call__
    self.testObj.execute()
  File "/home/pi/actions-runner/_work/thin-edge.io/thin-edge.io/tests/PySys/software_management_end_to_end/sm_apt_install_download_path/run.py", line 83, in execute
    assert_install_in_download_path(install_directory=self.DOWNLOAD_DIR)
  File "/home/pi/env-pysys/lib/python3.7/site-packages/decorator.py", line 232, in fun
    return caller(func, *(extras + args), **kw)
  File "/home/pi/env-pysys/lib/python3.7/site-packages/retry/api.py", line 74, in retry_decorator
    logger)
  File "/home/pi/env-pysys/lib/python3.7/site-packages/retry/api.py", line 33, in __retry_internal
    return f()
  File "/home/pi/actions-runner/_work/thin-edge.io/thin-edge.io/tests/PySys/software_management_end_to_end/sm_apt_install_download_path/run.py", line 28, in assert_install_in_download_path
    assert "rolldice" in os.listdir(f"{install_directory}")
AssertionError
12:34:45 WARN  AssertionError: ... blocked 
12:34:45 INFO  
12:34:45 INFO  cleanup:
12:34:45 INFO  Executed sudo, exit status 0
12:34:46 INFO  Executed sudo, exit status 0
12:34:50 INFO  Executed sudo&lt;tedge_disconnect_c8y&gt;, exit status 0
12:34:50 INFO  Restarting mosquitto too frequently in the last 10 seconds. It was only up for 3 seconds
12:34:50 INFO  Delaying execution by 8 seconds
12:35:13 INFO  Executed sudo&lt;tedge_connect_c8y&gt;, exit status 0, duration 14 secs
12:35:17 INFO  Executed sudo&lt;tedge_disconnect_c8y&gt;, exit status 0
12:35:18 INFO  Executed systemctl&lt;serv_mapper5&gt;, exit status 3
12:35:18 INFO  
12:35:18 INFO  Test duration: 86.40 secs
12:35:18 INFO  Test final outcome:  BLOCKED
12:35:18 INFO  Test outcome reason: AssertionError:
12:35:18 INFO  
</system-out>
	</testcase>
</testsuite><testsuite name="SoftwareManagement.sm_apt_install_fail" tests="3" errors="0" failures="0" skipped="1" time="0"><testcase classname="PySysTest" name="SoftwareManagement.sm_apt_install_fail">
		<skipped message="SKIPPED: Testing the apt plugin is not supported on this platform.Use parameter -XmyPlatform='container' to enable it" />
		<system-out>11:42:20 INFO  ==============================================================
11:42:20 INFO  Id:    SoftwareManagement.sm_apt_install_fail
11:42:20 INFO  Dir:   software_management_end_to_end/
11:42:20 INFO  Title: Validate end to end behaviour for a failing installation
11:42:20 INFO  ==============================================================
11:42:20 INFO  Testing the apt plugin is not supported on this platform.Use parameter -XmyPlatform='container' to enable it ... skipped
11:42:20 WARN  Aborted test due to SKIPPED outcome
11:42:20 INFO  
11:42:20 INFO  Test duration: 0.02 secs
11:42:20 INFO  Test final outcome:  SKIPPED
11:42:20 INFO  Test outcome reason: Testing the apt plugin is not supported on this platform.Use parameter -XmyPlatform='container' to enable it
11:42:20 INFO  
</system-out>
	</testcase>
<testcase classname="PySysTest" name="SoftwareManagement.sm_apt_install_fail" />
<testcase classname="PySysTest" name="SoftwareManagement.sm_apt_install_fail" />
</testsuite><testsuite name="SoftwareManagement.sm_apt_install_remove" tests="3" errors="0" failures="0" skipped="1" time="0"><testcase classname="PySysTest" name="SoftwareManagement.sm_apt_install_remove">
		<skipped message="SKIPPED: Testing the apt plugin is not supported on this platform.Use parameter -XmyPlatform='container' to enable it" />
		<system-out>11:42:20 INFO  ==============================================================
11:42:20 INFO  Id:    SoftwareManagement.sm_apt_install_remove
11:42:20 INFO  Dir:   software_management_end_to_end/
11:42:20 INFO  Title: Validate end to end behaviour for the apt plugin for installation and removal of packages
11:42:20 INFO  ==============================================================
11:42:20 INFO  Testing the apt plugin is not supported on this platform.Use parameter -XmyPlatform='container' to enable it ... skipped
11:42:20 WARN  Aborted test due to SKIPPED outcome
11:42:20 INFO  
11:42:20 INFO  Test duration: 0.03 secs
11:42:20 INFO  Test final outcome:  SKIPPED
11:42:20 INFO  Test outcome reason: Testing the apt plugin is not supported on this platform.Use parameter -XmyPlatform='container' to enable it
11:42:20 INFO  
</system-out>
	</testcase>
<testcase classname="PySysTest" name="SoftwareManagement.sm_apt_install_remove" />
<testcase classname="PySysTest" name="SoftwareManagement.sm_apt_install_remove" />
</testsuite><testsuite name="SoftwareManagement.sm_apt_install_remove_default" tests="3" errors="0" failures="0" skipped="1" time="0"><testcase classname="PySysTest" name="SoftwareManagement.sm_apt_install_remove_default">
		<skipped message="SKIPPED: Testing the apt plugin is not supported on this platform.Use parameter -XmyPlatform='container' to enable it" />
		<system-out>11:42:20 INFO  ==============================================================
11:42:20 INFO  Id:    SoftwareManagement.sm_apt_install_remove_default
11:42:20 INFO  Dir:   software_management_end_to_end/
11:42:20 INFO  Title: Validate end to end behaviour for the default plugin for installation and removal of packages
11:42:20 INFO  ==============================================================
11:42:20 INFO  Testing the apt plugin is not supported on this platform.Use parameter -XmyPlatform='container' to enable it ... skipped
11:42:20 WARN  Aborted test due to SKIPPED outcome
11:42:20 INFO  
11:42:20 INFO  Test duration: 0.05 secs
11:42:20 INFO  Test final outcome:  SKIPPED
11:42:20 INFO  Test outcome reason: Testing the apt plugin is not supported on this platform.Use parameter -XmyPlatform='container' to enable it
11:42:20 INFO  
</system-out>
	</testcase>
<testcase classname="PySysTest" name="SoftwareManagement.sm_apt_install_remove_default" />
<testcase classname="PySysTest" name="SoftwareManagement.sm_apt_install_remove_default" />
</testsuite><testsuite name="SoftwareManagement.sm_apt_install_remove_multiple" tests="3" errors="0" failures="2" skipped="1" time="0"><testcase classname="PySysTest" name="SoftwareManagement.sm_apt_install_remove_multiple">
		<skipped message="SKIPPED: Testing the apt plugin is not supported on this platform.Use parameter -XmyPlatform='container' to enable it" />
		<system-out>11:42:20 INFO  ==============================================================
11:42:20 INFO  Id:    SoftwareManagement.sm_apt_install_remove_multiple
11:42:20 INFO  Dir:   software_management_end_to_end/
11:42:20 INFO  Title: Validate end to end behaviour for the apt plugin for multiple packages
11:42:20 INFO  ==============================================================
11:42:20 INFO  Testing the apt plugin is not supported on this platform.Use parameter -XmyPlatform='container' to enable it ... skipped
11:42:20 WARN  Aborted test due to SKIPPED outcome
11:42:20 INFO  
11:42:20 INFO  Test duration: 0.03 secs
11:42:20 INFO  Test final outcome:  SKIPPED
11:42:20 INFO  Test outcome reason: Testing the apt plugin is not supported on this platform.Use parameter -XmyPlatform='container' to enable it
11:42:20 INFO  
</system-out>
	</testcase>
<testcase classname="PySysTest" name="SoftwareManagement.sm_apt_install_remove_multiple">
		<failure message="FAILED: Assert that (False == value) with value=True" type="FAILED" />
		<system-out>12:15:25 INFO  ==============================================================
12:15:25 INFO  Id:    SoftwareManagement.sm_apt_install_remove_multiple
12:15:25 INFO  Dir:   software_management_end_to_end/
12:15:25 INFO  Title: Validate end to end behaviour for the apt plugin for multiple packages
12:15:25 INFO  ==============================================================
12:15:25 INFO  Using sw id database: {'asciijump': '5475369', 'robotfindskitten': '5474869', 'squirrel3': '5475279', 'rolldice': '5152439', 'moon-buggy': '5439204', 'apple': '5495053', 'banana': '5494888', 'cherry': '5495382', 'watermelon': '5494510', 'registry': '8018911', 'hello-world': '8021526', 'docker/getting-started': '8021973', 'alpine': '7991792'}
12:15:25 INFO  EnvironmentC8y Setup
12:15:25 INFO  Executed systemctl&lt;serv_mapper1&gt;, exit status 3
12:15:26 INFO  Restarting mosquitto too frequently in the last 10 seconds. It was only up for 5 seconds
12:15:26 INFO  Delaying execution by 6 seconds
12:15:47 INFO  Executed sudo&lt;tedge_connect_c8y&gt;, exit status 0, duration 14 secs
12:15:47 INFO  Executed sudo&lt;tedge_connect_c8y_test&gt;, exit status 0
12:15:48 INFO  Executed systemctl&lt;serv_mosq2&gt;, exit status 0
12:15:48 INFO  Executed systemctl&lt;serv_mapper3&gt;, exit status 0
12:15:50 INFO  State of current operation: SUCCESSFUL
12:15:51 INFO  Assert that (False == value) with value=False ... passed
12:15:51 INFO  Assert that (False == value) with value=False ... passed
12:15:51 INFO  Assert that (False == value) with value=False ... passed
12:15:51 INFO  Package robotfindskitten is installed
12:15:51 WARN  Assert that (False == value) with value=True ... failed 
12:15:51 INFO  Response status: 201
12:15:51 INFO  Response to action: {
    "delivery": {
        "time": "2022-05-11T12:15:51.944Z",
        "log": [],
        "status": "PENDING"
    },
    "creationTime": "2022-05-11T12:15:51.930Z",
    "deviceName": "mythicb",
    "deviceId": "18811612",
    "self": "https://t493319102.eu-latest.cumulocity.com/devicecontrol/operations/18840507",
    "id": "18840507",
    "status": "PENDING",
    "description": "Apply software changes, triggered from PySys: [{'action': 'install', 'id': '5475369', 'name': 'asciijump', 'url': ' ', 'version': '::apt'}, {'action': 'install', 'id': '5474869', 'name': 'robotfindskitten', 'url': ' ', 'version': '::apt'}, {'action': 'install', 'id': '5475279', 'name': 'squirrel3', 'url': ' ', 'version': '::apt'}]",
    "c8y_SoftwareUpdate": [
        {
            "name": "asciijump",
            "action": "install",
            "id": "5475369",
            "version": "::apt",
            "url": " "
        },
        {
            "name": "robotfindskitten",
            "action": "install",
            "id": "5474869",
            "version": "::apt",
            "url": " "
        },
        {
            "name": "squirrel3",
            "action": "install",
            "id": "5475279",
            "version": "::apt",
            "url": " "
        }
    ]
}
12:15:51 INFO  Started operation: {'delivery': {'time': '2022-05-11T12:15:51.944Z', 'log': [], 'status': 'PENDING'}, 'creationTime': '2022-05-11T12:15:51.930Z', 'deviceName': 'mythicb', 'deviceId': '18811612', 'self': 'https://t493319102.eu-latest.cumulocity.com/devicecontrol/operations/18840507', 'id': '18840507', 'status': 'PENDING', 'description': "Apply software changes, triggered from PySys: [{'action': 'install', 'id': '5475369', 'name': 'asciijump', 'url': ' ', 'version': '::apt'}, {'action': 'install', 'id': '5474869', 'name': 'robotfindskitten', 'url': ' ', 'version': '::apt'}, {'action': 'install', 'id': '5475279', 'name': 'squirrel3', 'url': ' ', 'version': '::apt'}]", 'c8y_SoftwareUpdate': [{'name': 'asciijump', 'action': 'install', 'id': '5475369', 'version': '::apt', 'url': ' '}, {'name': 'robotfindskitten', 'action': 'install', 'id': '5474869', 'version': '::apt', 'url': ' '}, {'name': 'squirrel3', 'action': 'install', 'id': '5475279', 'version': '::apt', 'url': ' '}]}
12:15:54 INFO  State of operation 18840507 : PENDING
12:15:56 INFO  State of operation 18840507 : EXECUTING
12:15:58 INFO  State of operation 18840507 : EXECUTING
12:16:00 INFO  State of operation 18840507 : EXECUTING
12:16:03 INFO  State of operation 18840507 : EXECUTING
12:16:05 INFO  State of operation 18840507 : EXECUTING
12:16:08 INFO  State of operation 18840507 : EXECUTING
12:16:11 INFO  State of operation 18840507 : EXECUTING
12:16:13 INFO  State of operation 18840507 : EXECUTING
12:16:15 INFO  State of operation 18840507 : EXECUTING
12:16:18 INFO  State of operation 18840507 : EXECUTING
12:16:20 INFO  State of operation 18840507 : EXECUTING
12:16:22 INFO  State of operation 18840507 : EXECUTING
12:16:25 INFO  State of operation 18840507 : EXECUTING
12:16:27 INFO  State of operation 18840507 : EXECUTING
12:16:29 INFO  State of operation 18840507 : EXECUTING
12:16:32 INFO  State of operation 18840507 : EXECUTING
12:16:34 INFO  State of operation 18840507 : EXECUTING
12:16:37 INFO  State of operation 18840507 : EXECUTING
12:16:39 INFO  State of operation 18840507 : EXECUTING
12:16:41 INFO  State of operation 18840507 : EXECUTING
12:16:44 INFO  State of operation 18840507 : EXECUTING
12:16:46 INFO  State of operation 18840507 : EXECUTING
12:16:48 INFO  State of operation 18840507 : EXECUTING
12:16:51 INFO  State of operation 18840507 : EXECUTING
12:16:53 INFO  State of operation 18840507 : EXECUTING
12:16:56 INFO  State of operation 18840507 : EXECUTING
12:16:58 INFO  State of operation 18840507 : EXECUTING
12:17:00 INFO  State of operation 18840507 : EXECUTING
12:17:02 INFO  State of operation 18840507 : EXECUTING
12:17:05 INFO  State of operation 18840507 : EXECUTING
12:17:07 INFO  State of operation 18840507 : EXECUTING
12:17:09 INFO  State of operation 18840507 : EXECUTING
12:17:11 INFO  State of operation 18840507 : EXECUTING
12:17:14 INFO  State of operation 18840507 : SUCCESSFUL
12:17:14 INFO  Assert that (False == value) with value=False ... passed
12:17:14 INFO  Package asciijump is installed
12:17:14 INFO  Assert that (True == value) with value=True ... passed
12:17:14 INFO  Package squirrel3 is installed
12:17:14 INFO  Assert that (True == value) with value=True ... passed
12:17:14 INFO  Package robotfindskitten is installed
12:17:14 INFO  Assert that (True == value) with value=True ... passed
12:17:15 INFO  Response status: 201
12:17:15 INFO  Response to action: {
    "delivery": {
        "time": "2022-05-11T12:17:15.170Z",
        "log": [],
        "status": "PENDING"
    },
    "creationTime": "2022-05-11T12:17:15.157Z",
    "deviceName": "mythicb",
    "deviceId": "18811612",
    "self": "https://t493319102.eu-latest.cumulocity.com/devicecontrol/operations/18840537",
    "id": "18840537",
    "status": "PENDING",
    "description": "Apply software changes, triggered from PySys: [{'action': 'delete', 'id': '5475369', 'name': 'asciijump', 'url': ' ', 'version': '::apt'}, {'action': 'delete', 'id': '5474869', 'name': 'robotfindskitten', 'url': ' ', 'version': '::apt'}, {'action': 'delete', 'id': '5475279', 'name': 'squirrel3', 'url': ' ', 'version': '::apt'}]",
    "c8y_SoftwareUpdate": [
        {
            "name": "asciijump",
            "action": "delete",
            "id": "5475369",
            "version": "::apt",
            "url": " "
        },
        {
            "name": "robotfindskitten",
            "action": "delete",
            "id": "5474869",
            "version": "::apt",
            "url": " "
        },
        {
            "name": "squirrel3",
            "action": "delete",
            "id": "5475279",
            "version": "::apt",
            "url": " "
        }
    ]
}
12:17:15 INFO  Started operation: {'delivery': {'time': '2022-05-11T12:17:15.170Z', 'log': [], 'status': 'PENDING'}, 'creationTime': '2022-05-11T12:17:15.157Z', 'deviceName': 'mythicb', 'deviceId': '18811612', 'self': 'https://t493319102.eu-latest.cumulocity.com/devicecontrol/operations/18840537', 'id': '18840537', 'status': 'PENDING', 'description': "Apply software changes, triggered from PySys: [{'action': 'delete', 'id': '5475369', 'name': 'asciijump', 'url': ' ', 'version': '::apt'}, {'action': 'delete', 'id': '5474869', 'name': 'robotfindskitten', 'url': ' ', 'version': '::apt'}, {'action': 'delete', 'id': '5475279', 'name': 'squirrel3', 'url': ' ', 'version': '::apt'}]", 'c8y_SoftwareUpdate': [{'name': 'asciijump', 'action': 'delete', 'id': '5475369', 'version': '::apt', 'url': ' '}, {'name': 'robotfindskitten', 'action': 'delete', 'id': '5474869', 'version': '::apt', 'url': ' '}, {'name': 'squirrel3', 'action': 'delete', 'id': '5475279', 'version': '::apt', 'url': ' '}]}
12:17:17 INFO  State of operation 18840537 : PENDING
12:17:19 INFO  State of operation 18840537 : EXECUTING
12:17:21 INFO  State of operation 18840537 : EXECUTING
12:17:24 INFO  State of operation 18840537 : EXECUTING
12:17:26 INFO  State of operation 18840537 : EXECUTING
12:17:28 INFO  State of operation 18840537 : EXECUTING
12:17:31 INFO  State of operation 18840537 : EXECUTING
12:17:34 INFO  State of operation 18840537 : EXECUTING
12:17:37 INFO  State of operation 18840537 : EXECUTING
12:17:39 INFO  State of operation 18840537 : EXECUTING
12:17:41 INFO  State of operation 18840537 : EXECUTING
12:17:43 INFO  State of operation 18840537 : EXECUTING
12:17:45 INFO  State of operation 18840537 : EXECUTING
12:17:48 INFO  State of operation 18840537 : EXECUTING
12:17:50 INFO  State of operation 18840537 : EXECUTING
12:17:52 INFO  State of operation 18840537 : EXECUTING
12:17:54 INFO  State of operation 18840537 : EXECUTING
12:17:57 INFO  State of operation 18840537 : EXECUTING
12:18:00 INFO  State of operation 18840537 : EXECUTING
12:18:02 INFO  State of operation 18840537 : EXECUTING
12:18:04 INFO  State of operation 18840537 : EXECUTING
12:18:07 INFO  State of operation 18840537 : EXECUTING
12:18:09 INFO  State of operation 18840537 : EXECUTING
12:18:11 INFO  State of operation 18840537 : EXECUTING
12:18:14 INFO  State of operation 18840537 : EXECUTING
12:18:16 INFO  State of operation 18840537 : EXECUTING
12:18:18 INFO  State of operation 18840537 : EXECUTING
12:18:21 INFO  State of operation 18840537 : EXECUTING
12:18:23 INFO  State of operation 18840537 : SUCCESSFUL
12:18:23 INFO  Assert that (False == value) with value=False ... passed
12:18:23 INFO  Assert that (False == value) with value=False ... passed
12:18:24 INFO  Assert that (False == value) with value=False ... passed
12:18:24 INFO  Assert that (False == value) with value=False ... passed
12:18:24 INFO  
12:18:24 INFO  cleanup:
12:18:28 INFO  Executed sudo&lt;tedge_disconnect_c8y&gt;, exit status 0
12:18:29 INFO  Executed systemctl&lt;serv_mapper5&gt;, exit status 3
12:18:29 INFO  
12:18:29 INFO  Test duration: 183.81 secs
12:18:29 INFO  Test final outcome:  FAILED
12:18:29 INFO  Test outcome reason: Assert that (False == value) with value=True
12:18:29 INFO  
</system-out>
	</testcase>
<testcase classname="PySysTest" name="SoftwareManagement.sm_apt_install_remove_multiple">
		<failure message="FAILED: Assert that (False == value) with value=True (+2 other failures)" type="FAILED" />
		<system-out>12:42:06 INFO  ==============================================================
12:42:06 INFO  Id:    SoftwareManagement.sm_apt_install_remove_multiple
12:42:06 INFO  Dir:   software_management_end_to_end/
12:42:06 INFO  Title: Validate end to end behaviour for the apt plugin for multiple packages
12:42:06 INFO  ==============================================================
12:42:06 INFO  Using sw id database: {'asciijump': '5475369', 'robotfindskitten': '5474869', 'squirrel3': '5475279', 'rolldice': '5152439', 'moon-buggy': '5439204', 'apple': '5495053', 'banana': '5494888', 'cherry': '5495382', 'watermelon': '5494510', 'registry': '8018911', 'hello-world': '8021526', 'docker/getting-started': '8021973', 'alpine': '7991792'}
12:42:06 INFO  EnvironmentC8y Setup
12:42:07 INFO  Executed systemctl&lt;serv_mapper1&gt;, exit status 3
12:42:07 INFO  Restarting mosquitto too frequently in the last 10 seconds. It was only up for 4 seconds
12:42:07 INFO  Delaying execution by 7 seconds
12:42:28 INFO  Executed sudo&lt;tedge_connect_c8y&gt;, exit status 0, duration 13 secs
12:42:29 INFO  Executed sudo&lt;tedge_connect_c8y_test&gt;, exit status 0
12:42:29 INFO  Executed systemctl&lt;serv_mosq2&gt;, exit status 0
12:42:30 INFO  Executed systemctl&lt;serv_mapper3&gt;, exit status 0
12:42:32 INFO  State of current operation: SUCCESSFUL
12:42:32 INFO  Assert that (False == value) with value=False ... passed
12:42:32 INFO  Package asciijump is installed
12:42:33 WARN  Assert that (False == value) with value=True ... failed 
12:42:33 INFO  Package squirrel3 is installed
12:42:33 WARN  Assert that (False == value) with value=True ... failed 
12:42:33 INFO  Package robotfindskitten is installed
12:42:33 WARN  Assert that (False == value) with value=True ... failed 
12:42:33 INFO  Response status: 201
12:42:33 INFO  Response to action: {
    "creationTime": "2022-05-11T12:42:33.698Z",
    "deviceName": "mythicb",
    "deviceId": "18811612",
    "self": "https://t493319102.eu-latest.cumulocity.com/devicecontrol/operations/18840987",
    "id": "18840987",
    "status": "PENDING",
    "description": "Apply software changes, triggered from PySys: [{'action': 'install', 'id': '5475369', 'name': 'asciijump', 'url': ' ', 'version': '::apt'}, {'action': 'install', 'id': '5474869', 'name': 'robotfindskitten', 'url': ' ', 'version': '::apt'}, {'action': 'install', 'id': '5475279', 'name': 'squirrel3', 'url': ' ', 'version': '::apt'}]",
    "c8y_SoftwareUpdate": [
        {
            "name": "asciijump",
            "action": "install",
            "id": "5475369",
            "version": "::apt",
            "url": " "
        },
        {
            "name": "robotfindskitten",
            "action": "install",
            "id": "5474869",
            "version": "::apt",
            "url": " "
        },
        {
            "name": "squirrel3",
            "action": "install",
            "id": "5475279",
            "version": "::apt",
            "url": " "
        }
    ]
}
12:42:33 INFO  Started operation: {'creationTime': '2022-05-11T12:42:33.698Z', 'deviceName': 'mythicb', 'deviceId': '18811612', 'self': 'https://t493319102.eu-latest.cumulocity.com/devicecontrol/operations/18840987', 'id': '18840987', 'status': 'PENDING', 'description': "Apply software changes, triggered from PySys: [{'action': 'install', 'id': '5475369', 'name': 'asciijump', 'url': ' ', 'version': '::apt'}, {'action': 'install', 'id': '5474869', 'name': 'robotfindskitten', 'url': ' ', 'version': '::apt'}, {'action': 'install', 'id': '5475279', 'name': 'squirrel3', 'url': ' ', 'version': '::apt'}]", 'c8y_SoftwareUpdate': [{'name': 'asciijump', 'action': 'install', 'id': '5475369', 'version': '::apt', 'url': ' '}, {'name': 'robotfindskitten', 'action': 'install', 'id': '5474869', 'version': '::apt', 'url': ' '}, {'name': 'squirrel3', 'action': 'install', 'id': '5475279', 'version': '::apt', 'url': ' '}]}
12:42:35 INFO  State of operation 18840987 : PENDING
12:42:38 INFO  State of operation 18840987 : EXECUTING
12:42:40 INFO  State of operation 18840987 : EXECUTING
12:42:42 INFO  State of operation 18840987 : EXECUTING
12:42:44 INFO  State of operation 18840987 : EXECUTING
12:42:47 INFO  State of operation 18840987 : EXECUTING
12:42:50 INFO  State of operation 18840987 : EXECUTING
12:42:53 INFO  State of operation 18840987 : EXECUTING
12:42:55 INFO  State of operation 18840987 : EXECUTING
12:42:57 INFO  State of operation 18840987 : EXECUTING
12:43:00 INFO  State of operation 18840987 : EXECUTING
12:43:02 INFO  State of operation 18840987 : EXECUTING
12:43:04 INFO  State of operation 18840987 : EXECUTING
12:43:06 INFO  State of operation 18840987 : EXECUTING
12:43:08 INFO  State of operation 18840987 : EXECUTING
12:43:11 INFO  State of operation 18840987 : SUCCESSFUL
12:43:11 INFO  Assert that (False == value) with value=False ... passed
12:43:11 INFO  Package asciijump is installed
12:43:11 INFO  Assert that (True == value) with value=True ... passed
12:43:11 INFO  Package squirrel3 is installed
12:43:11 INFO  Assert that (True == value) with value=True ... passed
12:43:12 INFO  Package robotfindskitten is installed
12:43:12 INFO  Assert that (True == value) with value=True ... passed
12:43:12 INFO  Response status: 201
12:43:12 INFO  Response to action: {
    "creationTime": "2022-05-11T12:43:12.314Z",
    "deviceName": "mythicb",
    "deviceId": "18811612",
    "self": "https://t493319102.eu-latest.cumulocity.com/devicecontrol/operations/18841010",
    "id": "18841010",
    "status": "PENDING",
    "description": "Apply software changes, triggered from PySys: [{'action': 'delete', 'id': '5475369', 'name': 'asciijump', 'url': ' ', 'version': '::apt'}, {'action': 'delete', 'id': '5474869', 'name': 'robotfindskitten', 'url': ' ', 'version': '::apt'}, {'action': 'delete', 'id': '5475279', 'name': 'squirrel3', 'url': ' ', 'version': '::apt'}]",
    "c8y_SoftwareUpdate": [
        {
            "name": "asciijump",
            "action": "delete",
            "id": "5475369",
            "version": "::apt",
            "url": " "
        },
        {
            "name": "robotfindskitten",
            "action": "delete",
            "id": "5474869",
            "version": "::apt",
            "url": " "
        },
        {
            "name": "squirrel3",
            "action": "delete",
            "id": "5475279",
            "version": "::apt",
            "url": " "
        }
    ]
}
12:43:12 INFO  Started operation: {'creationTime': '2022-05-11T12:43:12.314Z', 'deviceName': 'mythicb', 'deviceId': '18811612', 'self': 'https://t493319102.eu-latest.cumulocity.com/devicecontrol/operations/18841010', 'id': '18841010', 'status': 'PENDING', 'description': "Apply software changes, triggered from PySys: [{'action': 'delete', 'id': '5475369', 'name': 'asciijump', 'url': ' ', 'version': '::apt'}, {'action': 'delete', 'id': '5474869', 'name': 'robotfindskitten', 'url': ' ', 'version': '::apt'}, {'action': 'delete', 'id': '5475279', 'name': 'squirrel3', 'url': ' ', 'version': '::apt'}]", 'c8y_SoftwareUpdate': [{'name': 'asciijump', 'action': 'delete', 'id': '5475369', 'version': '::apt', 'url': ' '}, {'name': 'robotfindskitten', 'action': 'delete', 'id': '5474869', 'version': '::apt', 'url': ' '}, {'name': 'squirrel3', 'action': 'delete', 'id': '5475279', 'version': '::apt', 'url': ' '}]}
12:43:14 INFO  State of operation 18841010 : PENDING
12:43:16 INFO  State of operation 18841010 : EXECUTING
12:43:19 INFO  State of operation 18841010 : EXECUTING
12:43:21 INFO  State of operation 18841010 : EXECUTING
12:43:23 INFO  State of operation 18841010 : EXECUTING
12:43:26 INFO  State of operation 18841010 : EXECUTING
12:43:28 INFO  State of operation 18841010 : EXECUTING
12:43:31 INFO  State of operation 18841010 : EXECUTING
12:43:34 INFO  State of operation 18841010 : EXECUTING
12:43:36 INFO  State of operation 18841010 : EXECUTING
12:43:39 INFO  State of operation 18841010 : EXECUTING
12:43:41 INFO  State of operation 18841010 : EXECUTING
12:43:43 INFO  State of operation 18841010 : EXECUTING
12:43:45 INFO  State of operation 18841010 : EXECUTING
12:43:48 INFO  State of operation 18841010 : EXECUTING
12:43:50 INFO  State of operation 18841010 : EXECUTING
12:43:52 INFO  State of operation 18841010 : EXECUTING
12:43:54 INFO  State of operation 18841010 : EXECUTING
12:43:57 INFO  State of operation 18841010 : EXECUTING
12:44:00 INFO  State of operation 18841010 : EXECUTING
12:44:02 INFO  State of operation 18841010 : EXECUTING
12:44:04 INFO  State of operation 18841010 : EXECUTING
12:44:07 INFO  State of operation 18841010 : EXECUTING
12:44:09 INFO  State of operation 18841010 : EXECUTING
12:44:11 INFO  State of operation 18841010 : EXECUTING
12:44:14 INFO  State of operation 18841010 : EXECUTING
12:44:16 INFO  State of operation 18841010 : EXECUTING
12:44:19 INFO  State of operation 18841010 : EXECUTING
12:44:21 INFO  State of operation 18841010 : SUCCESSFUL
12:44:21 INFO  Assert that (False == value) with value=False ... passed
12:44:21 INFO  Assert that (False == value) with value=False ... passed
12:44:22 INFO  Assert that (False == value) with value=False ... passed
12:44:22 INFO  Assert that (False == value) with value=False ... passed
12:44:22 INFO  
12:44:22 INFO  cleanup:
12:44:26 INFO  Executed sudo&lt;tedge_disconnect_c8y&gt;, exit status 0
12:44:26 INFO  Executed systemctl&lt;serv_mapper5&gt;, exit status 3
12:44:26 INFO  
12:44:26 INFO  Test duration: 139.92 secs
12:44:26 INFO  Test final outcome:  FAILED
12:44:26 INFO  Test outcome reason: Assert that (False == value) with value=True (+2 other failures)
12:44:26 INFO  
</system-out>
	</testcase>
</testsuite><testsuite name="SoftwareManagement.sm_apt_install_remove_multiple_mixed" tests="3" errors="0" failures="2" skipped="1" time="0"><testcase classname="PySysTest" name="SoftwareManagement.sm_apt_install_remove_multiple_mixed">
		<skipped message="SKIPPED: Testing the apt plugin is not supported on this platform.Use parameter -XmyPlatform='container' to enable it" />
		<system-out>11:42:20 INFO  ==============================================================
11:42:20 INFO  Id:    SoftwareManagement.sm_apt_install_remove_multiple_mixed
11:42:20 INFO  Dir:   software_management_end_to_end/
11:42:20 INFO  Title: Validate end to end behaviour for the apt plugin for multiple packages with mixed versions
11:42:20 INFO  ==============================================================
11:42:20 INFO  Testing the apt plugin is not supported on this platform.Use parameter -XmyPlatform='container' to enable it ... skipped
11:42:20 WARN  Aborted test due to SKIPPED outcome
11:42:20 INFO  
11:42:20 INFO  Test duration: 0.03 secs
11:42:20 INFO  Test final outcome:  SKIPPED
11:42:20 INFO  Test outcome reason: Testing the apt plugin is not supported on this platform.Use parameter -XmyPlatform='container' to enable it
11:42:20 INFO  
</system-out>
	</testcase>
<testcase classname="PySysTest" name="SoftwareManagement.sm_apt_install_remove_multiple_mixed">
		<failure message="BLOCKED: SystemError: Timeout while waiting for status SUCCESSFUL or False" type="BLOCKED" />
		<system-out>12:18:29 INFO  ==============================================================
12:18:29 INFO  Id:    SoftwareManagement.sm_apt_install_remove_multiple_mixed
12:18:29 INFO  Dir:   software_management_end_to_end/
12:18:29 INFO  Title: Validate end to end behaviour for the apt plugin for multiple packages with mixed versions
12:18:29 INFO  ==============================================================
12:18:29 INFO  Using sw id database: {'asciijump': '5475369', 'robotfindskitten': '5474869', 'squirrel3': '5475279', 'rolldice': '5152439', 'moon-buggy': '5439204', 'apple': '5495053', 'banana': '5494888', 'cherry': '5495382', 'watermelon': '5494510', 'registry': '8018911', 'hello-world': '8021526', 'docker/getting-started': '8021973', 'alpine': '7991792'}
12:18:29 INFO  EnvironmentC8y Setup
12:18:29 INFO  Executed systemctl&lt;serv_mapper1&gt;, exit status 3
12:18:30 INFO  Restarting mosquitto too frequently in the last 10 seconds. It was only up for 5 seconds
12:18:30 INFO  Delaying execution by 6 seconds
12:18:49 INFO  Executed sudo&lt;tedge_connect_c8y&gt;, exit status 0, duration 13 secs
12:18:50 INFO  Executed sudo&lt;tedge_connect_c8y_test&gt;, exit status 0
12:18:50 INFO  Executed systemctl&lt;serv_mosq2&gt;, exit status 0
12:18:51 INFO  Executed systemctl&lt;serv_mapper3&gt;, exit status 0
12:18:53 INFO  State of current operation: SUCCESSFUL
12:18:53 INFO  Assert that (False == value) with value=False ... passed
12:18:54 INFO  Assert that (False == value) with value=False ... passed
12:18:54 INFO  Assert that (False == value) with value=False ... passed
12:18:54 INFO  Assert that (False == value) with value=False ... passed
12:18:54 INFO  Assert that (False == value) with value=False ... passed
12:18:56 INFO  Response status: 201
12:18:56 INFO  Response to action: {
    "delivery": {
        "time": "2022-05-11T12:18:56.107Z",
        "log": [],
        "status": "PENDING"
    },
    "creationTime": "2022-05-11T12:18:56.094Z",
    "deviceName": "mythicb",
    "deviceId": "18811612",
    "self": "https://t493319102.eu-latest.cumulocity.com/devicecontrol/operations/18840572",
    "id": "18840572",
    "status": "PENDING",
    "description": "Apply software changes, triggered from PySys: [{'action': 'install', 'id': '5475369', 'name': 'asciijump', 'url': ' ', 'version': '::apt'}, {'action': 'install', 'id': '5474869', 'name': 'robotfindskitten', 'url': ' ', 'version': ' '}, {'action': 'install', 'id': '5475279', 'name': 'squirrel3', 'url': ' ', 'version': '3.1-7::apt'}, {'action': 'install', 'id': '5152439', 'name': 'rolldice', 'url': ' ', 'version': '1.16-1+b1'}, {'action': 'install', 'id': '5439204', 'name': 'moon-buggy', 'url': ' ', 'version': '1:1.0.51-12'}, {'action': 'install', 'id': '5475369', 'name': 'asciijump', 'url': ' ', 'version': '::apt'}]",
    "c8y_SoftwareUpdate": [
        {
            "name": "asciijump",
            "action": "install",
            "id": "5475369",
            "version": "::apt",
            "url": " "
        },
        {
            "name": "robotfindskitten",
            "action": "install",
            "id": "5474869",
            "version": " ",
            "url": " "
        },
        {
            "name": "squirrel3",
            "action": "install",
            "id": "5475279",
            "version": "3.1-7::apt",
            "url": " "
        },
        {
            "name": "rolldice",
            "action": "install",
            "id": "5152439",
            "version": "1.16-1+b1",
            "url": " "
        },
        {
            "name": "moon-buggy",
            "action": "install",
            "id": "5439204",
            "version": "1:1.0.51-12",
            "url": " "
        },
        {
            "name": "asciijump",
            "action": "install",
            "id": "5475369",
            "version": "::apt",
            "url": " "
        }
    ]
}
12:18:56 INFO  Started operation: {'delivery': {'time': '2022-05-11T12:18:56.107Z', 'log': [], 'status': 'PENDING'}, 'creationTime': '2022-05-11T12:18:56.094Z', 'deviceName': 'mythicb', 'deviceId': '18811612', 'self': 'https://t493319102.eu-latest.cumulocity.com/devicecontrol/operations/18840572', 'id': '18840572', 'status': 'PENDING', 'description': "Apply software changes, triggered from PySys: [{'action': 'install', 'id': '5475369', 'name': 'asciijump', 'url': ' ', 'version': '::apt'}, {'action': 'install', 'id': '5474869', 'name': 'robotfindskitten', 'url': ' ', 'version': ' '}, {'action': 'install', 'id': '5475279', 'name': 'squirrel3', 'url': ' ', 'version': '3.1-7::apt'}, {'action': 'install', 'id': '5152439', 'name': 'rolldice', 'url': ' ', 'version': '1.16-1+b1'}, {'action': 'install', 'id': '5439204', 'name': 'moon-buggy', 'url': ' ', 'version': '1:1.0.51-12'}, {'action': 'install', 'id': '5475369', 'name': 'asciijump', 'url': ' ', 'version': '::apt'}]", 'c8y_SoftwareUpdate': [{'name': 'asciijump', 'action': 'install', 'id': '5475369', 'version': '::apt', 'url': ' '}, {'name': 'robotfindskitten', 'action': 'install', 'id': '5474869', 'version': ' ', 'url': ' '}, {'name': 'squirrel3', 'action': 'install', 'id': '5475279', 'version': '3.1-7::apt', 'url': ' '}, {'name': 'rolldice', 'action': 'install', 'id': '5152439', 'version': '1.16-1+b1', 'url': ' '}, {'name': 'moon-buggy', 'action': 'install', 'id': '5439204', 'version': '1:1.0.51-12', 'url': ' '}, {'name': 'asciijump', 'action': 'install', 'id': '5475369', 'version': '::apt', 'url': ' '}]}
12:18:58 INFO  State of operation 18840572 : PENDING
12:19:00 INFO  State of operation 18840572 : EXECUTING
12:19:02 INFO  State of operation 18840572 : EXECUTING
12:19:05 INFO  State of operation 18840572 : EXECUTING
12:19:07 INFO  State of operation 18840572 : EXECUTING
12:19:09 INFO  State of operation 18840572 : EXECUTING
12:19:12 INFO  State of operation 18840572 : EXECUTING
12:19:15 INFO  State of operation 18840572 : EXECUTING
12:19:17 INFO  State of operation 18840572 : EXECUTING
12:19:20 INFO  State of operation 18840572 : EXECUTING
12:19:22 INFO  State of operation 18840572 : EXECUTING
12:19:24 INFO  State of operation 18840572 : EXECUTING
12:19:26 INFO  State of operation 18840572 : EXECUTING
12:19:29 INFO  State of operation 18840572 : EXECUTING
12:19:31 INFO  State of operation 18840572 : EXECUTING
12:19:33 INFO  State of operation 18840572 : EXECUTING
12:19:36 INFO  State of operation 18840572 : EXECUTING
12:19:38 INFO  State of operation 18840572 : EXECUTING
12:19:41 INFO  State of operation 18840572 : EXECUTING
12:19:43 INFO  State of operation 18840572 : EXECUTING
12:19:45 INFO  State of operation 18840572 : EXECUTING
12:19:48 INFO  State of operation 18840572 : EXECUTING
12:19:50 INFO  State of operation 18840572 : EXECUTING
12:19:52 INFO  State of operation 18840572 : EXECUTING
12:19:55 INFO  State of operation 18840572 : EXECUTING
12:19:57 INFO  State of operation 18840572 : EXECUTING
12:20:00 INFO  State of operation 18840572 : EXECUTING
12:20:02 INFO  State of operation 18840572 : EXECUTING
12:20:04 INFO  State of operation 18840572 : EXECUTING
12:20:07 INFO  State of operation 18840572 : EXECUTING
12:20:09 INFO  State of operation 18840572 : EXECUTING
12:20:11 INFO  State of operation 18840572 : EXECUTING
12:20:14 INFO  State of operation 18840572 : EXECUTING
12:20:16 INFO  State of operation 18840572 : EXECUTING
12:20:18 INFO  State of operation 18840572 : EXECUTING
12:20:20 INFO  State of operation 18840572 : EXECUTING
12:20:22 INFO  State of operation 18840572 : EXECUTING
12:20:25 INFO  State of operation 18840572 : EXECUTING
12:20:28 INFO  State of operation 18840572 : EXECUTING
12:20:31 INFO  State of operation 18840572 : EXECUTING
12:20:33 INFO  State of operation 18840572 : EXECUTING
12:20:35 INFO  State of operation 18840572 : EXECUTING
12:20:38 INFO  State of operation 18840572 : EXECUTING
12:20:40 INFO  State of operation 18840572 : EXECUTING
12:20:42 INFO  State of operation 18840572 : EXECUTING
12:20:44 INFO  State of operation 18840572 : EXECUTING
12:20:46 INFO  State of operation 18840572 : EXECUTING
12:20:49 INFO  State of operation 18840572 : EXECUTING
12:20:51 INFO  State of operation 18840572 : EXECUTING
12:20:53 INFO  State of operation 18840572 : EXECUTING
12:20:56 INFO  State of operation 18840572 : EXECUTING
12:20:59 INFO  State of operation 18840572 : EXECUTING
12:21:01 INFO  State of operation 18840572 : EXECUTING
12:21:03 INFO  State of operation 18840572 : EXECUTING
12:21:06 INFO  State of operation 18840572 : EXECUTING
12:21:08 INFO  State of operation 18840572 : EXECUTING
12:21:11 INFO  State of operation 18840572 : EXECUTING
12:21:13 INFO  State of operation 18840572 : EXECUTING
12:21:16 INFO  State of operation 18840572 : EXECUTING
12:21:18 INFO  State of operation 18840572 : EXECUTING
12:21:21 INFO  State of operation 18840572 : EXECUTING
12:21:23 WARN  SystemError occurred while running test - Timeout while waiting for status SUCCESSFUL or False
Traceback (most recent call last):
  File "/home/pi/env-pysys/lib/python3.7/site-packages/pysys/baserunner.py", line 1294, in __call__
    self.testObj.execute()
  File "/home/pi/actions-runner/_work/thin-edge.io/thin-edge.io/tests/PySys/software_management_end_to_end/sm_apt_install_remove_multiple_mixed/run.py", line 89, in execute
    self.wait_until_succcess()
  File "/home/pi/actions-runner/_work/thin-edge.io/thin-edge.io/tests/PySys/software_management_end_to_end/environment_sm_management.py", line 324, in wait_until_succcess
    self.wait_until_status("SUCCESSFUL")
  File "/home/pi/actions-runner/_work/thin-edge.io/thin-edge.io/tests/PySys/software_management_end_to_end/environment_sm_management.py", line 381, in wait_until_status
    "Timeout while waiting for status %s or %s" % (status, status2)
SystemError: Timeout while waiting for status SUCCESSFUL or False
12:21:23 WARN  SystemError: Timeout while waiting for status SUCCESSFUL or False ... blocked 
12:21:23 INFO  
12:21:23 INFO  cleanup:
12:21:29 INFO  Executed sudo&lt;tedge_disconnect_c8y&gt;, exit status 0
12:21:30 INFO  Executed systemctl&lt;serv_mapper5&gt;, exit status 3
12:21:30 INFO  
12:21:30 INFO  Test duration: 181.51 secs
12:21:30 INFO  Test final outcome:  BLOCKED
12:21:30 INFO  Test outcome reason: SystemError: Timeout while waiting for status SUCCESSFUL or False
12:21:30 INFO  
</system-out>
	</testcase>
<testcase classname="PySysTest" name="SoftwareManagement.sm_apt_install_remove_multiple_mixed">
		<failure message="BLOCKED: SystemError: Timeout while waiting for status SUCCESSFUL or False (+1 other failures)" type="BLOCKED" />
		<system-out>12:44:26 INFO  ==============================================================
12:44:26 INFO  Id:    SoftwareManagement.sm_apt_install_remove_multiple_mixed
12:44:26 INFO  Dir:   software_management_end_to_end/
12:44:26 INFO  Title: Validate end to end behaviour for the apt plugin for multiple packages with mixed versions
12:44:26 INFO  ==============================================================
12:44:26 INFO  Using sw id database: {'asciijump': '5475369', 'robotfindskitten': '5474869', 'squirrel3': '5475279', 'rolldice': '5152439', 'moon-buggy': '5439204', 'apple': '5495053', 'banana': '5494888', 'cherry': '5495382', 'watermelon': '5494510', 'registry': '8018911', 'hello-world': '8021526', 'docker/getting-started': '8021973', 'alpine': '7991792'}
12:44:26 INFO  EnvironmentC8y Setup
12:44:27 INFO  Executed systemctl&lt;serv_mapper1&gt;, exit status 3
12:44:27 INFO  Restarting mosquitto too frequently in the last 10 seconds. It was only up for 4 seconds
12:44:27 INFO  Delaying execution by 7 seconds
12:44:48 INFO  Executed sudo&lt;tedge_connect_c8y&gt;, exit status 0, duration 13 secs
12:44:49 INFO  Executed sudo&lt;tedge_connect_c8y_test&gt;, exit status 0
12:44:49 INFO  Executed systemctl&lt;serv_mosq2&gt;, exit status 0
12:44:50 INFO  Executed systemctl&lt;serv_mapper3&gt;, exit status 0
12:44:52 INFO  State of current operation: SUCCESSFUL
12:44:52 INFO  Assert that (False == value) with value=False ... passed
12:44:52 INFO  Assert that (False == value) with value=False ... passed
12:44:53 INFO  Assert that (False == value) with value=False ... passed
12:44:53 INFO  Assert that (False == value) with value=False ... passed
12:44:53 INFO  Package moon-buggy is installed
12:44:53 WARN  Assert that (False == value) with value=True ... failed 
12:44:54 INFO  Response status: 201
12:44:54 INFO  Response to action: {
    "creationTime": "2022-05-11T12:44:54.908Z",
    "deviceName": "mythicb",
    "deviceId": "18811612",
    "self": "https://t493319102.eu-latest.cumulocity.com/devicecontrol/operations/18841078",
    "id": "18841078",
    "status": "PENDING",
    "description": "Apply software changes, triggered from PySys: [{'action': 'install', 'id': '5475369', 'name': 'asciijump', 'url': ' ', 'version': '::apt'}, {'action': 'install', 'id': '5474869', 'name': 'robotfindskitten', 'url': ' ', 'version': ' '}, {'action': 'install', 'id': '5475279', 'name': 'squirrel3', 'url': ' ', 'version': '3.1-7::apt'}, {'action': 'install', 'id': '5152439', 'name': 'rolldice', 'url': ' ', 'version': '1.16-1+b1'}, {'action': 'install', 'id': '5439204', 'name': 'moon-buggy', 'url': ' ', 'version': '1:1.0.51-12'}, {'action': 'install', 'id': '5475369', 'name': 'asciijump', 'url': ' ', 'version': '::apt'}]",
    "c8y_SoftwareUpdate": [
        {
            "name": "asciijump",
            "action": "install",
            "id": "5475369",
            "version": "::apt",
            "url": " "
        },
        {
            "name": "robotfindskitten",
            "action": "install",
            "id": "5474869",
            "version": " ",
            "url": " "
        },
        {
            "name": "squirrel3",
            "action": "install",
            "id": "5475279",
            "version": "3.1-7::apt",
            "url": " "
        },
        {
            "name": "rolldice",
            "action": "install",
            "id": "5152439",
            "version": "1.16-1+b1",
            "url": " "
        },
        {
            "name": "moon-buggy",
            "action": "install",
            "id": "5439204",
            "version": "1:1.0.51-12",
            "url": " "
        },
        {
            "name": "asciijump",
            "action": "install",
            "id": "5475369",
            "version": "::apt",
            "url": " "
        }
    ]
}
12:44:54 INFO  Started operation: {'creationTime': '2022-05-11T12:44:54.908Z', 'deviceName': 'mythicb', 'deviceId': '18811612', 'self': 'https://t493319102.eu-latest.cumulocity.com/devicecontrol/operations/18841078', 'id': '18841078', 'status': 'PENDING', 'description': "Apply software changes, triggered from PySys: [{'action': 'install', 'id': '5475369', 'name': 'asciijump', 'url': ' ', 'version': '::apt'}, {'action': 'install', 'id': '5474869', 'name': 'robotfindskitten', 'url': ' ', 'version': ' '}, {'action': 'install', 'id': '5475279', 'name': 'squirrel3', 'url': ' ', 'version': '3.1-7::apt'}, {'action': 'install', 'id': '5152439', 'name': 'rolldice', 'url': ' ', 'version': '1.16-1+b1'}, {'action': 'install', 'id': '5439204', 'name': 'moon-buggy', 'url': ' ', 'version': '1:1.0.51-12'}, {'action': 'install', 'id': '5475369', 'name': 'asciijump', 'url': ' ', 'version': '::apt'}]", 'c8y_SoftwareUpdate': [{'name': 'asciijump', 'action': 'install', 'id': '5475369', 'version': '::apt', 'url': ' '}, {'name': 'robotfindskitten', 'action': 'install', 'id': '5474869', 'version': ' ', 'url': ' '}, {'name': 'squirrel3', 'action': 'install', 'id': '5475279', 'version': '3.1-7::apt', 'url': ' '}, {'name': 'rolldice', 'action': 'install', 'id': '5152439', 'version': '1.16-1+b1', 'url': ' '}, {'name': 'moon-buggy', 'action': 'install', 'id': '5439204', 'version': '1:1.0.51-12', 'url': ' '}, {'name': 'asciijump', 'action': 'install', 'id': '5475369', 'version': '::apt', 'url': ' '}]}
12:44:57 INFO  State of operation 18841078 : PENDING
12:44:59 INFO  State of operation 18841078 : EXECUTING
12:45:02 INFO  State of operation 18841078 : EXECUTING
12:45:04 INFO  State of operation 18841078 : EXECUTING
12:45:06 INFO  State of operation 18841078 : EXECUTING
12:45:08 INFO  State of operation 18841078 : EXECUTING
12:45:10 INFO  State of operation 18841078 : EXECUTING
12:45:13 INFO  State of operation 18841078 : EXECUTING
12:45:16 INFO  State of operation 18841078 : EXECUTING
12:45:18 INFO  State of operation 18841078 : EXECUTING
12:45:21 INFO  State of operation 18841078 : EXECUTING
12:45:23 INFO  State of operation 18841078 : EXECUTING
12:45:25 INFO  State of operation 18841078 : EXECUTING
12:45:28 INFO  State of operation 18841078 : EXECUTING
12:45:30 INFO  State of operation 18841078 : EXECUTING
12:45:32 INFO  State of operation 18841078 : EXECUTING
12:45:34 INFO  State of operation 18841078 : EXECUTING
12:45:37 INFO  State of operation 18841078 : EXECUTING
12:45:39 INFO  State of operation 18841078 : EXECUTING
12:45:42 INFO  State of operation 18841078 : EXECUTING
12:45:44 INFO  State of operation 18841078 : EXECUTING
12:45:46 INFO  State of operation 18841078 : EXECUTING
12:45:49 INFO  State of operation 18841078 : EXECUTING
12:45:51 INFO  State of operation 18841078 : EXECUTING
12:45:54 INFO  State of operation 18841078 : EXECUTING
12:45:56 INFO  State of operation 18841078 : EXECUTING
12:45:59 INFO  State of operation 18841078 : EXECUTING
12:46:02 INFO  State of operation 18841078 : EXECUTING
12:46:04 INFO  State of operation 18841078 : EXECUTING
12:46:07 INFO  State of operation 18841078 : EXECUTING
12:46:09 INFO  State of operation 18841078 : EXECUTING
12:46:11 INFO  State of operation 18841078 : EXECUTING
12:46:14 INFO  State of operation 18841078 : EXECUTING
12:46:16 INFO  State of operation 18841078 : EXECUTING
12:46:18 INFO  State of operation 18841078 : EXECUTING
12:46:20 INFO  State of operation 18841078 : EXECUTING
12:46:22 INFO  State of operation 18841078 : EXECUTING
12:46:25 INFO  State of operation 18841078 : EXECUTING
12:46:27 INFO  State of operation 18841078 : EXECUTING
12:46:30 INFO  State of operation 18841078 : EXECUTING
12:46:33 INFO  State of operation 18841078 : EXECUTING
12:46:35 INFO  State of operation 18841078 : EXECUTING
12:46:42 INFO  State of operation 18841078 : EXECUTING
12:46:44 INFO  State of operation 18841078 : EXECUTING
12:46:47 INFO  State of operation 18841078 : EXECUTING
12:46:49 INFO  State of operation 18841078 : EXECUTING
12:46:51 INFO  State of operation 18841078 : EXECUTING
12:46:53 INFO  State of operation 18841078 : EXECUTING
12:46:57 INFO  State of operation 18841078 : EXECUTING
12:46:59 INFO  State of operation 18841078 : EXECUTING
12:47:01 INFO  State of operation 18841078 : EXECUTING
12:47:04 INFO  State of operation 18841078 : EXECUTING
12:47:07 INFO  State of operation 18841078 : EXECUTING
12:47:09 INFO  State of operation 18841078 : EXECUTING
12:47:11 INFO  State of operation 18841078 : EXECUTING
12:47:14 INFO  State of operation 18841078 : EXECUTING
12:47:16 INFO  State of operation 18841078 : EXECUTING
12:47:18 INFO  State of operation 18841078 : EXECUTING
12:47:21 INFO  State of operation 18841078 : EXECUTING
12:47:23 INFO  State of operation 18841078 : EXECUTING
12:47:25 INFO  State of operation 18841078 : EXECUTING
12:47:27 WARN  SystemError occurred while running test - Timeout while waiting for status SUCCESSFUL or False
Traceback (most recent call last):
  File "/home/pi/env-pysys/lib/python3.7/site-packages/pysys/baserunner.py", line 1294, in __call__
    self.testObj.execute()
  File "/home/pi/actions-runner/_work/thin-edge.io/thin-edge.io/tests/PySys/software_management_end_to_end/sm_apt_install_remove_multiple_mixed/run.py", line 89, in execute
    self.wait_until_succcess()
  File "/home/pi/actions-runner/_work/thin-edge.io/thin-edge.io/tests/PySys/software_management_end_to_end/environment_sm_management.py", line 324, in wait_until_succcess
    self.wait_until_status("SUCCESSFUL")
  File "/home/pi/actions-runner/_work/thin-edge.io/thin-edge.io/tests/PySys/software_management_end_to_end/environment_sm_management.py", line 381, in wait_until_status
    "Timeout while waiting for status %s or %s" % (status, status2)
SystemError: Timeout while waiting for status SUCCESSFUL or False
12:47:27 WARN  SystemError: Timeout while waiting for status SUCCESSFUL or False ... blocked 
12:47:27 INFO  
12:47:27 INFO  cleanup:
12:47:32 INFO  Executed sudo&lt;tedge_disconnect_c8y&gt;, exit status 0
12:47:33 INFO  Executed systemctl&lt;serv_mapper5&gt;, exit status 3
12:47:33 INFO  
12:47:33 INFO  Test duration: 186.29 secs
12:47:33 INFO  Test final outcome:  BLOCKED
12:47:33 INFO  Test outcome reason: SystemError: Timeout while waiting for status SUCCESSFUL or False (+1 other failures)
12:47:33 INFO  
</system-out>
	</testcase>
</testsuite><testsuite name="SoftwareManagement.sm_apt_install_remove_with_version" tests="3" errors="0" failures="0" skipped="1" time="0"><testcase classname="PySysTest" name="SoftwareManagement.sm_apt_install_remove_with_version">
		<skipped message="SKIPPED: Testing the apt plugin is not supported on this platform.Use parameter -XmyPlatform='container' to enable it" />
		<system-out>11:42:20 INFO  ==============================================================
11:42:20 INFO  Id:    SoftwareManagement.sm_apt_install_remove_with_version
11:42:20 INFO  Dir:   software_management_end_to_end/
11:42:20 INFO  Title: Validate end to end behaviour for the apt plugin for packages with version
11:42:20 INFO  ==============================================================
11:42:20 INFO  Testing the apt plugin is not supported on this platform.Use parameter -XmyPlatform='container' to enable it ... skipped
11:42:20 WARN  Aborted test due to SKIPPED outcome
11:42:20 INFO  
11:42:20 INFO  Test duration: 0.02 secs
11:42:20 INFO  Test final outcome:  SKIPPED
11:42:20 INFO  Test outcome reason: Testing the apt plugin is not supported on this platform.Use parameter -XmyPlatform='container' to enable it
11:42:20 INFO  
</system-out>
	</testcase>
<testcase classname="PySysTest" name="SoftwareManagement.sm_apt_install_remove_with_version" />
<testcase classname="PySysTest" name="SoftwareManagement.sm_apt_install_remove_with_version" />
</testsuite><testsuite name="SoftwareManagement.sm_docker_install_remove_multiple" tests="3" errors="0" failures="1" skipped="1" time="0"><testcase classname="SMDockerInstallRemove" name="SoftwareManagement.sm_docker_install_remove_multiple">
		<skipped message="SKIPPED: Testing the apt plugin is not supported on this platform.Use parameter -XmyPlatform='container' to enable it" />
		<system-out>11:42:20 INFO  ==============================================================
11:42:20 INFO  Id:    SoftwareManagement.sm_docker_install_remove_multiple
11:42:20 INFO  Dir:   software_management_end_to_end/
11:42:20 INFO  Title: Validate end to end behaviour for the docker plugin for multiple docker images with mixed versions
11:42:20 INFO  ==============================================================
11:42:20 INFO  Testing the apt plugin is not supported on this platform.Use parameter -XmyPlatform='container' to enable it ... skipped
11:42:20 WARN  Aborted test due to SKIPPED outcome
11:42:20 INFO  
11:42:20 INFO  Test duration: 0.02 secs
11:42:20 INFO  Test final outcome:  SKIPPED
11:42:20 INFO  Test outcome reason: Testing the apt plugin is not supported on this platform.Use parameter -XmyPlatform='container' to enable it
11:42:20 INFO  
</system-out>
	</testcase>
<testcase classname="SMDockerInstallRemove" name="SoftwareManagement.sm_docker_install_remove_multiple" />
<testcase classname="SMDockerInstallRemove" name="SoftwareManagement.sm_docker_install_remove_multiple">
		<failure message="BLOCKED: SystemError: The operation has failed" type="BLOCKED" />
		<system-out>12:50:11 INFO  ==============================================================
12:50:11 INFO  Id:    SoftwareManagement.sm_docker_install_remove_multiple
12:50:11 INFO  Dir:   software_management_end_to_end/
12:50:11 INFO  Title: Validate end to end behaviour for the docker plugin for multiple docker images with mixed versions
12:50:11 INFO  ==============================================================
12:50:11 INFO  Using sw id database: {'asciijump': '5475369', 'robotfindskitten': '5474869', 'squirrel3': '5475279', 'rolldice': '5152439', 'moon-buggy': '5439204', 'apple': '5495053', 'banana': '5494888', 'cherry': '5495382', 'watermelon': '5494510', 'registry': '8018911', 'hello-world': '8021526', 'docker/getting-started': '8021973', 'alpine': '7991792'}
12:50:11 INFO  EnvironmentC8y Setup
12:50:11 INFO  Executed systemctl&lt;serv_mapper1&gt;, exit status 3
12:50:11 INFO  Restarting mosquitto too frequently in the last 10 seconds. It was only up for 5 seconds
12:50:11 INFO  Delaying execution by 6 seconds
12:50:31 INFO  Executed sudo&lt;tedge_connect_c8y&gt;, exit status 0, duration 14 secs
12:50:32 INFO  Executed sudo&lt;tedge_connect_c8y_test&gt;, exit status 0
12:50:33 INFO  Executed systemctl&lt;serv_mosq2&gt;, exit status 0
12:50:33 INFO  Executed systemctl&lt;serv_mapper3&gt;, exit status 0
12:50:35 INFO  State of current operation: SUCCESSFUL
12:50:35 INFO  Response status: 201
12:50:35 INFO  Response to action: {
    "creationTime": "2022-05-11T12:50:35.936Z",
    "deviceName": "mythicb",
    "deviceId": "18811612",
    "self": "https://t493319102.eu-latest.cumulocity.com/devicecontrol/operations/18857189",
    "id": "18857189",
    "status": "PENDING",
    "description": "Apply software changes, triggered from PySys: [{'action': 'install', 'id': '8021526', 'name': 'hello-world', 'url': '', 'version': '::docker'}, {'action': 'install', 'id': '8018911', 'name': 'registry', 'url': '', 'version': '2.6.2::docker'}]",
    "c8y_SoftwareUpdate": [
        {
            "name": "hello-world",
            "action": "install",
            "id": "8021526",
            "version": "::docker",
            "url": ""
        },
        {
            "name": "registry",
            "action": "install",
            "id": "8018911",
            "version": "2.6.2::docker",
            "url": ""
        }
    ]
}
12:50:35 INFO  Started operation: {'creationTime': '2022-05-11T12:50:35.936Z', 'deviceName': 'mythicb', 'deviceId': '18811612', 'self': 'https://t493319102.eu-latest.cumulocity.com/devicecontrol/operations/18857189', 'id': '18857189', 'status': 'PENDING', 'description': "Apply software changes, triggered from PySys: [{'action': 'install', 'id': '8021526', 'name': 'hello-world', 'url': '', 'version': '::docker'}, {'action': 'install', 'id': '8018911', 'name': 'registry', 'url': '', 'version': '2.6.2::docker'}]", 'c8y_SoftwareUpdate': [{'name': 'hello-world', 'action': 'install', 'id': '8021526', 'version': '::docker', 'url': ''}, {'name': 'registry', 'action': 'install', 'id': '8018911', 'version': '2.6.2::docker', 'url': ''}]}
12:50:38 INFO  State of operation 18857189 : PENDING
12:50:40 INFO  State of operation 18857189 : EXECUTING
12:50:42 INFO  State of operation 18857189 : EXECUTING
12:50:44 INFO  State of operation 18857189 : EXECUTING
12:50:47 INFO  State of operation 18857189 : EXECUTING
12:50:49 INFO  State of operation 18857189 : EXECUTING
12:50:51 INFO  State of operation 18857189 : EXECUTING
12:50:54 INFO  State of operation 18857189 : EXECUTING
12:50:56 INFO  State of operation 18857189 : EXECUTING
12:50:58 INFO  State of operation 18857189 : EXECUTING
12:51:00 INFO  State of operation 18857189 : EXECUTING
12:51:03 INFO  State of operation 18857189 : EXECUTING
12:51:05 INFO  State of operation 18857189 : EXECUTING
12:51:07 INFO  State of operation 18857189 : EXECUTING
12:51:10 INFO  State of operation 18857189 : EXECUTING
12:51:12 INFO  State of operation 18857189 : EXECUTING
12:51:14 INFO  State of operation 18857189 : EXECUTING
12:51:16 INFO  State of operation 18857189 : SUCCESSFUL
12:51:17 INFO  Package hello-world is installed
12:51:18 INFO  Package hello-world is installed
12:51:18 INFO  Assert that (True == value) with value=True ... passed
12:51:18 INFO  Package registry is installed
12:51:18 INFO  Assert that (True == value) with value=True ... passed
12:51:18 INFO  Assert that (False == value) with value=False ... passed
12:51:18 INFO  Response status: 201
12:51:18 INFO  Response to action: {
    "creationTime": "2022-05-11T12:51:18.829Z",
    "deviceName": "mythicb",
    "deviceId": "18811612",
    "self": "https://t493319102.eu-latest.cumulocity.com/devicecontrol/operations/18857195",
    "id": "18857195",
    "status": "PENDING",
    "description": "Apply software changes, triggered from PySys: [{'action': 'install', 'id': '8018911', 'name': 'registry', 'url': '', 'version': '2.7.1::docker'}, {'action': 'install', 'id': '7991792', 'name': 'alpine', 'url': '', 'version': '::docker'}]",
    "c8y_SoftwareUpdate": [
        {
            "name": "registry",
            "action": "install",
            "id": "8018911",
            "version": "2.7.1::docker",
            "url": ""
        },
        {
            "name": "alpine",
            "action": "install",
            "id": "7991792",
            "version": "::docker",
            "url": ""
        }
    ]
}
12:51:18 INFO  Started operation: {'creationTime': '2022-05-11T12:51:18.829Z', 'deviceName': 'mythicb', 'deviceId': '18811612', 'self': 'https://t493319102.eu-latest.cumulocity.com/devicecontrol/operations/18857195', 'id': '18857195', 'status': 'PENDING', 'description': "Apply software changes, triggered from PySys: [{'action': 'install', 'id': '8018911', 'name': 'registry', 'url': '', 'version': '2.7.1::docker'}, {'action': 'install', 'id': '7991792', 'name': 'alpine', 'url': '', 'version': '::docker'}]", 'c8y_SoftwareUpdate': [{'name': 'registry', 'action': 'install', 'id': '8018911', 'version': '2.7.1::docker', 'url': ''}, {'name': 'alpine', 'action': 'install', 'id': '7991792', 'version': '::docker', 'url': ''}]}
12:51:21 INFO  State of operation 18857195 : PENDING
12:51:23 INFO  State of operation 18857195 : EXECUTING
12:51:25 INFO  State of operation 18857195 : EXECUTING
12:51:27 INFO  State of operation 18857195 : EXECUTING
12:51:30 INFO  State of operation 18857195 : EXECUTING
12:51:32 INFO  State of operation 18857195 : EXECUTING
12:51:34 INFO  State of operation 18857195 : EXECUTING
12:51:36 INFO  State of operation 18857195 : EXECUTING
12:51:38 INFO  State of operation 18857195 : EXECUTING
12:51:41 INFO  State of operation 18857195 : EXECUTING
12:51:43 INFO  State of operation 18857195 : EXECUTING
12:51:46 INFO  State of operation 18857195 : EXECUTING
12:51:48 INFO  State of operation 18857195 : EXECUTING
12:51:50 INFO  State of operation 18857195 : EXECUTING
12:51:52 INFO  State of operation 18857195 : EXECUTING
12:51:55 INFO  State of operation 18857195 : EXECUTING
12:51:57 INFO  State of operation 18857195 : EXECUTING
12:51:59 INFO  State of operation 18857195 : FAILED
12:51:59 ERROR Stopping as the operation has failed
12:51:59 WARN  SystemError occurred while running test - The operation has failed
Traceback (most recent call last):
  File "/home/pi/env-pysys/lib/python3.7/site-packages/pysys/baserunner.py", line 1294, in __call__
    self.testObj.execute()
  File "/home/pi/actions-runner/_work/thin-edge.io/thin-edge.io/tests/PySys/software_management_end_to_end/sm_docker_install_remove_multiple/run.py", line 91, in execute
    self.wait_until_succcess()
  File "/home/pi/actions-runner/_work/thin-edge.io/thin-edge.io/tests/PySys/software_management_end_to_end/environment_sm_management.py", line 324, in wait_until_succcess
    self.wait_until_status("SUCCESSFUL")
  File "/home/pi/actions-runner/_work/thin-edge.io/thin-edge.io/tests/PySys/software_management_end_to_end/environment_sm_management.py", line 361, in wait_until_status
    raise SystemError("The operation has failed")
SystemError: The operation has failed
12:51:59 WARN  SystemError: The operation has failed ... blocked 
12:51:59 INFO  
12:51:59 INFO  cleanup:
12:51:59 INFO  Response status: 201
12:51:59 INFO  Response to action: {
    "creationTime": "2022-05-11T12:51:59.783Z",
    "deviceName": "mythicb",
    "deviceId": "18811612",
    "self": "https://t493319102.eu-latest.cumulocity.com/devicecontrol/operations/18857207",
    "id": "18857207",
    "status": "PENDING",
[...]
12:29:05 INFO  Removing containers scheduled to be cleaned up: ['3816e7466a8a', 'd22e8c9c3363', '79c823c6cc2256793275d8b821dd3d157bdc6d9e934289d89f8a02569c4782c6\n', '2067ff7b02840c7b50517d789980e6a3f349f4c212dc64741f83a9953297035b\n', '0c86378a10c3d1aebc5d75828e89ca59f6e7048dc87a56a6537eb712eb3ba1b4\n', '']
12:29:05 WARN  Executed sudo&lt;containers_for_cleanup&gt;, exit status 1
12:29:05 INFO  Removing images scheduled to be cleaned up: ['registry', 'registry', 'registry:2.7.1', 'registry', 'registry:2.7.1', 'registry:2.6.2', 'registry:2.7.1']
12:29:09 INFO  Executed sudo&lt;containers_for_cleanup&gt;, exit status 0
12:29:09 INFO  
12:29:09 INFO  Test duration: 38.59 secs
12:29:09 INFO  Test final outcome:  BLOCKED
12:29:09 INFO  Test outcome reason: sudo&lt;plugin_install&gt; returned non-zero exit code 2 (+1 other failures)
12:29:09 INFO  
</system-out>
	</testcase>
</testsuite><testsuite name="invalid_device_id" tests="1" errors="0" failures="0" skipped="0" time="0"><testcase classname="InvalidDeviceId" name="invalid_device_id" />
</testsuite><testsuite name="local_mqtt_pub_fail_noqos" tests="1" errors="0" failures="0" skipped="0" time="0"><testcase classname="PySysTest" name="local_mqtt_pub_fail_noqos" />
</testsuite><testsuite name="local_mqtt_pub_fail_qos0" tests="1" errors="0" failures="0" skipped="0" time="0"><testcase classname="PySysTest" name="local_mqtt_pub_fail_qos0" />
</testsuite><testsuite name="local_mqtt_pub_fail_qos1" tests="1" errors="0" failures="0" skipped="0" time="0"><testcase classname="PySysTest" name="local_mqtt_pub_fail_qos1" />
</testsuite><testsuite name="local_mqtt_pub_fail_qos2" tests="1" errors="0" failures="0" skipped="0" time="0"><testcase classname="PySysTest" name="local_mqtt_pub_fail_qos2" />
</testsuite><testsuite name="local_mqtt_pub_sub" tests="1" errors="0" failures="0" skipped="0" time="0"><testcase classname="PySysTest" name="local_mqtt_pub_sub" />
</testsuite><testsuite name="local_mqtt_pub_sub_retain" tests="1" errors="0" failures="0" skipped="0" time="0"><testcase classname="MqttPublishWithRetain" name="local_mqtt_pub_sub_retain" />
</testsuite><testsuite name="local_mqtt_pub_sub_with_sudo" tests="1" errors="0" failures="0" skipped="0" time="0"><testcase classname="PySysTest" name="local_mqtt_pub_sub_with_sudo" />
</testsuite><testsuite name="local_mqtt_sub_fail" tests="1" errors="0" failures="0" skipped="0" time="0"><testcase classname="PySysTest" name="local_mqtt_sub_fail" />
</testsuite><testsuite name="log_request_error_messages" tests="1" errors="0" failures="0" skipped="1" time="0"><testcase classname="LogRequestVerifySearchTextError" name="log_request_error_messages">
		<skipped message="SKIPPED: Test execution disabled due to #1123" />
		<system-out>11:31:05 INFO  ==============================================================
11:31:05 INFO  Id:    log_request_error_messages
11:31:05 INFO  Dir:   log_request_end_to_end/
11:31:05 INFO  Title: Validate end to end behaviour for the log request operation check for error messages
11:31:05 INFO  ==============================================================
11:31:06 INFO  Test execution disabled due to #1123 ... skipped
11:31:06 INFO  
11:31:06 INFO  Test duration: 1.32 secs
11:31:06 INFO  Test final outcome:  SKIPPED
11:31:06 INFO  Test outcome reason: Test execution disabled due to #1123
11:31:06 INFO  
</system-out>
	</testcase>
</testsuite><testsuite name="log_request_num_lines" tests="1" errors="0" failures="0" skipped="1" time="0"><testcase classname="LogRequestVerifyNumberOfLines" name="log_request_num_lines">
		<skipped message="SKIPPED: Test execution disabled due to #1123" />
		<system-out>11:31:06 INFO  ==============================================================
11:31:06 INFO  Id:    log_request_num_lines
11:31:06 INFO  Dir:   log_request_end_to_end/
11:31:06 INFO  Title: Validate end to end behaviour for the log request operation check for number of lines
11:31:06 INFO  ==============================================================
11:31:06 INFO  Test execution disabled due to #1123 ... skipped
11:31:06 INFO  
11:31:06 INFO  Test duration: 0.03 secs
11:31:06 INFO  Test final outcome:  SKIPPED
11:31:06 INFO  Test outcome reason: Test execution disabled due to #1123
11:31:06 INFO  
</system-out>
	</testcase>
</testsuite><testsuite name="mapper_awaits_before_reconnect" tests="1" errors="0" failures="0" skipped="0" time="0"><testcase classname="MapperReconnectAwait" name="mapper_awaits_before_reconnect" />
</testsuite><testsuite name="monitoring_smaller_interval" tests="1" errors="0" failures="0" skipped="1" time="0"><testcase classname="MonitoringSmallInterval" name="monitoring_smaller_interval">
		<skipped message="SKIPPED: Fails due to retained message" />
		<system-out>11:32:35 INFO  ==============================================================
11:32:35 INFO  Id:    monitoring_smaller_interval
11:32:35 INFO  Dir:   monitoring/
11:32:35 INFO  Title: Validate the tedge dm agent messages that are produced with smaller sampling interval than the batching window. Here the simulated collectd messages are used
11:32:35 INFO  ==============================================================
11:32:35 INFO  Fails due to retained message ... skipped
11:32:35 INFO  
11:32:35 INFO  Test duration: 0.04 secs
11:32:35 INFO  Test final outcome:  SKIPPED
11:32:35 INFO  Test outcome reason: Fails due to retained message
11:32:35 INFO  
</system-out>
	</testcase>
</testsuite><testsuite name="monitoring_with_collectd" tests="1" errors="0" failures="0" skipped="1" time="0"><testcase classname="MonitoringWithCollectd" name="monitoring_with_collectd">
		<skipped message="SKIPPED: Test execution disabled due to #792 (instable)" />
		<system-out>11:32:35 INFO  ==============================================================
11:32:35 INFO  Id:    monitoring_with_collectd
11:32:35 INFO  Dir:   monitoring/
11:32:35 INFO  Title: Validate tedge dm agent messages that are produced by batching the collectd messages
11:32:35 INFO  ==============================================================
11:32:35 INFO  Test execution disabled due to #792 (instable) ... skipped
11:32:35 INFO  
11:32:35 INFO  Test duration: 0.02 secs
11:32:35 INFO  Test final outcome:  SKIPPED
11:32:35 INFO  Test outcome reason: Test execution disabled due to #792 (instable)
11:32:35 INFO  
</system-out>
	</testcase>
</testsuite><testsuite name="monitoring_with_simulated_messages" tests="1" errors="0" failures="0" skipped="1" time="0"><testcase classname="MonitoringWithSimulatedMessages" name="monitoring_with_simulated_messages">
		<skipped message="SKIPPED: Fails due to retained message" />
		<system-out>11:32:35 INFO  ==============================================================
11:32:35 INFO  Id:    monitoring_with_simulated_messages
11:32:35 INFO  Dir:   monitoring/
11:32:35 INFO  Title: Validate the tedge dm agent messages that are produced from the simulated collectd messages
11:32:35 INFO  ==============================================================
11:32:35 INFO  Fails due to retained message ... skipped
11:32:35 INFO  
11:32:35 INFO  Test duration: 0.03 secs
11:32:35 INFO  Test final outcome:  SKIPPED
11:32:35 INFO  Test outcome reason: Fails due to retained message
11:32:35 INFO  
</system-out>
	</testcase>
</testsuite><testsuite name="mqtt_port_change_connection_fails" tests="1" errors="0" failures="0" skipped="0" time="0"><testcase classname="MqttPortChangeConnectionFails" name="mqtt_port_change_connection_fails" />
</testsuite><testsuite name="mqtt_port_change_connection_works" tests="1" errors="0" failures="0" skipped="1" time="0"><testcase classname="MqttPortChangeConnectionWorks" name="mqtt_port_change_connection_works">
		<skipped message="SKIPPED: failing intermitently" />
		<system-out>11:31:42 INFO  ==============================================================
11:31:42 INFO  Id:    mqtt_port_change_connection_works
11:31:42 INFO  Dir:   misc_features/
11:31:42 INFO  Title: mqtt port change connection works for all the thin-edge services that use the mosquitto broker
11:31:42 INFO  ==============================================================
11:31:42 INFO  failing intermitently ... skipped
11:31:42 INFO  
11:31:42 INFO  Test duration: 0.02 secs
11:31:42 INFO  Test final outcome:  SKIPPED
11:31:42 INFO  Test outcome reason: failing intermitently
11:31:42 INFO  
</system-out>
	</testcase>
</testsuite><testsuite name="mqtt_port_set" tests="1" errors="0" failures="0" skipped="0" time="0"><testcase classname="MqttPortSet" name="mqtt_port_set" />
</testsuite><testsuite name="mqtt_port_unset" tests="1" errors="0" failures="0" skipped="0" time="0"><testcase classname="MqttPortUnSet" name="mqtt_port_unset" />
</testsuite><testsuite name="publish_flux" tests="1" errors="0" failures="0" skipped="0" time="0"><testcase classname="PublishFlux" name="publish_flux" />
</testsuite><testsuite name="publish_sawmill" tests="1" errors="0" failures="0" skipped="0" time="0"><testcase classname="PublishSawmill" name="publish_sawmill" />
</testsuite><testsuite name="pysys_block" tests="1" errors="0" failures="0" skipped="1" time="0"><testcase classname="Fail" name="pysys_block">
		<skipped message="SKIPPED: Enable this to observe a blocking test" />
		<system-out>11:32:04 INFO  ==============================================================
11:32:04 INFO  Id:    pysys_block
11:32:04 INFO  Dir:   misc_features/
11:32:04 INFO  Title: fail
11:32:04 INFO  ==============================================================
11:32:04 INFO  Enable this to observe a blocking test ... skipped
11:32:04 INFO  
11:32:04 INFO  Test duration: 0.01 secs
11:32:04 INFO  Test final outcome:  SKIPPED
11:32:04 INFO  Test outcome reason: Enable this to observe a blocking test
11:32:04 INFO  
</system-out>
	</testcase>
</testsuite><testsuite name="pysys_fail" tests="1" errors="0" failures="0" skipped="1" time="0"><testcase classname="Fail" name="pysys_fail">
		<skipped message="SKIPPED: Enable this to observe a failing test" />
		<system-out>11:32:04 INFO  ==============================================================
11:32:04 INFO  Id:    pysys_fail
11:32:04 INFO  Dir:   misc_features/
11:32:04 INFO  Title: fail
11:32:04 INFO  ==============================================================
11:32:04 INFO  Enable this to observe a failing test ... skipped
11:32:04 INFO  
11:32:04 INFO  Test duration: 0.01 secs
11:32:04 INFO  Test final outcome:  SKIPPED
11:32:04 INFO  Test outcome reason: Enable this to observe a failing test
11:32:04 INFO  
</system-out>
	</testcase>
</testsuite><testsuite name="runtime_start_two_mappers" tests="1" errors="0" failures="0" skipped="1" time="0"><testcase classname="RuntimeMultiMappers" name="runtime_start_two_mappers">
		<skipped message="SKIPPED: Test execution disabled due to #1124" />
		<system-out>11:45:59 INFO  ==============================================================
11:45:59 INFO  Id:    runtime_start_two_mappers
11:45:59 INFO  Dir:   tedge_mapper_c8y/
11:45:59 INFO  Title: Validate two mappers can't be started at the same time
11:45:59 INFO  ==============================================================
11:45:59 INFO  Test execution disabled due to #1124 ... skipped
11:45:59 INFO  
11:45:59 INFO  Test duration: 0.02 secs
11:45:59 INFO  Test final outcome:  SKIPPED
11:45:59 INFO  Test outcome reason: Test execution disabled due to #1124
11:45:59 INFO  
</system-out>
	</testcase>
</testsuite><testsuite name="sm_tedge_mapper_init_session" tests="1" errors="0" failures="0" skipped="0" time="0"><testcase classname="TedgeSMMapperInitSession" name="sm_tedge_mapper_init_session" />
</testsuite><testsuite name="smoketest_json" tests="1" errors="0" failures="0" skipped="0" time="0"><testcase classname="SmokeTestJson" name="smoketest_json" />
</testsuite><testsuite name="smoketest_json_400_samples_10ms" tests="1" errors="0" failures="0" skipped="0" time="0"><testcase classname="SmoketestJson400Samples10ms" name="smoketest_json_400_samples_10ms" />
</testsuite><testsuite name="smoketest_json_400_samples_20ms" tests="1" errors="0" failures="1" skipped="0" time="0"><testcase classname="SmoketestJson400Samples20ms" name="smoketest_json_400_samples_20ms">
		<failure message="BLOCKED: python3&lt;stdout&gt; returned non-zero exit code 1" type="BLOCKED" />
		<system-out>11:36:57 INFO  ==============================================================
11:36:57 INFO  Id:    smoketest_json_400_samples_20ms
11:36:57 INFO  Dir:   smoketests/
11:36:57 INFO  Title: Smoketest Json 400 Samples 20ms Delay
11:36:57 INFO  ==============================================================
11:36:57 INFO  EnvironmentC8y Setup
11:36:58 INFO  Executed systemctl&lt;serv_mapper1&gt;, exit status 3
11:36:58 INFO  Restarting mosquitto too frequently in the last 10 seconds. It was only up for 4 seconds
11:36:58 INFO  Delaying execution by 7 seconds
11:37:19 INFO  Executed sudo&lt;tedge_connect_c8y&gt;, exit status 0, duration 14 secs
11:37:20 INFO  Executed sudo&lt;tedge_connect_c8y_test&gt;, exit status 0
11:37:20 INFO  Executed systemctl&lt;serv_mosq2&gt;, exit status 0
11:37:21 INFO  Executed systemctl&lt;serv_mapper3&gt;, exit status 0
11:37:50 WARN  Executed python3&lt;stdout&gt;, exit status 1
11:37:50 INFO  Contents of stdout.out: 
   80.0  81.0  82.0  83.0  84.0  85.0  86.0  87.0  88.0  89.0  90.0  91.0  92.0  93.0  94.0  95.0  96.0  97.0  98.0  99.0
  100.0 101.0 102.0 103.0 104.0 105.0 106.0 107.0 108.0 109.0 110.0 111.0 112.0 113.0 114.0 115.0 116.0 117.0 118.0 119.0
  120.0 121.0 122.0 123.0 124.0 125.0 126.0 127.0 128.0 129.0 130.0 131.0 132.0 133.0 134.0 135.0 136.0 137.0 138.0 139.0
  140.0 141.0 142.0 143.0 144.0 145.0 146.0 147.0 148.0 149.0 150.0 151.0 152.0 153.0 154.0 155.0 156.0 157.0 158.0 159.0
  160.0 161.0 162.0 163.0 164.0 165.0 166.0 167.0 168.0 169.0 170.0 171.0 172.0 173.0 174.0 175.0 176.0 177.0 178.0 179.0
  180.0 181.0 182.0 183.0 184.0 185.0 186.0 187.0 188.0 189.0 190.0 191.0 192.0 193.0 194.0 195.0 196.0 197.0 198.0 199.0
  200.0 201.0 202.0 203.0 204.0 205.0 206.0 207.0 208.0 209.0 210.0 211.0 212.0 213.0 214.0 215.0 216.0 217.0 218.0 219.0
  220.0 221.0 222.0 223.0 224.0 225.0 226.0 227.0 228.0 229.0 230.0 231.0 232.0 233.0 234.0 235.0 236.0 237.0 238.0 239.0
  240.0 241.0 242.0 243.0 244.0 245.0 246.0 247.0 248.0 249.0 250.0 251.0 252.0 253.0 254.0 255.0 256.0 257.0 258.0 259.0
  260.0 261.0 262.0 263.0 264.0 265.0 266.0 error:
  281.0 error:
  332.0 error:
  334.0 error:
  365.0 error:
  375.0 error:
  382.0 error:
  385.0 386.0 error:
  392.0
  Expected:  0.0  ...  399.0
  Data verification FAILED
  -----

11:37:51 WARN  python3&lt;stdout&gt; returned non-zero exit code 1 ... blocked 
11:37:51 WARN  Aborted test due to BLOCKED outcome
11:37:51 INFO  
11:37:51 INFO  cleanup:
11:37:55 INFO  Executed sudo&lt;tedge_disconnect_c8y&gt;, exit status 0
11:37:55 INFO  Executed systemctl&lt;serv_mapper5&gt;, exit status 3
11:37:55 INFO  
11:37:55 INFO  Test duration: 57.97 secs
11:37:55 INFO  Test final outcome:  BLOCKED
11:37:55 INFO  Test outcome reason: python3&lt;stdout&gt; returned non-zero exit code 1
11:37:55 INFO  
</system-out>
	</testcase>
</testsuite><testsuite name="smoketest_smartrest" tests="1" errors="0" failures="0" skipped="0" time="0"><testcase classname="SmoketestSmartRest" name="smoketest_smartrest" />
</testsuite><testsuite name="smoketest_smartrest_200_samples_1Xms" tests="1" errors="0" failures="0" skipped="0" time="0"><testcase classname="SmoketestSmartRest200Samples1Xms" name="smoketest_smartrest_200_samples_1Xms" />
</testsuite><testsuite name="smoketest_smartrest_200_samples_20ms" tests="1" errors="0" failures="0" skipped="0" time="0"><testcase classname="SmoketestSmartRest200Samples20ms" name="smoketest_smartrest_200_samples_20ms" />
</testsuite><testsuite name="tedge_agent_user_sudo_access" tests="1" errors="0" failures="0" skipped="1" time="0"><testcase classname="TedgeAgentUserSudoAccess" name="tedge_agent_user_sudo_access">
		<skipped message="SKIPPED: #955 Observation: Exit code of the apt plugin when called with no arguments" />
		<system-out>11:42:47 INFO  ==============================================================
11:42:47 INFO  Id:    tedge_agent_user_sudo_access
11:42:47 INFO  Dir:   tedge/
11:42:47 INFO  Title: Validate tedge-agent user has a limited sudo right
11:42:47 INFO  ==============================================================
11:42:47 INFO  #955 Observation: Exit code of the apt plugin when called with no arguments ... skipped
11:42:47 INFO  
11:42:47 INFO  Test duration: 0.11 secs
11:42:47 INFO  Test final outcome:  SKIPPED
11:42:47 INFO  Test outcome reason: #955 Observation: Exit code of the apt plugin when called with no arguments
11:42:47 INFO  
</system-out>
	</testcase>
</testsuite><testsuite name="tedge_connect_test_negative" tests="1" errors="0" failures="0" skipped="0" time="0"><testcase classname="TedgeConnectTestNegative" name="tedge_connect_test_negative" />
</testsuite><testsuite name="tedge_connect_test_positive" tests="1" errors="0" failures="0" skipped="0" time="0"><testcase classname="TedgeConnectTestPositive" name="tedge_connect_test_positive" />
</testsuite><testsuite name="tedge_connect_test_sm_services" tests="1" errors="0" failures="0" skipped="0" time="0"><testcase classname="TedgeConnectTestSMServices" name="tedge_connect_test_sm_services" />
</testsuite><testsuite name="tedge_disconnect_test_sm_services" tests="1" errors="0" failures="0" skipped="0" time="0"><testcase classname="TedgeDisConnectTestSMServices" name="tedge_disconnect_test_sm_services" />
</testsuite><testsuite name="tedge_mapper_az_negative" tests="1" errors="0" failures="0" skipped="0" time="0"><testcase classname="TedgeMapperAzError" name="tedge_mapper_az_negative" />
</testsuite><testsuite name="tedge_mapper_az_with_timestamp" tests="1" errors="0" failures="0" skipped="0" time="0"><testcase classname="TedgeMapperAzWithTimestamp" name="tedge_mapper_az_with_timestamp" />
</testsuite><testsuite name="tedge_mapper_az_without_timestamp" tests="1" errors="0" failures="0" skipped="0" time="0"><testcase classname="TedgeMapperAzWithoutTimestamp" name="tedge_mapper_az_without_timestamp" />
</testsuite><testsuite name="tedge_mapper_c8y_alarms" tests="1" errors="0" failures="0" skipped="0" time="0"><testcase classname="TedgeMapperC8yAlarm" name="tedge_mapper_c8y_alarms" />
</testsuite><testsuite name="tedge_mapper_c8y_child_device_measurement" tests="1" errors="0" failures="0" skipped="1" time="0"><testcase classname="TedgeMapperC8yChildDevice" name="tedge_mapper_c8y_child_device_measurement">
		<skipped message="SKIPPED: Test execution disabled due to #1088" />
		<system-out>11:47:11 INFO  ==============================================================
11:47:11 INFO  Id:    tedge_mapper_c8y_child_device_measurement
11:47:11 INFO  Dir:   tedge_mapper_c8y/
11:47:11 INFO  Title: Validate that measurements sent to tedge/measurements/child topic gets mapped as the child device's measurement in Cumulocity
11:47:11 INFO  ==============================================================
11:47:11 INFO  Test execution disabled due to #1088 ... skipped
11:47:11 INFO  
11:47:11 INFO  Test duration: 0.05 secs
11:47:11 INFO  Test final outcome:  SKIPPED
11:47:11 INFO  Test outcome reason: Test execution disabled due to #1088
11:47:11 INFO  
</system-out>
	</testcase>
</testsuite><testsuite name="tedge_mapper_c8y_packet_threshold_size" tests="1" errors="0" failures="0" skipped="0" time="0"><testcase classname="TedgeMapperC8yThresholdPacketSize" name="tedge_mapper_c8y_packet_threshold_size" />
</testsuite><testsuite name="tedge_software_update" tests="1" errors="0" failures="0" skipped="0" time="0"><testcase classname="PySysTest" name="tedge_software_update" />
</testsuite><testsuite name="valid_device_id" tests="1" errors="0" failures="0" skipped="0" time="0"><testcase classname="ValidateValidDeviceId" name="valid_device_id" />
</testsuite></testsuites>