<?xml version='1.0' encoding='utf-8'?>
<testsuites tests="149" failures="7" errors="0" skipped="55" time="0.0"><testsuite name="SoftwareManagement.Plugin.apama_plugin_install" tests="3" errors="0" failures="0" skipped="1" time="0"><testcase classname="ApamaPluginInstallTest" name="SoftwareManagement.Plugin.apama_plugin_install">
		<skipped message="SKIPPED: Apama plugin tests are disabled by default. Execute `pysys run` with `-XmyPlatform=container` to run these tests" />
		<system-out>13:10:01 INFO  ==============================================================
13:10:01 INFO  Id:    SoftwareManagement.Plugin.apama_plugin_install
13:10:01 INFO  Dir:   plugin_apama/
13:10:01 INFO  Title: Validate apama plugin install
13:10:01 INFO  ==============================================================
13:10:01 INFO  Apama plugin tests are disabled by default. Execute `pysys run` with `-XmyPlatform=container` to run these tests ... skipped
13:10:01 WARN  Aborted test due to SKIPPED outcome
13:10:01 INFO  
13:10:01 INFO  Test duration: 0.06 secs
13:10:01 INFO  Test final outcome:  SKIPPED
13:10:01 INFO  Test outcome reason: Apama plugin tests are disabled by default. Execute `pysys run` with `-XmyPlatform=container` to run these tests
13:10:01 INFO  
</system-out>
	</testcase>
<testcase classname="ApamaPluginInstallTest" name="SoftwareManagement.Plugin.apama_plugin_install" />
<testcase classname="ApamaPluginInstallTest" name="SoftwareManagement.Plugin.apama_plugin_install" />
</testsuite><testsuite name="SoftwareManagement.Plugin.apama_plugin_mon_support" tests="3" errors="0" failures="0" skipped="1" time="0"><testcase classname="ApamaPluginMonSupportTest" name="SoftwareManagement.Plugin.apama_plugin_mon_support">
		<skipped message="SKIPPED: Apama plugin tests are disabled by default. Execute `pysys run` with `-XmyPlatform=container` to run these tests" />
		<system-out>13:10:01 INFO  ==============================================================
13:10:01 INFO  Id:    SoftwareManagement.Plugin.apama_plugin_mon_support
13:10:01 INFO  Dir:   plugin_apama/
13:10:01 INFO  Title: Validate mon file support of apama plugin
13:10:01 INFO  ==============================================================
13:10:01 INFO  Apama plugin tests are disabled by default. Execute `pysys run` with `-XmyPlatform=container` to run these tests ... skipped
13:10:01 WARN  Aborted test due to SKIPPED outcome
13:10:01 INFO  
13:10:01 INFO  Test duration: 0.02 secs
13:10:01 INFO  Test final outcome:  SKIPPED
13:10:01 INFO  Test outcome reason: Apama plugin tests are disabled by default. Execute `pysys run` with `-XmyPlatform=container` to run these tests
13:10:01 INFO  
</system-out>
	</testcase>
<testcase classname="ApamaPluginMonSupportTest" name="SoftwareManagement.Plugin.apama_plugin_mon_support" />
<testcase classname="ApamaPluginMonSupportTest" name="SoftwareManagement.Plugin.apama_plugin_mon_support" />
</testsuite><testsuite name="SoftwareManagement.Plugin.apama_plugin_remove" tests="3" errors="0" failures="0" skipped="1" time="0"><testcase classname="ApamaPluginRemoveTest" name="SoftwareManagement.Plugin.apama_plugin_remove">
		<skipped message="SKIPPED: Apama plugin tests are disabled by default. Execute `pysys run` with `-XmyPlatform=container` to run these tests" />
		<system-out>13:10:01 INFO  ==============================================================
13:10:01 INFO  Id:    SoftwareManagement.Plugin.apama_plugin_remove
13:10:01 INFO  Dir:   plugin_apama/
13:10:01 INFO  Title: Validate apama plugin remove
13:10:01 INFO  ==============================================================
13:10:01 INFO  Apama plugin tests are disabled by default. Execute `pysys run` with `-XmyPlatform=container` to run these tests ... skipped
13:10:01 WARN  Aborted test due to SKIPPED outcome
13:10:01 INFO  
13:10:01 INFO  Test duration: 0.02 secs
13:10:01 INFO  Test final outcome:  SKIPPED
13:10:01 INFO  Test outcome reason: Apama plugin tests are disabled by default. Execute `pysys run` with `-XmyPlatform=container` to run these tests
13:10:01 INFO  
</system-out>
	</testcase>
<testcase classname="ApamaPluginRemoveTest" name="SoftwareManagement.Plugin.apama_plugin_remove" />
<testcase classname="ApamaPluginRemoveTest" name="SoftwareManagement.Plugin.apama_plugin_remove" />
</testsuite><testsuite name="SoftwareManagement.Plugin.apama_plugin_update" tests="3" errors="0" failures="0" skipped="3" time="0"><testcase classname="ApamaPluginUpdateTest" name="SoftwareManagement.Plugin.apama_plugin_update">
		<skipped message="SKIPPED: Test execution disabled due to #1052" />
		<system-out>13:10:01 INFO  ==============================================================
13:10:01 INFO  Id:    SoftwareManagement.Plugin.apama_plugin_update
13:10:01 INFO  Dir:   plugin_apama/
13:10:01 INFO  Title: Validate apama plugin updating one project with another
13:10:01 INFO  ==============================================================
13:10:01 INFO  Test execution disabled due to #1052 ... skipped
13:10:01 INFO  
13:10:01 INFO  Test duration: 0.02 secs
13:10:01 INFO  Test final outcome:  SKIPPED
13:10:01 INFO  Test outcome reason: Test execution disabled due to #1052
13:10:01 INFO  
</system-out>
	</testcase>
<testcase classname="ApamaPluginUpdateTest" name="SoftwareManagement.Plugin.apama_plugin_update">
		<skipped message="SKIPPED: Test execution disabled due to #1052" />
		<system-out>14:02:31 INFO  ==============================================================
14:02:31 INFO  Id:    SoftwareManagement.Plugin.apama_plugin_update
14:02:31 INFO  Dir:   plugin_apama/
14:02:31 INFO  Title: Validate apama plugin updating one project with another
14:02:31 INFO  ==============================================================
14:02:31 INFO  Test execution disabled due to #1052 ... skipped
14:02:31 INFO  
14:02:31 INFO  Test duration: 0.02 secs
14:02:31 INFO  Test final outcome:  SKIPPED
14:02:31 INFO  Test outcome reason: Test execution disabled due to #1052
14:02:31 INFO  
</system-out>
	</testcase>
<testcase classname="ApamaPluginUpdateTest" name="SoftwareManagement.Plugin.apama_plugin_update">
		<skipped message="SKIPPED: Test execution disabled due to #1052" />
		<system-out>14:10:54 INFO  ==============================================================
14:10:54 INFO  Id:    SoftwareManagement.Plugin.apama_plugin_update
14:10:54 INFO  Dir:   plugin_apama/
14:10:54 INFO  Title: Validate apama plugin updating one project with another
14:10:54 INFO  ==============================================================
14:10:54 INFO  Test execution disabled due to #1052 ... skipped
14:10:54 INFO  
14:10:54 INFO  Test duration: 0.02 secs
14:10:54 INFO  Test final outcome:  SKIPPED
14:10:54 INFO  Test outcome reason: Test execution disabled due to #1052
14:10:54 INFO  
</system-out>
	</testcase>
</testsuite><testsuite name="SoftwareManagement.sm_apt_install_download_path" tests="3" errors="0" failures="2" skipped="1" time="0"><testcase classname="AptInstallWithDownloadPath" name="SoftwareManagement.sm_apt_install_download_path">
		<skipped message="SKIPPED: Testing the apt plugin is not supported on this platform.Use parameter -XmyPlatform='container' to enable it" />
		<system-out>13:19:44 INFO  ==============================================================
13:19:44 INFO  Id:    SoftwareManagement.sm_apt_install_download_path
13:19:44 INFO  Dir:   software_management_end_to_end/
13:19:44 INFO  Title: Install package to directory specified in tedge config set tmp.path
13:19:44 INFO  ==============================================================
13:19:44 INFO  Testing the apt plugin is not supported on this platform.Use parameter -XmyPlatform='container' to enable it ... skipped
13:19:44 WARN  Aborted test due to SKIPPED outcome
13:19:44 INFO  
13:19:44 INFO  Test duration: 0.07 secs
13:19:44 INFO  Test final outcome:  SKIPPED
13:19:44 INFO  Test outcome reason: Testing the apt plugin is not supported on this platform.Use parameter -XmyPlatform='container' to enable it
13:19:44 INFO  
</system-out>
	</testcase>
<testcase classname="AptInstallWithDownloadPath" name="SoftwareManagement.sm_apt_install_download_path">
		<failure message="BLOCKED: AssertionError:" type="BLOCKED" />
		<system-out>13:44:14 INFO  ==============================================================
13:44:14 INFO  Id:    SoftwareManagement.sm_apt_install_download_path
13:44:14 INFO  Dir:   software_management_end_to_end/
13:44:14 INFO  Title: Install package to directory specified in tedge config set tmp.path
13:44:14 INFO  ==============================================================
13:44:14 INFO  Using sw id database: {'asciijump': '5475369', 'robotfindskitten': '5474869', 'squirrel3': '5475279', 'rolldice': '5152439', 'moon-buggy': '5439204', 'apple': '5495053', 'banana': '5494888', 'cherry': '5495382', 'watermelon': '5494510', 'registry': '8018911', 'hello-world': '8021526', 'docker/getting-started': '8021973', 'alpine': '7991792'}
13:44:14 INFO  EnvironmentC8y Setup
13:44:14 INFO  Executed systemctl&lt;serv_mapper1&gt;, exit status 3
13:44:29 INFO  Executed sudo&lt;tedge_connect_c8y&gt;, exit status 0, duration 14 secs
13:44:31 INFO  Executed sudo&lt;tedge_connect_c8y_test&gt;, exit status 0
13:44:32 INFO  Executed systemctl&lt;serv_mosq2&gt;, exit status 0
13:44:33 INFO  Executed systemctl&lt;serv_mapper3&gt;, exit status 0
13:44:35 ERROR No operations found, assuming it passed
13:44:35 INFO  Assert that (False == value) with value=False ... passed
13:44:36 INFO  Executed sudo, exit status 0
13:44:36 INFO  Executed sudo, exit status 0
13:44:37 INFO  Executed sudo, exit status 0
13:44:41 INFO  Executed sudo&lt;tedge_disconnect_c8y&gt;, exit status 0
13:44:41 INFO  Restarting mosquitto too frequently in the last 10 seconds. It was only up for 3 seconds
13:44:41 INFO  Delaying execution by 8 seconds
13:45:03 INFO  Executed sudo&lt;tedge_connect_c8y&gt;, exit status 0, duration 13 secs
13:45:03 INFO  Response status: 201
13:45:03 INFO  Response to action: {
    "creationTime": "2022-05-10T13:45:03.881Z",
    "deviceName": "mythicd",
    "deviceId": "18671274",
    "self": "https://t493319102.eu-latest.cumulocity.com/devicecontrol/operations/18685351",
    "id": "18685351",
    "status": "PENDING",
    "description": "Apply software changes, triggered from PySys: [{'name': 'rolldice', 'id': '5152439', 'version': '::apt', 'url': 'https://thin-edge-io.eu-latest.cumulocity.com/inventory/binaries/12435463', 'action': 'install'}]",
    "c8y_SoftwareUpdate": [
        {
            "name": "rolldice",
            "action": "install",
            "id": "5152439",
            "version": "::apt",
            "url": "https://thin-edge-io.eu-latest.cumulocity.com/inventory/binaries/12435463"
        }
    ]
}
13:45:03 INFO  Started operation: {'creationTime': '2022-05-10T13:45:03.881Z', 'deviceName': 'mythicd', 'deviceId': '18671274', 'self': 'https://t493319102.eu-latest.cumulocity.com/devicecontrol/operations/18685351', 'id': '18685351', 'status': 'PENDING', 'description': "Apply software changes, triggered from PySys: [{'name': 'rolldice', 'id': '5152439', 'version': '::apt', 'url': 'https://thin-edge-io.eu-latest.cumulocity.com/inventory/binaries/12435463', 'action': 'install'}]", 'c8y_SoftwareUpdate': [{'name': 'rolldice', 'action': 'install', 'id': '5152439', 'version': '::apt', 'url': 'https://thin-edge-io.eu-latest.cumulocity.com/inventory/binaries/12435463'}]}
13:45:03 WARN  , retrying in 0.5 seconds...
13:45:04 WARN  , retrying in 0.5 seconds...
13:45:04 WARN  , retrying in 0.5 seconds...
13:45:05 WARN  , retrying in 0.5 seconds...
13:45:05 WARN  , retrying in 0.5 seconds...
13:45:06 WARN  , retrying in 0.5 seconds...
13:45:06 WARN  , retrying in 0.5 seconds...
13:45:07 WARN  , retrying in 0.5 seconds...
13:45:07 WARN  , retrying in 0.5 seconds...
13:45:08 WARN  AssertionError occurred while running test - 
Traceback (most recent call last):
  File "/home/pi/env-pysys/lib/python3.7/site-packages/pysys/baserunner.py", line 1294, in __call__
    self.testObj.execute()
  File "/home/pi/actions-runner/_work/thin-edge.io/thin-edge.io/tests/PySys/software_management_end_to_end/sm_apt_install_download_path/run.py", line 83, in execute
    assert_install_in_download_path(install_directory=self.DOWNLOAD_DIR)
  File "/home/pi/env-pysys/lib/python3.7/site-packages/decorator.py", line 232, in fun
    return caller(func, *(extras + args), **kw)
  File "/home/pi/env-pysys/lib/python3.7/site-packages/retry/api.py", line 74, in retry_decorator
    logger)
  File "/home/pi/env-pysys/lib/python3.7/site-packages/retry/api.py", line 33, in __retry_internal
    return f()
  File "/home/pi/actions-runner/_work/thin-edge.io/thin-edge.io/tests/PySys/software_management_end_to_end/sm_apt_install_download_path/run.py", line 28, in assert_install_in_download_path
    assert "rolldice" in os.listdir(f"{install_directory}")
AssertionError
13:45:09 WARN  AssertionError: ... blocked 
13:45:09 INFO  
13:45:09 INFO  cleanup:
13:45:09 INFO  Executed sudo, exit status 0
13:45:10 INFO  Executed sudo, exit status 0
13:45:14 INFO  Executed sudo&lt;tedge_disconnect_c8y&gt;, exit status 0
13:45:14 INFO  Restarting mosquitto too frequently in the last 10 seconds. It was only up for 4 seconds
13:45:14 INFO  Delaying execution by 7 seconds
13:45:36 INFO  Executed sudo&lt;tedge_connect_c8y&gt;, exit status 0, duration 14 secs
13:45:40 INFO  Executed sudo&lt;tedge_disconnect_c8y&gt;, exit status 0
13:45:41 INFO  Executed systemctl&lt;serv_mapper5&gt;, exit status 3
13:45:41 INFO  
13:45:41 INFO  Test duration: 87.21 secs
13:45:41 INFO  Test final outcome:  BLOCKED
13:45:41 INFO  Test outcome reason: AssertionError:
13:45:41 INFO  
</system-out>
	</testcase>
<testcase classname="AptInstallWithDownloadPath" name="SoftwareManagement.sm_apt_install_download_path">
		<failure message="BLOCKED: AssertionError:" type="BLOCKED" />
		<system-out>14:10:54 INFO  ==============================================================
14:10:54 INFO  Id:    SoftwareManagement.sm_apt_install_download_path
14:10:54 INFO  Dir:   software_management_end_to_end/
14:10:54 INFO  Title: Install package to directory specified in tedge config set tmp.path
14:10:54 INFO  ==============================================================
14:10:55 INFO  Using sw id database: {'asciijump': '5475369', 'robotfindskitten': '5474869', 'squirrel3': '5475279', 'rolldice': '5152439', 'moon-buggy': '5439204', 'apple': '5495053', 'banana': '5494888', 'cherry': '5495382', 'watermelon': '5494510', 'registry': '8018911', 'hello-world': '8021526', 'docker/getting-started': '8021973', 'alpine': '7991792'}
14:10:55 INFO  EnvironmentC8y Setup
14:10:56 INFO  Executed systemctl&lt;serv_mapper1&gt;, exit status 3
14:11:10 INFO  Executed sudo&lt;tedge_connect_c8y&gt;, exit status 0, duration 14 secs
14:11:11 INFO  Executed sudo&lt;tedge_connect_c8y_test&gt;, exit status 0
14:11:11 INFO  Executed systemctl&lt;serv_mosq2&gt;, exit status 0
14:11:12 INFO  Executed systemctl&lt;serv_mapper3&gt;, exit status 0
14:11:14 INFO  State of current operation: SUCCESSFUL
14:11:14 INFO  Assert that (False == value) with value=False ... passed
14:11:15 INFO  Executed sudo, exit status 0
14:11:15 INFO  Executed sudo, exit status 0
14:11:16 INFO  Executed sudo, exit status 0
14:11:21 INFO  Executed sudo&lt;tedge_disconnect_c8y&gt;, exit status 0
14:11:21 INFO  Restarting mosquitto too frequently in the last 10 seconds. It was only up for 4 seconds
14:11:21 INFO  Delaying execution by 7 seconds
14:11:42 INFO  Executed sudo&lt;tedge_connect_c8y&gt;, exit status 0, duration 14 secs
14:11:42 INFO  Response status: 201
14:11:42 INFO  Response to action: {
    "creationTime": "2022-05-10T14:11:42.539Z",
    "deviceName": "mythicd",
    "deviceId": "18671274",
    "self": "https://t493319102.eu-latest.cumulocity.com/devicecontrol/operations/18685585",
    "id": "18685585",
    "status": "PENDING",
    "description": "Apply software changes, triggered from PySys: [{'name': 'rolldice', 'id': '5152439', 'version': '::apt', 'url': 'https://thin-edge-io.eu-latest.cumulocity.com/inventory/binaries/12435463', 'action': 'install'}]",
    "c8y_SoftwareUpdate": [
        {
            "name": "rolldice",
            "action": "install",
            "id": "5152439",
            "version": "::apt",
            "url": "https://thin-edge-io.eu-latest.cumulocity.com/inventory/binaries/12435463"
        }
    ]
}
14:11:42 INFO  Started operation: {'creationTime': '2022-05-10T14:11:42.539Z', 'deviceName': 'mythicd', 'deviceId': '18671274', 'self': 'https://t493319102.eu-latest.cumulocity.com/devicecontrol/operations/18685585', 'id': '18685585', 'status': 'PENDING', 'description': "Apply software changes, triggered from PySys: [{'name': 'rolldice', 'id': '5152439', 'version': '::apt', 'url': 'https://thin-edge-io.eu-latest.cumulocity.com/inventory/binaries/12435463', 'action': 'install'}]", 'c8y_SoftwareUpdate': [{'name': 'rolldice', 'action': 'install', 'id': '5152439', 'version': '::apt', 'url': 'https://thin-edge-io.eu-latest.cumulocity.com/inventory/binaries/12435463'}]}
14:11:42 WARN  , retrying in 0.5 seconds...
14:11:43 WARN  , retrying in 0.5 seconds...
14:11:43 WARN  , retrying in 0.5 seconds...
14:11:44 WARN  , retrying in 0.5 seconds...
14:11:44 WARN  , retrying in 0.5 seconds...
14:11:45 WARN  , retrying in 0.5 seconds...
14:11:45 WARN  , retrying in 0.5 seconds...
14:11:46 WARN  , retrying in 0.5 seconds...
14:11:46 WARN  , retrying in 0.5 seconds...
14:11:47 WARN  AssertionError occurred while running test - 
Traceback (most recent call last):
  File "/home/pi/env-pysys/lib/python3.7/site-packages/pysys/baserunner.py", line 1294, in __call__
    self.testObj.execute()
  File "/home/pi/actions-runner/_work/thin-edge.io/thin-edge.io/tests/PySys/software_management_end_to_end/sm_apt_install_download_path/run.py", line 83, in execute
    assert_install_in_download_path(install_directory=self.DOWNLOAD_DIR)
  File "/home/pi/env-pysys/lib/python3.7/site-packages/decorator.py", line 232, in fun
    return caller(func, *(extras + args), **kw)
  File "/home/pi/env-pysys/lib/python3.7/site-packages/retry/api.py", line 74, in retry_decorator
    logger)
  File "/home/pi/env-pysys/lib/python3.7/site-packages/retry/api.py", line 33, in __retry_internal
    return f()
  File "/home/pi/actions-runner/_work/thin-edge.io/thin-edge.io/tests/PySys/software_management_end_to_end/sm_apt_install_download_path/run.py", line 28, in assert_install_in_download_path
    assert "rolldice" in os.listdir(f"{install_directory}")
AssertionError
14:11:47 WARN  AssertionError: ... blocked 
14:11:47 INFO  
14:11:47 INFO  cleanup:
14:11:48 INFO  Executed sudo, exit status 0
14:11:48 INFO  Executed sudo, exit status 0
14:11:53 INFO  Executed sudo&lt;tedge_disconnect_c8y&gt;, exit status 0
14:11:53 INFO  Restarting mosquitto too frequently in the last 10 seconds. It was only up for 4 seconds
14:11:53 INFO  Delaying execution by 7 seconds
14:12:14 INFO  Executed sudo&lt;tedge_connect_c8y&gt;, exit status 0, duration 14 secs
14:12:18 INFO  Executed sudo&lt;tedge_disconnect_c8y&gt;, exit status 0
14:12:19 INFO  Executed systemctl&lt;serv_mapper5&gt;, exit status 3
14:12:19 INFO  
14:12:19 INFO  Test duration: 84.98 secs
14:12:19 INFO  Test final outcome:  BLOCKED
14:12:19 INFO  Test outcome reason: AssertionError:
14:12:19 INFO  
</system-out>
	</testcase>
</testsuite><testsuite name="SoftwareManagement.sm_apt_install_fail" tests="3" errors="0" failures="0" skipped="1" time="0"><testcase classname="PySysTest" name="SoftwareManagement.sm_apt_install_fail">
		<skipped message="SKIPPED: Testing the apt plugin is not supported on this platform.Use parameter -XmyPlatform='container' to enable it" />
		<system-out>13:19:44 INFO  ==============================================================
13:19:44 INFO  Id:    SoftwareManagement.sm_apt_install_fail
13:19:44 INFO  Dir:   software_management_end_to_end/
13:19:44 INFO  Title: Validate end to end behaviour for a failing installation
13:19:44 INFO  ==============================================================
13:19:44 INFO  Testing the apt plugin is not supported on this platform.Use parameter -XmyPlatform='container' to enable it ... skipped
13:19:44 WARN  Aborted test due to SKIPPED outcome
13:19:44 INFO  
13:19:44 INFO  Test duration: 0.02 secs
13:19:44 INFO  Test final outcome:  SKIPPED
13:19:44 INFO  Test outcome reason: Testing the apt plugin is not supported on this platform.Use parameter -XmyPlatform='container' to enable it
13:19:44 INFO  
</system-out>
	</testcase>
<testcase classname="PySysTest" name="SoftwareManagement.sm_apt_install_fail" />
<testcase classname="PySysTest" name="SoftwareManagement.sm_apt_install_fail" />
</testsuite><testsuite name="SoftwareManagement.sm_apt_install_remove" tests="3" errors="0" failures="0" skipped="1" time="0"><testcase classname="PySysTest" name="SoftwareManagement.sm_apt_install_remove">
		<skipped message="SKIPPED: Testing the apt plugin is not supported on this platform.Use parameter -XmyPlatform='container' to enable it" />
		<system-out>13:19:44 INFO  ==============================================================
13:19:44 INFO  Id:    SoftwareManagement.sm_apt_install_remove
13:19:44 INFO  Dir:   software_management_end_to_end/
13:19:44 INFO  Title: Validate end to end behaviour for the apt plugin for installation and removal of packages
13:19:44 INFO  ==============================================================
13:19:44 INFO  Testing the apt plugin is not supported on this platform.Use parameter -XmyPlatform='container' to enable it ... skipped
13:19:44 WARN  Aborted test due to SKIPPED outcome
13:19:44 INFO  
13:19:44 INFO  Test duration: 0.02 secs
13:19:44 INFO  Test final outcome:  SKIPPED
13:19:44 INFO  Test outcome reason: Testing the apt plugin is not supported on this platform.Use parameter -XmyPlatform='container' to enable it
13:19:44 INFO  
</system-out>
	</testcase>
<testcase classname="PySysTest" name="SoftwareManagement.sm_apt_install_remove" />
<testcase classname="PySysTest" name="SoftwareManagement.sm_apt_install_remove" />
</testsuite><testsuite name="SoftwareManagement.sm_apt_install_remove_default" tests="3" errors="0" failures="0" skipped="1" time="0"><testcase classname="PySysTest" name="SoftwareManagement.sm_apt_install_remove_default">
		<skipped message="SKIPPED: Testing the apt plugin is not supported on this platform.Use parameter -XmyPlatform='container' to enable it" />
		<system-out>13:19:44 INFO  ==============================================================
13:19:44 INFO  Id:    SoftwareManagement.sm_apt_install_remove_default
13:19:44 INFO  Dir:   software_management_end_to_end/
13:19:44 INFO  Title: Validate end to end behaviour for the default plugin for installation and removal of packages
13:19:44 INFO  ==============================================================
13:19:44 INFO  Testing the apt plugin is not supported on this platform.Use parameter -XmyPlatform='container' to enable it ... skipped
13:19:44 WARN  Aborted test due to SKIPPED outcome
13:19:44 INFO  
13:19:44 INFO  Test duration: 0.02 secs
13:19:44 INFO  Test final outcome:  SKIPPED
13:19:44 INFO  Test outcome reason: Testing the apt plugin is not supported on this platform.Use parameter -XmyPlatform='container' to enable it
13:19:44 INFO  
</system-out>
	</testcase>
<testcase classname="PySysTest" name="SoftwareManagement.sm_apt_install_remove_default" />
<testcase classname="PySysTest" name="SoftwareManagement.sm_apt_install_remove_default" />
</testsuite><testsuite name="SoftwareManagement.sm_apt_install_remove_multiple" tests="3" errors="0" failures="2" skipped="1" time="0"><testcase classname="PySysTest" name="SoftwareManagement.sm_apt_install_remove_multiple">
		<skipped message="SKIPPED: Testing the apt plugin is not supported on this platform.Use parameter -XmyPlatform='container' to enable it" />
		<system-out>13:19:44 INFO  ==============================================================
13:19:44 INFO  Id:    SoftwareManagement.sm_apt_install_remove_multiple
13:19:44 INFO  Dir:   software_management_end_to_end/
13:19:44 INFO  Title: Validate end to end behaviour for the apt plugin for multiple packages
13:19:44 INFO  ==============================================================
13:19:44 INFO  Testing the apt plugin is not supported on this platform.Use parameter -XmyPlatform='container' to enable it ... skipped
13:19:44 WARN  Aborted test due to SKIPPED outcome
13:19:44 INFO  
13:19:44 INFO  Test duration: 0.02 secs
13:19:44 INFO  Test final outcome:  SKIPPED
13:19:44 INFO  Test outcome reason: Testing the apt plugin is not supported on this platform.Use parameter -XmyPlatform='container' to enable it
13:19:44 INFO  
</system-out>
	</testcase>
<testcase classname="PySysTest" name="SoftwareManagement.sm_apt_install_remove_multiple">
		<failure message="FAILED: Assert that (False == value) with value=True" type="FAILED" />
		<system-out>13:52:36 INFO  ==============================================================
13:52:36 INFO  Id:    SoftwareManagement.sm_apt_install_remove_multiple
13:52:36 INFO  Dir:   software_management_end_to_end/
13:52:36 INFO  Title: Validate end to end behaviour for the apt plugin for multiple packages
13:52:36 INFO  ==============================================================
13:52:36 INFO  Using sw id database: {'asciijump': '5475369', 'robotfindskitten': '5474869', 'squirrel3': '5475279', 'rolldice': '5152439', 'moon-buggy': '5439204', 'apple': '5495053', 'banana': '5494888', 'cherry': '5495382', 'watermelon': '5494510', 'registry': '8018911', 'hello-world': '8021526', 'docker/getting-started': '8021973', 'alpine': '7991792'}
13:52:36 INFO  EnvironmentC8y Setup
13:52:36 INFO  Executed systemctl&lt;serv_mapper1&gt;, exit status 3
13:52:36 INFO  Restarting mosquitto too frequently in the last 10 seconds. It was only up for 5 seconds
13:52:36 INFO  Delaying execution by 6 seconds
13:52:57 INFO  Executed sudo&lt;tedge_connect_c8y&gt;, exit status 0, duration 14 secs
13:52:58 INFO  Executed sudo&lt;tedge_connect_c8y_test&gt;, exit status 0
13:52:58 INFO  Executed systemctl&lt;serv_mosq2&gt;, exit status 0
13:52:59 INFO  Executed systemctl&lt;serv_mapper3&gt;, exit status 0
13:53:01 INFO  State of current operation: SUCCESSFUL
13:53:01 INFO  Assert that (False == value) with value=False ... passed
13:53:01 INFO  Assert that (False == value) with value=False ... passed
13:53:02 INFO  Assert that (False == value) with value=False ... passed
13:53:02 INFO  Package robotfindskitten is installed
13:53:02 WARN  Assert that (False == value) with value=True ... failed 
13:53:02 INFO  Response status: 201
13:53:02 INFO  Response to action: {
    "creationTime": "2022-05-10T13:53:02.473Z",
    "deviceName": "mythicd",
    "deviceId": "18671274",
    "self": "https://t493319102.eu-latest.cumulocity.com/devicecontrol/operations/18685435",
    "id": "18685435",
    "status": "PENDING",
    "description": "Apply software changes, triggered from PySys: [{'action': 'install', 'id': '5475369', 'name': 'asciijump', 'url': ' ', 'version': '::apt'}, {'action': 'install', 'id': '5474869', 'name': 'robotfindskitten', 'url': ' ', 'version': '::apt'}, {'action': 'install', 'id': '5475279', 'name': 'squirrel3', 'url': ' ', 'version': '::apt'}]",
    "c8y_SoftwareUpdate": [
        {
            "name": "asciijump",
            "action": "install",
            "id": "5475369",
            "version": "::apt",
            "url": " "
        },
        {
            "name": "robotfindskitten",
            "action": "install",
            "id": "5474869",
            "version": "::apt",
            "url": " "
        },
        {
            "name": "squirrel3",
            "action": "install",
            "id": "5475279",
            "version": "::apt",
            "url": " "
        }
    ]
}
13:53:02 INFO  Started operation: {'creationTime': '2022-05-10T13:53:02.473Z', 'deviceName': 'mythicd', 'deviceId': '18671274', 'self': 'https://t493319102.eu-latest.cumulocity.com/devicecontrol/operations/18685435', 'id': '18685435', 'status': 'PENDING', 'description': "Apply software changes, triggered from PySys: [{'action': 'install', 'id': '5475369', 'name': 'asciijump', 'url': ' ', 'version': '::apt'}, {'action': 'install', 'id': '5474869', 'name': 'robotfindskitten', 'url': ' ', 'version': '::apt'}, {'action': 'install', 'id': '5475279', 'name': 'squirrel3', 'url': ' ', 'version': '::apt'}]", 'c8y_SoftwareUpdate': [{'name': 'asciijump', 'action': 'install', 'id': '5475369', 'version': '::apt', 'url': ' '}, {'name': 'robotfindskitten', 'action': 'install', 'id': '5474869', 'version': '::apt', 'url': ' '}, {'name': 'squirrel3', 'action': 'install', 'id': '5475279', 'version': '::apt', 'url': ' '}]}
13:53:04 INFO  State of operation 18685435 : PENDING
13:53:06 INFO  State of operation 18685435 : EXECUTING
13:53:09 INFO  State of operation 18685435 : EXECUTING
13:53:11 INFO  State of operation 18685435 : EXECUTING
13:53:13 INFO  State of operation 18685435 : EXECUTING
13:53:15 INFO  State of operation 18685435 : EXECUTING
13:53:18 INFO  State of operation 18685435 : EXECUTING
13:53:21 INFO  State of operation 18685435 : EXECUTING
13:53:23 INFO  State of operation 18685435 : EXECUTING
13:53:26 INFO  State of operation 18685435 : EXECUTING
13:53:28 INFO  State of operation 18685435 : EXECUTING
13:53:30 INFO  State of operation 18685435 : EXECUTING
13:53:32 INFO  State of operation 18685435 : EXECUTING
13:53:35 INFO  State of operation 18685435 : EXECUTING
13:53:37 INFO  State of operation 18685435 : EXECUTING
13:53:39 INFO  State of operation 18685435 : EXECUTING
13:53:42 INFO  State of operation 18685435 : EXECUTING
13:53:44 INFO  State of operation 18685435 : EXECUTING
13:53:47 INFO  State of operation 18685435 : EXECUTING
13:53:49 INFO  State of operation 18685435 : EXECUTING
13:53:51 INFO  State of operation 18685435 : EXECUTING
13:53:55 INFO  State of operation 18685435 : EXECUTING
13:53:57 INFO  State of operation 18685435 : EXECUTING
13:53:59 INFO  State of operation 18685435 : EXECUTING
13:54:01 INFO  State of operation 18685435 : EXECUTING
13:54:04 INFO  State of operation 18685435 : EXECUTING
13:54:06 INFO  State of operation 18685435 : EXECUTING
13:54:08 INFO  State of operation 18685435 : EXECUTING
13:54:11 INFO  State of operation 18685435 : EXECUTING
13:54:13 INFO  State of operation 18685435 : EXECUTING
13:54:15 INFO  State of operation 18685435 : EXECUTING
13:54:17 INFO  State of operation 18685435 : EXECUTING
13:54:20 INFO  State of operation 18685435 : EXECUTING
13:54:22 INFO  State of operation 18685435 : EXECUTING
13:54:24 INFO  State of operation 18685435 : SUCCESSFUL
13:54:24 INFO  Assert that (False == value) with value=False ... passed
13:54:25 INFO  Package asciijump is installed
13:54:25 INFO  Assert that (True == value) with value=True ... passed
13:54:25 INFO  Package squirrel3 is installed
13:54:25 INFO  Assert that (True == value) with value=True ... passed
13:54:25 INFO  Package robotfindskitten is installed
13:54:25 INFO  Assert that (True == value) with value=True ... passed
13:54:25 INFO  Response status: 201
13:54:25 INFO  Response to action: {
    "creationTime": "2022-05-10T13:54:25.694Z",
    "deviceName": "mythicd",
    "deviceId": "18671274",
    "self": "https://t493319102.eu-latest.cumulocity.com/devicecontrol/operations/18685451",
    "id": "18685451",
    "status": "PENDING",
    "description": "Apply software changes, triggered from PySys: [{'action': 'delete', 'id': '5475369', 'name': 'asciijump', 'url': ' ', 'version': '::apt'}, {'action': 'delete', 'id': '5474869', 'name': 'robotfindskitten', 'url': ' ', 'version': '::apt'}, {'action': 'delete', 'id': '5475279', 'name': 'squirrel3', 'url': ' ', 'version': '::apt'}]",
    "c8y_SoftwareUpdate": [
        {
            "name": "asciijump",
            "action": "delete",
            "id": "5475369",
            "version": "::apt",
            "url": " "
        },
        {
            "name": "robotfindskitten",
            "action": "delete",
            "id": "5474869",
            "version": "::apt",
            "url": " "
        },
        {
            "name": "squirrel3",
            "action": "delete",
            "id": "5475279",
            "version": "::apt",
            "url": " "
        }
    ]
}
13:54:25 INFO  Started operation: {'creationTime': '2022-05-10T13:54:25.694Z', 'deviceName': 'mythicd', 'deviceId': '18671274', 'self': 'https://t493319102.eu-latest.cumulocity.com/devicecontrol/operations/18685451', 'id': '18685451', 'status': 'PENDING', 'description': "Apply software changes, triggered from PySys: [{'action': 'delete', 'id': '5475369', 'name': 'asciijump', 'url': ' ', 'version': '::apt'}, {'action': 'delete', 'id': '5474869', 'name': 'robotfindskitten', 'url': ' ', 'version': '::apt'}, {'action': 'delete', 'id': '5475279', 'name': 'squirrel3', 'url': ' ', 'version': '::apt'}]", 'c8y_SoftwareUpdate': [{'name': 'asciijump', 'action': 'delete', 'id': '5475369', 'version': '::apt', 'url': ' '}, {'name': 'robotfindskitten', 'action': 'delete', 'id': '5474869', 'version': '::apt', 'url': ' '}, {'name': 'squirrel3', 'action': 'delete', 'id': '5475279', 'version': '::apt', 'url': ' '}]}
13:54:27 INFO  State of operation 18685451 : PENDING
13:54:30 INFO  State of operation 18685451 : EXECUTING
13:54:32 INFO  State of operation 18685451 : EXECUTING
13:54:34 INFO  State of operation 18685451 : EXECUTING
13:54:36 INFO  State of operation 18685451 : EXECUTING
13:54:39 INFO  State of operation 18685451 : EXECUTING
13:54:42 INFO  State of operation 18685451 : EXECUTING
13:54:45 INFO  State of operation 18685451 : EXECUTING
13:54:47 INFO  State of operation 18685451 : EXECUTING
13:54:49 INFO  State of operation 18685451 : EXECUTING
13:54:52 INFO  State of operation 18685451 : EXECUTING
13:54:54 INFO  State of operation 18685451 : EXECUTING
13:54:56 INFO  State of operation 18685451 : EXECUTING
13:54:58 INFO  State of operation 18685451 : EXECUTING
13:55:01 INFO  State of operation 18685451 : EXECUTING
13:55:03 INFO  State of operation 18685451 : EXECUTING
13:55:05 INFO  State of operation 18685451 : EXECUTING
13:55:08 INFO  State of operation 18685451 : EXECUTING
13:55:10 INFO  State of operation 18685451 : EXECUTING
13:55:12 INFO  State of operation 18685451 : EXECUTING
13:55:15 INFO  State of operation 18685451 : EXECUTING
13:55:17 INFO  State of operation 18685451 : EXECUTING
13:55:19 INFO  State of operation 18685451 : EXECUTING
13:55:22 INFO  State of operation 18685451 : EXECUTING
13:55:24 INFO  State of operation 18685451 : EXECUTING
13:55:26 INFO  State of operation 18685451 : EXECUTING
13:55:29 INFO  State of operation 18685451 : EXECUTING
13:55:31 INFO  State of operation 18685451 : EXECUTING
13:55:33 INFO  State of operation 18685451 : SUCCESSFUL
13:55:33 INFO  Assert that (False == value) with value=False ... passed
13:55:34 INFO  Assert that (False == value) with value=False ... passed
13:55:34 INFO  Assert that (False == value) with value=False ... passed
13:55:34 INFO  Assert that (False == value) with value=False ... passed
13:55:34 INFO  
13:55:34 INFO  cleanup:
13:55:38 INFO  Executed sudo&lt;tedge_disconnect_c8y&gt;, exit status 0
13:55:39 INFO  Executed systemctl&lt;serv_mapper5&gt;, exit status 3
13:55:39 INFO  
13:55:39 INFO  Test duration: 183.22 secs
13:55:39 INFO  Test final outcome:  FAILED
13:55:39 INFO  Test outcome reason: Assert that (False == value) with value=True
13:55:39 INFO  
</system-out>
	</testcase>
<testcase classname="PySysTest" name="SoftwareManagement.sm_apt_install_remove_multiple">
		<failure message="FAILED: Assert that (False == value) with value=True (+2 other failures)" type="FAILED" />
		<system-out>14:19:04 INFO  ==============================================================
14:19:04 INFO  Id:    SoftwareManagement.sm_apt_install_remove_multiple
14:19:04 INFO  Dir:   software_management_end_to_end/
14:19:04 INFO  Title: Validate end to end behaviour for the apt plugin for multiple packages
14:19:04 INFO  ==============================================================
14:19:04 INFO  Using sw id database: {'asciijump': '5475369', 'robotfindskitten': '5474869', 'squirrel3': '5475279', 'rolldice': '5152439', 'moon-buggy': '5439204', 'apple': '5495053', 'banana': '5494888', 'cherry': '5495382', 'watermelon': '5494510', 'registry': '8018911', 'hello-world': '8021526', 'docker/getting-started': '8021973', 'alpine': '7991792'}
14:19:04 INFO  EnvironmentC8y Setup
14:19:05 INFO  Executed systemctl&lt;serv_mapper1&gt;, exit status 3
14:19:05 INFO  Restarting mosquitto too frequently in the last 10 seconds. It was only up for 5 seconds
14:19:05 INFO  Delaying execution by 6 seconds
14:19:25 INFO  Executed sudo&lt;tedge_connect_c8y&gt;, exit status 0, duration 14 secs
14:19:26 INFO  Executed sudo&lt;tedge_connect_c8y_test&gt;, exit status 0
14:19:26 INFO  Executed systemctl&lt;serv_mosq2&gt;, exit status 0
14:19:27 INFO  Executed systemctl&lt;serv_mapper3&gt;, exit status 0
14:19:29 INFO  State of current operation: SUCCESSFUL
14:19:29 INFO  Assert that (False == value) with value=False ... passed
14:19:29 INFO  Package asciijump is installed
14:19:30 WARN  Assert that (False == value) with value=True ... failed 
14:19:30 INFO  Package squirrel3 is installed
14:19:30 WARN  Assert that (False == value) with value=True ... failed 
14:19:30 INFO  Package robotfindskitten is installed
14:19:30 WARN  Assert that (False == value) with value=True ... failed 
14:19:30 INFO  Response status: 201
14:19:30 INFO  Response to action: {
    "creationTime": "2022-05-10T14:19:30.791Z",
    "deviceName": "mythicd",
    "deviceId": "18671274",
    "self": "https://t493319102.eu-latest.cumulocity.com/devicecontrol/operations/18685675",
    "id": "18685675",
    "status": "PENDING",
    "description": "Apply software changes, triggered from PySys: [{'action': 'install', 'id': '5475369', 'name': 'asciijump', 'url': ' ', 'version': '::apt'}, {'action': 'install', 'id': '5474869', 'name': 'robotfindskitten', 'url': ' ', 'version': '::apt'}, {'action': 'install', 'id': '5475279', 'name': 'squirrel3', 'url': ' ', 'version': '::apt'}]",
    "c8y_SoftwareUpdate": [
        {
            "name": "asciijump",
            "action": "install",
            "id": "5475369",
            "version": "::apt",
            "url": " "
        },
        {
            "name": "robotfindskitten",
            "action": "install",
            "id": "5474869",
            "version": "::apt",
            "url": " "
        },
        {
            "name": "squirrel3",
            "action": "install",
            "id": "5475279",
            "version": "::apt",
            "url": " "
        }
    ]
}
14:19:30 INFO  Started operation: {'creationTime': '2022-05-10T14:19:30.791Z', 'deviceName': 'mythicd', 'deviceId': '18671274', 'self': 'https://t493319102.eu-latest.cumulocity.com/devicecontrol/operations/18685675', 'id': '18685675', 'status': 'PENDING', 'description': "Apply software changes, triggered from PySys: [{'action': 'install', 'id': '5475369', 'name': 'asciijump', 'url': ' ', 'version': '::apt'}, {'action': 'install', 'id': '5474869', 'name': 'robotfindskitten', 'url': ' ', 'version': '::apt'}, {'action': 'install', 'id': '5475279', 'name': 'squirrel3', 'url': ' ', 'version': '::apt'}]", 'c8y_SoftwareUpdate': [{'name': 'asciijump', 'action': 'install', 'id': '5475369', 'version': '::apt', 'url': ' '}, {'name': 'robotfindskitten', 'action': 'install', 'id': '5474869', 'version': '::apt', 'url': ' '}, {'name': 'squirrel3', 'action': 'install', 'id': '5475279', 'version': '::apt', 'url': ' '}]}
14:19:33 INFO  State of operation 18685675 : PENDING
14:19:35 INFO  State of operation 18685675 : EXECUTING
14:19:37 INFO  State of operation 18685675 : EXECUTING
14:19:39 INFO  State of operation 18685675 : EXECUTING
14:19:41 INFO  State of operation 18685675 : EXECUTING
14:19:44 INFO  State of operation 18685675 : EXECUTING
14:19:46 INFO  State of operation 18685675 : EXECUTING
14:19:48 INFO  State of operation 18685675 : EXECUTING
14:19:51 INFO  State of operation 18685675 : EXECUTING
14:19:54 INFO  State of operation 18685675 : EXECUTING
14:19:56 INFO  State of operation 18685675 : EXECUTING
14:19:58 INFO  State of operation 18685675 : EXECUTING
14:20:00 INFO  State of operation 18685675 : EXECUTING
14:20:03 INFO  State of operation 18685675 : EXECUTING
14:20:05 INFO  State of operation 18685675 : EXECUTING
14:20:07 INFO  State of operation 18685675 : SUCCESSFUL
14:20:07 INFO  Assert that (False == value) with value=False ... passed
14:20:07 INFO  Package asciijump is installed
14:20:07 INFO  Assert that (True == value) with value=True ... passed
14:20:08 INFO  Package squirrel3 is installed
14:20:08 INFO  Assert that (True == value) with value=True ... passed
14:20:08 INFO  Package robotfindskitten is installed
14:20:08 INFO  Assert that (True == value) with value=True ... passed
14:20:08 INFO  Response status: 201
14:20:08 INFO  Response to action: {
    "creationTime": "2022-05-10T14:20:08.660Z",
    "deviceName": "mythicd",
    "deviceId": "18671274",
    "self": "https://t493319102.eu-latest.cumulocity.com/devicecontrol/operations/18685683",
    "id": "18685683",
    "status": "PENDING",
    "description": "Apply software changes, triggered from PySys: [{'action': 'delete', 'id': '5475369', 'name': 'asciijump', 'url': ' ', 'version': '::apt'}, {'action': 'delete', 'id': '5474869', 'name': 'robotfindskitten', 'url': ' ', 'version': '::apt'}, {'action': 'delete', 'id': '5475279', 'name': 'squirrel3', 'url': ' ', 'version': '::apt'}]",
    "c8y_SoftwareUpdate": [
        {
            "name": "asciijump",
            "action": "delete",
            "id": "5475369",
            "version": "::apt",
            "url": " "
        },
        {
            "name": "robotfindskitten",
            "action": "delete",
            "id": "5474869",
            "version": "::apt",
            "url": " "
        },
        {
            "name": "squirrel3",
            "action": "delete",
            "id": "5475279",
            "version": "::apt",
            "url": " "
        }
    ]
}
14:20:08 INFO  Started operation: {'creationTime': '2022-05-10T14:20:08.660Z', 'deviceName': 'mythicd', 'deviceId': '18671274', 'self': 'https://t493319102.eu-latest.cumulocity.com/devicecontrol/operations/18685683', 'id': '18685683', 'status': 'PENDING', 'description': "Apply software changes, triggered from PySys: [{'action': 'delete', 'id': '5475369', 'name': 'asciijump', 'url': ' ', 'version': '::apt'}, {'action': 'delete', 'id': '5474869', 'name': 'robotfindskitten', 'url': ' ', 'version': '::apt'}, {'action': 'delete', 'id': '5475279', 'name': 'squirrel3', 'url': ' ', 'version': '::apt'}]", 'c8y_SoftwareUpdate': [{'name': 'asciijump', 'action': 'delete', 'id': '5475369', 'version': '::apt', 'url': ' '}, {'name': 'robotfindskitten', 'action': 'delete', 'id': '5474869', 'version': '::apt', 'url': ' '}, {'name': 'squirrel3', 'action': 'delete', 'id': '5475279', 'version': '::apt', 'url': ' '}]}
14:20:10 INFO  State of operation 18685683 : PENDING
14:20:13 INFO  State of operation 18685683 : EXECUTING
14:20:15 INFO  State of operation 18685683 : EXECUTING
14:20:17 INFO  State of operation 18685683 : EXECUTING
14:20:19 INFO  State of operation 18685683 : EXECUTING
14:20:22 INFO  State of operation 18685683 : EXECUTING
14:20:24 INFO  State of operation 18685683 : EXECUTING
14:20:27 INFO  State of operation 18685683 : EXECUTING
14:20:29 INFO  State of operation 18685683 : EXECUTING
14:20:32 INFO  State of operation 18685683 : EXECUTING
14:20:34 INFO  State of operation 18685683 : EXECUTING
14:20:37 INFO  State of operation 18685683 : EXECUTING
14:20:39 INFO  State of operation 18685683 : EXECUTING
14:20:41 INFO  State of operation 18685683 : EXECUTING
14:20:43 INFO  State of operation 18685683 : EXECUTING
14:20:46 INFO  State of operation 18685683 : EXECUTING
14:20:48 INFO  State of operation 18685683 : EXECUTING
14:20:50 INFO  State of operation 18685683 : EXECUTING
14:20:54 INFO  State of operation 18685683 : EXECUTING
14:20:56 INFO  State of operation 18685683 : EXECUTING
14:20:58 INFO  State of operation 18685683 : EXECUTING
14:21:00 INFO  State of operation 18685683 : EXECUTING
14:21:03 INFO  State of operation 18685683 : EXECUTING
14:21:05 INFO  State of operation 18685683 : EXECUTING
14:21:07 INFO  State of operation 18685683 : EXECUTING
14:21:10 INFO  State of operation 18685683 : EXECUTING
14:21:12 INFO  State of operation 18685683 : EXECUTING
14:21:14 INFO  State of operation 18685683 : EXECUTING
14:21:17 INFO  State of operation 18685683 : EXECUTING
14:21:19 INFO  State of operation 18685683 : SUCCESSFUL
14:21:19 INFO  Assert that (False == value) with value=False ... passed
14:21:19 INFO  Assert that (False == value) with value=False ... passed
14:21:20 INFO  Assert that (False == value) with value=False ... passed
14:21:20 INFO  Assert that (False == value) with value=False ... passed
14:21:20 INFO  
14:21:20 INFO  cleanup:
14:21:24 INFO  Executed sudo&lt;tedge_disconnect_c8y&gt;, exit status 0
14:21:24 INFO  Executed systemctl&lt;serv_mapper5&gt;, exit status 3
14:21:24 INFO  
14:21:24 INFO  Test duration: 140.48 secs
14:21:24 INFO  Test final outcome:  FAILED
14:21:24 INFO  Test outcome reason: Assert that (False == value) with value=True (+2 other failures)
14:21:24 INFO  
</system-out>
	</testcase>
</testsuite><testsuite name="SoftwareManagement.sm_apt_install_remove_multiple_mixed" tests="3" errors="0" failures="2" skipped="1" time="0"><testcase classname="PySysTest" name="SoftwareManagement.sm_apt_install_remove_multiple_mixed">
		<skipped message="SKIPPED: Testing the apt plugin is not supported on this platform.Use parameter -XmyPlatform='container' to enable it" />
		<system-out>13:19:44 INFO  ==============================================================
13:19:44 INFO  Id:    SoftwareManagement.sm_apt_install_remove_multiple_mixed
13:19:44 INFO  Dir:   software_management_end_to_end/
13:19:44 INFO  Title: Validate end to end behaviour for the apt plugin for multiple packages with mixed versions
13:19:44 INFO  ==============================================================
13:19:44 INFO  Testing the apt plugin is not supported on this platform.Use parameter -XmyPlatform='container' to enable it ... skipped
13:19:44 WARN  Aborted test due to SKIPPED outcome
13:19:44 INFO  
13:19:44 INFO  Test duration: 0.02 secs
13:19:44 INFO  Test final outcome:  SKIPPED
13:19:44 INFO  Test outcome reason: Testing the apt plugin is not supported on this platform.Use parameter -XmyPlatform='container' to enable it
13:19:44 INFO  
</system-out>
	</testcase>
<testcase classname="PySysTest" name="SoftwareManagement.sm_apt_install_remove_multiple_mixed">
		<failure message="BLOCKED: SystemError: Timeout while waiting for status SUCCESSFUL or False" type="BLOCKED" />
		<system-out>13:55:39 INFO  ==============================================================
13:55:39 INFO  Id:    SoftwareManagement.sm_apt_install_remove_multiple_mixed
13:55:39 INFO  Dir:   software_management_end_to_end/
13:55:39 INFO  Title: Validate end to end behaviour for the apt plugin for multiple packages with mixed versions
13:55:39 INFO  ==============================================================
13:55:39 INFO  Using sw id database: {'asciijump': '5475369', 'robotfindskitten': '5474869', 'squirrel3': '5475279', 'rolldice': '5152439', 'moon-buggy': '5439204', 'apple': '5495053', 'banana': '5494888', 'cherry': '5495382', 'watermelon': '5494510', 'registry': '8018911', 'hello-world': '8021526', 'docker/getting-started': '8021973', 'alpine': '7991792'}
13:55:39 INFO  EnvironmentC8y Setup
13:55:40 INFO  Executed systemctl&lt;serv_mapper1&gt;, exit status 3
13:55:40 INFO  Restarting mosquitto too frequently in the last 10 seconds. It was only up for 5 seconds
13:55:40 INFO  Delaying execution by 6 seconds
13:56:00 INFO  Executed sudo&lt;tedge_connect_c8y&gt;, exit status 0, duration 13 secs
13:56:00 INFO  Executed sudo&lt;tedge_connect_c8y_test&gt;, exit status 0
13:56:01 INFO  Executed systemctl&lt;serv_mosq2&gt;, exit status 0
13:56:01 INFO  Executed systemctl&lt;serv_mapper3&gt;, exit status 0
13:56:03 INFO  State of current operation: SUCCESSFUL
13:56:04 INFO  Assert that (False == value) with value=False ... passed
13:56:04 INFO  Assert that (False == value) with value=False ... passed
13:56:04 INFO  Assert that (False == value) with value=False ... passed
13:56:04 INFO  Assert that (False == value) with value=False ... passed
13:56:04 INFO  Assert that (False == value) with value=False ... passed
13:56:06 INFO  Response status: 201
13:56:06 INFO  Response to action: {
    "creationTime": "2022-05-10T13:56:06.151Z",
    "deviceName": "mythicd",
    "deviceId": "18671274",
    "self": "https://t493319102.eu-latest.cumulocity.com/devicecontrol/operations/18685470",
    "id": "18685470",
    "status": "PENDING",
    "description": "Apply software changes, triggered from PySys: [{'action': 'install', 'id': '5475369', 'name': 'asciijump', 'url': ' ', 'version': '::apt'}, {'action': 'install', 'id': '5474869', 'name': 'robotfindskitten', 'url': ' ', 'version': ' '}, {'action': 'install', 'id': '5475279', 'name': 'squirrel3', 'url': ' ', 'version': '3.1-7::apt'}, {'action': 'install', 'id': '5152439', 'name': 'rolldice', 'url': ' ', 'version': '1.16-1+b1'}, {'action': 'install', 'id': '5439204', 'name': 'moon-buggy', 'url': ' ', 'version': '1:1.0.51-12'}, {'action': 'install', 'id': '5475369', 'name': 'asciijump', 'url': ' ', 'version': '::apt'}]",
    "c8y_SoftwareUpdate": [
        {
            "name": "asciijump",
            "action": "install",
            "id": "5475369",
            "version": "::apt",
            "url": " "
        },
        {
            "name": "robotfindskitten",
            "action": "install",
            "id": "5474869",
            "version": " ",
            "url": " "
        },
        {
            "name": "squirrel3",
            "action": "install",
            "id": "5475279",
            "version": "3.1-7::apt",
            "url": " "
        },
        {
            "name": "rolldice",
            "action": "install",
            "id": "5152439",
            "version": "1.16-1+b1",
            "url": " "
        },
        {
            "name": "moon-buggy",
            "action": "install",
            "id": "5439204",
            "version": "1:1.0.51-12",
            "url": " "
        },
        {
            "name": "asciijump",
            "action": "install",
            "id": "5475369",
            "version": "::apt",
            "url": " "
        }
    ]
}
13:56:06 INFO  Started operation: {'creationTime': '2022-05-10T13:56:06.151Z', 'deviceName': 'mythicd', 'deviceId': '18671274', 'self': 'https://t493319102.eu-latest.cumulocity.com/devicecontrol/operations/18685470', 'id': '18685470', 'status': 'PENDING', 'description': "Apply software changes, triggered from PySys: [{'action': 'install', 'id': '5475369', 'name': 'asciijump', 'url': ' ', 'version': '::apt'}, {'action': 'install', 'id': '5474869', 'name': 'robotfindskitten', 'url': ' ', 'version': ' '}, {'action': 'install', 'id': '5475279', 'name': 'squirrel3', 'url': ' ', 'version': '3.1-7::apt'}, {'action': 'install', 'id': '5152439', 'name': 'rolldice', 'url': ' ', 'version': '1.16-1+b1'}, {'action': 'install', 'id': '5439204', 'name': 'moon-buggy', 'url': ' ', 'version': '1:1.0.51-12'}, {'action': 'install', 'id': '5475369', 'name': 'asciijump', 'url': ' ', 'version': '::apt'}]", 'c8y_SoftwareUpdate': [{'name': 'asciijump', 'action': 'install', 'id': '5475369', 'version': '::apt', 'url': ' '}, {'name': 'robotfindskitten', 'action': 'install', 'id': '5474869', 'version': ' ', 'url': ' '}, {'name': 'squirrel3', 'action': 'install', 'id': '5475279', 'version': '3.1-7::apt', 'url': ' '}, {'name': 'rolldice', 'action': 'install', 'id': '5152439', 'version': '1.16-1+b1', 'url': ' '}, {'name': 'moon-buggy', 'action': 'install', 'id': '5439204', 'version': '1:1.0.51-12', 'url': ' '}, {'name': 'asciijump', 'action': 'install', 'id': '5475369', 'version': '::apt', 'url': ' '}]}
13:56:08 INFO  State of operation 18685470 : PENDING
13:56:10 INFO  State of operation 18685470 : EXECUTING
13:56:12 INFO  State of operation 18685470 : EXECUTING
13:56:15 INFO  State of operation 18685470 : EXECUTING
13:56:17 INFO  State of operation 18685470 : EXECUTING
13:56:19 INFO  State of operation 18685470 : EXECUTING
13:56:22 INFO  State of operation 18685470 : EXECUTING
13:56:25 INFO  State of operation 18685470 : EXECUTING
13:56:27 INFO  State of operation 18685470 : EXECUTING
13:56:30 INFO  State of operation 18685470 : EXECUTING
13:56:32 INFO  State of operation 18685470 : EXECUTING
13:56:34 INFO  State of operation 18685470 : EXECUTING
13:56:36 INFO  State of operation 18685470 : EXECUTING
13:56:39 INFO  State of operation 18685470 : EXECUTING
13:56:41 INFO  State of operation 18685470 : EXECUTING
13:56:43 INFO  State of operation 18685470 : EXECUTING
13:56:46 INFO  State of operation 18685470 : EXECUTING
13:56:48 INFO  State of operation 18685470 : EXECUTING
13:56:51 INFO  State of operation 18685470 : EXECUTING
13:56:53 INFO  State of operation 18685470 : EXECUTING
13:56:55 INFO  State of operation 18685470 : EXECUTING
13:56:58 INFO  State of operation 18685470 : EXECUTING
13:57:00 INFO  State of operation 18685470 : EXECUTING
13:57:02 INFO  State of operation 18685470 : EXECUTING
13:57:05 INFO  State of operation 18685470 : EXECUTING
13:57:07 INFO  State of operation 18685470 : EXECUTING
13:57:09 INFO  State of operation 18685470 : EXECUTING
13:57:12 INFO  State of operation 18685470 : EXECUTING
13:57:14 INFO  State of operation 18685470 : EXECUTING
13:57:17 INFO  State of operation 18685470 : EXECUTING
13:57:19 INFO  State of operation 18685470 : EXECUTING
13:57:21 INFO  State of operation 18685470 : EXECUTING
13:57:24 INFO  State of operation 18685470 : EXECUTING
13:57:26 INFO  State of operation 18685470 : EXECUTING
13:57:28 INFO  State of operation 18685470 : EXECUTING
13:57:30 INFO  State of operation 18685470 : EXECUTING
13:57:32 INFO  State of operation 18685470 : EXECUTING
13:57:35 INFO  State of operation 18685470 : EXECUTING
13:57:37 INFO  State of operation 18685470 : EXECUTING
13:57:40 INFO  State of operation 18685470 : EXECUTING
13:57:42 INFO  State of operation 18685470 : EXECUTING
13:57:45 INFO  State of operation 18685470 : EXECUTING
13:57:47 INFO  State of operation 18685470 : EXECUTING
13:57:49 INFO  State of operation 18685470 : EXECUTING
13:57:52 INFO  State of operation 18685470 : EXECUTING
13:57:54 INFO  State of operation 18685470 : EXECUTING
13:57:56 INFO  State of operation 18685470 : EXECUTING
13:57:58 INFO  State of operation 18685470 : EXECUTING
13:58:01 INFO  State of operation 18685470 : EXECUTING
13:58:03 INFO  State of operation 18685470 : EXECUTING
13:58:06 INFO  State of operation 18685470 : EXECUTING
13:58:08 INFO  State of operation 18685470 : EXECUTING
13:58:10 INFO  State of operation 18685470 : EXECUTING
13:58:13 INFO  State of operation 18685470 : EXECUTING
13:58:15 INFO  State of operation 18685470 : EXECUTING
13:58:18 INFO  State of operation 18685470 : EXECUTING
13:58:20 INFO  State of operation 18685470 : EXECUTING
13:58:23 INFO  State of operation 18685470 : EXECUTING
13:58:25 INFO  State of operation 18685470 : EXECUTING
13:58:28 INFO  State of operation 18685470 : EXECUTING
13:58:30 INFO  State of operation 18685470 : EXECUTING
13:58:32 WARN  SystemError occurred while running test - Timeout while waiting for status SUCCESSFUL or False
Traceback (most recent call last):
  File "/home/pi/env-pysys/lib/python3.7/site-packages/pysys/baserunner.py", line 1294, in __call__
    self.testObj.execute()
  File "/home/pi/actions-runner/_work/thin-edge.io/thin-edge.io/tests/PySys/software_management_end_to_end/sm_apt_install_remove_multiple_mixed/run.py", line 89, in execute
    self.wait_until_succcess()
  File "/home/pi/actions-runner/_work/thin-edge.io/thin-edge.io/tests/PySys/software_management_end_to_end/environment_sm_management.py", line 324, in wait_until_succcess
    self.wait_until_status("SUCCESSFUL")
  File "/home/pi/actions-runner/_work/thin-edge.io/thin-edge.io/tests/PySys/software_management_end_to_end/environment_sm_management.py", line 381, in wait_until_status
    "Timeout while waiting for status %s or %s" % (status, status2)
SystemError: Timeout while waiting for status SUCCESSFUL or False
13:58:32 WARN  SystemError: Timeout while waiting for status SUCCESSFUL or False ... blocked 
13:58:32 INFO  
13:58:32 INFO  cleanup:
13:58:39 INFO  Executed sudo&lt;tedge_disconnect_c8y&gt;, exit status 0
13:58:39 INFO  Executed systemctl&lt;serv_mapper5&gt;, exit status 3
13:58:39 INFO  
13:58:39 INFO  Test duration: 180.60 secs
13:58:39 INFO  Test final outcome:  BLOCKED
13:58:39 INFO  Test outcome reason: SystemError: Timeout while waiting for status SUCCESSFUL or False
13:58:39 INFO  
</system-out>
	</testcase>
<testcase classname="PySysTest" name="SoftwareManagement.sm_apt_install_remove_multiple_mixed">
		<failure message="BLOCKED: SystemError: Timeout while waiting for status SUCCESSFUL or False (+1 other failures)" type="BLOCKED" />
		<system-out>14:21:25 INFO  ==============================================================
14:21:25 INFO  Id:    SoftwareManagement.sm_apt_install_remove_multiple_mixed
14:21:25 INFO  Dir:   software_management_end_to_end/
14:21:25 INFO  Title: Validate end to end behaviour for the apt plugin for multiple packages with mixed versions
14:21:25 INFO  ==============================================================
14:21:25 INFO  Using sw id database: {'asciijump': '5475369', 'robotfindskitten': '5474869', 'squirrel3': '5475279', 'rolldice': '5152439', 'moon-buggy': '5439204', 'apple': '5495053', 'banana': '5494888', 'cherry': '5495382', 'watermelon': '5494510', 'registry': '8018911', 'hello-world': '8021526', 'docker/getting-started': '8021973', 'alpine': '7991792'}
14:21:25 INFO  EnvironmentC8y Setup
14:21:25 INFO  Executed systemctl&lt;serv_mapper1&gt;, exit status 3
14:21:25 INFO  Restarting mosquitto too frequently in the last 10 seconds. It was only up for 4 seconds
14:21:25 INFO  Delaying execution by 7 seconds
14:21:46 INFO  Executed sudo&lt;tedge_connect_c8y&gt;, exit status 0, duration 13 secs
14:21:47 INFO  Executed sudo&lt;tedge_connect_c8y_test&gt;, exit status 0
14:21:47 INFO  Executed systemctl&lt;serv_mosq2&gt;, exit status 0
14:21:48 INFO  Executed systemctl&lt;serv_mapper3&gt;, exit status 0
14:21:50 INFO  State of current operation: SUCCESSFUL
14:21:50 INFO  Assert that (False == value) with value=False ... passed
14:21:51 INFO  Assert that (False == value) with value=False ... passed
14:21:51 INFO  Assert that (False == value) with value=False ... passed
14:21:51 INFO  Assert that (False == value) with value=False ... passed
14:21:51 INFO  Package moon-buggy is installed
14:21:51 WARN  Assert that (False == value) with value=True ... failed 
14:21:53 INFO  Response status: 201
14:21:53 INFO  Response to action: {
    "creationTime": "2022-05-10T14:21:52.967Z",
    "deviceName": "mythicd",
    "deviceId": "18671274",
    "self": "https://t493319102.eu-latest.cumulocity.com/devicecontrol/operations/18685697",
    "id": "18685697",
    "status": "PENDING",
    "description": "Apply software changes, triggered from PySys: [{'action': 'install', 'id': '5475369', 'name': 'asciijump', 'url': ' ', 'version': '::apt'}, {'action': 'install', 'id': '5474869', 'name': 'robotfindskitten', 'url': ' ', 'version': ' '}, {'action': 'install', 'id': '5475279', 'name': 'squirrel3', 'url': ' ', 'version': '3.1-7::apt'}, {'action': 'install', 'id': '5152439', 'name': 'rolldice', 'url': ' ', 'version': '1.16-1+b1'}, {'action': 'install', 'id': '5439204', 'name': 'moon-buggy', 'url': ' ', 'version': '1:1.0.51-12'}, {'action': 'install', 'id': '5475369', 'name': 'asciijump', 'url': ' ', 'version': '::apt'}]",
    "c8y_SoftwareUpdate": [
        {
            "name": "asciijump",
            "action": "install",
            "id": "5475369",
            "version": "::apt",
            "url": " "
        },
        {
            "name": "robotfindskitten",
            "action": "install",
            "id": "5474869",
            "version": " ",
            "url": " "
        },
        {
            "name": "squirrel3",
            "action": "install",
            "id": "5475279",
            "version": "3.1-7::apt",
            "url": " "
        },
        {
            "name": "rolldice",
            "action": "install",
            "id": "5152439",
            "version": "1.16-1+b1",
            "url": " "
        },
        {
            "name": "moon-buggy",
            "action": "install",
            "id": "5439204",
            "version": "1:1.0.51-12",
            "url": " "
        },
        {
            "name": "asciijump",
            "action": "install",
            "id": "5475369",
            "version": "::apt",
            "url": " "
        }
    ]
}
14:21:53 INFO  Started operation: {'creationTime': '2022-05-10T14:21:52.967Z', 'deviceName': 'mythicd', 'deviceId': '18671274', 'self': 'https://t493319102.eu-latest.cumulocity.com/devicecontrol/operations/18685697', 'id': '18685697', 'status': 'PENDING', 'description': "Apply software changes, triggered from PySys: [{'action': 'install', 'id': '5475369', 'name': 'asciijump', 'url': ' ', 'version': '::apt'}, {'action': 'install', 'id': '5474869', 'name': 'robotfindskitten', 'url': ' ', 'version': ' '}, {'action': 'install', 'id': '5475279', 'name': 'squirrel3', 'url': ' ', 'version': '3.1-7::apt'}, {'action': 'install', 'id': '5152439', 'name': 'rolldice', 'url': ' ', 'version': '1.16-1+b1'}, {'action': 'install', 'id': '5439204', 'name': 'moon-buggy', 'url': ' ', 'version': '1:1.0.51-12'}, {'action': 'install', 'id': '5475369', 'name': 'asciijump', 'url': ' ', 'version': '::apt'}]", 'c8y_SoftwareUpdate': [{'name': 'asciijump', 'action': 'install', 'id': '5475369', 'version': '::apt', 'url': ' '}, {'name': 'robotfindskitten', 'action': 'install', 'id': '5474869', 'version': ' ', 'url': ' '}, {'name': 'squirrel3', 'action': 'install', 'id': '5475279', 'version': '3.1-7::apt', 'url': ' '}, {'name': 'rolldice', 'action': 'install', 'id': '5152439', 'version': '1.16-1+b1', 'url': ' '}, {'name': 'moon-buggy', 'action': 'install', 'id': '5439204', 'version': '1:1.0.51-12', 'url': ' '}, {'name': 'asciijump', 'action': 'install', 'id': '5475369', 'version': '::apt', 'url': ' '}]}
14:21:55 INFO  State of operation 18685697 : PENDING
14:21:57 INFO  State of operation 18685697 : EXECUTING
14:21:59 INFO  State of operation 18685697 : EXECUTING
14:22:02 INFO  State of operation 18685697 : EXECUTING
14:22:04 INFO  State of operation 18685697 : EXECUTING
14:22:06 INFO  State of operation 18685697 : EXECUTING
14:22:09 INFO  State of operation 18685697 : EXECUTING
14:22:11 INFO  State of operation 18685697 : EXECUTING
14:22:14 INFO  State of operation 18685697 : EXECUTING
14:22:16 INFO  State of operation 18685697 : EXECUTING
14:22:19 INFO  State of operation 18685697 : EXECUTING
14:22:21 INFO  State of operation 18685697 : EXECUTING
14:22:23 INFO  State of operation 18685697 : EXECUTING
14:22:25 INFO  State of operation 18685697 : EXECUTING
14:22:28 INFO  State of operation 18685697 : EXECUTING
14:22:30 INFO  State of operation 18685697 : EXECUTING
14:22:32 INFO  State of operation 18685697 : EXECUTING
14:22:36 INFO  State of operation 18685697 : EXECUTING
14:22:38 INFO  State of operation 18685697 : EXECUTING
14:22:41 INFO  State of operation 18685697 : EXECUTING
14:22:43 INFO  State of operation 18685697 : EXECUTING
14:22:45 INFO  State of operation 18685697 : EXECUTING
14:22:48 INFO  State of operation 18685697 : EXECUTING
14:22:50 INFO  State of operation 18685697 : EXECUTING
14:22:53 INFO  State of operation 18685697 : EXECUTING
14:22:55 INFO  State of operation 18685697 : EXECUTING
14:22:58 INFO  State of operation 18685697 : EXECUTING
14:23:00 INFO  State of operation 18685697 : EXECUTING
14:23:03 INFO  State of operation 18685697 : EXECUTING
14:23:05 INFO  State of operation 18685697 : EXECUTING
14:23:07 INFO  State of operation 18685697 : EXECUTING
14:23:09 INFO  State of operation 18685697 : EXECUTING
14:23:12 INFO  State of operation 18685697 : EXECUTING
14:23:14 INFO  State of operation 18685697 : EXECUTING
14:23:16 INFO  State of operation 18685697 : EXECUTING
14:23:18 INFO  State of operation 18685697 : EXECUTING
14:23:21 INFO  State of operation 18685697 : EXECUTING
14:23:23 INFO  State of operation 18685697 : EXECUTING
14:23:26 INFO  State of operation 18685697 : EXECUTING
14:23:28 INFO  State of operation 18685697 : EXECUTING
14:23:31 INFO  State of operation 18685697 : EXECUTING
14:23:33 INFO  State of operation 18685697 : EXECUTING
14:23:36 INFO  State of operation 18685697 : EXECUTING
14:23:38 INFO  State of operation 18685697 : EXECUTING
14:23:40 INFO  State of operation 18685697 : EXECUTING
14:23:42 INFO  State of operation 18685697 : EXECUTING
14:23:45 INFO  State of operation 18685697 : EXECUTING
14:23:47 INFO  State of operation 18685697 : EXECUTING
14:23:50 INFO  State of operation 18685697 : EXECUTING
14:23:52 INFO  State of operation 18685697 : EXECUTING
14:23:54 INFO  State of operation 18685697 : EXECUTING
14:23:56 INFO  State of operation 18685697 : EXECUTING
14:23:59 INFO  State of operation 18685697 : EXECUTING
14:24:01 INFO  State of operation 18685697 : EXECUTING
14:24:04 INFO  State of operation 18685697 : EXECUTING
14:24:07 INFO  State of operation 18685697 : EXECUTING
14:24:09 INFO  State of operation 18685697 : EXECUTING
14:24:11 INFO  State of operation 18685697 : EXECUTING
14:24:14 INFO  State of operation 18685697 : EXECUTING
14:24:16 INFO  State of operation 18685697 : EXECUTING
14:24:18 INFO  State of operation 18685697 : EXECUTING
14:24:20 WARN  SystemError occurred while running test - Timeout while waiting for status SUCCESSFUL or False
Traceback (most recent call last):
  File "/home/pi/env-pysys/lib/python3.7/site-packages/pysys/baserunner.py", line 1294, in __call__
    self.testObj.execute()
  File "/home/pi/actions-runner/_work/thin-edge.io/thin-edge.io/tests/PySys/software_management_end_to_end/sm_apt_install_remove_multiple_mixed/run.py", line 89, in execute
    self.wait_until_succcess()
  File "/home/pi/actions-runner/_work/thin-edge.io/thin-edge.io/tests/PySys/software_management_end_to_end/environment_sm_management.py", line 324, in wait_until_succcess
    self.wait_until_status("SUCCESSFUL")
  File "/home/pi/actions-runner/_work/thin-edge.io/thin-edge.io/tests/PySys/software_management_end_to_end/environment_sm_management.py", line 381, in wait_until_status
    "Timeout while waiting for status %s or %s" % (status, status2)
SystemError: Timeout while waiting for status SUCCESSFUL or False
14:24:20 WARN  SystemError: Timeout while waiting for status SUCCESSFUL or False ... blocked 
14:24:20 INFO  
14:24:20 INFO  cleanup:
14:24:25 INFO  Executed sudo&lt;tedge_disconnect_c8y&gt;, exit status 0
14:24:25 INFO  Executed systemctl&lt;serv_mapper5&gt;, exit status 3
14:24:25 INFO  
14:24:25 INFO  Test duration: 180.72 secs
14:24:25 INFO  Test final outcome:  BLOCKED
14:24:25 INFO  Test outcome reason: SystemError: Timeout while waiting for status SUCCESSFUL or False (+1 other failures)
14:24:25 INFO  
</system-out>
	</testcase>
</testsuite><testsuite name="SoftwareManagement.sm_apt_install_remove_with_version" tests="3" errors="0" failures="0" skipped="1" time="0"><testcase classname="PySysTest" name="SoftwareManagement.sm_apt_install_remove_with_version">
		<skipped message="SKIPPED: Testing the apt plugin is not supported on this platform.Use parameter -XmyPlatform='container' to enable it" />
		<system-out>13:19:44 INFO  ==============================================================
13:19:44 INFO  Id:    SoftwareManagement.sm_apt_install_remove_with_version
13:19:44 INFO  Dir:   software_management_end_to_end/
13:19:44 INFO  Title: Validate end to end behaviour for the apt plugin for packages with version
13:19:44 INFO  ==============================================================
13:19:44 INFO  Testing the apt plugin is not supported on this platform.Use parameter -XmyPlatform='container' to enable it ... skipped
13:19:44 WARN  Aborted test due to SKIPPED outcome
13:19:44 INFO  
13:19:44 INFO  Test duration: 0.02 secs
13:19:44 INFO  Test final outcome:  SKIPPED
13:19:44 INFO  Test outcome reason: Testing the apt plugin is not supported on this platform.Use parameter -XmyPlatform='container' to enable it
13:19:44 INFO  
</system-out>
	</testcase>
<testcase classname="PySysTest" name="SoftwareManagement.sm_apt_install_remove_with_version" />
<testcase classname="PySysTest" name="SoftwareManagement.sm_apt_install_remove_with_version" />
</testsuite><testsuite name="SoftwareManagement.sm_docker_install_remove_multiple" tests="3" errors="0" failures="0" skipped="1" time="0"><testcase classname="SMDockerInstallRemove" name="SoftwareManagement.sm_docker_install_remove_multiple">
		<skipped message="SKIPPED: Testing the apt plugin is not supported on this platform.Use parameter -XmyPlatform='container' to enable it" />
		<system-out>13:19:44 INFO  ==============================================================
13:19:44 INFO  Id:    SoftwareManagement.sm_docker_install_remove_multiple
13:19:44 INFO  Dir:   software_management_end_to_end/
13:19:44 INFO  Title: Validate end to end behaviour for the docker plugin for multiple docker images with mixed versions
13:19:44 INFO  ==============================================================
13:19:44 INFO  Testing the apt plugin is not supported on this platform.Use parameter -XmyPlatform='container' to enable it ... skipped
13:19:44 WARN  Aborted test due to SKIPPED outcome
13:19:44 INFO  
13:19:44 INFO  Test duration: 0.02 secs
13:19:44 INFO  Test final outcome:  SKIPPED
13:19:44 INFO  Test outcome reason: Testing the apt plugin is not supported on this platform.Use parameter -XmyPlatform='container' to enable it
13:19:44 INFO  
</system-out>
	</testcase>
<testcase classname="SMDockerInstallRemove" name="SoftwareManagement.sm_docker_install_remove_multiple" />
<testcase classname="SMDockerInstallRemove" name="SoftwareManagement.sm_docker_install_remove_multiple" />
</testsuite><testsuite name="SoftwareManagement.sm_fake_install_remove" tests="2" errors="0" failures="0" skipped="1" time="0"><testcase classname="PySysTest" name="SoftwareManagement.sm_fake_install_remove">
		<skipped message="SKIPPED: Testing the fake plugin is not enabled.Use parameter -Xfakeplugin=fakeplugin to enable it" />
		<system-out>13:19:45 INFO  ==============================================================
13:19:45 INFO  Id:    SoftwareManagement.sm_fake_install_remove
13:19:45 INFO  Dir:   software_management_end_to_end/
13:19:45 INFO  Title: Validate end to end behaviour for the dummy plugin for installation and removal of packages
13:19:45 INFO  ==============================================================
13:19:45 INFO  Testing the fake plugin is not enabled.Use parameter -Xfakeplugin=fakeplugin to enable it ... skipped
13:19:45 WARN  Aborted test due to SKIPPED outcome
13:19:45 INFO  
13:19:45 INFO  Test duration: 0.02 secs
13:19:45 INFO  Test final outcome:  SKIPPED
13:19:45 INFO  Test outcome reason: Testing the fake plugin is not enabled.Use parameter -Xfakeplugin=fakeplugin to enable it
13:19:45 INFO  
</system-out>
	</testcase>
<testcase classname="PySysTest" name="SoftwareManagement.sm_fake_install_remove" />
</testsuite><testsuite name="SoftwareManagement.sm_fake_install_remove_multiple" tests="2" errors="0" failures="0" skipped="1" time="0"><testcase classname="PySysTest" name="SoftwareManagement.sm_fake_install_remove_multiple">
		<skipped message="SKIPPED: Testing the fake plugin is not enabled.Use parameter -Xfakeplugin=fakeplugin to enable it" />
		<system-out>13:19:45 INFO  ==============================================================
13:19:45 INFO  Id:    SoftwareManagement.sm_fake_install_remove_multiple
13:19:45 INFO  Dir:   software_management_end_to_end/
13:19:45 INFO  Title: Validate end to end behaviour for the dummy-plugin for multiple packages
13:19:45 INFO  ==============================================================
13:19:45 INFO  Testing the fake plugin is not enabled.Use parameter -Xfakeplugin=fakeplugin to enable it ... skipped
13:19:45 WARN  Aborted test due to SKIPPED outcome
13:19:45 INFO  
13:19:45 INFO  Test duration: 0.02 secs
13:19:45 INFO  Test final outcome:  SKIPPED
13:19:45 INFO  Test outcome reason: Testing the fake plugin is not enabled.Use parameter -Xfakeplugin=fakeplugin to enable it
13:19:45 INFO  
</system-out>
	</testcase>
<testcase classname="PySysTest" name="SoftwareManagement.sm_fake_install_remove_multiple" />
</testsuite><testsuite name="SoftwareManagement.sm_mapper_fail_and_reconnect" tests="2" errors="0" failures="0" skipped="2" time="0"><testcase classname="MapperC8yReceiveLastMessageOnRestart" name="SoftwareManagement.sm_mapper_fail_and_reconnect">
		<skipped message="SKIPPED: instable https://github.com/thin-edge/thin-edge.io/issues/752" />
		<system-out>13:19:45 INFO  ==============================================================
13:19:45 INFO  Id:    SoftwareManagement.sm_mapper_fail_and_reconnect
13:19:45 INFO  Dir:   software_management_end_to_end/
13:19:45 INFO  Title: Validate the tedge-mapper-sm-c8y for receiving the last message on restart
13:19:45 INFO  ==============================================================
13:19:45 INFO  instable https://github.com/thin-edge/thin-edge.io/issues/752 ... skipped
13:19:45 INFO  
13:19:45 INFO  Test duration: 0.02 secs
13:19:45 INFO  Test final outcome:  SKIPPED
13:19:45 INFO  Test outcome reason: instable https://github.com/thin-edge/thin-edge.io/issues/752
13:19:45 INFO  
</system-out>
	</testcase>
<testcase classname="MapperC8yReceiveLastMessageOnRestart" name="SoftwareManagement.sm_mapper_fail_and_reconnect">
		<skipped message="SKIPPED: instable https://github.com/thin-edge/thin-edge.io/issues/752" />
		<system-out>14:31:20 INFO  ==============================================================
14:31:20 INFO  Id:    SoftwareManagement.sm_mapper_fail_and_reconnect
14:31:20 INFO  Dir:   software_management_end_to_end/
14:31:20 INFO  Title: Validate the tedge-mapper-sm-c8y for receiving the last message on restart
14:31:20 INFO  ==============================================================
14:31:20 INFO  instable https://github.com/thin-edge/thin-edge.io/issues/752 ... skipped
14:31:20 INFO  
14:31:20 INFO  Test duration: 0.02 secs
14:31:20 INFO  Test final outcome:  SKIPPED
14:31:20 INFO  Test outcome reason: instable https://github.com/thin-edge/thin-edge.io/issues/752
14:31:20 INFO  
</system-out>
	</testcase>
</testsuite><testsuite name="SoftwareManagement.sm_mixed_install_remove_multiple" tests="2" errors="0" failures="1" skipped="1" time="0"><testcase classname="PySysTest" name="SoftwareManagement.sm_mixed_install_remove_multiple">
		<skipped message="SKIPPED: Testing the fake plugin is not enabled.Use parameter -Xfakeplugin=fakeplugin to enable it" />
		<system-out>13:19:45 INFO  ==============================================================
13:19:45 INFO  Id:    SoftwareManagement.sm_mixed_install_remove_multiple
13:19:45 INFO  Dir:   software_management_end_to_end/
13:19:45 INFO  Title: Validate end to end behaviour for the dummy-plugin for multiple packages with mixed versions
13:19:45 INFO  ==============================================================
13:19:45 INFO  Testing the fake plugin is not enabled.Use parameter -Xfakeplugin=fakeplugin to enable it ... skipped
13:19:45 WARN  Aborted test due to SKIPPED outcome
13:19:45 INFO  
13:19:45 INFO  Test duration: 0.02 secs
13:19:45 INFO  Test final outcome:  SKIPPED
13:19:45 INFO  Test outcome reason: Testing the fake plugin is not enabled.Use parameter -Xfakeplugin=fakeplugin to enable it
13:19:45 INFO  
</system-out>
	</testcase>
<testcase classname="PySysTest" name="SoftwareManagement.sm_mixed_install_remove_multiple">
		<failure message="FAILED: Assert that (False == value) with value=True" type="FAILED" />
		<system-out>14:31:20 INFO  ==============================================================
14:31:20 INFO  Id:    SoftwareManagement.sm_mixed_install_remove_multiple
14:31:20 INFO  Dir:   software_management_end_to_end/
14:31:20 INFO  Title: Validate end to end behaviour for the dummy-plugin for multiple packages with mixed versions
14:31:20 INFO  ==============================================================
14:31:20 INFO  Using sw id database: {'asciijump': '5475369', 'robotfindskitten': '5474869', 'squirrel3': '5475279', 'rolldice': '5152439', 'moon-buggy': '5439204', 'apple': '5495053', 'banana': '5494888', 'cherry': '5495382', 'watermelon': '5494510', 'registry': '8018911', 'hello-world': '8021526', 'docker/getting-started': '8021973', 'alpine': '7991792'}
14:31:20 INFO  EnvironmentC8y Setup
14:31:21 INFO  Executed systemctl&lt;serv_mapper1&gt;, exit status 3
14:31:21 INFO  Restarting mosquitto too frequently in the last 10 seconds. It was only up for 4 seconds
14:31:21 INFO  Delaying execution by 7 seconds
14:31:42 INFO  Executed sudo&lt;tedge_connect_c8y&gt;, exit status 0, duration 14 secs
14:31:43 INFO  Executed sudo&lt;tedge_connect_c8y_test&gt;, exit status 0
14:31:43 INFO  Executed systemctl&lt;serv_mosq2&gt;, exit status 0
14:31:44 INFO  Executed systemctl&lt;serv_mapper3&gt;, exit status 0
14:31:46 INFO  State of current operation: SUCCESSFUL
14:31:46 INFO  Package apple is installed
14:31:46 INFO  Assert that (True == value) with value=True ... passed
14:31:47 INFO  Package banana is installed
14:31:47 INFO  Assert that (True == value) with value=True ... passed
14:31:47 INFO  Package cherry is installed
14:31:47 INFO  Assert that (True == value) with value=True ... passed
14:31:47 INFO  Package asciijump is installed
14:31:47 WARN  Assert that (False == value) with value=True ... failed 
14:31:47 INFO  Assert that (False == value) with value=False ... passed
14:31:48 INFO  Response status: 201
14:31:48 INFO  Response to action: {
    "creationTime": "2022-05-10T14:31:47.998Z",
    "deviceName": "mythicd",
    "deviceId": "18671274",
    "self": "https://t493319102.eu-latest.cumulocity.com/devicecontrol/operations/18685843",
    "id": "18685843",
    "status": "PENDING",
    "description": "Apply software changes, triggered from PySys: [{'action': 'install', 'id': '5495053', 'name': 'apple', 'url': ' ', 'version': '::fruits'}, {'action': 'install', 'id': '5494888', 'name': 'banana', 'url': ' ', 'version': '::fruits'}, {'action': 'install', 'id': '5475369', 'name': 'asciijump', 'url': ' ', 'version': '::apt'}, {'action': 'install', 'id': '5495382', 'name': 'cherry', 'url': ' ', 'version': '::fruits'}, {'action': 'install', 'id': '8018911', 'name': 'registry', 'url': ' ', 'version': '::docker'}]",
    "c8y_SoftwareUpdate": [
        {
            "name": "apple",
            "action": "install",
            "id": "5495053",
            "version": "::fruits",
            "url": " "
        },
        {
            "name": "banana",
            "action": "install",
            "id": "5494888",
            "version": "::fruits",
            "url": " "
        },
        {
            "name": "asciijump",
            "action": "install",
            "id": "5475369",
            "version": "::apt",
            "url": " "
        },
        {
            "name": "cherry",
            "action": "install",
            "id": "5495382",
            "version": "::fruits",
            "url": " "
        },
        {
            "name": "registry",
[...]
</system-out>
	</testcase>
<testcase classname="DockerPluginInstallWithVersionTest" name="docker_plugin_install_with_version" />
</testsuite><testsuite name="docker_plugin_remove" tests="2" errors="0" failures="0" skipped="1" time="0"><testcase classname="DockerPluginRemoveTest" name="docker_plugin_remove">
		<skipped message="SKIPPED: Testing the docker plugin is not supported on this platform.To run it, all the test with -XmyPlatform='container'" />
		<system-out>13:10:05 INFO  ==============================================================
13:10:05 INFO  Id:    docker_plugin_remove
13:10:05 INFO  Dir:   plugin_docker/
13:10:05 INFO  Title: Validate docker plugin remove
13:10:05 INFO  ==============================================================
13:10:05 INFO  Testing the docker plugin is not supported on this platform.To run it, all the test with -XmyPlatform='container' ... skipped
13:10:05 WARN  Aborted test due to SKIPPED outcome
13:10:05 INFO  
13:10:05 INFO  Test duration: 0.02 secs
13:10:05 INFO  Test final outcome:  SKIPPED
13:10:05 INFO  Test outcome reason: Testing the docker plugin is not supported on this platform.To run it, all the test with -XmyPlatform='container'
13:10:05 INFO  
</system-out>
	</testcase>
<testcase classname="DockerPluginRemoveTest" name="docker_plugin_remove" />
</testsuite><testsuite name="docker_plugin_remove_with_version" tests="2" errors="0" failures="0" skipped="1" time="0"><testcase classname="DockerPluginRemoveWithVersionTest" name="docker_plugin_remove_with_version">
		<skipped message="SKIPPED: Testing the docker plugin is not supported on this platform.To run it, all the test with -XmyPlatform='container'" />
		<system-out>13:10:06 INFO  ==============================================================
13:10:06 INFO  Id:    docker_plugin_remove_with_version
13:10:06 INFO  Dir:   plugin_docker/
13:10:06 INFO  Title: Validate docker plugin remove with version
13:10:06 INFO  ==============================================================
13:10:06 INFO  Testing the docker plugin is not supported on this platform.To run it, all the test with -XmyPlatform='container' ... skipped
13:10:06 WARN  Aborted test due to SKIPPED outcome
13:10:06 INFO  
13:10:06 INFO  Test duration: 0.02 secs
13:10:06 INFO  Test final outcome:  SKIPPED
13:10:06 INFO  Test outcome reason: Testing the docker plugin is not supported on this platform.To run it, all the test with -XmyPlatform='container'
13:10:06 INFO  
</system-out>
	</testcase>
<testcase classname="DockerPluginRemoveWithVersionTest" name="docker_plugin_remove_with_version" />
</testsuite><testsuite name="docker_plugin_update" tests="2" errors="0" failures="0" skipped="1" time="0"><testcase classname="DockerPluginUpdateTest" name="docker_plugin_update">
		<skipped message="SKIPPED: Testing the docker plugin is not supported on this platform.To run it, all the test with -XmyPlatform='container'" />
		<system-out>13:10:06 INFO  ==============================================================
13:10:06 INFO  Id:    docker_plugin_update
13:10:06 INFO  Dir:   plugin_docker/
13:10:06 INFO  Title: Validate docker plugin install updates existing containers
13:10:06 INFO  ==============================================================
13:10:06 INFO  Testing the docker plugin is not supported on this platform.To run it, all the test with -XmyPlatform='container' ... skipped
13:10:06 WARN  Aborted test due to SKIPPED outcome
13:10:06 INFO  
13:10:06 INFO  Test duration: 0.02 secs
13:10:06 INFO  Test final outcome:  SKIPPED
13:10:06 INFO  Test outcome reason: Testing the docker plugin is not supported on this platform.To run it, all the test with -XmyPlatform='container'
13:10:06 INFO  
</system-out>
	</testcase>
<testcase classname="DockerPluginUpdateTest" name="docker_plugin_update" />
</testsuite><testsuite name="invalid_device_id" tests="1" errors="0" failures="0" skipped="0" time="0"><testcase classname="InvalidDeviceId" name="invalid_device_id" />
</testsuite><testsuite name="local_mqtt_pub_fail_noqos" tests="1" errors="0" failures="0" skipped="0" time="0"><testcase classname="PySysTest" name="local_mqtt_pub_fail_noqos" />
</testsuite><testsuite name="local_mqtt_pub_fail_qos0" tests="1" errors="0" failures="0" skipped="0" time="0"><testcase classname="PySysTest" name="local_mqtt_pub_fail_qos0" />
</testsuite><testsuite name="local_mqtt_pub_fail_qos1" tests="1" errors="0" failures="0" skipped="0" time="0"><testcase classname="PySysTest" name="local_mqtt_pub_fail_qos1" />
</testsuite><testsuite name="local_mqtt_pub_fail_qos2" tests="1" errors="0" failures="0" skipped="0" time="0"><testcase classname="PySysTest" name="local_mqtt_pub_fail_qos2" />
</testsuite><testsuite name="local_mqtt_pub_sub" tests="1" errors="0" failures="0" skipped="0" time="0"><testcase classname="PySysTest" name="local_mqtt_pub_sub" />
</testsuite><testsuite name="local_mqtt_pub_sub_retain" tests="1" errors="0" failures="0" skipped="0" time="0"><testcase classname="MqttPublishWithRetain" name="local_mqtt_pub_sub_retain" />
</testsuite><testsuite name="local_mqtt_pub_sub_with_sudo" tests="1" errors="0" failures="0" skipped="0" time="0"><testcase classname="PySysTest" name="local_mqtt_pub_sub_with_sudo" />
</testsuite><testsuite name="local_mqtt_sub_fail" tests="1" errors="0" failures="0" skipped="0" time="0"><testcase classname="PySysTest" name="local_mqtt_sub_fail" />
</testsuite><testsuite name="log_request_error_messages" tests="1" errors="0" failures="0" skipped="1" time="0"><testcase classname="LogRequestVerifySearchTextError" name="log_request_error_messages">
		<skipped message="SKIPPED: Test execution disabled due to #1123" />
		<system-out>13:08:29 INFO  ==============================================================
13:08:29 INFO  Id:    log_request_error_messages
13:08:29 INFO  Dir:   log_request_end_to_end/
13:08:29 INFO  Title: Validate end to end behaviour for the log request operation check for error messages
13:08:29 INFO  ==============================================================
13:08:30 INFO  Test execution disabled due to #1123 ... skipped
13:08:30 INFO  
13:08:30 INFO  Test duration: 1.51 secs
13:08:30 INFO  Test final outcome:  SKIPPED
13:08:30 INFO  Test outcome reason: Test execution disabled due to #1123
13:08:30 INFO  
</system-out>
	</testcase>
</testsuite><testsuite name="log_request_num_lines" tests="1" errors="0" failures="0" skipped="1" time="0"><testcase classname="LogRequestVerifyNumberOfLines" name="log_request_num_lines">
		<skipped message="SKIPPED: Test execution disabled due to #1123" />
		<system-out>13:08:30 INFO  ==============================================================
13:08:30 INFO  Id:    log_request_num_lines
13:08:30 INFO  Dir:   log_request_end_to_end/
13:08:30 INFO  Title: Validate end to end behaviour for the log request operation check for number of lines
13:08:30 INFO  ==============================================================
13:08:30 INFO  Test execution disabled due to #1123 ... skipped
13:08:30 INFO  
13:08:30 INFO  Test duration: 0.02 secs
13:08:30 INFO  Test final outcome:  SKIPPED
13:08:30 INFO  Test outcome reason: Test execution disabled due to #1123
13:08:30 INFO  
</system-out>
	</testcase>
</testsuite><testsuite name="mapper_awaits_before_reconnect" tests="1" errors="0" failures="0" skipped="0" time="0"><testcase classname="MapperReconnectAwait" name="mapper_awaits_before_reconnect" />
</testsuite><testsuite name="monitoring_smaller_interval" tests="1" errors="0" failures="0" skipped="1" time="0"><testcase classname="MonitoringSmallInterval" name="monitoring_smaller_interval">
		<skipped message="SKIPPED: Fails due to retained message" />
		<system-out>13:10:00 INFO  ==============================================================
13:10:00 INFO  Id:    monitoring_smaller_interval
13:10:00 INFO  Dir:   monitoring/
13:10:00 INFO  Title: Validate the tedge dm agent messages that are produced with smaller sampling interval than the batching window. Here the simulated collectd messages are used
13:10:00 INFO  ==============================================================
13:10:00 INFO  Fails due to retained message ... skipped
13:10:00 INFO  
13:10:00 INFO  Test duration: 0.02 secs
13:10:00 INFO  Test final outcome:  SKIPPED
13:10:00 INFO  Test outcome reason: Fails due to retained message
13:10:00 INFO  
</system-out>
	</testcase>
</testsuite><testsuite name="monitoring_with_collectd" tests="1" errors="0" failures="0" skipped="1" time="0"><testcase classname="MonitoringWithCollectd" name="monitoring_with_collectd">
		<skipped message="SKIPPED: Test execution disabled due to #792 (instable)" />
		<system-out>13:10:00 INFO  ==============================================================
13:10:00 INFO  Id:    monitoring_with_collectd
13:10:00 INFO  Dir:   monitoring/
13:10:00 INFO  Title: Validate tedge dm agent messages that are produced by batching the collectd messages
13:10:00 INFO  ==============================================================
13:10:00 INFO  Test execution disabled due to #792 (instable) ... skipped
13:10:00 INFO  
13:10:00 INFO  Test duration: 0.02 secs
13:10:00 INFO  Test final outcome:  SKIPPED
13:10:00 INFO  Test outcome reason: Test execution disabled due to #792 (instable)
13:10:01 INFO  
</system-out>
	</testcase>
</testsuite><testsuite name="monitoring_with_simulated_messages" tests="1" errors="0" failures="0" skipped="1" time="0"><testcase classname="MonitoringWithSimulatedMessages" name="monitoring_with_simulated_messages">
		<skipped message="SKIPPED: Fails due to retained message" />
		<system-out>13:10:01 INFO  ==============================================================
13:10:01 INFO  Id:    monitoring_with_simulated_messages
13:10:01 INFO  Dir:   monitoring/
13:10:01 INFO  Title: Validate the tedge dm agent messages that are produced from the simulated collectd messages
13:10:01 INFO  ==============================================================
13:10:01 INFO  Fails due to retained message ... skipped
13:10:01 INFO  
13:10:01 INFO  Test duration: 0.02 secs
13:10:01 INFO  Test final outcome:  SKIPPED
13:10:01 INFO  Test outcome reason: Fails due to retained message
13:10:01 INFO  
</system-out>
	</testcase>
</testsuite><testsuite name="mqtt_port_change_connection_fails" tests="1" errors="0" failures="0" skipped="0" time="0"><testcase classname="MqttPortChangeConnectionFails" name="mqtt_port_change_connection_fails" />
</testsuite><testsuite name="mqtt_port_change_connection_works" tests="1" errors="0" failures="0" skipped="1" time="0"><testcase classname="MqttPortChangeConnectionWorks" name="mqtt_port_change_connection_works">
		<skipped message="SKIPPED: failing intermitently" />
		<system-out>13:09:05 INFO  ==============================================================
13:09:05 INFO  Id:    mqtt_port_change_connection_works
13:09:05 INFO  Dir:   misc_features/
13:09:05 INFO  Title: mqtt port change connection works for all the thin-edge services that use the mosquitto broker
13:09:05 INFO  ==============================================================
13:09:05 INFO  failing intermitently ... skipped
13:09:05 INFO  
13:09:05 INFO  Test duration: 0.02 secs
13:09:05 INFO  Test final outcome:  SKIPPED
13:09:05 INFO  Test outcome reason: failing intermitently
13:09:05 INFO  
</system-out>
	</testcase>
</testsuite><testsuite name="mqtt_port_set" tests="1" errors="0" failures="0" skipped="0" time="0"><testcase classname="MqttPortSet" name="mqtt_port_set" />
</testsuite><testsuite name="mqtt_port_unset" tests="1" errors="0" failures="0" skipped="0" time="0"><testcase classname="MqttPortUnSet" name="mqtt_port_unset" />
</testsuite><testsuite name="publish_flux" tests="1" errors="0" failures="0" skipped="0" time="0"><testcase classname="PublishFlux" name="publish_flux" />
</testsuite><testsuite name="publish_sawmill" tests="1" errors="0" failures="0" skipped="0" time="0"><testcase classname="PublishSawmill" name="publish_sawmill" />
</testsuite><testsuite name="pysys_block" tests="1" errors="0" failures="0" skipped="1" time="0"><testcase classname="Fail" name="pysys_block">
		<skipped message="SKIPPED: Enable this to observe a blocking test" />
		<system-out>13:09:28 INFO  ==============================================================
13:09:28 INFO  Id:    pysys_block
13:09:28 INFO  Dir:   misc_features/
13:09:28 INFO  Title: fail
13:09:28 INFO  ==============================================================
13:09:28 INFO  Enable this to observe a blocking test ... skipped
13:09:28 INFO  
13:09:28 INFO  Test duration: 0.02 secs
13:09:28 INFO  Test final outcome:  SKIPPED
13:09:28 INFO  Test outcome reason: Enable this to observe a blocking test
13:09:28 INFO  
</system-out>
	</testcase>
</testsuite><testsuite name="pysys_fail" tests="1" errors="0" failures="0" skipped="1" time="0"><testcase classname="Fail" name="pysys_fail">
		<skipped message="SKIPPED: Enable this to observe a failing test" />
		<system-out>13:09:28 INFO  ==============================================================
13:09:28 INFO  Id:    pysys_fail
13:09:28 INFO  Dir:   misc_features/
13:09:28 INFO  Title: fail
13:09:28 INFO  ==============================================================
13:09:28 INFO  Enable this to observe a failing test ... skipped
13:09:28 INFO  
13:09:28 INFO  Test duration: 0.02 secs
13:09:28 INFO  Test final outcome:  SKIPPED
13:09:28 INFO  Test outcome reason: Enable this to observe a failing test
13:09:28 INFO  
</system-out>
	</testcase>
</testsuite><testsuite name="runtime_start_two_mappers" tests="1" errors="0" failures="0" skipped="1" time="0"><testcase classname="RuntimeMultiMappers" name="runtime_start_two_mappers">
		<skipped message="SKIPPED: Test execution disabled due to #1124" />
		<system-out>13:23:17 INFO  ==============================================================
13:23:17 INFO  Id:    runtime_start_two_mappers
13:23:17 INFO  Dir:   tedge_mapper_c8y/
13:23:17 INFO  Title: Validate two mappers can't be started at the same time
13:23:17 INFO  ==============================================================
13:23:17 INFO  Test execution disabled due to #1124 ... skipped
13:23:17 INFO  
13:23:17 INFO  Test duration: 0.02 secs
13:23:17 INFO  Test final outcome:  SKIPPED
13:23:17 INFO  Test outcome reason: Test execution disabled due to #1124
13:23:17 INFO  
</system-out>
	</testcase>
</testsuite><testsuite name="sm_tedge_mapper_init_session" tests="1" errors="0" failures="0" skipped="0" time="0"><testcase classname="TedgeSMMapperInitSession" name="sm_tedge_mapper_init_session" />
</testsuite><testsuite name="smoketest_json" tests="1" errors="0" failures="0" skipped="0" time="0"><testcase classname="SmokeTestJson" name="smoketest_json" />
</testsuite><testsuite name="smoketest_json_400_samples_10ms" tests="1" errors="0" failures="0" skipped="0" time="0"><testcase classname="SmoketestJson400Samples10ms" name="smoketest_json_400_samples_10ms" />
</testsuite><testsuite name="smoketest_json_400_samples_20ms" tests="1" errors="0" failures="0" skipped="0" time="0"><testcase classname="SmoketestJson400Samples20ms" name="smoketest_json_400_samples_20ms" />
</testsuite><testsuite name="smoketest_smartrest" tests="1" errors="0" failures="0" skipped="0" time="0"><testcase classname="SmoketestSmartRest" name="smoketest_smartrest" />
</testsuite><testsuite name="smoketest_smartrest_200_samples_1Xms" tests="1" errors="0" failures="0" skipped="0" time="0"><testcase classname="SmoketestSmartRest200Samples1Xms" name="smoketest_smartrest_200_samples_1Xms" />
</testsuite><testsuite name="smoketest_smartrest_200_samples_20ms" tests="1" errors="0" failures="0" skipped="0" time="0"><testcase classname="SmoketestSmartRest200Samples20ms" name="smoketest_smartrest_200_samples_20ms" />
</testsuite><testsuite name="tedge_agent_user_sudo_access" tests="1" errors="0" failures="0" skipped="1" time="0"><testcase classname="TedgeAgentUserSudoAccess" name="tedge_agent_user_sudo_access">
		<skipped message="SKIPPED: #955 Observation: Exit code of the apt plugin when called with no arguments" />
		<system-out>13:20:11 INFO  ==============================================================
13:20:11 INFO  Id:    tedge_agent_user_sudo_access
13:20:11 INFO  Dir:   tedge/
13:20:11 INFO  Title: Validate tedge-agent user has a limited sudo right
13:20:11 INFO  ==============================================================
13:20:11 INFO  #955 Observation: Exit code of the apt plugin when called with no arguments ... skipped
13:20:11 INFO  
13:20:11 INFO  Test duration: 0.02 secs
13:20:11 INFO  Test final outcome:  SKIPPED
13:20:11 INFO  Test outcome reason: #955 Observation: Exit code of the apt plugin when called with no arguments
13:20:11 INFO  
</system-out>
	</testcase>
</testsuite><testsuite name="tedge_connect_test_negative" tests="1" errors="0" failures="0" skipped="0" time="0"><testcase classname="TedgeConnectTestNegative" name="tedge_connect_test_negative" />
</testsuite><testsuite name="tedge_connect_test_positive" tests="1" errors="0" failures="0" skipped="0" time="0"><testcase classname="TedgeConnectTestPositive" name="tedge_connect_test_positive" />
</testsuite><testsuite name="tedge_connect_test_sm_services" tests="1" errors="0" failures="0" skipped="0" time="0"><testcase classname="TedgeConnectTestSMServices" name="tedge_connect_test_sm_services" />
</testsuite><testsuite name="tedge_disconnect_test_sm_services" tests="1" errors="0" failures="0" skipped="0" time="0"><testcase classname="TedgeDisConnectTestSMServices" name="tedge_disconnect_test_sm_services" />
</testsuite><testsuite name="tedge_mapper_az_negative" tests="1" errors="0" failures="0" skipped="0" time="0"><testcase classname="TedgeMapperAzError" name="tedge_mapper_az_negative" />
</testsuite><testsuite name="tedge_mapper_az_with_timestamp" tests="1" errors="0" failures="0" skipped="0" time="0"><testcase classname="TedgeMapperAzWithTimestamp" name="tedge_mapper_az_with_timestamp" />
</testsuite><testsuite name="tedge_mapper_az_without_timestamp" tests="1" errors="0" failures="0" skipped="0" time="0"><testcase classname="TedgeMapperAzWithoutTimestamp" name="tedge_mapper_az_without_timestamp" />
</testsuite><testsuite name="tedge_mapper_c8y_alarms" tests="1" errors="0" failures="0" skipped="0" time="0"><testcase classname="TedgeMapperC8yAlarm" name="tedge_mapper_c8y_alarms" />
</testsuite><testsuite name="tedge_mapper_c8y_child_device_measurement" tests="1" errors="0" failures="0" skipped="1" time="0"><testcase classname="TedgeMapperC8yChildDevice" name="tedge_mapper_c8y_child_device_measurement">
		<skipped message="SKIPPED: Test execution disabled due to #1088" />
		<system-out>13:24:31 INFO  ==============================================================
13:24:31 INFO  Id:    tedge_mapper_c8y_child_device_measurement
13:24:31 INFO  Dir:   tedge_mapper_c8y/
13:24:31 INFO  Title: Validate that measurements sent to tedge/measurements/child topic gets mapped as the child device's measurement in Cumulocity
13:24:31 INFO  ==============================================================
13:24:31 INFO  Test execution disabled due to #1088 ... skipped
13:24:31 INFO  
13:24:31 INFO  Test duration: 0.04 secs
13:24:31 INFO  Test final outcome:  SKIPPED
13:24:31 INFO  Test outcome reason: Test execution disabled due to #1088
13:24:31 INFO  
</system-out>
	</testcase>
</testsuite><testsuite name="tedge_mapper_c8y_packet_threshold_size" tests="1" errors="0" failures="0" skipped="0" time="0"><testcase classname="TedgeMapperC8yThresholdPacketSize" name="tedge_mapper_c8y_packet_threshold_size" />
</testsuite><testsuite name="tedge_software_update" tests="1" errors="0" failures="0" skipped="0" time="0"><testcase classname="PySysTest" name="tedge_software_update" />
</testsuite><testsuite name="valid_device_id" tests="1" errors="0" failures="0" skipped="0" time="0"><testcase classname="ValidateValidDeviceId" name="valid_device_id" />
</testsuite></testsuites>