<?xml version='1.0' encoding='utf-8'?>
<testsuites tests="149" failures="16" errors="0" skipped="49" time="0.0"><testsuite name="SoftwareManagement.Plugin.apama_plugin_install" tests="3" errors="0" failures="0" skipped="1" time="0"><testcase classname="ApamaPluginInstallTest" name="SoftwareManagement.Plugin.apama_plugin_install">
		<skipped message="SKIPPED: Apama plugin tests are disabled by default. Execute `pysys run` with `-XmyPlatform=container` to run these tests" />
		<system-out>08:23:40 INFO  ==============================================================
08:23:40 INFO  Id:    SoftwareManagement.Plugin.apama_plugin_install
08:23:40 INFO  Dir:   plugin_apama/
08:23:40 INFO  Title: Validate apama plugin install
08:23:40 INFO  ==============================================================
08:23:40 INFO  Apama plugin tests are disabled by default. Execute `pysys run` with `-XmyPlatform=container` to run these tests ... skipped
08:23:40 WARN  Aborted test due to SKIPPED outcome
08:23:40 INFO  
08:23:40 INFO  Test duration: 0.08 secs
08:23:40 INFO  Test final outcome:  SKIPPED
08:23:40 INFO  Test outcome reason: Apama plugin tests are disabled by default. Execute `pysys run` with `-XmyPlatform=container` to run these tests
08:23:40 INFO  
</system-out>
	</testcase>
<testcase classname="ApamaPluginInstallTest" name="SoftwareManagement.Plugin.apama_plugin_install" />
<testcase classname="ApamaPluginInstallTest" name="SoftwareManagement.Plugin.apama_plugin_install" />
</testsuite><testsuite name="SoftwareManagement.Plugin.apama_plugin_mon_support" tests="3" errors="0" failures="0" skipped="1" time="0"><testcase classname="ApamaPluginMonSupportTest" name="SoftwareManagement.Plugin.apama_plugin_mon_support">
		<skipped message="SKIPPED: Apama plugin tests are disabled by default. Execute `pysys run` with `-XmyPlatform=container` to run these tests" />
		<system-out>08:23:40 INFO  ==============================================================
08:23:40 INFO  Id:    SoftwareManagement.Plugin.apama_plugin_mon_support
08:23:40 INFO  Dir:   plugin_apama/
08:23:40 INFO  Title: Validate mon file support of apama plugin
08:23:40 INFO  ==============================================================
08:23:40 INFO  Apama plugin tests are disabled by default. Execute `pysys run` with `-XmyPlatform=container` to run these tests ... skipped
08:23:40 WARN  Aborted test due to SKIPPED outcome
08:23:40 INFO  
08:23:40 INFO  Test duration: 0.02 secs
08:23:40 INFO  Test final outcome:  SKIPPED
08:23:40 INFO  Test outcome reason: Apama plugin tests are disabled by default. Execute `pysys run` with `-XmyPlatform=container` to run these tests
08:23:40 INFO  
</system-out>
	</testcase>
<testcase classname="ApamaPluginMonSupportTest" name="SoftwareManagement.Plugin.apama_plugin_mon_support" />
<testcase classname="ApamaPluginMonSupportTest" name="SoftwareManagement.Plugin.apama_plugin_mon_support" />
</testsuite><testsuite name="SoftwareManagement.Plugin.apama_plugin_remove" tests="3" errors="0" failures="0" skipped="1" time="0"><testcase classname="ApamaPluginRemoveTest" name="SoftwareManagement.Plugin.apama_plugin_remove">
		<skipped message="SKIPPED: Apama plugin tests are disabled by default. Execute `pysys run` with `-XmyPlatform=container` to run these tests" />
		<system-out>08:23:40 INFO  ==============================================================
08:23:40 INFO  Id:    SoftwareManagement.Plugin.apama_plugin_remove
08:23:40 INFO  Dir:   plugin_apama/
08:23:40 INFO  Title: Validate apama plugin remove
08:23:40 INFO  ==============================================================
08:23:40 INFO  Apama plugin tests are disabled by default. Execute `pysys run` with `-XmyPlatform=container` to run these tests ... skipped
08:23:40 WARN  Aborted test due to SKIPPED outcome
08:23:40 INFO  
08:23:40 INFO  Test duration: 0.02 secs
08:23:40 INFO  Test final outcome:  SKIPPED
08:23:40 INFO  Test outcome reason: Apama plugin tests are disabled by default. Execute `pysys run` with `-XmyPlatform=container` to run these tests
08:23:40 INFO  
</system-out>
	</testcase>
<testcase classname="ApamaPluginRemoveTest" name="SoftwareManagement.Plugin.apama_plugin_remove" />
<testcase classname="ApamaPluginRemoveTest" name="SoftwareManagement.Plugin.apama_plugin_remove" />
</testsuite><testsuite name="SoftwareManagement.Plugin.apama_plugin_update" tests="3" errors="0" failures="2" skipped="1" time="0"><testcase classname="ApamaPluginUpdateTest" name="SoftwareManagement.Plugin.apama_plugin_update">
		<skipped message="SKIPPED: Apama plugin tests are disabled by default. Execute `pysys run` with `-XmyPlatform=container` to run these tests" />
		<system-out>08:23:40 INFO  ==============================================================
08:23:40 INFO  Id:    SoftwareManagement.Plugin.apama_plugin_update
08:23:40 INFO  Dir:   plugin_apama/
08:23:40 INFO  Title: Validate apama plugin updating one project with another
08:23:40 INFO  ==============================================================
08:23:40 INFO  Apama plugin tests are disabled by default. Execute `pysys run` with `-XmyPlatform=container` to run these tests ... skipped
08:23:40 WARN  Aborted test due to SKIPPED outcome
08:23:40 INFO  
08:23:40 INFO  Test duration: 0.02 secs
08:23:40 INFO  Test final outcome:  SKIPPED
08:23:40 INFO  Test outcome reason: Apama plugin tests are disabled by default. Execute `pysys run` with `-XmyPlatform=container` to run these tests
08:23:40 INFO  
</system-out>
	</testcase>
<testcase classname="ApamaPluginUpdateTest" name="SoftwareManagement.Plugin.apama_plugin_update">
		<failure message="BLOCKED: sudo&lt;plugin_install&gt; returned non-zero exit code 2" type="BLOCKED" />
		<system-out>09:17:15 INFO  ==============================================================
09:17:15 INFO  Id:    SoftwareManagement.Plugin.apama_plugin_update
09:17:15 INFO  Dir:   plugin_apama/
09:17:15 INFO  Title: Validate apama plugin updating one project with another
09:17:15 INFO  ==============================================================
09:17:15 INFO  Assertion that path exists=False for "/etc/tedge/apama/project" ... passed
09:17:15 INFO  Executed sudo&lt;create_project_dir&gt;, exit status 0
09:17:16 INFO  Executed sudo&lt;unzip_apama_project&gt;, exit status 0
09:17:17 INFO  Executed sudo&lt;move_apama_project&gt;, exit status 0
09:17:18 INFO  Executed sudo&lt;restart_apama_service&gt;, exit status 0
09:17:18 INFO  Executed sudo&lt;apama_correlator_wait&gt;, exit status 0
09:17:18 INFO  Assertion that path exists=True for "/etc/tedge/apama/project" ... passed
09:17:19 INFO  Executed sudo&lt;apama_list_monitors&gt;, exit status 0
09:17:19 INFO  Grep on file /home/pi/actions-runner/_work/thin-edge.io/thin-edge.io/tests/PySys/plugin_apama/apama_plugin_update/Output/linux/apama_list_monitors.out ... passed
09:17:20 WARN  Executed sudo&lt;plugin_install&gt;, exit status 2
09:17:20 INFO  Contents of plugin_install.err: 
  ERROR: Directory not empty (os error 39)
  -----

09:17:20 WARN  sudo&lt;plugin_install&gt; returned non-zero exit code 2 ... blocked [run.py:35]
09:17:20 WARN  Aborted test due to BLOCKED outcome
09:17:20 INFO  
09:17:20 INFO  cleanup:
09:17:20 INFO  Removing apama project
09:17:36 INFO  Executed sudo&lt;stop_apama_service&gt;, exit status 0, duration 15 secs
09:17:36 INFO  Executed sudo&lt;remove_apama_project&gt;, exit status 0
09:17:37 INFO  Executed sudo&lt;remove_apama_tmp_dir&gt;, exit status 0
09:17:37 INFO  
09:17:37 INFO  Test duration: 21.98 secs
09:17:37 INFO  Test final outcome:  BLOCKED
09:17:37 INFO  Test outcome reason: sudo&lt;plugin_install&gt; returned non-zero exit code 2
09:17:37 INFO  
</system-out>
	</testcase>
<testcase classname="ApamaPluginUpdateTest" name="SoftwareManagement.Plugin.apama_plugin_update">
		<failure message="BLOCKED: sudo&lt;plugin_install&gt; returned non-zero exit code 2" type="BLOCKED" />
		<system-out>09:26:16 INFO  ==============================================================
09:26:16 INFO  Id:    SoftwareManagement.Plugin.apama_plugin_update
09:26:16 INFO  Dir:   plugin_apama/
09:26:16 INFO  Title: Validate apama plugin updating one project with another
09:26:16 INFO  ==============================================================
09:26:16 INFO  Assertion that path exists=False for "/etc/tedge/apama/project" ... passed
09:26:17 INFO  Executed sudo&lt;create_project_dir&gt;, exit status 0
09:26:18 INFO  Executed sudo&lt;unzip_apama_project&gt;, exit status 0
09:26:18 INFO  Executed sudo&lt;move_apama_project&gt;, exit status 0
09:26:19 INFO  Executed sudo&lt;restart_apama_service&gt;, exit status 0
09:26:20 INFO  Executed sudo&lt;apama_correlator_wait&gt;, exit status 0
09:26:20 INFO  Assertion that path exists=True for "/etc/tedge/apama/project" ... passed
09:26:21 INFO  Executed sudo&lt;apama_list_monitors&gt;, exit status 0
09:26:21 INFO  Grep on file /home/pi/actions-runner/_work/thin-edge.io/thin-edge.io/tests/PySys/plugin_apama/apama_plugin_update/Output/linux/apama_list_monitors.out ... passed
09:26:21 WARN  Executed sudo&lt;plugin_install&gt;, exit status 2
09:26:21 INFO  Contents of plugin_install.err: 
  ERROR: Directory not empty (os error 39)
  -----

09:26:22 WARN  sudo&lt;plugin_install&gt; returned non-zero exit code 2 ... blocked [run.py:35]
09:26:22 WARN  Aborted test due to BLOCKED outcome
09:26:22 INFO  
09:26:22 INFO  cleanup:
09:26:22 INFO  Removing apama project
09:26:38 INFO  Executed sudo&lt;stop_apama_service&gt;, exit status 0, duration 15 secs
09:26:38 INFO  Executed sudo&lt;remove_apama_project&gt;, exit status 0
09:26:39 INFO  Executed sudo&lt;remove_apama_tmp_dir&gt;, exit status 0
09:26:39 INFO  
09:26:39 INFO  Test duration: 22.28 secs
09:26:39 INFO  Test final outcome:  BLOCKED
09:26:39 INFO  Test outcome reason: sudo&lt;plugin_install&gt; returned non-zero exit code 2
09:26:39 INFO  
</system-out>
	</testcase>
</testsuite><testsuite name="SoftwareManagement.sm_apt_install_download_path" tests="3" errors="0" failures="2" skipped="1" time="0"><testcase classname="AptInstallWithDownloadPath" name="SoftwareManagement.sm_apt_install_download_path">
		<skipped message="SKIPPED: Testing the apt plugin is not supported on this platform.Use parameter -XmyPlatform='container' to enable it" />
		<system-out>08:33:29 INFO  ==============================================================
08:33:29 INFO  Id:    SoftwareManagement.sm_apt_install_download_path
08:33:29 INFO  Dir:   software_management_end_to_end/
08:33:29 INFO  Title: Install package to directory specified in tedge config set tmp.path
08:33:29 INFO  ==============================================================
08:33:29 INFO  Testing the apt plugin is not supported on this platform.Use parameter -XmyPlatform='container' to enable it ... skipped
08:33:29 WARN  Aborted test due to SKIPPED outcome
08:33:29 INFO  
08:33:29 INFO  Test duration: 0.28 secs
08:33:29 INFO  Test final outcome:  SKIPPED
08:33:29 INFO  Test outcome reason: Testing the apt plugin is not supported on this platform.Use parameter -XmyPlatform='container' to enable it
08:33:29 INFO  
</system-out>
	</testcase>
<testcase classname="AptInstallWithDownloadPath" name="SoftwareManagement.sm_apt_install_download_path">
		<failure message="BLOCKED: AssertionError:" type="BLOCKED" />
		<system-out>08:58:46 INFO  ==============================================================
08:58:46 INFO  Id:    SoftwareManagement.sm_apt_install_download_path
08:58:46 INFO  Dir:   software_management_end_to_end/
08:58:46 INFO  Title: Install package to directory specified in tedge config set tmp.path
08:58:46 INFO  ==============================================================
08:58:46 INFO  Using sw id database: {'asciijump': '5475369', 'robotfindskitten': '5474869', 'squirrel3': '5475279', 'rolldice': '5152439', 'moon-buggy': '5439204', 'apple': '5495053', 'banana': '5494888', 'cherry': '5495382', 'watermelon': '5494510', 'registry': '8018911', 'hello-world': '8021526', 'docker/getting-started': '8021973', 'alpine': '7991792'}
08:58:46 INFO  EnvironmentC8y Setup
08:58:47 INFO  Executed systemctl&lt;serv_mapper1&gt;, exit status 3
08:59:02 INFO  Executed sudo&lt;tedge_connect_c8y&gt;, exit status 0, duration 15 secs
08:59:04 INFO  Executed sudo&lt;tedge_connect_c8y_test&gt;, exit status 0
08:59:05 INFO  Executed systemctl&lt;serv_mosq2&gt;, exit status 0
08:59:06 INFO  Executed systemctl&lt;serv_mapper3&gt;, exit status 0
08:59:08 INFO  State of current operation: SUCCESSFUL
08:59:08 INFO  Assert that (False == value) with value=False ... passed
08:59:09 INFO  Executed sudo, exit status 0
08:59:09 INFO  Executed sudo, exit status 0
08:59:10 INFO  Executed sudo, exit status 0
08:59:14 INFO  Executed sudo&lt;tedge_disconnect_c8y&gt;, exit status 0
08:59:14 INFO  Restarting mosquitto too frequently in the last 10 seconds. It was only up for 3 seconds
08:59:14 INFO  Delaying execution by 8 seconds
08:59:36 INFO  Executed sudo&lt;tedge_connect_c8y&gt;, exit status 0, duration 14 secs
08:59:37 INFO  Response status: 201
08:59:37 INFO  Response to action: {
    "creationTime": "2022-04-21T08:59:36.976Z",
    "deviceName": "mythica",
    "deviceId": "17530477",
    "self": "https://t493319102.eu-latest.cumulocity.com/devicecontrol/operations/17537437",
    "id": "17537437",
    "status": "PENDING",
    "description": "Apply software changes, triggered from PySys: [{'name': 'rolldice', 'id': '5152439', 'version': '::apt', 'url': 'https://thin-edge-io.eu-latest.cumulocity.com/inventory/binaries/12435463', 'action': 'install'}]",
    "c8y_SoftwareUpdate": [
        {
            "name": "rolldice",
            "action": "install",
            "id": "5152439",
            "version": "::apt",
            "url": "https://thin-edge-io.eu-latest.cumulocity.com/inventory/binaries/12435463"
        }
    ]
}
08:59:37 INFO  Started operation: {'creationTime': '2022-04-21T08:59:36.976Z', 'deviceName': 'mythica', 'deviceId': '17530477', 'self': 'https://t493319102.eu-latest.cumulocity.com/devicecontrol/operations/17537437', 'id': '17537437', 'status': 'PENDING', 'description': "Apply software changes, triggered from PySys: [{'name': 'rolldice', 'id': '5152439', 'version': '::apt', 'url': 'https://thin-edge-io.eu-latest.cumulocity.com/inventory/binaries/12435463', 'action': 'install'}]", 'c8y_SoftwareUpdate': [{'name': 'rolldice', 'action': 'install', 'id': '5152439', 'version': '::apt', 'url': 'https://thin-edge-io.eu-latest.cumulocity.com/inventory/binaries/12435463'}]}
08:59:37 WARN  , retrying in 0.5 seconds...
08:59:37 WARN  , retrying in 0.5 seconds...
08:59:38 WARN  , retrying in 0.5 seconds...
08:59:38 WARN  , retrying in 0.5 seconds...
08:59:39 WARN  , retrying in 0.5 seconds...
08:59:39 WARN  , retrying in 0.5 seconds...
08:59:40 WARN  , retrying in 0.5 seconds...
08:59:40 WARN  , retrying in 0.5 seconds...
08:59:41 WARN  , retrying in 0.5 seconds...
08:59:41 WARN  AssertionError occurred while running test - 
Traceback (most recent call last):
  File "/home/pi/env-pysys/lib/python3.7/site-packages/pysys/baserunner.py", line 1294, in __call__
    self.testObj.execute()
  File "/home/pi/actions-runner/_work/thin-edge.io/thin-edge.io/tests/PySys/software_management_end_to_end/sm_apt_install_download_path/run.py", line 83, in execute
    assert_install_in_download_path(install_directory=self.DOWNLOAD_DIR)
  File "/home/pi/env-pysys/lib/python3.7/site-packages/decorator.py", line 232, in fun
    return caller(func, *(extras + args), **kw)
  File "/home/pi/env-pysys/lib/python3.7/site-packages/retry/api.py", line 74, in retry_decorator
    logger)
  File "/home/pi/env-pysys/lib/python3.7/site-packages/retry/api.py", line 33, in __retry_internal
    return f()
  File "/home/pi/actions-runner/_work/thin-edge.io/thin-edge.io/tests/PySys/software_management_end_to_end/sm_apt_install_download_path/run.py", line 28, in assert_install_in_download_path
    assert "rolldice" in os.listdir(f"{install_directory}")
AssertionError
08:59:42 WARN  AssertionError: ... blocked 
08:59:42 INFO  
08:59:42 INFO  cleanup:
08:59:42 INFO  Executed sudo, exit status 0
08:59:43 INFO  Executed sudo, exit status 0
08:59:47 INFO  Executed sudo&lt;tedge_disconnect_c8y&gt;, exit status 0
08:59:48 INFO  Restarting mosquitto too frequently in the last 10 seconds. It was only up for 4 seconds
08:59:48 INFO  Delaying execution by 7 seconds
09:00:09 INFO  Executed sudo&lt;tedge_connect_c8y&gt;, exit status 0, duration 14 secs
09:00:14 INFO  Executed sudo&lt;tedge_disconnect_c8y&gt;, exit status 0
09:00:14 INFO  Executed systemctl&lt;serv_mapper5&gt;, exit status 3
09:00:14 INFO  
09:00:14 INFO  Test duration: 88.35 secs
09:00:14 INFO  Test final outcome:  BLOCKED
09:00:14 INFO  Test outcome reason: AssertionError:
09:00:14 INFO  
</system-out>
	</testcase>
<testcase classname="AptInstallWithDownloadPath" name="SoftwareManagement.sm_apt_install_download_path">
		<failure message="BLOCKED: AssertionError:" type="BLOCKED" />
		<system-out>09:26:39 INFO  ==============================================================
09:26:39 INFO  Id:    SoftwareManagement.sm_apt_install_download_path
09:26:39 INFO  Dir:   software_management_end_to_end/
09:26:39 INFO  Title: Install package to directory specified in tedge config set tmp.path
09:26:39 INFO  ==============================================================
09:26:40 INFO  Using sw id database: {'asciijump': '5475369', 'robotfindskitten': '5474869', 'squirrel3': '5475279', 'rolldice': '5152439', 'moon-buggy': '5439204', 'apple': '5495053', 'banana': '5494888', 'cherry': '5495382', 'watermelon': '5494510', 'registry': '8018911', 'hello-world': '8021526', 'docker/getting-started': '8021973', 'alpine': '7991792'}
09:26:40 INFO  EnvironmentC8y Setup
09:26:40 INFO  Executed systemctl&lt;serv_mapper1&gt;, exit status 3
09:26:55 INFO  Executed sudo&lt;tedge_connect_c8y&gt;, exit status 0, duration 14 secs
09:26:56 INFO  Executed sudo&lt;tedge_connect_c8y_test&gt;, exit status 0
09:26:56 INFO  Executed systemctl&lt;serv_mosq2&gt;, exit status 0
09:26:57 INFO  Executed systemctl&lt;serv_mapper3&gt;, exit status 0
09:26:59 INFO  State of current operation: SUCCESSFUL
09:26:59 INFO  Assert that (False == value) with value=False ... passed
09:27:00 INFO  Executed sudo, exit status 0
09:27:00 INFO  Executed sudo, exit status 0
09:27:01 INFO  Executed sudo, exit status 0
09:27:05 INFO  Executed sudo&lt;tedge_disconnect_c8y&gt;, exit status 0
09:27:05 INFO  Restarting mosquitto too frequently in the last 10 seconds. It was only up for 3 seconds
09:27:05 INFO  Delaying execution by 8 seconds
09:27:28 INFO  Executed sudo&lt;tedge_connect_c8y&gt;, exit status 0, duration 14 secs
09:27:28 INFO  Response status: 201
09:27:28 INFO  Response to action: {
    "creationTime": "2022-04-21T09:27:28.718Z",
    "deviceName": "mythica",
    "deviceId": "17530477",
    "self": "https://t493319102.eu-latest.cumulocity.com/devicecontrol/operations/17537601",
    "id": "17537601",
    "status": "PENDING",
    "description": "Apply software changes, triggered from PySys: [{'name': 'rolldice', 'id': '5152439', 'version': '::apt', 'url': 'https://thin-edge-io.eu-latest.cumulocity.com/inventory/binaries/12435463', 'action': 'install'}]",
    "c8y_SoftwareUpdate": [
        {
            "name": "rolldice",
            "action": "install",
            "id": "5152439",
            "version": "::apt",
            "url": "https://thin-edge-io.eu-latest.cumulocity.com/inventory/binaries/12435463"
        }
    ]
}
09:27:28 INFO  Started operation: {'creationTime': '2022-04-21T09:27:28.718Z', 'deviceName': 'mythica', 'deviceId': '17530477', 'self': 'https://t493319102.eu-latest.cumulocity.com/devicecontrol/operations/17537601', 'id': '17537601', 'status': 'PENDING', 'description': "Apply software changes, triggered from PySys: [{'name': 'rolldice', 'id': '5152439', 'version': '::apt', 'url': 'https://thin-edge-io.eu-latest.cumulocity.com/inventory/binaries/12435463', 'action': 'install'}]", 'c8y_SoftwareUpdate': [{'name': 'rolldice', 'action': 'install', 'id': '5152439', 'version': '::apt', 'url': 'https://thin-edge-io.eu-latest.cumulocity.com/inventory/binaries/12435463'}]}
09:27:28 WARN  , retrying in 0.5 seconds...
09:27:29 WARN  , retrying in 0.5 seconds...
09:27:29 WARN  , retrying in 0.5 seconds...
09:27:30 WARN  , retrying in 0.5 seconds...
09:27:30 WARN  , retrying in 0.5 seconds...
09:27:31 WARN  , retrying in 0.5 seconds...
09:27:31 WARN  , retrying in 0.5 seconds...
09:27:32 WARN  , retrying in 0.5 seconds...
09:27:32 WARN  , retrying in 0.5 seconds...
09:27:33 WARN  AssertionError occurred while running test - 
Traceback (most recent call last):
  File "/home/pi/env-pysys/lib/python3.7/site-packages/pysys/baserunner.py", line 1294, in __call__
    self.testObj.execute()
  File "/home/pi/actions-runner/_work/thin-edge.io/thin-edge.io/tests/PySys/software_management_end_to_end/sm_apt_install_download_path/run.py", line 83, in execute
    assert_install_in_download_path(install_directory=self.DOWNLOAD_DIR)
  File "/home/pi/env-pysys/lib/python3.7/site-packages/decorator.py", line 232, in fun
    return caller(func, *(extras + args), **kw)
  File "/home/pi/env-pysys/lib/python3.7/site-packages/retry/api.py", line 74, in retry_decorator
    logger)
  File "/home/pi/env-pysys/lib/python3.7/site-packages/retry/api.py", line 33, in __retry_internal
    return f()
  File "/home/pi/actions-runner/_work/thin-edge.io/thin-edge.io/tests/PySys/software_management_end_to_end/sm_apt_install_download_path/run.py", line 28, in assert_install_in_download_path
    assert "rolldice" in os.listdir(f"{install_directory}")
AssertionError
09:27:33 WARN  AssertionError: ... blocked 
09:27:33 INFO  
09:27:33 INFO  cleanup:
09:27:33 INFO  Executed sudo, exit status 0
09:27:34 INFO  Executed sudo, exit status 0
09:27:39 INFO  Executed sudo&lt;tedge_disconnect_c8y&gt;, exit status 0
09:27:39 INFO  Restarting mosquitto too frequently in the last 10 seconds. It was only up for 4 seconds
09:27:39 INFO  Delaying execution by 7 seconds
09:28:00 INFO  Executed sudo&lt;tedge_connect_c8y&gt;, exit status 0, duration 14 secs
09:28:05 INFO  Executed sudo&lt;tedge_disconnect_c8y&gt;, exit status 0
09:28:05 INFO  Executed systemctl&lt;serv_mapper5&gt;, exit status 3
09:28:05 INFO  
09:28:05 INFO  Test duration: 86.57 secs
09:28:05 INFO  Test final outcome:  BLOCKED
09:28:05 INFO  Test outcome reason: AssertionError:
09:28:05 INFO  
</system-out>
	</testcase>
</testsuite><testsuite name="SoftwareManagement.sm_apt_install_fail" tests="3" errors="0" failures="0" skipped="1" time="0"><testcase classname="PySysTest" name="SoftwareManagement.sm_apt_install_fail">
		<skipped message="SKIPPED: Testing the apt plugin is not supported on this platform.Use parameter -XmyPlatform='container' to enable it" />
		<system-out>08:33:29 INFO  ==============================================================
08:33:29 INFO  Id:    SoftwareManagement.sm_apt_install_fail
08:33:29 INFO  Dir:   software_management_end_to_end/
08:33:29 INFO  Title: Validate end to end behaviour for a failing installation
08:33:29 INFO  ==============================================================
08:33:29 INFO  Testing the apt plugin is not supported on this platform.Use parameter -XmyPlatform='container' to enable it ... skipped
08:33:29 WARN  Aborted test due to SKIPPED outcome
08:33:29 INFO  
08:33:29 INFO  Test duration: 0.04 secs
08:33:29 INFO  Test final outcome:  SKIPPED
08:33:29 INFO  Test outcome reason: Testing the apt plugin is not supported on this platform.Use parameter -XmyPlatform='container' to enable it
08:33:29 INFO  
</system-out>
	</testcase>
<testcase classname="PySysTest" name="SoftwareManagement.sm_apt_install_fail" />
<testcase classname="PySysTest" name="SoftwareManagement.sm_apt_install_fail" />
</testsuite><testsuite name="SoftwareManagement.sm_apt_install_remove" tests="3" errors="0" failures="0" skipped="1" time="0"><testcase classname="PySysTest" name="SoftwareManagement.sm_apt_install_remove">
		<skipped message="SKIPPED: Testing the apt plugin is not supported on this platform.Use parameter -XmyPlatform='container' to enable it" />
		<system-out>08:33:29 INFO  ==============================================================
08:33:29 INFO  Id:    SoftwareManagement.sm_apt_install_remove
08:33:29 INFO  Dir:   software_management_end_to_end/
08:33:29 INFO  Title: Validate end to end behaviour for the apt plugin for installation and removal of packages
08:33:29 INFO  ==============================================================
08:33:29 INFO  Testing the apt plugin is not supported on this platform.Use parameter -XmyPlatform='container' to enable it ... skipped
08:33:29 WARN  Aborted test due to SKIPPED outcome
08:33:29 INFO  
08:33:29 INFO  Test duration: 0.02 secs
08:33:29 INFO  Test final outcome:  SKIPPED
08:33:29 INFO  Test outcome reason: Testing the apt plugin is not supported on this platform.Use parameter -XmyPlatform='container' to enable it
08:33:29 INFO  
</system-out>
	</testcase>
<testcase classname="PySysTest" name="SoftwareManagement.sm_apt_install_remove" />
<testcase classname="PySysTest" name="SoftwareManagement.sm_apt_install_remove" />
</testsuite><testsuite name="SoftwareManagement.sm_apt_install_remove_default" tests="3" errors="0" failures="0" skipped="1" time="0"><testcase classname="PySysTest" name="SoftwareManagement.sm_apt_install_remove_default">
		<skipped message="SKIPPED: Testing the apt plugin is not supported on this platform.Use parameter -XmyPlatform='container' to enable it" />
		<system-out>08:33:29 INFO  ==============================================================
08:33:29 INFO  Id:    SoftwareManagement.sm_apt_install_remove_default
08:33:29 INFO  Dir:   software_management_end_to_end/
08:33:29 INFO  Title: Validate end to end behaviour for the default plugin for installation and removal of packages
08:33:29 INFO  ==============================================================
08:33:29 INFO  Testing the apt plugin is not supported on this platform.Use parameter -XmyPlatform='container' to enable it ... skipped
08:33:29 WARN  Aborted test due to SKIPPED outcome
08:33:29 INFO  
08:33:29 INFO  Test duration: 0.03 secs
08:33:29 INFO  Test final outcome:  SKIPPED
08:33:29 INFO  Test outcome reason: Testing the apt plugin is not supported on this platform.Use parameter -XmyPlatform='container' to enable it
08:33:29 INFO  
</system-out>
	</testcase>
<testcase classname="PySysTest" name="SoftwareManagement.sm_apt_install_remove_default" />
<testcase classname="PySysTest" name="SoftwareManagement.sm_apt_install_remove_default" />
</testsuite><testsuite name="SoftwareManagement.sm_apt_install_remove_multiple" tests="3" errors="0" failures="2" skipped="1" time="0"><testcase classname="PySysTest" name="SoftwareManagement.sm_apt_install_remove_multiple">
		<skipped message="SKIPPED: Testing the apt plugin is not supported on this platform.Use parameter -XmyPlatform='container' to enable it" />
		<system-out>08:33:29 INFO  ==============================================================
08:33:29 INFO  Id:    SoftwareManagement.sm_apt_install_remove_multiple
08:33:29 INFO  Dir:   software_management_end_to_end/
08:33:29 INFO  Title: Validate end to end behaviour for the apt plugin for multiple packages
08:33:29 INFO  ==============================================================
08:33:29 INFO  Testing the apt plugin is not supported on this platform.Use parameter -XmyPlatform='container' to enable it ... skipped
08:33:29 WARN  Aborted test due to SKIPPED outcome
08:33:29 INFO  
08:33:29 INFO  Test duration: 0.03 secs
08:33:29 INFO  Test final outcome:  SKIPPED
08:33:29 INFO  Test outcome reason: Testing the apt plugin is not supported on this platform.Use parameter -XmyPlatform='container' to enable it
08:33:29 INFO  
</system-out>
	</testcase>
<testcase classname="PySysTest" name="SoftwareManagement.sm_apt_install_remove_multiple">
		<failure message="FAILED: Assert that (False == value) with value=True" type="FAILED" />
		<system-out>09:07:12 INFO  ==============================================================
09:07:12 INFO  Id:    SoftwareManagement.sm_apt_install_remove_multiple
09:07:12 INFO  Dir:   software_management_end_to_end/
09:07:12 INFO  Title: Validate end to end behaviour for the apt plugin for multiple packages
09:07:12 INFO  ==============================================================
09:07:12 INFO  Using sw id database: {'asciijump': '5475369', 'robotfindskitten': '5474869', 'squirrel3': '5475279', 'rolldice': '5152439', 'moon-buggy': '5439204', 'apple': '5495053', 'banana': '5494888', 'cherry': '5495382', 'watermelon': '5494510', 'registry': '8018911', 'hello-world': '8021526', 'docker/getting-started': '8021973', 'alpine': '7991792'}
09:07:12 INFO  EnvironmentC8y Setup
09:07:13 INFO  Executed systemctl&lt;serv_mapper1&gt;, exit status 3
09:07:13 INFO  Restarting mosquitto too frequently in the last 10 seconds. It was only up for 5 seconds
09:07:13 INFO  Delaying execution by 6 seconds
09:07:33 INFO  Executed sudo&lt;tedge_connect_c8y&gt;, exit status 0, duration 14 secs
09:07:34 INFO  Executed sudo&lt;tedge_connect_c8y_test&gt;, exit status 0
09:07:34 INFO  Executed systemctl&lt;serv_mosq2&gt;, exit status 0
09:07:35 INFO  Executed systemctl&lt;serv_mapper3&gt;, exit status 0
09:07:37 INFO  State of current operation: SUCCESSFUL
09:07:37 INFO  Assert that (False == value) with value=False ... passed
09:07:38 INFO  Assert that (False == value) with value=False ... passed
09:07:38 INFO  Assert that (False == value) with value=False ... passed
09:07:38 INFO  Package robotfindskitten is installed
09:07:38 WARN  Assert that (False == value) with value=True ... failed 
09:07:39 INFO  Response status: 201
09:07:39 INFO  Response to action: {
    "creationTime": "2022-04-21T09:07:38.996Z",
    "deviceName": "mythica",
    "deviceId": "17530477",
    "self": "https://t493319102.eu-latest.cumulocity.com/devicecontrol/operations/17537502",
    "id": "17537502",
    "status": "PENDING",
    "description": "Apply software changes, triggered from PySys: [{'action': 'install', 'id': '5475369', 'name': 'asciijump', 'url': ' ', 'version': '::apt'}, {'action': 'install', 'id': '5474869', 'name': 'robotfindskitten', 'url': ' ', 'version': '::apt'}, {'action': 'install', 'id': '5475279', 'name': 'squirrel3', 'url': ' ', 'version': '::apt'}]",
    "c8y_SoftwareUpdate": [
        {
            "name": "asciijump",
            "action": "install",
            "id": "5475369",
            "version": "::apt",
            "url": " "
        },
        {
            "name": "robotfindskitten",
            "action": "install",
            "id": "5474869",
            "version": "::apt",
            "url": " "
        },
        {
            "name": "squirrel3",
            "action": "install",
            "id": "5475279",
            "version": "::apt",
            "url": " "
        }
    ]
}
09:07:39 INFO  Started operation: {'creationTime': '2022-04-21T09:07:38.996Z', 'deviceName': 'mythica', 'deviceId': '17530477', 'self': 'https://t493319102.eu-latest.cumulocity.com/devicecontrol/operations/17537502', 'id': '17537502', 'status': 'PENDING', 'description': "Apply software changes, triggered from PySys: [{'action': 'install', 'id': '5475369', 'name': 'asciijump', 'url': ' ', 'version': '::apt'}, {'action': 'install', 'id': '5474869', 'name': 'robotfindskitten', 'url': ' ', 'version': '::apt'}, {'action': 'install', 'id': '5475279', 'name': 'squirrel3', 'url': ' ', 'version': '::apt'}]", 'c8y_SoftwareUpdate': [{'name': 'asciijump', 'action': 'install', 'id': '5475369', 'version': '::apt', 'url': ' '}, {'name': 'robotfindskitten', 'action': 'install', 'id': '5474869', 'version': '::apt', 'url': ' '}, {'name': 'squirrel3', 'action': 'install', 'id': '5475279', 'version': '::apt', 'url': ' '}]}
09:07:41 INFO  State of operation 17537502 : PENDING
09:07:43 INFO  State of operation 17537502 : EXECUTING
09:07:45 INFO  State of operation 17537502 : EXECUTING
09:07:47 INFO  State of operation 17537502 : EXECUTING
09:07:50 INFO  State of operation 17537502 : EXECUTING
09:07:52 INFO  State of operation 17537502 : EXECUTING
09:07:55 INFO  State of operation 17537502 : EXECUTING
09:07:57 INFO  State of operation 17537502 : EXECUTING
09:08:00 INFO  State of operation 17537502 : EXECUTING
09:08:02 INFO  State of operation 17537502 : EXECUTING
09:08:05 INFO  State of operation 17537502 : EXECUTING
09:08:07 INFO  State of operation 17537502 : EXECUTING
09:08:09 INFO  State of operation 17537502 : EXECUTING
09:08:11 INFO  State of operation 17537502 : EXECUTING
09:08:14 INFO  State of operation 17537502 : EXECUTING
09:08:16 INFO  State of operation 17537502 : EXECUTING
09:08:18 INFO  State of operation 17537502 : EXECUTING
09:08:21 INFO  State of operation 17537502 : EXECUTING
09:08:23 INFO  State of operation 17537502 : EXECUTING
09:08:26 INFO  State of operation 17537502 : EXECUTING
09:08:28 INFO  State of operation 17537502 : EXECUTING
09:08:30 INFO  State of operation 17537502 : EXECUTING
09:08:33 INFO  State of operation 17537502 : EXECUTING
09:08:35 INFO  State of operation 17537502 : EXECUTING
09:08:38 INFO  State of operation 17537502 : EXECUTING
09:08:40 INFO  State of operation 17537502 : EXECUTING
09:08:42 INFO  State of operation 17537502 : EXECUTING
09:08:45 INFO  State of operation 17537502 : EXECUTING
09:08:47 INFO  State of operation 17537502 : EXECUTING
09:08:49 INFO  State of operation 17537502 : EXECUTING
09:08:52 INFO  State of operation 17537502 : EXECUTING
09:08:54 INFO  State of operation 17537502 : EXECUTING
09:08:56 INFO  State of operation 17537502 : EXECUTING
09:08:59 INFO  State of operation 17537502 : EXECUTING
09:09:01 INFO  State of operation 17537502 : SUCCESSFUL
09:09:01 INFO  Assert that (False == value) with value=False ... passed
09:09:01 INFO  Package asciijump is installed
09:09:01 INFO  Assert that (True == value) with value=True ... passed
09:09:02 INFO  Package squirrel3 is installed
09:09:02 INFO  Assert that (True == value) with value=True ... passed
09:09:02 INFO  Package robotfindskitten is installed
09:09:02 INFO  Assert that (True == value) with value=True ... passed
09:09:02 INFO  Response status: 201
09:09:02 INFO  Response to action: {
    "creationTime": "2022-04-21T09:09:02.553Z",
    "deviceName": "mythica",
    "deviceId": "17530477",
    "self": "https://t493319102.eu-latest.cumulocity.com/devicecontrol/operations/17537512",
    "id": "17537512",
    "status": "PENDING",
    "description": "Apply software changes, triggered from PySys: [{'action': 'delete', 'id': '5475369', 'name': 'asciijump', 'url': ' ', 'version': '::apt'}, {'action': 'delete', 'id': '5474869', 'name': 'robotfindskitten', 'url': ' ', 'version': '::apt'}, {'action': 'delete', 'id': '5475279', 'name': 'squirrel3', 'url': ' ', 'version': '::apt'}]",
    "c8y_SoftwareUpdate": [
        {
            "name": "asciijump",
            "action": "delete",
            "id": "5475369",
            "version": "::apt",
            "url": " "
        },
        {
            "name": "robotfindskitten",
            "action": "delete",
            "id": "5474869",
            "version": "::apt",
            "url": " "
        },
        {
            "name": "squirrel3",
            "action": "delete",
            "id": "5475279",
            "version": "::apt",
            "url": " "
        }
    ]
}
09:09:02 INFO  Started operation: {'creationTime': '2022-04-21T09:09:02.553Z', 'deviceName': 'mythica', 'deviceId': '17530477', 'self': 'https://t493319102.eu-latest.cumulocity.com/devicecontrol/operations/17537512', 'id': '17537512', 'status': 'PENDING', 'description': "Apply software changes, triggered from PySys: [{'action': 'delete', 'id': '5475369', 'name': 'asciijump', 'url': ' ', 'version': '::apt'}, {'action': 'delete', 'id': '5474869', 'name': 'robotfindskitten', 'url': ' ', 'version': '::apt'}, {'action': 'delete', 'id': '5475279', 'name': 'squirrel3', 'url': ' ', 'version': '::apt'}]", 'c8y_SoftwareUpdate': [{'name': 'asciijump', 'action': 'delete', 'id': '5475369', 'version': '::apt', 'url': ' '}, {'name': 'robotfindskitten', 'action': 'delete', 'id': '5474869', 'version': '::apt', 'url': ' '}, {'name': 'squirrel3', 'action': 'delete', 'id': '5475279', 'version': '::apt', 'url': ' '}]}
09:09:04 INFO  State of operation 17537512 : PENDING
09:09:07 INFO  State of operation 17537512 : EXECUTING
09:09:09 INFO  State of operation 17537512 : EXECUTING
09:09:11 INFO  State of operation 17537512 : EXECUTING
09:09:13 INFO  State of operation 17537512 : EXECUTING
09:09:15 INFO  State of operation 17537512 : EXECUTING
09:09:18 INFO  State of operation 17537512 : EXECUTING
09:09:21 INFO  State of operation 17537512 : EXECUTING
09:09:24 INFO  State of operation 17537512 : EXECUTING
09:09:26 INFO  State of operation 17537512 : EXECUTING
09:09:28 INFO  State of operation 17537512 : EXECUTING
09:09:30 INFO  State of operation 17537512 : EXECUTING
09:09:33 INFO  State of operation 17537512 : EXECUTING
09:09:35 INFO  State of operation 17537512 : EXECUTING
09:09:37 INFO  State of operation 17537512 : EXECUTING
09:09:40 INFO  State of operation 17537512 : EXECUTING
09:09:42 INFO  State of operation 17537512 : EXECUTING
09:09:44 INFO  State of operation 17537512 : EXECUTING
09:09:47 INFO  State of operation 17537512 : EXECUTING
09:09:49 INFO  State of operation 17537512 : EXECUTING
09:09:52 INFO  State of operation 17537512 : EXECUTING
09:09:54 INFO  State of operation 17537512 : EXECUTING
09:09:56 INFO  State of operation 17537512 : EXECUTING
09:09:58 INFO  State of operation 17537512 : EXECUTING
09:10:01 INFO  State of operation 17537512 : EXECUTING
09:10:03 INFO  State of operation 17537512 : EXECUTING
09:10:06 INFO  State of operation 17537512 : EXECUTING
09:10:08 INFO  State of operation 17537512 : EXECUTING
09:10:10 INFO  State of operation 17537512 : SUCCESSFUL
09:10:10 INFO  Assert that (False == value) with value=False ... passed
09:10:10 INFO  Assert that (False == value) with value=False ... passed
09:10:11 INFO  Assert that (False == value) with value=False ... passed
09:10:11 INFO  Assert that (False == value) with value=False ... passed
09:10:11 INFO  
09:10:11 INFO  cleanup:
09:10:15 INFO  Executed sudo&lt;tedge_disconnect_c8y&gt;, exit status 0
09:10:16 INFO  Executed systemctl&lt;serv_mapper5&gt;, exit status 3
09:10:16 INFO  
09:10:16 INFO  Test duration: 183.72 secs
09:10:16 INFO  Test final outcome:  FAILED
09:10:16 INFO  Test outcome reason: Assert that (False == value) with value=True
09:10:16 INFO  
</system-out>
	</testcase>
<testcase classname="PySysTest" name="SoftwareManagement.sm_apt_install_remove_multiple">
		<failure message="FAILED: Assert that (False == value) with value=True (+2 other failures)" type="FAILED" />
		<system-out>09:34:45 INFO  ==============================================================
09:34:45 INFO  Id:    SoftwareManagement.sm_apt_install_remove_multiple
09:34:45 INFO  Dir:   software_management_end_to_end/
09:34:45 INFO  Title: Validate end to end behaviour for the apt plugin for multiple packages
09:34:45 INFO  ==============================================================
09:34:45 INFO  Using sw id database: {'asciijump': '5475369', 'robotfindskitten': '5474869', 'squirrel3': '5475279', 'rolldice': '5152439', 'moon-buggy': '5439204', 'apple': '5495053', 'banana': '5494888', 'cherry': '5495382', 'watermelon': '5494510', 'registry': '8018911', 'hello-world': '8021526', 'docker/getting-started': '8021973', 'alpine': '7991792'}
09:34:45 INFO  EnvironmentC8y Setup
09:34:46 INFO  Executed systemctl&lt;serv_mapper1&gt;, exit status 3
09:34:46 INFO  Restarting mosquitto too frequently in the last 10 seconds. It was only up for 5 seconds
09:34:46 INFO  Delaying execution by 6 seconds
09:35:06 INFO  Executed sudo&lt;tedge_connect_c8y&gt;, exit status 0, duration 14 secs
09:35:07 INFO  Executed sudo&lt;tedge_connect_c8y_test&gt;, exit status 0
09:35:07 INFO  Executed systemctl&lt;serv_mosq2&gt;, exit status 0
09:35:08 INFO  Executed systemctl&lt;serv_mapper3&gt;, exit status 0
09:35:10 INFO  State of current operation: SUCCESSFUL
09:35:11 INFO  Assert that (False == value) with value=False ... passed
09:35:11 INFO  Package asciijump is installed
09:35:11 WARN  Assert that (False == value) with value=True ... failed 
09:35:11 INFO  Package squirrel3 is installed
09:35:11 WARN  Assert that (False == value) with value=True ... failed 
09:35:12 INFO  Package robotfindskitten is installed
09:35:12 WARN  Assert that (False == value) with value=True ... failed 
09:35:12 INFO  Response status: 201
09:35:12 INFO  Response to action: {
    "creationTime": "2022-04-21T09:35:12.351Z",
    "deviceName": "mythica",
    "deviceId": "17530477",
    "self": "https://t493319102.eu-latest.cumulocity.com/devicecontrol/operations/17537662",
    "id": "17537662",
    "status": "PENDING",
    "description": "Apply software changes, triggered from PySys: [{'action': 'install', 'id': '5475369', 'name': 'asciijump', 'url': ' ', 'version': '::apt'}, {'action': 'install', 'id': '5474869', 'name': 'robotfindskitten', 'url': ' ', 'version': '::apt'}, {'action': 'install', 'id': '5475279', 'name': 'squirrel3', 'url': ' ', 'version': '::apt'}]",
    "c8y_SoftwareUpdate": [
        {
            "name": "asciijump",
            "action": "install",
            "id": "5475369",
            "version": "::apt",
            "url": " "
        },
        {
            "name": "robotfindskitten",
            "action": "install",
            "id": "5474869",
            "version": "::apt",
            "url": " "
        },
        {
            "name": "squirrel3",
            "action": "install",
            "id": "5475279",
            "version": "::apt",
            "url": " "
        }
    ]
}
09:35:12 INFO  Started operation: {'creationTime': '2022-04-21T09:35:12.351Z', 'deviceName': 'mythica', 'deviceId': '17530477', 'self': 'https://t493319102.eu-latest.cumulocity.com/devicecontrol/operations/17537662', 'id': '17537662', 'status': 'PENDING', 'description': "Apply software changes, triggered from PySys: [{'action': 'install', 'id': '5475369', 'name': 'asciijump', 'url': ' ', 'version': '::apt'}, {'action': 'install', 'id': '5474869', 'name': 'robotfindskitten', 'url': ' ', 'version': '::apt'}, {'action': 'install', 'id': '5475279', 'name': 'squirrel3', 'url': ' ', 'version': '::apt'}]", 'c8y_SoftwareUpdate': [{'name': 'asciijump', 'action': 'install', 'id': '5475369', 'version': '::apt', 'url': ' '}, {'name': 'robotfindskitten', 'action': 'install', 'id': '5474869', 'version': '::apt', 'url': ' '}, {'name': 'squirrel3', 'action': 'install', 'id': '5475279', 'version': '::apt', 'url': ' '}]}
09:35:14 INFO  State of operation 17537662 : PENDING
09:35:16 INFO  State of operation 17537662 : EXECUTING
09:35:19 INFO  State of operation 17537662 : EXECUTING
09:35:21 INFO  State of operation 17537662 : EXECUTING
09:35:23 INFO  State of operation 17537662 : EXECUTING
09:35:25 INFO  State of operation 17537662 : EXECUTING
09:35:28 INFO  State of operation 17537662 : EXECUTING
09:35:30 INFO  State of operation 17537662 : EXECUTING
09:35:33 INFO  State of operation 17537662 : EXECUTING
09:35:35 INFO  State of operation 17537662 : EXECUTING
09:35:38 INFO  State of operation 17537662 : EXECUTING
09:35:40 INFO  State of operation 17537662 : EXECUTING
09:35:42 INFO  State of operation 17537662 : EXECUTING
09:35:44 INFO  State of operation 17537662 : EXECUTING
09:35:47 INFO  State of operation 17537662 : EXECUTING
09:35:49 INFO  State of operation 17537662 : SUCCESSFUL
09:35:49 INFO  Assert that (False == value) with value=False ... passed
09:35:49 INFO  Package asciijump is installed
09:35:49 INFO  Assert that (True == value) with value=True ... passed
09:35:49 INFO  Package squirrel3 is installed
09:35:49 INFO  Assert that (True == value) with value=True ... passed
09:35:50 INFO  Package robotfindskitten is installed
09:35:50 INFO  Assert that (True == value) with value=True ... passed
09:35:50 INFO  Response status: 201
09:35:50 INFO  Response to action: {
    "creationTime": "2022-04-21T09:35:50.414Z",
    "deviceName": "mythica",
    "deviceId": "17530477",
    "self": "https://t493319102.eu-latest.cumulocity.com/devicecontrol/operations/17537676",
    "id": "17537676",
    "status": "PENDING",
    "description": "Apply software changes, triggered from PySys: [{'action': 'delete', 'id': '5475369', 'name': 'asciijump', 'url': ' ', 'version': '::apt'}, {'action': 'delete', 'id': '5474869', 'name': 'robotfindskitten', 'url': ' ', 'version': '::apt'}, {'action': 'delete', 'id': '5475279', 'name': 'squirrel3', 'url': ' ', 'version': '::apt'}]",
    "c8y_SoftwareUpdate": [
        {
            "name": "asciijump",
            "action": "delete",
            "id": "5475369",
            "version": "::apt",
            "url": " "
        },
        {
            "name": "robotfindskitten",
            "action": "delete",
            "id": "5474869",
            "version": "::apt",
            "url": " "
        },
        {
            "name": "squirrel3",
            "action": "delete",
            "id": "5475279",
            "version": "::apt",
            "url": " "
        }
    ]
}
09:35:50 INFO  Started operation: {'creationTime': '2022-04-21T09:35:50.414Z', 'deviceName': 'mythica', 'deviceId': '17530477', 'self': 'https://t493319102.eu-latest.cumulocity.com/devicecontrol/operations/17537676', 'id': '17537676', 'status': 'PENDING', 'description': "Apply software changes, triggered from PySys: [{'action': 'delete', 'id': '5475369', 'name': 'asciijump', 'url': ' ', 'version': '::apt'}, {'action': 'delete', 'id': '5474869', 'name': 'robotfindskitten', 'url': ' ', 'version': '::apt'}, {'action': 'delete', 'id': '5475279', 'name': 'squirrel3', 'url': ' ', 'version': '::apt'}]", 'c8y_SoftwareUpdate': [{'name': 'asciijump', 'action': 'delete', 'id': '5475369', 'version': '::apt', 'url': ' '}, {'name': 'robotfindskitten', 'action': 'delete', 'id': '5474869', 'version': '::apt', 'url': ' '}, {'name': 'squirrel3', 'action': 'delete', 'id': '5475279', 'version': '::apt', 'url': ' '}]}
09:35:52 INFO  State of operation 17537676 : PENDING
09:35:54 INFO  State of operation 17537676 : EXECUTING
09:35:57 INFO  State of operation 17537676 : EXECUTING
09:35:59 INFO  State of operation 17537676 : EXECUTING
09:36:01 INFO  State of operation 17537676 : EXECUTING
09:36:03 INFO  State of operation 17537676 : EXECUTING
09:36:06 INFO  State of operation 17537676 : EXECUTING
09:36:08 INFO  State of operation 17537676 : EXECUTING
09:36:11 INFO  State of operation 17537676 : EXECUTING
09:36:14 INFO  State of operation 17537676 : EXECUTING
09:36:16 INFO  State of operation 17537676 : EXECUTING
09:36:18 INFO  State of operation 17537676 : EXECUTING
09:36:20 INFO  State of operation 17537676 : EXECUTING
09:36:23 INFO  State of operation 17537676 : EXECUTING
09:36:25 INFO  State of operation 17537676 : EXECUTING
09:36:27 INFO  State of operation 17537676 : EXECUTING
09:36:29 INFO  State of operation 17537676 : EXECUTING
09:36:32 INFO  State of operation 17537676 : EXECUTING
09:36:35 INFO  State of operation 17537676 : EXECUTING
09:36:37 INFO  State of operation 17537676 : EXECUTING
09:36:39 INFO  State of operation 17537676 : EXECUTING
09:36:41 INFO  State of operation 17537676 : EXECUTING
09:36:44 INFO  State of operation 17537676 : EXECUTING
09:36:46 INFO  State of operation 17537676 : EXECUTING
09:36:48 INFO  State of operation 17537676 : EXECUTING
09:36:51 INFO  State of operation 17537676 : EXECUTING
09:36:53 INFO  State of operation 17537676 : EXECUTING
09:36:56 INFO  State of operation 17537676 : EXECUTING
09:36:58 INFO  State of operation 17537676 : EXECUTING
09:37:00 INFO  State of operation 17537676 : SUCCESSFUL
09:37:00 INFO  Assert that (False == value) with value=False ... passed
09:37:01 INFO  Assert that (False == value) with value=False ... passed
09:37:01 INFO  Assert that (False == value) with value=False ... passed
09:37:01 INFO  Assert that (False == value) with value=False ... passed
09:37:01 INFO  
09:37:01 INFO  cleanup:
09:37:05 INFO  Executed sudo&lt;tedge_disconnect_c8y&gt;, exit status 0
09:37:06 INFO  Executed systemctl&lt;serv_mapper5&gt;, exit status 3
09:37:06 INFO  
09:37:06 INFO  Test duration: 140.63 secs
09:37:06 INFO  Test final outcome:  FAILED
09:37:06 INFO  Test outcome reason: Assert that (False == value) with value=True (+2 other failures)
09:37:06 INFO  
</system-out>
	</testcase>
</testsuite><testsuite name="SoftwareManagement.sm_apt_install_remove_multiple_mixed" tests="3" errors="0" failures="2" skipped="1" time="0"><testcase classname="PySysTest" name="SoftwareManagement.sm_apt_install_remove_multiple_mixed">
		<skipped message="SKIPPED: Testing the apt plugin is not supported on this platform.Use parameter -XmyPlatform='container' to enable it" />
		<system-out>08:33:29 INFO  ==============================================================
08:33:29 INFO  Id:    SoftwareManagement.sm_apt_install_remove_multiple_mixed
08:33:29 INFO  Dir:   software_management_end_to_end/
08:33:29 INFO  Title: Validate end to end behaviour for the apt plugin for multiple packages with mixed versions
08:33:29 INFO  ==============================================================
08:33:30 INFO  Testing the apt plugin is not supported on this platform.Use parameter -XmyPlatform='container' to enable it ... skipped
08:33:30 WARN  Aborted test due to SKIPPED outcome
08:33:30 INFO  
08:33:30 INFO  Test duration: 0.03 secs
08:33:30 INFO  Test final outcome:  SKIPPED
08:33:30 INFO  Test outcome reason: Testing the apt plugin is not supported on this platform.Use parameter -XmyPlatform='container' to enable it
08:33:30 INFO  
</system-out>
	</testcase>
<testcase classname="PySysTest" name="SoftwareManagement.sm_apt_install_remove_multiple_mixed">
		<failure message="BLOCKED: SystemError: Timeout while waiting for status SUCCESSFUL or False" type="BLOCKED" />
		<system-out>09:10:16 INFO  ==============================================================
09:10:16 INFO  Id:    SoftwareManagement.sm_apt_install_remove_multiple_mixed
09:10:16 INFO  Dir:   software_management_end_to_end/
09:10:16 INFO  Title: Validate end to end behaviour for the apt plugin for multiple packages with mixed versions
09:10:16 INFO  ==============================================================
09:10:16 INFO  Using sw id database: {'asciijump': '5475369', 'robotfindskitten': '5474869', 'squirrel3': '5475279', 'rolldice': '5152439', 'moon-buggy': '5439204', 'apple': '5495053', 'banana': '5494888', 'cherry': '5495382', 'watermelon': '5494510', 'registry': '8018911', 'hello-world': '8021526', 'docker/getting-started': '8021973', 'alpine': '7991792'}
09:10:16 INFO  EnvironmentC8y Setup
09:10:16 INFO  Executed systemctl&lt;serv_mapper1&gt;, exit status 3
09:10:17 INFO  Restarting mosquitto too frequently in the last 10 seconds. It was only up for 5 seconds
09:10:17 INFO  Delaying execution by 6 seconds
09:10:37 INFO  Executed sudo&lt;tedge_connect_c8y&gt;, exit status 0, duration 14 secs
09:10:37 INFO  Executed sudo&lt;tedge_connect_c8y_test&gt;, exit status 0
09:10:38 INFO  Executed systemctl&lt;serv_mosq2&gt;, exit status 0
09:10:38 INFO  Executed systemctl&lt;serv_mapper3&gt;, exit status 0
09:10:41 INFO  State of current operation: SUCCESSFUL
09:10:41 INFO  Assert that (False == value) with value=False ... passed
09:10:41 INFO  Assert that (False == value) with value=False ... passed
09:10:41 INFO  Assert that (False == value) with value=False ... passed
09:10:42 INFO  Assert that (False == value) with value=False ... passed
09:10:42 INFO  Assert that (False == value) with value=False ... passed
09:10:43 INFO  Response status: 201
09:10:43 INFO  Response to action: {
    "creationTime": "2022-04-21T09:10:43.423Z",
    "deviceName": "mythica",
    "deviceId": "17530477",
    "self": "https://t493319102.eu-latest.cumulocity.com/devicecontrol/operations/17537527",
    "id": "17537527",
    "status": "PENDING",
    "description": "Apply software changes, triggered from PySys: [{'action': 'install', 'id': '5475369', 'name': 'asciijump', 'url': ' ', 'version': '::apt'}, {'action': 'install', 'id': '5474869', 'name': 'robotfindskitten', 'url': ' ', 'version': ' '}, {'action': 'install', 'id': '5475279', 'name': 'squirrel3', 'url': ' ', 'version': '3.1-7::apt'}, {'action': 'install', 'id': '5152439', 'name': 'rolldice', 'url': ' ', 'version': '1.16-1+b1'}, {'action': 'install', 'id': '5439204', 'name': 'moon-buggy', 'url': ' ', 'version': '1:1.0.51-12'}, {'action': 'install', 'id': '5475369', 'name': 'asciijump', 'url': ' ', 'version': '::apt'}]",
    "c8y_SoftwareUpdate": [
        {
            "name": "asciijump",
            "action": "install",
            "id": "5475369",
            "version": "::apt",
            "url": " "
        },
        {
            "name": "robotfindskitten",
            "action": "install",
            "id": "5474869",
            "version": " ",
            "url": " "
        },
        {
            "name": "squirrel3",
            "action": "install",
            "id": "5475279",
            "version": "3.1-7::apt",
            "url": " "
        },
        {
            "name": "rolldice",
            "action": "install",
            "id": "5152439",
            "version": "1.16-1+b1",
            "url": " "
        },
        {
            "name": "moon-buggy",
            "action": "install",
            "id": "5439204",
            "version": "1:1.0.51-12",
            "url": " "
        },
        {
            "name": "asciijump",
            "action": "install",
            "id": "5475369",
            "version": "::apt",
            "url": " "
        }
    ]
}
09:10:43 INFO  Started operation: {'creationTime': '2022-04-21T09:10:43.423Z', 'deviceName': 'mythica', 'deviceId': '17530477', 'self': 'https://t493319102.eu-latest.cumulocity.com/devicecontrol/operations/17537527', 'id': '17537527', 'status': 'PENDING', 'description': "Apply software changes, triggered from PySys: [{'action': 'install', 'id': '5475369', 'name': 'asciijump', 'url': ' ', 'version': '::apt'}, {'action': 'install', 'id': '5474869', 'name': 'robotfindskitten', 'url': ' ', 'version': ' '}, {'action': 'install', 'id': '5475279', 'name': 'squirrel3', 'url': ' ', 'version': '3.1-7::apt'}, {'action': 'install', 'id': '5152439', 'name': 'rolldice', 'url': ' ', 'version': '1.16-1+b1'}, {'action': 'install', 'id': '5439204', 'name': 'moon-buggy', 'url': ' ', 'version': '1:1.0.51-12'}, {'action': 'install', 'id': '5475369', 'name': 'asciijump', 'url': ' ', 'version': '::apt'}]", 'c8y_SoftwareUpdate': [{'name': 'asciijump', 'action': 'install', 'id': '5475369', 'version': '::apt', 'url': ' '}, {'name': 'robotfindskitten', 'action': 'install', 'id': '5474869', 'version': ' ', 'url': ' '}, {'name': 'squirrel3', 'action': 'install', 'id': '5475279', 'version': '3.1-7::apt', 'url': ' '}, {'name': 'rolldice', 'action': 'install', 'id': '5152439', 'version': '1.16-1+b1', 'url': ' '}, {'name': 'moon-buggy', 'action': 'install', 'id': '5439204', 'version': '1:1.0.51-12', 'url': ' '}, {'name': 'asciijump', 'action': 'install', 'id': '5475369', 'version': '::apt', 'url': ' '}]}
09:10:45 INFO  State of operation 17537527 : PENDING
09:10:47 INFO  State of operation 17537527 : EXECUTING
09:10:50 INFO  State of operation 17537527 : EXECUTING
09:10:52 INFO  State of operation 17537527 : EXECUTING
09:10:54 INFO  State of operation 17537527 : EXECUTING
09:10:56 INFO  State of operation 17537527 : EXECUTING
09:10:59 INFO  State of operation 17537527 : EXECUTING
09:11:02 INFO  State of operation 17537527 : EXECUTING
09:11:04 INFO  State of operation 17537527 : EXECUTING
09:11:07 INFO  State of operation 17537527 : EXECUTING
09:11:09 INFO  State of operation 17537527 : EXECUTING
09:11:11 INFO  State of operation 17537527 : EXECUTING
09:11:13 INFO  State of operation 17537527 : EXECUTING
09:11:16 INFO  State of operation 17537527 : EXECUTING
09:11:18 INFO  State of operation 17537527 : EXECUTING
09:11:20 INFO  State of operation 17537527 : EXECUTING
09:11:23 INFO  State of operation 17537527 : EXECUTING
09:11:25 INFO  State of operation 17537527 : EXECUTING
09:11:28 INFO  State of operation 17537527 : EXECUTING
09:11:30 INFO  State of operation 17537527 : EXECUTING
09:11:32 INFO  State of operation 17537527 : EXECUTING
09:11:34 INFO  State of operation 17537527 : EXECUTING
09:11:37 INFO  State of operation 17537527 : EXECUTING
09:11:39 INFO  State of operation 17537527 : EXECUTING
09:11:41 INFO  State of operation 17537527 : EXECUTING
09:11:44 INFO  State of operation 17537527 : EXECUTING
09:11:47 INFO  State of operation 17537527 : EXECUTING
09:11:49 INFO  State of operation 17537527 : EXECUTING
09:11:52 INFO  State of operation 17537527 : EXECUTING
09:11:54 INFO  State of operation 17537527 : EXECUTING
09:11:56 INFO  State of operation 17537527 : EXECUTING
09:11:59 INFO  State of operation 17537527 : EXECUTING
09:12:01 INFO  State of operation 17537527 : EXECUTING
09:12:03 INFO  State of operation 17537527 : EXECUTING
09:12:05 INFO  State of operation 17537527 : EXECUTING
09:12:07 INFO  State of operation 17537527 : EXECUTING
09:12:10 INFO  State of operation 17537527 : EXECUTING
09:12:12 INFO  State of operation 17537527 : EXECUTING
09:12:15 INFO  State of operation 17537527 : EXECUTING
09:12:17 INFO  State of operation 17537527 : EXECUTING
09:12:20 INFO  State of operation 17537527 : EXECUTING
09:12:22 INFO  State of operation 17537527 : EXECUTING
09:12:24 INFO  State of operation 17537527 : EXECUTING
09:12:27 INFO  State of operation 17537527 : EXECUTING
09:12:29 INFO  State of operation 17537527 : EXECUTING
09:12:31 INFO  State of operation 17537527 : EXECUTING
09:12:33 INFO  State of operation 17537527 : EXECUTING
09:12:36 INFO  State of operation 17537527 : EXECUTING
09:12:38 INFO  State of operation 17537527 : EXECUTING
09:12:40 INFO  State of operation 17537527 : EXECUTING
09:12:43 INFO  State of operation 17537527 : EXECUTING
09:12:45 INFO  State of operation 17537527 : EXECUTING
09:12:48 INFO  State of operation 17537527 : EXECUTING
09:12:50 INFO  State of operation 17537527 : EXECUTING
09:12:53 INFO  State of operation 17537527 : EXECUTING
09:12:55 INFO  State of operation 17537527 : EXECUTING
09:12:58 INFO  State of operation 17537527 : EXECUTING
09:13:00 INFO  State of operation 17537527 : EXECUTING
09:13:02 INFO  State of operation 17537527 : EXECUTING
09:13:04 INFO  State of operation 17537527 : EXECUTING
09:13:07 INFO  State of operation 17537527 : EXECUTING
09:13:09 WARN  SystemError occurred while running test - Timeout while waiting for status SUCCESSFUL or False
Traceback (most recent call last):
  File "/home/pi/env-pysys/lib/python3.7/site-packages/pysys/baserunner.py", line 1294, in __call__
    self.testObj.execute()
  File "/home/pi/actions-runner/_work/thin-edge.io/thin-edge.io/tests/PySys/software_management_end_to_end/sm_apt_install_remove_multiple_mixed/run.py", line 89, in execute
    self.wait_until_succcess()
  File "/home/pi/actions-runner/_work/thin-edge.io/thin-edge.io/tests/PySys/software_management_end_to_end/environment_sm_management.py", line 324, in wait_until_succcess
    self.wait_until_status("SUCCESSFUL")
  File "/home/pi/actions-runner/_work/thin-edge.io/thin-edge.io/tests/PySys/software_management_end_to_end/environment_sm_management.py", line 381, in wait_until_status
    "Timeout while waiting for status %s or %s" % (status, status2)
SystemError: Timeout while waiting for status SUCCESSFUL or False
09:13:09 WARN  SystemError: Timeout while waiting for status SUCCESSFUL or False ... blocked 
09:13:09 INFO  
09:13:09 INFO  cleanup:
09:13:13 INFO  Executed sudo&lt;tedge_disconnect_c8y&gt;, exit status 0
09:13:14 INFO  Executed systemctl&lt;serv_mapper5&gt;, exit status 3
09:13:14 INFO  
09:13:14 INFO  Test duration: 178.21 secs
09:13:14 INFO  Test final outcome:  BLOCKED
09:13:14 INFO  Test outcome reason: SystemError: Timeout while waiting for status SUCCESSFUL or False
09:13:14 INFO  
</system-out>
	</testcase>
<testcase classname="PySysTest" name="SoftwareManagement.sm_apt_install_remove_multiple_mixed">
		<failure message="BLOCKED: SystemError: Timeout while waiting for status SUCCESSFUL or False (+1 other failures)" type="BLOCKED" />
		<system-out>09:37:06 INFO  ==============================================================
09:37:06 INFO  Id:    SoftwareManagement.sm_apt_install_remove_multiple_mixed
09:37:06 INFO  Dir:   software_management_end_to_end/
09:37:06 INFO  Title: Validate end to end behaviour for the apt plugin for multiple packages with mixed versions
09:37:06 INFO  ==============================================================
09:37:06 INFO  Using sw id database: {'asciijump': '5475369', 'robotfindskitten': '5474869', 'squirrel3': '5475279', 'rolldice': '5152439', 'moon-buggy': '5439204', 'apple': '5495053', 'banana': '5494888', 'cherry': '5495382', 'watermelon': '5494510', 'registry': '8018911', 'hello-world': '8021526', 'docker/getting-started': '8021973', 'alpine': '7991792'}
09:37:06 INFO  EnvironmentC8y Setup
09:37:07 INFO  Executed systemctl&lt;serv_mapper1&gt;, exit status 3
09:37:07 INFO  Restarting mosquitto too frequently in the last 10 seconds. It was only up for 5 seconds
09:37:07 INFO  Delaying execution by 6 seconds
09:37:27 INFO  Executed sudo&lt;tedge_connect_c8y&gt;, exit status 0, duration 13 secs
09:37:27 INFO  Executed sudo&lt;tedge_connect_c8y_test&gt;, exit status 0
09:37:28 INFO  Executed systemctl&lt;serv_mosq2&gt;, exit status 0
09:37:29 INFO  Executed systemctl&lt;serv_mapper3&gt;, exit status 0
09:37:31 INFO  State of current operation: SUCCESSFUL
09:37:31 INFO  Assert that (False == value) with value=False ... passed
09:37:31 INFO  Assert that (False == value) with value=False ... passed
09:37:31 INFO  Assert that (False == value) with value=False ... passed
09:37:32 INFO  Assert that (False == value) with value=False ... passed
09:37:32 INFO  Package moon-buggy is installed
09:37:32 WARN  Assert that (False == value) with value=True ... failed 
09:37:33 INFO  Response status: 201
09:37:33 INFO  Response to action: {
    "creationTime": "2022-04-21T09:37:33.669Z",
    "deviceName": "mythica",
    "deviceId": "17530477",
    "self": "https://t493319102.eu-latest.cumulocity.com/devicecontrol/operations/17537690",
    "id": "17537690",
    "status": "PENDING",
    "description": "Apply software changes, triggered from PySys: [{'action': 'install', 'id': '5475369', 'name': 'asciijump', 'url': ' ', 'version': '::apt'}, {'action': 'install', 'id': '5474869', 'name': 'robotfindskitten', 'url': ' ', 'version': ' '}, {'action': 'install', 'id': '5475279', 'name': 'squirrel3', 'url': ' ', 'version': '3.1-7::apt'}, {'action': 'install', 'id': '5152439', 'name': 'rolldice', 'url': ' ', 'version': '1.16-1+b1'}, {'action': 'install', 'id': '5439204', 'name': 'moon-buggy', 'url': ' ', 'version': '1:1.0.51-12'}, {'action': 'install', 'id': '5475369', 'name': 'asciijump', 'url': ' ', 'version': '::apt'}]",
    "c8y_SoftwareUpdate": [
        {
            "name": "asciijump",
            "action": "install",
            "id": "5475369",
            "version": "::apt",
            "url": " "
        },
        {
            "name": "robotfindskitten",
            "action": "install",
            "id": "5474869",
            "version": " ",
            "url": " "
        },
        {
            "name": "squirrel3",
            "action": "install",
            "id": "5475279",
            "version": "3.1-7::apt",
            "url": " "
        },
        {
            "name": "rolldice",
            "action": "install",
            "id": "5152439",
            "version": "1.16-1+b1",
            "url": " "
        },
        {
            "name": "moon-buggy",
            "action": "install",
            "id": "5439204",
            "version": "1:1.0.51-12",
            "url": " "
        },
        {
            "name": "asciijump",
            "action": "install",
            "id": "5475369",
            "version": "::apt",
            "url": " "
        }
    ]
}
09:37:33 INFO  Started operation: {'creationTime': '2022-04-21T09:37:33.669Z', 'deviceName': 'mythica', 'deviceId': '17530477', 'self': 'https://t493319102.eu-latest.cumulocity.com/devicecontrol/operations/17537690', 'id': '17537690', 'status': 'PENDING', 'description': "Apply software changes, triggered from PySys: [{'action': 'install', 'id': '5475369', 'name': 'asciijump', 'url': ' ', 'version': '::apt'}, {'action': 'install', 'id': '5474869', 'name': 'robotfindskitten', 'url': ' ', 'version': ' '}, {'action': 'install', 'id': '5475279', 'name': 'squirrel3', 'url': ' ', 'version': '3.1-7::apt'}, {'action': 'install', 'id': '5152439', 'name': 'rolldice', 'url': ' ', 'version': '1.16-1+b1'}, {'action': 'install', 'id': '5439204', 'name': 'moon-buggy', 'url': ' ', 'version': '1:1.0.51-12'}, {'action': 'install', 'id': '5475369', 'name': 'asciijump', 'url': ' ', 'version': '::apt'}]", 'c8y_SoftwareUpdate': [{'name': 'asciijump', 'action': 'install', 'id': '5475369', 'version': '::apt', 'url': ' '}, {'name': 'robotfindskitten', 'action': 'install', 'id': '5474869', 'version': ' ', 'url': ' '}, {'name': 'squirrel3', 'action': 'install', 'id': '5475279', 'version': '3.1-7::apt', 'url': ' '}, {'name': 'rolldice', 'action': 'install', 'id': '5152439', 'version': '1.16-1+b1', 'url': ' '}, {'name': 'moon-buggy', 'action': 'install', 'id': '5439204', 'version': '1:1.0.51-12', 'url': ' '}, {'name': 'asciijump', 'action': 'install', 'id': '5475369', 'version': '::apt', 'url': ' '}]}
09:37:35 INFO  State of operation 17537690 : PENDING
09:37:38 INFO  State of operation 17537690 : EXECUTING
09:37:40 INFO  State of operation 17537690 : EXECUTING
09:37:42 INFO  State of operation 17537690 : EXECUTING
09:37:44 INFO  State of operation 17537690 : EXECUTING
09:37:47 INFO  State of operation 17537690 : EXECUTING
09:37:49 INFO  State of operation 17537690 : EXECUTING
09:37:51 INFO  State of operation 17537690 : EXECUTING
09:37:54 INFO  State of operation 17537690 : EXECUTING
09:37:57 INFO  State of operation 17537690 : EXECUTING
09:37:59 INFO  State of operation 17537690 : EXECUTING
09:38:01 INFO  State of operation 17537690 : EXECUTING
09:38:04 INFO  State of operation 17537690 : EXECUTING
09:38:06 INFO  State of operation 17537690 : EXECUTING
09:38:08 INFO  State of operation 17537690 : EXECUTING
09:38:10 INFO  State of operation 17537690 : EXECUTING
09:38:13 INFO  State of operation 17537690 : EXECUTING
09:38:15 INFO  State of operation 17537690 : EXECUTING
09:38:18 INFO  State of operation 17537690 : EXECUTING
09:38:20 INFO  State of operation 17537690 : EXECUTING
09:38:22 INFO  State of operation 17537690 : EXECUTING
09:38:24 INFO  State of operation 17537690 : EXECUTING
09:38:27 INFO  State of operation 17537690 : EXECUTING
09:38:29 INFO  State of operation 17537690 : EXECUTING
09:38:33 INFO  State of operation 17537690 : EXECUTING
09:38:35 INFO  State of operation 17537690 : EXECUTING
09:38:38 INFO  State of operation 17537690 : EXECUTING
09:38:40 INFO  State of operation 17537690 : EXECUTING
09:38:43 INFO  State of operation 17537690 : EXECUTING
09:38:45 INFO  State of operation 17537690 : EXECUTING
09:38:48 INFO  State of operation 17537690 : EXECUTING
09:38:50 INFO  State of operation 17537690 : EXECUTING
09:38:52 INFO  State of operation 17537690 : EXECUTING
09:38:54 INFO  State of operation 17537690 : EXECUTING
09:38:57 INFO  State of operation 17537690 : EXECUTING
09:38:59 INFO  State of operation 17537690 : EXECUTING
09:39:01 INFO  State of operation 17537690 : EXECUTING
09:39:03 INFO  State of operation 17537690 : EXECUTING
09:39:06 INFO  State of operation 17537690 : EXECUTING
09:39:08 INFO  State of operation 17537690 : EXECUTING
09:39:11 INFO  State of operation 17537690 : EXECUTING
09:39:13 INFO  State of operation 17537690 : EXECUTING
09:39:16 INFO  State of operation 17537690 : EXECUTING
09:39:18 INFO  State of operation 17537690 : EXECUTING
09:39:20 INFO  State of operation 17537690 : EXECUTING
09:39:22 INFO  State of operation 17537690 : EXECUTING
09:39:25 INFO  State of operation 17537690 : EXECUTING
09:39:27 INFO  State of operation 17537690 : EXECUTING
09:39:29 INFO  State of operation 17537690 : EXECUTING
09:39:33 INFO  State of operation 17537690 : EXECUTING
09:39:35 INFO  State of operation 17537690 : EXECUTING
09:39:38 INFO  State of operation 17537690 : EXECUTING
09:39:40 INFO  State of operation 17537690 : EXECUTING
09:39:42 INFO  State of operation 17537690 : EXECUTING
09:39:45 INFO  State of operation 17537690 : EXECUTING
09:39:47 INFO  State of operation 17537690 : EXECUTING
09:39:50 INFO  State of operation 17537690 : EXECUTING
09:39:52 INFO  State of operation 17537690 : EXECUTING
09:39:55 INFO  State of operation 17537690 : EXECUTING
09:39:57 INFO  State of operation 17537690 : EXECUTING
09:40:00 INFO  State of operation 17537690 : EXECUTING
09:40:02 WARN  SystemError occurred while running test - Timeout while waiting for status SUCCESSFUL or False
Traceback (most recent call last):
  File "/home/pi/env-pysys/lib/python3.7/site-packages/pysys/baserunner.py", line 1294, in __call__
    self.testObj.execute()
  File "/home/pi/actions-runner/_work/thin-edge.io/thin-edge.io/tests/PySys/software_management_end_to_end/sm_apt_install_remove_multiple_mixed/run.py", line 89, in execute
    self.wait_until_succcess()
  File "/home/pi/actions-runner/_work/thin-edge.io/thin-edge.io/tests/PySys/software_management_end_to_end/environment_sm_management.py", line 324, in wait_until_succcess
    self.wait_until_status("SUCCESSFUL")
  File "/home/pi/actions-runner/_work/thin-edge.io/thin-edge.io/tests/PySys/software_management_end_to_end/environment_sm_management.py", line 381, in wait_until_status
    "Timeout while waiting for status %s or %s" % (status, status2)
SystemError: Timeout while waiting for status SUCCESSFUL or False
09:40:02 WARN  SystemError: Timeout while waiting for status SUCCESSFUL or False ... blocked 
09:40:02 INFO  
09:40:02 INFO  cleanup:
09:40:07 INFO  Executed sudo&lt;tedge_disconnect_c8y&gt;, exit status 0
09:40:08 INFO  Executed systemctl&lt;serv_mapper5&gt;, exit status 3
09:40:08 INFO  
09:40:08 INFO  Test duration: 182.05 secs
09:40:08 INFO  Test final outcome:  BLOCKED
09:40:08 INFO  Test outcome reason: SystemError: Timeout while waiting for status SUCCESSFUL or False (+1 other failures)
09:40:08 INFO  
</system-out>
	</testcase>
</testsuite><testsuite name="SoftwareManagement.sm_apt_install_remove_with_version" tests="3" errors="0" failures="1" skipped="1" time="0"><testcase classname="PySysTest" name="SoftwareManagement.sm_apt_install_remove_with_version">
		<skipped message="SKIPPED: Testing the apt plugin is not supported on this platform.Use parameter -XmyPlatform='container' to enable it" />
		<system-out>08:33:30 INFO  ==============================================================
08:33:30 INFO  Id:    SoftwareManagement.sm_apt_install_remove_with_version
08:33:30 INFO  Dir:   software_management_end_to_end/
08:33:30 INFO  Title: Validate end to end behaviour for the apt plugin for packages with version
08:33:30 INFO  ==============================================================
08:33:30 INFO  Testing the apt plugin is not supported on this platform.Use parameter -XmyPlatform='container' to enable it ... skipped
08:33:30 WARN  Aborted test due to SKIPPED outcome
08:33:30 INFO  
08:33:30 INFO  Test duration: 0.02 secs
08:33:30 INFO  Test final outcome:  SKIPPED
08:33:30 INFO  Test outcome reason: Testing the apt plugin is not supported on this platform.Use parameter -XmyPlatform='container' to enable it
08:33:30 INFO  
</system-out>
	</testcase>
<testcase classname="PySysTest" name="SoftwareManagement.sm_apt_install_remove_with_version" />
<testcase classname="PySysTest" name="SoftwareManagement.sm_apt_install_remove_with_version">
		<failure message="BLOCKED: SystemError: Timeout while waiting for status FAILED or SUCCESSFUL" type="BLOCKED" />
		<system-out>09:40:08 INFO  ==============================================================
09:40:08 INFO  Id:    SoftwareManagement.sm_apt_install_remove_with_version
09:40:08 INFO  Dir:   software_management_end_to_end/
09:40:08 INFO  Title: Validate end to end behaviour for the apt plugin for packages with version
09:40:08 INFO  ==============================================================
09:40:08 INFO  Using sw id database: {'asciijump': '5475369', 'robotfindskitten': '5474869', 'squirrel3': '5475279', 'rolldice': '5152439', 'moon-buggy': '5439204', 'apple': '5495053', 'banana': '5494888', 'cherry': '5495382', 'watermelon': '5494510', 'registry': '8018911', 'hello-world': '8021526', 'docker/getting-started': '8021973', 'alpine': '7991792'}
09:40:08 INFO  EnvironmentC8y Setup
09:40:09 INFO  Executed systemctl&lt;serv_mapper1&gt;, exit status 3
09:40:09 INFO  Restarting mosquitto too frequently in the last 10 seconds. It was only up for 5 seconds
09:40:09 INFO  Delaying execution by 6 seconds
09:40:29 INFO  Executed sudo&lt;tedge_connect_c8y&gt;, exit status 0, duration 14 secs
09:40:30 INFO  Executed sudo&lt;tedge_connect_c8y_test&gt;, exit status 0
09:40:31 INFO  Executed systemctl&lt;serv_mosq2&gt;, exit status 0
09:40:31 INFO  Executed systemctl&lt;serv_mapper3&gt;, exit status 0
09:40:33 INFO  State of current operation: EXECUTING
09:40:35 INFO  State of current operation: EXECUTING
09:40:38 INFO  State of current operation: EXECUTING
09:40:40 INFO  State of current operation: EXECUTING
09:40:42 INFO  State of current operation: EXECUTING
09:40:44 INFO  State of current operation: EXECUTING
09:40:47 INFO  State of current operation: EXECUTING
09:40:49 INFO  State of current operation: EXECUTING
09:40:51 INFO  State of current operation: EXECUTING
09:40:53 INFO  State of current operation: EXECUTING
09:40:56 INFO  State of current operation: EXECUTING
09:40:58 INFO  State of current operation: EXECUTING
09:41:00 INFO  State of current operation: EXECUTING
09:41:03 INFO  State of current operation: EXECUTING
09:41:05 INFO  State of current operation: EXECUTING
09:41:07 INFO  State of current operation: EXECUTING
09:41:09 INFO  State of current operation: EXECUTING
09:41:12 INFO  State of current operation: EXECUTING
09:41:14 INFO  State of current operation: EXECUTING
09:41:16 INFO  State of current operation: EXECUTING
09:41:18 INFO  State of current operation: EXECUTING
09:41:20 INFO  State of current operation: EXECUTING
09:41:23 INFO  State of current operation: EXECUTING
09:41:25 INFO  State of current operation: EXECUTING
09:41:27 INFO  State of current operation: EXECUTING
09:41:30 INFO  State of current operation: EXECUTING
09:41:32 INFO  State of current operation: EXECUTING
09:41:34 INFO  State of current operation: EXECUTING
09:41:36 INFO  State of current operation: EXECUTING
09:41:38 INFO  State of current operation: EXECUTING
09:41:41 INFO  State of current operation: EXECUTING
09:41:43 INFO  State of current operation: EXECUTING
09:41:45 INFO  State of current operation: EXECUTING
09:41:47 INFO  State of current operation: EXECUTING
09:41:50 INFO  State of current operation: EXECUTING
09:41:52 INFO  State of current operation: EXECUTING
09:41:54 INFO  State of current operation: EXECUTING
09:41:56 INFO  State of current operation: EXECUTING
09:41:58 INFO  State of current operation: EXECUTING
09:42:01 INFO  State of current operation: EXECUTING
09:42:03 INFO  State of current operation: EXECUTING
09:42:05 INFO  State of current operation: EXECUTING
09:42:07 INFO  State of current operation: EXECUTING
09:42:10 INFO  State of current operation: EXECUTING
09:42:12 INFO  State of current operation: EXECUTING
09:42:14 INFO  State of current operation: EXECUTING
09:42:16 INFO  State of current operation: EXECUTING
09:42:19 INFO  State of current operation: EXECUTING
09:42:21 INFO  State of current operation: EXECUTING
09:42:23 INFO  State of current operation: EXECUTING
09:42:25 INFO  State of current operation: EXECUTING
09:42:27 INFO  State of current operation: EXECUTING
09:42:30 INFO  State of current operation: EXECUTING
09:42:32 INFO  State of current operation: EXECUTING
09:42:34 INFO  State of current operation: EXECUTING
09:42:36 INFO  State of current operation: EXECUTING
09:42:39 INFO  State of current operation: EXECUTING
09:42:41 INFO  State of current operation: EXECUTING
09:42:43 INFO  State of current operation: EXECUTING
09:42:45 INFO  State of current operation: EXECUTING
09:42:47 INFO  State of current operation: EXECUTING
09:42:49 WARN  SystemError occurred while running test - Timeout while waiting for status FAILED or SUCCESSFUL
Traceback (most recent call last):
  File "/home/pi/env-pysys/lib/python3.7/site-packages/pysys/baserunner.py", line 1292, in __call__
    self.testObj.setup()
  File "/home/pi/actions-runner/_work/thin-edge.io/thin-edge.io/tests/PySys/software_management_end_to_end/sm_apt_install_remove_with_version/run.py", line 27, in setup
    super().setup()
  File "/home/pi/actions-runner/_work/thin-edge.io/thin-edge.io/tests/PySys/software_management_end_to_end/environment_sm_management.py", line 151, in setup
    self.wait_until_end()
  File "/home/pi/actions-runner/_work/thin-edge.io/thin-edge.io/tests/PySys/software_management_end_to_end/environment_sm_management.py", line 332, in wait_until_end
    self.wait_until_status("FAILED", "SUCCESSFUL")
  File "/home/pi/actions-runner/_work/thin-edge.io/thin-edge.io/tests/PySys/software_management_end_to_end/environment_sm_management.py", line 381, in wait_until_status
    "Timeout while waiting for status %s or %s" % (status, status2)
SystemError: Timeout while waiting for status FAILED or SUCCESSFUL
09:42:50 WARN  SystemError: Timeout while waiting for status FAILED or SUCCESSFUL ... blocked 
09:42:50 INFO  
09:42:50 INFO  cleanup:
09:42:54 INFO  Executed sudo&lt;tedge_disconnect_c8y&gt;, exit status 0
09:42:54 INFO  Executed systemctl&lt;serv_mapper5&gt;, exit status 3
09:42:54 INFO  
09:42:54 INFO  Test duration: 166.23 secs
09:42:54 INFO  Test final outcome:  BLOCKED
09:42:54 INFO  Test outcome reason: SystemError: Timeout while waiting for status FAILED or SUCCESSFUL
09:42:54 INFO  
</system-out>
	</testcase>
</testsuite><testsuite name="SoftwareManagement.sm_docker_install_remove_multiple" tests="3" errors="0" failures="1" skipped="1" time="0"><testcase classname="SMDockerInstallRemove" name="SoftwareManagement.sm_docker_install_remove_multiple">
		<skipped message="SKIPPED: Testing the apt plugin is not supported on this platform.Use parameter -XmyPlatform='container' to enable it" />
		<system-out>08:33:30 INFO  ==============================================================
08:33:30 INFO  Id:    SoftwareManagement.sm_docker_install_remove_multiple
08:33:30 INFO  Dir:   software_management_end_to_end/
08:33:30 INFO  Title: Validate end to end behaviour for the docker plugin for multiple docker images with mixed versions
08:33:30 INFO  ==============================================================
08:33:30 INFO  Testing the apt plugin is not supported on this platform.Use parameter -XmyPlatform='container' to enable it ... skipped
08:33:30 WARN  Aborted test due to SKIPPED outcome
08:33:30 INFO  
08:33:30 INFO  Test duration: 0.03 secs
08:33:30 INFO  Test final outcome:  SKIPPED
08:33:30 INFO  Test outcome reason: Testing the apt plugin is not supported on this platform.Use parameter -XmyPlatform='container' to enable it
08:33:30 INFO  
</system-out>
	</testcase>
<testcase classname="SMDockerInstallRemove" name="SoftwareManagement.sm_docker_install_remove_multiple" />
<testcase classname="SMDockerInstallRemove" name="SoftwareManagement.sm_docker_install_remove_multiple">
[...]
</testsuite><testsuite name="docker_plugin_remove" tests="2" errors="0" failures="0" skipped="1" time="0"><testcase classname="DockerPluginRemoveTest" name="docker_plugin_remove">
		<skipped message="SKIPPED: Testing the docker plugin is not supported on this platform.To run it, all the test with -XmyPlatform='container'" />
		<system-out>08:23:45 INFO  ==============================================================
08:23:45 INFO  Id:    docker_plugin_remove
08:23:45 INFO  Dir:   plugin_docker/
08:23:45 INFO  Title: Validate docker plugin remove
08:23:45 INFO  ==============================================================
08:23:45 INFO  Testing the docker plugin is not supported on this platform.To run it, all the test with -XmyPlatform='container' ... skipped
08:23:45 WARN  Aborted test due to SKIPPED outcome
08:23:45 INFO  
08:23:45 INFO  Test duration: 0.02 secs
08:23:45 INFO  Test final outcome:  SKIPPED
08:23:45 INFO  Test outcome reason: Testing the docker plugin is not supported on this platform.To run it, all the test with -XmyPlatform='container'
08:23:45 INFO  
</system-out>
	</testcase>
<testcase classname="DockerPluginRemoveTest" name="docker_plugin_remove" />
</testsuite><testsuite name="docker_plugin_remove_with_version" tests="2" errors="0" failures="0" skipped="1" time="0"><testcase classname="DockerPluginRemoveWithVersionTest" name="docker_plugin_remove_with_version">
		<skipped message="SKIPPED: Testing the docker plugin is not supported on this platform.To run it, all the test with -XmyPlatform='container'" />
		<system-out>08:23:45 INFO  ==============================================================
08:23:45 INFO  Id:    docker_plugin_remove_with_version
08:23:45 INFO  Dir:   plugin_docker/
08:23:45 INFO  Title: Validate docker plugin remove with version
08:23:45 INFO  ==============================================================
08:23:45 INFO  Testing the docker plugin is not supported on this platform.To run it, all the test with -XmyPlatform='container' ... skipped
08:23:45 WARN  Aborted test due to SKIPPED outcome
08:23:45 INFO  
08:23:45 INFO  Test duration: 0.02 secs
08:23:45 INFO  Test final outcome:  SKIPPED
08:23:45 INFO  Test outcome reason: Testing the docker plugin is not supported on this platform.To run it, all the test with -XmyPlatform='container'
08:23:45 INFO  
</system-out>
	</testcase>
<testcase classname="DockerPluginRemoveWithVersionTest" name="docker_plugin_remove_with_version" />
</testsuite><testsuite name="docker_plugin_update" tests="2" errors="0" failures="0" skipped="1" time="0"><testcase classname="DockerPluginUpdateTest" name="docker_plugin_update">
		<skipped message="SKIPPED: Testing the docker plugin is not supported on this platform.To run it, all the test with -XmyPlatform='container'" />
		<system-out>08:23:45 INFO  ==============================================================
08:23:45 INFO  Id:    docker_plugin_update
08:23:45 INFO  Dir:   plugin_docker/
08:23:45 INFO  Title: Validate docker plugin install updates existing containers
08:23:45 INFO  ==============================================================
08:23:45 INFO  Testing the docker plugin is not supported on this platform.To run it, all the test with -XmyPlatform='container' ... skipped
08:23:45 WARN  Aborted test due to SKIPPED outcome
08:23:45 INFO  
08:23:45 INFO  Test duration: 0.02 secs
08:23:45 INFO  Test final outcome:  SKIPPED
08:23:45 INFO  Test outcome reason: Testing the docker plugin is not supported on this platform.To run it, all the test with -XmyPlatform='container'
08:23:45 INFO  
</system-out>
	</testcase>
<testcase classname="DockerPluginUpdateTest" name="docker_plugin_update" />
</testsuite><testsuite name="invalid_device_id" tests="1" errors="0" failures="0" skipped="0" time="0"><testcase classname="InvalidDeviceId" name="invalid_device_id" />
</testsuite><testsuite name="local_mqtt_pub_fail_noqos" tests="1" errors="0" failures="0" skipped="0" time="0"><testcase classname="PySysTest" name="local_mqtt_pub_fail_noqos" />
</testsuite><testsuite name="local_mqtt_pub_fail_qos0" tests="1" errors="0" failures="0" skipped="0" time="0"><testcase classname="PySysTest" name="local_mqtt_pub_fail_qos0" />
</testsuite><testsuite name="local_mqtt_pub_fail_qos1" tests="1" errors="0" failures="0" skipped="0" time="0"><testcase classname="PySysTest" name="local_mqtt_pub_fail_qos1" />
</testsuite><testsuite name="local_mqtt_pub_fail_qos2" tests="1" errors="0" failures="0" skipped="0" time="0"><testcase classname="PySysTest" name="local_mqtt_pub_fail_qos2" />
</testsuite><testsuite name="local_mqtt_pub_sub" tests="1" errors="0" failures="0" skipped="0" time="0"><testcase classname="PySysTest" name="local_mqtt_pub_sub" />
</testsuite><testsuite name="local_mqtt_pub_sub_retain" tests="1" errors="0" failures="0" skipped="0" time="0"><testcase classname="MqttPublishWithRetain" name="local_mqtt_pub_sub_retain" />
</testsuite><testsuite name="local_mqtt_pub_sub_with_sudo" tests="1" errors="0" failures="0" skipped="0" time="0"><testcase classname="PySysTest" name="local_mqtt_pub_sub_with_sudo" />
</testsuite><testsuite name="local_mqtt_sub_fail" tests="1" errors="0" failures="0" skipped="0" time="0"><testcase classname="PySysTest" name="local_mqtt_sub_fail" />
</testsuite><testsuite name="log_request_error_messages" tests="1" errors="0" failures="0" skipped="0" time="0"><testcase classname="LogRequestVerifySearchTextError" name="log_request_error_messages" />
</testsuite><testsuite name="log_request_num_lines" tests="1" errors="0" failures="0" skipped="0" time="0"><testcase classname="LogRequestVerifyNumberOfLines" name="log_request_num_lines" />
</testsuite><testsuite name="mapper_awaits_before_reconnect" tests="1" errors="0" failures="0" skipped="0" time="0"><testcase classname="MapperReconnectAwait" name="mapper_awaits_before_reconnect" />
</testsuite><testsuite name="monitoring_smaller_interval" tests="1" errors="0" failures="0" skipped="1" time="0"><testcase classname="MonitoringSmallInterval" name="monitoring_smaller_interval">
		<skipped message="SKIPPED: Fails due to retained message" />
		<system-out>08:23:40 INFO  ==============================================================
08:23:40 INFO  Id:    monitoring_smaller_interval
08:23:40 INFO  Dir:   monitoring/
08:23:40 INFO  Title: Validate the tedge dm agent messages that are produced with smaller sampling interval than the batching window. Here the simulated collectd messages are used
08:23:40 INFO  ==============================================================
08:23:40 INFO  Fails due to retained message ... skipped
08:23:40 INFO  
08:23:40 INFO  Test duration: 0.03 secs
08:23:40 INFO  Test final outcome:  SKIPPED
08:23:40 INFO  Test outcome reason: Fails due to retained message
08:23:40 INFO  
</system-out>
	</testcase>
</testsuite><testsuite name="monitoring_with_collectd" tests="1" errors="0" failures="0" skipped="1" time="0"><testcase classname="MonitoringWithCollectd" name="monitoring_with_collectd">
		<skipped message="SKIPPED: Test execution disabled due to #792 (instable)" />
		<system-out>08:23:40 INFO  ==============================================================
08:23:40 INFO  Id:    monitoring_with_collectd
08:23:40 INFO  Dir:   monitoring/
08:23:40 INFO  Title: Validate tedge dm agent messages that are produced by batching the collectd messages
08:23:40 INFO  ==============================================================
08:23:40 INFO  Test execution disabled due to #792 (instable) ... skipped
08:23:40 INFO  
08:23:40 INFO  Test duration: 0.04 secs
08:23:40 INFO  Test final outcome:  SKIPPED
08:23:40 INFO  Test outcome reason: Test execution disabled due to #792 (instable)
08:23:40 INFO  
</system-out>
	</testcase>
</testsuite><testsuite name="monitoring_with_simulated_messages" tests="1" errors="0" failures="0" skipped="1" time="0"><testcase classname="MonitoringWithSimulatedMessages" name="monitoring_with_simulated_messages">
		<skipped message="SKIPPED: Fails due to retained message" />
		<system-out>08:23:40 INFO  ==============================================================
08:23:40 INFO  Id:    monitoring_with_simulated_messages
08:23:40 INFO  Dir:   monitoring/
08:23:40 INFO  Title: Validate the tedge dm agent messages that are produced from the simulated collectd messages
08:23:40 INFO  ==============================================================
08:23:40 INFO  Fails due to retained message ... skipped
08:23:40 INFO  
08:23:40 INFO  Test duration: 0.02 secs
08:23:40 INFO  Test final outcome:  SKIPPED
08:23:40 INFO  Test outcome reason: Fails due to retained message
08:23:40 INFO  
</system-out>
	</testcase>
</testsuite><testsuite name="mqtt_port_change_connection_fails" tests="1" errors="0" failures="0" skipped="0" time="0"><testcase classname="MqttPortChangeConnectionFails" name="mqtt_port_change_connection_fails" />
</testsuite><testsuite name="mqtt_port_change_connection_works" tests="1" errors="0" failures="0" skipped="1" time="0"><testcase classname="MqttPortChangeConnectionWorks" name="mqtt_port_change_connection_works">
		<skipped message="SKIPPED: failing intermitently" />
		<system-out>08:22:45 INFO  ==============================================================
08:22:45 INFO  Id:    mqtt_port_change_connection_works
08:22:45 INFO  Dir:   misc_features/
08:22:45 INFO  Title: mqtt port change connection works for all the thin-edge services that use the mosquitto broker
08:22:45 INFO  ==============================================================
08:22:45 INFO  failing intermitently ... skipped
08:22:45 INFO  
08:22:45 INFO  Test duration: 0.03 secs
08:22:45 INFO  Test final outcome:  SKIPPED
08:22:45 INFO  Test outcome reason: failing intermitently
08:22:45 INFO  
</system-out>
	</testcase>
</testsuite><testsuite name="mqtt_port_set" tests="1" errors="0" failures="0" skipped="0" time="0"><testcase classname="MqttPortSet" name="mqtt_port_set" />
</testsuite><testsuite name="mqtt_port_unset" tests="1" errors="0" failures="0" skipped="0" time="0"><testcase classname="MqttPortUnSet" name="mqtt_port_unset" />
</testsuite><testsuite name="publish_flux" tests="1" errors="0" failures="0" skipped="0" time="0"><testcase classname="PublishFlux" name="publish_flux" />
</testsuite><testsuite name="publish_sawmill" tests="1" errors="0" failures="0" skipped="0" time="0"><testcase classname="PublishSawmill" name="publish_sawmill" />
</testsuite><testsuite name="pysys_block" tests="1" errors="0" failures="0" skipped="1" time="0"><testcase classname="Fail" name="pysys_block">
		<skipped message="SKIPPED: Enable this to observe a blocking test" />
		<system-out>08:23:08 INFO  ==============================================================
08:23:08 INFO  Id:    pysys_block
08:23:08 INFO  Dir:   misc_features/
08:23:08 INFO  Title: fail
08:23:08 INFO  ==============================================================
08:23:08 INFO  Enable this to observe a blocking test ... skipped
08:23:08 INFO  
08:23:08 INFO  Test duration: 0.02 secs
08:23:08 INFO  Test final outcome:  SKIPPED
08:23:08 INFO  Test outcome reason: Enable this to observe a blocking test
08:23:08 INFO  
</system-out>
	</testcase>
</testsuite><testsuite name="pysys_fail" tests="1" errors="0" failures="0" skipped="1" time="0"><testcase classname="Fail" name="pysys_fail">
		<skipped message="SKIPPED: Enable this to observe a failing test" />
		<system-out>08:23:08 INFO  ==============================================================
08:23:08 INFO  Id:    pysys_fail
08:23:08 INFO  Dir:   misc_features/
08:23:08 INFO  Title: fail
08:23:08 INFO  ==============================================================
08:23:08 INFO  Enable this to observe a failing test ... skipped
08:23:08 INFO  
08:23:08 INFO  Test duration: 0.02 secs
08:23:08 INFO  Test final outcome:  SKIPPED
08:23:08 INFO  Test outcome reason: Enable this to observe a failing test
08:23:08 INFO  
</system-out>
	</testcase>
</testsuite><testsuite name="runtime_start_two_mappers" tests="1" errors="0" failures="0" skipped="0" time="0"><testcase classname="RuntimeMultiMappers" name="runtime_start_two_mappers" />
</testsuite><testsuite name="sm_tedge_mapper_init_session" tests="1" errors="0" failures="0" skipped="0" time="0"><testcase classname="TedgeSMMapperInitSession" name="sm_tedge_mapper_init_session" />
</testsuite><testsuite name="smoketest_json" tests="1" errors="0" failures="0" skipped="0" time="0"><testcase classname="SmokeTestJson" name="smoketest_json" />
</testsuite><testsuite name="smoketest_json_400_samples_10ms" tests="1" errors="0" failures="0" skipped="0" time="0"><testcase classname="SmoketestJson400Samples10ms" name="smoketest_json_400_samples_10ms" />
</testsuite><testsuite name="smoketest_json_400_samples_20ms" tests="1" errors="0" failures="0" skipped="0" time="0"><testcase classname="SmoketestJson400Samples20ms" name="smoketest_json_400_samples_20ms" />
</testsuite><testsuite name="smoketest_smartrest" tests="1" errors="0" failures="0" skipped="0" time="0"><testcase classname="SmoketestSmartRest" name="smoketest_smartrest" />
</testsuite><testsuite name="smoketest_smartrest_400_samples_1Xms" tests="1" errors="0" failures="0" skipped="0" time="0"><testcase classname="SmoketestSmartRest400Samples1Xms" name="smoketest_smartrest_400_samples_1Xms" />
</testsuite><testsuite name="smoketest_smartrest_400_samples_20ms" tests="1" errors="0" failures="0" skipped="0" time="0"><testcase classname="SmoketestSmartRest400Samples20ms" name="smoketest_smartrest_400_samples_20ms" />
</testsuite><testsuite name="tedge_agent_user_sudo_access" tests="1" errors="0" failures="0" skipped="1" time="0"><testcase classname="TedgeAgentUserSudoAccess" name="tedge_agent_user_sudo_access">
		<skipped message="SKIPPED: #955 Observation: Exit code of the apt plugin when called with no arguments" />
		<system-out>08:33:56 INFO  ==============================================================
08:33:56 INFO  Id:    tedge_agent_user_sudo_access
08:33:56 INFO  Dir:   tedge/
08:33:56 INFO  Title: Validate tedge-agent user has a limited sudo right
08:33:56 INFO  ==============================================================
08:33:56 INFO  #955 Observation: Exit code of the apt plugin when called with no arguments ... skipped
08:33:56 INFO  
08:33:56 INFO  Test duration: 0.02 secs
08:33:56 INFO  Test final outcome:  SKIPPED
08:33:56 INFO  Test outcome reason: #955 Observation: Exit code of the apt plugin when called with no arguments
08:33:56 INFO  
</system-out>
	</testcase>
</testsuite><testsuite name="tedge_connect_test_negative" tests="1" errors="0" failures="0" skipped="0" time="0"><testcase classname="TedgeConnectTestNegative" name="tedge_connect_test_negative" />
</testsuite><testsuite name="tedge_connect_test_positive" tests="1" errors="0" failures="0" skipped="0" time="0"><testcase classname="TedgeConnectTestPositive" name="tedge_connect_test_positive" />
</testsuite><testsuite name="tedge_connect_test_sm_services" tests="1" errors="0" failures="0" skipped="0" time="0"><testcase classname="TedgeConnectTestSMServices" name="tedge_connect_test_sm_services" />
</testsuite><testsuite name="tedge_disconnect_test_sm_services" tests="1" errors="0" failures="0" skipped="0" time="0"><testcase classname="TedgeDisConnectTestSMServices" name="tedge_disconnect_test_sm_services" />
</testsuite><testsuite name="tedge_mapper_az_negative" tests="1" errors="0" failures="0" skipped="0" time="0"><testcase classname="TedgeMapperAzError" name="tedge_mapper_az_negative" />
</testsuite><testsuite name="tedge_mapper_az_with_timestamp" tests="1" errors="0" failures="0" skipped="0" time="0"><testcase classname="TedgeMapperAzWithTimestamp" name="tedge_mapper_az_with_timestamp" />
</testsuite><testsuite name="tedge_mapper_az_without_timestamp" tests="1" errors="0" failures="0" skipped="0" time="0"><testcase classname="TedgeMapperAzWithoutTimestamp" name="tedge_mapper_az_without_timestamp" />
</testsuite><testsuite name="tedge_mapper_c8y_alarms" tests="1" errors="0" failures="0" skipped="0" time="0"><testcase classname="TedgeMapperC8yAlarm" name="tedge_mapper_c8y_alarms" />
</testsuite><testsuite name="tedge_mapper_c8y_child_device_measurement" tests="1" errors="0" failures="1" skipped="0" time="0"><testcase classname="TedgeMapperC8yChildDevice" name="tedge_mapper_c8y_child_device_measurement">
		<failure message="BLOCKED: TypeError: 'NoneType' object is not subscriptable (+1 other failures)" type="BLOCKED" />
		<system-out>08:38:24 INFO  ==============================================================
08:38:24 INFO  Id:    tedge_mapper_c8y_child_device_measurement
08:38:24 INFO  Dir:   tedge_mapper_c8y/
08:38:24 INFO  Title: Validate that measurements sent to tedge/measurements/child topic gets mapped as the child device's measurement in Cumulocity
08:38:24 INFO  ==============================================================
08:38:24 INFO  EnvironmentC8y Setup
08:38:25 INFO  Executed systemctl&lt;serv_mapper1&gt;, exit status 3
08:38:25 INFO  Restarting mosquitto too frequently in the last 10 seconds. It was only up for 4 seconds
08:38:25 INFO  Delaying execution by 7 seconds
08:38:46 INFO  Executed sudo&lt;tedge_connect_c8y&gt;, exit status 0, duration 14 secs
08:38:47 INFO  Executed sudo&lt;tedge_connect_c8y_test&gt;, exit status 0
08:38:47 INFO  Executed systemctl&lt;serv_mosq2&gt;, exit status 0
08:38:48 INFO  Executed systemctl&lt;serv_mapper3&gt;, exit status 0
08:38:49 INFO  Assert that (actual == expected) with actual=None, expected=None ... passed
08:38:49 INFO  Executed tedge_pub, exit status 0
08:38:50 INFO  Executed tedge_pub, exit status 0
08:38:50 INFO  Executed tedge_pub, exit status 0
08:38:50 INFO  Executed tedge_pub, exit status 0
08:38:51 INFO  Executed tedge_pub, exit status 0
08:38:53 WARN  TypeError occurred while running test - 'NoneType' object is not subscriptable
Traceback (most recent call last):
  File "/home/pi/env-pysys/lib/python3.7/site-packages/pysys/baserunner.py", line 1296, in __call__
    self.testObj.validate()
  File "/home/pi/actions-runner/_work/thin-edge.io/thin-edge.io/tests/PySys/tedge_mapper_c8y/tedge_mapper_c8y_child_device_measurement/run.py", line 115, in validate
    self.child_device_json["id"], 3
TypeError: 'NoneType' object is not subscriptable
08:38:53 WARN  TypeError: 'NoneType' object is not subscriptable ... blocked 
08:38:53 INFO  
08:38:53 INFO  cleanup:
08:38:53 ERROR Error while running cleanup function: 
Traceback (most recent call last):
  File "/home/pi/env-pysys/lib/python3.7/site-packages/pysys/process/user.py", line 1305, in cleanup
    fn()
  File "/home/pi/actions-runner/_work/thin-edge.io/thin-edge.io/tests/PySys/tedge_mapper_c8y/tedge_mapper_c8y_child_device_measurement/run.py", line 165, in test_cleanup
    self.child_device_json["id"]
TypeError: 'NoneType' object is not subscriptable
08:38:58 INFO  Executed sudo&lt;tedge_disconnect_c8y&gt;, exit status 0
08:38:58 INFO  Executed systemctl&lt;serv_mapper5&gt;, exit status 3
08:38:58 WARN  Cleanup failed with 1 errors: Cleanup function failed: 'NoneType' object is not subscriptable (TypeError) ... blocked 
08:38:58 INFO  
08:38:58 INFO  Test duration: 33.91 secs
08:38:58 INFO  Test final outcome:  BLOCKED
08:38:58 INFO  Test outcome reason: TypeError: 'NoneType' object is not subscriptable (+1 other failures)
08:38:58 INFO  
</system-out>
	</testcase>
</testsuite><testsuite name="tedge_mapper_c8y_packet_threshold_size" tests="1" errors="0" failures="0" skipped="0" time="0"><testcase classname="TedgeMapperC8yThresholdPacketSize" name="tedge_mapper_c8y_packet_threshold_size" />
</testsuite><testsuite name="tedge_software_update" tests="1" errors="0" failures="0" skipped="0" time="0"><testcase classname="PySysTest" name="tedge_software_update" />
</testsuite><testsuite name="valid_device_id" tests="1" errors="0" failures="0" skipped="0" time="0"><testcase classname="ValidateValidDeviceId" name="valid_device_id" />
</testsuite></testsuites>