<?xml version='1.0' encoding='utf-8'?>
<testsuites tests="149" failures="14" errors="0" skipped="49" time="0.0"><testsuite name="SoftwareManagement.Plugin.apama_plugin_install" tests="3" errors="0" failures="0" skipped="1" time="0"><testcase classname="ApamaPluginInstallTest" name="SoftwareManagement.Plugin.apama_plugin_install">
		<skipped message="SKIPPED: Apama plugin tests are disabled by default. Execute `pysys run` with `-XmyPlatform=container` to run these tests" />
		<system-out>09:09:17 INFO  ==============================================================
09:09:17 INFO  Id:    SoftwareManagement.Plugin.apama_plugin_install
09:09:17 INFO  Dir:   plugin_apama/
09:09:17 INFO  Title: Validate apama plugin install
09:09:17 INFO  ==============================================================
09:09:17 INFO  Apama plugin tests are disabled by default. Execute `pysys run` with `-XmyPlatform=container` to run these tests ... skipped
09:09:17 WARN  Aborted test due to SKIPPED outcome
09:09:17 INFO  
09:09:17 INFO  Test duration: 0.06 secs
09:09:17 INFO  Test final outcome:  SKIPPED
09:09:17 INFO  Test outcome reason: Apama plugin tests are disabled by default. Execute `pysys run` with `-XmyPlatform=container` to run these tests
09:09:17 INFO  
</system-out>
	</testcase>
<testcase classname="ApamaPluginInstallTest" name="SoftwareManagement.Plugin.apama_plugin_install" />
<testcase classname="ApamaPluginInstallTest" name="SoftwareManagement.Plugin.apama_plugin_install" />
</testsuite><testsuite name="SoftwareManagement.Plugin.apama_plugin_mon_support" tests="3" errors="0" failures="0" skipped="1" time="0"><testcase classname="ApamaPluginMonSupportTest" name="SoftwareManagement.Plugin.apama_plugin_mon_support">
		<skipped message="SKIPPED: Apama plugin tests are disabled by default. Execute `pysys run` with `-XmyPlatform=container` to run these tests" />
		<system-out>09:09:17 INFO  ==============================================================
09:09:17 INFO  Id:    SoftwareManagement.Plugin.apama_plugin_mon_support
09:09:17 INFO  Dir:   plugin_apama/
09:09:17 INFO  Title: Validate mon file support of apama plugin
09:09:17 INFO  ==============================================================
09:09:17 INFO  Apama plugin tests are disabled by default. Execute `pysys run` with `-XmyPlatform=container` to run these tests ... skipped
09:09:17 WARN  Aborted test due to SKIPPED outcome
09:09:17 INFO  
09:09:17 INFO  Test duration: 0.02 secs
09:09:17 INFO  Test final outcome:  SKIPPED
09:09:17 INFO  Test outcome reason: Apama plugin tests are disabled by default. Execute `pysys run` with `-XmyPlatform=container` to run these tests
09:09:17 INFO  
</system-out>
	</testcase>
<testcase classname="ApamaPluginMonSupportTest" name="SoftwareManagement.Plugin.apama_plugin_mon_support" />
<testcase classname="ApamaPluginMonSupportTest" name="SoftwareManagement.Plugin.apama_plugin_mon_support" />
</testsuite><testsuite name="SoftwareManagement.Plugin.apama_plugin_remove" tests="3" errors="0" failures="0" skipped="1" time="0"><testcase classname="ApamaPluginRemoveTest" name="SoftwareManagement.Plugin.apama_plugin_remove">
		<skipped message="SKIPPED: Apama plugin tests are disabled by default. Execute `pysys run` with `-XmyPlatform=container` to run these tests" />
		<system-out>09:09:17 INFO  ==============================================================
09:09:17 INFO  Id:    SoftwareManagement.Plugin.apama_plugin_remove
09:09:17 INFO  Dir:   plugin_apama/
09:09:17 INFO  Title: Validate apama plugin remove
09:09:17 INFO  ==============================================================
09:09:17 INFO  Apama plugin tests are disabled by default. Execute `pysys run` with `-XmyPlatform=container` to run these tests ... skipped
09:09:17 WARN  Aborted test due to SKIPPED outcome
09:09:17 INFO  
09:09:17 INFO  Test duration: 0.02 secs
09:09:17 INFO  Test final outcome:  SKIPPED
09:09:17 INFO  Test outcome reason: Apama plugin tests are disabled by default. Execute `pysys run` with `-XmyPlatform=container` to run these tests
09:09:17 INFO  
</system-out>
	</testcase>
<testcase classname="ApamaPluginRemoveTest" name="SoftwareManagement.Plugin.apama_plugin_remove" />
<testcase classname="ApamaPluginRemoveTest" name="SoftwareManagement.Plugin.apama_plugin_remove" />
</testsuite><testsuite name="SoftwareManagement.Plugin.apama_plugin_update" tests="3" errors="0" failures="2" skipped="1" time="0"><testcase classname="ApamaPluginUpdateTest" name="SoftwareManagement.Plugin.apama_plugin_update">
		<skipped message="SKIPPED: Apama plugin tests are disabled by default. Execute `pysys run` with `-XmyPlatform=container` to run these tests" />
		<system-out>09:09:17 INFO  ==============================================================
09:09:17 INFO  Id:    SoftwareManagement.Plugin.apama_plugin_update
09:09:17 INFO  Dir:   plugin_apama/
09:09:17 INFO  Title: Validate apama plugin updating one project with another
09:09:17 INFO  ==============================================================
09:09:17 INFO  Apama plugin tests are disabled by default. Execute `pysys run` with `-XmyPlatform=container` to run these tests ... skipped
09:09:17 WARN  Aborted test due to SKIPPED outcome
09:09:17 INFO  
09:09:17 INFO  Test duration: 0.02 secs
09:09:17 INFO  Test final outcome:  SKIPPED
09:09:17 INFO  Test outcome reason: Apama plugin tests are disabled by default. Execute `pysys run` with `-XmyPlatform=container` to run these tests
09:09:17 INFO  
</system-out>
	</testcase>
<testcase classname="ApamaPluginUpdateTest" name="SoftwareManagement.Plugin.apama_plugin_update">
		<failure message="BLOCKED: sudo&lt;plugin_install&gt; returned non-zero exit code 2" type="BLOCKED" />
		<system-out>09:59:58 INFO  ==============================================================
09:59:58 INFO  Id:    SoftwareManagement.Plugin.apama_plugin_update
09:59:58 INFO  Dir:   plugin_apama/
09:59:58 INFO  Title: Validate apama plugin updating one project with another
09:59:58 INFO  ==============================================================
09:59:58 INFO  Assertion that path exists=False for "/etc/tedge/apama/project" ... passed
09:59:58 INFO  Executed sudo&lt;create_project_dir&gt;, exit status 0
09:59:59 INFO  Executed sudo&lt;unzip_apama_project&gt;, exit status 0
09:59:59 INFO  Executed sudo&lt;move_apama_project&gt;, exit status 0
10:00:00 INFO  Executed sudo&lt;restart_apama_service&gt;, exit status 0
10:00:01 INFO  Executed sudo&lt;apama_correlator_wait&gt;, exit status 0
10:00:01 INFO  Assertion that path exists=True for "/etc/tedge/apama/project" ... passed
10:00:02 INFO  Executed sudo&lt;apama_list_monitors&gt;, exit status 0
10:00:02 INFO  Grep on file /home/pi/actions-runner/_work/thin-edge.io/thin-edge.io/tests/PySys/plugin_apama/apama_plugin_update/Output/linux/apama_list_monitors.out ... passed
10:00:02 WARN  Executed sudo&lt;plugin_install&gt;, exit status 2
10:00:02 INFO  Contents of plugin_install.err: 
  ERROR: Directory not empty (os error 39)
  -----

10:00:02 WARN  sudo&lt;plugin_install&gt; returned non-zero exit code 2 ... blocked [run.py:35]
10:00:02 WARN  Aborted test due to BLOCKED outcome
10:00:02 INFO  
10:00:02 INFO  cleanup:
10:00:02 INFO  Removing apama project
10:00:18 INFO  Executed sudo&lt;stop_apama_service&gt;, exit status 0, duration 15 secs
10:00:19 INFO  Executed sudo&lt;remove_apama_project&gt;, exit status 0
10:00:19 INFO  Executed sudo&lt;remove_apama_tmp_dir&gt;, exit status 0
10:00:19 INFO  
10:00:19 INFO  Test duration: 21.65 secs
10:00:19 INFO  Test final outcome:  BLOCKED
10:00:19 INFO  Test outcome reason: sudo&lt;plugin_install&gt; returned non-zero exit code 2
10:00:19 INFO  
</system-out>
	</testcase>
<testcase classname="ApamaPluginUpdateTest" name="SoftwareManagement.Plugin.apama_plugin_update">
		<failure message="BLOCKED: sudo&lt;plugin_install&gt; returned non-zero exit code 2" type="BLOCKED" />
		<system-out>10:08:49 INFO  ==============================================================
10:08:49 INFO  Id:    SoftwareManagement.Plugin.apama_plugin_update
10:08:49 INFO  Dir:   plugin_apama/
10:08:49 INFO  Title: Validate apama plugin updating one project with another
10:08:49 INFO  ==============================================================
10:08:49 INFO  Assertion that path exists=False for "/etc/tedge/apama/project" ... passed
10:08:49 INFO  Executed sudo&lt;create_project_dir&gt;, exit status 0
10:08:50 INFO  Executed sudo&lt;unzip_apama_project&gt;, exit status 0
10:08:50 INFO  Executed sudo&lt;move_apama_project&gt;, exit status 0
10:08:51 INFO  Executed sudo&lt;restart_apama_service&gt;, exit status 0
10:08:52 INFO  Executed sudo&lt;apama_correlator_wait&gt;, exit status 0
10:08:52 INFO  Assertion that path exists=True for "/etc/tedge/apama/project" ... passed
10:08:53 INFO  Executed sudo&lt;apama_list_monitors&gt;, exit status 0
10:08:53 INFO  Grep on file /home/pi/actions-runner/_work/thin-edge.io/thin-edge.io/tests/PySys/plugin_apama/apama_plugin_update/Output/linux/apama_list_monitors.out ... passed
10:08:53 WARN  Executed sudo&lt;plugin_install&gt;, exit status 2
10:08:53 INFO  Contents of plugin_install.err: 
  ERROR: Directory not empty (os error 39)
  -----

10:08:54 WARN  sudo&lt;plugin_install&gt; returned non-zero exit code 2 ... blocked [run.py:35]
10:08:54 WARN  Aborted test due to BLOCKED outcome
10:08:54 INFO  
10:08:54 INFO  cleanup:
10:08:54 INFO  Removing apama project
10:09:10 INFO  Executed sudo&lt;stop_apama_service&gt;, exit status 0, duration 16 secs
10:09:10 INFO  Executed sudo&lt;remove_apama_project&gt;, exit status 0
10:09:11 INFO  Executed sudo&lt;remove_apama_tmp_dir&gt;, exit status 0
10:09:11 INFO  
10:09:11 INFO  Test duration: 22.09 secs
10:09:11 INFO  Test final outcome:  BLOCKED
10:09:11 INFO  Test outcome reason: sudo&lt;plugin_install&gt; returned non-zero exit code 2
10:09:11 INFO  
</system-out>
	</testcase>
</testsuite><testsuite name="SoftwareManagement.sm_apt_install_download_path" tests="3" errors="0" failures="2" skipped="1" time="0"><testcase classname="AptInstallWithDownloadPath" name="SoftwareManagement.sm_apt_install_download_path">
		<skipped message="SKIPPED: Testing the apt plugin is not supported on this platform.Use parameter -XmyPlatform='container' to enable it" />
		<system-out>09:17:13 INFO  ==============================================================
09:17:13 INFO  Id:    SoftwareManagement.sm_apt_install_download_path
09:17:13 INFO  Dir:   software_management_end_to_end/
09:17:13 INFO  Title: Install package to directory specified in tedge config set tmp.path
09:17:13 INFO  ==============================================================
09:17:13 INFO  Testing the apt plugin is not supported on this platform.Use parameter -XmyPlatform='container' to enable it ... skipped
09:17:13 WARN  Aborted test due to SKIPPED outcome
09:17:13 INFO  
09:17:13 INFO  Test duration: 0.06 secs
09:17:13 INFO  Test final outcome:  SKIPPED
09:17:13 INFO  Test outcome reason: Testing the apt plugin is not supported on this platform.Use parameter -XmyPlatform='container' to enable it
09:17:13 INFO  
</system-out>
	</testcase>
<testcase classname="AptInstallWithDownloadPath" name="SoftwareManagement.sm_apt_install_download_path">
		<failure message="BLOCKED: AssertionError:" type="BLOCKED" />
		<system-out>09:41:37 INFO  ==============================================================
09:41:37 INFO  Id:    SoftwareManagement.sm_apt_install_download_path
09:41:37 INFO  Dir:   software_management_end_to_end/
09:41:37 INFO  Title: Install package to directory specified in tedge config set tmp.path
09:41:37 INFO  ==============================================================
09:41:37 INFO  Using sw id database: {'asciijump': '5475369', 'robotfindskitten': '5474869', 'squirrel3': '5475279', 'rolldice': '5152439', 'moon-buggy': '5439204', 'apple': '5495053', 'banana': '5494888', 'cherry': '5495382', 'watermelon': '5494510', 'registry': '8018911', 'hello-world': '8021526', 'docker/getting-started': '8021973', 'alpine': '7991792'}
09:41:37 INFO  EnvironmentC8y Setup
09:41:37 INFO  Executed systemctl&lt;serv_mapper1&gt;, exit status 3
09:41:52 INFO  Executed sudo&lt;tedge_connect_c8y&gt;, exit status 0, duration 14 secs
09:41:54 INFO  Executed sudo&lt;tedge_connect_c8y_test&gt;, exit status 0
09:41:55 INFO  Executed systemctl&lt;serv_mosq2&gt;, exit status 0
09:41:55 INFO  Executed systemctl&lt;serv_mapper3&gt;, exit status 0
09:41:58 INFO  State of current operation: SUCCESSFUL
09:41:58 INFO  Assert that (False == value) with value=False ... passed
09:41:58 INFO  Executed sudo, exit status 0
09:41:59 INFO  Executed sudo, exit status 0
09:42:00 INFO  Executed sudo, exit status 0
09:42:04 INFO  Executed sudo&lt;tedge_disconnect_c8y&gt;, exit status 0
09:42:04 INFO  Restarting mosquitto too frequently in the last 10 seconds. It was only up for 3 seconds
09:42:04 INFO  Delaying execution by 8 seconds
09:42:26 INFO  Executed sudo&lt;tedge_connect_c8y&gt;, exit status 0, duration 13 secs
09:42:26 INFO  Response status: 201
09:42:26 INFO  Response to action: {
    "creationTime": "2022-04-29T09:42:26.237Z",
    "deviceName": "mythicd",
    "deviceId": "17920057",
    "self": "https://t493319102.eu-latest.cumulocity.com/devicecontrol/operations/17962754",
    "id": "17962754",
    "status": "PENDING",
    "description": "Apply software changes, triggered from PySys: [{'name': 'rolldice', 'id': '5152439', 'version': '::apt', 'url': 'https://thin-edge-io.eu-latest.cumulocity.com/inventory/binaries/12435463', 'action': 'install'}]",
    "c8y_SoftwareUpdate": [
        {
            "name": "rolldice",
            "action": "install",
            "id": "5152439",
            "version": "::apt",
            "url": "https://thin-edge-io.eu-latest.cumulocity.com/inventory/binaries/12435463"
        }
    ]
}
09:42:26 INFO  Started operation: {'creationTime': '2022-04-29T09:42:26.237Z', 'deviceName': 'mythicd', 'deviceId': '17920057', 'self': 'https://t493319102.eu-latest.cumulocity.com/devicecontrol/operations/17962754', 'id': '17962754', 'status': 'PENDING', 'description': "Apply software changes, triggered from PySys: [{'name': 'rolldice', 'id': '5152439', 'version': '::apt', 'url': 'https://thin-edge-io.eu-latest.cumulocity.com/inventory/binaries/12435463', 'action': 'install'}]", 'c8y_SoftwareUpdate': [{'name': 'rolldice', 'action': 'install', 'id': '5152439', 'version': '::apt', 'url': 'https://thin-edge-io.eu-latest.cumulocity.com/inventory/binaries/12435463'}]}
09:42:26 WARN  , retrying in 0.5 seconds...
09:42:26 WARN  , retrying in 0.5 seconds...
09:42:27 WARN  , retrying in 0.5 seconds...
09:42:27 WARN  , retrying in 0.5 seconds...
09:42:28 WARN  , retrying in 0.5 seconds...
09:42:28 WARN  , retrying in 0.5 seconds...
09:42:29 WARN  , retrying in 0.5 seconds...
09:42:29 WARN  , retrying in 0.5 seconds...
09:42:30 WARN  , retrying in 0.5 seconds...
09:42:30 WARN  AssertionError occurred while running test - 
Traceback (most recent call last):
  File "/home/pi/env-pysys/lib/python3.7/site-packages/pysys/baserunner.py", line 1294, in __call__
    self.testObj.execute()
  File "/home/pi/actions-runner/_work/thin-edge.io/thin-edge.io/tests/PySys/software_management_end_to_end/sm_apt_install_download_path/run.py", line 83, in execute
    assert_install_in_download_path(install_directory=self.DOWNLOAD_DIR)
  File "/home/pi/env-pysys/lib/python3.7/site-packages/decorator.py", line 232, in fun
    return caller(func, *(extras + args), **kw)
  File "/home/pi/env-pysys/lib/python3.7/site-packages/retry/api.py", line 74, in retry_decorator
    logger)
  File "/home/pi/env-pysys/lib/python3.7/site-packages/retry/api.py", line 33, in __retry_internal
    return f()
  File "/home/pi/actions-runner/_work/thin-edge.io/thin-edge.io/tests/PySys/software_management_end_to_end/sm_apt_install_download_path/run.py", line 28, in assert_install_in_download_path
    assert "rolldice" in os.listdir(f"{install_directory}")
AssertionError
09:42:31 WARN  AssertionError: ... blocked 
09:42:31 INFO  
09:42:31 INFO  cleanup:
09:42:32 INFO  Executed sudo, exit status 0
09:42:32 INFO  Executed sudo, exit status 0
09:42:37 INFO  Executed sudo&lt;tedge_disconnect_c8y&gt;, exit status 0
09:42:37 INFO  Restarting mosquitto too frequently in the last 10 seconds. It was only up for 4 seconds
09:42:37 INFO  Delaying execution by 7 seconds
09:42:58 INFO  Executed sudo&lt;tedge_connect_c8y&gt;, exit status 0, duration 14 secs
09:43:03 INFO  Executed sudo&lt;tedge_disconnect_c8y&gt;, exit status 0
09:43:03 INFO  Executed systemctl&lt;serv_mapper5&gt;, exit status 3
09:43:03 INFO  
09:43:03 INFO  Test duration: 86.54 secs
09:43:03 INFO  Test final outcome:  BLOCKED
09:43:03 INFO  Test outcome reason: AssertionError:
09:43:03 INFO  
</system-out>
	</testcase>
<testcase classname="AptInstallWithDownloadPath" name="SoftwareManagement.sm_apt_install_download_path">
		<failure message="BLOCKED: AssertionError:" type="BLOCKED" />
		<system-out>10:09:11 INFO  ==============================================================
10:09:11 INFO  Id:    SoftwareManagement.sm_apt_install_download_path
10:09:11 INFO  Dir:   software_management_end_to_end/
10:09:11 INFO  Title: Install package to directory specified in tedge config set tmp.path
10:09:11 INFO  ==============================================================
10:09:12 INFO  Using sw id database: {'asciijump': '5475369', 'robotfindskitten': '5474869', 'squirrel3': '5475279', 'rolldice': '5152439', 'moon-buggy': '5439204', 'apple': '5495053', 'banana': '5494888', 'cherry': '5495382', 'watermelon': '5494510', 'registry': '8018911', 'hello-world': '8021526', 'docker/getting-started': '8021973', 'alpine': '7991792'}
10:09:12 INFO  EnvironmentC8y Setup
10:09:13 INFO  Executed systemctl&lt;serv_mapper1&gt;, exit status 3
10:09:27 INFO  Executed sudo&lt;tedge_connect_c8y&gt;, exit status 0, duration 14 secs
10:09:28 INFO  Executed sudo&lt;tedge_connect_c8y_test&gt;, exit status 0
10:09:29 INFO  Executed systemctl&lt;serv_mosq2&gt;, exit status 0
10:09:29 INFO  Executed systemctl&lt;serv_mapper3&gt;, exit status 0
10:09:31 INFO  State of current operation: SUCCESSFUL
10:09:32 INFO  Assert that (False == value) with value=False ... passed
10:09:32 INFO  Executed sudo, exit status 0
10:09:33 INFO  Executed sudo, exit status 0
10:09:33 INFO  Executed sudo, exit status 0
10:09:38 INFO  Executed sudo&lt;tedge_disconnect_c8y&gt;, exit status 0
10:09:38 INFO  Restarting mosquitto too frequently in the last 10 seconds. It was only up for 4 seconds
10:09:38 INFO  Delaying execution by 7 seconds
10:09:59 INFO  Executed sudo&lt;tedge_connect_c8y&gt;, exit status 0, duration 14 secs
10:09:59 INFO  Response status: 201
10:09:59 INFO  Response to action: {
    "creationTime": "2022-04-29T10:09:59.896Z",
    "deviceName": "mythicd",
    "deviceId": "17920057",
    "self": "https://t493319102.eu-latest.cumulocity.com/devicecontrol/operations/17962913",
    "id": "17962913",
    "status": "PENDING",
    "description": "Apply software changes, triggered from PySys: [{'name': 'rolldice', 'id': '5152439', 'version': '::apt', 'url': 'https://thin-edge-io.eu-latest.cumulocity.com/inventory/binaries/12435463', 'action': 'install'}]",
    "c8y_SoftwareUpdate": [
        {
            "name": "rolldice",
            "action": "install",
            "id": "5152439",
            "version": "::apt",
            "url": "https://thin-edge-io.eu-latest.cumulocity.com/inventory/binaries/12435463"
        }
    ]
}
10:09:59 INFO  Started operation: {'creationTime': '2022-04-29T10:09:59.896Z', 'deviceName': 'mythicd', 'deviceId': '17920057', 'self': 'https://t493319102.eu-latest.cumulocity.com/devicecontrol/operations/17962913', 'id': '17962913', 'status': 'PENDING', 'description': "Apply software changes, triggered from PySys: [{'name': 'rolldice', 'id': '5152439', 'version': '::apt', 'url': 'https://thin-edge-io.eu-latest.cumulocity.com/inventory/binaries/12435463', 'action': 'install'}]", 'c8y_SoftwareUpdate': [{'name': 'rolldice', 'action': 'install', 'id': '5152439', 'version': '::apt', 'url': 'https://thin-edge-io.eu-latest.cumulocity.com/inventory/binaries/12435463'}]}
10:09:59 WARN  , retrying in 0.5 seconds...
10:10:00 WARN  , retrying in 0.5 seconds...
10:10:00 WARN  , retrying in 0.5 seconds...
10:10:01 WARN  , retrying in 0.5 seconds...
10:10:01 WARN  , retrying in 0.5 seconds...
10:10:02 WARN  , retrying in 0.5 seconds...
10:10:02 WARN  , retrying in 0.5 seconds...
10:10:03 WARN  , retrying in 0.5 seconds...
10:10:03 WARN  , retrying in 0.5 seconds...
10:10:04 WARN  AssertionError occurred while running test - 
Traceback (most recent call last):
  File "/home/pi/env-pysys/lib/python3.7/site-packages/pysys/baserunner.py", line 1294, in __call__
    self.testObj.execute()
  File "/home/pi/actions-runner/_work/thin-edge.io/thin-edge.io/tests/PySys/software_management_end_to_end/sm_apt_install_download_path/run.py", line 83, in execute
    assert_install_in_download_path(install_directory=self.DOWNLOAD_DIR)
  File "/home/pi/env-pysys/lib/python3.7/site-packages/decorator.py", line 232, in fun
    return caller(func, *(extras + args), **kw)
  File "/home/pi/env-pysys/lib/python3.7/site-packages/retry/api.py", line 74, in retry_decorator
    logger)
  File "/home/pi/env-pysys/lib/python3.7/site-packages/retry/api.py", line 33, in __retry_internal
    return f()
  File "/home/pi/actions-runner/_work/thin-edge.io/thin-edge.io/tests/PySys/software_management_end_to_end/sm_apt_install_download_path/run.py", line 28, in assert_install_in_download_path
    assert "rolldice" in os.listdir(f"{install_directory}")
AssertionError
10:10:04 WARN  AssertionError: ... blocked 
10:10:04 INFO  
10:10:04 INFO  cleanup:
10:10:05 INFO  Executed sudo, exit status 0
10:10:05 INFO  Executed sudo, exit status 0
10:10:10 INFO  Executed sudo&lt;tedge_disconnect_c8y&gt;, exit status 0
10:10:10 INFO  Restarting mosquitto too frequently in the last 10 seconds. It was only up for 5 seconds
10:10:10 INFO  Delaying execution by 6 seconds
10:10:31 INFO  Executed sudo&lt;tedge_connect_c8y&gt;, exit status 0, duration 14 secs
10:10:35 INFO  Executed sudo&lt;tedge_disconnect_c8y&gt;, exit status 0
10:10:35 INFO  Executed systemctl&lt;serv_mapper5&gt;, exit status 3
10:10:35 INFO  
10:10:35 INFO  Test duration: 84.55 secs
10:10:35 INFO  Test final outcome:  BLOCKED
10:10:35 INFO  Test outcome reason: AssertionError:
10:10:35 INFO  
</system-out>
	</testcase>
</testsuite><testsuite name="SoftwareManagement.sm_apt_install_fail" tests="3" errors="0" failures="0" skipped="1" time="0"><testcase classname="PySysTest" name="SoftwareManagement.sm_apt_install_fail">
		<skipped message="SKIPPED: Testing the apt plugin is not supported on this platform.Use parameter -XmyPlatform='container' to enable it" />
		<system-out>09:17:13 INFO  ==============================================================
09:17:13 INFO  Id:    SoftwareManagement.sm_apt_install_fail
09:17:13 INFO  Dir:   software_management_end_to_end/
09:17:13 INFO  Title: Validate end to end behaviour for a failing installation
09:17:13 INFO  ==============================================================
09:17:13 INFO  Testing the apt plugin is not supported on this platform.Use parameter -XmyPlatform='container' to enable it ... skipped
09:17:13 WARN  Aborted test due to SKIPPED outcome
09:17:13 INFO  
09:17:13 INFO  Test duration: 0.02 secs
09:17:13 INFO  Test final outcome:  SKIPPED
09:17:13 INFO  Test outcome reason: Testing the apt plugin is not supported on this platform.Use parameter -XmyPlatform='container' to enable it
09:17:13 INFO  
</system-out>
	</testcase>
<testcase classname="PySysTest" name="SoftwareManagement.sm_apt_install_fail" />
<testcase classname="PySysTest" name="SoftwareManagement.sm_apt_install_fail" />
</testsuite><testsuite name="SoftwareManagement.sm_apt_install_remove" tests="3" errors="0" failures="0" skipped="1" time="0"><testcase classname="PySysTest" name="SoftwareManagement.sm_apt_install_remove">
		<skipped message="SKIPPED: Testing the apt plugin is not supported on this platform.Use parameter -XmyPlatform='container' to enable it" />
		<system-out>09:17:13 INFO  ==============================================================
09:17:13 INFO  Id:    SoftwareManagement.sm_apt_install_remove
09:17:13 INFO  Dir:   software_management_end_to_end/
09:17:13 INFO  Title: Validate end to end behaviour for the apt plugin for installation and removal of packages
09:17:13 INFO  ==============================================================
09:17:13 INFO  Testing the apt plugin is not supported on this platform.Use parameter -XmyPlatform='container' to enable it ... skipped
09:17:13 WARN  Aborted test due to SKIPPED outcome
09:17:13 INFO  
09:17:13 INFO  Test duration: 0.02 secs
09:17:13 INFO  Test final outcome:  SKIPPED
09:17:13 INFO  Test outcome reason: Testing the apt plugin is not supported on this platform.Use parameter -XmyPlatform='container' to enable it
09:17:13 INFO  
</system-out>
	</testcase>
<testcase classname="PySysTest" name="SoftwareManagement.sm_apt_install_remove" />
<testcase classname="PySysTest" name="SoftwareManagement.sm_apt_install_remove" />
</testsuite><testsuite name="SoftwareManagement.sm_apt_install_remove_default" tests="3" errors="0" failures="0" skipped="1" time="0"><testcase classname="PySysTest" name="SoftwareManagement.sm_apt_install_remove_default">
		<skipped message="SKIPPED: Testing the apt plugin is not supported on this platform.Use parameter -XmyPlatform='container' to enable it" />
		<system-out>09:17:13 INFO  ==============================================================
09:17:13 INFO  Id:    SoftwareManagement.sm_apt_install_remove_default
09:17:13 INFO  Dir:   software_management_end_to_end/
09:17:13 INFO  Title: Validate end to end behaviour for the default plugin for installation and removal of packages
09:17:13 INFO  ==============================================================
09:17:13 INFO  Testing the apt plugin is not supported on this platform.Use parameter -XmyPlatform='container' to enable it ... skipped
09:17:13 WARN  Aborted test due to SKIPPED outcome
09:17:13 INFO  
09:17:13 INFO  Test duration: 0.02 secs
09:17:13 INFO  Test final outcome:  SKIPPED
09:17:13 INFO  Test outcome reason: Testing the apt plugin is not supported on this platform.Use parameter -XmyPlatform='container' to enable it
09:17:13 INFO  
</system-out>
	</testcase>
<testcase classname="PySysTest" name="SoftwareManagement.sm_apt_install_remove_default" />
<testcase classname="PySysTest" name="SoftwareManagement.sm_apt_install_remove_default" />
</testsuite><testsuite name="SoftwareManagement.sm_apt_install_remove_multiple" tests="3" errors="0" failures="2" skipped="1" time="0"><testcase classname="PySysTest" name="SoftwareManagement.sm_apt_install_remove_multiple">
		<skipped message="SKIPPED: Testing the apt plugin is not supported on this platform.Use parameter -XmyPlatform='container' to enable it" />
		<system-out>09:17:13 INFO  ==============================================================
09:17:13 INFO  Id:    SoftwareManagement.sm_apt_install_remove_multiple
09:17:13 INFO  Dir:   software_management_end_to_end/
09:17:13 INFO  Title: Validate end to end behaviour for the apt plugin for multiple packages
09:17:13 INFO  ==============================================================
09:17:13 INFO  Testing the apt plugin is not supported on this platform.Use parameter -XmyPlatform='container' to enable it ... skipped
09:17:13 WARN  Aborted test due to SKIPPED outcome
09:17:13 INFO  
09:17:13 INFO  Test duration: 0.02 secs
09:17:13 INFO  Test final outcome:  SKIPPED
09:17:13 INFO  Test outcome reason: Testing the apt plugin is not supported on this platform.Use parameter -XmyPlatform='container' to enable it
09:17:13 INFO  
</system-out>
	</testcase>
<testcase classname="PySysTest" name="SoftwareManagement.sm_apt_install_remove_multiple">
		<failure message="FAILED: Assert that (False == value) with value=True" type="FAILED" />
		<system-out>09:50:02 INFO  ==============================================================
09:50:02 INFO  Id:    SoftwareManagement.sm_apt_install_remove_multiple
09:50:02 INFO  Dir:   software_management_end_to_end/
09:50:02 INFO  Title: Validate end to end behaviour for the apt plugin for multiple packages
09:50:02 INFO  ==============================================================
09:50:02 INFO  Using sw id database: {'asciijump': '5475369', 'robotfindskitten': '5474869', 'squirrel3': '5475279', 'rolldice': '5152439', 'moon-buggy': '5439204', 'apple': '5495053', 'banana': '5494888', 'cherry': '5495382', 'watermelon': '5494510', 'registry': '8018911', 'hello-world': '8021526', 'docker/getting-started': '8021973', 'alpine': '7991792'}
09:50:02 INFO  EnvironmentC8y Setup
09:50:02 INFO  Executed systemctl&lt;serv_mapper1&gt;, exit status 3
09:50:03 INFO  Restarting mosquitto too frequently in the last 10 seconds. It was only up for 5 seconds
09:50:03 INFO  Delaying execution by 6 seconds
09:50:23 INFO  Executed sudo&lt;tedge_connect_c8y&gt;, exit status 0, duration 14 secs
09:50:23 INFO  Executed sudo&lt;tedge_connect_c8y_test&gt;, exit status 0
09:50:24 INFO  Executed systemctl&lt;serv_mosq2&gt;, exit status 0
09:50:24 INFO  Executed systemctl&lt;serv_mapper3&gt;, exit status 0
09:50:26 INFO  State of current operation: SUCCESSFUL
09:50:27 INFO  Assert that (False == value) with value=False ... passed
09:50:27 INFO  Assert that (False == value) with value=False ... passed
09:50:27 INFO  Assert that (False == value) with value=False ... passed
09:50:27 INFO  Package robotfindskitten is installed
09:50:27 WARN  Assert that (False == value) with value=True ... failed 
09:50:28 INFO  Response status: 201
09:50:28 INFO  Response to action: {
    "creationTime": "2022-04-29T09:50:28.091Z",
    "deviceName": "mythicd",
    "deviceId": "17920057",
    "self": "https://t493319102.eu-latest.cumulocity.com/devicecontrol/operations/17962823",
    "id": "17962823",
    "status": "PENDING",
    "description": "Apply software changes, triggered from PySys: [{'action': 'install', 'id': '5475369', 'name': 'asciijump', 'url': ' ', 'version': '::apt'}, {'action': 'install', 'id': '5474869', 'name': 'robotfindskitten', 'url': ' ', 'version': '::apt'}, {'action': 'install', 'id': '5475279', 'name': 'squirrel3', 'url': ' ', 'version': '::apt'}]",
    "c8y_SoftwareUpdate": [
        {
            "name": "asciijump",
            "action": "install",
            "id": "5475369",
            "version": "::apt",
            "url": " "
        },
        {
            "name": "robotfindskitten",
            "action": "install",
            "id": "5474869",
            "version": "::apt",
            "url": " "
        },
        {
            "name": "squirrel3",
            "action": "install",
            "id": "5475279",
            "version": "::apt",
            "url": " "
        }
    ]
}
09:50:28 INFO  Started operation: {'creationTime': '2022-04-29T09:50:28.091Z', 'deviceName': 'mythicd', 'deviceId': '17920057', 'self': 'https://t493319102.eu-latest.cumulocity.com/devicecontrol/operations/17962823', 'id': '17962823', 'status': 'PENDING', 'description': "Apply software changes, triggered from PySys: [{'action': 'install', 'id': '5475369', 'name': 'asciijump', 'url': ' ', 'version': '::apt'}, {'action': 'install', 'id': '5474869', 'name': 'robotfindskitten', 'url': ' ', 'version': '::apt'}, {'action': 'install', 'id': '5475279', 'name': 'squirrel3', 'url': ' ', 'version': '::apt'}]", 'c8y_SoftwareUpdate': [{'name': 'asciijump', 'action': 'install', 'id': '5475369', 'version': '::apt', 'url': ' '}, {'name': 'robotfindskitten', 'action': 'install', 'id': '5474869', 'version': '::apt', 'url': ' '}, {'name': 'squirrel3', 'action': 'install', 'id': '5475279', 'version': '::apt', 'url': ' '}]}
09:50:30 INFO  State of operation 17962823 : PENDING
09:50:32 INFO  State of operation 17962823 : EXECUTING
09:50:35 INFO  State of operation 17962823 : EXECUTING
09:50:37 INFO  State of operation 17962823 : EXECUTING
09:50:39 INFO  State of operation 17962823 : EXECUTING
09:50:41 INFO  State of operation 17962823 : EXECUTING
09:50:44 INFO  State of operation 17962823 : EXECUTING
09:50:47 INFO  State of operation 17962823 : EXECUTING
09:50:49 INFO  State of operation 17962823 : EXECUTING
09:50:52 INFO  State of operation 17962823 : EXECUTING
09:50:54 INFO  State of operation 17962823 : EXECUTING
09:50:56 INFO  State of operation 17962823 : EXECUTING
09:50:58 INFO  State of operation 17962823 : EXECUTING
09:51:01 INFO  State of operation 17962823 : EXECUTING
09:51:03 INFO  State of operation 17962823 : EXECUTING
09:51:05 INFO  State of operation 17962823 : EXECUTING
09:51:07 INFO  State of operation 17962823 : EXECUTING
09:51:10 INFO  State of operation 17962823 : EXECUTING
09:51:13 INFO  State of operation 17962823 : EXECUTING
09:51:15 INFO  State of operation 17962823 : EXECUTING
09:51:17 INFO  State of operation 17962823 : EXECUTING
09:51:19 INFO  State of operation 17962823 : EXECUTING
09:51:22 INFO  State of operation 17962823 : EXECUTING
09:51:24 INFO  State of operation 17962823 : EXECUTING
09:51:27 INFO  State of operation 17962823 : EXECUTING
09:51:29 INFO  State of operation 17962823 : EXECUTING
09:51:32 INFO  State of operation 17962823 : EXECUTING
09:51:34 INFO  State of operation 17962823 : EXECUTING
09:51:37 INFO  State of operation 17962823 : EXECUTING
09:51:39 INFO  State of operation 17962823 : EXECUTING
09:51:42 INFO  State of operation 17962823 : EXECUTING
09:51:44 INFO  State of operation 17962823 : EXECUTING
09:51:46 INFO  State of operation 17962823 : EXECUTING
09:51:48 INFO  State of operation 17962823 : EXECUTING
09:51:51 INFO  State of operation 17962823 : SUCCESSFUL
09:51:51 INFO  Assert that (False == value) with value=False ... passed
09:51:51 INFO  Package asciijump is installed
09:51:51 INFO  Assert that (True == value) with value=True ... passed
09:51:51 INFO  Package squirrel3 is installed
09:51:51 INFO  Assert that (True == value) with value=True ... passed
09:51:52 INFO  Package robotfindskitten is installed
09:51:52 INFO  Assert that (True == value) with value=True ... passed
09:51:52 INFO  Response status: 201
09:51:52 INFO  Response to action: {
    "creationTime": "2022-04-29T09:51:52.368Z",
    "deviceName": "mythicd",
    "deviceId": "17920057",
    "self": "https://t493319102.eu-latest.cumulocity.com/devicecontrol/operations/17962834",
    "id": "17962834",
    "status": "PENDING",
    "description": "Apply software changes, triggered from PySys: [{'action': 'delete', 'id': '5475369', 'name': 'asciijump', 'url': ' ', 'version': '::apt'}, {'action': 'delete', 'id': '5474869', 'name': 'robotfindskitten', 'url': ' ', 'version': '::apt'}, {'action': 'delete', 'id': '5475279', 'name': 'squirrel3', 'url': ' ', 'version': '::apt'}]",
    "c8y_SoftwareUpdate": [
        {
            "name": "asciijump",
            "action": "delete",
            "id": "5475369",
            "version": "::apt",
            "url": " "
        },
        {
            "name": "robotfindskitten",
            "action": "delete",
            "id": "5474869",
            "version": "::apt",
            "url": " "
        },
        {
            "name": "squirrel3",
            "action": "delete",
            "id": "5475279",
            "version": "::apt",
            "url": " "
        }
    ]
}
09:51:52 INFO  Started operation: {'creationTime': '2022-04-29T09:51:52.368Z', 'deviceName': 'mythicd', 'deviceId': '17920057', 'self': 'https://t493319102.eu-latest.cumulocity.com/devicecontrol/operations/17962834', 'id': '17962834', 'status': 'PENDING', 'description': "Apply software changes, triggered from PySys: [{'action': 'delete', 'id': '5475369', 'name': 'asciijump', 'url': ' ', 'version': '::apt'}, {'action': 'delete', 'id': '5474869', 'name': 'robotfindskitten', 'url': ' ', 'version': '::apt'}, {'action': 'delete', 'id': '5475279', 'name': 'squirrel3', 'url': ' ', 'version': '::apt'}]", 'c8y_SoftwareUpdate': [{'name': 'asciijump', 'action': 'delete', 'id': '5475369', 'version': '::apt', 'url': ' '}, {'name': 'robotfindskitten', 'action': 'delete', 'id': '5474869', 'version': '::apt', 'url': ' '}, {'name': 'squirrel3', 'action': 'delete', 'id': '5475279', 'version': '::apt', 'url': ' '}]}
09:51:54 INFO  State of operation 17962834 : PENDING
09:51:56 INFO  State of operation 17962834 : EXECUTING
09:51:59 INFO  State of operation 17962834 : EXECUTING
09:52:01 INFO  State of operation 17962834 : EXECUTING
09:52:03 INFO  State of operation 17962834 : EXECUTING
09:52:05 INFO  State of operation 17962834 : EXECUTING
09:52:08 INFO  State of operation 17962834 : EXECUTING
09:52:11 INFO  State of operation 17962834 : EXECUTING
09:52:14 INFO  State of operation 17962834 : EXECUTING
09:52:16 INFO  State of operation 17962834 : EXECUTING
09:52:18 INFO  State of operation 17962834 : EXECUTING
09:52:20 INFO  State of operation 17962834 : EXECUTING
09:52:23 INFO  State of operation 17962834 : EXECUTING
09:52:25 INFO  State of operation 17962834 : EXECUTING
09:52:27 INFO  State of operation 17962834 : EXECUTING
09:52:29 INFO  State of operation 17962834 : EXECUTING
09:52:32 INFO  State of operation 17962834 : EXECUTING
09:52:34 INFO  State of operation 17962834 : EXECUTING
09:52:37 INFO  State of operation 17962834 : EXECUTING
09:52:39 INFO  State of operation 17962834 : EXECUTING
09:52:41 INFO  State of operation 17962834 : EXECUTING
09:52:43 INFO  State of operation 17962834 : EXECUTING
09:52:46 INFO  State of operation 17962834 : EXECUTING
09:52:48 INFO  State of operation 17962834 : EXECUTING
09:52:50 INFO  State of operation 17962834 : EXECUTING
09:52:53 INFO  State of operation 17962834 : EXECUTING
09:52:55 INFO  State of operation 17962834 : EXECUTING
09:52:58 INFO  State of operation 17962834 : EXECUTING
09:53:00 INFO  State of operation 17962834 : SUCCESSFUL
09:53:00 INFO  Assert that (False == value) with value=False ... passed
09:53:00 INFO  Assert that (False == value) with value=False ... passed
09:53:00 INFO  Assert that (False == value) with value=False ... passed
09:53:01 INFO  Assert that (False == value) with value=False ... passed
09:53:01 INFO  
09:53:01 INFO  cleanup:
09:53:05 INFO  Executed sudo&lt;tedge_disconnect_c8y&gt;, exit status 0
09:53:06 INFO  Executed systemctl&lt;serv_mapper5&gt;, exit status 3
09:53:06 INFO  
09:53:06 INFO  Test duration: 183.77 secs
09:53:06 INFO  Test final outcome:  FAILED
09:53:06 INFO  Test outcome reason: Assert that (False == value) with value=True
09:53:06 INFO  
</system-out>
	</testcase>
<testcase classname="PySysTest" name="SoftwareManagement.sm_apt_install_remove_multiple">
		<failure message="FAILED: Assert that (False == value) with value=True (+2 other failures)" type="FAILED" />
		<system-out>10:17:47 INFO  ==============================================================
10:17:47 INFO  Id:    SoftwareManagement.sm_apt_install_remove_multiple
10:17:47 INFO  Dir:   software_management_end_to_end/
10:17:47 INFO  Title: Validate end to end behaviour for the apt plugin for multiple packages
10:17:47 INFO  ==============================================================
10:17:47 INFO  Using sw id database: {'asciijump': '5475369', 'robotfindskitten': '5474869', 'squirrel3': '5475279', 'rolldice': '5152439', 'moon-buggy': '5439204', 'apple': '5495053', 'banana': '5494888', 'cherry': '5495382', 'watermelon': '5494510', 'registry': '8018911', 'hello-world': '8021526', 'docker/getting-started': '8021973', 'alpine': '7991792'}
10:17:47 INFO  EnvironmentC8y Setup
10:17:47 INFO  Executed systemctl&lt;serv_mapper1&gt;, exit status 3
10:17:47 INFO  Restarting mosquitto too frequently in the last 10 seconds. It was only up for 5 seconds
10:17:47 INFO  Delaying execution by 6 seconds
10:18:07 INFO  Executed sudo&lt;tedge_connect_c8y&gt;, exit status 0, duration 14 secs
10:18:08 INFO  Executed sudo&lt;tedge_connect_c8y_test&gt;, exit status 0
10:18:09 INFO  Executed systemctl&lt;serv_mosq2&gt;, exit status 0
10:18:09 INFO  Executed systemctl&lt;serv_mapper3&gt;, exit status 0
10:18:11 INFO  State of current operation: SUCCESSFUL
10:18:11 INFO  Assert that (False == value) with value=False ... passed
10:18:12 INFO  Package asciijump is installed
10:18:12 WARN  Assert that (False == value) with value=True ... failed 
10:18:12 INFO  Package squirrel3 is installed
10:18:12 WARN  Assert that (False == value) with value=True ... failed 
10:18:13 INFO  Package robotfindskitten is installed
10:18:13 WARN  Assert that (False == value) with value=True ... failed 
10:18:13 INFO  Response status: 201
10:18:13 INFO  Response to action: {
    "delivery": {
        "time": "2022-04-29T10:18:13.297Z",
        "log": [],
        "status": "PENDING"
    },
    "creationTime": "2022-04-29T10:18:13.281Z",
    "deviceName": "mythicd",
    "deviceId": "17920057",
    "self": "https://t493319102.eu-latest.cumulocity.com/devicecontrol/operations/17962972",
    "id": "17962972",
    "status": "PENDING",
    "description": "Apply software changes, triggered from PySys: [{'action': 'install', 'id': '5475369', 'name': 'asciijump', 'url': ' ', 'version': '::apt'}, {'action': 'install', 'id': '5474869', 'name': 'robotfindskitten', 'url': ' ', 'version': '::apt'}, {'action': 'install', 'id': '5475279', 'name': 'squirrel3', 'url': ' ', 'version': '::apt'}]",
    "c8y_SoftwareUpdate": [
        {
            "name": "asciijump",
            "action": "install",
            "id": "5475369",
            "version": "::apt",
            "url": " "
        },
        {
            "name": "robotfindskitten",
            "action": "install",
            "id": "5474869",
            "version": "::apt",
            "url": " "
        },
        {
            "name": "squirrel3",
            "action": "install",
            "id": "5475279",
            "version": "::apt",
            "url": " "
        }
    ]
}
10:18:13 INFO  Started operation: {'delivery': {'time': '2022-04-29T10:18:13.297Z', 'log': [], 'status': 'PENDING'}, 'creationTime': '2022-04-29T10:18:13.281Z', 'deviceName': 'mythicd', 'deviceId': '17920057', 'self': 'https://t493319102.eu-latest.cumulocity.com/devicecontrol/operations/17962972', 'id': '17962972', 'status': 'PENDING', 'description': "Apply software changes, triggered from PySys: [{'action': 'install', 'id': '5475369', 'name': 'asciijump', 'url': ' ', 'version': '::apt'}, {'action': 'install', 'id': '5474869', 'name': 'robotfindskitten', 'url': ' ', 'version': '::apt'}, {'action': 'install', 'id': '5475279', 'name': 'squirrel3', 'url': ' ', 'version': '::apt'}]", 'c8y_SoftwareUpdate': [{'name': 'asciijump', 'action': 'install', 'id': '5475369', 'version': '::apt', 'url': ' '}, {'name': 'robotfindskitten', 'action': 'install', 'id': '5474869', 'version': '::apt', 'url': ' '}, {'name': 'squirrel3', 'action': 'install', 'id': '5475279', 'version': '::apt', 'url': ' '}]}
10:18:15 INFO  State of operation 17962972 : PENDING
10:18:17 INFO  State of operation 17962972 : EXECUTING
10:18:20 INFO  State of operation 17962972 : EXECUTING
10:18:22 INFO  State of operation 17962972 : EXECUTING
10:18:24 INFO  State of operation 17962972 : EXECUTING
10:18:26 INFO  State of operation 17962972 : EXECUTING
10:18:29 INFO  State of operation 17962972 : EXECUTING
10:18:32 INFO  State of operation 17962972 : EXECUTING
10:18:34 INFO  State of operation 17962972 : EXECUTING
10:18:37 INFO  State of operation 17962972 : EXECUTING
10:18:39 INFO  State of operation 17962972 : EXECUTING
10:18:41 INFO  State of operation 17962972 : EXECUTING
10:18:43 INFO  State of operation 17962972 : EXECUTING
10:18:45 INFO  State of operation 17962972 : EXECUTING
10:18:48 INFO  State of operation 17962972 : EXECUTING
10:18:50 INFO  State of operation 17962972 : SUCCESSFUL
10:18:50 INFO  Assert that (False == value) with value=False ... passed
10:18:50 INFO  Package asciijump is installed
10:18:50 INFO  Assert that (True == value) with value=True ... passed
10:18:51 INFO  Package squirrel3 is installed
10:18:51 INFO  Assert that (True == value) with value=True ... passed
10:18:51 INFO  Package robotfindskitten is installed
10:18:51 INFO  Assert that (True == value) with value=True ... passed
10:18:51 INFO  Response status: 201
10:18:51 INFO  Response to action: {
    "delivery": {
        "time": "2022-04-29T10:18:51.516Z",
        "log": [],
        "status": "PENDING"
    },
    "creationTime": "2022-04-29T10:18:51.502Z",
    "deviceName": "mythicd",
    "deviceId": "17920057",
    "self": "https://t493319102.eu-latest.cumulocity.com/devicecontrol/operations/17962986",
    "id": "17962986",
    "status": "PENDING",
    "description": "Apply software changes, triggered from PySys: [{'action': 'delete', 'id': '5475369', 'name': 'asciijump', 'url': ' ', 'version': '::apt'}, {'action': 'delete', 'id': '5474869', 'name': 'robotfindskitten', 'url': ' ', 'version': '::apt'}, {'action': 'delete', 'id': '5475279', 'name': 'squirrel3', 'url': ' ', 'version': '::apt'}]",
    "c8y_SoftwareUpdate": [
        {
            "name": "asciijump",
            "action": "delete",
            "id": "5475369",
            "version": "::apt",
            "url": " "
        },
        {
            "name": "robotfindskitten",
            "action": "delete",
            "id": "5474869",
            "version": "::apt",
            "url": " "
        },
        {
            "name": "squirrel3",
            "action": "delete",
            "id": "5475279",
            "version": "::apt",
            "url": " "
        }
    ]
}
10:18:51 INFO  Started operation: {'delivery': {'time': '2022-04-29T10:18:51.516Z', 'log': [], 'status': 'PENDING'}, 'creationTime': '2022-04-29T10:18:51.502Z', 'deviceName': 'mythicd', 'deviceId': '17920057', 'self': 'https://t493319102.eu-latest.cumulocity.com/devicecontrol/operations/17962986', 'id': '17962986', 'status': 'PENDING', 'description': "Apply software changes, triggered from PySys: [{'action': 'delete', 'id': '5475369', 'name': 'asciijump', 'url': ' ', 'version': '::apt'}, {'action': 'delete', 'id': '5474869', 'name': 'robotfindskitten', 'url': ' ', 'version': '::apt'}, {'action': 'delete', 'id': '5475279', 'name': 'squirrel3', 'url': ' ', 'version': '::apt'}]", 'c8y_SoftwareUpdate': [{'name': 'asciijump', 'action': 'delete', 'id': '5475369', 'version': '::apt', 'url': ' '}, {'name': 'robotfindskitten', 'action': 'delete', 'id': '5474869', 'version': '::apt', 'url': ' '}, {'name': 'squirrel3', 'action': 'delete', 'id': '5475279', 'version': '::apt', 'url': ' '}]}
10:18:53 INFO  State of operation 17962986 : PENDING
10:18:55 INFO  State of operation 17962986 : EXECUTING
10:18:58 INFO  State of operation 17962986 : EXECUTING
10:19:00 INFO  State of operation 17962986 : EXECUTING
10:19:02 INFO  State of operation 17962986 : EXECUTING
10:19:04 INFO  State of operation 17962986 : EXECUTING
10:19:07 INFO  State of operation 17962986 : EXECUTING
10:19:10 INFO  State of operation 17962986 : EXECUTING
10:19:12 INFO  State of operation 17962986 : EXECUTING
10:19:15 INFO  State of operation 17962986 : EXECUTING
10:19:17 INFO  State of operation 17962986 : EXECUTING
10:19:19 INFO  State of operation 17962986 : EXECUTING
10:19:21 INFO  State of operation 17962986 : EXECUTING
10:19:24 INFO  State of operation 17962986 : EXECUTING
10:19:26 INFO  State of operation 17962986 : EXECUTING
10:19:28 INFO  State of operation 17962986 : EXECUTING
10:19:31 INFO  State of operation 17962986 : EXECUTING
10:19:33 INFO  State of operation 17962986 : EXECUTING
10:19:36 INFO  State of operation 17962986 : EXECUTING
10:19:38 INFO  State of operation 17962986 : EXECUTING
10:19:40 INFO  State of operation 17962986 : EXECUTING
10:19:43 INFO  State of operation 17962986 : EXECUTING
10:19:45 INFO  State of operation 17962986 : EXECUTING
10:19:47 INFO  State of operation 17962986 : EXECUTING
10:19:49 INFO  State of operation 17962986 : EXECUTING
10:19:52 INFO  State of operation 17962986 : EXECUTING
10:19:55 INFO  State of operation 17962986 : EXECUTING
10:19:57 INFO  State of operation 17962986 : EXECUTING
10:19:59 INFO  State of operation 17962986 : EXECUTING
10:20:02 INFO  State of operation 17962986 : SUCCESSFUL
10:20:02 INFO  Assert that (False == value) with value=False ... passed
10:20:02 INFO  Assert that (False == value) with value=False ... passed
10:20:02 INFO  Assert that (False == value) with value=False ... passed
10:20:03 INFO  Assert that (False == value) with value=False ... passed
10:20:03 INFO  
10:20:03 INFO  cleanup:
10:20:07 INFO  Executed sudo&lt;tedge_disconnect_c8y&gt;, exit status 0
10:20:08 INFO  Executed systemctl&lt;serv_mapper5&gt;, exit status 3
10:20:08 INFO  
10:20:08 INFO  Test duration: 141.15 secs
10:20:08 INFO  Test final outcome:  FAILED
10:20:08 INFO  Test outcome reason: Assert that (False == value) with value=True (+2 other failures)
10:20:08 INFO  
</system-out>
	</testcase>
</testsuite><testsuite name="SoftwareManagement.sm_apt_install_remove_multiple_mixed" tests="3" errors="0" failures="2" skipped="1" time="0"><testcase classname="PySysTest" name="SoftwareManagement.sm_apt_install_remove_multiple_mixed">
		<skipped message="SKIPPED: Testing the apt plugin is not supported on this platform.Use parameter -XmyPlatform='container' to enable it" />
		<system-out>09:17:13 INFO  ==============================================================
09:17:13 INFO  Id:    SoftwareManagement.sm_apt_install_remove_multiple_mixed
09:17:13 INFO  Dir:   software_management_end_to_end/
09:17:13 INFO  Title: Validate end to end behaviour for the apt plugin for multiple packages with mixed versions
09:17:13 INFO  ==============================================================
09:17:13 INFO  Testing the apt plugin is not supported on this platform.Use parameter -XmyPlatform='container' to enable it ... skipped
09:17:13 WARN  Aborted test due to SKIPPED outcome
09:17:13 INFO  
09:17:13 INFO  Test duration: 0.02 secs
09:17:13 INFO  Test final outcome:  SKIPPED
09:17:13 INFO  Test outcome reason: Testing the apt plugin is not supported on this platform.Use parameter -XmyPlatform='container' to enable it
09:17:13 INFO  
</system-out>
	</testcase>
<testcase classname="PySysTest" name="SoftwareManagement.sm_apt_install_remove_multiple_mixed">
		<failure message="BLOCKED: SystemError: Timeout while waiting for status SUCCESSFUL or False" type="BLOCKED" />
		<system-out>09:53:06 INFO  ==============================================================
09:53:06 INFO  Id:    SoftwareManagement.sm_apt_install_remove_multiple_mixed
09:53:06 INFO  Dir:   software_management_end_to_end/
09:53:06 INFO  Title: Validate end to end behaviour for the apt plugin for multiple packages with mixed versions
09:53:06 INFO  ==============================================================
09:53:06 INFO  Using sw id database: {'asciijump': '5475369', 'robotfindskitten': '5474869', 'squirrel3': '5475279', 'rolldice': '5152439', 'moon-buggy': '5439204', 'apple': '5495053', 'banana': '5494888', 'cherry': '5495382', 'watermelon': '5494510', 'registry': '8018911', 'hello-world': '8021526', 'docker/getting-started': '8021973', 'alpine': '7991792'}
09:53:06 INFO  EnvironmentC8y Setup
09:53:06 INFO  Executed systemctl&lt;serv_mapper1&gt;, exit status 3
09:53:06 INFO  Restarting mosquitto too frequently in the last 10 seconds. It was only up for 5 seconds
09:53:06 INFO  Delaying execution by 6 seconds
09:53:27 INFO  Executed sudo&lt;tedge_connect_c8y&gt;, exit status 0, duration 14 secs
09:53:27 INFO  Executed sudo&lt;tedge_connect_c8y_test&gt;, exit status 0
09:53:28 INFO  Executed systemctl&lt;serv_mosq2&gt;, exit status 0
09:53:28 INFO  Executed systemctl&lt;serv_mapper3&gt;, exit status 0
09:53:30 INFO  State of current operation: SUCCESSFUL
09:53:31 INFO  Assert that (False == value) with value=False ... passed
09:53:31 INFO  Assert that (False == value) with value=False ... passed
09:53:31 INFO  Assert that (False == value) with value=False ... passed
09:53:31 INFO  Assert that (False == value) with value=False ... passed
09:53:32 INFO  Assert that (False == value) with value=False ... passed
09:53:33 INFO  Response status: 201
09:53:33 INFO  Response to action: {
    "creationTime": "2022-04-29T09:53:33.205Z",
    "deviceName": "mythicd",
    "deviceId": "17920057",
    "self": "https://t493319102.eu-latest.cumulocity.com/devicecontrol/operations/17962847",
    "id": "17962847",
    "status": "PENDING",
    "description": "Apply software changes, triggered from PySys: [{'action': 'install', 'id': '5475369', 'name': 'asciijump', 'url': ' ', 'version': '::apt'}, {'action': 'install', 'id': '5474869', 'name': 'robotfindskitten', 'url': ' ', 'version': ' '}, {'action': 'install', 'id': '5475279', 'name': 'squirrel3', 'url': ' ', 'version': '3.1-7::apt'}, {'action': 'install', 'id': '5152439', 'name': 'rolldice', 'url': ' ', 'version': '1.16-1+b1'}, {'action': 'install', 'id': '5439204', 'name': 'moon-buggy', 'url': ' ', 'version': '1:1.0.51-12'}, {'action': 'install', 'id': '5475369', 'name': 'asciijump', 'url': ' ', 'version': '::apt'}]",
    "c8y_SoftwareUpdate": [
        {
            "name": "asciijump",
            "action": "install",
            "id": "5475369",
            "version": "::apt",
            "url": " "
        },
        {
            "name": "robotfindskitten",
            "action": "install",
            "id": "5474869",
            "version": " ",
            "url": " "
        },
        {
            "name": "squirrel3",
            "action": "install",
            "id": "5475279",
            "version": "3.1-7::apt",
            "url": " "
        },
        {
            "name": "rolldice",
            "action": "install",
            "id": "5152439",
            "version": "1.16-1+b1",
            "url": " "
        },
        {
            "name": "moon-buggy",
            "action": "install",
            "id": "5439204",
            "version": "1:1.0.51-12",
            "url": " "
        },
        {
            "name": "asciijump",
            "action": "install",
            "id": "5475369",
            "version": "::apt",
            "url": " "
        }
    ]
}
09:53:33 INFO  Started operation: {'creationTime': '2022-04-29T09:53:33.205Z', 'deviceName': 'mythicd', 'deviceId': '17920057', 'self': 'https://t493319102.eu-latest.cumulocity.com/devicecontrol/operations/17962847', 'id': '17962847', 'status': 'PENDING', 'description': "Apply software changes, triggered from PySys: [{'action': 'install', 'id': '5475369', 'name': 'asciijump', 'url': ' ', 'version': '::apt'}, {'action': 'install', 'id': '5474869', 'name': 'robotfindskitten', 'url': ' ', 'version': ' '}, {'action': 'install', 'id': '5475279', 'name': 'squirrel3', 'url': ' ', 'version': '3.1-7::apt'}, {'action': 'install', 'id': '5152439', 'name': 'rolldice', 'url': ' ', 'version': '1.16-1+b1'}, {'action': 'install', 'id': '5439204', 'name': 'moon-buggy', 'url': ' ', 'version': '1:1.0.51-12'}, {'action': 'install', 'id': '5475369', 'name': 'asciijump', 'url': ' ', 'version': '::apt'}]", 'c8y_SoftwareUpdate': [{'name': 'asciijump', 'action': 'install', 'id': '5475369', 'version': '::apt', 'url': ' '}, {'name': 'robotfindskitten', 'action': 'install', 'id': '5474869', 'version': ' ', 'url': ' '}, {'name': 'squirrel3', 'action': 'install', 'id': '5475279', 'version': '3.1-7::apt', 'url': ' '}, {'name': 'rolldice', 'action': 'install', 'id': '5152439', 'version': '1.16-1+b1', 'url': ' '}, {'name': 'moon-buggy', 'action': 'install', 'id': '5439204', 'version': '1:1.0.51-12', 'url': ' '}, {'name': 'asciijump', 'action': 'install', 'id': '5475369', 'version': '::apt', 'url': ' '}]}
09:53:35 INFO  State of operation 17962847 : PENDING
09:53:37 INFO  State of operation 17962847 : EXECUTING
09:53:39 INFO  State of operation 17962847 : EXECUTING
09:53:42 INFO  State of operation 17962847 : EXECUTING
09:53:44 INFO  State of operation 17962847 : EXECUTING
09:53:46 INFO  State of operation 17962847 : EXECUTING
09:53:49 INFO  State of operation 17962847 : EXECUTING
09:53:52 INFO  State of operation 17962847 : EXECUTING
09:53:55 INFO  State of operation 17962847 : EXECUTING
09:53:57 INFO  State of operation 17962847 : EXECUTING
09:54:00 INFO  State of operation 17962847 : EXECUTING
09:54:02 INFO  State of operation 17962847 : EXECUTING
09:54:04 INFO  State of operation 17962847 : EXECUTING
09:54:06 INFO  State of operation 17962847 : EXECUTING
09:54:09 INFO  State of operation 17962847 : EXECUTING
09:54:11 INFO  State of operation 17962847 : EXECUTING
09:54:13 INFO  State of operation 17962847 : EXECUTING
09:54:16 INFO  State of operation 17962847 : EXECUTING
09:54:19 INFO  State of operation 17962847 : EXECUTING
09:54:21 INFO  State of operation 17962847 : EXECUTING
09:54:23 INFO  State of operation 17962847 : EXECUTING
09:54:26 INFO  State of operation 17962847 : EXECUTING
09:54:28 INFO  State of operation 17962847 : EXECUTING
09:54:30 INFO  State of operation 17962847 : EXECUTING
09:54:32 INFO  State of operation 17962847 : EXECUTING
09:54:35 INFO  State of operation 17962847 : EXECUTING
09:54:37 INFO  State of operation 17962847 : EXECUTING
09:54:40 INFO  State of operation 17962847 : EXECUTING
09:54:42 INFO  State of operation 17962847 : EXECUTING
09:54:44 INFO  State of operation 17962847 : EXECUTING
09:54:47 INFO  State of operation 17962847 : EXECUTING
09:54:49 INFO  State of operation 17962847 : EXECUTING
09:54:51 INFO  State of operation 17962847 : EXECUTING
09:54:53 INFO  State of operation 17962847 : EXECUTING
09:54:56 INFO  State of operation 17962847 : EXECUTING
09:54:58 INFO  State of operation 17962847 : EXECUTING
09:55:00 INFO  State of operation 17962847 : EXECUTING
09:55:02 INFO  State of operation 17962847 : EXECUTING
09:55:04 INFO  State of operation 17962847 : EXECUTING
09:55:07 INFO  State of operation 17962847 : EXECUTING
09:55:09 INFO  State of operation 17962847 : EXECUTING
09:55:12 INFO  State of operation 17962847 : EXECUTING
09:55:14 INFO  State of operation 17962847 : EXECUTING
09:55:16 INFO  State of operation 17962847 : EXECUTING
09:55:19 INFO  State of operation 17962847 : EXECUTING
09:55:21 INFO  State of operation 17962847 : EXECUTING
09:55:23 INFO  State of operation 17962847 : EXECUTING
09:55:25 INFO  State of operation 17962847 : EXECUTING
09:55:28 INFO  State of operation 17962847 : EXECUTING
09:55:30 INFO  State of operation 17962847 : EXECUTING
09:55:33 INFO  State of operation 17962847 : EXECUTING
09:55:35 INFO  State of operation 17962847 : EXECUTING
09:55:37 INFO  State of operation 17962847 : EXECUTING
09:55:39 INFO  State of operation 17962847 : EXECUTING
09:55:42 INFO  State of operation 17962847 : EXECUTING
09:55:44 INFO  State of operation 17962847 : EXECUTING
09:55:47 INFO  State of operation 17962847 : EXECUTING
09:55:49 INFO  State of operation 17962847 : EXECUTING
09:55:52 INFO  State of operation 17962847 : EXECUTING
09:55:54 INFO  State of operation 17962847 : EXECUTING
09:55:56 INFO  State of operation 17962847 : EXECUTING
09:55:58 WARN  SystemError occurred while running test - Timeout while waiting for status SUCCESSFUL or False
Traceback (most recent call last):
  File "/home/pi/env-pysys/lib/python3.7/site-packages/pysys/baserunner.py", line 1294, in __call__
    self.testObj.execute()
  File "/home/pi/actions-runner/_work/thin-edge.io/thin-edge.io/tests/PySys/software_management_end_to_end/sm_apt_install_remove_multiple_mixed/run.py", line 89, in execute
    self.wait_until_succcess()
  File "/home/pi/actions-runner/_work/thin-edge.io/thin-edge.io/tests/PySys/software_management_end_to_end/environment_sm_management.py", line 324, in wait_until_succcess
    self.wait_until_status("SUCCESSFUL")
  File "/home/pi/actions-runner/_work/thin-edge.io/thin-edge.io/tests/PySys/software_management_end_to_end/environment_sm_management.py", line 381, in wait_until_status
    "Timeout while waiting for status %s or %s" % (status, status2)
SystemError: Timeout while waiting for status SUCCESSFUL or False
09:55:58 WARN  SystemError: Timeout while waiting for status SUCCESSFUL or False ... blocked 
09:55:58 INFO  
09:55:58 INFO  cleanup:
09:56:03 INFO  Executed sudo&lt;tedge_disconnect_c8y&gt;, exit status 0
09:56:03 INFO  Executed systemctl&lt;serv_mapper5&gt;, exit status 3
09:56:03 INFO  
09:56:03 INFO  Test duration: 177.34 secs
09:56:03 INFO  Test final outcome:  BLOCKED
09:56:03 INFO  Test outcome reason: SystemError: Timeout while waiting for status SUCCESSFUL or False
09:56:03 INFO  
</system-out>
	</testcase>
<testcase classname="PySysTest" name="SoftwareManagement.sm_apt_install_remove_multiple_mixed">
		<failure message="BLOCKED: SystemError: Timeout while waiting for status SUCCESSFUL or False (+1 other failures)" type="BLOCKED" />
		<system-out>10:20:08 INFO  ==============================================================
10:20:08 INFO  Id:    SoftwareManagement.sm_apt_install_remove_multiple_mixed
10:20:08 INFO  Dir:   software_management_end_to_end/
10:20:08 INFO  Title: Validate end to end behaviour for the apt plugin for multiple packages with mixed versions
10:20:08 INFO  ==============================================================
10:20:08 INFO  Using sw id database: {'asciijump': '5475369', 'robotfindskitten': '5474869', 'squirrel3': '5475279', 'rolldice': '5152439', 'moon-buggy': '5439204', 'apple': '5495053', 'banana': '5494888', 'cherry': '5495382', 'watermelon': '5494510', 'registry': '8018911', 'hello-world': '8021526', 'docker/getting-started': '8021973', 'alpine': '7991792'}
10:20:08 INFO  EnvironmentC8y Setup
10:20:08 INFO  Executed systemctl&lt;serv_mapper1&gt;, exit status 3
10:20:08 INFO  Restarting mosquitto too frequently in the last 10 seconds. It was only up for 5 seconds
10:20:08 INFO  Delaying execution by 6 seconds
10:20:29 INFO  Executed sudo&lt;tedge_connect_c8y&gt;, exit status 0, duration 14 secs
10:20:29 INFO  Executed sudo&lt;tedge_connect_c8y_test&gt;, exit status 0
10:20:30 INFO  Executed systemctl&lt;serv_mosq2&gt;, exit status 0
10:20:30 INFO  Executed systemctl&lt;serv_mapper3&gt;, exit status 0
10:20:33 INFO  State of current operation: SUCCESSFUL
10:20:33 INFO  Assert that (False == value) with value=False ... passed
10:20:33 INFO  Assert that (False == value) with value=False ... passed
10:20:33 INFO  Assert that (False == value) with value=False ... passed
10:20:33 INFO  Assert that (False == value) with value=False ... passed
10:20:34 INFO  Package moon-buggy is installed
10:20:34 WARN  Assert that (False == value) with value=True ... failed 
10:20:35 INFO  Response status: 201
10:20:35 INFO  Response to action: {
    "delivery": {
        "time": "2022-04-29T10:20:35.705Z",
        "log": [],
        "status": "PENDING"
    },
    "creationTime": "2022-04-29T10:20:35.691Z",
    "deviceName": "mythicd",
    "deviceId": "17920057",
    "self": "https://t493319102.eu-latest.cumulocity.com/devicecontrol/operations/17963002",
    "id": "17963002",
    "status": "PENDING",
    "description": "Apply software changes, triggered from PySys: [{'action': 'install', 'id': '5475369', 'name': 'asciijump', 'url': ' ', 'version': '::apt'}, {'action': 'install', 'id': '5474869', 'name': 'robotfindskitten', 'url': ' ', 'version': ' '}, {'action': 'install', 'id': '5475279', 'name': 'squirrel3', 'url': ' ', 'version': '3.1-7::apt'}, {'action': 'install', 'id': '5152439', 'name': 'rolldice', 'url': ' ', 'version': '1.16-1+b1'}, {'action': 'install', 'id': '5439204', 'name': 'moon-buggy', 'url': ' ', 'version': '1:1.0.51-12'}, {'action': 'install', 'id': '5475369', 'name': 'asciijump', 'url': ' ', 'version': '::apt'}]",
    "c8y_SoftwareUpdate": [
        {
            "name": "asciijump",
            "action": "install",
            "id": "5475369",
            "version": "::apt",
            "url": " "
        },
        {
            "name": "robotfindskitten",
            "action": "install",
            "id": "5474869",
            "version": " ",
            "url": " "
        },
        {
            "name": "squirrel3",
            "action": "install",
            "id": "5475279",
            "version": "3.1-7::apt",
            "url": " "
        },
        {
            "name": "rolldice",
            "action": "install",
            "id": "5152439",
            "version": "1.16-1+b1",
            "url": " "
        },
        {
            "name": "moon-buggy",
            "action": "install",
            "id": "5439204",
            "version": "1:1.0.51-12",
            "url": " "
        },
        {
            "name": "asciijump",
            "action": "install",
            "id": "5475369",
            "version": "::apt",
            "url": " "
        }
    ]
}
10:20:35 INFO  Started operation: {'delivery': {'time': '2022-04-29T10:20:35.705Z', 'log': [], 'status': 'PENDING'}, 'creationTime': '2022-04-29T10:20:35.691Z', 'deviceName': 'mythicd', 'deviceId': '17920057', 'self': 'https://t493319102.eu-latest.cumulocity.com/devicecontrol/operations/17963002', 'id': '17963002', 'status': 'PENDING', 'description': "Apply software changes, triggered from PySys: [{'action': 'install', 'id': '5475369', 'name': 'asciijump', 'url': ' ', 'version': '::apt'}, {'action': 'install', 'id': '5474869', 'name': 'robotfindskitten', 'url': ' ', 'version': ' '}, {'action': 'install', 'id': '5475279', 'name': 'squirrel3', 'url': ' ', 'version': '3.1-7::apt'}, {'action': 'install', 'id': '5152439', 'name': 'rolldice', 'url': ' ', 'version': '1.16-1+b1'}, {'action': 'install', 'id': '5439204', 'name': 'moon-buggy', 'url': ' ', 'version': '1:1.0.51-12'}, {'action': 'install', 'id': '5475369', 'name': 'asciijump', 'url': ' ', 'version': '::apt'}]", 'c8y_SoftwareUpdate': [{'name': 'asciijump', 'action': 'install', 'id': '5475369', 'version': '::apt', 'url': ' '}, {'name': 'robotfindskitten', 'action': 'install', 'id': '5474869', 'version': ' ', 'url': ' '}, {'name': 'squirrel3', 'action': 'install', 'id': '5475279', 'version': '3.1-7::apt', 'url': ' '}, {'name': 'rolldice', 'action': 'install', 'id': '5152439', 'version': '1.16-1+b1', 'url': ' '}, {'name': 'moon-buggy', 'action': 'install', 'id': '5439204', 'version': '1:1.0.51-12', 'url': ' '}, {'name': 'asciijump', 'action': 'install', 'id': '5475369', 'version': '::apt', 'url': ' '}]}
10:20:37 INFO  State of operation 17963002 : PENDING
10:20:40 INFO  State of operation 17963002 : EXECUTING
10:20:42 INFO  State of operation 17963002 : EXECUTING
10:20:44 INFO  State of operation 17963002 : EXECUTING
10:20:46 INFO  State of operation 17963002 : EXECUTING
10:20:49 INFO  State of operation 17963002 : EXECUTING
10:20:51 INFO  State of operation 17963002 : EXECUTING
10:20:54 INFO  State of operation 17963002 : EXECUTING
10:20:56 INFO  State of operation 17963002 : EXECUTING
10:20:59 INFO  State of operation 17963002 : EXECUTING
10:21:01 INFO  State of operation 17963002 : EXECUTING
10:21:03 INFO  State of operation 17963002 : EXECUTING
10:21:06 INFO  State of operation 17963002 : EXECUTING
10:21:09 INFO  State of operation 17963002 : EXECUTING
10:21:11 INFO  State of operation 17963002 : EXECUTING
10:21:13 INFO  State of operation 17963002 : EXECUTING
10:21:15 INFO  State of operation 17963002 : EXECUTING
10:21:18 INFO  State of operation 17963002 : EXECUTING
10:21:20 INFO  State of operation 17963002 : EXECUTING
10:21:23 INFO  State of operation 17963002 : EXECUTING
10:21:25 INFO  State of operation 17963002 : EXECUTING
10:21:28 INFO  State of operation 17963002 : EXECUTING
10:21:30 INFO  State of operation 17963002 : EXECUTING
10:21:32 INFO  State of operation 17963002 : EXECUTING
10:21:34 INFO  State of operation 17963002 : EXECUTING
10:21:37 INFO  State of operation 17963002 : EXECUTING
10:21:39 INFO  State of operation 17963002 : EXECUTING
10:21:42 INFO  State of operation 17963002 : EXECUTING
10:21:44 INFO  State of operation 17963002 : EXECUTING
10:21:46 INFO  State of operation 17963002 : EXECUTING
10:21:49 INFO  State of operation 17963002 : EXECUTING
10:21:51 INFO  State of operation 17963002 : EXECUTING
10:21:53 INFO  State of operation 17963002 : EXECUTING
10:21:55 INFO  State of operation 17963002 : EXECUTING
10:21:57 INFO  State of operation 17963002 : EXECUTING
10:22:00 INFO  State of operation 17963002 : EXECUTING
10:22:02 INFO  State of operation 17963002 : EXECUTING
10:22:04 INFO  State of operation 17963002 : EXECUTING
10:22:07 INFO  State of operation 17963002 : EXECUTING
10:22:10 INFO  State of operation 17963002 : EXECUTING
10:22:12 INFO  State of operation 17963002 : EXECUTING
10:22:14 INFO  State of operation 17963002 : EXECUTING
10:22:17 INFO  State of operation 17963002 : EXECUTING
10:22:19 INFO  State of operation 17963002 : EXECUTING
10:22:21 INFO  State of operation 17963002 : EXECUTING
10:22:23 INFO  State of operation 17963002 : EXECUTING
10:22:26 INFO  State of operation 17963002 : EXECUTING
10:22:28 INFO  State of operation 17963002 : EXECUTING
10:22:30 INFO  State of operation 17963002 : EXECUTING
10:22:33 INFO  State of operation 17963002 : EXECUTING
10:22:35 INFO  State of operation 17963002 : EXECUTING
10:22:38 INFO  State of operation 17963002 : EXECUTING
10:22:40 INFO  State of operation 17963002 : EXECUTING
10:22:42 INFO  State of operation 17963002 : EXECUTING
10:22:44 INFO  State of operation 17963002 : EXECUTING
10:22:47 INFO  State of operation 17963002 : EXECUTING
10:22:49 INFO  State of operation 17963002 : EXECUTING
10:22:52 INFO  State of operation 17963002 : EXECUTING
10:22:54 INFO  State of operation 17963002 : EXECUTING
10:22:57 INFO  State of operation 17963002 : EXECUTING
10:22:59 INFO  State of operation 17963002 : EXECUTING
10:23:01 WARN  SystemError occurred while running test - Timeout while waiting for status SUCCESSFUL or False
Traceback (most recent call last):
  File "/home/pi/env-pysys/lib/python3.7/site-packages/pysys/baserunner.py", line 1294, in __call__
    self.testObj.execute()
  File "/home/pi/actions-runner/_work/thin-edge.io/thin-edge.io/tests/PySys/software_management_end_to_end/sm_apt_install_remove_multiple_mixed/run.py", line 89, in execute
    self.wait_until_succcess()
  File "/home/pi/actions-runner/_work/thin-edge.io/thin-edge.io/tests/PySys/software_management_end_to_end/environment_sm_management.py", line 324, in wait_until_succcess
    self.wait_until_status("SUCCESSFUL")
  File "/home/pi/actions-runner/_work/thin-edge.io/thin-edge.io/tests/PySys/software_management_end_to_end/environment_sm_management.py", line 381, in wait_until_status
    "Timeout while waiting for status %s or %s" % (status, status2)
SystemError: Timeout while waiting for status SUCCESSFUL or False
10:23:01 WARN  SystemError: Timeout while waiting for status SUCCESSFUL or False ... blocked 
10:23:01 INFO  
10:23:01 INFO  cleanup:
10:23:07 INFO  Executed sudo&lt;tedge_disconnect_c8y&gt;, exit status 0
10:23:07 INFO  Executed systemctl&lt;serv_mapper5&gt;, exit status 3
10:23:07 INFO  
10:23:07 INFO  Test duration: 179.63 secs
10:23:07 INFO  Test final outcome:  BLOCKED
10:23:07 INFO  Test outcome reason: SystemError: Timeout while waiting for status SUCCESSFUL or False (+1 other failures)
10:23:07 INFO  
</system-out>
	</testcase>
</testsuite><testsuite name="SoftwareManagement.sm_apt_install_remove_with_version" tests="3" errors="0" failures="0" skipped="1" time="0"><testcase classname="PySysTest" name="SoftwareManagement.sm_apt_install_remove_with_version">
		<skipped message="SKIPPED: Testing the apt plugin is not supported on this platform.Use parameter -XmyPlatform='container' to enable it" />
		<system-out>09:17:13 INFO  ==============================================================
09:17:13 INFO  Id:    SoftwareManagement.sm_apt_install_remove_with_version
09:17:13 INFO  Dir:   software_management_end_to_end/
09:17:13 INFO  Title: Validate end to end behaviour for the apt plugin for packages with version
09:17:13 INFO  ==============================================================
09:17:13 INFO  Testing the apt plugin is not supported on this platform.Use parameter -XmyPlatform='container' to enable it ... skipped
09:17:13 WARN  Aborted test due to SKIPPED outcome
09:17:13 INFO  
09:17:13 INFO  Test duration: 0.02 secs
09:17:13 INFO  Test final outcome:  SKIPPED
09:17:13 INFO  Test outcome reason: Testing the apt plugin is not supported on this platform.Use parameter -XmyPlatform='container' to enable it
09:17:13 INFO  
</system-out>
	</testcase>
<testcase classname="PySysTest" name="SoftwareManagement.sm_apt_install_remove_with_version" />
<testcase classname="PySysTest" name="SoftwareManagement.sm_apt_install_remove_with_version" />
</testsuite><testsuite name="SoftwareManagement.sm_docker_install_remove_multiple" tests="3" errors="0" failures="0" skipped="1" time="0"><testcase classname="SMDockerInstallRemove" name="SoftwareManagement.sm_docker_install_remove_multiple">
		<skipped message="SKIPPED: Testing the apt plugin is not supported on this platform.Use parameter -XmyPlatform='container' to enable it" />
		<system-out>09:17:13 INFO  ==============================================================
09:17:13 INFO  Id:    SoftwareManagement.sm_docker_install_remove_multiple
09:17:13 INFO  Dir:   software_management_end_to_end/
09:17:13 INFO  Title: Validate end to end behaviour for the docker plugin for multiple docker images with mixed versions
09:17:13 INFO  ==============================================================
09:17:13 INFO  Testing the apt plugin is not supported on this platform.Use parameter -XmyPlatform='container' to enable it ... skipped
09:17:13 WARN  Aborted test due to SKIPPED outcome
09:17:13 INFO  
09:17:13 INFO  Test duration: 0.03 secs
09:17:13 INFO  Test final outcome:  SKIPPED
09:17:13 INFO  Test outcome reason: Testing the apt plugin is not supported on this platform.Use parameter -XmyPlatform='container' to enable it
09:17:13 INFO  
</system-out>
	</testcase>
<testcase classname="SMDockerInstallRemove" name="SoftwareManagement.sm_docker_install_remove_multiple" />
<testcase classname="SMDockerInstallRemove" name="SoftwareManagement.sm_docker_install_remove_multiple" />
</testsuite><testsuite name="SoftwareManagement.sm_fake_install_remove" tests="2" errors="0" failures="0" skipped="1" time="0"><testcase classname="PySysTest" name="SoftwareManagement.sm_fake_install_remove">
		<skipped message="SKIPPED: Testing the fake plugin is not enabled.Use parameter -Xfakeplugin=fakeplugin to enable it" />
		<system-out>09:17:13 INFO  ==============================================================
09:17:13 INFO  Id:    SoftwareManagement.sm_fake_install_remove
09:17:13 INFO  Dir:   software_management_end_to_end/
09:17:13 INFO  Title: Validate end to end behaviour for the dummy plugin for installation and removal of packages
09:17:13 INFO  ==============================================================
09:17:13 INFO  Testing the fake plugin is not enabled.Use parameter -Xfakeplugin=fakeplugin to enable it ... skipped
09:17:13 WARN  Aborted test due to SKIPPED outcome
09:17:13 INFO  
09:17:13 INFO  Test duration: 0.02 secs
09:17:13 INFO  Test final outcome:  SKIPPED
09:17:13 INFO  Test outcome reason: Testing the fake plugin is not enabled.Use parameter -Xfakeplugin=fakeplugin to enable it
09:17:13 INFO  
</system-out>
	</testcase>
<testcase classname="PySysTest" name="SoftwareManagement.sm_fake_install_remove" />
</testsuite><testsuite name="SoftwareManagement.sm_fake_install_remove_multiple" tests="2" errors="0" failures="0" skipped="1" time="0"><testcase classname="PySysTest" name="SoftwareManagement.sm_fake_install_remove_multiple">
		<skipped message="SKIPPED: Testing the fake plugin is not enabled.Use parameter -Xfakeplugin=fakeplugin to enable it" />
		<system-out>09:17:13 INFO  ==============================================================
09:17:13 INFO  Id:    SoftwareManagement.sm_fake_install_remove_multiple
09:17:13 INFO  Dir:   software_management_end_to_end/
09:17:13 INFO  Title: Validate end to end behaviour for the dummy-plugin for multiple packages
09:17:13 INFO  ==============================================================
09:17:13 INFO  Testing the fake plugin is not enabled.Use parameter -Xfakeplugin=fakeplugin to enable it ... skipped
09:17:13 WARN  Aborted test due to SKIPPED outcome
09:17:13 INFO  
09:17:13 INFO  Test duration: 0.02 secs
09:17:13 INFO  Test final outcome:  SKIPPED
09:17:13 INFO  Test outcome reason: Testing the fake plugin is not enabled.Use parameter -Xfakeplugin=fakeplugin to enable it
09:17:13 INFO  
</system-out>
	</testcase>
<testcase classname="PySysTest" name="SoftwareManagement.sm_fake_install_remove_multiple" />
</testsuite><testsuite name="SoftwareManagement.sm_mapper_fail_and_reconnect" tests="2" errors="0" failures="0" skipped="2" time="0"><testcase classname="MapperC8yReceiveLastMessageOnRestart" name="SoftwareManagement.sm_mapper_fail_and_reconnect">
		<skipped message="SKIPPED: instable https://github.com/thin-edge/thin-edge.io/issues/752" />
		<system-out>09:17:13 INFO  ==============================================================
09:17:13 INFO  Id:    SoftwareManagement.sm_mapper_fail_and_reconnect
09:17:13 INFO  Dir:   software_management_end_to_end/
09:17:13 INFO  Title: Validate the tedge-mapper-sm-c8y for receiving the last message on restart
09:17:13 INFO  ==============================================================
09:17:13 INFO  instable https://github.com/thin-edge/thin-edge.io/issues/752 ... skipped
09:17:14 INFO  
09:17:14 INFO  Test duration: 0.04 secs
09:17:14 INFO  Test final outcome:  SKIPPED
09:17:14 INFO  Test outcome reason: instable https://github.com/thin-edge/thin-edge.io/issues/752
09:17:14 INFO  
</system-out>
	</testcase>
<testcase classname="MapperC8yReceiveLastMessageOnRestart" name="SoftwareManagement.sm_mapper_fail_and_reconnect">
		<skipped message="SKIPPED: instable https://github.com/thin-edge/thin-edge.io/issues/752" />
		<system-out>10:29:57 INFO  ==============================================================
10:29:57 INFO  Id:    SoftwareManagement.sm_mapper_fail_and_reconnect
10:29:57 INFO  Dir:   software_management_end_to_end/
10:29:57 INFO  Title: Validate the tedge-mapper-sm-c8y for receiving the last message on restart
10:29:57 INFO  ==============================================================
10:29:57 INFO  instable https://github.com/thin-edge/thin-edge.io/issues/752 ... skipped
10:29:57 INFO  
10:29:57 INFO  Test duration: 0.03 secs
10:29:57 INFO  Test final outcome:  SKIPPED
10:29:57 INFO  Test outcome reason: instable https://github.com/thin-edge/thin-edge.io/issues/752
10:29:57 INFO  
</system-out>
	</testcase>
</testsuite><testsuite name="SoftwareManagement.sm_mixed_install_remove_multiple" tests="2" errors="0" failures="1" skipped="1" time="0"><testcase classname="PySysTest" name="SoftwareManagement.sm_mixed_install_remove_multiple">
		<skipped message="SKIPPED: Testing the fake plugin is not enabled.Use parameter -Xfakeplugin=fakeplugin to enable it" />
		<system-out>09:17:14 INFO  ==============================================================
09:17:14 INFO  Id:    SoftwareManagement.sm_mixed_install_remove_multiple
09:17:14 INFO  Dir:   software_management_end_to_end/
09:17:14 INFO  Title: Validate end to end behaviour for the dummy-plugin for multiple packages with mixed versions
09:17:14 INFO  ==============================================================
09:17:14 INFO  Testing the fake plugin is not enabled.Use parameter -Xfakeplugin=fakeplugin to enable it ... skipped
09:17:14 WARN  Aborted test due to SKIPPED outcome
09:17:14 INFO  
09:17:14 INFO  Test duration: 0.02 secs
09:17:14 INFO  Test final outcome:  SKIPPED
09:17:14 INFO  Test outcome reason: Testing the fake plugin is not enabled.Use parameter -Xfakeplugin=fakeplugin to enable it
09:17:14 INFO  
</system-out>
	</testcase>
[...]
09:09:22 WARN  Aborted test due to SKIPPED outcome
09:09:22 INFO  
09:09:22 INFO  Test duration: 0.02 secs
09:09:22 INFO  Test final outcome:  SKIPPED
09:09:22 INFO  Test outcome reason: Testing the docker plugin is not supported on this platform.To run it, all the test with -XmyPlatform='container'
09:09:22 INFO  
</system-out>
	</testcase>
<testcase classname="DockerPluginUpdateTest" name="docker_plugin_update" />
</testsuite><testsuite name="invalid_device_id" tests="1" errors="0" failures="0" skipped="0" time="0"><testcase classname="InvalidDeviceId" name="invalid_device_id" />
</testsuite><testsuite name="local_mqtt_pub_fail_noqos" tests="1" errors="0" failures="0" skipped="0" time="0"><testcase classname="PySysTest" name="local_mqtt_pub_fail_noqos" />
</testsuite><testsuite name="local_mqtt_pub_fail_qos0" tests="1" errors="0" failures="0" skipped="0" time="0"><testcase classname="PySysTest" name="local_mqtt_pub_fail_qos0" />
</testsuite><testsuite name="local_mqtt_pub_fail_qos1" tests="1" errors="0" failures="0" skipped="0" time="0"><testcase classname="PySysTest" name="local_mqtt_pub_fail_qos1" />
</testsuite><testsuite name="local_mqtt_pub_fail_qos2" tests="1" errors="0" failures="0" skipped="0" time="0"><testcase classname="PySysTest" name="local_mqtt_pub_fail_qos2" />
</testsuite><testsuite name="local_mqtt_pub_sub" tests="1" errors="0" failures="0" skipped="0" time="0"><testcase classname="PySysTest" name="local_mqtt_pub_sub" />
</testsuite><testsuite name="local_mqtt_pub_sub_retain" tests="1" errors="0" failures="0" skipped="0" time="0"><testcase classname="MqttPublishWithRetain" name="local_mqtt_pub_sub_retain" />
</testsuite><testsuite name="local_mqtt_pub_sub_with_sudo" tests="1" errors="0" failures="0" skipped="0" time="0"><testcase classname="PySysTest" name="local_mqtt_pub_sub_with_sudo" />
</testsuite><testsuite name="local_mqtt_sub_fail" tests="1" errors="0" failures="0" skipped="0" time="0"><testcase classname="PySysTest" name="local_mqtt_sub_fail" />
</testsuite><testsuite name="log_request_error_messages" tests="1" errors="0" failures="1" skipped="0" time="0"><testcase classname="LogRequestVerifySearchTextError" name="log_request_error_messages">
		<failure message="FAILED: Assert that (True == value) with value=False" type="FAILED" />
		<system-out>09:06:38 INFO  ==============================================================
09:06:38 INFO  Id:    log_request_error_messages
09:06:38 INFO  Dir:   log_request_end_to_end/
09:06:38 INFO  Title: Validate end to end behaviour for the log request operation check for error messages
09:06:38 INFO  ==============================================================
09:06:39 INFO  EnvironmentC8y Setup
09:06:40 INFO  Executed systemctl&lt;serv_mapper1&gt;, exit status 3
09:06:40 INFO  Restarting mosquitto too frequently in the last 10 seconds. It was only up for 2 seconds
09:06:40 INFO  Delaying execution by 9 seconds
09:07:03 INFO  Executed sudo&lt;tedge_connect_c8y&gt;, exit status 0, duration 13 secs
09:07:04 INFO  Executed sudo&lt;tedge_connect_c8y_test&gt;, exit status 0
09:07:04 INFO  Executed systemctl&lt;serv_mosq2&gt;, exit status 0
09:07:05 INFO  Executed systemctl&lt;serv_mapper3&gt;, exit status 0
09:07:05 INFO  Executed sudo&lt;rm_logs&gt;, exit status 0
09:07:06 INFO  Executed sudo&lt;move_logs&gt;, exit status 0
09:07:06 INFO  log response None
09:07:06 WARN  retry, retrying in 1 seconds...
09:07:07 INFO  log response https://thin-edge-io.eu-latest.cumulocity.com/event/events/17957417/binaries
09:07:08 WARN  Assert that (True == value) with value=False ... failed [run.py:43]
09:07:08 INFO  
09:07:08 INFO  cleanup:
09:07:09 INFO  Executed sudo&lt;rm_logs&gt;, exit status 0
09:07:09 INFO  Executed sudo&lt;rm_tmp_logs&gt;, exit status 0
09:07:10 INFO  Executed sudo&lt;send_failed&gt;, exit status 0
09:07:14 INFO  Executed sudo&lt;tedge_disconnect_c8y&gt;, exit status 0
09:07:14 INFO  Executed systemctl&lt;serv_mapper5&gt;, exit status 3
09:07:14 INFO  
09:07:14 INFO  Test duration: 36.30 secs
09:07:14 INFO  Test final outcome:  FAILED
09:07:14 INFO  Test outcome reason: Assert that (True == value) with value=False
09:07:14 INFO  
</system-out>
	</testcase>
</testsuite><testsuite name="log_request_num_lines" tests="1" errors="0" failures="1" skipped="0" time="0"><testcase classname="LogRequestVerifyNumberOfLines" name="log_request_num_lines">
		<failure message="FAILED: Assert that (True == value) with value=False" type="FAILED" />
		<system-out>09:07:14 INFO  ==============================================================
09:07:14 INFO  Id:    log_request_num_lines
09:07:14 INFO  Dir:   log_request_end_to_end/
09:07:14 INFO  Title: Validate end to end behaviour for the log request operation check for number of lines
09:07:14 INFO  ==============================================================
09:07:14 INFO  EnvironmentC8y Setup
09:07:15 INFO  Executed systemctl&lt;serv_mapper1&gt;, exit status 3
09:07:15 INFO  Restarting mosquitto too frequently in the last 10 seconds. It was only up for 4 seconds
09:07:15 INFO  Delaying execution by 7 seconds
09:07:37 INFO  Executed sudo&lt;tedge_connect_c8y&gt;, exit status 0, duration 14 secs
09:07:37 INFO  Executed sudo&lt;tedge_connect_c8y_test&gt;, exit status 0
09:07:38 INFO  Executed systemctl&lt;serv_mosq2&gt;, exit status 0
09:07:38 INFO  Executed systemctl&lt;serv_mapper3&gt;, exit status 0
09:07:39 INFO  Executed sudo&lt;rm_logs&gt;, exit status 0
09:07:39 INFO  Executed sudo&lt;move_logs&gt;, exit status 0
09:07:40 INFO  log response None
09:07:40 WARN  retry, retrying in 1 seconds...
09:07:41 INFO  log response https://thin-edge-io.eu-latest.cumulocity.com/event/events/17958103/binaries
09:07:41 INFO  nlines 0
09:07:41 WARN  Assert that (True == value) with value=False ... failed [run.py:44]
09:07:41 INFO  
09:07:41 INFO  cleanup:
09:07:42 INFO  Executed sudo&lt;rm_logs&gt;, exit status 0
09:07:42 INFO  Executed sudo&lt;rm_tmp_logs&gt;, exit status 0
09:07:43 INFO  Executed sudo&lt;send_failed&gt;, exit status 0
09:07:47 INFO  Executed sudo&lt;tedge_disconnect_c8y&gt;, exit status 0
09:07:47 INFO  Executed systemctl&lt;serv_mapper5&gt;, exit status 3
09:07:47 INFO  
09:07:47 INFO  Test duration: 32.82 secs
09:07:47 INFO  Test final outcome:  FAILED
09:07:47 INFO  Test outcome reason: Assert that (True == value) with value=False
09:07:47 INFO  
</system-out>
	</testcase>
</testsuite><testsuite name="mapper_awaits_before_reconnect" tests="1" errors="0" failures="0" skipped="0" time="0"><testcase classname="MapperReconnectAwait" name="mapper_awaits_before_reconnect" />
</testsuite><testsuite name="monitoring_smaller_interval" tests="1" errors="0" failures="0" skipped="1" time="0"><testcase classname="MonitoringSmallInterval" name="monitoring_smaller_interval">
		<skipped message="SKIPPED: Fails due to retained message" />
		<system-out>09:09:17 INFO  ==============================================================
09:09:17 INFO  Id:    monitoring_smaller_interval
09:09:17 INFO  Dir:   monitoring/
09:09:17 INFO  Title: Validate the tedge dm agent messages that are produced with smaller sampling interval than the batching window. Here the simulated collectd messages are used
09:09:17 INFO  ==============================================================
09:09:17 INFO  Fails due to retained message ... skipped
09:09:17 INFO  
09:09:17 INFO  Test duration: 0.12 secs
09:09:17 INFO  Test final outcome:  SKIPPED
09:09:17 INFO  Test outcome reason: Fails due to retained message
09:09:17 INFO  
</system-out>
	</testcase>
</testsuite><testsuite name="monitoring_with_collectd" tests="1" errors="0" failures="0" skipped="1" time="0"><testcase classname="MonitoringWithCollectd" name="monitoring_with_collectd">
		<skipped message="SKIPPED: Test execution disabled due to #792 (instable)" />
		<system-out>09:09:17 INFO  ==============================================================
09:09:17 INFO  Id:    monitoring_with_collectd
09:09:17 INFO  Dir:   monitoring/
09:09:17 INFO  Title: Validate tedge dm agent messages that are produced by batching the collectd messages
09:09:17 INFO  ==============================================================
09:09:17 INFO  Test execution disabled due to #792 (instable) ... skipped
09:09:17 INFO  
09:09:17 INFO  Test duration: 0.02 secs
09:09:17 INFO  Test final outcome:  SKIPPED
09:09:17 INFO  Test outcome reason: Test execution disabled due to #792 (instable)
09:09:17 INFO  
</system-out>
	</testcase>
</testsuite><testsuite name="monitoring_with_simulated_messages" tests="1" errors="0" failures="0" skipped="1" time="0"><testcase classname="MonitoringWithSimulatedMessages" name="monitoring_with_simulated_messages">
		<skipped message="SKIPPED: Fails due to retained message" />
		<system-out>09:09:17 INFO  ==============================================================
09:09:17 INFO  Id:    monitoring_with_simulated_messages
09:09:17 INFO  Dir:   monitoring/
09:09:17 INFO  Title: Validate the tedge dm agent messages that are produced from the simulated collectd messages
09:09:17 INFO  ==============================================================
09:09:17 INFO  Fails due to retained message ... skipped
09:09:17 INFO  
09:09:17 INFO  Test duration: 0.02 secs
09:09:17 INFO  Test final outcome:  SKIPPED
09:09:17 INFO  Test outcome reason: Fails due to retained message
09:09:17 INFO  
</system-out>
	</testcase>
</testsuite><testsuite name="mqtt_port_change_connection_fails" tests="1" errors="0" failures="0" skipped="0" time="0"><testcase classname="MqttPortChangeConnectionFails" name="mqtt_port_change_connection_fails" />
</testsuite><testsuite name="mqtt_port_change_connection_works" tests="1" errors="0" failures="0" skipped="1" time="0"><testcase classname="MqttPortChangeConnectionWorks" name="mqtt_port_change_connection_works">
		<skipped message="SKIPPED: failing intermitently" />
		<system-out>09:08:22 INFO  ==============================================================
09:08:22 INFO  Id:    mqtt_port_change_connection_works
09:08:22 INFO  Dir:   misc_features/
09:08:22 INFO  Title: mqtt port change connection works for all the thin-edge services that use the mosquitto broker
09:08:22 INFO  ==============================================================
09:08:22 INFO  failing intermitently ... skipped
09:08:22 INFO  
09:08:22 INFO  Test duration: 0.04 secs
09:08:22 INFO  Test final outcome:  SKIPPED
09:08:22 INFO  Test outcome reason: failing intermitently
09:08:22 INFO  
</system-out>
	</testcase>
</testsuite><testsuite name="mqtt_port_set" tests="1" errors="0" failures="0" skipped="0" time="0"><testcase classname="MqttPortSet" name="mqtt_port_set" />
</testsuite><testsuite name="mqtt_port_unset" tests="1" errors="0" failures="0" skipped="0" time="0"><testcase classname="MqttPortUnSet" name="mqtt_port_unset" />
</testsuite><testsuite name="publish_flux" tests="1" errors="0" failures="0" skipped="0" time="0"><testcase classname="PublishFlux" name="publish_flux" />
</testsuite><testsuite name="publish_sawmill" tests="1" errors="0" failures="0" skipped="0" time="0"><testcase classname="PublishSawmill" name="publish_sawmill" />
</testsuite><testsuite name="pysys_block" tests="1" errors="0" failures="0" skipped="1" time="0"><testcase classname="Fail" name="pysys_block">
		<skipped message="SKIPPED: Enable this to observe a blocking test" />
		<system-out>09:08:44 INFO  ==============================================================
09:08:44 INFO  Id:    pysys_block
09:08:44 INFO  Dir:   misc_features/
09:08:44 INFO  Title: fail
09:08:44 INFO  ==============================================================
09:08:45 INFO  Enable this to observe a blocking test ... skipped
09:08:45 INFO  
09:08:45 INFO  Test duration: 0.02 secs
09:08:45 INFO  Test final outcome:  SKIPPED
09:08:45 INFO  Test outcome reason: Enable this to observe a blocking test
09:08:45 INFO  
</system-out>
	</testcase>
</testsuite><testsuite name="pysys_fail" tests="1" errors="0" failures="0" skipped="1" time="0"><testcase classname="Fail" name="pysys_fail">
		<skipped message="SKIPPED: Enable this to observe a failing test" />
		<system-out>09:08:45 INFO  ==============================================================
09:08:45 INFO  Id:    pysys_fail
09:08:45 INFO  Dir:   misc_features/
09:08:45 INFO  Title: fail
09:08:45 INFO  ==============================================================
09:08:45 INFO  Enable this to observe a failing test ... skipped
09:08:45 INFO  
09:08:45 INFO  Test duration: 0.02 secs
09:08:45 INFO  Test final outcome:  SKIPPED
09:08:45 INFO  Test outcome reason: Enable this to observe a failing test
09:08:45 INFO  
</system-out>
	</testcase>
</testsuite><testsuite name="runtime_start_two_mappers" tests="1" errors="0" failures="1" skipped="0" time="0"><testcase classname="RuntimeMultiMappers" name="runtime_start_two_mappers">
		<failure message="FAILED: Grep on tedge_mapper2.err contains &quot;Error: Couldn't acquire file lock.&quot;" type="FAILED" />
		<system-out>09:20:48 INFO  ==============================================================
09:20:48 INFO  Id:    runtime_start_two_mappers
09:20:48 INFO  Dir:   tedge_mapper_c8y/
09:20:48 INFO  Title: Validate two mappers can't be started at the same time
09:20:48 INFO  ==============================================================
09:20:48 INFO  Executed sudo&lt;tedge_mapper1&gt;, exit status 0
09:20:48 INFO  Waiting for 0.1 seconds
09:20:49 INFO  Executed sudo&lt;tedge_mapper2&gt;, exit status 1
09:20:49 INFO  Executed sudo&lt;tedge_mapper1&gt;, exit status 0
09:20:49 WARN  Grep on tedge_mapper2.err contains "Error: Couldn't acquire file lock." ... failed [run.py:46]
09:20:49 INFO  
09:20:49 INFO  Test duration: 1.77 secs
09:20:49 INFO  Test final outcome:  FAILED
09:20:49 INFO  Test outcome reason: Grep on tedge_mapper2.err contains "Error: Couldn't acquire file lock."
09:20:49 INFO  
</system-out>
	</testcase>
</testsuite><testsuite name="sm_tedge_mapper_init_session" tests="1" errors="0" failures="0" skipped="0" time="0"><testcase classname="TedgeSMMapperInitSession" name="sm_tedge_mapper_init_session" />
</testsuite><testsuite name="smoketest_json" tests="1" errors="0" failures="0" skipped="0" time="0"><testcase classname="SmokeTestJson" name="smoketest_json" />
</testsuite><testsuite name="smoketest_json_400_samples_10ms" tests="1" errors="0" failures="0" skipped="0" time="0"><testcase classname="SmoketestJson400Samples10ms" name="smoketest_json_400_samples_10ms" />
</testsuite><testsuite name="smoketest_json_400_samples_20ms" tests="1" errors="0" failures="0" skipped="0" time="0"><testcase classname="SmoketestJson400Samples20ms" name="smoketest_json_400_samples_20ms" />
</testsuite><testsuite name="smoketest_smartrest" tests="1" errors="0" failures="0" skipped="0" time="0"><testcase classname="SmoketestSmartRest" name="smoketest_smartrest" />
</testsuite><testsuite name="smoketest_smartrest_200_samples_1Xms" tests="1" errors="0" failures="0" skipped="0" time="0"><testcase classname="SmoketestSmartRest200Samples1Xms" name="smoketest_smartrest_200_samples_1Xms" />
</testsuite><testsuite name="smoketest_smartrest_200_samples_20ms" tests="1" errors="0" failures="1" skipped="0" time="0"><testcase classname="SmoketestSmartRest200Samples20ms" name="smoketest_smartrest_200_samples_20ms">
		<failure message="BLOCKED: Failed to set up test: 'SmoketestSmartRest200Samples20ms'" type="BLOCKED" />
		<system-out>09:17:12 INFO  ==============================================================
09:17:12 INFO  Id:    smoketest_smartrest_200_samples_20ms
09:17:12 INFO  Dir:   smoketests/
09:17:12 INFO  Title: Smoketest SmartRest 200 Samples 20ms Delay
09:17:12 INFO  ==============================================================
09:17:12 WARN  Failed to set up test: 'SmoketestSmartRest200Samples20ms' ... blocked 
09:17:12 ERROR Caught KeyError while setting up test smoketest_smartrest_200_samples_20ms: 'SmoketestSmartRest200Samples20ms'
Traceback (most recent call last):
  File "/home/pi/env-pysys/lib/python3.7/site-packages/pysys/baserunner.py", line 1229, in __call__
    clazz = runpy_namespace[self.descriptor.classname]
KeyError: 'SmoketestSmartRest200Samples20ms'
09:17:12 INFO  
09:17:12 INFO  Test duration: 0.05 secs
09:17:13 INFO  Test final outcome:  BLOCKED
09:17:13 INFO  Test outcome reason: Failed to set up test: 'SmoketestSmartRest200Samples20ms'
09:17:13 INFO  
</system-out>
	</testcase>
</testsuite><testsuite name="tedge_agent_user_sudo_access" tests="1" errors="0" failures="0" skipped="1" time="0"><testcase classname="TedgeAgentUserSudoAccess" name="tedge_agent_user_sudo_access">
		<skipped message="SKIPPED: #955 Observation: Exit code of the apt plugin when called with no arguments" />
		<system-out>09:17:40 INFO  ==============================================================
09:17:40 INFO  Id:    tedge_agent_user_sudo_access
09:17:40 INFO  Dir:   tedge/
09:17:40 INFO  Title: Validate tedge-agent user has a limited sudo right
09:17:40 INFO  ==============================================================
09:17:40 INFO  #955 Observation: Exit code of the apt plugin when called with no arguments ... skipped
09:17:40 INFO  
09:17:40 INFO  Test duration: 0.05 secs
09:17:40 INFO  Test final outcome:  SKIPPED
09:17:40 INFO  Test outcome reason: #955 Observation: Exit code of the apt plugin when called with no arguments
09:17:40 INFO  
</system-out>
	</testcase>
</testsuite><testsuite name="tedge_connect_test_negative" tests="1" errors="0" failures="0" skipped="0" time="0"><testcase classname="TedgeConnectTestNegative" name="tedge_connect_test_negative" />
</testsuite><testsuite name="tedge_connect_test_positive" tests="1" errors="0" failures="0" skipped="0" time="0"><testcase classname="TedgeConnectTestPositive" name="tedge_connect_test_positive" />
</testsuite><testsuite name="tedge_connect_test_sm_services" tests="1" errors="0" failures="0" skipped="0" time="0"><testcase classname="TedgeConnectTestSMServices" name="tedge_connect_test_sm_services" />
</testsuite><testsuite name="tedge_disconnect_test_sm_services" tests="1" errors="0" failures="0" skipped="0" time="0"><testcase classname="TedgeDisConnectTestSMServices" name="tedge_disconnect_test_sm_services" />
</testsuite><testsuite name="tedge_mapper_az_negative" tests="1" errors="0" failures="0" skipped="0" time="0"><testcase classname="TedgeMapperAzError" name="tedge_mapper_az_negative" />
</testsuite><testsuite name="tedge_mapper_az_with_timestamp" tests="1" errors="0" failures="0" skipped="0" time="0"><testcase classname="TedgeMapperAzWithTimestamp" name="tedge_mapper_az_with_timestamp" />
</testsuite><testsuite name="tedge_mapper_az_without_timestamp" tests="1" errors="0" failures="0" skipped="0" time="0"><testcase classname="TedgeMapperAzWithoutTimestamp" name="tedge_mapper_az_without_timestamp" />
</testsuite><testsuite name="tedge_mapper_c8y_alarms" tests="1" errors="0" failures="0" skipped="0" time="0"><testcase classname="TedgeMapperC8yAlarm" name="tedge_mapper_c8y_alarms" />
</testsuite><testsuite name="tedge_mapper_c8y_child_device_measurement" tests="1" errors="0" failures="0" skipped="0" time="0"><testcase classname="TedgeMapperC8yChildDevice" name="tedge_mapper_c8y_child_device_measurement" />
</testsuite><testsuite name="tedge_mapper_c8y_packet_threshold_size" tests="1" errors="0" failures="0" skipped="0" time="0"><testcase classname="TedgeMapperC8yThresholdPacketSize" name="tedge_mapper_c8y_packet_threshold_size" />
</testsuite><testsuite name="tedge_software_update" tests="1" errors="0" failures="0" skipped="0" time="0"><testcase classname="PySysTest" name="tedge_software_update" />
</testsuite><testsuite name="valid_device_id" tests="1" errors="0" failures="0" skipped="0" time="0"><testcase classname="ValidateValidDeviceId" name="valid_device_id" />
</testsuite></testsuites>