<?xml version='1.0' encoding='utf-8'?>
<testsuites tests="149" failures="18" errors="0" skipped="49" time="0.0"><testsuite name="SoftwareManagement.Plugin.apama_plugin_install" tests="3" errors="0" failures="0" skipped="1" time="0"><testcase classname="ApamaPluginInstallTest" name="SoftwareManagement.Plugin.apama_plugin_install">
		<skipped message="SKIPPED: Apama plugin tests are disabled by default. Execute `pysys run` with `-XmyPlatform=container` to run these tests" />
		<system-out>13:39:02 INFO  ==============================================================
13:39:02 INFO  Id:    SoftwareManagement.Plugin.apama_plugin_install
13:39:02 INFO  Dir:   plugin_apama/
13:39:02 INFO  Title: Validate apama plugin install
13:39:02 INFO  ==============================================================
13:39:02 INFO  Apama plugin tests are disabled by default. Execute `pysys run` with `-XmyPlatform=container` to run these tests ... skipped
13:39:02 WARN  Aborted test due to SKIPPED outcome
13:39:02 INFO  
13:39:02 INFO  Test duration: 0.08 secs
13:39:02 INFO  Test final outcome:  SKIPPED
13:39:02 INFO  Test outcome reason: Apama plugin tests are disabled by default. Execute `pysys run` with `-XmyPlatform=container` to run these tests
13:39:02 INFO  
</system-out>
	</testcase>
<testcase classname="ApamaPluginInstallTest" name="SoftwareManagement.Plugin.apama_plugin_install" />
<testcase classname="ApamaPluginInstallTest" name="SoftwareManagement.Plugin.apama_plugin_install" />
</testsuite><testsuite name="SoftwareManagement.Plugin.apama_plugin_mon_support" tests="3" errors="0" failures="0" skipped="1" time="0"><testcase classname="ApamaPluginMonSupportTest" name="SoftwareManagement.Plugin.apama_plugin_mon_support">
		<skipped message="SKIPPED: Apama plugin tests are disabled by default. Execute `pysys run` with `-XmyPlatform=container` to run these tests" />
		<system-out>13:39:02 INFO  ==============================================================
13:39:02 INFO  Id:    SoftwareManagement.Plugin.apama_plugin_mon_support
13:39:02 INFO  Dir:   plugin_apama/
13:39:02 INFO  Title: Validate mon file support of apama plugin
13:39:02 INFO  ==============================================================
13:39:02 INFO  Apama plugin tests are disabled by default. Execute `pysys run` with `-XmyPlatform=container` to run these tests ... skipped
13:39:02 WARN  Aborted test due to SKIPPED outcome
13:39:02 INFO  
13:39:02 INFO  Test duration: 0.02 secs
13:39:02 INFO  Test final outcome:  SKIPPED
13:39:02 INFO  Test outcome reason: Apama plugin tests are disabled by default. Execute `pysys run` with `-XmyPlatform=container` to run these tests
13:39:02 INFO  
</system-out>
	</testcase>
<testcase classname="ApamaPluginMonSupportTest" name="SoftwareManagement.Plugin.apama_plugin_mon_support" />
<testcase classname="ApamaPluginMonSupportTest" name="SoftwareManagement.Plugin.apama_plugin_mon_support" />
</testsuite><testsuite name="SoftwareManagement.Plugin.apama_plugin_remove" tests="3" errors="0" failures="0" skipped="1" time="0"><testcase classname="ApamaPluginRemoveTest" name="SoftwareManagement.Plugin.apama_plugin_remove">
		<skipped message="SKIPPED: Apama plugin tests are disabled by default. Execute `pysys run` with `-XmyPlatform=container` to run these tests" />
		<system-out>13:39:02 INFO  ==============================================================
13:39:02 INFO  Id:    SoftwareManagement.Plugin.apama_plugin_remove
13:39:02 INFO  Dir:   plugin_apama/
13:39:02 INFO  Title: Validate apama plugin remove
13:39:02 INFO  ==============================================================
13:39:02 INFO  Apama plugin tests are disabled by default. Execute `pysys run` with `-XmyPlatform=container` to run these tests ... skipped
13:39:02 WARN  Aborted test due to SKIPPED outcome
13:39:02 INFO  
13:39:02 INFO  Test duration: 0.02 secs
13:39:02 INFO  Test final outcome:  SKIPPED
13:39:02 INFO  Test outcome reason: Apama plugin tests are disabled by default. Execute `pysys run` with `-XmyPlatform=container` to run these tests
13:39:02 INFO  
</system-out>
	</testcase>
<testcase classname="ApamaPluginRemoveTest" name="SoftwareManagement.Plugin.apama_plugin_remove" />
<testcase classname="ApamaPluginRemoveTest" name="SoftwareManagement.Plugin.apama_plugin_remove" />
</testsuite><testsuite name="SoftwareManagement.Plugin.apama_plugin_update" tests="3" errors="0" failures="2" skipped="1" time="0"><testcase classname="ApamaPluginUpdateTest" name="SoftwareManagement.Plugin.apama_plugin_update">
		<skipped message="SKIPPED: Apama plugin tests are disabled by default. Execute `pysys run` with `-XmyPlatform=container` to run these tests" />
		<system-out>13:39:02 INFO  ==============================================================
13:39:02 INFO  Id:    SoftwareManagement.Plugin.apama_plugin_update
13:39:02 INFO  Dir:   plugin_apama/
13:39:02 INFO  Title: Validate apama plugin updating one project with another
13:39:02 INFO  ==============================================================
13:39:02 INFO  Apama plugin tests are disabled by default. Execute `pysys run` with `-XmyPlatform=container` to run these tests ... skipped
13:39:02 WARN  Aborted test due to SKIPPED outcome
13:39:02 INFO  
13:39:02 INFO  Test duration: 0.02 secs
13:39:02 INFO  Test final outcome:  SKIPPED
13:39:02 INFO  Test outcome reason: Apama plugin tests are disabled by default. Execute `pysys run` with `-XmyPlatform=container` to run these tests
13:39:02 INFO  
</system-out>
	</testcase>
<testcase classname="ApamaPluginUpdateTest" name="SoftwareManagement.Plugin.apama_plugin_update">
		<failure message="BLOCKED: sudo&lt;plugin_install&gt; returned non-zero exit code 2" type="BLOCKED" />
		<system-out>14:32:41 INFO  ==============================================================
14:32:41 INFO  Id:    SoftwareManagement.Plugin.apama_plugin_update
14:32:41 INFO  Dir:   plugin_apama/
14:32:41 INFO  Title: Validate apama plugin updating one project with another
14:32:41 INFO  ==============================================================
14:32:41 INFO  Assertion that path exists=False for "/etc/tedge/apama/project" ... passed
14:32:42 INFO  Executed sudo&lt;create_project_dir&gt;, exit status 0
14:32:42 INFO  Executed sudo&lt;unzip_apama_project&gt;, exit status 0
14:32:43 INFO  Executed sudo&lt;move_apama_project&gt;, exit status 0
14:32:44 INFO  Executed sudo&lt;restart_apama_service&gt;, exit status 0
14:32:44 INFO  Executed sudo&lt;apama_correlator_wait&gt;, exit status 0
14:32:44 INFO  Assertion that path exists=True for "/etc/tedge/apama/project" ... passed
14:32:45 INFO  Executed sudo&lt;apama_list_monitors&gt;, exit status 0
14:32:45 INFO  Grep on file /home/pi/actions-runner/_work/thin-edge.io/thin-edge.io/tests/PySys/plugin_apama/apama_plugin_update/Output/linux/apama_list_monitors.out ... passed
14:32:46 WARN  Executed sudo&lt;plugin_install&gt;, exit status 2
14:32:46 INFO  Contents of plugin_install.err: 
  ERROR: Directory not empty (os error 39)
  -----

14:32:46 WARN  sudo&lt;plugin_install&gt; returned non-zero exit code 2 ... blocked [run.py:35]
14:32:46 WARN  Aborted test due to BLOCKED outcome
14:32:46 INFO  
14:32:46 INFO  cleanup:
14:32:46 INFO  Removing apama project
14:33:04 INFO  Executed sudo&lt;stop_apama_service&gt;, exit status 0, duration 17 secs
14:33:04 INFO  Executed sudo&lt;remove_apama_project&gt;, exit status 0
14:33:05 INFO  Executed sudo&lt;remove_apama_tmp_dir&gt;, exit status 0
14:33:05 INFO  
14:33:05 INFO  Test duration: 23.43 secs
14:33:05 INFO  Test final outcome:  BLOCKED
14:33:05 INFO  Test outcome reason: sudo&lt;plugin_install&gt; returned non-zero exit code 2
14:33:05 INFO  
</system-out>
	</testcase>
<testcase classname="ApamaPluginUpdateTest" name="SoftwareManagement.Plugin.apama_plugin_update">
		<failure message="BLOCKED: sudo&lt;plugin_install&gt; returned non-zero exit code 2" type="BLOCKED" />
		<system-out>14:37:25 INFO  ==============================================================
14:37:25 INFO  Id:    SoftwareManagement.Plugin.apama_plugin_update
14:37:25 INFO  Dir:   plugin_apama/
14:37:25 INFO  Title: Validate apama plugin updating one project with another
14:37:25 INFO  ==============================================================
14:37:25 INFO  Assertion that path exists=False for "/etc/tedge/apama/project" ... passed
14:37:26 INFO  Executed sudo&lt;create_project_dir&gt;, exit status 0
14:37:27 INFO  Executed sudo&lt;unzip_apama_project&gt;, exit status 0
14:37:27 INFO  Executed sudo&lt;move_apama_project&gt;, exit status 0
14:37:28 INFO  Executed sudo&lt;restart_apama_service&gt;, exit status 0
14:37:29 INFO  Executed sudo&lt;apama_correlator_wait&gt;, exit status 0
14:37:29 INFO  Assertion that path exists=True for "/etc/tedge/apama/project" ... passed
14:37:30 INFO  Executed sudo&lt;apama_list_monitors&gt;, exit status 0
14:37:30 INFO  Grep on file /home/pi/actions-runner/_work/thin-edge.io/thin-edge.io/tests/PySys/plugin_apama/apama_plugin_update/Output/linux/apama_list_monitors.out ... passed
14:37:30 WARN  Executed sudo&lt;plugin_install&gt;, exit status 2
14:37:30 INFO  Contents of plugin_install.err: 
  ERROR: Directory not empty (os error 39)
  -----

14:37:31 WARN  sudo&lt;plugin_install&gt; returned non-zero exit code 2 ... blocked [run.py:35]
14:37:31 WARN  Aborted test due to BLOCKED outcome
14:37:31 INFO  
14:37:31 INFO  cleanup:
14:37:31 INFO  Removing apama project
14:37:47 INFO  Executed sudo&lt;stop_apama_service&gt;, exit status 0, duration 16 secs
14:37:47 INFO  Executed sudo&lt;remove_apama_project&gt;, exit status 0
14:37:48 INFO  Executed sudo&lt;remove_apama_tmp_dir&gt;, exit status 0
14:37:48 INFO  
14:37:48 INFO  Test duration: 22.39 secs
14:37:48 INFO  Test final outcome:  BLOCKED
14:37:48 INFO  Test outcome reason: sudo&lt;plugin_install&gt; returned non-zero exit code 2
14:37:48 INFO  
</system-out>
	</testcase>
</testsuite><testsuite name="SoftwareManagement.sm_apt_install_download_path" tests="3" errors="0" failures="2" skipped="1" time="0"><testcase classname="AptInstallWithDownloadPath" name="SoftwareManagement.sm_apt_install_download_path">
		<skipped message="SKIPPED: Testing the apt plugin is not supported on this platform.Use parameter -XmyPlatform='container' to enable it" />
		<system-out>13:48:50 INFO  ==============================================================
13:48:50 INFO  Id:    SoftwareManagement.sm_apt_install_download_path
13:48:50 INFO  Dir:   software_management_end_to_end/
13:48:50 INFO  Title: Install package to directory specified in tedge config set tmp.path
13:48:50 INFO  ==============================================================
13:48:50 INFO  Testing the apt plugin is not supported on this platform.Use parameter -XmyPlatform='container' to enable it ... skipped
13:48:50 WARN  Aborted test due to SKIPPED outcome
13:48:50 INFO  
13:48:50 INFO  Test duration: 0.06 secs
13:48:50 INFO  Test final outcome:  SKIPPED
13:48:50 INFO  Test outcome reason: Testing the apt plugin is not supported on this platform.Use parameter -XmyPlatform='container' to enable it
13:48:50 INFO  
</system-out>
	</testcase>
<testcase classname="AptInstallWithDownloadPath" name="SoftwareManagement.sm_apt_install_download_path">
		<failure message="BLOCKED: AssertionError: (+1 other failures)" type="BLOCKED" />
		<system-out>14:13:48 INFO  ==============================================================
14:13:48 INFO  Id:    SoftwareManagement.sm_apt_install_download_path
14:13:48 INFO  Dir:   software_management_end_to_end/
14:13:48 INFO  Title: Install package to directory specified in tedge config set tmp.path
14:13:48 INFO  ==============================================================
14:13:48 INFO  Using sw id database: {'asciijump': '5475369', 'robotfindskitten': '5474869', 'squirrel3': '5475279', 'rolldice': '5152439', 'moon-buggy': '5439204', 'apple': '5495053', 'banana': '5494888', 'cherry': '5495382', 'watermelon': '5494510', 'registry': '8018911', 'hello-world': '8021526', 'docker/getting-started': '8021973', 'alpine': '7991792'}
14:13:48 INFO  EnvironmentC8y Setup
14:13:49 INFO  Executed systemctl&lt;serv_mapper1&gt;, exit status 3
14:14:04 INFO  Executed sudo&lt;tedge_connect_c8y&gt;, exit status 0, duration 14 secs
14:14:05 INFO  Executed sudo&lt;tedge_connect_c8y_test&gt;, exit status 0
14:14:07 INFO  Executed systemctl&lt;serv_mosq2&gt;, exit status 0
14:14:07 INFO  Executed systemctl&lt;serv_mapper3&gt;, exit status 0
14:14:10 INFO  State of current operation: SUCCESSFUL
14:14:10 INFO  Package rolldice is installed
14:14:10 WARN  Assert that (False == value) with value=True ... failed 
14:14:11 INFO  Executed sudo, exit status 0
14:14:12 INFO  Executed sudo, exit status 0
14:14:12 INFO  Executed sudo, exit status 0
14:14:16 INFO  Executed sudo&lt;tedge_disconnect_c8y&gt;, exit status 0
14:14:16 INFO  Restarting mosquitto too frequently in the last 10 seconds. It was only up for 4 seconds
14:14:16 INFO  Delaying execution by 7 seconds
14:14:38 INFO  Executed sudo&lt;tedge_connect_c8y&gt;, exit status 0, duration 14 secs
14:14:38 INFO  Response status: 201
14:14:38 INFO  Response to action: {
    "creationTime": "2022-04-21T14:14:38.482Z",
    "deviceName": "mythica",
    "deviceId": "17556832",
    "self": "https://t493319102.eu-latest.cumulocity.com/devicecontrol/operations/17583764",
    "id": "17583764",
    "status": "PENDING",
    "description": "Apply software changes, triggered from PySys: [{'name': 'rolldice', 'id': '5152439', 'version': '::apt', 'url': 'https://thin-edge-io.eu-latest.cumulocity.com/inventory/binaries/12435463', 'action': 'install'}]",
    "c8y_SoftwareUpdate": [
        {
            "name": "rolldice",
            "action": "install",
            "id": "5152439",
            "version": "::apt",
            "url": "https://thin-edge-io.eu-latest.cumulocity.com/inventory/binaries/12435463"
        }
    ]
}
14:14:38 INFO  Started operation: {'creationTime': '2022-04-21T14:14:38.482Z', 'deviceName': 'mythica', 'deviceId': '17556832', 'self': 'https://t493319102.eu-latest.cumulocity.com/devicecontrol/operations/17583764', 'id': '17583764', 'status': 'PENDING', 'description': "Apply software changes, triggered from PySys: [{'name': 'rolldice', 'id': '5152439', 'version': '::apt', 'url': 'https://thin-edge-io.eu-latest.cumulocity.com/inventory/binaries/12435463', 'action': 'install'}]", 'c8y_SoftwareUpdate': [{'name': 'rolldice', 'action': 'install', 'id': '5152439', 'version': '::apt', 'url': 'https://thin-edge-io.eu-latest.cumulocity.com/inventory/binaries/12435463'}]}
14:14:38 WARN  , retrying in 0.5 seconds...
14:14:39 WARN  , retrying in 0.5 seconds...
14:14:39 WARN  , retrying in 0.5 seconds...
14:14:40 WARN  , retrying in 0.5 seconds...
14:14:40 WARN  , retrying in 0.5 seconds...
14:14:41 WARN  , retrying in 0.5 seconds...
14:14:41 WARN  , retrying in 0.5 seconds...
14:14:42 WARN  , retrying in 0.5 seconds...
14:14:42 WARN  , retrying in 0.5 seconds...
14:14:43 WARN  AssertionError occurred while running test - 
Traceback (most recent call last):
  File "/home/pi/env-pysys/lib/python3.7/site-packages/pysys/baserunner.py", line 1294, in __call__
    self.testObj.execute()
  File "/home/pi/actions-runner/_work/thin-edge.io/thin-edge.io/tests/PySys/software_management_end_to_end/sm_apt_install_download_path/run.py", line 83, in execute
    assert_install_in_download_path(install_directory=self.DOWNLOAD_DIR)
  File "/home/pi/env-pysys/lib/python3.7/site-packages/decorator.py", line 232, in fun
    return caller(func, *(extras + args), **kw)
  File "/home/pi/env-pysys/lib/python3.7/site-packages/retry/api.py", line 74, in retry_decorator
    logger)
  File "/home/pi/env-pysys/lib/python3.7/site-packages/retry/api.py", line 33, in __retry_internal
    return f()
  File "/home/pi/actions-runner/_work/thin-edge.io/thin-edge.io/tests/PySys/software_management_end_to_end/sm_apt_install_download_path/run.py", line 28, in assert_install_in_download_path
    assert "rolldice" in os.listdir(f"{install_directory}")
AssertionError
14:14:43 WARN  AssertionError: ... blocked 
14:14:43 INFO  
14:14:43 INFO  cleanup:
14:14:43 INFO  Executed sudo, exit status 0
14:14:44 INFO  Executed sudo, exit status 0
14:14:48 INFO  Executed sudo&lt;tedge_disconnect_c8y&gt;, exit status 0
14:14:49 INFO  Restarting mosquitto too frequently in the last 10 seconds. It was only up for 4 seconds
14:14:49 INFO  Delaying execution by 7 seconds
14:15:11 INFO  Executed sudo&lt;tedge_connect_c8y&gt;, exit status 0, duration 15 secs
14:15:15 INFO  Executed sudo&lt;tedge_disconnect_c8y&gt;, exit status 0
14:15:16 INFO  Executed systemctl&lt;serv_mapper5&gt;, exit status 3
14:15:16 INFO  
14:15:16 INFO  Test duration: 87.70 secs
14:15:16 INFO  Test final outcome:  BLOCKED
14:15:16 INFO  Test outcome reason: AssertionError: (+1 other failures)
14:15:16 INFO  
</system-out>
	</testcase>
<testcase classname="AptInstallWithDownloadPath" name="SoftwareManagement.sm_apt_install_download_path">
		<failure message="BLOCKED: AssertionError:" type="BLOCKED" />
		<system-out>14:37:48 INFO  ==============================================================
14:37:48 INFO  Id:    SoftwareManagement.sm_apt_install_download_path
14:37:48 INFO  Dir:   software_management_end_to_end/
14:37:48 INFO  Title: Install package to directory specified in tedge config set tmp.path
14:37:48 INFO  ==============================================================
14:37:49 INFO  Using sw id database: {'asciijump': '5475369', 'robotfindskitten': '5474869', 'squirrel3': '5475279', 'rolldice': '5152439', 'moon-buggy': '5439204', 'apple': '5495053', 'banana': '5494888', 'cherry': '5495382', 'watermelon': '5494510', 'registry': '8018911', 'hello-world': '8021526', 'docker/getting-started': '8021973', 'alpine': '7991792'}
14:37:49 INFO  EnvironmentC8y Setup
14:37:50 INFO  Executed systemctl&lt;serv_mapper1&gt;, exit status 3
14:38:04 INFO  Executed sudo&lt;tedge_connect_c8y&gt;, exit status 0, duration 14 secs
14:38:05 INFO  Executed sudo&lt;tedge_connect_c8y_test&gt;, exit status 0
14:38:06 INFO  Executed systemctl&lt;serv_mosq2&gt;, exit status 0
14:38:06 INFO  Executed systemctl&lt;serv_mapper3&gt;, exit status 0
14:38:08 INFO  State of current operation: FAILED
14:38:09 INFO  Assert that (False == value) with value=False ... passed
14:38:09 INFO  Executed sudo, exit status 0
14:38:10 INFO  Executed sudo, exit status 0
14:38:11 INFO  Executed sudo, exit status 0
14:38:15 INFO  Executed sudo&lt;tedge_disconnect_c8y&gt;, exit status 0
14:38:15 INFO  Restarting mosquitto too frequently in the last 10 seconds. It was only up for 3 seconds
14:38:15 INFO  Delaying execution by 8 seconds
14:38:37 INFO  Executed sudo&lt;tedge_connect_c8y&gt;, exit status 0, duration 14 secs
14:38:38 INFO  Response status: 201
14:38:38 INFO  Response to action: {
    "creationTime": "2022-04-21T14:38:38.231Z",
    "deviceName": "mythica",
    "deviceId": "17556832",
    "self": "https://t493319102.eu-latest.cumulocity.com/devicecontrol/operations/17588779",
    "id": "17588779",
    "status": "PENDING",
    "description": "Apply software changes, triggered from PySys: [{'name': 'rolldice', 'id': '5152439', 'version': '::apt', 'url': 'https://thin-edge-io.eu-latest.cumulocity.com/inventory/binaries/12435463', 'action': 'install'}]",
    "c8y_SoftwareUpdate": [
        {
            "name": "rolldice",
            "action": "install",
            "id": "5152439",
            "version": "::apt",
            "url": "https://thin-edge-io.eu-latest.cumulocity.com/inventory/binaries/12435463"
        }
    ]
}
14:38:38 INFO  Started operation: {'creationTime': '2022-04-21T14:38:38.231Z', 'deviceName': 'mythica', 'deviceId': '17556832', 'self': 'https://t493319102.eu-latest.cumulocity.com/devicecontrol/operations/17588779', 'id': '17588779', 'status': 'PENDING', 'description': "Apply software changes, triggered from PySys: [{'name': 'rolldice', 'id': '5152439', 'version': '::apt', 'url': 'https://thin-edge-io.eu-latest.cumulocity.com/inventory/binaries/12435463', 'action': 'install'}]", 'c8y_SoftwareUpdate': [{'name': 'rolldice', 'action': 'install', 'id': '5152439', 'version': '::apt', 'url': 'https://thin-edge-io.eu-latest.cumulocity.com/inventory/binaries/12435463'}]}
14:38:38 WARN  , retrying in 0.5 seconds...
14:38:38 WARN  , retrying in 0.5 seconds...
14:38:39 WARN  , retrying in 0.5 seconds...
14:38:39 WARN  , retrying in 0.5 seconds...
14:38:40 WARN  , retrying in 0.5 seconds...
14:38:40 WARN  , retrying in 0.5 seconds...
14:38:41 WARN  , retrying in 0.5 seconds...
14:38:41 WARN  , retrying in 0.5 seconds...
14:38:42 WARN  , retrying in 0.5 seconds...
14:38:42 WARN  AssertionError occurred while running test - 
Traceback (most recent call last):
  File "/home/pi/env-pysys/lib/python3.7/site-packages/pysys/baserunner.py", line 1294, in __call__
    self.testObj.execute()
  File "/home/pi/actions-runner/_work/thin-edge.io/thin-edge.io/tests/PySys/software_management_end_to_end/sm_apt_install_download_path/run.py", line 83, in execute
    assert_install_in_download_path(install_directory=self.DOWNLOAD_DIR)
  File "/home/pi/env-pysys/lib/python3.7/site-packages/decorator.py", line 232, in fun
    return caller(func, *(extras + args), **kw)
  File "/home/pi/env-pysys/lib/python3.7/site-packages/retry/api.py", line 74, in retry_decorator
    logger)
  File "/home/pi/env-pysys/lib/python3.7/site-packages/retry/api.py", line 33, in __retry_internal
    return f()
  File "/home/pi/actions-runner/_work/thin-edge.io/thin-edge.io/tests/PySys/software_management_end_to_end/sm_apt_install_download_path/run.py", line 28, in assert_install_in_download_path
    assert "rolldice" in os.listdir(f"{install_directory}")
AssertionError
14:38:42 WARN  AssertionError: ... blocked 
14:38:42 INFO  
14:38:42 INFO  cleanup:
14:38:43 INFO  Executed sudo, exit status 0
14:38:43 INFO  Executed sudo, exit status 0
14:38:48 INFO  Executed sudo&lt;tedge_disconnect_c8y&gt;, exit status 0
14:38:48 INFO  Restarting mosquitto too frequently in the last 10 seconds. It was only up for 3 seconds
14:38:48 INFO  Delaying execution by 8 seconds
14:39:13 INFO  Executed sudo&lt;tedge_connect_c8y&gt;, exit status 0, duration 16 secs
14:39:17 INFO  Executed sudo&lt;tedge_disconnect_c8y&gt;, exit status 0
14:39:18 INFO  Executed systemctl&lt;serv_mapper5&gt;, exit status 3
14:39:18 INFO  
14:39:18 INFO  Test duration: 90.11 secs
14:39:18 INFO  Test final outcome:  BLOCKED
14:39:18 INFO  Test outcome reason: AssertionError:
14:39:18 INFO  
</system-out>
	</testcase>
</testsuite><testsuite name="SoftwareManagement.sm_apt_install_fail" tests="3" errors="0" failures="0" skipped="1" time="0"><testcase classname="PySysTest" name="SoftwareManagement.sm_apt_install_fail">
		<skipped message="SKIPPED: Testing the apt plugin is not supported on this platform.Use parameter -XmyPlatform='container' to enable it" />
		<system-out>13:48:51 INFO  ==============================================================
13:48:51 INFO  Id:    SoftwareManagement.sm_apt_install_fail
13:48:51 INFO  Dir:   software_management_end_to_end/
13:48:51 INFO  Title: Validate end to end behaviour for a failing installation
13:48:51 INFO  ==============================================================
13:48:51 INFO  Testing the apt plugin is not supported on this platform.Use parameter -XmyPlatform='container' to enable it ... skipped
13:48:51 WARN  Aborted test due to SKIPPED outcome
13:48:51 INFO  
13:48:51 INFO  Test duration: 0.02 secs
13:48:51 INFO  Test final outcome:  SKIPPED
13:48:51 INFO  Test outcome reason: Testing the apt plugin is not supported on this platform.Use parameter -XmyPlatform='container' to enable it
13:48:51 INFO  
</system-out>
	</testcase>
<testcase classname="PySysTest" name="SoftwareManagement.sm_apt_install_fail" />
<testcase classname="PySysTest" name="SoftwareManagement.sm_apt_install_fail" />
</testsuite><testsuite name="SoftwareManagement.sm_apt_install_remove" tests="3" errors="0" failures="1" skipped="1" time="0"><testcase classname="PySysTest" name="SoftwareManagement.sm_apt_install_remove">
		<skipped message="SKIPPED: Testing the apt plugin is not supported on this platform.Use parameter -XmyPlatform='container' to enable it" />
		<system-out>13:48:51 INFO  ==============================================================
13:48:51 INFO  Id:    SoftwareManagement.sm_apt_install_remove
13:48:51 INFO  Dir:   software_management_end_to_end/
13:48:51 INFO  Title: Validate end to end behaviour for the apt plugin for installation and removal of packages
13:48:51 INFO  ==============================================================
13:48:51 INFO  Testing the apt plugin is not supported on this platform.Use parameter -XmyPlatform='container' to enable it ... skipped
13:48:51 WARN  Aborted test due to SKIPPED outcome
13:48:51 INFO  
13:48:51 INFO  Test duration: 0.02 secs
13:48:51 INFO  Test final outcome:  SKIPPED
13:48:51 INFO  Test outcome reason: Testing the apt plugin is not supported on this platform.Use parameter -XmyPlatform='container' to enable it
13:48:51 INFO  
</system-out>
	</testcase>
<testcase classname="PySysTest" name="SoftwareManagement.sm_apt_install_remove">
		<failure message="FAILED: Assert that (False == value) with value=True" type="FAILED" />
		<system-out>14:16:54 INFO  ==============================================================
14:16:54 INFO  Id:    SoftwareManagement.sm_apt_install_remove
14:16:54 INFO  Dir:   software_management_end_to_end/
14:16:54 INFO  Title: Validate end to end behaviour for the apt plugin for installation and removal of packages
14:16:54 INFO  ==============================================================
14:16:54 INFO  Using sw id database: {'asciijump': '5475369', 'robotfindskitten': '5474869', 'squirrel3': '5475279', 'rolldice': '5152439', 'moon-buggy': '5439204', 'apple': '5495053', 'banana': '5494888', 'cherry': '5495382', 'watermelon': '5494510', 'registry': '8018911', 'hello-world': '8021526', 'docker/getting-started': '8021973', 'alpine': '7991792'}
14:16:54 INFO  EnvironmentC8y Setup
14:16:55 INFO  Executed systemctl&lt;serv_mapper1&gt;, exit status 3
14:16:55 INFO  Restarting mosquitto too frequently in the last 10 seconds. It was only up for 5 seconds
14:16:55 INFO  Delaying execution by 6 seconds
14:17:15 INFO  Executed sudo&lt;tedge_connect_c8y&gt;, exit status 0, duration 14 secs
14:17:16 INFO  Executed sudo&lt;tedge_connect_c8y_test&gt;, exit status 0
14:17:16 INFO  Executed systemctl&lt;serv_mosq2&gt;, exit status 0
14:17:17 INFO  Executed systemctl&lt;serv_mapper3&gt;, exit status 0
14:17:19 INFO  State of current operation: FAILED
14:17:19 INFO  Package rolldice is installed
14:17:24 INFO  Package rolldice is installed
14:17:24 WARN  Assert that (False == value) with value=True ... failed 
14:17:24 INFO  Response status: 201
14:17:24 INFO  Response to action: {
    "creationTime": "2022-04-21T14:17:24.835Z",
    "deviceName": "mythica",
    "deviceId": "17556832",
    "self": "https://t493319102.eu-latest.cumulocity.com/devicecontrol/operations/17588197",
    "id": "17588197",
    "status": "PENDING",
    "description": "Apply software changes, triggered from PySys: [{'name': 'rolldice', 'id': '5152439', 'version': '::apt', 'url': '', 'action': 'install'}]",
    "c8y_SoftwareUpdate": [
        {
            "name": "rolldice",
            "action": "install",
            "id": "5152439",
            "version": "::apt",
            "url": ""
        }
    ]
}
14:17:24 INFO  Started operation: {'creationTime': '2022-04-21T14:17:24.835Z', 'deviceName': 'mythica', 'deviceId': '17556832', 'self': 'https://t493319102.eu-latest.cumulocity.com/devicecontrol/operations/17588197', 'id': '17588197', 'status': 'PENDING', 'description': "Apply software changes, triggered from PySys: [{'name': 'rolldice', 'id': '5152439', 'version': '::apt', 'url': '', 'action': 'install'}]", 'c8y_SoftwareUpdate': [{'name': 'rolldice', 'action': 'install', 'id': '5152439', 'version': '::apt', 'url': ''}]}
14:17:27 INFO  State of operation 17588197 : PENDING
14:17:29 INFO  State of operation 17588197 : EXECUTING
14:17:31 INFO  State of operation 17588197 : EXECUTING
14:17:33 INFO  State of operation 17588197 : EXECUTING
14:17:36 INFO  State of operation 17588197 : EXECUTING
14:17:38 INFO  State of operation 17588197 : EXECUTING
14:17:41 INFO  State of operation 17588197 : EXECUTING
14:17:45 INFO  State of operation 17588197 : EXECUTING
14:17:48 INFO  State of operation 17588197 : EXECUTING
14:17:50 INFO  State of operation 17588197 : EXECUTING
14:17:52 INFO  State of operation 17588197 : EXECUTING
14:17:54 INFO  State of operation 17588197 : EXECUTING
14:17:57 INFO  State of operation 17588197 : EXECUTING
14:17:59 INFO  State of operation 17588197 : EXECUTING
14:18:01 INFO  State of operation 17588197 : EXECUTING
14:18:04 INFO  State of operation 17588197 : EXECUTING
14:18:06 INFO  State of operation 17588197 : EXECUTING
14:18:09 INFO  State of operation 17588197 : EXECUTING
14:18:11 INFO  State of operation 17588197 : EXECUTING
14:18:14 INFO  State of operation 17588197 : EXECUTING
14:18:16 INFO  State of operation 17588197 : EXECUTING
14:18:18 INFO  State of operation 17588197 : EXECUTING
14:18:21 INFO  State of operation 17588197 : EXECUTING
14:18:23 INFO  State of operation 17588197 : EXECUTING
14:18:26 INFO  State of operation 17588197 : EXECUTING
14:18:28 INFO  State of operation 17588197 : EXECUTING
14:18:31 INFO  State of operation 17588197 : EXECUTING
14:18:33 INFO  State of operation 17588197 : EXECUTING
14:18:35 INFO  State of operation 17588197 : EXECUTING
14:18:37 INFO  State of operation 17588197 : EXECUTING
14:18:40 INFO  State of operation 17588197 : EXECUTING
14:18:42 INFO  State of operation 17588197 : EXECUTING
14:18:44 INFO  State of operation 17588197 : SUCCESSFUL
14:18:44 INFO  Package rolldice is installed
14:18:44 INFO  Assert that (True == value) with value=True ... passed
14:18:45 INFO  Response status: 201
14:18:45 INFO  Response to action: {
    "creationTime": "2022-04-21T14:18:45.358Z",
    "deviceName": "mythica",
    "deviceId": "17556832",
    "self": "https://t493319102.eu-latest.cumulocity.com/devicecontrol/operations/17588212",
    "id": "17588212",
    "status": "PENDING",
    "description": "Apply software changes, triggered from PySys: [{'name': 'rolldice', 'id': '5152439', 'version': '::apt', 'url': '', 'action': 'delete'}]",
    "c8y_SoftwareUpdate": [
        {
            "name": "rolldice",
            "action": "delete",
            "id": "5152439",
            "version": "::apt",
            "url": ""
        }
    ]
}
14:18:45 INFO  Started operation: {'creationTime': '2022-04-21T14:18:45.358Z', 'deviceName': 'mythica', 'deviceId': '17556832', 'self': 'https://t493319102.eu-latest.cumulocity.com/devicecontrol/operations/17588212', 'id': '17588212', 'status': 'PENDING', 'description': "Apply software changes, triggered from PySys: [{'name': 'rolldice', 'id': '5152439', 'version': '::apt', 'url': '', 'action': 'delete'}]", 'c8y_SoftwareUpdate': [{'name': 'rolldice', 'action': 'delete', 'id': '5152439', 'version': '::apt', 'url': ''}]}
14:18:47 INFO  State of operation 17588212 : PENDING
14:18:49 INFO  State of operation 17588212 : EXECUTING
14:18:52 INFO  State of operation 17588212 : EXECUTING
14:18:54 INFO  State of operation 17588212 : EXECUTING
14:18:56 INFO  State of operation 17588212 : EXECUTING
14:18:58 INFO  State of operation 17588212 : EXECUTING
14:19:01 INFO  State of operation 17588212 : EXECUTING
14:19:03 INFO  State of operation 17588212 : EXECUTING
14:19:06 INFO  State of operation 17588212 : EXECUTING
14:19:08 INFO  State of operation 17588212 : EXECUTING
14:19:10 INFO  State of operation 17588212 : EXECUTING
14:19:13 INFO  State of operation 17588212 : EXECUTING
14:19:15 INFO  State of operation 17588212 : EXECUTING
14:19:17 INFO  State of operation 17588212 : EXECUTING
14:19:19 INFO  State of operation 17588212 : EXECUTING
14:19:22 INFO  State of operation 17588212 : EXECUTING
14:19:24 INFO  State of operation 17588212 : EXECUTING
14:19:27 INFO  State of operation 17588212 : EXECUTING
14:19:29 INFO  State of operation 17588212 : EXECUTING
14:19:31 INFO  State of operation 17588212 : EXECUTING
14:19:34 INFO  State of operation 17588212 : EXECUTING
14:19:36 INFO  State of operation 17588212 : EXECUTING
14:19:38 INFO  State of operation 17588212 : SUCCESSFUL
14:19:38 INFO  Assert that (False == value) with value=False ... passed
14:19:38 INFO  
14:19:38 INFO  cleanup:
14:19:42 INFO  Executed sudo&lt;tedge_disconnect_c8y&gt;, exit status 0
14:19:43 INFO  Executed systemctl&lt;serv_mapper5&gt;, exit status 3
14:19:43 INFO  
14:19:43 INFO  Test duration: 168.97 secs
14:19:43 INFO  Test final outcome:  FAILED
14:19:43 INFO  Test outcome reason: Assert that (False == value) with value=True
14:19:43 INFO  
</system-out>
	</testcase>
<testcase classname="PySysTest" name="SoftwareManagement.sm_apt_install_remove" />
</testsuite><testsuite name="SoftwareManagement.sm_apt_install_remove_default" tests="3" errors="0" failures="0" skipped="1" time="0"><testcase classname="PySysTest" name="SoftwareManagement.sm_apt_install_remove_default">
		<skipped message="SKIPPED: Testing the apt plugin is not supported on this platform.Use parameter -XmyPlatform='container' to enable it" />
		<system-out>13:48:51 INFO  ==============================================================
13:48:51 INFO  Id:    SoftwareManagement.sm_apt_install_remove_default
13:48:51 INFO  Dir:   software_management_end_to_end/
13:48:51 INFO  Title: Validate end to end behaviour for the default plugin for installation and removal of packages
13:48:51 INFO  ==============================================================
13:48:51 INFO  Testing the apt plugin is not supported on this platform.Use parameter -XmyPlatform='container' to enable it ... skipped
13:48:51 WARN  Aborted test due to SKIPPED outcome
13:48:51 INFO  
13:48:51 INFO  Test duration: 0.02 secs
13:48:51 INFO  Test final outcome:  SKIPPED
13:48:51 INFO  Test outcome reason: Testing the apt plugin is not supported on this platform.Use parameter -XmyPlatform='container' to enable it
13:48:51 INFO  
</system-out>
	</testcase>
<testcase classname="PySysTest" name="SoftwareManagement.sm_apt_install_remove_default" />
<testcase classname="PySysTest" name="SoftwareManagement.sm_apt_install_remove_default" />
</testsuite><testsuite name="SoftwareManagement.sm_apt_install_remove_multiple" tests="3" errors="0" failures="2" skipped="1" time="0"><testcase classname="PySysTest" name="SoftwareManagement.sm_apt_install_remove_multiple">
		<skipped message="SKIPPED: Testing the apt plugin is not supported on this platform.Use parameter -XmyPlatform='container' to enable it" />
		<system-out>13:48:51 INFO  ==============================================================
13:48:51 INFO  Id:    SoftwareManagement.sm_apt_install_remove_multiple
13:48:51 INFO  Dir:   software_management_end_to_end/
13:48:51 INFO  Title: Validate end to end behaviour for the apt plugin for multiple packages
13:48:51 INFO  ==============================================================
13:48:51 INFO  Testing the apt plugin is not supported on this platform.Use parameter -XmyPlatform='container' to enable it ... skipped
13:48:51 WARN  Aborted test due to SKIPPED outcome
13:48:51 INFO  
13:48:51 INFO  Test duration: 0.02 secs
13:48:51 INFO  Test final outcome:  SKIPPED
13:48:51 INFO  Test outcome reason: Testing the apt plugin is not supported on this platform.Use parameter -XmyPlatform='container' to enable it
13:48:51 INFO  
</system-out>
	</testcase>
<testcase classname="PySysTest" name="SoftwareManagement.sm_apt_install_remove_multiple">
		<failure message="FAILED: Assert that (False == value) with value=True" type="FAILED" />
		<system-out>14:22:29 INFO  ==============================================================
14:22:29 INFO  Id:    SoftwareManagement.sm_apt_install_remove_multiple
14:22:29 INFO  Dir:   software_management_end_to_end/
14:22:29 INFO  Title: Validate end to end behaviour for the apt plugin for multiple packages
14:22:29 INFO  ==============================================================
14:22:29 INFO  Using sw id database: {'asciijump': '5475369', 'robotfindskitten': '5474869', 'squirrel3': '5475279', 'rolldice': '5152439', 'moon-buggy': '5439204', 'apple': '5495053', 'banana': '5494888', 'cherry': '5495382', 'watermelon': '5494510', 'registry': '8018911', 'hello-world': '8021526', 'docker/getting-started': '8021973', 'alpine': '7991792'}
14:22:29 INFO  EnvironmentC8y Setup
14:22:29 INFO  Executed systemctl&lt;serv_mapper1&gt;, exit status 3
14:22:29 INFO  Restarting mosquitto too frequently in the last 10 seconds. It was only up for 5 seconds
14:22:29 INFO  Delaying execution by 6 seconds
14:22:50 INFO  Executed sudo&lt;tedge_connect_c8y&gt;, exit status 0, duration 15 secs
14:22:51 INFO  Executed sudo&lt;tedge_connect_c8y_test&gt;, exit status 0
14:22:52 INFO  Executed systemctl&lt;serv_mosq2&gt;, exit status 0
14:22:52 INFO  Executed systemctl&lt;serv_mapper3&gt;, exit status 0
14:22:54 INFO  State of current operation: SUCCESSFUL
14:22:55 INFO  Assert that (False == value) with value=False ... passed
14:22:55 INFO  Assert that (False == value) with value=False ... passed
14:22:55 INFO  Assert that (False == value) with value=False ... passed
14:22:55 INFO  Package robotfindskitten is installed
14:22:55 WARN  Assert that (False == value) with value=True ... failed 
14:22:56 INFO  Response status: 201
14:22:56 INFO  Response to action: {
    "creationTime": "2022-04-21T14:22:55.970Z",
    "deviceName": "mythica",
    "deviceId": "17556832",
    "self": "https://t493319102.eu-latest.cumulocity.com/devicecontrol/operations/17588670",
    "id": "17588670",
    "status": "PENDING",
    "description": "Apply software changes, triggered from PySys: [{'action': 'install', 'id': '5475369', 'name': 'asciijump', 'url': ' ', 'version': '::apt'}, {'action': 'install', 'id': '5474869', 'name': 'robotfindskitten', 'url': ' ', 'version': '::apt'}, {'action': 'install', 'id': '5475279', 'name': 'squirrel3', 'url': ' ', 'version': '::apt'}]",
    "c8y_SoftwareUpdate": [
        {
            "name": "asciijump",
            "action": "install",
            "id": "5475369",
            "version": "::apt",
            "url": " "
        },
        {
            "name": "robotfindskitten",
            "action": "install",
            "id": "5474869",
            "version": "::apt",
            "url": " "
        },
        {
            "name": "squirrel3",
            "action": "install",
            "id": "5475279",
            "version": "::apt",
            "url": " "
        }
    ]
}
14:22:56 INFO  Started operation: {'creationTime': '2022-04-21T14:22:55.970Z', 'deviceName': 'mythica', 'deviceId': '17556832', 'self': 'https://t493319102.eu-latest.cumulocity.com/devicecontrol/operations/17588670', 'id': '17588670', 'status': 'PENDING', 'description': "Apply software changes, triggered from PySys: [{'action': 'install', 'id': '5475369', 'name': 'asciijump', 'url': ' ', 'version': '::apt'}, {'action': 'install', 'id': '5474869', 'name': 'robotfindskitten', 'url': ' ', 'version': '::apt'}, {'action': 'install', 'id': '5475279', 'name': 'squirrel3', 'url': ' ', 'version': '::apt'}]", 'c8y_SoftwareUpdate': [{'name': 'asciijump', 'action': 'install', 'id': '5475369', 'version': '::apt', 'url': ' '}, {'name': 'robotfindskitten', 'action': 'install', 'id': '5474869', 'version': '::apt', 'url': ' '}, {'name': 'squirrel3', 'action': 'install', 'id': '5475279', 'version': '::apt', 'url': ' '}]}
14:22:58 INFO  State of operation 17588670 : PENDING
14:23:00 INFO  State of operation 17588670 : EXECUTING
14:23:02 INFO  State of operation 17588670 : EXECUTING
14:23:04 INFO  State of operation 17588670 : EXECUTING
14:23:07 INFO  State of operation 17588670 : EXECUTING
14:23:09 INFO  State of operation 17588670 : EXECUTING
14:23:12 INFO  State of operation 17588670 : EXECUTING
14:23:14 INFO  State of operation 17588670 : EXECUTING
14:23:17 INFO  State of operation 17588670 : EXECUTING
14:23:19 INFO  State of operation 17588670 : EXECUTING
14:23:21 INFO  State of operation 17588670 : EXECUTING
14:23:24 INFO  State of operation 17588670 : EXECUTING
14:23:26 INFO  State of operation 17588670 : EXECUTING
14:23:29 INFO  State of operation 17588670 : EXECUTING
14:23:31 INFO  State of operation 17588670 : EXECUTING
14:23:33 INFO  State of operation 17588670 : EXECUTING
14:23:35 INFO  State of operation 17588670 : EXECUTING
14:23:38 INFO  State of operation 17588670 : EXECUTING
14:23:41 INFO  State of operation 17588670 : EXECUTING
14:23:43 INFO  State of operation 17588670 : EXECUTING
14:23:45 INFO  State of operation 17588670 : EXECUTING
14:23:47 INFO  State of operation 17588670 : EXECUTING
14:23:50 INFO  State of operation 17588670 : EXECUTING
14:23:53 INFO  State of operation 17588670 : EXECUTING
14:23:55 INFO  State of operation 17588670 : EXECUTING
14:23:57 INFO  State of operation 17588670 : EXECUTING
14:23:59 INFO  State of operation 17588670 : EXECUTING
14:24:02 INFO  State of operation 17588670 : EXECUTING
14:24:04 INFO  State of operation 17588670 : EXECUTING
14:24:07 INFO  State of operation 17588670 : EXECUTING
14:24:09 INFO  State of operation 17588670 : EXECUTING
14:24:11 INFO  State of operation 17588670 : EXECUTING
14:24:14 INFO  State of operation 17588670 : EXECUTING
14:24:16 INFO  State of operation 17588670 : EXECUTING
14:24:18 INFO  State of operation 17588670 : EXECUTING
14:24:20 INFO  State of operation 17588670 : EXECUTING
14:24:22 INFO  State of operation 17588670 : SUCCESSFUL
14:24:23 INFO  Assert that (False == value) with value=False ... passed
14:24:23 INFO  Package asciijump is installed
14:24:23 INFO  Assert that (True == value) with value=True ... passed
14:24:23 INFO  Package squirrel3 is installed
14:24:23 INFO  Assert that (True == value) with value=True ... passed
14:24:23 INFO  Package robotfindskitten is installed
14:24:23 INFO  Assert that (True == value) with value=True ... passed
14:24:24 INFO  Response status: 201
14:24:24 INFO  Response to action: {
    "creationTime": "2022-04-21T14:24:24.019Z",
    "deviceName": "mythica",
    "deviceId": "17556832",
    "self": "https://t493319102.eu-latest.cumulocity.com/devicecontrol/operations/17588678",
    "id": "17588678",
    "status": "PENDING",
    "description": "Apply software changes, triggered from PySys: [{'action': 'delete', 'id': '5475369', 'name': 'asciijump', 'url': ' ', 'version': '::apt'}, {'action': 'delete', 'id': '5474869', 'name': 'robotfindskitten', 'url': ' ', 'version': '::apt'}, {'action': 'delete', 'id': '5475279', 'name': 'squirrel3', 'url': ' ', 'version': '::apt'}]",
    "c8y_SoftwareUpdate": [
        {
            "name": "asciijump",
            "action": "delete",
            "id": "5475369",
            "version": "::apt",
            "url": " "
        },
        {
            "name": "robotfindskitten",
            "action": "delete",
            "id": "5474869",
            "version": "::apt",
            "url": " "
        },
        {
            "name": "squirrel3",
            "action": "delete",
            "id": "5475279",
            "version": "::apt",
            "url": " "
        }
    ]
}
14:24:24 INFO  Started operation: {'creationTime': '2022-04-21T14:24:24.019Z', 'deviceName': 'mythica', 'deviceId': '17556832', 'self': 'https://t493319102.eu-latest.cumulocity.com/devicecontrol/operations/17588678', 'id': '17588678', 'status': 'PENDING', 'description': "Apply software changes, triggered from PySys: [{'action': 'delete', 'id': '5475369', 'name': 'asciijump', 'url': ' ', 'version': '::apt'}, {'action': 'delete', 'id': '5474869', 'name': 'robotfindskitten', 'url': ' ', 'version': '::apt'}, {'action': 'delete', 'id': '5475279', 'name': 'squirrel3', 'url': ' ', 'version': '::apt'}]", 'c8y_SoftwareUpdate': [{'name': 'asciijump', 'action': 'delete', 'id': '5475369', 'version': '::apt', 'url': ' '}, {'name': 'robotfindskitten', 'action': 'delete', 'id': '5474869', 'version': '::apt', 'url': ' '}, {'name': 'squirrel3', 'action': 'delete', 'id': '5475279', 'version': '::apt', 'url': ' '}]}
14:24:26 INFO  State of operation 17588678 : PENDING
14:24:28 INFO  State of operation 17588678 : EXECUTING
14:24:30 INFO  State of operation 17588678 : EXECUTING
14:24:32 INFO  State of operation 17588678 : EXECUTING
14:24:35 INFO  State of operation 17588678 : EXECUTING
14:24:37 INFO  State of operation 17588678 : EXECUTING
14:24:40 INFO  State of operation 17588678 : EXECUTING
14:24:42 INFO  State of operation 17588678 : EXECUTING
14:24:45 INFO  State of operation 17588678 : EXECUTING
14:24:47 INFO  State of operation 17588678 : EXECUTING
14:24:49 INFO  State of operation 17588678 : EXECUTING
14:24:52 INFO  State of operation 17588678 : EXECUTING
14:24:54 INFO  State of operation 17588678 : EXECUTING
14:24:56 INFO  State of operation 17588678 : EXECUTING
14:24:58 INFO  State of operation 17588678 : EXECUTING
14:25:01 INFO  State of operation 17588678 : EXECUTING
14:25:03 INFO  State of operation 17588678 : EXECUTING
14:25:05 INFO  State of operation 17588678 : EXECUTING
14:25:09 INFO  State of operation 17588678 : EXECUTING
14:25:11 INFO  State of operation 17588678 : EXECUTING
14:25:13 INFO  State of operation 17588678 : EXECUTING
14:25:16 INFO  State of operation 17588678 : EXECUTING
14:25:18 INFO  State of operation 17588678 : EXECUTING
14:25:20 INFO  State of operation 17588678 : EXECUTING
14:25:22 INFO  State of operation 17588678 : EXECUTING
14:25:25 INFO  State of operation 17588678 : EXECUTING
14:25:28 INFO  State of operation 17588678 : EXECUTING
14:25:30 INFO  State of operation 17588678 : EXECUTING
14:25:32 INFO  State of operation 17588678 : SUCCESSFUL
14:25:32 INFO  Assert that (False == value) with value=False ... passed
14:25:33 INFO  Assert that (False == value) with value=False ... passed
14:25:33 INFO  Assert that (False == value) with value=False ... passed
14:25:33 INFO  Assert that (False == value) with value=False ... passed
14:25:33 INFO  
14:25:33 INFO  cleanup:
14:25:38 INFO  Executed sudo&lt;tedge_disconnect_c8y&gt;, exit status 0
14:25:39 INFO  Executed systemctl&lt;serv_mapper5&gt;, exit status 3
14:25:39 INFO  
14:25:39 INFO  Test duration: 189.82 secs
14:25:39 INFO  Test final outcome:  FAILED
14:25:39 INFO  Test outcome reason: Assert that (False == value) with value=True
14:25:39 INFO  
</system-out>
	</testcase>
<testcase classname="PySysTest" name="SoftwareManagement.sm_apt_install_remove_multiple">
		<failure message="FAILED: Assert that (False == value) with value=True (+2 other failures)" type="FAILED" />
		<system-out>14:46:05 INFO  ==============================================================
14:46:05 INFO  Id:    SoftwareManagement.sm_apt_install_remove_multiple
14:46:05 INFO  Dir:   software_management_end_to_end/
14:46:05 INFO  Title: Validate end to end behaviour for the apt plugin for multiple packages
14:46:05 INFO  ==============================================================
14:46:05 INFO  Using sw id database: {'asciijump': '5475369', 'robotfindskitten': '5474869', 'squirrel3': '5475279', 'rolldice': '5152439', 'moon-buggy': '5439204', 'apple': '5495053', 'banana': '5494888', 'cherry': '5495382', 'watermelon': '5494510', 'registry': '8018911', 'hello-world': '8021526', 'docker/getting-started': '8021973', 'alpine': '7991792'}
14:46:05 INFO  EnvironmentC8y Setup
14:46:05 INFO  Executed systemctl&lt;serv_mapper1&gt;, exit status 3
14:46:05 INFO  Restarting mosquitto too frequently in the last 10 seconds. It was only up for 4 seconds
14:46:05 INFO  Delaying execution by 7 seconds
14:46:27 INFO  Executed sudo&lt;tedge_connect_c8y&gt;, exit status 0, duration 14 secs
14:46:28 INFO  Executed sudo&lt;tedge_connect_c8y_test&gt;, exit status 0
14:46:28 INFO  Executed systemctl&lt;serv_mosq2&gt;, exit status 0
14:46:29 INFO  Executed systemctl&lt;serv_mapper3&gt;, exit status 0
14:46:31 INFO  State of current operation: SUCCESSFUL
14:46:31 INFO  Assert that (False == value) with value=False ... passed
14:46:31 INFO  Package asciijump is installed
14:46:32 WARN  Assert that (False == value) with value=True ... failed 
14:46:32 INFO  Package squirrel3 is installed
14:46:32 WARN  Assert that (False == value) with value=True ... failed 
14:46:32 INFO  Package robotfindskitten is installed
14:46:32 WARN  Assert that (False == value) with value=True ... failed 
14:46:32 INFO  Response status: 201
14:46:32 INFO  Response to action: {
    "creationTime": "2022-04-21T14:46:32.829Z",
    "deviceName": "mythica",
    "deviceId": "17556832",
    "self": "https://t493319102.eu-latest.cumulocity.com/devicecontrol/operations/17588853",
    "id": "17588853",
    "status": "PENDING",
    "description": "Apply software changes, triggered from PySys: [{'action': 'install', 'id': '5475369', 'name': 'asciijump', 'url': ' ', 'version': '::apt'}, {'action': 'install', 'id': '5474869', 'name': 'robotfindskitten', 'url': ' ', 'version': '::apt'}, {'action': 'install', 'id': '5475279', 'name': 'squirrel3', 'url': ' ', 'version': '::apt'}]",
    "c8y_SoftwareUpdate": [
        {
            "name": "asciijump",
            "action": "install",
            "id": "5475369",
            "version": "::apt",
            "url": " "
        },
        {
            "name": "robotfindskitten",
            "action": "install",
            "id": "5474869",
            "version": "::apt",
            "url": " "
        },
        {
            "name": "squirrel3",
            "action": "install",
            "id": "5475279",
            "version": "::apt",
            "url": " "
        }
    ]
}
14:46:32 INFO  Started operation: {'creationTime': '2022-04-21T14:46:32.829Z', 'deviceName': 'mythica', 'deviceId': '17556832', 'self': 'https://t493319102.eu-latest.cumulocity.com/devicecontrol/operations/17588853', 'id': '17588853', 'status': 'PENDING', 'description': "Apply software changes, triggered from PySys: [{'action': 'install', 'id': '5475369', 'name': 'asciijump', 'url': ' ', 'version': '::apt'}, {'action': 'install', 'id': '5474869', 'name': 'robotfindskitten', 'url': ' ', 'version': '::apt'}, {'action': 'install', 'id': '5475279', 'name': 'squirrel3', 'url': ' ', 'version': '::apt'}]", 'c8y_SoftwareUpdate': [{'name': 'asciijump', 'action': 'install', 'id': '5475369', 'version': '::apt', 'url': ' '}, {'name': 'robotfindskitten', 'action': 'install', 'id': '5474869', 'version': '::apt', 'url': ' '}, {'name': 'squirrel3', 'action': 'install', 'id': '5475279', 'version': '::apt', 'url': ' '}]}
14:46:35 INFO  State of operation 17588853 : PENDING
14:46:37 INFO  State of operation 17588853 : EXECUTING
14:46:39 INFO  State of operation 17588853 : EXECUTING
14:46:41 INFO  State of operation 17588853 : EXECUTING
14:46:43 INFO  State of operation 17588853 : EXECUTING
14:46:46 INFO  State of operation 17588853 : EXECUTING
14:46:48 INFO  State of operation 17588853 : EXECUTING
14:46:51 INFO  State of operation 17588853 : EXECUTING
14:46:53 INFO  State of operation 17588853 : EXECUTING
14:46:56 INFO  State of operation 17588853 : EXECUTING
14:46:58 INFO  State of operation 17588853 : EXECUTING
14:47:00 INFO  State of operation 17588853 : EXECUTING
14:47:03 INFO  State of operation 17588853 : EXECUTING
14:47:05 INFO  State of operation 17588853 : EXECUTING
14:47:07 INFO  State of operation 17588853 : EXECUTING
14:47:09 INFO  State of operation 17588853 : SUCCESSFUL
14:47:10 INFO  Assert that (False == value) with value=False ... passed
14:47:10 INFO  Package asciijump is installed
14:47:10 INFO  Assert that (True == value) with value=True ... passed
14:47:10 INFO  Package squirrel3 is installed
14:47:10 INFO  Assert that (True == value) with value=True ... passed
14:47:10 INFO  Package robotfindskitten is installed
14:47:10 INFO  Assert that (True == value) with value=True ... passed
14:47:10 INFO  Response status: 201
14:47:10 INFO  Response to action: {
    "creationTime": "2022-04-21T14:47:10.950Z",
    "deviceName": "mythica",
    "deviceId": "17556832",
    "self": "https://t493319102.eu-latest.cumulocity.com/devicecontrol/operations/17588863",
    "id": "17588863",
    "status": "PENDING",
    "description": "Apply software changes, triggered from PySys: [{'action': 'delete', 'id': '5475369', 'name': 'asciijump', 'url': ' ', 'version': '::apt'}, {'action': 'delete', 'id': '5474869', 'name': 'robotfindskitten', 'url': ' ', 'version': '::apt'}, {'action': 'delete', 'id': '5475279', 'name': 'squirrel3', 'url': ' ', 'version': '::apt'}]",
    "c8y_SoftwareUpdate": [
        {
            "name": "asciijump",
            "action": "delete",
            "id": "5475369",
            "version": "::apt",
            "url": " "
        },
        {
            "name": "robotfindskitten",
            "action": "delete",
            "id": "5474869",
            "version": "::apt",
            "url": " "
        },
        {
            "name": "squirrel3",
            "action": "delete",
            "id": "5475279",
            "version": "::apt",
            "url": " "
        }
    ]
}
14:47:10 INFO  Started operation: {'creationTime': '2022-04-21T14:47:10.950Z', 'deviceName': 'mythica', 'deviceId': '17556832', 'self': 'https://t493319102.eu-latest.cumulocity.com/devicecontrol/operations/17588863', 'id': '17588863', 'status': 'PENDING', 'description': "Apply software changes, triggered from PySys: [{'action': 'delete', 'id': '5475369', 'name': 'asciijump', 'url': ' ', 'version': '::apt'}, {'action': 'delete', 'id': '5474869', 'name': 'robotfindskitten', 'url': ' ', 'version': '::apt'}, {'action': 'delete', 'id': '5475279', 'name': 'squirrel3', 'url': ' ', 'version': '::apt'}]", 'c8y_SoftwareUpdate': [{'name': 'asciijump', 'action': 'delete', 'id': '5475369', 'version': '::apt', 'url': ' '}, {'name': 'robotfindskitten', 'action': 'delete', 'id': '5474869', 'version': '::apt', 'url': ' '}, {'name': 'squirrel3', 'action': 'delete', 'id': '5475279', 'version': '::apt', 'url': ' '}]}
14:47:13 INFO  State of operation 17588863 : PENDING
14:47:15 INFO  State of operation 17588863 : EXECUTING
14:47:17 INFO  State of operation 17588863 : EXECUTING
14:47:20 INFO  State of operation 17588863 : EXECUTING
14:47:22 INFO  State of operation 17588863 : EXECUTING
14:47:24 INFO  State of operation 17588863 : EXECUTING
14:47:27 INFO  State of operation 17588863 : EXECUTING
14:47:30 INFO  State of operation 17588863 : EXECUTING
14:47:32 INFO  State of operation 17588863 : EXECUTING
14:47:34 INFO  State of operation 17588863 : EXECUTING
14:47:37 INFO  State of operation 17588863 : EXECUTING
14:47:39 INFO  State of operation 17588863 : EXECUTING
14:47:41 INFO  State of operation 17588863 : EXECUTING
14:47:43 INFO  State of operation 17588863 : EXECUTING
14:47:45 INFO  State of operation 17588863 : EXECUTING
14:47:48 INFO  State of operation 17588863 : EXECUTING
14:47:50 INFO  State of operation 17588863 : EXECUTING
14:47:52 INFO  State of operation 17588863 : EXECUTING
14:47:55 INFO  State of operation 17588863 : EXECUTING
14:47:57 INFO  State of operation 17588863 : EXECUTING
14:48:00 INFO  State of operation 17588863 : EXECUTING
14:48:02 INFO  State of operation 17588863 : EXECUTING
14:48:04 INFO  State of operation 17588863 : EXECUTING
14:48:06 INFO  State of operation 17588863 : EXECUTING
14:48:09 INFO  State of operation 17588863 : EXECUTING
14:48:11 INFO  State of operation 17588863 : EXECUTING
14:48:14 INFO  State of operation 17588863 : EXECUTING
14:48:16 INFO  State of operation 17588863 : EXECUTING
14:48:18 INFO  State of operation 17588863 : EXECUTING
14:48:20 INFO  State of operation 17588863 : SUCCESSFUL
14:48:21 INFO  Assert that (False == value) with value=False ... passed
14:48:21 INFO  Assert that (False == value) with value=False ... passed
14:48:21 INFO  Assert that (False == value) with value=False ... passed
14:48:21 INFO  Assert that (False == value) with value=False ... passed
14:48:21 INFO  
14:48:21 INFO  cleanup:
14:48:25 INFO  Executed sudo&lt;tedge_disconnect_c8y&gt;, exit status 0
14:48:26 INFO  Executed systemctl&lt;serv_mapper5&gt;, exit status 3
14:48:26 INFO  
14:48:26 INFO  Test duration: 141.51 secs
14:48:26 INFO  Test final outcome:  FAILED
14:48:26 INFO  Test outcome reason: Assert that (False == value) with value=True (+2 other failures)
14:48:26 INFO  
</system-out>
	</testcase>
</testsuite><testsuite name="SoftwareManagement.sm_apt_install_remove_multiple_mixed" tests="3" errors="0" failures="2" skipped="1" time="0"><testcase classname="PySysTest" name="SoftwareManagement.sm_apt_install_remove_multiple_mixed">
		<skipped message="SKIPPED: Testing the apt plugin is not supported on this platform.Use parameter -XmyPlatform='container' to enable it" />
		<system-out>13:48:51 INFO  ==============================================================
13:48:51 INFO  Id:    SoftwareManagement.sm_apt_install_remove_multiple_mixed
13:48:51 INFO  Dir:   software_management_end_to_end/
13:48:51 INFO  Title: Validate end to end behaviour for the apt plugin for multiple packages with mixed versions
13:48:51 INFO  ==============================================================
13:48:51 INFO  Testing the apt plugin is not supported on this platform.Use parameter -XmyPlatform='container' to enable it ... skipped
13:48:51 WARN  Aborted test due to SKIPPED outcome
13:48:51 INFO  
13:48:51 INFO  Test duration: 0.02 secs
13:48:51 INFO  Test final outcome:  SKIPPED
13:48:51 INFO  Test outcome reason: Testing the apt plugin is not supported on this platform.Use parameter -XmyPlatform='container' to enable it
13:48:51 INFO  
</system-out>
	</testcase>
<testcase classname="PySysTest" name="SoftwareManagement.sm_apt_install_remove_multiple_mixed">
		<failure message="BLOCKED: SystemError: Timeout while waiting for status SUCCESSFUL or False" type="BLOCKED" />
		<system-out>14:25:39 INFO  ==============================================================
14:25:39 INFO  Id:    SoftwareManagement.sm_apt_install_remove_multiple_mixed
14:25:39 INFO  Dir:   software_management_end_to_end/
14:25:39 INFO  Title: Validate end to end behaviour for the apt plugin for multiple packages with mixed versions
14:25:39 INFO  ==============================================================
14:25:39 INFO  Using sw id database: {'asciijump': '5475369', 'robotfindskitten': '5474869', 'squirrel3': '5475279', 'rolldice': '5152439', 'moon-buggy': '5439204', 'apple': '5495053', 'banana': '5494888', 'cherry': '5495382', 'watermelon': '5494510', 'registry': '8018911', 'hello-world': '8021526', 'docker/getting-started': '8021973', 'alpine': '7991792'}
14:25:39 INFO  EnvironmentC8y Setup
14:25:39 INFO  Executed systemctl&lt;serv_mapper1&gt;, exit status 3
14:25:39 INFO  Restarting mosquitto too frequently in the last 10 seconds. It was only up for 6 seconds
14:25:39 INFO  Delaying execution by 5 seconds
14:25:59 INFO  Executed sudo&lt;tedge_connect_c8y&gt;, exit status 0, duration 14 secs
14:25:59 INFO  Executed sudo&lt;tedge_connect_c8y_test&gt;, exit status 0
14:26:00 INFO  Executed systemctl&lt;serv_mosq2&gt;, exit status 0
14:26:01 INFO  Executed systemctl&lt;serv_mapper3&gt;, exit status 0
14:26:03 INFO  State of current operation: SUCCESSFUL
14:26:03 INFO  Assert that (False == value) with value=False ... passed
14:26:03 INFO  Assert that (False == value) with value=False ... passed
14:26:03 INFO  Assert that (False == value) with value=False ... passed
14:26:04 INFO  Assert that (False == value) with value=False ... passed
14:26:04 INFO  Assert that (False == value) with value=False ... passed
14:26:05 INFO  Response status: 201
14:26:05 INFO  Response to action: {
    "creationTime": "2022-04-21T14:26:05.580Z",
    "deviceName": "mythica",
    "deviceId": "17556832",
    "self": "https://t493319102.eu-latest.cumulocity.com/devicecontrol/operations/17588686",
    "id": "17588686",
    "status": "PENDING",
    "description": "Apply software changes, triggered from PySys: [{'action': 'install', 'id': '5475369', 'name': 'asciijump', 'url': ' ', 'version': '::apt'}, {'action': 'install', 'id': '5474869', 'name': 'robotfindskitten', 'url': ' ', 'version': ' '}, {'action': 'install', 'id': '5475279', 'name': 'squirrel3', 'url': ' ', 'version': '3.1-7::apt'}, {'action': 'install', 'id': '5152439', 'name': 'rolldice', 'url': ' ', 'version': '1.16-1+b1'}, {'action': 'install', 'id': '5439204', 'name': 'moon-buggy', 'url': ' ', 'version': '1:1.0.51-12'}, {'action': 'install', 'id': '5475369', 'name': 'asciijump', 'url': ' ', 'version': '::apt'}]",
    "c8y_SoftwareUpdate": [
        {
            "name": "asciijump",
            "action": "install",
            "id": "5475369",
            "version": "::apt",
            "url": " "
        },
        {
            "name": "robotfindskitten",
            "action": "install",
            "id": "5474869",
            "version": " ",
            "url": " "
        },
        {
            "name": "squirrel3",
            "action": "install",
            "id": "5475279",
            "version": "3.1-7::apt",
            "url": " "
        },
        {
            "name": "rolldice",
            "action": "install",
            "id": "5152439",
            "version": "1.16-1+b1",
            "url": " "
        },
        {
            "name": "moon-buggy",
            "action": "install",
            "id": "5439204",
            "version": "1:1.0.51-12",
            "url": " "
        },
        {
            "name": "asciijump",
            "action": "install",
            "id": "5475369",
            "version": "::apt",
            "url": " "
        }
    ]
}
14:26:05 INFO  Started operation: {'creationTime': '2022-04-21T14:26:05.580Z', 'deviceName': 'mythica', 'deviceId': '17556832', 'self': 'https://t493319102.eu-latest.cumulocity.com/devicecontrol/operations/17588686', 'id': '17588686', 'status': 'PENDING', 'description': "Apply software changes, triggered from PySys: [{'action': 'install', 'id': '5475369', 'name': 'asciijump', 'url': ' ', 'version': '::apt'}, {'action': 'install', 'id': '5474869', 'name': 'robotfindskitten', 'url': ' ', 'version': ' '}, {'action': 'install', 'id': '5475279', 'name': 'squirrel3', 'url': ' ', 'version': '3.1-7::apt'}, {'action': 'install', 'id': '5152439', 'name': 'rolldice', 'url': ' ', 'version': '1.16-1+b1'}, {'action': 'install', 'id': '5439204', 'name': 'moon-buggy', 'url': ' ', 'version': '1:1.0.51-12'}, {'action': 'install', 'id': '5475369', 'name': 'asciijump', 'url': ' ', 'version': '::apt'}]", 'c8y_SoftwareUpdate': [{'name': 'asciijump', 'action': 'install', 'id': '5475369', 'version': '::apt', 'url': ' '}, {'name': 'robotfindskitten', 'action': 'install', 'id': '5474869', 'version': ' ', 'url': ' '}, {'name': 'squirrel3', 'action': 'install', 'id': '5475279', 'version': '3.1-7::apt', 'url': ' '}, {'name': 'rolldice', 'action': 'install', 'id': '5152439', 'version': '1.16-1+b1', 'url': ' '}, {'name': 'moon-buggy', 'action': 'install', 'id': '5439204', 'version': '1:1.0.51-12', 'url': ' '}, {'name': 'asciijump', 'action': 'install', 'id': '5475369', 'version': '::apt', 'url': ' '}]}
14:26:07 INFO  State of operation 17588686 : PENDING
14:26:10 INFO  State of operation 17588686 : EXECUTING
14:26:12 INFO  State of operation 17588686 : EXECUTING
14:26:14 INFO  State of operation 17588686 : EXECUTING
14:26:16 INFO  State of operation 17588686 : EXECUTING
14:26:19 INFO  State of operation 17588686 : EXECUTING
14:26:22 INFO  State of operation 17588686 : EXECUTING
14:26:24 INFO  State of operation 17588686 : EXECUTING
14:26:27 INFO  State of operation 17588686 : EXECUTING
14:26:29 INFO  State of operation 17588686 : EXECUTING
14:26:32 INFO  State of operation 17588686 : EXECUTING
14:26:34 INFO  State of operation 17588686 : EXECUTING
14:26:36 INFO  State of operation 17588686 : EXECUTING
14:26:38 INFO  State of operation 17588686 : EXECUTING
14:26:40 INFO  State of operation 17588686 : EXECUTING
14:26:43 INFO  State of operation 17588686 : EXECUTING
14:26:45 INFO  State of operation 17588686 : EXECUTING
14:26:49 INFO  State of operation 17588686 : EXECUTING
14:26:51 INFO  State of operation 17588686 : EXECUTING
14:26:53 INFO  State of operation 17588686 : EXECUTING
14:26:55 INFO  State of operation 17588686 : EXECUTING
14:26:58 INFO  State of operation 17588686 : EXECUTING
14:27:00 INFO  State of operation 17588686 : EXECUTING
14:27:03 INFO  State of operation 17588686 : EXECUTING
14:27:05 INFO  State of operation 17588686 : EXECUTING
14:27:07 INFO  State of operation 17588686 : EXECUTING
14:27:10 INFO  State of operation 17588686 : EXECUTING
14:27:12 INFO  State of operation 17588686 : EXECUTING
14:27:14 INFO  State of operation 17588686 : EXECUTING
14:27:17 INFO  State of operation 17588686 : EXECUTING
14:27:19 INFO  State of operation 17588686 : EXECUTING
14:27:22 INFO  State of operation 17588686 : EXECUTING
14:27:24 INFO  State of operation 17588686 : EXECUTING
14:27:26 INFO  State of operation 17588686 : EXECUTING
14:27:28 INFO  State of operation 17588686 : EXECUTING
14:27:31 INFO  State of operation 17588686 : EXECUTING
14:27:33 INFO  State of operation 17588686 : EXECUTING
14:27:35 INFO  State of operation 17588686 : EXECUTING
14:27:38 INFO  State of operation 17588686 : EXECUTING
14:27:41 INFO  State of operation 17588686 : EXECUTING
14:27:43 INFO  State of operation 17588686 : EXECUTING
14:27:45 INFO  State of operation 17588686 : EXECUTING
14:27:47 INFO  State of operation 17588686 : EXECUTING
14:27:50 INFO  State of operation 17588686 : EXECUTING
14:27:52 INFO  State of operation 17588686 : EXECUTING
14:27:54 INFO  State of operation 17588686 : EXECUTING
14:27:56 INFO  State of operation 17588686 : EXECUTING
14:27:59 INFO  State of operation 17588686 : EXECUTING
14:28:01 INFO  State of operation 17588686 : EXECUTING
14:28:03 INFO  State of operation 17588686 : EXECUTING
14:28:07 INFO  State of operation 17588686 : EXECUTING
14:28:09 INFO  State of operation 17588686 : EXECUTING
14:28:11 INFO  State of operation 17588686 : EXECUTING
14:28:14 INFO  State of operation 17588686 : EXECUTING
14:28:16 INFO  State of operation 17588686 : EXECUTING
14:28:18 INFO  State of operation 17588686 : EXECUTING
14:28:21 INFO  State of operation 17588686 : EXECUTING
14:28:23 INFO  State of operation 17588686 : EXECUTING
14:28:25 INFO  State of operation 17588686 : EXECUTING
14:28:28 INFO  State of operation 17588686 : EXECUTING
14:28:30 INFO  State of operation 17588686 : EXECUTING
14:28:32 WARN  SystemError occurred while running test - Timeout while waiting for status SUCCESSFUL or False
Traceback (most recent call last):
  File "/home/pi/env-pysys/lib/python3.7/site-packages/pysys/baserunner.py", line 1294, in __call__
    self.testObj.execute()
  File "/home/pi/actions-runner/_work/thin-edge.io/thin-edge.io/tests/PySys/software_management_end_to_end/sm_apt_install_remove_multiple_mixed/run.py", line 89, in execute
    self.wait_until_succcess()
  File "/home/pi/actions-runner/_work/thin-edge.io/thin-edge.io/tests/PySys/software_management_end_to_end/environment_sm_management.py", line 324, in wait_until_succcess
    self.wait_until_status("SUCCESSFUL")
  File "/home/pi/actions-runner/_work/thin-edge.io/thin-edge.io/tests/PySys/software_management_end_to_end/environment_sm_management.py", line 381, in wait_until_status
    "Timeout while waiting for status %s or %s" % (status, status2)
SystemError: Timeout while waiting for status SUCCESSFUL or False
14:28:32 WARN  SystemError: Timeout while waiting for status SUCCESSFUL or False ... blocked 
14:28:32 INFO  
14:28:32 INFO  cleanup:
14:28:36 INFO  Executed sudo&lt;tedge_disconnect_c8y&gt;, exit status 0
14:28:37 INFO  Executed systemctl&lt;serv_mapper5&gt;, exit status 3
14:28:37 INFO  
14:28:37 INFO  Test duration: 178.68 secs
14:28:37 INFO  Test final outcome:  BLOCKED
14:28:37 INFO  Test outcome reason: SystemError: Timeout while waiting for status SUCCESSFUL or False
14:28:37 INFO  
</system-out>
	</testcase>
<testcase classname="PySysTest" name="SoftwareManagement.sm_apt_install_remove_multiple_mixed">
		<failure message="BLOCKED: SystemError: Timeout while waiting for status SUCCESSFUL or False (+1 other failures)" type="BLOCKED" />
		<system-out>14:48:26 INFO  ==============================================================
14:48:26 INFO  Id:    SoftwareManagement.sm_apt_install_remove_multiple_mixed
14:48:26 INFO  Dir:   software_management_end_to_end/
14:48:26 INFO  Title: Validate end to end behaviour for the apt plugin for multiple packages with mixed versions
14:48:26 INFO  ==============================================================
14:48:26 INFO  Using sw id database: {'asciijump': '5475369', 'robotfindskitten': '5474869', 'squirrel3': '5475279', 'rolldice': '5152439', 'moon-buggy': '5439204', 'apple': '5495053', 'banana': '5494888', 'cherry': '5495382', 'watermelon': '5494510', 'registry': '8018911', 'hello-world': '8021526', 'docker/getting-started': '8021973', 'alpine': '7991792'}
14:48:26 INFO  EnvironmentC8y Setup
14:48:27 INFO  Executed systemctl&lt;serv_mapper1&gt;, exit status 3
14:48:27 INFO  Restarting mosquitto too frequently in the last 10 seconds. It was only up for 5 seconds
14:48:27 INFO  Delaying execution by 6 seconds
14:48:47 INFO  Executed sudo&lt;tedge_connect_c8y&gt;, exit status 0, duration 14 secs
14:48:48 INFO  Executed sudo&lt;tedge_connect_c8y_test&gt;, exit status 0
14:48:49 INFO  Executed systemctl&lt;serv_mosq2&gt;, exit status 0
14:48:49 INFO  Executed systemctl&lt;serv_mapper3&gt;, exit status 0
14:48:51 INFO  State of current operation: SUCCESSFUL
14:48:52 INFO  Assert that (False == value) with value=False ... passed
14:48:52 INFO  Assert that (False == value) with value=False ... passed
14:48:52 INFO  Assert that (False == value) with value=False ... passed
14:48:52 INFO  Assert that (False == value) with value=False ... passed
14:48:52 INFO  Package moon-buggy is installed
14:48:53 WARN  Assert that (False == value) with value=True ... failed 
14:48:54 INFO  Response status: 201
14:48:54 INFO  Response to action: {
    "delivery": {
        "time": "2022-04-21T14:48:54.223Z",
        "log": [],
        "status": "PENDING"
    },
    "creationTime": "2022-04-21T14:48:54.209Z",
    "deviceName": "mythica",
    "deviceId": "17556832",
    "self": "https://t493319102.eu-latest.cumulocity.com/devicecontrol/operations/17588876",
    "id": "17588876",
    "status": "PENDING",
    "description": "Apply software changes, triggered from PySys: [{'action': 'install', 'id': '5475369', 'name': 'asciijump', 'url': ' ', 'version': '::apt'}, {'action': 'install', 'id': '5474869', 'name': 'robotfindskitten', 'url': ' ', 'version': ' '}, {'action': 'install', 'id': '5475279', 'name': 'squirrel3', 'url': ' ', 'version': '3.1-7::apt'}, {'action': 'install', 'id': '5152439', 'name': 'rolldice', 'url': ' ', 'version': '1.16-1+b1'}, {'action': 'install', 'id': '5439204', 'name': 'moon-buggy', 'url': ' ', 'version': '1:1.0.51-12'}, {'action': 'install', 'id': '5475369', 'name': 'asciijump', 'url': ' ', 'version': '::apt'}]",
    "c8y_SoftwareUpdate": [
        {
            "name": "asciijump",
            "action": "install",
            "id": "5475369",
            "version": "::apt",
            "url": " "
        },
        {
            "name": "robotfindskitten",
            "action": "install",
            "id": "5474869",
            "version": " ",
            "url": " "
        },
        {
            "name": "squirrel3",
            "action": "install",
            "id": "5475279",
            "version": "3.1-7::apt",
            "url": " "
        },
        {
            "name": "rolldice",
            "action": "install",
            "id": "5152439",
            "version": "1.16-1+b1",
            "url": " "
        },
        {
            "name": "moon-buggy",
            "action": "install",
            "id": "5439204",
            "version": "1:1.0.51-12",
            "url": " "
        },
        {
            "name": "asciijump",
            "action": "install",
            "id": "5475369",
            "version": "::apt",
            "url": " "
        }
    ]
}
14:48:54 INFO  Started operation: {'delivery': {'time': '2022-04-21T14:48:54.223Z', 'log': [], 'status': 'PENDING'}, 'creationTime': '2022-04-21T14:48:54.209Z', 'deviceName': 'mythica', 'deviceId': '17556832', 'self': 'https://t493319102.eu-latest.cumulocity.com/devicecontrol/operations/17588876', 'id': '17588876', 'status': 'PENDING', 'description': "Apply software changes, triggered from PySys: [{'action': 'install', 'id': '5475369', 'name': 'asciijump', 'url': ' ', 'version': '::apt'}, {'action': 'install', 'id': '5474869', 'name': 'robotfindskitten', 'url': ' ', 'version': ' '}, {'action': 'install', 'id': '5475279', 'name': 'squirrel3', 'url': ' ', 'version': '3.1-7::apt'}, {'action': 'install', 'id': '5152439', 'name': 'rolldice', 'url': ' ', 'version': '1.16-1+b1'}, {'action': 'install', 'id': '5439204', 'name': 'moon-buggy', 'url': ' ', 'version': '1:1.0.51-12'}, {'action': 'install', 'id': '5475369', 'name': 'asciijump', 'url': ' ', 'version': '::apt'}]", 'c8y_SoftwareUpdate': [{'name': 'asciijump', 'action': 'install', 'id': '5475369', 'version': '::apt', 'url': ' '}, {'name': 'robotfindskitten', 'action': 'install', 'id': '5474869', 'version': ' ', 'url': ' '}, {'name': 'squirrel3', 'action': 'install', 'id': '5475279', 'version': '3.1-7::apt', 'url': ' '}, {'name': 'rolldice', 'action': 'install', 'id': '5152439', 'version': '1.16-1+b1', 'url': ' '}, {'name': 'moon-buggy', 'action': 'install', 'id': '5439204', 'version': '1:1.0.51-12', 'url': ' '}, {'name': 'asciijump', 'action': 'install', 'id': '5475369', 'version': '::apt', 'url': ' '}]}
14:48:56 INFO  State of operation 17588876 : PENDING
14:48:58 INFO  State of operation 17588876 : EXECUTING
14:49:00 INFO  State of operation 17588876 : EXECUTING
14:49:03 INFO  State of operation 17588876 : EXECUTING
14:49:05 INFO  State of operation 17588876 : EXECUTING
14:49:07 INFO  State of operation 17588876 : EXECUTING
14:49:10 INFO  State of operation 17588876 : EXECUTING
14:49:12 INFO  State of operation 17588876 : EXECUTING
14:49:15 INFO  State of operation 17588876 : EXECUTING
14:49:17 INFO  State of operation 17588876 : EXECUTING
14:49:20 INFO  State of operation 17588876 : EXECUTING
14:49:22 INFO  State of operation 17588876 : EXECUTING
14:49:24 INFO  State of operation 17588876 : EXECUTING
14:49:26 INFO  State of operation 17588876 : EXECUTING
14:49:29 INFO  State of operation 17588876 : EXECUTING
14:49:31 INFO  State of operation 17588876 : EXECUTING
14:49:33 INFO  State of operation 17588876 : EXECUTING
14:49:36 INFO  State of operation 17588876 : EXECUTING
14:49:38 INFO  State of operation 17588876 : EXECUTING
14:49:41 INFO  State of operation 17588876 : EXECUTING
14:49:43 INFO  State of operation 17588876 : EXECUTING
14:49:45 INFO  State of operation 17588876 : EXECUTING
14:49:47 INFO  State of operation 17588876 : EXECUTING
14:49:50 INFO  State of operation 17588876 : EXECUTING
14:49:53 INFO  State of operation 17588876 : EXECUTING
14:49:55 INFO  State of operation 17588876 : EXECUTING
14:49:58 INFO  State of operation 17588876 : EXECUTING
14:50:00 INFO  State of operation 17588876 : EXECUTING
14:50:03 INFO  State of operation 17588876 : EXECUTING
14:50:05 INFO  State of operation 17588876 : EXECUTING
14:50:08 INFO  State of operation 17588876 : EXECUTING
14:50:10 INFO  State of operation 17588876 : EXECUTING
14:50:12 INFO  State of operation 17588876 : EXECUTING
14:50:15 INFO  State of operation 17588876 : EXECUTING
14:50:17 INFO  State of operation 17588876 : EXECUTING
14:50:19 INFO  State of operation 17588876 : EXECUTING
14:50:21 INFO  State of operation 17588876 : EXECUTING
14:50:24 INFO  State of operation 17588876 : EXECUTING
14:50:26 INFO  State of operation 17588876 : EXECUTING
14:50:29 INFO  State of operation 17588876 : EXECUTING
14:50:31 INFO  State of operation 17588876 : EXECUTING
14:50:33 INFO  State of operation 17588876 : EXECUTING
14:50:36 INFO  State of operation 17588876 : EXECUTING
14:50:38 INFO  State of operation 17588876 : EXECUTING
14:50:40 INFO  State of operation 17588876 : EXECUTING
14:50:42 INFO  State of operation 17588876 : EXECUTING
14:50:45 INFO  State of operation 17588876 : EXECUTING
14:50:47 INFO  State of operation 17588876 : EXECUTING
14:50:49 INFO  State of operation 17588876 : EXECUTING
14:50:53 INFO  State of operation 17588876 : EXECUTING
14:50:55 INFO  State of operation 17588876 : EXECUTING
14:50:58 INFO  State of operation 17588876 : EXECUTING
14:51:00 INFO  State of operation 17588876 : EXECUTING
14:51:02 INFO  State of operation 17588876 : EXECUTING
14:51:05 INFO  State of operation 17588876 : EXECUTING
14:51:07 INFO  State of operation 17588876 : EXECUTING
14:51:10 INFO  State of operation 17588876 : EXECUTING
14:51:12 INFO  State of operation 17588876 : EXECUTING
14:51:14 INFO  State of operation 17588876 : EXECUTING
14:51:17 INFO  State of operation 17588876 : EXECUTING
14:51:19 INFO  State of operation 17588876 : EXECUTING
14:51:21 WARN  SystemError occurred while running test - Timeout while waiting for status SUCCESSFUL or False
Traceback (most recent call last):
  File "/home/pi/env-pysys/lib/python3.7/site-packages/pysys/baserunner.py", line 1294, in __call__
    self.testObj.execute()
  File "/home/pi/actions-runner/_work/thin-edge.io/thin-edge.io/tests/PySys/software_management_end_to_end/sm_apt_install_remove_multiple_mixed/run.py", line 89, in execute
    self.wait_until_succcess()
  File "/home/pi/actions-runner/_work/thin-edge.io/thin-edge.io/tests/PySys/software_management_end_to_end/environment_sm_management.py", line 324, in wait_until_succcess
    self.wait_until_status("SUCCESSFUL")
  File "/home/pi/actions-runner/_work/thin-edge.io/thin-edge.io/tests/PySys/software_management_end_to_end/environment_sm_management.py", line 381, in wait_until_status
    "Timeout while waiting for status %s or %s" % (status, status2)
SystemError: Timeout while waiting for status SUCCESSFUL or False
14:51:21 WARN  SystemError: Timeout while waiting for status SUCCESSFUL or False ... blocked 
14:51:21 INFO  
14:51:21 INFO  cleanup:
14:51:27 INFO  Executed sudo&lt;tedge_disconnect_c8y&gt;, exit status 0
14:51:28 INFO  Executed systemctl&lt;serv_mapper5&gt;, exit status 3
14:51:28 INFO  
14:51:28 INFO  Test duration: 181.79 secs
14:51:28 INFO  Test final outcome:  BLOCKED
14:51:28 INFO  Test outcome reason: SystemError: Timeout while waiting for status SUCCESSFUL or False (+1 other failures)
14:51:28 INFO  
</system-out>
	</testcase>
</testsuite><testsuite name="SoftwareManagement.sm_apt_install_remove_with_version" tests="3" errors="0" failures="0" skipped="1" time="0"><testcase classname="PySysTest" name="SoftwareManagement.sm_apt_install_remove_with_version">
		<skipped message="SKIPPED: Testing the apt plugin is not supported on this platform.Use parameter -XmyPlatform='container' to enable it" />
		<system-out>13:48:51 INFO  ==============================================================
13:48:51 INFO  Id:    SoftwareManagement.sm_apt_install_remove_with_version
13:48:51 INFO  Dir:   software_management_end_to_end/
13:48:51 INFO  Title: Validate end to end behaviour for the apt plugin for packages with version
13:48:51 INFO  ==============================================================
13:48:51 INFO  Testing the apt plugin is not supported on this platform.Use parameter -XmyPlatform='container' to enable it ... skipped
13:48:51 WARN  Aborted test due to SKIPPED outcome
13:48:51 INFO  
13:48:51 INFO  Test duration: 0.02 secs
13:48:51 INFO  Test final outcome:  SKIPPED
[...]
13:39:07 INFO  Id:    docker_plugin_update
13:39:07 INFO  Dir:   plugin_docker/
13:39:07 INFO  Title: Validate docker plugin install updates existing containers
13:39:07 INFO  ==============================================================
13:39:07 INFO  Testing the docker plugin is not supported on this platform.To run it, all the test with -XmyPlatform='container' ... skipped
13:39:07 WARN  Aborted test due to SKIPPED outcome
13:39:07 INFO  
13:39:07 INFO  Test duration: 0.04 secs
13:39:07 INFO  Test final outcome:  SKIPPED
13:39:07 INFO  Test outcome reason: Testing the docker plugin is not supported on this platform.To run it, all the test with -XmyPlatform='container'
13:39:07 INFO  
</system-out>
	</testcase>
<testcase classname="DockerPluginUpdateTest" name="docker_plugin_update">
		<failure message="BLOCKED: sudo&lt;docker_run&gt; returned non-zero exit code 125" type="BLOCKED" />
		<system-out>14:34:40 INFO  ==============================================================
14:34:40 INFO  Id:    docker_plugin_update
14:34:40 INFO  Dir:   plugin_docker/
14:34:40 INFO  Title: Validate docker plugin install updates existing containers
14:34:40 INFO  ==============================================================
14:34:41 INFO  Executed sudo&lt;docker_images&gt;, exit status 0
14:34:41 INFO  Grep on file /home/pi/actions-runner/_work/thin-edge.io/thin-edge.io/tests/PySys/plugin_docker/docker_plugin_update/Output/linux/docker_images.out ... passed
14:34:43 WARN  Executed sudo&lt;docker_run&gt;, exit status 125
14:34:43 INFO  Contents of docker_run.err: 
  Unable to find image 'registry:2.6.2' locally
  docker: Error response from daemon: toomanyrequests: You have reached your pull rate limit. You may increase the limit by authenticating and upgrading: https://www.docker.com/increase-rate-limit.
  See 'docker run --help'.
  -----

14:34:43 WARN  sudo&lt;docker_run&gt; returned non-zero exit code 125 ... blocked 
14:34:43 WARN  Aborted test due to BLOCKED outcome
14:34:43 INFO  
14:34:43 INFO  cleanup:
14:34:43 INFO  Removing containers scheduled to be cleaned up: ['4688b1158920', '']
14:34:44 WARN  Executed sudo&lt;containers_for_cleanup&gt;, exit status 1
14:34:44 INFO  Removing images scheduled to be cleaned up: ['registry', 'registry', 'registry:2.7.1']
14:34:45 INFO  Executed sudo&lt;containers_for_cleanup&gt;, exit status 0
14:34:45 INFO  
14:34:45 INFO  Test duration: 4.66 secs
14:34:45 INFO  Test final outcome:  BLOCKED
14:34:45 INFO  Test outcome reason: sudo&lt;docker_run&gt; returned non-zero exit code 125
14:34:45 INFO  
</system-out>
	</testcase>
</testsuite><testsuite name="invalid_device_id" tests="1" errors="0" failures="0" skipped="0" time="0"><testcase classname="InvalidDeviceId" name="invalid_device_id" />
</testsuite><testsuite name="local_mqtt_pub_fail_noqos" tests="1" errors="0" failures="0" skipped="0" time="0"><testcase classname="PySysTest" name="local_mqtt_pub_fail_noqos" />
</testsuite><testsuite name="local_mqtt_pub_fail_qos0" tests="1" errors="0" failures="0" skipped="0" time="0"><testcase classname="PySysTest" name="local_mqtt_pub_fail_qos0" />
</testsuite><testsuite name="local_mqtt_pub_fail_qos1" tests="1" errors="0" failures="0" skipped="0" time="0"><testcase classname="PySysTest" name="local_mqtt_pub_fail_qos1" />
</testsuite><testsuite name="local_mqtt_pub_fail_qos2" tests="1" errors="0" failures="0" skipped="0" time="0"><testcase classname="PySysTest" name="local_mqtt_pub_fail_qos2" />
</testsuite><testsuite name="local_mqtt_pub_sub" tests="1" errors="0" failures="0" skipped="0" time="0"><testcase classname="PySysTest" name="local_mqtt_pub_sub" />
</testsuite><testsuite name="local_mqtt_pub_sub_retain" tests="1" errors="0" failures="0" skipped="0" time="0"><testcase classname="MqttPublishWithRetain" name="local_mqtt_pub_sub_retain" />
</testsuite><testsuite name="local_mqtt_pub_sub_with_sudo" tests="1" errors="0" failures="0" skipped="0" time="0"><testcase classname="PySysTest" name="local_mqtt_pub_sub_with_sudo" />
</testsuite><testsuite name="local_mqtt_sub_fail" tests="1" errors="0" failures="0" skipped="0" time="0"><testcase classname="PySysTest" name="local_mqtt_sub_fail" />
</testsuite><testsuite name="log_request_error_messages" tests="1" errors="0" failures="0" skipped="0" time="0"><testcase classname="LogRequestVerifySearchTextError" name="log_request_error_messages" />
</testsuite><testsuite name="log_request_num_lines" tests="1" errors="0" failures="0" skipped="0" time="0"><testcase classname="LogRequestVerifyNumberOfLines" name="log_request_num_lines" />
</testsuite><testsuite name="mapper_awaits_before_reconnect" tests="1" errors="0" failures="0" skipped="0" time="0"><testcase classname="MapperReconnectAwait" name="mapper_awaits_before_reconnect" />
</testsuite><testsuite name="monitoring_smaller_interval" tests="1" errors="0" failures="0" skipped="1" time="0"><testcase classname="MonitoringSmallInterval" name="monitoring_smaller_interval">
		<skipped message="SKIPPED: Fails due to retained message" />
		<system-out>13:39:01 INFO  ==============================================================
13:39:01 INFO  Id:    monitoring_smaller_interval
13:39:01 INFO  Dir:   monitoring/
13:39:01 INFO  Title: Validate the tedge dm agent messages that are produced with smaller sampling interval than the batching window. Here the simulated collectd messages are used
13:39:01 INFO  ==============================================================
13:39:01 INFO  Fails due to retained message ... skipped
13:39:02 INFO  
13:39:02 INFO  Test duration: 0.02 secs
13:39:02 INFO  Test final outcome:  SKIPPED
13:39:02 INFO  Test outcome reason: Fails due to retained message
13:39:02 INFO  
</system-out>
	</testcase>
</testsuite><testsuite name="monitoring_with_collectd" tests="1" errors="0" failures="0" skipped="1" time="0"><testcase classname="MonitoringWithCollectd" name="monitoring_with_collectd">
		<skipped message="SKIPPED: Test execution disabled due to #792 (instable)" />
		<system-out>13:39:02 INFO  ==============================================================
13:39:02 INFO  Id:    monitoring_with_collectd
13:39:02 INFO  Dir:   monitoring/
13:39:02 INFO  Title: Validate tedge dm agent messages that are produced by batching the collectd messages
13:39:02 INFO  ==============================================================
13:39:02 INFO  Test execution disabled due to #792 (instable) ... skipped
13:39:02 INFO  
13:39:02 INFO  Test duration: 0.02 secs
13:39:02 INFO  Test final outcome:  SKIPPED
13:39:02 INFO  Test outcome reason: Test execution disabled due to #792 (instable)
13:39:02 INFO  
</system-out>
	</testcase>
</testsuite><testsuite name="monitoring_with_simulated_messages" tests="1" errors="0" failures="0" skipped="1" time="0"><testcase classname="MonitoringWithSimulatedMessages" name="monitoring_with_simulated_messages">
		<skipped message="SKIPPED: Fails due to retained message" />
		<system-out>13:39:02 INFO  ==============================================================
13:39:02 INFO  Id:    monitoring_with_simulated_messages
13:39:02 INFO  Dir:   monitoring/
13:39:02 INFO  Title: Validate the tedge dm agent messages that are produced from the simulated collectd messages
13:39:02 INFO  ==============================================================
13:39:02 INFO  Fails due to retained message ... skipped
13:39:02 INFO  
13:39:02 INFO  Test duration: 0.02 secs
13:39:02 INFO  Test final outcome:  SKIPPED
13:39:02 INFO  Test outcome reason: Fails due to retained message
13:39:02 INFO  
</system-out>
	</testcase>
</testsuite><testsuite name="mqtt_port_change_connection_fails" tests="1" errors="0" failures="0" skipped="0" time="0"><testcase classname="MqttPortChangeConnectionFails" name="mqtt_port_change_connection_fails" />
</testsuite><testsuite name="mqtt_port_change_connection_works" tests="1" errors="0" failures="0" skipped="1" time="0"><testcase classname="MqttPortChangeConnectionWorks" name="mqtt_port_change_connection_works">
		<skipped message="SKIPPED: failing intermitently" />
		<system-out>13:38:06 INFO  ==============================================================
13:38:06 INFO  Id:    mqtt_port_change_connection_works
13:38:06 INFO  Dir:   misc_features/
13:38:06 INFO  Title: mqtt port change connection works for all the thin-edge services that use the mosquitto broker
13:38:06 INFO  ==============================================================
13:38:06 INFO  failing intermitently ... skipped
13:38:06 INFO  
13:38:06 INFO  Test duration: 0.02 secs
13:38:06 INFO  Test final outcome:  SKIPPED
13:38:06 INFO  Test outcome reason: failing intermitently
13:38:06 INFO  
</system-out>
	</testcase>
</testsuite><testsuite name="mqtt_port_set" tests="1" errors="0" failures="0" skipped="0" time="0"><testcase classname="MqttPortSet" name="mqtt_port_set" />
</testsuite><testsuite name="mqtt_port_unset" tests="1" errors="0" failures="0" skipped="0" time="0"><testcase classname="MqttPortUnSet" name="mqtt_port_unset" />
</testsuite><testsuite name="publish_flux" tests="1" errors="0" failures="0" skipped="0" time="0"><testcase classname="PublishFlux" name="publish_flux" />
</testsuite><testsuite name="publish_sawmill" tests="1" errors="0" failures="0" skipped="0" time="0"><testcase classname="PublishSawmill" name="publish_sawmill" />
</testsuite><testsuite name="pysys_block" tests="1" errors="0" failures="0" skipped="1" time="0"><testcase classname="Fail" name="pysys_block">
		<skipped message="SKIPPED: Enable this to observe a blocking test" />
		<system-out>13:38:29 INFO  ==============================================================
13:38:29 INFO  Id:    pysys_block
13:38:29 INFO  Dir:   misc_features/
13:38:29 INFO  Title: fail
13:38:29 INFO  ==============================================================
13:38:29 INFO  Enable this to observe a blocking test ... skipped
13:38:29 INFO  
13:38:29 INFO  Test duration: 0.02 secs
13:38:29 INFO  Test final outcome:  SKIPPED
13:38:29 INFO  Test outcome reason: Enable this to observe a blocking test
13:38:29 INFO  
</system-out>
	</testcase>
</testsuite><testsuite name="pysys_fail" tests="1" errors="0" failures="0" skipped="1" time="0"><testcase classname="Fail" name="pysys_fail">
		<skipped message="SKIPPED: Enable this to observe a failing test" />
		<system-out>13:38:29 INFO  ==============================================================
13:38:29 INFO  Id:    pysys_fail
13:38:29 INFO  Dir:   misc_features/
13:38:29 INFO  Title: fail
13:38:29 INFO  ==============================================================
13:38:29 INFO  Enable this to observe a failing test ... skipped
13:38:29 INFO  
13:38:29 INFO  Test duration: 0.02 secs
13:38:29 INFO  Test final outcome:  SKIPPED
13:38:29 INFO  Test outcome reason: Enable this to observe a failing test
13:38:29 INFO  
</system-out>
	</testcase>
</testsuite><testsuite name="runtime_start_two_mappers" tests="1" errors="0" failures="1" skipped="0" time="0"><testcase classname="RuntimeMultiMappers" name="runtime_start_two_mappers">
		<failure message="FAILED: Grep on tedge_mapper2.err contains &quot;Error: Couldn't acquire file lock.&quot;" type="FAILED" />
		<system-out>13:52:32 INFO  ==============================================================
13:52:32 INFO  Id:    runtime_start_two_mappers
13:52:32 INFO  Dir:   tedge_mapper_c8y/
13:52:32 INFO  Title: Validate two mappers can't be started at the same time
13:52:32 INFO  ==============================================================
13:52:33 INFO  Executed sudo&lt;tedge_mapper1&gt;, exit status 0
13:52:33 INFO  Waiting for 0.1 seconds
13:52:34 INFO  Executed sudo&lt;tedge_mapper2&gt;, exit status 1
13:52:34 INFO  Executed sudo&lt;tedge_mapper1&gt;, exit status 0
13:52:35 WARN  Grep on tedge_mapper2.err contains "Error: Couldn't acquire file lock." ... failed [run.py:46]
13:52:35 INFO  
13:52:35 INFO  Test duration: 2.36 secs
13:52:35 INFO  Test final outcome:  FAILED
13:52:35 INFO  Test outcome reason: Grep on tedge_mapper2.err contains "Error: Couldn't acquire file lock."
13:52:35 INFO  
</system-out>
	</testcase>
</testsuite><testsuite name="sm_tedge_mapper_init_session" tests="1" errors="0" failures="0" skipped="0" time="0"><testcase classname="TedgeSMMapperInitSession" name="sm_tedge_mapper_init_session" />
</testsuite><testsuite name="smoketest_json" tests="1" errors="0" failures="0" skipped="0" time="0"><testcase classname="SmokeTestJson" name="smoketest_json" />
</testsuite><testsuite name="smoketest_json_400_samples_10ms" tests="1" errors="0" failures="0" skipped="0" time="0"><testcase classname="SmoketestJson400Samples10ms" name="smoketest_json_400_samples_10ms" />
</testsuite><testsuite name="smoketest_json_400_samples_20ms" tests="1" errors="0" failures="0" skipped="0" time="0"><testcase classname="SmoketestJson400Samples20ms" name="smoketest_json_400_samples_20ms" />
</testsuite><testsuite name="smoketest_smartrest" tests="1" errors="0" failures="0" skipped="0" time="0"><testcase classname="SmoketestSmartRest" name="smoketest_smartrest" />
</testsuite><testsuite name="smoketest_smartrest_400_samples_1Xms" tests="1" errors="0" failures="0" skipped="0" time="0"><testcase classname="SmoketestSmartRest400Samples1Xms" name="smoketest_smartrest_400_samples_1Xms" />
</testsuite><testsuite name="smoketest_smartrest_400_samples_20ms" tests="1" errors="0" failures="0" skipped="0" time="0"><testcase classname="SmoketestSmartRest400Samples20ms" name="smoketest_smartrest_400_samples_20ms" />
</testsuite><testsuite name="tedge_agent_user_sudo_access" tests="1" errors="0" failures="0" skipped="1" time="0"><testcase classname="TedgeAgentUserSudoAccess" name="tedge_agent_user_sudo_access">
		<skipped message="SKIPPED: #955 Observation: Exit code of the apt plugin when called with no arguments" />
		<system-out>13:49:18 INFO  ==============================================================
13:49:18 INFO  Id:    tedge_agent_user_sudo_access
13:49:18 INFO  Dir:   tedge/
13:49:18 INFO  Title: Validate tedge-agent user has a limited sudo right
13:49:18 INFO  ==============================================================
13:49:18 INFO  #955 Observation: Exit code of the apt plugin when called with no arguments ... skipped
13:49:18 INFO  
13:49:18 INFO  Test duration: 0.04 secs
13:49:18 INFO  Test final outcome:  SKIPPED
13:49:18 INFO  Test outcome reason: #955 Observation: Exit code of the apt plugin when called with no arguments
13:49:18 INFO  
</system-out>
	</testcase>
</testsuite><testsuite name="tedge_connect_test_negative" tests="1" errors="0" failures="0" skipped="0" time="0"><testcase classname="TedgeConnectTestNegative" name="tedge_connect_test_negative" />
</testsuite><testsuite name="tedge_connect_test_positive" tests="1" errors="0" failures="0" skipped="0" time="0"><testcase classname="TedgeConnectTestPositive" name="tedge_connect_test_positive" />
</testsuite><testsuite name="tedge_connect_test_sm_services" tests="1" errors="0" failures="0" skipped="0" time="0"><testcase classname="TedgeConnectTestSMServices" name="tedge_connect_test_sm_services" />
</testsuite><testsuite name="tedge_disconnect_test_sm_services" tests="1" errors="0" failures="0" skipped="0" time="0"><testcase classname="TedgeDisConnectTestSMServices" name="tedge_disconnect_test_sm_services" />
</testsuite><testsuite name="tedge_mapper_az_negative" tests="1" errors="0" failures="0" skipped="0" time="0"><testcase classname="TedgeMapperAzError" name="tedge_mapper_az_negative" />
</testsuite><testsuite name="tedge_mapper_az_with_timestamp" tests="1" errors="0" failures="0" skipped="0" time="0"><testcase classname="TedgeMapperAzWithTimestamp" name="tedge_mapper_az_with_timestamp" />
</testsuite><testsuite name="tedge_mapper_az_without_timestamp" tests="1" errors="0" failures="0" skipped="0" time="0"><testcase classname="TedgeMapperAzWithoutTimestamp" name="tedge_mapper_az_without_timestamp" />
</testsuite><testsuite name="tedge_mapper_c8y_alarms" tests="1" errors="0" failures="0" skipped="0" time="0"><testcase classname="TedgeMapperC8yAlarm" name="tedge_mapper_c8y_alarms" />
</testsuite><testsuite name="tedge_mapper_c8y_child_device_measurement" tests="1" errors="0" failures="1" skipped="0" time="0"><testcase classname="TedgeMapperC8yChildDevice" name="tedge_mapper_c8y_child_device_measurement">
		<failure message="BLOCKED: TypeError: 'NoneType' object is not subscriptable (+1 other failures)" type="BLOCKED" />
		<system-out>13:53:46 INFO  ==============================================================
13:53:46 INFO  Id:    tedge_mapper_c8y_child_device_measurement
13:53:46 INFO  Dir:   tedge_mapper_c8y/
13:53:46 INFO  Title: Validate that measurements sent to tedge/measurements/child topic gets mapped as the child device's measurement in Cumulocity
13:53:46 INFO  ==============================================================
13:53:46 INFO  EnvironmentC8y Setup
13:53:47 INFO  Executed systemctl&lt;serv_mapper1&gt;, exit status 3
13:53:47 INFO  Restarting mosquitto too frequently in the last 10 seconds. It was only up for 5 seconds
13:53:47 INFO  Delaying execution by 6 seconds
13:54:08 INFO  Executed sudo&lt;tedge_connect_c8y&gt;, exit status 0, duration 14 secs
13:54:08 INFO  Executed sudo&lt;tedge_connect_c8y_test&gt;, exit status 0
13:54:09 INFO  Executed systemctl&lt;serv_mosq2&gt;, exit status 0
13:54:09 INFO  Executed systemctl&lt;serv_mapper3&gt;, exit status 0
13:54:10 INFO  Assert that (actual == expected) with actual=None, expected=None ... passed
13:54:11 INFO  Executed tedge_pub, exit status 0
13:54:11 INFO  Executed tedge_pub, exit status 0
13:54:12 INFO  Executed tedge_pub, exit status 0
13:54:12 INFO  Executed tedge_pub, exit status 0
13:54:12 INFO  Executed tedge_pub, exit status 0
13:54:15 WARN  TypeError occurred while running test - 'NoneType' object is not subscriptable
Traceback (most recent call last):
  File "/home/pi/env-pysys/lib/python3.7/site-packages/pysys/baserunner.py", line 1296, in __call__
    self.testObj.validate()
  File "/home/pi/actions-runner/_work/thin-edge.io/thin-edge.io/tests/PySys/tedge_mapper_c8y/tedge_mapper_c8y_child_device_measurement/run.py", line 115, in validate
    self.child_device_json["id"], 3
TypeError: 'NoneType' object is not subscriptable
13:54:15 WARN  TypeError: 'NoneType' object is not subscriptable ... blocked 
13:54:15 INFO  
13:54:15 INFO  cleanup:
13:54:15 ERROR Error while running cleanup function: 
Traceback (most recent call last):
  File "/home/pi/env-pysys/lib/python3.7/site-packages/pysys/process/user.py", line 1305, in cleanup
    fn()
  File "/home/pi/actions-runner/_work/thin-edge.io/thin-edge.io/tests/PySys/tedge_mapper_c8y/tedge_mapper_c8y_child_device_measurement/run.py", line 165, in test_cleanup
    self.child_device_json["id"]
TypeError: 'NoneType' object is not subscriptable
13:54:19 INFO  Executed sudo&lt;tedge_disconnect_c8y&gt;, exit status 0
13:54:20 INFO  Executed systemctl&lt;serv_mapper5&gt;, exit status 3
13:54:20 WARN  Cleanup failed with 1 errors: Cleanup function failed: 'NoneType' object is not subscriptable (TypeError) ... blocked 
13:54:20 INFO  
13:54:20 INFO  Test duration: 33.49 secs
13:54:20 INFO  Test final outcome:  BLOCKED
13:54:20 INFO  Test outcome reason: TypeError: 'NoneType' object is not subscriptable (+1 other failures)
13:54:20 INFO  
</system-out>
	</testcase>
</testsuite><testsuite name="tedge_mapper_c8y_packet_threshold_size" tests="1" errors="0" failures="0" skipped="0" time="0"><testcase classname="TedgeMapperC8yThresholdPacketSize" name="tedge_mapper_c8y_packet_threshold_size" />
</testsuite><testsuite name="tedge_software_update" tests="1" errors="0" failures="0" skipped="0" time="0"><testcase classname="PySysTest" name="tedge_software_update" />
</testsuite><testsuite name="valid_device_id" tests="1" errors="0" failures="0" skipped="0" time="0"><testcase classname="ValidateValidDeviceId" name="valid_device_id" />
</testsuite></testsuites>