<?xml version='1.0' encoding='utf-8'?>
<testsuites tests="149" failures="9" errors="0" skipped="54" time="0.0"><testsuite name="SoftwareManagement.Plugin.apama_plugin_install" tests="3" errors="0" failures="0" skipped="1" time="0"><testcase classname="ApamaPluginInstallTest" name="SoftwareManagement.Plugin.apama_plugin_install">
		<skipped message="SKIPPED: Apama plugin tests are disabled by default. Execute `pysys run` with `-XmyPlatform=container` to run these tests" />
		<system-out>09:14:33 INFO  ==============================================================
09:14:33 INFO  Id:    SoftwareManagement.Plugin.apama_plugin_install
09:14:33 INFO  Dir:   plugin_apama/
09:14:33 INFO  Title: Validate apama plugin install
09:14:33 INFO  ==============================================================
09:14:33 INFO  Apama plugin tests are disabled by default. Execute `pysys run` with `-XmyPlatform=container` to run these tests ... skipped
09:14:33 WARN  Aborted test due to SKIPPED outcome
09:14:33 INFO  
09:14:33 INFO  Test duration: 0.04 secs
09:14:33 INFO  Test final outcome:  SKIPPED
09:14:33 INFO  Test outcome reason: Apama plugin tests are disabled by default. Execute `pysys run` with `-XmyPlatform=container` to run these tests
09:14:33 INFO  
</system-out>
	</testcase>
<testcase classname="ApamaPluginInstallTest" name="SoftwareManagement.Plugin.apama_plugin_install" />
<testcase classname="ApamaPluginInstallTest" name="SoftwareManagement.Plugin.apama_plugin_install" />
</testsuite><testsuite name="SoftwareManagement.Plugin.apama_plugin_mon_support" tests="3" errors="0" failures="0" skipped="1" time="0"><testcase classname="ApamaPluginMonSupportTest" name="SoftwareManagement.Plugin.apama_plugin_mon_support">
		<skipped message="SKIPPED: Apama plugin tests are disabled by default. Execute `pysys run` with `-XmyPlatform=container` to run these tests" />
		<system-out>09:14:33 INFO  ==============================================================
09:14:33 INFO  Id:    SoftwareManagement.Plugin.apama_plugin_mon_support
09:14:33 INFO  Dir:   plugin_apama/
09:14:33 INFO  Title: Validate mon file support of apama plugin
09:14:33 INFO  ==============================================================
09:14:33 INFO  Apama plugin tests are disabled by default. Execute `pysys run` with `-XmyPlatform=container` to run these tests ... skipped
09:14:33 WARN  Aborted test due to SKIPPED outcome
09:14:33 INFO  
09:14:33 INFO  Test duration: 0.02 secs
09:14:33 INFO  Test final outcome:  SKIPPED
09:14:33 INFO  Test outcome reason: Apama plugin tests are disabled by default. Execute `pysys run` with `-XmyPlatform=container` to run these tests
09:14:33 INFO  
</system-out>
	</testcase>
<testcase classname="ApamaPluginMonSupportTest" name="SoftwareManagement.Plugin.apama_plugin_mon_support" />
<testcase classname="ApamaPluginMonSupportTest" name="SoftwareManagement.Plugin.apama_plugin_mon_support" />
</testsuite><testsuite name="SoftwareManagement.Plugin.apama_plugin_remove" tests="3" errors="0" failures="0" skipped="1" time="0"><testcase classname="ApamaPluginRemoveTest" name="SoftwareManagement.Plugin.apama_plugin_remove">
		<skipped message="SKIPPED: Apama plugin tests are disabled by default. Execute `pysys run` with `-XmyPlatform=container` to run these tests" />
		<system-out>09:14:33 INFO  ==============================================================
09:14:33 INFO  Id:    SoftwareManagement.Plugin.apama_plugin_remove
09:14:33 INFO  Dir:   plugin_apama/
09:14:33 INFO  Title: Validate apama plugin remove
09:14:33 INFO  ==============================================================
09:14:33 INFO  Apama plugin tests are disabled by default. Execute `pysys run` with `-XmyPlatform=container` to run these tests ... skipped
09:14:33 WARN  Aborted test due to SKIPPED outcome
09:14:33 INFO  
09:14:33 INFO  Test duration: 0.02 secs
09:14:33 INFO  Test final outcome:  SKIPPED
09:14:33 INFO  Test outcome reason: Apama plugin tests are disabled by default. Execute `pysys run` with `-XmyPlatform=container` to run these tests
09:14:33 INFO  
</system-out>
	</testcase>
<testcase classname="ApamaPluginRemoveTest" name="SoftwareManagement.Plugin.apama_plugin_remove" />
<testcase classname="ApamaPluginRemoveTest" name="SoftwareManagement.Plugin.apama_plugin_remove" />
</testsuite><testsuite name="SoftwareManagement.Plugin.apama_plugin_update" tests="3" errors="0" failures="0" skipped="3" time="0"><testcase classname="ApamaPluginUpdateTest" name="SoftwareManagement.Plugin.apama_plugin_update">
		<skipped message="SKIPPED: Test execution disabled due to #1052" />
		<system-out>09:14:33 INFO  ==============================================================
09:14:33 INFO  Id:    SoftwareManagement.Plugin.apama_plugin_update
09:14:33 INFO  Dir:   plugin_apama/
09:14:33 INFO  Title: Validate apama plugin updating one project with another
09:14:33 INFO  ==============================================================
09:14:33 INFO  Test execution disabled due to #1052 ... skipped
09:14:33 INFO  
09:14:33 INFO  Test duration: 0.02 secs
09:14:33 INFO  Test final outcome:  SKIPPED
09:14:33 INFO  Test outcome reason: Test execution disabled due to #1052
09:14:33 INFO  
</system-out>
	</testcase>
<testcase classname="ApamaPluginUpdateTest" name="SoftwareManagement.Plugin.apama_plugin_update">
		<skipped message="SKIPPED: Test execution disabled due to #1052" />
		<system-out>10:07:19 INFO  ==============================================================
10:07:19 INFO  Id:    SoftwareManagement.Plugin.apama_plugin_update
10:07:19 INFO  Dir:   plugin_apama/
10:07:19 INFO  Title: Validate apama plugin updating one project with another
10:07:19 INFO  ==============================================================
10:07:19 INFO  Test execution disabled due to #1052 ... skipped
10:07:19 INFO  
10:07:19 INFO  Test duration: 0.02 secs
10:07:19 INFO  Test final outcome:  SKIPPED
10:07:19 INFO  Test outcome reason: Test execution disabled due to #1052
10:07:19 INFO  
</system-out>
	</testcase>
<testcase classname="ApamaPluginUpdateTest" name="SoftwareManagement.Plugin.apama_plugin_update">
		<skipped message="SKIPPED: Test execution disabled due to #1052" />
		<system-out>10:16:05 INFO  ==============================================================
10:16:05 INFO  Id:    SoftwareManagement.Plugin.apama_plugin_update
10:16:05 INFO  Dir:   plugin_apama/
10:16:05 INFO  Title: Validate apama plugin updating one project with another
10:16:05 INFO  ==============================================================
10:16:05 INFO  Test execution disabled due to #1052 ... skipped
10:16:05 INFO  
10:16:05 INFO  Test duration: 0.03 secs
10:16:05 INFO  Test final outcome:  SKIPPED
10:16:05 INFO  Test outcome reason: Test execution disabled due to #1052
10:16:05 INFO  
</system-out>
	</testcase>
</testsuite><testsuite name="SoftwareManagement.sm_apt_install_download_path" tests="3" errors="0" failures="2" skipped="1" time="0"><testcase classname="AptInstallWithDownloadPath" name="SoftwareManagement.sm_apt_install_download_path">
		<skipped message="SKIPPED: Testing the apt plugin is not supported on this platform.Use parameter -XmyPlatform='container' to enable it" />
		<system-out>09:24:18 INFO  ==============================================================
09:24:18 INFO  Id:    SoftwareManagement.sm_apt_install_download_path
09:24:18 INFO  Dir:   software_management_end_to_end/
09:24:18 INFO  Title: Install package to directory specified in tedge config set tmp.path
09:24:18 INFO  ==============================================================
09:24:18 INFO  Testing the apt plugin is not supported on this platform.Use parameter -XmyPlatform='container' to enable it ... skipped
09:24:18 WARN  Aborted test due to SKIPPED outcome
09:24:18 INFO  
09:24:18 INFO  Test duration: 0.08 secs
09:24:18 INFO  Test final outcome:  SKIPPED
09:24:18 INFO  Test outcome reason: Testing the apt plugin is not supported on this platform.Use parameter -XmyPlatform='container' to enable it
09:24:18 INFO  
</system-out>
	</testcase>
<testcase classname="AptInstallWithDownloadPath" name="SoftwareManagement.sm_apt_install_download_path">
		<failure message="BLOCKED: AssertionError:" type="BLOCKED" />
		<system-out>09:48:52 INFO  ==============================================================
09:48:52 INFO  Id:    SoftwareManagement.sm_apt_install_download_path
09:48:52 INFO  Dir:   software_management_end_to_end/
09:48:52 INFO  Title: Install package to directory specified in tedge config set tmp.path
09:48:52 INFO  ==============================================================
09:48:53 INFO  Using sw id database: {'asciijump': '5475369', 'robotfindskitten': '5474869', 'squirrel3': '5475279', 'rolldice': '5152439', 'moon-buggy': '5439204', 'apple': '5495053', 'banana': '5494888', 'cherry': '5495382', 'watermelon': '5494510', 'registry': '8018911', 'hello-world': '8021526', 'docker/getting-started': '8021973', 'alpine': '7991792'}
09:48:53 INFO  EnvironmentC8y Setup
09:48:53 INFO  Executed systemctl&lt;serv_mapper1&gt;, exit status 3
09:49:08 INFO  Executed sudo&lt;tedge_connect_c8y&gt;, exit status 0, duration 14 secs
09:49:09 INFO  Executed sudo&lt;tedge_connect_c8y_test&gt;, exit status 0
09:49:11 INFO  Executed systemctl&lt;serv_mosq2&gt;, exit status 0
09:49:11 INFO  Executed systemctl&lt;serv_mapper3&gt;, exit status 0
09:49:14 ERROR No operations found, assuming it passed
09:49:14 INFO  Assert that (False == value) with value=False ... passed
09:49:14 INFO  Executed sudo, exit status 0
09:49:15 INFO  Executed sudo, exit status 0
09:49:16 INFO  Executed sudo, exit status 0
09:49:20 INFO  Executed sudo&lt;tedge_disconnect_c8y&gt;, exit status 0
09:49:20 INFO  Restarting mosquitto too frequently in the last 10 seconds. It was only up for 4 seconds
09:49:20 INFO  Delaying execution by 7 seconds
09:49:41 INFO  Executed sudo&lt;tedge_connect_c8y&gt;, exit status 0, duration 13 secs
09:49:41 INFO  Response status: 201
09:49:41 INFO  Response to action: {
    "delivery": {
        "log": [],
        "time": "2022-05-23T09:49:41.319Z",
        "status": "PENDING"
    },
    "creationTime": "2022-05-23T09:49:41.279Z",
    "deviceId": "19484862",
    "deviceName": "mythicb",
    "self": "https://t493319102.eu-latest.cumulocity.com/devicecontrol/operations/19508242",
    "id": "19508242",
    "status": "PENDING",
    "description": "Apply software changes, triggered from PySys: [{'name': 'rolldice', 'id': '5152439', 'version': '::apt', 'url': 'https://thin-edge-io.eu-latest.cumulocity.com/inventory/binaries/12435463', 'action': 'install'}]",
    "c8y_SoftwareUpdate": [
        {
            "name": "rolldice",
            "action": "install",
            "id": "5152439",
            "version": "::apt",
            "url": "https://thin-edge-io.eu-latest.cumulocity.com/inventory/binaries/12435463"
        }
    ]
}
09:49:41 INFO  Started operation: {'delivery': {'log': [], 'time': '2022-05-23T09:49:41.319Z', 'status': 'PENDING'}, 'creationTime': '2022-05-23T09:49:41.279Z', 'deviceId': '19484862', 'deviceName': 'mythicb', 'self': 'https://t493319102.eu-latest.cumulocity.com/devicecontrol/operations/19508242', 'id': '19508242', 'status': 'PENDING', 'description': "Apply software changes, triggered from PySys: [{'name': 'rolldice', 'id': '5152439', 'version': '::apt', 'url': 'https://thin-edge-io.eu-latest.cumulocity.com/inventory/binaries/12435463', 'action': 'install'}]", 'c8y_SoftwareUpdate': [{'name': 'rolldice', 'action': 'install', 'id': '5152439', 'version': '::apt', 'url': 'https://thin-edge-io.eu-latest.cumulocity.com/inventory/binaries/12435463'}]}
09:49:41 WARN  , retrying in 0.5 seconds...
09:49:41 WARN  , retrying in 0.5 seconds...
09:49:42 WARN  , retrying in 0.5 seconds...
09:49:42 WARN  , retrying in 0.5 seconds...
09:49:43 WARN  , retrying in 0.5 seconds...
09:49:43 WARN  , retrying in 0.5 seconds...
09:49:44 WARN  , retrying in 0.5 seconds...
09:49:44 WARN  , retrying in 0.5 seconds...
09:49:45 WARN  , retrying in 0.5 seconds...
09:49:45 WARN  AssertionError occurred while running test - 
Traceback (most recent call last):
  File "/home/pi/env-pysys/lib/python3.7/site-packages/pysys/baserunner.py", line 1294, in __call__
    self.testObj.execute()
  File "/home/pi/actions-runner/_work/thin-edge.io/thin-edge.io/tests/PySys/software_management_end_to_end/sm_apt_install_download_path/run.py", line 83, in execute
    assert_install_in_download_path(install_directory=self.DOWNLOAD_DIR)
  File "/home/pi/env-pysys/lib/python3.7/site-packages/decorator.py", line 232, in fun
    return caller(func, *(extras + args), **kw)
  File "/home/pi/env-pysys/lib/python3.7/site-packages/retry/api.py", line 74, in retry_decorator
    logger)
  File "/home/pi/env-pysys/lib/python3.7/site-packages/retry/api.py", line 33, in __retry_internal
    return f()
  File "/home/pi/actions-runner/_work/thin-edge.io/thin-edge.io/tests/PySys/software_management_end_to_end/sm_apt_install_download_path/run.py", line 28, in assert_install_in_download_path
    assert "rolldice" in os.listdir(f"{install_directory}")
AssertionError
09:49:46 WARN  AssertionError: ... blocked 
09:49:46 INFO  
09:49:46 INFO  cleanup:
09:49:47 INFO  Executed sudo, exit status 0
09:49:47 INFO  Executed sudo, exit status 0
09:49:51 INFO  Executed sudo&lt;tedge_disconnect_c8y&gt;, exit status 0
09:49:51 INFO  Restarting mosquitto too frequently in the last 10 seconds. It was only up for 3 seconds
09:49:51 INFO  Delaying execution by 8 seconds
09:50:14 INFO  Executed sudo&lt;tedge_connect_c8y&gt;, exit status 0, duration 14 secs
09:50:19 INFO  Executed sudo&lt;tedge_disconnect_c8y&gt;, exit status 0
09:50:19 INFO  Executed systemctl&lt;serv_mapper5&gt;, exit status 3
09:50:19 INFO  
09:50:19 INFO  Test duration: 86.67 secs
09:50:19 INFO  Test final outcome:  BLOCKED
09:50:19 INFO  Test outcome reason: AssertionError:
09:50:19 INFO  
</system-out>
	</testcase>
<testcase classname="AptInstallWithDownloadPath" name="SoftwareManagement.sm_apt_install_download_path">
		<failure message="BLOCKED: AssertionError:" type="BLOCKED" />
		<system-out>10:16:05 INFO  ==============================================================
10:16:05 INFO  Id:    SoftwareManagement.sm_apt_install_download_path
10:16:05 INFO  Dir:   software_management_end_to_end/
10:16:05 INFO  Title: Install package to directory specified in tedge config set tmp.path
10:16:05 INFO  ==============================================================
10:16:06 INFO  Using sw id database: {'asciijump': '5475369', 'robotfindskitten': '5474869', 'squirrel3': '5475279', 'rolldice': '5152439', 'moon-buggy': '5439204', 'apple': '5495053', 'banana': '5494888', 'cherry': '5495382', 'watermelon': '5494510', 'registry': '8018911', 'hello-world': '8021526', 'docker/getting-started': '8021973', 'alpine': '7991792'}
10:16:06 INFO  EnvironmentC8y Setup
10:16:07 INFO  Executed systemctl&lt;serv_mapper1&gt;, exit status 3
10:16:22 INFO  Executed sudo&lt;tedge_connect_c8y&gt;, exit status 0, duration 14 secs
10:16:22 INFO  Executed sudo&lt;tedge_connect_c8y_test&gt;, exit status 0
10:16:23 INFO  Executed systemctl&lt;serv_mosq2&gt;, exit status 0
10:16:23 INFO  Executed systemctl&lt;serv_mapper3&gt;, exit status 0
10:16:26 INFO  State of current operation: SUCCESSFUL
10:16:26 INFO  Assert that (False == value) with value=False ... passed
10:16:26 INFO  Executed sudo, exit status 0
10:16:27 INFO  Executed sudo, exit status 0
10:16:27 INFO  Executed sudo, exit status 0
10:16:31 INFO  Executed sudo&lt;tedge_disconnect_c8y&gt;, exit status 0
10:16:31 INFO  Restarting mosquitto too frequently in the last 10 seconds. It was only up for 3 seconds
10:16:31 INFO  Delaying execution by 8 seconds
10:16:54 INFO  Executed sudo&lt;tedge_connect_c8y&gt;, exit status 0, duration 14 secs
10:16:54 INFO  Response status: 201
10:16:54 INFO  Response to action: {
    "creationTime": "2022-05-23T10:16:54.548Z",
    "deviceId": "19484862",
    "deviceName": "mythicb",
    "self": "https://t493319102.eu-latest.cumulocity.com/devicecontrol/operations/19512703",
    "id": "19512703",
    "status": "PENDING",
    "description": "Apply software changes, triggered from PySys: [{'name': 'rolldice', 'id': '5152439', 'version': '::apt', 'url': 'https://thin-edge-io.eu-latest.cumulocity.com/inventory/binaries/12435463', 'action': 'install'}]",
    "c8y_SoftwareUpdate": [
        {
            "name": "rolldice",
            "action": "install",
            "id": "5152439",
            "version": "::apt",
            "url": "https://thin-edge-io.eu-latest.cumulocity.com/inventory/binaries/12435463"
        }
    ]
}
10:16:54 INFO  Started operation: {'creationTime': '2022-05-23T10:16:54.548Z', 'deviceId': '19484862', 'deviceName': 'mythicb', 'self': 'https://t493319102.eu-latest.cumulocity.com/devicecontrol/operations/19512703', 'id': '19512703', 'status': 'PENDING', 'description': "Apply software changes, triggered from PySys: [{'name': 'rolldice', 'id': '5152439', 'version': '::apt', 'url': 'https://thin-edge-io.eu-latest.cumulocity.com/inventory/binaries/12435463', 'action': 'install'}]", 'c8y_SoftwareUpdate': [{'name': 'rolldice', 'action': 'install', 'id': '5152439', 'version': '::apt', 'url': 'https://thin-edge-io.eu-latest.cumulocity.com/inventory/binaries/12435463'}]}
10:16:54 WARN  , retrying in 0.5 seconds...
10:16:55 WARN  , retrying in 0.5 seconds...
10:16:55 WARN  , retrying in 0.5 seconds...
10:16:56 WARN  , retrying in 0.5 seconds...
10:16:56 WARN  , retrying in 0.5 seconds...
10:16:57 WARN  , retrying in 0.5 seconds...
10:16:57 WARN  , retrying in 0.5 seconds...
10:16:58 WARN  , retrying in 0.5 seconds...
10:16:58 WARN  , retrying in 0.5 seconds...
10:16:59 WARN  AssertionError occurred while running test - 
Traceback (most recent call last):
  File "/home/pi/env-pysys/lib/python3.7/site-packages/pysys/baserunner.py", line 1294, in __call__
    self.testObj.execute()
  File "/home/pi/actions-runner/_work/thin-edge.io/thin-edge.io/tests/PySys/software_management_end_to_end/sm_apt_install_download_path/run.py", line 83, in execute
    assert_install_in_download_path(install_directory=self.DOWNLOAD_DIR)
  File "/home/pi/env-pysys/lib/python3.7/site-packages/decorator.py", line 232, in fun
    return caller(func, *(extras + args), **kw)
  File "/home/pi/env-pysys/lib/python3.7/site-packages/retry/api.py", line 74, in retry_decorator
    logger)
  File "/home/pi/env-pysys/lib/python3.7/site-packages/retry/api.py", line 33, in __retry_internal
    return f()
  File "/home/pi/actions-runner/_work/thin-edge.io/thin-edge.io/tests/PySys/software_management_end_to_end/sm_apt_install_download_path/run.py", line 28, in assert_install_in_download_path
    assert "rolldice" in os.listdir(f"{install_directory}")
AssertionError
10:16:59 WARN  AssertionError: ... blocked 
10:16:59 INFO  
10:16:59 INFO  cleanup:
10:17:00 INFO  Executed sudo, exit status 0
10:17:00 INFO  Executed sudo, exit status 0
10:17:05 INFO  Executed sudo&lt;tedge_disconnect_c8y&gt;, exit status 0
10:17:05 INFO  Restarting mosquitto too frequently in the last 10 seconds. It was only up for 4 seconds
10:17:05 INFO  Delaying execution by 7 seconds
10:17:27 INFO  Executed sudo&lt;tedge_connect_c8y&gt;, exit status 0, duration 14 secs
10:17:31 INFO  Executed sudo&lt;tedge_disconnect_c8y&gt;, exit status 0
10:17:31 INFO  Executed systemctl&lt;serv_mapper5&gt;, exit status 3
10:17:31 INFO  
10:17:31 INFO  Test duration: 86.41 secs
10:17:31 INFO  Test final outcome:  BLOCKED
10:17:31 INFO  Test outcome reason: AssertionError:
10:17:31 INFO  
</system-out>
	</testcase>
</testsuite><testsuite name="SoftwareManagement.sm_apt_install_fail" tests="3" errors="0" failures="0" skipped="1" time="0"><testcase classname="PySysTest" name="SoftwareManagement.sm_apt_install_fail">
		<skipped message="SKIPPED: Testing the apt plugin is not supported on this platform.Use parameter -XmyPlatform='container' to enable it" />
		<system-out>09:24:18 INFO  ==============================================================
09:24:18 INFO  Id:    SoftwareManagement.sm_apt_install_fail
09:24:18 INFO  Dir:   software_management_end_to_end/
09:24:18 INFO  Title: Validate end to end behaviour for a failing installation
09:24:18 INFO  ==============================================================
09:24:18 INFO  Testing the apt plugin is not supported on this platform.Use parameter -XmyPlatform='container' to enable it ... skipped
09:24:18 WARN  Aborted test due to SKIPPED outcome
09:24:18 INFO  
09:24:18 INFO  Test duration: 0.02 secs
09:24:18 INFO  Test final outcome:  SKIPPED
09:24:18 INFO  Test outcome reason: Testing the apt plugin is not supported on this platform.Use parameter -XmyPlatform='container' to enable it
09:24:18 INFO  
</system-out>
	</testcase>
<testcase classname="PySysTest" name="SoftwareManagement.sm_apt_install_fail" />
<testcase classname="PySysTest" name="SoftwareManagement.sm_apt_install_fail" />
</testsuite><testsuite name="SoftwareManagement.sm_apt_install_remove" tests="3" errors="0" failures="0" skipped="1" time="0"><testcase classname="PySysTest" name="SoftwareManagement.sm_apt_install_remove">
		<skipped message="SKIPPED: Testing the apt plugin is not supported on this platform.Use parameter -XmyPlatform='container' to enable it" />
		<system-out>09:24:18 INFO  ==============================================================
09:24:18 INFO  Id:    SoftwareManagement.sm_apt_install_remove
09:24:18 INFO  Dir:   software_management_end_to_end/
09:24:18 INFO  Title: Validate end to end behaviour for the apt plugin for installation and removal of packages
09:24:18 INFO  ==============================================================
09:24:18 INFO  Testing the apt plugin is not supported on this platform.Use parameter -XmyPlatform='container' to enable it ... skipped
09:24:18 WARN  Aborted test due to SKIPPED outcome
09:24:18 INFO  
09:24:18 INFO  Test duration: 0.02 secs
09:24:18 INFO  Test final outcome:  SKIPPED
09:24:18 INFO  Test outcome reason: Testing the apt plugin is not supported on this platform.Use parameter -XmyPlatform='container' to enable it
09:24:18 INFO  
</system-out>
	</testcase>
<testcase classname="PySysTest" name="SoftwareManagement.sm_apt_install_remove" />
<testcase classname="PySysTest" name="SoftwareManagement.sm_apt_install_remove" />
</testsuite><testsuite name="SoftwareManagement.sm_apt_install_remove_default" tests="3" errors="0" failures="0" skipped="1" time="0"><testcase classname="PySysTest" name="SoftwareManagement.sm_apt_install_remove_default">
		<skipped message="SKIPPED: Testing the apt plugin is not supported on this platform.Use parameter -XmyPlatform='container' to enable it" />
		<system-out>09:24:18 INFO  ==============================================================
09:24:18 INFO  Id:    SoftwareManagement.sm_apt_install_remove_default
09:24:18 INFO  Dir:   software_management_end_to_end/
09:24:18 INFO  Title: Validate end to end behaviour for the default plugin for installation and removal of packages
09:24:18 INFO  ==============================================================
09:24:18 INFO  Testing the apt plugin is not supported on this platform.Use parameter -XmyPlatform='container' to enable it ... skipped
09:24:18 WARN  Aborted test due to SKIPPED outcome
09:24:18 INFO  
09:24:18 INFO  Test duration: 0.02 secs
09:24:18 INFO  Test final outcome:  SKIPPED
09:24:18 INFO  Test outcome reason: Testing the apt plugin is not supported on this platform.Use parameter -XmyPlatform='container' to enable it
09:24:18 INFO  
</system-out>
	</testcase>
<testcase classname="PySysTest" name="SoftwareManagement.sm_apt_install_remove_default" />
<testcase classname="PySysTest" name="SoftwareManagement.sm_apt_install_remove_default" />
</testsuite><testsuite name="SoftwareManagement.sm_apt_install_remove_multiple" tests="3" errors="0" failures="2" skipped="1" time="0"><testcase classname="PySysTest" name="SoftwareManagement.sm_apt_install_remove_multiple">
		<skipped message="SKIPPED: Testing the apt plugin is not supported on this platform.Use parameter -XmyPlatform='container' to enable it" />
		<system-out>09:24:18 INFO  ==============================================================
09:24:18 INFO  Id:    SoftwareManagement.sm_apt_install_remove_multiple
09:24:18 INFO  Dir:   software_management_end_to_end/
09:24:18 INFO  Title: Validate end to end behaviour for the apt plugin for multiple packages
09:24:18 INFO  ==============================================================
09:24:18 INFO  Testing the apt plugin is not supported on this platform.Use parameter -XmyPlatform='container' to enable it ... skipped
09:24:18 WARN  Aborted test due to SKIPPED outcome
09:24:18 INFO  
09:24:18 INFO  Test duration: 0.04 secs
09:24:18 INFO  Test final outcome:  SKIPPED
09:24:18 INFO  Test outcome reason: Testing the apt plugin is not supported on this platform.Use parameter -XmyPlatform='container' to enable it
09:24:18 INFO  
</system-out>
	</testcase>
<testcase classname="PySysTest" name="SoftwareManagement.sm_apt_install_remove_multiple">
		<failure message="FAILED: Assert that (False == value) with value=True" type="FAILED" />
		<system-out>09:57:16 INFO  ==============================================================
09:57:16 INFO  Id:    SoftwareManagement.sm_apt_install_remove_multiple
09:57:16 INFO  Dir:   software_management_end_to_end/
09:57:16 INFO  Title: Validate end to end behaviour for the apt plugin for multiple packages
09:57:16 INFO  ==============================================================
09:57:16 INFO  Using sw id database: {'asciijump': '5475369', 'robotfindskitten': '5474869', 'squirrel3': '5475279', 'rolldice': '5152439', 'moon-buggy': '5439204', 'apple': '5495053', 'banana': '5494888', 'cherry': '5495382', 'watermelon': '5494510', 'registry': '8018911', 'hello-world': '8021526', 'docker/getting-started': '8021973', 'alpine': '7991792'}
09:57:16 INFO  EnvironmentC8y Setup
09:57:17 INFO  Executed systemctl&lt;serv_mapper1&gt;, exit status 3
09:57:17 INFO  Restarting mosquitto too frequently in the last 10 seconds. It was only up for 5 seconds
09:57:17 INFO  Delaying execution by 6 seconds
09:57:38 INFO  Executed sudo&lt;tedge_connect_c8y&gt;, exit status 0, duration 14 secs
09:57:38 INFO  Executed sudo&lt;tedge_connect_c8y_test&gt;, exit status 0
09:57:39 INFO  Executed systemctl&lt;serv_mosq2&gt;, exit status 0
09:57:39 INFO  Executed systemctl&lt;serv_mapper3&gt;, exit status 0
09:57:42 INFO  State of current operation: SUCCESSFUL
09:57:42 INFO  Assert that (False == value) with value=False ... passed
09:57:42 INFO  Assert that (False == value) with value=False ... passed
09:57:42 INFO  Assert that (False == value) with value=False ... passed
09:57:43 INFO  Package robotfindskitten is installed
09:57:43 WARN  Assert that (False == value) with value=True ... failed 
09:57:43 INFO  Response status: 201
09:57:43 INFO  Response to action: {
    "delivery": {
        "log": [],
        "time": "2022-05-23T09:57:43.343Z",
        "status": "PENDING"
    },
    "creationTime": "2022-05-23T09:57:43.302Z",
    "deviceId": "19484862",
    "deviceName": "mythicb",
    "self": "https://t493319102.eu-latest.cumulocity.com/devicecontrol/operations/19508362",
    "id": "19508362",
    "status": "PENDING",
    "description": "Apply software changes, triggered from PySys: [{'action': 'install', 'id': '5475369', 'name': 'asciijump', 'url': ' ', 'version': '::apt'}, {'action': 'install', 'id': '5474869', 'name': 'robotfindskitten', 'url': ' ', 'version': '::apt'}, {'action': 'install', 'id': '5475279', 'name': 'squirrel3', 'url': ' ', 'version': '::apt'}]",
    "c8y_SoftwareUpdate": [
        {
            "name": "asciijump",
            "action": "install",
            "id": "5475369",
            "version": "::apt",
            "url": " "
        },
        {
            "name": "robotfindskitten",
            "action": "install",
            "id": "5474869",
            "version": "::apt",
            "url": " "
        },
        {
            "name": "squirrel3",
            "action": "install",
            "id": "5475279",
            "version": "::apt",
            "url": " "
        }
    ]
}
09:57:43 INFO  Started operation: {'delivery': {'log': [], 'time': '2022-05-23T09:57:43.343Z', 'status': 'PENDING'}, 'creationTime': '2022-05-23T09:57:43.302Z', 'deviceId': '19484862', 'deviceName': 'mythicb', 'self': 'https://t493319102.eu-latest.cumulocity.com/devicecontrol/operations/19508362', 'id': '19508362', 'status': 'PENDING', 'description': "Apply software changes, triggered from PySys: [{'action': 'install', 'id': '5475369', 'name': 'asciijump', 'url': ' ', 'version': '::apt'}, {'action': 'install', 'id': '5474869', 'name': 'robotfindskitten', 'url': ' ', 'version': '::apt'}, {'action': 'install', 'id': '5475279', 'name': 'squirrel3', 'url': ' ', 'version': '::apt'}]", 'c8y_SoftwareUpdate': [{'name': 'asciijump', 'action': 'install', 'id': '5475369', 'version': '::apt', 'url': ' '}, {'name': 'robotfindskitten', 'action': 'install', 'id': '5474869', 'version': '::apt', 'url': ' '}, {'name': 'squirrel3', 'action': 'install', 'id': '5475279', 'version': '::apt', 'url': ' '}]}
09:57:45 INFO  State of operation 19508362 : PENDING
09:57:47 INFO  State of operation 19508362 : EXECUTING
09:57:50 INFO  State of operation 19508362 : EXECUTING
09:57:52 INFO  State of operation 19508362 : EXECUTING
09:57:54 INFO  State of operation 19508362 : EXECUTING
09:57:56 INFO  State of operation 19508362 : EXECUTING
09:57:59 INFO  State of operation 19508362 : EXECUTING
09:58:02 INFO  State of operation 19508362 : EXECUTING
09:58:04 INFO  State of operation 19508362 : EXECUTING
09:58:07 INFO  State of operation 19508362 : EXECUTING
09:58:09 INFO  State of operation 19508362 : EXECUTING
09:58:11 INFO  State of operation 19508362 : EXECUTING
09:58:13 INFO  State of operation 19508362 : EXECUTING
09:58:16 INFO  State of operation 19508362 : EXECUTING
09:58:18 INFO  State of operation 19508362 : EXECUTING
09:58:20 INFO  State of operation 19508362 : EXECUTING
09:58:23 INFO  State of operation 19508362 : EXECUTING
09:58:25 INFO  State of operation 19508362 : EXECUTING
09:58:28 INFO  State of operation 19508362 : EXECUTING
09:58:30 INFO  State of operation 19508362 : EXECUTING
09:58:32 INFO  State of operation 19508362 : EXECUTING
09:58:35 INFO  State of operation 19508362 : EXECUTING
09:58:37 INFO  State of operation 19508362 : EXECUTING
09:58:39 INFO  State of operation 19508362 : EXECUTING
09:58:42 INFO  State of operation 19508362 : EXECUTING
09:58:45 INFO  State of operation 19508362 : EXECUTING
09:58:47 INFO  State of operation 19508362 : EXECUTING
09:58:50 INFO  State of operation 19508362 : EXECUTING
09:58:52 INFO  State of operation 19508362 : EXECUTING
09:58:55 INFO  State of operation 19508362 : EXECUTING
09:58:57 INFO  State of operation 19508362 : EXECUTING
09:58:59 INFO  State of operation 19508362 : EXECUTING
09:59:02 INFO  State of operation 19508362 : EXECUTING
09:59:04 INFO  State of operation 19508362 : EXECUTING
09:59:06 INFO  State of operation 19508362 : SUCCESSFUL
09:59:06 INFO  Assert that (False == value) with value=False ... passed
09:59:07 INFO  Package asciijump is installed
09:59:07 INFO  Assert that (True == value) with value=True ... passed
09:59:07 INFO  Package squirrel3 is installed
09:59:07 INFO  Assert that (True == value) with value=True ... passed
09:59:07 INFO  Package robotfindskitten is installed
09:59:07 INFO  Assert that (True == value) with value=True ... passed
09:59:07 INFO  Response status: 201
09:59:07 INFO  Response to action: {
    "delivery": {
        "log": [],
        "time": "2022-05-23T09:59:07.729Z",
        "status": "PENDING"
    },
    "creationTime": "2022-05-23T09:59:07.709Z",
    "deviceId": "19484862",
    "deviceName": "mythicb",
    "self": "https://t493319102.eu-latest.cumulocity.com/devicecontrol/operations/19508378",
    "id": "19508378",
    "status": "PENDING",
    "description": "Apply software changes, triggered from PySys: [{'action': 'delete', 'id': '5475369', 'name': 'asciijump', 'url': ' ', 'version': '::apt'}, {'action': 'delete', 'id': '5474869', 'name': 'robotfindskitten', 'url': ' ', 'version': '::apt'}, {'action': 'delete', 'id': '5475279', 'name': 'squirrel3', 'url': ' ', 'version': '::apt'}]",
    "c8y_SoftwareUpdate": [
        {
            "name": "asciijump",
            "action": "delete",
            "id": "5475369",
            "version": "::apt",
            "url": " "
        },
        {
            "name": "robotfindskitten",
            "action": "delete",
            "id": "5474869",
            "version": "::apt",
            "url": " "
        },
        {
            "name": "squirrel3",
            "action": "delete",
            "id": "5475279",
            "version": "::apt",
            "url": " "
        }
    ]
}
09:59:07 INFO  Started operation: {'delivery': {'log': [], 'time': '2022-05-23T09:59:07.729Z', 'status': 'PENDING'}, 'creationTime': '2022-05-23T09:59:07.709Z', 'deviceId': '19484862', 'deviceName': 'mythicb', 'self': 'https://t493319102.eu-latest.cumulocity.com/devicecontrol/operations/19508378', 'id': '19508378', 'status': 'PENDING', 'description': "Apply software changes, triggered from PySys: [{'action': 'delete', 'id': '5475369', 'name': 'asciijump', 'url': ' ', 'version': '::apt'}, {'action': 'delete', 'id': '5474869', 'name': 'robotfindskitten', 'url': ' ', 'version': '::apt'}, {'action': 'delete', 'id': '5475279', 'name': 'squirrel3', 'url': ' ', 'version': '::apt'}]", 'c8y_SoftwareUpdate': [{'name': 'asciijump', 'action': 'delete', 'id': '5475369', 'version': '::apt', 'url': ' '}, {'name': 'robotfindskitten', 'action': 'delete', 'id': '5474869', 'version': '::apt', 'url': ' '}, {'name': 'squirrel3', 'action': 'delete', 'id': '5475279', 'version': '::apt', 'url': ' '}]}
09:59:10 INFO  State of operation 19508378 : PENDING
09:59:12 INFO  State of operation 19508378 : EXECUTING
09:59:14 INFO  State of operation 19508378 : EXECUTING
09:59:16 INFO  State of operation 19508378 : EXECUTING
09:59:18 INFO  State of operation 19508378 : EXECUTING
09:59:21 INFO  State of operation 19508378 : EXECUTING
09:59:24 INFO  State of operation 19508378 : EXECUTING
09:59:27 INFO  State of operation 19508378 : EXECUTING
09:59:30 INFO  State of operation 19508378 : EXECUTING
09:59:32 INFO  State of operation 19508378 : EXECUTING
09:59:34 INFO  State of operation 19508378 : EXECUTING
09:59:37 INFO  State of operation 19508378 : EXECUTING
09:59:39 INFO  State of operation 19508378 : EXECUTING
09:59:41 INFO  State of operation 19508378 : EXECUTING
09:59:43 INFO  State of operation 19508378 : EXECUTING
09:59:46 INFO  State of operation 19508378 : EXECUTING
09:59:48 INFO  State of operation 19508378 : EXECUTING
09:59:51 INFO  State of operation 19508378 : EXECUTING
09:59:53 INFO  State of operation 19508378 : EXECUTING
09:59:56 INFO  State of operation 19508378 : EXECUTING
09:59:58 INFO  State of operation 19508378 : EXECUTING
10:00:00 INFO  State of operation 19508378 : EXECUTING
10:00:02 INFO  State of operation 19508378 : EXECUTING
10:00:05 INFO  State of operation 19508378 : EXECUTING
10:00:08 INFO  State of operation 19508378 : EXECUTING
10:00:10 INFO  State of operation 19508378 : EXECUTING
10:00:12 INFO  State of operation 19508378 : EXECUTING
10:00:15 INFO  State of operation 19508378 : SUCCESSFUL
10:00:15 INFO  Assert that (False == value) with value=False ... passed
10:00:15 INFO  Assert that (False == value) with value=False ... passed
10:00:15 INFO  Assert that (False == value) with value=False ... passed
10:00:15 INFO  Assert that (False == value) with value=False ... passed
10:00:15 INFO  
10:00:15 INFO  cleanup:
10:00:19 INFO  Executed sudo&lt;tedge_disconnect_c8y&gt;, exit status 0
10:00:20 INFO  Executed systemctl&lt;serv_mapper5&gt;, exit status 3
10:00:20 INFO  
10:00:20 INFO  Test duration: 183.71 secs
10:00:20 INFO  Test final outcome:  FAILED
10:00:20 INFO  Test outcome reason: Assert that (False == value) with value=True
10:00:20 INFO  
</system-out>
	</testcase>
<testcase classname="PySysTest" name="SoftwareManagement.sm_apt_install_remove_multiple">
		<failure message="FAILED: Assert that (False == value) with value=True (+2 other failures)" type="FAILED" />
		<system-out>10:24:36 INFO  ==============================================================
10:24:36 INFO  Id:    SoftwareManagement.sm_apt_install_remove_multiple
10:24:36 INFO  Dir:   software_management_end_to_end/
10:24:36 INFO  Title: Validate end to end behaviour for the apt plugin for multiple packages
10:24:36 INFO  ==============================================================
10:24:36 INFO  Using sw id database: {'asciijump': '5475369', 'robotfindskitten': '5474869', 'squirrel3': '5475279', 'rolldice': '5152439', 'moon-buggy': '5439204', 'apple': '5495053', 'banana': '5494888', 'cherry': '5495382', 'watermelon': '5494510', 'registry': '8018911', 'hello-world': '8021526', 'docker/getting-started': '8021973', 'alpine': '7991792'}
10:24:36 INFO  EnvironmentC8y Setup
10:24:37 INFO  Executed systemctl&lt;serv_mapper1&gt;, exit status 3
10:24:37 INFO  Restarting mosquitto too frequently in the last 10 seconds. It was only up for 5 seconds
10:24:37 INFO  Delaying execution by 6 seconds
10:24:58 INFO  Executed sudo&lt;tedge_connect_c8y&gt;, exit status 0, duration 14 secs
10:24:59 INFO  Executed sudo&lt;tedge_connect_c8y_test&gt;, exit status 0
10:24:59 INFO  Executed systemctl&lt;serv_mosq2&gt;, exit status 0
10:25:00 INFO  Executed systemctl&lt;serv_mapper3&gt;, exit status 0
10:25:02 INFO  State of current operation: SUCCESSFUL
10:25:02 INFO  Assert that (False == value) with value=False ... passed
10:25:02 INFO  Package asciijump is installed
10:25:02 WARN  Assert that (False == value) with value=True ... failed 
10:25:03 INFO  Package squirrel3 is installed
10:25:03 WARN  Assert that (False == value) with value=True ... failed 
10:25:03 INFO  Package robotfindskitten is installed
10:25:03 WARN  Assert that (False == value) with value=True ... failed 
10:25:03 INFO  Response status: 201
10:25:03 INFO  Response to action: {
    "creationTime": "2022-05-23T10:25:03.531Z",
    "deviceId": "19484862",
    "deviceName": "mythicb",
    "self": "https://t493319102.eu-latest.cumulocity.com/devicecontrol/operations/19512791",
    "id": "19512791",
    "status": "PENDING",
    "description": "Apply software changes, triggered from PySys: [{'action': 'install', 'id': '5475369', 'name': 'asciijump', 'url': ' ', 'version': '::apt'}, {'action': 'install', 'id': '5474869', 'name': 'robotfindskitten', 'url': ' ', 'version': '::apt'}, {'action': 'install', 'id': '5475279', 'name': 'squirrel3', 'url': ' ', 'version': '::apt'}]",
    "c8y_SoftwareUpdate": [
        {
            "name": "asciijump",
            "action": "install",
            "id": "5475369",
            "version": "::apt",
            "url": " "
        },
        {
            "name": "robotfindskitten",
            "action": "install",
            "id": "5474869",
            "version": "::apt",
            "url": " "
        },
        {
            "name": "squirrel3",
            "action": "install",
            "id": "5475279",
            "version": "::apt",
            "url": " "
        }
    ]
}
10:25:03 INFO  Started operation: {'creationTime': '2022-05-23T10:25:03.531Z', 'deviceId': '19484862', 'deviceName': 'mythicb', 'self': 'https://t493319102.eu-latest.cumulocity.com/devicecontrol/operations/19512791', 'id': '19512791', 'status': 'PENDING', 'description': "Apply software changes, triggered from PySys: [{'action': 'install', 'id': '5475369', 'name': 'asciijump', 'url': ' ', 'version': '::apt'}, {'action': 'install', 'id': '5474869', 'name': 'robotfindskitten', 'url': ' ', 'version': '::apt'}, {'action': 'install', 'id': '5475279', 'name': 'squirrel3', 'url': ' ', 'version': '::apt'}]", 'c8y_SoftwareUpdate': [{'name': 'asciijump', 'action': 'install', 'id': '5475369', 'version': '::apt', 'url': ' '}, {'name': 'robotfindskitten', 'action': 'install', 'id': '5474869', 'version': '::apt', 'url': ' '}, {'name': 'squirrel3', 'action': 'install', 'id': '5475279', 'version': '::apt', 'url': ' '}]}
10:25:05 INFO  State of operation 19512791 : PENDING
10:25:08 INFO  State of operation 19512791 : EXECUTING
10:25:10 INFO  State of operation 19512791 : EXECUTING
10:25:12 INFO  State of operation 19512791 : EXECUTING
10:25:14 INFO  State of operation 19512791 : EXECUTING
10:25:17 INFO  State of operation 19512791 : EXECUTING
10:25:19 INFO  State of operation 19512791 : EXECUTING
10:25:21 INFO  State of operation 19512791 : EXECUTING
10:25:24 INFO  State of operation 19512791 : EXECUTING
10:25:27 INFO  State of operation 19512791 : EXECUTING
10:25:29 INFO  State of operation 19512791 : EXECUTING
10:25:31 INFO  State of operation 19512791 : EXECUTING
10:25:33 INFO  State of operation 19512791 : EXECUTING
10:25:36 INFO  State of operation 19512791 : EXECUTING
10:25:38 INFO  State of operation 19512791 : EXECUTING
10:25:40 INFO  State of operation 19512791 : SUCCESSFUL
10:25:41 INFO  Assert that (False == value) with value=False ... passed
10:25:41 INFO  Package asciijump is installed
10:25:41 INFO  Assert that (True == value) with value=True ... passed
10:25:41 INFO  Package squirrel3 is installed
10:25:41 INFO  Assert that (True == value) with value=True ... passed
10:25:41 INFO  Package robotfindskitten is installed
10:25:41 INFO  Assert that (True == value) with value=True ... passed
10:25:41 INFO  Response status: 201
10:25:41 INFO  Response to action: {
    "creationTime": "2022-05-23T10:25:41.914Z",
    "deviceId": "19484862",
    "deviceName": "mythicb",
    "self": "https://t493319102.eu-latest.cumulocity.com/devicecontrol/operations/19512803",
    "id": "19512803",
    "status": "PENDING",
    "description": "Apply software changes, triggered from PySys: [{'action': 'delete', 'id': '5475369', 'name': 'asciijump', 'url': ' ', 'version': '::apt'}, {'action': 'delete', 'id': '5474869', 'name': 'robotfindskitten', 'url': ' ', 'version': '::apt'}, {'action': 'delete', 'id': '5475279', 'name': 'squirrel3', 'url': ' ', 'version': '::apt'}]",
    "c8y_SoftwareUpdate": [
        {
            "name": "asciijump",
            "action": "delete",
            "id": "5475369",
            "version": "::apt",
            "url": " "
        },
        {
            "name": "robotfindskitten",
            "action": "delete",
            "id": "5474869",
            "version": "::apt",
            "url": " "
        },
        {
            "name": "squirrel3",
            "action": "delete",
            "id": "5475279",
            "version": "::apt",
            "url": " "
        }
    ]
}
10:25:41 INFO  Started operation: {'creationTime': '2022-05-23T10:25:41.914Z', 'deviceId': '19484862', 'deviceName': 'mythicb', 'self': 'https://t493319102.eu-latest.cumulocity.com/devicecontrol/operations/19512803', 'id': '19512803', 'status': 'PENDING', 'description': "Apply software changes, triggered from PySys: [{'action': 'delete', 'id': '5475369', 'name': 'asciijump', 'url': ' ', 'version': '::apt'}, {'action': 'delete', 'id': '5474869', 'name': 'robotfindskitten', 'url': ' ', 'version': '::apt'}, {'action': 'delete', 'id': '5475279', 'name': 'squirrel3', 'url': ' ', 'version': '::apt'}]", 'c8y_SoftwareUpdate': [{'name': 'asciijump', 'action': 'delete', 'id': '5475369', 'version': '::apt', 'url': ' '}, {'name': 'robotfindskitten', 'action': 'delete', 'id': '5474869', 'version': '::apt', 'url': ' '}, {'name': 'squirrel3', 'action': 'delete', 'id': '5475279', 'version': '::apt', 'url': ' '}]}
10:25:44 INFO  State of operation 19512803 : PENDING
10:25:46 INFO  State of operation 19512803 : EXECUTING
10:25:48 INFO  State of operation 19512803 : EXECUTING
10:25:50 INFO  State of operation 19512803 : EXECUTING
10:25:53 INFO  State of operation 19512803 : EXECUTING
10:25:55 INFO  State of operation 19512803 : EXECUTING
10:25:58 INFO  State of operation 19512803 : EXECUTING
10:26:01 INFO  State of operation 19512803 : EXECUTING
10:26:03 INFO  State of operation 19512803 : EXECUTING
10:26:05 INFO  State of operation 19512803 : EXECUTING
10:26:07 INFO  State of operation 19512803 : EXECUTING
10:26:10 INFO  State of operation 19512803 : EXECUTING
10:26:12 INFO  State of operation 19512803 : EXECUTING
10:26:14 INFO  State of operation 19512803 : EXECUTING
10:26:16 INFO  State of operation 19512803 : EXECUTING
10:26:19 INFO  State of operation 19512803 : EXECUTING
10:26:21 INFO  State of operation 19512803 : EXECUTING
10:26:23 INFO  State of operation 19512803 : EXECUTING
10:26:26 INFO  State of operation 19512803 : EXECUTING
10:26:29 INFO  State of operation 19512803 : EXECUTING
10:26:31 INFO  State of operation 19512803 : EXECUTING
10:26:33 INFO  State of operation 19512803 : EXECUTING
10:26:35 INFO  State of operation 19512803 : EXECUTING
10:26:38 INFO  State of operation 19512803 : EXECUTING
10:26:40 INFO  State of operation 19512803 : EXECUTING
10:26:43 INFO  State of operation 19512803 : EXECUTING
10:26:45 INFO  State of operation 19512803 : EXECUTING
10:26:48 INFO  State of operation 19512803 : EXECUTING
10:26:50 INFO  State of operation 19512803 : EXECUTING
10:26:52 INFO  State of operation 19512803 : SUCCESSFUL
10:26:52 INFO  Assert that (False == value) with value=False ... passed
10:26:53 INFO  Assert that (False == value) with value=False ... passed
10:26:53 INFO  Assert that (False == value) with value=False ... passed
10:26:53 INFO  Assert that (False == value) with value=False ... passed
10:26:53 INFO  
10:26:53 INFO  cleanup:
10:26:58 INFO  Executed sudo&lt;tedge_disconnect_c8y&gt;, exit status 0
10:26:58 INFO  Executed systemctl&lt;serv_mapper5&gt;, exit status 3
10:26:58 INFO  
10:26:58 INFO  Test duration: 141.74 secs
10:26:58 INFO  Test final outcome:  FAILED
10:26:58 INFO  Test outcome reason: Assert that (False == value) with value=True (+2 other failures)
10:26:58 INFO  
</system-out>
	</testcase>
</testsuite><testsuite name="SoftwareManagement.sm_apt_install_remove_multiple_mixed" tests="3" errors="0" failures="2" skipped="1" time="0"><testcase classname="PySysTest" name="SoftwareManagement.sm_apt_install_remove_multiple_mixed">
		<skipped message="SKIPPED: Testing the apt plugin is not supported on this platform.Use parameter -XmyPlatform='container' to enable it" />
		<system-out>09:24:18 INFO  ==============================================================
09:24:18 INFO  Id:    SoftwareManagement.sm_apt_install_remove_multiple_mixed
09:24:18 INFO  Dir:   software_management_end_to_end/
09:24:18 INFO  Title: Validate end to end behaviour for the apt plugin for multiple packages with mixed versions
09:24:18 INFO  ==============================================================
09:24:19 INFO  Testing the apt plugin is not supported on this platform.Use parameter -XmyPlatform='container' to enable it ... skipped
09:24:19 WARN  Aborted test due to SKIPPED outcome
09:24:19 INFO  
09:24:19 INFO  Test duration: 0.02 secs
09:24:19 INFO  Test final outcome:  SKIPPED
09:24:19 INFO  Test outcome reason: Testing the apt plugin is not supported on this platform.Use parameter -XmyPlatform='container' to enable it
09:24:19 INFO  
</system-out>
	</testcase>
<testcase classname="PySysTest" name="SoftwareManagement.sm_apt_install_remove_multiple_mixed">
		<failure message="BLOCKED: SystemError: Timeout while waiting for status SUCCESSFUL or False" type="BLOCKED" />
		<system-out>10:00:20 INFO  ==============================================================
10:00:20 INFO  Id:    SoftwareManagement.sm_apt_install_remove_multiple_mixed
10:00:20 INFO  Dir:   software_management_end_to_end/
10:00:20 INFO  Title: Validate end to end behaviour for the apt plugin for multiple packages with mixed versions
10:00:20 INFO  ==============================================================
10:00:20 INFO  Using sw id database: {'asciijump': '5475369', 'robotfindskitten': '5474869', 'squirrel3': '5475279', 'rolldice': '5152439', 'moon-buggy': '5439204', 'apple': '5495053', 'banana': '5494888', 'cherry': '5495382', 'watermelon': '5494510', 'registry': '8018911', 'hello-world': '8021526', 'docker/getting-started': '8021973', 'alpine': '7991792'}
10:00:20 INFO  EnvironmentC8y Setup
10:00:21 INFO  Executed systemctl&lt;serv_mapper1&gt;, exit status 3
10:00:21 INFO  Restarting mosquitto too frequently in the last 10 seconds. It was only up for 5 seconds
10:00:21 INFO  Delaying execution by 6 seconds
10:00:41 INFO  Executed sudo&lt;tedge_connect_c8y&gt;, exit status 0, duration 14 secs
10:00:42 INFO  Executed sudo&lt;tedge_connect_c8y_test&gt;, exit status 0
10:00:42 INFO  Executed systemctl&lt;serv_mosq2&gt;, exit status 0
10:00:43 INFO  Executed systemctl&lt;serv_mapper3&gt;, exit status 0
10:00:45 INFO  State of current operation: SUCCESSFUL
10:00:45 INFO  Assert that (False == value) with value=False ... passed
10:00:45 INFO  Assert that (False == value) with value=False ... passed
10:00:46 INFO  Assert that (False == value) with value=False ... passed
10:00:46 INFO  Assert that (False == value) with value=False ... passed
10:00:46 INFO  Assert that (False == value) with value=False ... passed
10:00:47 INFO  Response status: 201
10:00:47 INFO  Response to action: {
    "creationTime": "2022-05-23T10:00:47.709Z",
    "deviceId": "19484862",
    "deviceName": "mythicb",
    "self": "https://t493319102.eu-latest.cumulocity.com/devicecontrol/operations/19508567",
    "id": "19508567",
    "status": "PENDING",
    "description": "Apply software changes, triggered from PySys: [{'action': 'install', 'id': '5475369', 'name': 'asciijump', 'url': ' ', 'version': '::apt'}, {'action': 'install', 'id': '5474869', 'name': 'robotfindskitten', 'url': ' ', 'version': ' '}, {'action': 'install', 'id': '5475279', 'name': 'squirrel3', 'url': ' ', 'version': '3.1-7::apt'}, {'action': 'install', 'id': '5152439', 'name': 'rolldice', 'url': ' ', 'version': '1.16-1+b1'}, {'action': 'install', 'id': '5439204', 'name': 'moon-buggy', 'url': ' ', 'version': '1:1.0.51-12'}, {'action': 'install', 'id': '5475369', 'name': 'asciijump', 'url': ' ', 'version': '::apt'}]",
    "c8y_SoftwareUpdate": [
        {
            "name": "asciijump",
            "action": "install",
            "id": "5475369",
            "version": "::apt",
            "url": " "
        },
        {
            "name": "robotfindskitten",
            "action": "install",
            "id": "5474869",
            "version": " ",
            "url": " "
        },
        {
            "name": "squirrel3",
            "action": "install",
            "id": "5475279",
            "version": "3.1-7::apt",
            "url": " "
        },
        {
            "name": "rolldice",
            "action": "install",
            "id": "5152439",
            "version": "1.16-1+b1",
            "url": " "
        },
        {
            "name": "moon-buggy",
            "action": "install",
            "id": "5439204",
            "version": "1:1.0.51-12",
            "url": " "
        },
        {
            "name": "asciijump",
            "action": "install",
            "id": "5475369",
            "version": "::apt",
            "url": " "
        }
    ]
}
10:00:47 INFO  Started operation: {'creationTime': '2022-05-23T10:00:47.709Z', 'deviceId': '19484862', 'deviceName': 'mythicb', 'self': 'https://t493319102.eu-latest.cumulocity.com/devicecontrol/operations/19508567', 'id': '19508567', 'status': 'PENDING', 'description': "Apply software changes, triggered from PySys: [{'action': 'install', 'id': '5475369', 'name': 'asciijump', 'url': ' ', 'version': '::apt'}, {'action': 'install', 'id': '5474869', 'name': 'robotfindskitten', 'url': ' ', 'version': ' '}, {'action': 'install', 'id': '5475279', 'name': 'squirrel3', 'url': ' ', 'version': '3.1-7::apt'}, {'action': 'install', 'id': '5152439', 'name': 'rolldice', 'url': ' ', 'version': '1.16-1+b1'}, {'action': 'install', 'id': '5439204', 'name': 'moon-buggy', 'url': ' ', 'version': '1:1.0.51-12'}, {'action': 'install', 'id': '5475369', 'name': 'asciijump', 'url': ' ', 'version': '::apt'}]", 'c8y_SoftwareUpdate': [{'name': 'asciijump', 'action': 'install', 'id': '5475369', 'version': '::apt', 'url': ' '}, {'name': 'robotfindskitten', 'action': 'install', 'id': '5474869', 'version': ' ', 'url': ' '}, {'name': 'squirrel3', 'action': 'install', 'id': '5475279', 'version': '3.1-7::apt', 'url': ' '}, {'name': 'rolldice', 'action': 'install', 'id': '5152439', 'version': '1.16-1+b1', 'url': ' '}, {'name': 'moon-buggy', 'action': 'install', 'id': '5439204', 'version': '1:1.0.51-12', 'url': ' '}, {'name': 'asciijump', 'action': 'install', 'id': '5475369', 'version': '::apt', 'url': ' '}]}
10:00:49 INFO  State of operation 19508567 : PENDING
10:00:52 INFO  State of operation 19508567 : EXECUTING
10:00:54 INFO  State of operation 19508567 : EXECUTING
10:00:56 INFO  State of operation 19508567 : EXECUTING
10:00:58 INFO  State of operation 19508567 : EXECUTING
10:01:01 INFO  State of operation 19508567 : EXECUTING
10:01:03 INFO  State of operation 19508567 : EXECUTING
10:01:06 INFO  State of operation 19508567 : EXECUTING
10:01:09 INFO  State of operation 19508567 : EXECUTING
10:01:11 INFO  State of operation 19508567 : EXECUTING
10:01:13 INFO  State of operation 19508567 : EXECUTING
10:01:16 INFO  State of operation 19508567 : EXECUTING
10:01:18 INFO  State of operation 19508567 : EXECUTING
10:01:20 INFO  State of operation 19508567 : EXECUTING
10:01:22 INFO  State of operation 19508567 : EXECUTING
10:01:25 INFO  State of operation 19508567 : EXECUTING
10:01:27 INFO  State of operation 19508567 : EXECUTING
10:01:30 INFO  State of operation 19508567 : EXECUTING
10:01:32 INFO  State of operation 19508567 : EXECUTING
10:01:35 INFO  State of operation 19508567 : EXECUTING
10:01:37 INFO  State of operation 19508567 : EXECUTING
10:01:40 INFO  State of operation 19508567 : EXECUTING
10:01:42 INFO  State of operation 19508567 : EXECUTING
10:01:44 INFO  State of operation 19508567 : EXECUTING
10:01:47 INFO  State of operation 19508567 : EXECUTING
10:01:49 INFO  State of operation 19508567 : EXECUTING
10:01:52 INFO  State of operation 19508567 : EXECUTING
10:01:54 INFO  State of operation 19508567 : EXECUTING
10:01:56 INFO  State of operation 19508567 : EXECUTING
10:01:59 INFO  State of operation 19508567 : EXECUTING
10:02:01 INFO  State of operation 19508567 : EXECUTING
10:02:03 INFO  State of operation 19508567 : EXECUTING
10:02:06 INFO  State of operation 19508567 : EXECUTING
10:02:08 INFO  State of operation 19508567 : EXECUTING
10:02:10 INFO  State of operation 19508567 : EXECUTING
10:02:12 INFO  State of operation 19508567 : EXECUTING
10:02:15 INFO  State of operation 19508567 : EXECUTING
10:02:17 INFO  State of operation 19508567 : EXECUTING
10:02:19 INFO  State of operation 19508567 : EXECUTING
10:02:22 INFO  State of operation 19508567 : EXECUTING
10:02:25 INFO  State of operation 19508567 : EXECUTING
10:02:27 INFO  State of operation 19508567 : EXECUTING
10:02:29 INFO  State of operation 19508567 : EXECUTING
10:02:31 INFO  State of operation 19508567 : EXECUTING
10:02:34 INFO  State of operation 19508567 : EXECUTING
10:02:36 INFO  State of operation 19508567 : EXECUTING
10:02:38 INFO  State of operation 19508567 : EXECUTING
10:02:40 INFO  State of operation 19508567 : EXECUTING
10:02:43 INFO  State of operation 19508567 : EXECUTING
10:02:45 INFO  State of operation 19508567 : EXECUTING
10:02:48 INFO  State of operation 19508567 : EXECUTING
10:02:51 INFO  State of operation 19508567 : EXECUTING
10:02:53 INFO  State of operation 19508567 : EXECUTING
10:02:55 INFO  State of operation 19508567 : EXECUTING
10:02:57 INFO  State of operation 19508567 : EXECUTING
10:03:00 INFO  State of operation 19508567 : EXECUTING
10:03:03 INFO  State of operation 19508567 : EXECUTING
10:03:05 INFO  State of operation 19508567 : EXECUTING
10:03:07 INFO  State of operation 19508567 : EXECUTING
10:03:09 INFO  State of operation 19508567 : EXECUTING
10:03:11 INFO  State of operation 19508567 : EXECUTING
10:03:13 WARN  SystemError occurred while running test - Timeout while waiting for status SUCCESSFUL or False
Traceback (most recent call last):
  File "/home/pi/env-pysys/lib/python3.7/site-packages/pysys/baserunner.py", line 1294, in __call__
    self.testObj.execute()
  File "/home/pi/actions-runner/_work/thin-edge.io/thin-edge.io/tests/PySys/software_management_end_to_end/sm_apt_install_remove_multiple_mixed/run.py", line 89, in execute
    self.wait_until_succcess()
  File "/home/pi/actions-runner/_work/thin-edge.io/thin-edge.io/tests/PySys/software_management_end_to_end/environment_sm_management.py", line 324, in wait_until_succcess
    self.wait_until_status("SUCCESSFUL")
  File "/home/pi/actions-runner/_work/thin-edge.io/thin-edge.io/tests/PySys/software_management_end_to_end/environment_sm_management.py", line 381, in wait_until_status
    "Timeout while waiting for status %s or %s" % (status, status2)
SystemError: Timeout while waiting for status SUCCESSFUL or False
10:03:13 WARN  SystemError: Timeout while waiting for status SUCCESSFUL or False ... blocked 
10:03:13 INFO  
10:03:13 INFO  cleanup:
10:03:18 INFO  Executed sudo&lt;tedge_disconnect_c8y&gt;, exit status 0
10:03:18 INFO  Executed systemctl&lt;serv_mapper5&gt;, exit status 3
10:03:18 INFO  
10:03:18 INFO  Test duration: 178.29 secs
10:03:18 INFO  Test final outcome:  BLOCKED
10:03:18 INFO  Test outcome reason: SystemError: Timeout while waiting for status SUCCESSFUL or False
10:03:18 INFO  
</system-out>
	</testcase>
<testcase classname="PySysTest" name="SoftwareManagement.sm_apt_install_remove_multiple_mixed">
		<failure message="BLOCKED: SystemError: Timeout while waiting for status SUCCESSFUL or False (+1 other failures)" type="BLOCKED" />
		<system-out>10:26:58 INFO  ==============================================================
10:26:58 INFO  Id:    SoftwareManagement.sm_apt_install_remove_multiple_mixed
10:26:58 INFO  Dir:   software_management_end_to_end/
10:26:58 INFO  Title: Validate end to end behaviour for the apt plugin for multiple packages with mixed versions
10:26:58 INFO  ==============================================================
10:26:58 INFO  Using sw id database: {'asciijump': '5475369', 'robotfindskitten': '5474869', 'squirrel3': '5475279', 'rolldice': '5152439', 'moon-buggy': '5439204', 'apple': '5495053', 'banana': '5494888', 'cherry': '5495382', 'watermelon': '5494510', 'registry': '8018911', 'hello-world': '8021526', 'docker/getting-started': '8021973', 'alpine': '7991792'}
10:26:58 INFO  EnvironmentC8y Setup
10:26:59 INFO  Executed systemctl&lt;serv_mapper1&gt;, exit status 3
10:26:59 INFO  Restarting mosquitto too frequently in the last 10 seconds. It was only up for 5 seconds
10:26:59 INFO  Delaying execution by 6 seconds
10:27:19 INFO  Executed sudo&lt;tedge_connect_c8y&gt;, exit status 0, duration 13 secs
10:27:20 INFO  Executed sudo&lt;tedge_connect_c8y_test&gt;, exit status 0
10:27:20 INFO  Executed systemctl&lt;serv_mosq2&gt;, exit status 0
10:27:21 INFO  Executed systemctl&lt;serv_mapper3&gt;, exit status 0
10:27:23 INFO  State of current operation: SUCCESSFUL
10:27:23 INFO  Assert that (False == value) with value=False ... passed
10:27:23 INFO  Assert that (False == value) with value=False ... passed
10:27:24 INFO  Assert that (False == value) with value=False ... passed
10:27:24 INFO  Assert that (False == value) with value=False ... passed
10:27:24 INFO  Package moon-buggy is installed
10:27:24 WARN  Assert that (False == value) with value=True ... failed 
10:27:25 INFO  Response status: 201
10:27:25 INFO  Response to action: {
    "creationTime": "2022-05-23T10:27:25.892Z",
    "deviceId": "19484862",
    "deviceName": "mythicb",
    "self": "https://t493319102.eu-latest.cumulocity.com/devicecontrol/operations/19512820",
    "id": "19512820",
    "status": "PENDING",
    "description": "Apply software changes, triggered from PySys: [{'action': 'install', 'id': '5475369', 'name': 'asciijump', 'url': ' ', 'version': '::apt'}, {'action': 'install', 'id': '5474869', 'name': 'robotfindskitten', 'url': ' ', 'version': ' '}, {'action': 'install', 'id': '5475279', 'name': 'squirrel3', 'url': ' ', 'version': '3.1-7::apt'}, {'action': 'install', 'id': '5152439', 'name': 'rolldice', 'url': ' ', 'version': '1.16-1+b1'}, {'action': 'install', 'id': '5439204', 'name': 'moon-buggy', 'url': ' ', 'version': '1:1.0.51-12'}, {'action': 'install', 'id': '5475369', 'name': 'asciijump', 'url': ' ', 'version': '::apt'}]",
    "c8y_SoftwareUpdate": [
        {
            "name": "asciijump",
            "action": "install",
            "id": "5475369",
            "version": "::apt",
            "url": " "
        },
        {
            "name": "robotfindskitten",
            "action": "install",
            "id": "5474869",
            "version": " ",
            "url": " "
        },
        {
            "name": "squirrel3",
            "action": "install",
            "id": "5475279",
            "version": "3.1-7::apt",
            "url": " "
        },
        {
            "name": "rolldice",
            "action": "install",
            "id": "5152439",
            "version": "1.16-1+b1",
            "url": " "
        },
        {
            "name": "moon-buggy",
            "action": "install",
            "id": "5439204",
            "version": "1:1.0.51-12",
            "url": " "
        },
        {
            "name": "asciijump",
            "action": "install",
            "id": "5475369",
            "version": "::apt",
            "url": " "
        }
    ]
}
10:27:25 INFO  Started operation: {'creationTime': '2022-05-23T10:27:25.892Z', 'deviceId': '19484862', 'deviceName': 'mythicb', 'self': 'https://t493319102.eu-latest.cumulocity.com/devicecontrol/operations/19512820', 'id': '19512820', 'status': 'PENDING', 'description': "Apply software changes, triggered from PySys: [{'action': 'install', 'id': '5475369', 'name': 'asciijump', 'url': ' ', 'version': '::apt'}, {'action': 'install', 'id': '5474869', 'name': 'robotfindskitten', 'url': ' ', 'version': ' '}, {'action': 'install', 'id': '5475279', 'name': 'squirrel3', 'url': ' ', 'version': '3.1-7::apt'}, {'action': 'install', 'id': '5152439', 'name': 'rolldice', 'url': ' ', 'version': '1.16-1+b1'}, {'action': 'install', 'id': '5439204', 'name': 'moon-buggy', 'url': ' ', 'version': '1:1.0.51-12'}, {'action': 'install', 'id': '5475369', 'name': 'asciijump', 'url': ' ', 'version': '::apt'}]", 'c8y_SoftwareUpdate': [{'name': 'asciijump', 'action': 'install', 'id': '5475369', 'version': '::apt', 'url': ' '}, {'name': 'robotfindskitten', 'action': 'install', 'id': '5474869', 'version': ' ', 'url': ' '}, {'name': 'squirrel3', 'action': 'install', 'id': '5475279', 'version': '3.1-7::apt', 'url': ' '}, {'name': 'rolldice', 'action': 'install', 'id': '5152439', 'version': '1.16-1+b1', 'url': ' '}, {'name': 'moon-buggy', 'action': 'install', 'id': '5439204', 'version': '1:1.0.51-12', 'url': ' '}, {'name': 'asciijump', 'action': 'install', 'id': '5475369', 'version': '::apt', 'url': ' '}]}
10:27:28 INFO  State of operation 19512820 : PENDING
10:27:30 INFO  State of operation 19512820 : EXECUTING
10:27:32 INFO  State of operation 19512820 : EXECUTING
10:27:35 INFO  State of operation 19512820 : EXECUTING
10:27:37 INFO  State of operation 19512820 : EXECUTING
10:27:39 INFO  State of operation 19512820 : EXECUTING
10:27:42 INFO  State of operation 19512820 : EXECUTING
10:27:45 INFO  State of operation 19512820 : EXECUTING
10:27:47 INFO  State of operation 19512820 : EXECUTING
10:27:50 INFO  State of operation 19512820 : EXECUTING
10:27:52 INFO  State of operation 19512820 : EXECUTING
10:27:54 INFO  State of operation 19512820 : EXECUTING
10:27:56 INFO  State of operation 19512820 : EXECUTING
10:27:59 INFO  State of operation 19512820 : EXECUTING
10:28:01 INFO  State of operation 19512820 : EXECUTING
10:28:03 INFO  State of operation 19512820 : EXECUTING
10:28:06 INFO  State of operation 19512820 : EXECUTING
10:28:08 INFO  State of operation 19512820 : EXECUTING
10:28:11 INFO  State of operation 19512820 : EXECUTING
10:28:13 INFO  State of operation 19512820 : EXECUTING
10:28:15 INFO  State of operation 19512820 : EXECUTING
10:28:18 INFO  State of operation 19512820 : EXECUTING
10:28:20 INFO  State of operation 19512820 : EXECUTING
10:28:22 INFO  State of operation 19512820 : EXECUTING
10:28:25 INFO  State of operation 19512820 : EXECUTING
10:28:28 INFO  State of operation 19512820 : EXECUTING
10:28:30 INFO  State of operation 19512820 : EXECUTING
10:28:33 INFO  State of operation 19512820 : EXECUTING
10:28:35 INFO  State of operation 19512820 : EXECUTING
10:28:37 INFO  State of operation 19512820 : EXECUTING
10:28:40 INFO  State of operation 19512820 : EXECUTING
10:28:42 INFO  State of operation 19512820 : EXECUTING
10:28:44 INFO  State of operation 19512820 : EXECUTING
10:28:47 INFO  State of operation 19512820 : EXECUTING
10:28:49 INFO  State of operation 19512820 : EXECUTING
10:28:51 INFO  State of operation 19512820 : EXECUTING
10:28:53 INFO  State of operation 19512820 : EXECUTING
10:28:55 INFO  State of operation 19512820 : EXECUTING
10:28:58 INFO  State of operation 19512820 : EXECUTING
10:29:00 INFO  State of operation 19512820 : EXECUTING
10:29:03 INFO  State of operation 19512820 : EXECUTING
10:29:05 INFO  State of operation 19512820 : EXECUTING
10:29:08 INFO  State of operation 19512820 : EXECUTING
10:29:10 INFO  State of operation 19512820 : EXECUTING
10:29:12 INFO  State of operation 19512820 : EXECUTING
10:29:14 INFO  State of operation 19512820 : EXECUTING
10:29:17 INFO  State of operation 19512820 : EXECUTING
10:29:19 INFO  State of operation 19512820 : EXECUTING
10:29:21 INFO  State of operation 19512820 : EXECUTING
10:29:24 INFO  State of operation 19512820 : EXECUTING
10:29:26 INFO  State of operation 19512820 : EXECUTING
10:29:28 INFO  State of operation 19512820 : EXECUTING
10:29:31 INFO  State of operation 19512820 : EXECUTING
10:29:34 INFO  State of operation 19512820 : EXECUTING
10:29:36 INFO  State of operation 19512820 : EXECUTING
10:29:39 INFO  State of operation 19512820 : EXECUTING
10:29:41 INFO  State of operation 19512820 : EXECUTING
10:29:43 INFO  State of operation 19512820 : EXECUTING
10:29:45 INFO  State of operation 19512820 : EXECUTING
10:29:48 INFO  State of operation 19512820 : EXECUTING
10:29:50 INFO  State of operation 19512820 : EXECUTING
10:29:52 WARN  SystemError occurred while running test - Timeout while waiting for status SUCCESSFUL or False
Traceback (most recent call last):
  File "/home/pi/env-pysys/lib/python3.7/site-packages/pysys/baserunner.py", line 1294, in __call__
    self.testObj.execute()
  File "/home/pi/actions-runner/_work/thin-edge.io/thin-edge.io/tests/PySys/software_management_end_to_end/sm_apt_install_remove_multiple_mixed/run.py", line 89, in execute
    self.wait_until_succcess()
  File "/home/pi/actions-runner/_work/thin-edge.io/thin-edge.io/tests/PySys/software_management_end_to_end/environment_sm_management.py", line 324, in wait_until_succcess
    self.wait_until_status("SUCCESSFUL")
  File "/home/pi/actions-runner/_work/thin-edge.io/thin-edge.io/tests/PySys/software_management_end_to_end/environment_sm_management.py", line 381, in wait_until_status
    "Timeout while waiting for status %s or %s" % (status, status2)
SystemError: Timeout while waiting for status SUCCESSFUL or False
10:29:52 WARN  SystemError: Timeout while waiting for status SUCCESSFUL or False ... blocked 
10:29:52 INFO  
10:29:52 INFO  cleanup:
10:29:58 INFO  Executed sudo&lt;tedge_disconnect_c8y&gt;, exit status 0
10:29:59 INFO  Executed systemctl&lt;serv_mapper5&gt;, exit status 3
10:29:59 INFO  
10:29:59 INFO  Test duration: 180.73 secs
10:29:59 INFO  Test final outcome:  BLOCKED
10:29:59 INFO  Test outcome reason: SystemError: Timeout while waiting for status SUCCESSFUL or False (+1 other failures)
10:29:59 INFO  
</system-out>
	</testcase>
</testsuite><testsuite name="SoftwareManagement.sm_apt_install_remove_with_version" tests="3" errors="0" failures="0" skipped="1" time="0"><testcase classname="PySysTest" name="SoftwareManagement.sm_apt_install_remove_with_version">
		<skipped message="SKIPPED: Testing the apt plugin is not supported on this platform.Use parameter -XmyPlatform='container' to enable it" />
		<system-out>09:24:19 INFO  ==============================================================
09:24:19 INFO  Id:    SoftwareManagement.sm_apt_install_remove_with_version
09:24:19 INFO  Dir:   software_management_end_to_end/
09:24:19 INFO  Title: Validate end to end behaviour for the apt plugin for packages with version
09:24:19 INFO  ==============================================================
09:24:19 INFO  Testing the apt plugin is not supported on this platform.Use parameter -XmyPlatform='container' to enable it ... skipped
09:24:19 WARN  Aborted test due to SKIPPED outcome
09:24:19 INFO  
09:24:19 INFO  Test duration: 0.03 secs
09:24:19 INFO  Test final outcome:  SKIPPED
09:24:19 INFO  Test outcome reason: Testing the apt plugin is not supported on this platform.Use parameter -XmyPlatform='container' to enable it
09:24:19 INFO  
</system-out>
	</testcase>
<testcase classname="PySysTest" name="SoftwareManagement.sm_apt_install_remove_with_version" />
<testcase classname="PySysTest" name="SoftwareManagement.sm_apt_install_remove_with_version" />
</testsuite><testsuite name="SoftwareManagement.sm_docker_install_remove_multiple" tests="3" errors="0" failures="1" skipped="1" time="0"><testcase classname="SMDockerInstallRemove" name="SoftwareManagement.sm_docker_install_remove_multiple">
		<skipped message="SKIPPED: Testing the apt plugin is not supported on this platform.Use parameter -XmyPlatform='container' to enable it" />
		<system-out>09:24:19 INFO  ==============================================================
09:24:19 INFO  Id:    SoftwareManagement.sm_docker_install_remove_multiple
09:24:19 INFO  Dir:   software_management_end_to_end/
09:24:19 INFO  Title: Validate end to end behaviour for the docker plugin for multiple docker images with mixed versions
09:24:19 INFO  ==============================================================
09:24:19 INFO  Testing the apt plugin is not supported on this platform.Use parameter -XmyPlatform='container' to enable it ... skipped
09:24:19 WARN  Aborted test due to SKIPPED outcome
09:24:19 INFO  
09:24:19 INFO  Test duration: 0.02 secs
09:24:19 INFO  Test final outcome:  SKIPPED
09:24:19 INFO  Test outcome reason: Testing the apt plugin is not supported on this platform.Use parameter -XmyPlatform='container' to enable it
09:24:19 INFO  
</system-out>
	</testcase>
<testcase classname="SMDockerInstallRemove" name="SoftwareManagement.sm_docker_install_remove_multiple" />
<testcase classname="SMDockerInstallRemove" name="SoftwareManagement.sm_docker_install_remove_multiple">
		<failure message="BLOCKED: SystemError: The operation has failed" type="BLOCKED" />
		<system-out>10:32:39 INFO  ==============================================================
10:32:39 INFO  Id:    SoftwareManagement.sm_docker_install_remove_multiple
10:32:39 INFO  Dir:   software_management_end_to_end/
10:32:39 INFO  Title: Validate end to end behaviour for the docker plugin for multiple docker images with mixed versions
10:32:39 INFO  ==============================================================
10:32:39 INFO  Using sw id database: {'asciijump': '5475369', 'robotfindskitten': '5474869', 'squirrel3': '5475279', 'rolldice': '5152439', 'moon-buggy': '5439204', 'apple': '5495053', 'banana': '5494888', 'cherry': '5495382', 'watermelon': '5494510', 'registry': '8018911', 'hello-world': '8021526', 'docker/getting-started': '8021973', 'alpine': '7991792'}
10:32:39 INFO  EnvironmentC8y Setup
10:32:39 INFO  Executed systemctl&lt;serv_mapper1&gt;, exit status 3
10:32:39 INFO  Restarting mosquitto too frequently in the last 10 seconds. It was only up for 4 seconds
10:32:39 INFO  Delaying execution by 7 seconds
10:33:01 INFO  Executed sudo&lt;tedge_connect_c8y&gt;, exit status 0, duration 14 secs
10:33:01 INFO  Executed sudo&lt;tedge_connect_c8y_test&gt;, exit status 0
10:33:02 INFO  Executed systemctl&lt;serv_mosq2&gt;, exit status 0
10:33:02 INFO  Executed systemctl&lt;serv_mapper3&gt;, exit status 0
10:33:04 INFO  State of current operation: SUCCESSFUL
10:33:05 INFO  Response status: 201
10:33:05 INFO  Response to action: {
    "creationTime": "2022-05-23T10:33:05.172Z",
    "deviceId": "19484862",
    "deviceName": "mythicb",
    "self": "https://t493319102.eu-latest.cumulocity.com/devicecontrol/operations/19512904",
    "id": "19512904",
    "status": "PENDING",
    "description": "Apply software changes, triggered from PySys: [{'action': 'install', 'id': '8021526', 'name': 'hello-world', 'url': '', 'version': '::docker'}, {'action': 'install', 'id': '8018911', 'name': 'registry', 'url': '', 'version': '2.6.2::docker'}]",
    "c8y_SoftwareUpdate": [
        {
            "name": "hello-world",
            "action": "install",
            "id": "8021526",
            "version": "::docker",
            "url": ""
        },
        {
            "name": "registry",
            "action": "install",
            "id": "8018911",
            "version": "2.6.2::docker",
            "url": ""
        }
    ]
}
10:33:05 INFO  Started operation: {'creationTime': '2022-05-23T10:33:05.172Z', 'deviceId': '19484862', 'deviceName': 'mythicb', 'self': 'https://t493319102.eu-latest.cumulocity.com/devicecontrol/operations/19512904', 'id': '19512904', 'status': 'PENDING', 'description': "Apply software changes, triggered from PySys: [{'action': 'install', 'id': '8021526', 'name': 'hello-world', 'url': '', 'version': '::docker'}, {'action': 'install', 'id': '8018911', 'name': 'registry', 'url': '', 'version': '2.6.2::docker'}]", 'c8y_SoftwareUpdate': [{'name': 'hello-world', 'action': 'install', 'id': '8021526', 'version': '::docker', 'url': ''}, {'name': 'registry', 'action': 'install', 'id': '8018911', 'version': '2.6.2::docker', 'url': ''}]}
10:33:07 INFO  State of operation 19512904 : PENDING
10:33:09 INFO  State of operation 19512904 : EXECUTING
10:33:11 INFO  State of operation 19512904 : EXECUTING
10:33:14 INFO  State of operation 19512904 : EXECUTING
10:33:16 INFO  State of operation 19512904 : EXECUTING
10:33:18 INFO  State of operation 19512904 : EXECUTING
10:33:21 INFO  State of operation 19512904 : EXECUTING
10:33:23 INFO  State of operation 19512904 : FAILED
10:33:23 ERROR Stopping as the operation has failed
10:33:23 WARN  SystemError occurred while running test - The operation has failed
Traceback (most recent call last):
  File "/home/pi/env-pysys/lib/python3.7/site-packages/pysys/baserunner.py", line 1292, in __call__
    self.testObj.setup()
  File "/home/pi/actions-runner/_work/thin-edge.io/thin-edge.io/tests/PySys/software_management_end_to_end/sm_docker_install_remove_multiple/run.py", line 55, in setup
    self.wait_until_succcess()
  File "/home/pi/actions-runner/_work/thin-edge.io/thin-edge.io/tests/PySys/software_management_end_to_end/environment_sm_management.py", line 324, in wait_until_succcess
    self.wait_until_status("SUCCESSFUL")
  File "/home/pi/actions-runner/_work/thin-edge.io/thin-edge.io/tests/PySys/software_management_end_to_end/environment_sm_management.py", line 361, in wait_until_status
    raise SystemError("The operation has failed")
SystemError: The operation has failed
10:33:23 WARN  SystemError: The operation has failed ... blocked 
10:33:23 INFO  
10:33:23 INFO  cleanup:
10:33:27 INFO  Executed sudo&lt;tedge_disconnect_c8y&gt;, exit status 0
10:33:28 INFO  Executed systemctl&lt;serv_mapper5&gt;, exit status 3
10:33:28 INFO  
10:33:28 INFO  Test duration: 49.21 secs
10:33:28 INFO  Test final outcome:  BLOCKED
10:33:28 INFO  Test outcome reason: SystemError: The operation has failed
10:33:28 INFO  
</system-out>
	</testcase>
</testsuite><testsuite name="SoftwareManagement.sm_fake_install_remove" tests="2" errors="0" failures="0" skipped="1" time="0"><testcase classname="PySysTest" name="SoftwareManagement.sm_fake_install_remove">
		<skipped message="SKIPPED: Testing the fake plugin is not enabled.Use parameter -Xfakeplugin=fakeplugin to enable it" />
		<system-out>09:24:19 INFO  ==============================================================
09:24:19 INFO  Id:    SoftwareManagement.sm_fake_install_remove
09:24:19 INFO  Dir:   software_management_end_to_end/
09:24:19 INFO  Title: Validate end to end behaviour for the dummy plugin for installation and removal of packages
09:24:19 INFO  ==============================================================
09:24:19 INFO  Testing the fake plugin is not enabled.Use parameter -Xfakeplugin=fakeplugin to enable it ... skipped
09:24:19 WARN  Aborted test due to SKIPPED outcome
09:24:19 INFO  
09:24:19 INFO  Test duration: 0.02 secs
09:24:19 INFO  Test final outcome:  SKIPPED
09:24:19 INFO  Test outcome reason: Testing the fake plugin is not enabled.Use parameter -Xfakeplugin=fakeplugin to enable it
09:24:19 INFO  
</system-out>
	</testcase>
<testcase classname="PySysTest" name="SoftwareManagement.sm_fake_install_remove" />
</testsuite><testsuite name="SoftwareManagement.sm_fake_install_remove_multiple" tests="2" errors="0" failures="0" skipped="1" time="0"><testcase classname="PySysTest" name="SoftwareManagement.sm_fake_install_remove_multiple">
		<skipped message="SKIPPED: Testing the fake plugin is not enabled.Use parameter -Xfakeplugin=fakeplugin to enable it" />
		<system-out>09:24:19 INFO  ==============================================================
09:24:19 INFO  Id:    SoftwareManagement.sm_fake_install_remove_multiple
09:24:19 INFO  Dir:   software_management_end_to_end/
09:24:19 INFO  Title: Validate end to end behaviour for the dummy-plugin for multiple packages
09:24:19 INFO  ==============================================================
09:24:19 INFO  Testing the fake plugin is not enabled.Use parameter -Xfakeplugin=fakeplugin to enable it ... skipped
09:24:19 WARN  Aborted test due to SKIPPED outcome
09:24:19 INFO  
09:24:19 INFO  Test duration: 0.02 secs
09:24:19 INFO  Test final outcome:  SKIPPED
09:24:19 INFO  Test outcome reason: Testing the fake plugin is not enabled.Use parameter -Xfakeplugin=fakeplugin to enable it
09:24:19 INFO  
</system-out>
	</testcase>
<testcase classname="PySysTest" name="SoftwareManagement.sm_fake_install_remove_multiple" />
</testsuite><testsuite name="SoftwareManagement.sm_mapper_fail_and_reconnect" tests="2" errors="0" failures="0" skipped="2" time="0"><testcase classname="MapperC8yReceiveLastMessageOnRestart" name="SoftwareManagement.sm_mapper_fail_and_reconnect">
		<skipped message="SKIPPED: instable https://github.com/thin-edge/thin-edge.io/issues/752" />
		<system-out>09:24:19 INFO  ==============================================================
09:24:19 INFO  Id:    SoftwareManagement.sm_mapper_fail_and_reconnect
09:24:19 INFO  Dir:   software_management_end_to_end/
09:24:19 INFO  Title: Validate the tedge-mapper-sm-c8y for receiving the last message on restart
09:24:19 INFO  ==============================================================
09:24:19 INFO  instable https://github.com/thin-edge/thin-edge.io/issues/752 ... skipped
09:24:19 INFO  
09:24:19 INFO  Test duration: 0.07 secs
09:24:19 INFO  Test final outcome:  SKIPPED
09:24:19 INFO  Test outcome reason: instable https://github.com/thin-edge/thin-edge.io/issues/752
09:24:19 INFO  
</system-out>
	</testcase>
<testcase classname="MapperC8yReceiveLastMessageOnRestart" name="SoftwareManagement.sm_mapper_fail_and_reconnect">
		<skipped message="SKIPPED: instable https://github.com/thin-edge/thin-edge.io/issues/752" />
[...]
09:14:38 INFO  Id:    docker_plugin_install_with_version
09:14:38 INFO  Dir:   plugin_docker/
09:14:38 INFO  Title: Validate docker plugin install
09:14:38 INFO  ==============================================================
09:14:38 INFO  Testing the docker plugin is not supported on this platform.To run it, all the test with -XmyPlatform='container' ... skipped
09:14:38 WARN  Aborted test due to SKIPPED outcome
09:14:38 INFO  
09:14:38 INFO  Test duration: 0.02 secs
09:14:38 INFO  Test final outcome:  SKIPPED
09:14:38 INFO  Test outcome reason: Testing the docker plugin is not supported on this platform.To run it, all the test with -XmyPlatform='container'
09:14:38 INFO  
</system-out>
	</testcase>
<testcase classname="DockerPluginInstallWithVersionTest" name="docker_plugin_install_with_version" />
</testsuite><testsuite name="docker_plugin_remove" tests="2" errors="0" failures="0" skipped="1" time="0"><testcase classname="DockerPluginRemoveTest" name="docker_plugin_remove">
		<skipped message="SKIPPED: Testing the docker plugin is not supported on this platform.To run it, all the test with -XmyPlatform='container'" />
		<system-out>09:14:38 INFO  ==============================================================
09:14:38 INFO  Id:    docker_plugin_remove
09:14:38 INFO  Dir:   plugin_docker/
09:14:38 INFO  Title: Validate docker plugin remove
09:14:38 INFO  ==============================================================
09:14:38 INFO  Testing the docker plugin is not supported on this platform.To run it, all the test with -XmyPlatform='container' ... skipped
09:14:38 WARN  Aborted test due to SKIPPED outcome
09:14:38 INFO  
09:14:38 INFO  Test duration: 0.02 secs
09:14:38 INFO  Test final outcome:  SKIPPED
09:14:38 INFO  Test outcome reason: Testing the docker plugin is not supported on this platform.To run it, all the test with -XmyPlatform='container'
09:14:38 INFO  
</system-out>
	</testcase>
<testcase classname="DockerPluginRemoveTest" name="docker_plugin_remove" />
</testsuite><testsuite name="docker_plugin_remove_with_version" tests="2" errors="0" failures="0" skipped="1" time="0"><testcase classname="DockerPluginRemoveWithVersionTest" name="docker_plugin_remove_with_version">
		<skipped message="SKIPPED: Testing the docker plugin is not supported on this platform.To run it, all the test with -XmyPlatform='container'" />
		<system-out>09:14:38 INFO  ==============================================================
09:14:38 INFO  Id:    docker_plugin_remove_with_version
09:14:38 INFO  Dir:   plugin_docker/
09:14:38 INFO  Title: Validate docker plugin remove with version
09:14:38 INFO  ==============================================================
09:14:38 INFO  Testing the docker plugin is not supported on this platform.To run it, all the test with -XmyPlatform='container' ... skipped
09:14:38 WARN  Aborted test due to SKIPPED outcome
09:14:38 INFO  
09:14:38 INFO  Test duration: 0.02 secs
09:14:38 INFO  Test final outcome:  SKIPPED
09:14:38 INFO  Test outcome reason: Testing the docker plugin is not supported on this platform.To run it, all the test with -XmyPlatform='container'
09:14:38 INFO  
</system-out>
	</testcase>
<testcase classname="DockerPluginRemoveWithVersionTest" name="docker_plugin_remove_with_version" />
</testsuite><testsuite name="docker_plugin_update" tests="2" errors="0" failures="0" skipped="1" time="0"><testcase classname="DockerPluginUpdateTest" name="docker_plugin_update">
		<skipped message="SKIPPED: Testing the docker plugin is not supported on this platform.To run it, all the test with -XmyPlatform='container'" />
		<system-out>09:14:38 INFO  ==============================================================
09:14:38 INFO  Id:    docker_plugin_update
09:14:38 INFO  Dir:   plugin_docker/
09:14:38 INFO  Title: Validate docker plugin install updates existing containers
09:14:38 INFO  ==============================================================
09:14:38 INFO  Testing the docker plugin is not supported on this platform.To run it, all the test with -XmyPlatform='container' ... skipped
09:14:38 WARN  Aborted test due to SKIPPED outcome
09:14:38 INFO  
09:14:38 INFO  Test duration: 0.04 secs
09:14:38 INFO  Test final outcome:  SKIPPED
09:14:38 INFO  Test outcome reason: Testing the docker plugin is not supported on this platform.To run it, all the test with -XmyPlatform='container'
09:14:38 INFO  
</system-out>
	</testcase>
<testcase classname="DockerPluginUpdateTest" name="docker_plugin_update" />
</testsuite><testsuite name="invalid_device_id" tests="1" errors="0" failures="0" skipped="0" time="0"><testcase classname="InvalidDeviceId" name="invalid_device_id" />
</testsuite><testsuite name="local_mqtt_pub_fail_noqos" tests="1" errors="0" failures="0" skipped="0" time="0"><testcase classname="PySysTest" name="local_mqtt_pub_fail_noqos" />
</testsuite><testsuite name="local_mqtt_pub_fail_qos0" tests="1" errors="0" failures="0" skipped="0" time="0"><testcase classname="PySysTest" name="local_mqtt_pub_fail_qos0" />
</testsuite><testsuite name="local_mqtt_pub_fail_qos1" tests="1" errors="0" failures="0" skipped="0" time="0"><testcase classname="PySysTest" name="local_mqtt_pub_fail_qos1" />
</testsuite><testsuite name="local_mqtt_pub_fail_qos2" tests="1" errors="0" failures="0" skipped="0" time="0"><testcase classname="PySysTest" name="local_mqtt_pub_fail_qos2" />
</testsuite><testsuite name="local_mqtt_pub_sub" tests="1" errors="0" failures="0" skipped="0" time="0"><testcase classname="PySysTest" name="local_mqtt_pub_sub" />
</testsuite><testsuite name="local_mqtt_pub_sub_retain" tests="1" errors="0" failures="0" skipped="0" time="0"><testcase classname="MqttPublishWithRetain" name="local_mqtt_pub_sub_retain" />
</testsuite><testsuite name="local_mqtt_pub_sub_with_sudo" tests="1" errors="0" failures="0" skipped="0" time="0"><testcase classname="PySysTest" name="local_mqtt_pub_sub_with_sudo" />
</testsuite><testsuite name="local_mqtt_sub_fail" tests="1" errors="0" failures="0" skipped="0" time="0"><testcase classname="PySysTest" name="local_mqtt_sub_fail" />
</testsuite><testsuite name="log_request_error_messages" tests="1" errors="0" failures="0" skipped="1" time="0"><testcase classname="LogRequestVerifySearchTextError" name="log_request_error_messages">
		<skipped message="SKIPPED: Test execution disabled due to #1123" />
		<system-out>09:12:38 INFO  ==============================================================
09:12:38 INFO  Id:    log_request_error_messages
09:12:38 INFO  Dir:   log_request_end_to_end/
09:12:38 INFO  Title: Validate end to end behaviour for the log request operation check for error messages
09:12:38 INFO  ==============================================================
09:12:39 INFO  Test execution disabled due to #1123 ... skipped
09:12:39 INFO  
09:12:39 INFO  Test duration: 1.57 secs
09:12:39 INFO  Test final outcome:  SKIPPED
09:12:39 INFO  Test outcome reason: Test execution disabled due to #1123
09:12:39 INFO  
</system-out>
	</testcase>
</testsuite><testsuite name="log_request_num_lines" tests="1" errors="0" failures="0" skipped="1" time="0"><testcase classname="LogRequestVerifyNumberOfLines" name="log_request_num_lines">
		<skipped message="SKIPPED: Test execution disabled due to #1123" />
		<system-out>09:12:39 INFO  ==============================================================
09:12:39 INFO  Id:    log_request_num_lines
09:12:39 INFO  Dir:   log_request_end_to_end/
09:12:39 INFO  Title: Validate end to end behaviour for the log request operation check for number of lines
09:12:39 INFO  ==============================================================
09:12:39 INFO  Test execution disabled due to #1123 ... skipped
09:12:39 INFO  
09:12:39 INFO  Test duration: 0.02 secs
09:12:39 INFO  Test final outcome:  SKIPPED
09:12:39 INFO  Test outcome reason: Test execution disabled due to #1123
09:12:39 INFO  
</system-out>
	</testcase>
</testsuite><testsuite name="mapper_awaits_before_reconnect" tests="1" errors="0" failures="0" skipped="0" time="0"><testcase classname="MapperReconnectAwait" name="mapper_awaits_before_reconnect" />
</testsuite><testsuite name="monitoring_smaller_interval" tests="1" errors="0" failures="0" skipped="1" time="0"><testcase classname="MonitoringSmallInterval" name="monitoring_smaller_interval">
		<skipped message="SKIPPED: Fails due to retained message" />
		<system-out>09:14:33 INFO  ==============================================================
09:14:33 INFO  Id:    monitoring_smaller_interval
09:14:33 INFO  Dir:   monitoring/
09:14:33 INFO  Title: Validate the tedge dm agent messages that are produced with smaller sampling interval than the batching window. Here the simulated collectd messages are used
09:14:33 INFO  ==============================================================
09:14:33 INFO  Fails due to retained message ... skipped
09:14:33 INFO  
09:14:33 INFO  Test duration: 0.03 secs
09:14:33 INFO  Test final outcome:  SKIPPED
09:14:33 INFO  Test outcome reason: Fails due to retained message
09:14:33 INFO  
</system-out>
	</testcase>
</testsuite><testsuite name="monitoring_with_collectd" tests="1" errors="0" failures="0" skipped="1" time="0"><testcase classname="MonitoringWithCollectd" name="monitoring_with_collectd">
		<skipped message="SKIPPED: Test execution disabled due to #792 (instable)" />
		<system-out>09:14:33 INFO  ==============================================================
09:14:33 INFO  Id:    monitoring_with_collectd
09:14:33 INFO  Dir:   monitoring/
09:14:33 INFO  Title: Validate tedge dm agent messages that are produced by batching the collectd messages
09:14:33 INFO  ==============================================================
09:14:33 INFO  Test execution disabled due to #792 (instable) ... skipped
09:14:33 INFO  
09:14:33 INFO  Test duration: 0.02 secs
09:14:33 INFO  Test final outcome:  SKIPPED
09:14:33 INFO  Test outcome reason: Test execution disabled due to #792 (instable)
09:14:33 INFO  
</system-out>
	</testcase>
</testsuite><testsuite name="monitoring_with_simulated_messages" tests="1" errors="0" failures="0" skipped="1" time="0"><testcase classname="MonitoringWithSimulatedMessages" name="monitoring_with_simulated_messages">
		<skipped message="SKIPPED: Fails due to retained message" />
		<system-out>09:14:33 INFO  ==============================================================
09:14:33 INFO  Id:    monitoring_with_simulated_messages
09:14:33 INFO  Dir:   monitoring/
09:14:33 INFO  Title: Validate the tedge dm agent messages that are produced from the simulated collectd messages
09:14:33 INFO  ==============================================================
09:14:33 INFO  Fails due to retained message ... skipped
09:14:33 INFO  
09:14:33 INFO  Test duration: 0.02 secs
09:14:33 INFO  Test final outcome:  SKIPPED
09:14:33 INFO  Test outcome reason: Fails due to retained message
09:14:33 INFO  
</system-out>
	</testcase>
</testsuite><testsuite name="mqtt_port_change_connection_fails" tests="1" errors="0" failures="0" skipped="0" time="0"><testcase classname="MqttPortChangeConnectionFails" name="mqtt_port_change_connection_fails" />
</testsuite><testsuite name="mqtt_port_change_connection_works" tests="1" errors="0" failures="0" skipped="1" time="0"><testcase classname="MqttPortChangeConnectionWorks" name="mqtt_port_change_connection_works">
		<skipped message="SKIPPED: failing intermitently" />
		<system-out>09:13:15 INFO  ==============================================================
09:13:15 INFO  Id:    mqtt_port_change_connection_works
09:13:15 INFO  Dir:   misc_features/
09:13:15 INFO  Title: mqtt port change connection works for all the thin-edge services that use the mosquitto broker
09:13:15 INFO  ==============================================================
09:13:15 INFO  failing intermitently ... skipped
09:13:15 INFO  
09:13:15 INFO  Test duration: 0.02 secs
09:13:15 INFO  Test final outcome:  SKIPPED
09:13:15 INFO  Test outcome reason: failing intermitently
09:13:15 INFO  
</system-out>
	</testcase>
</testsuite><testsuite name="mqtt_port_set" tests="1" errors="0" failures="0" skipped="0" time="0"><testcase classname="MqttPortSet" name="mqtt_port_set" />
</testsuite><testsuite name="mqtt_port_unset" tests="1" errors="0" failures="0" skipped="0" time="0"><testcase classname="MqttPortUnSet" name="mqtt_port_unset" />
</testsuite><testsuite name="publish_flux" tests="1" errors="0" failures="0" skipped="0" time="0"><testcase classname="PublishFlux" name="publish_flux" />
</testsuite><testsuite name="publish_sawmill" tests="1" errors="0" failures="0" skipped="0" time="0"><testcase classname="PublishSawmill" name="publish_sawmill" />
</testsuite><testsuite name="pysys_block" tests="1" errors="0" failures="0" skipped="1" time="0"><testcase classname="Fail" name="pysys_block">
		<skipped message="SKIPPED: Enable this to observe a blocking test" />
		<system-out>09:13:37 INFO  ==============================================================
09:13:37 INFO  Id:    pysys_block
09:13:37 INFO  Dir:   misc_features/
09:13:37 INFO  Title: fail
09:13:37 INFO  ==============================================================
09:13:37 INFO  Enable this to observe a blocking test ... skipped
09:13:37 INFO  
09:13:37 INFO  Test duration: 0.02 secs
09:13:37 INFO  Test final outcome:  SKIPPED
09:13:37 INFO  Test outcome reason: Enable this to observe a blocking test
09:13:37 INFO  
</system-out>
	</testcase>
</testsuite><testsuite name="pysys_fail" tests="1" errors="0" failures="0" skipped="1" time="0"><testcase classname="Fail" name="pysys_fail">
		<skipped message="SKIPPED: Enable this to observe a failing test" />
		<system-out>09:13:37 INFO  ==============================================================
09:13:37 INFO  Id:    pysys_fail
09:13:37 INFO  Dir:   misc_features/
09:13:37 INFO  Title: fail
09:13:37 INFO  ==============================================================
09:13:37 INFO  Enable this to observe a failing test ... skipped
09:13:37 INFO  
09:13:37 INFO  Test duration: 0.01 secs
09:13:37 INFO  Test final outcome:  SKIPPED
09:13:37 INFO  Test outcome reason: Enable this to observe a failing test
09:13:37 INFO  
</system-out>
	</testcase>
</testsuite><testsuite name="runtime_start_two_mappers" tests="1" errors="0" failures="0" skipped="0" time="0"><testcase classname="RuntimeMultiMappers" name="runtime_start_two_mappers" />
</testsuite><testsuite name="sm_tedge_mapper_init_session" tests="1" errors="0" failures="0" skipped="0" time="0"><testcase classname="TedgeSMMapperInitSession" name="sm_tedge_mapper_init_session" />
</testsuite><testsuite name="smoketest_json" tests="1" errors="0" failures="0" skipped="0" time="0"><testcase classname="SmokeTestJson" name="smoketest_json" />
</testsuite><testsuite name="smoketest_json_400_samples_10ms" tests="1" errors="0" failures="0" skipped="0" time="0"><testcase classname="SmoketestJson400Samples10ms" name="smoketest_json_400_samples_10ms" />
</testsuite><testsuite name="smoketest_json_400_samples_20ms" tests="1" errors="0" failures="0" skipped="0" time="0"><testcase classname="SmoketestJson400Samples20ms" name="smoketest_json_400_samples_20ms" />
</testsuite><testsuite name="smoketest_smartrest" tests="1" errors="0" failures="0" skipped="0" time="0"><testcase classname="SmoketestSmartRest" name="smoketest_smartrest" />
</testsuite><testsuite name="smoketest_smartrest_200_samples_1Xms" tests="1" errors="0" failures="0" skipped="0" time="0"><testcase classname="SmoketestSmartRest200Samples1Xms" name="smoketest_smartrest_200_samples_1Xms" />
</testsuite><testsuite name="smoketest_smartrest_200_samples_20ms" tests="1" errors="0" failures="0" skipped="0" time="0"><testcase classname="SmoketestSmartRest200Samples20ms" name="smoketest_smartrest_200_samples_20ms" />
</testsuite><testsuite name="tedge_agent_user_sudo_access" tests="1" errors="0" failures="0" skipped="1" time="0"><testcase classname="TedgeAgentUserSudoAccess" name="tedge_agent_user_sudo_access">
		<skipped message="SKIPPED: #955 Observation: Exit code of the apt plugin when called with no arguments" />
		<system-out>09:24:46 INFO  ==============================================================
09:24:46 INFO  Id:    tedge_agent_user_sudo_access
09:24:46 INFO  Dir:   tedge/
09:24:46 INFO  Title: Validate tedge-agent user has a limited sudo right
09:24:46 INFO  ==============================================================
09:24:46 INFO  #955 Observation: Exit code of the apt plugin when called with no arguments ... skipped
09:24:46 INFO  
09:24:46 INFO  Test duration: 0.02 secs
09:24:46 INFO  Test final outcome:  SKIPPED
09:24:46 INFO  Test outcome reason: #955 Observation: Exit code of the apt plugin when called with no arguments
09:24:46 INFO  
</system-out>
	</testcase>
</testsuite><testsuite name="tedge_connect_test_negative" tests="1" errors="0" failures="0" skipped="0" time="0"><testcase classname="TedgeConnectTestNegative" name="tedge_connect_test_negative" />
</testsuite><testsuite name="tedge_connect_test_positive" tests="1" errors="0" failures="0" skipped="0" time="0"><testcase classname="TedgeConnectTestPositive" name="tedge_connect_test_positive" />
</testsuite><testsuite name="tedge_connect_test_sm_services" tests="1" errors="0" failures="0" skipped="0" time="0"><testcase classname="TedgeConnectTestSMServices" name="tedge_connect_test_sm_services" />
</testsuite><testsuite name="tedge_disconnect_test_sm_services" tests="1" errors="0" failures="0" skipped="0" time="0"><testcase classname="TedgeDisConnectTestSMServices" name="tedge_disconnect_test_sm_services" />
</testsuite><testsuite name="tedge_mapper_az_negative" tests="1" errors="0" failures="0" skipped="0" time="0"><testcase classname="TedgeMapperAzError" name="tedge_mapper_az_negative" />
</testsuite><testsuite name="tedge_mapper_az_with_timestamp" tests="1" errors="0" failures="0" skipped="0" time="0"><testcase classname="TedgeMapperAzWithTimestamp" name="tedge_mapper_az_with_timestamp" />
</testsuite><testsuite name="tedge_mapper_az_without_timestamp" tests="1" errors="0" failures="0" skipped="0" time="0"><testcase classname="TedgeMapperAzWithoutTimestamp" name="tedge_mapper_az_without_timestamp" />
</testsuite><testsuite name="tedge_mapper_c8y_alarms" tests="1" errors="0" failures="0" skipped="0" time="0"><testcase classname="TedgeMapperC8yAlarm" name="tedge_mapper_c8y_alarms" />
</testsuite><testsuite name="tedge_mapper_c8y_child_device_measurement" tests="1" errors="0" failures="0" skipped="1" time="0"><testcase classname="TedgeMapperC8yChildDevice" name="tedge_mapper_c8y_child_device_measurement">
		<skipped message="SKIPPED: Test execution disabled due to #1088" />
		<system-out>09:29:09 INFO  ==============================================================
09:29:09 INFO  Id:    tedge_mapper_c8y_child_device_measurement
09:29:09 INFO  Dir:   tedge_mapper_c8y/
09:29:09 INFO  Title: Validate that measurements sent to tedge/measurements/child topic gets mapped as the child device's measurement in Cumulocity
09:29:09 INFO  ==============================================================
09:29:09 INFO  Test execution disabled due to #1088 ... skipped
09:29:09 INFO  
09:29:09 INFO  Test duration: 0.03 secs
09:29:09 INFO  Test final outcome:  SKIPPED
09:29:09 INFO  Test outcome reason: Test execution disabled due to #1088
09:29:09 INFO  
</system-out>
	</testcase>
</testsuite><testsuite name="tedge_mapper_c8y_packet_threshold_size" tests="1" errors="0" failures="0" skipped="0" time="0"><testcase classname="TedgeMapperC8yThresholdPacketSize" name="tedge_mapper_c8y_packet_threshold_size" />
</testsuite><testsuite name="tedge_software_update" tests="1" errors="0" failures="0" skipped="0" time="0"><testcase classname="PySysTest" name="tedge_software_update" />
</testsuite><testsuite name="valid_device_id" tests="1" errors="0" failures="0" skipped="0" time="0"><testcase classname="ValidateValidDeviceId" name="valid_device_id" />
</testsuite></testsuites>