<?xml version='1.0' encoding='utf-8'?>
<testsuites tests="149" failures="8" errors="0" skipped="55" time="0.0"><testsuite name="SoftwareManagement.Plugin.apama_plugin_install" tests="3" errors="0" failures="0" skipped="1" time="0"><testcase classname="ApamaPluginInstallTest" name="SoftwareManagement.Plugin.apama_plugin_install">
		<skipped message="SKIPPED: Apama plugin tests are disabled by default. Execute `pysys run` with `-XmyPlatform=container` to run these tests" />
		<system-out>19:28:50 INFO  ==============================================================
19:28:50 INFO  Id:    SoftwareManagement.Plugin.apama_plugin_install
19:28:50 INFO  Dir:   plugin_apama/
19:28:50 INFO  Title: Validate apama plugin install
19:28:50 INFO  ==============================================================
19:28:50 INFO  Apama plugin tests are disabled by default. Execute `pysys run` with `-XmyPlatform=container` to run these tests ... skipped
19:28:50 WARN  Aborted test due to SKIPPED outcome
19:28:50 INFO  
19:28:50 INFO  Test duration: 0.05 secs
19:28:50 INFO  Test final outcome:  SKIPPED
19:28:50 INFO  Test outcome reason: Apama plugin tests are disabled by default. Execute `pysys run` with `-XmyPlatform=container` to run these tests
19:28:50 INFO  
</system-out>
	</testcase>
<testcase classname="ApamaPluginInstallTest" name="SoftwareManagement.Plugin.apama_plugin_install" />
<testcase classname="ApamaPluginInstallTest" name="SoftwareManagement.Plugin.apama_plugin_install" />
</testsuite><testsuite name="SoftwareManagement.Plugin.apama_plugin_mon_support" tests="3" errors="0" failures="0" skipped="1" time="0"><testcase classname="ApamaPluginMonSupportTest" name="SoftwareManagement.Plugin.apama_plugin_mon_support">
		<skipped message="SKIPPED: Apama plugin tests are disabled by default. Execute `pysys run` with `-XmyPlatform=container` to run these tests" />
		<system-out>19:28:50 INFO  ==============================================================
19:28:50 INFO  Id:    SoftwareManagement.Plugin.apama_plugin_mon_support
19:28:50 INFO  Dir:   plugin_apama/
19:28:50 INFO  Title: Validate mon file support of apama plugin
19:28:50 INFO  ==============================================================
19:28:50 INFO  Apama plugin tests are disabled by default. Execute `pysys run` with `-XmyPlatform=container` to run these tests ... skipped
19:28:50 WARN  Aborted test due to SKIPPED outcome
19:28:50 INFO  
19:28:50 INFO  Test duration: 0.02 secs
19:28:50 INFO  Test final outcome:  SKIPPED
19:28:50 INFO  Test outcome reason: Apama plugin tests are disabled by default. Execute `pysys run` with `-XmyPlatform=container` to run these tests
19:28:50 INFO  
</system-out>
	</testcase>
<testcase classname="ApamaPluginMonSupportTest" name="SoftwareManagement.Plugin.apama_plugin_mon_support" />
<testcase classname="ApamaPluginMonSupportTest" name="SoftwareManagement.Plugin.apama_plugin_mon_support" />
</testsuite><testsuite name="SoftwareManagement.Plugin.apama_plugin_remove" tests="3" errors="0" failures="0" skipped="1" time="0"><testcase classname="ApamaPluginRemoveTest" name="SoftwareManagement.Plugin.apama_plugin_remove">
		<skipped message="SKIPPED: Apama plugin tests are disabled by default. Execute `pysys run` with `-XmyPlatform=container` to run these tests" />
		<system-out>19:28:50 INFO  ==============================================================
19:28:50 INFO  Id:    SoftwareManagement.Plugin.apama_plugin_remove
19:28:50 INFO  Dir:   plugin_apama/
19:28:50 INFO  Title: Validate apama plugin remove
19:28:50 INFO  ==============================================================
19:28:50 INFO  Apama plugin tests are disabled by default. Execute `pysys run` with `-XmyPlatform=container` to run these tests ... skipped
19:28:50 WARN  Aborted test due to SKIPPED outcome
19:28:50 INFO  
19:28:50 INFO  Test duration: 0.02 secs
19:28:50 INFO  Test final outcome:  SKIPPED
19:28:50 INFO  Test outcome reason: Apama plugin tests are disabled by default. Execute `pysys run` with `-XmyPlatform=container` to run these tests
19:28:50 INFO  
</system-out>
	</testcase>
<testcase classname="ApamaPluginRemoveTest" name="SoftwareManagement.Plugin.apama_plugin_remove" />
<testcase classname="ApamaPluginRemoveTest" name="SoftwareManagement.Plugin.apama_plugin_remove" />
</testsuite><testsuite name="SoftwareManagement.Plugin.apama_plugin_update" tests="3" errors="0" failures="0" skipped="3" time="0"><testcase classname="ApamaPluginUpdateTest" name="SoftwareManagement.Plugin.apama_plugin_update">
		<skipped message="SKIPPED: Test execution disabled due to #1052" />
		<system-out>19:28:50 INFO  ==============================================================
19:28:50 INFO  Id:    SoftwareManagement.Plugin.apama_plugin_update
19:28:50 INFO  Dir:   plugin_apama/
19:28:50 INFO  Title: Validate apama plugin updating one project with another
19:28:50 INFO  ==============================================================
19:28:50 INFO  Test execution disabled due to #1052 ... skipped
19:28:50 INFO  
19:28:50 INFO  Test duration: 0.02 secs
19:28:50 INFO  Test final outcome:  SKIPPED
19:28:50 INFO  Test outcome reason: Test execution disabled due to #1052
19:28:50 INFO  
</system-out>
	</testcase>
<testcase classname="ApamaPluginUpdateTest" name="SoftwareManagement.Plugin.apama_plugin_update">
		<skipped message="SKIPPED: Test execution disabled due to #1052" />
		<system-out>20:21:29 INFO  ==============================================================
20:21:29 INFO  Id:    SoftwareManagement.Plugin.apama_plugin_update
20:21:29 INFO  Dir:   plugin_apama/
20:21:29 INFO  Title: Validate apama plugin updating one project with another
20:21:29 INFO  ==============================================================
20:21:29 INFO  Test execution disabled due to #1052 ... skipped
20:21:29 INFO  
20:21:29 INFO  Test duration: 0.02 secs
20:21:29 INFO  Test final outcome:  SKIPPED
20:21:29 INFO  Test outcome reason: Test execution disabled due to #1052
20:21:29 INFO  
</system-out>
	</testcase>
<testcase classname="ApamaPluginUpdateTest" name="SoftwareManagement.Plugin.apama_plugin_update">
		<skipped message="SKIPPED: Test execution disabled due to #1052" />
		<system-out>20:29:51 INFO  ==============================================================
20:29:51 INFO  Id:    SoftwareManagement.Plugin.apama_plugin_update
20:29:51 INFO  Dir:   plugin_apama/
20:29:51 INFO  Title: Validate apama plugin updating one project with another
20:29:51 INFO  ==============================================================
20:29:51 INFO  Test execution disabled due to #1052 ... skipped
20:29:51 INFO  
20:29:51 INFO  Test duration: 0.02 secs
20:29:51 INFO  Test final outcome:  SKIPPED
20:29:51 INFO  Test outcome reason: Test execution disabled due to #1052
20:29:51 INFO  
</system-out>
	</testcase>
</testsuite><testsuite name="SoftwareManagement.sm_apt_install_download_path" tests="3" errors="0" failures="2" skipped="1" time="0"><testcase classname="AptInstallWithDownloadPath" name="SoftwareManagement.sm_apt_install_download_path">
		<skipped message="SKIPPED: Testing the apt plugin is not supported on this platform.Use parameter -XmyPlatform='container' to enable it" />
		<system-out>19:38:33 INFO  ==============================================================
19:38:33 INFO  Id:    SoftwareManagement.sm_apt_install_download_path
19:38:33 INFO  Dir:   software_management_end_to_end/
19:38:33 INFO  Title: Install package to directory specified in tedge config set tmp.path
19:38:33 INFO  ==============================================================
19:38:33 INFO  Testing the apt plugin is not supported on this platform.Use parameter -XmyPlatform='container' to enable it ... skipped
19:38:33 WARN  Aborted test due to SKIPPED outcome
19:38:33 INFO  
19:38:33 INFO  Test duration: 0.06 secs
19:38:33 INFO  Test final outcome:  SKIPPED
19:38:33 INFO  Test outcome reason: Testing the apt plugin is not supported on this platform.Use parameter -XmyPlatform='container' to enable it
19:38:33 INFO  
</system-out>
	</testcase>
<testcase classname="AptInstallWithDownloadPath" name="SoftwareManagement.sm_apt_install_download_path">
		<failure message="BLOCKED: AssertionError:" type="BLOCKED" />
		<system-out>20:03:05 INFO  ==============================================================
20:03:05 INFO  Id:    SoftwareManagement.sm_apt_install_download_path
20:03:05 INFO  Dir:   software_management_end_to_end/
20:03:05 INFO  Title: Install package to directory specified in tedge config set tmp.path
20:03:05 INFO  ==============================================================
20:03:05 INFO  Using sw id database: {'asciijump': '5475369', 'robotfindskitten': '5474869', 'squirrel3': '5475279', 'rolldice': '5152439', 'moon-buggy': '5439204', 'apple': '5495053', 'banana': '5494888', 'cherry': '5495382', 'watermelon': '5494510', 'registry': '8018911', 'hello-world': '8021526', 'docker/getting-started': '8021973', 'alpine': '7991792'}
20:03:05 INFO  EnvironmentC8y Setup
20:03:06 INFO  Executed systemctl&lt;serv_mapper1&gt;, exit status 3
20:03:21 INFO  Executed sudo&lt;tedge_connect_c8y&gt;, exit status 0, duration 14 secs
20:03:23 INFO  Executed sudo&lt;tedge_connect_c8y_test&gt;, exit status 0
20:03:24 INFO  Executed systemctl&lt;serv_mosq2&gt;, exit status 0
20:03:24 INFO  Executed systemctl&lt;serv_mapper3&gt;, exit status 0
20:03:27 ERROR No operations found, assuming it passed
20:03:27 INFO  Assert that (False == value) with value=False ... passed
20:03:27 INFO  Executed sudo, exit status 0
20:03:28 INFO  Executed sudo, exit status 0
20:03:29 INFO  Executed sudo, exit status 0
20:03:33 INFO  Executed sudo&lt;tedge_disconnect_c8y&gt;, exit status 0
20:03:33 INFO  Restarting mosquitto too frequently in the last 10 seconds. It was only up for 3 seconds
20:03:33 INFO  Delaying execution by 8 seconds
20:03:56 INFO  Executed sudo&lt;tedge_connect_c8y&gt;, exit status 0, duration 14 secs
20:03:56 INFO  Response status: 201
20:03:56 INFO  Response to action: {
    "creationTime": "2022-05-10T20:03:56.224Z",
    "deviceName": "mythicd",
    "deviceId": "18730396",
    "self": "https://t493319102.eu-latest.cumulocity.com/devicecontrol/operations/18751536",
    "id": "18751536",
    "status": "PENDING",
    "description": "Apply software changes, triggered from PySys: [{'name': 'rolldice', 'id': '5152439', 'version': '::apt', 'url': 'https://thin-edge-io.eu-latest.cumulocity.com/inventory/binaries/12435463', 'action': 'install'}]",
    "c8y_SoftwareUpdate": [
        {
            "name": "rolldice",
            "action": "install",
            "id": "5152439",
            "version": "::apt",
            "url": "https://thin-edge-io.eu-latest.cumulocity.com/inventory/binaries/12435463"
        }
    ]
}
20:03:56 INFO  Started operation: {'creationTime': '2022-05-10T20:03:56.224Z', 'deviceName': 'mythicd', 'deviceId': '18730396', 'self': 'https://t493319102.eu-latest.cumulocity.com/devicecontrol/operations/18751536', 'id': '18751536', 'status': 'PENDING', 'description': "Apply software changes, triggered from PySys: [{'name': 'rolldice', 'id': '5152439', 'version': '::apt', 'url': 'https://thin-edge-io.eu-latest.cumulocity.com/inventory/binaries/12435463', 'action': 'install'}]", 'c8y_SoftwareUpdate': [{'name': 'rolldice', 'action': 'install', 'id': '5152439', 'version': '::apt', 'url': 'https://thin-edge-io.eu-latest.cumulocity.com/inventory/binaries/12435463'}]}
20:03:56 WARN  , retrying in 0.5 seconds...
20:03:56 WARN  , retrying in 0.5 seconds...
20:03:57 WARN  , retrying in 0.5 seconds...
20:03:57 WARN  , retrying in 0.5 seconds...
20:03:58 WARN  , retrying in 0.5 seconds...
20:03:58 WARN  , retrying in 0.5 seconds...
20:03:59 WARN  , retrying in 0.5 seconds...
20:03:59 WARN  , retrying in 0.5 seconds...
20:04:00 WARN  , retrying in 0.5 seconds...
20:04:00 WARN  AssertionError occurred while running test - 
Traceback (most recent call last):
  File "/home/pi/env-pysys/lib/python3.7/site-packages/pysys/baserunner.py", line 1294, in __call__
    self.testObj.execute()
  File "/home/pi/actions-runner/_work/thin-edge.io/thin-edge.io/tests/PySys/software_management_end_to_end/sm_apt_install_download_path/run.py", line 83, in execute
    assert_install_in_download_path(install_directory=self.DOWNLOAD_DIR)
  File "/home/pi/env-pysys/lib/python3.7/site-packages/decorator.py", line 232, in fun
    return caller(func, *(extras + args), **kw)
  File "/home/pi/env-pysys/lib/python3.7/site-packages/retry/api.py", line 74, in retry_decorator
    logger)
  File "/home/pi/env-pysys/lib/python3.7/site-packages/retry/api.py", line 33, in __retry_internal
    return f()
  File "/home/pi/actions-runner/_work/thin-edge.io/thin-edge.io/tests/PySys/software_management_end_to_end/sm_apt_install_download_path/run.py", line 28, in assert_install_in_download_path
    assert "rolldice" in os.listdir(f"{install_directory}")
AssertionError
20:04:01 WARN  AssertionError: ... blocked 
20:04:01 INFO  
20:04:01 INFO  cleanup:
20:04:02 INFO  Executed sudo, exit status 0
20:04:02 INFO  Executed sudo, exit status 0
20:04:07 INFO  Executed sudo&lt;tedge_disconnect_c8y&gt;, exit status 0
20:04:07 INFO  Restarting mosquitto too frequently in the last 10 seconds. It was only up for 4 seconds
20:04:07 INFO  Delaying execution by 7 seconds
20:04:28 INFO  Executed sudo&lt;tedge_connect_c8y&gt;, exit status 0, duration 14 secs
20:04:33 INFO  Executed sudo&lt;tedge_disconnect_c8y&gt;, exit status 0
20:04:33 INFO  Executed systemctl&lt;serv_mapper5&gt;, exit status 3
20:04:33 INFO  
20:04:33 INFO  Test duration: 88.12 secs
20:04:33 INFO  Test final outcome:  BLOCKED
20:04:33 INFO  Test outcome reason: AssertionError:
20:04:33 INFO  
</system-out>
	</testcase>
<testcase classname="AptInstallWithDownloadPath" name="SoftwareManagement.sm_apt_install_download_path">
		<failure message="BLOCKED: AssertionError:" type="BLOCKED" />
		<system-out>20:29:51 INFO  ==============================================================
20:29:51 INFO  Id:    SoftwareManagement.sm_apt_install_download_path
20:29:51 INFO  Dir:   software_management_end_to_end/
20:29:51 INFO  Title: Install package to directory specified in tedge config set tmp.path
20:29:51 INFO  ==============================================================
20:29:53 INFO  Using sw id database: {'asciijump': '5475369', 'robotfindskitten': '5474869', 'squirrel3': '5475279', 'rolldice': '5152439', 'moon-buggy': '5439204', 'apple': '5495053', 'banana': '5494888', 'cherry': '5495382', 'watermelon': '5494510', 'registry': '8018911', 'hello-world': '8021526', 'docker/getting-started': '8021973', 'alpine': '7991792'}
20:29:53 INFO  EnvironmentC8y Setup
20:29:53 INFO  Executed systemctl&lt;serv_mapper1&gt;, exit status 3
20:30:08 INFO  Executed sudo&lt;tedge_connect_c8y&gt;, exit status 0, duration 14 secs
20:30:08 INFO  Executed sudo&lt;tedge_connect_c8y_test&gt;, exit status 0
20:30:09 INFO  Executed systemctl&lt;serv_mosq2&gt;, exit status 0
20:30:09 INFO  Executed systemctl&lt;serv_mapper3&gt;, exit status 0
20:30:12 INFO  State of current operation: SUCCESSFUL
20:30:12 INFO  Assert that (False == value) with value=False ... passed
20:30:12 INFO  Executed sudo, exit status 0
20:30:13 INFO  Executed sudo, exit status 0
20:30:14 INFO  Executed sudo, exit status 0
20:30:18 INFO  Executed sudo&lt;tedge_disconnect_c8y&gt;, exit status 0
20:30:18 INFO  Restarting mosquitto too frequently in the last 10 seconds. It was only up for 3 seconds
20:30:18 INFO  Delaying execution by 8 seconds
20:30:40 INFO  Executed sudo&lt;tedge_connect_c8y&gt;, exit status 0, duration 13 secs
20:30:40 INFO  Response status: 201
20:30:40 INFO  Response to action: {
    "delivery": {
        "time": "2022-05-10T20:30:40.583Z",
        "log": [],
        "status": "PENDING"
    },
    "creationTime": "2022-05-10T20:30:40.566Z",
    "deviceName": "mythicd",
    "deviceId": "18730396",
    "self": "https://t493319102.eu-latest.cumulocity.com/devicecontrol/operations/18751767",
    "id": "18751767",
    "status": "PENDING",
    "description": "Apply software changes, triggered from PySys: [{'name': 'rolldice', 'id': '5152439', 'version': '::apt', 'url': 'https://thin-edge-io.eu-latest.cumulocity.com/inventory/binaries/12435463', 'action': 'install'}]",
    "c8y_SoftwareUpdate": [
        {
            "name": "rolldice",
            "action": "install",
            "id": "5152439",
            "version": "::apt",
            "url": "https://thin-edge-io.eu-latest.cumulocity.com/inventory/binaries/12435463"
        }
    ]
}
20:30:40 INFO  Started operation: {'delivery': {'time': '2022-05-10T20:30:40.583Z', 'log': [], 'status': 'PENDING'}, 'creationTime': '2022-05-10T20:30:40.566Z', 'deviceName': 'mythicd', 'deviceId': '18730396', 'self': 'https://t493319102.eu-latest.cumulocity.com/devicecontrol/operations/18751767', 'id': '18751767', 'status': 'PENDING', 'description': "Apply software changes, triggered from PySys: [{'name': 'rolldice', 'id': '5152439', 'version': '::apt', 'url': 'https://thin-edge-io.eu-latest.cumulocity.com/inventory/binaries/12435463', 'action': 'install'}]", 'c8y_SoftwareUpdate': [{'name': 'rolldice', 'action': 'install', 'id': '5152439', 'version': '::apt', 'url': 'https://thin-edge-io.eu-latest.cumulocity.com/inventory/binaries/12435463'}]}
20:30:40 WARN  , retrying in 0.5 seconds...
20:30:41 WARN  , retrying in 0.5 seconds...
20:30:41 WARN  , retrying in 0.5 seconds...
20:30:42 WARN  , retrying in 0.5 seconds...
20:30:42 WARN  , retrying in 0.5 seconds...
20:30:43 WARN  , retrying in 0.5 seconds...
20:30:43 WARN  , retrying in 0.5 seconds...
20:30:44 WARN  , retrying in 0.5 seconds...
20:30:44 WARN  , retrying in 0.5 seconds...
20:30:45 WARN  AssertionError occurred while running test - 
Traceback (most recent call last):
  File "/home/pi/env-pysys/lib/python3.7/site-packages/pysys/baserunner.py", line 1294, in __call__
    self.testObj.execute()
  File "/home/pi/actions-runner/_work/thin-edge.io/thin-edge.io/tests/PySys/software_management_end_to_end/sm_apt_install_download_path/run.py", line 83, in execute
    assert_install_in_download_path(install_directory=self.DOWNLOAD_DIR)
  File "/home/pi/env-pysys/lib/python3.7/site-packages/decorator.py", line 232, in fun
    return caller(func, *(extras + args), **kw)
  File "/home/pi/env-pysys/lib/python3.7/site-packages/retry/api.py", line 74, in retry_decorator
    logger)
  File "/home/pi/env-pysys/lib/python3.7/site-packages/retry/api.py", line 33, in __retry_internal
    return f()
  File "/home/pi/actions-runner/_work/thin-edge.io/thin-edge.io/tests/PySys/software_management_end_to_end/sm_apt_install_download_path/run.py", line 28, in assert_install_in_download_path
    assert "rolldice" in os.listdir(f"{install_directory}")
AssertionError
20:30:45 WARN  AssertionError: ... blocked 
20:30:45 INFO  
20:30:45 INFO  cleanup:
20:30:46 INFO  Executed sudo, exit status 0
20:30:47 INFO  Executed sudo, exit status 0
20:30:51 INFO  Executed sudo&lt;tedge_disconnect_c8y&gt;, exit status 0
20:30:51 INFO  Restarting mosquitto too frequently in the last 10 seconds. It was only up for 3 seconds
20:30:51 INFO  Delaying execution by 8 seconds
20:31:13 INFO  Executed sudo&lt;tedge_connect_c8y&gt;, exit status 0, duration 14 secs
20:31:17 INFO  Executed sudo&lt;tedge_disconnect_c8y&gt;, exit status 0
20:31:18 INFO  Executed systemctl&lt;serv_mapper5&gt;, exit status 3
20:31:18 INFO  
20:31:18 INFO  Test duration: 86.56 secs
20:31:18 INFO  Test final outcome:  BLOCKED
20:31:18 INFO  Test outcome reason: AssertionError:
20:31:18 INFO  
</system-out>
	</testcase>
</testsuite><testsuite name="SoftwareManagement.sm_apt_install_fail" tests="3" errors="0" failures="0" skipped="1" time="0"><testcase classname="PySysTest" name="SoftwareManagement.sm_apt_install_fail">
		<skipped message="SKIPPED: Testing the apt plugin is not supported on this platform.Use parameter -XmyPlatform='container' to enable it" />
		<system-out>19:38:33 INFO  ==============================================================
19:38:33 INFO  Id:    SoftwareManagement.sm_apt_install_fail
19:38:33 INFO  Dir:   software_management_end_to_end/
19:38:33 INFO  Title: Validate end to end behaviour for a failing installation
19:38:33 INFO  ==============================================================
19:38:33 INFO  Testing the apt plugin is not supported on this platform.Use parameter -XmyPlatform='container' to enable it ... skipped
19:38:33 WARN  Aborted test due to SKIPPED outcome
19:38:33 INFO  
19:38:33 INFO  Test duration: 0.02 secs
19:38:33 INFO  Test final outcome:  SKIPPED
19:38:33 INFO  Test outcome reason: Testing the apt plugin is not supported on this platform.Use parameter -XmyPlatform='container' to enable it
19:38:33 INFO  
</system-out>
	</testcase>
<testcase classname="PySysTest" name="SoftwareManagement.sm_apt_install_fail" />
<testcase classname="PySysTest" name="SoftwareManagement.sm_apt_install_fail" />
</testsuite><testsuite name="SoftwareManagement.sm_apt_install_remove" tests="3" errors="0" failures="0" skipped="1" time="0"><testcase classname="PySysTest" name="SoftwareManagement.sm_apt_install_remove">
		<skipped message="SKIPPED: Testing the apt plugin is not supported on this platform.Use parameter -XmyPlatform='container' to enable it" />
		<system-out>19:38:34 INFO  ==============================================================
19:38:34 INFO  Id:    SoftwareManagement.sm_apt_install_remove
19:38:34 INFO  Dir:   software_management_end_to_end/
19:38:34 INFO  Title: Validate end to end behaviour for the apt plugin for installation and removal of packages
19:38:34 INFO  ==============================================================
19:38:34 INFO  Testing the apt plugin is not supported on this platform.Use parameter -XmyPlatform='container' to enable it ... skipped
19:38:34 WARN  Aborted test due to SKIPPED outcome
19:38:34 INFO  
19:38:34 INFO  Test duration: 0.02 secs
19:38:34 INFO  Test final outcome:  SKIPPED
19:38:34 INFO  Test outcome reason: Testing the apt plugin is not supported on this platform.Use parameter -XmyPlatform='container' to enable it
19:38:34 INFO  
</system-out>
	</testcase>
<testcase classname="PySysTest" name="SoftwareManagement.sm_apt_install_remove" />
<testcase classname="PySysTest" name="SoftwareManagement.sm_apt_install_remove" />
</testsuite><testsuite name="SoftwareManagement.sm_apt_install_remove_default" tests="3" errors="0" failures="0" skipped="1" time="0"><testcase classname="PySysTest" name="SoftwareManagement.sm_apt_install_remove_default">
		<skipped message="SKIPPED: Testing the apt plugin is not supported on this platform.Use parameter -XmyPlatform='container' to enable it" />
		<system-out>19:38:34 INFO  ==============================================================
19:38:34 INFO  Id:    SoftwareManagement.sm_apt_install_remove_default
19:38:34 INFO  Dir:   software_management_end_to_end/
19:38:34 INFO  Title: Validate end to end behaviour for the default plugin for installation and removal of packages
19:38:34 INFO  ==============================================================
19:38:34 INFO  Testing the apt plugin is not supported on this platform.Use parameter -XmyPlatform='container' to enable it ... skipped
19:38:34 WARN  Aborted test due to SKIPPED outcome
19:38:34 INFO  
19:38:34 INFO  Test duration: 0.02 secs
19:38:34 INFO  Test final outcome:  SKIPPED
19:38:34 INFO  Test outcome reason: Testing the apt plugin is not supported on this platform.Use parameter -XmyPlatform='container' to enable it
19:38:34 INFO  
</system-out>
	</testcase>
<testcase classname="PySysTest" name="SoftwareManagement.sm_apt_install_remove_default" />
<testcase classname="PySysTest" name="SoftwareManagement.sm_apt_install_remove_default" />
</testsuite><testsuite name="SoftwareManagement.sm_apt_install_remove_multiple" tests="3" errors="0" failures="2" skipped="1" time="0"><testcase classname="PySysTest" name="SoftwareManagement.sm_apt_install_remove_multiple">
		<skipped message="SKIPPED: Testing the apt plugin is not supported on this platform.Use parameter -XmyPlatform='container' to enable it" />
		<system-out>19:38:34 INFO  ==============================================================
19:38:34 INFO  Id:    SoftwareManagement.sm_apt_install_remove_multiple
19:38:34 INFO  Dir:   software_management_end_to_end/
19:38:34 INFO  Title: Validate end to end behaviour for the apt plugin for multiple packages
19:38:34 INFO  ==============================================================
19:38:34 INFO  Testing the apt plugin is not supported on this platform.Use parameter -XmyPlatform='container' to enable it ... skipped
19:38:34 WARN  Aborted test due to SKIPPED outcome
19:38:34 INFO  
19:38:34 INFO  Test duration: 0.02 secs
19:38:34 INFO  Test final outcome:  SKIPPED
19:38:34 INFO  Test outcome reason: Testing the apt plugin is not supported on this platform.Use parameter -XmyPlatform='container' to enable it
19:38:34 INFO  
</system-out>
	</testcase>
<testcase classname="PySysTest" name="SoftwareManagement.sm_apt_install_remove_multiple">
		<failure message="FAILED: Assert that (False == value) with value=True" type="FAILED" />
		<system-out>20:11:31 INFO  ==============================================================
20:11:31 INFO  Id:    SoftwareManagement.sm_apt_install_remove_multiple
20:11:31 INFO  Dir:   software_management_end_to_end/
20:11:31 INFO  Title: Validate end to end behaviour for the apt plugin for multiple packages
20:11:31 INFO  ==============================================================
20:11:31 INFO  Using sw id database: {'asciijump': '5475369', 'robotfindskitten': '5474869', 'squirrel3': '5475279', 'rolldice': '5152439', 'moon-buggy': '5439204', 'apple': '5495053', 'banana': '5494888', 'cherry': '5495382', 'watermelon': '5494510', 'registry': '8018911', 'hello-world': '8021526', 'docker/getting-started': '8021973', 'alpine': '7991792'}
20:11:31 INFO  EnvironmentC8y Setup
20:11:32 INFO  Executed systemctl&lt;serv_mapper1&gt;, exit status 3
20:11:32 INFO  Restarting mosquitto too frequently in the last 10 seconds. It was only up for 4 seconds
20:11:32 INFO  Delaying execution by 7 seconds
20:11:53 INFO  Executed sudo&lt;tedge_connect_c8y&gt;, exit status 0, duration 14 secs
20:11:54 INFO  Executed sudo&lt;tedge_connect_c8y_test&gt;, exit status 0
20:11:54 INFO  Executed systemctl&lt;serv_mosq2&gt;, exit status 0
20:11:55 INFO  Executed systemctl&lt;serv_mapper3&gt;, exit status 0
20:11:57 INFO  State of current operation: SUCCESSFUL
20:11:57 INFO  Assert that (False == value) with value=False ... passed
20:11:57 INFO  Assert that (False == value) with value=False ... passed
20:11:58 INFO  Assert that (False == value) with value=False ... passed
20:11:58 INFO  Package robotfindskitten is installed
20:11:58 WARN  Assert that (False == value) with value=True ... failed 
20:11:58 INFO  Response status: 201
20:11:58 INFO  Response to action: {
    "creationTime": "2022-05-10T20:11:58.602Z",
    "deviceName": "mythicd",
    "deviceId": "18730396",
    "self": "https://t493319102.eu-latest.cumulocity.com/devicecontrol/operations/18751629",
    "id": "18751629",
    "status": "PENDING",
    "description": "Apply software changes, triggered from PySys: [{'action': 'install', 'id': '5475369', 'name': 'asciijump', 'url': ' ', 'version': '::apt'}, {'action': 'install', 'id': '5474869', 'name': 'robotfindskitten', 'url': ' ', 'version': '::apt'}, {'action': 'install', 'id': '5475279', 'name': 'squirrel3', 'url': ' ', 'version': '::apt'}]",
    "c8y_SoftwareUpdate": [
        {
            "name": "asciijump",
            "action": "install",
            "id": "5475369",
            "version": "::apt",
            "url": " "
        },
        {
            "name": "robotfindskitten",
            "action": "install",
            "id": "5474869",
            "version": "::apt",
            "url": " "
        },
        {
            "name": "squirrel3",
            "action": "install",
            "id": "5475279",
            "version": "::apt",
            "url": " "
        }
    ]
}
20:11:58 INFO  Started operation: {'creationTime': '2022-05-10T20:11:58.602Z', 'deviceName': 'mythicd', 'deviceId': '18730396', 'self': 'https://t493319102.eu-latest.cumulocity.com/devicecontrol/operations/18751629', 'id': '18751629', 'status': 'PENDING', 'description': "Apply software changes, triggered from PySys: [{'action': 'install', 'id': '5475369', 'name': 'asciijump', 'url': ' ', 'version': '::apt'}, {'action': 'install', 'id': '5474869', 'name': 'robotfindskitten', 'url': ' ', 'version': '::apt'}, {'action': 'install', 'id': '5475279', 'name': 'squirrel3', 'url': ' ', 'version': '::apt'}]", 'c8y_SoftwareUpdate': [{'name': 'asciijump', 'action': 'install', 'id': '5475369', 'version': '::apt', 'url': ' '}, {'name': 'robotfindskitten', 'action': 'install', 'id': '5474869', 'version': '::apt', 'url': ' '}, {'name': 'squirrel3', 'action': 'install', 'id': '5475279', 'version': '::apt', 'url': ' '}]}
20:12:00 INFO  State of operation 18751629 : PENDING
20:12:03 INFO  State of operation 18751629 : EXECUTING
20:12:05 INFO  State of operation 18751629 : EXECUTING
20:12:07 INFO  State of operation 18751629 : EXECUTING
20:12:09 INFO  State of operation 18751629 : EXECUTING
20:12:12 INFO  State of operation 18751629 : EXECUTING
20:12:14 INFO  State of operation 18751629 : EXECUTING
20:12:17 INFO  State of operation 18751629 : EXECUTING
20:12:20 INFO  State of operation 18751629 : EXECUTING
20:12:22 INFO  State of operation 18751629 : EXECUTING
20:12:24 INFO  State of operation 18751629 : EXECUTING
20:12:27 INFO  State of operation 18751629 : EXECUTING
20:12:29 INFO  State of operation 18751629 : EXECUTING
20:12:31 INFO  State of operation 18751629 : EXECUTING
20:12:33 INFO  State of operation 18751629 : EXECUTING
20:12:36 INFO  State of operation 18751629 : EXECUTING
20:12:38 INFO  State of operation 18751629 : EXECUTING
20:12:40 INFO  State of operation 18751629 : EXECUTING
20:12:43 INFO  State of operation 18751629 : EXECUTING
20:12:45 INFO  State of operation 18751629 : EXECUTING
20:12:47 INFO  State of operation 18751629 : EXECUTING
20:12:50 INFO  State of operation 18751629 : EXECUTING
20:12:52 INFO  State of operation 18751629 : EXECUTING
20:12:54 INFO  State of operation 18751629 : EXECUTING
20:12:57 INFO  State of operation 18751629 : EXECUTING
20:12:59 INFO  State of operation 18751629 : EXECUTING
20:13:02 INFO  State of operation 18751629 : EXECUTING
20:13:04 INFO  State of operation 18751629 : EXECUTING
20:13:07 INFO  State of operation 18751629 : EXECUTING
20:13:09 INFO  State of operation 18751629 : EXECUTING
20:13:12 INFO  State of operation 18751629 : EXECUTING
20:13:14 INFO  State of operation 18751629 : EXECUTING
20:13:16 INFO  State of operation 18751629 : EXECUTING
20:13:18 INFO  State of operation 18751629 : EXECUTING
20:13:21 INFO  State of operation 18751629 : SUCCESSFUL
20:13:21 INFO  Assert that (False == value) with value=False ... passed
20:13:21 INFO  Package asciijump is installed
20:13:21 INFO  Assert that (True == value) with value=True ... passed
20:13:21 INFO  Package squirrel3 is installed
20:13:21 INFO  Assert that (True == value) with value=True ... passed
20:13:22 INFO  Package robotfindskitten is installed
20:13:22 INFO  Assert that (True == value) with value=True ... passed
20:13:22 INFO  Response status: 201
20:13:22 INFO  Response to action: {
    "creationTime": "2022-05-10T20:13:22.200Z",
    "deviceName": "mythicd",
    "deviceId": "18730396",
    "self": "https://t493319102.eu-latest.cumulocity.com/devicecontrol/operations/18751639",
    "id": "18751639",
    "status": "PENDING",
    "description": "Apply software changes, triggered from PySys: [{'action': 'delete', 'id': '5475369', 'name': 'asciijump', 'url': ' ', 'version': '::apt'}, {'action': 'delete', 'id': '5474869', 'name': 'robotfindskitten', 'url': ' ', 'version': '::apt'}, {'action': 'delete', 'id': '5475279', 'name': 'squirrel3', 'url': ' ', 'version': '::apt'}]",
    "c8y_SoftwareUpdate": [
        {
            "name": "asciijump",
            "action": "delete",
            "id": "5475369",
            "version": "::apt",
            "url": " "
        },
        {
            "name": "robotfindskitten",
            "action": "delete",
            "id": "5474869",
            "version": "::apt",
            "url": " "
        },
        {
            "name": "squirrel3",
            "action": "delete",
            "id": "5475279",
            "version": "::apt",
            "url": " "
        }
    ]
}
20:13:22 INFO  Started operation: {'creationTime': '2022-05-10T20:13:22.200Z', 'deviceName': 'mythicd', 'deviceId': '18730396', 'self': 'https://t493319102.eu-latest.cumulocity.com/devicecontrol/operations/18751639', 'id': '18751639', 'status': 'PENDING', 'description': "Apply software changes, triggered from PySys: [{'action': 'delete', 'id': '5475369', 'name': 'asciijump', 'url': ' ', 'version': '::apt'}, {'action': 'delete', 'id': '5474869', 'name': 'robotfindskitten', 'url': ' ', 'version': '::apt'}, {'action': 'delete', 'id': '5475279', 'name': 'squirrel3', 'url': ' ', 'version': '::apt'}]", 'c8y_SoftwareUpdate': [{'name': 'asciijump', 'action': 'delete', 'id': '5475369', 'version': '::apt', 'url': ' '}, {'name': 'robotfindskitten', 'action': 'delete', 'id': '5474869', 'version': '::apt', 'url': ' '}, {'name': 'squirrel3', 'action': 'delete', 'id': '5475279', 'version': '::apt', 'url': ' '}]}
20:13:24 INFO  State of operation 18751639 : PENDING
20:13:26 INFO  State of operation 18751639 : EXECUTING
20:13:28 INFO  State of operation 18751639 : EXECUTING
20:13:31 INFO  State of operation 18751639 : EXECUTING
20:13:33 INFO  State of operation 18751639 : EXECUTING
20:13:35 INFO  State of operation 18751639 : EXECUTING
20:13:38 INFO  State of operation 18751639 : EXECUTING
20:13:41 INFO  State of operation 18751639 : EXECUTING
20:13:44 INFO  State of operation 18751639 : EXECUTING
20:13:46 INFO  State of operation 18751639 : EXECUTING
20:13:48 INFO  State of operation 18751639 : EXECUTING
20:13:51 INFO  State of operation 18751639 : EXECUTING
20:13:53 INFO  State of operation 18751639 : EXECUTING
20:13:55 INFO  State of operation 18751639 : EXECUTING
20:13:58 INFO  State of operation 18751639 : EXECUTING
20:14:00 INFO  State of operation 18751639 : EXECUTING
20:14:02 INFO  State of operation 18751639 : EXECUTING
20:14:05 INFO  State of operation 18751639 : EXECUTING
20:14:07 INFO  State of operation 18751639 : EXECUTING
20:14:10 INFO  State of operation 18751639 : EXECUTING
20:14:12 INFO  State of operation 18751639 : EXECUTING
20:14:14 INFO  State of operation 18751639 : EXECUTING
20:14:16 INFO  State of operation 18751639 : EXECUTING
20:14:19 INFO  State of operation 18751639 : EXECUTING
20:14:22 INFO  State of operation 18751639 : EXECUTING
20:14:24 INFO  State of operation 18751639 : EXECUTING
20:14:27 INFO  State of operation 18751639 : EXECUTING
20:14:29 INFO  State of operation 18751639 : SUCCESSFUL
20:14:29 INFO  Assert that (False == value) with value=False ... passed
20:14:29 INFO  Assert that (False == value) with value=False ... passed
20:14:30 INFO  Assert that (False == value) with value=False ... passed
20:14:30 INFO  Assert that (False == value) with value=False ... passed
20:14:30 INFO  
20:14:30 INFO  cleanup:
20:14:34 INFO  Executed sudo&lt;tedge_disconnect_c8y&gt;, exit status 0
20:14:34 INFO  Executed systemctl&lt;serv_mapper5&gt;, exit status 3
20:14:34 INFO  
20:14:34 INFO  Test duration: 183.19 secs
20:14:34 INFO  Test final outcome:  FAILED
20:14:34 INFO  Test outcome reason: Assert that (False == value) with value=True
20:14:34 INFO  
</system-out>
	</testcase>
<testcase classname="PySysTest" name="SoftwareManagement.sm_apt_install_remove_multiple">
		<failure message="FAILED: Assert that (False == value) with value=True (+2 other failures)" type="FAILED" />
		<system-out>20:38:03 INFO  ==============================================================
20:38:03 INFO  Id:    SoftwareManagement.sm_apt_install_remove_multiple
20:38:03 INFO  Dir:   software_management_end_to_end/
20:38:03 INFO  Title: Validate end to end behaviour for the apt plugin for multiple packages
20:38:03 INFO  ==============================================================
20:38:03 INFO  Using sw id database: {'asciijump': '5475369', 'robotfindskitten': '5474869', 'squirrel3': '5475279', 'rolldice': '5152439', 'moon-buggy': '5439204', 'apple': '5495053', 'banana': '5494888', 'cherry': '5495382', 'watermelon': '5494510', 'registry': '8018911', 'hello-world': '8021526', 'docker/getting-started': '8021973', 'alpine': '7991792'}
20:38:03 INFO  EnvironmentC8y Setup
20:38:03 INFO  Executed systemctl&lt;serv_mapper1&gt;, exit status 3
20:38:04 INFO  Restarting mosquitto too frequently in the last 10 seconds. It was only up for 5 seconds
20:38:04 INFO  Delaying execution by 6 seconds
20:38:24 INFO  Executed sudo&lt;tedge_connect_c8y&gt;, exit status 0, duration 14 secs
20:38:24 INFO  Executed sudo&lt;tedge_connect_c8y_test&gt;, exit status 0
20:38:25 INFO  Executed systemctl&lt;serv_mosq2&gt;, exit status 0
20:38:25 INFO  Executed systemctl&lt;serv_mapper3&gt;, exit status 0
20:38:28 INFO  State of current operation: SUCCESSFUL
20:38:28 INFO  Assert that (False == value) with value=False ... passed
20:38:28 INFO  Package asciijump is installed
20:38:28 WARN  Assert that (False == value) with value=True ... failed 
20:38:28 INFO  Package squirrel3 is installed
20:38:28 WARN  Assert that (False == value) with value=True ... failed 
20:38:29 INFO  Package robotfindskitten is installed
20:38:29 WARN  Assert that (False == value) with value=True ... failed 
20:38:29 INFO  Response status: 201
20:38:29 INFO  Response to action: {
    "delivery": {
        "time": "2022-05-10T20:38:29.403Z",
        "log": [],
        "status": "PENDING"
    },
    "creationTime": "2022-05-10T20:38:29.389Z",
    "deviceName": "mythicd",
    "deviceId": "18730396",
    "self": "https://t493319102.eu-latest.cumulocity.com/devicecontrol/operations/18751847",
    "id": "18751847",
    "status": "PENDING",
    "description": "Apply software changes, triggered from PySys: [{'action': 'install', 'id': '5475369', 'name': 'asciijump', 'url': ' ', 'version': '::apt'}, {'action': 'install', 'id': '5474869', 'name': 'robotfindskitten', 'url': ' ', 'version': '::apt'}, {'action': 'install', 'id': '5475279', 'name': 'squirrel3', 'url': ' ', 'version': '::apt'}]",
    "c8y_SoftwareUpdate": [
        {
            "name": "asciijump",
            "action": "install",
            "id": "5475369",
            "version": "::apt",
            "url": " "
        },
        {
            "name": "robotfindskitten",
            "action": "install",
            "id": "5474869",
            "version": "::apt",
            "url": " "
        },
        {
            "name": "squirrel3",
            "action": "install",
            "id": "5475279",
            "version": "::apt",
            "url": " "
        }
    ]
}
20:38:29 INFO  Started operation: {'delivery': {'time': '2022-05-10T20:38:29.403Z', 'log': [], 'status': 'PENDING'}, 'creationTime': '2022-05-10T20:38:29.389Z', 'deviceName': 'mythicd', 'deviceId': '18730396', 'self': 'https://t493319102.eu-latest.cumulocity.com/devicecontrol/operations/18751847', 'id': '18751847', 'status': 'PENDING', 'description': "Apply software changes, triggered from PySys: [{'action': 'install', 'id': '5475369', 'name': 'asciijump', 'url': ' ', 'version': '::apt'}, {'action': 'install', 'id': '5474869', 'name': 'robotfindskitten', 'url': ' ', 'version': '::apt'}, {'action': 'install', 'id': '5475279', 'name': 'squirrel3', 'url': ' ', 'version': '::apt'}]", 'c8y_SoftwareUpdate': [{'name': 'asciijump', 'action': 'install', 'id': '5475369', 'version': '::apt', 'url': ' '}, {'name': 'robotfindskitten', 'action': 'install', 'id': '5474869', 'version': '::apt', 'url': ' '}, {'name': 'squirrel3', 'action': 'install', 'id': '5475279', 'version': '::apt', 'url': ' '}]}
20:38:31 INFO  State of operation 18751847 : PENDING
20:38:33 INFO  State of operation 18751847 : EXECUTING
20:38:36 INFO  State of operation 18751847 : EXECUTING
20:38:38 INFO  State of operation 18751847 : EXECUTING
20:38:40 INFO  State of operation 18751847 : EXECUTING
20:38:42 INFO  State of operation 18751847 : EXECUTING
20:38:45 INFO  State of operation 18751847 : EXECUTING
20:38:49 INFO  State of operation 18751847 : EXECUTING
20:38:52 INFO  State of operation 18751847 : EXECUTING
20:38:54 INFO  State of operation 18751847 : EXECUTING
20:38:56 INFO  State of operation 18751847 : EXECUTING
20:38:58 INFO  State of operation 18751847 : EXECUTING
20:39:00 INFO  State of operation 18751847 : EXECUTING
20:39:03 INFO  State of operation 18751847 : EXECUTING
20:39:05 INFO  State of operation 18751847 : EXECUTING
20:39:07 INFO  State of operation 18751847 : SUCCESSFUL
20:39:07 INFO  Assert that (False == value) with value=False ... passed
20:39:08 INFO  Package asciijump is installed
20:39:08 INFO  Assert that (True == value) with value=True ... passed
20:39:08 INFO  Package squirrel3 is installed
20:39:08 INFO  Assert that (True == value) with value=True ... passed
20:39:08 INFO  Package robotfindskitten is installed
20:39:08 INFO  Assert that (True == value) with value=True ... passed
20:39:08 INFO  Response status: 201
20:39:08 INFO  Response to action: {
    "delivery": {
        "time": "2022-05-10T20:39:08.857Z",
        "log": [],
        "status": "PENDING"
    },
    "creationTime": "2022-05-10T20:39:08.841Z",
    "deviceName": "mythicd",
    "deviceId": "18730396",
    "self": "https://t493319102.eu-latest.cumulocity.com/devicecontrol/operations/18751864",
    "id": "18751864",
    "status": "PENDING",
    "description": "Apply software changes, triggered from PySys: [{'action': 'delete', 'id': '5475369', 'name': 'asciijump', 'url': ' ', 'version': '::apt'}, {'action': 'delete', 'id': '5474869', 'name': 'robotfindskitten', 'url': ' ', 'version': '::apt'}, {'action': 'delete', 'id': '5475279', 'name': 'squirrel3', 'url': ' ', 'version': '::apt'}]",
    "c8y_SoftwareUpdate": [
        {
            "name": "asciijump",
            "action": "delete",
            "id": "5475369",
            "version": "::apt",
            "url": " "
        },
        {
            "name": "robotfindskitten",
            "action": "delete",
            "id": "5474869",
            "version": "::apt",
            "url": " "
        },
        {
            "name": "squirrel3",
            "action": "delete",
            "id": "5475279",
            "version": "::apt",
            "url": " "
        }
    ]
}
20:39:08 INFO  Started operation: {'delivery': {'time': '2022-05-10T20:39:08.857Z', 'log': [], 'status': 'PENDING'}, 'creationTime': '2022-05-10T20:39:08.841Z', 'deviceName': 'mythicd', 'deviceId': '18730396', 'self': 'https://t493319102.eu-latest.cumulocity.com/devicecontrol/operations/18751864', 'id': '18751864', 'status': 'PENDING', 'description': "Apply software changes, triggered from PySys: [{'action': 'delete', 'id': '5475369', 'name': 'asciijump', 'url': ' ', 'version': '::apt'}, {'action': 'delete', 'id': '5474869', 'name': 'robotfindskitten', 'url': ' ', 'version': '::apt'}, {'action': 'delete', 'id': '5475279', 'name': 'squirrel3', 'url': ' ', 'version': '::apt'}]", 'c8y_SoftwareUpdate': [{'name': 'asciijump', 'action': 'delete', 'id': '5475369', 'version': '::apt', 'url': ' '}, {'name': 'robotfindskitten', 'action': 'delete', 'id': '5474869', 'version': '::apt', 'url': ' '}, {'name': 'squirrel3', 'action': 'delete', 'id': '5475279', 'version': '::apt', 'url': ' '}]}
20:39:11 INFO  State of operation 18751864 : PENDING
20:39:13 INFO  State of operation 18751864 : EXECUTING
20:39:15 INFO  State of operation 18751864 : EXECUTING
20:39:17 INFO  State of operation 18751864 : EXECUTING
20:39:20 INFO  State of operation 18751864 : EXECUTING
20:39:22 INFO  State of operation 18751864 : EXECUTING
20:39:25 INFO  State of operation 18751864 : EXECUTING
20:39:27 INFO  State of operation 18751864 : EXECUTING
20:39:30 INFO  State of operation 18751864 : EXECUTING
20:39:32 INFO  State of operation 18751864 : EXECUTING
20:39:34 INFO  State of operation 18751864 : EXECUTING
20:39:37 INFO  State of operation 18751864 : EXECUTING
20:39:39 INFO  State of operation 18751864 : EXECUTING
20:39:41 INFO  State of operation 18751864 : EXECUTING
20:39:43 INFO  State of operation 18751864 : EXECUTING
20:39:46 INFO  State of operation 18751864 : EXECUTING
20:39:48 INFO  State of operation 18751864 : EXECUTING
20:39:50 INFO  State of operation 18751864 : EXECUTING
20:39:53 INFO  State of operation 18751864 : EXECUTING
20:39:55 INFO  State of operation 18751864 : EXECUTING
20:39:58 INFO  State of operation 18751864 : EXECUTING
20:40:00 INFO  State of operation 18751864 : EXECUTING
20:40:02 INFO  State of operation 18751864 : EXECUTING
20:40:04 INFO  State of operation 18751864 : EXECUTING
20:40:06 INFO  State of operation 18751864 : EXECUTING
20:40:09 INFO  State of operation 18751864 : EXECUTING
20:40:11 INFO  State of operation 18751864 : EXECUTING
20:40:14 INFO  State of operation 18751864 : EXECUTING
20:40:16 INFO  State of operation 18751864 : EXECUTING
20:40:18 INFO  State of operation 18751864 : SUCCESSFUL
20:40:19 INFO  Assert that (False == value) with value=False ... passed
20:40:19 INFO  Assert that (False == value) with value=False ... passed
20:40:19 INFO  Assert that (False == value) with value=False ... passed
20:40:19 INFO  Assert that (False == value) with value=False ... passed
20:40:19 INFO  
20:40:19 INFO  cleanup:
20:40:23 INFO  Executed sudo&lt;tedge_disconnect_c8y&gt;, exit status 0
20:40:24 INFO  Executed systemctl&lt;serv_mapper5&gt;, exit status 3
20:40:24 INFO  
20:40:24 INFO  Test duration: 140.99 secs
20:40:24 INFO  Test final outcome:  FAILED
20:40:24 INFO  Test outcome reason: Assert that (False == value) with value=True (+2 other failures)
20:40:24 INFO  
</system-out>
	</testcase>
</testsuite><testsuite name="SoftwareManagement.sm_apt_install_remove_multiple_mixed" tests="3" errors="0" failures="2" skipped="1" time="0"><testcase classname="PySysTest" name="SoftwareManagement.sm_apt_install_remove_multiple_mixed">
		<skipped message="SKIPPED: Testing the apt plugin is not supported on this platform.Use parameter -XmyPlatform='container' to enable it" />
		<system-out>19:38:34 INFO  ==============================================================
19:38:34 INFO  Id:    SoftwareManagement.sm_apt_install_remove_multiple_mixed
19:38:34 INFO  Dir:   software_management_end_to_end/
19:38:34 INFO  Title: Validate end to end behaviour for the apt plugin for multiple packages with mixed versions
19:38:34 INFO  ==============================================================
19:38:34 INFO  Testing the apt plugin is not supported on this platform.Use parameter -XmyPlatform='container' to enable it ... skipped
19:38:34 WARN  Aborted test due to SKIPPED outcome
19:38:34 INFO  
19:38:34 INFO  Test duration: 0.03 secs
19:38:34 INFO  Test final outcome:  SKIPPED
19:38:34 INFO  Test outcome reason: Testing the apt plugin is not supported on this platform.Use parameter -XmyPlatform='container' to enable it
19:38:34 INFO  
</system-out>
	</testcase>
<testcase classname="PySysTest" name="SoftwareManagement.sm_apt_install_remove_multiple_mixed">
		<failure message="BLOCKED: SystemError: Timeout while waiting for status SUCCESSFUL or False" type="BLOCKED" />
		<system-out>20:14:34 INFO  ==============================================================
20:14:34 INFO  Id:    SoftwareManagement.sm_apt_install_remove_multiple_mixed
20:14:34 INFO  Dir:   software_management_end_to_end/
20:14:34 INFO  Title: Validate end to end behaviour for the apt plugin for multiple packages with mixed versions
20:14:34 INFO  ==============================================================
20:14:34 INFO  Using sw id database: {'asciijump': '5475369', 'robotfindskitten': '5474869', 'squirrel3': '5475279', 'rolldice': '5152439', 'moon-buggy': '5439204', 'apple': '5495053', 'banana': '5494888', 'cherry': '5495382', 'watermelon': '5494510', 'registry': '8018911', 'hello-world': '8021526', 'docker/getting-started': '8021973', 'alpine': '7991792'}
20:14:34 INFO  EnvironmentC8y Setup
20:14:35 INFO  Executed systemctl&lt;serv_mapper1&gt;, exit status 3
20:14:35 INFO  Restarting mosquitto too frequently in the last 10 seconds. It was only up for 5 seconds
20:14:35 INFO  Delaying execution by 6 seconds
20:14:55 INFO  Executed sudo&lt;tedge_connect_c8y&gt;, exit status 0, duration 14 secs
20:14:56 INFO  Executed sudo&lt;tedge_connect_c8y_test&gt;, exit status 0
20:14:57 INFO  Executed systemctl&lt;serv_mosq2&gt;, exit status 0
20:14:57 INFO  Executed systemctl&lt;serv_mapper3&gt;, exit status 0
20:14:59 INFO  State of current operation: SUCCESSFUL
20:15:00 INFO  Assert that (False == value) with value=False ... passed
20:15:00 INFO  Assert that (False == value) with value=False ... passed
20:15:00 INFO  Assert that (False == value) with value=False ... passed
20:15:00 INFO  Assert that (False == value) with value=False ... passed
20:15:00 INFO  Assert that (False == value) with value=False ... passed
20:15:02 INFO  Response status: 201
20:15:02 INFO  Response to action: {
    "creationTime": "2022-05-10T20:15:02.136Z",
    "deviceName": "mythicd",
    "deviceId": "18730396",
    "self": "https://t493319102.eu-latest.cumulocity.com/devicecontrol/operations/18751655",
    "id": "18751655",
    "status": "PENDING",
    "description": "Apply software changes, triggered from PySys: [{'action': 'install', 'id': '5475369', 'name': 'asciijump', 'url': ' ', 'version': '::apt'}, {'action': 'install', 'id': '5474869', 'name': 'robotfindskitten', 'url': ' ', 'version': ' '}, {'action': 'install', 'id': '5475279', 'name': 'squirrel3', 'url': ' ', 'version': '3.1-7::apt'}, {'action': 'install', 'id': '5152439', 'name': 'rolldice', 'url': ' ', 'version': '1.16-1+b1'}, {'action': 'install', 'id': '5439204', 'name': 'moon-buggy', 'url': ' ', 'version': '1:1.0.51-12'}, {'action': 'install', 'id': '5475369', 'name': 'asciijump', 'url': ' ', 'version': '::apt'}]",
    "c8y_SoftwareUpdate": [
        {
            "name": "asciijump",
            "action": "install",
            "id": "5475369",
            "version": "::apt",
            "url": " "
        },
        {
            "name": "robotfindskitten",
            "action": "install",
            "id": "5474869",
            "version": " ",
            "url": " "
        },
        {
            "name": "squirrel3",
            "action": "install",
            "id": "5475279",
            "version": "3.1-7::apt",
            "url": " "
        },
        {
            "name": "rolldice",
            "action": "install",
            "id": "5152439",
            "version": "1.16-1+b1",
            "url": " "
        },
        {
            "name": "moon-buggy",
            "action": "install",
            "id": "5439204",
            "version": "1:1.0.51-12",
            "url": " "
        },
        {
            "name": "asciijump",
            "action": "install",
            "id": "5475369",
            "version": "::apt",
            "url": " "
        }
    ]
}
20:15:02 INFO  Started operation: {'creationTime': '2022-05-10T20:15:02.136Z', 'deviceName': 'mythicd', 'deviceId': '18730396', 'self': 'https://t493319102.eu-latest.cumulocity.com/devicecontrol/operations/18751655', 'id': '18751655', 'status': 'PENDING', 'description': "Apply software changes, triggered from PySys: [{'action': 'install', 'id': '5475369', 'name': 'asciijump', 'url': ' ', 'version': '::apt'}, {'action': 'install', 'id': '5474869', 'name': 'robotfindskitten', 'url': ' ', 'version': ' '}, {'action': 'install', 'id': '5475279', 'name': 'squirrel3', 'url': ' ', 'version': '3.1-7::apt'}, {'action': 'install', 'id': '5152439', 'name': 'rolldice', 'url': ' ', 'version': '1.16-1+b1'}, {'action': 'install', 'id': '5439204', 'name': 'moon-buggy', 'url': ' ', 'version': '1:1.0.51-12'}, {'action': 'install', 'id': '5475369', 'name': 'asciijump', 'url': ' ', 'version': '::apt'}]", 'c8y_SoftwareUpdate': [{'name': 'asciijump', 'action': 'install', 'id': '5475369', 'version': '::apt', 'url': ' '}, {'name': 'robotfindskitten', 'action': 'install', 'id': '5474869', 'version': ' ', 'url': ' '}, {'name': 'squirrel3', 'action': 'install', 'id': '5475279', 'version': '3.1-7::apt', 'url': ' '}, {'name': 'rolldice', 'action': 'install', 'id': '5152439', 'version': '1.16-1+b1', 'url': ' '}, {'name': 'moon-buggy', 'action': 'install', 'id': '5439204', 'version': '1:1.0.51-12', 'url': ' '}, {'name': 'asciijump', 'action': 'install', 'id': '5475369', 'version': '::apt', 'url': ' '}]}
20:15:04 INFO  State of operation 18751655 : PENDING
20:15:06 INFO  State of operation 18751655 : EXECUTING
20:15:08 INFO  State of operation 18751655 : EXECUTING
20:15:11 INFO  State of operation 18751655 : EXECUTING
20:15:13 INFO  State of operation 18751655 : EXECUTING
20:15:15 INFO  State of operation 18751655 : EXECUTING
20:15:18 INFO  State of operation 18751655 : EXECUTING
20:15:21 INFO  State of operation 18751655 : EXECUTING
20:15:23 INFO  State of operation 18751655 : EXECUTING
20:15:25 INFO  State of operation 18751655 : EXECUTING
20:15:28 INFO  State of operation 18751655 : EXECUTING
20:15:30 INFO  State of operation 18751655 : EXECUTING
20:15:32 INFO  State of operation 18751655 : EXECUTING
20:15:34 INFO  State of operation 18751655 : EXECUTING
20:15:36 INFO  State of operation 18751655 : EXECUTING
20:15:39 INFO  State of operation 18751655 : EXECUTING
20:15:41 INFO  State of operation 18751655 : EXECUTING
20:15:43 INFO  State of operation 18751655 : EXECUTING
20:15:46 INFO  State of operation 18751655 : EXECUTING
20:15:48 INFO  State of operation 18751655 : EXECUTING
20:15:51 INFO  State of operation 18751655 : EXECUTING
20:15:53 INFO  State of operation 18751655 : EXECUTING
20:15:56 INFO  State of operation 18751655 : EXECUTING
20:15:58 INFO  State of operation 18751655 : EXECUTING
20:16:01 INFO  State of operation 18751655 : EXECUTING
20:16:03 INFO  State of operation 18751655 : EXECUTING
20:16:06 INFO  State of operation 18751655 : EXECUTING
20:16:08 INFO  State of operation 18751655 : EXECUTING
20:16:11 INFO  State of operation 18751655 : EXECUTING
20:16:13 INFO  State of operation 18751655 : EXECUTING
20:16:15 INFO  State of operation 18751655 : EXECUTING
20:16:18 INFO  State of operation 18751655 : EXECUTING
20:16:20 INFO  State of operation 18751655 : EXECUTING
20:16:22 INFO  State of operation 18751655 : EXECUTING
20:16:24 INFO  State of operation 18751655 : EXECUTING
20:16:26 INFO  State of operation 18751655 : EXECUTING
20:16:29 INFO  State of operation 18751655 : EXECUTING
20:16:31 INFO  State of operation 18751655 : EXECUTING
20:16:34 INFO  State of operation 18751655 : EXECUTING
20:16:36 INFO  State of operation 18751655 : EXECUTING
20:16:39 INFO  State of operation 18751655 : EXECUTING
20:16:41 INFO  State of operation 18751655 : EXECUTING
20:16:43 INFO  State of operation 18751655 : EXECUTING
20:16:46 INFO  State of operation 18751655 : EXECUTING
20:16:48 INFO  State of operation 18751655 : EXECUTING
20:16:50 INFO  State of operation 18751655 : EXECUTING
20:16:52 INFO  State of operation 18751655 : EXECUTING
20:16:55 INFO  State of operation 18751655 : EXECUTING
20:16:57 INFO  State of operation 18751655 : EXECUTING
20:16:59 INFO  State of operation 18751655 : EXECUTING
20:17:02 INFO  State of operation 18751655 : EXECUTING
20:17:04 INFO  State of operation 18751655 : EXECUTING
20:17:06 INFO  State of operation 18751655 : EXECUTING
20:17:09 INFO  State of operation 18751655 : EXECUTING
20:17:11 INFO  State of operation 18751655 : EXECUTING
20:17:13 INFO  State of operation 18751655 : EXECUTING
20:17:16 INFO  State of operation 18751655 : EXECUTING
20:17:18 INFO  State of operation 18751655 : EXECUTING
20:17:20 INFO  State of operation 18751655 : EXECUTING
20:17:23 INFO  State of operation 18751655 : EXECUTING
20:17:25 INFO  State of operation 18751655 : EXECUTING
20:17:27 WARN  SystemError occurred while running test - Timeout while waiting for status SUCCESSFUL or False
Traceback (most recent call last):
  File "/home/pi/env-pysys/lib/python3.7/site-packages/pysys/baserunner.py", line 1294, in __call__
    self.testObj.execute()
  File "/home/pi/actions-runner/_work/thin-edge.io/thin-edge.io/tests/PySys/software_management_end_to_end/sm_apt_install_remove_multiple_mixed/run.py", line 89, in execute
    self.wait_until_succcess()
  File "/home/pi/actions-runner/_work/thin-edge.io/thin-edge.io/tests/PySys/software_management_end_to_end/environment_sm_management.py", line 324, in wait_until_succcess
    self.wait_until_status("SUCCESSFUL")
  File "/home/pi/actions-runner/_work/thin-edge.io/thin-edge.io/tests/PySys/software_management_end_to_end/environment_sm_management.py", line 381, in wait_until_status
    "Timeout while waiting for status %s or %s" % (status, status2)
SystemError: Timeout while waiting for status SUCCESSFUL or False
20:17:27 WARN  SystemError: Timeout while waiting for status SUCCESSFUL or False ... blocked 
20:17:27 INFO  
20:17:27 INFO  cleanup:
20:17:32 INFO  Executed sudo&lt;tedge_disconnect_c8y&gt;, exit status 0
20:17:32 INFO  Executed systemctl&lt;serv_mapper5&gt;, exit status 3
20:17:32 INFO  
20:17:32 INFO  Test duration: 177.71 secs
20:17:32 INFO  Test final outcome:  BLOCKED
20:17:32 INFO  Test outcome reason: SystemError: Timeout while waiting for status SUCCESSFUL or False
20:17:32 INFO  
</system-out>
	</testcase>
<testcase classname="PySysTest" name="SoftwareManagement.sm_apt_install_remove_multiple_mixed">
		<failure message="BLOCKED: SystemError: Timeout while waiting for status SUCCESSFUL or False (+1 other failures)" type="BLOCKED" />
		<system-out>20:40:24 INFO  ==============================================================
20:40:24 INFO  Id:    SoftwareManagement.sm_apt_install_remove_multiple_mixed
20:40:24 INFO  Dir:   software_management_end_to_end/
20:40:24 INFO  Title: Validate end to end behaviour for the apt plugin for multiple packages with mixed versions
20:40:24 INFO  ==============================================================
20:40:24 INFO  Using sw id database: {'asciijump': '5475369', 'robotfindskitten': '5474869', 'squirrel3': '5475279', 'rolldice': '5152439', 'moon-buggy': '5439204', 'apple': '5495053', 'banana': '5494888', 'cherry': '5495382', 'watermelon': '5494510', 'registry': '8018911', 'hello-world': '8021526', 'docker/getting-started': '8021973', 'alpine': '7991792'}
20:40:24 INFO  EnvironmentC8y Setup
20:40:25 INFO  Executed systemctl&lt;serv_mapper1&gt;, exit status 3
20:40:25 INFO  Restarting mosquitto too frequently in the last 10 seconds. It was only up for 5 seconds
20:40:25 INFO  Delaying execution by 6 seconds
20:40:45 INFO  Executed sudo&lt;tedge_connect_c8y&gt;, exit status 0, duration 13 secs
20:40:45 INFO  Executed sudo&lt;tedge_connect_c8y_test&gt;, exit status 0
20:40:46 INFO  Executed systemctl&lt;serv_mosq2&gt;, exit status 0
20:40:46 INFO  Executed systemctl&lt;serv_mapper3&gt;, exit status 0
20:40:49 INFO  State of current operation: SUCCESSFUL
20:40:49 INFO  Assert that (False == value) with value=False ... passed
20:40:49 INFO  Assert that (False == value) with value=False ... passed
20:40:49 INFO  Assert that (False == value) with value=False ... passed
20:40:50 INFO  Assert that (False == value) with value=False ... passed
20:40:50 INFO  Package moon-buggy is installed
20:40:50 WARN  Assert that (False == value) with value=True ... failed 
20:40:51 INFO  Response status: 201
20:40:51 INFO  Response to action: {
    "creationTime": "2022-05-10T20:40:51.510Z",
    "deviceName": "mythicd",
    "deviceId": "18730396",
    "self": "https://t493319102.eu-latest.cumulocity.com/devicecontrol/operations/18751888",
    "id": "18751888",
    "status": "PENDING",
    "description": "Apply software changes, triggered from PySys: [{'action': 'install', 'id': '5475369', 'name': 'asciijump', 'url': ' ', 'version': '::apt'}, {'action': 'install', 'id': '5474869', 'name': 'robotfindskitten', 'url': ' ', 'version': ' '}, {'action': 'install', 'id': '5475279', 'name': 'squirrel3', 'url': ' ', 'version': '3.1-7::apt'}, {'action': 'install', 'id': '5152439', 'name': 'rolldice', 'url': ' ', 'version': '1.16-1+b1'}, {'action': 'install', 'id': '5439204', 'name': 'moon-buggy', 'url': ' ', 'version': '1:1.0.51-12'}, {'action': 'install', 'id': '5475369', 'name': 'asciijump', 'url': ' ', 'version': '::apt'}]",
    "c8y_SoftwareUpdate": [
        {
            "name": "asciijump",
            "action": "install",
            "id": "5475369",
            "version": "::apt",
            "url": " "
        },
        {
            "name": "robotfindskitten",
            "action": "install",
            "id": "5474869",
            "version": " ",
            "url": " "
        },
        {
            "name": "squirrel3",
            "action": "install",
            "id": "5475279",
            "version": "3.1-7::apt",
            "url": " "
        },
        {
            "name": "rolldice",
            "action": "install",
            "id": "5152439",
            "version": "1.16-1+b1",
            "url": " "
        },
        {
            "name": "moon-buggy",
            "action": "install",
            "id": "5439204",
            "version": "1:1.0.51-12",
            "url": " "
        },
        {
            "name": "asciijump",
            "action": "install",
            "id": "5475369",
            "version": "::apt",
            "url": " "
        }
    ]
}
20:40:51 INFO  Started operation: {'creationTime': '2022-05-10T20:40:51.510Z', 'deviceName': 'mythicd', 'deviceId': '18730396', 'self': 'https://t493319102.eu-latest.cumulocity.com/devicecontrol/operations/18751888', 'id': '18751888', 'status': 'PENDING', 'description': "Apply software changes, triggered from PySys: [{'action': 'install', 'id': '5475369', 'name': 'asciijump', 'url': ' ', 'version': '::apt'}, {'action': 'install', 'id': '5474869', 'name': 'robotfindskitten', 'url': ' ', 'version': ' '}, {'action': 'install', 'id': '5475279', 'name': 'squirrel3', 'url': ' ', 'version': '3.1-7::apt'}, {'action': 'install', 'id': '5152439', 'name': 'rolldice', 'url': ' ', 'version': '1.16-1+b1'}, {'action': 'install', 'id': '5439204', 'name': 'moon-buggy', 'url': ' ', 'version': '1:1.0.51-12'}, {'action': 'install', 'id': '5475369', 'name': 'asciijump', 'url': ' ', 'version': '::apt'}]", 'c8y_SoftwareUpdate': [{'name': 'asciijump', 'action': 'install', 'id': '5475369', 'version': '::apt', 'url': ' '}, {'name': 'robotfindskitten', 'action': 'install', 'id': '5474869', 'version': ' ', 'url': ' '}, {'name': 'squirrel3', 'action': 'install', 'id': '5475279', 'version': '3.1-7::apt', 'url': ' '}, {'name': 'rolldice', 'action': 'install', 'id': '5152439', 'version': '1.16-1+b1', 'url': ' '}, {'name': 'moon-buggy', 'action': 'install', 'id': '5439204', 'version': '1:1.0.51-12', 'url': ' '}, {'name': 'asciijump', 'action': 'install', 'id': '5475369', 'version': '::apt', 'url': ' '}]}
20:40:53 INFO  State of operation 18751888 : PENDING
20:40:56 INFO  State of operation 18751888 : EXECUTING
20:40:58 INFO  State of operation 18751888 : EXECUTING
20:41:00 INFO  State of operation 18751888 : EXECUTING
20:41:02 INFO  State of operation 18751888 : EXECUTING
20:41:04 INFO  State of operation 18751888 : EXECUTING
20:41:07 INFO  State of operation 18751888 : EXECUTING
20:41:09 INFO  State of operation 18751888 : EXECUTING
20:41:12 INFO  State of operation 18751888 : EXECUTING
20:41:14 INFO  State of operation 18751888 : EXECUTING
20:41:17 INFO  State of operation 18751888 : EXECUTING
20:41:19 INFO  State of operation 18751888 : EXECUTING
20:41:21 INFO  State of operation 18751888 : EXECUTING
20:41:23 INFO  State of operation 18751888 : EXECUTING
20:41:26 INFO  State of operation 18751888 : EXECUTING
20:41:28 INFO  State of operation 18751888 : EXECUTING
20:41:30 INFO  State of operation 18751888 : EXECUTING
20:41:32 INFO  State of operation 18751888 : EXECUTING
20:41:35 INFO  State of operation 18751888 : EXECUTING
20:41:38 INFO  State of operation 18751888 : EXECUTING
20:41:40 INFO  State of operation 18751888 : EXECUTING
20:41:42 INFO  State of operation 18751888 : EXECUTING
20:41:45 INFO  State of operation 18751888 : EXECUTING
20:41:47 INFO  State of operation 18751888 : EXECUTING
20:41:49 INFO  State of operation 18751888 : EXECUTING
20:41:51 INFO  State of operation 18751888 : EXECUTING
20:41:54 INFO  State of operation 18751888 : EXECUTING
20:41:56 INFO  State of operation 18751888 : EXECUTING
20:41:59 INFO  State of operation 18751888 : EXECUTING
20:42:01 INFO  State of operation 18751888 : EXECUTING
20:42:04 INFO  State of operation 18751888 : EXECUTING
20:42:06 INFO  State of operation 18751888 : EXECUTING
20:42:08 INFO  State of operation 18751888 : EXECUTING
20:42:10 INFO  State of operation 18751888 : EXECUTING
20:42:13 INFO  State of operation 18751888 : EXECUTING
20:42:15 INFO  State of operation 18751888 : EXECUTING
20:42:17 INFO  State of operation 18751888 : EXECUTING
20:42:19 INFO  State of operation 18751888 : EXECUTING
20:42:22 INFO  State of operation 18751888 : EXECUTING
20:42:24 INFO  State of operation 18751888 : EXECUTING
20:42:27 INFO  State of operation 18751888 : EXECUTING
20:42:29 INFO  State of operation 18751888 : EXECUTING
20:42:32 INFO  State of operation 18751888 : EXECUTING
20:42:34 INFO  State of operation 18751888 : EXECUTING
20:42:36 INFO  State of operation 18751888 : EXECUTING
20:42:38 INFO  State of operation 18751888 : EXECUTING
20:42:41 INFO  State of operation 18751888 : EXECUTING
20:42:43 INFO  State of operation 18751888 : EXECUTING
20:42:45 INFO  State of operation 18751888 : EXECUTING
20:42:48 INFO  State of operation 18751888 : EXECUTING
20:42:51 INFO  State of operation 18751888 : EXECUTING
20:42:54 INFO  State of operation 18751888 : EXECUTING
20:42:56 INFO  State of operation 18751888 : EXECUTING
20:42:58 INFO  State of operation 18751888 : EXECUTING
20:43:01 INFO  State of operation 18751888 : EXECUTING
20:43:03 INFO  State of operation 18751888 : EXECUTING
20:43:05 INFO  State of operation 18751888 : EXECUTING
20:43:08 INFO  State of operation 18751888 : EXECUTING
20:43:10 INFO  State of operation 18751888 : EXECUTING
20:43:12 INFO  State of operation 18751888 : EXECUTING
20:43:15 INFO  State of operation 18751888 : EXECUTING
20:43:17 WARN  SystemError occurred while running test - Timeout while waiting for status SUCCESSFUL or False
Traceback (most recent call last):
  File "/home/pi/env-pysys/lib/python3.7/site-packages/pysys/baserunner.py", line 1294, in __call__
    self.testObj.execute()
  File "/home/pi/actions-runner/_work/thin-edge.io/thin-edge.io/tests/PySys/software_management_end_to_end/sm_apt_install_remove_multiple_mixed/run.py", line 89, in execute
    self.wait_until_succcess()
  File "/home/pi/actions-runner/_work/thin-edge.io/thin-edge.io/tests/PySys/software_management_end_to_end/environment_sm_management.py", line 324, in wait_until_succcess
    self.wait_until_status("SUCCESSFUL")
  File "/home/pi/actions-runner/_work/thin-edge.io/thin-edge.io/tests/PySys/software_management_end_to_end/environment_sm_management.py", line 381, in wait_until_status
    "Timeout while waiting for status %s or %s" % (status, status2)
SystemError: Timeout while waiting for status SUCCESSFUL or False
20:43:17 WARN  SystemError: Timeout while waiting for status SUCCESSFUL or False ... blocked 
20:43:17 INFO  
20:43:17 INFO  cleanup:
20:43:23 INFO  Executed sudo&lt;tedge_disconnect_c8y&gt;, exit status 0
20:43:24 INFO  Executed systemctl&lt;serv_mapper5&gt;, exit status 3
20:43:24 INFO  
20:43:24 INFO  Test duration: 180.10 secs
20:43:24 INFO  Test final outcome:  BLOCKED
20:43:24 INFO  Test outcome reason: SystemError: Timeout while waiting for status SUCCESSFUL or False (+1 other failures)
20:43:24 INFO  
</system-out>
	</testcase>
</testsuite><testsuite name="SoftwareManagement.sm_apt_install_remove_with_version" tests="3" errors="0" failures="0" skipped="1" time="0"><testcase classname="PySysTest" name="SoftwareManagement.sm_apt_install_remove_with_version">
		<skipped message="SKIPPED: Testing the apt plugin is not supported on this platform.Use parameter -XmyPlatform='container' to enable it" />
		<system-out>19:38:34 INFO  ==============================================================
19:38:34 INFO  Id:    SoftwareManagement.sm_apt_install_remove_with_version
19:38:34 INFO  Dir:   software_management_end_to_end/
19:38:34 INFO  Title: Validate end to end behaviour for the apt plugin for packages with version
19:38:34 INFO  ==============================================================
19:38:34 INFO  Testing the apt plugin is not supported on this platform.Use parameter -XmyPlatform='container' to enable it ... skipped
19:38:34 WARN  Aborted test due to SKIPPED outcome
19:38:34 INFO  
19:38:34 INFO  Test duration: 0.02 secs
19:38:34 INFO  Test final outcome:  SKIPPED
19:38:34 INFO  Test outcome reason: Testing the apt plugin is not supported on this platform.Use parameter -XmyPlatform='container' to enable it
19:38:34 INFO  
</system-out>
	</testcase>
<testcase classname="PySysTest" name="SoftwareManagement.sm_apt_install_remove_with_version" />
<testcase classname="PySysTest" name="SoftwareManagement.sm_apt_install_remove_with_version" />
</testsuite><testsuite name="SoftwareManagement.sm_docker_install_remove_multiple" tests="3" errors="0" failures="0" skipped="1" time="0"><testcase classname="SMDockerInstallRemove" name="SoftwareManagement.sm_docker_install_remove_multiple">
		<skipped message="SKIPPED: Testing the apt plugin is not supported on this platform.Use parameter -XmyPlatform='container' to enable it" />
		<system-out>19:38:34 INFO  ==============================================================
19:38:34 INFO  Id:    SoftwareManagement.sm_docker_install_remove_multiple
19:38:34 INFO  Dir:   software_management_end_to_end/
19:38:34 INFO  Title: Validate end to end behaviour for the docker plugin for multiple docker images with mixed versions
19:38:34 INFO  ==============================================================
19:38:34 INFO  Testing the apt plugin is not supported on this platform.Use parameter -XmyPlatform='container' to enable it ... skipped
19:38:34 WARN  Aborted test due to SKIPPED outcome
19:38:34 INFO  
19:38:34 INFO  Test duration: 0.02 secs
19:38:34 INFO  Test final outcome:  SKIPPED
19:38:34 INFO  Test outcome reason: Testing the apt plugin is not supported on this platform.Use parameter -XmyPlatform='container' to enable it
19:38:34 INFO  
</system-out>
	</testcase>
<testcase classname="SMDockerInstallRemove" name="SoftwareManagement.sm_docker_install_remove_multiple" />
<testcase classname="SMDockerInstallRemove" name="SoftwareManagement.sm_docker_install_remove_multiple" />
</testsuite><testsuite name="SoftwareManagement.sm_fake_install_remove" tests="2" errors="0" failures="0" skipped="1" time="0"><testcase classname="PySysTest" name="SoftwareManagement.sm_fake_install_remove">
		<skipped message="SKIPPED: Testing the fake plugin is not enabled.Use parameter -Xfakeplugin=fakeplugin to enable it" />
		<system-out>19:38:34 INFO  ==============================================================
19:38:34 INFO  Id:    SoftwareManagement.sm_fake_install_remove
19:38:34 INFO  Dir:   software_management_end_to_end/
19:38:34 INFO  Title: Validate end to end behaviour for the dummy plugin for installation and removal of packages
19:38:34 INFO  ==============================================================
19:38:34 INFO  Testing the fake plugin is not enabled.Use parameter -Xfakeplugin=fakeplugin to enable it ... skipped
19:38:34 WARN  Aborted test due to SKIPPED outcome
19:38:34 INFO  
19:38:34 INFO  Test duration: 0.02 secs
19:38:34 INFO  Test final outcome:  SKIPPED
19:38:34 INFO  Test outcome reason: Testing the fake plugin is not enabled.Use parameter -Xfakeplugin=fakeplugin to enable it
19:38:34 INFO  
</system-out>
	</testcase>
<testcase classname="PySysTest" name="SoftwareManagement.sm_fake_install_remove" />
</testsuite><testsuite name="SoftwareManagement.sm_fake_install_remove_multiple" tests="2" errors="0" failures="0" skipped="1" time="0"><testcase classname="PySysTest" name="SoftwareManagement.sm_fake_install_remove_multiple">
		<skipped message="SKIPPED: Testing the fake plugin is not enabled.Use parameter -Xfakeplugin=fakeplugin to enable it" />
		<system-out>19:38:34 INFO  ==============================================================
19:38:34 INFO  Id:    SoftwareManagement.sm_fake_install_remove_multiple
19:38:34 INFO  Dir:   software_management_end_to_end/
19:38:34 INFO  Title: Validate end to end behaviour for the dummy-plugin for multiple packages
19:38:34 INFO  ==============================================================
19:38:34 INFO  Testing the fake plugin is not enabled.Use parameter -Xfakeplugin=fakeplugin to enable it ... skipped
19:38:34 WARN  Aborted test due to SKIPPED outcome
19:38:34 INFO  
19:38:34 INFO  Test duration: 0.02 secs
19:38:34 INFO  Test final outcome:  SKIPPED
19:38:34 INFO  Test outcome reason: Testing the fake plugin is not enabled.Use parameter -Xfakeplugin=fakeplugin to enable it
19:38:34 INFO  
</system-out>
	</testcase>
<testcase classname="PySysTest" name="SoftwareManagement.sm_fake_install_remove_multiple" />
</testsuite><testsuite name="SoftwareManagement.sm_mapper_fail_and_reconnect" tests="2" errors="0" failures="0" skipped="2" time="0"><testcase classname="MapperC8yReceiveLastMessageOnRestart" name="SoftwareManagement.sm_mapper_fail_and_reconnect">
		<skipped message="SKIPPED: instable https://github.com/thin-edge/thin-edge.io/issues/752" />
		<system-out>19:38:34 INFO  ==============================================================
19:38:34 INFO  Id:    SoftwareManagement.sm_mapper_fail_and_reconnect
19:38:34 INFO  Dir:   software_management_end_to_end/
19:38:34 INFO  Title: Validate the tedge-mapper-sm-c8y for receiving the last message on restart
19:38:34 INFO  ==============================================================
19:38:34 INFO  instable https://github.com/thin-edge/thin-edge.io/issues/752 ... skipped
19:38:34 INFO  
19:38:34 INFO  Test duration: 0.02 secs
19:38:34 INFO  Test final outcome:  SKIPPED
19:38:34 INFO  Test outcome reason: instable https://github.com/thin-edge/thin-edge.io/issues/752
19:38:34 INFO  
</system-out>
	</testcase>
<testcase classname="MapperC8yReceiveLastMessageOnRestart" name="SoftwareManagement.sm_mapper_fail_and_reconnect">
		<skipped message="SKIPPED: instable https://github.com/thin-edge/thin-edge.io/issues/752" />
		<system-out>20:50:18 INFO  ==============================================================
20:50:18 INFO  Id:    SoftwareManagement.sm_mapper_fail_and_reconnect
20:50:18 INFO  Dir:   software_management_end_to_end/
20:50:18 INFO  Title: Validate the tedge-mapper-sm-c8y for receiving the last message on restart
20:50:18 INFO  ==============================================================
20:50:18 INFO  instable https://github.com/thin-edge/thin-edge.io/issues/752 ... skipped
20:50:18 INFO  
20:50:18 INFO  Test duration: 0.03 secs
20:50:18 INFO  Test final outcome:  SKIPPED
20:50:18 INFO  Test outcome reason: instable https://github.com/thin-edge/thin-edge.io/issues/752
20:50:18 INFO  
</system-out>
	</testcase>
</testsuite><testsuite name="SoftwareManagement.sm_mixed_install_remove_multiple" tests="2" errors="0" failures="1" skipped="1" time="0"><testcase classname="PySysTest" name="SoftwareManagement.sm_mixed_install_remove_multiple">
		<skipped message="SKIPPED: Testing the fake plugin is not enabled.Use parameter -Xfakeplugin=fakeplugin to enable it" />
		<system-out>19:38:34 INFO  ==============================================================
19:38:34 INFO  Id:    SoftwareManagement.sm_mixed_install_remove_multiple
19:38:34 INFO  Dir:   software_management_end_to_end/
19:38:34 INFO  Title: Validate end to end behaviour for the dummy-plugin for multiple packages with mixed versions
19:38:34 INFO  ==============================================================
19:38:34 INFO  Testing the fake plugin is not enabled.Use parameter -Xfakeplugin=fakeplugin to enable it ... skipped
19:38:34 WARN  Aborted test due to SKIPPED outcome
19:38:34 INFO  
19:38:34 INFO  Test duration: 0.02 secs
19:38:34 INFO  Test final outcome:  SKIPPED
19:38:34 INFO  Test outcome reason: Testing the fake plugin is not enabled.Use parameter -Xfakeplugin=fakeplugin to enable it
19:38:34 INFO  
</system-out>
	</testcase>
<testcase classname="PySysTest" name="SoftwareManagement.sm_mixed_install_remove_multiple">
		<failure message="FAILED: Assert that (False == value) with value=True" type="FAILED" />
		<system-out>20:50:18 INFO  ==============================================================
20:50:18 INFO  Id:    SoftwareManagement.sm_mixed_install_remove_multiple
20:50:18 INFO  Dir:   software_management_end_to_end/
20:50:18 INFO  Title: Validate end to end behaviour for the dummy-plugin for multiple packages with mixed versions
20:50:18 INFO  ==============================================================
20:50:19 INFO  Using sw id database: {'asciijump': '5475369', 'robotfindskitten': '5474869', 'squirrel3': '5475279', 'rolldice': '5152439', 'moon-buggy': '5439204', 'apple': '5495053', 'banana': '5494888', 'cherry': '5495382', 'watermelon': '5494510', 'registry': '8018911', 'hello-world': '8021526', 'docker/getting-started': '8021973', 'alpine': '7991792'}
20:50:19 INFO  EnvironmentC8y Setup
20:50:19 INFO  Executed systemctl&lt;serv_mapper1&gt;, exit status 3
20:50:19 INFO  Restarting mosquitto too frequently in the last 10 seconds. It was only up for 5 seconds
20:50:19 INFO  Delaying execution by 6 seconds
20:50:40 INFO  Executed sudo&lt;tedge_connect_c8y&gt;, exit status 0, duration 14 secs
20:50:40 INFO  Executed sudo&lt;tedge_connect_c8y_test&gt;, exit status 0
20:50:41 INFO  Executed systemctl&lt;serv_mosq2&gt;, exit status 0
20:50:41 INFO  Executed systemctl&lt;serv_mapper3&gt;, exit status 0
20:50:43 INFO  State of current operation: SUCCESSFUL
20:50:44 INFO  Package apple is installed
20:50:44 INFO  Assert that (True == value) with value=True ... passed
20:50:44 INFO  Package banana is installed
20:50:44 INFO  Assert that (True == value) with value=True ... passed
20:50:44 INFO  Package cherry is installed
20:50:44 INFO  Assert that (True == value) with value=True ... passed
20:50:44 INFO  Package asciijump is installed
20:50:44 WARN  Assert that (False == value) with value=True ... failed 
20:50:45 INFO  Assert that (False == value) with value=False ... passed
20:50:45 INFO  Response status: 201
20:50:45 INFO  Response to action: {
    "delivery": {
        "time": "2022-05-10T20:50:45.335Z",
        "log": [],
        "status": "PENDING"
    },
    "creationTime": "2022-05-10T20:50:45.320Z",
    "deviceName": "mythicd",
    "deviceId": "18730396",
    "self": "https://t493319102.eu-latest.cumulocity.com/devicecontrol/operations/18752032",
    "id": "18752032",
    "status": "PENDING",
    "description": "Apply software changes, triggered from PySys: [{'action': 'install', 'id': '5495053', 'name': 'apple', 'url': ' ', 'version': '::fruits'}, {'action': 'install', 'id': '5494888', 'name': 'banana', 'url': ' ', 'version': '::fruits'}, {'action': 'install', 'id': '5475369', 'name': 'asciijump', 'url': ' ', 'version': '::apt'}, {'action': 'install', 'id': '5495382', 'name': 'cherry', 'url': ' ', 'version': '::fruits'}, {'action': 'install', 'id': '8018911', 'name': 'registry', 'url': ' ', 'version': '::docker'}]",
    "c8y_SoftwareUpdate": [
        {
            "name": "apple",
            "action": "install",
            "id": "5495053",
            "version": "::fruits",
            "url": " "
        },
        {
            "name": "banana",
            "action": "install",
            "id": "5494888",
            "version": "::fruits",
            "url": " "
        },
        {
            "name": "asciijump",
            "action": "install",
            "id": "5475369",
            "version": "::apt",
            "url": " "
        },
        {
            "name": "cherry",
            "action": "install",
            "id": "5495382",
            "version": "::fruits",
            "url": " "
        },
        {
            "name": "registry",
            "action": "install",
            "id": "8018911",
            "version": "::docker",
            "url": " "
        }
    ]
}
20:50:45 INFO  Started operation: {'delivery': {'time': '2022-05-10T20:50:45.335Z', 'log': [], 'status': 'PENDING'}, 'creationTime': '2022-05-10T20:50:45.320Z', 'deviceName': 'mythicd', 'deviceId': '18730396', 'self': 'https://t493319102.eu-latest.cumulocity.com/devicecontrol/operations/18752032', 'id': '18752032', 'status': 'PENDING', 'description': "Apply software changes, triggered from PySys: [{'action': 'install', 'id': '5495053', 'name': 'apple', 'url': ' ', 'version': '::fruits'}, {'action': 'install', 'id': '5494888', 'name': 'banana', 'url': ' ', 'version': '::fruits'}, {'action': 'install', 'id': '5475369', 'name': 'asciijump', 'url': ' ', 'version': '::apt'}, {'action': 'install', 'id': '5495382', 'name': 'cherry', 'url': ' ', 'version': '::fruits'}, {'action': 'install', 'id': '8018911', 'name': 'registry', 'url': ' ', 'version': '::docker'}]", 'c8y_SoftwareUpdate': [{'name': 'apple', 'action': 'install', 'id': '5495053', 'version': '::fruits', 'url': ' '}, {'name': 'banana', 'action': 'install', 'id': '5494888', 'version': '::fruits', 'url': ' '}, {'name': 'asciijump', 'action': 'install', 'id': '5475369', 'version': '::apt', 'url': ' '}, {'name': 'cherry', 'action': 'install', 'id': '5495382', 'version': '::fruits', 'url': ' '}, {'name': 'registry', 'action': 'install', 'id': '8018911', 'version': '::docker', 'url': ' '}]}
20:50:47 INFO  State of operation 18752032 : PENDING
20:50:49 INFO  State of operation 18752032 : EXECUTING
20:50:52 INFO  State of operation 18752032 : EXECUTING
20:50:54 INFO  State of operation 18752032 : EXECUTING
20:50:56 INFO  State of operation 18752032 : EXECUTING
20:50:58 INFO  State of operation 18752032 : EXECUTING
20:51:01 INFO  State of operation 18752032 : EXECUTING
20:51:05 INFO  State of operation 18752032 : EXECUTING
20:51:08 INFO  State of operation 18752032 : EXECUTING
20:51:10 INFO  State of operation 18752032 : EXECUTING
20:51:12 INFO  State of operation 18752032 : EXECUTING
20:51:14 INFO  State of operation 18752032 : EXECUTING
20:51:17 INFO  State of operation 18752032 : EXECUTING
20:51:19 INFO  State of operation 18752032 : EXECUTING
20:51:21 INFO  State of operation 18752032 : EXECUTING
20:51:23 INFO  State of operation 18752032 : EXECUTING
20:51:26 INFO  State of operation 18752032 : EXECUTING
20:51:28 INFO  State of operation 18752032 : EXECUTING
20:51:30 INFO  State of operation 18752032 : EXECUTING
20:51:32 INFO  State of operation 18752032 : EXECUTING
20:51:35 INFO  State of operation 18752032 : EXECUTING
20:51:37 INFO  State of operation 18752032 : EXECUTING
20:51:39 INFO  State of operation 18752032 : EXECUTING
20:51:41 INFO  State of operation 18752032 : EXECUTING
20:51:44 INFO  State of operation 18752032 : EXECUTING
20:51:46 INFO  State of operation 18752032 : SUCCESSFUL
20:51:46 INFO  Package apple is installed
20:51:46 INFO  Assert that (True == value) with value=True ... passed
20:51:46 INFO  Package banana is installed
20:51:46 INFO  Assert that (True == value) with value=True ... passed
20:51:47 INFO  Package cherry is installed
20:51:47 INFO  Assert that (True == value) with value=True ... passed
20:51:47 INFO  Package asciijump is installed
20:51:47 INFO  Assert that (True == value) with value=True ... passed
20:51:47 INFO  Package registry is installed
20:51:47 INFO  Assert that (True == value) with value=True ... passed
20:51:47 INFO  Response status: 201
20:51:47 INFO  Response to action: {
    "delivery": {
        "time": "2022-05-10T20:51:47.755Z",
        "log": [],
        "status": "PENDING"
    },
    "creationTime": "2022-05-10T20:51:47.741Z",
    "deviceName": "mythicd",
    "deviceId": "18730396",
    "self": "https://t493319102.eu-latest.cumulocity.com/devicecontrol/operations/18752050",
    "id": "18752050",
    "status": "PENDING",
    "description": "Apply software changes, triggered from PySys: [{'action': 'delete', 'id': '5495053', 'name': 'apple', 'url': ' ', 'version': '::fruits'}, {'action': 'delete', 'id': '5494888', 'name': 'banana', 'url': ' ', 'version': '::fruits'}, {'action': 'delete', 'id': '5475369', 'name': 'asciijump', 'url': ' ', 'version': '::apt'}, {'action': 'delete', 'id': '5495382', 'name': 'cherry', 'url': ' ', 'version': '::fruits'}, {'action': 'delete', 'id': '8018911', 'name': 'registry', 'url': ' ', 'version': '::docker'}]",
    "c8y_SoftwareUpdate": [
        {
            "name": "apple",
            "action": "delete",
            "id": "5495053",
            "version": "::fruits",
            "url": " "
        },
        {
            "name": "banana",
            "action": "delete",
            "id": "5494888",
            "version": "::fruits",
            "url": " "
        },
        {
            "name": "asciijump",
            "action": "delete",
            "id": "5475369",
            "version": "::apt",
            "url": " "
        },
        {
            "name": "cherry",
            "action": "delete",
            "id": "5495382",
            "version": "::fruits",
            "url": " "
        },
        {
            "name": "registry",
            "action": "delete",
            "id": "8018911",
            "version": "::docker",
            "url": " "
        }
    ]
}
20:51:47 INFO  Started operation: {'delivery': {'time': '2022-05-10T20:51:47.755Z', 'log': [], 'status': 'PENDING'}, 'creationTime': '2022-05-10T20:51:47.741Z', 'deviceName': 'mythicd', 'deviceId': '18730396', 'self': 'https://t493319102.eu-latest.cumulocity.com/devicecontrol/operations/18752050', 'id': '18752050', 'status': 'PENDING', 'description': "Apply software changes, triggered from PySys: [{'action': 'delete', 'id': '5495053', 'name': 'apple', 'url': ' ', 'version': '::fruits'}, {'action': 'delete', 'id': '5494888', 'name': 'banana', 'url': ' ', 'version': '::fruits'}, {'action': 'delete', 'id': '5475369', 'name': 'asciijump', 'url': ' ', 'version': '::apt'}, {'action': 'delete', 'id': '5495382', 'name': 'cherry', 'url': ' ', 'version': '::fruits'}, {'action': 'delete', 'id': '8018911', 'name': 'registry', 'url': ' ', 'version': '::docker'}]", 'c8y_SoftwareUpdate': [{'name': 'apple', 'action': 'delete', 'id': '5495053', 'version': '::fruits', 'url': ' '}, {'name': 'banana', 'action': 'delete', 'id': '5494888', 'version': '::fruits', 'url': ' '}, {'name': 'asciijump', 'action': 'delete', 'id': '5475369', 'version': '::apt', 'url': ' '}, {'name': 'cherry', 'action': 'delete', 'id': '5495382', 'version': '::fruits', 'url': ' '}, {'name': 'registry', 'action': 'delete', 'id': '8018911', 'version': '::docker', 'url': ' '}]}
20:51:49 INFO  State of operation 18752050 : PENDING
20:51:52 INFO  State of operation 18752050 : EXECUTING
20:51:54 INFO  State of operation 18752050 : EXECUTING
20:51:56 INFO  State of operation 18752050 : EXECUTING
20:51:58 INFO  State of operation 18752050 : EXECUTING
20:52:01 INFO  State of operation 18752050 : EXECUTING
20:52:04 INFO  State of operation 18752050 : EXECUTING
20:52:08 INFO  State of operation 18752050 : EXECUTING
20:52:10 INFO  State of operation 18752050 : EXECUTING
20:52:12 INFO  State of operation 18752050 : EXECUTING
20:52:15 INFO  State of operation 18752050 : EXECUTING
20:52:17 INFO  State of operation 18752050 : EXECUTING
20:52:19 INFO  State of operation 18752050 : EXECUTING
20:52:21 INFO  State of operation 18752050 : EXECUTING
20:52:24 INFO  State of operation 18752050 : EXECUTING
20:52:26 INFO  State of operation 18752050 : EXECUTING
20:52:29 INFO  State of operation 18752050 : EXECUTING
20:52:31 INFO  State of operation 18752050 : EXECUTING
20:52:33 INFO  State of operation 18752050 : EXECUTING
20:52:36 INFO  State of operation 18752050 : EXECUTING
20:52:38 INFO  State of operation 18752050 : EXECUTING
20:52:40 INFO  State of operation 18752050 : EXECUTING
20:52:42 INFO  State of operation 18752050 : EXECUTING
20:52:45 INFO  State of operation 18752050 : EXECUTING
20:52:47 INFO  State of operation 18752050 : EXECUTING
20:52:50 INFO  State of operation 18752050 : EXECUTING
20:52:52 INFO  State of operation 18752050 : EXECUTING
20:52:54 INFO  State of operation 18752050 : EXECUTING
20:52:56 INFO  State of operation 18752050 : EXECUTING
20:52:59 INFO  State of operation 18752050 : EXECUTING
20:53:01 INFO  State of operation 18752050 : EXECUTING
20:53:03 INFO  State of operation 18752050 : SUCCESSFUL
20:53:03 INFO  Package apple is installed
20:53:03 INFO  Assert that (True == value) with value=True ... passed
20:53:04 INFO  Package banana is installed
20:53:04 INFO  Assert that (True == value) with value=True ... passed
20:53:04 INFO  Package cherry is installed
20:53:04 INFO  Assert that (True == value) with value=True ... passed
20:53:04 INFO  Assert that (False == value) with value=False ... passed
20:53:04 INFO  Assert that (False == value) with value=False ... passed
20:53:04 INFO  
20:53:04 INFO  cleanup:
20:53:09 INFO  Executed sudo&lt;tedge_disconnect_c8y&gt;, exit status 0
20:53:09 INFO  Executed systemctl&lt;serv_mapper5&gt;, exit status 3
20:53:09 INFO  
20:53:09 INFO  Test duration: 170.85 secs
20:53:09 INFO  Test final outcome:  FAILED
20:53:09 INFO  Test outcome reason: Assert that (False == value) with value=True
20:53:09 INFO  
</system-out>
	</testcase>
</testsuite><testsuite name="agent_init_session" tests="1" errors="0" failures="0" skipped="0" time="0"><testcase classname="AgentInitSession" name="agent_init_session" />
</testsuite><testsuite name="apt_fail_noarg" tests="2" errors="0" failures="0" skipped="1" time="0"><testcase classname="AptPluginFailNoArg" name="apt_fail_noarg">
		<skipped message="SKIPPED: Testing the apt plugin is not supported on this platform.To run the tests call PySys with -XmyPlatform='container'" />
		<system-out>19:28:50 INFO  ==============================================================
19:28:50 INFO  Id:    apt_fail_noarg
19:28:50 INFO  Dir:   plugin_apt/
19:28:50 INFO  Title: Validate apt plugin fetures(prepare, list, install, remove finalize) without arguments
19:28:50 INFO  ==============================================================
19:28:50 INFO  Testing the apt plugin is not supported on this platform.To run the tests call PySys with -XmyPlatform='container' ... skipped
19:28:50 WARN  Aborted test due to SKIPPED outcome
19:28:50 INFO  
19:28:50 INFO  Test duration: 0.04 secs
19:28:50 INFO  Test final outcome:  SKIPPED
19:28:50 INFO  Test outcome reason: Testing the apt plugin is not supported on this platform.To run the tests call PySys with -XmyPlatform='container'
19:28:50 INFO  
</system-out>
	</testcase>
<testcase classname="AptPluginFailNoArg" name="apt_fail_noarg" />
</testsuite><testsuite name="apt_finalize" tests="2" errors="0" failures="0" skipped="1" time="0"><testcase classname="AptPluginFinalize" name="apt_finalize">
		<skipped message="SKIPPED: Testing the apt plugin is not supported on this platform.To run the tests call PySys with -XmyPlatform='container'" />
		<system-out>19:28:50 INFO  ==============================================================
19:28:50 INFO  Id:    apt_finalize
19:28:50 INFO  Dir:   plugin_apt/
19:28:50 INFO  Title: Validate apt plugin finalize - dense version
19:28:50 INFO  ==============================================================
19:28:50 INFO  Testing the apt plugin is not supported on this platform.To run the tests call PySys with -XmyPlatform='container' ... skipped
19:28:50 WARN  Aborted test due to SKIPPED outcome
19:28:50 INFO  
19:28:50 INFO  Test duration: 0.02 secs
19:28:50 INFO  Test final outcome:  SKIPPED
19:28:50 INFO  Test outcome reason: Testing the apt plugin is not supported on this platform.To run the tests call PySys with -XmyPlatform='container'
19:28:50 INFO  
</system-out>
	</testcase>
<testcase classname="AptPluginFinalize" name="apt_finalize" />
</testsuite><testsuite name="apt_install" tests="2" errors="0" failures="0" skipped="1" time="0"><testcase classname="AptPluginInstallDense" name="apt_install">
		<skipped message="SKIPPED: Testing the apt plugin is not supported on this platform.To run the tests call PySys with -XmyPlatform='container'" />
		<system-out>19:28:50 INFO  ==============================================================
19:28:50 INFO  Id:    apt_install
19:28:50 INFO  Dir:   plugin_apt/
19:28:50 INFO  Title: Validate apt plugin prepare - dense version
19:28:50 INFO  ==============================================================
19:28:50 INFO  Testing the apt plugin is not supported on this platform.To run the tests call PySys with -XmyPlatform='container' ... skipped
19:28:50 WARN  Aborted test due to SKIPPED outcome
19:28:50 INFO  
19:28:50 INFO  Test duration: 0.02 secs
19:28:50 INFO  Test final outcome:  SKIPPED
19:28:50 INFO  Test outcome reason: Testing the apt plugin is not supported on this platform.To run the tests call PySys with -XmyPlatform='container'
19:28:50 INFO  
</system-out>
	</testcase>
<testcase classname="AptPluginInstallDense" name="apt_install" />
</testsuite><testsuite name="apt_install_fail" tests="2" errors="0" failures="0" skipped="1" time="0"><testcase classname="AptPluginInstallFail" name="apt_install_fail">
		<skipped message="SKIPPED: Testing the apt plugin is not supported on this platform.To run the tests call PySys with -XmyPlatform='container'" />
		<system-out>19:28:50 INFO  ==============================================================
19:28:50 INFO  Id:    apt_install_fail
19:28:50 INFO  Dir:   plugin_apt/
19:28:50 INFO  Title: Validate apt plugin prepare - failing
19:28:50 INFO  ==============================================================
19:28:50 INFO  Testing the apt plugin is not supported on this platform.To run the tests call PySys with -XmyPlatform='container' ... skipped
19:28:50 WARN  Aborted test due to SKIPPED outcome
19:28:50 INFO  
19:28:50 INFO  Test duration: 0.02 secs
19:28:50 INFO  Test final outcome:  SKIPPED
19:28:50 INFO  Test outcome reason: Testing the apt plugin is not supported on this platform.To run the tests call PySys with -XmyPlatform='container'
19:28:50 INFO  
</system-out>
	</testcase>
<testcase classname="AptPluginInstallFail" name="apt_install_fail" />
</testsuite><testsuite name="apt_install_local_file" tests="2" errors="0" failures="0" skipped="1" time="0"><testcase classname="AptPluginInstallFromLocalFile" name="apt_install_local_file">
		<skipped message="SKIPPED: Testing the apt plugin is not supported on this platform.To run the tests call PySys with -XmyPlatform='container'" />
		<system-out>19:28:50 INFO  ==============================================================
19:28:50 INFO  Id:    apt_install_local_file
19:28:50 INFO  Dir:   plugin_apt/
19:28:50 INFO  Title: Validate apt plugin install from local file - SUCCESS case
19:28:50 INFO  ==============================================================
19:28:50 INFO  Testing the apt plugin is not supported on this platform.To run the tests call PySys with -XmyPlatform='container' ... skipped
19:28:50 WARN  Aborted test due to SKIPPED outcome
19:28:50 INFO  
19:28:50 INFO  Test duration: 0.02 secs
19:28:50 INFO  Test final outcome:  SKIPPED
19:28:50 INFO  Test outcome reason: Testing the apt plugin is not supported on this platform.To run the tests call PySys with -XmyPlatform='container'
19:28:50 INFO  
</system-out>
	</testcase>
<testcase classname="AptPluginInstallFromLocalFile" name="apt_install_local_file" />
</testsuite><testsuite name="apt_install_local_file_fail" tests="2" errors="0" failures="0" skipped="1" time="0"><testcase classname="AptPluginInstallFromLocalFileFail" name="apt_install_local_file_fail">
		<skipped message="SKIPPED: Testing the apt plugin is not supported on this platform.To run the tests call PySys with -XmyPlatform='container'" />
		<system-out>19:28:50 INFO  ==============================================================
19:28:50 INFO  Id:    apt_install_local_file_fail
19:28:50 INFO  Dir:   plugin_apt/
19:28:50 INFO  Title: Validate apt plugin install from local file - FAIL case
19:28:50 INFO  ==============================================================
19:28:50 INFO  Testing the apt plugin is not supported on this platform.To run the tests call PySys with -XmyPlatform='container' ... skipped
19:28:50 WARN  Aborted test due to SKIPPED outcome
19:28:50 INFO  
19:28:50 INFO  Test duration: 0.02 secs
19:28:50 INFO  Test final outcome:  SKIPPED
19:28:50 INFO  Test outcome reason: Testing the apt plugin is not supported on this platform.To run the tests call PySys with -XmyPlatform='container'
19:28:50 INFO  
</system-out>
	</testcase>
<testcase classname="AptPluginInstallFromLocalFileFail" name="apt_install_local_file_fail" />
</testsuite><testsuite name="apt_install_local_file_with_version" tests="2" errors="0" failures="0" skipped="1" time="0"><testcase classname="AptPluginInstallFromLocalFileWithVersion" name="apt_install_local_file_with_version">
		<skipped message="SKIPPED: Testing the apt plugin is not supported on this platform.To run the tests call PySys with -XmyPlatform='container'" />
		<system-out>19:28:51 INFO  ==============================================================
19:28:51 INFO  Id:    apt_install_local_file_with_version
19:28:51 INFO  Dir:   plugin_apt/
19:28:51 INFO  Title: Validate apt plugin install from local file AND with a version - SUCCESS case
19:28:51 INFO  ==============================================================
19:28:51 INFO  Testing the apt plugin is not supported on this platform.To run the tests call PySys with -XmyPlatform='container' ... skipped
19:28:51 WARN  Aborted test due to SKIPPED outcome
19:28:51 INFO  
19:28:51 INFO  Test duration: 0.02 secs
19:28:51 INFO  Test final outcome:  SKIPPED
19:28:51 INFO  Test outcome reason: Testing the apt plugin is not supported on this platform.To run the tests call PySys with -XmyPlatform='container'
19:28:51 INFO  
</system-out>
	</testcase>
<testcase classname="AptPluginInstallFromLocalFileWithVersion" name="apt_install_local_file_with_version" />
</testsuite><testsuite name="apt_install_local_file_with_version_fail" tests="2" errors="0" failures="0" skipped="1" time="0"><testcase classname="AptPluginInstallFromLocalFileWithVersionFail" name="apt_install_local_file_with_version_fail">
		<skipped message="SKIPPED: Testing the apt plugin is not supported on this platform.To run the tests call PySys with -XmyPlatform='container'" />
		<system-out>19:28:51 INFO  ==============================================================
19:28:51 INFO  Id:    apt_install_local_file_with_version_fail
19:28:51 INFO  Dir:   plugin_apt/
19:28:51 INFO  Title: Validate apt plugin install from local file AND with a version - FAIL case
19:28:51 INFO  ==============================================================
19:28:51 INFO  Testing the apt plugin is not supported on this platform.To run the tests call PySys with -XmyPlatform='container' ... skipped
19:28:51 WARN  Aborted test due to SKIPPED outcome
19:28:51 INFO  
19:28:51 INFO  Test duration: 0.02 secs
19:28:51 INFO  Test final outcome:  SKIPPED
19:28:51 INFO  Test outcome reason: Testing the apt plugin is not supported on this platform.To run the tests call PySys with -XmyPlatform='container'
19:28:51 INFO  
</system-out>
	</testcase>
<testcase classname="AptPluginInstallFromLocalFileWithVersionFail" name="apt_install_local_file_with_version_fail" />
</testsuite><testsuite name="apt_list_format" tests="2" errors="0" failures="0" skipped="0" time="0"><testcase classname="AptPluginListFormat" name="apt_list_format" />
<testcase classname="AptPluginListFormat" name="apt_list_format" />
</testsuite><testsuite name="apt_prepare" tests="2" errors="0" failures="0" skipped="1" time="0"><testcase classname="AptPluginPrepare" name="apt_prepare">
		<skipped message="SKIPPED: Testing the apt plugin is not supported on this platform.To run the tests call PySys with -XmyPlatform='container'" />
		<system-out>19:28:54 INFO  ==============================================================
19:28:54 INFO  Id:    apt_prepare
19:28:54 INFO  Dir:   plugin_apt/
19:28:54 INFO  Title: Validate apt plugin install - dense version
19:28:54 INFO  ==============================================================
19:28:54 INFO  Testing the apt plugin is not supported on this platform.To run the tests call PySys with -XmyPlatform='container' ... skipped
19:28:54 WARN  Aborted test due to SKIPPED outcome
19:28:54 INFO  
19:28:54 INFO  Test duration: 0.02 secs
19:28:54 INFO  Test final outcome:  SKIPPED
19:28:54 INFO  Test outcome reason: Testing the apt plugin is not supported on this platform.To run the tests call PySys with -XmyPlatform='container'
19:28:54 INFO  
</system-out>
	</testcase>
<testcase classname="AptPluginPrepare" name="apt_prepare" />
</testsuite><testsuite name="apt_prepare_install_finalize" tests="2" errors="0" failures="0" skipped="1" time="0"><testcase classname="AptPluginPrepareInstallFinalize" name="apt_prepare_install_finalize">
		<skipped message="SKIPPED: Testing the apt plugin is not supported on this platform.To run the tests call PySys with -XmyPlatform='container'" />
		<system-out>19:28:54 INFO  ==============================================================
19:28:54 INFO  Id:    apt_prepare_install_finalize
19:28:54 INFO  Dir:   plugin_apt/
19:28:54 INFO  Title: Validate apt plugin install use case
19:28:54 INFO  ==============================================================
19:28:54 INFO  Testing the apt plugin is not supported on this platform.To run the tests call PySys with -XmyPlatform='container' ... skipped
19:28:54 WARN  Aborted test due to SKIPPED outcome
19:28:54 INFO  
19:28:54 INFO  Test duration: 0.03 secs
19:28:54 INFO  Test final outcome:  SKIPPED
19:28:54 INFO  Test outcome reason: Testing the apt plugin is not supported on this platform.To run the tests call PySys with -XmyPlatform='container'
19:28:54 INFO  
</system-out>
	</testcase>
<testcase classname="AptPluginPrepareInstallFinalize" name="apt_prepare_install_finalize" />
</testsuite><testsuite name="apt_remove" tests="2" errors="0" failures="0" skipped="1" time="0"><testcase classname="AptPluginRemoveDense" name="apt_remove">
		<skipped message="SKIPPED: Testing the apt plugin is not supported on this platform.To run the tests call PySys with -XmyPlatform='container'" />
		<system-out>19:28:54 INFO  ==============================================================
19:28:54 INFO  Id:    apt_remove
19:28:54 INFO  Dir:   plugin_apt/
19:28:54 INFO  Title: Validate apt plugin prepare - dense version
19:28:54 INFO  ==============================================================
19:28:54 INFO  Testing the apt plugin is not supported on this platform.To run the tests call PySys with -XmyPlatform='container' ... skipped
19:28:54 WARN  Aborted test due to SKIPPED outcome
19:28:54 INFO  
19:28:54 INFO  Test duration: 0.02 secs
19:28:54 INFO  Test final outcome:  SKIPPED
19:28:54 INFO  Test outcome reason: Testing the apt plugin is not supported on this platform.To run the tests call PySys with -XmyPlatform='container'
19:28:54 INFO  
</system-out>
	</testcase>
<testcase classname="AptPluginRemoveDense" name="apt_remove" />
</testsuite><testsuite name="apt_remove_fail" tests="2" errors="0" failures="0" skipped="1" time="0"><testcase classname="AptPluginRemoveFails" name="apt_remove_fail">
		<skipped message="SKIPPED: Testing the apt plugin is not supported on this platform.To run the tests call PySys with -XmyPlatform='container'" />
		<system-out>19:28:54 INFO  ==============================================================
19:28:54 INFO  Id:    apt_remove_fail
19:28:54 INFO  Dir:   plugin_apt/
19:28:54 INFO  Title: Validate apt plugin prepare - failing
19:28:54 INFO  ==============================================================
19:28:54 INFO  Testing the apt plugin is not supported on this platform.To run the tests call PySys with -XmyPlatform='container' ... skipped
19:28:54 WARN  Aborted test due to SKIPPED outcome
19:28:54 INFO  
19:28:54 INFO  Test duration: 0.03 secs
19:28:54 INFO  Test final outcome:  SKIPPED
19:28:54 INFO  Test outcome reason: Testing the apt plugin is not supported on this platform.To run the tests call PySys with -XmyPlatform='container'
19:28:54 INFO  
</system-out>
	</testcase>
<testcase classname="AptPluginRemoveFails" name="apt_remove_fail" />
</testsuite><testsuite name="apt_sequence_install_with_version" tests="2" errors="0" failures="0" skipped="1" time="0"><testcase classname="AptPluginPrepInstallWithVersionFinalize" name="apt_sequence_install_with_version">
		<skipped message="SKIPPED: Testing the apt plugin is not supported on this platform.To run the tests call PySys with -XmyPlatform='container'" />
		<system-out>19:28:54 INFO  ==============================================================
19:28:54 INFO  Id:    apt_sequence_install_with_version
19:28:54 INFO  Dir:   plugin_apt/
19:28:54 INFO  Title: Validate apt plugin install with version use case
19:28:54 INFO  ==============================================================
19:28:54 INFO  Testing the apt plugin is not supported on this platform.To run the tests call PySys with -XmyPlatform='container' ... skipped
19:28:54 WARN  Aborted test due to SKIPPED outcome
19:28:54 INFO  
19:28:54 INFO  Test duration: 0.03 secs
19:28:54 INFO  Test final outcome:  SKIPPED
19:28:54 INFO  Test outcome reason: Testing the apt plugin is not supported on this platform.To run the tests call PySys with -XmyPlatform='container'
19:28:54 INFO  
</system-out>
	</testcase>
<testcase classname="AptPluginPrepInstallWithVersionFinalize" name="apt_sequence_install_with_version" />
</testsuite><testsuite name="apt_sequence_install_with_version_fail" tests="2" errors="0" failures="0" skipped="1" time="0"><testcase classname="AptPluginInstallWithVersionFails" name="apt_sequence_install_with_version_fail">
		<skipped message="SKIPPED: Testing the apt plugin is not supported on this platform.To run the tests call PySys with -XmyPlatform='container'" />
		<system-out>19:28:54 INFO  ==============================================================
19:28:54 INFO  Id:    apt_sequence_install_with_version_fail
19:28:54 INFO  Dir:   plugin_apt/
19:28:54 INFO  Title: Validate apt plugin install with version fails use case
19:28:54 INFO  ==============================================================
19:28:54 INFO  Testing the apt plugin is not supported on this platform.To run the tests call PySys with -XmyPlatform='container' ... skipped
19:28:54 WARN  Aborted test due to SKIPPED outcome
19:28:54 INFO  
19:28:54 INFO  Test duration: 0.02 secs
19:28:54 INFO  Test final outcome:  SKIPPED
19:28:54 INFO  Test outcome reason: Testing the apt plugin is not supported on this platform.To run the tests call PySys with -XmyPlatform='container'
19:28:54 INFO  
</system-out>
	</testcase>
<testcase classname="AptPluginInstallWithVersionFails" name="apt_sequence_install_with_version_fail" />
</testsuite><testsuite name="apt_sequence_remove" tests="2" errors="0" failures="0" skipped="1" time="0"><testcase classname="AptPluginInstallPrepareRemoveFinalize" name="apt_sequence_remove">
		<skipped message="SKIPPED: Testing the apt plugin is not supported on this platform.To run the tests call PySys with -XmyPlatform='container'" />
		<system-out>19:28:54 INFO  ==============================================================
19:28:54 INFO  Id:    apt_sequence_remove
19:28:54 INFO  Dir:   plugin_apt/
19:28:54 INFO  Title: Validate apt plugin prepare install remove finalize use case
19:28:54 INFO  ==============================================================
19:28:54 INFO  Testing the apt plugin is not supported on this platform.To run the tests call PySys with -XmyPlatform='container' ... skipped
19:28:54 WARN  Aborted test due to SKIPPED outcome
19:28:54 INFO  
19:28:54 INFO  Test duration: 0.02 secs
19:28:54 INFO  Test final outcome:  SKIPPED
19:28:54 INFO  Test outcome reason: Testing the apt plugin is not supported on this platform.To run the tests call PySys with -XmyPlatform='container'
19:28:54 INFO  
</system-out>
	</testcase>
<testcase classname="AptPluginInstallPrepareRemoveFinalize" name="apt_sequence_remove" />
</testsuite><testsuite name="apt_sequence_remove_with_version" tests="2" errors="0" failures="0" skipped="1" time="0"><testcase classname="AptPluginRemoveWithVersion" name="apt_sequence_remove_with_version">
		<skipped message="SKIPPED: Testing the apt plugin is not supported on this platform.To run the tests call PySys with -XmyPlatform='container'" />
		<system-out>19:28:54 INFO  ==============================================================
19:28:54 INFO  Id:    apt_sequence_remove_with_version
19:28:54 INFO  Dir:   plugin_apt/
19:28:54 INFO  Title: Validate apt plugin remove with version use case
19:28:54 INFO  ==============================================================
19:28:54 INFO  Testing the apt plugin is not supported on this platform.To run the tests call PySys with -XmyPlatform='container' ... skipped
19:28:54 WARN  Aborted test due to SKIPPED outcome
19:28:54 INFO  
19:28:54 INFO  Test duration: 0.02 secs
19:28:54 INFO  Test final outcome:  SKIPPED
19:28:54 INFO  Test outcome reason: Testing the apt plugin is not supported on this platform.To run the tests call PySys with -XmyPlatform='container'
19:28:54 INFO  
</system-out>
	</testcase>
<testcase classname="AptPluginRemoveWithVersion" name="apt_sequence_remove_with_version" />
</testsuite><testsuite name="apt_sequence_remove_with_version_fail" tests="2" errors="0" failures="0" skipped="1" time="0"><testcase classname="AptPluginRemoveWithVersionFails" name="apt_sequence_remove_with_version_fail">
		<skipped message="SKIPPED: Testing the apt plugin is not supported on this platform.To run the tests call PySys with -XmyPlatform='container'" />
		<system-out>19:28:54 INFO  ==============================================================
19:28:54 INFO  Id:    apt_sequence_remove_with_version_fail
19:28:54 INFO  Dir:   plugin_apt/
19:28:54 INFO  Title: Validate apt plugin remove with version fails when the version not found
19:28:54 INFO  ==============================================================
19:28:54 INFO  Testing the apt plugin is not supported on this platform.To run the tests call PySys with -XmyPlatform='container' ... skipped
19:28:54 WARN  Aborted test due to SKIPPED outcome
19:28:54 INFO  
19:28:54 INFO  Test duration: 0.02 secs
19:28:54 INFO  Test final outcome:  SKIPPED
19:28:54 INFO  Test outcome reason: Testing the apt plugin is not supported on this platform.To run the tests call PySys with -XmyPlatform='container'
19:28:54 INFO  
</system-out>
	</testcase>
<testcase classname="AptPluginRemoveWithVersionFails" name="apt_sequence_remove_with_version_fail" />
</testsuite><testsuite name="apt_update_list" tests="2" errors="0" failures="0" skipped="1" time="0"><testcase classname="AptPluginUpdateList" name="apt_update_list">
		<skipped message="SKIPPED: Testing the apt plugin is not supported on this platform.To run the tests call PySys with -XmyPlatform='container'" />
		<system-out>19:28:54 INFO  ==============================================================
19:28:54 INFO  Id:    apt_update_list
19:28:54 INFO  Dir:   plugin_apt/
19:28:54 INFO  Title: Validate apt plugin update-list command use case
19:28:54 INFO  ==============================================================
19:28:54 INFO  Testing the apt plugin is not supported on this platform.To run the tests call PySys with -XmyPlatform='container' ... skipped
19:28:54 WARN  Aborted test due to SKIPPED outcome
19:28:54 INFO  
19:28:54 INFO  Test duration: 0.02 secs
19:28:54 INFO  Test final outcome:  SKIPPED
19:28:54 INFO  Test outcome reason: Testing the apt plugin is not supported on this platform.To run the tests call PySys with -XmyPlatform='container'
19:28:54 INFO  
</system-out>
	</testcase>
<testcase classname="AptPluginUpdateList" name="apt_update_list" />
</testsuite><testsuite name="apt_wrong_option" tests="2" errors="0" failures="0" skipped="1" time="0"><testcase classname="AptPluginWrongOption" name="apt_wrong_option">
		<skipped message="SKIPPED: Testing the apt plugin is not supported on this platform.To run the tests call PySys with -XmyPlatform='container'" />
		<system-out>19:28:54 INFO  ==============================================================
19:28:54 INFO  Id:    apt_wrong_option
19:28:54 INFO  Dir:   plugin_apt/
19:28:54 INFO  Title: Validate apt plugin install
19:28:54 INFO  ==============================================================
19:28:54 INFO  Testing the apt plugin is not supported on this platform.To run the tests call PySys with -XmyPlatform='container' ... skipped
19:28:54 WARN  Aborted test due to SKIPPED outcome
19:28:54 INFO  
19:28:54 INFO  Test duration: 0.02 secs
19:28:54 INFO  Test final outcome:  SKIPPED
19:28:54 INFO  Test outcome reason: Testing the apt plugin is not supported on this platform.To run the tests call PySys with -XmyPlatform='container'
19:28:54 INFO  
</system-out>
	</testcase>
<testcase classname="AptPluginWrongOption" name="apt_wrong_option" />
</testsuite><testsuite name="c8y_jwt_token_retrieval" tests="1" errors="0" failures="0" skipped="0" time="0"><testcase classname="ValidateJWTTokenRetrieval" name="c8y_jwt_token_retrieval" />
</testsuite><testsuite name="c8y_restart_bridge" tests="1" errors="0" failures="0" skipped="0" time="0"><testcase classname="RestartBridge" name="c8y_restart_bridge" />
</testsuite><testsuite name="call_tedge_-V" tests="1" errors="0" failures="0" skipped="0" time="0"><testcase classname="PySysTest" name="call_tedge_-V" />
</testsuite><testsuite name="call_tedge_-h" tests="1" errors="0" failures="0" skipped="0" time="0"><testcase classname="PySysTest" name="call_tedge_-h" />
</testsuite><testsuite name="call_tedge_-h_-V" tests="1" errors="0" failures="0" skipped="0" time="0"><testcase classname="PySysTest" name="call_tedge_-h_-V" />
</testsuite><testsuite name="call_tedge_config_help" tests="1" errors="0" failures="0" skipped="0" time="0"><testcase classname="PySysTest" name="call_tedge_config_help" />
</testsuite><testsuite name="call_tedge_config_list" tests="1" errors="0" failures="0" skipped="0" time="0"><testcase classname="PySysTest" name="call_tedge_config_list" />
</testsuite><testsuite name="custom_init_system" tests="1" errors="0" failures="0" skipped="0" time="0"><testcase classname="CustomInitSystem" name="custom_init_system" />
</testsuite><testsuite name="docker_plugin_finalize" tests="2" errors="0" failures="0" skipped="1" time="0"><testcase classname="DockerPluginFinalizeTest" name="docker_plugin_finalize">
		<skipped message="SKIPPED: Testing the docker plugin is not supported on this platform.To run it, all the test with -XmyPlatform='container'" />
		<system-out>19:28:54 INFO  ==============================================================
19:28:54 INFO  Id:    docker_plugin_finalize
19:28:54 INFO  Dir:   plugin_docker/
19:28:54 INFO  Title: Validate docker plugin finalize command
19:28:54 INFO  ==============================================================
19:28:55 INFO  Testing the docker plugin is not supported on this platform.To run it, all the test with -XmyPlatform='container' ... skipped
19:28:55 WARN  Aborted test due to SKIPPED outcome
19:28:55 INFO  
19:28:55 INFO  Test duration: 0.05 secs
19:28:55 INFO  Test final outcome:  SKIPPED
19:28:55 INFO  Test outcome reason: Testing the docker plugin is not supported on this platform.To run it, all the test with -XmyPlatform='container'
19:28:55 INFO  
</system-out>
	</testcase>
<testcase classname="DockerPluginFinalizeTest" name="docker_plugin_finalize" />
</testsuite><testsuite name="docker_plugin_install" tests="2" errors="0" failures="0" skipped="1" time="0"><testcase classname="DockerPluginInstallTest" name="docker_plugin_install">
		<skipped message="SKIPPED: Testing the docker plugin is not supported on this platform.To run it, all the test with -XmyPlatform='container'" />
		<system-out>19:28:55 INFO  ==============================================================
19:28:55 INFO  Id:    docker_plugin_install
19:28:55 INFO  Dir:   plugin_docker/
19:28:55 INFO  Title: Validate docker plugin install
19:28:55 INFO  ==============================================================
19:28:55 INFO  Testing the docker plugin is not supported on this platform.To run it, all the test with -XmyPlatform='container' ... skipped
19:28:55 WARN  Aborted test due to SKIPPED outcome
19:28:55 INFO  
19:28:55 INFO  Test duration: 0.05 secs
19:28:55 INFO  Test final outcome:  SKIPPED
19:28:55 INFO  Test outcome reason: Testing the docker plugin is not supported on this platform.To run it, all the test with -XmyPlatform='container'
19:28:55 INFO  
</system-out>
	</testcase>
<testcase classname="DockerPluginInstallTest" name="docker_plugin_install" />
</testsuite><testsuite name="docker_plugin_install_with_version" tests="2" errors="0" failures="0" skipped="1" time="0"><testcase classname="DockerPluginInstallWithVersionTest" name="docker_plugin_install_with_version">
		<skipped message="SKIPPED: Testing the docker plugin is not supported on this platform.To run it, all the test with -XmyPlatform='container'" />
		<system-out>19:28:55 INFO  ==============================================================
19:28:55 INFO  Id:    docker_plugin_install_with_version
19:28:55 INFO  Dir:   plugin_docker/
19:28:55 INFO  Title: Validate docker plugin install
19:28:55 INFO  ==============================================================
19:28:55 INFO  Testing the docker plugin is not supported on this platform.To run it, all the test with -XmyPlatform='container' ... skipped
19:28:55 WARN  Aborted test due to SKIPPED outcome
19:28:55 INFO  
19:28:55 INFO  Test duration: 0.04 secs
19:28:55 INFO  Test final outcome:  SKIPPED
19:28:55 INFO  Test outcome reason: Testing the docker plugin is not supported on this platform.To run it, all the test with -XmyPlatform='container'
19:28:55 INFO  
</system-out>
	</testcase>
<testcase classname="DockerPluginInstallWithVersionTest" name="docker_plugin_install_with_version" />
</testsuite><testsuite name="docker_plugin_remove" tests="2" errors="0" failures="0" skipped="1" time="0"><testcase classname="DockerPluginRemoveTest" name="docker_plugin_remove">
		<skipped message="SKIPPED: Testing the docker plugin is not supported on this platform.To run it, all the test with -XmyPlatform='container'" />
		<system-out>19:28:55 INFO  ==============================================================
19:28:55 INFO  Id:    docker_plugin_remove
19:28:55 INFO  Dir:   plugin_docker/
19:28:55 INFO  Title: Validate docker plugin remove
19:28:55 INFO  ==============================================================
19:28:55 INFO  Testing the docker plugin is not supported on this platform.To run it, all the test with -XmyPlatform='container' ... skipped
19:28:55 WARN  Aborted test due to SKIPPED outcome
19:28:55 INFO  
19:28:55 INFO  Test duration: 0.03 secs
19:28:55 INFO  Test final outcome:  SKIPPED
19:28:55 INFO  Test outcome reason: Testing the docker plugin is not supported on this platform.To run it, all the test with -XmyPlatform='container'
19:28:55 INFO  
</system-out>
	</testcase>
<testcase classname="DockerPluginRemoveTest" name="docker_plugin_remove" />
</testsuite><testsuite name="docker_plugin_remove_with_version" tests="2" errors="0" failures="0" skipped="1" time="0"><testcase classname="DockerPluginRemoveWithVersionTest" name="docker_plugin_remove_with_version">
		<skipped message="SKIPPED: Testing the docker plugin is not supported on this platform.To run it, all the test with -XmyPlatform='container'" />
		<system-out>19:28:55 INFO  ==============================================================
19:28:55 INFO  Id:    docker_plugin_remove_with_version
19:28:55 INFO  Dir:   plugin_docker/
19:28:55 INFO  Title: Validate docker plugin remove with version
19:28:55 INFO  ==============================================================
19:28:55 INFO  Testing the docker plugin is not supported on this platform.To run it, all the test with -XmyPlatform='container' ... skipped
19:28:55 WARN  Aborted test due to SKIPPED outcome
19:28:55 INFO  
19:28:55 INFO  Test duration: 0.03 secs
19:28:55 INFO  Test final outcome:  SKIPPED
19:28:55 INFO  Test outcome reason: Testing the docker plugin is not supported on this platform.To run it, all the test with -XmyPlatform='container'
19:28:55 INFO  
</system-out>
	</testcase>
<testcase classname="DockerPluginRemoveWithVersionTest" name="docker_plugin_remove_with_version" />
</testsuite><testsuite name="docker_plugin_update" tests="2" errors="0" failures="0" skipped="1" time="0"><testcase classname="DockerPluginUpdateTest" name="docker_plugin_update">
		<skipped message="SKIPPED: Testing the docker plugin is not supported on this platform.To run it, all the test with -XmyPlatform='container'" />
		<system-out>19:28:55 INFO  ==============================================================
19:28:55 INFO  Id:    docker_plugin_update
19:28:55 INFO  Dir:   plugin_docker/
19:28:55 INFO  Title: Validate docker plugin install updates existing containers
19:28:55 INFO  ==============================================================
19:28:55 INFO  Testing the docker plugin is not supported on this platform.To run it, all the test with -XmyPlatform='container' ... skipped
19:28:55 WARN  Aborted test due to SKIPPED outcome
19:28:55 INFO  
19:28:55 INFO  Test duration: 0.03 secs
19:28:55 INFO  Test final outcome:  SKIPPED
19:28:55 INFO  Test outcome reason: Testing the docker plugin is not supported on this platform.To run it, all the test with -XmyPlatform='container'
19:28:55 INFO  
</system-out>
	</testcase>
<testcase classname="DockerPluginUpdateTest" name="docker_plugin_update" />
</testsuite><testsuite name="invalid_device_id" tests="1" errors="0" failures="0" skipped="0" time="0"><testcase classname="InvalidDeviceId" name="invalid_device_id" />
</testsuite><testsuite name="local_mqtt_pub_fail_noqos" tests="1" errors="0" failures="0" skipped="0" time="0"><testcase classname="PySysTest" name="local_mqtt_pub_fail_noqos" />
</testsuite><testsuite name="local_mqtt_pub_fail_qos0" tests="1" errors="0" failures="0" skipped="0" time="0"><testcase classname="PySysTest" name="local_mqtt_pub_fail_qos0" />
</testsuite><testsuite name="local_mqtt_pub_fail_qos1" tests="1" errors="0" failures="0" skipped="0" time="0"><testcase classname="PySysTest" name="local_mqtt_pub_fail_qos1" />
</testsuite><testsuite name="local_mqtt_pub_fail_qos2" tests="1" errors="0" failures="0" skipped="0" time="0"><testcase classname="PySysTest" name="local_mqtt_pub_fail_qos2" />
</testsuite><testsuite name="local_mqtt_pub_sub" tests="1" errors="0" failures="0" skipped="0" time="0"><testcase classname="PySysTest" name="local_mqtt_pub_sub" />
</testsuite><testsuite name="local_mqtt_pub_sub_retain" tests="1" errors="0" failures="1" skipped="0" time="0"><testcase classname="MqttPublishWithRetain" name="local_mqtt_pub_sub_retain">
		<failure message="FAILED: Grep on temp_sensor_sub.out contains &quot;\[test/alarms/temp_sensor\] alarm msg 2&quot; (+1 other failures)" type="FAILED" />
		<system-out>19:26:48 INFO  ==============================================================
19:26:48 INFO  Id:    local_mqtt_pub_sub_retain
19:26:48 INFO  Dir:   local_mqtt/
19:26:48 INFO  Title: Validate local publishing with retain flag
19:26:48 INFO  ==============================================================
19:26:49 INFO  Executed tedge&lt;pub_to_set_alarm&gt;, exit status 0
19:26:49 INFO  Executed tedge&lt;pub_to_set_alarm&gt;, exit status 0
19:26:50 INFO  Started tedge&lt;temp_sensor_sub&gt; with process id 25793
19:26:51 INFO  Executed tedge&lt;pub_to_clear_alarm&gt;, exit status 0
19:26:52 INFO  Executed sudo&lt;kill_out&gt;, exit status 0
19:26:53 INFO  Executed tedge&lt;pub_to_clear_alarm&gt;, exit status 0
19:26:53 INFO  Started tedge&lt;temp_sensor_empty_message&gt; with process id 25798
19:26:54 INFO  Executed sudo&lt;kill_out&gt;, exit status 0
19:26:54 WARN  Grep on temp_sensor_sub.out contains "\[test/alarms/temp_sensor\] alarm msg 2" ... failed [run.py:139]
19:26:54 WARN  Grep on temp_sensor_sub.out contains "\[test/alarms/temp_sensor\] " ... failed [run.py:142]
19:26:54 INFO  Grep on file temp_sensor_empty_message.out ... passed
19:26:54 INFO  
19:26:54 INFO  Test duration: 6.08 secs
19:26:54 INFO  Test final outcome:  FAILED
19:26:54 INFO  Test outcome reason: Grep on temp_sensor_sub.out contains "\[test/alarms/temp_sensor\] alarm msg 2" (+1 other failures)
19:26:54 INFO  
</system-out>
	</testcase>
</testsuite><testsuite name="local_mqtt_pub_sub_with_sudo" tests="1" errors="0" failures="0" skipped="0" time="0"><testcase classname="PySysTest" name="local_mqtt_pub_sub_with_sudo" />
</testsuite><testsuite name="local_mqtt_sub_fail" tests="1" errors="0" failures="0" skipped="0" time="0"><testcase classname="PySysTest" name="local_mqtt_sub_fail" />
</testsuite><testsuite name="log_request_error_messages" tests="1" errors="0" failures="0" skipped="1" time="0"><testcase classname="LogRequestVerifySearchTextError" name="log_request_error_messages">
		<skipped message="SKIPPED: Test execution disabled due to #1123" />
		<system-out>19:26:59 INFO  ==============================================================
19:26:59 INFO  Id:    log_request_error_messages
19:26:59 INFO  Dir:   log_request_end_to_end/
19:26:59 INFO  Title: Validate end to end behaviour for the log request operation check for error messages
19:26:59 INFO  ==============================================================
19:27:01 INFO  Test execution disabled due to #1123 ... skipped
19:27:01 INFO  
19:27:01 INFO  Test duration: 1.53 secs
19:27:01 INFO  Test final outcome:  SKIPPED
19:27:01 INFO  Test outcome reason: Test execution disabled due to #1123
19:27:01 INFO  
</system-out>
	</testcase>
</testsuite><testsuite name="log_request_num_lines" tests="1" errors="0" failures="0" skipped="1" time="0"><testcase classname="LogRequestVerifyNumberOfLines" name="log_request_num_lines">
		<skipped message="SKIPPED: Test execution disabled due to #1123" />
		<system-out>19:27:01 INFO  ==============================================================
19:27:01 INFO  Id:    log_request_num_lines
19:27:01 INFO  Dir:   log_request_end_to_end/
19:27:01 INFO  Title: Validate end to end behaviour for the log request operation check for number of lines
19:27:01 INFO  ==============================================================
19:27:01 INFO  Test execution disabled due to #1123 ... skipped
19:27:01 INFO  
19:27:01 INFO  Test duration: 0.02 secs
19:27:01 INFO  Test final outcome:  SKIPPED
19:27:01 INFO  Test outcome reason: Test execution disabled due to #1123
19:27:01 INFO  
</system-out>
	</testcase>
</testsuite><testsuite name="mapper_awaits_before_reconnect" tests="1" errors="0" failures="0" skipped="0" time="0"><testcase classname="MapperReconnectAwait" name="mapper_awaits_before_reconnect" />
</testsuite><testsuite name="monitoring_smaller_interval" tests="1" errors="0" failures="0" skipped="1" time="0"><testcase classname="MonitoringSmallInterval" name="monitoring_smaller_interval">
		<skipped message="SKIPPED: Fails due to retained message" />
		<system-out>19:28:50 INFO  ==============================================================
19:28:50 INFO  Id:    monitoring_smaller_interval
19:28:50 INFO  Dir:   monitoring/
19:28:50 INFO  Title: Validate the tedge dm agent messages that are produced with smaller sampling interval than the batching window. Here the simulated collectd messages are used
19:28:50 INFO  ==============================================================
19:28:50 INFO  Fails due to retained message ... skipped
19:28:50 INFO  
19:28:50 INFO  Test duration: 0.02 secs
19:28:50 INFO  Test final outcome:  SKIPPED
19:28:50 INFO  Test outcome reason: Fails due to retained message
19:28:50 INFO  
</system-out>
	</testcase>
</testsuite><testsuite name="monitoring_with_collectd" tests="1" errors="0" failures="0" skipped="1" time="0"><testcase classname="MonitoringWithCollectd" name="monitoring_with_collectd">
		<skipped message="SKIPPED: Test execution disabled due to #792 (instable)" />
		<system-out>19:28:50 INFO  ==============================================================
19:28:50 INFO  Id:    monitoring_with_collectd
19:28:50 INFO  Dir:   monitoring/
19:28:50 INFO  Title: Validate tedge dm agent messages that are produced by batching the collectd messages
19:28:50 INFO  ==============================================================
19:28:50 INFO  Test execution disabled due to #792 (instable) ... skipped
19:28:50 INFO  
19:28:50 INFO  Test duration: 0.02 secs
19:28:50 INFO  Test final outcome:  SKIPPED
19:28:50 INFO  Test outcome reason: Test execution disabled due to #792 (instable)
19:28:50 INFO  
</system-out>
	</testcase>
</testsuite><testsuite name="monitoring_with_simulated_messages" tests="1" errors="0" failures="0" skipped="1" time="0"><testcase classname="MonitoringWithSimulatedMessages" name="monitoring_with_simulated_messages">
		<skipped message="SKIPPED: Fails due to retained message" />
		<system-out>19:28:50 INFO  ==============================================================
19:28:50 INFO  Id:    monitoring_with_simulated_messages
19:28:50 INFO  Dir:   monitoring/
19:28:50 INFO  Title: Validate the tedge dm agent messages that are produced from the simulated collectd messages
19:28:50 INFO  ==============================================================
19:28:50 INFO  Fails due to retained message ... skipped
19:28:50 INFO  
19:28:50 INFO  Test duration: 0.02 secs
19:28:50 INFO  Test final outcome:  SKIPPED
19:28:50 INFO  Test outcome reason: Fails due to retained message
19:28:50 INFO  
</system-out>
	</testcase>
</testsuite><testsuite name="mqtt_port_change_connection_fails" tests="1" errors="0" failures="0" skipped="0" time="0"><testcase classname="MqttPortChangeConnectionFails" name="mqtt_port_change_connection_fails" />
</testsuite><testsuite name="mqtt_port_change_connection_works" tests="1" errors="0" failures="0" skipped="1" time="0"><testcase classname="MqttPortChangeConnectionWorks" name="mqtt_port_change_connection_works">
		<skipped message="SKIPPED: failing intermitently" />
		<system-out>19:27:36 INFO  ==============================================================
19:27:36 INFO  Id:    mqtt_port_change_connection_works
19:27:36 INFO  Dir:   misc_features/
19:27:36 INFO  Title: mqtt port change connection works for all the thin-edge services that use the mosquitto broker
19:27:36 INFO  ==============================================================
19:27:36 INFO  failing intermitently ... skipped
19:27:36 INFO  
19:27:36 INFO  Test duration: 0.02 secs
19:27:36 INFO  Test final outcome:  SKIPPED
19:27:36 INFO  Test outcome reason: failing intermitently
19:27:36 INFO  
</system-out>
	</testcase>
</testsuite><testsuite name="mqtt_port_set" tests="1" errors="0" failures="0" skipped="0" time="0"><testcase classname="MqttPortSet" name="mqtt_port_set" />
</testsuite><testsuite name="mqtt_port_unset" tests="1" errors="0" failures="0" skipped="0" time="0"><testcase classname="MqttPortUnSet" name="mqtt_port_unset" />
</testsuite><testsuite name="publish_flux" tests="1" errors="0" failures="0" skipped="0" time="0"><testcase classname="PublishFlux" name="publish_flux" />
</testsuite><testsuite name="publish_sawmill" tests="1" errors="0" failures="0" skipped="0" time="0"><testcase classname="PublishSawmill" name="publish_sawmill" />
</testsuite><testsuite name="pysys_block" tests="1" errors="0" failures="0" skipped="1" time="0"><testcase classname="Fail" name="pysys_block">
		<skipped message="SKIPPED: Enable this to observe a blocking test" />
		<system-out>19:27:58 INFO  ==============================================================
19:27:58 INFO  Id:    pysys_block
19:27:58 INFO  Dir:   misc_features/
19:27:58 INFO  Title: fail
19:27:58 INFO  ==============================================================
19:27:58 INFO  Enable this to observe a blocking test ... skipped
19:27:58 INFO  
19:27:58 INFO  Test duration: 0.01 secs
19:27:58 INFO  Test final outcome:  SKIPPED
19:27:58 INFO  Test outcome reason: Enable this to observe a blocking test
19:27:58 INFO  
</system-out>
	</testcase>
</testsuite><testsuite name="pysys_fail" tests="1" errors="0" failures="0" skipped="1" time="0"><testcase classname="Fail" name="pysys_fail">
		<skipped message="SKIPPED: Enable this to observe a failing test" />
		<system-out>19:27:58 INFO  ==============================================================
19:27:58 INFO  Id:    pysys_fail
19:27:58 INFO  Dir:   misc_features/
19:27:58 INFO  Title: fail
19:27:58 INFO  ==============================================================
19:27:58 INFO  Enable this to observe a failing test ... skipped
19:27:58 INFO  
19:27:58 INFO  Test duration: 0.01 secs
19:27:58 INFO  Test final outcome:  SKIPPED
19:27:58 INFO  Test outcome reason: Enable this to observe a failing test
19:27:58 INFO  
</system-out>
	</testcase>
</testsuite><testsuite name="runtime_start_two_mappers" tests="1" errors="0" failures="0" skipped="1" time="0"><testcase classname="RuntimeMultiMappers" name="runtime_start_two_mappers">
		<skipped message="SKIPPED: Test execution disabled due to #1124" />
		<system-out>19:42:10 INFO  ==============================================================
19:42:10 INFO  Id:    runtime_start_two_mappers
19:42:10 INFO  Dir:   tedge_mapper_c8y/
19:42:10 INFO  Title: Validate two mappers can't be started at the same time
19:42:10 INFO  ==============================================================
19:42:10 INFO  Test execution disabled due to #1124 ... skipped
19:42:10 INFO  
19:42:10 INFO  Test duration: 0.02 secs
19:42:10 INFO  Test final outcome:  SKIPPED
19:42:10 INFO  Test outcome reason: Test execution disabled due to #1124
19:42:10 INFO  
</system-out>
	</testcase>
</testsuite><testsuite name="sm_tedge_mapper_init_session" tests="1" errors="0" failures="0" skipped="0" time="0"><testcase classname="TedgeSMMapperInitSession" name="sm_tedge_mapper_init_session" />
</testsuite><testsuite name="smoketest_json" tests="1" errors="0" failures="0" skipped="0" time="0"><testcase classname="SmokeTestJson" name="smoketest_json" />
</testsuite><testsuite name="smoketest_json_400_samples_10ms" tests="1" errors="0" failures="0" skipped="0" time="0"><testcase classname="SmoketestJson400Samples10ms" name="smoketest_json_400_samples_10ms" />
</testsuite><testsuite name="smoketest_json_400_samples_20ms" tests="1" errors="0" failures="0" skipped="0" time="0"><testcase classname="SmoketestJson400Samples20ms" name="smoketest_json_400_samples_20ms" />
</testsuite><testsuite name="smoketest_smartrest" tests="1" errors="0" failures="0" skipped="0" time="0"><testcase classname="SmoketestSmartRest" name="smoketest_smartrest" />
</testsuite><testsuite name="smoketest_smartrest_200_samples_1Xms" tests="1" errors="0" failures="0" skipped="0" time="0"><testcase classname="SmoketestSmartRest200Samples1Xms" name="smoketest_smartrest_200_samples_1Xms" />
</testsuite><testsuite name="smoketest_smartrest_200_samples_20ms" tests="1" errors="0" failures="0" skipped="0" time="0"><testcase classname="SmoketestSmartRest200Samples20ms" name="smoketest_smartrest_200_samples_20ms" />
</testsuite><testsuite name="tedge_agent_user_sudo_access" tests="1" errors="0" failures="0" skipped="1" time="0"><testcase classname="TedgeAgentUserSudoAccess" name="tedge_agent_user_sudo_access">
		<skipped message="SKIPPED: #955 Observation: Exit code of the apt plugin when called with no arguments" />
		<system-out>19:39:01 INFO  ==============================================================
19:39:01 INFO  Id:    tedge_agent_user_sudo_access
19:39:01 INFO  Dir:   tedge/
19:39:01 INFO  Title: Validate tedge-agent user has a limited sudo right
19:39:01 INFO  ==============================================================
19:39:01 INFO  #955 Observation: Exit code of the apt plugin when called with no arguments ... skipped
19:39:01 INFO  
19:39:01 INFO  Test duration: 0.02 secs
19:39:01 INFO  Test final outcome:  SKIPPED
19:39:01 INFO  Test outcome reason: #955 Observation: Exit code of the apt plugin when called with no arguments
19:39:01 INFO  
</system-out>
	</testcase>
</testsuite><testsuite name="tedge_connect_test_negative" tests="1" errors="0" failures="0" skipped="0" time="0"><testcase classname="TedgeConnectTestNegative" name="tedge_connect_test_negative" />
</testsuite><testsuite name="tedge_connect_test_positive" tests="1" errors="0" failures="0" skipped="0" time="0"><testcase classname="TedgeConnectTestPositive" name="tedge_connect_test_positive" />
</testsuite><testsuite name="tedge_connect_test_sm_services" tests="1" errors="0" failures="0" skipped="0" time="0"><testcase classname="TedgeConnectTestSMServices" name="tedge_connect_test_sm_services" />
</testsuite><testsuite name="tedge_disconnect_test_sm_services" tests="1" errors="0" failures="0" skipped="0" time="0"><testcase classname="TedgeDisConnectTestSMServices" name="tedge_disconnect_test_sm_services" />
</testsuite><testsuite name="tedge_mapper_az_negative" tests="1" errors="0" failures="0" skipped="0" time="0"><testcase classname="TedgeMapperAzError" name="tedge_mapper_az_negative" />
</testsuite><testsuite name="tedge_mapper_az_with_timestamp" tests="1" errors="0" failures="0" skipped="0" time="0"><testcase classname="TedgeMapperAzWithTimestamp" name="tedge_mapper_az_with_timestamp" />
</testsuite><testsuite name="tedge_mapper_az_without_timestamp" tests="1" errors="0" failures="0" skipped="0" time="0"><testcase classname="TedgeMapperAzWithoutTimestamp" name="tedge_mapper_az_without_timestamp" />
</testsuite><testsuite name="tedge_mapper_c8y_alarms" tests="1" errors="0" failures="0" skipped="0" time="0"><testcase classname="TedgeMapperC8yAlarm" name="tedge_mapper_c8y_alarms" />
</testsuite><testsuite name="tedge_mapper_c8y_child_device_measurement" tests="1" errors="0" failures="0" skipped="1" time="0"><testcase classname="TedgeMapperC8yChildDevice" name="tedge_mapper_c8y_child_device_measurement">
		<skipped message="SKIPPED: Test execution disabled due to #1088" />
		<system-out>19:43:21 INFO  ==============================================================
19:43:21 INFO  Id:    tedge_mapper_c8y_child_device_measurement
19:43:21 INFO  Dir:   tedge_mapper_c8y/
19:43:21 INFO  Title: Validate that measurements sent to tedge/measurements/child topic gets mapped as the child device's measurement in Cumulocity
19:43:21 INFO  ==============================================================
19:43:21 INFO  Test execution disabled due to #1088 ... skipped
19:43:21 INFO  
19:43:21 INFO  Test duration: 0.04 secs
19:43:21 INFO  Test final outcome:  SKIPPED
19:43:21 INFO  Test outcome reason: Test execution disabled due to #1088
19:43:21 INFO  
</system-out>
	</testcase>
</testsuite><testsuite name="tedge_mapper_c8y_packet_threshold_size" tests="1" errors="0" failures="0" skipped="0" time="0"><testcase classname="TedgeMapperC8yThresholdPacketSize" name="tedge_mapper_c8y_packet_threshold_size" />
</testsuite><testsuite name="tedge_software_update" tests="1" errors="0" failures="0" skipped="0" time="0"><testcase classname="PySysTest" name="tedge_software_update" />
</testsuite><testsuite name="valid_device_id" tests="1" errors="0" failures="0" skipped="0" time="0"><testcase classname="ValidateValidDeviceId" name="valid_device_id" />
</testsuite></testsuites>