<?xml version='1.0' encoding='utf-8'?>
<testsuites tests="149" failures="19" errors="0" skipped="49" time="0.0"><testsuite name="SoftwareManagement.Plugin.apama_plugin_install" tests="3" errors="0" failures="0" skipped="1" time="0"><testcase classname="ApamaPluginInstallTest" name="SoftwareManagement.Plugin.apama_plugin_install">
		<skipped message="SKIPPED: Apama plugin tests are disabled by default. Execute `pysys run` with `-XmyPlatform=container` to run these tests" />
		<system-out>14:22:42 INFO  ==============================================================
14:22:42 INFO  Id:    SoftwareManagement.Plugin.apama_plugin_install
14:22:42 INFO  Dir:   plugin_apama/
14:22:42 INFO  Title: Validate apama plugin install
14:22:42 INFO  ==============================================================
14:22:42 INFO  Apama plugin tests are disabled by default. Execute `pysys run` with `-XmyPlatform=container` to run these tests ... skipped
14:22:42 WARN  Aborted test due to SKIPPED outcome
14:22:42 INFO  
14:22:42 INFO  Test duration: 0.07 secs
14:22:42 INFO  Test final outcome:  SKIPPED
14:22:42 INFO  Test outcome reason: Apama plugin tests are disabled by default. Execute `pysys run` with `-XmyPlatform=container` to run these tests
14:22:42 INFO  
</system-out>
	</testcase>
<testcase classname="ApamaPluginInstallTest" name="SoftwareManagement.Plugin.apama_plugin_install" />
<testcase classname="ApamaPluginInstallTest" name="SoftwareManagement.Plugin.apama_plugin_install" />
</testsuite><testsuite name="SoftwareManagement.Plugin.apama_plugin_mon_support" tests="3" errors="0" failures="0" skipped="1" time="0"><testcase classname="ApamaPluginMonSupportTest" name="SoftwareManagement.Plugin.apama_plugin_mon_support">
		<skipped message="SKIPPED: Apama plugin tests are disabled by default. Execute `pysys run` with `-XmyPlatform=container` to run these tests" />
		<system-out>14:22:42 INFO  ==============================================================
14:22:42 INFO  Id:    SoftwareManagement.Plugin.apama_plugin_mon_support
14:22:42 INFO  Dir:   plugin_apama/
14:22:42 INFO  Title: Validate mon file support of apama plugin
14:22:42 INFO  ==============================================================
14:22:42 INFO  Apama plugin tests are disabled by default. Execute `pysys run` with `-XmyPlatform=container` to run these tests ... skipped
14:22:42 WARN  Aborted test due to SKIPPED outcome
14:22:42 INFO  
14:22:42 INFO  Test duration: 0.03 secs
14:22:42 INFO  Test final outcome:  SKIPPED
14:22:43 INFO  Test outcome reason: Apama plugin tests are disabled by default. Execute `pysys run` with `-XmyPlatform=container` to run these tests
14:22:43 INFO  
</system-out>
	</testcase>
<testcase classname="ApamaPluginMonSupportTest" name="SoftwareManagement.Plugin.apama_plugin_mon_support" />
<testcase classname="ApamaPluginMonSupportTest" name="SoftwareManagement.Plugin.apama_plugin_mon_support" />
</testsuite><testsuite name="SoftwareManagement.Plugin.apama_plugin_remove" tests="3" errors="0" failures="0" skipped="1" time="0"><testcase classname="ApamaPluginRemoveTest" name="SoftwareManagement.Plugin.apama_plugin_remove">
		<skipped message="SKIPPED: Apama plugin tests are disabled by default. Execute `pysys run` with `-XmyPlatform=container` to run these tests" />
		<system-out>14:22:43 INFO  ==============================================================
14:22:43 INFO  Id:    SoftwareManagement.Plugin.apama_plugin_remove
14:22:43 INFO  Dir:   plugin_apama/
14:22:43 INFO  Title: Validate apama plugin remove
14:22:43 INFO  ==============================================================
14:22:43 INFO  Apama plugin tests are disabled by default. Execute `pysys run` with `-XmyPlatform=container` to run these tests ... skipped
14:22:43 WARN  Aborted test due to SKIPPED outcome
14:22:43 INFO  
14:22:43 INFO  Test duration: 0.02 secs
14:22:43 INFO  Test final outcome:  SKIPPED
14:22:43 INFO  Test outcome reason: Apama plugin tests are disabled by default. Execute `pysys run` with `-XmyPlatform=container` to run these tests
14:22:43 INFO  
</system-out>
	</testcase>
<testcase classname="ApamaPluginRemoveTest" name="SoftwareManagement.Plugin.apama_plugin_remove" />
<testcase classname="ApamaPluginRemoveTest" name="SoftwareManagement.Plugin.apama_plugin_remove" />
</testsuite><testsuite name="SoftwareManagement.Plugin.apama_plugin_update" tests="3" errors="0" failures="2" skipped="1" time="0"><testcase classname="ApamaPluginUpdateTest" name="SoftwareManagement.Plugin.apama_plugin_update">
		<skipped message="SKIPPED: Apama plugin tests are disabled by default. Execute `pysys run` with `-XmyPlatform=container` to run these tests" />
		<system-out>14:22:43 INFO  ==============================================================
14:22:43 INFO  Id:    SoftwareManagement.Plugin.apama_plugin_update
14:22:43 INFO  Dir:   plugin_apama/
14:22:43 INFO  Title: Validate apama plugin updating one project with another
14:22:43 INFO  ==============================================================
14:22:43 INFO  Apama plugin tests are disabled by default. Execute `pysys run` with `-XmyPlatform=container` to run these tests ... skipped
14:22:43 WARN  Aborted test due to SKIPPED outcome
14:22:43 INFO  
14:22:43 INFO  Test duration: 0.02 secs
14:22:43 INFO  Test final outcome:  SKIPPED
14:22:43 INFO  Test outcome reason: Apama plugin tests are disabled by default. Execute `pysys run` with `-XmyPlatform=container` to run these tests
14:22:43 INFO  
</system-out>
	</testcase>
<testcase classname="ApamaPluginUpdateTest" name="SoftwareManagement.Plugin.apama_plugin_update">
		<failure message="BLOCKED: sudo&lt;plugin_install&gt; returned non-zero exit code 2" type="BLOCKED" />
		<system-out>15:15:23 INFO  ==============================================================
15:15:23 INFO  Id:    SoftwareManagement.Plugin.apama_plugin_update
15:15:23 INFO  Dir:   plugin_apama/
15:15:23 INFO  Title: Validate apama plugin updating one project with another
15:15:23 INFO  ==============================================================
15:15:23 INFO  Assertion that path exists=False for "/etc/tedge/apama/project" ... passed
15:15:23 INFO  Executed sudo&lt;create_project_dir&gt;, exit status 0
15:15:24 INFO  Executed sudo&lt;unzip_apama_project&gt;, exit status 0
15:15:24 INFO  Executed sudo&lt;move_apama_project&gt;, exit status 0
15:15:25 INFO  Executed sudo&lt;restart_apama_service&gt;, exit status 0
15:15:26 INFO  Executed sudo&lt;apama_correlator_wait&gt;, exit status 0
15:15:26 INFO  Assertion that path exists=True for "/etc/tedge/apama/project" ... passed
15:15:27 INFO  Executed sudo&lt;apama_list_monitors&gt;, exit status 0
15:15:27 INFO  Grep on file /home/pi/actions-runner/_work/thin-edge.io/thin-edge.io/tests/PySys/plugin_apama/apama_plugin_update/Output/linux/apama_list_monitors.out ... passed
15:15:27 WARN  Executed sudo&lt;plugin_install&gt;, exit status 2
15:15:27 INFO  Contents of plugin_install.err: 
  ERROR: Directory not empty (os error 39)
  -----

15:15:28 WARN  sudo&lt;plugin_install&gt; returned non-zero exit code 2 ... blocked [run.py:35]
15:15:28 WARN  Aborted test due to BLOCKED outcome
15:15:28 INFO  
15:15:28 INFO  cleanup:
15:15:28 INFO  Removing apama project
15:15:44 INFO  Executed sudo&lt;stop_apama_service&gt;, exit status 0, duration 16 secs
15:15:44 INFO  Executed sudo&lt;remove_apama_project&gt;, exit status 0
15:15:45 INFO  Executed sudo&lt;remove_apama_tmp_dir&gt;, exit status 0
15:15:45 INFO  
15:15:45 INFO  Test duration: 22.19 secs
15:15:45 INFO  Test final outcome:  BLOCKED
15:15:45 INFO  Test outcome reason: sudo&lt;plugin_install&gt; returned non-zero exit code 2
15:15:45 INFO  
</system-out>
	</testcase>
<testcase classname="ApamaPluginUpdateTest" name="SoftwareManagement.Plugin.apama_plugin_update">
		<failure message="BLOCKED: sudo&lt;plugin_install&gt; returned non-zero exit code 2" type="BLOCKED" />
		<system-out>15:24:20 INFO  ==============================================================
15:24:20 INFO  Id:    SoftwareManagement.Plugin.apama_plugin_update
15:24:20 INFO  Dir:   plugin_apama/
15:24:20 INFO  Title: Validate apama plugin updating one project with another
15:24:20 INFO  ==============================================================
15:24:20 INFO  Assertion that path exists=False for "/etc/tedge/apama/project" ... passed
15:24:21 INFO  Executed sudo&lt;create_project_dir&gt;, exit status 0
15:24:22 INFO  Executed sudo&lt;unzip_apama_project&gt;, exit status 0
15:24:22 INFO  Executed sudo&lt;move_apama_project&gt;, exit status 0
15:24:23 INFO  Executed sudo&lt;restart_apama_service&gt;, exit status 0
15:24:24 INFO  Executed sudo&lt;apama_correlator_wait&gt;, exit status 0
15:24:24 INFO  Assertion that path exists=True for "/etc/tedge/apama/project" ... passed
15:24:25 INFO  Executed sudo&lt;apama_list_monitors&gt;, exit status 0
15:24:25 INFO  Grep on file /home/pi/actions-runner/_work/thin-edge.io/thin-edge.io/tests/PySys/plugin_apama/apama_plugin_update/Output/linux/apama_list_monitors.out ... passed
15:24:25 WARN  Executed sudo&lt;plugin_install&gt;, exit status 2
15:24:25 INFO  Contents of plugin_install.err: 
  ERROR: Directory not empty (os error 39)
  -----

15:24:25 WARN  sudo&lt;plugin_install&gt; returned non-zero exit code 2 ... blocked [run.py:35]
15:24:25 WARN  Aborted test due to BLOCKED outcome
15:24:25 INFO  
15:24:25 INFO  cleanup:
15:24:25 INFO  Removing apama project
15:24:41 INFO  Executed sudo&lt;stop_apama_service&gt;, exit status 0, duration 16 secs
15:24:42 INFO  Executed sudo&lt;remove_apama_project&gt;, exit status 0
15:24:42 INFO  Executed sudo&lt;remove_apama_tmp_dir&gt;, exit status 0
15:24:42 INFO  
15:24:42 INFO  Test duration: 22.34 secs
15:24:42 INFO  Test final outcome:  BLOCKED
15:24:42 INFO  Test outcome reason: sudo&lt;plugin_install&gt; returned non-zero exit code 2
15:24:42 INFO  
</system-out>
	</testcase>
</testsuite><testsuite name="SoftwareManagement.sm_apt_install_download_path" tests="3" errors="0" failures="2" skipped="1" time="0"><testcase classname="AptInstallWithDownloadPath" name="SoftwareManagement.sm_apt_install_download_path">
		<skipped message="SKIPPED: Testing the apt plugin is not supported on this platform.Use parameter -XmyPlatform='container' to enable it" />
		<system-out>14:32:27 INFO  ==============================================================
14:32:27 INFO  Id:    SoftwareManagement.sm_apt_install_download_path
14:32:27 INFO  Dir:   software_management_end_to_end/
14:32:27 INFO  Title: Install package to directory specified in tedge config set tmp.path
14:32:27 INFO  ==============================================================
14:32:27 INFO  Testing the apt plugin is not supported on this platform.Use parameter -XmyPlatform='container' to enable it ... skipped
14:32:27 WARN  Aborted test due to SKIPPED outcome
14:32:27 INFO  
14:32:27 INFO  Test duration: 0.08 secs
14:32:27 INFO  Test final outcome:  SKIPPED
14:32:27 INFO  Test outcome reason: Testing the apt plugin is not supported on this platform.Use parameter -XmyPlatform='container' to enable it
14:32:27 INFO  
</system-out>
	</testcase>
<testcase classname="AptInstallWithDownloadPath" name="SoftwareManagement.sm_apt_install_download_path">
		<failure message="BLOCKED: AssertionError:" type="BLOCKED" />
		<system-out>14:56:59 INFO  ==============================================================
14:56:59 INFO  Id:    SoftwareManagement.sm_apt_install_download_path
14:56:59 INFO  Dir:   software_management_end_to_end/
14:56:59 INFO  Title: Install package to directory specified in tedge config set tmp.path
14:56:59 INFO  ==============================================================
14:56:59 INFO  Using sw id database: {'asciijump': '5475369', 'robotfindskitten': '5474869', 'squirrel3': '5475279', 'rolldice': '5152439', 'moon-buggy': '5439204', 'apple': '5495053', 'banana': '5494888', 'cherry': '5495382', 'watermelon': '5494510', 'registry': '8018911', 'hello-world': '8021526', 'docker/getting-started': '8021973', 'alpine': '7991792'}
14:56:59 INFO  EnvironmentC8y Setup
14:57:00 INFO  Executed systemctl&lt;serv_mapper1&gt;, exit status 3
14:57:15 INFO  Executed sudo&lt;tedge_connect_c8y&gt;, exit status 0, duration 14 secs
14:57:16 INFO  Executed sudo&lt;tedge_connect_c8y_test&gt;, exit status 0
14:57:17 INFO  Executed systemctl&lt;serv_mosq2&gt;, exit status 0
14:57:18 INFO  Executed systemctl&lt;serv_mapper3&gt;, exit status 0
14:57:20 INFO  State of current operation: SUCCESSFUL
14:57:21 INFO  Assert that (False == value) with value=False ... passed
14:57:21 INFO  Executed sudo, exit status 0
14:57:22 INFO  Executed sudo, exit status 0
14:57:22 INFO  Executed sudo, exit status 0
14:57:26 INFO  Executed sudo&lt;tedge_disconnect_c8y&gt;, exit status 0
14:57:26 INFO  Restarting mosquitto too frequently in the last 10 seconds. It was only up for 4 seconds
14:57:26 INFO  Delaying execution by 7 seconds
14:57:47 INFO  Executed sudo&lt;tedge_connect_c8y&gt;, exit status 0, duration 13 secs
14:57:48 INFO  Response status: 201
14:57:48 INFO  Response to action: {
    "creationTime": "2022-04-27T14:57:48.116Z",
    "deviceName": "mythica",
    "deviceId": "17788049",
    "self": "https://t493319102.eu-latest.cumulocity.com/devicecontrol/operations/17795008",
    "id": "17795008",
    "status": "PENDING",
    "description": "Apply software changes, triggered from PySys: [{'name': 'rolldice', 'id': '5152439', 'version': '::apt', 'url': 'https://thin-edge-io.eu-latest.cumulocity.com/inventory/binaries/12435463', 'action': 'install'}]",
    "c8y_SoftwareUpdate": [
        {
            "name": "rolldice",
            "action": "install",
            "id": "5152439",
            "version": "::apt",
            "url": "https://thin-edge-io.eu-latest.cumulocity.com/inventory/binaries/12435463"
        }
    ]
}
14:57:48 INFO  Started operation: {'creationTime': '2022-04-27T14:57:48.116Z', 'deviceName': 'mythica', 'deviceId': '17788049', 'self': 'https://t493319102.eu-latest.cumulocity.com/devicecontrol/operations/17795008', 'id': '17795008', 'status': 'PENDING', 'description': "Apply software changes, triggered from PySys: [{'name': 'rolldice', 'id': '5152439', 'version': '::apt', 'url': 'https://thin-edge-io.eu-latest.cumulocity.com/inventory/binaries/12435463', 'action': 'install'}]", 'c8y_SoftwareUpdate': [{'name': 'rolldice', 'action': 'install', 'id': '5152439', 'version': '::apt', 'url': 'https://thin-edge-io.eu-latest.cumulocity.com/inventory/binaries/12435463'}]}
14:57:48 WARN  , retrying in 0.5 seconds...
14:57:48 WARN  , retrying in 0.5 seconds...
14:57:49 WARN  , retrying in 0.5 seconds...
14:57:49 WARN  , retrying in 0.5 seconds...
14:57:50 WARN  , retrying in 0.5 seconds...
14:57:50 WARN  , retrying in 0.5 seconds...
14:57:51 WARN  , retrying in 0.5 seconds...
14:57:51 WARN  , retrying in 0.5 seconds...
14:57:52 WARN  , retrying in 0.5 seconds...
14:57:52 WARN  AssertionError occurred while running test - 
Traceback (most recent call last):
  File "/home/pi/env-pysys/lib/python3.7/site-packages/pysys/baserunner.py", line 1294, in __call__
    self.testObj.execute()
  File "/home/pi/actions-runner/_work/thin-edge.io/thin-edge.io/tests/PySys/software_management_end_to_end/sm_apt_install_download_path/run.py", line 83, in execute
    assert_install_in_download_path(install_directory=self.DOWNLOAD_DIR)
  File "/home/pi/env-pysys/lib/python3.7/site-packages/decorator.py", line 232, in fun
    return caller(func, *(extras + args), **kw)
  File "/home/pi/env-pysys/lib/python3.7/site-packages/retry/api.py", line 74, in retry_decorator
    logger)
  File "/home/pi/env-pysys/lib/python3.7/site-packages/retry/api.py", line 33, in __retry_internal
    return f()
  File "/home/pi/actions-runner/_work/thin-edge.io/thin-edge.io/tests/PySys/software_management_end_to_end/sm_apt_install_download_path/run.py", line 28, in assert_install_in_download_path
    assert "rolldice" in os.listdir(f"{install_directory}")
AssertionError
14:57:53 WARN  AssertionError: ... blocked 
14:57:53 INFO  
14:57:53 INFO  cleanup:
14:57:53 INFO  Executed sudo, exit status 0
14:57:54 INFO  Executed sudo, exit status 0
14:57:58 INFO  Executed sudo&lt;tedge_disconnect_c8y&gt;, exit status 0
14:57:58 INFO  Restarting mosquitto too frequently in the last 10 seconds. It was only up for 4 seconds
14:57:58 INFO  Delaying execution by 7 seconds
14:58:20 INFO  Executed sudo&lt;tedge_connect_c8y&gt;, exit status 0, duration 14 secs
14:58:24 INFO  Executed sudo&lt;tedge_disconnect_c8y&gt;, exit status 0
14:58:25 INFO  Executed systemctl&lt;serv_mapper5&gt;, exit status 3
14:58:25 INFO  
14:58:25 INFO  Test duration: 85.75 secs
14:58:25 INFO  Test final outcome:  BLOCKED
14:58:25 INFO  Test outcome reason: AssertionError:
14:58:25 INFO  
</system-out>
	</testcase>
<testcase classname="AptInstallWithDownloadPath" name="SoftwareManagement.sm_apt_install_download_path">
		<failure message="BLOCKED: AssertionError:" type="BLOCKED" />
		<system-out>15:24:43 INFO  ==============================================================
15:24:43 INFO  Id:    SoftwareManagement.sm_apt_install_download_path
15:24:43 INFO  Dir:   software_management_end_to_end/
15:24:43 INFO  Title: Install package to directory specified in tedge config set tmp.path
15:24:43 INFO  ==============================================================
15:24:44 INFO  Using sw id database: {'asciijump': '5475369', 'robotfindskitten': '5474869', 'squirrel3': '5475279', 'rolldice': '5152439', 'moon-buggy': '5439204', 'apple': '5495053', 'banana': '5494888', 'cherry': '5495382', 'watermelon': '5494510', 'registry': '8018911', 'hello-world': '8021526', 'docker/getting-started': '8021973', 'alpine': '7991792'}
15:24:44 INFO  EnvironmentC8y Setup
15:24:44 INFO  Executed systemctl&lt;serv_mapper1&gt;, exit status 3
15:24:59 INFO  Executed sudo&lt;tedge_connect_c8y&gt;, exit status 0, duration 14 secs
15:24:59 INFO  Executed sudo&lt;tedge_connect_c8y_test&gt;, exit status 0
15:25:00 INFO  Executed systemctl&lt;serv_mosq2&gt;, exit status 0
15:25:00 INFO  Executed systemctl&lt;serv_mapper3&gt;, exit status 0
15:25:02 INFO  State of current operation: SUCCESSFUL
15:25:03 INFO  Assert that (False == value) with value=False ... passed
15:25:03 INFO  Executed sudo, exit status 0
15:25:04 INFO  Executed sudo, exit status 0
15:25:04 INFO  Executed sudo, exit status 0
15:25:08 INFO  Executed sudo&lt;tedge_disconnect_c8y&gt;, exit status 0
15:25:08 INFO  Restarting mosquitto too frequently in the last 10 seconds. It was only up for 4 seconds
15:25:08 INFO  Delaying execution by 7 seconds
15:25:30 INFO  Executed sudo&lt;tedge_connect_c8y&gt;, exit status 0, duration 14 secs
15:25:30 INFO  Response status: 201
15:25:30 INFO  Response to action: {
    "delivery": {
        "time": "2022-04-27T15:25:30.321Z",
        "log": [],
        "status": "PENDING"
    },
    "creationTime": "2022-04-27T15:25:30.310Z",
    "deviceName": "mythica",
    "deviceId": "17788049",
    "self": "https://t493319102.eu-latest.cumulocity.com/devicecontrol/operations/17799169",
    "id": "17799169",
    "status": "PENDING",
    "description": "Apply software changes, triggered from PySys: [{'name': 'rolldice', 'id': '5152439', 'version': '::apt', 'url': 'https://thin-edge-io.eu-latest.cumulocity.com/inventory/binaries/12435463', 'action': 'install'}]",
    "c8y_SoftwareUpdate": [
        {
            "name": "rolldice",
            "action": "install",
            "id": "5152439",
            "version": "::apt",
            "url": "https://thin-edge-io.eu-latest.cumulocity.com/inventory/binaries/12435463"
        }
    ]
}
15:25:30 INFO  Started operation: {'delivery': {'time': '2022-04-27T15:25:30.321Z', 'log': [], 'status': 'PENDING'}, 'creationTime': '2022-04-27T15:25:30.310Z', 'deviceName': 'mythica', 'deviceId': '17788049', 'self': 'https://t493319102.eu-latest.cumulocity.com/devicecontrol/operations/17799169', 'id': '17799169', 'status': 'PENDING', 'description': "Apply software changes, triggered from PySys: [{'name': 'rolldice', 'id': '5152439', 'version': '::apt', 'url': 'https://thin-edge-io.eu-latest.cumulocity.com/inventory/binaries/12435463', 'action': 'install'}]", 'c8y_SoftwareUpdate': [{'name': 'rolldice', 'action': 'install', 'id': '5152439', 'version': '::apt', 'url': 'https://thin-edge-io.eu-latest.cumulocity.com/inventory/binaries/12435463'}]}
15:25:30 WARN  , retrying in 0.5 seconds...
15:25:30 WARN  , retrying in 0.5 seconds...
15:25:31 WARN  , retrying in 0.5 seconds...
15:25:31 WARN  , retrying in 0.5 seconds...
15:25:32 WARN  , retrying in 0.5 seconds...
15:25:32 WARN  , retrying in 0.5 seconds...
15:25:33 WARN  , retrying in 0.5 seconds...
15:25:33 WARN  , retrying in 0.5 seconds...
15:25:34 WARN  , retrying in 0.5 seconds...
15:25:34 WARN  AssertionError occurred while running test - 
Traceback (most recent call last):
  File "/home/pi/env-pysys/lib/python3.7/site-packages/pysys/baserunner.py", line 1294, in __call__
    self.testObj.execute()
  File "/home/pi/actions-runner/_work/thin-edge.io/thin-edge.io/tests/PySys/software_management_end_to_end/sm_apt_install_download_path/run.py", line 83, in execute
    assert_install_in_download_path(install_directory=self.DOWNLOAD_DIR)
  File "/home/pi/env-pysys/lib/python3.7/site-packages/decorator.py", line 232, in fun
    return caller(func, *(extras + args), **kw)
  File "/home/pi/env-pysys/lib/python3.7/site-packages/retry/api.py", line 74, in retry_decorator
    logger)
  File "/home/pi/env-pysys/lib/python3.7/site-packages/retry/api.py", line 33, in __retry_internal
    return f()
  File "/home/pi/actions-runner/_work/thin-edge.io/thin-edge.io/tests/PySys/software_management_end_to_end/sm_apt_install_download_path/run.py", line 28, in assert_install_in_download_path
    assert "rolldice" in os.listdir(f"{install_directory}")
AssertionError
15:25:34 WARN  AssertionError: ... blocked 
15:25:34 INFO  
15:25:34 INFO  cleanup:
15:25:35 INFO  Executed sudo, exit status 0
15:25:36 INFO  Executed sudo, exit status 0
15:25:40 INFO  Executed sudo&lt;tedge_disconnect_c8y&gt;, exit status 0
15:25:40 INFO  Restarting mosquitto too frequently in the last 10 seconds. It was only up for 3 seconds
15:25:40 INFO  Delaying execution by 8 seconds
15:26:02 INFO  Executed sudo&lt;tedge_connect_c8y&gt;, exit status 0, duration 14 secs
15:26:07 INFO  Executed sudo&lt;tedge_disconnect_c8y&gt;, exit status 0
15:26:07 INFO  Executed systemctl&lt;serv_mapper5&gt;, exit status 3
15:26:07 INFO  
15:26:07 INFO  Test duration: 84.64 secs
15:26:07 INFO  Test final outcome:  BLOCKED
15:26:07 INFO  Test outcome reason: AssertionError:
15:26:07 INFO  
</system-out>
	</testcase>
</testsuite><testsuite name="SoftwareManagement.sm_apt_install_fail" tests="3" errors="0" failures="1" skipped="1" time="0"><testcase classname="PySysTest" name="SoftwareManagement.sm_apt_install_fail">
		<skipped message="SKIPPED: Testing the apt plugin is not supported on this platform.Use parameter -XmyPlatform='container' to enable it" />
		<system-out>14:32:27 INFO  ==============================================================
14:32:27 INFO  Id:    SoftwareManagement.sm_apt_install_fail
14:32:27 INFO  Dir:   software_management_end_to_end/
14:32:27 INFO  Title: Validate end to end behaviour for a failing installation
14:32:27 INFO  ==============================================================
14:32:27 INFO  Testing the apt plugin is not supported on this platform.Use parameter -XmyPlatform='container' to enable it ... skipped
14:32:27 WARN  Aborted test due to SKIPPED outcome
14:32:27 INFO  
14:32:27 INFO  Test duration: 0.02 secs
14:32:27 INFO  Test final outcome:  SKIPPED
14:32:27 INFO  Test outcome reason: Testing the apt plugin is not supported on this platform.Use parameter -XmyPlatform='container' to enable it
14:32:27 INFO  
</system-out>
	</testcase>
<testcase classname="PySysTest" name="SoftwareManagement.sm_apt_install_fail" />
<testcase classname="PySysTest" name="SoftwareManagement.sm_apt_install_fail">
		<failure message="BLOCKED: SystemError: Timeout while waiting for status FAILED or SUCCESSFUL" type="BLOCKED" />
		<system-out>15:26:07 INFO  ==============================================================
15:26:07 INFO  Id:    SoftwareManagement.sm_apt_install_fail
15:26:07 INFO  Dir:   software_management_end_to_end/
15:26:07 INFO  Title: Validate end to end behaviour for a failing installation
15:26:07 INFO  ==============================================================
15:26:07 INFO  Using sw id database: {'asciijump': '5475369', 'robotfindskitten': '5474869', 'squirrel3': '5475279', 'rolldice': '5152439', 'moon-buggy': '5439204', 'apple': '5495053', 'banana': '5494888', 'cherry': '5495382', 'watermelon': '5494510', 'registry': '8018911', 'hello-world': '8021526', 'docker/getting-started': '8021973', 'alpine': '7991792'}
15:26:07 INFO  EnvironmentC8y Setup
15:26:08 INFO  Executed systemctl&lt;serv_mapper1&gt;, exit status 3
15:26:08 INFO  Restarting mosquitto too frequently in the last 10 seconds. It was only up for 5 seconds
15:26:08 INFO  Delaying execution by 6 seconds
15:26:28 INFO  Executed sudo&lt;tedge_connect_c8y&gt;, exit status 0, duration 14 secs
15:26:29 INFO  Executed sudo&lt;tedge_connect_c8y_test&gt;, exit status 0
15:26:29 INFO  Executed systemctl&lt;serv_mosq2&gt;, exit status 0
15:26:30 INFO  Executed systemctl&lt;serv_mapper3&gt;, exit status 0
15:26:32 INFO  State of current operation: PENDING
15:26:34 INFO  State of current operation: PENDING
15:26:37 INFO  State of current operation: PENDING
15:26:39 INFO  State of current operation: PENDING
15:26:41 INFO  State of current operation: PENDING
15:26:43 INFO  State of current operation: PENDING
15:26:45 INFO  State of current operation: PENDING
15:26:48 INFO  State of current operation: PENDING
15:26:50 INFO  State of current operation: PENDING
15:26:52 INFO  State of current operation: PENDING
15:26:54 INFO  State of current operation: PENDING
15:26:57 INFO  State of current operation: PENDING
15:26:59 INFO  State of current operation: PENDING
15:27:01 INFO  State of current operation: PENDING
15:27:03 INFO  State of current operation: PENDING
15:27:06 INFO  State of current operation: PENDING
15:27:08 INFO  State of current operation: PENDING
15:27:10 INFO  State of current operation: PENDING
15:27:12 INFO  State of current operation: PENDING
15:27:14 INFO  State of current operation: PENDING
15:27:17 INFO  State of current operation: PENDING
15:27:19 INFO  State of current operation: PENDING
15:27:21 INFO  State of current operation: PENDING
15:27:23 INFO  State of current operation: PENDING
15:27:26 INFO  State of current operation: PENDING
15:27:28 INFO  State of current operation: PENDING
15:27:30 INFO  State of current operation: PENDING
15:27:32 INFO  State of current operation: PENDING
15:27:34 INFO  State of current operation: PENDING
15:27:37 INFO  State of current operation: PENDING
15:27:39 INFO  State of current operation: PENDING
15:27:41 INFO  State of current operation: PENDING
15:27:43 INFO  State of current operation: PENDING
15:27:46 INFO  State of current operation: PENDING
15:27:48 INFO  State of current operation: PENDING
15:27:50 INFO  State of current operation: PENDING
15:27:52 INFO  State of current operation: PENDING
15:27:54 INFO  State of current operation: PENDING
15:27:57 INFO  State of current operation: PENDING
15:27:59 INFO  State of current operation: PENDING
15:28:01 INFO  State of current operation: PENDING
15:28:03 INFO  State of current operation: PENDING
15:28:06 INFO  State of current operation: PENDING
15:28:08 INFO  State of current operation: PENDING
15:28:10 INFO  State of current operation: PENDING
15:28:12 INFO  State of current operation: PENDING
15:28:14 INFO  State of current operation: PENDING
15:28:17 INFO  State of current operation: PENDING
15:28:19 INFO  State of current operation: PENDING
15:28:21 INFO  State of current operation: PENDING
15:28:23 INFO  State of current operation: PENDING
15:28:26 INFO  State of current operation: PENDING
15:28:28 INFO  State of current operation: PENDING
15:28:30 INFO  State of current operation: PENDING
15:28:32 INFO  State of current operation: PENDING
15:28:35 INFO  State of current operation: PENDING
15:28:37 INFO  State of current operation: PENDING
15:28:39 INFO  State of current operation: PENDING
15:28:41 INFO  State of current operation: PENDING
15:28:44 INFO  State of current operation: PENDING
15:28:46 INFO  State of current operation: PENDING
15:28:48 WARN  SystemError occurred while running test - Timeout while waiting for status FAILED or SUCCESSFUL
Traceback (most recent call last):
  File "/home/pi/env-pysys/lib/python3.7/site-packages/pysys/baserunner.py", line 1292, in __call__
    self.testObj.setup()
  File "/home/pi/actions-runner/_work/thin-edge.io/thin-edge.io/tests/PySys/software_management_end_to_end/sm_apt_install_fail/run.py", line 20, in setup
    super().setup()
  File "/home/pi/actions-runner/_work/thin-edge.io/thin-edge.io/tests/PySys/software_management_end_to_end/environment_sm_management.py", line 151, in setup
    self.wait_until_end()
  File "/home/pi/actions-runner/_work/thin-edge.io/thin-edge.io/tests/PySys/software_management_end_to_end/environment_sm_management.py", line 332, in wait_until_end
    self.wait_until_status("FAILED", "SUCCESSFUL")
  File "/home/pi/actions-runner/_work/thin-edge.io/thin-edge.io/tests/PySys/software_management_end_to_end/environment_sm_management.py", line 381, in wait_until_status
    "Timeout while waiting for status %s or %s" % (status, status2)
SystemError: Timeout while waiting for status FAILED or SUCCESSFUL
15:28:48 WARN  SystemError: Timeout while waiting for status FAILED or SUCCESSFUL ... blocked 
15:28:48 INFO  
15:28:48 INFO  cleanup:
15:28:52 INFO  Executed sudo&lt;tedge_disconnect_c8y&gt;, exit status 0
15:28:53 INFO  Executed systemctl&lt;serv_mapper5&gt;, exit status 3
15:28:53 INFO  
15:28:53 INFO  Test duration: 165.64 secs
15:28:53 INFO  Test final outcome:  BLOCKED
15:28:53 INFO  Test outcome reason: SystemError: Timeout while waiting for status FAILED or SUCCESSFUL
15:28:53 INFO  
</system-out>
	</testcase>
</testsuite><testsuite name="SoftwareManagement.sm_apt_install_remove" tests="3" errors="0" failures="1" skipped="1" time="0"><testcase classname="PySysTest" name="SoftwareManagement.sm_apt_install_remove">
		<skipped message="SKIPPED: Testing the apt plugin is not supported on this platform.Use parameter -XmyPlatform='container' to enable it" />
		<system-out>14:32:27 INFO  ==============================================================
14:32:27 INFO  Id:    SoftwareManagement.sm_apt_install_remove
14:32:27 INFO  Dir:   software_management_end_to_end/
14:32:27 INFO  Title: Validate end to end behaviour for the apt plugin for installation and removal of packages
14:32:27 INFO  ==============================================================
14:32:27 INFO  Testing the apt plugin is not supported on this platform.Use parameter -XmyPlatform='container' to enable it ... skipped
14:32:27 WARN  Aborted test due to SKIPPED outcome
14:32:27 INFO  
14:32:27 INFO  Test duration: 0.04 secs
14:32:27 INFO  Test final outcome:  SKIPPED
14:32:27 INFO  Test outcome reason: Testing the apt plugin is not supported on this platform.Use parameter -XmyPlatform='container' to enable it
14:32:27 INFO  
</system-out>
	</testcase>
<testcase classname="PySysTest" name="SoftwareManagement.sm_apt_install_remove" />
<testcase classname="PySysTest" name="SoftwareManagement.sm_apt_install_remove">
		<failure message="BLOCKED: SystemError: Timeout while waiting for status FAILED or SUCCESSFUL" type="BLOCKED" />
		<system-out>15:28:53 INFO  ==============================================================
15:28:53 INFO  Id:    SoftwareManagement.sm_apt_install_remove
15:28:53 INFO  Dir:   software_management_end_to_end/
15:28:53 INFO  Title: Validate end to end behaviour for the apt plugin for installation and removal of packages
15:28:53 INFO  ==============================================================
15:28:53 INFO  Using sw id database: {'asciijump': '5475369', 'robotfindskitten': '5474869', 'squirrel3': '5475279', 'rolldice': '5152439', 'moon-buggy': '5439204', 'apple': '5495053', 'banana': '5494888', 'cherry': '5495382', 'watermelon': '5494510', 'registry': '8018911', 'hello-world': '8021526', 'docker/getting-started': '8021973', 'alpine': '7991792'}
15:28:53 INFO  EnvironmentC8y Setup
15:28:53 INFO  Executed systemctl&lt;serv_mapper1&gt;, exit status 3
15:28:54 INFO  Restarting mosquitto too frequently in the last 10 seconds. It was only up for 5 seconds
15:28:54 INFO  Delaying execution by 6 seconds
15:29:14 INFO  Executed sudo&lt;tedge_connect_c8y&gt;, exit status 0, duration 14 secs
15:29:15 INFO  Executed sudo&lt;tedge_connect_c8y_test&gt;, exit status 0
15:29:15 INFO  Executed systemctl&lt;serv_mosq2&gt;, exit status 0
15:29:16 INFO  Executed systemctl&lt;serv_mapper3&gt;, exit status 0
15:29:18 INFO  State of current operation: PENDING
15:29:20 INFO  State of current operation: PENDING
15:29:22 INFO  State of current operation: PENDING
15:29:25 INFO  State of current operation: PENDING
15:29:27 INFO  State of current operation: PENDING
15:29:29 INFO  State of current operation: PENDING
15:29:31 INFO  State of current operation: PENDING
15:29:33 INFO  State of current operation: PENDING
15:29:36 INFO  State of current operation: PENDING
15:29:38 INFO  State of current operation: PENDING
15:29:40 INFO  State of current operation: PENDING
15:29:42 INFO  State of current operation: PENDING
15:29:44 INFO  State of current operation: PENDING
15:29:47 INFO  State of current operation: PENDING
15:29:49 INFO  State of current operation: PENDING
15:29:51 INFO  State of current operation: PENDING
15:29:53 INFO  State of current operation: PENDING
15:29:56 INFO  State of current operation: PENDING
15:29:58 INFO  State of current operation: PENDING
15:30:00 INFO  State of current operation: PENDING
15:30:02 INFO  State of current operation: PENDING
15:30:04 INFO  State of current operation: PENDING
15:30:07 INFO  State of current operation: PENDING
15:30:09 INFO  State of current operation: PENDING
15:30:11 INFO  State of current operation: PENDING
15:30:13 INFO  State of current operation: PENDING
15:30:16 INFO  State of current operation: PENDING
15:30:18 INFO  State of current operation: PENDING
15:30:20 INFO  State of current operation: PENDING
15:30:22 INFO  State of current operation: PENDING
15:30:24 INFO  State of current operation: PENDING
15:30:27 INFO  State of current operation: PENDING
15:30:29 INFO  State of current operation: PENDING
15:30:31 INFO  State of current operation: PENDING
15:30:33 INFO  State of current operation: PENDING
15:30:36 INFO  State of current operation: PENDING
15:30:38 INFO  State of current operation: PENDING
15:30:40 INFO  State of current operation: PENDING
15:30:42 INFO  State of current operation: PENDING
15:30:45 INFO  State of current operation: PENDING
15:30:47 INFO  State of current operation: PENDING
15:30:49 INFO  State of current operation: PENDING
15:30:51 INFO  State of current operation: PENDING
15:30:53 INFO  State of current operation: PENDING
15:30:56 INFO  State of current operation: PENDING
15:30:58 INFO  State of current operation: PENDING
15:31:00 INFO  State of current operation: PENDING
15:31:02 INFO  State of current operation: PENDING
15:31:04 INFO  State of current operation: PENDING
15:31:07 INFO  State of current operation: PENDING
15:31:09 INFO  State of current operation: PENDING
15:31:11 INFO  State of current operation: PENDING
15:31:13 INFO  State of current operation: PENDING
15:31:16 INFO  State of current operation: PENDING
15:31:18 INFO  State of current operation: PENDING
15:31:20 INFO  State of current operation: PENDING
15:31:22 INFO  State of current operation: PENDING
15:31:25 INFO  State of current operation: PENDING
15:31:27 INFO  State of current operation: PENDING
15:31:29 INFO  State of current operation: PENDING
15:31:31 INFO  State of current operation: PENDING
15:31:33 WARN  SystemError occurred while running test - Timeout while waiting for status FAILED or SUCCESSFUL
Traceback (most recent call last):
  File "/home/pi/env-pysys/lib/python3.7/site-packages/pysys/baserunner.py", line 1292, in __call__
    self.testObj.setup()
  File "/home/pi/actions-runner/_work/thin-edge.io/thin-edge.io/tests/PySys/software_management_end_to_end/sm_apt_install_remove/run.py", line 27, in setup
    super().setup()
  File "/home/pi/actions-runner/_work/thin-edge.io/thin-edge.io/tests/PySys/software_management_end_to_end/environment_sm_management.py", line 151, in setup
    self.wait_until_end()
  File "/home/pi/actions-runner/_work/thin-edge.io/thin-edge.io/tests/PySys/software_management_end_to_end/environment_sm_management.py", line 332, in wait_until_end
    self.wait_until_status("FAILED", "SUCCESSFUL")
  File "/home/pi/actions-runner/_work/thin-edge.io/thin-edge.io/tests/PySys/software_management_end_to_end/environment_sm_management.py", line 381, in wait_until_status
    "Timeout while waiting for status %s or %s" % (status, status2)
SystemError: Timeout while waiting for status FAILED or SUCCESSFUL
15:31:33 WARN  SystemError: Timeout while waiting for status FAILED or SUCCESSFUL ... blocked 
15:31:33 INFO  
15:31:33 INFO  cleanup:
15:31:38 INFO  Executed sudo&lt;tedge_disconnect_c8y&gt;, exit status 0
15:31:39 INFO  Executed systemctl&lt;serv_mapper5&gt;, exit status 3
15:31:39 INFO  
15:31:39 INFO  Test duration: 165.72 secs
15:31:39 INFO  Test final outcome:  BLOCKED
15:31:39 INFO  Test outcome reason: SystemError: Timeout while waiting for status FAILED or SUCCESSFUL
15:31:39 INFO  
</system-out>
	</testcase>
</testsuite><testsuite name="SoftwareManagement.sm_apt_install_remove_default" tests="3" errors="0" failures="1" skipped="1" time="0"><testcase classname="PySysTest" name="SoftwareManagement.sm_apt_install_remove_default">
		<skipped message="SKIPPED: Testing the apt plugin is not supported on this platform.Use parameter -XmyPlatform='container' to enable it" />
		<system-out>14:32:27 INFO  ==============================================================
14:32:27 INFO  Id:    SoftwareManagement.sm_apt_install_remove_default
14:32:27 INFO  Dir:   software_management_end_to_end/
14:32:27 INFO  Title: Validate end to end behaviour for the default plugin for installation and removal of packages
14:32:27 INFO  ==============================================================
14:32:27 INFO  Testing the apt plugin is not supported on this platform.Use parameter -XmyPlatform='container' to enable it ... skipped
14:32:27 WARN  Aborted test due to SKIPPED outcome
14:32:27 INFO  
14:32:27 INFO  Test duration: 0.02 secs
14:32:27 INFO  Test final outcome:  SKIPPED
14:32:27 INFO  Test outcome reason: Testing the apt plugin is not supported on this platform.Use parameter -XmyPlatform='container' to enable it
14:32:27 INFO  
</system-out>
	</testcase>
<testcase classname="PySysTest" name="SoftwareManagement.sm_apt_install_remove_default" />
<testcase classname="PySysTest" name="SoftwareManagement.sm_apt_install_remove_default">
		<failure message="BLOCKED: SystemError: Timeout while waiting for status FAILED or SUCCESSFUL" type="BLOCKED" />
		<system-out>15:31:39 INFO  ==============================================================
15:31:39 INFO  Id:    SoftwareManagement.sm_apt_install_remove_default
15:31:39 INFO  Dir:   software_management_end_to_end/
15:31:39 INFO  Title: Validate end to end behaviour for the default plugin for installation and removal of packages
15:31:39 INFO  ==============================================================
15:31:39 INFO  Using sw id database: {'asciijump': '5475369', 'robotfindskitten': '5474869', 'squirrel3': '5475279', 'rolldice': '5152439', 'moon-buggy': '5439204', 'apple': '5495053', 'banana': '5494888', 'cherry': '5495382', 'watermelon': '5494510', 'registry': '8018911', 'hello-world': '8021526', 'docker/getting-started': '8021973', 'alpine': '7991792'}
15:31:39 INFO  EnvironmentC8y Setup
15:31:39 INFO  Executed systemctl&lt;serv_mapper1&gt;, exit status 3
15:31:39 INFO  Restarting mosquitto too frequently in the last 10 seconds. It was only up for 6 seconds
15:31:39 INFO  Delaying execution by 5 seconds
15:31:59 INFO  Executed sudo&lt;tedge_connect_c8y&gt;, exit status 0, duration 15 secs
15:32:00 INFO  Executed sudo&lt;tedge_connect_c8y_test&gt;, exit status 0
15:32:00 INFO  Executed systemctl&lt;serv_mosq2&gt;, exit status 0
15:32:01 INFO  Executed systemctl&lt;serv_mapper3&gt;, exit status 0
15:32:03 INFO  State of current operation: PENDING
15:32:06 INFO  State of current operation: PENDING
15:32:08 INFO  State of current operation: PENDING
15:32:10 INFO  State of current operation: PENDING
15:32:12 INFO  State of current operation: PENDING
15:32:14 INFO  State of current operation: PENDING
15:32:17 INFO  State of current operation: PENDING
15:32:19 INFO  State of current operation: PENDING
15:32:21 INFO  State of current operation: PENDING
15:32:23 INFO  State of current operation: PENDING
15:32:26 INFO  State of current operation: PENDING
15:32:28 INFO  State of current operation: PENDING
15:32:30 INFO  State of current operation: PENDING
15:32:32 INFO  State of current operation: PENDING
15:32:34 INFO  State of current operation: PENDING
15:32:37 INFO  State of current operation: PENDING
15:32:39 INFO  State of current operation: PENDING
15:32:41 INFO  State of current operation: PENDING
15:32:43 INFO  State of current operation: PENDING
15:32:46 INFO  State of current operation: PENDING
15:32:48 INFO  State of current operation: PENDING
15:32:50 INFO  State of current operation: PENDING
15:32:52 INFO  State of current operation: PENDING
15:32:54 INFO  State of current operation: PENDING
15:32:57 INFO  State of current operation: PENDING
15:32:59 INFO  State of current operation: PENDING
15:33:01 INFO  State of current operation: PENDING
15:33:03 INFO  State of current operation: PENDING
15:33:06 INFO  State of current operation: PENDING
15:33:08 INFO  State of current operation: PENDING
15:33:10 INFO  State of current operation: PENDING
15:33:12 INFO  State of current operation: PENDING
15:33:14 INFO  State of current operation: PENDING
15:33:17 INFO  State of current operation: PENDING
15:33:19 INFO  State of current operation: PENDING
15:33:21 INFO  State of current operation: PENDING
15:33:23 INFO  State of current operation: PENDING
15:33:26 INFO  State of current operation: PENDING
15:33:28 INFO  State of current operation: PENDING
15:33:30 INFO  State of current operation: PENDING
15:33:32 INFO  State of current operation: PENDING
15:33:34 INFO  State of current operation: PENDING
15:33:37 INFO  State of current operation: PENDING
15:33:39 INFO  State of current operation: PENDING
15:33:41 INFO  State of current operation: PENDING
15:33:43 INFO  State of current operation: PENDING
15:33:46 INFO  State of current operation: PENDING
15:33:48 INFO  State of current operation: PENDING
15:33:50 INFO  State of current operation: PENDING
15:33:52 INFO  State of current operation: PENDING
15:33:54 INFO  State of current operation: PENDING
15:33:57 INFO  State of current operation: PENDING
15:33:59 INFO  State of current operation: PENDING
15:34:01 INFO  State of current operation: PENDING
15:34:03 INFO  State of current operation: PENDING
15:34:06 INFO  State of current operation: PENDING
15:34:08 INFO  State of current operation: PENDING
15:34:10 INFO  State of current operation: PENDING
15:34:12 INFO  State of current operation: PENDING
15:34:14 INFO  State of current operation: PENDING
15:34:17 INFO  State of current operation: PENDING
15:34:19 WARN  SystemError occurred while running test - Timeout while waiting for status FAILED or SUCCESSFUL
Traceback (most recent call last):
  File "/home/pi/env-pysys/lib/python3.7/site-packages/pysys/baserunner.py", line 1292, in __call__
    self.testObj.setup()
  File "/home/pi/actions-runner/_work/thin-edge.io/thin-edge.io/tests/PySys/software_management_end_to_end/sm_apt_install_remove_default/run.py", line 26, in setup
    super().setup()
  File "/home/pi/actions-runner/_work/thin-edge.io/thin-edge.io/tests/PySys/software_management_end_to_end/environment_sm_management.py", line 151, in setup
    self.wait_until_end()
  File "/home/pi/actions-runner/_work/thin-edge.io/thin-edge.io/tests/PySys/software_management_end_to_end/environment_sm_management.py", line 332, in wait_until_end
    self.wait_until_status("FAILED", "SUCCESSFUL")
  File "/home/pi/actions-runner/_work/thin-edge.io/thin-edge.io/tests/PySys/software_management_end_to_end/environment_sm_management.py", line 381, in wait_until_status
    "Timeout while waiting for status %s or %s" % (status, status2)
SystemError: Timeout while waiting for status FAILED or SUCCESSFUL
15:34:19 WARN  SystemError: Timeout while waiting for status FAILED or SUCCESSFUL ... blocked 
15:34:19 INFO  
15:34:19 INFO  cleanup:
15:34:23 INFO  Executed sudo&lt;tedge_disconnect_c8y&gt;, exit status 0
15:34:23 INFO  Executed systemctl&lt;serv_mapper5&gt;, exit status 3
15:34:23 INFO  
15:34:23 INFO  Test duration: 164.82 secs
15:34:23 INFO  Test final outcome:  BLOCKED
15:34:23 INFO  Test outcome reason: SystemError: Timeout while waiting for status FAILED or SUCCESSFUL
15:34:23 INFO  
</system-out>
	</testcase>
</testsuite><testsuite name="SoftwareManagement.sm_apt_install_remove_multiple" tests="3" errors="0" failures="2" skipped="1" time="0"><testcase classname="PySysTest" name="SoftwareManagement.sm_apt_install_remove_multiple">
		<skipped message="SKIPPED: Testing the apt plugin is not supported on this platform.Use parameter -XmyPlatform='container' to enable it" />
		<system-out>14:32:27 INFO  ==============================================================
14:32:27 INFO  Id:    SoftwareManagement.sm_apt_install_remove_multiple
14:32:27 INFO  Dir:   software_management_end_to_end/
14:32:27 INFO  Title: Validate end to end behaviour for the apt plugin for multiple packages
14:32:27 INFO  ==============================================================
14:32:27 INFO  Testing the apt plugin is not supported on this platform.Use parameter -XmyPlatform='container' to enable it ... skipped
14:32:27 WARN  Aborted test due to SKIPPED outcome
14:32:27 INFO  
14:32:27 INFO  Test duration: 0.02 secs
14:32:27 INFO  Test final outcome:  SKIPPED
14:32:27 INFO  Test outcome reason: Testing the apt plugin is not supported on this platform.Use parameter -XmyPlatform='container' to enable it
14:32:27 INFO  
</system-out>
	</testcase>
<testcase classname="PySysTest" name="SoftwareManagement.sm_apt_install_remove_multiple">
		<failure message="FAILED: Assert that (False == value) with value=True" type="FAILED" />
		<system-out>15:05:20 INFO  ==============================================================
15:05:20 INFO  Id:    SoftwareManagement.sm_apt_install_remove_multiple
15:05:20 INFO  Dir:   software_management_end_to_end/
15:05:20 INFO  Title: Validate end to end behaviour for the apt plugin for multiple packages
15:05:20 INFO  ==============================================================
15:05:20 INFO  Using sw id database: {'asciijump': '5475369', 'robotfindskitten': '5474869', 'squirrel3': '5475279', 'rolldice': '5152439', 'moon-buggy': '5439204', 'apple': '5495053', 'banana': '5494888', 'cherry': '5495382', 'watermelon': '5494510', 'registry': '8018911', 'hello-world': '8021526', 'docker/getting-started': '8021973', 'alpine': '7991792'}
15:05:20 INFO  EnvironmentC8y Setup
15:05:21 INFO  Executed systemctl&lt;serv_mapper1&gt;, exit status 3
15:05:21 INFO  Restarting mosquitto too frequently in the last 10 seconds. It was only up for 4 seconds
15:05:21 INFO  Delaying execution by 7 seconds
15:05:43 INFO  Executed sudo&lt;tedge_connect_c8y&gt;, exit status 0, duration 14 secs
15:05:43 INFO  Executed sudo&lt;tedge_connect_c8y_test&gt;, exit status 0
15:05:44 INFO  Executed systemctl&lt;serv_mosq2&gt;, exit status 0
15:05:44 INFO  Executed systemctl&lt;serv_mapper3&gt;, exit status 0
15:05:47 INFO  State of current operation: SUCCESSFUL
15:05:47 INFO  Assert that (False == value) with value=False ... passed
15:05:47 INFO  Assert that (False == value) with value=False ... passed
15:05:47 INFO  Assert that (False == value) with value=False ... passed
15:05:47 INFO  Package robotfindskitten is installed
15:05:47 WARN  Assert that (False == value) with value=True ... failed 
15:05:48 INFO  Response status: 201
15:05:48 INFO  Response to action: {
    "creationTime": "2022-04-27T15:05:48.167Z",
    "deviceName": "mythica",
    "deviceId": "17788049",
    "self": "https://t493319102.eu-latest.cumulocity.com/devicecontrol/operations/17795085",
    "id": "17795085",
    "status": "PENDING",
    "description": "Apply software changes, triggered from PySys: [{'action': 'install', 'id': '5475369', 'name': 'asciijump', 'url': ' ', 'version': '::apt'}, {'action': 'install', 'id': '5474869', 'name': 'robotfindskitten', 'url': ' ', 'version': '::apt'}, {'action': 'install', 'id': '5475279', 'name': 'squirrel3', 'url': ' ', 'version': '::apt'}]",
    "c8y_SoftwareUpdate": [
        {
            "name": "asciijump",
            "action": "install",
            "id": "5475369",
            "version": "::apt",
            "url": " "
        },
        {
            "name": "robotfindskitten",
            "action": "install",
            "id": "5474869",
            "version": "::apt",
            "url": " "
        },
        {
            "name": "squirrel3",
            "action": "install",
            "id": "5475279",
            "version": "::apt",
            "url": " "
        }
    ]
}
15:05:48 INFO  Started operation: {'creationTime': '2022-04-27T15:05:48.167Z', 'deviceName': 'mythica', 'deviceId': '17788049', 'self': 'https://t493319102.eu-latest.cumulocity.com/devicecontrol/operations/17795085', 'id': '17795085', 'status': 'PENDING', 'description': "Apply software changes, triggered from PySys: [{'action': 'install', 'id': '5475369', 'name': 'asciijump', 'url': ' ', 'version': '::apt'}, {'action': 'install', 'id': '5474869', 'name': 'robotfindskitten', 'url': ' ', 'version': '::apt'}, {'action': 'install', 'id': '5475279', 'name': 'squirrel3', 'url': ' ', 'version': '::apt'}]", 'c8y_SoftwareUpdate': [{'name': 'asciijump', 'action': 'install', 'id': '5475369', 'version': '::apt', 'url': ' '}, {'name': 'robotfindskitten', 'action': 'install', 'id': '5474869', 'version': '::apt', 'url': ' '}, {'name': 'squirrel3', 'action': 'install', 'id': '5475279', 'version': '::apt', 'url': ' '}]}
15:05:50 INFO  State of operation 17795085 : PENDING
15:05:52 INFO  State of operation 17795085 : EXECUTING
15:05:54 INFO  State of operation 17795085 : EXECUTING
15:05:57 INFO  State of operation 17795085 : EXECUTING
15:05:59 INFO  State of operation 17795085 : EXECUTING
15:06:01 INFO  State of operation 17795085 : EXECUTING
15:06:04 INFO  State of operation 17795085 : EXECUTING
15:06:07 INFO  State of operation 17795085 : EXECUTING
15:06:09 INFO  State of operation 17795085 : EXECUTING
15:06:11 INFO  State of operation 17795085 : EXECUTING
15:06:14 INFO  State of operation 17795085 : EXECUTING
15:06:16 INFO  State of operation 17795085 : EXECUTING
15:06:18 INFO  State of operation 17795085 : EXECUTING
15:06:20 INFO  State of operation 17795085 : EXECUTING
15:06:23 INFO  State of operation 17795085 : EXECUTING
15:06:25 INFO  State of operation 17795085 : EXECUTING
15:06:28 INFO  State of operation 17795085 : EXECUTING
15:06:30 INFO  State of operation 17795085 : EXECUTING
15:06:33 INFO  State of operation 17795085 : EXECUTING
15:06:35 INFO  State of operation 17795085 : EXECUTING
15:06:37 INFO  State of operation 17795085 : EXECUTING
15:06:40 INFO  State of operation 17795085 : EXECUTING
15:06:42 INFO  State of operation 17795085 : EXECUTING
15:06:44 INFO  State of operation 17795085 : EXECUTING
15:06:47 INFO  State of operation 17795085 : EXECUTING
15:06:49 INFO  State of operation 17795085 : EXECUTING
15:06:52 INFO  State of operation 17795085 : EXECUTING
15:06:54 INFO  State of operation 17795085 : EXECUTING
15:06:57 INFO  State of operation 17795085 : EXECUTING
15:06:59 INFO  State of operation 17795085 : EXECUTING
15:07:01 INFO  State of operation 17795085 : EXECUTING
15:07:03 INFO  State of operation 17795085 : EXECUTING
15:07:06 INFO  State of operation 17795085 : EXECUTING
15:07:08 INFO  State of operation 17795085 : EXECUTING
15:07:10 INFO  State of operation 17795085 : SUCCESSFUL
15:07:10 INFO  Assert that (False == value) with value=False ... passed
15:07:11 INFO  Package asciijump is installed
15:07:11 INFO  Assert that (True == value) with value=True ... passed
15:07:11 INFO  Package squirrel3 is installed
15:07:11 INFO  Assert that (True == value) with value=True ... passed
15:07:11 INFO  Package robotfindskitten is installed
15:07:11 INFO  Assert that (True == value) with value=True ... passed
15:07:11 INFO  Response status: 201
15:07:11 INFO  Response to action: {
    "creationTime": "2022-04-27T15:07:11.745Z",
    "deviceName": "mythica",
    "deviceId": "17788049",
    "self": "https://t493319102.eu-latest.cumulocity.com/devicecontrol/operations/17795093",
    "id": "17795093",
    "status": "PENDING",
    "description": "Apply software changes, triggered from PySys: [{'action': 'delete', 'id': '5475369', 'name': 'asciijump', 'url': ' ', 'version': '::apt'}, {'action': 'delete', 'id': '5474869', 'name': 'robotfindskitten', 'url': ' ', 'version': '::apt'}, {'action': 'delete', 'id': '5475279', 'name': 'squirrel3', 'url': ' ', 'version': '::apt'}]",
    "c8y_SoftwareUpdate": [
        {
            "name": "asciijump",
            "action": "delete",
            "id": "5475369",
            "version": "::apt",
            "url": " "
        },
        {
            "name": "robotfindskitten",
            "action": "delete",
            "id": "5474869",
            "version": "::apt",
            "url": " "
        },
        {
            "name": "squirrel3",
            "action": "delete",
            "id": "5475279",
            "version": "::apt",
            "url": " "
        }
    ]
}
15:07:11 INFO  Started operation: {'creationTime': '2022-04-27T15:07:11.745Z', 'deviceName': 'mythica', 'deviceId': '17788049', 'self': 'https://t493319102.eu-latest.cumulocity.com/devicecontrol/operations/17795093', 'id': '17795093', 'status': 'PENDING', 'description': "Apply software changes, triggered from PySys: [{'action': 'delete', 'id': '5475369', 'name': 'asciijump', 'url': ' ', 'version': '::apt'}, {'action': 'delete', 'id': '5474869', 'name': 'robotfindskitten', 'url': ' ', 'version': '::apt'}, {'action': 'delete', 'id': '5475279', 'name': 'squirrel3', 'url': ' ', 'version': '::apt'}]", 'c8y_SoftwareUpdate': [{'name': 'asciijump', 'action': 'delete', 'id': '5475369', 'version': '::apt', 'url': ' '}, {'name': 'robotfindskitten', 'action': 'delete', 'id': '5474869', 'version': '::apt', 'url': ' '}, {'name': 'squirrel3', 'action': 'delete', 'id': '5475279', 'version': '::apt', 'url': ' '}]}
15:07:14 INFO  State of operation 17795093 : PENDING
15:07:16 INFO  State of operation 17795093 : EXECUTING
15:07:18 INFO  State of operation 17795093 : EXECUTING
15:07:20 INFO  State of operation 17795093 : EXECUTING
15:07:22 INFO  State of operation 17795093 : EXECUTING
15:07:25 INFO  State of operation 17795093 : EXECUTING
15:07:28 INFO  State of operation 17795093 : EXECUTING
15:07:30 INFO  State of operation 17795093 : EXECUTING
15:07:33 INFO  State of operation 17795093 : EXECUTING
15:07:35 INFO  State of operation 17795093 : EXECUTING
15:07:37 INFO  State of operation 17795093 : EXECUTING
15:07:40 INFO  State of operation 17795093 : EXECUTING
15:07:42 INFO  State of operation 17795093 : EXECUTING
15:07:44 INFO  State of operation 17795093 : EXECUTING
15:07:46 INFO  State of operation 17795093 : EXECUTING
15:07:49 INFO  State of operation 17795093 : EXECUTING
15:07:51 INFO  State of operation 17795093 : EXECUTING
15:07:54 INFO  State of operation 17795093 : EXECUTING
15:07:56 INFO  State of operation 17795093 : EXECUTING
15:07:58 INFO  State of operation 17795093 : EXECUTING
15:08:01 INFO  State of operation 17795093 : EXECUTING
15:08:03 INFO  State of operation 17795093 : EXECUTING
15:08:05 INFO  State of operation 17795093 : EXECUTING
15:08:07 INFO  State of operation 17795093 : EXECUTING
15:08:10 INFO  State of operation 17795093 : EXECUTING
15:08:12 INFO  State of operation 17795093 : EXECUTING
15:08:15 INFO  State of operation 17795093 : EXECUTING
15:08:17 INFO  State of operation 17795093 : EXECUTING
15:08:19 INFO  State of operation 17795093 : SUCCESSFUL
15:08:19 INFO  Assert that (False == value) with value=False ... passed
15:08:20 INFO  Assert that (False == value) with value=False ... passed
15:08:20 INFO  Assert that (False == value) with value=False ... passed
15:08:20 INFO  Assert that (False == value) with value=False ... passed
15:08:20 INFO  
15:08:20 INFO  cleanup:
15:08:24 INFO  Executed sudo&lt;tedge_disconnect_c8y&gt;, exit status 0
15:08:25 INFO  Executed systemctl&lt;serv_mapper5&gt;, exit status 3
15:08:25 INFO  
15:08:25 INFO  Test duration: 184.69 secs
15:08:25 INFO  Test final outcome:  FAILED
15:08:25 INFO  Test outcome reason: Assert that (False == value) with value=True
15:08:25 INFO  
</system-out>
	</testcase>
<testcase classname="PySysTest" name="SoftwareManagement.sm_apt_install_remove_multiple">
		<failure message="BLOCKED: SystemError: Timeout while waiting for status FAILED or SUCCESSFUL" type="BLOCKED" />
		<system-out>15:34:24 INFO  ==============================================================
15:34:24 INFO  Id:    SoftwareManagement.sm_apt_install_remove_multiple
15:34:24 INFO  Dir:   software_management_end_to_end/
15:34:24 INFO  Title: Validate end to end behaviour for the apt plugin for multiple packages
15:34:24 INFO  ==============================================================
15:34:24 INFO  Using sw id database: {'asciijump': '5475369', 'robotfindskitten': '5474869', 'squirrel3': '5475279', 'rolldice': '5152439', 'moon-buggy': '5439204', 'apple': '5495053', 'banana': '5494888', 'cherry': '5495382', 'watermelon': '5494510', 'registry': '8018911', 'hello-world': '8021526', 'docker/getting-started': '8021973', 'alpine': '7991792'}
15:34:24 INFO  EnvironmentC8y Setup
15:34:24 INFO  Executed systemctl&lt;serv_mapper1&gt;, exit status 3
15:34:24 INFO  Restarting mosquitto too frequently in the last 10 seconds. It was only up for 5 seconds
15:34:24 INFO  Delaying execution by 6 seconds
15:34:45 INFO  Executed sudo&lt;tedge_connect_c8y&gt;, exit status 0, duration 14 secs
15:34:45 INFO  Executed sudo&lt;tedge_connect_c8y_test&gt;, exit status 0
15:34:46 INFO  Executed systemctl&lt;serv_mosq2&gt;, exit status 0
15:34:46 INFO  Executed systemctl&lt;serv_mapper3&gt;, exit status 0
15:34:48 INFO  State of current operation: PENDING
15:34:51 INFO  State of current operation: PENDING
15:34:53 INFO  State of current operation: PENDING
15:34:55 INFO  State of current operation: PENDING
15:34:57 INFO  State of current operation: PENDING
15:34:59 INFO  State of current operation: PENDING
15:35:02 INFO  State of current operation: PENDING
15:35:04 INFO  State of current operation: PENDING
15:35:06 INFO  State of current operation: PENDING
15:35:08 INFO  State of current operation: PENDING
15:35:11 INFO  State of current operation: PENDING
15:35:13 INFO  State of current operation: PENDING
15:35:15 INFO  State of current operation: PENDING
15:35:17 INFO  State of current operation: PENDING
15:35:20 INFO  State of current operation: PENDING
15:35:22 INFO  State of current operation: PENDING
15:35:24 INFO  State of current operation: PENDING
15:35:26 INFO  State of current operation: PENDING
15:35:28 INFO  State of current operation: PENDING
15:35:31 INFO  State of current operation: PENDING
15:35:33 INFO  State of current operation: PENDING
15:35:35 INFO  State of current operation: PENDING
15:35:37 INFO  State of current operation: PENDING
15:35:40 INFO  State of current operation: PENDING
15:35:42 INFO  State of current operation: PENDING
15:35:44 INFO  State of current operation: PENDING
15:35:46 INFO  State of current operation: PENDING
15:35:48 INFO  State of current operation: PENDING
15:35:51 INFO  State of current operation: PENDING
15:35:53 INFO  State of current operation: PENDING
15:35:55 INFO  State of current operation: PENDING
15:35:57 INFO  State of current operation: PENDING
15:36:00 INFO  State of current operation: PENDING
15:36:02 INFO  State of current operation: PENDING
15:36:04 INFO  State of current operation: PENDING
15:36:06 INFO  State of current operation: PENDING
15:36:08 INFO  State of current operation: PENDING
15:36:11 INFO  State of current operation: PENDING
15:36:13 INFO  State of current operation: PENDING
15:36:15 INFO  State of current operation: PENDING
15:36:17 INFO  State of current operation: PENDING
15:36:20 INFO  State of current operation: PENDING
15:36:22 INFO  State of current operation: PENDING
15:36:24 INFO  State of current operation: PENDING
15:36:26 INFO  State of current operation: PENDING
15:36:29 INFO  State of current operation: PENDING
15:36:31 INFO  State of current operation: PENDING
15:36:33 INFO  State of current operation: PENDING
15:36:35 INFO  State of current operation: PENDING
15:36:37 INFO  State of current operation: PENDING
15:36:40 INFO  State of current operation: PENDING
15:36:42 INFO  State of current operation: PENDING
15:36:44 INFO  State of current operation: PENDING
15:36:46 INFO  State of current operation: PENDING
15:36:49 INFO  State of current operation: PENDING
15:36:51 INFO  State of current operation: PENDING
15:36:53 INFO  State of current operation: PENDING
15:36:55 INFO  State of current operation: PENDING
15:36:58 INFO  State of current operation: PENDING
15:37:00 INFO  State of current operation: PENDING
15:37:02 INFO  State of current operation: PENDING
15:37:04 WARN  SystemError occurred while running test - Timeout while waiting for status FAILED or SUCCESSFUL
Traceback (most recent call last):
  File "/home/pi/env-pysys/lib/python3.7/site-packages/pysys/baserunner.py", line 1292, in __call__
    self.testObj.setup()
  File "/home/pi/actions-runner/_work/thin-edge.io/thin-edge.io/tests/PySys/software_management_end_to_end/sm_apt_install_remove_multiple/run.py", line 52, in setup
    super().setup()
  File "/home/pi/actions-runner/_work/thin-edge.io/thin-edge.io/tests/PySys/software_management_end_to_end/environment_sm_management.py", line 151, in setup
    self.wait_until_end()
  File "/home/pi/actions-runner/_work/thin-edge.io/thin-edge.io/tests/PySys/software_management_end_to_end/environment_sm_management.py", line 332, in wait_until_end
    self.wait_until_status("FAILED", "SUCCESSFUL")
  File "/home/pi/actions-runner/_work/thin-edge.io/thin-edge.io/tests/PySys/software_management_end_to_end/environment_sm_management.py", line 381, in wait_until_status
    "Timeout while waiting for status %s or %s" % (status, status2)
SystemError: Timeout while waiting for status FAILED or SUCCESSFUL
15:37:04 WARN  SystemError: Timeout while waiting for status FAILED or SUCCESSFUL ... blocked 
15:37:04 INFO  
15:37:04 INFO  cleanup:
15:37:08 INFO  Executed sudo&lt;tedge_disconnect_c8y&gt;, exit status 0
15:37:09 INFO  Executed systemctl&lt;serv_mapper5&gt;, exit status 3
15:37:09 INFO  
15:37:09 INFO  Test duration: 165.48 secs
15:37:09 INFO  Test final outcome:  BLOCKED
15:37:09 INFO  Test outcome reason: SystemError: Timeout while waiting for status FAILED or SUCCESSFUL
15:37:09 INFO  
</system-out>
	</testcase>
</testsuite><testsuite name="SoftwareManagement.sm_apt_install_remove_multiple_mixed" tests="3" errors="0" failures="2" skipped="1" time="0"><testcase classname="PySysTest" name="SoftwareManagement.sm_apt_install_remove_multiple_mixed">
		<skipped message="SKIPPED: Testing the apt plugin is not supported on this platform.Use parameter -XmyPlatform='container' to enable it" />
		<system-out>14:32:28 INFO  ==============================================================
14:32:28 INFO  Id:    SoftwareManagement.sm_apt_install_remove_multiple_mixed
14:32:28 INFO  Dir:   software_management_end_to_end/
14:32:28 INFO  Title: Validate end to end behaviour for the apt plugin for multiple packages with mixed versions
14:32:28 INFO  ==============================================================
14:32:28 INFO  Testing the apt plugin is not supported on this platform.Use parameter -XmyPlatform='container' to enable it ... skipped
14:32:28 WARN  Aborted test due to SKIPPED outcome
14:32:28 INFO  
14:32:28 INFO  Test duration: 0.03 secs
14:32:28 INFO  Test final outcome:  SKIPPED
14:32:28 INFO  Test outcome reason: Testing the apt plugin is not supported on this platform.Use parameter -XmyPlatform='container' to enable it
14:32:28 INFO  
</system-out>
	</testcase>
<testcase classname="PySysTest" name="SoftwareManagement.sm_apt_install_remove_multiple_mixed">
		<failure message="BLOCKED: SystemError: Timeout while waiting for status SUCCESSFUL or False" type="BLOCKED" />
		<system-out>15:08:25 INFO  ==============================================================
15:08:25 INFO  Id:    SoftwareManagement.sm_apt_install_remove_multiple_mixed
15:08:25 INFO  Dir:   software_management_end_to_end/
15:08:25 INFO  Title: Validate end to end behaviour for the apt plugin for multiple packages with mixed versions
15:08:25 INFO  ==============================================================
15:08:25 INFO  Using sw id database: {'asciijump': '5475369', 'robotfindskitten': '5474869', 'squirrel3': '5475279', 'rolldice': '5152439', 'moon-buggy': '5439204', 'apple': '5495053', 'banana': '5494888', 'cherry': '5495382', 'watermelon': '5494510', 'registry': '8018911', 'hello-world': '8021526', 'docker/getting-started': '8021973', 'alpine': '7991792'}
15:08:25 INFO  EnvironmentC8y Setup
15:08:26 INFO  Executed systemctl&lt;serv_mapper1&gt;, exit status 3
15:08:26 INFO  Restarting mosquitto too frequently in the last 10 seconds. It was only up for 5 seconds
15:08:26 INFO  Delaying execution by 6 seconds
15:08:46 INFO  Executed sudo&lt;tedge_connect_c8y&gt;, exit status 0, duration 14 secs
15:08:47 INFO  Executed sudo&lt;tedge_connect_c8y_test&gt;, exit status 0
15:08:47 INFO  Executed systemctl&lt;serv_mosq2&gt;, exit status 0
15:08:48 INFO  Executed systemctl&lt;serv_mapper3&gt;, exit status 0
15:08:50 INFO  State of current operation: SUCCESSFUL
15:08:50 INFO  Assert that (False == value) with value=False ... passed
15:08:51 INFO  Assert that (False == value) with value=False ... passed
15:08:51 INFO  Assert that (False == value) with value=False ... passed
15:08:51 INFO  Assert that (False == value) with value=False ... passed
15:08:52 INFO  Assert that (False == value) with value=False ... passed
15:08:53 INFO  Response status: 201
15:08:53 INFO  Response to action: {
    "creationTime": "2022-04-27T15:08:53.309Z",
    "deviceName": "mythica",
    "deviceId": "17788049",
    "self": "https://t493319102.eu-latest.cumulocity.com/devicecontrol/operations/17799101",
    "id": "17799101",
    "status": "PENDING",
    "description": "Apply software changes, triggered from PySys: [{'action': 'install', 'id': '5475369', 'name': 'asciijump', 'url': ' ', 'version': '::apt'}, {'action': 'install', 'id': '5474869', 'name': 'robotfindskitten', 'url': ' ', 'version': ' '}, {'action': 'install', 'id': '5475279', 'name': 'squirrel3', 'url': ' ', 'version': '3.1-7::apt'}, {'action': 'install', 'id': '5152439', 'name': 'rolldice', 'url': ' ', 'version': '1.16-1+b1'}, {'action': 'install', 'id': '5439204', 'name': 'moon-buggy', 'url': ' ', 'version': '1:1.0.51-12'}, {'action': 'install', 'id': '5475369', 'name': 'asciijump', 'url': ' ', 'version': '::apt'}]",
    "c8y_SoftwareUpdate": [
        {
            "name": "asciijump",
            "action": "install",
            "id": "5475369",
            "version": "::apt",
            "url": " "
        },
        {
            "name": "robotfindskitten",
            "action": "install",
            "id": "5474869",
            "version": " ",
            "url": " "
        },
        {
            "name": "squirrel3",
            "action": "install",
            "id": "5475279",
            "version": "3.1-7::apt",
            "url": " "
        },
        {
            "name": "rolldice",
            "action": "install",
            "id": "5152439",
            "version": "1.16-1+b1",
            "url": " "
        },
        {
            "name": "moon-buggy",
            "action": "install",
            "id": "5439204",
            "version": "1:1.0.51-12",
            "url": " "
        },
        {
            "name": "asciijump",
            "action": "install",
            "id": "5475369",
            "version": "::apt",
            "url": " "
        }
    ]
}
15:08:53 INFO  Started operation: {'creationTime': '2022-04-27T15:08:53.309Z', 'deviceName': 'mythica', 'deviceId': '17788049', 'self': 'https://t493319102.eu-latest.cumulocity.com/devicecontrol/operations/17799101', 'id': '17799101', 'status': 'PENDING', 'description': "Apply software changes, triggered from PySys: [{'action': 'install', 'id': '5475369', 'name': 'asciijump', 'url': ' ', 'version': '::apt'}, {'action': 'install', 'id': '5474869', 'name': 'robotfindskitten', 'url': ' ', 'version': ' '}, {'action': 'install', 'id': '5475279', 'name': 'squirrel3', 'url': ' ', 'version': '3.1-7::apt'}, {'action': 'install', 'id': '5152439', 'name': 'rolldice', 'url': ' ', 'version': '1.16-1+b1'}, {'action': 'install', 'id': '5439204', 'name': 'moon-buggy', 'url': ' ', 'version': '1:1.0.51-12'}, {'action': 'install', 'id': '5475369', 'name': 'asciijump', 'url': ' ', 'version': '::apt'}]", 'c8y_SoftwareUpdate': [{'name': 'asciijump', 'action': 'install', 'id': '5475369', 'version': '::apt', 'url': ' '}, {'name': 'robotfindskitten', 'action': 'install', 'id': '5474869', 'version': ' ', 'url': ' '}, {'name': 'squirrel3', 'action': 'install', 'id': '5475279', 'version': '3.1-7::apt', 'url': ' '}, {'name': 'rolldice', 'action': 'install', 'id': '5152439', 'version': '1.16-1+b1', 'url': ' '}, {'name': 'moon-buggy', 'action': 'install', 'id': '5439204', 'version': '1:1.0.51-12', 'url': ' '}, {'name': 'asciijump', 'action': 'install', 'id': '5475369', 'version': '::apt', 'url': ' '}]}
15:08:55 INFO  State of operation 17799101 : PENDING
15:08:57 INFO  State of operation 17799101 : EXECUTING
15:09:00 INFO  State of operation 17799101 : EXECUTING
15:09:02 INFO  State of operation 17799101 : EXECUTING
15:09:04 INFO  State of operation 17799101 : EXECUTING
15:09:06 INFO  State of operation 17799101 : EXECUTING
15:09:09 INFO  State of operation 17799101 : EXECUTING
15:09:12 INFO  State of operation 17799101 : EXECUTING
15:09:14 INFO  State of operation 17799101 : EXECUTING
15:09:17 INFO  State of operation 17799101 : EXECUTING
15:09:19 INFO  State of operation 17799101 : EXECUTING
15:09:21 INFO  State of operation 17799101 : EXECUTING
15:09:23 INFO  State of operation 17799101 : EXECUTING
15:09:26 INFO  State of operation 17799101 : EXECUTING
15:09:28 INFO  State of operation 17799101 : EXECUTING
15:09:30 INFO  State of operation 17799101 : EXECUTING
15:09:33 INFO  State of operation 17799101 : EXECUTING
15:09:35 INFO  State of operation 17799101 : EXECUTING
15:09:38 INFO  State of operation 17799101 : EXECUTING
15:09:40 INFO  State of operation 17799101 : EXECUTING
15:09:42 INFO  State of operation 17799101 : EXECUTING
15:09:44 INFO  State of operation 17799101 : EXECUTING
15:09:47 INFO  State of operation 17799101 : EXECUTING
15:09:49 INFO  State of operation 17799101 : EXECUTING
15:09:52 INFO  State of operation 17799101 : EXECUTING
15:09:54 INFO  State of operation 17799101 : EXECUTING
15:09:57 INFO  State of operation 17799101 : EXECUTING
15:09:59 INFO  State of operation 17799101 : EXECUTING
15:10:02 INFO  State of operation 17799101 : EXECUTING
15:10:04 INFO  State of operation 17799101 : EXECUTING
15:10:06 INFO  State of operation 17799101 : EXECUTING
15:10:08 INFO  State of operation 17799101 : EXECUTING
15:10:11 INFO  State of operation 17799101 : EXECUTING
15:10:13 INFO  State of operation 17799101 : EXECUTING
15:10:15 INFO  State of operation 17799101 : EXECUTING
15:10:17 INFO  State of operation 17799101 : EXECUTING
15:10:19 INFO  State of operation 17799101 : EXECUTING
15:10:22 INFO  State of operation 17799101 : EXECUTING
15:10:25 INFO  State of operation 17799101 : EXECUTING
15:10:27 INFO  State of operation 17799101 : EXECUTING
15:10:29 INFO  State of operation 17799101 : EXECUTING
15:10:32 INFO  State of operation 17799101 : EXECUTING
15:10:34 INFO  State of operation 17799101 : EXECUTING
15:10:36 INFO  State of operation 17799101 : EXECUTING
15:10:39 INFO  State of operation 17799101 : EXECUTING
15:10:41 INFO  State of operation 17799101 : EXECUTING
15:10:43 INFO  State of operation 17799101 : EXECUTING
15:10:45 INFO  State of operation 17799101 : EXECUTING
15:10:48 INFO  State of operation 17799101 : EXECUTING
15:10:50 INFO  State of operation 17799101 : EXECUTING
15:10:53 INFO  State of operation 17799101 : EXECUTING
15:10:55 INFO  State of operation 17799101 : EXECUTING
15:10:58 INFO  State of operation 17799101 : EXECUTING
15:11:00 INFO  State of operation 17799101 : EXECUTING
15:11:02 INFO  State of operation 17799101 : EXECUTING
15:11:04 INFO  State of operation 17799101 : EXECUTING
15:11:07 INFO  State of operation 17799101 : EXECUTING
15:11:09 INFO  State of operation 17799101 : EXECUTING
15:11:12 INFO  State of operation 17799101 : EXECUTING
15:11:14 INFO  State of operation 17799101 : EXECUTING
15:11:17 INFO  State of operation 17799101 : EXECUTING
15:11:19 WARN  SystemError occurred while running test - Timeout while waiting for status SUCCESSFUL or False
Traceback (most recent call last):
  File "/home/pi/env-pysys/lib/python3.7/site-packages/pysys/baserunner.py", line 1294, in __call__
    self.testObj.execute()
  File "/home/pi/actions-runner/_work/thin-edge.io/thin-edge.io/tests/PySys/software_management_end_to_end/sm_apt_install_remove_multiple_mixed/run.py", line 89, in execute
    self.wait_until_succcess()
  File "/home/pi/actions-runner/_work/thin-edge.io/thin-edge.io/tests/PySys/software_management_end_to_end/environment_sm_management.py", line 324, in wait_until_succcess
    self.wait_until_status("SUCCESSFUL")
  File "/home/pi/actions-runner/_work/thin-edge.io/thin-edge.io/tests/PySys/software_management_end_to_end/environment_sm_management.py", line 381, in wait_until_status
    "Timeout while waiting for status %s or %s" % (status, status2)
SystemError: Timeout while waiting for status SUCCESSFUL or False
15:11:19 WARN  SystemError: Timeout while waiting for status SUCCESSFUL or False ... blocked 
15:11:19 INFO  
15:11:19 INFO  cleanup:
15:11:26 INFO  Executed sudo&lt;tedge_disconnect_c8y&gt;, exit status 0
15:11:27 INFO  Executed systemctl&lt;serv_mapper5&gt;, exit status 3
15:11:27 INFO  
15:11:27 INFO  Test duration: 181.59 secs
15:11:27 INFO  Test final outcome:  BLOCKED
15:11:27 INFO  Test outcome reason: SystemError: Timeout while waiting for status SUCCESSFUL or False
15:11:27 INFO  
</system-out>
	</testcase>
<testcase classname="PySysTest" name="SoftwareManagement.sm_apt_install_remove_multiple_mixed">
		<failure message="BLOCKED: SystemError: Timeout while waiting for status FAILED or SUCCESSFUL" type="BLOCKED" />
		<system-out>15:37:09 INFO  ==============================================================
15:37:09 INFO  Id:    SoftwareManagement.sm_apt_install_remove_multiple_mixed
15:37:09 INFO  Dir:   software_management_end_to_end/
15:37:09 INFO  Title: Validate end to end behaviour for the apt plugin for multiple packages with mixed versions
15:37:09 INFO  ==============================================================
15:37:09 INFO  Using sw id database: {'asciijump': '5475369', 'robotfindskitten': '5474869', 'squirrel3': '5475279', 'rolldice': '5152439', 'moon-buggy': '5439204', 'apple': '5495053', 'banana': '5494888', 'cherry': '5495382', 'watermelon': '5494510', 'registry': '8018911', 'hello-world': '8021526', 'docker/getting-started': '8021973', 'alpine': '7991792'}
15:37:09 INFO  EnvironmentC8y Setup
15:37:10 INFO  Executed systemctl&lt;serv_mapper1&gt;, exit status 3
15:37:10 INFO  Restarting mosquitto too frequently in the last 10 seconds. It was only up for 5 seconds
15:37:10 INFO  Delaying execution by 6 seconds
15:37:30 INFO  Executed sudo&lt;tedge_connect_c8y&gt;, exit status 0, duration 14 secs
15:37:30 INFO  Executed sudo&lt;tedge_connect_c8y_test&gt;, exit status 0
15:37:31 INFO  Executed systemctl&lt;serv_mosq2&gt;, exit status 0
15:37:32 INFO  Executed systemctl&lt;serv_mapper3&gt;, exit status 0
15:37:34 INFO  State of current operation: PENDING
15:37:36 INFO  State of current operation: PENDING
15:37:39 INFO  State of current operation: PENDING
15:37:41 INFO  State of current operation: PENDING
15:37:43 INFO  State of current operation: PENDING
15:37:45 INFO  State of current operation: PENDING
15:37:48 INFO  State of current operation: PENDING
15:37:50 INFO  State of current operation: PENDING
15:37:52 INFO  State of current operation: PENDING
15:37:54 INFO  State of current operation: PENDING
15:37:56 INFO  State of current operation: PENDING
15:37:59 INFO  State of current operation: PENDING
15:38:01 INFO  State of current operation: PENDING
15:38:03 INFO  State of current operation: PENDING
15:38:05 INFO  State of current operation: PENDING
15:38:08 INFO  State of current operation: PENDING
15:38:10 INFO  State of current operation: PENDING
15:38:12 INFO  State of current operation: PENDING
15:38:14 INFO  State of current operation: PENDING
15:38:16 INFO  State of current operation: PENDING
15:38:19 INFO  State of current operation: PENDING
15:38:21 INFO  State of current operation: PENDING
15:38:23 INFO  State of current operation: PENDING
15:38:25 INFO  State of current operation: PENDING
15:38:28 INFO  State of current operation: PENDING
15:38:30 INFO  State of current operation: PENDING
15:38:32 INFO  State of current operation: PENDING
15:38:34 INFO  State of current operation: PENDING
15:38:36 INFO  State of current operation: PENDING
15:38:39 INFO  State of current operation: PENDING
15:38:41 INFO  State of current operation: PENDING
15:38:43 INFO  State of current operation: PENDING
15:38:45 INFO  State of current operation: PENDING
15:38:48 INFO  State of current operation: PENDING
15:38:50 INFO  State of current operation: PENDING
15:38:52 INFO  State of current operation: PENDING
15:38:54 INFO  State of current operation: PENDING
15:38:56 INFO  State of current operation: PENDING
15:38:59 INFO  State of current operation: PENDING
15:39:01 INFO  State of current operation: PENDING
15:39:03 INFO  State of current operation: PENDING
15:39:05 INFO  State of current operation: PENDING
15:39:08 INFO  State of current operation: PENDING
15:39:10 INFO  State of current operation: PENDING
15:39:12 INFO  State of current operation: PENDING
15:39:14 INFO  State of current operation: PENDING
15:39:16 INFO  State of current operation: PENDING
15:39:19 INFO  State of current operation: PENDING
15:39:21 INFO  State of current operation: PENDING
15:39:23 INFO  State of current operation: PENDING
15:39:25 INFO  State of current operation: PENDING
15:39:28 INFO  State of current operation: PENDING
15:39:30 INFO  State of current operation: PENDING
15:39:32 INFO  State of current operation: PENDING
15:39:34 INFO  State of current operation: PENDING
15:39:36 INFO  State of current operation: PENDING
15:39:39 INFO  State of current operation: PENDING
15:39:41 INFO  State of current operation: PENDING
15:39:43 INFO  State of current operation: PENDING
[...]
14:22:47 INFO  
14:22:47 INFO  Test duration: 0.02 secs
14:22:47 INFO  Test final outcome:  SKIPPED
14:22:47 INFO  Test outcome reason: Testing the docker plugin is not supported on this platform.To run it, all the test with -XmyPlatform='container'
14:22:47 INFO  
</system-out>
	</testcase>
<testcase classname="DockerPluginRemoveWithVersionTest" name="docker_plugin_remove_with_version" />
</testsuite><testsuite name="docker_plugin_update" tests="2" errors="0" failures="0" skipped="1" time="0"><testcase classname="DockerPluginUpdateTest" name="docker_plugin_update">
		<skipped message="SKIPPED: Testing the docker plugin is not supported on this platform.To run it, all the test with -XmyPlatform='container'" />
		<system-out>14:22:47 INFO  ==============================================================
14:22:47 INFO  Id:    docker_plugin_update
14:22:47 INFO  Dir:   plugin_docker/
14:22:47 INFO  Title: Validate docker plugin install updates existing containers
14:22:47 INFO  ==============================================================
14:22:47 INFO  Testing the docker plugin is not supported on this platform.To run it, all the test with -XmyPlatform='container' ... skipped
14:22:47 WARN  Aborted test due to SKIPPED outcome
14:22:47 INFO  
14:22:47 INFO  Test duration: 0.02 secs
14:22:47 INFO  Test final outcome:  SKIPPED
14:22:47 INFO  Test outcome reason: Testing the docker plugin is not supported on this platform.To run it, all the test with -XmyPlatform='container'
14:22:47 INFO  
</system-out>
	</testcase>
<testcase classname="DockerPluginUpdateTest" name="docker_plugin_update" />
</testsuite><testsuite name="invalid_device_id" tests="1" errors="0" failures="0" skipped="0" time="0"><testcase classname="InvalidDeviceId" name="invalid_device_id" />
</testsuite><testsuite name="local_mqtt_pub_fail_noqos" tests="1" errors="0" failures="0" skipped="0" time="0"><testcase classname="PySysTest" name="local_mqtt_pub_fail_noqos" />
</testsuite><testsuite name="local_mqtt_pub_fail_qos0" tests="1" errors="0" failures="0" skipped="0" time="0"><testcase classname="PySysTest" name="local_mqtt_pub_fail_qos0" />
</testsuite><testsuite name="local_mqtt_pub_fail_qos1" tests="1" errors="0" failures="0" skipped="0" time="0"><testcase classname="PySysTest" name="local_mqtt_pub_fail_qos1" />
</testsuite><testsuite name="local_mqtt_pub_fail_qos2" tests="1" errors="0" failures="0" skipped="0" time="0"><testcase classname="PySysTest" name="local_mqtt_pub_fail_qos2" />
</testsuite><testsuite name="local_mqtt_pub_sub" tests="1" errors="0" failures="0" skipped="0" time="0"><testcase classname="PySysTest" name="local_mqtt_pub_sub" />
</testsuite><testsuite name="local_mqtt_pub_sub_retain" tests="1" errors="0" failures="0" skipped="0" time="0"><testcase classname="MqttPublishWithRetain" name="local_mqtt_pub_sub_retain" />
</testsuite><testsuite name="local_mqtt_pub_sub_with_sudo" tests="1" errors="0" failures="0" skipped="0" time="0"><testcase classname="PySysTest" name="local_mqtt_pub_sub_with_sudo" />
</testsuite><testsuite name="local_mqtt_sub_fail" tests="1" errors="0" failures="0" skipped="0" time="0"><testcase classname="PySysTest" name="local_mqtt_sub_fail" />
</testsuite><testsuite name="log_request_error_messages" tests="1" errors="0" failures="1" skipped="0" time="0"><testcase classname="LogRequestVerifySearchTextError" name="log_request_error_messages">
		<failure message="FAILED: Assert that (True == value) with value=False" type="FAILED" />
		<system-out>14:20:00 INFO  ==============================================================
14:20:00 INFO  Id:    log_request_error_messages
14:20:00 INFO  Dir:   log_request_end_to_end/
14:20:00 INFO  Title: Validate end to end behaviour for the log request operation check for error messages
14:20:00 INFO  ==============================================================
14:20:02 INFO  EnvironmentC8y Setup
14:20:03 INFO  Executed systemctl&lt;serv_mapper1&gt;, exit status 3
14:20:03 INFO  Restarting mosquitto too frequently in the last 10 seconds. It was only up for 2 seconds
14:20:03 INFO  Delaying execution by 9 seconds
14:20:26 INFO  Executed sudo&lt;tedge_connect_c8y&gt;, exit status 0, duration 14 secs
14:20:27 INFO  Executed sudo&lt;tedge_connect_c8y_test&gt;, exit status 0
14:20:27 INFO  Executed systemctl&lt;serv_mosq2&gt;, exit status 0
14:20:28 INFO  Executed systemctl&lt;serv_mapper3&gt;, exit status 0
14:20:28 INFO  Executed sudo&lt;rm_logs&gt;, exit status 0
14:20:29 INFO  Executed sudo&lt;move_logs&gt;, exit status 0
14:20:30 INFO  log response None
14:20:30 WARN  retry, retrying in 1 seconds...
14:20:31 INFO  log response https://thin-edge-io.eu-latest.cumulocity.com/event/events/17789161/binaries
14:20:32 WARN  Assert that (True == value) with value=False ... failed [run.py:43]
14:20:32 INFO  
14:20:32 INFO  cleanup:
14:20:32 INFO  Executed sudo&lt;rm_logs&gt;, exit status 0
14:20:33 INFO  Executed sudo&lt;rm_tmp_logs&gt;, exit status 0
14:20:33 INFO  Executed sudo&lt;send_failed&gt;, exit status 0
14:20:37 INFO  Executed sudo&lt;tedge_disconnect_c8y&gt;, exit status 0
14:20:38 INFO  Executed systemctl&lt;serv_mapper5&gt;, exit status 3
14:20:38 INFO  
14:20:38 INFO  Test duration: 37.44 secs
14:20:38 INFO  Test final outcome:  FAILED
14:20:38 INFO  Test outcome reason: Assert that (True == value) with value=False
14:20:38 INFO  
</system-out>
	</testcase>
</testsuite><testsuite name="log_request_num_lines" tests="1" errors="0" failures="1" skipped="0" time="0"><testcase classname="LogRequestVerifyNumberOfLines" name="log_request_num_lines">
		<failure message="FAILED: Assert that (True == value) with value=False" type="FAILED" />
		<system-out>14:20:38 INFO  ==============================================================
14:20:38 INFO  Id:    log_request_num_lines
14:20:38 INFO  Dir:   log_request_end_to_end/
14:20:38 INFO  Title: Validate end to end behaviour for the log request operation check for number of lines
14:20:38 INFO  ==============================================================
14:20:38 INFO  EnvironmentC8y Setup
14:20:38 INFO  Executed systemctl&lt;serv_mapper1&gt;, exit status 3
14:20:39 INFO  Restarting mosquitto too frequently in the last 10 seconds. It was only up for 5 seconds
14:20:39 INFO  Delaying execution by 6 seconds
14:20:59 INFO  Executed sudo&lt;tedge_connect_c8y&gt;, exit status 0, duration 14 secs
14:21:00 INFO  Executed sudo&lt;tedge_connect_c8y_test&gt;, exit status 0
14:21:00 INFO  Executed systemctl&lt;serv_mosq2&gt;, exit status 0
14:21:01 INFO  Executed systemctl&lt;serv_mapper3&gt;, exit status 0
14:21:02 INFO  Executed sudo&lt;rm_logs&gt;, exit status 0
14:21:02 INFO  Executed sudo&lt;move_logs&gt;, exit status 0
14:21:03 INFO  log response None
14:21:03 WARN  retry, retrying in 1 seconds...
14:21:04 INFO  log response https://thin-edge-io.eu-latest.cumulocity.com/event/events/17779900/binaries
14:21:04 INFO  nlines 0
14:21:04 WARN  Assert that (True == value) with value=False ... failed [run.py:44]
14:21:04 INFO  
14:21:04 INFO  cleanup:
14:21:05 INFO  Executed sudo&lt;rm_logs&gt;, exit status 0
14:21:05 INFO  Executed sudo&lt;rm_tmp_logs&gt;, exit status 0
14:21:06 INFO  Executed sudo&lt;send_failed&gt;, exit status 0
14:21:10 INFO  Executed sudo&lt;tedge_disconnect_c8y&gt;, exit status 0
14:21:10 INFO  Executed systemctl&lt;serv_mapper5&gt;, exit status 3
14:21:10 INFO  
14:21:10 INFO  Test duration: 32.37 secs
14:21:10 INFO  Test final outcome:  FAILED
14:21:10 INFO  Test outcome reason: Assert that (True == value) with value=False
14:21:10 INFO  
</system-out>
	</testcase>
</testsuite><testsuite name="mapper_awaits_before_reconnect" tests="1" errors="0" failures="0" skipped="0" time="0"><testcase classname="MapperReconnectAwait" name="mapper_awaits_before_reconnect" />
</testsuite><testsuite name="monitoring_smaller_interval" tests="1" errors="0" failures="0" skipped="1" time="0"><testcase classname="MonitoringSmallInterval" name="monitoring_smaller_interval">
		<skipped message="SKIPPED: Fails due to retained message" />
		<system-out>14:22:42 INFO  ==============================================================
14:22:42 INFO  Id:    monitoring_smaller_interval
14:22:42 INFO  Dir:   monitoring/
14:22:42 INFO  Title: Validate the tedge dm agent messages that are produced with smaller sampling interval than the batching window. Here the simulated collectd messages are used
14:22:42 INFO  ==============================================================
14:22:42 INFO  Fails due to retained message ... skipped
14:22:42 INFO  
14:22:42 INFO  Test duration: 0.04 secs
14:22:42 INFO  Test final outcome:  SKIPPED
14:22:42 INFO  Test outcome reason: Fails due to retained message
14:22:42 INFO  
</system-out>
	</testcase>
</testsuite><testsuite name="monitoring_with_collectd" tests="1" errors="0" failures="0" skipped="1" time="0"><testcase classname="MonitoringWithCollectd" name="monitoring_with_collectd">
		<skipped message="SKIPPED: Test execution disabled due to #792 (instable)" />
		<system-out>14:22:42 INFO  ==============================================================
14:22:42 INFO  Id:    monitoring_with_collectd
14:22:42 INFO  Dir:   monitoring/
14:22:42 INFO  Title: Validate tedge dm agent messages that are produced by batching the collectd messages
14:22:42 INFO  ==============================================================
14:22:42 INFO  Test execution disabled due to #792 (instable) ... skipped
14:22:42 INFO  
14:22:42 INFO  Test duration: 0.02 secs
14:22:42 INFO  Test final outcome:  SKIPPED
14:22:42 INFO  Test outcome reason: Test execution disabled due to #792 (instable)
14:22:42 INFO  
</system-out>
	</testcase>
</testsuite><testsuite name="monitoring_with_simulated_messages" tests="1" errors="0" failures="0" skipped="1" time="0"><testcase classname="MonitoringWithSimulatedMessages" name="monitoring_with_simulated_messages">
		<skipped message="SKIPPED: Fails due to retained message" />
		<system-out>14:22:42 INFO  ==============================================================
14:22:42 INFO  Id:    monitoring_with_simulated_messages
14:22:42 INFO  Dir:   monitoring/
14:22:42 INFO  Title: Validate the tedge dm agent messages that are produced from the simulated collectd messages
14:22:42 INFO  ==============================================================
14:22:42 INFO  Fails due to retained message ... skipped
14:22:42 INFO  
14:22:42 INFO  Test duration: 0.02 secs
14:22:42 INFO  Test final outcome:  SKIPPED
14:22:42 INFO  Test outcome reason: Fails due to retained message
14:22:42 INFO  
</system-out>
	</testcase>
</testsuite><testsuite name="mqtt_port_change_connection_fails" tests="1" errors="0" failures="0" skipped="0" time="0"><testcase classname="MqttPortChangeConnectionFails" name="mqtt_port_change_connection_fails" />
</testsuite><testsuite name="mqtt_port_change_connection_works" tests="1" errors="0" failures="0" skipped="1" time="0"><testcase classname="MqttPortChangeConnectionWorks" name="mqtt_port_change_connection_works">
		<skipped message="SKIPPED: failing intermitently" />
		<system-out>14:21:46 INFO  ==============================================================
14:21:46 INFO  Id:    mqtt_port_change_connection_works
14:21:46 INFO  Dir:   misc_features/
14:21:46 INFO  Title: mqtt port change connection works for all the thin-edge services that use the mosquitto broker
14:21:46 INFO  ==============================================================
14:21:46 INFO  failing intermitently ... skipped
14:21:46 INFO  
14:21:46 INFO  Test duration: 0.04 secs
14:21:46 INFO  Test final outcome:  SKIPPED
14:21:46 INFO  Test outcome reason: failing intermitently
14:21:46 INFO  
</system-out>
	</testcase>
</testsuite><testsuite name="mqtt_port_set" tests="1" errors="0" failures="0" skipped="0" time="0"><testcase classname="MqttPortSet" name="mqtt_port_set" />
</testsuite><testsuite name="mqtt_port_unset" tests="1" errors="0" failures="0" skipped="0" time="0"><testcase classname="MqttPortUnSet" name="mqtt_port_unset" />
</testsuite><testsuite name="publish_flux" tests="1" errors="0" failures="0" skipped="0" time="0"><testcase classname="PublishFlux" name="publish_flux" />
</testsuite><testsuite name="publish_sawmill" tests="1" errors="0" failures="0" skipped="0" time="0"><testcase classname="PublishSawmill" name="publish_sawmill" />
</testsuite><testsuite name="pysys_block" tests="1" errors="0" failures="0" skipped="1" time="0"><testcase classname="Fail" name="pysys_block">
		<skipped message="SKIPPED: Enable this to observe a blocking test" />
		<system-out>14:22:09 INFO  ==============================================================
14:22:09 INFO  Id:    pysys_block
14:22:09 INFO  Dir:   misc_features/
14:22:09 INFO  Title: fail
14:22:09 INFO  ==============================================================
14:22:09 INFO  Enable this to observe a blocking test ... skipped
14:22:09 INFO  
14:22:09 INFO  Test duration: 0.02 secs
14:22:09 INFO  Test final outcome:  SKIPPED
14:22:09 INFO  Test outcome reason: Enable this to observe a blocking test
14:22:09 INFO  
</system-out>
	</testcase>
</testsuite><testsuite name="pysys_fail" tests="1" errors="0" failures="0" skipped="1" time="0"><testcase classname="Fail" name="pysys_fail">
		<skipped message="SKIPPED: Enable this to observe a failing test" />
		<system-out>14:22:09 INFO  ==============================================================
14:22:09 INFO  Id:    pysys_fail
14:22:09 INFO  Dir:   misc_features/
14:22:09 INFO  Title: fail
14:22:09 INFO  ==============================================================
14:22:09 INFO  Enable this to observe a failing test ... skipped
14:22:09 INFO  
14:22:09 INFO  Test duration: 0.02 secs
14:22:09 INFO  Test final outcome:  SKIPPED
14:22:09 INFO  Test outcome reason: Enable this to observe a failing test
14:22:09 INFO  
</system-out>
	</testcase>
</testsuite><testsuite name="runtime_start_two_mappers" tests="1" errors="0" failures="1" skipped="0" time="0"><testcase classname="RuntimeMultiMappers" name="runtime_start_two_mappers">
		<failure message="FAILED: Grep on tedge_mapper2.err contains &quot;Error: Couldn't acquire file lock.&quot;" type="FAILED" />
		<system-out>14:36:07 INFO  ==============================================================
14:36:07 INFO  Id:    runtime_start_two_mappers
14:36:07 INFO  Dir:   tedge_mapper_c8y/
14:36:07 INFO  Title: Validate two mappers can't be started at the same time
14:36:07 INFO  ==============================================================
14:36:07 INFO  Executed sudo&lt;tedge_mapper1&gt;, exit status 0
14:36:07 INFO  Waiting for 0.1 seconds
14:36:08 INFO  Executed sudo&lt;tedge_mapper2&gt;, exit status 1
14:36:09 INFO  Executed sudo&lt;tedge_mapper1&gt;, exit status 0
14:36:09 WARN  Grep on tedge_mapper2.err contains "Error: Couldn't acquire file lock." ... failed [run.py:46]
14:36:09 INFO  
14:36:09 INFO  Test duration: 1.79 secs
14:36:09 INFO  Test final outcome:  FAILED
14:36:09 INFO  Test outcome reason: Grep on tedge_mapper2.err contains "Error: Couldn't acquire file lock."
14:36:09 INFO  
</system-out>
	</testcase>
</testsuite><testsuite name="sm_tedge_mapper_init_session" tests="1" errors="0" failures="0" skipped="0" time="0"><testcase classname="TedgeSMMapperInitSession" name="sm_tedge_mapper_init_session" />
</testsuite><testsuite name="smoketest_json" tests="1" errors="0" failures="0" skipped="0" time="0"><testcase classname="SmokeTestJson" name="smoketest_json" />
</testsuite><testsuite name="smoketest_json_400_samples_10ms" tests="1" errors="0" failures="0" skipped="0" time="0"><testcase classname="SmoketestJson400Samples10ms" name="smoketest_json_400_samples_10ms" />
</testsuite><testsuite name="smoketest_json_400_samples_20ms" tests="1" errors="0" failures="0" skipped="0" time="0"><testcase classname="SmoketestJson400Samples20ms" name="smoketest_json_400_samples_20ms" />
</testsuite><testsuite name="smoketest_smartrest" tests="1" errors="0" failures="0" skipped="0" time="0"><testcase classname="SmoketestSmartRest" name="smoketest_smartrest" />
</testsuite><testsuite name="smoketest_smartrest_400_samples_1Xms" tests="1" errors="0" failures="0" skipped="0" time="0"><testcase classname="SmoketestSmartRest400Samples1Xms" name="smoketest_smartrest_400_samples_1Xms" />
</testsuite><testsuite name="smoketest_smartrest_400_samples_20ms" tests="1" errors="0" failures="0" skipped="0" time="0"><testcase classname="SmoketestSmartRest400Samples20ms" name="smoketest_smartrest_400_samples_20ms" />
</testsuite><testsuite name="tedge_agent_user_sudo_access" tests="1" errors="0" failures="0" skipped="1" time="0"><testcase classname="TedgeAgentUserSudoAccess" name="tedge_agent_user_sudo_access">
		<skipped message="SKIPPED: #955 Observation: Exit code of the apt plugin when called with no arguments" />
		<system-out>14:32:54 INFO  ==============================================================
14:32:54 INFO  Id:    tedge_agent_user_sudo_access
14:32:54 INFO  Dir:   tedge/
14:32:54 INFO  Title: Validate tedge-agent user has a limited sudo right
14:32:54 INFO  ==============================================================
14:32:54 INFO  #955 Observation: Exit code of the apt plugin when called with no arguments ... skipped
14:32:54 INFO  
14:32:54 INFO  Test duration: 0.03 secs
14:32:54 INFO  Test final outcome:  SKIPPED
14:32:54 INFO  Test outcome reason: #955 Observation: Exit code of the apt plugin when called with no arguments
14:32:54 INFO  
</system-out>
	</testcase>
</testsuite><testsuite name="tedge_connect_test_negative" tests="1" errors="0" failures="0" skipped="0" time="0"><testcase classname="TedgeConnectTestNegative" name="tedge_connect_test_negative" />
</testsuite><testsuite name="tedge_connect_test_positive" tests="1" errors="0" failures="0" skipped="0" time="0"><testcase classname="TedgeConnectTestPositive" name="tedge_connect_test_positive" />
</testsuite><testsuite name="tedge_connect_test_sm_services" tests="1" errors="0" failures="0" skipped="0" time="0"><testcase classname="TedgeConnectTestSMServices" name="tedge_connect_test_sm_services" />
</testsuite><testsuite name="tedge_disconnect_test_sm_services" tests="1" errors="0" failures="0" skipped="0" time="0"><testcase classname="TedgeDisConnectTestSMServices" name="tedge_disconnect_test_sm_services" />
</testsuite><testsuite name="tedge_mapper_az_negative" tests="1" errors="0" failures="0" skipped="0" time="0"><testcase classname="TedgeMapperAzError" name="tedge_mapper_az_negative" />
</testsuite><testsuite name="tedge_mapper_az_with_timestamp" tests="1" errors="0" failures="0" skipped="0" time="0"><testcase classname="TedgeMapperAzWithTimestamp" name="tedge_mapper_az_with_timestamp" />
</testsuite><testsuite name="tedge_mapper_az_without_timestamp" tests="1" errors="0" failures="0" skipped="0" time="0"><testcase classname="TedgeMapperAzWithoutTimestamp" name="tedge_mapper_az_without_timestamp" />
</testsuite><testsuite name="tedge_mapper_c8y_alarms" tests="1" errors="0" failures="0" skipped="0" time="0"><testcase classname="TedgeMapperC8yAlarm" name="tedge_mapper_c8y_alarms" />
</testsuite><testsuite name="tedge_mapper_c8y_child_device_measurement" tests="1" errors="0" failures="0" skipped="0" time="0"><testcase classname="TedgeMapperC8yChildDevice" name="tedge_mapper_c8y_child_device_measurement" />
</testsuite><testsuite name="tedge_mapper_c8y_packet_threshold_size" tests="1" errors="0" failures="0" skipped="0" time="0"><testcase classname="TedgeMapperC8yThresholdPacketSize" name="tedge_mapper_c8y_packet_threshold_size" />
</testsuite><testsuite name="tedge_software_update" tests="1" errors="0" failures="0" skipped="0" time="0"><testcase classname="PySysTest" name="tedge_software_update" />
</testsuite><testsuite name="valid_device_id" tests="1" errors="0" failures="0" skipped="0" time="0"><testcase classname="ValidateValidDeviceId" name="valid_device_id" />
</testsuite></testsuites>