<?xml version='1.0' encoding='utf-8'?>
<testsuites tests="149" failures="15" errors="0" skipped="49" time="0.0"><testsuite name="SoftwareManagement.Plugin.apama_plugin_install" tests="3" errors="0" failures="0" skipped="1" time="0"><testcase classname="ApamaPluginInstallTest" name="SoftwareManagement.Plugin.apama_plugin_install">
		<skipped message="SKIPPED: Apama plugin tests are disabled by default. Execute `pysys run` with `-XmyPlatform=container` to run these tests" />
		<system-out>15:28:30 INFO  ==============================================================
15:28:30 INFO  Id:    SoftwareManagement.Plugin.apama_plugin_install
15:28:30 INFO  Dir:   plugin_apama/
15:28:30 INFO  Title: Validate apama plugin install
15:28:30 INFO  ==============================================================
15:28:30 INFO  Apama plugin tests are disabled by default. Execute `pysys run` with `-XmyPlatform=container` to run these tests ... skipped
15:28:30 WARN  Aborted test due to SKIPPED outcome
15:28:30 INFO  
15:28:30 INFO  Test duration: 0.05 secs
15:28:30 INFO  Test final outcome:  SKIPPED
15:28:30 INFO  Test outcome reason: Apama plugin tests are disabled by default. Execute `pysys run` with `-XmyPlatform=container` to run these tests
15:28:30 INFO  
</system-out>
	</testcase>
<testcase classname="ApamaPluginInstallTest" name="SoftwareManagement.Plugin.apama_plugin_install" />
<testcase classname="ApamaPluginInstallTest" name="SoftwareManagement.Plugin.apama_plugin_install" />
</testsuite><testsuite name="SoftwareManagement.Plugin.apama_plugin_mon_support" tests="3" errors="0" failures="0" skipped="1" time="0"><testcase classname="ApamaPluginMonSupportTest" name="SoftwareManagement.Plugin.apama_plugin_mon_support">
		<skipped message="SKIPPED: Apama plugin tests are disabled by default. Execute `pysys run` with `-XmyPlatform=container` to run these tests" />
		<system-out>15:28:30 INFO  ==============================================================
15:28:30 INFO  Id:    SoftwareManagement.Plugin.apama_plugin_mon_support
15:28:30 INFO  Dir:   plugin_apama/
15:28:30 INFO  Title: Validate mon file support of apama plugin
15:28:30 INFO  ==============================================================
15:28:30 INFO  Apama plugin tests are disabled by default. Execute `pysys run` with `-XmyPlatform=container` to run these tests ... skipped
15:28:30 WARN  Aborted test due to SKIPPED outcome
15:28:30 INFO  
15:28:30 INFO  Test duration: 0.02 secs
15:28:30 INFO  Test final outcome:  SKIPPED
15:28:30 INFO  Test outcome reason: Apama plugin tests are disabled by default. Execute `pysys run` with `-XmyPlatform=container` to run these tests
15:28:30 INFO  
</system-out>
	</testcase>
<testcase classname="ApamaPluginMonSupportTest" name="SoftwareManagement.Plugin.apama_plugin_mon_support" />
<testcase classname="ApamaPluginMonSupportTest" name="SoftwareManagement.Plugin.apama_plugin_mon_support" />
</testsuite><testsuite name="SoftwareManagement.Plugin.apama_plugin_remove" tests="3" errors="0" failures="0" skipped="1" time="0"><testcase classname="ApamaPluginRemoveTest" name="SoftwareManagement.Plugin.apama_plugin_remove">
		<skipped message="SKIPPED: Apama plugin tests are disabled by default. Execute `pysys run` with `-XmyPlatform=container` to run these tests" />
		<system-out>15:28:30 INFO  ==============================================================
15:28:30 INFO  Id:    SoftwareManagement.Plugin.apama_plugin_remove
15:28:30 INFO  Dir:   plugin_apama/
15:28:30 INFO  Title: Validate apama plugin remove
15:28:30 INFO  ==============================================================
15:28:30 INFO  Apama plugin tests are disabled by default. Execute `pysys run` with `-XmyPlatform=container` to run these tests ... skipped
15:28:30 WARN  Aborted test due to SKIPPED outcome
15:28:30 INFO  
15:28:30 INFO  Test duration: 0.02 secs
15:28:30 INFO  Test final outcome:  SKIPPED
15:28:30 INFO  Test outcome reason: Apama plugin tests are disabled by default. Execute `pysys run` with `-XmyPlatform=container` to run these tests
15:28:30 INFO  
</system-out>
	</testcase>
<testcase classname="ApamaPluginRemoveTest" name="SoftwareManagement.Plugin.apama_plugin_remove" />
<testcase classname="ApamaPluginRemoveTest" name="SoftwareManagement.Plugin.apama_plugin_remove" />
</testsuite><testsuite name="SoftwareManagement.Plugin.apama_plugin_update" tests="3" errors="0" failures="2" skipped="1" time="0"><testcase classname="ApamaPluginUpdateTest" name="SoftwareManagement.Plugin.apama_plugin_update">
		<skipped message="SKIPPED: Apama plugin tests are disabled by default. Execute `pysys run` with `-XmyPlatform=container` to run these tests" />
		<system-out>15:28:30 INFO  ==============================================================
15:28:30 INFO  Id:    SoftwareManagement.Plugin.apama_plugin_update
15:28:30 INFO  Dir:   plugin_apama/
15:28:30 INFO  Title: Validate apama plugin updating one project with another
15:28:30 INFO  ==============================================================
15:28:30 INFO  Apama plugin tests are disabled by default. Execute `pysys run` with `-XmyPlatform=container` to run these tests ... skipped
15:28:30 WARN  Aborted test due to SKIPPED outcome
15:28:30 INFO  
15:28:30 INFO  Test duration: 0.04 secs
15:28:30 INFO  Test final outcome:  SKIPPED
15:28:30 INFO  Test outcome reason: Apama plugin tests are disabled by default. Execute `pysys run` with `-XmyPlatform=container` to run these tests
15:28:30 INFO  
</system-out>
	</testcase>
<testcase classname="ApamaPluginUpdateTest" name="SoftwareManagement.Plugin.apama_plugin_update">
		<failure message="BLOCKED: sudo&lt;plugin_install&gt; returned non-zero exit code 2" type="BLOCKED" />
		<system-out>16:20:04 INFO  ==============================================================
16:20:04 INFO  Id:    SoftwareManagement.Plugin.apama_plugin_update
16:20:04 INFO  Dir:   plugin_apama/
16:20:04 INFO  Title: Validate apama plugin updating one project with another
16:20:04 INFO  ==============================================================
16:20:04 INFO  Assertion that path exists=False for "/etc/tedge/apama/project" ... passed
16:20:05 INFO  Executed sudo&lt;create_project_dir&gt;, exit status 0
16:20:05 INFO  Executed sudo&lt;unzip_apama_project&gt;, exit status 0
16:20:06 INFO  Executed sudo&lt;move_apama_project&gt;, exit status 0
16:20:07 INFO  Executed sudo&lt;restart_apama_service&gt;, exit status 0
16:20:07 INFO  Executed sudo&lt;apama_correlator_wait&gt;, exit status 0
16:20:07 INFO  Assertion that path exists=True for "/etc/tedge/apama/project" ... passed
16:20:09 INFO  Executed sudo&lt;apama_list_monitors&gt;, exit status 0
16:20:09 INFO  Grep on file /home/pi/actions-runner/_work/thin-edge.io/thin-edge.io/tests/PySys/plugin_apama/apama_plugin_update/Output/linux/apama_list_monitors.out ... passed
16:20:09 WARN  Executed sudo&lt;plugin_install&gt;, exit status 2
16:20:09 INFO  Contents of plugin_install.err: 
  ERROR: Directory not empty (os error 39)
  -----

16:20:10 WARN  sudo&lt;plugin_install&gt; returned non-zero exit code 2 ... blocked [run.py:35]
16:20:10 WARN  Aborted test due to BLOCKED outcome
16:20:10 INFO  
16:20:10 INFO  cleanup:
16:20:10 INFO  Removing apama project
16:20:27 INFO  Executed sudo&lt;stop_apama_service&gt;, exit status 0, duration 17 secs
16:20:27 INFO  Executed sudo&lt;remove_apama_project&gt;, exit status 0
16:20:28 INFO  Executed sudo&lt;remove_apama_tmp_dir&gt;, exit status 0
16:20:28 INFO  
16:20:28 INFO  Test duration: 23.68 secs
16:20:28 INFO  Test final outcome:  BLOCKED
16:20:28 INFO  Test outcome reason: sudo&lt;plugin_install&gt; returned non-zero exit code 2
16:20:28 INFO  
</system-out>
	</testcase>
<testcase classname="ApamaPluginUpdateTest" name="SoftwareManagement.Plugin.apama_plugin_update">
		<failure message="BLOCKED: sudo&lt;plugin_install&gt; returned non-zero exit code 2" type="BLOCKED" />
		<system-out>16:28:18 INFO  ==============================================================
16:28:18 INFO  Id:    SoftwareManagement.Plugin.apama_plugin_update
16:28:18 INFO  Dir:   plugin_apama/
16:28:18 INFO  Title: Validate apama plugin updating one project with another
16:28:18 INFO  ==============================================================
16:28:18 INFO  Assertion that path exists=False for "/etc/tedge/apama/project" ... passed
16:28:19 INFO  Executed sudo&lt;create_project_dir&gt;, exit status 0
16:28:19 INFO  Executed sudo&lt;unzip_apama_project&gt;, exit status 0
16:28:20 INFO  Executed sudo&lt;move_apama_project&gt;, exit status 0
16:28:21 INFO  Executed sudo&lt;restart_apama_service&gt;, exit status 0
16:28:21 INFO  Executed sudo&lt;apama_correlator_wait&gt;, exit status 0
16:28:21 INFO  Assertion that path exists=True for "/etc/tedge/apama/project" ... passed
16:28:22 INFO  Executed sudo&lt;apama_list_monitors&gt;, exit status 0
16:28:22 INFO  Grep on file /home/pi/actions-runner/_work/thin-edge.io/thin-edge.io/tests/PySys/plugin_apama/apama_plugin_update/Output/linux/apama_list_monitors.out ... passed
16:28:23 WARN  Executed sudo&lt;plugin_install&gt;, exit status 2
16:28:23 INFO  Contents of plugin_install.err: 
  ERROR: Directory not empty (os error 39)
  -----

16:28:23 WARN  sudo&lt;plugin_install&gt; returned non-zero exit code 2 ... blocked [run.py:35]
16:28:23 WARN  Aborted test due to BLOCKED outcome
16:28:23 INFO  
16:28:23 INFO  cleanup:
16:28:23 INFO  Removing apama project
16:28:39 INFO  Executed sudo&lt;stop_apama_service&gt;, exit status 0, duration 16 secs
16:28:39 INFO  Executed sudo&lt;remove_apama_project&gt;, exit status 0
16:28:40 INFO  Executed sudo&lt;remove_apama_tmp_dir&gt;, exit status 0
16:28:40 INFO  
16:28:40 INFO  Test duration: 22.24 secs
16:28:40 INFO  Test final outcome:  BLOCKED
16:28:40 INFO  Test outcome reason: sudo&lt;plugin_install&gt; returned non-zero exit code 2
16:28:40 INFO  
</system-out>
	</testcase>
</testsuite><testsuite name="SoftwareManagement.sm_apt_install_download_path" tests="3" errors="0" failures="2" skipped="1" time="0"><testcase classname="AptInstallWithDownloadPath" name="SoftwareManagement.sm_apt_install_download_path">
		<skipped message="SKIPPED: Testing the apt plugin is not supported on this platform.Use parameter -XmyPlatform='container' to enable it" />
		<system-out>15:36:25 INFO  ==============================================================
15:36:25 INFO  Id:    SoftwareManagement.sm_apt_install_download_path
15:36:25 INFO  Dir:   software_management_end_to_end/
15:36:25 INFO  Title: Install package to directory specified in tedge config set tmp.path
15:36:25 INFO  ==============================================================
15:36:25 INFO  Testing the apt plugin is not supported on this platform.Use parameter -XmyPlatform='container' to enable it ... skipped
15:36:25 WARN  Aborted test due to SKIPPED outcome
15:36:25 INFO  
15:36:25 INFO  Test duration: 0.06 secs
15:36:25 INFO  Test final outcome:  SKIPPED
15:36:25 INFO  Test outcome reason: Testing the apt plugin is not supported on this platform.Use parameter -XmyPlatform='container' to enable it
15:36:25 INFO  
</system-out>
	</testcase>
<testcase classname="AptInstallWithDownloadPath" name="SoftwareManagement.sm_apt_install_download_path">
		<failure message="BLOCKED: AssertionError:" type="BLOCKED" />
		<system-out>16:01:35 INFO  ==============================================================
16:01:35 INFO  Id:    SoftwareManagement.sm_apt_install_download_path
16:01:35 INFO  Dir:   software_management_end_to_end/
16:01:35 INFO  Title: Install package to directory specified in tedge config set tmp.path
16:01:35 INFO  ==============================================================
16:01:36 INFO  Using sw id database: {'asciijump': '5475369', 'robotfindskitten': '5474869', 'squirrel3': '5475279', 'rolldice': '5152439', 'moon-buggy': '5439204', 'apple': '5495053', 'banana': '5494888', 'cherry': '5495382', 'watermelon': '5494510', 'registry': '8018911', 'hello-world': '8021526', 'docker/getting-started': '8021973', 'alpine': '7991792'}
16:01:36 INFO  EnvironmentC8y Setup
16:01:36 INFO  Executed systemctl&lt;serv_mapper1&gt;, exit status 3
16:01:52 INFO  Executed sudo&lt;tedge_connect_c8y&gt;, exit status 0, duration 14 secs
16:01:53 INFO  Executed sudo&lt;tedge_connect_c8y_test&gt;, exit status 0
16:01:55 INFO  Executed systemctl&lt;serv_mosq2&gt;, exit status 0
16:01:55 INFO  Executed systemctl&lt;serv_mapper3&gt;, exit status 0
16:01:57 INFO  State of current operation: SUCCESSFUL
16:01:58 INFO  Assert that (False == value) with value=False ... passed
16:01:58 INFO  Executed sudo, exit status 0
16:01:59 INFO  Executed sudo, exit status 0
16:01:59 INFO  Executed sudo, exit status 0
16:02:03 INFO  Executed sudo&lt;tedge_disconnect_c8y&gt;, exit status 0
16:02:03 INFO  Restarting mosquitto too frequently in the last 10 seconds. It was only up for 4 seconds
16:02:03 INFO  Delaying execution by 7 seconds
16:02:25 INFO  Executed sudo&lt;tedge_connect_c8y&gt;, exit status 0, duration 14 secs
16:02:25 INFO  Response status: 201
16:02:25 INFO  Response to action: {
    "creationTime": "2022-04-28T16:02:25.505Z",
    "deviceName": "mythica",
    "deviceId": "17915176",
    "self": "https://t493319102.eu-latest.cumulocity.com/devicecontrol/operations/17923338",
    "id": "17923338",
    "status": "PENDING",
    "description": "Apply software changes, triggered from PySys: [{'name': 'rolldice', 'id': '5152439', 'version': '::apt', 'url': 'https://thin-edge-io.eu-latest.cumulocity.com/inventory/binaries/12435463', 'action': 'install'}]",
    "c8y_SoftwareUpdate": [
        {
            "name": "rolldice",
            "action": "install",
            "id": "5152439",
            "version": "::apt",
            "url": "https://thin-edge-io.eu-latest.cumulocity.com/inventory/binaries/12435463"
        }
    ]
}
16:02:25 INFO  Started operation: {'creationTime': '2022-04-28T16:02:25.505Z', 'deviceName': 'mythica', 'deviceId': '17915176', 'self': 'https://t493319102.eu-latest.cumulocity.com/devicecontrol/operations/17923338', 'id': '17923338', 'status': 'PENDING', 'description': "Apply software changes, triggered from PySys: [{'name': 'rolldice', 'id': '5152439', 'version': '::apt', 'url': 'https://thin-edge-io.eu-latest.cumulocity.com/inventory/binaries/12435463', 'action': 'install'}]", 'c8y_SoftwareUpdate': [{'name': 'rolldice', 'action': 'install', 'id': '5152439', 'version': '::apt', 'url': 'https://thin-edge-io.eu-latest.cumulocity.com/inventory/binaries/12435463'}]}
16:02:25 WARN  , retrying in 0.5 seconds...
16:02:26 WARN  , retrying in 0.5 seconds...
16:02:26 WARN  , retrying in 0.5 seconds...
16:02:27 WARN  , retrying in 0.5 seconds...
16:02:27 WARN  , retrying in 0.5 seconds...
16:02:28 WARN  , retrying in 0.5 seconds...
16:02:28 WARN  , retrying in 0.5 seconds...
16:02:29 WARN  , retrying in 0.5 seconds...
16:02:29 WARN  , retrying in 0.5 seconds...
16:02:30 WARN  AssertionError occurred while running test - 
Traceback (most recent call last):
  File "/home/pi/env-pysys/lib/python3.7/site-packages/pysys/baserunner.py", line 1294, in __call__
    self.testObj.execute()
  File "/home/pi/actions-runner/_work/thin-edge.io/thin-edge.io/tests/PySys/software_management_end_to_end/sm_apt_install_download_path/run.py", line 83, in execute
    assert_install_in_download_path(install_directory=self.DOWNLOAD_DIR)
  File "/home/pi/env-pysys/lib/python3.7/site-packages/decorator.py", line 232, in fun
    return caller(func, *(extras + args), **kw)
  File "/home/pi/env-pysys/lib/python3.7/site-packages/retry/api.py", line 74, in retry_decorator
    logger)
  File "/home/pi/env-pysys/lib/python3.7/site-packages/retry/api.py", line 33, in __retry_internal
    return f()
  File "/home/pi/actions-runner/_work/thin-edge.io/thin-edge.io/tests/PySys/software_management_end_to_end/sm_apt_install_download_path/run.py", line 28, in assert_install_in_download_path
    assert "rolldice" in os.listdir(f"{install_directory}")
AssertionError
16:02:30 WARN  AssertionError: ... blocked 
16:02:30 INFO  
16:02:30 INFO  cleanup:
16:02:31 INFO  Executed sudo, exit status 0
16:02:31 INFO  Executed sudo, exit status 0
16:02:36 INFO  Executed sudo&lt;tedge_disconnect_c8y&gt;, exit status 0
16:02:36 INFO  Restarting mosquitto too frequently in the last 10 seconds. It was only up for 3 seconds
16:02:36 INFO  Delaying execution by 8 seconds
16:02:58 INFO  Executed sudo&lt;tedge_connect_c8y&gt;, exit status 0, duration 14 secs
16:03:03 INFO  Executed sudo&lt;tedge_disconnect_c8y&gt;, exit status 0
16:03:03 INFO  Executed systemctl&lt;serv_mapper5&gt;, exit status 3
16:03:03 INFO  
16:03:03 INFO  Test duration: 87.82 secs
16:03:03 INFO  Test final outcome:  BLOCKED
16:03:03 INFO  Test outcome reason: AssertionError:
16:03:03 INFO  
</system-out>
	</testcase>
<testcase classname="AptInstallWithDownloadPath" name="SoftwareManagement.sm_apt_install_download_path">
		<failure message="BLOCKED: AssertionError:" type="BLOCKED" />
		<system-out>16:28:40 INFO  ==============================================================
16:28:40 INFO  Id:    SoftwareManagement.sm_apt_install_download_path
16:28:40 INFO  Dir:   software_management_end_to_end/
16:28:40 INFO  Title: Install package to directory specified in tedge config set tmp.path
16:28:40 INFO  ==============================================================
16:28:41 INFO  Using sw id database: {'asciijump': '5475369', 'robotfindskitten': '5474869', 'squirrel3': '5475279', 'rolldice': '5152439', 'moon-buggy': '5439204', 'apple': '5495053', 'banana': '5494888', 'cherry': '5495382', 'watermelon': '5494510', 'registry': '8018911', 'hello-world': '8021526', 'docker/getting-started': '8021973', 'alpine': '7991792'}
16:28:41 INFO  EnvironmentC8y Setup
16:28:42 INFO  Executed systemctl&lt;serv_mapper1&gt;, exit status 3
16:28:56 INFO  Executed sudo&lt;tedge_connect_c8y&gt;, exit status 0, duration 14 secs
16:28:57 INFO  Executed sudo&lt;tedge_connect_c8y_test&gt;, exit status 0
16:28:57 INFO  Executed systemctl&lt;serv_mosq2&gt;, exit status 0
16:28:58 INFO  Executed systemctl&lt;serv_mapper3&gt;, exit status 0
16:29:00 INFO  State of current operation: SUCCESSFUL
16:29:01 INFO  Assert that (False == value) with value=False ... passed
16:29:01 INFO  Executed sudo, exit status 0
16:29:02 INFO  Executed sudo, exit status 0
16:29:02 INFO  Executed sudo, exit status 0
16:29:06 INFO  Executed sudo&lt;tedge_disconnect_c8y&gt;, exit status 0
16:29:06 INFO  Restarting mosquitto too frequently in the last 10 seconds. It was only up for 4 seconds
16:29:06 INFO  Delaying execution by 7 seconds
16:29:27 INFO  Executed sudo&lt;tedge_connect_c8y&gt;, exit status 0, duration 13 secs
16:29:28 INFO  Response status: 201
16:29:28 INFO  Response to action: {
    "creationTime": "2022-04-28T16:29:28.180Z",
    "deviceName": "mythica",
    "deviceId": "17915176",
    "self": "https://t493319102.eu-latest.cumulocity.com/devicecontrol/operations/17923537",
    "id": "17923537",
    "status": "PENDING",
    "description": "Apply software changes, triggered from PySys: [{'name': 'rolldice', 'id': '5152439', 'version': '::apt', 'url': 'https://thin-edge-io.eu-latest.cumulocity.com/inventory/binaries/12435463', 'action': 'install'}]",
    "c8y_SoftwareUpdate": [
        {
            "name": "rolldice",
            "action": "install",
            "id": "5152439",
            "version": "::apt",
            "url": "https://thin-edge-io.eu-latest.cumulocity.com/inventory/binaries/12435463"
        }
    ]
}
16:29:28 INFO  Started operation: {'creationTime': '2022-04-28T16:29:28.180Z', 'deviceName': 'mythica', 'deviceId': '17915176', 'self': 'https://t493319102.eu-latest.cumulocity.com/devicecontrol/operations/17923537', 'id': '17923537', 'status': 'PENDING', 'description': "Apply software changes, triggered from PySys: [{'name': 'rolldice', 'id': '5152439', 'version': '::apt', 'url': 'https://thin-edge-io.eu-latest.cumulocity.com/inventory/binaries/12435463', 'action': 'install'}]", 'c8y_SoftwareUpdate': [{'name': 'rolldice', 'action': 'install', 'id': '5152439', 'version': '::apt', 'url': 'https://thin-edge-io.eu-latest.cumulocity.com/inventory/binaries/12435463'}]}
16:29:28 WARN  , retrying in 0.5 seconds...
16:29:28 WARN  , retrying in 0.5 seconds...
16:29:29 WARN  , retrying in 0.5 seconds...
16:29:29 WARN  , retrying in 0.5 seconds...
16:29:30 WARN  , retrying in 0.5 seconds...
16:29:30 WARN  , retrying in 0.5 seconds...
16:29:31 WARN  , retrying in 0.5 seconds...
16:29:31 WARN  , retrying in 0.5 seconds...
16:29:32 WARN  , retrying in 0.5 seconds...
16:29:32 WARN  AssertionError occurred while running test - 
Traceback (most recent call last):
  File "/home/pi/env-pysys/lib/python3.7/site-packages/pysys/baserunner.py", line 1294, in __call__
    self.testObj.execute()
  File "/home/pi/actions-runner/_work/thin-edge.io/thin-edge.io/tests/PySys/software_management_end_to_end/sm_apt_install_download_path/run.py", line 83, in execute
    assert_install_in_download_path(install_directory=self.DOWNLOAD_DIR)
  File "/home/pi/env-pysys/lib/python3.7/site-packages/decorator.py", line 232, in fun
    return caller(func, *(extras + args), **kw)
  File "/home/pi/env-pysys/lib/python3.7/site-packages/retry/api.py", line 74, in retry_decorator
    logger)
  File "/home/pi/env-pysys/lib/python3.7/site-packages/retry/api.py", line 33, in __retry_internal
    return f()
  File "/home/pi/actions-runner/_work/thin-edge.io/thin-edge.io/tests/PySys/software_management_end_to_end/sm_apt_install_download_path/run.py", line 28, in assert_install_in_download_path
    assert "rolldice" in os.listdir(f"{install_directory}")
AssertionError
16:29:32 WARN  AssertionError: ... blocked 
16:29:32 INFO  
16:29:32 INFO  cleanup:
16:29:33 INFO  Executed sudo, exit status 0
16:29:33 INFO  Executed sudo, exit status 0
16:29:38 INFO  Executed sudo&lt;tedge_disconnect_c8y&gt;, exit status 0
16:29:38 INFO  Restarting mosquitto too frequently in the last 10 seconds. It was only up for 4 seconds
16:29:38 INFO  Delaying execution by 7 seconds
16:30:00 INFO  Executed sudo&lt;tedge_connect_c8y&gt;, exit status 0, duration 14 secs
16:30:04 INFO  Executed sudo&lt;tedge_disconnect_c8y&gt;, exit status 0
16:30:05 INFO  Executed systemctl&lt;serv_mapper5&gt;, exit status 3
16:30:05 INFO  
16:30:05 INFO  Test duration: 84.66 secs
16:30:05 INFO  Test final outcome:  BLOCKED
16:30:05 INFO  Test outcome reason: AssertionError:
16:30:05 INFO  
</system-out>
	</testcase>
</testsuite><testsuite name="SoftwareManagement.sm_apt_install_fail" tests="3" errors="0" failures="0" skipped="1" time="0"><testcase classname="PySysTest" name="SoftwareManagement.sm_apt_install_fail">
		<skipped message="SKIPPED: Testing the apt plugin is not supported on this platform.Use parameter -XmyPlatform='container' to enable it" />
		<system-out>15:36:26 INFO  ==============================================================
15:36:26 INFO  Id:    SoftwareManagement.sm_apt_install_fail
15:36:26 INFO  Dir:   software_management_end_to_end/
15:36:26 INFO  Title: Validate end to end behaviour for a failing installation
15:36:26 INFO  ==============================================================
15:36:26 INFO  Testing the apt plugin is not supported on this platform.Use parameter -XmyPlatform='container' to enable it ... skipped
15:36:26 WARN  Aborted test due to SKIPPED outcome
15:36:26 INFO  
15:36:26 INFO  Test duration: 0.02 secs
15:36:26 INFO  Test final outcome:  SKIPPED
15:36:26 INFO  Test outcome reason: Testing the apt plugin is not supported on this platform.Use parameter -XmyPlatform='container' to enable it
15:36:26 INFO  
</system-out>
	</testcase>
<testcase classname="PySysTest" name="SoftwareManagement.sm_apt_install_fail" />
<testcase classname="PySysTest" name="SoftwareManagement.sm_apt_install_fail" />
</testsuite><testsuite name="SoftwareManagement.sm_apt_install_remove" tests="3" errors="0" failures="0" skipped="1" time="0"><testcase classname="PySysTest" name="SoftwareManagement.sm_apt_install_remove">
		<skipped message="SKIPPED: Testing the apt plugin is not supported on this platform.Use parameter -XmyPlatform='container' to enable it" />
		<system-out>15:36:26 INFO  ==============================================================
15:36:26 INFO  Id:    SoftwareManagement.sm_apt_install_remove
15:36:26 INFO  Dir:   software_management_end_to_end/
15:36:26 INFO  Title: Validate end to end behaviour for the apt plugin for installation and removal of packages
15:36:26 INFO  ==============================================================
15:36:26 INFO  Testing the apt plugin is not supported on this platform.Use parameter -XmyPlatform='container' to enable it ... skipped
15:36:26 WARN  Aborted test due to SKIPPED outcome
15:36:26 INFO  
15:36:26 INFO  Test duration: 0.02 secs
15:36:26 INFO  Test final outcome:  SKIPPED
15:36:26 INFO  Test outcome reason: Testing the apt plugin is not supported on this platform.Use parameter -XmyPlatform='container' to enable it
15:36:26 INFO  
</system-out>
	</testcase>
<testcase classname="PySysTest" name="SoftwareManagement.sm_apt_install_remove" />
<testcase classname="PySysTest" name="SoftwareManagement.sm_apt_install_remove" />
</testsuite><testsuite name="SoftwareManagement.sm_apt_install_remove_default" tests="3" errors="0" failures="0" skipped="1" time="0"><testcase classname="PySysTest" name="SoftwareManagement.sm_apt_install_remove_default">
		<skipped message="SKIPPED: Testing the apt plugin is not supported on this platform.Use parameter -XmyPlatform='container' to enable it" />
		<system-out>15:36:26 INFO  ==============================================================
15:36:26 INFO  Id:    SoftwareManagement.sm_apt_install_remove_default
15:36:26 INFO  Dir:   software_management_end_to_end/
15:36:26 INFO  Title: Validate end to end behaviour for the default plugin for installation and removal of packages
15:36:26 INFO  ==============================================================
15:36:26 INFO  Testing the apt plugin is not supported on this platform.Use parameter -XmyPlatform='container' to enable it ... skipped
15:36:26 WARN  Aborted test due to SKIPPED outcome
15:36:26 INFO  
15:36:26 INFO  Test duration: 0.02 secs
15:36:26 INFO  Test final outcome:  SKIPPED
15:36:26 INFO  Test outcome reason: Testing the apt plugin is not supported on this platform.Use parameter -XmyPlatform='container' to enable it
15:36:26 INFO  
</system-out>
	</testcase>
<testcase classname="PySysTest" name="SoftwareManagement.sm_apt_install_remove_default" />
<testcase classname="PySysTest" name="SoftwareManagement.sm_apt_install_remove_default" />
</testsuite><testsuite name="SoftwareManagement.sm_apt_install_remove_multiple" tests="3" errors="0" failures="2" skipped="1" time="0"><testcase classname="PySysTest" name="SoftwareManagement.sm_apt_install_remove_multiple">
		<skipped message="SKIPPED: Testing the apt plugin is not supported on this platform.Use parameter -XmyPlatform='container' to enable it" />
		<system-out>15:36:26 INFO  ==============================================================
15:36:26 INFO  Id:    SoftwareManagement.sm_apt_install_remove_multiple
15:36:26 INFO  Dir:   software_management_end_to_end/
15:36:26 INFO  Title: Validate end to end behaviour for the apt plugin for multiple packages
15:36:26 INFO  ==============================================================
15:36:26 INFO  Testing the apt plugin is not supported on this platform.Use parameter -XmyPlatform='container' to enable it ... skipped
15:36:26 WARN  Aborted test due to SKIPPED outcome
15:36:26 INFO  
15:36:26 INFO  Test duration: 0.02 secs
15:36:26 INFO  Test final outcome:  SKIPPED
15:36:26 INFO  Test outcome reason: Testing the apt plugin is not supported on this platform.Use parameter -XmyPlatform='container' to enable it
15:36:26 INFO  
</system-out>
	</testcase>
<testcase classname="PySysTest" name="SoftwareManagement.sm_apt_install_remove_multiple">
		<failure message="FAILED: Assert that (False == value) with value=True" type="FAILED" />
		<system-out>16:10:02 INFO  ==============================================================
16:10:02 INFO  Id:    SoftwareManagement.sm_apt_install_remove_multiple
16:10:02 INFO  Dir:   software_management_end_to_end/
16:10:02 INFO  Title: Validate end to end behaviour for the apt plugin for multiple packages
16:10:02 INFO  ==============================================================
16:10:02 INFO  Using sw id database: {'asciijump': '5475369', 'robotfindskitten': '5474869', 'squirrel3': '5475279', 'rolldice': '5152439', 'moon-buggy': '5439204', 'apple': '5495053', 'banana': '5494888', 'cherry': '5495382', 'watermelon': '5494510', 'registry': '8018911', 'hello-world': '8021526', 'docker/getting-started': '8021973', 'alpine': '7991792'}
16:10:02 INFO  EnvironmentC8y Setup
16:10:03 INFO  Executed systemctl&lt;serv_mapper1&gt;, exit status 3
16:10:03 INFO  Restarting mosquitto too frequently in the last 10 seconds. It was only up for 4 seconds
16:10:03 INFO  Delaying execution by 7 seconds
16:10:24 INFO  Executed sudo&lt;tedge_connect_c8y&gt;, exit status 0, duration 14 secs
16:10:25 INFO  Executed sudo&lt;tedge_connect_c8y_test&gt;, exit status 0
16:10:26 INFO  Executed systemctl&lt;serv_mosq2&gt;, exit status 0
16:10:26 INFO  Executed systemctl&lt;serv_mapper3&gt;, exit status 0
16:10:28 INFO  State of current operation: SUCCESSFUL
16:10:29 INFO  Assert that (False == value) with value=False ... passed
16:10:29 INFO  Assert that (False == value) with value=False ... passed
16:10:29 INFO  Assert that (False == value) with value=False ... passed
16:10:29 INFO  Package robotfindskitten is installed
16:10:29 WARN  Assert that (False == value) with value=True ... failed 
16:10:30 INFO  Response status: 201
16:10:30 INFO  Response to action: {
    "creationTime": "2022-04-28T16:10:29.996Z",
    "deviceName": "mythica",
    "deviceId": "17915176",
    "self": "https://t493319102.eu-latest.cumulocity.com/devicecontrol/operations/17923413",
    "id": "17923413",
    "status": "PENDING",
    "description": "Apply software changes, triggered from PySys: [{'action': 'install', 'id': '5475369', 'name': 'asciijump', 'url': ' ', 'version': '::apt'}, {'action': 'install', 'id': '5474869', 'name': 'robotfindskitten', 'url': ' ', 'version': '::apt'}, {'action': 'install', 'id': '5475279', 'name': 'squirrel3', 'url': ' ', 'version': '::apt'}]",
    "c8y_SoftwareUpdate": [
        {
            "name": "asciijump",
            "action": "install",
            "id": "5475369",
            "version": "::apt",
            "url": " "
        },
        {
            "name": "robotfindskitten",
            "action": "install",
            "id": "5474869",
            "version": "::apt",
            "url": " "
        },
        {
            "name": "squirrel3",
            "action": "install",
            "id": "5475279",
            "version": "::apt",
            "url": " "
        }
    ]
}
16:10:30 INFO  Started operation: {'creationTime': '2022-04-28T16:10:29.996Z', 'deviceName': 'mythica', 'deviceId': '17915176', 'self': 'https://t493319102.eu-latest.cumulocity.com/devicecontrol/operations/17923413', 'id': '17923413', 'status': 'PENDING', 'description': "Apply software changes, triggered from PySys: [{'action': 'install', 'id': '5475369', 'name': 'asciijump', 'url': ' ', 'version': '::apt'}, {'action': 'install', 'id': '5474869', 'name': 'robotfindskitten', 'url': ' ', 'version': '::apt'}, {'action': 'install', 'id': '5475279', 'name': 'squirrel3', 'url': ' ', 'version': '::apt'}]", 'c8y_SoftwareUpdate': [{'name': 'asciijump', 'action': 'install', 'id': '5475369', 'version': '::apt', 'url': ' '}, {'name': 'robotfindskitten', 'action': 'install', 'id': '5474869', 'version': '::apt', 'url': ' '}, {'name': 'squirrel3', 'action': 'install', 'id': '5475279', 'version': '::apt', 'url': ' '}]}
16:10:32 INFO  State of operation 17923413 : PENDING
16:10:34 INFO  State of operation 17923413 : EXECUTING
16:10:36 INFO  State of operation 17923413 : EXECUTING
16:10:39 INFO  State of operation 17923413 : EXECUTING
16:10:41 INFO  State of operation 17923413 : EXECUTING
16:10:43 INFO  State of operation 17923413 : EXECUTING
16:10:46 INFO  State of operation 17923413 : EXECUTING
16:10:49 INFO  State of operation 17923413 : EXECUTING
16:10:51 INFO  State of operation 17923413 : EXECUTING
16:10:54 INFO  State of operation 17923413 : EXECUTING
16:10:56 INFO  State of operation 17923413 : EXECUTING
16:10:58 INFO  State of operation 17923413 : EXECUTING
16:11:00 INFO  State of operation 17923413 : EXECUTING
16:11:03 INFO  State of operation 17923413 : EXECUTING
16:11:05 INFO  State of operation 17923413 : EXECUTING
16:11:08 INFO  State of operation 17923413 : EXECUTING
16:11:10 INFO  State of operation 17923413 : EXECUTING
16:11:12 INFO  State of operation 17923413 : EXECUTING
16:11:15 INFO  State of operation 17923413 : EXECUTING
16:11:17 INFO  State of operation 17923413 : EXECUTING
16:11:19 INFO  State of operation 17923413 : EXECUTING
16:11:22 INFO  State of operation 17923413 : EXECUTING
16:11:24 INFO  State of operation 17923413 : EXECUTING
16:11:26 INFO  State of operation 17923413 : EXECUTING
16:11:29 INFO  State of operation 17923413 : EXECUTING
16:11:31 INFO  State of operation 17923413 : EXECUTING
16:11:34 INFO  State of operation 17923413 : EXECUTING
16:11:36 INFO  State of operation 17923413 : EXECUTING
16:11:40 INFO  State of operation 17923413 : EXECUTING
16:11:42 INFO  State of operation 17923413 : EXECUTING
16:11:44 INFO  State of operation 17923413 : EXECUTING
16:11:47 INFO  State of operation 17923413 : EXECUTING
16:11:49 INFO  State of operation 17923413 : EXECUTING
16:11:51 INFO  State of operation 17923413 : EXECUTING
16:11:53 INFO  State of operation 17923413 : SUCCESSFUL
16:11:54 INFO  Assert that (False == value) with value=False ... passed
16:11:54 INFO  Package asciijump is installed
16:11:54 INFO  Assert that (True == value) with value=True ... passed
16:11:54 INFO  Package squirrel3 is installed
16:11:54 INFO  Assert that (True == value) with value=True ... passed
16:11:54 INFO  Package robotfindskitten is installed
16:11:54 INFO  Assert that (True == value) with value=True ... passed
16:11:55 INFO  Response status: 201
16:11:55 INFO  Response to action: {
    "creationTime": "2022-04-28T16:11:54.979Z",
    "deviceName": "mythica",
    "deviceId": "17915176",
    "self": "https://t493319102.eu-latest.cumulocity.com/devicecontrol/operations/17923421",
    "id": "17923421",
    "status": "PENDING",
    "description": "Apply software changes, triggered from PySys: [{'action': 'delete', 'id': '5475369', 'name': 'asciijump', 'url': ' ', 'version': '::apt'}, {'action': 'delete', 'id': '5474869', 'name': 'robotfindskitten', 'url': ' ', 'version': '::apt'}, {'action': 'delete', 'id': '5475279', 'name': 'squirrel3', 'url': ' ', 'version': '::apt'}]",
    "c8y_SoftwareUpdate": [
        {
            "name": "asciijump",
            "action": "delete",
            "id": "5475369",
            "version": "::apt",
            "url": " "
        },
        {
            "name": "robotfindskitten",
            "action": "delete",
            "id": "5474869",
            "version": "::apt",
            "url": " "
        },
        {
            "name": "squirrel3",
            "action": "delete",
            "id": "5475279",
            "version": "::apt",
            "url": " "
        }
    ]
}
16:11:55 INFO  Started operation: {'creationTime': '2022-04-28T16:11:54.979Z', 'deviceName': 'mythica', 'deviceId': '17915176', 'self': 'https://t493319102.eu-latest.cumulocity.com/devicecontrol/operations/17923421', 'id': '17923421', 'status': 'PENDING', 'description': "Apply software changes, triggered from PySys: [{'action': 'delete', 'id': '5475369', 'name': 'asciijump', 'url': ' ', 'version': '::apt'}, {'action': 'delete', 'id': '5474869', 'name': 'robotfindskitten', 'url': ' ', 'version': '::apt'}, {'action': 'delete', 'id': '5475279', 'name': 'squirrel3', 'url': ' ', 'version': '::apt'}]", 'c8y_SoftwareUpdate': [{'name': 'asciijump', 'action': 'delete', 'id': '5475369', 'version': '::apt', 'url': ' '}, {'name': 'robotfindskitten', 'action': 'delete', 'id': '5474869', 'version': '::apt', 'url': ' '}, {'name': 'squirrel3', 'action': 'delete', 'id': '5475279', 'version': '::apt', 'url': ' '}]}
16:11:57 INFO  State of operation 17923421 : PENDING
16:11:59 INFO  State of operation 17923421 : EXECUTING
16:12:01 INFO  State of operation 17923421 : EXECUTING
16:12:03 INFO  State of operation 17923421 : EXECUTING
16:12:06 INFO  State of operation 17923421 : EXECUTING
16:12:08 INFO  State of operation 17923421 : EXECUTING
16:12:11 INFO  State of operation 17923421 : EXECUTING
16:12:14 INFO  State of operation 17923421 : EXECUTING
16:12:17 INFO  State of operation 17923421 : EXECUTING
16:12:19 INFO  State of operation 17923421 : EXECUTING
16:12:21 INFO  State of operation 17923421 : EXECUTING
16:12:23 INFO  State of operation 17923421 : EXECUTING
16:12:25 INFO  State of operation 17923421 : EXECUTING
16:12:28 INFO  State of operation 17923421 : EXECUTING
16:12:30 INFO  State of operation 17923421 : EXECUTING
16:12:32 INFO  State of operation 17923421 : EXECUTING
16:12:35 INFO  State of operation 17923421 : EXECUTING
16:12:37 INFO  State of operation 17923421 : EXECUTING
16:12:40 INFO  State of operation 17923421 : EXECUTING
16:12:42 INFO  State of operation 17923421 : EXECUTING
16:12:44 INFO  State of operation 17923421 : EXECUTING
16:12:47 INFO  State of operation 17923421 : EXECUTING
16:12:49 INFO  State of operation 17923421 : EXECUTING
16:12:51 INFO  State of operation 17923421 : EXECUTING
16:12:54 INFO  State of operation 17923421 : EXECUTING
16:12:57 INFO  State of operation 17923421 : EXECUTING
16:12:59 INFO  State of operation 17923421 : EXECUTING
16:13:01 INFO  State of operation 17923421 : SUCCESSFUL
16:13:01 INFO  Assert that (False == value) with value=False ... passed
16:13:01 INFO  Assert that (False == value) with value=False ... passed
16:13:02 INFO  Assert that (False == value) with value=False ... passed
16:13:02 INFO  Assert that (False == value) with value=False ... passed
16:13:02 INFO  
16:13:02 INFO  cleanup:
16:13:06 INFO  Executed sudo&lt;tedge_disconnect_c8y&gt;, exit status 0
16:13:07 INFO  Executed systemctl&lt;serv_mapper5&gt;, exit status 3
16:13:07 INFO  
16:13:07 INFO  Test duration: 184.30 secs
16:13:07 INFO  Test final outcome:  FAILED
16:13:07 INFO  Test outcome reason: Assert that (False == value) with value=True
16:13:07 INFO  
</system-out>
	</testcase>
<testcase classname="PySysTest" name="SoftwareManagement.sm_apt_install_remove_multiple">
		<failure message="FAILED: Assert that (False == value) with value=True (+2 other failures)" type="FAILED" />
		<system-out>16:36:47 INFO  ==============================================================
16:36:47 INFO  Id:    SoftwareManagement.sm_apt_install_remove_multiple
16:36:47 INFO  Dir:   software_management_end_to_end/
16:36:47 INFO  Title: Validate end to end behaviour for the apt plugin for multiple packages
16:36:47 INFO  ==============================================================
16:36:47 INFO  Using sw id database: {'asciijump': '5475369', 'robotfindskitten': '5474869', 'squirrel3': '5475279', 'rolldice': '5152439', 'moon-buggy': '5439204', 'apple': '5495053', 'banana': '5494888', 'cherry': '5495382', 'watermelon': '5494510', 'registry': '8018911', 'hello-world': '8021526', 'docker/getting-started': '8021973', 'alpine': '7991792'}
16:36:47 INFO  EnvironmentC8y Setup
16:36:47 INFO  Executed systemctl&lt;serv_mapper1&gt;, exit status 3
16:36:47 INFO  Restarting mosquitto too frequently in the last 10 seconds. It was only up for 5 seconds
16:36:47 INFO  Delaying execution by 6 seconds
16:37:07 INFO  Executed sudo&lt;tedge_connect_c8y&gt;, exit status 0, duration 13 secs
16:37:08 INFO  Executed sudo&lt;tedge_connect_c8y_test&gt;, exit status 0
16:37:09 INFO  Executed systemctl&lt;serv_mosq2&gt;, exit status 0
16:37:09 INFO  Executed systemctl&lt;serv_mapper3&gt;, exit status 0
16:37:11 INFO  State of current operation: SUCCESSFUL
16:37:12 INFO  Assert that (False == value) with value=False ... passed
16:37:12 INFO  Package asciijump is installed
16:37:12 WARN  Assert that (False == value) with value=True ... failed 
16:37:12 INFO  Package squirrel3 is installed
16:37:13 WARN  Assert that (False == value) with value=True ... failed 
16:37:13 INFO  Package robotfindskitten is installed
16:37:13 WARN  Assert that (False == value) with value=True ... failed 
16:37:13 INFO  Response status: 201
16:37:13 INFO  Response to action: {
    "creationTime": "2022-04-28T16:37:13.469Z",
    "deviceName": "mythica",
    "deviceId": "17915176",
    "self": "https://t493319102.eu-latest.cumulocity.com/devicecontrol/operations/17923697",
    "id": "17923697",
    "status": "PENDING",
    "description": "Apply software changes, triggered from PySys: [{'action': 'install', 'id': '5475369', 'name': 'asciijump', 'url': ' ', 'version': '::apt'}, {'action': 'install', 'id': '5474869', 'name': 'robotfindskitten', 'url': ' ', 'version': '::apt'}, {'action': 'install', 'id': '5475279', 'name': 'squirrel3', 'url': ' ', 'version': '::apt'}]",
    "c8y_SoftwareUpdate": [
        {
            "name": "asciijump",
            "action": "install",
            "id": "5475369",
            "version": "::apt",
            "url": " "
        },
        {
            "name": "robotfindskitten",
            "action": "install",
            "id": "5474869",
            "version": "::apt",
            "url": " "
        },
        {
            "name": "squirrel3",
            "action": "install",
            "id": "5475279",
            "version": "::apt",
            "url": " "
        }
    ]
}
16:37:13 INFO  Started operation: {'creationTime': '2022-04-28T16:37:13.469Z', 'deviceName': 'mythica', 'deviceId': '17915176', 'self': 'https://t493319102.eu-latest.cumulocity.com/devicecontrol/operations/17923697', 'id': '17923697', 'status': 'PENDING', 'description': "Apply software changes, triggered from PySys: [{'action': 'install', 'id': '5475369', 'name': 'asciijump', 'url': ' ', 'version': '::apt'}, {'action': 'install', 'id': '5474869', 'name': 'robotfindskitten', 'url': ' ', 'version': '::apt'}, {'action': 'install', 'id': '5475279', 'name': 'squirrel3', 'url': ' ', 'version': '::apt'}]", 'c8y_SoftwareUpdate': [{'name': 'asciijump', 'action': 'install', 'id': '5475369', 'version': '::apt', 'url': ' '}, {'name': 'robotfindskitten', 'action': 'install', 'id': '5474869', 'version': '::apt', 'url': ' '}, {'name': 'squirrel3', 'action': 'install', 'id': '5475279', 'version': '::apt', 'url': ' '}]}
16:37:15 INFO  State of operation 17923697 : PENDING
16:37:17 INFO  State of operation 17923697 : EXECUTING
16:37:20 INFO  State of operation 17923697 : EXECUTING
16:37:22 INFO  State of operation 17923697 : EXECUTING
16:37:24 INFO  State of operation 17923697 : EXECUTING
16:37:26 INFO  State of operation 17923697 : EXECUTING
16:37:29 INFO  State of operation 17923697 : EXECUTING
16:37:32 INFO  State of operation 17923697 : EXECUTING
16:37:34 INFO  State of operation 17923697 : EXECUTING
16:37:37 INFO  State of operation 17923697 : EXECUTING
16:37:39 INFO  State of operation 17923697 : EXECUTING
16:37:41 INFO  State of operation 17923697 : EXECUTING
16:37:44 INFO  State of operation 17923697 : EXECUTING
16:37:46 INFO  State of operation 17923697 : EXECUTING
16:37:48 INFO  State of operation 17923697 : EXECUTING
16:37:50 INFO  State of operation 17923697 : SUCCESSFUL
16:37:50 INFO  Assert that (False == value) with value=False ... passed
16:37:51 INFO  Package asciijump is installed
16:37:51 INFO  Assert that (True == value) with value=True ... passed
16:37:51 INFO  Package squirrel3 is installed
16:37:51 INFO  Assert that (True == value) with value=True ... passed
16:37:51 INFO  Package robotfindskitten is installed
16:37:51 INFO  Assert that (True == value) with value=True ... passed
16:37:51 INFO  Response status: 201
16:37:51 INFO  Response to action: {
    "creationTime": "2022-04-28T16:37:51.847Z",
    "deviceName": "mythica",
    "deviceId": "17915176",
    "self": "https://t493319102.eu-latest.cumulocity.com/devicecontrol/operations/17923703",
    "id": "17923703",
    "status": "PENDING",
    "description": "Apply software changes, triggered from PySys: [{'action': 'delete', 'id': '5475369', 'name': 'asciijump', 'url': ' ', 'version': '::apt'}, {'action': 'delete', 'id': '5474869', 'name': 'robotfindskitten', 'url': ' ', 'version': '::apt'}, {'action': 'delete', 'id': '5475279', 'name': 'squirrel3', 'url': ' ', 'version': '::apt'}]",
    "c8y_SoftwareUpdate": [
        {
            "name": "asciijump",
            "action": "delete",
            "id": "5475369",
            "version": "::apt",
            "url": " "
        },
        {
            "name": "robotfindskitten",
            "action": "delete",
            "id": "5474869",
            "version": "::apt",
            "url": " "
        },
        {
            "name": "squirrel3",
            "action": "delete",
            "id": "5475279",
            "version": "::apt",
            "url": " "
        }
    ]
}
16:37:51 INFO  Started operation: {'creationTime': '2022-04-28T16:37:51.847Z', 'deviceName': 'mythica', 'deviceId': '17915176', 'self': 'https://t493319102.eu-latest.cumulocity.com/devicecontrol/operations/17923703', 'id': '17923703', 'status': 'PENDING', 'description': "Apply software changes, triggered from PySys: [{'action': 'delete', 'id': '5475369', 'name': 'asciijump', 'url': ' ', 'version': '::apt'}, {'action': 'delete', 'id': '5474869', 'name': 'robotfindskitten', 'url': ' ', 'version': '::apt'}, {'action': 'delete', 'id': '5475279', 'name': 'squirrel3', 'url': ' ', 'version': '::apt'}]", 'c8y_SoftwareUpdate': [{'name': 'asciijump', 'action': 'delete', 'id': '5475369', 'version': '::apt', 'url': ' '}, {'name': 'robotfindskitten', 'action': 'delete', 'id': '5474869', 'version': '::apt', 'url': ' '}, {'name': 'squirrel3', 'action': 'delete', 'id': '5475279', 'version': '::apt', 'url': ' '}]}
16:37:54 INFO  State of operation 17923703 : PENDING
16:37:56 INFO  State of operation 17923703 : EXECUTING
16:37:58 INFO  State of operation 17923703 : EXECUTING
16:38:00 INFO  State of operation 17923703 : EXECUTING
16:38:02 INFO  State of operation 17923703 : EXECUTING
16:38:05 INFO  State of operation 17923703 : EXECUTING
16:38:07 INFO  State of operation 17923703 : EXECUTING
16:38:10 INFO  State of operation 17923703 : EXECUTING
16:38:12 INFO  State of operation 17923703 : EXECUTING
16:38:15 INFO  State of operation 17923703 : EXECUTING
16:38:17 INFO  State of operation 17923703 : EXECUTING
16:38:19 INFO  State of operation 17923703 : EXECUTING
16:38:21 INFO  State of operation 17923703 : EXECUTING
16:38:24 INFO  State of operation 17923703 : EXECUTING
16:38:26 INFO  State of operation 17923703 : EXECUTING
16:38:28 INFO  State of operation 17923703 : EXECUTING
16:38:30 INFO  State of operation 17923703 : EXECUTING
16:38:33 INFO  State of operation 17923703 : EXECUTING
16:38:35 INFO  State of operation 17923703 : EXECUTING
16:38:38 INFO  State of operation 17923703 : EXECUTING
16:38:40 INFO  State of operation 17923703 : EXECUTING
16:38:42 INFO  State of operation 17923703 : EXECUTING
16:38:45 INFO  State of operation 17923703 : EXECUTING
16:38:47 INFO  State of operation 17923703 : EXECUTING
16:38:49 INFO  State of operation 17923703 : EXECUTING
16:38:52 INFO  State of operation 17923703 : EXECUTING
16:38:54 INFO  State of operation 17923703 : EXECUTING
16:38:56 INFO  State of operation 17923703 : EXECUTING
16:38:59 INFO  State of operation 17923703 : EXECUTING
16:39:01 INFO  State of operation 17923703 : SUCCESSFUL
16:39:01 INFO  Assert that (False == value) with value=False ... passed
16:39:01 INFO  Assert that (False == value) with value=False ... passed
16:39:02 INFO  Assert that (False == value) with value=False ... passed
16:39:02 INFO  Assert that (False == value) with value=False ... passed
16:39:02 INFO  
16:39:02 INFO  cleanup:
16:39:06 INFO  Executed sudo&lt;tedge_disconnect_c8y&gt;, exit status 0
16:39:07 INFO  Executed systemctl&lt;serv_mapper5&gt;, exit status 3
16:39:07 INFO  
16:39:07 INFO  Test duration: 139.97 secs
16:39:07 INFO  Test final outcome:  FAILED
16:39:07 INFO  Test outcome reason: Assert that (False == value) with value=True (+2 other failures)
16:39:07 INFO  
</system-out>
	</testcase>
</testsuite><testsuite name="SoftwareManagement.sm_apt_install_remove_multiple_mixed" tests="3" errors="0" failures="2" skipped="1" time="0"><testcase classname="PySysTest" name="SoftwareManagement.sm_apt_install_remove_multiple_mixed">
		<skipped message="SKIPPED: Testing the apt plugin is not supported on this platform.Use parameter -XmyPlatform='container' to enable it" />
		<system-out>15:36:26 INFO  ==============================================================
15:36:26 INFO  Id:    SoftwareManagement.sm_apt_install_remove_multiple_mixed
15:36:26 INFO  Dir:   software_management_end_to_end/
15:36:26 INFO  Title: Validate end to end behaviour for the apt plugin for multiple packages with mixed versions
15:36:26 INFO  ==============================================================
15:36:26 INFO  Testing the apt plugin is not supported on this platform.Use parameter -XmyPlatform='container' to enable it ... skipped
15:36:26 WARN  Aborted test due to SKIPPED outcome
15:36:26 INFO  
15:36:26 INFO  Test duration: 0.04 secs
15:36:26 INFO  Test final outcome:  SKIPPED
15:36:26 INFO  Test outcome reason: Testing the apt plugin is not supported on this platform.Use parameter -XmyPlatform='container' to enable it
15:36:26 INFO  
</system-out>
	</testcase>
<testcase classname="PySysTest" name="SoftwareManagement.sm_apt_install_remove_multiple_mixed">
		<failure message="BLOCKED: SystemError: Timeout while waiting for status SUCCESSFUL or False" type="BLOCKED" />
		<system-out>16:13:07 INFO  ==============================================================
16:13:07 INFO  Id:    SoftwareManagement.sm_apt_install_remove_multiple_mixed
16:13:07 INFO  Dir:   software_management_end_to_end/
16:13:07 INFO  Title: Validate end to end behaviour for the apt plugin for multiple packages with mixed versions
16:13:07 INFO  ==============================================================
16:13:07 INFO  Using sw id database: {'asciijump': '5475369', 'robotfindskitten': '5474869', 'squirrel3': '5475279', 'rolldice': '5152439', 'moon-buggy': '5439204', 'apple': '5495053', 'banana': '5494888', 'cherry': '5495382', 'watermelon': '5494510', 'registry': '8018911', 'hello-world': '8021526', 'docker/getting-started': '8021973', 'alpine': '7991792'}
16:13:07 INFO  EnvironmentC8y Setup
16:13:07 INFO  Executed systemctl&lt;serv_mapper1&gt;, exit status 3
16:13:08 INFO  Restarting mosquitto too frequently in the last 10 seconds. It was only up for 5 seconds
16:13:08 INFO  Delaying execution by 6 seconds
16:13:27 INFO  Executed sudo&lt;tedge_connect_c8y&gt;, exit status 0, duration 13 secs
16:13:28 INFO  Executed sudo&lt;tedge_connect_c8y_test&gt;, exit status 0
16:13:29 INFO  Executed systemctl&lt;serv_mosq2&gt;, exit status 0
16:13:29 INFO  Executed systemctl&lt;serv_mapper3&gt;, exit status 0
16:13:31 INFO  State of current operation: SUCCESSFUL
16:13:32 INFO  Assert that (False == value) with value=False ... passed
16:13:32 INFO  Assert that (False == value) with value=False ... passed
16:13:32 INFO  Assert that (False == value) with value=False ... passed
16:13:32 INFO  Assert that (False == value) with value=False ... passed
16:13:33 INFO  Assert that (False == value) with value=False ... passed
16:13:34 INFO  Response status: 201
16:13:34 INFO  Response to action: {
    "creationTime": "2022-04-28T16:13:34.560Z",
    "deviceName": "mythica",
    "deviceId": "17915176",
    "self": "https://t493319102.eu-latest.cumulocity.com/devicecontrol/operations/17923429",
    "id": "17923429",
    "status": "PENDING",
    "description": "Apply software changes, triggered from PySys: [{'action': 'install', 'id': '5475369', 'name': 'asciijump', 'url': ' ', 'version': '::apt'}, {'action': 'install', 'id': '5474869', 'name': 'robotfindskitten', 'url': ' ', 'version': ' '}, {'action': 'install', 'id': '5475279', 'name': 'squirrel3', 'url': ' ', 'version': '3.1-7::apt'}, {'action': 'install', 'id': '5152439', 'name': 'rolldice', 'url': ' ', 'version': '1.16-1+b1'}, {'action': 'install', 'id': '5439204', 'name': 'moon-buggy', 'url': ' ', 'version': '1:1.0.51-12'}, {'action': 'install', 'id': '5475369', 'name': 'asciijump', 'url': ' ', 'version': '::apt'}]",
    "c8y_SoftwareUpdate": [
        {
            "name": "asciijump",
            "action": "install",
            "id": "5475369",
            "version": "::apt",
            "url": " "
        },
        {
            "name": "robotfindskitten",
            "action": "install",
            "id": "5474869",
            "version": " ",
            "url": " "
        },
        {
            "name": "squirrel3",
            "action": "install",
            "id": "5475279",
            "version": "3.1-7::apt",
            "url": " "
        },
        {
            "name": "rolldice",
            "action": "install",
            "id": "5152439",
            "version": "1.16-1+b1",
            "url": " "
        },
        {
            "name": "moon-buggy",
            "action": "install",
            "id": "5439204",
            "version": "1:1.0.51-12",
            "url": " "
        },
        {
            "name": "asciijump",
            "action": "install",
            "id": "5475369",
            "version": "::apt",
            "url": " "
        }
    ]
}
16:13:34 INFO  Started operation: {'creationTime': '2022-04-28T16:13:34.560Z', 'deviceName': 'mythica', 'deviceId': '17915176', 'self': 'https://t493319102.eu-latest.cumulocity.com/devicecontrol/operations/17923429', 'id': '17923429', 'status': 'PENDING', 'description': "Apply software changes, triggered from PySys: [{'action': 'install', 'id': '5475369', 'name': 'asciijump', 'url': ' ', 'version': '::apt'}, {'action': 'install', 'id': '5474869', 'name': 'robotfindskitten', 'url': ' ', 'version': ' '}, {'action': 'install', 'id': '5475279', 'name': 'squirrel3', 'url': ' ', 'version': '3.1-7::apt'}, {'action': 'install', 'id': '5152439', 'name': 'rolldice', 'url': ' ', 'version': '1.16-1+b1'}, {'action': 'install', 'id': '5439204', 'name': 'moon-buggy', 'url': ' ', 'version': '1:1.0.51-12'}, {'action': 'install', 'id': '5475369', 'name': 'asciijump', 'url': ' ', 'version': '::apt'}]", 'c8y_SoftwareUpdate': [{'name': 'asciijump', 'action': 'install', 'id': '5475369', 'version': '::apt', 'url': ' '}, {'name': 'robotfindskitten', 'action': 'install', 'id': '5474869', 'version': ' ', 'url': ' '}, {'name': 'squirrel3', 'action': 'install', 'id': '5475279', 'version': '3.1-7::apt', 'url': ' '}, {'name': 'rolldice', 'action': 'install', 'id': '5152439', 'version': '1.16-1+b1', 'url': ' '}, {'name': 'moon-buggy', 'action': 'install', 'id': '5439204', 'version': '1:1.0.51-12', 'url': ' '}, {'name': 'asciijump', 'action': 'install', 'id': '5475369', 'version': '::apt', 'url': ' '}]}
16:13:36 INFO  State of operation 17923429 : PENDING
16:13:39 INFO  State of operation 17923429 : EXECUTING
16:13:41 INFO  State of operation 17923429 : EXECUTING
16:13:43 INFO  State of operation 17923429 : EXECUTING
16:13:45 INFO  State of operation 17923429 : EXECUTING
16:13:47 INFO  State of operation 17923429 : EXECUTING
16:13:50 INFO  State of operation 17923429 : EXECUTING
16:13:53 INFO  State of operation 17923429 : EXECUTING
16:13:56 INFO  State of operation 17923429 : EXECUTING
16:13:58 INFO  State of operation 17923429 : EXECUTING
16:14:00 INFO  State of operation 17923429 : EXECUTING
16:14:03 INFO  State of operation 17923429 : EXECUTING
16:14:05 INFO  State of operation 17923429 : EXECUTING
16:14:07 INFO  State of operation 17923429 : EXECUTING
16:14:09 INFO  State of operation 17923429 : EXECUTING
16:14:12 INFO  State of operation 17923429 : EXECUTING
16:14:14 INFO  State of operation 17923429 : EXECUTING
16:14:16 INFO  State of operation 17923429 : EXECUTING
16:14:19 INFO  State of operation 17923429 : EXECUTING
16:14:21 INFO  State of operation 17923429 : EXECUTING
16:14:23 INFO  State of operation 17923429 : EXECUTING
16:14:26 INFO  State of operation 17923429 : EXECUTING
16:14:28 INFO  State of operation 17923429 : EXECUTING
16:14:30 INFO  State of operation 17923429 : EXECUTING
16:14:33 INFO  State of operation 17923429 : EXECUTING
16:14:35 INFO  State of operation 17923429 : EXECUTING
16:14:37 INFO  State of operation 17923429 : EXECUTING
16:14:40 INFO  State of operation 17923429 : EXECUTING
16:14:42 INFO  State of operation 17923429 : EXECUTING
16:14:44 INFO  State of operation 17923429 : EXECUTING
16:14:46 INFO  State of operation 17923429 : EXECUTING
16:14:49 INFO  State of operation 17923429 : EXECUTING
16:14:51 INFO  State of operation 17923429 : EXECUTING
16:14:53 INFO  State of operation 17923429 : EXECUTING
16:14:56 INFO  State of operation 17923429 : EXECUTING
16:14:58 INFO  State of operation 17923429 : EXECUTING
16:15:00 INFO  State of operation 17923429 : EXECUTING
16:15:02 INFO  State of operation 17923429 : EXECUTING
16:15:04 INFO  State of operation 17923429 : EXECUTING
16:15:07 INFO  State of operation 17923429 : EXECUTING
16:15:10 INFO  State of operation 17923429 : EXECUTING
16:15:12 INFO  State of operation 17923429 : EXECUTING
16:15:14 INFO  State of operation 17923429 : EXECUTING
16:15:18 INFO  State of operation 17923429 : EXECUTING
16:15:20 INFO  State of operation 17923429 : EXECUTING
16:15:23 INFO  State of operation 17923429 : EXECUTING
16:15:25 INFO  State of operation 17923429 : EXECUTING
16:15:27 INFO  State of operation 17923429 : EXECUTING
16:15:29 INFO  State of operation 17923429 : EXECUTING
16:15:32 INFO  State of operation 17923429 : EXECUTING
16:15:34 INFO  State of operation 17923429 : EXECUTING
16:15:37 INFO  State of operation 17923429 : EXECUTING
16:15:39 INFO  State of operation 17923429 : EXECUTING
16:15:41 INFO  State of operation 17923429 : EXECUTING
16:15:43 INFO  State of operation 17923429 : EXECUTING
16:15:46 INFO  State of operation 17923429 : EXECUTING
16:15:48 INFO  State of operation 17923429 : EXECUTING
16:15:51 INFO  State of operation 17923429 : EXECUTING
16:15:53 INFO  State of operation 17923429 : EXECUTING
16:15:56 INFO  State of operation 17923429 : EXECUTING
16:15:58 INFO  State of operation 17923429 : EXECUTING
16:16:00 WARN  SystemError occurred while running test - Timeout while waiting for status SUCCESSFUL or False
Traceback (most recent call last):
  File "/home/pi/env-pysys/lib/python3.7/site-packages/pysys/baserunner.py", line 1294, in __call__
    self.testObj.execute()
  File "/home/pi/actions-runner/_work/thin-edge.io/thin-edge.io/tests/PySys/software_management_end_to_end/sm_apt_install_remove_multiple_mixed/run.py", line 89, in execute
    self.wait_until_succcess()
  File "/home/pi/actions-runner/_work/thin-edge.io/thin-edge.io/tests/PySys/software_management_end_to_end/environment_sm_management.py", line 324, in wait_until_succcess
    self.wait_until_status("SUCCESSFUL")
  File "/home/pi/actions-runner/_work/thin-edge.io/thin-edge.io/tests/PySys/software_management_end_to_end/environment_sm_management.py", line 381, in wait_until_status
    "Timeout while waiting for status %s or %s" % (status, status2)
SystemError: Timeout while waiting for status SUCCESSFUL or False
16:16:00 WARN  SystemError: Timeout while waiting for status SUCCESSFUL or False ... blocked 
16:16:00 INFO  
16:16:00 INFO  cleanup:
16:16:06 INFO  Executed sudo&lt;tedge_disconnect_c8y&gt;, exit status 0
16:16:06 INFO  Executed systemctl&lt;serv_mapper5&gt;, exit status 3
16:16:06 INFO  
16:16:06 INFO  Test duration: 179.63 secs
16:16:06 INFO  Test final outcome:  BLOCKED
16:16:06 INFO  Test outcome reason: SystemError: Timeout while waiting for status SUCCESSFUL or False
16:16:06 INFO  
</system-out>
	</testcase>
<testcase classname="PySysTest" name="SoftwareManagement.sm_apt_install_remove_multiple_mixed">
		<failure message="BLOCKED: SystemError: Timeout while waiting for status SUCCESSFUL or False (+1 other failures)" type="BLOCKED" />
		<system-out>16:39:07 INFO  ==============================================================
16:39:07 INFO  Id:    SoftwareManagement.sm_apt_install_remove_multiple_mixed
16:39:07 INFO  Dir:   software_management_end_to_end/
16:39:07 INFO  Title: Validate end to end behaviour for the apt plugin for multiple packages with mixed versions
16:39:07 INFO  ==============================================================
16:39:07 INFO  Using sw id database: {'asciijump': '5475369', 'robotfindskitten': '5474869', 'squirrel3': '5475279', 'rolldice': '5152439', 'moon-buggy': '5439204', 'apple': '5495053', 'banana': '5494888', 'cherry': '5495382', 'watermelon': '5494510', 'registry': '8018911', 'hello-world': '8021526', 'docker/getting-started': '8021973', 'alpine': '7991792'}
16:39:07 INFO  EnvironmentC8y Setup
16:39:07 INFO  Executed systemctl&lt;serv_mapper1&gt;, exit status 3
16:39:08 INFO  Restarting mosquitto too frequently in the last 10 seconds. It was only up for 5 seconds
16:39:08 INFO  Delaying execution by 6 seconds
16:39:28 INFO  Executed sudo&lt;tedge_connect_c8y&gt;, exit status 0, duration 13 secs
16:39:28 INFO  Executed sudo&lt;tedge_connect_c8y_test&gt;, exit status 0
16:39:29 INFO  Executed systemctl&lt;serv_mosq2&gt;, exit status 0
16:39:29 INFO  Executed systemctl&lt;serv_mapper3&gt;, exit status 0
16:39:31 INFO  State of current operation: SUCCESSFUL
16:39:32 INFO  Assert that (False == value) with value=False ... passed
16:39:32 INFO  Assert that (False == value) with value=False ... passed
16:39:32 INFO  Assert that (False == value) with value=False ... passed
16:39:32 INFO  Assert that (False == value) with value=False ... passed
16:39:33 INFO  Package moon-buggy is installed
16:39:33 WARN  Assert that (False == value) with value=True ... failed 
16:39:34 INFO  Response status: 201
16:39:34 INFO  Response to action: {
    "creationTime": "2022-04-28T16:39:34.275Z",
    "deviceName": "mythica",
    "deviceId": "17915176",
    "self": "https://t493319102.eu-latest.cumulocity.com/devicecontrol/operations/17923714",
    "id": "17923714",
    "status": "PENDING",
    "description": "Apply software changes, triggered from PySys: [{'action': 'install', 'id': '5475369', 'name': 'asciijump', 'url': ' ', 'version': '::apt'}, {'action': 'install', 'id': '5474869', 'name': 'robotfindskitten', 'url': ' ', 'version': ' '}, {'action': 'install', 'id': '5475279', 'name': 'squirrel3', 'url': ' ', 'version': '3.1-7::apt'}, {'action': 'install', 'id': '5152439', 'name': 'rolldice', 'url': ' ', 'version': '1.16-1+b1'}, {'action': 'install', 'id': '5439204', 'name': 'moon-buggy', 'url': ' ', 'version': '1:1.0.51-12'}, {'action': 'install', 'id': '5475369', 'name': 'asciijump', 'url': ' ', 'version': '::apt'}]",
    "c8y_SoftwareUpdate": [
        {
            "name": "asciijump",
            "action": "install",
            "id": "5475369",
            "version": "::apt",
            "url": " "
        },
        {
            "name": "robotfindskitten",
            "action": "install",
            "id": "5474869",
            "version": " ",
            "url": " "
        },
        {
            "name": "squirrel3",
            "action": "install",
            "id": "5475279",
            "version": "3.1-7::apt",
            "url": " "
        },
        {
            "name": "rolldice",
            "action": "install",
            "id": "5152439",
            "version": "1.16-1+b1",
            "url": " "
        },
        {
            "name": "moon-buggy",
            "action": "install",
            "id": "5439204",
            "version": "1:1.0.51-12",
            "url": " "
        },
        {
            "name": "asciijump",
            "action": "install",
            "id": "5475369",
            "version": "::apt",
            "url": " "
        }
    ]
}
16:39:34 INFO  Started operation: {'creationTime': '2022-04-28T16:39:34.275Z', 'deviceName': 'mythica', 'deviceId': '17915176', 'self': 'https://t493319102.eu-latest.cumulocity.com/devicecontrol/operations/17923714', 'id': '17923714', 'status': 'PENDING', 'description': "Apply software changes, triggered from PySys: [{'action': 'install', 'id': '5475369', 'name': 'asciijump', 'url': ' ', 'version': '::apt'}, {'action': 'install', 'id': '5474869', 'name': 'robotfindskitten', 'url': ' ', 'version': ' '}, {'action': 'install', 'id': '5475279', 'name': 'squirrel3', 'url': ' ', 'version': '3.1-7::apt'}, {'action': 'install', 'id': '5152439', 'name': 'rolldice', 'url': ' ', 'version': '1.16-1+b1'}, {'action': 'install', 'id': '5439204', 'name': 'moon-buggy', 'url': ' ', 'version': '1:1.0.51-12'}, {'action': 'install', 'id': '5475369', 'name': 'asciijump', 'url': ' ', 'version': '::apt'}]", 'c8y_SoftwareUpdate': [{'name': 'asciijump', 'action': 'install', 'id': '5475369', 'version': '::apt', 'url': ' '}, {'name': 'robotfindskitten', 'action': 'install', 'id': '5474869', 'version': ' ', 'url': ' '}, {'name': 'squirrel3', 'action': 'install', 'id': '5475279', 'version': '3.1-7::apt', 'url': ' '}, {'name': 'rolldice', 'action': 'install', 'id': '5152439', 'version': '1.16-1+b1', 'url': ' '}, {'name': 'moon-buggy', 'action': 'install', 'id': '5439204', 'version': '1:1.0.51-12', 'url': ' '}, {'name': 'asciijump', 'action': 'install', 'id': '5475369', 'version': '::apt', 'url': ' '}]}
16:39:36 INFO  State of operation 17923714 : PENDING
16:39:38 INFO  State of operation 17923714 : EXECUTING
16:39:40 INFO  State of operation 17923714 : EXECUTING
16:39:43 INFO  State of operation 17923714 : EXECUTING
16:39:45 INFO  State of operation 17923714 : EXECUTING
16:39:47 INFO  State of operation 17923714 : EXECUTING
16:39:50 INFO  State of operation 17923714 : EXECUTING
16:39:52 INFO  State of operation 17923714 : EXECUTING
16:39:55 INFO  State of operation 17923714 : EXECUTING
16:39:57 INFO  State of operation 17923714 : EXECUTING
16:39:59 INFO  State of operation 17923714 : EXECUTING
16:40:02 INFO  State of operation 17923714 : EXECUTING
16:40:04 INFO  State of operation 17923714 : EXECUTING
16:40:06 INFO  State of operation 17923714 : EXECUTING
16:40:08 INFO  State of operation 17923714 : EXECUTING
16:40:11 INFO  State of operation 17923714 : EXECUTING
16:40:13 INFO  State of operation 17923714 : EXECUTING
16:40:15 INFO  State of operation 17923714 : EXECUTING
16:40:18 INFO  State of operation 17923714 : EXECUTING
16:40:20 INFO  State of operation 17923714 : EXECUTING
16:40:23 INFO  State of operation 17923714 : EXECUTING
16:40:25 INFO  State of operation 17923714 : EXECUTING
16:40:27 INFO  State of operation 17923714 : EXECUTING
16:40:29 INFO  State of operation 17923714 : EXECUTING
16:40:32 INFO  State of operation 17923714 : EXECUTING
16:40:34 INFO  State of operation 17923714 : EXECUTING
16:40:37 INFO  State of operation 17923714 : EXECUTING
16:40:40 INFO  State of operation 17923714 : EXECUTING
16:40:42 INFO  State of operation 17923714 : EXECUTING
16:40:45 INFO  State of operation 17923714 : EXECUTING
16:40:47 INFO  State of operation 17923714 : EXECUTING
16:40:49 INFO  State of operation 17923714 : EXECUTING
16:40:51 INFO  State of operation 17923714 : EXECUTING
16:40:54 INFO  State of operation 17923714 : EXECUTING
16:40:56 INFO  State of operation 17923714 : EXECUTING
16:40:58 INFO  State of operation 17923714 : EXECUTING
16:41:00 INFO  State of operation 17923714 : EXECUTING
16:41:03 INFO  State of operation 17923714 : EXECUTING
16:41:05 INFO  State of operation 17923714 : EXECUTING
16:41:08 INFO  State of operation 17923714 : EXECUTING
16:41:11 INFO  State of operation 17923714 : EXECUTING
16:41:13 INFO  State of operation 17923714 : EXECUTING
16:41:15 INFO  State of operation 17923714 : EXECUTING
16:41:18 INFO  State of operation 17923714 : EXECUTING
16:41:20 INFO  State of operation 17923714 : EXECUTING
16:41:22 INFO  State of operation 17923714 : EXECUTING
16:41:24 INFO  State of operation 17923714 : EXECUTING
16:41:27 INFO  State of operation 17923714 : EXECUTING
16:41:29 INFO  State of operation 17923714 : EXECUTING
16:41:31 INFO  State of operation 17923714 : EXECUTING
16:41:34 INFO  State of operation 17923714 : EXECUTING
16:41:36 INFO  State of operation 17923714 : EXECUTING
16:41:39 INFO  State of operation 17923714 : EXECUTING
16:41:41 INFO  State of operation 17923714 : EXECUTING
16:41:43 INFO  State of operation 17923714 : EXECUTING
16:41:45 INFO  State of operation 17923714 : EXECUTING
16:41:48 INFO  State of operation 17923714 : EXECUTING
16:41:50 INFO  State of operation 17923714 : EXECUTING
16:41:53 INFO  State of operation 17923714 : EXECUTING
16:41:55 INFO  State of operation 17923714 : EXECUTING
16:41:58 INFO  State of operation 17923714 : EXECUTING
16:42:00 WARN  SystemError occurred while running test - Timeout while waiting for status SUCCESSFUL or False
Traceback (most recent call last):
  File "/home/pi/env-pysys/lib/python3.7/site-packages/pysys/baserunner.py", line 1294, in __call__
    self.testObj.execute()
  File "/home/pi/actions-runner/_work/thin-edge.io/thin-edge.io/tests/PySys/software_management_end_to_end/sm_apt_install_remove_multiple_mixed/run.py", line 89, in execute
    self.wait_until_succcess()
  File "/home/pi/actions-runner/_work/thin-edge.io/thin-edge.io/tests/PySys/software_management_end_to_end/environment_sm_management.py", line 324, in wait_until_succcess
    self.wait_until_status("SUCCESSFUL")
  File "/home/pi/actions-runner/_work/thin-edge.io/thin-edge.io/tests/PySys/software_management_end_to_end/environment_sm_management.py", line 381, in wait_until_status
    "Timeout while waiting for status %s or %s" % (status, status2)
SystemError: Timeout while waiting for status SUCCESSFUL or False
16:42:00 WARN  SystemError: Timeout while waiting for status SUCCESSFUL or False ... blocked 
16:42:00 INFO  
16:42:00 INFO  cleanup:
16:42:06 INFO  Executed sudo&lt;tedge_disconnect_c8y&gt;, exit status 0
16:42:07 INFO  Executed systemctl&lt;serv_mapper5&gt;, exit status 3
16:42:07 INFO  
16:42:07 INFO  Test duration: 180.35 secs
16:42:07 INFO  Test final outcome:  BLOCKED
16:42:07 INFO  Test outcome reason: SystemError: Timeout while waiting for status SUCCESSFUL or False (+1 other failures)
16:42:07 INFO  
</system-out>
	</testcase>
</testsuite><testsuite name="SoftwareManagement.sm_apt_install_remove_with_version" tests="3" errors="0" failures="0" skipped="1" time="0"><testcase classname="PySysTest" name="SoftwareManagement.sm_apt_install_remove_with_version">
		<skipped message="SKIPPED: Testing the apt plugin is not supported on this platform.Use parameter -XmyPlatform='container' to enable it" />
		<system-out>15:36:26 INFO  ==============================================================
15:36:26 INFO  Id:    SoftwareManagement.sm_apt_install_remove_with_version
15:36:26 INFO  Dir:   software_management_end_to_end/
15:36:26 INFO  Title: Validate end to end behaviour for the apt plugin for packages with version
15:36:26 INFO  ==============================================================
15:36:26 INFO  Testing the apt plugin is not supported on this platform.Use parameter -XmyPlatform='container' to enable it ... skipped
15:36:26 WARN  Aborted test due to SKIPPED outcome
15:36:26 INFO  
15:36:26 INFO  Test duration: 0.02 secs
15:36:26 INFO  Test final outcome:  SKIPPED
15:36:26 INFO  Test outcome reason: Testing the apt plugin is not supported on this platform.Use parameter -XmyPlatform='container' to enable it
15:36:26 INFO  
</system-out>
	</testcase>
<testcase classname="PySysTest" name="SoftwareManagement.sm_apt_install_remove_with_version" />
<testcase classname="PySysTest" name="SoftwareManagement.sm_apt_install_remove_with_version" />
</testsuite><testsuite name="SoftwareManagement.sm_docker_install_remove_multiple" tests="3" errors="0" failures="2" skipped="1" time="0"><testcase classname="SMDockerInstallRemove" name="SoftwareManagement.sm_docker_install_remove_multiple">
		<skipped message="SKIPPED: Testing the apt plugin is not supported on this platform.Use parameter -XmyPlatform='container' to enable it" />
		<system-out>15:36:26 INFO  ==============================================================
15:36:26 INFO  Id:    SoftwareManagement.sm_docker_install_remove_multiple
15:36:26 INFO  Dir:   software_management_end_to_end/
15:36:26 INFO  Title: Validate end to end behaviour for the docker plugin for multiple docker images with mixed versions
15:36:26 INFO  ==============================================================
15:36:26 INFO  Testing the apt plugin is not supported on this platform.Use parameter -XmyPlatform='container' to enable it ... skipped
15:36:26 WARN  Aborted test due to SKIPPED outcome
15:36:26 INFO  
15:36:26 INFO  Test duration: 0.02 secs
15:36:26 INFO  Test final outcome:  SKIPPED
15:36:26 INFO  Test outcome reason: Testing the apt plugin is not supported on this platform.Use parameter -XmyPlatform='container' to enable it
15:36:26 INFO  
</system-out>
	</testcase>
<testcase classname="SMDockerInstallRemove" name="SoftwareManagement.sm_docker_install_remove_multiple">
		<failure message="BLOCKED: SystemError: The operation has failed" type="BLOCKED" />
		<system-out>16:24:29 INFO  ==============================================================
16:24:29 INFO  Id:    SoftwareManagement.sm_docker_install_remove_multiple
16:24:29 INFO  Dir:   software_management_end_to_end/
16:24:29 INFO  Title: Validate end to end behaviour for the docker plugin for multiple docker images with mixed versions
16:24:29 INFO  ==============================================================
16:24:31 INFO  Using sw id database: {'asciijump': '5475369', 'robotfindskitten': '5474869', 'squirrel3': '5475279', 'rolldice': '5152439', 'moon-buggy': '5439204', 'apple': '5495053', 'banana': '5494888', 'cherry': '5495382', 'watermelon': '5494510', 'registry': '8018911', 'hello-world': '8021526', 'docker/getting-started': '8021973', 'alpine': '7991792'}
16:24:31 INFO  EnvironmentC8y Setup
16:24:32 INFO  Executed systemctl&lt;serv_mapper1&gt;, exit status 3
16:24:49 INFO  Executed sudo&lt;tedge_connect_c8y&gt;, exit status 0, duration 16 secs
16:24:50 INFO  Executed sudo&lt;tedge_connect_c8y_test&gt;, exit status 0
16:24:51 INFO  Executed systemctl&lt;serv_mosq2&gt;, exit status 0
16:24:51 INFO  Executed systemctl&lt;serv_mapper3&gt;, exit status 0
16:24:53 INFO  State of current operation: SUCCESSFUL
16:24:54 INFO  Response status: 201
16:24:54 INFO  Response to action: {
    "creationTime": "2022-04-28T16:24:53.967Z",
    "deviceName": "mythica",
    "deviceId": "17915176",
    "self": "https://t493319102.eu-latest.cumulocity.com/devicecontrol/operations/17923474",
    "id": "17923474",
    "status": "PENDING",
    "description": "Apply software changes, triggered from PySys: [{'action': 'install', 'id': '8021526', 'name': 'hello-world', 'url': '', 'version': '::docker'}, {'action': 'install', 'id': '8018911', 'name': 'registry', 'url': '', 'version': '2.6.2::docker'}]",
    "c8y_SoftwareUpdate": [
        {
            "name": "hello-world",
            "action": "install",
            "id": "8021526",
            "version": "::docker",
            "url": ""
        },
        {
            "name": "registry",
            "action": "install",
            "id": "8018911",
            "version": "2.6.2::docker",
            "url": ""
        }
    ]
}
16:24:54 INFO  Started operation: {'creationTime': '2022-04-28T16:24:53.967Z', 'deviceName': 'mythica', 'deviceId': '17915176', 'self': 'https://t493319102.eu-latest.cumulocity.com/devicecontrol/operations/17923474', 'id': '17923474', 'status': 'PENDING', 'description': "Apply software changes, triggered from PySys: [{'action': 'install', 'id': '8021526', 'name': 'hello-world', 'url': '', 'version': '::docker'}, {'action': 'install', 'id': '8018911', 'name': 'registry', 'url': '', 'version': '2.6.2::docker'}]", 'c8y_SoftwareUpdate': [{'name': 'hello-world', 'action': 'install', 'id': '8021526', 'version': '::docker', 'url': ''}, {'name': 'registry', 'action': 'install', 'id': '8018911', 'version': '2.6.2::docker', 'url': ''}]}
16:24:56 INFO  State of operation 17923474 : PENDING
16:24:58 INFO  State of operation 17923474 : EXECUTING
16:25:00 INFO  State of operation 17923474 : EXECUTING
16:25:02 INFO  State of operation 17923474 : EXECUTING
16:25:05 INFO  State of operation 17923474 : EXECUTING
16:25:07 INFO  State of operation 17923474 : EXECUTING
16:25:09 INFO  State of operation 17923474 : EXECUTING
16:25:12 INFO  State of operation 17923474 : EXECUTING
16:25:14 INFO  State of operation 17923474 : EXECUTING
16:25:16 INFO  State of operation 17923474 : EXECUTING
16:25:19 INFO  State of operation 17923474 : EXECUTING
16:25:22 INFO  State of operation 17923474 : EXECUTING
16:25:24 INFO  State of operation 17923474 : EXECUTING
16:25:26 INFO  State of operation 17923474 : EXECUTING
16:25:28 INFO  State of operation 17923474 : EXECUTING
16:25:31 INFO  State of operation 17923474 : EXECUTING
16:25:33 INFO  State of operation 17923474 : SUCCESSFUL
16:25:34 INFO  Package hello-world is installed
16:25:34 INFO  Package hello-world is installed
16:25:34 INFO  Assert that (True == value) with value=True ... passed
16:25:34 INFO  Package registry is installed
16:25:34 INFO  Assert that (True == value) with value=True ... passed
16:25:35 INFO  Assert that (False == value) with value=False ... passed
16:25:35 INFO  Response status: 201
16:25:35 INFO  Response to action: {
    "creationTime": "2022-04-28T16:25:35.401Z",
    "deviceName": "mythica",
    "deviceId": "17915176",
    "self": "https://t493319102.eu-latest.cumulocity.com/devicecontrol/operations/17923486",
    "id": "17923486",
    "status": "PENDING",
    "description": "Apply software changes, triggered from PySys: [{'action': 'install', 'id': '8018911', 'name': 'registry', 'url': '', 'version': '2.7.1::docker'}, {'action': 'install', 'id': '7991792', 'name': 'alpine', 'url': '', 'version': '::docker'}]",
    "c8y_SoftwareUpdate": [
        {
            "name": "registry",
            "action": "install",
            "id": "8018911",
            "version": "2.7.1::docker",
            "url": ""
        },
        {
            "name": "alpine",
            "action": "install",
            "id": "7991792",
            "version": "::docker",
            "url": ""
        }
    ]
}
16:25:35 INFO  Started operation: {'creationTime': '2022-04-28T16:25:35.401Z', 'deviceName': 'mythica', 'deviceId': '17915176', 'self': 'https://t493319102.eu-latest.cumulocity.com/devicecontrol/operations/17923486', 'id': '17923486', 'status': 'PENDING', 'description': "Apply software changes, triggered from PySys: [{'action': 'install', 'id': '8018911', 'name': 'registry', 'url': '', 'version': '2.7.1::docker'}, {'action': 'install', 'id': '7991792', 'name': 'alpine', 'url': '', 'version': '::docker'}]", 'c8y_SoftwareUpdate': [{'name': 'registry', 'action': 'install', 'id': '8018911', 'version': '2.7.1::docker', 'url': ''}, {'name': 'alpine', 'action': 'install', 'id': '7991792', 'version': '::docker', 'url': ''}]}
16:25:37 INFO  State of operation 17923486 : PENDING
16:25:39 INFO  State of operation 17923486 : EXECUTING
16:25:42 INFO  State of operation 17923486 : EXECUTING
16:25:44 INFO  State of operation 17923486 : EXECUTING
16:25:46 INFO  State of operation 17923486 : EXECUTING
16:25:48 INFO  State of operation 17923486 : EXECUTING
16:25:51 INFO  State of operation 17923486 : EXECUTING
16:25:53 INFO  State of operation 17923486 : FAILED
16:25:53 ERROR Stopping as the operation has failed
[...]
15:28:35 WARN  Aborted test due to SKIPPED outcome
15:28:35 INFO  
15:28:35 INFO  Test duration: 0.02 secs
15:28:35 INFO  Test final outcome:  SKIPPED
15:28:35 INFO  Test outcome reason: Testing the docker plugin is not supported on this platform.To run it, all the test with -XmyPlatform='container'
15:28:35 INFO  
</system-out>
	</testcase>
<testcase classname="DockerPluginUpdateTest" name="docker_plugin_update" />
</testsuite><testsuite name="invalid_device_id" tests="1" errors="0" failures="0" skipped="0" time="0"><testcase classname="InvalidDeviceId" name="invalid_device_id" />
</testsuite><testsuite name="local_mqtt_pub_fail_noqos" tests="1" errors="0" failures="0" skipped="0" time="0"><testcase classname="PySysTest" name="local_mqtt_pub_fail_noqos" />
</testsuite><testsuite name="local_mqtt_pub_fail_qos0" tests="1" errors="0" failures="0" skipped="0" time="0"><testcase classname="PySysTest" name="local_mqtt_pub_fail_qos0" />
</testsuite><testsuite name="local_mqtt_pub_fail_qos1" tests="1" errors="0" failures="0" skipped="0" time="0"><testcase classname="PySysTest" name="local_mqtt_pub_fail_qos1" />
</testsuite><testsuite name="local_mqtt_pub_fail_qos2" tests="1" errors="0" failures="0" skipped="0" time="0"><testcase classname="PySysTest" name="local_mqtt_pub_fail_qos2" />
</testsuite><testsuite name="local_mqtt_pub_sub" tests="1" errors="0" failures="0" skipped="0" time="0"><testcase classname="PySysTest" name="local_mqtt_pub_sub" />
</testsuite><testsuite name="local_mqtt_pub_sub_retain" tests="1" errors="0" failures="0" skipped="0" time="0"><testcase classname="MqttPublishWithRetain" name="local_mqtt_pub_sub_retain" />
</testsuite><testsuite name="local_mqtt_pub_sub_with_sudo" tests="1" errors="0" failures="0" skipped="0" time="0"><testcase classname="PySysTest" name="local_mqtt_pub_sub_with_sudo" />
</testsuite><testsuite name="local_mqtt_sub_fail" tests="1" errors="0" failures="0" skipped="0" time="0"><testcase classname="PySysTest" name="local_mqtt_sub_fail" />
</testsuite><testsuite name="log_request_error_messages" tests="1" errors="0" failures="1" skipped="0" time="0"><testcase classname="LogRequestVerifySearchTextError" name="log_request_error_messages">
		<failure message="FAILED: Assert that (True == value) with value=False" type="FAILED" />
		<system-out>15:25:50 INFO  ==============================================================
15:25:50 INFO  Id:    log_request_error_messages
15:25:50 INFO  Dir:   log_request_end_to_end/
15:25:50 INFO  Title: Validate end to end behaviour for the log request operation check for error messages
15:25:50 INFO  ==============================================================
15:25:52 INFO  EnvironmentC8y Setup
15:25:52 INFO  Executed systemctl&lt;serv_mapper1&gt;, exit status 3
15:25:52 INFO  Restarting mosquitto too frequently in the last 10 seconds. It was only up for 3 seconds
15:25:52 INFO  Delaying execution by 8 seconds
15:26:14 INFO  Executed sudo&lt;tedge_connect_c8y&gt;, exit status 0, duration 13 secs
15:26:15 INFO  Executed sudo&lt;tedge_connect_c8y_test&gt;, exit status 0
15:26:16 INFO  Executed systemctl&lt;serv_mosq2&gt;, exit status 0
15:26:16 INFO  Executed systemctl&lt;serv_mapper3&gt;, exit status 0
15:26:17 INFO  Executed sudo&lt;rm_logs&gt;, exit status 0
15:26:17 INFO  Executed sudo&lt;move_logs&gt;, exit status 0
15:26:18 INFO  log response None
15:26:18 WARN  retry, retrying in 1 seconds...
15:26:19 INFO  log response https://thin-edge-io.eu-latest.cumulocity.com/event/events/17915236/binaries
15:26:20 WARN  Assert that (True == value) with value=False ... failed [run.py:43]
15:26:20 INFO  
15:26:20 INFO  cleanup:
15:26:21 INFO  Executed sudo&lt;rm_logs&gt;, exit status 0
15:26:21 INFO  Executed sudo&lt;rm_tmp_logs&gt;, exit status 0
15:26:22 INFO  Executed sudo&lt;send_failed&gt;, exit status 0
15:26:26 INFO  Executed sudo&lt;tedge_disconnect_c8y&gt;, exit status 0
15:26:26 INFO  Executed systemctl&lt;serv_mapper5&gt;, exit status 3
15:26:26 INFO  
15:26:26 INFO  Test duration: 35.87 secs
15:26:26 INFO  Test final outcome:  FAILED
15:26:26 INFO  Test outcome reason: Assert that (True == value) with value=False
15:26:26 INFO  
</system-out>
	</testcase>
</testsuite><testsuite name="log_request_num_lines" tests="1" errors="0" failures="1" skipped="0" time="0"><testcase classname="LogRequestVerifyNumberOfLines" name="log_request_num_lines">
		<failure message="FAILED: Assert that (True == value) with value=False" type="FAILED" />
		<system-out>15:26:26 INFO  ==============================================================
15:26:26 INFO  Id:    log_request_num_lines
15:26:26 INFO  Dir:   log_request_end_to_end/
15:26:26 INFO  Title: Validate end to end behaviour for the log request operation check for number of lines
15:26:26 INFO  ==============================================================
15:26:26 INFO  EnvironmentC8y Setup
15:26:27 INFO  Executed systemctl&lt;serv_mapper1&gt;, exit status 3
15:26:27 INFO  Restarting mosquitto too frequently in the last 10 seconds. It was only up for 4 seconds
15:26:27 INFO  Delaying execution by 7 seconds
15:26:48 INFO  Executed sudo&lt;tedge_connect_c8y&gt;, exit status 0, duration 14 secs
15:26:49 INFO  Executed sudo&lt;tedge_connect_c8y_test&gt;, exit status 0
15:26:49 INFO  Executed systemctl&lt;serv_mosq2&gt;, exit status 0
15:26:50 INFO  Executed systemctl&lt;serv_mapper3&gt;, exit status 0
15:26:50 INFO  Executed sudo&lt;rm_logs&gt;, exit status 0
15:26:51 INFO  Executed sudo&lt;move_logs&gt;, exit status 0
15:26:52 INFO  log response None
15:26:52 WARN  retry, retrying in 1 seconds...
15:26:53 INFO  log response https://thin-edge-io.eu-latest.cumulocity.com/event/events/17915248/binaries
15:26:53 INFO  nlines 0
15:26:53 WARN  Assert that (True == value) with value=False ... failed [run.py:44]
15:26:53 INFO  
15:26:53 INFO  cleanup:
15:26:54 INFO  Executed sudo&lt;rm_logs&gt;, exit status 0
15:26:54 INFO  Executed sudo&lt;rm_tmp_logs&gt;, exit status 0
15:26:55 INFO  Executed sudo&lt;send_failed&gt;, exit status 0
15:26:59 INFO  Executed sudo&lt;tedge_disconnect_c8y&gt;, exit status 0
15:26:59 INFO  Executed systemctl&lt;serv_mapper5&gt;, exit status 3
15:26:59 INFO  
15:26:59 INFO  Test duration: 33.21 secs
15:26:59 INFO  Test final outcome:  FAILED
15:26:59 INFO  Test outcome reason: Assert that (True == value) with value=False
15:26:59 INFO  
</system-out>
	</testcase>
</testsuite><testsuite name="mapper_awaits_before_reconnect" tests="1" errors="0" failures="0" skipped="0" time="0"><testcase classname="MapperReconnectAwait" name="mapper_awaits_before_reconnect" />
</testsuite><testsuite name="monitoring_smaller_interval" tests="1" errors="0" failures="0" skipped="1" time="0"><testcase classname="MonitoringSmallInterval" name="monitoring_smaller_interval">
		<skipped message="SKIPPED: Fails due to retained message" />
		<system-out>15:28:30 INFO  ==============================================================
15:28:30 INFO  Id:    monitoring_smaller_interval
15:28:30 INFO  Dir:   monitoring/
15:28:30 INFO  Title: Validate the tedge dm agent messages that are produced with smaller sampling interval than the batching window. Here the simulated collectd messages are used
15:28:30 INFO  ==============================================================
15:28:30 INFO  Fails due to retained message ... skipped
15:28:30 INFO  
15:28:30 INFO  Test duration: 0.02 secs
15:28:30 INFO  Test final outcome:  SKIPPED
15:28:30 INFO  Test outcome reason: Fails due to retained message
15:28:30 INFO  
</system-out>
	</testcase>
</testsuite><testsuite name="monitoring_with_collectd" tests="1" errors="0" failures="0" skipped="1" time="0"><testcase classname="MonitoringWithCollectd" name="monitoring_with_collectd">
		<skipped message="SKIPPED: Test execution disabled due to #792 (instable)" />
		<system-out>15:28:30 INFO  ==============================================================
15:28:30 INFO  Id:    monitoring_with_collectd
15:28:30 INFO  Dir:   monitoring/
15:28:30 INFO  Title: Validate tedge dm agent messages that are produced by batching the collectd messages
15:28:30 INFO  ==============================================================
15:28:30 INFO  Test execution disabled due to #792 (instable) ... skipped
15:28:30 INFO  
15:28:30 INFO  Test duration: 0.02 secs
15:28:30 INFO  Test final outcome:  SKIPPED
15:28:30 INFO  Test outcome reason: Test execution disabled due to #792 (instable)
15:28:30 INFO  
</system-out>
	</testcase>
</testsuite><testsuite name="monitoring_with_simulated_messages" tests="1" errors="0" failures="0" skipped="1" time="0"><testcase classname="MonitoringWithSimulatedMessages" name="monitoring_with_simulated_messages">
		<skipped message="SKIPPED: Fails due to retained message" />
		<system-out>15:28:30 INFO  ==============================================================
15:28:30 INFO  Id:    monitoring_with_simulated_messages
15:28:30 INFO  Dir:   monitoring/
15:28:30 INFO  Title: Validate the tedge dm agent messages that are produced from the simulated collectd messages
15:28:30 INFO  ==============================================================
15:28:30 INFO  Fails due to retained message ... skipped
15:28:30 INFO  
15:28:30 INFO  Test duration: 0.02 secs
15:28:30 INFO  Test final outcome:  SKIPPED
15:28:30 INFO  Test outcome reason: Fails due to retained message
15:28:30 INFO  
</system-out>
	</testcase>
</testsuite><testsuite name="mqtt_port_change_connection_fails" tests="1" errors="0" failures="0" skipped="0" time="0"><testcase classname="MqttPortChangeConnectionFails" name="mqtt_port_change_connection_fails" />
</testsuite><testsuite name="mqtt_port_change_connection_works" tests="1" errors="0" failures="0" skipped="1" time="0"><testcase classname="MqttPortChangeConnectionWorks" name="mqtt_port_change_connection_works">
		<skipped message="SKIPPED: failing intermitently" />
		<system-out>15:27:35 INFO  ==============================================================
15:27:35 INFO  Id:    mqtt_port_change_connection_works
15:27:35 INFO  Dir:   misc_features/
15:27:35 INFO  Title: mqtt port change connection works for all the thin-edge services that use the mosquitto broker
15:27:35 INFO  ==============================================================
15:27:35 INFO  failing intermitently ... skipped
15:27:35 INFO  
15:27:35 INFO  Test duration: 0.02 secs
15:27:35 INFO  Test final outcome:  SKIPPED
15:27:35 INFO  Test outcome reason: failing intermitently
15:27:35 INFO  
</system-out>
	</testcase>
</testsuite><testsuite name="mqtt_port_set" tests="1" errors="0" failures="0" skipped="0" time="0"><testcase classname="MqttPortSet" name="mqtt_port_set" />
</testsuite><testsuite name="mqtt_port_unset" tests="1" errors="0" failures="0" skipped="0" time="0"><testcase classname="MqttPortUnSet" name="mqtt_port_unset" />
</testsuite><testsuite name="publish_flux" tests="1" errors="0" failures="0" skipped="0" time="0"><testcase classname="PublishFlux" name="publish_flux" />
</testsuite><testsuite name="publish_sawmill" tests="1" errors="0" failures="0" skipped="0" time="0"><testcase classname="PublishSawmill" name="publish_sawmill" />
</testsuite><testsuite name="pysys_block" tests="1" errors="0" failures="0" skipped="1" time="0"><testcase classname="Fail" name="pysys_block">
		<skipped message="SKIPPED: Enable this to observe a blocking test" />
		<system-out>15:27:57 INFO  ==============================================================
15:27:57 INFO  Id:    pysys_block
15:27:57 INFO  Dir:   misc_features/
15:27:57 INFO  Title: fail
15:27:57 INFO  ==============================================================
15:27:57 INFO  Enable this to observe a blocking test ... skipped
15:27:57 INFO  
15:27:57 INFO  Test duration: 0.02 secs
15:27:57 INFO  Test final outcome:  SKIPPED
15:27:57 INFO  Test outcome reason: Enable this to observe a blocking test
15:27:57 INFO  
</system-out>
	</testcase>
</testsuite><testsuite name="pysys_fail" tests="1" errors="0" failures="0" skipped="1" time="0"><testcase classname="Fail" name="pysys_fail">
		<skipped message="SKIPPED: Enable this to observe a failing test" />
		<system-out>15:27:57 INFO  ==============================================================
15:27:57 INFO  Id:    pysys_fail
15:27:57 INFO  Dir:   misc_features/
15:27:57 INFO  Title: fail
15:27:57 INFO  ==============================================================
15:27:57 INFO  Enable this to observe a failing test ... skipped
15:27:57 INFO  
15:27:57 INFO  Test duration: 0.01 secs
15:27:57 INFO  Test final outcome:  SKIPPED
15:27:57 INFO  Test outcome reason: Enable this to observe a failing test
15:27:57 INFO  
</system-out>
	</testcase>
</testsuite><testsuite name="runtime_start_two_mappers" tests="1" errors="0" failures="1" skipped="0" time="0"><testcase classname="RuntimeMultiMappers" name="runtime_start_two_mappers">
		<failure message="FAILED: Grep on tedge_mapper2.err contains &quot;Error: Couldn't acquire file lock.&quot;" type="FAILED" />
		<system-out>15:40:03 INFO  ==============================================================
15:40:03 INFO  Id:    runtime_start_two_mappers
15:40:03 INFO  Dir:   tedge_mapper_c8y/
15:40:03 INFO  Title: Validate two mappers can't be started at the same time
15:40:03 INFO  ==============================================================
15:40:04 INFO  Executed sudo&lt;tedge_mapper1&gt;, exit status 0
15:40:04 INFO  Waiting for 0.1 seconds
15:40:04 INFO  Executed sudo&lt;tedge_mapper2&gt;, exit status 1
15:40:05 INFO  Executed sudo&lt;tedge_mapper1&gt;, exit status 0
15:40:05 WARN  Grep on tedge_mapper2.err contains "Error: Couldn't acquire file lock." ... failed [run.py:46]
15:40:05 INFO  
15:40:05 INFO  Test duration: 1.76 secs
15:40:05 INFO  Test final outcome:  FAILED
15:40:05 INFO  Test outcome reason: Grep on tedge_mapper2.err contains "Error: Couldn't acquire file lock."
15:40:05 INFO  
</system-out>
	</testcase>
</testsuite><testsuite name="sm_tedge_mapper_init_session" tests="1" errors="0" failures="0" skipped="0" time="0"><testcase classname="TedgeSMMapperInitSession" name="sm_tedge_mapper_init_session" />
</testsuite><testsuite name="smoketest_json" tests="1" errors="0" failures="0" skipped="0" time="0"><testcase classname="SmokeTestJson" name="smoketest_json" />
</testsuite><testsuite name="smoketest_json_400_samples_10ms" tests="1" errors="0" failures="0" skipped="0" time="0"><testcase classname="SmoketestJson400Samples10ms" name="smoketest_json_400_samples_10ms" />
</testsuite><testsuite name="smoketest_json_400_samples_20ms" tests="1" errors="0" failures="0" skipped="0" time="0"><testcase classname="SmoketestJson400Samples20ms" name="smoketest_json_400_samples_20ms" />
</testsuite><testsuite name="smoketest_smartrest" tests="1" errors="0" failures="0" skipped="0" time="0"><testcase classname="SmoketestSmartRest" name="smoketest_smartrest" />
</testsuite><testsuite name="smoketest_smartrest_200_samples_1Xms" tests="1" errors="0" failures="0" skipped="0" time="0"><testcase classname="SmoketestSmartRest200Samples1Xms" name="smoketest_smartrest_200_samples_1Xms" />
</testsuite><testsuite name="smoketest_smartrest_200_samples_20ms" tests="1" errors="0" failures="1" skipped="0" time="0"><testcase classname="SmoketestSmartRest200Samples20ms" name="smoketest_smartrest_200_samples_20ms">
		<failure message="BLOCKED: Failed to set up test: 'SmoketestSmartRest200Samples20ms'" type="BLOCKED" />
		<system-out>15:36:25 INFO  ==============================================================
15:36:25 INFO  Id:    smoketest_smartrest_200_samples_20ms
15:36:25 INFO  Dir:   smoketests/
15:36:25 INFO  Title: Smoketest SmartRest 200 Samples 20ms Delay
15:36:25 INFO  ==============================================================
15:36:25 WARN  Failed to set up test: 'SmoketestSmartRest200Samples20ms' ... blocked 
15:36:25 ERROR Caught KeyError while setting up test smoketest_smartrest_200_samples_20ms: 'SmoketestSmartRest200Samples20ms'
Traceback (most recent call last):
  File "/home/pi/env-pysys/lib/python3.7/site-packages/pysys/baserunner.py", line 1229, in __call__
    clazz = runpy_namespace[self.descriptor.classname]
KeyError: 'SmoketestSmartRest200Samples20ms'
15:36:25 INFO  
15:36:25 INFO  Test duration: 0.03 secs
15:36:25 INFO  Test final outcome:  BLOCKED
15:36:25 INFO  Test outcome reason: Failed to set up test: 'SmoketestSmartRest200Samples20ms'
15:36:25 INFO  
</system-out>
	</testcase>
</testsuite><testsuite name="tedge_agent_user_sudo_access" tests="1" errors="0" failures="0" skipped="1" time="0"><testcase classname="TedgeAgentUserSudoAccess" name="tedge_agent_user_sudo_access">
		<skipped message="SKIPPED: #955 Observation: Exit code of the apt plugin when called with no arguments" />
		<system-out>15:36:53 INFO  ==============================================================
15:36:53 INFO  Id:    tedge_agent_user_sudo_access
15:36:53 INFO  Dir:   tedge/
15:36:53 INFO  Title: Validate tedge-agent user has a limited sudo right
15:36:53 INFO  ==============================================================
15:36:53 INFO  #955 Observation: Exit code of the apt plugin when called with no arguments ... skipped
15:36:53 INFO  
15:36:53 INFO  Test duration: 0.02 secs
15:36:53 INFO  Test final outcome:  SKIPPED
15:36:53 INFO  Test outcome reason: #955 Observation: Exit code of the apt plugin when called with no arguments
15:36:53 INFO  
</system-out>
	</testcase>
</testsuite><testsuite name="tedge_connect_test_negative" tests="1" errors="0" failures="0" skipped="0" time="0"><testcase classname="TedgeConnectTestNegative" name="tedge_connect_test_negative" />
</testsuite><testsuite name="tedge_connect_test_positive" tests="1" errors="0" failures="0" skipped="0" time="0"><testcase classname="TedgeConnectTestPositive" name="tedge_connect_test_positive" />
</testsuite><testsuite name="tedge_connect_test_sm_services" tests="1" errors="0" failures="0" skipped="0" time="0"><testcase classname="TedgeConnectTestSMServices" name="tedge_connect_test_sm_services" />
</testsuite><testsuite name="tedge_disconnect_test_sm_services" tests="1" errors="0" failures="0" skipped="0" time="0"><testcase classname="TedgeDisConnectTestSMServices" name="tedge_disconnect_test_sm_services" />
</testsuite><testsuite name="tedge_mapper_az_negative" tests="1" errors="0" failures="0" skipped="0" time="0"><testcase classname="TedgeMapperAzError" name="tedge_mapper_az_negative" />
</testsuite><testsuite name="tedge_mapper_az_with_timestamp" tests="1" errors="0" failures="0" skipped="0" time="0"><testcase classname="TedgeMapperAzWithTimestamp" name="tedge_mapper_az_with_timestamp" />
</testsuite><testsuite name="tedge_mapper_az_without_timestamp" tests="1" errors="0" failures="0" skipped="0" time="0"><testcase classname="TedgeMapperAzWithoutTimestamp" name="tedge_mapper_az_without_timestamp" />
</testsuite><testsuite name="tedge_mapper_c8y_alarms" tests="1" errors="0" failures="0" skipped="0" time="0"><testcase classname="TedgeMapperC8yAlarm" name="tedge_mapper_c8y_alarms" />
</testsuite><testsuite name="tedge_mapper_c8y_child_device_measurement" tests="1" errors="0" failures="0" skipped="0" time="0"><testcase classname="TedgeMapperC8yChildDevice" name="tedge_mapper_c8y_child_device_measurement" />
</testsuite><testsuite name="tedge_mapper_c8y_packet_threshold_size" tests="1" errors="0" failures="0" skipped="0" time="0"><testcase classname="TedgeMapperC8yThresholdPacketSize" name="tedge_mapper_c8y_packet_threshold_size" />
</testsuite><testsuite name="tedge_software_update" tests="1" errors="0" failures="0" skipped="0" time="0"><testcase classname="PySysTest" name="tedge_software_update" />
</testsuite><testsuite name="valid_device_id" tests="1" errors="0" failures="0" skipped="0" time="0"><testcase classname="ValidateValidDeviceId" name="valid_device_id" />
</testsuite></testsuites>