<?xml version='1.0' encoding='utf-8'?>
<testsuites tests="149" failures="17" errors="0" skipped="49" time="0.0"><testsuite name="SoftwareManagement.Plugin.apama_plugin_install" tests="3" errors="0" failures="0" skipped="1" time="0"><testcase classname="ApamaPluginInstallTest" name="SoftwareManagement.Plugin.apama_plugin_install">
		<skipped message="SKIPPED: Apama plugin tests are disabled by default. Execute `pysys run` with `-XmyPlatform=container` to run these tests" />
		<system-out>15:28:18 INFO  ==============================================================
15:28:18 INFO  Id:    SoftwareManagement.Plugin.apama_plugin_install
15:28:18 INFO  Dir:   plugin_apama/
15:28:18 INFO  Title: Validate apama plugin install
15:28:18 INFO  ==============================================================
15:28:18 INFO  Apama plugin tests are disabled by default. Execute `pysys run` with `-XmyPlatform=container` to run these tests ... skipped
15:28:18 WARN  Aborted test due to SKIPPED outcome
15:28:18 INFO  
15:28:18 INFO  Test duration: 0.05 secs
15:28:18 INFO  Test final outcome:  SKIPPED
15:28:18 INFO  Test outcome reason: Apama plugin tests are disabled by default. Execute `pysys run` with `-XmyPlatform=container` to run these tests
15:28:18 INFO  
</system-out>
	</testcase>
<testcase classname="ApamaPluginInstallTest" name="SoftwareManagement.Plugin.apama_plugin_install" />
<testcase classname="ApamaPluginInstallTest" name="SoftwareManagement.Plugin.apama_plugin_install" />
</testsuite><testsuite name="SoftwareManagement.Plugin.apama_plugin_mon_support" tests="3" errors="0" failures="0" skipped="1" time="0"><testcase classname="ApamaPluginMonSupportTest" name="SoftwareManagement.Plugin.apama_plugin_mon_support">
		<skipped message="SKIPPED: Apama plugin tests are disabled by default. Execute `pysys run` with `-XmyPlatform=container` to run these tests" />
		<system-out>15:28:18 INFO  ==============================================================
15:28:18 INFO  Id:    SoftwareManagement.Plugin.apama_plugin_mon_support
15:28:18 INFO  Dir:   plugin_apama/
15:28:18 INFO  Title: Validate mon file support of apama plugin
15:28:18 INFO  ==============================================================
15:28:18 INFO  Apama plugin tests are disabled by default. Execute `pysys run` with `-XmyPlatform=container` to run these tests ... skipped
15:28:18 WARN  Aborted test due to SKIPPED outcome
15:28:18 INFO  
15:28:18 INFO  Test duration: 0.02 secs
15:28:18 INFO  Test final outcome:  SKIPPED
15:28:18 INFO  Test outcome reason: Apama plugin tests are disabled by default. Execute `pysys run` with `-XmyPlatform=container` to run these tests
15:28:18 INFO  
</system-out>
	</testcase>
<testcase classname="ApamaPluginMonSupportTest" name="SoftwareManagement.Plugin.apama_plugin_mon_support" />
<testcase classname="ApamaPluginMonSupportTest" name="SoftwareManagement.Plugin.apama_plugin_mon_support" />
</testsuite><testsuite name="SoftwareManagement.Plugin.apama_plugin_remove" tests="3" errors="0" failures="0" skipped="1" time="0"><testcase classname="ApamaPluginRemoveTest" name="SoftwareManagement.Plugin.apama_plugin_remove">
		<skipped message="SKIPPED: Apama plugin tests are disabled by default. Execute `pysys run` with `-XmyPlatform=container` to run these tests" />
		<system-out>15:28:18 INFO  ==============================================================
15:28:18 INFO  Id:    SoftwareManagement.Plugin.apama_plugin_remove
15:28:18 INFO  Dir:   plugin_apama/
15:28:18 INFO  Title: Validate apama plugin remove
15:28:18 INFO  ==============================================================
15:28:18 INFO  Apama plugin tests are disabled by default. Execute `pysys run` with `-XmyPlatform=container` to run these tests ... skipped
15:28:18 WARN  Aborted test due to SKIPPED outcome
15:28:18 INFO  
15:28:18 INFO  Test duration: 0.02 secs
15:28:18 INFO  Test final outcome:  SKIPPED
15:28:18 INFO  Test outcome reason: Apama plugin tests are disabled by default. Execute `pysys run` with `-XmyPlatform=container` to run these tests
15:28:18 INFO  
</system-out>
	</testcase>
<testcase classname="ApamaPluginRemoveTest" name="SoftwareManagement.Plugin.apama_plugin_remove" />
<testcase classname="ApamaPluginRemoveTest" name="SoftwareManagement.Plugin.apama_plugin_remove" />
</testsuite><testsuite name="SoftwareManagement.Plugin.apama_plugin_update" tests="3" errors="0" failures="2" skipped="1" time="0"><testcase classname="ApamaPluginUpdateTest" name="SoftwareManagement.Plugin.apama_plugin_update">
		<skipped message="SKIPPED: Apama plugin tests are disabled by default. Execute `pysys run` with `-XmyPlatform=container` to run these tests" />
		<system-out>15:28:18 INFO  ==============================================================
15:28:18 INFO  Id:    SoftwareManagement.Plugin.apama_plugin_update
15:28:18 INFO  Dir:   plugin_apama/
15:28:18 INFO  Title: Validate apama plugin updating one project with another
15:28:18 INFO  ==============================================================
15:28:18 INFO  Apama plugin tests are disabled by default. Execute `pysys run` with `-XmyPlatform=container` to run these tests ... skipped
15:28:18 WARN  Aborted test due to SKIPPED outcome
15:28:18 INFO  
15:28:18 INFO  Test duration: 0.02 secs
15:28:18 INFO  Test final outcome:  SKIPPED
15:28:18 INFO  Test outcome reason: Apama plugin tests are disabled by default. Execute `pysys run` with `-XmyPlatform=container` to run these tests
15:28:18 INFO  
</system-out>
	</testcase>
<testcase classname="ApamaPluginUpdateTest" name="SoftwareManagement.Plugin.apama_plugin_update">
		<failure message="BLOCKED: sudo&lt;plugin_install&gt; returned non-zero exit code 2" type="BLOCKED" />
		<system-out>16:19:37 INFO  ==============================================================
16:19:37 INFO  Id:    SoftwareManagement.Plugin.apama_plugin_update
16:19:37 INFO  Dir:   plugin_apama/
16:19:37 INFO  Title: Validate apama plugin updating one project with another
16:19:37 INFO  ==============================================================
16:19:37 INFO  Assertion that path exists=False for "/etc/tedge/apama/project" ... passed
16:19:37 INFO  Executed sudo&lt;create_project_dir&gt;, exit status 0
16:19:38 INFO  Executed sudo&lt;unzip_apama_project&gt;, exit status 0
16:19:38 INFO  Executed sudo&lt;move_apama_project&gt;, exit status 0
16:19:39 INFO  Executed sudo&lt;restart_apama_service&gt;, exit status 0
16:19:40 INFO  Executed sudo&lt;apama_correlator_wait&gt;, exit status 0
16:19:40 INFO  Assertion that path exists=True for "/etc/tedge/apama/project" ... passed
16:19:41 INFO  Executed sudo&lt;apama_list_monitors&gt;, exit status 0
16:19:41 INFO  Grep on file /home/pi/actions-runner/_work/thin-edge.io/thin-edge.io/tests/PySys/plugin_apama/apama_plugin_update/Output/linux/apama_list_monitors.out ... passed
16:19:41 WARN  Executed sudo&lt;plugin_install&gt;, exit status 2
16:19:41 INFO  Contents of plugin_install.err: 
  ERROR: Directory not empty (os error 39)
  -----

16:19:41 WARN  sudo&lt;plugin_install&gt; returned non-zero exit code 2 ... blocked [run.py:35]
16:19:41 WARN  Aborted test due to BLOCKED outcome
16:19:41 INFO  
16:19:41 INFO  cleanup:
16:19:41 INFO  Removing apama project
16:19:58 INFO  Executed sudo&lt;stop_apama_service&gt;, exit status 0, duration 16 secs
16:19:59 INFO  Executed sudo&lt;remove_apama_project&gt;, exit status 0
16:19:59 INFO  Executed sudo&lt;remove_apama_tmp_dir&gt;, exit status 0
16:19:59 INFO  
16:19:59 INFO  Test duration: 22.68 secs
16:19:59 INFO  Test final outcome:  BLOCKED
16:19:59 INFO  Test outcome reason: sudo&lt;plugin_install&gt; returned non-zero exit code 2
16:19:59 INFO  
</system-out>
	</testcase>
<testcase classname="ApamaPluginUpdateTest" name="SoftwareManagement.Plugin.apama_plugin_update">
		<failure message="BLOCKED: sudo&lt;plugin_install&gt; returned non-zero exit code 2" type="BLOCKED" />
		<system-out>16:27:41 INFO  ==============================================================
16:27:41 INFO  Id:    SoftwareManagement.Plugin.apama_plugin_update
16:27:41 INFO  Dir:   plugin_apama/
16:27:41 INFO  Title: Validate apama plugin updating one project with another
16:27:41 INFO  ==============================================================
16:27:41 INFO  Assertion that path exists=False for "/etc/tedge/apama/project" ... passed
16:27:42 INFO  Executed sudo&lt;create_project_dir&gt;, exit status 0
16:27:42 INFO  Executed sudo&lt;unzip_apama_project&gt;, exit status 0
16:27:43 INFO  Executed sudo&lt;move_apama_project&gt;, exit status 0
16:27:44 INFO  Executed sudo&lt;restart_apama_service&gt;, exit status 0
16:27:45 INFO  Executed sudo&lt;apama_correlator_wait&gt;, exit status 0
16:27:45 INFO  Assertion that path exists=True for "/etc/tedge/apama/project" ... passed
16:27:45 INFO  Executed sudo&lt;apama_list_monitors&gt;, exit status 0
16:27:45 INFO  Grep on file /home/pi/actions-runner/_work/thin-edge.io/thin-edge.io/tests/PySys/plugin_apama/apama_plugin_update/Output/linux/apama_list_monitors.out ... passed
16:27:46 WARN  Executed sudo&lt;plugin_install&gt;, exit status 2
16:27:46 INFO  Contents of plugin_install.err: 
  ERROR: Directory not empty (os error 39)
  -----

16:27:46 WARN  sudo&lt;plugin_install&gt; returned non-zero exit code 2 ... blocked [run.py:35]
16:27:46 WARN  Aborted test due to BLOCKED outcome
16:27:46 INFO  
16:27:46 INFO  cleanup:
16:27:46 INFO  Removing apama project
16:28:02 INFO  Executed sudo&lt;stop_apama_service&gt;, exit status 0, duration 16 secs
16:28:03 INFO  Executed sudo&lt;remove_apama_project&gt;, exit status 0
16:28:03 INFO  Executed sudo&lt;remove_apama_tmp_dir&gt;, exit status 0
16:28:03 INFO  
16:28:03 INFO  Test duration: 22.12 secs
16:28:03 INFO  Test final outcome:  BLOCKED
16:28:03 INFO  Test outcome reason: sudo&lt;plugin_install&gt; returned non-zero exit code 2
16:28:03 INFO  
</system-out>
	</testcase>
</testsuite><testsuite name="SoftwareManagement.sm_apt_install_download_path" tests="3" errors="0" failures="2" skipped="1" time="0"><testcase classname="AptInstallWithDownloadPath" name="SoftwareManagement.sm_apt_install_download_path">
		<skipped message="SKIPPED: Testing the apt plugin is not supported on this platform.Use parameter -XmyPlatform='container' to enable it" />
		<system-out>15:36:15 INFO  ==============================================================
15:36:15 INFO  Id:    SoftwareManagement.sm_apt_install_download_path
15:36:15 INFO  Dir:   software_management_end_to_end/
15:36:15 INFO  Title: Install package to directory specified in tedge config set tmp.path
15:36:15 INFO  ==============================================================
15:36:15 INFO  Testing the apt plugin is not supported on this platform.Use parameter -XmyPlatform='container' to enable it ... skipped
15:36:15 WARN  Aborted test due to SKIPPED outcome
15:36:15 INFO  
15:36:15 INFO  Test duration: 0.08 secs
15:36:15 INFO  Test final outcome:  SKIPPED
15:36:15 INFO  Test outcome reason: Testing the apt plugin is not supported on this platform.Use parameter -XmyPlatform='container' to enable it
15:36:15 INFO  
</system-out>
	</testcase>
<testcase classname="AptInstallWithDownloadPath" name="SoftwareManagement.sm_apt_install_download_path">
		<failure message="BLOCKED: AssertionError:" type="BLOCKED" />
		<system-out>16:01:18 INFO  ==============================================================
16:01:18 INFO  Id:    SoftwareManagement.sm_apt_install_download_path
16:01:18 INFO  Dir:   software_management_end_to_end/
16:01:18 INFO  Title: Install package to directory specified in tedge config set tmp.path
16:01:18 INFO  ==============================================================
16:01:19 INFO  Using sw id database: {'asciijump': '5475369', 'robotfindskitten': '5474869', 'squirrel3': '5475279', 'rolldice': '5152439', 'moon-buggy': '5439204', 'apple': '5495053', 'banana': '5494888', 'cherry': '5495382', 'watermelon': '5494510', 'registry': '8018911', 'hello-world': '8021526', 'docker/getting-started': '8021973', 'alpine': '7991792'}
16:01:19 INFO  EnvironmentC8y Setup
16:01:19 INFO  Executed systemctl&lt;serv_mapper1&gt;, exit status 3
16:01:33 INFO  Executed sudo&lt;tedge_connect_c8y&gt;, exit status 0, duration 13 secs
16:01:35 INFO  Executed sudo&lt;tedge_connect_c8y_test&gt;, exit status 0
16:01:36 INFO  Executed systemctl&lt;serv_mosq2&gt;, exit status 0
16:01:37 INFO  Executed systemctl&lt;serv_mapper3&gt;, exit status 0
16:01:40 INFO  State of current operation: SUCCESSFUL
16:01:40 INFO  Assert that (False == value) with value=False ... passed
16:01:40 INFO  Executed sudo, exit status 0
16:01:41 INFO  Executed sudo, exit status 0
16:01:41 INFO  Executed sudo, exit status 0
16:01:46 INFO  Executed sudo&lt;tedge_disconnect_c8y&gt;, exit status 0
16:01:46 INFO  Restarting mosquitto too frequently in the last 10 seconds. It was only up for 4 seconds
16:01:46 INFO  Delaying execution by 7 seconds
16:02:06 INFO  Executed sudo&lt;tedge_connect_c8y&gt;, exit status 0, duration 13 secs
16:02:07 INFO  Response status: 201
16:02:07 INFO  Response to action: {
    "creationTime": "2022-04-28T16:02:07.205Z",
    "deviceName": "mythicb",
    "deviceId": "17908757",
    "self": "https://t493319102.eu-latest.cumulocity.com/devicecontrol/operations/17923331",
    "id": "17923331",
    "status": "PENDING",
    "description": "Apply software changes, triggered from PySys: [{'name': 'rolldice', 'id': '5152439', 'version': '::apt', 'url': 'https://thin-edge-io.eu-latest.cumulocity.com/inventory/binaries/12435463', 'action': 'install'}]",
    "c8y_SoftwareUpdate": [
        {
            "name": "rolldice",
            "action": "install",
            "id": "5152439",
            "version": "::apt",
            "url": "https://thin-edge-io.eu-latest.cumulocity.com/inventory/binaries/12435463"
        }
    ]
}
16:02:07 INFO  Started operation: {'creationTime': '2022-04-28T16:02:07.205Z', 'deviceName': 'mythicb', 'deviceId': '17908757', 'self': 'https://t493319102.eu-latest.cumulocity.com/devicecontrol/operations/17923331', 'id': '17923331', 'status': 'PENDING', 'description': "Apply software changes, triggered from PySys: [{'name': 'rolldice', 'id': '5152439', 'version': '::apt', 'url': 'https://thin-edge-io.eu-latest.cumulocity.com/inventory/binaries/12435463', 'action': 'install'}]", 'c8y_SoftwareUpdate': [{'name': 'rolldice', 'action': 'install', 'id': '5152439', 'version': '::apt', 'url': 'https://thin-edge-io.eu-latest.cumulocity.com/inventory/binaries/12435463'}]}
16:02:07 WARN  , retrying in 0.5 seconds...
16:02:07 WARN  , retrying in 0.5 seconds...
16:02:08 WARN  , retrying in 0.5 seconds...
16:02:08 WARN  , retrying in 0.5 seconds...
16:02:09 WARN  , retrying in 0.5 seconds...
16:02:09 WARN  , retrying in 0.5 seconds...
16:02:10 WARN  , retrying in 0.5 seconds...
16:02:10 WARN  , retrying in 0.5 seconds...
16:02:11 WARN  , retrying in 0.5 seconds...
16:02:11 WARN  AssertionError occurred while running test - 
Traceback (most recent call last):
  File "/home/pi/env-pysys/lib/python3.7/site-packages/pysys/baserunner.py", line 1294, in __call__
    self.testObj.execute()
  File "/home/pi/actions-runner/_work/thin-edge.io/thin-edge.io/tests/PySys/software_management_end_to_end/sm_apt_install_download_path/run.py", line 83, in execute
    assert_install_in_download_path(install_directory=self.DOWNLOAD_DIR)
  File "/home/pi/env-pysys/lib/python3.7/site-packages/decorator.py", line 232, in fun
    return caller(func, *(extras + args), **kw)
  File "/home/pi/env-pysys/lib/python3.7/site-packages/retry/api.py", line 74, in retry_decorator
    logger)
  File "/home/pi/env-pysys/lib/python3.7/site-packages/retry/api.py", line 33, in __retry_internal
    return f()
  File "/home/pi/actions-runner/_work/thin-edge.io/thin-edge.io/tests/PySys/software_management_end_to_end/sm_apt_install_download_path/run.py", line 28, in assert_install_in_download_path
    assert "rolldice" in os.listdir(f"{install_directory}")
AssertionError
16:02:12 WARN  AssertionError: ... blocked 
16:02:12 INFO  
16:02:12 INFO  cleanup:
16:02:13 INFO  Executed sudo, exit status 0
16:02:13 INFO  Executed sudo, exit status 0
16:02:18 INFO  Executed sudo&lt;tedge_disconnect_c8y&gt;, exit status 0
16:02:18 INFO  Restarting mosquitto too frequently in the last 10 seconds. It was only up for 4 seconds
16:02:18 INFO  Delaying execution by 7 seconds
16:02:39 INFO  Executed sudo&lt;tedge_connect_c8y&gt;, exit status 0, duration 14 secs
16:02:43 INFO  Executed sudo&lt;tedge_disconnect_c8y&gt;, exit status 0
16:02:44 INFO  Executed systemctl&lt;serv_mapper5&gt;, exit status 3
16:02:44 INFO  
16:02:44 INFO  Test duration: 85.35 secs
16:02:44 INFO  Test final outcome:  BLOCKED
16:02:44 INFO  Test outcome reason: AssertionError:
16:02:44 INFO  
</system-out>
	</testcase>
<testcase classname="AptInstallWithDownloadPath" name="SoftwareManagement.sm_apt_install_download_path">
		<failure message="BLOCKED: AssertionError:" type="BLOCKED" />
		<system-out>16:28:03 INFO  ==============================================================
16:28:03 INFO  Id:    SoftwareManagement.sm_apt_install_download_path
16:28:03 INFO  Dir:   software_management_end_to_end/
16:28:03 INFO  Title: Install package to directory specified in tedge config set tmp.path
16:28:03 INFO  ==============================================================
16:28:05 INFO  Using sw id database: {'asciijump': '5475369', 'robotfindskitten': '5474869', 'squirrel3': '5475279', 'rolldice': '5152439', 'moon-buggy': '5439204', 'apple': '5495053', 'banana': '5494888', 'cherry': '5495382', 'watermelon': '5494510', 'registry': '8018911', 'hello-world': '8021526', 'docker/getting-started': '8021973', 'alpine': '7991792'}
16:28:05 INFO  EnvironmentC8y Setup
16:28:05 INFO  Executed systemctl&lt;serv_mapper1&gt;, exit status 3
16:28:20 INFO  Executed sudo&lt;tedge_connect_c8y&gt;, exit status 0, duration 14 secs
16:28:20 INFO  Executed sudo&lt;tedge_connect_c8y_test&gt;, exit status 0
16:28:21 INFO  Executed systemctl&lt;serv_mosq2&gt;, exit status 0
16:28:21 INFO  Executed systemctl&lt;serv_mapper3&gt;, exit status 0
16:28:24 INFO  State of current operation: SUCCESSFUL
16:28:24 INFO  Assert that (False == value) with value=False ... passed
16:28:24 INFO  Executed sudo, exit status 0
16:28:25 INFO  Executed sudo, exit status 0
16:28:26 INFO  Executed sudo, exit status 0
16:28:29 INFO  Executed sudo&lt;tedge_disconnect_c8y&gt;, exit status 0
16:28:30 INFO  Restarting mosquitto too frequently in the last 10 seconds. It was only up for 4 seconds
16:28:30 INFO  Delaying execution by 7 seconds
16:28:51 INFO  Executed sudo&lt;tedge_connect_c8y&gt;, exit status 0, duration 14 secs
16:28:51 INFO  Response status: 201
16:28:51 INFO  Response to action: {
    "creationTime": "2022-04-28T16:28:51.280Z",
    "deviceName": "mythicb",
    "deviceId": "17908757",
    "self": "https://t493319102.eu-latest.cumulocity.com/devicecontrol/operations/17923522",
    "id": "17923522",
    "status": "PENDING",
    "description": "Apply software changes, triggered from PySys: [{'name': 'rolldice', 'id': '5152439', 'version': '::apt', 'url': 'https://thin-edge-io.eu-latest.cumulocity.com/inventory/binaries/12435463', 'action': 'install'}]",
    "c8y_SoftwareUpdate": [
        {
            "name": "rolldice",
            "action": "install",
            "id": "5152439",
            "version": "::apt",
            "url": "https://thin-edge-io.eu-latest.cumulocity.com/inventory/binaries/12435463"
        }
    ]
}
16:28:51 INFO  Started operation: {'creationTime': '2022-04-28T16:28:51.280Z', 'deviceName': 'mythicb', 'deviceId': '17908757', 'self': 'https://t493319102.eu-latest.cumulocity.com/devicecontrol/operations/17923522', 'id': '17923522', 'status': 'PENDING', 'description': "Apply software changes, triggered from PySys: [{'name': 'rolldice', 'id': '5152439', 'version': '::apt', 'url': 'https://thin-edge-io.eu-latest.cumulocity.com/inventory/binaries/12435463', 'action': 'install'}]", 'c8y_SoftwareUpdate': [{'name': 'rolldice', 'action': 'install', 'id': '5152439', 'version': '::apt', 'url': 'https://thin-edge-io.eu-latest.cumulocity.com/inventory/binaries/12435463'}]}
16:28:51 WARN  , retrying in 0.5 seconds...
16:28:51 WARN  , retrying in 0.5 seconds...
16:28:52 WARN  , retrying in 0.5 seconds...
16:28:52 WARN  , retrying in 0.5 seconds...
16:28:53 WARN  , retrying in 0.5 seconds...
16:28:53 WARN  , retrying in 0.5 seconds...
16:28:54 WARN  , retrying in 0.5 seconds...
16:28:54 WARN  , retrying in 0.5 seconds...
16:28:55 WARN  , retrying in 0.5 seconds...
16:28:55 WARN  AssertionError occurred while running test - 
Traceback (most recent call last):
  File "/home/pi/env-pysys/lib/python3.7/site-packages/pysys/baserunner.py", line 1294, in __call__
    self.testObj.execute()
  File "/home/pi/actions-runner/_work/thin-edge.io/thin-edge.io/tests/PySys/software_management_end_to_end/sm_apt_install_download_path/run.py", line 83, in execute
    assert_install_in_download_path(install_directory=self.DOWNLOAD_DIR)
  File "/home/pi/env-pysys/lib/python3.7/site-packages/decorator.py", line 232, in fun
    return caller(func, *(extras + args), **kw)
  File "/home/pi/env-pysys/lib/python3.7/site-packages/retry/api.py", line 74, in retry_decorator
    logger)
  File "/home/pi/env-pysys/lib/python3.7/site-packages/retry/api.py", line 33, in __retry_internal
    return f()
  File "/home/pi/actions-runner/_work/thin-edge.io/thin-edge.io/tests/PySys/software_management_end_to_end/sm_apt_install_download_path/run.py", line 28, in assert_install_in_download_path
    assert "rolldice" in os.listdir(f"{install_directory}")
AssertionError
16:28:55 WARN  AssertionError: ... blocked 
16:28:55 INFO  
16:28:55 INFO  cleanup:
16:28:56 INFO  Executed sudo, exit status 0
16:28:56 INFO  Executed sudo, exit status 0
16:29:01 INFO  Executed sudo&lt;tedge_disconnect_c8y&gt;, exit status 0
16:29:01 INFO  Restarting mosquitto too frequently in the last 10 seconds. It was only up for 4 seconds
16:29:01 INFO  Delaying execution by 7 seconds
16:29:22 INFO  Executed sudo&lt;tedge_connect_c8y&gt;, exit status 0, duration 14 secs
16:29:27 INFO  Executed sudo&lt;tedge_disconnect_c8y&gt;, exit status 0
16:29:28 INFO  Executed systemctl&lt;serv_mapper5&gt;, exit status 3
16:29:28 INFO  
16:29:28 INFO  Test duration: 84.38 secs
16:29:28 INFO  Test final outcome:  BLOCKED
16:29:28 INFO  Test outcome reason: AssertionError:
16:29:28 INFO  
</system-out>
	</testcase>
</testsuite><testsuite name="SoftwareManagement.sm_apt_install_fail" tests="3" errors="0" failures="0" skipped="1" time="0"><testcase classname="PySysTest" name="SoftwareManagement.sm_apt_install_fail">
		<skipped message="SKIPPED: Testing the apt plugin is not supported on this platform.Use parameter -XmyPlatform='container' to enable it" />
		<system-out>15:36:15 INFO  ==============================================================
15:36:15 INFO  Id:    SoftwareManagement.sm_apt_install_fail
15:36:15 INFO  Dir:   software_management_end_to_end/
15:36:15 INFO  Title: Validate end to end behaviour for a failing installation
15:36:15 INFO  ==============================================================
15:36:15 INFO  Testing the apt plugin is not supported on this platform.Use parameter -XmyPlatform='container' to enable it ... skipped
15:36:15 WARN  Aborted test due to SKIPPED outcome
15:36:15 INFO  
15:36:15 INFO  Test duration: 0.03 secs
15:36:15 INFO  Test final outcome:  SKIPPED
15:36:15 INFO  Test outcome reason: Testing the apt plugin is not supported on this platform.Use parameter -XmyPlatform='container' to enable it
15:36:15 INFO  
</system-out>
	</testcase>
<testcase classname="PySysTest" name="SoftwareManagement.sm_apt_install_fail" />
<testcase classname="PySysTest" name="SoftwareManagement.sm_apt_install_fail" />
</testsuite><testsuite name="SoftwareManagement.sm_apt_install_remove" tests="3" errors="0" failures="0" skipped="1" time="0"><testcase classname="PySysTest" name="SoftwareManagement.sm_apt_install_remove">
		<skipped message="SKIPPED: Testing the apt plugin is not supported on this platform.Use parameter -XmyPlatform='container' to enable it" />
		<system-out>15:36:15 INFO  ==============================================================
15:36:15 INFO  Id:    SoftwareManagement.sm_apt_install_remove
15:36:15 INFO  Dir:   software_management_end_to_end/
15:36:15 INFO  Title: Validate end to end behaviour for the apt plugin for installation and removal of packages
15:36:15 INFO  ==============================================================
15:36:15 INFO  Testing the apt plugin is not supported on this platform.Use parameter -XmyPlatform='container' to enable it ... skipped
15:36:15 WARN  Aborted test due to SKIPPED outcome
15:36:15 INFO  
15:36:15 INFO  Test duration: 0.03 secs
15:36:15 INFO  Test final outcome:  SKIPPED
15:36:15 INFO  Test outcome reason: Testing the apt plugin is not supported on this platform.Use parameter -XmyPlatform='container' to enable it
15:36:15 INFO  
</system-out>
	</testcase>
<testcase classname="PySysTest" name="SoftwareManagement.sm_apt_install_remove" />
<testcase classname="PySysTest" name="SoftwareManagement.sm_apt_install_remove" />
</testsuite><testsuite name="SoftwareManagement.sm_apt_install_remove_default" tests="3" errors="0" failures="0" skipped="1" time="0"><testcase classname="PySysTest" name="SoftwareManagement.sm_apt_install_remove_default">
		<skipped message="SKIPPED: Testing the apt plugin is not supported on this platform.Use parameter -XmyPlatform='container' to enable it" />
		<system-out>15:36:15 INFO  ==============================================================
15:36:15 INFO  Id:    SoftwareManagement.sm_apt_install_remove_default
15:36:15 INFO  Dir:   software_management_end_to_end/
15:36:15 INFO  Title: Validate end to end behaviour for the default plugin for installation and removal of packages
15:36:15 INFO  ==============================================================
15:36:15 INFO  Testing the apt plugin is not supported on this platform.Use parameter -XmyPlatform='container' to enable it ... skipped
15:36:15 WARN  Aborted test due to SKIPPED outcome
15:36:15 INFO  
15:36:15 INFO  Test duration: 0.05 secs
15:36:15 INFO  Test final outcome:  SKIPPED
15:36:15 INFO  Test outcome reason: Testing the apt plugin is not supported on this platform.Use parameter -XmyPlatform='container' to enable it
15:36:15 INFO  
</system-out>
	</testcase>
<testcase classname="PySysTest" name="SoftwareManagement.sm_apt_install_remove_default" />
<testcase classname="PySysTest" name="SoftwareManagement.sm_apt_install_remove_default" />
</testsuite><testsuite name="SoftwareManagement.sm_apt_install_remove_multiple" tests="3" errors="0" failures="2" skipped="1" time="0"><testcase classname="PySysTest" name="SoftwareManagement.sm_apt_install_remove_multiple">
		<skipped message="SKIPPED: Testing the apt plugin is not supported on this platform.Use parameter -XmyPlatform='container' to enable it" />
		<system-out>15:36:15 INFO  ==============================================================
15:36:15 INFO  Id:    SoftwareManagement.sm_apt_install_remove_multiple
15:36:15 INFO  Dir:   software_management_end_to_end/
15:36:15 INFO  Title: Validate end to end behaviour for the apt plugin for multiple packages
15:36:15 INFO  ==============================================================
15:36:15 INFO  Testing the apt plugin is not supported on this platform.Use parameter -XmyPlatform='container' to enable it ... skipped
15:36:15 WARN  Aborted test due to SKIPPED outcome
15:36:15 INFO  
15:36:15 INFO  Test duration: 0.04 secs
15:36:15 INFO  Test final outcome:  SKIPPED
15:36:15 INFO  Test outcome reason: Testing the apt plugin is not supported on this platform.Use parameter -XmyPlatform='container' to enable it
15:36:15 INFO  
</system-out>
	</testcase>
<testcase classname="PySysTest" name="SoftwareManagement.sm_apt_install_remove_multiple">
		<failure message="FAILED: Assert that (False == value) with value=True" type="FAILED" />
		<system-out>16:09:36 INFO  ==============================================================
16:09:36 INFO  Id:    SoftwareManagement.sm_apt_install_remove_multiple
16:09:36 INFO  Dir:   software_management_end_to_end/
16:09:36 INFO  Title: Validate end to end behaviour for the apt plugin for multiple packages
16:09:36 INFO  ==============================================================
16:09:36 INFO  Using sw id database: {'asciijump': '5475369', 'robotfindskitten': '5474869', 'squirrel3': '5475279', 'rolldice': '5152439', 'moon-buggy': '5439204', 'apple': '5495053', 'banana': '5494888', 'cherry': '5495382', 'watermelon': '5494510', 'registry': '8018911', 'hello-world': '8021526', 'docker/getting-started': '8021973', 'alpine': '7991792'}
16:09:36 INFO  EnvironmentC8y Setup
16:09:37 INFO  Executed systemctl&lt;serv_mapper1&gt;, exit status 3
16:09:37 INFO  Restarting mosquitto too frequently in the last 10 seconds. It was only up for 5 seconds
16:09:37 INFO  Delaying execution by 6 seconds
16:09:57 INFO  Executed sudo&lt;tedge_connect_c8y&gt;, exit status 0, duration 14 secs
16:09:58 INFO  Executed sudo&lt;tedge_connect_c8y_test&gt;, exit status 0
16:09:58 INFO  Executed systemctl&lt;serv_mosq2&gt;, exit status 0
16:09:59 INFO  Executed systemctl&lt;serv_mapper3&gt;, exit status 0
16:10:01 INFO  State of current operation: SUCCESSFUL
16:10:01 INFO  Assert that (False == value) with value=False ... passed
16:10:01 INFO  Assert that (False == value) with value=False ... passed
16:10:02 INFO  Assert that (False == value) with value=False ... passed
16:10:02 INFO  Package robotfindskitten is installed
16:10:02 WARN  Assert that (False == value) with value=True ... failed 
16:10:02 INFO  Response status: 201
16:10:02 INFO  Response to action: {
    "creationTime": "2022-04-28T16:10:02.594Z",
    "deviceName": "mythicb",
    "deviceId": "17908757",
    "self": "https://t493319102.eu-latest.cumulocity.com/devicecontrol/operations/17923407",
    "id": "17923407",
    "status": "PENDING",
    "description": "Apply software changes, triggered from PySys: [{'action': 'install', 'id': '5475369', 'name': 'asciijump', 'url': ' ', 'version': '::apt'}, {'action': 'install', 'id': '5474869', 'name': 'robotfindskitten', 'url': ' ', 'version': '::apt'}, {'action': 'install', 'id': '5475279', 'name': 'squirrel3', 'url': ' ', 'version': '::apt'}]",
    "c8y_SoftwareUpdate": [
        {
            "name": "asciijump",
            "action": "install",
            "id": "5475369",
            "version": "::apt",
            "url": " "
        },
        {
            "name": "robotfindskitten",
            "action": "install",
            "id": "5474869",
            "version": "::apt",
            "url": " "
        },
        {
            "name": "squirrel3",
            "action": "install",
            "id": "5475279",
            "version": "::apt",
            "url": " "
        }
    ]
}
16:10:02 INFO  Started operation: {'creationTime': '2022-04-28T16:10:02.594Z', 'deviceName': 'mythicb', 'deviceId': '17908757', 'self': 'https://t493319102.eu-latest.cumulocity.com/devicecontrol/operations/17923407', 'id': '17923407', 'status': 'PENDING', 'description': "Apply software changes, triggered from PySys: [{'action': 'install', 'id': '5475369', 'name': 'asciijump', 'url': ' ', 'version': '::apt'}, {'action': 'install', 'id': '5474869', 'name': 'robotfindskitten', 'url': ' ', 'version': '::apt'}, {'action': 'install', 'id': '5475279', 'name': 'squirrel3', 'url': ' ', 'version': '::apt'}]", 'c8y_SoftwareUpdate': [{'name': 'asciijump', 'action': 'install', 'id': '5475369', 'version': '::apt', 'url': ' '}, {'name': 'robotfindskitten', 'action': 'install', 'id': '5474869', 'version': '::apt', 'url': ' '}, {'name': 'squirrel3', 'action': 'install', 'id': '5475279', 'version': '::apt', 'url': ' '}]}
16:10:05 INFO  State of operation 17923407 : PENDING
16:10:07 INFO  State of operation 17923407 : EXECUTING
16:10:09 INFO  State of operation 17923407 : EXECUTING
16:10:11 INFO  State of operation 17923407 : EXECUTING
16:10:13 INFO  State of operation 17923407 : EXECUTING
16:10:16 INFO  State of operation 17923407 : EXECUTING
16:10:19 INFO  State of operation 17923407 : EXECUTING
16:10:21 INFO  State of operation 17923407 : EXECUTING
16:10:24 INFO  State of operation 17923407 : EXECUTING
16:10:26 INFO  State of operation 17923407 : EXECUTING
16:10:28 INFO  State of operation 17923407 : EXECUTING
16:10:31 INFO  State of operation 17923407 : EXECUTING
16:10:33 INFO  State of operation 17923407 : EXECUTING
16:10:35 INFO  State of operation 17923407 : EXECUTING
16:10:37 INFO  State of operation 17923407 : EXECUTING
16:10:40 INFO  State of operation 17923407 : EXECUTING
16:10:42 INFO  State of operation 17923407 : EXECUTING
16:10:45 INFO  State of operation 17923407 : EXECUTING
16:10:47 INFO  State of operation 17923407 : EXECUTING
16:10:50 INFO  State of operation 17923407 : EXECUTING
16:10:52 INFO  State of operation 17923407 : EXECUTING
16:10:54 INFO  State of operation 17923407 : EXECUTING
16:10:56 INFO  State of operation 17923407 : EXECUTING
16:10:59 INFO  State of operation 17923407 : EXECUTING
16:11:02 INFO  State of operation 17923407 : EXECUTING
16:11:04 INFO  State of operation 17923407 : EXECUTING
16:11:07 INFO  State of operation 17923407 : EXECUTING
16:11:09 INFO  State of operation 17923407 : EXECUTING
16:11:12 INFO  State of operation 17923407 : EXECUTING
16:11:14 INFO  State of operation 17923407 : EXECUTING
16:11:16 INFO  State of operation 17923407 : EXECUTING
16:11:19 INFO  State of operation 17923407 : EXECUTING
16:11:21 INFO  State of operation 17923407 : EXECUTING
16:11:23 INFO  State of operation 17923407 : EXECUTING
16:11:25 INFO  State of operation 17923407 : SUCCESSFUL
16:11:26 INFO  Assert that (False == value) with value=False ... passed
16:11:26 INFO  Package asciijump is installed
16:11:26 INFO  Assert that (True == value) with value=True ... passed
16:11:26 INFO  Package squirrel3 is installed
16:11:26 INFO  Assert that (True == value) with value=True ... passed
16:11:26 INFO  Package robotfindskitten is installed
16:11:26 INFO  Assert that (True == value) with value=True ... passed
16:11:26 INFO  Response status: 201
16:11:27 INFO  Response to action: {
    "creationTime": "2022-04-28T16:11:26.952Z",
    "deviceName": "mythicb",
    "deviceId": "17908757",
    "self": "https://t493319102.eu-latest.cumulocity.com/devicecontrol/operations/17923415",
    "id": "17923415",
    "status": "PENDING",
    "description": "Apply software changes, triggered from PySys: [{'action': 'delete', 'id': '5475369', 'name': 'asciijump', 'url': ' ', 'version': '::apt'}, {'action': 'delete', 'id': '5474869', 'name': 'robotfindskitten', 'url': ' ', 'version': '::apt'}, {'action': 'delete', 'id': '5475279', 'name': 'squirrel3', 'url': ' ', 'version': '::apt'}]",
    "c8y_SoftwareUpdate": [
        {
            "name": "asciijump",
            "action": "delete",
            "id": "5475369",
            "version": "::apt",
            "url": " "
        },
        {
            "name": "robotfindskitten",
            "action": "delete",
            "id": "5474869",
            "version": "::apt",
            "url": " "
        },
        {
            "name": "squirrel3",
            "action": "delete",
            "id": "5475279",
            "version": "::apt",
            "url": " "
        }
    ]
}
16:11:27 INFO  Started operation: {'creationTime': '2022-04-28T16:11:26.952Z', 'deviceName': 'mythicb', 'deviceId': '17908757', 'self': 'https://t493319102.eu-latest.cumulocity.com/devicecontrol/operations/17923415', 'id': '17923415', 'status': 'PENDING', 'description': "Apply software changes, triggered from PySys: [{'action': 'delete', 'id': '5475369', 'name': 'asciijump', 'url': ' ', 'version': '::apt'}, {'action': 'delete', 'id': '5474869', 'name': 'robotfindskitten', 'url': ' ', 'version': '::apt'}, {'action': 'delete', 'id': '5475279', 'name': 'squirrel3', 'url': ' ', 'version': '::apt'}]", 'c8y_SoftwareUpdate': [{'name': 'asciijump', 'action': 'delete', 'id': '5475369', 'version': '::apt', 'url': ' '}, {'name': 'robotfindskitten', 'action': 'delete', 'id': '5474869', 'version': '::apt', 'url': ' '}, {'name': 'squirrel3', 'action': 'delete', 'id': '5475279', 'version': '::apt', 'url': ' '}]}
16:11:29 INFO  State of operation 17923415 : PENDING
16:11:31 INFO  State of operation 17923415 : EXECUTING
16:11:33 INFO  State of operation 17923415 : EXECUTING
16:11:35 INFO  State of operation 17923415 : EXECUTING
16:11:38 INFO  State of operation 17923415 : EXECUTING
16:11:40 INFO  State of operation 17923415 : EXECUTING
16:11:43 INFO  State of operation 17923415 : EXECUTING
16:11:46 INFO  State of operation 17923415 : EXECUTING
16:11:48 INFO  State of operation 17923415 : EXECUTING
16:11:51 INFO  State of operation 17923415 : EXECUTING
16:11:53 INFO  State of operation 17923415 : EXECUTING
16:11:55 INFO  State of operation 17923415 : EXECUTING
16:11:57 INFO  State of operation 17923415 : EXECUTING
16:12:00 INFO  State of operation 17923415 : EXECUTING
16:12:02 INFO  State of operation 17923415 : EXECUTING
16:12:04 INFO  State of operation 17923415 : EXECUTING
16:12:07 INFO  State of operation 17923415 : EXECUTING
16:12:10 INFO  State of operation 17923415 : EXECUTING
16:12:12 INFO  State of operation 17923415 : EXECUTING
16:12:14 INFO  State of operation 17923415 : EXECUTING
16:12:17 INFO  State of operation 17923415 : EXECUTING
16:12:19 INFO  State of operation 17923415 : EXECUTING
16:12:21 INFO  State of operation 17923415 : EXECUTING
16:12:23 INFO  State of operation 17923415 : EXECUTING
16:12:26 INFO  State of operation 17923415 : EXECUTING
16:12:29 INFO  State of operation 17923415 : EXECUTING
16:12:31 INFO  State of operation 17923415 : EXECUTING
16:12:33 INFO  State of operation 17923415 : SUCCESSFUL
16:12:33 INFO  Assert that (False == value) with value=False ... passed
16:12:33 INFO  Assert that (False == value) with value=False ... passed
16:12:34 INFO  Assert that (False == value) with value=False ... passed
16:12:34 INFO  Assert that (False == value) with value=False ... passed
16:12:34 INFO  
16:12:34 INFO  cleanup:
16:12:38 INFO  Executed sudo&lt;tedge_disconnect_c8y&gt;, exit status 0
16:12:39 INFO  Executed systemctl&lt;serv_mapper5&gt;, exit status 3
16:12:39 INFO  
16:12:39 INFO  Test duration: 182.39 secs
16:12:39 INFO  Test final outcome:  FAILED
16:12:39 INFO  Test outcome reason: Assert that (False == value) with value=True
16:12:39 INFO  
</system-out>
	</testcase>
<testcase classname="PySysTest" name="SoftwareManagement.sm_apt_install_remove_multiple">
		<failure message="FAILED: Assert that (False == value) with value=True (+2 other failures)" type="FAILED" />
		<system-out>16:36:06 INFO  ==============================================================
16:36:06 INFO  Id:    SoftwareManagement.sm_apt_install_remove_multiple
16:36:06 INFO  Dir:   software_management_end_to_end/
16:36:06 INFO  Title: Validate end to end behaviour for the apt plugin for multiple packages
16:36:06 INFO  ==============================================================
16:36:06 INFO  Using sw id database: {'asciijump': '5475369', 'robotfindskitten': '5474869', 'squirrel3': '5475279', 'rolldice': '5152439', 'moon-buggy': '5439204', 'apple': '5495053', 'banana': '5494888', 'cherry': '5495382', 'watermelon': '5494510', 'registry': '8018911', 'hello-world': '8021526', 'docker/getting-started': '8021973', 'alpine': '7991792'}
16:36:06 INFO  EnvironmentC8y Setup
16:36:07 INFO  Executed systemctl&lt;serv_mapper1&gt;, exit status 3
16:36:07 INFO  Restarting mosquitto too frequently in the last 10 seconds. It was only up for 5 seconds
16:36:07 INFO  Delaying execution by 6 seconds
16:36:27 INFO  Executed sudo&lt;tedge_connect_c8y&gt;, exit status 0, duration 13 secs
16:36:28 INFO  Executed sudo&lt;tedge_connect_c8y_test&gt;, exit status 0
16:36:28 INFO  Executed systemctl&lt;serv_mosq2&gt;, exit status 0
16:36:29 INFO  Executed systemctl&lt;serv_mapper3&gt;, exit status 0
16:36:31 INFO  State of current operation: SUCCESSFUL
16:36:31 INFO  Assert that (False == value) with value=False ... passed
16:36:31 INFO  Package asciijump is installed
16:36:32 WARN  Assert that (False == value) with value=True ... failed 
16:36:32 INFO  Package squirrel3 is installed
16:36:32 WARN  Assert that (False == value) with value=True ... failed 
16:36:32 INFO  Package robotfindskitten is installed
16:36:32 WARN  Assert that (False == value) with value=True ... failed 
16:36:32 INFO  Response status: 201
16:36:32 INFO  Response to action: {
    "creationTime": "2022-04-28T16:36:32.745Z",
    "deviceName": "mythicb",
    "deviceId": "17908757",
    "self": "https://t493319102.eu-latest.cumulocity.com/devicecontrol/operations/17923688",
    "id": "17923688",
    "status": "PENDING",
    "description": "Apply software changes, triggered from PySys: [{'action': 'install', 'id': '5475369', 'name': 'asciijump', 'url': ' ', 'version': '::apt'}, {'action': 'install', 'id': '5474869', 'name': 'robotfindskitten', 'url': ' ', 'version': '::apt'}, {'action': 'install', 'id': '5475279', 'name': 'squirrel3', 'url': ' ', 'version': '::apt'}]",
    "c8y_SoftwareUpdate": [
        {
            "name": "asciijump",
            "action": "install",
            "id": "5475369",
            "version": "::apt",
            "url": " "
        },
        {
            "name": "robotfindskitten",
            "action": "install",
            "id": "5474869",
            "version": "::apt",
            "url": " "
        },
        {
            "name": "squirrel3",
            "action": "install",
            "id": "5475279",
            "version": "::apt",
            "url": " "
        }
    ]
}
16:36:32 INFO  Started operation: {'creationTime': '2022-04-28T16:36:32.745Z', 'deviceName': 'mythicb', 'deviceId': '17908757', 'self': 'https://t493319102.eu-latest.cumulocity.com/devicecontrol/operations/17923688', 'id': '17923688', 'status': 'PENDING', 'description': "Apply software changes, triggered from PySys: [{'action': 'install', 'id': '5475369', 'name': 'asciijump', 'url': ' ', 'version': '::apt'}, {'action': 'install', 'id': '5474869', 'name': 'robotfindskitten', 'url': ' ', 'version': '::apt'}, {'action': 'install', 'id': '5475279', 'name': 'squirrel3', 'url': ' ', 'version': '::apt'}]", 'c8y_SoftwareUpdate': [{'name': 'asciijump', 'action': 'install', 'id': '5475369', 'version': '::apt', 'url': ' '}, {'name': 'robotfindskitten', 'action': 'install', 'id': '5474869', 'version': '::apt', 'url': ' '}, {'name': 'squirrel3', 'action': 'install', 'id': '5475279', 'version': '::apt', 'url': ' '}]}
16:36:35 INFO  State of operation 17923688 : PENDING
16:36:37 INFO  State of operation 17923688 : EXECUTING
16:36:39 INFO  State of operation 17923688 : EXECUTING
16:36:41 INFO  State of operation 17923688 : EXECUTING
16:36:44 INFO  State of operation 17923688 : EXECUTING
16:36:46 INFO  State of operation 17923688 : EXECUTING
16:36:49 INFO  State of operation 17923688 : EXECUTING
16:36:52 INFO  State of operation 17923688 : EXECUTING
16:36:54 INFO  State of operation 17923688 : EXECUTING
16:36:57 INFO  State of operation 17923688 : EXECUTING
16:36:59 INFO  State of operation 17923688 : EXECUTING
16:37:01 INFO  State of operation 17923688 : EXECUTING
16:37:03 INFO  State of operation 17923688 : EXECUTING
16:37:06 INFO  State of operation 17923688 : EXECUTING
16:37:08 INFO  State of operation 17923688 : EXECUTING
16:37:10 INFO  State of operation 17923688 : SUCCESSFUL
16:37:10 INFO  Assert that (False == value) with value=False ... passed
16:37:11 INFO  Package asciijump is installed
16:37:11 INFO  Assert that (True == value) with value=True ... passed
16:37:11 INFO  Package squirrel3 is installed
16:37:11 INFO  Assert that (True == value) with value=True ... passed
16:37:11 INFO  Package robotfindskitten is installed
16:37:11 INFO  Assert that (True == value) with value=True ... passed
16:37:11 INFO  Response status: 201
16:37:11 INFO  Response to action: {
    "creationTime": "2022-04-28T16:37:11.702Z",
    "deviceName": "mythicb",
    "deviceId": "17908757",
    "self": "https://t493319102.eu-latest.cumulocity.com/devicecontrol/operations/17923695",
    "id": "17923695",
    "status": "PENDING",
    "description": "Apply software changes, triggered from PySys: [{'action': 'delete', 'id': '5475369', 'name': 'asciijump', 'url': ' ', 'version': '::apt'}, {'action': 'delete', 'id': '5474869', 'name': 'robotfindskitten', 'url': ' ', 'version': '::apt'}, {'action': 'delete', 'id': '5475279', 'name': 'squirrel3', 'url': ' ', 'version': '::apt'}]",
    "c8y_SoftwareUpdate": [
        {
            "name": "asciijump",
            "action": "delete",
            "id": "5475369",
            "version": "::apt",
            "url": " "
        },
        {
            "name": "robotfindskitten",
            "action": "delete",
            "id": "5474869",
            "version": "::apt",
            "url": " "
        },
        {
            "name": "squirrel3",
            "action": "delete",
            "id": "5475279",
            "version": "::apt",
            "url": " "
        }
    ]
}
16:37:11 INFO  Started operation: {'creationTime': '2022-04-28T16:37:11.702Z', 'deviceName': 'mythicb', 'deviceId': '17908757', 'self': 'https://t493319102.eu-latest.cumulocity.com/devicecontrol/operations/17923695', 'id': '17923695', 'status': 'PENDING', 'description': "Apply software changes, triggered from PySys: [{'action': 'delete', 'id': '5475369', 'name': 'asciijump', 'url': ' ', 'version': '::apt'}, {'action': 'delete', 'id': '5474869', 'name': 'robotfindskitten', 'url': ' ', 'version': '::apt'}, {'action': 'delete', 'id': '5475279', 'name': 'squirrel3', 'url': ' ', 'version': '::apt'}]", 'c8y_SoftwareUpdate': [{'name': 'asciijump', 'action': 'delete', 'id': '5475369', 'version': '::apt', 'url': ' '}, {'name': 'robotfindskitten', 'action': 'delete', 'id': '5474869', 'version': '::apt', 'url': ' '}, {'name': 'squirrel3', 'action': 'delete', 'id': '5475279', 'version': '::apt', 'url': ' '}]}
16:37:13 INFO  State of operation 17923695 : PENDING
16:37:16 INFO  State of operation 17923695 : EXECUTING
16:37:18 INFO  State of operation 17923695 : EXECUTING
16:37:20 INFO  State of operation 17923695 : EXECUTING
16:37:22 INFO  State of operation 17923695 : EXECUTING
16:37:25 INFO  State of operation 17923695 : EXECUTING
16:37:27 INFO  State of operation 17923695 : EXECUTING
16:37:30 INFO  State of operation 17923695 : EXECUTING
16:37:33 INFO  State of operation 17923695 : EXECUTING
16:37:35 INFO  State of operation 17923695 : EXECUTING
16:37:37 INFO  State of operation 17923695 : EXECUTING
16:37:39 INFO  State of operation 17923695 : EXECUTING
16:37:42 INFO  State of operation 17923695 : EXECUTING
16:37:44 INFO  State of operation 17923695 : EXECUTING
16:37:46 INFO  State of operation 17923695 : EXECUTING
16:37:48 INFO  State of operation 17923695 : EXECUTING
16:37:51 INFO  State of operation 17923695 : EXECUTING
16:37:53 INFO  State of operation 17923695 : EXECUTING
16:37:57 INFO  State of operation 17923695 : EXECUTING
16:37:59 INFO  State of operation 17923695 : EXECUTING
16:38:01 INFO  State of operation 17923695 : EXECUTING
16:38:04 INFO  State of operation 17923695 : EXECUTING
16:38:06 INFO  State of operation 17923695 : EXECUTING
16:38:08 INFO  State of operation 17923695 : EXECUTING
16:38:10 INFO  State of operation 17923695 : EXECUTING
16:38:13 INFO  State of operation 17923695 : EXECUTING
16:38:15 INFO  State of operation 17923695 : EXECUTING
16:38:18 INFO  State of operation 17923695 : EXECUTING
16:38:20 INFO  State of operation 17923695 : SUCCESSFUL
16:38:20 INFO  Assert that (False == value) with value=False ... passed
16:38:21 INFO  Assert that (False == value) with value=False ... passed
16:38:21 INFO  Assert that (False == value) with value=False ... passed
16:38:21 INFO  Assert that (False == value) with value=False ... passed
16:38:21 INFO  
16:38:21 INFO  cleanup:
16:38:25 INFO  Executed sudo&lt;tedge_disconnect_c8y&gt;, exit status 0
16:38:26 INFO  Executed systemctl&lt;serv_mapper5&gt;, exit status 3
16:38:26 INFO  
16:38:26 INFO  Test duration: 139.71 secs
16:38:26 INFO  Test final outcome:  FAILED
16:38:26 INFO  Test outcome reason: Assert that (False == value) with value=True (+2 other failures)
16:38:26 INFO  
</system-out>
	</testcase>
</testsuite><testsuite name="SoftwareManagement.sm_apt_install_remove_multiple_mixed" tests="3" errors="0" failures="2" skipped="1" time="0"><testcase classname="PySysTest" name="SoftwareManagement.sm_apt_install_remove_multiple_mixed">
		<skipped message="SKIPPED: Testing the apt plugin is not supported on this platform.Use parameter -XmyPlatform='container' to enable it" />
		<system-out>15:36:15 INFO  ==============================================================
15:36:15 INFO  Id:    SoftwareManagement.sm_apt_install_remove_multiple_mixed
15:36:15 INFO  Dir:   software_management_end_to_end/
15:36:15 INFO  Title: Validate end to end behaviour for the apt plugin for multiple packages with mixed versions
15:36:15 INFO  ==============================================================
15:36:15 INFO  Testing the apt plugin is not supported on this platform.Use parameter -XmyPlatform='container' to enable it ... skipped
15:36:15 WARN  Aborted test due to SKIPPED outcome
15:36:15 INFO  
15:36:15 INFO  Test duration: 0.02 secs
15:36:15 INFO  Test final outcome:  SKIPPED
15:36:15 INFO  Test outcome reason: Testing the apt plugin is not supported on this platform.Use parameter -XmyPlatform='container' to enable it
15:36:15 INFO  
</system-out>
	</testcase>
<testcase classname="PySysTest" name="SoftwareManagement.sm_apt_install_remove_multiple_mixed">
		<failure message="BLOCKED: SystemError: Timeout while waiting for status SUCCESSFUL or False" type="BLOCKED" />
		<system-out>16:12:39 INFO  ==============================================================
16:12:39 INFO  Id:    SoftwareManagement.sm_apt_install_remove_multiple_mixed
16:12:39 INFO  Dir:   software_management_end_to_end/
16:12:39 INFO  Title: Validate end to end behaviour for the apt plugin for multiple packages with mixed versions
16:12:39 INFO  ==============================================================
16:12:39 INFO  Using sw id database: {'asciijump': '5475369', 'robotfindskitten': '5474869', 'squirrel3': '5475279', 'rolldice': '5152439', 'moon-buggy': '5439204', 'apple': '5495053', 'banana': '5494888', 'cherry': '5495382', 'watermelon': '5494510', 'registry': '8018911', 'hello-world': '8021526', 'docker/getting-started': '8021973', 'alpine': '7991792'}
16:12:39 INFO  EnvironmentC8y Setup
16:12:39 INFO  Executed systemctl&lt;serv_mapper1&gt;, exit status 3
16:12:39 INFO  Restarting mosquitto too frequently in the last 10 seconds. It was only up for 4 seconds
16:12:39 INFO  Delaying execution by 7 seconds
16:13:00 INFO  Executed sudo&lt;tedge_connect_c8y&gt;, exit status 0, duration 13 secs
16:13:01 INFO  Executed sudo&lt;tedge_connect_c8y_test&gt;, exit status 0
16:13:01 INFO  Executed systemctl&lt;serv_mosq2&gt;, exit status 0
16:13:02 INFO  Executed systemctl&lt;serv_mapper3&gt;, exit status 0
16:13:04 INFO  State of current operation: SUCCESSFUL
16:13:04 INFO  Assert that (False == value) with value=False ... passed
16:13:05 INFO  Assert that (False == value) with value=False ... passed
16:13:05 INFO  Assert that (False == value) with value=False ... passed
16:13:05 INFO  Assert that (False == value) with value=False ... passed
16:13:05 INFO  Assert that (False == value) with value=False ... passed
16:13:07 INFO  Response status: 201
16:13:07 INFO  Response to action: {
    "creationTime": "2022-04-28T16:13:07.175Z",
    "deviceName": "mythicb",
    "deviceId": "17908757",
    "self": "https://t493319102.eu-latest.cumulocity.com/devicecontrol/operations/17923423",
    "id": "17923423",
    "status": "PENDING",
    "description": "Apply software changes, triggered from PySys: [{'action': 'install', 'id': '5475369', 'name': 'asciijump', 'url': ' ', 'version': '::apt'}, {'action': 'install', 'id': '5474869', 'name': 'robotfindskitten', 'url': ' ', 'version': ' '}, {'action': 'install', 'id': '5475279', 'name': 'squirrel3', 'url': ' ', 'version': '3.1-7::apt'}, {'action': 'install', 'id': '5152439', 'name': 'rolldice', 'url': ' ', 'version': '1.16-1+b1'}, {'action': 'install', 'id': '5439204', 'name': 'moon-buggy', 'url': ' ', 'version': '1:1.0.51-12'}, {'action': 'install', 'id': '5475369', 'name': 'asciijump', 'url': ' ', 'version': '::apt'}]",
    "c8y_SoftwareUpdate": [
        {
            "name": "asciijump",
            "action": "install",
            "id": "5475369",
            "version": "::apt",
            "url": " "
        },
        {
            "name": "robotfindskitten",
            "action": "install",
            "id": "5474869",
            "version": " ",
            "url": " "
        },
        {
            "name": "squirrel3",
            "action": "install",
            "id": "5475279",
            "version": "3.1-7::apt",
            "url": " "
        },
        {
            "name": "rolldice",
            "action": "install",
            "id": "5152439",
            "version": "1.16-1+b1",
            "url": " "
        },
        {
            "name": "moon-buggy",
            "action": "install",
            "id": "5439204",
            "version": "1:1.0.51-12",
            "url": " "
        },
        {
            "name": "asciijump",
            "action": "install",
            "id": "5475369",
            "version": "::apt",
            "url": " "
        }
    ]
}
16:13:07 INFO  Started operation: {'creationTime': '2022-04-28T16:13:07.175Z', 'deviceName': 'mythicb', 'deviceId': '17908757', 'self': 'https://t493319102.eu-latest.cumulocity.com/devicecontrol/operations/17923423', 'id': '17923423', 'status': 'PENDING', 'description': "Apply software changes, triggered from PySys: [{'action': 'install', 'id': '5475369', 'name': 'asciijump', 'url': ' ', 'version': '::apt'}, {'action': 'install', 'id': '5474869', 'name': 'robotfindskitten', 'url': ' ', 'version': ' '}, {'action': 'install', 'id': '5475279', 'name': 'squirrel3', 'url': ' ', 'version': '3.1-7::apt'}, {'action': 'install', 'id': '5152439', 'name': 'rolldice', 'url': ' ', 'version': '1.16-1+b1'}, {'action': 'install', 'id': '5439204', 'name': 'moon-buggy', 'url': ' ', 'version': '1:1.0.51-12'}, {'action': 'install', 'id': '5475369', 'name': 'asciijump', 'url': ' ', 'version': '::apt'}]", 'c8y_SoftwareUpdate': [{'name': 'asciijump', 'action': 'install', 'id': '5475369', 'version': '::apt', 'url': ' '}, {'name': 'robotfindskitten', 'action': 'install', 'id': '5474869', 'version': ' ', 'url': ' '}, {'name': 'squirrel3', 'action': 'install', 'id': '5475279', 'version': '3.1-7::apt', 'url': ' '}, {'name': 'rolldice', 'action': 'install', 'id': '5152439', 'version': '1.16-1+b1', 'url': ' '}, {'name': 'moon-buggy', 'action': 'install', 'id': '5439204', 'version': '1:1.0.51-12', 'url': ' '}, {'name': 'asciijump', 'action': 'install', 'id': '5475369', 'version': '::apt', 'url': ' '}]}
16:13:09 INFO  State of operation 17923423 : PENDING
16:13:11 INFO  State of operation 17923423 : EXECUTING
16:13:13 INFO  State of operation 17923423 : EXECUTING
16:13:16 INFO  State of operation 17923423 : EXECUTING
16:13:18 INFO  State of operation 17923423 : EXECUTING
16:13:20 INFO  State of operation 17923423 : EXECUTING
16:13:23 INFO  State of operation 17923423 : EXECUTING
16:13:26 INFO  State of operation 17923423 : EXECUTING
16:13:28 INFO  State of operation 17923423 : EXECUTING
16:13:31 INFO  State of operation 17923423 : EXECUTING
16:13:33 INFO  State of operation 17923423 : EXECUTING
16:13:35 INFO  State of operation 17923423 : EXECUTING
16:13:37 INFO  State of operation 17923423 : EXECUTING
16:13:40 INFO  State of operation 17923423 : EXECUTING
16:13:42 INFO  State of operation 17923423 : EXECUTING
16:13:44 INFO  State of operation 17923423 : EXECUTING
16:13:47 INFO  State of operation 17923423 : EXECUTING
16:13:49 INFO  State of operation 17923423 : EXECUTING
16:13:52 INFO  State of operation 17923423 : EXECUTING
16:13:54 INFO  State of operation 17923423 : EXECUTING
16:13:56 INFO  State of operation 17923423 : EXECUTING
16:13:59 INFO  State of operation 17923423 : EXECUTING
16:14:02 INFO  State of operation 17923423 : EXECUTING
16:14:04 INFO  State of operation 17923423 : EXECUTING
16:14:06 INFO  State of operation 17923423 : EXECUTING
16:14:08 INFO  State of operation 17923423 : EXECUTING
16:14:11 INFO  State of operation 17923423 : EXECUTING
16:14:13 INFO  State of operation 17923423 : EXECUTING
16:14:16 INFO  State of operation 17923423 : EXECUTING
16:14:18 INFO  State of operation 17923423 : EXECUTING
16:14:20 INFO  State of operation 17923423 : EXECUTING
16:14:23 INFO  State of operation 17923423 : EXECUTING
16:14:25 INFO  State of operation 17923423 : EXECUTING
16:14:27 INFO  State of operation 17923423 : EXECUTING
16:14:29 INFO  State of operation 17923423 : EXECUTING
16:14:31 INFO  State of operation 17923423 : EXECUTING
16:14:34 INFO  State of operation 17923423 : EXECUTING
16:14:36 INFO  State of operation 17923423 : EXECUTING
16:14:39 INFO  State of operation 17923423 : EXECUTING
16:14:42 INFO  State of operation 17923423 : EXECUTING
16:14:44 INFO  State of operation 17923423 : EXECUTING
16:14:47 INFO  State of operation 17923423 : EXECUTING
16:14:50 INFO  State of operation 17923423 : EXECUTING
16:14:52 INFO  State of operation 17923423 : EXECUTING
16:14:54 INFO  State of operation 17923423 : EXECUTING
16:14:56 INFO  State of operation 17923423 : EXECUTING
16:14:59 INFO  State of operation 17923423 : EXECUTING
16:15:01 INFO  State of operation 17923423 : EXECUTING
16:15:03 INFO  State of operation 17923423 : EXECUTING
16:15:06 INFO  State of operation 17923423 : EXECUTING
16:15:08 INFO  State of operation 17923423 : EXECUTING
16:15:11 INFO  State of operation 17923423 : EXECUTING
16:15:13 INFO  State of operation 17923423 : EXECUTING
16:15:16 INFO  State of operation 17923423 : EXECUTING
16:15:18 INFO  State of operation 17923423 : EXECUTING
16:15:21 INFO  State of operation 17923423 : EXECUTING
16:15:23 INFO  State of operation 17923423 : EXECUTING
16:15:26 INFO  State of operation 17923423 : EXECUTING
16:15:28 INFO  State of operation 17923423 : EXECUTING
16:15:30 INFO  State of operation 17923423 : EXECUTING
16:15:32 INFO  State of operation 17923423 : EXECUTING
16:15:34 WARN  SystemError occurred while running test - Timeout while waiting for status SUCCESSFUL or False
Traceback (most recent call last):
  File "/home/pi/env-pysys/lib/python3.7/site-packages/pysys/baserunner.py", line 1294, in __call__
    self.testObj.execute()
  File "/home/pi/actions-runner/_work/thin-edge.io/thin-edge.io/tests/PySys/software_management_end_to_end/sm_apt_install_remove_multiple_mixed/run.py", line 89, in execute
    self.wait_until_succcess()
  File "/home/pi/actions-runner/_work/thin-edge.io/thin-edge.io/tests/PySys/software_management_end_to_end/environment_sm_management.py", line 324, in wait_until_succcess
    self.wait_until_status("SUCCESSFUL")
  File "/home/pi/actions-runner/_work/thin-edge.io/thin-edge.io/tests/PySys/software_management_end_to_end/environment_sm_management.py", line 381, in wait_until_status
    "Timeout while waiting for status %s or %s" % (status, status2)
SystemError: Timeout while waiting for status SUCCESSFUL or False
16:15:34 WARN  SystemError: Timeout while waiting for status SUCCESSFUL or False ... blocked 
16:15:34 INFO  
16:15:34 INFO  cleanup:
16:15:39 INFO  Executed sudo&lt;tedge_disconnect_c8y&gt;, exit status 0
16:15:39 INFO  Executed systemctl&lt;serv_mapper5&gt;, exit status 3
16:15:39 INFO  
16:15:39 INFO  Test duration: 180.46 secs
16:15:39 INFO  Test final outcome:  BLOCKED
16:15:39 INFO  Test outcome reason: SystemError: Timeout while waiting for status SUCCESSFUL or False
16:15:39 INFO  
</system-out>
	</testcase>
<testcase classname="PySysTest" name="SoftwareManagement.sm_apt_install_remove_multiple_mixed">
		<failure message="BLOCKED: SystemError: Timeout while waiting for status SUCCESSFUL or False (+1 other failures)" type="BLOCKED" />
		<system-out>16:38:26 INFO  ==============================================================
16:38:26 INFO  Id:    SoftwareManagement.sm_apt_install_remove_multiple_mixed
16:38:26 INFO  Dir:   software_management_end_to_end/
16:38:26 INFO  Title: Validate end to end behaviour for the apt plugin for multiple packages with mixed versions
16:38:26 INFO  ==============================================================
16:38:26 INFO  Using sw id database: {'asciijump': '5475369', 'robotfindskitten': '5474869', 'squirrel3': '5475279', 'rolldice': '5152439', 'moon-buggy': '5439204', 'apple': '5495053', 'banana': '5494888', 'cherry': '5495382', 'watermelon': '5494510', 'registry': '8018911', 'hello-world': '8021526', 'docker/getting-started': '8021973', 'alpine': '7991792'}
16:38:26 INFO  EnvironmentC8y Setup
16:38:27 INFO  Executed systemctl&lt;serv_mapper1&gt;, exit status 3
16:38:27 INFO  Restarting mosquitto too frequently in the last 10 seconds. It was only up for 5 seconds
16:38:27 INFO  Delaying execution by 6 seconds
16:38:47 INFO  Executed sudo&lt;tedge_connect_c8y&gt;, exit status 0, duration 14 secs
16:38:48 INFO  Executed sudo&lt;tedge_connect_c8y_test&gt;, exit status 0
16:38:48 INFO  Executed systemctl&lt;serv_mosq2&gt;, exit status 0
16:38:48 INFO  Executed systemctl&lt;serv_mapper3&gt;, exit status 0
16:38:51 INFO  State of current operation: SUCCESSFUL
16:38:51 INFO  Assert that (False == value) with value=False ... passed
16:38:51 INFO  Assert that (False == value) with value=False ... passed
16:38:51 INFO  Assert that (False == value) with value=False ... passed
16:38:52 INFO  Assert that (False == value) with value=False ... passed
16:38:52 INFO  Package moon-buggy is installed
16:38:52 WARN  Assert that (False == value) with value=True ... failed 
16:38:53 INFO  Response status: 201
16:38:53 INFO  Response to action: {
    "creationTime": "2022-04-28T16:38:53.540Z",
    "deviceName": "mythicb",
    "deviceId": "17908757",
    "self": "https://t493319102.eu-latest.cumulocity.com/devicecontrol/operations/17923705",
    "id": "17923705",
    "status": "PENDING",
    "description": "Apply software changes, triggered from PySys: [{'action': 'install', 'id': '5475369', 'name': 'asciijump', 'url': ' ', 'version': '::apt'}, {'action': 'install', 'id': '5474869', 'name': 'robotfindskitten', 'url': ' ', 'version': ' '}, {'action': 'install', 'id': '5475279', 'name': 'squirrel3', 'url': ' ', 'version': '3.1-7::apt'}, {'action': 'install', 'id': '5152439', 'name': 'rolldice', 'url': ' ', 'version': '1.16-1+b1'}, {'action': 'install', 'id': '5439204', 'name': 'moon-buggy', 'url': ' ', 'version': '1:1.0.51-12'}, {'action': 'install', 'id': '5475369', 'name': 'asciijump', 'url': ' ', 'version': '::apt'}]",
    "c8y_SoftwareUpdate": [
        {
            "name": "asciijump",
            "action": "install",
            "id": "5475369",
            "version": "::apt",
            "url": " "
        },
        {
            "name": "robotfindskitten",
            "action": "install",
            "id": "5474869",
            "version": " ",
            "url": " "
        },
        {
            "name": "squirrel3",
            "action": "install",
            "id": "5475279",
            "version": "3.1-7::apt",
            "url": " "
        },
        {
            "name": "rolldice",
            "action": "install",
            "id": "5152439",
            "version": "1.16-1+b1",
            "url": " "
        },
        {
            "name": "moon-buggy",
            "action": "install",
            "id": "5439204",
            "version": "1:1.0.51-12",
            "url": " "
        },
        {
            "name": "asciijump",
            "action": "install",
            "id": "5475369",
            "version": "::apt",
            "url": " "
        }
    ]
}
16:38:53 INFO  Started operation: {'creationTime': '2022-04-28T16:38:53.540Z', 'deviceName': 'mythicb', 'deviceId': '17908757', 'self': 'https://t493319102.eu-latest.cumulocity.com/devicecontrol/operations/17923705', 'id': '17923705', 'status': 'PENDING', 'description': "Apply software changes, triggered from PySys: [{'action': 'install', 'id': '5475369', 'name': 'asciijump', 'url': ' ', 'version': '::apt'}, {'action': 'install', 'id': '5474869', 'name': 'robotfindskitten', 'url': ' ', 'version': ' '}, {'action': 'install', 'id': '5475279', 'name': 'squirrel3', 'url': ' ', 'version': '3.1-7::apt'}, {'action': 'install', 'id': '5152439', 'name': 'rolldice', 'url': ' ', 'version': '1.16-1+b1'}, {'action': 'install', 'id': '5439204', 'name': 'moon-buggy', 'url': ' ', 'version': '1:1.0.51-12'}, {'action': 'install', 'id': '5475369', 'name': 'asciijump', 'url': ' ', 'version': '::apt'}]", 'c8y_SoftwareUpdate': [{'name': 'asciijump', 'action': 'install', 'id': '5475369', 'version': '::apt', 'url': ' '}, {'name': 'robotfindskitten', 'action': 'install', 'id': '5474869', 'version': ' ', 'url': ' '}, {'name': 'squirrel3', 'action': 'install', 'id': '5475279', 'version': '3.1-7::apt', 'url': ' '}, {'name': 'rolldice', 'action': 'install', 'id': '5152439', 'version': '1.16-1+b1', 'url': ' '}, {'name': 'moon-buggy', 'action': 'install', 'id': '5439204', 'version': '1:1.0.51-12', 'url': ' '}, {'name': 'asciijump', 'action': 'install', 'id': '5475369', 'version': '::apt', 'url': ' '}]}
16:38:55 INFO  State of operation 17923705 : PENDING
16:38:58 INFO  State of operation 17923705 : EXECUTING
16:39:00 INFO  State of operation 17923705 : EXECUTING
16:39:02 INFO  State of operation 17923705 : EXECUTING
16:39:04 INFO  State of operation 17923705 : EXECUTING
16:39:06 INFO  State of operation 17923705 : EXECUTING
16:39:09 INFO  State of operation 17923705 : EXECUTING
16:39:12 INFO  State of operation 17923705 : EXECUTING
16:39:15 INFO  State of operation 17923705 : EXECUTING
16:39:17 INFO  State of operation 17923705 : EXECUTING
16:39:20 INFO  State of operation 17923705 : EXECUTING
16:39:22 INFO  State of operation 17923705 : EXECUTING
16:39:24 INFO  State of operation 17923705 : EXECUTING
16:39:26 INFO  State of operation 17923705 : EXECUTING
16:39:29 INFO  State of operation 17923705 : EXECUTING
16:39:31 INFO  State of operation 17923705 : EXECUTING
16:39:33 INFO  State of operation 17923705 : EXECUTING
16:39:36 INFO  State of operation 17923705 : EXECUTING
16:39:38 INFO  State of operation 17923705 : EXECUTING
16:39:41 INFO  State of operation 17923705 : EXECUTING
16:39:43 INFO  State of operation 17923705 : EXECUTING
16:39:45 INFO  State of operation 17923705 : EXECUTING
16:39:47 INFO  State of operation 17923705 : EXECUTING
16:39:50 INFO  State of operation 17923705 : EXECUTING
16:39:53 INFO  State of operation 17923705 : EXECUTING
16:39:55 INFO  State of operation 17923705 : EXECUTING
16:39:58 INFO  State of operation 17923705 : EXECUTING
16:40:00 INFO  State of operation 17923705 : EXECUTING
16:40:02 INFO  State of operation 17923705 : EXECUTING
16:40:05 INFO  State of operation 17923705 : EXECUTING
16:40:07 INFO  State of operation 17923705 : EXECUTING
16:40:09 INFO  State of operation 17923705 : EXECUTING
16:40:12 INFO  State of operation 17923705 : EXECUTING
16:40:14 INFO  State of operation 17923705 : EXECUTING
16:40:16 INFO  State of operation 17923705 : EXECUTING
16:40:18 INFO  State of operation 17923705 : EXECUTING
16:40:21 INFO  State of operation 17923705 : EXECUTING
16:40:23 INFO  State of operation 17923705 : EXECUTING
16:40:26 INFO  State of operation 17923705 : EXECUTING
16:40:28 INFO  State of operation 17923705 : EXECUTING
16:40:31 INFO  State of operation 17923705 : EXECUTING
16:40:33 INFO  State of operation 17923705 : EXECUTING
16:40:36 INFO  State of operation 17923705 : EXECUTING
16:40:38 INFO  State of operation 17923705 : EXECUTING
16:40:40 INFO  State of operation 17923705 : EXECUTING
16:40:42 INFO  State of operation 17923705 : EXECUTING
16:40:45 INFO  State of operation 17923705 : EXECUTING
16:40:47 INFO  State of operation 17923705 : EXECUTING
16:40:49 INFO  State of operation 17923705 : EXECUTING
16:40:52 INFO  State of operation 17923705 : EXECUTING
16:40:54 INFO  State of operation 17923705 : EXECUTING
16:40:57 INFO  State of operation 17923705 : EXECUTING
16:40:59 INFO  State of operation 17923705 : EXECUTING
16:41:01 INFO  State of operation 17923705 : EXECUTING
16:41:03 INFO  State of operation 17923705 : EXECUTING
16:41:06 INFO  State of operation 17923705 : EXECUTING
16:41:08 INFO  State of operation 17923705 : EXECUTING
16:41:11 INFO  State of operation 17923705 : EXECUTING
16:41:13 INFO  State of operation 17923705 : EXECUTING
16:41:16 INFO  State of operation 17923705 : EXECUTING
16:41:18 INFO  State of operation 17923705 : EXECUTING
16:41:20 WARN  SystemError occurred while running test - Timeout while waiting for status SUCCESSFUL or False
Traceback (most recent call last):
  File "/home/pi/env-pysys/lib/python3.7/site-packages/pysys/baserunner.py", line 1294, in __call__
    self.testObj.execute()
  File "/home/pi/actions-runner/_work/thin-edge.io/thin-edge.io/tests/PySys/software_management_end_to_end/sm_apt_install_remove_multiple_mixed/run.py", line 89, in execute
    self.wait_until_succcess()
  File "/home/pi/actions-runner/_work/thin-edge.io/thin-edge.io/tests/PySys/software_management_end_to_end/environment_sm_management.py", line 324, in wait_until_succcess
    self.wait_until_status("SUCCESSFUL")
  File "/home/pi/actions-runner/_work/thin-edge.io/thin-edge.io/tests/PySys/software_management_end_to_end/environment_sm_management.py", line 381, in wait_until_status
    "Timeout while waiting for status %s or %s" % (status, status2)
SystemError: Timeout while waiting for status SUCCESSFUL or False
16:41:20 WARN  SystemError: Timeout while waiting for status SUCCESSFUL or False ... blocked 
16:41:20 INFO  
16:41:20 INFO  cleanup:
16:41:25 INFO  Executed sudo&lt;tedge_disconnect_c8y&gt;, exit status 0
16:41:26 INFO  Executed systemctl&lt;serv_mapper5&gt;, exit status 3
16:41:26 INFO  
16:41:26 INFO  Test duration: 179.59 secs
16:41:26 INFO  Test final outcome:  BLOCKED
16:41:26 INFO  Test outcome reason: SystemError: Timeout while waiting for status SUCCESSFUL or False (+1 other failures)
16:41:26 INFO  
</system-out>
	</testcase>
</testsuite><testsuite name="SoftwareManagement.sm_apt_install_remove_with_version" tests="3" errors="0" failures="0" skipped="1" time="0"><testcase classname="PySysTest" name="SoftwareManagement.sm_apt_install_remove_with_version">
		<skipped message="SKIPPED: Testing the apt plugin is not supported on this platform.Use parameter -XmyPlatform='container' to enable it" />
		<system-out>15:36:15 INFO  ==============================================================
15:36:15 INFO  Id:    SoftwareManagement.sm_apt_install_remove_with_version
15:36:15 INFO  Dir:   software_management_end_to_end/
15:36:15 INFO  Title: Validate end to end behaviour for the apt plugin for packages with version
15:36:15 INFO  ==============================================================
15:36:15 INFO  Testing the apt plugin is not supported on this platform.Use parameter -XmyPlatform='container' to enable it ... skipped
15:36:15 WARN  Aborted test due to SKIPPED outcome
15:36:15 INFO  
15:36:15 INFO  Test duration: 0.02 secs
15:36:15 INFO  Test final outcome:  SKIPPED
15:36:15 INFO  Test outcome reason: Testing the apt plugin is not supported on this platform.Use parameter -XmyPlatform='container' to enable it
15:36:15 INFO  
</system-out>
	</testcase>
<testcase classname="PySysTest" name="SoftwareManagement.sm_apt_install_remove_with_version" />
<testcase classname="PySysTest" name="SoftwareManagement.sm_apt_install_remove_with_version" />
</testsuite><testsuite name="SoftwareManagement.sm_docker_install_remove_multiple" tests="3" errors="0" failures="2" skipped="1" time="0"><testcase classname="SMDockerInstallRemove" name="SoftwareManagement.sm_docker_install_remove_multiple">
		<skipped message="SKIPPED: Testing the apt plugin is not supported on this platform.Use parameter -XmyPlatform='container' to enable it" />
		<system-out>15:36:16 INFO  ==============================================================
15:36:16 INFO  Id:    SoftwareManagement.sm_docker_install_remove_multiple
15:36:16 INFO  Dir:   software_management_end_to_end/
15:36:16 INFO  Title: Validate end to end behaviour for the docker plugin for multiple docker images with mixed versions
15:36:16 INFO  ==============================================================
15:36:16 INFO  Testing the apt plugin is not supported on this platform.Use parameter -XmyPlatform='container' to enable it ... skipped
15:36:16 WARN  Aborted test due to SKIPPED outcome
15:36:16 INFO  
15:36:16 INFO  Test duration: 0.03 secs
15:36:16 INFO  Test final outcome:  SKIPPED
15:36:16 INFO  Test outcome reason: Testing the apt plugin is not supported on this platform.Use parameter -XmyPlatform='container' to enable it
15:36:16 INFO  
</system-out>
	</testcase>
<testcase classname="SMDockerInstallRemove" name="SoftwareManagement.sm_docker_install_remove_multiple">
		<failure message="BLOCKED: SystemError: The operation has failed" type="BLOCKED" />
		<system-out>16:23:55 INFO  ==============================================================
16:23:55 INFO  Id:    SoftwareManagement.sm_docker_install_remove_multiple
16:23:55 INFO  Dir:   software_management_end_to_end/
16:23:55 INFO  Title: Validate end to end behaviour for the docker plugin for multiple docker images with mixed versions
16:23:55 INFO  ==============================================================
16:23:57 INFO  Using sw id database: {'asciijump': '5475369', 'robotfindskitten': '5474869', 'squirrel3': '5475279', 'rolldice': '5152439', 'moon-buggy': '5439204', 'apple': '5495053', 'banana': '5494888', 'cherry': '5495382', 'watermelon': '5494510', 'registry': '8018911', 'hello-world': '8021526', 'docker/getting-started': '8021973', 'alpine': '7991792'}
16:23:57 INFO  EnvironmentC8y Setup
16:23:58 INFO  Executed systemctl&lt;serv_mapper1&gt;, exit status 3
16:24:14 INFO  Executed sudo&lt;tedge_connect_c8y&gt;, exit status 0, duration 15 secs
16:24:15 INFO  Executed sudo&lt;tedge_connect_c8y_test&gt;, exit status 0
16:24:16 INFO  Executed systemctl&lt;serv_mosq2&gt;, exit status 0
16:24:16 INFO  Executed systemctl&lt;serv_mapper3&gt;, exit status 0
16:24:18 INFO  State of current operation: SUCCESSFUL
16:24:18 INFO  Response status: 201
16:24:18 INFO  Response to action: {
    "creationTime": "2022-04-28T16:24:18.947Z",
    "deviceName": "mythicb",
    "deviceId": "17908757",
    "self": "https://t493319102.eu-latest.cumulocity.com/devicecontrol/operations/17923468",
    "id": "17923468",
    "status": "PENDING",
    "description": "Apply software changes, triggered from PySys: [{'action': 'install', 'id': '8021526', 'name': 'hello-world', 'url': '', 'version': '::docker'}, {'action': 'install', 'id': '8018911', 'name': 'registry', 'url': '', 'version': '2.6.2::docker'}]",
    "c8y_SoftwareUpdate": [
        {
            "name": "hello-world",
            "action": "install",
            "id": "8021526",
            "version": "::docker",
            "url": ""
        },
        {
            "name": "registry",
            "action": "install",
            "id": "8018911",
            "version": "2.6.2::docker",
            "url": ""
        }
    ]
}
16:24:18 INFO  Started operation: {'creationTime': '2022-04-28T16:24:18.947Z', 'deviceName': 'mythicb', 'deviceId': '17908757', 'self': 'https://t493319102.eu-latest.cumulocity.com/devicecontrol/operations/17923468', 'id': '17923468', 'status': 'PENDING', 'description': "Apply software changes, triggered from PySys: [{'action': 'install', 'id': '8021526', 'name': 'hello-world', 'url': '', 'version': '::docker'}, {'action': 'install', 'id': '8018911', 'name': 'registry', 'url': '', 'version': '2.6.2::docker'}]", 'c8y_SoftwareUpdate': [{'name': 'hello-world', 'action': 'install', 'id': '8021526', 'version': '::docker', 'url': ''}, {'name': 'registry', 'action': 'install', 'id': '8018911', 'version': '2.6.2::docker', 'url': ''}]}
16:24:21 INFO  State of operation 17923468 : PENDING
16:24:23 INFO  State of operation 17923468 : EXECUTING
16:24:25 INFO  State of operation 17923468 : EXECUTING
16:24:27 INFO  State of operation 17923468 : EXECUTING
16:24:30 INFO  State of operation 17923468 : EXECUTING
16:24:32 INFO  State of operation 17923468 : EXECUTING
16:24:34 INFO  State of operation 17923468 : EXECUTING
16:24:37 INFO  State of operation 17923468 : EXECUTING
16:24:39 INFO  State of operation 17923468 : EXECUTING
16:24:41 INFO  State of operation 17923468 : EXECUTING
16:24:43 INFO  State of operation 17923468 : EXECUTING
16:24:46 INFO  State of operation 17923468 : EXECUTING
16:24:48 INFO  State of operation 17923468 : EXECUTING
16:24:50 INFO  State of operation 17923468 : EXECUTING
16:24:53 INFO  State of operation 17923468 : EXECUTING
16:24:55 INFO  State of operation 17923468 : EXECUTING
16:24:57 INFO  State of operation 17923468 : SUCCESSFUL
16:24:58 INFO  Package hello-world is installed
16:24:59 INFO  Package hello-world is installed
16:24:59 INFO  Assert that (True == value) with value=True ... passed
16:24:59 INFO  Package registry is installed
16:24:59 INFO  Assert that (True == value) with value=True ... passed
16:24:59 INFO  Assert that (False == value) with value=False ... passed
16:24:59 INFO  Response status: 201
16:24:59 INFO  Response to action: {
    "creationTime": "2022-04-28T16:24:59.777Z",
    "deviceName": "mythicb",
    "deviceId": "17908757",
    "self": "https://t493319102.eu-latest.cumulocity.com/devicecontrol/operations/17923476",
    "id": "17923476",
    "status": "PENDING",
    "description": "Apply software changes, triggered from PySys: [{'action': 'install', 'id': '8018911', 'name': 'registry', 'url': '', 'version': '2.7.1::docker'}, {'action': 'install', 'id': '7991792', 'name': 'alpine', 'url': '', 'version': '::docker'}]",
    "c8y_SoftwareUpdate": [
        {
            "name": "registry",
            "action": "install",
            "id": "8018911",
            "version": "2.7.1::docker",
            "url": ""
        },
        {
            "name": "alpine",
            "action": "install",
            "id": "7991792",
            "version": "::docker",
            "url": ""
        }
    ]
}
16:24:59 INFO  Started operation: {'creationTime': '2022-04-28T16:24:59.777Z', 'deviceName': 'mythicb', 'deviceId': '17908757', 'self': 'https://t493319102.eu-latest.cumulocity.com/devicecontrol/operations/17923476', 'id': '17923476', 'status': 'PENDING', 'description': "Apply software changes, triggered from PySys: [{'action': 'install', 'id': '8018911', 'name': 'registry', 'url': '', 'version': '2.7.1::docker'}, {'action': 'install', 'id': '7991792', 'name': 'alpine', 'url': '', 'version': '::docker'}]", 'c8y_SoftwareUpdate': [{'name': 'registry', 'action': 'install', 'id': '8018911', 'version': '2.7.1::docker', 'url': ''}, {'name': 'alpine', 'action': 'install', 'id': '7991792', 'version': '::docker', 'url': ''}]}
16:25:02 INFO  State of operation 17923476 : PENDING
16:25:04 INFO  State of operation 17923476 : EXECUTING
16:25:06 INFO  State of operation 17923476 : EXECUTING
16:25:08 INFO  State of operation 17923476 : EXECUTING
16:25:10 INFO  State of operation 17923476 : EXECUTING
16:25:13 INFO  State of operation 17923476 : EXECUTING
16:25:15 INFO  State of operation 17923476 : EXECUTING
16:25:17 INFO  State of operation 17923476 : FAILED
16:25:17 ERROR Stopping as the operation has failed
[...]
15:28:23 WARN  Aborted test due to SKIPPED outcome
15:28:23 INFO  
15:28:23 INFO  Test duration: 0.02 secs
15:28:23 INFO  Test final outcome:  SKIPPED
15:28:23 INFO  Test outcome reason: Testing the docker plugin is not supported on this platform.To run it, all the test with -XmyPlatform='container'
15:28:23 INFO  
</system-out>
	</testcase>
<testcase classname="DockerPluginUpdateTest" name="docker_plugin_update" />
</testsuite><testsuite name="invalid_device_id" tests="1" errors="0" failures="0" skipped="0" time="0"><testcase classname="InvalidDeviceId" name="invalid_device_id" />
</testsuite><testsuite name="local_mqtt_pub_fail_noqos" tests="1" errors="0" failures="0" skipped="0" time="0"><testcase classname="PySysTest" name="local_mqtt_pub_fail_noqos" />
</testsuite><testsuite name="local_mqtt_pub_fail_qos0" tests="1" errors="0" failures="0" skipped="0" time="0"><testcase classname="PySysTest" name="local_mqtt_pub_fail_qos0" />
</testsuite><testsuite name="local_mqtt_pub_fail_qos1" tests="1" errors="0" failures="0" skipped="0" time="0"><testcase classname="PySysTest" name="local_mqtt_pub_fail_qos1" />
</testsuite><testsuite name="local_mqtt_pub_fail_qos2" tests="1" errors="0" failures="0" skipped="0" time="0"><testcase classname="PySysTest" name="local_mqtt_pub_fail_qos2" />
</testsuite><testsuite name="local_mqtt_pub_sub" tests="1" errors="0" failures="0" skipped="0" time="0"><testcase classname="PySysTest" name="local_mqtt_pub_sub" />
</testsuite><testsuite name="local_mqtt_pub_sub_retain" tests="1" errors="0" failures="0" skipped="0" time="0"><testcase classname="MqttPublishWithRetain" name="local_mqtt_pub_sub_retain" />
</testsuite><testsuite name="local_mqtt_pub_sub_with_sudo" tests="1" errors="0" failures="0" skipped="0" time="0"><testcase classname="PySysTest" name="local_mqtt_pub_sub_with_sudo" />
</testsuite><testsuite name="local_mqtt_sub_fail" tests="1" errors="0" failures="0" skipped="0" time="0"><testcase classname="PySysTest" name="local_mqtt_sub_fail" />
</testsuite><testsuite name="log_request_error_messages" tests="1" errors="0" failures="1" skipped="0" time="0"><testcase classname="LogRequestVerifySearchTextError" name="log_request_error_messages">
		<failure message="FAILED: Assert that (True == value) with value=False" type="FAILED" />
		<system-out>15:25:40 INFO  ==============================================================
15:25:40 INFO  Id:    log_request_error_messages
15:25:40 INFO  Dir:   log_request_end_to_end/
15:25:40 INFO  Title: Validate end to end behaviour for the log request operation check for error messages
15:25:40 INFO  ==============================================================
15:25:42 INFO  EnvironmentC8y Setup
15:25:42 INFO  Executed systemctl&lt;serv_mapper1&gt;, exit status 3
15:25:42 INFO  Restarting mosquitto too frequently in the last 10 seconds. It was only up for 2 seconds
15:25:42 INFO  Delaying execution by 9 seconds
15:26:05 INFO  Executed sudo&lt;tedge_connect_c8y&gt;, exit status 0, duration 13 secs
15:26:06 INFO  Executed sudo&lt;tedge_connect_c8y_test&gt;, exit status 0
15:26:06 INFO  Executed systemctl&lt;serv_mosq2&gt;, exit status 0
15:26:07 INFO  Executed systemctl&lt;serv_mapper3&gt;, exit status 0
15:26:07 INFO  Executed sudo&lt;rm_logs&gt;, exit status 0
15:26:08 INFO  Executed sudo&lt;move_logs&gt;, exit status 0
15:26:08 INFO  log response None
15:26:08 WARN  retry, retrying in 1 seconds...
15:26:09 INFO  log response https://thin-edge-io.eu-latest.cumulocity.com/event/events/17913267/binaries
15:26:10 WARN  Assert that (True == value) with value=False ... failed [run.py:43]
15:26:10 INFO  
15:26:10 INFO  cleanup:
15:26:11 INFO  Executed sudo&lt;rm_logs&gt;, exit status 0
15:26:11 INFO  Executed sudo&lt;rm_tmp_logs&gt;, exit status 0
15:26:12 INFO  Executed sudo&lt;send_failed&gt;, exit status 0
15:26:16 INFO  Executed sudo&lt;tedge_disconnect_c8y&gt;, exit status 0
15:26:16 INFO  Executed systemctl&lt;serv_mapper5&gt;, exit status 3
15:26:16 INFO  
15:26:16 INFO  Test duration: 36.09 secs
15:26:16 INFO  Test final outcome:  FAILED
15:26:16 INFO  Test outcome reason: Assert that (True == value) with value=False
15:26:16 INFO  
</system-out>
	</testcase>
</testsuite><testsuite name="log_request_num_lines" tests="1" errors="0" failures="1" skipped="0" time="0"><testcase classname="LogRequestVerifyNumberOfLines" name="log_request_num_lines">
		<failure message="FAILED: Assert that (True == value) with value=False" type="FAILED" />
		<system-out>15:26:16 INFO  ==============================================================
15:26:16 INFO  Id:    log_request_num_lines
15:26:16 INFO  Dir:   log_request_end_to_end/
15:26:16 INFO  Title: Validate end to end behaviour for the log request operation check for number of lines
15:26:16 INFO  ==============================================================
15:26:16 INFO  EnvironmentC8y Setup
15:26:17 INFO  Executed systemctl&lt;serv_mapper1&gt;, exit status 3
15:26:17 INFO  Restarting mosquitto too frequently in the last 10 seconds. It was only up for 5 seconds
15:26:17 INFO  Delaying execution by 6 seconds
15:26:38 INFO  Executed sudo&lt;tedge_connect_c8y&gt;, exit status 0, duration 14 secs
15:26:38 INFO  Executed sudo&lt;tedge_connect_c8y_test&gt;, exit status 0
15:26:39 INFO  Executed systemctl&lt;serv_mosq2&gt;, exit status 0
15:26:39 INFO  Executed systemctl&lt;serv_mapper3&gt;, exit status 0
15:26:40 INFO  Executed sudo&lt;rm_logs&gt;, exit status 0
15:26:40 INFO  Executed sudo&lt;move_logs&gt;, exit status 0
15:26:41 INFO  log response None
15:26:41 WARN  retry, retrying in 1 seconds...
15:26:42 INFO  log response https://thin-edge-io.eu-latest.cumulocity.com/event/events/17908766/binaries
15:26:42 INFO  nlines 0
15:26:42 WARN  Assert that (True == value) with value=False ... failed [run.py:44]
15:26:42 INFO  
15:26:42 INFO  cleanup:
15:26:43 INFO  Executed sudo&lt;rm_logs&gt;, exit status 0
15:26:43 INFO  Executed sudo&lt;rm_tmp_logs&gt;, exit status 0
15:26:44 INFO  Executed sudo&lt;send_failed&gt;, exit status 0
15:26:48 INFO  Executed sudo&lt;tedge_disconnect_c8y&gt;, exit status 0
15:26:49 INFO  Executed systemctl&lt;serv_mapper5&gt;, exit status 3
15:26:49 INFO  
15:26:49 INFO  Test duration: 32.14 secs
15:26:49 INFO  Test final outcome:  FAILED
15:26:49 INFO  Test outcome reason: Assert that (True == value) with value=False
15:26:49 INFO  
</system-out>
	</testcase>
</testsuite><testsuite name="mapper_awaits_before_reconnect" tests="1" errors="0" failures="0" skipped="0" time="0"><testcase classname="MapperReconnectAwait" name="mapper_awaits_before_reconnect" />
</testsuite><testsuite name="monitoring_smaller_interval" tests="1" errors="0" failures="0" skipped="1" time="0"><testcase classname="MonitoringSmallInterval" name="monitoring_smaller_interval">
		<skipped message="SKIPPED: Fails due to retained message" />
		<system-out>15:28:18 INFO  ==============================================================
15:28:18 INFO  Id:    monitoring_smaller_interval
15:28:18 INFO  Dir:   monitoring/
15:28:18 INFO  Title: Validate the tedge dm agent messages that are produced with smaller sampling interval than the batching window. Here the simulated collectd messages are used
15:28:18 INFO  ==============================================================
15:28:18 INFO  Fails due to retained message ... skipped
15:28:18 INFO  
15:28:18 INFO  Test duration: 0.03 secs
15:28:18 INFO  Test final outcome:  SKIPPED
15:28:18 INFO  Test outcome reason: Fails due to retained message
15:28:18 INFO  
</system-out>
	</testcase>
</testsuite><testsuite name="monitoring_with_collectd" tests="1" errors="0" failures="0" skipped="1" time="0"><testcase classname="MonitoringWithCollectd" name="monitoring_with_collectd">
		<skipped message="SKIPPED: Test execution disabled due to #792 (instable)" />
		<system-out>15:28:18 INFO  ==============================================================
15:28:18 INFO  Id:    monitoring_with_collectd
15:28:18 INFO  Dir:   monitoring/
15:28:18 INFO  Title: Validate tedge dm agent messages that are produced by batching the collectd messages
15:28:18 INFO  ==============================================================
15:28:18 INFO  Test execution disabled due to #792 (instable) ... skipped
15:28:18 INFO  
15:28:18 INFO  Test duration: 0.04 secs
15:28:18 INFO  Test final outcome:  SKIPPED
15:28:18 INFO  Test outcome reason: Test execution disabled due to #792 (instable)
15:28:18 INFO  
</system-out>
	</testcase>
</testsuite><testsuite name="monitoring_with_simulated_messages" tests="1" errors="0" failures="0" skipped="1" time="0"><testcase classname="MonitoringWithSimulatedMessages" name="monitoring_with_simulated_messages">
		<skipped message="SKIPPED: Fails due to retained message" />
		<system-out>15:28:18 INFO  ==============================================================
15:28:18 INFO  Id:    monitoring_with_simulated_messages
15:28:18 INFO  Dir:   monitoring/
15:28:18 INFO  Title: Validate the tedge dm agent messages that are produced from the simulated collectd messages
15:28:18 INFO  ==============================================================
15:28:18 INFO  Fails due to retained message ... skipped
15:28:18 INFO  
15:28:18 INFO  Test duration: 0.03 secs
15:28:18 INFO  Test final outcome:  SKIPPED
15:28:18 INFO  Test outcome reason: Fails due to retained message
15:28:18 INFO  
</system-out>
	</testcase>
</testsuite><testsuite name="mqtt_port_change_connection_fails" tests="1" errors="0" failures="0" skipped="0" time="0"><testcase classname="MqttPortChangeConnectionFails" name="mqtt_port_change_connection_fails" />
</testsuite><testsuite name="mqtt_port_change_connection_works" tests="1" errors="0" failures="0" skipped="1" time="0"><testcase classname="MqttPortChangeConnectionWorks" name="mqtt_port_change_connection_works">
		<skipped message="SKIPPED: failing intermitently" />
		<system-out>15:27:24 INFO  ==============================================================
15:27:24 INFO  Id:    mqtt_port_change_connection_works
15:27:24 INFO  Dir:   misc_features/
15:27:24 INFO  Title: mqtt port change connection works for all the thin-edge services that use the mosquitto broker
15:27:24 INFO  ==============================================================
15:27:24 INFO  failing intermitently ... skipped
15:27:24 INFO  
15:27:24 INFO  Test duration: 0.03 secs
15:27:24 INFO  Test final outcome:  SKIPPED
15:27:24 INFO  Test outcome reason: failing intermitently
15:27:24 INFO  
</system-out>
	</testcase>
</testsuite><testsuite name="mqtt_port_set" tests="1" errors="0" failures="0" skipped="0" time="0"><testcase classname="MqttPortSet" name="mqtt_port_set" />
</testsuite><testsuite name="mqtt_port_unset" tests="1" errors="0" failures="0" skipped="0" time="0"><testcase classname="MqttPortUnSet" name="mqtt_port_unset" />
</testsuite><testsuite name="publish_flux" tests="1" errors="0" failures="0" skipped="0" time="0"><testcase classname="PublishFlux" name="publish_flux" />
</testsuite><testsuite name="publish_sawmill" tests="1" errors="0" failures="0" skipped="0" time="0"><testcase classname="PublishSawmill" name="publish_sawmill" />
</testsuite><testsuite name="pysys_block" tests="1" errors="0" failures="0" skipped="1" time="0"><testcase classname="Fail" name="pysys_block">
		<skipped message="SKIPPED: Enable this to observe a blocking test" />
		<system-out>15:27:46 INFO  ==============================================================
15:27:46 INFO  Id:    pysys_block
15:27:46 INFO  Dir:   misc_features/
15:27:46 INFO  Title: fail
15:27:46 INFO  ==============================================================
15:27:46 INFO  Enable this to observe a blocking test ... skipped
15:27:46 INFO  
15:27:46 INFO  Test duration: 0.02 secs
15:27:46 INFO  Test final outcome:  SKIPPED
15:27:46 INFO  Test outcome reason: Enable this to observe a blocking test
15:27:46 INFO  
</system-out>
	</testcase>
</testsuite><testsuite name="pysys_fail" tests="1" errors="0" failures="0" skipped="1" time="0"><testcase classname="Fail" name="pysys_fail">
		<skipped message="SKIPPED: Enable this to observe a failing test" />
		<system-out>15:27:47 INFO  ==============================================================
15:27:47 INFO  Id:    pysys_fail
15:27:47 INFO  Dir:   misc_features/
15:27:47 INFO  Title: fail
15:27:47 INFO  ==============================================================
15:27:47 INFO  Enable this to observe a failing test ... skipped
15:27:47 INFO  
15:27:47 INFO  Test duration: 0.02 secs
15:27:47 INFO  Test final outcome:  SKIPPED
15:27:47 INFO  Test outcome reason: Enable this to observe a failing test
15:27:47 INFO  
</system-out>
	</testcase>
</testsuite><testsuite name="runtime_start_two_mappers" tests="1" errors="0" failures="1" skipped="0" time="0"><testcase classname="RuntimeMultiMappers" name="runtime_start_two_mappers">
		<failure message="FAILED: Grep on tedge_mapper2.err contains &quot;Error: Couldn't acquire file lock.&quot;" type="FAILED" />
		<system-out>15:39:49 INFO  ==============================================================
15:39:49 INFO  Id:    runtime_start_two_mappers
15:39:49 INFO  Dir:   tedge_mapper_c8y/
15:39:49 INFO  Title: Validate two mappers can't be started at the same time
15:39:49 INFO  ==============================================================
15:39:50 INFO  Executed sudo&lt;tedge_mapper1&gt;, exit status 0
15:39:50 INFO  Waiting for 0.1 seconds
15:39:50 INFO  Executed sudo&lt;tedge_mapper2&gt;, exit status 1
15:39:51 INFO  Executed sudo&lt;tedge_mapper1&gt;, exit status 0
15:39:51 WARN  Grep on tedge_mapper2.err contains "Error: Couldn't acquire file lock." ... failed [run.py:46]
15:39:51 INFO  
15:39:51 INFO  Test duration: 1.82 secs
15:39:51 INFO  Test final outcome:  FAILED
15:39:51 INFO  Test outcome reason: Grep on tedge_mapper2.err contains "Error: Couldn't acquire file lock."
15:39:51 INFO  
</system-out>
	</testcase>
</testsuite><testsuite name="sm_tedge_mapper_init_session" tests="1" errors="0" failures="0" skipped="0" time="0"><testcase classname="TedgeSMMapperInitSession" name="sm_tedge_mapper_init_session" />
</testsuite><testsuite name="smoketest_json" tests="1" errors="0" failures="0" skipped="0" time="0"><testcase classname="SmokeTestJson" name="smoketest_json" />
</testsuite><testsuite name="smoketest_json_400_samples_10ms" tests="1" errors="0" failures="0" skipped="0" time="0"><testcase classname="SmoketestJson400Samples10ms" name="smoketest_json_400_samples_10ms" />
</testsuite><testsuite name="smoketest_json_400_samples_20ms" tests="1" errors="0" failures="0" skipped="0" time="0"><testcase classname="SmoketestJson400Samples20ms" name="smoketest_json_400_samples_20ms" />
</testsuite><testsuite name="smoketest_smartrest" tests="1" errors="0" failures="0" skipped="0" time="0"><testcase classname="SmoketestSmartRest" name="smoketest_smartrest" />
</testsuite><testsuite name="smoketest_smartrest_200_samples_1Xms" tests="1" errors="0" failures="0" skipped="0" time="0"><testcase classname="SmoketestSmartRest200Samples1Xms" name="smoketest_smartrest_200_samples_1Xms" />
</testsuite><testsuite name="smoketest_smartrest_200_samples_20ms" tests="1" errors="0" failures="1" skipped="0" time="0"><testcase classname="SmoketestSmartRest200Samples20ms" name="smoketest_smartrest_200_samples_20ms">
		<failure message="BLOCKED: Failed to set up test: 'SmoketestSmartRest200Samples20ms'" type="BLOCKED" />
		<system-out>15:36:15 INFO  ==============================================================
15:36:15 INFO  Id:    smoketest_smartrest_200_samples_20ms
15:36:15 INFO  Dir:   smoketests/
15:36:15 INFO  Title: Smoketest SmartRest 200 Samples 20ms Delay
15:36:15 INFO  ==============================================================
15:36:15 WARN  Failed to set up test: 'SmoketestSmartRest200Samples20ms' ... blocked 
15:36:15 ERROR Caught KeyError while setting up test smoketest_smartrest_200_samples_20ms: 'SmoketestSmartRest200Samples20ms'
Traceback (most recent call last):
  File "/home/pi/env-pysys/lib/python3.7/site-packages/pysys/baserunner.py", line 1229, in __call__
    clazz = runpy_namespace[self.descriptor.classname]
KeyError: 'SmoketestSmartRest200Samples20ms'
15:36:15 INFO  
15:36:15 INFO  Test duration: 0.06 secs
15:36:15 INFO  Test final outcome:  BLOCKED
15:36:15 INFO  Test outcome reason: Failed to set up test: 'SmoketestSmartRest200Samples20ms'
15:36:15 INFO  
</system-out>
	</testcase>
</testsuite><testsuite name="tedge_agent_user_sudo_access" tests="1" errors="0" failures="0" skipped="1" time="0"><testcase classname="TedgeAgentUserSudoAccess" name="tedge_agent_user_sudo_access">
		<skipped message="SKIPPED: #955 Observation: Exit code of the apt plugin when called with no arguments" />
		<system-out>15:36:43 INFO  ==============================================================
15:36:43 INFO  Id:    tedge_agent_user_sudo_access
15:36:43 INFO  Dir:   tedge/
15:36:43 INFO  Title: Validate tedge-agent user has a limited sudo right
15:36:43 INFO  ==============================================================
15:36:43 INFO  #955 Observation: Exit code of the apt plugin when called with no arguments ... skipped
15:36:43 INFO  
15:36:43 INFO  Test duration: 0.03 secs
15:36:43 INFO  Test final outcome:  SKIPPED
15:36:43 INFO  Test outcome reason: #955 Observation: Exit code of the apt plugin when called with no arguments
15:36:43 INFO  
</system-out>
	</testcase>
</testsuite><testsuite name="tedge_connect_test_negative" tests="1" errors="0" failures="0" skipped="0" time="0"><testcase classname="TedgeConnectTestNegative" name="tedge_connect_test_negative" />
</testsuite><testsuite name="tedge_connect_test_positive" tests="1" errors="0" failures="0" skipped="0" time="0"><testcase classname="TedgeConnectTestPositive" name="tedge_connect_test_positive" />
</testsuite><testsuite name="tedge_connect_test_sm_services" tests="1" errors="0" failures="0" skipped="0" time="0"><testcase classname="TedgeConnectTestSMServices" name="tedge_connect_test_sm_services" />
</testsuite><testsuite name="tedge_disconnect_test_sm_services" tests="1" errors="0" failures="0" skipped="0" time="0"><testcase classname="TedgeDisConnectTestSMServices" name="tedge_disconnect_test_sm_services" />
</testsuite><testsuite name="tedge_mapper_az_negative" tests="1" errors="0" failures="0" skipped="0" time="0"><testcase classname="TedgeMapperAzError" name="tedge_mapper_az_negative" />
</testsuite><testsuite name="tedge_mapper_az_with_timestamp" tests="1" errors="0" failures="0" skipped="0" time="0"><testcase classname="TedgeMapperAzWithTimestamp" name="tedge_mapper_az_with_timestamp" />
</testsuite><testsuite name="tedge_mapper_az_without_timestamp" tests="1" errors="0" failures="0" skipped="0" time="0"><testcase classname="TedgeMapperAzWithoutTimestamp" name="tedge_mapper_az_without_timestamp" />
</testsuite><testsuite name="tedge_mapper_c8y_alarms" tests="1" errors="0" failures="0" skipped="0" time="0"><testcase classname="TedgeMapperC8yAlarm" name="tedge_mapper_c8y_alarms" />
</testsuite><testsuite name="tedge_mapper_c8y_child_device_measurement" tests="1" errors="0" failures="0" skipped="0" time="0"><testcase classname="TedgeMapperC8yChildDevice" name="tedge_mapper_c8y_child_device_measurement" />
</testsuite><testsuite name="tedge_mapper_c8y_packet_threshold_size" tests="1" errors="0" failures="0" skipped="0" time="0"><testcase classname="TedgeMapperC8yThresholdPacketSize" name="tedge_mapper_c8y_packet_threshold_size" />
</testsuite><testsuite name="tedge_software_update" tests="1" errors="0" failures="0" skipped="0" time="0"><testcase classname="PySysTest" name="tedge_software_update" />
</testsuite><testsuite name="valid_device_id" tests="1" errors="0" failures="0" skipped="0" time="0"><testcase classname="ValidateValidDeviceId" name="valid_device_id" />
</testsuite></testsuites>