<?xml version='1.0' encoding='utf-8'?>
<testsuites tests="149" failures="19" errors="0" skipped="49" time="0.0"><testsuite name="SoftwareManagement.Plugin.apama_plugin_install" tests="3" errors="0" failures="0" skipped="1" time="0"><testcase classname="ApamaPluginInstallTest" name="SoftwareManagement.Plugin.apama_plugin_install">
		<skipped message="SKIPPED: Apama plugin tests are disabled by default. Execute `pysys run` with `-XmyPlatform=container` to run these tests" />
		<system-out>08:23:14 INFO  ==============================================================
08:23:14 INFO  Id:    SoftwareManagement.Plugin.apama_plugin_install
08:23:14 INFO  Dir:   plugin_apama/
08:23:14 INFO  Title: Validate apama plugin install
08:23:14 INFO  ==============================================================
08:23:14 INFO  Apama plugin tests are disabled by default. Execute `pysys run` with `-XmyPlatform=container` to run these tests ... skipped
08:23:14 WARN  Aborted test due to SKIPPED outcome
08:23:14 INFO  
08:23:14 INFO  Test duration: 0.04 secs
08:23:14 INFO  Test final outcome:  SKIPPED
08:23:14 INFO  Test outcome reason: Apama plugin tests are disabled by default. Execute `pysys run` with `-XmyPlatform=container` to run these tests
08:23:14 INFO  
</system-out>
	</testcase>
<testcase classname="ApamaPluginInstallTest" name="SoftwareManagement.Plugin.apama_plugin_install" />
<testcase classname="ApamaPluginInstallTest" name="SoftwareManagement.Plugin.apama_plugin_install" />
</testsuite><testsuite name="SoftwareManagement.Plugin.apama_plugin_mon_support" tests="3" errors="0" failures="0" skipped="1" time="0"><testcase classname="ApamaPluginMonSupportTest" name="SoftwareManagement.Plugin.apama_plugin_mon_support">
		<skipped message="SKIPPED: Apama plugin tests are disabled by default. Execute `pysys run` with `-XmyPlatform=container` to run these tests" />
		<system-out>08:23:14 INFO  ==============================================================
08:23:14 INFO  Id:    SoftwareManagement.Plugin.apama_plugin_mon_support
08:23:14 INFO  Dir:   plugin_apama/
08:23:14 INFO  Title: Validate mon file support of apama plugin
08:23:14 INFO  ==============================================================
08:23:14 INFO  Apama plugin tests are disabled by default. Execute `pysys run` with `-XmyPlatform=container` to run these tests ... skipped
08:23:14 WARN  Aborted test due to SKIPPED outcome
08:23:14 INFO  
08:23:14 INFO  Test duration: 0.04 secs
08:23:14 INFO  Test final outcome:  SKIPPED
08:23:14 INFO  Test outcome reason: Apama plugin tests are disabled by default. Execute `pysys run` with `-XmyPlatform=container` to run these tests
08:23:14 INFO  
</system-out>
	</testcase>
<testcase classname="ApamaPluginMonSupportTest" name="SoftwareManagement.Plugin.apama_plugin_mon_support" />
<testcase classname="ApamaPluginMonSupportTest" name="SoftwareManagement.Plugin.apama_plugin_mon_support" />
</testsuite><testsuite name="SoftwareManagement.Plugin.apama_plugin_remove" tests="3" errors="0" failures="0" skipped="1" time="0"><testcase classname="ApamaPluginRemoveTest" name="SoftwareManagement.Plugin.apama_plugin_remove">
		<skipped message="SKIPPED: Apama plugin tests are disabled by default. Execute `pysys run` with `-XmyPlatform=container` to run these tests" />
		<system-out>08:23:14 INFO  ==============================================================
08:23:14 INFO  Id:    SoftwareManagement.Plugin.apama_plugin_remove
08:23:14 INFO  Dir:   plugin_apama/
08:23:14 INFO  Title: Validate apama plugin remove
08:23:14 INFO  ==============================================================
08:23:14 INFO  Apama plugin tests are disabled by default. Execute `pysys run` with `-XmyPlatform=container` to run these tests ... skipped
08:23:14 WARN  Aborted test due to SKIPPED outcome
08:23:14 INFO  
08:23:14 INFO  Test duration: 0.02 secs
08:23:14 INFO  Test final outcome:  SKIPPED
08:23:14 INFO  Test outcome reason: Apama plugin tests are disabled by default. Execute `pysys run` with `-XmyPlatform=container` to run these tests
08:23:14 INFO  
</system-out>
	</testcase>
<testcase classname="ApamaPluginRemoveTest" name="SoftwareManagement.Plugin.apama_plugin_remove" />
<testcase classname="ApamaPluginRemoveTest" name="SoftwareManagement.Plugin.apama_plugin_remove" />
</testsuite><testsuite name="SoftwareManagement.Plugin.apama_plugin_update" tests="3" errors="0" failures="2" skipped="1" time="0"><testcase classname="ApamaPluginUpdateTest" name="SoftwareManagement.Plugin.apama_plugin_update">
		<skipped message="SKIPPED: Apama plugin tests are disabled by default. Execute `pysys run` with `-XmyPlatform=container` to run these tests" />
		<system-out>08:23:14 INFO  ==============================================================
08:23:14 INFO  Id:    SoftwareManagement.Plugin.apama_plugin_update
08:23:14 INFO  Dir:   plugin_apama/
08:23:14 INFO  Title: Validate apama plugin updating one project with another
08:23:14 INFO  ==============================================================
08:23:14 INFO  Apama plugin tests are disabled by default. Execute `pysys run` with `-XmyPlatform=container` to run these tests ... skipped
08:23:14 WARN  Aborted test due to SKIPPED outcome
08:23:14 INFO  
08:23:14 INFO  Test duration: 0.02 secs
08:23:14 INFO  Test final outcome:  SKIPPED
08:23:14 INFO  Test outcome reason: Apama plugin tests are disabled by default. Execute `pysys run` with `-XmyPlatform=container` to run these tests
08:23:14 INFO  
</system-out>
	</testcase>
<testcase classname="ApamaPluginUpdateTest" name="SoftwareManagement.Plugin.apama_plugin_update">
		<failure message="BLOCKED: sudo&lt;plugin_install&gt; returned non-zero exit code 2" type="BLOCKED" />
		<system-out>09:15:54 INFO  ==============================================================
09:15:54 INFO  Id:    SoftwareManagement.Plugin.apama_plugin_update
09:15:54 INFO  Dir:   plugin_apama/
09:15:54 INFO  Title: Validate apama plugin updating one project with another
09:15:54 INFO  ==============================================================
09:15:54 INFO  Assertion that path exists=False for "/etc/tedge/apama/project" ... passed
09:15:55 INFO  Executed sudo&lt;create_project_dir&gt;, exit status 0
09:15:55 INFO  Executed sudo&lt;unzip_apama_project&gt;, exit status 0
09:15:56 INFO  Executed sudo&lt;move_apama_project&gt;, exit status 0
09:15:57 INFO  Executed sudo&lt;restart_apama_service&gt;, exit status 0
09:15:58 INFO  Executed sudo&lt;apama_correlator_wait&gt;, exit status 0
09:15:58 INFO  Assertion that path exists=True for "/etc/tedge/apama/project" ... passed
09:15:58 INFO  Executed sudo&lt;apama_list_monitors&gt;, exit status 0
09:15:58 INFO  Grep on file /home/pi/actions-runner/_work/thin-edge.io/thin-edge.io/tests/PySys/plugin_apama/apama_plugin_update/Output/linux/apama_list_monitors.out ... passed
09:15:59 WARN  Executed sudo&lt;plugin_install&gt;, exit status 2
09:15:59 INFO  Contents of plugin_install.err: 
  ERROR: Directory not empty (os error 39)
  -----

09:15:59 WARN  sudo&lt;plugin_install&gt; returned non-zero exit code 2 ... blocked [run.py:35]
09:15:59 WARN  Aborted test due to BLOCKED outcome
09:15:59 INFO  
09:15:59 INFO  cleanup:
09:15:59 INFO  Removing apama project
09:16:16 INFO  Executed sudo&lt;stop_apama_service&gt;, exit status 0, duration 17 secs
09:16:17 INFO  Executed sudo&lt;remove_apama_project&gt;, exit status 0
09:16:17 INFO  Executed sudo&lt;remove_apama_tmp_dir&gt;, exit status 0
09:16:17 INFO  
09:16:17 INFO  Test duration: 23.48 secs
09:16:17 INFO  Test final outcome:  BLOCKED
09:16:17 INFO  Test outcome reason: sudo&lt;plugin_install&gt; returned non-zero exit code 2
09:16:17 INFO  
</system-out>
	</testcase>
<testcase classname="ApamaPluginUpdateTest" name="SoftwareManagement.Plugin.apama_plugin_update">
		<failure message="BLOCKED: sudo&lt;plugin_install&gt; returned non-zero exit code 2" type="BLOCKED" />
		<system-out>09:20:49 INFO  ==============================================================
09:20:49 INFO  Id:    SoftwareManagement.Plugin.apama_plugin_update
09:20:49 INFO  Dir:   plugin_apama/
09:20:49 INFO  Title: Validate apama plugin updating one project with another
09:20:49 INFO  ==============================================================
09:20:49 INFO  Assertion that path exists=False for "/etc/tedge/apama/project" ... passed
09:20:50 INFO  Executed sudo&lt;create_project_dir&gt;, exit status 0
09:20:50 INFO  Executed sudo&lt;unzip_apama_project&gt;, exit status 0
09:20:51 INFO  Executed sudo&lt;move_apama_project&gt;, exit status 0
09:20:52 INFO  Executed sudo&lt;restart_apama_service&gt;, exit status 0
09:20:52 INFO  Executed sudo&lt;apama_correlator_wait&gt;, exit status 0
09:20:52 INFO  Assertion that path exists=True for "/etc/tedge/apama/project" ... passed
09:20:53 INFO  Executed sudo&lt;apama_list_monitors&gt;, exit status 0
09:20:53 INFO  Grep on file /home/pi/actions-runner/_work/thin-edge.io/thin-edge.io/tests/PySys/plugin_apama/apama_plugin_update/Output/linux/apama_list_monitors.out ... passed
09:20:54 WARN  Executed sudo&lt;plugin_install&gt;, exit status 2
09:20:54 INFO  Contents of plugin_install.err: 
  ERROR: Directory not empty (os error 39)
  -----

09:20:54 WARN  sudo&lt;plugin_install&gt; returned non-zero exit code 2 ... blocked [run.py:35]
09:20:54 WARN  Aborted test due to BLOCKED outcome
09:20:54 INFO  
09:20:54 INFO  cleanup:
09:20:54 INFO  Removing apama project
09:21:10 INFO  Executed sudo&lt;stop_apama_service&gt;, exit status 0, duration 16 secs
09:21:11 INFO  Executed sudo&lt;remove_apama_project&gt;, exit status 0
09:21:12 INFO  Executed sudo&lt;remove_apama_tmp_dir&gt;, exit status 0
09:21:12 INFO  
09:21:12 INFO  Test duration: 22.43 secs
09:21:12 INFO  Test final outcome:  BLOCKED
09:21:12 INFO  Test outcome reason: sudo&lt;plugin_install&gt; returned non-zero exit code 2
09:21:12 INFO  
</system-out>
	</testcase>
</testsuite><testsuite name="SoftwareManagement.sm_apt_install_download_path" tests="3" errors="0" failures="2" skipped="1" time="0"><testcase classname="AptInstallWithDownloadPath" name="SoftwareManagement.sm_apt_install_download_path">
		<skipped message="SKIPPED: Testing the apt plugin is not supported on this platform.Use parameter -XmyPlatform='container' to enable it" />
		<system-out>08:33:02 INFO  ==============================================================
08:33:02 INFO  Id:    SoftwareManagement.sm_apt_install_download_path
08:33:02 INFO  Dir:   software_management_end_to_end/
08:33:02 INFO  Title: Install package to directory specified in tedge config set tmp.path
08:33:02 INFO  ==============================================================
08:33:02 INFO  Testing the apt plugin is not supported on this platform.Use parameter -XmyPlatform='container' to enable it ... skipped
08:33:02 WARN  Aborted test due to SKIPPED outcome
08:33:02 INFO  
08:33:02 INFO  Test duration: 0.09 secs
08:33:02 INFO  Test final outcome:  SKIPPED
08:33:02 INFO  Test outcome reason: Testing the apt plugin is not supported on this platform.Use parameter -XmyPlatform='container' to enable it
08:33:02 INFO  
</system-out>
	</testcase>
<testcase classname="AptInstallWithDownloadPath" name="SoftwareManagement.sm_apt_install_download_path">
		<failure message="BLOCKED: AssertionError:" type="BLOCKED" />
		<system-out>08:57:22 INFO  ==============================================================
08:57:22 INFO  Id:    SoftwareManagement.sm_apt_install_download_path
08:57:22 INFO  Dir:   software_management_end_to_end/
08:57:22 INFO  Title: Install package to directory specified in tedge config set tmp.path
08:57:22 INFO  ==============================================================
08:57:22 INFO  Using sw id database: {'asciijump': '5475369', 'robotfindskitten': '5474869', 'squirrel3': '5475279', 'rolldice': '5152439', 'moon-buggy': '5439204', 'apple': '5495053', 'banana': '5494888', 'cherry': '5495382', 'watermelon': '5494510', 'registry': '8018911', 'hello-world': '8021526', 'docker/getting-started': '8021973', 'alpine': '7991792'}
08:57:22 INFO  EnvironmentC8y Setup
08:57:23 INFO  Executed systemctl&lt;serv_mapper1&gt;, exit status 3
08:57:38 INFO  Executed sudo&lt;tedge_connect_c8y&gt;, exit status 0, duration 14 secs
08:57:39 INFO  Executed sudo&lt;tedge_connect_c8y_test&gt;, exit status 0
08:57:40 INFO  Executed systemctl&lt;serv_mosq2&gt;, exit status 0
08:57:41 INFO  Executed systemctl&lt;serv_mapper3&gt;, exit status 0
08:57:43 INFO  State of current operation: SUCCESSFUL
08:57:43 INFO  Assert that (False == value) with value=False ... passed
08:57:44 INFO  Executed sudo, exit status 0
08:57:44 INFO  Executed sudo, exit status 0
08:57:45 INFO  Executed sudo, exit status 0
08:57:49 INFO  Executed sudo&lt;tedge_disconnect_c8y&gt;, exit status 0
08:57:49 INFO  Restarting mosquitto too frequently in the last 10 seconds. It was only up for 3 seconds
08:57:49 INFO  Delaying execution by 8 seconds
08:58:12 INFO  Executed sudo&lt;tedge_connect_c8y&gt;, exit status 0, duration 14 secs
08:58:12 INFO  Response status: 201
08:58:12 INFO  Response to action: {
    "creationTime": "2022-04-21T08:58:12.397Z",
    "deviceName": "mythicb",
    "deviceId": "17501602",
    "self": "https://t493319102.eu-latest.cumulocity.com/devicecontrol/operations/17537429",
    "id": "17537429",
    "status": "PENDING",
    "description": "Apply software changes, triggered from PySys: [{'name': 'rolldice', 'id': '5152439', 'version': '::apt', 'url': 'https://thin-edge-io.eu-latest.cumulocity.com/inventory/binaries/12435463', 'action': 'install'}]",
    "c8y_SoftwareUpdate": [
        {
            "name": "rolldice",
            "action": "install",
            "id": "5152439",
            "version": "::apt",
            "url": "https://thin-edge-io.eu-latest.cumulocity.com/inventory/binaries/12435463"
        }
    ]
}
08:58:12 INFO  Started operation: {'creationTime': '2022-04-21T08:58:12.397Z', 'deviceName': 'mythicb', 'deviceId': '17501602', 'self': 'https://t493319102.eu-latest.cumulocity.com/devicecontrol/operations/17537429', 'id': '17537429', 'status': 'PENDING', 'description': "Apply software changes, triggered from PySys: [{'name': 'rolldice', 'id': '5152439', 'version': '::apt', 'url': 'https://thin-edge-io.eu-latest.cumulocity.com/inventory/binaries/12435463', 'action': 'install'}]", 'c8y_SoftwareUpdate': [{'name': 'rolldice', 'action': 'install', 'id': '5152439', 'version': '::apt', 'url': 'https://thin-edge-io.eu-latest.cumulocity.com/inventory/binaries/12435463'}]}
08:58:12 WARN  , retrying in 0.5 seconds...
08:58:12 WARN  , retrying in 0.5 seconds...
08:58:13 WARN  , retrying in 0.5 seconds...
08:58:13 WARN  , retrying in 0.5 seconds...
08:58:14 WARN  , retrying in 0.5 seconds...
08:58:14 WARN  , retrying in 0.5 seconds...
08:58:15 WARN  , retrying in 0.5 seconds...
08:58:15 WARN  , retrying in 0.5 seconds...
08:58:16 WARN  , retrying in 0.5 seconds...
08:58:16 WARN  AssertionError occurred while running test - 
Traceback (most recent call last):
  File "/home/pi/env-pysys/lib/python3.7/site-packages/pysys/baserunner.py", line 1294, in __call__
    self.testObj.execute()
  File "/home/pi/actions-runner/_work/thin-edge.io/thin-edge.io/tests/PySys/software_management_end_to_end/sm_apt_install_download_path/run.py", line 83, in execute
    assert_install_in_download_path(install_directory=self.DOWNLOAD_DIR)
  File "/home/pi/env-pysys/lib/python3.7/site-packages/decorator.py", line 232, in fun
    return caller(func, *(extras + args), **kw)
  File "/home/pi/env-pysys/lib/python3.7/site-packages/retry/api.py", line 74, in retry_decorator
    logger)
  File "/home/pi/env-pysys/lib/python3.7/site-packages/retry/api.py", line 33, in __retry_internal
    return f()
  File "/home/pi/actions-runner/_work/thin-edge.io/thin-edge.io/tests/PySys/software_management_end_to_end/sm_apt_install_download_path/run.py", line 28, in assert_install_in_download_path
    assert "rolldice" in os.listdir(f"{install_directory}")
AssertionError
08:58:17 WARN  AssertionError: ... blocked 
08:58:17 INFO  
08:58:17 INFO  cleanup:
08:58:18 INFO  Executed sudo, exit status 0
08:58:18 INFO  Executed sudo, exit status 0
08:58:23 INFO  Executed sudo&lt;tedge_disconnect_c8y&gt;, exit status 0
08:58:23 INFO  Restarting mosquitto too frequently in the last 10 seconds. It was only up for 4 seconds
08:58:23 INFO  Delaying execution by 7 seconds
08:58:45 INFO  Executed sudo&lt;tedge_connect_c8y&gt;, exit status 0, duration 15 secs
08:58:50 INFO  Executed sudo&lt;tedge_disconnect_c8y&gt;, exit status 0
08:58:50 INFO  Executed systemctl&lt;serv_mapper5&gt;, exit status 3
08:58:50 INFO  
08:58:50 INFO  Test duration: 88.19 secs
08:58:50 INFO  Test final outcome:  BLOCKED
08:58:50 INFO  Test outcome reason: AssertionError:
08:58:50 INFO  
</system-out>
	</testcase>
<testcase classname="AptInstallWithDownloadPath" name="SoftwareManagement.sm_apt_install_download_path">
		<failure message="BLOCKED: AssertionError:" type="BLOCKED" />
		<system-out>09:21:12 INFO  ==============================================================
09:21:12 INFO  Id:    SoftwareManagement.sm_apt_install_download_path
09:21:12 INFO  Dir:   software_management_end_to_end/
09:21:12 INFO  Title: Install package to directory specified in tedge config set tmp.path
09:21:12 INFO  ==============================================================
09:21:13 INFO  Using sw id database: {'asciijump': '5475369', 'robotfindskitten': '5474869', 'squirrel3': '5475279', 'rolldice': '5152439', 'moon-buggy': '5439204', 'apple': '5495053', 'banana': '5494888', 'cherry': '5495382', 'watermelon': '5494510', 'registry': '8018911', 'hello-world': '8021526', 'docker/getting-started': '8021973', 'alpine': '7991792'}
09:21:13 INFO  EnvironmentC8y Setup
09:21:13 INFO  Executed systemctl&lt;serv_mapper1&gt;, exit status 3
09:21:28 INFO  Executed sudo&lt;tedge_connect_c8y&gt;, exit status 0, duration 14 secs
09:21:29 INFO  Executed sudo&lt;tedge_connect_c8y_test&gt;, exit status 0
09:21:29 INFO  Executed systemctl&lt;serv_mosq2&gt;, exit status 0
09:21:30 INFO  Executed systemctl&lt;serv_mapper3&gt;, exit status 0
09:21:32 INFO  State of current operation: SUCCESSFUL
09:21:32 INFO  Assert that (False == value) with value=False ... passed
09:21:33 INFO  Executed sudo, exit status 0
09:21:33 INFO  Executed sudo, exit status 0
09:21:34 INFO  Executed sudo, exit status 0
09:21:38 INFO  Executed sudo&lt;tedge_disconnect_c8y&gt;, exit status 0
09:21:38 INFO  Restarting mosquitto too frequently in the last 10 seconds. It was only up for 3 seconds
09:21:38 INFO  Delaying execution by 8 seconds
09:22:00 INFO  Executed sudo&lt;tedge_connect_c8y&gt;, exit status 0, duration 13 secs
09:22:00 INFO  Response status: 201
09:22:00 INFO  Response to action: {
    "delivery": {
        "time": "2022-04-21T09:22:00.681Z",
        "log": [],
        "status": "PENDING"
    },
    "creationTime": "2022-04-21T09:22:00.657Z",
    "deviceName": "mythicb",
    "deviceId": "17501602",
    "self": "https://t493319102.eu-latest.cumulocity.com/devicecontrol/operations/17537565",
    "id": "17537565",
    "status": "PENDING",
    "description": "Apply software changes, triggered from PySys: [{'name': 'rolldice', 'id': '5152439', 'version': '::apt', 'url': 'https://thin-edge-io.eu-latest.cumulocity.com/inventory/binaries/12435463', 'action': 'install'}]",
    "c8y_SoftwareUpdate": [
        {
            "name": "rolldice",
            "action": "install",
            "id": "5152439",
            "version": "::apt",
            "url": "https://thin-edge-io.eu-latest.cumulocity.com/inventory/binaries/12435463"
        }
    ]
}
09:22:00 INFO  Started operation: {'delivery': {'time': '2022-04-21T09:22:00.681Z', 'log': [], 'status': 'PENDING'}, 'creationTime': '2022-04-21T09:22:00.657Z', 'deviceName': 'mythicb', 'deviceId': '17501602', 'self': 'https://t493319102.eu-latest.cumulocity.com/devicecontrol/operations/17537565', 'id': '17537565', 'status': 'PENDING', 'description': "Apply software changes, triggered from PySys: [{'name': 'rolldice', 'id': '5152439', 'version': '::apt', 'url': 'https://thin-edge-io.eu-latest.cumulocity.com/inventory/binaries/12435463', 'action': 'install'}]", 'c8y_SoftwareUpdate': [{'name': 'rolldice', 'action': 'install', 'id': '5152439', 'version': '::apt', 'url': 'https://thin-edge-io.eu-latest.cumulocity.com/inventory/binaries/12435463'}]}
09:22:00 WARN  , retrying in 0.5 seconds...
09:22:01 WARN  , retrying in 0.5 seconds...
09:22:01 WARN  , retrying in 0.5 seconds...
09:22:02 WARN  , retrying in 0.5 seconds...
09:22:02 WARN  , retrying in 0.5 seconds...
09:22:03 WARN  , retrying in 0.5 seconds...
09:22:03 WARN  , retrying in 0.5 seconds...
09:22:04 WARN  , retrying in 0.5 seconds...
09:22:04 WARN  , retrying in 0.5 seconds...
09:22:05 WARN  AssertionError occurred while running test - 
Traceback (most recent call last):
  File "/home/pi/env-pysys/lib/python3.7/site-packages/pysys/baserunner.py", line 1294, in __call__
    self.testObj.execute()
  File "/home/pi/actions-runner/_work/thin-edge.io/thin-edge.io/tests/PySys/software_management_end_to_end/sm_apt_install_download_path/run.py", line 83, in execute
    assert_install_in_download_path(install_directory=self.DOWNLOAD_DIR)
  File "/home/pi/env-pysys/lib/python3.7/site-packages/decorator.py", line 232, in fun
    return caller(func, *(extras + args), **kw)
  File "/home/pi/env-pysys/lib/python3.7/site-packages/retry/api.py", line 74, in retry_decorator
    logger)
  File "/home/pi/env-pysys/lib/python3.7/site-packages/retry/api.py", line 33, in __retry_internal
    return f()
  File "/home/pi/actions-runner/_work/thin-edge.io/thin-edge.io/tests/PySys/software_management_end_to_end/sm_apt_install_download_path/run.py", line 28, in assert_install_in_download_path
    assert "rolldice" in os.listdir(f"{install_directory}")
AssertionError
09:22:05 WARN  AssertionError: ... blocked 
09:22:05 INFO  
09:22:05 INFO  cleanup:
09:22:05 INFO  Executed sudo, exit status 0
09:22:06 INFO  Executed sudo, exit status 0
09:22:10 INFO  Executed sudo&lt;tedge_disconnect_c8y&gt;, exit status 0
09:22:11 INFO  Restarting mosquitto too frequently in the last 10 seconds. It was only up for 4 seconds
09:22:11 INFO  Delaying execution by 7 seconds
09:22:32 INFO  Executed sudo&lt;tedge_connect_c8y&gt;, exit status 0, duration 14 secs
09:22:36 INFO  Executed sudo&lt;tedge_disconnect_c8y&gt;, exit status 0
09:22:37 INFO  Executed systemctl&lt;serv_mapper5&gt;, exit status 3
09:22:37 INFO  
09:22:37 INFO  Test duration: 85.14 secs
09:22:37 INFO  Test final outcome:  BLOCKED
09:22:37 INFO  Test outcome reason: AssertionError:
09:22:37 INFO  
</system-out>
	</testcase>
</testsuite><testsuite name="SoftwareManagement.sm_apt_install_fail" tests="3" errors="0" failures="0" skipped="1" time="0"><testcase classname="PySysTest" name="SoftwareManagement.sm_apt_install_fail">
		<skipped message="SKIPPED: Testing the apt plugin is not supported on this platform.Use parameter -XmyPlatform='container' to enable it" />
		<system-out>08:33:03 INFO  ==============================================================
08:33:03 INFO  Id:    SoftwareManagement.sm_apt_install_fail
08:33:03 INFO  Dir:   software_management_end_to_end/
08:33:03 INFO  Title: Validate end to end behaviour for a failing installation
08:33:03 INFO  ==============================================================
08:33:03 INFO  Testing the apt plugin is not supported on this platform.Use parameter -XmyPlatform='container' to enable it ... skipped
08:33:03 WARN  Aborted test due to SKIPPED outcome
08:33:03 INFO  
08:33:03 INFO  Test duration: 0.02 secs
08:33:03 INFO  Test final outcome:  SKIPPED
08:33:03 INFO  Test outcome reason: Testing the apt plugin is not supported on this platform.Use parameter -XmyPlatform='container' to enable it
08:33:03 INFO  
</system-out>
	</testcase>
<testcase classname="PySysTest" name="SoftwareManagement.sm_apt_install_fail" />
<testcase classname="PySysTest" name="SoftwareManagement.sm_apt_install_fail" />
</testsuite><testsuite name="SoftwareManagement.sm_apt_install_remove" tests="3" errors="0" failures="0" skipped="1" time="0"><testcase classname="PySysTest" name="SoftwareManagement.sm_apt_install_remove">
		<skipped message="SKIPPED: Testing the apt plugin is not supported on this platform.Use parameter -XmyPlatform='container' to enable it" />
		<system-out>08:33:03 INFO  ==============================================================
08:33:03 INFO  Id:    SoftwareManagement.sm_apt_install_remove
08:33:03 INFO  Dir:   software_management_end_to_end/
08:33:03 INFO  Title: Validate end to end behaviour for the apt plugin for installation and removal of packages
08:33:03 INFO  ==============================================================
08:33:03 INFO  Testing the apt plugin is not supported on this platform.Use parameter -XmyPlatform='container' to enable it ... skipped
08:33:03 WARN  Aborted test due to SKIPPED outcome
08:33:03 INFO  
08:33:03 INFO  Test duration: 0.02 secs
08:33:03 INFO  Test final outcome:  SKIPPED
08:33:03 INFO  Test outcome reason: Testing the apt plugin is not supported on this platform.Use parameter -XmyPlatform='container' to enable it
08:33:03 INFO  
</system-out>
	</testcase>
<testcase classname="PySysTest" name="SoftwareManagement.sm_apt_install_remove" />
<testcase classname="PySysTest" name="SoftwareManagement.sm_apt_install_remove" />
</testsuite><testsuite name="SoftwareManagement.sm_apt_install_remove_default" tests="3" errors="0" failures="0" skipped="1" time="0"><testcase classname="PySysTest" name="SoftwareManagement.sm_apt_install_remove_default">
		<skipped message="SKIPPED: Testing the apt plugin is not supported on this platform.Use parameter -XmyPlatform='container' to enable it" />
		<system-out>08:33:03 INFO  ==============================================================
08:33:03 INFO  Id:    SoftwareManagement.sm_apt_install_remove_default
08:33:03 INFO  Dir:   software_management_end_to_end/
08:33:03 INFO  Title: Validate end to end behaviour for the default plugin for installation and removal of packages
08:33:03 INFO  ==============================================================
08:33:03 INFO  Testing the apt plugin is not supported on this platform.Use parameter -XmyPlatform='container' to enable it ... skipped
08:33:03 WARN  Aborted test due to SKIPPED outcome
08:33:03 INFO  
08:33:03 INFO  Test duration: 0.02 secs
08:33:03 INFO  Test final outcome:  SKIPPED
08:33:03 INFO  Test outcome reason: Testing the apt plugin is not supported on this platform.Use parameter -XmyPlatform='container' to enable it
08:33:03 INFO  
</system-out>
	</testcase>
<testcase classname="PySysTest" name="SoftwareManagement.sm_apt_install_remove_default" />
<testcase classname="PySysTest" name="SoftwareManagement.sm_apt_install_remove_default" />
</testsuite><testsuite name="SoftwareManagement.sm_apt_install_remove_multiple" tests="3" errors="0" failures="2" skipped="1" time="0"><testcase classname="PySysTest" name="SoftwareManagement.sm_apt_install_remove_multiple">
		<skipped message="SKIPPED: Testing the apt plugin is not supported on this platform.Use parameter -XmyPlatform='container' to enable it" />
		<system-out>08:33:03 INFO  ==============================================================
08:33:03 INFO  Id:    SoftwareManagement.sm_apt_install_remove_multiple
08:33:03 INFO  Dir:   software_management_end_to_end/
08:33:03 INFO  Title: Validate end to end behaviour for the apt plugin for multiple packages
08:33:03 INFO  ==============================================================
08:33:03 INFO  Testing the apt plugin is not supported on this platform.Use parameter -XmyPlatform='container' to enable it ... skipped
08:33:03 WARN  Aborted test due to SKIPPED outcome
08:33:03 INFO  
08:33:03 INFO  Test duration: 0.03 secs
08:33:03 INFO  Test final outcome:  SKIPPED
08:33:03 INFO  Test outcome reason: Testing the apt plugin is not supported on this platform.Use parameter -XmyPlatform='container' to enable it
08:33:03 INFO  
</system-out>
	</testcase>
<testcase classname="PySysTest" name="SoftwareManagement.sm_apt_install_remove_multiple">
		<failure message="FAILED: Assert that (False == value) with value=True" type="FAILED" />
		<system-out>09:05:48 INFO  ==============================================================
09:05:48 INFO  Id:    SoftwareManagement.sm_apt_install_remove_multiple
09:05:48 INFO  Dir:   software_management_end_to_end/
09:05:48 INFO  Title: Validate end to end behaviour for the apt plugin for multiple packages
09:05:48 INFO  ==============================================================
09:05:48 INFO  Using sw id database: {'asciijump': '5475369', 'robotfindskitten': '5474869', 'squirrel3': '5475279', 'rolldice': '5152439', 'moon-buggy': '5439204', 'apple': '5495053', 'banana': '5494888', 'cherry': '5495382', 'watermelon': '5494510', 'registry': '8018911', 'hello-world': '8021526', 'docker/getting-started': '8021973', 'alpine': '7991792'}
09:05:48 INFO  EnvironmentC8y Setup
09:05:49 INFO  Executed systemctl&lt;serv_mapper1&gt;, exit status 3
09:05:49 INFO  Restarting mosquitto too frequently in the last 10 seconds. It was only up for 5 seconds
09:05:49 INFO  Delaying execution by 6 seconds
09:06:09 INFO  Executed sudo&lt;tedge_connect_c8y&gt;, exit status 0, duration 14 secs
09:06:10 INFO  Executed sudo&lt;tedge_connect_c8y_test&gt;, exit status 0
09:06:11 INFO  Executed systemctl&lt;serv_mosq2&gt;, exit status 0
09:06:11 INFO  Executed systemctl&lt;serv_mapper3&gt;, exit status 0
09:06:13 INFO  State of current operation: SUCCESSFUL
09:06:14 INFO  Assert that (False == value) with value=False ... passed
09:06:14 INFO  Assert that (False == value) with value=False ... passed
09:06:14 INFO  Assert that (False == value) with value=False ... passed
09:06:14 INFO  Package robotfindskitten is installed
09:06:14 WARN  Assert that (False == value) with value=True ... failed 
09:06:15 INFO  Response status: 201
09:06:15 INFO  Response to action: {
    "creationTime": "2022-04-21T09:06:15.132Z",
    "deviceName": "mythicb",
    "deviceId": "17501602",
    "self": "https://t493319102.eu-latest.cumulocity.com/devicecontrol/operations/17537491",
    "id": "17537491",
    "status": "PENDING",
    "description": "Apply software changes, triggered from PySys: [{'action': 'install', 'id': '5475369', 'name': 'asciijump', 'url': ' ', 'version': '::apt'}, {'action': 'install', 'id': '5474869', 'name': 'robotfindskitten', 'url': ' ', 'version': '::apt'}, {'action': 'install', 'id': '5475279', 'name': 'squirrel3', 'url': ' ', 'version': '::apt'}]",
    "c8y_SoftwareUpdate": [
        {
            "name": "asciijump",
            "action": "install",
            "id": "5475369",
            "version": "::apt",
            "url": " "
        },
        {
            "name": "robotfindskitten",
            "action": "install",
            "id": "5474869",
            "version": "::apt",
            "url": " "
        },
        {
            "name": "squirrel3",
            "action": "install",
            "id": "5475279",
            "version": "::apt",
            "url": " "
        }
    ]
}
09:06:15 INFO  Started operation: {'creationTime': '2022-04-21T09:06:15.132Z', 'deviceName': 'mythicb', 'deviceId': '17501602', 'self': 'https://t493319102.eu-latest.cumulocity.com/devicecontrol/operations/17537491', 'id': '17537491', 'status': 'PENDING', 'description': "Apply software changes, triggered from PySys: [{'action': 'install', 'id': '5475369', 'name': 'asciijump', 'url': ' ', 'version': '::apt'}, {'action': 'install', 'id': '5474869', 'name': 'robotfindskitten', 'url': ' ', 'version': '::apt'}, {'action': 'install', 'id': '5475279', 'name': 'squirrel3', 'url': ' ', 'version': '::apt'}]", 'c8y_SoftwareUpdate': [{'name': 'asciijump', 'action': 'install', 'id': '5475369', 'version': '::apt', 'url': ' '}, {'name': 'robotfindskitten', 'action': 'install', 'id': '5474869', 'version': '::apt', 'url': ' '}, {'name': 'squirrel3', 'action': 'install', 'id': '5475279', 'version': '::apt', 'url': ' '}]}
09:06:17 INFO  State of operation 17537491 : PENDING
09:06:19 INFO  State of operation 17537491 : EXECUTING
09:06:21 INFO  State of operation 17537491 : EXECUTING
09:06:24 INFO  State of operation 17537491 : EXECUTING
09:06:26 INFO  State of operation 17537491 : EXECUTING
09:06:28 INFO  State of operation 17537491 : EXECUTING
09:06:31 INFO  State of operation 17537491 : EXECUTING
09:06:35 INFO  State of operation 17537491 : EXECUTING
09:06:37 INFO  State of operation 17537491 : EXECUTING
09:06:39 INFO  State of operation 17537491 : EXECUTING
09:06:42 INFO  State of operation 17537491 : EXECUTING
09:06:44 INFO  State of operation 17537491 : EXECUTING
09:06:46 INFO  State of operation 17537491 : EXECUTING
09:06:48 INFO  State of operation 17537491 : EXECUTING
09:06:50 INFO  State of operation 17537491 : EXECUTING
09:06:53 INFO  State of operation 17537491 : EXECUTING
09:06:55 INFO  State of operation 17537491 : EXECUTING
09:06:58 INFO  State of operation 17537491 : EXECUTING
09:07:00 INFO  State of operation 17537491 : EXECUTING
09:07:02 INFO  State of operation 17537491 : EXECUTING
09:07:05 INFO  State of operation 17537491 : EXECUTING
09:07:07 INFO  State of operation 17537491 : EXECUTING
09:07:10 INFO  State of operation 17537491 : EXECUTING
09:07:12 INFO  State of operation 17537491 : EXECUTING
09:07:14 INFO  State of operation 17537491 : EXECUTING
09:07:17 INFO  State of operation 17537491 : EXECUTING
09:07:20 INFO  State of operation 17537491 : EXECUTING
09:07:22 INFO  State of operation 17537491 : EXECUTING
09:07:24 INFO  State of operation 17537491 : EXECUTING
09:07:26 INFO  State of operation 17537491 : EXECUTING
09:07:29 INFO  State of operation 17537491 : EXECUTING
09:07:31 INFO  State of operation 17537491 : EXECUTING
09:07:33 INFO  State of operation 17537491 : EXECUTING
09:07:35 INFO  State of operation 17537491 : EXECUTING
09:07:38 INFO  State of operation 17537491 : SUCCESSFUL
09:07:38 INFO  Assert that (False == value) with value=False ... passed
09:07:38 INFO  Package asciijump is installed
09:07:38 INFO  Assert that (True == value) with value=True ... passed
09:07:38 INFO  Package squirrel3 is installed
09:07:38 INFO  Assert that (True == value) with value=True ... passed
09:07:38 INFO  Package robotfindskitten is installed
09:07:38 INFO  Assert that (True == value) with value=True ... passed
09:07:39 INFO  Response status: 201
09:07:39 INFO  Response to action: {
    "creationTime": "2022-04-21T09:07:39.165Z",
    "deviceName": "mythicb",
    "deviceId": "17501602",
    "self": "https://t493319102.eu-latest.cumulocity.com/devicecontrol/operations/17537504",
    "id": "17537504",
    "status": "PENDING",
    "description": "Apply software changes, triggered from PySys: [{'action': 'delete', 'id': '5475369', 'name': 'asciijump', 'url': ' ', 'version': '::apt'}, {'action': 'delete', 'id': '5474869', 'name': 'robotfindskitten', 'url': ' ', 'version': '::apt'}, {'action': 'delete', 'id': '5475279', 'name': 'squirrel3', 'url': ' ', 'version': '::apt'}]",
    "c8y_SoftwareUpdate": [
        {
            "name": "asciijump",
            "action": "delete",
            "id": "5475369",
            "version": "::apt",
            "url": " "
        },
        {
            "name": "robotfindskitten",
            "action": "delete",
            "id": "5474869",
            "version": "::apt",
            "url": " "
        },
        {
            "name": "squirrel3",
            "action": "delete",
            "id": "5475279",
            "version": "::apt",
            "url": " "
        }
    ]
}
09:07:39 INFO  Started operation: {'creationTime': '2022-04-21T09:07:39.165Z', 'deviceName': 'mythicb', 'deviceId': '17501602', 'self': 'https://t493319102.eu-latest.cumulocity.com/devicecontrol/operations/17537504', 'id': '17537504', 'status': 'PENDING', 'description': "Apply software changes, triggered from PySys: [{'action': 'delete', 'id': '5475369', 'name': 'asciijump', 'url': ' ', 'version': '::apt'}, {'action': 'delete', 'id': '5474869', 'name': 'robotfindskitten', 'url': ' ', 'version': '::apt'}, {'action': 'delete', 'id': '5475279', 'name': 'squirrel3', 'url': ' ', 'version': '::apt'}]", 'c8y_SoftwareUpdate': [{'name': 'asciijump', 'action': 'delete', 'id': '5475369', 'version': '::apt', 'url': ' '}, {'name': 'robotfindskitten', 'action': 'delete', 'id': '5474869', 'version': '::apt', 'url': ' '}, {'name': 'squirrel3', 'action': 'delete', 'id': '5475279', 'version': '::apt', 'url': ' '}]}
09:07:41 INFO  State of operation 17537504 : PENDING
09:07:43 INFO  State of operation 17537504 : EXECUTING
09:07:45 INFO  State of operation 17537504 : EXECUTING
09:07:48 INFO  State of operation 17537504 : EXECUTING
09:07:50 INFO  State of operation 17537504 : EXECUTING
09:07:52 INFO  State of operation 17537504 : EXECUTING
09:07:55 INFO  State of operation 17537504 : EXECUTING
09:07:58 INFO  State of operation 17537504 : EXECUTING
09:08:01 INFO  State of operation 17537504 : EXECUTING
09:08:03 INFO  State of operation 17537504 : EXECUTING
09:08:05 INFO  State of operation 17537504 : EXECUTING
09:08:07 INFO  State of operation 17537504 : EXECUTING
09:08:10 INFO  State of operation 17537504 : EXECUTING
09:08:12 INFO  State of operation 17537504 : EXECUTING
09:08:14 INFO  State of operation 17537504 : EXECUTING
09:08:16 INFO  State of operation 17537504 : EXECUTING
09:08:19 INFO  State of operation 17537504 : EXECUTING
09:08:22 INFO  State of operation 17537504 : EXECUTING
09:08:24 INFO  State of operation 17537504 : EXECUTING
09:08:26 INFO  State of operation 17537504 : EXECUTING
09:08:29 INFO  State of operation 17537504 : EXECUTING
09:08:31 INFO  State of operation 17537504 : EXECUTING
09:08:33 INFO  State of operation 17537504 : EXECUTING
09:08:35 INFO  State of operation 17537504 : EXECUTING
09:08:39 INFO  State of operation 17537504 : EXECUTING
09:08:42 INFO  State of operation 17537504 : EXECUTING
09:08:44 INFO  State of operation 17537504 : EXECUTING
09:08:46 INFO  State of operation 17537504 : SUCCESSFUL
09:08:46 INFO  Assert that (False == value) with value=False ... passed
09:08:47 INFO  Assert that (False == value) with value=False ... passed
09:08:47 INFO  Assert that (False == value) with value=False ... passed
09:08:47 INFO  Assert that (False == value) with value=False ... passed
09:08:47 INFO  
09:08:47 INFO  cleanup:
09:08:52 INFO  Executed sudo&lt;tedge_disconnect_c8y&gt;, exit status 0
09:08:52 INFO  Executed systemctl&lt;serv_mapper5&gt;, exit status 3
09:08:52 INFO  
09:08:52 INFO  Test duration: 183.91 secs
09:08:52 INFO  Test final outcome:  FAILED
09:08:52 INFO  Test outcome reason: Assert that (False == value) with value=True
09:08:52 INFO  
</system-out>
	</testcase>
<testcase classname="PySysTest" name="SoftwareManagement.sm_apt_install_remove_multiple">
		<failure message="FAILED: Assert that (False == value) with value=True (+2 other failures)" type="FAILED" />
		<system-out>09:29:19 INFO  ==============================================================
09:29:19 INFO  Id:    SoftwareManagement.sm_apt_install_remove_multiple
09:29:19 INFO  Dir:   software_management_end_to_end/
09:29:19 INFO  Title: Validate end to end behaviour for the apt plugin for multiple packages
09:29:19 INFO  ==============================================================
09:29:19 INFO  Using sw id database: {'asciijump': '5475369', 'robotfindskitten': '5474869', 'squirrel3': '5475279', 'rolldice': '5152439', 'moon-buggy': '5439204', 'apple': '5495053', 'banana': '5494888', 'cherry': '5495382', 'watermelon': '5494510', 'registry': '8018911', 'hello-world': '8021526', 'docker/getting-started': '8021973', 'alpine': '7991792'}
09:29:19 INFO  EnvironmentC8y Setup
09:29:19 INFO  Executed systemctl&lt;serv_mapper1&gt;, exit status 3
09:29:19 INFO  Restarting mosquitto too frequently in the last 10 seconds. It was only up for 4 seconds
09:29:19 INFO  Delaying execution by 7 seconds
09:29:40 INFO  Executed sudo&lt;tedge_connect_c8y&gt;, exit status 0, duration 14 secs
09:29:41 INFO  Executed sudo&lt;tedge_connect_c8y_test&gt;, exit status 0
09:29:42 INFO  Executed systemctl&lt;serv_mosq2&gt;, exit status 0
09:29:42 INFO  Executed systemctl&lt;serv_mapper3&gt;, exit status 0
09:29:44 INFO  State of current operation: SUCCESSFUL
09:29:45 INFO  Assert that (False == value) with value=False ... passed
09:29:45 INFO  Package asciijump is installed
09:29:45 WARN  Assert that (False == value) with value=True ... failed 
09:29:45 INFO  Package squirrel3 is installed
09:29:45 WARN  Assert that (False == value) with value=True ... failed 
09:29:46 INFO  Package robotfindskitten is installed
09:29:46 WARN  Assert that (False == value) with value=True ... failed 
09:29:46 INFO  Response status: 201
09:29:46 INFO  Response to action: {
    "delivery": {
        "time": "2022-04-21T09:29:46.313Z",
        "log": [],
        "status": "PENDING"
    },
    "creationTime": "2022-04-21T09:29:46.300Z",
    "deviceName": "mythicb",
    "deviceId": "17501602",
    "self": "https://t493319102.eu-latest.cumulocity.com/devicecontrol/operations/17537617",
    "id": "17537617",
    "status": "PENDING",
    "description": "Apply software changes, triggered from PySys: [{'action': 'install', 'id': '5475369', 'name': 'asciijump', 'url': ' ', 'version': '::apt'}, {'action': 'install', 'id': '5474869', 'name': 'robotfindskitten', 'url': ' ', 'version': '::apt'}, {'action': 'install', 'id': '5475279', 'name': 'squirrel3', 'url': ' ', 'version': '::apt'}]",
    "c8y_SoftwareUpdate": [
        {
            "name": "asciijump",
            "action": "install",
            "id": "5475369",
            "version": "::apt",
            "url": " "
        },
        {
            "name": "robotfindskitten",
            "action": "install",
            "id": "5474869",
            "version": "::apt",
            "url": " "
        },
        {
            "name": "squirrel3",
            "action": "install",
            "id": "5475279",
            "version": "::apt",
            "url": " "
        }
    ]
}
09:29:46 INFO  Started operation: {'delivery': {'time': '2022-04-21T09:29:46.313Z', 'log': [], 'status': 'PENDING'}, 'creationTime': '2022-04-21T09:29:46.300Z', 'deviceName': 'mythicb', 'deviceId': '17501602', 'self': 'https://t493319102.eu-latest.cumulocity.com/devicecontrol/operations/17537617', 'id': '17537617', 'status': 'PENDING', 'description': "Apply software changes, triggered from PySys: [{'action': 'install', 'id': '5475369', 'name': 'asciijump', 'url': ' ', 'version': '::apt'}, {'action': 'install', 'id': '5474869', 'name': 'robotfindskitten', 'url': ' ', 'version': '::apt'}, {'action': 'install', 'id': '5475279', 'name': 'squirrel3', 'url': ' ', 'version': '::apt'}]", 'c8y_SoftwareUpdate': [{'name': 'asciijump', 'action': 'install', 'id': '5475369', 'version': '::apt', 'url': ' '}, {'name': 'robotfindskitten', 'action': 'install', 'id': '5474869', 'version': '::apt', 'url': ' '}, {'name': 'squirrel3', 'action': 'install', 'id': '5475279', 'version': '::apt', 'url': ' '}]}
09:29:48 INFO  State of operation 17537617 : PENDING
09:29:50 INFO  State of operation 17537617 : EXECUTING
09:29:53 INFO  State of operation 17537617 : EXECUTING
09:29:55 INFO  State of operation 17537617 : EXECUTING
09:29:57 INFO  State of operation 17537617 : EXECUTING
09:29:59 INFO  State of operation 17537617 : EXECUTING
09:30:02 INFO  State of operation 17537617 : EXECUTING
09:30:06 INFO  State of operation 17537617 : EXECUTING
09:30:09 INFO  State of operation 17537617 : EXECUTING
09:30:11 INFO  State of operation 17537617 : EXECUTING
09:30:14 INFO  State of operation 17537617 : EXECUTING
09:30:16 INFO  State of operation 17537617 : EXECUTING
09:30:18 INFO  State of operation 17537617 : EXECUTING
09:30:20 INFO  State of operation 17537617 : EXECUTING
09:30:22 INFO  State of operation 17537617 : SUCCESSFUL
09:30:23 INFO  Assert that (False == value) with value=False ... passed
09:30:23 INFO  Package asciijump is installed
09:30:23 INFO  Assert that (True == value) with value=True ... passed
09:30:23 INFO  Package squirrel3 is installed
09:30:23 INFO  Assert that (True == value) with value=True ... passed
09:30:24 INFO  Package robotfindskitten is installed
09:30:24 INFO  Assert that (True == value) with value=True ... passed
09:30:24 INFO  Response status: 201
09:30:24 INFO  Response to action: {
    "delivery": {
        "time": "2022-04-21T09:30:24.207Z",
        "log": [],
        "status": "PENDING"
    },
    "creationTime": "2022-04-21T09:30:24.194Z",
    "deviceName": "mythicb",
    "deviceId": "17501602",
    "self": "https://t493319102.eu-latest.cumulocity.com/devicecontrol/operations/17537623",
    "id": "17537623",
    "status": "PENDING",
    "description": "Apply software changes, triggered from PySys: [{'action': 'delete', 'id': '5475369', 'name': 'asciijump', 'url': ' ', 'version': '::apt'}, {'action': 'delete', 'id': '5474869', 'name': 'robotfindskitten', 'url': ' ', 'version': '::apt'}, {'action': 'delete', 'id': '5475279', 'name': 'squirrel3', 'url': ' ', 'version': '::apt'}]",
    "c8y_SoftwareUpdate": [
        {
            "name": "asciijump",
            "action": "delete",
            "id": "5475369",
            "version": "::apt",
            "url": " "
        },
        {
            "name": "robotfindskitten",
            "action": "delete",
            "id": "5474869",
            "version": "::apt",
            "url": " "
        },
        {
            "name": "squirrel3",
            "action": "delete",
            "id": "5475279",
            "version": "::apt",
            "url": " "
        }
    ]
}
09:30:24 INFO  Started operation: {'delivery': {'time': '2022-04-21T09:30:24.207Z', 'log': [], 'status': 'PENDING'}, 'creationTime': '2022-04-21T09:30:24.194Z', 'deviceName': 'mythicb', 'deviceId': '17501602', 'self': 'https://t493319102.eu-latest.cumulocity.com/devicecontrol/operations/17537623', 'id': '17537623', 'status': 'PENDING', 'description': "Apply software changes, triggered from PySys: [{'action': 'delete', 'id': '5475369', 'name': 'asciijump', 'url': ' ', 'version': '::apt'}, {'action': 'delete', 'id': '5474869', 'name': 'robotfindskitten', 'url': ' ', 'version': '::apt'}, {'action': 'delete', 'id': '5475279', 'name': 'squirrel3', 'url': ' ', 'version': '::apt'}]", 'c8y_SoftwareUpdate': [{'name': 'asciijump', 'action': 'delete', 'id': '5475369', 'version': '::apt', 'url': ' '}, {'name': 'robotfindskitten', 'action': 'delete', 'id': '5474869', 'version': '::apt', 'url': ' '}, {'name': 'squirrel3', 'action': 'delete', 'id': '5475279', 'version': '::apt', 'url': ' '}]}
09:30:26 INFO  State of operation 17537623 : PENDING
09:30:28 INFO  State of operation 17537623 : EXECUTING
09:30:30 INFO  State of operation 17537623 : EXECUTING
09:30:33 INFO  State of operation 17537623 : EXECUTING
09:30:35 INFO  State of operation 17537623 : EXECUTING
09:30:37 INFO  State of operation 17537623 : EXECUTING
09:30:40 INFO  State of operation 17537623 : EXECUTING
09:30:42 INFO  State of operation 17537623 : EXECUTING
09:30:45 INFO  State of operation 17537623 : EXECUTING
09:30:47 INFO  State of operation 17537623 : EXECUTING
09:30:50 INFO  State of operation 17537623 : EXECUTING
09:30:52 INFO  State of operation 17537623 : EXECUTING
09:30:54 INFO  State of operation 17537623 : EXECUTING
09:30:56 INFO  State of operation 17537623 : EXECUTING
09:30:59 INFO  State of operation 17537623 : EXECUTING
09:31:01 INFO  State of operation 17537623 : EXECUTING
09:31:03 INFO  State of operation 17537623 : EXECUTING
09:31:05 INFO  State of operation 17537623 : EXECUTING
09:31:09 INFO  State of operation 17537623 : EXECUTING
09:31:11 INFO  State of operation 17537623 : EXECUTING
09:31:13 INFO  State of operation 17537623 : EXECUTING
09:31:16 INFO  State of operation 17537623 : EXECUTING
09:31:18 INFO  State of operation 17537623 : EXECUTING
09:31:20 INFO  State of operation 17537623 : EXECUTING
09:31:22 INFO  State of operation 17537623 : EXECUTING
09:31:25 INFO  State of operation 17537623 : EXECUTING
09:31:28 INFO  State of operation 17537623 : EXECUTING
09:31:30 INFO  State of operation 17537623 : EXECUTING
09:31:32 INFO  State of operation 17537623 : EXECUTING
09:31:35 INFO  State of operation 17537623 : SUCCESSFUL
09:31:35 INFO  Assert that (False == value) with value=False ... passed
09:31:35 INFO  Assert that (False == value) with value=False ... passed
09:31:35 INFO  Assert that (False == value) with value=False ... passed
09:31:36 INFO  Assert that (False == value) with value=False ... passed
09:31:36 INFO  
09:31:36 INFO  cleanup:
09:31:40 INFO  Executed sudo&lt;tedge_disconnect_c8y&gt;, exit status 0
09:31:40 INFO  Executed systemctl&lt;serv_mapper5&gt;, exit status 3
09:31:40 INFO  
09:31:40 INFO  Test duration: 141.63 secs
09:31:40 INFO  Test final outcome:  FAILED
09:31:40 INFO  Test outcome reason: Assert that (False == value) with value=True (+2 other failures)
09:31:40 INFO  
</system-out>
	</testcase>
</testsuite><testsuite name="SoftwareManagement.sm_apt_install_remove_multiple_mixed" tests="3" errors="0" failures="2" skipped="1" time="0"><testcase classname="PySysTest" name="SoftwareManagement.sm_apt_install_remove_multiple_mixed">
		<skipped message="SKIPPED: Testing the apt plugin is not supported on this platform.Use parameter -XmyPlatform='container' to enable it" />
		<system-out>08:33:03 INFO  ==============================================================
08:33:03 INFO  Id:    SoftwareManagement.sm_apt_install_remove_multiple_mixed
08:33:03 INFO  Dir:   software_management_end_to_end/
08:33:03 INFO  Title: Validate end to end behaviour for the apt plugin for multiple packages with mixed versions
08:33:03 INFO  ==============================================================
08:33:03 INFO  Testing the apt plugin is not supported on this platform.Use parameter -XmyPlatform='container' to enable it ... skipped
08:33:03 WARN  Aborted test due to SKIPPED outcome
08:33:03 INFO  
08:33:03 INFO  Test duration: 0.04 secs
08:33:03 INFO  Test final outcome:  SKIPPED
08:33:03 INFO  Test outcome reason: Testing the apt plugin is not supported on this platform.Use parameter -XmyPlatform='container' to enable it
08:33:03 INFO  
</system-out>
	</testcase>
<testcase classname="PySysTest" name="SoftwareManagement.sm_apt_install_remove_multiple_mixed">
		<failure message="BLOCKED: SystemError: Timeout while waiting for status SUCCESSFUL or False" type="BLOCKED" />
		<system-out>09:08:52 INFO  ==============================================================
09:08:52 INFO  Id:    SoftwareManagement.sm_apt_install_remove_multiple_mixed
09:08:52 INFO  Dir:   software_management_end_to_end/
09:08:52 INFO  Title: Validate end to end behaviour for the apt plugin for multiple packages with mixed versions
09:08:52 INFO  ==============================================================
09:08:52 INFO  Using sw id database: {'asciijump': '5475369', 'robotfindskitten': '5474869', 'squirrel3': '5475279', 'rolldice': '5152439', 'moon-buggy': '5439204', 'apple': '5495053', 'banana': '5494888', 'cherry': '5495382', 'watermelon': '5494510', 'registry': '8018911', 'hello-world': '8021526', 'docker/getting-started': '8021973', 'alpine': '7991792'}
09:08:52 INFO  EnvironmentC8y Setup
09:08:53 INFO  Executed systemctl&lt;serv_mapper1&gt;, exit status 3
09:08:53 INFO  Restarting mosquitto too frequently in the last 10 seconds. It was only up for 5 seconds
09:08:53 INFO  Delaying execution by 6 seconds
09:09:13 INFO  Executed sudo&lt;tedge_connect_c8y&gt;, exit status 0, duration 14 secs
09:09:14 INFO  Executed sudo&lt;tedge_connect_c8y_test&gt;, exit status 0
09:09:14 INFO  Executed systemctl&lt;serv_mosq2&gt;, exit status 0
09:09:15 INFO  Executed systemctl&lt;serv_mapper3&gt;, exit status 0
09:09:17 INFO  State of current operation: SUCCESSFUL
09:09:17 INFO  Assert that (False == value) with value=False ... passed
09:09:17 INFO  Assert that (False == value) with value=False ... passed
09:09:18 INFO  Assert that (False == value) with value=False ... passed
09:09:18 INFO  Assert that (False == value) with value=False ... passed
09:09:18 INFO  Assert that (False == value) with value=False ... passed
09:09:19 INFO  Response status: 201
09:09:19 INFO  Response to action: {
    "delivery": {
        "time": "2022-04-21T09:09:19.873Z",
        "log": [],
        "status": "PENDING"
    },
    "creationTime": "2022-04-21T09:09:19.857Z",
    "deviceName": "mythicb",
    "deviceId": "17501602",
    "self": "https://t493319102.eu-latest.cumulocity.com/devicecontrol/operations/17537516",
    "id": "17537516",
    "status": "PENDING",
    "description": "Apply software changes, triggered from PySys: [{'action': 'install', 'id': '5475369', 'name': 'asciijump', 'url': ' ', 'version': '::apt'}, {'action': 'install', 'id': '5474869', 'name': 'robotfindskitten', 'url': ' ', 'version': ' '}, {'action': 'install', 'id': '5475279', 'name': 'squirrel3', 'url': ' ', 'version': '3.1-7::apt'}, {'action': 'install', 'id': '5152439', 'name': 'rolldice', 'url': ' ', 'version': '1.16-1+b1'}, {'action': 'install', 'id': '5439204', 'name': 'moon-buggy', 'url': ' ', 'version': '1:1.0.51-12'}, {'action': 'install', 'id': '5475369', 'name': 'asciijump', 'url': ' ', 'version': '::apt'}]",
    "c8y_SoftwareUpdate": [
        {
            "name": "asciijump",
            "action": "install",
            "id": "5475369",
            "version": "::apt",
            "url": " "
        },
        {
            "name": "robotfindskitten",
            "action": "install",
            "id": "5474869",
            "version": " ",
            "url": " "
        },
        {
            "name": "squirrel3",
            "action": "install",
            "id": "5475279",
            "version": "3.1-7::apt",
            "url": " "
        },
        {
            "name": "rolldice",
            "action": "install",
            "id": "5152439",
            "version": "1.16-1+b1",
            "url": " "
        },
        {
            "name": "moon-buggy",
            "action": "install",
            "id": "5439204",
            "version": "1:1.0.51-12",
            "url": " "
        },
        {
            "name": "asciijump",
            "action": "install",
            "id": "5475369",
            "version": "::apt",
            "url": " "
        }
    ]
}
09:09:19 INFO  Started operation: {'delivery': {'time': '2022-04-21T09:09:19.873Z', 'log': [], 'status': 'PENDING'}, 'creationTime': '2022-04-21T09:09:19.857Z', 'deviceName': 'mythicb', 'deviceId': '17501602', 'self': 'https://t493319102.eu-latest.cumulocity.com/devicecontrol/operations/17537516', 'id': '17537516', 'status': 'PENDING', 'description': "Apply software changes, triggered from PySys: [{'action': 'install', 'id': '5475369', 'name': 'asciijump', 'url': ' ', 'version': '::apt'}, {'action': 'install', 'id': '5474869', 'name': 'robotfindskitten', 'url': ' ', 'version': ' '}, {'action': 'install', 'id': '5475279', 'name': 'squirrel3', 'url': ' ', 'version': '3.1-7::apt'}, {'action': 'install', 'id': '5152439', 'name': 'rolldice', 'url': ' ', 'version': '1.16-1+b1'}, {'action': 'install', 'id': '5439204', 'name': 'moon-buggy', 'url': ' ', 'version': '1:1.0.51-12'}, {'action': 'install', 'id': '5475369', 'name': 'asciijump', 'url': ' ', 'version': '::apt'}]", 'c8y_SoftwareUpdate': [{'name': 'asciijump', 'action': 'install', 'id': '5475369', 'version': '::apt', 'url': ' '}, {'name': 'robotfindskitten', 'action': 'install', 'id': '5474869', 'version': ' ', 'url': ' '}, {'name': 'squirrel3', 'action': 'install', 'id': '5475279', 'version': '3.1-7::apt', 'url': ' '}, {'name': 'rolldice', 'action': 'install', 'id': '5152439', 'version': '1.16-1+b1', 'url': ' '}, {'name': 'moon-buggy', 'action': 'install', 'id': '5439204', 'version': '1:1.0.51-12', 'url': ' '}, {'name': 'asciijump', 'action': 'install', 'id': '5475369', 'version': '::apt', 'url': ' '}]}
09:09:22 INFO  State of operation 17537516 : PENDING
09:09:24 INFO  State of operation 17537516 : EXECUTING
09:09:26 INFO  State of operation 17537516 : EXECUTING
09:09:28 INFO  State of operation 17537516 : EXECUTING
09:09:31 INFO  State of operation 17537516 : EXECUTING
09:09:33 INFO  State of operation 17537516 : EXECUTING
09:09:36 INFO  State of operation 17537516 : EXECUTING
09:09:40 INFO  State of operation 17537516 : EXECUTING
09:09:42 INFO  State of operation 17537516 : EXECUTING
09:09:44 INFO  State of operation 17537516 : EXECUTING
09:09:46 INFO  State of operation 17537516 : EXECUTING
09:09:49 INFO  State of operation 17537516 : EXECUTING
09:09:51 INFO  State of operation 17537516 : EXECUTING
09:09:53 INFO  State of operation 17537516 : EXECUTING
09:09:55 INFO  State of operation 17537516 : EXECUTING
09:09:58 INFO  State of operation 17537516 : EXECUTING
09:10:00 INFO  State of operation 17537516 : EXECUTING
09:10:03 INFO  State of operation 17537516 : EXECUTING
09:10:05 INFO  State of operation 17537516 : EXECUTING
09:10:07 INFO  State of operation 17537516 : EXECUTING
09:10:10 INFO  State of operation 17537516 : EXECUTING
09:10:12 INFO  State of operation 17537516 : EXECUTING
09:10:15 INFO  State of operation 17537516 : EXECUTING
09:10:18 INFO  State of operation 17537516 : EXECUTING
09:10:20 INFO  State of operation 17537516 : EXECUTING
09:10:23 INFO  State of operation 17537516 : EXECUTING
09:10:25 INFO  State of operation 17537516 : EXECUTING
09:10:28 INFO  State of operation 17537516 : EXECUTING
09:10:30 INFO  State of operation 17537516 : EXECUTING
09:10:33 INFO  State of operation 17537516 : EXECUTING
09:10:35 INFO  State of operation 17537516 : EXECUTING
09:10:37 INFO  State of operation 17537516 : EXECUTING
09:10:39 INFO  State of operation 17537516 : EXECUTING
09:10:42 INFO  State of operation 17537516 : EXECUTING
09:10:44 INFO  State of operation 17537516 : EXECUTING
09:10:46 INFO  State of operation 17537516 : EXECUTING
09:10:48 INFO  State of operation 17537516 : EXECUTING
09:10:51 INFO  State of operation 17537516 : EXECUTING
09:10:54 INFO  State of operation 17537516 : EXECUTING
09:10:56 INFO  State of operation 17537516 : EXECUTING
09:10:59 INFO  State of operation 17537516 : EXECUTING
09:11:01 INFO  State of operation 17537516 : EXECUTING
09:11:03 INFO  State of operation 17537516 : EXECUTING
09:11:06 INFO  State of operation 17537516 : EXECUTING
09:11:08 INFO  State of operation 17537516 : EXECUTING
09:11:10 INFO  State of operation 17537516 : EXECUTING
09:11:12 INFO  State of operation 17537516 : EXECUTING
09:11:15 INFO  State of operation 17537516 : EXECUTING
09:11:17 INFO  State of operation 17537516 : EXECUTING
09:11:20 INFO  State of operation 17537516 : EXECUTING
09:11:22 INFO  State of operation 17537516 : EXECUTING
09:11:24 INFO  State of operation 17537516 : EXECUTING
09:11:27 INFO  State of operation 17537516 : EXECUTING
09:11:29 INFO  State of operation 17537516 : EXECUTING
09:11:32 INFO  State of operation 17537516 : EXECUTING
09:11:35 INFO  State of operation 17537516 : EXECUTING
09:11:37 INFO  State of operation 17537516 : EXECUTING
09:11:40 INFO  State of operation 17537516 : EXECUTING
09:11:42 INFO  State of operation 17537516 : EXECUTING
09:11:45 INFO  State of operation 17537516 : EXECUTING
09:11:47 INFO  State of operation 17537516 : EXECUTING
09:11:49 WARN  SystemError occurred while running test - Timeout while waiting for status SUCCESSFUL or False
Traceback (most recent call last):
  File "/home/pi/env-pysys/lib/python3.7/site-packages/pysys/baserunner.py", line 1294, in __call__
    self.testObj.execute()
  File "/home/pi/actions-runner/_work/thin-edge.io/thin-edge.io/tests/PySys/software_management_end_to_end/sm_apt_install_remove_multiple_mixed/run.py", line 89, in execute
    self.wait_until_succcess()
  File "/home/pi/actions-runner/_work/thin-edge.io/thin-edge.io/tests/PySys/software_management_end_to_end/environment_sm_management.py", line 324, in wait_until_succcess
    self.wait_until_status("SUCCESSFUL")
  File "/home/pi/actions-runner/_work/thin-edge.io/thin-edge.io/tests/PySys/software_management_end_to_end/environment_sm_management.py", line 381, in wait_until_status
    "Timeout while waiting for status %s or %s" % (status, status2)
SystemError: Timeout while waiting for status SUCCESSFUL or False
09:11:49 WARN  SystemError: Timeout while waiting for status SUCCESSFUL or False ... blocked 
09:11:49 INFO  
09:11:49 INFO  cleanup:
09:11:55 INFO  Executed sudo&lt;tedge_disconnect_c8y&gt;, exit status 0
09:11:55 INFO  Executed systemctl&lt;serv_mapper5&gt;, exit status 3
09:11:55 INFO  
09:11:55 INFO  Test duration: 183.03 secs
09:11:55 INFO  Test final outcome:  BLOCKED
09:11:55 INFO  Test outcome reason: SystemError: Timeout while waiting for status SUCCESSFUL or False
09:11:55 INFO  
</system-out>
	</testcase>
<testcase classname="PySysTest" name="SoftwareManagement.sm_apt_install_remove_multiple_mixed">
		<failure message="BLOCKED: SystemError: Timeout while waiting for status SUCCESSFUL or False (+1 other failures)" type="BLOCKED" />
		<system-out>09:31:40 INFO  ==============================================================
09:31:40 INFO  Id:    SoftwareManagement.sm_apt_install_remove_multiple_mixed
09:31:40 INFO  Dir:   software_management_end_to_end/
09:31:40 INFO  Title: Validate end to end behaviour for the apt plugin for multiple packages with mixed versions
09:31:40 INFO  ==============================================================
09:31:40 INFO  Using sw id database: {'asciijump': '5475369', 'robotfindskitten': '5474869', 'squirrel3': '5475279', 'rolldice': '5152439', 'moon-buggy': '5439204', 'apple': '5495053', 'banana': '5494888', 'cherry': '5495382', 'watermelon': '5494510', 'registry': '8018911', 'hello-world': '8021526', 'docker/getting-started': '8021973', 'alpine': '7991792'}
09:31:40 INFO  EnvironmentC8y Setup
09:31:41 INFO  Executed systemctl&lt;serv_mapper1&gt;, exit status 3
09:31:41 INFO  Restarting mosquitto too frequently in the last 10 seconds. It was only up for 5 seconds
09:31:41 INFO  Delaying execution by 6 seconds
09:32:02 INFO  Executed sudo&lt;tedge_connect_c8y&gt;, exit status 0, duration 14 secs
09:32:02 INFO  Executed sudo&lt;tedge_connect_c8y_test&gt;, exit status 0
09:32:03 INFO  Executed systemctl&lt;serv_mosq2&gt;, exit status 0
09:32:03 INFO  Executed systemctl&lt;serv_mapper3&gt;, exit status 0
09:32:05 INFO  State of current operation: SUCCESSFUL
09:32:06 INFO  Assert that (False == value) with value=False ... passed
09:32:06 INFO  Assert that (False == value) with value=False ... passed
09:32:06 INFO  Assert that (False == value) with value=False ... passed
09:32:06 INFO  Assert that (False == value) with value=False ... passed
09:32:07 INFO  Package moon-buggy is installed
09:32:07 WARN  Assert that (False == value) with value=True ... failed 
09:32:08 INFO  Response status: 201
09:32:08 INFO  Response to action: {
    "creationTime": "2022-04-21T09:32:08.303Z",
    "deviceName": "mythicb",
    "deviceId": "17501602",
    "self": "https://t493319102.eu-latest.cumulocity.com/devicecontrol/operations/17537635",
    "id": "17537635",
    "status": "PENDING",
    "description": "Apply software changes, triggered from PySys: [{'action': 'install', 'id': '5475369', 'name': 'asciijump', 'url': ' ', 'version': '::apt'}, {'action': 'install', 'id': '5474869', 'name': 'robotfindskitten', 'url': ' ', 'version': ' '}, {'action': 'install', 'id': '5475279', 'name': 'squirrel3', 'url': ' ', 'version': '3.1-7::apt'}, {'action': 'install', 'id': '5152439', 'name': 'rolldice', 'url': ' ', 'version': '1.16-1+b1'}, {'action': 'install', 'id': '5439204', 'name': 'moon-buggy', 'url': ' ', 'version': '1:1.0.51-12'}, {'action': 'install', 'id': '5475369', 'name': 'asciijump', 'url': ' ', 'version': '::apt'}]",
    "c8y_SoftwareUpdate": [
        {
            "name": "asciijump",
            "action": "install",
            "id": "5475369",
            "version": "::apt",
            "url": " "
        },
        {
            "name": "robotfindskitten",
            "action": "install",
            "id": "5474869",
            "version": " ",
            "url": " "
        },
        {
            "name": "squirrel3",
            "action": "install",
            "id": "5475279",
            "version": "3.1-7::apt",
            "url": " "
        },
        {
            "name": "rolldice",
            "action": "install",
            "id": "5152439",
            "version": "1.16-1+b1",
            "url": " "
        },
        {
            "name": "moon-buggy",
            "action": "install",
            "id": "5439204",
            "version": "1:1.0.51-12",
            "url": " "
        },
        {
            "name": "asciijump",
            "action": "install",
            "id": "5475369",
            "version": "::apt",
            "url": " "
        }
    ]
}
09:32:08 INFO  Started operation: {'creationTime': '2022-04-21T09:32:08.303Z', 'deviceName': 'mythicb', 'deviceId': '17501602', 'self': 'https://t493319102.eu-latest.cumulocity.com/devicecontrol/operations/17537635', 'id': '17537635', 'status': 'PENDING', 'description': "Apply software changes, triggered from PySys: [{'action': 'install', 'id': '5475369', 'name': 'asciijump', 'url': ' ', 'version': '::apt'}, {'action': 'install', 'id': '5474869', 'name': 'robotfindskitten', 'url': ' ', 'version': ' '}, {'action': 'install', 'id': '5475279', 'name': 'squirrel3', 'url': ' ', 'version': '3.1-7::apt'}, {'action': 'install', 'id': '5152439', 'name': 'rolldice', 'url': ' ', 'version': '1.16-1+b1'}, {'action': 'install', 'id': '5439204', 'name': 'moon-buggy', 'url': ' ', 'version': '1:1.0.51-12'}, {'action': 'install', 'id': '5475369', 'name': 'asciijump', 'url': ' ', 'version': '::apt'}]", 'c8y_SoftwareUpdate': [{'name': 'asciijump', 'action': 'install', 'id': '5475369', 'version': '::apt', 'url': ' '}, {'name': 'robotfindskitten', 'action': 'install', 'id': '5474869', 'version': ' ', 'url': ' '}, {'name': 'squirrel3', 'action': 'install', 'id': '5475279', 'version': '3.1-7::apt', 'url': ' '}, {'name': 'rolldice', 'action': 'install', 'id': '5152439', 'version': '1.16-1+b1', 'url': ' '}, {'name': 'moon-buggy', 'action': 'install', 'id': '5439204', 'version': '1:1.0.51-12', 'url': ' '}, {'name': 'asciijump', 'action': 'install', 'id': '5475369', 'version': '::apt', 'url': ' '}]}
09:32:10 INFO  State of operation 17537635 : PENDING
09:32:12 INFO  State of operation 17537635 : EXECUTING
09:32:15 INFO  State of operation 17537635 : EXECUTING
09:32:17 INFO  State of operation 17537635 : EXECUTING
09:32:19 INFO  State of operation 17537635 : EXECUTING
09:32:21 INFO  State of operation 17537635 : EXECUTING
09:32:24 INFO  State of operation 17537635 : EXECUTING
09:32:27 INFO  State of operation 17537635 : EXECUTING
09:32:30 INFO  State of operation 17537635 : EXECUTING
09:32:32 INFO  State of operation 17537635 : EXECUTING
09:32:34 INFO  State of operation 17537635 : EXECUTING
09:32:36 INFO  State of operation 17537635 : EXECUTING
09:32:39 INFO  State of operation 17537635 : EXECUTING
09:32:41 INFO  State of operation 17537635 : EXECUTING
09:32:43 INFO  State of operation 17537635 : EXECUTING
09:32:46 INFO  State of operation 17537635 : EXECUTING
09:32:48 INFO  State of operation 17537635 : EXECUTING
09:32:50 INFO  State of operation 17537635 : EXECUTING
09:32:53 INFO  State of operation 17537635 : EXECUTING
09:32:55 INFO  State of operation 17537635 : EXECUTING
09:32:58 INFO  State of operation 17537635 : EXECUTING
09:33:00 INFO  State of operation 17537635 : EXECUTING
09:33:03 INFO  State of operation 17537635 : EXECUTING
09:33:05 INFO  State of operation 17537635 : EXECUTING
09:33:07 INFO  State of operation 17537635 : EXECUTING
09:33:09 INFO  State of operation 17537635 : EXECUTING
09:33:12 INFO  State of operation 17537635 : EXECUTING
09:33:15 INFO  State of operation 17537635 : EXECUTING
09:33:17 INFO  State of operation 17537635 : EXECUTING
09:33:19 INFO  State of operation 17537635 : EXECUTING
09:33:21 INFO  State of operation 17537635 : EXECUTING
09:33:24 INFO  State of operation 17537635 : EXECUTING
09:33:26 INFO  State of operation 17537635 : EXECUTING
09:33:28 INFO  State of operation 17537635 : EXECUTING
09:33:30 INFO  State of operation 17537635 : EXECUTING
09:33:33 INFO  State of operation 17537635 : EXECUTING
09:33:35 INFO  State of operation 17537635 : EXECUTING
09:33:37 INFO  State of operation 17537635 : EXECUTING
09:33:40 INFO  State of operation 17537635 : EXECUTING
09:33:43 INFO  State of operation 17537635 : EXECUTING
09:33:45 INFO  State of operation 17537635 : EXECUTING
09:33:48 INFO  State of operation 17537635 : EXECUTING
09:33:50 INFO  State of operation 17537635 : EXECUTING
09:33:52 INFO  State of operation 17537635 : EXECUTING
09:33:54 INFO  State of operation 17537635 : EXECUTING
09:33:57 INFO  State of operation 17537635 : EXECUTING
09:33:59 INFO  State of operation 17537635 : EXECUTING
09:34:01 INFO  State of operation 17537635 : EXECUTING
09:34:03 INFO  State of operation 17537635 : EXECUTING
09:34:06 INFO  State of operation 17537635 : EXECUTING
09:34:08 INFO  State of operation 17537635 : EXECUTING
09:34:11 INFO  State of operation 17537635 : EXECUTING
09:34:13 INFO  State of operation 17537635 : EXECUTING
09:34:15 INFO  State of operation 17537635 : EXECUTING
09:34:17 INFO  State of operation 17537635 : EXECUTING
09:34:20 INFO  State of operation 17537635 : EXECUTING
09:34:22 INFO  State of operation 17537635 : EXECUTING
09:34:25 INFO  State of operation 17537635 : EXECUTING
09:34:28 INFO  State of operation 17537635 : EXECUTING
09:34:30 INFO  State of operation 17537635 : EXECUTING
09:34:33 INFO  State of operation 17537635 : EXECUTING
09:34:35 WARN  SystemError occurred while running test - Timeout while waiting for status SUCCESSFUL or False
Traceback (most recent call last):
  File "/home/pi/env-pysys/lib/python3.7/site-packages/pysys/baserunner.py", line 1294, in __call__
    self.testObj.execute()
  File "/home/pi/actions-runner/_work/thin-edge.io/thin-edge.io/tests/PySys/software_management_end_to_end/sm_apt_install_remove_multiple_mixed/run.py", line 89, in execute
    self.wait_until_succcess()
  File "/home/pi/actions-runner/_work/thin-edge.io/thin-edge.io/tests/PySys/software_management_end_to_end/environment_sm_management.py", line 324, in wait_until_succcess
    self.wait_until_status("SUCCESSFUL")
  File "/home/pi/actions-runner/_work/thin-edge.io/thin-edge.io/tests/PySys/software_management_end_to_end/environment_sm_management.py", line 381, in wait_until_status
    "Timeout while waiting for status %s or %s" % (status, status2)
SystemError: Timeout while waiting for status SUCCESSFUL or False
09:34:35 WARN  SystemError: Timeout while waiting for status SUCCESSFUL or False ... blocked 
09:34:35 INFO  
09:34:35 INFO  cleanup:
09:34:40 INFO  Executed sudo&lt;tedge_disconnect_c8y&gt;, exit status 0
09:34:40 INFO  Executed systemctl&lt;serv_mapper5&gt;, exit status 3
09:34:40 INFO  
09:34:40 INFO  Test duration: 180.02 secs
09:34:40 INFO  Test final outcome:  BLOCKED
09:34:40 INFO  Test outcome reason: SystemError: Timeout while waiting for status SUCCESSFUL or False (+1 other failures)
09:34:40 INFO  
</system-out>
	</testcase>
</testsuite><testsuite name="SoftwareManagement.sm_apt_install_remove_with_version" tests="3" errors="0" failures="0" skipped="1" time="0"><testcase classname="PySysTest" name="SoftwareManagement.sm_apt_install_remove_with_version">
		<skipped message="SKIPPED: Testing the apt plugin is not supported on this platform.Use parameter -XmyPlatform='container' to enable it" />
		<system-out>08:33:03 INFO  ==============================================================
08:33:03 INFO  Id:    SoftwareManagement.sm_apt_install_remove_with_version
08:33:03 INFO  Dir:   software_management_end_to_end/
08:33:03 INFO  Title: Validate end to end behaviour for the apt plugin for packages with version
08:33:03 INFO  ==============================================================
08:33:03 INFO  Testing the apt plugin is not supported on this platform.Use parameter -XmyPlatform='container' to enable it ... skipped
08:33:03 WARN  Aborted test due to SKIPPED outcome
08:33:03 INFO  
08:33:03 INFO  Test duration: 0.02 secs
08:33:03 INFO  Test final outcome:  SKIPPED
08:33:03 INFO  Test outcome reason: Testing the apt plugin is not supported on this platform.Use parameter -XmyPlatform='container' to enable it
08:33:03 INFO  
</system-out>
	</testcase>
<testcase classname="PySysTest" name="SoftwareManagement.sm_apt_install_remove_with_version" />
<testcase classname="PySysTest" name="SoftwareManagement.sm_apt_install_remove_with_version" />
</testsuite><testsuite name="SoftwareManagement.sm_docker_install_remove_multiple" tests="3" errors="0" failures="1" skipped="1" time="0"><testcase classname="SMDockerInstallRemove" name="SoftwareManagement.sm_docker_install_remove_multiple">
		<skipped message="SKIPPED: Testing the apt plugin is not supported on this platform.Use parameter -XmyPlatform='container' to enable it" />
		<system-out>08:33:03 INFO  ==============================================================
08:33:03 INFO  Id:    SoftwareManagement.sm_docker_install_remove_multiple
08:33:03 INFO  Dir:   software_management_end_to_end/
08:33:03 INFO  Title: Validate end to end behaviour for the docker plugin for multiple docker images with mixed versions
08:33:03 INFO  ==============================================================
08:33:03 INFO  Testing the apt plugin is not supported on this platform.Use parameter -XmyPlatform='container' to enable it ... skipped
08:33:03 WARN  Aborted test due to SKIPPED outcome
08:33:03 INFO  
08:33:03 INFO  Test duration: 0.03 secs
08:33:03 INFO  Test final outcome:  SKIPPED
08:33:03 INFO  Test outcome reason: Testing the apt plugin is not supported on this platform.Use parameter -XmyPlatform='container' to enable it
08:33:03 INFO  
</system-out>
	</testcase>
<testcase classname="SMDockerInstallRemove" name="SoftwareManagement.sm_docker_install_remove_multiple">
		<failure message="FAILED: Assert that (False == value) with value=True" type="FAILED" />
		<system-out>09:16:28 INFO  ==============================================================
09:16:28 INFO  Id:    SoftwareManagement.sm_docker_install_remove_multiple
09:16:28 INFO  Dir:   software_management_end_to_end/
09:16:28 INFO  Title: Validate end to end behaviour for the docker plugin for multiple docker images with mixed versions
09:16:28 INFO  ==============================================================
09:16:29 INFO  Using sw id database: {'asciijump': '5475369', 'robotfindskitten': '5474869', 'squirrel3': '5475279', 'rolldice': '5152439', 'moon-buggy': '5439204', 'apple': '5495053', 'banana': '5494888', 'cherry': '5495382', 'watermelon': '5494510', 'registry': '8018911', 'hello-world': '8021526', 'docker/getting-started': '8021973', 'alpine': '7991792'}
09:16:29 INFO  EnvironmentC8y Setup
09:16:30 INFO  Executed systemctl&lt;serv_mapper1&gt;, exit status 3
09:16:45 INFO  Executed sudo&lt;tedge_connect_c8y&gt;, exit status 0, duration 15 secs
09:16:46 INFO  Executed sudo&lt;tedge_connect_c8y_test&gt;, exit status 0
09:16:46 INFO  Executed systemctl&lt;serv_mosq2&gt;, exit status 0
09:16:47 INFO  Executed systemctl&lt;serv_mapper3&gt;, exit status 0
09:16:49 INFO  State of current operation: SUCCESSFUL
09:16:49 INFO  Response status: 201
09:16:49 INFO  Response to action: {
    "creationTime": "2022-04-21T09:16:49.618Z",
    "deviceName": "mythicb",
    "deviceId": "17501602",
    "self": "https://t493319102.eu-latest.cumulocity.com/devicecontrol/operations/17537553",
    "id": "17537553",
    "status": "PENDING",
    "description": "Apply software changes, triggered from PySys: [{'action': 'install', 'id': '8021526', 'name': 'hello-world', 'url': '', 'version': '::docker'}, {'action': 'install', 'id': '8018911', 'name': 'registry', 'url': '', 'version': '2.6.2::docker'}]",
    "c8y_SoftwareUpdate": [
        {
            "name": "hello-world",
            "action": "install",
            "id": "8021526",
            "version": "::docker",
            "url": ""
        },
        {
            "name": "registry",
            "action": "install",
            "id": "8018911",
            "version": "2.6.2::docker",
            "url": ""
        }
    ]
}
09:16:49 INFO  Started operation: {'creationTime': '2022-04-21T09:16:49.618Z', 'deviceName': 'mythicb', 'deviceId': '17501602', 'self': 'https://t493319102.eu-latest.cumulocity.com/devicecontrol/operations/17537553', 'id': '17537553', 'status': 'PENDING', 'description': "Apply software changes, triggered from PySys: [{'action': 'install', 'id': '8021526', 'name': 'hello-world', 'url': '', 'version': '::docker'}, {'action': 'install', 'id': '8018911', 'name': 'registry', 'url': '', 'version': '2.6.2::docker'}]", 'c8y_SoftwareUpdate': [{'name': 'hello-world', 'action': 'install', 'id': '8021526', 'version': '::docker', 'url': ''}, {'name': 'registry', 'action': 'install', 'id': '8018911', 'version': '2.6.2::docker', 'url': ''}]}
09:16:52 INFO  State of operation 17537553 : PENDING
09:16:54 INFO  State of operation 17537553 : EXECUTING
09:16:56 INFO  State of operation 17537553 : EXECUTING
09:16:58 INFO  State of operation 17537553 : EXECUTING
09:17:01 INFO  State of operation 17537553 : EXECUTING
09:17:03 INFO  State of operation 17537553 : EXECUTING
09:17:05 INFO  State of operation 17537553 : EXECUTING
09:17:08 INFO  State of operation 17537553 : EXECUTING
09:17:10 INFO  State of operation 17537553 : EXECUTING
09:17:12 INFO  State of operation 17537553 : EXECUTING
09:17:15 INFO  State of operation 17537553 : EXECUTING
09:17:17 INFO  State of operation 17537553 : EXECUTING
09:17:19 INFO  State of operation 17537553 : EXECUTING
09:17:21 INFO  State of operation 17537553 : EXECUTING
09:17:24 INFO  State of operation 17537553 : SUCCESSFUL
09:17:25 INFO  Package hello-world is installed
09:17:25 INFO  Package hello-world is installed
09:17:25 INFO  Assert that (True == value) with value=True ... passed
09:17:25 INFO  Package registry is installed
09:17:25 INFO  Assert that (True == value) with value=True ... passed
09:17:26 INFO  Package alpine is installed
09:17:26 WARN  Assert that (False == value) with value=True ... failed 
09:17:26 INFO  Response status: 201
09:17:26 INFO  Response to action: {
    "creationTime": "2022-04-21T09:17:26.598Z",
    "deviceName": "mythicb",
    "deviceId": "17501602",
    "self": "https://t493319102.eu-latest.cumulocity.com/devicecontrol/operations/17537555",
    "id": "17537555",
    "status": "PENDING",
    "description": "Apply software changes, triggered from PySys: [{'action': 'install', 'id': '8018911', 'name': 'registry', 'url': '', 'version': '2.7.1::docker'}, {'action': 'install', 'id': '7991792', 'name': 'alpine', 'url': '', 'version': '::docker'}]",
    "c8y_SoftwareUpdate": [
        {
            "name": "registry",
            "action": "install",
            "id": "8018911",
            "version": "2.7.1::docker",
            "url": ""
        },
        {
            "name": "alpine",
            "action": "install",
            "id": "7991792",
            "version": "::docker",
            "url": ""
        }
    ]
}
[...]
08:23:19 WARN  Aborted test due to SKIPPED outcome
08:23:19 INFO  
08:23:19 INFO  Test duration: 0.02 secs
08:23:19 INFO  Test final outcome:  SKIPPED
08:23:19 INFO  Test outcome reason: Testing the docker plugin is not supported on this platform.To run it, all the test with -XmyPlatform='container'
08:23:19 INFO  
</system-out>
	</testcase>
<testcase classname="DockerPluginUpdateTest" name="docker_plugin_update">
		<failure message="FAILED: Grep on /home/pi/actions-runner/_work/thin-edge.io/thin-edge.io/tests/PySys/plugin_docker/docker_plugin_update/Output/linux/docker_images.out does not contain &quot;registry&quot; failed with 2 matches, first is: &quot;registry            2.7.1               e8a56425636e        5 months ago        22.2MB&quot;" type="FAILED" />
		<system-out>09:16:27 INFO  ==============================================================
09:16:27 INFO  Id:    docker_plugin_update
09:16:27 INFO  Dir:   plugin_docker/
09:16:27 INFO  Title: Validate docker plugin install updates existing containers
09:16:27 INFO  ==============================================================
09:16:28 INFO  Executed sudo&lt;docker_images&gt;, exit status 0
09:16:28 WARN  Grep on /home/pi/actions-runner/_work/thin-edge.io/thin-edge.io/tests/PySys/plugin_docker/docker_plugin_update/Output/linux/docker_images.out does not contain "registry" failed with 2 matches, first is: "registry            2.7.1               e8a56425636e        5 months ago        22.2MB" ... failed 
09:16:28 WARN  Aborted test due to FAILED outcome
09:16:28 INFO  
09:16:28 INFO  cleanup:
09:16:28 INFO  
09:16:28 INFO  Test duration: 0.89 secs
09:16:28 INFO  Test final outcome:  FAILED
09:16:28 INFO  Test outcome reason: Grep on /home/pi/actions-runner/_work/thin-edge.io/thin-edge.io/tests/PySys/plugin_docker/docker_plugin_update/Output/linux/docker_images.out does not contain "registry" failed with 2 matches, first is: "registry            2.7.1               e8a56425636e        5 months ago        22.2MB"
09:16:28 INFO  
</system-out>
	</testcase>
</testsuite><testsuite name="invalid_device_id" tests="1" errors="0" failures="0" skipped="0" time="0"><testcase classname="InvalidDeviceId" name="invalid_device_id" />
</testsuite><testsuite name="local_mqtt_pub_fail_noqos" tests="1" errors="0" failures="0" skipped="0" time="0"><testcase classname="PySysTest" name="local_mqtt_pub_fail_noqos" />
</testsuite><testsuite name="local_mqtt_pub_fail_qos0" tests="1" errors="0" failures="0" skipped="0" time="0"><testcase classname="PySysTest" name="local_mqtt_pub_fail_qos0" />
</testsuite><testsuite name="local_mqtt_pub_fail_qos1" tests="1" errors="0" failures="0" skipped="0" time="0"><testcase classname="PySysTest" name="local_mqtt_pub_fail_qos1" />
</testsuite><testsuite name="local_mqtt_pub_fail_qos2" tests="1" errors="0" failures="0" skipped="0" time="0"><testcase classname="PySysTest" name="local_mqtt_pub_fail_qos2" />
</testsuite><testsuite name="local_mqtt_pub_sub" tests="1" errors="0" failures="0" skipped="0" time="0"><testcase classname="PySysTest" name="local_mqtt_pub_sub" />
</testsuite><testsuite name="local_mqtt_pub_sub_retain" tests="1" errors="0" failures="1" skipped="0" time="0"><testcase classname="MqttPublishWithRetain" name="local_mqtt_pub_sub_retain">
		<failure message="FAILED: Grep on temp_sensor_sub.out contains &quot;\[test/alarms/temp_sensor\] alarm msg 2&quot; (+1 other failures)" type="FAILED" />
		<system-out>08:20:24 INFO  ==============================================================
08:20:24 INFO  Id:    local_mqtt_pub_sub_retain
08:20:24 INFO  Dir:   local_mqtt/
08:20:24 INFO  Title: Validate local publishing with retain flag
08:20:24 INFO  ==============================================================
08:20:24 INFO  Executed tedge&lt;pub_to_set_alarm&gt;, exit status 0
08:20:25 INFO  Executed tedge&lt;pub_to_set_alarm&gt;, exit status 0
08:20:26 INFO  Started tedge&lt;temp_sensor_sub&gt; with process id 7591
08:20:26 INFO  Executed tedge&lt;pub_to_clear_alarm&gt;, exit status 0
08:20:28 INFO  Executed sudo&lt;kill_out&gt;, exit status 0
08:20:28 INFO  Executed tedge&lt;pub_to_clear_alarm&gt;, exit status 0
08:20:28 INFO  Started tedge&lt;temp_sensor_empty_message&gt; with process id 7596
08:20:30 INFO  Executed sudo&lt;kill_out&gt;, exit status 0
08:20:30 WARN  Grep on temp_sensor_sub.out contains "\[test/alarms/temp_sensor\] alarm msg 2" ... failed [run.py:139]
08:20:30 WARN  Grep on temp_sensor_sub.out contains "\[test/alarms/temp_sensor\] " ... failed [run.py:142]
08:20:30 INFO  Grep on file temp_sensor_empty_message.out ... passed
08:20:30 INFO  
08:20:30 INFO  Test duration: 6.06 secs
08:20:30 INFO  Test final outcome:  FAILED
08:20:30 INFO  Test outcome reason: Grep on temp_sensor_sub.out contains "\[test/alarms/temp_sensor\] alarm msg 2" (+1 other failures)
08:20:30 INFO  
</system-out>
	</testcase>
</testsuite><testsuite name="local_mqtt_pub_sub_with_sudo" tests="1" errors="0" failures="0" skipped="0" time="0"><testcase classname="PySysTest" name="local_mqtt_pub_sub_with_sudo" />
</testsuite><testsuite name="local_mqtt_sub_fail" tests="1" errors="0" failures="0" skipped="0" time="0"><testcase classname="PySysTest" name="local_mqtt_sub_fail" />
</testsuite><testsuite name="log_request_error_messages" tests="1" errors="0" failures="0" skipped="0" time="0"><testcase classname="LogRequestVerifySearchTextError" name="log_request_error_messages" />
</testsuite><testsuite name="log_request_num_lines" tests="1" errors="0" failures="0" skipped="0" time="0"><testcase classname="LogRequestVerifyNumberOfLines" name="log_request_num_lines" />
</testsuite><testsuite name="mapper_awaits_before_reconnect" tests="1" errors="0" failures="0" skipped="0" time="0"><testcase classname="MapperReconnectAwait" name="mapper_awaits_before_reconnect" />
</testsuite><testsuite name="monitoring_smaller_interval" tests="1" errors="0" failures="0" skipped="1" time="0"><testcase classname="MonitoringSmallInterval" name="monitoring_smaller_interval">
		<skipped message="SKIPPED: Fails due to retained message" />
		<system-out>08:23:14 INFO  ==============================================================
08:23:14 INFO  Id:    monitoring_smaller_interval
08:23:14 INFO  Dir:   monitoring/
08:23:14 INFO  Title: Validate the tedge dm agent messages that are produced with smaller sampling interval than the batching window. Here the simulated collectd messages are used
08:23:14 INFO  ==============================================================
08:23:14 INFO  Fails due to retained message ... skipped
08:23:14 INFO  
08:23:14 INFO  Test duration: 0.02 secs
08:23:14 INFO  Test final outcome:  SKIPPED
08:23:14 INFO  Test outcome reason: Fails due to retained message
08:23:14 INFO  
</system-out>
	</testcase>
</testsuite><testsuite name="monitoring_with_collectd" tests="1" errors="0" failures="0" skipped="1" time="0"><testcase classname="MonitoringWithCollectd" name="monitoring_with_collectd">
		<skipped message="SKIPPED: Test execution disabled due to #792 (instable)" />
		<system-out>08:23:14 INFO  ==============================================================
08:23:14 INFO  Id:    monitoring_with_collectd
08:23:14 INFO  Dir:   monitoring/
08:23:14 INFO  Title: Validate tedge dm agent messages that are produced by batching the collectd messages
08:23:14 INFO  ==============================================================
08:23:14 INFO  Test execution disabled due to #792 (instable) ... skipped
08:23:14 INFO  
08:23:14 INFO  Test duration: 0.02 secs
08:23:14 INFO  Test final outcome:  SKIPPED
08:23:14 INFO  Test outcome reason: Test execution disabled due to #792 (instable)
08:23:14 INFO  
</system-out>
	</testcase>
</testsuite><testsuite name="monitoring_with_simulated_messages" tests="1" errors="0" failures="0" skipped="1" time="0"><testcase classname="MonitoringWithSimulatedMessages" name="monitoring_with_simulated_messages">
		<skipped message="SKIPPED: Fails due to retained message" />
		<system-out>08:23:14 INFO  ==============================================================
08:23:14 INFO  Id:    monitoring_with_simulated_messages
08:23:14 INFO  Dir:   monitoring/
08:23:14 INFO  Title: Validate the tedge dm agent messages that are produced from the simulated collectd messages
08:23:14 INFO  ==============================================================
08:23:14 INFO  Fails due to retained message ... skipped
08:23:14 INFO  
08:23:14 INFO  Test duration: 0.02 secs
08:23:14 INFO  Test final outcome:  SKIPPED
08:23:14 INFO  Test outcome reason: Fails due to retained message
08:23:14 INFO  
</system-out>
	</testcase>
</testsuite><testsuite name="mqtt_port_change_connection_fails" tests="1" errors="0" failures="0" skipped="0" time="0"><testcase classname="MqttPortChangeConnectionFails" name="mqtt_port_change_connection_fails" />
</testsuite><testsuite name="mqtt_port_change_connection_works" tests="1" errors="0" failures="0" skipped="1" time="0"><testcase classname="MqttPortChangeConnectionWorks" name="mqtt_port_change_connection_works">
		<skipped message="SKIPPED: failing intermitently" />
		<system-out>08:22:18 INFO  ==============================================================
08:22:18 INFO  Id:    mqtt_port_change_connection_works
08:22:18 INFO  Dir:   misc_features/
08:22:18 INFO  Title: mqtt port change connection works for all the thin-edge services that use the mosquitto broker
08:22:18 INFO  ==============================================================
08:22:18 INFO  failing intermitently ... skipped
08:22:18 INFO  
08:22:18 INFO  Test duration: 0.02 secs
08:22:18 INFO  Test final outcome:  SKIPPED
08:22:18 INFO  Test outcome reason: failing intermitently
08:22:18 INFO  
</system-out>
	</testcase>
</testsuite><testsuite name="mqtt_port_set" tests="1" errors="0" failures="0" skipped="0" time="0"><testcase classname="MqttPortSet" name="mqtt_port_set" />
</testsuite><testsuite name="mqtt_port_unset" tests="1" errors="0" failures="0" skipped="0" time="0"><testcase classname="MqttPortUnSet" name="mqtt_port_unset" />
</testsuite><testsuite name="publish_flux" tests="1" errors="0" failures="0" skipped="0" time="0"><testcase classname="PublishFlux" name="publish_flux" />
</testsuite><testsuite name="publish_sawmill" tests="1" errors="0" failures="0" skipped="0" time="0"><testcase classname="PublishSawmill" name="publish_sawmill" />
</testsuite><testsuite name="pysys_block" tests="1" errors="0" failures="0" skipped="1" time="0"><testcase classname="Fail" name="pysys_block">
		<skipped message="SKIPPED: Enable this to observe a blocking test" />
		<system-out>08:22:41 INFO  ==============================================================
08:22:41 INFO  Id:    pysys_block
08:22:41 INFO  Dir:   misc_features/
08:22:41 INFO  Title: fail
08:22:41 INFO  ==============================================================
08:22:41 INFO  Enable this to observe a blocking test ... skipped
08:22:41 INFO  
08:22:41 INFO  Test duration: 0.02 secs
08:22:41 INFO  Test final outcome:  SKIPPED
08:22:41 INFO  Test outcome reason: Enable this to observe a blocking test
08:22:41 INFO  
</system-out>
	</testcase>
</testsuite><testsuite name="pysys_fail" tests="1" errors="0" failures="0" skipped="1" time="0"><testcase classname="Fail" name="pysys_fail">
		<skipped message="SKIPPED: Enable this to observe a failing test" />
		<system-out>08:22:41 INFO  ==============================================================
08:22:41 INFO  Id:    pysys_fail
08:22:41 INFO  Dir:   misc_features/
08:22:41 INFO  Title: fail
08:22:41 INFO  ==============================================================
08:22:41 INFO  Enable this to observe a failing test ... skipped
08:22:41 INFO  
08:22:41 INFO  Test duration: 0.02 secs
08:22:41 INFO  Test final outcome:  SKIPPED
08:22:41 INFO  Test outcome reason: Enable this to observe a failing test
08:22:41 INFO  
</system-out>
	</testcase>
</testsuite><testsuite name="runtime_start_two_mappers" tests="1" errors="0" failures="0" skipped="0" time="0"><testcase classname="RuntimeMultiMappers" name="runtime_start_two_mappers" />
</testsuite><testsuite name="sm_tedge_mapper_init_session" tests="1" errors="0" failures="0" skipped="0" time="0"><testcase classname="TedgeSMMapperInitSession" name="sm_tedge_mapper_init_session" />
</testsuite><testsuite name="smoketest_json" tests="1" errors="0" failures="0" skipped="0" time="0"><testcase classname="SmokeTestJson" name="smoketest_json" />
</testsuite><testsuite name="smoketest_json_400_samples_10ms" tests="1" errors="0" failures="0" skipped="0" time="0"><testcase classname="SmoketestJson400Samples10ms" name="smoketest_json_400_samples_10ms" />
</testsuite><testsuite name="smoketest_json_400_samples_20ms" tests="1" errors="0" failures="0" skipped="0" time="0"><testcase classname="SmoketestJson400Samples20ms" name="smoketest_json_400_samples_20ms" />
</testsuite><testsuite name="smoketest_smartrest" tests="1" errors="0" failures="0" skipped="0" time="0"><testcase classname="SmoketestSmartRest" name="smoketest_smartrest" />
</testsuite><testsuite name="smoketest_smartrest_400_samples_1Xms" tests="1" errors="0" failures="0" skipped="0" time="0"><testcase classname="SmoketestSmartRest400Samples1Xms" name="smoketest_smartrest_400_samples_1Xms" />
</testsuite><testsuite name="smoketest_smartrest_400_samples_20ms" tests="1" errors="0" failures="0" skipped="0" time="0"><testcase classname="SmoketestSmartRest400Samples20ms" name="smoketest_smartrest_400_samples_20ms" />
</testsuite><testsuite name="tedge_agent_user_sudo_access" tests="1" errors="0" failures="0" skipped="1" time="0"><testcase classname="TedgeAgentUserSudoAccess" name="tedge_agent_user_sudo_access">
		<skipped message="SKIPPED: #955 Observation: Exit code of the apt plugin when called with no arguments" />
		<system-out>08:33:30 INFO  ==============================================================
08:33:30 INFO  Id:    tedge_agent_user_sudo_access
08:33:30 INFO  Dir:   tedge/
08:33:30 INFO  Title: Validate tedge-agent user has a limited sudo right
08:33:30 INFO  ==============================================================
08:33:30 INFO  #955 Observation: Exit code of the apt plugin when called with no arguments ... skipped
08:33:30 INFO  
08:33:30 INFO  Test duration: 0.02 secs
08:33:30 INFO  Test final outcome:  SKIPPED
08:33:30 INFO  Test outcome reason: #955 Observation: Exit code of the apt plugin when called with no arguments
08:33:30 INFO  
</system-out>
	</testcase>
</testsuite><testsuite name="tedge_connect_test_negative" tests="1" errors="0" failures="0" skipped="0" time="0"><testcase classname="TedgeConnectTestNegative" name="tedge_connect_test_negative" />
</testsuite><testsuite name="tedge_connect_test_positive" tests="1" errors="0" failures="0" skipped="0" time="0"><testcase classname="TedgeConnectTestPositive" name="tedge_connect_test_positive" />
</testsuite><testsuite name="tedge_connect_test_sm_services" tests="1" errors="0" failures="0" skipped="0" time="0"><testcase classname="TedgeConnectTestSMServices" name="tedge_connect_test_sm_services" />
</testsuite><testsuite name="tedge_disconnect_test_sm_services" tests="1" errors="0" failures="0" skipped="0" time="0"><testcase classname="TedgeDisConnectTestSMServices" name="tedge_disconnect_test_sm_services" />
</testsuite><testsuite name="tedge_mapper_az_negative" tests="1" errors="0" failures="0" skipped="0" time="0"><testcase classname="TedgeMapperAzError" name="tedge_mapper_az_negative" />
</testsuite><testsuite name="tedge_mapper_az_with_timestamp" tests="1" errors="0" failures="0" skipped="0" time="0"><testcase classname="TedgeMapperAzWithTimestamp" name="tedge_mapper_az_with_timestamp" />
</testsuite><testsuite name="tedge_mapper_az_without_timestamp" tests="1" errors="0" failures="0" skipped="0" time="0"><testcase classname="TedgeMapperAzWithoutTimestamp" name="tedge_mapper_az_without_timestamp" />
</testsuite><testsuite name="tedge_mapper_c8y_alarms" tests="1" errors="0" failures="0" skipped="0" time="0"><testcase classname="TedgeMapperC8yAlarm" name="tedge_mapper_c8y_alarms" />
</testsuite><testsuite name="tedge_mapper_c8y_child_device_measurement" tests="1" errors="0" failures="1" skipped="0" time="0"><testcase classname="TedgeMapperC8yChildDevice" name="tedge_mapper_c8y_child_device_measurement">
		<failure message="BLOCKED: TypeError: 'NoneType' object is not subscriptable (+1 other failures)" type="BLOCKED" />
		<system-out>08:37:55 INFO  ==============================================================
08:37:55 INFO  Id:    tedge_mapper_c8y_child_device_measurement
08:37:55 INFO  Dir:   tedge_mapper_c8y/
08:37:55 INFO  Title: Validate that measurements sent to tedge/measurements/child topic gets mapped as the child device's measurement in Cumulocity
08:37:55 INFO  ==============================================================
08:37:55 INFO  EnvironmentC8y Setup
08:37:55 INFO  Executed systemctl&lt;serv_mapper1&gt;, exit status 3
08:37:55 INFO  Restarting mosquitto too frequently in the last 10 seconds. It was only up for 4 seconds
08:37:55 INFO  Delaying execution by 7 seconds
08:38:17 INFO  Executed sudo&lt;tedge_connect_c8y&gt;, exit status 0, duration 14 secs
08:38:18 INFO  Executed sudo&lt;tedge_connect_c8y_test&gt;, exit status 0
08:38:18 INFO  Executed systemctl&lt;serv_mosq2&gt;, exit status 0
08:38:18 INFO  Executed systemctl&lt;serv_mapper3&gt;, exit status 0
08:38:19 INFO  Assert that (actual == expected) with actual=None, expected=None ... passed
08:38:20 INFO  Executed tedge_pub, exit status 0
08:38:20 INFO  Executed tedge_pub, exit status 0
08:38:20 INFO  Executed tedge_pub, exit status 0
08:38:21 INFO  Executed tedge_pub, exit status 0
08:38:22 INFO  Executed tedge_pub, exit status 0
08:38:24 WARN  TypeError occurred while running test - 'NoneType' object is not subscriptable
Traceback (most recent call last):
  File "/home/pi/env-pysys/lib/python3.7/site-packages/pysys/baserunner.py", line 1296, in __call__
    self.testObj.validate()
  File "/home/pi/actions-runner/_work/thin-edge.io/thin-edge.io/tests/PySys/tedge_mapper_c8y/tedge_mapper_c8y_child_device_measurement/run.py", line 115, in validate
    self.child_device_json["id"], 3
TypeError: 'NoneType' object is not subscriptable
08:38:24 WARN  TypeError: 'NoneType' object is not subscriptable ... blocked 
08:38:24 INFO  
08:38:24 INFO  cleanup:
08:38:24 ERROR Error while running cleanup function: 
Traceback (most recent call last):
  File "/home/pi/env-pysys/lib/python3.7/site-packages/pysys/process/user.py", line 1305, in cleanup
    fn()
  File "/home/pi/actions-runner/_work/thin-edge.io/thin-edge.io/tests/PySys/tedge_mapper_c8y/tedge_mapper_c8y_child_device_measurement/run.py", line 165, in test_cleanup
    self.child_device_json["id"]
TypeError: 'NoneType' object is not subscriptable
08:38:28 INFO  Executed sudo&lt;tedge_disconnect_c8y&gt;, exit status 0
08:38:29 INFO  Executed systemctl&lt;serv_mapper5&gt;, exit status 3
08:38:29 WARN  Cleanup failed with 1 errors: Cleanup function failed: 'NoneType' object is not subscriptable (TypeError) ... blocked 
08:38:29 INFO  
08:38:29 INFO  Test duration: 34.06 secs
08:38:29 INFO  Test final outcome:  BLOCKED
08:38:29 INFO  Test outcome reason: TypeError: 'NoneType' object is not subscriptable (+1 other failures)
08:38:29 INFO  
</system-out>
	</testcase>
</testsuite><testsuite name="tedge_mapper_c8y_packet_threshold_size" tests="1" errors="0" failures="0" skipped="0" time="0"><testcase classname="TedgeMapperC8yThresholdPacketSize" name="tedge_mapper_c8y_packet_threshold_size" />
</testsuite><testsuite name="tedge_software_update" tests="1" errors="0" failures="0" skipped="0" time="0"><testcase classname="PySysTest" name="tedge_software_update" />
</testsuite><testsuite name="valid_device_id" tests="1" errors="0" failures="0" skipped="0" time="0"><testcase classname="ValidateValidDeviceId" name="valid_device_id" />
</testsuite></testsuites>