<?xml version='1.0' encoding='utf-8'?>
<testsuites tests="149" failures="8" errors="0" skipped="55" time="0.0"><testsuite name="SoftwareManagement.Plugin.apama_plugin_install" tests="3" errors="0" failures="0" skipped="1" time="0"><testcase classname="ApamaPluginInstallTest" name="SoftwareManagement.Plugin.apama_plugin_install">
		<skipped message="SKIPPED: Apama plugin tests are disabled by default. Execute `pysys run` with `-XmyPlatform=container` to run these tests" />
		<system-out>19:28:54 INFO  ==============================================================
19:28:54 INFO  Id:    SoftwareManagement.Plugin.apama_plugin_install
19:28:54 INFO  Dir:   plugin_apama/
19:28:54 INFO  Title: Validate apama plugin install
19:28:54 INFO  ==============================================================
19:28:54 INFO  Apama plugin tests are disabled by default. Execute `pysys run` with `-XmyPlatform=container` to run these tests ... skipped
19:28:54 WARN  Aborted test due to SKIPPED outcome
19:28:54 INFO  
19:28:54 INFO  Test duration: 0.05 secs
19:28:54 INFO  Test final outcome:  SKIPPED
19:28:54 INFO  Test outcome reason: Apama plugin tests are disabled by default. Execute `pysys run` with `-XmyPlatform=container` to run these tests
19:28:54 INFO  
</system-out>
	</testcase>
<testcase classname="ApamaPluginInstallTest" name="SoftwareManagement.Plugin.apama_plugin_install" />
<testcase classname="ApamaPluginInstallTest" name="SoftwareManagement.Plugin.apama_plugin_install" />
</testsuite><testsuite name="SoftwareManagement.Plugin.apama_plugin_mon_support" tests="3" errors="0" failures="0" skipped="1" time="0"><testcase classname="ApamaPluginMonSupportTest" name="SoftwareManagement.Plugin.apama_plugin_mon_support">
		<skipped message="SKIPPED: Apama plugin tests are disabled by default. Execute `pysys run` with `-XmyPlatform=container` to run these tests" />
		<system-out>19:28:54 INFO  ==============================================================
19:28:54 INFO  Id:    SoftwareManagement.Plugin.apama_plugin_mon_support
19:28:54 INFO  Dir:   plugin_apama/
19:28:54 INFO  Title: Validate mon file support of apama plugin
19:28:54 INFO  ==============================================================
19:28:54 INFO  Apama plugin tests are disabled by default. Execute `pysys run` with `-XmyPlatform=container` to run these tests ... skipped
19:28:54 WARN  Aborted test due to SKIPPED outcome
19:28:54 INFO  
19:28:54 INFO  Test duration: 0.02 secs
19:28:54 INFO  Test final outcome:  SKIPPED
19:28:54 INFO  Test outcome reason: Apama plugin tests are disabled by default. Execute `pysys run` with `-XmyPlatform=container` to run these tests
19:28:54 INFO  
</system-out>
	</testcase>
<testcase classname="ApamaPluginMonSupportTest" name="SoftwareManagement.Plugin.apama_plugin_mon_support" />
<testcase classname="ApamaPluginMonSupportTest" name="SoftwareManagement.Plugin.apama_plugin_mon_support" />
</testsuite><testsuite name="SoftwareManagement.Plugin.apama_plugin_remove" tests="3" errors="0" failures="0" skipped="1" time="0"><testcase classname="ApamaPluginRemoveTest" name="SoftwareManagement.Plugin.apama_plugin_remove">
		<skipped message="SKIPPED: Apama plugin tests are disabled by default. Execute `pysys run` with `-XmyPlatform=container` to run these tests" />
		<system-out>19:28:54 INFO  ==============================================================
19:28:54 INFO  Id:    SoftwareManagement.Plugin.apama_plugin_remove
19:28:54 INFO  Dir:   plugin_apama/
19:28:54 INFO  Title: Validate apama plugin remove
19:28:54 INFO  ==============================================================
19:28:54 INFO  Apama plugin tests are disabled by default. Execute `pysys run` with `-XmyPlatform=container` to run these tests ... skipped
19:28:54 WARN  Aborted test due to SKIPPED outcome
19:28:54 INFO  
19:28:54 INFO  Test duration: 0.02 secs
19:28:54 INFO  Test final outcome:  SKIPPED
19:28:54 INFO  Test outcome reason: Apama plugin tests are disabled by default. Execute `pysys run` with `-XmyPlatform=container` to run these tests
19:28:54 INFO  
</system-out>
	</testcase>
<testcase classname="ApamaPluginRemoveTest" name="SoftwareManagement.Plugin.apama_plugin_remove" />
<testcase classname="ApamaPluginRemoveTest" name="SoftwareManagement.Plugin.apama_plugin_remove" />
</testsuite><testsuite name="SoftwareManagement.Plugin.apama_plugin_update" tests="3" errors="0" failures="0" skipped="3" time="0"><testcase classname="ApamaPluginUpdateTest" name="SoftwareManagement.Plugin.apama_plugin_update">
		<skipped message="SKIPPED: Test execution disabled due to #1052" />
		<system-out>19:28:54 INFO  ==============================================================
19:28:54 INFO  Id:    SoftwareManagement.Plugin.apama_plugin_update
19:28:54 INFO  Dir:   plugin_apama/
19:28:54 INFO  Title: Validate apama plugin updating one project with another
19:28:54 INFO  ==============================================================
19:28:54 INFO  Test execution disabled due to #1052 ... skipped
19:28:54 INFO  
19:28:54 INFO  Test duration: 0.02 secs
19:28:54 INFO  Test final outcome:  SKIPPED
19:28:54 INFO  Test outcome reason: Test execution disabled due to #1052
19:28:54 INFO  
</system-out>
	</testcase>
<testcase classname="ApamaPluginUpdateTest" name="SoftwareManagement.Plugin.apama_plugin_update">
		<skipped message="SKIPPED: Test execution disabled due to #1052" />
		<system-out>20:26:47 INFO  ==============================================================
20:26:47 INFO  Id:    SoftwareManagement.Plugin.apama_plugin_update
20:26:47 INFO  Dir:   plugin_apama/
20:26:47 INFO  Title: Validate apama plugin updating one project with another
20:26:47 INFO  ==============================================================
20:26:47 INFO  Test execution disabled due to #1052 ... skipped
20:26:47 INFO  
20:26:47 INFO  Test duration: 0.02 secs
20:26:47 INFO  Test final outcome:  SKIPPED
20:26:47 INFO  Test outcome reason: Test execution disabled due to #1052
20:26:47 INFO  
</system-out>
	</testcase>
<testcase classname="ApamaPluginUpdateTest" name="SoftwareManagement.Plugin.apama_plugin_update">
		<skipped message="SKIPPED: Test execution disabled due to #1052" />
		<system-out>20:35:46 INFO  ==============================================================
20:35:46 INFO  Id:    SoftwareManagement.Plugin.apama_plugin_update
20:35:46 INFO  Dir:   plugin_apama/
20:35:46 INFO  Title: Validate apama plugin updating one project with another
20:35:46 INFO  ==============================================================
20:35:46 INFO  Test execution disabled due to #1052 ... skipped
20:35:46 INFO  
20:35:46 INFO  Test duration: 0.02 secs
20:35:46 INFO  Test final outcome:  SKIPPED
20:35:46 INFO  Test outcome reason: Test execution disabled due to #1052
20:35:46 INFO  
</system-out>
	</testcase>
</testsuite><testsuite name="SoftwareManagement.sm_apt_install_download_path" tests="3" errors="0" failures="2" skipped="1" time="0"><testcase classname="AptInstallWithDownloadPath" name="SoftwareManagement.sm_apt_install_download_path">
		<skipped message="SKIPPED: Testing the apt plugin is not supported on this platform.Use parameter -XmyPlatform='container' to enable it" />
		<system-out>19:39:17 INFO  ==============================================================
19:39:17 INFO  Id:    SoftwareManagement.sm_apt_install_download_path
19:39:17 INFO  Dir:   software_management_end_to_end/
19:39:17 INFO  Title: Install package to directory specified in tedge config set tmp.path
19:39:17 INFO  ==============================================================
19:39:17 INFO  Testing the apt plugin is not supported on this platform.Use parameter -XmyPlatform='container' to enable it ... skipped
19:39:17 WARN  Aborted test due to SKIPPED outcome
19:39:17 INFO  
19:39:17 INFO  Test duration: 0.09 secs
19:39:17 INFO  Test final outcome:  SKIPPED
19:39:17 INFO  Test outcome reason: Testing the apt plugin is not supported on this platform.Use parameter -XmyPlatform='container' to enable it
19:39:17 INFO  
</system-out>
	</testcase>
<testcase classname="AptInstallWithDownloadPath" name="SoftwareManagement.sm_apt_install_download_path">
		<failure message="BLOCKED: AssertionError:" type="BLOCKED" />
		<system-out>20:06:49 INFO  ==============================================================
20:06:49 INFO  Id:    SoftwareManagement.sm_apt_install_download_path
20:06:49 INFO  Dir:   software_management_end_to_end/
20:06:49 INFO  Title: Install package to directory specified in tedge config set tmp.path
20:06:49 INFO  ==============================================================
20:06:49 INFO  Using sw id database: {'asciijump': '5475369', 'robotfindskitten': '5474869', 'squirrel3': '5475279', 'rolldice': '5152439', 'moon-buggy': '5439204', 'apple': '5495053', 'banana': '5494888', 'cherry': '5495382', 'watermelon': '5494510', 'registry': '8018911', 'hello-world': '8021526', 'docker/getting-started': '8021973', 'alpine': '7991792'}
20:06:49 INFO  EnvironmentC8y Setup
20:06:50 INFO  Executed systemctl&lt;serv_mapper1&gt;, exit status 3
20:07:10 INFO  Executed sudo&lt;tedge_connect_c8y&gt;, exit status 0, duration 20 secs
20:07:11 INFO  Executed sudo&lt;tedge_connect_c8y_test&gt;, exit status 0
20:07:11 INFO  Executed systemctl&lt;serv_mosq2&gt;, exit status 0
20:07:12 INFO  Executed systemctl&lt;serv_mapper3&gt;, exit status 0
20:07:14 ERROR No operations found, assuming it passed
20:07:14 INFO  Assert that (False == value) with value=False ... passed
20:07:15 INFO  Executed sudo, exit status 0
20:07:15 INFO  Executed sudo, exit status 0
20:07:16 INFO  Executed sudo, exit status 0
20:07:21 INFO  Executed sudo&lt;tedge_disconnect_c8y&gt;, exit status 0
20:07:21 INFO  Restarting mosquitto too frequently in the last 10 seconds. It was only up for 4 seconds
20:07:21 INFO  Delaying execution by 7 seconds
20:07:46 INFO  Executed sudo&lt;tedge_connect_c8y&gt;, exit status 0, duration 17 secs
20:07:46 INFO  Response status: 201
20:07:46 INFO  Response to action: {
    "creationTime": "2022-05-10T20:07:46.527Z",
    "deviceName": "m32sd11e",
    "deviceId": "18731567",
    "self": "https://t493319102.eu-latest.cumulocity.com/devicecontrol/operations/18751577",
    "id": "18751577",
    "status": "PENDING",
    "description": "Apply software changes, triggered from PySys: [{'name': 'rolldice', 'id': '5152439', 'version': '::apt', 'url': 'https://thin-edge-io.eu-latest.cumulocity.com/inventory/binaries/12435463', 'action': 'install'}]",
    "c8y_SoftwareUpdate": [
        {
            "name": "rolldice",
            "action": "install",
            "id": "5152439",
            "version": "::apt",
            "url": "https://thin-edge-io.eu-latest.cumulocity.com/inventory/binaries/12435463"
        }
    ]
}
20:07:46 INFO  Started operation: {'creationTime': '2022-05-10T20:07:46.527Z', 'deviceName': 'm32sd11e', 'deviceId': '18731567', 'self': 'https://t493319102.eu-latest.cumulocity.com/devicecontrol/operations/18751577', 'id': '18751577', 'status': 'PENDING', 'description': "Apply software changes, triggered from PySys: [{'name': 'rolldice', 'id': '5152439', 'version': '::apt', 'url': 'https://thin-edge-io.eu-latest.cumulocity.com/inventory/binaries/12435463', 'action': 'install'}]", 'c8y_SoftwareUpdate': [{'name': 'rolldice', 'action': 'install', 'id': '5152439', 'version': '::apt', 'url': 'https://thin-edge-io.eu-latest.cumulocity.com/inventory/binaries/12435463'}]}
20:07:46 WARN  , retrying in 0.5 seconds...
20:07:47 WARN  , retrying in 0.5 seconds...
20:07:47 WARN  , retrying in 0.5 seconds...
20:07:48 WARN  , retrying in 0.5 seconds...
20:07:48 WARN  , retrying in 0.5 seconds...
20:07:49 WARN  , retrying in 0.5 seconds...
20:07:49 WARN  , retrying in 0.5 seconds...
20:07:50 WARN  , retrying in 0.5 seconds...
20:07:50 WARN  , retrying in 0.5 seconds...
20:07:51 WARN  AssertionError occurred while running test - 
Traceback (most recent call last):
  File "/home/pi/env-pysys/lib/python3.9/site-packages/pysys/baserunner.py", line 1294, in __call__
    self.testObj.execute()
  File "/home/pi/actions-runner/_work/thin-edge.io/thin-edge.io/tests/PySys/software_management_end_to_end/sm_apt_install_download_path/run.py", line 83, in execute
    assert_install_in_download_path(install_directory=self.DOWNLOAD_DIR)
  File "/home/pi/env-pysys/lib/python3.9/site-packages/decorator.py", line 232, in fun
    return caller(func, *(extras + args), **kw)
  File "/home/pi/env-pysys/lib/python3.9/site-packages/retry/api.py", line 73, in retry_decorator
    return __retry_internal(partial(f, *args, **kwargs), exceptions, tries, delay, max_delay, backoff, jitter,
  File "/home/pi/env-pysys/lib/python3.9/site-packages/retry/api.py", line 33, in __retry_internal
    return f()
  File "/home/pi/actions-runner/_work/thin-edge.io/thin-edge.io/tests/PySys/software_management_end_to_end/sm_apt_install_download_path/run.py", line 28, in assert_install_in_download_path
    assert "rolldice" in os.listdir(f"{install_directory}")
AssertionError
20:07:51 WARN  AssertionError: ... blocked 
20:07:51 INFO  
20:07:51 INFO  cleanup:
20:07:51 INFO  Executed sudo, exit status 0
20:07:52 INFO  Executed sudo, exit status 0
20:07:58 INFO  Executed sudo&lt;tedge_disconnect_c8y&gt;, exit status 0
20:07:58 INFO  Restarting mosquitto too frequently in the last 10 seconds. It was only up for 5 seconds
20:07:58 INFO  Delaying execution by 6 seconds
20:08:21 INFO  Executed sudo&lt;tedge_connect_c8y&gt;, exit status 0, duration 17 secs
20:08:27 INFO  Executed sudo&lt;tedge_disconnect_c8y&gt;, exit status 0
20:08:28 INFO  Executed systemctl&lt;serv_mapper5&gt;, exit status 3
20:08:28 INFO  
20:08:28 INFO  Test duration: 98.90 secs
20:08:28 INFO  Test final outcome:  BLOCKED
20:08:28 INFO  Test outcome reason: AssertionError:
20:08:28 INFO  
</system-out>
	</testcase>
<testcase classname="AptInstallWithDownloadPath" name="SoftwareManagement.sm_apt_install_download_path">
		<failure message="BLOCKED: AssertionError:" type="BLOCKED" />
		<system-out>20:35:46 INFO  ==============================================================
20:35:46 INFO  Id:    SoftwareManagement.sm_apt_install_download_path
20:35:46 INFO  Dir:   software_management_end_to_end/
20:35:46 INFO  Title: Install package to directory specified in tedge config set tmp.path
20:35:46 INFO  ==============================================================
20:35:47 INFO  Using sw id database: {'asciijump': '5475369', 'robotfindskitten': '5474869', 'squirrel3': '5475279', 'rolldice': '5152439', 'moon-buggy': '5439204', 'apple': '5495053', 'banana': '5494888', 'cherry': '5495382', 'watermelon': '5494510', 'registry': '8018911', 'hello-world': '8021526', 'docker/getting-started': '8021973', 'alpine': '7991792'}
20:35:47 INFO  EnvironmentC8y Setup
20:35:48 INFO  Executed systemctl&lt;serv_mapper1&gt;, exit status 3
20:36:06 INFO  Executed sudo&lt;tedge_connect_c8y&gt;, exit status 0, duration 17 secs
20:36:06 INFO  Executed sudo&lt;tedge_connect_c8y_test&gt;, exit status 0
20:36:07 INFO  Executed systemctl&lt;serv_mosq2&gt;, exit status 0
20:36:07 INFO  Executed systemctl&lt;serv_mapper3&gt;, exit status 0
20:36:10 INFO  State of current operation: SUCCESSFUL
20:36:10 INFO  Assert that (False == value) with value=False ... passed
20:36:11 INFO  Executed sudo, exit status 0
20:36:11 INFO  Executed sudo, exit status 0
20:36:12 INFO  Executed sudo, exit status 0
20:36:17 INFO  Executed sudo&lt;tedge_disconnect_c8y&gt;, exit status 0
20:36:17 INFO  Restarting mosquitto too frequently in the last 10 seconds. It was only up for 4 seconds
20:36:17 INFO  Delaying execution by 7 seconds
20:36:42 INFO  Executed sudo&lt;tedge_connect_c8y&gt;, exit status 0, duration 17 secs
20:36:42 INFO  Response status: 201
20:36:42 INFO  Response to action: {
    "creationTime": "2022-05-10T20:36:42.595Z",
    "deviceName": "m32sd11e",
    "deviceId": "18731567",
    "self": "https://t493319102.eu-latest.cumulocity.com/devicecontrol/operations/18751832",
    "id": "18751832",
    "status": "PENDING",
    "description": "Apply software changes, triggered from PySys: [{'name': 'rolldice', 'id': '5152439', 'version': '::apt', 'url': 'https://thin-edge-io.eu-latest.cumulocity.com/inventory/binaries/12435463', 'action': 'install'}]",
    "c8y_SoftwareUpdate": [
        {
            "name": "rolldice",
            "action": "install",
            "id": "5152439",
            "version": "::apt",
            "url": "https://thin-edge-io.eu-latest.cumulocity.com/inventory/binaries/12435463"
        }
    ]
}
20:36:42 INFO  Started operation: {'creationTime': '2022-05-10T20:36:42.595Z', 'deviceName': 'm32sd11e', 'deviceId': '18731567', 'self': 'https://t493319102.eu-latest.cumulocity.com/devicecontrol/operations/18751832', 'id': '18751832', 'status': 'PENDING', 'description': "Apply software changes, triggered from PySys: [{'name': 'rolldice', 'id': '5152439', 'version': '::apt', 'url': 'https://thin-edge-io.eu-latest.cumulocity.com/inventory/binaries/12435463', 'action': 'install'}]", 'c8y_SoftwareUpdate': [{'name': 'rolldice', 'action': 'install', 'id': '5152439', 'version': '::apt', 'url': 'https://thin-edge-io.eu-latest.cumulocity.com/inventory/binaries/12435463'}]}
20:36:42 WARN  , retrying in 0.5 seconds...
20:36:43 WARN  , retrying in 0.5 seconds...
20:36:43 WARN  , retrying in 0.5 seconds...
20:36:44 WARN  , retrying in 0.5 seconds...
20:36:44 WARN  , retrying in 0.5 seconds...
20:36:45 WARN  , retrying in 0.5 seconds...
20:36:45 WARN  , retrying in 0.5 seconds...
20:36:46 WARN  , retrying in 0.5 seconds...
20:36:46 WARN  , retrying in 0.5 seconds...
20:36:47 WARN  AssertionError occurred while running test - 
Traceback (most recent call last):
  File "/home/pi/env-pysys/lib/python3.9/site-packages/pysys/baserunner.py", line 1294, in __call__
    self.testObj.execute()
  File "/home/pi/actions-runner/_work/thin-edge.io/thin-edge.io/tests/PySys/software_management_end_to_end/sm_apt_install_download_path/run.py", line 83, in execute
    assert_install_in_download_path(install_directory=self.DOWNLOAD_DIR)
  File "/home/pi/env-pysys/lib/python3.9/site-packages/decorator.py", line 232, in fun
    return caller(func, *(extras + args), **kw)
  File "/home/pi/env-pysys/lib/python3.9/site-packages/retry/api.py", line 73, in retry_decorator
    return __retry_internal(partial(f, *args, **kwargs), exceptions, tries, delay, max_delay, backoff, jitter,
  File "/home/pi/env-pysys/lib/python3.9/site-packages/retry/api.py", line 33, in __retry_internal
    return f()
  File "/home/pi/actions-runner/_work/thin-edge.io/thin-edge.io/tests/PySys/software_management_end_to_end/sm_apt_install_download_path/run.py", line 28, in assert_install_in_download_path
    assert "rolldice" in os.listdir(f"{install_directory}")
AssertionError
20:36:48 WARN  AssertionError: ... blocked 
20:36:48 INFO  
20:36:48 INFO  cleanup:
20:36:48 INFO  Executed sudo, exit status 0
20:36:49 INFO  Executed sudo, exit status 0
20:36:55 INFO  Executed sudo&lt;tedge_disconnect_c8y&gt;, exit status 0
20:36:55 INFO  Restarting mosquitto too frequently in the last 10 seconds. It was only up for 5 seconds
20:36:55 INFO  Delaying execution by 6 seconds
20:37:19 INFO  Executed sudo&lt;tedge_connect_c8y&gt;, exit status 0, duration 17 secs
20:37:24 INFO  Executed sudo&lt;tedge_disconnect_c8y&gt;, exit status 0
20:37:25 INFO  Executed systemctl&lt;serv_mapper5&gt;, exit status 3
20:37:25 INFO  
20:37:25 INFO  Test duration: 98.95 secs
20:37:25 INFO  Test final outcome:  BLOCKED
20:37:25 INFO  Test outcome reason: AssertionError:
20:37:25 INFO  
</system-out>
	</testcase>
</testsuite><testsuite name="SoftwareManagement.sm_apt_install_fail" tests="3" errors="0" failures="0" skipped="1" time="0"><testcase classname="PySysTest" name="SoftwareManagement.sm_apt_install_fail">
		<skipped message="SKIPPED: Testing the apt plugin is not supported on this platform.Use parameter -XmyPlatform='container' to enable it" />
		<system-out>19:39:17 INFO  ==============================================================
19:39:17 INFO  Id:    SoftwareManagement.sm_apt_install_fail
19:39:17 INFO  Dir:   software_management_end_to_end/
19:39:17 INFO  Title: Validate end to end behaviour for a failing installation
19:39:17 INFO  ==============================================================
19:39:17 INFO  Testing the apt plugin is not supported on this platform.Use parameter -XmyPlatform='container' to enable it ... skipped
19:39:17 WARN  Aborted test due to SKIPPED outcome
19:39:17 INFO  
19:39:17 INFO  Test duration: 0.04 secs
19:39:17 INFO  Test final outcome:  SKIPPED
19:39:17 INFO  Test outcome reason: Testing the apt plugin is not supported on this platform.Use parameter -XmyPlatform='container' to enable it
19:39:17 INFO  
</system-out>
	</testcase>
<testcase classname="PySysTest" name="SoftwareManagement.sm_apt_install_fail" />
<testcase classname="PySysTest" name="SoftwareManagement.sm_apt_install_fail" />
</testsuite><testsuite name="SoftwareManagement.sm_apt_install_remove" tests="3" errors="0" failures="0" skipped="1" time="0"><testcase classname="PySysTest" name="SoftwareManagement.sm_apt_install_remove">
		<skipped message="SKIPPED: Testing the apt plugin is not supported on this platform.Use parameter -XmyPlatform='container' to enable it" />
		<system-out>19:39:17 INFO  ==============================================================
19:39:17 INFO  Id:    SoftwareManagement.sm_apt_install_remove
19:39:17 INFO  Dir:   software_management_end_to_end/
19:39:17 INFO  Title: Validate end to end behaviour for the apt plugin for installation and removal of packages
19:39:17 INFO  ==============================================================
19:39:17 INFO  Testing the apt plugin is not supported on this platform.Use parameter -XmyPlatform='container' to enable it ... skipped
19:39:17 WARN  Aborted test due to SKIPPED outcome
19:39:18 INFO  
19:39:18 INFO  Test duration: 0.04 secs
19:39:18 INFO  Test final outcome:  SKIPPED
19:39:18 INFO  Test outcome reason: Testing the apt plugin is not supported on this platform.Use parameter -XmyPlatform='container' to enable it
19:39:18 INFO  
</system-out>
	</testcase>
<testcase classname="PySysTest" name="SoftwareManagement.sm_apt_install_remove" />
<testcase classname="PySysTest" name="SoftwareManagement.sm_apt_install_remove" />
</testsuite><testsuite name="SoftwareManagement.sm_apt_install_remove_default" tests="3" errors="0" failures="0" skipped="1" time="0"><testcase classname="PySysTest" name="SoftwareManagement.sm_apt_install_remove_default">
		<skipped message="SKIPPED: Testing the apt plugin is not supported on this platform.Use parameter -XmyPlatform='container' to enable it" />
		<system-out>19:39:18 INFO  ==============================================================
19:39:18 INFO  Id:    SoftwareManagement.sm_apt_install_remove_default
19:39:18 INFO  Dir:   software_management_end_to_end/
19:39:18 INFO  Title: Validate end to end behaviour for the default plugin for installation and removal of packages
19:39:18 INFO  ==============================================================
19:39:18 INFO  Testing the apt plugin is not supported on this platform.Use parameter -XmyPlatform='container' to enable it ... skipped
19:39:18 WARN  Aborted test due to SKIPPED outcome
19:39:18 INFO  
19:39:18 INFO  Test duration: 0.03 secs
19:39:18 INFO  Test final outcome:  SKIPPED
19:39:18 INFO  Test outcome reason: Testing the apt plugin is not supported on this platform.Use parameter -XmyPlatform='container' to enable it
19:39:18 INFO  
</system-out>
	</testcase>
<testcase classname="PySysTest" name="SoftwareManagement.sm_apt_install_remove_default" />
<testcase classname="PySysTest" name="SoftwareManagement.sm_apt_install_remove_default" />
</testsuite><testsuite name="SoftwareManagement.sm_apt_install_remove_multiple" tests="3" errors="0" failures="1" skipped="1" time="0"><testcase classname="PySysTest" name="SoftwareManagement.sm_apt_install_remove_multiple">
		<skipped message="SKIPPED: Testing the apt plugin is not supported on this platform.Use parameter -XmyPlatform='container' to enable it" />
		<system-out>19:39:18 INFO  ==============================================================
19:39:18 INFO  Id:    SoftwareManagement.sm_apt_install_remove_multiple
19:39:18 INFO  Dir:   software_management_end_to_end/
19:39:18 INFO  Title: Validate end to end behaviour for the apt plugin for multiple packages
19:39:18 INFO  ==============================================================
19:39:18 INFO  Testing the apt plugin is not supported on this platform.Use parameter -XmyPlatform='container' to enable it ... skipped
19:39:18 WARN  Aborted test due to SKIPPED outcome
19:39:18 INFO  
19:39:18 INFO  Test duration: 0.03 secs
19:39:18 INFO  Test final outcome:  SKIPPED
19:39:18 INFO  Test outcome reason: Testing the apt plugin is not supported on this platform.Use parameter -XmyPlatform='container' to enable it
19:39:18 INFO  
</system-out>
	</testcase>
<testcase classname="PySysTest" name="SoftwareManagement.sm_apt_install_remove_multiple" />
<testcase classname="PySysTest" name="SoftwareManagement.sm_apt_install_remove_multiple">
		<failure message="FAILED: Assert that (False == value) with value=True (+2 other failures)" type="FAILED" />
		<system-out>20:45:39 INFO  ==============================================================
20:45:39 INFO  Id:    SoftwareManagement.sm_apt_install_remove_multiple
20:45:39 INFO  Dir:   software_management_end_to_end/
20:45:39 INFO  Title: Validate end to end behaviour for the apt plugin for multiple packages
20:45:39 INFO  ==============================================================
20:45:40 INFO  Using sw id database: {'asciijump': '5475369', 'robotfindskitten': '5474869', 'squirrel3': '5475279', 'rolldice': '5152439', 'moon-buggy': '5439204', 'apple': '5495053', 'banana': '5494888', 'cherry': '5495382', 'watermelon': '5494510', 'registry': '8018911', 'hello-world': '8021526', 'docker/getting-started': '8021973', 'alpine': '7991792'}
20:45:40 INFO  EnvironmentC8y Setup
20:45:40 INFO  Executed systemctl&lt;serv_mapper1&gt;, exit status 3
20:45:40 INFO  Restarting mosquitto too frequently in the last 10 seconds. It was only up for 6 seconds
20:45:40 INFO  Delaying execution by 5 seconds
20:46:03 INFO  Executed sudo&lt;tedge_connect_c8y&gt;, exit status 0, duration 17 secs
20:46:03 INFO  Executed sudo&lt;tedge_connect_c8y_test&gt;, exit status 0
20:46:04 INFO  Executed systemctl&lt;serv_mosq2&gt;, exit status 0
20:46:04 INFO  Executed systemctl&lt;serv_mapper3&gt;, exit status 0
20:46:07 INFO  State of current operation: SUCCESSFUL
20:46:07 INFO  Assert that (False == value) with value=False ... passed
20:46:07 INFO  Package asciijump is installed
20:46:07 WARN  Assert that (False == value) with value=True ... failed 
20:46:07 INFO  Package squirrel3 is installed
20:46:07 WARN  Assert that (False == value) with value=True ... failed 
20:46:08 INFO  Package robotfindskitten is installed
20:46:08 WARN  Assert that (False == value) with value=True ... failed 
20:46:08 INFO  Response status: 201
20:46:08 INFO  Response to action: {
    "creationTime": "2022-05-10T20:46:08.518Z",
    "deviceName": "m32sd11e",
    "deviceId": "18731567",
    "self": "https://t493319102.eu-latest.cumulocity.com/devicecontrol/operations/18751945",
    "id": "18751945",
    "status": "PENDING",
    "description": "Apply software changes, triggered from PySys: [{'action': 'install', 'id': '5475369', 'name': 'asciijump', 'url': ' ', 'version': '::apt'}, {'action': 'install', 'id': '5474869', 'name': 'robotfindskitten', 'url': ' ', 'version': '::apt'}, {'action': 'install', 'id': '5475279', 'name': 'squirrel3', 'url': ' ', 'version': '::apt'}]",
    "c8y_SoftwareUpdate": [
        {
            "name": "asciijump",
            "action": "install",
            "id": "5475369",
            "version": "::apt",
            "url": " "
        },
        {
            "name": "robotfindskitten",
            "action": "install",
            "id": "5474869",
            "version": "::apt",
            "url": " "
        },
        {
            "name": "squirrel3",
            "action": "install",
            "id": "5475279",
            "version": "::apt",
            "url": " "
        }
    ]
}
20:46:08 INFO  Started operation: {'creationTime': '2022-05-10T20:46:08.518Z', 'deviceName': 'm32sd11e', 'deviceId': '18731567', 'self': 'https://t493319102.eu-latest.cumulocity.com/devicecontrol/operations/18751945', 'id': '18751945', 'status': 'PENDING', 'description': "Apply software changes, triggered from PySys: [{'action': 'install', 'id': '5475369', 'name': 'asciijump', 'url': ' ', 'version': '::apt'}, {'action': 'install', 'id': '5474869', 'name': 'robotfindskitten', 'url': ' ', 'version': '::apt'}, {'action': 'install', 'id': '5475279', 'name': 'squirrel3', 'url': ' ', 'version': '::apt'}]", 'c8y_SoftwareUpdate': [{'name': 'asciijump', 'action': 'install', 'id': '5475369', 'version': '::apt', 'url': ' '}, {'name': 'robotfindskitten', 'action': 'install', 'id': '5474869', 'version': '::apt', 'url': ' '}, {'name': 'squirrel3', 'action': 'install', 'id': '5475279', 'version': '::apt', 'url': ' '}]}
20:46:10 INFO  State of operation 18751945 : PENDING
20:46:13 INFO  State of operation 18751945 : EXECUTING
20:46:15 INFO  State of operation 18751945 : EXECUTING
20:46:17 INFO  State of operation 18751945 : EXECUTING
20:46:19 INFO  State of operation 18751945 : EXECUTING
20:46:21 INFO  State of operation 18751945 : EXECUTING
20:46:24 INFO  State of operation 18751945 : EXECUTING
20:46:27 INFO  State of operation 18751945 : EXECUTING
20:46:30 INFO  State of operation 18751945 : EXECUTING
20:46:32 INFO  State of operation 18751945 : EXECUTING
20:46:34 INFO  State of operation 18751945 : EXECUTING
20:46:36 INFO  State of operation 18751945 : EXECUTING
20:46:39 INFO  State of operation 18751945 : EXECUTING
20:46:41 INFO  State of operation 18751945 : EXECUTING
20:46:43 INFO  State of operation 18751945 : EXECUTING
20:46:45 INFO  State of operation 18751945 : EXECUTING
20:46:48 INFO  State of operation 18751945 : EXECUTING
20:46:50 INFO  State of operation 18751945 : SUCCESSFUL
20:46:50 INFO  Assert that (False == value) with value=False ... passed
20:46:50 INFO  Package asciijump is installed
20:46:50 INFO  Assert that (True == value) with value=True ... passed
20:46:50 INFO  Package squirrel3 is installed
20:46:50 INFO  Assert that (True == value) with value=True ... passed
20:46:51 INFO  Package robotfindskitten is installed
20:46:51 INFO  Assert that (True == value) with value=True ... passed
20:46:51 INFO  Response status: 201
20:46:51 INFO  Response to action: {
    "creationTime": "2022-05-10T20:46:51.376Z",
    "deviceName": "m32sd11e",
    "deviceId": "18731567",
    "self": "https://t493319102.eu-latest.cumulocity.com/devicecontrol/operations/18751961",
    "id": "18751961",
    "status": "PENDING",
    "description": "Apply software changes, triggered from PySys: [{'action': 'delete', 'id': '5475369', 'name': 'asciijump', 'url': ' ', 'version': '::apt'}, {'action': 'delete', 'id': '5474869', 'name': 'robotfindskitten', 'url': ' ', 'version': '::apt'}, {'action': 'delete', 'id': '5475279', 'name': 'squirrel3', 'url': ' ', 'version': '::apt'}]",
    "c8y_SoftwareUpdate": [
        {
            "name": "asciijump",
            "action": "delete",
            "id": "5475369",
            "version": "::apt",
            "url": " "
        },
        {
            "name": "robotfindskitten",
            "action": "delete",
            "id": "5474869",
            "version": "::apt",
            "url": " "
        },
        {
            "name": "squirrel3",
            "action": "delete",
            "id": "5475279",
            "version": "::apt",
            "url": " "
        }
    ]
}
20:46:51 INFO  Started operation: {'creationTime': '2022-05-10T20:46:51.376Z', 'deviceName': 'm32sd11e', 'deviceId': '18731567', 'self': 'https://t493319102.eu-latest.cumulocity.com/devicecontrol/operations/18751961', 'id': '18751961', 'status': 'PENDING', 'description': "Apply software changes, triggered from PySys: [{'action': 'delete', 'id': '5475369', 'name': 'asciijump', 'url': ' ', 'version': '::apt'}, {'action': 'delete', 'id': '5474869', 'name': 'robotfindskitten', 'url': ' ', 'version': '::apt'}, {'action': 'delete', 'id': '5475279', 'name': 'squirrel3', 'url': ' ', 'version': '::apt'}]", 'c8y_SoftwareUpdate': [{'name': 'asciijump', 'action': 'delete', 'id': '5475369', 'version': '::apt', 'url': ' '}, {'name': 'robotfindskitten', 'action': 'delete', 'id': '5474869', 'version': '::apt', 'url': ' '}, {'name': 'squirrel3', 'action': 'delete', 'id': '5475279', 'version': '::apt', 'url': ' '}]}
20:46:53 INFO  State of operation 18751961 : PENDING
20:46:55 INFO  State of operation 18751961 : EXECUTING
20:46:58 INFO  State of operation 18751961 : EXECUTING
20:47:00 INFO  State of operation 18751961 : EXECUTING
20:47:02 INFO  State of operation 18751961 : EXECUTING
20:47:04 INFO  State of operation 18751961 : EXECUTING
20:47:07 INFO  State of operation 18751961 : EXECUTING
20:47:09 INFO  State of operation 18751961 : EXECUTING
20:47:13 INFO  State of operation 18751961 : EXECUTING
20:47:15 INFO  State of operation 18751961 : EXECUTING
20:47:17 INFO  State of operation 18751961 : EXECUTING
20:47:20 INFO  State of operation 18751961 : EXECUTING
20:47:22 INFO  State of operation 18751961 : EXECUTING
20:47:24 INFO  State of operation 18751961 : EXECUTING
20:47:26 INFO  State of operation 18751961 : EXECUTING
20:47:29 INFO  State of operation 18751961 : EXECUTING
20:47:31 INFO  State of operation 18751961 : EXECUTING
20:47:34 INFO  State of operation 18751961 : EXECUTING
20:47:36 INFO  State of operation 18751961 : EXECUTING
20:47:38 INFO  State of operation 18751961 : EXECUTING
20:47:41 INFO  State of operation 18751961 : EXECUTING
20:47:43 INFO  State of operation 18751961 : EXECUTING
20:47:46 INFO  State of operation 18751961 : EXECUTING
20:47:48 INFO  State of operation 18751961 : EXECUTING
20:47:50 INFO  State of operation 18751961 : EXECUTING
20:47:53 INFO  State of operation 18751961 : EXECUTING
20:47:55 INFO  State of operation 18751961 : EXECUTING
20:47:57 INFO  State of operation 18751961 : EXECUTING
20:48:00 INFO  State of operation 18751961 : EXECUTING
20:48:02 INFO  State of operation 18751961 : EXECUTING
20:48:05 INFO  State of operation 18751961 : EXECUTING
20:48:07 INFO  State of operation 18751961 : EXECUTING
20:48:09 INFO  State of operation 18751961 : SUCCESSFUL
20:48:09 INFO  Assert that (False == value) with value=False ... passed
20:48:10 INFO  Assert that (False == value) with value=False ... passed
20:48:10 INFO  Assert that (False == value) with value=False ... passed
20:48:10 INFO  Assert that (False == value) with value=False ... passed
20:48:10 INFO  
20:48:10 INFO  cleanup:
20:48:16 INFO  Executed sudo&lt;tedge_disconnect_c8y&gt;, exit status 0
20:48:17 INFO  Executed systemctl&lt;serv_mapper5&gt;, exit status 3
20:48:17 INFO  
20:48:17 INFO  Test duration: 157.22 secs
20:48:17 INFO  Test final outcome:  FAILED
20:48:17 INFO  Test outcome reason: Assert that (False == value) with value=True (+2 other failures)
20:48:17 INFO  
</system-out>
	</testcase>
</testsuite><testsuite name="SoftwareManagement.sm_apt_install_remove_multiple_mixed" tests="3" errors="0" failures="2" skipped="1" time="0"><testcase classname="PySysTest" name="SoftwareManagement.sm_apt_install_remove_multiple_mixed">
		<skipped message="SKIPPED: Testing the apt plugin is not supported on this platform.Use parameter -XmyPlatform='container' to enable it" />
		<system-out>19:39:18 INFO  ==============================================================
19:39:18 INFO  Id:    SoftwareManagement.sm_apt_install_remove_multiple_mixed
19:39:18 INFO  Dir:   software_management_end_to_end/
19:39:18 INFO  Title: Validate end to end behaviour for the apt plugin for multiple packages with mixed versions
19:39:18 INFO  ==============================================================
19:39:18 INFO  Testing the apt plugin is not supported on this platform.Use parameter -XmyPlatform='container' to enable it ... skipped
19:39:18 WARN  Aborted test due to SKIPPED outcome
19:39:18 INFO  
19:39:18 INFO  Test duration: 0.03 secs
19:39:18 INFO  Test final outcome:  SKIPPED
19:39:18 INFO  Test outcome reason: Testing the apt plugin is not supported on this platform.Use parameter -XmyPlatform='container' to enable it
19:39:18 INFO  
</system-out>
	</testcase>
<testcase classname="PySysTest" name="SoftwareManagement.sm_apt_install_remove_multiple_mixed">
		<failure message="BLOCKED: SystemError: Timeout while waiting for status SUCCESSFUL or False" type="BLOCKED" />
		<system-out>20:19:26 INFO  ==============================================================
20:19:26 INFO  Id:    SoftwareManagement.sm_apt_install_remove_multiple_mixed
20:19:26 INFO  Dir:   software_management_end_to_end/
20:19:26 INFO  Title: Validate end to end behaviour for the apt plugin for multiple packages with mixed versions
20:19:26 INFO  ==============================================================
20:19:26 INFO  Using sw id database: {'asciijump': '5475369', 'robotfindskitten': '5474869', 'squirrel3': '5475279', 'rolldice': '5152439', 'moon-buggy': '5439204', 'apple': '5495053', 'banana': '5494888', 'cherry': '5495382', 'watermelon': '5494510', 'registry': '8018911', 'hello-world': '8021526', 'docker/getting-started': '8021973', 'alpine': '7991792'}
20:19:26 INFO  EnvironmentC8y Setup
20:19:27 INFO  Executed systemctl&lt;serv_mapper1&gt;, exit status 3
20:19:27 INFO  Restarting mosquitto too frequently in the last 10 seconds. It was only up for 6 seconds
20:19:27 INFO  Delaying execution by 5 seconds
20:19:49 INFO  Executed sudo&lt;tedge_connect_c8y&gt;, exit status 0, duration 17 secs
20:19:50 INFO  Executed sudo&lt;tedge_connect_c8y_test&gt;, exit status 0
20:19:50 INFO  Executed systemctl&lt;serv_mosq2&gt;, exit status 0
20:19:51 INFO  Executed systemctl&lt;serv_mapper3&gt;, exit status 0
20:19:53 INFO  State of current operation: SUCCESSFUL
20:19:53 INFO  Assert that (False == value) with value=False ... passed
20:19:54 INFO  Assert that (False == value) with value=False ... passed
20:19:54 INFO  Assert that (False == value) with value=False ... passed
20:19:54 INFO  Assert that (False == value) with value=False ... passed
20:19:54 INFO  Assert that (False == value) with value=False ... passed
20:19:56 INFO  Response status: 201
20:19:56 INFO  Response to action: {
    "creationTime": "2022-05-10T20:19:56.775Z",
    "deviceName": "m32sd11e",
    "deviceId": "18731567",
    "self": "https://t493319102.eu-latest.cumulocity.com/devicecontrol/operations/18751715",
    "id": "18751715",
    "status": "PENDING",
    "description": "Apply software changes, triggered from PySys: [{'action': 'install', 'id': '5475369', 'name': 'asciijump', 'url': ' ', 'version': '::apt'}, {'action': 'install', 'id': '5474869', 'name': 'robotfindskitten', 'url': ' ', 'version': ' '}, {'action': 'install', 'id': '5475279', 'name': 'squirrel3', 'url': ' ', 'version': '3.1-8::apt'}, {'action': 'install', 'id': '5152439', 'name': 'rolldice', 'url': ' ', 'version': '1.16-1+b2'}, {'action': 'install', 'id': '5439204', 'name': 'moon-buggy', 'url': ' ', 'version': '1:1.0.51-13'}, {'action': 'install', 'id': '5475369', 'name': 'asciijump', 'url': ' ', 'version': '::apt'}]",
    "c8y_SoftwareUpdate": [
        {
            "name": "asciijump",
            "action": "install",
            "id": "5475369",
            "version": "::apt",
            "url": " "
        },
        {
            "name": "robotfindskitten",
            "action": "install",
            "id": "5474869",
            "version": " ",
            "url": " "
        },
        {
            "name": "squirrel3",
            "action": "install",
            "id": "5475279",
            "version": "3.1-8::apt",
            "url": " "
        },
        {
            "name": "rolldice",
            "action": "install",
            "id": "5152439",
            "version": "1.16-1+b2",
            "url": " "
        },
        {
            "name": "moon-buggy",
            "action": "install",
            "id": "5439204",
            "version": "1:1.0.51-13",
            "url": " "
        },
        {
            "name": "asciijump",
            "action": "install",
            "id": "5475369",
            "version": "::apt",
            "url": " "
        }
    ]
}
20:19:56 INFO  Started operation: {'creationTime': '2022-05-10T20:19:56.775Z', 'deviceName': 'm32sd11e', 'deviceId': '18731567', 'self': 'https://t493319102.eu-latest.cumulocity.com/devicecontrol/operations/18751715', 'id': '18751715', 'status': 'PENDING', 'description': "Apply software changes, triggered from PySys: [{'action': 'install', 'id': '5475369', 'name': 'asciijump', 'url': ' ', 'version': '::apt'}, {'action': 'install', 'id': '5474869', 'name': 'robotfindskitten', 'url': ' ', 'version': ' '}, {'action': 'install', 'id': '5475279', 'name': 'squirrel3', 'url': ' ', 'version': '3.1-8::apt'}, {'action': 'install', 'id': '5152439', 'name': 'rolldice', 'url': ' ', 'version': '1.16-1+b2'}, {'action': 'install', 'id': '5439204', 'name': 'moon-buggy', 'url': ' ', 'version': '1:1.0.51-13'}, {'action': 'install', 'id': '5475369', 'name': 'asciijump', 'url': ' ', 'version': '::apt'}]", 'c8y_SoftwareUpdate': [{'name': 'asciijump', 'action': 'install', 'id': '5475369', 'version': '::apt', 'url': ' '}, {'name': 'robotfindskitten', 'action': 'install', 'id': '5474869', 'version': ' ', 'url': ' '}, {'name': 'squirrel3', 'action': 'install', 'id': '5475279', 'version': '3.1-8::apt', 'url': ' '}, {'name': 'rolldice', 'action': 'install', 'id': '5152439', 'version': '1.16-1+b2', 'url': ' '}, {'name': 'moon-buggy', 'action': 'install', 'id': '5439204', 'version': '1:1.0.51-13', 'url': ' '}, {'name': 'asciijump', 'action': 'install', 'id': '5475369', 'version': '::apt', 'url': ' '}]}
20:19:59 INFO  State of operation 18751715 : PENDING
20:20:01 INFO  State of operation 18751715 : EXECUTING
20:20:03 INFO  State of operation 18751715 : EXECUTING
20:20:05 INFO  State of operation 18751715 : EXECUTING
20:20:07 INFO  State of operation 18751715 : EXECUTING
20:20:10 INFO  State of operation 18751715 : EXECUTING
20:20:12 INFO  State of operation 18751715 : EXECUTING
20:20:15 INFO  State of operation 18751715 : EXECUTING
20:20:17 INFO  State of operation 18751715 : EXECUTING
20:20:20 INFO  State of operation 18751715 : EXECUTING
20:20:22 INFO  State of operation 18751715 : EXECUTING
20:20:24 INFO  State of operation 18751715 : EXECUTING
20:20:27 INFO  State of operation 18751715 : EXECUTING
20:20:29 INFO  State of operation 18751715 : EXECUTING
20:20:31 INFO  State of operation 18751715 : EXECUTING
20:20:33 INFO  State of operation 18751715 : EXECUTING
20:20:36 INFO  State of operation 18751715 : EXECUTING
20:20:38 INFO  State of operation 18751715 : EXECUTING
20:20:40 INFO  State of operation 18751715 : EXECUTING
20:20:43 INFO  State of operation 18751715 : EXECUTING
20:20:45 INFO  State of operation 18751715 : EXECUTING
20:20:48 INFO  State of operation 18751715 : EXECUTING
20:20:50 INFO  State of operation 18751715 : EXECUTING
20:20:52 INFO  State of operation 18751715 : EXECUTING
20:20:54 INFO  State of operation 18751715 : EXECUTING
20:20:57 INFO  State of operation 18751715 : EXECUTING
20:20:59 INFO  State of operation 18751715 : EXECUTING
20:21:01 INFO  State of operation 18751715 : EXECUTING
20:21:04 INFO  State of operation 18751715 : EXECUTING
20:21:06 INFO  State of operation 18751715 : EXECUTING
20:21:08 INFO  State of operation 18751715 : EXECUTING
20:21:11 INFO  State of operation 18751715 : EXECUTING
20:21:13 INFO  State of operation 18751715 : EXECUTING
20:21:16 INFO  State of operation 18751715 : EXECUTING
20:21:18 INFO  State of operation 18751715 : EXECUTING
20:21:21 INFO  State of operation 18751715 : EXECUTING
20:21:23 INFO  State of operation 18751715 : EXECUTING
20:21:25 INFO  State of operation 18751715 : EXECUTING
20:21:27 INFO  State of operation 18751715 : EXECUTING
20:21:30 INFO  State of operation 18751715 : EXECUTING
20:21:32 INFO  State of operation 18751715 : EXECUTING
20:21:34 INFO  State of operation 18751715 : EXECUTING
20:21:36 INFO  State of operation 18751715 : EXECUTING
20:21:39 INFO  State of operation 18751715 : EXECUTING
20:21:41 INFO  State of operation 18751715 : EXECUTING
20:21:43 INFO  State of operation 18751715 : EXECUTING
20:21:46 INFO  State of operation 18751715 : EXECUTING
20:21:48 INFO  State of operation 18751715 : EXECUTING
20:21:51 INFO  State of operation 18751715 : EXECUTING
20:21:53 INFO  State of operation 18751715 : EXECUTING
20:21:55 INFO  State of operation 18751715 : EXECUTING
20:21:57 INFO  State of operation 18751715 : EXECUTING
20:22:00 INFO  State of operation 18751715 : EXECUTING
20:22:02 INFO  State of operation 18751715 : EXECUTING
20:22:04 INFO  State of operation 18751715 : EXECUTING
20:22:06 INFO  State of operation 18751715 : EXECUTING
20:22:09 INFO  State of operation 18751715 : EXECUTING
20:22:11 INFO  State of operation 18751715 : EXECUTING
20:22:14 INFO  State of operation 18751715 : EXECUTING
20:22:16 INFO  State of operation 18751715 : EXECUTING
20:22:19 INFO  State of operation 18751715 : EXECUTING
20:22:21 WARN  SystemError occurred while running test - Timeout while waiting for status SUCCESSFUL or False
Traceback (most recent call last):
  File "/home/pi/env-pysys/lib/python3.9/site-packages/pysys/baserunner.py", line 1294, in __call__
    self.testObj.execute()
  File "/home/pi/actions-runner/_work/thin-edge.io/thin-edge.io/tests/PySys/software_management_end_to_end/sm_apt_install_remove_multiple_mixed/run.py", line 89, in execute
    self.wait_until_succcess()
  File "/home/pi/actions-runner/_work/thin-edge.io/thin-edge.io/tests/PySys/software_management_end_to_end/environment_sm_management.py", line 324, in wait_until_succcess
    self.wait_until_status("SUCCESSFUL")
  File "/home/pi/actions-runner/_work/thin-edge.io/thin-edge.io/tests/PySys/software_management_end_to_end/environment_sm_management.py", line 380, in wait_until_status
    raise SystemError(
SystemError: Timeout while waiting for status SUCCESSFUL or False
20:22:21 WARN  SystemError: Timeout while waiting for status SUCCESSFUL or False ... blocked 
20:22:21 INFO  
20:22:21 INFO  cleanup:
20:22:29 INFO  Executed sudo&lt;tedge_disconnect_c8y&gt;, exit status 0
20:22:29 INFO  Executed systemctl&lt;serv_mapper5&gt;, exit status 3
20:22:29 INFO  
20:22:29 INFO  Test duration: 183.32 secs
20:22:29 INFO  Test final outcome:  BLOCKED
20:22:29 INFO  Test outcome reason: SystemError: Timeout while waiting for status SUCCESSFUL or False
20:22:29 INFO  
</system-out>
	</testcase>
<testcase classname="PySysTest" name="SoftwareManagement.sm_apt_install_remove_multiple_mixed">
		<failure message="BLOCKED: SystemError: Timeout while waiting for status SUCCESSFUL or False (+1 other failures)" type="BLOCKED" />
		<system-out>20:48:17 INFO  ==============================================================
20:48:17 INFO  Id:    SoftwareManagement.sm_apt_install_remove_multiple_mixed
20:48:17 INFO  Dir:   software_management_end_to_end/
20:48:17 INFO  Title: Validate end to end behaviour for the apt plugin for multiple packages with mixed versions
20:48:17 INFO  ==============================================================
20:48:17 INFO  Using sw id database: {'asciijump': '5475369', 'robotfindskitten': '5474869', 'squirrel3': '5475279', 'rolldice': '5152439', 'moon-buggy': '5439204', 'apple': '5495053', 'banana': '5494888', 'cherry': '5495382', 'watermelon': '5494510', 'registry': '8018911', 'hello-world': '8021526', 'docker/getting-started': '8021973', 'alpine': '7991792'}
20:48:17 INFO  EnvironmentC8y Setup
20:48:18 INFO  Executed systemctl&lt;serv_mapper1&gt;, exit status 3
20:48:18 INFO  Restarting mosquitto too frequently in the last 10 seconds. It was only up for 7 seconds
20:48:18 INFO  Delaying execution by 4 seconds
20:48:39 INFO  Executed sudo&lt;tedge_connect_c8y&gt;, exit status 0, duration 17 secs
20:48:40 INFO  Executed sudo&lt;tedge_connect_c8y_test&gt;, exit status 0
20:48:40 INFO  Executed systemctl&lt;serv_mosq2&gt;, exit status 0
20:48:41 INFO  Executed systemctl&lt;serv_mapper3&gt;, exit status 0
20:48:43 INFO  State of current operation: SUCCESSFUL
20:48:43 INFO  Assert that (False == value) with value=False ... passed
20:48:43 INFO  Assert that (False == value) with value=False ... passed
20:48:44 INFO  Assert that (False == value) with value=False ... passed
20:48:44 INFO  Assert that (False == value) with value=False ... passed
20:48:44 INFO  Package moon-buggy is installed
20:48:44 WARN  Assert that (False == value) with value=True ... failed 
20:48:46 INFO  Response status: 201
20:48:46 INFO  Response to action: {
    "creationTime": "2022-05-10T20:48:46.783Z",
    "deviceName": "m32sd11e",
    "deviceId": "18731567",
    "self": "https://t493319102.eu-latest.cumulocity.com/devicecontrol/operations/18751982",
    "id": "18751982",
    "status": "PENDING",
    "description": "Apply software changes, triggered from PySys: [{'action': 'install', 'id': '5475369', 'name': 'asciijump', 'url': ' ', 'version': '::apt'}, {'action': 'install', 'id': '5474869', 'name': 'robotfindskitten', 'url': ' ', 'version': ' '}, {'action': 'install', 'id': '5475279', 'name': 'squirrel3', 'url': ' ', 'version': '3.1-8::apt'}, {'action': 'install', 'id': '5152439', 'name': 'rolldice', 'url': ' ', 'version': '1.16-1+b2'}, {'action': 'install', 'id': '5439204', 'name': 'moon-buggy', 'url': ' ', 'version': '1:1.0.51-13'}, {'action': 'install', 'id': '5475369', 'name': 'asciijump', 'url': ' ', 'version': '::apt'}]",
    "c8y_SoftwareUpdate": [
        {
            "name": "asciijump",
            "action": "install",
            "id": "5475369",
            "version": "::apt",
            "url": " "
        },
        {
            "name": "robotfindskitten",
            "action": "install",
            "id": "5474869",
            "version": " ",
            "url": " "
        },
        {
            "name": "squirrel3",
            "action": "install",
            "id": "5475279",
            "version": "3.1-8::apt",
            "url": " "
        },
        {
            "name": "rolldice",
            "action": "install",
            "id": "5152439",
            "version": "1.16-1+b2",
            "url": " "
        },
        {
            "name": "moon-buggy",
            "action": "install",
            "id": "5439204",
            "version": "1:1.0.51-13",
            "url": " "
        },
        {
            "name": "asciijump",
            "action": "install",
            "id": "5475369",
            "version": "::apt",
            "url": " "
        }
    ]
}
20:48:46 INFO  Started operation: {'creationTime': '2022-05-10T20:48:46.783Z', 'deviceName': 'm32sd11e', 'deviceId': '18731567', 'self': 'https://t493319102.eu-latest.cumulocity.com/devicecontrol/operations/18751982', 'id': '18751982', 'status': 'PENDING', 'description': "Apply software changes, triggered from PySys: [{'action': 'install', 'id': '5475369', 'name': 'asciijump', 'url': ' ', 'version': '::apt'}, {'action': 'install', 'id': '5474869', 'name': 'robotfindskitten', 'url': ' ', 'version': ' '}, {'action': 'install', 'id': '5475279', 'name': 'squirrel3', 'url': ' ', 'version': '3.1-8::apt'}, {'action': 'install', 'id': '5152439', 'name': 'rolldice', 'url': ' ', 'version': '1.16-1+b2'}, {'action': 'install', 'id': '5439204', 'name': 'moon-buggy', 'url': ' ', 'version': '1:1.0.51-13'}, {'action': 'install', 'id': '5475369', 'name': 'asciijump', 'url': ' ', 'version': '::apt'}]", 'c8y_SoftwareUpdate': [{'name': 'asciijump', 'action': 'install', 'id': '5475369', 'version': '::apt', 'url': ' '}, {'name': 'robotfindskitten', 'action': 'install', 'id': '5474869', 'version': ' ', 'url': ' '}, {'name': 'squirrel3', 'action': 'install', 'id': '5475279', 'version': '3.1-8::apt', 'url': ' '}, {'name': 'rolldice', 'action': 'install', 'id': '5152439', 'version': '1.16-1+b2', 'url': ' '}, {'name': 'moon-buggy', 'action': 'install', 'id': '5439204', 'version': '1:1.0.51-13', 'url': ' '}, {'name': 'asciijump', 'action': 'install', 'id': '5475369', 'version': '::apt', 'url': ' '}]}
20:48:49 INFO  State of operation 18751982 : PENDING
20:48:51 INFO  State of operation 18751982 : EXECUTING
20:48:53 INFO  State of operation 18751982 : EXECUTING
20:48:55 INFO  State of operation 18751982 : EXECUTING
20:48:57 INFO  State of operation 18751982 : EXECUTING
20:49:00 INFO  State of operation 18751982 : EXECUTING
20:49:02 INFO  State of operation 18751982 : EXECUTING
20:49:05 INFO  State of operation 18751982 : EXECUTING
20:49:09 INFO  State of operation 18751982 : EXECUTING
20:49:11 INFO  State of operation 18751982 : EXECUTING
20:49:14 INFO  State of operation 18751982 : EXECUTING
20:49:16 INFO  State of operation 18751982 : EXECUTING
20:49:18 INFO  State of operation 18751982 : EXECUTING
20:49:20 INFO  State of operation 18751982 : EXECUTING
20:49:22 INFO  State of operation 18751982 : EXECUTING
20:49:25 INFO  State of operation 18751982 : EXECUTING
20:49:27 INFO  State of operation 18751982 : EXECUTING
20:49:29 INFO  State of operation 18751982 : EXECUTING
20:49:32 INFO  State of operation 18751982 : EXECUTING
20:49:34 INFO  State of operation 18751982 : EXECUTING
20:49:37 INFO  State of operation 18751982 : EXECUTING
20:49:39 INFO  State of operation 18751982 : EXECUTING
20:49:41 INFO  State of operation 18751982 : EXECUTING
20:49:43 INFO  State of operation 18751982 : EXECUTING
20:49:46 INFO  State of operation 18751982 : EXECUTING
20:49:48 INFO  State of operation 18751982 : EXECUTING
20:49:51 INFO  State of operation 18751982 : EXECUTING
20:49:53 INFO  State of operation 18751982 : EXECUTING
20:49:55 INFO  State of operation 18751982 : EXECUTING
20:49:58 INFO  State of operation 18751982 : EXECUTING
20:50:00 INFO  State of operation 18751982 : EXECUTING
20:50:03 INFO  State of operation 18751982 : EXECUTING
20:50:05 INFO  State of operation 18751982 : EXECUTING
20:50:07 INFO  State of operation 18751982 : EXECUTING
20:50:09 INFO  State of operation 18751982 : EXECUTING
20:50:12 INFO  State of operation 18751982 : EXECUTING
20:50:14 INFO  State of operation 18751982 : EXECUTING
20:50:16 INFO  State of operation 18751982 : EXECUTING
20:50:19 INFO  State of operation 18751982 : EXECUTING
20:50:21 INFO  State of operation 18751982 : EXECUTING
20:50:23 INFO  State of operation 18751982 : EXECUTING
20:50:25 INFO  State of operation 18751982 : EXECUTING
20:50:27 INFO  State of operation 18751982 : EXECUTING
20:50:30 INFO  State of operation 18751982 : EXECUTING
20:50:33 INFO  State of operation 18751982 : EXECUTING
20:50:35 INFO  State of operation 18751982 : EXECUTING
20:50:38 INFO  State of operation 18751982 : EXECUTING
20:50:45 INFO  State of operation 18751982 : EXECUTING
20:50:47 INFO  State of operation 18751982 : EXECUTING
20:50:49 INFO  State of operation 18751982 : EXECUTING
20:50:52 INFO  State of operation 18751982 : EXECUTING
20:50:54 INFO  State of operation 18751982 : EXECUTING
20:50:56 INFO  State of operation 18751982 : EXECUTING
20:50:59 INFO  State of operation 18751982 : EXECUTING
20:51:01 INFO  State of operation 18751982 : EXECUTING
20:51:03 INFO  State of operation 18751982 : EXECUTING
20:51:06 INFO  State of operation 18751982 : EXECUTING
20:51:08 INFO  State of operation 18751982 : EXECUTING
20:51:10 INFO  State of operation 18751982 : EXECUTING
20:51:12 INFO  State of operation 18751982 : EXECUTING
20:51:15 INFO  State of operation 18751982 : EXECUTING
20:51:17 WARN  SystemError occurred while running test - Timeout while waiting for status SUCCESSFUL or False
Traceback (most recent call last):
  File "/home/pi/env-pysys/lib/python3.9/site-packages/pysys/baserunner.py", line 1294, in __call__
    self.testObj.execute()
  File "/home/pi/actions-runner/_work/thin-edge.io/thin-edge.io/tests/PySys/software_management_end_to_end/sm_apt_install_remove_multiple_mixed/run.py", line 89, in execute
    self.wait_until_succcess()
  File "/home/pi/actions-runner/_work/thin-edge.io/thin-edge.io/tests/PySys/software_management_end_to_end/environment_sm_management.py", line 324, in wait_until_succcess
    self.wait_until_status("SUCCESSFUL")
  File "/home/pi/actions-runner/_work/thin-edge.io/thin-edge.io/tests/PySys/software_management_end_to_end/environment_sm_management.py", line 380, in wait_until_status
    raise SystemError(
SystemError: Timeout while waiting for status SUCCESSFUL or False
20:51:18 WARN  SystemError: Timeout while waiting for status SUCCESSFUL or False ... blocked 
20:51:18 INFO  
20:51:18 INFO  cleanup:
20:51:24 INFO  Executed sudo&lt;tedge_disconnect_c8y&gt;, exit status 0
20:51:25 INFO  Executed systemctl&lt;serv_mapper5&gt;, exit status 3
20:51:25 INFO  
20:51:25 INFO  Test duration: 188.32 secs
20:51:25 INFO  Test final outcome:  BLOCKED
20:51:25 INFO  Test outcome reason: SystemError: Timeout while waiting for status SUCCESSFUL or False (+1 other failures)
20:51:25 INFO  
</system-out>
	</testcase>
</testsuite><testsuite name="SoftwareManagement.sm_apt_install_remove_with_version" tests="3" errors="0" failures="0" skipped="1" time="0"><testcase classname="PySysTest" name="SoftwareManagement.sm_apt_install_remove_with_version">
		<skipped message="SKIPPED: Testing the apt plugin is not supported on this platform.Use parameter -XmyPlatform='container' to enable it" />
		<system-out>19:39:18 INFO  ==============================================================
19:39:18 INFO  Id:    SoftwareManagement.sm_apt_install_remove_with_version
19:39:18 INFO  Dir:   software_management_end_to_end/
19:39:18 INFO  Title: Validate end to end behaviour for the apt plugin for packages with version
19:39:18 INFO  ==============================================================
19:39:18 INFO  Testing the apt plugin is not supported on this platform.Use parameter -XmyPlatform='container' to enable it ... skipped
19:39:18 WARN  Aborted test due to SKIPPED outcome
19:39:18 INFO  
19:39:18 INFO  Test duration: 0.06 secs
19:39:18 INFO  Test final outcome:  SKIPPED
19:39:18 INFO  Test outcome reason: Testing the apt plugin is not supported on this platform.Use parameter -XmyPlatform='container' to enable it
19:39:18 INFO  
</system-out>
	</testcase>
<testcase classname="PySysTest" name="SoftwareManagement.sm_apt_install_remove_with_version" />
<testcase classname="PySysTest" name="SoftwareManagement.sm_apt_install_remove_with_version" />
</testsuite><testsuite name="SoftwareManagement.sm_docker_install_remove_multiple" tests="3" errors="0" failures="0" skipped="1" time="0"><testcase classname="SMDockerInstallRemove" name="SoftwareManagement.sm_docker_install_remove_multiple">
		<skipped message="SKIPPED: Testing the apt plugin is not supported on this platform.Use parameter -XmyPlatform='container' to enable it" />
		<system-out>19:39:18 INFO  ==============================================================
19:39:18 INFO  Id:    SoftwareManagement.sm_docker_install_remove_multiple
19:39:18 INFO  Dir:   software_management_end_to_end/
19:39:18 INFO  Title: Validate end to end behaviour for the docker plugin for multiple docker images with mixed versions
19:39:18 INFO  ==============================================================
19:39:18 INFO  Testing the apt plugin is not supported on this platform.Use parameter -XmyPlatform='container' to enable it ... skipped
19:39:18 WARN  Aborted test due to SKIPPED outcome
19:39:18 INFO  
19:39:18 INFO  Test duration: 0.04 secs
19:39:18 INFO  Test final outcome:  SKIPPED
19:39:18 INFO  Test outcome reason: Testing the apt plugin is not supported on this platform.Use parameter -XmyPlatform='container' to enable it
19:39:18 INFO  
</system-out>
	</testcase>
<testcase classname="SMDockerInstallRemove" name="SoftwareManagement.sm_docker_install_remove_multiple" />
<testcase classname="SMDockerInstallRemove" name="SoftwareManagement.sm_docker_install_remove_multiple" />
</testsuite><testsuite name="SoftwareManagement.sm_fake_install_remove" tests="2" errors="0" failures="0" skipped="1" time="0"><testcase classname="PySysTest" name="SoftwareManagement.sm_fake_install_remove">
		<skipped message="SKIPPED: Testing the fake plugin is not enabled.Use parameter -Xfakeplugin=fakeplugin to enable it" />
		<system-out>19:39:18 INFO  ==============================================================
19:39:18 INFO  Id:    SoftwareManagement.sm_fake_install_remove
19:39:18 INFO  Dir:   software_management_end_to_end/
19:39:18 INFO  Title: Validate end to end behaviour for the dummy plugin for installation and removal of packages
19:39:18 INFO  ==============================================================
19:39:18 INFO  Testing the fake plugin is not enabled.Use parameter -Xfakeplugin=fakeplugin to enable it ... skipped
19:39:18 WARN  Aborted test due to SKIPPED outcome
19:39:18 INFO  
19:39:18 INFO  Test duration: 0.03 secs
19:39:18 INFO  Test final outcome:  SKIPPED
19:39:18 INFO  Test outcome reason: Testing the fake plugin is not enabled.Use parameter -Xfakeplugin=fakeplugin to enable it
19:39:18 INFO  
</system-out>
	</testcase>
<testcase classname="PySysTest" name="SoftwareManagement.sm_fake_install_remove" />
</testsuite><testsuite name="SoftwareManagement.sm_fake_install_remove_multiple" tests="2" errors="0" failures="0" skipped="1" time="0"><testcase classname="PySysTest" name="SoftwareManagement.sm_fake_install_remove_multiple">
		<skipped message="SKIPPED: Testing the fake plugin is not enabled.Use parameter -Xfakeplugin=fakeplugin to enable it" />
		<system-out>19:39:18 INFO  ==============================================================
19:39:18 INFO  Id:    SoftwareManagement.sm_fake_install_remove_multiple
19:39:18 INFO  Dir:   software_management_end_to_end/
19:39:18 INFO  Title: Validate end to end behaviour for the dummy-plugin for multiple packages
19:39:18 INFO  ==============================================================
19:39:18 INFO  Testing the fake plugin is not enabled.Use parameter -Xfakeplugin=fakeplugin to enable it ... skipped
19:39:18 WARN  Aborted test due to SKIPPED outcome
19:39:18 INFO  
19:39:18 INFO  Test duration: 0.03 secs
19:39:18 INFO  Test final outcome:  SKIPPED
19:39:18 INFO  Test outcome reason: Testing the fake plugin is not enabled.Use parameter -Xfakeplugin=fakeplugin to enable it
19:39:18 INFO  
</system-out>
	</testcase>
<testcase classname="PySysTest" name="SoftwareManagement.sm_fake_install_remove_multiple" />
</testsuite><testsuite name="SoftwareManagement.sm_mapper_fail_and_reconnect" tests="2" errors="0" failures="0" skipped="2" time="0"><testcase classname="MapperC8yReceiveLastMessageOnRestart" name="SoftwareManagement.sm_mapper_fail_and_reconnect">
		<skipped message="SKIPPED: instable https://github.com/thin-edge/thin-edge.io/issues/752" />
		<system-out>19:39:18 INFO  ==============================================================
19:39:18 INFO  Id:    SoftwareManagement.sm_mapper_fail_and_reconnect
19:39:18 INFO  Dir:   software_management_end_to_end/
19:39:18 INFO  Title: Validate the tedge-mapper-sm-c8y for receiving the last message on restart
19:39:18 INFO  ==============================================================
19:39:18 INFO  instable https://github.com/thin-edge/thin-edge.io/issues/752 ... skipped
19:39:18 INFO  
19:39:18 INFO  Test duration: 0.03 secs
19:39:18 INFO  Test final outcome:  SKIPPED
19:39:18 INFO  Test outcome reason: instable https://github.com/thin-edge/thin-edge.io/issues/752
19:39:18 INFO  
</system-out>
	</testcase>
<testcase classname="MapperC8yReceiveLastMessageOnRestart" name="SoftwareManagement.sm_mapper_fail_and_reconnect">
		<skipped message="SKIPPED: instable https://github.com/thin-edge/thin-edge.io/issues/752" />
		<system-out>20:59:06 INFO  ==============================================================
20:59:06 INFO  Id:    SoftwareManagement.sm_mapper_fail_and_reconnect
20:59:06 INFO  Dir:   software_management_end_to_end/
20:59:06 INFO  Title: Validate the tedge-mapper-sm-c8y for receiving the last message on restart
20:59:06 INFO  ==============================================================
20:59:06 INFO  instable https://github.com/thin-edge/thin-edge.io/issues/752 ... skipped
20:59:06 INFO  
20:59:06 INFO  Test duration: 0.05 secs
20:59:06 INFO  Test final outcome:  SKIPPED
20:59:06 INFO  Test outcome reason: instable https://github.com/thin-edge/thin-edge.io/issues/752
20:59:06 INFO  
</system-out>
	</testcase>
</testsuite><testsuite name="SoftwareManagement.sm_mixed_install_remove_multiple" tests="2" errors="0" failures="1" skipped="1" time="0"><testcase classname="PySysTest" name="SoftwareManagement.sm_mixed_install_remove_multiple">
		<skipped message="SKIPPED: Testing the fake plugin is not enabled.Use parameter -Xfakeplugin=fakeplugin to enable it" />
		<system-out>19:39:18 INFO  ==============================================================
19:39:18 INFO  Id:    SoftwareManagement.sm_mixed_install_remove_multiple
19:39:18 INFO  Dir:   software_management_end_to_end/
19:39:18 INFO  Title: Validate end to end behaviour for the dummy-plugin for multiple packages with mixed versions
19:39:18 INFO  ==============================================================
19:39:18 INFO  Testing the fake plugin is not enabled.Use parameter -Xfakeplugin=fakeplugin to enable it ... skipped
19:39:18 WARN  Aborted test due to SKIPPED outcome
19:39:18 INFO  
19:39:18 INFO  Test duration: 0.03 secs
19:39:18 INFO  Test final outcome:  SKIPPED
19:39:18 INFO  Test outcome reason: Testing the fake plugin is not enabled.Use parameter -Xfakeplugin=fakeplugin to enable it
19:39:18 INFO  
</system-out>
	</testcase>
<testcase classname="PySysTest" name="SoftwareManagement.sm_mixed_install_remove_multiple">
		<failure message="FAILED: Assert that (False == value) with value=True" type="FAILED" />
		<system-out>20:59:06 INFO  ==============================================================
20:59:06 INFO  Id:    SoftwareManagement.sm_mixed_install_remove_multiple
20:59:06 INFO  Dir:   software_management_end_to_end/
20:59:06 INFO  Title: Validate end to end behaviour for the dummy-plugin for multiple packages with mixed versions
20:59:06 INFO  ==============================================================
20:59:06 INFO  Using sw id database: {'asciijump': '5475369', 'robotfindskitten': '5474869', 'squirrel3': '5475279', 'rolldice': '5152439', 'moon-buggy': '5439204', 'apple': '5495053', 'banana': '5494888', 'cherry': '5495382', 'watermelon': '5494510', 'registry': '8018911', 'hello-world': '8021526', 'docker/getting-started': '8021973', 'alpine': '7991792'}
20:59:06 INFO  EnvironmentC8y Setup
20:59:06 INFO  Executed systemctl&lt;serv_mapper1&gt;, exit status 3
20:59:06 INFO  Restarting mosquitto too frequently in the last 10 seconds. It was only up for 5 seconds
20:59:06 INFO  Delaying execution by 6 seconds
20:59:30 INFO  Executed sudo&lt;tedge_connect_c8y&gt;, exit status 0, duration 17 secs
20:59:31 INFO  Executed sudo&lt;tedge_connect_c8y_test&gt;, exit status 0
20:59:31 INFO  Executed systemctl&lt;serv_mosq2&gt;, exit status 0
20:59:32 INFO  Executed systemctl&lt;serv_mapper3&gt;, exit status 0
20:59:34 INFO  State of current operation: SUCCESSFUL
20:59:34 INFO  Package apple is installed
20:59:34 INFO  Assert that (True == value) with value=True ... passed
20:59:34 INFO  Package banana is installed
20:59:34 INFO  Assert that (True == value) with value=True ... passed
20:59:35 INFO  Package cherry is installed
20:59:35 INFO  Assert that (True == value) with value=True ... passed
20:59:35 INFO  Package asciijump is installed
20:59:35 WARN  Assert that (False == value) with value=True ... failed 
20:59:35 INFO  Assert that (False == value) with value=False ... passed
20:59:35 INFO  Response status: 201
20:59:35 INFO  Response to action: {
    "creationTime": "2022-05-10T20:59:35.756Z",
    "deviceName": "m32sd11e",
    "deviceId": "18731567",
    "self": "https://t493319102.eu-latest.cumulocity.com/devicecontrol/operations/18782332",
    "id": "18782332",
    "status": "PENDING",
    "description": "Apply software changes, triggered from PySys: [{'action': 'install', 'id': '5495053', 'name': 'apple', 'url': ' ', 'version': '::fruits'}, {'action': 'install', 'id': '5494888', 'name': 'banana', 'url': ' ', 'version': '::fruits'}, {'action': 'install', 'id': '5475369', 'name': 'asciijump', 'url': ' ', 'version': '::apt'}, {'action': 'install', 'id': '5495382', 'name': 'cherry', 'url': ' ', 'version': '::fruits'}, {'action': 'install', 'id': '8018911', 'name': 'registry', 'url': ' ', 'version': '::docker'}]",
    "c8y_SoftwareUpdate": [
        {
            "name": "apple",
            "action": "install",
            "id": "5495053",
            "version": "::fruits",
            "url": " "
        },
        {
            "name": "banana",
            "action": "install",
            "id": "5494888",
            "version": "::fruits",
            "url": " "
        },
        {
            "name": "asciijump",
            "action": "install",
            "id": "5475369",
            "version": "::apt",
            "url": " "
        },
        {
            "name": "cherry",
            "action": "install",
            "id": "5495382",
            "version": "::fruits",
            "url": " "
        },
        {
            "name": "registry",
            "action": "install",
            "id": "8018911",
            "version": "::docker",
            "url": " "
        }
    ]
}
20:59:35 INFO  Started operation: {'creationTime': '2022-05-10T20:59:35.756Z', 'deviceName': 'm32sd11e', 'deviceId': '18731567', 'self': 'https://t493319102.eu-latest.cumulocity.com/devicecontrol/operations/18782332', 'id': '18782332', 'status': 'PENDING', 'description': "Apply software changes, triggered from PySys: [{'action': 'install', 'id': '5495053', 'name': 'apple', 'url': ' ', 'version': '::fruits'}, {'action': 'install', 'id': '5494888', 'name': 'banana', 'url': ' ', 'version': '::fruits'}, {'action': 'install', 'id': '5475369', 'name': 'asciijump', 'url': ' ', 'version': '::apt'}, {'action': 'install', 'id': '5495382', 'name': 'cherry', 'url': ' ', 'version': '::fruits'}, {'action': 'install', 'id': '8018911', 'name': 'registry', 'url': ' ', 'version': '::docker'}]", 'c8y_SoftwareUpdate': [{'name': 'apple', 'action': 'install', 'id': '5495053', 'version': '::fruits', 'url': ' '}, {'name': 'banana', 'action': 'install', 'id': '5494888', 'version': '::fruits', 'url': ' '}, {'name': 'asciijump', 'action': 'install', 'id': '5475369', 'version': '::apt', 'url': ' '}, {'name': 'cherry', 'action': 'install', 'id': '5495382', 'version': '::fruits', 'url': ' '}, {'name': 'registry', 'action': 'install', 'id': '8018911', 'version': '::docker', 'url': ' '}]}
20:59:38 INFO  State of operation 18782332 : PENDING
20:59:40 INFO  State of operation 18782332 : EXECUTING
20:59:42 INFO  State of operation 18782332 : EXECUTING
20:59:44 INFO  State of operation 18782332 : EXECUTING
20:59:46 INFO  State of operation 18782332 : EXECUTING
20:59:49 INFO  State of operation 18782332 : EXECUTING
20:59:51 INFO  State of operation 18782332 : EXECUTING
20:59:54 INFO  State of operation 18782332 : EXECUTING
20:59:56 INFO  State of operation 18782332 : EXECUTING
20:59:59 INFO  State of operation 18782332 : EXECUTING
21:00:01 INFO  State of operation 18782332 : EXECUTING
21:00:03 INFO  State of operation 18782332 : EXECUTING
21:00:06 INFO  State of operation 18782332 : EXECUTING
21:00:08 INFO  State of operation 18782332 : EXECUTING
21:00:10 INFO  State of operation 18782332 : EXECUTING
21:00:12 INFO  State of operation 18782332 : EXECUTING
21:00:15 INFO  State of operation 18782332 : EXECUTING
21:00:17 INFO  State of operation 18782332 : EXECUTING
21:00:19 INFO  State of operation 18782332 : EXECUTING
21:00:21 INFO  State of operation 18782332 : EXECUTING
21:00:24 INFO  State of operation 18782332 : EXECUTING
21:00:26 INFO  State of operation 18782332 : EXECUTING
21:00:28 INFO  State of operation 18782332 : EXECUTING
21:00:30 INFO  State of operation 18782332 : EXECUTING
21:00:33 INFO  State of operation 18782332 : EXECUTING
21:00:35 INFO  State of operation 18782332 : EXECUTING
21:00:38 INFO  State of operation 18782332 : EXECUTING
21:00:40 INFO  State of operation 18782332 : EXECUTING
21:00:42 INFO  State of operation 18782332 : EXECUTING
21:00:45 INFO  State of operation 18782332 : SUCCESSFUL
21:00:45 INFO  Package apple is installed
21:00:45 INFO  Assert that (True == value) with value=True ... passed
21:00:45 INFO  Package banana is installed
21:00:45 INFO  Assert that (True == value) with value=True ... passed
21:00:45 INFO  Package cherry is installed
21:00:45 INFO  Assert that (True == value) with value=True ... passed
21:00:46 INFO  Package asciijump is installed
21:00:46 INFO  Assert that (True == value) with value=True ... passed
21:00:46 INFO  Package registry is installed
21:00:46 INFO  Assert that (True == value) with value=True ... passed
21:00:46 INFO  Response status: 201
21:00:46 INFO  Response to action: {
    "creationTime": "2022-05-10T21:00:46.617Z",
    "deviceName": "m32sd11e",
    "deviceId": "18731567",
    "self": "https://t493319102.eu-latest.cumulocity.com/devicecontrol/operations/18782336",
    "id": "18782336",
    "status": "PENDING",
    "description": "Apply software changes, triggered from PySys: [{'action': 'delete', 'id': '5495053', 'name': 'apple', 'url': ' ', 'version': '::fruits'}, {'action': 'delete', 'id': '5494888', 'name': 'banana', 'url': ' ', 'version': '::fruits'}, {'action': 'delete', 'id': '5475369', 'name': 'asciijump', 'url': ' ', 'version': '::apt'}, {'action': 'delete', 'id': '5495382', 'name': 'cherry', 'url': ' ', 'version': '::fruits'}, {'action': 'delete', 'id': '8018911', 'name': 'registry', 'url': ' ', 'version': '::docker'}]",
    "c8y_SoftwareUpdate": [
        {
            "name": "apple",
            "action": "delete",
            "id": "5495053",
            "version": "::fruits",
            "url": " "
        },
        {
            "name": "banana",
            "action": "delete",
            "id": "5494888",
            "version": "::fruits",
            "url": " "
        },
        {
            "name": "asciijump",
            "action": "delete",
            "id": "5475369",
            "version": "::apt",
            "url": " "
        },
        {
            "name": "cherry",
            "action": "delete",
            "id": "5495382",
            "version": "::fruits",
            "url": " "
        },
        {
            "name": "registry",
            "action": "delete",
            "id": "8018911",
            "version": "::docker",
            "url": " "
        }
    ]
}
21:00:46 INFO  Started operation: {'creationTime': '2022-05-10T21:00:46.617Z', 'deviceName': 'm32sd11e', 'deviceId': '18731567', 'self': 'https://t493319102.eu-latest.cumulocity.com/devicecontrol/operations/18782336', 'id': '18782336', 'status': 'PENDING', 'description': "Apply software changes, triggered from PySys: [{'action': 'delete', 'id': '5495053', 'name': 'apple', 'url': ' ', 'version': '::fruits'}, {'action': 'delete', 'id': '5494888', 'name': 'banana', 'url': ' ', 'version': '::fruits'}, {'action': 'delete', 'id': '5475369', 'name': 'asciijump', 'url': ' ', 'version': '::apt'}, {'action': 'delete', 'id': '5495382', 'name': 'cherry', 'url': ' ', 'version': '::fruits'}, {'action': 'delete', 'id': '8018911', 'name': 'registry', 'url': ' ', 'version': '::docker'}]", 'c8y_SoftwareUpdate': [{'name': 'apple', 'action': 'delete', 'id': '5495053', 'version': '::fruits', 'url': ' '}, {'name': 'banana', 'action': 'delete', 'id': '5494888', 'version': '::fruits', 'url': ' '}, {'name': 'asciijump', 'action': 'delete', 'id': '5475369', 'version': '::apt', 'url': ' '}, {'name': 'cherry', 'action': 'delete', 'id': '5495382', 'version': '::fruits', 'url': ' '}, {'name': 'registry', 'action': 'delete', 'id': '8018911', 'version': '::docker', 'url': ' '}]}
21:00:48 INFO  State of operation 18782336 : PENDING
21:00:51 INFO  State of operation 18782336 : EXECUTING
21:00:53 INFO  State of operation 18782336 : EXECUTING
21:00:55 INFO  State of operation 18782336 : EXECUTING
21:00:57 INFO  State of operation 18782336 : EXECUTING
21:01:00 INFO  State of operation 18782336 : EXECUTING
21:01:02 INFO  State of operation 18782336 : EXECUTING
21:01:05 INFO  State of operation 18782336 : EXECUTING
21:01:07 INFO  State of operation 18782336 : EXECUTING
21:01:09 INFO  State of operation 18782336 : EXECUTING
21:01:12 INFO  State of operation 18782336 : EXECUTING
21:01:14 INFO  State of operation 18782336 : EXECUTING
21:01:17 INFO  State of operation 18782336 : EXECUTING
21:01:19 INFO  State of operation 18782336 : EXECUTING
21:01:21 INFO  State of operation 18782336 : EXECUTING
21:01:23 INFO  State of operation 18782336 : EXECUTING
21:01:26 INFO  State of operation 18782336 : EXECUTING
21:01:28 INFO  State of operation 18782336 : EXECUTING
21:01:30 INFO  State of operation 18782336 : EXECUTING
21:01:33 INFO  State of operation 18782336 : EXECUTING
21:01:35 INFO  State of operation 18782336 : EXECUTING
21:01:38 INFO  State of operation 18782336 : EXECUTING
21:01:40 INFO  State of operation 18782336 : EXECUTING
21:01:42 INFO  State of operation 18782336 : EXECUTING
21:01:45 INFO  State of operation 18782336 : EXECUTING
21:01:47 INFO  State of operation 18782336 : EXECUTING
21:01:49 INFO  State of operation 18782336 : EXECUTING
21:01:52 INFO  State of operation 18782336 : EXECUTING
21:01:54 INFO  State of operation 18782336 : EXECUTING
21:01:57 INFO  State of operation 18782336 : EXECUTING
21:01:59 INFO  State of operation 18782336 : EXECUTING
21:02:01 INFO  State of operation 18782336 : EXECUTING
21:02:04 INFO  State of operation 18782336 : EXECUTING
21:02:06 INFO  State of operation 18782336 : EXECUTING
21:02:08 INFO  State of operation 18782336 : SUCCESSFUL
21:02:08 INFO  Package apple is installed
21:02:08 INFO  Assert that (True == value) with value=True ... passed
21:02:08 INFO  Package banana is installed
21:02:08 INFO  Assert that (True == value) with value=True ... passed
21:02:09 INFO  Package cherry is installed
21:02:09 INFO  Assert that (True == value) with value=True ... passed
21:02:09 INFO  Assert that (False == value) with value=False ... passed
21:02:09 INFO  Assert that (False == value) with value=False ... passed
21:02:09 INFO  
21:02:09 INFO  cleanup:
21:02:15 INFO  Executed sudo&lt;tedge_disconnect_c8y&gt;, exit status 0
21:02:16 INFO  Executed systemctl&lt;serv_mapper5&gt;, exit status 3
21:02:16 INFO  
21:02:16 INFO  Test duration: 190.18 secs
21:02:16 INFO  Test final outcome:  FAILED
21:02:16 INFO  Test outcome reason: Assert that (False == value) with value=True
21:02:16 INFO  
</system-out>
	</testcase>
</testsuite><testsuite name="agent_init_session" tests="1" errors="0" failures="1" skipped="0" time="0"><testcase classname="AgentInitSession" name="agent_init_session">
		<failure message="FAILED: Grep on sub_resp.out contains &quot;Ld3KgqpcLDlrYH6sfpG7w&quot;" type="FAILED" />
		<system-out>19:40:18 INFO  ==============================================================
19:40:18 INFO  Id:    agent_init_session
19:40:18 INFO  Dir:   tedge_agent/
19:40:18 INFO  Title: Validate tedge agent init session feature
19:40:18 INFO  ==============================================================
19:40:18 INFO  Executed sudo&lt;remove_lock&gt;, exit status 0
19:40:19 INFO  Executed sudo&lt;agent_clear&gt;, exit status 0
19:40:20 INFO  Executed sudo&lt;agent_init&gt;, exit status 0
19:40:20 INFO  Executed sudo&lt;pub_req&gt;, exit status 0
[...]
</system-out>
	</testcase>
<testcase classname="DockerPluginInstallWithVersionTest" name="docker_plugin_install_with_version" />
</testsuite><testsuite name="docker_plugin_remove" tests="2" errors="0" failures="0" skipped="1" time="0"><testcase classname="DockerPluginRemoveTest" name="docker_plugin_remove">
		<skipped message="SKIPPED: Testing the docker plugin is not supported on this platform.To run it, all the test with -XmyPlatform='container'" />
		<system-out>19:28:59 INFO  ==============================================================
19:28:59 INFO  Id:    docker_plugin_remove
19:28:59 INFO  Dir:   plugin_docker/
19:28:59 INFO  Title: Validate docker plugin remove
19:28:59 INFO  ==============================================================
19:28:59 INFO  Testing the docker plugin is not supported on this platform.To run it, all the test with -XmyPlatform='container' ... skipped
19:28:59 WARN  Aborted test due to SKIPPED outcome
19:28:59 INFO  
19:28:59 INFO  Test duration: 0.02 secs
19:28:59 INFO  Test final outcome:  SKIPPED
19:28:59 INFO  Test outcome reason: Testing the docker plugin is not supported on this platform.To run it, all the test with -XmyPlatform='container'
19:28:59 INFO  
</system-out>
	</testcase>
<testcase classname="DockerPluginRemoveTest" name="docker_plugin_remove" />
</testsuite><testsuite name="docker_plugin_remove_with_version" tests="2" errors="0" failures="0" skipped="1" time="0"><testcase classname="DockerPluginRemoveWithVersionTest" name="docker_plugin_remove_with_version">
		<skipped message="SKIPPED: Testing the docker plugin is not supported on this platform.To run it, all the test with -XmyPlatform='container'" />
		<system-out>19:28:59 INFO  ==============================================================
19:28:59 INFO  Id:    docker_plugin_remove_with_version
19:28:59 INFO  Dir:   plugin_docker/
19:28:59 INFO  Title: Validate docker plugin remove with version
19:28:59 INFO  ==============================================================
19:28:59 INFO  Testing the docker plugin is not supported on this platform.To run it, all the test with -XmyPlatform='container' ... skipped
19:28:59 WARN  Aborted test due to SKIPPED outcome
19:28:59 INFO  
19:28:59 INFO  Test duration: 0.02 secs
19:28:59 INFO  Test final outcome:  SKIPPED
19:28:59 INFO  Test outcome reason: Testing the docker plugin is not supported on this platform.To run it, all the test with -XmyPlatform='container'
19:28:59 INFO  
</system-out>
	</testcase>
<testcase classname="DockerPluginRemoveWithVersionTest" name="docker_plugin_remove_with_version" />
</testsuite><testsuite name="docker_plugin_update" tests="2" errors="0" failures="0" skipped="1" time="0"><testcase classname="DockerPluginUpdateTest" name="docker_plugin_update">
		<skipped message="SKIPPED: Testing the docker plugin is not supported on this platform.To run it, all the test with -XmyPlatform='container'" />
		<system-out>19:28:59 INFO  ==============================================================
19:28:59 INFO  Id:    docker_plugin_update
19:28:59 INFO  Dir:   plugin_docker/
19:28:59 INFO  Title: Validate docker plugin install updates existing containers
19:28:59 INFO  ==============================================================
19:28:59 INFO  Testing the docker plugin is not supported on this platform.To run it, all the test with -XmyPlatform='container' ... skipped
19:28:59 WARN  Aborted test due to SKIPPED outcome
19:28:59 INFO  
19:28:59 INFO  Test duration: 0.02 secs
19:28:59 INFO  Test final outcome:  SKIPPED
19:28:59 INFO  Test outcome reason: Testing the docker plugin is not supported on this platform.To run it, all the test with -XmyPlatform='container'
19:28:59 INFO  
</system-out>
	</testcase>
<testcase classname="DockerPluginUpdateTest" name="docker_plugin_update" />
</testsuite><testsuite name="invalid_device_id" tests="1" errors="0" failures="0" skipped="0" time="0"><testcase classname="InvalidDeviceId" name="invalid_device_id" />
</testsuite><testsuite name="local_mqtt_pub_fail_noqos" tests="1" errors="0" failures="0" skipped="0" time="0"><testcase classname="PySysTest" name="local_mqtt_pub_fail_noqos" />
</testsuite><testsuite name="local_mqtt_pub_fail_qos0" tests="1" errors="0" failures="0" skipped="0" time="0"><testcase classname="PySysTest" name="local_mqtt_pub_fail_qos0" />
</testsuite><testsuite name="local_mqtt_pub_fail_qos1" tests="1" errors="0" failures="0" skipped="0" time="0"><testcase classname="PySysTest" name="local_mqtt_pub_fail_qos1" />
</testsuite><testsuite name="local_mqtt_pub_fail_qos2" tests="1" errors="0" failures="0" skipped="0" time="0"><testcase classname="PySysTest" name="local_mqtt_pub_fail_qos2" />
</testsuite><testsuite name="local_mqtt_pub_sub" tests="1" errors="0" failures="0" skipped="0" time="0"><testcase classname="PySysTest" name="local_mqtt_pub_sub" />
</testsuite><testsuite name="local_mqtt_pub_sub_retain" tests="1" errors="0" failures="0" skipped="0" time="0"><testcase classname="MqttPublishWithRetain" name="local_mqtt_pub_sub_retain" />
</testsuite><testsuite name="local_mqtt_pub_sub_with_sudo" tests="1" errors="0" failures="0" skipped="0" time="0"><testcase classname="PySysTest" name="local_mqtt_pub_sub_with_sudo" />
</testsuite><testsuite name="local_mqtt_sub_fail" tests="1" errors="0" failures="0" skipped="0" time="0"><testcase classname="PySysTest" name="local_mqtt_sub_fail" />
</testsuite><testsuite name="log_request_error_messages" tests="1" errors="0" failures="0" skipped="1" time="0"><testcase classname="LogRequestVerifySearchTextError" name="log_request_error_messages">
		<skipped message="SKIPPED: Test execution disabled due to #1123" />
		<system-out>19:27:13 INFO  ==============================================================
19:27:13 INFO  Id:    log_request_error_messages
19:27:13 INFO  Dir:   log_request_end_to_end/
19:27:13 INFO  Title: Validate end to end behaviour for the log request operation check for error messages
19:27:13 INFO  ==============================================================
19:27:15 INFO  Test execution disabled due to #1123 ... skipped
19:27:15 INFO  
19:27:15 INFO  Test duration: 1.33 secs
19:27:15 INFO  Test final outcome:  SKIPPED
19:27:15 INFO  Test outcome reason: Test execution disabled due to #1123
19:27:15 INFO  
</system-out>
	</testcase>
</testsuite><testsuite name="log_request_num_lines" tests="1" errors="0" failures="0" skipped="1" time="0"><testcase classname="LogRequestVerifyNumberOfLines" name="log_request_num_lines">
		<skipped message="SKIPPED: Test execution disabled due to #1123" />
		<system-out>19:27:15 INFO  ==============================================================
19:27:15 INFO  Id:    log_request_num_lines
19:27:15 INFO  Dir:   log_request_end_to_end/
19:27:15 INFO  Title: Validate end to end behaviour for the log request operation check for number of lines
19:27:15 INFO  ==============================================================
19:27:15 INFO  Test execution disabled due to #1123 ... skipped
19:27:15 INFO  
19:27:15 INFO  Test duration: 0.02 secs
19:27:15 INFO  Test final outcome:  SKIPPED
19:27:15 INFO  Test outcome reason: Test execution disabled due to #1123
19:27:15 INFO  
</system-out>
	</testcase>
</testsuite><testsuite name="mapper_awaits_before_reconnect" tests="1" errors="0" failures="0" skipped="0" time="0"><testcase classname="MapperReconnectAwait" name="mapper_awaits_before_reconnect" />
</testsuite><testsuite name="monitoring_smaller_interval" tests="1" errors="0" failures="0" skipped="1" time="0"><testcase classname="MonitoringSmallInterval" name="monitoring_smaller_interval">
		<skipped message="SKIPPED: Fails due to retained message" />
		<system-out>19:28:53 INFO  ==============================================================
19:28:53 INFO  Id:    monitoring_smaller_interval
19:28:53 INFO  Dir:   monitoring/
19:28:53 INFO  Title: Validate the tedge dm agent messages that are produced with smaller sampling interval than the batching window. Here the simulated collectd messages are used
19:28:53 INFO  ==============================================================
19:28:53 INFO  Fails due to retained message ... skipped
19:28:53 INFO  
19:28:53 INFO  Test duration: 0.02 secs
19:28:53 INFO  Test final outcome:  SKIPPED
19:28:53 INFO  Test outcome reason: Fails due to retained message
19:28:53 INFO  
</system-out>
	</testcase>
</testsuite><testsuite name="monitoring_with_collectd" tests="1" errors="0" failures="0" skipped="1" time="0"><testcase classname="MonitoringWithCollectd" name="monitoring_with_collectd">
		<skipped message="SKIPPED: Test execution disabled due to #792 (instable)" />
		<system-out>19:28:54 INFO  ==============================================================
19:28:54 INFO  Id:    monitoring_with_collectd
19:28:54 INFO  Dir:   monitoring/
19:28:54 INFO  Title: Validate tedge dm agent messages that are produced by batching the collectd messages
19:28:54 INFO  ==============================================================
19:28:54 INFO  Test execution disabled due to #792 (instable) ... skipped
19:28:54 INFO  
19:28:54 INFO  Test duration: 0.02 secs
19:28:54 INFO  Test final outcome:  SKIPPED
19:28:54 INFO  Test outcome reason: Test execution disabled due to #792 (instable)
19:28:54 INFO  
</system-out>
	</testcase>
</testsuite><testsuite name="monitoring_with_simulated_messages" tests="1" errors="0" failures="0" skipped="1" time="0"><testcase classname="MonitoringWithSimulatedMessages" name="monitoring_with_simulated_messages">
		<skipped message="SKIPPED: Fails due to retained message" />
		<system-out>19:28:54 INFO  ==============================================================
19:28:54 INFO  Id:    monitoring_with_simulated_messages
19:28:54 INFO  Dir:   monitoring/
19:28:54 INFO  Title: Validate the tedge dm agent messages that are produced from the simulated collectd messages
19:28:54 INFO  ==============================================================
19:28:54 INFO  Fails due to retained message ... skipped
19:28:54 INFO  
19:28:54 INFO  Test duration: 0.02 secs
19:28:54 INFO  Test final outcome:  SKIPPED
19:28:54 INFO  Test outcome reason: Fails due to retained message
19:28:54 INFO  
</system-out>
	</testcase>
</testsuite><testsuite name="mqtt_port_change_connection_fails" tests="1" errors="0" failures="0" skipped="0" time="0"><testcase classname="MqttPortChangeConnectionFails" name="mqtt_port_change_connection_fails" />
</testsuite><testsuite name="mqtt_port_change_connection_works" tests="1" errors="0" failures="0" skipped="1" time="0"><testcase classname="MqttPortChangeConnectionWorks" name="mqtt_port_change_connection_works">
		<skipped message="SKIPPED: failing intermitently" />
		<system-out>19:27:50 INFO  ==============================================================
19:27:50 INFO  Id:    mqtt_port_change_connection_works
19:27:50 INFO  Dir:   misc_features/
19:27:50 INFO  Title: mqtt port change connection works for all the thin-edge services that use the mosquitto broker
19:27:50 INFO  ==============================================================
19:27:50 INFO  failing intermitently ... skipped
19:27:50 INFO  
19:27:50 INFO  Test duration: 0.02 secs
19:27:50 INFO  Test final outcome:  SKIPPED
19:27:50 INFO  Test outcome reason: failing intermitently
19:27:50 INFO  
</system-out>
	</testcase>
</testsuite><testsuite name="mqtt_port_set" tests="1" errors="0" failures="0" skipped="0" time="0"><testcase classname="MqttPortSet" name="mqtt_port_set" />
</testsuite><testsuite name="mqtt_port_unset" tests="1" errors="0" failures="0" skipped="0" time="0"><testcase classname="MqttPortUnSet" name="mqtt_port_unset" />
</testsuite><testsuite name="publish_flux" tests="1" errors="0" failures="0" skipped="0" time="0"><testcase classname="PublishFlux" name="publish_flux" />
</testsuite><testsuite name="publish_sawmill" tests="1" errors="0" failures="0" skipped="0" time="0"><testcase classname="PublishSawmill" name="publish_sawmill" />
</testsuite><testsuite name="pysys_block" tests="1" errors="0" failures="0" skipped="1" time="0"><testcase classname="Fail" name="pysys_block">
		<skipped message="SKIPPED: Enable this to observe a blocking test" />
		<system-out>19:28:17 INFO  ==============================================================
19:28:17 INFO  Id:    pysys_block
19:28:17 INFO  Dir:   misc_features/
19:28:17 INFO  Title: fail
19:28:17 INFO  ==============================================================
19:28:17 INFO  Enable this to observe a blocking test ... skipped
19:28:17 INFO  
19:28:17 INFO  Test duration: 0.02 secs
19:28:17 INFO  Test final outcome:  SKIPPED
19:28:17 INFO  Test outcome reason: Enable this to observe a blocking test
19:28:17 INFO  
</system-out>
	</testcase>
</testsuite><testsuite name="pysys_fail" tests="1" errors="0" failures="0" skipped="1" time="0"><testcase classname="Fail" name="pysys_fail">
		<skipped message="SKIPPED: Enable this to observe a failing test" />
		<system-out>19:28:17 INFO  ==============================================================
19:28:17 INFO  Id:    pysys_fail
19:28:17 INFO  Dir:   misc_features/
19:28:17 INFO  Title: fail
19:28:17 INFO  ==============================================================
19:28:17 INFO  Enable this to observe a failing test ... skipped
19:28:17 INFO  
19:28:17 INFO  Test duration: 0.01 secs
19:28:17 INFO  Test final outcome:  SKIPPED
19:28:17 INFO  Test outcome reason: Enable this to observe a failing test
19:28:17 INFO  
</system-out>
	</testcase>
</testsuite><testsuite name="runtime_start_two_mappers" tests="1" errors="0" failures="0" skipped="1" time="0"><testcase classname="RuntimeMultiMappers" name="runtime_start_two_mappers">
		<skipped message="SKIPPED: Test execution disabled due to #1124" />
		<system-out>19:43:24 INFO  ==============================================================
19:43:24 INFO  Id:    runtime_start_two_mappers
19:43:24 INFO  Dir:   tedge_mapper_c8y/
19:43:24 INFO  Title: Validate two mappers can't be started at the same time
19:43:24 INFO  ==============================================================
19:43:24 INFO  Test execution disabled due to #1124 ... skipped
19:43:24 INFO  
19:43:24 INFO  Test duration: 0.02 secs
19:43:24 INFO  Test final outcome:  SKIPPED
19:43:24 INFO  Test outcome reason: Test execution disabled due to #1124
19:43:24 INFO  
</system-out>
	</testcase>
</testsuite><testsuite name="sm_tedge_mapper_init_session" tests="1" errors="0" failures="0" skipped="0" time="0"><testcase classname="TedgeSMMapperInitSession" name="sm_tedge_mapper_init_session" />
</testsuite><testsuite name="smoketest_json" tests="1" errors="0" failures="0" skipped="0" time="0"><testcase classname="SmokeTestJson" name="smoketest_json" />
</testsuite><testsuite name="smoketest_json_400_samples_10ms" tests="1" errors="0" failures="0" skipped="0" time="0"><testcase classname="SmoketestJson400Samples10ms" name="smoketest_json_400_samples_10ms" />
</testsuite><testsuite name="smoketest_json_400_samples_20ms" tests="1" errors="0" failures="0" skipped="0" time="0"><testcase classname="SmoketestJson400Samples20ms" name="smoketest_json_400_samples_20ms" />
</testsuite><testsuite name="smoketest_smartrest" tests="1" errors="0" failures="0" skipped="0" time="0"><testcase classname="SmoketestSmartRest" name="smoketest_smartrest" />
</testsuite><testsuite name="smoketest_smartrest_200_samples_1Xms" tests="1" errors="0" failures="0" skipped="0" time="0"><testcase classname="SmoketestSmartRest200Samples1Xms" name="smoketest_smartrest_200_samples_1Xms" />
</testsuite><testsuite name="smoketest_smartrest_200_samples_20ms" tests="1" errors="0" failures="0" skipped="0" time="0"><testcase classname="SmoketestSmartRest200Samples20ms" name="smoketest_smartrest_200_samples_20ms" />
</testsuite><testsuite name="tedge_agent_user_sudo_access" tests="1" errors="0" failures="0" skipped="1" time="0"><testcase classname="TedgeAgentUserSudoAccess" name="tedge_agent_user_sudo_access">
		<skipped message="SKIPPED: #955 Observation: Exit code of the apt plugin when called with no arguments" />
		<system-out>19:39:46 INFO  ==============================================================
19:39:46 INFO  Id:    tedge_agent_user_sudo_access
19:39:46 INFO  Dir:   tedge/
19:39:46 INFO  Title: Validate tedge-agent user has a limited sudo right
19:39:46 INFO  ==============================================================
19:39:46 INFO  #955 Observation: Exit code of the apt plugin when called with no arguments ... skipped
19:39:46 INFO  
19:39:46 INFO  Test duration: 0.02 secs
19:39:46 INFO  Test final outcome:  SKIPPED
19:39:46 INFO  Test outcome reason: #955 Observation: Exit code of the apt plugin when called with no arguments
19:39:46 INFO  
</system-out>
	</testcase>
</testsuite><testsuite name="tedge_connect_test_negative" tests="1" errors="0" failures="0" skipped="0" time="0"><testcase classname="TedgeConnectTestNegative" name="tedge_connect_test_negative" />
</testsuite><testsuite name="tedge_connect_test_positive" tests="1" errors="0" failures="0" skipped="0" time="0"><testcase classname="TedgeConnectTestPositive" name="tedge_connect_test_positive" />
</testsuite><testsuite name="tedge_connect_test_sm_services" tests="1" errors="0" failures="0" skipped="0" time="0"><testcase classname="TedgeConnectTestSMServices" name="tedge_connect_test_sm_services" />
</testsuite><testsuite name="tedge_disconnect_test_sm_services" tests="1" errors="0" failures="0" skipped="0" time="0"><testcase classname="TedgeDisConnectTestSMServices" name="tedge_disconnect_test_sm_services" />
</testsuite><testsuite name="tedge_mapper_az_negative" tests="1" errors="0" failures="0" skipped="0" time="0"><testcase classname="TedgeMapperAzError" name="tedge_mapper_az_negative" />
</testsuite><testsuite name="tedge_mapper_az_with_timestamp" tests="1" errors="0" failures="0" skipped="0" time="0"><testcase classname="TedgeMapperAzWithTimestamp" name="tedge_mapper_az_with_timestamp" />
</testsuite><testsuite name="tedge_mapper_az_without_timestamp" tests="1" errors="0" failures="0" skipped="0" time="0"><testcase classname="TedgeMapperAzWithoutTimestamp" name="tedge_mapper_az_without_timestamp" />
</testsuite><testsuite name="tedge_mapper_c8y_alarms" tests="1" errors="0" failures="0" skipped="0" time="0"><testcase classname="TedgeMapperC8yAlarm" name="tedge_mapper_c8y_alarms" />
</testsuite><testsuite name="tedge_mapper_c8y_child_device_measurement" tests="1" errors="0" failures="0" skipped="1" time="0"><testcase classname="TedgeMapperC8yChildDevice" name="tedge_mapper_c8y_child_device_measurement">
		<skipped message="SKIPPED: Test execution disabled due to #1088" />
		<system-out>19:44:45 INFO  ==============================================================
19:44:45 INFO  Id:    tedge_mapper_c8y_child_device_measurement
19:44:45 INFO  Dir:   tedge_mapper_c8y/
19:44:45 INFO  Title: Validate that measurements sent to tedge/measurements/child topic gets mapped as the child device's measurement in Cumulocity
19:44:45 INFO  ==============================================================
19:44:45 INFO  Test execution disabled due to #1088 ... skipped
19:44:45 INFO  
19:44:45 INFO  Test duration: 0.05 secs
19:44:45 INFO  Test final outcome:  SKIPPED
19:44:45 INFO  Test outcome reason: Test execution disabled due to #1088
19:44:45 INFO  
</system-out>
	</testcase>
</testsuite><testsuite name="tedge_mapper_c8y_packet_threshold_size" tests="1" errors="0" failures="0" skipped="0" time="0"><testcase classname="TedgeMapperC8yThresholdPacketSize" name="tedge_mapper_c8y_packet_threshold_size" />
</testsuite><testsuite name="tedge_software_update" tests="1" errors="0" failures="0" skipped="0" time="0"><testcase classname="PySysTest" name="tedge_software_update" />
</testsuite><testsuite name="valid_device_id" tests="1" errors="0" failures="0" skipped="0" time="0"><testcase classname="ValidateValidDeviceId" name="valid_device_id" />
</testsuite></testsuites>