<?xml version='1.0' encoding='utf-8'?>
<testsuites tests="149" failures="7" errors="0" skipped="55" time="0.0"><testsuite name="SoftwareManagement.Plugin.apama_plugin_install" tests="3" errors="0" failures="0" skipped="1" time="0"><testcase classname="ApamaPluginInstallTest" name="SoftwareManagement.Plugin.apama_plugin_install">
		<skipped message="SKIPPED: Apama plugin tests are disabled by default. Execute `pysys run` with `-XmyPlatform=container` to run these tests" />
		<system-out>13:10:10 INFO  ==============================================================
13:10:10 INFO  Id:    SoftwareManagement.Plugin.apama_plugin_install
13:10:10 INFO  Dir:   plugin_apama/
13:10:10 INFO  Title: Validate apama plugin install
13:10:10 INFO  ==============================================================
13:10:10 INFO  Apama plugin tests are disabled by default. Execute `pysys run` with `-XmyPlatform=container` to run these tests ... skipped
13:10:10 WARN  Aborted test due to SKIPPED outcome
13:10:10 INFO  
13:10:10 INFO  Test duration: 0.04 secs
13:10:10 INFO  Test final outcome:  SKIPPED
13:10:10 INFO  Test outcome reason: Apama plugin tests are disabled by default. Execute `pysys run` with `-XmyPlatform=container` to run these tests
13:10:10 INFO  
</system-out>
	</testcase>
<testcase classname="ApamaPluginInstallTest" name="SoftwareManagement.Plugin.apama_plugin_install" />
<testcase classname="ApamaPluginInstallTest" name="SoftwareManagement.Plugin.apama_plugin_install" />
</testsuite><testsuite name="SoftwareManagement.Plugin.apama_plugin_mon_support" tests="3" errors="0" failures="0" skipped="1" time="0"><testcase classname="ApamaPluginMonSupportTest" name="SoftwareManagement.Plugin.apama_plugin_mon_support">
		<skipped message="SKIPPED: Apama plugin tests are disabled by default. Execute `pysys run` with `-XmyPlatform=container` to run these tests" />
		<system-out>13:10:10 INFO  ==============================================================
13:10:10 INFO  Id:    SoftwareManagement.Plugin.apama_plugin_mon_support
13:10:10 INFO  Dir:   plugin_apama/
13:10:10 INFO  Title: Validate mon file support of apama plugin
13:10:10 INFO  ==============================================================
13:10:10 INFO  Apama plugin tests are disabled by default. Execute `pysys run` with `-XmyPlatform=container` to run these tests ... skipped
13:10:10 WARN  Aborted test due to SKIPPED outcome
13:10:10 INFO  
13:10:10 INFO  Test duration: 0.02 secs
13:10:10 INFO  Test final outcome:  SKIPPED
13:10:10 INFO  Test outcome reason: Apama plugin tests are disabled by default. Execute `pysys run` with `-XmyPlatform=container` to run these tests
13:10:10 INFO  
</system-out>
	</testcase>
<testcase classname="ApamaPluginMonSupportTest" name="SoftwareManagement.Plugin.apama_plugin_mon_support" />
<testcase classname="ApamaPluginMonSupportTest" name="SoftwareManagement.Plugin.apama_plugin_mon_support" />
</testsuite><testsuite name="SoftwareManagement.Plugin.apama_plugin_remove" tests="3" errors="0" failures="0" skipped="1" time="0"><testcase classname="ApamaPluginRemoveTest" name="SoftwareManagement.Plugin.apama_plugin_remove">
		<skipped message="SKIPPED: Apama plugin tests are disabled by default. Execute `pysys run` with `-XmyPlatform=container` to run these tests" />
		<system-out>13:10:10 INFO  ==============================================================
13:10:10 INFO  Id:    SoftwareManagement.Plugin.apama_plugin_remove
13:10:10 INFO  Dir:   plugin_apama/
13:10:10 INFO  Title: Validate apama plugin remove
13:10:10 INFO  ==============================================================
13:10:10 INFO  Apama plugin tests are disabled by default. Execute `pysys run` with `-XmyPlatform=container` to run these tests ... skipped
13:10:10 WARN  Aborted test due to SKIPPED outcome
13:10:10 INFO  
13:10:10 INFO  Test duration: 0.02 secs
13:10:10 INFO  Test final outcome:  SKIPPED
13:10:10 INFO  Test outcome reason: Apama plugin tests are disabled by default. Execute `pysys run` with `-XmyPlatform=container` to run these tests
13:10:10 INFO  
</system-out>
	</testcase>
<testcase classname="ApamaPluginRemoveTest" name="SoftwareManagement.Plugin.apama_plugin_remove" />
<testcase classname="ApamaPluginRemoveTest" name="SoftwareManagement.Plugin.apama_plugin_remove" />
</testsuite><testsuite name="SoftwareManagement.Plugin.apama_plugin_update" tests="3" errors="0" failures="0" skipped="3" time="0"><testcase classname="ApamaPluginUpdateTest" name="SoftwareManagement.Plugin.apama_plugin_update">
		<skipped message="SKIPPED: Test execution disabled due to #1052" />
		<system-out>13:10:10 INFO  ==============================================================
13:10:10 INFO  Id:    SoftwareManagement.Plugin.apama_plugin_update
13:10:10 INFO  Dir:   plugin_apama/
13:10:10 INFO  Title: Validate apama plugin updating one project with another
13:10:10 INFO  ==============================================================
13:10:10 INFO  Test execution disabled due to #1052 ... skipped
13:10:10 INFO  
13:10:10 INFO  Test duration: 0.02 secs
13:10:10 INFO  Test final outcome:  SKIPPED
13:10:10 INFO  Test outcome reason: Test execution disabled due to #1052
13:10:10 INFO  
</system-out>
	</testcase>
<testcase classname="ApamaPluginUpdateTest" name="SoftwareManagement.Plugin.apama_plugin_update">
		<skipped message="SKIPPED: Test execution disabled due to #1052" />
		<system-out>14:02:21 INFO  ==============================================================
14:02:21 INFO  Id:    SoftwareManagement.Plugin.apama_plugin_update
14:02:21 INFO  Dir:   plugin_apama/
14:02:21 INFO  Title: Validate apama plugin updating one project with another
14:02:21 INFO  ==============================================================
14:02:21 INFO  Test execution disabled due to #1052 ... skipped
14:02:21 INFO  
14:02:21 INFO  Test duration: 0.02 secs
14:02:21 INFO  Test final outcome:  SKIPPED
14:02:21 INFO  Test outcome reason: Test execution disabled due to #1052
14:02:21 INFO  
</system-out>
	</testcase>
<testcase classname="ApamaPluginUpdateTest" name="SoftwareManagement.Plugin.apama_plugin_update">
		<skipped message="SKIPPED: Test execution disabled due to #1052" />
		<system-out>14:10:56 INFO  ==============================================================
14:10:56 INFO  Id:    SoftwareManagement.Plugin.apama_plugin_update
14:10:56 INFO  Dir:   plugin_apama/
14:10:56 INFO  Title: Validate apama plugin updating one project with another
14:10:56 INFO  ==============================================================
14:10:56 INFO  Test execution disabled due to #1052 ... skipped
14:10:56 INFO  
14:10:56 INFO  Test duration: 0.02 secs
14:10:56 INFO  Test final outcome:  SKIPPED
14:10:56 INFO  Test outcome reason: Test execution disabled due to #1052
14:10:56 INFO  
</system-out>
	</testcase>
</testsuite><testsuite name="SoftwareManagement.sm_apt_install_download_path" tests="3" errors="0" failures="2" skipped="1" time="0"><testcase classname="AptInstallWithDownloadPath" name="SoftwareManagement.sm_apt_install_download_path">
		<skipped message="SKIPPED: Testing the apt plugin is not supported on this platform.Use parameter -XmyPlatform='container' to enable it" />
		<system-out>13:19:53 INFO  ==============================================================
13:19:53 INFO  Id:    SoftwareManagement.sm_apt_install_download_path
13:19:53 INFO  Dir:   software_management_end_to_end/
13:19:53 INFO  Title: Install package to directory specified in tedge config set tmp.path
13:19:53 INFO  ==============================================================
13:19:53 INFO  Testing the apt plugin is not supported on this platform.Use parameter -XmyPlatform='container' to enable it ... skipped
13:19:53 WARN  Aborted test due to SKIPPED outcome
13:19:53 INFO  
13:19:53 INFO  Test duration: 0.07 secs
13:19:53 INFO  Test final outcome:  SKIPPED
13:19:53 INFO  Test outcome reason: Testing the apt plugin is not supported on this platform.Use parameter -XmyPlatform='container' to enable it
13:19:53 INFO  
</system-out>
	</testcase>
<testcase classname="AptInstallWithDownloadPath" name="SoftwareManagement.sm_apt_install_download_path">
		<failure message="BLOCKED: AssertionError:" type="BLOCKED" />
		<system-out>13:43:57 INFO  ==============================================================
13:43:57 INFO  Id:    SoftwareManagement.sm_apt_install_download_path
13:43:57 INFO  Dir:   software_management_end_to_end/
13:43:57 INFO  Title: Install package to directory specified in tedge config set tmp.path
13:43:57 INFO  ==============================================================
13:43:57 INFO  Using sw id database: {'asciijump': '5475369', 'robotfindskitten': '5474869', 'squirrel3': '5475279', 'rolldice': '5152439', 'moon-buggy': '5439204', 'apple': '5495053', 'banana': '5494888', 'cherry': '5495382', 'watermelon': '5494510', 'registry': '8018911', 'hello-world': '8021526', 'docker/getting-started': '8021973', 'alpine': '7991792'}
13:43:57 INFO  EnvironmentC8y Setup
13:43:58 INFO  Executed systemctl&lt;serv_mapper1&gt;, exit status 3
13:44:12 INFO  Executed sudo&lt;tedge_connect_c8y&gt;, exit status 0, duration 14 secs
13:44:14 INFO  Executed sudo&lt;tedge_connect_c8y_test&gt;, exit status 0
13:44:15 INFO  Executed systemctl&lt;serv_mosq2&gt;, exit status 0
13:44:16 INFO  Executed systemctl&lt;serv_mapper3&gt;, exit status 0
13:44:18 ERROR No operations found, assuming it passed
13:44:18 INFO  Assert that (False == value) with value=False ... passed
13:44:19 INFO  Executed sudo, exit status 0
13:44:19 INFO  Executed sudo, exit status 0
13:44:20 INFO  Executed sudo, exit status 0
13:44:24 INFO  Executed sudo&lt;tedge_disconnect_c8y&gt;, exit status 0
13:44:24 INFO  Restarting mosquitto too frequently in the last 10 seconds. It was only up for 3 seconds
13:44:24 INFO  Delaying execution by 8 seconds
13:44:46 INFO  Executed sudo&lt;tedge_connect_c8y&gt;, exit status 0, duration 13 secs
13:44:46 INFO  Response status: 201
13:44:46 INFO  Response to action: {
    "creationTime": "2022-05-10T13:44:46.883Z",
    "deviceName": "mythicc",
    "deviceId": "18674246",
    "self": "https://t493319102.eu-latest.cumulocity.com/devicecontrol/operations/18685346",
    "id": "18685346",
    "status": "PENDING",
    "description": "Apply software changes, triggered from PySys: [{'name': 'rolldice', 'id': '5152439', 'version': '::apt', 'url': 'https://thin-edge-io.eu-latest.cumulocity.com/inventory/binaries/12435463', 'action': 'install'}]",
    "c8y_SoftwareUpdate": [
        {
            "name": "rolldice",
            "action": "install",
            "id": "5152439",
            "version": "::apt",
            "url": "https://thin-edge-io.eu-latest.cumulocity.com/inventory/binaries/12435463"
        }
    ]
}
13:44:46 INFO  Started operation: {'creationTime': '2022-05-10T13:44:46.883Z', 'deviceName': 'mythicc', 'deviceId': '18674246', 'self': 'https://t493319102.eu-latest.cumulocity.com/devicecontrol/operations/18685346', 'id': '18685346', 'status': 'PENDING', 'description': "Apply software changes, triggered from PySys: [{'name': 'rolldice', 'id': '5152439', 'version': '::apt', 'url': 'https://thin-edge-io.eu-latest.cumulocity.com/inventory/binaries/12435463', 'action': 'install'}]", 'c8y_SoftwareUpdate': [{'name': 'rolldice', 'action': 'install', 'id': '5152439', 'version': '::apt', 'url': 'https://thin-edge-io.eu-latest.cumulocity.com/inventory/binaries/12435463'}]}
13:44:46 WARN  , retrying in 0.5 seconds...
13:44:47 WARN  , retrying in 0.5 seconds...
13:44:47 WARN  , retrying in 0.5 seconds...
13:44:48 WARN  , retrying in 0.5 seconds...
13:44:48 WARN  , retrying in 0.5 seconds...
13:44:49 WARN  , retrying in 0.5 seconds...
13:44:49 WARN  , retrying in 0.5 seconds...
13:44:50 WARN  , retrying in 0.5 seconds...
13:44:50 WARN  , retrying in 0.5 seconds...
13:44:51 WARN  AssertionError occurred while running test - 
Traceback (most recent call last):
  File "/home/pi/env-pysys/lib/python3.7/site-packages/pysys/baserunner.py", line 1294, in __call__
    self.testObj.execute()
  File "/home/pi/actions-runner/_work/thin-edge.io/thin-edge.io/tests/PySys/software_management_end_to_end/sm_apt_install_download_path/run.py", line 83, in execute
    assert_install_in_download_path(install_directory=self.DOWNLOAD_DIR)
  File "/home/pi/env-pysys/lib/python3.7/site-packages/decorator.py", line 232, in fun
    return caller(func, *(extras + args), **kw)
  File "/home/pi/env-pysys/lib/python3.7/site-packages/retry/api.py", line 74, in retry_decorator
    logger)
  File "/home/pi/env-pysys/lib/python3.7/site-packages/retry/api.py", line 33, in __retry_internal
    return f()
  File "/home/pi/actions-runner/_work/thin-edge.io/thin-edge.io/tests/PySys/software_management_end_to_end/sm_apt_install_download_path/run.py", line 28, in assert_install_in_download_path
    assert "rolldice" in os.listdir(f"{install_directory}")
AssertionError
13:44:52 WARN  AssertionError: ... blocked 
13:44:52 INFO  
13:44:52 INFO  cleanup:
13:44:52 INFO  Executed sudo, exit status 0
13:44:53 INFO  Executed sudo, exit status 0
13:44:57 INFO  Executed sudo&lt;tedge_disconnect_c8y&gt;, exit status 0
13:44:57 INFO  Restarting mosquitto too frequently in the last 10 seconds. It was only up for 3 seconds
13:44:57 INFO  Delaying execution by 8 seconds
13:45:19 INFO  Executed sudo&lt;tedge_connect_c8y&gt;, exit status 0, duration 14 secs
13:45:24 INFO  Executed sudo&lt;tedge_disconnect_c8y&gt;, exit status 0
13:45:24 INFO  Executed systemctl&lt;serv_mapper5&gt;, exit status 3
13:45:24 INFO  
13:45:24 INFO  Test duration: 87.43 secs
13:45:24 INFO  Test final outcome:  BLOCKED
13:45:24 INFO  Test outcome reason: AssertionError:
13:45:24 INFO  
</system-out>
	</testcase>
<testcase classname="AptInstallWithDownloadPath" name="SoftwareManagement.sm_apt_install_download_path">
		<failure message="BLOCKED: AssertionError:" type="BLOCKED" />
		<system-out>14:10:56 INFO  ==============================================================
14:10:56 INFO  Id:    SoftwareManagement.sm_apt_install_download_path
14:10:56 INFO  Dir:   software_management_end_to_end/
14:10:56 INFO  Title: Install package to directory specified in tedge config set tmp.path
14:10:56 INFO  ==============================================================
14:10:57 INFO  Using sw id database: {'asciijump': '5475369', 'robotfindskitten': '5474869', 'squirrel3': '5475279', 'rolldice': '5152439', 'moon-buggy': '5439204', 'apple': '5495053', 'banana': '5494888', 'cherry': '5495382', 'watermelon': '5494510', 'registry': '8018911', 'hello-world': '8021526', 'docker/getting-started': '8021973', 'alpine': '7991792'}
14:10:57 INFO  EnvironmentC8y Setup
14:10:58 INFO  Executed systemctl&lt;serv_mapper1&gt;, exit status 3
14:11:12 INFO  Executed sudo&lt;tedge_connect_c8y&gt;, exit status 0, duration 14 secs
14:11:13 INFO  Executed sudo&lt;tedge_connect_c8y_test&gt;, exit status 0
14:11:13 INFO  Executed systemctl&lt;serv_mosq2&gt;, exit status 0
14:11:14 INFO  Executed systemctl&lt;serv_mapper3&gt;, exit status 0
14:11:16 INFO  State of current operation: SUCCESSFUL
14:11:16 INFO  Assert that (False == value) with value=False ... passed
14:11:17 INFO  Executed sudo, exit status 0
14:11:17 INFO  Executed sudo, exit status 0
14:11:18 INFO  Executed sudo, exit status 0
14:11:22 INFO  Executed sudo&lt;tedge_disconnect_c8y&gt;, exit status 0
14:11:22 INFO  Restarting mosquitto too frequently in the last 10 seconds. It was only up for 3 seconds
14:11:22 INFO  Delaying execution by 8 seconds
14:11:44 INFO  Executed sudo&lt;tedge_connect_c8y&gt;, exit status 0, duration 13 secs
14:11:44 INFO  Response status: 201
14:11:44 INFO  Response to action: {
    "creationTime": "2022-05-10T14:11:44.336Z",
    "deviceName": "mythicc",
    "deviceId": "18674246",
    "self": "https://t493319102.eu-latest.cumulocity.com/devicecontrol/operations/18685587",
    "id": "18685587",
    "status": "PENDING",
    "description": "Apply software changes, triggered from PySys: [{'name': 'rolldice', 'id': '5152439', 'version': '::apt', 'url': 'https://thin-edge-io.eu-latest.cumulocity.com/inventory/binaries/12435463', 'action': 'install'}]",
    "c8y_SoftwareUpdate": [
        {
            "name": "rolldice",
            "action": "install",
            "id": "5152439",
            "version": "::apt",
            "url": "https://thin-edge-io.eu-latest.cumulocity.com/inventory/binaries/12435463"
        }
    ]
}
14:11:44 INFO  Started operation: {'creationTime': '2022-05-10T14:11:44.336Z', 'deviceName': 'mythicc', 'deviceId': '18674246', 'self': 'https://t493319102.eu-latest.cumulocity.com/devicecontrol/operations/18685587', 'id': '18685587', 'status': 'PENDING', 'description': "Apply software changes, triggered from PySys: [{'name': 'rolldice', 'id': '5152439', 'version': '::apt', 'url': 'https://thin-edge-io.eu-latest.cumulocity.com/inventory/binaries/12435463', 'action': 'install'}]", 'c8y_SoftwareUpdate': [{'name': 'rolldice', 'action': 'install', 'id': '5152439', 'version': '::apt', 'url': 'https://thin-edge-io.eu-latest.cumulocity.com/inventory/binaries/12435463'}]}
14:11:44 WARN  , retrying in 0.5 seconds...
14:11:44 WARN  , retrying in 0.5 seconds...
14:11:45 WARN  , retrying in 0.5 seconds...
14:11:45 WARN  , retrying in 0.5 seconds...
14:11:46 WARN  , retrying in 0.5 seconds...
14:11:46 WARN  , retrying in 0.5 seconds...
14:11:47 WARN  , retrying in 0.5 seconds...
14:11:47 WARN  , retrying in 0.5 seconds...
14:11:48 WARN  , retrying in 0.5 seconds...
14:11:48 WARN  AssertionError occurred while running test - 
Traceback (most recent call last):
  File "/home/pi/env-pysys/lib/python3.7/site-packages/pysys/baserunner.py", line 1294, in __call__
    self.testObj.execute()
  File "/home/pi/actions-runner/_work/thin-edge.io/thin-edge.io/tests/PySys/software_management_end_to_end/sm_apt_install_download_path/run.py", line 83, in execute
    assert_install_in_download_path(install_directory=self.DOWNLOAD_DIR)
  File "/home/pi/env-pysys/lib/python3.7/site-packages/decorator.py", line 232, in fun
    return caller(func, *(extras + args), **kw)
  File "/home/pi/env-pysys/lib/python3.7/site-packages/retry/api.py", line 74, in retry_decorator
    logger)
  File "/home/pi/env-pysys/lib/python3.7/site-packages/retry/api.py", line 33, in __retry_internal
    return f()
  File "/home/pi/actions-runner/_work/thin-edge.io/thin-edge.io/tests/PySys/software_management_end_to_end/sm_apt_install_download_path/run.py", line 28, in assert_install_in_download_path
    assert "rolldice" in os.listdir(f"{install_directory}")
AssertionError
14:11:49 WARN  AssertionError: ... blocked 
14:11:49 INFO  
14:11:49 INFO  cleanup:
14:11:49 INFO  Executed sudo, exit status 0
14:11:50 INFO  Executed sudo, exit status 0
14:11:55 INFO  Executed sudo&lt;tedge_disconnect_c8y&gt;, exit status 0
14:11:55 INFO  Restarting mosquitto too frequently in the last 10 seconds. It was only up for 4 seconds
14:11:55 INFO  Delaying execution by 7 seconds
14:12:16 INFO  Executed sudo&lt;tedge_connect_c8y&gt;, exit status 0, duration 14 secs
14:12:20 INFO  Executed sudo&lt;tedge_disconnect_c8y&gt;, exit status 0
14:12:21 INFO  Executed systemctl&lt;serv_mapper5&gt;, exit status 3
14:12:21 INFO  
14:12:21 INFO  Test duration: 85.15 secs
14:12:21 INFO  Test final outcome:  BLOCKED
14:12:21 INFO  Test outcome reason: AssertionError:
14:12:21 INFO  
</system-out>
	</testcase>
</testsuite><testsuite name="SoftwareManagement.sm_apt_install_fail" tests="3" errors="0" failures="0" skipped="1" time="0"><testcase classname="PySysTest" name="SoftwareManagement.sm_apt_install_fail">
		<skipped message="SKIPPED: Testing the apt plugin is not supported on this platform.Use parameter -XmyPlatform='container' to enable it" />
		<system-out>13:19:53 INFO  ==============================================================
13:19:53 INFO  Id:    SoftwareManagement.sm_apt_install_fail
13:19:53 INFO  Dir:   software_management_end_to_end/
13:19:53 INFO  Title: Validate end to end behaviour for a failing installation
13:19:53 INFO  ==============================================================
13:19:53 INFO  Testing the apt plugin is not supported on this platform.Use parameter -XmyPlatform='container' to enable it ... skipped
13:19:53 WARN  Aborted test due to SKIPPED outcome
13:19:53 INFO  
13:19:53 INFO  Test duration: 0.02 secs
13:19:53 INFO  Test final outcome:  SKIPPED
13:19:53 INFO  Test outcome reason: Testing the apt plugin is not supported on this platform.Use parameter -XmyPlatform='container' to enable it
13:19:53 INFO  
</system-out>
	</testcase>
<testcase classname="PySysTest" name="SoftwareManagement.sm_apt_install_fail" />
<testcase classname="PySysTest" name="SoftwareManagement.sm_apt_install_fail" />
</testsuite><testsuite name="SoftwareManagement.sm_apt_install_remove" tests="3" errors="0" failures="0" skipped="1" time="0"><testcase classname="PySysTest" name="SoftwareManagement.sm_apt_install_remove">
		<skipped message="SKIPPED: Testing the apt plugin is not supported on this platform.Use parameter -XmyPlatform='container' to enable it" />
		<system-out>13:19:53 INFO  ==============================================================
13:19:53 INFO  Id:    SoftwareManagement.sm_apt_install_remove
13:19:53 INFO  Dir:   software_management_end_to_end/
13:19:53 INFO  Title: Validate end to end behaviour for the apt plugin for installation and removal of packages
13:19:53 INFO  ==============================================================
13:19:53 INFO  Testing the apt plugin is not supported on this platform.Use parameter -XmyPlatform='container' to enable it ... skipped
13:19:53 WARN  Aborted test due to SKIPPED outcome
13:19:53 INFO  
13:19:53 INFO  Test duration: 0.02 secs
13:19:53 INFO  Test final outcome:  SKIPPED
13:19:53 INFO  Test outcome reason: Testing the apt plugin is not supported on this platform.Use parameter -XmyPlatform='container' to enable it
13:19:53 INFO  
</system-out>
	</testcase>
<testcase classname="PySysTest" name="SoftwareManagement.sm_apt_install_remove" />
<testcase classname="PySysTest" name="SoftwareManagement.sm_apt_install_remove" />
</testsuite><testsuite name="SoftwareManagement.sm_apt_install_remove_default" tests="3" errors="0" failures="0" skipped="1" time="0"><testcase classname="PySysTest" name="SoftwareManagement.sm_apt_install_remove_default">
		<skipped message="SKIPPED: Testing the apt plugin is not supported on this platform.Use parameter -XmyPlatform='container' to enable it" />
		<system-out>13:19:53 INFO  ==============================================================
13:19:53 INFO  Id:    SoftwareManagement.sm_apt_install_remove_default
13:19:53 INFO  Dir:   software_management_end_to_end/
13:19:53 INFO  Title: Validate end to end behaviour for the default plugin for installation and removal of packages
13:19:53 INFO  ==============================================================
13:19:53 INFO  Testing the apt plugin is not supported on this platform.Use parameter -XmyPlatform='container' to enable it ... skipped
13:19:53 WARN  Aborted test due to SKIPPED outcome
13:19:53 INFO  
13:19:53 INFO  Test duration: 0.02 secs
13:19:53 INFO  Test final outcome:  SKIPPED
13:19:53 INFO  Test outcome reason: Testing the apt plugin is not supported on this platform.Use parameter -XmyPlatform='container' to enable it
13:19:54 INFO  
</system-out>
	</testcase>
<testcase classname="PySysTest" name="SoftwareManagement.sm_apt_install_remove_default" />
<testcase classname="PySysTest" name="SoftwareManagement.sm_apt_install_remove_default" />
</testsuite><testsuite name="SoftwareManagement.sm_apt_install_remove_multiple" tests="3" errors="0" failures="2" skipped="1" time="0"><testcase classname="PySysTest" name="SoftwareManagement.sm_apt_install_remove_multiple">
		<skipped message="SKIPPED: Testing the apt plugin is not supported on this platform.Use parameter -XmyPlatform='container' to enable it" />
		<system-out>13:19:54 INFO  ==============================================================
13:19:54 INFO  Id:    SoftwareManagement.sm_apt_install_remove_multiple
13:19:54 INFO  Dir:   software_management_end_to_end/
13:19:54 INFO  Title: Validate end to end behaviour for the apt plugin for multiple packages
13:19:54 INFO  ==============================================================
13:19:54 INFO  Testing the apt plugin is not supported on this platform.Use parameter -XmyPlatform='container' to enable it ... skipped
13:19:54 WARN  Aborted test due to SKIPPED outcome
13:19:54 INFO  
13:19:54 INFO  Test duration: 0.02 secs
13:19:54 INFO  Test final outcome:  SKIPPED
13:19:54 INFO  Test outcome reason: Testing the apt plugin is not supported on this platform.Use parameter -XmyPlatform='container' to enable it
13:19:54 INFO  
</system-out>
	</testcase>
<testcase classname="PySysTest" name="SoftwareManagement.sm_apt_install_remove_multiple">
		<failure message="FAILED: Assert that (False == value) with value=True" type="FAILED" />
		<system-out>13:52:21 INFO  ==============================================================
13:52:21 INFO  Id:    SoftwareManagement.sm_apt_install_remove_multiple
13:52:21 INFO  Dir:   software_management_end_to_end/
13:52:21 INFO  Title: Validate end to end behaviour for the apt plugin for multiple packages
13:52:21 INFO  ==============================================================
13:52:21 INFO  Using sw id database: {'asciijump': '5475369', 'robotfindskitten': '5474869', 'squirrel3': '5475279', 'rolldice': '5152439', 'moon-buggy': '5439204', 'apple': '5495053', 'banana': '5494888', 'cherry': '5495382', 'watermelon': '5494510', 'registry': '8018911', 'hello-world': '8021526', 'docker/getting-started': '8021973', 'alpine': '7991792'}
13:52:21 INFO  EnvironmentC8y Setup
13:52:21 INFO  Executed systemctl&lt;serv_mapper1&gt;, exit status 3
13:52:21 INFO  Restarting mosquitto too frequently in the last 10 seconds. It was only up for 4 seconds
13:52:21 INFO  Delaying execution by 7 seconds
13:52:42 INFO  Executed sudo&lt;tedge_connect_c8y&gt;, exit status 0, duration 14 secs
13:52:43 INFO  Executed sudo&lt;tedge_connect_c8y_test&gt;, exit status 0
13:52:43 INFO  Executed systemctl&lt;serv_mosq2&gt;, exit status 0
13:52:44 INFO  Executed systemctl&lt;serv_mapper3&gt;, exit status 0
13:52:46 INFO  State of current operation: SUCCESSFUL
13:52:46 INFO  Assert that (False == value) with value=False ... passed
13:52:46 INFO  Assert that (False == value) with value=False ... passed
13:52:47 INFO  Assert that (False == value) with value=False ... passed
13:52:47 INFO  Package robotfindskitten is installed
13:52:47 WARN  Assert that (False == value) with value=True ... failed 
13:52:47 INFO  Response status: 201
13:52:47 INFO  Response to action: {
    "creationTime": "2022-05-10T13:52:47.639Z",
    "deviceName": "mythicc",
    "deviceId": "18674246",
    "self": "https://t493319102.eu-latest.cumulocity.com/devicecontrol/operations/18685428",
    "id": "18685428",
    "status": "PENDING",
    "description": "Apply software changes, triggered from PySys: [{'action': 'install', 'id': '5475369', 'name': 'asciijump', 'url': ' ', 'version': '::apt'}, {'action': 'install', 'id': '5474869', 'name': 'robotfindskitten', 'url': ' ', 'version': '::apt'}, {'action': 'install', 'id': '5475279', 'name': 'squirrel3', 'url': ' ', 'version': '::apt'}]",
    "c8y_SoftwareUpdate": [
        {
            "name": "asciijump",
            "action": "install",
            "id": "5475369",
            "version": "::apt",
            "url": " "
        },
        {
            "name": "robotfindskitten",
            "action": "install",
            "id": "5474869",
            "version": "::apt",
            "url": " "
        },
        {
            "name": "squirrel3",
            "action": "install",
            "id": "5475279",
            "version": "::apt",
            "url": " "
        }
    ]
}
13:52:47 INFO  Started operation: {'creationTime': '2022-05-10T13:52:47.639Z', 'deviceName': 'mythicc', 'deviceId': '18674246', 'self': 'https://t493319102.eu-latest.cumulocity.com/devicecontrol/operations/18685428', 'id': '18685428', 'status': 'PENDING', 'description': "Apply software changes, triggered from PySys: [{'action': 'install', 'id': '5475369', 'name': 'asciijump', 'url': ' ', 'version': '::apt'}, {'action': 'install', 'id': '5474869', 'name': 'robotfindskitten', 'url': ' ', 'version': '::apt'}, {'action': 'install', 'id': '5475279', 'name': 'squirrel3', 'url': ' ', 'version': '::apt'}]", 'c8y_SoftwareUpdate': [{'name': 'asciijump', 'action': 'install', 'id': '5475369', 'version': '::apt', 'url': ' '}, {'name': 'robotfindskitten', 'action': 'install', 'id': '5474869', 'version': '::apt', 'url': ' '}, {'name': 'squirrel3', 'action': 'install', 'id': '5475279', 'version': '::apt', 'url': ' '}]}
13:52:49 INFO  State of operation 18685428 : PENDING
13:52:52 INFO  State of operation 18685428 : EXECUTING
13:52:54 INFO  State of operation 18685428 : EXECUTING
13:52:56 INFO  State of operation 18685428 : EXECUTING
13:52:58 INFO  State of operation 18685428 : EXECUTING
13:53:00 INFO  State of operation 18685428 : EXECUTING
13:53:03 INFO  State of operation 18685428 : EXECUTING
13:53:06 INFO  State of operation 18685428 : EXECUTING
13:53:09 INFO  State of operation 18685428 : EXECUTING
13:53:11 INFO  State of operation 18685428 : EXECUTING
13:53:13 INFO  State of operation 18685428 : EXECUTING
13:53:15 INFO  State of operation 18685428 : EXECUTING
13:53:18 INFO  State of operation 18685428 : EXECUTING
13:53:20 INFO  State of operation 18685428 : EXECUTING
13:53:22 INFO  State of operation 18685428 : EXECUTING
13:53:24 INFO  State of operation 18685428 : EXECUTING
13:53:27 INFO  State of operation 18685428 : EXECUTING
13:53:29 INFO  State of operation 18685428 : EXECUTING
13:53:32 INFO  State of operation 18685428 : EXECUTING
13:53:34 INFO  State of operation 18685428 : EXECUTING
13:53:36 INFO  State of operation 18685428 : EXECUTING
13:53:39 INFO  State of operation 18685428 : EXECUTING
13:53:41 INFO  State of operation 18685428 : EXECUTING
13:53:43 INFO  State of operation 18685428 : EXECUTING
13:53:46 INFO  State of operation 18685428 : EXECUTING
13:53:48 INFO  State of operation 18685428 : EXECUTING
13:53:51 INFO  State of operation 18685428 : EXECUTING
13:53:53 INFO  State of operation 18685428 : EXECUTING
13:53:56 INFO  State of operation 18685428 : EXECUTING
13:53:58 INFO  State of operation 18685428 : EXECUTING
13:54:01 INFO  State of operation 18685428 : EXECUTING
13:54:03 INFO  State of operation 18685428 : EXECUTING
13:54:05 INFO  State of operation 18685428 : EXECUTING
13:54:07 INFO  State of operation 18685428 : EXECUTING
13:54:09 INFO  State of operation 18685428 : SUCCESSFUL
13:54:10 INFO  Assert that (False == value) with value=False ... passed
13:54:10 INFO  Package asciijump is installed
13:54:10 INFO  Assert that (True == value) with value=True ... passed
13:54:10 INFO  Package squirrel3 is installed
13:54:10 INFO  Assert that (True == value) with value=True ... passed
13:54:10 INFO  Package robotfindskitten is installed
13:54:10 INFO  Assert that (True == value) with value=True ... passed
13:54:11 INFO  Response status: 201
13:54:11 INFO  Response to action: {
    "creationTime": "2022-05-10T13:54:11.111Z",
    "deviceName": "mythicc",
    "deviceId": "18674246",
    "self": "https://t493319102.eu-latest.cumulocity.com/devicecontrol/operations/18685441",
    "id": "18685441",
    "status": "PENDING",
    "description": "Apply software changes, triggered from PySys: [{'action': 'delete', 'id': '5475369', 'name': 'asciijump', 'url': ' ', 'version': '::apt'}, {'action': 'delete', 'id': '5474869', 'name': 'robotfindskitten', 'url': ' ', 'version': '::apt'}, {'action': 'delete', 'id': '5475279', 'name': 'squirrel3', 'url': ' ', 'version': '::apt'}]",
    "c8y_SoftwareUpdate": [
        {
            "name": "asciijump",
            "action": "delete",
            "id": "5475369",
            "version": "::apt",
            "url": " "
        },
        {
            "name": "robotfindskitten",
            "action": "delete",
            "id": "5474869",
            "version": "::apt",
            "url": " "
        },
        {
            "name": "squirrel3",
            "action": "delete",
            "id": "5475279",
            "version": "::apt",
            "url": " "
        }
    ]
}
13:54:11 INFO  Started operation: {'creationTime': '2022-05-10T13:54:11.111Z', 'deviceName': 'mythicc', 'deviceId': '18674246', 'self': 'https://t493319102.eu-latest.cumulocity.com/devicecontrol/operations/18685441', 'id': '18685441', 'status': 'PENDING', 'description': "Apply software changes, triggered from PySys: [{'action': 'delete', 'id': '5475369', 'name': 'asciijump', 'url': ' ', 'version': '::apt'}, {'action': 'delete', 'id': '5474869', 'name': 'robotfindskitten', 'url': ' ', 'version': '::apt'}, {'action': 'delete', 'id': '5475279', 'name': 'squirrel3', 'url': ' ', 'version': '::apt'}]", 'c8y_SoftwareUpdate': [{'name': 'asciijump', 'action': 'delete', 'id': '5475369', 'version': '::apt', 'url': ' '}, {'name': 'robotfindskitten', 'action': 'delete', 'id': '5474869', 'version': '::apt', 'url': ' '}, {'name': 'squirrel3', 'action': 'delete', 'id': '5475279', 'version': '::apt', 'url': ' '}]}
13:54:13 INFO  State of operation 18685441 : PENDING
13:54:15 INFO  State of operation 18685441 : EXECUTING
13:54:17 INFO  State of operation 18685441 : EXECUTING
13:54:20 INFO  State of operation 18685441 : EXECUTING
13:54:22 INFO  State of operation 18685441 : EXECUTING
13:54:24 INFO  State of operation 18685441 : EXECUTING
13:54:27 INFO  State of operation 18685441 : EXECUTING
13:54:30 INFO  State of operation 18685441 : EXECUTING
13:54:32 INFO  State of operation 18685441 : EXECUTING
13:54:35 INFO  State of operation 18685441 : EXECUTING
13:54:37 INFO  State of operation 18685441 : EXECUTING
13:54:39 INFO  State of operation 18685441 : EXECUTING
13:54:41 INFO  State of operation 18685441 : EXECUTING
13:54:44 INFO  State of operation 18685441 : EXECUTING
13:54:46 INFO  State of operation 18685441 : EXECUTING
13:54:48 INFO  State of operation 18685441 : EXECUTING
13:54:50 INFO  State of operation 18685441 : EXECUTING
13:54:53 INFO  State of operation 18685441 : EXECUTING
13:54:56 INFO  State of operation 18685441 : EXECUTING
13:54:58 INFO  State of operation 18685441 : EXECUTING
13:55:00 INFO  State of operation 18685441 : EXECUTING
13:55:02 INFO  State of operation 18685441 : EXECUTING
13:55:05 INFO  State of operation 18685441 : EXECUTING
13:55:07 INFO  State of operation 18685441 : EXECUTING
13:55:10 INFO  State of operation 18685441 : EXECUTING
13:55:12 INFO  State of operation 18685441 : EXECUTING
13:55:15 INFO  State of operation 18685441 : EXECUTING
13:55:17 INFO  State of operation 18685441 : SUCCESSFUL
13:55:18 INFO  Assert that (False == value) with value=False ... passed
13:55:18 INFO  Assert that (False == value) with value=False ... passed
13:55:18 INFO  Assert that (False == value) with value=False ... passed
13:55:18 INFO  Assert that (False == value) with value=False ... passed
13:55:18 INFO  
13:55:18 INFO  cleanup:
13:55:22 INFO  Executed sudo&lt;tedge_disconnect_c8y&gt;, exit status 0
13:55:23 INFO  Executed systemctl&lt;serv_mapper5&gt;, exit status 3
13:55:23 INFO  
13:55:23 INFO  Test duration: 182.48 secs
13:55:23 INFO  Test final outcome:  FAILED
13:55:23 INFO  Test outcome reason: Assert that (False == value) with value=True
13:55:23 INFO  
</system-out>
	</testcase>
<testcase classname="PySysTest" name="SoftwareManagement.sm_apt_install_remove_multiple">
		<failure message="FAILED: Assert that (False == value) with value=True (+2 other failures)" type="FAILED" />
		<system-out>14:19:10 INFO  ==============================================================
14:19:10 INFO  Id:    SoftwareManagement.sm_apt_install_remove_multiple
14:19:10 INFO  Dir:   software_management_end_to_end/
14:19:10 INFO  Title: Validate end to end behaviour for the apt plugin for multiple packages
14:19:10 INFO  ==============================================================
14:19:10 INFO  Using sw id database: {'asciijump': '5475369', 'robotfindskitten': '5474869', 'squirrel3': '5475279', 'rolldice': '5152439', 'moon-buggy': '5439204', 'apple': '5495053', 'banana': '5494888', 'cherry': '5495382', 'watermelon': '5494510', 'registry': '8018911', 'hello-world': '8021526', 'docker/getting-started': '8021973', 'alpine': '7991792'}
14:19:10 INFO  EnvironmentC8y Setup
14:19:11 INFO  Executed systemctl&lt;serv_mapper1&gt;, exit status 3
14:19:11 INFO  Restarting mosquitto too frequently in the last 10 seconds. It was only up for 5 seconds
14:19:11 INFO  Delaying execution by 6 seconds
14:19:31 INFO  Executed sudo&lt;tedge_connect_c8y&gt;, exit status 0, duration 14 secs
14:19:32 INFO  Executed sudo&lt;tedge_connect_c8y_test&gt;, exit status 0
14:19:32 INFO  Executed systemctl&lt;serv_mosq2&gt;, exit status 0
14:19:33 INFO  Executed systemctl&lt;serv_mapper3&gt;, exit status 0
14:19:35 INFO  State of current operation: SUCCESSFUL
14:19:35 INFO  Assert that (False == value) with value=False ... passed
14:19:36 INFO  Package asciijump is installed
14:19:36 WARN  Assert that (False == value) with value=True ... failed 
14:19:36 INFO  Package squirrel3 is installed
14:19:36 WARN  Assert that (False == value) with value=True ... failed 
14:19:36 INFO  Package robotfindskitten is installed
14:19:36 WARN  Assert that (False == value) with value=True ... failed 
14:19:36 INFO  Response status: 201
14:19:36 INFO  Response to action: {
    "creationTime": "2022-05-10T14:19:36.775Z",
    "deviceName": "mythicc",
    "deviceId": "18674246",
    "self": "https://t493319102.eu-latest.cumulocity.com/devicecontrol/operations/18685677",
    "id": "18685677",
    "status": "PENDING",
    "description": "Apply software changes, triggered from PySys: [{'action': 'install', 'id': '5475369', 'name': 'asciijump', 'url': ' ', 'version': '::apt'}, {'action': 'install', 'id': '5474869', 'name': 'robotfindskitten', 'url': ' ', 'version': '::apt'}, {'action': 'install', 'id': '5475279', 'name': 'squirrel3', 'url': ' ', 'version': '::apt'}]",
    "c8y_SoftwareUpdate": [
        {
            "name": "asciijump",
            "action": "install",
            "id": "5475369",
            "version": "::apt",
            "url": " "
        },
        {
            "name": "robotfindskitten",
            "action": "install",
            "id": "5474869",
            "version": "::apt",
            "url": " "
        },
        {
            "name": "squirrel3",
            "action": "install",
            "id": "5475279",
            "version": "::apt",
            "url": " "
        }
    ]
}
14:19:36 INFO  Started operation: {'creationTime': '2022-05-10T14:19:36.775Z', 'deviceName': 'mythicc', 'deviceId': '18674246', 'self': 'https://t493319102.eu-latest.cumulocity.com/devicecontrol/operations/18685677', 'id': '18685677', 'status': 'PENDING', 'description': "Apply software changes, triggered from PySys: [{'action': 'install', 'id': '5475369', 'name': 'asciijump', 'url': ' ', 'version': '::apt'}, {'action': 'install', 'id': '5474869', 'name': 'robotfindskitten', 'url': ' ', 'version': '::apt'}, {'action': 'install', 'id': '5475279', 'name': 'squirrel3', 'url': ' ', 'version': '::apt'}]", 'c8y_SoftwareUpdate': [{'name': 'asciijump', 'action': 'install', 'id': '5475369', 'version': '::apt', 'url': ' '}, {'name': 'robotfindskitten', 'action': 'install', 'id': '5474869', 'version': '::apt', 'url': ' '}, {'name': 'squirrel3', 'action': 'install', 'id': '5475279', 'version': '::apt', 'url': ' '}]}
14:19:39 INFO  State of operation 18685677 : PENDING
14:19:41 INFO  State of operation 18685677 : EXECUTING
14:19:43 INFO  State of operation 18685677 : EXECUTING
14:19:45 INFO  State of operation 18685677 : EXECUTING
14:19:47 INFO  State of operation 18685677 : EXECUTING
14:19:50 INFO  State of operation 18685677 : EXECUTING
14:19:52 INFO  State of operation 18685677 : EXECUTING
14:19:56 INFO  State of operation 18685677 : EXECUTING
14:19:59 INFO  State of operation 18685677 : EXECUTING
14:20:01 INFO  State of operation 18685677 : EXECUTING
14:20:03 INFO  State of operation 18685677 : EXECUTING
14:20:06 INFO  State of operation 18685677 : EXECUTING
14:20:08 INFO  State of operation 18685677 : EXECUTING
14:20:10 INFO  State of operation 18685677 : EXECUTING
14:20:12 INFO  State of operation 18685677 : EXECUTING
14:20:15 INFO  State of operation 18685677 : SUCCESSFUL
14:20:15 INFO  Assert that (False == value) with value=False ... passed
14:20:15 INFO  Package asciijump is installed
14:20:15 INFO  Assert that (True == value) with value=True ... passed
14:20:16 INFO  Package squirrel3 is installed
14:20:16 INFO  Assert that (True == value) with value=True ... passed
14:20:16 INFO  Package robotfindskitten is installed
14:20:16 INFO  Assert that (True == value) with value=True ... passed
14:20:16 INFO  Response status: 201
14:20:16 INFO  Response to action: {
    "creationTime": "2022-05-10T14:20:16.536Z",
    "deviceName": "mythicc",
    "deviceId": "18674246",
    "self": "https://t493319102.eu-latest.cumulocity.com/devicecontrol/operations/18685685",
    "id": "18685685",
    "status": "PENDING",
    "description": "Apply software changes, triggered from PySys: [{'action': 'delete', 'id': '5475369', 'name': 'asciijump', 'url': ' ', 'version': '::apt'}, {'action': 'delete', 'id': '5474869', 'name': 'robotfindskitten', 'url': ' ', 'version': '::apt'}, {'action': 'delete', 'id': '5475279', 'name': 'squirrel3', 'url': ' ', 'version': '::apt'}]",
    "c8y_SoftwareUpdate": [
        {
            "name": "asciijump",
            "action": "delete",
            "id": "5475369",
            "version": "::apt",
            "url": " "
        },
        {
            "name": "robotfindskitten",
            "action": "delete",
            "id": "5474869",
            "version": "::apt",
            "url": " "
        },
        {
            "name": "squirrel3",
            "action": "delete",
            "id": "5475279",
            "version": "::apt",
            "url": " "
        }
    ]
}
14:20:16 INFO  Started operation: {'creationTime': '2022-05-10T14:20:16.536Z', 'deviceName': 'mythicc', 'deviceId': '18674246', 'self': 'https://t493319102.eu-latest.cumulocity.com/devicecontrol/operations/18685685', 'id': '18685685', 'status': 'PENDING', 'description': "Apply software changes, triggered from PySys: [{'action': 'delete', 'id': '5475369', 'name': 'asciijump', 'url': ' ', 'version': '::apt'}, {'action': 'delete', 'id': '5474869', 'name': 'robotfindskitten', 'url': ' ', 'version': '::apt'}, {'action': 'delete', 'id': '5475279', 'name': 'squirrel3', 'url': ' ', 'version': '::apt'}]", 'c8y_SoftwareUpdate': [{'name': 'asciijump', 'action': 'delete', 'id': '5475369', 'version': '::apt', 'url': ' '}, {'name': 'robotfindskitten', 'action': 'delete', 'id': '5474869', 'version': '::apt', 'url': ' '}, {'name': 'squirrel3', 'action': 'delete', 'id': '5475279', 'version': '::apt', 'url': ' '}]}
14:20:18 INFO  State of operation 18685685 : PENDING
14:20:21 INFO  State of operation 18685685 : EXECUTING
14:20:23 INFO  State of operation 18685685 : EXECUTING
14:20:25 INFO  State of operation 18685685 : EXECUTING
14:20:27 INFO  State of operation 18685685 : EXECUTING
14:20:29 INFO  State of operation 18685685 : EXECUTING
14:20:32 INFO  State of operation 18685685 : EXECUTING
14:20:35 INFO  State of operation 18685685 : EXECUTING
14:20:37 INFO  State of operation 18685685 : EXECUTING
14:20:40 INFO  State of operation 18685685 : EXECUTING
14:20:42 INFO  State of operation 18685685 : EXECUTING
14:20:45 INFO  State of operation 18685685 : EXECUTING
14:20:47 INFO  State of operation 18685685 : EXECUTING
14:20:49 INFO  State of operation 18685685 : EXECUTING
14:20:51 INFO  State of operation 18685685 : EXECUTING
14:20:54 INFO  State of operation 18685685 : EXECUTING
14:20:56 INFO  State of operation 18685685 : EXECUTING
14:20:58 INFO  State of operation 18685685 : EXECUTING
14:21:01 INFO  State of operation 18685685 : EXECUTING
14:21:03 INFO  State of operation 18685685 : EXECUTING
14:21:05 INFO  State of operation 18685685 : EXECUTING
14:21:08 INFO  State of operation 18685685 : EXECUTING
14:21:10 INFO  State of operation 18685685 : EXECUTING
14:21:12 INFO  State of operation 18685685 : EXECUTING
14:21:15 INFO  State of operation 18685685 : EXECUTING
14:21:17 INFO  State of operation 18685685 : EXECUTING
14:21:19 INFO  State of operation 18685685 : EXECUTING
14:21:22 INFO  State of operation 18685685 : EXECUTING
14:21:24 INFO  State of operation 18685685 : EXECUTING
14:21:26 INFO  State of operation 18685685 : SUCCESSFUL
14:21:27 INFO  Assert that (False == value) with value=False ... passed
14:21:27 INFO  Assert that (False == value) with value=False ... passed
14:21:27 INFO  Assert that (False == value) with value=False ... passed
14:21:27 INFO  Assert that (False == value) with value=False ... passed
14:21:27 INFO  
14:21:27 INFO  cleanup:
14:21:31 INFO  Executed sudo&lt;tedge_disconnect_c8y&gt;, exit status 0
14:21:32 INFO  Executed systemctl&lt;serv_mapper5&gt;, exit status 3
14:21:32 INFO  
14:21:32 INFO  Test duration: 141.91 secs
14:21:32 INFO  Test final outcome:  FAILED
14:21:32 INFO  Test outcome reason: Assert that (False == value) with value=True (+2 other failures)
14:21:32 INFO  
</system-out>
	</testcase>
</testsuite><testsuite name="SoftwareManagement.sm_apt_install_remove_multiple_mixed" tests="3" errors="0" failures="2" skipped="1" time="0"><testcase classname="PySysTest" name="SoftwareManagement.sm_apt_install_remove_multiple_mixed">
		<skipped message="SKIPPED: Testing the apt plugin is not supported on this platform.Use parameter -XmyPlatform='container' to enable it" />
		<system-out>13:19:54 INFO  ==============================================================
13:19:54 INFO  Id:    SoftwareManagement.sm_apt_install_remove_multiple_mixed
13:19:54 INFO  Dir:   software_management_end_to_end/
13:19:54 INFO  Title: Validate end to end behaviour for the apt plugin for multiple packages with mixed versions
13:19:54 INFO  ==============================================================
13:19:54 INFO  Testing the apt plugin is not supported on this platform.Use parameter -XmyPlatform='container' to enable it ... skipped
13:19:54 WARN  Aborted test due to SKIPPED outcome
13:19:54 INFO  
13:19:54 INFO  Test duration: 0.02 secs
13:19:54 INFO  Test final outcome:  SKIPPED
13:19:54 INFO  Test outcome reason: Testing the apt plugin is not supported on this platform.Use parameter -XmyPlatform='container' to enable it
13:19:54 INFO  
</system-out>
	</testcase>
<testcase classname="PySysTest" name="SoftwareManagement.sm_apt_install_remove_multiple_mixed">
		<failure message="BLOCKED: SystemError: Timeout while waiting for status SUCCESSFUL or False" type="BLOCKED" />
		<system-out>13:55:23 INFO  ==============================================================
13:55:23 INFO  Id:    SoftwareManagement.sm_apt_install_remove_multiple_mixed
13:55:23 INFO  Dir:   software_management_end_to_end/
13:55:23 INFO  Title: Validate end to end behaviour for the apt plugin for multiple packages with mixed versions
13:55:23 INFO  ==============================================================
13:55:23 INFO  Using sw id database: {'asciijump': '5475369', 'robotfindskitten': '5474869', 'squirrel3': '5475279', 'rolldice': '5152439', 'moon-buggy': '5439204', 'apple': '5495053', 'banana': '5494888', 'cherry': '5495382', 'watermelon': '5494510', 'registry': '8018911', 'hello-world': '8021526', 'docker/getting-started': '8021973', 'alpine': '7991792'}
13:55:23 INFO  EnvironmentC8y Setup
13:55:24 INFO  Executed systemctl&lt;serv_mapper1&gt;, exit status 3
13:55:24 INFO  Restarting mosquitto too frequently in the last 10 seconds. It was only up for 5 seconds
13:55:24 INFO  Delaying execution by 6 seconds
13:55:44 INFO  Executed sudo&lt;tedge_connect_c8y&gt;, exit status 0, duration 13 secs
13:55:44 INFO  Executed sudo&lt;tedge_connect_c8y_test&gt;, exit status 0
13:55:45 INFO  Executed systemctl&lt;serv_mosq2&gt;, exit status 0
13:55:45 INFO  Executed systemctl&lt;serv_mapper3&gt;, exit status 0
13:55:47 INFO  State of current operation: SUCCESSFUL
13:55:48 INFO  Assert that (False == value) with value=False ... passed
13:55:48 INFO  Assert that (False == value) with value=False ... passed
13:55:48 INFO  Assert that (False == value) with value=False ... passed
13:55:48 INFO  Assert that (False == value) with value=False ... passed
13:55:49 INFO  Assert that (False == value) with value=False ... passed
13:55:50 INFO  Response status: 201
13:55:50 INFO  Response to action: {
    "creationTime": "2022-05-10T13:55:50.237Z",
    "deviceName": "mythicc",
    "deviceId": "18674246",
    "self": "https://t493319102.eu-latest.cumulocity.com/devicecontrol/operations/18685466",
    "id": "18685466",
    "status": "PENDING",
    "description": "Apply software changes, triggered from PySys: [{'action': 'install', 'id': '5475369', 'name': 'asciijump', 'url': ' ', 'version': '::apt'}, {'action': 'install', 'id': '5474869', 'name': 'robotfindskitten', 'url': ' ', 'version': ' '}, {'action': 'install', 'id': '5475279', 'name': 'squirrel3', 'url': ' ', 'version': '3.1-7::apt'}, {'action': 'install', 'id': '5152439', 'name': 'rolldice', 'url': ' ', 'version': '1.16-1+b1'}, {'action': 'install', 'id': '5439204', 'name': 'moon-buggy', 'url': ' ', 'version': '1:1.0.51-12'}, {'action': 'install', 'id': '5475369', 'name': 'asciijump', 'url': ' ', 'version': '::apt'}]",
    "c8y_SoftwareUpdate": [
        {
            "name": "asciijump",
            "action": "install",
            "id": "5475369",
            "version": "::apt",
            "url": " "
        },
        {
            "name": "robotfindskitten",
            "action": "install",
            "id": "5474869",
            "version": " ",
            "url": " "
        },
        {
            "name": "squirrel3",
            "action": "install",
            "id": "5475279",
            "version": "3.1-7::apt",
            "url": " "
        },
        {
            "name": "rolldice",
            "action": "install",
            "id": "5152439",
            "version": "1.16-1+b1",
            "url": " "
        },
        {
            "name": "moon-buggy",
            "action": "install",
            "id": "5439204",
            "version": "1:1.0.51-12",
            "url": " "
        },
        {
            "name": "asciijump",
            "action": "install",
            "id": "5475369",
            "version": "::apt",
            "url": " "
        }
    ]
}
13:55:50 INFO  Started operation: {'creationTime': '2022-05-10T13:55:50.237Z', 'deviceName': 'mythicc', 'deviceId': '18674246', 'self': 'https://t493319102.eu-latest.cumulocity.com/devicecontrol/operations/18685466', 'id': '18685466', 'status': 'PENDING', 'description': "Apply software changes, triggered from PySys: [{'action': 'install', 'id': '5475369', 'name': 'asciijump', 'url': ' ', 'version': '::apt'}, {'action': 'install', 'id': '5474869', 'name': 'robotfindskitten', 'url': ' ', 'version': ' '}, {'action': 'install', 'id': '5475279', 'name': 'squirrel3', 'url': ' ', 'version': '3.1-7::apt'}, {'action': 'install', 'id': '5152439', 'name': 'rolldice', 'url': ' ', 'version': '1.16-1+b1'}, {'action': 'install', 'id': '5439204', 'name': 'moon-buggy', 'url': ' ', 'version': '1:1.0.51-12'}, {'action': 'install', 'id': '5475369', 'name': 'asciijump', 'url': ' ', 'version': '::apt'}]", 'c8y_SoftwareUpdate': [{'name': 'asciijump', 'action': 'install', 'id': '5475369', 'version': '::apt', 'url': ' '}, {'name': 'robotfindskitten', 'action': 'install', 'id': '5474869', 'version': ' ', 'url': ' '}, {'name': 'squirrel3', 'action': 'install', 'id': '5475279', 'version': '3.1-7::apt', 'url': ' '}, {'name': 'rolldice', 'action': 'install', 'id': '5152439', 'version': '1.16-1+b1', 'url': ' '}, {'name': 'moon-buggy', 'action': 'install', 'id': '5439204', 'version': '1:1.0.51-12', 'url': ' '}, {'name': 'asciijump', 'action': 'install', 'id': '5475369', 'version': '::apt', 'url': ' '}]}
13:55:52 INFO  State of operation 18685466 : PENDING
13:55:54 INFO  State of operation 18685466 : EXECUTING
13:55:56 INFO  State of operation 18685466 : EXECUTING
13:55:59 INFO  State of operation 18685466 : EXECUTING
13:56:01 INFO  State of operation 18685466 : EXECUTING
13:56:03 INFO  State of operation 18685466 : EXECUTING
13:56:06 INFO  State of operation 18685466 : EXECUTING
13:56:08 INFO  State of operation 18685466 : EXECUTING
13:56:11 INFO  State of operation 18685466 : EXECUTING
13:56:13 INFO  State of operation 18685466 : EXECUTING
13:56:15 INFO  State of operation 18685466 : EXECUTING
13:56:17 INFO  State of operation 18685466 : EXECUTING
13:56:20 INFO  State of operation 18685466 : EXECUTING
13:56:22 INFO  State of operation 18685466 : EXECUTING
13:56:24 INFO  State of operation 18685466 : EXECUTING
13:56:26 INFO  State of operation 18685466 : EXECUTING
13:56:29 INFO  State of operation 18685466 : EXECUTING
13:56:31 INFO  State of operation 18685466 : EXECUTING
13:56:34 INFO  State of operation 18685466 : EXECUTING
13:56:36 INFO  State of operation 18685466 : EXECUTING
13:56:38 INFO  State of operation 18685466 : EXECUTING
13:56:40 INFO  State of operation 18685466 : EXECUTING
13:56:43 INFO  State of operation 18685466 : EXECUTING
13:56:45 INFO  State of operation 18685466 : EXECUTING
13:56:48 INFO  State of operation 18685466 : EXECUTING
13:56:50 INFO  State of operation 18685466 : EXECUTING
13:56:52 INFO  State of operation 18685466 : EXECUTING
13:56:55 INFO  State of operation 18685466 : EXECUTING
13:56:57 INFO  State of operation 18685466 : EXECUTING
13:57:00 INFO  State of operation 18685466 : EXECUTING
13:57:02 INFO  State of operation 18685466 : EXECUTING
13:57:04 INFO  State of operation 18685466 : EXECUTING
13:57:07 INFO  State of operation 18685466 : EXECUTING
13:57:09 INFO  State of operation 18685466 : EXECUTING
13:57:11 INFO  State of operation 18685466 : EXECUTING
13:57:13 INFO  State of operation 18685466 : EXECUTING
13:57:15 INFO  State of operation 18685466 : EXECUTING
13:57:18 INFO  State of operation 18685466 : EXECUTING
13:57:20 INFO  State of operation 18685466 : EXECUTING
13:57:23 INFO  State of operation 18685466 : EXECUTING
13:57:25 INFO  State of operation 18685466 : EXECUTING
13:57:28 INFO  State of operation 18685466 : EXECUTING
13:57:30 INFO  State of operation 18685466 : EXECUTING
13:57:32 INFO  State of operation 18685466 : EXECUTING
13:57:35 INFO  State of operation 18685466 : EXECUTING
13:57:37 INFO  State of operation 18685466 : EXECUTING
13:57:39 INFO  State of operation 18685466 : EXECUTING
13:57:41 INFO  State of operation 18685466 : EXECUTING
13:57:44 INFO  State of operation 18685466 : EXECUTING
13:57:46 INFO  State of operation 18685466 : EXECUTING
13:57:48 INFO  State of operation 18685466 : EXECUTING
13:57:51 INFO  State of operation 18685466 : EXECUTING
13:57:53 INFO  State of operation 18685466 : EXECUTING
13:57:55 INFO  State of operation 18685466 : EXECUTING
13:57:58 INFO  State of operation 18685466 : EXECUTING
13:58:00 INFO  State of operation 18685466 : EXECUTING
13:58:03 INFO  State of operation 18685466 : EXECUTING
13:58:05 INFO  State of operation 18685466 : EXECUTING
13:58:08 INFO  State of operation 18685466 : EXECUTING
13:58:10 INFO  State of operation 18685466 : EXECUTING
13:58:12 INFO  State of operation 18685466 : EXECUTING
13:58:14 WARN  SystemError occurred while running test - Timeout while waiting for status SUCCESSFUL or False
Traceback (most recent call last):
  File "/home/pi/env-pysys/lib/python3.7/site-packages/pysys/baserunner.py", line 1294, in __call__
    self.testObj.execute()
  File "/home/pi/actions-runner/_work/thin-edge.io/thin-edge.io/tests/PySys/software_management_end_to_end/sm_apt_install_remove_multiple_mixed/run.py", line 89, in execute
    self.wait_until_succcess()
  File "/home/pi/actions-runner/_work/thin-edge.io/thin-edge.io/tests/PySys/software_management_end_to_end/environment_sm_management.py", line 324, in wait_until_succcess
    self.wait_until_status("SUCCESSFUL")
  File "/home/pi/actions-runner/_work/thin-edge.io/thin-edge.io/tests/PySys/software_management_end_to_end/environment_sm_management.py", line 381, in wait_until_status
    "Timeout while waiting for status %s or %s" % (status, status2)
SystemError: Timeout while waiting for status SUCCESSFUL or False
13:58:15 WARN  SystemError: Timeout while waiting for status SUCCESSFUL or False ... blocked 
13:58:15 INFO  
13:58:15 INFO  cleanup:
13:58:20 INFO  Executed sudo&lt;tedge_disconnect_c8y&gt;, exit status 0
13:58:21 INFO  Executed systemctl&lt;serv_mapper5&gt;, exit status 3
13:58:21 INFO  
13:58:21 INFO  Test duration: 177.75 secs
13:58:21 INFO  Test final outcome:  BLOCKED
13:58:21 INFO  Test outcome reason: SystemError: Timeout while waiting for status SUCCESSFUL or False
13:58:21 INFO  
</system-out>
	</testcase>
<testcase classname="PySysTest" name="SoftwareManagement.sm_apt_install_remove_multiple_mixed">
		<failure message="BLOCKED: SystemError: Timeout while waiting for status SUCCESSFUL or False (+1 other failures)" type="BLOCKED" />
		<system-out>14:21:32 INFO  ==============================================================
14:21:32 INFO  Id:    SoftwareManagement.sm_apt_install_remove_multiple_mixed
14:21:32 INFO  Dir:   software_management_end_to_end/
14:21:32 INFO  Title: Validate end to end behaviour for the apt plugin for multiple packages with mixed versions
14:21:32 INFO  ==============================================================
14:21:32 INFO  Using sw id database: {'asciijump': '5475369', 'robotfindskitten': '5474869', 'squirrel3': '5475279', 'rolldice': '5152439', 'moon-buggy': '5439204', 'apple': '5495053', 'banana': '5494888', 'cherry': '5495382', 'watermelon': '5494510', 'registry': '8018911', 'hello-world': '8021526', 'docker/getting-started': '8021973', 'alpine': '7991792'}
14:21:32 INFO  EnvironmentC8y Setup
14:21:33 INFO  Executed systemctl&lt;serv_mapper1&gt;, exit status 3
14:21:33 INFO  Restarting mosquitto too frequently in the last 10 seconds. It was only up for 5 seconds
14:21:33 INFO  Delaying execution by 6 seconds
14:21:53 INFO  Executed sudo&lt;tedge_connect_c8y&gt;, exit status 0, duration 14 secs
14:21:53 INFO  Executed sudo&lt;tedge_connect_c8y_test&gt;, exit status 0
14:21:54 INFO  Executed systemctl&lt;serv_mosq2&gt;, exit status 0
14:21:54 INFO  Executed systemctl&lt;serv_mapper3&gt;, exit status 0
14:21:57 INFO  State of current operation: SUCCESSFUL
14:21:57 INFO  Assert that (False == value) with value=False ... passed
14:21:57 INFO  Assert that (False == value) with value=False ... passed
14:21:57 INFO  Assert that (False == value) with value=False ... passed
14:21:58 INFO  Assert that (False == value) with value=False ... passed
14:21:58 INFO  Package moon-buggy is installed
14:21:58 WARN  Assert that (False == value) with value=True ... failed 
14:21:59 INFO  Response status: 201
14:21:59 INFO  Response to action: {
    "creationTime": "2022-05-10T14:21:59.626Z",
    "deviceName": "mythicc",
    "deviceId": "18674246",
    "self": "https://t493319102.eu-latest.cumulocity.com/devicecontrol/operations/18685699",
    "id": "18685699",
    "status": "PENDING",
    "description": "Apply software changes, triggered from PySys: [{'action': 'install', 'id': '5475369', 'name': 'asciijump', 'url': ' ', 'version': '::apt'}, {'action': 'install', 'id': '5474869', 'name': 'robotfindskitten', 'url': ' ', 'version': ' '}, {'action': 'install', 'id': '5475279', 'name': 'squirrel3', 'url': ' ', 'version': '3.1-7::apt'}, {'action': 'install', 'id': '5152439', 'name': 'rolldice', 'url': ' ', 'version': '1.16-1+b1'}, {'action': 'install', 'id': '5439204', 'name': 'moon-buggy', 'url': ' ', 'version': '1:1.0.51-12'}, {'action': 'install', 'id': '5475369', 'name': 'asciijump', 'url': ' ', 'version': '::apt'}]",
    "c8y_SoftwareUpdate": [
        {
            "name": "asciijump",
            "action": "install",
            "id": "5475369",
            "version": "::apt",
            "url": " "
        },
        {
            "name": "robotfindskitten",
            "action": "install",
            "id": "5474869",
            "version": " ",
            "url": " "
        },
        {
            "name": "squirrel3",
            "action": "install",
            "id": "5475279",
            "version": "3.1-7::apt",
            "url": " "
        },
        {
            "name": "rolldice",
            "action": "install",
            "id": "5152439",
            "version": "1.16-1+b1",
            "url": " "
        },
        {
            "name": "moon-buggy",
            "action": "install",
            "id": "5439204",
            "version": "1:1.0.51-12",
            "url": " "
        },
        {
            "name": "asciijump",
            "action": "install",
            "id": "5475369",
            "version": "::apt",
            "url": " "
        }
    ]
}
14:21:59 INFO  Started operation: {'creationTime': '2022-05-10T14:21:59.626Z', 'deviceName': 'mythicc', 'deviceId': '18674246', 'self': 'https://t493319102.eu-latest.cumulocity.com/devicecontrol/operations/18685699', 'id': '18685699', 'status': 'PENDING', 'description': "Apply software changes, triggered from PySys: [{'action': 'install', 'id': '5475369', 'name': 'asciijump', 'url': ' ', 'version': '::apt'}, {'action': 'install', 'id': '5474869', 'name': 'robotfindskitten', 'url': ' ', 'version': ' '}, {'action': 'install', 'id': '5475279', 'name': 'squirrel3', 'url': ' ', 'version': '3.1-7::apt'}, {'action': 'install', 'id': '5152439', 'name': 'rolldice', 'url': ' ', 'version': '1.16-1+b1'}, {'action': 'install', 'id': '5439204', 'name': 'moon-buggy', 'url': ' ', 'version': '1:1.0.51-12'}, {'action': 'install', 'id': '5475369', 'name': 'asciijump', 'url': ' ', 'version': '::apt'}]", 'c8y_SoftwareUpdate': [{'name': 'asciijump', 'action': 'install', 'id': '5475369', 'version': '::apt', 'url': ' '}, {'name': 'robotfindskitten', 'action': 'install', 'id': '5474869', 'version': ' ', 'url': ' '}, {'name': 'squirrel3', 'action': 'install', 'id': '5475279', 'version': '3.1-7::apt', 'url': ' '}, {'name': 'rolldice', 'action': 'install', 'id': '5152439', 'version': '1.16-1+b1', 'url': ' '}, {'name': 'moon-buggy', 'action': 'install', 'id': '5439204', 'version': '1:1.0.51-12', 'url': ' '}, {'name': 'asciijump', 'action': 'install', 'id': '5475369', 'version': '::apt', 'url': ' '}]}
14:22:01 INFO  State of operation 18685699 : PENDING
14:22:04 INFO  State of operation 18685699 : EXECUTING
14:22:06 INFO  State of operation 18685699 : EXECUTING
14:22:08 INFO  State of operation 18685699 : EXECUTING
14:22:10 INFO  State of operation 18685699 : EXECUTING
14:22:13 INFO  State of operation 18685699 : EXECUTING
14:22:15 INFO  State of operation 18685699 : EXECUTING
14:22:18 INFO  State of operation 18685699 : EXECUTING
14:22:21 INFO  State of operation 18685699 : EXECUTING
14:22:23 INFO  State of operation 18685699 : EXECUTING
14:22:25 INFO  State of operation 18685699 : EXECUTING
14:22:27 INFO  State of operation 18685699 : EXECUTING
14:22:30 INFO  State of operation 18685699 : EXECUTING
14:22:32 INFO  State of operation 18685699 : EXECUTING
14:22:34 INFO  State of operation 18685699 : EXECUTING
14:22:36 INFO  State of operation 18685699 : EXECUTING
14:22:39 INFO  State of operation 18685699 : EXECUTING
14:22:41 INFO  State of operation 18685699 : EXECUTING
14:22:44 INFO  State of operation 18685699 : EXECUTING
14:22:46 INFO  State of operation 18685699 : EXECUTING
14:22:48 INFO  State of operation 18685699 : EXECUTING
14:22:50 INFO  State of operation 18685699 : EXECUTING
14:22:53 INFO  State of operation 18685699 : EXECUTING
14:22:55 INFO  State of operation 18685699 : EXECUTING
14:22:58 INFO  State of operation 18685699 : EXECUTING
14:23:00 INFO  State of operation 18685699 : EXECUTING
14:23:02 INFO  State of operation 18685699 : EXECUTING
14:23:04 INFO  State of operation 18685699 : EXECUTING
14:23:07 INFO  State of operation 18685699 : EXECUTING
14:23:09 INFO  State of operation 18685699 : EXECUTING
14:23:11 INFO  State of operation 18685699 : EXECUTING
14:23:14 INFO  State of operation 18685699 : EXECUTING
14:23:16 INFO  State of operation 18685699 : EXECUTING
14:23:18 INFO  State of operation 18685699 : EXECUTING
14:23:20 INFO  State of operation 18685699 : EXECUTING
14:23:22 INFO  State of operation 18685699 : EXECUTING
14:23:25 INFO  State of operation 18685699 : EXECUTING
14:23:27 INFO  State of operation 18685699 : EXECUTING
14:23:29 INFO  State of operation 18685699 : EXECUTING
14:23:32 INFO  State of operation 18685699 : EXECUTING
14:23:34 INFO  State of operation 18685699 : EXECUTING
14:23:37 INFO  State of operation 18685699 : EXECUTING
14:23:40 INFO  State of operation 18685699 : EXECUTING
14:23:42 INFO  State of operation 18685699 : EXECUTING
14:23:45 INFO  State of operation 18685699 : EXECUTING
14:23:47 INFO  State of operation 18685699 : EXECUTING
14:23:49 INFO  State of operation 18685699 : EXECUTING
14:23:51 INFO  State of operation 18685699 : EXECUTING
14:23:54 INFO  State of operation 18685699 : EXECUTING
14:23:56 INFO  State of operation 18685699 : EXECUTING
14:23:59 INFO  State of operation 18685699 : EXECUTING
14:24:01 INFO  State of operation 18685699 : EXECUTING
14:24:03 INFO  State of operation 18685699 : EXECUTING
14:24:06 INFO  State of operation 18685699 : EXECUTING
14:24:08 INFO  State of operation 18685699 : EXECUTING
14:24:10 INFO  State of operation 18685699 : EXECUTING
14:24:13 INFO  State of operation 18685699 : EXECUTING
14:24:15 INFO  State of operation 18685699 : EXECUTING
14:24:17 INFO  State of operation 18685699 : EXECUTING
14:24:20 INFO  State of operation 18685699 : EXECUTING
14:24:22 INFO  State of operation 18685699 : EXECUTING
14:24:24 WARN  SystemError occurred while running test - Timeout while waiting for status SUCCESSFUL or False
Traceback (most recent call last):
  File "/home/pi/env-pysys/lib/python3.7/site-packages/pysys/baserunner.py", line 1294, in __call__
    self.testObj.execute()
  File "/home/pi/actions-runner/_work/thin-edge.io/thin-edge.io/tests/PySys/software_management_end_to_end/sm_apt_install_remove_multiple_mixed/run.py", line 89, in execute
    self.wait_until_succcess()
  File "/home/pi/actions-runner/_work/thin-edge.io/thin-edge.io/tests/PySys/software_management_end_to_end/environment_sm_management.py", line 324, in wait_until_succcess
    self.wait_until_status("SUCCESSFUL")
  File "/home/pi/actions-runner/_work/thin-edge.io/thin-edge.io/tests/PySys/software_management_end_to_end/environment_sm_management.py", line 381, in wait_until_status
    "Timeout while waiting for status %s or %s" % (status, status2)
SystemError: Timeout while waiting for status SUCCESSFUL or False
14:24:24 WARN  SystemError: Timeout while waiting for status SUCCESSFUL or False ... blocked 
14:24:24 INFO  
14:24:24 INFO  cleanup:
14:24:31 INFO  Executed sudo&lt;tedge_disconnect_c8y&gt;, exit status 0
14:24:32 INFO  Executed systemctl&lt;serv_mapper5&gt;, exit status 3
14:24:32 INFO  
14:24:32 INFO  Test duration: 179.73 secs
14:24:32 INFO  Test final outcome:  BLOCKED
14:24:32 INFO  Test outcome reason: SystemError: Timeout while waiting for status SUCCESSFUL or False (+1 other failures)
14:24:32 INFO  
</system-out>
	</testcase>
</testsuite><testsuite name="SoftwareManagement.sm_apt_install_remove_with_version" tests="3" errors="0" failures="0" skipped="1" time="0"><testcase classname="PySysTest" name="SoftwareManagement.sm_apt_install_remove_with_version">
		<skipped message="SKIPPED: Testing the apt plugin is not supported on this platform.Use parameter -XmyPlatform='container' to enable it" />
		<system-out>13:19:54 INFO  ==============================================================
13:19:54 INFO  Id:    SoftwareManagement.sm_apt_install_remove_with_version
13:19:54 INFO  Dir:   software_management_end_to_end/
13:19:54 INFO  Title: Validate end to end behaviour for the apt plugin for packages with version
13:19:54 INFO  ==============================================================
13:19:54 INFO  Testing the apt plugin is not supported on this platform.Use parameter -XmyPlatform='container' to enable it ... skipped
13:19:54 WARN  Aborted test due to SKIPPED outcome
13:19:54 INFO  
13:19:54 INFO  Test duration: 0.02 secs
13:19:54 INFO  Test final outcome:  SKIPPED
13:19:54 INFO  Test outcome reason: Testing the apt plugin is not supported on this platform.Use parameter -XmyPlatform='container' to enable it
13:19:54 INFO  
</system-out>
	</testcase>
<testcase classname="PySysTest" name="SoftwareManagement.sm_apt_install_remove_with_version" />
<testcase classname="PySysTest" name="SoftwareManagement.sm_apt_install_remove_with_version" />
</testsuite><testsuite name="SoftwareManagement.sm_docker_install_remove_multiple" tests="3" errors="0" failures="0" skipped="1" time="0"><testcase classname="SMDockerInstallRemove" name="SoftwareManagement.sm_docker_install_remove_multiple">
		<skipped message="SKIPPED: Testing the apt plugin is not supported on this platform.Use parameter -XmyPlatform='container' to enable it" />
		<system-out>13:19:54 INFO  ==============================================================
13:19:54 INFO  Id:    SoftwareManagement.sm_docker_install_remove_multiple
13:19:54 INFO  Dir:   software_management_end_to_end/
13:19:54 INFO  Title: Validate end to end behaviour for the docker plugin for multiple docker images with mixed versions
13:19:54 INFO  ==============================================================
13:19:54 INFO  Testing the apt plugin is not supported on this platform.Use parameter -XmyPlatform='container' to enable it ... skipped
13:19:54 WARN  Aborted test due to SKIPPED outcome
13:19:54 INFO  
13:19:54 INFO  Test duration: 0.03 secs
13:19:54 INFO  Test final outcome:  SKIPPED
13:19:54 INFO  Test outcome reason: Testing the apt plugin is not supported on this platform.Use parameter -XmyPlatform='container' to enable it
13:19:54 INFO  
</system-out>
	</testcase>
<testcase classname="SMDockerInstallRemove" name="SoftwareManagement.sm_docker_install_remove_multiple" />
<testcase classname="SMDockerInstallRemove" name="SoftwareManagement.sm_docker_install_remove_multiple" />
</testsuite><testsuite name="SoftwareManagement.sm_fake_install_remove" tests="2" errors="0" failures="0" skipped="1" time="0"><testcase classname="PySysTest" name="SoftwareManagement.sm_fake_install_remove">
		<skipped message="SKIPPED: Testing the fake plugin is not enabled.Use parameter -Xfakeplugin=fakeplugin to enable it" />
		<system-out>13:19:54 INFO  ==============================================================
13:19:54 INFO  Id:    SoftwareManagement.sm_fake_install_remove
13:19:54 INFO  Dir:   software_management_end_to_end/
13:19:54 INFO  Title: Validate end to end behaviour for the dummy plugin for installation and removal of packages
13:19:54 INFO  ==============================================================
13:19:54 INFO  Testing the fake plugin is not enabled.Use parameter -Xfakeplugin=fakeplugin to enable it ... skipped
13:19:54 WARN  Aborted test due to SKIPPED outcome
13:19:54 INFO  
13:19:54 INFO  Test duration: 0.02 secs
13:19:54 INFO  Test final outcome:  SKIPPED
13:19:54 INFO  Test outcome reason: Testing the fake plugin is not enabled.Use parameter -Xfakeplugin=fakeplugin to enable it
13:19:54 INFO  
</system-out>
	</testcase>
<testcase classname="PySysTest" name="SoftwareManagement.sm_fake_install_remove" />
</testsuite><testsuite name="SoftwareManagement.sm_fake_install_remove_multiple" tests="2" errors="0" failures="0" skipped="1" time="0"><testcase classname="PySysTest" name="SoftwareManagement.sm_fake_install_remove_multiple">
		<skipped message="SKIPPED: Testing the fake plugin is not enabled.Use parameter -Xfakeplugin=fakeplugin to enable it" />
		<system-out>13:19:54 INFO  ==============================================================
13:19:54 INFO  Id:    SoftwareManagement.sm_fake_install_remove_multiple
13:19:54 INFO  Dir:   software_management_end_to_end/
13:19:54 INFO  Title: Validate end to end behaviour for the dummy-plugin for multiple packages
13:19:54 INFO  ==============================================================
13:19:54 INFO  Testing the fake plugin is not enabled.Use parameter -Xfakeplugin=fakeplugin to enable it ... skipped
13:19:54 WARN  Aborted test due to SKIPPED outcome
13:19:54 INFO  
13:19:54 INFO  Test duration: 0.02 secs
13:19:54 INFO  Test final outcome:  SKIPPED
13:19:54 INFO  Test outcome reason: Testing the fake plugin is not enabled.Use parameter -Xfakeplugin=fakeplugin to enable it
13:19:54 INFO  
</system-out>
	</testcase>
<testcase classname="PySysTest" name="SoftwareManagement.sm_fake_install_remove_multiple" />
</testsuite><testsuite name="SoftwareManagement.sm_mapper_fail_and_reconnect" tests="2" errors="0" failures="0" skipped="2" time="0"><testcase classname="MapperC8yReceiveLastMessageOnRestart" name="SoftwareManagement.sm_mapper_fail_and_reconnect">
		<skipped message="SKIPPED: instable https://github.com/thin-edge/thin-edge.io/issues/752" />
		<system-out>13:19:54 INFO  ==============================================================
13:19:54 INFO  Id:    SoftwareManagement.sm_mapper_fail_and_reconnect
13:19:54 INFO  Dir:   software_management_end_to_end/
13:19:54 INFO  Title: Validate the tedge-mapper-sm-c8y for receiving the last message on restart
13:19:54 INFO  ==============================================================
13:19:54 INFO  instable https://github.com/thin-edge/thin-edge.io/issues/752 ... skipped
13:19:54 INFO  
13:19:54 INFO  Test duration: 0.02 secs
13:19:54 INFO  Test final outcome:  SKIPPED
13:19:54 INFO  Test outcome reason: instable https://github.com/thin-edge/thin-edge.io/issues/752
13:19:54 INFO  
</system-out>
	</testcase>
<testcase classname="MapperC8yReceiveLastMessageOnRestart" name="SoftwareManagement.sm_mapper_fail_and_reconnect">
		<skipped message="SKIPPED: instable https://github.com/thin-edge/thin-edge.io/issues/752" />
		<system-out>14:31:28 INFO  ==============================================================
14:31:28 INFO  Id:    SoftwareManagement.sm_mapper_fail_and_reconnect
14:31:28 INFO  Dir:   software_management_end_to_end/
14:31:28 INFO  Title: Validate the tedge-mapper-sm-c8y for receiving the last message on restart
14:31:28 INFO  ==============================================================
14:31:28 INFO  instable https://github.com/thin-edge/thin-edge.io/issues/752 ... skipped
14:31:28 INFO  
14:31:28 INFO  Test duration: 0.04 secs
14:31:28 INFO  Test final outcome:  SKIPPED
14:31:28 INFO  Test outcome reason: instable https://github.com/thin-edge/thin-edge.io/issues/752
14:31:28 INFO  
</system-out>
	</testcase>
</testsuite><testsuite name="SoftwareManagement.sm_mixed_install_remove_multiple" tests="2" errors="0" failures="1" skipped="1" time="0"><testcase classname="PySysTest" name="SoftwareManagement.sm_mixed_install_remove_multiple">
		<skipped message="SKIPPED: Testing the fake plugin is not enabled.Use parameter -Xfakeplugin=fakeplugin to enable it" />
		<system-out>13:19:54 INFO  ==============================================================
13:19:54 INFO  Id:    SoftwareManagement.sm_mixed_install_remove_multiple
13:19:54 INFO  Dir:   software_management_end_to_end/
13:19:54 INFO  Title: Validate end to end behaviour for the dummy-plugin for multiple packages with mixed versions
13:19:54 INFO  ==============================================================
13:19:54 INFO  Testing the fake plugin is not enabled.Use parameter -Xfakeplugin=fakeplugin to enable it ... skipped
13:19:54 WARN  Aborted test due to SKIPPED outcome
13:19:54 INFO  
13:19:54 INFO  Test duration: 0.03 secs
13:19:54 INFO  Test final outcome:  SKIPPED
13:19:54 INFO  Test outcome reason: Testing the fake plugin is not enabled.Use parameter -Xfakeplugin=fakeplugin to enable it
13:19:54 INFO  
</system-out>
	</testcase>
<testcase classname="PySysTest" name="SoftwareManagement.sm_mixed_install_remove_multiple">
		<failure message="FAILED: Assert that (False == value) with value=True" type="FAILED" />
		<system-out>14:31:28 INFO  ==============================================================
14:31:28 INFO  Id:    SoftwareManagement.sm_mixed_install_remove_multiple
14:31:28 INFO  Dir:   software_management_end_to_end/
14:31:28 INFO  Title: Validate end to end behaviour for the dummy-plugin for multiple packages with mixed versions
14:31:28 INFO  ==============================================================
14:31:28 INFO  Using sw id database: {'asciijump': '5475369', 'robotfindskitten': '5474869', 'squirrel3': '5475279', 'rolldice': '5152439', 'moon-buggy': '5439204', 'apple': '5495053', 'banana': '5494888', 'cherry': '5495382', 'watermelon': '5494510', 'registry': '8018911', 'hello-world': '8021526', 'docker/getting-started': '8021973', 'alpine': '7991792'}
14:31:28 INFO  EnvironmentC8y Setup
14:31:28 INFO  Executed systemctl&lt;serv_mapper1&gt;, exit status 3
14:31:28 INFO  Restarting mosquitto too frequently in the last 10 seconds. It was only up for 5 seconds
14:31:28 INFO  Delaying execution by 6 seconds
14:31:49 INFO  Executed sudo&lt;tedge_connect_c8y&gt;, exit status 0, duration 14 secs
14:31:49 INFO  Executed sudo&lt;tedge_connect_c8y_test&gt;, exit status 0
14:31:50 INFO  Executed systemctl&lt;serv_mosq2&gt;, exit status 0
14:31:50 INFO  Executed systemctl&lt;serv_mapper3&gt;, exit status 0
14:31:53 INFO  State of current operation: SUCCESSFUL
14:31:53 INFO  Package apple is installed
14:31:53 INFO  Assert that (True == value) with value=True ... passed
14:31:53 INFO  Package banana is installed
14:31:53 INFO  Assert that (True == value) with value=True ... passed
14:31:53 INFO  Package cherry is installed
14:31:53 INFO  Assert that (True == value) with value=True ... passed
14:31:53 INFO  Package asciijump is installed
14:31:54 WARN  Assert that (False == value) with value=True ... failed 
14:31:54 INFO  Assert that (False == value) with value=False ... passed
14:31:54 INFO  Response status: 201
14:31:54 INFO  Response to action: {
    "delivery": {
        "time": "2022-05-10T14:31:54.464Z",
        "log": [],
        "status": "PENDING"
    },
    "creationTime": "2022-05-10T14:31:54.449Z",
    "deviceName": "mythicc",
    "deviceId": "18674246",
    "self": "https://t493319102.eu-latest.cumulocity.com/devicecontrol/operations/18685845",
    "id": "18685845",
    "status": "PENDING",
    "description": "Apply software changes, triggered from PySys: [{'action': 'install', 'id': '5495053', 'name': 'apple', 'url': ' ', 'version': '::fruits'}, {'action': 'install', 'id': '5494888', 'name': 'banana', 'url': ' ', 'version': '::fruits'}, {'action': 'install', 'id': '5475369', 'name': 'asciijump', 'url': ' ', 'version': '::apt'}, {'action': 'install', 'id': '5495382', 'name': 'cherry', 'url': ' ', 'version': '::fruits'}, {'action': 'install', 'id': '8018911', 'name': 'registry', 'url': ' ', 'version': '::docker'}]",
    "c8y_SoftwareUpdate": [
        {
            "name": "apple",
            "action": "install",
            "id": "5495053",
            "version": "::fruits",
            "url": " "
        },
        {
            "name": "banana",
            "action": "install",
            "id": "5494888",
            "version": "::fruits",
            "url": " "
        },
        {
            "name": "asciijump",
            "action": "install",
            "id": "5475369",
            "version": "::apt",
            "url": " "
        },
        {
            "name": "cherry",
            "action": "install",
            "id": "5495382",
            "version": "::fruits",
            "url": " "
[...]
</system-out>
	</testcase>
<testcase classname="DockerPluginInstallWithVersionTest" name="docker_plugin_install_with_version" />
</testsuite><testsuite name="docker_plugin_remove" tests="2" errors="0" failures="0" skipped="1" time="0"><testcase classname="DockerPluginRemoveTest" name="docker_plugin_remove">
		<skipped message="SKIPPED: Testing the docker plugin is not supported on this platform.To run it, all the test with -XmyPlatform='container'" />
		<system-out>13:10:16 INFO  ==============================================================
13:10:16 INFO  Id:    docker_plugin_remove
13:10:16 INFO  Dir:   plugin_docker/
13:10:16 INFO  Title: Validate docker plugin remove
13:10:16 INFO  ==============================================================
13:10:16 INFO  Testing the docker plugin is not supported on this platform.To run it, all the test with -XmyPlatform='container' ... skipped
13:10:16 WARN  Aborted test due to SKIPPED outcome
13:10:16 INFO  
13:10:16 INFO  Test duration: 0.02 secs
13:10:16 INFO  Test final outcome:  SKIPPED
13:10:16 INFO  Test outcome reason: Testing the docker plugin is not supported on this platform.To run it, all the test with -XmyPlatform='container'
13:10:16 INFO  
</system-out>
	</testcase>
<testcase classname="DockerPluginRemoveTest" name="docker_plugin_remove" />
</testsuite><testsuite name="docker_plugin_remove_with_version" tests="2" errors="0" failures="0" skipped="1" time="0"><testcase classname="DockerPluginRemoveWithVersionTest" name="docker_plugin_remove_with_version">
		<skipped message="SKIPPED: Testing the docker plugin is not supported on this platform.To run it, all the test with -XmyPlatform='container'" />
		<system-out>13:10:16 INFO  ==============================================================
13:10:16 INFO  Id:    docker_plugin_remove_with_version
13:10:16 INFO  Dir:   plugin_docker/
13:10:16 INFO  Title: Validate docker plugin remove with version
13:10:16 INFO  ==============================================================
13:10:16 INFO  Testing the docker plugin is not supported on this platform.To run it, all the test with -XmyPlatform='container' ... skipped
13:10:16 WARN  Aborted test due to SKIPPED outcome
13:10:16 INFO  
13:10:16 INFO  Test duration: 0.02 secs
13:10:16 INFO  Test final outcome:  SKIPPED
13:10:16 INFO  Test outcome reason: Testing the docker plugin is not supported on this platform.To run it, all the test with -XmyPlatform='container'
13:10:16 INFO  
</system-out>
	</testcase>
<testcase classname="DockerPluginRemoveWithVersionTest" name="docker_plugin_remove_with_version" />
</testsuite><testsuite name="docker_plugin_update" tests="2" errors="0" failures="0" skipped="1" time="0"><testcase classname="DockerPluginUpdateTest" name="docker_plugin_update">
		<skipped message="SKIPPED: Testing the docker plugin is not supported on this platform.To run it, all the test with -XmyPlatform='container'" />
		<system-out>13:10:16 INFO  ==============================================================
13:10:16 INFO  Id:    docker_plugin_update
13:10:16 INFO  Dir:   plugin_docker/
13:10:16 INFO  Title: Validate docker plugin install updates existing containers
13:10:16 INFO  ==============================================================
13:10:16 INFO  Testing the docker plugin is not supported on this platform.To run it, all the test with -XmyPlatform='container' ... skipped
13:10:16 WARN  Aborted test due to SKIPPED outcome
13:10:16 INFO  
13:10:16 INFO  Test duration: 0.02 secs
13:10:16 INFO  Test final outcome:  SKIPPED
13:10:16 INFO  Test outcome reason: Testing the docker plugin is not supported on this platform.To run it, all the test with -XmyPlatform='container'
13:10:16 INFO  
</system-out>
	</testcase>
<testcase classname="DockerPluginUpdateTest" name="docker_plugin_update" />
</testsuite><testsuite name="invalid_device_id" tests="1" errors="0" failures="0" skipped="0" time="0"><testcase classname="InvalidDeviceId" name="invalid_device_id" />
</testsuite><testsuite name="local_mqtt_pub_fail_noqos" tests="1" errors="0" failures="0" skipped="0" time="0"><testcase classname="PySysTest" name="local_mqtt_pub_fail_noqos" />
</testsuite><testsuite name="local_mqtt_pub_fail_qos0" tests="1" errors="0" failures="0" skipped="0" time="0"><testcase classname="PySysTest" name="local_mqtt_pub_fail_qos0" />
</testsuite><testsuite name="local_mqtt_pub_fail_qos1" tests="1" errors="0" failures="0" skipped="0" time="0"><testcase classname="PySysTest" name="local_mqtt_pub_fail_qos1" />
</testsuite><testsuite name="local_mqtt_pub_fail_qos2" tests="1" errors="0" failures="0" skipped="0" time="0"><testcase classname="PySysTest" name="local_mqtt_pub_fail_qos2" />
</testsuite><testsuite name="local_mqtt_pub_sub" tests="1" errors="0" failures="0" skipped="0" time="0"><testcase classname="PySysTest" name="local_mqtt_pub_sub" />
</testsuite><testsuite name="local_mqtt_pub_sub_retain" tests="1" errors="0" failures="0" skipped="0" time="0"><testcase classname="MqttPublishWithRetain" name="local_mqtt_pub_sub_retain" />
</testsuite><testsuite name="local_mqtt_pub_sub_with_sudo" tests="1" errors="0" failures="0" skipped="0" time="0"><testcase classname="PySysTest" name="local_mqtt_pub_sub_with_sudo" />
</testsuite><testsuite name="local_mqtt_sub_fail" tests="1" errors="0" failures="0" skipped="0" time="0"><testcase classname="PySysTest" name="local_mqtt_sub_fail" />
</testsuite><testsuite name="log_request_error_messages" tests="1" errors="0" failures="0" skipped="1" time="0"><testcase classname="LogRequestVerifySearchTextError" name="log_request_error_messages">
		<skipped message="SKIPPED: Test execution disabled due to #1123" />
		<system-out>13:08:40 INFO  ==============================================================
13:08:40 INFO  Id:    log_request_error_messages
13:08:40 INFO  Dir:   log_request_end_to_end/
13:08:40 INFO  Title: Validate end to end behaviour for the log request operation check for error messages
13:08:40 INFO  ==============================================================
13:08:41 INFO  Test execution disabled due to #1123 ... skipped
13:08:41 INFO  
13:08:41 INFO  Test duration: 1.21 secs
13:08:41 INFO  Test final outcome:  SKIPPED
13:08:41 INFO  Test outcome reason: Test execution disabled due to #1123
13:08:41 INFO  
</system-out>
	</testcase>
</testsuite><testsuite name="log_request_num_lines" tests="1" errors="0" failures="0" skipped="1" time="0"><testcase classname="LogRequestVerifyNumberOfLines" name="log_request_num_lines">
		<skipped message="SKIPPED: Test execution disabled due to #1123" />
		<system-out>13:08:41 INFO  ==============================================================
13:08:41 INFO  Id:    log_request_num_lines
13:08:41 INFO  Dir:   log_request_end_to_end/
13:08:41 INFO  Title: Validate end to end behaviour for the log request operation check for number of lines
13:08:41 INFO  ==============================================================
13:08:41 INFO  Test execution disabled due to #1123 ... skipped
13:08:41 INFO  
13:08:41 INFO  Test duration: 0.02 secs
13:08:41 INFO  Test final outcome:  SKIPPED
13:08:41 INFO  Test outcome reason: Test execution disabled due to #1123
13:08:41 INFO  
</system-out>
	</testcase>
</testsuite><testsuite name="mapper_awaits_before_reconnect" tests="1" errors="0" failures="0" skipped="0" time="0"><testcase classname="MapperReconnectAwait" name="mapper_awaits_before_reconnect" />
</testsuite><testsuite name="monitoring_smaller_interval" tests="1" errors="0" failures="0" skipped="1" time="0"><testcase classname="MonitoringSmallInterval" name="monitoring_smaller_interval">
		<skipped message="SKIPPED: Fails due to retained message" />
		<system-out>13:10:10 INFO  ==============================================================
13:10:10 INFO  Id:    monitoring_smaller_interval
13:10:10 INFO  Dir:   monitoring/
13:10:10 INFO  Title: Validate the tedge dm agent messages that are produced with smaller sampling interval than the batching window. Here the simulated collectd messages are used
13:10:10 INFO  ==============================================================
13:10:10 INFO  Fails due to retained message ... skipped
13:10:10 INFO  
13:10:10 INFO  Test duration: 0.02 secs
13:10:10 INFO  Test final outcome:  SKIPPED
13:10:10 INFO  Test outcome reason: Fails due to retained message
13:10:10 INFO  
</system-out>
	</testcase>
</testsuite><testsuite name="monitoring_with_collectd" tests="1" errors="0" failures="0" skipped="1" time="0"><testcase classname="MonitoringWithCollectd" name="monitoring_with_collectd">
		<skipped message="SKIPPED: Test execution disabled due to #792 (instable)" />
		<system-out>13:10:10 INFO  ==============================================================
13:10:10 INFO  Id:    monitoring_with_collectd
13:10:10 INFO  Dir:   monitoring/
13:10:10 INFO  Title: Validate tedge dm agent messages that are produced by batching the collectd messages
13:10:10 INFO  ==============================================================
13:10:10 INFO  Test execution disabled due to #792 (instable) ... skipped
13:10:10 INFO  
13:10:10 INFO  Test duration: 0.02 secs
13:10:10 INFO  Test final outcome:  SKIPPED
13:10:10 INFO  Test outcome reason: Test execution disabled due to #792 (instable)
13:10:10 INFO  
</system-out>
	</testcase>
</testsuite><testsuite name="monitoring_with_simulated_messages" tests="1" errors="0" failures="0" skipped="1" time="0"><testcase classname="MonitoringWithSimulatedMessages" name="monitoring_with_simulated_messages">
		<skipped message="SKIPPED: Fails due to retained message" />
		<system-out>13:10:10 INFO  ==============================================================
13:10:10 INFO  Id:    monitoring_with_simulated_messages
13:10:10 INFO  Dir:   monitoring/
13:10:10 INFO  Title: Validate the tedge dm agent messages that are produced from the simulated collectd messages
13:10:10 INFO  ==============================================================
13:10:10 INFO  Fails due to retained message ... skipped
13:10:10 INFO  
13:10:10 INFO  Test duration: 0.02 secs
13:10:10 INFO  Test final outcome:  SKIPPED
13:10:10 INFO  Test outcome reason: Fails due to retained message
13:10:10 INFO  
</system-out>
	</testcase>
</testsuite><testsuite name="mqtt_port_change_connection_fails" tests="1" errors="0" failures="0" skipped="0" time="0"><testcase classname="MqttPortChangeConnectionFails" name="mqtt_port_change_connection_fails" />
</testsuite><testsuite name="mqtt_port_change_connection_works" tests="1" errors="0" failures="0" skipped="1" time="0"><testcase classname="MqttPortChangeConnectionWorks" name="mqtt_port_change_connection_works">
		<skipped message="SKIPPED: failing intermitently" />
		<system-out>13:09:16 INFO  ==============================================================
13:09:16 INFO  Id:    mqtt_port_change_connection_works
13:09:16 INFO  Dir:   misc_features/
13:09:16 INFO  Title: mqtt port change connection works for all the thin-edge services that use the mosquitto broker
13:09:16 INFO  ==============================================================
13:09:16 INFO  failing intermitently ... skipped
13:09:16 INFO  
13:09:16 INFO  Test duration: 0.02 secs
13:09:16 INFO  Test final outcome:  SKIPPED
13:09:16 INFO  Test outcome reason: failing intermitently
13:09:16 INFO  
</system-out>
	</testcase>
</testsuite><testsuite name="mqtt_port_set" tests="1" errors="0" failures="0" skipped="0" time="0"><testcase classname="MqttPortSet" name="mqtt_port_set" />
</testsuite><testsuite name="mqtt_port_unset" tests="1" errors="0" failures="0" skipped="0" time="0"><testcase classname="MqttPortUnSet" name="mqtt_port_unset" />
</testsuite><testsuite name="publish_flux" tests="1" errors="0" failures="0" skipped="0" time="0"><testcase classname="PublishFlux" name="publish_flux" />
</testsuite><testsuite name="publish_sawmill" tests="1" errors="0" failures="0" skipped="0" time="0"><testcase classname="PublishSawmill" name="publish_sawmill" />
</testsuite><testsuite name="pysys_block" tests="1" errors="0" failures="0" skipped="1" time="0"><testcase classname="Fail" name="pysys_block">
		<skipped message="SKIPPED: Enable this to observe a blocking test" />
		<system-out>13:09:39 INFO  ==============================================================
13:09:39 INFO  Id:    pysys_block
13:09:39 INFO  Dir:   misc_features/
13:09:39 INFO  Title: fail
13:09:39 INFO  ==============================================================
13:09:39 INFO  Enable this to observe a blocking test ... skipped
13:09:39 INFO  
13:09:39 INFO  Test duration: 0.02 secs
13:09:39 INFO  Test final outcome:  SKIPPED
13:09:39 INFO  Test outcome reason: Enable this to observe a blocking test
13:09:39 INFO  
</system-out>
	</testcase>
</testsuite><testsuite name="pysys_fail" tests="1" errors="0" failures="0" skipped="1" time="0"><testcase classname="Fail" name="pysys_fail">
		<skipped message="SKIPPED: Enable this to observe a failing test" />
		<system-out>13:09:39 INFO  ==============================================================
13:09:39 INFO  Id:    pysys_fail
13:09:39 INFO  Dir:   misc_features/
13:09:39 INFO  Title: fail
13:09:39 INFO  ==============================================================
13:09:39 INFO  Enable this to observe a failing test ... skipped
13:09:39 INFO  
13:09:39 INFO  Test duration: 0.02 secs
13:09:39 INFO  Test final outcome:  SKIPPED
13:09:39 INFO  Test outcome reason: Enable this to observe a failing test
13:09:39 INFO  
</system-out>
	</testcase>
</testsuite><testsuite name="runtime_start_two_mappers" tests="1" errors="0" failures="0" skipped="1" time="0"><testcase classname="RuntimeMultiMappers" name="runtime_start_two_mappers">
		<skipped message="SKIPPED: Test execution disabled due to #1124" />
		<system-out>13:23:29 INFO  ==============================================================
13:23:29 INFO  Id:    runtime_start_two_mappers
13:23:29 INFO  Dir:   tedge_mapper_c8y/
13:23:29 INFO  Title: Validate two mappers can't be started at the same time
13:23:29 INFO  ==============================================================
13:23:29 INFO  Test execution disabled due to #1124 ... skipped
13:23:29 INFO  
13:23:29 INFO  Test duration: 0.02 secs
13:23:29 INFO  Test final outcome:  SKIPPED
13:23:29 INFO  Test outcome reason: Test execution disabled due to #1124
13:23:29 INFO  
</system-out>
	</testcase>
</testsuite><testsuite name="sm_tedge_mapper_init_session" tests="1" errors="0" failures="0" skipped="0" time="0"><testcase classname="TedgeSMMapperInitSession" name="sm_tedge_mapper_init_session" />
</testsuite><testsuite name="smoketest_json" tests="1" errors="0" failures="0" skipped="0" time="0"><testcase classname="SmokeTestJson" name="smoketest_json" />
</testsuite><testsuite name="smoketest_json_400_samples_10ms" tests="1" errors="0" failures="0" skipped="0" time="0"><testcase classname="SmoketestJson400Samples10ms" name="smoketest_json_400_samples_10ms" />
</testsuite><testsuite name="smoketest_json_400_samples_20ms" tests="1" errors="0" failures="0" skipped="0" time="0"><testcase classname="SmoketestJson400Samples20ms" name="smoketest_json_400_samples_20ms" />
</testsuite><testsuite name="smoketest_smartrest" tests="1" errors="0" failures="0" skipped="0" time="0"><testcase classname="SmoketestSmartRest" name="smoketest_smartrest" />
</testsuite><testsuite name="smoketest_smartrest_200_samples_1Xms" tests="1" errors="0" failures="0" skipped="0" time="0"><testcase classname="SmoketestSmartRest200Samples1Xms" name="smoketest_smartrest_200_samples_1Xms" />
</testsuite><testsuite name="smoketest_smartrest_200_samples_20ms" tests="1" errors="0" failures="0" skipped="0" time="0"><testcase classname="SmoketestSmartRest200Samples20ms" name="smoketest_smartrest_200_samples_20ms" />
</testsuite><testsuite name="tedge_agent_user_sudo_access" tests="1" errors="0" failures="0" skipped="1" time="0"><testcase classname="TedgeAgentUserSudoAccess" name="tedge_agent_user_sudo_access">
		<skipped message="SKIPPED: #955 Observation: Exit code of the apt plugin when called with no arguments" />
		<system-out>13:20:21 INFO  ==============================================================
13:20:21 INFO  Id:    tedge_agent_user_sudo_access
13:20:21 INFO  Dir:   tedge/
13:20:21 INFO  Title: Validate tedge-agent user has a limited sudo right
13:20:21 INFO  ==============================================================
13:20:21 INFO  #955 Observation: Exit code of the apt plugin when called with no arguments ... skipped
13:20:21 INFO  
13:20:21 INFO  Test duration: 0.02 secs
13:20:21 INFO  Test final outcome:  SKIPPED
13:20:21 INFO  Test outcome reason: #955 Observation: Exit code of the apt plugin when called with no arguments
13:20:21 INFO  
</system-out>
	</testcase>
</testsuite><testsuite name="tedge_connect_test_negative" tests="1" errors="0" failures="0" skipped="0" time="0"><testcase classname="TedgeConnectTestNegative" name="tedge_connect_test_negative" />
</testsuite><testsuite name="tedge_connect_test_positive" tests="1" errors="0" failures="0" skipped="0" time="0"><testcase classname="TedgeConnectTestPositive" name="tedge_connect_test_positive" />
</testsuite><testsuite name="tedge_connect_test_sm_services" tests="1" errors="0" failures="0" skipped="0" time="0"><testcase classname="TedgeConnectTestSMServices" name="tedge_connect_test_sm_services" />
</testsuite><testsuite name="tedge_disconnect_test_sm_services" tests="1" errors="0" failures="0" skipped="0" time="0"><testcase classname="TedgeDisConnectTestSMServices" name="tedge_disconnect_test_sm_services" />
</testsuite><testsuite name="tedge_mapper_az_negative" tests="1" errors="0" failures="0" skipped="0" time="0"><testcase classname="TedgeMapperAzError" name="tedge_mapper_az_negative" />
</testsuite><testsuite name="tedge_mapper_az_with_timestamp" tests="1" errors="0" failures="0" skipped="0" time="0"><testcase classname="TedgeMapperAzWithTimestamp" name="tedge_mapper_az_with_timestamp" />
</testsuite><testsuite name="tedge_mapper_az_without_timestamp" tests="1" errors="0" failures="0" skipped="0" time="0"><testcase classname="TedgeMapperAzWithoutTimestamp" name="tedge_mapper_az_without_timestamp" />
</testsuite><testsuite name="tedge_mapper_c8y_alarms" tests="1" errors="0" failures="0" skipped="0" time="0"><testcase classname="TedgeMapperC8yAlarm" name="tedge_mapper_c8y_alarms" />
</testsuite><testsuite name="tedge_mapper_c8y_child_device_measurement" tests="1" errors="0" failures="0" skipped="1" time="0"><testcase classname="TedgeMapperC8yChildDevice" name="tedge_mapper_c8y_child_device_measurement">
		<skipped message="SKIPPED: Test execution disabled due to #1088" />
		<system-out>13:24:42 INFO  ==============================================================
13:24:42 INFO  Id:    tedge_mapper_c8y_child_device_measurement
13:24:42 INFO  Dir:   tedge_mapper_c8y/
13:24:42 INFO  Title: Validate that measurements sent to tedge/measurements/child topic gets mapped as the child device's measurement in Cumulocity
13:24:42 INFO  ==============================================================
13:24:42 INFO  Test execution disabled due to #1088 ... skipped
13:24:42 INFO  
13:24:42 INFO  Test duration: 0.04 secs
13:24:42 INFO  Test final outcome:  SKIPPED
13:24:42 INFO  Test outcome reason: Test execution disabled due to #1088
13:24:42 INFO  
</system-out>
	</testcase>
</testsuite><testsuite name="tedge_mapper_c8y_packet_threshold_size" tests="1" errors="0" failures="0" skipped="0" time="0"><testcase classname="TedgeMapperC8yThresholdPacketSize" name="tedge_mapper_c8y_packet_threshold_size" />
</testsuite><testsuite name="tedge_software_update" tests="1" errors="0" failures="0" skipped="0" time="0"><testcase classname="PySysTest" name="tedge_software_update" />
</testsuite><testsuite name="valid_device_id" tests="1" errors="0" failures="0" skipped="0" time="0"><testcase classname="ValidateValidDeviceId" name="valid_device_id" />
</testsuite></testsuites>