<?xml version='1.0' encoding='utf-8'?>
<testsuites tests="149" failures="10" errors="0" skipped="54" time="0.0"><testsuite name="SoftwareManagement.Plugin.apama_plugin_install" tests="3" errors="0" failures="0" skipped="1" time="0"><testcase classname="ApamaPluginInstallTest" name="SoftwareManagement.Plugin.apama_plugin_install">
		<skipped message="SKIPPED: Apama plugin tests are disabled by default. Execute `pysys run` with `-XmyPlatform=container` to run these tests" />
		<system-out>09:14:15 INFO  ==============================================================
09:14:15 INFO  Id:    SoftwareManagement.Plugin.apama_plugin_install
09:14:15 INFO  Dir:   plugin_apama/
09:14:15 INFO  Title: Validate apama plugin install
09:14:15 INFO  ==============================================================
09:14:15 INFO  Apama plugin tests are disabled by default. Execute `pysys run` with `-XmyPlatform=container` to run these tests ... skipped
09:14:15 WARN  Aborted test due to SKIPPED outcome
09:14:15 INFO  
09:14:15 INFO  Test duration: 0.07 secs
09:14:15 INFO  Test final outcome:  SKIPPED
09:14:15 INFO  Test outcome reason: Apama plugin tests are disabled by default. Execute `pysys run` with `-XmyPlatform=container` to run these tests
09:14:15 INFO  
</system-out>
	</testcase>
<testcase classname="ApamaPluginInstallTest" name="SoftwareManagement.Plugin.apama_plugin_install" />
<testcase classname="ApamaPluginInstallTest" name="SoftwareManagement.Plugin.apama_plugin_install" />
</testsuite><testsuite name="SoftwareManagement.Plugin.apama_plugin_mon_support" tests="3" errors="0" failures="0" skipped="1" time="0"><testcase classname="ApamaPluginMonSupportTest" name="SoftwareManagement.Plugin.apama_plugin_mon_support">
		<skipped message="SKIPPED: Apama plugin tests are disabled by default. Execute `pysys run` with `-XmyPlatform=container` to run these tests" />
		<system-out>09:14:15 INFO  ==============================================================
09:14:15 INFO  Id:    SoftwareManagement.Plugin.apama_plugin_mon_support
09:14:15 INFO  Dir:   plugin_apama/
09:14:15 INFO  Title: Validate mon file support of apama plugin
09:14:15 INFO  ==============================================================
09:14:15 INFO  Apama plugin tests are disabled by default. Execute `pysys run` with `-XmyPlatform=container` to run these tests ... skipped
09:14:15 WARN  Aborted test due to SKIPPED outcome
09:14:15 INFO  
09:14:15 INFO  Test duration: 0.02 secs
09:14:15 INFO  Test final outcome:  SKIPPED
09:14:15 INFO  Test outcome reason: Apama plugin tests are disabled by default. Execute `pysys run` with `-XmyPlatform=container` to run these tests
09:14:15 INFO  
</system-out>
	</testcase>
<testcase classname="ApamaPluginMonSupportTest" name="SoftwareManagement.Plugin.apama_plugin_mon_support" />
<testcase classname="ApamaPluginMonSupportTest" name="SoftwareManagement.Plugin.apama_plugin_mon_support" />
</testsuite><testsuite name="SoftwareManagement.Plugin.apama_plugin_remove" tests="3" errors="0" failures="0" skipped="1" time="0"><testcase classname="ApamaPluginRemoveTest" name="SoftwareManagement.Plugin.apama_plugin_remove">
		<skipped message="SKIPPED: Apama plugin tests are disabled by default. Execute `pysys run` with `-XmyPlatform=container` to run these tests" />
		<system-out>09:14:15 INFO  ==============================================================
09:14:15 INFO  Id:    SoftwareManagement.Plugin.apama_plugin_remove
09:14:15 INFO  Dir:   plugin_apama/
09:14:15 INFO  Title: Validate apama plugin remove
09:14:15 INFO  ==============================================================
09:14:15 INFO  Apama plugin tests are disabled by default. Execute `pysys run` with `-XmyPlatform=container` to run these tests ... skipped
09:14:15 WARN  Aborted test due to SKIPPED outcome
09:14:15 INFO  
09:14:15 INFO  Test duration: 0.04 secs
09:14:15 INFO  Test final outcome:  SKIPPED
09:14:15 INFO  Test outcome reason: Apama plugin tests are disabled by default. Execute `pysys run` with `-XmyPlatform=container` to run these tests
09:14:15 INFO  
</system-out>
	</testcase>
<testcase classname="ApamaPluginRemoveTest" name="SoftwareManagement.Plugin.apama_plugin_remove" />
<testcase classname="ApamaPluginRemoveTest" name="SoftwareManagement.Plugin.apama_plugin_remove" />
</testsuite><testsuite name="SoftwareManagement.Plugin.apama_plugin_update" tests="3" errors="0" failures="0" skipped="3" time="0"><testcase classname="ApamaPluginUpdateTest" name="SoftwareManagement.Plugin.apama_plugin_update">
		<skipped message="SKIPPED: Test execution disabled due to #1052" />
		<system-out>09:14:15 INFO  ==============================================================
09:14:15 INFO  Id:    SoftwareManagement.Plugin.apama_plugin_update
09:14:15 INFO  Dir:   plugin_apama/
09:14:15 INFO  Title: Validate apama plugin updating one project with another
09:14:15 INFO  ==============================================================
09:14:15 INFO  Test execution disabled due to #1052 ... skipped
09:14:15 INFO  
09:14:15 INFO  Test duration: 0.02 secs
09:14:15 INFO  Test final outcome:  SKIPPED
09:14:15 INFO  Test outcome reason: Test execution disabled due to #1052
09:14:15 INFO  
</system-out>
	</testcase>
<testcase classname="ApamaPluginUpdateTest" name="SoftwareManagement.Plugin.apama_plugin_update">
		<skipped message="SKIPPED: Test execution disabled due to #1052" />
		<system-out>10:07:16 INFO  ==============================================================
10:07:16 INFO  Id:    SoftwareManagement.Plugin.apama_plugin_update
10:07:16 INFO  Dir:   plugin_apama/
10:07:16 INFO  Title: Validate apama plugin updating one project with another
10:07:16 INFO  ==============================================================
10:07:16 INFO  Test execution disabled due to #1052 ... skipped
10:07:16 INFO  
10:07:16 INFO  Test duration: 0.02 secs
10:07:16 INFO  Test final outcome:  SKIPPED
10:07:16 INFO  Test outcome reason: Test execution disabled due to #1052
10:07:16 INFO  
</system-out>
	</testcase>
<testcase classname="ApamaPluginUpdateTest" name="SoftwareManagement.Plugin.apama_plugin_update">
		<skipped message="SKIPPED: Test execution disabled due to #1052" />
		<system-out>10:15:51 INFO  ==============================================================
10:15:51 INFO  Id:    SoftwareManagement.Plugin.apama_plugin_update
10:15:51 INFO  Dir:   plugin_apama/
10:15:51 INFO  Title: Validate apama plugin updating one project with another
10:15:51 INFO  ==============================================================
10:15:51 INFO  Test execution disabled due to #1052 ... skipped
10:15:51 INFO  
10:15:51 INFO  Test duration: 0.03 secs
10:15:51 INFO  Test final outcome:  SKIPPED
10:15:51 INFO  Test outcome reason: Test execution disabled due to #1052
10:15:51 INFO  
</system-out>
	</testcase>
</testsuite><testsuite name="SoftwareManagement.sm_apt_install_download_path" tests="3" errors="0" failures="2" skipped="1" time="0"><testcase classname="AptInstallWithDownloadPath" name="SoftwareManagement.sm_apt_install_download_path">
		<skipped message="SKIPPED: Testing the apt plugin is not supported on this platform.Use parameter -XmyPlatform='container' to enable it" />
		<system-out>09:24:00 INFO  ==============================================================
09:24:00 INFO  Id:    SoftwareManagement.sm_apt_install_download_path
09:24:00 INFO  Dir:   software_management_end_to_end/
09:24:00 INFO  Title: Install package to directory specified in tedge config set tmp.path
09:24:00 INFO  ==============================================================
09:24:01 INFO  Testing the apt plugin is not supported on this platform.Use parameter -XmyPlatform='container' to enable it ... skipped
09:24:01 WARN  Aborted test due to SKIPPED outcome
09:24:01 INFO  
09:24:01 INFO  Test duration: 0.08 secs
09:24:01 INFO  Test final outcome:  SKIPPED
09:24:01 INFO  Test outcome reason: Testing the apt plugin is not supported on this platform.Use parameter -XmyPlatform='container' to enable it
09:24:01 INFO  
</system-out>
	</testcase>
<testcase classname="AptInstallWithDownloadPath" name="SoftwareManagement.sm_apt_install_download_path">
		<failure message="BLOCKED: AssertionError:" type="BLOCKED" />
		<system-out>09:48:44 INFO  ==============================================================
09:48:44 INFO  Id:    SoftwareManagement.sm_apt_install_download_path
09:48:44 INFO  Dir:   software_management_end_to_end/
09:48:44 INFO  Title: Install package to directory specified in tedge config set tmp.path
09:48:44 INFO  ==============================================================
09:48:44 INFO  Using sw id database: {'asciijump': '5475369', 'robotfindskitten': '5474869', 'squirrel3': '5475279', 'rolldice': '5152439', 'moon-buggy': '5439204', 'apple': '5495053', 'banana': '5494888', 'cherry': '5495382', 'watermelon': '5494510', 'registry': '8018911', 'hello-world': '8021526', 'docker/getting-started': '8021973', 'alpine': '7991792'}
09:48:44 INFO  EnvironmentC8y Setup
09:48:45 INFO  Executed systemctl&lt;serv_mapper1&gt;, exit status 3
09:48:59 INFO  Executed sudo&lt;tedge_connect_c8y&gt;, exit status 0, duration 14 secs
09:49:01 INFO  Executed sudo&lt;tedge_connect_c8y_test&gt;, exit status 0
09:49:02 INFO  Executed systemctl&lt;serv_mosq2&gt;, exit status 0
09:49:03 INFO  Executed systemctl&lt;serv_mapper3&gt;, exit status 0
09:49:05 ERROR No operations found, assuming it passed
09:49:05 INFO  Assert that (False == value) with value=False ... passed
09:49:06 INFO  Executed sudo, exit status 0
09:49:06 INFO  Executed sudo, exit status 0
09:49:07 INFO  Executed sudo, exit status 0
09:49:12 INFO  Executed sudo&lt;tedge_disconnect_c8y&gt;, exit status 0
09:49:12 INFO  Restarting mosquitto too frequently in the last 10 seconds. It was only up for 4 seconds
09:49:12 INFO  Delaying execution by 7 seconds
09:49:33 INFO  Executed sudo&lt;tedge_connect_c8y&gt;, exit status 0, duration 14 secs
09:49:33 INFO  Response status: 201
09:49:33 INFO  Response to action: {
    "creationTime": "2022-05-23T09:49:33.831Z",
    "deviceId": "19492120",
    "deviceName": "mythicd",
    "self": "https://t493319102.eu-latest.cumulocity.com/devicecontrol/operations/19508240",
    "id": "19508240",
    "status": "PENDING",
    "description": "Apply software changes, triggered from PySys: [{'name': 'rolldice', 'id': '5152439', 'version': '::apt', 'url': 'https://thin-edge-io.eu-latest.cumulocity.com/inventory/binaries/12435463', 'action': 'install'}]",
    "c8y_SoftwareUpdate": [
        {
            "name": "rolldice",
            "action": "install",
            "id": "5152439",
            "version": "::apt",
            "url": "https://thin-edge-io.eu-latest.cumulocity.com/inventory/binaries/12435463"
        }
    ]
}
09:49:33 INFO  Started operation: {'creationTime': '2022-05-23T09:49:33.831Z', 'deviceId': '19492120', 'deviceName': 'mythicd', 'self': 'https://t493319102.eu-latest.cumulocity.com/devicecontrol/operations/19508240', 'id': '19508240', 'status': 'PENDING', 'description': "Apply software changes, triggered from PySys: [{'name': 'rolldice', 'id': '5152439', 'version': '::apt', 'url': 'https://thin-edge-io.eu-latest.cumulocity.com/inventory/binaries/12435463', 'action': 'install'}]", 'c8y_SoftwareUpdate': [{'name': 'rolldice', 'action': 'install', 'id': '5152439', 'version': '::apt', 'url': 'https://thin-edge-io.eu-latest.cumulocity.com/inventory/binaries/12435463'}]}
09:49:33 WARN  , retrying in 0.5 seconds...
09:49:34 WARN  , retrying in 0.5 seconds...
09:49:34 WARN  , retrying in 0.5 seconds...
09:49:35 WARN  , retrying in 0.5 seconds...
09:49:35 WARN  , retrying in 0.5 seconds...
09:49:36 WARN  , retrying in 0.5 seconds...
09:49:36 WARN  , retrying in 0.5 seconds...
09:49:37 WARN  , retrying in 0.5 seconds...
09:49:37 WARN  , retrying in 0.5 seconds...
09:49:38 WARN  AssertionError occurred while running test - 
Traceback (most recent call last):
  File "/home/pi/env-pysys/lib/python3.7/site-packages/pysys/baserunner.py", line 1294, in __call__
    self.testObj.execute()
  File "/home/pi/actions-runner/_work/thin-edge.io/thin-edge.io/tests/PySys/software_management_end_to_end/sm_apt_install_download_path/run.py", line 83, in execute
    assert_install_in_download_path(install_directory=self.DOWNLOAD_DIR)
  File "/home/pi/env-pysys/lib/python3.7/site-packages/decorator.py", line 232, in fun
    return caller(func, *(extras + args), **kw)
  File "/home/pi/env-pysys/lib/python3.7/site-packages/retry/api.py", line 74, in retry_decorator
    logger)
  File "/home/pi/env-pysys/lib/python3.7/site-packages/retry/api.py", line 33, in __retry_internal
    return f()
  File "/home/pi/actions-runner/_work/thin-edge.io/thin-edge.io/tests/PySys/software_management_end_to_end/sm_apt_install_download_path/run.py", line 28, in assert_install_in_download_path
    assert "rolldice" in os.listdir(f"{install_directory}")
AssertionError
09:49:39 WARN  AssertionError: ... blocked 
09:49:39 INFO  
09:49:39 INFO  cleanup:
09:49:39 INFO  Executed sudo, exit status 0
09:49:40 INFO  Executed sudo, exit status 0
09:49:44 INFO  Executed sudo&lt;tedge_disconnect_c8y&gt;, exit status 0
09:49:44 INFO  Restarting mosquitto too frequently in the last 10 seconds. It was only up for 3 seconds
09:49:44 INFO  Delaying execution by 8 seconds
09:50:06 INFO  Executed sudo&lt;tedge_connect_c8y&gt;, exit status 0, duration 14 secs
09:50:11 INFO  Executed sudo&lt;tedge_disconnect_c8y&gt;, exit status 0
09:50:11 INFO  Executed systemctl&lt;serv_mapper5&gt;, exit status 3
09:50:11 INFO  
09:50:11 INFO  Test duration: 87.78 secs
09:50:11 INFO  Test final outcome:  BLOCKED
09:50:11 INFO  Test outcome reason: AssertionError:
09:50:11 INFO  
</system-out>
	</testcase>
<testcase classname="AptInstallWithDownloadPath" name="SoftwareManagement.sm_apt_install_download_path">
		<failure message="BLOCKED: AssertionError:" type="BLOCKED" />
		<system-out>10:15:51 INFO  ==============================================================
10:15:51 INFO  Id:    SoftwareManagement.sm_apt_install_download_path
10:15:51 INFO  Dir:   software_management_end_to_end/
10:15:51 INFO  Title: Install package to directory specified in tedge config set tmp.path
10:15:51 INFO  ==============================================================
10:15:52 INFO  Using sw id database: {'asciijump': '5475369', 'robotfindskitten': '5474869', 'squirrel3': '5475279', 'rolldice': '5152439', 'moon-buggy': '5439204', 'apple': '5495053', 'banana': '5494888', 'cherry': '5495382', 'watermelon': '5494510', 'registry': '8018911', 'hello-world': '8021526', 'docker/getting-started': '8021973', 'alpine': '7991792'}
10:15:52 INFO  EnvironmentC8y Setup
10:15:53 INFO  Executed systemctl&lt;serv_mapper1&gt;, exit status 3
10:16:08 INFO  Executed sudo&lt;tedge_connect_c8y&gt;, exit status 0, duration 14 secs
10:16:08 INFO  Executed sudo&lt;tedge_connect_c8y_test&gt;, exit status 0
10:16:09 INFO  Executed systemctl&lt;serv_mosq2&gt;, exit status 0
10:16:09 INFO  Executed systemctl&lt;serv_mapper3&gt;, exit status 0
10:16:12 INFO  State of current operation: SUCCESSFUL
10:16:12 INFO  Assert that (False == value) with value=False ... passed
10:16:12 INFO  Executed sudo, exit status 0
10:16:13 INFO  Executed sudo, exit status 0
10:16:14 INFO  Executed sudo, exit status 0
10:16:17 INFO  Executed sudo&lt;tedge_disconnect_c8y&gt;, exit status 0
10:16:18 INFO  Restarting mosquitto too frequently in the last 10 seconds. It was only up for 3 seconds
10:16:18 INFO  Delaying execution by 8 seconds
10:16:40 INFO  Executed sudo&lt;tedge_connect_c8y&gt;, exit status 0, duration 14 secs
10:16:40 INFO  Response status: 201
10:16:40 INFO  Response to action: {
    "creationTime": "2022-05-23T10:16:40.456Z",
    "deviceId": "19492120",
    "deviceName": "mythicd",
    "self": "https://t493319102.eu-latest.cumulocity.com/devicecontrol/operations/19512696",
    "id": "19512696",
    "status": "PENDING",
    "description": "Apply software changes, triggered from PySys: [{'name': 'rolldice', 'id': '5152439', 'version': '::apt', 'url': 'https://thin-edge-io.eu-latest.cumulocity.com/inventory/binaries/12435463', 'action': 'install'}]",
    "c8y_SoftwareUpdate": [
        {
            "name": "rolldice",
            "action": "install",
            "id": "5152439",
            "version": "::apt",
            "url": "https://thin-edge-io.eu-latest.cumulocity.com/inventory/binaries/12435463"
        }
    ]
}
10:16:40 INFO  Started operation: {'creationTime': '2022-05-23T10:16:40.456Z', 'deviceId': '19492120', 'deviceName': 'mythicd', 'self': 'https://t493319102.eu-latest.cumulocity.com/devicecontrol/operations/19512696', 'id': '19512696', 'status': 'PENDING', 'description': "Apply software changes, triggered from PySys: [{'name': 'rolldice', 'id': '5152439', 'version': '::apt', 'url': 'https://thin-edge-io.eu-latest.cumulocity.com/inventory/binaries/12435463', 'action': 'install'}]", 'c8y_SoftwareUpdate': [{'name': 'rolldice', 'action': 'install', 'id': '5152439', 'version': '::apt', 'url': 'https://thin-edge-io.eu-latest.cumulocity.com/inventory/binaries/12435463'}]}
10:16:40 WARN  , retrying in 0.5 seconds...
10:16:41 WARN  , retrying in 0.5 seconds...
10:16:41 WARN  , retrying in 0.5 seconds...
10:16:42 WARN  , retrying in 0.5 seconds...
10:16:42 WARN  , retrying in 0.5 seconds...
10:16:43 WARN  , retrying in 0.5 seconds...
10:16:43 WARN  , retrying in 0.5 seconds...
10:16:44 WARN  , retrying in 0.5 seconds...
10:16:44 WARN  , retrying in 0.5 seconds...
10:16:45 WARN  AssertionError occurred while running test - 
Traceback (most recent call last):
  File "/home/pi/env-pysys/lib/python3.7/site-packages/pysys/baserunner.py", line 1294, in __call__
    self.testObj.execute()
  File "/home/pi/actions-runner/_work/thin-edge.io/thin-edge.io/tests/PySys/software_management_end_to_end/sm_apt_install_download_path/run.py", line 83, in execute
    assert_install_in_download_path(install_directory=self.DOWNLOAD_DIR)
  File "/home/pi/env-pysys/lib/python3.7/site-packages/decorator.py", line 232, in fun
    return caller(func, *(extras + args), **kw)
  File "/home/pi/env-pysys/lib/python3.7/site-packages/retry/api.py", line 74, in retry_decorator
    logger)
  File "/home/pi/env-pysys/lib/python3.7/site-packages/retry/api.py", line 33, in __retry_internal
    return f()
  File "/home/pi/actions-runner/_work/thin-edge.io/thin-edge.io/tests/PySys/software_management_end_to_end/sm_apt_install_download_path/run.py", line 28, in assert_install_in_download_path
    assert "rolldice" in os.listdir(f"{install_directory}")
AssertionError
10:16:45 WARN  AssertionError: ... blocked 
10:16:45 INFO  
10:16:45 INFO  cleanup:
10:16:46 INFO  Executed sudo, exit status 0
10:16:46 INFO  Executed sudo, exit status 0
10:16:52 INFO  Executed sudo&lt;tedge_disconnect_c8y&gt;, exit status 0
10:16:52 INFO  Restarting mosquitto too frequently in the last 10 seconds. It was only up for 5 seconds
10:16:52 INFO  Delaying execution by 6 seconds
10:17:13 INFO  Executed sudo&lt;tedge_connect_c8y&gt;, exit status 0, duration 14 secs
10:17:17 INFO  Executed sudo&lt;tedge_disconnect_c8y&gt;, exit status 0
10:17:18 INFO  Executed systemctl&lt;serv_mapper5&gt;, exit status 3
10:17:18 INFO  
10:17:18 INFO  Test duration: 86.60 secs
10:17:18 INFO  Test final outcome:  BLOCKED
10:17:18 INFO  Test outcome reason: AssertionError:
10:17:18 INFO  
</system-out>
	</testcase>
</testsuite><testsuite name="SoftwareManagement.sm_apt_install_fail" tests="3" errors="0" failures="0" skipped="1" time="0"><testcase classname="PySysTest" name="SoftwareManagement.sm_apt_install_fail">
		<skipped message="SKIPPED: Testing the apt plugin is not supported on this platform.Use parameter -XmyPlatform='container' to enable it" />
		<system-out>09:24:01 INFO  ==============================================================
09:24:01 INFO  Id:    SoftwareManagement.sm_apt_install_fail
09:24:01 INFO  Dir:   software_management_end_to_end/
09:24:01 INFO  Title: Validate end to end behaviour for a failing installation
09:24:01 INFO  ==============================================================
09:24:01 INFO  Testing the apt plugin is not supported on this platform.Use parameter -XmyPlatform='container' to enable it ... skipped
09:24:01 WARN  Aborted test due to SKIPPED outcome
09:24:01 INFO  
09:24:01 INFO  Test duration: 0.02 secs
09:24:01 INFO  Test final outcome:  SKIPPED
09:24:01 INFO  Test outcome reason: Testing the apt plugin is not supported on this platform.Use parameter -XmyPlatform='container' to enable it
09:24:01 INFO  
</system-out>
	</testcase>
<testcase classname="PySysTest" name="SoftwareManagement.sm_apt_install_fail" />
<testcase classname="PySysTest" name="SoftwareManagement.sm_apt_install_fail" />
</testsuite><testsuite name="SoftwareManagement.sm_apt_install_remove" tests="3" errors="0" failures="0" skipped="1" time="0"><testcase classname="PySysTest" name="SoftwareManagement.sm_apt_install_remove">
		<skipped message="SKIPPED: Testing the apt plugin is not supported on this platform.Use parameter -XmyPlatform='container' to enable it" />
		<system-out>09:24:01 INFO  ==============================================================
09:24:01 INFO  Id:    SoftwareManagement.sm_apt_install_remove
09:24:01 INFO  Dir:   software_management_end_to_end/
09:24:01 INFO  Title: Validate end to end behaviour for the apt plugin for installation and removal of packages
09:24:01 INFO  ==============================================================
09:24:01 INFO  Testing the apt plugin is not supported on this platform.Use parameter -XmyPlatform='container' to enable it ... skipped
09:24:01 WARN  Aborted test due to SKIPPED outcome
09:24:01 INFO  
09:24:01 INFO  Test duration: 0.03 secs
09:24:01 INFO  Test final outcome:  SKIPPED
09:24:01 INFO  Test outcome reason: Testing the apt plugin is not supported on this platform.Use parameter -XmyPlatform='container' to enable it
09:24:01 INFO  
</system-out>
	</testcase>
<testcase classname="PySysTest" name="SoftwareManagement.sm_apt_install_remove" />
<testcase classname="PySysTest" name="SoftwareManagement.sm_apt_install_remove" />
</testsuite><testsuite name="SoftwareManagement.sm_apt_install_remove_default" tests="3" errors="0" failures="0" skipped="1" time="0"><testcase classname="PySysTest" name="SoftwareManagement.sm_apt_install_remove_default">
		<skipped message="SKIPPED: Testing the apt plugin is not supported on this platform.Use parameter -XmyPlatform='container' to enable it" />
		<system-out>09:24:01 INFO  ==============================================================
09:24:01 INFO  Id:    SoftwareManagement.sm_apt_install_remove_default
09:24:01 INFO  Dir:   software_management_end_to_end/
09:24:01 INFO  Title: Validate end to end behaviour for the default plugin for installation and removal of packages
09:24:01 INFO  ==============================================================
09:24:01 INFO  Testing the apt plugin is not supported on this platform.Use parameter -XmyPlatform='container' to enable it ... skipped
09:24:01 WARN  Aborted test due to SKIPPED outcome
09:24:01 INFO  
09:24:01 INFO  Test duration: 0.02 secs
09:24:01 INFO  Test final outcome:  SKIPPED
09:24:01 INFO  Test outcome reason: Testing the apt plugin is not supported on this platform.Use parameter -XmyPlatform='container' to enable it
09:24:01 INFO  
</system-out>
	</testcase>
<testcase classname="PySysTest" name="SoftwareManagement.sm_apt_install_remove_default" />
<testcase classname="PySysTest" name="SoftwareManagement.sm_apt_install_remove_default" />
</testsuite><testsuite name="SoftwareManagement.sm_apt_install_remove_multiple" tests="3" errors="0" failures="2" skipped="1" time="0"><testcase classname="PySysTest" name="SoftwareManagement.sm_apt_install_remove_multiple">
		<skipped message="SKIPPED: Testing the apt plugin is not supported on this platform.Use parameter -XmyPlatform='container' to enable it" />
		<system-out>09:24:01 INFO  ==============================================================
09:24:01 INFO  Id:    SoftwareManagement.sm_apt_install_remove_multiple
09:24:01 INFO  Dir:   software_management_end_to_end/
09:24:01 INFO  Title: Validate end to end behaviour for the apt plugin for multiple packages
09:24:01 INFO  ==============================================================
09:24:01 INFO  Testing the apt plugin is not supported on this platform.Use parameter -XmyPlatform='container' to enable it ... skipped
09:24:01 WARN  Aborted test due to SKIPPED outcome
09:24:01 INFO  
09:24:01 INFO  Test duration: 0.02 secs
09:24:01 INFO  Test final outcome:  SKIPPED
09:24:01 INFO  Test outcome reason: Testing the apt plugin is not supported on this platform.Use parameter -XmyPlatform='container' to enable it
09:24:01 INFO  
</system-out>
	</testcase>
<testcase classname="PySysTest" name="SoftwareManagement.sm_apt_install_remove_multiple">
		<failure message="FAILED: Assert that (False == value) with value=True" type="FAILED" />
		<system-out>09:57:11 INFO  ==============================================================
09:57:11 INFO  Id:    SoftwareManagement.sm_apt_install_remove_multiple
09:57:11 INFO  Dir:   software_management_end_to_end/
09:57:11 INFO  Title: Validate end to end behaviour for the apt plugin for multiple packages
09:57:11 INFO  ==============================================================
09:57:11 INFO  Using sw id database: {'asciijump': '5475369', 'robotfindskitten': '5474869', 'squirrel3': '5475279', 'rolldice': '5152439', 'moon-buggy': '5439204', 'apple': '5495053', 'banana': '5494888', 'cherry': '5495382', 'watermelon': '5494510', 'registry': '8018911', 'hello-world': '8021526', 'docker/getting-started': '8021973', 'alpine': '7991792'}
09:57:11 INFO  EnvironmentC8y Setup
09:57:12 INFO  Executed systemctl&lt;serv_mapper1&gt;, exit status 3
09:57:12 INFO  Restarting mosquitto too frequently in the last 10 seconds. It was only up for 4 seconds
09:57:12 INFO  Delaying execution by 7 seconds
09:57:33 INFO  Executed sudo&lt;tedge_connect_c8y&gt;, exit status 0, duration 14 secs
09:57:34 INFO  Executed sudo&lt;tedge_connect_c8y_test&gt;, exit status 0
09:57:35 INFO  Executed systemctl&lt;serv_mosq2&gt;, exit status 0
09:57:35 INFO  Executed systemctl&lt;serv_mapper3&gt;, exit status 0
09:57:37 INFO  State of current operation: SUCCESSFUL
09:57:38 INFO  Assert that (False == value) with value=False ... passed
09:57:38 INFO  Assert that (False == value) with value=False ... passed
09:57:38 INFO  Assert that (False == value) with value=False ... passed
09:57:38 INFO  Package robotfindskitten is installed
09:57:38 WARN  Assert that (False == value) with value=True ... failed 
09:57:39 INFO  Response status: 201
09:57:39 INFO  Response to action: {
    "creationTime": "2022-05-23T09:57:39.020Z",
    "deviceId": "19492120",
    "deviceName": "mythicd",
    "self": "https://t493319102.eu-latest.cumulocity.com/devicecontrol/operations/19508360",
    "id": "19508360",
    "status": "PENDING",
    "description": "Apply software changes, triggered from PySys: [{'action': 'install', 'id': '5475369', 'name': 'asciijump', 'url': ' ', 'version': '::apt'}, {'action': 'install', 'id': '5474869', 'name': 'robotfindskitten', 'url': ' ', 'version': '::apt'}, {'action': 'install', 'id': '5475279', 'name': 'squirrel3', 'url': ' ', 'version': '::apt'}]",
    "c8y_SoftwareUpdate": [
        {
            "name": "asciijump",
            "action": "install",
            "id": "5475369",
            "version": "::apt",
            "url": " "
        },
        {
            "name": "robotfindskitten",
            "action": "install",
            "id": "5474869",
            "version": "::apt",
            "url": " "
        },
        {
            "name": "squirrel3",
            "action": "install",
            "id": "5475279",
            "version": "::apt",
            "url": " "
        }
    ]
}
09:57:39 INFO  Started operation: {'creationTime': '2022-05-23T09:57:39.020Z', 'deviceId': '19492120', 'deviceName': 'mythicd', 'self': 'https://t493319102.eu-latest.cumulocity.com/devicecontrol/operations/19508360', 'id': '19508360', 'status': 'PENDING', 'description': "Apply software changes, triggered from PySys: [{'action': 'install', 'id': '5475369', 'name': 'asciijump', 'url': ' ', 'version': '::apt'}, {'action': 'install', 'id': '5474869', 'name': 'robotfindskitten', 'url': ' ', 'version': '::apt'}, {'action': 'install', 'id': '5475279', 'name': 'squirrel3', 'url': ' ', 'version': '::apt'}]", 'c8y_SoftwareUpdate': [{'name': 'asciijump', 'action': 'install', 'id': '5475369', 'version': '::apt', 'url': ' '}, {'name': 'robotfindskitten', 'action': 'install', 'id': '5474869', 'version': '::apt', 'url': ' '}, {'name': 'squirrel3', 'action': 'install', 'id': '5475279', 'version': '::apt', 'url': ' '}]}
09:57:41 INFO  State of operation 19508360 : PENDING
09:57:43 INFO  State of operation 19508360 : EXECUTING
09:57:45 INFO  State of operation 19508360 : EXECUTING
09:57:48 INFO  State of operation 19508360 : EXECUTING
09:57:50 INFO  State of operation 19508360 : EXECUTING
09:57:52 INFO  State of operation 19508360 : EXECUTING
09:57:54 INFO  State of operation 19508360 : EXECUTING
09:57:57 INFO  State of operation 19508360 : EXECUTING
09:57:59 INFO  State of operation 19508360 : EXECUTING
09:58:02 INFO  State of operation 19508360 : EXECUTING
09:58:04 INFO  State of operation 19508360 : EXECUTING
09:58:06 INFO  State of operation 19508360 : EXECUTING
09:58:09 INFO  State of operation 19508360 : EXECUTING
09:58:11 INFO  State of operation 19508360 : EXECUTING
09:58:13 INFO  State of operation 19508360 : EXECUTING
09:58:15 INFO  State of operation 19508360 : EXECUTING
09:58:18 INFO  State of operation 19508360 : EXECUTING
09:58:20 INFO  State of operation 19508360 : EXECUTING
09:58:23 INFO  State of operation 19508360 : EXECUTING
09:58:25 INFO  State of operation 19508360 : EXECUTING
09:58:27 INFO  State of operation 19508360 : EXECUTING
09:58:30 INFO  State of operation 19508360 : EXECUTING
09:58:32 INFO  State of operation 19508360 : EXECUTING
09:58:34 INFO  State of operation 19508360 : EXECUTING
09:58:37 INFO  State of operation 19508360 : EXECUTING
09:58:40 INFO  State of operation 19508360 : EXECUTING
09:58:42 INFO  State of operation 19508360 : EXECUTING
09:58:45 INFO  State of operation 19508360 : EXECUTING
09:58:47 INFO  State of operation 19508360 : EXECUTING
09:58:49 INFO  State of operation 19508360 : EXECUTING
09:58:51 INFO  State of operation 19508360 : EXECUTING
09:58:54 INFO  State of operation 19508360 : EXECUTING
09:58:56 INFO  State of operation 19508360 : EXECUTING
09:58:58 INFO  State of operation 19508360 : EXECUTING
09:59:00 INFO  State of operation 19508360 : EXECUTING
09:59:02 INFO  State of operation 19508360 : SUCCESSFUL
09:59:03 INFO  Assert that (False == value) with value=False ... passed
09:59:03 INFO  Package asciijump is installed
09:59:03 INFO  Assert that (True == value) with value=True ... passed
09:59:03 INFO  Package squirrel3 is installed
09:59:03 INFO  Assert that (True == value) with value=True ... passed
09:59:03 INFO  Package robotfindskitten is installed
09:59:03 INFO  Assert that (True == value) with value=True ... passed
09:59:04 INFO  Response status: 201
09:59:04 INFO  Response to action: {
    "creationTime": "2022-05-23T09:59:04.109Z",
    "deviceId": "19492120",
    "deviceName": "mythicd",
    "self": "https://t493319102.eu-latest.cumulocity.com/devicecontrol/operations/19508375",
    "id": "19508375",
    "status": "PENDING",
    "description": "Apply software changes, triggered from PySys: [{'action': 'delete', 'id': '5475369', 'name': 'asciijump', 'url': ' ', 'version': '::apt'}, {'action': 'delete', 'id': '5474869', 'name': 'robotfindskitten', 'url': ' ', 'version': '::apt'}, {'action': 'delete', 'id': '5475279', 'name': 'squirrel3', 'url': ' ', 'version': '::apt'}]",
    "c8y_SoftwareUpdate": [
        {
            "name": "asciijump",
            "action": "delete",
            "id": "5475369",
            "version": "::apt",
            "url": " "
        },
        {
            "name": "robotfindskitten",
            "action": "delete",
            "id": "5474869",
            "version": "::apt",
            "url": " "
        },
        {
            "name": "squirrel3",
            "action": "delete",
            "id": "5475279",
            "version": "::apt",
            "url": " "
        }
    ]
}
09:59:04 INFO  Started operation: {'creationTime': '2022-05-23T09:59:04.109Z', 'deviceId': '19492120', 'deviceName': 'mythicd', 'self': 'https://t493319102.eu-latest.cumulocity.com/devicecontrol/operations/19508375', 'id': '19508375', 'status': 'PENDING', 'description': "Apply software changes, triggered from PySys: [{'action': 'delete', 'id': '5475369', 'name': 'asciijump', 'url': ' ', 'version': '::apt'}, {'action': 'delete', 'id': '5474869', 'name': 'robotfindskitten', 'url': ' ', 'version': '::apt'}, {'action': 'delete', 'id': '5475279', 'name': 'squirrel3', 'url': ' ', 'version': '::apt'}]", 'c8y_SoftwareUpdate': [{'name': 'asciijump', 'action': 'delete', 'id': '5475369', 'version': '::apt', 'url': ' '}, {'name': 'robotfindskitten', 'action': 'delete', 'id': '5474869', 'version': '::apt', 'url': ' '}, {'name': 'squirrel3', 'action': 'delete', 'id': '5475279', 'version': '::apt', 'url': ' '}]}
09:59:06 INFO  State of operation 19508375 : PENDING
09:59:08 INFO  State of operation 19508375 : EXECUTING
09:59:10 INFO  State of operation 19508375 : EXECUTING
09:59:13 INFO  State of operation 19508375 : EXECUTING
09:59:15 INFO  State of operation 19508375 : EXECUTING
09:59:17 INFO  State of operation 19508375 : EXECUTING
09:59:20 INFO  State of operation 19508375 : EXECUTING
09:59:23 INFO  State of operation 19508375 : EXECUTING
09:59:25 INFO  State of operation 19508375 : EXECUTING
09:59:27 INFO  State of operation 19508375 : EXECUTING
09:59:29 INFO  State of operation 19508375 : EXECUTING
09:59:32 INFO  State of operation 19508375 : EXECUTING
09:59:34 INFO  State of operation 19508375 : EXECUTING
09:59:36 INFO  State of operation 19508375 : EXECUTING
09:59:38 INFO  State of operation 19508375 : EXECUTING
09:59:41 INFO  State of operation 19508375 : EXECUTING
09:59:43 INFO  State of operation 19508375 : EXECUTING
09:59:46 INFO  State of operation 19508375 : EXECUTING
09:59:48 INFO  State of operation 19508375 : EXECUTING
09:59:50 INFO  State of operation 19508375 : EXECUTING
09:59:53 INFO  State of operation 19508375 : EXECUTING
09:59:55 INFO  State of operation 19508375 : EXECUTING
09:59:57 INFO  State of operation 19508375 : EXECUTING
09:59:59 INFO  State of operation 19508375 : EXECUTING
10:00:03 INFO  State of operation 19508375 : EXECUTING
10:00:05 INFO  State of operation 19508375 : EXECUTING
10:00:07 INFO  State of operation 19508375 : EXECUTING
10:00:09 INFO  State of operation 19508375 : EXECUTING
10:00:12 INFO  State of operation 19508375 : SUCCESSFUL
10:00:12 INFO  Assert that (False == value) with value=False ... passed
10:00:12 INFO  Assert that (False == value) with value=False ... passed
10:00:12 INFO  Assert that (False == value) with value=False ... passed
10:00:12 INFO  Assert that (False == value) with value=False ... passed
10:00:12 INFO  
10:00:12 INFO  cleanup:
10:00:16 INFO  Executed sudo&lt;tedge_disconnect_c8y&gt;, exit status 0
10:00:17 INFO  Executed systemctl&lt;serv_mapper5&gt;, exit status 3
10:00:17 INFO  
10:00:17 INFO  Test duration: 185.60 secs
10:00:17 INFO  Test final outcome:  FAILED
10:00:17 INFO  Test outcome reason: Assert that (False == value) with value=True
10:00:17 INFO  
</system-out>
	</testcase>
<testcase classname="PySysTest" name="SoftwareManagement.sm_apt_install_remove_multiple">
		<failure message="FAILED: Assert that (False == value) with value=True (+2 other failures)" type="FAILED" />
		<system-out>10:24:20 INFO  ==============================================================
10:24:20 INFO  Id:    SoftwareManagement.sm_apt_install_remove_multiple
10:24:20 INFO  Dir:   software_management_end_to_end/
10:24:20 INFO  Title: Validate end to end behaviour for the apt plugin for multiple packages
10:24:20 INFO  ==============================================================
10:24:20 INFO  Using sw id database: {'asciijump': '5475369', 'robotfindskitten': '5474869', 'squirrel3': '5475279', 'rolldice': '5152439', 'moon-buggy': '5439204', 'apple': '5495053', 'banana': '5494888', 'cherry': '5495382', 'watermelon': '5494510', 'registry': '8018911', 'hello-world': '8021526', 'docker/getting-started': '8021973', 'alpine': '7991792'}
10:24:20 INFO  EnvironmentC8y Setup
10:24:21 INFO  Executed systemctl&lt;serv_mapper1&gt;, exit status 3
10:24:21 INFO  Restarting mosquitto too frequently in the last 10 seconds. It was only up for 5 seconds
10:24:21 INFO  Delaying execution by 6 seconds
10:24:41 INFO  Executed sudo&lt;tedge_connect_c8y&gt;, exit status 0, duration 14 secs
10:24:42 INFO  Executed sudo&lt;tedge_connect_c8y_test&gt;, exit status 0
10:24:42 INFO  Executed systemctl&lt;serv_mosq2&gt;, exit status 0
10:24:43 INFO  Executed systemctl&lt;serv_mapper3&gt;, exit status 0
10:24:45 INFO  State of current operation: SUCCESSFUL
10:24:45 INFO  Assert that (False == value) with value=False ... passed
10:24:46 INFO  Package asciijump is installed
10:24:46 WARN  Assert that (False == value) with value=True ... failed 
10:24:46 INFO  Package squirrel3 is installed
10:24:46 WARN  Assert that (False == value) with value=True ... failed 
10:24:46 INFO  Package robotfindskitten is installed
10:24:46 WARN  Assert that (False == value) with value=True ... failed 
10:24:46 INFO  Response status: 201
10:24:46 INFO  Response to action: {
    "creationTime": "2022-05-23T10:24:46.856Z",
    "deviceId": "19492120",
    "deviceName": "mythicd",
    "self": "https://t493319102.eu-latest.cumulocity.com/devicecontrol/operations/19512787",
    "id": "19512787",
    "status": "PENDING",
    "description": "Apply software changes, triggered from PySys: [{'action': 'install', 'id': '5475369', 'name': 'asciijump', 'url': ' ', 'version': '::apt'}, {'action': 'install', 'id': '5474869', 'name': 'robotfindskitten', 'url': ' ', 'version': '::apt'}, {'action': 'install', 'id': '5475279', 'name': 'squirrel3', 'url': ' ', 'version': '::apt'}]",
    "c8y_SoftwareUpdate": [
        {
            "name": "asciijump",
            "action": "install",
            "id": "5475369",
            "version": "::apt",
            "url": " "
        },
        {
            "name": "robotfindskitten",
            "action": "install",
            "id": "5474869",
            "version": "::apt",
            "url": " "
        },
        {
            "name": "squirrel3",
            "action": "install",
            "id": "5475279",
            "version": "::apt",
            "url": " "
        }
    ]
}
10:24:46 INFO  Started operation: {'creationTime': '2022-05-23T10:24:46.856Z', 'deviceId': '19492120', 'deviceName': 'mythicd', 'self': 'https://t493319102.eu-latest.cumulocity.com/devicecontrol/operations/19512787', 'id': '19512787', 'status': 'PENDING', 'description': "Apply software changes, triggered from PySys: [{'action': 'install', 'id': '5475369', 'name': 'asciijump', 'url': ' ', 'version': '::apt'}, {'action': 'install', 'id': '5474869', 'name': 'robotfindskitten', 'url': ' ', 'version': '::apt'}, {'action': 'install', 'id': '5475279', 'name': 'squirrel3', 'url': ' ', 'version': '::apt'}]", 'c8y_SoftwareUpdate': [{'name': 'asciijump', 'action': 'install', 'id': '5475369', 'version': '::apt', 'url': ' '}, {'name': 'robotfindskitten', 'action': 'install', 'id': '5474869', 'version': '::apt', 'url': ' '}, {'name': 'squirrel3', 'action': 'install', 'id': '5475279', 'version': '::apt', 'url': ' '}]}
10:24:49 INFO  State of operation 19512787 : PENDING
10:24:51 INFO  State of operation 19512787 : EXECUTING
10:24:53 INFO  State of operation 19512787 : EXECUTING
10:24:55 INFO  State of operation 19512787 : EXECUTING
10:24:58 INFO  State of operation 19512787 : EXECUTING
10:25:00 INFO  State of operation 19512787 : EXECUTING
10:25:02 INFO  State of operation 19512787 : EXECUTING
10:25:05 INFO  State of operation 19512787 : EXECUTING
10:25:08 INFO  State of operation 19512787 : EXECUTING
10:25:10 INFO  State of operation 19512787 : EXECUTING
10:25:13 INFO  State of operation 19512787 : EXECUTING
10:25:15 INFO  State of operation 19512787 : EXECUTING
10:25:17 INFO  State of operation 19512787 : EXECUTING
10:25:19 INFO  State of operation 19512787 : EXECUTING
10:25:22 INFO  State of operation 19512787 : EXECUTING
10:25:24 INFO  State of operation 19512787 : SUCCESSFUL
10:25:24 INFO  Assert that (False == value) with value=False ... passed
10:25:24 INFO  Package asciijump is installed
10:25:24 INFO  Assert that (True == value) with value=True ... passed
10:25:24 INFO  Package squirrel3 is installed
10:25:24 INFO  Assert that (True == value) with value=True ... passed
10:25:25 INFO  Package robotfindskitten is installed
10:25:25 INFO  Assert that (True == value) with value=True ... passed
10:25:25 INFO  Response status: 201
10:25:25 INFO  Response to action: {
    "creationTime": "2022-05-23T10:25:25.397Z",
    "deviceId": "19492120",
    "deviceName": "mythicd",
    "self": "https://t493319102.eu-latest.cumulocity.com/devicecontrol/operations/19512799",
    "id": "19512799",
    "status": "PENDING",
    "description": "Apply software changes, triggered from PySys: [{'action': 'delete', 'id': '5475369', 'name': 'asciijump', 'url': ' ', 'version': '::apt'}, {'action': 'delete', 'id': '5474869', 'name': 'robotfindskitten', 'url': ' ', 'version': '::apt'}, {'action': 'delete', 'id': '5475279', 'name': 'squirrel3', 'url': ' ', 'version': '::apt'}]",
    "c8y_SoftwareUpdate": [
        {
            "name": "asciijump",
            "action": "delete",
            "id": "5475369",
            "version": "::apt",
            "url": " "
        },
        {
            "name": "robotfindskitten",
            "action": "delete",
            "id": "5474869",
            "version": "::apt",
            "url": " "
        },
        {
            "name": "squirrel3",
            "action": "delete",
            "id": "5475279",
            "version": "::apt",
            "url": " "
        }
    ]
}
10:25:25 INFO  Started operation: {'creationTime': '2022-05-23T10:25:25.397Z', 'deviceId': '19492120', 'deviceName': 'mythicd', 'self': 'https://t493319102.eu-latest.cumulocity.com/devicecontrol/operations/19512799', 'id': '19512799', 'status': 'PENDING', 'description': "Apply software changes, triggered from PySys: [{'action': 'delete', 'id': '5475369', 'name': 'asciijump', 'url': ' ', 'version': '::apt'}, {'action': 'delete', 'id': '5474869', 'name': 'robotfindskitten', 'url': ' ', 'version': '::apt'}, {'action': 'delete', 'id': '5475279', 'name': 'squirrel3', 'url': ' ', 'version': '::apt'}]", 'c8y_SoftwareUpdate': [{'name': 'asciijump', 'action': 'delete', 'id': '5475369', 'version': '::apt', 'url': ' '}, {'name': 'robotfindskitten', 'action': 'delete', 'id': '5474869', 'version': '::apt', 'url': ' '}, {'name': 'squirrel3', 'action': 'delete', 'id': '5475279', 'version': '::apt', 'url': ' '}]}
10:25:27 INFO  State of operation 19512799 : PENDING
10:25:30 INFO  State of operation 19512799 : EXECUTING
10:25:32 INFO  State of operation 19512799 : EXECUTING
10:25:34 INFO  State of operation 19512799 : EXECUTING
10:25:36 INFO  State of operation 19512799 : EXECUTING
10:25:38 INFO  State of operation 19512799 : EXECUTING
10:25:41 INFO  State of operation 19512799 : EXECUTING
10:25:43 INFO  State of operation 19512799 : EXECUTING
10:25:46 INFO  State of operation 19512799 : EXECUTING
10:25:48 INFO  State of operation 19512799 : EXECUTING
10:25:51 INFO  State of operation 19512799 : EXECUTING
10:25:53 INFO  State of operation 19512799 : EXECUTING
10:25:55 INFO  State of operation 19512799 : EXECUTING
10:25:57 INFO  State of operation 19512799 : EXECUTING
10:26:00 INFO  State of operation 19512799 : EXECUTING
10:26:02 INFO  State of operation 19512799 : EXECUTING
10:26:04 INFO  State of operation 19512799 : EXECUTING
10:26:07 INFO  State of operation 19512799 : EXECUTING
10:26:10 INFO  State of operation 19512799 : EXECUTING
10:26:13 INFO  State of operation 19512799 : EXECUTING
10:26:15 INFO  State of operation 19512799 : EXECUTING
10:26:17 INFO  State of operation 19512799 : EXECUTING
10:26:19 INFO  State of operation 19512799 : EXECUTING
10:26:22 INFO  State of operation 19512799 : EXECUTING
10:26:24 INFO  State of operation 19512799 : EXECUTING
10:26:27 INFO  State of operation 19512799 : EXECUTING
10:26:29 INFO  State of operation 19512799 : EXECUTING
10:26:31 INFO  State of operation 19512799 : EXECUTING
10:26:33 INFO  State of operation 19512799 : EXECUTING
10:26:36 INFO  State of operation 19512799 : SUCCESSFUL
10:26:36 INFO  Assert that (False == value) with value=False ... passed
10:26:36 INFO  Assert that (False == value) with value=False ... passed
10:26:37 INFO  Assert that (False == value) with value=False ... passed
10:26:37 INFO  Assert that (False == value) with value=False ... passed
10:26:37 INFO  
10:26:37 INFO  cleanup:
10:26:41 INFO  Executed sudo&lt;tedge_disconnect_c8y&gt;, exit status 0
10:26:42 INFO  Executed systemctl&lt;serv_mapper5&gt;, exit status 3
10:26:42 INFO  
10:26:42 INFO  Test duration: 141.79 secs
10:26:42 INFO  Test final outcome:  FAILED
10:26:42 INFO  Test outcome reason: Assert that (False == value) with value=True (+2 other failures)
10:26:42 INFO  
</system-out>
	</testcase>
</testsuite><testsuite name="SoftwareManagement.sm_apt_install_remove_multiple_mixed" tests="3" errors="0" failures="2" skipped="1" time="0"><testcase classname="PySysTest" name="SoftwareManagement.sm_apt_install_remove_multiple_mixed">
		<skipped message="SKIPPED: Testing the apt plugin is not supported on this platform.Use parameter -XmyPlatform='container' to enable it" />
		<system-out>09:24:01 INFO  ==============================================================
09:24:01 INFO  Id:    SoftwareManagement.sm_apt_install_remove_multiple_mixed
09:24:01 INFO  Dir:   software_management_end_to_end/
09:24:01 INFO  Title: Validate end to end behaviour for the apt plugin for multiple packages with mixed versions
09:24:01 INFO  ==============================================================
09:24:01 INFO  Testing the apt plugin is not supported on this platform.Use parameter -XmyPlatform='container' to enable it ... skipped
09:24:01 WARN  Aborted test due to SKIPPED outcome
09:24:01 INFO  
09:24:01 INFO  Test duration: 0.03 secs
09:24:01 INFO  Test final outcome:  SKIPPED
09:24:01 INFO  Test outcome reason: Testing the apt plugin is not supported on this platform.Use parameter -XmyPlatform='container' to enable it
09:24:01 INFO  
</system-out>
	</testcase>
<testcase classname="PySysTest" name="SoftwareManagement.sm_apt_install_remove_multiple_mixed">
		<failure message="BLOCKED: SystemError: Timeout while waiting for status SUCCESSFUL or False" type="BLOCKED" />
		<system-out>10:00:17 INFO  ==============================================================
10:00:17 INFO  Id:    SoftwareManagement.sm_apt_install_remove_multiple_mixed
10:00:17 INFO  Dir:   software_management_end_to_end/
10:00:17 INFO  Title: Validate end to end behaviour for the apt plugin for multiple packages with mixed versions
10:00:17 INFO  ==============================================================
10:00:17 INFO  Using sw id database: {'asciijump': '5475369', 'robotfindskitten': '5474869', 'squirrel3': '5475279', 'rolldice': '5152439', 'moon-buggy': '5439204', 'apple': '5495053', 'banana': '5494888', 'cherry': '5495382', 'watermelon': '5494510', 'registry': '8018911', 'hello-world': '8021526', 'docker/getting-started': '8021973', 'alpine': '7991792'}
10:00:17 INFO  EnvironmentC8y Setup
10:00:18 INFO  Executed systemctl&lt;serv_mapper1&gt;, exit status 3
10:00:18 INFO  Restarting mosquitto too frequently in the last 10 seconds. It was only up for 4 seconds
10:00:18 INFO  Delaying execution by 7 seconds
10:00:39 INFO  Executed sudo&lt;tedge_connect_c8y&gt;, exit status 0, duration 14 secs
10:00:40 INFO  Executed sudo&lt;tedge_connect_c8y_test&gt;, exit status 0
10:00:40 INFO  Executed systemctl&lt;serv_mosq2&gt;, exit status 0
10:00:41 INFO  Executed systemctl&lt;serv_mapper3&gt;, exit status 0
10:00:43 INFO  State of current operation: SUCCESSFUL
10:00:43 INFO  Assert that (False == value) with value=False ... passed
10:00:43 INFO  Assert that (False == value) with value=False ... passed
10:00:43 INFO  Assert that (False == value) with value=False ... passed
10:00:44 INFO  Assert that (False == value) with value=False ... passed
10:00:44 INFO  Assert that (False == value) with value=False ... passed
10:00:45 INFO  Response status: 201
10:00:45 INFO  Response to action: {
    "creationTime": "2022-05-23T10:00:45.705Z",
    "deviceId": "19492120",
    "deviceName": "mythicd",
    "self": "https://t493319102.eu-latest.cumulocity.com/devicecontrol/operations/19508544",
    "id": "19508544",
    "status": "PENDING",
    "description": "Apply software changes, triggered from PySys: [{'action': 'install', 'id': '5475369', 'name': 'asciijump', 'url': ' ', 'version': '::apt'}, {'action': 'install', 'id': '5474869', 'name': 'robotfindskitten', 'url': ' ', 'version': ' '}, {'action': 'install', 'id': '5475279', 'name': 'squirrel3', 'url': ' ', 'version': '3.1-7::apt'}, {'action': 'install', 'id': '5152439', 'name': 'rolldice', 'url': ' ', 'version': '1.16-1+b1'}, {'action': 'install', 'id': '5439204', 'name': 'moon-buggy', 'url': ' ', 'version': '1:1.0.51-12'}, {'action': 'install', 'id': '5475369', 'name': 'asciijump', 'url': ' ', 'version': '::apt'}]",
    "c8y_SoftwareUpdate": [
        {
            "name": "asciijump",
            "action": "install",
            "id": "5475369",
            "version": "::apt",
            "url": " "
        },
        {
            "name": "robotfindskitten",
            "action": "install",
            "id": "5474869",
            "version": " ",
            "url": " "
        },
        {
            "name": "squirrel3",
            "action": "install",
            "id": "5475279",
            "version": "3.1-7::apt",
            "url": " "
        },
        {
            "name": "rolldice",
            "action": "install",
            "id": "5152439",
            "version": "1.16-1+b1",
            "url": " "
        },
        {
            "name": "moon-buggy",
            "action": "install",
            "id": "5439204",
            "version": "1:1.0.51-12",
            "url": " "
        },
        {
            "name": "asciijump",
            "action": "install",
            "id": "5475369",
            "version": "::apt",
            "url": " "
        }
    ]
}
10:00:45 INFO  Started operation: {'creationTime': '2022-05-23T10:00:45.705Z', 'deviceId': '19492120', 'deviceName': 'mythicd', 'self': 'https://t493319102.eu-latest.cumulocity.com/devicecontrol/operations/19508544', 'id': '19508544', 'status': 'PENDING', 'description': "Apply software changes, triggered from PySys: [{'action': 'install', 'id': '5475369', 'name': 'asciijump', 'url': ' ', 'version': '::apt'}, {'action': 'install', 'id': '5474869', 'name': 'robotfindskitten', 'url': ' ', 'version': ' '}, {'action': 'install', 'id': '5475279', 'name': 'squirrel3', 'url': ' ', 'version': '3.1-7::apt'}, {'action': 'install', 'id': '5152439', 'name': 'rolldice', 'url': ' ', 'version': '1.16-1+b1'}, {'action': 'install', 'id': '5439204', 'name': 'moon-buggy', 'url': ' ', 'version': '1:1.0.51-12'}, {'action': 'install', 'id': '5475369', 'name': 'asciijump', 'url': ' ', 'version': '::apt'}]", 'c8y_SoftwareUpdate': [{'name': 'asciijump', 'action': 'install', 'id': '5475369', 'version': '::apt', 'url': ' '}, {'name': 'robotfindskitten', 'action': 'install', 'id': '5474869', 'version': ' ', 'url': ' '}, {'name': 'squirrel3', 'action': 'install', 'id': '5475279', 'version': '3.1-7::apt', 'url': ' '}, {'name': 'rolldice', 'action': 'install', 'id': '5152439', 'version': '1.16-1+b1', 'url': ' '}, {'name': 'moon-buggy', 'action': 'install', 'id': '5439204', 'version': '1:1.0.51-12', 'url': ' '}, {'name': 'asciijump', 'action': 'install', 'id': '5475369', 'version': '::apt', 'url': ' '}]}
10:00:48 INFO  State of operation 19508544 : PENDING
10:00:50 INFO  State of operation 19508544 : EXECUTING
10:00:52 INFO  State of operation 19508544 : EXECUTING
10:00:54 INFO  State of operation 19508544 : EXECUTING
10:00:56 INFO  State of operation 19508544 : EXECUTING
10:00:59 INFO  State of operation 19508544 : EXECUTING
10:01:01 INFO  State of operation 19508544 : EXECUTING
10:01:05 INFO  State of operation 19508544 : EXECUTING
10:01:07 INFO  State of operation 19508544 : EXECUTING
10:01:09 INFO  State of operation 19508544 : EXECUTING
10:01:11 INFO  State of operation 19508544 : EXECUTING
10:01:14 INFO  State of operation 19508544 : EXECUTING
10:01:16 INFO  State of operation 19508544 : EXECUTING
10:01:18 INFO  State of operation 19508544 : EXECUTING
10:01:20 INFO  State of operation 19508544 : EXECUTING
10:01:23 INFO  State of operation 19508544 : EXECUTING
10:01:25 INFO  State of operation 19508544 : EXECUTING
10:01:27 INFO  State of operation 19508544 : EXECUTING
10:01:30 INFO  State of operation 19508544 : EXECUTING
10:01:32 INFO  State of operation 19508544 : EXECUTING
10:01:35 INFO  State of operation 19508544 : EXECUTING
10:01:37 INFO  State of operation 19508544 : EXECUTING
10:01:39 INFO  State of operation 19508544 : EXECUTING
10:01:41 INFO  State of operation 19508544 : EXECUTING
10:01:44 INFO  State of operation 19508544 : EXECUTING
10:01:46 INFO  State of operation 19508544 : EXECUTING
10:01:49 INFO  State of operation 19508544 : EXECUTING
10:01:51 INFO  State of operation 19508544 : EXECUTING
10:01:54 INFO  State of operation 19508544 : EXECUTING
10:01:56 INFO  State of operation 19508544 : EXECUTING
10:01:59 INFO  State of operation 19508544 : EXECUTING
10:02:01 INFO  State of operation 19508544 : EXECUTING
10:02:03 INFO  State of operation 19508544 : EXECUTING
10:02:06 INFO  State of operation 19508544 : EXECUTING
10:02:08 INFO  State of operation 19508544 : EXECUTING
10:02:10 INFO  State of operation 19508544 : EXECUTING
10:02:12 INFO  State of operation 19508544 : EXECUTING
10:02:15 INFO  State of operation 19508544 : EXECUTING
10:02:17 INFO  State of operation 19508544 : EXECUTING
10:02:20 INFO  State of operation 19508544 : EXECUTING
10:02:23 INFO  State of operation 19508544 : EXECUTING
10:02:25 INFO  State of operation 19508544 : EXECUTING
10:02:27 INFO  State of operation 19508544 : EXECUTING
10:02:29 INFO  State of operation 19508544 : EXECUTING
10:02:32 INFO  State of operation 19508544 : EXECUTING
10:02:34 INFO  State of operation 19508544 : EXECUTING
10:02:36 INFO  State of operation 19508544 : EXECUTING
10:02:39 INFO  State of operation 19508544 : EXECUTING
10:02:41 INFO  State of operation 19508544 : EXECUTING
10:02:43 INFO  State of operation 19508544 : EXECUTING
10:02:46 INFO  State of operation 19508544 : EXECUTING
10:02:48 INFO  State of operation 19508544 : EXECUTING
10:02:51 INFO  State of operation 19508544 : EXECUTING
10:02:53 INFO  State of operation 19508544 : EXECUTING
10:02:55 INFO  State of operation 19508544 : EXECUTING
10:02:58 INFO  State of operation 19508544 : EXECUTING
10:03:00 INFO  State of operation 19508544 : EXECUTING
10:03:03 INFO  State of operation 19508544 : EXECUTING
10:03:05 INFO  State of operation 19508544 : EXECUTING
10:03:08 INFO  State of operation 19508544 : EXECUTING
10:03:11 INFO  State of operation 19508544 : EXECUTING
10:03:13 WARN  SystemError occurred while running test - Timeout while waiting for status SUCCESSFUL or False
Traceback (most recent call last):
  File "/home/pi/env-pysys/lib/python3.7/site-packages/pysys/baserunner.py", line 1294, in __call__
    self.testObj.execute()
  File "/home/pi/actions-runner/_work/thin-edge.io/thin-edge.io/tests/PySys/software_management_end_to_end/sm_apt_install_remove_multiple_mixed/run.py", line 89, in execute
    self.wait_until_succcess()
  File "/home/pi/actions-runner/_work/thin-edge.io/thin-edge.io/tests/PySys/software_management_end_to_end/environment_sm_management.py", line 324, in wait_until_succcess
    self.wait_until_status("SUCCESSFUL")
  File "/home/pi/actions-runner/_work/thin-edge.io/thin-edge.io/tests/PySys/software_management_end_to_end/environment_sm_management.py", line 381, in wait_until_status
    "Timeout while waiting for status %s or %s" % (status, status2)
SystemError: Timeout while waiting for status SUCCESSFUL or False
10:03:13 WARN  SystemError: Timeout while waiting for status SUCCESSFUL or False ... blocked 
10:03:13 INFO  
10:03:13 INFO  cleanup:
10:03:20 INFO  Executed sudo&lt;tedge_disconnect_c8y&gt;, exit status 0
10:03:20 INFO  Executed systemctl&lt;serv_mapper5&gt;, exit status 3
10:03:20 INFO  
10:03:20 INFO  Test duration: 183.16 secs
10:03:20 INFO  Test final outcome:  BLOCKED
10:03:20 INFO  Test outcome reason: SystemError: Timeout while waiting for status SUCCESSFUL or False
10:03:20 INFO  
</system-out>
	</testcase>
<testcase classname="PySysTest" name="SoftwareManagement.sm_apt_install_remove_multiple_mixed">
		<failure message="BLOCKED: SystemError: Timeout while waiting for status SUCCESSFUL or False (+1 other failures)" type="BLOCKED" />
		<system-out>10:26:42 INFO  ==============================================================
10:26:42 INFO  Id:    SoftwareManagement.sm_apt_install_remove_multiple_mixed
10:26:42 INFO  Dir:   software_management_end_to_end/
10:26:42 INFO  Title: Validate end to end behaviour for the apt plugin for multiple packages with mixed versions
10:26:42 INFO  ==============================================================
10:26:42 INFO  Using sw id database: {'asciijump': '5475369', 'robotfindskitten': '5474869', 'squirrel3': '5475279', 'rolldice': '5152439', 'moon-buggy': '5439204', 'apple': '5495053', 'banana': '5494888', 'cherry': '5495382', 'watermelon': '5494510', 'registry': '8018911', 'hello-world': '8021526', 'docker/getting-started': '8021973', 'alpine': '7991792'}
10:26:42 INFO  EnvironmentC8y Setup
10:26:42 INFO  Executed systemctl&lt;serv_mapper1&gt;, exit status 3
10:26:42 INFO  Restarting mosquitto too frequently in the last 10 seconds. It was only up for 5 seconds
10:26:42 INFO  Delaying execution by 6 seconds
10:27:03 INFO  Executed sudo&lt;tedge_connect_c8y&gt;, exit status 0, duration 14 secs
10:27:04 INFO  Executed sudo&lt;tedge_connect_c8y_test&gt;, exit status 0
10:27:04 INFO  Executed systemctl&lt;serv_mosq2&gt;, exit status 0
10:27:05 INFO  Executed systemctl&lt;serv_mapper3&gt;, exit status 0
10:27:07 INFO  State of current operation: SUCCESSFUL
10:27:07 INFO  Assert that (False == value) with value=False ... passed
10:27:07 INFO  Assert that (False == value) with value=False ... passed
10:27:08 INFO  Assert that (False == value) with value=False ... passed
10:27:08 INFO  Assert that (False == value) with value=False ... passed
10:27:08 INFO  Package moon-buggy is installed
10:27:08 WARN  Assert that (False == value) with value=True ... failed 
10:27:10 INFO  Response status: 201
10:27:10 INFO  Response to action: {
    "creationTime": "2022-05-23T10:27:10.050Z",
    "deviceId": "19492120",
    "deviceName": "mythicd",
    "self": "https://t493319102.eu-latest.cumulocity.com/devicecontrol/operations/19512816",
    "id": "19512816",
    "status": "PENDING",
    "description": "Apply software changes, triggered from PySys: [{'action': 'install', 'id': '5475369', 'name': 'asciijump', 'url': ' ', 'version': '::apt'}, {'action': 'install', 'id': '5474869', 'name': 'robotfindskitten', 'url': ' ', 'version': ' '}, {'action': 'install', 'id': '5475279', 'name': 'squirrel3', 'url': ' ', 'version': '3.1-7::apt'}, {'action': 'install', 'id': '5152439', 'name': 'rolldice', 'url': ' ', 'version': '1.16-1+b1'}, {'action': 'install', 'id': '5439204', 'name': 'moon-buggy', 'url': ' ', 'version': '1:1.0.51-12'}, {'action': 'install', 'id': '5475369', 'name': 'asciijump', 'url': ' ', 'version': '::apt'}]",
    "c8y_SoftwareUpdate": [
        {
            "name": "asciijump",
            "action": "install",
            "id": "5475369",
            "version": "::apt",
            "url": " "
        },
        {
            "name": "robotfindskitten",
            "action": "install",
            "id": "5474869",
            "version": " ",
            "url": " "
        },
        {
            "name": "squirrel3",
            "action": "install",
            "id": "5475279",
            "version": "3.1-7::apt",
            "url": " "
        },
        {
            "name": "rolldice",
            "action": "install",
            "id": "5152439",
            "version": "1.16-1+b1",
            "url": " "
        },
        {
            "name": "moon-buggy",
            "action": "install",
            "id": "5439204",
            "version": "1:1.0.51-12",
            "url": " "
        },
        {
            "name": "asciijump",
            "action": "install",
            "id": "5475369",
            "version": "::apt",
            "url": " "
        }
    ]
}
10:27:10 INFO  Started operation: {'creationTime': '2022-05-23T10:27:10.050Z', 'deviceId': '19492120', 'deviceName': 'mythicd', 'self': 'https://t493319102.eu-latest.cumulocity.com/devicecontrol/operations/19512816', 'id': '19512816', 'status': 'PENDING', 'description': "Apply software changes, triggered from PySys: [{'action': 'install', 'id': '5475369', 'name': 'asciijump', 'url': ' ', 'version': '::apt'}, {'action': 'install', 'id': '5474869', 'name': 'robotfindskitten', 'url': ' ', 'version': ' '}, {'action': 'install', 'id': '5475279', 'name': 'squirrel3', 'url': ' ', 'version': '3.1-7::apt'}, {'action': 'install', 'id': '5152439', 'name': 'rolldice', 'url': ' ', 'version': '1.16-1+b1'}, {'action': 'install', 'id': '5439204', 'name': 'moon-buggy', 'url': ' ', 'version': '1:1.0.51-12'}, {'action': 'install', 'id': '5475369', 'name': 'asciijump', 'url': ' ', 'version': '::apt'}]", 'c8y_SoftwareUpdate': [{'name': 'asciijump', 'action': 'install', 'id': '5475369', 'version': '::apt', 'url': ' '}, {'name': 'robotfindskitten', 'action': 'install', 'id': '5474869', 'version': ' ', 'url': ' '}, {'name': 'squirrel3', 'action': 'install', 'id': '5475279', 'version': '3.1-7::apt', 'url': ' '}, {'name': 'rolldice', 'action': 'install', 'id': '5152439', 'version': '1.16-1+b1', 'url': ' '}, {'name': 'moon-buggy', 'action': 'install', 'id': '5439204', 'version': '1:1.0.51-12', 'url': ' '}, {'name': 'asciijump', 'action': 'install', 'id': '5475369', 'version': '::apt', 'url': ' '}]}
10:27:12 INFO  State of operation 19512816 : PENDING
10:27:14 INFO  State of operation 19512816 : EXECUTING
10:27:16 INFO  State of operation 19512816 : EXECUTING
10:27:19 INFO  State of operation 19512816 : EXECUTING
10:27:21 INFO  State of operation 19512816 : EXECUTING
10:27:23 INFO  State of operation 19512816 : EXECUTING
10:27:26 INFO  State of operation 19512816 : EXECUTING
10:27:29 INFO  State of operation 19512816 : EXECUTING
10:27:31 INFO  State of operation 19512816 : EXECUTING
10:27:33 INFO  State of operation 19512816 : EXECUTING
10:27:36 INFO  State of operation 19512816 : EXECUTING
10:27:38 INFO  State of operation 19512816 : EXECUTING
10:27:40 INFO  State of operation 19512816 : EXECUTING
10:27:42 INFO  State of operation 19512816 : EXECUTING
10:27:45 INFO  State of operation 19512816 : EXECUTING
10:27:47 INFO  State of operation 19512816 : EXECUTING
10:27:49 INFO  State of operation 19512816 : EXECUTING
10:27:52 INFO  State of operation 19512816 : EXECUTING
10:27:54 INFO  State of operation 19512816 : EXECUTING
10:27:57 INFO  State of operation 19512816 : EXECUTING
10:27:59 INFO  State of operation 19512816 : EXECUTING
10:28:01 INFO  State of operation 19512816 : EXECUTING
10:28:04 INFO  State of operation 19512816 : EXECUTING
10:28:06 INFO  State of operation 19512816 : EXECUTING
10:28:09 INFO  State of operation 19512816 : EXECUTING
10:28:11 INFO  State of operation 19512816 : EXECUTING
10:28:13 INFO  State of operation 19512816 : EXECUTING
10:28:15 INFO  State of operation 19512816 : EXECUTING
10:28:18 INFO  State of operation 19512816 : EXECUTING
10:28:20 INFO  State of operation 19512816 : EXECUTING
10:28:22 INFO  State of operation 19512816 : EXECUTING
10:28:25 INFO  State of operation 19512816 : EXECUTING
10:28:27 INFO  State of operation 19512816 : EXECUTING
10:28:29 INFO  State of operation 19512816 : EXECUTING
10:28:31 INFO  State of operation 19512816 : EXECUTING
10:28:33 INFO  State of operation 19512816 : EXECUTING
10:28:36 INFO  State of operation 19512816 : EXECUTING
10:28:38 INFO  State of operation 19512816 : EXECUTING
10:28:40 INFO  State of operation 19512816 : EXECUTING
10:28:43 INFO  State of operation 19512816 : EXECUTING
10:28:46 INFO  State of operation 19512816 : EXECUTING
10:28:48 INFO  State of operation 19512816 : EXECUTING
10:28:51 INFO  State of operation 19512816 : EXECUTING
10:28:53 INFO  State of operation 19512816 : EXECUTING
10:28:55 INFO  State of operation 19512816 : EXECUTING
10:28:57 INFO  State of operation 19512816 : EXECUTING
10:28:59 INFO  State of operation 19512816 : EXECUTING
10:29:02 INFO  State of operation 19512816 : EXECUTING
10:29:04 INFO  State of operation 19512816 : EXECUTING
10:29:06 INFO  State of operation 19512816 : EXECUTING
10:29:09 INFO  State of operation 19512816 : EXECUTING
10:29:11 INFO  State of operation 19512816 : EXECUTING
10:29:14 INFO  State of operation 19512816 : EXECUTING
10:29:16 INFO  State of operation 19512816 : EXECUTING
10:29:18 INFO  State of operation 19512816 : EXECUTING
10:29:20 INFO  State of operation 19512816 : EXECUTING
10:29:23 INFO  State of operation 19512816 : EXECUTING
10:29:25 INFO  State of operation 19512816 : EXECUTING
10:29:28 INFO  State of operation 19512816 : EXECUTING
10:29:30 INFO  State of operation 19512816 : EXECUTING
10:29:33 INFO  State of operation 19512816 : EXECUTING
10:29:35 WARN  SystemError occurred while running test - Timeout while waiting for status SUCCESSFUL or False
Traceback (most recent call last):
  File "/home/pi/env-pysys/lib/python3.7/site-packages/pysys/baserunner.py", line 1294, in __call__
    self.testObj.execute()
  File "/home/pi/actions-runner/_work/thin-edge.io/thin-edge.io/tests/PySys/software_management_end_to_end/sm_apt_install_remove_multiple_mixed/run.py", line 89, in execute
    self.wait_until_succcess()
  File "/home/pi/actions-runner/_work/thin-edge.io/thin-edge.io/tests/PySys/software_management_end_to_end/environment_sm_management.py", line 324, in wait_until_succcess
    self.wait_until_status("SUCCESSFUL")
  File "/home/pi/actions-runner/_work/thin-edge.io/thin-edge.io/tests/PySys/software_management_end_to_end/environment_sm_management.py", line 381, in wait_until_status
    "Timeout while waiting for status %s or %s" % (status, status2)
SystemError: Timeout while waiting for status SUCCESSFUL or False
10:29:35 WARN  SystemError: Timeout while waiting for status SUCCESSFUL or False ... blocked 
10:29:35 INFO  
10:29:35 INFO  cleanup:
10:29:42 INFO  Executed sudo&lt;tedge_disconnect_c8y&gt;, exit status 0
10:29:42 INFO  Executed systemctl&lt;serv_mapper5&gt;, exit status 3
10:29:42 INFO  
10:29:42 INFO  Test duration: 180.65 secs
10:29:42 INFO  Test final outcome:  BLOCKED
10:29:42 INFO  Test outcome reason: SystemError: Timeout while waiting for status SUCCESSFUL or False (+1 other failures)
10:29:42 INFO  
</system-out>
	</testcase>
</testsuite><testsuite name="SoftwareManagement.sm_apt_install_remove_with_version" tests="3" errors="0" failures="0" skipped="1" time="0"><testcase classname="PySysTest" name="SoftwareManagement.sm_apt_install_remove_with_version">
		<skipped message="SKIPPED: Testing the apt plugin is not supported on this platform.Use parameter -XmyPlatform='container' to enable it" />
		<system-out>09:24:01 INFO  ==============================================================
09:24:01 INFO  Id:    SoftwareManagement.sm_apt_install_remove_with_version
09:24:01 INFO  Dir:   software_management_end_to_end/
09:24:01 INFO  Title: Validate end to end behaviour for the apt plugin for packages with version
09:24:01 INFO  ==============================================================
09:24:01 INFO  Testing the apt plugin is not supported on this platform.Use parameter -XmyPlatform='container' to enable it ... skipped
09:24:01 WARN  Aborted test due to SKIPPED outcome
09:24:01 INFO  
09:24:01 INFO  Test duration: 0.02 secs
09:24:01 INFO  Test final outcome:  SKIPPED
09:24:01 INFO  Test outcome reason: Testing the apt plugin is not supported on this platform.Use parameter -XmyPlatform='container' to enable it
09:24:01 INFO  
</system-out>
	</testcase>
<testcase classname="PySysTest" name="SoftwareManagement.sm_apt_install_remove_with_version" />
<testcase classname="PySysTest" name="SoftwareManagement.sm_apt_install_remove_with_version" />
</testsuite><testsuite name="SoftwareManagement.sm_docker_install_remove_multiple" tests="3" errors="0" failures="1" skipped="1" time="0"><testcase classname="SMDockerInstallRemove" name="SoftwareManagement.sm_docker_install_remove_multiple">
		<skipped message="SKIPPED: Testing the apt plugin is not supported on this platform.Use parameter -XmyPlatform='container' to enable it" />
		<system-out>09:24:01 INFO  ==============================================================
09:24:01 INFO  Id:    SoftwareManagement.sm_docker_install_remove_multiple
09:24:01 INFO  Dir:   software_management_end_to_end/
09:24:01 INFO  Title: Validate end to end behaviour for the docker plugin for multiple docker images with mixed versions
09:24:01 INFO  ==============================================================
09:24:01 INFO  Testing the apt plugin is not supported on this platform.Use parameter -XmyPlatform='container' to enable it ... skipped
09:24:01 WARN  Aborted test due to SKIPPED outcome
09:24:01 INFO  
09:24:01 INFO  Test duration: 0.03 secs
09:24:01 INFO  Test final outcome:  SKIPPED
09:24:01 INFO  Test outcome reason: Testing the apt plugin is not supported on this platform.Use parameter -XmyPlatform='container' to enable it
09:24:01 INFO  
</system-out>
	</testcase>
<testcase classname="SMDockerInstallRemove" name="SoftwareManagement.sm_docker_install_remove_multiple" />
<testcase classname="SMDockerInstallRemove" name="SoftwareManagement.sm_docker_install_remove_multiple">
		<failure message="BLOCKED: SystemError: The operation has failed" type="BLOCKED" />
		<system-out>10:32:24 INFO  ==============================================================
10:32:24 INFO  Id:    SoftwareManagement.sm_docker_install_remove_multiple
10:32:24 INFO  Dir:   software_management_end_to_end/
10:32:24 INFO  Title: Validate end to end behaviour for the docker plugin for multiple docker images with mixed versions
10:32:24 INFO  ==============================================================
10:32:24 INFO  Using sw id database: {'asciijump': '5475369', 'robotfindskitten': '5474869', 'squirrel3': '5475279', 'rolldice': '5152439', 'moon-buggy': '5439204', 'apple': '5495053', 'banana': '5494888', 'cherry': '5495382', 'watermelon': '5494510', 'registry': '8018911', 'hello-world': '8021526', 'docker/getting-started': '8021973', 'alpine': '7991792'}
10:32:24 INFO  EnvironmentC8y Setup
10:32:24 INFO  Executed systemctl&lt;serv_mapper1&gt;, exit status 3
10:32:24 INFO  Restarting mosquitto too frequently in the last 10 seconds. It was only up for 4 seconds
10:32:24 INFO  Delaying execution by 7 seconds
10:32:46 INFO  Executed sudo&lt;tedge_connect_c8y&gt;, exit status 0, duration 14 secs
10:32:46 INFO  Executed sudo&lt;tedge_connect_c8y_test&gt;, exit status 0
10:32:47 INFO  Executed systemctl&lt;serv_mosq2&gt;, exit status 0
10:32:47 INFO  Executed systemctl&lt;serv_mapper3&gt;, exit status 0
10:32:50 INFO  State of current operation: SUCCESSFUL
10:32:50 INFO  Response status: 201
10:32:50 INFO  Response to action: {
    "creationTime": "2022-05-23T10:32:50.252Z",
    "deviceId": "19492120",
    "deviceName": "mythicd",
    "self": "https://t493319102.eu-latest.cumulocity.com/devicecontrol/operations/19512898",
    "id": "19512898",
    "status": "PENDING",
    "description": "Apply software changes, triggered from PySys: [{'action': 'install', 'id': '8021526', 'name': 'hello-world', 'url': '', 'version': '::docker'}, {'action': 'install', 'id': '8018911', 'name': 'registry', 'url': '', 'version': '2.6.2::docker'}]",
    "c8y_SoftwareUpdate": [
        {
            "name": "hello-world",
            "action": "install",
            "id": "8021526",
            "version": "::docker",
            "url": ""
        },
        {
            "name": "registry",
            "action": "install",
            "id": "8018911",
            "version": "2.6.2::docker",
            "url": ""
        }
    ]
}
10:32:50 INFO  Started operation: {'creationTime': '2022-05-23T10:32:50.252Z', 'deviceId': '19492120', 'deviceName': 'mythicd', 'self': 'https://t493319102.eu-latest.cumulocity.com/devicecontrol/operations/19512898', 'id': '19512898', 'status': 'PENDING', 'description': "Apply software changes, triggered from PySys: [{'action': 'install', 'id': '8021526', 'name': 'hello-world', 'url': '', 'version': '::docker'}, {'action': 'install', 'id': '8018911', 'name': 'registry', 'url': '', 'version': '2.6.2::docker'}]", 'c8y_SoftwareUpdate': [{'name': 'hello-world', 'action': 'install', 'id': '8021526', 'version': '::docker', 'url': ''}, {'name': 'registry', 'action': 'install', 'id': '8018911', 'version': '2.6.2::docker', 'url': ''}]}
10:32:52 INFO  State of operation 19512898 : PENDING
10:32:54 INFO  State of operation 19512898 : EXECUTING
10:32:57 INFO  State of operation 19512898 : EXECUTING
10:32:59 INFO  State of operation 19512898 : EXECUTING
10:33:01 INFO  State of operation 19512898 : EXECUTING
10:33:04 INFO  State of operation 19512898 : EXECUTING
10:33:06 INFO  State of operation 19512898 : EXECUTING
10:33:09 INFO  State of operation 19512898 : EXECUTING
10:33:11 INFO  State of operation 19512898 : EXECUTING
10:33:13 INFO  State of operation 19512898 : EXECUTING
10:33:15 INFO  State of operation 19512898 : EXECUTING
10:33:19 INFO  State of operation 19512898 : EXECUTING
10:33:21 INFO  State of operation 19512898 : EXECUTING
10:33:23 INFO  State of operation 19512898 : EXECUTING
10:33:25 INFO  State of operation 19512898 : EXECUTING
10:33:28 INFO  State of operation 19512898 : EXECUTING
10:33:30 INFO  State of operation 19512898 : SUCCESSFUL
10:33:31 INFO  Package hello-world is installed
10:33:31 INFO  Package hello-world is installed
10:33:31 INFO  Assert that (True == value) with value=True ... passed
10:33:32 INFO  Package registry is installed
10:33:32 INFO  Assert that (True == value) with value=True ... passed
10:33:32 INFO  Assert that (False == value) with value=False ... passed
10:33:32 INFO  Response status: 201
10:33:32 INFO  Response to action: {
    "creationTime": "2022-05-23T10:33:32.436Z",
    "deviceId": "19492120",
    "deviceName": "mythicd",
    "self": "https://t493319102.eu-latest.cumulocity.com/devicecontrol/operations/19512910",
    "id": "19512910",
    "status": "PENDING",
    "description": "Apply software changes, triggered from PySys: [{'action': 'install', 'id': '8018911', 'name': 'registry', 'url': '', 'version': '2.7.1::docker'}, {'action': 'install', 'id': '7991792', 'name': 'alpine', 'url': '', 'version': '::docker'}]",
    "c8y_SoftwareUpdate": [
        {
            "name": "registry",
            "action": "install",
            "id": "8018911",
            "version": "2.7.1::docker",
            "url": ""
        },
        {
            "name": "alpine",
            "action": "install",
            "id": "7991792",
            "version": "::docker",
            "url": ""
        }
    ]
}
10:33:32 INFO  Started operation: {'creationTime': '2022-05-23T10:33:32.436Z', 'deviceId': '19492120', 'deviceName': 'mythicd', 'self': 'https://t493319102.eu-latest.cumulocity.com/devicecontrol/operations/19512910', 'id': '19512910', 'status': 'PENDING', 'description': "Apply software changes, triggered from PySys: [{'action': 'install', 'id': '8018911', 'name': 'registry', 'url': '', 'version': '2.7.1::docker'}, {'action': 'install', 'id': '7991792', 'name': 'alpine', 'url': '', 'version': '::docker'}]", 'c8y_SoftwareUpdate': [{'name': 'registry', 'action': 'install', 'id': '8018911', 'version': '2.7.1::docker', 'url': ''}, {'name': 'alpine', 'action': 'install', 'id': '7991792', 'version': '::docker', 'url': ''}]}
10:33:34 INFO  State of operation 19512910 : PENDING
10:33:36 INFO  State of operation 19512910 : EXECUTING
10:33:39 INFO  State of operation 19512910 : EXECUTING
10:33:41 INFO  State of operation 19512910 : EXECUTING
10:33:43 INFO  State of operation 19512910 : EXECUTING
10:33:45 INFO  State of operation 19512910 : EXECUTING
10:33:48 INFO  State of operation 19512910 : EXECUTING
10:33:50 INFO  State of operation 19512910 : FAILED
10:33:50 ERROR Stopping as the operation has failed
10:33:50 WARN  SystemError occurred while running test - The operation has failed
Traceback (most recent call last):
  File "/home/pi/env-pysys/lib/python3.7/site-packages/pysys/baserunner.py", line 1294, in __call__
    self.testObj.execute()
  File "/home/pi/actions-runner/_work/thin-edge.io/thin-edge.io/tests/PySys/software_management_end_to_end/sm_docker_install_remove_multiple/run.py", line 91, in execute
    self.wait_until_succcess()
  File "/home/pi/actions-runner/_work/thin-edge.io/thin-edge.io/tests/PySys/software_management_end_to_end/environment_sm_management.py", line 324, in wait_until_succcess
    self.wait_until_status("SUCCESSFUL")
  File "/home/pi/actions-runner/_work/thin-edge.io/thin-edge.io/tests/PySys/software_management_end_to_end/environment_sm_management.py", line 361, in wait_until_status
    raise SystemError("The operation has failed")
SystemError: The operation has failed
10:33:50 WARN  SystemError: The operation has failed ... blocked 
10:33:50 INFO  
10:33:50 INFO  cleanup:
10:33:50 INFO  Response status: 201
10:33:50 INFO  Response to action: {
    "creationTime": "2022-05-23T10:33:50.681Z",
    "deviceId": "19492120",
    "deviceName": "mythicd",
    "self": "https://t493319102.eu-latest.cumulocity.com/devicecontrol/operations/19512914",
    "id": "19512914",
    "status": "PENDING",
    "description": "Apply software changes, triggered from PySys: [{'action': 'delete', 'id': '8018911', 'name': 'registry', 'url': '', 'version': '2.7.1::docker'}, {'action': 'delete', 'id': '7991792', 'name': 'alpine', 'url': '', 'version': '::docker'}, {'action': 'delete', 'id': '8021526', 'name': 'hello-world', 'url': '', 'version': '::docker'}]",
    "c8y_SoftwareUpdate": [
        {
            "name": "registry",
            "action": "delete",
            "id": "8018911",
            "version": "2.7.1::docker",
            "url": ""
        },
        {
            "name": "alpine",
            "action": "delete",
            "id": "7991792",
            "version": "::docker",
            "url": ""
        },
        {
            "name": "hello-world",
            "action": "delete",
            "id": "8021526",
            "version": "::docker",
            "url": ""
        }
    ]
}
[...]
09:14:20 INFO  Id:    docker_plugin_install_with_version
09:14:20 INFO  Dir:   plugin_docker/
09:14:20 INFO  Title: Validate docker plugin install
09:14:20 INFO  ==============================================================
09:14:20 INFO  Testing the docker plugin is not supported on this platform.To run it, all the test with -XmyPlatform='container' ... skipped
09:14:20 WARN  Aborted test due to SKIPPED outcome
09:14:20 INFO  
09:14:20 INFO  Test duration: 0.02 secs
09:14:20 INFO  Test final outcome:  SKIPPED
09:14:20 INFO  Test outcome reason: Testing the docker plugin is not supported on this platform.To run it, all the test with -XmyPlatform='container'
09:14:20 INFO  
</system-out>
	</testcase>
<testcase classname="DockerPluginInstallWithVersionTest" name="docker_plugin_install_with_version" />
</testsuite><testsuite name="docker_plugin_remove" tests="2" errors="0" failures="0" skipped="1" time="0"><testcase classname="DockerPluginRemoveTest" name="docker_plugin_remove">
		<skipped message="SKIPPED: Testing the docker plugin is not supported on this platform.To run it, all the test with -XmyPlatform='container'" />
		<system-out>09:14:20 INFO  ==============================================================
09:14:20 INFO  Id:    docker_plugin_remove
09:14:20 INFO  Dir:   plugin_docker/
09:14:20 INFO  Title: Validate docker plugin remove
09:14:20 INFO  ==============================================================
09:14:20 INFO  Testing the docker plugin is not supported on this platform.To run it, all the test with -XmyPlatform='container' ... skipped
09:14:20 WARN  Aborted test due to SKIPPED outcome
09:14:20 INFO  
09:14:20 INFO  Test duration: 0.02 secs
09:14:20 INFO  Test final outcome:  SKIPPED
09:14:20 INFO  Test outcome reason: Testing the docker plugin is not supported on this platform.To run it, all the test with -XmyPlatform='container'
09:14:20 INFO  
</system-out>
	</testcase>
<testcase classname="DockerPluginRemoveTest" name="docker_plugin_remove" />
</testsuite><testsuite name="docker_plugin_remove_with_version" tests="2" errors="0" failures="0" skipped="1" time="0"><testcase classname="DockerPluginRemoveWithVersionTest" name="docker_plugin_remove_with_version">
		<skipped message="SKIPPED: Testing the docker plugin is not supported on this platform.To run it, all the test with -XmyPlatform='container'" />
		<system-out>09:14:20 INFO  ==============================================================
09:14:20 INFO  Id:    docker_plugin_remove_with_version
09:14:20 INFO  Dir:   plugin_docker/
09:14:20 INFO  Title: Validate docker plugin remove with version
09:14:20 INFO  ==============================================================
09:14:20 INFO  Testing the docker plugin is not supported on this platform.To run it, all the test with -XmyPlatform='container' ... skipped
09:14:20 WARN  Aborted test due to SKIPPED outcome
09:14:20 INFO  
09:14:20 INFO  Test duration: 0.02 secs
09:14:20 INFO  Test final outcome:  SKIPPED
09:14:20 INFO  Test outcome reason: Testing the docker plugin is not supported on this platform.To run it, all the test with -XmyPlatform='container'
09:14:20 INFO  
</system-out>
	</testcase>
<testcase classname="DockerPluginRemoveWithVersionTest" name="docker_plugin_remove_with_version" />
</testsuite><testsuite name="docker_plugin_update" tests="2" errors="0" failures="0" skipped="1" time="0"><testcase classname="DockerPluginUpdateTest" name="docker_plugin_update">
		<skipped message="SKIPPED: Testing the docker plugin is not supported on this platform.To run it, all the test with -XmyPlatform='container'" />
		<system-out>09:14:20 INFO  ==============================================================
09:14:20 INFO  Id:    docker_plugin_update
09:14:20 INFO  Dir:   plugin_docker/
09:14:20 INFO  Title: Validate docker plugin install updates existing containers
09:14:20 INFO  ==============================================================
09:14:20 INFO  Testing the docker plugin is not supported on this platform.To run it, all the test with -XmyPlatform='container' ... skipped
09:14:20 WARN  Aborted test due to SKIPPED outcome
09:14:20 INFO  
09:14:20 INFO  Test duration: 0.02 secs
09:14:20 INFO  Test final outcome:  SKIPPED
09:14:20 INFO  Test outcome reason: Testing the docker plugin is not supported on this platform.To run it, all the test with -XmyPlatform='container'
09:14:20 INFO  
</system-out>
	</testcase>
<testcase classname="DockerPluginUpdateTest" name="docker_plugin_update" />
</testsuite><testsuite name="invalid_device_id" tests="1" errors="0" failures="0" skipped="0" time="0"><testcase classname="InvalidDeviceId" name="invalid_device_id" />
</testsuite><testsuite name="local_mqtt_pub_fail_noqos" tests="1" errors="0" failures="0" skipped="0" time="0"><testcase classname="PySysTest" name="local_mqtt_pub_fail_noqos" />
</testsuite><testsuite name="local_mqtt_pub_fail_qos0" tests="1" errors="0" failures="0" skipped="0" time="0"><testcase classname="PySysTest" name="local_mqtt_pub_fail_qos0" />
</testsuite><testsuite name="local_mqtt_pub_fail_qos1" tests="1" errors="0" failures="0" skipped="0" time="0"><testcase classname="PySysTest" name="local_mqtt_pub_fail_qos1" />
</testsuite><testsuite name="local_mqtt_pub_fail_qos2" tests="1" errors="0" failures="0" skipped="0" time="0"><testcase classname="PySysTest" name="local_mqtt_pub_fail_qos2" />
</testsuite><testsuite name="local_mqtt_pub_sub" tests="1" errors="0" failures="0" skipped="0" time="0"><testcase classname="PySysTest" name="local_mqtt_pub_sub" />
</testsuite><testsuite name="local_mqtt_pub_sub_retain" tests="1" errors="0" failures="0" skipped="0" time="0"><testcase classname="MqttPublishWithRetain" name="local_mqtt_pub_sub_retain" />
</testsuite><testsuite name="local_mqtt_pub_sub_with_sudo" tests="1" errors="0" failures="0" skipped="0" time="0"><testcase classname="PySysTest" name="local_mqtt_pub_sub_with_sudo" />
</testsuite><testsuite name="local_mqtt_sub_fail" tests="1" errors="0" failures="0" skipped="0" time="0"><testcase classname="PySysTest" name="local_mqtt_sub_fail" />
</testsuite><testsuite name="log_request_error_messages" tests="1" errors="0" failures="0" skipped="1" time="0"><testcase classname="LogRequestVerifySearchTextError" name="log_request_error_messages">
		<skipped message="SKIPPED: Test execution disabled due to #1123" />
		<system-out>09:12:44 INFO  ==============================================================
09:12:44 INFO  Id:    log_request_error_messages
09:12:44 INFO  Dir:   log_request_end_to_end/
09:12:44 INFO  Title: Validate end to end behaviour for the log request operation check for error messages
09:12:44 INFO  ==============================================================
09:12:45 INFO  Test execution disabled due to #1123 ... skipped
09:12:45 INFO  
09:12:45 INFO  Test duration: 1.40 secs
09:12:45 INFO  Test final outcome:  SKIPPED
09:12:45 INFO  Test outcome reason: Test execution disabled due to #1123
09:12:45 INFO  
</system-out>
	</testcase>
</testsuite><testsuite name="log_request_num_lines" tests="1" errors="0" failures="0" skipped="1" time="0"><testcase classname="LogRequestVerifyNumberOfLines" name="log_request_num_lines">
		<skipped message="SKIPPED: Test execution disabled due to #1123" />
		<system-out>09:12:45 INFO  ==============================================================
09:12:45 INFO  Id:    log_request_num_lines
09:12:45 INFO  Dir:   log_request_end_to_end/
09:12:45 INFO  Title: Validate end to end behaviour for the log request operation check for number of lines
09:12:45 INFO  ==============================================================
09:12:45 INFO  Test execution disabled due to #1123 ... skipped
09:12:45 INFO  
09:12:45 INFO  Test duration: 0.02 secs
09:12:45 INFO  Test final outcome:  SKIPPED
09:12:45 INFO  Test outcome reason: Test execution disabled due to #1123
09:12:45 INFO  
</system-out>
	</testcase>
</testsuite><testsuite name="mapper_awaits_before_reconnect" tests="1" errors="0" failures="0" skipped="0" time="0"><testcase classname="MapperReconnectAwait" name="mapper_awaits_before_reconnect" />
</testsuite><testsuite name="monitoring_smaller_interval" tests="1" errors="0" failures="0" skipped="1" time="0"><testcase classname="MonitoringSmallInterval" name="monitoring_smaller_interval">
		<skipped message="SKIPPED: Fails due to retained message" />
		<system-out>09:14:15 INFO  ==============================================================
09:14:15 INFO  Id:    monitoring_smaller_interval
09:14:15 INFO  Dir:   monitoring/
09:14:15 INFO  Title: Validate the tedge dm agent messages that are produced with smaller sampling interval than the batching window. Here the simulated collectd messages are used
09:14:15 INFO  ==============================================================
09:14:15 INFO  Fails due to retained message ... skipped
09:14:15 INFO  
09:14:15 INFO  Test duration: 0.02 secs
09:14:15 INFO  Test final outcome:  SKIPPED
09:14:15 INFO  Test outcome reason: Fails due to retained message
09:14:15 INFO  
</system-out>
	</testcase>
</testsuite><testsuite name="monitoring_with_collectd" tests="1" errors="0" failures="0" skipped="1" time="0"><testcase classname="MonitoringWithCollectd" name="monitoring_with_collectd">
		<skipped message="SKIPPED: Test execution disabled due to #792 (instable)" />
		<system-out>09:14:15 INFO  ==============================================================
09:14:15 INFO  Id:    monitoring_with_collectd
09:14:15 INFO  Dir:   monitoring/
09:14:15 INFO  Title: Validate tedge dm agent messages that are produced by batching the collectd messages
09:14:15 INFO  ==============================================================
09:14:15 INFO  Test execution disabled due to #792 (instable) ... skipped
09:14:15 INFO  
09:14:15 INFO  Test duration: 0.02 secs
09:14:15 INFO  Test final outcome:  SKIPPED
09:14:15 INFO  Test outcome reason: Test execution disabled due to #792 (instable)
09:14:15 INFO  
</system-out>
	</testcase>
</testsuite><testsuite name="monitoring_with_simulated_messages" tests="1" errors="0" failures="0" skipped="1" time="0"><testcase classname="MonitoringWithSimulatedMessages" name="monitoring_with_simulated_messages">
		<skipped message="SKIPPED: Fails due to retained message" />
		<system-out>09:14:15 INFO  ==============================================================
09:14:15 INFO  Id:    monitoring_with_simulated_messages
09:14:15 INFO  Dir:   monitoring/
09:14:15 INFO  Title: Validate the tedge dm agent messages that are produced from the simulated collectd messages
09:14:15 INFO  ==============================================================
09:14:15 INFO  Fails due to retained message ... skipped
09:14:15 INFO  
09:14:15 INFO  Test duration: 0.02 secs
09:14:15 INFO  Test final outcome:  SKIPPED
09:14:15 INFO  Test outcome reason: Fails due to retained message
09:14:15 INFO  
</system-out>
	</testcase>
</testsuite><testsuite name="mqtt_port_change_connection_fails" tests="1" errors="0" failures="0" skipped="0" time="0"><testcase classname="MqttPortChangeConnectionFails" name="mqtt_port_change_connection_fails" />
</testsuite><testsuite name="mqtt_port_change_connection_works" tests="1" errors="0" failures="0" skipped="1" time="0"><testcase classname="MqttPortChangeConnectionWorks" name="mqtt_port_change_connection_works">
		<skipped message="SKIPPED: failing intermitently" />
		<system-out>09:13:20 INFO  ==============================================================
09:13:20 INFO  Id:    mqtt_port_change_connection_works
09:13:20 INFO  Dir:   misc_features/
09:13:20 INFO  Title: mqtt port change connection works for all the thin-edge services that use the mosquitto broker
09:13:20 INFO  ==============================================================
09:13:20 INFO  failing intermitently ... skipped
09:13:20 INFO  
09:13:20 INFO  Test duration: 0.02 secs
09:13:20 INFO  Test final outcome:  SKIPPED
09:13:20 INFO  Test outcome reason: failing intermitently
09:13:20 INFO  
</system-out>
	</testcase>
</testsuite><testsuite name="mqtt_port_set" tests="1" errors="0" failures="0" skipped="0" time="0"><testcase classname="MqttPortSet" name="mqtt_port_set" />
</testsuite><testsuite name="mqtt_port_unset" tests="1" errors="0" failures="0" skipped="0" time="0"><testcase classname="MqttPortUnSet" name="mqtt_port_unset" />
</testsuite><testsuite name="publish_flux" tests="1" errors="0" failures="0" skipped="0" time="0"><testcase classname="PublishFlux" name="publish_flux" />
</testsuite><testsuite name="publish_sawmill" tests="1" errors="0" failures="0" skipped="0" time="0"><testcase classname="PublishSawmill" name="publish_sawmill" />
</testsuite><testsuite name="pysys_block" tests="1" errors="0" failures="0" skipped="1" time="0"><testcase classname="Fail" name="pysys_block">
		<skipped message="SKIPPED: Enable this to observe a blocking test" />
		<system-out>09:13:43 INFO  ==============================================================
09:13:43 INFO  Id:    pysys_block
09:13:43 INFO  Dir:   misc_features/
09:13:43 INFO  Title: fail
09:13:43 INFO  ==============================================================
09:13:43 INFO  Enable this to observe a blocking test ... skipped
09:13:43 INFO  
09:13:43 INFO  Test duration: 0.02 secs
09:13:43 INFO  Test final outcome:  SKIPPED
09:13:43 INFO  Test outcome reason: Enable this to observe a blocking test
09:13:43 INFO  
</system-out>
	</testcase>
</testsuite><testsuite name="pysys_fail" tests="1" errors="0" failures="0" skipped="1" time="0"><testcase classname="Fail" name="pysys_fail">
		<skipped message="SKIPPED: Enable this to observe a failing test" />
		<system-out>09:13:43 INFO  ==============================================================
09:13:43 INFO  Id:    pysys_fail
09:13:43 INFO  Dir:   misc_features/
09:13:43 INFO  Title: fail
09:13:43 INFO  ==============================================================
09:13:43 INFO  Enable this to observe a failing test ... skipped
09:13:43 INFO  
09:13:43 INFO  Test duration: 0.02 secs
09:13:43 INFO  Test final outcome:  SKIPPED
09:13:43 INFO  Test outcome reason: Enable this to observe a failing test
09:13:43 INFO  
</system-out>
	</testcase>
</testsuite><testsuite name="runtime_start_two_mappers" tests="1" errors="0" failures="0" skipped="0" time="0"><testcase classname="RuntimeMultiMappers" name="runtime_start_two_mappers" />
</testsuite><testsuite name="sm_tedge_mapper_init_session" tests="1" errors="0" failures="0" skipped="0" time="0"><testcase classname="TedgeSMMapperInitSession" name="sm_tedge_mapper_init_session" />
</testsuite><testsuite name="smoketest_json" tests="1" errors="0" failures="0" skipped="0" time="0"><testcase classname="SmokeTestJson" name="smoketest_json" />
</testsuite><testsuite name="smoketest_json_400_samples_10ms" tests="1" errors="0" failures="0" skipped="0" time="0"><testcase classname="SmoketestJson400Samples10ms" name="smoketest_json_400_samples_10ms" />
</testsuite><testsuite name="smoketest_json_400_samples_20ms" tests="1" errors="0" failures="0" skipped="0" time="0"><testcase classname="SmoketestJson400Samples20ms" name="smoketest_json_400_samples_20ms" />
</testsuite><testsuite name="smoketest_smartrest" tests="1" errors="0" failures="0" skipped="0" time="0"><testcase classname="SmoketestSmartRest" name="smoketest_smartrest" />
</testsuite><testsuite name="smoketest_smartrest_200_samples_1Xms" tests="1" errors="0" failures="0" skipped="0" time="0"><testcase classname="SmoketestSmartRest200Samples1Xms" name="smoketest_smartrest_200_samples_1Xms" />
</testsuite><testsuite name="smoketest_smartrest_200_samples_20ms" tests="1" errors="0" failures="0" skipped="0" time="0"><testcase classname="SmoketestSmartRest200Samples20ms" name="smoketest_smartrest_200_samples_20ms" />
</testsuite><testsuite name="tedge_agent_user_sudo_access" tests="1" errors="0" failures="0" skipped="1" time="0"><testcase classname="TedgeAgentUserSudoAccess" name="tedge_agent_user_sudo_access">
		<skipped message="SKIPPED: #955 Observation: Exit code of the apt plugin when called with no arguments" />
		<system-out>09:24:29 INFO  ==============================================================
09:24:29 INFO  Id:    tedge_agent_user_sudo_access
09:24:29 INFO  Dir:   tedge/
09:24:29 INFO  Title: Validate tedge-agent user has a limited sudo right
09:24:29 INFO  ==============================================================
09:24:29 INFO  #955 Observation: Exit code of the apt plugin when called with no arguments ... skipped
09:24:29 INFO  
09:24:29 INFO  Test duration: 0.06 secs
09:24:29 INFO  Test final outcome:  SKIPPED
09:24:29 INFO  Test outcome reason: #955 Observation: Exit code of the apt plugin when called with no arguments
09:24:29 INFO  
</system-out>
	</testcase>
</testsuite><testsuite name="tedge_connect_test_negative" tests="1" errors="0" failures="0" skipped="0" time="0"><testcase classname="TedgeConnectTestNegative" name="tedge_connect_test_negative" />
</testsuite><testsuite name="tedge_connect_test_positive" tests="1" errors="0" failures="0" skipped="0" time="0"><testcase classname="TedgeConnectTestPositive" name="tedge_connect_test_positive" />
</testsuite><testsuite name="tedge_connect_test_sm_services" tests="1" errors="0" failures="0" skipped="0" time="0"><testcase classname="TedgeConnectTestSMServices" name="tedge_connect_test_sm_services" />
</testsuite><testsuite name="tedge_disconnect_test_sm_services" tests="1" errors="0" failures="0" skipped="0" time="0"><testcase classname="TedgeDisConnectTestSMServices" name="tedge_disconnect_test_sm_services" />
</testsuite><testsuite name="tedge_mapper_az_negative" tests="1" errors="0" failures="0" skipped="0" time="0"><testcase classname="TedgeMapperAzError" name="tedge_mapper_az_negative" />
</testsuite><testsuite name="tedge_mapper_az_with_timestamp" tests="1" errors="0" failures="0" skipped="0" time="0"><testcase classname="TedgeMapperAzWithTimestamp" name="tedge_mapper_az_with_timestamp" />
</testsuite><testsuite name="tedge_mapper_az_without_timestamp" tests="1" errors="0" failures="0" skipped="0" time="0"><testcase classname="TedgeMapperAzWithoutTimestamp" name="tedge_mapper_az_without_timestamp" />
</testsuite><testsuite name="tedge_mapper_c8y_alarms" tests="1" errors="0" failures="0" skipped="0" time="0"><testcase classname="TedgeMapperC8yAlarm" name="tedge_mapper_c8y_alarms" />
</testsuite><testsuite name="tedge_mapper_c8y_child_device_measurement" tests="1" errors="0" failures="0" skipped="1" time="0"><testcase classname="TedgeMapperC8yChildDevice" name="tedge_mapper_c8y_child_device_measurement">
		<skipped message="SKIPPED: Test execution disabled due to #1088" />
		<system-out>09:28:54 INFO  ==============================================================
09:28:54 INFO  Id:    tedge_mapper_c8y_child_device_measurement
09:28:54 INFO  Dir:   tedge_mapper_c8y/
09:28:54 INFO  Title: Validate that measurements sent to tedge/measurements/child topic gets mapped as the child device's measurement in Cumulocity
09:28:54 INFO  ==============================================================
09:28:55 INFO  Test execution disabled due to #1088 ... skipped
09:28:55 INFO  
09:28:55 INFO  Test duration: 0.22 secs
09:28:55 INFO  Test final outcome:  SKIPPED
09:28:55 INFO  Test outcome reason: Test execution disabled due to #1088
09:28:55 INFO  
</system-out>
	</testcase>
</testsuite><testsuite name="tedge_mapper_c8y_packet_threshold_size" tests="1" errors="0" failures="0" skipped="0" time="0"><testcase classname="TedgeMapperC8yThresholdPacketSize" name="tedge_mapper_c8y_packet_threshold_size" />
</testsuite><testsuite name="tedge_software_update" tests="1" errors="0" failures="0" skipped="0" time="0"><testcase classname="PySysTest" name="tedge_software_update" />
</testsuite><testsuite name="valid_device_id" tests="1" errors="0" failures="0" skipped="0" time="0"><testcase classname="ValidateValidDeviceId" name="valid_device_id" />
</testsuite></testsuites>