<?xml version='1.0' encoding='utf-8'?>
<testsuites tests="149" failures="20" errors="0" skipped="49" time="0.0"><testsuite name="SoftwareManagement.Plugin.apama_plugin_install" tests="3" errors="0" failures="0" skipped="1" time="0"><testcase classname="ApamaPluginInstallTest" name="SoftwareManagement.Plugin.apama_plugin_install">
		<skipped message="SKIPPED: Apama plugin tests are disabled by default. Execute `pysys run` with `-XmyPlatform=container` to run these tests" />
		<system-out>15:06:54 INFO  ==============================================================
15:06:54 INFO  Id:    SoftwareManagement.Plugin.apama_plugin_install
15:06:54 INFO  Dir:   plugin_apama/
15:06:54 INFO  Title: Validate apama plugin install
15:06:54 INFO  ==============================================================
15:06:54 INFO  Apama plugin tests are disabled by default. Execute `pysys run` with `-XmyPlatform=container` to run these tests ... skipped
15:06:54 WARN  Aborted test due to SKIPPED outcome
15:06:54 INFO  
15:06:54 INFO  Test duration: 0.05 secs
15:06:54 INFO  Test final outcome:  SKIPPED
15:06:54 INFO  Test outcome reason: Apama plugin tests are disabled by default. Execute `pysys run` with `-XmyPlatform=container` to run these tests
15:06:54 INFO  
</system-out>
	</testcase>
<testcase classname="ApamaPluginInstallTest" name="SoftwareManagement.Plugin.apama_plugin_install" />
<testcase classname="ApamaPluginInstallTest" name="SoftwareManagement.Plugin.apama_plugin_install" />
</testsuite><testsuite name="SoftwareManagement.Plugin.apama_plugin_mon_support" tests="3" errors="0" failures="0" skipped="1" time="0"><testcase classname="ApamaPluginMonSupportTest" name="SoftwareManagement.Plugin.apama_plugin_mon_support">
		<skipped message="SKIPPED: Apama plugin tests are disabled by default. Execute `pysys run` with `-XmyPlatform=container` to run these tests" />
		<system-out>15:06:54 INFO  ==============================================================
15:06:54 INFO  Id:    SoftwareManagement.Plugin.apama_plugin_mon_support
15:06:54 INFO  Dir:   plugin_apama/
15:06:54 INFO  Title: Validate mon file support of apama plugin
15:06:54 INFO  ==============================================================
15:06:54 INFO  Apama plugin tests are disabled by default. Execute `pysys run` with `-XmyPlatform=container` to run these tests ... skipped
15:06:54 WARN  Aborted test due to SKIPPED outcome
15:06:54 INFO  
15:06:54 INFO  Test duration: 0.02 secs
15:06:54 INFO  Test final outcome:  SKIPPED
15:06:54 INFO  Test outcome reason: Apama plugin tests are disabled by default. Execute `pysys run` with `-XmyPlatform=container` to run these tests
15:06:54 INFO  
</system-out>
	</testcase>
<testcase classname="ApamaPluginMonSupportTest" name="SoftwareManagement.Plugin.apama_plugin_mon_support" />
<testcase classname="ApamaPluginMonSupportTest" name="SoftwareManagement.Plugin.apama_plugin_mon_support" />
</testsuite><testsuite name="SoftwareManagement.Plugin.apama_plugin_remove" tests="3" errors="0" failures="0" skipped="1" time="0"><testcase classname="ApamaPluginRemoveTest" name="SoftwareManagement.Plugin.apama_plugin_remove">
		<skipped message="SKIPPED: Apama plugin tests are disabled by default. Execute `pysys run` with `-XmyPlatform=container` to run these tests" />
		<system-out>15:06:54 INFO  ==============================================================
15:06:54 INFO  Id:    SoftwareManagement.Plugin.apama_plugin_remove
15:06:54 INFO  Dir:   plugin_apama/
15:06:54 INFO  Title: Validate apama plugin remove
15:06:54 INFO  ==============================================================
15:06:54 INFO  Apama plugin tests are disabled by default. Execute `pysys run` with `-XmyPlatform=container` to run these tests ... skipped
15:06:54 WARN  Aborted test due to SKIPPED outcome
15:06:54 INFO  
15:06:54 INFO  Test duration: 0.02 secs
15:06:54 INFO  Test final outcome:  SKIPPED
15:06:54 INFO  Test outcome reason: Apama plugin tests are disabled by default. Execute `pysys run` with `-XmyPlatform=container` to run these tests
15:06:54 INFO  
</system-out>
	</testcase>
<testcase classname="ApamaPluginRemoveTest" name="SoftwareManagement.Plugin.apama_plugin_remove" />
<testcase classname="ApamaPluginRemoveTest" name="SoftwareManagement.Plugin.apama_plugin_remove" />
</testsuite><testsuite name="SoftwareManagement.Plugin.apama_plugin_update" tests="3" errors="0" failures="2" skipped="1" time="0"><testcase classname="ApamaPluginUpdateTest" name="SoftwareManagement.Plugin.apama_plugin_update">
		<skipped message="SKIPPED: Apama plugin tests are disabled by default. Execute `pysys run` with `-XmyPlatform=container` to run these tests" />
		<system-out>15:06:54 INFO  ==============================================================
15:06:54 INFO  Id:    SoftwareManagement.Plugin.apama_plugin_update
15:06:54 INFO  Dir:   plugin_apama/
15:06:54 INFO  Title: Validate apama plugin updating one project with another
15:06:54 INFO  ==============================================================
15:06:54 INFO  Apama plugin tests are disabled by default. Execute `pysys run` with `-XmyPlatform=container` to run these tests ... skipped
15:06:54 WARN  Aborted test due to SKIPPED outcome
15:06:54 INFO  
15:06:54 INFO  Test duration: 0.03 secs
15:06:54 INFO  Test final outcome:  SKIPPED
15:06:54 INFO  Test outcome reason: Apama plugin tests are disabled by default. Execute `pysys run` with `-XmyPlatform=container` to run these tests
15:06:54 INFO  
</system-out>
	</testcase>
<testcase classname="ApamaPluginUpdateTest" name="SoftwareManagement.Plugin.apama_plugin_update">
		<failure message="BLOCKED: sudo&lt;plugin_install&gt; returned non-zero exit code 2" type="BLOCKED" />
		<system-out>16:00:11 INFO  ==============================================================
16:00:11 INFO  Id:    SoftwareManagement.Plugin.apama_plugin_update
16:00:11 INFO  Dir:   plugin_apama/
16:00:11 INFO  Title: Validate apama plugin updating one project with another
16:00:11 INFO  ==============================================================
16:00:11 INFO  Assertion that path exists=False for "/etc/tedge/apama/project" ... passed
16:00:12 INFO  Executed sudo&lt;create_project_dir&gt;, exit status 0
16:00:13 INFO  Executed sudo&lt;unzip_apama_project&gt;, exit status 0
16:00:13 INFO  Executed sudo&lt;move_apama_project&gt;, exit status 0
16:00:14 INFO  Executed sudo&lt;restart_apama_service&gt;, exit status 0
16:00:15 INFO  Executed sudo&lt;apama_correlator_wait&gt;, exit status 0
16:00:15 INFO  Assertion that path exists=True for "/etc/tedge/apama/project" ... passed
16:00:15 INFO  Executed sudo&lt;apama_list_monitors&gt;, exit status 0
16:00:15 INFO  Grep on file /home/pi/actions-runner/_work/thin-edge.io/thin-edge.io/tests/PySys/plugin_apama/apama_plugin_update/Output/linux/apama_list_monitors.out ... passed
16:00:16 WARN  Executed sudo&lt;plugin_install&gt;, exit status 2
16:00:16 INFO  Contents of plugin_install.err: 
  ERROR: Directory not empty (os error 39)
  -----

16:00:16 WARN  sudo&lt;plugin_install&gt; returned non-zero exit code 2 ... blocked [run.py:35]
16:00:16 WARN  Aborted test due to BLOCKED outcome
16:00:16 INFO  
16:00:16 INFO  cleanup:
16:00:16 INFO  Removing apama project
16:00:33 INFO  Executed sudo&lt;stop_apama_service&gt;, exit status 0, duration 16 secs
16:00:33 INFO  Executed sudo&lt;remove_apama_project&gt;, exit status 0
16:00:34 INFO  Executed sudo&lt;remove_apama_tmp_dir&gt;, exit status 0
16:00:34 INFO  
16:00:34 INFO  Test duration: 22.61 secs
16:00:34 INFO  Test final outcome:  BLOCKED
16:00:34 INFO  Test outcome reason: sudo&lt;plugin_install&gt; returned non-zero exit code 2
16:00:34 INFO  
</system-out>
	</testcase>
<testcase classname="ApamaPluginUpdateTest" name="SoftwareManagement.Plugin.apama_plugin_update">
		<failure message="BLOCKED: sudo&lt;plugin_install&gt; returned non-zero exit code 2" type="BLOCKED" />
		<system-out>16:03:42 INFO  ==============================================================
16:03:42 INFO  Id:    SoftwareManagement.Plugin.apama_plugin_update
16:03:42 INFO  Dir:   plugin_apama/
16:03:42 INFO  Title: Validate apama plugin updating one project with another
16:03:42 INFO  ==============================================================
16:03:42 INFO  Assertion that path exists=False for "/etc/tedge/apama/project" ... passed
16:03:42 INFO  Executed sudo&lt;create_project_dir&gt;, exit status 0
16:03:43 INFO  Executed sudo&lt;unzip_apama_project&gt;, exit status 0
16:03:43 INFO  Executed sudo&lt;move_apama_project&gt;, exit status 0
16:03:44 INFO  Executed sudo&lt;restart_apama_service&gt;, exit status 0
16:03:45 INFO  Executed sudo&lt;apama_correlator_wait&gt;, exit status 0
16:03:45 INFO  Assertion that path exists=True for "/etc/tedge/apama/project" ... passed
16:03:46 INFO  Executed sudo&lt;apama_list_monitors&gt;, exit status 0
16:03:46 INFO  Grep on file /home/pi/actions-runner/_work/thin-edge.io/thin-edge.io/tests/PySys/plugin_apama/apama_plugin_update/Output/linux/apama_list_monitors.out ... passed
16:03:46 WARN  Executed sudo&lt;plugin_install&gt;, exit status 2
16:03:46 INFO  Contents of plugin_install.err: 
  ERROR: Directory not empty (os error 39)
  -----

16:03:47 WARN  sudo&lt;plugin_install&gt; returned non-zero exit code 2 ... blocked [run.py:35]
16:03:47 WARN  Aborted test due to BLOCKED outcome
16:03:47 INFO  
16:03:47 INFO  cleanup:
16:03:47 INFO  Removing apama project
16:04:04 INFO  Executed sudo&lt;stop_apama_service&gt;, exit status 0, duration 16 secs
16:04:04 INFO  Executed sudo&lt;remove_apama_project&gt;, exit status 0
16:04:05 INFO  Executed sudo&lt;remove_apama_tmp_dir&gt;, exit status 0
16:04:05 INFO  
16:04:05 INFO  Test duration: 22.97 secs
16:04:05 INFO  Test final outcome:  BLOCKED
16:04:05 INFO  Test outcome reason: sudo&lt;plugin_install&gt; returned non-zero exit code 2
16:04:05 INFO  
</system-out>
	</testcase>
</testsuite><testsuite name="SoftwareManagement.sm_apt_install_download_path" tests="3" errors="0" failures="2" skipped="1" time="0"><testcase classname="AptInstallWithDownloadPath" name="SoftwareManagement.sm_apt_install_download_path">
		<skipped message="SKIPPED: Testing the apt plugin is not supported on this platform.Use parameter -XmyPlatform='container' to enable it" />
		<system-out>15:16:42 INFO  ==============================================================
15:16:42 INFO  Id:    SoftwareManagement.sm_apt_install_download_path
15:16:42 INFO  Dir:   software_management_end_to_end/
15:16:42 INFO  Title: Install package to directory specified in tedge config set tmp.path
15:16:42 INFO  ==============================================================
15:16:42 INFO  Testing the apt plugin is not supported on this platform.Use parameter -XmyPlatform='container' to enable it ... skipped
15:16:42 WARN  Aborted test due to SKIPPED outcome
15:16:42 INFO  
15:16:42 INFO  Test duration: 0.08 secs
15:16:42 INFO  Test final outcome:  SKIPPED
15:16:42 INFO  Test outcome reason: Testing the apt plugin is not supported on this platform.Use parameter -XmyPlatform='container' to enable it
15:16:42 INFO  
</system-out>
	</testcase>
<testcase classname="AptInstallWithDownloadPath" name="SoftwareManagement.sm_apt_install_download_path">
		<failure message="BLOCKED: AssertionError:" type="BLOCKED" />
		<system-out>15:41:44 INFO  ==============================================================
15:41:44 INFO  Id:    SoftwareManagement.sm_apt_install_download_path
15:41:44 INFO  Dir:   software_management_end_to_end/
15:41:44 INFO  Title: Install package to directory specified in tedge config set tmp.path
15:41:44 INFO  ==============================================================
15:41:44 INFO  Using sw id database: {'asciijump': '5475369', 'robotfindskitten': '5474869', 'squirrel3': '5475279', 'rolldice': '5152439', 'moon-buggy': '5439204', 'apple': '5495053', 'banana': '5494888', 'cherry': '5495382', 'watermelon': '5494510', 'registry': '8018911', 'hello-world': '8021526', 'docker/getting-started': '8021973', 'alpine': '7991792'}
15:41:44 INFO  EnvironmentC8y Setup
15:41:45 INFO  Executed systemctl&lt;serv_mapper1&gt;, exit status 3
15:42:00 INFO  Executed sudo&lt;tedge_connect_c8y&gt;, exit status 0, duration 15 secs
15:42:03 INFO  Executed sudo&lt;tedge_connect_c8y_test&gt;, exit status 0
15:42:04 INFO  Executed systemctl&lt;serv_mosq2&gt;, exit status 0
15:42:05 INFO  Executed systemctl&lt;serv_mapper3&gt;, exit status 0
15:42:07 INFO  State of current operation: SUCCESSFUL
15:42:07 INFO  Assert that (False == value) with value=False ... passed
15:42:08 INFO  Executed sudo, exit status 0
15:42:08 INFO  Executed sudo, exit status 0
15:42:09 INFO  Executed sudo, exit status 0
15:42:13 INFO  Executed sudo&lt;tedge_disconnect_c8y&gt;, exit status 0
15:42:13 INFO  Restarting mosquitto too frequently in the last 10 seconds. It was only up for 3 seconds
15:42:13 INFO  Delaying execution by 8 seconds
15:42:36 INFO  Executed sudo&lt;tedge_connect_c8y&gt;, exit status 0, duration 15 secs
15:42:37 INFO  Response status: 201
15:42:37 INFO  Response to action: {
    "creationTime": "2022-05-02T15:42:37.099Z",
    "deviceName": "mythicc",
    "deviceId": "18176681",
    "self": "https://t493319102.eu-latest.cumulocity.com/devicecontrol/operations/18197212",
    "id": "18197212",
    "status": "PENDING",
    "description": "Apply software changes, triggered from PySys: [{'name': 'rolldice', 'id': '5152439', 'version': '::apt', 'url': 'https://thin-edge-io.eu-latest.cumulocity.com/inventory/binaries/12435463', 'action': 'install'}]",
    "c8y_SoftwareUpdate": [
        {
            "name": "rolldice",
            "action": "install",
            "id": "5152439",
            "version": "::apt",
            "url": "https://thin-edge-io.eu-latest.cumulocity.com/inventory/binaries/12435463"
        }
    ]
}
15:42:37 INFO  Started operation: {'creationTime': '2022-05-02T15:42:37.099Z', 'deviceName': 'mythicc', 'deviceId': '18176681', 'self': 'https://t493319102.eu-latest.cumulocity.com/devicecontrol/operations/18197212', 'id': '18197212', 'status': 'PENDING', 'description': "Apply software changes, triggered from PySys: [{'name': 'rolldice', 'id': '5152439', 'version': '::apt', 'url': 'https://thin-edge-io.eu-latest.cumulocity.com/inventory/binaries/12435463', 'action': 'install'}]", 'c8y_SoftwareUpdate': [{'name': 'rolldice', 'action': 'install', 'id': '5152439', 'version': '::apt', 'url': 'https://thin-edge-io.eu-latest.cumulocity.com/inventory/binaries/12435463'}]}
15:42:37 WARN  , retrying in 0.5 seconds...
15:42:37 WARN  , retrying in 0.5 seconds...
15:42:38 WARN  , retrying in 0.5 seconds...
15:42:38 WARN  , retrying in 0.5 seconds...
15:42:39 WARN  , retrying in 0.5 seconds...
15:42:39 WARN  , retrying in 0.5 seconds...
15:42:40 WARN  , retrying in 0.5 seconds...
15:42:40 WARN  , retrying in 0.5 seconds...
15:42:41 WARN  , retrying in 0.5 seconds...
15:42:41 WARN  AssertionError occurred while running test - 
Traceback (most recent call last):
  File "/home/pi/env-pysys/lib/python3.7/site-packages/pysys/baserunner.py", line 1294, in __call__
    self.testObj.execute()
  File "/home/pi/actions-runner/_work/thin-edge.io/thin-edge.io/tests/PySys/software_management_end_to_end/sm_apt_install_download_path/run.py", line 83, in execute
    assert_install_in_download_path(install_directory=self.DOWNLOAD_DIR)
  File "/home/pi/env-pysys/lib/python3.7/site-packages/decorator.py", line 232, in fun
    return caller(func, *(extras + args), **kw)
  File "/home/pi/env-pysys/lib/python3.7/site-packages/retry/api.py", line 74, in retry_decorator
    logger)
  File "/home/pi/env-pysys/lib/python3.7/site-packages/retry/api.py", line 33, in __retry_internal
    return f()
  File "/home/pi/actions-runner/_work/thin-edge.io/thin-edge.io/tests/PySys/software_management_end_to_end/sm_apt_install_download_path/run.py", line 28, in assert_install_in_download_path
    assert "rolldice" in os.listdir(f"{install_directory}")
AssertionError
15:42:42 WARN  AssertionError: ... blocked 
15:42:42 INFO  
15:42:42 INFO  cleanup:
15:42:42 INFO  Executed sudo, exit status 0
15:42:44 INFO  Executed sudo, exit status 0
15:42:49 INFO  Executed sudo&lt;tedge_disconnect_c8y&gt;, exit status 0
15:42:49 INFO  Restarting mosquitto too frequently in the last 10 seconds. It was only up for 4 seconds
15:42:49 INFO  Delaying execution by 7 seconds
15:43:11 INFO  Executed sudo&lt;tedge_connect_c8y&gt;, exit status 0, duration 14 secs
15:43:15 INFO  Executed sudo&lt;tedge_disconnect_c8y&gt;, exit status 0
15:43:15 INFO  Executed systemctl&lt;serv_mapper5&gt;, exit status 3
15:43:15 INFO  
15:43:15 INFO  Test duration: 91.83 secs
15:43:16 INFO  Test final outcome:  BLOCKED
15:43:16 INFO  Test outcome reason: AssertionError:
15:43:16 INFO  
</system-out>
	</testcase>
<testcase classname="AptInstallWithDownloadPath" name="SoftwareManagement.sm_apt_install_download_path">
		<failure message="BLOCKED: AssertionError:" type="BLOCKED" />
		<system-out>16:04:05 INFO  ==============================================================
16:04:05 INFO  Id:    SoftwareManagement.sm_apt_install_download_path
16:04:05 INFO  Dir:   software_management_end_to_end/
16:04:05 INFO  Title: Install package to directory specified in tedge config set tmp.path
16:04:05 INFO  ==============================================================
16:04:06 INFO  Using sw id database: {'asciijump': '5475369', 'robotfindskitten': '5474869', 'squirrel3': '5475279', 'rolldice': '5152439', 'moon-buggy': '5439204', 'apple': '5495053', 'banana': '5494888', 'cherry': '5495382', 'watermelon': '5494510', 'registry': '8018911', 'hello-world': '8021526', 'docker/getting-started': '8021973', 'alpine': '7991792'}
16:04:06 INFO  EnvironmentC8y Setup
16:04:07 INFO  Executed systemctl&lt;serv_mapper1&gt;, exit status 3
16:04:21 INFO  Executed sudo&lt;tedge_connect_c8y&gt;, exit status 0, duration 14 secs
16:04:22 INFO  Executed sudo&lt;tedge_connect_c8y_test&gt;, exit status 0
16:04:22 INFO  Executed systemctl&lt;serv_mosq2&gt;, exit status 0
16:04:23 INFO  Executed systemctl&lt;serv_mapper3&gt;, exit status 0
16:04:25 INFO  State of current operation: FAILED
16:04:25 INFO  Assert that (False == value) with value=False ... passed
16:04:26 INFO  Executed sudo, exit status 0
16:04:26 INFO  Executed sudo, exit status 0
16:04:27 INFO  Executed sudo, exit status 0
16:04:31 INFO  Executed sudo&lt;tedge_disconnect_c8y&gt;, exit status 0
16:04:31 INFO  Restarting mosquitto too frequently in the last 10 seconds. It was only up for 3 seconds
16:04:31 INFO  Delaying execution by 8 seconds
16:04:53 INFO  Executed sudo&lt;tedge_connect_c8y&gt;, exit status 0, duration 14 secs
16:04:53 INFO  Response status: 201
16:04:53 INFO  Response to action: {
    "creationTime": "2022-05-02T16:04:53.761Z",
    "deviceName": "mythicc",
    "deviceId": "18176681",
    "self": "https://t493319102.eu-latest.cumulocity.com/devicecontrol/operations/18212042",
    "id": "18212042",
    "status": "PENDING",
    "description": "Apply software changes, triggered from PySys: [{'name': 'rolldice', 'id': '5152439', 'version': '::apt', 'url': 'https://thin-edge-io.eu-latest.cumulocity.com/inventory/binaries/12435463', 'action': 'install'}]",
    "c8y_SoftwareUpdate": [
        {
            "name": "rolldice",
            "action": "install",
            "id": "5152439",
            "version": "::apt",
            "url": "https://thin-edge-io.eu-latest.cumulocity.com/inventory/binaries/12435463"
        }
    ]
}
16:04:53 INFO  Started operation: {'creationTime': '2022-05-02T16:04:53.761Z', 'deviceName': 'mythicc', 'deviceId': '18176681', 'self': 'https://t493319102.eu-latest.cumulocity.com/devicecontrol/operations/18212042', 'id': '18212042', 'status': 'PENDING', 'description': "Apply software changes, triggered from PySys: [{'name': 'rolldice', 'id': '5152439', 'version': '::apt', 'url': 'https://thin-edge-io.eu-latest.cumulocity.com/inventory/binaries/12435463', 'action': 'install'}]", 'c8y_SoftwareUpdate': [{'name': 'rolldice', 'action': 'install', 'id': '5152439', 'version': '::apt', 'url': 'https://thin-edge-io.eu-latest.cumulocity.com/inventory/binaries/12435463'}]}
16:04:53 WARN  , retrying in 0.5 seconds...
16:04:54 WARN  , retrying in 0.5 seconds...
16:04:54 WARN  , retrying in 0.5 seconds...
16:04:55 WARN  , retrying in 0.5 seconds...
16:04:55 WARN  , retrying in 0.5 seconds...
16:04:56 WARN  , retrying in 0.5 seconds...
16:04:56 WARN  , retrying in 0.5 seconds...
16:04:57 WARN  , retrying in 0.5 seconds...
16:04:57 WARN  , retrying in 0.5 seconds...
16:04:58 WARN  AssertionError occurred while running test - 
Traceback (most recent call last):
  File "/home/pi/env-pysys/lib/python3.7/site-packages/pysys/baserunner.py", line 1294, in __call__
    self.testObj.execute()
  File "/home/pi/actions-runner/_work/thin-edge.io/thin-edge.io/tests/PySys/software_management_end_to_end/sm_apt_install_download_path/run.py", line 83, in execute
    assert_install_in_download_path(install_directory=self.DOWNLOAD_DIR)
  File "/home/pi/env-pysys/lib/python3.7/site-packages/decorator.py", line 232, in fun
    return caller(func, *(extras + args), **kw)
  File "/home/pi/env-pysys/lib/python3.7/site-packages/retry/api.py", line 74, in retry_decorator
    logger)
  File "/home/pi/env-pysys/lib/python3.7/site-packages/retry/api.py", line 33, in __retry_internal
    return f()
  File "/home/pi/actions-runner/_work/thin-edge.io/thin-edge.io/tests/PySys/software_management_end_to_end/sm_apt_install_download_path/run.py", line 28, in assert_install_in_download_path
    assert "rolldice" in os.listdir(f"{install_directory}")
AssertionError
16:04:58 WARN  AssertionError: ... blocked 
16:04:58 INFO  
16:04:58 INFO  cleanup:
16:04:58 INFO  Executed sudo, exit status 0
16:04:59 INFO  Executed sudo, exit status 0
16:05:03 INFO  Executed sudo&lt;tedge_disconnect_c8y&gt;, exit status 0
16:05:03 INFO  Restarting mosquitto too frequently in the last 10 seconds. It was only up for 3 seconds
16:05:03 INFO  Delaying execution by 8 seconds
16:05:25 INFO  Executed sudo&lt;tedge_connect_c8y&gt;, exit status 0, duration 13 secs
16:05:29 INFO  Executed sudo&lt;tedge_disconnect_c8y&gt;, exit status 0
16:05:30 INFO  Executed systemctl&lt;serv_mapper5&gt;, exit status 3
16:05:30 INFO  
16:05:30 INFO  Test duration: 85.23 secs
16:05:30 INFO  Test final outcome:  BLOCKED
16:05:30 INFO  Test outcome reason: AssertionError:
16:05:30 INFO  
</system-out>
	</testcase>
</testsuite><testsuite name="SoftwareManagement.sm_apt_install_fail" tests="3" errors="0" failures="0" skipped="1" time="0"><testcase classname="PySysTest" name="SoftwareManagement.sm_apt_install_fail">
		<skipped message="SKIPPED: Testing the apt plugin is not supported on this platform.Use parameter -XmyPlatform='container' to enable it" />
		<system-out>15:16:42 INFO  ==============================================================
15:16:42 INFO  Id:    SoftwareManagement.sm_apt_install_fail
15:16:42 INFO  Dir:   software_management_end_to_end/
15:16:42 INFO  Title: Validate end to end behaviour for a failing installation
15:16:42 INFO  ==============================================================
15:16:42 INFO  Testing the apt plugin is not supported on this platform.Use parameter -XmyPlatform='container' to enable it ... skipped
15:16:42 WARN  Aborted test due to SKIPPED outcome
15:16:42 INFO  
15:16:42 INFO  Test duration: 0.02 secs
15:16:42 INFO  Test final outcome:  SKIPPED
15:16:42 INFO  Test outcome reason: Testing the apt plugin is not supported on this platform.Use parameter -XmyPlatform='container' to enable it
15:16:42 INFO  
</system-out>
	</testcase>
<testcase classname="PySysTest" name="SoftwareManagement.sm_apt_install_fail" />
<testcase classname="PySysTest" name="SoftwareManagement.sm_apt_install_fail" />
</testsuite><testsuite name="SoftwareManagement.sm_apt_install_remove" tests="3" errors="0" failures="0" skipped="1" time="0"><testcase classname="PySysTest" name="SoftwareManagement.sm_apt_install_remove">
		<skipped message="SKIPPED: Testing the apt plugin is not supported on this platform.Use parameter -XmyPlatform='container' to enable it" />
		<system-out>15:16:42 INFO  ==============================================================
15:16:42 INFO  Id:    SoftwareManagement.sm_apt_install_remove
15:16:42 INFO  Dir:   software_management_end_to_end/
15:16:42 INFO  Title: Validate end to end behaviour for the apt plugin for installation and removal of packages
15:16:42 INFO  ==============================================================
15:16:42 INFO  Testing the apt plugin is not supported on this platform.Use parameter -XmyPlatform='container' to enable it ... skipped
15:16:42 WARN  Aborted test due to SKIPPED outcome
15:16:42 INFO  
15:16:42 INFO  Test duration: 0.02 secs
15:16:42 INFO  Test final outcome:  SKIPPED
15:16:42 INFO  Test outcome reason: Testing the apt plugin is not supported on this platform.Use parameter -XmyPlatform='container' to enable it
15:16:42 INFO  
</system-out>
	</testcase>
<testcase classname="PySysTest" name="SoftwareManagement.sm_apt_install_remove" />
<testcase classname="PySysTest" name="SoftwareManagement.sm_apt_install_remove" />
</testsuite><testsuite name="SoftwareManagement.sm_apt_install_remove_default" tests="3" errors="0" failures="0" skipped="1" time="0"><testcase classname="PySysTest" name="SoftwareManagement.sm_apt_install_remove_default">
		<skipped message="SKIPPED: Testing the apt plugin is not supported on this platform.Use parameter -XmyPlatform='container' to enable it" />
		<system-out>15:16:42 INFO  ==============================================================
15:16:42 INFO  Id:    SoftwareManagement.sm_apt_install_remove_default
15:16:42 INFO  Dir:   software_management_end_to_end/
15:16:42 INFO  Title: Validate end to end behaviour for the default plugin for installation and removal of packages
15:16:42 INFO  ==============================================================
15:16:42 INFO  Testing the apt plugin is not supported on this platform.Use parameter -XmyPlatform='container' to enable it ... skipped
15:16:42 WARN  Aborted test due to SKIPPED outcome
15:16:42 INFO  
15:16:42 INFO  Test duration: 0.02 secs
15:16:42 INFO  Test final outcome:  SKIPPED
15:16:42 INFO  Test outcome reason: Testing the apt plugin is not supported on this platform.Use parameter -XmyPlatform='container' to enable it
15:16:42 INFO  
</system-out>
	</testcase>
<testcase classname="PySysTest" name="SoftwareManagement.sm_apt_install_remove_default" />
<testcase classname="PySysTest" name="SoftwareManagement.sm_apt_install_remove_default" />
</testsuite><testsuite name="SoftwareManagement.sm_apt_install_remove_multiple" tests="3" errors="0" failures="2" skipped="1" time="0"><testcase classname="PySysTest" name="SoftwareManagement.sm_apt_install_remove_multiple">
		<skipped message="SKIPPED: Testing the apt plugin is not supported on this platform.Use parameter -XmyPlatform='container' to enable it" />
		<system-out>15:16:42 INFO  ==============================================================
15:16:42 INFO  Id:    SoftwareManagement.sm_apt_install_remove_multiple
15:16:42 INFO  Dir:   software_management_end_to_end/
15:16:42 INFO  Title: Validate end to end behaviour for the apt plugin for multiple packages
15:16:42 INFO  ==============================================================
15:16:42 INFO  Testing the apt plugin is not supported on this platform.Use parameter -XmyPlatform='container' to enable it ... skipped
15:16:42 WARN  Aborted test due to SKIPPED outcome
15:16:42 INFO  
15:16:42 INFO  Test duration: 0.02 secs
15:16:42 INFO  Test final outcome:  SKIPPED
15:16:42 INFO  Test outcome reason: Testing the apt plugin is not supported on this platform.Use parameter -XmyPlatform='container' to enable it
15:16:42 INFO  
</system-out>
	</testcase>
<testcase classname="PySysTest" name="SoftwareManagement.sm_apt_install_remove_multiple">
		<failure message="FAILED: Assert that (False == value) with value=True" type="FAILED" />
		<system-out>15:50:13 INFO  ==============================================================
15:50:13 INFO  Id:    SoftwareManagement.sm_apt_install_remove_multiple
15:50:13 INFO  Dir:   software_management_end_to_end/
15:50:13 INFO  Title: Validate end to end behaviour for the apt plugin for multiple packages
15:50:13 INFO  ==============================================================
15:50:13 INFO  Using sw id database: {'asciijump': '5475369', 'robotfindskitten': '5474869', 'squirrel3': '5475279', 'rolldice': '5152439', 'moon-buggy': '5439204', 'apple': '5495053', 'banana': '5494888', 'cherry': '5495382', 'watermelon': '5494510', 'registry': '8018911', 'hello-world': '8021526', 'docker/getting-started': '8021973', 'alpine': '7991792'}
15:50:13 INFO  EnvironmentC8y Setup
15:50:14 INFO  Executed systemctl&lt;serv_mapper1&gt;, exit status 3
15:50:14 INFO  Restarting mosquitto too frequently in the last 10 seconds. It was only up for 5 seconds
15:50:14 INFO  Delaying execution by 6 seconds
15:50:34 INFO  Executed sudo&lt;tedge_connect_c8y&gt;, exit status 0, duration 14 secs
15:50:34 INFO  Executed sudo&lt;tedge_connect_c8y_test&gt;, exit status 0
15:50:35 INFO  Executed systemctl&lt;serv_mosq2&gt;, exit status 0
15:50:35 INFO  Executed systemctl&lt;serv_mapper3&gt;, exit status 0
15:50:38 INFO  State of current operation: SUCCESSFUL
15:50:38 INFO  Assert that (False == value) with value=False ... passed
15:50:38 INFO  Assert that (False == value) with value=False ... passed
15:50:38 INFO  Assert that (False == value) with value=False ... passed
15:50:39 INFO  Package robotfindskitten is installed
15:50:39 WARN  Assert that (False == value) with value=True ... failed 
15:50:39 INFO  Response status: 201
15:50:39 INFO  Response to action: {
    "creationTime": "2022-05-02T15:50:39.443Z",
    "deviceName": "mythicc",
    "deviceId": "18176681",
    "self": "https://t493319102.eu-latest.cumulocity.com/devicecontrol/operations/18211715",
    "id": "18211715",
    "status": "PENDING",
    "description": "Apply software changes, triggered from PySys: [{'action': 'install', 'id': '5475369', 'name': 'asciijump', 'url': ' ', 'version': '::apt'}, {'action': 'install', 'id': '5474869', 'name': 'robotfindskitten', 'url': ' ', 'version': '::apt'}, {'action': 'install', 'id': '5475279', 'name': 'squirrel3', 'url': ' ', 'version': '::apt'}]",
    "c8y_SoftwareUpdate": [
        {
            "name": "asciijump",
            "action": "install",
            "id": "5475369",
            "version": "::apt",
            "url": " "
        },
        {
            "name": "robotfindskitten",
            "action": "install",
            "id": "5474869",
            "version": "::apt",
            "url": " "
        },
        {
            "name": "squirrel3",
            "action": "install",
            "id": "5475279",
            "version": "::apt",
            "url": " "
        }
    ]
}
15:50:39 INFO  Started operation: {'creationTime': '2022-05-02T15:50:39.443Z', 'deviceName': 'mythicc', 'deviceId': '18176681', 'self': 'https://t493319102.eu-latest.cumulocity.com/devicecontrol/operations/18211715', 'id': '18211715', 'status': 'PENDING', 'description': "Apply software changes, triggered from PySys: [{'action': 'install', 'id': '5475369', 'name': 'asciijump', 'url': ' ', 'version': '::apt'}, {'action': 'install', 'id': '5474869', 'name': 'robotfindskitten', 'url': ' ', 'version': '::apt'}, {'action': 'install', 'id': '5475279', 'name': 'squirrel3', 'url': ' ', 'version': '::apt'}]", 'c8y_SoftwareUpdate': [{'name': 'asciijump', 'action': 'install', 'id': '5475369', 'version': '::apt', 'url': ' '}, {'name': 'robotfindskitten', 'action': 'install', 'id': '5474869', 'version': '::apt', 'url': ' '}, {'name': 'squirrel3', 'action': 'install', 'id': '5475279', 'version': '::apt', 'url': ' '}]}
15:50:41 INFO  State of operation 18211715 : PENDING
15:50:43 INFO  State of operation 18211715 : EXECUTING
15:50:46 INFO  State of operation 18211715 : EXECUTING
15:50:48 INFO  State of operation 18211715 : EXECUTING
15:50:50 INFO  State of operation 18211715 : EXECUTING
15:50:52 INFO  State of operation 18211715 : EXECUTING
15:50:55 INFO  State of operation 18211715 : EXECUTING
15:50:58 INFO  State of operation 18211715 : EXECUTING
15:51:00 INFO  State of operation 18211715 : EXECUTING
15:51:03 INFO  State of operation 18211715 : EXECUTING
15:51:05 INFO  State of operation 18211715 : EXECUTING
15:51:07 INFO  State of operation 18211715 : EXECUTING
15:51:09 INFO  State of operation 18211715 : EXECUTING
15:51:11 INFO  State of operation 18211715 : EXECUTING
15:51:14 INFO  State of operation 18211715 : EXECUTING
15:51:16 INFO  State of operation 18211715 : EXECUTING
15:51:18 INFO  State of operation 18211715 : EXECUTING
15:51:21 INFO  State of operation 18211715 : EXECUTING
15:51:23 INFO  State of operation 18211715 : EXECUTING
15:51:26 INFO  State of operation 18211715 : EXECUTING
15:51:28 INFO  State of operation 18211715 : EXECUTING
15:51:30 INFO  State of operation 18211715 : EXECUTING
15:51:33 INFO  State of operation 18211715 : EXECUTING
15:51:35 INFO  State of operation 18211715 : EXECUTING
15:51:37 INFO  State of operation 18211715 : EXECUTING
15:51:40 INFO  State of operation 18211715 : EXECUTING
15:51:42 INFO  State of operation 18211715 : EXECUTING
15:51:45 INFO  State of operation 18211715 : EXECUTING
15:51:47 INFO  State of operation 18211715 : EXECUTING
15:51:49 INFO  State of operation 18211715 : EXECUTING
15:51:52 INFO  State of operation 18211715 : EXECUTING
15:51:54 INFO  State of operation 18211715 : EXECUTING
15:51:56 INFO  State of operation 18211715 : EXECUTING
15:51:58 INFO  State of operation 18211715 : EXECUTING
15:52:01 INFO  State of operation 18211715 : SUCCESSFUL
15:52:01 INFO  Assert that (False == value) with value=False ... passed
15:52:01 INFO  Package asciijump is installed
15:52:01 INFO  Assert that (True == value) with value=True ... passed
15:52:01 INFO  Package squirrel3 is installed
15:52:01 INFO  Assert that (True == value) with value=True ... passed
15:52:02 INFO  Package robotfindskitten is installed
15:52:02 INFO  Assert that (True == value) with value=True ... passed
15:52:02 INFO  Response status: 201
15:52:02 INFO  Response to action: {
    "creationTime": "2022-05-02T15:52:02.223Z",
    "deviceName": "mythicc",
    "deviceId": "18176681",
    "self": "https://t493319102.eu-latest.cumulocity.com/devicecontrol/operations/18211927",
    "id": "18211927",
    "status": "PENDING",
    "description": "Apply software changes, triggered from PySys: [{'action': 'delete', 'id': '5475369', 'name': 'asciijump', 'url': ' ', 'version': '::apt'}, {'action': 'delete', 'id': '5474869', 'name': 'robotfindskitten', 'url': ' ', 'version': '::apt'}, {'action': 'delete', 'id': '5475279', 'name': 'squirrel3', 'url': ' ', 'version': '::apt'}]",
    "c8y_SoftwareUpdate": [
        {
            "name": "asciijump",
            "action": "delete",
            "id": "5475369",
            "version": "::apt",
            "url": " "
        },
        {
            "name": "robotfindskitten",
            "action": "delete",
            "id": "5474869",
            "version": "::apt",
            "url": " "
        },
        {
            "name": "squirrel3",
            "action": "delete",
            "id": "5475279",
            "version": "::apt",
            "url": " "
        }
    ]
}
15:52:02 INFO  Started operation: {'creationTime': '2022-05-02T15:52:02.223Z', 'deviceName': 'mythicc', 'deviceId': '18176681', 'self': 'https://t493319102.eu-latest.cumulocity.com/devicecontrol/operations/18211927', 'id': '18211927', 'status': 'PENDING', 'description': "Apply software changes, triggered from PySys: [{'action': 'delete', 'id': '5475369', 'name': 'asciijump', 'url': ' ', 'version': '::apt'}, {'action': 'delete', 'id': '5474869', 'name': 'robotfindskitten', 'url': ' ', 'version': '::apt'}, {'action': 'delete', 'id': '5475279', 'name': 'squirrel3', 'url': ' ', 'version': '::apt'}]", 'c8y_SoftwareUpdate': [{'name': 'asciijump', 'action': 'delete', 'id': '5475369', 'version': '::apt', 'url': ' '}, {'name': 'robotfindskitten', 'action': 'delete', 'id': '5474869', 'version': '::apt', 'url': ' '}, {'name': 'squirrel3', 'action': 'delete', 'id': '5475279', 'version': '::apt', 'url': ' '}]}
15:52:04 INFO  State of operation 18211927 : PENDING
15:52:06 INFO  State of operation 18211927 : EXECUTING
15:52:08 INFO  State of operation 18211927 : EXECUTING
15:52:11 INFO  State of operation 18211927 : EXECUTING
15:52:13 INFO  State of operation 18211927 : EXECUTING
15:52:15 INFO  State of operation 18211927 : EXECUTING
15:52:18 INFO  State of operation 18211927 : EXECUTING
15:52:21 INFO  State of operation 18211927 : EXECUTING
15:52:23 INFO  State of operation 18211927 : EXECUTING
15:52:25 INFO  State of operation 18211927 : EXECUTING
15:52:28 INFO  State of operation 18211927 : EXECUTING
15:52:30 INFO  State of operation 18211927 : EXECUTING
15:52:32 INFO  State of operation 18211927 : EXECUTING
15:52:34 INFO  State of operation 18211927 : EXECUTING
15:52:37 INFO  State of operation 18211927 : EXECUTING
15:52:39 INFO  State of operation 18211927 : EXECUTING
15:52:41 INFO  State of operation 18211927 : EXECUTING
15:52:44 INFO  State of operation 18211927 : EXECUTING
15:52:46 INFO  State of operation 18211927 : EXECUTING
15:52:48 INFO  State of operation 18211927 : EXECUTING
15:52:51 INFO  State of operation 18211927 : EXECUTING
15:52:53 INFO  State of operation 18211927 : EXECUTING
15:52:55 INFO  State of operation 18211927 : EXECUTING
15:52:57 INFO  State of operation 18211927 : EXECUTING
15:53:00 INFO  State of operation 18211927 : EXECUTING
15:53:02 INFO  State of operation 18211927 : EXECUTING
15:53:05 INFO  State of operation 18211927 : EXECUTING
15:53:07 INFO  State of operation 18211927 : EXECUTING
15:53:09 INFO  State of operation 18211927 : SUCCESSFUL
15:53:10 INFO  Assert that (False == value) with value=False ... passed
15:53:10 INFO  Assert that (False == value) with value=False ... passed
15:53:10 INFO  Assert that (False == value) with value=False ... passed
15:53:11 INFO  Assert that (False == value) with value=False ... passed
15:53:11 INFO  
15:53:11 INFO  cleanup:
15:53:15 INFO  Executed sudo&lt;tedge_disconnect_c8y&gt;, exit status 0
15:53:15 INFO  Executed systemctl&lt;serv_mapper5&gt;, exit status 3
15:53:15 INFO  
15:53:15 INFO  Test duration: 182.00 secs
15:53:15 INFO  Test final outcome:  FAILED
15:53:15 INFO  Test outcome reason: Assert that (False == value) with value=True
15:53:15 INFO  
</system-out>
	</testcase>
<testcase classname="PySysTest" name="SoftwareManagement.sm_apt_install_remove_multiple">
		<failure message="FAILED: Assert that (False == value) with value=True (+2 other failures)" type="FAILED" />
		<system-out>16:11:59 INFO  ==============================================================
16:11:59 INFO  Id:    SoftwareManagement.sm_apt_install_remove_multiple
16:11:59 INFO  Dir:   software_management_end_to_end/
16:11:59 INFO  Title: Validate end to end behaviour for the apt plugin for multiple packages
16:11:59 INFO  ==============================================================
16:11:59 INFO  Using sw id database: {'asciijump': '5475369', 'robotfindskitten': '5474869', 'squirrel3': '5475279', 'rolldice': '5152439', 'moon-buggy': '5439204', 'apple': '5495053', 'banana': '5494888', 'cherry': '5495382', 'watermelon': '5494510', 'registry': '8018911', 'hello-world': '8021526', 'docker/getting-started': '8021973', 'alpine': '7991792'}
16:11:59 INFO  EnvironmentC8y Setup
16:11:59 INFO  Executed systemctl&lt;serv_mapper1&gt;, exit status 3
16:12:00 INFO  Restarting mosquitto too frequently in the last 10 seconds. It was only up for 5 seconds
16:12:00 INFO  Delaying execution by 6 seconds
16:12:20 INFO  Executed sudo&lt;tedge_connect_c8y&gt;, exit status 0, duration 14 secs
16:12:21 INFO  Executed sudo&lt;tedge_connect_c8y_test&gt;, exit status 0
16:12:21 INFO  Executed systemctl&lt;serv_mosq2&gt;, exit status 0
16:12:22 INFO  Executed systemctl&lt;serv_mapper3&gt;, exit status 0
16:12:24 INFO  State of current operation: SUCCESSFUL
16:12:24 INFO  Assert that (False == value) with value=False ... passed
16:12:24 INFO  Package asciijump is installed
16:12:25 WARN  Assert that (False == value) with value=True ... failed 
16:12:25 INFO  Package squirrel3 is installed
16:12:25 WARN  Assert that (False == value) with value=True ... failed 
16:12:25 INFO  Package robotfindskitten is installed
16:12:25 WARN  Assert that (False == value) with value=True ... failed 
16:12:25 INFO  Response status: 201
16:12:25 INFO  Response to action: {
    "delivery": {
        "time": "2022-05-02T16:12:25.705Z",
        "log": [],
        "status": "PENDING"
    },
    "creationTime": "2022-05-02T16:12:25.693Z",
    "deviceName": "mythicc",
    "deviceId": "18176681",
    "self": "https://t493319102.eu-latest.cumulocity.com/devicecontrol/operations/18214112",
    "id": "18214112",
    "status": "PENDING",
    "description": "Apply software changes, triggered from PySys: [{'action': 'install', 'id': '5475369', 'name': 'asciijump', 'url': ' ', 'version': '::apt'}, {'action': 'install', 'id': '5474869', 'name': 'robotfindskitten', 'url': ' ', 'version': '::apt'}, {'action': 'install', 'id': '5475279', 'name': 'squirrel3', 'url': ' ', 'version': '::apt'}]",
    "c8y_SoftwareUpdate": [
        {
            "name": "asciijump",
            "action": "install",
            "id": "5475369",
            "version": "::apt",
            "url": " "
        },
        {
            "name": "robotfindskitten",
            "action": "install",
            "id": "5474869",
            "version": "::apt",
            "url": " "
        },
        {
            "name": "squirrel3",
            "action": "install",
            "id": "5475279",
            "version": "::apt",
            "url": " "
        }
    ]
}
16:12:25 INFO  Started operation: {'delivery': {'time': '2022-05-02T16:12:25.705Z', 'log': [], 'status': 'PENDING'}, 'creationTime': '2022-05-02T16:12:25.693Z', 'deviceName': 'mythicc', 'deviceId': '18176681', 'self': 'https://t493319102.eu-latest.cumulocity.com/devicecontrol/operations/18214112', 'id': '18214112', 'status': 'PENDING', 'description': "Apply software changes, triggered from PySys: [{'action': 'install', 'id': '5475369', 'name': 'asciijump', 'url': ' ', 'version': '::apt'}, {'action': 'install', 'id': '5474869', 'name': 'robotfindskitten', 'url': ' ', 'version': '::apt'}, {'action': 'install', 'id': '5475279', 'name': 'squirrel3', 'url': ' ', 'version': '::apt'}]", 'c8y_SoftwareUpdate': [{'name': 'asciijump', 'action': 'install', 'id': '5475369', 'version': '::apt', 'url': ' '}, {'name': 'robotfindskitten', 'action': 'install', 'id': '5474869', 'version': '::apt', 'url': ' '}, {'name': 'squirrel3', 'action': 'install', 'id': '5475279', 'version': '::apt', 'url': ' '}]}
16:12:27 INFO  State of operation 18214112 : PENDING
16:12:30 INFO  State of operation 18214112 : EXECUTING
16:12:32 INFO  State of operation 18214112 : EXECUTING
16:12:34 INFO  State of operation 18214112 : EXECUTING
16:12:36 INFO  State of operation 18214112 : EXECUTING
16:12:39 INFO  State of operation 18214112 : EXECUTING
16:12:42 INFO  State of operation 18214112 : EXECUTING
16:12:44 INFO  State of operation 18214112 : EXECUTING
16:12:46 INFO  State of operation 18214112 : EXECUTING
16:12:49 INFO  State of operation 18214112 : EXECUTING
16:12:51 INFO  State of operation 18214112 : EXECUTING
16:12:54 INFO  State of operation 18214112 : EXECUTING
16:12:56 INFO  State of operation 18214112 : EXECUTING
16:12:58 INFO  State of operation 18214112 : EXECUTING
16:13:00 INFO  State of operation 18214112 : EXECUTING
16:13:03 INFO  State of operation 18214112 : SUCCESSFUL
16:13:03 INFO  Assert that (False == value) with value=False ... passed
16:13:03 INFO  Package asciijump is installed
16:13:03 INFO  Assert that (True == value) with value=True ... passed
16:13:03 INFO  Package squirrel3 is installed
16:13:03 INFO  Assert that (True == value) with value=True ... passed
16:13:03 INFO  Package robotfindskitten is installed
16:13:03 INFO  Assert that (True == value) with value=True ... passed
16:13:04 INFO  Response status: 201
16:13:04 INFO  Response to action: {
    "delivery": {
        "time": "2022-05-02T16:13:04.194Z",
        "log": [],
        "status": "PENDING"
    },
    "creationTime": "2022-05-02T16:13:04.178Z",
    "deviceName": "mythicc",
    "deviceId": "18176681",
    "self": "https://t493319102.eu-latest.cumulocity.com/devicecontrol/operations/18214132",
    "id": "18214132",
    "status": "PENDING",
    "description": "Apply software changes, triggered from PySys: [{'action': 'delete', 'id': '5475369', 'name': 'asciijump', 'url': ' ', 'version': '::apt'}, {'action': 'delete', 'id': '5474869', 'name': 'robotfindskitten', 'url': ' ', 'version': '::apt'}, {'action': 'delete', 'id': '5475279', 'name': 'squirrel3', 'url': ' ', 'version': '::apt'}]",
    "c8y_SoftwareUpdate": [
        {
            "name": "asciijump",
            "action": "delete",
            "id": "5475369",
            "version": "::apt",
            "url": " "
        },
        {
            "name": "robotfindskitten",
            "action": "delete",
            "id": "5474869",
            "version": "::apt",
            "url": " "
        },
        {
            "name": "squirrel3",
            "action": "delete",
            "id": "5475279",
            "version": "::apt",
            "url": " "
        }
    ]
}
16:13:04 INFO  Started operation: {'delivery': {'time': '2022-05-02T16:13:04.194Z', 'log': [], 'status': 'PENDING'}, 'creationTime': '2022-05-02T16:13:04.178Z', 'deviceName': 'mythicc', 'deviceId': '18176681', 'self': 'https://t493319102.eu-latest.cumulocity.com/devicecontrol/operations/18214132', 'id': '18214132', 'status': 'PENDING', 'description': "Apply software changes, triggered from PySys: [{'action': 'delete', 'id': '5475369', 'name': 'asciijump', 'url': ' ', 'version': '::apt'}, {'action': 'delete', 'id': '5474869', 'name': 'robotfindskitten', 'url': ' ', 'version': '::apt'}, {'action': 'delete', 'id': '5475279', 'name': 'squirrel3', 'url': ' ', 'version': '::apt'}]", 'c8y_SoftwareUpdate': [{'name': 'asciijump', 'action': 'delete', 'id': '5475369', 'version': '::apt', 'url': ' '}, {'name': 'robotfindskitten', 'action': 'delete', 'id': '5474869', 'version': '::apt', 'url': ' '}, {'name': 'squirrel3', 'action': 'delete', 'id': '5475279', 'version': '::apt', 'url': ' '}]}
16:13:06 INFO  State of operation 18214132 : PENDING
16:13:08 INFO  State of operation 18214132 : EXECUTING
16:13:10 INFO  State of operation 18214132 : EXECUTING
16:13:13 INFO  State of operation 18214132 : EXECUTING
16:13:15 INFO  State of operation 18214132 : EXECUTING
16:13:17 INFO  State of operation 18214132 : EXECUTING
16:13:20 INFO  State of operation 18214132 : EXECUTING
16:13:22 INFO  State of operation 18214132 : EXECUTING
16:13:25 INFO  State of operation 18214132 : EXECUTING
16:13:27 INFO  State of operation 18214132 : EXECUTING
16:13:30 INFO  State of operation 18214132 : EXECUTING
16:13:32 INFO  State of operation 18214132 : EXECUTING
16:13:34 INFO  State of operation 18214132 : EXECUTING
16:13:36 INFO  State of operation 18214132 : EXECUTING
16:13:39 INFO  State of operation 18214132 : EXECUTING
16:13:41 INFO  State of operation 18214132 : EXECUTING
16:13:44 INFO  State of operation 18214132 : EXECUTING
16:13:46 INFO  State of operation 18214132 : EXECUTING
16:13:51 INFO  State of operation 18214132 : EXECUTING
16:13:53 INFO  State of operation 18214132 : EXECUTING
16:13:55 INFO  State of operation 18214132 : EXECUTING
16:13:58 INFO  State of operation 18214132 : EXECUTING
16:14:00 INFO  State of operation 18214132 : EXECUTING
16:14:02 INFO  State of operation 18214132 : EXECUTING
16:14:04 INFO  State of operation 18214132 : EXECUTING
16:14:07 INFO  State of operation 18214132 : EXECUTING
16:14:10 INFO  State of operation 18214132 : EXECUTING
16:14:12 INFO  State of operation 18214132 : EXECUTING
16:14:14 INFO  State of operation 18214132 : EXECUTING
16:14:16 INFO  State of operation 18214132 : SUCCESSFUL
16:14:17 INFO  Assert that (False == value) with value=False ... passed
16:14:17 INFO  Assert that (False == value) with value=False ... passed
16:14:17 INFO  Assert that (False == value) with value=False ... passed
16:14:17 INFO  Assert that (False == value) with value=False ... passed
16:14:17 INFO  
16:14:17 INFO  cleanup:
16:14:22 INFO  Executed sudo&lt;tedge_disconnect_c8y&gt;, exit status 0
16:14:22 INFO  Executed systemctl&lt;serv_mapper5&gt;, exit status 3
16:14:22 INFO  
16:14:22 INFO  Test duration: 143.33 secs
16:14:22 INFO  Test final outcome:  FAILED
16:14:22 INFO  Test outcome reason: Assert that (False == value) with value=True (+2 other failures)
16:14:22 INFO  
</system-out>
	</testcase>
</testsuite><testsuite name="SoftwareManagement.sm_apt_install_remove_multiple_mixed" tests="3" errors="0" failures="2" skipped="1" time="0"><testcase classname="PySysTest" name="SoftwareManagement.sm_apt_install_remove_multiple_mixed">
		<skipped message="SKIPPED: Testing the apt plugin is not supported on this platform.Use parameter -XmyPlatform='container' to enable it" />
		<system-out>15:16:42 INFO  ==============================================================
15:16:42 INFO  Id:    SoftwareManagement.sm_apt_install_remove_multiple_mixed
15:16:42 INFO  Dir:   software_management_end_to_end/
15:16:42 INFO  Title: Validate end to end behaviour for the apt plugin for multiple packages with mixed versions
15:16:42 INFO  ==============================================================
15:16:42 INFO  Testing the apt plugin is not supported on this platform.Use parameter -XmyPlatform='container' to enable it ... skipped
15:16:42 WARN  Aborted test due to SKIPPED outcome
15:16:42 INFO  
15:16:42 INFO  Test duration: 0.02 secs
15:16:42 INFO  Test final outcome:  SKIPPED
15:16:42 INFO  Test outcome reason: Testing the apt plugin is not supported on this platform.Use parameter -XmyPlatform='container' to enable it
15:16:42 INFO  
</system-out>
	</testcase>
<testcase classname="PySysTest" name="SoftwareManagement.sm_apt_install_remove_multiple_mixed">
		<failure message="BLOCKED: SystemError: Timeout while waiting for status SUCCESSFUL or False" type="BLOCKED" />
		<system-out>15:53:15 INFO  ==============================================================
15:53:15 INFO  Id:    SoftwareManagement.sm_apt_install_remove_multiple_mixed
15:53:15 INFO  Dir:   software_management_end_to_end/
15:53:15 INFO  Title: Validate end to end behaviour for the apt plugin for multiple packages with mixed versions
15:53:15 INFO  ==============================================================
15:53:15 INFO  Using sw id database: {'asciijump': '5475369', 'robotfindskitten': '5474869', 'squirrel3': '5475279', 'rolldice': '5152439', 'moon-buggy': '5439204', 'apple': '5495053', 'banana': '5494888', 'cherry': '5495382', 'watermelon': '5494510', 'registry': '8018911', 'hello-world': '8021526', 'docker/getting-started': '8021973', 'alpine': '7991792'}
15:53:15 INFO  EnvironmentC8y Setup
15:53:16 INFO  Executed systemctl&lt;serv_mapper1&gt;, exit status 3
15:53:16 INFO  Restarting mosquitto too frequently in the last 10 seconds. It was only up for 5 seconds
15:53:16 INFO  Delaying execution by 6 seconds
15:53:36 INFO  Executed sudo&lt;tedge_connect_c8y&gt;, exit status 0, duration 13 secs
15:53:36 INFO  Executed sudo&lt;tedge_connect_c8y_test&gt;, exit status 0
15:53:37 INFO  Executed systemctl&lt;serv_mosq2&gt;, exit status 0
15:53:37 INFO  Executed systemctl&lt;serv_mapper3&gt;, exit status 0
15:53:39 INFO  State of current operation: SUCCESSFUL
15:53:40 INFO  Assert that (False == value) with value=False ... passed
15:53:40 INFO  Assert that (False == value) with value=False ... passed
15:53:40 INFO  Assert that (False == value) with value=False ... passed
15:53:40 INFO  Assert that (False == value) with value=False ... passed
15:53:41 INFO  Assert that (False == value) with value=False ... passed
15:53:42 INFO  Response status: 201
15:53:42 INFO  Response to action: {
    "creationTime": "2022-05-02T15:53:42.279Z",
    "deviceName": "mythicc",
    "deviceId": "18176681",
    "self": "https://t493319102.eu-latest.cumulocity.com/devicecontrol/operations/18211941",
    "id": "18211941",
    "status": "PENDING",
    "description": "Apply software changes, triggered from PySys: [{'action': 'install', 'id': '5475369', 'name': 'asciijump', 'url': ' ', 'version': '::apt'}, {'action': 'install', 'id': '5474869', 'name': 'robotfindskitten', 'url': ' ', 'version': ' '}, {'action': 'install', 'id': '5475279', 'name': 'squirrel3', 'url': ' ', 'version': '3.1-7::apt'}, {'action': 'install', 'id': '5152439', 'name': 'rolldice', 'url': ' ', 'version': '1.16-1+b1'}, {'action': 'install', 'id': '5439204', 'name': 'moon-buggy', 'url': ' ', 'version': '1:1.0.51-12'}, {'action': 'install', 'id': '5475369', 'name': 'asciijump', 'url': ' ', 'version': '::apt'}]",
    "c8y_SoftwareUpdate": [
        {
            "name": "asciijump",
            "action": "install",
            "id": "5475369",
            "version": "::apt",
            "url": " "
        },
        {
            "name": "robotfindskitten",
            "action": "install",
            "id": "5474869",
            "version": " ",
            "url": " "
        },
        {
            "name": "squirrel3",
            "action": "install",
            "id": "5475279",
            "version": "3.1-7::apt",
            "url": " "
        },
        {
            "name": "rolldice",
            "action": "install",
            "id": "5152439",
            "version": "1.16-1+b1",
            "url": " "
        },
        {
            "name": "moon-buggy",
            "action": "install",
            "id": "5439204",
            "version": "1:1.0.51-12",
            "url": " "
        },
        {
            "name": "asciijump",
            "action": "install",
            "id": "5475369",
            "version": "::apt",
            "url": " "
        }
    ]
}
15:53:42 INFO  Started operation: {'creationTime': '2022-05-02T15:53:42.279Z', 'deviceName': 'mythicc', 'deviceId': '18176681', 'self': 'https://t493319102.eu-latest.cumulocity.com/devicecontrol/operations/18211941', 'id': '18211941', 'status': 'PENDING', 'description': "Apply software changes, triggered from PySys: [{'action': 'install', 'id': '5475369', 'name': 'asciijump', 'url': ' ', 'version': '::apt'}, {'action': 'install', 'id': '5474869', 'name': 'robotfindskitten', 'url': ' ', 'version': ' '}, {'action': 'install', 'id': '5475279', 'name': 'squirrel3', 'url': ' ', 'version': '3.1-7::apt'}, {'action': 'install', 'id': '5152439', 'name': 'rolldice', 'url': ' ', 'version': '1.16-1+b1'}, {'action': 'install', 'id': '5439204', 'name': 'moon-buggy', 'url': ' ', 'version': '1:1.0.51-12'}, {'action': 'install', 'id': '5475369', 'name': 'asciijump', 'url': ' ', 'version': '::apt'}]", 'c8y_SoftwareUpdate': [{'name': 'asciijump', 'action': 'install', 'id': '5475369', 'version': '::apt', 'url': ' '}, {'name': 'robotfindskitten', 'action': 'install', 'id': '5474869', 'version': ' ', 'url': ' '}, {'name': 'squirrel3', 'action': 'install', 'id': '5475279', 'version': '3.1-7::apt', 'url': ' '}, {'name': 'rolldice', 'action': 'install', 'id': '5152439', 'version': '1.16-1+b1', 'url': ' '}, {'name': 'moon-buggy', 'action': 'install', 'id': '5439204', 'version': '1:1.0.51-12', 'url': ' '}, {'name': 'asciijump', 'action': 'install', 'id': '5475369', 'version': '::apt', 'url': ' '}]}
15:53:44 INFO  State of operation 18211941 : PENDING
15:53:46 INFO  State of operation 18211941 : EXECUTING
15:53:48 INFO  State of operation 18211941 : EXECUTING
15:53:51 INFO  State of operation 18211941 : EXECUTING
15:53:53 INFO  State of operation 18211941 : EXECUTING
15:53:55 INFO  State of operation 18211941 : EXECUTING
15:53:58 INFO  State of operation 18211941 : EXECUTING
15:54:01 INFO  State of operation 18211941 : EXECUTING
15:54:03 INFO  State of operation 18211941 : EXECUTING
15:54:05 INFO  State of operation 18211941 : EXECUTING
15:54:08 INFO  State of operation 18211941 : EXECUTING
15:54:10 INFO  State of operation 18211941 : EXECUTING
15:54:12 INFO  State of operation 18211941 : EXECUTING
15:54:14 INFO  State of operation 18211941 : EXECUTING
15:54:17 INFO  State of operation 18211941 : EXECUTING
15:54:19 INFO  State of operation 18211941 : EXECUTING
15:54:21 INFO  State of operation 18211941 : EXECUTING
15:54:23 INFO  State of operation 18211941 : EXECUTING
15:54:26 INFO  State of operation 18211941 : EXECUTING
15:54:28 INFO  State of operation 18211941 : EXECUTING
15:54:31 INFO  State of operation 18211941 : EXECUTING
15:54:33 INFO  State of operation 18211941 : EXECUTING
15:54:36 INFO  State of operation 18211941 : EXECUTING
15:54:38 INFO  State of operation 18211941 : EXECUTING
15:54:41 INFO  State of operation 18211941 : EXECUTING
15:54:43 INFO  State of operation 18211941 : EXECUTING
15:54:46 INFO  State of operation 18211941 : EXECUTING
15:54:48 INFO  State of operation 18211941 : EXECUTING
15:54:51 INFO  State of operation 18211941 : EXECUTING
15:54:53 INFO  State of operation 18211941 : EXECUTING
15:54:55 INFO  State of operation 18211941 : EXECUTING
15:54:58 INFO  State of operation 18211941 : EXECUTING
15:55:00 INFO  State of operation 18211941 : EXECUTING
15:55:02 INFO  State of operation 18211941 : EXECUTING
15:55:04 INFO  State of operation 18211941 : EXECUTING
15:55:07 INFO  State of operation 18211941 : EXECUTING
15:55:09 INFO  State of operation 18211941 : EXECUTING
15:55:11 INFO  State of operation 18211941 : EXECUTING
15:55:14 INFO  State of operation 18211941 : EXECUTING
15:55:17 INFO  State of operation 18211941 : EXECUTING
15:55:19 INFO  State of operation 18211941 : EXECUTING
15:55:21 INFO  State of operation 18211941 : EXECUTING
15:55:24 INFO  State of operation 18211941 : EXECUTING
15:55:26 INFO  State of operation 18211941 : EXECUTING
15:55:28 INFO  State of operation 18211941 : EXECUTING
15:55:30 INFO  State of operation 18211941 : EXECUTING
15:55:33 INFO  State of operation 18211941 : EXECUTING
15:55:35 INFO  State of operation 18211941 : EXECUTING
15:55:37 INFO  State of operation 18211941 : EXECUTING
15:55:39 INFO  State of operation 18211941 : EXECUTING
15:55:42 INFO  State of operation 18211941 : EXECUTING
15:55:44 INFO  State of operation 18211941 : EXECUTING
15:55:47 INFO  State of operation 18211941 : EXECUTING
15:55:49 INFO  State of operation 18211941 : EXECUTING
15:55:51 INFO  State of operation 18211941 : EXECUTING
15:55:54 INFO  State of operation 18211941 : EXECUTING
15:55:56 INFO  State of operation 18211941 : EXECUTING
15:55:59 INFO  State of operation 18211941 : EXECUTING
15:56:01 INFO  State of operation 18211941 : EXECUTING
15:56:03 INFO  State of operation 18211941 : EXECUTING
15:56:06 INFO  State of operation 18211941 : EXECUTING
15:56:08 WARN  SystemError occurred while running test - Timeout while waiting for status SUCCESSFUL or False
Traceback (most recent call last):
  File "/home/pi/env-pysys/lib/python3.7/site-packages/pysys/baserunner.py", line 1294, in __call__
    self.testObj.execute()
  File "/home/pi/actions-runner/_work/thin-edge.io/thin-edge.io/tests/PySys/software_management_end_to_end/sm_apt_install_remove_multiple_mixed/run.py", line 89, in execute
    self.wait_until_succcess()
  File "/home/pi/actions-runner/_work/thin-edge.io/thin-edge.io/tests/PySys/software_management_end_to_end/environment_sm_management.py", line 324, in wait_until_succcess
    self.wait_until_status("SUCCESSFUL")
  File "/home/pi/actions-runner/_work/thin-edge.io/thin-edge.io/tests/PySys/software_management_end_to_end/environment_sm_management.py", line 381, in wait_until_status
    "Timeout while waiting for status %s or %s" % (status, status2)
SystemError: Timeout while waiting for status SUCCESSFUL or False
15:56:08 WARN  SystemError: Timeout while waiting for status SUCCESSFUL or False ... blocked 
15:56:08 INFO  
15:56:08 INFO  cleanup:
15:56:12 INFO  Executed sudo&lt;tedge_disconnect_c8y&gt;, exit status 0
15:56:13 INFO  Executed systemctl&lt;serv_mapper5&gt;, exit status 3
15:56:13 INFO  
15:56:13 INFO  Test duration: 177.60 secs
15:56:13 INFO  Test final outcome:  BLOCKED
15:56:13 INFO  Test outcome reason: SystemError: Timeout while waiting for status SUCCESSFUL or False
15:56:13 INFO  
</system-out>
	</testcase>
<testcase classname="PySysTest" name="SoftwareManagement.sm_apt_install_remove_multiple_mixed">
		<failure message="BLOCKED: SystemError: Timeout while waiting for status SUCCESSFUL or False (+1 other failures)" type="BLOCKED" />
		<system-out>16:14:22 INFO  ==============================================================
16:14:22 INFO  Id:    SoftwareManagement.sm_apt_install_remove_multiple_mixed
16:14:22 INFO  Dir:   software_management_end_to_end/
16:14:22 INFO  Title: Validate end to end behaviour for the apt plugin for multiple packages with mixed versions
16:14:22 INFO  ==============================================================
16:14:22 INFO  Using sw id database: {'asciijump': '5475369', 'robotfindskitten': '5474869', 'squirrel3': '5475279', 'rolldice': '5152439', 'moon-buggy': '5439204', 'apple': '5495053', 'banana': '5494888', 'cherry': '5495382', 'watermelon': '5494510', 'registry': '8018911', 'hello-world': '8021526', 'docker/getting-started': '8021973', 'alpine': '7991792'}
16:14:22 INFO  EnvironmentC8y Setup
16:14:23 INFO  Executed systemctl&lt;serv_mapper1&gt;, exit status 3
16:14:23 INFO  Restarting mosquitto too frequently in the last 10 seconds. It was only up for 5 seconds
16:14:23 INFO  Delaying execution by 6 seconds
16:14:43 INFO  Executed sudo&lt;tedge_connect_c8y&gt;, exit status 0, duration 13 secs
16:14:44 INFO  Executed sudo&lt;tedge_connect_c8y_test&gt;, exit status 0
16:14:44 INFO  Executed systemctl&lt;serv_mosq2&gt;, exit status 0
16:14:45 INFO  Executed systemctl&lt;serv_mapper3&gt;, exit status 0
16:14:47 INFO  State of current operation: SUCCESSFUL
16:14:47 INFO  Assert that (False == value) with value=False ... passed
16:14:47 INFO  Assert that (False == value) with value=False ... passed
16:14:47 INFO  Assert that (False == value) with value=False ... passed
16:14:48 INFO  Assert that (False == value) with value=False ... passed
16:14:48 INFO  Package moon-buggy is installed
16:14:48 WARN  Assert that (False == value) with value=True ... failed 
16:14:49 INFO  Response status: 201
16:14:49 INFO  Response to action: {
    "creationTime": "2022-05-02T16:14:49.867Z",
    "deviceName": "mythicc",
    "deviceId": "18176681",
    "self": "https://t493319102.eu-latest.cumulocity.com/devicecontrol/operations/18214149",
    "id": "18214149",
    "status": "PENDING",
    "description": "Apply software changes, triggered from PySys: [{'action': 'install', 'id': '5475369', 'name': 'asciijump', 'url': ' ', 'version': '::apt'}, {'action': 'install', 'id': '5474869', 'name': 'robotfindskitten', 'url': ' ', 'version': ' '}, {'action': 'install', 'id': '5475279', 'name': 'squirrel3', 'url': ' ', 'version': '3.1-7::apt'}, {'action': 'install', 'id': '5152439', 'name': 'rolldice', 'url': ' ', 'version': '1.16-1+b1'}, {'action': 'install', 'id': '5439204', 'name': 'moon-buggy', 'url': ' ', 'version': '1:1.0.51-12'}, {'action': 'install', 'id': '5475369', 'name': 'asciijump', 'url': ' ', 'version': '::apt'}]",
    "c8y_SoftwareUpdate": [
        {
            "name": "asciijump",
            "action": "install",
            "id": "5475369",
            "version": "::apt",
            "url": " "
        },
        {
            "name": "robotfindskitten",
            "action": "install",
            "id": "5474869",
            "version": " ",
            "url": " "
        },
        {
            "name": "squirrel3",
            "action": "install",
            "id": "5475279",
            "version": "3.1-7::apt",
            "url": " "
        },
        {
            "name": "rolldice",
            "action": "install",
            "id": "5152439",
            "version": "1.16-1+b1",
            "url": " "
        },
        {
            "name": "moon-buggy",
            "action": "install",
            "id": "5439204",
            "version": "1:1.0.51-12",
            "url": " "
        },
        {
            "name": "asciijump",
            "action": "install",
            "id": "5475369",
            "version": "::apt",
            "url": " "
        }
    ]
}
16:14:49 INFO  Started operation: {'creationTime': '2022-05-02T16:14:49.867Z', 'deviceName': 'mythicc', 'deviceId': '18176681', 'self': 'https://t493319102.eu-latest.cumulocity.com/devicecontrol/operations/18214149', 'id': '18214149', 'status': 'PENDING', 'description': "Apply software changes, triggered from PySys: [{'action': 'install', 'id': '5475369', 'name': 'asciijump', 'url': ' ', 'version': '::apt'}, {'action': 'install', 'id': '5474869', 'name': 'robotfindskitten', 'url': ' ', 'version': ' '}, {'action': 'install', 'id': '5475279', 'name': 'squirrel3', 'url': ' ', 'version': '3.1-7::apt'}, {'action': 'install', 'id': '5152439', 'name': 'rolldice', 'url': ' ', 'version': '1.16-1+b1'}, {'action': 'install', 'id': '5439204', 'name': 'moon-buggy', 'url': ' ', 'version': '1:1.0.51-12'}, {'action': 'install', 'id': '5475369', 'name': 'asciijump', 'url': ' ', 'version': '::apt'}]", 'c8y_SoftwareUpdate': [{'name': 'asciijump', 'action': 'install', 'id': '5475369', 'version': '::apt', 'url': ' '}, {'name': 'robotfindskitten', 'action': 'install', 'id': '5474869', 'version': ' ', 'url': ' '}, {'name': 'squirrel3', 'action': 'install', 'id': '5475279', 'version': '3.1-7::apt', 'url': ' '}, {'name': 'rolldice', 'action': 'install', 'id': '5152439', 'version': '1.16-1+b1', 'url': ' '}, {'name': 'moon-buggy', 'action': 'install', 'id': '5439204', 'version': '1:1.0.51-12', 'url': ' '}, {'name': 'asciijump', 'action': 'install', 'id': '5475369', 'version': '::apt', 'url': ' '}]}
16:14:52 INFO  State of operation 18214149 : PENDING
16:14:54 INFO  State of operation 18214149 : EXECUTING
16:14:56 INFO  State of operation 18214149 : EXECUTING
16:14:58 INFO  State of operation 18214149 : EXECUTING
16:15:01 INFO  State of operation 18214149 : EXECUTING
16:15:03 INFO  State of operation 18214149 : EXECUTING
16:15:06 INFO  State of operation 18214149 : EXECUTING
16:15:08 INFO  State of operation 18214149 : EXECUTING
16:15:11 INFO  State of operation 18214149 : EXECUTING
16:15:13 INFO  State of operation 18214149 : EXECUTING
16:15:15 INFO  State of operation 18214149 : EXECUTING
16:15:17 INFO  State of operation 18214149 : EXECUTING
16:15:20 INFO  State of operation 18214149 : EXECUTING
16:15:22 INFO  State of operation 18214149 : EXECUTING
16:15:24 INFO  State of operation 18214149 : EXECUTING
16:15:26 INFO  State of operation 18214149 : EXECUTING
16:15:29 INFO  State of operation 18214149 : EXECUTING
16:15:31 INFO  State of operation 18214149 : EXECUTING
16:15:33 INFO  State of operation 18214149 : EXECUTING
16:15:36 INFO  State of operation 18214149 : EXECUTING
16:15:38 INFO  State of operation 18214149 : EXECUTING
16:15:40 INFO  State of operation 18214149 : EXECUTING
16:15:43 INFO  State of operation 18214149 : EXECUTING
16:15:45 INFO  State of operation 18214149 : EXECUTING
16:15:47 INFO  State of operation 18214149 : EXECUTING
16:15:50 INFO  State of operation 18214149 : EXECUTING
16:15:53 INFO  State of operation 18214149 : EXECUTING
16:15:55 INFO  State of operation 18214149 : EXECUTING
16:15:58 INFO  State of operation 18214149 : EXECUTING
16:16:00 INFO  State of operation 18214149 : EXECUTING
16:16:02 INFO  State of operation 18214149 : EXECUTING
16:16:05 INFO  State of operation 18214149 : EXECUTING
16:16:07 INFO  State of operation 18214149 : EXECUTING
16:16:09 INFO  State of operation 18214149 : EXECUTING
16:16:12 INFO  State of operation 18214149 : EXECUTING
16:16:14 INFO  State of operation 18214149 : EXECUTING
16:16:16 INFO  State of operation 18214149 : EXECUTING
16:16:18 INFO  State of operation 18214149 : EXECUTING
16:16:20 INFO  State of operation 18214149 : EXECUTING
16:16:23 INFO  State of operation 18214149 : EXECUTING
16:16:25 INFO  State of operation 18214149 : EXECUTING
16:16:28 INFO  State of operation 18214149 : EXECUTING
16:16:30 INFO  State of operation 18214149 : EXECUTING
16:16:32 INFO  State of operation 18214149 : EXECUTING
16:16:35 INFO  State of operation 18214149 : EXECUTING
16:16:37 INFO  State of operation 18214149 : EXECUTING
16:16:39 INFO  State of operation 18214149 : EXECUTING
16:16:41 INFO  State of operation 18214149 : EXECUTING
16:16:43 INFO  State of operation 18214149 : EXECUTING
16:16:46 INFO  State of operation 18214149 : EXECUTING
16:16:49 INFO  State of operation 18214149 : EXECUTING
16:16:51 INFO  State of operation 18214149 : EXECUTING
16:16:53 INFO  State of operation 18214149 : EXECUTING
16:16:55 INFO  State of operation 18214149 : EXECUTING
16:16:58 INFO  State of operation 18214149 : EXECUTING
16:17:00 INFO  State of operation 18214149 : EXECUTING
16:17:03 INFO  State of operation 18214149 : EXECUTING
16:17:05 INFO  State of operation 18214149 : EXECUTING
16:17:08 INFO  State of operation 18214149 : EXECUTING
16:17:11 INFO  State of operation 18214149 : EXECUTING
16:17:13 INFO  State of operation 18214149 : EXECUTING
16:17:15 WARN  SystemError occurred while running test - Timeout while waiting for status SUCCESSFUL or False
Traceback (most recent call last):
  File "/home/pi/env-pysys/lib/python3.7/site-packages/pysys/baserunner.py", line 1294, in __call__
    self.testObj.execute()
  File "/home/pi/actions-runner/_work/thin-edge.io/thin-edge.io/tests/PySys/software_management_end_to_end/sm_apt_install_remove_multiple_mixed/run.py", line 89, in execute
    self.wait_until_succcess()
  File "/home/pi/actions-runner/_work/thin-edge.io/thin-edge.io/tests/PySys/software_management_end_to_end/environment_sm_management.py", line 324, in wait_until_succcess
    self.wait_until_status("SUCCESSFUL")
  File "/home/pi/actions-runner/_work/thin-edge.io/thin-edge.io/tests/PySys/software_management_end_to_end/environment_sm_management.py", line 381, in wait_until_status
    "Timeout while waiting for status %s or %s" % (status, status2)
SystemError: Timeout while waiting for status SUCCESSFUL or False
16:17:15 WARN  SystemError: Timeout while waiting for status SUCCESSFUL or False ... blocked 
16:17:15 INFO  
16:17:15 INFO  cleanup:
16:17:20 INFO  Executed sudo&lt;tedge_disconnect_c8y&gt;, exit status 0
16:17:20 INFO  Executed systemctl&lt;serv_mapper5&gt;, exit status 3
16:17:20 INFO  
16:17:20 INFO  Test duration: 178.06 secs
16:17:20 INFO  Test final outcome:  BLOCKED
16:17:20 INFO  Test outcome reason: SystemError: Timeout while waiting for status SUCCESSFUL or False (+1 other failures)
16:17:20 INFO  
</system-out>
	</testcase>
</testsuite><testsuite name="SoftwareManagement.sm_apt_install_remove_with_version" tests="3" errors="0" failures="0" skipped="1" time="0"><testcase classname="PySysTest" name="SoftwareManagement.sm_apt_install_remove_with_version">
		<skipped message="SKIPPED: Testing the apt plugin is not supported on this platform.Use parameter -XmyPlatform='container' to enable it" />
		<system-out>15:16:43 INFO  ==============================================================
15:16:43 INFO  Id:    SoftwareManagement.sm_apt_install_remove_with_version
15:16:43 INFO  Dir:   software_management_end_to_end/
15:16:43 INFO  Title: Validate end to end behaviour for the apt plugin for packages with version
15:16:43 INFO  ==============================================================
15:16:43 INFO  Testing the apt plugin is not supported on this platform.Use parameter -XmyPlatform='container' to enable it ... skipped
15:16:43 WARN  Aborted test due to SKIPPED outcome
15:16:43 INFO  
15:16:43 INFO  Test duration: 0.02 secs
15:16:43 INFO  Test final outcome:  SKIPPED
15:16:43 INFO  Test outcome reason: Testing the apt plugin is not supported on this platform.Use parameter -XmyPlatform='container' to enable it
15:16:43 INFO  
</system-out>
	</testcase>
<testcase classname="PySysTest" name="SoftwareManagement.sm_apt_install_remove_with_version" />
<testcase classname="PySysTest" name="SoftwareManagement.sm_apt_install_remove_with_version" />
</testsuite><testsuite name="SoftwareManagement.sm_docker_install_remove_multiple" tests="3" errors="0" failures="2" skipped="1" time="0"><testcase classname="SMDockerInstallRemove" name="SoftwareManagement.sm_docker_install_remove_multiple">
		<skipped message="SKIPPED: Testing the apt plugin is not supported on this platform.Use parameter -XmyPlatform='container' to enable it" />
		<system-out>15:16:43 INFO  ==============================================================
15:16:43 INFO  Id:    SoftwareManagement.sm_docker_install_remove_multiple
15:16:43 INFO  Dir:   software_management_end_to_end/
15:16:43 INFO  Title: Validate end to end behaviour for the docker plugin for multiple docker images with mixed versions
15:16:43 INFO  ==============================================================
15:16:43 INFO  Testing the apt plugin is not supported on this platform.Use parameter -XmyPlatform='container' to enable it ... skipped
15:16:43 WARN  Aborted test due to SKIPPED outcome
15:16:43 INFO  
15:16:43 INFO  Test duration: 0.03 secs
15:16:43 INFO  Test final outcome:  SKIPPED
15:16:43 INFO  Test outcome reason: Testing the apt plugin is not supported on this platform.Use parameter -XmyPlatform='container' to enable it
15:16:43 INFO  
</system-out>
	</testcase>
<testcase classname="SMDockerInstallRemove" name="SoftwareManagement.sm_docker_install_remove_multiple">
		<failure message="BLOCKED: SystemError: The operation has failed" type="BLOCKED" />
		<system-out>16:01:13 INFO  ==============================================================
16:01:13 INFO  Id:    SoftwareManagement.sm_docker_install_remove_multiple
16:01:13 INFO  Dir:   software_management_end_to_end/
16:01:13 INFO  Title: Validate end to end behaviour for the docker plugin for multiple docker images with mixed versions
16:01:13 INFO  ==============================================================
16:01:15 INFO  Using sw id database: {'asciijump': '5475369', 'robotfindskitten': '5474869', 'squirrel3': '5475279', 'rolldice': '5152439', 'moon-buggy': '5439204', 'apple': '5495053', 'banana': '5494888', 'cherry': '5495382', 'watermelon': '5494510', 'registry': '8018911', 'hello-world': '8021526', 'docker/getting-started': '8021973', 'alpine': '7991792'}
16:01:15 INFO  EnvironmentC8y Setup
16:01:15 INFO  Executed systemctl&lt;serv_mapper1&gt;, exit status 3
16:01:30 INFO  Executed sudo&lt;tedge_connect_c8y&gt;, exit status 0, duration 14 secs
16:01:31 INFO  Executed sudo&lt;tedge_connect_c8y_test&gt;, exit status 0
16:01:31 INFO  Executed systemctl&lt;serv_mosq2&gt;, exit status 0
16:01:32 INFO  Executed systemctl&lt;serv_mapper3&gt;, exit status 0
16:01:34 INFO  State of current operation: SUCCESSFUL
16:01:34 INFO  Response status: 201
16:01:34 INFO  Response to action: {
    "creationTime": "2022-05-02T16:01:34.626Z",
    "deviceName": "mythicc",
    "deviceId": "18176681",
    "self": "https://t493319102.eu-latest.cumulocity.com/devicecontrol/operations/18212022",
    "id": "18212022",
    "status": "PENDING",
    "description": "Apply software changes, triggered from PySys: [{'action': 'install', 'id': '8021526', 'name': 'hello-world', 'url': '', 'version': '::docker'}, {'action': 'install', 'id': '8018911', 'name': 'registry', 'url': '', 'version': '2.6.2::docker'}]",
    "c8y_SoftwareUpdate": [
        {
            "name": "hello-world",
            "action": "install",
            "id": "8021526",
            "version": "::docker",
            "url": ""
        },
        {
            "name": "registry",
            "action": "install",
            "id": "8018911",
            "version": "2.6.2::docker",
            "url": ""
        }
    ]
}
16:01:34 INFO  Started operation: {'creationTime': '2022-05-02T16:01:34.626Z', 'deviceName': 'mythicc', 'deviceId': '18176681', 'self': 'https://t493319102.eu-latest.cumulocity.com/devicecontrol/operations/18212022', 'id': '18212022', 'status': 'PENDING', 'description': "Apply software changes, triggered from PySys: [{'action': 'install', 'id': '8021526', 'name': 'hello-world', 'url': '', 'version': '::docker'}, {'action': 'install', 'id': '8018911', 'name': 'registry', 'url': '', 'version': '2.6.2::docker'}]", 'c8y_SoftwareUpdate': [{'name': 'hello-world', 'action': 'install', 'id': '8021526', 'version': '::docker', 'url': ''}, {'name': 'registry', 'action': 'install', 'id': '8018911', 'version': '2.6.2::docker', 'url': ''}]}
16:01:36 INFO  State of operation 18212022 : PENDING
16:01:39 INFO  State of operation 18212022 : EXECUTING
16:01:41 INFO  State of operation 18212022 : EXECUTING
16:01:43 INFO  State of operation 18212022 : EXECUTING
16:01:45 INFO  State of operation 18212022 : FAILED
16:01:45 ERROR Stopping as the operation has failed
16:01:45 WARN  SystemError occurred while running test - The operation has failed
Traceback (most recent call last):
  File "/home/pi/env-pysys/lib/python3.7/site-packages/pysys/baserunner.py", line 1292, in __call__
    self.testObj.setup()
  File "/home/pi/actions-runner/_work/thin-edge.io/thin-edge.io/tests/PySys/software_management_end_to_end/sm_docker_install_remove_multiple/run.py", line 55, in setup
    self.wait_until_succcess()
  File "/home/pi/actions-runner/_work/thin-edge.io/thin-edge.io/tests/PySys/software_management_end_to_end/environment_sm_management.py", line 324, in wait_until_succcess
    self.wait_until_status("SUCCESSFUL")
  File "/home/pi/actions-runner/_work/thin-edge.io/thin-edge.io/tests/PySys/software_management_end_to_end/environment_sm_management.py", line 361, in wait_until_status
    raise SystemError("The operation has failed")
SystemError: The operation has failed
16:01:45 WARN  SystemError: The operation has failed ... blocked 
16:01:45 INFO  
16:01:45 INFO  cleanup:
16:01:50 INFO  Executed sudo&lt;tedge_disconnect_c8y&gt;, exit status 0
16:01:50 INFO  Executed systemctl&lt;serv_mapper5&gt;, exit status 3
16:01:50 INFO  
16:01:50 INFO  Test duration: 36.98 secs
16:01:50 INFO  Test final outcome:  BLOCKED
16:01:50 INFO  Test outcome reason: SystemError: The operation has failed
16:01:50 INFO  
</system-out>
	</testcase>
<testcase classname="SMDockerInstallRemove" name="SoftwareManagement.sm_docker_install_remove_multiple">
		<failure message="BLOCKED: SystemError: The operation has failed" type="BLOCKED" />
		<system-out>16:20:07 INFO  ==============================================================
16:20:07 INFO  Id:    SoftwareManagement.sm_docker_install_remove_multiple
16:20:07 INFO  Dir:   software_management_end_to_end/
16:20:07 INFO  Title: Validate end to end behaviour for the docker plugin for multiple docker images with mixed versions
16:20:07 INFO  ==============================================================
16:20:08 INFO  Using sw id database: {'asciijump': '5475369', 'robotfindskitten': '5474869', 'squirrel3': '5475279', 'rolldice': '5152439', 'moon-buggy': '5439204', 'apple': '5495053', 'banana': '5494888', 'cherry': '5495382', 'watermelon': '5494510', 'registry': '8018911', 'hello-world': '8021526', 'docker/getting-started': '8021973', 'alpine': '7991792'}
16:20:08 INFO  EnvironmentC8y Setup
16:20:08 INFO  Executed systemctl&lt;serv_mapper1&gt;, exit status 3
16:20:08 INFO  Restarting mosquitto too frequently in the last 10 seconds. It was only up for 5 seconds
16:20:08 INFO  Delaying execution by 6 seconds
16:20:29 INFO  Executed sudo&lt;tedge_connect_c8y&gt;, exit status 0, duration 14 secs
[...]
16:01:09 INFO  Id:    docker_plugin_update
16:01:09 INFO  Dir:   plugin_docker/
16:01:09 INFO  Title: Validate docker plugin install updates existing containers
16:01:09 INFO  ==============================================================
16:01:09 INFO  Executed sudo&lt;docker_images&gt;, exit status 0
16:01:09 INFO  Grep on file /home/pi/actions-runner/_work/thin-edge.io/thin-edge.io/tests/PySys/plugin_docker/docker_plugin_update/Output/linux/docker_images.out ... passed
16:01:12 WARN  Executed sudo&lt;docker_run&gt;, exit status 125
16:01:12 INFO  Contents of docker_run.err: 
  Unable to find image 'registry:2.6.2' locally
  docker: Error response from daemon: toomanyrequests: You have reached your pull rate limit. You may increase the limit by authenticating and upgrading: https://www.docker.com/increase-rate-limit.
  See 'docker run --help'.
  -----

16:01:12 WARN  sudo&lt;docker_run&gt; returned non-zero exit code 125 ... blocked 
16:01:12 WARN  Aborted test due to BLOCKED outcome
16:01:12 INFO  
16:01:12 INFO  cleanup:
16:01:12 INFO  Removing containers scheduled to be cleaned up: ['', '']
16:01:12 WARN  Executed sudo&lt;containers_for_cleanup&gt;, exit status 1
16:01:12 INFO  Removing images scheduled to be cleaned up: ['registry', 'registry:2.7.1']
16:01:13 INFO  Executed sudo&lt;containers_for_cleanup&gt;, exit status 0
16:01:13 INFO  
16:01:13 INFO  Test duration: 4.57 secs
16:01:13 INFO  Test final outcome:  BLOCKED
16:01:13 INFO  Test outcome reason: sudo&lt;docker_run&gt; returned non-zero exit code 125
16:01:13 INFO  
</system-out>
	</testcase>
</testsuite><testsuite name="invalid_device_id" tests="1" errors="0" failures="0" skipped="0" time="0"><testcase classname="InvalidDeviceId" name="invalid_device_id" />
</testsuite><testsuite name="local_mqtt_pub_fail_noqos" tests="1" errors="0" failures="0" skipped="0" time="0"><testcase classname="PySysTest" name="local_mqtt_pub_fail_noqos" />
</testsuite><testsuite name="local_mqtt_pub_fail_qos0" tests="1" errors="0" failures="0" skipped="0" time="0"><testcase classname="PySysTest" name="local_mqtt_pub_fail_qos0" />
</testsuite><testsuite name="local_mqtt_pub_fail_qos1" tests="1" errors="0" failures="0" skipped="0" time="0"><testcase classname="PySysTest" name="local_mqtt_pub_fail_qos1" />
</testsuite><testsuite name="local_mqtt_pub_fail_qos2" tests="1" errors="0" failures="0" skipped="0" time="0"><testcase classname="PySysTest" name="local_mqtt_pub_fail_qos2" />
</testsuite><testsuite name="local_mqtt_pub_sub" tests="1" errors="0" failures="0" skipped="0" time="0"><testcase classname="PySysTest" name="local_mqtt_pub_sub" />
</testsuite><testsuite name="local_mqtt_pub_sub_retain" tests="1" errors="0" failures="0" skipped="0" time="0"><testcase classname="MqttPublishWithRetain" name="local_mqtt_pub_sub_retain" />
</testsuite><testsuite name="local_mqtt_pub_sub_with_sudo" tests="1" errors="0" failures="0" skipped="0" time="0"><testcase classname="PySysTest" name="local_mqtt_pub_sub_with_sudo" />
</testsuite><testsuite name="local_mqtt_sub_fail" tests="1" errors="0" failures="0" skipped="0" time="0"><testcase classname="PySysTest" name="local_mqtt_sub_fail" />
</testsuite><testsuite name="log_request_error_messages" tests="1" errors="0" failures="1" skipped="0" time="0"><testcase classname="LogRequestVerifySearchTextError" name="log_request_error_messages">
		<failure message="FAILED: Assert that (True == value) with value=False" type="FAILED" />
		<system-out>15:03:54 INFO  ==============================================================
15:03:54 INFO  Id:    log_request_error_messages
15:03:54 INFO  Dir:   log_request_end_to_end/
15:03:54 INFO  Title: Validate end to end behaviour for the log request operation check for error messages
15:03:54 INFO  ==============================================================
15:03:56 INFO  EnvironmentC8y Setup
15:03:56 INFO  Executed systemctl&lt;serv_mapper1&gt;, exit status 3
15:03:56 INFO  Restarting mosquitto too frequently in the last 10 seconds. It was only up for 2 seconds
15:03:56 INFO  Delaying execution by 9 seconds
15:04:19 INFO  Executed sudo&lt;tedge_connect_c8y&gt;, exit status 0, duration 13 secs
15:04:20 INFO  Executed sudo&lt;tedge_connect_c8y_test&gt;, exit status 0
15:04:20 INFO  Executed systemctl&lt;serv_mosq2&gt;, exit status 0
15:04:21 INFO  Executed systemctl&lt;serv_mapper3&gt;, exit status 0
15:04:21 INFO  Executed sudo&lt;rm_logs&gt;, exit status 0
15:04:22 INFO  Executed sudo&lt;move_logs&gt;, exit status 0
15:04:22 INFO  log response None
15:04:22 WARN  retry, retrying in 1 seconds...
15:04:24 INFO  log response https://thin-edge-io.eu-latest.cumulocity.com/event/events/18176926/binaries
15:04:24 WARN  Assert that (True == value) with value=False ... failed [run.py:43]
15:04:24 INFO  
15:04:24 INFO  cleanup:
15:04:25 INFO  Executed sudo&lt;rm_logs&gt;, exit status 0
15:04:25 INFO  Executed sudo&lt;rm_tmp_logs&gt;, exit status 0
15:04:26 INFO  Executed sudo&lt;send_failed&gt;, exit status 0
15:04:30 INFO  Executed sudo&lt;tedge_disconnect_c8y&gt;, exit status 0
15:04:31 INFO  Executed systemctl&lt;serv_mapper5&gt;, exit status 3
15:04:31 INFO  
15:04:31 INFO  Test duration: 36.39 secs
15:04:31 INFO  Test final outcome:  FAILED
15:04:31 INFO  Test outcome reason: Assert that (True == value) with value=False
15:04:31 INFO  
</system-out>
	</testcase>
</testsuite><testsuite name="log_request_num_lines" tests="1" errors="0" failures="1" skipped="0" time="0"><testcase classname="LogRequestVerifyNumberOfLines" name="log_request_num_lines">
		<failure message="FAILED: Assert that (True == value) with value=False" type="FAILED" />
		<system-out>15:04:31 INFO  ==============================================================
15:04:31 INFO  Id:    log_request_num_lines
15:04:31 INFO  Dir:   log_request_end_to_end/
15:04:31 INFO  Title: Validate end to end behaviour for the log request operation check for number of lines
15:04:31 INFO  ==============================================================
15:04:31 INFO  EnvironmentC8y Setup
15:04:31 INFO  Executed systemctl&lt;serv_mapper1&gt;, exit status 3
15:04:32 INFO  Restarting mosquitto too frequently in the last 10 seconds. It was only up for 5 seconds
15:04:32 INFO  Delaying execution by 6 seconds
15:04:52 INFO  Executed sudo&lt;tedge_connect_c8y&gt;, exit status 0, duration 14 secs
15:04:52 INFO  Executed sudo&lt;tedge_connect_c8y_test&gt;, exit status 0
15:04:53 INFO  Executed systemctl&lt;serv_mosq2&gt;, exit status 0
15:04:53 INFO  Executed systemctl&lt;serv_mapper3&gt;, exit status 0
15:04:54 INFO  Executed sudo&lt;rm_logs&gt;, exit status 0
15:04:54 INFO  Executed sudo&lt;move_logs&gt;, exit status 0
15:04:55 INFO  log response None
15:04:55 WARN  retry, retrying in 1 seconds...
15:04:56 INFO  log response https://thin-edge-io.eu-latest.cumulocity.com/event/events/18181848/binaries
15:04:56 INFO  nlines 0
15:04:56 WARN  Assert that (True == value) with value=False ... failed [run.py:44]
15:04:56 INFO  
15:04:56 INFO  cleanup:
15:04:57 INFO  Executed sudo&lt;rm_logs&gt;, exit status 0
15:04:57 INFO  Executed sudo&lt;rm_tmp_logs&gt;, exit status 0
15:04:58 INFO  Executed sudo&lt;send_failed&gt;, exit status 0
15:05:03 INFO  Executed sudo&lt;tedge_disconnect_c8y&gt;, exit status 0
15:05:03 INFO  Executed systemctl&lt;serv_mapper5&gt;, exit status 3
15:05:03 INFO  
15:05:03 INFO  Test duration: 32.29 secs
15:05:03 INFO  Test final outcome:  FAILED
15:05:03 INFO  Test outcome reason: Assert that (True == value) with value=False
15:05:03 INFO  
</system-out>
	</testcase>
</testsuite><testsuite name="mapper_awaits_before_reconnect" tests="1" errors="0" failures="0" skipped="0" time="0"><testcase classname="MapperReconnectAwait" name="mapper_awaits_before_reconnect" />
</testsuite><testsuite name="monitoring_smaller_interval" tests="1" errors="0" failures="0" skipped="1" time="0"><testcase classname="MonitoringSmallInterval" name="monitoring_smaller_interval">
		<skipped message="SKIPPED: Fails due to retained message" />
		<system-out>15:06:54 INFO  ==============================================================
15:06:54 INFO  Id:    monitoring_smaller_interval
15:06:54 INFO  Dir:   monitoring/
15:06:54 INFO  Title: Validate the tedge dm agent messages that are produced with smaller sampling interval than the batching window. Here the simulated collectd messages are used
15:06:54 INFO  ==============================================================
15:06:54 INFO  Fails due to retained message ... skipped
15:06:54 INFO  
15:06:54 INFO  Test duration: 0.02 secs
15:06:54 INFO  Test final outcome:  SKIPPED
15:06:54 INFO  Test outcome reason: Fails due to retained message
15:06:54 INFO  
</system-out>
	</testcase>
</testsuite><testsuite name="monitoring_with_collectd" tests="1" errors="0" failures="0" skipped="1" time="0"><testcase classname="MonitoringWithCollectd" name="monitoring_with_collectd">
		<skipped message="SKIPPED: Test execution disabled due to #792 (instable)" />
		<system-out>15:06:54 INFO  ==============================================================
15:06:54 INFO  Id:    monitoring_with_collectd
15:06:54 INFO  Dir:   monitoring/
15:06:54 INFO  Title: Validate tedge dm agent messages that are produced by batching the collectd messages
15:06:54 INFO  ==============================================================
15:06:54 INFO  Test execution disabled due to #792 (instable) ... skipped
15:06:54 INFO  
15:06:54 INFO  Test duration: 0.02 secs
15:06:54 INFO  Test final outcome:  SKIPPED
15:06:54 INFO  Test outcome reason: Test execution disabled due to #792 (instable)
15:06:54 INFO  
</system-out>
	</testcase>
</testsuite><testsuite name="monitoring_with_simulated_messages" tests="1" errors="0" failures="0" skipped="1" time="0"><testcase classname="MonitoringWithSimulatedMessages" name="monitoring_with_simulated_messages">
		<skipped message="SKIPPED: Fails due to retained message" />
		<system-out>15:06:54 INFO  ==============================================================
15:06:54 INFO  Id:    monitoring_with_simulated_messages
15:06:54 INFO  Dir:   monitoring/
15:06:54 INFO  Title: Validate the tedge dm agent messages that are produced from the simulated collectd messages
15:06:54 INFO  ==============================================================
15:06:54 INFO  Fails due to retained message ... skipped
15:06:54 INFO  
15:06:54 INFO  Test duration: 0.02 secs
15:06:54 INFO  Test final outcome:  SKIPPED
15:06:54 INFO  Test outcome reason: Fails due to retained message
15:06:54 INFO  
</system-out>
	</testcase>
</testsuite><testsuite name="mqtt_port_change_connection_fails" tests="1" errors="0" failures="0" skipped="0" time="0"><testcase classname="MqttPortChangeConnectionFails" name="mqtt_port_change_connection_fails" />
</testsuite><testsuite name="mqtt_port_change_connection_works" tests="1" errors="0" failures="0" skipped="1" time="0"><testcase classname="MqttPortChangeConnectionWorks" name="mqtt_port_change_connection_works">
		<skipped message="SKIPPED: failing intermitently" />
		<system-out>15:05:38 INFO  ==============================================================
15:05:38 INFO  Id:    mqtt_port_change_connection_works
15:05:38 INFO  Dir:   misc_features/
15:05:38 INFO  Title: mqtt port change connection works for all the thin-edge services that use the mosquitto broker
15:05:38 INFO  ==============================================================
15:05:39 INFO  failing intermitently ... skipped
15:05:39 INFO  
15:05:39 INFO  Test duration: 0.04 secs
15:05:39 INFO  Test final outcome:  SKIPPED
15:05:39 INFO  Test outcome reason: failing intermitently
15:05:39 INFO  
</system-out>
	</testcase>
</testsuite><testsuite name="mqtt_port_set" tests="1" errors="0" failures="0" skipped="0" time="0"><testcase classname="MqttPortSet" name="mqtt_port_set" />
</testsuite><testsuite name="mqtt_port_unset" tests="1" errors="0" failures="0" skipped="0" time="0"><testcase classname="MqttPortUnSet" name="mqtt_port_unset" />
</testsuite><testsuite name="publish_flux" tests="1" errors="0" failures="0" skipped="0" time="0"><testcase classname="PublishFlux" name="publish_flux" />
</testsuite><testsuite name="publish_sawmill" tests="1" errors="0" failures="0" skipped="0" time="0"><testcase classname="PublishSawmill" name="publish_sawmill" />
</testsuite><testsuite name="pysys_block" tests="1" errors="0" failures="0" skipped="1" time="0"><testcase classname="Fail" name="pysys_block">
		<skipped message="SKIPPED: Enable this to observe a blocking test" />
		<system-out>15:06:02 INFO  ==============================================================
15:06:02 INFO  Id:    pysys_block
15:06:02 INFO  Dir:   misc_features/
15:06:02 INFO  Title: fail
15:06:02 INFO  ==============================================================
15:06:02 INFO  Enable this to observe a blocking test ... skipped
15:06:02 INFO  
15:06:02 INFO  Test duration: 0.02 secs
15:06:02 INFO  Test final outcome:  SKIPPED
15:06:02 INFO  Test outcome reason: Enable this to observe a blocking test
15:06:02 INFO  
</system-out>
	</testcase>
</testsuite><testsuite name="pysys_fail" tests="1" errors="0" failures="0" skipped="1" time="0"><testcase classname="Fail" name="pysys_fail">
		<skipped message="SKIPPED: Enable this to observe a failing test" />
		<system-out>15:06:02 INFO  ==============================================================
15:06:02 INFO  Id:    pysys_fail
15:06:02 INFO  Dir:   misc_features/
15:06:02 INFO  Title: fail
15:06:02 INFO  ==============================================================
15:06:02 INFO  Enable this to observe a failing test ... skipped
15:06:02 INFO  
15:06:02 INFO  Test duration: 0.02 secs
15:06:02 INFO  Test final outcome:  SKIPPED
15:06:02 INFO  Test outcome reason: Enable this to observe a failing test
15:06:02 INFO  
</system-out>
	</testcase>
</testsuite><testsuite name="runtime_start_two_mappers" tests="1" errors="0" failures="1" skipped="0" time="0"><testcase classname="RuntimeMultiMappers" name="runtime_start_two_mappers">
		<failure message="FAILED: Grep on tedge_mapper2.err contains &quot;Error: Couldn't acquire file lock.&quot;" type="FAILED" />
		<system-out>15:20:23 INFO  ==============================================================
15:20:23 INFO  Id:    runtime_start_two_mappers
15:20:23 INFO  Dir:   tedge_mapper_c8y/
15:20:23 INFO  Title: Validate two mappers can't be started at the same time
15:20:23 INFO  ==============================================================
15:20:24 INFO  Executed sudo&lt;tedge_mapper1&gt;, exit status 0
15:20:24 INFO  Waiting for 0.1 seconds
15:20:24 INFO  Executed sudo&lt;tedge_mapper2&gt;, exit status 1
15:20:25 INFO  Executed sudo&lt;tedge_mapper1&gt;, exit status 0
15:20:25 WARN  Grep on tedge_mapper2.err contains "Error: Couldn't acquire file lock." ... failed [run.py:46]
15:20:25 INFO  
15:20:25 INFO  Test duration: 1.87 secs
15:20:25 INFO  Test final outcome:  FAILED
15:20:25 INFO  Test outcome reason: Grep on tedge_mapper2.err contains "Error: Couldn't acquire file lock."
15:20:25 INFO  
</system-out>
	</testcase>
</testsuite><testsuite name="sm_tedge_mapper_init_session" tests="1" errors="0" failures="0" skipped="0" time="0"><testcase classname="TedgeSMMapperInitSession" name="sm_tedge_mapper_init_session" />
</testsuite><testsuite name="smoketest_json" tests="1" errors="0" failures="0" skipped="0" time="0"><testcase classname="SmokeTestJson" name="smoketest_json" />
</testsuite><testsuite name="smoketest_json_400_samples_10ms" tests="1" errors="0" failures="0" skipped="0" time="0"><testcase classname="SmoketestJson400Samples10ms" name="smoketest_json_400_samples_10ms" />
</testsuite><testsuite name="smoketest_json_400_samples_20ms" tests="1" errors="0" failures="0" skipped="0" time="0"><testcase classname="SmoketestJson400Samples20ms" name="smoketest_json_400_samples_20ms" />
</testsuite><testsuite name="smoketest_smartrest" tests="1" errors="0" failures="0" skipped="0" time="0"><testcase classname="SmoketestSmartRest" name="smoketest_smartrest" />
</testsuite><testsuite name="smoketest_smartrest_200_samples_1Xms" tests="1" errors="0" failures="0" skipped="0" time="0"><testcase classname="SmoketestSmartRest200Samples1Xms" name="smoketest_smartrest_200_samples_1Xms" />
</testsuite><testsuite name="smoketest_smartrest_200_samples_20ms" tests="1" errors="0" failures="0" skipped="0" time="0"><testcase classname="SmoketestSmartRest200Samples20ms" name="smoketest_smartrest_200_samples_20ms" />
</testsuite><testsuite name="tedge_agent_user_sudo_access" tests="1" errors="0" failures="0" skipped="1" time="0"><testcase classname="TedgeAgentUserSudoAccess" name="tedge_agent_user_sudo_access">
		<skipped message="SKIPPED: #955 Observation: Exit code of the apt plugin when called with no arguments" />
		<system-out>15:17:13 INFO  ==============================================================
15:17:13 INFO  Id:    tedge_agent_user_sudo_access
15:17:13 INFO  Dir:   tedge/
15:17:13 INFO  Title: Validate tedge-agent user has a limited sudo right
15:17:13 INFO  ==============================================================
15:17:13 INFO  #955 Observation: Exit code of the apt plugin when called with no arguments ... skipped
15:17:13 INFO  
15:17:13 INFO  Test duration: 0.02 secs
15:17:13 INFO  Test final outcome:  SKIPPED
15:17:13 INFO  Test outcome reason: #955 Observation: Exit code of the apt plugin when called with no arguments
15:17:13 INFO  
</system-out>
	</testcase>
</testsuite><testsuite name="tedge_connect_test_negative" tests="1" errors="0" failures="0" skipped="0" time="0"><testcase classname="TedgeConnectTestNegative" name="tedge_connect_test_negative" />
</testsuite><testsuite name="tedge_connect_test_positive" tests="1" errors="0" failures="0" skipped="0" time="0"><testcase classname="TedgeConnectTestPositive" name="tedge_connect_test_positive" />
</testsuite><testsuite name="tedge_connect_test_sm_services" tests="1" errors="0" failures="0" skipped="0" time="0"><testcase classname="TedgeConnectTestSMServices" name="tedge_connect_test_sm_services" />
</testsuite><testsuite name="tedge_disconnect_test_sm_services" tests="1" errors="0" failures="0" skipped="0" time="0"><testcase classname="TedgeDisConnectTestSMServices" name="tedge_disconnect_test_sm_services" />
</testsuite><testsuite name="tedge_mapper_az_negative" tests="1" errors="0" failures="0" skipped="0" time="0"><testcase classname="TedgeMapperAzError" name="tedge_mapper_az_negative" />
</testsuite><testsuite name="tedge_mapper_az_with_timestamp" tests="1" errors="0" failures="0" skipped="0" time="0"><testcase classname="TedgeMapperAzWithTimestamp" name="tedge_mapper_az_with_timestamp" />
</testsuite><testsuite name="tedge_mapper_az_without_timestamp" tests="1" errors="0" failures="0" skipped="0" time="0"><testcase classname="TedgeMapperAzWithoutTimestamp" name="tedge_mapper_az_without_timestamp" />
</testsuite><testsuite name="tedge_mapper_c8y_alarms" tests="1" errors="0" failures="0" skipped="0" time="0"><testcase classname="TedgeMapperC8yAlarm" name="tedge_mapper_c8y_alarms" />
</testsuite><testsuite name="tedge_mapper_c8y_child_device_measurement" tests="1" errors="0" failures="0" skipped="0" time="0"><testcase classname="TedgeMapperC8yChildDevice" name="tedge_mapper_c8y_child_device_measurement" />
</testsuite><testsuite name="tedge_mapper_c8y_packet_threshold_size" tests="1" errors="0" failures="0" skipped="0" time="0"><testcase classname="TedgeMapperC8yThresholdPacketSize" name="tedge_mapper_c8y_packet_threshold_size" />
</testsuite><testsuite name="tedge_software_update" tests="1" errors="0" failures="0" skipped="0" time="0"><testcase classname="PySysTest" name="tedge_software_update" />
</testsuite><testsuite name="valid_device_id" tests="1" errors="0" failures="0" skipped="0" time="0"><testcase classname="ValidateValidDeviceId" name="valid_device_id" />
</testsuite></testsuites>