<?xml version='1.0' encoding='utf-8'?>
<testsuites tests="149" failures="9" errors="0" skipped="54" time="0.0"><testsuite name="SoftwareManagement.Plugin.apama_plugin_install" tests="3" errors="0" failures="0" skipped="1" time="0"><testcase classname="ApamaPluginInstallTest" name="SoftwareManagement.Plugin.apama_plugin_install">
		<skipped message="SKIPPED: Apama plugin tests are disabled by default. Execute `pysys run` with `-XmyPlatform=container` to run these tests" />
		<system-out>07:22:29 INFO  ==============================================================
07:22:29 INFO  Id:    SoftwareManagement.Plugin.apama_plugin_install
07:22:29 INFO  Dir:   plugin_apama/
07:22:29 INFO  Title: Validate apama plugin install
07:22:29 INFO  ==============================================================
07:22:29 INFO  Apama plugin tests are disabled by default. Execute `pysys run` with `-XmyPlatform=container` to run these tests ... skipped
07:22:29 WARN  Aborted test due to SKIPPED outcome
07:22:29 INFO  
07:22:29 INFO  Test duration: 0.07 secs
07:22:29 INFO  Test final outcome:  SKIPPED
07:22:29 INFO  Test outcome reason: Apama plugin tests are disabled by default. Execute `pysys run` with `-XmyPlatform=container` to run these tests
07:22:29 INFO  
</system-out>
	</testcase>
<testcase classname="ApamaPluginInstallTest" name="SoftwareManagement.Plugin.apama_plugin_install" />
<testcase classname="ApamaPluginInstallTest" name="SoftwareManagement.Plugin.apama_plugin_install" />
</testsuite><testsuite name="SoftwareManagement.Plugin.apama_plugin_mon_support" tests="3" errors="0" failures="0" skipped="1" time="0"><testcase classname="ApamaPluginMonSupportTest" name="SoftwareManagement.Plugin.apama_plugin_mon_support">
		<skipped message="SKIPPED: Apama plugin tests are disabled by default. Execute `pysys run` with `-XmyPlatform=container` to run these tests" />
		<system-out>07:22:29 INFO  ==============================================================
07:22:29 INFO  Id:    SoftwareManagement.Plugin.apama_plugin_mon_support
07:22:29 INFO  Dir:   plugin_apama/
07:22:29 INFO  Title: Validate mon file support of apama plugin
07:22:29 INFO  ==============================================================
07:22:29 INFO  Apama plugin tests are disabled by default. Execute `pysys run` with `-XmyPlatform=container` to run these tests ... skipped
07:22:29 WARN  Aborted test due to SKIPPED outcome
07:22:29 INFO  
07:22:29 INFO  Test duration: 0.06 secs
07:22:29 INFO  Test final outcome:  SKIPPED
07:22:29 INFO  Test outcome reason: Apama plugin tests are disabled by default. Execute `pysys run` with `-XmyPlatform=container` to run these tests
07:22:29 INFO  
</system-out>
	</testcase>
<testcase classname="ApamaPluginMonSupportTest" name="SoftwareManagement.Plugin.apama_plugin_mon_support" />
<testcase classname="ApamaPluginMonSupportTest" name="SoftwareManagement.Plugin.apama_plugin_mon_support" />
</testsuite><testsuite name="SoftwareManagement.Plugin.apama_plugin_remove" tests="3" errors="0" failures="0" skipped="1" time="0"><testcase classname="ApamaPluginRemoveTest" name="SoftwareManagement.Plugin.apama_plugin_remove">
		<skipped message="SKIPPED: Apama plugin tests are disabled by default. Execute `pysys run` with `-XmyPlatform=container` to run these tests" />
		<system-out>07:22:29 INFO  ==============================================================
07:22:29 INFO  Id:    SoftwareManagement.Plugin.apama_plugin_remove
07:22:29 INFO  Dir:   plugin_apama/
07:22:29 INFO  Title: Validate apama plugin remove
07:22:29 INFO  ==============================================================
07:22:29 INFO  Apama plugin tests are disabled by default. Execute `pysys run` with `-XmyPlatform=container` to run these tests ... skipped
07:22:29 WARN  Aborted test due to SKIPPED outcome
07:22:29 INFO  
07:22:29 INFO  Test duration: 0.03 secs
07:22:29 INFO  Test final outcome:  SKIPPED
07:22:29 INFO  Test outcome reason: Apama plugin tests are disabled by default. Execute `pysys run` with `-XmyPlatform=container` to run these tests
07:22:29 INFO  
</system-out>
	</testcase>
<testcase classname="ApamaPluginRemoveTest" name="SoftwareManagement.Plugin.apama_plugin_remove" />
<testcase classname="ApamaPluginRemoveTest" name="SoftwareManagement.Plugin.apama_plugin_remove" />
</testsuite><testsuite name="SoftwareManagement.Plugin.apama_plugin_update" tests="3" errors="0" failures="0" skipped="3" time="0"><testcase classname="ApamaPluginUpdateTest" name="SoftwareManagement.Plugin.apama_plugin_update">
		<skipped message="SKIPPED: Test execution disabled due to #1052" />
		<system-out>07:22:29 INFO  ==============================================================
07:22:29 INFO  Id:    SoftwareManagement.Plugin.apama_plugin_update
07:22:29 INFO  Dir:   plugin_apama/
07:22:29 INFO  Title: Validate apama plugin updating one project with another
07:22:29 INFO  ==============================================================
07:22:29 INFO  Test execution disabled due to #1052 ... skipped
07:22:29 INFO  
07:22:29 INFO  Test duration: 0.02 secs
07:22:29 INFO  Test final outcome:  SKIPPED
07:22:29 INFO  Test outcome reason: Test execution disabled due to #1052
07:22:29 INFO  
</system-out>
	</testcase>
<testcase classname="ApamaPluginUpdateTest" name="SoftwareManagement.Plugin.apama_plugin_update">
		<skipped message="SKIPPED: Test execution disabled due to #1052" />
		<system-out>08:15:23 INFO  ==============================================================
08:15:23 INFO  Id:    SoftwareManagement.Plugin.apama_plugin_update
08:15:23 INFO  Dir:   plugin_apama/
08:15:23 INFO  Title: Validate apama plugin updating one project with another
08:15:23 INFO  ==============================================================
08:15:23 INFO  Test execution disabled due to #1052 ... skipped
08:15:23 INFO  
08:15:23 INFO  Test duration: 0.02 secs
08:15:23 INFO  Test final outcome:  SKIPPED
08:15:23 INFO  Test outcome reason: Test execution disabled due to #1052
08:15:23 INFO  
</system-out>
	</testcase>
<testcase classname="ApamaPluginUpdateTest" name="SoftwareManagement.Plugin.apama_plugin_update">
		<skipped message="SKIPPED: Test execution disabled due to #1052" />
		<system-out>08:23:59 INFO  ==============================================================
08:23:59 INFO  Id:    SoftwareManagement.Plugin.apama_plugin_update
08:23:59 INFO  Dir:   plugin_apama/
08:23:59 INFO  Title: Validate apama plugin updating one project with another
08:23:59 INFO  ==============================================================
08:23:59 INFO  Test execution disabled due to #1052 ... skipped
08:23:59 INFO  
08:23:59 INFO  Test duration: 0.04 secs
08:23:59 INFO  Test final outcome:  SKIPPED
08:23:59 INFO  Test outcome reason: Test execution disabled due to #1052
08:23:59 INFO  
</system-out>
	</testcase>
</testsuite><testsuite name="SoftwareManagement.sm_apt_install_download_path" tests="3" errors="0" failures="2" skipped="1" time="0"><testcase classname="AptInstallWithDownloadPath" name="SoftwareManagement.sm_apt_install_download_path">
		<skipped message="SKIPPED: Testing the apt plugin is not supported on this platform.Use parameter -XmyPlatform='container' to enable it" />
		<system-out>07:32:14 INFO  ==============================================================
07:32:14 INFO  Id:    SoftwareManagement.sm_apt_install_download_path
07:32:14 INFO  Dir:   software_management_end_to_end/
07:32:14 INFO  Title: Install package to directory specified in tedge config set tmp.path
07:32:14 INFO  ==============================================================
07:32:14 INFO  Testing the apt plugin is not supported on this platform.Use parameter -XmyPlatform='container' to enable it ... skipped
07:32:14 WARN  Aborted test due to SKIPPED outcome
07:32:14 INFO  
07:32:14 INFO  Test duration: 0.07 secs
07:32:14 INFO  Test final outcome:  SKIPPED
07:32:14 INFO  Test outcome reason: Testing the apt plugin is not supported on this platform.Use parameter -XmyPlatform='container' to enable it
07:32:14 INFO  
</system-out>
	</testcase>
<testcase classname="AptInstallWithDownloadPath" name="SoftwareManagement.sm_apt_install_download_path">
		<failure message="BLOCKED: AssertionError:" type="BLOCKED" />
		<system-out>07:56:58 INFO  ==============================================================
07:56:58 INFO  Id:    SoftwareManagement.sm_apt_install_download_path
07:56:58 INFO  Dir:   software_management_end_to_end/
07:56:58 INFO  Title: Install package to directory specified in tedge config set tmp.path
07:56:58 INFO  ==============================================================
07:56:59 INFO  Using sw id database: {'asciijump': '5475369', 'robotfindskitten': '5474869', 'squirrel3': '5475279', 'rolldice': '5152439', 'moon-buggy': '5439204', 'apple': '5495053', 'banana': '5494888', 'cherry': '5495382', 'watermelon': '5494510', 'registry': '8018911', 'hello-world': '8021526', 'docker/getting-started': '8021973', 'alpine': '7991792'}
07:56:59 INFO  EnvironmentC8y Setup
07:56:59 INFO  Executed systemctl&lt;serv_mapper1&gt;, exit status 3
07:57:15 INFO  Executed sudo&lt;tedge_connect_c8y&gt;, exit status 0, duration 14 secs
07:57:16 INFO  Executed sudo&lt;tedge_connect_c8y_test&gt;, exit status 0
07:57:18 INFO  Executed systemctl&lt;serv_mosq2&gt;, exit status 0
07:57:18 INFO  Executed systemctl&lt;serv_mapper3&gt;, exit status 0
07:57:20 ERROR No operations found, assuming it passed
07:57:21 INFO  Assert that (False == value) with value=False ... passed
07:57:21 INFO  Executed sudo, exit status 0
07:57:22 INFO  Executed sudo, exit status 0
07:57:22 INFO  Executed sudo, exit status 0
07:57:26 INFO  Executed sudo&lt;tedge_disconnect_c8y&gt;, exit status 0
07:57:26 INFO  Restarting mosquitto too frequently in the last 10 seconds. It was only up for 4 seconds
07:57:26 INFO  Delaying execution by 7 seconds
07:57:47 INFO  Executed sudo&lt;tedge_connect_c8y&gt;, exit status 0, duration 13 secs
07:57:48 INFO  Response status: 201
07:57:48 INFO  Response to action: {
    "creationTime": "2022-05-16T07:57:48.099Z",
    "deviceId": "19054949",
    "deviceName": "mythica",
    "self": "https://t493319102.eu-latest.cumulocity.com/devicecontrol/operations/19118913",
    "id": "19118913",
    "status": "PENDING",
    "description": "Apply software changes, triggered from PySys: [{'name': 'rolldice', 'id': '5152439', 'version': '::apt', 'url': 'https://thin-edge-io.eu-latest.cumulocity.com/inventory/binaries/12435463', 'action': 'install'}]",
    "c8y_SoftwareUpdate": [
        {
            "name": "rolldice",
            "action": "install",
            "id": "5152439",
            "version": "::apt",
            "url": "https://thin-edge-io.eu-latest.cumulocity.com/inventory/binaries/12435463"
        }
    ]
}
07:57:48 INFO  Started operation: {'creationTime': '2022-05-16T07:57:48.099Z', 'deviceId': '19054949', 'deviceName': 'mythica', 'self': 'https://t493319102.eu-latest.cumulocity.com/devicecontrol/operations/19118913', 'id': '19118913', 'status': 'PENDING', 'description': "Apply software changes, triggered from PySys: [{'name': 'rolldice', 'id': '5152439', 'version': '::apt', 'url': 'https://thin-edge-io.eu-latest.cumulocity.com/inventory/binaries/12435463', 'action': 'install'}]", 'c8y_SoftwareUpdate': [{'name': 'rolldice', 'action': 'install', 'id': '5152439', 'version': '::apt', 'url': 'https://thin-edge-io.eu-latest.cumulocity.com/inventory/binaries/12435463'}]}
07:57:48 WARN  , retrying in 0.5 seconds...
07:57:48 WARN  , retrying in 0.5 seconds...
07:57:49 WARN  , retrying in 0.5 seconds...
07:57:49 WARN  , retrying in 0.5 seconds...
07:57:50 WARN  , retrying in 0.5 seconds...
07:57:50 WARN  , retrying in 0.5 seconds...
07:57:51 WARN  , retrying in 0.5 seconds...
07:57:51 WARN  , retrying in 0.5 seconds...
07:57:52 WARN  , retrying in 0.5 seconds...
07:57:52 WARN  AssertionError occurred while running test - 
Traceback (most recent call last):
  File "/home/pi/env-pysys/lib/python3.7/site-packages/pysys/baserunner.py", line 1294, in __call__
    self.testObj.execute()
  File "/home/pi/actions-runner/_work/thin-edge.io/thin-edge.io/tests/PySys/software_management_end_to_end/sm_apt_install_download_path/run.py", line 83, in execute
    assert_install_in_download_path(install_directory=self.DOWNLOAD_DIR)
  File "/home/pi/env-pysys/lib/python3.7/site-packages/decorator.py", line 232, in fun
    return caller(func, *(extras + args), **kw)
  File "/home/pi/env-pysys/lib/python3.7/site-packages/retry/api.py", line 74, in retry_decorator
    logger)
  File "/home/pi/env-pysys/lib/python3.7/site-packages/retry/api.py", line 33, in __retry_internal
    return f()
  File "/home/pi/actions-runner/_work/thin-edge.io/thin-edge.io/tests/PySys/software_management_end_to_end/sm_apt_install_download_path/run.py", line 28, in assert_install_in_download_path
    assert "rolldice" in os.listdir(f"{install_directory}")
AssertionError
07:57:53 WARN  AssertionError: ... blocked 
07:57:53 INFO  
07:57:53 INFO  cleanup:
07:57:53 INFO  Executed sudo, exit status 0
07:57:54 INFO  Executed sudo, exit status 0
07:57:58 INFO  Executed sudo&lt;tedge_disconnect_c8y&gt;, exit status 0
07:57:58 INFO  Restarting mosquitto too frequently in the last 10 seconds. It was only up for 3 seconds
07:57:58 INFO  Delaying execution by 8 seconds
07:58:21 INFO  Executed sudo&lt;tedge_connect_c8y&gt;, exit status 0, duration 14 secs
07:58:25 INFO  Executed sudo&lt;tedge_disconnect_c8y&gt;, exit status 0
07:58:25 INFO  Executed systemctl&lt;serv_mapper5&gt;, exit status 3
07:58:25 INFO  
07:58:25 INFO  Test duration: 86.97 secs
07:58:25 INFO  Test final outcome:  BLOCKED
07:58:25 INFO  Test outcome reason: AssertionError:
07:58:25 INFO  
</system-out>
	</testcase>
<testcase classname="AptInstallWithDownloadPath" name="SoftwareManagement.sm_apt_install_download_path">
		<failure message="BLOCKED: AssertionError:" type="BLOCKED" />
		<system-out>08:24:00 INFO  ==============================================================
08:24:00 INFO  Id:    SoftwareManagement.sm_apt_install_download_path
08:24:00 INFO  Dir:   software_management_end_to_end/
08:24:00 INFO  Title: Install package to directory specified in tedge config set tmp.path
08:24:00 INFO  ==============================================================
08:24:01 INFO  Using sw id database: {'asciijump': '5475369', 'robotfindskitten': '5474869', 'squirrel3': '5475279', 'rolldice': '5152439', 'moon-buggy': '5439204', 'apple': '5495053', 'banana': '5494888', 'cherry': '5495382', 'watermelon': '5494510', 'registry': '8018911', 'hello-world': '8021526', 'docker/getting-started': '8021973', 'alpine': '7991792'}
08:24:01 INFO  EnvironmentC8y Setup
08:24:01 INFO  Executed systemctl&lt;serv_mapper1&gt;, exit status 3
08:24:16 INFO  Executed sudo&lt;tedge_connect_c8y&gt;, exit status 0, duration 14 secs
08:24:17 INFO  Executed sudo&lt;tedge_connect_c8y_test&gt;, exit status 0
08:24:17 INFO  Executed systemctl&lt;serv_mosq2&gt;, exit status 0
08:24:18 INFO  Executed systemctl&lt;serv_mapper3&gt;, exit status 0
08:24:20 INFO  State of current operation: SUCCESSFUL
08:24:20 INFO  Assert that (False == value) with value=False ... passed
08:24:21 INFO  Executed sudo, exit status 0
08:24:21 INFO  Executed sudo, exit status 0
08:24:22 INFO  Executed sudo, exit status 0
08:24:26 INFO  Executed sudo&lt;tedge_disconnect_c8y&gt;, exit status 0
08:24:26 INFO  Restarting mosquitto too frequently in the last 10 seconds. It was only up for 3 seconds
08:24:26 INFO  Delaying execution by 8 seconds
08:24:48 INFO  Executed sudo&lt;tedge_connect_c8y&gt;, exit status 0, duration 13 secs
08:24:48 INFO  Response status: 201
08:24:48 INFO  Response to action: {
    "creationTime": "2022-05-16T08:24:48.466Z",
    "deviceId": "19054949",
    "deviceName": "mythica",
    "self": "https://t493319102.eu-latest.cumulocity.com/devicecontrol/operations/19133113",
    "id": "19133113",
    "status": "PENDING",
    "description": "Apply software changes, triggered from PySys: [{'name': 'rolldice', 'id': '5152439', 'version': '::apt', 'url': 'https://thin-edge-io.eu-latest.cumulocity.com/inventory/binaries/12435463', 'action': 'install'}]",
    "c8y_SoftwareUpdate": [
        {
            "name": "rolldice",
            "action": "install",
            "id": "5152439",
            "version": "::apt",
            "url": "https://thin-edge-io.eu-latest.cumulocity.com/inventory/binaries/12435463"
        }
    ]
}
08:24:48 INFO  Started operation: {'creationTime': '2022-05-16T08:24:48.466Z', 'deviceId': '19054949', 'deviceName': 'mythica', 'self': 'https://t493319102.eu-latest.cumulocity.com/devicecontrol/operations/19133113', 'id': '19133113', 'status': 'PENDING', 'description': "Apply software changes, triggered from PySys: [{'name': 'rolldice', 'id': '5152439', 'version': '::apt', 'url': 'https://thin-edge-io.eu-latest.cumulocity.com/inventory/binaries/12435463', 'action': 'install'}]", 'c8y_SoftwareUpdate': [{'name': 'rolldice', 'action': 'install', 'id': '5152439', 'version': '::apt', 'url': 'https://thin-edge-io.eu-latest.cumulocity.com/inventory/binaries/12435463'}]}
08:24:48 WARN  , retrying in 0.5 seconds...
08:24:49 WARN  , retrying in 0.5 seconds...
08:24:49 WARN  , retrying in 0.5 seconds...
08:24:50 WARN  , retrying in 0.5 seconds...
08:24:50 WARN  , retrying in 0.5 seconds...
08:24:51 WARN  , retrying in 0.5 seconds...
08:24:51 WARN  , retrying in 0.5 seconds...
08:24:52 WARN  , retrying in 0.5 seconds...
08:24:52 WARN  , retrying in 0.5 seconds...
08:24:53 WARN  AssertionError occurred while running test - 
Traceback (most recent call last):
  File "/home/pi/env-pysys/lib/python3.7/site-packages/pysys/baserunner.py", line 1294, in __call__
    self.testObj.execute()
  File "/home/pi/actions-runner/_work/thin-edge.io/thin-edge.io/tests/PySys/software_management_end_to_end/sm_apt_install_download_path/run.py", line 83, in execute
    assert_install_in_download_path(install_directory=self.DOWNLOAD_DIR)
  File "/home/pi/env-pysys/lib/python3.7/site-packages/decorator.py", line 232, in fun
    return caller(func, *(extras + args), **kw)
  File "/home/pi/env-pysys/lib/python3.7/site-packages/retry/api.py", line 74, in retry_decorator
    logger)
  File "/home/pi/env-pysys/lib/python3.7/site-packages/retry/api.py", line 33, in __retry_internal
    return f()
  File "/home/pi/actions-runner/_work/thin-edge.io/thin-edge.io/tests/PySys/software_management_end_to_end/sm_apt_install_download_path/run.py", line 28, in assert_install_in_download_path
    assert "rolldice" in os.listdir(f"{install_directory}")
AssertionError
08:24:53 WARN  AssertionError: ... blocked 
08:24:53 INFO  
08:24:53 INFO  cleanup:
08:24:54 INFO  Executed sudo, exit status 0
08:24:54 INFO  Executed sudo, exit status 0
08:24:59 INFO  Executed sudo&lt;tedge_disconnect_c8y&gt;, exit status 0
08:24:59 INFO  Restarting mosquitto too frequently in the last 10 seconds. It was only up for 4 seconds
08:24:59 INFO  Delaying execution by 7 seconds
08:25:21 INFO  Executed sudo&lt;tedge_connect_c8y&gt;, exit status 0, duration 14 secs
08:25:25 INFO  Executed sudo&lt;tedge_disconnect_c8y&gt;, exit status 0
08:25:25 INFO  Executed systemctl&lt;serv_mapper5&gt;, exit status 3
08:25:25 INFO  
08:25:25 INFO  Test duration: 85.71 secs
08:25:25 INFO  Test final outcome:  BLOCKED
08:25:25 INFO  Test outcome reason: AssertionError:
08:25:25 INFO  
</system-out>
	</testcase>
</testsuite><testsuite name="SoftwareManagement.sm_apt_install_fail" tests="3" errors="0" failures="0" skipped="1" time="0"><testcase classname="PySysTest" name="SoftwareManagement.sm_apt_install_fail">
		<skipped message="SKIPPED: Testing the apt plugin is not supported on this platform.Use parameter -XmyPlatform='container' to enable it" />
		<system-out>07:32:14 INFO  ==============================================================
07:32:14 INFO  Id:    SoftwareManagement.sm_apt_install_fail
07:32:14 INFO  Dir:   software_management_end_to_end/
07:32:14 INFO  Title: Validate end to end behaviour for a failing installation
07:32:14 INFO  ==============================================================
07:32:14 INFO  Testing the apt plugin is not supported on this platform.Use parameter -XmyPlatform='container' to enable it ... skipped
07:32:14 WARN  Aborted test due to SKIPPED outcome
07:32:14 INFO  
07:32:14 INFO  Test duration: 0.02 secs
07:32:14 INFO  Test final outcome:  SKIPPED
07:32:14 INFO  Test outcome reason: Testing the apt plugin is not supported on this platform.Use parameter -XmyPlatform='container' to enable it
07:32:14 INFO  
</system-out>
	</testcase>
<testcase classname="PySysTest" name="SoftwareManagement.sm_apt_install_fail" />
<testcase classname="PySysTest" name="SoftwareManagement.sm_apt_install_fail" />
</testsuite><testsuite name="SoftwareManagement.sm_apt_install_remove" tests="3" errors="0" failures="0" skipped="1" time="0"><testcase classname="PySysTest" name="SoftwareManagement.sm_apt_install_remove">
		<skipped message="SKIPPED: Testing the apt plugin is not supported on this platform.Use parameter -XmyPlatform='container' to enable it" />
		<system-out>07:32:14 INFO  ==============================================================
07:32:14 INFO  Id:    SoftwareManagement.sm_apt_install_remove
07:32:14 INFO  Dir:   software_management_end_to_end/
07:32:14 INFO  Title: Validate end to end behaviour for the apt plugin for installation and removal of packages
07:32:14 INFO  ==============================================================
07:32:14 INFO  Testing the apt plugin is not supported on this platform.Use parameter -XmyPlatform='container' to enable it ... skipped
07:32:14 WARN  Aborted test due to SKIPPED outcome
07:32:14 INFO  
07:32:14 INFO  Test duration: 0.02 secs
07:32:14 INFO  Test final outcome:  SKIPPED
07:32:14 INFO  Test outcome reason: Testing the apt plugin is not supported on this platform.Use parameter -XmyPlatform='container' to enable it
07:32:14 INFO  
</system-out>
	</testcase>
<testcase classname="PySysTest" name="SoftwareManagement.sm_apt_install_remove" />
<testcase classname="PySysTest" name="SoftwareManagement.sm_apt_install_remove" />
</testsuite><testsuite name="SoftwareManagement.sm_apt_install_remove_default" tests="3" errors="0" failures="0" skipped="1" time="0"><testcase classname="PySysTest" name="SoftwareManagement.sm_apt_install_remove_default">
		<skipped message="SKIPPED: Testing the apt plugin is not supported on this platform.Use parameter -XmyPlatform='container' to enable it" />
		<system-out>07:32:14 INFO  ==============================================================
07:32:14 INFO  Id:    SoftwareManagement.sm_apt_install_remove_default
07:32:14 INFO  Dir:   software_management_end_to_end/
07:32:14 INFO  Title: Validate end to end behaviour for the default plugin for installation and removal of packages
07:32:14 INFO  ==============================================================
07:32:14 INFO  Testing the apt plugin is not supported on this platform.Use parameter -XmyPlatform='container' to enable it ... skipped
07:32:14 WARN  Aborted test due to SKIPPED outcome
07:32:14 INFO  
07:32:14 INFO  Test duration: 0.02 secs
07:32:14 INFO  Test final outcome:  SKIPPED
07:32:14 INFO  Test outcome reason: Testing the apt plugin is not supported on this platform.Use parameter -XmyPlatform='container' to enable it
07:32:14 INFO  
</system-out>
	</testcase>
<testcase classname="PySysTest" name="SoftwareManagement.sm_apt_install_remove_default" />
<testcase classname="PySysTest" name="SoftwareManagement.sm_apt_install_remove_default" />
</testsuite><testsuite name="SoftwareManagement.sm_apt_install_remove_multiple" tests="3" errors="0" failures="2" skipped="1" time="0"><testcase classname="PySysTest" name="SoftwareManagement.sm_apt_install_remove_multiple">
		<skipped message="SKIPPED: Testing the apt plugin is not supported on this platform.Use parameter -XmyPlatform='container' to enable it" />
		<system-out>07:32:14 INFO  ==============================================================
07:32:14 INFO  Id:    SoftwareManagement.sm_apt_install_remove_multiple
07:32:14 INFO  Dir:   software_management_end_to_end/
07:32:14 INFO  Title: Validate end to end behaviour for the apt plugin for multiple packages
07:32:14 INFO  ==============================================================
07:32:14 INFO  Testing the apt plugin is not supported on this platform.Use parameter -XmyPlatform='container' to enable it ... skipped
07:32:14 WARN  Aborted test due to SKIPPED outcome
07:32:14 INFO  
07:32:14 INFO  Test duration: 0.02 secs
07:32:14 INFO  Test final outcome:  SKIPPED
07:32:14 INFO  Test outcome reason: Testing the apt plugin is not supported on this platform.Use parameter -XmyPlatform='container' to enable it
07:32:14 INFO  
</system-out>
	</testcase>
<testcase classname="PySysTest" name="SoftwareManagement.sm_apt_install_remove_multiple">
		<failure message="FAILED: Assert that (False == value) with value=True" type="FAILED" />
		<system-out>08:05:23 INFO  ==============================================================
08:05:23 INFO  Id:    SoftwareManagement.sm_apt_install_remove_multiple
08:05:23 INFO  Dir:   software_management_end_to_end/
08:05:23 INFO  Title: Validate end to end behaviour for the apt plugin for multiple packages
08:05:23 INFO  ==============================================================
08:05:23 INFO  Using sw id database: {'asciijump': '5475369', 'robotfindskitten': '5474869', 'squirrel3': '5475279', 'rolldice': '5152439', 'moon-buggy': '5439204', 'apple': '5495053', 'banana': '5494888', 'cherry': '5495382', 'watermelon': '5494510', 'registry': '8018911', 'hello-world': '8021526', 'docker/getting-started': '8021973', 'alpine': '7991792'}
08:05:23 INFO  EnvironmentC8y Setup
08:05:24 INFO  Executed systemctl&lt;serv_mapper1&gt;, exit status 3
08:05:24 INFO  Restarting mosquitto too frequently in the last 10 seconds. It was only up for 5 seconds
08:05:24 INFO  Delaying execution by 6 seconds
08:05:44 INFO  Executed sudo&lt;tedge_connect_c8y&gt;, exit status 0, duration 14 secs
08:05:45 INFO  Executed sudo&lt;tedge_connect_c8y_test&gt;, exit status 0
08:05:45 INFO  Executed systemctl&lt;serv_mosq2&gt;, exit status 0
08:05:46 INFO  Executed systemctl&lt;serv_mapper3&gt;, exit status 0
08:05:48 INFO  State of current operation: SUCCESSFUL
08:05:48 INFO  Assert that (False == value) with value=False ... passed
08:05:48 INFO  Assert that (False == value) with value=False ... passed
08:05:49 INFO  Assert that (False == value) with value=False ... passed
08:05:49 INFO  Package robotfindskitten is installed
08:05:49 WARN  Assert that (False == value) with value=True ... failed 
08:05:49 INFO  Response status: 201
08:05:49 INFO  Response to action: {
    "creationTime": "2022-05-16T08:05:49.796Z",
    "deviceId": "19054949",
    "deviceName": "mythica",
    "self": "https://t493319102.eu-latest.cumulocity.com/devicecontrol/operations/19119006",
    "id": "19119006",
    "status": "PENDING",
    "description": "Apply software changes, triggered from PySys: [{'action': 'install', 'id': '5475369', 'name': 'asciijump', 'url': ' ', 'version': '::apt'}, {'action': 'install', 'id': '5474869', 'name': 'robotfindskitten', 'url': ' ', 'version': '::apt'}, {'action': 'install', 'id': '5475279', 'name': 'squirrel3', 'url': ' ', 'version': '::apt'}]",
    "c8y_SoftwareUpdate": [
        {
            "name": "asciijump",
            "action": "install",
            "id": "5475369",
            "version": "::apt",
            "url": " "
        },
        {
            "name": "robotfindskitten",
            "action": "install",
            "id": "5474869",
            "version": "::apt",
            "url": " "
        },
        {
            "name": "squirrel3",
            "action": "install",
            "id": "5475279",
            "version": "::apt",
            "url": " "
        }
    ]
}
08:05:49 INFO  Started operation: {'creationTime': '2022-05-16T08:05:49.796Z', 'deviceId': '19054949', 'deviceName': 'mythica', 'self': 'https://t493319102.eu-latest.cumulocity.com/devicecontrol/operations/19119006', 'id': '19119006', 'status': 'PENDING', 'description': "Apply software changes, triggered from PySys: [{'action': 'install', 'id': '5475369', 'name': 'asciijump', 'url': ' ', 'version': '::apt'}, {'action': 'install', 'id': '5474869', 'name': 'robotfindskitten', 'url': ' ', 'version': '::apt'}, {'action': 'install', 'id': '5475279', 'name': 'squirrel3', 'url': ' ', 'version': '::apt'}]", 'c8y_SoftwareUpdate': [{'name': 'asciijump', 'action': 'install', 'id': '5475369', 'version': '::apt', 'url': ' '}, {'name': 'robotfindskitten', 'action': 'install', 'id': '5474869', 'version': '::apt', 'url': ' '}, {'name': 'squirrel3', 'action': 'install', 'id': '5475279', 'version': '::apt', 'url': ' '}]}
08:05:52 INFO  State of operation 19119006 : PENDING
08:05:54 INFO  State of operation 19119006 : EXECUTING
08:05:56 INFO  State of operation 19119006 : EXECUTING
08:05:58 INFO  State of operation 19119006 : EXECUTING
08:06:00 INFO  State of operation 19119006 : EXECUTING
08:06:03 INFO  State of operation 19119006 : EXECUTING
08:06:05 INFO  State of operation 19119006 : EXECUTING
08:06:08 INFO  State of operation 19119006 : EXECUTING
08:06:11 INFO  State of operation 19119006 : EXECUTING
08:06:13 INFO  State of operation 19119006 : EXECUTING
08:06:16 INFO  State of operation 19119006 : EXECUTING
08:06:18 INFO  State of operation 19119006 : EXECUTING
08:06:20 INFO  State of operation 19119006 : EXECUTING
08:06:22 INFO  State of operation 19119006 : EXECUTING
08:06:24 INFO  State of operation 19119006 : EXECUTING
08:06:27 INFO  State of operation 19119006 : EXECUTING
08:06:29 INFO  State of operation 19119006 : EXECUTING
08:06:32 INFO  State of operation 19119006 : EXECUTING
08:06:34 INFO  State of operation 19119006 : EXECUTING
08:06:37 INFO  State of operation 19119006 : EXECUTING
08:06:39 INFO  State of operation 19119006 : EXECUTING
08:06:42 INFO  State of operation 19119006 : EXECUTING
08:06:44 INFO  State of operation 19119006 : EXECUTING
08:06:46 INFO  State of operation 19119006 : EXECUTING
08:06:48 INFO  State of operation 19119006 : EXECUTING
08:06:51 INFO  State of operation 19119006 : EXECUTING
08:06:53 INFO  State of operation 19119006 : EXECUTING
08:06:55 INFO  State of operation 19119006 : EXECUTING
08:06:58 INFO  State of operation 19119006 : EXECUTING
08:07:00 INFO  State of operation 19119006 : EXECUTING
08:07:02 INFO  State of operation 19119006 : EXECUTING
08:07:04 INFO  State of operation 19119006 : EXECUTING
08:07:07 INFO  State of operation 19119006 : EXECUTING
08:07:09 INFO  State of operation 19119006 : EXECUTING
08:07:11 INFO  State of operation 19119006 : SUCCESSFUL
08:07:11 INFO  Assert that (False == value) with value=False ... passed
08:07:12 INFO  Package asciijump is installed
08:07:12 INFO  Assert that (True == value) with value=True ... passed
08:07:12 INFO  Package squirrel3 is installed
08:07:12 INFO  Assert that (True == value) with value=True ... passed
08:07:12 INFO  Package robotfindskitten is installed
08:07:12 INFO  Assert that (True == value) with value=True ... passed
08:07:12 INFO  Response status: 201
08:07:12 INFO  Response to action: {
    "creationTime": "2022-05-16T08:07:12.799Z",
    "deviceId": "19054949",
    "deviceName": "mythica",
    "self": "https://t493319102.eu-latest.cumulocity.com/devicecontrol/operations/19119017",
    "id": "19119017",
    "status": "PENDING",
    "description": "Apply software changes, triggered from PySys: [{'action': 'delete', 'id': '5475369', 'name': 'asciijump', 'url': ' ', 'version': '::apt'}, {'action': 'delete', 'id': '5474869', 'name': 'robotfindskitten', 'url': ' ', 'version': '::apt'}, {'action': 'delete', 'id': '5475279', 'name': 'squirrel3', 'url': ' ', 'version': '::apt'}]",
    "c8y_SoftwareUpdate": [
        {
            "name": "asciijump",
            "action": "delete",
            "id": "5475369",
            "version": "::apt",
            "url": " "
        },
        {
            "name": "robotfindskitten",
            "action": "delete",
            "id": "5474869",
            "version": "::apt",
            "url": " "
        },
        {
            "name": "squirrel3",
            "action": "delete",
            "id": "5475279",
            "version": "::apt",
            "url": " "
        }
    ]
}
08:07:12 INFO  Started operation: {'creationTime': '2022-05-16T08:07:12.799Z', 'deviceId': '19054949', 'deviceName': 'mythica', 'self': 'https://t493319102.eu-latest.cumulocity.com/devicecontrol/operations/19119017', 'id': '19119017', 'status': 'PENDING', 'description': "Apply software changes, triggered from PySys: [{'action': 'delete', 'id': '5475369', 'name': 'asciijump', 'url': ' ', 'version': '::apt'}, {'action': 'delete', 'id': '5474869', 'name': 'robotfindskitten', 'url': ' ', 'version': '::apt'}, {'action': 'delete', 'id': '5475279', 'name': 'squirrel3', 'url': ' ', 'version': '::apt'}]", 'c8y_SoftwareUpdate': [{'name': 'asciijump', 'action': 'delete', 'id': '5475369', 'version': '::apt', 'url': ' '}, {'name': 'robotfindskitten', 'action': 'delete', 'id': '5474869', 'version': '::apt', 'url': ' '}, {'name': 'squirrel3', 'action': 'delete', 'id': '5475279', 'version': '::apt', 'url': ' '}]}
08:07:15 INFO  State of operation 19119017 : PENDING
08:07:17 INFO  State of operation 19119017 : EXECUTING
08:07:19 INFO  State of operation 19119017 : EXECUTING
08:07:21 INFO  State of operation 19119017 : EXECUTING
08:07:23 INFO  State of operation 19119017 : EXECUTING
08:07:26 INFO  State of operation 19119017 : EXECUTING
08:07:29 INFO  State of operation 19119017 : EXECUTING
08:07:32 INFO  State of operation 19119017 : EXECUTING
08:07:34 INFO  State of operation 19119017 : EXECUTING
08:07:36 INFO  State of operation 19119017 : EXECUTING
08:07:39 INFO  State of operation 19119017 : EXECUTING
08:07:41 INFO  State of operation 19119017 : EXECUTING
08:07:43 INFO  State of operation 19119017 : EXECUTING
08:07:45 INFO  State of operation 19119017 : EXECUTING
08:07:48 INFO  State of operation 19119017 : EXECUTING
08:07:50 INFO  State of operation 19119017 : EXECUTING
08:07:52 INFO  State of operation 19119017 : EXECUTING
08:07:55 INFO  State of operation 19119017 : EXECUTING
08:07:57 INFO  State of operation 19119017 : EXECUTING
08:08:00 INFO  State of operation 19119017 : EXECUTING
08:08:02 INFO  State of operation 19119017 : EXECUTING
08:08:04 INFO  State of operation 19119017 : EXECUTING
08:08:06 INFO  State of operation 19119017 : EXECUTING
08:08:09 INFO  State of operation 19119017 : EXECUTING
08:08:11 INFO  State of operation 19119017 : EXECUTING
08:08:14 INFO  State of operation 19119017 : EXECUTING
08:08:16 INFO  State of operation 19119017 : EXECUTING
08:08:18 INFO  State of operation 19119017 : EXECUTING
08:08:21 INFO  State of operation 19119017 : SUCCESSFUL
08:08:21 INFO  Assert that (False == value) with value=False ... passed
08:08:21 INFO  Assert that (False == value) with value=False ... passed
08:08:21 INFO  Assert that (False == value) with value=False ... passed
08:08:21 INFO  Assert that (False == value) with value=False ... passed
08:08:21 INFO  
08:08:21 INFO  cleanup:
08:08:26 INFO  Executed sudo&lt;tedge_disconnect_c8y&gt;, exit status 0
08:08:26 INFO  Executed systemctl&lt;serv_mapper5&gt;, exit status 3
08:08:26 INFO  
08:08:26 INFO  Test duration: 182.94 secs
08:08:26 INFO  Test final outcome:  FAILED
08:08:26 INFO  Test outcome reason: Assert that (False == value) with value=True
08:08:26 INFO  
</system-out>
	</testcase>
<testcase classname="PySysTest" name="SoftwareManagement.sm_apt_install_remove_multiple">
		<failure message="FAILED: Assert that (False == value) with value=True (+2 other failures)" type="FAILED" />
		<system-out>08:32:04 INFO  ==============================================================
08:32:04 INFO  Id:    SoftwareManagement.sm_apt_install_remove_multiple
08:32:04 INFO  Dir:   software_management_end_to_end/
08:32:04 INFO  Title: Validate end to end behaviour for the apt plugin for multiple packages
08:32:04 INFO  ==============================================================
08:32:04 INFO  Using sw id database: {'asciijump': '5475369', 'robotfindskitten': '5474869', 'squirrel3': '5475279', 'rolldice': '5152439', 'moon-buggy': '5439204', 'apple': '5495053', 'banana': '5494888', 'cherry': '5495382', 'watermelon': '5494510', 'registry': '8018911', 'hello-world': '8021526', 'docker/getting-started': '8021973', 'alpine': '7991792'}
08:32:04 INFO  EnvironmentC8y Setup
08:32:05 INFO  Executed systemctl&lt;serv_mapper1&gt;, exit status 3
08:32:05 INFO  Restarting mosquitto too frequently in the last 10 seconds. It was only up for 5 seconds
08:32:05 INFO  Delaying execution by 6 seconds
08:32:25 INFO  Executed sudo&lt;tedge_connect_c8y&gt;, exit status 0, duration 14 secs
08:32:26 INFO  Executed sudo&lt;tedge_connect_c8y_test&gt;, exit status 0
08:32:26 INFO  Executed systemctl&lt;serv_mosq2&gt;, exit status 0
08:32:27 INFO  Executed systemctl&lt;serv_mapper3&gt;, exit status 0
08:32:29 INFO  State of current operation: SUCCESSFUL
08:32:29 INFO  Assert that (False == value) with value=False ... passed
08:32:30 INFO  Package asciijump is installed
08:32:30 WARN  Assert that (False == value) with value=True ... failed 
08:32:30 INFO  Package squirrel3 is installed
08:32:30 WARN  Assert that (False == value) with value=True ... failed 
08:32:30 INFO  Package robotfindskitten is installed
08:32:30 WARN  Assert that (False == value) with value=True ... failed 
08:32:30 INFO  Response status: 201
08:32:30 INFO  Response to action: {
    "delivery": {
        "time": "2022-05-16T08:32:30.785Z",
        "log": [],
        "status": "PENDING"
    },
    "creationTime": "2022-05-16T08:32:30.771Z",
    "deviceId": "19054949",
    "deviceName": "mythica",
    "self": "https://t493319102.eu-latest.cumulocity.com/devicecontrol/operations/19133211",
    "id": "19133211",
    "status": "PENDING",
    "description": "Apply software changes, triggered from PySys: [{'action': 'install', 'id': '5475369', 'name': 'asciijump', 'url': ' ', 'version': '::apt'}, {'action': 'install', 'id': '5474869', 'name': 'robotfindskitten', 'url': ' ', 'version': '::apt'}, {'action': 'install', 'id': '5475279', 'name': 'squirrel3', 'url': ' ', 'version': '::apt'}]",
    "c8y_SoftwareUpdate": [
        {
            "name": "asciijump",
            "action": "install",
            "id": "5475369",
            "version": "::apt",
            "url": " "
        },
        {
            "name": "robotfindskitten",
            "action": "install",
            "id": "5474869",
            "version": "::apt",
            "url": " "
        },
        {
            "name": "squirrel3",
            "action": "install",
            "id": "5475279",
            "version": "::apt",
            "url": " "
        }
    ]
}
08:32:30 INFO  Started operation: {'delivery': {'time': '2022-05-16T08:32:30.785Z', 'log': [], 'status': 'PENDING'}, 'creationTime': '2022-05-16T08:32:30.771Z', 'deviceId': '19054949', 'deviceName': 'mythica', 'self': 'https://t493319102.eu-latest.cumulocity.com/devicecontrol/operations/19133211', 'id': '19133211', 'status': 'PENDING', 'description': "Apply software changes, triggered from PySys: [{'action': 'install', 'id': '5475369', 'name': 'asciijump', 'url': ' ', 'version': '::apt'}, {'action': 'install', 'id': '5474869', 'name': 'robotfindskitten', 'url': ' ', 'version': '::apt'}, {'action': 'install', 'id': '5475279', 'name': 'squirrel3', 'url': ' ', 'version': '::apt'}]", 'c8y_SoftwareUpdate': [{'name': 'asciijump', 'action': 'install', 'id': '5475369', 'version': '::apt', 'url': ' '}, {'name': 'robotfindskitten', 'action': 'install', 'id': '5474869', 'version': '::apt', 'url': ' '}, {'name': 'squirrel3', 'action': 'install', 'id': '5475279', 'version': '::apt', 'url': ' '}]}
08:32:33 INFO  State of operation 19133211 : PENDING
08:32:35 INFO  State of operation 19133211 : EXECUTING
08:32:37 INFO  State of operation 19133211 : EXECUTING
08:32:39 INFO  State of operation 19133211 : EXECUTING
08:32:41 INFO  State of operation 19133211 : EXECUTING
08:32:44 INFO  State of operation 19133211 : EXECUTING
08:32:46 INFO  State of operation 19133211 : EXECUTING
08:32:49 INFO  State of operation 19133211 : EXECUTING
08:32:52 INFO  State of operation 19133211 : EXECUTING
08:32:54 INFO  State of operation 19133211 : EXECUTING
08:32:56 INFO  State of operation 19133211 : EXECUTING
08:32:59 INFO  State of operation 19133211 : EXECUTING
08:33:01 INFO  State of operation 19133211 : EXECUTING
08:33:03 INFO  State of operation 19133211 : EXECUTING
08:33:05 INFO  State of operation 19133211 : EXECUTING
08:33:07 INFO  State of operation 19133211 : SUCCESSFUL
08:33:08 INFO  Assert that (False == value) with value=False ... passed
08:33:08 INFO  Package asciijump is installed
08:33:08 INFO  Assert that (True == value) with value=True ... passed
08:33:08 INFO  Package squirrel3 is installed
08:33:08 INFO  Assert that (True == value) with value=True ... passed
08:33:08 INFO  Package robotfindskitten is installed
08:33:08 INFO  Assert that (True == value) with value=True ... passed
08:33:09 INFO  Response status: 201
08:33:09 INFO  Response to action: {
    "delivery": {
        "time": "2022-05-16T08:33:09.160Z",
        "log": [],
        "status": "PENDING"
    },
    "creationTime": "2022-05-16T08:33:09.143Z",
    "deviceId": "19054949",
    "deviceName": "mythica",
    "self": "https://t493319102.eu-latest.cumulocity.com/devicecontrol/operations/19133220",
    "id": "19133220",
    "status": "PENDING",
    "description": "Apply software changes, triggered from PySys: [{'action': 'delete', 'id': '5475369', 'name': 'asciijump', 'url': ' ', 'version': '::apt'}, {'action': 'delete', 'id': '5474869', 'name': 'robotfindskitten', 'url': ' ', 'version': '::apt'}, {'action': 'delete', 'id': '5475279', 'name': 'squirrel3', 'url': ' ', 'version': '::apt'}]",
    "c8y_SoftwareUpdate": [
        {
            "name": "asciijump",
            "action": "delete",
            "id": "5475369",
            "version": "::apt",
            "url": " "
        },
        {
            "name": "robotfindskitten",
            "action": "delete",
            "id": "5474869",
            "version": "::apt",
            "url": " "
        },
        {
            "name": "squirrel3",
            "action": "delete",
            "id": "5475279",
            "version": "::apt",
            "url": " "
        }
    ]
}
08:33:09 INFO  Started operation: {'delivery': {'time': '2022-05-16T08:33:09.160Z', 'log': [], 'status': 'PENDING'}, 'creationTime': '2022-05-16T08:33:09.143Z', 'deviceId': '19054949', 'deviceName': 'mythica', 'self': 'https://t493319102.eu-latest.cumulocity.com/devicecontrol/operations/19133220', 'id': '19133220', 'status': 'PENDING', 'description': "Apply software changes, triggered from PySys: [{'action': 'delete', 'id': '5475369', 'name': 'asciijump', 'url': ' ', 'version': '::apt'}, {'action': 'delete', 'id': '5474869', 'name': 'robotfindskitten', 'url': ' ', 'version': '::apt'}, {'action': 'delete', 'id': '5475279', 'name': 'squirrel3', 'url': ' ', 'version': '::apt'}]", 'c8y_SoftwareUpdate': [{'name': 'asciijump', 'action': 'delete', 'id': '5475369', 'version': '::apt', 'url': ' '}, {'name': 'robotfindskitten', 'action': 'delete', 'id': '5474869', 'version': '::apt', 'url': ' '}, {'name': 'squirrel3', 'action': 'delete', 'id': '5475279', 'version': '::apt', 'url': ' '}]}
08:33:11 INFO  State of operation 19133220 : PENDING
08:33:13 INFO  State of operation 19133220 : EXECUTING
08:33:15 INFO  State of operation 19133220 : EXECUTING
08:33:18 INFO  State of operation 19133220 : EXECUTING
08:33:20 INFO  State of operation 19133220 : EXECUTING
08:33:22 INFO  State of operation 19133220 : EXECUTING
08:33:25 INFO  State of operation 19133220 : EXECUTING
08:33:27 INFO  State of operation 19133220 : EXECUTING
08:33:30 INFO  State of operation 19133220 : EXECUTING
08:33:32 INFO  State of operation 19133220 : EXECUTING
08:33:35 INFO  State of operation 19133220 : EXECUTING
08:33:37 INFO  State of operation 19133220 : EXECUTING
08:33:39 INFO  State of operation 19133220 : EXECUTING
08:33:41 INFO  State of operation 19133220 : EXECUTING
08:33:44 INFO  State of operation 19133220 : EXECUTING
08:33:46 INFO  State of operation 19133220 : EXECUTING
08:33:48 INFO  State of operation 19133220 : EXECUTING
08:33:51 INFO  State of operation 19133220 : EXECUTING
08:33:53 INFO  State of operation 19133220 : EXECUTING
08:33:55 INFO  State of operation 19133220 : EXECUTING
08:33:58 INFO  State of operation 19133220 : EXECUTING
08:34:00 INFO  State of operation 19133220 : EXECUTING
08:34:02 INFO  State of operation 19133220 : EXECUTING
08:34:05 INFO  State of operation 19133220 : EXECUTING
08:34:07 INFO  State of operation 19133220 : EXECUTING
08:34:09 INFO  State of operation 19133220 : EXECUTING
08:34:12 INFO  State of operation 19133220 : EXECUTING
08:34:14 INFO  State of operation 19133220 : EXECUTING
08:34:16 INFO  State of operation 19133220 : EXECUTING
08:34:19 INFO  State of operation 19133220 : SUCCESSFUL
08:34:19 INFO  Assert that (False == value) with value=False ... passed
08:34:19 INFO  Assert that (False == value) with value=False ... passed
08:34:19 INFO  Assert that (False == value) with value=False ... passed
08:34:20 INFO  Assert that (False == value) with value=False ... passed
08:34:20 INFO  
08:34:20 INFO  cleanup:
08:34:24 INFO  Executed sudo&lt;tedge_disconnect_c8y&gt;, exit status 0
08:34:24 INFO  Executed systemctl&lt;serv_mapper5&gt;, exit status 3
08:34:24 INFO  
08:34:24 INFO  Test duration: 140.40 secs
08:34:24 INFO  Test final outcome:  FAILED
08:34:24 INFO  Test outcome reason: Assert that (False == value) with value=True (+2 other failures)
08:34:24 INFO  
</system-out>
	</testcase>
</testsuite><testsuite name="SoftwareManagement.sm_apt_install_remove_multiple_mixed" tests="3" errors="0" failures="2" skipped="1" time="0"><testcase classname="PySysTest" name="SoftwareManagement.sm_apt_install_remove_multiple_mixed">
		<skipped message="SKIPPED: Testing the apt plugin is not supported on this platform.Use parameter -XmyPlatform='container' to enable it" />
		<system-out>07:32:14 INFO  ==============================================================
07:32:14 INFO  Id:    SoftwareManagement.sm_apt_install_remove_multiple_mixed
07:32:14 INFO  Dir:   software_management_end_to_end/
07:32:14 INFO  Title: Validate end to end behaviour for the apt plugin for multiple packages with mixed versions
07:32:14 INFO  ==============================================================
07:32:14 INFO  Testing the apt plugin is not supported on this platform.Use parameter -XmyPlatform='container' to enable it ... skipped
07:32:14 WARN  Aborted test due to SKIPPED outcome
07:32:14 INFO  
07:32:14 INFO  Test duration: 0.02 secs
07:32:14 INFO  Test final outcome:  SKIPPED
07:32:14 INFO  Test outcome reason: Testing the apt plugin is not supported on this platform.Use parameter -XmyPlatform='container' to enable it
07:32:14 INFO  
</system-out>
	</testcase>
<testcase classname="PySysTest" name="SoftwareManagement.sm_apt_install_remove_multiple_mixed">
		<failure message="BLOCKED: SystemError: Timeout while waiting for status SUCCESSFUL or False" type="BLOCKED" />
		<system-out>08:08:26 INFO  ==============================================================
08:08:26 INFO  Id:    SoftwareManagement.sm_apt_install_remove_multiple_mixed
08:08:26 INFO  Dir:   software_management_end_to_end/
08:08:26 INFO  Title: Validate end to end behaviour for the apt plugin for multiple packages with mixed versions
08:08:26 INFO  ==============================================================
08:08:26 INFO  Using sw id database: {'asciijump': '5475369', 'robotfindskitten': '5474869', 'squirrel3': '5475279', 'rolldice': '5152439', 'moon-buggy': '5439204', 'apple': '5495053', 'banana': '5494888', 'cherry': '5495382', 'watermelon': '5494510', 'registry': '8018911', 'hello-world': '8021526', 'docker/getting-started': '8021973', 'alpine': '7991792'}
08:08:26 INFO  EnvironmentC8y Setup
08:08:27 INFO  Executed systemctl&lt;serv_mapper1&gt;, exit status 3
08:08:27 INFO  Restarting mosquitto too frequently in the last 10 seconds. It was only up for 4 seconds
08:08:27 INFO  Delaying execution by 7 seconds
08:08:48 INFO  Executed sudo&lt;tedge_connect_c8y&gt;, exit status 0, duration 13 secs
08:08:48 INFO  Executed sudo&lt;tedge_connect_c8y_test&gt;, exit status 0
08:08:49 INFO  Executed systemctl&lt;serv_mosq2&gt;, exit status 0
08:08:50 INFO  Executed systemctl&lt;serv_mapper3&gt;, exit status 0
08:08:52 INFO  State of current operation: SUCCESSFUL
08:08:52 INFO  Assert that (False == value) with value=False ... passed
08:08:53 INFO  Assert that (False == value) with value=False ... passed
08:08:53 INFO  Assert that (False == value) with value=False ... passed
08:08:53 INFO  Assert that (False == value) with value=False ... passed
08:08:53 INFO  Assert that (False == value) with value=False ... passed
08:08:55 INFO  Response status: 201
08:08:55 INFO  Response to action: {
    "creationTime": "2022-05-16T08:08:55.004Z",
    "deviceId": "19054949",
    "deviceName": "mythica",
    "self": "https://t493319102.eu-latest.cumulocity.com/devicecontrol/operations/19119031",
    "id": "19119031",
    "status": "PENDING",
    "description": "Apply software changes, triggered from PySys: [{'action': 'install', 'id': '5475369', 'name': 'asciijump', 'url': ' ', 'version': '::apt'}, {'action': 'install', 'id': '5474869', 'name': 'robotfindskitten', 'url': ' ', 'version': ' '}, {'action': 'install', 'id': '5475279', 'name': 'squirrel3', 'url': ' ', 'version': '3.1-7::apt'}, {'action': 'install', 'id': '5152439', 'name': 'rolldice', 'url': ' ', 'version': '1.16-1+b1'}, {'action': 'install', 'id': '5439204', 'name': 'moon-buggy', 'url': ' ', 'version': '1:1.0.51-12'}, {'action': 'install', 'id': '5475369', 'name': 'asciijump', 'url': ' ', 'version': '::apt'}]",
    "c8y_SoftwareUpdate": [
        {
            "name": "asciijump",
            "action": "install",
            "id": "5475369",
            "version": "::apt",
            "url": " "
        },
        {
            "name": "robotfindskitten",
            "action": "install",
            "id": "5474869",
            "version": " ",
            "url": " "
        },
        {
            "name": "squirrel3",
            "action": "install",
            "id": "5475279",
            "version": "3.1-7::apt",
            "url": " "
        },
        {
            "name": "rolldice",
            "action": "install",
            "id": "5152439",
            "version": "1.16-1+b1",
            "url": " "
        },
        {
            "name": "moon-buggy",
            "action": "install",
            "id": "5439204",
            "version": "1:1.0.51-12",
            "url": " "
        },
        {
            "name": "asciijump",
            "action": "install",
            "id": "5475369",
            "version": "::apt",
            "url": " "
        }
    ]
}
08:08:55 INFO  Started operation: {'creationTime': '2022-05-16T08:08:55.004Z', 'deviceId': '19054949', 'deviceName': 'mythica', 'self': 'https://t493319102.eu-latest.cumulocity.com/devicecontrol/operations/19119031', 'id': '19119031', 'status': 'PENDING', 'description': "Apply software changes, triggered from PySys: [{'action': 'install', 'id': '5475369', 'name': 'asciijump', 'url': ' ', 'version': '::apt'}, {'action': 'install', 'id': '5474869', 'name': 'robotfindskitten', 'url': ' ', 'version': ' '}, {'action': 'install', 'id': '5475279', 'name': 'squirrel3', 'url': ' ', 'version': '3.1-7::apt'}, {'action': 'install', 'id': '5152439', 'name': 'rolldice', 'url': ' ', 'version': '1.16-1+b1'}, {'action': 'install', 'id': '5439204', 'name': 'moon-buggy', 'url': ' ', 'version': '1:1.0.51-12'}, {'action': 'install', 'id': '5475369', 'name': 'asciijump', 'url': ' ', 'version': '::apt'}]", 'c8y_SoftwareUpdate': [{'name': 'asciijump', 'action': 'install', 'id': '5475369', 'version': '::apt', 'url': ' '}, {'name': 'robotfindskitten', 'action': 'install', 'id': '5474869', 'version': ' ', 'url': ' '}, {'name': 'squirrel3', 'action': 'install', 'id': '5475279', 'version': '3.1-7::apt', 'url': ' '}, {'name': 'rolldice', 'action': 'install', 'id': '5152439', 'version': '1.16-1+b1', 'url': ' '}, {'name': 'moon-buggy', 'action': 'install', 'id': '5439204', 'version': '1:1.0.51-12', 'url': ' '}, {'name': 'asciijump', 'action': 'install', 'id': '5475369', 'version': '::apt', 'url': ' '}]}
08:08:57 INFO  State of operation 19119031 : PENDING
08:08:59 INFO  State of operation 19119031 : EXECUTING
08:09:01 INFO  State of operation 19119031 : EXECUTING
08:09:03 INFO  State of operation 19119031 : EXECUTING
08:09:06 INFO  State of operation 19119031 : EXECUTING
08:09:08 INFO  State of operation 19119031 : EXECUTING
08:09:11 INFO  State of operation 19119031 : EXECUTING
08:09:13 INFO  State of operation 19119031 : EXECUTING
08:09:16 INFO  State of operation 19119031 : EXECUTING
08:09:18 INFO  State of operation 19119031 : EXECUTING
08:09:20 INFO  State of operation 19119031 : EXECUTING
08:09:23 INFO  State of operation 19119031 : EXECUTING
08:09:25 INFO  State of operation 19119031 : EXECUTING
08:09:27 INFO  State of operation 19119031 : EXECUTING
08:09:29 INFO  State of operation 19119031 : EXECUTING
08:09:32 INFO  State of operation 19119031 : EXECUTING
08:09:34 INFO  State of operation 19119031 : EXECUTING
08:09:36 INFO  State of operation 19119031 : EXECUTING
08:09:39 INFO  State of operation 19119031 : EXECUTING
08:09:41 INFO  State of operation 19119031 : EXECUTING
08:09:44 INFO  State of operation 19119031 : EXECUTING
08:09:46 INFO  State of operation 19119031 : EXECUTING
08:09:48 INFO  State of operation 19119031 : EXECUTING
08:09:50 INFO  State of operation 19119031 : EXECUTING
08:09:53 INFO  State of operation 19119031 : EXECUTING
08:09:55 INFO  State of operation 19119031 : EXECUTING
08:09:58 INFO  State of operation 19119031 : EXECUTING
08:10:00 INFO  State of operation 19119031 : EXECUTING
08:10:03 INFO  State of operation 19119031 : EXECUTING
08:10:05 INFO  State of operation 19119031 : EXECUTING
08:10:08 INFO  State of operation 19119031 : EXECUTING
08:10:10 INFO  State of operation 19119031 : EXECUTING
08:10:12 INFO  State of operation 19119031 : EXECUTING
08:10:15 INFO  State of operation 19119031 : EXECUTING
08:10:17 INFO  State of operation 19119031 : EXECUTING
08:10:19 INFO  State of operation 19119031 : EXECUTING
08:10:21 INFO  State of operation 19119031 : EXECUTING
08:10:23 INFO  State of operation 19119031 : EXECUTING
08:10:26 INFO  State of operation 19119031 : EXECUTING
08:10:29 INFO  State of operation 19119031 : EXECUTING
08:10:31 INFO  State of operation 19119031 : EXECUTING
08:10:34 INFO  State of operation 19119031 : EXECUTING
08:10:36 INFO  State of operation 19119031 : EXECUTING
08:10:38 INFO  State of operation 19119031 : EXECUTING
08:10:40 INFO  State of operation 19119031 : EXECUTING
08:10:42 INFO  State of operation 19119031 : EXECUTING
08:10:45 INFO  State of operation 19119031 : EXECUTING
08:10:47 INFO  State of operation 19119031 : EXECUTING
08:10:49 INFO  State of operation 19119031 : EXECUTING
08:10:52 INFO  State of operation 19119031 : EXECUTING
08:10:55 INFO  State of operation 19119031 : EXECUTING
08:10:57 INFO  State of operation 19119031 : EXECUTING
08:10:59 INFO  State of operation 19119031 : EXECUTING
08:11:01 INFO  State of operation 19119031 : EXECUTING
08:11:04 INFO  State of operation 19119031 : EXECUTING
08:11:06 INFO  State of operation 19119031 : EXECUTING
08:11:09 INFO  State of operation 19119031 : EXECUTING
08:11:11 INFO  State of operation 19119031 : EXECUTING
08:11:13 INFO  State of operation 19119031 : EXECUTING
08:11:16 INFO  State of operation 19119031 : EXECUTING
08:11:18 INFO  State of operation 19119031 : EXECUTING
08:11:20 WARN  SystemError occurred while running test - Timeout while waiting for status SUCCESSFUL or False
Traceback (most recent call last):
  File "/home/pi/env-pysys/lib/python3.7/site-packages/pysys/baserunner.py", line 1294, in __call__
    self.testObj.execute()
  File "/home/pi/actions-runner/_work/thin-edge.io/thin-edge.io/tests/PySys/software_management_end_to_end/sm_apt_install_remove_multiple_mixed/run.py", line 89, in execute
    self.wait_until_succcess()
  File "/home/pi/actions-runner/_work/thin-edge.io/thin-edge.io/tests/PySys/software_management_end_to_end/environment_sm_management.py", line 324, in wait_until_succcess
    self.wait_until_status("SUCCESSFUL")
  File "/home/pi/actions-runner/_work/thin-edge.io/thin-edge.io/tests/PySys/software_management_end_to_end/environment_sm_management.py", line 381, in wait_until_status
    "Timeout while waiting for status %s or %s" % (status, status2)
SystemError: Timeout while waiting for status SUCCESSFUL or False
08:11:20 WARN  SystemError: Timeout while waiting for status SUCCESSFUL or False ... blocked 
08:11:20 INFO  
08:11:20 INFO  cleanup:
08:11:25 INFO  Executed sudo&lt;tedge_disconnect_c8y&gt;, exit status 0
08:11:25 INFO  Executed systemctl&lt;serv_mapper5&gt;, exit status 3
08:11:25 INFO  
08:11:25 INFO  Test duration: 179.02 secs
08:11:25 INFO  Test final outcome:  BLOCKED
08:11:25 INFO  Test outcome reason: SystemError: Timeout while waiting for status SUCCESSFUL or False
08:11:25 INFO  
</system-out>
	</testcase>
<testcase classname="PySysTest" name="SoftwareManagement.sm_apt_install_remove_multiple_mixed">
		<failure message="BLOCKED: SystemError: Timeout while waiting for status SUCCESSFUL or False (+1 other failures)" type="BLOCKED" />
		<system-out>08:34:24 INFO  ==============================================================
08:34:24 INFO  Id:    SoftwareManagement.sm_apt_install_remove_multiple_mixed
08:34:24 INFO  Dir:   software_management_end_to_end/
08:34:24 INFO  Title: Validate end to end behaviour for the apt plugin for multiple packages with mixed versions
08:34:24 INFO  ==============================================================
08:34:25 INFO  Using sw id database: {'asciijump': '5475369', 'robotfindskitten': '5474869', 'squirrel3': '5475279', 'rolldice': '5152439', 'moon-buggy': '5439204', 'apple': '5495053', 'banana': '5494888', 'cherry': '5495382', 'watermelon': '5494510', 'registry': '8018911', 'hello-world': '8021526', 'docker/getting-started': '8021973', 'alpine': '7991792'}
08:34:25 INFO  EnvironmentC8y Setup
08:34:25 INFO  Executed systemctl&lt;serv_mapper1&gt;, exit status 3
08:34:25 INFO  Restarting mosquitto too frequently in the last 10 seconds. It was only up for 5 seconds
08:34:25 INFO  Delaying execution by 6 seconds
08:34:45 INFO  Executed sudo&lt;tedge_connect_c8y&gt;, exit status 0, duration 14 secs
08:34:46 INFO  Executed sudo&lt;tedge_connect_c8y_test&gt;, exit status 0
08:34:47 INFO  Executed systemctl&lt;serv_mosq2&gt;, exit status 0
08:34:47 INFO  Executed systemctl&lt;serv_mapper3&gt;, exit status 0
08:34:49 INFO  State of current operation: SUCCESSFUL
08:34:50 INFO  Assert that (False == value) with value=False ... passed
08:34:50 INFO  Assert that (False == value) with value=False ... passed
08:34:50 INFO  Assert that (False == value) with value=False ... passed
08:34:50 INFO  Assert that (False == value) with value=False ... passed
08:34:51 INFO  Package moon-buggy is installed
08:34:51 WARN  Assert that (False == value) with value=True ... failed 
08:34:52 INFO  Response status: 201
08:34:52 INFO  Response to action: {
    "delivery": {
        "time": "2022-05-16T08:34:52.294Z",
        "log": [],
        "status": "PENDING"
    },
    "creationTime": "2022-05-16T08:34:52.275Z",
    "deviceId": "19054949",
    "deviceName": "mythica",
    "self": "https://t493319102.eu-latest.cumulocity.com/devicecontrol/operations/19133241",
    "id": "19133241",
    "status": "PENDING",
    "description": "Apply software changes, triggered from PySys: [{'action': 'install', 'id': '5475369', 'name': 'asciijump', 'url': ' ', 'version': '::apt'}, {'action': 'install', 'id': '5474869', 'name': 'robotfindskitten', 'url': ' ', 'version': ' '}, {'action': 'install', 'id': '5475279', 'name': 'squirrel3', 'url': ' ', 'version': '3.1-7::apt'}, {'action': 'install', 'id': '5152439', 'name': 'rolldice', 'url': ' ', 'version': '1.16-1+b1'}, {'action': 'install', 'id': '5439204', 'name': 'moon-buggy', 'url': ' ', 'version': '1:1.0.51-12'}, {'action': 'install', 'id': '5475369', 'name': 'asciijump', 'url': ' ', 'version': '::apt'}]",
    "c8y_SoftwareUpdate": [
        {
            "name": "asciijump",
            "action": "install",
            "id": "5475369",
            "version": "::apt",
            "url": " "
        },
        {
            "name": "robotfindskitten",
            "action": "install",
            "id": "5474869",
            "version": " ",
            "url": " "
        },
        {
            "name": "squirrel3",
            "action": "install",
            "id": "5475279",
            "version": "3.1-7::apt",
            "url": " "
        },
        {
            "name": "rolldice",
            "action": "install",
            "id": "5152439",
            "version": "1.16-1+b1",
            "url": " "
        },
        {
            "name": "moon-buggy",
            "action": "install",
            "id": "5439204",
            "version": "1:1.0.51-12",
            "url": " "
        },
        {
            "name": "asciijump",
            "action": "install",
            "id": "5475369",
            "version": "::apt",
            "url": " "
        }
    ]
}
08:34:52 INFO  Started operation: {'delivery': {'time': '2022-05-16T08:34:52.294Z', 'log': [], 'status': 'PENDING'}, 'creationTime': '2022-05-16T08:34:52.275Z', 'deviceId': '19054949', 'deviceName': 'mythica', 'self': 'https://t493319102.eu-latest.cumulocity.com/devicecontrol/operations/19133241', 'id': '19133241', 'status': 'PENDING', 'description': "Apply software changes, triggered from PySys: [{'action': 'install', 'id': '5475369', 'name': 'asciijump', 'url': ' ', 'version': '::apt'}, {'action': 'install', 'id': '5474869', 'name': 'robotfindskitten', 'url': ' ', 'version': ' '}, {'action': 'install', 'id': '5475279', 'name': 'squirrel3', 'url': ' ', 'version': '3.1-7::apt'}, {'action': 'install', 'id': '5152439', 'name': 'rolldice', 'url': ' ', 'version': '1.16-1+b1'}, {'action': 'install', 'id': '5439204', 'name': 'moon-buggy', 'url': ' ', 'version': '1:1.0.51-12'}, {'action': 'install', 'id': '5475369', 'name': 'asciijump', 'url': ' ', 'version': '::apt'}]", 'c8y_SoftwareUpdate': [{'name': 'asciijump', 'action': 'install', 'id': '5475369', 'version': '::apt', 'url': ' '}, {'name': 'robotfindskitten', 'action': 'install', 'id': '5474869', 'version': ' ', 'url': ' '}, {'name': 'squirrel3', 'action': 'install', 'id': '5475279', 'version': '3.1-7::apt', 'url': ' '}, {'name': 'rolldice', 'action': 'install', 'id': '5152439', 'version': '1.16-1+b1', 'url': ' '}, {'name': 'moon-buggy', 'action': 'install', 'id': '5439204', 'version': '1:1.0.51-12', 'url': ' '}, {'name': 'asciijump', 'action': 'install', 'id': '5475369', 'version': '::apt', 'url': ' '}]}
08:34:54 INFO  State of operation 19133241 : PENDING
08:34:56 INFO  State of operation 19133241 : EXECUTING
08:34:59 INFO  State of operation 19133241 : EXECUTING
08:35:01 INFO  State of operation 19133241 : EXECUTING
08:35:03 INFO  State of operation 19133241 : EXECUTING
08:35:05 INFO  State of operation 19133241 : EXECUTING
08:35:08 INFO  State of operation 19133241 : EXECUTING
08:35:11 INFO  State of operation 19133241 : EXECUTING
08:35:13 INFO  State of operation 19133241 : EXECUTING
08:35:15 INFO  State of operation 19133241 : EXECUTING
08:35:18 INFO  State of operation 19133241 : EXECUTING
08:35:20 INFO  State of operation 19133241 : EXECUTING
08:35:22 INFO  State of operation 19133241 : EXECUTING
08:35:24 INFO  State of operation 19133241 : EXECUTING
08:35:26 INFO  State of operation 19133241 : EXECUTING
08:35:29 INFO  State of operation 19133241 : EXECUTING
08:35:31 INFO  State of operation 19133241 : EXECUTING
08:35:33 INFO  State of operation 19133241 : EXECUTING
08:35:36 INFO  State of operation 19133241 : EXECUTING
08:35:38 INFO  State of operation 19133241 : EXECUTING
08:35:41 INFO  State of operation 19133241 : EXECUTING
08:35:43 INFO  State of operation 19133241 : EXECUTING
08:35:46 INFO  State of operation 19133241 : EXECUTING
08:35:48 INFO  State of operation 19133241 : EXECUTING
08:35:51 INFO  State of operation 19133241 : EXECUTING
08:35:53 INFO  State of operation 19133241 : EXECUTING
08:35:56 INFO  State of operation 19133241 : EXECUTING
08:35:58 INFO  State of operation 19133241 : EXECUTING
08:36:01 INFO  State of operation 19133241 : EXECUTING
08:36:03 INFO  State of operation 19133241 : EXECUTING
08:36:06 INFO  State of operation 19133241 : EXECUTING
08:36:08 INFO  State of operation 19133241 : EXECUTING
08:36:10 INFO  State of operation 19133241 : EXECUTING
08:36:12 INFO  State of operation 19133241 : EXECUTING
08:36:15 INFO  State of operation 19133241 : EXECUTING
08:36:17 INFO  State of operation 19133241 : EXECUTING
08:36:19 INFO  State of operation 19133241 : EXECUTING
08:36:21 INFO  State of operation 19133241 : EXECUTING
08:36:24 INFO  State of operation 19133241 : EXECUTING
08:36:27 INFO  State of operation 19133241 : EXECUTING
08:36:29 INFO  State of operation 19133241 : EXECUTING
08:36:32 INFO  State of operation 19133241 : EXECUTING
08:36:34 INFO  State of operation 19133241 : EXECUTING
08:36:36 INFO  State of operation 19133241 : EXECUTING
08:36:39 INFO  State of operation 19133241 : EXECUTING
08:36:41 INFO  State of operation 19133241 : EXECUTING
08:36:43 INFO  State of operation 19133241 : EXECUTING
08:36:45 INFO  State of operation 19133241 : EXECUTING
08:36:48 INFO  State of operation 19133241 : EXECUTING
08:36:51 INFO  State of operation 19133241 : EXECUTING
08:36:53 INFO  State of operation 19133241 : EXECUTING
08:36:55 INFO  State of operation 19133241 : EXECUTING
08:36:58 INFO  State of operation 19133241 : EXECUTING
08:37:00 INFO  State of operation 19133241 : EXECUTING
08:37:02 INFO  State of operation 19133241 : EXECUTING
08:37:05 INFO  State of operation 19133241 : EXECUTING
08:37:07 INFO  State of operation 19133241 : EXECUTING
08:37:10 INFO  State of operation 19133241 : EXECUTING
08:37:12 INFO  State of operation 19133241 : EXECUTING
08:37:15 INFO  State of operation 19133241 : EXECUTING
08:37:17 INFO  State of operation 19133241 : EXECUTING
08:37:19 WARN  SystemError occurred while running test - Timeout while waiting for status SUCCESSFUL or False
Traceback (most recent call last):
  File "/home/pi/env-pysys/lib/python3.7/site-packages/pysys/baserunner.py", line 1294, in __call__
    self.testObj.execute()
  File "/home/pi/actions-runner/_work/thin-edge.io/thin-edge.io/tests/PySys/software_management_end_to_end/sm_apt_install_remove_multiple_mixed/run.py", line 89, in execute
    self.wait_until_succcess()
  File "/home/pi/actions-runner/_work/thin-edge.io/thin-edge.io/tests/PySys/software_management_end_to_end/environment_sm_management.py", line 324, in wait_until_succcess
    self.wait_until_status("SUCCESSFUL")
  File "/home/pi/actions-runner/_work/thin-edge.io/thin-edge.io/tests/PySys/software_management_end_to_end/environment_sm_management.py", line 381, in wait_until_status
    "Timeout while waiting for status %s or %s" % (status, status2)
SystemError: Timeout while waiting for status SUCCESSFUL or False
08:37:19 WARN  SystemError: Timeout while waiting for status SUCCESSFUL or False ... blocked 
08:37:19 INFO  
08:37:19 INFO  cleanup:
08:37:25 INFO  Executed sudo&lt;tedge_disconnect_c8y&gt;, exit status 0
08:37:25 INFO  Executed systemctl&lt;serv_mapper5&gt;, exit status 3
08:37:25 INFO  
08:37:25 INFO  Test duration: 180.69 secs
08:37:25 INFO  Test final outcome:  BLOCKED
08:37:25 INFO  Test outcome reason: SystemError: Timeout while waiting for status SUCCESSFUL or False (+1 other failures)
08:37:25 INFO  
</system-out>
	</testcase>
</testsuite><testsuite name="SoftwareManagement.sm_apt_install_remove_with_version" tests="3" errors="0" failures="0" skipped="1" time="0"><testcase classname="PySysTest" name="SoftwareManagement.sm_apt_install_remove_with_version">
		<skipped message="SKIPPED: Testing the apt plugin is not supported on this platform.Use parameter -XmyPlatform='container' to enable it" />
		<system-out>07:32:14 INFO  ==============================================================
07:32:14 INFO  Id:    SoftwareManagement.sm_apt_install_remove_with_version
07:32:14 INFO  Dir:   software_management_end_to_end/
07:32:14 INFO  Title: Validate end to end behaviour for the apt plugin for packages with version
07:32:14 INFO  ==============================================================
07:32:14 INFO  Testing the apt plugin is not supported on this platform.Use parameter -XmyPlatform='container' to enable it ... skipped
07:32:14 WARN  Aborted test due to SKIPPED outcome
07:32:14 INFO  
07:32:14 INFO  Test duration: 0.02 secs
07:32:14 INFO  Test final outcome:  SKIPPED
07:32:14 INFO  Test outcome reason: Testing the apt plugin is not supported on this platform.Use parameter -XmyPlatform='container' to enable it
07:32:14 INFO  
</system-out>
	</testcase>
<testcase classname="PySysTest" name="SoftwareManagement.sm_apt_install_remove_with_version" />
<testcase classname="PySysTest" name="SoftwareManagement.sm_apt_install_remove_with_version" />
</testsuite><testsuite name="SoftwareManagement.sm_docker_install_remove_multiple" tests="3" errors="0" failures="0" skipped="1" time="0"><testcase classname="SMDockerInstallRemove" name="SoftwareManagement.sm_docker_install_remove_multiple">
		<skipped message="SKIPPED: Testing the apt plugin is not supported on this platform.Use parameter -XmyPlatform='container' to enable it" />
		<system-out>07:32:14 INFO  ==============================================================
07:32:14 INFO  Id:    SoftwareManagement.sm_docker_install_remove_multiple
07:32:14 INFO  Dir:   software_management_end_to_end/
07:32:14 INFO  Title: Validate end to end behaviour for the docker plugin for multiple docker images with mixed versions
07:32:14 INFO  ==============================================================
07:32:14 INFO  Testing the apt plugin is not supported on this platform.Use parameter -XmyPlatform='container' to enable it ... skipped
07:32:14 WARN  Aborted test due to SKIPPED outcome
07:32:14 INFO  
07:32:14 INFO  Test duration: 0.02 secs
07:32:14 INFO  Test final outcome:  SKIPPED
07:32:14 INFO  Test outcome reason: Testing the apt plugin is not supported on this platform.Use parameter -XmyPlatform='container' to enable it
07:32:14 INFO  
</system-out>
	</testcase>
<testcase classname="SMDockerInstallRemove" name="SoftwareManagement.sm_docker_install_remove_multiple" />
<testcase classname="SMDockerInstallRemove" name="SoftwareManagement.sm_docker_install_remove_multiple" />
</testsuite><testsuite name="SoftwareManagement.sm_fake_install_remove" tests="2" errors="0" failures="0" skipped="1" time="0"><testcase classname="PySysTest" name="SoftwareManagement.sm_fake_install_remove">
		<skipped message="SKIPPED: Testing the fake plugin is not enabled.Use parameter -Xfakeplugin=fakeplugin to enable it" />
		<system-out>07:32:14 INFO  ==============================================================
07:32:14 INFO  Id:    SoftwareManagement.sm_fake_install_remove
07:32:14 INFO  Dir:   software_management_end_to_end/
07:32:14 INFO  Title: Validate end to end behaviour for the dummy plugin for installation and removal of packages
07:32:14 INFO  ==============================================================
07:32:14 INFO  Testing the fake plugin is not enabled.Use parameter -Xfakeplugin=fakeplugin to enable it ... skipped
07:32:14 WARN  Aborted test due to SKIPPED outcome
07:32:14 INFO  
07:32:14 INFO  Test duration: 0.02 secs
07:32:14 INFO  Test final outcome:  SKIPPED
07:32:14 INFO  Test outcome reason: Testing the fake plugin is not enabled.Use parameter -Xfakeplugin=fakeplugin to enable it
07:32:14 INFO  
</system-out>
	</testcase>
<testcase classname="PySysTest" name="SoftwareManagement.sm_fake_install_remove" />
</testsuite><testsuite name="SoftwareManagement.sm_fake_install_remove_multiple" tests="2" errors="0" failures="0" skipped="1" time="0"><testcase classname="PySysTest" name="SoftwareManagement.sm_fake_install_remove_multiple">
		<skipped message="SKIPPED: Testing the fake plugin is not enabled.Use parameter -Xfakeplugin=fakeplugin to enable it" />
		<system-out>07:32:15 INFO  ==============================================================
07:32:15 INFO  Id:    SoftwareManagement.sm_fake_install_remove_multiple
07:32:15 INFO  Dir:   software_management_end_to_end/
07:32:15 INFO  Title: Validate end to end behaviour for the dummy-plugin for multiple packages
07:32:15 INFO  ==============================================================
07:32:15 INFO  Testing the fake plugin is not enabled.Use parameter -Xfakeplugin=fakeplugin to enable it ... skipped
07:32:15 WARN  Aborted test due to SKIPPED outcome
07:32:15 INFO  
07:32:15 INFO  Test duration: 0.02 secs
07:32:15 INFO  Test final outcome:  SKIPPED
07:32:15 INFO  Test outcome reason: Testing the fake plugin is not enabled.Use parameter -Xfakeplugin=fakeplugin to enable it
07:32:15 INFO  
</system-out>
	</testcase>
<testcase classname="PySysTest" name="SoftwareManagement.sm_fake_install_remove_multiple" />
</testsuite><testsuite name="SoftwareManagement.sm_mapper_fail_and_reconnect" tests="2" errors="0" failures="0" skipped="2" time="0"><testcase classname="MapperC8yReceiveLastMessageOnRestart" name="SoftwareManagement.sm_mapper_fail_and_reconnect">
		<skipped message="SKIPPED: instable https://github.com/thin-edge/thin-edge.io/issues/752" />
		<system-out>07:32:15 INFO  ==============================================================
07:32:15 INFO  Id:    SoftwareManagement.sm_mapper_fail_and_reconnect
07:32:15 INFO  Dir:   software_management_end_to_end/
07:32:15 INFO  Title: Validate the tedge-mapper-sm-c8y for receiving the last message on restart
07:32:15 INFO  ==============================================================
07:32:15 INFO  instable https://github.com/thin-edge/thin-edge.io/issues/752 ... skipped
07:32:15 INFO  
07:32:15 INFO  Test duration: 0.02 secs
07:32:15 INFO  Test final outcome:  SKIPPED
07:32:15 INFO  Test outcome reason: instable https://github.com/thin-edge/thin-edge.io/issues/752
07:32:15 INFO  
</system-out>
	</testcase>
<testcase classname="MapperC8yReceiveLastMessageOnRestart" name="SoftwareManagement.sm_mapper_fail_and_reconnect">
		<skipped message="SKIPPED: instable https://github.com/thin-edge/thin-edge.io/issues/752" />
		<system-out>08:44:21 INFO  ==============================================================
08:44:21 INFO  Id:    SoftwareManagement.sm_mapper_fail_and_reconnect
08:44:21 INFO  Dir:   software_management_end_to_end/
08:44:21 INFO  Title: Validate the tedge-mapper-sm-c8y for receiving the last message on restart
08:44:21 INFO  ==============================================================
08:44:21 INFO  instable https://github.com/thin-edge/thin-edge.io/issues/752 ... skipped
08:44:21 INFO  
08:44:21 INFO  Test duration: 0.05 secs
08:44:21 INFO  Test final outcome:  SKIPPED
08:44:21 INFO  Test outcome reason: instable https://github.com/thin-edge/thin-edge.io/issues/752
08:44:21 INFO  
</system-out>
	</testcase>
</testsuite><testsuite name="SoftwareManagement.sm_mixed_install_remove_multiple" tests="2" errors="0" failures="1" skipped="1" time="0"><testcase classname="PySysTest" name="SoftwareManagement.sm_mixed_install_remove_multiple">
		<skipped message="SKIPPED: Testing the fake plugin is not enabled.Use parameter -Xfakeplugin=fakeplugin to enable it" />
		<system-out>07:32:15 INFO  ==============================================================
07:32:15 INFO  Id:    SoftwareManagement.sm_mixed_install_remove_multiple
07:32:15 INFO  Dir:   software_management_end_to_end/
07:32:15 INFO  Title: Validate end to end behaviour for the dummy-plugin for multiple packages with mixed versions
07:32:15 INFO  ==============================================================
07:32:15 INFO  Testing the fake plugin is not enabled.Use parameter -Xfakeplugin=fakeplugin to enable it ... skipped
07:32:15 WARN  Aborted test due to SKIPPED outcome
07:32:15 INFO  
07:32:15 INFO  Test duration: 0.02 secs
07:32:15 INFO  Test final outcome:  SKIPPED
07:32:15 INFO  Test outcome reason: Testing the fake plugin is not enabled.Use parameter -Xfakeplugin=fakeplugin to enable it
07:32:15 INFO  
</system-out>
	</testcase>
<testcase classname="PySysTest" name="SoftwareManagement.sm_mixed_install_remove_multiple">
		<failure message="FAILED: Assert that (False == value) with value=True" type="FAILED" />
		<system-out>08:44:21 INFO  ==============================================================
08:44:21 INFO  Id:    SoftwareManagement.sm_mixed_install_remove_multiple
08:44:21 INFO  Dir:   software_management_end_to_end/
08:44:21 INFO  Title: Validate end to end behaviour for the dummy-plugin for multiple packages with mixed versions
08:44:21 INFO  ==============================================================
08:44:21 INFO  Using sw id database: {'asciijump': '5475369', 'robotfindskitten': '5474869', 'squirrel3': '5475279', 'rolldice': '5152439', 'moon-buggy': '5439204', 'apple': '5495053', 'banana': '5494888', 'cherry': '5495382', 'watermelon': '5494510', 'registry': '8018911', 'hello-world': '8021526', 'docker/getting-started': '8021973', 'alpine': '7991792'}
08:44:21 INFO  EnvironmentC8y Setup
08:44:22 INFO  Executed systemctl&lt;serv_mapper1&gt;, exit status 3
08:44:22 INFO  Restarting mosquitto too frequently in the last 10 seconds. It was only up for 4 seconds
08:44:22 INFO  Delaying execution by 7 seconds
08:44:43 INFO  Executed sudo&lt;tedge_connect_c8y&gt;, exit status 0, duration 14 secs
08:44:44 INFO  Executed sudo&lt;tedge_connect_c8y_test&gt;, exit status 0
08:44:44 INFO  Executed systemctl&lt;serv_mosq2&gt;, exit status 0
08:44:45 INFO  Executed systemctl&lt;serv_mapper3&gt;, exit status 0
08:44:47 INFO  State of current operation: SUCCESSFUL
08:44:47 INFO  Package apple is installed
08:44:47 INFO  Assert that (True == value) with value=True ... passed
08:44:48 INFO  Package banana is installed
08:44:48 INFO  Assert that (True == value) with value=True ... passed
08:44:48 INFO  Package cherry is installed
08:44:48 INFO  Assert that (True == value) with value=True ... passed
08:44:48 INFO  Package asciijump is installed
08:44:48 WARN  Assert that (False == value) with value=True ... failed 
08:44:48 INFO  Assert that (False == value) with value=False ... passed
08:44:49 INFO  Response status: 201
08:44:49 INFO  Response to action: {
    "creationTime": "2022-05-16T08:44:49.078Z",
    "deviceId": "19054949",
    "deviceName": "mythica",
    "self": "https://t493319102.eu-latest.cumulocity.com/devicecontrol/operations/19133433",
    "id": "19133433",
    "status": "PENDING",
    "description": "Apply software changes, triggered from PySys: [{'action': 'install', 'id': '5495053', 'name': 'apple', 'url': ' ', 'version': '::fruits'}, {'action': 'install', 'id': '5494888', 'name': 'banana', 'url': ' ', 'version': '::fruits'}, {'action': 'install', 'id': '5475369', 'name': 'asciijump', 'url': ' ', 'version': '::apt'}, {'action': 'install', 'id': '5495382', 'name': 'cherry', 'url': ' ', 'version': '::fruits'}, {'action': 'install', 'id': '8018911', 'name': 'registry', 'url': ' ', 'version': '::docker'}]",
    "c8y_SoftwareUpdate": [
        {
            "name": "apple",
            "action": "install",
            "id": "5495053",
            "version": "::fruits",
[...]
07:22:34 INFO  Id:    docker_plugin_remove
07:22:34 INFO  Dir:   plugin_docker/
07:22:34 INFO  Title: Validate docker plugin remove
07:22:34 INFO  ==============================================================
07:22:34 INFO  Testing the docker plugin is not supported on this platform.To run it, all the test with -XmyPlatform='container' ... skipped
07:22:34 WARN  Aborted test due to SKIPPED outcome
07:22:34 INFO  
07:22:34 INFO  Test duration: 0.02 secs
07:22:34 INFO  Test final outcome:  SKIPPED
07:22:34 INFO  Test outcome reason: Testing the docker plugin is not supported on this platform.To run it, all the test with -XmyPlatform='container'
07:22:34 INFO  
</system-out>
	</testcase>
<testcase classname="DockerPluginRemoveTest" name="docker_plugin_remove" />
</testsuite><testsuite name="docker_plugin_remove_with_version" tests="2" errors="0" failures="0" skipped="1" time="0"><testcase classname="DockerPluginRemoveWithVersionTest" name="docker_plugin_remove_with_version">
		<skipped message="SKIPPED: Testing the docker plugin is not supported on this platform.To run it, all the test with -XmyPlatform='container'" />
		<system-out>07:22:34 INFO  ==============================================================
07:22:34 INFO  Id:    docker_plugin_remove_with_version
07:22:34 INFO  Dir:   plugin_docker/
07:22:34 INFO  Title: Validate docker plugin remove with version
07:22:34 INFO  ==============================================================
07:22:34 INFO  Testing the docker plugin is not supported on this platform.To run it, all the test with -XmyPlatform='container' ... skipped
07:22:34 WARN  Aborted test due to SKIPPED outcome
07:22:34 INFO  
07:22:34 INFO  Test duration: 0.02 secs
07:22:34 INFO  Test final outcome:  SKIPPED
07:22:34 INFO  Test outcome reason: Testing the docker plugin is not supported on this platform.To run it, all the test with -XmyPlatform='container'
07:22:34 INFO  
</system-out>
	</testcase>
<testcase classname="DockerPluginRemoveWithVersionTest" name="docker_plugin_remove_with_version" />
</testsuite><testsuite name="docker_plugin_update" tests="2" errors="0" failures="0" skipped="1" time="0"><testcase classname="DockerPluginUpdateTest" name="docker_plugin_update">
		<skipped message="SKIPPED: Testing the docker plugin is not supported on this platform.To run it, all the test with -XmyPlatform='container'" />
		<system-out>07:22:34 INFO  ==============================================================
07:22:34 INFO  Id:    docker_plugin_update
07:22:34 INFO  Dir:   plugin_docker/
07:22:34 INFO  Title: Validate docker plugin install updates existing containers
07:22:34 INFO  ==============================================================
07:22:34 INFO  Testing the docker plugin is not supported on this platform.To run it, all the test with -XmyPlatform='container' ... skipped
07:22:34 WARN  Aborted test due to SKIPPED outcome
07:22:34 INFO  
07:22:34 INFO  Test duration: 0.02 secs
07:22:34 INFO  Test final outcome:  SKIPPED
07:22:34 INFO  Test outcome reason: Testing the docker plugin is not supported on this platform.To run it, all the test with -XmyPlatform='container'
07:22:34 INFO  
</system-out>
	</testcase>
<testcase classname="DockerPluginUpdateTest" name="docker_plugin_update" />
</testsuite><testsuite name="invalid_device_id" tests="1" errors="0" failures="0" skipped="0" time="0"><testcase classname="InvalidDeviceId" name="invalid_device_id" />
</testsuite><testsuite name="local_mqtt_pub_fail_noqos" tests="1" errors="0" failures="0" skipped="0" time="0"><testcase classname="PySysTest" name="local_mqtt_pub_fail_noqos" />
</testsuite><testsuite name="local_mqtt_pub_fail_qos0" tests="1" errors="0" failures="0" skipped="0" time="0"><testcase classname="PySysTest" name="local_mqtt_pub_fail_qos0" />
</testsuite><testsuite name="local_mqtt_pub_fail_qos1" tests="1" errors="0" failures="0" skipped="0" time="0"><testcase classname="PySysTest" name="local_mqtt_pub_fail_qos1" />
</testsuite><testsuite name="local_mqtt_pub_fail_qos2" tests="1" errors="0" failures="0" skipped="0" time="0"><testcase classname="PySysTest" name="local_mqtt_pub_fail_qos2" />
</testsuite><testsuite name="local_mqtt_pub_sub" tests="1" errors="0" failures="1" skipped="0" time="0"><testcase classname="PySysTest" name="local_mqtt_pub_sub">
		<failure message="FAILED: Grep on tedge_sub.out contains &quot;\[atopic\] amessage&quot;" type="FAILED" />
		<system-out>07:20:19 INFO  ==============================================================
07:20:19 INFO  Id:    local_mqtt_pub_sub
07:20:19 INFO  Dir:   local_mqtt/
07:20:19 INFO  Title: Validate local publishing and subscribing
07:20:19 INFO  ==============================================================
07:20:19 INFO  Started tedge_sub with process id 924
07:20:19 INFO  Started tedge_sub_no_topic with process id 925
07:20:19 INFO  Executed tedge_pub2, exit status 0
07:20:20 INFO  Executed tedge_pub3, exit status 0
07:20:20 INFO  Executed sudo&lt;kill_out&gt;, exit status 0
07:20:21 INFO  Executed sudo&lt;kill_out&gt;, exit status 0
07:20:21 WARN  Grep on tedge_sub.out contains "\[atopic\] amessage" ... failed [run.py:75]
07:20:21 INFO  Grep on file tedge_sub.out ... passed
07:20:21 INFO  Grep on file tedge_sub_no_topic.out ... passed
07:20:21 INFO  
07:20:21 INFO  Test duration: 2.19 secs
07:20:21 INFO  Test final outcome:  FAILED
07:20:21 INFO  Test outcome reason: Grep on tedge_sub.out contains "\[atopic\] amessage"
07:20:21 INFO  
</system-out>
	</testcase>
</testsuite><testsuite name="local_mqtt_pub_sub_retain" tests="1" errors="0" failures="0" skipped="0" time="0"><testcase classname="MqttPublishWithRetain" name="local_mqtt_pub_sub_retain" />
</testsuite><testsuite name="local_mqtt_pub_sub_with_sudo" tests="1" errors="0" failures="0" skipped="0" time="0"><testcase classname="PySysTest" name="local_mqtt_pub_sub_with_sudo" />
</testsuite><testsuite name="local_mqtt_sub_fail" tests="1" errors="0" failures="0" skipped="0" time="0"><testcase classname="PySysTest" name="local_mqtt_sub_fail" />
</testsuite><testsuite name="log_request_error_messages" tests="1" errors="0" failures="0" skipped="1" time="0"><testcase classname="LogRequestVerifySearchTextError" name="log_request_error_messages">
		<skipped message="SKIPPED: Test execution disabled due to #1123" />
		<system-out>07:20:31 INFO  ==============================================================
07:20:31 INFO  Id:    log_request_error_messages
07:20:31 INFO  Dir:   log_request_end_to_end/
07:20:31 INFO  Title: Validate end to end behaviour for the log request operation check for error messages
07:20:31 INFO  ==============================================================
07:20:33 INFO  Test execution disabled due to #1123 ... skipped
07:20:33 INFO  
07:20:33 INFO  Test duration: 1.52 secs
07:20:33 INFO  Test final outcome:  SKIPPED
07:20:33 INFO  Test outcome reason: Test execution disabled due to #1123
07:20:33 INFO  
</system-out>
	</testcase>
</testsuite><testsuite name="log_request_num_lines" tests="1" errors="0" failures="0" skipped="1" time="0"><testcase classname="LogRequestVerifyNumberOfLines" name="log_request_num_lines">
		<skipped message="SKIPPED: Test execution disabled due to #1123" />
		<system-out>07:20:33 INFO  ==============================================================
07:20:33 INFO  Id:    log_request_num_lines
07:20:33 INFO  Dir:   log_request_end_to_end/
07:20:33 INFO  Title: Validate end to end behaviour for the log request operation check for number of lines
07:20:33 INFO  ==============================================================
07:20:33 INFO  Test execution disabled due to #1123 ... skipped
07:20:33 INFO  
07:20:33 INFO  Test duration: 0.02 secs
07:20:33 INFO  Test final outcome:  SKIPPED
07:20:33 INFO  Test outcome reason: Test execution disabled due to #1123
07:20:33 INFO  
</system-out>
	</testcase>
</testsuite><testsuite name="mapper_awaits_before_reconnect" tests="1" errors="0" failures="0" skipped="0" time="0"><testcase classname="MapperReconnectAwait" name="mapper_awaits_before_reconnect" />
</testsuite><testsuite name="monitoring_smaller_interval" tests="1" errors="0" failures="0" skipped="1" time="0"><testcase classname="MonitoringSmallInterval" name="monitoring_smaller_interval">
		<skipped message="SKIPPED: Fails due to retained message" />
		<system-out>07:22:28 INFO  ==============================================================
07:22:28 INFO  Id:    monitoring_smaller_interval
07:22:28 INFO  Dir:   monitoring/
07:22:28 INFO  Title: Validate the tedge dm agent messages that are produced with smaller sampling interval than the batching window. Here the simulated collectd messages are used
07:22:28 INFO  ==============================================================
07:22:28 INFO  Fails due to retained message ... skipped
07:22:28 INFO  
07:22:28 INFO  Test duration: 0.04 secs
07:22:28 INFO  Test final outcome:  SKIPPED
07:22:28 INFO  Test outcome reason: Fails due to retained message
07:22:28 INFO  
</system-out>
	</testcase>
</testsuite><testsuite name="monitoring_with_collectd" tests="1" errors="0" failures="0" skipped="1" time="0"><testcase classname="MonitoringWithCollectd" name="monitoring_with_collectd">
		<skipped message="SKIPPED: Test execution disabled due to #792 (instable)" />
		<system-out>07:22:28 INFO  ==============================================================
07:22:28 INFO  Id:    monitoring_with_collectd
07:22:28 INFO  Dir:   monitoring/
07:22:28 INFO  Title: Validate tedge dm agent messages that are produced by batching the collectd messages
07:22:28 INFO  ==============================================================
07:22:28 INFO  Test execution disabled due to #792 (instable) ... skipped
07:22:28 INFO  
07:22:28 INFO  Test duration: 0.04 secs
07:22:28 INFO  Test final outcome:  SKIPPED
07:22:28 INFO  Test outcome reason: Test execution disabled due to #792 (instable)
07:22:28 INFO  
</system-out>
	</testcase>
</testsuite><testsuite name="monitoring_with_simulated_messages" tests="1" errors="0" failures="0" skipped="1" time="0"><testcase classname="MonitoringWithSimulatedMessages" name="monitoring_with_simulated_messages">
		<skipped message="SKIPPED: Fails due to retained message" />
		<system-out>07:22:28 INFO  ==============================================================
07:22:28 INFO  Id:    monitoring_with_simulated_messages
07:22:28 INFO  Dir:   monitoring/
07:22:28 INFO  Title: Validate the tedge dm agent messages that are produced from the simulated collectd messages
07:22:28 INFO  ==============================================================
07:22:29 INFO  Fails due to retained message ... skipped
07:22:29 INFO  
07:22:29 INFO  Test duration: 0.03 secs
07:22:29 INFO  Test final outcome:  SKIPPED
07:22:29 INFO  Test outcome reason: Fails due to retained message
07:22:29 INFO  
</system-out>
	</testcase>
</testsuite><testsuite name="mqtt_port_change_connection_fails" tests="1" errors="0" failures="0" skipped="0" time="0"><testcase classname="MqttPortChangeConnectionFails" name="mqtt_port_change_connection_fails" />
</testsuite><testsuite name="mqtt_port_change_connection_works" tests="1" errors="0" failures="0" skipped="1" time="0"><testcase classname="MqttPortChangeConnectionWorks" name="mqtt_port_change_connection_works">
		<skipped message="SKIPPED: failing intermitently" />
		<system-out>07:21:08 INFO  ==============================================================
07:21:08 INFO  Id:    mqtt_port_change_connection_works
07:21:08 INFO  Dir:   misc_features/
07:21:08 INFO  Title: mqtt port change connection works for all the thin-edge services that use the mosquitto broker
07:21:08 INFO  ==============================================================
07:21:08 INFO  failing intermitently ... skipped
07:21:08 INFO  
07:21:08 INFO  Test duration: 0.15 secs
07:21:08 INFO  Test final outcome:  SKIPPED
07:21:08 INFO  Test outcome reason: failing intermitently
07:21:08 INFO  
</system-out>
	</testcase>
</testsuite><testsuite name="mqtt_port_set" tests="1" errors="0" failures="0" skipped="0" time="0"><testcase classname="MqttPortSet" name="mqtt_port_set" />
</testsuite><testsuite name="mqtt_port_unset" tests="1" errors="0" failures="0" skipped="0" time="0"><testcase classname="MqttPortUnSet" name="mqtt_port_unset" />
</testsuite><testsuite name="publish_flux" tests="1" errors="0" failures="0" skipped="0" time="0"><testcase classname="PublishFlux" name="publish_flux" />
</testsuite><testsuite name="publish_sawmill" tests="1" errors="0" failures="0" skipped="0" time="0"><testcase classname="PublishSawmill" name="publish_sawmill" />
</testsuite><testsuite name="pysys_block" tests="1" errors="0" failures="0" skipped="1" time="0"><testcase classname="Fail" name="pysys_block">
		<skipped message="SKIPPED: Enable this to observe a blocking test" />
		<system-out>07:21:31 INFO  ==============================================================
07:21:31 INFO  Id:    pysys_block
07:21:31 INFO  Dir:   misc_features/
07:21:31 INFO  Title: fail
07:21:31 INFO  ==============================================================
07:21:31 INFO  Enable this to observe a blocking test ... skipped
07:21:31 INFO  
07:21:31 INFO  Test duration: 0.02 secs
07:21:31 INFO  Test final outcome:  SKIPPED
07:21:31 INFO  Test outcome reason: Enable this to observe a blocking test
07:21:31 INFO  
</system-out>
	</testcase>
</testsuite><testsuite name="pysys_fail" tests="1" errors="0" failures="0" skipped="1" time="0"><testcase classname="Fail" name="pysys_fail">
		<skipped message="SKIPPED: Enable this to observe a failing test" />
		<system-out>07:21:31 INFO  ==============================================================
07:21:31 INFO  Id:    pysys_fail
07:21:31 INFO  Dir:   misc_features/
07:21:31 INFO  Title: fail
07:21:31 INFO  ==============================================================
07:21:31 INFO  Enable this to observe a failing test ... skipped
07:21:31 INFO  
07:21:31 INFO  Test duration: 0.02 secs
07:21:31 INFO  Test final outcome:  SKIPPED
07:21:31 INFO  Test outcome reason: Enable this to observe a failing test
07:21:31 INFO  
</system-out>
	</testcase>
</testsuite><testsuite name="runtime_start_two_mappers" tests="1" errors="0" failures="0" skipped="0" time="0"><testcase classname="RuntimeMultiMappers" name="runtime_start_two_mappers" />
</testsuite><testsuite name="sm_tedge_mapper_init_session" tests="1" errors="0" failures="0" skipped="0" time="0"><testcase classname="TedgeSMMapperInitSession" name="sm_tedge_mapper_init_session" />
</testsuite><testsuite name="smoketest_json" tests="1" errors="0" failures="0" skipped="0" time="0"><testcase classname="SmokeTestJson" name="smoketest_json" />
</testsuite><testsuite name="smoketest_json_400_samples_10ms" tests="1" errors="0" failures="0" skipped="0" time="0"><testcase classname="SmoketestJson400Samples10ms" name="smoketest_json_400_samples_10ms" />
</testsuite><testsuite name="smoketest_json_400_samples_20ms" tests="1" errors="0" failures="0" skipped="0" time="0"><testcase classname="SmoketestJson400Samples20ms" name="smoketest_json_400_samples_20ms" />
</testsuite><testsuite name="smoketest_smartrest" tests="1" errors="0" failures="0" skipped="0" time="0"><testcase classname="SmoketestSmartRest" name="smoketest_smartrest" />
</testsuite><testsuite name="smoketest_smartrest_200_samples_1Xms" tests="1" errors="0" failures="0" skipped="0" time="0"><testcase classname="SmoketestSmartRest200Samples1Xms" name="smoketest_smartrest_200_samples_1Xms" />
</testsuite><testsuite name="smoketest_smartrest_200_samples_20ms" tests="1" errors="0" failures="0" skipped="0" time="0"><testcase classname="SmoketestSmartRest200Samples20ms" name="smoketest_smartrest_200_samples_20ms" />
</testsuite><testsuite name="tedge_agent_user_sudo_access" tests="1" errors="0" failures="0" skipped="1" time="0"><testcase classname="TedgeAgentUserSudoAccess" name="tedge_agent_user_sudo_access">
		<skipped message="SKIPPED: #955 Observation: Exit code of the apt plugin when called with no arguments" />
		<system-out>07:32:41 INFO  ==============================================================
07:32:41 INFO  Id:    tedge_agent_user_sudo_access
07:32:41 INFO  Dir:   tedge/
07:32:41 INFO  Title: Validate tedge-agent user has a limited sudo right
07:32:41 INFO  ==============================================================
07:32:41 INFO  #955 Observation: Exit code of the apt plugin when called with no arguments ... skipped
07:32:41 INFO  
07:32:41 INFO  Test duration: 0.03 secs
07:32:41 INFO  Test final outcome:  SKIPPED
07:32:41 INFO  Test outcome reason: #955 Observation: Exit code of the apt plugin when called with no arguments
07:32:41 INFO  
</system-out>
	</testcase>
</testsuite><testsuite name="tedge_connect_test_negative" tests="1" errors="0" failures="0" skipped="0" time="0"><testcase classname="TedgeConnectTestNegative" name="tedge_connect_test_negative" />
</testsuite><testsuite name="tedge_connect_test_positive" tests="1" errors="0" failures="0" skipped="0" time="0"><testcase classname="TedgeConnectTestPositive" name="tedge_connect_test_positive" />
</testsuite><testsuite name="tedge_connect_test_sm_services" tests="1" errors="0" failures="0" skipped="0" time="0"><testcase classname="TedgeConnectTestSMServices" name="tedge_connect_test_sm_services" />
</testsuite><testsuite name="tedge_disconnect_test_sm_services" tests="1" errors="0" failures="0" skipped="0" time="0"><testcase classname="TedgeDisConnectTestSMServices" name="tedge_disconnect_test_sm_services" />
</testsuite><testsuite name="tedge_mapper_az_negative" tests="1" errors="0" failures="0" skipped="0" time="0"><testcase classname="TedgeMapperAzError" name="tedge_mapper_az_negative" />
</testsuite><testsuite name="tedge_mapper_az_with_timestamp" tests="1" errors="0" failures="0" skipped="0" time="0"><testcase classname="TedgeMapperAzWithTimestamp" name="tedge_mapper_az_with_timestamp" />
</testsuite><testsuite name="tedge_mapper_az_without_timestamp" tests="1" errors="0" failures="0" skipped="0" time="0"><testcase classname="TedgeMapperAzWithoutTimestamp" name="tedge_mapper_az_without_timestamp" />
</testsuite><testsuite name="tedge_mapper_c8y_alarms" tests="1" errors="0" failures="0" skipped="0" time="0"><testcase classname="TedgeMapperC8yAlarm" name="tedge_mapper_c8y_alarms" />
</testsuite><testsuite name="tedge_mapper_c8y_child_device_measurement" tests="1" errors="0" failures="0" skipped="1" time="0"><testcase classname="TedgeMapperC8yChildDevice" name="tedge_mapper_c8y_child_device_measurement">
		<skipped message="SKIPPED: Test execution disabled due to #1088" />
		<system-out>07:37:09 INFO  ==============================================================
07:37:09 INFO  Id:    tedge_mapper_c8y_child_device_measurement
07:37:09 INFO  Dir:   tedge_mapper_c8y/
07:37:09 INFO  Title: Validate that measurements sent to tedge/measurements/child topic gets mapped as the child device's measurement in Cumulocity
07:37:09 INFO  ==============================================================
07:37:09 INFO  Test execution disabled due to #1088 ... skipped
07:37:09 INFO  
07:37:09 INFO  Test duration: 0.05 secs
07:37:09 INFO  Test final outcome:  SKIPPED
07:37:09 INFO  Test outcome reason: Test execution disabled due to #1088
07:37:09 INFO  
</system-out>
	</testcase>
</testsuite><testsuite name="tedge_mapper_c8y_packet_threshold_size" tests="1" errors="0" failures="0" skipped="0" time="0"><testcase classname="TedgeMapperC8yThresholdPacketSize" name="tedge_mapper_c8y_packet_threshold_size" />
</testsuite><testsuite name="tedge_software_update" tests="1" errors="0" failures="0" skipped="0" time="0"><testcase classname="PySysTest" name="tedge_software_update" />
</testsuite><testsuite name="valid_device_id" tests="1" errors="0" failures="0" skipped="0" time="0"><testcase classname="ValidateValidDeviceId" name="valid_device_id" />
</testsuite></testsuites>