<?xml version='1.0' encoding='utf-8'?>
<testsuites tests="149" failures="23" errors="0" skipped="49" time="0.0"><testsuite name="SoftwareManagement.Plugin.apama_plugin_install" tests="3" errors="0" failures="0" skipped="1" time="0"><testcase classname="ApamaPluginInstallTest" name="SoftwareManagement.Plugin.apama_plugin_install">
		<skipped message="SKIPPED: Apama plugin tests are disabled by default. Execute `pysys run` with `-XmyPlatform=container` to run these tests" />
		<system-out>15:06:54 INFO  ==============================================================
15:06:54 INFO  Id:    SoftwareManagement.Plugin.apama_plugin_install
15:06:54 INFO  Dir:   plugin_apama/
15:06:54 INFO  Title: Validate apama plugin install
15:06:54 INFO  ==============================================================
15:06:54 INFO  Apama plugin tests are disabled by default. Execute `pysys run` with `-XmyPlatform=container` to run these tests ... skipped
15:06:54 WARN  Aborted test due to SKIPPED outcome
15:06:54 INFO  
15:06:54 INFO  Test duration: 0.05 secs
15:06:54 INFO  Test final outcome:  SKIPPED
15:06:54 INFO  Test outcome reason: Apama plugin tests are disabled by default. Execute `pysys run` with `-XmyPlatform=container` to run these tests
15:06:54 INFO  
</system-out>
	</testcase>
<testcase classname="ApamaPluginInstallTest" name="SoftwareManagement.Plugin.apama_plugin_install" />
<testcase classname="ApamaPluginInstallTest" name="SoftwareManagement.Plugin.apama_plugin_install" />
</testsuite><testsuite name="SoftwareManagement.Plugin.apama_plugin_mon_support" tests="3" errors="0" failures="0" skipped="1" time="0"><testcase classname="ApamaPluginMonSupportTest" name="SoftwareManagement.Plugin.apama_plugin_mon_support">
		<skipped message="SKIPPED: Apama plugin tests are disabled by default. Execute `pysys run` with `-XmyPlatform=container` to run these tests" />
		<system-out>15:06:54 INFO  ==============================================================
15:06:54 INFO  Id:    SoftwareManagement.Plugin.apama_plugin_mon_support
15:06:54 INFO  Dir:   plugin_apama/
15:06:54 INFO  Title: Validate mon file support of apama plugin
15:06:54 INFO  ==============================================================
15:06:54 INFO  Apama plugin tests are disabled by default. Execute `pysys run` with `-XmyPlatform=container` to run these tests ... skipped
15:06:54 WARN  Aborted test due to SKIPPED outcome
15:06:55 INFO  
15:06:55 INFO  Test duration: 0.02 secs
15:06:55 INFO  Test final outcome:  SKIPPED
15:06:55 INFO  Test outcome reason: Apama plugin tests are disabled by default. Execute `pysys run` with `-XmyPlatform=container` to run these tests
15:06:55 INFO  
</system-out>
	</testcase>
<testcase classname="ApamaPluginMonSupportTest" name="SoftwareManagement.Plugin.apama_plugin_mon_support" />
<testcase classname="ApamaPluginMonSupportTest" name="SoftwareManagement.Plugin.apama_plugin_mon_support" />
</testsuite><testsuite name="SoftwareManagement.Plugin.apama_plugin_remove" tests="3" errors="0" failures="0" skipped="1" time="0"><testcase classname="ApamaPluginRemoveTest" name="SoftwareManagement.Plugin.apama_plugin_remove">
		<skipped message="SKIPPED: Apama plugin tests are disabled by default. Execute `pysys run` with `-XmyPlatform=container` to run these tests" />
		<system-out>15:06:55 INFO  ==============================================================
15:06:55 INFO  Id:    SoftwareManagement.Plugin.apama_plugin_remove
15:06:55 INFO  Dir:   plugin_apama/
15:06:55 INFO  Title: Validate apama plugin remove
15:06:55 INFO  ==============================================================
15:06:55 INFO  Apama plugin tests are disabled by default. Execute `pysys run` with `-XmyPlatform=container` to run these tests ... skipped
15:06:55 WARN  Aborted test due to SKIPPED outcome
15:06:55 INFO  
15:06:55 INFO  Test duration: 0.02 secs
15:06:55 INFO  Test final outcome:  SKIPPED
15:06:55 INFO  Test outcome reason: Apama plugin tests are disabled by default. Execute `pysys run` with `-XmyPlatform=container` to run these tests
15:06:55 INFO  
</system-out>
	</testcase>
<testcase classname="ApamaPluginRemoveTest" name="SoftwareManagement.Plugin.apama_plugin_remove" />
<testcase classname="ApamaPluginRemoveTest" name="SoftwareManagement.Plugin.apama_plugin_remove" />
</testsuite><testsuite name="SoftwareManagement.Plugin.apama_plugin_update" tests="3" errors="0" failures="2" skipped="1" time="0"><testcase classname="ApamaPluginUpdateTest" name="SoftwareManagement.Plugin.apama_plugin_update">
		<skipped message="SKIPPED: Apama plugin tests are disabled by default. Execute `pysys run` with `-XmyPlatform=container` to run these tests" />
		<system-out>15:06:55 INFO  ==============================================================
15:06:55 INFO  Id:    SoftwareManagement.Plugin.apama_plugin_update
15:06:55 INFO  Dir:   plugin_apama/
15:06:55 INFO  Title: Validate apama plugin updating one project with another
15:06:55 INFO  ==============================================================
15:06:55 INFO  Apama plugin tests are disabled by default. Execute `pysys run` with `-XmyPlatform=container` to run these tests ... skipped
15:06:55 WARN  Aborted test due to SKIPPED outcome
15:06:55 INFO  
15:06:55 INFO  Test duration: 0.02 secs
15:06:55 INFO  Test final outcome:  SKIPPED
15:06:55 INFO  Test outcome reason: Apama plugin tests are disabled by default. Execute `pysys run` with `-XmyPlatform=container` to run these tests
15:06:55 INFO  
</system-out>
	</testcase>
<testcase classname="ApamaPluginUpdateTest" name="SoftwareManagement.Plugin.apama_plugin_update">
		<failure message="BLOCKED: sudo&lt;plugin_install&gt; returned non-zero exit code 2" type="BLOCKED" />
		<system-out>16:05:41 INFO  ==============================================================
16:05:41 INFO  Id:    SoftwareManagement.Plugin.apama_plugin_update
16:05:41 INFO  Dir:   plugin_apama/
16:05:41 INFO  Title: Validate apama plugin updating one project with another
16:05:41 INFO  ==============================================================
16:05:41 INFO  Assertion that path exists=False for "/etc/tedge/apama/project" ... passed
16:05:42 INFO  Executed sudo&lt;create_project_dir&gt;, exit status 0
16:05:43 INFO  Executed sudo&lt;unzip_apama_project&gt;, exit status 0
16:05:43 INFO  Executed sudo&lt;move_apama_project&gt;, exit status 0
16:05:44 INFO  Executed sudo&lt;restart_apama_service&gt;, exit status 0
16:05:45 INFO  Executed sudo&lt;apama_correlator_wait&gt;, exit status 0
16:05:45 INFO  Assertion that path exists=True for "/etc/tedge/apama/project" ... passed
16:05:46 INFO  Executed sudo&lt;apama_list_monitors&gt;, exit status 0
16:05:46 INFO  Grep on file /home/pi/actions-runner/_work/thin-edge.io/thin-edge.io/tests/PySys/plugin_apama/apama_plugin_update/Output/linux/apama_list_monitors.out ... passed
16:05:46 WARN  Executed sudo&lt;plugin_install&gt;, exit status 2
16:05:46 INFO  Contents of plugin_install.err: 
  ERROR: Directory not empty (os error 39)
  -----

16:05:47 WARN  sudo&lt;plugin_install&gt; returned non-zero exit code 2 ... blocked [run.py:26]
16:05:47 WARN  Aborted test due to BLOCKED outcome
16:05:47 INFO  
16:05:47 INFO  cleanup:
16:05:47 INFO  Removing apama project
16:06:03 INFO  Executed sudo&lt;stop_apama_service&gt;, exit status 0, duration 16 secs
16:06:03 INFO  Executed sudo&lt;remove_apama_project&gt;, exit status 0
16:06:04 INFO  Executed sudo&lt;remove_apama_tmp_dir&gt;, exit status 0
16:06:04 INFO  
16:06:04 INFO  Test duration: 22.28 secs
16:06:04 INFO  Test final outcome:  BLOCKED
16:06:04 INFO  Test outcome reason: sudo&lt;plugin_install&gt; returned non-zero exit code 2
16:06:04 INFO  
</system-out>
	</testcase>
<testcase classname="ApamaPluginUpdateTest" name="SoftwareManagement.Plugin.apama_plugin_update">
		<failure message="BLOCKED: sudo&lt;plugin_install&gt; returned non-zero exit code 2" type="BLOCKED" />
		<system-out>16:09:28 INFO  ==============================================================
16:09:28 INFO  Id:    SoftwareManagement.Plugin.apama_plugin_update
16:09:28 INFO  Dir:   plugin_apama/
16:09:28 INFO  Title: Validate apama plugin updating one project with another
16:09:28 INFO  ==============================================================
16:09:28 INFO  Assertion that path exists=False for "/etc/tedge/apama/project" ... passed
16:09:29 INFO  Executed sudo&lt;create_project_dir&gt;, exit status 0
16:09:29 INFO  Executed sudo&lt;unzip_apama_project&gt;, exit status 0
16:09:30 INFO  Executed sudo&lt;move_apama_project&gt;, exit status 0
16:09:31 INFO  Executed sudo&lt;restart_apama_service&gt;, exit status 0
16:09:31 INFO  Executed sudo&lt;apama_correlator_wait&gt;, exit status 0
16:09:31 INFO  Assertion that path exists=True for "/etc/tedge/apama/project" ... passed
16:09:32 INFO  Executed sudo&lt;apama_list_monitors&gt;, exit status 0
16:09:32 INFO  Grep on file /home/pi/actions-runner/_work/thin-edge.io/thin-edge.io/tests/PySys/plugin_apama/apama_plugin_update/Output/linux/apama_list_monitors.out ... passed
16:09:33 WARN  Executed sudo&lt;plugin_install&gt;, exit status 2
16:09:33 INFO  Contents of plugin_install.err: 
  ERROR: Directory not empty (os error 39)
  -----

16:09:34 WARN  sudo&lt;plugin_install&gt; returned non-zero exit code 2 ... blocked [run.py:26]
16:09:34 WARN  Aborted test due to BLOCKED outcome
16:09:34 INFO  
16:09:34 INFO  cleanup:
16:09:34 INFO  Removing apama project
16:09:50 INFO  Executed sudo&lt;stop_apama_service&gt;, exit status 0, duration 16 secs
16:09:50 INFO  Executed sudo&lt;remove_apama_project&gt;, exit status 0
16:09:51 INFO  Executed sudo&lt;remove_apama_tmp_dir&gt;, exit status 0
16:09:51 INFO  
16:09:51 INFO  Test duration: 22.76 secs
16:09:51 INFO  Test final outcome:  BLOCKED
16:09:51 INFO  Test outcome reason: sudo&lt;plugin_install&gt; returned non-zero exit code 2
16:09:51 INFO  
</system-out>
	</testcase>
</testsuite><testsuite name="SoftwareManagement.sm_apt_install_download_path" tests="3" errors="0" failures="2" skipped="1" time="0"><testcase classname="AptInstallWithDownloadPath" name="SoftwareManagement.sm_apt_install_download_path">
		<skipped message="SKIPPED: Testing the apt plugin is not supported on this platform.Use parameter -XmyPlatform='container' to enable it" />
		<system-out>15:17:26 INFO  ==============================================================
15:17:26 INFO  Id:    SoftwareManagement.sm_apt_install_download_path
15:17:26 INFO  Dir:   software_management_end_to_end/
15:17:26 INFO  Title: Install package to directory specified in tedge config set tmp.path
15:17:26 INFO  ==============================================================
15:17:26 INFO  Testing the apt plugin is not supported on this platform.Use parameter -XmyPlatform='container' to enable it ... skipped
15:17:26 WARN  Aborted test due to SKIPPED outcome
15:17:26 INFO  
15:17:26 INFO  Test duration: 0.07 secs
15:17:26 INFO  Test final outcome:  SKIPPED
15:17:26 INFO  Test outcome reason: Testing the apt plugin is not supported on this platform.Use parameter -XmyPlatform='container' to enable it
15:17:26 INFO  
</system-out>
	</testcase>
<testcase classname="AptInstallWithDownloadPath" name="SoftwareManagement.sm_apt_install_download_path">
		<failure message="BLOCKED: AssertionError:" type="BLOCKED" />
		<system-out>15:45:41 INFO  ==============================================================
15:45:41 INFO  Id:    SoftwareManagement.sm_apt_install_download_path
15:45:41 INFO  Dir:   software_management_end_to_end/
15:45:41 INFO  Title: Install package to directory specified in tedge config set tmp.path
15:45:41 INFO  ==============================================================
15:45:41 INFO  Using sw id database: {'asciijump': '5475369', 'robotfindskitten': '5474869', 'squirrel3': '5475279', 'rolldice': '5152439', 'moon-buggy': '5439204', 'apple': '5495053', 'banana': '5494888', 'cherry': '5495382', 'watermelon': '5494510', 'registry': '8018911', 'hello-world': '8021526', 'docker/getting-started': '8021973', 'alpine': '7991792'}
15:45:41 INFO  EnvironmentC8y Setup
15:45:42 INFO  Executed systemctl&lt;serv_mapper1&gt;, exit status 3
15:46:02 INFO  Executed sudo&lt;tedge_connect_c8y&gt;, exit status 0, duration 20 secs
15:46:03 INFO  Executed sudo&lt;tedge_connect_c8y_test&gt;, exit status 0
15:46:03 INFO  Executed systemctl&lt;serv_mosq2&gt;, exit status 0
15:46:04 INFO  Executed systemctl&lt;serv_mapper3&gt;, exit status 0
15:46:06 INFO  State of current operation: SUCCESSFUL
15:46:06 INFO  Assert that (False == value) with value=False ... passed
15:46:07 INFO  Executed sudo, exit status 0
15:46:07 INFO  Executed sudo, exit status 0
15:46:08 INFO  Executed sudo, exit status 0
15:46:14 INFO  Executed sudo&lt;tedge_disconnect_c8y&gt;, exit status 0
15:46:14 INFO  Restarting mosquitto too frequently in the last 10 seconds. It was only up for 5 seconds
15:46:14 INFO  Delaying execution by 6 seconds
15:46:37 INFO  Executed sudo&lt;tedge_connect_c8y&gt;, exit status 0, duration 17 secs
15:46:37 INFO  Response status: 201
15:46:37 INFO  Response to action: {
    "delivery": {
        "time": "2022-05-02T15:46:37.816Z",
        "log": [],
        "status": "PENDING"
    },
    "creationTime": "2022-05-02T15:46:37.804Z",
    "deviceName": "m32sd11e",
    "deviceId": "18180747",
    "self": "https://t493319102.eu-latest.cumulocity.com/devicecontrol/operations/18197831",
    "id": "18197831",
    "status": "PENDING",
    "description": "Apply software changes, triggered from PySys: [{'name': 'rolldice', 'id': '5152439', 'version': '::apt', 'url': 'https://thin-edge-io.eu-latest.cumulocity.com/inventory/binaries/12435463', 'action': 'install'}]",
    "c8y_SoftwareUpdate": [
        {
            "name": "rolldice",
            "action": "install",
            "id": "5152439",
            "version": "::apt",
            "url": "https://thin-edge-io.eu-latest.cumulocity.com/inventory/binaries/12435463"
        }
    ]
}
15:46:37 INFO  Started operation: {'delivery': {'time': '2022-05-02T15:46:37.816Z', 'log': [], 'status': 'PENDING'}, 'creationTime': '2022-05-02T15:46:37.804Z', 'deviceName': 'm32sd11e', 'deviceId': '18180747', 'self': 'https://t493319102.eu-latest.cumulocity.com/devicecontrol/operations/18197831', 'id': '18197831', 'status': 'PENDING', 'description': "Apply software changes, triggered from PySys: [{'name': 'rolldice', 'id': '5152439', 'version': '::apt', 'url': 'https://thin-edge-io.eu-latest.cumulocity.com/inventory/binaries/12435463', 'action': 'install'}]", 'c8y_SoftwareUpdate': [{'name': 'rolldice', 'action': 'install', 'id': '5152439', 'version': '::apt', 'url': 'https://thin-edge-io.eu-latest.cumulocity.com/inventory/binaries/12435463'}]}
15:46:37 WARN  , retrying in 0.5 seconds...
15:46:38 WARN  , retrying in 0.5 seconds...
15:46:38 WARN  , retrying in 0.5 seconds...
15:46:39 WARN  , retrying in 0.5 seconds...
15:46:39 WARN  , retrying in 0.5 seconds...
15:46:40 WARN  , retrying in 0.5 seconds...
15:46:40 WARN  , retrying in 0.5 seconds...
15:46:41 WARN  , retrying in 0.5 seconds...
15:46:41 WARN  , retrying in 0.5 seconds...
15:46:42 WARN  AssertionError occurred while running test - 
Traceback (most recent call last):
  File "/home/pi/env-pysys/lib/python3.9/site-packages/pysys/baserunner.py", line 1294, in __call__
    self.testObj.execute()
  File "/home/pi/actions-runner/_work/thin-edge.io/thin-edge.io/tests/PySys/software_management_end_to_end/sm_apt_install_download_path/run.py", line 83, in execute
    assert_install_in_download_path(install_directory=self.DOWNLOAD_DIR)
  File "/home/pi/env-pysys/lib/python3.9/site-packages/decorator.py", line 232, in fun
    return caller(func, *(extras + args), **kw)
  File "/home/pi/env-pysys/lib/python3.9/site-packages/retry/api.py", line 73, in retry_decorator
    return __retry_internal(partial(f, *args, **kwargs), exceptions, tries, delay, max_delay, backoff, jitter,
  File "/home/pi/env-pysys/lib/python3.9/site-packages/retry/api.py", line 33, in __retry_internal
    return f()
  File "/home/pi/actions-runner/_work/thin-edge.io/thin-edge.io/tests/PySys/software_management_end_to_end/sm_apt_install_download_path/run.py", line 28, in assert_install_in_download_path
    assert "rolldice" in os.listdir(f"{install_directory}")
AssertionError
15:46:42 WARN  AssertionError: ... blocked 
15:46:42 INFO  
15:46:42 INFO  cleanup:
15:46:43 INFO  Executed sudo, exit status 0
15:46:43 INFO  Executed sudo, exit status 0
15:46:49 INFO  Executed sudo&lt;tedge_disconnect_c8y&gt;, exit status 0
15:46:49 INFO  Restarting mosquitto too frequently in the last 10 seconds. It was only up for 5 seconds
15:46:49 INFO  Delaying execution by 6 seconds
15:47:13 INFO  Executed sudo&lt;tedge_connect_c8y&gt;, exit status 0, duration 18 secs
15:47:19 INFO  Executed sudo&lt;tedge_disconnect_c8y&gt;, exit status 0
15:47:20 INFO  Executed systemctl&lt;serv_mapper5&gt;, exit status 3
15:47:20 INFO  
15:47:20 INFO  Test duration: 99.01 secs
15:47:20 INFO  Test final outcome:  BLOCKED
15:47:20 INFO  Test outcome reason: AssertionError:
15:47:20 INFO  
</system-out>
	</testcase>
<testcase classname="AptInstallWithDownloadPath" name="SoftwareManagement.sm_apt_install_download_path">
		<failure message="BLOCKED: AssertionError:" type="BLOCKED" />
		<system-out>16:09:51 INFO  ==============================================================
16:09:51 INFO  Id:    SoftwareManagement.sm_apt_install_download_path
16:09:51 INFO  Dir:   software_management_end_to_end/
16:09:51 INFO  Title: Install package to directory specified in tedge config set tmp.path
16:09:51 INFO  ==============================================================
16:09:52 INFO  Using sw id database: {'asciijump': '5475369', 'robotfindskitten': '5474869', 'squirrel3': '5475279', 'rolldice': '5152439', 'moon-buggy': '5439204', 'apple': '5495053', 'banana': '5494888', 'cherry': '5495382', 'watermelon': '5494510', 'registry': '8018911', 'hello-world': '8021526', 'docker/getting-started': '8021973', 'alpine': '7991792'}
16:09:52 INFO  EnvironmentC8y Setup
16:09:53 INFO  Executed systemctl&lt;serv_mapper1&gt;, exit status 3
16:10:11 INFO  Executed sudo&lt;tedge_connect_c8y&gt;, exit status 0, duration 17 secs
16:10:11 INFO  Executed sudo&lt;tedge_connect_c8y_test&gt;, exit status 0
16:10:12 INFO  Executed systemctl&lt;serv_mosq2&gt;, exit status 0
16:10:12 INFO  Executed systemctl&lt;serv_mapper3&gt;, exit status 0
16:10:15 INFO  State of current operation: FAILED
16:10:15 INFO  Assert that (False == value) with value=False ... passed
16:10:15 INFO  Executed sudo, exit status 0
16:10:16 INFO  Executed sudo, exit status 0
16:10:17 INFO  Executed sudo, exit status 0
16:10:22 INFO  Executed sudo&lt;tedge_disconnect_c8y&gt;, exit status 0
16:10:22 INFO  Restarting mosquitto too frequently in the last 10 seconds. It was only up for 4 seconds
16:10:22 INFO  Delaying execution by 7 seconds
16:10:47 INFO  Executed sudo&lt;tedge_connect_c8y&gt;, exit status 0, duration 17 secs
16:10:47 INFO  Response status: 201
16:10:47 INFO  Response to action: {
    "creationTime": "2022-05-02T16:10:47.869Z",
    "deviceName": "m32sd11e",
    "deviceId": "18180747",
    "self": "https://t493319102.eu-latest.cumulocity.com/devicecontrol/operations/18212092",
    "id": "18212092",
    "status": "PENDING",
    "description": "Apply software changes, triggered from PySys: [{'name': 'rolldice', 'id': '5152439', 'version': '::apt', 'url': 'https://thin-edge-io.eu-latest.cumulocity.com/inventory/binaries/12435463', 'action': 'install'}]",
    "c8y_SoftwareUpdate": [
        {
            "name": "rolldice",
            "action": "install",
            "id": "5152439",
            "version": "::apt",
            "url": "https://thin-edge-io.eu-latest.cumulocity.com/inventory/binaries/12435463"
        }
    ]
}
16:10:47 INFO  Started operation: {'creationTime': '2022-05-02T16:10:47.869Z', 'deviceName': 'm32sd11e', 'deviceId': '18180747', 'self': 'https://t493319102.eu-latest.cumulocity.com/devicecontrol/operations/18212092', 'id': '18212092', 'status': 'PENDING', 'description': "Apply software changes, triggered from PySys: [{'name': 'rolldice', 'id': '5152439', 'version': '::apt', 'url': 'https://thin-edge-io.eu-latest.cumulocity.com/inventory/binaries/12435463', 'action': 'install'}]", 'c8y_SoftwareUpdate': [{'name': 'rolldice', 'action': 'install', 'id': '5152439', 'version': '::apt', 'url': 'https://thin-edge-io.eu-latest.cumulocity.com/inventory/binaries/12435463'}]}
16:10:47 WARN  , retrying in 0.5 seconds...
16:10:48 WARN  , retrying in 0.5 seconds...
16:10:48 WARN  , retrying in 0.5 seconds...
16:10:49 WARN  , retrying in 0.5 seconds...
16:10:49 WARN  , retrying in 0.5 seconds...
16:10:50 WARN  , retrying in 0.5 seconds...
16:10:50 WARN  , retrying in 0.5 seconds...
16:10:51 WARN  , retrying in 0.5 seconds...
16:10:51 WARN  , retrying in 0.5 seconds...
16:10:52 WARN  AssertionError occurred while running test - 
Traceback (most recent call last):
  File "/home/pi/env-pysys/lib/python3.9/site-packages/pysys/baserunner.py", line 1294, in __call__
    self.testObj.execute()
  File "/home/pi/actions-runner/_work/thin-edge.io/thin-edge.io/tests/PySys/software_management_end_to_end/sm_apt_install_download_path/run.py", line 83, in execute
    assert_install_in_download_path(install_directory=self.DOWNLOAD_DIR)
  File "/home/pi/env-pysys/lib/python3.9/site-packages/decorator.py", line 232, in fun
    return caller(func, *(extras + args), **kw)
  File "/home/pi/env-pysys/lib/python3.9/site-packages/retry/api.py", line 73, in retry_decorator
    return __retry_internal(partial(f, *args, **kwargs), exceptions, tries, delay, max_delay, backoff, jitter,
  File "/home/pi/env-pysys/lib/python3.9/site-packages/retry/api.py", line 33, in __retry_internal
    return f()
  File "/home/pi/actions-runner/_work/thin-edge.io/thin-edge.io/tests/PySys/software_management_end_to_end/sm_apt_install_download_path/run.py", line 28, in assert_install_in_download_path
    assert "rolldice" in os.listdir(f"{install_directory}")
AssertionError
16:10:52 WARN  AssertionError: ... blocked 
16:10:52 INFO  
16:10:52 INFO  cleanup:
16:10:53 INFO  Executed sudo, exit status 0
16:10:53 INFO  Executed sudo, exit status 0
16:10:59 INFO  Executed sudo&lt;tedge_disconnect_c8y&gt;, exit status 0
16:10:59 INFO  Restarting mosquitto too frequently in the last 10 seconds. It was only up for 5 seconds
16:10:59 INFO  Delaying execution by 6 seconds
16:11:23 INFO  Executed sudo&lt;tedge_connect_c8y&gt;, exit status 0, duration 17 secs
16:11:29 INFO  Executed sudo&lt;tedge_disconnect_c8y&gt;, exit status 0
16:11:29 INFO  Executed systemctl&lt;serv_mapper5&gt;, exit status 3
16:11:29 INFO  
16:11:29 INFO  Test duration: 98.68 secs
16:11:29 INFO  Test final outcome:  BLOCKED
16:11:29 INFO  Test outcome reason: AssertionError:
16:11:29 INFO  
</system-out>
	</testcase>
</testsuite><testsuite name="SoftwareManagement.sm_apt_install_fail" tests="3" errors="0" failures="0" skipped="1" time="0"><testcase classname="PySysTest" name="SoftwareManagement.sm_apt_install_fail">
		<skipped message="SKIPPED: Testing the apt plugin is not supported on this platform.Use parameter -XmyPlatform='container' to enable it" />
		<system-out>15:17:26 INFO  ==============================================================
15:17:26 INFO  Id:    SoftwareManagement.sm_apt_install_fail
15:17:26 INFO  Dir:   software_management_end_to_end/
15:17:26 INFO  Title: Validate end to end behaviour for a failing installation
15:17:26 INFO  ==============================================================
15:17:26 INFO  Testing the apt plugin is not supported on this platform.Use parameter -XmyPlatform='container' to enable it ... skipped
15:17:26 WARN  Aborted test due to SKIPPED outcome
15:17:26 INFO  
15:17:26 INFO  Test duration: 0.02 secs
15:17:26 INFO  Test final outcome:  SKIPPED
15:17:26 INFO  Test outcome reason: Testing the apt plugin is not supported on this platform.Use parameter -XmyPlatform='container' to enable it
15:17:26 INFO  
</system-out>
	</testcase>
<testcase classname="PySysTest" name="SoftwareManagement.sm_apt_install_fail" />
<testcase classname="PySysTest" name="SoftwareManagement.sm_apt_install_fail" />
</testsuite><testsuite name="SoftwareManagement.sm_apt_install_remove" tests="3" errors="0" failures="0" skipped="1" time="0"><testcase classname="PySysTest" name="SoftwareManagement.sm_apt_install_remove">
		<skipped message="SKIPPED: Testing the apt plugin is not supported on this platform.Use parameter -XmyPlatform='container' to enable it" />
		<system-out>15:17:26 INFO  ==============================================================
15:17:26 INFO  Id:    SoftwareManagement.sm_apt_install_remove
15:17:26 INFO  Dir:   software_management_end_to_end/
15:17:26 INFO  Title: Validate end to end behaviour for the apt plugin for installation and removal of packages
15:17:26 INFO  ==============================================================
15:17:26 INFO  Testing the apt plugin is not supported on this platform.Use parameter -XmyPlatform='container' to enable it ... skipped
15:17:26 WARN  Aborted test due to SKIPPED outcome
15:17:26 INFO  
15:17:26 INFO  Test duration: 0.02 secs
15:17:26 INFO  Test final outcome:  SKIPPED
15:17:26 INFO  Test outcome reason: Testing the apt plugin is not supported on this platform.Use parameter -XmyPlatform='container' to enable it
15:17:26 INFO  
</system-out>
	</testcase>
<testcase classname="PySysTest" name="SoftwareManagement.sm_apt_install_remove" />
<testcase classname="PySysTest" name="SoftwareManagement.sm_apt_install_remove" />
</testsuite><testsuite name="SoftwareManagement.sm_apt_install_remove_default" tests="3" errors="0" failures="0" skipped="1" time="0"><testcase classname="PySysTest" name="SoftwareManagement.sm_apt_install_remove_default">
		<skipped message="SKIPPED: Testing the apt plugin is not supported on this platform.Use parameter -XmyPlatform='container' to enable it" />
		<system-out>15:17:26 INFO  ==============================================================
15:17:26 INFO  Id:    SoftwareManagement.sm_apt_install_remove_default
15:17:26 INFO  Dir:   software_management_end_to_end/
15:17:26 INFO  Title: Validate end to end behaviour for the default plugin for installation and removal of packages
15:17:26 INFO  ==============================================================
15:17:26 INFO  Testing the apt plugin is not supported on this platform.Use parameter -XmyPlatform='container' to enable it ... skipped
15:17:26 WARN  Aborted test due to SKIPPED outcome
15:17:26 INFO  
15:17:26 INFO  Test duration: 0.02 secs
15:17:26 INFO  Test final outcome:  SKIPPED
15:17:26 INFO  Test outcome reason: Testing the apt plugin is not supported on this platform.Use parameter -XmyPlatform='container' to enable it
15:17:26 INFO  
</system-out>
	</testcase>
<testcase classname="PySysTest" name="SoftwareManagement.sm_apt_install_remove_default" />
<testcase classname="PySysTest" name="SoftwareManagement.sm_apt_install_remove_default" />
</testsuite><testsuite name="SoftwareManagement.sm_apt_install_remove_multiple" tests="3" errors="0" failures="2" skipped="1" time="0"><testcase classname="PySysTest" name="SoftwareManagement.sm_apt_install_remove_multiple">
		<skipped message="SKIPPED: Testing the apt plugin is not supported on this platform.Use parameter -XmyPlatform='container' to enable it" />
		<system-out>15:17:26 INFO  ==============================================================
15:17:26 INFO  Id:    SoftwareManagement.sm_apt_install_remove_multiple
15:17:26 INFO  Dir:   software_management_end_to_end/
15:17:26 INFO  Title: Validate end to end behaviour for the apt plugin for multiple packages
15:17:26 INFO  ==============================================================
15:17:26 INFO  Testing the apt plugin is not supported on this platform.Use parameter -XmyPlatform='container' to enable it ... skipped
15:17:26 WARN  Aborted test due to SKIPPED outcome
15:17:26 INFO  
15:17:26 INFO  Test duration: 0.02 secs
15:17:26 INFO  Test final outcome:  SKIPPED
15:17:26 INFO  Test outcome reason: Testing the apt plugin is not supported on this platform.Use parameter -XmyPlatform='container' to enable it
15:17:26 INFO  
</system-out>
	</testcase>
<testcase classname="PySysTest" name="SoftwareManagement.sm_apt_install_remove_multiple">
		<failure message="FAILED: Assert that (False == value) with value=True" type="FAILED" />
		<system-out>15:54:51 INFO  ==============================================================
15:54:51 INFO  Id:    SoftwareManagement.sm_apt_install_remove_multiple
15:54:51 INFO  Dir:   software_management_end_to_end/
15:54:51 INFO  Title: Validate end to end behaviour for the apt plugin for multiple packages
15:54:51 INFO  ==============================================================
15:54:51 INFO  Using sw id database: {'asciijump': '5475369', 'robotfindskitten': '5474869', 'squirrel3': '5475279', 'rolldice': '5152439', 'moon-buggy': '5439204', 'apple': '5495053', 'banana': '5494888', 'cherry': '5495382', 'watermelon': '5494510', 'registry': '8018911', 'hello-world': '8021526', 'docker/getting-started': '8021973', 'alpine': '7991792'}
15:54:51 INFO  EnvironmentC8y Setup
15:54:51 INFO  Executed systemctl&lt;serv_mapper1&gt;, exit status 3
15:54:51 INFO  Restarting mosquitto too frequently in the last 10 seconds. It was only up for 5 seconds
15:54:51 INFO  Delaying execution by 6 seconds
15:55:15 INFO  Executed sudo&lt;tedge_connect_c8y&gt;, exit status 0, duration 17 secs
15:55:16 INFO  Executed sudo&lt;tedge_connect_c8y_test&gt;, exit status 0
15:55:16 INFO  Executed systemctl&lt;serv_mosq2&gt;, exit status 0
15:55:17 INFO  Executed systemctl&lt;serv_mapper3&gt;, exit status 0
15:55:19 INFO  State of current operation: SUCCESSFUL
15:55:19 INFO  Assert that (False == value) with value=False ... passed
15:55:20 INFO  Assert that (False == value) with value=False ... passed
15:55:20 INFO  Assert that (False == value) with value=False ... passed
15:55:20 INFO  Package robotfindskitten is installed
15:55:20 WARN  Assert that (False == value) with value=True ... failed 
15:55:20 INFO  Response status: 201
15:55:20 INFO  Response to action: {
    "creationTime": "2022-05-02T15:55:20.739Z",
    "deviceName": "m32sd11e",
    "deviceId": "18180747",
    "self": "https://t493319102.eu-latest.cumulocity.com/devicecontrol/operations/18211950",
    "id": "18211950",
    "status": "PENDING",
    "description": "Apply software changes, triggered from PySys: [{'action': 'install', 'id': '5475369', 'name': 'asciijump', 'url': ' ', 'version': '::apt'}, {'action': 'install', 'id': '5474869', 'name': 'robotfindskitten', 'url': ' ', 'version': '::apt'}, {'action': 'install', 'id': '5475279', 'name': 'squirrel3', 'url': ' ', 'version': '::apt'}]",
    "c8y_SoftwareUpdate": [
        {
            "name": "asciijump",
            "action": "install",
            "id": "5475369",
            "version": "::apt",
            "url": " "
        },
        {
            "name": "robotfindskitten",
            "action": "install",
            "id": "5474869",
            "version": "::apt",
            "url": " "
        },
        {
            "name": "squirrel3",
            "action": "install",
            "id": "5475279",
            "version": "::apt",
            "url": " "
        }
    ]
}
15:55:20 INFO  Started operation: {'creationTime': '2022-05-02T15:55:20.739Z', 'deviceName': 'm32sd11e', 'deviceId': '18180747', 'self': 'https://t493319102.eu-latest.cumulocity.com/devicecontrol/operations/18211950', 'id': '18211950', 'status': 'PENDING', 'description': "Apply software changes, triggered from PySys: [{'action': 'install', 'id': '5475369', 'name': 'asciijump', 'url': ' ', 'version': '::apt'}, {'action': 'install', 'id': '5474869', 'name': 'robotfindskitten', 'url': ' ', 'version': '::apt'}, {'action': 'install', 'id': '5475279', 'name': 'squirrel3', 'url': ' ', 'version': '::apt'}]", 'c8y_SoftwareUpdate': [{'name': 'asciijump', 'action': 'install', 'id': '5475369', 'version': '::apt', 'url': ' '}, {'name': 'robotfindskitten', 'action': 'install', 'id': '5474869', 'version': '::apt', 'url': ' '}, {'name': 'squirrel3', 'action': 'install', 'id': '5475279', 'version': '::apt', 'url': ' '}]}
15:55:23 INFO  State of operation 18211950 : PENDING
15:55:25 INFO  State of operation 18211950 : EXECUTING
15:55:27 INFO  State of operation 18211950 : EXECUTING
15:55:29 INFO  State of operation 18211950 : EXECUTING
15:55:31 INFO  State of operation 18211950 : EXECUTING
15:55:34 INFO  State of operation 18211950 : EXECUTING
15:55:36 INFO  State of operation 18211950 : EXECUTING
15:55:39 INFO  State of operation 18211950 : EXECUTING
15:55:41 INFO  State of operation 18211950 : EXECUTING
15:55:44 INFO  State of operation 18211950 : EXECUTING
15:55:46 INFO  State of operation 18211950 : EXECUTING
15:55:48 INFO  State of operation 18211950 : EXECUTING
15:55:50 INFO  State of operation 18211950 : EXECUTING
15:55:53 INFO  State of operation 18211950 : EXECUTING
15:55:55 INFO  State of operation 18211950 : EXECUTING
15:55:57 INFO  State of operation 18211950 : EXECUTING
15:55:59 INFO  State of operation 18211950 : EXECUTING
15:56:02 INFO  State of operation 18211950 : EXECUTING
15:56:04 INFO  State of operation 18211950 : EXECUTING
15:56:06 INFO  State of operation 18211950 : EXECUTING
15:56:08 INFO  State of operation 18211950 : EXECUTING
15:56:11 INFO  State of operation 18211950 : EXECUTING
15:56:13 INFO  State of operation 18211950 : EXECUTING
15:56:16 INFO  State of operation 18211950 : EXECUTING
15:56:18 INFO  State of operation 18211950 : EXECUTING
15:56:20 INFO  State of operation 18211950 : EXECUTING
15:56:23 INFO  State of operation 18211950 : EXECUTING
15:56:25 INFO  State of operation 18211950 : EXECUTING
15:56:28 INFO  State of operation 18211950 : EXECUTING
15:56:30 INFO  State of operation 18211950 : EXECUTING
15:56:32 INFO  State of operation 18211950 : EXECUTING
15:56:35 INFO  State of operation 18211950 : EXECUTING
15:56:37 INFO  State of operation 18211950 : EXECUTING
15:56:40 INFO  State of operation 18211950 : EXECUTING
15:56:42 INFO  State of operation 18211950 : EXECUTING
15:56:44 INFO  State of operation 18211950 : EXECUTING
15:56:46 INFO  State of operation 18211950 : EXECUTING
15:56:49 INFO  State of operation 18211950 : EXECUTING
15:56:51 INFO  State of operation 18211950 : EXECUTING
15:56:53 INFO  State of operation 18211950 : SUCCESSFUL
15:56:53 INFO  Assert that (False == value) with value=False ... passed
15:56:54 INFO  Package asciijump is installed
15:56:54 INFO  Assert that (True == value) with value=True ... passed
15:56:54 INFO  Package squirrel3 is installed
15:56:54 INFO  Assert that (True == value) with value=True ... passed
15:56:54 INFO  Package robotfindskitten is installed
15:56:54 INFO  Assert that (True == value) with value=True ... passed
15:56:54 INFO  Response status: 201
15:56:54 INFO  Response to action: {
    "creationTime": "2022-05-02T15:56:54.793Z",
    "deviceName": "m32sd11e",
    "deviceId": "18180747",
    "self": "https://t493319102.eu-latest.cumulocity.com/devicecontrol/operations/18211970",
    "id": "18211970",
    "status": "PENDING",
    "description": "Apply software changes, triggered from PySys: [{'action': 'delete', 'id': '5475369', 'name': 'asciijump', 'url': ' ', 'version': '::apt'}, {'action': 'delete', 'id': '5474869', 'name': 'robotfindskitten', 'url': ' ', 'version': '::apt'}, {'action': 'delete', 'id': '5475279', 'name': 'squirrel3', 'url': ' ', 'version': '::apt'}]",
    "c8y_SoftwareUpdate": [
        {
            "name": "asciijump",
            "action": "delete",
            "id": "5475369",
            "version": "::apt",
            "url": " "
        },
        {
            "name": "robotfindskitten",
            "action": "delete",
            "id": "5474869",
            "version": "::apt",
            "url": " "
        },
        {
            "name": "squirrel3",
            "action": "delete",
            "id": "5475279",
            "version": "::apt",
            "url": " "
        }
    ]
}
15:56:54 INFO  Started operation: {'creationTime': '2022-05-02T15:56:54.793Z', 'deviceName': 'm32sd11e', 'deviceId': '18180747', 'self': 'https://t493319102.eu-latest.cumulocity.com/devicecontrol/operations/18211970', 'id': '18211970', 'status': 'PENDING', 'description': "Apply software changes, triggered from PySys: [{'action': 'delete', 'id': '5475369', 'name': 'asciijump', 'url': ' ', 'version': '::apt'}, {'action': 'delete', 'id': '5474869', 'name': 'robotfindskitten', 'url': ' ', 'version': '::apt'}, {'action': 'delete', 'id': '5475279', 'name': 'squirrel3', 'url': ' ', 'version': '::apt'}]", 'c8y_SoftwareUpdate': [{'name': 'asciijump', 'action': 'delete', 'id': '5475369', 'version': '::apt', 'url': ' '}, {'name': 'robotfindskitten', 'action': 'delete', 'id': '5474869', 'version': '::apt', 'url': ' '}, {'name': 'squirrel3', 'action': 'delete', 'id': '5475279', 'version': '::apt', 'url': ' '}]}
15:56:57 INFO  State of operation 18211970 : PENDING
15:56:59 INFO  State of operation 18211970 : EXECUTING
15:57:01 INFO  State of operation 18211970 : EXECUTING
15:57:03 INFO  State of operation 18211970 : EXECUTING
15:57:06 INFO  State of operation 18211970 : EXECUTING
15:57:08 INFO  State of operation 18211970 : EXECUTING
15:57:10 INFO  State of operation 18211970 : EXECUTING
15:57:13 INFO  State of operation 18211970 : EXECUTING
15:57:15 INFO  State of operation 18211970 : EXECUTING
15:57:18 INFO  State of operation 18211970 : EXECUTING
15:57:20 INFO  State of operation 18211970 : EXECUTING
15:57:23 INFO  State of operation 18211970 : EXECUTING
15:57:25 INFO  State of operation 18211970 : EXECUTING
15:57:27 INFO  State of operation 18211970 : EXECUTING
15:57:29 INFO  State of operation 18211970 : EXECUTING
15:57:31 INFO  State of operation 18211970 : EXECUTING
15:57:34 INFO  State of operation 18211970 : EXECUTING
15:57:36 INFO  State of operation 18211970 : EXECUTING
15:57:38 INFO  State of operation 18211970 : EXECUTING
15:57:41 INFO  State of operation 18211970 : EXECUTING
15:57:43 INFO  State of operation 18211970 : EXECUTING
15:57:46 INFO  State of operation 18211970 : EXECUTING
15:57:48 INFO  State of operation 18211970 : EXECUTING
15:57:51 INFO  State of operation 18211970 : EXECUTING
15:57:53 INFO  State of operation 18211970 : EXECUTING
15:57:55 INFO  State of operation 18211970 : EXECUTING
15:57:57 INFO  State of operation 18211970 : EXECUTING
15:58:00 INFO  State of operation 18211970 : EXECUTING
15:58:02 INFO  State of operation 18211970 : EXECUTING
15:58:05 INFO  State of operation 18211970 : EXECUTING
15:58:07 INFO  State of operation 18211970 : EXECUTING
15:58:09 INFO  State of operation 18211970 : EXECUTING
15:58:11 INFO  State of operation 18211970 : SUCCESSFUL
15:58:12 INFO  Assert that (False == value) with value=False ... passed
15:58:12 INFO  Assert that (False == value) with value=False ... passed
15:58:12 INFO  Assert that (False == value) with value=False ... passed
15:58:12 INFO  Assert that (False == value) with value=False ... passed
15:58:12 INFO  
15:58:12 INFO  cleanup:
15:58:18 INFO  Executed sudo&lt;tedge_disconnect_c8y&gt;, exit status 0
15:58:19 INFO  Executed systemctl&lt;serv_mapper5&gt;, exit status 3
15:58:19 INFO  
15:58:19 INFO  Test duration: 207.86 secs
15:58:19 INFO  Test final outcome:  FAILED
15:58:19 INFO  Test outcome reason: Assert that (False == value) with value=True
15:58:19 INFO  
</system-out>
	</testcase>
<testcase classname="PySysTest" name="SoftwareManagement.sm_apt_install_remove_multiple">
		<failure message="FAILED: Assert that (False == value) with value=True (+2 other failures)" type="FAILED" />
		<system-out>16:19:56 INFO  ==============================================================
16:19:56 INFO  Id:    SoftwareManagement.sm_apt_install_remove_multiple
16:19:56 INFO  Dir:   software_management_end_to_end/
16:19:56 INFO  Title: Validate end to end behaviour for the apt plugin for multiple packages
16:19:56 INFO  ==============================================================
16:19:56 INFO  Using sw id database: {'asciijump': '5475369', 'robotfindskitten': '5474869', 'squirrel3': '5475279', 'rolldice': '5152439', 'moon-buggy': '5439204', 'apple': '5495053', 'banana': '5494888', 'cherry': '5495382', 'watermelon': '5494510', 'registry': '8018911', 'hello-world': '8021526', 'docker/getting-started': '8021973', 'alpine': '7991792'}
16:19:56 INFO  EnvironmentC8y Setup
16:19:56 INFO  Executed systemctl&lt;serv_mapper1&gt;, exit status 3
16:19:56 INFO  Restarting mosquitto too frequently in the last 10 seconds. It was only up for 6 seconds
16:19:56 INFO  Delaying execution by 5 seconds
16:20:19 INFO  Executed sudo&lt;tedge_connect_c8y&gt;, exit status 0, duration 17 secs
16:20:20 INFO  Executed sudo&lt;tedge_connect_c8y_test&gt;, exit status 0
16:20:20 INFO  Executed systemctl&lt;serv_mosq2&gt;, exit status 0
16:20:21 INFO  Executed systemctl&lt;serv_mapper3&gt;, exit status 0
16:20:23 INFO  State of current operation: SUCCESSFUL
16:20:23 INFO  Assert that (False == value) with value=False ... passed
16:20:24 INFO  Package asciijump is installed
16:20:24 WARN  Assert that (False == value) with value=True ... failed 
16:20:24 INFO  Package squirrel3 is installed
16:20:24 WARN  Assert that (False == value) with value=True ... failed 
16:20:25 INFO  Package robotfindskitten is installed
16:20:25 WARN  Assert that (False == value) with value=True ... failed 
16:20:25 INFO  Response status: 201
16:20:25 INFO  Response to action: {
    "creationTime": "2022-05-02T16:20:25.275Z",
    "deviceName": "m32sd11e",
    "deviceId": "18180747",
    "self": "https://t493319102.eu-latest.cumulocity.com/devicecontrol/operations/18214203",
    "id": "18214203",
    "status": "PENDING",
    "description": "Apply software changes, triggered from PySys: [{'action': 'install', 'id': '5475369', 'name': 'asciijump', 'url': ' ', 'version': '::apt'}, {'action': 'install', 'id': '5474869', 'name': 'robotfindskitten', 'url': ' ', 'version': '::apt'}, {'action': 'install', 'id': '5475279', 'name': 'squirrel3', 'url': ' ', 'version': '::apt'}]",
    "c8y_SoftwareUpdate": [
        {
            "name": "asciijump",
            "action": "install",
            "id": "5475369",
            "version": "::apt",
            "url": " "
        },
        {
            "name": "robotfindskitten",
            "action": "install",
            "id": "5474869",
            "version": "::apt",
            "url": " "
        },
        {
            "name": "squirrel3",
            "action": "install",
            "id": "5475279",
            "version": "::apt",
            "url": " "
        }
    ]
}
16:20:25 INFO  Started operation: {'creationTime': '2022-05-02T16:20:25.275Z', 'deviceName': 'm32sd11e', 'deviceId': '18180747', 'self': 'https://t493319102.eu-latest.cumulocity.com/devicecontrol/operations/18214203', 'id': '18214203', 'status': 'PENDING', 'description': "Apply software changes, triggered from PySys: [{'action': 'install', 'id': '5475369', 'name': 'asciijump', 'url': ' ', 'version': '::apt'}, {'action': 'install', 'id': '5474869', 'name': 'robotfindskitten', 'url': ' ', 'version': '::apt'}, {'action': 'install', 'id': '5475279', 'name': 'squirrel3', 'url': ' ', 'version': '::apt'}]", 'c8y_SoftwareUpdate': [{'name': 'asciijump', 'action': 'install', 'id': '5475369', 'version': '::apt', 'url': ' '}, {'name': 'robotfindskitten', 'action': 'install', 'id': '5474869', 'version': '::apt', 'url': ' '}, {'name': 'squirrel3', 'action': 'install', 'id': '5475279', 'version': '::apt', 'url': ' '}]}
16:20:27 INFO  State of operation 18214203 : PENDING
16:20:29 INFO  State of operation 18214203 : EXECUTING
16:20:32 INFO  State of operation 18214203 : EXECUTING
16:20:34 INFO  State of operation 18214203 : EXECUTING
16:20:36 INFO  State of operation 18214203 : EXECUTING
16:20:38 INFO  State of operation 18214203 : EXECUTING
16:20:40 INFO  State of operation 18214203 : EXECUTING
16:20:43 INFO  State of operation 18214203 : EXECUTING
16:20:46 INFO  State of operation 18214203 : EXECUTING
16:20:48 INFO  State of operation 18214203 : EXECUTING
16:20:51 INFO  State of operation 18214203 : EXECUTING
16:20:53 INFO  State of operation 18214203 : EXECUTING
16:20:55 INFO  State of operation 18214203 : EXECUTING
16:20:57 INFO  State of operation 18214203 : EXECUTING
16:21:00 INFO  State of operation 18214203 : EXECUTING
16:21:02 INFO  State of operation 18214203 : EXECUTING
16:21:04 INFO  State of operation 18214203 : EXECUTING
16:21:07 INFO  State of operation 18214203 : SUCCESSFUL
16:21:07 INFO  Assert that (False == value) with value=False ... passed
16:21:07 INFO  Package asciijump is installed
16:21:07 INFO  Assert that (True == value) with value=True ... passed
16:21:07 INFO  Package squirrel3 is installed
16:21:07 INFO  Assert that (True == value) with value=True ... passed
16:21:08 INFO  Package robotfindskitten is installed
16:21:08 INFO  Assert that (True == value) with value=True ... passed
16:21:08 INFO  Response status: 201
16:21:08 INFO  Response to action: {
    "creationTime": "2022-05-02T16:21:08.233Z",
    "deviceName": "m32sd11e",
    "deviceId": "18180747",
    "self": "https://t493319102.eu-latest.cumulocity.com/devicecontrol/operations/18214221",
    "id": "18214221",
    "status": "PENDING",
    "description": "Apply software changes, triggered from PySys: [{'action': 'delete', 'id': '5475369', 'name': 'asciijump', 'url': ' ', 'version': '::apt'}, {'action': 'delete', 'id': '5474869', 'name': 'robotfindskitten', 'url': ' ', 'version': '::apt'}, {'action': 'delete', 'id': '5475279', 'name': 'squirrel3', 'url': ' ', 'version': '::apt'}]",
    "c8y_SoftwareUpdate": [
        {
            "name": "asciijump",
            "action": "delete",
            "id": "5475369",
            "version": "::apt",
            "url": " "
        },
        {
            "name": "robotfindskitten",
            "action": "delete",
            "id": "5474869",
            "version": "::apt",
            "url": " "
        },
        {
            "name": "squirrel3",
            "action": "delete",
            "id": "5475279",
            "version": "::apt",
            "url": " "
        }
    ]
}
16:21:08 INFO  Started operation: {'creationTime': '2022-05-02T16:21:08.233Z', 'deviceName': 'm32sd11e', 'deviceId': '18180747', 'self': 'https://t493319102.eu-latest.cumulocity.com/devicecontrol/operations/18214221', 'id': '18214221', 'status': 'PENDING', 'description': "Apply software changes, triggered from PySys: [{'action': 'delete', 'id': '5475369', 'name': 'asciijump', 'url': ' ', 'version': '::apt'}, {'action': 'delete', 'id': '5474869', 'name': 'robotfindskitten', 'url': ' ', 'version': '::apt'}, {'action': 'delete', 'id': '5475279', 'name': 'squirrel3', 'url': ' ', 'version': '::apt'}]", 'c8y_SoftwareUpdate': [{'name': 'asciijump', 'action': 'delete', 'id': '5475369', 'version': '::apt', 'url': ' '}, {'name': 'robotfindskitten', 'action': 'delete', 'id': '5474869', 'version': '::apt', 'url': ' '}, {'name': 'squirrel3', 'action': 'delete', 'id': '5475279', 'version': '::apt', 'url': ' '}]}
16:21:10 INFO  State of operation 18214221 : PENDING
16:21:12 INFO  State of operation 18214221 : EXECUTING
16:21:15 INFO  State of operation 18214221 : EXECUTING
16:21:17 INFO  State of operation 18214221 : EXECUTING
16:21:19 INFO  State of operation 18214221 : EXECUTING
16:21:21 INFO  State of operation 18214221 : EXECUTING
16:21:24 INFO  State of operation 18214221 : EXECUTING
16:21:26 INFO  State of operation 18214221 : EXECUTING
16:21:29 INFO  State of operation 18214221 : EXECUTING
16:21:32 INFO  State of operation 18214221 : EXECUTING
16:21:34 INFO  State of operation 18214221 : EXECUTING
16:21:36 INFO  State of operation 18214221 : EXECUTING
16:21:39 INFO  State of operation 18214221 : EXECUTING
16:21:41 INFO  State of operation 18214221 : EXECUTING
16:21:43 INFO  State of operation 18214221 : EXECUTING
16:21:45 INFO  State of operation 18214221 : EXECUTING
16:21:48 INFO  State of operation 18214221 : EXECUTING
16:21:50 INFO  State of operation 18214221 : EXECUTING
16:21:52 INFO  State of operation 18214221 : EXECUTING
16:21:55 INFO  State of operation 18214221 : EXECUTING
16:21:57 INFO  State of operation 18214221 : EXECUTING
16:22:00 INFO  State of operation 18214221 : EXECUTING
16:22:02 INFO  State of operation 18214221 : EXECUTING
16:22:05 INFO  State of operation 18214221 : EXECUTING
16:22:07 INFO  State of operation 18214221 : EXECUTING
16:22:09 INFO  State of operation 18214221 : EXECUTING
16:22:11 INFO  State of operation 18214221 : EXECUTING
16:22:14 INFO  State of operation 18214221 : EXECUTING
16:22:16 INFO  State of operation 18214221 : EXECUTING
16:22:19 INFO  State of operation 18214221 : EXECUTING
16:22:21 INFO  State of operation 18214221 : EXECUTING
16:22:23 INFO  State of operation 18214221 : EXECUTING
16:22:26 INFO  State of operation 18214221 : EXECUTING
16:22:28 INFO  State of operation 18214221 : SUCCESSFUL
16:22:28 INFO  Assert that (False == value) with value=False ... passed
16:22:28 INFO  Assert that (False == value) with value=False ... passed
16:22:29 INFO  Assert that (False == value) with value=False ... passed
16:22:29 INFO  Assert that (False == value) with value=False ... passed
16:22:29 INFO  
16:22:29 INFO  cleanup:
16:22:35 INFO  Executed sudo&lt;tedge_disconnect_c8y&gt;, exit status 0
16:22:36 INFO  Executed systemctl&lt;serv_mapper5&gt;, exit status 3
16:22:36 INFO  
16:22:36 INFO  Test duration: 160.11 secs
16:22:36 INFO  Test final outcome:  FAILED
16:22:36 INFO  Test outcome reason: Assert that (False == value) with value=True (+2 other failures)
16:22:36 INFO  
</system-out>
	</testcase>
</testsuite><testsuite name="SoftwareManagement.sm_apt_install_remove_multiple_mixed" tests="3" errors="0" failures="2" skipped="1" time="0"><testcase classname="PySysTest" name="SoftwareManagement.sm_apt_install_remove_multiple_mixed">
		<skipped message="SKIPPED: Testing the apt plugin is not supported on this platform.Use parameter -XmyPlatform='container' to enable it" />
		<system-out>15:17:26 INFO  ==============================================================
15:17:26 INFO  Id:    SoftwareManagement.sm_apt_install_remove_multiple_mixed
15:17:26 INFO  Dir:   software_management_end_to_end/
15:17:26 INFO  Title: Validate end to end behaviour for the apt plugin for multiple packages with mixed versions
15:17:26 INFO  ==============================================================
15:17:26 INFO  Testing the apt plugin is not supported on this platform.Use parameter -XmyPlatform='container' to enable it ... skipped
15:17:26 WARN  Aborted test due to SKIPPED outcome
15:17:26 INFO  
15:17:26 INFO  Test duration: 0.02 secs
15:17:26 INFO  Test final outcome:  SKIPPED
15:17:26 INFO  Test outcome reason: Testing the apt plugin is not supported on this platform.Use parameter -XmyPlatform='container' to enable it
15:17:26 INFO  
</system-out>
	</testcase>
<testcase classname="PySysTest" name="SoftwareManagement.sm_apt_install_remove_multiple_mixed">
		<failure message="BLOCKED: SystemError: Timeout while waiting for status SUCCESSFUL or False" type="BLOCKED" />
		<system-out>15:58:19 INFO  ==============================================================
15:58:19 INFO  Id:    SoftwareManagement.sm_apt_install_remove_multiple_mixed
15:58:19 INFO  Dir:   software_management_end_to_end/
15:58:19 INFO  Title: Validate end to end behaviour for the apt plugin for multiple packages with mixed versions
15:58:19 INFO  ==============================================================
15:58:19 INFO  Using sw id database: {'asciijump': '5475369', 'robotfindskitten': '5474869', 'squirrel3': '5475279', 'rolldice': '5152439', 'moon-buggy': '5439204', 'apple': '5495053', 'banana': '5494888', 'cherry': '5495382', 'watermelon': '5494510', 'registry': '8018911', 'hello-world': '8021526', 'docker/getting-started': '8021973', 'alpine': '7991792'}
15:58:19 INFO  EnvironmentC8y Setup
15:58:19 INFO  Executed systemctl&lt;serv_mapper1&gt;, exit status 3
15:58:19 INFO  Restarting mosquitto too frequently in the last 10 seconds. It was only up for 5 seconds
15:58:19 INFO  Delaying execution by 6 seconds
15:58:43 INFO  Executed sudo&lt;tedge_connect_c8y&gt;, exit status 0, duration 17 secs
15:58:44 INFO  Executed sudo&lt;tedge_connect_c8y_test&gt;, exit status 0
15:58:44 INFO  Executed systemctl&lt;serv_mosq2&gt;, exit status 0
15:58:45 INFO  Executed systemctl&lt;serv_mapper3&gt;, exit status 0
15:58:47 INFO  State of current operation: SUCCESSFUL
15:58:47 INFO  Assert that (False == value) with value=False ... passed
15:58:47 INFO  Assert that (False == value) with value=False ... passed
15:58:48 INFO  Assert that (False == value) with value=False ... passed
15:58:48 INFO  Assert that (False == value) with value=False ... passed
15:58:48 INFO  Assert that (False == value) with value=False ... passed
15:58:50 INFO  Response status: 201
15:58:50 INFO  Response to action: {
    "creationTime": "2022-05-02T15:58:50.748Z",
    "deviceName": "m32sd11e",
    "deviceId": "18180747",
    "self": "https://t493319102.eu-latest.cumulocity.com/devicecontrol/operations/18212008",
    "id": "18212008",
    "status": "PENDING",
    "description": "Apply software changes, triggered from PySys: [{'action': 'install', 'id': '5475369', 'name': 'asciijump', 'url': ' ', 'version': '::apt'}, {'action': 'install', 'id': '5474869', 'name': 'robotfindskitten', 'url': ' ', 'version': ' '}, {'action': 'install', 'id': '5475279', 'name': 'squirrel3', 'url': ' ', 'version': '3.1-8::apt'}, {'action': 'install', 'id': '5152439', 'name': 'rolldice', 'url': ' ', 'version': '1.16-1+b2'}, {'action': 'install', 'id': '5439204', 'name': 'moon-buggy', 'url': ' ', 'version': '1:1.0.51-13'}, {'action': 'install', 'id': '5475369', 'name': 'asciijump', 'url': ' ', 'version': '::apt'}]",
    "c8y_SoftwareUpdate": [
        {
            "name": "asciijump",
            "action": "install",
            "id": "5475369",
            "version": "::apt",
            "url": " "
        },
        {
            "name": "robotfindskitten",
            "action": "install",
            "id": "5474869",
            "version": " ",
            "url": " "
        },
        {
            "name": "squirrel3",
            "action": "install",
            "id": "5475279",
            "version": "3.1-8::apt",
            "url": " "
        },
        {
            "name": "rolldice",
            "action": "install",
            "id": "5152439",
            "version": "1.16-1+b2",
            "url": " "
        },
        {
            "name": "moon-buggy",
            "action": "install",
            "id": "5439204",
            "version": "1:1.0.51-13",
            "url": " "
        },
        {
            "name": "asciijump",
            "action": "install",
            "id": "5475369",
            "version": "::apt",
            "url": " "
        }
    ]
}
15:58:50 INFO  Started operation: {'creationTime': '2022-05-02T15:58:50.748Z', 'deviceName': 'm32sd11e', 'deviceId': '18180747', 'self': 'https://t493319102.eu-latest.cumulocity.com/devicecontrol/operations/18212008', 'id': '18212008', 'status': 'PENDING', 'description': "Apply software changes, triggered from PySys: [{'action': 'install', 'id': '5475369', 'name': 'asciijump', 'url': ' ', 'version': '::apt'}, {'action': 'install', 'id': '5474869', 'name': 'robotfindskitten', 'url': ' ', 'version': ' '}, {'action': 'install', 'id': '5475279', 'name': 'squirrel3', 'url': ' ', 'version': '3.1-8::apt'}, {'action': 'install', 'id': '5152439', 'name': 'rolldice', 'url': ' ', 'version': '1.16-1+b2'}, {'action': 'install', 'id': '5439204', 'name': 'moon-buggy', 'url': ' ', 'version': '1:1.0.51-13'}, {'action': 'install', 'id': '5475369', 'name': 'asciijump', 'url': ' ', 'version': '::apt'}]", 'c8y_SoftwareUpdate': [{'name': 'asciijump', 'action': 'install', 'id': '5475369', 'version': '::apt', 'url': ' '}, {'name': 'robotfindskitten', 'action': 'install', 'id': '5474869', 'version': ' ', 'url': ' '}, {'name': 'squirrel3', 'action': 'install', 'id': '5475279', 'version': '3.1-8::apt', 'url': ' '}, {'name': 'rolldice', 'action': 'install', 'id': '5152439', 'version': '1.16-1+b2', 'url': ' '}, {'name': 'moon-buggy', 'action': 'install', 'id': '5439204', 'version': '1:1.0.51-13', 'url': ' '}, {'name': 'asciijump', 'action': 'install', 'id': '5475369', 'version': '::apt', 'url': ' '}]}
15:58:53 INFO  State of operation 18212008 : PENDING
15:58:55 INFO  State of operation 18212008 : EXECUTING
15:58:57 INFO  State of operation 18212008 : EXECUTING
15:58:59 INFO  State of operation 18212008 : EXECUTING
15:59:01 INFO  State of operation 18212008 : EXECUTING
15:59:04 INFO  State of operation 18212008 : EXECUTING
15:59:06 INFO  State of operation 18212008 : EXECUTING
15:59:09 INFO  State of operation 18212008 : EXECUTING
15:59:11 INFO  State of operation 18212008 : EXECUTING
15:59:13 INFO  State of operation 18212008 : EXECUTING
15:59:16 INFO  State of operation 18212008 : EXECUTING
15:59:18 INFO  State of operation 18212008 : EXECUTING
15:59:20 INFO  State of operation 18212008 : EXECUTING
15:59:23 INFO  State of operation 18212008 : EXECUTING
15:59:25 INFO  State of operation 18212008 : EXECUTING
15:59:27 INFO  State of operation 18212008 : EXECUTING
15:59:29 INFO  State of operation 18212008 : EXECUTING
15:59:32 INFO  State of operation 18212008 : EXECUTING
15:59:34 INFO  State of operation 18212008 : EXECUTING
15:59:36 INFO  State of operation 18212008 : EXECUTING
15:59:38 INFO  State of operation 18212008 : EXECUTING
15:59:41 INFO  State of operation 18212008 : EXECUTING
15:59:43 INFO  State of operation 18212008 : EXECUTING
15:59:46 INFO  State of operation 18212008 : EXECUTING
15:59:48 INFO  State of operation 18212008 : EXECUTING
15:59:50 INFO  State of operation 18212008 : EXECUTING
15:59:53 INFO  State of operation 18212008 : EXECUTING
15:59:55 INFO  State of operation 18212008 : EXECUTING
15:59:57 INFO  State of operation 18212008 : EXECUTING
15:59:59 INFO  State of operation 18212008 : EXECUTING
16:00:02 INFO  State of operation 18212008 : EXECUTING
16:00:04 INFO  State of operation 18212008 : EXECUTING
16:00:07 INFO  State of operation 18212008 : EXECUTING
16:00:10 INFO  State of operation 18212008 : EXECUTING
16:00:12 INFO  State of operation 18212008 : EXECUTING
16:00:14 INFO  State of operation 18212008 : EXECUTING
16:00:17 INFO  State of operation 18212008 : EXECUTING
16:00:19 INFO  State of operation 18212008 : EXECUTING
16:00:21 INFO  State of operation 18212008 : EXECUTING
16:00:23 INFO  State of operation 18212008 : EXECUTING
16:00:26 INFO  State of operation 18212008 : EXECUTING
16:00:28 INFO  State of operation 18212008 : EXECUTING
16:00:30 INFO  State of operation 18212008 : EXECUTING
16:00:32 INFO  State of operation 18212008 : EXECUTING
16:00:35 INFO  State of operation 18212008 : EXECUTING
16:00:38 INFO  State of operation 18212008 : EXECUTING
16:00:40 INFO  State of operation 18212008 : EXECUTING
16:00:43 INFO  State of operation 18212008 : EXECUTING
16:00:45 INFO  State of operation 18212008 : EXECUTING
16:00:47 INFO  State of operation 18212008 : EXECUTING
16:00:50 INFO  State of operation 18212008 : EXECUTING
16:00:52 INFO  State of operation 18212008 : EXECUTING
16:00:54 INFO  State of operation 18212008 : EXECUTING
16:00:56 INFO  State of operation 18212008 : EXECUTING
16:00:59 INFO  State of operation 18212008 : EXECUTING
16:01:01 INFO  State of operation 18212008 : EXECUTING
16:01:03 INFO  State of operation 18212008 : EXECUTING
16:01:06 INFO  State of operation 18212008 : EXECUTING
16:01:08 INFO  State of operation 18212008 : EXECUTING
16:01:11 INFO  State of operation 18212008 : EXECUTING
16:01:13 INFO  State of operation 18212008 : EXECUTING
16:01:15 WARN  SystemError occurred while running test - Timeout while waiting for status SUCCESSFUL or False
Traceback (most recent call last):
  File "/home/pi/env-pysys/lib/python3.9/site-packages/pysys/baserunner.py", line 1294, in __call__
    self.testObj.execute()
  File "/home/pi/actions-runner/_work/thin-edge.io/thin-edge.io/tests/PySys/software_management_end_to_end/sm_apt_install_remove_multiple_mixed/run.py", line 89, in execute
    self.wait_until_succcess()
  File "/home/pi/actions-runner/_work/thin-edge.io/thin-edge.io/tests/PySys/software_management_end_to_end/environment_sm_management.py", line 324, in wait_until_succcess
    self.wait_until_status("SUCCESSFUL")
  File "/home/pi/actions-runner/_work/thin-edge.io/thin-edge.io/tests/PySys/software_management_end_to_end/environment_sm_management.py", line 380, in wait_until_status
    raise SystemError(
SystemError: Timeout while waiting for status SUCCESSFUL or False
16:01:15 WARN  SystemError: Timeout while waiting for status SUCCESSFUL or False ... blocked 
16:01:15 INFO  
16:01:15 INFO  cleanup:
16:01:23 INFO  Executed sudo&lt;tedge_disconnect_c8y&gt;, exit status 0
16:01:24 INFO  Executed systemctl&lt;serv_mapper5&gt;, exit status 3
16:01:24 INFO  
16:01:24 INFO  Test duration: 184.94 secs
16:01:24 INFO  Test final outcome:  BLOCKED
16:01:24 INFO  Test outcome reason: SystemError: Timeout while waiting for status SUCCESSFUL or False
16:01:24 INFO  
</system-out>
	</testcase>
<testcase classname="PySysTest" name="SoftwareManagement.sm_apt_install_remove_multiple_mixed">
		<failure message="BLOCKED: SystemError: Timeout while waiting for status SUCCESSFUL or False (+1 other failures)" type="BLOCKED" />
		<system-out>16:22:36 INFO  ==============================================================
16:22:36 INFO  Id:    SoftwareManagement.sm_apt_install_remove_multiple_mixed
16:22:36 INFO  Dir:   software_management_end_to_end/
16:22:36 INFO  Title: Validate end to end behaviour for the apt plugin for multiple packages with mixed versions
16:22:36 INFO  ==============================================================
16:22:36 INFO  Using sw id database: {'asciijump': '5475369', 'robotfindskitten': '5474869', 'squirrel3': '5475279', 'rolldice': '5152439', 'moon-buggy': '5439204', 'apple': '5495053', 'banana': '5494888', 'cherry': '5495382', 'watermelon': '5494510', 'registry': '8018911', 'hello-world': '8021526', 'docker/getting-started': '8021973', 'alpine': '7991792'}
16:22:36 INFO  EnvironmentC8y Setup
16:22:36 INFO  Executed systemctl&lt;serv_mapper1&gt;, exit status 3
16:22:36 INFO  Restarting mosquitto too frequently in the last 10 seconds. It was only up for 6 seconds
16:22:36 INFO  Delaying execution by 5 seconds
16:22:59 INFO  Executed sudo&lt;tedge_connect_c8y&gt;, exit status 0, duration 17 secs
16:23:00 INFO  Executed sudo&lt;tedge_connect_c8y_test&gt;, exit status 0
16:23:00 INFO  Executed systemctl&lt;serv_mosq2&gt;, exit status 0
16:23:01 INFO  Executed systemctl&lt;serv_mapper3&gt;, exit status 0
16:23:03 INFO  State of current operation: SUCCESSFUL
16:23:03 INFO  Assert that (False == value) with value=False ... passed
16:23:04 INFO  Assert that (False == value) with value=False ... passed
16:23:04 INFO  Assert that (False == value) with value=False ... passed
16:23:04 INFO  Assert that (False == value) with value=False ... passed
16:23:04 INFO  Package moon-buggy is installed
16:23:04 WARN  Assert that (False == value) with value=True ... failed 
16:23:06 INFO  Response status: 201
16:23:06 INFO  Response to action: {
    "creationTime": "2022-05-02T16:23:06.875Z",
    "deviceName": "m32sd11e",
    "deviceId": "18180747",
    "self": "https://t493319102.eu-latest.cumulocity.com/devicecontrol/operations/18214261",
    "id": "18214261",
    "status": "PENDING",
    "description": "Apply software changes, triggered from PySys: [{'action': 'install', 'id': '5475369', 'name': 'asciijump', 'url': ' ', 'version': '::apt'}, {'action': 'install', 'id': '5474869', 'name': 'robotfindskitten', 'url': ' ', 'version': ' '}, {'action': 'install', 'id': '5475279', 'name': 'squirrel3', 'url': ' ', 'version': '3.1-8::apt'}, {'action': 'install', 'id': '5152439', 'name': 'rolldice', 'url': ' ', 'version': '1.16-1+b2'}, {'action': 'install', 'id': '5439204', 'name': 'moon-buggy', 'url': ' ', 'version': '1:1.0.51-13'}, {'action': 'install', 'id': '5475369', 'name': 'asciijump', 'url': ' ', 'version': '::apt'}]",
    "c8y_SoftwareUpdate": [
        {
            "name": "asciijump",
            "action": "install",
            "id": "5475369",
            "version": "::apt",
            "url": " "
        },
        {
            "name": "robotfindskitten",
            "action": "install",
            "id": "5474869",
            "version": " ",
            "url": " "
        },
        {
            "name": "squirrel3",
            "action": "install",
            "id": "5475279",
            "version": "3.1-8::apt",
            "url": " "
        },
        {
            "name": "rolldice",
            "action": "install",
            "id": "5152439",
            "version": "1.16-1+b2",
            "url": " "
        },
        {
            "name": "moon-buggy",
            "action": "install",
            "id": "5439204",
            "version": "1:1.0.51-13",
            "url": " "
        },
        {
            "name": "asciijump",
            "action": "install",
            "id": "5475369",
            "version": "::apt",
            "url": " "
        }
    ]
}
16:23:06 INFO  Started operation: {'creationTime': '2022-05-02T16:23:06.875Z', 'deviceName': 'm32sd11e', 'deviceId': '18180747', 'self': 'https://t493319102.eu-latest.cumulocity.com/devicecontrol/operations/18214261', 'id': '18214261', 'status': 'PENDING', 'description': "Apply software changes, triggered from PySys: [{'action': 'install', 'id': '5475369', 'name': 'asciijump', 'url': ' ', 'version': '::apt'}, {'action': 'install', 'id': '5474869', 'name': 'robotfindskitten', 'url': ' ', 'version': ' '}, {'action': 'install', 'id': '5475279', 'name': 'squirrel3', 'url': ' ', 'version': '3.1-8::apt'}, {'action': 'install', 'id': '5152439', 'name': 'rolldice', 'url': ' ', 'version': '1.16-1+b2'}, {'action': 'install', 'id': '5439204', 'name': 'moon-buggy', 'url': ' ', 'version': '1:1.0.51-13'}, {'action': 'install', 'id': '5475369', 'name': 'asciijump', 'url': ' ', 'version': '::apt'}]", 'c8y_SoftwareUpdate': [{'name': 'asciijump', 'action': 'install', 'id': '5475369', 'version': '::apt', 'url': ' '}, {'name': 'robotfindskitten', 'action': 'install', 'id': '5474869', 'version': ' ', 'url': ' '}, {'name': 'squirrel3', 'action': 'install', 'id': '5475279', 'version': '3.1-8::apt', 'url': ' '}, {'name': 'rolldice', 'action': 'install', 'id': '5152439', 'version': '1.16-1+b2', 'url': ' '}, {'name': 'moon-buggy', 'action': 'install', 'id': '5439204', 'version': '1:1.0.51-13', 'url': ' '}, {'name': 'asciijump', 'action': 'install', 'id': '5475369', 'version': '::apt', 'url': ' '}]}
16:23:09 INFO  State of operation 18214261 : PENDING
16:23:11 INFO  State of operation 18214261 : EXECUTING
16:23:13 INFO  State of operation 18214261 : EXECUTING
16:23:15 INFO  State of operation 18214261 : EXECUTING
16:23:18 INFO  State of operation 18214261 : EXECUTING
16:23:20 INFO  State of operation 18214261 : EXECUTING
16:23:22 INFO  State of operation 18214261 : EXECUTING
16:23:25 INFO  State of operation 18214261 : EXECUTING
16:23:30 INFO  State of operation 18214261 : EXECUTING
16:23:32 INFO  State of operation 18214261 : EXECUTING
16:23:34 INFO  State of operation 18214261 : EXECUTING
16:23:37 INFO  State of operation 18214261 : EXECUTING
16:23:39 INFO  State of operation 18214261 : EXECUTING
16:23:41 INFO  State of operation 18214261 : EXECUTING
16:23:43 INFO  State of operation 18214261 : EXECUTING
16:23:46 INFO  State of operation 18214261 : EXECUTING
16:23:48 INFO  State of operation 18214261 : EXECUTING
16:23:50 INFO  State of operation 18214261 : EXECUTING
16:23:53 INFO  State of operation 18214261 : EXECUTING
16:23:55 INFO  State of operation 18214261 : EXECUTING
16:23:58 INFO  State of operation 18214261 : EXECUTING
16:24:00 INFO  State of operation 18214261 : EXECUTING
16:24:02 INFO  State of operation 18214261 : EXECUTING
16:24:05 INFO  State of operation 18214261 : EXECUTING
16:24:07 INFO  State of operation 18214261 : EXECUTING
16:24:10 INFO  State of operation 18214261 : EXECUTING
16:24:12 INFO  State of operation 18214261 : EXECUTING
16:24:14 INFO  State of operation 18214261 : EXECUTING
16:24:17 INFO  State of operation 18214261 : EXECUTING
16:24:19 INFO  State of operation 18214261 : EXECUTING
16:24:22 INFO  State of operation 18214261 : EXECUTING
16:24:24 INFO  State of operation 18214261 : EXECUTING
16:24:27 INFO  State of operation 18214261 : EXECUTING
16:24:29 INFO  State of operation 18214261 : EXECUTING
16:24:32 INFO  State of operation 18214261 : EXECUTING
16:24:35 INFO  State of operation 18214261 : EXECUTING
16:24:37 INFO  State of operation 18214261 : EXECUTING
16:24:39 INFO  State of operation 18214261 : EXECUTING
16:24:41 INFO  State of operation 18214261 : EXECUTING
16:24:44 INFO  State of operation 18214261 : EXECUTING
16:24:46 INFO  State of operation 18214261 : EXECUTING
16:24:48 INFO  State of operation 18214261 : EXECUTING
16:24:50 INFO  State of operation 18214261 : EXECUTING
16:24:52 INFO  State of operation 18214261 : EXECUTING
16:24:55 INFO  State of operation 18214261 : EXECUTING
16:24:57 INFO  State of operation 18214261 : EXECUTING
16:25:00 INFO  State of operation 18214261 : EXECUTING
16:25:03 INFO  State of operation 18214261 : EXECUTING
16:25:05 INFO  State of operation 18214261 : EXECUTING
16:25:07 INFO  State of operation 18214261 : EXECUTING
16:25:09 INFO  State of operation 18214261 : EXECUTING
16:25:12 INFO  State of operation 18214261 : EXECUTING
16:25:14 INFO  State of operation 18214261 : EXECUTING
16:25:16 INFO  State of operation 18214261 : EXECUTING
16:25:19 INFO  State of operation 18214261 : EXECUTING
16:25:21 INFO  State of operation 18214261 : EXECUTING
16:25:24 INFO  State of operation 18214261 : EXECUTING
16:25:26 INFO  State of operation 18214261 : EXECUTING
16:25:28 INFO  State of operation 18214261 : EXECUTING
16:25:31 INFO  State of operation 18214261 : EXECUTING
16:25:33 INFO  State of operation 18214261 : EXECUTING
16:25:35 WARN  SystemError occurred while running test - Timeout while waiting for status SUCCESSFUL or False
Traceback (most recent call last):
  File "/home/pi/env-pysys/lib/python3.9/site-packages/pysys/baserunner.py", line 1294, in __call__
    self.testObj.execute()
  File "/home/pi/actions-runner/_work/thin-edge.io/thin-edge.io/tests/PySys/software_management_end_to_end/sm_apt_install_remove_multiple_mixed/run.py", line 89, in execute
    self.wait_until_succcess()
  File "/home/pi/actions-runner/_work/thin-edge.io/thin-edge.io/tests/PySys/software_management_end_to_end/environment_sm_management.py", line 324, in wait_until_succcess
    self.wait_until_status("SUCCESSFUL")
  File "/home/pi/actions-runner/_work/thin-edge.io/thin-edge.io/tests/PySys/software_management_end_to_end/environment_sm_management.py", line 380, in wait_until_status
    raise SystemError(
SystemError: Timeout while waiting for status SUCCESSFUL or False
16:25:36 WARN  SystemError: Timeout while waiting for status SUCCESSFUL or False ... blocked 
16:25:36 INFO  
16:25:36 INFO  cleanup:
16:25:43 INFO  Executed sudo&lt;tedge_disconnect_c8y&gt;, exit status 0
16:25:43 INFO  Executed systemctl&lt;serv_mapper5&gt;, exit status 3
16:25:43 INFO  
16:25:43 INFO  Test duration: 187.63 secs
16:25:43 INFO  Test final outcome:  BLOCKED
16:25:43 INFO  Test outcome reason: SystemError: Timeout while waiting for status SUCCESSFUL or False (+1 other failures)
16:25:43 INFO  
</system-out>
	</testcase>
</testsuite><testsuite name="SoftwareManagement.sm_apt_install_remove_with_version" tests="3" errors="0" failures="0" skipped="1" time="0"><testcase classname="PySysTest" name="SoftwareManagement.sm_apt_install_remove_with_version">
		<skipped message="SKIPPED: Testing the apt plugin is not supported on this platform.Use parameter -XmyPlatform='container' to enable it" />
		<system-out>15:17:27 INFO  ==============================================================
15:17:27 INFO  Id:    SoftwareManagement.sm_apt_install_remove_with_version
15:17:27 INFO  Dir:   software_management_end_to_end/
15:17:27 INFO  Title: Validate end to end behaviour for the apt plugin for packages with version
15:17:27 INFO  ==============================================================
15:17:27 INFO  Testing the apt plugin is not supported on this platform.Use parameter -XmyPlatform='container' to enable it ... skipped
15:17:27 WARN  Aborted test due to SKIPPED outcome
15:17:27 INFO  
15:17:27 INFO  Test duration: 0.02 secs
15:17:27 INFO  Test final outcome:  SKIPPED
15:17:27 INFO  Test outcome reason: Testing the apt plugin is not supported on this platform.Use parameter -XmyPlatform='container' to enable it
15:17:27 INFO  
</system-out>
	</testcase>
<testcase classname="PySysTest" name="SoftwareManagement.sm_apt_install_remove_with_version" />
<testcase classname="PySysTest" name="SoftwareManagement.sm_apt_install_remove_with_version" />
</testsuite><testsuite name="SoftwareManagement.sm_docker_install_remove_multiple" tests="3" errors="0" failures="2" skipped="1" time="0"><testcase classname="SMDockerInstallRemove" name="SoftwareManagement.sm_docker_install_remove_multiple">
		<skipped message="SKIPPED: Testing the apt plugin is not supported on this platform.Use parameter -XmyPlatform='container' to enable it" />
		<system-out>15:17:27 INFO  ==============================================================
15:17:27 INFO  Id:    SoftwareManagement.sm_docker_install_remove_multiple
15:17:27 INFO  Dir:   software_management_end_to_end/
15:17:27 INFO  Title: Validate end to end behaviour for the docker plugin for multiple docker images with mixed versions
15:17:27 INFO  ==============================================================
15:17:27 INFO  Testing the apt plugin is not supported on this platform.Use parameter -XmyPlatform='container' to enable it ... skipped
15:17:27 WARN  Aborted test due to SKIPPED outcome
15:17:27 INFO  
15:17:27 INFO  Test duration: 0.03 secs
15:17:27 INFO  Test final outcome:  SKIPPED
15:17:27 INFO  Test outcome reason: Testing the apt plugin is not supported on this platform.Use parameter -XmyPlatform='container' to enable it
15:17:27 INFO  
</system-out>
	</testcase>
<testcase classname="SMDockerInstallRemove" name="SoftwareManagement.sm_docker_install_remove_multiple">
		<failure message="BLOCKED: SystemError: The operation has failed" type="BLOCKED" />
		<system-out>16:06:43 INFO  ==============================================================
16:06:43 INFO  Id:    SoftwareManagement.sm_docker_install_remove_multiple
16:06:43 INFO  Dir:   software_management_end_to_end/
16:06:43 INFO  Title: Validate end to end behaviour for the docker plugin for multiple docker images with mixed versions
16:06:43 INFO  ==============================================================
16:06:44 INFO  Using sw id database: {'asciijump': '5475369', 'robotfindskitten': '5474869', 'squirrel3': '5475279', 'rolldice': '5152439', 'moon-buggy': '5439204', 'apple': '5495053', 'banana': '5494888', 'cherry': '5495382', 'watermelon': '5494510', 'registry': '8018911', 'hello-world': '8021526', 'docker/getting-started': '8021973', 'alpine': '7991792'}
16:06:44 INFO  EnvironmentC8y Setup
16:06:45 INFO  Executed systemctl&lt;serv_mapper1&gt;, exit status 3
16:07:03 INFO  Executed sudo&lt;tedge_connect_c8y&gt;, exit status 0, duration 17 secs
16:07:03 INFO  Executed sudo&lt;tedge_connect_c8y_test&gt;, exit status 0
16:07:04 INFO  Executed systemctl&lt;serv_mosq2&gt;, exit status 0
16:07:04 INFO  Executed systemctl&lt;serv_mapper3&gt;, exit status 0
16:07:07 INFO  State of current operation: SUCCESSFUL
16:07:07 INFO  Response status: 201
16:07:07 INFO  Response to action: {
    "creationTime": "2022-05-02T16:07:07.443Z",
    "deviceName": "m32sd11e",
    "deviceId": "18180747",
    "self": "https://t493319102.eu-latest.cumulocity.com/devicecontrol/operations/18212067",
    "id": "18212067",
    "status": "PENDING",
    "description": "Apply software changes, triggered from PySys: [{'action': 'install', 'id': '8021526', 'name': 'hello-world', 'url': '', 'version': '::docker'}, {'action': 'install', 'id': '8018911', 'name': 'registry', 'url': '', 'version': '2.6.2::docker'}]",
    "c8y_SoftwareUpdate": [
        {
            "name": "hello-world",
            "action": "install",
            "id": "8021526",
            "version": "::docker",
            "url": ""
        },
        {
            "name": "registry",
            "action": "install",
            "id": "8018911",
            "version": "2.6.2::docker",
            "url": ""
        }
    ]
}
16:07:07 INFO  Started operation: {'creationTime': '2022-05-02T16:07:07.443Z', 'deviceName': 'm32sd11e', 'deviceId': '18180747', 'self': 'https://t493319102.eu-latest.cumulocity.com/devicecontrol/operations/18212067', 'id': '18212067', 'status': 'PENDING', 'description': "Apply software changes, triggered from PySys: [{'action': 'install', 'id': '8021526', 'name': 'hello-world', 'url': '', 'version': '::docker'}, {'action': 'install', 'id': '8018911', 'name': 'registry', 'url': '', 'version': '2.6.2::docker'}]", 'c8y_SoftwareUpdate': [{'name': 'hello-world', 'action': 'install', 'id': '8021526', 'version': '::docker', 'url': ''}, {'name': 'registry', 'action': 'install', 'id': '8018911', 'version': '2.6.2::docker', 'url': ''}]}
16:07:09 INFO  State of operation 18212067 : PENDING
16:07:11 INFO  State of operation 18212067 : EXECUTING
16:07:14 INFO  State of operation 18212067 : EXECUTING
16:07:16 INFO  State of operation 18212067 : EXECUTING
16:07:18 INFO  State of operation 18212067 : EXECUTING
16:07:20 INFO  State of operation 18212067 : FAILED
16:07:20 ERROR Stopping as the operation has failed
16:07:20 WARN  SystemError occurred while running test - The operation has failed
Traceback (most recent call last):
  File "/home/pi/env-pysys/lib/python3.9/site-packages/pysys/baserunner.py", line 1292, in __call__
    self.testObj.setup()
  File "/home/pi/actions-runner/_work/thin-edge.io/thin-edge.io/tests/PySys/software_management_end_to_end/sm_docker_install_remove_multiple/run.py", line 55, in setup
    self.wait_until_succcess()
  File "/home/pi/actions-runner/_work/thin-edge.io/thin-edge.io/tests/PySys/software_management_end_to_end/environment_sm_management.py", line 324, in wait_until_succcess
    self.wait_until_status("SUCCESSFUL")
  File "/home/pi/actions-runner/_work/thin-edge.io/thin-edge.io/tests/PySys/software_management_end_to_end/environment_sm_management.py", line 361, in wait_until_status
    raise SystemError("The operation has failed")
SystemError: The operation has failed
16:07:20 WARN  SystemError: The operation has failed ... blocked 
16:07:20 INFO  
16:07:20 INFO  cleanup:
16:07:26 INFO  Executed sudo&lt;tedge_disconnect_c8y&gt;, exit status 0
16:07:27 INFO  Executed systemctl&lt;serv_mapper5&gt;, exit status 3
16:07:27 INFO  
16:07:27 INFO  Test duration: 43.95 secs
16:07:27 INFO  Test final outcome:  BLOCKED
16:07:27 INFO  Test outcome reason: SystemError: The operation has failed
16:07:27 INFO  
</system-out>
	</testcase>
<testcase classname="SMDockerInstallRemove" name="SoftwareManagement.sm_docker_install_remove_multiple">
		<failure message="BLOCKED: SystemError: The operation has failed" type="BLOCKED" />
		<system-out>16:28:48 INFO  ==============================================================
16:28:48 INFO  Id:    SoftwareManagement.sm_docker_install_remove_multiple
16:28:48 INFO  Dir:   software_management_end_to_end/
16:28:48 INFO  Title: Validate end to end behaviour for the docker plugin for multiple docker images with mixed versions
[...]
</testsuite><testsuite name="log_request_error_messages" tests="1" errors="0" failures="1" skipped="0" time="0"><testcase classname="LogRequestVerifySearchTextError" name="log_request_error_messages">
		<failure message="FAILED: Assert that (True == value) with value=False" type="FAILED" />
		<system-out>15:03:56 INFO  ==============================================================
15:03:56 INFO  Id:    log_request_error_messages
15:03:56 INFO  Dir:   log_request_end_to_end/
15:03:56 INFO  Title: Validate end to end behaviour for the log request operation check for error messages
15:03:56 INFO  ==============================================================
15:03:58 INFO  EnvironmentC8y Setup
15:03:58 INFO  Executed systemctl&lt;serv_mapper1&gt;, exit status 3
15:03:58 INFO  Restarting mosquitto too frequently in the last 10 seconds. It was only up for 2 seconds
15:03:58 INFO  Delaying execution by 9 seconds
15:04:25 INFO  Executed sudo&lt;tedge_connect_c8y&gt;, exit status 0, duration 17 secs
15:04:25 INFO  Executed sudo&lt;tedge_connect_c8y_test&gt;, exit status 0
15:04:26 INFO  Executed systemctl&lt;serv_mosq2&gt;, exit status 0
15:04:27 INFO  Executed systemctl&lt;serv_mapper3&gt;, exit status 0
15:04:27 INFO  Executed sudo&lt;rm_logs&gt;, exit status 0
15:04:28 INFO  Executed sudo&lt;move_logs&gt;, exit status 0
15:04:28 INFO  log response None
15:04:28 WARN  retry, retrying in 1 seconds...
15:04:30 INFO  log response https://thin-edge-io.eu-latest.cumulocity.com/event/events/18180778/binaries
15:04:31 WARN  Assert that (True == value) with value=False ... failed [run.py:43]
15:04:31 INFO  
15:04:31 INFO  cleanup:
15:04:31 INFO  Executed sudo&lt;rm_logs&gt;, exit status 0
15:04:32 INFO  Executed sudo&lt;rm_tmp_logs&gt;, exit status 0
15:04:32 INFO  Executed sudo&lt;send_failed&gt;, exit status 0
15:04:38 INFO  Executed sudo&lt;tedge_disconnect_c8y&gt;, exit status 0
15:04:38 INFO  Executed systemctl&lt;serv_mapper5&gt;, exit status 3
15:04:38 INFO  
15:04:38 INFO  Test duration: 42.14 secs
15:04:38 INFO  Test final outcome:  FAILED
15:04:38 INFO  Test outcome reason: Assert that (True == value) with value=False
15:04:38 INFO  
</system-out>
	</testcase>
</testsuite><testsuite name="log_request_num_lines" tests="1" errors="0" failures="1" skipped="0" time="0"><testcase classname="LogRequestVerifyNumberOfLines" name="log_request_num_lines">
		<failure message="FAILED: Assert that (True == value) with value=False" type="FAILED" />
		<system-out>15:04:38 INFO  ==============================================================
15:04:38 INFO  Id:    log_request_num_lines
15:04:38 INFO  Dir:   log_request_end_to_end/
15:04:38 INFO  Title: Validate end to end behaviour for the log request operation check for number of lines
15:04:38 INFO  ==============================================================
15:04:38 INFO  EnvironmentC8y Setup
15:04:39 INFO  Executed systemctl&lt;serv_mapper1&gt;, exit status 3
15:04:39 INFO  Restarting mosquitto too frequently in the last 10 seconds. It was only up for 6 seconds
15:04:39 INFO  Delaying execution by 5 seconds
15:05:02 INFO  Executed sudo&lt;tedge_connect_c8y&gt;, exit status 0, duration 17 secs
15:05:03 INFO  Executed sudo&lt;tedge_connect_c8y_test&gt;, exit status 0
15:05:03 INFO  Executed systemctl&lt;serv_mosq2&gt;, exit status 0
15:05:04 INFO  Executed systemctl&lt;serv_mapper3&gt;, exit status 0
15:05:04 INFO  Executed sudo&lt;rm_logs&gt;, exit status 0
15:05:05 INFO  Executed sudo&lt;move_logs&gt;, exit status 0
15:05:06 INFO  log response None
15:05:06 WARN  retry, retrying in 1 seconds...
15:05:07 INFO  log response https://thin-edge-io.eu-latest.cumulocity.com/event/events/18176935/binaries
15:05:07 INFO  nlines 0
15:05:07 WARN  Assert that (True == value) with value=False ... failed [run.py:44]
15:05:07 INFO  
15:05:07 INFO  cleanup:
15:05:08 INFO  Executed sudo&lt;rm_logs&gt;, exit status 0
15:05:08 INFO  Executed sudo&lt;rm_tmp_logs&gt;, exit status 0
15:05:09 INFO  Executed sudo&lt;send_failed&gt;, exit status 0
15:05:14 INFO  Executed sudo&lt;tedge_disconnect_c8y&gt;, exit status 0
15:05:15 INFO  Executed systemctl&lt;serv_mapper5&gt;, exit status 3
15:05:15 INFO  
15:05:15 INFO  Test duration: 36.75 secs
15:05:15 INFO  Test final outcome:  FAILED
15:05:15 INFO  Test outcome reason: Assert that (True == value) with value=False
15:05:15 INFO  
</system-out>
	</testcase>
</testsuite><testsuite name="mapper_awaits_before_reconnect" tests="1" errors="0" failures="0" skipped="0" time="0"><testcase classname="MapperReconnectAwait" name="mapper_awaits_before_reconnect" />
</testsuite><testsuite name="monitoring_smaller_interval" tests="1" errors="0" failures="0" skipped="1" time="0"><testcase classname="MonitoringSmallInterval" name="monitoring_smaller_interval">
		<skipped message="SKIPPED: Fails due to retained message" />
		<system-out>15:06:54 INFO  ==============================================================
15:06:54 INFO  Id:    monitoring_smaller_interval
15:06:54 INFO  Dir:   monitoring/
15:06:54 INFO  Title: Validate the tedge dm agent messages that are produced with smaller sampling interval than the batching window. Here the simulated collectd messages are used
15:06:54 INFO  ==============================================================
15:06:54 INFO  Fails due to retained message ... skipped
15:06:54 INFO  
15:06:54 INFO  Test duration: 0.06 secs
15:06:54 INFO  Test final outcome:  SKIPPED
15:06:54 INFO  Test outcome reason: Fails due to retained message
15:06:54 INFO  
</system-out>
	</testcase>
</testsuite><testsuite name="monitoring_with_collectd" tests="1" errors="0" failures="0" skipped="1" time="0"><testcase classname="MonitoringWithCollectd" name="monitoring_with_collectd">
		<skipped message="SKIPPED: Test execution disabled due to #792 (instable)" />
		<system-out>15:06:54 INFO  ==============================================================
15:06:54 INFO  Id:    monitoring_with_collectd
15:06:54 INFO  Dir:   monitoring/
15:06:54 INFO  Title: Validate tedge dm agent messages that are produced by batching the collectd messages
15:06:54 INFO  ==============================================================
15:06:54 INFO  Test execution disabled due to #792 (instable) ... skipped
15:06:54 INFO  
15:06:54 INFO  Test duration: 0.04 secs
15:06:54 INFO  Test final outcome:  SKIPPED
15:06:54 INFO  Test outcome reason: Test execution disabled due to #792 (instable)
15:06:54 INFO  
</system-out>
	</testcase>
</testsuite><testsuite name="monitoring_with_simulated_messages" tests="1" errors="0" failures="0" skipped="1" time="0"><testcase classname="MonitoringWithSimulatedMessages" name="monitoring_with_simulated_messages">
		<skipped message="SKIPPED: Fails due to retained message" />
		<system-out>15:06:54 INFO  ==============================================================
15:06:54 INFO  Id:    monitoring_with_simulated_messages
15:06:54 INFO  Dir:   monitoring/
15:06:54 INFO  Title: Validate the tedge dm agent messages that are produced from the simulated collectd messages
15:06:54 INFO  ==============================================================
15:06:54 INFO  Fails due to retained message ... skipped
15:06:54 INFO  
15:06:54 INFO  Test duration: 0.05 secs
15:06:54 INFO  Test final outcome:  SKIPPED
15:06:54 INFO  Test outcome reason: Fails due to retained message
15:06:54 INFO  
</system-out>
	</testcase>
</testsuite><testsuite name="mqtt_port_change_connection_fails" tests="1" errors="0" failures="0" skipped="0" time="0"><testcase classname="MqttPortChangeConnectionFails" name="mqtt_port_change_connection_fails" />
</testsuite><testsuite name="mqtt_port_change_connection_works" tests="1" errors="0" failures="0" skipped="1" time="0"><testcase classname="MqttPortChangeConnectionWorks" name="mqtt_port_change_connection_works">
		<skipped message="SKIPPED: failing intermitently" />
		<system-out>15:05:50 INFO  ==============================================================
15:05:50 INFO  Id:    mqtt_port_change_connection_works
15:05:50 INFO  Dir:   misc_features/
15:05:50 INFO  Title: mqtt port change connection works for all the thin-edge services that use the mosquitto broker
15:05:50 INFO  ==============================================================
15:05:50 INFO  failing intermitently ... skipped
15:05:50 INFO  
15:05:50 INFO  Test duration: 0.03 secs
15:05:50 INFO  Test final outcome:  SKIPPED
15:05:50 INFO  Test outcome reason: failing intermitently
15:05:50 INFO  
</system-out>
	</testcase>
</testsuite><testsuite name="mqtt_port_set" tests="1" errors="0" failures="0" skipped="0" time="0"><testcase classname="MqttPortSet" name="mqtt_port_set" />
</testsuite><testsuite name="mqtt_port_unset" tests="1" errors="0" failures="0" skipped="0" time="0"><testcase classname="MqttPortUnSet" name="mqtt_port_unset" />
</testsuite><testsuite name="publish_flux" tests="1" errors="0" failures="0" skipped="0" time="0"><testcase classname="PublishFlux" name="publish_flux" />
</testsuite><testsuite name="publish_sawmill" tests="1" errors="0" failures="0" skipped="0" time="0"><testcase classname="PublishSawmill" name="publish_sawmill" />
</testsuite><testsuite name="pysys_block" tests="1" errors="0" failures="0" skipped="1" time="0"><testcase classname="Fail" name="pysys_block">
		<skipped message="SKIPPED: Enable this to observe a blocking test" />
		<system-out>15:06:19 INFO  ==============================================================
15:06:19 INFO  Id:    pysys_block
15:06:19 INFO  Dir:   misc_features/
15:06:19 INFO  Title: fail
15:06:19 INFO  ==============================================================
15:06:19 INFO  Enable this to observe a blocking test ... skipped
15:06:19 INFO  
15:06:19 INFO  Test duration: 0.04 secs
15:06:19 INFO  Test final outcome:  SKIPPED
15:06:19 INFO  Test outcome reason: Enable this to observe a blocking test
15:06:19 INFO  
</system-out>
	</testcase>
</testsuite><testsuite name="pysys_fail" tests="1" errors="0" failures="0" skipped="1" time="0"><testcase classname="Fail" name="pysys_fail">
		<skipped message="SKIPPED: Enable this to observe a failing test" />
		<system-out>15:06:19 INFO  ==============================================================
15:06:19 INFO  Id:    pysys_fail
15:06:19 INFO  Dir:   misc_features/
15:06:19 INFO  Title: fail
15:06:19 INFO  ==============================================================
15:06:19 INFO  Enable this to observe a failing test ... skipped
15:06:19 INFO  
15:06:19 INFO  Test duration: 0.02 secs
15:06:19 INFO  Test final outcome:  SKIPPED
15:06:19 INFO  Test outcome reason: Enable this to observe a failing test
15:06:19 INFO  
</system-out>
	</testcase>
</testsuite><testsuite name="runtime_start_two_mappers" tests="1" errors="0" failures="1" skipped="0" time="0"><testcase classname="RuntimeMultiMappers" name="runtime_start_two_mappers">
		<failure message="FAILED: Grep on tedge_mapper2.err contains &quot;Error: Couldn't acquire file lock.&quot;" type="FAILED" />
		<system-out>15:21:35 INFO  ==============================================================
15:21:35 INFO  Id:    runtime_start_two_mappers
15:21:35 INFO  Dir:   tedge_mapper_c8y/
15:21:35 INFO  Title: Validate two mappers can't be started at the same time
15:21:35 INFO  ==============================================================
15:21:35 INFO  Executed sudo&lt;tedge_mapper1&gt;, exit status 0
15:21:35 INFO  Waiting for 0.1 seconds
15:21:36 INFO  Executed sudo&lt;tedge_mapper2&gt;, exit status 1
15:21:37 INFO  Executed sudo&lt;tedge_mapper1&gt;, exit status 0
15:21:37 WARN  Grep on tedge_mapper2.err contains "Error: Couldn't acquire file lock." ... failed [run.py:45]
15:21:37 INFO  
15:21:37 INFO  Test duration: 1.81 secs
15:21:37 INFO  Test final outcome:  FAILED
15:21:37 INFO  Test outcome reason: Grep on tedge_mapper2.err contains "Error: Couldn't acquire file lock."
15:21:37 INFO  
</system-out>
	</testcase>
</testsuite><testsuite name="sm_tedge_mapper_init_session" tests="1" errors="0" failures="0" skipped="0" time="0"><testcase classname="TedgeSMMapperInitSession" name="sm_tedge_mapper_init_session" />
</testsuite><testsuite name="smoketest_json" tests="1" errors="0" failures="0" skipped="0" time="0"><testcase classname="SmokeTestJson" name="smoketest_json" />
</testsuite><testsuite name="smoketest_json_400_samples_10ms" tests="1" errors="0" failures="0" skipped="0" time="0"><testcase classname="SmoketestJson400Samples10ms" name="smoketest_json_400_samples_10ms" />
</testsuite><testsuite name="smoketest_json_400_samples_20ms" tests="1" errors="0" failures="0" skipped="0" time="0"><testcase classname="SmoketestJson400Samples20ms" name="smoketest_json_400_samples_20ms" />
</testsuite><testsuite name="smoketest_smartrest" tests="1" errors="0" failures="0" skipped="0" time="0"><testcase classname="SmoketestSmartRest" name="smoketest_smartrest" />
</testsuite><testsuite name="smoketest_smartrest_200_samples_1Xms" tests="1" errors="0" failures="0" skipped="0" time="0"><testcase classname="SmoketestSmartRest200Samples1Xms" name="smoketest_smartrest_200_samples_1Xms" />
</testsuite><testsuite name="smoketest_smartrest_200_samples_20ms" tests="1" errors="0" failures="1" skipped="0" time="0"><testcase classname="SmoketestSmartRest200Samples20ms" name="smoketest_smartrest_200_samples_20ms">
		<failure message="BLOCKED: python3&lt;stdout&gt; returned non-zero exit code 1" type="BLOCKED" />
		<system-out>15:15:28 INFO  ==============================================================
15:15:28 INFO  Id:    smoketest_smartrest_200_samples_20ms
15:15:28 INFO  Dir:   smoketests/
15:15:28 INFO  Title: Smoketest SmartRest 200 Samples 20ms Delay
15:15:28 INFO  ==============================================================
15:15:28 INFO  EnvironmentC8y Setup
15:15:28 INFO  Executed systemctl&lt;serv_mapper1&gt;, exit status 3
15:15:28 INFO  Restarting mosquitto too frequently in the last 10 seconds. It was only up for 6 seconds
15:15:28 INFO  Delaying execution by 5 seconds
15:15:52 INFO  Executed sudo&lt;tedge_connect_c8y&gt;, exit status 0, duration 18 secs
15:15:53 INFO  Executed sudo&lt;tedge_connect_c8y_test&gt;, exit status 0
15:15:53 INFO  Executed systemctl&lt;serv_mosq2&gt;, exit status 0
15:15:54 INFO  Executed systemctl&lt;serv_mapper3&gt;, exit status 0
15:17:19 WARN  Executed python3&lt;stdout&gt;, exit status 1, duration 45 secs
15:17:19 INFO  Contents of stdout.out: 
  Act: Publishing values with tedge pub
  Waiting 3s for values to arrive in C8y
  Assert: Retrieving data via REST interface
  Gathering values from 2022-05-02 15:16:39+00:00 to 2022-05-02 15:17:19+00:00
  Found 186 recorded values:
  Retrieved values:
     14    15    16    17    18    19
     20    21    22    23    24    25    26    27    28    29    30    31    32    33    34    35    36    37    38    39
     40    41    42    43    44    45    46    47    48    49    50    51    52    53    54    55    56    57    58    59
     60    61    62    63    64    65    66    67    68    69    70    71    72    73    74    75    76    77    78    79
     80    81    82    83    84    85    86    87    88    89    90    91    92    93    94    95    96    97    98    99
    100   101   102   103   104   105   106   107   108   109   110   111   112   113   114   115   116   117   118   119
    120   121   122   123   124   125   126   127   128   129   130   131   132   133   134   135   136   137   138   139
    140   141   142   143   144   145   146   147   148   149   150   151   152   153   154   155   156   157   158   159
    160   161   162   163   164   165   166   167   168   169   170   171   172   173   174   175   176   177   178   179
    180   181   182   183   184   185   186   187   188   189   190   191   192   193   194   195   196   197   198   199
  Expected:  0.0  ...  199.0
  Data verification FAILED
  -----

15:17:20 WARN  python3&lt;stdout&gt; returned non-zero exit code 1 ... blocked 
15:17:20 WARN  Aborted test due to BLOCKED outcome
15:17:20 INFO  
15:17:20 INFO  cleanup:
15:17:25 INFO  Executed sudo&lt;tedge_disconnect_c8y&gt;, exit status 0
15:17:26 INFO  Executed systemctl&lt;serv_mapper5&gt;, exit status 3
15:17:26 INFO  
15:17:26 INFO  Test duration: 118.32 secs
15:17:26 INFO  Test final outcome:  BLOCKED
15:17:26 INFO  Test outcome reason: python3&lt;stdout&gt; returned non-zero exit code 1
15:17:26 INFO  
</system-out>
	</testcase>
</testsuite><testsuite name="tedge_agent_user_sudo_access" tests="1" errors="0" failures="0" skipped="1" time="0"><testcase classname="TedgeAgentUserSudoAccess" name="tedge_agent_user_sudo_access">
		<skipped message="SKIPPED: #955 Observation: Exit code of the apt plugin when called with no arguments" />
		<system-out>15:17:55 INFO  ==============================================================
15:17:55 INFO  Id:    tedge_agent_user_sudo_access
15:17:55 INFO  Dir:   tedge/
15:17:55 INFO  Title: Validate tedge-agent user has a limited sudo right
15:17:55 INFO  ==============================================================
15:17:55 INFO  #955 Observation: Exit code of the apt plugin when called with no arguments ... skipped
15:17:55 INFO  
15:17:55 INFO  Test duration: 0.02 secs
15:17:55 INFO  Test final outcome:  SKIPPED
15:17:55 INFO  Test outcome reason: #955 Observation: Exit code of the apt plugin when called with no arguments
15:17:55 INFO  
</system-out>
	</testcase>
</testsuite><testsuite name="tedge_connect_test_negative" tests="1" errors="0" failures="0" skipped="0" time="0"><testcase classname="TedgeConnectTestNegative" name="tedge_connect_test_negative" />
</testsuite><testsuite name="tedge_connect_test_positive" tests="1" errors="0" failures="0" skipped="0" time="0"><testcase classname="TedgeConnectTestPositive" name="tedge_connect_test_positive" />
</testsuite><testsuite name="tedge_connect_test_sm_services" tests="1" errors="0" failures="0" skipped="0" time="0"><testcase classname="TedgeConnectTestSMServices" name="tedge_connect_test_sm_services" />
</testsuite><testsuite name="tedge_disconnect_test_sm_services" tests="1" errors="0" failures="0" skipped="0" time="0"><testcase classname="TedgeDisConnectTestSMServices" name="tedge_disconnect_test_sm_services" />
</testsuite><testsuite name="tedge_mapper_az_negative" tests="1" errors="0" failures="0" skipped="0" time="0"><testcase classname="TedgeMapperAzError" name="tedge_mapper_az_negative" />
</testsuite><testsuite name="tedge_mapper_az_with_timestamp" tests="1" errors="0" failures="0" skipped="0" time="0"><testcase classname="TedgeMapperAzWithTimestamp" name="tedge_mapper_az_with_timestamp" />
</testsuite><testsuite name="tedge_mapper_az_without_timestamp" tests="1" errors="0" failures="0" skipped="0" time="0"><testcase classname="TedgeMapperAzWithoutTimestamp" name="tedge_mapper_az_without_timestamp" />
</testsuite><testsuite name="tedge_mapper_c8y_alarms" tests="1" errors="0" failures="0" skipped="0" time="0"><testcase classname="TedgeMapperC8yAlarm" name="tedge_mapper_c8y_alarms" />
</testsuite><testsuite name="tedge_mapper_c8y_child_device_measurement" tests="1" errors="0" failures="0" skipped="0" time="0"><testcase classname="TedgeMapperC8yChildDevice" name="tedge_mapper_c8y_child_device_measurement" />
</testsuite><testsuite name="tedge_mapper_c8y_packet_threshold_size" tests="1" errors="0" failures="0" skipped="0" time="0"><testcase classname="TedgeMapperC8yThresholdPacketSize" name="tedge_mapper_c8y_packet_threshold_size" />
</testsuite><testsuite name="tedge_software_update" tests="1" errors="0" failures="0" skipped="0" time="0"><testcase classname="PySysTest" name="tedge_software_update" />
</testsuite><testsuite name="valid_device_id" tests="1" errors="0" failures="0" skipped="0" time="0"><testcase classname="ValidateValidDeviceId" name="valid_device_id" />
</testsuite></testsuites>