<?xml version='1.0' encoding='utf-8'?>
<testsuites tests="149" failures="8" errors="0" skipped="55" time="0.0"><testsuite name="SoftwareManagement.Plugin.apama_plugin_install" tests="3" errors="0" failures="0" skipped="1" time="0"><testcase classname="ApamaPluginInstallTest" name="SoftwareManagement.Plugin.apama_plugin_install">
		<skipped message="SKIPPED: Apama plugin tests are disabled by default. Execute `pysys run` with `-XmyPlatform=container` to run these tests" />
		<system-out>19:28:47 INFO  ==============================================================
19:28:47 INFO  Id:    SoftwareManagement.Plugin.apama_plugin_install
19:28:47 INFO  Dir:   plugin_apama/
19:28:47 INFO  Title: Validate apama plugin install
19:28:47 INFO  ==============================================================
19:28:48 INFO  Apama plugin tests are disabled by default. Execute `pysys run` with `-XmyPlatform=container` to run these tests ... skipped
19:28:48 WARN  Aborted test due to SKIPPED outcome
19:28:48 INFO  
19:28:48 INFO  Test duration: 0.06 secs
19:28:48 INFO  Test final outcome:  SKIPPED
19:28:48 INFO  Test outcome reason: Apama plugin tests are disabled by default. Execute `pysys run` with `-XmyPlatform=container` to run these tests
19:28:48 INFO  
</system-out>
	</testcase>
<testcase classname="ApamaPluginInstallTest" name="SoftwareManagement.Plugin.apama_plugin_install" />
<testcase classname="ApamaPluginInstallTest" name="SoftwareManagement.Plugin.apama_plugin_install" />
</testsuite><testsuite name="SoftwareManagement.Plugin.apama_plugin_mon_support" tests="3" errors="0" failures="0" skipped="1" time="0"><testcase classname="ApamaPluginMonSupportTest" name="SoftwareManagement.Plugin.apama_plugin_mon_support">
		<skipped message="SKIPPED: Apama plugin tests are disabled by default. Execute `pysys run` with `-XmyPlatform=container` to run these tests" />
		<system-out>19:28:48 INFO  ==============================================================
19:28:48 INFO  Id:    SoftwareManagement.Plugin.apama_plugin_mon_support
19:28:48 INFO  Dir:   plugin_apama/
19:28:48 INFO  Title: Validate mon file support of apama plugin
19:28:48 INFO  ==============================================================
19:28:48 INFO  Apama plugin tests are disabled by default. Execute `pysys run` with `-XmyPlatform=container` to run these tests ... skipped
19:28:48 WARN  Aborted test due to SKIPPED outcome
19:28:48 INFO  
19:28:48 INFO  Test duration: 0.02 secs
19:28:48 INFO  Test final outcome:  SKIPPED
19:28:48 INFO  Test outcome reason: Apama plugin tests are disabled by default. Execute `pysys run` with `-XmyPlatform=container` to run these tests
19:28:48 INFO  
</system-out>
	</testcase>
<testcase classname="ApamaPluginMonSupportTest" name="SoftwareManagement.Plugin.apama_plugin_mon_support" />
<testcase classname="ApamaPluginMonSupportTest" name="SoftwareManagement.Plugin.apama_plugin_mon_support" />
</testsuite><testsuite name="SoftwareManagement.Plugin.apama_plugin_remove" tests="3" errors="0" failures="0" skipped="1" time="0"><testcase classname="ApamaPluginRemoveTest" name="SoftwareManagement.Plugin.apama_plugin_remove">
		<skipped message="SKIPPED: Apama plugin tests are disabled by default. Execute `pysys run` with `-XmyPlatform=container` to run these tests" />
		<system-out>19:28:48 INFO  ==============================================================
19:28:48 INFO  Id:    SoftwareManagement.Plugin.apama_plugin_remove
19:28:48 INFO  Dir:   plugin_apama/
19:28:48 INFO  Title: Validate apama plugin remove
19:28:48 INFO  ==============================================================
19:28:48 INFO  Apama plugin tests are disabled by default. Execute `pysys run` with `-XmyPlatform=container` to run these tests ... skipped
19:28:48 WARN  Aborted test due to SKIPPED outcome
19:28:48 INFO  
19:28:48 INFO  Test duration: 0.02 secs
19:28:48 INFO  Test final outcome:  SKIPPED
19:28:48 INFO  Test outcome reason: Apama plugin tests are disabled by default. Execute `pysys run` with `-XmyPlatform=container` to run these tests
19:28:48 INFO  
</system-out>
	</testcase>
<testcase classname="ApamaPluginRemoveTest" name="SoftwareManagement.Plugin.apama_plugin_remove" />
<testcase classname="ApamaPluginRemoveTest" name="SoftwareManagement.Plugin.apama_plugin_remove" />
</testsuite><testsuite name="SoftwareManagement.Plugin.apama_plugin_update" tests="3" errors="0" failures="0" skipped="3" time="0"><testcase classname="ApamaPluginUpdateTest" name="SoftwareManagement.Plugin.apama_plugin_update">
		<skipped message="SKIPPED: Test execution disabled due to #1052" />
		<system-out>19:28:48 INFO  ==============================================================
19:28:48 INFO  Id:    SoftwareManagement.Plugin.apama_plugin_update
19:28:48 INFO  Dir:   plugin_apama/
19:28:48 INFO  Title: Validate apama plugin updating one project with another
19:28:48 INFO  ==============================================================
19:28:48 INFO  Test execution disabled due to #1052 ... skipped
19:28:48 INFO  
19:28:48 INFO  Test duration: 0.02 secs
19:28:48 INFO  Test final outcome:  SKIPPED
19:28:48 INFO  Test outcome reason: Test execution disabled due to #1052
19:28:48 INFO  
</system-out>
	</testcase>
<testcase classname="ApamaPluginUpdateTest" name="SoftwareManagement.Plugin.apama_plugin_update">
		<skipped message="SKIPPED: Test execution disabled due to #1052" />
		<system-out>20:21:34 INFO  ==============================================================
20:21:34 INFO  Id:    SoftwareManagement.Plugin.apama_plugin_update
20:21:34 INFO  Dir:   plugin_apama/
20:21:34 INFO  Title: Validate apama plugin updating one project with another
20:21:34 INFO  ==============================================================
20:21:34 INFO  Test execution disabled due to #1052 ... skipped
20:21:34 INFO  
20:21:34 INFO  Test duration: 0.02 secs
20:21:34 INFO  Test final outcome:  SKIPPED
20:21:34 INFO  Test outcome reason: Test execution disabled due to #1052
20:21:34 INFO  
</system-out>
	</testcase>
<testcase classname="ApamaPluginUpdateTest" name="SoftwareManagement.Plugin.apama_plugin_update">
		<skipped message="SKIPPED: Test execution disabled due to #1052" />
		<system-out>20:30:08 INFO  ==============================================================
20:30:08 INFO  Id:    SoftwareManagement.Plugin.apama_plugin_update
20:30:08 INFO  Dir:   plugin_apama/
20:30:08 INFO  Title: Validate apama plugin updating one project with another
20:30:08 INFO  ==============================================================
20:30:08 INFO  Test execution disabled due to #1052 ... skipped
20:30:08 INFO  
20:30:08 INFO  Test duration: 0.02 secs
20:30:08 INFO  Test final outcome:  SKIPPED
20:30:08 INFO  Test outcome reason: Test execution disabled due to #1052
20:30:08 INFO  
</system-out>
	</testcase>
</testsuite><testsuite name="SoftwareManagement.sm_apt_install_download_path" tests="3" errors="0" failures="2" skipped="1" time="0"><testcase classname="AptInstallWithDownloadPath" name="SoftwareManagement.sm_apt_install_download_path">
		<skipped message="SKIPPED: Testing the apt plugin is not supported on this platform.Use parameter -XmyPlatform='container' to enable it" />
		<system-out>19:38:33 INFO  ==============================================================
19:38:33 INFO  Id:    SoftwareManagement.sm_apt_install_download_path
19:38:33 INFO  Dir:   software_management_end_to_end/
19:38:33 INFO  Title: Install package to directory specified in tedge config set tmp.path
19:38:33 INFO  ==============================================================
19:38:33 INFO  Testing the apt plugin is not supported on this platform.Use parameter -XmyPlatform='container' to enable it ... skipped
19:38:33 WARN  Aborted test due to SKIPPED outcome
19:38:33 INFO  
19:38:33 INFO  Test duration: 0.07 secs
19:38:33 INFO  Test final outcome:  SKIPPED
19:38:33 INFO  Test outcome reason: Testing the apt plugin is not supported on this platform.Use parameter -XmyPlatform='container' to enable it
19:38:33 INFO  
</system-out>
	</testcase>
<testcase classname="AptInstallWithDownloadPath" name="SoftwareManagement.sm_apt_install_download_path">
		<failure message="BLOCKED: AssertionError:" type="BLOCKED" />
		<system-out>20:03:10 INFO  ==============================================================
20:03:10 INFO  Id:    SoftwareManagement.sm_apt_install_download_path
20:03:10 INFO  Dir:   software_management_end_to_end/
20:03:10 INFO  Title: Install package to directory specified in tedge config set tmp.path
20:03:10 INFO  ==============================================================
20:03:10 INFO  Using sw id database: {'asciijump': '5475369', 'robotfindskitten': '5474869', 'squirrel3': '5475279', 'rolldice': '5152439', 'moon-buggy': '5439204', 'apple': '5495053', 'banana': '5494888', 'cherry': '5495382', 'watermelon': '5494510', 'registry': '8018911', 'hello-world': '8021526', 'docker/getting-started': '8021973', 'alpine': '7991792'}
20:03:10 INFO  EnvironmentC8y Setup
20:03:11 INFO  Executed systemctl&lt;serv_mapper1&gt;, exit status 3
20:03:26 INFO  Executed sudo&lt;tedge_connect_c8y&gt;, exit status 0, duration 15 secs
20:03:28 INFO  Executed sudo&lt;tedge_connect_c8y_test&gt;, exit status 0
20:03:29 INFO  Executed systemctl&lt;serv_mosq2&gt;, exit status 0
20:03:30 INFO  Executed systemctl&lt;serv_mapper3&gt;, exit status 0
20:03:32 ERROR No operations found, assuming it passed
20:03:32 INFO  Assert that (False == value) with value=False ... passed
20:03:33 INFO  Executed sudo, exit status 0
20:03:33 INFO  Executed sudo, exit status 0
20:03:34 INFO  Executed sudo, exit status 0
20:03:38 INFO  Executed sudo&lt;tedge_disconnect_c8y&gt;, exit status 0
20:03:38 INFO  Restarting mosquitto too frequently in the last 10 seconds. It was only up for 3 seconds
20:03:38 INFO  Delaying execution by 8 seconds
20:04:00 INFO  Executed sudo&lt;tedge_connect_c8y&gt;, exit status 0, duration 13 secs
20:04:00 INFO  Response status: 201
20:04:00 INFO  Response to action: {
    "creationTime": "2022-05-10T20:04:00.681Z",
    "deviceName": "mythica",
    "deviceId": "18732228",
    "self": "https://t493319102.eu-latest.cumulocity.com/devicecontrol/operations/18751540",
    "id": "18751540",
    "status": "PENDING",
    "description": "Apply software changes, triggered from PySys: [{'name': 'rolldice', 'id': '5152439', 'version': '::apt', 'url': 'https://thin-edge-io.eu-latest.cumulocity.com/inventory/binaries/12435463', 'action': 'install'}]",
    "c8y_SoftwareUpdate": [
        {
            "name": "rolldice",
            "action": "install",
            "id": "5152439",
            "version": "::apt",
            "url": "https://thin-edge-io.eu-latest.cumulocity.com/inventory/binaries/12435463"
        }
    ]
}
20:04:00 INFO  Started operation: {'creationTime': '2022-05-10T20:04:00.681Z', 'deviceName': 'mythica', 'deviceId': '18732228', 'self': 'https://t493319102.eu-latest.cumulocity.com/devicecontrol/operations/18751540', 'id': '18751540', 'status': 'PENDING', 'description': "Apply software changes, triggered from PySys: [{'name': 'rolldice', 'id': '5152439', 'version': '::apt', 'url': 'https://thin-edge-io.eu-latest.cumulocity.com/inventory/binaries/12435463', 'action': 'install'}]", 'c8y_SoftwareUpdate': [{'name': 'rolldice', 'action': 'install', 'id': '5152439', 'version': '::apt', 'url': 'https://thin-edge-io.eu-latest.cumulocity.com/inventory/binaries/12435463'}]}
20:04:00 WARN  , retrying in 0.5 seconds...
20:04:01 WARN  , retrying in 0.5 seconds...
20:04:01 WARN  , retrying in 0.5 seconds...
20:04:02 WARN  , retrying in 0.5 seconds...
20:04:02 WARN  , retrying in 0.5 seconds...
20:04:03 WARN  , retrying in 0.5 seconds...
20:04:03 WARN  , retrying in 0.5 seconds...
20:04:04 WARN  , retrying in 0.5 seconds...
20:04:04 WARN  , retrying in 0.5 seconds...
20:04:05 WARN  AssertionError occurred while running test - 
Traceback (most recent call last):
  File "/home/pi/env-pysys/lib/python3.7/site-packages/pysys/baserunner.py", line 1294, in __call__
    self.testObj.execute()
  File "/home/pi/actions-runner/_work/thin-edge.io/thin-edge.io/tests/PySys/software_management_end_to_end/sm_apt_install_download_path/run.py", line 83, in execute
    assert_install_in_download_path(install_directory=self.DOWNLOAD_DIR)
  File "/home/pi/env-pysys/lib/python3.7/site-packages/decorator.py", line 232, in fun
    return caller(func, *(extras + args), **kw)
  File "/home/pi/env-pysys/lib/python3.7/site-packages/retry/api.py", line 74, in retry_decorator
    logger)
  File "/home/pi/env-pysys/lib/python3.7/site-packages/retry/api.py", line 33, in __retry_internal
    return f()
  File "/home/pi/actions-runner/_work/thin-edge.io/thin-edge.io/tests/PySys/software_management_end_to_end/sm_apt_install_download_path/run.py", line 28, in assert_install_in_download_path
    assert "rolldice" in os.listdir(f"{install_directory}")
AssertionError
20:04:05 WARN  AssertionError: ... blocked 
20:04:05 INFO  
20:04:05 INFO  cleanup:
20:04:06 INFO  Executed sudo, exit status 0
20:04:07 INFO  Executed sudo, exit status 0
20:04:11 INFO  Executed sudo&lt;tedge_disconnect_c8y&gt;, exit status 0
20:04:11 INFO  Restarting mosquitto too frequently in the last 10 seconds. It was only up for 3 seconds
20:04:11 INFO  Delaying execution by 8 seconds
20:04:34 INFO  Executed sudo&lt;tedge_connect_c8y&gt;, exit status 0, duration 14 secs
20:04:38 INFO  Executed sudo&lt;tedge_disconnect_c8y&gt;, exit status 0
20:04:39 INFO  Executed systemctl&lt;serv_mapper5&gt;, exit status 3
20:04:39 INFO  
20:04:39 INFO  Test duration: 88.45 secs
20:04:39 INFO  Test final outcome:  BLOCKED
20:04:39 INFO  Test outcome reason: AssertionError:
20:04:39 INFO  
</system-out>
	</testcase>
<testcase classname="AptInstallWithDownloadPath" name="SoftwareManagement.sm_apt_install_download_path">
		<failure message="BLOCKED: AssertionError:" type="BLOCKED" />
		<system-out>20:30:08 INFO  ==============================================================
20:30:08 INFO  Id:    SoftwareManagement.sm_apt_install_download_path
20:30:08 INFO  Dir:   software_management_end_to_end/
20:30:08 INFO  Title: Install package to directory specified in tedge config set tmp.path
20:30:08 INFO  ==============================================================
20:30:09 INFO  Using sw id database: {'asciijump': '5475369', 'robotfindskitten': '5474869', 'squirrel3': '5475279', 'rolldice': '5152439', 'moon-buggy': '5439204', 'apple': '5495053', 'banana': '5494888', 'cherry': '5495382', 'watermelon': '5494510', 'registry': '8018911', 'hello-world': '8021526', 'docker/getting-started': '8021973', 'alpine': '7991792'}
20:30:09 INFO  EnvironmentC8y Setup
20:30:10 INFO  Executed systemctl&lt;serv_mapper1&gt;, exit status 3
20:30:25 INFO  Executed sudo&lt;tedge_connect_c8y&gt;, exit status 0, duration 14 secs
20:30:25 INFO  Executed sudo&lt;tedge_connect_c8y_test&gt;, exit status 0
20:30:26 INFO  Executed systemctl&lt;serv_mosq2&gt;, exit status 0
20:30:26 INFO  Executed systemctl&lt;serv_mapper3&gt;, exit status 0
20:30:29 INFO  State of current operation: SUCCESSFUL
20:30:29 INFO  Assert that (False == value) with value=False ... passed
20:30:29 INFO  Executed sudo, exit status 0
20:30:30 INFO  Executed sudo, exit status 0
20:30:30 INFO  Executed sudo, exit status 0
20:30:35 INFO  Executed sudo&lt;tedge_disconnect_c8y&gt;, exit status 0
20:30:35 INFO  Restarting mosquitto too frequently in the last 10 seconds. It was only up for 4 seconds
20:30:35 INFO  Delaying execution by 7 seconds
20:30:56 INFO  Executed sudo&lt;tedge_connect_c8y&gt;, exit status 0, duration 14 secs
20:30:56 INFO  Response status: 201
20:30:56 INFO  Response to action: {
    "delivery": {
        "time": "2022-05-10T20:30:56.879Z",
        "log": [],
        "status": "PENDING"
    },
    "creationTime": "2022-05-10T20:30:56.864Z",
    "deviceName": "mythica",
    "deviceId": "18732228",
    "self": "https://t493319102.eu-latest.cumulocity.com/devicecontrol/operations/18751774",
    "id": "18751774",
    "status": "PENDING",
    "description": "Apply software changes, triggered from PySys: [{'name': 'rolldice', 'id': '5152439', 'version': '::apt', 'url': 'https://thin-edge-io.eu-latest.cumulocity.com/inventory/binaries/12435463', 'action': 'install'}]",
    "c8y_SoftwareUpdate": [
        {
            "name": "rolldice",
            "action": "install",
            "id": "5152439",
            "version": "::apt",
            "url": "https://thin-edge-io.eu-latest.cumulocity.com/inventory/binaries/12435463"
        }
    ]
}
20:30:56 INFO  Started operation: {'delivery': {'time': '2022-05-10T20:30:56.879Z', 'log': [], 'status': 'PENDING'}, 'creationTime': '2022-05-10T20:30:56.864Z', 'deviceName': 'mythica', 'deviceId': '18732228', 'self': 'https://t493319102.eu-latest.cumulocity.com/devicecontrol/operations/18751774', 'id': '18751774', 'status': 'PENDING', 'description': "Apply software changes, triggered from PySys: [{'name': 'rolldice', 'id': '5152439', 'version': '::apt', 'url': 'https://thin-edge-io.eu-latest.cumulocity.com/inventory/binaries/12435463', 'action': 'install'}]", 'c8y_SoftwareUpdate': [{'name': 'rolldice', 'action': 'install', 'id': '5152439', 'version': '::apt', 'url': 'https://thin-edge-io.eu-latest.cumulocity.com/inventory/binaries/12435463'}]}
20:30:56 WARN  , retrying in 0.5 seconds...
20:30:57 WARN  , retrying in 0.5 seconds...
20:30:57 WARN  , retrying in 0.5 seconds...
20:30:58 WARN  , retrying in 0.5 seconds...
20:30:58 WARN  , retrying in 0.5 seconds...
20:30:59 WARN  , retrying in 0.5 seconds...
20:30:59 WARN  , retrying in 0.5 seconds...
20:31:00 WARN  , retrying in 0.5 seconds...
20:31:00 WARN  , retrying in 0.5 seconds...
20:31:01 WARN  AssertionError occurred while running test - 
Traceback (most recent call last):
  File "/home/pi/env-pysys/lib/python3.7/site-packages/pysys/baserunner.py", line 1294, in __call__
    self.testObj.execute()
  File "/home/pi/actions-runner/_work/thin-edge.io/thin-edge.io/tests/PySys/software_management_end_to_end/sm_apt_install_download_path/run.py", line 83, in execute
    assert_install_in_download_path(install_directory=self.DOWNLOAD_DIR)
  File "/home/pi/env-pysys/lib/python3.7/site-packages/decorator.py", line 232, in fun
    return caller(func, *(extras + args), **kw)
  File "/home/pi/env-pysys/lib/python3.7/site-packages/retry/api.py", line 74, in retry_decorator
    logger)
  File "/home/pi/env-pysys/lib/python3.7/site-packages/retry/api.py", line 33, in __retry_internal
    return f()
  File "/home/pi/actions-runner/_work/thin-edge.io/thin-edge.io/tests/PySys/software_management_end_to_end/sm_apt_install_download_path/run.py", line 28, in assert_install_in_download_path
    assert "rolldice" in os.listdir(f"{install_directory}")
AssertionError
20:31:02 WARN  AssertionError: ... blocked 
20:31:02 INFO  
20:31:02 INFO  cleanup:
20:31:02 INFO  Executed sudo, exit status 0
20:31:03 INFO  Executed sudo, exit status 0
20:31:07 INFO  Executed sudo&lt;tedge_disconnect_c8y&gt;, exit status 0
20:31:08 INFO  Restarting mosquitto too frequently in the last 10 seconds. It was only up for 4 seconds
20:31:08 INFO  Delaying execution by 7 seconds
20:31:29 INFO  Executed sudo&lt;tedge_connect_c8y&gt;, exit status 0, duration 14 secs
20:31:34 INFO  Executed sudo&lt;tedge_disconnect_c8y&gt;, exit status 0
20:31:34 INFO  Executed systemctl&lt;serv_mapper5&gt;, exit status 3
20:31:34 INFO  
20:31:34 INFO  Test duration: 86.72 secs
20:31:34 INFO  Test final outcome:  BLOCKED
20:31:34 INFO  Test outcome reason: AssertionError:
20:31:34 INFO  
</system-out>
	</testcase>
</testsuite><testsuite name="SoftwareManagement.sm_apt_install_fail" tests="3" errors="0" failures="0" skipped="1" time="0"><testcase classname="PySysTest" name="SoftwareManagement.sm_apt_install_fail">
		<skipped message="SKIPPED: Testing the apt plugin is not supported on this platform.Use parameter -XmyPlatform='container' to enable it" />
		<system-out>19:38:33 INFO  ==============================================================
19:38:33 INFO  Id:    SoftwareManagement.sm_apt_install_fail
19:38:33 INFO  Dir:   software_management_end_to_end/
19:38:33 INFO  Title: Validate end to end behaviour for a failing installation
19:38:33 INFO  ==============================================================
19:38:33 INFO  Testing the apt plugin is not supported on this platform.Use parameter -XmyPlatform='container' to enable it ... skipped
19:38:33 WARN  Aborted test due to SKIPPED outcome
19:38:33 INFO  
19:38:33 INFO  Test duration: 0.02 secs
19:38:33 INFO  Test final outcome:  SKIPPED
19:38:33 INFO  Test outcome reason: Testing the apt plugin is not supported on this platform.Use parameter -XmyPlatform='container' to enable it
19:38:33 INFO  
</system-out>
	</testcase>
<testcase classname="PySysTest" name="SoftwareManagement.sm_apt_install_fail" />
<testcase classname="PySysTest" name="SoftwareManagement.sm_apt_install_fail" />
</testsuite><testsuite name="SoftwareManagement.sm_apt_install_remove" tests="3" errors="0" failures="0" skipped="1" time="0"><testcase classname="PySysTest" name="SoftwareManagement.sm_apt_install_remove">
		<skipped message="SKIPPED: Testing the apt plugin is not supported on this platform.Use parameter -XmyPlatform='container' to enable it" />
		<system-out>19:38:33 INFO  ==============================================================
19:38:33 INFO  Id:    SoftwareManagement.sm_apt_install_remove
19:38:33 INFO  Dir:   software_management_end_to_end/
19:38:33 INFO  Title: Validate end to end behaviour for the apt plugin for installation and removal of packages
19:38:33 INFO  ==============================================================
19:38:33 INFO  Testing the apt plugin is not supported on this platform.Use parameter -XmyPlatform='container' to enable it ... skipped
19:38:33 WARN  Aborted test due to SKIPPED outcome
19:38:33 INFO  
19:38:33 INFO  Test duration: 0.02 secs
19:38:33 INFO  Test final outcome:  SKIPPED
19:38:33 INFO  Test outcome reason: Testing the apt plugin is not supported on this platform.Use parameter -XmyPlatform='container' to enable it
19:38:33 INFO  
</system-out>
	</testcase>
<testcase classname="PySysTest" name="SoftwareManagement.sm_apt_install_remove" />
<testcase classname="PySysTest" name="SoftwareManagement.sm_apt_install_remove" />
</testsuite><testsuite name="SoftwareManagement.sm_apt_install_remove_default" tests="3" errors="0" failures="0" skipped="1" time="0"><testcase classname="PySysTest" name="SoftwareManagement.sm_apt_install_remove_default">
		<skipped message="SKIPPED: Testing the apt plugin is not supported on this platform.Use parameter -XmyPlatform='container' to enable it" />
		<system-out>19:38:33 INFO  ==============================================================
19:38:33 INFO  Id:    SoftwareManagement.sm_apt_install_remove_default
19:38:33 INFO  Dir:   software_management_end_to_end/
19:38:33 INFO  Title: Validate end to end behaviour for the default plugin for installation and removal of packages
19:38:33 INFO  ==============================================================
19:38:33 INFO  Testing the apt plugin is not supported on this platform.Use parameter -XmyPlatform='container' to enable it ... skipped
19:38:33 WARN  Aborted test due to SKIPPED outcome
19:38:33 INFO  
19:38:33 INFO  Test duration: 0.02 secs
19:38:33 INFO  Test final outcome:  SKIPPED
19:38:33 INFO  Test outcome reason: Testing the apt plugin is not supported on this platform.Use parameter -XmyPlatform='container' to enable it
19:38:33 INFO  
</system-out>
	</testcase>
<testcase classname="PySysTest" name="SoftwareManagement.sm_apt_install_remove_default" />
<testcase classname="PySysTest" name="SoftwareManagement.sm_apt_install_remove_default" />
</testsuite><testsuite name="SoftwareManagement.sm_apt_install_remove_multiple" tests="3" errors="0" failures="2" skipped="1" time="0"><testcase classname="PySysTest" name="SoftwareManagement.sm_apt_install_remove_multiple">
		<skipped message="SKIPPED: Testing the apt plugin is not supported on this platform.Use parameter -XmyPlatform='container' to enable it" />
		<system-out>19:38:33 INFO  ==============================================================
19:38:33 INFO  Id:    SoftwareManagement.sm_apt_install_remove_multiple
19:38:33 INFO  Dir:   software_management_end_to_end/
19:38:33 INFO  Title: Validate end to end behaviour for the apt plugin for multiple packages
19:38:33 INFO  ==============================================================
19:38:33 INFO  Testing the apt plugin is not supported on this platform.Use parameter -XmyPlatform='container' to enable it ... skipped
19:38:33 WARN  Aborted test due to SKIPPED outcome
19:38:33 INFO  
19:38:33 INFO  Test duration: 0.02 secs
19:38:33 INFO  Test final outcome:  SKIPPED
19:38:33 INFO  Test outcome reason: Testing the apt plugin is not supported on this platform.Use parameter -XmyPlatform='container' to enable it
19:38:33 INFO  
</system-out>
	</testcase>
<testcase classname="PySysTest" name="SoftwareManagement.sm_apt_install_remove_multiple">
		<failure message="FAILED: Assert that (False == value) with value=True" type="FAILED" />
		<system-out>20:11:35 INFO  ==============================================================
20:11:35 INFO  Id:    SoftwareManagement.sm_apt_install_remove_multiple
20:11:35 INFO  Dir:   software_management_end_to_end/
20:11:35 INFO  Title: Validate end to end behaviour for the apt plugin for multiple packages
20:11:35 INFO  ==============================================================
20:11:35 INFO  Using sw id database: {'asciijump': '5475369', 'robotfindskitten': '5474869', 'squirrel3': '5475279', 'rolldice': '5152439', 'moon-buggy': '5439204', 'apple': '5495053', 'banana': '5494888', 'cherry': '5495382', 'watermelon': '5494510', 'registry': '8018911', 'hello-world': '8021526', 'docker/getting-started': '8021973', 'alpine': '7991792'}
20:11:35 INFO  EnvironmentC8y Setup
20:11:35 INFO  Executed systemctl&lt;serv_mapper1&gt;, exit status 3
20:11:35 INFO  Restarting mosquitto too frequently in the last 10 seconds. It was only up for 5 seconds
20:11:35 INFO  Delaying execution by 6 seconds
20:11:56 INFO  Executed sudo&lt;tedge_connect_c8y&gt;, exit status 0, duration 14 secs
20:11:57 INFO  Executed sudo&lt;tedge_connect_c8y_test&gt;, exit status 0
20:11:57 INFO  Executed systemctl&lt;serv_mosq2&gt;, exit status 0
20:11:58 INFO  Executed systemctl&lt;serv_mapper3&gt;, exit status 0
20:12:00 INFO  State of current operation: SUCCESSFUL
20:12:00 INFO  Assert that (False == value) with value=False ... passed
20:12:01 INFO  Assert that (False == value) with value=False ... passed
20:12:01 INFO  Assert that (False == value) with value=False ... passed
20:12:01 INFO  Package robotfindskitten is installed
20:12:01 WARN  Assert that (False == value) with value=True ... failed 
20:12:01 INFO  Response status: 201
20:12:01 INFO  Response to action: {
    "creationTime": "2022-05-10T20:12:01.689Z",
    "deviceName": "mythica",
    "deviceId": "18732228",
    "self": "https://t493319102.eu-latest.cumulocity.com/devicecontrol/operations/18751634",
    "id": "18751634",
    "status": "PENDING",
    "description": "Apply software changes, triggered from PySys: [{'action': 'install', 'id': '5475369', 'name': 'asciijump', 'url': ' ', 'version': '::apt'}, {'action': 'install', 'id': '5474869', 'name': 'robotfindskitten', 'url': ' ', 'version': '::apt'}, {'action': 'install', 'id': '5475279', 'name': 'squirrel3', 'url': ' ', 'version': '::apt'}]",
    "c8y_SoftwareUpdate": [
        {
            "name": "asciijump",
            "action": "install",
            "id": "5475369",
            "version": "::apt",
            "url": " "
        },
        {
            "name": "robotfindskitten",
            "action": "install",
            "id": "5474869",
            "version": "::apt",
            "url": " "
        },
        {
            "name": "squirrel3",
            "action": "install",
            "id": "5475279",
            "version": "::apt",
            "url": " "
        }
    ]
}
20:12:01 INFO  Started operation: {'creationTime': '2022-05-10T20:12:01.689Z', 'deviceName': 'mythica', 'deviceId': '18732228', 'self': 'https://t493319102.eu-latest.cumulocity.com/devicecontrol/operations/18751634', 'id': '18751634', 'status': 'PENDING', 'description': "Apply software changes, triggered from PySys: [{'action': 'install', 'id': '5475369', 'name': 'asciijump', 'url': ' ', 'version': '::apt'}, {'action': 'install', 'id': '5474869', 'name': 'robotfindskitten', 'url': ' ', 'version': '::apt'}, {'action': 'install', 'id': '5475279', 'name': 'squirrel3', 'url': ' ', 'version': '::apt'}]", 'c8y_SoftwareUpdate': [{'name': 'asciijump', 'action': 'install', 'id': '5475369', 'version': '::apt', 'url': ' '}, {'name': 'robotfindskitten', 'action': 'install', 'id': '5474869', 'version': '::apt', 'url': ' '}, {'name': 'squirrel3', 'action': 'install', 'id': '5475279', 'version': '::apt', 'url': ' '}]}
20:12:03 INFO  State of operation 18751634 : PENDING
20:12:06 INFO  State of operation 18751634 : EXECUTING
20:12:08 INFO  State of operation 18751634 : EXECUTING
20:12:10 INFO  State of operation 18751634 : EXECUTING
20:12:12 INFO  State of operation 18751634 : EXECUTING
20:12:15 INFO  State of operation 18751634 : EXECUTING
20:12:17 INFO  State of operation 18751634 : EXECUTING
20:12:20 INFO  State of operation 18751634 : EXECUTING
20:12:22 INFO  State of operation 18751634 : EXECUTING
20:12:25 INFO  State of operation 18751634 : EXECUTING
20:12:27 INFO  State of operation 18751634 : EXECUTING
20:12:29 INFO  State of operation 18751634 : EXECUTING
20:12:32 INFO  State of operation 18751634 : EXECUTING
20:12:34 INFO  State of operation 18751634 : EXECUTING
20:12:36 INFO  State of operation 18751634 : EXECUTING
20:12:38 INFO  State of operation 18751634 : EXECUTING
20:12:41 INFO  State of operation 18751634 : EXECUTING
20:12:43 INFO  State of operation 18751634 : EXECUTING
20:12:46 INFO  State of operation 18751634 : EXECUTING
20:12:48 INFO  State of operation 18751634 : EXECUTING
20:12:50 INFO  State of operation 18751634 : EXECUTING
20:12:53 INFO  State of operation 18751634 : EXECUTING
20:12:55 INFO  State of operation 18751634 : EXECUTING
20:12:57 INFO  State of operation 18751634 : EXECUTING
20:13:00 INFO  State of operation 18751634 : EXECUTING
20:13:02 INFO  State of operation 18751634 : EXECUTING
20:13:05 INFO  State of operation 18751634 : EXECUTING
20:13:07 INFO  State of operation 18751634 : EXECUTING
20:13:10 INFO  State of operation 18751634 : EXECUTING
20:13:12 INFO  State of operation 18751634 : EXECUTING
20:13:15 INFO  State of operation 18751634 : EXECUTING
20:13:17 INFO  State of operation 18751634 : EXECUTING
20:13:19 INFO  State of operation 18751634 : EXECUTING
20:13:21 INFO  State of operation 18751634 : EXECUTING
20:13:24 INFO  State of operation 18751634 : SUCCESSFUL
20:13:24 INFO  Assert that (False == value) with value=False ... passed
20:13:24 INFO  Package asciijump is installed
20:13:24 INFO  Assert that (True == value) with value=True ... passed
20:13:24 INFO  Package squirrel3 is installed
20:13:24 INFO  Assert that (True == value) with value=True ... passed
20:13:24 INFO  Package robotfindskitten is installed
20:13:24 INFO  Assert that (True == value) with value=True ... passed
20:13:25 INFO  Response status: 201
20:13:25 INFO  Response to action: {
    "creationTime": "2022-05-10T20:13:25.156Z",
    "deviceName": "mythica",
    "deviceId": "18732228",
    "self": "https://t493319102.eu-latest.cumulocity.com/devicecontrol/operations/18751645",
    "id": "18751645",
    "status": "PENDING",
    "description": "Apply software changes, triggered from PySys: [{'action': 'delete', 'id': '5475369', 'name': 'asciijump', 'url': ' ', 'version': '::apt'}, {'action': 'delete', 'id': '5474869', 'name': 'robotfindskitten', 'url': ' ', 'version': '::apt'}, {'action': 'delete', 'id': '5475279', 'name': 'squirrel3', 'url': ' ', 'version': '::apt'}]",
    "c8y_SoftwareUpdate": [
        {
            "name": "asciijump",
            "action": "delete",
            "id": "5475369",
            "version": "::apt",
            "url": " "
        },
        {
            "name": "robotfindskitten",
            "action": "delete",
            "id": "5474869",
            "version": "::apt",
            "url": " "
        },
        {
            "name": "squirrel3",
            "action": "delete",
            "id": "5475279",
            "version": "::apt",
            "url": " "
        }
    ]
}
20:13:25 INFO  Started operation: {'creationTime': '2022-05-10T20:13:25.156Z', 'deviceName': 'mythica', 'deviceId': '18732228', 'self': 'https://t493319102.eu-latest.cumulocity.com/devicecontrol/operations/18751645', 'id': '18751645', 'status': 'PENDING', 'description': "Apply software changes, triggered from PySys: [{'action': 'delete', 'id': '5475369', 'name': 'asciijump', 'url': ' ', 'version': '::apt'}, {'action': 'delete', 'id': '5474869', 'name': 'robotfindskitten', 'url': ' ', 'version': '::apt'}, {'action': 'delete', 'id': '5475279', 'name': 'squirrel3', 'url': ' ', 'version': '::apt'}]", 'c8y_SoftwareUpdate': [{'name': 'asciijump', 'action': 'delete', 'id': '5475369', 'version': '::apt', 'url': ' '}, {'name': 'robotfindskitten', 'action': 'delete', 'id': '5474869', 'version': '::apt', 'url': ' '}, {'name': 'squirrel3', 'action': 'delete', 'id': '5475279', 'version': '::apt', 'url': ' '}]}
20:13:27 INFO  State of operation 18751645 : PENDING
20:13:29 INFO  State of operation 18751645 : EXECUTING
20:13:31 INFO  State of operation 18751645 : EXECUTING
20:13:34 INFO  State of operation 18751645 : EXECUTING
20:13:36 INFO  State of operation 18751645 : EXECUTING
20:13:38 INFO  State of operation 18751645 : EXECUTING
20:13:41 INFO  State of operation 18751645 : EXECUTING
20:13:44 INFO  State of operation 18751645 : EXECUTING
20:13:47 INFO  State of operation 18751645 : EXECUTING
20:13:49 INFO  State of operation 18751645 : EXECUTING
20:13:51 INFO  State of operation 18751645 : EXECUTING
20:13:53 INFO  State of operation 18751645 : EXECUTING
20:13:56 INFO  State of operation 18751645 : EXECUTING
20:13:58 INFO  State of operation 18751645 : EXECUTING
20:14:00 INFO  State of operation 18751645 : EXECUTING
20:14:03 INFO  State of operation 18751645 : EXECUTING
20:14:05 INFO  State of operation 18751645 : EXECUTING
20:14:08 INFO  State of operation 18751645 : EXECUTING
20:14:10 INFO  State of operation 18751645 : EXECUTING
20:14:12 INFO  State of operation 18751645 : EXECUTING
20:14:15 INFO  State of operation 18751645 : EXECUTING
20:14:17 INFO  State of operation 18751645 : EXECUTING
20:14:19 INFO  State of operation 18751645 : EXECUTING
20:14:21 INFO  State of operation 18751645 : EXECUTING
20:14:24 INFO  State of operation 18751645 : EXECUTING
20:14:27 INFO  State of operation 18751645 : EXECUTING
20:14:29 INFO  State of operation 18751645 : EXECUTING
20:14:31 INFO  State of operation 18751645 : SUCCESSFUL
20:14:31 INFO  Assert that (False == value) with value=False ... passed
20:14:32 INFO  Assert that (False == value) with value=False ... passed
20:14:32 INFO  Assert that (False == value) with value=False ... passed
20:14:32 INFO  Assert that (False == value) with value=False ... passed
20:14:32 INFO  
20:14:32 INFO  cleanup:
20:14:36 INFO  Executed sudo&lt;tedge_disconnect_c8y&gt;, exit status 0
20:14:37 INFO  Executed systemctl&lt;serv_mapper5&gt;, exit status 3
20:14:37 INFO  
20:14:37 INFO  Test duration: 182.22 secs
20:14:37 INFO  Test final outcome:  FAILED
20:14:37 INFO  Test outcome reason: Assert that (False == value) with value=True
20:14:37 INFO  
</system-out>
	</testcase>
<testcase classname="PySysTest" name="SoftwareManagement.sm_apt_install_remove_multiple">
		<failure message="FAILED: Assert that (False == value) with value=True (+2 other failures)" type="FAILED" />
		<system-out>20:38:15 INFO  ==============================================================
20:38:15 INFO  Id:    SoftwareManagement.sm_apt_install_remove_multiple
20:38:15 INFO  Dir:   software_management_end_to_end/
20:38:15 INFO  Title: Validate end to end behaviour for the apt plugin for multiple packages
20:38:15 INFO  ==============================================================
20:38:15 INFO  Using sw id database: {'asciijump': '5475369', 'robotfindskitten': '5474869', 'squirrel3': '5475279', 'rolldice': '5152439', 'moon-buggy': '5439204', 'apple': '5495053', 'banana': '5494888', 'cherry': '5495382', 'watermelon': '5494510', 'registry': '8018911', 'hello-world': '8021526', 'docker/getting-started': '8021973', 'alpine': '7991792'}
20:38:15 INFO  EnvironmentC8y Setup
20:38:15 INFO  Executed systemctl&lt;serv_mapper1&gt;, exit status 3
20:38:15 INFO  Restarting mosquitto too frequently in the last 10 seconds. It was only up for 5 seconds
20:38:15 INFO  Delaying execution by 6 seconds
20:38:36 INFO  Executed sudo&lt;tedge_connect_c8y&gt;, exit status 0, duration 14 secs
20:38:37 INFO  Executed sudo&lt;tedge_connect_c8y_test&gt;, exit status 0
20:38:37 INFO  Executed systemctl&lt;serv_mosq2&gt;, exit status 0
20:38:38 INFO  Executed systemctl&lt;serv_mapper3&gt;, exit status 0
20:38:40 INFO  State of current operation: SUCCESSFUL
20:38:40 INFO  Assert that (False == value) with value=False ... passed
20:38:40 INFO  Package asciijump is installed
20:38:41 WARN  Assert that (False == value) with value=True ... failed 
20:38:41 INFO  Package squirrel3 is installed
20:38:41 WARN  Assert that (False == value) with value=True ... failed 
20:38:41 INFO  Package robotfindskitten is installed
20:38:41 WARN  Assert that (False == value) with value=True ... failed 
20:38:41 INFO  Response status: 201
20:38:41 INFO  Response to action: {
    "delivery": {
        "time": "2022-05-10T20:38:41.755Z",
        "log": [],
        "status": "PENDING"
    },
    "creationTime": "2022-05-10T20:38:41.742Z",
    "deviceName": "mythica",
    "deviceId": "18732228",
    "self": "https://t493319102.eu-latest.cumulocity.com/devicecontrol/operations/18751856",
    "id": "18751856",
    "status": "PENDING",
    "description": "Apply software changes, triggered from PySys: [{'action': 'install', 'id': '5475369', 'name': 'asciijump', 'url': ' ', 'version': '::apt'}, {'action': 'install', 'id': '5474869', 'name': 'robotfindskitten', 'url': ' ', 'version': '::apt'}, {'action': 'install', 'id': '5475279', 'name': 'squirrel3', 'url': ' ', 'version': '::apt'}]",
    "c8y_SoftwareUpdate": [
        {
            "name": "asciijump",
            "action": "install",
            "id": "5475369",
            "version": "::apt",
            "url": " "
        },
        {
            "name": "robotfindskitten",
            "action": "install",
            "id": "5474869",
            "version": "::apt",
            "url": " "
        },
        {
            "name": "squirrel3",
            "action": "install",
            "id": "5475279",
            "version": "::apt",
            "url": " "
        }
    ]
}
20:38:41 INFO  Started operation: {'delivery': {'time': '2022-05-10T20:38:41.755Z', 'log': [], 'status': 'PENDING'}, 'creationTime': '2022-05-10T20:38:41.742Z', 'deviceName': 'mythica', 'deviceId': '18732228', 'self': 'https://t493319102.eu-latest.cumulocity.com/devicecontrol/operations/18751856', 'id': '18751856', 'status': 'PENDING', 'description': "Apply software changes, triggered from PySys: [{'action': 'install', 'id': '5475369', 'name': 'asciijump', 'url': ' ', 'version': '::apt'}, {'action': 'install', 'id': '5474869', 'name': 'robotfindskitten', 'url': ' ', 'version': '::apt'}, {'action': 'install', 'id': '5475279', 'name': 'squirrel3', 'url': ' ', 'version': '::apt'}]", 'c8y_SoftwareUpdate': [{'name': 'asciijump', 'action': 'install', 'id': '5475369', 'version': '::apt', 'url': ' '}, {'name': 'robotfindskitten', 'action': 'install', 'id': '5474869', 'version': '::apt', 'url': ' '}, {'name': 'squirrel3', 'action': 'install', 'id': '5475279', 'version': '::apt', 'url': ' '}]}
20:38:44 INFO  State of operation 18751856 : PENDING
20:38:46 INFO  State of operation 18751856 : EXECUTING
20:38:48 INFO  State of operation 18751856 : EXECUTING
20:38:50 INFO  State of operation 18751856 : EXECUTING
20:38:52 INFO  State of operation 18751856 : EXECUTING
20:38:55 INFO  State of operation 18751856 : EXECUTING
20:38:58 INFO  State of operation 18751856 : EXECUTING
20:39:01 INFO  State of operation 18751856 : EXECUTING
20:39:03 INFO  State of operation 18751856 : EXECUTING
20:39:06 INFO  State of operation 18751856 : EXECUTING
20:39:08 INFO  State of operation 18751856 : EXECUTING
20:39:10 INFO  State of operation 18751856 : EXECUTING
20:39:12 INFO  State of operation 18751856 : EXECUTING
20:39:14 INFO  State of operation 18751856 : EXECUTING
20:39:17 INFO  State of operation 18751856 : EXECUTING
20:39:19 INFO  State of operation 18751856 : SUCCESSFUL
20:39:19 INFO  Assert that (False == value) with value=False ... passed
20:39:19 INFO  Package asciijump is installed
20:39:19 INFO  Assert that (True == value) with value=True ... passed
20:39:20 INFO  Package squirrel3 is installed
20:39:20 INFO  Assert that (True == value) with value=True ... passed
20:39:20 INFO  Package robotfindskitten is installed
20:39:20 INFO  Assert that (True == value) with value=True ... passed
20:39:20 INFO  Response status: 201
20:39:20 INFO  Response to action: {
    "delivery": {
        "time": "2022-05-10T20:39:20.581Z",
        "log": [],
        "status": "PENDING"
    },
    "creationTime": "2022-05-10T20:39:20.566Z",
    "deviceName": "mythica",
    "deviceId": "18732228",
    "self": "https://t493319102.eu-latest.cumulocity.com/devicecontrol/operations/18751872",
    "id": "18751872",
    "status": "PENDING",
    "description": "Apply software changes, triggered from PySys: [{'action': 'delete', 'id': '5475369', 'name': 'asciijump', 'url': ' ', 'version': '::apt'}, {'action': 'delete', 'id': '5474869', 'name': 'robotfindskitten', 'url': ' ', 'version': '::apt'}, {'action': 'delete', 'id': '5475279', 'name': 'squirrel3', 'url': ' ', 'version': '::apt'}]",
    "c8y_SoftwareUpdate": [
        {
            "name": "asciijump",
            "action": "delete",
            "id": "5475369",
            "version": "::apt",
            "url": " "
        },
        {
            "name": "robotfindskitten",
            "action": "delete",
            "id": "5474869",
            "version": "::apt",
            "url": " "
        },
        {
            "name": "squirrel3",
            "action": "delete",
            "id": "5475279",
            "version": "::apt",
            "url": " "
        }
    ]
}
20:39:20 INFO  Started operation: {'delivery': {'time': '2022-05-10T20:39:20.581Z', 'log': [], 'status': 'PENDING'}, 'creationTime': '2022-05-10T20:39:20.566Z', 'deviceName': 'mythica', 'deviceId': '18732228', 'self': 'https://t493319102.eu-latest.cumulocity.com/devicecontrol/operations/18751872', 'id': '18751872', 'status': 'PENDING', 'description': "Apply software changes, triggered from PySys: [{'action': 'delete', 'id': '5475369', 'name': 'asciijump', 'url': ' ', 'version': '::apt'}, {'action': 'delete', 'id': '5474869', 'name': 'robotfindskitten', 'url': ' ', 'version': '::apt'}, {'action': 'delete', 'id': '5475279', 'name': 'squirrel3', 'url': ' ', 'version': '::apt'}]", 'c8y_SoftwareUpdate': [{'name': 'asciijump', 'action': 'delete', 'id': '5475369', 'version': '::apt', 'url': ' '}, {'name': 'robotfindskitten', 'action': 'delete', 'id': '5474869', 'version': '::apt', 'url': ' '}, {'name': 'squirrel3', 'action': 'delete', 'id': '5475279', 'version': '::apt', 'url': ' '}]}
20:39:22 INFO  State of operation 18751872 : PENDING
20:39:25 INFO  State of operation 18751872 : EXECUTING
20:39:27 INFO  State of operation 18751872 : EXECUTING
20:39:29 INFO  State of operation 18751872 : EXECUTING
20:39:31 INFO  State of operation 18751872 : EXECUTING
20:39:34 INFO  State of operation 18751872 : EXECUTING
20:39:36 INFO  State of operation 18751872 : EXECUTING
20:39:38 INFO  State of operation 18751872 : EXECUTING
20:39:41 INFO  State of operation 18751872 : EXECUTING
20:39:44 INFO  State of operation 18751872 : EXECUTING
20:39:46 INFO  State of operation 18751872 : EXECUTING
20:39:48 INFO  State of operation 18751872 : EXECUTING
20:39:50 INFO  State of operation 18751872 : EXECUTING
20:39:53 INFO  State of operation 18751872 : EXECUTING
20:39:55 INFO  State of operation 18751872 : EXECUTING
20:39:57 INFO  State of operation 18751872 : EXECUTING
20:40:00 INFO  State of operation 18751872 : EXECUTING
20:40:02 INFO  State of operation 18751872 : EXECUTING
20:40:06 INFO  State of operation 18751872 : EXECUTING
20:40:08 INFO  State of operation 18751872 : EXECUTING
20:40:11 INFO  State of operation 18751872 : EXECUTING
20:40:13 INFO  State of operation 18751872 : EXECUTING
20:40:15 INFO  State of operation 18751872 : EXECUTING
20:40:17 INFO  State of operation 18751872 : EXECUTING
20:40:19 INFO  State of operation 18751872 : EXECUTING
20:40:22 INFO  State of operation 18751872 : EXECUTING
20:40:24 INFO  State of operation 18751872 : EXECUTING
20:40:27 INFO  State of operation 18751872 : EXECUTING
20:40:29 INFO  State of operation 18751872 : EXECUTING
20:40:31 INFO  State of operation 18751872 : SUCCESSFUL
20:40:31 INFO  Assert that (False == value) with value=False ... passed
20:40:32 INFO  Assert that (False == value) with value=False ... passed
20:40:32 INFO  Assert that (False == value) with value=False ... passed
20:40:32 INFO  Assert that (False == value) with value=False ... passed
20:40:32 INFO  
20:40:32 INFO  cleanup:
20:40:36 INFO  Executed sudo&lt;tedge_disconnect_c8y&gt;, exit status 0
20:40:37 INFO  Executed systemctl&lt;serv_mapper5&gt;, exit status 3
20:40:37 INFO  
20:40:37 INFO  Test duration: 142.12 secs
20:40:37 INFO  Test final outcome:  FAILED
20:40:37 INFO  Test outcome reason: Assert that (False == value) with value=True (+2 other failures)
20:40:37 INFO  
</system-out>
	</testcase>
</testsuite><testsuite name="SoftwareManagement.sm_apt_install_remove_multiple_mixed" tests="3" errors="0" failures="2" skipped="1" time="0"><testcase classname="PySysTest" name="SoftwareManagement.sm_apt_install_remove_multiple_mixed">
		<skipped message="SKIPPED: Testing the apt plugin is not supported on this platform.Use parameter -XmyPlatform='container' to enable it" />
		<system-out>19:38:33 INFO  ==============================================================
19:38:33 INFO  Id:    SoftwareManagement.sm_apt_install_remove_multiple_mixed
19:38:33 INFO  Dir:   software_management_end_to_end/
19:38:33 INFO  Title: Validate end to end behaviour for the apt plugin for multiple packages with mixed versions
19:38:33 INFO  ==============================================================
19:38:33 INFO  Testing the apt plugin is not supported on this platform.Use parameter -XmyPlatform='container' to enable it ... skipped
19:38:33 WARN  Aborted test due to SKIPPED outcome
19:38:33 INFO  
19:38:33 INFO  Test duration: 0.02 secs
19:38:33 INFO  Test final outcome:  SKIPPED
19:38:33 INFO  Test outcome reason: Testing the apt plugin is not supported on this platform.Use parameter -XmyPlatform='container' to enable it
19:38:33 INFO  
</system-out>
	</testcase>
<testcase classname="PySysTest" name="SoftwareManagement.sm_apt_install_remove_multiple_mixed">
		<failure message="BLOCKED: SystemError: Timeout while waiting for status SUCCESSFUL or False" type="BLOCKED" />
		<system-out>20:14:37 INFO  ==============================================================
20:14:37 INFO  Id:    SoftwareManagement.sm_apt_install_remove_multiple_mixed
20:14:37 INFO  Dir:   software_management_end_to_end/
20:14:37 INFO  Title: Validate end to end behaviour for the apt plugin for multiple packages with mixed versions
20:14:37 INFO  ==============================================================
20:14:37 INFO  Using sw id database: {'asciijump': '5475369', 'robotfindskitten': '5474869', 'squirrel3': '5475279', 'rolldice': '5152439', 'moon-buggy': '5439204', 'apple': '5495053', 'banana': '5494888', 'cherry': '5495382', 'watermelon': '5494510', 'registry': '8018911', 'hello-world': '8021526', 'docker/getting-started': '8021973', 'alpine': '7991792'}
20:14:37 INFO  EnvironmentC8y Setup
20:14:38 INFO  Executed systemctl&lt;serv_mapper1&gt;, exit status 3
20:14:38 INFO  Restarting mosquitto too frequently in the last 10 seconds. It was only up for 5 seconds
20:14:38 INFO  Delaying execution by 6 seconds
20:14:58 INFO  Executed sudo&lt;tedge_connect_c8y&gt;, exit status 0, duration 14 secs
20:14:59 INFO  Executed sudo&lt;tedge_connect_c8y_test&gt;, exit status 0
20:14:59 INFO  Executed systemctl&lt;serv_mosq2&gt;, exit status 0
20:15:00 INFO  Executed systemctl&lt;serv_mapper3&gt;, exit status 0
20:15:02 INFO  State of current operation: SUCCESSFUL
20:15:02 INFO  Assert that (False == value) with value=False ... passed
20:15:03 INFO  Assert that (False == value) with value=False ... passed
20:15:03 INFO  Assert that (False == value) with value=False ... passed
20:15:03 INFO  Assert that (False == value) with value=False ... passed
20:15:03 INFO  Assert that (False == value) with value=False ... passed
20:15:05 INFO  Response status: 201
20:15:05 INFO  Response to action: {
    "creationTime": "2022-05-10T20:15:04.943Z",
    "deviceName": "mythica",
    "deviceId": "18732228",
    "self": "https://t493319102.eu-latest.cumulocity.com/devicecontrol/operations/18751659",
    "id": "18751659",
    "status": "PENDING",
    "description": "Apply software changes, triggered from PySys: [{'action': 'install', 'id': '5475369', 'name': 'asciijump', 'url': ' ', 'version': '::apt'}, {'action': 'install', 'id': '5474869', 'name': 'robotfindskitten', 'url': ' ', 'version': ' '}, {'action': 'install', 'id': '5475279', 'name': 'squirrel3', 'url': ' ', 'version': '3.1-7::apt'}, {'action': 'install', 'id': '5152439', 'name': 'rolldice', 'url': ' ', 'version': '1.16-1+b1'}, {'action': 'install', 'id': '5439204', 'name': 'moon-buggy', 'url': ' ', 'version': '1:1.0.51-12'}, {'action': 'install', 'id': '5475369', 'name': 'asciijump', 'url': ' ', 'version': '::apt'}]",
    "c8y_SoftwareUpdate": [
        {
            "name": "asciijump",
            "action": "install",
            "id": "5475369",
            "version": "::apt",
            "url": " "
        },
        {
            "name": "robotfindskitten",
            "action": "install",
            "id": "5474869",
            "version": " ",
            "url": " "
        },
        {
            "name": "squirrel3",
            "action": "install",
            "id": "5475279",
            "version": "3.1-7::apt",
            "url": " "
        },
        {
            "name": "rolldice",
            "action": "install",
            "id": "5152439",
            "version": "1.16-1+b1",
            "url": " "
        },
        {
            "name": "moon-buggy",
            "action": "install",
            "id": "5439204",
            "version": "1:1.0.51-12",
            "url": " "
        },
        {
            "name": "asciijump",
            "action": "install",
            "id": "5475369",
            "version": "::apt",
            "url": " "
        }
    ]
}
20:15:05 INFO  Started operation: {'creationTime': '2022-05-10T20:15:04.943Z', 'deviceName': 'mythica', 'deviceId': '18732228', 'self': 'https://t493319102.eu-latest.cumulocity.com/devicecontrol/operations/18751659', 'id': '18751659', 'status': 'PENDING', 'description': "Apply software changes, triggered from PySys: [{'action': 'install', 'id': '5475369', 'name': 'asciijump', 'url': ' ', 'version': '::apt'}, {'action': 'install', 'id': '5474869', 'name': 'robotfindskitten', 'url': ' ', 'version': ' '}, {'action': 'install', 'id': '5475279', 'name': 'squirrel3', 'url': ' ', 'version': '3.1-7::apt'}, {'action': 'install', 'id': '5152439', 'name': 'rolldice', 'url': ' ', 'version': '1.16-1+b1'}, {'action': 'install', 'id': '5439204', 'name': 'moon-buggy', 'url': ' ', 'version': '1:1.0.51-12'}, {'action': 'install', 'id': '5475369', 'name': 'asciijump', 'url': ' ', 'version': '::apt'}]", 'c8y_SoftwareUpdate': [{'name': 'asciijump', 'action': 'install', 'id': '5475369', 'version': '::apt', 'url': ' '}, {'name': 'robotfindskitten', 'action': 'install', 'id': '5474869', 'version': ' ', 'url': ' '}, {'name': 'squirrel3', 'action': 'install', 'id': '5475279', 'version': '3.1-7::apt', 'url': ' '}, {'name': 'rolldice', 'action': 'install', 'id': '5152439', 'version': '1.16-1+b1', 'url': ' '}, {'name': 'moon-buggy', 'action': 'install', 'id': '5439204', 'version': '1:1.0.51-12', 'url': ' '}, {'name': 'asciijump', 'action': 'install', 'id': '5475369', 'version': '::apt', 'url': ' '}]}
20:15:07 INFO  State of operation 18751659 : PENDING
20:15:09 INFO  State of operation 18751659 : EXECUTING
20:15:11 INFO  State of operation 18751659 : EXECUTING
20:15:14 INFO  State of operation 18751659 : EXECUTING
20:15:16 INFO  State of operation 18751659 : EXECUTING
20:15:18 INFO  State of operation 18751659 : EXECUTING
20:15:21 INFO  State of operation 18751659 : EXECUTING
20:15:24 INFO  State of operation 18751659 : EXECUTING
20:15:26 INFO  State of operation 18751659 : EXECUTING
20:15:28 INFO  State of operation 18751659 : EXECUTING
20:15:31 INFO  State of operation 18751659 : EXECUTING
20:15:33 INFO  State of operation 18751659 : EXECUTING
20:15:35 INFO  State of operation 18751659 : EXECUTING
20:15:38 INFO  State of operation 18751659 : EXECUTING
20:15:40 INFO  State of operation 18751659 : EXECUTING
20:15:42 INFO  State of operation 18751659 : EXECUTING
20:15:45 INFO  State of operation 18751659 : EXECUTING
20:15:47 INFO  State of operation 18751659 : EXECUTING
20:15:50 INFO  State of operation 18751659 : EXECUTING
20:15:52 INFO  State of operation 18751659 : EXECUTING
20:15:54 INFO  State of operation 18751659 : EXECUTING
20:15:56 INFO  State of operation 18751659 : EXECUTING
20:15:59 INFO  State of operation 18751659 : EXECUTING
20:16:01 INFO  State of operation 18751659 : EXECUTING
20:16:03 INFO  State of operation 18751659 : EXECUTING
20:16:06 INFO  State of operation 18751659 : EXECUTING
20:16:09 INFO  State of operation 18751659 : EXECUTING
20:16:11 INFO  State of operation 18751659 : EXECUTING
20:16:14 INFO  State of operation 18751659 : EXECUTING
20:16:16 INFO  State of operation 18751659 : EXECUTING
20:16:18 INFO  State of operation 18751659 : EXECUTING
20:16:20 INFO  State of operation 18751659 : EXECUTING
20:16:23 INFO  State of operation 18751659 : EXECUTING
20:16:25 INFO  State of operation 18751659 : EXECUTING
20:16:27 INFO  State of operation 18751659 : EXECUTING
20:16:29 INFO  State of operation 18751659 : EXECUTING
20:16:32 INFO  State of operation 18751659 : EXECUTING
20:16:34 INFO  State of operation 18751659 : EXECUTING
20:16:37 INFO  State of operation 18751659 : EXECUTING
20:16:39 INFO  State of operation 18751659 : EXECUTING
20:16:42 INFO  State of operation 18751659 : EXECUTING
20:16:44 INFO  State of operation 18751659 : EXECUTING
20:16:46 INFO  State of operation 18751659 : EXECUTING
20:16:48 INFO  State of operation 18751659 : EXECUTING
20:16:51 INFO  State of operation 18751659 : EXECUTING
20:16:53 INFO  State of operation 18751659 : EXECUTING
20:16:55 INFO  State of operation 18751659 : EXECUTING
20:16:57 INFO  State of operation 18751659 : EXECUTING
20:17:00 INFO  State of operation 18751659 : EXECUTING
20:17:02 INFO  State of operation 18751659 : EXECUTING
20:17:05 INFO  State of operation 18751659 : EXECUTING
20:17:07 INFO  State of operation 18751659 : EXECUTING
20:17:09 INFO  State of operation 18751659 : EXECUTING
20:17:11 INFO  State of operation 18751659 : EXECUTING
20:17:14 INFO  State of operation 18751659 : EXECUTING
20:17:16 INFO  State of operation 18751659 : EXECUTING
20:17:19 INFO  State of operation 18751659 : EXECUTING
20:17:21 INFO  State of operation 18751659 : EXECUTING
20:17:23 INFO  State of operation 18751659 : EXECUTING
20:17:25 INFO  State of operation 18751659 : EXECUTING
20:17:28 INFO  State of operation 18751659 : EXECUTING
20:17:30 WARN  SystemError occurred while running test - Timeout while waiting for status SUCCESSFUL or False
Traceback (most recent call last):
  File "/home/pi/env-pysys/lib/python3.7/site-packages/pysys/baserunner.py", line 1294, in __call__
    self.testObj.execute()
  File "/home/pi/actions-runner/_work/thin-edge.io/thin-edge.io/tests/PySys/software_management_end_to_end/sm_apt_install_remove_multiple_mixed/run.py", line 89, in execute
    self.wait_until_succcess()
  File "/home/pi/actions-runner/_work/thin-edge.io/thin-edge.io/tests/PySys/software_management_end_to_end/environment_sm_management.py", line 324, in wait_until_succcess
    self.wait_until_status("SUCCESSFUL")
  File "/home/pi/actions-runner/_work/thin-edge.io/thin-edge.io/tests/PySys/software_management_end_to_end/environment_sm_management.py", line 381, in wait_until_status
    "Timeout while waiting for status %s or %s" % (status, status2)
SystemError: Timeout while waiting for status SUCCESSFUL or False
20:17:30 WARN  SystemError: Timeout while waiting for status SUCCESSFUL or False ... blocked 
20:17:30 INFO  
20:17:30 INFO  cleanup:
20:17:34 INFO  Executed sudo&lt;tedge_disconnect_c8y&gt;, exit status 0
20:17:35 INFO  Executed systemctl&lt;serv_mapper5&gt;, exit status 3
20:17:35 INFO  
20:17:35 INFO  Test duration: 178.11 secs
20:17:35 INFO  Test final outcome:  BLOCKED
20:17:35 INFO  Test outcome reason: SystemError: Timeout while waiting for status SUCCESSFUL or False
20:17:35 INFO  
</system-out>
	</testcase>
<testcase classname="PySysTest" name="SoftwareManagement.sm_apt_install_remove_multiple_mixed">
		<failure message="BLOCKED: SystemError: Timeout while waiting for status SUCCESSFUL or False (+1 other failures)" type="BLOCKED" />
		<system-out>20:40:37 INFO  ==============================================================
20:40:37 INFO  Id:    SoftwareManagement.sm_apt_install_remove_multiple_mixed
20:40:37 INFO  Dir:   software_management_end_to_end/
20:40:37 INFO  Title: Validate end to end behaviour for the apt plugin for multiple packages with mixed versions
20:40:37 INFO  ==============================================================
20:40:37 INFO  Using sw id database: {'asciijump': '5475369', 'robotfindskitten': '5474869', 'squirrel3': '5475279', 'rolldice': '5152439', 'moon-buggy': '5439204', 'apple': '5495053', 'banana': '5494888', 'cherry': '5495382', 'watermelon': '5494510', 'registry': '8018911', 'hello-world': '8021526', 'docker/getting-started': '8021973', 'alpine': '7991792'}
20:40:37 INFO  EnvironmentC8y Setup
20:40:38 INFO  Executed systemctl&lt;serv_mapper1&gt;, exit status 3
20:40:38 INFO  Restarting mosquitto too frequently in the last 10 seconds. It was only up for 5 seconds
20:40:38 INFO  Delaying execution by 6 seconds
20:40:58 INFO  Executed sudo&lt;tedge_connect_c8y&gt;, exit status 0, duration 14 secs
20:40:59 INFO  Executed sudo&lt;tedge_connect_c8y_test&gt;, exit status 0
20:40:59 INFO  Executed systemctl&lt;serv_mosq2&gt;, exit status 0
20:41:00 INFO  Executed systemctl&lt;serv_mapper3&gt;, exit status 0
20:41:02 INFO  State of current operation: SUCCESSFUL
20:41:02 INFO  Assert that (False == value) with value=False ... passed
20:41:03 INFO  Assert that (False == value) with value=False ... passed
20:41:03 INFO  Assert that (False == value) with value=False ... passed
20:41:03 INFO  Assert that (False == value) with value=False ... passed
20:41:03 INFO  Package moon-buggy is installed
20:41:03 WARN  Assert that (False == value) with value=True ... failed 
20:41:05 INFO  Response status: 201
20:41:05 INFO  Response to action: {
    "creationTime": "2022-05-10T20:41:05.251Z",
    "deviceName": "mythica",
    "deviceId": "18732228",
    "self": "https://t493319102.eu-latest.cumulocity.com/devicecontrol/operations/18751895",
    "id": "18751895",
    "status": "PENDING",
    "description": "Apply software changes, triggered from PySys: [{'action': 'install', 'id': '5475369', 'name': 'asciijump', 'url': ' ', 'version': '::apt'}, {'action': 'install', 'id': '5474869', 'name': 'robotfindskitten', 'url': ' ', 'version': ' '}, {'action': 'install', 'id': '5475279', 'name': 'squirrel3', 'url': ' ', 'version': '3.1-7::apt'}, {'action': 'install', 'id': '5152439', 'name': 'rolldice', 'url': ' ', 'version': '1.16-1+b1'}, {'action': 'install', 'id': '5439204', 'name': 'moon-buggy', 'url': ' ', 'version': '1:1.0.51-12'}, {'action': 'install', 'id': '5475369', 'name': 'asciijump', 'url': ' ', 'version': '::apt'}]",
    "c8y_SoftwareUpdate": [
        {
            "name": "asciijump",
            "action": "install",
            "id": "5475369",
            "version": "::apt",
            "url": " "
        },
        {
            "name": "robotfindskitten",
            "action": "install",
            "id": "5474869",
            "version": " ",
            "url": " "
        },
        {
            "name": "squirrel3",
            "action": "install",
            "id": "5475279",
            "version": "3.1-7::apt",
            "url": " "
        },
        {
            "name": "rolldice",
            "action": "install",
            "id": "5152439",
            "version": "1.16-1+b1",
            "url": " "
        },
        {
            "name": "moon-buggy",
            "action": "install",
            "id": "5439204",
            "version": "1:1.0.51-12",
            "url": " "
        },
        {
            "name": "asciijump",
            "action": "install",
            "id": "5475369",
            "version": "::apt",
            "url": " "
        }
    ]
}
20:41:05 INFO  Started operation: {'creationTime': '2022-05-10T20:41:05.251Z', 'deviceName': 'mythica', 'deviceId': '18732228', 'self': 'https://t493319102.eu-latest.cumulocity.com/devicecontrol/operations/18751895', 'id': '18751895', 'status': 'PENDING', 'description': "Apply software changes, triggered from PySys: [{'action': 'install', 'id': '5475369', 'name': 'asciijump', 'url': ' ', 'version': '::apt'}, {'action': 'install', 'id': '5474869', 'name': 'robotfindskitten', 'url': ' ', 'version': ' '}, {'action': 'install', 'id': '5475279', 'name': 'squirrel3', 'url': ' ', 'version': '3.1-7::apt'}, {'action': 'install', 'id': '5152439', 'name': 'rolldice', 'url': ' ', 'version': '1.16-1+b1'}, {'action': 'install', 'id': '5439204', 'name': 'moon-buggy', 'url': ' ', 'version': '1:1.0.51-12'}, {'action': 'install', 'id': '5475369', 'name': 'asciijump', 'url': ' ', 'version': '::apt'}]", 'c8y_SoftwareUpdate': [{'name': 'asciijump', 'action': 'install', 'id': '5475369', 'version': '::apt', 'url': ' '}, {'name': 'robotfindskitten', 'action': 'install', 'id': '5474869', 'version': ' ', 'url': ' '}, {'name': 'squirrel3', 'action': 'install', 'id': '5475279', 'version': '3.1-7::apt', 'url': ' '}, {'name': 'rolldice', 'action': 'install', 'id': '5152439', 'version': '1.16-1+b1', 'url': ' '}, {'name': 'moon-buggy', 'action': 'install', 'id': '5439204', 'version': '1:1.0.51-12', 'url': ' '}, {'name': 'asciijump', 'action': 'install', 'id': '5475369', 'version': '::apt', 'url': ' '}]}
20:41:07 INFO  State of operation 18751895 : PENDING
20:41:09 INFO  State of operation 18751895 : EXECUTING
20:41:12 INFO  State of operation 18751895 : EXECUTING
20:41:14 INFO  State of operation 18751895 : EXECUTING
20:41:16 INFO  State of operation 18751895 : EXECUTING
20:41:18 INFO  State of operation 18751895 : EXECUTING
20:41:21 INFO  State of operation 18751895 : EXECUTING
20:41:24 INFO  State of operation 18751895 : EXECUTING
20:41:26 INFO  State of operation 18751895 : EXECUTING
20:41:29 INFO  State of operation 18751895 : EXECUTING
20:41:31 INFO  State of operation 18751895 : EXECUTING
20:41:33 INFO  State of operation 18751895 : EXECUTING
20:41:35 INFO  State of operation 18751895 : EXECUTING
20:41:38 INFO  State of operation 18751895 : EXECUTING
20:41:40 INFO  State of operation 18751895 : EXECUTING
20:41:42 INFO  State of operation 18751895 : EXECUTING
20:41:45 INFO  State of operation 18751895 : EXECUTING
20:41:47 INFO  State of operation 18751895 : EXECUTING
20:41:50 INFO  State of operation 18751895 : EXECUTING
20:41:52 INFO  State of operation 18751895 : EXECUTING
20:41:54 INFO  State of operation 18751895 : EXECUTING
20:41:56 INFO  State of operation 18751895 : EXECUTING
20:41:58 INFO  State of operation 18751895 : EXECUTING
20:42:01 INFO  State of operation 18751895 : EXECUTING
20:42:03 INFO  State of operation 18751895 : EXECUTING
20:42:06 INFO  State of operation 18751895 : EXECUTING
20:42:09 INFO  State of operation 18751895 : EXECUTING
20:42:11 INFO  State of operation 18751895 : EXECUTING
20:42:14 INFO  State of operation 18751895 : EXECUTING
20:42:16 INFO  State of operation 18751895 : EXECUTING
20:42:19 INFO  State of operation 18751895 : EXECUTING
20:42:21 INFO  State of operation 18751895 : EXECUTING
20:42:23 INFO  State of operation 18751895 : EXECUTING
20:42:25 INFO  State of operation 18751895 : EXECUTING
20:42:28 INFO  State of operation 18751895 : EXECUTING
20:42:30 INFO  State of operation 18751895 : EXECUTING
20:42:32 INFO  State of operation 18751895 : EXECUTING
20:42:34 INFO  State of operation 18751895 : EXECUTING
20:42:37 INFO  State of operation 18751895 : EXECUTING
20:42:40 INFO  State of operation 18751895 : EXECUTING
20:42:42 INFO  State of operation 18751895 : EXECUTING
20:42:44 INFO  State of operation 18751895 : EXECUTING
20:42:47 INFO  State of operation 18751895 : EXECUTING
20:42:49 INFO  State of operation 18751895 : EXECUTING
20:42:51 INFO  State of operation 18751895 : EXECUTING
20:42:53 INFO  State of operation 18751895 : EXECUTING
20:42:55 INFO  State of operation 18751895 : EXECUTING
20:42:58 INFO  State of operation 18751895 : EXECUTING
20:43:00 INFO  State of operation 18751895 : EXECUTING
20:43:03 INFO  State of operation 18751895 : EXECUTING
20:43:05 INFO  State of operation 18751895 : EXECUTING
20:43:07 INFO  State of operation 18751895 : EXECUTING
20:43:10 INFO  State of operation 18751895 : EXECUTING
20:43:12 INFO  State of operation 18751895 : EXECUTING
20:43:14 INFO  State of operation 18751895 : EXECUTING
20:43:17 INFO  State of operation 18751895 : EXECUTING
20:43:19 INFO  State of operation 18751895 : EXECUTING
20:43:22 INFO  State of operation 18751895 : EXECUTING
20:43:24 INFO  State of operation 18751895 : EXECUTING
20:43:27 INFO  State of operation 18751895 : EXECUTING
20:43:29 INFO  State of operation 18751895 : EXECUTING
20:43:31 WARN  SystemError occurred while running test - Timeout while waiting for status SUCCESSFUL or False
Traceback (most recent call last):
  File "/home/pi/env-pysys/lib/python3.7/site-packages/pysys/baserunner.py", line 1294, in __call__
    self.testObj.execute()
  File "/home/pi/actions-runner/_work/thin-edge.io/thin-edge.io/tests/PySys/software_management_end_to_end/sm_apt_install_remove_multiple_mixed/run.py", line 89, in execute
    self.wait_until_succcess()
  File "/home/pi/actions-runner/_work/thin-edge.io/thin-edge.io/tests/PySys/software_management_end_to_end/environment_sm_management.py", line 324, in wait_until_succcess
    self.wait_until_status("SUCCESSFUL")
  File "/home/pi/actions-runner/_work/thin-edge.io/thin-edge.io/tests/PySys/software_management_end_to_end/environment_sm_management.py", line 381, in wait_until_status
    "Timeout while waiting for status %s or %s" % (status, status2)
SystemError: Timeout while waiting for status SUCCESSFUL or False
20:43:31 WARN  SystemError: Timeout while waiting for status SUCCESSFUL or False ... blocked 
20:43:31 INFO  
20:43:31 INFO  cleanup:
20:43:37 INFO  Executed sudo&lt;tedge_disconnect_c8y&gt;, exit status 0
20:43:37 INFO  Executed systemctl&lt;serv_mapper5&gt;, exit status 3
20:43:37 INFO  
20:43:37 INFO  Test duration: 180.40 secs
20:43:37 INFO  Test final outcome:  BLOCKED
20:43:37 INFO  Test outcome reason: SystemError: Timeout while waiting for status SUCCESSFUL or False (+1 other failures)
20:43:37 INFO  
</system-out>
	</testcase>
</testsuite><testsuite name="SoftwareManagement.sm_apt_install_remove_with_version" tests="3" errors="0" failures="0" skipped="1" time="0"><testcase classname="PySysTest" name="SoftwareManagement.sm_apt_install_remove_with_version">
		<skipped message="SKIPPED: Testing the apt plugin is not supported on this platform.Use parameter -XmyPlatform='container' to enable it" />
		<system-out>19:38:33 INFO  ==============================================================
19:38:33 INFO  Id:    SoftwareManagement.sm_apt_install_remove_with_version
19:38:33 INFO  Dir:   software_management_end_to_end/
19:38:33 INFO  Title: Validate end to end behaviour for the apt plugin for packages with version
19:38:33 INFO  ==============================================================
19:38:33 INFO  Testing the apt plugin is not supported on this platform.Use parameter -XmyPlatform='container' to enable it ... skipped
19:38:33 WARN  Aborted test due to SKIPPED outcome
19:38:33 INFO  
19:38:33 INFO  Test duration: 0.02 secs
19:38:33 INFO  Test final outcome:  SKIPPED
19:38:33 INFO  Test outcome reason: Testing the apt plugin is not supported on this platform.Use parameter -XmyPlatform='container' to enable it
19:38:33 INFO  
</system-out>
	</testcase>
<testcase classname="PySysTest" name="SoftwareManagement.sm_apt_install_remove_with_version" />
<testcase classname="PySysTest" name="SoftwareManagement.sm_apt_install_remove_with_version" />
</testsuite><testsuite name="SoftwareManagement.sm_docker_install_remove_multiple" tests="3" errors="0" failures="0" skipped="1" time="0"><testcase classname="SMDockerInstallRemove" name="SoftwareManagement.sm_docker_install_remove_multiple">
		<skipped message="SKIPPED: Testing the apt plugin is not supported on this platform.Use parameter -XmyPlatform='container' to enable it" />
		<system-out>19:38:33 INFO  ==============================================================
19:38:33 INFO  Id:    SoftwareManagement.sm_docker_install_remove_multiple
19:38:33 INFO  Dir:   software_management_end_to_end/
19:38:33 INFO  Title: Validate end to end behaviour for the docker plugin for multiple docker images with mixed versions
19:38:33 INFO  ==============================================================
19:38:33 INFO  Testing the apt plugin is not supported on this platform.Use parameter -XmyPlatform='container' to enable it ... skipped
19:38:33 WARN  Aborted test due to SKIPPED outcome
19:38:33 INFO  
19:38:33 INFO  Test duration: 0.02 secs
19:38:33 INFO  Test final outcome:  SKIPPED
19:38:33 INFO  Test outcome reason: Testing the apt plugin is not supported on this platform.Use parameter -XmyPlatform='container' to enable it
19:38:33 INFO  
</system-out>
	</testcase>
<testcase classname="SMDockerInstallRemove" name="SoftwareManagement.sm_docker_install_remove_multiple" />
<testcase classname="SMDockerInstallRemove" name="SoftwareManagement.sm_docker_install_remove_multiple" />
</testsuite><testsuite name="SoftwareManagement.sm_fake_install_remove" tests="2" errors="0" failures="0" skipped="1" time="0"><testcase classname="PySysTest" name="SoftwareManagement.sm_fake_install_remove">
		<skipped message="SKIPPED: Testing the fake plugin is not enabled.Use parameter -Xfakeplugin=fakeplugin to enable it" />
		<system-out>19:38:33 INFO  ==============================================================
19:38:33 INFO  Id:    SoftwareManagement.sm_fake_install_remove
19:38:33 INFO  Dir:   software_management_end_to_end/
19:38:33 INFO  Title: Validate end to end behaviour for the dummy plugin for installation and removal of packages
19:38:33 INFO  ==============================================================
19:38:33 INFO  Testing the fake plugin is not enabled.Use parameter -Xfakeplugin=fakeplugin to enable it ... skipped
19:38:33 WARN  Aborted test due to SKIPPED outcome
19:38:33 INFO  
19:38:33 INFO  Test duration: 0.02 secs
19:38:33 INFO  Test final outcome:  SKIPPED
19:38:33 INFO  Test outcome reason: Testing the fake plugin is not enabled.Use parameter -Xfakeplugin=fakeplugin to enable it
19:38:33 INFO  
</system-out>
	</testcase>
<testcase classname="PySysTest" name="SoftwareManagement.sm_fake_install_remove" />
</testsuite><testsuite name="SoftwareManagement.sm_fake_install_remove_multiple" tests="2" errors="0" failures="0" skipped="1" time="0"><testcase classname="PySysTest" name="SoftwareManagement.sm_fake_install_remove_multiple">
		<skipped message="SKIPPED: Testing the fake plugin is not enabled.Use parameter -Xfakeplugin=fakeplugin to enable it" />
		<system-out>19:38:33 INFO  ==============================================================
19:38:33 INFO  Id:    SoftwareManagement.sm_fake_install_remove_multiple
19:38:33 INFO  Dir:   software_management_end_to_end/
19:38:33 INFO  Title: Validate end to end behaviour for the dummy-plugin for multiple packages
19:38:33 INFO  ==============================================================
19:38:33 INFO  Testing the fake plugin is not enabled.Use parameter -Xfakeplugin=fakeplugin to enable it ... skipped
19:38:33 WARN  Aborted test due to SKIPPED outcome
19:38:33 INFO  
19:38:33 INFO  Test duration: 0.02 secs
19:38:33 INFO  Test final outcome:  SKIPPED
19:38:33 INFO  Test outcome reason: Testing the fake plugin is not enabled.Use parameter -Xfakeplugin=fakeplugin to enable it
19:38:33 INFO  
</system-out>
	</testcase>
<testcase classname="PySysTest" name="SoftwareManagement.sm_fake_install_remove_multiple" />
</testsuite><testsuite name="SoftwareManagement.sm_mapper_fail_and_reconnect" tests="2" errors="0" failures="0" skipped="2" time="0"><testcase classname="MapperC8yReceiveLastMessageOnRestart" name="SoftwareManagement.sm_mapper_fail_and_reconnect">
		<skipped message="SKIPPED: instable https://github.com/thin-edge/thin-edge.io/issues/752" />
		<system-out>19:38:34 INFO  ==============================================================
19:38:34 INFO  Id:    SoftwareManagement.sm_mapper_fail_and_reconnect
19:38:34 INFO  Dir:   software_management_end_to_end/
19:38:34 INFO  Title: Validate the tedge-mapper-sm-c8y for receiving the last message on restart
19:38:34 INFO  ==============================================================
19:38:34 INFO  instable https://github.com/thin-edge/thin-edge.io/issues/752 ... skipped
19:38:34 INFO  
19:38:34 INFO  Test duration: 0.02 secs
19:38:34 INFO  Test final outcome:  SKIPPED
19:38:34 INFO  Test outcome reason: instable https://github.com/thin-edge/thin-edge.io/issues/752
19:38:34 INFO  
</system-out>
	</testcase>
<testcase classname="MapperC8yReceiveLastMessageOnRestart" name="SoftwareManagement.sm_mapper_fail_and_reconnect">
		<skipped message="SKIPPED: instable https://github.com/thin-edge/thin-edge.io/issues/752" />
		<system-out>20:50:25 INFO  ==============================================================
20:50:25 INFO  Id:    SoftwareManagement.sm_mapper_fail_and_reconnect
20:50:25 INFO  Dir:   software_management_end_to_end/
20:50:25 INFO  Title: Validate the tedge-mapper-sm-c8y for receiving the last message on restart
20:50:25 INFO  ==============================================================
20:50:25 INFO  instable https://github.com/thin-edge/thin-edge.io/issues/752 ... skipped
20:50:25 INFO  
20:50:25 INFO  Test duration: 0.04 secs
20:50:25 INFO  Test final outcome:  SKIPPED
20:50:25 INFO  Test outcome reason: instable https://github.com/thin-edge/thin-edge.io/issues/752
20:50:25 INFO  
</system-out>
	</testcase>
</testsuite><testsuite name="SoftwareManagement.sm_mixed_install_remove_multiple" tests="2" errors="0" failures="1" skipped="1" time="0"><testcase classname="PySysTest" name="SoftwareManagement.sm_mixed_install_remove_multiple">
		<skipped message="SKIPPED: Testing the fake plugin is not enabled.Use parameter -Xfakeplugin=fakeplugin to enable it" />
		<system-out>19:38:34 INFO  ==============================================================
19:38:34 INFO  Id:    SoftwareManagement.sm_mixed_install_remove_multiple
19:38:34 INFO  Dir:   software_management_end_to_end/
19:38:34 INFO  Title: Validate end to end behaviour for the dummy-plugin for multiple packages with mixed versions
19:38:34 INFO  ==============================================================
19:38:34 INFO  Testing the fake plugin is not enabled.Use parameter -Xfakeplugin=fakeplugin to enable it ... skipped
19:38:34 WARN  Aborted test due to SKIPPED outcome
19:38:34 INFO  
19:38:34 INFO  Test duration: 0.02 secs
19:38:34 INFO  Test final outcome:  SKIPPED
19:38:34 INFO  Test outcome reason: Testing the fake plugin is not enabled.Use parameter -Xfakeplugin=fakeplugin to enable it
19:38:34 INFO  
</system-out>
	</testcase>
<testcase classname="PySysTest" name="SoftwareManagement.sm_mixed_install_remove_multiple">
		<failure message="FAILED: Assert that (False == value) with value=True" type="FAILED" />
		<system-out>20:50:25 INFO  ==============================================================
20:50:25 INFO  Id:    SoftwareManagement.sm_mixed_install_remove_multiple
20:50:25 INFO  Dir:   software_management_end_to_end/
20:50:25 INFO  Title: Validate end to end behaviour for the dummy-plugin for multiple packages with mixed versions
20:50:25 INFO  ==============================================================
20:50:25 INFO  Using sw id database: {'asciijump': '5475369', 'robotfindskitten': '5474869', 'squirrel3': '5475279', 'rolldice': '5152439', 'moon-buggy': '5439204', 'apple': '5495053', 'banana': '5494888', 'cherry': '5495382', 'watermelon': '5494510', 'registry': '8018911', 'hello-world': '8021526', 'docker/getting-started': '8021973', 'alpine': '7991792'}
20:50:25 INFO  EnvironmentC8y Setup
20:50:26 INFO  Executed systemctl&lt;serv_mapper1&gt;, exit status 3
20:50:26 INFO  Restarting mosquitto too frequently in the last 10 seconds. It was only up for 5 seconds
20:50:26 INFO  Delaying execution by 6 seconds
20:50:46 INFO  Executed sudo&lt;tedge_connect_c8y&gt;, exit status 0, duration 14 secs
20:50:47 INFO  Executed sudo&lt;tedge_connect_c8y_test&gt;, exit status 0
20:50:47 INFO  Executed systemctl&lt;serv_mosq2&gt;, exit status 0
20:50:48 INFO  Executed systemctl&lt;serv_mapper3&gt;, exit status 0
20:50:50 INFO  State of current operation: SUCCESSFUL
20:50:50 INFO  Package apple is installed
20:50:50 INFO  Assert that (True == value) with value=True ... passed
20:50:50 INFO  Package banana is installed
20:50:50 INFO  Assert that (True == value) with value=True ... passed
20:50:51 INFO  Package cherry is installed
20:50:51 INFO  Assert that (True == value) with value=True ... passed
20:50:51 INFO  Package asciijump is installed
20:50:51 WARN  Assert that (False == value) with value=True ... failed 
20:50:51 INFO  Assert that (False == value) with value=False ... passed
20:50:52 INFO  Response status: 201
20:50:52 INFO  Response to action: {
    "creationTime": "2022-05-10T20:50:52.275Z",
    "deviceName": "mythica",
    "deviceId": "18732228",
    "self": "https://t493319102.eu-latest.cumulocity.com/devicecontrol/operations/18752037",
    "id": "18752037",
    "status": "PENDING",
    "description": "Apply software changes, triggered from PySys: [{'action': 'install', 'id': '5495053', 'name': 'apple', 'url': ' ', 'version': '::fruits'}, {'action': 'install', 'id': '5494888', 'name': 'banana', 'url': ' ', 'version': '::fruits'}, {'action': 'install', 'id': '5475369', 'name': 'asciijump', 'url': ' ', 'version': '::apt'}, {'action': 'install', 'id': '5495382', 'name': 'cherry', 'url': ' ', 'version': '::fruits'}, {'action': 'install', 'id': '8018911', 'name': 'registry', 'url': ' ', 'version': '::docker'}]",
    "c8y_SoftwareUpdate": [
        {
            "name": "apple",
            "action": "install",
            "id": "5495053",
            "version": "::fruits",
            "url": " "
        },
        {
[...]
</system-out>
	</testcase>
<testcase classname="DockerPluginInstallWithVersionTest" name="docker_plugin_install_with_version" />
</testsuite><testsuite name="docker_plugin_remove" tests="2" errors="0" failures="0" skipped="1" time="0"><testcase classname="DockerPluginRemoveTest" name="docker_plugin_remove">
		<skipped message="SKIPPED: Testing the docker plugin is not supported on this platform.To run it, all the test with -XmyPlatform='container'" />
		<system-out>19:28:53 INFO  ==============================================================
19:28:53 INFO  Id:    docker_plugin_remove
19:28:53 INFO  Dir:   plugin_docker/
19:28:53 INFO  Title: Validate docker plugin remove
19:28:53 INFO  ==============================================================
19:28:53 INFO  Testing the docker plugin is not supported on this platform.To run it, all the test with -XmyPlatform='container' ... skipped
19:28:53 WARN  Aborted test due to SKIPPED outcome
19:28:53 INFO  
19:28:53 INFO  Test duration: 0.02 secs
19:28:53 INFO  Test final outcome:  SKIPPED
19:28:53 INFO  Test outcome reason: Testing the docker plugin is not supported on this platform.To run it, all the test with -XmyPlatform='container'
19:28:53 INFO  
</system-out>
	</testcase>
<testcase classname="DockerPluginRemoveTest" name="docker_plugin_remove" />
</testsuite><testsuite name="docker_plugin_remove_with_version" tests="2" errors="0" failures="0" skipped="1" time="0"><testcase classname="DockerPluginRemoveWithVersionTest" name="docker_plugin_remove_with_version">
		<skipped message="SKIPPED: Testing the docker plugin is not supported on this platform.To run it, all the test with -XmyPlatform='container'" />
		<system-out>19:28:53 INFO  ==============================================================
19:28:53 INFO  Id:    docker_plugin_remove_with_version
19:28:53 INFO  Dir:   plugin_docker/
19:28:53 INFO  Title: Validate docker plugin remove with version
19:28:53 INFO  ==============================================================
19:28:53 INFO  Testing the docker plugin is not supported on this platform.To run it, all the test with -XmyPlatform='container' ... skipped
19:28:53 WARN  Aborted test due to SKIPPED outcome
19:28:53 INFO  
19:28:53 INFO  Test duration: 0.04 secs
19:28:53 INFO  Test final outcome:  SKIPPED
19:28:53 INFO  Test outcome reason: Testing the docker plugin is not supported on this platform.To run it, all the test with -XmyPlatform='container'
19:28:53 INFO  
</system-out>
	</testcase>
<testcase classname="DockerPluginRemoveWithVersionTest" name="docker_plugin_remove_with_version" />
</testsuite><testsuite name="docker_plugin_update" tests="2" errors="0" failures="0" skipped="1" time="0"><testcase classname="DockerPluginUpdateTest" name="docker_plugin_update">
		<skipped message="SKIPPED: Testing the docker plugin is not supported on this platform.To run it, all the test with -XmyPlatform='container'" />
		<system-out>19:28:53 INFO  ==============================================================
19:28:53 INFO  Id:    docker_plugin_update
19:28:53 INFO  Dir:   plugin_docker/
19:28:53 INFO  Title: Validate docker plugin install updates existing containers
19:28:53 INFO  ==============================================================
19:28:53 INFO  Testing the docker plugin is not supported on this platform.To run it, all the test with -XmyPlatform='container' ... skipped
19:28:53 WARN  Aborted test due to SKIPPED outcome
19:28:53 INFO  
19:28:53 INFO  Test duration: 0.02 secs
19:28:53 INFO  Test final outcome:  SKIPPED
19:28:53 INFO  Test outcome reason: Testing the docker plugin is not supported on this platform.To run it, all the test with -XmyPlatform='container'
19:28:53 INFO  
</system-out>
	</testcase>
<testcase classname="DockerPluginUpdateTest" name="docker_plugin_update" />
</testsuite><testsuite name="invalid_device_id" tests="1" errors="0" failures="0" skipped="0" time="0"><testcase classname="InvalidDeviceId" name="invalid_device_id" />
</testsuite><testsuite name="local_mqtt_pub_fail_noqos" tests="1" errors="0" failures="0" skipped="0" time="0"><testcase classname="PySysTest" name="local_mqtt_pub_fail_noqos" />
</testsuite><testsuite name="local_mqtt_pub_fail_qos0" tests="1" errors="0" failures="0" skipped="0" time="0"><testcase classname="PySysTest" name="local_mqtt_pub_fail_qos0" />
</testsuite><testsuite name="local_mqtt_pub_fail_qos1" tests="1" errors="0" failures="0" skipped="0" time="0"><testcase classname="PySysTest" name="local_mqtt_pub_fail_qos1" />
</testsuite><testsuite name="local_mqtt_pub_fail_qos2" tests="1" errors="0" failures="0" skipped="0" time="0"><testcase classname="PySysTest" name="local_mqtt_pub_fail_qos2" />
</testsuite><testsuite name="local_mqtt_pub_sub" tests="1" errors="0" failures="0" skipped="0" time="0"><testcase classname="PySysTest" name="local_mqtt_pub_sub" />
</testsuite><testsuite name="local_mqtt_pub_sub_retain" tests="1" errors="0" failures="0" skipped="0" time="0"><testcase classname="MqttPublishWithRetain" name="local_mqtt_pub_sub_retain" />
</testsuite><testsuite name="local_mqtt_pub_sub_with_sudo" tests="1" errors="0" failures="0" skipped="0" time="0"><testcase classname="PySysTest" name="local_mqtt_pub_sub_with_sudo" />
</testsuite><testsuite name="local_mqtt_sub_fail" tests="1" errors="0" failures="0" skipped="0" time="0"><testcase classname="PySysTest" name="local_mqtt_sub_fail" />
</testsuite><testsuite name="log_request_error_messages" tests="1" errors="0" failures="0" skipped="1" time="0"><testcase classname="LogRequestVerifySearchTextError" name="log_request_error_messages">
		<skipped message="SKIPPED: Test execution disabled due to #1123" />
		<system-out>19:27:15 INFO  ==============================================================
19:27:15 INFO  Id:    log_request_error_messages
19:27:15 INFO  Dir:   log_request_end_to_end/
19:27:15 INFO  Title: Validate end to end behaviour for the log request operation check for error messages
19:27:15 INFO  ==============================================================
19:27:17 INFO  Test execution disabled due to #1123 ... skipped
19:27:17 INFO  
19:27:17 INFO  Test duration: 1.31 secs
19:27:17 INFO  Test final outcome:  SKIPPED
19:27:17 INFO  Test outcome reason: Test execution disabled due to #1123
19:27:17 INFO  
</system-out>
	</testcase>
</testsuite><testsuite name="log_request_num_lines" tests="1" errors="0" failures="0" skipped="1" time="0"><testcase classname="LogRequestVerifyNumberOfLines" name="log_request_num_lines">
		<skipped message="SKIPPED: Test execution disabled due to #1123" />
		<system-out>19:27:17 INFO  ==============================================================
19:27:17 INFO  Id:    log_request_num_lines
19:27:17 INFO  Dir:   log_request_end_to_end/
19:27:17 INFO  Title: Validate end to end behaviour for the log request operation check for number of lines
19:27:17 INFO  ==============================================================
19:27:17 INFO  Test execution disabled due to #1123 ... skipped
19:27:17 INFO  
19:27:17 INFO  Test duration: 0.02 secs
19:27:17 INFO  Test final outcome:  SKIPPED
19:27:17 INFO  Test outcome reason: Test execution disabled due to #1123
19:27:17 INFO  
</system-out>
	</testcase>
</testsuite><testsuite name="mapper_awaits_before_reconnect" tests="1" errors="0" failures="0" skipped="0" time="0"><testcase classname="MapperReconnectAwait" name="mapper_awaits_before_reconnect" />
</testsuite><testsuite name="monitoring_smaller_interval" tests="1" errors="0" failures="0" skipped="1" time="0"><testcase classname="MonitoringSmallInterval" name="monitoring_smaller_interval">
		<skipped message="SKIPPED: Fails due to retained message" />
		<system-out>19:28:47 INFO  ==============================================================
19:28:47 INFO  Id:    monitoring_smaller_interval
19:28:47 INFO  Dir:   monitoring/
19:28:47 INFO  Title: Validate the tedge dm agent messages that are produced with smaller sampling interval than the batching window. Here the simulated collectd messages are used
19:28:47 INFO  ==============================================================
19:28:47 INFO  Fails due to retained message ... skipped
19:28:47 INFO  
19:28:47 INFO  Test duration: 0.04 secs
19:28:47 INFO  Test final outcome:  SKIPPED
19:28:47 INFO  Test outcome reason: Fails due to retained message
19:28:47 INFO  
</system-out>
	</testcase>
</testsuite><testsuite name="monitoring_with_collectd" tests="1" errors="0" failures="0" skipped="1" time="0"><testcase classname="MonitoringWithCollectd" name="monitoring_with_collectd">
		<skipped message="SKIPPED: Test execution disabled due to #792 (instable)" />
		<system-out>19:28:47 INFO  ==============================================================
19:28:47 INFO  Id:    monitoring_with_collectd
19:28:47 INFO  Dir:   monitoring/
19:28:47 INFO  Title: Validate tedge dm agent messages that are produced by batching the collectd messages
19:28:47 INFO  ==============================================================
19:28:47 INFO  Test execution disabled due to #792 (instable) ... skipped
19:28:47 INFO  
19:28:47 INFO  Test duration: 0.05 secs
19:28:47 INFO  Test final outcome:  SKIPPED
19:28:47 INFO  Test outcome reason: Test execution disabled due to #792 (instable)
19:28:47 INFO  
</system-out>
	</testcase>
</testsuite><testsuite name="monitoring_with_simulated_messages" tests="1" errors="0" failures="0" skipped="1" time="0"><testcase classname="MonitoringWithSimulatedMessages" name="monitoring_with_simulated_messages">
		<skipped message="SKIPPED: Fails due to retained message" />
		<system-out>19:28:47 INFO  ==============================================================
19:28:47 INFO  Id:    monitoring_with_simulated_messages
19:28:47 INFO  Dir:   monitoring/
19:28:47 INFO  Title: Validate the tedge dm agent messages that are produced from the simulated collectd messages
19:28:47 INFO  ==============================================================
19:28:47 INFO  Fails due to retained message ... skipped
19:28:47 INFO  
19:28:47 INFO  Test duration: 0.03 secs
19:28:47 INFO  Test final outcome:  SKIPPED
19:28:47 INFO  Test outcome reason: Fails due to retained message
19:28:47 INFO  
</system-out>
	</testcase>
</testsuite><testsuite name="mqtt_port_change_connection_fails" tests="1" errors="0" failures="0" skipped="0" time="0"><testcase classname="MqttPortChangeConnectionFails" name="mqtt_port_change_connection_fails" />
</testsuite><testsuite name="mqtt_port_change_connection_works" tests="1" errors="0" failures="0" skipped="1" time="0"><testcase classname="MqttPortChangeConnectionWorks" name="mqtt_port_change_connection_works">
		<skipped message="SKIPPED: failing intermitently" />
		<system-out>19:27:53 INFO  ==============================================================
19:27:53 INFO  Id:    mqtt_port_change_connection_works
19:27:53 INFO  Dir:   misc_features/
19:27:53 INFO  Title: mqtt port change connection works for all the thin-edge services that use the mosquitto broker
19:27:53 INFO  ==============================================================
19:27:53 INFO  failing intermitently ... skipped
19:27:53 INFO  
19:27:53 INFO  Test duration: 0.03 secs
19:27:53 INFO  Test final outcome:  SKIPPED
19:27:53 INFO  Test outcome reason: failing intermitently
19:27:53 INFO  
</system-out>
	</testcase>
</testsuite><testsuite name="mqtt_port_set" tests="1" errors="0" failures="0" skipped="0" time="0"><testcase classname="MqttPortSet" name="mqtt_port_set" />
</testsuite><testsuite name="mqtt_port_unset" tests="1" errors="0" failures="0" skipped="0" time="0"><testcase classname="MqttPortUnSet" name="mqtt_port_unset" />
</testsuite><testsuite name="publish_flux" tests="1" errors="0" failures="0" skipped="0" time="0"><testcase classname="PublishFlux" name="publish_flux" />
</testsuite><testsuite name="publish_sawmill" tests="1" errors="0" failures="0" skipped="0" time="0"><testcase classname="PublishSawmill" name="publish_sawmill" />
</testsuite><testsuite name="pysys_block" tests="1" errors="0" failures="0" skipped="1" time="0"><testcase classname="Fail" name="pysys_block">
		<skipped message="SKIPPED: Enable this to observe a blocking test" />
		<system-out>19:28:15 INFO  ==============================================================
19:28:15 INFO  Id:    pysys_block
19:28:15 INFO  Dir:   misc_features/
19:28:15 INFO  Title: fail
19:28:15 INFO  ==============================================================
19:28:15 INFO  Enable this to observe a blocking test ... skipped
19:28:15 INFO  
19:28:15 INFO  Test duration: 0.02 secs
19:28:15 INFO  Test final outcome:  SKIPPED
19:28:15 INFO  Test outcome reason: Enable this to observe a blocking test
19:28:15 INFO  
</system-out>
	</testcase>
</testsuite><testsuite name="pysys_fail" tests="1" errors="0" failures="0" skipped="1" time="0"><testcase classname="Fail" name="pysys_fail">
		<skipped message="SKIPPED: Enable this to observe a failing test" />
		<system-out>19:28:15 INFO  ==============================================================
19:28:15 INFO  Id:    pysys_fail
19:28:15 INFO  Dir:   misc_features/
19:28:15 INFO  Title: fail
19:28:15 INFO  ==============================================================
19:28:15 INFO  Enable this to observe a failing test ... skipped
19:28:15 INFO  
19:28:15 INFO  Test duration: 0.02 secs
19:28:15 INFO  Test final outcome:  SKIPPED
19:28:15 INFO  Test outcome reason: Enable this to observe a failing test
19:28:15 INFO  
</system-out>
	</testcase>
</testsuite><testsuite name="runtime_start_two_mappers" tests="1" errors="0" failures="0" skipped="1" time="0"><testcase classname="RuntimeMultiMappers" name="runtime_start_two_mappers">
		<skipped message="SKIPPED: Test execution disabled due to #1124" />
		<system-out>19:42:14 INFO  ==============================================================
19:42:14 INFO  Id:    runtime_start_two_mappers
19:42:14 INFO  Dir:   tedge_mapper_c8y/
19:42:14 INFO  Title: Validate two mappers can't be started at the same time
19:42:14 INFO  ==============================================================
19:42:14 INFO  Test execution disabled due to #1124 ... skipped
19:42:14 INFO  
19:42:14 INFO  Test duration: 0.05 secs
19:42:14 INFO  Test final outcome:  SKIPPED
19:42:14 INFO  Test outcome reason: Test execution disabled due to #1124
19:42:14 INFO  
</system-out>
	</testcase>
</testsuite><testsuite name="sm_tedge_mapper_init_session" tests="1" errors="0" failures="0" skipped="0" time="0"><testcase classname="TedgeSMMapperInitSession" name="sm_tedge_mapper_init_session" />
</testsuite><testsuite name="smoketest_json" tests="1" errors="0" failures="0" skipped="0" time="0"><testcase classname="SmokeTestJson" name="smoketest_json" />
</testsuite><testsuite name="smoketest_json_400_samples_10ms" tests="1" errors="0" failures="0" skipped="0" time="0"><testcase classname="SmoketestJson400Samples10ms" name="smoketest_json_400_samples_10ms" />
</testsuite><testsuite name="smoketest_json_400_samples_20ms" tests="1" errors="0" failures="0" skipped="0" time="0"><testcase classname="SmoketestJson400Samples20ms" name="smoketest_json_400_samples_20ms" />
</testsuite><testsuite name="smoketest_smartrest" tests="1" errors="0" failures="0" skipped="0" time="0"><testcase classname="SmoketestSmartRest" name="smoketest_smartrest" />
</testsuite><testsuite name="smoketest_smartrest_200_samples_1Xms" tests="1" errors="0" failures="0" skipped="0" time="0"><testcase classname="SmoketestSmartRest200Samples1Xms" name="smoketest_smartrest_200_samples_1Xms" />
</testsuite><testsuite name="smoketest_smartrest_200_samples_20ms" tests="1" errors="0" failures="0" skipped="0" time="0"><testcase classname="SmoketestSmartRest200Samples20ms" name="smoketest_smartrest_200_samples_20ms" />
</testsuite><testsuite name="tedge_agent_user_sudo_access" tests="1" errors="0" failures="0" skipped="1" time="0"><testcase classname="TedgeAgentUserSudoAccess" name="tedge_agent_user_sudo_access">
		<skipped message="SKIPPED: #955 Observation: Exit code of the apt plugin when called with no arguments" />
		<system-out>19:39:00 INFO  ==============================================================
19:39:00 INFO  Id:    tedge_agent_user_sudo_access
19:39:00 INFO  Dir:   tedge/
19:39:00 INFO  Title: Validate tedge-agent user has a limited sudo right
19:39:00 INFO  ==============================================================
19:39:00 INFO  #955 Observation: Exit code of the apt plugin when called with no arguments ... skipped
19:39:00 INFO  
19:39:00 INFO  Test duration: 0.03 secs
19:39:00 INFO  Test final outcome:  SKIPPED
19:39:00 INFO  Test outcome reason: #955 Observation: Exit code of the apt plugin when called with no arguments
19:39:00 INFO  
</system-out>
	</testcase>
</testsuite><testsuite name="tedge_connect_test_negative" tests="1" errors="0" failures="0" skipped="0" time="0"><testcase classname="TedgeConnectTestNegative" name="tedge_connect_test_negative" />
</testsuite><testsuite name="tedge_connect_test_positive" tests="1" errors="0" failures="0" skipped="0" time="0"><testcase classname="TedgeConnectTestPositive" name="tedge_connect_test_positive" />
</testsuite><testsuite name="tedge_connect_test_sm_services" tests="1" errors="0" failures="0" skipped="0" time="0"><testcase classname="TedgeConnectTestSMServices" name="tedge_connect_test_sm_services" />
</testsuite><testsuite name="tedge_disconnect_test_sm_services" tests="1" errors="0" failures="0" skipped="0" time="0"><testcase classname="TedgeDisConnectTestSMServices" name="tedge_disconnect_test_sm_services" />
</testsuite><testsuite name="tedge_mapper_az_negative" tests="1" errors="0" failures="0" skipped="0" time="0"><testcase classname="TedgeMapperAzError" name="tedge_mapper_az_negative" />
</testsuite><testsuite name="tedge_mapper_az_with_timestamp" tests="1" errors="0" failures="0" skipped="0" time="0"><testcase classname="TedgeMapperAzWithTimestamp" name="tedge_mapper_az_with_timestamp" />
</testsuite><testsuite name="tedge_mapper_az_without_timestamp" tests="1" errors="0" failures="0" skipped="0" time="0"><testcase classname="TedgeMapperAzWithoutTimestamp" name="tedge_mapper_az_without_timestamp" />
</testsuite><testsuite name="tedge_mapper_c8y_alarms" tests="1" errors="0" failures="0" skipped="0" time="0"><testcase classname="TedgeMapperC8yAlarm" name="tedge_mapper_c8y_alarms" />
</testsuite><testsuite name="tedge_mapper_c8y_child_device_measurement" tests="1" errors="0" failures="0" skipped="1" time="0"><testcase classname="TedgeMapperC8yChildDevice" name="tedge_mapper_c8y_child_device_measurement">
		<skipped message="SKIPPED: Test execution disabled due to #1088" />
		<system-out>19:43:27 INFO  ==============================================================
19:43:27 INFO  Id:    tedge_mapper_c8y_child_device_measurement
19:43:27 INFO  Dir:   tedge_mapper_c8y/
19:43:27 INFO  Title: Validate that measurements sent to tedge/measurements/child topic gets mapped as the child device's measurement in Cumulocity
19:43:27 INFO  ==============================================================
19:43:27 INFO  Test execution disabled due to #1088 ... skipped
19:43:27 INFO  
19:43:27 INFO  Test duration: 0.05 secs
19:43:27 INFO  Test final outcome:  SKIPPED
19:43:27 INFO  Test outcome reason: Test execution disabled due to #1088
19:43:27 INFO  
</system-out>
	</testcase>
</testsuite><testsuite name="tedge_mapper_c8y_packet_threshold_size" tests="1" errors="0" failures="0" skipped="0" time="0"><testcase classname="TedgeMapperC8yThresholdPacketSize" name="tedge_mapper_c8y_packet_threshold_size" />
</testsuite><testsuite name="tedge_software_update" tests="1" errors="0" failures="0" skipped="0" time="0"><testcase classname="PySysTest" name="tedge_software_update" />
</testsuite><testsuite name="valid_device_id" tests="1" errors="0" failures="0" skipped="0" time="0"><testcase classname="ValidateValidDeviceId" name="valid_device_id" />
</testsuite></testsuites>