<?xml version='1.0' encoding='utf-8'?>
<testsuites tests="149" failures="21" errors="0" skipped="49" time="0.0"><testsuite name="SoftwareManagement.Plugin.apama_plugin_install" tests="3" errors="0" failures="0" skipped="1" time="0"><testcase classname="ApamaPluginInstallTest" name="SoftwareManagement.Plugin.apama_plugin_install">
		<skipped message="SKIPPED: Apama plugin tests are disabled by default. Execute `pysys run` with `-XmyPlatform=container` to run these tests" />
		<system-out>15:06:35 INFO  ==============================================================
15:06:35 INFO  Id:    SoftwareManagement.Plugin.apama_plugin_install
15:06:35 INFO  Dir:   plugin_apama/
15:06:35 INFO  Title: Validate apama plugin install
15:06:35 INFO  ==============================================================
15:06:35 INFO  Apama plugin tests are disabled by default. Execute `pysys run` with `-XmyPlatform=container` to run these tests ... skipped
15:06:35 WARN  Aborted test due to SKIPPED outcome
15:06:35 INFO  
15:06:35 INFO  Test duration: 0.04 secs
15:06:35 INFO  Test final outcome:  SKIPPED
15:06:35 INFO  Test outcome reason: Apama plugin tests are disabled by default. Execute `pysys run` with `-XmyPlatform=container` to run these tests
15:06:35 INFO  
</system-out>
	</testcase>
<testcase classname="ApamaPluginInstallTest" name="SoftwareManagement.Plugin.apama_plugin_install" />
<testcase classname="ApamaPluginInstallTest" name="SoftwareManagement.Plugin.apama_plugin_install" />
</testsuite><testsuite name="SoftwareManagement.Plugin.apama_plugin_mon_support" tests="3" errors="0" failures="0" skipped="1" time="0"><testcase classname="ApamaPluginMonSupportTest" name="SoftwareManagement.Plugin.apama_plugin_mon_support">
		<skipped message="SKIPPED: Apama plugin tests are disabled by default. Execute `pysys run` with `-XmyPlatform=container` to run these tests" />
		<system-out>15:06:35 INFO  ==============================================================
15:06:35 INFO  Id:    SoftwareManagement.Plugin.apama_plugin_mon_support
15:06:35 INFO  Dir:   plugin_apama/
15:06:35 INFO  Title: Validate mon file support of apama plugin
15:06:35 INFO  ==============================================================
15:06:35 INFO  Apama plugin tests are disabled by default. Execute `pysys run` with `-XmyPlatform=container` to run these tests ... skipped
15:06:35 WARN  Aborted test due to SKIPPED outcome
15:06:35 INFO  
15:06:35 INFO  Test duration: 0.02 secs
15:06:35 INFO  Test final outcome:  SKIPPED
15:06:35 INFO  Test outcome reason: Apama plugin tests are disabled by default. Execute `pysys run` with `-XmyPlatform=container` to run these tests
15:06:35 INFO  
</system-out>
	</testcase>
<testcase classname="ApamaPluginMonSupportTest" name="SoftwareManagement.Plugin.apama_plugin_mon_support" />
<testcase classname="ApamaPluginMonSupportTest" name="SoftwareManagement.Plugin.apama_plugin_mon_support" />
</testsuite><testsuite name="SoftwareManagement.Plugin.apama_plugin_remove" tests="3" errors="0" failures="0" skipped="1" time="0"><testcase classname="ApamaPluginRemoveTest" name="SoftwareManagement.Plugin.apama_plugin_remove">
		<skipped message="SKIPPED: Apama plugin tests are disabled by default. Execute `pysys run` with `-XmyPlatform=container` to run these tests" />
		<system-out>15:06:35 INFO  ==============================================================
15:06:35 INFO  Id:    SoftwareManagement.Plugin.apama_plugin_remove
15:06:35 INFO  Dir:   plugin_apama/
15:06:35 INFO  Title: Validate apama plugin remove
15:06:35 INFO  ==============================================================
15:06:35 INFO  Apama plugin tests are disabled by default. Execute `pysys run` with `-XmyPlatform=container` to run these tests ... skipped
15:06:35 WARN  Aborted test due to SKIPPED outcome
15:06:35 INFO  
15:06:35 INFO  Test duration: 0.02 secs
15:06:35 INFO  Test final outcome:  SKIPPED
15:06:35 INFO  Test outcome reason: Apama plugin tests are disabled by default. Execute `pysys run` with `-XmyPlatform=container` to run these tests
15:06:35 INFO  
</system-out>
	</testcase>
<testcase classname="ApamaPluginRemoveTest" name="SoftwareManagement.Plugin.apama_plugin_remove" />
<testcase classname="ApamaPluginRemoveTest" name="SoftwareManagement.Plugin.apama_plugin_remove" />
</testsuite><testsuite name="SoftwareManagement.Plugin.apama_plugin_update" tests="3" errors="0" failures="2" skipped="1" time="0"><testcase classname="ApamaPluginUpdateTest" name="SoftwareManagement.Plugin.apama_plugin_update">
		<skipped message="SKIPPED: Apama plugin tests are disabled by default. Execute `pysys run` with `-XmyPlatform=container` to run these tests" />
		<system-out>15:06:35 INFO  ==============================================================
15:06:35 INFO  Id:    SoftwareManagement.Plugin.apama_plugin_update
15:06:35 INFO  Dir:   plugin_apama/
15:06:35 INFO  Title: Validate apama plugin updating one project with another
15:06:35 INFO  ==============================================================
15:06:35 INFO  Apama plugin tests are disabled by default. Execute `pysys run` with `-XmyPlatform=container` to run these tests ... skipped
15:06:35 WARN  Aborted test due to SKIPPED outcome
15:06:35 INFO  
15:06:35 INFO  Test duration: 0.02 secs
15:06:35 INFO  Test final outcome:  SKIPPED
15:06:35 INFO  Test outcome reason: Apama plugin tests are disabled by default. Execute `pysys run` with `-XmyPlatform=container` to run these tests
15:06:35 INFO  
</system-out>
	</testcase>
<testcase classname="ApamaPluginUpdateTest" name="SoftwareManagement.Plugin.apama_plugin_update">
		<failure message="BLOCKED: sudo&lt;plugin_install&gt; returned non-zero exit code 2" type="BLOCKED" />
		<system-out>15:59:54 INFO  ==============================================================
15:59:54 INFO  Id:    SoftwareManagement.Plugin.apama_plugin_update
15:59:54 INFO  Dir:   plugin_apama/
15:59:54 INFO  Title: Validate apama plugin updating one project with another
15:59:54 INFO  ==============================================================
15:59:54 INFO  Assertion that path exists=False for "/etc/tedge/apama/project" ... passed
15:59:55 INFO  Executed sudo&lt;create_project_dir&gt;, exit status 0
15:59:55 INFO  Executed sudo&lt;unzip_apama_project&gt;, exit status 0
15:59:56 INFO  Executed sudo&lt;move_apama_project&gt;, exit status 0
15:59:57 INFO  Executed sudo&lt;restart_apama_service&gt;, exit status 0
15:59:58 INFO  Executed sudo&lt;apama_correlator_wait&gt;, exit status 0
15:59:58 INFO  Assertion that path exists=True for "/etc/tedge/apama/project" ... passed
15:59:58 INFO  Executed sudo&lt;apama_list_monitors&gt;, exit status 0
15:59:58 INFO  Grep on file /home/pi/actions-runner/_work/thin-edge.io/thin-edge.io/tests/PySys/plugin_apama/apama_plugin_update/Output/linux/apama_list_monitors.out ... passed
15:59:59 WARN  Executed sudo&lt;plugin_install&gt;, exit status 2
15:59:59 INFO  Contents of plugin_install.err: 
  ERROR: Directory not empty (os error 39)
  -----

15:59:59 WARN  sudo&lt;plugin_install&gt; returned non-zero exit code 2 ... blocked [run.py:35]
15:59:59 WARN  Aborted test due to BLOCKED outcome
15:59:59 INFO  
15:59:59 INFO  cleanup:
15:59:59 INFO  Removing apama project
16:00:16 INFO  Executed sudo&lt;stop_apama_service&gt;, exit status 0, duration 16 secs
16:00:17 INFO  Executed sudo&lt;remove_apama_project&gt;, exit status 0
16:00:17 INFO  Executed sudo&lt;remove_apama_tmp_dir&gt;, exit status 0
16:00:17 INFO  
16:00:17 INFO  Test duration: 22.79 secs
16:00:17 INFO  Test final outcome:  BLOCKED
16:00:17 INFO  Test outcome reason: sudo&lt;plugin_install&gt; returned non-zero exit code 2
16:00:17 INFO  
</system-out>
	</testcase>
<testcase classname="ApamaPluginUpdateTest" name="SoftwareManagement.Plugin.apama_plugin_update">
		<failure message="BLOCKED: sudo&lt;plugin_install&gt; returned non-zero exit code 2" type="BLOCKED" />
		<system-out>16:03:24 INFO  ==============================================================
16:03:24 INFO  Id:    SoftwareManagement.Plugin.apama_plugin_update
16:03:24 INFO  Dir:   plugin_apama/
16:03:24 INFO  Title: Validate apama plugin updating one project with another
16:03:24 INFO  ==============================================================
16:03:24 INFO  Assertion that path exists=False for "/etc/tedge/apama/project" ... passed
16:03:25 INFO  Executed sudo&lt;create_project_dir&gt;, exit status 0
16:03:25 INFO  Executed sudo&lt;unzip_apama_project&gt;, exit status 0
16:03:26 INFO  Executed sudo&lt;move_apama_project&gt;, exit status 0
16:03:27 INFO  Executed sudo&lt;restart_apama_service&gt;, exit status 0
16:03:28 INFO  Executed sudo&lt;apama_correlator_wait&gt;, exit status 0
16:03:28 INFO  Assertion that path exists=True for "/etc/tedge/apama/project" ... passed
16:03:28 INFO  Executed sudo&lt;apama_list_monitors&gt;, exit status 0
16:03:28 INFO  Grep on file /home/pi/actions-runner/_work/thin-edge.io/thin-edge.io/tests/PySys/plugin_apama/apama_plugin_update/Output/linux/apama_list_monitors.out ... passed
16:03:29 WARN  Executed sudo&lt;plugin_install&gt;, exit status 2
16:03:29 INFO  Contents of plugin_install.err: 
  ERROR: Directory not empty (os error 39)
  -----

16:03:29 WARN  sudo&lt;plugin_install&gt; returned non-zero exit code 2 ... blocked [run.py:35]
16:03:29 WARN  Aborted test due to BLOCKED outcome
16:03:29 INFO  
16:03:29 INFO  cleanup:
16:03:29 INFO  Removing apama project
16:03:46 INFO  Executed sudo&lt;stop_apama_service&gt;, exit status 0, duration 16 secs
16:03:47 INFO  Executed sudo&lt;remove_apama_project&gt;, exit status 0
16:03:47 INFO  Executed sudo&lt;remove_apama_tmp_dir&gt;, exit status 0
16:03:47 INFO  
16:03:47 INFO  Test duration: 22.87 secs
16:03:47 INFO  Test final outcome:  BLOCKED
16:03:47 INFO  Test outcome reason: sudo&lt;plugin_install&gt; returned non-zero exit code 2
16:03:47 INFO  
</system-out>
	</testcase>
</testsuite><testsuite name="SoftwareManagement.sm_apt_install_download_path" tests="3" errors="0" failures="2" skipped="1" time="0"><testcase classname="AptInstallWithDownloadPath" name="SoftwareManagement.sm_apt_install_download_path">
		<skipped message="SKIPPED: Testing the apt plugin is not supported on this platform.Use parameter -XmyPlatform='container' to enable it" />
		<system-out>15:16:23 INFO  ==============================================================
15:16:23 INFO  Id:    SoftwareManagement.sm_apt_install_download_path
15:16:23 INFO  Dir:   software_management_end_to_end/
15:16:23 INFO  Title: Install package to directory specified in tedge config set tmp.path
15:16:23 INFO  ==============================================================
15:16:23 INFO  Testing the apt plugin is not supported on this platform.Use parameter -XmyPlatform='container' to enable it ... skipped
15:16:23 WARN  Aborted test due to SKIPPED outcome
15:16:23 INFO  
15:16:23 INFO  Test duration: 0.08 secs
15:16:23 INFO  Test final outcome:  SKIPPED
15:16:23 INFO  Test outcome reason: Testing the apt plugin is not supported on this platform.Use parameter -XmyPlatform='container' to enable it
15:16:23 INFO  
</system-out>
	</testcase>
<testcase classname="AptInstallWithDownloadPath" name="SoftwareManagement.sm_apt_install_download_path">
		<failure message="BLOCKED: AssertionError:" type="BLOCKED" />
		<system-out>15:41:19 INFO  ==============================================================
15:41:19 INFO  Id:    SoftwareManagement.sm_apt_install_download_path
15:41:19 INFO  Dir:   software_management_end_to_end/
15:41:19 INFO  Title: Install package to directory specified in tedge config set tmp.path
15:41:19 INFO  ==============================================================
15:41:20 INFO  Using sw id database: {'asciijump': '5475369', 'robotfindskitten': '5474869', 'squirrel3': '5475279', 'rolldice': '5152439', 'moon-buggy': '5439204', 'apple': '5495053', 'banana': '5494888', 'cherry': '5495382', 'watermelon': '5494510', 'registry': '8018911', 'hello-world': '8021526', 'docker/getting-started': '8021973', 'alpine': '7991792'}
15:41:20 INFO  EnvironmentC8y Setup
15:41:20 INFO  Executed systemctl&lt;serv_mapper1&gt;, exit status 3
15:41:37 INFO  Executed sudo&lt;tedge_connect_c8y&gt;, exit status 0, duration 16 secs
15:41:38 INFO  Executed sudo&lt;tedge_connect_c8y_test&gt;, exit status 0
15:41:40 INFO  Executed systemctl&lt;serv_mosq2&gt;, exit status 0
15:41:41 INFO  Executed systemctl&lt;serv_mapper3&gt;, exit status 0
15:41:43 INFO  State of current operation: SUCCESSFUL
15:41:44 INFO  Assert that (False == value) with value=False ... passed
15:41:44 INFO  Executed sudo, exit status 0
15:41:45 INFO  Executed sudo, exit status 0
15:41:45 INFO  Executed sudo, exit status 0
15:41:49 INFO  Executed sudo&lt;tedge_disconnect_c8y&gt;, exit status 0
15:41:49 INFO  Restarting mosquitto too frequently in the last 10 seconds. It was only up for 3 seconds
15:41:49 INFO  Delaying execution by 8 seconds
15:42:11 INFO  Executed sudo&lt;tedge_connect_c8y&gt;, exit status 0, duration 13 secs
15:42:11 INFO  Response status: 201
15:42:11 INFO  Response to action: {
    "creationTime": "2022-05-02T15:42:11.595Z",
    "deviceName": "mythicb",
    "deviceId": "18179538",
    "self": "https://t493319102.eu-latest.cumulocity.com/devicecontrol/operations/18197206",
    "id": "18197206",
    "status": "PENDING",
    "description": "Apply software changes, triggered from PySys: [{'name': 'rolldice', 'id': '5152439', 'version': '::apt', 'url': 'https://thin-edge-io.eu-latest.cumulocity.com/inventory/binaries/12435463', 'action': 'install'}]",
    "c8y_SoftwareUpdate": [
        {
            "name": "rolldice",
            "action": "install",
            "id": "5152439",
            "version": "::apt",
            "url": "https://thin-edge-io.eu-latest.cumulocity.com/inventory/binaries/12435463"
        }
    ]
}
15:42:11 INFO  Started operation: {'creationTime': '2022-05-02T15:42:11.595Z', 'deviceName': 'mythicb', 'deviceId': '18179538', 'self': 'https://t493319102.eu-latest.cumulocity.com/devicecontrol/operations/18197206', 'id': '18197206', 'status': 'PENDING', 'description': "Apply software changes, triggered from PySys: [{'name': 'rolldice', 'id': '5152439', 'version': '::apt', 'url': 'https://thin-edge-io.eu-latest.cumulocity.com/inventory/binaries/12435463', 'action': 'install'}]", 'c8y_SoftwareUpdate': [{'name': 'rolldice', 'action': 'install', 'id': '5152439', 'version': '::apt', 'url': 'https://thin-edge-io.eu-latest.cumulocity.com/inventory/binaries/12435463'}]}
15:42:11 WARN  , retrying in 0.5 seconds...
15:42:12 WARN  , retrying in 0.5 seconds...
15:42:12 WARN  , retrying in 0.5 seconds...
15:42:13 WARN  , retrying in 0.5 seconds...
15:42:13 WARN  , retrying in 0.5 seconds...
15:42:14 WARN  , retrying in 0.5 seconds...
15:42:14 WARN  , retrying in 0.5 seconds...
15:42:15 WARN  , retrying in 0.5 seconds...
15:42:15 WARN  , retrying in 0.5 seconds...
15:42:16 WARN  AssertionError occurred while running test - 
Traceback (most recent call last):
  File "/home/pi/env-pysys/lib/python3.7/site-packages/pysys/baserunner.py", line 1294, in __call__
    self.testObj.execute()
  File "/home/pi/actions-runner/_work/thin-edge.io/thin-edge.io/tests/PySys/software_management_end_to_end/sm_apt_install_download_path/run.py", line 83, in execute
    assert_install_in_download_path(install_directory=self.DOWNLOAD_DIR)
  File "/home/pi/env-pysys/lib/python3.7/site-packages/decorator.py", line 232, in fun
    return caller(func, *(extras + args), **kw)
  File "/home/pi/env-pysys/lib/python3.7/site-packages/retry/api.py", line 74, in retry_decorator
    logger)
  File "/home/pi/env-pysys/lib/python3.7/site-packages/retry/api.py", line 33, in __retry_internal
    return f()
  File "/home/pi/actions-runner/_work/thin-edge.io/thin-edge.io/tests/PySys/software_management_end_to_end/sm_apt_install_download_path/run.py", line 28, in assert_install_in_download_path
    assert "rolldice" in os.listdir(f"{install_directory}")
AssertionError
15:42:17 WARN  AssertionError: ... blocked 
15:42:17 INFO  
15:42:17 INFO  cleanup:
15:42:17 INFO  Executed sudo, exit status 0
15:42:18 INFO  Executed sudo, exit status 0
15:42:22 INFO  Executed sudo&lt;tedge_disconnect_c8y&gt;, exit status 0
15:42:22 INFO  Restarting mosquitto too frequently in the last 10 seconds. It was only up for 3 seconds
15:42:22 INFO  Delaying execution by 8 seconds
15:42:46 INFO  Executed sudo&lt;tedge_connect_c8y&gt;, exit status 0, duration 15 secs
15:42:50 INFO  Executed sudo&lt;tedge_disconnect_c8y&gt;, exit status 0
15:42:51 INFO  Executed systemctl&lt;serv_mapper5&gt;, exit status 3
15:42:51 INFO  
15:42:51 INFO  Test duration: 91.20 secs
15:42:51 INFO  Test final outcome:  BLOCKED
15:42:51 INFO  Test outcome reason: AssertionError:
15:42:51 INFO  
</system-out>
	</testcase>
<testcase classname="AptInstallWithDownloadPath" name="SoftwareManagement.sm_apt_install_download_path">
		<failure message="BLOCKED: AssertionError:" type="BLOCKED" />
		<system-out>16:03:47 INFO  ==============================================================
16:03:47 INFO  Id:    SoftwareManagement.sm_apt_install_download_path
16:03:47 INFO  Dir:   software_management_end_to_end/
16:03:47 INFO  Title: Install package to directory specified in tedge config set tmp.path
16:03:47 INFO  ==============================================================
16:03:48 INFO  Using sw id database: {'asciijump': '5475369', 'robotfindskitten': '5474869', 'squirrel3': '5475279', 'rolldice': '5152439', 'moon-buggy': '5439204', 'apple': '5495053', 'banana': '5494888', 'cherry': '5495382', 'watermelon': '5494510', 'registry': '8018911', 'hello-world': '8021526', 'docker/getting-started': '8021973', 'alpine': '7991792'}
16:03:48 INFO  EnvironmentC8y Setup
16:03:49 INFO  Executed systemctl&lt;serv_mapper1&gt;, exit status 3
16:04:03 INFO  Executed sudo&lt;tedge_connect_c8y&gt;, exit status 0, duration 14 secs
16:04:04 INFO  Executed sudo&lt;tedge_connect_c8y_test&gt;, exit status 0
16:04:04 INFO  Executed systemctl&lt;serv_mosq2&gt;, exit status 0
16:04:05 INFO  Executed systemctl&lt;serv_mapper3&gt;, exit status 0
16:04:07 INFO  State of current operation: FAILED
16:04:07 INFO  Assert that (False == value) with value=False ... passed
16:04:08 INFO  Executed sudo, exit status 0
16:04:08 INFO  Executed sudo, exit status 0
16:04:09 INFO  Executed sudo, exit status 0
16:04:13 INFO  Executed sudo&lt;tedge_disconnect_c8y&gt;, exit status 0
16:04:13 INFO  Restarting mosquitto too frequently in the last 10 seconds. It was only up for 3 seconds
16:04:13 INFO  Delaying execution by 8 seconds
16:04:35 INFO  Executed sudo&lt;tedge_connect_c8y&gt;, exit status 0, duration 14 secs
16:04:36 INFO  Response status: 201
16:04:36 INFO  Response to action: {
    "creationTime": "2022-05-02T16:04:36.206Z",
    "deviceName": "mythicb",
    "deviceId": "18179538",
    "self": "https://t493319102.eu-latest.cumulocity.com/devicecontrol/operations/18212038",
    "id": "18212038",
    "status": "PENDING",
    "description": "Apply software changes, triggered from PySys: [{'name': 'rolldice', 'id': '5152439', 'version': '::apt', 'url': 'https://thin-edge-io.eu-latest.cumulocity.com/inventory/binaries/12435463', 'action': 'install'}]",
    "c8y_SoftwareUpdate": [
        {
            "name": "rolldice",
            "action": "install",
            "id": "5152439",
            "version": "::apt",
            "url": "https://thin-edge-io.eu-latest.cumulocity.com/inventory/binaries/12435463"
        }
    ]
}
16:04:36 INFO  Started operation: {'creationTime': '2022-05-02T16:04:36.206Z', 'deviceName': 'mythicb', 'deviceId': '18179538', 'self': 'https://t493319102.eu-latest.cumulocity.com/devicecontrol/operations/18212038', 'id': '18212038', 'status': 'PENDING', 'description': "Apply software changes, triggered from PySys: [{'name': 'rolldice', 'id': '5152439', 'version': '::apt', 'url': 'https://thin-edge-io.eu-latest.cumulocity.com/inventory/binaries/12435463', 'action': 'install'}]", 'c8y_SoftwareUpdate': [{'name': 'rolldice', 'action': 'install', 'id': '5152439', 'version': '::apt', 'url': 'https://thin-edge-io.eu-latest.cumulocity.com/inventory/binaries/12435463'}]}
16:04:36 WARN  , retrying in 0.5 seconds...
16:04:36 WARN  , retrying in 0.5 seconds...
16:04:37 WARN  , retrying in 0.5 seconds...
16:04:37 WARN  , retrying in 0.5 seconds...
16:04:38 WARN  , retrying in 0.5 seconds...
16:04:38 WARN  , retrying in 0.5 seconds...
16:04:39 WARN  , retrying in 0.5 seconds...
16:04:39 WARN  , retrying in 0.5 seconds...
16:04:40 WARN  , retrying in 0.5 seconds...
16:04:40 WARN  AssertionError occurred while running test - 
Traceback (most recent call last):
  File "/home/pi/env-pysys/lib/python3.7/site-packages/pysys/baserunner.py", line 1294, in __call__
    self.testObj.execute()
  File "/home/pi/actions-runner/_work/thin-edge.io/thin-edge.io/tests/PySys/software_management_end_to_end/sm_apt_install_download_path/run.py", line 83, in execute
    assert_install_in_download_path(install_directory=self.DOWNLOAD_DIR)
  File "/home/pi/env-pysys/lib/python3.7/site-packages/decorator.py", line 232, in fun
    return caller(func, *(extras + args), **kw)
  File "/home/pi/env-pysys/lib/python3.7/site-packages/retry/api.py", line 74, in retry_decorator
    logger)
  File "/home/pi/env-pysys/lib/python3.7/site-packages/retry/api.py", line 33, in __retry_internal
    return f()
  File "/home/pi/actions-runner/_work/thin-edge.io/thin-edge.io/tests/PySys/software_management_end_to_end/sm_apt_install_download_path/run.py", line 28, in assert_install_in_download_path
    assert "rolldice" in os.listdir(f"{install_directory}")
AssertionError
16:04:40 WARN  AssertionError: ... blocked 
16:04:40 INFO  
16:04:40 INFO  cleanup:
16:04:41 INFO  Executed sudo, exit status 0
16:04:41 INFO  Executed sudo, exit status 0
16:04:46 INFO  Executed sudo&lt;tedge_disconnect_c8y&gt;, exit status 0
16:04:46 INFO  Restarting mosquitto too frequently in the last 10 seconds. It was only up for 4 seconds
16:04:46 INFO  Delaying execution by 7 seconds
16:05:08 INFO  Executed sudo&lt;tedge_connect_c8y&gt;, exit status 0, duration 14 secs
16:05:12 INFO  Executed sudo&lt;tedge_disconnect_c8y&gt;, exit status 0
16:05:12 INFO  Executed systemctl&lt;serv_mapper5&gt;, exit status 3
16:05:12 INFO  
16:05:12 INFO  Test duration: 85.32 secs
16:05:12 INFO  Test final outcome:  BLOCKED
16:05:12 INFO  Test outcome reason: AssertionError:
16:05:12 INFO  
</system-out>
	</testcase>
</testsuite><testsuite name="SoftwareManagement.sm_apt_install_fail" tests="3" errors="0" failures="0" skipped="1" time="0"><testcase classname="PySysTest" name="SoftwareManagement.sm_apt_install_fail">
		<skipped message="SKIPPED: Testing the apt plugin is not supported on this platform.Use parameter -XmyPlatform='container' to enable it" />
		<system-out>15:16:23 INFO  ==============================================================
15:16:23 INFO  Id:    SoftwareManagement.sm_apt_install_fail
15:16:23 INFO  Dir:   software_management_end_to_end/
15:16:23 INFO  Title: Validate end to end behaviour for a failing installation
15:16:23 INFO  ==============================================================
15:16:23 INFO  Testing the apt plugin is not supported on this platform.Use parameter -XmyPlatform='container' to enable it ... skipped
15:16:23 WARN  Aborted test due to SKIPPED outcome
15:16:23 INFO  
15:16:23 INFO  Test duration: 0.02 secs
15:16:23 INFO  Test final outcome:  SKIPPED
15:16:23 INFO  Test outcome reason: Testing the apt plugin is not supported on this platform.Use parameter -XmyPlatform='container' to enable it
15:16:23 INFO  
</system-out>
	</testcase>
<testcase classname="PySysTest" name="SoftwareManagement.sm_apt_install_fail" />
<testcase classname="PySysTest" name="SoftwareManagement.sm_apt_install_fail" />
</testsuite><testsuite name="SoftwareManagement.sm_apt_install_remove" tests="3" errors="0" failures="0" skipped="1" time="0"><testcase classname="PySysTest" name="SoftwareManagement.sm_apt_install_remove">
		<skipped message="SKIPPED: Testing the apt plugin is not supported on this platform.Use parameter -XmyPlatform='container' to enable it" />
		<system-out>15:16:23 INFO  ==============================================================
15:16:23 INFO  Id:    SoftwareManagement.sm_apt_install_remove
15:16:23 INFO  Dir:   software_management_end_to_end/
15:16:23 INFO  Title: Validate end to end behaviour for the apt plugin for installation and removal of packages
15:16:23 INFO  ==============================================================
15:16:23 INFO  Testing the apt plugin is not supported on this platform.Use parameter -XmyPlatform='container' to enable it ... skipped
15:16:23 WARN  Aborted test due to SKIPPED outcome
15:16:23 INFO  
15:16:23 INFO  Test duration: 0.02 secs
15:16:23 INFO  Test final outcome:  SKIPPED
15:16:23 INFO  Test outcome reason: Testing the apt plugin is not supported on this platform.Use parameter -XmyPlatform='container' to enable it
15:16:23 INFO  
</system-out>
	</testcase>
<testcase classname="PySysTest" name="SoftwareManagement.sm_apt_install_remove" />
<testcase classname="PySysTest" name="SoftwareManagement.sm_apt_install_remove" />
</testsuite><testsuite name="SoftwareManagement.sm_apt_install_remove_default" tests="3" errors="0" failures="0" skipped="1" time="0"><testcase classname="PySysTest" name="SoftwareManagement.sm_apt_install_remove_default">
		<skipped message="SKIPPED: Testing the apt plugin is not supported on this platform.Use parameter -XmyPlatform='container' to enable it" />
		<system-out>15:16:24 INFO  ==============================================================
15:16:24 INFO  Id:    SoftwareManagement.sm_apt_install_remove_default
15:16:24 INFO  Dir:   software_management_end_to_end/
15:16:24 INFO  Title: Validate end to end behaviour for the default plugin for installation and removal of packages
15:16:24 INFO  ==============================================================
15:16:24 INFO  Testing the apt plugin is not supported on this platform.Use parameter -XmyPlatform='container' to enable it ... skipped
15:16:24 WARN  Aborted test due to SKIPPED outcome
15:16:24 INFO  
15:16:24 INFO  Test duration: 0.02 secs
15:16:24 INFO  Test final outcome:  SKIPPED
15:16:24 INFO  Test outcome reason: Testing the apt plugin is not supported on this platform.Use parameter -XmyPlatform='container' to enable it
15:16:24 INFO  
</system-out>
	</testcase>
<testcase classname="PySysTest" name="SoftwareManagement.sm_apt_install_remove_default" />
<testcase classname="PySysTest" name="SoftwareManagement.sm_apt_install_remove_default" />
</testsuite><testsuite name="SoftwareManagement.sm_apt_install_remove_multiple" tests="3" errors="0" failures="2" skipped="1" time="0"><testcase classname="PySysTest" name="SoftwareManagement.sm_apt_install_remove_multiple">
		<skipped message="SKIPPED: Testing the apt plugin is not supported on this platform.Use parameter -XmyPlatform='container' to enable it" />
		<system-out>15:16:24 INFO  ==============================================================
15:16:24 INFO  Id:    SoftwareManagement.sm_apt_install_remove_multiple
15:16:24 INFO  Dir:   software_management_end_to_end/
15:16:24 INFO  Title: Validate end to end behaviour for the apt plugin for multiple packages
15:16:24 INFO  ==============================================================
15:16:24 INFO  Testing the apt plugin is not supported on this platform.Use parameter -XmyPlatform='container' to enable it ... skipped
15:16:24 WARN  Aborted test due to SKIPPED outcome
15:16:24 INFO  
15:16:24 INFO  Test duration: 0.02 secs
15:16:24 INFO  Test final outcome:  SKIPPED
15:16:24 INFO  Test outcome reason: Testing the apt plugin is not supported on this platform.Use parameter -XmyPlatform='container' to enable it
15:16:24 INFO  
</system-out>
	</testcase>
<testcase classname="PySysTest" name="SoftwareManagement.sm_apt_install_remove_multiple">
		<failure message="FAILED: Assert that (False == value) with value=True" type="FAILED" />
		<system-out>15:49:52 INFO  ==============================================================
15:49:52 INFO  Id:    SoftwareManagement.sm_apt_install_remove_multiple
15:49:52 INFO  Dir:   software_management_end_to_end/
15:49:52 INFO  Title: Validate end to end behaviour for the apt plugin for multiple packages
15:49:52 INFO  ==============================================================
15:49:52 INFO  Using sw id database: {'asciijump': '5475369', 'robotfindskitten': '5474869', 'squirrel3': '5475279', 'rolldice': '5152439', 'moon-buggy': '5439204', 'apple': '5495053', 'banana': '5494888', 'cherry': '5495382', 'watermelon': '5494510', 'registry': '8018911', 'hello-world': '8021526', 'docker/getting-started': '8021973', 'alpine': '7991792'}
15:49:52 INFO  EnvironmentC8y Setup
15:49:53 INFO  Executed systemctl&lt;serv_mapper1&gt;, exit status 3
15:49:53 INFO  Restarting mosquitto too frequently in the last 10 seconds. It was only up for 5 seconds
15:49:53 INFO  Delaying execution by 6 seconds
15:50:13 INFO  Executed sudo&lt;tedge_connect_c8y&gt;, exit status 0, duration 14 secs
15:50:14 INFO  Executed sudo&lt;tedge_connect_c8y_test&gt;, exit status 0
15:50:14 INFO  Executed systemctl&lt;serv_mosq2&gt;, exit status 0
15:50:15 INFO  Executed systemctl&lt;serv_mapper3&gt;, exit status 0
15:50:17 INFO  State of current operation: SUCCESSFUL
15:50:17 INFO  Assert that (False == value) with value=False ... passed
15:50:17 INFO  Assert that (False == value) with value=False ... passed
15:50:18 INFO  Assert that (False == value) with value=False ... passed
15:50:18 INFO  Package robotfindskitten is installed
15:50:18 WARN  Assert that (False == value) with value=True ... failed 
15:50:18 INFO  Response status: 201
15:50:18 INFO  Response to action: {
    "creationTime": "2022-05-02T15:50:18.528Z",
    "deviceName": "mythicb",
    "deviceId": "18179538",
    "self": "https://t493319102.eu-latest.cumulocity.com/devicecontrol/operations/18211711",
    "id": "18211711",
    "status": "PENDING",
    "description": "Apply software changes, triggered from PySys: [{'action': 'install', 'id': '5475369', 'name': 'asciijump', 'url': ' ', 'version': '::apt'}, {'action': 'install', 'id': '5474869', 'name': 'robotfindskitten', 'url': ' ', 'version': '::apt'}, {'action': 'install', 'id': '5475279', 'name': 'squirrel3', 'url': ' ', 'version': '::apt'}]",
    "c8y_SoftwareUpdate": [
        {
            "name": "asciijump",
            "action": "install",
            "id": "5475369",
            "version": "::apt",
            "url": " "
        },
        {
            "name": "robotfindskitten",
            "action": "install",
            "id": "5474869",
            "version": "::apt",
            "url": " "
        },
        {
            "name": "squirrel3",
            "action": "install",
            "id": "5475279",
            "version": "::apt",
            "url": " "
        }
    ]
}
15:50:18 INFO  Started operation: {'creationTime': '2022-05-02T15:50:18.528Z', 'deviceName': 'mythicb', 'deviceId': '18179538', 'self': 'https://t493319102.eu-latest.cumulocity.com/devicecontrol/operations/18211711', 'id': '18211711', 'status': 'PENDING', 'description': "Apply software changes, triggered from PySys: [{'action': 'install', 'id': '5475369', 'name': 'asciijump', 'url': ' ', 'version': '::apt'}, {'action': 'install', 'id': '5474869', 'name': 'robotfindskitten', 'url': ' ', 'version': '::apt'}, {'action': 'install', 'id': '5475279', 'name': 'squirrel3', 'url': ' ', 'version': '::apt'}]", 'c8y_SoftwareUpdate': [{'name': 'asciijump', 'action': 'install', 'id': '5475369', 'version': '::apt', 'url': ' '}, {'name': 'robotfindskitten', 'action': 'install', 'id': '5474869', 'version': '::apt', 'url': ' '}, {'name': 'squirrel3', 'action': 'install', 'id': '5475279', 'version': '::apt', 'url': ' '}]}
15:50:20 INFO  State of operation 18211711 : PENDING
15:50:23 INFO  State of operation 18211711 : EXECUTING
15:50:25 INFO  State of operation 18211711 : EXECUTING
15:50:27 INFO  State of operation 18211711 : EXECUTING
15:50:29 INFO  State of operation 18211711 : EXECUTING
15:50:31 INFO  State of operation 18211711 : EXECUTING
15:50:34 INFO  State of operation 18211711 : EXECUTING
15:50:37 INFO  State of operation 18211711 : EXECUTING
15:50:40 INFO  State of operation 18211711 : EXECUTING
15:50:42 INFO  State of operation 18211711 : EXECUTING
15:50:44 INFO  State of operation 18211711 : EXECUTING
15:50:46 INFO  State of operation 18211711 : EXECUTING
15:50:49 INFO  State of operation 18211711 : EXECUTING
15:50:51 INFO  State of operation 18211711 : EXECUTING
15:50:53 INFO  State of operation 18211711 : EXECUTING
15:50:55 INFO  State of operation 18211711 : EXECUTING
15:50:58 INFO  State of operation 18211711 : EXECUTING
15:51:00 INFO  State of operation 18211711 : EXECUTING
15:51:03 INFO  State of operation 18211711 : EXECUTING
15:51:05 INFO  State of operation 18211711 : EXECUTING
15:51:07 INFO  State of operation 18211711 : EXECUTING
15:51:10 INFO  State of operation 18211711 : EXECUTING
15:51:12 INFO  State of operation 18211711 : EXECUTING
15:51:15 INFO  State of operation 18211711 : EXECUTING
15:51:17 INFO  State of operation 18211711 : EXECUTING
15:51:20 INFO  State of operation 18211711 : EXECUTING
15:51:23 INFO  State of operation 18211711 : EXECUTING
15:51:25 INFO  State of operation 18211711 : EXECUTING
15:51:28 INFO  State of operation 18211711 : EXECUTING
15:51:30 INFO  State of operation 18211711 : EXECUTING
15:51:33 INFO  State of operation 18211711 : EXECUTING
15:51:35 INFO  State of operation 18211711 : EXECUTING
15:51:37 INFO  State of operation 18211711 : EXECUTING
15:51:39 INFO  State of operation 18211711 : EXECUTING
15:51:42 INFO  State of operation 18211711 : SUCCESSFUL
15:51:42 INFO  Assert that (False == value) with value=False ... passed
15:51:42 INFO  Package asciijump is installed
15:51:42 INFO  Assert that (True == value) with value=True ... passed
15:51:42 INFO  Package squirrel3 is installed
15:51:42 INFO  Assert that (True == value) with value=True ... passed
15:51:43 INFO  Package robotfindskitten is installed
15:51:43 INFO  Assert that (True == value) with value=True ... passed
15:51:43 INFO  Response status: 201
15:51:43 INFO  Response to action: {
    "creationTime": "2022-05-02T15:51:43.371Z",
    "deviceName": "mythicb",
    "deviceId": "18179538",
    "self": "https://t493319102.eu-latest.cumulocity.com/devicecontrol/operations/18211923",
    "id": "18211923",
    "status": "PENDING",
    "description": "Apply software changes, triggered from PySys: [{'action': 'delete', 'id': '5475369', 'name': 'asciijump', 'url': ' ', 'version': '::apt'}, {'action': 'delete', 'id': '5474869', 'name': 'robotfindskitten', 'url': ' ', 'version': '::apt'}, {'action': 'delete', 'id': '5475279', 'name': 'squirrel3', 'url': ' ', 'version': '::apt'}]",
    "c8y_SoftwareUpdate": [
        {
            "name": "asciijump",
            "action": "delete",
            "id": "5475369",
            "version": "::apt",
            "url": " "
        },
        {
            "name": "robotfindskitten",
            "action": "delete",
            "id": "5474869",
            "version": "::apt",
            "url": " "
        },
        {
            "name": "squirrel3",
            "action": "delete",
            "id": "5475279",
            "version": "::apt",
            "url": " "
        }
    ]
}
15:51:43 INFO  Started operation: {'creationTime': '2022-05-02T15:51:43.371Z', 'deviceName': 'mythicb', 'deviceId': '18179538', 'self': 'https://t493319102.eu-latest.cumulocity.com/devicecontrol/operations/18211923', 'id': '18211923', 'status': 'PENDING', 'description': "Apply software changes, triggered from PySys: [{'action': 'delete', 'id': '5475369', 'name': 'asciijump', 'url': ' ', 'version': '::apt'}, {'action': 'delete', 'id': '5474869', 'name': 'robotfindskitten', 'url': ' ', 'version': '::apt'}, {'action': 'delete', 'id': '5475279', 'name': 'squirrel3', 'url': ' ', 'version': '::apt'}]", 'c8y_SoftwareUpdate': [{'name': 'asciijump', 'action': 'delete', 'id': '5475369', 'version': '::apt', 'url': ' '}, {'name': 'robotfindskitten', 'action': 'delete', 'id': '5474869', 'version': '::apt', 'url': ' '}, {'name': 'squirrel3', 'action': 'delete', 'id': '5475279', 'version': '::apt', 'url': ' '}]}
15:51:45 INFO  State of operation 18211923 : PENDING
15:51:47 INFO  State of operation 18211923 : EXECUTING
15:51:50 INFO  State of operation 18211923 : EXECUTING
15:51:52 INFO  State of operation 18211923 : EXECUTING
15:51:54 INFO  State of operation 18211923 : EXECUTING
15:51:56 INFO  State of operation 18211923 : EXECUTING
15:51:59 INFO  State of operation 18211923 : EXECUTING
15:52:02 INFO  State of operation 18211923 : EXECUTING
15:52:04 INFO  State of operation 18211923 : EXECUTING
15:52:07 INFO  State of operation 18211923 : EXECUTING
15:52:09 INFO  State of operation 18211923 : EXECUTING
15:52:11 INFO  State of operation 18211923 : EXECUTING
15:52:14 INFO  State of operation 18211923 : EXECUTING
15:52:16 INFO  State of operation 18211923 : EXECUTING
15:52:18 INFO  State of operation 18211923 : EXECUTING
15:52:20 INFO  State of operation 18211923 : EXECUTING
15:52:23 INFO  State of operation 18211923 : EXECUTING
15:52:26 INFO  State of operation 18211923 : EXECUTING
15:52:28 INFO  State of operation 18211923 : EXECUTING
15:52:30 INFO  State of operation 18211923 : EXECUTING
15:52:33 INFO  State of operation 18211923 : EXECUTING
15:52:35 INFO  State of operation 18211923 : EXECUTING
15:52:37 INFO  State of operation 18211923 : EXECUTING
15:52:39 INFO  State of operation 18211923 : EXECUTING
15:52:43 INFO  State of operation 18211923 : EXECUTING
15:52:45 INFO  State of operation 18211923 : EXECUTING
15:52:48 INFO  State of operation 18211923 : EXECUTING
15:52:50 INFO  State of operation 18211923 : SUCCESSFUL
15:52:50 INFO  Assert that (False == value) with value=False ... passed
15:52:50 INFO  Assert that (False == value) with value=False ... passed
15:52:50 INFO  Assert that (False == value) with value=False ... passed
15:52:51 INFO  Assert that (False == value) with value=False ... passed
15:52:51 INFO  
15:52:51 INFO  cleanup:
15:52:55 INFO  Executed sudo&lt;tedge_disconnect_c8y&gt;, exit status 0
15:52:56 INFO  Executed systemctl&lt;serv_mapper5&gt;, exit status 3
15:52:56 INFO  
15:52:56 INFO  Test duration: 183.73 secs
15:52:56 INFO  Test final outcome:  FAILED
15:52:56 INFO  Test outcome reason: Assert that (False == value) with value=True
15:52:56 INFO  
</system-out>
	</testcase>
<testcase classname="PySysTest" name="SoftwareManagement.sm_apt_install_remove_multiple">
		<failure message="FAILED: Assert that (False == value) with value=True (+2 other failures)" type="FAILED" />
		<system-out>16:11:40 INFO  ==============================================================
16:11:40 INFO  Id:    SoftwareManagement.sm_apt_install_remove_multiple
16:11:40 INFO  Dir:   software_management_end_to_end/
16:11:40 INFO  Title: Validate end to end behaviour for the apt plugin for multiple packages
16:11:40 INFO  ==============================================================
16:11:40 INFO  Using sw id database: {'asciijump': '5475369', 'robotfindskitten': '5474869', 'squirrel3': '5475279', 'rolldice': '5152439', 'moon-buggy': '5439204', 'apple': '5495053', 'banana': '5494888', 'cherry': '5495382', 'watermelon': '5494510', 'registry': '8018911', 'hello-world': '8021526', 'docker/getting-started': '8021973', 'alpine': '7991792'}
16:11:40 INFO  EnvironmentC8y Setup
16:11:40 INFO  Executed systemctl&lt;serv_mapper1&gt;, exit status 3
16:11:40 INFO  Restarting mosquitto too frequently in the last 10 seconds. It was only up for 4 seconds
16:11:40 INFO  Delaying execution by 7 seconds
16:12:01 INFO  Executed sudo&lt;tedge_connect_c8y&gt;, exit status 0, duration 13 secs
16:12:02 INFO  Executed sudo&lt;tedge_connect_c8y_test&gt;, exit status 0
16:12:03 INFO  Executed systemctl&lt;serv_mosq2&gt;, exit status 0
16:12:03 INFO  Executed systemctl&lt;serv_mapper3&gt;, exit status 0
16:12:05 INFO  State of current operation: SUCCESSFUL
16:12:06 INFO  Assert that (False == value) with value=False ... passed
16:12:06 INFO  Package asciijump is installed
16:12:06 WARN  Assert that (False == value) with value=True ... failed 
16:12:06 INFO  Package squirrel3 is installed
16:12:07 WARN  Assert that (False == value) with value=True ... failed 
16:12:07 INFO  Package robotfindskitten is installed
16:12:07 WARN  Assert that (False == value) with value=True ... failed 
16:12:07 INFO  Response status: 201
16:12:07 INFO  Response to action: {
    "delivery": {
        "time": "2022-05-02T16:12:07.443Z",
        "log": [],
        "status": "PENDING"
    },
    "creationTime": "2022-05-02T16:12:07.429Z",
    "deviceName": "mythicb",
    "deviceId": "18179538",
    "self": "https://t493319102.eu-latest.cumulocity.com/devicecontrol/operations/18214107",
    "id": "18214107",
    "status": "PENDING",
    "description": "Apply software changes, triggered from PySys: [{'action': 'install', 'id': '5475369', 'name': 'asciijump', 'url': ' ', 'version': '::apt'}, {'action': 'install', 'id': '5474869', 'name': 'robotfindskitten', 'url': ' ', 'version': '::apt'}, {'action': 'install', 'id': '5475279', 'name': 'squirrel3', 'url': ' ', 'version': '::apt'}]",
    "c8y_SoftwareUpdate": [
        {
            "name": "asciijump",
            "action": "install",
            "id": "5475369",
            "version": "::apt",
            "url": " "
        },
        {
            "name": "robotfindskitten",
            "action": "install",
            "id": "5474869",
            "version": "::apt",
            "url": " "
        },
        {
            "name": "squirrel3",
            "action": "install",
            "id": "5475279",
            "version": "::apt",
            "url": " "
        }
    ]
}
16:12:07 INFO  Started operation: {'delivery': {'time': '2022-05-02T16:12:07.443Z', 'log': [], 'status': 'PENDING'}, 'creationTime': '2022-05-02T16:12:07.429Z', 'deviceName': 'mythicb', 'deviceId': '18179538', 'self': 'https://t493319102.eu-latest.cumulocity.com/devicecontrol/operations/18214107', 'id': '18214107', 'status': 'PENDING', 'description': "Apply software changes, triggered from PySys: [{'action': 'install', 'id': '5475369', 'name': 'asciijump', 'url': ' ', 'version': '::apt'}, {'action': 'install', 'id': '5474869', 'name': 'robotfindskitten', 'url': ' ', 'version': '::apt'}, {'action': 'install', 'id': '5475279', 'name': 'squirrel3', 'url': ' ', 'version': '::apt'}]", 'c8y_SoftwareUpdate': [{'name': 'asciijump', 'action': 'install', 'id': '5475369', 'version': '::apt', 'url': ' '}, {'name': 'robotfindskitten', 'action': 'install', 'id': '5474869', 'version': '::apt', 'url': ' '}, {'name': 'squirrel3', 'action': 'install', 'id': '5475279', 'version': '::apt', 'url': ' '}]}
16:12:09 INFO  State of operation 18214107 : PENDING
16:12:11 INFO  State of operation 18214107 : EXECUTING
16:12:14 INFO  State of operation 18214107 : EXECUTING
16:12:16 INFO  State of operation 18214107 : EXECUTING
16:12:18 INFO  State of operation 18214107 : EXECUTING
16:12:20 INFO  State of operation 18214107 : EXECUTING
16:12:23 INFO  State of operation 18214107 : EXECUTING
16:12:26 INFO  State of operation 18214107 : EXECUTING
16:12:29 INFO  State of operation 18214107 : EXECUTING
16:12:31 INFO  State of operation 18214107 : EXECUTING
16:12:34 INFO  State of operation 18214107 : EXECUTING
16:12:36 INFO  State of operation 18214107 : EXECUTING
16:12:38 INFO  State of operation 18214107 : EXECUTING
16:12:40 INFO  State of operation 18214107 : EXECUTING
16:12:43 INFO  State of operation 18214107 : EXECUTING
16:12:45 INFO  State of operation 18214107 : SUCCESSFUL
16:12:45 INFO  Assert that (False == value) with value=False ... passed
16:12:45 INFO  Package asciijump is installed
16:12:45 INFO  Assert that (True == value) with value=True ... passed
16:12:45 INFO  Package squirrel3 is installed
16:12:45 INFO  Assert that (True == value) with value=True ... passed
16:12:46 INFO  Package robotfindskitten is installed
16:12:46 INFO  Assert that (True == value) with value=True ... passed
16:12:46 INFO  Response status: 201
16:12:46 INFO  Response to action: {
    "delivery": {
        "time": "2022-05-02T16:12:46.381Z",
        "log": [],
        "status": "PENDING"
    },
    "creationTime": "2022-05-02T16:12:46.368Z",
    "deviceName": "mythicb",
    "deviceId": "18179538",
    "self": "https://t493319102.eu-latest.cumulocity.com/devicecontrol/operations/18214122",
    "id": "18214122",
    "status": "PENDING",
    "description": "Apply software changes, triggered from PySys: [{'action': 'delete', 'id': '5475369', 'name': 'asciijump', 'url': ' ', 'version': '::apt'}, {'action': 'delete', 'id': '5474869', 'name': 'robotfindskitten', 'url': ' ', 'version': '::apt'}, {'action': 'delete', 'id': '5475279', 'name': 'squirrel3', 'url': ' ', 'version': '::apt'}]",
    "c8y_SoftwareUpdate": [
        {
            "name": "asciijump",
            "action": "delete",
            "id": "5475369",
            "version": "::apt",
            "url": " "
        },
        {
            "name": "robotfindskitten",
            "action": "delete",
            "id": "5474869",
            "version": "::apt",
            "url": " "
        },
        {
            "name": "squirrel3",
            "action": "delete",
            "id": "5475279",
            "version": "::apt",
            "url": " "
        }
    ]
}
16:12:46 INFO  Started operation: {'delivery': {'time': '2022-05-02T16:12:46.381Z', 'log': [], 'status': 'PENDING'}, 'creationTime': '2022-05-02T16:12:46.368Z', 'deviceName': 'mythicb', 'deviceId': '18179538', 'self': 'https://t493319102.eu-latest.cumulocity.com/devicecontrol/operations/18214122', 'id': '18214122', 'status': 'PENDING', 'description': "Apply software changes, triggered from PySys: [{'action': 'delete', 'id': '5475369', 'name': 'asciijump', 'url': ' ', 'version': '::apt'}, {'action': 'delete', 'id': '5474869', 'name': 'robotfindskitten', 'url': ' ', 'version': '::apt'}, {'action': 'delete', 'id': '5475279', 'name': 'squirrel3', 'url': ' ', 'version': '::apt'}]", 'c8y_SoftwareUpdate': [{'name': 'asciijump', 'action': 'delete', 'id': '5475369', 'version': '::apt', 'url': ' '}, {'name': 'robotfindskitten', 'action': 'delete', 'id': '5474869', 'version': '::apt', 'url': ' '}, {'name': 'squirrel3', 'action': 'delete', 'id': '5475279', 'version': '::apt', 'url': ' '}]}
16:12:48 INFO  State of operation 18214122 : PENDING
16:12:50 INFO  State of operation 18214122 : EXECUTING
16:12:53 INFO  State of operation 18214122 : EXECUTING
16:12:55 INFO  State of operation 18214122 : EXECUTING
16:12:57 INFO  State of operation 18214122 : EXECUTING
16:12:59 INFO  State of operation 18214122 : EXECUTING
16:13:02 INFO  State of operation 18214122 : EXECUTING
16:13:04 INFO  State of operation 18214122 : EXECUTING
16:13:07 INFO  State of operation 18214122 : EXECUTING
16:13:10 INFO  State of operation 18214122 : EXECUTING
16:13:12 INFO  State of operation 18214122 : EXECUTING
16:13:14 INFO  State of operation 18214122 : EXECUTING
16:13:16 INFO  State of operation 18214122 : EXECUTING
16:13:18 INFO  State of operation 18214122 : EXECUTING
16:13:21 INFO  State of operation 18214122 : EXECUTING
16:13:23 INFO  State of operation 18214122 : EXECUTING
16:13:25 INFO  State of operation 18214122 : EXECUTING
16:13:28 INFO  State of operation 18214122 : EXECUTING
16:13:31 INFO  State of operation 18214122 : EXECUTING
16:13:34 INFO  State of operation 18214122 : EXECUTING
16:13:36 INFO  State of operation 18214122 : EXECUTING
16:13:38 INFO  State of operation 18214122 : EXECUTING
16:13:40 INFO  State of operation 18214122 : EXECUTING
16:13:43 INFO  State of operation 18214122 : EXECUTING
16:13:45 INFO  State of operation 18214122 : EXECUTING
16:13:48 INFO  State of operation 18214122 : EXECUTING
16:13:51 INFO  State of operation 18214122 : EXECUTING
16:13:53 INFO  State of operation 18214122 : EXECUTING
16:13:55 INFO  State of operation 18214122 : EXECUTING
16:13:57 INFO  State of operation 18214122 : SUCCESSFUL
16:13:58 INFO  Assert that (False == value) with value=False ... passed
16:13:58 INFO  Assert that (False == value) with value=False ... passed
16:13:58 INFO  Assert that (False == value) with value=False ... passed
16:13:58 INFO  Assert that (False == value) with value=False ... passed
16:13:58 INFO  
16:13:58 INFO  cleanup:
16:14:02 INFO  Executed sudo&lt;tedge_disconnect_c8y&gt;, exit status 0
16:14:03 INFO  Executed systemctl&lt;serv_mapper5&gt;, exit status 3
16:14:03 INFO  
16:14:03 INFO  Test duration: 143.24 secs
16:14:03 INFO  Test final outcome:  FAILED
16:14:03 INFO  Test outcome reason: Assert that (False == value) with value=True (+2 other failures)
16:14:03 INFO  
</system-out>
	</testcase>
</testsuite><testsuite name="SoftwareManagement.sm_apt_install_remove_multiple_mixed" tests="3" errors="0" failures="2" skipped="1" time="0"><testcase classname="PySysTest" name="SoftwareManagement.sm_apt_install_remove_multiple_mixed">
		<skipped message="SKIPPED: Testing the apt plugin is not supported on this platform.Use parameter -XmyPlatform='container' to enable it" />
		<system-out>15:16:24 INFO  ==============================================================
15:16:24 INFO  Id:    SoftwareManagement.sm_apt_install_remove_multiple_mixed
15:16:24 INFO  Dir:   software_management_end_to_end/
15:16:24 INFO  Title: Validate end to end behaviour for the apt plugin for multiple packages with mixed versions
15:16:24 INFO  ==============================================================
15:16:24 INFO  Testing the apt plugin is not supported on this platform.Use parameter -XmyPlatform='container' to enable it ... skipped
15:16:24 WARN  Aborted test due to SKIPPED outcome
15:16:24 INFO  
15:16:24 INFO  Test duration: 0.02 secs
15:16:24 INFO  Test final outcome:  SKIPPED
15:16:24 INFO  Test outcome reason: Testing the apt plugin is not supported on this platform.Use parameter -XmyPlatform='container' to enable it
15:16:24 INFO  
</system-out>
	</testcase>
<testcase classname="PySysTest" name="SoftwareManagement.sm_apt_install_remove_multiple_mixed">
		<failure message="BLOCKED: SystemError: Timeout while waiting for status SUCCESSFUL or False" type="BLOCKED" />
		<system-out>15:52:56 INFO  ==============================================================
15:52:56 INFO  Id:    SoftwareManagement.sm_apt_install_remove_multiple_mixed
15:52:56 INFO  Dir:   software_management_end_to_end/
15:52:56 INFO  Title: Validate end to end behaviour for the apt plugin for multiple packages with mixed versions
15:52:56 INFO  ==============================================================
15:52:56 INFO  Using sw id database: {'asciijump': '5475369', 'robotfindskitten': '5474869', 'squirrel3': '5475279', 'rolldice': '5152439', 'moon-buggy': '5439204', 'apple': '5495053', 'banana': '5494888', 'cherry': '5495382', 'watermelon': '5494510', 'registry': '8018911', 'hello-world': '8021526', 'docker/getting-started': '8021973', 'alpine': '7991792'}
15:52:56 INFO  EnvironmentC8y Setup
15:52:57 INFO  Executed systemctl&lt;serv_mapper1&gt;, exit status 3
15:52:57 INFO  Restarting mosquitto too frequently in the last 10 seconds. It was only up for 5 seconds
15:52:57 INFO  Delaying execution by 6 seconds
15:53:17 INFO  Executed sudo&lt;tedge_connect_c8y&gt;, exit status 0, duration 14 secs
15:53:18 INFO  Executed sudo&lt;tedge_connect_c8y_test&gt;, exit status 0
15:53:18 INFO  Executed systemctl&lt;serv_mosq2&gt;, exit status 0
15:53:18 INFO  Executed systemctl&lt;serv_mapper3&gt;, exit status 0
15:53:21 INFO  State of current operation: SUCCESSFUL
15:53:21 INFO  Assert that (False == value) with value=False ... passed
15:53:21 INFO  Assert that (False == value) with value=False ... passed
15:53:21 INFO  Assert that (False == value) with value=False ... passed
15:53:22 INFO  Assert that (False == value) with value=False ... passed
15:53:22 INFO  Assert that (False == value) with value=False ... passed
15:53:23 INFO  Response status: 201
15:53:23 INFO  Response to action: {
    "creationTime": "2022-05-02T15:53:23.744Z",
    "deviceName": "mythicb",
    "deviceId": "18179538",
    "self": "https://t493319102.eu-latest.cumulocity.com/devicecontrol/operations/18211935",
    "id": "18211935",
    "status": "PENDING",
    "description": "Apply software changes, triggered from PySys: [{'action': 'install', 'id': '5475369', 'name': 'asciijump', 'url': ' ', 'version': '::apt'}, {'action': 'install', 'id': '5474869', 'name': 'robotfindskitten', 'url': ' ', 'version': ' '}, {'action': 'install', 'id': '5475279', 'name': 'squirrel3', 'url': ' ', 'version': '3.1-7::apt'}, {'action': 'install', 'id': '5152439', 'name': 'rolldice', 'url': ' ', 'version': '1.16-1+b1'}, {'action': 'install', 'id': '5439204', 'name': 'moon-buggy', 'url': ' ', 'version': '1:1.0.51-12'}, {'action': 'install', 'id': '5475369', 'name': 'asciijump', 'url': ' ', 'version': '::apt'}]",
    "c8y_SoftwareUpdate": [
        {
            "name": "asciijump",
            "action": "install",
            "id": "5475369",
            "version": "::apt",
            "url": " "
        },
        {
            "name": "robotfindskitten",
            "action": "install",
            "id": "5474869",
            "version": " ",
            "url": " "
        },
        {
            "name": "squirrel3",
            "action": "install",
            "id": "5475279",
            "version": "3.1-7::apt",
            "url": " "
        },
        {
            "name": "rolldice",
            "action": "install",
            "id": "5152439",
            "version": "1.16-1+b1",
            "url": " "
        },
        {
            "name": "moon-buggy",
            "action": "install",
            "id": "5439204",
            "version": "1:1.0.51-12",
            "url": " "
        },
        {
            "name": "asciijump",
            "action": "install",
            "id": "5475369",
            "version": "::apt",
            "url": " "
        }
    ]
}
15:53:23 INFO  Started operation: {'creationTime': '2022-05-02T15:53:23.744Z', 'deviceName': 'mythicb', 'deviceId': '18179538', 'self': 'https://t493319102.eu-latest.cumulocity.com/devicecontrol/operations/18211935', 'id': '18211935', 'status': 'PENDING', 'description': "Apply software changes, triggered from PySys: [{'action': 'install', 'id': '5475369', 'name': 'asciijump', 'url': ' ', 'version': '::apt'}, {'action': 'install', 'id': '5474869', 'name': 'robotfindskitten', 'url': ' ', 'version': ' '}, {'action': 'install', 'id': '5475279', 'name': 'squirrel3', 'url': ' ', 'version': '3.1-7::apt'}, {'action': 'install', 'id': '5152439', 'name': 'rolldice', 'url': ' ', 'version': '1.16-1+b1'}, {'action': 'install', 'id': '5439204', 'name': 'moon-buggy', 'url': ' ', 'version': '1:1.0.51-12'}, {'action': 'install', 'id': '5475369', 'name': 'asciijump', 'url': ' ', 'version': '::apt'}]", 'c8y_SoftwareUpdate': [{'name': 'asciijump', 'action': 'install', 'id': '5475369', 'version': '::apt', 'url': ' '}, {'name': 'robotfindskitten', 'action': 'install', 'id': '5474869', 'version': ' ', 'url': ' '}, {'name': 'squirrel3', 'action': 'install', 'id': '5475279', 'version': '3.1-7::apt', 'url': ' '}, {'name': 'rolldice', 'action': 'install', 'id': '5152439', 'version': '1.16-1+b1', 'url': ' '}, {'name': 'moon-buggy', 'action': 'install', 'id': '5439204', 'version': '1:1.0.51-12', 'url': ' '}, {'name': 'asciijump', 'action': 'install', 'id': '5475369', 'version': '::apt', 'url': ' '}]}
15:53:26 INFO  State of operation 18211935 : PENDING
15:53:28 INFO  State of operation 18211935 : EXECUTING
15:53:30 INFO  State of operation 18211935 : EXECUTING
15:53:32 INFO  State of operation 18211935 : EXECUTING
15:53:34 INFO  State of operation 18211935 : EXECUTING
15:53:37 INFO  State of operation 18211935 : EXECUTING
15:53:40 INFO  State of operation 18211935 : EXECUTING
15:53:43 INFO  State of operation 18211935 : EXECUTING
15:53:46 INFO  State of operation 18211935 : EXECUTING
15:53:48 INFO  State of operation 18211935 : EXECUTING
15:53:50 INFO  State of operation 18211935 : EXECUTING
15:53:52 INFO  State of operation 18211935 : EXECUTING
15:53:55 INFO  State of operation 18211935 : EXECUTING
15:53:57 INFO  State of operation 18211935 : EXECUTING
15:53:59 INFO  State of operation 18211935 : EXECUTING
15:54:01 INFO  State of operation 18211935 : EXECUTING
15:54:04 INFO  State of operation 18211935 : EXECUTING
15:54:07 INFO  State of operation 18211935 : EXECUTING
15:54:09 INFO  State of operation 18211935 : EXECUTING
15:54:11 INFO  State of operation 18211935 : EXECUTING
15:54:13 INFO  State of operation 18211935 : EXECUTING
15:54:16 INFO  State of operation 18211935 : EXECUTING
15:54:18 INFO  State of operation 18211935 : EXECUTING
15:54:21 INFO  State of operation 18211935 : EXECUTING
15:54:23 INFO  State of operation 18211935 : EXECUTING
15:54:26 INFO  State of operation 18211935 : EXECUTING
15:54:28 INFO  State of operation 18211935 : EXECUTING
15:54:30 INFO  State of operation 18211935 : EXECUTING
15:54:32 INFO  State of operation 18211935 : EXECUTING
15:54:35 INFO  State of operation 18211935 : EXECUTING
15:54:37 INFO  State of operation 18211935 : EXECUTING
15:54:39 INFO  State of operation 18211935 : EXECUTING
15:54:41 INFO  State of operation 18211935 : EXECUTING
15:54:44 INFO  State of operation 18211935 : EXECUTING
15:54:46 INFO  State of operation 18211935 : EXECUTING
15:54:48 INFO  State of operation 18211935 : EXECUTING
15:54:50 INFO  State of operation 18211935 : EXECUTING
15:54:53 INFO  State of operation 18211935 : EXECUTING
15:54:55 INFO  State of operation 18211935 : EXECUTING
15:54:58 INFO  State of operation 18211935 : EXECUTING
15:55:00 INFO  State of operation 18211935 : EXECUTING
15:55:03 INFO  State of operation 18211935 : EXECUTING
15:55:05 INFO  State of operation 18211935 : EXECUTING
15:55:07 INFO  State of operation 18211935 : EXECUTING
15:55:10 INFO  State of operation 18211935 : EXECUTING
15:55:12 INFO  State of operation 18211935 : EXECUTING
15:55:14 INFO  State of operation 18211935 : EXECUTING
15:55:16 INFO  State of operation 18211935 : EXECUTING
15:55:19 INFO  State of operation 18211935 : EXECUTING
15:55:21 INFO  State of operation 18211935 : EXECUTING
15:55:24 INFO  State of operation 18211935 : EXECUTING
15:55:26 INFO  State of operation 18211935 : EXECUTING
15:55:29 INFO  State of operation 18211935 : EXECUTING
15:55:31 INFO  State of operation 18211935 : EXECUTING
15:55:34 INFO  State of operation 18211935 : EXECUTING
15:55:36 INFO  State of operation 18211935 : EXECUTING
15:55:39 INFO  State of operation 18211935 : EXECUTING
15:55:41 INFO  State of operation 18211935 : EXECUTING
15:55:43 INFO  State of operation 18211935 : EXECUTING
15:55:46 INFO  State of operation 18211935 : EXECUTING
15:55:48 INFO  State of operation 18211935 : EXECUTING
15:55:50 WARN  SystemError occurred while running test - Timeout while waiting for status SUCCESSFUL or False
Traceback (most recent call last):
  File "/home/pi/env-pysys/lib/python3.7/site-packages/pysys/baserunner.py", line 1294, in __call__
    self.testObj.execute()
  File "/home/pi/actions-runner/_work/thin-edge.io/thin-edge.io/tests/PySys/software_management_end_to_end/sm_apt_install_remove_multiple_mixed/run.py", line 89, in execute
    self.wait_until_succcess()
  File "/home/pi/actions-runner/_work/thin-edge.io/thin-edge.io/tests/PySys/software_management_end_to_end/environment_sm_management.py", line 324, in wait_until_succcess
    self.wait_until_status("SUCCESSFUL")
  File "/home/pi/actions-runner/_work/thin-edge.io/thin-edge.io/tests/PySys/software_management_end_to_end/environment_sm_management.py", line 381, in wait_until_status
    "Timeout while waiting for status %s or %s" % (status, status2)
SystemError: Timeout while waiting for status SUCCESSFUL or False
15:55:50 WARN  SystemError: Timeout while waiting for status SUCCESSFUL or False ... blocked 
15:55:50 INFO  
15:55:50 INFO  cleanup:
15:55:54 INFO  Executed sudo&lt;tedge_disconnect_c8y&gt;, exit status 0
15:55:55 INFO  Executed systemctl&lt;serv_mapper5&gt;, exit status 3
15:55:55 INFO  
15:55:55 INFO  Test duration: 178.77 secs
15:55:55 INFO  Test final outcome:  BLOCKED
15:55:55 INFO  Test outcome reason: SystemError: Timeout while waiting for status SUCCESSFUL or False
15:55:55 INFO  
</system-out>
	</testcase>
<testcase classname="PySysTest" name="SoftwareManagement.sm_apt_install_remove_multiple_mixed">
		<failure message="BLOCKED: SystemError: Timeout while waiting for status SUCCESSFUL or False (+1 other failures)" type="BLOCKED" />
		<system-out>16:14:03 INFO  ==============================================================
16:14:03 INFO  Id:    SoftwareManagement.sm_apt_install_remove_multiple_mixed
16:14:03 INFO  Dir:   software_management_end_to_end/
16:14:03 INFO  Title: Validate end to end behaviour for the apt plugin for multiple packages with mixed versions
16:14:03 INFO  ==============================================================
16:14:03 INFO  Using sw id database: {'asciijump': '5475369', 'robotfindskitten': '5474869', 'squirrel3': '5475279', 'rolldice': '5152439', 'moon-buggy': '5439204', 'apple': '5495053', 'banana': '5494888', 'cherry': '5495382', 'watermelon': '5494510', 'registry': '8018911', 'hello-world': '8021526', 'docker/getting-started': '8021973', 'alpine': '7991792'}
16:14:03 INFO  EnvironmentC8y Setup
16:14:04 INFO  Executed systemctl&lt;serv_mapper1&gt;, exit status 3
16:14:04 INFO  Restarting mosquitto too frequently in the last 10 seconds. It was only up for 5 seconds
16:14:04 INFO  Delaying execution by 6 seconds
16:14:24 INFO  Executed sudo&lt;tedge_connect_c8y&gt;, exit status 0, duration 13 secs
16:14:25 INFO  Executed sudo&lt;tedge_connect_c8y_test&gt;, exit status 0
16:14:25 INFO  Executed systemctl&lt;serv_mosq2&gt;, exit status 0
16:14:25 INFO  Executed systemctl&lt;serv_mapper3&gt;, exit status 0
16:14:28 INFO  State of current operation: SUCCESSFUL
16:14:28 INFO  Assert that (False == value) with value=False ... passed
16:14:28 INFO  Assert that (False == value) with value=False ... passed
16:14:28 INFO  Assert that (False == value) with value=False ... passed
16:14:29 INFO  Assert that (False == value) with value=False ... passed
16:14:29 INFO  Package moon-buggy is installed
16:14:29 WARN  Assert that (False == value) with value=True ... failed 
16:14:30 INFO  Response status: 201
16:14:30 INFO  Response to action: {
    "creationTime": "2022-05-02T16:14:30.575Z",
    "deviceName": "mythicb",
    "deviceId": "18179538",
    "self": "https://t493319102.eu-latest.cumulocity.com/devicecontrol/operations/18214147",
    "id": "18214147",
    "status": "PENDING",
    "description": "Apply software changes, triggered from PySys: [{'action': 'install', 'id': '5475369', 'name': 'asciijump', 'url': ' ', 'version': '::apt'}, {'action': 'install', 'id': '5474869', 'name': 'robotfindskitten', 'url': ' ', 'version': ' '}, {'action': 'install', 'id': '5475279', 'name': 'squirrel3', 'url': ' ', 'version': '3.1-7::apt'}, {'action': 'install', 'id': '5152439', 'name': 'rolldice', 'url': ' ', 'version': '1.16-1+b1'}, {'action': 'install', 'id': '5439204', 'name': 'moon-buggy', 'url': ' ', 'version': '1:1.0.51-12'}, {'action': 'install', 'id': '5475369', 'name': 'asciijump', 'url': ' ', 'version': '::apt'}]",
    "c8y_SoftwareUpdate": [
        {
            "name": "asciijump",
            "action": "install",
            "id": "5475369",
            "version": "::apt",
            "url": " "
        },
        {
            "name": "robotfindskitten",
            "action": "install",
            "id": "5474869",
            "version": " ",
            "url": " "
        },
        {
            "name": "squirrel3",
            "action": "install",
            "id": "5475279",
            "version": "3.1-7::apt",
            "url": " "
        },
        {
            "name": "rolldice",
            "action": "install",
            "id": "5152439",
            "version": "1.16-1+b1",
            "url": " "
        },
        {
            "name": "moon-buggy",
            "action": "install",
            "id": "5439204",
            "version": "1:1.0.51-12",
            "url": " "
        },
        {
            "name": "asciijump",
            "action": "install",
            "id": "5475369",
            "version": "::apt",
            "url": " "
        }
    ]
}
16:14:30 INFO  Started operation: {'creationTime': '2022-05-02T16:14:30.575Z', 'deviceName': 'mythicb', 'deviceId': '18179538', 'self': 'https://t493319102.eu-latest.cumulocity.com/devicecontrol/operations/18214147', 'id': '18214147', 'status': 'PENDING', 'description': "Apply software changes, triggered from PySys: [{'action': 'install', 'id': '5475369', 'name': 'asciijump', 'url': ' ', 'version': '::apt'}, {'action': 'install', 'id': '5474869', 'name': 'robotfindskitten', 'url': ' ', 'version': ' '}, {'action': 'install', 'id': '5475279', 'name': 'squirrel3', 'url': ' ', 'version': '3.1-7::apt'}, {'action': 'install', 'id': '5152439', 'name': 'rolldice', 'url': ' ', 'version': '1.16-1+b1'}, {'action': 'install', 'id': '5439204', 'name': 'moon-buggy', 'url': ' ', 'version': '1:1.0.51-12'}, {'action': 'install', 'id': '5475369', 'name': 'asciijump', 'url': ' ', 'version': '::apt'}]", 'c8y_SoftwareUpdate': [{'name': 'asciijump', 'action': 'install', 'id': '5475369', 'version': '::apt', 'url': ' '}, {'name': 'robotfindskitten', 'action': 'install', 'id': '5474869', 'version': ' ', 'url': ' '}, {'name': 'squirrel3', 'action': 'install', 'id': '5475279', 'version': '3.1-7::apt', 'url': ' '}, {'name': 'rolldice', 'action': 'install', 'id': '5152439', 'version': '1.16-1+b1', 'url': ' '}, {'name': 'moon-buggy', 'action': 'install', 'id': '5439204', 'version': '1:1.0.51-12', 'url': ' '}, {'name': 'asciijump', 'action': 'install', 'id': '5475369', 'version': '::apt', 'url': ' '}]}
16:14:32 INFO  State of operation 18214147 : PENDING
16:14:35 INFO  State of operation 18214147 : EXECUTING
16:14:37 INFO  State of operation 18214147 : EXECUTING
16:14:39 INFO  State of operation 18214147 : EXECUTING
16:14:41 INFO  State of operation 18214147 : EXECUTING
16:14:43 INFO  State of operation 18214147 : EXECUTING
16:14:46 INFO  State of operation 18214147 : EXECUTING
16:14:50 INFO  State of operation 18214147 : EXECUTING
16:14:52 INFO  State of operation 18214147 : EXECUTING
16:14:54 INFO  State of operation 18214147 : EXECUTING
16:14:57 INFO  State of operation 18214147 : EXECUTING
16:14:59 INFO  State of operation 18214147 : EXECUTING
16:15:01 INFO  State of operation 18214147 : EXECUTING
16:15:03 INFO  State of operation 18214147 : EXECUTING
16:15:05 INFO  State of operation 18214147 : EXECUTING
16:15:08 INFO  State of operation 18214147 : EXECUTING
16:15:10 INFO  State of operation 18214147 : EXECUTING
16:15:13 INFO  State of operation 18214147 : EXECUTING
16:15:15 INFO  State of operation 18214147 : EXECUTING
16:15:18 INFO  State of operation 18214147 : EXECUTING
16:15:20 INFO  State of operation 18214147 : EXECUTING
16:15:23 INFO  State of operation 18214147 : EXECUTING
16:15:25 INFO  State of operation 18214147 : EXECUTING
16:15:27 INFO  State of operation 18214147 : EXECUTING
16:15:30 INFO  State of operation 18214147 : EXECUTING
16:15:32 INFO  State of operation 18214147 : EXECUTING
16:15:36 INFO  State of operation 18214147 : EXECUTING
16:15:38 INFO  State of operation 18214147 : EXECUTING
16:15:40 INFO  State of operation 18214147 : EXECUTING
16:15:42 INFO  State of operation 18214147 : EXECUTING
16:15:45 INFO  State of operation 18214147 : EXECUTING
16:15:47 INFO  State of operation 18214147 : EXECUTING
16:15:49 INFO  State of operation 18214147 : EXECUTING
16:15:51 INFO  State of operation 18214147 : EXECUTING
16:15:54 INFO  State of operation 18214147 : EXECUTING
16:15:56 INFO  State of operation 18214147 : EXECUTING
16:15:58 INFO  State of operation 18214147 : EXECUTING
16:16:00 INFO  State of operation 18214147 : EXECUTING
16:16:03 INFO  State of operation 18214147 : EXECUTING
16:16:06 INFO  State of operation 18214147 : EXECUTING
16:16:08 INFO  State of operation 18214147 : EXECUTING
16:16:11 INFO  State of operation 18214147 : EXECUTING
16:16:13 INFO  State of operation 18214147 : EXECUTING
16:16:15 INFO  State of operation 18214147 : EXECUTING
16:16:17 INFO  State of operation 18214147 : EXECUTING
16:16:20 INFO  State of operation 18214147 : EXECUTING
16:16:22 INFO  State of operation 18214147 : EXECUTING
16:16:24 INFO  State of operation 18214147 : EXECUTING
16:16:27 INFO  State of operation 18214147 : EXECUTING
16:16:29 INFO  State of operation 18214147 : EXECUTING
16:16:32 INFO  State of operation 18214147 : EXECUTING
16:16:34 INFO  State of operation 18214147 : EXECUTING
16:16:36 INFO  State of operation 18214147 : EXECUTING
16:16:39 INFO  State of operation 18214147 : EXECUTING
16:16:41 INFO  State of operation 18214147 : EXECUTING
16:16:44 INFO  State of operation 18214147 : EXECUTING
16:16:46 INFO  State of operation 18214147 : EXECUTING
16:16:48 INFO  State of operation 18214147 : EXECUTING
16:16:50 INFO  State of operation 18214147 : EXECUTING
16:16:53 INFO  State of operation 18214147 : EXECUTING
16:16:55 INFO  State of operation 18214147 : EXECUTING
16:16:57 WARN  SystemError occurred while running test - Timeout while waiting for status SUCCESSFUL or False
Traceback (most recent call last):
  File "/home/pi/env-pysys/lib/python3.7/site-packages/pysys/baserunner.py", line 1294, in __call__
    self.testObj.execute()
  File "/home/pi/actions-runner/_work/thin-edge.io/thin-edge.io/tests/PySys/software_management_end_to_end/sm_apt_install_remove_multiple_mixed/run.py", line 89, in execute
    self.wait_until_succcess()
  File "/home/pi/actions-runner/_work/thin-edge.io/thin-edge.io/tests/PySys/software_management_end_to_end/environment_sm_management.py", line 324, in wait_until_succcess
    self.wait_until_status("SUCCESSFUL")
  File "/home/pi/actions-runner/_work/thin-edge.io/thin-edge.io/tests/PySys/software_management_end_to_end/environment_sm_management.py", line 381, in wait_until_status
    "Timeout while waiting for status %s or %s" % (status, status2)
SystemError: Timeout while waiting for status SUCCESSFUL or False
16:16:57 WARN  SystemError: Timeout while waiting for status SUCCESSFUL or False ... blocked 
16:16:57 INFO  
16:16:57 INFO  cleanup:
16:17:06 INFO  Executed sudo&lt;tedge_disconnect_c8y&gt;, exit status 0
16:17:07 INFO  Executed systemctl&lt;serv_mapper5&gt;, exit status 3
16:17:07 INFO  
16:17:07 INFO  Test duration: 183.70 secs
16:17:07 INFO  Test final outcome:  BLOCKED
16:17:07 INFO  Test outcome reason: SystemError: Timeout while waiting for status SUCCESSFUL or False (+1 other failures)
16:17:07 INFO  
</system-out>
	</testcase>
</testsuite><testsuite name="SoftwareManagement.sm_apt_install_remove_with_version" tests="3" errors="0" failures="0" skipped="1" time="0"><testcase classname="PySysTest" name="SoftwareManagement.sm_apt_install_remove_with_version">
		<skipped message="SKIPPED: Testing the apt plugin is not supported on this platform.Use parameter -XmyPlatform='container' to enable it" />
		<system-out>15:16:24 INFO  ==============================================================
15:16:24 INFO  Id:    SoftwareManagement.sm_apt_install_remove_with_version
15:16:24 INFO  Dir:   software_management_end_to_end/
15:16:24 INFO  Title: Validate end to end behaviour for the apt plugin for packages with version
15:16:24 INFO  ==============================================================
15:16:24 INFO  Testing the apt plugin is not supported on this platform.Use parameter -XmyPlatform='container' to enable it ... skipped
15:16:24 WARN  Aborted test due to SKIPPED outcome
15:16:24 INFO  
15:16:24 INFO  Test duration: 0.02 secs
15:16:24 INFO  Test final outcome:  SKIPPED
15:16:24 INFO  Test outcome reason: Testing the apt plugin is not supported on this platform.Use parameter -XmyPlatform='container' to enable it
15:16:24 INFO  
</system-out>
	</testcase>
<testcase classname="PySysTest" name="SoftwareManagement.sm_apt_install_remove_with_version" />
<testcase classname="PySysTest" name="SoftwareManagement.sm_apt_install_remove_with_version" />
</testsuite><testsuite name="SoftwareManagement.sm_docker_install_remove_multiple" tests="3" errors="0" failures="2" skipped="1" time="0"><testcase classname="SMDockerInstallRemove" name="SoftwareManagement.sm_docker_install_remove_multiple">
		<skipped message="SKIPPED: Testing the apt plugin is not supported on this platform.Use parameter -XmyPlatform='container' to enable it" />
		<system-out>15:16:24 INFO  ==============================================================
15:16:24 INFO  Id:    SoftwareManagement.sm_docker_install_remove_multiple
15:16:24 INFO  Dir:   software_management_end_to_end/
15:16:24 INFO  Title: Validate end to end behaviour for the docker plugin for multiple docker images with mixed versions
15:16:24 INFO  ==============================================================
15:16:24 INFO  Testing the apt plugin is not supported on this platform.Use parameter -XmyPlatform='container' to enable it ... skipped
15:16:24 WARN  Aborted test due to SKIPPED outcome
15:16:24 INFO  
15:16:24 INFO  Test duration: 0.02 secs
15:16:24 INFO  Test final outcome:  SKIPPED
15:16:24 INFO  Test outcome reason: Testing the apt plugin is not supported on this platform.Use parameter -XmyPlatform='container' to enable it
15:16:24 INFO  
</system-out>
	</testcase>
<testcase classname="SMDockerInstallRemove" name="SoftwareManagement.sm_docker_install_remove_multiple">
		<failure message="BLOCKED: SystemError: The operation has failed" type="BLOCKED" />
		<system-out>16:00:56 INFO  ==============================================================
16:00:56 INFO  Id:    SoftwareManagement.sm_docker_install_remove_multiple
16:00:56 INFO  Dir:   software_management_end_to_end/
16:00:56 INFO  Title: Validate end to end behaviour for the docker plugin for multiple docker images with mixed versions
16:00:56 INFO  ==============================================================
16:00:57 INFO  Using sw id database: {'asciijump': '5475369', 'robotfindskitten': '5474869', 'squirrel3': '5475279', 'rolldice': '5152439', 'moon-buggy': '5439204', 'apple': '5495053', 'banana': '5494888', 'cherry': '5495382', 'watermelon': '5494510', 'registry': '8018911', 'hello-world': '8021526', 'docker/getting-started': '8021973', 'alpine': '7991792'}
16:00:57 INFO  EnvironmentC8y Setup
16:00:58 INFO  Executed systemctl&lt;serv_mapper1&gt;, exit status 3
16:01:12 INFO  Executed sudo&lt;tedge_connect_c8y&gt;, exit status 0, duration 13 secs
16:01:12 INFO  Executed sudo&lt;tedge_connect_c8y_test&gt;, exit status 0
16:01:13 INFO  Executed systemctl&lt;serv_mosq2&gt;, exit status 0
16:01:14 INFO  Executed systemctl&lt;serv_mapper3&gt;, exit status 0
16:01:16 INFO  State of current operation: SUCCESSFUL
16:01:16 INFO  Response status: 201
16:01:16 INFO  Response to action: {
    "delivery": {
        "time": "2022-05-02T16:01:16.502Z",
        "log": [],
        "status": "PENDING"
    },
    "creationTime": "2022-05-02T16:01:16.489Z",
    "deviceName": "mythicb",
    "deviceId": "18179538",
    "self": "https://t493319102.eu-latest.cumulocity.com/devicecontrol/operations/18212012",
    "id": "18212012",
    "status": "PENDING",
    "description": "Apply software changes, triggered from PySys: [{'action': 'install', 'id': '8021526', 'name': 'hello-world', 'url': '', 'version': '::docker'}, {'action': 'install', 'id': '8018911', 'name': 'registry', 'url': '', 'version': '2.6.2::docker'}]",
    "c8y_SoftwareUpdate": [
        {
            "name": "hello-world",
            "action": "install",
            "id": "8021526",
            "version": "::docker",
            "url": ""
        },
        {
            "name": "registry",
            "action": "install",
            "id": "8018911",
            "version": "2.6.2::docker",
            "url": ""
        }
    ]
}
16:01:16 INFO  Started operation: {'delivery': {'time': '2022-05-02T16:01:16.502Z', 'log': [], 'status': 'PENDING'}, 'creationTime': '2022-05-02T16:01:16.489Z', 'deviceName': 'mythicb', 'deviceId': '18179538', 'self': 'https://t493319102.eu-latest.cumulocity.com/devicecontrol/operations/18212012', 'id': '18212012', 'status': 'PENDING', 'description': "Apply software changes, triggered from PySys: [{'action': 'install', 'id': '8021526', 'name': 'hello-world', 'url': '', 'version': '::docker'}, {'action': 'install', 'id': '8018911', 'name': 'registry', 'url': '', 'version': '2.6.2::docker'}]", 'c8y_SoftwareUpdate': [{'name': 'hello-world', 'action': 'install', 'id': '8021526', 'version': '::docker', 'url': ''}, {'name': 'registry', 'action': 'install', 'id': '8018911', 'version': '2.6.2::docker', 'url': ''}]}
16:01:18 INFO  State of operation 18212012 : PENDING
16:01:20 INFO  State of operation 18212012 : EXECUTING
16:01:23 INFO  State of operation 18212012 : EXECUTING
16:01:25 INFO  State of operation 18212012 : EXECUTING
16:01:27 INFO  State of operation 18212012 : FAILED
16:01:27 ERROR Stopping as the operation has failed
16:01:27 WARN  SystemError occurred while running test - The operation has failed
Traceback (most recent call last):
  File "/home/pi/env-pysys/lib/python3.7/site-packages/pysys/baserunner.py", line 1292, in __call__
    self.testObj.setup()
  File "/home/pi/actions-runner/_work/thin-edge.io/thin-edge.io/tests/PySys/software_management_end_to_end/sm_docker_install_remove_multiple/run.py", line 55, in setup
    self.wait_until_succcess()
  File "/home/pi/actions-runner/_work/thin-edge.io/thin-edge.io/tests/PySys/software_management_end_to_end/environment_sm_management.py", line 324, in wait_until_succcess
    self.wait_until_status("SUCCESSFUL")
  File "/home/pi/actions-runner/_work/thin-edge.io/thin-edge.io/tests/PySys/software_management_end_to_end/environment_sm_management.py", line 361, in wait_until_status
    raise SystemError("The operation has failed")
SystemError: The operation has failed
16:01:27 WARN  SystemError: The operation has failed ... blocked 
16:01:27 INFO  
16:01:27 INFO  cleanup:
16:01:32 INFO  Executed sudo&lt;tedge_disconnect_c8y&gt;, exit status 0
16:01:32 INFO  Executed systemctl&lt;serv_mapper5&gt;, exit status 3
16:01:32 INFO  
16:01:32 INFO  Test duration: 36.70 secs
16:01:32 INFO  Test final outcome:  BLOCKED
16:01:32 INFO  Test outcome reason: SystemError: The operation has failed
16:01:32 INFO  
</system-out>
	</testcase>
<testcase classname="SMDockerInstallRemove" name="SoftwareManagement.sm_docker_install_remove_multiple">
		<failure message="BLOCKED: SystemError: The operation has failed" type="BLOCKED" />
		<system-out>16:19:49 INFO  ==============================================================
16:19:49 INFO  Id:    SoftwareManagement.sm_docker_install_remove_multiple
16:19:49 INFO  Dir:   software_management_end_to_end/
16:19:49 INFO  Title: Validate end to end behaviour for the docker plugin for multiple docker images with mixed versions
16:19:49 INFO  ==============================================================
16:19:49 INFO  Using sw id database: {'asciijump': '5475369', 'robotfindskitten': '5474869', 'squirrel3': '5475279', 'rolldice': '5152439', 'moon-buggy': '5439204', 'apple': '5495053', 'banana': '5494888', 'cherry': '5495382', 'watermelon': '5494510', 'registry': '8018911', 'hello-world': '8021526', 'docker/getting-started': '8021973', 'alpine': '7991792'}
16:19:49 INFO  EnvironmentC8y Setup
16:19:50 INFO  Executed systemctl&lt;serv_mapper1&gt;, exit status 3
16:19:50 INFO  Restarting mosquitto too frequently in the last 10 seconds. It was only up for 5 seconds
[...]
16:00:51 INFO  Id:    docker_plugin_update
16:00:51 INFO  Dir:   plugin_docker/
16:00:51 INFO  Title: Validate docker plugin install updates existing containers
16:00:51 INFO  ==============================================================
16:00:52 INFO  Executed sudo&lt;docker_images&gt;, exit status 0
16:00:52 INFO  Grep on file /home/pi/actions-runner/_work/thin-edge.io/thin-edge.io/tests/PySys/plugin_docker/docker_plugin_update/Output/linux/docker_images.out ... passed
16:00:54 WARN  Executed sudo&lt;docker_run&gt;, exit status 125
16:00:54 INFO  Contents of docker_run.err: 
  Unable to find image 'registry:2.6.2' locally
  docker: Error response from daemon: toomanyrequests: You have reached your pull rate limit. You may increase the limit by authenticating and upgrading: https://www.docker.com/increase-rate-limit.
  See 'docker run --help'.
  -----

16:00:54 WARN  sudo&lt;docker_run&gt; returned non-zero exit code 125 ... blocked 
16:00:54 WARN  Aborted test due to BLOCKED outcome
16:00:54 INFO  
16:00:54 INFO  cleanup:
16:00:54 INFO  Removing containers scheduled to be cleaned up: ['', '']
16:00:55 WARN  Executed sudo&lt;containers_for_cleanup&gt;, exit status 1
16:00:55 INFO  Removing images scheduled to be cleaned up: ['registry', 'registry:2.7.1']
16:00:56 INFO  Executed sudo&lt;containers_for_cleanup&gt;, exit status 0
16:00:56 INFO  
16:00:56 INFO  Test duration: 4.76 secs
16:00:56 INFO  Test final outcome:  BLOCKED
16:00:56 INFO  Test outcome reason: sudo&lt;docker_run&gt; returned non-zero exit code 125
16:00:56 INFO  
</system-out>
	</testcase>
</testsuite><testsuite name="invalid_device_id" tests="1" errors="0" failures="0" skipped="0" time="0"><testcase classname="InvalidDeviceId" name="invalid_device_id" />
</testsuite><testsuite name="local_mqtt_pub_fail_noqos" tests="1" errors="0" failures="0" skipped="0" time="0"><testcase classname="PySysTest" name="local_mqtt_pub_fail_noqos" />
</testsuite><testsuite name="local_mqtt_pub_fail_qos0" tests="1" errors="0" failures="0" skipped="0" time="0"><testcase classname="PySysTest" name="local_mqtt_pub_fail_qos0" />
</testsuite><testsuite name="local_mqtt_pub_fail_qos1" tests="1" errors="0" failures="0" skipped="0" time="0"><testcase classname="PySysTest" name="local_mqtt_pub_fail_qos1" />
</testsuite><testsuite name="local_mqtt_pub_fail_qos2" tests="1" errors="0" failures="0" skipped="0" time="0"><testcase classname="PySysTest" name="local_mqtt_pub_fail_qos2" />
</testsuite><testsuite name="local_mqtt_pub_sub" tests="1" errors="0" failures="0" skipped="0" time="0"><testcase classname="PySysTest" name="local_mqtt_pub_sub" />
</testsuite><testsuite name="local_mqtt_pub_sub_retain" tests="1" errors="0" failures="0" skipped="0" time="0"><testcase classname="MqttPublishWithRetain" name="local_mqtt_pub_sub_retain" />
</testsuite><testsuite name="local_mqtt_pub_sub_with_sudo" tests="1" errors="0" failures="0" skipped="0" time="0"><testcase classname="PySysTest" name="local_mqtt_pub_sub_with_sudo" />
</testsuite><testsuite name="local_mqtt_sub_fail" tests="1" errors="0" failures="0" skipped="0" time="0"><testcase classname="PySysTest" name="local_mqtt_sub_fail" />
</testsuite><testsuite name="log_request_error_messages" tests="1" errors="0" failures="1" skipped="0" time="0"><testcase classname="LogRequestVerifySearchTextError" name="log_request_error_messages">
		<failure message="FAILED: Assert that (True == value) with value=False" type="FAILED" />
		<system-out>15:03:56 INFO  ==============================================================
15:03:56 INFO  Id:    log_request_error_messages
15:03:56 INFO  Dir:   log_request_end_to_end/
15:03:56 INFO  Title: Validate end to end behaviour for the log request operation check for error messages
15:03:56 INFO  ==============================================================
15:03:57 INFO  EnvironmentC8y Setup
15:03:58 INFO  Executed systemctl&lt;serv_mapper1&gt;, exit status 3
15:03:58 INFO  Restarting mosquitto too frequently in the last 10 seconds. It was only up for 2 seconds
15:03:58 INFO  Delaying execution by 9 seconds
15:04:21 INFO  Executed sudo&lt;tedge_connect_c8y&gt;, exit status 0, duration 13 secs
15:04:21 INFO  Executed sudo&lt;tedge_connect_c8y_test&gt;, exit status 0
15:04:22 INFO  Executed systemctl&lt;serv_mosq2&gt;, exit status 0
15:04:22 INFO  Executed systemctl&lt;serv_mapper3&gt;, exit status 0
15:04:23 INFO  Executed sudo&lt;rm_logs&gt;, exit status 0
15:04:24 INFO  Executed sudo&lt;move_logs&gt;, exit status 0
15:04:24 INFO  log response None
15:04:24 WARN  retry, retrying in 1 seconds...
15:04:25 INFO  log response https://thin-edge-io.eu-latest.cumulocity.com/event/events/18181842/binaries
15:04:26 WARN  Assert that (True == value) with value=False ... failed [run.py:43]
15:04:26 INFO  
15:04:26 INFO  cleanup:
15:04:27 INFO  Executed sudo&lt;rm_logs&gt;, exit status 0
15:04:27 INFO  Executed sudo&lt;rm_tmp_logs&gt;, exit status 0
15:04:28 INFO  Executed sudo&lt;send_failed&gt;, exit status 0
15:04:32 INFO  Executed sudo&lt;tedge_disconnect_c8y&gt;, exit status 0
15:04:32 INFO  Executed systemctl&lt;serv_mapper5&gt;, exit status 3
15:04:32 INFO  
15:04:32 INFO  Test duration: 35.90 secs
15:04:32 INFO  Test final outcome:  FAILED
15:04:32 INFO  Test outcome reason: Assert that (True == value) with value=False
15:04:32 INFO  
</system-out>
	</testcase>
</testsuite><testsuite name="log_request_num_lines" tests="1" errors="0" failures="1" skipped="0" time="0"><testcase classname="LogRequestVerifyNumberOfLines" name="log_request_num_lines">
		<failure message="FAILED: Assert that (True == value) with value=False" type="FAILED" />
		<system-out>15:04:32 INFO  ==============================================================
15:04:32 INFO  Id:    log_request_num_lines
15:04:32 INFO  Dir:   log_request_end_to_end/
15:04:32 INFO  Title: Validate end to end behaviour for the log request operation check for number of lines
15:04:32 INFO  ==============================================================
15:04:32 INFO  EnvironmentC8y Setup
15:04:33 INFO  Executed systemctl&lt;serv_mapper1&gt;, exit status 3
15:04:33 INFO  Restarting mosquitto too frequently in the last 10 seconds. It was only up for 5 seconds
15:04:33 INFO  Delaying execution by 6 seconds
15:04:53 INFO  Executed sudo&lt;tedge_connect_c8y&gt;, exit status 0, duration 14 secs
15:04:54 INFO  Executed sudo&lt;tedge_connect_c8y_test&gt;, exit status 0
15:04:54 INFO  Executed systemctl&lt;serv_mosq2&gt;, exit status 0
15:04:55 INFO  Executed systemctl&lt;serv_mapper3&gt;, exit status 0
15:04:55 INFO  Executed sudo&lt;rm_logs&gt;, exit status 0
15:04:56 INFO  Executed sudo&lt;move_logs&gt;, exit status 0
15:04:56 INFO  log response None
15:04:56 WARN  retry, retrying in 1 seconds...
15:04:57 INFO  log response https://thin-edge-io.eu-latest.cumulocity.com/event/events/18180781/binaries
15:04:58 INFO  nlines 0
15:04:58 WARN  Assert that (True == value) with value=False ... failed [run.py:44]
15:04:58 INFO  
15:04:58 INFO  cleanup:
15:04:58 INFO  Executed sudo&lt;rm_logs&gt;, exit status 0
15:04:59 INFO  Executed sudo&lt;rm_tmp_logs&gt;, exit status 0
15:04:59 INFO  Executed sudo&lt;send_failed&gt;, exit status 0
15:05:04 INFO  Executed sudo&lt;tedge_disconnect_c8y&gt;, exit status 0
15:05:05 INFO  Executed systemctl&lt;serv_mapper5&gt;, exit status 3
15:05:05 INFO  
15:05:05 INFO  Test duration: 32.60 secs
15:05:05 INFO  Test final outcome:  FAILED
15:05:05 INFO  Test outcome reason: Assert that (True == value) with value=False
15:05:05 INFO  
</system-out>
	</testcase>
</testsuite><testsuite name="mapper_awaits_before_reconnect" tests="1" errors="0" failures="0" skipped="0" time="0"><testcase classname="MapperReconnectAwait" name="mapper_awaits_before_reconnect" />
</testsuite><testsuite name="monitoring_smaller_interval" tests="1" errors="0" failures="0" skipped="1" time="0"><testcase classname="MonitoringSmallInterval" name="monitoring_smaller_interval">
		<skipped message="SKIPPED: Fails due to retained message" />
		<system-out>15:06:35 INFO  ==============================================================
15:06:35 INFO  Id:    monitoring_smaller_interval
15:06:35 INFO  Dir:   monitoring/
15:06:35 INFO  Title: Validate the tedge dm agent messages that are produced with smaller sampling interval than the batching window. Here the simulated collectd messages are used
15:06:35 INFO  ==============================================================
15:06:35 INFO  Fails due to retained message ... skipped
15:06:35 INFO  
15:06:35 INFO  Test duration: 0.04 secs
15:06:35 INFO  Test final outcome:  SKIPPED
15:06:35 INFO  Test outcome reason: Fails due to retained message
15:06:35 INFO  
</system-out>
	</testcase>
</testsuite><testsuite name="monitoring_with_collectd" tests="1" errors="0" failures="0" skipped="1" time="0"><testcase classname="MonitoringWithCollectd" name="monitoring_with_collectd">
		<skipped message="SKIPPED: Test execution disabled due to #792 (instable)" />
		<system-out>15:06:35 INFO  ==============================================================
15:06:35 INFO  Id:    monitoring_with_collectd
15:06:35 INFO  Dir:   monitoring/
15:06:35 INFO  Title: Validate tedge dm agent messages that are produced by batching the collectd messages
15:06:35 INFO  ==============================================================
15:06:35 INFO  Test execution disabled due to #792 (instable) ... skipped
15:06:35 INFO  
15:06:35 INFO  Test duration: 0.02 secs
15:06:35 INFO  Test final outcome:  SKIPPED
15:06:35 INFO  Test outcome reason: Test execution disabled due to #792 (instable)
15:06:35 INFO  
</system-out>
	</testcase>
</testsuite><testsuite name="monitoring_with_simulated_messages" tests="1" errors="0" failures="0" skipped="1" time="0"><testcase classname="MonitoringWithSimulatedMessages" name="monitoring_with_simulated_messages">
		<skipped message="SKIPPED: Fails due to retained message" />
		<system-out>15:06:35 INFO  ==============================================================
15:06:35 INFO  Id:    monitoring_with_simulated_messages
15:06:35 INFO  Dir:   monitoring/
15:06:35 INFO  Title: Validate the tedge dm agent messages that are produced from the simulated collectd messages
15:06:35 INFO  ==============================================================
15:06:35 INFO  Fails due to retained message ... skipped
15:06:35 INFO  
15:06:35 INFO  Test duration: 0.03 secs
15:06:35 INFO  Test final outcome:  SKIPPED
15:06:35 INFO  Test outcome reason: Fails due to retained message
15:06:35 INFO  
</system-out>
	</testcase>
</testsuite><testsuite name="mqtt_port_change_connection_fails" tests="1" errors="0" failures="0" skipped="0" time="0"><testcase classname="MqttPortChangeConnectionFails" name="mqtt_port_change_connection_fails" />
</testsuite><testsuite name="mqtt_port_change_connection_works" tests="1" errors="0" failures="0" skipped="1" time="0"><testcase classname="MqttPortChangeConnectionWorks" name="mqtt_port_change_connection_works">
		<skipped message="SKIPPED: failing intermitently" />
		<system-out>15:05:40 INFO  ==============================================================
15:05:40 INFO  Id:    mqtt_port_change_connection_works
15:05:40 INFO  Dir:   misc_features/
15:05:40 INFO  Title: mqtt port change connection works for all the thin-edge services that use the mosquitto broker
15:05:40 INFO  ==============================================================
15:05:40 INFO  failing intermitently ... skipped
15:05:40 INFO  
15:05:40 INFO  Test duration: 0.02 secs
15:05:40 INFO  Test final outcome:  SKIPPED
15:05:40 INFO  Test outcome reason: failing intermitently
15:05:40 INFO  
</system-out>
	</testcase>
</testsuite><testsuite name="mqtt_port_set" tests="1" errors="0" failures="0" skipped="0" time="0"><testcase classname="MqttPortSet" name="mqtt_port_set" />
</testsuite><testsuite name="mqtt_port_unset" tests="1" errors="0" failures="0" skipped="0" time="0"><testcase classname="MqttPortUnSet" name="mqtt_port_unset" />
</testsuite><testsuite name="publish_flux" tests="1" errors="0" failures="0" skipped="0" time="0"><testcase classname="PublishFlux" name="publish_flux" />
</testsuite><testsuite name="publish_sawmill" tests="1" errors="0" failures="0" skipped="0" time="0"><testcase classname="PublishSawmill" name="publish_sawmill" />
</testsuite><testsuite name="pysys_block" tests="1" errors="0" failures="0" skipped="1" time="0"><testcase classname="Fail" name="pysys_block">
		<skipped message="SKIPPED: Enable this to observe a blocking test" />
		<system-out>15:06:04 INFO  ==============================================================
15:06:04 INFO  Id:    pysys_block
15:06:04 INFO  Dir:   misc_features/
15:06:04 INFO  Title: fail
15:06:04 INFO  ==============================================================
15:06:04 INFO  Enable this to observe a blocking test ... skipped
15:06:04 INFO  
15:06:04 INFO  Test duration: 0.02 secs
15:06:04 INFO  Test final outcome:  SKIPPED
15:06:04 INFO  Test outcome reason: Enable this to observe a blocking test
15:06:04 INFO  
</system-out>
	</testcase>
</testsuite><testsuite name="pysys_fail" tests="1" errors="0" failures="0" skipped="1" time="0"><testcase classname="Fail" name="pysys_fail">
		<skipped message="SKIPPED: Enable this to observe a failing test" />
		<system-out>15:06:04 INFO  ==============================================================
15:06:04 INFO  Id:    pysys_fail
15:06:04 INFO  Dir:   misc_features/
15:06:04 INFO  Title: fail
15:06:04 INFO  ==============================================================
15:06:04 INFO  Enable this to observe a failing test ... skipped
15:06:04 INFO  
15:06:04 INFO  Test duration: 0.04 secs
15:06:04 INFO  Test final outcome:  SKIPPED
15:06:04 INFO  Test outcome reason: Enable this to observe a failing test
15:06:04 INFO  
</system-out>
	</testcase>
</testsuite><testsuite name="runtime_start_two_mappers" tests="1" errors="0" failures="1" skipped="0" time="0"><testcase classname="RuntimeMultiMappers" name="runtime_start_two_mappers">
		<failure message="FAILED: Grep on tedge_mapper2.err contains &quot;Error: Couldn't acquire file lock.&quot;" type="FAILED" />
		<system-out>15:20:05 INFO  ==============================================================
15:20:05 INFO  Id:    runtime_start_two_mappers
15:20:05 INFO  Dir:   tedge_mapper_c8y/
15:20:05 INFO  Title: Validate two mappers can't be started at the same time
15:20:05 INFO  ==============================================================
15:20:06 INFO  Executed sudo&lt;tedge_mapper1&gt;, exit status 0
15:20:06 INFO  Waiting for 0.1 seconds
15:20:07 INFO  Executed sudo&lt;tedge_mapper2&gt;, exit status 1
15:20:07 INFO  Executed sudo&lt;tedge_mapper1&gt;, exit status 0
15:20:07 WARN  Grep on tedge_mapper2.err contains "Error: Couldn't acquire file lock." ... failed [run.py:46]
15:20:07 INFO  
15:20:07 INFO  Test duration: 1.75 secs
15:20:07 INFO  Test final outcome:  FAILED
15:20:07 INFO  Test outcome reason: Grep on tedge_mapper2.err contains "Error: Couldn't acquire file lock."
15:20:07 INFO  
</system-out>
	</testcase>
</testsuite><testsuite name="sm_tedge_mapper_init_session" tests="1" errors="0" failures="0" skipped="0" time="0"><testcase classname="TedgeSMMapperInitSession" name="sm_tedge_mapper_init_session" />
</testsuite><testsuite name="smoketest_json" tests="1" errors="0" failures="0" skipped="0" time="0"><testcase classname="SmokeTestJson" name="smoketest_json" />
</testsuite><testsuite name="smoketest_json_400_samples_10ms" tests="1" errors="0" failures="0" skipped="0" time="0"><testcase classname="SmoketestJson400Samples10ms" name="smoketest_json_400_samples_10ms" />
</testsuite><testsuite name="smoketest_json_400_samples_20ms" tests="1" errors="0" failures="0" skipped="0" time="0"><testcase classname="SmoketestJson400Samples20ms" name="smoketest_json_400_samples_20ms" />
</testsuite><testsuite name="smoketest_smartrest" tests="1" errors="0" failures="0" skipped="0" time="0"><testcase classname="SmoketestSmartRest" name="smoketest_smartrest" />
</testsuite><testsuite name="smoketest_smartrest_200_samples_1Xms" tests="1" errors="0" failures="0" skipped="0" time="0"><testcase classname="SmoketestSmartRest200Samples1Xms" name="smoketest_smartrest_200_samples_1Xms" />
</testsuite><testsuite name="smoketest_smartrest_200_samples_20ms" tests="1" errors="0" failures="0" skipped="0" time="0"><testcase classname="SmoketestSmartRest200Samples20ms" name="smoketest_smartrest_200_samples_20ms" />
</testsuite><testsuite name="tedge_agent_user_sudo_access" tests="1" errors="0" failures="0" skipped="1" time="0"><testcase classname="TedgeAgentUserSudoAccess" name="tedge_agent_user_sudo_access">
		<skipped message="SKIPPED: #955 Observation: Exit code of the apt plugin when called with no arguments" />
		<system-out>15:16:50 INFO  ==============================================================
15:16:50 INFO  Id:    tedge_agent_user_sudo_access
15:16:50 INFO  Dir:   tedge/
15:16:50 INFO  Title: Validate tedge-agent user has a limited sudo right
15:16:50 INFO  ==============================================================
15:16:50 INFO  #955 Observation: Exit code of the apt plugin when called with no arguments ... skipped
15:16:50 INFO  
15:16:50 INFO  Test duration: 0.02 secs
15:16:51 INFO  Test final outcome:  SKIPPED
15:16:51 INFO  Test outcome reason: #955 Observation: Exit code of the apt plugin when called with no arguments
15:16:51 INFO  
</system-out>
	</testcase>
</testsuite><testsuite name="tedge_connect_test_negative" tests="1" errors="0" failures="0" skipped="0" time="0"><testcase classname="TedgeConnectTestNegative" name="tedge_connect_test_negative" />
</testsuite><testsuite name="tedge_connect_test_positive" tests="1" errors="0" failures="0" skipped="0" time="0"><testcase classname="TedgeConnectTestPositive" name="tedge_connect_test_positive" />
</testsuite><testsuite name="tedge_connect_test_sm_services" tests="1" errors="0" failures="0" skipped="0" time="0"><testcase classname="TedgeConnectTestSMServices" name="tedge_connect_test_sm_services" />
</testsuite><testsuite name="tedge_disconnect_test_sm_services" tests="1" errors="0" failures="0" skipped="0" time="0"><testcase classname="TedgeDisConnectTestSMServices" name="tedge_disconnect_test_sm_services" />
</testsuite><testsuite name="tedge_mapper_az_negative" tests="1" errors="0" failures="0" skipped="0" time="0"><testcase classname="TedgeMapperAzError" name="tedge_mapper_az_negative" />
</testsuite><testsuite name="tedge_mapper_az_with_timestamp" tests="1" errors="0" failures="0" skipped="0" time="0"><testcase classname="TedgeMapperAzWithTimestamp" name="tedge_mapper_az_with_timestamp" />
</testsuite><testsuite name="tedge_mapper_az_without_timestamp" tests="1" errors="0" failures="0" skipped="0" time="0"><testcase classname="TedgeMapperAzWithoutTimestamp" name="tedge_mapper_az_without_timestamp" />
</testsuite><testsuite name="tedge_mapper_c8y_alarms" tests="1" errors="0" failures="0" skipped="0" time="0"><testcase classname="TedgeMapperC8yAlarm" name="tedge_mapper_c8y_alarms" />
</testsuite><testsuite name="tedge_mapper_c8y_child_device_measurement" tests="1" errors="0" failures="0" skipped="0" time="0"><testcase classname="TedgeMapperC8yChildDevice" name="tedge_mapper_c8y_child_device_measurement" />
</testsuite><testsuite name="tedge_mapper_c8y_packet_threshold_size" tests="1" errors="0" failures="0" skipped="0" time="0"><testcase classname="TedgeMapperC8yThresholdPacketSize" name="tedge_mapper_c8y_packet_threshold_size" />
</testsuite><testsuite name="tedge_software_update" tests="1" errors="0" failures="0" skipped="0" time="0"><testcase classname="PySysTest" name="tedge_software_update" />
</testsuite><testsuite name="valid_device_id" tests="1" errors="0" failures="0" skipped="0" time="0"><testcase classname="ValidateValidDeviceId" name="valid_device_id" />
</testsuite></testsuites>