<?xml version='1.0' encoding='utf-8'?>
<testsuites tests="149" failures="11" errors="0" skipped="54" time="0.0"><testsuite name="SoftwareManagement.Plugin.apama_plugin_install" tests="3" errors="0" failures="0" skipped="1" time="0"><testcase classname="ApamaPluginInstallTest" name="SoftwareManagement.Plugin.apama_plugin_install">
		<skipped message="SKIPPED: Apama plugin tests are disabled by default. Execute `pysys run` with `-XmyPlatform=container` to run these tests" />
		<system-out>09:09:03 INFO  ==============================================================
09:09:03 INFO  Id:    SoftwareManagement.Plugin.apama_plugin_install
09:09:03 INFO  Dir:   plugin_apama/
09:09:03 INFO  Title: Validate apama plugin install
09:09:03 INFO  ==============================================================
09:09:03 INFO  Apama plugin tests are disabled by default. Execute `pysys run` with `-XmyPlatform=container` to run these tests ... skipped
09:09:03 WARN  Aborted test due to SKIPPED outcome
09:09:03 INFO  
09:09:03 INFO  Test duration: 0.04 secs
09:09:03 INFO  Test final outcome:  SKIPPED
09:09:03 INFO  Test outcome reason: Apama plugin tests are disabled by default. Execute `pysys run` with `-XmyPlatform=container` to run these tests
09:09:03 INFO  
</system-out>
	</testcase>
<testcase classname="ApamaPluginInstallTest" name="SoftwareManagement.Plugin.apama_plugin_install" />
<testcase classname="ApamaPluginInstallTest" name="SoftwareManagement.Plugin.apama_plugin_install" />
</testsuite><testsuite name="SoftwareManagement.Plugin.apama_plugin_mon_support" tests="3" errors="0" failures="0" skipped="1" time="0"><testcase classname="ApamaPluginMonSupportTest" name="SoftwareManagement.Plugin.apama_plugin_mon_support">
		<skipped message="SKIPPED: Apama plugin tests are disabled by default. Execute `pysys run` with `-XmyPlatform=container` to run these tests" />
		<system-out>09:09:03 INFO  ==============================================================
09:09:03 INFO  Id:    SoftwareManagement.Plugin.apama_plugin_mon_support
09:09:03 INFO  Dir:   plugin_apama/
09:09:03 INFO  Title: Validate mon file support of apama plugin
09:09:03 INFO  ==============================================================
09:09:03 INFO  Apama plugin tests are disabled by default. Execute `pysys run` with `-XmyPlatform=container` to run these tests ... skipped
09:09:03 WARN  Aborted test due to SKIPPED outcome
09:09:03 INFO  
09:09:03 INFO  Test duration: 0.02 secs
09:09:03 INFO  Test final outcome:  SKIPPED
09:09:03 INFO  Test outcome reason: Apama plugin tests are disabled by default. Execute `pysys run` with `-XmyPlatform=container` to run these tests
09:09:03 INFO  
</system-out>
	</testcase>
<testcase classname="ApamaPluginMonSupportTest" name="SoftwareManagement.Plugin.apama_plugin_mon_support" />
<testcase classname="ApamaPluginMonSupportTest" name="SoftwareManagement.Plugin.apama_plugin_mon_support" />
</testsuite><testsuite name="SoftwareManagement.Plugin.apama_plugin_remove" tests="3" errors="0" failures="0" skipped="1" time="0"><testcase classname="ApamaPluginRemoveTest" name="SoftwareManagement.Plugin.apama_plugin_remove">
		<skipped message="SKIPPED: Apama plugin tests are disabled by default. Execute `pysys run` with `-XmyPlatform=container` to run these tests" />
		<system-out>09:09:03 INFO  ==============================================================
09:09:03 INFO  Id:    SoftwareManagement.Plugin.apama_plugin_remove
09:09:03 INFO  Dir:   plugin_apama/
09:09:03 INFO  Title: Validate apama plugin remove
09:09:03 INFO  ==============================================================
09:09:03 INFO  Apama plugin tests are disabled by default. Execute `pysys run` with `-XmyPlatform=container` to run these tests ... skipped
09:09:03 WARN  Aborted test due to SKIPPED outcome
09:09:03 INFO  
09:09:03 INFO  Test duration: 0.02 secs
09:09:03 INFO  Test final outcome:  SKIPPED
09:09:03 INFO  Test outcome reason: Apama plugin tests are disabled by default. Execute `pysys run` with `-XmyPlatform=container` to run these tests
09:09:03 INFO  
</system-out>
	</testcase>
<testcase classname="ApamaPluginRemoveTest" name="SoftwareManagement.Plugin.apama_plugin_remove" />
<testcase classname="ApamaPluginRemoveTest" name="SoftwareManagement.Plugin.apama_plugin_remove" />
</testsuite><testsuite name="SoftwareManagement.Plugin.apama_plugin_update" tests="3" errors="0" failures="0" skipped="3" time="0"><testcase classname="ApamaPluginUpdateTest" name="SoftwareManagement.Plugin.apama_plugin_update">
		<skipped message="SKIPPED: Test execution disabled due to #1052" />
		<system-out>09:09:04 INFO  ==============================================================
09:09:04 INFO  Id:    SoftwareManagement.Plugin.apama_plugin_update
09:09:04 INFO  Dir:   plugin_apama/
09:09:04 INFO  Title: Validate apama plugin updating one project with another
09:09:04 INFO  ==============================================================
09:09:04 INFO  Test execution disabled due to #1052 ... skipped
09:09:04 INFO  
09:09:04 INFO  Test duration: 0.02 secs
09:09:04 INFO  Test final outcome:  SKIPPED
09:09:04 INFO  Test outcome reason: Test execution disabled due to #1052
09:09:04 INFO  
</system-out>
	</testcase>
<testcase classname="ApamaPluginUpdateTest" name="SoftwareManagement.Plugin.apama_plugin_update">
		<skipped message="SKIPPED: Test execution disabled due to #1052" />
		<system-out>10:01:04 INFO  ==============================================================
10:01:04 INFO  Id:    SoftwareManagement.Plugin.apama_plugin_update
10:01:04 INFO  Dir:   plugin_apama/
10:01:04 INFO  Title: Validate apama plugin updating one project with another
10:01:04 INFO  ==============================================================
10:01:04 INFO  Test execution disabled due to #1052 ... skipped
10:01:04 INFO  
10:01:04 INFO  Test duration: 0.02 secs
10:01:04 INFO  Test final outcome:  SKIPPED
10:01:04 INFO  Test outcome reason: Test execution disabled due to #1052
10:01:04 INFO  
</system-out>
	</testcase>
<testcase classname="ApamaPluginUpdateTest" name="SoftwareManagement.Plugin.apama_plugin_update">
		<skipped message="SKIPPED: Test execution disabled due to #1052" />
		<system-out>10:09:42 INFO  ==============================================================
10:09:42 INFO  Id:    SoftwareManagement.Plugin.apama_plugin_update
10:09:42 INFO  Dir:   plugin_apama/
10:09:42 INFO  Title: Validate apama plugin updating one project with another
10:09:42 INFO  ==============================================================
10:09:42 INFO  Test execution disabled due to #1052 ... skipped
10:09:42 INFO  
10:09:42 INFO  Test duration: 0.04 secs
10:09:42 INFO  Test final outcome:  SKIPPED
10:09:42 INFO  Test outcome reason: Test execution disabled due to #1052
10:09:42 INFO  
</system-out>
	</testcase>
</testsuite><testsuite name="SoftwareManagement.sm_apt_install_download_path" tests="3" errors="0" failures="2" skipped="1" time="0"><testcase classname="AptInstallWithDownloadPath" name="SoftwareManagement.sm_apt_install_download_path">
		<skipped message="SKIPPED: Testing the apt plugin is not supported on this platform.Use parameter -XmyPlatform='container' to enable it" />
		<system-out>09:18:47 INFO  ==============================================================
09:18:47 INFO  Id:    SoftwareManagement.sm_apt_install_download_path
09:18:47 INFO  Dir:   software_management_end_to_end/
09:18:47 INFO  Title: Install package to directory specified in tedge config set tmp.path
09:18:47 INFO  ==============================================================
09:18:47 INFO  Testing the apt plugin is not supported on this platform.Use parameter -XmyPlatform='container' to enable it ... skipped
09:18:47 WARN  Aborted test due to SKIPPED outcome
09:18:47 INFO  
09:18:47 INFO  Test duration: 0.06 secs
09:18:47 INFO  Test final outcome:  SKIPPED
09:18:47 INFO  Test outcome reason: Testing the apt plugin is not supported on this platform.Use parameter -XmyPlatform='container' to enable it
09:18:47 INFO  
</system-out>
	</testcase>
<testcase classname="AptInstallWithDownloadPath" name="SoftwareManagement.sm_apt_install_download_path">
		<failure message="BLOCKED: AssertionError:" type="BLOCKED" />
		<system-out>09:42:40 INFO  ==============================================================
09:42:40 INFO  Id:    SoftwareManagement.sm_apt_install_download_path
09:42:40 INFO  Dir:   software_management_end_to_end/
09:42:40 INFO  Title: Install package to directory specified in tedge config set tmp.path
09:42:40 INFO  ==============================================================
09:42:41 INFO  Using sw id database: {'asciijump': '5475369', 'robotfindskitten': '5474869', 'squirrel3': '5475279', 'rolldice': '5152439', 'moon-buggy': '5439204', 'apple': '5495053', 'banana': '5494888', 'cherry': '5495382', 'watermelon': '5494510', 'registry': '8018911', 'hello-world': '8021526', 'docker/getting-started': '8021973', 'alpine': '7991792'}
09:42:41 INFO  EnvironmentC8y Setup
09:42:41 INFO  Executed systemctl&lt;serv_mapper1&gt;, exit status 3
09:42:56 INFO  Executed sudo&lt;tedge_connect_c8y&gt;, exit status 0, duration 14 secs
09:42:58 INFO  Executed sudo&lt;tedge_connect_c8y_test&gt;, exit status 0
09:42:59 INFO  Executed systemctl&lt;serv_mosq2&gt;, exit status 0
09:42:59 INFO  Executed systemctl&lt;serv_mapper3&gt;, exit status 0
09:43:02 ERROR No operations found, assuming it passed
09:43:02 INFO  Assert that (False == value) with value=False ... passed
09:43:03 INFO  Executed sudo, exit status 0
09:43:03 INFO  Executed sudo, exit status 0
09:43:04 INFO  Executed sudo, exit status 0
09:43:08 INFO  Executed sudo&lt;tedge_disconnect_c8y&gt;, exit status 0
09:43:08 INFO  Restarting mosquitto too frequently in the last 10 seconds. It was only up for 3 seconds
09:43:08 INFO  Delaying execution by 8 seconds
09:43:30 INFO  Executed sudo&lt;tedge_connect_c8y&gt;, exit status 0, duration 13 secs
09:43:30 INFO  Response status: 201
09:43:30 INFO  Response to action: {
    "creationTime": "2022-05-30T09:43:30.326Z",
    "deviceId": "19787672",
    "deviceName": "mythicb",
    "self": "https://t493319102.eu-latest.cumulocity.com/devicecontrol/operations/19797717",
    "id": "19797717",
    "status": "PENDING",
    "description": "Apply software changes, triggered from PySys: [{'name': 'rolldice', 'id': '5152439', 'version': '::apt', 'url': 'https://thin-edge-io.eu-latest.cumulocity.com/inventory/binaries/12435463', 'action': 'install'}]",
    "c8y_SoftwareUpdate": [
        {
            "name": "rolldice",
            "action": "install",
            "id": "5152439",
            "version": "::apt",
            "url": "https://thin-edge-io.eu-latest.cumulocity.com/inventory/binaries/12435463"
        }
    ]
}
09:43:30 INFO  Started operation: {'creationTime': '2022-05-30T09:43:30.326Z', 'deviceId': '19787672', 'deviceName': 'mythicb', 'self': 'https://t493319102.eu-latest.cumulocity.com/devicecontrol/operations/19797717', 'id': '19797717', 'status': 'PENDING', 'description': "Apply software changes, triggered from PySys: [{'name': 'rolldice', 'id': '5152439', 'version': '::apt', 'url': 'https://thin-edge-io.eu-latest.cumulocity.com/inventory/binaries/12435463', 'action': 'install'}]", 'c8y_SoftwareUpdate': [{'name': 'rolldice', 'action': 'install', 'id': '5152439', 'version': '::apt', 'url': 'https://thin-edge-io.eu-latest.cumulocity.com/inventory/binaries/12435463'}]}
09:43:30 WARN  , retrying in 0.5 seconds...
09:43:30 WARN  , retrying in 0.5 seconds...
09:43:31 WARN  , retrying in 0.5 seconds...
09:43:31 WARN  , retrying in 0.5 seconds...
09:43:32 WARN  , retrying in 0.5 seconds...
09:43:32 WARN  , retrying in 0.5 seconds...
09:43:33 WARN  , retrying in 0.5 seconds...
09:43:33 WARN  , retrying in 0.5 seconds...
09:43:34 WARN  , retrying in 0.5 seconds...
09:43:34 WARN  AssertionError occurred while running test - 
Traceback (most recent call last):
  File "/home/pi/env-pysys/lib/python3.7/site-packages/pysys/baserunner.py", line 1294, in __call__
    self.testObj.execute()
  File "/home/pi/actions-runner/_work/thin-edge.io/thin-edge.io/tests/PySys/software_management_end_to_end/sm_apt_install_download_path/run.py", line 83, in execute
    assert_install_in_download_path(install_directory=self.DOWNLOAD_DIR)
  File "/home/pi/env-pysys/lib/python3.7/site-packages/decorator.py", line 232, in fun
    return caller(func, *(extras + args), **kw)
  File "/home/pi/env-pysys/lib/python3.7/site-packages/retry/api.py", line 74, in retry_decorator
    logger)
  File "/home/pi/env-pysys/lib/python3.7/site-packages/retry/api.py", line 33, in __retry_internal
    return f()
  File "/home/pi/actions-runner/_work/thin-edge.io/thin-edge.io/tests/PySys/software_management_end_to_end/sm_apt_install_download_path/run.py", line 28, in assert_install_in_download_path
    assert "rolldice" in os.listdir(f"{install_directory}")
AssertionError
09:43:35 WARN  AssertionError: ... blocked 
09:43:35 INFO  
09:43:35 INFO  cleanup:
09:43:36 INFO  Executed sudo, exit status 0
09:43:36 INFO  Executed sudo, exit status 0
09:43:41 INFO  Executed sudo&lt;tedge_disconnect_c8y&gt;, exit status 0
09:43:41 INFO  Restarting mosquitto too frequently in the last 10 seconds. It was only up for 4 seconds
09:43:41 INFO  Delaying execution by 7 seconds
09:44:02 INFO  Executed sudo&lt;tedge_connect_c8y&gt;, exit status 0, duration 14 secs
09:44:07 INFO  Executed sudo&lt;tedge_disconnect_c8y&gt;, exit status 0
09:44:07 INFO  Executed systemctl&lt;serv_mapper5&gt;, exit status 3
09:44:07 INFO  
09:44:07 INFO  Test duration: 86.83 secs
09:44:07 INFO  Test final outcome:  BLOCKED
09:44:07 INFO  Test outcome reason: AssertionError:
09:44:07 INFO  
</system-out>
	</testcase>
<testcase classname="AptInstallWithDownloadPath" name="SoftwareManagement.sm_apt_install_download_path">
		<failure message="BLOCKED: AssertionError:" type="BLOCKED" />
		<system-out>10:09:42 INFO  ==============================================================
10:09:42 INFO  Id:    SoftwareManagement.sm_apt_install_download_path
10:09:42 INFO  Dir:   software_management_end_to_end/
10:09:42 INFO  Title: Install package to directory specified in tedge config set tmp.path
10:09:42 INFO  ==============================================================
10:09:44 INFO  Using sw id database: {'asciijump': '5475369', 'robotfindskitten': '5474869', 'squirrel3': '5475279', 'rolldice': '5152439', 'moon-buggy': '5439204', 'apple': '5495053', 'banana': '5494888', 'cherry': '5495382', 'watermelon': '5494510', 'registry': '8018911', 'hello-world': '8021526', 'docker/getting-started': '8021973', 'alpine': '7991792'}
10:09:44 INFO  EnvironmentC8y Setup
10:09:44 INFO  Executed systemctl&lt;serv_mapper1&gt;, exit status 3
10:09:58 INFO  Executed sudo&lt;tedge_connect_c8y&gt;, exit status 0, duration 14 secs
10:09:59 INFO  Executed sudo&lt;tedge_connect_c8y_test&gt;, exit status 0
10:10:00 INFO  Executed systemctl&lt;serv_mosq2&gt;, exit status 0
10:10:00 INFO  Executed systemctl&lt;serv_mapper3&gt;, exit status 0
10:10:02 INFO  State of current operation: SUCCESSFUL
10:10:03 INFO  Assert that (False == value) with value=False ... passed
10:10:03 INFO  Executed sudo, exit status 0
10:10:04 INFO  Executed sudo, exit status 0
10:10:04 INFO  Executed sudo, exit status 0
10:10:09 INFO  Executed sudo&lt;tedge_disconnect_c8y&gt;, exit status 0
10:10:09 INFO  Restarting mosquitto too frequently in the last 10 seconds. It was only up for 4 seconds
10:10:09 INFO  Delaying execution by 7 seconds
10:10:30 INFO  Executed sudo&lt;tedge_connect_c8y&gt;, exit status 0, duration 14 secs
10:10:30 INFO  Response status: 201
10:10:30 INFO  Response to action: {
    "delivery": {
        "log": [],
        "time": "2022-05-30T10:10:30.878Z",
        "status": "PENDING"
    },
    "creationTime": "2022-05-30T10:10:30.860Z",
    "deviceId": "19787672",
    "deviceName": "mythicb",
    "self": "https://t493319102.eu-latest.cumulocity.com/devicecontrol/operations/19797949",
    "id": "19797949",
    "status": "PENDING",
    "description": "Apply software changes, triggered from PySys: [{'name': 'rolldice', 'id': '5152439', 'version': '::apt', 'url': 'https://thin-edge-io.eu-latest.cumulocity.com/inventory/binaries/12435463', 'action': 'install'}]",
    "c8y_SoftwareUpdate": [
        {
            "name": "rolldice",
            "action": "install",
            "id": "5152439",
            "version": "::apt",
            "url": "https://thin-edge-io.eu-latest.cumulocity.com/inventory/binaries/12435463"
        }
    ]
}
10:10:30 INFO  Started operation: {'delivery': {'log': [], 'time': '2022-05-30T10:10:30.878Z', 'status': 'PENDING'}, 'creationTime': '2022-05-30T10:10:30.860Z', 'deviceId': '19787672', 'deviceName': 'mythicb', 'self': 'https://t493319102.eu-latest.cumulocity.com/devicecontrol/operations/19797949', 'id': '19797949', 'status': 'PENDING', 'description': "Apply software changes, triggered from PySys: [{'name': 'rolldice', 'id': '5152439', 'version': '::apt', 'url': 'https://thin-edge-io.eu-latest.cumulocity.com/inventory/binaries/12435463', 'action': 'install'}]", 'c8y_SoftwareUpdate': [{'name': 'rolldice', 'action': 'install', 'id': '5152439', 'version': '::apt', 'url': 'https://thin-edge-io.eu-latest.cumulocity.com/inventory/binaries/12435463'}]}
10:10:30 WARN  , retrying in 0.5 seconds...
10:10:31 WARN  , retrying in 0.5 seconds...
10:10:31 WARN  , retrying in 0.5 seconds...
10:10:32 WARN  , retrying in 0.5 seconds...
10:10:32 WARN  , retrying in 0.5 seconds...
10:10:33 WARN  , retrying in 0.5 seconds...
10:10:33 WARN  , retrying in 0.5 seconds...
10:10:34 WARN  , retrying in 0.5 seconds...
10:10:34 WARN  , retrying in 0.5 seconds...
10:10:35 WARN  AssertionError occurred while running test - 
Traceback (most recent call last):
  File "/home/pi/env-pysys/lib/python3.7/site-packages/pysys/baserunner.py", line 1294, in __call__
    self.testObj.execute()
  File "/home/pi/actions-runner/_work/thin-edge.io/thin-edge.io/tests/PySys/software_management_end_to_end/sm_apt_install_download_path/run.py", line 83, in execute
    assert_install_in_download_path(install_directory=self.DOWNLOAD_DIR)
  File "/home/pi/env-pysys/lib/python3.7/site-packages/decorator.py", line 232, in fun
    return caller(func, *(extras + args), **kw)
  File "/home/pi/env-pysys/lib/python3.7/site-packages/retry/api.py", line 74, in retry_decorator
    logger)
  File "/home/pi/env-pysys/lib/python3.7/site-packages/retry/api.py", line 33, in __retry_internal
    return f()
  File "/home/pi/actions-runner/_work/thin-edge.io/thin-edge.io/tests/PySys/software_management_end_to_end/sm_apt_install_download_path/run.py", line 28, in assert_install_in_download_path
    assert "rolldice" in os.listdir(f"{install_directory}")
AssertionError
10:10:35 WARN  AssertionError: ... blocked 
10:10:35 INFO  
10:10:35 INFO  cleanup:
10:10:36 INFO  Executed sudo, exit status 0
10:10:37 INFO  Executed sudo, exit status 0
10:10:42 INFO  Executed sudo&lt;tedge_disconnect_c8y&gt;, exit status 0
10:10:42 INFO  Restarting mosquitto too frequently in the last 10 seconds. It was only up for 4 seconds
10:10:42 INFO  Delaying execution by 7 seconds
10:11:03 INFO  Executed sudo&lt;tedge_connect_c8y&gt;, exit status 0, duration 14 secs
10:11:07 INFO  Executed sudo&lt;tedge_disconnect_c8y&gt;, exit status 0
10:11:08 INFO  Executed systemctl&lt;serv_mapper5&gt;, exit status 3
10:11:08 INFO  
10:11:08 INFO  Test duration: 85.16 secs
10:11:08 INFO  Test final outcome:  BLOCKED
10:11:08 INFO  Test outcome reason: AssertionError:
10:11:08 INFO  
</system-out>
	</testcase>
</testsuite><testsuite name="SoftwareManagement.sm_apt_install_fail" tests="3" errors="0" failures="0" skipped="1" time="0"><testcase classname="PySysTest" name="SoftwareManagement.sm_apt_install_fail">
		<skipped message="SKIPPED: Testing the apt plugin is not supported on this platform.Use parameter -XmyPlatform='container' to enable it" />
		<system-out>09:18:47 INFO  ==============================================================
09:18:47 INFO  Id:    SoftwareManagement.sm_apt_install_fail
09:18:47 INFO  Dir:   software_management_end_to_end/
09:18:47 INFO  Title: Validate end to end behaviour for a failing installation
09:18:47 INFO  ==============================================================
09:18:47 INFO  Testing the apt plugin is not supported on this platform.Use parameter -XmyPlatform='container' to enable it ... skipped
09:18:47 WARN  Aborted test due to SKIPPED outcome
09:18:48 INFO  
09:18:48 INFO  Test duration: 0.02 secs
09:18:48 INFO  Test final outcome:  SKIPPED
09:18:48 INFO  Test outcome reason: Testing the apt plugin is not supported on this platform.Use parameter -XmyPlatform='container' to enable it
09:18:48 INFO  
</system-out>
	</testcase>
<testcase classname="PySysTest" name="SoftwareManagement.sm_apt_install_fail" />
<testcase classname="PySysTest" name="SoftwareManagement.sm_apt_install_fail" />
</testsuite><testsuite name="SoftwareManagement.sm_apt_install_remove" tests="3" errors="0" failures="0" skipped="1" time="0"><testcase classname="PySysTest" name="SoftwareManagement.sm_apt_install_remove">
		<skipped message="SKIPPED: Testing the apt plugin is not supported on this platform.Use parameter -XmyPlatform='container' to enable it" />
		<system-out>09:18:48 INFO  ==============================================================
09:18:48 INFO  Id:    SoftwareManagement.sm_apt_install_remove
09:18:48 INFO  Dir:   software_management_end_to_end/
09:18:48 INFO  Title: Validate end to end behaviour for the apt plugin for installation and removal of packages
09:18:48 INFO  ==============================================================
09:18:48 INFO  Testing the apt plugin is not supported on this platform.Use parameter -XmyPlatform='container' to enable it ... skipped
09:18:48 WARN  Aborted test due to SKIPPED outcome
09:18:48 INFO  
09:18:48 INFO  Test duration: 0.02 secs
09:18:48 INFO  Test final outcome:  SKIPPED
09:18:48 INFO  Test outcome reason: Testing the apt plugin is not supported on this platform.Use parameter -XmyPlatform='container' to enable it
09:18:48 INFO  
</system-out>
	</testcase>
<testcase classname="PySysTest" name="SoftwareManagement.sm_apt_install_remove" />
<testcase classname="PySysTest" name="SoftwareManagement.sm_apt_install_remove" />
</testsuite><testsuite name="SoftwareManagement.sm_apt_install_remove_default" tests="3" errors="0" failures="0" skipped="1" time="0"><testcase classname="PySysTest" name="SoftwareManagement.sm_apt_install_remove_default">
		<skipped message="SKIPPED: Testing the apt plugin is not supported on this platform.Use parameter -XmyPlatform='container' to enable it" />
		<system-out>09:18:48 INFO  ==============================================================
09:18:48 INFO  Id:    SoftwareManagement.sm_apt_install_remove_default
09:18:48 INFO  Dir:   software_management_end_to_end/
09:18:48 INFO  Title: Validate end to end behaviour for the default plugin for installation and removal of packages
09:18:48 INFO  ==============================================================
09:18:48 INFO  Testing the apt plugin is not supported on this platform.Use parameter -XmyPlatform='container' to enable it ... skipped
09:18:48 WARN  Aborted test due to SKIPPED outcome
09:18:48 INFO  
09:18:48 INFO  Test duration: 0.06 secs
09:18:48 INFO  Test final outcome:  SKIPPED
09:18:48 INFO  Test outcome reason: Testing the apt plugin is not supported on this platform.Use parameter -XmyPlatform='container' to enable it
09:18:48 INFO  
</system-out>
	</testcase>
<testcase classname="PySysTest" name="SoftwareManagement.sm_apt_install_remove_default" />
<testcase classname="PySysTest" name="SoftwareManagement.sm_apt_install_remove_default" />
</testsuite><testsuite name="SoftwareManagement.sm_apt_install_remove_multiple" tests="3" errors="0" failures="2" skipped="1" time="0"><testcase classname="PySysTest" name="SoftwareManagement.sm_apt_install_remove_multiple">
		<skipped message="SKIPPED: Testing the apt plugin is not supported on this platform.Use parameter -XmyPlatform='container' to enable it" />
		<system-out>09:18:48 INFO  ==============================================================
09:18:48 INFO  Id:    SoftwareManagement.sm_apt_install_remove_multiple
09:18:48 INFO  Dir:   software_management_end_to_end/
09:18:48 INFO  Title: Validate end to end behaviour for the apt plugin for multiple packages
09:18:48 INFO  ==============================================================
09:18:48 INFO  Testing the apt plugin is not supported on this platform.Use parameter -XmyPlatform='container' to enable it ... skipped
09:18:48 WARN  Aborted test due to SKIPPED outcome
09:18:48 INFO  
09:18:48 INFO  Test duration: 0.04 secs
09:18:48 INFO  Test final outcome:  SKIPPED
09:18:48 INFO  Test outcome reason: Testing the apt plugin is not supported on this platform.Use parameter -XmyPlatform='container' to enable it
09:18:48 INFO  
</system-out>
	</testcase>
<testcase classname="PySysTest" name="SoftwareManagement.sm_apt_install_remove_multiple">
		<failure message="FAILED: Assert that (False == value) with value=True" type="FAILED" />
		<system-out>09:51:04 INFO  ==============================================================
09:51:04 INFO  Id:    SoftwareManagement.sm_apt_install_remove_multiple
09:51:04 INFO  Dir:   software_management_end_to_end/
09:51:04 INFO  Title: Validate end to end behaviour for the apt plugin for multiple packages
09:51:04 INFO  ==============================================================
09:51:04 INFO  Using sw id database: {'asciijump': '5475369', 'robotfindskitten': '5474869', 'squirrel3': '5475279', 'rolldice': '5152439', 'moon-buggy': '5439204', 'apple': '5495053', 'banana': '5494888', 'cherry': '5495382', 'watermelon': '5494510', 'registry': '8018911', 'hello-world': '8021526', 'docker/getting-started': '8021973', 'alpine': '7991792'}
09:51:04 INFO  EnvironmentC8y Setup
09:51:05 INFO  Executed systemctl&lt;serv_mapper1&gt;, exit status 3
09:51:05 INFO  Restarting mosquitto too frequently in the last 10 seconds. It was only up for 4 seconds
09:51:05 INFO  Delaying execution by 7 seconds
09:51:26 INFO  Executed sudo&lt;tedge_connect_c8y&gt;, exit status 0, duration 13 secs
09:51:27 INFO  Executed sudo&lt;tedge_connect_c8y_test&gt;, exit status 0
09:51:27 INFO  Executed systemctl&lt;serv_mosq2&gt;, exit status 0
09:51:28 INFO  Executed systemctl&lt;serv_mapper3&gt;, exit status 0
09:51:30 INFO  State of current operation: SUCCESSFUL
09:51:30 INFO  Assert that (False == value) with value=False ... passed
09:51:30 INFO  Assert that (False == value) with value=False ... passed
09:51:30 INFO  Assert that (False == value) with value=False ... passed
09:51:31 INFO  Package robotfindskitten is installed
09:51:31 WARN  Assert that (False == value) with value=True ... failed 
09:51:31 INFO  Response status: 201
09:51:31 INFO  Response to action: {
    "creationTime": "2022-05-30T09:51:31.368Z",
    "deviceId": "19787672",
    "deviceName": "mythicb",
    "self": "https://t493319102.eu-latest.cumulocity.com/devicecontrol/operations/19797803",
    "id": "19797803",
    "status": "PENDING",
    "description": "Apply software changes, triggered from PySys: [{'action': 'install', 'id': '5475369', 'name': 'asciijump', 'url': ' ', 'version': '::apt'}, {'action': 'install', 'id': '5474869', 'name': 'robotfindskitten', 'url': ' ', 'version': '::apt'}, {'action': 'install', 'id': '5475279', 'name': 'squirrel3', 'url': ' ', 'version': '::apt'}]",
    "c8y_SoftwareUpdate": [
        {
            "name": "asciijump",
            "action": "install",
            "id": "5475369",
            "version": "::apt",
            "url": " "
        },
        {
            "name": "robotfindskitten",
            "action": "install",
            "id": "5474869",
            "version": "::apt",
            "url": " "
        },
        {
            "name": "squirrel3",
            "action": "install",
            "id": "5475279",
            "version": "::apt",
            "url": " "
        }
    ]
}
09:51:31 INFO  Started operation: {'creationTime': '2022-05-30T09:51:31.368Z', 'deviceId': '19787672', 'deviceName': 'mythicb', 'self': 'https://t493319102.eu-latest.cumulocity.com/devicecontrol/operations/19797803', 'id': '19797803', 'status': 'PENDING', 'description': "Apply software changes, triggered from PySys: [{'action': 'install', 'id': '5475369', 'name': 'asciijump', 'url': ' ', 'version': '::apt'}, {'action': 'install', 'id': '5474869', 'name': 'robotfindskitten', 'url': ' ', 'version': '::apt'}, {'action': 'install', 'id': '5475279', 'name': 'squirrel3', 'url': ' ', 'version': '::apt'}]", 'c8y_SoftwareUpdate': [{'name': 'asciijump', 'action': 'install', 'id': '5475369', 'version': '::apt', 'url': ' '}, {'name': 'robotfindskitten', 'action': 'install', 'id': '5474869', 'version': '::apt', 'url': ' '}, {'name': 'squirrel3', 'action': 'install', 'id': '5475279', 'version': '::apt', 'url': ' '}]}
09:51:34 INFO  State of operation 19797803 : EXECUTING
09:51:36 INFO  State of operation 19797803 : EXECUTING
09:51:39 INFO  State of operation 19797803 : EXECUTING
09:51:41 INFO  State of operation 19797803 : EXECUTING
09:51:43 INFO  State of operation 19797803 : EXECUTING
09:51:46 INFO  State of operation 19797803 : EXECUTING
09:51:49 INFO  State of operation 19797803 : EXECUTING
09:51:51 INFO  State of operation 19797803 : EXECUTING
09:51:54 INFO  State of operation 19797803 : EXECUTING
09:51:56 INFO  State of operation 19797803 : EXECUTING
09:51:58 INFO  State of operation 19797803 : EXECUTING
09:52:01 INFO  State of operation 19797803 : EXECUTING
09:52:03 INFO  State of operation 19797803 : EXECUTING
09:52:05 INFO  State of operation 19797803 : EXECUTING
09:52:07 INFO  State of operation 19797803 : EXECUTING
09:52:10 INFO  State of operation 19797803 : EXECUTING
09:52:12 INFO  State of operation 19797803 : EXECUTING
09:52:15 INFO  State of operation 19797803 : EXECUTING
09:52:17 INFO  State of operation 19797803 : EXECUTING
09:52:20 INFO  State of operation 19797803 : EXECUTING
09:52:22 INFO  State of operation 19797803 : EXECUTING
09:52:24 INFO  State of operation 19797803 : EXECUTING
09:52:26 INFO  State of operation 19797803 : EXECUTING
09:52:29 INFO  State of operation 19797803 : EXECUTING
09:52:32 INFO  State of operation 19797803 : EXECUTING
09:52:34 INFO  State of operation 19797803 : EXECUTING
09:52:37 INFO  State of operation 19797803 : EXECUTING
09:52:39 INFO  State of operation 19797803 : EXECUTING
09:52:42 INFO  State of operation 19797803 : EXECUTING
09:52:44 INFO  State of operation 19797803 : EXECUTING
09:52:46 INFO  State of operation 19797803 : EXECUTING
09:52:48 INFO  State of operation 19797803 : EXECUTING
09:52:51 INFO  State of operation 19797803 : EXECUTING
09:52:53 INFO  State of operation 19797803 : SUCCESSFUL
09:52:53 INFO  Assert that (False == value) with value=False ... passed
09:52:53 INFO  Package asciijump is installed
09:52:53 INFO  Assert that (True == value) with value=True ... passed
09:52:54 INFO  Package squirrel3 is installed
09:52:54 INFO  Assert that (True == value) with value=True ... passed
09:52:54 INFO  Package robotfindskitten is installed
09:52:54 INFO  Assert that (True == value) with value=True ... passed
09:52:54 INFO  Response status: 201
09:52:54 INFO  Response to action: {
    "creationTime": "2022-05-30T09:52:54.528Z",
    "deviceId": "19787672",
    "deviceName": "mythicb",
    "self": "https://t493319102.eu-latest.cumulocity.com/devicecontrol/operations/19797819",
    "id": "19797819",
    "status": "PENDING",
    "description": "Apply software changes, triggered from PySys: [{'action': 'delete', 'id': '5475369', 'name': 'asciijump', 'url': ' ', 'version': '::apt'}, {'action': 'delete', 'id': '5474869', 'name': 'robotfindskitten', 'url': ' ', 'version': '::apt'}, {'action': 'delete', 'id': '5475279', 'name': 'squirrel3', 'url': ' ', 'version': '::apt'}]",
    "c8y_SoftwareUpdate": [
        {
            "name": "asciijump",
            "action": "delete",
            "id": "5475369",
            "version": "::apt",
            "url": " "
        },
        {
            "name": "robotfindskitten",
            "action": "delete",
            "id": "5474869",
            "version": "::apt",
            "url": " "
        },
        {
            "name": "squirrel3",
            "action": "delete",
            "id": "5475279",
            "version": "::apt",
            "url": " "
        }
    ]
}
09:52:54 INFO  Started operation: {'creationTime': '2022-05-30T09:52:54.528Z', 'deviceId': '19787672', 'deviceName': 'mythicb', 'self': 'https://t493319102.eu-latest.cumulocity.com/devicecontrol/operations/19797819', 'id': '19797819', 'status': 'PENDING', 'description': "Apply software changes, triggered from PySys: [{'action': 'delete', 'id': '5475369', 'name': 'asciijump', 'url': ' ', 'version': '::apt'}, {'action': 'delete', 'id': '5474869', 'name': 'robotfindskitten', 'url': ' ', 'version': '::apt'}, {'action': 'delete', 'id': '5475279', 'name': 'squirrel3', 'url': ' ', 'version': '::apt'}]", 'c8y_SoftwareUpdate': [{'name': 'asciijump', 'action': 'delete', 'id': '5475369', 'version': '::apt', 'url': ' '}, {'name': 'robotfindskitten', 'action': 'delete', 'id': '5474869', 'version': '::apt', 'url': ' '}, {'name': 'squirrel3', 'action': 'delete', 'id': '5475279', 'version': '::apt', 'url': ' '}]}
09:52:56 INFO  State of operation 19797819 : PENDING
09:52:59 INFO  State of operation 19797819 : EXECUTING
09:53:01 INFO  State of operation 19797819 : EXECUTING
09:53:03 INFO  State of operation 19797819 : EXECUTING
09:53:05 INFO  State of operation 19797819 : EXECUTING
09:53:07 INFO  State of operation 19797819 : EXECUTING
09:53:10 INFO  State of operation 19797819 : EXECUTING
09:53:13 INFO  State of operation 19797819 : EXECUTING
09:53:15 INFO  State of operation 19797819 : EXECUTING
09:53:18 INFO  State of operation 19797819 : EXECUTING
09:53:20 INFO  State of operation 19797819 : EXECUTING
09:53:22 INFO  State of operation 19797819 : EXECUTING
09:53:24 INFO  State of operation 19797819 : EXECUTING
09:53:26 INFO  State of operation 19797819 : EXECUTING
09:53:29 INFO  State of operation 19797819 : EXECUTING
09:53:31 INFO  State of operation 19797819 : EXECUTING
09:53:33 INFO  State of operation 19797819 : EXECUTING
09:53:36 INFO  State of operation 19797819 : EXECUTING
09:53:38 INFO  State of operation 19797819 : EXECUTING
09:53:41 INFO  State of operation 19797819 : EXECUTING
09:53:43 INFO  State of operation 19797819 : EXECUTING
09:53:45 INFO  State of operation 19797819 : EXECUTING
09:53:47 INFO  State of operation 19797819 : EXECUTING
09:53:49 INFO  State of operation 19797819 : EXECUTING
09:53:52 INFO  State of operation 19797819 : EXECUTING
09:53:55 INFO  State of operation 19797819 : EXECUTING
09:53:57 INFO  State of operation 19797819 : EXECUTING
09:53:59 INFO  State of operation 19797819 : EXECUTING
09:54:02 INFO  State of operation 19797819 : SUCCESSFUL
09:54:02 INFO  Assert that (False == value) with value=False ... passed
09:54:02 INFO  Assert that (False == value) with value=False ... passed
09:54:02 INFO  Assert that (False == value) with value=False ... passed
09:54:02 INFO  Assert that (False == value) with value=False ... passed
09:54:02 INFO  
09:54:02 INFO  cleanup:
09:54:07 INFO  Executed sudo&lt;tedge_disconnect_c8y&gt;, exit status 0
09:54:07 INFO  Executed systemctl&lt;serv_mapper5&gt;, exit status 3
09:54:07 INFO  
09:54:07 INFO  Test duration: 182.80 secs
09:54:07 INFO  Test final outcome:  FAILED
09:54:07 INFO  Test outcome reason: Assert that (False == value) with value=True
09:54:07 INFO  
</system-out>
	</testcase>
<testcase classname="PySysTest" name="SoftwareManagement.sm_apt_install_remove_multiple">
		<failure message="FAILED: Assert that (False == value) with value=True (+2 other failures)" type="FAILED" />
		<system-out>10:17:53 INFO  ==============================================================
10:17:53 INFO  Id:    SoftwareManagement.sm_apt_install_remove_multiple
10:17:53 INFO  Dir:   software_management_end_to_end/
10:17:53 INFO  Title: Validate end to end behaviour for the apt plugin for multiple packages
10:17:53 INFO  ==============================================================
10:17:53 INFO  Using sw id database: {'asciijump': '5475369', 'robotfindskitten': '5474869', 'squirrel3': '5475279', 'rolldice': '5152439', 'moon-buggy': '5439204', 'apple': '5495053', 'banana': '5494888', 'cherry': '5495382', 'watermelon': '5494510', 'registry': '8018911', 'hello-world': '8021526', 'docker/getting-started': '8021973', 'alpine': '7991792'}
10:17:53 INFO  EnvironmentC8y Setup
10:17:54 INFO  Executed systemctl&lt;serv_mapper1&gt;, exit status 3
10:17:54 INFO  Restarting mosquitto too frequently in the last 10 seconds. It was only up for 5 seconds
10:17:54 INFO  Delaying execution by 6 seconds
10:18:14 INFO  Executed sudo&lt;tedge_connect_c8y&gt;, exit status 0, duration 14 secs
10:18:15 INFO  Executed sudo&lt;tedge_connect_c8y_test&gt;, exit status 0
10:18:15 INFO  Executed systemctl&lt;serv_mosq2&gt;, exit status 0
10:18:16 INFO  Executed systemctl&lt;serv_mapper3&gt;, exit status 0
10:18:18 INFO  State of current operation: SUCCESSFUL
10:18:18 INFO  Assert that (False == value) with value=False ... passed
10:18:18 INFO  Package asciijump is installed
10:18:18 WARN  Assert that (False == value) with value=True ... failed 
10:18:19 INFO  Package squirrel3 is installed
10:18:19 WARN  Assert that (False == value) with value=True ... failed 
10:18:19 INFO  Package robotfindskitten is installed
10:18:19 WARN  Assert that (False == value) with value=True ... failed 
10:18:19 INFO  Response status: 201
10:18:19 INFO  Response to action: {
    "delivery": {
        "log": [],
        "time": "2022-05-30T10:18:19.804Z",
        "status": "PENDING"
    },
    "creationTime": "2022-05-30T10:18:19.772Z",
    "deviceId": "19787672",
    "deviceName": "mythicb",
    "self": "https://t493319102.eu-latest.cumulocity.com/devicecontrol/operations/19798040",
    "id": "19798040",
    "status": "PENDING",
    "description": "Apply software changes, triggered from PySys: [{'action': 'install', 'id': '5475369', 'name': 'asciijump', 'url': ' ', 'version': '::apt'}, {'action': 'install', 'id': '5474869', 'name': 'robotfindskitten', 'url': ' ', 'version': '::apt'}, {'action': 'install', 'id': '5475279', 'name': 'squirrel3', 'url': ' ', 'version': '::apt'}]",
    "c8y_SoftwareUpdate": [
        {
            "name": "asciijump",
            "action": "install",
            "id": "5475369",
            "version": "::apt",
            "url": " "
        },
        {
            "name": "robotfindskitten",
            "action": "install",
            "id": "5474869",
            "version": "::apt",
            "url": " "
        },
        {
            "name": "squirrel3",
            "action": "install",
            "id": "5475279",
            "version": "::apt",
            "url": " "
        }
    ]
}
10:18:19 INFO  Started operation: {'delivery': {'log': [], 'time': '2022-05-30T10:18:19.804Z', 'status': 'PENDING'}, 'creationTime': '2022-05-30T10:18:19.772Z', 'deviceId': '19787672', 'deviceName': 'mythicb', 'self': 'https://t493319102.eu-latest.cumulocity.com/devicecontrol/operations/19798040', 'id': '19798040', 'status': 'PENDING', 'description': "Apply software changes, triggered from PySys: [{'action': 'install', 'id': '5475369', 'name': 'asciijump', 'url': ' ', 'version': '::apt'}, {'action': 'install', 'id': '5474869', 'name': 'robotfindskitten', 'url': ' ', 'version': '::apt'}, {'action': 'install', 'id': '5475279', 'name': 'squirrel3', 'url': ' ', 'version': '::apt'}]", 'c8y_SoftwareUpdate': [{'name': 'asciijump', 'action': 'install', 'id': '5475369', 'version': '::apt', 'url': ' '}, {'name': 'robotfindskitten', 'action': 'install', 'id': '5474869', 'version': '::apt', 'url': ' '}, {'name': 'squirrel3', 'action': 'install', 'id': '5475279', 'version': '::apt', 'url': ' '}]}
10:18:22 INFO  State of operation 19798040 : PENDING
10:18:24 INFO  State of operation 19798040 : EXECUTING
10:18:26 INFO  State of operation 19798040 : EXECUTING
10:18:28 INFO  State of operation 19798040 : EXECUTING
10:18:30 INFO  State of operation 19798040 : EXECUTING
10:18:33 INFO  State of operation 19798040 : EXECUTING
10:18:36 INFO  State of operation 19798040 : EXECUTING
10:18:38 INFO  State of operation 19798040 : EXECUTING
10:18:41 INFO  State of operation 19798040 : EXECUTING
10:18:43 INFO  State of operation 19798040 : EXECUTING
10:18:45 INFO  State of operation 19798040 : EXECUTING
10:18:47 INFO  State of operation 19798040 : EXECUTING
10:18:50 INFO  State of operation 19798040 : EXECUTING
10:18:52 INFO  State of operation 19798040 : EXECUTING
10:18:54 INFO  State of operation 19798040 : EXECUTING
10:18:56 INFO  State of operation 19798040 : SUCCESSFUL
10:18:56 INFO  Assert that (False == value) with value=False ... passed
10:18:57 INFO  Package asciijump is installed
10:18:57 INFO  Assert that (True == value) with value=True ... passed
10:18:57 INFO  Package squirrel3 is installed
10:18:57 INFO  Assert that (True == value) with value=True ... passed
10:18:57 INFO  Package robotfindskitten is installed
10:18:57 INFO  Assert that (True == value) with value=True ... passed
10:18:57 INFO  Response status: 201
10:18:57 INFO  Response to action: {
    "delivery": {
        "log": [],
        "time": "2022-05-30T10:18:57.881Z",
        "status": "PENDING"
    },
    "creationTime": "2022-05-30T10:18:57.864Z",
    "deviceId": "19787672",
    "deviceName": "mythicb",
    "self": "https://t493319102.eu-latest.cumulocity.com/devicecontrol/operations/19798055",
    "id": "19798055",
    "status": "PENDING",
    "description": "Apply software changes, triggered from PySys: [{'action': 'delete', 'id': '5475369', 'name': 'asciijump', 'url': ' ', 'version': '::apt'}, {'action': 'delete', 'id': '5474869', 'name': 'robotfindskitten', 'url': ' ', 'version': '::apt'}, {'action': 'delete', 'id': '5475279', 'name': 'squirrel3', 'url': ' ', 'version': '::apt'}]",
    "c8y_SoftwareUpdate": [
        {
            "name": "asciijump",
            "action": "delete",
            "id": "5475369",
            "version": "::apt",
            "url": " "
        },
        {
            "name": "robotfindskitten",
            "action": "delete",
            "id": "5474869",
            "version": "::apt",
            "url": " "
        },
        {
            "name": "squirrel3",
            "action": "delete",
            "id": "5475279",
            "version": "::apt",
            "url": " "
        }
    ]
}
10:18:57 INFO  Started operation: {'delivery': {'log': [], 'time': '2022-05-30T10:18:57.881Z', 'status': 'PENDING'}, 'creationTime': '2022-05-30T10:18:57.864Z', 'deviceId': '19787672', 'deviceName': 'mythicb', 'self': 'https://t493319102.eu-latest.cumulocity.com/devicecontrol/operations/19798055', 'id': '19798055', 'status': 'PENDING', 'description': "Apply software changes, triggered from PySys: [{'action': 'delete', 'id': '5475369', 'name': 'asciijump', 'url': ' ', 'version': '::apt'}, {'action': 'delete', 'id': '5474869', 'name': 'robotfindskitten', 'url': ' ', 'version': '::apt'}, {'action': 'delete', 'id': '5475279', 'name': 'squirrel3', 'url': ' ', 'version': '::apt'}]", 'c8y_SoftwareUpdate': [{'name': 'asciijump', 'action': 'delete', 'id': '5475369', 'version': '::apt', 'url': ' '}, {'name': 'robotfindskitten', 'action': 'delete', 'id': '5474869', 'version': '::apt', 'url': ' '}, {'name': 'squirrel3', 'action': 'delete', 'id': '5475279', 'version': '::apt', 'url': ' '}]}
10:19:00 INFO  State of operation 19798055 : PENDING
10:19:02 INFO  State of operation 19798055 : EXECUTING
10:19:04 INFO  State of operation 19798055 : EXECUTING
10:19:06 INFO  State of operation 19798055 : EXECUTING
10:19:09 INFO  State of operation 19798055 : EXECUTING
10:19:11 INFO  State of operation 19798055 : EXECUTING
10:19:14 INFO  State of operation 19798055 : EXECUTING
10:19:16 INFO  State of operation 19798055 : EXECUTING
10:19:19 INFO  State of operation 19798055 : EXECUTING
10:19:21 INFO  State of operation 19798055 : EXECUTING
10:19:23 INFO  State of operation 19798055 : EXECUTING
10:19:25 INFO  State of operation 19798055 : EXECUTING
10:19:28 INFO  State of operation 19798055 : EXECUTING
10:19:30 INFO  State of operation 19798055 : EXECUTING
10:19:32 INFO  State of operation 19798055 : EXECUTING
10:19:35 INFO  State of operation 19798055 : EXECUTING
10:19:37 INFO  State of operation 19798055 : EXECUTING
10:19:39 INFO  State of operation 19798055 : EXECUTING
10:19:42 INFO  State of operation 19798055 : EXECUTING
10:19:45 INFO  State of operation 19798055 : EXECUTING
10:19:47 INFO  State of operation 19798055 : EXECUTING
10:19:49 INFO  State of operation 19798055 : EXECUTING
10:19:51 INFO  State of operation 19798055 : EXECUTING
10:19:54 INFO  State of operation 19798055 : EXECUTING
10:19:56 INFO  State of operation 19798055 : EXECUTING
10:19:59 INFO  State of operation 19798055 : EXECUTING
10:20:01 INFO  State of operation 19798055 : EXECUTING
10:20:04 INFO  State of operation 19798055 : EXECUTING
10:20:06 INFO  State of operation 19798055 : EXECUTING
10:20:08 INFO  State of operation 19798055 : SUCCESSFUL
10:20:09 INFO  Assert that (False == value) with value=False ... passed
10:20:09 INFO  Assert that (False == value) with value=False ... passed
10:20:09 INFO  Assert that (False == value) with value=False ... passed
10:20:09 INFO  Assert that (False == value) with value=False ... passed
10:20:09 INFO  
10:20:09 INFO  cleanup:
10:20:13 INFO  Executed sudo&lt;tedge_disconnect_c8y&gt;, exit status 0
10:20:14 INFO  Executed systemctl&lt;serv_mapper5&gt;, exit status 3
10:20:14 INFO  
10:20:14 INFO  Test duration: 140.74 secs
10:20:14 INFO  Test final outcome:  FAILED
10:20:14 INFO  Test outcome reason: Assert that (False == value) with value=True (+2 other failures)
10:20:14 INFO  
</system-out>
	</testcase>
</testsuite><testsuite name="SoftwareManagement.sm_apt_install_remove_multiple_mixed" tests="3" errors="0" failures="2" skipped="1" time="0"><testcase classname="PySysTest" name="SoftwareManagement.sm_apt_install_remove_multiple_mixed">
		<skipped message="SKIPPED: Testing the apt plugin is not supported on this platform.Use parameter -XmyPlatform='container' to enable it" />
		<system-out>09:18:48 INFO  ==============================================================
09:18:48 INFO  Id:    SoftwareManagement.sm_apt_install_remove_multiple_mixed
09:18:48 INFO  Dir:   software_management_end_to_end/
09:18:48 INFO  Title: Validate end to end behaviour for the apt plugin for multiple packages with mixed versions
09:18:48 INFO  ==============================================================
09:18:48 INFO  Testing the apt plugin is not supported on this platform.Use parameter -XmyPlatform='container' to enable it ... skipped
09:18:48 WARN  Aborted test due to SKIPPED outcome
09:18:48 INFO  
09:18:48 INFO  Test duration: 0.03 secs
09:18:48 INFO  Test final outcome:  SKIPPED
09:18:48 INFO  Test outcome reason: Testing the apt plugin is not supported on this platform.Use parameter -XmyPlatform='container' to enable it
09:18:48 INFO  
</system-out>
	</testcase>
<testcase classname="PySysTest" name="SoftwareManagement.sm_apt_install_remove_multiple_mixed">
		<failure message="BLOCKED: SystemError: Timeout while waiting for status SUCCESSFUL or False" type="BLOCKED" />
		<system-out>09:54:07 INFO  ==============================================================
09:54:07 INFO  Id:    SoftwareManagement.sm_apt_install_remove_multiple_mixed
09:54:07 INFO  Dir:   software_management_end_to_end/
09:54:07 INFO  Title: Validate end to end behaviour for the apt plugin for multiple packages with mixed versions
09:54:07 INFO  ==============================================================
09:54:07 INFO  Using sw id database: {'asciijump': '5475369', 'robotfindskitten': '5474869', 'squirrel3': '5475279', 'rolldice': '5152439', 'moon-buggy': '5439204', 'apple': '5495053', 'banana': '5494888', 'cherry': '5495382', 'watermelon': '5494510', 'registry': '8018911', 'hello-world': '8021526', 'docker/getting-started': '8021973', 'alpine': '7991792'}
09:54:07 INFO  EnvironmentC8y Setup
09:54:08 INFO  Executed systemctl&lt;serv_mapper1&gt;, exit status 3
09:54:08 INFO  Restarting mosquitto too frequently in the last 10 seconds. It was only up for 5 seconds
09:54:08 INFO  Delaying execution by 6 seconds
09:54:28 INFO  Executed sudo&lt;tedge_connect_c8y&gt;, exit status 0, duration 13 secs
09:54:28 INFO  Executed sudo&lt;tedge_connect_c8y_test&gt;, exit status 0
09:54:29 INFO  Executed systemctl&lt;serv_mosq2&gt;, exit status 0
09:54:30 INFO  Executed systemctl&lt;serv_mapper3&gt;, exit status 0
09:54:32 INFO  State of current operation: SUCCESSFUL
09:54:32 INFO  Assert that (False == value) with value=False ... passed
09:54:32 INFO  Assert that (False == value) with value=False ... passed
09:54:32 INFO  Assert that (False == value) with value=False ... passed
09:54:33 INFO  Assert that (False == value) with value=False ... passed
09:54:33 INFO  Assert that (False == value) with value=False ... passed
09:54:34 INFO  Response status: 201
09:54:34 INFO  Response to action: {
    "creationTime": "2022-05-30T09:54:34.674Z",
    "deviceId": "19787672",
    "deviceName": "mythicb",
    "self": "https://t493319102.eu-latest.cumulocity.com/devicecontrol/operations/19797838",
    "id": "19797838",
    "status": "PENDING",
    "description": "Apply software changes, triggered from PySys: [{'action': 'install', 'id': '5475369', 'name': 'asciijump', 'url': ' ', 'version': '::apt'}, {'action': 'install', 'id': '5474869', 'name': 'robotfindskitten', 'url': ' ', 'version': ' '}, {'action': 'install', 'id': '5475279', 'name': 'squirrel3', 'url': ' ', 'version': '3.1-7::apt'}, {'action': 'install', 'id': '5152439', 'name': 'rolldice', 'url': ' ', 'version': '1.16-1+b1'}, {'action': 'install', 'id': '5439204', 'name': 'moon-buggy', 'url': ' ', 'version': '1:1.0.51-12'}, {'action': 'install', 'id': '5475369', 'name': 'asciijump', 'url': ' ', 'version': '::apt'}]",
    "c8y_SoftwareUpdate": [
        {
            "name": "asciijump",
            "action": "install",
            "id": "5475369",
            "version": "::apt",
            "url": " "
        },
        {
            "name": "robotfindskitten",
            "action": "install",
            "id": "5474869",
            "version": " ",
            "url": " "
        },
        {
            "name": "squirrel3",
            "action": "install",
            "id": "5475279",
            "version": "3.1-7::apt",
            "url": " "
        },
        {
            "name": "rolldice",
            "action": "install",
            "id": "5152439",
            "version": "1.16-1+b1",
            "url": " "
        },
        {
            "name": "moon-buggy",
            "action": "install",
            "id": "5439204",
            "version": "1:1.0.51-12",
            "url": " "
        },
        {
            "name": "asciijump",
            "action": "install",
            "id": "5475369",
            "version": "::apt",
            "url": " "
        }
    ]
}
09:54:34 INFO  Started operation: {'creationTime': '2022-05-30T09:54:34.674Z', 'deviceId': '19787672', 'deviceName': 'mythicb', 'self': 'https://t493319102.eu-latest.cumulocity.com/devicecontrol/operations/19797838', 'id': '19797838', 'status': 'PENDING', 'description': "Apply software changes, triggered from PySys: [{'action': 'install', 'id': '5475369', 'name': 'asciijump', 'url': ' ', 'version': '::apt'}, {'action': 'install', 'id': '5474869', 'name': 'robotfindskitten', 'url': ' ', 'version': ' '}, {'action': 'install', 'id': '5475279', 'name': 'squirrel3', 'url': ' ', 'version': '3.1-7::apt'}, {'action': 'install', 'id': '5152439', 'name': 'rolldice', 'url': ' ', 'version': '1.16-1+b1'}, {'action': 'install', 'id': '5439204', 'name': 'moon-buggy', 'url': ' ', 'version': '1:1.0.51-12'}, {'action': 'install', 'id': '5475369', 'name': 'asciijump', 'url': ' ', 'version': '::apt'}]", 'c8y_SoftwareUpdate': [{'name': 'asciijump', 'action': 'install', 'id': '5475369', 'version': '::apt', 'url': ' '}, {'name': 'robotfindskitten', 'action': 'install', 'id': '5474869', 'version': ' ', 'url': ' '}, {'name': 'squirrel3', 'action': 'install', 'id': '5475279', 'version': '3.1-7::apt', 'url': ' '}, {'name': 'rolldice', 'action': 'install', 'id': '5152439', 'version': '1.16-1+b1', 'url': ' '}, {'name': 'moon-buggy', 'action': 'install', 'id': '5439204', 'version': '1:1.0.51-12', 'url': ' '}, {'name': 'asciijump', 'action': 'install', 'id': '5475369', 'version': '::apt', 'url': ' '}]}
09:54:36 INFO  State of operation 19797838 : PENDING
09:54:39 INFO  State of operation 19797838 : EXECUTING
09:54:41 INFO  State of operation 19797838 : EXECUTING
09:54:43 INFO  State of operation 19797838 : EXECUTING
09:54:45 INFO  State of operation 19797838 : EXECUTING
09:54:48 INFO  State of operation 19797838 : EXECUTING
09:54:51 INFO  State of operation 19797838 : EXECUTING
09:54:54 INFO  State of operation 19797838 : EXECUTING
09:54:56 INFO  State of operation 19797838 : EXECUTING
09:54:59 INFO  State of operation 19797838 : EXECUTING
09:55:01 INFO  State of operation 19797838 : EXECUTING
09:55:03 INFO  State of operation 19797838 : EXECUTING
09:55:05 INFO  State of operation 19797838 : EXECUTING
09:55:08 INFO  State of operation 19797838 : EXECUTING
09:55:10 INFO  State of operation 19797838 : EXECUTING
09:55:12 INFO  State of operation 19797838 : EXECUTING
09:55:14 INFO  State of operation 19797838 : EXECUTING
09:55:17 INFO  State of operation 19797838 : EXECUTING
09:55:19 INFO  State of operation 19797838 : EXECUTING
09:55:22 INFO  State of operation 19797838 : EXECUTING
09:55:24 INFO  State of operation 19797838 : EXECUTING
09:55:26 INFO  State of operation 19797838 : EXECUTING
09:55:28 INFO  State of operation 19797838 : EXECUTING
09:55:31 INFO  State of operation 19797838 : EXECUTING
09:55:34 INFO  State of operation 19797838 : EXECUTING
09:55:36 INFO  State of operation 19797838 : EXECUTING
09:55:39 INFO  State of operation 19797838 : EXECUTING
09:55:41 INFO  State of operation 19797838 : EXECUTING
09:55:44 INFO  State of operation 19797838 : EXECUTING
09:55:46 INFO  State of operation 19797838 : EXECUTING
09:55:49 INFO  State of operation 19797838 : EXECUTING
09:55:51 INFO  State of operation 19797838 : EXECUTING
09:55:53 INFO  State of operation 19797838 : EXECUTING
09:55:55 INFO  State of operation 19797838 : EXECUTING
09:55:57 INFO  State of operation 19797838 : EXECUTING
09:56:00 INFO  State of operation 19797838 : EXECUTING
09:56:02 INFO  State of operation 19797838 : EXECUTING
09:56:04 INFO  State of operation 19797838 : EXECUTING
09:56:07 INFO  State of operation 19797838 : EXECUTING
09:56:10 INFO  State of operation 19797838 : EXECUTING
09:56:12 INFO  State of operation 19797838 : EXECUTING
09:56:15 INFO  State of operation 19797838 : EXECUTING
09:56:17 INFO  State of operation 19797838 : EXECUTING
09:56:19 INFO  State of operation 19797838 : EXECUTING
09:56:21 INFO  State of operation 19797838 : EXECUTING
09:56:24 INFO  State of operation 19797838 : EXECUTING
09:56:26 INFO  State of operation 19797838 : EXECUTING
09:56:28 INFO  State of operation 19797838 : EXECUTING
09:56:31 INFO  State of operation 19797838 : EXECUTING
09:56:33 INFO  State of operation 19797838 : EXECUTING
09:56:36 INFO  State of operation 19797838 : EXECUTING
09:56:38 INFO  State of operation 19797838 : EXECUTING
09:56:40 INFO  State of operation 19797838 : EXECUTING
09:56:42 INFO  State of operation 19797838 : EXECUTING
09:56:45 INFO  State of operation 19797838 : EXECUTING
09:56:47 INFO  State of operation 19797838 : EXECUTING
09:56:50 INFO  State of operation 19797838 : EXECUTING
09:56:52 INFO  State of operation 19797838 : EXECUTING
09:56:55 INFO  State of operation 19797838 : EXECUTING
09:56:57 INFO  State of operation 19797838 : EXECUTING
09:57:00 INFO  State of operation 19797838 : EXECUTING
09:57:02 WARN  SystemError occurred while running test - Timeout while waiting for status SUCCESSFUL or False
Traceback (most recent call last):
  File "/home/pi/env-pysys/lib/python3.7/site-packages/pysys/baserunner.py", line 1294, in __call__
    self.testObj.execute()
  File "/home/pi/actions-runner/_work/thin-edge.io/thin-edge.io/tests/PySys/software_management_end_to_end/sm_apt_install_remove_multiple_mixed/run.py", line 89, in execute
    self.wait_until_succcess()
  File "/home/pi/actions-runner/_work/thin-edge.io/thin-edge.io/tests/PySys/software_management_end_to_end/environment_sm_management.py", line 324, in wait_until_succcess
    self.wait_until_status("SUCCESSFUL")
  File "/home/pi/actions-runner/_work/thin-edge.io/thin-edge.io/tests/PySys/software_management_end_to_end/environment_sm_management.py", line 381, in wait_until_status
    "Timeout while waiting for status %s or %s" % (status, status2)
SystemError: Timeout while waiting for status SUCCESSFUL or False
09:57:02 WARN  SystemError: Timeout while waiting for status SUCCESSFUL or False ... blocked 
09:57:02 INFO  
09:57:02 INFO  cleanup:
09:57:08 INFO  Executed sudo&lt;tedge_disconnect_c8y&gt;, exit status 0
09:57:09 INFO  Executed systemctl&lt;serv_mapper5&gt;, exit status 3
09:57:09 INFO  
09:57:09 INFO  Test duration: 181.88 secs
09:57:09 INFO  Test final outcome:  BLOCKED
09:57:09 INFO  Test outcome reason: SystemError: Timeout while waiting for status SUCCESSFUL or False
09:57:09 INFO  
</system-out>
	</testcase>
<testcase classname="PySysTest" name="SoftwareManagement.sm_apt_install_remove_multiple_mixed">
		<failure message="BLOCKED: SystemError: Timeout while waiting for status SUCCESSFUL or False (+1 other failures)" type="BLOCKED" />
		<system-out>10:20:14 INFO  ==============================================================
10:20:14 INFO  Id:    SoftwareManagement.sm_apt_install_remove_multiple_mixed
10:20:14 INFO  Dir:   software_management_end_to_end/
10:20:14 INFO  Title: Validate end to end behaviour for the apt plugin for multiple packages with mixed versions
10:20:14 INFO  ==============================================================
10:20:14 INFO  Using sw id database: {'asciijump': '5475369', 'robotfindskitten': '5474869', 'squirrel3': '5475279', 'rolldice': '5152439', 'moon-buggy': '5439204', 'apple': '5495053', 'banana': '5494888', 'cherry': '5495382', 'watermelon': '5494510', 'registry': '8018911', 'hello-world': '8021526', 'docker/getting-started': '8021973', 'alpine': '7991792'}
10:20:14 INFO  EnvironmentC8y Setup
10:20:15 INFO  Executed systemctl&lt;serv_mapper1&gt;, exit status 3
10:20:15 INFO  Restarting mosquitto too frequently in the last 10 seconds. It was only up for 5 seconds
10:20:15 INFO  Delaying execution by 6 seconds
10:20:35 INFO  Executed sudo&lt;tedge_connect_c8y&gt;, exit status 0, duration 13 secs
10:20:35 INFO  Executed sudo&lt;tedge_connect_c8y_test&gt;, exit status 0
10:20:36 INFO  Executed systemctl&lt;serv_mosq2&gt;, exit status 0
10:20:36 INFO  Executed systemctl&lt;serv_mapper3&gt;, exit status 0
10:20:38 INFO  State of current operation: SUCCESSFUL
10:20:39 INFO  Assert that (False == value) with value=False ... passed
10:20:39 INFO  Assert that (False == value) with value=False ... passed
10:20:39 INFO  Assert that (False == value) with value=False ... passed
10:20:39 INFO  Assert that (False == value) with value=False ... passed
10:20:40 INFO  Package moon-buggy is installed
10:20:40 WARN  Assert that (False == value) with value=True ... failed 
10:20:41 INFO  Response status: 201
10:20:41 INFO  Response to action: {
    "creationTime": "2022-05-30T10:20:41.476Z",
    "deviceId": "19787672",
    "deviceName": "mythicb",
    "self": "https://t493319102.eu-latest.cumulocity.com/devicecontrol/operations/19798071",
    "id": "19798071",
    "status": "PENDING",
    "description": "Apply software changes, triggered from PySys: [{'action': 'install', 'id': '5475369', 'name': 'asciijump', 'url': ' ', 'version': '::apt'}, {'action': 'install', 'id': '5474869', 'name': 'robotfindskitten', 'url': ' ', 'version': ' '}, {'action': 'install', 'id': '5475279', 'name': 'squirrel3', 'url': ' ', 'version': '3.1-7::apt'}, {'action': 'install', 'id': '5152439', 'name': 'rolldice', 'url': ' ', 'version': '1.16-1+b1'}, {'action': 'install', 'id': '5439204', 'name': 'moon-buggy', 'url': ' ', 'version': '1:1.0.51-12'}, {'action': 'install', 'id': '5475369', 'name': 'asciijump', 'url': ' ', 'version': '::apt'}]",
    "c8y_SoftwareUpdate": [
        {
            "name": "asciijump",
            "action": "install",
            "id": "5475369",
            "version": "::apt",
            "url": " "
        },
        {
            "name": "robotfindskitten",
            "action": "install",
            "id": "5474869",
            "version": " ",
            "url": " "
        },
        {
            "name": "squirrel3",
            "action": "install",
            "id": "5475279",
            "version": "3.1-7::apt",
            "url": " "
        },
        {
            "name": "rolldice",
            "action": "install",
            "id": "5152439",
            "version": "1.16-1+b1",
            "url": " "
        },
        {
            "name": "moon-buggy",
            "action": "install",
            "id": "5439204",
            "version": "1:1.0.51-12",
            "url": " "
        },
        {
            "name": "asciijump",
            "action": "install",
            "id": "5475369",
            "version": "::apt",
            "url": " "
        }
    ]
}
10:20:41 INFO  Started operation: {'creationTime': '2022-05-30T10:20:41.476Z', 'deviceId': '19787672', 'deviceName': 'mythicb', 'self': 'https://t493319102.eu-latest.cumulocity.com/devicecontrol/operations/19798071', 'id': '19798071', 'status': 'PENDING', 'description': "Apply software changes, triggered from PySys: [{'action': 'install', 'id': '5475369', 'name': 'asciijump', 'url': ' ', 'version': '::apt'}, {'action': 'install', 'id': '5474869', 'name': 'robotfindskitten', 'url': ' ', 'version': ' '}, {'action': 'install', 'id': '5475279', 'name': 'squirrel3', 'url': ' ', 'version': '3.1-7::apt'}, {'action': 'install', 'id': '5152439', 'name': 'rolldice', 'url': ' ', 'version': '1.16-1+b1'}, {'action': 'install', 'id': '5439204', 'name': 'moon-buggy', 'url': ' ', 'version': '1:1.0.51-12'}, {'action': 'install', 'id': '5475369', 'name': 'asciijump', 'url': ' ', 'version': '::apt'}]", 'c8y_SoftwareUpdate': [{'name': 'asciijump', 'action': 'install', 'id': '5475369', 'version': '::apt', 'url': ' '}, {'name': 'robotfindskitten', 'action': 'install', 'id': '5474869', 'version': ' ', 'url': ' '}, {'name': 'squirrel3', 'action': 'install', 'id': '5475279', 'version': '3.1-7::apt', 'url': ' '}, {'name': 'rolldice', 'action': 'install', 'id': '5152439', 'version': '1.16-1+b1', 'url': ' '}, {'name': 'moon-buggy', 'action': 'install', 'id': '5439204', 'version': '1:1.0.51-12', 'url': ' '}, {'name': 'asciijump', 'action': 'install', 'id': '5475369', 'version': '::apt', 'url': ' '}]}
10:20:43 INFO  State of operation 19798071 : PENDING
10:20:45 INFO  State of operation 19798071 : EXECUTING
10:20:48 INFO  State of operation 19798071 : EXECUTING
10:20:50 INFO  State of operation 19798071 : EXECUTING
10:20:52 INFO  State of operation 19798071 : EXECUTING
10:20:54 INFO  State of operation 19798071 : EXECUTING
10:20:57 INFO  State of operation 19798071 : EXECUTING
10:21:00 INFO  State of operation 19798071 : EXECUTING
10:21:02 INFO  State of operation 19798071 : EXECUTING
10:21:05 INFO  State of operation 19798071 : EXECUTING
10:21:07 INFO  State of operation 19798071 : EXECUTING
10:21:09 INFO  State of operation 19798071 : EXECUTING
10:21:11 INFO  State of operation 19798071 : EXECUTING
10:21:14 INFO  State of operation 19798071 : EXECUTING
10:21:16 INFO  State of operation 19798071 : EXECUTING
10:21:18 INFO  State of operation 19798071 : EXECUTING
10:21:21 INFO  State of operation 19798071 : EXECUTING
10:21:23 INFO  State of operation 19798071 : EXECUTING
10:21:26 INFO  State of operation 19798071 : EXECUTING
10:21:28 INFO  State of operation 19798071 : EXECUTING
10:21:30 INFO  State of operation 19798071 : EXECUTING
10:21:33 INFO  State of operation 19798071 : EXECUTING
10:21:36 INFO  State of operation 19798071 : EXECUTING
10:21:38 INFO  State of operation 19798071 : EXECUTING
10:21:41 INFO  State of operation 19798071 : EXECUTING
10:21:43 INFO  State of operation 19798071 : EXECUTING
10:21:45 INFO  State of operation 19798071 : EXECUTING
10:21:48 INFO  State of operation 19798071 : EXECUTING
10:21:50 INFO  State of operation 19798071 : EXECUTING
10:21:52 INFO  State of operation 19798071 : EXECUTING
10:21:55 INFO  State of operation 19798071 : EXECUTING
10:21:57 INFO  State of operation 19798071 : EXECUTING
10:21:59 INFO  State of operation 19798071 : EXECUTING
10:22:01 INFO  State of operation 19798071 : EXECUTING
10:22:04 INFO  State of operation 19798071 : EXECUTING
10:22:06 INFO  State of operation 19798071 : EXECUTING
10:22:08 INFO  State of operation 19798071 : EXECUTING
10:22:10 INFO  State of operation 19798071 : EXECUTING
10:22:13 INFO  State of operation 19798071 : EXECUTING
10:22:16 INFO  State of operation 19798071 : EXECUTING
10:22:18 INFO  State of operation 19798071 : EXECUTING
10:22:21 INFO  State of operation 19798071 : EXECUTING
10:22:23 INFO  State of operation 19798071 : EXECUTING
10:22:25 INFO  State of operation 19798071 : EXECUTING
10:22:27 INFO  State of operation 19798071 : EXECUTING
10:22:30 INFO  State of operation 19798071 : EXECUTING
10:22:32 INFO  State of operation 19798071 : EXECUTING
10:22:34 INFO  State of operation 19798071 : EXECUTING
10:22:36 INFO  State of operation 19798071 : EXECUTING
10:22:39 INFO  State of operation 19798071 : EXECUTING
10:22:42 INFO  State of operation 19798071 : EXECUTING
10:22:44 INFO  State of operation 19798071 : EXECUTING
10:22:46 INFO  State of operation 19798071 : EXECUTING
10:22:49 INFO  State of operation 19798071 : EXECUTING
10:22:51 INFO  State of operation 19798071 : EXECUTING
10:22:53 INFO  State of operation 19798071 : EXECUTING
10:22:55 INFO  State of operation 19798071 : EXECUTING
10:22:58 INFO  State of operation 19798071 : EXECUTING
10:23:00 INFO  State of operation 19798071 : EXECUTING
10:23:02 INFO  State of operation 19798071 : EXECUTING
10:23:04 INFO  State of operation 19798071 : EXECUTING
10:23:06 WARN  SystemError occurred while running test - Timeout while waiting for status SUCCESSFUL or False
Traceback (most recent call last):
  File "/home/pi/env-pysys/lib/python3.7/site-packages/pysys/baserunner.py", line 1294, in __call__
    self.testObj.execute()
  File "/home/pi/actions-runner/_work/thin-edge.io/thin-edge.io/tests/PySys/software_management_end_to_end/sm_apt_install_remove_multiple_mixed/run.py", line 89, in execute
    self.wait_until_succcess()
  File "/home/pi/actions-runner/_work/thin-edge.io/thin-edge.io/tests/PySys/software_management_end_to_end/environment_sm_management.py", line 324, in wait_until_succcess
    self.wait_until_status("SUCCESSFUL")
  File "/home/pi/actions-runner/_work/thin-edge.io/thin-edge.io/tests/PySys/software_management_end_to_end/environment_sm_management.py", line 381, in wait_until_status
    "Timeout while waiting for status %s or %s" % (status, status2)
SystemError: Timeout while waiting for status SUCCESSFUL or False
10:23:07 WARN  SystemError: Timeout while waiting for status SUCCESSFUL or False ... blocked 
10:23:07 INFO  
10:23:07 INFO  cleanup:
10:23:13 INFO  Executed sudo&lt;tedge_disconnect_c8y&gt;, exit status 0
10:23:13 INFO  Executed systemctl&lt;serv_mapper5&gt;, exit status 3
10:23:13 INFO  
10:23:13 INFO  Test duration: 179.30 secs
10:23:13 INFO  Test final outcome:  BLOCKED
10:23:13 INFO  Test outcome reason: SystemError: Timeout while waiting for status SUCCESSFUL or False (+1 other failures)
10:23:13 INFO  
</system-out>
	</testcase>
</testsuite><testsuite name="SoftwareManagement.sm_apt_install_remove_with_version" tests="3" errors="0" failures="0" skipped="1" time="0"><testcase classname="PySysTest" name="SoftwareManagement.sm_apt_install_remove_with_version">
		<skipped message="SKIPPED: Testing the apt plugin is not supported on this platform.Use parameter -XmyPlatform='container' to enable it" />
		<system-out>09:18:48 INFO  ==============================================================
09:18:48 INFO  Id:    SoftwareManagement.sm_apt_install_remove_with_version
09:18:48 INFO  Dir:   software_management_end_to_end/
09:18:48 INFO  Title: Validate end to end behaviour for the apt plugin for packages with version
09:18:48 INFO  ==============================================================
09:18:48 INFO  Testing the apt plugin is not supported on this platform.Use parameter -XmyPlatform='container' to enable it ... skipped
09:18:48 WARN  Aborted test due to SKIPPED outcome
09:18:48 INFO  
09:18:48 INFO  Test duration: 0.02 secs
09:18:48 INFO  Test final outcome:  SKIPPED
09:18:48 INFO  Test outcome reason: Testing the apt plugin is not supported on this platform.Use parameter -XmyPlatform='container' to enable it
09:18:48 INFO  
</system-out>
	</testcase>
<testcase classname="PySysTest" name="SoftwareManagement.sm_apt_install_remove_with_version" />
<testcase classname="PySysTest" name="SoftwareManagement.sm_apt_install_remove_with_version" />
</testsuite><testsuite name="SoftwareManagement.sm_docker_install_remove_multiple" tests="3" errors="0" failures="0" skipped="1" time="0"><testcase classname="SMDockerInstallRemove" name="SoftwareManagement.sm_docker_install_remove_multiple">
		<skipped message="SKIPPED: Testing the apt plugin is not supported on this platform.Use parameter -XmyPlatform='container' to enable it" />
		<system-out>09:18:48 INFO  ==============================================================
09:18:48 INFO  Id:    SoftwareManagement.sm_docker_install_remove_multiple
09:18:48 INFO  Dir:   software_management_end_to_end/
09:18:48 INFO  Title: Validate end to end behaviour for the docker plugin for multiple docker images with mixed versions
09:18:48 INFO  ==============================================================
09:18:48 INFO  Testing the apt plugin is not supported on this platform.Use parameter -XmyPlatform='container' to enable it ... skipped
09:18:48 WARN  Aborted test due to SKIPPED outcome
09:18:48 INFO  
09:18:48 INFO  Test duration: 0.03 secs
09:18:48 INFO  Test final outcome:  SKIPPED
09:18:48 INFO  Test outcome reason: Testing the apt plugin is not supported on this platform.Use parameter -XmyPlatform='container' to enable it
09:18:48 INFO  
</system-out>
	</testcase>
<testcase classname="SMDockerInstallRemove" name="SoftwareManagement.sm_docker_install_remove_multiple" />
<testcase classname="SMDockerInstallRemove" name="SoftwareManagement.sm_docker_install_remove_multiple" />
</testsuite><testsuite name="SoftwareManagement.sm_fake_install_remove" tests="2" errors="0" failures="0" skipped="1" time="0"><testcase classname="PySysTest" name="SoftwareManagement.sm_fake_install_remove">
		<skipped message="SKIPPED: Testing the fake plugin is not enabled.Use parameter -Xfakeplugin=fakeplugin to enable it" />
		<system-out>09:18:48 INFO  ==============================================================
09:18:48 INFO  Id:    SoftwareManagement.sm_fake_install_remove
09:18:48 INFO  Dir:   software_management_end_to_end/
09:18:48 INFO  Title: Validate end to end behaviour for the dummy plugin for installation and removal of packages
09:18:48 INFO  ==============================================================
09:18:48 INFO  Testing the fake plugin is not enabled.Use parameter -Xfakeplugin=fakeplugin to enable it ... skipped
09:18:48 WARN  Aborted test due to SKIPPED outcome
09:18:48 INFO  
09:18:48 INFO  Test duration: 0.03 secs
09:18:48 INFO  Test final outcome:  SKIPPED
09:18:48 INFO  Test outcome reason: Testing the fake plugin is not enabled.Use parameter -Xfakeplugin=fakeplugin to enable it
09:18:48 INFO  
</system-out>
	</testcase>
<testcase classname="PySysTest" name="SoftwareManagement.sm_fake_install_remove" />
</testsuite><testsuite name="SoftwareManagement.sm_fake_install_remove_multiple" tests="2" errors="0" failures="0" skipped="1" time="0"><testcase classname="PySysTest" name="SoftwareManagement.sm_fake_install_remove_multiple">
		<skipped message="SKIPPED: Testing the fake plugin is not enabled.Use parameter -Xfakeplugin=fakeplugin to enable it" />
		<system-out>09:18:48 INFO  ==============================================================
09:18:48 INFO  Id:    SoftwareManagement.sm_fake_install_remove_multiple
09:18:48 INFO  Dir:   software_management_end_to_end/
09:18:48 INFO  Title: Validate end to end behaviour for the dummy-plugin for multiple packages
09:18:48 INFO  ==============================================================
09:18:48 INFO  Testing the fake plugin is not enabled.Use parameter -Xfakeplugin=fakeplugin to enable it ... skipped
09:18:48 WARN  Aborted test due to SKIPPED outcome
09:18:48 INFO  
09:18:48 INFO  Test duration: 0.03 secs
09:18:48 INFO  Test final outcome:  SKIPPED
09:18:48 INFO  Test outcome reason: Testing the fake plugin is not enabled.Use parameter -Xfakeplugin=fakeplugin to enable it
09:18:48 INFO  
</system-out>
	</testcase>
<testcase classname="PySysTest" name="SoftwareManagement.sm_fake_install_remove_multiple" />
</testsuite><testsuite name="SoftwareManagement.sm_mapper_fail_and_reconnect" tests="2" errors="0" failures="0" skipped="2" time="0"><testcase classname="MapperC8yReceiveLastMessageOnRestart" name="SoftwareManagement.sm_mapper_fail_and_reconnect">
		<skipped message="SKIPPED: instable https://github.com/thin-edge/thin-edge.io/issues/752" />
		<system-out>09:18:48 INFO  ==============================================================
09:18:48 INFO  Id:    SoftwareManagement.sm_mapper_fail_and_reconnect
09:18:48 INFO  Dir:   software_management_end_to_end/
09:18:48 INFO  Title: Validate the tedge-mapper-sm-c8y for receiving the last message on restart
09:18:48 INFO  ==============================================================
09:18:48 INFO  instable https://github.com/thin-edge/thin-edge.io/issues/752 ... skipped
09:18:48 INFO  
09:18:48 INFO  Test duration: 0.02 secs
09:18:48 INFO  Test final outcome:  SKIPPED
09:18:48 INFO  Test outcome reason: instable https://github.com/thin-edge/thin-edge.io/issues/752
09:18:48 INFO  
</system-out>
	</testcase>
<testcase classname="MapperC8yReceiveLastMessageOnRestart" name="SoftwareManagement.sm_mapper_fail_and_reconnect">
		<skipped message="SKIPPED: instable https://github.com/thin-edge/thin-edge.io/issues/752" />
		<system-out>10:30:02 INFO  ==============================================================
10:30:02 INFO  Id:    SoftwareManagement.sm_mapper_fail_and_reconnect
10:30:02 INFO  Dir:   software_management_end_to_end/
10:30:02 INFO  Title: Validate the tedge-mapper-sm-c8y for receiving the last message on restart
10:30:02 INFO  ==============================================================
10:30:02 INFO  instable https://github.com/thin-edge/thin-edge.io/issues/752 ... skipped
10:30:02 INFO  
10:30:02 INFO  Test duration: 0.04 secs
10:30:02 INFO  Test final outcome:  SKIPPED
10:30:02 INFO  Test outcome reason: instable https://github.com/thin-edge/thin-edge.io/issues/752
10:30:02 INFO  
</system-out>
	</testcase>
</testsuite><testsuite name="SoftwareManagement.sm_mixed_install_remove_multiple" tests="2" errors="0" failures="1" skipped="1" time="0"><testcase classname="PySysTest" name="SoftwareManagement.sm_mixed_install_remove_multiple">
		<skipped message="SKIPPED: Testing the fake plugin is not enabled.Use parameter -Xfakeplugin=fakeplugin to enable it" />
		<system-out>09:18:49 INFO  ==============================================================
09:18:49 INFO  Id:    SoftwareManagement.sm_mixed_install_remove_multiple
09:18:49 INFO  Dir:   software_management_end_to_end/
09:18:49 INFO  Title: Validate end to end behaviour for the dummy-plugin for multiple packages with mixed versions
09:18:49 INFO  ==============================================================
09:18:49 INFO  Testing the fake plugin is not enabled.Use parameter -Xfakeplugin=fakeplugin to enable it ... skipped
09:18:49 WARN  Aborted test due to SKIPPED outcome
09:18:49 INFO  
09:18:49 INFO  Test duration: 0.05 secs
09:18:49 INFO  Test final outcome:  SKIPPED
09:18:49 INFO  Test outcome reason: Testing the fake plugin is not enabled.Use parameter -Xfakeplugin=fakeplugin to enable it
09:18:49 INFO  
</system-out>
	</testcase>
<testcase classname="PySysTest" name="SoftwareManagement.sm_mixed_install_remove_multiple">
		<failure message="FAILED: Assert that (False == value) with value=True" type="FAILED" />
		<system-out>10:30:02 INFO  ==============================================================
10:30:02 INFO  Id:    SoftwareManagement.sm_mixed_install_remove_multiple
10:30:02 INFO  Dir:   software_management_end_to_end/
10:30:02 INFO  Title: Validate end to end behaviour for the dummy-plugin for multiple packages with mixed versions
10:30:02 INFO  ==============================================================
10:30:02 INFO  Using sw id database: {'asciijump': '5475369', 'robotfindskitten': '5474869', 'squirrel3': '5475279', 'rolldice': '5152439', 'moon-buggy': '5439204', 'apple': '5495053', 'banana': '5494888', 'cherry': '5495382', 'watermelon': '5494510', 'registry': '8018911', 'hello-world': '8021526', 'docker/getting-started': '8021973', 'alpine': '7991792'}
10:30:02 INFO  EnvironmentC8y Setup
10:30:02 INFO  Executed systemctl&lt;serv_mapper1&gt;, exit status 3
10:30:02 INFO  Restarting mosquitto too frequently in the last 10 seconds. It was only up for 5 seconds
10:30:02 INFO  Delaying execution by 6 seconds
10:30:23 INFO  Executed sudo&lt;tedge_connect_c8y&gt;, exit status 0, duration 14 secs
10:30:23 INFO  Executed sudo&lt;tedge_connect_c8y_test&gt;, exit status 0
10:30:24 INFO  Executed systemctl&lt;serv_mosq2&gt;, exit status 0
10:30:24 INFO  Executed systemctl&lt;serv_mapper3&gt;, exit status 0
10:30:27 INFO  State of current operation: SUCCESSFUL
10:30:27 INFO  Package apple is installed
10:30:27 INFO  Assert that (True == value) with value=True ... passed
10:30:27 INFO  Package banana is installed
10:30:27 INFO  Assert that (True == value) with value=True ... passed
10:30:27 INFO  Package cherry is installed
10:30:27 INFO  Assert that (True == value) with value=True ... passed
10:30:27 INFO  Package asciijump is installed
10:30:27 WARN  Assert that (False == value) with value=True ... failed 
10:30:28 INFO  Assert that (False == value) with value=False ... passed
10:30:28 INFO  Response status: 201
10:30:28 INFO  Response to action: {
    "delivery": {
        "log": [],
        "time": "2022-05-30T10:30:28.444Z",
        "status": "PENDING"
    },
    "creationTime": "2022-05-30T10:30:28.425Z",
    "deviceId": "19787672",
    "deviceName": "mythicb",
    "self": "https://t493319102.eu-latest.cumulocity.com/devicecontrol/operations/19820222",
    "id": "19820222",
    "status": "PENDING",
    "description": "Apply software changes, triggered from PySys: [{'action': 'install', 'id': '5495053', 'name': 'apple', 'url': ' ', 'version': '::fruits'}, {'action': 'install', 'id': '5494888', 'name': 'banana', 'url': ' ', 'version': '::fruits'}, {'action': 'install', 'id': '5475369', 'name': 'asciijump', 'url': ' ', 'version': '::apt'}, {'action': 'install', 'id': '5495382', 'name': 'cherry', 'url': ' ', 'version': '::fruits'}, {'action': 'install', 'id': '8018911', 'name': 'registry', 'url': ' ', 'version': '::docker'}]",
    "c8y_SoftwareUpdate": [
        {
            "name": "apple",
            "action": "install",
[...]
09:09:09 INFO  Testing the docker plugin is not supported on this platform.To run it, all the test with -XmyPlatform='container' ... skipped
09:09:09 WARN  Aborted test due to SKIPPED outcome
09:09:09 INFO  
09:09:09 INFO  Test duration: 0.02 secs
09:09:09 INFO  Test final outcome:  SKIPPED
09:09:09 INFO  Test outcome reason: Testing the docker plugin is not supported on this platform.To run it, all the test with -XmyPlatform='container'
09:09:09 INFO  
</system-out>
	</testcase>
<testcase classname="DockerPluginUpdateTest" name="docker_plugin_update" />
</testsuite><testsuite name="invalid_device_id" tests="1" errors="0" failures="0" skipped="0" time="0"><testcase classname="InvalidDeviceId" name="invalid_device_id" />
</testsuite><testsuite name="local_mqtt_pub_fail_noqos" tests="1" errors="0" failures="0" skipped="0" time="0"><testcase classname="PySysTest" name="local_mqtt_pub_fail_noqos" />
</testsuite><testsuite name="local_mqtt_pub_fail_qos0" tests="1" errors="0" failures="0" skipped="0" time="0"><testcase classname="PySysTest" name="local_mqtt_pub_fail_qos0" />
</testsuite><testsuite name="local_mqtt_pub_fail_qos1" tests="1" errors="0" failures="0" skipped="0" time="0"><testcase classname="PySysTest" name="local_mqtt_pub_fail_qos1" />
</testsuite><testsuite name="local_mqtt_pub_fail_qos2" tests="1" errors="0" failures="0" skipped="0" time="0"><testcase classname="PySysTest" name="local_mqtt_pub_fail_qos2" />
</testsuite><testsuite name="local_mqtt_pub_sub" tests="1" errors="0" failures="0" skipped="0" time="0"><testcase classname="PySysTest" name="local_mqtt_pub_sub" />
</testsuite><testsuite name="local_mqtt_pub_sub_retain" tests="1" errors="0" failures="1" skipped="0" time="0"><testcase classname="MqttPublishWithRetain" name="local_mqtt_pub_sub_retain">
		<failure message="FAILED: Grep on temp_sensor_sub.out contains &quot;\[test/alarms/temp_sensor\] alarm msg 2&quot; (+1 other failures)" type="FAILED" />
		<system-out>09:07:02 INFO  ==============================================================
09:07:02 INFO  Id:    local_mqtt_pub_sub_retain
09:07:02 INFO  Dir:   local_mqtt/
09:07:02 INFO  Title: Validate local publishing with retain flag
09:07:02 INFO  ==============================================================
09:07:02 INFO  Executed tedge&lt;pub_to_set_alarm&gt;, exit status 0
09:07:03 INFO  Executed tedge&lt;pub_to_set_alarm&gt;, exit status 0
09:07:04 INFO  Started tedge&lt;temp_sensor_sub&gt; with process id 22144
09:07:04 INFO  Executed tedge&lt;pub_to_clear_alarm&gt;, exit status 0
09:07:06 INFO  Executed sudo&lt;kill_out&gt;, exit status 0
09:07:06 INFO  Executed tedge&lt;pub_to_clear_alarm&gt;, exit status 0
09:07:06 INFO  Started tedge&lt;temp_sensor_empty_message&gt; with process id 22149
09:07:08 INFO  Executed sudo&lt;kill_out&gt;, exit status 0
09:07:08 WARN  Grep on temp_sensor_sub.out contains "\[test/alarms/temp_sensor\] alarm msg 2" ... failed [run.py:139]
09:07:08 WARN  Grep on temp_sensor_sub.out contains "\[test/alarms/temp_sensor\] " ... failed [run.py:142]
09:07:08 INFO  Grep on file temp_sensor_empty_message.out ... passed
09:07:08 INFO  
09:07:08 INFO  Test duration: 6.14 secs
09:07:08 INFO  Test final outcome:  FAILED
09:07:08 INFO  Test outcome reason: Grep on temp_sensor_sub.out contains "\[test/alarms/temp_sensor\] alarm msg 2" (+1 other failures)
09:07:08 INFO  
</system-out>
	</testcase>
</testsuite><testsuite name="local_mqtt_pub_sub_with_sudo" tests="1" errors="0" failures="0" skipped="0" time="0"><testcase classname="PySysTest" name="local_mqtt_pub_sub_with_sudo" />
</testsuite><testsuite name="local_mqtt_sub_fail" tests="1" errors="0" failures="0" skipped="0" time="0"><testcase classname="PySysTest" name="local_mqtt_sub_fail" />
</testsuite><testsuite name="log_request_error_messages" tests="1" errors="0" failures="0" skipped="1" time="0"><testcase classname="LogRequestVerifySearchTextError" name="log_request_error_messages">
		<skipped message="SKIPPED: Test execution disabled due to #1123" />
		<system-out>09:07:13 INFO  ==============================================================
09:07:13 INFO  Id:    log_request_error_messages
09:07:13 INFO  Dir:   log_request_end_to_end/
09:07:13 INFO  Title: Validate end to end behaviour for the log request operation check for error messages
09:07:13 INFO  ==============================================================
09:07:14 INFO  Test execution disabled due to #1123 ... skipped
09:07:14 INFO  
09:07:14 INFO  Test duration: 1.24 secs
09:07:14 INFO  Test final outcome:  SKIPPED
09:07:14 INFO  Test outcome reason: Test execution disabled due to #1123
09:07:14 INFO  
</system-out>
	</testcase>
</testsuite><testsuite name="log_request_num_lines" tests="1" errors="0" failures="0" skipped="1" time="0"><testcase classname="LogRequestVerifyNumberOfLines" name="log_request_num_lines">
		<skipped message="SKIPPED: Test execution disabled due to #1123" />
		<system-out>09:07:14 INFO  ==============================================================
09:07:14 INFO  Id:    log_request_num_lines
09:07:14 INFO  Dir:   log_request_end_to_end/
09:07:14 INFO  Title: Validate end to end behaviour for the log request operation check for number of lines
09:07:14 INFO  ==============================================================
09:07:14 INFO  Test execution disabled due to #1123 ... skipped
09:07:14 INFO  
09:07:14 INFO  Test duration: 0.02 secs
09:07:14 INFO  Test final outcome:  SKIPPED
09:07:14 INFO  Test outcome reason: Test execution disabled due to #1123
09:07:14 INFO  
</system-out>
	</testcase>
</testsuite><testsuite name="mapper_awaits_before_reconnect" tests="1" errors="0" failures="0" skipped="0" time="0"><testcase classname="MapperReconnectAwait" name="mapper_awaits_before_reconnect" />
</testsuite><testsuite name="monitoring_smaller_interval" tests="1" errors="0" failures="0" skipped="1" time="0"><testcase classname="MonitoringSmallInterval" name="monitoring_smaller_interval">
		<skipped message="SKIPPED: Fails due to retained message" />
		<system-out>09:09:03 INFO  ==============================================================
09:09:03 INFO  Id:    monitoring_smaller_interval
09:09:03 INFO  Dir:   monitoring/
09:09:03 INFO  Title: Validate the tedge dm agent messages that are produced with smaller sampling interval than the batching window. Here the simulated collectd messages are used
09:09:03 INFO  ==============================================================
09:09:03 INFO  Fails due to retained message ... skipped
09:09:03 INFO  
09:09:03 INFO  Test duration: 0.02 secs
09:09:03 INFO  Test final outcome:  SKIPPED
09:09:03 INFO  Test outcome reason: Fails due to retained message
09:09:03 INFO  
</system-out>
	</testcase>
</testsuite><testsuite name="monitoring_with_collectd" tests="1" errors="0" failures="0" skipped="1" time="0"><testcase classname="MonitoringWithCollectd" name="monitoring_with_collectd">
		<skipped message="SKIPPED: Test execution disabled due to #792 (instable)" />
		<system-out>09:09:03 INFO  ==============================================================
09:09:03 INFO  Id:    monitoring_with_collectd
09:09:03 INFO  Dir:   monitoring/
09:09:03 INFO  Title: Validate tedge dm agent messages that are produced by batching the collectd messages
09:09:03 INFO  ==============================================================
09:09:03 INFO  Test execution disabled due to #792 (instable) ... skipped
09:09:03 INFO  
09:09:03 INFO  Test duration: 0.02 secs
09:09:03 INFO  Test final outcome:  SKIPPED
09:09:03 INFO  Test outcome reason: Test execution disabled due to #792 (instable)
09:09:03 INFO  
</system-out>
	</testcase>
</testsuite><testsuite name="monitoring_with_simulated_messages" tests="1" errors="0" failures="0" skipped="1" time="0"><testcase classname="MonitoringWithSimulatedMessages" name="monitoring_with_simulated_messages">
		<skipped message="SKIPPED: Fails due to retained message" />
		<system-out>09:09:03 INFO  ==============================================================
09:09:03 INFO  Id:    monitoring_with_simulated_messages
09:09:03 INFO  Dir:   monitoring/
09:09:03 INFO  Title: Validate the tedge dm agent messages that are produced from the simulated collectd messages
09:09:03 INFO  ==============================================================
09:09:03 INFO  Fails due to retained message ... skipped
09:09:03 INFO  
09:09:03 INFO  Test duration: 0.02 secs
09:09:03 INFO  Test final outcome:  SKIPPED
09:09:03 INFO  Test outcome reason: Fails due to retained message
09:09:03 INFO  
</system-out>
	</testcase>
</testsuite><testsuite name="mqtt_port_change_connection_fails" tests="1" errors="0" failures="0" skipped="0" time="0"><testcase classname="MqttPortChangeConnectionFails" name="mqtt_port_change_connection_fails" />
</testsuite><testsuite name="mqtt_port_change_connection_works" tests="1" errors="0" failures="0" skipped="1" time="0"><testcase classname="MqttPortChangeConnectionWorks" name="mqtt_port_change_connection_works">
		<skipped message="SKIPPED: failing intermitently" />
		<system-out>09:07:49 INFO  ==============================================================
09:07:49 INFO  Id:    mqtt_port_change_connection_works
09:07:49 INFO  Dir:   misc_features/
09:07:49 INFO  Title: mqtt port change connection works for all the thin-edge services that use the mosquitto broker
09:07:49 INFO  ==============================================================
09:07:49 INFO  failing intermitently ... skipped
09:07:49 INFO  
09:07:49 INFO  Test duration: 0.02 secs
09:07:49 INFO  Test final outcome:  SKIPPED
09:07:49 INFO  Test outcome reason: failing intermitently
09:07:49 INFO  
</system-out>
	</testcase>
</testsuite><testsuite name="mqtt_port_set" tests="1" errors="0" failures="0" skipped="0" time="0"><testcase classname="MqttPortSet" name="mqtt_port_set" />
</testsuite><testsuite name="mqtt_port_unset" tests="1" errors="0" failures="0" skipped="0" time="0"><testcase classname="MqttPortUnSet" name="mqtt_port_unset" />
</testsuite><testsuite name="publish_flux" tests="1" errors="0" failures="0" skipped="0" time="0"><testcase classname="PublishFlux" name="publish_flux" />
</testsuite><testsuite name="publish_sawmill" tests="1" errors="0" failures="0" skipped="0" time="0"><testcase classname="PublishSawmill" name="publish_sawmill" />
</testsuite><testsuite name="pysys_block" tests="1" errors="0" failures="0" skipped="1" time="0"><testcase classname="Fail" name="pysys_block">
		<skipped message="SKIPPED: Enable this to observe a blocking test" />
		<system-out>09:08:11 INFO  ==============================================================
09:08:11 INFO  Id:    pysys_block
09:08:11 INFO  Dir:   misc_features/
09:08:11 INFO  Title: fail
09:08:11 INFO  ==============================================================
09:08:12 INFO  Enable this to observe a blocking test ... skipped
09:08:12 INFO  
09:08:12 INFO  Test duration: 0.02 secs
09:08:12 INFO  Test final outcome:  SKIPPED
09:08:12 INFO  Test outcome reason: Enable this to observe a blocking test
09:08:12 INFO  
</system-out>
	</testcase>
</testsuite><testsuite name="pysys_fail" tests="1" errors="0" failures="0" skipped="1" time="0"><testcase classname="Fail" name="pysys_fail">
		<skipped message="SKIPPED: Enable this to observe a failing test" />
		<system-out>09:08:12 INFO  ==============================================================
09:08:12 INFO  Id:    pysys_fail
09:08:12 INFO  Dir:   misc_features/
09:08:12 INFO  Title: fail
09:08:12 INFO  ==============================================================
09:08:12 INFO  Enable this to observe a failing test ... skipped
09:08:12 INFO  
09:08:12 INFO  Test duration: 0.02 secs
09:08:12 INFO  Test final outcome:  SKIPPED
09:08:12 INFO  Test outcome reason: Enable this to observe a failing test
09:08:12 INFO  
</system-out>
	</testcase>
</testsuite><testsuite name="runtime_start_two_mappers" tests="1" errors="0" failures="0" skipped="0" time="0"><testcase classname="RuntimeMultiMappers" name="runtime_start_two_mappers" />
</testsuite><testsuite name="sm_tedge_mapper_init_session" tests="1" errors="0" failures="0" skipped="0" time="0"><testcase classname="TedgeSMMapperInitSession" name="sm_tedge_mapper_init_session" />
</testsuite><testsuite name="smoketest_json" tests="1" errors="0" failures="0" skipped="0" time="0"><testcase classname="SmokeTestJson" name="smoketest_json" />
</testsuite><testsuite name="smoketest_json_400_samples_10ms" tests="1" errors="0" failures="0" skipped="0" time="0"><testcase classname="SmoketestJson400Samples10ms" name="smoketest_json_400_samples_10ms" />
</testsuite><testsuite name="smoketest_json_400_samples_20ms" tests="1" errors="0" failures="0" skipped="0" time="0"><testcase classname="SmoketestJson400Samples20ms" name="smoketest_json_400_samples_20ms" />
</testsuite><testsuite name="smoketest_smartrest" tests="1" errors="0" failures="0" skipped="0" time="0"><testcase classname="SmoketestSmartRest" name="smoketest_smartrest" />
</testsuite><testsuite name="smoketest_smartrest_200_samples_1Xms" tests="1" errors="0" failures="0" skipped="0" time="0"><testcase classname="SmoketestSmartRest200Samples1Xms" name="smoketest_smartrest_200_samples_1Xms" />
</testsuite><testsuite name="smoketest_smartrest_200_samples_20ms" tests="1" errors="0" failures="0" skipped="0" time="0"><testcase classname="SmoketestSmartRest200Samples20ms" name="smoketest_smartrest_200_samples_20ms" />
</testsuite><testsuite name="tedge_agent_user_sudo_access" tests="1" errors="0" failures="0" skipped="1" time="0"><testcase classname="TedgeAgentUserSudoAccess" name="tedge_agent_user_sudo_access">
		<skipped message="SKIPPED: #955 Observation: Exit code of the apt plugin when called with no arguments" />
		<system-out>09:19:15 INFO  ==============================================================
09:19:15 INFO  Id:    tedge_agent_user_sudo_access
09:19:15 INFO  Dir:   tedge/
09:19:15 INFO  Title: Validate tedge-agent user has a limited sudo right
09:19:15 INFO  ==============================================================
09:19:15 INFO  #955 Observation: Exit code of the apt plugin when called with no arguments ... skipped
09:19:15 INFO  
09:19:15 INFO  Test duration: 0.02 secs
09:19:15 INFO  Test final outcome:  SKIPPED
09:19:15 INFO  Test outcome reason: #955 Observation: Exit code of the apt plugin when called with no arguments
09:19:15 INFO  
</system-out>
	</testcase>
</testsuite><testsuite name="tedge_connect_test_negative" tests="1" errors="0" failures="0" skipped="0" time="0"><testcase classname="TedgeConnectTestNegative" name="tedge_connect_test_negative" />
</testsuite><testsuite name="tedge_connect_test_positive" tests="1" errors="0" failures="0" skipped="0" time="0"><testcase classname="TedgeConnectTestPositive" name="tedge_connect_test_positive" />
</testsuite><testsuite name="tedge_connect_test_sm_services" tests="1" errors="0" failures="0" skipped="0" time="0"><testcase classname="TedgeConnectTestSMServices" name="tedge_connect_test_sm_services" />
</testsuite><testsuite name="tedge_disconnect_test_sm_services" tests="1" errors="0" failures="0" skipped="0" time="0"><testcase classname="TedgeDisConnectTestSMServices" name="tedge_disconnect_test_sm_services" />
</testsuite><testsuite name="tedge_mapper_az_negative" tests="1" errors="0" failures="0" skipped="0" time="0"><testcase classname="TedgeMapperAzError" name="tedge_mapper_az_negative" />
</testsuite><testsuite name="tedge_mapper_az_with_timestamp" tests="1" errors="0" failures="1" skipped="0" time="0"><testcase classname="TedgeMapperAzWithTimestamp" name="tedge_mapper_az_with_timestamp">
		<failure message="BLOCKED: JSONDecodeError: Expecting value: line 1 column 1 (char 0)" type="BLOCKED" />
		<system-out>09:21:48 INFO  ==============================================================
09:21:48 INFO  Id:    tedge_mapper_az_with_timestamp
09:21:48 INFO  Dir:   tedge_mapper_az/
09:21:48 INFO  Title: Validate the Azure Mapper that publishes a Thin Edge JSON message with timestamp on az/messages/events/ when it receives a valid JSON message on tedge/measurements
09:21:48 INFO  ==============================================================
09:21:49 INFO  Executed sudo&lt;tedge_mapper_az&gt;, exit status 0
09:21:49 INFO  Started sudo&lt;tedge_sub&gt; with process id 26287
09:21:49 INFO  Executed sudo&lt;tedge_temp&gt;, exit status 0
09:21:50 INFO  Executed sudo&lt;kill_out&gt;, exit status 0
09:21:50 WARN  JSONDecodeError occurred while running test - Expecting value: line 1 column 1 (char 0)
Traceback (most recent call last):
  File "/home/pi/env-pysys/lib/python3.7/site-packages/pysys/baserunner.py", line 1296, in __call__
    self.testObj.validate()
  File "/home/pi/actions-runner/_work/thin-edge.io/thin-edge.io/tests/PySys/tedge_mapper_az/tedge_mapper_az_with_timestamp/run.py", line 70, in validate
    thin_edge_json = json.load(f)
  File "/usr/lib/python3.7/json/__init__.py", line 296, in load
    parse_constant=parse_constant, object_pairs_hook=object_pairs_hook, **kw)
  File "/usr/lib/python3.7/json/__init__.py", line 348, in loads
    return _default_decoder.decode(s)
  File "/usr/lib/python3.7/json/decoder.py", line 337, in decode
    obj, end = self.raw_decode(s, idx=_w(s, 0).end())
  File "/usr/lib/python3.7/json/decoder.py", line 355, in raw_decode
    raise JSONDecodeError("Expecting value", s, err.value) from None
json.decoder.JSONDecodeError: Expecting value: line 1 column 1 (char 0)
09:21:50 WARN  JSONDecodeError: Expecting value: line 1 column 1 (char 0) ... blocked 
09:21:50 INFO  
09:21:50 INFO  cleanup:
09:21:50 INFO  mapper_cleanup
09:21:50 INFO  Executed sudo&lt;tedge_mapper_az&gt;, exit status 0
09:21:50 INFO  
09:21:50 INFO  Test duration: 2.47 secs
09:21:50 INFO  Test final outcome:  BLOCKED
09:21:50 INFO  Test outcome reason: JSONDecodeError: Expecting value: line 1 column 1 (char 0)
09:21:50 INFO  
</system-out>
	</testcase>
</testsuite><testsuite name="tedge_mapper_az_without_timestamp" tests="1" errors="0" failures="0" skipped="0" time="0"><testcase classname="TedgeMapperAzWithoutTimestamp" name="tedge_mapper_az_without_timestamp" />
</testsuite><testsuite name="tedge_mapper_c8y_alarms" tests="1" errors="0" failures="0" skipped="0" time="0"><testcase classname="TedgeMapperC8yAlarm" name="tedge_mapper_c8y_alarms" />
</testsuite><testsuite name="tedge_mapper_c8y_child_device_measurement" tests="1" errors="0" failures="0" skipped="1" time="0"><testcase classname="TedgeMapperC8yChildDevice" name="tedge_mapper_c8y_child_device_measurement">
		<skipped message="SKIPPED: Test execution disabled due to #1088" />
		<system-out>09:23:37 INFO  ==============================================================
09:23:37 INFO  Id:    tedge_mapper_c8y_child_device_measurement
09:23:37 INFO  Dir:   tedge_mapper_c8y/
09:23:37 INFO  Title: Validate that measurements sent to tedge/measurements/child topic gets mapped as the child device's measurement in Cumulocity
09:23:37 INFO  ==============================================================
09:23:37 INFO  Test execution disabled due to #1088 ... skipped
09:23:37 INFO  
09:23:37 INFO  Test duration: 0.04 secs
09:23:37 INFO  Test final outcome:  SKIPPED
09:23:37 INFO  Test outcome reason: Test execution disabled due to #1088
09:23:37 INFO  
</system-out>
	</testcase>
</testsuite><testsuite name="tedge_mapper_c8y_packet_threshold_size" tests="1" errors="0" failures="0" skipped="0" time="0"><testcase classname="TedgeMapperC8yThresholdPacketSize" name="tedge_mapper_c8y_packet_threshold_size" />
</testsuite><testsuite name="tedge_software_update" tests="1" errors="0" failures="0" skipped="0" time="0"><testcase classname="PySysTest" name="tedge_software_update" />
</testsuite><testsuite name="valid_device_id" tests="1" errors="0" failures="0" skipped="0" time="0"><testcase classname="ValidateValidDeviceId" name="valid_device_id" />
</testsuite></testsuites>