<?xml version='1.0' encoding='utf-8'?>
<testsuites tests="149" failures="14" errors="0" skipped="49" time="0.0"><testsuite name="SoftwareManagement.Plugin.apama_plugin_install" tests="3" errors="0" failures="0" skipped="1" time="0"><testcase classname="ApamaPluginInstallTest" name="SoftwareManagement.Plugin.apama_plugin_install">
		<skipped message="SKIPPED: Apama plugin tests are disabled by default. Execute `pysys run` with `-XmyPlatform=container` to run these tests" />
		<system-out>07:54:22 INFO  ==============================================================
07:54:22 INFO  Id:    SoftwareManagement.Plugin.apama_plugin_install
07:54:22 INFO  Dir:   plugin_apama/
07:54:22 INFO  Title: Validate apama plugin install
07:54:22 INFO  ==============================================================
07:54:22 INFO  Apama plugin tests are disabled by default. Execute `pysys run` with `-XmyPlatform=container` to run these tests ... skipped
07:54:22 WARN  Aborted test due to SKIPPED outcome
07:54:22 INFO  
07:54:22 INFO  Test duration: 0.06 secs
07:54:22 INFO  Test final outcome:  SKIPPED
07:54:22 INFO  Test outcome reason: Apama plugin tests are disabled by default. Execute `pysys run` with `-XmyPlatform=container` to run these tests
07:54:22 INFO  
</system-out>
	</testcase>
<testcase classname="ApamaPluginInstallTest" name="SoftwareManagement.Plugin.apama_plugin_install" />
<testcase classname="ApamaPluginInstallTest" name="SoftwareManagement.Plugin.apama_plugin_install" />
</testsuite><testsuite name="SoftwareManagement.Plugin.apama_plugin_mon_support" tests="3" errors="0" failures="0" skipped="1" time="0"><testcase classname="ApamaPluginMonSupportTest" name="SoftwareManagement.Plugin.apama_plugin_mon_support">
		<skipped message="SKIPPED: Apama plugin tests are disabled by default. Execute `pysys run` with `-XmyPlatform=container` to run these tests" />
		<system-out>07:54:22 INFO  ==============================================================
07:54:22 INFO  Id:    SoftwareManagement.Plugin.apama_plugin_mon_support
07:54:22 INFO  Dir:   plugin_apama/
07:54:22 INFO  Title: Validate mon file support of apama plugin
07:54:22 INFO  ==============================================================
07:54:22 INFO  Apama plugin tests are disabled by default. Execute `pysys run` with `-XmyPlatform=container` to run these tests ... skipped
07:54:22 WARN  Aborted test due to SKIPPED outcome
07:54:22 INFO  
07:54:22 INFO  Test duration: 0.02 secs
07:54:22 INFO  Test final outcome:  SKIPPED
07:54:22 INFO  Test outcome reason: Apama plugin tests are disabled by default. Execute `pysys run` with `-XmyPlatform=container` to run these tests
07:54:22 INFO  
</system-out>
	</testcase>
<testcase classname="ApamaPluginMonSupportTest" name="SoftwareManagement.Plugin.apama_plugin_mon_support" />
<testcase classname="ApamaPluginMonSupportTest" name="SoftwareManagement.Plugin.apama_plugin_mon_support" />
</testsuite><testsuite name="SoftwareManagement.Plugin.apama_plugin_remove" tests="3" errors="0" failures="0" skipped="1" time="0"><testcase classname="ApamaPluginRemoveTest" name="SoftwareManagement.Plugin.apama_plugin_remove">
		<skipped message="SKIPPED: Apama plugin tests are disabled by default. Execute `pysys run` with `-XmyPlatform=container` to run these tests" />
		<system-out>07:54:22 INFO  ==============================================================
07:54:22 INFO  Id:    SoftwareManagement.Plugin.apama_plugin_remove
07:54:22 INFO  Dir:   plugin_apama/
07:54:22 INFO  Title: Validate apama plugin remove
07:54:22 INFO  ==============================================================
07:54:22 INFO  Apama plugin tests are disabled by default. Execute `pysys run` with `-XmyPlatform=container` to run these tests ... skipped
07:54:22 WARN  Aborted test due to SKIPPED outcome
07:54:22 INFO  
07:54:22 INFO  Test duration: 0.02 secs
07:54:22 INFO  Test final outcome:  SKIPPED
07:54:22 INFO  Test outcome reason: Apama plugin tests are disabled by default. Execute `pysys run` with `-XmyPlatform=container` to run these tests
07:54:22 INFO  
</system-out>
	</testcase>
<testcase classname="ApamaPluginRemoveTest" name="SoftwareManagement.Plugin.apama_plugin_remove" />
<testcase classname="ApamaPluginRemoveTest" name="SoftwareManagement.Plugin.apama_plugin_remove" />
</testsuite><testsuite name="SoftwareManagement.Plugin.apama_plugin_update" tests="3" errors="0" failures="2" skipped="1" time="0"><testcase classname="ApamaPluginUpdateTest" name="SoftwareManagement.Plugin.apama_plugin_update">
		<skipped message="SKIPPED: Apama plugin tests are disabled by default. Execute `pysys run` with `-XmyPlatform=container` to run these tests" />
		<system-out>07:54:22 INFO  ==============================================================
07:54:22 INFO  Id:    SoftwareManagement.Plugin.apama_plugin_update
07:54:22 INFO  Dir:   plugin_apama/
07:54:22 INFO  Title: Validate apama plugin updating one project with another
07:54:22 INFO  ==============================================================
07:54:22 INFO  Apama plugin tests are disabled by default. Execute `pysys run` with `-XmyPlatform=container` to run these tests ... skipped
07:54:22 WARN  Aborted test due to SKIPPED outcome
07:54:22 INFO  
07:54:22 INFO  Test duration: 0.02 secs
07:54:22 INFO  Test final outcome:  SKIPPED
07:54:22 INFO  Test outcome reason: Apama plugin tests are disabled by default. Execute `pysys run` with `-XmyPlatform=container` to run these tests
07:54:22 INFO  
</system-out>
	</testcase>
<testcase classname="ApamaPluginUpdateTest" name="SoftwareManagement.Plugin.apama_plugin_update">
		<failure message="BLOCKED: sudo&lt;plugin_install&gt; returned non-zero exit code 2" type="BLOCKED" />
		<system-out>08:52:29 INFO  ==============================================================
08:52:29 INFO  Id:    SoftwareManagement.Plugin.apama_plugin_update
08:52:29 INFO  Dir:   plugin_apama/
08:52:29 INFO  Title: Validate apama plugin updating one project with another
08:52:29 INFO  ==============================================================
08:52:29 INFO  Assertion that path exists=False for "/etc/tedge/apama/project" ... passed
08:52:29 INFO  Executed sudo&lt;create_project_dir&gt;, exit status 0
08:52:30 INFO  Executed sudo&lt;unzip_apama_project&gt;, exit status 0
08:52:30 INFO  Executed sudo&lt;move_apama_project&gt;, exit status 0
08:52:31 INFO  Executed sudo&lt;restart_apama_service&gt;, exit status 0
08:52:32 INFO  Executed sudo&lt;apama_correlator_wait&gt;, exit status 0
08:52:32 INFO  Assertion that path exists=True for "/etc/tedge/apama/project" ... passed
08:52:33 INFO  Executed sudo&lt;apama_list_monitors&gt;, exit status 0
08:52:33 INFO  Grep on file /home/pi/actions-runner/_work/thin-edge.io/thin-edge.io/tests/PySys/plugin_apama/apama_plugin_update/Output/linux/apama_list_monitors.out ... passed
08:52:33 WARN  Executed sudo&lt;plugin_install&gt;, exit status 2
08:52:33 INFO  Contents of plugin_install.err: 
  ERROR: Directory not empty (os error 39)
  -----

08:52:34 WARN  sudo&lt;plugin_install&gt; returned non-zero exit code 2 ... blocked [run.py:26]
08:52:34 WARN  Aborted test due to BLOCKED outcome
08:52:34 INFO  
08:52:34 INFO  cleanup:
08:52:34 INFO  Removing apama project
08:52:50 INFO  Executed sudo&lt;stop_apama_service&gt;, exit status 0, duration 16 secs
08:52:51 INFO  Executed sudo&lt;remove_apama_project&gt;, exit status 0
08:52:51 INFO  Executed sudo&lt;remove_apama_tmp_dir&gt;, exit status 0
08:52:51 INFO  
08:52:51 INFO  Test duration: 22.55 secs
08:52:51 INFO  Test final outcome:  BLOCKED
08:52:51 INFO  Test outcome reason: sudo&lt;plugin_install&gt; returned non-zero exit code 2
08:52:51 INFO  
</system-out>
	</testcase>
<testcase classname="ApamaPluginUpdateTest" name="SoftwareManagement.Plugin.apama_plugin_update">
		<failure message="BLOCKED: sudo&lt;plugin_install&gt; returned non-zero exit code 2" type="BLOCKED" />
		<system-out>09:01:51 INFO  ==============================================================
09:01:51 INFO  Id:    SoftwareManagement.Plugin.apama_plugin_update
09:01:51 INFO  Dir:   plugin_apama/
09:01:51 INFO  Title: Validate apama plugin updating one project with another
09:01:51 INFO  ==============================================================
09:01:51 INFO  Assertion that path exists=False for "/etc/tedge/apama/project" ... passed
09:01:52 INFO  Executed sudo&lt;create_project_dir&gt;, exit status 0
09:01:52 INFO  Executed sudo&lt;unzip_apama_project&gt;, exit status 0
09:01:53 INFO  Executed sudo&lt;move_apama_project&gt;, exit status 0
09:01:54 INFO  Executed sudo&lt;restart_apama_service&gt;, exit status 0
09:01:55 INFO  Executed sudo&lt;apama_correlator_wait&gt;, exit status 0
09:01:55 INFO  Assertion that path exists=True for "/etc/tedge/apama/project" ... passed
09:01:56 INFO  Executed sudo&lt;apama_list_monitors&gt;, exit status 0
09:01:56 INFO  Grep on file /home/pi/actions-runner/_work/thin-edge.io/thin-edge.io/tests/PySys/plugin_apama/apama_plugin_update/Output/linux/apama_list_monitors.out ... passed
09:01:56 WARN  Executed sudo&lt;plugin_install&gt;, exit status 2
09:01:56 INFO  Contents of plugin_install.err: 
  ERROR: Directory not empty (os error 39)
  -----

09:01:57 WARN  sudo&lt;plugin_install&gt; returned non-zero exit code 2 ... blocked [run.py:26]
09:01:57 WARN  Aborted test due to BLOCKED outcome
09:01:57 INFO  
09:01:57 INFO  cleanup:
09:01:57 INFO  Removing apama project
09:02:12 INFO  Executed sudo&lt;stop_apama_service&gt;, exit status 0, duration 15 secs
09:02:13 INFO  Executed sudo&lt;remove_apama_project&gt;, exit status 0
09:02:14 INFO  Executed sudo&lt;remove_apama_tmp_dir&gt;, exit status 0
09:02:14 INFO  
09:02:14 INFO  Test duration: 22.37 secs
09:02:14 INFO  Test final outcome:  BLOCKED
09:02:14 INFO  Test outcome reason: sudo&lt;plugin_install&gt; returned non-zero exit code 2
09:02:14 INFO  
</system-out>
	</testcase>
</testsuite><testsuite name="SoftwareManagement.sm_apt_install_download_path" tests="3" errors="0" failures="2" skipped="1" time="0"><testcase classname="AptInstallWithDownloadPath" name="SoftwareManagement.sm_apt_install_download_path">
		<skipped message="SKIPPED: Testing the apt plugin is not supported on this platform.Use parameter -XmyPlatform='container' to enable it" />
		<system-out>08:04:44 INFO  ==============================================================
08:04:44 INFO  Id:    SoftwareManagement.sm_apt_install_download_path
08:04:44 INFO  Dir:   software_management_end_to_end/
08:04:44 INFO  Title: Install package to directory specified in tedge config set tmp.path
08:04:44 INFO  ==============================================================
08:04:44 INFO  Testing the apt plugin is not supported on this platform.Use parameter -XmyPlatform='container' to enable it ... skipped
08:04:44 WARN  Aborted test due to SKIPPED outcome
08:04:44 INFO  
08:04:44 INFO  Test duration: 0.13 secs
08:04:44 INFO  Test final outcome:  SKIPPED
08:04:44 INFO  Test outcome reason: Testing the apt plugin is not supported on this platform.Use parameter -XmyPlatform='container' to enable it
08:04:44 INFO  
</system-out>
	</testcase>
<testcase classname="AptInstallWithDownloadPath" name="SoftwareManagement.sm_apt_install_download_path">
		<failure message="BLOCKED: AssertionError:" type="BLOCKED" />
		<system-out>08:32:30 INFO  ==============================================================
08:32:30 INFO  Id:    SoftwareManagement.sm_apt_install_download_path
08:32:30 INFO  Dir:   software_management_end_to_end/
08:32:30 INFO  Title: Install package to directory specified in tedge config set tmp.path
08:32:30 INFO  ==============================================================
08:32:30 INFO  Using sw id database: {'asciijump': '5475369', 'robotfindskitten': '5474869', 'squirrel3': '5475279', 'rolldice': '5152439', 'moon-buggy': '5439204', 'apple': '5495053', 'banana': '5494888', 'cherry': '5495382', 'watermelon': '5494510', 'registry': '8018911', 'hello-world': '8021526', 'docker/getting-started': '8021973', 'alpine': '7991792'}
08:32:30 INFO  EnvironmentC8y Setup
08:32:31 INFO  Executed systemctl&lt;serv_mapper1&gt;, exit status 3
08:32:50 INFO  Executed sudo&lt;tedge_connect_c8y&gt;, exit status 0, duration 19 secs
08:32:51 INFO  Executed sudo&lt;tedge_connect_c8y_test&gt;, exit status 0
08:32:52 INFO  Executed systemctl&lt;serv_mosq2&gt;, exit status 0
08:32:52 INFO  Executed systemctl&lt;serv_mapper3&gt;, exit status 0
08:32:54 INFO  State of current operation: SUCCESSFUL
08:32:55 INFO  Assert that (False == value) with value=False ... passed
08:32:55 INFO  Executed sudo, exit status 0
08:32:56 INFO  Executed sudo, exit status 0
08:32:56 INFO  Executed sudo, exit status 0
08:33:02 INFO  Executed sudo&lt;tedge_disconnect_c8y&gt;, exit status 0
08:33:02 INFO  Restarting mosquitto too frequently in the last 10 seconds. It was only up for 5 seconds
08:33:02 INFO  Delaying execution by 6 seconds
08:33:25 INFO  Executed sudo&lt;tedge_connect_c8y&gt;, exit status 0, duration 17 secs
08:33:25 INFO  Response status: 201
08:33:25 INFO  Response to action: {
    "creationTime": "2022-05-03T08:33:25.858Z",
    "deviceName": "m32sd11e",
    "deviceId": "18246155",
    "self": "https://t493319102.eu-latest.cumulocity.com/devicecontrol/operations/18263543",
    "id": "18263543",
    "status": "PENDING",
    "description": "Apply software changes, triggered from PySys: [{'name': 'rolldice', 'id': '5152439', 'version': '::apt', 'url': 'https://thin-edge-io.eu-latest.cumulocity.com/inventory/binaries/12435463', 'action': 'install'}]",
    "c8y_SoftwareUpdate": [
        {
            "name": "rolldice",
            "action": "install",
            "id": "5152439",
            "version": "::apt",
            "url": "https://thin-edge-io.eu-latest.cumulocity.com/inventory/binaries/12435463"
        }
    ]
}
08:33:25 INFO  Started operation: {'creationTime': '2022-05-03T08:33:25.858Z', 'deviceName': 'm32sd11e', 'deviceId': '18246155', 'self': 'https://t493319102.eu-latest.cumulocity.com/devicecontrol/operations/18263543', 'id': '18263543', 'status': 'PENDING', 'description': "Apply software changes, triggered from PySys: [{'name': 'rolldice', 'id': '5152439', 'version': '::apt', 'url': 'https://thin-edge-io.eu-latest.cumulocity.com/inventory/binaries/12435463', 'action': 'install'}]", 'c8y_SoftwareUpdate': [{'name': 'rolldice', 'action': 'install', 'id': '5152439', 'version': '::apt', 'url': 'https://thin-edge-io.eu-latest.cumulocity.com/inventory/binaries/12435463'}]}
08:33:25 WARN  , retrying in 0.5 seconds...
08:33:26 WARN  , retrying in 0.5 seconds...
08:33:26 WARN  , retrying in 0.5 seconds...
08:33:27 WARN  , retrying in 0.5 seconds...
08:33:27 WARN  , retrying in 0.5 seconds...
08:33:28 WARN  , retrying in 0.5 seconds...
08:33:28 WARN  , retrying in 0.5 seconds...
08:33:29 WARN  , retrying in 0.5 seconds...
08:33:29 WARN  , retrying in 0.5 seconds...
08:33:30 WARN  AssertionError occurred while running test - 
Traceback (most recent call last):
  File "/home/pi/env-pysys/lib/python3.9/site-packages/pysys/baserunner.py", line 1294, in __call__
    self.testObj.execute()
  File "/home/pi/actions-runner/_work/thin-edge.io/thin-edge.io/tests/PySys/software_management_end_to_end/sm_apt_install_download_path/run.py", line 83, in execute
    assert_install_in_download_path(install_directory=self.DOWNLOAD_DIR)
  File "/home/pi/env-pysys/lib/python3.9/site-packages/decorator.py", line 232, in fun
    return caller(func, *(extras + args), **kw)
  File "/home/pi/env-pysys/lib/python3.9/site-packages/retry/api.py", line 73, in retry_decorator
    return __retry_internal(partial(f, *args, **kwargs), exceptions, tries, delay, max_delay, backoff, jitter,
  File "/home/pi/env-pysys/lib/python3.9/site-packages/retry/api.py", line 33, in __retry_internal
    return f()
  File "/home/pi/actions-runner/_work/thin-edge.io/thin-edge.io/tests/PySys/software_management_end_to_end/sm_apt_install_download_path/run.py", line 28, in assert_install_in_download_path
    assert "rolldice" in os.listdir(f"{install_directory}")
AssertionError
08:33:30 WARN  AssertionError: ... blocked 
08:33:30 INFO  
08:33:30 INFO  cleanup:
08:33:30 INFO  Executed sudo, exit status 0
08:33:31 INFO  Executed sudo, exit status 0
08:33:37 INFO  Executed sudo&lt;tedge_disconnect_c8y&gt;, exit status 0
08:33:37 INFO  Restarting mosquitto too frequently in the last 10 seconds. It was only up for 5 seconds
08:33:37 INFO  Delaying execution by 6 seconds
08:34:01 INFO  Executed sudo&lt;tedge_connect_c8y&gt;, exit status 0, duration 17 secs
08:34:07 INFO  Executed sudo&lt;tedge_disconnect_c8y&gt;, exit status 0
08:34:08 INFO  Executed systemctl&lt;serv_mapper5&gt;, exit status 3
08:34:08 INFO  
08:34:08 INFO  Test duration: 97.96 secs
08:34:08 INFO  Test final outcome:  BLOCKED
08:34:08 INFO  Test outcome reason: AssertionError:
08:34:08 INFO  
</system-out>
	</testcase>
<testcase classname="AptInstallWithDownloadPath" name="SoftwareManagement.sm_apt_install_download_path">
		<failure message="BLOCKED: AssertionError:" type="BLOCKED" />
		<system-out>09:02:14 INFO  ==============================================================
09:02:14 INFO  Id:    SoftwareManagement.sm_apt_install_download_path
09:02:14 INFO  Dir:   software_management_end_to_end/
09:02:14 INFO  Title: Install package to directory specified in tedge config set tmp.path
09:02:14 INFO  ==============================================================
09:02:15 INFO  Using sw id database: {'asciijump': '5475369', 'robotfindskitten': '5474869', 'squirrel3': '5475279', 'rolldice': '5152439', 'moon-buggy': '5439204', 'apple': '5495053', 'banana': '5494888', 'cherry': '5495382', 'watermelon': '5494510', 'registry': '8018911', 'hello-world': '8021526', 'docker/getting-started': '8021973', 'alpine': '7991792'}
09:02:15 INFO  EnvironmentC8y Setup
09:02:16 INFO  Executed systemctl&lt;serv_mapper1&gt;, exit status 3
09:02:35 INFO  Executed sudo&lt;tedge_connect_c8y&gt;, exit status 0, duration 18 secs
09:02:35 INFO  Executed sudo&lt;tedge_connect_c8y_test&gt;, exit status 0
09:02:36 INFO  Executed systemctl&lt;serv_mosq2&gt;, exit status 0
09:02:36 INFO  Executed systemctl&lt;serv_mapper3&gt;, exit status 0
09:02:39 INFO  State of current operation: SUCCESSFUL
09:02:39 INFO  Assert that (False == value) with value=False ... passed
09:02:40 INFO  Executed sudo, exit status 0
09:02:40 INFO  Executed sudo, exit status 0
09:02:41 INFO  Executed sudo, exit status 0
09:02:48 INFO  Executed sudo&lt;tedge_disconnect_c8y&gt;, exit status 0
09:02:48 INFO  Restarting mosquitto too frequently in the last 10 seconds. It was only up for 5 seconds
09:02:48 INFO  Delaying execution by 6 seconds
09:03:11 INFO  Executed sudo&lt;tedge_connect_c8y&gt;, exit status 0, duration 17 secs
09:03:12 INFO  Response status: 201
09:03:12 INFO  Response to action: {
    "delivery": {
        "time": "2022-05-03T09:03:12.079Z",
        "log": [],
        "status": "PENDING"
    },
    "creationTime": "2022-05-03T09:03:12.067Z",
    "deviceName": "m32sd11e",
    "deviceId": "18246155",
    "self": "https://t493319102.eu-latest.cumulocity.com/devicecontrol/operations/18273981",
    "id": "18273981",
    "status": "PENDING",
    "description": "Apply software changes, triggered from PySys: [{'name': 'rolldice', 'id': '5152439', 'version': '::apt', 'url': 'https://thin-edge-io.eu-latest.cumulocity.com/inventory/binaries/12435463', 'action': 'install'}]",
    "c8y_SoftwareUpdate": [
        {
            "name": "rolldice",
            "action": "install",
            "id": "5152439",
            "version": "::apt",
            "url": "https://thin-edge-io.eu-latest.cumulocity.com/inventory/binaries/12435463"
        }
    ]
}
09:03:12 INFO  Started operation: {'delivery': {'time': '2022-05-03T09:03:12.079Z', 'log': [], 'status': 'PENDING'}, 'creationTime': '2022-05-03T09:03:12.067Z', 'deviceName': 'm32sd11e', 'deviceId': '18246155', 'self': 'https://t493319102.eu-latest.cumulocity.com/devicecontrol/operations/18273981', 'id': '18273981', 'status': 'PENDING', 'description': "Apply software changes, triggered from PySys: [{'name': 'rolldice', 'id': '5152439', 'version': '::apt', 'url': 'https://thin-edge-io.eu-latest.cumulocity.com/inventory/binaries/12435463', 'action': 'install'}]", 'c8y_SoftwareUpdate': [{'name': 'rolldice', 'action': 'install', 'id': '5152439', 'version': '::apt', 'url': 'https://thin-edge-io.eu-latest.cumulocity.com/inventory/binaries/12435463'}]}
09:03:12 WARN  , retrying in 0.5 seconds...
09:03:12 WARN  , retrying in 0.5 seconds...
09:03:13 WARN  , retrying in 0.5 seconds...
09:03:13 WARN  , retrying in 0.5 seconds...
09:03:14 WARN  , retrying in 0.5 seconds...
09:03:14 WARN  , retrying in 0.5 seconds...
09:03:15 WARN  , retrying in 0.5 seconds...
09:03:15 WARN  , retrying in 0.5 seconds...
09:03:16 WARN  , retrying in 0.5 seconds...
09:03:16 WARN  AssertionError occurred while running test - 
Traceback (most recent call last):
  File "/home/pi/env-pysys/lib/python3.9/site-packages/pysys/baserunner.py", line 1294, in __call__
    self.testObj.execute()
  File "/home/pi/actions-runner/_work/thin-edge.io/thin-edge.io/tests/PySys/software_management_end_to_end/sm_apt_install_download_path/run.py", line 83, in execute
    assert_install_in_download_path(install_directory=self.DOWNLOAD_DIR)
  File "/home/pi/env-pysys/lib/python3.9/site-packages/decorator.py", line 232, in fun
    return caller(func, *(extras + args), **kw)
  File "/home/pi/env-pysys/lib/python3.9/site-packages/retry/api.py", line 73, in retry_decorator
    return __retry_internal(partial(f, *args, **kwargs), exceptions, tries, delay, max_delay, backoff, jitter,
  File "/home/pi/env-pysys/lib/python3.9/site-packages/retry/api.py", line 33, in __retry_internal
    return f()
  File "/home/pi/actions-runner/_work/thin-edge.io/thin-edge.io/tests/PySys/software_management_end_to_end/sm_apt_install_download_path/run.py", line 28, in assert_install_in_download_path
    assert "rolldice" in os.listdir(f"{install_directory}")
AssertionError
09:03:16 WARN  AssertionError: ... blocked 
09:03:16 INFO  
09:03:16 INFO  cleanup:
09:03:17 INFO  Executed sudo, exit status 0
09:03:17 INFO  Executed sudo, exit status 0
09:03:23 INFO  Executed sudo&lt;tedge_disconnect_c8y&gt;, exit status 0
09:03:24 INFO  Restarting mosquitto too frequently in the last 10 seconds. It was only up for 4 seconds
09:03:24 INFO  Delaying execution by 7 seconds
09:03:48 INFO  Executed sudo&lt;tedge_connect_c8y&gt;, exit status 0, duration 17 secs
09:03:54 INFO  Executed sudo&lt;tedge_disconnect_c8y&gt;, exit status 0
09:03:54 INFO  Executed systemctl&lt;serv_mapper5&gt;, exit status 3
09:03:54 INFO  
09:03:54 INFO  Test duration: 100.80 secs
09:03:54 INFO  Test final outcome:  BLOCKED
09:03:54 INFO  Test outcome reason: AssertionError:
09:03:54 INFO  
</system-out>
	</testcase>
</testsuite><testsuite name="SoftwareManagement.sm_apt_install_fail" tests="3" errors="0" failures="0" skipped="1" time="0"><testcase classname="PySysTest" name="SoftwareManagement.sm_apt_install_fail">
		<skipped message="SKIPPED: Testing the apt plugin is not supported on this platform.Use parameter -XmyPlatform='container' to enable it" />
		<system-out>08:04:44 INFO  ==============================================================
08:04:44 INFO  Id:    SoftwareManagement.sm_apt_install_fail
08:04:44 INFO  Dir:   software_management_end_to_end/
08:04:44 INFO  Title: Validate end to end behaviour for a failing installation
08:04:44 INFO  ==============================================================
08:04:44 INFO  Testing the apt plugin is not supported on this platform.Use parameter -XmyPlatform='container' to enable it ... skipped
08:04:44 WARN  Aborted test due to SKIPPED outcome
08:04:44 INFO  
08:04:44 INFO  Test duration: 0.04 secs
08:04:44 INFO  Test final outcome:  SKIPPED
08:04:44 INFO  Test outcome reason: Testing the apt plugin is not supported on this platform.Use parameter -XmyPlatform='container' to enable it
08:04:44 INFO  
</system-out>
	</testcase>
<testcase classname="PySysTest" name="SoftwareManagement.sm_apt_install_fail" />
<testcase classname="PySysTest" name="SoftwareManagement.sm_apt_install_fail" />
</testsuite><testsuite name="SoftwareManagement.sm_apt_install_remove" tests="3" errors="0" failures="0" skipped="1" time="0"><testcase classname="PySysTest" name="SoftwareManagement.sm_apt_install_remove">
		<skipped message="SKIPPED: Testing the apt plugin is not supported on this platform.Use parameter -XmyPlatform='container' to enable it" />
		<system-out>08:04:44 INFO  ==============================================================
08:04:44 INFO  Id:    SoftwareManagement.sm_apt_install_remove
08:04:44 INFO  Dir:   software_management_end_to_end/
08:04:44 INFO  Title: Validate end to end behaviour for the apt plugin for installation and removal of packages
08:04:44 INFO  ==============================================================
08:04:45 INFO  Testing the apt plugin is not supported on this platform.Use parameter -XmyPlatform='container' to enable it ... skipped
08:04:45 WARN  Aborted test due to SKIPPED outcome
08:04:45 INFO  
08:04:45 INFO  Test duration: 0.04 secs
08:04:45 INFO  Test final outcome:  SKIPPED
08:04:45 INFO  Test outcome reason: Testing the apt plugin is not supported on this platform.Use parameter -XmyPlatform='container' to enable it
08:04:45 INFO  
</system-out>
	</testcase>
<testcase classname="PySysTest" name="SoftwareManagement.sm_apt_install_remove" />
<testcase classname="PySysTest" name="SoftwareManagement.sm_apt_install_remove" />
</testsuite><testsuite name="SoftwareManagement.sm_apt_install_remove_default" tests="3" errors="0" failures="0" skipped="1" time="0"><testcase classname="PySysTest" name="SoftwareManagement.sm_apt_install_remove_default">
		<skipped message="SKIPPED: Testing the apt plugin is not supported on this platform.Use parameter -XmyPlatform='container' to enable it" />
		<system-out>08:04:45 INFO  ==============================================================
08:04:45 INFO  Id:    SoftwareManagement.sm_apt_install_remove_default
08:04:45 INFO  Dir:   software_management_end_to_end/
08:04:45 INFO  Title: Validate end to end behaviour for the default plugin for installation and removal of packages
08:04:45 INFO  ==============================================================
08:04:45 INFO  Testing the apt plugin is not supported on this platform.Use parameter -XmyPlatform='container' to enable it ... skipped
08:04:45 WARN  Aborted test due to SKIPPED outcome
08:04:45 INFO  
08:04:45 INFO  Test duration: 0.04 secs
08:04:45 INFO  Test final outcome:  SKIPPED
08:04:45 INFO  Test outcome reason: Testing the apt plugin is not supported on this platform.Use parameter -XmyPlatform='container' to enable it
08:04:45 INFO  
</system-out>
	</testcase>
<testcase classname="PySysTest" name="SoftwareManagement.sm_apt_install_remove_default" />
<testcase classname="PySysTest" name="SoftwareManagement.sm_apt_install_remove_default" />
</testsuite><testsuite name="SoftwareManagement.sm_apt_install_remove_multiple" tests="3" errors="0" failures="2" skipped="1" time="0"><testcase classname="PySysTest" name="SoftwareManagement.sm_apt_install_remove_multiple">
		<skipped message="SKIPPED: Testing the apt plugin is not supported on this platform.Use parameter -XmyPlatform='container' to enable it" />
		<system-out>08:04:45 INFO  ==============================================================
08:04:45 INFO  Id:    SoftwareManagement.sm_apt_install_remove_multiple
08:04:45 INFO  Dir:   software_management_end_to_end/
08:04:45 INFO  Title: Validate end to end behaviour for the apt plugin for multiple packages
08:04:45 INFO  ==============================================================
08:04:45 INFO  Testing the apt plugin is not supported on this platform.Use parameter -XmyPlatform='container' to enable it ... skipped
08:04:45 WARN  Aborted test due to SKIPPED outcome
08:04:45 INFO  
08:04:45 INFO  Test duration: 0.03 secs
08:04:45 INFO  Test final outcome:  SKIPPED
08:04:45 INFO  Test outcome reason: Testing the apt plugin is not supported on this platform.Use parameter -XmyPlatform='container' to enable it
08:04:45 INFO  
</system-out>
	</testcase>
<testcase classname="PySysTest" name="SoftwareManagement.sm_apt_install_remove_multiple">
		<failure message="FAILED: Assert that (False == value) with value=True" type="FAILED" />
		<system-out>08:41:45 INFO  ==============================================================
08:41:45 INFO  Id:    SoftwareManagement.sm_apt_install_remove_multiple
08:41:45 INFO  Dir:   software_management_end_to_end/
08:41:45 INFO  Title: Validate end to end behaviour for the apt plugin for multiple packages
08:41:45 INFO  ==============================================================
08:41:45 INFO  Using sw id database: {'asciijump': '5475369', 'robotfindskitten': '5474869', 'squirrel3': '5475279', 'rolldice': '5152439', 'moon-buggy': '5439204', 'apple': '5495053', 'banana': '5494888', 'cherry': '5495382', 'watermelon': '5494510', 'registry': '8018911', 'hello-world': '8021526', 'docker/getting-started': '8021973', 'alpine': '7991792'}
08:41:45 INFO  EnvironmentC8y Setup
08:41:46 INFO  Executed systemctl&lt;serv_mapper1&gt;, exit status 3
08:41:46 INFO  Restarting mosquitto too frequently in the last 10 seconds. It was only up for 6 seconds
08:41:46 INFO  Delaying execution by 5 seconds
08:42:08 INFO  Executed sudo&lt;tedge_connect_c8y&gt;, exit status 0, duration 17 secs
08:42:09 INFO  Executed sudo&lt;tedge_connect_c8y_test&gt;, exit status 0
08:42:09 INFO  Executed systemctl&lt;serv_mosq2&gt;, exit status 0
08:42:10 INFO  Executed systemctl&lt;serv_mapper3&gt;, exit status 0
08:42:12 INFO  State of current operation: SUCCESSFUL
08:42:12 INFO  Assert that (False == value) with value=False ... passed
08:42:13 INFO  Assert that (False == value) with value=False ... passed
08:42:13 INFO  Assert that (False == value) with value=False ... passed
08:42:13 INFO  Package robotfindskitten is installed
08:42:13 WARN  Assert that (False == value) with value=True ... failed 
08:42:13 INFO  Response status: 201
08:42:13 INFO  Response to action: {
    "creationTime": "2022-05-03T08:42:13.933Z",
    "deviceName": "m32sd11e",
    "deviceId": "18246155",
    "self": "https://t493319102.eu-latest.cumulocity.com/devicecontrol/operations/18263636",
    "id": "18263636",
    "status": "PENDING",
    "description": "Apply software changes, triggered from PySys: [{'action': 'install', 'id': '5475369', 'name': 'asciijump', 'url': ' ', 'version': '::apt'}, {'action': 'install', 'id': '5474869', 'name': 'robotfindskitten', 'url': ' ', 'version': '::apt'}, {'action': 'install', 'id': '5475279', 'name': 'squirrel3', 'url': ' ', 'version': '::apt'}]",
    "c8y_SoftwareUpdate": [
        {
            "name": "asciijump",
            "action": "install",
            "id": "5475369",
            "version": "::apt",
            "url": " "
        },
        {
            "name": "robotfindskitten",
            "action": "install",
            "id": "5474869",
            "version": "::apt",
            "url": " "
        },
        {
            "name": "squirrel3",
            "action": "install",
            "id": "5475279",
            "version": "::apt",
            "url": " "
        }
    ]
}
08:42:13 INFO  Started operation: {'creationTime': '2022-05-03T08:42:13.933Z', 'deviceName': 'm32sd11e', 'deviceId': '18246155', 'self': 'https://t493319102.eu-latest.cumulocity.com/devicecontrol/operations/18263636', 'id': '18263636', 'status': 'PENDING', 'description': "Apply software changes, triggered from PySys: [{'action': 'install', 'id': '5475369', 'name': 'asciijump', 'url': ' ', 'version': '::apt'}, {'action': 'install', 'id': '5474869', 'name': 'robotfindskitten', 'url': ' ', 'version': '::apt'}, {'action': 'install', 'id': '5475279', 'name': 'squirrel3', 'url': ' ', 'version': '::apt'}]", 'c8y_SoftwareUpdate': [{'name': 'asciijump', 'action': 'install', 'id': '5475369', 'version': '::apt', 'url': ' '}, {'name': 'robotfindskitten', 'action': 'install', 'id': '5474869', 'version': '::apt', 'url': ' '}, {'name': 'squirrel3', 'action': 'install', 'id': '5475279', 'version': '::apt', 'url': ' '}]}
08:42:16 INFO  State of operation 18263636 : PENDING
08:42:18 INFO  State of operation 18263636 : EXECUTING
08:42:20 INFO  State of operation 18263636 : EXECUTING
08:42:22 INFO  State of operation 18263636 : EXECUTING
08:42:25 INFO  State of operation 18263636 : EXECUTING
08:42:27 INFO  State of operation 18263636 : EXECUTING
08:42:29 INFO  State of operation 18263636 : EXECUTING
08:42:32 INFO  State of operation 18263636 : EXECUTING
08:42:35 INFO  State of operation 18263636 : EXECUTING
08:42:37 INFO  State of operation 18263636 : EXECUTING
08:42:40 INFO  State of operation 18263636 : EXECUTING
08:42:42 INFO  State of operation 18263636 : EXECUTING
08:42:44 INFO  State of operation 18263636 : EXECUTING
08:42:46 INFO  State of operation 18263636 : EXECUTING
08:42:48 INFO  State of operation 18263636 : EXECUTING
08:42:51 INFO  State of operation 18263636 : EXECUTING
08:42:53 INFO  State of operation 18263636 : EXECUTING
08:42:55 INFO  State of operation 18263636 : EXECUTING
08:42:58 INFO  State of operation 18263636 : EXECUTING
08:43:00 INFO  State of operation 18263636 : EXECUTING
08:43:03 INFO  State of operation 18263636 : EXECUTING
08:43:05 INFO  State of operation 18263636 : EXECUTING
08:43:08 INFO  State of operation 18263636 : EXECUTING
08:43:10 INFO  State of operation 18263636 : EXECUTING
08:43:12 INFO  State of operation 18263636 : EXECUTING
08:43:16 INFO  State of operation 18263636 : EXECUTING
08:43:18 INFO  State of operation 18263636 : EXECUTING
08:43:20 INFO  State of operation 18263636 : EXECUTING
08:43:23 INFO  State of operation 18263636 : EXECUTING
08:43:25 INFO  State of operation 18263636 : EXECUTING
08:43:28 INFO  State of operation 18263636 : EXECUTING
08:43:30 INFO  State of operation 18263636 : EXECUTING
08:43:33 INFO  State of operation 18263636 : EXECUTING
08:43:35 INFO  State of operation 18263636 : EXECUTING
08:43:38 INFO  State of operation 18263636 : EXECUTING
08:43:40 INFO  State of operation 18263636 : EXECUTING
08:43:42 INFO  State of operation 18263636 : EXECUTING
08:43:45 INFO  State of operation 18263636 : EXECUTING
08:43:47 INFO  State of operation 18263636 : SUCCESSFUL
08:43:47 INFO  Assert that (False == value) with value=False ... passed
08:43:47 INFO  Package asciijump is installed
08:43:47 INFO  Assert that (True == value) with value=True ... passed
08:43:48 INFO  Package squirrel3 is installed
08:43:48 INFO  Assert that (True == value) with value=True ... passed
08:43:48 INFO  Package robotfindskitten is installed
08:43:48 INFO  Assert that (True == value) with value=True ... passed
08:43:48 INFO  Response status: 201
08:43:48 INFO  Response to action: {
    "creationTime": "2022-05-03T08:43:48.514Z",
    "deviceName": "m32sd11e",
    "deviceId": "18246155",
    "self": "https://t493319102.eu-latest.cumulocity.com/devicecontrol/operations/18263660",
    "id": "18263660",
    "status": "PENDING",
    "description": "Apply software changes, triggered from PySys: [{'action': 'delete', 'id': '5475369', 'name': 'asciijump', 'url': ' ', 'version': '::apt'}, {'action': 'delete', 'id': '5474869', 'name': 'robotfindskitten', 'url': ' ', 'version': '::apt'}, {'action': 'delete', 'id': '5475279', 'name': 'squirrel3', 'url': ' ', 'version': '::apt'}]",
    "c8y_SoftwareUpdate": [
        {
            "name": "asciijump",
            "action": "delete",
            "id": "5475369",
            "version": "::apt",
            "url": " "
        },
        {
            "name": "robotfindskitten",
            "action": "delete",
            "id": "5474869",
            "version": "::apt",
            "url": " "
        },
        {
            "name": "squirrel3",
            "action": "delete",
            "id": "5475279",
            "version": "::apt",
            "url": " "
        }
    ]
}
08:43:48 INFO  Started operation: {'creationTime': '2022-05-03T08:43:48.514Z', 'deviceName': 'm32sd11e', 'deviceId': '18246155', 'self': 'https://t493319102.eu-latest.cumulocity.com/devicecontrol/operations/18263660', 'id': '18263660', 'status': 'PENDING', 'description': "Apply software changes, triggered from PySys: [{'action': 'delete', 'id': '5475369', 'name': 'asciijump', 'url': ' ', 'version': '::apt'}, {'action': 'delete', 'id': '5474869', 'name': 'robotfindskitten', 'url': ' ', 'version': '::apt'}, {'action': 'delete', 'id': '5475279', 'name': 'squirrel3', 'url': ' ', 'version': '::apt'}]", 'c8y_SoftwareUpdate': [{'name': 'asciijump', 'action': 'delete', 'id': '5475369', 'version': '::apt', 'url': ' '}, {'name': 'robotfindskitten', 'action': 'delete', 'id': '5474869', 'version': '::apt', 'url': ' '}, {'name': 'squirrel3', 'action': 'delete', 'id': '5475279', 'version': '::apt', 'url': ' '}]}
08:43:50 INFO  State of operation 18263660 : PENDING
08:43:53 INFO  State of operation 18263660 : EXECUTING
08:43:55 INFO  State of operation 18263660 : EXECUTING
08:43:57 INFO  State of operation 18263660 : EXECUTING
08:43:59 INFO  State of operation 18263660 : EXECUTING
08:44:01 INFO  State of operation 18263660 : EXECUTING
08:44:04 INFO  State of operation 18263660 : EXECUTING
08:44:06 INFO  State of operation 18263660 : EXECUTING
08:44:09 INFO  State of operation 18263660 : EXECUTING
08:44:11 INFO  State of operation 18263660 : EXECUTING
08:44:14 INFO  State of operation 18263660 : EXECUTING
08:44:16 INFO  State of operation 18263660 : EXECUTING
08:44:18 INFO  State of operation 18263660 : EXECUTING
08:44:20 INFO  State of operation 18263660 : EXECUTING
08:44:23 INFO  State of operation 18263660 : EXECUTING
08:44:25 INFO  State of operation 18263660 : EXECUTING
08:44:27 INFO  State of operation 18263660 : EXECUTING
08:44:29 INFO  State of operation 18263660 : EXECUTING
08:44:32 INFO  State of operation 18263660 : EXECUTING
08:44:34 INFO  State of operation 18263660 : EXECUTING
08:44:37 INFO  State of operation 18263660 : EXECUTING
08:44:39 INFO  State of operation 18263660 : EXECUTING
08:44:41 INFO  State of operation 18263660 : EXECUTING
08:44:44 INFO  State of operation 18263660 : EXECUTING
08:44:46 INFO  State of operation 18263660 : EXECUTING
08:44:48 INFO  State of operation 18263660 : EXECUTING
08:44:50 INFO  State of operation 18263660 : EXECUTING
08:44:52 INFO  State of operation 18263660 : EXECUTING
08:44:55 INFO  State of operation 18263660 : EXECUTING
08:44:57 INFO  State of operation 18263660 : EXECUTING
08:45:00 INFO  State of operation 18263660 : EXECUTING
08:45:02 INFO  State of operation 18263660 : EXECUTING
08:45:04 INFO  State of operation 18263660 : SUCCESSFUL
08:45:05 INFO  Assert that (False == value) with value=False ... passed
08:45:05 INFO  Assert that (False == value) with value=False ... passed
08:45:05 INFO  Assert that (False == value) with value=False ... passed
08:45:05 INFO  Assert that (False == value) with value=False ... passed
08:45:05 INFO  
08:45:05 INFO  cleanup:
08:45:11 INFO  Executed sudo&lt;tedge_disconnect_c8y&gt;, exit status 0
08:45:12 INFO  Executed systemctl&lt;serv_mapper5&gt;, exit status 3
08:45:12 INFO  
08:45:12 INFO  Test duration: 206.64 secs
08:45:12 INFO  Test final outcome:  FAILED
08:45:12 INFO  Test outcome reason: Assert that (False == value) with value=True
08:45:12 INFO  
</system-out>
	</testcase>
<testcase classname="PySysTest" name="SoftwareManagement.sm_apt_install_remove_multiple">
		<failure message="FAILED: Assert that (False == value) with value=True (+2 other failures)" type="FAILED" />
		<system-out>09:12:07 INFO  ==============================================================
09:12:07 INFO  Id:    SoftwareManagement.sm_apt_install_remove_multiple
09:12:07 INFO  Dir:   software_management_end_to_end/
09:12:07 INFO  Title: Validate end to end behaviour for the apt plugin for multiple packages
09:12:07 INFO  ==============================================================
09:12:07 INFO  Using sw id database: {'asciijump': '5475369', 'robotfindskitten': '5474869', 'squirrel3': '5475279', 'rolldice': '5152439', 'moon-buggy': '5439204', 'apple': '5495053', 'banana': '5494888', 'cherry': '5495382', 'watermelon': '5494510', 'registry': '8018911', 'hello-world': '8021526', 'docker/getting-started': '8021973', 'alpine': '7991792'}
09:12:07 INFO  EnvironmentC8y Setup
09:12:08 INFO  Executed systemctl&lt;serv_mapper1&gt;, exit status 3
09:12:08 INFO  Restarting mosquitto too frequently in the last 10 seconds. It was only up for 6 seconds
09:12:08 INFO  Delaying execution by 5 seconds
09:12:30 INFO  Executed sudo&lt;tedge_connect_c8y&gt;, exit status 0, duration 17 secs
09:12:31 INFO  Executed sudo&lt;tedge_connect_c8y_test&gt;, exit status 0
09:12:31 INFO  Executed systemctl&lt;serv_mosq2&gt;, exit status 0
09:12:32 INFO  Executed systemctl&lt;serv_mapper3&gt;, exit status 0
09:12:34 INFO  State of current operation: SUCCESSFUL
09:12:35 INFO  Assert that (False == value) with value=False ... passed
09:12:35 INFO  Package asciijump is installed
09:12:35 WARN  Assert that (False == value) with value=True ... failed 
09:12:36 INFO  Package squirrel3 is installed
09:12:36 WARN  Assert that (False == value) with value=True ... failed 
09:12:36 INFO  Package robotfindskitten is installed
09:12:36 WARN  Assert that (False == value) with value=True ... failed 
09:12:36 INFO  Response status: 201
09:12:36 INFO  Response to action: {
    "creationTime": "2022-05-03T09:12:36.583Z",
    "deviceName": "m32sd11e",
    "deviceId": "18246155",
    "self": "https://t493319102.eu-latest.cumulocity.com/devicecontrol/operations/18274092",
    "id": "18274092",
    "status": "PENDING",
    "description": "Apply software changes, triggered from PySys: [{'action': 'install', 'id': '5475369', 'name': 'asciijump', 'url': ' ', 'version': '::apt'}, {'action': 'install', 'id': '5474869', 'name': 'robotfindskitten', 'url': ' ', 'version': '::apt'}, {'action': 'install', 'id': '5475279', 'name': 'squirrel3', 'url': ' ', 'version': '::apt'}]",
    "c8y_SoftwareUpdate": [
        {
            "name": "asciijump",
            "action": "install",
            "id": "5475369",
            "version": "::apt",
            "url": " "
        },
        {
            "name": "robotfindskitten",
            "action": "install",
            "id": "5474869",
            "version": "::apt",
            "url": " "
        },
        {
            "name": "squirrel3",
            "action": "install",
            "id": "5475279",
            "version": "::apt",
            "url": " "
        }
    ]
}
09:12:36 INFO  Started operation: {'creationTime': '2022-05-03T09:12:36.583Z', 'deviceName': 'm32sd11e', 'deviceId': '18246155', 'self': 'https://t493319102.eu-latest.cumulocity.com/devicecontrol/operations/18274092', 'id': '18274092', 'status': 'PENDING', 'description': "Apply software changes, triggered from PySys: [{'action': 'install', 'id': '5475369', 'name': 'asciijump', 'url': ' ', 'version': '::apt'}, {'action': 'install', 'id': '5474869', 'name': 'robotfindskitten', 'url': ' ', 'version': '::apt'}, {'action': 'install', 'id': '5475279', 'name': 'squirrel3', 'url': ' ', 'version': '::apt'}]", 'c8y_SoftwareUpdate': [{'name': 'asciijump', 'action': 'install', 'id': '5475369', 'version': '::apt', 'url': ' '}, {'name': 'robotfindskitten', 'action': 'install', 'id': '5474869', 'version': '::apt', 'url': ' '}, {'name': 'squirrel3', 'action': 'install', 'id': '5475279', 'version': '::apt', 'url': ' '}]}
09:12:38 INFO  State of operation 18274092 : PENDING
09:12:41 INFO  State of operation 18274092 : EXECUTING
09:12:43 INFO  State of operation 18274092 : EXECUTING
09:12:45 INFO  State of operation 18274092 : EXECUTING
09:12:47 INFO  State of operation 18274092 : EXECUTING
09:12:50 INFO  State of operation 18274092 : EXECUTING
09:12:52 INFO  State of operation 18274092 : EXECUTING
09:12:54 INFO  State of operation 18274092 : EXECUTING
09:12:57 INFO  State of operation 18274092 : EXECUTING
09:13:00 INFO  State of operation 18274092 : EXECUTING
09:13:02 INFO  State of operation 18274092 : EXECUTING
09:13:04 INFO  State of operation 18274092 : EXECUTING
09:13:06 INFO  State of operation 18274092 : EXECUTING
09:13:09 INFO  State of operation 18274092 : EXECUTING
09:13:11 INFO  State of operation 18274092 : EXECUTING
09:13:13 INFO  State of operation 18274092 : EXECUTING
09:13:15 INFO  State of operation 18274092 : EXECUTING
09:13:18 INFO  State of operation 18274092 : SUCCESSFUL
09:13:18 INFO  Assert that (False == value) with value=False ... passed
09:13:18 INFO  Package asciijump is installed
09:13:18 INFO  Assert that (True == value) with value=True ... passed
09:13:18 INFO  Package squirrel3 is installed
09:13:18 INFO  Assert that (True == value) with value=True ... passed
09:13:19 INFO  Package robotfindskitten is installed
09:13:19 INFO  Assert that (True == value) with value=True ... passed
09:13:19 INFO  Response status: 201
09:13:19 INFO  Response to action: {
    "creationTime": "2022-05-03T09:13:19.253Z",
    "deviceName": "m32sd11e",
    "deviceId": "18246155",
    "self": "https://t493319102.eu-latest.cumulocity.com/devicecontrol/operations/18277102",
    "id": "18277102",
    "status": "PENDING",
    "description": "Apply software changes, triggered from PySys: [{'action': 'delete', 'id': '5475369', 'name': 'asciijump', 'url': ' ', 'version': '::apt'}, {'action': 'delete', 'id': '5474869', 'name': 'robotfindskitten', 'url': ' ', 'version': '::apt'}, {'action': 'delete', 'id': '5475279', 'name': 'squirrel3', 'url': ' ', 'version': '::apt'}]",
    "c8y_SoftwareUpdate": [
        {
            "name": "asciijump",
            "action": "delete",
            "id": "5475369",
            "version": "::apt",
            "url": " "
        },
        {
            "name": "robotfindskitten",
            "action": "delete",
            "id": "5474869",
            "version": "::apt",
            "url": " "
        },
        {
            "name": "squirrel3",
            "action": "delete",
            "id": "5475279",
            "version": "::apt",
            "url": " "
        }
    ]
}
09:13:19 INFO  Started operation: {'creationTime': '2022-05-03T09:13:19.253Z', 'deviceName': 'm32sd11e', 'deviceId': '18246155', 'self': 'https://t493319102.eu-latest.cumulocity.com/devicecontrol/operations/18277102', 'id': '18277102', 'status': 'PENDING', 'description': "Apply software changes, triggered from PySys: [{'action': 'delete', 'id': '5475369', 'name': 'asciijump', 'url': ' ', 'version': '::apt'}, {'action': 'delete', 'id': '5474869', 'name': 'robotfindskitten', 'url': ' ', 'version': '::apt'}, {'action': 'delete', 'id': '5475279', 'name': 'squirrel3', 'url': ' ', 'version': '::apt'}]", 'c8y_SoftwareUpdate': [{'name': 'asciijump', 'action': 'delete', 'id': '5475369', 'version': '::apt', 'url': ' '}, {'name': 'robotfindskitten', 'action': 'delete', 'id': '5474869', 'version': '::apt', 'url': ' '}, {'name': 'squirrel3', 'action': 'delete', 'id': '5475279', 'version': '::apt', 'url': ' '}]}
09:13:21 INFO  State of operation 18277102 : PENDING
09:13:23 INFO  State of operation 18277102 : EXECUTING
09:13:25 INFO  State of operation 18277102 : EXECUTING
09:13:28 INFO  State of operation 18277102 : EXECUTING
09:13:30 INFO  State of operation 18277102 : EXECUTING
09:13:32 INFO  State of operation 18277102 : EXECUTING
09:13:34 INFO  State of operation 18277102 : EXECUTING
09:13:38 INFO  State of operation 18277102 : EXECUTING
09:13:40 INFO  State of operation 18277102 : EXECUTING
09:13:43 INFO  State of operation 18277102 : EXECUTING
09:13:45 INFO  State of operation 18277102 : EXECUTING
09:13:47 INFO  State of operation 18277102 : EXECUTING
09:13:50 INFO  State of operation 18277102 : EXECUTING
09:13:52 INFO  State of operation 18277102 : EXECUTING
09:13:54 INFO  State of operation 18277102 : EXECUTING
09:13:56 INFO  State of operation 18277102 : EXECUTING
09:13:58 INFO  State of operation 18277102 : EXECUTING
09:14:01 INFO  State of operation 18277102 : EXECUTING
09:14:03 INFO  State of operation 18277102 : EXECUTING
09:14:05 INFO  State of operation 18277102 : EXECUTING
09:14:08 INFO  State of operation 18277102 : EXECUTING
09:14:10 INFO  State of operation 18277102 : EXECUTING
09:14:13 INFO  State of operation 18277102 : EXECUTING
09:14:15 INFO  State of operation 18277102 : EXECUTING
09:14:17 INFO  State of operation 18277102 : EXECUTING
09:14:19 INFO  State of operation 18277102 : EXECUTING
09:14:22 INFO  State of operation 18277102 : EXECUTING
09:14:24 INFO  State of operation 18277102 : EXECUTING
09:14:26 INFO  State of operation 18277102 : EXECUTING
09:14:29 INFO  State of operation 18277102 : EXECUTING
09:14:31 INFO  State of operation 18277102 : EXECUTING
09:14:33 INFO  State of operation 18277102 : EXECUTING
09:14:37 INFO  State of operation 18277102 : EXECUTING
09:14:39 INFO  State of operation 18277102 : SUCCESSFUL
09:14:39 INFO  Assert that (False == value) with value=False ... passed
09:14:39 INFO  Assert that (False == value) with value=False ... passed
09:14:40 INFO  Assert that (False == value) with value=False ... passed
09:14:40 INFO  Assert that (False == value) with value=False ... passed
09:14:40 INFO  
09:14:40 INFO  cleanup:
09:14:46 INFO  Executed sudo&lt;tedge_disconnect_c8y&gt;, exit status 0
09:14:46 INFO  Executed systemctl&lt;serv_mapper5&gt;, exit status 3
09:14:46 INFO  
09:14:46 INFO  Test duration: 159.05 secs
09:14:46 INFO  Test final outcome:  FAILED
09:14:46 INFO  Test outcome reason: Assert that (False == value) with value=True (+2 other failures)
09:14:46 INFO  
</system-out>
	</testcase>
</testsuite><testsuite name="SoftwareManagement.sm_apt_install_remove_multiple_mixed" tests="3" errors="0" failures="2" skipped="1" time="0"><testcase classname="PySysTest" name="SoftwareManagement.sm_apt_install_remove_multiple_mixed">
		<skipped message="SKIPPED: Testing the apt plugin is not supported on this platform.Use parameter -XmyPlatform='container' to enable it" />
		<system-out>08:04:45 INFO  ==============================================================
08:04:45 INFO  Id:    SoftwareManagement.sm_apt_install_remove_multiple_mixed
08:04:45 INFO  Dir:   software_management_end_to_end/
08:04:45 INFO  Title: Validate end to end behaviour for the apt plugin for multiple packages with mixed versions
08:04:45 INFO  ==============================================================
08:04:45 INFO  Testing the apt plugin is not supported on this platform.Use parameter -XmyPlatform='container' to enable it ... skipped
08:04:45 WARN  Aborted test due to SKIPPED outcome
08:04:45 INFO  
08:04:45 INFO  Test duration: 0.04 secs
08:04:45 INFO  Test final outcome:  SKIPPED
08:04:45 INFO  Test outcome reason: Testing the apt plugin is not supported on this platform.Use parameter -XmyPlatform='container' to enable it
08:04:45 INFO  
</system-out>
	</testcase>
<testcase classname="PySysTest" name="SoftwareManagement.sm_apt_install_remove_multiple_mixed">
		<failure message="BLOCKED: SystemError: Timeout while waiting for status SUCCESSFUL or False" type="BLOCKED" />
		<system-out>08:45:12 INFO  ==============================================================
08:45:12 INFO  Id:    SoftwareManagement.sm_apt_install_remove_multiple_mixed
08:45:12 INFO  Dir:   software_management_end_to_end/
08:45:12 INFO  Title: Validate end to end behaviour for the apt plugin for multiple packages with mixed versions
08:45:12 INFO  ==============================================================
08:45:12 INFO  Using sw id database: {'asciijump': '5475369', 'robotfindskitten': '5474869', 'squirrel3': '5475279', 'rolldice': '5152439', 'moon-buggy': '5439204', 'apple': '5495053', 'banana': '5494888', 'cherry': '5495382', 'watermelon': '5494510', 'registry': '8018911', 'hello-world': '8021526', 'docker/getting-started': '8021973', 'alpine': '7991792'}
08:45:12 INFO  EnvironmentC8y Setup
08:45:12 INFO  Executed systemctl&lt;serv_mapper1&gt;, exit status 3
08:45:13 INFO  Restarting mosquitto too frequently in the last 10 seconds. It was only up for 6 seconds
08:45:13 INFO  Delaying execution by 5 seconds
08:45:35 INFO  Executed sudo&lt;tedge_connect_c8y&gt;, exit status 0, duration 17 secs
08:45:36 INFO  Executed sudo&lt;tedge_connect_c8y_test&gt;, exit status 0
08:45:36 INFO  Executed systemctl&lt;serv_mosq2&gt;, exit status 0
08:45:37 INFO  Executed systemctl&lt;serv_mapper3&gt;, exit status 0
08:45:39 INFO  State of current operation: SUCCESSFUL
08:45:39 INFO  Assert that (False == value) with value=False ... passed
08:45:39 INFO  Assert that (False == value) with value=False ... passed
08:45:40 INFO  Assert that (False == value) with value=False ... passed
08:45:40 INFO  Assert that (False == value) with value=False ... passed
08:45:40 INFO  Assert that (False == value) with value=False ... passed
08:45:42 INFO  Response status: 201
08:45:42 INFO  Response to action: {
    "creationTime": "2022-05-03T08:45:42.767Z",
    "deviceName": "m32sd11e",
    "deviceId": "18246155",
    "self": "https://t493319102.eu-latest.cumulocity.com/devicecontrol/operations/18263685",
    "id": "18263685",
    "status": "PENDING",
    "description": "Apply software changes, triggered from PySys: [{'action': 'install', 'id': '5475369', 'name': 'asciijump', 'url': ' ', 'version': '::apt'}, {'action': 'install', 'id': '5474869', 'name': 'robotfindskitten', 'url': ' ', 'version': ' '}, {'action': 'install', 'id': '5475279', 'name': 'squirrel3', 'url': ' ', 'version': '3.1-8::apt'}, {'action': 'install', 'id': '5152439', 'name': 'rolldice', 'url': ' ', 'version': '1.16-1+b2'}, {'action': 'install', 'id': '5439204', 'name': 'moon-buggy', 'url': ' ', 'version': '1:1.0.51-13'}, {'action': 'install', 'id': '5475369', 'name': 'asciijump', 'url': ' ', 'version': '::apt'}]",
    "c8y_SoftwareUpdate": [
        {
            "name": "asciijump",
            "action": "install",
            "id": "5475369",
            "version": "::apt",
            "url": " "
        },
        {
            "name": "robotfindskitten",
            "action": "install",
            "id": "5474869",
            "version": " ",
            "url": " "
        },
        {
            "name": "squirrel3",
            "action": "install",
            "id": "5475279",
            "version": "3.1-8::apt",
            "url": " "
        },
        {
            "name": "rolldice",
            "action": "install",
            "id": "5152439",
            "version": "1.16-1+b2",
            "url": " "
        },
        {
            "name": "moon-buggy",
            "action": "install",
            "id": "5439204",
            "version": "1:1.0.51-13",
            "url": " "
        },
        {
            "name": "asciijump",
            "action": "install",
            "id": "5475369",
            "version": "::apt",
            "url": " "
        }
    ]
}
08:45:42 INFO  Started operation: {'creationTime': '2022-05-03T08:45:42.767Z', 'deviceName': 'm32sd11e', 'deviceId': '18246155', 'self': 'https://t493319102.eu-latest.cumulocity.com/devicecontrol/operations/18263685', 'id': '18263685', 'status': 'PENDING', 'description': "Apply software changes, triggered from PySys: [{'action': 'install', 'id': '5475369', 'name': 'asciijump', 'url': ' ', 'version': '::apt'}, {'action': 'install', 'id': '5474869', 'name': 'robotfindskitten', 'url': ' ', 'version': ' '}, {'action': 'install', 'id': '5475279', 'name': 'squirrel3', 'url': ' ', 'version': '3.1-8::apt'}, {'action': 'install', 'id': '5152439', 'name': 'rolldice', 'url': ' ', 'version': '1.16-1+b2'}, {'action': 'install', 'id': '5439204', 'name': 'moon-buggy', 'url': ' ', 'version': '1:1.0.51-13'}, {'action': 'install', 'id': '5475369', 'name': 'asciijump', 'url': ' ', 'version': '::apt'}]", 'c8y_SoftwareUpdate': [{'name': 'asciijump', 'action': 'install', 'id': '5475369', 'version': '::apt', 'url': ' '}, {'name': 'robotfindskitten', 'action': 'install', 'id': '5474869', 'version': ' ', 'url': ' '}, {'name': 'squirrel3', 'action': 'install', 'id': '5475279', 'version': '3.1-8::apt', 'url': ' '}, {'name': 'rolldice', 'action': 'install', 'id': '5152439', 'version': '1.16-1+b2', 'url': ' '}, {'name': 'moon-buggy', 'action': 'install', 'id': '5439204', 'version': '1:1.0.51-13', 'url': ' '}, {'name': 'asciijump', 'action': 'install', 'id': '5475369', 'version': '::apt', 'url': ' '}]}
08:45:45 INFO  State of operation 18263685 : PENDING
08:45:47 INFO  State of operation 18263685 : EXECUTING
08:45:49 INFO  State of operation 18263685 : EXECUTING
08:45:51 INFO  State of operation 18263685 : EXECUTING
08:45:53 INFO  State of operation 18263685 : EXECUTING
08:45:56 INFO  State of operation 18263685 : EXECUTING
08:45:58 INFO  State of operation 18263685 : EXECUTING
08:46:01 INFO  State of operation 18263685 : EXECUTING
08:46:03 INFO  State of operation 18263685 : EXECUTING
08:46:06 INFO  State of operation 18263685 : EXECUTING
08:46:08 INFO  State of operation 18263685 : EXECUTING
08:46:10 INFO  State of operation 18263685 : EXECUTING
08:46:12 INFO  State of operation 18263685 : EXECUTING
08:46:15 INFO  State of operation 18263685 : EXECUTING
08:46:17 INFO  State of operation 18263685 : EXECUTING
08:46:19 INFO  State of operation 18263685 : EXECUTING
08:46:21 INFO  State of operation 18263685 : EXECUTING
08:46:24 INFO  State of operation 18263685 : EXECUTING
08:46:26 INFO  State of operation 18263685 : EXECUTING
08:46:28 INFO  State of operation 18263685 : EXECUTING
08:46:31 INFO  State of operation 18263685 : EXECUTING
08:46:34 INFO  State of operation 18263685 : EXECUTING
08:46:36 INFO  State of operation 18263685 : EXECUTING
08:46:38 INFO  State of operation 18263685 : EXECUTING
08:46:40 INFO  State of operation 18263685 : EXECUTING
08:46:42 INFO  State of operation 18263685 : EXECUTING
08:46:45 INFO  State of operation 18263685 : EXECUTING
08:46:47 INFO  State of operation 18263685 : EXECUTING
08:46:50 INFO  State of operation 18263685 : EXECUTING
08:46:52 INFO  State of operation 18263685 : EXECUTING
08:46:55 INFO  State of operation 18263685 : EXECUTING
08:46:57 INFO  State of operation 18263685 : EXECUTING
08:46:59 INFO  State of operation 18263685 : EXECUTING
08:47:01 INFO  State of operation 18263685 : EXECUTING
08:47:04 INFO  State of operation 18263685 : EXECUTING
08:47:06 INFO  State of operation 18263685 : EXECUTING
08:47:08 INFO  State of operation 18263685 : EXECUTING
08:47:11 INFO  State of operation 18263685 : EXECUTING
08:47:13 INFO  State of operation 18263685 : EXECUTING
08:47:15 INFO  State of operation 18263685 : EXECUTING
08:47:17 INFO  State of operation 18263685 : EXECUTING
08:47:20 INFO  State of operation 18263685 : EXECUTING
08:47:22 INFO  State of operation 18263685 : EXECUTING
08:47:24 INFO  State of operation 18263685 : EXECUTING
08:47:27 INFO  State of operation 18263685 : EXECUTING
08:47:29 INFO  State of operation 18263685 : EXECUTING
08:47:32 INFO  State of operation 18263685 : EXECUTING
08:47:34 INFO  State of operation 18263685 : EXECUTING
08:47:37 INFO  State of operation 18263685 : EXECUTING
08:47:39 INFO  State of operation 18263685 : EXECUTING
08:47:41 INFO  State of operation 18263685 : EXECUTING
08:47:43 INFO  State of operation 18263685 : EXECUTING
08:47:46 INFO  State of operation 18263685 : EXECUTING
08:47:48 INFO  State of operation 18263685 : EXECUTING
08:47:50 INFO  State of operation 18263685 : EXECUTING
08:47:52 INFO  State of operation 18263685 : EXECUTING
08:47:55 INFO  State of operation 18263685 : EXECUTING
08:47:58 INFO  State of operation 18263685 : EXECUTING
08:48:00 INFO  State of operation 18263685 : EXECUTING
08:48:02 INFO  State of operation 18263685 : EXECUTING
08:48:04 INFO  State of operation 18263685 : EXECUTING
08:48:06 WARN  SystemError occurred while running test - Timeout while waiting for status SUCCESSFUL or False
Traceback (most recent call last):
  File "/home/pi/env-pysys/lib/python3.9/site-packages/pysys/baserunner.py", line 1294, in __call__
    self.testObj.execute()
  File "/home/pi/actions-runner/_work/thin-edge.io/thin-edge.io/tests/PySys/software_management_end_to_end/sm_apt_install_remove_multiple_mixed/run.py", line 89, in execute
    self.wait_until_succcess()
  File "/home/pi/actions-runner/_work/thin-edge.io/thin-edge.io/tests/PySys/software_management_end_to_end/environment_sm_management.py", line 324, in wait_until_succcess
    self.wait_until_status("SUCCESSFUL")
  File "/home/pi/actions-runner/_work/thin-edge.io/thin-edge.io/tests/PySys/software_management_end_to_end/environment_sm_management.py", line 380, in wait_until_status
    raise SystemError(
SystemError: Timeout while waiting for status SUCCESSFUL or False
08:48:06 WARN  SystemError: Timeout while waiting for status SUCCESSFUL or False ... blocked 
08:48:06 INFO  
08:48:06 INFO  cleanup:
08:48:15 INFO  Executed sudo&lt;tedge_disconnect_c8y&gt;, exit status 0
08:48:15 INFO  Executed systemctl&lt;serv_mapper5&gt;, exit status 3
08:48:15 INFO  
08:48:15 INFO  Test duration: 183.39 secs
08:48:15 INFO  Test final outcome:  BLOCKED
08:48:15 INFO  Test outcome reason: SystemError: Timeout while waiting for status SUCCESSFUL or False
08:48:15 INFO  
</system-out>
	</testcase>
<testcase classname="PySysTest" name="SoftwareManagement.sm_apt_install_remove_multiple_mixed">
		<failure message="BLOCKED: SystemError: Timeout while waiting for status SUCCESSFUL or False (+1 other failures)" type="BLOCKED" />
		<system-out>09:14:46 INFO  ==============================================================
09:14:46 INFO  Id:    SoftwareManagement.sm_apt_install_remove_multiple_mixed
09:14:46 INFO  Dir:   software_management_end_to_end/
09:14:46 INFO  Title: Validate end to end behaviour for the apt plugin for multiple packages with mixed versions
09:14:46 INFO  ==============================================================
09:14:46 INFO  Using sw id database: {'asciijump': '5475369', 'robotfindskitten': '5474869', 'squirrel3': '5475279', 'rolldice': '5152439', 'moon-buggy': '5439204', 'apple': '5495053', 'banana': '5494888', 'cherry': '5495382', 'watermelon': '5494510', 'registry': '8018911', 'hello-world': '8021526', 'docker/getting-started': '8021973', 'alpine': '7991792'}
09:14:46 INFO  EnvironmentC8y Setup
09:14:47 INFO  Executed systemctl&lt;serv_mapper1&gt;, exit status 3
09:14:47 INFO  Restarting mosquitto too frequently in the last 10 seconds. It was only up for 6 seconds
09:14:47 INFO  Delaying execution by 5 seconds
09:15:09 INFO  Executed sudo&lt;tedge_connect_c8y&gt;, exit status 0, duration 17 secs
09:15:10 INFO  Executed sudo&lt;tedge_connect_c8y_test&gt;, exit status 0
09:15:11 INFO  Executed systemctl&lt;serv_mosq2&gt;, exit status 0
09:15:11 INFO  Executed systemctl&lt;serv_mapper3&gt;, exit status 0
09:15:13 INFO  State of current operation: SUCCESSFUL
09:15:13 INFO  Assert that (False == value) with value=False ... passed
09:15:14 INFO  Assert that (False == value) with value=False ... passed
09:15:14 INFO  Assert that (False == value) with value=False ... passed
09:15:14 INFO  Assert that (False == value) with value=False ... passed
09:15:15 INFO  Package moon-buggy is installed
09:15:15 WARN  Assert that (False == value) with value=True ... failed 
09:15:17 INFO  Response status: 201
09:15:17 INFO  Response to action: {
    "delivery": {
        "time": "2022-05-03T09:15:17.325Z",
        "log": [],
        "status": "PENDING"
    },
    "creationTime": "2022-05-03T09:15:17.312Z",
    "deviceName": "m32sd11e",
    "deviceId": "18246155",
    "self": "https://t493319102.eu-latest.cumulocity.com/devicecontrol/operations/18277129",
    "id": "18277129",
    "status": "PENDING",
    "description": "Apply software changes, triggered from PySys: [{'action': 'install', 'id': '5475369', 'name': 'asciijump', 'url': ' ', 'version': '::apt'}, {'action': 'install', 'id': '5474869', 'name': 'robotfindskitten', 'url': ' ', 'version': ' '}, {'action': 'install', 'id': '5475279', 'name': 'squirrel3', 'url': ' ', 'version': '3.1-8::apt'}, {'action': 'install', 'id': '5152439', 'name': 'rolldice', 'url': ' ', 'version': '1.16-1+b2'}, {'action': 'install', 'id': '5439204', 'name': 'moon-buggy', 'url': ' ', 'version': '1:1.0.51-13'}, {'action': 'install', 'id': '5475369', 'name': 'asciijump', 'url': ' ', 'version': '::apt'}]",
    "c8y_SoftwareUpdate": [
        {
            "name": "asciijump",
            "action": "install",
            "id": "5475369",
            "version": "::apt",
            "url": " "
        },
        {
            "name": "robotfindskitten",
            "action": "install",
            "id": "5474869",
            "version": " ",
            "url": " "
        },
        {
            "name": "squirrel3",
            "action": "install",
            "id": "5475279",
            "version": "3.1-8::apt",
            "url": " "
        },
        {
            "name": "rolldice",
            "action": "install",
            "id": "5152439",
            "version": "1.16-1+b2",
            "url": " "
        },
        {
            "name": "moon-buggy",
            "action": "install",
            "id": "5439204",
            "version": "1:1.0.51-13",
            "url": " "
        },
        {
            "name": "asciijump",
            "action": "install",
            "id": "5475369",
            "version": "::apt",
            "url": " "
        }
    ]
}
09:15:17 INFO  Started operation: {'delivery': {'time': '2022-05-03T09:15:17.325Z', 'log': [], 'status': 'PENDING'}, 'creationTime': '2022-05-03T09:15:17.312Z', 'deviceName': 'm32sd11e', 'deviceId': '18246155', 'self': 'https://t493319102.eu-latest.cumulocity.com/devicecontrol/operations/18277129', 'id': '18277129', 'status': 'PENDING', 'description': "Apply software changes, triggered from PySys: [{'action': 'install', 'id': '5475369', 'name': 'asciijump', 'url': ' ', 'version': '::apt'}, {'action': 'install', 'id': '5474869', 'name': 'robotfindskitten', 'url': ' ', 'version': ' '}, {'action': 'install', 'id': '5475279', 'name': 'squirrel3', 'url': ' ', 'version': '3.1-8::apt'}, {'action': 'install', 'id': '5152439', 'name': 'rolldice', 'url': ' ', 'version': '1.16-1+b2'}, {'action': 'install', 'id': '5439204', 'name': 'moon-buggy', 'url': ' ', 'version': '1:1.0.51-13'}, {'action': 'install', 'id': '5475369', 'name': 'asciijump', 'url': ' ', 'version': '::apt'}]", 'c8y_SoftwareUpdate': [{'name': 'asciijump', 'action': 'install', 'id': '5475369', 'version': '::apt', 'url': ' '}, {'name': 'robotfindskitten', 'action': 'install', 'id': '5474869', 'version': ' ', 'url': ' '}, {'name': 'squirrel3', 'action': 'install', 'id': '5475279', 'version': '3.1-8::apt', 'url': ' '}, {'name': 'rolldice', 'action': 'install', 'id': '5152439', 'version': '1.16-1+b2', 'url': ' '}, {'name': 'moon-buggy', 'action': 'install', 'id': '5439204', 'version': '1:1.0.51-13', 'url': ' '}, {'name': 'asciijump', 'action': 'install', 'id': '5475369', 'version': '::apt', 'url': ' '}]}
09:15:19 INFO  State of operation 18277129 : PENDING
09:15:21 INFO  State of operation 18277129 : EXECUTING
09:15:24 INFO  State of operation 18277129 : EXECUTING
09:15:26 INFO  State of operation 18277129 : EXECUTING
09:15:28 INFO  State of operation 18277129 : EXECUTING
09:15:30 INFO  State of operation 18277129 : EXECUTING
09:15:32 INFO  State of operation 18277129 : EXECUTING
09:15:35 INFO  State of operation 18277129 : EXECUTING
09:15:39 INFO  State of operation 18277129 : EXECUTING
09:15:42 INFO  State of operation 18277129 : EXECUTING
09:15:44 INFO  State of operation 18277129 : EXECUTING
09:15:46 INFO  State of operation 18277129 : EXECUTING
09:15:49 INFO  State of operation 18277129 : EXECUTING
09:15:51 INFO  State of operation 18277129 : EXECUTING
09:15:53 INFO  State of operation 18277129 : EXECUTING
09:15:55 INFO  State of operation 18277129 : EXECUTING
09:15:58 INFO  State of operation 18277129 : EXECUTING
09:16:00 INFO  State of operation 18277129 : EXECUTING
09:16:03 INFO  State of operation 18277129 : EXECUTING
09:16:05 INFO  State of operation 18277129 : EXECUTING
09:16:08 INFO  State of operation 18277129 : EXECUTING
09:16:10 INFO  State of operation 18277129 : EXECUTING
09:16:12 INFO  State of operation 18277129 : EXECUTING
09:16:14 INFO  State of operation 18277129 : EXECUTING
09:16:17 INFO  State of operation 18277129 : EXECUTING
09:16:19 INFO  State of operation 18277129 : EXECUTING
09:16:22 INFO  State of operation 18277129 : EXECUTING
09:16:24 INFO  State of operation 18277129 : EXECUTING
09:16:26 INFO  State of operation 18277129 : EXECUTING
09:16:29 INFO  State of operation 18277129 : EXECUTING
09:16:31 INFO  State of operation 18277129 : EXECUTING
09:16:34 INFO  State of operation 18277129 : EXECUTING
09:16:37 INFO  State of operation 18277129 : EXECUTING
09:16:39 INFO  State of operation 18277129 : EXECUTING
09:16:41 INFO  State of operation 18277129 : EXECUTING
09:16:43 INFO  State of operation 18277129 : EXECUTING
09:16:46 INFO  State of operation 18277129 : EXECUTING
09:16:48 INFO  State of operation 18277129 : EXECUTING
09:16:50 INFO  State of operation 18277129 : EXECUTING
09:16:52 INFO  State of operation 18277129 : EXECUTING
09:16:55 INFO  State of operation 18277129 : EXECUTING
09:16:57 INFO  State of operation 18277129 : EXECUTING
09:16:59 INFO  State of operation 18277129 : EXECUTING
09:17:02 INFO  State of operation 18277129 : EXECUTING
09:17:05 INFO  State of operation 18277129 : EXECUTING
09:17:07 INFO  State of operation 18277129 : EXECUTING
09:17:10 INFO  State of operation 18277129 : EXECUTING
09:17:12 INFO  State of operation 18277129 : EXECUTING
09:17:14 INFO  State of operation 18277129 : EXECUTING
09:17:17 INFO  State of operation 18277129 : EXECUTING
09:17:19 INFO  State of operation 18277129 : EXECUTING
09:17:21 INFO  State of operation 18277129 : EXECUTING
09:17:23 INFO  State of operation 18277129 : EXECUTING
09:17:27 INFO  State of operation 18277129 : EXECUTING
09:17:29 INFO  State of operation 18277129 : EXECUTING
09:17:32 INFO  State of operation 18277129 : EXECUTING
09:17:34 INFO  State of operation 18277129 : EXECUTING
09:17:36 INFO  State of operation 18277129 : EXECUTING
09:17:38 INFO  State of operation 18277129 : EXECUTING
09:17:40 INFO  State of operation 18277129 : EXECUTING
09:17:43 INFO  State of operation 18277129 : EXECUTING
09:17:45 WARN  SystemError occurred while running test - Timeout while waiting for status SUCCESSFUL or False
Traceback (most recent call last):
  File "/home/pi/env-pysys/lib/python3.9/site-packages/pysys/baserunner.py", line 1294, in __call__
    self.testObj.execute()
  File "/home/pi/actions-runner/_work/thin-edge.io/thin-edge.io/tests/PySys/software_management_end_to_end/sm_apt_install_remove_multiple_mixed/run.py", line 89, in execute
    self.wait_until_succcess()
  File "/home/pi/actions-runner/_work/thin-edge.io/thin-edge.io/tests/PySys/software_management_end_to_end/environment_sm_management.py", line 324, in wait_until_succcess
    self.wait_until_status("SUCCESSFUL")
  File "/home/pi/actions-runner/_work/thin-edge.io/thin-edge.io/tests/PySys/software_management_end_to_end/environment_sm_management.py", line 380, in wait_until_status
    raise SystemError(
SystemError: Timeout while waiting for status SUCCESSFUL or False
09:17:45 WARN  SystemError: Timeout while waiting for status SUCCESSFUL or False ... blocked 
09:17:45 INFO  
09:17:45 INFO  cleanup:
09:17:53 INFO  Executed sudo&lt;tedge_disconnect_c8y&gt;, exit status 0
09:17:54 INFO  Executed systemctl&lt;serv_mapper5&gt;, exit status 3
09:17:54 INFO  
09:17:54 INFO  Test duration: 187.24 secs
09:17:54 INFO  Test final outcome:  BLOCKED
09:17:54 INFO  Test outcome reason: SystemError: Timeout while waiting for status SUCCESSFUL or False (+1 other failures)
09:17:54 INFO  
</system-out>
	</testcase>
</testsuite><testsuite name="SoftwareManagement.sm_apt_install_remove_with_version" tests="3" errors="0" failures="0" skipped="1" time="0"><testcase classname="PySysTest" name="SoftwareManagement.sm_apt_install_remove_with_version">
		<skipped message="SKIPPED: Testing the apt plugin is not supported on this platform.Use parameter -XmyPlatform='container' to enable it" />
		<system-out>08:04:45 INFO  ==============================================================
08:04:45 INFO  Id:    SoftwareManagement.sm_apt_install_remove_with_version
08:04:45 INFO  Dir:   software_management_end_to_end/
08:04:45 INFO  Title: Validate end to end behaviour for the apt plugin for packages with version
08:04:45 INFO  ==============================================================
08:04:45 INFO  Testing the apt plugin is not supported on this platform.Use parameter -XmyPlatform='container' to enable it ... skipped
08:04:45 WARN  Aborted test due to SKIPPED outcome
08:04:45 INFO  
08:04:45 INFO  Test duration: 0.04 secs
08:04:45 INFO  Test final outcome:  SKIPPED
08:04:45 INFO  Test outcome reason: Testing the apt plugin is not supported on this platform.Use parameter -XmyPlatform='container' to enable it
08:04:45 INFO  
</system-out>
	</testcase>
<testcase classname="PySysTest" name="SoftwareManagement.sm_apt_install_remove_with_version" />
<testcase classname="PySysTest" name="SoftwareManagement.sm_apt_install_remove_with_version" />
</testsuite><testsuite name="SoftwareManagement.sm_docker_install_remove_multiple" tests="3" errors="0" failures="0" skipped="1" time="0"><testcase classname="SMDockerInstallRemove" name="SoftwareManagement.sm_docker_install_remove_multiple">
		<skipped message="SKIPPED: Testing the apt plugin is not supported on this platform.Use parameter -XmyPlatform='container' to enable it" />
		<system-out>08:04:45 INFO  ==============================================================
08:04:45 INFO  Id:    SoftwareManagement.sm_docker_install_remove_multiple
08:04:45 INFO  Dir:   software_management_end_to_end/
08:04:45 INFO  Title: Validate end to end behaviour for the docker plugin for multiple docker images with mixed versions
08:04:45 INFO  ==============================================================
08:04:45 INFO  Testing the apt plugin is not supported on this platform.Use parameter -XmyPlatform='container' to enable it ... skipped
08:04:45 WARN  Aborted test due to SKIPPED outcome
08:04:45 INFO  
08:04:45 INFO  Test duration: 0.05 secs
08:04:45 INFO  Test final outcome:  SKIPPED
08:04:45 INFO  Test outcome reason: Testing the apt plugin is not supported on this platform.Use parameter -XmyPlatform='container' to enable it
08:04:45 INFO  
</system-out>
	</testcase>
<testcase classname="SMDockerInstallRemove" name="SoftwareManagement.sm_docker_install_remove_multiple" />
<testcase classname="SMDockerInstallRemove" name="SoftwareManagement.sm_docker_install_remove_multiple" />
</testsuite><testsuite name="SoftwareManagement.sm_fake_install_remove" tests="2" errors="0" failures="0" skipped="1" time="0"><testcase classname="PySysTest" name="SoftwareManagement.sm_fake_install_remove">
		<skipped message="SKIPPED: Testing the fake plugin is not enabled.Use parameter -Xfakeplugin=fakeplugin to enable it" />
		<system-out>08:04:45 INFO  ==============================================================
08:04:45 INFO  Id:    SoftwareManagement.sm_fake_install_remove
08:04:45 INFO  Dir:   software_management_end_to_end/
08:04:45 INFO  Title: Validate end to end behaviour for the dummy plugin for installation and removal of packages
08:04:45 INFO  ==============================================================
08:04:45 INFO  Testing the fake plugin is not enabled.Use parameter -Xfakeplugin=fakeplugin to enable it ... skipped
08:04:45 WARN  Aborted test due to SKIPPED outcome
08:04:45 INFO  
08:04:45 INFO  Test duration: 0.02 secs
08:04:45 INFO  Test final outcome:  SKIPPED
08:04:45 INFO  Test outcome reason: Testing the fake plugin is not enabled.Use parameter -Xfakeplugin=fakeplugin to enable it
08:04:45 INFO  
</system-out>
	</testcase>
<testcase classname="PySysTest" name="SoftwareManagement.sm_fake_install_remove" />
</testsuite><testsuite name="SoftwareManagement.sm_fake_install_remove_multiple" tests="2" errors="0" failures="0" skipped="1" time="0"><testcase classname="PySysTest" name="SoftwareManagement.sm_fake_install_remove_multiple">
		<skipped message="SKIPPED: Testing the fake plugin is not enabled.Use parameter -Xfakeplugin=fakeplugin to enable it" />
		<system-out>08:04:45 INFO  ==============================================================
08:04:45 INFO  Id:    SoftwareManagement.sm_fake_install_remove_multiple
08:04:45 INFO  Dir:   software_management_end_to_end/
08:04:45 INFO  Title: Validate end to end behaviour for the dummy-plugin for multiple packages
08:04:45 INFO  ==============================================================
08:04:45 INFO  Testing the fake plugin is not enabled.Use parameter -Xfakeplugin=fakeplugin to enable it ... skipped
08:04:45 WARN  Aborted test due to SKIPPED outcome
08:04:45 INFO  
08:04:45 INFO  Test duration: 0.02 secs
08:04:45 INFO  Test final outcome:  SKIPPED
08:04:45 INFO  Test outcome reason: Testing the fake plugin is not enabled.Use parameter -Xfakeplugin=fakeplugin to enable it
08:04:45 INFO  
</system-out>
	</testcase>
<testcase classname="PySysTest" name="SoftwareManagement.sm_fake_install_remove_multiple" />
</testsuite><testsuite name="SoftwareManagement.sm_mapper_fail_and_reconnect" tests="2" errors="0" failures="0" skipped="2" time="0"><testcase classname="MapperC8yReceiveLastMessageOnRestart" name="SoftwareManagement.sm_mapper_fail_and_reconnect">
		<skipped message="SKIPPED: instable https://github.com/thin-edge/thin-edge.io/issues/752" />
		<system-out>08:04:45 INFO  ==============================================================
08:04:45 INFO  Id:    SoftwareManagement.sm_mapper_fail_and_reconnect
08:04:45 INFO  Dir:   software_management_end_to_end/
08:04:45 INFO  Title: Validate the tedge-mapper-sm-c8y for receiving the last message on restart
08:04:45 INFO  ==============================================================
08:04:45 INFO  instable https://github.com/thin-edge/thin-edge.io/issues/752 ... skipped
08:04:45 INFO  
08:04:45 INFO  Test duration: 0.04 secs
08:04:45 INFO  Test final outcome:  SKIPPED
08:04:45 INFO  Test outcome reason: instable https://github.com/thin-edge/thin-edge.io/issues/752
08:04:45 INFO  
</system-out>
	</testcase>
<testcase classname="MapperC8yReceiveLastMessageOnRestart" name="SoftwareManagement.sm_mapper_fail_and_reconnect">
		<skipped message="SKIPPED: instable https://github.com/thin-edge/thin-edge.io/issues/752" />
		<system-out>09:25:23 INFO  ==============================================================
09:25:23 INFO  Id:    SoftwareManagement.sm_mapper_fail_and_reconnect
09:25:23 INFO  Dir:   software_management_end_to_end/
09:25:23 INFO  Title: Validate the tedge-mapper-sm-c8y for receiving the last message on restart
09:25:23 INFO  ==============================================================
09:25:24 INFO  instable https://github.com/thin-edge/thin-edge.io/issues/752 ... skipped
09:25:24 INFO  
09:25:24 INFO  Test duration: 0.04 secs
09:25:24 INFO  Test final outcome:  SKIPPED
09:25:24 INFO  Test outcome reason: instable https://github.com/thin-edge/thin-edge.io/issues/752
09:25:24 INFO  
</system-out>
	</testcase>
</testsuite><testsuite name="SoftwareManagement.sm_mixed_install_remove_multiple" tests="2" errors="0" failures="1" skipped="1" time="0"><testcase classname="PySysTest" name="SoftwareManagement.sm_mixed_install_remove_multiple">
		<skipped message="SKIPPED: Testing the fake plugin is not enabled.Use parameter -Xfakeplugin=fakeplugin to enable it" />
		<system-out>08:04:45 INFO  ==============================================================
08:04:45 INFO  Id:    SoftwareManagement.sm_mixed_install_remove_multiple
[...]
07:54:27 INFO  
07:54:27 INFO  Test duration: 0.02 secs
07:54:27 INFO  Test final outcome:  SKIPPED
07:54:27 INFO  Test outcome reason: Testing the docker plugin is not supported on this platform.To run it, all the test with -XmyPlatform='container'
07:54:27 INFO  
</system-out>
	</testcase>
<testcase classname="DockerPluginRemoveWithVersionTest" name="docker_plugin_remove_with_version" />
</testsuite><testsuite name="docker_plugin_update" tests="2" errors="0" failures="0" skipped="1" time="0"><testcase classname="DockerPluginUpdateTest" name="docker_plugin_update">
		<skipped message="SKIPPED: Testing the docker plugin is not supported on this platform.To run it, all the test with -XmyPlatform='container'" />
		<system-out>07:54:27 INFO  ==============================================================
07:54:27 INFO  Id:    docker_plugin_update
07:54:27 INFO  Dir:   plugin_docker/
07:54:27 INFO  Title: Validate docker plugin install updates existing containers
07:54:27 INFO  ==============================================================
07:54:27 INFO  Testing the docker plugin is not supported on this platform.To run it, all the test with -XmyPlatform='container' ... skipped
07:54:27 WARN  Aborted test due to SKIPPED outcome
07:54:27 INFO  
07:54:27 INFO  Test duration: 0.02 secs
07:54:27 INFO  Test final outcome:  SKIPPED
07:54:27 INFO  Test outcome reason: Testing the docker plugin is not supported on this platform.To run it, all the test with -XmyPlatform='container'
07:54:27 INFO  
</system-out>
	</testcase>
<testcase classname="DockerPluginUpdateTest" name="docker_plugin_update" />
</testsuite><testsuite name="invalid_device_id" tests="1" errors="0" failures="0" skipped="0" time="0"><testcase classname="InvalidDeviceId" name="invalid_device_id" />
</testsuite><testsuite name="local_mqtt_pub_fail_noqos" tests="1" errors="0" failures="0" skipped="0" time="0"><testcase classname="PySysTest" name="local_mqtt_pub_fail_noqos" />
</testsuite><testsuite name="local_mqtt_pub_fail_qos0" tests="1" errors="0" failures="0" skipped="0" time="0"><testcase classname="PySysTest" name="local_mqtt_pub_fail_qos0" />
</testsuite><testsuite name="local_mqtt_pub_fail_qos1" tests="1" errors="0" failures="0" skipped="0" time="0"><testcase classname="PySysTest" name="local_mqtt_pub_fail_qos1" />
</testsuite><testsuite name="local_mqtt_pub_fail_qos2" tests="1" errors="0" failures="0" skipped="0" time="0"><testcase classname="PySysTest" name="local_mqtt_pub_fail_qos2" />
</testsuite><testsuite name="local_mqtt_pub_sub" tests="1" errors="0" failures="0" skipped="0" time="0"><testcase classname="PySysTest" name="local_mqtt_pub_sub" />
</testsuite><testsuite name="local_mqtt_pub_sub_retain" tests="1" errors="0" failures="0" skipped="0" time="0"><testcase classname="MqttPublishWithRetain" name="local_mqtt_pub_sub_retain" />
</testsuite><testsuite name="local_mqtt_pub_sub_with_sudo" tests="1" errors="0" failures="0" skipped="0" time="0"><testcase classname="PySysTest" name="local_mqtt_pub_sub_with_sudo" />
</testsuite><testsuite name="local_mqtt_sub_fail" tests="1" errors="0" failures="0" skipped="0" time="0"><testcase classname="PySysTest" name="local_mqtt_sub_fail" />
</testsuite><testsuite name="log_request_error_messages" tests="1" errors="0" failures="1" skipped="0" time="0"><testcase classname="LogRequestVerifySearchTextError" name="log_request_error_messages">
		<failure message="FAILED: Assert that (True == value) with value=False" type="FAILED" />
		<system-out>07:51:26 INFO  ==============================================================
07:51:26 INFO  Id:    log_request_error_messages
07:51:26 INFO  Dir:   log_request_end_to_end/
07:51:26 INFO  Title: Validate end to end behaviour for the log request operation check for error messages
07:51:26 INFO  ==============================================================
07:51:28 INFO  EnvironmentC8y Setup
07:51:28 INFO  Executed systemctl&lt;serv_mapper1&gt;, exit status 3
07:51:28 INFO  Restarting mosquitto too frequently in the last 10 seconds. It was only up for 2 seconds
07:51:28 INFO  Delaying execution by 9 seconds
07:51:55 INFO  Executed sudo&lt;tedge_connect_c8y&gt;, exit status 0, duration 17 secs
07:51:56 INFO  Executed sudo&lt;tedge_connect_c8y_test&gt;, exit status 0
07:51:57 INFO  Executed systemctl&lt;serv_mosq2&gt;, exit status 0
07:51:57 INFO  Executed systemctl&lt;serv_mapper3&gt;, exit status 0
07:51:58 INFO  Executed sudo&lt;rm_logs&gt;, exit status 0
07:51:58 INFO  Executed sudo&lt;move_logs&gt;, exit status 0
07:51:59 INFO  log response None
07:51:59 WARN  retry, retrying in 1 seconds...
07:52:00 INFO  log response https://thin-edge-io.eu-latest.cumulocity.com/event/events/18247306/binaries
07:52:01 WARN  Assert that (True == value) with value=False ... failed [run.py:43]
07:52:01 INFO  
07:52:01 INFO  cleanup:
07:52:01 INFO  Executed sudo&lt;rm_logs&gt;, exit status 0
07:52:02 INFO  Executed sudo&lt;rm_tmp_logs&gt;, exit status 0
07:52:02 INFO  Executed sudo&lt;send_failed&gt;, exit status 0
07:52:08 INFO  Executed sudo&lt;tedge_disconnect_c8y&gt;, exit status 0
07:52:09 INFO  Executed systemctl&lt;serv_mapper5&gt;, exit status 3
07:52:09 INFO  
07:52:09 INFO  Test duration: 42.58 secs
07:52:09 INFO  Test final outcome:  FAILED
07:52:09 INFO  Test outcome reason: Assert that (True == value) with value=False
07:52:09 INFO  
</system-out>
	</testcase>
</testsuite><testsuite name="log_request_num_lines" tests="1" errors="0" failures="1" skipped="0" time="0"><testcase classname="LogRequestVerifyNumberOfLines" name="log_request_num_lines">
		<failure message="FAILED: Assert that (True == value) with value=False" type="FAILED" />
		<system-out>07:52:09 INFO  ==============================================================
07:52:09 INFO  Id:    log_request_num_lines
07:52:09 INFO  Dir:   log_request_end_to_end/
07:52:09 INFO  Title: Validate end to end behaviour for the log request operation check for number of lines
07:52:09 INFO  ==============================================================
07:52:09 INFO  EnvironmentC8y Setup
07:52:10 INFO  Executed systemctl&lt;serv_mapper1&gt;, exit status 3
07:52:10 INFO  Restarting mosquitto too frequently in the last 10 seconds. It was only up for 7 seconds
07:52:10 INFO  Delaying execution by 4 seconds
07:52:31 INFO  Executed sudo&lt;tedge_connect_c8y&gt;, exit status 0, duration 17 secs
07:52:32 INFO  Executed sudo&lt;tedge_connect_c8y_test&gt;, exit status 0
07:52:32 INFO  Executed systemctl&lt;serv_mosq2&gt;, exit status 0
07:52:33 INFO  Executed systemctl&lt;serv_mapper3&gt;, exit status 0
07:52:33 INFO  Executed sudo&lt;rm_logs&gt;, exit status 0
07:52:34 INFO  Executed sudo&lt;move_logs&gt;, exit status 0
07:52:35 INFO  log response None
07:52:35 WARN  retry, retrying in 1 seconds...
07:52:36 INFO  log response https://thin-edge-io.eu-latest.cumulocity.com/event/events/18245590/binaries
07:52:36 INFO  nlines 0
07:52:36 WARN  Assert that (True == value) with value=False ... failed [run.py:44]
07:52:36 INFO  
07:52:36 INFO  cleanup:
07:52:37 INFO  Executed sudo&lt;rm_logs&gt;, exit status 0
07:52:37 INFO  Executed sudo&lt;rm_tmp_logs&gt;, exit status 0
07:52:38 INFO  Executed sudo&lt;send_failed&gt;, exit status 0
07:52:43 INFO  Executed sudo&lt;tedge_disconnect_c8y&gt;, exit status 0
07:52:44 INFO  Executed systemctl&lt;serv_mapper5&gt;, exit status 3
07:52:44 INFO  
07:52:44 INFO  Test duration: 34.67 secs
07:52:44 INFO  Test final outcome:  FAILED
07:52:44 INFO  Test outcome reason: Assert that (True == value) with value=False
07:52:44 INFO  
</system-out>
	</testcase>
</testsuite><testsuite name="mapper_awaits_before_reconnect" tests="1" errors="0" failures="0" skipped="0" time="0"><testcase classname="MapperReconnectAwait" name="mapper_awaits_before_reconnect" />
</testsuite><testsuite name="monitoring_smaller_interval" tests="1" errors="0" failures="0" skipped="1" time="0"><testcase classname="MonitoringSmallInterval" name="monitoring_smaller_interval">
		<skipped message="SKIPPED: Fails due to retained message" />
		<system-out>07:54:22 INFO  ==============================================================
07:54:22 INFO  Id:    monitoring_smaller_interval
07:54:22 INFO  Dir:   monitoring/
07:54:22 INFO  Title: Validate the tedge dm agent messages that are produced with smaller sampling interval than the batching window. Here the simulated collectd messages are used
07:54:22 INFO  ==============================================================
07:54:22 INFO  Fails due to retained message ... skipped
07:54:22 INFO  
07:54:22 INFO  Test duration: 0.02 secs
07:54:22 INFO  Test final outcome:  SKIPPED
07:54:22 INFO  Test outcome reason: Fails due to retained message
07:54:22 INFO  
</system-out>
	</testcase>
</testsuite><testsuite name="monitoring_with_collectd" tests="1" errors="0" failures="0" skipped="1" time="0"><testcase classname="MonitoringWithCollectd" name="monitoring_with_collectd">
		<skipped message="SKIPPED: Test execution disabled due to #792 (instable)" />
		<system-out>07:54:22 INFO  ==============================================================
07:54:22 INFO  Id:    monitoring_with_collectd
07:54:22 INFO  Dir:   monitoring/
07:54:22 INFO  Title: Validate tedge dm agent messages that are produced by batching the collectd messages
07:54:22 INFO  ==============================================================
07:54:22 INFO  Test execution disabled due to #792 (instable) ... skipped
07:54:22 INFO  
07:54:22 INFO  Test duration: 0.02 secs
07:54:22 INFO  Test final outcome:  SKIPPED
07:54:22 INFO  Test outcome reason: Test execution disabled due to #792 (instable)
07:54:22 INFO  
</system-out>
	</testcase>
</testsuite><testsuite name="monitoring_with_simulated_messages" tests="1" errors="0" failures="0" skipped="1" time="0"><testcase classname="MonitoringWithSimulatedMessages" name="monitoring_with_simulated_messages">
		<skipped message="SKIPPED: Fails due to retained message" />
		<system-out>07:54:22 INFO  ==============================================================
07:54:22 INFO  Id:    monitoring_with_simulated_messages
07:54:22 INFO  Dir:   monitoring/
07:54:22 INFO  Title: Validate the tedge dm agent messages that are produced from the simulated collectd messages
07:54:22 INFO  ==============================================================
07:54:22 INFO  Fails due to retained message ... skipped
07:54:22 INFO  
07:54:22 INFO  Test duration: 0.02 secs
07:54:22 INFO  Test final outcome:  SKIPPED
07:54:22 INFO  Test outcome reason: Fails due to retained message
07:54:22 INFO  
</system-out>
	</testcase>
</testsuite><testsuite name="mqtt_port_change_connection_fails" tests="1" errors="0" failures="0" skipped="0" time="0"><testcase classname="MqttPortChangeConnectionFails" name="mqtt_port_change_connection_fails" />
</testsuite><testsuite name="mqtt_port_change_connection_works" tests="1" errors="0" failures="0" skipped="1" time="0"><testcase classname="MqttPortChangeConnectionWorks" name="mqtt_port_change_connection_works">
		<skipped message="SKIPPED: failing intermitently" />
		<system-out>07:53:20 INFO  ==============================================================
07:53:20 INFO  Id:    mqtt_port_change_connection_works
07:53:20 INFO  Dir:   misc_features/
07:53:20 INFO  Title: mqtt port change connection works for all the thin-edge services that use the mosquitto broker
07:53:20 INFO  ==============================================================
07:53:20 INFO  failing intermitently ... skipped
07:53:20 INFO  
07:53:20 INFO  Test duration: 0.02 secs
07:53:20 INFO  Test final outcome:  SKIPPED
07:53:20 INFO  Test outcome reason: failing intermitently
07:53:20 INFO  
</system-out>
	</testcase>
</testsuite><testsuite name="mqtt_port_set" tests="1" errors="0" failures="0" skipped="0" time="0"><testcase classname="MqttPortSet" name="mqtt_port_set" />
</testsuite><testsuite name="mqtt_port_unset" tests="1" errors="0" failures="0" skipped="0" time="0"><testcase classname="MqttPortUnSet" name="mqtt_port_unset" />
</testsuite><testsuite name="publish_flux" tests="1" errors="0" failures="0" skipped="0" time="0"><testcase classname="PublishFlux" name="publish_flux" />
</testsuite><testsuite name="publish_sawmill" tests="1" errors="0" failures="0" skipped="0" time="0"><testcase classname="PublishSawmill" name="publish_sawmill" />
</testsuite><testsuite name="pysys_block" tests="1" errors="0" failures="0" skipped="1" time="0"><testcase classname="Fail" name="pysys_block">
		<skipped message="SKIPPED: Enable this to observe a blocking test" />
		<system-out>07:53:47 INFO  ==============================================================
07:53:47 INFO  Id:    pysys_block
07:53:47 INFO  Dir:   misc_features/
07:53:47 INFO  Title: fail
07:53:47 INFO  ==============================================================
07:53:47 INFO  Enable this to observe a blocking test ... skipped
07:53:47 INFO  
07:53:47 INFO  Test duration: 0.03 secs
07:53:47 INFO  Test final outcome:  SKIPPED
07:53:47 INFO  Test outcome reason: Enable this to observe a blocking test
07:53:47 INFO  
</system-out>
	</testcase>
</testsuite><testsuite name="pysys_fail" tests="1" errors="0" failures="0" skipped="1" time="0"><testcase classname="Fail" name="pysys_fail">
		<skipped message="SKIPPED: Enable this to observe a failing test" />
		<system-out>07:53:47 INFO  ==============================================================
07:53:47 INFO  Id:    pysys_fail
07:53:47 INFO  Dir:   misc_features/
07:53:47 INFO  Title: fail
07:53:47 INFO  ==============================================================
07:53:47 INFO  Enable this to observe a failing test ... skipped
07:53:47 INFO  
07:53:47 INFO  Test duration: 0.01 secs
07:53:47 INFO  Test final outcome:  SKIPPED
07:53:47 INFO  Test outcome reason: Enable this to observe a failing test
07:53:47 INFO  
</system-out>
	</testcase>
</testsuite><testsuite name="runtime_start_two_mappers" tests="1" errors="0" failures="1" skipped="0" time="0"><testcase classname="RuntimeMultiMappers" name="runtime_start_two_mappers">
		<failure message="FAILED: Grep on tedge_mapper2.err contains &quot;Error: Couldn't acquire file lock.&quot;" type="FAILED" />
		<system-out>08:08:47 INFO  ==============================================================
08:08:47 INFO  Id:    runtime_start_two_mappers
08:08:47 INFO  Dir:   tedge_mapper_c8y/
08:08:47 INFO  Title: Validate two mappers can't be started at the same time
08:08:47 INFO  ==============================================================
08:08:47 INFO  Executed sudo&lt;tedge_mapper1&gt;, exit status 0
08:08:47 INFO  Waiting for 0.1 seconds
08:08:48 INFO  Executed sudo&lt;tedge_mapper2&gt;, exit status 1
08:08:48 INFO  Executed sudo&lt;tedge_mapper1&gt;, exit status 0
08:08:48 WARN  Grep on tedge_mapper2.err contains "Error: Couldn't acquire file lock." ... failed [run.py:45]
08:08:48 INFO  
08:08:48 INFO  Test duration: 1.84 secs
08:08:48 INFO  Test final outcome:  FAILED
08:08:48 INFO  Test outcome reason: Grep on tedge_mapper2.err contains "Error: Couldn't acquire file lock."
08:08:48 INFO  
</system-out>
	</testcase>
</testsuite><testsuite name="sm_tedge_mapper_init_session" tests="1" errors="0" failures="0" skipped="0" time="0"><testcase classname="TedgeSMMapperInitSession" name="sm_tedge_mapper_init_session" />
</testsuite><testsuite name="smoketest_json" tests="1" errors="0" failures="0" skipped="0" time="0"><testcase classname="SmokeTestJson" name="smoketest_json" />
</testsuite><testsuite name="smoketest_json_400_samples_10ms" tests="1" errors="0" failures="0" skipped="0" time="0"><testcase classname="SmoketestJson400Samples10ms" name="smoketest_json_400_samples_10ms" />
</testsuite><testsuite name="smoketest_json_400_samples_20ms" tests="1" errors="0" failures="0" skipped="0" time="0"><testcase classname="SmoketestJson400Samples20ms" name="smoketest_json_400_samples_20ms" />
</testsuite><testsuite name="smoketest_smartrest" tests="1" errors="0" failures="0" skipped="0" time="0"><testcase classname="SmoketestSmartRest" name="smoketest_smartrest" />
</testsuite><testsuite name="smoketest_smartrest_200_samples_1Xms" tests="1" errors="0" failures="0" skipped="0" time="0"><testcase classname="SmoketestSmartRest200Samples1Xms" name="smoketest_smartrest_200_samples_1Xms" />
</testsuite><testsuite name="smoketest_smartrest_200_samples_20ms" tests="1" errors="0" failures="0" skipped="0" time="0"><testcase classname="SmoketestSmartRest200Samples20ms" name="smoketest_smartrest_200_samples_20ms" />
</testsuite><testsuite name="tedge_agent_user_sudo_access" tests="1" errors="0" failures="0" skipped="1" time="0"><testcase classname="TedgeAgentUserSudoAccess" name="tedge_agent_user_sudo_access">
		<skipped message="SKIPPED: #955 Observation: Exit code of the apt plugin when called with no arguments" />
		<system-out>08:05:13 INFO  ==============================================================
08:05:13 INFO  Id:    tedge_agent_user_sudo_access
08:05:13 INFO  Dir:   tedge/
08:05:13 INFO  Title: Validate tedge-agent user has a limited sudo right
08:05:13 INFO  ==============================================================
08:05:13 INFO  #955 Observation: Exit code of the apt plugin when called with no arguments ... skipped
08:05:13 INFO  
08:05:13 INFO  Test duration: 0.02 secs
08:05:13 INFO  Test final outcome:  SKIPPED
08:05:13 INFO  Test outcome reason: #955 Observation: Exit code of the apt plugin when called with no arguments
08:05:13 INFO  
</system-out>
	</testcase>
</testsuite><testsuite name="tedge_connect_test_negative" tests="1" errors="0" failures="0" skipped="0" time="0"><testcase classname="TedgeConnectTestNegative" name="tedge_connect_test_negative" />
</testsuite><testsuite name="tedge_connect_test_positive" tests="1" errors="0" failures="0" skipped="0" time="0"><testcase classname="TedgeConnectTestPositive" name="tedge_connect_test_positive" />
</testsuite><testsuite name="tedge_connect_test_sm_services" tests="1" errors="0" failures="0" skipped="0" time="0"><testcase classname="TedgeConnectTestSMServices" name="tedge_connect_test_sm_services" />
</testsuite><testsuite name="tedge_disconnect_test_sm_services" tests="1" errors="0" failures="0" skipped="0" time="0"><testcase classname="TedgeDisConnectTestSMServices" name="tedge_disconnect_test_sm_services" />
</testsuite><testsuite name="tedge_mapper_az_negative" tests="1" errors="0" failures="0" skipped="0" time="0"><testcase classname="TedgeMapperAzError" name="tedge_mapper_az_negative" />
</testsuite><testsuite name="tedge_mapper_az_with_timestamp" tests="1" errors="0" failures="0" skipped="0" time="0"><testcase classname="TedgeMapperAzWithTimestamp" name="tedge_mapper_az_with_timestamp" />
</testsuite><testsuite name="tedge_mapper_az_without_timestamp" tests="1" errors="0" failures="0" skipped="0" time="0"><testcase classname="TedgeMapperAzWithoutTimestamp" name="tedge_mapper_az_without_timestamp" />
</testsuite><testsuite name="tedge_mapper_c8y_alarms" tests="1" errors="0" failures="0" skipped="0" time="0"><testcase classname="TedgeMapperC8yAlarm" name="tedge_mapper_c8y_alarms" />
</testsuite><testsuite name="tedge_mapper_c8y_child_device_measurement" tests="1" errors="0" failures="0" skipped="0" time="0"><testcase classname="TedgeMapperC8yChildDevice" name="tedge_mapper_c8y_child_device_measurement" />
</testsuite><testsuite name="tedge_mapper_c8y_packet_threshold_size" tests="1" errors="0" failures="0" skipped="0" time="0"><testcase classname="TedgeMapperC8yThresholdPacketSize" name="tedge_mapper_c8y_packet_threshold_size" />
</testsuite><testsuite name="tedge_software_update" tests="1" errors="0" failures="0" skipped="0" time="0"><testcase classname="PySysTest" name="tedge_software_update" />
</testsuite><testsuite name="valid_device_id" tests="1" errors="0" failures="0" skipped="0" time="0"><testcase classname="ValidateValidDeviceId" name="valid_device_id" />
</testsuite></testsuites>