<?xml version='1.0' encoding='utf-8'?>
<testsuites tests="149" failures="9" errors="0" skipped="54" time="0.0"><testsuite name="SoftwareManagement.Plugin.apama_plugin_install" tests="3" errors="0" failures="0" skipped="1" time="0"><testcase classname="ApamaPluginInstallTest" name="SoftwareManagement.Plugin.apama_plugin_install">
		<skipped message="SKIPPED: Apama plugin tests are disabled by default. Execute `pysys run` with `-XmyPlatform=container` to run these tests" />
		<system-out>09:08:57 INFO  ==============================================================
09:08:57 INFO  Id:    SoftwareManagement.Plugin.apama_plugin_install
09:08:57 INFO  Dir:   plugin_apama/
09:08:57 INFO  Title: Validate apama plugin install
09:08:57 INFO  ==============================================================
09:08:57 INFO  Apama plugin tests are disabled by default. Execute `pysys run` with `-XmyPlatform=container` to run these tests ... skipped
09:08:57 WARN  Aborted test due to SKIPPED outcome
09:08:57 INFO  
09:08:57 INFO  Test duration: 0.06 secs
09:08:57 INFO  Test final outcome:  SKIPPED
09:08:57 INFO  Test outcome reason: Apama plugin tests are disabled by default. Execute `pysys run` with `-XmyPlatform=container` to run these tests
09:08:57 INFO  
</system-out>
	</testcase>
<testcase classname="ApamaPluginInstallTest" name="SoftwareManagement.Plugin.apama_plugin_install" />
<testcase classname="ApamaPluginInstallTest" name="SoftwareManagement.Plugin.apama_plugin_install" />
</testsuite><testsuite name="SoftwareManagement.Plugin.apama_plugin_mon_support" tests="3" errors="0" failures="0" skipped="1" time="0"><testcase classname="ApamaPluginMonSupportTest" name="SoftwareManagement.Plugin.apama_plugin_mon_support">
		<skipped message="SKIPPED: Apama plugin tests are disabled by default. Execute `pysys run` with `-XmyPlatform=container` to run these tests" />
		<system-out>09:08:57 INFO  ==============================================================
09:08:57 INFO  Id:    SoftwareManagement.Plugin.apama_plugin_mon_support
09:08:57 INFO  Dir:   plugin_apama/
09:08:57 INFO  Title: Validate mon file support of apama plugin
09:08:57 INFO  ==============================================================
09:08:57 INFO  Apama plugin tests are disabled by default. Execute `pysys run` with `-XmyPlatform=container` to run these tests ... skipped
09:08:57 WARN  Aborted test due to SKIPPED outcome
09:08:57 INFO  
09:08:57 INFO  Test duration: 0.02 secs
09:08:57 INFO  Test final outcome:  SKIPPED
09:08:57 INFO  Test outcome reason: Apama plugin tests are disabled by default. Execute `pysys run` with `-XmyPlatform=container` to run these tests
09:08:57 INFO  
</system-out>
	</testcase>
<testcase classname="ApamaPluginMonSupportTest" name="SoftwareManagement.Plugin.apama_plugin_mon_support" />
<testcase classname="ApamaPluginMonSupportTest" name="SoftwareManagement.Plugin.apama_plugin_mon_support" />
</testsuite><testsuite name="SoftwareManagement.Plugin.apama_plugin_remove" tests="3" errors="0" failures="0" skipped="1" time="0"><testcase classname="ApamaPluginRemoveTest" name="SoftwareManagement.Plugin.apama_plugin_remove">
		<skipped message="SKIPPED: Apama plugin tests are disabled by default. Execute `pysys run` with `-XmyPlatform=container` to run these tests" />
		<system-out>09:08:57 INFO  ==============================================================
09:08:57 INFO  Id:    SoftwareManagement.Plugin.apama_plugin_remove
09:08:57 INFO  Dir:   plugin_apama/
09:08:57 INFO  Title: Validate apama plugin remove
09:08:57 INFO  ==============================================================
09:08:57 INFO  Apama plugin tests are disabled by default. Execute `pysys run` with `-XmyPlatform=container` to run these tests ... skipped
09:08:57 WARN  Aborted test due to SKIPPED outcome
09:08:57 INFO  
09:08:57 INFO  Test duration: 0.03 secs
09:08:57 INFO  Test final outcome:  SKIPPED
09:08:57 INFO  Test outcome reason: Apama plugin tests are disabled by default. Execute `pysys run` with `-XmyPlatform=container` to run these tests
09:08:57 INFO  
</system-out>
	</testcase>
<testcase classname="ApamaPluginRemoveTest" name="SoftwareManagement.Plugin.apama_plugin_remove" />
<testcase classname="ApamaPluginRemoveTest" name="SoftwareManagement.Plugin.apama_plugin_remove" />
</testsuite><testsuite name="SoftwareManagement.Plugin.apama_plugin_update" tests="3" errors="0" failures="0" skipped="3" time="0"><testcase classname="ApamaPluginUpdateTest" name="SoftwareManagement.Plugin.apama_plugin_update">
		<skipped message="SKIPPED: Test execution disabled due to #1052" />
		<system-out>09:08:57 INFO  ==============================================================
09:08:57 INFO  Id:    SoftwareManagement.Plugin.apama_plugin_update
09:08:57 INFO  Dir:   plugin_apama/
09:08:57 INFO  Title: Validate apama plugin updating one project with another
09:08:57 INFO  ==============================================================
09:08:57 INFO  Test execution disabled due to #1052 ... skipped
09:08:57 INFO  
09:08:57 INFO  Test duration: 0.02 secs
09:08:57 INFO  Test final outcome:  SKIPPED
09:08:57 INFO  Test outcome reason: Test execution disabled due to #1052
09:08:57 INFO  
</system-out>
	</testcase>
<testcase classname="ApamaPluginUpdateTest" name="SoftwareManagement.Plugin.apama_plugin_update">
		<skipped message="SKIPPED: Test execution disabled due to #1052" />
		<system-out>10:06:59 INFO  ==============================================================
10:06:59 INFO  Id:    SoftwareManagement.Plugin.apama_plugin_update
10:06:59 INFO  Dir:   plugin_apama/
10:06:59 INFO  Title: Validate apama plugin updating one project with another
10:06:59 INFO  ==============================================================
10:06:59 INFO  Test execution disabled due to #1052 ... skipped
10:06:59 INFO  
10:06:59 INFO  Test duration: 0.03 secs
10:06:59 INFO  Test final outcome:  SKIPPED
10:06:59 INFO  Test outcome reason: Test execution disabled due to #1052
10:06:59 INFO  
</system-out>
	</testcase>
<testcase classname="ApamaPluginUpdateTest" name="SoftwareManagement.Plugin.apama_plugin_update">
		<skipped message="SKIPPED: Test execution disabled due to #1052" />
		<system-out>10:15:58 INFO  ==============================================================
10:15:58 INFO  Id:    SoftwareManagement.Plugin.apama_plugin_update
10:15:58 INFO  Dir:   plugin_apama/
10:15:58 INFO  Title: Validate apama plugin updating one project with another
10:15:58 INFO  ==============================================================
10:15:58 INFO  Test execution disabled due to #1052 ... skipped
10:15:58 INFO  
10:15:58 INFO  Test duration: 0.03 secs
10:15:58 INFO  Test final outcome:  SKIPPED
10:15:58 INFO  Test outcome reason: Test execution disabled due to #1052
10:15:58 INFO  
</system-out>
	</testcase>
</testsuite><testsuite name="SoftwareManagement.sm_apt_install_download_path" tests="3" errors="0" failures="2" skipped="1" time="0"><testcase classname="AptInstallWithDownloadPath" name="SoftwareManagement.sm_apt_install_download_path">
		<skipped message="SKIPPED: Testing the apt plugin is not supported on this platform.Use parameter -XmyPlatform='container' to enable it" />
		<system-out>09:19:24 INFO  ==============================================================
09:19:24 INFO  Id:    SoftwareManagement.sm_apt_install_download_path
09:19:24 INFO  Dir:   software_management_end_to_end/
09:19:24 INFO  Title: Install package to directory specified in tedge config set tmp.path
09:19:24 INFO  ==============================================================
09:19:24 INFO  Testing the apt plugin is not supported on this platform.Use parameter -XmyPlatform='container' to enable it ... skipped
09:19:24 WARN  Aborted test due to SKIPPED outcome
09:19:24 INFO  
09:19:24 INFO  Test duration: 0.07 secs
09:19:24 INFO  Test final outcome:  SKIPPED
09:19:24 INFO  Test outcome reason: Testing the apt plugin is not supported on this platform.Use parameter -XmyPlatform='container' to enable it
09:19:24 INFO  
</system-out>
	</testcase>
<testcase classname="AptInstallWithDownloadPath" name="SoftwareManagement.sm_apt_install_download_path">
		<failure message="BLOCKED: AssertionError:" type="BLOCKED" />
		<system-out>09:46:57 INFO  ==============================================================
09:46:57 INFO  Id:    SoftwareManagement.sm_apt_install_download_path
09:46:57 INFO  Dir:   software_management_end_to_end/
09:46:57 INFO  Title: Install package to directory specified in tedge config set tmp.path
09:46:57 INFO  ==============================================================
09:46:57 INFO  Using sw id database: {'asciijump': '5475369', 'robotfindskitten': '5474869', 'squirrel3': '5475279', 'rolldice': '5152439', 'moon-buggy': '5439204', 'apple': '5495053', 'banana': '5494888', 'cherry': '5495382', 'watermelon': '5494510', 'registry': '8018911', 'hello-world': '8021526', 'docker/getting-started': '8021973', 'alpine': '7991792'}
09:46:57 INFO  EnvironmentC8y Setup
09:46:58 INFO  Executed systemctl&lt;serv_mapper1&gt;, exit status 3
09:47:18 INFO  Executed sudo&lt;tedge_connect_c8y&gt;, exit status 0, duration 19 secs
09:47:19 INFO  Executed sudo&lt;tedge_connect_c8y_test&gt;, exit status 0
09:47:19 INFO  Executed systemctl&lt;serv_mosq2&gt;, exit status 0
09:47:20 INFO  Executed systemctl&lt;serv_mapper3&gt;, exit status 0
09:47:22 ERROR No operations found, assuming it passed
09:47:22 INFO  Assert that (False == value) with value=False ... passed
09:47:23 INFO  Executed sudo, exit status 0
09:47:24 INFO  Executed sudo, exit status 0
09:47:24 INFO  Executed sudo, exit status 0
09:47:30 INFO  Executed sudo&lt;tedge_disconnect_c8y&gt;, exit status 0
09:47:30 INFO  Restarting mosquitto too frequently in the last 10 seconds. It was only up for 5 seconds
09:47:30 INFO  Delaying execution by 6 seconds
09:47:53 INFO  Executed sudo&lt;tedge_connect_c8y&gt;, exit status 0, duration 17 secs
09:47:54 INFO  Response status: 201
09:47:54 INFO  Response to action: {
    "delivery": {
        "log": [],
        "time": "2022-05-30T09:47:54.108Z",
        "status": "PENDING"
    },
    "creationTime": "2022-05-30T09:47:54.093Z",
    "deviceId": "19784168",
    "deviceName": "m32sd11e",
    "self": "https://t493319102.eu-latest.cumulocity.com/devicecontrol/operations/19797759",
    "id": "19797759",
    "status": "PENDING",
    "description": "Apply software changes, triggered from PySys: [{'name': 'rolldice', 'id': '5152439', 'version': '::apt', 'url': 'https://thin-edge-io.eu-latest.cumulocity.com/inventory/binaries/12435463', 'action': 'install'}]",
    "c8y_SoftwareUpdate": [
        {
            "name": "rolldice",
            "action": "install",
            "id": "5152439",
            "version": "::apt",
            "url": "https://thin-edge-io.eu-latest.cumulocity.com/inventory/binaries/12435463"
        }
    ]
}
09:47:54 INFO  Started operation: {'delivery': {'log': [], 'time': '2022-05-30T09:47:54.108Z', 'status': 'PENDING'}, 'creationTime': '2022-05-30T09:47:54.093Z', 'deviceId': '19784168', 'deviceName': 'm32sd11e', 'self': 'https://t493319102.eu-latest.cumulocity.com/devicecontrol/operations/19797759', 'id': '19797759', 'status': 'PENDING', 'description': "Apply software changes, triggered from PySys: [{'name': 'rolldice', 'id': '5152439', 'version': '::apt', 'url': 'https://thin-edge-io.eu-latest.cumulocity.com/inventory/binaries/12435463', 'action': 'install'}]", 'c8y_SoftwareUpdate': [{'name': 'rolldice', 'action': 'install', 'id': '5152439', 'version': '::apt', 'url': 'https://thin-edge-io.eu-latest.cumulocity.com/inventory/binaries/12435463'}]}
09:47:54 WARN  , retrying in 0.5 seconds...
09:47:54 WARN  , retrying in 0.5 seconds...
09:47:55 WARN  , retrying in 0.5 seconds...
09:47:55 WARN  , retrying in 0.5 seconds...
09:47:56 WARN  , retrying in 0.5 seconds...
09:47:56 WARN  , retrying in 0.5 seconds...
09:47:57 WARN  , retrying in 0.5 seconds...
09:47:57 WARN  , retrying in 0.5 seconds...
09:47:58 WARN  , retrying in 0.5 seconds...
09:47:58 WARN  AssertionError occurred while running test - 
Traceback (most recent call last):
  File "/home/pi/env-pysys/lib/python3.9/site-packages/pysys/baserunner.py", line 1294, in __call__
    self.testObj.execute()
  File "/home/pi/actions-runner/_work/thin-edge.io/thin-edge.io/tests/PySys/software_management_end_to_end/sm_apt_install_download_path/run.py", line 83, in execute
    assert_install_in_download_path(install_directory=self.DOWNLOAD_DIR)
  File "/home/pi/env-pysys/lib/python3.9/site-packages/decorator.py", line 232, in fun
    return caller(func, *(extras + args), **kw)
  File "/home/pi/env-pysys/lib/python3.9/site-packages/retry/api.py", line 73, in retry_decorator
    return __retry_internal(partial(f, *args, **kwargs), exceptions, tries, delay, max_delay, backoff, jitter,
  File "/home/pi/env-pysys/lib/python3.9/site-packages/retry/api.py", line 33, in __retry_internal
    return f()
  File "/home/pi/actions-runner/_work/thin-edge.io/thin-edge.io/tests/PySys/software_management_end_to_end/sm_apt_install_download_path/run.py", line 28, in assert_install_in_download_path
    assert "rolldice" in os.listdir(f"{install_directory}")
AssertionError
09:47:58 WARN  AssertionError: ... blocked 
09:47:58 INFO  
09:47:58 INFO  cleanup:
09:47:59 INFO  Executed sudo, exit status 0
09:47:59 INFO  Executed sudo, exit status 0
09:48:06 INFO  Executed sudo&lt;tedge_disconnect_c8y&gt;, exit status 0
09:48:06 INFO  Restarting mosquitto too frequently in the last 10 seconds. It was only up for 5 seconds
09:48:06 INFO  Delaying execution by 6 seconds
09:48:29 INFO  Executed sudo&lt;tedge_connect_c8y&gt;, exit status 0, duration 17 secs
09:48:35 INFO  Executed sudo&lt;tedge_disconnect_c8y&gt;, exit status 0
09:48:36 INFO  Executed systemctl&lt;serv_mapper5&gt;, exit status 3
09:48:36 INFO  
09:48:36 INFO  Test duration: 98.65 secs
09:48:36 INFO  Test final outcome:  BLOCKED
09:48:36 INFO  Test outcome reason: AssertionError:
09:48:36 INFO  
</system-out>
	</testcase>
<testcase classname="AptInstallWithDownloadPath" name="SoftwareManagement.sm_apt_install_download_path">
		<failure message="BLOCKED: AssertionError:" type="BLOCKED" />
		<system-out>10:15:58 INFO  ==============================================================
10:15:58 INFO  Id:    SoftwareManagement.sm_apt_install_download_path
10:15:58 INFO  Dir:   software_management_end_to_end/
10:15:58 INFO  Title: Install package to directory specified in tedge config set tmp.path
10:15:58 INFO  ==============================================================
10:16:00 INFO  Using sw id database: {'asciijump': '5475369', 'robotfindskitten': '5474869', 'squirrel3': '5475279', 'rolldice': '5152439', 'moon-buggy': '5439204', 'apple': '5495053', 'banana': '5494888', 'cherry': '5495382', 'watermelon': '5494510', 'registry': '8018911', 'hello-world': '8021526', 'docker/getting-started': '8021973', 'alpine': '7991792'}
10:16:00 INFO  EnvironmentC8y Setup
10:16:01 INFO  Executed systemctl&lt;serv_mapper1&gt;, exit status 3
10:16:18 INFO  Executed sudo&lt;tedge_connect_c8y&gt;, exit status 0, duration 17 secs
10:16:19 INFO  Executed sudo&lt;tedge_connect_c8y_test&gt;, exit status 0
10:16:19 INFO  Executed systemctl&lt;serv_mosq2&gt;, exit status 0
10:16:20 INFO  Executed systemctl&lt;serv_mapper3&gt;, exit status 0
10:16:22 INFO  State of current operation: SUCCESSFUL
10:16:23 INFO  Assert that (False == value) with value=False ... passed
10:16:23 INFO  Executed sudo, exit status 0
10:16:24 INFO  Executed sudo, exit status 0
10:16:24 INFO  Executed sudo, exit status 0
10:16:30 INFO  Executed sudo&lt;tedge_disconnect_c8y&gt;, exit status 0
10:16:30 INFO  Restarting mosquitto too frequently in the last 10 seconds. It was only up for 5 seconds
10:16:30 INFO  Delaying execution by 6 seconds
10:16:53 INFO  Executed sudo&lt;tedge_connect_c8y&gt;, exit status 0, duration 17 secs
10:16:53 INFO  Response status: 201
10:16:53 INFO  Response to action: {
    "creationTime": "2022-05-30T10:16:53.856Z",
    "deviceId": "19784168",
    "deviceName": "m32sd11e",
    "self": "https://t493319102.eu-latest.cumulocity.com/devicecontrol/operations/19798022",
    "id": "19798022",
    "status": "PENDING",
    "description": "Apply software changes, triggered from PySys: [{'name': 'rolldice', 'id': '5152439', 'version': '::apt', 'url': 'https://thin-edge-io.eu-latest.cumulocity.com/inventory/binaries/12435463', 'action': 'install'}]",
    "c8y_SoftwareUpdate": [
        {
            "name": "rolldice",
            "action": "install",
            "id": "5152439",
            "version": "::apt",
            "url": "https://thin-edge-io.eu-latest.cumulocity.com/inventory/binaries/12435463"
        }
    ]
}
10:16:53 INFO  Started operation: {'creationTime': '2022-05-30T10:16:53.856Z', 'deviceId': '19784168', 'deviceName': 'm32sd11e', 'self': 'https://t493319102.eu-latest.cumulocity.com/devicecontrol/operations/19798022', 'id': '19798022', 'status': 'PENDING', 'description': "Apply software changes, triggered from PySys: [{'name': 'rolldice', 'id': '5152439', 'version': '::apt', 'url': 'https://thin-edge-io.eu-latest.cumulocity.com/inventory/binaries/12435463', 'action': 'install'}]", 'c8y_SoftwareUpdate': [{'name': 'rolldice', 'action': 'install', 'id': '5152439', 'version': '::apt', 'url': 'https://thin-edge-io.eu-latest.cumulocity.com/inventory/binaries/12435463'}]}
10:16:53 WARN  , retrying in 0.5 seconds...
10:16:54 WARN  , retrying in 0.5 seconds...
10:16:54 WARN  , retrying in 0.5 seconds...
10:16:55 WARN  , retrying in 0.5 seconds...
10:16:55 WARN  , retrying in 0.5 seconds...
10:16:56 WARN  , retrying in 0.5 seconds...
10:16:56 WARN  , retrying in 0.5 seconds...
10:16:57 WARN  , retrying in 0.5 seconds...
10:16:57 WARN  , retrying in 0.5 seconds...
10:16:58 WARN  AssertionError occurred while running test - 
Traceback (most recent call last):
  File "/home/pi/env-pysys/lib/python3.9/site-packages/pysys/baserunner.py", line 1294, in __call__
    self.testObj.execute()
  File "/home/pi/actions-runner/_work/thin-edge.io/thin-edge.io/tests/PySys/software_management_end_to_end/sm_apt_install_download_path/run.py", line 83, in execute
    assert_install_in_download_path(install_directory=self.DOWNLOAD_DIR)
  File "/home/pi/env-pysys/lib/python3.9/site-packages/decorator.py", line 232, in fun
    return caller(func, *(extras + args), **kw)
  File "/home/pi/env-pysys/lib/python3.9/site-packages/retry/api.py", line 73, in retry_decorator
    return __retry_internal(partial(f, *args, **kwargs), exceptions, tries, delay, max_delay, backoff, jitter,
  File "/home/pi/env-pysys/lib/python3.9/site-packages/retry/api.py", line 33, in __retry_internal
    return f()
  File "/home/pi/actions-runner/_work/thin-edge.io/thin-edge.io/tests/PySys/software_management_end_to_end/sm_apt_install_download_path/run.py", line 28, in assert_install_in_download_path
    assert "rolldice" in os.listdir(f"{install_directory}")
AssertionError
10:16:59 WARN  AssertionError: ... blocked 
10:16:59 INFO  
10:16:59 INFO  cleanup:
10:17:00 INFO  Executed sudo, exit status 0
10:17:00 INFO  Executed sudo, exit status 0
10:17:06 INFO  Executed sudo&lt;tedge_disconnect_c8y&gt;, exit status 0
10:17:06 INFO  Restarting mosquitto too frequently in the last 10 seconds. It was only up for 5 seconds
10:17:06 INFO  Delaying execution by 6 seconds
10:17:30 INFO  Executed sudo&lt;tedge_connect_c8y&gt;, exit status 0, duration 17 secs
10:17:35 INFO  Executed sudo&lt;tedge_disconnect_c8y&gt;, exit status 0
10:17:36 INFO  Executed systemctl&lt;serv_mapper5&gt;, exit status 3
10:17:36 INFO  
10:17:36 INFO  Test duration: 97.77 secs
10:17:36 INFO  Test final outcome:  BLOCKED
10:17:36 INFO  Test outcome reason: AssertionError:
10:17:36 INFO  
</system-out>
	</testcase>
</testsuite><testsuite name="SoftwareManagement.sm_apt_install_fail" tests="3" errors="0" failures="0" skipped="1" time="0"><testcase classname="PySysTest" name="SoftwareManagement.sm_apt_install_fail">
		<skipped message="SKIPPED: Testing the apt plugin is not supported on this platform.Use parameter -XmyPlatform='container' to enable it" />
		<system-out>09:19:24 INFO  ==============================================================
09:19:24 INFO  Id:    SoftwareManagement.sm_apt_install_fail
09:19:24 INFO  Dir:   software_management_end_to_end/
09:19:24 INFO  Title: Validate end to end behaviour for a failing installation
09:19:24 INFO  ==============================================================
09:19:24 INFO  Testing the apt plugin is not supported on this platform.Use parameter -XmyPlatform='container' to enable it ... skipped
09:19:24 WARN  Aborted test due to SKIPPED outcome
09:19:24 INFO  
09:19:24 INFO  Test duration: 0.02 secs
09:19:24 INFO  Test final outcome:  SKIPPED
09:19:24 INFO  Test outcome reason: Testing the apt plugin is not supported on this platform.Use parameter -XmyPlatform='container' to enable it
09:19:24 INFO  
</system-out>
	</testcase>
<testcase classname="PySysTest" name="SoftwareManagement.sm_apt_install_fail" />
<testcase classname="PySysTest" name="SoftwareManagement.sm_apt_install_fail" />
</testsuite><testsuite name="SoftwareManagement.sm_apt_install_remove" tests="3" errors="0" failures="0" skipped="1" time="0"><testcase classname="PySysTest" name="SoftwareManagement.sm_apt_install_remove">
		<skipped message="SKIPPED: Testing the apt plugin is not supported on this platform.Use parameter -XmyPlatform='container' to enable it" />
		<system-out>09:19:24 INFO  ==============================================================
09:19:24 INFO  Id:    SoftwareManagement.sm_apt_install_remove
09:19:24 INFO  Dir:   software_management_end_to_end/
09:19:24 INFO  Title: Validate end to end behaviour for the apt plugin for installation and removal of packages
09:19:24 INFO  ==============================================================
09:19:24 INFO  Testing the apt plugin is not supported on this platform.Use parameter -XmyPlatform='container' to enable it ... skipped
09:19:24 WARN  Aborted test due to SKIPPED outcome
09:19:24 INFO  
09:19:24 INFO  Test duration: 0.02 secs
09:19:24 INFO  Test final outcome:  SKIPPED
09:19:24 INFO  Test outcome reason: Testing the apt plugin is not supported on this platform.Use parameter -XmyPlatform='container' to enable it
09:19:24 INFO  
</system-out>
	</testcase>
<testcase classname="PySysTest" name="SoftwareManagement.sm_apt_install_remove" />
<testcase classname="PySysTest" name="SoftwareManagement.sm_apt_install_remove" />
</testsuite><testsuite name="SoftwareManagement.sm_apt_install_remove_default" tests="3" errors="0" failures="0" skipped="1" time="0"><testcase classname="PySysTest" name="SoftwareManagement.sm_apt_install_remove_default">
		<skipped message="SKIPPED: Testing the apt plugin is not supported on this platform.Use parameter -XmyPlatform='container' to enable it" />
		<system-out>09:19:24 INFO  ==============================================================
09:19:24 INFO  Id:    SoftwareManagement.sm_apt_install_remove_default
09:19:24 INFO  Dir:   software_management_end_to_end/
09:19:24 INFO  Title: Validate end to end behaviour for the default plugin for installation and removal of packages
09:19:24 INFO  ==============================================================
09:19:24 INFO  Testing the apt plugin is not supported on this platform.Use parameter -XmyPlatform='container' to enable it ... skipped
09:19:24 WARN  Aborted test due to SKIPPED outcome
09:19:24 INFO  
09:19:24 INFO  Test duration: 0.02 secs
09:19:24 INFO  Test final outcome:  SKIPPED
09:19:24 INFO  Test outcome reason: Testing the apt plugin is not supported on this platform.Use parameter -XmyPlatform='container' to enable it
09:19:24 INFO  
</system-out>
	</testcase>
<testcase classname="PySysTest" name="SoftwareManagement.sm_apt_install_remove_default" />
<testcase classname="PySysTest" name="SoftwareManagement.sm_apt_install_remove_default" />
</testsuite><testsuite name="SoftwareManagement.sm_apt_install_remove_multiple" tests="3" errors="0" failures="1" skipped="1" time="0"><testcase classname="PySysTest" name="SoftwareManagement.sm_apt_install_remove_multiple">
		<skipped message="SKIPPED: Testing the apt plugin is not supported on this platform.Use parameter -XmyPlatform='container' to enable it" />
		<system-out>09:19:24 INFO  ==============================================================
09:19:24 INFO  Id:    SoftwareManagement.sm_apt_install_remove_multiple
09:19:24 INFO  Dir:   software_management_end_to_end/
09:19:24 INFO  Title: Validate end to end behaviour for the apt plugin for multiple packages
09:19:24 INFO  ==============================================================
09:19:24 INFO  Testing the apt plugin is not supported on this platform.Use parameter -XmyPlatform='container' to enable it ... skipped
09:19:24 WARN  Aborted test due to SKIPPED outcome
09:19:24 INFO  
09:19:24 INFO  Test duration: 0.02 secs
09:19:24 INFO  Test final outcome:  SKIPPED
09:19:24 INFO  Test outcome reason: Testing the apt plugin is not supported on this platform.Use parameter -XmyPlatform='container' to enable it
09:19:24 INFO  
</system-out>
	</testcase>
<testcase classname="PySysTest" name="SoftwareManagement.sm_apt_install_remove_multiple" />
<testcase classname="PySysTest" name="SoftwareManagement.sm_apt_install_remove_multiple">
		<failure message="FAILED: Assert that (False == value) with value=True (+2 other failures)" type="FAILED" />
		<system-out>10:25:09 INFO  ==============================================================
10:25:09 INFO  Id:    SoftwareManagement.sm_apt_install_remove_multiple
10:25:09 INFO  Dir:   software_management_end_to_end/
10:25:09 INFO  Title: Validate end to end behaviour for the apt plugin for multiple packages
10:25:09 INFO  ==============================================================
10:25:09 INFO  Using sw id database: {'asciijump': '5475369', 'robotfindskitten': '5474869', 'squirrel3': '5475279', 'rolldice': '5152439', 'moon-buggy': '5439204', 'apple': '5495053', 'banana': '5494888', 'cherry': '5495382', 'watermelon': '5494510', 'registry': '8018911', 'hello-world': '8021526', 'docker/getting-started': '8021973', 'alpine': '7991792'}
10:25:09 INFO  EnvironmentC8y Setup
10:25:09 INFO  Executed systemctl&lt;serv_mapper1&gt;, exit status 3
10:25:09 INFO  Restarting mosquitto too frequently in the last 10 seconds. It was only up for 6 seconds
10:25:09 INFO  Delaying execution by 5 seconds
10:25:32 INFO  Executed sudo&lt;tedge_connect_c8y&gt;, exit status 0, duration 17 secs
10:25:32 INFO  Executed sudo&lt;tedge_connect_c8y_test&gt;, exit status 0
10:25:33 INFO  Executed systemctl&lt;serv_mosq2&gt;, exit status 0
10:25:33 INFO  Executed systemctl&lt;serv_mapper3&gt;, exit status 0
10:25:36 INFO  State of current operation: SUCCESSFUL
10:25:36 INFO  Assert that (False == value) with value=False ... passed
10:25:36 INFO  Package asciijump is installed
10:25:36 WARN  Assert that (False == value) with value=True ... failed 
10:25:36 INFO  Package squirrel3 is installed
10:25:36 WARN  Assert that (False == value) with value=True ... failed 
10:25:37 INFO  Package robotfindskitten is installed
10:25:37 WARN  Assert that (False == value) with value=True ... failed 
10:25:37 INFO  Response status: 201
10:25:37 INFO  Response to action: {
    "creationTime": "2022-05-30T10:25:37.439Z",
    "deviceId": "19784168",
    "deviceName": "m32sd11e",
    "self": "https://t493319102.eu-latest.cumulocity.com/devicecontrol/operations/19820137",
    "id": "19820137",
    "status": "PENDING",
    "description": "Apply software changes, triggered from PySys: [{'action': 'install', 'id': '5475369', 'name': 'asciijump', 'url': ' ', 'version': '::apt'}, {'action': 'install', 'id': '5474869', 'name': 'robotfindskitten', 'url': ' ', 'version': '::apt'}, {'action': 'install', 'id': '5475279', 'name': 'squirrel3', 'url': ' ', 'version': '::apt'}]",
    "c8y_SoftwareUpdate": [
        {
            "name": "asciijump",
            "action": "install",
            "id": "5475369",
            "version": "::apt",
            "url": " "
        },
        {
            "name": "robotfindskitten",
            "action": "install",
            "id": "5474869",
            "version": "::apt",
            "url": " "
        },
        {
            "name": "squirrel3",
            "action": "install",
            "id": "5475279",
            "version": "::apt",
            "url": " "
        }
    ]
}
10:25:37 INFO  Started operation: {'creationTime': '2022-05-30T10:25:37.439Z', 'deviceId': '19784168', 'deviceName': 'm32sd11e', 'self': 'https://t493319102.eu-latest.cumulocity.com/devicecontrol/operations/19820137', 'id': '19820137', 'status': 'PENDING', 'description': "Apply software changes, triggered from PySys: [{'action': 'install', 'id': '5475369', 'name': 'asciijump', 'url': ' ', 'version': '::apt'}, {'action': 'install', 'id': '5474869', 'name': 'robotfindskitten', 'url': ' ', 'version': '::apt'}, {'action': 'install', 'id': '5475279', 'name': 'squirrel3', 'url': ' ', 'version': '::apt'}]", 'c8y_SoftwareUpdate': [{'name': 'asciijump', 'action': 'install', 'id': '5475369', 'version': '::apt', 'url': ' '}, {'name': 'robotfindskitten', 'action': 'install', 'id': '5474869', 'version': '::apt', 'url': ' '}, {'name': 'squirrel3', 'action': 'install', 'id': '5475279', 'version': '::apt', 'url': ' '}]}
10:25:39 INFO  State of operation 19820137 : PENDING
10:25:42 INFO  State of operation 19820137 : EXECUTING
10:25:44 INFO  State of operation 19820137 : EXECUTING
10:25:46 INFO  State of operation 19820137 : EXECUTING
10:25:48 INFO  State of operation 19820137 : EXECUTING
10:25:50 INFO  State of operation 19820137 : EXECUTING
10:25:53 INFO  State of operation 19820137 : EXECUTING
10:25:56 INFO  State of operation 19820137 : EXECUTING
10:25:58 INFO  State of operation 19820137 : EXECUTING
10:26:01 INFO  State of operation 19820137 : EXECUTING
10:26:03 INFO  State of operation 19820137 : EXECUTING
10:26:05 INFO  State of operation 19820137 : EXECUTING
10:26:07 INFO  State of operation 19820137 : EXECUTING
10:26:10 INFO  State of operation 19820137 : EXECUTING
10:26:12 INFO  State of operation 19820137 : EXECUTING
10:26:14 INFO  State of operation 19820137 : EXECUTING
10:26:16 INFO  State of operation 19820137 : EXECUTING
10:26:19 INFO  State of operation 19820137 : SUCCESSFUL
10:26:19 INFO  Assert that (False == value) with value=False ... passed
10:26:19 INFO  Package asciijump is installed
10:26:19 INFO  Assert that (True == value) with value=True ... passed
10:26:20 INFO  Package squirrel3 is installed
10:26:20 INFO  Assert that (True == value) with value=True ... passed
10:26:20 INFO  Package robotfindskitten is installed
10:26:20 INFO  Assert that (True == value) with value=True ... passed
10:26:20 INFO  Response status: 201
10:26:20 INFO  Response to action: {
    "creationTime": "2022-05-30T10:26:20.456Z",
    "deviceId": "19784168",
    "deviceName": "m32sd11e",
    "self": "https://t493319102.eu-latest.cumulocity.com/devicecontrol/operations/19820142",
    "id": "19820142",
    "status": "PENDING",
    "description": "Apply software changes, triggered from PySys: [{'action': 'delete', 'id': '5475369', 'name': 'asciijump', 'url': ' ', 'version': '::apt'}, {'action': 'delete', 'id': '5474869', 'name': 'robotfindskitten', 'url': ' ', 'version': '::apt'}, {'action': 'delete', 'id': '5475279', 'name': 'squirrel3', 'url': ' ', 'version': '::apt'}]",
    "c8y_SoftwareUpdate": [
        {
            "name": "asciijump",
            "action": "delete",
            "id": "5475369",
            "version": "::apt",
            "url": " "
        },
        {
            "name": "robotfindskitten",
            "action": "delete",
            "id": "5474869",
            "version": "::apt",
            "url": " "
        },
        {
            "name": "squirrel3",
            "action": "delete",
            "id": "5475279",
            "version": "::apt",
            "url": " "
        }
    ]
}
10:26:20 INFO  Started operation: {'creationTime': '2022-05-30T10:26:20.456Z', 'deviceId': '19784168', 'deviceName': 'm32sd11e', 'self': 'https://t493319102.eu-latest.cumulocity.com/devicecontrol/operations/19820142', 'id': '19820142', 'status': 'PENDING', 'description': "Apply software changes, triggered from PySys: [{'action': 'delete', 'id': '5475369', 'name': 'asciijump', 'url': ' ', 'version': '::apt'}, {'action': 'delete', 'id': '5474869', 'name': 'robotfindskitten', 'url': ' ', 'version': '::apt'}, {'action': 'delete', 'id': '5475279', 'name': 'squirrel3', 'url': ' ', 'version': '::apt'}]", 'c8y_SoftwareUpdate': [{'name': 'asciijump', 'action': 'delete', 'id': '5475369', 'version': '::apt', 'url': ' '}, {'name': 'robotfindskitten', 'action': 'delete', 'id': '5474869', 'version': '::apt', 'url': ' '}, {'name': 'squirrel3', 'action': 'delete', 'id': '5475279', 'version': '::apt', 'url': ' '}]}
10:26:22 INFO  State of operation 19820142 : PENDING
10:26:24 INFO  State of operation 19820142 : EXECUTING
10:26:27 INFO  State of operation 19820142 : EXECUTING
10:26:29 INFO  State of operation 19820142 : EXECUTING
10:26:31 INFO  State of operation 19820142 : EXECUTING
10:26:33 INFO  State of operation 19820142 : EXECUTING
10:26:36 INFO  State of operation 19820142 : EXECUTING
10:26:38 INFO  State of operation 19820142 : EXECUTING
10:26:41 INFO  State of operation 19820142 : EXECUTING
10:26:43 INFO  State of operation 19820142 : EXECUTING
10:26:46 INFO  State of operation 19820142 : EXECUTING
10:26:48 INFO  State of operation 19820142 : EXECUTING
10:26:50 INFO  State of operation 19820142 : EXECUTING
10:26:53 INFO  State of operation 19820142 : EXECUTING
10:26:55 INFO  State of operation 19820142 : EXECUTING
10:26:57 INFO  State of operation 19820142 : EXECUTING
10:26:59 INFO  State of operation 19820142 : EXECUTING
10:27:02 INFO  State of operation 19820142 : EXECUTING
10:27:04 INFO  State of operation 19820142 : EXECUTING
10:27:06 INFO  State of operation 19820142 : EXECUTING
10:27:09 INFO  State of operation 19820142 : EXECUTING
10:27:11 INFO  State of operation 19820142 : EXECUTING
10:27:14 INFO  State of operation 19820142 : EXECUTING
10:27:16 INFO  State of operation 19820142 : EXECUTING
10:27:18 INFO  State of operation 19820142 : EXECUTING
10:27:21 INFO  State of operation 19820142 : EXECUTING
10:27:23 INFO  State of operation 19820142 : EXECUTING
10:27:25 INFO  State of operation 19820142 : EXECUTING
10:27:27 INFO  State of operation 19820142 : EXECUTING
10:27:30 INFO  State of operation 19820142 : EXECUTING
10:27:32 INFO  State of operation 19820142 : EXECUTING
10:27:35 INFO  State of operation 19820142 : EXECUTING
10:27:37 INFO  State of operation 19820142 : EXECUTING
10:27:39 INFO  State of operation 19820142 : EXECUTING
10:27:42 INFO  State of operation 19820142 : SUCCESSFUL
10:27:42 INFO  Assert that (False == value) with value=False ... passed
10:27:42 INFO  Assert that (False == value) with value=False ... passed
10:27:42 INFO  Assert that (False == value) with value=False ... passed
10:27:43 INFO  Assert that (False == value) with value=False ... passed
10:27:43 INFO  
10:27:43 INFO  cleanup:
10:27:48 INFO  Executed sudo&lt;tedge_disconnect_c8y&gt;, exit status 0
10:27:49 INFO  Executed systemctl&lt;serv_mapper5&gt;, exit status 3
10:27:49 INFO  
10:27:49 INFO  Test duration: 160.19 secs
10:27:49 INFO  Test final outcome:  FAILED
10:27:49 INFO  Test outcome reason: Assert that (False == value) with value=True (+2 other failures)
10:27:49 INFO  
</system-out>
	</testcase>
</testsuite><testsuite name="SoftwareManagement.sm_apt_install_remove_multiple_mixed" tests="3" errors="0" failures="2" skipped="1" time="0"><testcase classname="PySysTest" name="SoftwareManagement.sm_apt_install_remove_multiple_mixed">
		<skipped message="SKIPPED: Testing the apt plugin is not supported on this platform.Use parameter -XmyPlatform='container' to enable it" />
		<system-out>09:19:24 INFO  ==============================================================
09:19:24 INFO  Id:    SoftwareManagement.sm_apt_install_remove_multiple_mixed
09:19:24 INFO  Dir:   software_management_end_to_end/
09:19:24 INFO  Title: Validate end to end behaviour for the apt plugin for multiple packages with mixed versions
09:19:24 INFO  ==============================================================
09:19:24 INFO  Testing the apt plugin is not supported on this platform.Use parameter -XmyPlatform='container' to enable it ... skipped
09:19:24 WARN  Aborted test due to SKIPPED outcome
09:19:24 INFO  
09:19:24 INFO  Test duration: 0.03 secs
09:19:24 INFO  Test final outcome:  SKIPPED
09:19:24 INFO  Test outcome reason: Testing the apt plugin is not supported on this platform.Use parameter -XmyPlatform='container' to enable it
09:19:24 INFO  
</system-out>
	</testcase>
<testcase classname="PySysTest" name="SoftwareManagement.sm_apt_install_remove_multiple_mixed">
		<failure message="BLOCKED: SystemError: Timeout while waiting for status SUCCESSFUL or False" type="BLOCKED" />
		<system-out>09:59:37 INFO  ==============================================================
09:59:37 INFO  Id:    SoftwareManagement.sm_apt_install_remove_multiple_mixed
09:59:37 INFO  Dir:   software_management_end_to_end/
09:59:37 INFO  Title: Validate end to end behaviour for the apt plugin for multiple packages with mixed versions
09:59:37 INFO  ==============================================================
09:59:37 INFO  Using sw id database: {'asciijump': '5475369', 'robotfindskitten': '5474869', 'squirrel3': '5475279', 'rolldice': '5152439', 'moon-buggy': '5439204', 'apple': '5495053', 'banana': '5494888', 'cherry': '5495382', 'watermelon': '5494510', 'registry': '8018911', 'hello-world': '8021526', 'docker/getting-started': '8021973', 'alpine': '7991792'}
09:59:37 INFO  EnvironmentC8y Setup
09:59:38 INFO  Executed systemctl&lt;serv_mapper1&gt;, exit status 3
09:59:38 INFO  Restarting mosquitto too frequently in the last 10 seconds. It was only up for 6 seconds
09:59:38 INFO  Delaying execution by 5 seconds
10:00:01 INFO  Executed sudo&lt;tedge_connect_c8y&gt;, exit status 0, duration 18 secs
10:00:02 INFO  Executed sudo&lt;tedge_connect_c8y_test&gt;, exit status 0
10:00:02 INFO  Executed systemctl&lt;serv_mosq2&gt;, exit status 0
10:00:03 INFO  Executed systemctl&lt;serv_mapper3&gt;, exit status 0
10:00:05 INFO  State of current operation: SUCCESSFUL
10:00:05 INFO  Assert that (False == value) with value=False ... passed
10:00:06 INFO  Assert that (False == value) with value=False ... passed
10:00:06 INFO  Assert that (False == value) with value=False ... passed
10:00:06 INFO  Assert that (False == value) with value=False ... passed
10:00:07 INFO  Assert that (False == value) with value=False ... passed
10:00:09 INFO  Response status: 201
10:00:09 INFO  Response to action: {
    "creationTime": "2022-05-30T10:00:09.364Z",
    "deviceId": "19784168",
    "deviceName": "m32sd11e",
    "self": "https://t493319102.eu-latest.cumulocity.com/devicecontrol/operations/19797898",
    "id": "19797898",
    "status": "PENDING",
    "description": "Apply software changes, triggered from PySys: [{'action': 'install', 'id': '5475369', 'name': 'asciijump', 'url': ' ', 'version': '::apt'}, {'action': 'install', 'id': '5474869', 'name': 'robotfindskitten', 'url': ' ', 'version': ' '}, {'action': 'install', 'id': '5475279', 'name': 'squirrel3', 'url': ' ', 'version': '3.1-8::apt'}, {'action': 'install', 'id': '5152439', 'name': 'rolldice', 'url': ' ', 'version': '1.16-1+b2'}, {'action': 'install', 'id': '5439204', 'name': 'moon-buggy', 'url': ' ', 'version': '1:1.0.51-13'}, {'action': 'install', 'id': '5475369', 'name': 'asciijump', 'url': ' ', 'version': '::apt'}]",
    "c8y_SoftwareUpdate": [
        {
            "name": "asciijump",
            "action": "install",
            "id": "5475369",
            "version": "::apt",
            "url": " "
        },
        {
            "name": "robotfindskitten",
            "action": "install",
            "id": "5474869",
            "version": " ",
            "url": " "
        },
        {
            "name": "squirrel3",
            "action": "install",
            "id": "5475279",
            "version": "3.1-8::apt",
            "url": " "
        },
        {
            "name": "rolldice",
            "action": "install",
            "id": "5152439",
            "version": "1.16-1+b2",
            "url": " "
        },
        {
            "name": "moon-buggy",
            "action": "install",
            "id": "5439204",
            "version": "1:1.0.51-13",
            "url": " "
        },
        {
            "name": "asciijump",
            "action": "install",
            "id": "5475369",
            "version": "::apt",
            "url": " "
        }
    ]
}
10:00:09 INFO  Started operation: {'creationTime': '2022-05-30T10:00:09.364Z', 'deviceId': '19784168', 'deviceName': 'm32sd11e', 'self': 'https://t493319102.eu-latest.cumulocity.com/devicecontrol/operations/19797898', 'id': '19797898', 'status': 'PENDING', 'description': "Apply software changes, triggered from PySys: [{'action': 'install', 'id': '5475369', 'name': 'asciijump', 'url': ' ', 'version': '::apt'}, {'action': 'install', 'id': '5474869', 'name': 'robotfindskitten', 'url': ' ', 'version': ' '}, {'action': 'install', 'id': '5475279', 'name': 'squirrel3', 'url': ' ', 'version': '3.1-8::apt'}, {'action': 'install', 'id': '5152439', 'name': 'rolldice', 'url': ' ', 'version': '1.16-1+b2'}, {'action': 'install', 'id': '5439204', 'name': 'moon-buggy', 'url': ' ', 'version': '1:1.0.51-13'}, {'action': 'install', 'id': '5475369', 'name': 'asciijump', 'url': ' ', 'version': '::apt'}]", 'c8y_SoftwareUpdate': [{'name': 'asciijump', 'action': 'install', 'id': '5475369', 'version': '::apt', 'url': ' '}, {'name': 'robotfindskitten', 'action': 'install', 'id': '5474869', 'version': ' ', 'url': ' '}, {'name': 'squirrel3', 'action': 'install', 'id': '5475279', 'version': '3.1-8::apt', 'url': ' '}, {'name': 'rolldice', 'action': 'install', 'id': '5152439', 'version': '1.16-1+b2', 'url': ' '}, {'name': 'moon-buggy', 'action': 'install', 'id': '5439204', 'version': '1:1.0.51-13', 'url': ' '}, {'name': 'asciijump', 'action': 'install', 'id': '5475369', 'version': '::apt', 'url': ' '}]}
10:00:11 INFO  State of operation 19797898 : PENDING
10:00:13 INFO  State of operation 19797898 : EXECUTING
10:00:16 INFO  State of operation 19797898 : EXECUTING
10:00:18 INFO  State of operation 19797898 : EXECUTING
10:00:20 INFO  State of operation 19797898 : EXECUTING
10:00:22 INFO  State of operation 19797898 : EXECUTING
10:00:25 INFO  State of operation 19797898 : EXECUTING
10:00:27 INFO  State of operation 19797898 : EXECUTING
10:00:30 INFO  State of operation 19797898 : EXECUTING
10:00:32 INFO  State of operation 19797898 : EXECUTING
10:00:35 INFO  State of operation 19797898 : EXECUTING
10:00:37 INFO  State of operation 19797898 : EXECUTING
10:00:39 INFO  State of operation 19797898 : EXECUTING
10:00:42 INFO  State of operation 19797898 : EXECUTING
10:00:44 INFO  State of operation 19797898 : EXECUTING
10:00:46 INFO  State of operation 19797898 : EXECUTING
10:00:48 INFO  State of operation 19797898 : EXECUTING
10:00:51 INFO  State of operation 19797898 : EXECUTING
10:00:53 INFO  State of operation 19797898 : EXECUTING
10:00:56 INFO  State of operation 19797898 : EXECUTING
10:00:58 INFO  State of operation 19797898 : EXECUTING
10:01:01 INFO  State of operation 19797898 : EXECUTING
10:01:03 INFO  State of operation 19797898 : EXECUTING
10:01:05 INFO  State of operation 19797898 : EXECUTING
10:01:07 INFO  State of operation 19797898 : EXECUTING
10:01:10 INFO  State of operation 19797898 : EXECUTING
10:01:12 INFO  State of operation 19797898 : EXECUTING
10:01:15 INFO  State of operation 19797898 : EXECUTING
10:01:17 INFO  State of operation 19797898 : EXECUTING
10:01:20 INFO  State of operation 19797898 : EXECUTING
10:01:22 INFO  State of operation 19797898 : EXECUTING
10:01:24 INFO  State of operation 19797898 : EXECUTING
10:01:26 INFO  State of operation 19797898 : EXECUTING
10:01:29 INFO  State of operation 19797898 : EXECUTING
10:01:31 INFO  State of operation 19797898 : EXECUTING
10:01:34 INFO  State of operation 19797898 : EXECUTING
10:01:36 INFO  State of operation 19797898 : EXECUTING
10:01:38 INFO  State of operation 19797898 : EXECUTING
10:01:40 INFO  State of operation 19797898 : EXECUTING
10:01:42 INFO  State of operation 19797898 : EXECUTING
10:01:45 INFO  State of operation 19797898 : EXECUTING
10:01:47 INFO  State of operation 19797898 : EXECUTING
10:01:49 INFO  State of operation 19797898 : EXECUTING
10:01:51 INFO  State of operation 19797898 : EXECUTING
10:01:54 INFO  State of operation 19797898 : EXECUTING
10:01:57 INFO  State of operation 19797898 : EXECUTING
10:01:59 INFO  State of operation 19797898 : EXECUTING
10:02:02 INFO  State of operation 19797898 : EXECUTING
10:02:04 INFO  State of operation 19797898 : EXECUTING
10:02:06 INFO  State of operation 19797898 : EXECUTING
10:02:08 INFO  State of operation 19797898 : EXECUTING
10:02:11 INFO  State of operation 19797898 : EXECUTING
10:02:13 INFO  State of operation 19797898 : EXECUTING
10:02:15 INFO  State of operation 19797898 : EXECUTING
10:02:17 INFO  State of operation 19797898 : EXECUTING
10:02:20 INFO  State of operation 19797898 : EXECUTING
10:02:22 INFO  State of operation 19797898 : EXECUTING
10:02:25 INFO  State of operation 19797898 : EXECUTING
10:02:27 INFO  State of operation 19797898 : EXECUTING
10:02:29 INFO  State of operation 19797898 : EXECUTING
10:02:32 INFO  State of operation 19797898 : EXECUTING
10:02:34 WARN  SystemError occurred while running test - Timeout while waiting for status SUCCESSFUL or False
Traceback (most recent call last):
  File "/home/pi/env-pysys/lib/python3.9/site-packages/pysys/baserunner.py", line 1294, in __call__
    self.testObj.execute()
  File "/home/pi/actions-runner/_work/thin-edge.io/thin-edge.io/tests/PySys/software_management_end_to_end/sm_apt_install_remove_multiple_mixed/run.py", line 89, in execute
    self.wait_until_succcess()
  File "/home/pi/actions-runner/_work/thin-edge.io/thin-edge.io/tests/PySys/software_management_end_to_end/environment_sm_management.py", line 324, in wait_until_succcess
    self.wait_until_status("SUCCESSFUL")
  File "/home/pi/actions-runner/_work/thin-edge.io/thin-edge.io/tests/PySys/software_management_end_to_end/environment_sm_management.py", line 380, in wait_until_status
    raise SystemError(
SystemError: Timeout while waiting for status SUCCESSFUL or False
10:02:34 WARN  SystemError: Timeout while waiting for status SUCCESSFUL or False ... blocked 
10:02:34 INFO  
10:02:34 INFO  cleanup:
10:02:42 INFO  Executed sudo&lt;tedge_disconnect_c8y&gt;, exit status 0
10:02:43 INFO  Executed systemctl&lt;serv_mapper5&gt;, exit status 3
10:02:43 INFO  
10:02:43 INFO  Test duration: 185.90 secs
10:02:43 INFO  Test final outcome:  BLOCKED
10:02:43 INFO  Test outcome reason: SystemError: Timeout while waiting for status SUCCESSFUL or False
10:02:43 INFO  
</system-out>
	</testcase>
<testcase classname="PySysTest" name="SoftwareManagement.sm_apt_install_remove_multiple_mixed">
		<failure message="BLOCKED: SystemError: Timeout while waiting for status SUCCESSFUL or False (+1 other failures)" type="BLOCKED" />
		<system-out>10:27:49 INFO  ==============================================================
10:27:49 INFO  Id:    SoftwareManagement.sm_apt_install_remove_multiple_mixed
10:27:49 INFO  Dir:   software_management_end_to_end/
10:27:49 INFO  Title: Validate end to end behaviour for the apt plugin for multiple packages with mixed versions
10:27:49 INFO  ==============================================================
10:27:49 INFO  Using sw id database: {'asciijump': '5475369', 'robotfindskitten': '5474869', 'squirrel3': '5475279', 'rolldice': '5152439', 'moon-buggy': '5439204', 'apple': '5495053', 'banana': '5494888', 'cherry': '5495382', 'watermelon': '5494510', 'registry': '8018911', 'hello-world': '8021526', 'docker/getting-started': '8021973', 'alpine': '7991792'}
10:27:49 INFO  EnvironmentC8y Setup
10:27:50 INFO  Executed systemctl&lt;serv_mapper1&gt;, exit status 3
10:27:50 INFO  Restarting mosquitto too frequently in the last 10 seconds. It was only up for 6 seconds
10:27:50 INFO  Delaying execution by 5 seconds
10:28:12 INFO  Executed sudo&lt;tedge_connect_c8y&gt;, exit status 0, duration 17 secs
10:28:13 INFO  Executed sudo&lt;tedge_connect_c8y_test&gt;, exit status 0
10:28:13 INFO  Executed systemctl&lt;serv_mosq2&gt;, exit status 0
10:28:14 INFO  Executed systemctl&lt;serv_mapper3&gt;, exit status 0
10:28:16 INFO  State of current operation: SUCCESSFUL
10:28:16 INFO  Assert that (False == value) with value=False ... passed
10:28:16 INFO  Assert that (False == value) with value=False ... passed
10:28:17 INFO  Assert that (False == value) with value=False ... passed
10:28:17 INFO  Assert that (False == value) with value=False ... passed
10:28:17 INFO  Package moon-buggy is installed
10:28:17 WARN  Assert that (False == value) with value=True ... failed 
10:28:19 INFO  Response status: 201
10:28:19 INFO  Response to action: {
    "creationTime": "2022-05-30T10:28:19.782Z",
    "deviceId": "19784168",
    "deviceName": "m32sd11e",
    "self": "https://t493319102.eu-latest.cumulocity.com/devicecontrol/operations/19820179",
    "id": "19820179",
    "status": "PENDING",
    "description": "Apply software changes, triggered from PySys: [{'action': 'install', 'id': '5475369', 'name': 'asciijump', 'url': ' ', 'version': '::apt'}, {'action': 'install', 'id': '5474869', 'name': 'robotfindskitten', 'url': ' ', 'version': ' '}, {'action': 'install', 'id': '5475279', 'name': 'squirrel3', 'url': ' ', 'version': '3.1-8::apt'}, {'action': 'install', 'id': '5152439', 'name': 'rolldice', 'url': ' ', 'version': '1.16-1+b2'}, {'action': 'install', 'id': '5439204', 'name': 'moon-buggy', 'url': ' ', 'version': '1:1.0.51-13'}, {'action': 'install', 'id': '5475369', 'name': 'asciijump', 'url': ' ', 'version': '::apt'}]",
    "c8y_SoftwareUpdate": [
        {
            "name": "asciijump",
            "action": "install",
            "id": "5475369",
            "version": "::apt",
            "url": " "
        },
        {
            "name": "robotfindskitten",
            "action": "install",
            "id": "5474869",
            "version": " ",
            "url": " "
        },
        {
            "name": "squirrel3",
            "action": "install",
            "id": "5475279",
            "version": "3.1-8::apt",
            "url": " "
        },
        {
            "name": "rolldice",
            "action": "install",
            "id": "5152439",
            "version": "1.16-1+b2",
            "url": " "
        },
        {
            "name": "moon-buggy",
            "action": "install",
            "id": "5439204",
            "version": "1:1.0.51-13",
            "url": " "
        },
        {
            "name": "asciijump",
            "action": "install",
            "id": "5475369",
            "version": "::apt",
            "url": " "
        }
    ]
}
10:28:19 INFO  Started operation: {'creationTime': '2022-05-30T10:28:19.782Z', 'deviceId': '19784168', 'deviceName': 'm32sd11e', 'self': 'https://t493319102.eu-latest.cumulocity.com/devicecontrol/operations/19820179', 'id': '19820179', 'status': 'PENDING', 'description': "Apply software changes, triggered from PySys: [{'action': 'install', 'id': '5475369', 'name': 'asciijump', 'url': ' ', 'version': '::apt'}, {'action': 'install', 'id': '5474869', 'name': 'robotfindskitten', 'url': ' ', 'version': ' '}, {'action': 'install', 'id': '5475279', 'name': 'squirrel3', 'url': ' ', 'version': '3.1-8::apt'}, {'action': 'install', 'id': '5152439', 'name': 'rolldice', 'url': ' ', 'version': '1.16-1+b2'}, {'action': 'install', 'id': '5439204', 'name': 'moon-buggy', 'url': ' ', 'version': '1:1.0.51-13'}, {'action': 'install', 'id': '5475369', 'name': 'asciijump', 'url': ' ', 'version': '::apt'}]", 'c8y_SoftwareUpdate': [{'name': 'asciijump', 'action': 'install', 'id': '5475369', 'version': '::apt', 'url': ' '}, {'name': 'robotfindskitten', 'action': 'install', 'id': '5474869', 'version': ' ', 'url': ' '}, {'name': 'squirrel3', 'action': 'install', 'id': '5475279', 'version': '3.1-8::apt', 'url': ' '}, {'name': 'rolldice', 'action': 'install', 'id': '5152439', 'version': '1.16-1+b2', 'url': ' '}, {'name': 'moon-buggy', 'action': 'install', 'id': '5439204', 'version': '1:1.0.51-13', 'url': ' '}, {'name': 'asciijump', 'action': 'install', 'id': '5475369', 'version': '::apt', 'url': ' '}]}
10:28:22 INFO  State of operation 19820179 : PENDING
10:28:24 INFO  State of operation 19820179 : EXECUTING
10:28:26 INFO  State of operation 19820179 : EXECUTING
10:28:28 INFO  State of operation 19820179 : EXECUTING
10:28:30 INFO  State of operation 19820179 : EXECUTING
10:28:33 INFO  State of operation 19820179 : EXECUTING
10:28:35 INFO  State of operation 19820179 : EXECUTING
10:28:39 INFO  State of operation 19820179 : EXECUTING
10:28:41 INFO  State of operation 19820179 : EXECUTING
10:28:44 INFO  State of operation 19820179 : EXECUTING
10:28:46 INFO  State of operation 19820179 : EXECUTING
10:28:48 INFO  State of operation 19820179 : EXECUTING
10:28:50 INFO  State of operation 19820179 : EXECUTING
10:28:53 INFO  State of operation 19820179 : EXECUTING
10:28:55 INFO  State of operation 19820179 : EXECUTING
10:28:57 INFO  State of operation 19820179 : EXECUTING
10:28:59 INFO  State of operation 19820179 : EXECUTING
10:29:02 INFO  State of operation 19820179 : EXECUTING
10:29:04 INFO  State of operation 19820179 : EXECUTING
10:29:06 INFO  State of operation 19820179 : EXECUTING
10:29:09 INFO  State of operation 19820179 : EXECUTING
10:29:12 INFO  State of operation 19820179 : EXECUTING
10:29:14 INFO  State of operation 19820179 : EXECUTING
10:29:16 INFO  State of operation 19820179 : EXECUTING
10:29:18 INFO  State of operation 19820179 : EXECUTING
10:29:21 INFO  State of operation 19820179 : EXECUTING
10:29:23 INFO  State of operation 19820179 : EXECUTING
10:29:25 INFO  State of operation 19820179 : EXECUTING
10:29:28 INFO  State of operation 19820179 : EXECUTING
10:29:30 INFO  State of operation 19820179 : EXECUTING
10:29:33 INFO  State of operation 19820179 : EXECUTING
10:29:35 INFO  State of operation 19820179 : EXECUTING
10:29:39 INFO  State of operation 19820179 : EXECUTING
10:29:41 INFO  State of operation 19820179 : EXECUTING
10:29:44 INFO  State of operation 19820179 : EXECUTING
10:29:46 INFO  State of operation 19820179 : EXECUTING
10:29:48 INFO  State of operation 19820179 : EXECUTING
10:29:50 INFO  State of operation 19820179 : EXECUTING
10:29:52 INFO  State of operation 19820179 : EXECUTING
10:29:55 INFO  State of operation 19820179 : EXECUTING
10:29:57 INFO  State of operation 19820179 : EXECUTING
10:29:59 INFO  State of operation 19820179 : EXECUTING
10:30:01 INFO  State of operation 19820179 : EXECUTING
10:30:04 INFO  State of operation 19820179 : EXECUTING
10:30:07 INFO  State of operation 19820179 : EXECUTING
10:30:09 INFO  State of operation 19820179 : EXECUTING
10:30:12 INFO  State of operation 19820179 : EXECUTING
10:30:14 INFO  State of operation 19820179 : EXECUTING
10:30:16 INFO  State of operation 19820179 : EXECUTING
10:30:19 INFO  State of operation 19820179 : EXECUTING
10:30:21 INFO  State of operation 19820179 : EXECUTING
10:30:23 INFO  State of operation 19820179 : EXECUTING
10:30:25 INFO  State of operation 19820179 : EXECUTING
10:30:28 INFO  State of operation 19820179 : EXECUTING
10:30:31 INFO  State of operation 19820179 : EXECUTING
10:30:33 INFO  State of operation 19820179 : EXECUTING
10:30:36 INFO  State of operation 19820179 : EXECUTING
10:30:38 INFO  State of operation 19820179 : EXECUTING
10:30:40 INFO  State of operation 19820179 : EXECUTING
10:30:43 INFO  State of operation 19820179 : EXECUTING
10:30:45 INFO  State of operation 19820179 : EXECUTING
10:30:47 WARN  SystemError occurred while running test - Timeout while waiting for status SUCCESSFUL or False
Traceback (most recent call last):
  File "/home/pi/env-pysys/lib/python3.9/site-packages/pysys/baserunner.py", line 1294, in __call__
    self.testObj.execute()
  File "/home/pi/actions-runner/_work/thin-edge.io/thin-edge.io/tests/PySys/software_management_end_to_end/sm_apt_install_remove_multiple_mixed/run.py", line 89, in execute
    self.wait_until_succcess()
  File "/home/pi/actions-runner/_work/thin-edge.io/thin-edge.io/tests/PySys/software_management_end_to_end/environment_sm_management.py", line 324, in wait_until_succcess
    self.wait_until_status("SUCCESSFUL")
  File "/home/pi/actions-runner/_work/thin-edge.io/thin-edge.io/tests/PySys/software_management_end_to_end/environment_sm_management.py", line 380, in wait_until_status
    raise SystemError(
SystemError: Timeout while waiting for status SUCCESSFUL or False
10:30:47 WARN  SystemError: Timeout while waiting for status SUCCESSFUL or False ... blocked 
10:30:47 INFO  
10:30:47 INFO  cleanup:
10:30:56 INFO  Executed sudo&lt;tedge_disconnect_c8y&gt;, exit status 0
10:30:56 INFO  Executed systemctl&lt;serv_mapper5&gt;, exit status 3
10:30:56 INFO  
10:30:56 INFO  Test duration: 187.64 secs
10:30:56 INFO  Test final outcome:  BLOCKED
10:30:56 INFO  Test outcome reason: SystemError: Timeout while waiting for status SUCCESSFUL or False (+1 other failures)
10:30:56 INFO  
</system-out>
	</testcase>
</testsuite><testsuite name="SoftwareManagement.sm_apt_install_remove_with_version" tests="3" errors="0" failures="0" skipped="1" time="0"><testcase classname="PySysTest" name="SoftwareManagement.sm_apt_install_remove_with_version">
		<skipped message="SKIPPED: Testing the apt plugin is not supported on this platform.Use parameter -XmyPlatform='container' to enable it" />
		<system-out>09:19:24 INFO  ==============================================================
09:19:24 INFO  Id:    SoftwareManagement.sm_apt_install_remove_with_version
09:19:24 INFO  Dir:   software_management_end_to_end/
09:19:24 INFO  Title: Validate end to end behaviour for the apt plugin for packages with version
09:19:24 INFO  ==============================================================
09:19:24 INFO  Testing the apt plugin is not supported on this platform.Use parameter -XmyPlatform='container' to enable it ... skipped
09:19:24 WARN  Aborted test due to SKIPPED outcome
09:19:24 INFO  
09:19:24 INFO  Test duration: 0.02 secs
09:19:24 INFO  Test final outcome:  SKIPPED
09:19:24 INFO  Test outcome reason: Testing the apt plugin is not supported on this platform.Use parameter -XmyPlatform='container' to enable it
09:19:24 INFO  
</system-out>
	</testcase>
<testcase classname="PySysTest" name="SoftwareManagement.sm_apt_install_remove_with_version" />
<testcase classname="PySysTest" name="SoftwareManagement.sm_apt_install_remove_with_version" />
</testsuite><testsuite name="SoftwareManagement.sm_docker_install_remove_multiple" tests="3" errors="0" failures="0" skipped="1" time="0"><testcase classname="SMDockerInstallRemove" name="SoftwareManagement.sm_docker_install_remove_multiple">
		<skipped message="SKIPPED: Testing the apt plugin is not supported on this platform.Use parameter -XmyPlatform='container' to enable it" />
		<system-out>09:19:24 INFO  ==============================================================
09:19:24 INFO  Id:    SoftwareManagement.sm_docker_install_remove_multiple
09:19:24 INFO  Dir:   software_management_end_to_end/
09:19:24 INFO  Title: Validate end to end behaviour for the docker plugin for multiple docker images with mixed versions
09:19:24 INFO  ==============================================================
09:19:24 INFO  Testing the apt plugin is not supported on this platform.Use parameter -XmyPlatform='container' to enable it ... skipped
09:19:24 WARN  Aborted test due to SKIPPED outcome
09:19:24 INFO  
09:19:24 INFO  Test duration: 0.03 secs
09:19:24 INFO  Test final outcome:  SKIPPED
09:19:24 INFO  Test outcome reason: Testing the apt plugin is not supported on this platform.Use parameter -XmyPlatform='container' to enable it
09:19:24 INFO  
</system-out>
	</testcase>
<testcase classname="SMDockerInstallRemove" name="SoftwareManagement.sm_docker_install_remove_multiple" />
<testcase classname="SMDockerInstallRemove" name="SoftwareManagement.sm_docker_install_remove_multiple" />
</testsuite><testsuite name="SoftwareManagement.sm_fake_install_remove" tests="2" errors="0" failures="0" skipped="1" time="0"><testcase classname="PySysTest" name="SoftwareManagement.sm_fake_install_remove">
		<skipped message="SKIPPED: Testing the fake plugin is not enabled.Use parameter -Xfakeplugin=fakeplugin to enable it" />
		<system-out>09:19:24 INFO  ==============================================================
09:19:24 INFO  Id:    SoftwareManagement.sm_fake_install_remove
09:19:24 INFO  Dir:   software_management_end_to_end/
09:19:24 INFO  Title: Validate end to end behaviour for the dummy plugin for installation and removal of packages
09:19:24 INFO  ==============================================================
09:19:24 INFO  Testing the fake plugin is not enabled.Use parameter -Xfakeplugin=fakeplugin to enable it ... skipped
09:19:24 WARN  Aborted test due to SKIPPED outcome
09:19:24 INFO  
09:19:24 INFO  Test duration: 0.02 secs
09:19:24 INFO  Test final outcome:  SKIPPED
09:19:24 INFO  Test outcome reason: Testing the fake plugin is not enabled.Use parameter -Xfakeplugin=fakeplugin to enable it
09:19:24 INFO  
</system-out>
	</testcase>
<testcase classname="PySysTest" name="SoftwareManagement.sm_fake_install_remove" />
</testsuite><testsuite name="SoftwareManagement.sm_fake_install_remove_multiple" tests="2" errors="0" failures="0" skipped="1" time="0"><testcase classname="PySysTest" name="SoftwareManagement.sm_fake_install_remove_multiple">
		<skipped message="SKIPPED: Testing the fake plugin is not enabled.Use parameter -Xfakeplugin=fakeplugin to enable it" />
		<system-out>09:19:24 INFO  ==============================================================
09:19:24 INFO  Id:    SoftwareManagement.sm_fake_install_remove_multiple
09:19:24 INFO  Dir:   software_management_end_to_end/
09:19:24 INFO  Title: Validate end to end behaviour for the dummy-plugin for multiple packages
09:19:24 INFO  ==============================================================
09:19:24 INFO  Testing the fake plugin is not enabled.Use parameter -Xfakeplugin=fakeplugin to enable it ... skipped
09:19:24 WARN  Aborted test due to SKIPPED outcome
09:19:24 INFO  
09:19:24 INFO  Test duration: 0.02 secs
09:19:24 INFO  Test final outcome:  SKIPPED
09:19:24 INFO  Test outcome reason: Testing the fake plugin is not enabled.Use parameter -Xfakeplugin=fakeplugin to enable it
09:19:24 INFO  
</system-out>
	</testcase>
<testcase classname="PySysTest" name="SoftwareManagement.sm_fake_install_remove_multiple" />
</testsuite><testsuite name="SoftwareManagement.sm_mapper_fail_and_reconnect" tests="2" errors="0" failures="0" skipped="2" time="0"><testcase classname="MapperC8yReceiveLastMessageOnRestart" name="SoftwareManagement.sm_mapper_fail_and_reconnect">
		<skipped message="SKIPPED: instable https://github.com/thin-edge/thin-edge.io/issues/752" />
		<system-out>09:19:24 INFO  ==============================================================
09:19:24 INFO  Id:    SoftwareManagement.sm_mapper_fail_and_reconnect
09:19:24 INFO  Dir:   software_management_end_to_end/
09:19:24 INFO  Title: Validate the tedge-mapper-sm-c8y for receiving the last message on restart
09:19:24 INFO  ==============================================================
09:19:24 INFO  instable https://github.com/thin-edge/thin-edge.io/issues/752 ... skipped
09:19:24 INFO  
09:19:24 INFO  Test duration: 0.02 secs
09:19:24 INFO  Test final outcome:  SKIPPED
09:19:24 INFO  Test outcome reason: instable https://github.com/thin-edge/thin-edge.io/issues/752
09:19:24 INFO  
</system-out>
	</testcase>
<testcase classname="MapperC8yReceiveLastMessageOnRestart" name="SoftwareManagement.sm_mapper_fail_and_reconnect">
		<skipped message="SKIPPED: instable https://github.com/thin-edge/thin-edge.io/issues/752" />
		<system-out>10:38:32 INFO  ==============================================================
10:38:32 INFO  Id:    SoftwareManagement.sm_mapper_fail_and_reconnect
10:38:32 INFO  Dir:   software_management_end_to_end/
10:38:32 INFO  Title: Validate the tedge-mapper-sm-c8y for receiving the last message on restart
10:38:32 INFO  ==============================================================
10:38:32 INFO  instable https://github.com/thin-edge/thin-edge.io/issues/752 ... skipped
10:38:32 INFO  
10:38:32 INFO  Test duration: 0.04 secs
10:38:32 INFO  Test final outcome:  SKIPPED
10:38:32 INFO  Test outcome reason: instable https://github.com/thin-edge/thin-edge.io/issues/752
10:38:32 INFO  
</system-out>
	</testcase>
</testsuite><testsuite name="SoftwareManagement.sm_mixed_install_remove_multiple" tests="2" errors="0" failures="1" skipped="1" time="0"><testcase classname="PySysTest" name="SoftwareManagement.sm_mixed_install_remove_multiple">
		<skipped message="SKIPPED: Testing the fake plugin is not enabled.Use parameter -Xfakeplugin=fakeplugin to enable it" />
		<system-out>09:19:24 INFO  ==============================================================
09:19:24 INFO  Id:    SoftwareManagement.sm_mixed_install_remove_multiple
09:19:24 INFO  Dir:   software_management_end_to_end/
09:19:24 INFO  Title: Validate end to end behaviour for the dummy-plugin for multiple packages with mixed versions
09:19:24 INFO  ==============================================================
09:19:24 INFO  Testing the fake plugin is not enabled.Use parameter -Xfakeplugin=fakeplugin to enable it ... skipped
09:19:24 WARN  Aborted test due to SKIPPED outcome
09:19:24 INFO  
09:19:24 INFO  Test duration: 0.02 secs
09:19:24 INFO  Test final outcome:  SKIPPED
09:19:24 INFO  Test outcome reason: Testing the fake plugin is not enabled.Use parameter -Xfakeplugin=fakeplugin to enable it
09:19:24 INFO  
</system-out>
	</testcase>
<testcase classname="PySysTest" name="SoftwareManagement.sm_mixed_install_remove_multiple">
		<failure message="FAILED: Assert that (False == value) with value=True" type="FAILED" />
		<system-out>10:38:32 INFO  ==============================================================
10:38:32 INFO  Id:    SoftwareManagement.sm_mixed_install_remove_multiple
10:38:32 INFO  Dir:   software_management_end_to_end/
10:38:32 INFO  Title: Validate end to end behaviour for the dummy-plugin for multiple packages with mixed versions
10:38:32 INFO  ==============================================================
10:38:32 INFO  Using sw id database: {'asciijump': '5475369', 'robotfindskitten': '5474869', 'squirrel3': '5475279', 'rolldice': '5152439', 'moon-buggy': '5439204', 'apple': '5495053', 'banana': '5494888', 'cherry': '5495382', 'watermelon': '5494510', 'registry': '8018911', 'hello-world': '8021526', 'docker/getting-started': '8021973', 'alpine': '7991792'}
10:38:32 INFO  EnvironmentC8y Setup
10:38:32 INFO  Executed systemctl&lt;serv_mapper1&gt;, exit status 3
10:38:32 INFO  Restarting mosquitto too frequently in the last 10 seconds. It was only up for 6 seconds
10:38:32 INFO  Delaying execution by 5 seconds
10:38:55 INFO  Executed sudo&lt;tedge_connect_c8y&gt;, exit status 0, duration 17 secs
10:38:56 INFO  Executed sudo&lt;tedge_connect_c8y_test&gt;, exit status 0
10:38:56 INFO  Executed systemctl&lt;serv_mosq2&gt;, exit status 0
10:38:57 INFO  Executed systemctl&lt;serv_mapper3&gt;, exit status 0
10:38:59 INFO  State of current operation: SUCCESSFUL
10:38:59 INFO  Package apple is installed
10:38:59 INFO  Assert that (True == value) with value=True ... passed
10:39:00 INFO  Package banana is installed
10:39:00 INFO  Assert that (True == value) with value=True ... passed
10:39:00 INFO  Package cherry is installed
10:39:00 INFO  Assert that (True == value) with value=True ... passed
10:39:00 INFO  Package asciijump is installed
10:39:00 WARN  Assert that (False == value) with value=True ... failed 
10:39:00 INFO  Assert that (False == value) with value=False ... passed
10:39:01 INFO  Response status: 201
10:39:01 INFO  Response to action: {
    "creationTime": "2022-05-30T10:39:01.145Z",
    "deviceId": "19784168",
    "deviceName": "m32sd11e",
    "self": "https://t493319102.eu-latest.cumulocity.com/devicecontrol/operations/19839296",
    "id": "19839296",
    "status": "PENDING",
    "description": "Apply software changes, triggered from PySys: [{'action': 'install', 'id': '5495053', 'name': 'apple', 'url': ' ', 'version': '::fruits'}, {'action': 'install', 'id': '5494888', 'name': 'banana', 'url': ' ', 'version': '::fruits'}, {'action': 'install', 'id': '5475369', 'name': 'asciijump', 'url': ' ', 'version': '::apt'}, {'action': 'install', 'id': '5495382', 'name': 'cherry', 'url': ' ', 'version': '::fruits'}, {'action': 'install', 'id': '8018911', 'name': 'registry', 'url': ' ', 'version': '::docker'}]",
    "c8y_SoftwareUpdate": [
        {
            "name": "apple",
            "action": "install",
            "id": "5495053",
            "version": "::fruits",
            "url": " "
        },
        {
            "name": "banana",
            "action": "install",
            "id": "5494888",
            "version": "::fruits",
            "url": " "
        },
        {
            "name": "asciijump",
            "action": "install",
            "id": "5475369",
            "version": "::apt",
            "url": " "
        },
        {
            "name": "cherry",
            "action": "install",
            "id": "5495382",
            "version": "::fruits",
            "url": " "
        },
        {
            "name": "registry",
            "action": "install",
            "id": "8018911",
            "version": "::docker",
            "url": " "
        }
    ]
}
10:39:01 INFO  Started operation: {'creationTime': '2022-05-30T10:39:01.145Z', 'deviceId': '19784168', 'deviceName': 'm32sd11e', 'self': 'https://t493319102.eu-latest.cumulocity.com/devicecontrol/operations/19839296', 'id': '19839296', 'status': 'PENDING', 'description': "Apply software changes, triggered from PySys: [{'action': 'install', 'id': '5495053', 'name': 'apple', 'url': ' ', 'version': '::fruits'}, {'action': 'install', 'id': '5494888', 'name': 'banana', 'url': ' ', 'version': '::fruits'}, {'action': 'install', 'id': '5475369', 'name': 'asciijump', 'url': ' ', 'version': '::apt'}, {'action': 'install', 'id': '5495382', 'name': 'cherry', 'url': ' ', 'version': '::fruits'}, {'action': 'install', 'id': '8018911', 'name': 'registry', 'url': ' ', 'version': '::docker'}]", 'c8y_SoftwareUpdate': [{'name': 'apple', 'action': 'install', 'id': '5495053', 'version': '::fruits', 'url': ' '}, {'name': 'banana', 'action': 'install', 'id': '5494888', 'version': '::fruits', 'url': ' '}, {'name': 'asciijump', 'action': 'install', 'id': '5475369', 'version': '::apt', 'url': ' '}, {'name': 'cherry', 'action': 'install', 'id': '5495382', 'version': '::fruits', 'url': ' '}, {'name': 'registry', 'action': 'install', 'id': '8018911', 'version': '::docker', 'url': ' '}]}
10:39:03 INFO  State of operation 19839296 : PENDING
10:39:05 INFO  State of operation 19839296 : EXECUTING
10:39:07 INFO  State of operation 19839296 : EXECUTING
10:39:10 INFO  State of operation 19839296 : EXECUTING
10:39:12 INFO  State of operation 19839296 : EXECUTING
10:39:14 INFO  State of operation 19839296 : EXECUTING
10:39:16 INFO  State of operation 19839296 : EXECUTING
10:39:19 INFO  State of operation 19839296 : EXECUTING
10:39:22 INFO  State of operation 19839296 : EXECUTING
10:39:24 INFO  State of operation 19839296 : EXECUTING
10:39:27 INFO  State of operation 19839296 : EXECUTING
10:39:29 INFO  State of operation 19839296 : EXECUTING
10:39:31 INFO  State of operation 19839296 : EXECUTING
10:39:34 INFO  State of operation 19839296 : EXECUTING
10:39:36 INFO  State of operation 19839296 : EXECUTING
10:39:38 INFO  State of operation 19839296 : EXECUTING
10:39:40 INFO  State of operation 19839296 : EXECUTING
10:39:42 INFO  State of operation 19839296 : EXECUTING
10:39:45 INFO  State of operation 19839296 : EXECUTING
10:39:47 INFO  State of operation 19839296 : EXECUTING
10:39:49 INFO  State of operation 19839296 : EXECUTING
10:39:52 INFO  State of operation 19839296 : EXECUTING
10:39:54 INFO  State of operation 19839296 : EXECUTING
10:39:56 INFO  State of operation 19839296 : EXECUTING
10:39:59 INFO  State of operation 19839296 : EXECUTING
10:40:01 INFO  State of operation 19839296 : EXECUTING
10:40:04 INFO  State of operation 19839296 : EXECUTING
10:40:06 INFO  State of operation 19839296 : EXECUTING
10:40:08 INFO  State of operation 19839296 : EXECUTING
10:40:10 INFO  State of operation 19839296 : SUCCESSFUL
10:40:11 INFO  Package apple is installed
10:40:11 INFO  Assert that (True == value) with value=True ... passed
10:40:11 INFO  Package banana is installed
10:40:11 INFO  Assert that (True == value) with value=True ... passed
10:40:11 INFO  Package cherry is installed
10:40:11 INFO  Assert that (True == value) with value=True ... passed
10:40:11 INFO  Package asciijump is installed
10:40:11 INFO  Assert that (True == value) with value=True ... passed
10:40:12 INFO  Package registry is installed
10:40:12 INFO  Assert that (True == value) with value=True ... passed
10:40:12 INFO  Response status: 201
10:40:12 INFO  Response to action: {
    "creationTime": "2022-05-30T10:40:12.239Z",
    "deviceId": "19784168",
    "deviceName": "m32sd11e",
    "self": "https://t493319102.eu-latest.cumulocity.com/devicecontrol/operations/19839300",
    "id": "19839300",
    "status": "PENDING",
    "description": "Apply software changes, triggered from PySys: [{'action': 'delete', 'id': '5495053', 'name': 'apple', 'url': ' ', 'version': '::fruits'}, {'action': 'delete', 'id': '5494888', 'name': 'banana', 'url': ' ', 'version': '::fruits'}, {'action': 'delete', 'id': '5475369', 'name': 'asciijump', 'url': ' ', 'version': '::apt'}, {'action': 'delete', 'id': '5495382', 'name': 'cherry', 'url': ' ', 'version': '::fruits'}, {'action': 'delete', 'id': '8018911', 'name': 'registry', 'url': ' ', 'version': '::docker'}]",
    "c8y_SoftwareUpdate": [
        {
            "name": "apple",
            "action": "delete",
            "id": "5495053",
            "version": "::fruits",
            "url": " "
        },
        {
            "name": "banana",
            "action": "delete",
            "id": "5494888",
            "version": "::fruits",
            "url": " "
        },
        {
            "name": "asciijump",
            "action": "delete",
            "id": "5475369",
            "version": "::apt",
            "url": " "
        },
        {
            "name": "cherry",
            "action": "delete",
            "id": "5495382",
            "version": "::fruits",
            "url": " "
        },
        {
            "name": "registry",
            "action": "delete",
            "id": "8018911",
            "version": "::docker",
            "url": " "
        }
    ]
}
10:40:12 INFO  Started operation: {'creationTime': '2022-05-30T10:40:12.239Z', 'deviceId': '19784168', 'deviceName': 'm32sd11e', 'self': 'https://t493319102.eu-latest.cumulocity.com/devicecontrol/operations/19839300', 'id': '19839300', 'status': 'PENDING', 'description': "Apply software changes, triggered from PySys: [{'action': 'delete', 'id': '5495053', 'name': 'apple', 'url': ' ', 'version': '::fruits'}, {'action': 'delete', 'id': '5494888', 'name': 'banana', 'url': ' ', 'version': '::fruits'}, {'action': 'delete', 'id': '5475369', 'name': 'asciijump', 'url': ' ', 'version': '::apt'}, {'action': 'delete', 'id': '5495382', 'name': 'cherry', 'url': ' ', 'version': '::fruits'}, {'action': 'delete', 'id': '8018911', 'name': 'registry', 'url': ' ', 'version': '::docker'}]", 'c8y_SoftwareUpdate': [{'name': 'apple', 'action': 'delete', 'id': '5495053', 'version': '::fruits', 'url': ' '}, {'name': 'banana', 'action': 'delete', 'id': '5494888', 'version': '::fruits', 'url': ' '}, {'name': 'asciijump', 'action': 'delete', 'id': '5475369', 'version': '::apt', 'url': ' '}, {'name': 'cherry', 'action': 'delete', 'id': '5495382', 'version': '::fruits', 'url': ' '}, {'name': 'registry', 'action': 'delete', 'id': '8018911', 'version': '::docker', 'url': ' '}]}
10:40:14 INFO  State of operation 19839300 : PENDING
10:40:16 INFO  State of operation 19839300 : EXECUTING
10:40:19 INFO  State of operation 19839300 : EXECUTING
10:40:21 INFO  State of operation 19839300 : EXECUTING
10:40:23 INFO  State of operation 19839300 : EXECUTING
10:40:25 INFO  State of operation 19839300 : EXECUTING
10:40:27 INFO  State of operation 19839300 : EXECUTING
10:40:30 INFO  State of operation 19839300 : EXECUTING
10:40:33 INFO  State of operation 19839300 : EXECUTING
10:40:35 INFO  State of operation 19839300 : EXECUTING
10:40:38 INFO  State of operation 19839300 : EXECUTING
10:40:40 INFO  State of operation 19839300 : EXECUTING
10:40:42 INFO  State of operation 19839300 : EXECUTING
10:40:45 INFO  State of operation 19839300 : EXECUTING
10:40:47 INFO  State of operation 19839300 : EXECUTING
10:40:49 INFO  State of operation 19839300 : EXECUTING
10:40:51 INFO  State of operation 19839300 : EXECUTING
10:40:54 INFO  State of operation 19839300 : EXECUTING
10:40:56 INFO  State of operation 19839300 : EXECUTING
10:40:59 INFO  State of operation 19839300 : EXECUTING
10:41:01 INFO  State of operation 19839300 : EXECUTING
10:41:03 INFO  State of operation 19839300 : EXECUTING
10:41:06 INFO  State of operation 19839300 : EXECUTING
10:41:08 INFO  State of operation 19839300 : EXECUTING
10:41:10 INFO  State of operation 19839300 : EXECUTING
10:41:12 INFO  State of operation 19839300 : EXECUTING
10:41:15 INFO  State of operation 19839300 : EXECUTING
10:41:18 INFO  State of operation 19839300 : EXECUTING
10:41:20 INFO  State of operation 19839300 : EXECUTING
10:41:23 INFO  State of operation 19839300 : EXECUTING
10:41:25 INFO  State of operation 19839300 : EXECUTING
10:41:27 INFO  State of operation 19839300 : EXECUTING
10:41:30 INFO  State of operation 19839300 : EXECUTING
10:41:32 INFO  State of operation 19839300 : EXECUTING
10:41:34 INFO  State of operation 19839300 : SUCCESSFUL
10:41:34 INFO  Package apple is installed
10:41:34 INFO  Assert that (True == value) with value=True ... passed
10:41:35 INFO  Package banana is installed
10:41:35 INFO  Assert that (True == value) with value=True ... passed
10:41:35 INFO  Package cherry is installed
10:41:35 INFO  Assert that (True == value) with value=True ... passed
10:41:35 INFO  Assert that (False == value) with value=False ... passed
10:41:35 INFO  Assert that (False == value) with value=False ... passed
10:41:35 INFO  
10:41:35 INFO  cleanup:
10:41:42 INFO  Executed sudo&lt;tedge_disconnect_c8y&gt;, exit status 0
10:41:42 INFO  Executed systemctl&lt;serv_mapper5&gt;, exit status 3
10:41:42 INFO  
10:41:42 INFO  Test duration: 190.33 secs
10:41:42 INFO  Test final outcome:  FAILED
10:41:42 INFO  Test outcome reason: Assert that (False == value) with value=True
10:41:42 INFO  
</system-out>
	</testcase>
</testsuite><testsuite name="agent_init_session" tests="1" errors="0" failures="1" skipped="0" time="0"><testcase classname="AgentInitSession" name="agent_init_session">
		<failure message="FAILED: Grep on sub_resp.out contains &quot;Ld3KgqpcLDlrYH6sfpG7w&quot;" type="FAILED" />
		<system-out>09:20:25 INFO  ==============================================================
09:20:25 INFO  Id:    agent_init_session
09:20:25 INFO  Dir:   tedge_agent/
09:20:25 INFO  Title: Validate tedge agent init session feature
[...]
09:09:02 INFO  Id:    docker_plugin_install_with_version
09:09:02 INFO  Dir:   plugin_docker/
09:09:02 INFO  Title: Validate docker plugin install
09:09:02 INFO  ==============================================================
09:09:02 INFO  Testing the docker plugin is not supported on this platform.To run it, all the test with -XmyPlatform='container' ... skipped
09:09:02 WARN  Aborted test due to SKIPPED outcome
09:09:02 INFO  
09:09:02 INFO  Test duration: 0.02 secs
09:09:02 INFO  Test final outcome:  SKIPPED
09:09:02 INFO  Test outcome reason: Testing the docker plugin is not supported on this platform.To run it, all the test with -XmyPlatform='container'
09:09:02 INFO  
</system-out>
	</testcase>
<testcase classname="DockerPluginInstallWithVersionTest" name="docker_plugin_install_with_version" />
</testsuite><testsuite name="docker_plugin_remove" tests="2" errors="0" failures="0" skipped="1" time="0"><testcase classname="DockerPluginRemoveTest" name="docker_plugin_remove">
		<skipped message="SKIPPED: Testing the docker plugin is not supported on this platform.To run it, all the test with -XmyPlatform='container'" />
		<system-out>09:09:02 INFO  ==============================================================
09:09:02 INFO  Id:    docker_plugin_remove
09:09:02 INFO  Dir:   plugin_docker/
09:09:02 INFO  Title: Validate docker plugin remove
09:09:02 INFO  ==============================================================
09:09:02 INFO  Testing the docker plugin is not supported on this platform.To run it, all the test with -XmyPlatform='container' ... skipped
09:09:02 WARN  Aborted test due to SKIPPED outcome
09:09:02 INFO  
09:09:02 INFO  Test duration: 0.04 secs
09:09:02 INFO  Test final outcome:  SKIPPED
09:09:02 INFO  Test outcome reason: Testing the docker plugin is not supported on this platform.To run it, all the test with -XmyPlatform='container'
09:09:02 INFO  
</system-out>
	</testcase>
<testcase classname="DockerPluginRemoveTest" name="docker_plugin_remove" />
</testsuite><testsuite name="docker_plugin_remove_with_version" tests="2" errors="0" failures="0" skipped="1" time="0"><testcase classname="DockerPluginRemoveWithVersionTest" name="docker_plugin_remove_with_version">
		<skipped message="SKIPPED: Testing the docker plugin is not supported on this platform.To run it, all the test with -XmyPlatform='container'" />
		<system-out>09:09:02 INFO  ==============================================================
09:09:02 INFO  Id:    docker_plugin_remove_with_version
09:09:02 INFO  Dir:   plugin_docker/
09:09:02 INFO  Title: Validate docker plugin remove with version
09:09:02 INFO  ==============================================================
09:09:02 INFO  Testing the docker plugin is not supported on this platform.To run it, all the test with -XmyPlatform='container' ... skipped
09:09:02 WARN  Aborted test due to SKIPPED outcome
09:09:02 INFO  
09:09:02 INFO  Test duration: 0.02 secs
09:09:02 INFO  Test final outcome:  SKIPPED
09:09:02 INFO  Test outcome reason: Testing the docker plugin is not supported on this platform.To run it, all the test with -XmyPlatform='container'
09:09:02 INFO  
</system-out>
	</testcase>
<testcase classname="DockerPluginRemoveWithVersionTest" name="docker_plugin_remove_with_version" />
</testsuite><testsuite name="docker_plugin_update" tests="2" errors="0" failures="0" skipped="1" time="0"><testcase classname="DockerPluginUpdateTest" name="docker_plugin_update">
		<skipped message="SKIPPED: Testing the docker plugin is not supported on this platform.To run it, all the test with -XmyPlatform='container'" />
		<system-out>09:09:02 INFO  ==============================================================
09:09:02 INFO  Id:    docker_plugin_update
09:09:02 INFO  Dir:   plugin_docker/
09:09:02 INFO  Title: Validate docker plugin install updates existing containers
09:09:02 INFO  ==============================================================
09:09:02 INFO  Testing the docker plugin is not supported on this platform.To run it, all the test with -XmyPlatform='container' ... skipped
09:09:02 WARN  Aborted test due to SKIPPED outcome
09:09:02 INFO  
09:09:02 INFO  Test duration: 0.02 secs
09:09:02 INFO  Test final outcome:  SKIPPED
09:09:02 INFO  Test outcome reason: Testing the docker plugin is not supported on this platform.To run it, all the test with -XmyPlatform='container'
09:09:02 INFO  
</system-out>
	</testcase>
<testcase classname="DockerPluginUpdateTest" name="docker_plugin_update" />
</testsuite><testsuite name="invalid_device_id" tests="1" errors="0" failures="0" skipped="0" time="0"><testcase classname="InvalidDeviceId" name="invalid_device_id" />
</testsuite><testsuite name="local_mqtt_pub_fail_noqos" tests="1" errors="0" failures="0" skipped="0" time="0"><testcase classname="PySysTest" name="local_mqtt_pub_fail_noqos" />
</testsuite><testsuite name="local_mqtt_pub_fail_qos0" tests="1" errors="0" failures="0" skipped="0" time="0"><testcase classname="PySysTest" name="local_mqtt_pub_fail_qos0" />
</testsuite><testsuite name="local_mqtt_pub_fail_qos1" tests="1" errors="0" failures="0" skipped="0" time="0"><testcase classname="PySysTest" name="local_mqtt_pub_fail_qos1" />
</testsuite><testsuite name="local_mqtt_pub_fail_qos2" tests="1" errors="0" failures="0" skipped="0" time="0"><testcase classname="PySysTest" name="local_mqtt_pub_fail_qos2" />
</testsuite><testsuite name="local_mqtt_pub_sub" tests="1" errors="0" failures="0" skipped="0" time="0"><testcase classname="PySysTest" name="local_mqtt_pub_sub" />
</testsuite><testsuite name="local_mqtt_pub_sub_retain" tests="1" errors="0" failures="0" skipped="0" time="0"><testcase classname="MqttPublishWithRetain" name="local_mqtt_pub_sub_retain" />
</testsuite><testsuite name="local_mqtt_pub_sub_with_sudo" tests="1" errors="0" failures="0" skipped="0" time="0"><testcase classname="PySysTest" name="local_mqtt_pub_sub_with_sudo" />
</testsuite><testsuite name="local_mqtt_sub_fail" tests="1" errors="0" failures="0" skipped="0" time="0"><testcase classname="PySysTest" name="local_mqtt_sub_fail" />
</testsuite><testsuite name="log_request_error_messages" tests="1" errors="0" failures="0" skipped="1" time="0"><testcase classname="LogRequestVerifySearchTextError" name="log_request_error_messages">
		<skipped message="SKIPPED: Test execution disabled due to #1123" />
		<system-out>09:07:17 INFO  ==============================================================
09:07:17 INFO  Id:    log_request_error_messages
09:07:17 INFO  Dir:   log_request_end_to_end/
09:07:17 INFO  Title: Validate end to end behaviour for the log request operation check for error messages
09:07:17 INFO  ==============================================================
09:07:18 INFO  Test execution disabled due to #1123 ... skipped
09:07:18 INFO  
09:07:18 INFO  Test duration: 1.36 secs
09:07:18 INFO  Test final outcome:  SKIPPED
09:07:18 INFO  Test outcome reason: Test execution disabled due to #1123
09:07:18 INFO  
</system-out>
	</testcase>
</testsuite><testsuite name="log_request_num_lines" tests="1" errors="0" failures="0" skipped="1" time="0"><testcase classname="LogRequestVerifyNumberOfLines" name="log_request_num_lines">
		<skipped message="SKIPPED: Test execution disabled due to #1123" />
		<system-out>09:07:18 INFO  ==============================================================
09:07:18 INFO  Id:    log_request_num_lines
09:07:18 INFO  Dir:   log_request_end_to_end/
09:07:18 INFO  Title: Validate end to end behaviour for the log request operation check for number of lines
09:07:18 INFO  ==============================================================
09:07:18 INFO  Test execution disabled due to #1123 ... skipped
09:07:18 INFO  
09:07:18 INFO  Test duration: 0.02 secs
09:07:18 INFO  Test final outcome:  SKIPPED
09:07:18 INFO  Test outcome reason: Test execution disabled due to #1123
09:07:18 INFO  
</system-out>
	</testcase>
</testsuite><testsuite name="mapper_awaits_before_reconnect" tests="1" errors="0" failures="0" skipped="0" time="0"><testcase classname="MapperReconnectAwait" name="mapper_awaits_before_reconnect" />
</testsuite><testsuite name="monitoring_smaller_interval" tests="1" errors="0" failures="0" skipped="1" time="0"><testcase classname="MonitoringSmallInterval" name="monitoring_smaller_interval">
		<skipped message="SKIPPED: Fails due to retained message" />
		<system-out>09:08:57 INFO  ==============================================================
09:08:57 INFO  Id:    monitoring_smaller_interval
09:08:57 INFO  Dir:   monitoring/
09:08:57 INFO  Title: Validate the tedge dm agent messages that are produced with smaller sampling interval than the batching window. Here the simulated collectd messages are used
09:08:57 INFO  ==============================================================
09:08:57 INFO  Fails due to retained message ... skipped
09:08:57 INFO  
09:08:57 INFO  Test duration: 0.02 secs
09:08:57 INFO  Test final outcome:  SKIPPED
09:08:57 INFO  Test outcome reason: Fails due to retained message
09:08:57 INFO  
</system-out>
	</testcase>
</testsuite><testsuite name="monitoring_with_collectd" tests="1" errors="0" failures="0" skipped="1" time="0"><testcase classname="MonitoringWithCollectd" name="monitoring_with_collectd">
		<skipped message="SKIPPED: Test execution disabled due to #792 (instable)" />
		<system-out>09:08:57 INFO  ==============================================================
09:08:57 INFO  Id:    monitoring_with_collectd
09:08:57 INFO  Dir:   monitoring/
09:08:57 INFO  Title: Validate tedge dm agent messages that are produced by batching the collectd messages
09:08:57 INFO  ==============================================================
09:08:57 INFO  Test execution disabled due to #792 (instable) ... skipped
09:08:57 INFO  
09:08:57 INFO  Test duration: 0.02 secs
09:08:57 INFO  Test final outcome:  SKIPPED
09:08:57 INFO  Test outcome reason: Test execution disabled due to #792 (instable)
09:08:57 INFO  
</system-out>
	</testcase>
</testsuite><testsuite name="monitoring_with_simulated_messages" tests="1" errors="0" failures="0" skipped="1" time="0"><testcase classname="MonitoringWithSimulatedMessages" name="monitoring_with_simulated_messages">
		<skipped message="SKIPPED: Fails due to retained message" />
		<system-out>09:08:57 INFO  ==============================================================
09:08:57 INFO  Id:    monitoring_with_simulated_messages
09:08:57 INFO  Dir:   monitoring/
09:08:57 INFO  Title: Validate the tedge dm agent messages that are produced from the simulated collectd messages
09:08:57 INFO  ==============================================================
09:08:57 INFO  Fails due to retained message ... skipped
09:08:57 INFO  
09:08:57 INFO  Test duration: 0.02 secs
09:08:57 INFO  Test final outcome:  SKIPPED
09:08:57 INFO  Test outcome reason: Fails due to retained message
09:08:57 INFO  
</system-out>
	</testcase>
</testsuite><testsuite name="mqtt_port_change_connection_fails" tests="1" errors="0" failures="0" skipped="0" time="0"><testcase classname="MqttPortChangeConnectionFails" name="mqtt_port_change_connection_fails" />
</testsuite><testsuite name="mqtt_port_change_connection_works" tests="1" errors="0" failures="0" skipped="1" time="0"><testcase classname="MqttPortChangeConnectionWorks" name="mqtt_port_change_connection_works">
		<skipped message="SKIPPED: failing intermitently" />
		<system-out>09:07:54 INFO  ==============================================================
09:07:54 INFO  Id:    mqtt_port_change_connection_works
09:07:54 INFO  Dir:   misc_features/
09:07:54 INFO  Title: mqtt port change connection works for all the thin-edge services that use the mosquitto broker
09:07:54 INFO  ==============================================================
09:07:54 INFO  failing intermitently ... skipped
09:07:54 INFO  
09:07:54 INFO  Test duration: 0.02 secs
09:07:54 INFO  Test final outcome:  SKIPPED
09:07:54 INFO  Test outcome reason: failing intermitently
09:07:54 INFO  
</system-out>
	</testcase>
</testsuite><testsuite name="mqtt_port_set" tests="1" errors="0" failures="0" skipped="0" time="0"><testcase classname="MqttPortSet" name="mqtt_port_set" />
</testsuite><testsuite name="mqtt_port_unset" tests="1" errors="0" failures="0" skipped="0" time="0"><testcase classname="MqttPortUnSet" name="mqtt_port_unset" />
</testsuite><testsuite name="publish_flux" tests="1" errors="0" failures="0" skipped="0" time="0"><testcase classname="PublishFlux" name="publish_flux" />
</testsuite><testsuite name="publish_sawmill" tests="1" errors="0" failures="0" skipped="0" time="0"><testcase classname="PublishSawmill" name="publish_sawmill" />
</testsuite><testsuite name="pysys_block" tests="1" errors="0" failures="0" skipped="1" time="0"><testcase classname="Fail" name="pysys_block">
		<skipped message="SKIPPED: Enable this to observe a blocking test" />
		<system-out>09:08:21 INFO  ==============================================================
09:08:21 INFO  Id:    pysys_block
09:08:21 INFO  Dir:   misc_features/
09:08:21 INFO  Title: fail
09:08:21 INFO  ==============================================================
09:08:21 INFO  Enable this to observe a blocking test ... skipped
09:08:21 INFO  
09:08:21 INFO  Test duration: 0.02 secs
09:08:21 INFO  Test final outcome:  SKIPPED
09:08:21 INFO  Test outcome reason: Enable this to observe a blocking test
09:08:21 INFO  
</system-out>
	</testcase>
</testsuite><testsuite name="pysys_fail" tests="1" errors="0" failures="0" skipped="1" time="0"><testcase classname="Fail" name="pysys_fail">
		<skipped message="SKIPPED: Enable this to observe a failing test" />
		<system-out>09:08:21 INFO  ==============================================================
09:08:21 INFO  Id:    pysys_fail
09:08:21 INFO  Dir:   misc_features/
09:08:21 INFO  Title: fail
09:08:21 INFO  ==============================================================
09:08:21 INFO  Enable this to observe a failing test ... skipped
09:08:21 INFO  
09:08:21 INFO  Test duration: 0.02 secs
09:08:21 INFO  Test final outcome:  SKIPPED
09:08:21 INFO  Test outcome reason: Enable this to observe a failing test
09:08:21 INFO  
</system-out>
	</testcase>
</testsuite><testsuite name="runtime_start_two_mappers" tests="1" errors="0" failures="0" skipped="0" time="0"><testcase classname="RuntimeMultiMappers" name="runtime_start_two_mappers" />
</testsuite><testsuite name="sm_tedge_mapper_init_session" tests="1" errors="0" failures="0" skipped="0" time="0"><testcase classname="TedgeSMMapperInitSession" name="sm_tedge_mapper_init_session" />
</testsuite><testsuite name="smoketest_json" tests="1" errors="0" failures="0" skipped="0" time="0"><testcase classname="SmokeTestJson" name="smoketest_json" />
</testsuite><testsuite name="smoketest_json_400_samples_10ms" tests="1" errors="0" failures="0" skipped="0" time="0"><testcase classname="SmoketestJson400Samples10ms" name="smoketest_json_400_samples_10ms" />
</testsuite><testsuite name="smoketest_json_400_samples_20ms" tests="1" errors="0" failures="0" skipped="0" time="0"><testcase classname="SmoketestJson400Samples20ms" name="smoketest_json_400_samples_20ms" />
</testsuite><testsuite name="smoketest_smartrest" tests="1" errors="0" failures="0" skipped="0" time="0"><testcase classname="SmoketestSmartRest" name="smoketest_smartrest" />
</testsuite><testsuite name="smoketest_smartrest_200_samples_1Xms" tests="1" errors="0" failures="0" skipped="0" time="0"><testcase classname="SmoketestSmartRest200Samples1Xms" name="smoketest_smartrest_200_samples_1Xms" />
</testsuite><testsuite name="smoketest_smartrest_200_samples_20ms" tests="1" errors="0" failures="0" skipped="0" time="0"><testcase classname="SmoketestSmartRest200Samples20ms" name="smoketest_smartrest_200_samples_20ms" />
</testsuite><testsuite name="tedge_agent_user_sudo_access" tests="1" errors="0" failures="0" skipped="1" time="0"><testcase classname="TedgeAgentUserSudoAccess" name="tedge_agent_user_sudo_access">
		<skipped message="SKIPPED: #955 Observation: Exit code of the apt plugin when called with no arguments" />
		<system-out>09:19:52 INFO  ==============================================================
09:19:52 INFO  Id:    tedge_agent_user_sudo_access
09:19:52 INFO  Dir:   tedge/
09:19:52 INFO  Title: Validate tedge-agent user has a limited sudo right
09:19:52 INFO  ==============================================================
09:19:52 INFO  #955 Observation: Exit code of the apt plugin when called with no arguments ... skipped
09:19:52 INFO  
09:19:52 INFO  Test duration: 0.02 secs
09:19:52 INFO  Test final outcome:  SKIPPED
09:19:52 INFO  Test outcome reason: #955 Observation: Exit code of the apt plugin when called with no arguments
09:19:52 INFO  
</system-out>
	</testcase>
</testsuite><testsuite name="tedge_connect_test_negative" tests="1" errors="0" failures="0" skipped="0" time="0"><testcase classname="TedgeConnectTestNegative" name="tedge_connect_test_negative" />
</testsuite><testsuite name="tedge_connect_test_positive" tests="1" errors="0" failures="0" skipped="0" time="0"><testcase classname="TedgeConnectTestPositive" name="tedge_connect_test_positive" />
</testsuite><testsuite name="tedge_connect_test_sm_services" tests="1" errors="0" failures="0" skipped="0" time="0"><testcase classname="TedgeConnectTestSMServices" name="tedge_connect_test_sm_services" />
</testsuite><testsuite name="tedge_disconnect_test_sm_services" tests="1" errors="0" failures="0" skipped="0" time="0"><testcase classname="TedgeDisConnectTestSMServices" name="tedge_disconnect_test_sm_services" />
</testsuite><testsuite name="tedge_mapper_az_negative" tests="1" errors="0" failures="0" skipped="0" time="0"><testcase classname="TedgeMapperAzError" name="tedge_mapper_az_negative" />
</testsuite><testsuite name="tedge_mapper_az_with_timestamp" tests="1" errors="0" failures="0" skipped="0" time="0"><testcase classname="TedgeMapperAzWithTimestamp" name="tedge_mapper_az_with_timestamp" />
</testsuite><testsuite name="tedge_mapper_az_without_timestamp" tests="1" errors="0" failures="0" skipped="0" time="0"><testcase classname="TedgeMapperAzWithoutTimestamp" name="tedge_mapper_az_without_timestamp" />
</testsuite><testsuite name="tedge_mapper_c8y_alarms" tests="1" errors="0" failures="0" skipped="0" time="0"><testcase classname="TedgeMapperC8yAlarm" name="tedge_mapper_c8y_alarms" />
</testsuite><testsuite name="tedge_mapper_c8y_child_device_measurement" tests="1" errors="0" failures="0" skipped="1" time="0"><testcase classname="TedgeMapperC8yChildDevice" name="tedge_mapper_c8y_child_device_measurement">
		<skipped message="SKIPPED: Test execution disabled due to #1088" />
		<system-out>09:24:52 INFO  ==============================================================
09:24:52 INFO  Id:    tedge_mapper_c8y_child_device_measurement
09:24:52 INFO  Dir:   tedge_mapper_c8y/
09:24:52 INFO  Title: Validate that measurements sent to tedge/measurements/child topic gets mapped as the child device's measurement in Cumulocity
09:24:52 INFO  ==============================================================
09:24:52 INFO  Test execution disabled due to #1088 ... skipped
09:24:52 INFO  
09:24:52 INFO  Test duration: 0.08 secs
09:24:52 INFO  Test final outcome:  SKIPPED
09:24:52 INFO  Test outcome reason: Test execution disabled due to #1088
09:24:52 INFO  
</system-out>
	</testcase>
</testsuite><testsuite name="tedge_mapper_c8y_packet_threshold_size" tests="1" errors="0" failures="0" skipped="0" time="0"><testcase classname="TedgeMapperC8yThresholdPacketSize" name="tedge_mapper_c8y_packet_threshold_size" />
</testsuite><testsuite name="tedge_software_update" tests="1" errors="0" failures="0" skipped="0" time="0"><testcase classname="PySysTest" name="tedge_software_update" />
</testsuite><testsuite name="valid_device_id" tests="1" errors="0" failures="0" skipped="0" time="0"><testcase classname="ValidateValidDeviceId" name="valid_device_id" />
</testsuite></testsuites>