<?xml version='1.0' encoding='utf-8'?>
<testsuites tests="149" failures="10" errors="0" skipped="54" time="0.0"><testsuite name="SoftwareManagement.Plugin.apama_plugin_install" tests="3" errors="0" failures="0" skipped="1" time="0"><testcase classname="ApamaPluginInstallTest" name="SoftwareManagement.Plugin.apama_plugin_install">
		<skipped message="SKIPPED: Apama plugin tests are disabled by default. Execute `pysys run` with `-XmyPlatform=container` to run these tests" />
		<system-out>07:59:30 INFO  ==============================================================
07:59:30 INFO  Id:    SoftwareManagement.Plugin.apama_plugin_install
07:59:30 INFO  Dir:   plugin_apama/
07:59:30 INFO  Title: Validate apama plugin install
07:59:30 INFO  ==============================================================
07:59:30 INFO  Apama plugin tests are disabled by default. Execute `pysys run` with `-XmyPlatform=container` to run these tests ... skipped
07:59:30 WARN  Aborted test due to SKIPPED outcome
07:59:30 INFO  
07:59:30 INFO  Test duration: 0.05 secs
07:59:30 INFO  Test final outcome:  SKIPPED
07:59:30 INFO  Test outcome reason: Apama plugin tests are disabled by default. Execute `pysys run` with `-XmyPlatform=container` to run these tests
07:59:30 INFO  
</system-out>
	</testcase>
<testcase classname="ApamaPluginInstallTest" name="SoftwareManagement.Plugin.apama_plugin_install" />
<testcase classname="ApamaPluginInstallTest" name="SoftwareManagement.Plugin.apama_plugin_install" />
</testsuite><testsuite name="SoftwareManagement.Plugin.apama_plugin_mon_support" tests="3" errors="0" failures="0" skipped="1" time="0"><testcase classname="ApamaPluginMonSupportTest" name="SoftwareManagement.Plugin.apama_plugin_mon_support">
		<skipped message="SKIPPED: Apama plugin tests are disabled by default. Execute `pysys run` with `-XmyPlatform=container` to run these tests" />
		<system-out>07:59:30 INFO  ==============================================================
07:59:30 INFO  Id:    SoftwareManagement.Plugin.apama_plugin_mon_support
07:59:30 INFO  Dir:   plugin_apama/
07:59:30 INFO  Title: Validate mon file support of apama plugin
07:59:30 INFO  ==============================================================
07:59:30 INFO  Apama plugin tests are disabled by default. Execute `pysys run` with `-XmyPlatform=container` to run these tests ... skipped
07:59:30 WARN  Aborted test due to SKIPPED outcome
07:59:30 INFO  
07:59:30 INFO  Test duration: 0.02 secs
07:59:30 INFO  Test final outcome:  SKIPPED
07:59:30 INFO  Test outcome reason: Apama plugin tests are disabled by default. Execute `pysys run` with `-XmyPlatform=container` to run these tests
07:59:30 INFO  
</system-out>
	</testcase>
<testcase classname="ApamaPluginMonSupportTest" name="SoftwareManagement.Plugin.apama_plugin_mon_support" />
<testcase classname="ApamaPluginMonSupportTest" name="SoftwareManagement.Plugin.apama_plugin_mon_support" />
</testsuite><testsuite name="SoftwareManagement.Plugin.apama_plugin_remove" tests="3" errors="0" failures="0" skipped="1" time="0"><testcase classname="ApamaPluginRemoveTest" name="SoftwareManagement.Plugin.apama_plugin_remove">
		<skipped message="SKIPPED: Apama plugin tests are disabled by default. Execute `pysys run` with `-XmyPlatform=container` to run these tests" />
		<system-out>07:59:30 INFO  ==============================================================
07:59:30 INFO  Id:    SoftwareManagement.Plugin.apama_plugin_remove
07:59:30 INFO  Dir:   plugin_apama/
07:59:30 INFO  Title: Validate apama plugin remove
07:59:30 INFO  ==============================================================
07:59:30 INFO  Apama plugin tests are disabled by default. Execute `pysys run` with `-XmyPlatform=container` to run these tests ... skipped
07:59:30 WARN  Aborted test due to SKIPPED outcome
07:59:30 INFO  
07:59:30 INFO  Test duration: 0.02 secs
07:59:30 INFO  Test final outcome:  SKIPPED
07:59:30 INFO  Test outcome reason: Apama plugin tests are disabled by default. Execute `pysys run` with `-XmyPlatform=container` to run these tests
07:59:30 INFO  
</system-out>
	</testcase>
<testcase classname="ApamaPluginRemoveTest" name="SoftwareManagement.Plugin.apama_plugin_remove" />
<testcase classname="ApamaPluginRemoveTest" name="SoftwareManagement.Plugin.apama_plugin_remove" />
</testsuite><testsuite name="SoftwareManagement.Plugin.apama_plugin_update" tests="3" errors="0" failures="0" skipped="3" time="0"><testcase classname="ApamaPluginUpdateTest" name="SoftwareManagement.Plugin.apama_plugin_update">
		<skipped message="SKIPPED: Test execution disabled due to #1052" />
		<system-out>07:59:30 INFO  ==============================================================
07:59:30 INFO  Id:    SoftwareManagement.Plugin.apama_plugin_update
07:59:30 INFO  Dir:   plugin_apama/
07:59:30 INFO  Title: Validate apama plugin updating one project with another
07:59:30 INFO  ==============================================================
07:59:30 INFO  Test execution disabled due to #1052 ... skipped
07:59:30 INFO  
07:59:30 INFO  Test duration: 0.02 secs
07:59:30 INFO  Test final outcome:  SKIPPED
07:59:30 INFO  Test outcome reason: Test execution disabled due to #1052
07:59:30 INFO  
</system-out>
	</testcase>
<testcase classname="ApamaPluginUpdateTest" name="SoftwareManagement.Plugin.apama_plugin_update">
		<skipped message="SKIPPED: Test execution disabled due to #1052" />
		<system-out>08:52:14 INFO  ==============================================================
08:52:14 INFO  Id:    SoftwareManagement.Plugin.apama_plugin_update
08:52:14 INFO  Dir:   plugin_apama/
08:52:14 INFO  Title: Validate apama plugin updating one project with another
08:52:14 INFO  ==============================================================
08:52:14 INFO  Test execution disabled due to #1052 ... skipped
08:52:14 INFO  
08:52:14 INFO  Test duration: 0.02 secs
08:52:14 INFO  Test final outcome:  SKIPPED
08:52:14 INFO  Test outcome reason: Test execution disabled due to #1052
08:52:14 INFO  
</system-out>
	</testcase>
<testcase classname="ApamaPluginUpdateTest" name="SoftwareManagement.Plugin.apama_plugin_update">
		<skipped message="SKIPPED: Test execution disabled due to #1052" />
		<system-out>09:00:50 INFO  ==============================================================
09:00:50 INFO  Id:    SoftwareManagement.Plugin.apama_plugin_update
09:00:50 INFO  Dir:   plugin_apama/
09:00:50 INFO  Title: Validate apama plugin updating one project with another
09:00:50 INFO  ==============================================================
09:00:50 INFO  Test execution disabled due to #1052 ... skipped
09:00:50 INFO  
09:00:50 INFO  Test duration: 0.02 secs
09:00:50 INFO  Test final outcome:  SKIPPED
09:00:50 INFO  Test outcome reason: Test execution disabled due to #1052
09:00:50 INFO  
</system-out>
	</testcase>
</testsuite><testsuite name="SoftwareManagement.sm_apt_install_download_path" tests="3" errors="0" failures="2" skipped="1" time="0"><testcase classname="AptInstallWithDownloadPath" name="SoftwareManagement.sm_apt_install_download_path">
		<skipped message="SKIPPED: Testing the apt plugin is not supported on this platform.Use parameter -XmyPlatform='container' to enable it" />
		<system-out>08:09:13 INFO  ==============================================================
08:09:13 INFO  Id:    SoftwareManagement.sm_apt_install_download_path
08:09:13 INFO  Dir:   software_management_end_to_end/
08:09:13 INFO  Title: Install package to directory specified in tedge config set tmp.path
08:09:13 INFO  ==============================================================
08:09:13 INFO  Testing the apt plugin is not supported on this platform.Use parameter -XmyPlatform='container' to enable it ... skipped
08:09:13 WARN  Aborted test due to SKIPPED outcome
08:09:13 INFO  
08:09:13 INFO  Test duration: 0.07 secs
08:09:13 INFO  Test final outcome:  SKIPPED
08:09:13 INFO  Test outcome reason: Testing the apt plugin is not supported on this platform.Use parameter -XmyPlatform='container' to enable it
08:09:13 INFO  
</system-out>
	</testcase>
<testcase classname="AptInstallWithDownloadPath" name="SoftwareManagement.sm_apt_install_download_path">
		<failure message="BLOCKED: AssertionError:" type="BLOCKED" />
		<system-out>08:33:49 INFO  ==============================================================
08:33:49 INFO  Id:    SoftwareManagement.sm_apt_install_download_path
08:33:49 INFO  Dir:   software_management_end_to_end/
08:33:49 INFO  Title: Install package to directory specified in tedge config set tmp.path
08:33:49 INFO  ==============================================================
08:33:49 INFO  Using sw id database: {'asciijump': '5475369', 'robotfindskitten': '5474869', 'squirrel3': '5475279', 'rolldice': '5152439', 'moon-buggy': '5439204', 'apple': '5495053', 'banana': '5494888', 'cherry': '5495382', 'watermelon': '5494510', 'registry': '8018911', 'hello-world': '8021526', 'docker/getting-started': '8021973', 'alpine': '7991792'}
08:33:49 INFO  EnvironmentC8y Setup
08:33:50 INFO  Executed systemctl&lt;serv_mapper1&gt;, exit status 3
08:34:04 INFO  Executed sudo&lt;tedge_connect_c8y&gt;, exit status 0, duration 14 secs
08:34:06 INFO  Executed sudo&lt;tedge_connect_c8y_test&gt;, exit status 0
08:34:07 INFO  Executed systemctl&lt;serv_mosq2&gt;, exit status 0
08:34:07 INFO  Executed systemctl&lt;serv_mapper3&gt;, exit status 0
08:34:10 INFO  State of current operation: SUCCESSFUL
08:34:10 INFO  Assert that (False == value) with value=False ... passed
08:34:11 INFO  Executed sudo, exit status 0
08:34:11 INFO  Executed sudo, exit status 0
08:34:12 INFO  Executed sudo, exit status 0
08:34:16 INFO  Executed sudo&lt;tedge_disconnect_c8y&gt;, exit status 0
08:34:16 INFO  Restarting mosquitto too frequently in the last 10 seconds. It was only up for 3 seconds
08:34:16 INFO  Delaying execution by 8 seconds
08:34:38 INFO  Executed sudo&lt;tedge_connect_c8y&gt;, exit status 0, duration 13 secs
08:34:38 INFO  Response status: 201
08:34:38 INFO  Response to action: {
    "creationTime": "2022-05-04T08:34:38.381Z",
    "deviceName": "mythicb",
    "deviceId": "18347006",
    "self": "https://t493319102.eu-latest.cumulocity.com/devicecontrol/operations/18369885",
    "id": "18369885",
    "status": "PENDING",
    "description": "Apply software changes, triggered from PySys: [{'name': 'rolldice', 'id': '5152439', 'version': '::apt', 'url': 'https://thin-edge-io.eu-latest.cumulocity.com/inventory/binaries/12435463', 'action': 'install'}]",
    "c8y_SoftwareUpdate": [
        {
            "name": "rolldice",
            "action": "install",
            "id": "5152439",
            "version": "::apt",
            "url": "https://thin-edge-io.eu-latest.cumulocity.com/inventory/binaries/12435463"
        }
    ]
}
08:34:38 INFO  Started operation: {'creationTime': '2022-05-04T08:34:38.381Z', 'deviceName': 'mythicb', 'deviceId': '18347006', 'self': 'https://t493319102.eu-latest.cumulocity.com/devicecontrol/operations/18369885', 'id': '18369885', 'status': 'PENDING', 'description': "Apply software changes, triggered from PySys: [{'name': 'rolldice', 'id': '5152439', 'version': '::apt', 'url': 'https://thin-edge-io.eu-latest.cumulocity.com/inventory/binaries/12435463', 'action': 'install'}]", 'c8y_SoftwareUpdate': [{'name': 'rolldice', 'action': 'install', 'id': '5152439', 'version': '::apt', 'url': 'https://thin-edge-io.eu-latest.cumulocity.com/inventory/binaries/12435463'}]}
08:34:38 WARN  , retrying in 0.5 seconds...
08:34:38 WARN  , retrying in 0.5 seconds...
08:34:39 WARN  , retrying in 0.5 seconds...
08:34:39 WARN  , retrying in 0.5 seconds...
08:34:40 WARN  , retrying in 0.5 seconds...
08:34:40 WARN  , retrying in 0.5 seconds...
08:34:41 WARN  , retrying in 0.5 seconds...
08:34:41 WARN  , retrying in 0.5 seconds...
08:34:42 WARN  , retrying in 0.5 seconds...
08:34:42 WARN  AssertionError occurred while running test - 
Traceback (most recent call last):
  File "/home/pi/env-pysys/lib/python3.7/site-packages/pysys/baserunner.py", line 1294, in __call__
    self.testObj.execute()
  File "/home/pi/actions-runner/_work/thin-edge.io/thin-edge.io/tests/PySys/software_management_end_to_end/sm_apt_install_download_path/run.py", line 83, in execute
    assert_install_in_download_path(install_directory=self.DOWNLOAD_DIR)
  File "/home/pi/env-pysys/lib/python3.7/site-packages/decorator.py", line 232, in fun
    return caller(func, *(extras + args), **kw)
  File "/home/pi/env-pysys/lib/python3.7/site-packages/retry/api.py", line 74, in retry_decorator
    logger)
  File "/home/pi/env-pysys/lib/python3.7/site-packages/retry/api.py", line 33, in __retry_internal
    return f()
  File "/home/pi/actions-runner/_work/thin-edge.io/thin-edge.io/tests/PySys/software_management_end_to_end/sm_apt_install_download_path/run.py", line 28, in assert_install_in_download_path
    assert "rolldice" in os.listdir(f"{install_directory}")
AssertionError
08:34:43 WARN  AssertionError: ... blocked 
08:34:43 INFO  
08:34:43 INFO  cleanup:
08:34:44 INFO  Executed sudo, exit status 0
08:34:44 INFO  Executed sudo, exit status 0
08:34:49 INFO  Executed sudo&lt;tedge_disconnect_c8y&gt;, exit status 0
08:34:49 INFO  Restarting mosquitto too frequently in the last 10 seconds. It was only up for 4 seconds
08:34:49 INFO  Delaying execution by 7 seconds
08:35:11 INFO  Executed sudo&lt;tedge_connect_c8y&gt;, exit status 0, duration 14 secs
08:35:15 INFO  Executed sudo&lt;tedge_disconnect_c8y&gt;, exit status 0
08:35:15 INFO  Executed systemctl&lt;serv_mapper5&gt;, exit status 3
08:35:15 INFO  
08:35:15 INFO  Test duration: 86.63 secs
08:35:15 INFO  Test final outcome:  BLOCKED
08:35:15 INFO  Test outcome reason: AssertionError:
08:35:15 INFO  
</system-out>
	</testcase>
<testcase classname="AptInstallWithDownloadPath" name="SoftwareManagement.sm_apt_install_download_path">
		<failure message="BLOCKED: AssertionError:" type="BLOCKED" />
		<system-out>09:00:50 INFO  ==============================================================
09:00:50 INFO  Id:    SoftwareManagement.sm_apt_install_download_path
09:00:50 INFO  Dir:   software_management_end_to_end/
09:00:50 INFO  Title: Install package to directory specified in tedge config set tmp.path
09:00:50 INFO  ==============================================================
09:00:51 INFO  Using sw id database: {'asciijump': '5475369', 'robotfindskitten': '5474869', 'squirrel3': '5475279', 'rolldice': '5152439', 'moon-buggy': '5439204', 'apple': '5495053', 'banana': '5494888', 'cherry': '5495382', 'watermelon': '5494510', 'registry': '8018911', 'hello-world': '8021526', 'docker/getting-started': '8021973', 'alpine': '7991792'}
09:00:51 INFO  EnvironmentC8y Setup
09:00:52 INFO  Executed systemctl&lt;serv_mapper1&gt;, exit status 3
09:01:06 INFO  Executed sudo&lt;tedge_connect_c8y&gt;, exit status 0, duration 14 secs
09:01:07 INFO  Executed sudo&lt;tedge_connect_c8y_test&gt;, exit status 0
09:01:07 INFO  Executed systemctl&lt;serv_mosq2&gt;, exit status 0
09:01:08 INFO  Executed systemctl&lt;serv_mapper3&gt;, exit status 0
09:01:10 INFO  State of current operation: SUCCESSFUL
09:01:10 INFO  Assert that (False == value) with value=False ... passed
09:01:11 INFO  Executed sudo, exit status 0
09:01:11 INFO  Executed sudo, exit status 0
09:01:12 INFO  Executed sudo, exit status 0
09:01:16 INFO  Executed sudo&lt;tedge_disconnect_c8y&gt;, exit status 0
09:01:16 INFO  Restarting mosquitto too frequently in the last 10 seconds. It was only up for 3 seconds
09:01:16 INFO  Delaying execution by 8 seconds
09:01:38 INFO  Executed sudo&lt;tedge_connect_c8y&gt;, exit status 0, duration 14 secs
09:01:38 INFO  Response status: 201
09:01:38 INFO  Response to action: {
    "creationTime": "2022-05-04T09:01:38.716Z",
    "deviceName": "mythicb",
    "deviceId": "18347006",
    "self": "https://t493319102.eu-latest.cumulocity.com/devicecontrol/operations/18389165",
    "id": "18389165",
    "status": "PENDING",
    "description": "Apply software changes, triggered from PySys: [{'name': 'rolldice', 'id': '5152439', 'version': '::apt', 'url': 'https://thin-edge-io.eu-latest.cumulocity.com/inventory/binaries/12435463', 'action': 'install'}]",
    "c8y_SoftwareUpdate": [
        {
            "name": "rolldice",
            "action": "install",
            "id": "5152439",
            "version": "::apt",
            "url": "https://thin-edge-io.eu-latest.cumulocity.com/inventory/binaries/12435463"
        }
    ]
}
09:01:38 INFO  Started operation: {'creationTime': '2022-05-04T09:01:38.716Z', 'deviceName': 'mythicb', 'deviceId': '18347006', 'self': 'https://t493319102.eu-latest.cumulocity.com/devicecontrol/operations/18389165', 'id': '18389165', 'status': 'PENDING', 'description': "Apply software changes, triggered from PySys: [{'name': 'rolldice', 'id': '5152439', 'version': '::apt', 'url': 'https://thin-edge-io.eu-latest.cumulocity.com/inventory/binaries/12435463', 'action': 'install'}]", 'c8y_SoftwareUpdate': [{'name': 'rolldice', 'action': 'install', 'id': '5152439', 'version': '::apt', 'url': 'https://thin-edge-io.eu-latest.cumulocity.com/inventory/binaries/12435463'}]}
09:01:38 WARN  , retrying in 0.5 seconds...
09:01:39 WARN  , retrying in 0.5 seconds...
09:01:39 WARN  , retrying in 0.5 seconds...
09:01:40 WARN  , retrying in 0.5 seconds...
09:01:40 WARN  , retrying in 0.5 seconds...
09:01:41 WARN  , retrying in 0.5 seconds...
09:01:41 WARN  , retrying in 0.5 seconds...
09:01:42 WARN  , retrying in 0.5 seconds...
09:01:42 WARN  , retrying in 0.5 seconds...
09:01:43 WARN  AssertionError occurred while running test - 
Traceback (most recent call last):
  File "/home/pi/env-pysys/lib/python3.7/site-packages/pysys/baserunner.py", line 1294, in __call__
    self.testObj.execute()
  File "/home/pi/actions-runner/_work/thin-edge.io/thin-edge.io/tests/PySys/software_management_end_to_end/sm_apt_install_download_path/run.py", line 83, in execute
    assert_install_in_download_path(install_directory=self.DOWNLOAD_DIR)
  File "/home/pi/env-pysys/lib/python3.7/site-packages/decorator.py", line 232, in fun
    return caller(func, *(extras + args), **kw)
  File "/home/pi/env-pysys/lib/python3.7/site-packages/retry/api.py", line 74, in retry_decorator
    logger)
  File "/home/pi/env-pysys/lib/python3.7/site-packages/retry/api.py", line 33, in __retry_internal
    return f()
  File "/home/pi/actions-runner/_work/thin-edge.io/thin-edge.io/tests/PySys/software_management_end_to_end/sm_apt_install_download_path/run.py", line 28, in assert_install_in_download_path
    assert "rolldice" in os.listdir(f"{install_directory}")
AssertionError
09:01:43 WARN  AssertionError: ... blocked 
09:01:43 INFO  
09:01:43 INFO  cleanup:
09:01:44 INFO  Executed sudo, exit status 0
09:01:45 INFO  Executed sudo, exit status 0
09:01:49 INFO  Executed sudo&lt;tedge_disconnect_c8y&gt;, exit status 0
09:01:49 INFO  Restarting mosquitto too frequently in the last 10 seconds. It was only up for 4 seconds
09:01:49 INFO  Delaying execution by 7 seconds
09:02:11 INFO  Executed sudo&lt;tedge_connect_c8y&gt;, exit status 0, duration 14 secs
09:02:15 INFO  Executed sudo&lt;tedge_disconnect_c8y&gt;, exit status 0
09:02:16 INFO  Executed systemctl&lt;serv_mapper5&gt;, exit status 3
09:02:16 INFO  
09:02:16 INFO  Test duration: 85.67 secs
09:02:16 INFO  Test final outcome:  BLOCKED
09:02:16 INFO  Test outcome reason: AssertionError:
09:02:16 INFO  
</system-out>
	</testcase>
</testsuite><testsuite name="SoftwareManagement.sm_apt_install_fail" tests="3" errors="0" failures="0" skipped="1" time="0"><testcase classname="PySysTest" name="SoftwareManagement.sm_apt_install_fail">
		<skipped message="SKIPPED: Testing the apt plugin is not supported on this platform.Use parameter -XmyPlatform='container' to enable it" />
		<system-out>08:09:13 INFO  ==============================================================
08:09:13 INFO  Id:    SoftwareManagement.sm_apt_install_fail
08:09:13 INFO  Dir:   software_management_end_to_end/
08:09:13 INFO  Title: Validate end to end behaviour for a failing installation
08:09:13 INFO  ==============================================================
08:09:13 INFO  Testing the apt plugin is not supported on this platform.Use parameter -XmyPlatform='container' to enable it ... skipped
08:09:13 WARN  Aborted test due to SKIPPED outcome
08:09:13 INFO  
08:09:13 INFO  Test duration: 0.02 secs
08:09:13 INFO  Test final outcome:  SKIPPED
08:09:13 INFO  Test outcome reason: Testing the apt plugin is not supported on this platform.Use parameter -XmyPlatform='container' to enable it
08:09:13 INFO  
</system-out>
	</testcase>
<testcase classname="PySysTest" name="SoftwareManagement.sm_apt_install_fail" />
<testcase classname="PySysTest" name="SoftwareManagement.sm_apt_install_fail" />
</testsuite><testsuite name="SoftwareManagement.sm_apt_install_remove" tests="3" errors="0" failures="0" skipped="1" time="0"><testcase classname="PySysTest" name="SoftwareManagement.sm_apt_install_remove">
		<skipped message="SKIPPED: Testing the apt plugin is not supported on this platform.Use parameter -XmyPlatform='container' to enable it" />
		<system-out>08:09:13 INFO  ==============================================================
08:09:13 INFO  Id:    SoftwareManagement.sm_apt_install_remove
08:09:13 INFO  Dir:   software_management_end_to_end/
08:09:13 INFO  Title: Validate end to end behaviour for the apt plugin for installation and removal of packages
08:09:13 INFO  ==============================================================
08:09:13 INFO  Testing the apt plugin is not supported on this platform.Use parameter -XmyPlatform='container' to enable it ... skipped
08:09:13 WARN  Aborted test due to SKIPPED outcome
08:09:13 INFO  
08:09:13 INFO  Test duration: 0.02 secs
08:09:13 INFO  Test final outcome:  SKIPPED
08:09:13 INFO  Test outcome reason: Testing the apt plugin is not supported on this platform.Use parameter -XmyPlatform='container' to enable it
08:09:13 INFO  
</system-out>
	</testcase>
<testcase classname="PySysTest" name="SoftwareManagement.sm_apt_install_remove" />
<testcase classname="PySysTest" name="SoftwareManagement.sm_apt_install_remove" />
</testsuite><testsuite name="SoftwareManagement.sm_apt_install_remove_default" tests="3" errors="0" failures="0" skipped="1" time="0"><testcase classname="PySysTest" name="SoftwareManagement.sm_apt_install_remove_default">
		<skipped message="SKIPPED: Testing the apt plugin is not supported on this platform.Use parameter -XmyPlatform='container' to enable it" />
		<system-out>08:09:13 INFO  ==============================================================
08:09:13 INFO  Id:    SoftwareManagement.sm_apt_install_remove_default
08:09:13 INFO  Dir:   software_management_end_to_end/
08:09:13 INFO  Title: Validate end to end behaviour for the default plugin for installation and removal of packages
08:09:13 INFO  ==============================================================
08:09:13 INFO  Testing the apt plugin is not supported on this platform.Use parameter -XmyPlatform='container' to enable it ... skipped
08:09:13 WARN  Aborted test due to SKIPPED outcome
08:09:13 INFO  
08:09:13 INFO  Test duration: 0.02 secs
08:09:13 INFO  Test final outcome:  SKIPPED
08:09:13 INFO  Test outcome reason: Testing the apt plugin is not supported on this platform.Use parameter -XmyPlatform='container' to enable it
08:09:13 INFO  
</system-out>
	</testcase>
<testcase classname="PySysTest" name="SoftwareManagement.sm_apt_install_remove_default" />
<testcase classname="PySysTest" name="SoftwareManagement.sm_apt_install_remove_default" />
</testsuite><testsuite name="SoftwareManagement.sm_apt_install_remove_multiple" tests="3" errors="0" failures="2" skipped="1" time="0"><testcase classname="PySysTest" name="SoftwareManagement.sm_apt_install_remove_multiple">
		<skipped message="SKIPPED: Testing the apt plugin is not supported on this platform.Use parameter -XmyPlatform='container' to enable it" />
		<system-out>08:09:13 INFO  ==============================================================
08:09:13 INFO  Id:    SoftwareManagement.sm_apt_install_remove_multiple
08:09:13 INFO  Dir:   software_management_end_to_end/
08:09:13 INFO  Title: Validate end to end behaviour for the apt plugin for multiple packages
08:09:13 INFO  ==============================================================
08:09:13 INFO  Testing the apt plugin is not supported on this platform.Use parameter -XmyPlatform='container' to enable it ... skipped
08:09:13 WARN  Aborted test due to SKIPPED outcome
08:09:13 INFO  
08:09:13 INFO  Test duration: 0.02 secs
08:09:13 INFO  Test final outcome:  SKIPPED
08:09:13 INFO  Test outcome reason: Testing the apt plugin is not supported on this platform.Use parameter -XmyPlatform='container' to enable it
08:09:13 INFO  
</system-out>
	</testcase>
<testcase classname="PySysTest" name="SoftwareManagement.sm_apt_install_remove_multiple">
		<failure message="FAILED: Assert that (False == value) with value=True" type="FAILED" />
		<system-out>08:42:13 INFO  ==============================================================
08:42:13 INFO  Id:    SoftwareManagement.sm_apt_install_remove_multiple
08:42:13 INFO  Dir:   software_management_end_to_end/
08:42:13 INFO  Title: Validate end to end behaviour for the apt plugin for multiple packages
08:42:13 INFO  ==============================================================
08:42:13 INFO  Using sw id database: {'asciijump': '5475369', 'robotfindskitten': '5474869', 'squirrel3': '5475279', 'rolldice': '5152439', 'moon-buggy': '5439204', 'apple': '5495053', 'banana': '5494888', 'cherry': '5495382', 'watermelon': '5494510', 'registry': '8018911', 'hello-world': '8021526', 'docker/getting-started': '8021973', 'alpine': '7991792'}
08:42:13 INFO  EnvironmentC8y Setup
08:42:13 INFO  Executed systemctl&lt;serv_mapper1&gt;, exit status 3
08:42:13 INFO  Restarting mosquitto too frequently in the last 10 seconds. It was only up for 4 seconds
08:42:13 INFO  Delaying execution by 7 seconds
08:42:34 INFO  Executed sudo&lt;tedge_connect_c8y&gt;, exit status 0, duration 14 secs
08:42:35 INFO  Executed sudo&lt;tedge_connect_c8y_test&gt;, exit status 0
08:42:35 INFO  Executed systemctl&lt;serv_mosq2&gt;, exit status 0
08:42:36 INFO  Executed systemctl&lt;serv_mapper3&gt;, exit status 0
08:42:38 INFO  State of current operation: SUCCESSFUL
08:42:38 INFO  Assert that (False == value) with value=False ... passed
08:42:39 INFO  Assert that (False == value) with value=False ... passed
08:42:39 INFO  Assert that (False == value) with value=False ... passed
08:42:39 INFO  Package robotfindskitten is installed
08:42:39 WARN  Assert that (False == value) with value=True ... failed 
08:42:39 INFO  Response status: 201
08:42:39 INFO  Response to action: {
    "creationTime": "2022-05-04T08:42:39.730Z",
    "deviceName": "mythicb",
    "deviceId": "18347006",
    "self": "https://t493319102.eu-latest.cumulocity.com/devicecontrol/operations/18369980",
    "id": "18369980",
    "status": "PENDING",
    "description": "Apply software changes, triggered from PySys: [{'action': 'install', 'id': '5475369', 'name': 'asciijump', 'url': ' ', 'version': '::apt'}, {'action': 'install', 'id': '5474869', 'name': 'robotfindskitten', 'url': ' ', 'version': '::apt'}, {'action': 'install', 'id': '5475279', 'name': 'squirrel3', 'url': ' ', 'version': '::apt'}]",
    "c8y_SoftwareUpdate": [
        {
            "name": "asciijump",
            "action": "install",
            "id": "5475369",
            "version": "::apt",
            "url": " "
        },
        {
            "name": "robotfindskitten",
            "action": "install",
            "id": "5474869",
            "version": "::apt",
            "url": " "
        },
        {
            "name": "squirrel3",
            "action": "install",
            "id": "5475279",
            "version": "::apt",
            "url": " "
        }
    ]
}
08:42:39 INFO  Started operation: {'creationTime': '2022-05-04T08:42:39.730Z', 'deviceName': 'mythicb', 'deviceId': '18347006', 'self': 'https://t493319102.eu-latest.cumulocity.com/devicecontrol/operations/18369980', 'id': '18369980', 'status': 'PENDING', 'description': "Apply software changes, triggered from PySys: [{'action': 'install', 'id': '5475369', 'name': 'asciijump', 'url': ' ', 'version': '::apt'}, {'action': 'install', 'id': '5474869', 'name': 'robotfindskitten', 'url': ' ', 'version': '::apt'}, {'action': 'install', 'id': '5475279', 'name': 'squirrel3', 'url': ' ', 'version': '::apt'}]", 'c8y_SoftwareUpdate': [{'name': 'asciijump', 'action': 'install', 'id': '5475369', 'version': '::apt', 'url': ' '}, {'name': 'robotfindskitten', 'action': 'install', 'id': '5474869', 'version': '::apt', 'url': ' '}, {'name': 'squirrel3', 'action': 'install', 'id': '5475279', 'version': '::apt', 'url': ' '}]}
08:42:41 INFO  State of operation 18369980 : PENDING
08:42:44 INFO  State of operation 18369980 : EXECUTING
08:42:46 INFO  State of operation 18369980 : EXECUTING
08:42:48 INFO  State of operation 18369980 : EXECUTING
08:42:51 INFO  State of operation 18369980 : EXECUTING
08:42:53 INFO  State of operation 18369980 : EXECUTING
08:42:56 INFO  State of operation 18369980 : EXECUTING
08:42:58 INFO  State of operation 18369980 : EXECUTING
08:43:02 INFO  State of operation 18369980 : EXECUTING
08:43:04 INFO  State of operation 18369980 : EXECUTING
08:43:06 INFO  State of operation 18369980 : EXECUTING
08:43:08 INFO  State of operation 18369980 : EXECUTING
08:43:11 INFO  State of operation 18369980 : EXECUTING
08:43:13 INFO  State of operation 18369980 : EXECUTING
08:43:15 INFO  State of operation 18369980 : EXECUTING
08:43:18 INFO  State of operation 18369980 : EXECUTING
08:43:20 INFO  State of operation 18369980 : EXECUTING
08:43:22 INFO  State of operation 18369980 : EXECUTING
08:43:25 INFO  State of operation 18369980 : EXECUTING
08:43:27 INFO  State of operation 18369980 : EXECUTING
08:43:29 INFO  State of operation 18369980 : EXECUTING
08:43:32 INFO  State of operation 18369980 : EXECUTING
08:43:34 INFO  State of operation 18369980 : EXECUTING
08:43:36 INFO  State of operation 18369980 : EXECUTING
08:43:39 INFO  State of operation 18369980 : EXECUTING
08:43:41 INFO  State of operation 18369980 : EXECUTING
08:43:44 INFO  State of operation 18369980 : EXECUTING
08:43:46 INFO  State of operation 18369980 : EXECUTING
08:43:49 INFO  State of operation 18369980 : EXECUTING
08:43:51 INFO  State of operation 18369980 : EXECUTING
08:43:53 INFO  State of operation 18369980 : EXECUTING
08:43:55 INFO  State of operation 18369980 : EXECUTING
08:43:58 INFO  State of operation 18369980 : EXECUTING
08:44:00 INFO  State of operation 18369980 : EXECUTING
08:44:02 INFO  State of operation 18369980 : SUCCESSFUL
08:44:02 INFO  Assert that (False == value) with value=False ... passed
08:44:03 INFO  Package asciijump is installed
08:44:03 INFO  Assert that (True == value) with value=True ... passed
08:44:03 INFO  Package squirrel3 is installed
08:44:03 INFO  Assert that (True == value) with value=True ... passed
08:44:03 INFO  Package robotfindskitten is installed
08:44:03 INFO  Assert that (True == value) with value=True ... passed
08:44:03 INFO  Response status: 201
08:44:03 INFO  Response to action: {
    "creationTime": "2022-05-04T08:44:03.746Z",
    "deviceName": "mythicb",
    "deviceId": "18347006",
    "self": "https://t493319102.eu-latest.cumulocity.com/devicecontrol/operations/18369990",
    "id": "18369990",
    "status": "PENDING",
    "description": "Apply software changes, triggered from PySys: [{'action': 'delete', 'id': '5475369', 'name': 'asciijump', 'url': ' ', 'version': '::apt'}, {'action': 'delete', 'id': '5474869', 'name': 'robotfindskitten', 'url': ' ', 'version': '::apt'}, {'action': 'delete', 'id': '5475279', 'name': 'squirrel3', 'url': ' ', 'version': '::apt'}]",
    "c8y_SoftwareUpdate": [
        {
            "name": "asciijump",
            "action": "delete",
            "id": "5475369",
            "version": "::apt",
            "url": " "
        },
        {
            "name": "robotfindskitten",
            "action": "delete",
            "id": "5474869",
            "version": "::apt",
            "url": " "
        },
        {
            "name": "squirrel3",
            "action": "delete",
            "id": "5475279",
            "version": "::apt",
            "url": " "
        }
    ]
}
08:44:03 INFO  Started operation: {'creationTime': '2022-05-04T08:44:03.746Z', 'deviceName': 'mythicb', 'deviceId': '18347006', 'self': 'https://t493319102.eu-latest.cumulocity.com/devicecontrol/operations/18369990', 'id': '18369990', 'status': 'PENDING', 'description': "Apply software changes, triggered from PySys: [{'action': 'delete', 'id': '5475369', 'name': 'asciijump', 'url': ' ', 'version': '::apt'}, {'action': 'delete', 'id': '5474869', 'name': 'robotfindskitten', 'url': ' ', 'version': '::apt'}, {'action': 'delete', 'id': '5475279', 'name': 'squirrel3', 'url': ' ', 'version': '::apt'}]", 'c8y_SoftwareUpdate': [{'name': 'asciijump', 'action': 'delete', 'id': '5475369', 'version': '::apt', 'url': ' '}, {'name': 'robotfindskitten', 'action': 'delete', 'id': '5474869', 'version': '::apt', 'url': ' '}, {'name': 'squirrel3', 'action': 'delete', 'id': '5475279', 'version': '::apt', 'url': ' '}]}
08:44:06 INFO  State of operation 18369990 : PENDING
08:44:08 INFO  State of operation 18369990 : EXECUTING
08:44:10 INFO  State of operation 18369990 : EXECUTING
08:44:12 INFO  State of operation 18369990 : EXECUTING
08:44:14 INFO  State of operation 18369990 : EXECUTING
08:44:17 INFO  State of operation 18369990 : EXECUTING
08:44:20 INFO  State of operation 18369990 : EXECUTING
08:44:23 INFO  State of operation 18369990 : EXECUTING
08:44:26 INFO  State of operation 18369990 : EXECUTING
08:44:28 INFO  State of operation 18369990 : EXECUTING
08:44:30 INFO  State of operation 18369990 : EXECUTING
08:44:32 INFO  State of operation 18369990 : EXECUTING
08:44:34 INFO  State of operation 18369990 : EXECUTING
08:44:37 INFO  State of operation 18369990 : EXECUTING
08:44:39 INFO  State of operation 18369990 : EXECUTING
08:44:41 INFO  State of operation 18369990 : EXECUTING
08:44:44 INFO  State of operation 18369990 : EXECUTING
08:44:47 INFO  State of operation 18369990 : EXECUTING
08:44:49 INFO  State of operation 18369990 : EXECUTING
08:44:51 INFO  State of operation 18369990 : EXECUTING
08:44:53 INFO  State of operation 18369990 : EXECUTING
08:44:56 INFO  State of operation 18369990 : EXECUTING
08:44:58 INFO  State of operation 18369990 : EXECUTING
08:45:00 INFO  State of operation 18369990 : EXECUTING
08:45:03 INFO  State of operation 18369990 : EXECUTING
08:45:05 INFO  State of operation 18369990 : EXECUTING
08:45:08 INFO  State of operation 18369990 : EXECUTING
08:45:10 INFO  State of operation 18369990 : EXECUTING
08:45:12 INFO  State of operation 18369990 : SUCCESSFUL
08:45:12 INFO  Assert that (False == value) with value=False ... passed
08:45:13 INFO  Assert that (False == value) with value=False ... passed
08:45:13 INFO  Assert that (False == value) with value=False ... passed
08:45:13 INFO  Assert that (False == value) with value=False ... passed
08:45:13 INFO  
08:45:13 INFO  cleanup:
08:45:17 INFO  Executed sudo&lt;tedge_disconnect_c8y&gt;, exit status 0
08:45:18 INFO  Executed systemctl&lt;serv_mapper5&gt;, exit status 3
08:45:18 INFO  
08:45:18 INFO  Test duration: 185.41 secs
08:45:18 INFO  Test final outcome:  FAILED
08:45:18 INFO  Test outcome reason: Assert that (False == value) with value=True
08:45:18 INFO  
</system-out>
	</testcase>
<testcase classname="PySysTest" name="SoftwareManagement.sm_apt_install_remove_multiple">
		<failure message="FAILED: Assert that (False == value) with value=True (+2 other failures)" type="FAILED" />
		<system-out>09:09:04 INFO  ==============================================================
09:09:04 INFO  Id:    SoftwareManagement.sm_apt_install_remove_multiple
09:09:04 INFO  Dir:   software_management_end_to_end/
09:09:04 INFO  Title: Validate end to end behaviour for the apt plugin for multiple packages
09:09:04 INFO  ==============================================================
09:09:04 INFO  Using sw id database: {'asciijump': '5475369', 'robotfindskitten': '5474869', 'squirrel3': '5475279', 'rolldice': '5152439', 'moon-buggy': '5439204', 'apple': '5495053', 'banana': '5494888', 'cherry': '5495382', 'watermelon': '5494510', 'registry': '8018911', 'hello-world': '8021526', 'docker/getting-started': '8021973', 'alpine': '7991792'}
09:09:04 INFO  EnvironmentC8y Setup
09:09:05 INFO  Executed systemctl&lt;serv_mapper1&gt;, exit status 3
09:09:05 INFO  Restarting mosquitto too frequently in the last 10 seconds. It was only up for 5 seconds
09:09:05 INFO  Delaying execution by 6 seconds
09:09:25 INFO  Executed sudo&lt;tedge_connect_c8y&gt;, exit status 0, duration 13 secs
09:09:25 INFO  Executed sudo&lt;tedge_connect_c8y_test&gt;, exit status 0
09:09:26 INFO  Executed systemctl&lt;serv_mosq2&gt;, exit status 0
09:09:27 INFO  Executed systemctl&lt;serv_mapper3&gt;, exit status 0
09:09:29 INFO  State of current operation: SUCCESSFUL
09:09:29 INFO  Assert that (False == value) with value=False ... passed
09:09:29 INFO  Package asciijump is installed
09:09:29 WARN  Assert that (False == value) with value=True ... failed 
09:09:30 INFO  Package squirrel3 is installed
09:09:30 WARN  Assert that (False == value) with value=True ... failed 
09:09:30 INFO  Package robotfindskitten is installed
09:09:30 WARN  Assert that (False == value) with value=True ... failed 
09:09:30 INFO  Response status: 201
09:09:30 INFO  Response to action: {
    "creationTime": "2022-05-04T09:09:30.639Z",
    "deviceName": "mythicb",
    "deviceId": "18347006",
    "self": "https://t493319102.eu-latest.cumulocity.com/devicecontrol/operations/18389321",
    "id": "18389321",
    "status": "PENDING",
    "description": "Apply software changes, triggered from PySys: [{'action': 'install', 'id': '5475369', 'name': 'asciijump', 'url': ' ', 'version': '::apt'}, {'action': 'install', 'id': '5474869', 'name': 'robotfindskitten', 'url': ' ', 'version': '::apt'}, {'action': 'install', 'id': '5475279', 'name': 'squirrel3', 'url': ' ', 'version': '::apt'}]",
    "c8y_SoftwareUpdate": [
        {
            "name": "asciijump",
            "action": "install",
            "id": "5475369",
            "version": "::apt",
            "url": " "
        },
        {
            "name": "robotfindskitten",
            "action": "install",
            "id": "5474869",
            "version": "::apt",
            "url": " "
        },
        {
            "name": "squirrel3",
            "action": "install",
            "id": "5475279",
            "version": "::apt",
            "url": " "
        }
    ]
}
09:09:30 INFO  Started operation: {'creationTime': '2022-05-04T09:09:30.639Z', 'deviceName': 'mythicb', 'deviceId': '18347006', 'self': 'https://t493319102.eu-latest.cumulocity.com/devicecontrol/operations/18389321', 'id': '18389321', 'status': 'PENDING', 'description': "Apply software changes, triggered from PySys: [{'action': 'install', 'id': '5475369', 'name': 'asciijump', 'url': ' ', 'version': '::apt'}, {'action': 'install', 'id': '5474869', 'name': 'robotfindskitten', 'url': ' ', 'version': '::apt'}, {'action': 'install', 'id': '5475279', 'name': 'squirrel3', 'url': ' ', 'version': '::apt'}]", 'c8y_SoftwareUpdate': [{'name': 'asciijump', 'action': 'install', 'id': '5475369', 'version': '::apt', 'url': ' '}, {'name': 'robotfindskitten', 'action': 'install', 'id': '5474869', 'version': '::apt', 'url': ' '}, {'name': 'squirrel3', 'action': 'install', 'id': '5475279', 'version': '::apt', 'url': ' '}]}
09:09:32 INFO  State of operation 18389321 : PENDING
09:09:35 INFO  State of operation 18389321 : EXECUTING
09:09:37 INFO  State of operation 18389321 : EXECUTING
09:09:39 INFO  State of operation 18389321 : EXECUTING
09:09:41 INFO  State of operation 18389321 : EXECUTING
09:09:44 INFO  State of operation 18389321 : EXECUTING
09:09:47 INFO  State of operation 18389321 : EXECUTING
09:09:51 INFO  State of operation 18389321 : EXECUTING
09:09:53 INFO  State of operation 18389321 : EXECUTING
09:09:55 INFO  State of operation 18389321 : EXECUTING
09:09:58 INFO  State of operation 18389321 : EXECUTING
09:10:00 INFO  State of operation 18389321 : EXECUTING
09:10:02 INFO  State of operation 18389321 : EXECUTING
09:10:04 INFO  State of operation 18389321 : EXECUTING
09:10:07 INFO  State of operation 18389321 : SUCCESSFUL
09:10:07 INFO  Assert that (False == value) with value=False ... passed
09:10:07 INFO  Package asciijump is installed
09:10:07 INFO  Assert that (True == value) with value=True ... passed
09:10:07 INFO  Package squirrel3 is installed
09:10:07 INFO  Assert that (True == value) with value=True ... passed
09:10:08 INFO  Package robotfindskitten is installed
09:10:08 INFO  Assert that (True == value) with value=True ... passed
09:10:08 INFO  Response status: 201
09:10:08 INFO  Response to action: {
    "creationTime": "2022-05-04T09:10:08.282Z",
    "deviceName": "mythicb",
    "deviceId": "18347006",
    "self": "https://t493319102.eu-latest.cumulocity.com/devicecontrol/operations/18389335",
    "id": "18389335",
    "status": "PENDING",
    "description": "Apply software changes, triggered from PySys: [{'action': 'delete', 'id': '5475369', 'name': 'asciijump', 'url': ' ', 'version': '::apt'}, {'action': 'delete', 'id': '5474869', 'name': 'robotfindskitten', 'url': ' ', 'version': '::apt'}, {'action': 'delete', 'id': '5475279', 'name': 'squirrel3', 'url': ' ', 'version': '::apt'}]",
    "c8y_SoftwareUpdate": [
        {
            "name": "asciijump",
            "action": "delete",
            "id": "5475369",
            "version": "::apt",
            "url": " "
        },
        {
            "name": "robotfindskitten",
            "action": "delete",
            "id": "5474869",
            "version": "::apt",
            "url": " "
        },
        {
            "name": "squirrel3",
            "action": "delete",
            "id": "5475279",
            "version": "::apt",
            "url": " "
        }
    ]
}
09:10:08 INFO  Started operation: {'creationTime': '2022-05-04T09:10:08.282Z', 'deviceName': 'mythicb', 'deviceId': '18347006', 'self': 'https://t493319102.eu-latest.cumulocity.com/devicecontrol/operations/18389335', 'id': '18389335', 'status': 'PENDING', 'description': "Apply software changes, triggered from PySys: [{'action': 'delete', 'id': '5475369', 'name': 'asciijump', 'url': ' ', 'version': '::apt'}, {'action': 'delete', 'id': '5474869', 'name': 'robotfindskitten', 'url': ' ', 'version': '::apt'}, {'action': 'delete', 'id': '5475279', 'name': 'squirrel3', 'url': ' ', 'version': '::apt'}]", 'c8y_SoftwareUpdate': [{'name': 'asciijump', 'action': 'delete', 'id': '5475369', 'version': '::apt', 'url': ' '}, {'name': 'robotfindskitten', 'action': 'delete', 'id': '5474869', 'version': '::apt', 'url': ' '}, {'name': 'squirrel3', 'action': 'delete', 'id': '5475279', 'version': '::apt', 'url': ' '}]}
09:10:10 INFO  State of operation 18389335 : PENDING
09:10:12 INFO  State of operation 18389335 : EXECUTING
09:10:14 INFO  State of operation 18389335 : EXECUTING
09:10:17 INFO  State of operation 18389335 : EXECUTING
09:10:19 INFO  State of operation 18389335 : EXECUTING
09:10:21 INFO  State of operation 18389335 : EXECUTING
09:10:24 INFO  State of operation 18389335 : EXECUTING
09:10:27 INFO  State of operation 18389335 : EXECUTING
09:10:29 INFO  State of operation 18389335 : EXECUTING
09:10:32 INFO  State of operation 18389335 : EXECUTING
09:10:34 INFO  State of operation 18389335 : EXECUTING
09:10:36 INFO  State of operation 18389335 : EXECUTING
09:10:38 INFO  State of operation 18389335 : EXECUTING
09:10:41 INFO  State of operation 18389335 : EXECUTING
09:10:43 INFO  State of operation 18389335 : EXECUTING
09:10:45 INFO  State of operation 18389335 : EXECUTING
09:10:48 INFO  State of operation 18389335 : EXECUTING
09:10:50 INFO  State of operation 18389335 : EXECUTING
09:10:53 INFO  State of operation 18389335 : EXECUTING
09:10:56 INFO  State of operation 18389335 : EXECUTING
09:10:58 INFO  State of operation 18389335 : EXECUTING
09:11:00 INFO  State of operation 18389335 : EXECUTING
09:11:02 INFO  State of operation 18389335 : EXECUTING
09:11:05 INFO  State of operation 18389335 : EXECUTING
09:11:07 INFO  State of operation 18389335 : EXECUTING
09:11:10 INFO  State of operation 18389335 : EXECUTING
09:11:12 INFO  State of operation 18389335 : EXECUTING
09:11:14 INFO  State of operation 18389335 : EXECUTING
09:11:17 INFO  State of operation 18389335 : EXECUTING
09:11:19 INFO  State of operation 18389335 : SUCCESSFUL
09:11:19 INFO  Assert that (False == value) with value=False ... passed
09:11:19 INFO  Assert that (False == value) with value=False ... passed
09:11:20 INFO  Assert that (False == value) with value=False ... passed
09:11:20 INFO  Assert that (False == value) with value=False ... passed
09:11:20 INFO  
09:11:20 INFO  cleanup:
09:11:24 INFO  Executed sudo&lt;tedge_disconnect_c8y&gt;, exit status 0
09:11:24 INFO  Executed systemctl&lt;serv_mapper5&gt;, exit status 3
09:11:24 INFO  
09:11:24 INFO  Test duration: 140.32 secs
09:11:24 INFO  Test final outcome:  FAILED
09:11:24 INFO  Test outcome reason: Assert that (False == value) with value=True (+2 other failures)
09:11:24 INFO  
</system-out>
	</testcase>
</testsuite><testsuite name="SoftwareManagement.sm_apt_install_remove_multiple_mixed" tests="3" errors="0" failures="2" skipped="1" time="0"><testcase classname="PySysTest" name="SoftwareManagement.sm_apt_install_remove_multiple_mixed">
		<skipped message="SKIPPED: Testing the apt plugin is not supported on this platform.Use parameter -XmyPlatform='container' to enable it" />
		<system-out>08:09:13 INFO  ==============================================================
08:09:13 INFO  Id:    SoftwareManagement.sm_apt_install_remove_multiple_mixed
08:09:13 INFO  Dir:   software_management_end_to_end/
08:09:13 INFO  Title: Validate end to end behaviour for the apt plugin for multiple packages with mixed versions
08:09:13 INFO  ==============================================================
08:09:13 INFO  Testing the apt plugin is not supported on this platform.Use parameter -XmyPlatform='container' to enable it ... skipped
08:09:13 WARN  Aborted test due to SKIPPED outcome
08:09:14 INFO  
08:09:14 INFO  Test duration: 0.02 secs
08:09:14 INFO  Test final outcome:  SKIPPED
08:09:14 INFO  Test outcome reason: Testing the apt plugin is not supported on this platform.Use parameter -XmyPlatform='container' to enable it
08:09:14 INFO  
</system-out>
	</testcase>
<testcase classname="PySysTest" name="SoftwareManagement.sm_apt_install_remove_multiple_mixed">
		<failure message="BLOCKED: SystemError: Timeout while waiting for status SUCCESSFUL or False" type="BLOCKED" />
		<system-out>08:45:18 INFO  ==============================================================
08:45:18 INFO  Id:    SoftwareManagement.sm_apt_install_remove_multiple_mixed
08:45:18 INFO  Dir:   software_management_end_to_end/
08:45:18 INFO  Title: Validate end to end behaviour for the apt plugin for multiple packages with mixed versions
08:45:18 INFO  ==============================================================
08:45:18 INFO  Using sw id database: {'asciijump': '5475369', 'robotfindskitten': '5474869', 'squirrel3': '5475279', 'rolldice': '5152439', 'moon-buggy': '5439204', 'apple': '5495053', 'banana': '5494888', 'cherry': '5495382', 'watermelon': '5494510', 'registry': '8018911', 'hello-world': '8021526', 'docker/getting-started': '8021973', 'alpine': '7991792'}
08:45:18 INFO  EnvironmentC8y Setup
08:45:19 INFO  Executed systemctl&lt;serv_mapper1&gt;, exit status 3
08:45:19 INFO  Restarting mosquitto too frequently in the last 10 seconds. It was only up for 5 seconds
08:45:19 INFO  Delaying execution by 6 seconds
08:45:39 INFO  Executed sudo&lt;tedge_connect_c8y&gt;, exit status 0, duration 14 secs
08:45:39 INFO  Executed sudo&lt;tedge_connect_c8y_test&gt;, exit status 0
08:45:40 INFO  Executed systemctl&lt;serv_mosq2&gt;, exit status 0
08:45:40 INFO  Executed systemctl&lt;serv_mapper3&gt;, exit status 0
08:45:43 INFO  State of current operation: SUCCESSFUL
08:45:43 INFO  Assert that (False == value) with value=False ... passed
08:45:43 INFO  Assert that (False == value) with value=False ... passed
08:45:43 INFO  Assert that (False == value) with value=False ... passed
08:45:43 INFO  Assert that (False == value) with value=False ... passed
08:45:44 INFO  Assert that (False == value) with value=False ... passed
08:45:45 INFO  Response status: 201
08:45:45 INFO  Response to action: {
    "creationTime": "2022-05-04T08:45:45.299Z",
    "deviceName": "mythicb",
    "deviceId": "18347006",
    "self": "https://t493319102.eu-latest.cumulocity.com/devicecontrol/operations/18370007",
    "id": "18370007",
    "status": "PENDING",
    "description": "Apply software changes, triggered from PySys: [{'action': 'install', 'id': '5475369', 'name': 'asciijump', 'url': ' ', 'version': '::apt'}, {'action': 'install', 'id': '5474869', 'name': 'robotfindskitten', 'url': ' ', 'version': ' '}, {'action': 'install', 'id': '5475279', 'name': 'squirrel3', 'url': ' ', 'version': '3.1-7::apt'}, {'action': 'install', 'id': '5152439', 'name': 'rolldice', 'url': ' ', 'version': '1.16-1+b1'}, {'action': 'install', 'id': '5439204', 'name': 'moon-buggy', 'url': ' ', 'version': '1:1.0.51-12'}, {'action': 'install', 'id': '5475369', 'name': 'asciijump', 'url': ' ', 'version': '::apt'}]",
    "c8y_SoftwareUpdate": [
        {
            "name": "asciijump",
            "action": "install",
            "id": "5475369",
            "version": "::apt",
            "url": " "
        },
        {
            "name": "robotfindskitten",
            "action": "install",
            "id": "5474869",
            "version": " ",
            "url": " "
        },
        {
            "name": "squirrel3",
            "action": "install",
            "id": "5475279",
            "version": "3.1-7::apt",
            "url": " "
        },
        {
            "name": "rolldice",
            "action": "install",
            "id": "5152439",
            "version": "1.16-1+b1",
            "url": " "
        },
        {
            "name": "moon-buggy",
            "action": "install",
            "id": "5439204",
            "version": "1:1.0.51-12",
            "url": " "
        },
        {
            "name": "asciijump",
            "action": "install",
            "id": "5475369",
            "version": "::apt",
            "url": " "
        }
    ]
}
08:45:45 INFO  Started operation: {'creationTime': '2022-05-04T08:45:45.299Z', 'deviceName': 'mythicb', 'deviceId': '18347006', 'self': 'https://t493319102.eu-latest.cumulocity.com/devicecontrol/operations/18370007', 'id': '18370007', 'status': 'PENDING', 'description': "Apply software changes, triggered from PySys: [{'action': 'install', 'id': '5475369', 'name': 'asciijump', 'url': ' ', 'version': '::apt'}, {'action': 'install', 'id': '5474869', 'name': 'robotfindskitten', 'url': ' ', 'version': ' '}, {'action': 'install', 'id': '5475279', 'name': 'squirrel3', 'url': ' ', 'version': '3.1-7::apt'}, {'action': 'install', 'id': '5152439', 'name': 'rolldice', 'url': ' ', 'version': '1.16-1+b1'}, {'action': 'install', 'id': '5439204', 'name': 'moon-buggy', 'url': ' ', 'version': '1:1.0.51-12'}, {'action': 'install', 'id': '5475369', 'name': 'asciijump', 'url': ' ', 'version': '::apt'}]", 'c8y_SoftwareUpdate': [{'name': 'asciijump', 'action': 'install', 'id': '5475369', 'version': '::apt', 'url': ' '}, {'name': 'robotfindskitten', 'action': 'install', 'id': '5474869', 'version': ' ', 'url': ' '}, {'name': 'squirrel3', 'action': 'install', 'id': '5475279', 'version': '3.1-7::apt', 'url': ' '}, {'name': 'rolldice', 'action': 'install', 'id': '5152439', 'version': '1.16-1+b1', 'url': ' '}, {'name': 'moon-buggy', 'action': 'install', 'id': '5439204', 'version': '1:1.0.51-12', 'url': ' '}, {'name': 'asciijump', 'action': 'install', 'id': '5475369', 'version': '::apt', 'url': ' '}]}
08:45:47 INFO  State of operation 18370007 : PENDING
08:45:49 INFO  State of operation 18370007 : EXECUTING
08:45:52 INFO  State of operation 18370007 : EXECUTING
08:45:54 INFO  State of operation 18370007 : EXECUTING
08:45:56 INFO  State of operation 18370007 : EXECUTING
08:45:58 INFO  State of operation 18370007 : EXECUTING
08:46:01 INFO  State of operation 18370007 : EXECUTING
08:46:05 INFO  State of operation 18370007 : EXECUTING
08:46:07 INFO  State of operation 18370007 : EXECUTING
08:46:09 INFO  State of operation 18370007 : EXECUTING
08:46:11 INFO  State of operation 18370007 : EXECUTING
08:46:14 INFO  State of operation 18370007 : EXECUTING
08:46:16 INFO  State of operation 18370007 : EXECUTING
08:46:18 INFO  State of operation 18370007 : EXECUTING
08:46:20 INFO  State of operation 18370007 : EXECUTING
08:46:23 INFO  State of operation 18370007 : EXECUTING
08:46:25 INFO  State of operation 18370007 : EXECUTING
08:46:28 INFO  State of operation 18370007 : EXECUTING
08:46:30 INFO  State of operation 18370007 : EXECUTING
08:46:32 INFO  State of operation 18370007 : EXECUTING
08:46:35 INFO  State of operation 18370007 : EXECUTING
08:46:38 INFO  State of operation 18370007 : EXECUTING
08:46:40 INFO  State of operation 18370007 : EXECUTING
08:46:42 INFO  State of operation 18370007 : EXECUTING
08:46:45 INFO  State of operation 18370007 : EXECUTING
08:46:47 INFO  State of operation 18370007 : EXECUTING
08:46:49 INFO  State of operation 18370007 : EXECUTING
08:46:52 INFO  State of operation 18370007 : EXECUTING
08:46:54 INFO  State of operation 18370007 : EXECUTING
08:46:56 INFO  State of operation 18370007 : EXECUTING
08:46:59 INFO  State of operation 18370007 : EXECUTING
08:47:01 INFO  State of operation 18370007 : EXECUTING
08:47:03 INFO  State of operation 18370007 : EXECUTING
08:47:05 INFO  State of operation 18370007 : EXECUTING
08:47:07 INFO  State of operation 18370007 : EXECUTING
08:47:10 INFO  State of operation 18370007 : EXECUTING
08:47:12 INFO  State of operation 18370007 : EXECUTING
08:47:14 INFO  State of operation 18370007 : EXECUTING
08:47:17 INFO  State of operation 18370007 : EXECUTING
08:47:20 INFO  State of operation 18370007 : EXECUTING
08:47:22 INFO  State of operation 18370007 : EXECUTING
08:47:24 INFO  State of operation 18370007 : EXECUTING
08:47:27 INFO  State of operation 18370007 : EXECUTING
08:47:29 INFO  State of operation 18370007 : EXECUTING
08:47:31 INFO  State of operation 18370007 : EXECUTING
08:47:33 INFO  State of operation 18370007 : EXECUTING
08:47:36 INFO  State of operation 18370007 : EXECUTING
08:47:38 INFO  State of operation 18370007 : EXECUTING
08:47:40 INFO  State of operation 18370007 : EXECUTING
08:47:42 INFO  State of operation 18370007 : EXECUTING
08:47:46 INFO  State of operation 18370007 : EXECUTING
08:47:48 INFO  State of operation 18370007 : EXECUTING
08:47:50 INFO  State of operation 18370007 : EXECUTING
08:47:52 INFO  State of operation 18370007 : EXECUTING
08:47:55 INFO  State of operation 18370007 : EXECUTING
08:47:57 INFO  State of operation 18370007 : EXECUTING
08:48:00 INFO  State of operation 18370007 : EXECUTING
08:48:02 INFO  State of operation 18370007 : EXECUTING
08:48:05 INFO  State of operation 18370007 : EXECUTING
08:48:07 INFO  State of operation 18370007 : EXECUTING
08:48:10 INFO  State of operation 18370007 : EXECUTING
08:48:12 WARN  SystemError occurred while running test - Timeout while waiting for status SUCCESSFUL or False
Traceback (most recent call last):
  File "/home/pi/env-pysys/lib/python3.7/site-packages/pysys/baserunner.py", line 1294, in __call__
    self.testObj.execute()
  File "/home/pi/actions-runner/_work/thin-edge.io/thin-edge.io/tests/PySys/software_management_end_to_end/sm_apt_install_remove_multiple_mixed/run.py", line 89, in execute
    self.wait_until_succcess()
  File "/home/pi/actions-runner/_work/thin-edge.io/thin-edge.io/tests/PySys/software_management_end_to_end/environment_sm_management.py", line 324, in wait_until_succcess
    self.wait_until_status("SUCCESSFUL")
  File "/home/pi/actions-runner/_work/thin-edge.io/thin-edge.io/tests/PySys/software_management_end_to_end/environment_sm_management.py", line 381, in wait_until_status
    "Timeout while waiting for status %s or %s" % (status, status2)
SystemError: Timeout while waiting for status SUCCESSFUL or False
08:48:12 WARN  SystemError: Timeout while waiting for status SUCCESSFUL or False ... blocked 
08:48:12 INFO  
08:48:12 INFO  cleanup:
08:48:18 INFO  Executed sudo&lt;tedge_disconnect_c8y&gt;, exit status 0
08:48:19 INFO  Executed systemctl&lt;serv_mapper5&gt;, exit status 3
08:48:19 INFO  
08:48:19 INFO  Test duration: 180.96 secs
08:48:19 INFO  Test final outcome:  BLOCKED
08:48:19 INFO  Test outcome reason: SystemError: Timeout while waiting for status SUCCESSFUL or False
08:48:19 INFO  
</system-out>
	</testcase>
<testcase classname="PySysTest" name="SoftwareManagement.sm_apt_install_remove_multiple_mixed">
		<failure message="BLOCKED: SystemError: Timeout while waiting for status SUCCESSFUL or False (+1 other failures)" type="BLOCKED" />
		<system-out>09:11:25 INFO  ==============================================================
09:11:25 INFO  Id:    SoftwareManagement.sm_apt_install_remove_multiple_mixed
09:11:25 INFO  Dir:   software_management_end_to_end/
09:11:25 INFO  Title: Validate end to end behaviour for the apt plugin for multiple packages with mixed versions
09:11:25 INFO  ==============================================================
09:11:25 INFO  Using sw id database: {'asciijump': '5475369', 'robotfindskitten': '5474869', 'squirrel3': '5475279', 'rolldice': '5152439', 'moon-buggy': '5439204', 'apple': '5495053', 'banana': '5494888', 'cherry': '5495382', 'watermelon': '5494510', 'registry': '8018911', 'hello-world': '8021526', 'docker/getting-started': '8021973', 'alpine': '7991792'}
09:11:25 INFO  EnvironmentC8y Setup
09:11:25 INFO  Executed systemctl&lt;serv_mapper1&gt;, exit status 3
09:11:25 INFO  Restarting mosquitto too frequently in the last 10 seconds. It was only up for 4 seconds
09:11:25 INFO  Delaying execution by 7 seconds
09:11:47 INFO  Executed sudo&lt;tedge_connect_c8y&gt;, exit status 0, duration 14 secs
09:11:48 INFO  Executed sudo&lt;tedge_connect_c8y_test&gt;, exit status 0
09:11:48 INFO  Executed systemctl&lt;serv_mosq2&gt;, exit status 0
09:11:49 INFO  Executed systemctl&lt;serv_mapper3&gt;, exit status 0
09:11:51 INFO  State of current operation: SUCCESSFUL
09:11:51 INFO  Assert that (False == value) with value=False ... passed
09:11:51 INFO  Assert that (False == value) with value=False ... passed
09:11:52 INFO  Assert that (False == value) with value=False ... passed
09:11:52 INFO  Assert that (False == value) with value=False ... passed
09:11:52 INFO  Package moon-buggy is installed
09:11:52 WARN  Assert that (False == value) with value=True ... failed 
09:11:53 INFO  Response status: 201
09:11:53 INFO  Response to action: {
    "creationTime": "2022-05-04T09:11:53.761Z",
    "deviceName": "mythicb",
    "deviceId": "18347006",
    "self": "https://t493319102.eu-latest.cumulocity.com/devicecontrol/operations/18389364",
    "id": "18389364",
    "status": "PENDING",
    "description": "Apply software changes, triggered from PySys: [{'action': 'install', 'id': '5475369', 'name': 'asciijump', 'url': ' ', 'version': '::apt'}, {'action': 'install', 'id': '5474869', 'name': 'robotfindskitten', 'url': ' ', 'version': ' '}, {'action': 'install', 'id': '5475279', 'name': 'squirrel3', 'url': ' ', 'version': '3.1-7::apt'}, {'action': 'install', 'id': '5152439', 'name': 'rolldice', 'url': ' ', 'version': '1.16-1+b1'}, {'action': 'install', 'id': '5439204', 'name': 'moon-buggy', 'url': ' ', 'version': '1:1.0.51-12'}, {'action': 'install', 'id': '5475369', 'name': 'asciijump', 'url': ' ', 'version': '::apt'}]",
    "c8y_SoftwareUpdate": [
        {
            "name": "asciijump",
            "action": "install",
            "id": "5475369",
            "version": "::apt",
            "url": " "
        },
        {
            "name": "robotfindskitten",
            "action": "install",
            "id": "5474869",
            "version": " ",
            "url": " "
        },
        {
            "name": "squirrel3",
            "action": "install",
            "id": "5475279",
            "version": "3.1-7::apt",
            "url": " "
        },
        {
            "name": "rolldice",
            "action": "install",
            "id": "5152439",
            "version": "1.16-1+b1",
            "url": " "
        },
        {
            "name": "moon-buggy",
            "action": "install",
            "id": "5439204",
            "version": "1:1.0.51-12",
            "url": " "
        },
        {
            "name": "asciijump",
            "action": "install",
            "id": "5475369",
            "version": "::apt",
            "url": " "
        }
    ]
}
09:11:53 INFO  Started operation: {'creationTime': '2022-05-04T09:11:53.761Z', 'deviceName': 'mythicb', 'deviceId': '18347006', 'self': 'https://t493319102.eu-latest.cumulocity.com/devicecontrol/operations/18389364', 'id': '18389364', 'status': 'PENDING', 'description': "Apply software changes, triggered from PySys: [{'action': 'install', 'id': '5475369', 'name': 'asciijump', 'url': ' ', 'version': '::apt'}, {'action': 'install', 'id': '5474869', 'name': 'robotfindskitten', 'url': ' ', 'version': ' '}, {'action': 'install', 'id': '5475279', 'name': 'squirrel3', 'url': ' ', 'version': '3.1-7::apt'}, {'action': 'install', 'id': '5152439', 'name': 'rolldice', 'url': ' ', 'version': '1.16-1+b1'}, {'action': 'install', 'id': '5439204', 'name': 'moon-buggy', 'url': ' ', 'version': '1:1.0.51-12'}, {'action': 'install', 'id': '5475369', 'name': 'asciijump', 'url': ' ', 'version': '::apt'}]", 'c8y_SoftwareUpdate': [{'name': 'asciijump', 'action': 'install', 'id': '5475369', 'version': '::apt', 'url': ' '}, {'name': 'robotfindskitten', 'action': 'install', 'id': '5474869', 'version': ' ', 'url': ' '}, {'name': 'squirrel3', 'action': 'install', 'id': '5475279', 'version': '3.1-7::apt', 'url': ' '}, {'name': 'rolldice', 'action': 'install', 'id': '5152439', 'version': '1.16-1+b1', 'url': ' '}, {'name': 'moon-buggy', 'action': 'install', 'id': '5439204', 'version': '1:1.0.51-12', 'url': ' '}, {'name': 'asciijump', 'action': 'install', 'id': '5475369', 'version': '::apt', 'url': ' '}]}
09:11:56 INFO  State of operation 18389364 : PENDING
09:11:58 INFO  State of operation 18389364 : EXECUTING
09:12:00 INFO  State of operation 18389364 : EXECUTING
09:12:02 INFO  State of operation 18389364 : EXECUTING
09:12:04 INFO  State of operation 18389364 : EXECUTING
09:12:07 INFO  State of operation 18389364 : EXECUTING
09:12:10 INFO  State of operation 18389364 : EXECUTING
09:12:13 INFO  State of operation 18389364 : EXECUTING
09:12:15 INFO  State of operation 18389364 : EXECUTING
09:12:17 INFO  State of operation 18389364 : EXECUTING
09:12:20 INFO  State of operation 18389364 : EXECUTING
09:12:22 INFO  State of operation 18389364 : EXECUTING
09:12:24 INFO  State of operation 18389364 : EXECUTING
09:12:26 INFO  State of operation 18389364 : EXECUTING
09:12:29 INFO  State of operation 18389364 : EXECUTING
09:12:31 INFO  State of operation 18389364 : EXECUTING
09:12:33 INFO  State of operation 18389364 : EXECUTING
09:12:36 INFO  State of operation 18389364 : EXECUTING
09:12:39 INFO  State of operation 18389364 : EXECUTING
09:12:41 INFO  State of operation 18389364 : EXECUTING
09:12:43 INFO  State of operation 18389364 : EXECUTING
09:12:45 INFO  State of operation 18389364 : EXECUTING
09:12:48 INFO  State of operation 18389364 : EXECUTING
09:12:50 INFO  State of operation 18389364 : EXECUTING
09:12:53 INFO  State of operation 18389364 : EXECUTING
09:12:55 INFO  State of operation 18389364 : EXECUTING
09:12:58 INFO  State of operation 18389364 : EXECUTING
09:13:00 INFO  State of operation 18389364 : EXECUTING
09:13:03 INFO  State of operation 18389364 : EXECUTING
09:13:05 INFO  State of operation 18389364 : EXECUTING
09:13:07 INFO  State of operation 18389364 : EXECUTING
09:13:10 INFO  State of operation 18389364 : EXECUTING
09:13:12 INFO  State of operation 18389364 : EXECUTING
09:13:14 INFO  State of operation 18389364 : EXECUTING
09:13:16 INFO  State of operation 18389364 : EXECUTING
09:13:19 INFO  State of operation 18389364 : EXECUTING
09:13:21 INFO  State of operation 18389364 : EXECUTING
09:13:23 INFO  State of operation 18389364 : EXECUTING
09:13:26 INFO  State of operation 18389364 : EXECUTING
09:13:29 INFO  State of operation 18389364 : EXECUTING
09:13:31 INFO  State of operation 18389364 : EXECUTING
09:13:34 INFO  State of operation 18389364 : EXECUTING
09:13:36 INFO  State of operation 18389364 : EXECUTING
09:13:38 INFO  State of operation 18389364 : EXECUTING
09:13:41 INFO  State of operation 18389364 : EXECUTING
09:13:43 INFO  State of operation 18389364 : EXECUTING
09:13:45 INFO  State of operation 18389364 : EXECUTING
09:13:47 INFO  State of operation 18389364 : EXECUTING
09:13:50 INFO  State of operation 18389364 : EXECUTING
09:13:53 INFO  State of operation 18389364 : EXECUTING
09:13:56 INFO  State of operation 18389364 : EXECUTING
09:13:58 INFO  State of operation 18389364 : EXECUTING
09:14:01 INFO  State of operation 18389364 : EXECUTING
09:14:03 INFO  State of operation 18389364 : EXECUTING
09:14:05 INFO  State of operation 18389364 : EXECUTING
09:14:07 INFO  State of operation 18389364 : EXECUTING
09:14:10 INFO  State of operation 18389364 : EXECUTING
09:14:13 INFO  State of operation 18389364 : EXECUTING
09:14:15 INFO  State of operation 18389364 : EXECUTING
09:14:17 INFO  State of operation 18389364 : EXECUTING
09:14:19 INFO  State of operation 18389364 : EXECUTING
09:14:21 WARN  SystemError occurred while running test - Timeout while waiting for status SUCCESSFUL or False
Traceback (most recent call last):
  File "/home/pi/env-pysys/lib/python3.7/site-packages/pysys/baserunner.py", line 1294, in __call__
    self.testObj.execute()
  File "/home/pi/actions-runner/_work/thin-edge.io/thin-edge.io/tests/PySys/software_management_end_to_end/sm_apt_install_remove_multiple_mixed/run.py", line 89, in execute
    self.wait_until_succcess()
  File "/home/pi/actions-runner/_work/thin-edge.io/thin-edge.io/tests/PySys/software_management_end_to_end/environment_sm_management.py", line 324, in wait_until_succcess
    self.wait_until_status("SUCCESSFUL")
  File "/home/pi/actions-runner/_work/thin-edge.io/thin-edge.io/tests/PySys/software_management_end_to_end/environment_sm_management.py", line 381, in wait_until_status
    "Timeout while waiting for status %s or %s" % (status, status2)
SystemError: Timeout while waiting for status SUCCESSFUL or False
09:14:22 WARN  SystemError: Timeout while waiting for status SUCCESSFUL or False ... blocked 
09:14:22 INFO  
09:14:22 INFO  cleanup:
09:14:27 INFO  Executed sudo&lt;tedge_disconnect_c8y&gt;, exit status 0
09:14:27 INFO  Executed systemctl&lt;serv_mapper5&gt;, exit status 3
09:14:27 INFO  
09:14:27 INFO  Test duration: 182.92 secs
09:14:27 INFO  Test final outcome:  BLOCKED
09:14:27 INFO  Test outcome reason: SystemError: Timeout while waiting for status SUCCESSFUL or False (+1 other failures)
09:14:27 INFO  
</system-out>
	</testcase>
</testsuite><testsuite name="SoftwareManagement.sm_apt_install_remove_with_version" tests="3" errors="0" failures="0" skipped="1" time="0"><testcase classname="PySysTest" name="SoftwareManagement.sm_apt_install_remove_with_version">
		<skipped message="SKIPPED: Testing the apt plugin is not supported on this platform.Use parameter -XmyPlatform='container' to enable it" />
		<system-out>08:09:14 INFO  ==============================================================
08:09:14 INFO  Id:    SoftwareManagement.sm_apt_install_remove_with_version
08:09:14 INFO  Dir:   software_management_end_to_end/
08:09:14 INFO  Title: Validate end to end behaviour for the apt plugin for packages with version
08:09:14 INFO  ==============================================================
08:09:14 INFO  Testing the apt plugin is not supported on this platform.Use parameter -XmyPlatform='container' to enable it ... skipped
08:09:14 WARN  Aborted test due to SKIPPED outcome
08:09:14 INFO  
08:09:14 INFO  Test duration: 0.04 secs
08:09:14 INFO  Test final outcome:  SKIPPED
08:09:14 INFO  Test outcome reason: Testing the apt plugin is not supported on this platform.Use parameter -XmyPlatform='container' to enable it
08:09:14 INFO  
</system-out>
	</testcase>
<testcase classname="PySysTest" name="SoftwareManagement.sm_apt_install_remove_with_version" />
<testcase classname="PySysTest" name="SoftwareManagement.sm_apt_install_remove_with_version" />
</testsuite><testsuite name="SoftwareManagement.sm_docker_install_remove_multiple" tests="3" errors="0" failures="1" skipped="1" time="0"><testcase classname="SMDockerInstallRemove" name="SoftwareManagement.sm_docker_install_remove_multiple">
		<skipped message="SKIPPED: Testing the apt plugin is not supported on this platform.Use parameter -XmyPlatform='container' to enable it" />
		<system-out>08:09:14 INFO  ==============================================================
08:09:14 INFO  Id:    SoftwareManagement.sm_docker_install_remove_multiple
08:09:14 INFO  Dir:   software_management_end_to_end/
08:09:14 INFO  Title: Validate end to end behaviour for the docker plugin for multiple docker images with mixed versions
08:09:14 INFO  ==============================================================
08:09:14 INFO  Testing the apt plugin is not supported on this platform.Use parameter -XmyPlatform='container' to enable it ... skipped
08:09:14 WARN  Aborted test due to SKIPPED outcome
08:09:14 INFO  
08:09:14 INFO  Test duration: 0.02 secs
08:09:14 INFO  Test final outcome:  SKIPPED
08:09:14 INFO  Test outcome reason: Testing the apt plugin is not supported on this platform.Use parameter -XmyPlatform='container' to enable it
08:09:14 INFO  
</system-out>
	</testcase>
<testcase classname="SMDockerInstallRemove" name="SoftwareManagement.sm_docker_install_remove_multiple" />
<testcase classname="SMDockerInstallRemove" name="SoftwareManagement.sm_docker_install_remove_multiple">
		<failure message="BLOCKED: SystemError: The operation has failed" type="BLOCKED" />
		<system-out>09:17:08 INFO  ==============================================================
09:17:08 INFO  Id:    SoftwareManagement.sm_docker_install_remove_multiple
09:17:08 INFO  Dir:   software_management_end_to_end/
09:17:08 INFO  Title: Validate end to end behaviour for the docker plugin for multiple docker images with mixed versions
09:17:08 INFO  ==============================================================
09:17:08 INFO  Using sw id database: {'asciijump': '5475369', 'robotfindskitten': '5474869', 'squirrel3': '5475279', 'rolldice': '5152439', 'moon-buggy': '5439204', 'apple': '5495053', 'banana': '5494888', 'cherry': '5495382', 'watermelon': '5494510', 'registry': '8018911', 'hello-world': '8021526', 'docker/getting-started': '8021973', 'alpine': '7991792'}
09:17:08 INFO  EnvironmentC8y Setup
09:17:08 INFO  Executed systemctl&lt;serv_mapper1&gt;, exit status 3
09:17:08 INFO  Restarting mosquitto too frequently in the last 10 seconds. It was only up for 4 seconds
09:17:08 INFO  Delaying execution by 7 seconds
09:17:30 INFO  Executed sudo&lt;tedge_connect_c8y&gt;, exit status 0, duration 14 secs
09:17:31 INFO  Executed sudo&lt;tedge_connect_c8y_test&gt;, exit status 0
09:17:31 INFO  Executed systemctl&lt;serv_mosq2&gt;, exit status 0
09:17:32 INFO  Executed systemctl&lt;serv_mapper3&gt;, exit status 0
09:17:34 INFO  State of current operation: SUCCESSFUL
09:17:34 INFO  Response status: 201
09:17:34 INFO  Response to action: {
    "creationTime": "2022-05-04T09:17:34.665Z",
    "deviceName": "mythicb",
    "deviceId": "18347006",
    "self": "https://t493319102.eu-latest.cumulocity.com/devicecontrol/operations/18389443",
    "id": "18389443",
    "status": "PENDING",
    "description": "Apply software changes, triggered from PySys: [{'action': 'install', 'id': '8021526', 'name': 'hello-world', 'url': '', 'version': '::docker'}, {'action': 'install', 'id': '8018911', 'name': 'registry', 'url': '', 'version': '2.6.2::docker'}]",
    "c8y_SoftwareUpdate": [
        {
            "name": "hello-world",
            "action": "install",
            "id": "8021526",
            "version": "::docker",
            "url": ""
        },
        {
            "name": "registry",
            "action": "install",
            "id": "8018911",
            "version": "2.6.2::docker",
            "url": ""
        }
    ]
}
09:17:34 INFO  Started operation: {'creationTime': '2022-05-04T09:17:34.665Z', 'deviceName': 'mythicb', 'deviceId': '18347006', 'self': 'https://t493319102.eu-latest.cumulocity.com/devicecontrol/operations/18389443', 'id': '18389443', 'status': 'PENDING', 'description': "Apply software changes, triggered from PySys: [{'action': 'install', 'id': '8021526', 'name': 'hello-world', 'url': '', 'version': '::docker'}, {'action': 'install', 'id': '8018911', 'name': 'registry', 'url': '', 'version': '2.6.2::docker'}]", 'c8y_SoftwareUpdate': [{'name': 'hello-world', 'action': 'install', 'id': '8021526', 'version': '::docker', 'url': ''}, {'name': 'registry', 'action': 'install', 'id': '8018911', 'version': '2.6.2::docker', 'url': ''}]}
09:17:36 INFO  State of operation 18389443 : PENDING
09:17:39 INFO  State of operation 18389443 : EXECUTING
09:17:41 INFO  State of operation 18389443 : EXECUTING
09:17:43 INFO  State of operation 18389443 : EXECUTING
09:17:45 INFO  State of operation 18389443 : EXECUTING
09:17:48 INFO  State of operation 18389443 : EXECUTING
09:17:50 INFO  State of operation 18389443 : EXECUTING
09:17:53 INFO  State of operation 18389443 : EXECUTING
09:17:55 INFO  State of operation 18389443 : EXECUTING
09:17:57 INFO  State of operation 18389443 : EXECUTING
09:17:59 INFO  State of operation 18389443 : EXECUTING
09:18:02 INFO  State of operation 18389443 : EXECUTING
09:18:04 INFO  State of operation 18389443 : EXECUTING
09:18:07 INFO  State of operation 18389443 : EXECUTING
09:18:09 INFO  State of operation 18389443 : EXECUTING
09:18:11 INFO  State of operation 18389443 : EXECUTING
09:18:14 INFO  State of operation 18389443 : SUCCESSFUL
09:18:15 INFO  Package hello-world is installed
09:18:15 INFO  Package hello-world is installed
09:18:15 INFO  Assert that (True == value) with value=True ... passed
09:18:15 INFO  Package registry is installed
09:18:15 INFO  Assert that (True == value) with value=True ... passed
09:18:15 INFO  Assert that (False == value) with value=False ... passed
09:18:16 INFO  Response status: 201
09:18:16 INFO  Response to action: {
    "creationTime": "2022-05-04T09:18:16.171Z",
    "deviceName": "mythicb",
    "deviceId": "18347006",
    "self": "https://t493319102.eu-latest.cumulocity.com/devicecontrol/operations/18389451",
    "id": "18389451",
    "status": "PENDING",
    "description": "Apply software changes, triggered from PySys: [{'action': 'install', 'id': '8018911', 'name': 'registry', 'url': '', 'version': '2.7.1::docker'}, {'action': 'install', 'id': '7991792', 'name': 'alpine', 'url': '', 'version': '::docker'}]",
    "c8y_SoftwareUpdate": [
        {
            "name": "registry",
            "action": "install",
            "id": "8018911",
            "version": "2.7.1::docker",
            "url": ""
        },
        {
            "name": "alpine",
            "action": "install",
            "id": "7991792",
            "version": "::docker",
            "url": ""
        }
    ]
}
09:18:16 INFO  Started operation: {'creationTime': '2022-05-04T09:18:16.171Z', 'deviceName': 'mythicb', 'deviceId': '18347006', 'self': 'https://t493319102.eu-latest.cumulocity.com/devicecontrol/operations/18389451', 'id': '18389451', 'status': 'PENDING', 'description': "Apply software changes, triggered from PySys: [{'action': 'install', 'id': '8018911', 'name': 'registry', 'url': '', 'version': '2.7.1::docker'}, {'action': 'install', 'id': '7991792', 'name': 'alpine', 'url': '', 'version': '::docker'}]", 'c8y_SoftwareUpdate': [{'name': 'registry', 'action': 'install', 'id': '8018911', 'version': '2.7.1::docker', 'url': ''}, {'name': 'alpine', 'action': 'install', 'id': '7991792', 'version': '::docker', 'url': ''}]}
09:18:18 INFO  State of operation 18389451 : PENDING
09:18:20 INFO  State of operation 18389451 : EXECUTING
09:18:22 INFO  State of operation 18389451 : EXECUTING
09:18:25 INFO  State of operation 18389451 : EXECUTING
09:18:27 INFO  State of operation 18389451 : EXECUTING
09:18:29 INFO  State of operation 18389451 : EXECUTING
09:18:31 INFO  State of operation 18389451 : EXECUTING
09:18:34 INFO  State of operation 18389451 : EXECUTING
09:18:36 INFO  State of operation 18389451 : EXECUTING
09:18:38 INFO  State of operation 18389451 : EXECUTING
09:18:40 INFO  State of operation 18389451 : EXECUTING
09:18:43 INFO  State of operation 18389451 : EXECUTING
09:18:45 INFO  State of operation 18389451 : EXECUTING
09:18:47 INFO  State of operation 18389451 : EXECUTING
09:18:49 INFO  State of operation 18389451 : EXECUTING
09:18:52 INFO  State of operation 18389451 : EXECUTING
09:18:54 INFO  State of operation 18389451 : EXECUTING
09:18:56 INFO  State of operation 18389451 : FAILED
09:18:56 ERROR Stopping as the operation has failed
09:18:56 WARN  SystemError occurred while running test - The operation has failed
Traceback (most recent call last):
  File "/home/pi/env-pysys/lib/python3.7/site-packages/pysys/baserunner.py", line 1294, in __call__
    self.testObj.execute()
  File "/home/pi/actions-runner/_work/thin-edge.io/thin-edge.io/tests/PySys/software_management_end_to_end/sm_docker_install_remove_multiple/run.py", line 91, in execute
    self.wait_until_succcess()
  File "/home/pi/actions-runner/_work/thin-edge.io/thin-edge.io/tests/PySys/software_management_end_to_end/environment_sm_management.py", line 324, in wait_until_succcess
    self.wait_until_status("SUCCESSFUL")
  File "/home/pi/actions-runner/_work/thin-edge.io/thin-edge.io/tests/PySys/software_management_end_to_end/environment_sm_management.py", line 361, in wait_until_status
    raise SystemError("The operation has failed")
SystemError: The operation has failed
09:18:56 WARN  SystemError: The operation has failed ... blocked 
09:18:56 INFO  
09:18:56 INFO  cleanup:
09:18:57 INFO  Response status: 201
09:18:57 INFO  Response to action: {
    "creationTime": "2022-05-04T09:18:56.942Z",
    "deviceName": "mythicb",
    "deviceId": "18347006",
    "self": "https://t493319102.eu-latest.cumulocity.com/devicecontrol/operations/18389459",
    "id": "18389459",
    "status": "PENDING",
    "description": "Apply software changes, triggered from PySys: [{'action': 'delete', 'id': '8018911', 'name': 'registry', 'url': '', 'version': '2.7.1::docker'}, {'action': 'delete', 'id': '7991792', 'name': 'alpine', 'url': '', 'version': '::docker'}, {'action': 'delete', 'id': '8021526', 'name': 'hello-world', 'url': '', 'version': '::docker'}]",
    "c8y_SoftwareUpdate": [
        {
            "name": "registry",
            "action": "delete",
            "id": "8018911",
            "version": "2.7.1::docker",
            "url": ""
        },
        {
            "name": "alpine",
            "action": "delete",
            "id": "7991792",
            "version": "::docker",
            "url": ""
        },
        {
            "name": "hello-world",
            "action": "delete",
            "id": "8021526",
            "version": "::docker",
            "url": ""
        }
    ]
}
[...]
		<system-out>07:59:35 INFO  ==============================================================
07:59:35 INFO  Id:    docker_plugin_update
07:59:35 INFO  Dir:   plugin_docker/
07:59:35 INFO  Title: Validate docker plugin install updates existing containers
07:59:35 INFO  ==============================================================
07:59:35 INFO  Testing the docker plugin is not supported on this platform.To run it, all the test with -XmyPlatform='container' ... skipped
07:59:35 WARN  Aborted test due to SKIPPED outcome
07:59:35 INFO  
07:59:35 INFO  Test duration: 0.02 secs
07:59:35 INFO  Test final outcome:  SKIPPED
07:59:35 INFO  Test outcome reason: Testing the docker plugin is not supported on this platform.To run it, all the test with -XmyPlatform='container'
07:59:35 INFO  
</system-out>
	</testcase>
<testcase classname="DockerPluginUpdateTest" name="docker_plugin_update" />
</testsuite><testsuite name="invalid_device_id" tests="1" errors="0" failures="0" skipped="0" time="0"><testcase classname="InvalidDeviceId" name="invalid_device_id" />
</testsuite><testsuite name="local_mqtt_pub_fail_noqos" tests="1" errors="0" failures="0" skipped="0" time="0"><testcase classname="PySysTest" name="local_mqtt_pub_fail_noqos" />
</testsuite><testsuite name="local_mqtt_pub_fail_qos0" tests="1" errors="0" failures="0" skipped="0" time="0"><testcase classname="PySysTest" name="local_mqtt_pub_fail_qos0" />
</testsuite><testsuite name="local_mqtt_pub_fail_qos1" tests="1" errors="0" failures="0" skipped="0" time="0"><testcase classname="PySysTest" name="local_mqtt_pub_fail_qos1" />
</testsuite><testsuite name="local_mqtt_pub_fail_qos2" tests="1" errors="0" failures="0" skipped="0" time="0"><testcase classname="PySysTest" name="local_mqtt_pub_fail_qos2" />
</testsuite><testsuite name="local_mqtt_pub_sub" tests="1" errors="0" failures="0" skipped="0" time="0"><testcase classname="PySysTest" name="local_mqtt_pub_sub" />
</testsuite><testsuite name="local_mqtt_pub_sub_retain" tests="1" errors="0" failures="1" skipped="0" time="0"><testcase classname="MqttPublishWithRetain" name="local_mqtt_pub_sub_retain">
		<failure message="FAILED: Grep on temp_sensor_sub.out contains &quot;\[test/alarms/temp_sensor\] alarm msg 2&quot; (+1 other failures)" type="FAILED" />
		<system-out>07:57:14 INFO  ==============================================================
07:57:14 INFO  Id:    local_mqtt_pub_sub_retain
07:57:14 INFO  Dir:   local_mqtt/
07:57:14 INFO  Title: Validate local publishing with retain flag
07:57:14 INFO  ==============================================================
07:57:14 INFO  Executed tedge&lt;pub_to_set_alarm&gt;, exit status 0
07:57:15 INFO  Executed tedge&lt;pub_to_set_alarm&gt;, exit status 0
07:57:16 INFO  Started tedge&lt;temp_sensor_sub&gt; with process id 4936
07:57:16 INFO  Executed tedge&lt;pub_to_clear_alarm&gt;, exit status 0
07:57:18 INFO  Executed sudo&lt;kill_out&gt;, exit status 0
07:57:18 INFO  Executed tedge&lt;pub_to_clear_alarm&gt;, exit status 0
07:57:18 INFO  Started tedge&lt;temp_sensor_empty_message&gt; with process id 4942
07:57:20 INFO  Executed sudo&lt;kill_out&gt;, exit status 0
07:57:20 WARN  Grep on temp_sensor_sub.out contains "\[test/alarms/temp_sensor\] alarm msg 2" ... failed [run.py:139]
07:57:20 WARN  Grep on temp_sensor_sub.out contains "\[test/alarms/temp_sensor\] " ... failed [run.py:142]
07:57:20 INFO  Grep on file temp_sensor_empty_message.out ... passed
07:57:20 INFO  
07:57:20 INFO  Test duration: 6.14 secs
07:57:20 INFO  Test final outcome:  FAILED
07:57:20 INFO  Test outcome reason: Grep on temp_sensor_sub.out contains "\[test/alarms/temp_sensor\] alarm msg 2" (+1 other failures)
07:57:20 INFO  
</system-out>
	</testcase>
</testsuite><testsuite name="local_mqtt_pub_sub_with_sudo" tests="1" errors="0" failures="0" skipped="0" time="0"><testcase classname="PySysTest" name="local_mqtt_pub_sub_with_sudo" />
</testsuite><testsuite name="local_mqtt_sub_fail" tests="1" errors="0" failures="0" skipped="0" time="0"><testcase classname="PySysTest" name="local_mqtt_sub_fail" />
</testsuite><testsuite name="log_request_error_messages" tests="1" errors="0" failures="0" skipped="1" time="0"><testcase classname="LogRequestVerifySearchTextError" name="log_request_error_messages">
		<skipped message="SKIPPED: Test execution disabled due to #1123" />
		<system-out>07:57:25 INFO  ==============================================================
07:57:25 INFO  Id:    log_request_error_messages
07:57:25 INFO  Dir:   log_request_end_to_end/
07:57:25 INFO  Title: Validate end to end behaviour for the log request operation check for error messages
07:57:25 INFO  ==============================================================
07:57:26 INFO  Test execution disabled due to #1123 ... skipped
07:57:26 INFO  
07:57:26 INFO  Test duration: 1.37 secs
07:57:26 INFO  Test final outcome:  SKIPPED
07:57:26 INFO  Test outcome reason: Test execution disabled due to #1123
07:57:26 INFO  
</system-out>
	</testcase>
</testsuite><testsuite name="log_request_num_lines" tests="1" errors="0" failures="1" skipped="0" time="0"><testcase classname="LogRequestVerifyNumberOfLines" name="log_request_num_lines">
		<failure message="FAILED: Assert that (True == value) with value=False" type="FAILED" />
		<system-out>07:57:26 INFO  ==============================================================
07:57:26 INFO  Id:    log_request_num_lines
07:57:26 INFO  Dir:   log_request_end_to_end/
07:57:26 INFO  Title: Validate end to end behaviour for the log request operation check for number of lines
07:57:26 INFO  ==============================================================
07:57:26 INFO  EnvironmentC8y Setup
07:57:27 INFO  Executed systemctl&lt;serv_mapper1&gt;, exit status 3
07:57:27 INFO  Restarting mosquitto too frequently in the last 10 seconds. It was only up for 3 seconds
07:57:27 INFO  Delaying execution by 8 seconds
07:57:49 INFO  Executed sudo&lt;tedge_connect_c8y&gt;, exit status 0, duration 14 secs
07:57:50 INFO  Executed sudo&lt;tedge_connect_c8y_test&gt;, exit status 0
07:57:50 INFO  Executed systemctl&lt;serv_mosq2&gt;, exit status 0
07:57:50 INFO  Executed systemctl&lt;serv_mapper3&gt;, exit status 0
07:57:51 INFO  Executed sudo&lt;rm_logs&gt;, exit status 0
07:57:52 INFO  Executed sudo&lt;move_logs&gt;, exit status 0
07:57:52 INFO  log response None
07:57:52 WARN  retry, retrying in 1 seconds...
07:57:53 INFO  log response https://thin-edge-io.eu-latest.cumulocity.com/event/events/18337036/binaries
07:57:54 INFO  nlines 0
07:57:54 WARN  Assert that (True == value) with value=False ... failed [run.py:44]
07:57:54 INFO  
07:57:54 INFO  cleanup:
07:57:54 INFO  Executed sudo&lt;rm_logs&gt;, exit status 0
07:57:55 INFO  Executed sudo&lt;rm_tmp_logs&gt;, exit status 0
07:57:55 INFO  Executed sudo&lt;send_failed&gt;, exit status 0
07:58:00 INFO  Executed sudo&lt;tedge_disconnect_c8y&gt;, exit status 0
07:58:00 INFO  Executed systemctl&lt;serv_mapper5&gt;, exit status 3
07:58:00 INFO  
07:58:00 INFO  Test duration: 34.12 secs
07:58:00 INFO  Test final outcome:  FAILED
07:58:00 INFO  Test outcome reason: Assert that (True == value) with value=False
07:58:00 INFO  
</system-out>
	</testcase>
</testsuite><testsuite name="mapper_awaits_before_reconnect" tests="1" errors="0" failures="0" skipped="0" time="0"><testcase classname="MapperReconnectAwait" name="mapper_awaits_before_reconnect" />
</testsuite><testsuite name="monitoring_smaller_interval" tests="1" errors="0" failures="0" skipped="1" time="0"><testcase classname="MonitoringSmallInterval" name="monitoring_smaller_interval">
		<skipped message="SKIPPED: Fails due to retained message" />
		<system-out>07:59:29 INFO  ==============================================================
07:59:29 INFO  Id:    monitoring_smaller_interval
07:59:29 INFO  Dir:   monitoring/
07:59:29 INFO  Title: Validate the tedge dm agent messages that are produced with smaller sampling interval than the batching window. Here the simulated collectd messages are used
07:59:29 INFO  ==============================================================
07:59:29 INFO  Fails due to retained message ... skipped
07:59:29 INFO  
07:59:29 INFO  Test duration: 0.03 secs
07:59:29 INFO  Test final outcome:  SKIPPED
07:59:29 INFO  Test outcome reason: Fails due to retained message
07:59:29 INFO  
</system-out>
	</testcase>
</testsuite><testsuite name="monitoring_with_collectd" tests="1" errors="0" failures="0" skipped="1" time="0"><testcase classname="MonitoringWithCollectd" name="monitoring_with_collectd">
		<skipped message="SKIPPED: Test execution disabled due to #792 (instable)" />
		<system-out>07:59:29 INFO  ==============================================================
07:59:29 INFO  Id:    monitoring_with_collectd
07:59:29 INFO  Dir:   monitoring/
07:59:29 INFO  Title: Validate tedge dm agent messages that are produced by batching the collectd messages
07:59:29 INFO  ==============================================================
07:59:29 INFO  Test execution disabled due to #792 (instable) ... skipped
07:59:29 INFO  
07:59:29 INFO  Test duration: 0.04 secs
07:59:29 INFO  Test final outcome:  SKIPPED
07:59:29 INFO  Test outcome reason: Test execution disabled due to #792 (instable)
07:59:29 INFO  
</system-out>
	</testcase>
</testsuite><testsuite name="monitoring_with_simulated_messages" tests="1" errors="0" failures="0" skipped="1" time="0"><testcase classname="MonitoringWithSimulatedMessages" name="monitoring_with_simulated_messages">
		<skipped message="SKIPPED: Fails due to retained message" />
		<system-out>07:59:29 INFO  ==============================================================
07:59:29 INFO  Id:    monitoring_with_simulated_messages
07:59:29 INFO  Dir:   monitoring/
07:59:29 INFO  Title: Validate the tedge dm agent messages that are produced from the simulated collectd messages
07:59:29 INFO  ==============================================================
07:59:29 INFO  Fails due to retained message ... skipped
07:59:29 INFO  
07:59:29 INFO  Test duration: 0.02 secs
07:59:29 INFO  Test final outcome:  SKIPPED
07:59:29 INFO  Test outcome reason: Fails due to retained message
07:59:29 INFO  
</system-out>
	</testcase>
</testsuite><testsuite name="mqtt_port_change_connection_fails" tests="1" errors="0" failures="0" skipped="0" time="0"><testcase classname="MqttPortChangeConnectionFails" name="mqtt_port_change_connection_fails" />
</testsuite><testsuite name="mqtt_port_change_connection_works" tests="1" errors="0" failures="0" skipped="1" time="0"><testcase classname="MqttPortChangeConnectionWorks" name="mqtt_port_change_connection_works">
		<skipped message="SKIPPED: failing intermitently" />
		<system-out>07:58:35 INFO  ==============================================================
07:58:35 INFO  Id:    mqtt_port_change_connection_works
07:58:35 INFO  Dir:   misc_features/
07:58:35 INFO  Title: mqtt port change connection works for all the thin-edge services that use the mosquitto broker
07:58:35 INFO  ==============================================================
07:58:35 INFO  failing intermitently ... skipped
07:58:35 INFO  
07:58:35 INFO  Test duration: 0.02 secs
07:58:35 INFO  Test final outcome:  SKIPPED
07:58:35 INFO  Test outcome reason: failing intermitently
07:58:35 INFO  
</system-out>
	</testcase>
</testsuite><testsuite name="mqtt_port_set" tests="1" errors="0" failures="0" skipped="0" time="0"><testcase classname="MqttPortSet" name="mqtt_port_set" />
</testsuite><testsuite name="mqtt_port_unset" tests="1" errors="0" failures="0" skipped="0" time="0"><testcase classname="MqttPortUnSet" name="mqtt_port_unset" />
</testsuite><testsuite name="publish_flux" tests="1" errors="0" failures="0" skipped="0" time="0"><testcase classname="PublishFlux" name="publish_flux" />
</testsuite><testsuite name="publish_sawmill" tests="1" errors="0" failures="0" skipped="0" time="0"><testcase classname="PublishSawmill" name="publish_sawmill" />
</testsuite><testsuite name="pysys_block" tests="1" errors="0" failures="0" skipped="1" time="0"><testcase classname="Fail" name="pysys_block">
		<skipped message="SKIPPED: Enable this to observe a blocking test" />
		<system-out>07:58:57 INFO  ==============================================================
07:58:57 INFO  Id:    pysys_block
07:58:57 INFO  Dir:   misc_features/
07:58:57 INFO  Title: fail
07:58:57 INFO  ==============================================================
07:58:57 INFO  Enable this to observe a blocking test ... skipped
07:58:57 INFO  
07:58:57 INFO  Test duration: 0.02 secs
07:58:57 INFO  Test final outcome:  SKIPPED
07:58:57 INFO  Test outcome reason: Enable this to observe a blocking test
07:58:57 INFO  
</system-out>
	</testcase>
</testsuite><testsuite name="pysys_fail" tests="1" errors="0" failures="0" skipped="1" time="0"><testcase classname="Fail" name="pysys_fail">
		<skipped message="SKIPPED: Enable this to observe a failing test" />
		<system-out>07:58:57 INFO  ==============================================================
07:58:57 INFO  Id:    pysys_fail
07:58:57 INFO  Dir:   misc_features/
07:58:57 INFO  Title: fail
07:58:57 INFO  ==============================================================
07:58:57 INFO  Enable this to observe a failing test ... skipped
07:58:57 INFO  
07:58:57 INFO  Test duration: 0.01 secs
07:58:57 INFO  Test final outcome:  SKIPPED
07:58:57 INFO  Test outcome reason: Enable this to observe a failing test
07:58:57 INFO  
</system-out>
	</testcase>
</testsuite><testsuite name="runtime_start_two_mappers" tests="1" errors="0" failures="0" skipped="1" time="0"><testcase classname="RuntimeMultiMappers" name="runtime_start_two_mappers">
		<skipped message="SKIPPED: Test execution disabled due to #1124" />
		<system-out>08:12:52 INFO  ==============================================================
08:12:52 INFO  Id:    runtime_start_two_mappers
08:12:52 INFO  Dir:   tedge_mapper_c8y/
08:12:52 INFO  Title: Validate two mappers can't be started at the same time
08:12:52 INFO  ==============================================================
08:12:52 INFO  Test execution disabled due to #1124 ... skipped
08:12:52 INFO  
08:12:52 INFO  Test duration: 0.02 secs
08:12:52 INFO  Test final outcome:  SKIPPED
08:12:52 INFO  Test outcome reason: Test execution disabled due to #1124
08:12:52 INFO  
</system-out>
	</testcase>
</testsuite><testsuite name="sm_tedge_mapper_init_session" tests="1" errors="0" failures="0" skipped="0" time="0"><testcase classname="TedgeSMMapperInitSession" name="sm_tedge_mapper_init_session" />
</testsuite><testsuite name="smoketest_json" tests="1" errors="0" failures="0" skipped="0" time="0"><testcase classname="SmokeTestJson" name="smoketest_json" />
</testsuite><testsuite name="smoketest_json_400_samples_10ms" tests="1" errors="0" failures="0" skipped="0" time="0"><testcase classname="SmoketestJson400Samples10ms" name="smoketest_json_400_samples_10ms" />
</testsuite><testsuite name="smoketest_json_400_samples_20ms" tests="1" errors="0" failures="0" skipped="0" time="0"><testcase classname="SmoketestJson400Samples20ms" name="smoketest_json_400_samples_20ms" />
</testsuite><testsuite name="smoketest_smartrest" tests="1" errors="0" failures="0" skipped="0" time="0"><testcase classname="SmoketestSmartRest" name="smoketest_smartrest" />
</testsuite><testsuite name="smoketest_smartrest_200_samples_1Xms" tests="1" errors="0" failures="0" skipped="0" time="0"><testcase classname="SmoketestSmartRest200Samples1Xms" name="smoketest_smartrest_200_samples_1Xms" />
</testsuite><testsuite name="smoketest_smartrest_200_samples_20ms" tests="1" errors="0" failures="0" skipped="0" time="0"><testcase classname="SmoketestSmartRest200Samples20ms" name="smoketest_smartrest_200_samples_20ms" />
</testsuite><testsuite name="tedge_agent_user_sudo_access" tests="1" errors="0" failures="0" skipped="1" time="0"><testcase classname="TedgeAgentUserSudoAccess" name="tedge_agent_user_sudo_access">
		<skipped message="SKIPPED: #955 Observation: Exit code of the apt plugin when called with no arguments" />
		<system-out>08:09:41 INFO  ==============================================================
08:09:41 INFO  Id:    tedge_agent_user_sudo_access
08:09:41 INFO  Dir:   tedge/
08:09:41 INFO  Title: Validate tedge-agent user has a limited sudo right
08:09:41 INFO  ==============================================================
08:09:41 INFO  #955 Observation: Exit code of the apt plugin when called with no arguments ... skipped
08:09:41 INFO  
08:09:41 INFO  Test duration: 0.04 secs
08:09:41 INFO  Test final outcome:  SKIPPED
08:09:41 INFO  Test outcome reason: #955 Observation: Exit code of the apt plugin when called with no arguments
08:09:41 INFO  
</system-out>
	</testcase>
</testsuite><testsuite name="tedge_connect_test_negative" tests="1" errors="0" failures="0" skipped="0" time="0"><testcase classname="TedgeConnectTestNegative" name="tedge_connect_test_negative" />
</testsuite><testsuite name="tedge_connect_test_positive" tests="1" errors="0" failures="0" skipped="0" time="0"><testcase classname="TedgeConnectTestPositive" name="tedge_connect_test_positive" />
</testsuite><testsuite name="tedge_connect_test_sm_services" tests="1" errors="0" failures="0" skipped="0" time="0"><testcase classname="TedgeConnectTestSMServices" name="tedge_connect_test_sm_services" />
</testsuite><testsuite name="tedge_disconnect_test_sm_services" tests="1" errors="0" failures="0" skipped="0" time="0"><testcase classname="TedgeDisConnectTestSMServices" name="tedge_disconnect_test_sm_services" />
</testsuite><testsuite name="tedge_mapper_az_negative" tests="1" errors="0" failures="0" skipped="0" time="0"><testcase classname="TedgeMapperAzError" name="tedge_mapper_az_negative" />
</testsuite><testsuite name="tedge_mapper_az_with_timestamp" tests="1" errors="0" failures="0" skipped="0" time="0"><testcase classname="TedgeMapperAzWithTimestamp" name="tedge_mapper_az_with_timestamp" />
</testsuite><testsuite name="tedge_mapper_az_without_timestamp" tests="1" errors="0" failures="0" skipped="0" time="0"><testcase classname="TedgeMapperAzWithoutTimestamp" name="tedge_mapper_az_without_timestamp" />
</testsuite><testsuite name="tedge_mapper_c8y_alarms" tests="1" errors="0" failures="0" skipped="0" time="0"><testcase classname="TedgeMapperC8yAlarm" name="tedge_mapper_c8y_alarms" />
</testsuite><testsuite name="tedge_mapper_c8y_child_device_measurement" tests="1" errors="0" failures="0" skipped="1" time="0"><testcase classname="TedgeMapperC8yChildDevice" name="tedge_mapper_c8y_child_device_measurement">
		<skipped message="SKIPPED: Test execution disabled due to #1088" />
		<system-out>08:14:03 INFO  ==============================================================
08:14:03 INFO  Id:    tedge_mapper_c8y_child_device_measurement
08:14:03 INFO  Dir:   tedge_mapper_c8y/
08:14:03 INFO  Title: Validate that measurements sent to tedge/measurements/child topic gets mapped as the child device's measurement in Cumulocity
08:14:03 INFO  ==============================================================
08:14:03 INFO  Test execution disabled due to #1088 ... skipped
08:14:03 INFO  
08:14:03 INFO  Test duration: 0.04 secs
08:14:03 INFO  Test final outcome:  SKIPPED
08:14:03 INFO  Test outcome reason: Test execution disabled due to #1088
08:14:03 INFO  
</system-out>
	</testcase>
</testsuite><testsuite name="tedge_mapper_c8y_packet_threshold_size" tests="1" errors="0" failures="0" skipped="0" time="0"><testcase classname="TedgeMapperC8yThresholdPacketSize" name="tedge_mapper_c8y_packet_threshold_size" />
</testsuite><testsuite name="tedge_software_update" tests="1" errors="0" failures="0" skipped="0" time="0"><testcase classname="PySysTest" name="tedge_software_update" />
</testsuite><testsuite name="valid_device_id" tests="1" errors="0" failures="0" skipped="0" time="0"><testcase classname="ValidateValidDeviceId" name="valid_device_id" />
</testsuite></testsuites>