<?xml version='1.0' encoding='utf-8'?>
<testsuites tests="149" failures="17" errors="0" skipped="49" time="0.0"><testsuite name="SoftwareManagement.Plugin.apama_plugin_install" tests="3" errors="0" failures="0" skipped="1" time="0"><testcase classname="ApamaPluginInstallTest" name="SoftwareManagement.Plugin.apama_plugin_install">
		<skipped message="SKIPPED: Apama plugin tests are disabled by default. Execute `pysys run` with `-XmyPlatform=container` to run these tests" />
		<system-out>09:09:26 INFO  ==============================================================
09:09:26 INFO  Id:    SoftwareManagement.Plugin.apama_plugin_install
09:09:26 INFO  Dir:   plugin_apama/
09:09:26 INFO  Title: Validate apama plugin install
09:09:26 INFO  ==============================================================
09:09:27 INFO  Apama plugin tests are disabled by default. Execute `pysys run` with `-XmyPlatform=container` to run these tests ... skipped
09:09:27 WARN  Aborted test due to SKIPPED outcome
09:09:27 INFO  
09:09:27 INFO  Test duration: 0.07 secs
09:09:27 INFO  Test final outcome:  SKIPPED
09:09:27 INFO  Test outcome reason: Apama plugin tests are disabled by default. Execute `pysys run` with `-XmyPlatform=container` to run these tests
09:09:27 INFO  
</system-out>
	</testcase>
<testcase classname="ApamaPluginInstallTest" name="SoftwareManagement.Plugin.apama_plugin_install" />
<testcase classname="ApamaPluginInstallTest" name="SoftwareManagement.Plugin.apama_plugin_install" />
</testsuite><testsuite name="SoftwareManagement.Plugin.apama_plugin_mon_support" tests="3" errors="0" failures="0" skipped="1" time="0"><testcase classname="ApamaPluginMonSupportTest" name="SoftwareManagement.Plugin.apama_plugin_mon_support">
		<skipped message="SKIPPED: Apama plugin tests are disabled by default. Execute `pysys run` with `-XmyPlatform=container` to run these tests" />
		<system-out>09:09:27 INFO  ==============================================================
09:09:27 INFO  Id:    SoftwareManagement.Plugin.apama_plugin_mon_support
09:09:27 INFO  Dir:   plugin_apama/
09:09:27 INFO  Title: Validate mon file support of apama plugin
09:09:27 INFO  ==============================================================
09:09:27 INFO  Apama plugin tests are disabled by default. Execute `pysys run` with `-XmyPlatform=container` to run these tests ... skipped
09:09:27 WARN  Aborted test due to SKIPPED outcome
09:09:27 INFO  
09:09:27 INFO  Test duration: 0.02 secs
09:09:27 INFO  Test final outcome:  SKIPPED
09:09:27 INFO  Test outcome reason: Apama plugin tests are disabled by default. Execute `pysys run` with `-XmyPlatform=container` to run these tests
09:09:27 INFO  
</system-out>
	</testcase>
<testcase classname="ApamaPluginMonSupportTest" name="SoftwareManagement.Plugin.apama_plugin_mon_support" />
<testcase classname="ApamaPluginMonSupportTest" name="SoftwareManagement.Plugin.apama_plugin_mon_support" />
</testsuite><testsuite name="SoftwareManagement.Plugin.apama_plugin_remove" tests="3" errors="0" failures="0" skipped="1" time="0"><testcase classname="ApamaPluginRemoveTest" name="SoftwareManagement.Plugin.apama_plugin_remove">
		<skipped message="SKIPPED: Apama plugin tests are disabled by default. Execute `pysys run` with `-XmyPlatform=container` to run these tests" />
		<system-out>09:09:27 INFO  ==============================================================
09:09:27 INFO  Id:    SoftwareManagement.Plugin.apama_plugin_remove
09:09:27 INFO  Dir:   plugin_apama/
09:09:27 INFO  Title: Validate apama plugin remove
09:09:27 INFO  ==============================================================
09:09:27 INFO  Apama plugin tests are disabled by default. Execute `pysys run` with `-XmyPlatform=container` to run these tests ... skipped
09:09:27 WARN  Aborted test due to SKIPPED outcome
09:09:27 INFO  
09:09:27 INFO  Test duration: 0.02 secs
09:09:27 INFO  Test final outcome:  SKIPPED
09:09:27 INFO  Test outcome reason: Apama plugin tests are disabled by default. Execute `pysys run` with `-XmyPlatform=container` to run these tests
09:09:27 INFO  
</system-out>
	</testcase>
<testcase classname="ApamaPluginRemoveTest" name="SoftwareManagement.Plugin.apama_plugin_remove" />
<testcase classname="ApamaPluginRemoveTest" name="SoftwareManagement.Plugin.apama_plugin_remove" />
</testsuite><testsuite name="SoftwareManagement.Plugin.apama_plugin_update" tests="3" errors="0" failures="2" skipped="1" time="0"><testcase classname="ApamaPluginUpdateTest" name="SoftwareManagement.Plugin.apama_plugin_update">
		<skipped message="SKIPPED: Apama plugin tests are disabled by default. Execute `pysys run` with `-XmyPlatform=container` to run these tests" />
		<system-out>09:09:27 INFO  ==============================================================
09:09:27 INFO  Id:    SoftwareManagement.Plugin.apama_plugin_update
09:09:27 INFO  Dir:   plugin_apama/
09:09:27 INFO  Title: Validate apama plugin updating one project with another
09:09:27 INFO  ==============================================================
09:09:27 INFO  Apama plugin tests are disabled by default. Execute `pysys run` with `-XmyPlatform=container` to run these tests ... skipped
09:09:27 WARN  Aborted test due to SKIPPED outcome
09:09:27 INFO  
09:09:27 INFO  Test duration: 0.02 secs
09:09:27 INFO  Test final outcome:  SKIPPED
09:09:27 INFO  Test outcome reason: Apama plugin tests are disabled by default. Execute `pysys run` with `-XmyPlatform=container` to run these tests
09:09:27 INFO  
</system-out>
	</testcase>
<testcase classname="ApamaPluginUpdateTest" name="SoftwareManagement.Plugin.apama_plugin_update">
		<failure message="BLOCKED: sudo&lt;plugin_install&gt; returned non-zero exit code 2" type="BLOCKED" />
		<system-out>10:00:13 INFO  ==============================================================
10:00:13 INFO  Id:    SoftwareManagement.Plugin.apama_plugin_update
10:00:13 INFO  Dir:   plugin_apama/
10:00:13 INFO  Title: Validate apama plugin updating one project with another
10:00:13 INFO  ==============================================================
10:00:13 INFO  Assertion that path exists=False for "/etc/tedge/apama/project" ... passed
10:00:14 INFO  Executed sudo&lt;create_project_dir&gt;, exit status 0
10:00:15 INFO  Executed sudo&lt;unzip_apama_project&gt;, exit status 0
10:00:15 INFO  Executed sudo&lt;move_apama_project&gt;, exit status 0
10:00:16 INFO  Executed sudo&lt;restart_apama_service&gt;, exit status 0
10:00:17 INFO  Executed sudo&lt;apama_correlator_wait&gt;, exit status 0
10:00:17 INFO  Assertion that path exists=True for "/etc/tedge/apama/project" ... passed
10:00:17 INFO  Executed sudo&lt;apama_list_monitors&gt;, exit status 0
10:00:18 INFO  Grep on file /home/pi/actions-runner/_work/thin-edge.io/thin-edge.io/tests/PySys/plugin_apama/apama_plugin_update/Output/linux/apama_list_monitors.out ... passed
10:00:18 WARN  Executed sudo&lt;plugin_install&gt;, exit status 2
10:00:18 INFO  Contents of plugin_install.err: 
  ERROR: Directory not empty (os error 39)
  -----

10:00:18 WARN  sudo&lt;plugin_install&gt; returned non-zero exit code 2 ... blocked [run.py:35]
10:00:18 WARN  Aborted test due to BLOCKED outcome
10:00:18 INFO  
10:00:18 INFO  cleanup:
10:00:18 INFO  Removing apama project
10:00:36 INFO  Executed sudo&lt;stop_apama_service&gt;, exit status 0, duration 17 secs
10:00:37 INFO  Executed sudo&lt;remove_apama_project&gt;, exit status 0
10:00:37 INFO  Executed sudo&lt;remove_apama_tmp_dir&gt;, exit status 0
10:00:37 INFO  
10:00:37 INFO  Test duration: 23.83 secs
10:00:37 INFO  Test final outcome:  BLOCKED
10:00:37 INFO  Test outcome reason: sudo&lt;plugin_install&gt; returned non-zero exit code 2
10:00:37 INFO  
</system-out>
	</testcase>
<testcase classname="ApamaPluginUpdateTest" name="SoftwareManagement.Plugin.apama_plugin_update">
		<failure message="BLOCKED: sudo&lt;plugin_install&gt; returned non-zero exit code 2" type="BLOCKED" />
		<system-out>10:09:06 INFO  ==============================================================
10:09:06 INFO  Id:    SoftwareManagement.Plugin.apama_plugin_update
10:09:06 INFO  Dir:   plugin_apama/
10:09:06 INFO  Title: Validate apama plugin updating one project with another
10:09:06 INFO  ==============================================================
10:09:06 INFO  Assertion that path exists=False for "/etc/tedge/apama/project" ... passed
10:09:07 INFO  Executed sudo&lt;create_project_dir&gt;, exit status 0
10:09:07 INFO  Executed sudo&lt;unzip_apama_project&gt;, exit status 0
10:09:08 INFO  Executed sudo&lt;move_apama_project&gt;, exit status 0
10:09:08 INFO  Executed sudo&lt;restart_apama_service&gt;, exit status 0
10:09:09 INFO  Executed sudo&lt;apama_correlator_wait&gt;, exit status 0
10:09:09 INFO  Assertion that path exists=True for "/etc/tedge/apama/project" ... passed
10:09:10 INFO  Executed sudo&lt;apama_list_monitors&gt;, exit status 0
10:09:10 INFO  Grep on file /home/pi/actions-runner/_work/thin-edge.io/thin-edge.io/tests/PySys/plugin_apama/apama_plugin_update/Output/linux/apama_list_monitors.out ... passed
10:09:11 WARN  Executed sudo&lt;plugin_install&gt;, exit status 2
10:09:11 INFO  Contents of plugin_install.err: 
  ERROR: Directory not empty (os error 39)
  -----

10:09:11 WARN  sudo&lt;plugin_install&gt; returned non-zero exit code 2 ... blocked [run.py:35]
10:09:11 WARN  Aborted test due to BLOCKED outcome
10:09:11 INFO  
10:09:11 INFO  cleanup:
10:09:11 INFO  Removing apama project
10:09:28 INFO  Executed sudo&lt;stop_apama_service&gt;, exit status 0, duration 16 secs
10:09:28 INFO  Executed sudo&lt;remove_apama_project&gt;, exit status 0
10:09:29 INFO  Executed sudo&lt;remove_apama_tmp_dir&gt;, exit status 0
10:09:29 INFO  
10:09:29 INFO  Test duration: 22.66 secs
10:09:29 INFO  Test final outcome:  BLOCKED
10:09:29 INFO  Test outcome reason: sudo&lt;plugin_install&gt; returned non-zero exit code 2
10:09:29 INFO  
</system-out>
	</testcase>
</testsuite><testsuite name="SoftwareManagement.sm_apt_install_download_path" tests="3" errors="0" failures="2" skipped="1" time="0"><testcase classname="AptInstallWithDownloadPath" name="SoftwareManagement.sm_apt_install_download_path">
		<skipped message="SKIPPED: Testing the apt plugin is not supported on this platform.Use parameter -XmyPlatform='container' to enable it" />
		<system-out>09:17:22 INFO  ==============================================================
09:17:22 INFO  Id:    SoftwareManagement.sm_apt_install_download_path
09:17:22 INFO  Dir:   software_management_end_to_end/
09:17:22 INFO  Title: Install package to directory specified in tedge config set tmp.path
09:17:22 INFO  ==============================================================
09:17:22 INFO  Testing the apt plugin is not supported on this platform.Use parameter -XmyPlatform='container' to enable it ... skipped
09:17:22 WARN  Aborted test due to SKIPPED outcome
09:17:22 INFO  
09:17:22 INFO  Test duration: 0.07 secs
09:17:22 INFO  Test final outcome:  SKIPPED
09:17:22 INFO  Test outcome reason: Testing the apt plugin is not supported on this platform.Use parameter -XmyPlatform='container' to enable it
09:17:22 INFO  
</system-out>
	</testcase>
<testcase classname="AptInstallWithDownloadPath" name="SoftwareManagement.sm_apt_install_download_path">
		<failure message="BLOCKED: AssertionError:" type="BLOCKED" />
		<system-out>09:41:46 INFO  ==============================================================
09:41:46 INFO  Id:    SoftwareManagement.sm_apt_install_download_path
09:41:46 INFO  Dir:   software_management_end_to_end/
09:41:46 INFO  Title: Install package to directory specified in tedge config set tmp.path
09:41:46 INFO  ==============================================================
09:41:46 INFO  Using sw id database: {'asciijump': '5475369', 'robotfindskitten': '5474869', 'squirrel3': '5475279', 'rolldice': '5152439', 'moon-buggy': '5439204', 'apple': '5495053', 'banana': '5494888', 'cherry': '5495382', 'watermelon': '5494510', 'registry': '8018911', 'hello-world': '8021526', 'docker/getting-started': '8021973', 'alpine': '7991792'}
09:41:46 INFO  EnvironmentC8y Setup
09:41:47 INFO  Executed systemctl&lt;serv_mapper1&gt;, exit status 3
09:42:02 INFO  Executed sudo&lt;tedge_connect_c8y&gt;, exit status 0, duration 14 secs
09:42:03 INFO  Executed sudo&lt;tedge_connect_c8y_test&gt;, exit status 0
09:42:04 INFO  Executed systemctl&lt;serv_mosq2&gt;, exit status 0
09:42:05 INFO  Executed systemctl&lt;serv_mapper3&gt;, exit status 0
09:42:07 INFO  State of current operation: SUCCESSFUL
09:42:07 INFO  Assert that (False == value) with value=False ... passed
09:42:08 INFO  Executed sudo, exit status 0
09:42:08 INFO  Executed sudo, exit status 0
09:42:09 INFO  Executed sudo, exit status 0
09:42:13 INFO  Executed sudo&lt;tedge_disconnect_c8y&gt;, exit status 0
09:42:13 INFO  Restarting mosquitto too frequently in the last 10 seconds. It was only up for 3 seconds
09:42:13 INFO  Delaying execution by 8 seconds
09:42:35 INFO  Executed sudo&lt;tedge_connect_c8y&gt;, exit status 0, duration 14 secs
09:42:36 INFO  Response status: 201
09:42:36 INFO  Response to action: {
    "creationTime": "2022-04-29T09:42:36.178Z",
    "deviceName": "mythicb",
    "deviceId": "17927032",
    "self": "https://t493319102.eu-latest.cumulocity.com/devicecontrol/operations/17962761",
    "id": "17962761",
    "status": "PENDING",
    "description": "Apply software changes, triggered from PySys: [{'name': 'rolldice', 'id': '5152439', 'version': '::apt', 'url': 'https://thin-edge-io.eu-latest.cumulocity.com/inventory/binaries/12435463', 'action': 'install'}]",
    "c8y_SoftwareUpdate": [
        {
            "name": "rolldice",
            "action": "install",
            "id": "5152439",
            "version": "::apt",
            "url": "https://thin-edge-io.eu-latest.cumulocity.com/inventory/binaries/12435463"
        }
    ]
}
09:42:36 INFO  Started operation: {'creationTime': '2022-04-29T09:42:36.178Z', 'deviceName': 'mythicb', 'deviceId': '17927032', 'self': 'https://t493319102.eu-latest.cumulocity.com/devicecontrol/operations/17962761', 'id': '17962761', 'status': 'PENDING', 'description': "Apply software changes, triggered from PySys: [{'name': 'rolldice', 'id': '5152439', 'version': '::apt', 'url': 'https://thin-edge-io.eu-latest.cumulocity.com/inventory/binaries/12435463', 'action': 'install'}]", 'c8y_SoftwareUpdate': [{'name': 'rolldice', 'action': 'install', 'id': '5152439', 'version': '::apt', 'url': 'https://thin-edge-io.eu-latest.cumulocity.com/inventory/binaries/12435463'}]}
09:42:36 WARN  , retrying in 0.5 seconds...
09:42:36 WARN  , retrying in 0.5 seconds...
09:42:37 WARN  , retrying in 0.5 seconds...
09:42:37 WARN  , retrying in 0.5 seconds...
09:42:38 WARN  , retrying in 0.5 seconds...
09:42:38 WARN  , retrying in 0.5 seconds...
09:42:39 WARN  , retrying in 0.5 seconds...
09:42:39 WARN  , retrying in 0.5 seconds...
09:42:40 WARN  , retrying in 0.5 seconds...
09:42:40 WARN  AssertionError occurred while running test - 
Traceback (most recent call last):
  File "/home/pi/env-pysys/lib/python3.7/site-packages/pysys/baserunner.py", line 1294, in __call__
    self.testObj.execute()
  File "/home/pi/actions-runner/_work/thin-edge.io/thin-edge.io/tests/PySys/software_management_end_to_end/sm_apt_install_download_path/run.py", line 83, in execute
    assert_install_in_download_path(install_directory=self.DOWNLOAD_DIR)
  File "/home/pi/env-pysys/lib/python3.7/site-packages/decorator.py", line 232, in fun
    return caller(func, *(extras + args), **kw)
  File "/home/pi/env-pysys/lib/python3.7/site-packages/retry/api.py", line 74, in retry_decorator
    logger)
  File "/home/pi/env-pysys/lib/python3.7/site-packages/retry/api.py", line 33, in __retry_internal
    return f()
  File "/home/pi/actions-runner/_work/thin-edge.io/thin-edge.io/tests/PySys/software_management_end_to_end/sm_apt_install_download_path/run.py", line 28, in assert_install_in_download_path
    assert "rolldice" in os.listdir(f"{install_directory}")
AssertionError
09:42:41 WARN  AssertionError: ... blocked 
09:42:41 INFO  
09:42:41 INFO  cleanup:
09:42:42 INFO  Executed sudo, exit status 0
09:42:42 INFO  Executed sudo, exit status 0
09:42:46 INFO  Executed sudo&lt;tedge_disconnect_c8y&gt;, exit status 0
09:42:46 INFO  Restarting mosquitto too frequently in the last 10 seconds. It was only up for 3 seconds
09:42:46 INFO  Delaying execution by 8 seconds
09:43:08 INFO  Executed sudo&lt;tedge_connect_c8y&gt;, exit status 0, duration 14 secs
09:43:13 INFO  Executed sudo&lt;tedge_disconnect_c8y&gt;, exit status 0
09:43:13 INFO  Executed systemctl&lt;serv_mapper5&gt;, exit status 3
09:43:13 INFO  
09:43:13 INFO  Test duration: 87.26 secs
09:43:13 INFO  Test final outcome:  BLOCKED
09:43:13 INFO  Test outcome reason: AssertionError:
09:43:13 INFO  
</system-out>
	</testcase>
<testcase classname="AptInstallWithDownloadPath" name="SoftwareManagement.sm_apt_install_download_path">
		<failure message="BLOCKED: AssertionError:" type="BLOCKED" />
		<system-out>10:09:29 INFO  ==============================================================
10:09:29 INFO  Id:    SoftwareManagement.sm_apt_install_download_path
10:09:29 INFO  Dir:   software_management_end_to_end/
10:09:29 INFO  Title: Install package to directory specified in tedge config set tmp.path
10:09:29 INFO  ==============================================================
10:09:30 INFO  Using sw id database: {'asciijump': '5475369', 'robotfindskitten': '5474869', 'squirrel3': '5475279', 'rolldice': '5152439', 'moon-buggy': '5439204', 'apple': '5495053', 'banana': '5494888', 'cherry': '5495382', 'watermelon': '5494510', 'registry': '8018911', 'hello-world': '8021526', 'docker/getting-started': '8021973', 'alpine': '7991792'}
10:09:30 INFO  EnvironmentC8y Setup
10:09:31 INFO  Executed systemctl&lt;serv_mapper1&gt;, exit status 3
10:09:45 INFO  Executed sudo&lt;tedge_connect_c8y&gt;, exit status 0, duration 14 secs
10:09:46 INFO  Executed sudo&lt;tedge_connect_c8y_test&gt;, exit status 0
10:09:46 INFO  Executed systemctl&lt;serv_mosq2&gt;, exit status 0
10:09:47 INFO  Executed systemctl&lt;serv_mapper3&gt;, exit status 0
10:09:49 INFO  State of current operation: SUCCESSFUL
10:09:49 INFO  Assert that (False == value) with value=False ... passed
10:09:50 INFO  Executed sudo, exit status 0
10:09:50 INFO  Executed sudo, exit status 0
10:09:51 INFO  Executed sudo, exit status 0
10:09:55 INFO  Executed sudo&lt;tedge_disconnect_c8y&gt;, exit status 0
10:09:55 INFO  Restarting mosquitto too frequently in the last 10 seconds. It was only up for 3 seconds
10:09:55 INFO  Delaying execution by 8 seconds
10:10:17 INFO  Executed sudo&lt;tedge_connect_c8y&gt;, exit status 0, duration 14 secs
10:10:17 INFO  Response status: 201
10:10:17 INFO  Response to action: {
    "creationTime": "2022-04-29T10:10:17.824Z",
    "deviceName": "mythicb",
    "deviceId": "17927032",
    "self": "https://t493319102.eu-latest.cumulocity.com/devicecontrol/operations/17962917",
    "id": "17962917",
    "status": "PENDING",
    "description": "Apply software changes, triggered from PySys: [{'name': 'rolldice', 'id': '5152439', 'version': '::apt', 'url': 'https://thin-edge-io.eu-latest.cumulocity.com/inventory/binaries/12435463', 'action': 'install'}]",
    "c8y_SoftwareUpdate": [
        {
            "name": "rolldice",
            "action": "install",
            "id": "5152439",
            "version": "::apt",
            "url": "https://thin-edge-io.eu-latest.cumulocity.com/inventory/binaries/12435463"
        }
    ]
}
10:10:17 INFO  Started operation: {'creationTime': '2022-04-29T10:10:17.824Z', 'deviceName': 'mythicb', 'deviceId': '17927032', 'self': 'https://t493319102.eu-latest.cumulocity.com/devicecontrol/operations/17962917', 'id': '17962917', 'status': 'PENDING', 'description': "Apply software changes, triggered from PySys: [{'name': 'rolldice', 'id': '5152439', 'version': '::apt', 'url': 'https://thin-edge-io.eu-latest.cumulocity.com/inventory/binaries/12435463', 'action': 'install'}]", 'c8y_SoftwareUpdate': [{'name': 'rolldice', 'action': 'install', 'id': '5152439', 'version': '::apt', 'url': 'https://thin-edge-io.eu-latest.cumulocity.com/inventory/binaries/12435463'}]}
10:10:17 WARN  , retrying in 0.5 seconds...
10:10:18 WARN  , retrying in 0.5 seconds...
10:10:18 WARN  , retrying in 0.5 seconds...
10:10:19 WARN  , retrying in 0.5 seconds...
10:10:19 WARN  , retrying in 0.5 seconds...
10:10:20 WARN  , retrying in 0.5 seconds...
10:10:20 WARN  , retrying in 0.5 seconds...
10:10:21 WARN  , retrying in 0.5 seconds...
10:10:21 WARN  , retrying in 0.5 seconds...
10:10:22 WARN  AssertionError occurred while running test - 
Traceback (most recent call last):
  File "/home/pi/env-pysys/lib/python3.7/site-packages/pysys/baserunner.py", line 1294, in __call__
    self.testObj.execute()
  File "/home/pi/actions-runner/_work/thin-edge.io/thin-edge.io/tests/PySys/software_management_end_to_end/sm_apt_install_download_path/run.py", line 83, in execute
    assert_install_in_download_path(install_directory=self.DOWNLOAD_DIR)
  File "/home/pi/env-pysys/lib/python3.7/site-packages/decorator.py", line 232, in fun
    return caller(func, *(extras + args), **kw)
  File "/home/pi/env-pysys/lib/python3.7/site-packages/retry/api.py", line 74, in retry_decorator
    logger)
  File "/home/pi/env-pysys/lib/python3.7/site-packages/retry/api.py", line 33, in __retry_internal
    return f()
  File "/home/pi/actions-runner/_work/thin-edge.io/thin-edge.io/tests/PySys/software_management_end_to_end/sm_apt_install_download_path/run.py", line 28, in assert_install_in_download_path
    assert "rolldice" in os.listdir(f"{install_directory}")
AssertionError
10:10:22 WARN  AssertionError: ... blocked 
10:10:22 INFO  
10:10:22 INFO  cleanup:
10:10:22 INFO  Executed sudo, exit status 0
10:10:23 INFO  Executed sudo, exit status 0
10:10:28 INFO  Executed sudo&lt;tedge_disconnect_c8y&gt;, exit status 0
10:10:28 INFO  Restarting mosquitto too frequently in the last 10 seconds. It was only up for 4 seconds
10:10:28 INFO  Delaying execution by 7 seconds
10:10:49 INFO  Executed sudo&lt;tedge_connect_c8y&gt;, exit status 0, duration 13 secs
10:10:53 INFO  Executed sudo&lt;tedge_disconnect_c8y&gt;, exit status 0
10:10:53 INFO  Executed systemctl&lt;serv_mapper5&gt;, exit status 3
10:10:53 INFO  
10:10:53 INFO  Test duration: 84.84 secs
10:10:53 INFO  Test final outcome:  BLOCKED
10:10:53 INFO  Test outcome reason: AssertionError:
10:10:53 INFO  
</system-out>
	</testcase>
</testsuite><testsuite name="SoftwareManagement.sm_apt_install_fail" tests="3" errors="0" failures="0" skipped="1" time="0"><testcase classname="PySysTest" name="SoftwareManagement.sm_apt_install_fail">
		<skipped message="SKIPPED: Testing the apt plugin is not supported on this platform.Use parameter -XmyPlatform='container' to enable it" />
		<system-out>09:17:22 INFO  ==============================================================
09:17:22 INFO  Id:    SoftwareManagement.sm_apt_install_fail
09:17:22 INFO  Dir:   software_management_end_to_end/
09:17:22 INFO  Title: Validate end to end behaviour for a failing installation
09:17:22 INFO  ==============================================================
09:17:22 INFO  Testing the apt plugin is not supported on this platform.Use parameter -XmyPlatform='container' to enable it ... skipped
09:17:22 WARN  Aborted test due to SKIPPED outcome
09:17:22 INFO  
09:17:22 INFO  Test duration: 0.03 secs
09:17:22 INFO  Test final outcome:  SKIPPED
09:17:22 INFO  Test outcome reason: Testing the apt plugin is not supported on this platform.Use parameter -XmyPlatform='container' to enable it
09:17:22 INFO  
</system-out>
	</testcase>
<testcase classname="PySysTest" name="SoftwareManagement.sm_apt_install_fail" />
<testcase classname="PySysTest" name="SoftwareManagement.sm_apt_install_fail" />
</testsuite><testsuite name="SoftwareManagement.sm_apt_install_remove" tests="3" errors="0" failures="0" skipped="1" time="0"><testcase classname="PySysTest" name="SoftwareManagement.sm_apt_install_remove">
		<skipped message="SKIPPED: Testing the apt plugin is not supported on this platform.Use parameter -XmyPlatform='container' to enable it" />
		<system-out>09:17:22 INFO  ==============================================================
09:17:22 INFO  Id:    SoftwareManagement.sm_apt_install_remove
09:17:22 INFO  Dir:   software_management_end_to_end/
09:17:22 INFO  Title: Validate end to end behaviour for the apt plugin for installation and removal of packages
09:17:22 INFO  ==============================================================
09:17:22 INFO  Testing the apt plugin is not supported on this platform.Use parameter -XmyPlatform='container' to enable it ... skipped
09:17:22 WARN  Aborted test due to SKIPPED outcome
09:17:22 INFO  
09:17:22 INFO  Test duration: 0.02 secs
09:17:22 INFO  Test final outcome:  SKIPPED
09:17:22 INFO  Test outcome reason: Testing the apt plugin is not supported on this platform.Use parameter -XmyPlatform='container' to enable it
09:17:22 INFO  
</system-out>
	</testcase>
<testcase classname="PySysTest" name="SoftwareManagement.sm_apt_install_remove" />
<testcase classname="PySysTest" name="SoftwareManagement.sm_apt_install_remove" />
</testsuite><testsuite name="SoftwareManagement.sm_apt_install_remove_default" tests="3" errors="0" failures="0" skipped="1" time="0"><testcase classname="PySysTest" name="SoftwareManagement.sm_apt_install_remove_default">
		<skipped message="SKIPPED: Testing the apt plugin is not supported on this platform.Use parameter -XmyPlatform='container' to enable it" />
		<system-out>09:17:22 INFO  ==============================================================
09:17:22 INFO  Id:    SoftwareManagement.sm_apt_install_remove_default
09:17:22 INFO  Dir:   software_management_end_to_end/
09:17:22 INFO  Title: Validate end to end behaviour for the default plugin for installation and removal of packages
09:17:22 INFO  ==============================================================
09:17:22 INFO  Testing the apt plugin is not supported on this platform.Use parameter -XmyPlatform='container' to enable it ... skipped
09:17:22 WARN  Aborted test due to SKIPPED outcome
09:17:22 INFO  
09:17:22 INFO  Test duration: 0.02 secs
09:17:22 INFO  Test final outcome:  SKIPPED
09:17:22 INFO  Test outcome reason: Testing the apt plugin is not supported on this platform.Use parameter -XmyPlatform='container' to enable it
09:17:22 INFO  
</system-out>
	</testcase>
<testcase classname="PySysTest" name="SoftwareManagement.sm_apt_install_remove_default" />
<testcase classname="PySysTest" name="SoftwareManagement.sm_apt_install_remove_default" />
</testsuite><testsuite name="SoftwareManagement.sm_apt_install_remove_multiple" tests="3" errors="0" failures="2" skipped="1" time="0"><testcase classname="PySysTest" name="SoftwareManagement.sm_apt_install_remove_multiple">
		<skipped message="SKIPPED: Testing the apt plugin is not supported on this platform.Use parameter -XmyPlatform='container' to enable it" />
		<system-out>09:17:22 INFO  ==============================================================
09:17:22 INFO  Id:    SoftwareManagement.sm_apt_install_remove_multiple
09:17:22 INFO  Dir:   software_management_end_to_end/
09:17:22 INFO  Title: Validate end to end behaviour for the apt plugin for multiple packages
09:17:22 INFO  ==============================================================
09:17:22 INFO  Testing the apt plugin is not supported on this platform.Use parameter -XmyPlatform='container' to enable it ... skipped
09:17:22 WARN  Aborted test due to SKIPPED outcome
09:17:22 INFO  
09:17:22 INFO  Test duration: 0.03 secs
09:17:22 INFO  Test final outcome:  SKIPPED
09:17:22 INFO  Test outcome reason: Testing the apt plugin is not supported on this platform.Use parameter -XmyPlatform='container' to enable it
09:17:22 INFO  
</system-out>
	</testcase>
<testcase classname="PySysTest" name="SoftwareManagement.sm_apt_install_remove_multiple">
		<failure message="FAILED: Assert that (False == value) with value=True" type="FAILED" />
		<system-out>09:50:12 INFO  ==============================================================
09:50:12 INFO  Id:    SoftwareManagement.sm_apt_install_remove_multiple
09:50:12 INFO  Dir:   software_management_end_to_end/
09:50:12 INFO  Title: Validate end to end behaviour for the apt plugin for multiple packages
09:50:12 INFO  ==============================================================
09:50:12 INFO  Using sw id database: {'asciijump': '5475369', 'robotfindskitten': '5474869', 'squirrel3': '5475279', 'rolldice': '5152439', 'moon-buggy': '5439204', 'apple': '5495053', 'banana': '5494888', 'cherry': '5495382', 'watermelon': '5494510', 'registry': '8018911', 'hello-world': '8021526', 'docker/getting-started': '8021973', 'alpine': '7991792'}
09:50:12 INFO  EnvironmentC8y Setup
09:50:13 INFO  Executed systemctl&lt;serv_mapper1&gt;, exit status 3
09:50:13 INFO  Restarting mosquitto too frequently in the last 10 seconds. It was only up for 5 seconds
09:50:13 INFO  Delaying execution by 6 seconds
09:50:34 INFO  Executed sudo&lt;tedge_connect_c8y&gt;, exit status 0, duration 14 secs
09:50:34 INFO  Executed sudo&lt;tedge_connect_c8y_test&gt;, exit status 0
09:50:35 INFO  Executed systemctl&lt;serv_mosq2&gt;, exit status 0
09:50:35 INFO  Executed systemctl&lt;serv_mapper3&gt;, exit status 0
09:50:38 INFO  State of current operation: SUCCESSFUL
09:50:38 INFO  Assert that (False == value) with value=False ... passed
09:50:38 INFO  Assert that (False == value) with value=False ... passed
09:50:38 INFO  Assert that (False == value) with value=False ... passed
09:50:38 INFO  Package robotfindskitten is installed
09:50:39 WARN  Assert that (False == value) with value=True ... failed 
09:50:39 INFO  Response status: 201
09:50:39 INFO  Response to action: {
    "delivery": {
        "time": "2022-04-29T09:50:39.204Z",
        "log": [],
        "status": "PENDING"
    },
    "creationTime": "2022-04-29T09:50:39.189Z",
    "deviceName": "mythicb",
    "deviceId": "17927032",
    "self": "https://t493319102.eu-latest.cumulocity.com/devicecontrol/operations/17962825",
    "id": "17962825",
    "status": "PENDING",
    "description": "Apply software changes, triggered from PySys: [{'action': 'install', 'id': '5475369', 'name': 'asciijump', 'url': ' ', 'version': '::apt'}, {'action': 'install', 'id': '5474869', 'name': 'robotfindskitten', 'url': ' ', 'version': '::apt'}, {'action': 'install', 'id': '5475279', 'name': 'squirrel3', 'url': ' ', 'version': '::apt'}]",
    "c8y_SoftwareUpdate": [
        {
            "name": "asciijump",
            "action": "install",
            "id": "5475369",
            "version": "::apt",
            "url": " "
        },
        {
            "name": "robotfindskitten",
            "action": "install",
            "id": "5474869",
            "version": "::apt",
            "url": " "
        },
        {
            "name": "squirrel3",
            "action": "install",
            "id": "5475279",
            "version": "::apt",
            "url": " "
        }
    ]
}
09:50:39 INFO  Started operation: {'delivery': {'time': '2022-04-29T09:50:39.204Z', 'log': [], 'status': 'PENDING'}, 'creationTime': '2022-04-29T09:50:39.189Z', 'deviceName': 'mythicb', 'deviceId': '17927032', 'self': 'https://t493319102.eu-latest.cumulocity.com/devicecontrol/operations/17962825', 'id': '17962825', 'status': 'PENDING', 'description': "Apply software changes, triggered from PySys: [{'action': 'install', 'id': '5475369', 'name': 'asciijump', 'url': ' ', 'version': '::apt'}, {'action': 'install', 'id': '5474869', 'name': 'robotfindskitten', 'url': ' ', 'version': '::apt'}, {'action': 'install', 'id': '5475279', 'name': 'squirrel3', 'url': ' ', 'version': '::apt'}]", 'c8y_SoftwareUpdate': [{'name': 'asciijump', 'action': 'install', 'id': '5475369', 'version': '::apt', 'url': ' '}, {'name': 'robotfindskitten', 'action': 'install', 'id': '5474869', 'version': '::apt', 'url': ' '}, {'name': 'squirrel3', 'action': 'install', 'id': '5475279', 'version': '::apt', 'url': ' '}]}
09:50:41 INFO  State of operation 17962825 : PENDING
09:50:43 INFO  State of operation 17962825 : EXECUTING
09:50:45 INFO  State of operation 17962825 : EXECUTING
09:50:48 INFO  State of operation 17962825 : EXECUTING
09:50:50 INFO  State of operation 17962825 : EXECUTING
09:50:52 INFO  State of operation 17962825 : EXECUTING
09:50:55 INFO  State of operation 17962825 : EXECUTING
09:50:58 INFO  State of operation 17962825 : EXECUTING
09:51:01 INFO  State of operation 17962825 : EXECUTING
09:51:03 INFO  State of operation 17962825 : EXECUTING
09:51:05 INFO  State of operation 17962825 : EXECUTING
09:51:08 INFO  State of operation 17962825 : EXECUTING
09:51:10 INFO  State of operation 17962825 : EXECUTING
09:51:12 INFO  State of operation 17962825 : EXECUTING
09:51:14 INFO  State of operation 17962825 : EXECUTING
09:51:17 INFO  State of operation 17962825 : EXECUTING
09:51:19 INFO  State of operation 17962825 : EXECUTING
09:51:22 INFO  State of operation 17962825 : EXECUTING
09:51:24 INFO  State of operation 17962825 : EXECUTING
09:51:27 INFO  State of operation 17962825 : EXECUTING
09:51:29 INFO  State of operation 17962825 : EXECUTING
09:51:32 INFO  State of operation 17962825 : EXECUTING
09:51:34 INFO  State of operation 17962825 : EXECUTING
09:51:37 INFO  State of operation 17962825 : EXECUTING
09:51:39 INFO  State of operation 17962825 : EXECUTING
09:51:42 INFO  State of operation 17962825 : EXECUTING
09:51:44 INFO  State of operation 17962825 : EXECUTING
09:51:47 INFO  State of operation 17962825 : EXECUTING
09:51:49 INFO  State of operation 17962825 : EXECUTING
09:51:51 INFO  State of operation 17962825 : EXECUTING
09:51:53 INFO  State of operation 17962825 : EXECUTING
09:51:56 INFO  State of operation 17962825 : EXECUTING
09:51:58 INFO  State of operation 17962825 : EXECUTING
09:52:00 INFO  State of operation 17962825 : SUCCESSFUL
09:52:00 INFO  Assert that (False == value) with value=False ... passed
09:52:01 INFO  Package asciijump is installed
09:52:01 INFO  Assert that (True == value) with value=True ... passed
09:52:01 INFO  Package squirrel3 is installed
09:52:01 INFO  Assert that (True == value) with value=True ... passed
09:52:01 INFO  Package robotfindskitten is installed
09:52:01 INFO  Assert that (True == value) with value=True ... passed
09:52:01 INFO  Response status: 201
09:52:01 INFO  Response to action: {
    "delivery": {
        "time": "2022-04-29T09:52:01.792Z",
        "log": [],
        "status": "PENDING"
    },
    "creationTime": "2022-04-29T09:52:01.771Z",
    "deviceName": "mythicb",
    "deviceId": "17927032",
    "self": "https://t493319102.eu-latest.cumulocity.com/devicecontrol/operations/17962837",
    "id": "17962837",
    "status": "PENDING",
    "description": "Apply software changes, triggered from PySys: [{'action': 'delete', 'id': '5475369', 'name': 'asciijump', 'url': ' ', 'version': '::apt'}, {'action': 'delete', 'id': '5474869', 'name': 'robotfindskitten', 'url': ' ', 'version': '::apt'}, {'action': 'delete', 'id': '5475279', 'name': 'squirrel3', 'url': ' ', 'version': '::apt'}]",
    "c8y_SoftwareUpdate": [
        {
            "name": "asciijump",
            "action": "delete",
            "id": "5475369",
            "version": "::apt",
            "url": " "
        },
        {
            "name": "robotfindskitten",
            "action": "delete",
            "id": "5474869",
            "version": "::apt",
            "url": " "
        },
        {
            "name": "squirrel3",
            "action": "delete",
            "id": "5475279",
            "version": "::apt",
            "url": " "
        }
    ]
}
09:52:01 INFO  Started operation: {'delivery': {'time': '2022-04-29T09:52:01.792Z', 'log': [], 'status': 'PENDING'}, 'creationTime': '2022-04-29T09:52:01.771Z', 'deviceName': 'mythicb', 'deviceId': '17927032', 'self': 'https://t493319102.eu-latest.cumulocity.com/devicecontrol/operations/17962837', 'id': '17962837', 'status': 'PENDING', 'description': "Apply software changes, triggered from PySys: [{'action': 'delete', 'id': '5475369', 'name': 'asciijump', 'url': ' ', 'version': '::apt'}, {'action': 'delete', 'id': '5474869', 'name': 'robotfindskitten', 'url': ' ', 'version': '::apt'}, {'action': 'delete', 'id': '5475279', 'name': 'squirrel3', 'url': ' ', 'version': '::apt'}]", 'c8y_SoftwareUpdate': [{'name': 'asciijump', 'action': 'delete', 'id': '5475369', 'version': '::apt', 'url': ' '}, {'name': 'robotfindskitten', 'action': 'delete', 'id': '5474869', 'version': '::apt', 'url': ' '}, {'name': 'squirrel3', 'action': 'delete', 'id': '5475279', 'version': '::apt', 'url': ' '}]}
09:52:04 INFO  State of operation 17962837 : PENDING
09:52:06 INFO  State of operation 17962837 : EXECUTING
09:52:08 INFO  State of operation 17962837 : EXECUTING
09:52:10 INFO  State of operation 17962837 : EXECUTING
09:52:13 INFO  State of operation 17962837 : EXECUTING
09:52:15 INFO  State of operation 17962837 : EXECUTING
09:52:18 INFO  State of operation 17962837 : EXECUTING
09:52:21 INFO  State of operation 17962837 : EXECUTING
09:52:23 INFO  State of operation 17962837 : EXECUTING
09:52:25 INFO  State of operation 17962837 : EXECUTING
09:52:28 INFO  State of operation 17962837 : EXECUTING
09:52:30 INFO  State of operation 17962837 : EXECUTING
09:52:32 INFO  State of operation 17962837 : EXECUTING
09:52:34 INFO  State of operation 17962837 : EXECUTING
09:52:37 INFO  State of operation 17962837 : EXECUTING
09:52:39 INFO  State of operation 17962837 : EXECUTING
09:52:41 INFO  State of operation 17962837 : EXECUTING
09:52:44 INFO  State of operation 17962837 : EXECUTING
09:52:46 INFO  State of operation 17962837 : EXECUTING
09:52:49 INFO  State of operation 17962837 : EXECUTING
09:52:51 INFO  State of operation 17962837 : EXECUTING
09:52:53 INFO  State of operation 17962837 : EXECUTING
09:52:55 INFO  State of operation 17962837 : EXECUTING
09:52:58 INFO  State of operation 17962837 : EXECUTING
09:53:01 INFO  State of operation 17962837 : EXECUTING
09:53:03 INFO  State of operation 17962837 : EXECUTING
09:53:06 INFO  State of operation 17962837 : EXECUTING
09:53:08 INFO  State of operation 17962837 : EXECUTING
09:53:10 INFO  State of operation 17962837 : SUCCESSFUL
09:53:10 INFO  Assert that (False == value) with value=False ... passed
09:53:11 INFO  Assert that (False == value) with value=False ... passed
09:53:11 INFO  Assert that (False == value) with value=False ... passed
09:53:11 INFO  Assert that (False == value) with value=False ... passed
09:53:11 INFO  
09:53:11 INFO  cleanup:
09:53:15 INFO  Executed sudo&lt;tedge_disconnect_c8y&gt;, exit status 0
09:53:16 INFO  Executed systemctl&lt;serv_mapper5&gt;, exit status 3
09:53:16 INFO  
09:53:16 INFO  Test duration: 183.17 secs
09:53:16 INFO  Test final outcome:  FAILED
09:53:16 INFO  Test outcome reason: Assert that (False == value) with value=True
09:53:16 INFO  
</system-out>
	</testcase>
<testcase classname="PySysTest" name="SoftwareManagement.sm_apt_install_remove_multiple">
		<failure message="FAILED: Assert that (False == value) with value=True (+2 other failures)" type="FAILED" />
		<system-out>10:17:55 INFO  ==============================================================
10:17:55 INFO  Id:    SoftwareManagement.sm_apt_install_remove_multiple
10:17:55 INFO  Dir:   software_management_end_to_end/
10:17:55 INFO  Title: Validate end to end behaviour for the apt plugin for multiple packages
10:17:55 INFO  ==============================================================
10:17:55 INFO  Using sw id database: {'asciijump': '5475369', 'robotfindskitten': '5474869', 'squirrel3': '5475279', 'rolldice': '5152439', 'moon-buggy': '5439204', 'apple': '5495053', 'banana': '5494888', 'cherry': '5495382', 'watermelon': '5494510', 'registry': '8018911', 'hello-world': '8021526', 'docker/getting-started': '8021973', 'alpine': '7991792'}
10:17:55 INFO  EnvironmentC8y Setup
10:17:56 INFO  Executed systemctl&lt;serv_mapper1&gt;, exit status 3
10:17:56 INFO  Restarting mosquitto too frequently in the last 10 seconds. It was only up for 5 seconds
10:17:56 INFO  Delaying execution by 6 seconds
10:18:16 INFO  Executed sudo&lt;tedge_connect_c8y&gt;, exit status 0, duration 14 secs
10:18:17 INFO  Executed sudo&lt;tedge_connect_c8y_test&gt;, exit status 0
10:18:17 INFO  Executed systemctl&lt;serv_mosq2&gt;, exit status 0
10:18:18 INFO  Executed systemctl&lt;serv_mapper3&gt;, exit status 0
10:18:20 INFO  State of current operation: SUCCESSFUL
10:18:20 INFO  Assert that (False == value) with value=False ... passed
10:18:21 INFO  Package asciijump is installed
10:18:21 WARN  Assert that (False == value) with value=True ... failed 
10:18:21 INFO  Package squirrel3 is installed
10:18:21 WARN  Assert that (False == value) with value=True ... failed 
10:18:22 INFO  Package robotfindskitten is installed
10:18:22 WARN  Assert that (False == value) with value=True ... failed 
10:18:22 INFO  Response status: 201
10:18:22 INFO  Response to action: {
    "creationTime": "2022-04-29T10:18:22.249Z",
    "deviceName": "mythicb",
    "deviceId": "17927032",
    "self": "https://t493319102.eu-latest.cumulocity.com/devicecontrol/operations/17962981",
    "id": "17962981",
    "status": "PENDING",
    "description": "Apply software changes, triggered from PySys: [{'action': 'install', 'id': '5475369', 'name': 'asciijump', 'url': ' ', 'version': '::apt'}, {'action': 'install', 'id': '5474869', 'name': 'robotfindskitten', 'url': ' ', 'version': '::apt'}, {'action': 'install', 'id': '5475279', 'name': 'squirrel3', 'url': ' ', 'version': '::apt'}]",
    "c8y_SoftwareUpdate": [
        {
            "name": "asciijump",
            "action": "install",
            "id": "5475369",
            "version": "::apt",
            "url": " "
        },
        {
            "name": "robotfindskitten",
            "action": "install",
            "id": "5474869",
            "version": "::apt",
            "url": " "
        },
        {
            "name": "squirrel3",
            "action": "install",
            "id": "5475279",
            "version": "::apt",
            "url": " "
        }
    ]
}
10:18:22 INFO  Started operation: {'creationTime': '2022-04-29T10:18:22.249Z', 'deviceName': 'mythicb', 'deviceId': '17927032', 'self': 'https://t493319102.eu-latest.cumulocity.com/devicecontrol/operations/17962981', 'id': '17962981', 'status': 'PENDING', 'description': "Apply software changes, triggered from PySys: [{'action': 'install', 'id': '5475369', 'name': 'asciijump', 'url': ' ', 'version': '::apt'}, {'action': 'install', 'id': '5474869', 'name': 'robotfindskitten', 'url': ' ', 'version': '::apt'}, {'action': 'install', 'id': '5475279', 'name': 'squirrel3', 'url': ' ', 'version': '::apt'}]", 'c8y_SoftwareUpdate': [{'name': 'asciijump', 'action': 'install', 'id': '5475369', 'version': '::apt', 'url': ' '}, {'name': 'robotfindskitten', 'action': 'install', 'id': '5474869', 'version': '::apt', 'url': ' '}, {'name': 'squirrel3', 'action': 'install', 'id': '5475279', 'version': '::apt', 'url': ' '}]}
10:18:24 INFO  State of operation 17962981 : PENDING
10:18:26 INFO  State of operation 17962981 : EXECUTING
10:18:28 INFO  State of operation 17962981 : EXECUTING
10:18:31 INFO  State of operation 17962981 : EXECUTING
10:18:33 INFO  State of operation 17962981 : EXECUTING
10:18:35 INFO  State of operation 17962981 : EXECUTING
10:18:38 INFO  State of operation 17962981 : EXECUTING
10:18:41 INFO  State of operation 17962981 : EXECUTING
10:18:43 INFO  State of operation 17962981 : EXECUTING
10:18:46 INFO  State of operation 17962981 : EXECUTING
10:18:48 INFO  State of operation 17962981 : EXECUTING
10:18:50 INFO  State of operation 17962981 : EXECUTING
10:18:53 INFO  State of operation 17962981 : EXECUTING
10:18:55 INFO  State of operation 17962981 : EXECUTING
10:18:57 INFO  State of operation 17962981 : EXECUTING
10:18:59 INFO  State of operation 17962981 : SUCCESSFUL
10:19:00 INFO  Assert that (False == value) with value=False ... passed
10:19:00 INFO  Package asciijump is installed
10:19:00 INFO  Assert that (True == value) with value=True ... passed
10:19:00 INFO  Package squirrel3 is installed
10:19:00 INFO  Assert that (True == value) with value=True ... passed
10:19:00 INFO  Package robotfindskitten is installed
10:19:00 INFO  Assert that (True == value) with value=True ... passed
10:19:01 INFO  Response status: 201
10:19:01 INFO  Response to action: {
    "creationTime": "2022-04-29T10:19:01.093Z",
    "deviceName": "mythicb",
    "deviceId": "17927032",
    "self": "https://t493319102.eu-latest.cumulocity.com/devicecontrol/operations/17962991",
    "id": "17962991",
    "status": "PENDING",
    "description": "Apply software changes, triggered from PySys: [{'action': 'delete', 'id': '5475369', 'name': 'asciijump', 'url': ' ', 'version': '::apt'}, {'action': 'delete', 'id': '5474869', 'name': 'robotfindskitten', 'url': ' ', 'version': '::apt'}, {'action': 'delete', 'id': '5475279', 'name': 'squirrel3', 'url': ' ', 'version': '::apt'}]",
    "c8y_SoftwareUpdate": [
        {
            "name": "asciijump",
            "action": "delete",
            "id": "5475369",
            "version": "::apt",
            "url": " "
        },
        {
            "name": "robotfindskitten",
            "action": "delete",
            "id": "5474869",
            "version": "::apt",
            "url": " "
        },
        {
            "name": "squirrel3",
            "action": "delete",
            "id": "5475279",
            "version": "::apt",
            "url": " "
        }
    ]
}
10:19:01 INFO  Started operation: {'creationTime': '2022-04-29T10:19:01.093Z', 'deviceName': 'mythicb', 'deviceId': '17927032', 'self': 'https://t493319102.eu-latest.cumulocity.com/devicecontrol/operations/17962991', 'id': '17962991', 'status': 'PENDING', 'description': "Apply software changes, triggered from PySys: [{'action': 'delete', 'id': '5475369', 'name': 'asciijump', 'url': ' ', 'version': '::apt'}, {'action': 'delete', 'id': '5474869', 'name': 'robotfindskitten', 'url': ' ', 'version': '::apt'}, {'action': 'delete', 'id': '5475279', 'name': 'squirrel3', 'url': ' ', 'version': '::apt'}]", 'c8y_SoftwareUpdate': [{'name': 'asciijump', 'action': 'delete', 'id': '5475369', 'version': '::apt', 'url': ' '}, {'name': 'robotfindskitten', 'action': 'delete', 'id': '5474869', 'version': '::apt', 'url': ' '}, {'name': 'squirrel3', 'action': 'delete', 'id': '5475279', 'version': '::apt', 'url': ' '}]}
10:19:03 INFO  State of operation 17962991 : PENDING
10:19:05 INFO  State of operation 17962991 : EXECUTING
10:19:07 INFO  State of operation 17962991 : EXECUTING
10:19:10 INFO  State of operation 17962991 : EXECUTING
10:19:12 INFO  State of operation 17962991 : EXECUTING
10:19:14 INFO  State of operation 17962991 : EXECUTING
10:19:17 INFO  State of operation 17962991 : EXECUTING
10:19:20 INFO  State of operation 17962991 : EXECUTING
10:19:22 INFO  State of operation 17962991 : EXECUTING
10:19:24 INFO  State of operation 17962991 : EXECUTING
10:19:27 INFO  State of operation 17962991 : EXECUTING
10:19:29 INFO  State of operation 17962991 : EXECUTING
10:19:31 INFO  State of operation 17962991 : EXECUTING
10:19:33 INFO  State of operation 17962991 : EXECUTING
10:19:36 INFO  State of operation 17962991 : EXECUTING
10:19:38 INFO  State of operation 17962991 : EXECUTING
10:19:40 INFO  State of operation 17962991 : EXECUTING
10:19:42 INFO  State of operation 17962991 : EXECUTING
10:19:45 INFO  State of operation 17962991 : EXECUTING
10:19:48 INFO  State of operation 17962991 : EXECUTING
10:19:50 INFO  State of operation 17962991 : EXECUTING
10:19:52 INFO  State of operation 17962991 : EXECUTING
10:19:54 INFO  State of operation 17962991 : EXECUTING
10:19:57 INFO  State of operation 17962991 : EXECUTING
10:19:59 INFO  State of operation 17962991 : EXECUTING
10:20:02 INFO  State of operation 17962991 : EXECUTING
10:20:04 INFO  State of operation 17962991 : EXECUTING
10:20:06 INFO  State of operation 17962991 : EXECUTING
10:20:09 INFO  State of operation 17962991 : EXECUTING
10:20:11 INFO  State of operation 17962991 : SUCCESSFUL
10:20:11 INFO  Assert that (False == value) with value=False ... passed
10:20:11 INFO  Assert that (False == value) with value=False ... passed
10:20:12 INFO  Assert that (False == value) with value=False ... passed
10:20:12 INFO  Assert that (False == value) with value=False ... passed
10:20:12 INFO  
10:20:12 INFO  cleanup:
10:20:16 INFO  Executed sudo&lt;tedge_disconnect_c8y&gt;, exit status 0
10:20:16 INFO  Executed systemctl&lt;serv_mapper5&gt;, exit status 3
10:20:16 INFO  
10:20:16 INFO  Test duration: 141.17 secs
10:20:16 INFO  Test final outcome:  FAILED
10:20:16 INFO  Test outcome reason: Assert that (False == value) with value=True (+2 other failures)
10:20:16 INFO  
</system-out>
	</testcase>
</testsuite><testsuite name="SoftwareManagement.sm_apt_install_remove_multiple_mixed" tests="3" errors="0" failures="2" skipped="1" time="0"><testcase classname="PySysTest" name="SoftwareManagement.sm_apt_install_remove_multiple_mixed">
		<skipped message="SKIPPED: Testing the apt plugin is not supported on this platform.Use parameter -XmyPlatform='container' to enable it" />
		<system-out>09:17:22 INFO  ==============================================================
09:17:22 INFO  Id:    SoftwareManagement.sm_apt_install_remove_multiple_mixed
09:17:22 INFO  Dir:   software_management_end_to_end/
09:17:22 INFO  Title: Validate end to end behaviour for the apt plugin for multiple packages with mixed versions
09:17:22 INFO  ==============================================================
09:17:22 INFO  Testing the apt plugin is not supported on this platform.Use parameter -XmyPlatform='container' to enable it ... skipped
09:17:22 WARN  Aborted test due to SKIPPED outcome
09:17:22 INFO  
09:17:22 INFO  Test duration: 0.03 secs
09:17:22 INFO  Test final outcome:  SKIPPED
09:17:22 INFO  Test outcome reason: Testing the apt plugin is not supported on this platform.Use parameter -XmyPlatform='container' to enable it
09:17:22 INFO  
</system-out>
	</testcase>
<testcase classname="PySysTest" name="SoftwareManagement.sm_apt_install_remove_multiple_mixed">
		<failure message="BLOCKED: SystemError: Timeout while waiting for status SUCCESSFUL or False" type="BLOCKED" />
		<system-out>09:53:16 INFO  ==============================================================
09:53:16 INFO  Id:    SoftwareManagement.sm_apt_install_remove_multiple_mixed
09:53:16 INFO  Dir:   software_management_end_to_end/
09:53:16 INFO  Title: Validate end to end behaviour for the apt plugin for multiple packages with mixed versions
09:53:16 INFO  ==============================================================
09:53:16 INFO  Using sw id database: {'asciijump': '5475369', 'robotfindskitten': '5474869', 'squirrel3': '5475279', 'rolldice': '5152439', 'moon-buggy': '5439204', 'apple': '5495053', 'banana': '5494888', 'cherry': '5495382', 'watermelon': '5494510', 'registry': '8018911', 'hello-world': '8021526', 'docker/getting-started': '8021973', 'alpine': '7991792'}
09:53:16 INFO  EnvironmentC8y Setup
09:53:16 INFO  Executed systemctl&lt;serv_mapper1&gt;, exit status 3
09:53:16 INFO  Restarting mosquitto too frequently in the last 10 seconds. It was only up for 4 seconds
09:53:16 INFO  Delaying execution by 7 seconds
09:53:38 INFO  Executed sudo&lt;tedge_connect_c8y&gt;, exit status 0, duration 14 secs
09:53:38 INFO  Executed sudo&lt;tedge_connect_c8y_test&gt;, exit status 0
09:53:39 INFO  Executed systemctl&lt;serv_mosq2&gt;, exit status 0
09:53:39 INFO  Executed systemctl&lt;serv_mapper3&gt;, exit status 0
09:53:41 INFO  State of current operation: SUCCESSFUL
09:53:42 INFO  Assert that (False == value) with value=False ... passed
09:53:42 INFO  Assert that (False == value) with value=False ... passed
09:53:42 INFO  Assert that (False == value) with value=False ... passed
09:53:42 INFO  Assert that (False == value) with value=False ... passed
09:53:42 INFO  Assert that (False == value) with value=False ... passed
09:53:44 INFO  Response status: 201
09:53:44 INFO  Response to action: {
    "creationTime": "2022-04-29T09:53:44.148Z",
    "deviceName": "mythicb",
    "deviceId": "17927032",
    "self": "https://t493319102.eu-latest.cumulocity.com/devicecontrol/operations/17962849",
    "id": "17962849",
    "status": "PENDING",
    "description": "Apply software changes, triggered from PySys: [{'action': 'install', 'id': '5475369', 'name': 'asciijump', 'url': ' ', 'version': '::apt'}, {'action': 'install', 'id': '5474869', 'name': 'robotfindskitten', 'url': ' ', 'version': ' '}, {'action': 'install', 'id': '5475279', 'name': 'squirrel3', 'url': ' ', 'version': '3.1-7::apt'}, {'action': 'install', 'id': '5152439', 'name': 'rolldice', 'url': ' ', 'version': '1.16-1+b1'}, {'action': 'install', 'id': '5439204', 'name': 'moon-buggy', 'url': ' ', 'version': '1:1.0.51-12'}, {'action': 'install', 'id': '5475369', 'name': 'asciijump', 'url': ' ', 'version': '::apt'}]",
    "c8y_SoftwareUpdate": [
        {
            "name": "asciijump",
            "action": "install",
            "id": "5475369",
            "version": "::apt",
            "url": " "
        },
        {
            "name": "robotfindskitten",
            "action": "install",
            "id": "5474869",
            "version": " ",
            "url": " "
        },
        {
            "name": "squirrel3",
            "action": "install",
            "id": "5475279",
            "version": "3.1-7::apt",
            "url": " "
        },
        {
            "name": "rolldice",
            "action": "install",
            "id": "5152439",
            "version": "1.16-1+b1",
            "url": " "
        },
        {
            "name": "moon-buggy",
            "action": "install",
            "id": "5439204",
            "version": "1:1.0.51-12",
            "url": " "
        },
        {
            "name": "asciijump",
            "action": "install",
            "id": "5475369",
            "version": "::apt",
            "url": " "
        }
    ]
}
09:53:44 INFO  Started operation: {'creationTime': '2022-04-29T09:53:44.148Z', 'deviceName': 'mythicb', 'deviceId': '17927032', 'self': 'https://t493319102.eu-latest.cumulocity.com/devicecontrol/operations/17962849', 'id': '17962849', 'status': 'PENDING', 'description': "Apply software changes, triggered from PySys: [{'action': 'install', 'id': '5475369', 'name': 'asciijump', 'url': ' ', 'version': '::apt'}, {'action': 'install', 'id': '5474869', 'name': 'robotfindskitten', 'url': ' ', 'version': ' '}, {'action': 'install', 'id': '5475279', 'name': 'squirrel3', 'url': ' ', 'version': '3.1-7::apt'}, {'action': 'install', 'id': '5152439', 'name': 'rolldice', 'url': ' ', 'version': '1.16-1+b1'}, {'action': 'install', 'id': '5439204', 'name': 'moon-buggy', 'url': ' ', 'version': '1:1.0.51-12'}, {'action': 'install', 'id': '5475369', 'name': 'asciijump', 'url': ' ', 'version': '::apt'}]", 'c8y_SoftwareUpdate': [{'name': 'asciijump', 'action': 'install', 'id': '5475369', 'version': '::apt', 'url': ' '}, {'name': 'robotfindskitten', 'action': 'install', 'id': '5474869', 'version': ' ', 'url': ' '}, {'name': 'squirrel3', 'action': 'install', 'id': '5475279', 'version': '3.1-7::apt', 'url': ' '}, {'name': 'rolldice', 'action': 'install', 'id': '5152439', 'version': '1.16-1+b1', 'url': ' '}, {'name': 'moon-buggy', 'action': 'install', 'id': '5439204', 'version': '1:1.0.51-12', 'url': ' '}, {'name': 'asciijump', 'action': 'install', 'id': '5475369', 'version': '::apt', 'url': ' '}]}
09:53:46 INFO  State of operation 17962849 : PENDING
09:53:48 INFO  State of operation 17962849 : EXECUTING
09:53:50 INFO  State of operation 17962849 : EXECUTING
09:53:53 INFO  State of operation 17962849 : EXECUTING
09:53:55 INFO  State of operation 17962849 : EXECUTING
09:53:57 INFO  State of operation 17962849 : EXECUTING
09:54:00 INFO  State of operation 17962849 : EXECUTING
09:54:04 INFO  State of operation 17962849 : EXECUTING
09:54:06 INFO  State of operation 17962849 : EXECUTING
09:54:09 INFO  State of operation 17962849 : EXECUTING
09:54:11 INFO  State of operation 17962849 : EXECUTING
09:54:13 INFO  State of operation 17962849 : EXECUTING
09:54:16 INFO  State of operation 17962849 : EXECUTING
09:54:18 INFO  State of operation 17962849 : EXECUTING
09:54:20 INFO  State of operation 17962849 : EXECUTING
09:54:22 INFO  State of operation 17962849 : EXECUTING
09:54:25 INFO  State of operation 17962849 : EXECUTING
09:54:28 INFO  State of operation 17962849 : EXECUTING
09:54:30 INFO  State of operation 17962849 : EXECUTING
09:54:32 INFO  State of operation 17962849 : EXECUTING
09:54:34 INFO  State of operation 17962849 : EXECUTING
09:54:37 INFO  State of operation 17962849 : EXECUTING
09:54:39 INFO  State of operation 17962849 : EXECUTING
09:54:42 INFO  State of operation 17962849 : EXECUTING
09:54:45 INFO  State of operation 17962849 : EXECUTING
09:54:48 INFO  State of operation 17962849 : EXECUTING
09:54:50 INFO  State of operation 17962849 : EXECUTING
09:54:53 INFO  State of operation 17962849 : EXECUTING
09:54:55 INFO  State of operation 17962849 : EXECUTING
09:54:58 INFO  State of operation 17962849 : EXECUTING
09:55:00 INFO  State of operation 17962849 : EXECUTING
09:55:02 INFO  State of operation 17962849 : EXECUTING
09:55:04 INFO  State of operation 17962849 : EXECUTING
09:55:07 INFO  State of operation 17962849 : EXECUTING
09:55:09 INFO  State of operation 17962849 : EXECUTING
09:55:11 INFO  State of operation 17962849 : EXECUTING
09:55:13 INFO  State of operation 17962849 : EXECUTING
09:55:16 INFO  State of operation 17962849 : EXECUTING
09:55:19 INFO  State of operation 17962849 : EXECUTING
09:55:21 INFO  State of operation 17962849 : EXECUTING
09:55:24 INFO  State of operation 17962849 : EXECUTING
09:55:26 INFO  State of operation 17962849 : EXECUTING
09:55:28 INFO  State of operation 17962849 : EXECUTING
09:55:30 INFO  State of operation 17962849 : EXECUTING
09:55:32 INFO  State of operation 17962849 : EXECUTING
09:55:35 INFO  State of operation 17962849 : EXECUTING
09:55:37 INFO  State of operation 17962849 : EXECUTING
09:55:39 INFO  State of operation 17962849 : EXECUTING
09:55:42 INFO  State of operation 17962849 : EXECUTING
09:55:45 INFO  State of operation 17962849 : EXECUTING
09:55:47 INFO  State of operation 17962849 : EXECUTING
09:55:49 INFO  State of operation 17962849 : EXECUTING
09:55:51 INFO  State of operation 17962849 : EXECUTING
09:55:54 INFO  State of operation 17962849 : EXECUTING
09:55:56 INFO  State of operation 17962849 : EXECUTING
09:55:59 INFO  State of operation 17962849 : EXECUTING
09:56:01 INFO  State of operation 17962849 : EXECUTING
09:56:04 INFO  State of operation 17962849 : EXECUTING
09:56:06 INFO  State of operation 17962849 : EXECUTING
09:56:09 INFO  State of operation 17962849 : EXECUTING
09:56:11 INFO  State of operation 17962849 : EXECUTING
09:56:13 WARN  SystemError occurred while running test - Timeout while waiting for status SUCCESSFUL or False
Traceback (most recent call last):
  File "/home/pi/env-pysys/lib/python3.7/site-packages/pysys/baserunner.py", line 1294, in __call__
    self.testObj.execute()
  File "/home/pi/actions-runner/_work/thin-edge.io/thin-edge.io/tests/PySys/software_management_end_to_end/sm_apt_install_remove_multiple_mixed/run.py", line 89, in execute
    self.wait_until_succcess()
  File "/home/pi/actions-runner/_work/thin-edge.io/thin-edge.io/tests/PySys/software_management_end_to_end/environment_sm_management.py", line 324, in wait_until_succcess
    self.wait_until_status("SUCCESSFUL")
  File "/home/pi/actions-runner/_work/thin-edge.io/thin-edge.io/tests/PySys/software_management_end_to_end/environment_sm_management.py", line 381, in wait_until_status
    "Timeout while waiting for status %s or %s" % (status, status2)
SystemError: Timeout while waiting for status SUCCESSFUL or False
09:56:14 WARN  SystemError: Timeout while waiting for status SUCCESSFUL or False ... blocked 
09:56:14 INFO  
09:56:14 INFO  cleanup:
09:56:19 INFO  Executed sudo&lt;tedge_disconnect_c8y&gt;, exit status 0
09:56:19 INFO  Executed systemctl&lt;serv_mapper5&gt;, exit status 3
09:56:19 INFO  
09:56:19 INFO  Test duration: 183.38 secs
09:56:19 INFO  Test final outcome:  BLOCKED
09:56:19 INFO  Test outcome reason: SystemError: Timeout while waiting for status SUCCESSFUL or False
09:56:19 INFO  
</system-out>
	</testcase>
<testcase classname="PySysTest" name="SoftwareManagement.sm_apt_install_remove_multiple_mixed">
		<failure message="BLOCKED: SystemError: Timeout while waiting for status SUCCESSFUL or False (+1 other failures)" type="BLOCKED" />
		<system-out>10:20:16 INFO  ==============================================================
10:20:16 INFO  Id:    SoftwareManagement.sm_apt_install_remove_multiple_mixed
10:20:16 INFO  Dir:   software_management_end_to_end/
10:20:16 INFO  Title: Validate end to end behaviour for the apt plugin for multiple packages with mixed versions
10:20:16 INFO  ==============================================================
10:20:16 INFO  Using sw id database: {'asciijump': '5475369', 'robotfindskitten': '5474869', 'squirrel3': '5475279', 'rolldice': '5152439', 'moon-buggy': '5439204', 'apple': '5495053', 'banana': '5494888', 'cherry': '5495382', 'watermelon': '5494510', 'registry': '8018911', 'hello-world': '8021526', 'docker/getting-started': '8021973', 'alpine': '7991792'}
10:20:16 INFO  EnvironmentC8y Setup
10:20:17 INFO  Executed systemctl&lt;serv_mapper1&gt;, exit status 3
10:20:17 INFO  Restarting mosquitto too frequently in the last 10 seconds. It was only up for 4 seconds
10:20:17 INFO  Delaying execution by 7 seconds
10:20:38 INFO  Executed sudo&lt;tedge_connect_c8y&gt;, exit status 0, duration 13 secs
10:20:38 INFO  Executed sudo&lt;tedge_connect_c8y_test&gt;, exit status 0
10:20:39 INFO  Executed systemctl&lt;serv_mosq2&gt;, exit status 0
10:20:39 INFO  Executed systemctl&lt;serv_mapper3&gt;, exit status 0
10:20:42 INFO  State of current operation: SUCCESSFUL
10:20:42 INFO  Assert that (False == value) with value=False ... passed
10:20:42 INFO  Assert that (False == value) with value=False ... passed
10:20:42 INFO  Assert that (False == value) with value=False ... passed
10:20:43 INFO  Assert that (False == value) with value=False ... passed
10:20:43 INFO  Package moon-buggy is installed
10:20:43 WARN  Assert that (False == value) with value=True ... failed 
10:20:44 INFO  Response status: 201
10:20:44 INFO  Response to action: {
    "creationTime": "2022-04-29T10:20:44.597Z",
    "deviceName": "mythicb",
    "deviceId": "17927032",
    "self": "https://t493319102.eu-latest.cumulocity.com/devicecontrol/operations/17963008",
    "id": "17963008",
    "status": "PENDING",
    "description": "Apply software changes, triggered from PySys: [{'action': 'install', 'id': '5475369', 'name': 'asciijump', 'url': ' ', 'version': '::apt'}, {'action': 'install', 'id': '5474869', 'name': 'robotfindskitten', 'url': ' ', 'version': ' '}, {'action': 'install', 'id': '5475279', 'name': 'squirrel3', 'url': ' ', 'version': '3.1-7::apt'}, {'action': 'install', 'id': '5152439', 'name': 'rolldice', 'url': ' ', 'version': '1.16-1+b1'}, {'action': 'install', 'id': '5439204', 'name': 'moon-buggy', 'url': ' ', 'version': '1:1.0.51-12'}, {'action': 'install', 'id': '5475369', 'name': 'asciijump', 'url': ' ', 'version': '::apt'}]",
    "c8y_SoftwareUpdate": [
        {
            "name": "asciijump",
            "action": "install",
            "id": "5475369",
            "version": "::apt",
            "url": " "
        },
        {
            "name": "robotfindskitten",
            "action": "install",
            "id": "5474869",
            "version": " ",
            "url": " "
        },
        {
            "name": "squirrel3",
            "action": "install",
            "id": "5475279",
            "version": "3.1-7::apt",
            "url": " "
        },
        {
            "name": "rolldice",
            "action": "install",
            "id": "5152439",
            "version": "1.16-1+b1",
            "url": " "
        },
        {
            "name": "moon-buggy",
            "action": "install",
            "id": "5439204",
            "version": "1:1.0.51-12",
            "url": " "
        },
        {
            "name": "asciijump",
            "action": "install",
            "id": "5475369",
            "version": "::apt",
            "url": " "
        }
    ]
}
10:20:44 INFO  Started operation: {'creationTime': '2022-04-29T10:20:44.597Z', 'deviceName': 'mythicb', 'deviceId': '17927032', 'self': 'https://t493319102.eu-latest.cumulocity.com/devicecontrol/operations/17963008', 'id': '17963008', 'status': 'PENDING', 'description': "Apply software changes, triggered from PySys: [{'action': 'install', 'id': '5475369', 'name': 'asciijump', 'url': ' ', 'version': '::apt'}, {'action': 'install', 'id': '5474869', 'name': 'robotfindskitten', 'url': ' ', 'version': ' '}, {'action': 'install', 'id': '5475279', 'name': 'squirrel3', 'url': ' ', 'version': '3.1-7::apt'}, {'action': 'install', 'id': '5152439', 'name': 'rolldice', 'url': ' ', 'version': '1.16-1+b1'}, {'action': 'install', 'id': '5439204', 'name': 'moon-buggy', 'url': ' ', 'version': '1:1.0.51-12'}, {'action': 'install', 'id': '5475369', 'name': 'asciijump', 'url': ' ', 'version': '::apt'}]", 'c8y_SoftwareUpdate': [{'name': 'asciijump', 'action': 'install', 'id': '5475369', 'version': '::apt', 'url': ' '}, {'name': 'robotfindskitten', 'action': 'install', 'id': '5474869', 'version': ' ', 'url': ' '}, {'name': 'squirrel3', 'action': 'install', 'id': '5475279', 'version': '3.1-7::apt', 'url': ' '}, {'name': 'rolldice', 'action': 'install', 'id': '5152439', 'version': '1.16-1+b1', 'url': ' '}, {'name': 'moon-buggy', 'action': 'install', 'id': '5439204', 'version': '1:1.0.51-12', 'url': ' '}, {'name': 'asciijump', 'action': 'install', 'id': '5475369', 'version': '::apt', 'url': ' '}]}
10:20:46 INFO  State of operation 17963008 : PENDING
10:20:49 INFO  State of operation 17963008 : EXECUTING
10:20:51 INFO  State of operation 17963008 : EXECUTING
10:20:53 INFO  State of operation 17963008 : EXECUTING
10:20:55 INFO  State of operation 17963008 : EXECUTING
10:20:58 INFO  State of operation 17963008 : EXECUTING
10:21:00 INFO  State of operation 17963008 : EXECUTING
10:21:03 INFO  State of operation 17963008 : EXECUTING
10:21:06 INFO  State of operation 17963008 : EXECUTING
10:21:09 INFO  State of operation 17963008 : EXECUTING
10:21:11 INFO  State of operation 17963008 : EXECUTING
10:21:13 INFO  State of operation 17963008 : EXECUTING
10:21:15 INFO  State of operation 17963008 : EXECUTING
10:21:18 INFO  State of operation 17963008 : EXECUTING
10:21:20 INFO  State of operation 17963008 : EXECUTING
10:21:22 INFO  State of operation 17963008 : EXECUTING
10:21:24 INFO  State of operation 17963008 : EXECUTING
10:21:27 INFO  State of operation 17963008 : EXECUTING
10:21:30 INFO  State of operation 17963008 : EXECUTING
10:21:32 INFO  State of operation 17963008 : EXECUTING
10:21:34 INFO  State of operation 17963008 : EXECUTING
10:21:36 INFO  State of operation 17963008 : EXECUTING
10:21:38 INFO  State of operation 17963008 : EXECUTING
10:21:41 INFO  State of operation 17963008 : EXECUTING
10:21:44 INFO  State of operation 17963008 : EXECUTING
10:21:46 INFO  State of operation 17963008 : EXECUTING
10:21:50 INFO  State of operation 17963008 : EXECUTING
10:21:52 INFO  State of operation 17963008 : EXECUTING
10:21:54 INFO  State of operation 17963008 : EXECUTING
10:21:57 INFO  State of operation 17963008 : EXECUTING
10:21:59 INFO  State of operation 17963008 : EXECUTING
10:22:01 INFO  State of operation 17963008 : EXECUTING
10:22:03 INFO  State of operation 17963008 : EXECUTING
10:22:06 INFO  State of operation 17963008 : EXECUTING
10:22:08 INFO  State of operation 17963008 : EXECUTING
10:22:10 INFO  State of operation 17963008 : EXECUTING
10:22:12 INFO  State of operation 17963008 : EXECUTING
10:22:15 INFO  State of operation 17963008 : EXECUTING
10:22:18 INFO  State of operation 17963008 : EXECUTING
10:22:20 INFO  State of operation 17963008 : EXECUTING
10:22:23 INFO  State of operation 17963008 : EXECUTING
10:22:25 INFO  State of operation 17963008 : EXECUTING
10:22:28 INFO  State of operation 17963008 : EXECUTING
10:22:30 INFO  State of operation 17963008 : EXECUTING
10:22:32 INFO  State of operation 17963008 : EXECUTING
10:22:34 INFO  State of operation 17963008 : EXECUTING
10:22:36 INFO  State of operation 17963008 : EXECUTING
10:22:39 INFO  State of operation 17963008 : EXECUTING
10:22:41 INFO  State of operation 17963008 : EXECUTING
10:22:45 INFO  State of operation 17963008 : EXECUTING
10:22:47 INFO  State of operation 17963008 : EXECUTING
10:22:49 INFO  State of operation 17963008 : EXECUTING
10:22:52 INFO  State of operation 17963008 : EXECUTING
10:22:55 INFO  State of operation 17963008 : EXECUTING
10:22:57 INFO  State of operation 17963008 : EXECUTING
10:23:00 INFO  State of operation 17963008 : EXECUTING
10:23:02 INFO  State of operation 17963008 : EXECUTING
10:23:04 INFO  State of operation 17963008 : EXECUTING
10:23:06 INFO  State of operation 17963008 : EXECUTING
10:23:08 INFO  State of operation 17963008 : EXECUTING
10:23:11 INFO  State of operation 17963008 : EXECUTING
10:23:13 WARN  SystemError occurred while running test - Timeout while waiting for status SUCCESSFUL or False
Traceback (most recent call last):
  File "/home/pi/env-pysys/lib/python3.7/site-packages/pysys/baserunner.py", line 1294, in __call__
    self.testObj.execute()
  File "/home/pi/actions-runner/_work/thin-edge.io/thin-edge.io/tests/PySys/software_management_end_to_end/sm_apt_install_remove_multiple_mixed/run.py", line 89, in execute
    self.wait_until_succcess()
  File "/home/pi/actions-runner/_work/thin-edge.io/thin-edge.io/tests/PySys/software_management_end_to_end/environment_sm_management.py", line 324, in wait_until_succcess
    self.wait_until_status("SUCCESSFUL")
  File "/home/pi/actions-runner/_work/thin-edge.io/thin-edge.io/tests/PySys/software_management_end_to_end/environment_sm_management.py", line 381, in wait_until_status
    "Timeout while waiting for status %s or %s" % (status, status2)
SystemError: Timeout while waiting for status SUCCESSFUL or False
10:23:13 WARN  SystemError: Timeout while waiting for status SUCCESSFUL or False ... blocked 
10:23:13 INFO  
10:23:13 INFO  cleanup:
10:23:18 INFO  Executed sudo&lt;tedge_disconnect_c8y&gt;, exit status 0
10:23:18 INFO  Executed systemctl&lt;serv_mapper5&gt;, exit status 3
10:23:18 INFO  
10:23:18 INFO  Test duration: 181.69 secs
10:23:18 INFO  Test final outcome:  BLOCKED
10:23:18 INFO  Test outcome reason: SystemError: Timeout while waiting for status SUCCESSFUL or False (+1 other failures)
10:23:18 INFO  
</system-out>
	</testcase>
</testsuite><testsuite name="SoftwareManagement.sm_apt_install_remove_with_version" tests="3" errors="0" failures="0" skipped="1" time="0"><testcase classname="PySysTest" name="SoftwareManagement.sm_apt_install_remove_with_version">
		<skipped message="SKIPPED: Testing the apt plugin is not supported on this platform.Use parameter -XmyPlatform='container' to enable it" />
		<system-out>09:17:22 INFO  ==============================================================
09:17:22 INFO  Id:    SoftwareManagement.sm_apt_install_remove_with_version
09:17:22 INFO  Dir:   software_management_end_to_end/
09:17:22 INFO  Title: Validate end to end behaviour for the apt plugin for packages with version
09:17:22 INFO  ==============================================================
09:17:22 INFO  Testing the apt plugin is not supported on this platform.Use parameter -XmyPlatform='container' to enable it ... skipped
09:17:22 WARN  Aborted test due to SKIPPED outcome
09:17:22 INFO  
09:17:22 INFO  Test duration: 0.03 secs
09:17:22 INFO  Test final outcome:  SKIPPED
09:17:22 INFO  Test outcome reason: Testing the apt plugin is not supported on this platform.Use parameter -XmyPlatform='container' to enable it
09:17:22 INFO  
</system-out>
	</testcase>
<testcase classname="PySysTest" name="SoftwareManagement.sm_apt_install_remove_with_version" />
<testcase classname="PySysTest" name="SoftwareManagement.sm_apt_install_remove_with_version" />
</testsuite><testsuite name="SoftwareManagement.sm_docker_install_remove_multiple" tests="3" errors="0" failures="0" skipped="1" time="0"><testcase classname="SMDockerInstallRemove" name="SoftwareManagement.sm_docker_install_remove_multiple">
		<skipped message="SKIPPED: Testing the apt plugin is not supported on this platform.Use parameter -XmyPlatform='container' to enable it" />
		<system-out>09:17:22 INFO  ==============================================================
09:17:22 INFO  Id:    SoftwareManagement.sm_docker_install_remove_multiple
09:17:22 INFO  Dir:   software_management_end_to_end/
09:17:22 INFO  Title: Validate end to end behaviour for the docker plugin for multiple docker images with mixed versions
09:17:22 INFO  ==============================================================
09:17:22 INFO  Testing the apt plugin is not supported on this platform.Use parameter -XmyPlatform='container' to enable it ... skipped
09:17:22 WARN  Aborted test due to SKIPPED outcome
09:17:22 INFO  
09:17:22 INFO  Test duration: 0.03 secs
09:17:22 INFO  Test final outcome:  SKIPPED
09:17:22 INFO  Test outcome reason: Testing the apt plugin is not supported on this platform.Use parameter -XmyPlatform='container' to enable it
09:17:22 INFO  
</system-out>
	</testcase>
<testcase classname="SMDockerInstallRemove" name="SoftwareManagement.sm_docker_install_remove_multiple" />
<testcase classname="SMDockerInstallRemove" name="SoftwareManagement.sm_docker_install_remove_multiple" />
</testsuite><testsuite name="SoftwareManagement.sm_fake_install_remove" tests="2" errors="0" failures="0" skipped="1" time="0"><testcase classname="PySysTest" name="SoftwareManagement.sm_fake_install_remove">
		<skipped message="SKIPPED: Testing the fake plugin is not enabled.Use parameter -Xfakeplugin=fakeplugin to enable it" />
		<system-out>09:17:23 INFO  ==============================================================
09:17:23 INFO  Id:    SoftwareManagement.sm_fake_install_remove
09:17:23 INFO  Dir:   software_management_end_to_end/
09:17:23 INFO  Title: Validate end to end behaviour for the dummy plugin for installation and removal of packages
09:17:23 INFO  ==============================================================
09:17:23 INFO  Testing the fake plugin is not enabled.Use parameter -Xfakeplugin=fakeplugin to enable it ... skipped
09:17:23 WARN  Aborted test due to SKIPPED outcome
09:17:23 INFO  
09:17:23 INFO  Test duration: 0.03 secs
09:17:23 INFO  Test final outcome:  SKIPPED
09:17:23 INFO  Test outcome reason: Testing the fake plugin is not enabled.Use parameter -Xfakeplugin=fakeplugin to enable it
09:17:23 INFO  
</system-out>
	</testcase>
<testcase classname="PySysTest" name="SoftwareManagement.sm_fake_install_remove" />
</testsuite><testsuite name="SoftwareManagement.sm_fake_install_remove_multiple" tests="2" errors="0" failures="0" skipped="1" time="0"><testcase classname="PySysTest" name="SoftwareManagement.sm_fake_install_remove_multiple">
		<skipped message="SKIPPED: Testing the fake plugin is not enabled.Use parameter -Xfakeplugin=fakeplugin to enable it" />
		<system-out>09:17:23 INFO  ==============================================================
09:17:23 INFO  Id:    SoftwareManagement.sm_fake_install_remove_multiple
09:17:23 INFO  Dir:   software_management_end_to_end/
09:17:23 INFO  Title: Validate end to end behaviour for the dummy-plugin for multiple packages
09:17:23 INFO  ==============================================================
09:17:23 INFO  Testing the fake plugin is not enabled.Use parameter -Xfakeplugin=fakeplugin to enable it ... skipped
09:17:23 WARN  Aborted test due to SKIPPED outcome
09:17:23 INFO  
09:17:23 INFO  Test duration: 0.03 secs
09:17:23 INFO  Test final outcome:  SKIPPED
09:17:23 INFO  Test outcome reason: Testing the fake plugin is not enabled.Use parameter -Xfakeplugin=fakeplugin to enable it
09:17:23 INFO  
</system-out>
	</testcase>
<testcase classname="PySysTest" name="SoftwareManagement.sm_fake_install_remove_multiple" />
</testsuite><testsuite name="SoftwareManagement.sm_mapper_fail_and_reconnect" tests="2" errors="0" failures="0" skipped="2" time="0"><testcase classname="MapperC8yReceiveLastMessageOnRestart" name="SoftwareManagement.sm_mapper_fail_and_reconnect">
		<skipped message="SKIPPED: instable https://github.com/thin-edge/thin-edge.io/issues/752" />
		<system-out>09:17:23 INFO  ==============================================================
09:17:23 INFO  Id:    SoftwareManagement.sm_mapper_fail_and_reconnect
09:17:23 INFO  Dir:   software_management_end_to_end/
09:17:23 INFO  Title: Validate the tedge-mapper-sm-c8y for receiving the last message on restart
09:17:23 INFO  ==============================================================
09:17:23 INFO  instable https://github.com/thin-edge/thin-edge.io/issues/752 ... skipped
09:17:23 INFO  
09:17:23 INFO  Test duration: 0.02 secs
09:17:23 INFO  Test final outcome:  SKIPPED
09:17:23 INFO  Test outcome reason: instable https://github.com/thin-edge/thin-edge.io/issues/752
09:17:23 INFO  
</system-out>
	</testcase>
<testcase classname="MapperC8yReceiveLastMessageOnRestart" name="SoftwareManagement.sm_mapper_fail_and_reconnect">
		<skipped message="SKIPPED: instable https://github.com/thin-edge/thin-edge.io/issues/752" />
		<system-out>10:30:13 INFO  ==============================================================
10:30:13 INFO  Id:    SoftwareManagement.sm_mapper_fail_and_reconnect
10:30:13 INFO  Dir:   software_management_end_to_end/
10:30:13 INFO  Title: Validate the tedge-mapper-sm-c8y for receiving the last message on restart
10:30:13 INFO  ==============================================================
10:30:13 INFO  instable https://github.com/thin-edge/thin-edge.io/issues/752 ... skipped
10:30:13 INFO  
10:30:13 INFO  Test duration: 0.04 secs
10:30:13 INFO  Test final outcome:  SKIPPED
10:30:13 INFO  Test outcome reason: instable https://github.com/thin-edge/thin-edge.io/issues/752
10:30:13 INFO  
</system-out>
	</testcase>
</testsuite><testsuite name="SoftwareManagement.sm_mixed_install_remove_multiple" tests="2" errors="0" failures="1" skipped="1" time="0"><testcase classname="PySysTest" name="SoftwareManagement.sm_mixed_install_remove_multiple">
		<skipped message="SKIPPED: Testing the fake plugin is not enabled.Use parameter -Xfakeplugin=fakeplugin to enable it" />
		<system-out>09:17:23 INFO  ==============================================================
09:17:23 INFO  Id:    SoftwareManagement.sm_mixed_install_remove_multiple
09:17:23 INFO  Dir:   software_management_end_to_end/
09:17:23 INFO  Title: Validate end to end behaviour for the dummy-plugin for multiple packages with mixed versions
09:17:23 INFO  ==============================================================
09:17:23 INFO  Testing the fake plugin is not enabled.Use parameter -Xfakeplugin=fakeplugin to enable it ... skipped
09:17:23 WARN  Aborted test due to SKIPPED outcome
09:17:23 INFO  
09:17:23 INFO  Test duration: 0.03 secs
09:17:23 INFO  Test final outcome:  SKIPPED
09:17:23 INFO  Test outcome reason: Testing the fake plugin is not enabled.Use parameter -Xfakeplugin=fakeplugin to enable it
09:17:23 INFO  
</system-out>
	</testcase>
<testcase classname="PySysTest" name="SoftwareManagement.sm_mixed_install_remove_multiple">
		<failure message="FAILED: Assert that (False == value) with value=True" type="FAILED" />
		<system-out>10:30:13 INFO  ==============================================================
[...]
</testsuite><testsuite name="local_mqtt_sub_fail" tests="1" errors="0" failures="0" skipped="0" time="0"><testcase classname="PySysTest" name="local_mqtt_sub_fail" />
</testsuite><testsuite name="log_request_error_messages" tests="1" errors="0" failures="1" skipped="0" time="0"><testcase classname="LogRequestVerifySearchTextError" name="log_request_error_messages">
		<failure message="FAILED: Assert that (True == value) with value=False" type="FAILED" />
		<system-out>09:06:29 INFO  ==============================================================
09:06:29 INFO  Id:    log_request_error_messages
09:06:29 INFO  Dir:   log_request_end_to_end/
09:06:29 INFO  Title: Validate end to end behaviour for the log request operation check for error messages
09:06:29 INFO  ==============================================================
09:06:30 INFO  EnvironmentC8y Setup
09:06:31 INFO  Executed systemctl&lt;serv_mapper1&gt;, exit status 3
09:06:31 INFO  Restarting mosquitto too frequently in the last 10 seconds. It was only up for 2 seconds
09:06:31 INFO  Delaying execution by 9 seconds
09:06:55 INFO  Executed sudo&lt;tedge_connect_c8y&gt;, exit status 0, duration 14 secs
09:06:55 INFO  Executed sudo&lt;tedge_connect_c8y_test&gt;, exit status 0
09:06:56 INFO  Executed systemctl&lt;serv_mosq2&gt;, exit status 0
09:06:56 INFO  Executed systemctl&lt;serv_mapper3&gt;, exit status 0
09:06:57 INFO  Executed sudo&lt;rm_logs&gt;, exit status 0
09:06:57 INFO  Executed sudo&lt;move_logs&gt;, exit status 0
09:06:58 INFO  log response None
09:06:58 WARN  retry, retrying in 1 seconds...
09:06:59 INFO  log response https://thin-edge-io.eu-latest.cumulocity.com/event/events/17944109/binaries
09:07:00 WARN  Assert that (True == value) with value=False ... failed [run.py:43]
09:07:00 INFO  
09:07:00 INFO  cleanup:
09:07:00 INFO  Executed sudo&lt;rm_logs&gt;, exit status 0
09:07:01 INFO  Executed sudo&lt;rm_tmp_logs&gt;, exit status 0
09:07:01 INFO  Executed sudo&lt;send_failed&gt;, exit status 0
09:07:05 INFO  Executed sudo&lt;tedge_disconnect_c8y&gt;, exit status 0
09:07:06 INFO  Executed systemctl&lt;serv_mapper5&gt;, exit status 3
09:07:06 INFO  
09:07:06 INFO  Test duration: 36.79 secs
09:07:06 INFO  Test final outcome:  FAILED
09:07:06 INFO  Test outcome reason: Assert that (True == value) with value=False
09:07:06 INFO  
</system-out>
	</testcase>
</testsuite><testsuite name="log_request_num_lines" tests="1" errors="0" failures="1" skipped="0" time="0"><testcase classname="LogRequestVerifyNumberOfLines" name="log_request_num_lines">
		<failure message="FAILED: Assert that (True == value) with value=False" type="FAILED" />
		<system-out>09:07:06 INFO  ==============================================================
09:07:06 INFO  Id:    log_request_num_lines
09:07:06 INFO  Dir:   log_request_end_to_end/
09:07:06 INFO  Title: Validate end to end behaviour for the log request operation check for number of lines
09:07:06 INFO  ==============================================================
09:07:06 INFO  EnvironmentC8y Setup
09:07:06 INFO  Executed systemctl&lt;serv_mapper1&gt;, exit status 3
09:07:07 INFO  Restarting mosquitto too frequently in the last 10 seconds. It was only up for 5 seconds
09:07:07 INFO  Delaying execution by 6 seconds
09:07:27 INFO  Executed sudo&lt;tedge_connect_c8y&gt;, exit status 0, duration 13 secs
09:07:27 INFO  Executed sudo&lt;tedge_connect_c8y_test&gt;, exit status 0
09:07:28 INFO  Executed systemctl&lt;serv_mosq2&gt;, exit status 0
09:07:28 INFO  Executed systemctl&lt;serv_mapper3&gt;, exit status 0
09:07:29 INFO  Executed sudo&lt;rm_logs&gt;, exit status 0
09:07:29 INFO  Executed sudo&lt;move_logs&gt;, exit status 0
09:07:30 INFO  log response None
09:07:30 WARN  retry, retrying in 1 seconds...
09:07:31 INFO  log response https://thin-edge-io.eu-latest.cumulocity.com/event/events/17920062/binaries
09:07:31 INFO  nlines 0
09:07:31 WARN  Assert that (True == value) with value=False ... failed [run.py:44]
09:07:31 INFO  
09:07:31 INFO  cleanup:
09:07:32 INFO  Executed sudo&lt;rm_logs&gt;, exit status 0
09:07:32 INFO  Executed sudo&lt;rm_tmp_logs&gt;, exit status 0
09:07:33 INFO  Executed sudo&lt;send_failed&gt;, exit status 0
09:07:37 INFO  Executed sudo&lt;tedge_disconnect_c8y&gt;, exit status 0
09:07:37 INFO  Executed systemctl&lt;serv_mapper5&gt;, exit status 3
09:07:37 INFO  
09:07:37 INFO  Test duration: 31.33 secs
09:07:37 INFO  Test final outcome:  FAILED
09:07:37 INFO  Test outcome reason: Assert that (True == value) with value=False
09:07:37 INFO  
</system-out>
	</testcase>
</testsuite><testsuite name="mapper_awaits_before_reconnect" tests="1" errors="0" failures="0" skipped="0" time="0"><testcase classname="MapperReconnectAwait" name="mapper_awaits_before_reconnect" />
</testsuite><testsuite name="monitoring_smaller_interval" tests="1" errors="0" failures="0" skipped="1" time="0"><testcase classname="MonitoringSmallInterval" name="monitoring_smaller_interval">
		<skipped message="SKIPPED: Fails due to retained message" />
		<system-out>09:09:26 INFO  ==============================================================
09:09:26 INFO  Id:    monitoring_smaller_interval
09:09:26 INFO  Dir:   monitoring/
09:09:26 INFO  Title: Validate the tedge dm agent messages that are produced with smaller sampling interval than the batching window. Here the simulated collectd messages are used
09:09:26 INFO  ==============================================================
09:09:26 INFO  Fails due to retained message ... skipped
09:09:26 INFO  
09:09:26 INFO  Test duration: 0.02 secs
09:09:26 INFO  Test final outcome:  SKIPPED
09:09:26 INFO  Test outcome reason: Fails due to retained message
09:09:26 INFO  
</system-out>
	</testcase>
</testsuite><testsuite name="monitoring_with_collectd" tests="1" errors="0" failures="0" skipped="1" time="0"><testcase classname="MonitoringWithCollectd" name="monitoring_with_collectd">
		<skipped message="SKIPPED: Test execution disabled due to #792 (instable)" />
		<system-out>09:09:26 INFO  ==============================================================
09:09:26 INFO  Id:    monitoring_with_collectd
09:09:26 INFO  Dir:   monitoring/
09:09:26 INFO  Title: Validate tedge dm agent messages that are produced by batching the collectd messages
09:09:26 INFO  ==============================================================
09:09:26 INFO  Test execution disabled due to #792 (instable) ... skipped
09:09:26 INFO  
09:09:26 INFO  Test duration: 0.02 secs
09:09:26 INFO  Test final outcome:  SKIPPED
09:09:26 INFO  Test outcome reason: Test execution disabled due to #792 (instable)
09:09:26 INFO  
</system-out>
	</testcase>
</testsuite><testsuite name="monitoring_with_simulated_messages" tests="1" errors="0" failures="0" skipped="1" time="0"><testcase classname="MonitoringWithSimulatedMessages" name="monitoring_with_simulated_messages">
		<skipped message="SKIPPED: Fails due to retained message" />
		<system-out>09:09:26 INFO  ==============================================================
09:09:26 INFO  Id:    monitoring_with_simulated_messages
09:09:26 INFO  Dir:   monitoring/
09:09:26 INFO  Title: Validate the tedge dm agent messages that are produced from the simulated collectd messages
09:09:26 INFO  ==============================================================
09:09:26 INFO  Fails due to retained message ... skipped
09:09:26 INFO  
09:09:26 INFO  Test duration: 0.02 secs
09:09:26 INFO  Test final outcome:  SKIPPED
09:09:26 INFO  Test outcome reason: Fails due to retained message
09:09:26 INFO  
</system-out>
	</testcase>
</testsuite><testsuite name="mqtt_port_change_connection_fails" tests="1" errors="0" failures="0" skipped="0" time="0"><testcase classname="MqttPortChangeConnectionFails" name="mqtt_port_change_connection_fails" />
</testsuite><testsuite name="mqtt_port_change_connection_works" tests="1" errors="0" failures="0" skipped="1" time="0"><testcase classname="MqttPortChangeConnectionWorks" name="mqtt_port_change_connection_works">
		<skipped message="SKIPPED: failing intermitently" />
		<system-out>09:08:13 INFO  ==============================================================
09:08:13 INFO  Id:    mqtt_port_change_connection_works
09:08:13 INFO  Dir:   misc_features/
09:08:13 INFO  Title: mqtt port change connection works for all the thin-edge services that use the mosquitto broker
09:08:13 INFO  ==============================================================
09:08:13 INFO  failing intermitently ... skipped
09:08:13 INFO  
09:08:13 INFO  Test duration: 0.02 secs
09:08:13 INFO  Test final outcome:  SKIPPED
09:08:13 INFO  Test outcome reason: failing intermitently
09:08:13 INFO  
</system-out>
	</testcase>
</testsuite><testsuite name="mqtt_port_set" tests="1" errors="0" failures="0" skipped="0" time="0"><testcase classname="MqttPortSet" name="mqtt_port_set" />
</testsuite><testsuite name="mqtt_port_unset" tests="1" errors="0" failures="0" skipped="0" time="0"><testcase classname="MqttPortUnSet" name="mqtt_port_unset" />
</testsuite><testsuite name="publish_flux" tests="1" errors="0" failures="0" skipped="0" time="0"><testcase classname="PublishFlux" name="publish_flux" />
</testsuite><testsuite name="publish_sawmill" tests="1" errors="0" failures="0" skipped="0" time="0"><testcase classname="PublishSawmill" name="publish_sawmill" />
</testsuite><testsuite name="pysys_block" tests="1" errors="0" failures="0" skipped="1" time="0"><testcase classname="Fail" name="pysys_block">
		<skipped message="SKIPPED: Enable this to observe a blocking test" />
		<system-out>09:08:35 INFO  ==============================================================
09:08:35 INFO  Id:    pysys_block
09:08:35 INFO  Dir:   misc_features/
09:08:35 INFO  Title: fail
09:08:35 INFO  ==============================================================
09:08:35 INFO  Enable this to observe a blocking test ... skipped
09:08:35 INFO  
09:08:35 INFO  Test duration: 0.02 secs
09:08:35 INFO  Test final outcome:  SKIPPED
09:08:35 INFO  Test outcome reason: Enable this to observe a blocking test
09:08:35 INFO  
</system-out>
	</testcase>
</testsuite><testsuite name="pysys_fail" tests="1" errors="0" failures="0" skipped="1" time="0"><testcase classname="Fail" name="pysys_fail">
		<skipped message="SKIPPED: Enable this to observe a failing test" />
		<system-out>09:08:35 INFO  ==============================================================
09:08:35 INFO  Id:    pysys_fail
09:08:35 INFO  Dir:   misc_features/
09:08:35 INFO  Title: fail
09:08:35 INFO  ==============================================================
09:08:35 INFO  Enable this to observe a failing test ... skipped
09:08:35 INFO  
09:08:35 INFO  Test duration: 0.01 secs
09:08:35 INFO  Test final outcome:  SKIPPED
09:08:35 INFO  Test outcome reason: Enable this to observe a failing test
09:08:35 INFO  
</system-out>
	</testcase>
</testsuite><testsuite name="runtime_start_two_mappers" tests="1" errors="0" failures="1" skipped="0" time="0"><testcase classname="RuntimeMultiMappers" name="runtime_start_two_mappers">
		<failure message="FAILED: Grep on tedge_mapper2.err contains &quot;Error: Couldn't acquire file lock.&quot;" type="FAILED" />
		<system-out>09:20:57 INFO  ==============================================================
09:20:57 INFO  Id:    runtime_start_two_mappers
09:20:57 INFO  Dir:   tedge_mapper_c8y/
09:20:57 INFO  Title: Validate two mappers can't be started at the same time
09:20:57 INFO  ==============================================================
09:20:58 INFO  Executed sudo&lt;tedge_mapper1&gt;, exit status 0
09:20:58 INFO  Waiting for 0.1 seconds
09:20:58 INFO  Executed sudo&lt;tedge_mapper2&gt;, exit status 1
09:20:59 INFO  Executed sudo&lt;tedge_mapper1&gt;, exit status 0
09:20:59 WARN  Grep on tedge_mapper2.err contains "Error: Couldn't acquire file lock." ... failed [run.py:46]
09:20:59 INFO  
09:20:59 INFO  Test duration: 1.78 secs
09:20:59 INFO  Test final outcome:  FAILED
09:20:59 INFO  Test outcome reason: Grep on tedge_mapper2.err contains "Error: Couldn't acquire file lock."
09:20:59 INFO  
</system-out>
	</testcase>
</testsuite><testsuite name="sm_tedge_mapper_init_session" tests="1" errors="0" failures="0" skipped="0" time="0"><testcase classname="TedgeSMMapperInitSession" name="sm_tedge_mapper_init_session" />
</testsuite><testsuite name="smoketest_json" tests="1" errors="0" failures="0" skipped="0" time="0"><testcase classname="SmokeTestJson" name="smoketest_json" />
</testsuite><testsuite name="smoketest_json_400_samples_10ms" tests="1" errors="0" failures="0" skipped="0" time="0"><testcase classname="SmoketestJson400Samples10ms" name="smoketest_json_400_samples_10ms" />
</testsuite><testsuite name="smoketest_json_400_samples_20ms" tests="1" errors="0" failures="0" skipped="0" time="0"><testcase classname="SmoketestJson400Samples20ms" name="smoketest_json_400_samples_20ms" />
</testsuite><testsuite name="smoketest_smartrest" tests="1" errors="0" failures="0" skipped="0" time="0"><testcase classname="SmoketestSmartRest" name="smoketest_smartrest" />
</testsuite><testsuite name="smoketest_smartrest_200_samples_1Xms" tests="1" errors="0" failures="0" skipped="0" time="0"><testcase classname="SmoketestSmartRest200Samples1Xms" name="smoketest_smartrest_200_samples_1Xms" />
</testsuite><testsuite name="smoketest_smartrest_200_samples_20ms" tests="1" errors="0" failures="1" skipped="0" time="0"><testcase classname="SmoketestSmartRest200Samples20ms" name="smoketest_smartrest_200_samples_20ms">
		<failure message="BLOCKED: Failed to set up test: 'SmoketestSmartRest200Samples20ms'" type="BLOCKED" />
		<system-out>09:17:22 INFO  ==============================================================
09:17:22 INFO  Id:    smoketest_smartrest_200_samples_20ms
09:17:22 INFO  Dir:   smoketests/
09:17:22 INFO  Title: Smoketest SmartRest 200 Samples 20ms Delay
09:17:22 INFO  ==============================================================
09:17:22 WARN  Failed to set up test: 'SmoketestSmartRest200Samples20ms' ... blocked 
09:17:22 ERROR Caught KeyError while setting up test smoketest_smartrest_200_samples_20ms: 'SmoketestSmartRest200Samples20ms'
Traceback (most recent call last):
  File "/home/pi/env-pysys/lib/python3.7/site-packages/pysys/baserunner.py", line 1229, in __call__
    clazz = runpy_namespace[self.descriptor.classname]
KeyError: 'SmoketestSmartRest200Samples20ms'
09:17:22 INFO  
09:17:22 INFO  Test duration: 0.03 secs
09:17:22 INFO  Test final outcome:  BLOCKED
09:17:22 INFO  Test outcome reason: Failed to set up test: 'SmoketestSmartRest200Samples20ms'
09:17:22 INFO  
</system-out>
	</testcase>
</testsuite><testsuite name="tedge_agent_user_sudo_access" tests="1" errors="0" failures="0" skipped="1" time="0"><testcase classname="TedgeAgentUserSudoAccess" name="tedge_agent_user_sudo_access">
		<skipped message="SKIPPED: #955 Observation: Exit code of the apt plugin when called with no arguments" />
		<system-out>09:17:50 INFO  ==============================================================
09:17:50 INFO  Id:    tedge_agent_user_sudo_access
09:17:50 INFO  Dir:   tedge/
09:17:50 INFO  Title: Validate tedge-agent user has a limited sudo right
09:17:50 INFO  ==============================================================
09:17:50 INFO  #955 Observation: Exit code of the apt plugin when called with no arguments ... skipped
09:17:50 INFO  
09:17:50 INFO  Test duration: 0.02 secs
09:17:50 INFO  Test final outcome:  SKIPPED
09:17:50 INFO  Test outcome reason: #955 Observation: Exit code of the apt plugin when called with no arguments
09:17:50 INFO  
</system-out>
	</testcase>
</testsuite><testsuite name="tedge_connect_test_negative" tests="1" errors="0" failures="0" skipped="0" time="0"><testcase classname="TedgeConnectTestNegative" name="tedge_connect_test_negative" />
</testsuite><testsuite name="tedge_connect_test_positive" tests="1" errors="0" failures="0" skipped="0" time="0"><testcase classname="TedgeConnectTestPositive" name="tedge_connect_test_positive" />
</testsuite><testsuite name="tedge_connect_test_sm_services" tests="1" errors="0" failures="0" skipped="0" time="0"><testcase classname="TedgeConnectTestSMServices" name="tedge_connect_test_sm_services" />
</testsuite><testsuite name="tedge_disconnect_test_sm_services" tests="1" errors="0" failures="0" skipped="0" time="0"><testcase classname="TedgeDisConnectTestSMServices" name="tedge_disconnect_test_sm_services" />
</testsuite><testsuite name="tedge_mapper_az_negative" tests="1" errors="0" failures="0" skipped="0" time="0"><testcase classname="TedgeMapperAzError" name="tedge_mapper_az_negative" />
</testsuite><testsuite name="tedge_mapper_az_with_timestamp" tests="1" errors="0" failures="0" skipped="0" time="0"><testcase classname="TedgeMapperAzWithTimestamp" name="tedge_mapper_az_with_timestamp" />
</testsuite><testsuite name="tedge_mapper_az_without_timestamp" tests="1" errors="0" failures="0" skipped="0" time="0"><testcase classname="TedgeMapperAzWithoutTimestamp" name="tedge_mapper_az_without_timestamp" />
</testsuite><testsuite name="tedge_mapper_c8y_alarms" tests="1" errors="0" failures="0" skipped="0" time="0"><testcase classname="TedgeMapperC8yAlarm" name="tedge_mapper_c8y_alarms" />
</testsuite><testsuite name="tedge_mapper_c8y_child_device_measurement" tests="1" errors="0" failures="0" skipped="0" time="0"><testcase classname="TedgeMapperC8yChildDevice" name="tedge_mapper_c8y_child_device_measurement" />
</testsuite><testsuite name="tedge_mapper_c8y_packet_threshold_size" tests="1" errors="0" failures="0" skipped="0" time="0"><testcase classname="TedgeMapperC8yThresholdPacketSize" name="tedge_mapper_c8y_packet_threshold_size" />
</testsuite><testsuite name="tedge_software_update" tests="1" errors="0" failures="0" skipped="0" time="0"><testcase classname="PySysTest" name="tedge_software_update" />
</testsuite><testsuite name="valid_device_id" tests="1" errors="0" failures="1" skipped="0" time="0"><testcase classname="ValidateValidDeviceId" name="valid_device_id">
		<failure message="FAILED: Grep on tedge_connect_c8y_test.out contains &quot;successful&quot;" type="FAILED" />
		<system-out>09:08:35 INFO  ==============================================================
09:08:35 INFO  Id:    valid_device_id
09:08:35 INFO  Dir:   misc_features/
09:08:35 INFO  Title: Valid device ID
09:08:35 INFO  ==============================================================
09:08:35 INFO  Restarting mosquitto too frequently in the last 10 seconds. It was only up for 5 seconds
09:08:35 INFO  Delaying execution by 6 seconds
09:08:41 INFO  Executed sudo&lt;tedge_disconnect_c8y&gt;, exit status 0
09:08:42 INFO  Executed sudo&lt;create_cert_dir&gt;, exit status 0
09:08:42 INFO  Executed sudo&lt;change_owner_of_dir&gt;, exit status 0
09:08:43 INFO  Executed sudo&lt;set_cert_path&gt;, exit status 0
09:08:43 INFO  Executed sudo&lt;set_key_path&gt;, exit status 0
09:08:44 INFO  Executed sudo&lt;cert_create&gt;, exit status 0
09:08:45 INFO  Executed sudo&lt;cert_upload&gt;, exit status 0
09:09:10 INFO  Executed sudo&lt;tedge_connect_c8y&gt;, exit status 0, duration 23 secs
09:09:21 INFO  Executed sudo&lt;tedge_connect_c8y_test&gt;, exit status 0
09:09:21 INFO  Grep on file tedge_connect_c8y.out ... passed
09:09:21 WARN  Grep on tedge_connect_c8y_test.out contains "successful" ... failed [run.py:108]
09:09:21 INFO  
09:09:21 INFO  cleanup:
09:09:25 INFO  Executed sudo&lt;tedge_disconnect_c8y&gt;, exit status 0
09:09:25 INFO  Executed sudo&lt;unset_cert_path&gt;, exit status 0
09:09:26 INFO  Executed sudo&lt;unset_key_path&gt;, exit status 0
09:09:26 INFO  Executed sudo&lt;remove_cert_dir&gt;, exit status 0
09:09:26 INFO  
09:09:26 INFO  Test duration: 51.44 secs
09:09:26 INFO  Test final outcome:  FAILED
09:09:26 INFO  Test outcome reason: Grep on tedge_connect_c8y_test.out contains "successful"
09:09:26 INFO  
</system-out>
	</testcase>
</testsuite></testsuites>