<?xml version='1.0' encoding='utf-8'?>
<testsuites tests="149" failures="8" errors="0" skipped="54" time="0.0"><testsuite name="SoftwareManagement.Plugin.apama_plugin_install" tests="3" errors="0" failures="0" skipped="1" time="0"><testcase classname="ApamaPluginInstallTest" name="SoftwareManagement.Plugin.apama_plugin_install">
		<skipped message="SKIPPED: Apama plugin tests are disabled by default. Execute `pysys run` with `-XmyPlatform=container` to run these tests" />
		<system-out>07:21:41 INFO  ==============================================================
07:21:41 INFO  Id:    SoftwareManagement.Plugin.apama_plugin_install
07:21:41 INFO  Dir:   plugin_apama/
07:21:41 INFO  Title: Validate apama plugin install
07:21:41 INFO  ==============================================================
07:21:41 INFO  Apama plugin tests are disabled by default. Execute `pysys run` with `-XmyPlatform=container` to run these tests ... skipped
07:21:41 WARN  Aborted test due to SKIPPED outcome
07:21:41 INFO  
07:21:41 INFO  Test duration: 0.06 secs
07:21:41 INFO  Test final outcome:  SKIPPED
07:21:41 INFO  Test outcome reason: Apama plugin tests are disabled by default. Execute `pysys run` with `-XmyPlatform=container` to run these tests
07:21:41 INFO  
</system-out>
	</testcase>
<testcase classname="ApamaPluginInstallTest" name="SoftwareManagement.Plugin.apama_plugin_install" />
<testcase classname="ApamaPluginInstallTest" name="SoftwareManagement.Plugin.apama_plugin_install" />
</testsuite><testsuite name="SoftwareManagement.Plugin.apama_plugin_mon_support" tests="3" errors="0" failures="0" skipped="1" time="0"><testcase classname="ApamaPluginMonSupportTest" name="SoftwareManagement.Plugin.apama_plugin_mon_support">
		<skipped message="SKIPPED: Apama plugin tests are disabled by default. Execute `pysys run` with `-XmyPlatform=container` to run these tests" />
		<system-out>07:21:41 INFO  ==============================================================
07:21:41 INFO  Id:    SoftwareManagement.Plugin.apama_plugin_mon_support
07:21:41 INFO  Dir:   plugin_apama/
07:21:41 INFO  Title: Validate mon file support of apama plugin
07:21:41 INFO  ==============================================================
07:21:41 INFO  Apama plugin tests are disabled by default. Execute `pysys run` with `-XmyPlatform=container` to run these tests ... skipped
07:21:41 WARN  Aborted test due to SKIPPED outcome
07:21:41 INFO  
07:21:41 INFO  Test duration: 0.03 secs
07:21:41 INFO  Test final outcome:  SKIPPED
07:21:41 INFO  Test outcome reason: Apama plugin tests are disabled by default. Execute `pysys run` with `-XmyPlatform=container` to run these tests
07:21:41 INFO  
</system-out>
	</testcase>
<testcase classname="ApamaPluginMonSupportTest" name="SoftwareManagement.Plugin.apama_plugin_mon_support" />
<testcase classname="ApamaPluginMonSupportTest" name="SoftwareManagement.Plugin.apama_plugin_mon_support" />
</testsuite><testsuite name="SoftwareManagement.Plugin.apama_plugin_remove" tests="3" errors="0" failures="0" skipped="1" time="0"><testcase classname="ApamaPluginRemoveTest" name="SoftwareManagement.Plugin.apama_plugin_remove">
		<skipped message="SKIPPED: Apama plugin tests are disabled by default. Execute `pysys run` with `-XmyPlatform=container` to run these tests" />
		<system-out>07:21:41 INFO  ==============================================================
07:21:41 INFO  Id:    SoftwareManagement.Plugin.apama_plugin_remove
07:21:41 INFO  Dir:   plugin_apama/
07:21:41 INFO  Title: Validate apama plugin remove
07:21:41 INFO  ==============================================================
07:21:41 INFO  Apama plugin tests are disabled by default. Execute `pysys run` with `-XmyPlatform=container` to run these tests ... skipped
07:21:41 WARN  Aborted test due to SKIPPED outcome
07:21:41 INFO  
07:21:41 INFO  Test duration: 0.03 secs
07:21:41 INFO  Test final outcome:  SKIPPED
07:21:41 INFO  Test outcome reason: Apama plugin tests are disabled by default. Execute `pysys run` with `-XmyPlatform=container` to run these tests
07:21:41 INFO  
</system-out>
	</testcase>
<testcase classname="ApamaPluginRemoveTest" name="SoftwareManagement.Plugin.apama_plugin_remove" />
<testcase classname="ApamaPluginRemoveTest" name="SoftwareManagement.Plugin.apama_plugin_remove" />
</testsuite><testsuite name="SoftwareManagement.Plugin.apama_plugin_update" tests="3" errors="0" failures="0" skipped="3" time="0"><testcase classname="ApamaPluginUpdateTest" name="SoftwareManagement.Plugin.apama_plugin_update">
		<skipped message="SKIPPED: Test execution disabled due to #1052" />
		<system-out>07:21:41 INFO  ==============================================================
07:21:41 INFO  Id:    SoftwareManagement.Plugin.apama_plugin_update
07:21:41 INFO  Dir:   plugin_apama/
07:21:41 INFO  Title: Validate apama plugin updating one project with another
07:21:41 INFO  ==============================================================
07:21:41 INFO  Test execution disabled due to #1052 ... skipped
07:21:41 INFO  
07:21:41 INFO  Test duration: 0.02 secs
07:21:41 INFO  Test final outcome:  SKIPPED
07:21:41 INFO  Test outcome reason: Test execution disabled due to #1052
07:21:41 INFO  
</system-out>
	</testcase>
<testcase classname="ApamaPluginUpdateTest" name="SoftwareManagement.Plugin.apama_plugin_update">
		<skipped message="SKIPPED: Test execution disabled due to #1052" />
		<system-out>08:14:23 INFO  ==============================================================
08:14:23 INFO  Id:    SoftwareManagement.Plugin.apama_plugin_update
08:14:23 INFO  Dir:   plugin_apama/
08:14:23 INFO  Title: Validate apama plugin updating one project with another
08:14:23 INFO  ==============================================================
08:14:23 INFO  Test execution disabled due to #1052 ... skipped
08:14:23 INFO  
08:14:23 INFO  Test duration: 0.02 secs
08:14:23 INFO  Test final outcome:  SKIPPED
08:14:23 INFO  Test outcome reason: Test execution disabled due to #1052
08:14:23 INFO  
</system-out>
	</testcase>
<testcase classname="ApamaPluginUpdateTest" name="SoftwareManagement.Plugin.apama_plugin_update">
		<skipped message="SKIPPED: Test execution disabled due to #1052" />
		<system-out>08:22:58 INFO  ==============================================================
08:22:58 INFO  Id:    SoftwareManagement.Plugin.apama_plugin_update
08:22:58 INFO  Dir:   plugin_apama/
08:22:58 INFO  Title: Validate apama plugin updating one project with another
08:22:58 INFO  ==============================================================
08:22:58 INFO  Test execution disabled due to #1052 ... skipped
08:22:58 INFO  
08:22:58 INFO  Test duration: 0.02 secs
08:22:58 INFO  Test final outcome:  SKIPPED
08:22:58 INFO  Test outcome reason: Test execution disabled due to #1052
08:22:58 INFO  
</system-out>
	</testcase>
</testsuite><testsuite name="SoftwareManagement.sm_apt_install_download_path" tests="3" errors="0" failures="2" skipped="1" time="0"><testcase classname="AptInstallWithDownloadPath" name="SoftwareManagement.sm_apt_install_download_path">
		<skipped message="SKIPPED: Testing the apt plugin is not supported on this platform.Use parameter -XmyPlatform='container' to enable it" />
		<system-out>07:31:24 INFO  ==============================================================
07:31:24 INFO  Id:    SoftwareManagement.sm_apt_install_download_path
07:31:24 INFO  Dir:   software_management_end_to_end/
07:31:24 INFO  Title: Install package to directory specified in tedge config set tmp.path
07:31:24 INFO  ==============================================================
07:31:24 INFO  Testing the apt plugin is not supported on this platform.Use parameter -XmyPlatform='container' to enable it ... skipped
07:31:24 WARN  Aborted test due to SKIPPED outcome
07:31:24 INFO  
07:31:24 INFO  Test duration: 0.06 secs
07:31:24 INFO  Test final outcome:  SKIPPED
07:31:24 INFO  Test outcome reason: Testing the apt plugin is not supported on this platform.Use parameter -XmyPlatform='container' to enable it
07:31:24 INFO  
</system-out>
	</testcase>
<testcase classname="AptInstallWithDownloadPath" name="SoftwareManagement.sm_apt_install_download_path">
		<failure message="BLOCKED: AssertionError:" type="BLOCKED" />
		<system-out>07:56:00 INFO  ==============================================================
07:56:00 INFO  Id:    SoftwareManagement.sm_apt_install_download_path
07:56:00 INFO  Dir:   software_management_end_to_end/
07:56:00 INFO  Title: Install package to directory specified in tedge config set tmp.path
07:56:00 INFO  ==============================================================
07:56:01 INFO  Using sw id database: {'asciijump': '5475369', 'robotfindskitten': '5474869', 'squirrel3': '5475279', 'rolldice': '5152439', 'moon-buggy': '5439204', 'apple': '5495053', 'banana': '5494888', 'cherry': '5495382', 'watermelon': '5494510', 'registry': '8018911', 'hello-world': '8021526', 'docker/getting-started': '8021973', 'alpine': '7991792'}
07:56:01 INFO  EnvironmentC8y Setup
07:56:01 INFO  Executed systemctl&lt;serv_mapper1&gt;, exit status 3
07:56:16 INFO  Executed sudo&lt;tedge_connect_c8y&gt;, exit status 0, duration 14 secs
07:56:18 INFO  Executed sudo&lt;tedge_connect_c8y_test&gt;, exit status 0
07:56:19 INFO  Executed systemctl&lt;serv_mosq2&gt;, exit status 0
07:56:20 INFO  Executed systemctl&lt;serv_mapper3&gt;, exit status 0
07:56:22 ERROR No operations found, assuming it passed
07:56:22 INFO  Assert that (False == value) with value=False ... passed
07:56:23 INFO  Executed sudo, exit status 0
07:56:23 INFO  Executed sudo, exit status 0
07:56:24 INFO  Executed sudo, exit status 0
07:56:28 INFO  Executed sudo&lt;tedge_disconnect_c8y&gt;, exit status 0
07:56:28 INFO  Restarting mosquitto too frequently in the last 10 seconds. It was only up for 3 seconds
07:56:28 INFO  Delaying execution by 8 seconds
07:56:50 INFO  Executed sudo&lt;tedge_connect_c8y&gt;, exit status 0, duration 13 secs
07:56:50 INFO  Response status: 201
07:56:50 INFO  Response to action: {
    "creationTime": "2022-05-16T07:56:50.388Z",
    "deviceId": "19104451",
    "deviceName": "mythicd",
    "self": "https://t493319102.eu-latest.cumulocity.com/devicecontrol/operations/19118907",
    "id": "19118907",
    "status": "PENDING",
    "description": "Apply software changes, triggered from PySys: [{'name': 'rolldice', 'id': '5152439', 'version': '::apt', 'url': 'https://thin-edge-io.eu-latest.cumulocity.com/inventory/binaries/12435463', 'action': 'install'}]",
    "c8y_SoftwareUpdate": [
        {
            "name": "rolldice",
            "action": "install",
            "id": "5152439",
            "version": "::apt",
            "url": "https://thin-edge-io.eu-latest.cumulocity.com/inventory/binaries/12435463"
        }
    ]
}
07:56:50 INFO  Started operation: {'creationTime': '2022-05-16T07:56:50.388Z', 'deviceId': '19104451', 'deviceName': 'mythicd', 'self': 'https://t493319102.eu-latest.cumulocity.com/devicecontrol/operations/19118907', 'id': '19118907', 'status': 'PENDING', 'description': "Apply software changes, triggered from PySys: [{'name': 'rolldice', 'id': '5152439', 'version': '::apt', 'url': 'https://thin-edge-io.eu-latest.cumulocity.com/inventory/binaries/12435463', 'action': 'install'}]", 'c8y_SoftwareUpdate': [{'name': 'rolldice', 'action': 'install', 'id': '5152439', 'version': '::apt', 'url': 'https://thin-edge-io.eu-latest.cumulocity.com/inventory/binaries/12435463'}]}
07:56:50 WARN  , retrying in 0.5 seconds...
07:56:50 WARN  , retrying in 0.5 seconds...
07:56:51 WARN  , retrying in 0.5 seconds...
07:56:51 WARN  , retrying in 0.5 seconds...
07:56:52 WARN  , retrying in 0.5 seconds...
07:56:52 WARN  , retrying in 0.5 seconds...
07:56:53 WARN  , retrying in 0.5 seconds...
07:56:53 WARN  , retrying in 0.5 seconds...
07:56:54 WARN  , retrying in 0.5 seconds...
07:56:54 WARN  AssertionError occurred while running test - 
Traceback (most recent call last):
  File "/home/pi/env-pysys/lib/python3.7/site-packages/pysys/baserunner.py", line 1294, in __call__
    self.testObj.execute()
  File "/home/pi/actions-runner/_work/thin-edge.io/thin-edge.io/tests/PySys/software_management_end_to_end/sm_apt_install_download_path/run.py", line 83, in execute
    assert_install_in_download_path(install_directory=self.DOWNLOAD_DIR)
  File "/home/pi/env-pysys/lib/python3.7/site-packages/decorator.py", line 232, in fun
    return caller(func, *(extras + args), **kw)
  File "/home/pi/env-pysys/lib/python3.7/site-packages/retry/api.py", line 74, in retry_decorator
    logger)
  File "/home/pi/env-pysys/lib/python3.7/site-packages/retry/api.py", line 33, in __retry_internal
    return f()
  File "/home/pi/actions-runner/_work/thin-edge.io/thin-edge.io/tests/PySys/software_management_end_to_end/sm_apt_install_download_path/run.py", line 28, in assert_install_in_download_path
    assert "rolldice" in os.listdir(f"{install_directory}")
AssertionError
07:56:55 WARN  AssertionError: ... blocked 
07:56:55 INFO  
07:56:55 INFO  cleanup:
07:56:56 INFO  Executed sudo, exit status 0
07:56:56 INFO  Executed sudo, exit status 0
07:57:01 INFO  Executed sudo&lt;tedge_disconnect_c8y&gt;, exit status 0
07:57:01 INFO  Restarting mosquitto too frequently in the last 10 seconds. It was only up for 4 seconds
07:57:01 INFO  Delaying execution by 7 seconds
07:57:22 INFO  Executed sudo&lt;tedge_connect_c8y&gt;, exit status 0, duration 14 secs
07:57:26 INFO  Executed sudo&lt;tedge_disconnect_c8y&gt;, exit status 0
07:57:27 INFO  Executed systemctl&lt;serv_mapper5&gt;, exit status 3
07:57:27 INFO  
07:57:27 INFO  Test duration: 86.56 secs
07:57:27 INFO  Test final outcome:  BLOCKED
07:57:27 INFO  Test outcome reason: AssertionError:
07:57:27 INFO  
</system-out>
	</testcase>
<testcase classname="AptInstallWithDownloadPath" name="SoftwareManagement.sm_apt_install_download_path">
		<failure message="BLOCKED: AssertionError:" type="BLOCKED" />
		<system-out>08:22:58 INFO  ==============================================================
08:22:58 INFO  Id:    SoftwareManagement.sm_apt_install_download_path
08:22:58 INFO  Dir:   software_management_end_to_end/
08:22:58 INFO  Title: Install package to directory specified in tedge config set tmp.path
08:22:58 INFO  ==============================================================
08:22:59 INFO  Using sw id database: {'asciijump': '5475369', 'robotfindskitten': '5474869', 'squirrel3': '5475279', 'rolldice': '5152439', 'moon-buggy': '5439204', 'apple': '5495053', 'banana': '5494888', 'cherry': '5495382', 'watermelon': '5494510', 'registry': '8018911', 'hello-world': '8021526', 'docker/getting-started': '8021973', 'alpine': '7991792'}
08:22:59 INFO  EnvironmentC8y Setup
08:23:00 INFO  Executed systemctl&lt;serv_mapper1&gt;, exit status 3
08:23:14 INFO  Executed sudo&lt;tedge_connect_c8y&gt;, exit status 0, duration 14 secs
08:23:15 INFO  Executed sudo&lt;tedge_connect_c8y_test&gt;, exit status 0
08:23:16 INFO  Executed systemctl&lt;serv_mosq2&gt;, exit status 0
08:23:16 INFO  Executed systemctl&lt;serv_mapper3&gt;, exit status 0
08:23:18 INFO  State of current operation: SUCCESSFUL
08:23:19 INFO  Assert that (False == value) with value=False ... passed
08:23:19 INFO  Executed sudo, exit status 0
08:23:20 INFO  Executed sudo, exit status 0
08:23:20 INFO  Executed sudo, exit status 0
08:23:24 INFO  Executed sudo&lt;tedge_disconnect_c8y&gt;, exit status 0
08:23:25 INFO  Restarting mosquitto too frequently in the last 10 seconds. It was only up for 3 seconds
08:23:25 INFO  Delaying execution by 8 seconds
08:23:46 INFO  Executed sudo&lt;tedge_connect_c8y&gt;, exit status 0, duration 13 secs
08:23:47 INFO  Response status: 201
08:23:47 INFO  Response to action: {
    "creationTime": "2022-05-16T08:23:47.167Z",
    "deviceId": "19104451",
    "deviceName": "mythicd",
    "self": "https://t493319102.eu-latest.cumulocity.com/devicecontrol/operations/19133107",
    "id": "19133107",
    "status": "PENDING",
    "description": "Apply software changes, triggered from PySys: [{'name': 'rolldice', 'id': '5152439', 'version': '::apt', 'url': 'https://thin-edge-io.eu-latest.cumulocity.com/inventory/binaries/12435463', 'action': 'install'}]",
    "c8y_SoftwareUpdate": [
        {
            "name": "rolldice",
            "action": "install",
            "id": "5152439",
            "version": "::apt",
            "url": "https://thin-edge-io.eu-latest.cumulocity.com/inventory/binaries/12435463"
        }
    ]
}
08:23:47 INFO  Started operation: {'creationTime': '2022-05-16T08:23:47.167Z', 'deviceId': '19104451', 'deviceName': 'mythicd', 'self': 'https://t493319102.eu-latest.cumulocity.com/devicecontrol/operations/19133107', 'id': '19133107', 'status': 'PENDING', 'description': "Apply software changes, triggered from PySys: [{'name': 'rolldice', 'id': '5152439', 'version': '::apt', 'url': 'https://thin-edge-io.eu-latest.cumulocity.com/inventory/binaries/12435463', 'action': 'install'}]", 'c8y_SoftwareUpdate': [{'name': 'rolldice', 'action': 'install', 'id': '5152439', 'version': '::apt', 'url': 'https://thin-edge-io.eu-latest.cumulocity.com/inventory/binaries/12435463'}]}
08:23:47 WARN  , retrying in 0.5 seconds...
08:23:47 WARN  , retrying in 0.5 seconds...
08:23:48 WARN  , retrying in 0.5 seconds...
08:23:48 WARN  , retrying in 0.5 seconds...
08:23:49 WARN  , retrying in 0.5 seconds...
08:23:49 WARN  , retrying in 0.5 seconds...
08:23:50 WARN  , retrying in 0.5 seconds...
08:23:50 WARN  , retrying in 0.5 seconds...
08:23:51 WARN  , retrying in 0.5 seconds...
08:23:51 WARN  AssertionError occurred while running test - 
Traceback (most recent call last):
  File "/home/pi/env-pysys/lib/python3.7/site-packages/pysys/baserunner.py", line 1294, in __call__
    self.testObj.execute()
  File "/home/pi/actions-runner/_work/thin-edge.io/thin-edge.io/tests/PySys/software_management_end_to_end/sm_apt_install_download_path/run.py", line 83, in execute
    assert_install_in_download_path(install_directory=self.DOWNLOAD_DIR)
  File "/home/pi/env-pysys/lib/python3.7/site-packages/decorator.py", line 232, in fun
    return caller(func, *(extras + args), **kw)
  File "/home/pi/env-pysys/lib/python3.7/site-packages/retry/api.py", line 74, in retry_decorator
    logger)
  File "/home/pi/env-pysys/lib/python3.7/site-packages/retry/api.py", line 33, in __retry_internal
    return f()
  File "/home/pi/actions-runner/_work/thin-edge.io/thin-edge.io/tests/PySys/software_management_end_to_end/sm_apt_install_download_path/run.py", line 28, in assert_install_in_download_path
    assert "rolldice" in os.listdir(f"{install_directory}")
AssertionError
08:23:52 WARN  AssertionError: ... blocked 
08:23:52 INFO  
08:23:52 INFO  cleanup:
08:23:52 INFO  Executed sudo, exit status 0
08:23:53 INFO  Executed sudo, exit status 0
08:23:57 INFO  Executed sudo&lt;tedge_disconnect_c8y&gt;, exit status 0
08:23:57 INFO  Restarting mosquitto too frequently in the last 10 seconds. It was only up for 4 seconds
08:23:57 INFO  Delaying execution by 7 seconds
08:24:18 INFO  Executed sudo&lt;tedge_connect_c8y&gt;, exit status 0, duration 13 secs
08:24:23 INFO  Executed sudo&lt;tedge_disconnect_c8y&gt;, exit status 0
08:24:23 INFO  Executed systemctl&lt;serv_mapper5&gt;, exit status 3
08:24:23 INFO  
08:24:23 INFO  Test duration: 85.66 secs
08:24:23 INFO  Test final outcome:  BLOCKED
08:24:23 INFO  Test outcome reason: AssertionError:
08:24:23 INFO  
</system-out>
	</testcase>
</testsuite><testsuite name="SoftwareManagement.sm_apt_install_fail" tests="3" errors="0" failures="0" skipped="1" time="0"><testcase classname="PySysTest" name="SoftwareManagement.sm_apt_install_fail">
		<skipped message="SKIPPED: Testing the apt plugin is not supported on this platform.Use parameter -XmyPlatform='container' to enable it" />
		<system-out>07:31:24 INFO  ==============================================================
07:31:24 INFO  Id:    SoftwareManagement.sm_apt_install_fail
07:31:24 INFO  Dir:   software_management_end_to_end/
07:31:24 INFO  Title: Validate end to end behaviour for a failing installation
07:31:24 INFO  ==============================================================
07:31:24 INFO  Testing the apt plugin is not supported on this platform.Use parameter -XmyPlatform='container' to enable it ... skipped
07:31:24 WARN  Aborted test due to SKIPPED outcome
07:31:24 INFO  
07:31:24 INFO  Test duration: 0.02 secs
07:31:24 INFO  Test final outcome:  SKIPPED
07:31:24 INFO  Test outcome reason: Testing the apt plugin is not supported on this platform.Use parameter -XmyPlatform='container' to enable it
07:31:24 INFO  
</system-out>
	</testcase>
<testcase classname="PySysTest" name="SoftwareManagement.sm_apt_install_fail" />
<testcase classname="PySysTest" name="SoftwareManagement.sm_apt_install_fail" />
</testsuite><testsuite name="SoftwareManagement.sm_apt_install_remove" tests="3" errors="0" failures="0" skipped="1" time="0"><testcase classname="PySysTest" name="SoftwareManagement.sm_apt_install_remove">
		<skipped message="SKIPPED: Testing the apt plugin is not supported on this platform.Use parameter -XmyPlatform='container' to enable it" />
		<system-out>07:31:24 INFO  ==============================================================
07:31:24 INFO  Id:    SoftwareManagement.sm_apt_install_remove
07:31:24 INFO  Dir:   software_management_end_to_end/
07:31:24 INFO  Title: Validate end to end behaviour for the apt plugin for installation and removal of packages
07:31:24 INFO  ==============================================================
07:31:24 INFO  Testing the apt plugin is not supported on this platform.Use parameter -XmyPlatform='container' to enable it ... skipped
07:31:24 WARN  Aborted test due to SKIPPED outcome
07:31:24 INFO  
07:31:24 INFO  Test duration: 0.02 secs
07:31:24 INFO  Test final outcome:  SKIPPED
07:31:24 INFO  Test outcome reason: Testing the apt plugin is not supported on this platform.Use parameter -XmyPlatform='container' to enable it
07:31:24 INFO  
</system-out>
	</testcase>
<testcase classname="PySysTest" name="SoftwareManagement.sm_apt_install_remove" />
<testcase classname="PySysTest" name="SoftwareManagement.sm_apt_install_remove" />
</testsuite><testsuite name="SoftwareManagement.sm_apt_install_remove_default" tests="3" errors="0" failures="0" skipped="1" time="0"><testcase classname="PySysTest" name="SoftwareManagement.sm_apt_install_remove_default">
		<skipped message="SKIPPED: Testing the apt plugin is not supported on this platform.Use parameter -XmyPlatform='container' to enable it" />
		<system-out>07:31:24 INFO  ==============================================================
07:31:24 INFO  Id:    SoftwareManagement.sm_apt_install_remove_default
07:31:24 INFO  Dir:   software_management_end_to_end/
07:31:24 INFO  Title: Validate end to end behaviour for the default plugin for installation and removal of packages
07:31:24 INFO  ==============================================================
07:31:24 INFO  Testing the apt plugin is not supported on this platform.Use parameter -XmyPlatform='container' to enable it ... skipped
07:31:24 WARN  Aborted test due to SKIPPED outcome
07:31:24 INFO  
07:31:24 INFO  Test duration: 0.02 secs
07:31:24 INFO  Test final outcome:  SKIPPED
07:31:24 INFO  Test outcome reason: Testing the apt plugin is not supported on this platform.Use parameter -XmyPlatform='container' to enable it
07:31:24 INFO  
</system-out>
	</testcase>
<testcase classname="PySysTest" name="SoftwareManagement.sm_apt_install_remove_default" />
<testcase classname="PySysTest" name="SoftwareManagement.sm_apt_install_remove_default" />
</testsuite><testsuite name="SoftwareManagement.sm_apt_install_remove_multiple" tests="3" errors="0" failures="2" skipped="1" time="0"><testcase classname="PySysTest" name="SoftwareManagement.sm_apt_install_remove_multiple">
		<skipped message="SKIPPED: Testing the apt plugin is not supported on this platform.Use parameter -XmyPlatform='container' to enable it" />
		<system-out>07:31:24 INFO  ==============================================================
07:31:24 INFO  Id:    SoftwareManagement.sm_apt_install_remove_multiple
07:31:25 INFO  Dir:   software_management_end_to_end/
07:31:25 INFO  Title: Validate end to end behaviour for the apt plugin for multiple packages
07:31:25 INFO  ==============================================================
07:31:25 INFO  Testing the apt plugin is not supported on this platform.Use parameter -XmyPlatform='container' to enable it ... skipped
07:31:25 WARN  Aborted test due to SKIPPED outcome
07:31:25 INFO  
07:31:25 INFO  Test duration: 0.02 secs
07:31:25 INFO  Test final outcome:  SKIPPED
07:31:25 INFO  Test outcome reason: Testing the apt plugin is not supported on this platform.Use parameter -XmyPlatform='container' to enable it
07:31:25 INFO  
</system-out>
	</testcase>
<testcase classname="PySysTest" name="SoftwareManagement.sm_apt_install_remove_multiple">
		<failure message="FAILED: Assert that (False == value) with value=True" type="FAILED" />
		<system-out>08:04:24 INFO  ==============================================================
08:04:24 INFO  Id:    SoftwareManagement.sm_apt_install_remove_multiple
08:04:24 INFO  Dir:   software_management_end_to_end/
08:04:24 INFO  Title: Validate end to end behaviour for the apt plugin for multiple packages
08:04:24 INFO  ==============================================================
08:04:24 INFO  Using sw id database: {'asciijump': '5475369', 'robotfindskitten': '5474869', 'squirrel3': '5475279', 'rolldice': '5152439', 'moon-buggy': '5439204', 'apple': '5495053', 'banana': '5494888', 'cherry': '5495382', 'watermelon': '5494510', 'registry': '8018911', 'hello-world': '8021526', 'docker/getting-started': '8021973', 'alpine': '7991792'}
08:04:24 INFO  EnvironmentC8y Setup
08:04:24 INFO  Executed systemctl&lt;serv_mapper1&gt;, exit status 3
08:04:24 INFO  Restarting mosquitto too frequently in the last 10 seconds. It was only up for 5 seconds
08:04:24 INFO  Delaying execution by 6 seconds
08:04:45 INFO  Executed sudo&lt;tedge_connect_c8y&gt;, exit status 0, duration 14 secs
08:04:45 INFO  Executed sudo&lt;tedge_connect_c8y_test&gt;, exit status 0
08:04:46 INFO  Executed systemctl&lt;serv_mosq2&gt;, exit status 0
08:04:46 INFO  Executed systemctl&lt;serv_mapper3&gt;, exit status 0
08:04:49 INFO  State of current operation: SUCCESSFUL
08:04:49 INFO  Assert that (False == value) with value=False ... passed
08:04:49 INFO  Assert that (False == value) with value=False ... passed
08:04:49 INFO  Assert that (False == value) with value=False ... passed
08:04:50 INFO  Package robotfindskitten is installed
08:04:50 WARN  Assert that (False == value) with value=True ... failed 
08:04:50 INFO  Response status: 201
08:04:50 INFO  Response to action: {
    "creationTime": "2022-05-16T08:04:50.282Z",
    "deviceId": "19104451",
    "deviceName": "mythicd",
    "self": "https://t493319102.eu-latest.cumulocity.com/devicecontrol/operations/19118994",
    "id": "19118994",
    "status": "PENDING",
    "description": "Apply software changes, triggered from PySys: [{'action': 'install', 'id': '5475369', 'name': 'asciijump', 'url': ' ', 'version': '::apt'}, {'action': 'install', 'id': '5474869', 'name': 'robotfindskitten', 'url': ' ', 'version': '::apt'}, {'action': 'install', 'id': '5475279', 'name': 'squirrel3', 'url': ' ', 'version': '::apt'}]",
    "c8y_SoftwareUpdate": [
        {
            "name": "asciijump",
            "action": "install",
            "id": "5475369",
            "version": "::apt",
            "url": " "
        },
        {
            "name": "robotfindskitten",
            "action": "install",
            "id": "5474869",
            "version": "::apt",
            "url": " "
        },
        {
            "name": "squirrel3",
            "action": "install",
            "id": "5475279",
            "version": "::apt",
            "url": " "
        }
    ]
}
08:04:50 INFO  Started operation: {'creationTime': '2022-05-16T08:04:50.282Z', 'deviceId': '19104451', 'deviceName': 'mythicd', 'self': 'https://t493319102.eu-latest.cumulocity.com/devicecontrol/operations/19118994', 'id': '19118994', 'status': 'PENDING', 'description': "Apply software changes, triggered from PySys: [{'action': 'install', 'id': '5475369', 'name': 'asciijump', 'url': ' ', 'version': '::apt'}, {'action': 'install', 'id': '5474869', 'name': 'robotfindskitten', 'url': ' ', 'version': '::apt'}, {'action': 'install', 'id': '5475279', 'name': 'squirrel3', 'url': ' ', 'version': '::apt'}]", 'c8y_SoftwareUpdate': [{'name': 'asciijump', 'action': 'install', 'id': '5475369', 'version': '::apt', 'url': ' '}, {'name': 'robotfindskitten', 'action': 'install', 'id': '5474869', 'version': '::apt', 'url': ' '}, {'name': 'squirrel3', 'action': 'install', 'id': '5475279', 'version': '::apt', 'url': ' '}]}
08:04:52 INFO  State of operation 19118994 : PENDING
08:04:54 INFO  State of operation 19118994 : EXECUTING
08:04:57 INFO  State of operation 19118994 : EXECUTING
08:04:59 INFO  State of operation 19118994 : EXECUTING
08:05:01 INFO  State of operation 19118994 : EXECUTING
08:05:03 INFO  State of operation 19118994 : EXECUTING
08:05:06 INFO  State of operation 19118994 : EXECUTING
08:05:09 INFO  State of operation 19118994 : EXECUTING
08:05:11 INFO  State of operation 19118994 : EXECUTING
08:05:14 INFO  State of operation 19118994 : EXECUTING
08:05:16 INFO  State of operation 19118994 : EXECUTING
08:05:18 INFO  State of operation 19118994 : EXECUTING
08:05:21 INFO  State of operation 19118994 : EXECUTING
08:05:23 INFO  State of operation 19118994 : EXECUTING
08:05:25 INFO  State of operation 19118994 : EXECUTING
08:05:27 INFO  State of operation 19118994 : EXECUTING
08:05:30 INFO  State of operation 19118994 : EXECUTING
08:05:32 INFO  State of operation 19118994 : EXECUTING
08:05:35 INFO  State of operation 19118994 : EXECUTING
08:05:37 INFO  State of operation 19118994 : EXECUTING
08:05:39 INFO  State of operation 19118994 : EXECUTING
08:05:41 INFO  State of operation 19118994 : EXECUTING
08:05:44 INFO  State of operation 19118994 : EXECUTING
08:05:46 INFO  State of operation 19118994 : EXECUTING
08:05:49 INFO  State of operation 19118994 : EXECUTING
08:05:51 INFO  State of operation 19118994 : EXECUTING
08:05:54 INFO  State of operation 19118994 : EXECUTING
08:05:56 INFO  State of operation 19118994 : EXECUTING
08:05:59 INFO  State of operation 19118994 : EXECUTING
08:06:01 INFO  State of operation 19118994 : EXECUTING
08:06:03 INFO  State of operation 19118994 : EXECUTING
08:06:05 INFO  State of operation 19118994 : EXECUTING
08:06:08 INFO  State of operation 19118994 : EXECUTING
08:06:10 INFO  State of operation 19118994 : EXECUTING
08:06:12 INFO  State of operation 19118994 : SUCCESSFUL
08:06:12 INFO  Assert that (False == value) with value=False ... passed
08:06:13 INFO  Package asciijump is installed
08:06:13 INFO  Assert that (True == value) with value=True ... passed
08:06:13 INFO  Package squirrel3 is installed
08:06:13 INFO  Assert that (True == value) with value=True ... passed
08:06:13 INFO  Package robotfindskitten is installed
08:06:13 INFO  Assert that (True == value) with value=True ... passed
08:06:13 INFO  Response status: 201
08:06:13 INFO  Response to action: {
    "creationTime": "2022-05-16T08:06:13.635Z",
    "deviceId": "19104451",
    "deviceName": "mythicd",
    "self": "https://t493319102.eu-latest.cumulocity.com/devicecontrol/operations/19119010",
    "id": "19119010",
    "status": "PENDING",
    "description": "Apply software changes, triggered from PySys: [{'action': 'delete', 'id': '5475369', 'name': 'asciijump', 'url': ' ', 'version': '::apt'}, {'action': 'delete', 'id': '5474869', 'name': 'robotfindskitten', 'url': ' ', 'version': '::apt'}, {'action': 'delete', 'id': '5475279', 'name': 'squirrel3', 'url': ' ', 'version': '::apt'}]",
    "c8y_SoftwareUpdate": [
        {
            "name": "asciijump",
            "action": "delete",
            "id": "5475369",
            "version": "::apt",
            "url": " "
        },
        {
            "name": "robotfindskitten",
            "action": "delete",
            "id": "5474869",
            "version": "::apt",
            "url": " "
        },
        {
            "name": "squirrel3",
            "action": "delete",
            "id": "5475279",
            "version": "::apt",
            "url": " "
        }
    ]
}
08:06:13 INFO  Started operation: {'creationTime': '2022-05-16T08:06:13.635Z', 'deviceId': '19104451', 'deviceName': 'mythicd', 'self': 'https://t493319102.eu-latest.cumulocity.com/devicecontrol/operations/19119010', 'id': '19119010', 'status': 'PENDING', 'description': "Apply software changes, triggered from PySys: [{'action': 'delete', 'id': '5475369', 'name': 'asciijump', 'url': ' ', 'version': '::apt'}, {'action': 'delete', 'id': '5474869', 'name': 'robotfindskitten', 'url': ' ', 'version': '::apt'}, {'action': 'delete', 'id': '5475279', 'name': 'squirrel3', 'url': ' ', 'version': '::apt'}]", 'c8y_SoftwareUpdate': [{'name': 'asciijump', 'action': 'delete', 'id': '5475369', 'version': '::apt', 'url': ' '}, {'name': 'robotfindskitten', 'action': 'delete', 'id': '5474869', 'version': '::apt', 'url': ' '}, {'name': 'squirrel3', 'action': 'delete', 'id': '5475279', 'version': '::apt', 'url': ' '}]}
08:06:15 INFO  State of operation 19119010 : PENDING
08:06:18 INFO  State of operation 19119010 : EXECUTING
08:06:20 INFO  State of operation 19119010 : EXECUTING
08:06:22 INFO  State of operation 19119010 : EXECUTING
08:06:24 INFO  State of operation 19119010 : EXECUTING
08:06:26 INFO  State of operation 19119010 : EXECUTING
08:06:29 INFO  State of operation 19119010 : EXECUTING
08:06:33 INFO  State of operation 19119010 : EXECUTING
08:06:35 INFO  State of operation 19119010 : EXECUTING
08:06:37 INFO  State of operation 19119010 : EXECUTING
08:06:40 INFO  State of operation 19119010 : EXECUTING
08:06:42 INFO  State of operation 19119010 : EXECUTING
08:06:44 INFO  State of operation 19119010 : EXECUTING
08:06:46 INFO  State of operation 19119010 : EXECUTING
08:06:49 INFO  State of operation 19119010 : EXECUTING
08:06:51 INFO  State of operation 19119010 : EXECUTING
08:06:53 INFO  State of operation 19119010 : EXECUTING
08:06:56 INFO  State of operation 19119010 : EXECUTING
08:06:58 INFO  State of operation 19119010 : EXECUTING
08:07:01 INFO  State of operation 19119010 : EXECUTING
08:07:03 INFO  State of operation 19119010 : EXECUTING
08:07:05 INFO  State of operation 19119010 : EXECUTING
08:07:07 INFO  State of operation 19119010 : EXECUTING
08:07:10 INFO  State of operation 19119010 : EXECUTING
08:07:12 INFO  State of operation 19119010 : EXECUTING
08:07:15 INFO  State of operation 19119010 : EXECUTING
08:07:17 INFO  State of operation 19119010 : EXECUTING
08:07:19 INFO  State of operation 19119010 : EXECUTING
08:07:22 INFO  State of operation 19119010 : SUCCESSFUL
08:07:22 INFO  Assert that (False == value) with value=False ... passed
08:07:22 INFO  Assert that (False == value) with value=False ... passed
08:07:22 INFO  Assert that (False == value) with value=False ... passed
08:07:23 INFO  Assert that (False == value) with value=False ... passed
08:07:23 INFO  
08:07:23 INFO  cleanup:
08:07:27 INFO  Executed sudo&lt;tedge_disconnect_c8y&gt;, exit status 0
08:07:27 INFO  Executed systemctl&lt;serv_mapper5&gt;, exit status 3
08:07:27 INFO  
08:07:27 INFO  Test duration: 183.59 secs
08:07:27 INFO  Test final outcome:  FAILED
08:07:27 INFO  Test outcome reason: Assert that (False == value) with value=True
08:07:27 INFO  
</system-out>
	</testcase>
<testcase classname="PySysTest" name="SoftwareManagement.sm_apt_install_remove_multiple">
		<failure message="FAILED: Assert that (False == value) with value=True (+2 other failures)" type="FAILED" />
		<system-out>08:31:05 INFO  ==============================================================
08:31:05 INFO  Id:    SoftwareManagement.sm_apt_install_remove_multiple
08:31:05 INFO  Dir:   software_management_end_to_end/
08:31:05 INFO  Title: Validate end to end behaviour for the apt plugin for multiple packages
08:31:05 INFO  ==============================================================
08:31:05 INFO  Using sw id database: {'asciijump': '5475369', 'robotfindskitten': '5474869', 'squirrel3': '5475279', 'rolldice': '5152439', 'moon-buggy': '5439204', 'apple': '5495053', 'banana': '5494888', 'cherry': '5495382', 'watermelon': '5494510', 'registry': '8018911', 'hello-world': '8021526', 'docker/getting-started': '8021973', 'alpine': '7991792'}
08:31:05 INFO  EnvironmentC8y Setup
08:31:05 INFO  Executed systemctl&lt;serv_mapper1&gt;, exit status 3
08:31:06 INFO  Restarting mosquitto too frequently in the last 10 seconds. It was only up for 5 seconds
08:31:06 INFO  Delaying execution by 6 seconds
08:31:26 INFO  Executed sudo&lt;tedge_connect_c8y&gt;, exit status 0, duration 14 secs
08:31:26 INFO  Executed sudo&lt;tedge_connect_c8y_test&gt;, exit status 0
08:31:27 INFO  Executed systemctl&lt;serv_mosq2&gt;, exit status 0
08:31:27 INFO  Executed systemctl&lt;serv_mapper3&gt;, exit status 0
08:31:30 INFO  State of current operation: SUCCESSFUL
08:31:30 INFO  Assert that (False == value) with value=False ... passed
08:31:30 INFO  Package asciijump is installed
08:31:30 WARN  Assert that (False == value) with value=True ... failed 
08:31:30 INFO  Package squirrel3 is installed
08:31:30 WARN  Assert that (False == value) with value=True ... failed 
08:31:31 INFO  Package robotfindskitten is installed
08:31:31 WARN  Assert that (False == value) with value=True ... failed 
08:31:31 INFO  Response status: 201
08:31:31 INFO  Response to action: {
    "creationTime": "2022-05-16T08:31:31.392Z",
    "deviceId": "19104451",
    "deviceName": "mythicd",
    "self": "https://t493319102.eu-latest.cumulocity.com/devicecontrol/operations/19133195",
    "id": "19133195",
    "status": "PENDING",
    "description": "Apply software changes, triggered from PySys: [{'action': 'install', 'id': '5475369', 'name': 'asciijump', 'url': ' ', 'version': '::apt'}, {'action': 'install', 'id': '5474869', 'name': 'robotfindskitten', 'url': ' ', 'version': '::apt'}, {'action': 'install', 'id': '5475279', 'name': 'squirrel3', 'url': ' ', 'version': '::apt'}]",
    "c8y_SoftwareUpdate": [
        {
            "name": "asciijump",
            "action": "install",
            "id": "5475369",
            "version": "::apt",
            "url": " "
        },
        {
            "name": "robotfindskitten",
            "action": "install",
            "id": "5474869",
            "version": "::apt",
            "url": " "
        },
        {
            "name": "squirrel3",
            "action": "install",
            "id": "5475279",
            "version": "::apt",
            "url": " "
        }
    ]
}
08:31:31 INFO  Started operation: {'creationTime': '2022-05-16T08:31:31.392Z', 'deviceId': '19104451', 'deviceName': 'mythicd', 'self': 'https://t493319102.eu-latest.cumulocity.com/devicecontrol/operations/19133195', 'id': '19133195', 'status': 'PENDING', 'description': "Apply software changes, triggered from PySys: [{'action': 'install', 'id': '5475369', 'name': 'asciijump', 'url': ' ', 'version': '::apt'}, {'action': 'install', 'id': '5474869', 'name': 'robotfindskitten', 'url': ' ', 'version': '::apt'}, {'action': 'install', 'id': '5475279', 'name': 'squirrel3', 'url': ' ', 'version': '::apt'}]", 'c8y_SoftwareUpdate': [{'name': 'asciijump', 'action': 'install', 'id': '5475369', 'version': '::apt', 'url': ' '}, {'name': 'robotfindskitten', 'action': 'install', 'id': '5474869', 'version': '::apt', 'url': ' '}, {'name': 'squirrel3', 'action': 'install', 'id': '5475279', 'version': '::apt', 'url': ' '}]}
08:31:33 INFO  State of operation 19133195 : PENDING
08:31:35 INFO  State of operation 19133195 : EXECUTING
08:31:38 INFO  State of operation 19133195 : EXECUTING
08:31:40 INFO  State of operation 19133195 : EXECUTING
08:31:42 INFO  State of operation 19133195 : EXECUTING
08:31:44 INFO  State of operation 19133195 : EXECUTING
08:31:47 INFO  State of operation 19133195 : EXECUTING
08:31:50 INFO  State of operation 19133195 : EXECUTING
08:31:52 INFO  State of operation 19133195 : EXECUTING
08:31:55 INFO  State of operation 19133195 : EXECUTING
08:31:57 INFO  State of operation 19133195 : EXECUTING
08:31:59 INFO  State of operation 19133195 : EXECUTING
08:32:01 INFO  State of operation 19133195 : EXECUTING
08:32:04 INFO  State of operation 19133195 : EXECUTING
08:32:06 INFO  State of operation 19133195 : EXECUTING
08:32:08 INFO  State of operation 19133195 : EXECUTING
08:32:10 INFO  State of operation 19133195 : SUCCESSFUL
08:32:11 INFO  Assert that (False == value) with value=False ... passed
08:32:11 INFO  Package asciijump is installed
08:32:11 INFO  Assert that (True == value) with value=True ... passed
08:32:11 INFO  Package squirrel3 is installed
08:32:11 INFO  Assert that (True == value) with value=True ... passed
08:32:11 INFO  Package robotfindskitten is installed
08:32:11 INFO  Assert that (True == value) with value=True ... passed
08:32:12 INFO  Response status: 201
08:32:12 INFO  Response to action: {
    "creationTime": "2022-05-16T08:32:11.968Z",
    "deviceId": "19104451",
    "deviceName": "mythicd",
    "self": "https://t493319102.eu-latest.cumulocity.com/devicecontrol/operations/19133206",
    "id": "19133206",
    "status": "PENDING",
    "description": "Apply software changes, triggered from PySys: [{'action': 'delete', 'id': '5475369', 'name': 'asciijump', 'url': ' ', 'version': '::apt'}, {'action': 'delete', 'id': '5474869', 'name': 'robotfindskitten', 'url': ' ', 'version': '::apt'}, {'action': 'delete', 'id': '5475279', 'name': 'squirrel3', 'url': ' ', 'version': '::apt'}]",
    "c8y_SoftwareUpdate": [
        {
            "name": "asciijump",
            "action": "delete",
            "id": "5475369",
            "version": "::apt",
            "url": " "
        },
        {
            "name": "robotfindskitten",
            "action": "delete",
            "id": "5474869",
            "version": "::apt",
            "url": " "
        },
        {
            "name": "squirrel3",
            "action": "delete",
            "id": "5475279",
            "version": "::apt",
            "url": " "
        }
    ]
}
08:32:12 INFO  Started operation: {'creationTime': '2022-05-16T08:32:11.968Z', 'deviceId': '19104451', 'deviceName': 'mythicd', 'self': 'https://t493319102.eu-latest.cumulocity.com/devicecontrol/operations/19133206', 'id': '19133206', 'status': 'PENDING', 'description': "Apply software changes, triggered from PySys: [{'action': 'delete', 'id': '5475369', 'name': 'asciijump', 'url': ' ', 'version': '::apt'}, {'action': 'delete', 'id': '5474869', 'name': 'robotfindskitten', 'url': ' ', 'version': '::apt'}, {'action': 'delete', 'id': '5475279', 'name': 'squirrel3', 'url': ' ', 'version': '::apt'}]", 'c8y_SoftwareUpdate': [{'name': 'asciijump', 'action': 'delete', 'id': '5475369', 'version': '::apt', 'url': ' '}, {'name': 'robotfindskitten', 'action': 'delete', 'id': '5474869', 'version': '::apt', 'url': ' '}, {'name': 'squirrel3', 'action': 'delete', 'id': '5475279', 'version': '::apt', 'url': ' '}]}
08:32:14 INFO  State of operation 19133206 : PENDING
08:32:16 INFO  State of operation 19133206 : EXECUTING
08:32:18 INFO  State of operation 19133206 : EXECUTING
08:32:20 INFO  State of operation 19133206 : EXECUTING
08:32:23 INFO  State of operation 19133206 : EXECUTING
08:32:25 INFO  State of operation 19133206 : EXECUTING
08:32:28 INFO  State of operation 19133206 : EXECUTING
08:32:31 INFO  State of operation 19133206 : EXECUTING
08:32:33 INFO  State of operation 19133206 : EXECUTING
08:32:35 INFO  State of operation 19133206 : EXECUTING
08:32:38 INFO  State of operation 19133206 : EXECUTING
08:32:40 INFO  State of operation 19133206 : EXECUTING
08:32:42 INFO  State of operation 19133206 : EXECUTING
08:32:44 INFO  State of operation 19133206 : EXECUTING
08:32:46 INFO  State of operation 19133206 : EXECUTING
08:32:49 INFO  State of operation 19133206 : EXECUTING
08:32:51 INFO  State of operation 19133206 : EXECUTING
08:32:53 INFO  State of operation 19133206 : EXECUTING
08:32:57 INFO  State of operation 19133206 : EXECUTING
08:33:00 INFO  State of operation 19133206 : EXECUTING
08:33:02 INFO  State of operation 19133206 : EXECUTING
08:33:04 INFO  State of operation 19133206 : EXECUTING
08:33:06 INFO  State of operation 19133206 : EXECUTING
08:33:09 INFO  State of operation 19133206 : EXECUTING
08:33:11 INFO  State of operation 19133206 : EXECUTING
08:33:14 INFO  State of operation 19133206 : EXECUTING
08:33:16 INFO  State of operation 19133206 : EXECUTING
08:33:18 INFO  State of operation 19133206 : EXECUTING
08:33:21 INFO  State of operation 19133206 : EXECUTING
08:33:23 INFO  State of operation 19133206 : SUCCESSFUL
08:33:23 INFO  Assert that (False == value) with value=False ... passed
08:33:23 INFO  Assert that (False == value) with value=False ... passed
08:33:24 INFO  Assert that (False == value) with value=False ... passed
08:33:24 INFO  Assert that (False == value) with value=False ... passed
08:33:24 INFO  
08:33:24 INFO  cleanup:
08:33:28 INFO  Executed sudo&lt;tedge_disconnect_c8y&gt;, exit status 0
08:33:29 INFO  Executed systemctl&lt;serv_mapper5&gt;, exit status 3
08:33:29 INFO  
08:33:29 INFO  Test duration: 143.66 secs
08:33:29 INFO  Test final outcome:  FAILED
08:33:29 INFO  Test outcome reason: Assert that (False == value) with value=True (+2 other failures)
08:33:29 INFO  
</system-out>
	</testcase>
</testsuite><testsuite name="SoftwareManagement.sm_apt_install_remove_multiple_mixed" tests="3" errors="0" failures="2" skipped="1" time="0"><testcase classname="PySysTest" name="SoftwareManagement.sm_apt_install_remove_multiple_mixed">
		<skipped message="SKIPPED: Testing the apt plugin is not supported on this platform.Use parameter -XmyPlatform='container' to enable it" />
		<system-out>07:31:25 INFO  ==============================================================
07:31:25 INFO  Id:    SoftwareManagement.sm_apt_install_remove_multiple_mixed
07:31:25 INFO  Dir:   software_management_end_to_end/
07:31:25 INFO  Title: Validate end to end behaviour for the apt plugin for multiple packages with mixed versions
07:31:25 INFO  ==============================================================
07:31:25 INFO  Testing the apt plugin is not supported on this platform.Use parameter -XmyPlatform='container' to enable it ... skipped
07:31:25 WARN  Aborted test due to SKIPPED outcome
07:31:25 INFO  
07:31:25 INFO  Test duration: 0.02 secs
07:31:25 INFO  Test final outcome:  SKIPPED
07:31:25 INFO  Test outcome reason: Testing the apt plugin is not supported on this platform.Use parameter -XmyPlatform='container' to enable it
07:31:25 INFO  
</system-out>
	</testcase>
<testcase classname="PySysTest" name="SoftwareManagement.sm_apt_install_remove_multiple_mixed">
		<failure message="BLOCKED: SystemError: Timeout while waiting for status SUCCESSFUL or False" type="BLOCKED" />
		<system-out>08:07:27 INFO  ==============================================================
08:07:27 INFO  Id:    SoftwareManagement.sm_apt_install_remove_multiple_mixed
08:07:27 INFO  Dir:   software_management_end_to_end/
08:07:27 INFO  Title: Validate end to end behaviour for the apt plugin for multiple packages with mixed versions
08:07:27 INFO  ==============================================================
08:07:27 INFO  Using sw id database: {'asciijump': '5475369', 'robotfindskitten': '5474869', 'squirrel3': '5475279', 'rolldice': '5152439', 'moon-buggy': '5439204', 'apple': '5495053', 'banana': '5494888', 'cherry': '5495382', 'watermelon': '5494510', 'registry': '8018911', 'hello-world': '8021526', 'docker/getting-started': '8021973', 'alpine': '7991792'}
08:07:27 INFO  EnvironmentC8y Setup
08:07:28 INFO  Executed systemctl&lt;serv_mapper1&gt;, exit status 3
08:07:28 INFO  Restarting mosquitto too frequently in the last 10 seconds. It was only up for 4 seconds
08:07:28 INFO  Delaying execution by 7 seconds
08:07:50 INFO  Executed sudo&lt;tedge_connect_c8y&gt;, exit status 0, duration 14 secs
08:07:50 INFO  Executed sudo&lt;tedge_connect_c8y_test&gt;, exit status 0
08:07:51 INFO  Executed systemctl&lt;serv_mosq2&gt;, exit status 0
08:07:51 INFO  Executed systemctl&lt;serv_mapper3&gt;, exit status 0
08:07:53 INFO  State of current operation: SUCCESSFUL
08:07:54 INFO  Assert that (False == value) with value=False ... passed
08:07:54 INFO  Assert that (False == value) with value=False ... passed
08:07:54 INFO  Assert that (False == value) with value=False ... passed
08:07:54 INFO  Assert that (False == value) with value=False ... passed
08:07:55 INFO  Assert that (False == value) with value=False ... passed
08:07:56 INFO  Response status: 201
08:07:56 INFO  Response to action: {
    "creationTime": "2022-05-16T08:07:56.325Z",
    "deviceId": "19104451",
    "deviceName": "mythicd",
    "self": "https://t493319102.eu-latest.cumulocity.com/devicecontrol/operations/19119023",
    "id": "19119023",
    "status": "PENDING",
    "description": "Apply software changes, triggered from PySys: [{'action': 'install', 'id': '5475369', 'name': 'asciijump', 'url': ' ', 'version': '::apt'}, {'action': 'install', 'id': '5474869', 'name': 'robotfindskitten', 'url': ' ', 'version': ' '}, {'action': 'install', 'id': '5475279', 'name': 'squirrel3', 'url': ' ', 'version': '3.1-7::apt'}, {'action': 'install', 'id': '5152439', 'name': 'rolldice', 'url': ' ', 'version': '1.16-1+b1'}, {'action': 'install', 'id': '5439204', 'name': 'moon-buggy', 'url': ' ', 'version': '1:1.0.51-12'}, {'action': 'install', 'id': '5475369', 'name': 'asciijump', 'url': ' ', 'version': '::apt'}]",
    "c8y_SoftwareUpdate": [
        {
            "name": "asciijump",
            "action": "install",
            "id": "5475369",
            "version": "::apt",
            "url": " "
        },
        {
            "name": "robotfindskitten",
            "action": "install",
            "id": "5474869",
            "version": " ",
            "url": " "
        },
        {
            "name": "squirrel3",
            "action": "install",
            "id": "5475279",
            "version": "3.1-7::apt",
            "url": " "
        },
        {
            "name": "rolldice",
            "action": "install",
            "id": "5152439",
            "version": "1.16-1+b1",
            "url": " "
        },
        {
            "name": "moon-buggy",
            "action": "install",
            "id": "5439204",
            "version": "1:1.0.51-12",
            "url": " "
        },
        {
            "name": "asciijump",
            "action": "install",
            "id": "5475369",
            "version": "::apt",
            "url": " "
        }
    ]
}
08:07:56 INFO  Started operation: {'creationTime': '2022-05-16T08:07:56.325Z', 'deviceId': '19104451', 'deviceName': 'mythicd', 'self': 'https://t493319102.eu-latest.cumulocity.com/devicecontrol/operations/19119023', 'id': '19119023', 'status': 'PENDING', 'description': "Apply software changes, triggered from PySys: [{'action': 'install', 'id': '5475369', 'name': 'asciijump', 'url': ' ', 'version': '::apt'}, {'action': 'install', 'id': '5474869', 'name': 'robotfindskitten', 'url': ' ', 'version': ' '}, {'action': 'install', 'id': '5475279', 'name': 'squirrel3', 'url': ' ', 'version': '3.1-7::apt'}, {'action': 'install', 'id': '5152439', 'name': 'rolldice', 'url': ' ', 'version': '1.16-1+b1'}, {'action': 'install', 'id': '5439204', 'name': 'moon-buggy', 'url': ' ', 'version': '1:1.0.51-12'}, {'action': 'install', 'id': '5475369', 'name': 'asciijump', 'url': ' ', 'version': '::apt'}]", 'c8y_SoftwareUpdate': [{'name': 'asciijump', 'action': 'install', 'id': '5475369', 'version': '::apt', 'url': ' '}, {'name': 'robotfindskitten', 'action': 'install', 'id': '5474869', 'version': ' ', 'url': ' '}, {'name': 'squirrel3', 'action': 'install', 'id': '5475279', 'version': '3.1-7::apt', 'url': ' '}, {'name': 'rolldice', 'action': 'install', 'id': '5152439', 'version': '1.16-1+b1', 'url': ' '}, {'name': 'moon-buggy', 'action': 'install', 'id': '5439204', 'version': '1:1.0.51-12', 'url': ' '}, {'name': 'asciijump', 'action': 'install', 'id': '5475369', 'version': '::apt', 'url': ' '}]}
08:07:58 INFO  State of operation 19119023 : PENDING
08:08:00 INFO  State of operation 19119023 : EXECUTING
08:08:03 INFO  State of operation 19119023 : EXECUTING
08:08:05 INFO  State of operation 19119023 : EXECUTING
08:08:07 INFO  State of operation 19119023 : EXECUTING
08:08:09 INFO  State of operation 19119023 : EXECUTING
08:08:12 INFO  State of operation 19119023 : EXECUTING
08:08:15 INFO  State of operation 19119023 : EXECUTING
08:08:17 INFO  State of operation 19119023 : EXECUTING
08:08:20 INFO  State of operation 19119023 : EXECUTING
08:08:22 INFO  State of operation 19119023 : EXECUTING
08:08:24 INFO  State of operation 19119023 : EXECUTING
08:08:26 INFO  State of operation 19119023 : EXECUTING
08:08:28 INFO  State of operation 19119023 : EXECUTING
08:08:31 INFO  State of operation 19119023 : EXECUTING
08:08:33 INFO  State of operation 19119023 : EXECUTING
08:08:35 INFO  State of operation 19119023 : EXECUTING
08:08:38 INFO  State of operation 19119023 : EXECUTING
08:08:40 INFO  State of operation 19119023 : EXECUTING
08:08:43 INFO  State of operation 19119023 : EXECUTING
08:08:45 INFO  State of operation 19119023 : EXECUTING
08:08:47 INFO  State of operation 19119023 : EXECUTING
08:08:50 INFO  State of operation 19119023 : EXECUTING
08:08:52 INFO  State of operation 19119023 : EXECUTING
08:08:55 INFO  State of operation 19119023 : EXECUTING
08:08:57 INFO  State of operation 19119023 : EXECUTING
08:09:00 INFO  State of operation 19119023 : EXECUTING
08:09:02 INFO  State of operation 19119023 : EXECUTING
08:09:05 INFO  State of operation 19119023 : EXECUTING
08:09:07 INFO  State of operation 19119023 : EXECUTING
08:09:10 INFO  State of operation 19119023 : EXECUTING
08:09:12 INFO  State of operation 19119023 : EXECUTING
08:09:14 INFO  State of operation 19119023 : EXECUTING
08:09:17 INFO  State of operation 19119023 : EXECUTING
08:09:19 INFO  State of operation 19119023 : EXECUTING
08:09:21 INFO  State of operation 19119023 : EXECUTING
08:09:23 INFO  State of operation 19119023 : EXECUTING
08:09:25 INFO  State of operation 19119023 : EXECUTING
08:09:28 INFO  State of operation 19119023 : EXECUTING
08:09:31 INFO  State of operation 19119023 : EXECUTING
08:09:33 INFO  State of operation 19119023 : EXECUTING
08:09:36 INFO  State of operation 19119023 : EXECUTING
08:09:38 INFO  State of operation 19119023 : EXECUTING
08:09:40 INFO  State of operation 19119023 : EXECUTING
08:09:42 INFO  State of operation 19119023 : EXECUTING
08:09:44 INFO  State of operation 19119023 : EXECUTING
08:09:47 INFO  State of operation 19119023 : EXECUTING
08:09:49 INFO  State of operation 19119023 : EXECUTING
08:09:51 INFO  State of operation 19119023 : EXECUTING
08:09:54 INFO  State of operation 19119023 : EXECUTING
08:09:56 INFO  State of operation 19119023 : EXECUTING
08:09:59 INFO  State of operation 19119023 : EXECUTING
08:10:01 INFO  State of operation 19119023 : EXECUTING
08:10:03 INFO  State of operation 19119023 : EXECUTING
08:10:06 INFO  State of operation 19119023 : EXECUTING
08:10:08 INFO  State of operation 19119023 : EXECUTING
08:10:10 INFO  State of operation 19119023 : EXECUTING
08:10:13 INFO  State of operation 19119023 : EXECUTING
08:10:15 INFO  State of operation 19119023 : EXECUTING
08:10:17 INFO  State of operation 19119023 : EXECUTING
08:10:19 INFO  State of operation 19119023 : EXECUTING
08:10:21 WARN  SystemError occurred while running test - Timeout while waiting for status SUCCESSFUL or False
Traceback (most recent call last):
  File "/home/pi/env-pysys/lib/python3.7/site-packages/pysys/baserunner.py", line 1294, in __call__
    self.testObj.execute()
  File "/home/pi/actions-runner/_work/thin-edge.io/thin-edge.io/tests/PySys/software_management_end_to_end/sm_apt_install_remove_multiple_mixed/run.py", line 89, in execute
    self.wait_until_succcess()
  File "/home/pi/actions-runner/_work/thin-edge.io/thin-edge.io/tests/PySys/software_management_end_to_end/environment_sm_management.py", line 324, in wait_until_succcess
    self.wait_until_status("SUCCESSFUL")
  File "/home/pi/actions-runner/_work/thin-edge.io/thin-edge.io/tests/PySys/software_management_end_to_end/environment_sm_management.py", line 381, in wait_until_status
    "Timeout while waiting for status %s or %s" % (status, status2)
SystemError: Timeout while waiting for status SUCCESSFUL or False
08:10:21 WARN  SystemError: Timeout while waiting for status SUCCESSFUL or False ... blocked 
08:10:21 INFO  
08:10:21 INFO  cleanup:
08:10:26 INFO  Executed sudo&lt;tedge_disconnect_c8y&gt;, exit status 0
08:10:26 INFO  Executed systemctl&lt;serv_mapper5&gt;, exit status 3
08:10:26 INFO  
08:10:26 INFO  Test duration: 178.96 secs
08:10:26 INFO  Test final outcome:  BLOCKED
08:10:26 INFO  Test outcome reason: SystemError: Timeout while waiting for status SUCCESSFUL or False
08:10:26 INFO  
</system-out>
	</testcase>
<testcase classname="PySysTest" name="SoftwareManagement.sm_apt_install_remove_multiple_mixed">
		<failure message="BLOCKED: SystemError: Timeout while waiting for status SUCCESSFUL or False (+1 other failures)" type="BLOCKED" />
		<system-out>08:33:29 INFO  ==============================================================
08:33:29 INFO  Id:    SoftwareManagement.sm_apt_install_remove_multiple_mixed
08:33:29 INFO  Dir:   software_management_end_to_end/
08:33:29 INFO  Title: Validate end to end behaviour for the apt plugin for multiple packages with mixed versions
08:33:29 INFO  ==============================================================
08:33:29 INFO  Using sw id database: {'asciijump': '5475369', 'robotfindskitten': '5474869', 'squirrel3': '5475279', 'rolldice': '5152439', 'moon-buggy': '5439204', 'apple': '5495053', 'banana': '5494888', 'cherry': '5495382', 'watermelon': '5494510', 'registry': '8018911', 'hello-world': '8021526', 'docker/getting-started': '8021973', 'alpine': '7991792'}
08:33:29 INFO  EnvironmentC8y Setup
08:33:29 INFO  Executed systemctl&lt;serv_mapper1&gt;, exit status 3
08:33:29 INFO  Restarting mosquitto too frequently in the last 10 seconds. It was only up for 5 seconds
08:33:29 INFO  Delaying execution by 6 seconds
08:33:49 INFO  Executed sudo&lt;tedge_connect_c8y&gt;, exit status 0, duration 13 secs
08:33:50 INFO  Executed sudo&lt;tedge_connect_c8y_test&gt;, exit status 0
08:33:50 INFO  Executed systemctl&lt;serv_mosq2&gt;, exit status 0
08:33:51 INFO  Executed systemctl&lt;serv_mapper3&gt;, exit status 0
08:33:53 INFO  State of current operation: SUCCESSFUL
08:33:53 INFO  Assert that (False == value) with value=False ... passed
08:33:54 INFO  Assert that (False == value) with value=False ... passed
08:33:54 INFO  Assert that (False == value) with value=False ... passed
08:33:54 INFO  Assert that (False == value) with value=False ... passed
08:33:54 INFO  Package moon-buggy is installed
08:33:54 WARN  Assert that (False == value) with value=True ... failed 
08:33:56 INFO  Response status: 201
08:33:56 INFO  Response to action: {
    "creationTime": "2022-05-16T08:33:56.081Z",
    "deviceId": "19104451",
    "deviceName": "mythicd",
    "self": "https://t493319102.eu-latest.cumulocity.com/devicecontrol/operations/19133229",
    "id": "19133229",
    "status": "PENDING",
    "description": "Apply software changes, triggered from PySys: [{'action': 'install', 'id': '5475369', 'name': 'asciijump', 'url': ' ', 'version': '::apt'}, {'action': 'install', 'id': '5474869', 'name': 'robotfindskitten', 'url': ' ', 'version': ' '}, {'action': 'install', 'id': '5475279', 'name': 'squirrel3', 'url': ' ', 'version': '3.1-7::apt'}, {'action': 'install', 'id': '5152439', 'name': 'rolldice', 'url': ' ', 'version': '1.16-1+b1'}, {'action': 'install', 'id': '5439204', 'name': 'moon-buggy', 'url': ' ', 'version': '1:1.0.51-12'}, {'action': 'install', 'id': '5475369', 'name': 'asciijump', 'url': ' ', 'version': '::apt'}]",
    "c8y_SoftwareUpdate": [
        {
            "name": "asciijump",
            "action": "install",
            "id": "5475369",
            "version": "::apt",
            "url": " "
        },
        {
            "name": "robotfindskitten",
            "action": "install",
            "id": "5474869",
            "version": " ",
            "url": " "
        },
        {
            "name": "squirrel3",
            "action": "install",
            "id": "5475279",
            "version": "3.1-7::apt",
            "url": " "
        },
        {
            "name": "rolldice",
            "action": "install",
            "id": "5152439",
            "version": "1.16-1+b1",
            "url": " "
        },
        {
            "name": "moon-buggy",
            "action": "install",
            "id": "5439204",
            "version": "1:1.0.51-12",
            "url": " "
        },
        {
            "name": "asciijump",
            "action": "install",
            "id": "5475369",
            "version": "::apt",
            "url": " "
        }
    ]
}
08:33:56 INFO  Started operation: {'creationTime': '2022-05-16T08:33:56.081Z', 'deviceId': '19104451', 'deviceName': 'mythicd', 'self': 'https://t493319102.eu-latest.cumulocity.com/devicecontrol/operations/19133229', 'id': '19133229', 'status': 'PENDING', 'description': "Apply software changes, triggered from PySys: [{'action': 'install', 'id': '5475369', 'name': 'asciijump', 'url': ' ', 'version': '::apt'}, {'action': 'install', 'id': '5474869', 'name': 'robotfindskitten', 'url': ' ', 'version': ' '}, {'action': 'install', 'id': '5475279', 'name': 'squirrel3', 'url': ' ', 'version': '3.1-7::apt'}, {'action': 'install', 'id': '5152439', 'name': 'rolldice', 'url': ' ', 'version': '1.16-1+b1'}, {'action': 'install', 'id': '5439204', 'name': 'moon-buggy', 'url': ' ', 'version': '1:1.0.51-12'}, {'action': 'install', 'id': '5475369', 'name': 'asciijump', 'url': ' ', 'version': '::apt'}]", 'c8y_SoftwareUpdate': [{'name': 'asciijump', 'action': 'install', 'id': '5475369', 'version': '::apt', 'url': ' '}, {'name': 'robotfindskitten', 'action': 'install', 'id': '5474869', 'version': ' ', 'url': ' '}, {'name': 'squirrel3', 'action': 'install', 'id': '5475279', 'version': '3.1-7::apt', 'url': ' '}, {'name': 'rolldice', 'action': 'install', 'id': '5152439', 'version': '1.16-1+b1', 'url': ' '}, {'name': 'moon-buggy', 'action': 'install', 'id': '5439204', 'version': '1:1.0.51-12', 'url': ' '}, {'name': 'asciijump', 'action': 'install', 'id': '5475369', 'version': '::apt', 'url': ' '}]}
08:33:58 INFO  State of operation 19133229 : PENDING
08:34:00 INFO  State of operation 19133229 : EXECUTING
08:34:02 INFO  State of operation 19133229 : EXECUTING
08:34:05 INFO  State of operation 19133229 : EXECUTING
08:34:07 INFO  State of operation 19133229 : EXECUTING
08:34:09 INFO  State of operation 19133229 : EXECUTING
08:34:12 INFO  State of operation 19133229 : EXECUTING
08:34:14 INFO  State of operation 19133229 : EXECUTING
08:34:17 INFO  State of operation 19133229 : EXECUTING
08:34:19 INFO  State of operation 19133229 : EXECUTING
08:34:21 INFO  State of operation 19133229 : EXECUTING
08:34:24 INFO  State of operation 19133229 : EXECUTING
08:34:26 INFO  State of operation 19133229 : EXECUTING
08:34:28 INFO  State of operation 19133229 : EXECUTING
08:34:30 INFO  State of operation 19133229 : EXECUTING
08:34:33 INFO  State of operation 19133229 : EXECUTING
08:34:35 INFO  State of operation 19133229 : EXECUTING
08:34:37 INFO  State of operation 19133229 : EXECUTING
08:34:40 INFO  State of operation 19133229 : EXECUTING
08:34:42 INFO  State of operation 19133229 : EXECUTING
08:34:45 INFO  State of operation 19133229 : EXECUTING
08:34:47 INFO  State of operation 19133229 : EXECUTING
08:34:50 INFO  State of operation 19133229 : EXECUTING
08:34:52 INFO  State of operation 19133229 : EXECUTING
08:34:54 INFO  State of operation 19133229 : EXECUTING
08:34:56 INFO  State of operation 19133229 : EXECUTING
08:34:58 INFO  State of operation 19133229 : EXECUTING
08:35:01 INFO  State of operation 19133229 : EXECUTING
08:35:03 INFO  State of operation 19133229 : EXECUTING
08:35:06 INFO  State of operation 19133229 : EXECUTING
08:35:08 INFO  State of operation 19133229 : EXECUTING
08:35:11 INFO  State of operation 19133229 : EXECUTING
08:35:13 INFO  State of operation 19133229 : EXECUTING
08:35:15 INFO  State of operation 19133229 : EXECUTING
08:35:17 INFO  State of operation 19133229 : EXECUTING
08:35:20 INFO  State of operation 19133229 : EXECUTING
08:35:22 INFO  State of operation 19133229 : EXECUTING
08:35:24 INFO  State of operation 19133229 : EXECUTING
08:35:26 INFO  State of operation 19133229 : EXECUTING
08:35:29 INFO  State of operation 19133229 : EXECUTING
08:35:32 INFO  State of operation 19133229 : EXECUTING
08:35:34 INFO  State of operation 19133229 : EXECUTING
08:35:37 INFO  State of operation 19133229 : EXECUTING
08:35:39 INFO  State of operation 19133229 : EXECUTING
08:35:41 INFO  State of operation 19133229 : EXECUTING
08:35:44 INFO  State of operation 19133229 : EXECUTING
08:35:46 INFO  State of operation 19133229 : EXECUTING
08:35:48 INFO  State of operation 19133229 : EXECUTING
08:35:51 INFO  State of operation 19133229 : EXECUTING
08:35:53 INFO  State of operation 19133229 : EXECUTING
08:35:56 INFO  State of operation 19133229 : EXECUTING
08:35:58 INFO  State of operation 19133229 : EXECUTING
08:36:00 INFO  State of operation 19133229 : EXECUTING
08:36:03 INFO  State of operation 19133229 : EXECUTING
08:36:05 INFO  State of operation 19133229 : EXECUTING
08:36:07 INFO  State of operation 19133229 : EXECUTING
08:36:10 INFO  State of operation 19133229 : EXECUTING
08:36:12 INFO  State of operation 19133229 : EXECUTING
08:36:15 INFO  State of operation 19133229 : EXECUTING
08:36:17 INFO  State of operation 19133229 : EXECUTING
08:36:20 INFO  State of operation 19133229 : EXECUTING
08:36:22 WARN  SystemError occurred while running test - Timeout while waiting for status SUCCESSFUL or False
Traceback (most recent call last):
  File "/home/pi/env-pysys/lib/python3.7/site-packages/pysys/baserunner.py", line 1294, in __call__
    self.testObj.execute()
  File "/home/pi/actions-runner/_work/thin-edge.io/thin-edge.io/tests/PySys/software_management_end_to_end/sm_apt_install_remove_multiple_mixed/run.py", line 89, in execute
    self.wait_until_succcess()
  File "/home/pi/actions-runner/_work/thin-edge.io/thin-edge.io/tests/PySys/software_management_end_to_end/environment_sm_management.py", line 324, in wait_until_succcess
    self.wait_until_status("SUCCESSFUL")
  File "/home/pi/actions-runner/_work/thin-edge.io/thin-edge.io/tests/PySys/software_management_end_to_end/environment_sm_management.py", line 381, in wait_until_status
    "Timeout while waiting for status %s or %s" % (status, status2)
SystemError: Timeout while waiting for status SUCCESSFUL or False
08:36:22 WARN  SystemError: Timeout while waiting for status SUCCESSFUL or False ... blocked 
08:36:22 INFO  
08:36:22 INFO  cleanup:
08:36:29 INFO  Executed sudo&lt;tedge_disconnect_c8y&gt;, exit status 0
08:36:29 INFO  Executed systemctl&lt;serv_mapper5&gt;, exit status 3
08:36:29 INFO  
08:36:29 INFO  Test duration: 180.50 secs
08:36:29 INFO  Test final outcome:  BLOCKED
08:36:29 INFO  Test outcome reason: SystemError: Timeout while waiting for status SUCCESSFUL or False (+1 other failures)
08:36:29 INFO  
</system-out>
	</testcase>
</testsuite><testsuite name="SoftwareManagement.sm_apt_install_remove_with_version" tests="3" errors="0" failures="0" skipped="1" time="0"><testcase classname="PySysTest" name="SoftwareManagement.sm_apt_install_remove_with_version">
		<skipped message="SKIPPED: Testing the apt plugin is not supported on this platform.Use parameter -XmyPlatform='container' to enable it" />
		<system-out>07:31:25 INFO  ==============================================================
07:31:25 INFO  Id:    SoftwareManagement.sm_apt_install_remove_with_version
07:31:25 INFO  Dir:   software_management_end_to_end/
07:31:25 INFO  Title: Validate end to end behaviour for the apt plugin for packages with version
07:31:25 INFO  ==============================================================
07:31:25 INFO  Testing the apt plugin is not supported on this platform.Use parameter -XmyPlatform='container' to enable it ... skipped
07:31:25 WARN  Aborted test due to SKIPPED outcome
07:31:25 INFO  
07:31:25 INFO  Test duration: 0.02 secs
07:31:25 INFO  Test final outcome:  SKIPPED
07:31:25 INFO  Test outcome reason: Testing the apt plugin is not supported on this platform.Use parameter -XmyPlatform='container' to enable it
07:31:25 INFO  
</system-out>
	</testcase>
<testcase classname="PySysTest" name="SoftwareManagement.sm_apt_install_remove_with_version" />
<testcase classname="PySysTest" name="SoftwareManagement.sm_apt_install_remove_with_version" />
</testsuite><testsuite name="SoftwareManagement.sm_docker_install_remove_multiple" tests="3" errors="0" failures="0" skipped="1" time="0"><testcase classname="SMDockerInstallRemove" name="SoftwareManagement.sm_docker_install_remove_multiple">
		<skipped message="SKIPPED: Testing the apt plugin is not supported on this platform.Use parameter -XmyPlatform='container' to enable it" />
		<system-out>07:31:25 INFO  ==============================================================
07:31:25 INFO  Id:    SoftwareManagement.sm_docker_install_remove_multiple
07:31:25 INFO  Dir:   software_management_end_to_end/
07:31:25 INFO  Title: Validate end to end behaviour for the docker plugin for multiple docker images with mixed versions
07:31:25 INFO  ==============================================================
07:31:25 INFO  Testing the apt plugin is not supported on this platform.Use parameter -XmyPlatform='container' to enable it ... skipped
07:31:25 WARN  Aborted test due to SKIPPED outcome
07:31:25 INFO  
07:31:25 INFO  Test duration: 0.02 secs
07:31:25 INFO  Test final outcome:  SKIPPED
07:31:25 INFO  Test outcome reason: Testing the apt plugin is not supported on this platform.Use parameter -XmyPlatform='container' to enable it
07:31:25 INFO  
</system-out>
	</testcase>
<testcase classname="SMDockerInstallRemove" name="SoftwareManagement.sm_docker_install_remove_multiple" />
<testcase classname="SMDockerInstallRemove" name="SoftwareManagement.sm_docker_install_remove_multiple" />
</testsuite><testsuite name="SoftwareManagement.sm_fake_install_remove" tests="2" errors="0" failures="0" skipped="1" time="0"><testcase classname="PySysTest" name="SoftwareManagement.sm_fake_install_remove">
		<skipped message="SKIPPED: Testing the fake plugin is not enabled.Use parameter -Xfakeplugin=fakeplugin to enable it" />
		<system-out>07:31:25 INFO  ==============================================================
07:31:25 INFO  Id:    SoftwareManagement.sm_fake_install_remove
07:31:25 INFO  Dir:   software_management_end_to_end/
07:31:25 INFO  Title: Validate end to end behaviour for the dummy plugin for installation and removal of packages
07:31:25 INFO  ==============================================================
07:31:25 INFO  Testing the fake plugin is not enabled.Use parameter -Xfakeplugin=fakeplugin to enable it ... skipped
07:31:25 WARN  Aborted test due to SKIPPED outcome
07:31:25 INFO  
07:31:25 INFO  Test duration: 0.02 secs
07:31:25 INFO  Test final outcome:  SKIPPED
07:31:25 INFO  Test outcome reason: Testing the fake plugin is not enabled.Use parameter -Xfakeplugin=fakeplugin to enable it
07:31:25 INFO  
</system-out>
	</testcase>
<testcase classname="PySysTest" name="SoftwareManagement.sm_fake_install_remove" />
</testsuite><testsuite name="SoftwareManagement.sm_fake_install_remove_multiple" tests="2" errors="0" failures="0" skipped="1" time="0"><testcase classname="PySysTest" name="SoftwareManagement.sm_fake_install_remove_multiple">
		<skipped message="SKIPPED: Testing the fake plugin is not enabled.Use parameter -Xfakeplugin=fakeplugin to enable it" />
		<system-out>07:31:25 INFO  ==============================================================
07:31:25 INFO  Id:    SoftwareManagement.sm_fake_install_remove_multiple
07:31:25 INFO  Dir:   software_management_end_to_end/
07:31:25 INFO  Title: Validate end to end behaviour for the dummy-plugin for multiple packages
07:31:25 INFO  ==============================================================
07:31:25 INFO  Testing the fake plugin is not enabled.Use parameter -Xfakeplugin=fakeplugin to enable it ... skipped
07:31:25 WARN  Aborted test due to SKIPPED outcome
07:31:25 INFO  
07:31:25 INFO  Test duration: 0.02 secs
07:31:25 INFO  Test final outcome:  SKIPPED
07:31:25 INFO  Test outcome reason: Testing the fake plugin is not enabled.Use parameter -Xfakeplugin=fakeplugin to enable it
07:31:25 INFO  
</system-out>
	</testcase>
<testcase classname="PySysTest" name="SoftwareManagement.sm_fake_install_remove_multiple" />
</testsuite><testsuite name="SoftwareManagement.sm_mapper_fail_and_reconnect" tests="2" errors="0" failures="0" skipped="2" time="0"><testcase classname="MapperC8yReceiveLastMessageOnRestart" name="SoftwareManagement.sm_mapper_fail_and_reconnect">
		<skipped message="SKIPPED: instable https://github.com/thin-edge/thin-edge.io/issues/752" />
		<system-out>07:31:25 INFO  ==============================================================
07:31:25 INFO  Id:    SoftwareManagement.sm_mapper_fail_and_reconnect
07:31:25 INFO  Dir:   software_management_end_to_end/
07:31:25 INFO  Title: Validate the tedge-mapper-sm-c8y for receiving the last message on restart
07:31:25 INFO  ==============================================================
07:31:25 INFO  instable https://github.com/thin-edge/thin-edge.io/issues/752 ... skipped
07:31:25 INFO  
07:31:25 INFO  Test duration: 0.02 secs
07:31:25 INFO  Test final outcome:  SKIPPED
07:31:25 INFO  Test outcome reason: instable https://github.com/thin-edge/thin-edge.io/issues/752
07:31:25 INFO  
</system-out>
	</testcase>
<testcase classname="MapperC8yReceiveLastMessageOnRestart" name="SoftwareManagement.sm_mapper_fail_and_reconnect">
		<skipped message="SKIPPED: instable https://github.com/thin-edge/thin-edge.io/issues/752" />
		<system-out>08:43:24 INFO  ==============================================================
08:43:24 INFO  Id:    SoftwareManagement.sm_mapper_fail_and_reconnect
08:43:24 INFO  Dir:   software_management_end_to_end/
08:43:24 INFO  Title: Validate the tedge-mapper-sm-c8y for receiving the last message on restart
08:43:24 INFO  ==============================================================
08:43:24 INFO  instable https://github.com/thin-edge/thin-edge.io/issues/752 ... skipped
08:43:24 INFO  
08:43:24 INFO  Test duration: 0.03 secs
08:43:24 INFO  Test final outcome:  SKIPPED
08:43:24 INFO  Test outcome reason: instable https://github.com/thin-edge/thin-edge.io/issues/752
08:43:24 INFO  
</system-out>
	</testcase>
</testsuite><testsuite name="SoftwareManagement.sm_mixed_install_remove_multiple" tests="2" errors="0" failures="1" skipped="1" time="0"><testcase classname="PySysTest" name="SoftwareManagement.sm_mixed_install_remove_multiple">
		<skipped message="SKIPPED: Testing the fake plugin is not enabled.Use parameter -Xfakeplugin=fakeplugin to enable it" />
		<system-out>07:31:25 INFO  ==============================================================
07:31:25 INFO  Id:    SoftwareManagement.sm_mixed_install_remove_multiple
07:31:25 INFO  Dir:   software_management_end_to_end/
07:31:25 INFO  Title: Validate end to end behaviour for the dummy-plugin for multiple packages with mixed versions
07:31:25 INFO  ==============================================================
07:31:25 INFO  Testing the fake plugin is not enabled.Use parameter -Xfakeplugin=fakeplugin to enable it ... skipped
07:31:25 WARN  Aborted test due to SKIPPED outcome
07:31:25 INFO  
07:31:25 INFO  Test duration: 0.02 secs
07:31:25 INFO  Test final outcome:  SKIPPED
07:31:25 INFO  Test outcome reason: Testing the fake plugin is not enabled.Use parameter -Xfakeplugin=fakeplugin to enable it
07:31:25 INFO  
</system-out>
	</testcase>
<testcase classname="PySysTest" name="SoftwareManagement.sm_mixed_install_remove_multiple">
		<failure message="FAILED: Assert that (False == value) with value=True" type="FAILED" />
		<system-out>08:43:24 INFO  ==============================================================
08:43:24 INFO  Id:    SoftwareManagement.sm_mixed_install_remove_multiple
08:43:24 INFO  Dir:   software_management_end_to_end/
08:43:24 INFO  Title: Validate end to end behaviour for the dummy-plugin for multiple packages with mixed versions
08:43:24 INFO  ==============================================================
08:43:24 INFO  Using sw id database: {'asciijump': '5475369', 'robotfindskitten': '5474869', 'squirrel3': '5475279', 'rolldice': '5152439', 'moon-buggy': '5439204', 'apple': '5495053', 'banana': '5494888', 'cherry': '5495382', 'watermelon': '5494510', 'registry': '8018911', 'hello-world': '8021526', 'docker/getting-started': '8021973', 'alpine': '7991792'}
08:43:24 INFO  EnvironmentC8y Setup
08:43:25 INFO  Executed systemctl&lt;serv_mapper1&gt;, exit status 3
08:43:25 INFO  Restarting mosquitto too frequently in the last 10 seconds. It was only up for 5 seconds
08:43:25 INFO  Delaying execution by 6 seconds
08:43:45 INFO  Executed sudo&lt;tedge_connect_c8y&gt;, exit status 0, duration 14 secs
08:43:46 INFO  Executed sudo&lt;tedge_connect_c8y_test&gt;, exit status 0
08:43:46 INFO  Executed systemctl&lt;serv_mosq2&gt;, exit status 0
08:43:47 INFO  Executed systemctl&lt;serv_mapper3&gt;, exit status 0
08:43:49 INFO  State of current operation: SUCCESSFUL
08:43:49 INFO  Package apple is installed
08:43:49 INFO  Assert that (True == value) with value=True ... passed
08:43:49 INFO  Package banana is installed
08:43:49 INFO  Assert that (True == value) with value=True ... passed
08:43:50 INFO  Package cherry is installed
08:43:50 INFO  Assert that (True == value) with value=True ... passed
08:43:50 INFO  Package asciijump is installed
08:43:50 WARN  Assert that (False == value) with value=True ... failed 
08:43:50 INFO  Assert that (False == value) with value=False ... passed
08:43:50 INFO  Response status: 201
08:43:50 INFO  Response to action: {
    "delivery": {
        "time": "2022-05-16T08:43:50.778Z",
        "log": [],
        "status": "PENDING"
    },
    "creationTime": "2022-05-16T08:43:50.762Z",
    "deviceId": "19104451",
    "deviceName": "mythicd",
    "self": "https://t493319102.eu-latest.cumulocity.com/devicecontrol/operations/19133417",
    "id": "19133417",
    "status": "PENDING",
    "description": "Apply software changes, triggered from PySys: [{'action': 'install', 'id': '5495053', 'name': 'apple', 'url': ' ', 'version': '::fruits'}, {'action': 'install', 'id': '5494888', 'name': 'banana', 'url': ' ', 'version': '::fruits'}, {'action': 'install', 'id': '5475369', 'name': 'asciijump', 'url': ' ', 'version': '::apt'}, {'action': 'install', 'id': '5495382', 'name': 'cherry', 'url': ' ', 'version': '::fruits'}, {'action': 'install', 'id': '8018911', 'name': 'registry', 'url': ' ', 'version': '::docker'}]",
    "c8y_SoftwareUpdate": [
        {
            "name": "apple",
            "action": "install",
            "id": "5495053",
            "version": "::fruits",
            "url": " "
        },
        {
            "name": "banana",
            "action": "install",
            "id": "5494888",
            "version": "::fruits",
            "url": " "
        },
        {
            "name": "asciijump",
            "action": "install",
            "id": "5475369",
            "version": "::apt",
            "url": " "
        },
        {
            "name": "cherry",
[...]
07:21:46 INFO  Id:    docker_plugin_install_with_version
07:21:46 INFO  Dir:   plugin_docker/
07:21:46 INFO  Title: Validate docker plugin install
07:21:46 INFO  ==============================================================
07:21:46 INFO  Testing the docker plugin is not supported on this platform.To run it, all the test with -XmyPlatform='container' ... skipped
07:21:46 WARN  Aborted test due to SKIPPED outcome
07:21:46 INFO  
07:21:46 INFO  Test duration: 0.02 secs
07:21:46 INFO  Test final outcome:  SKIPPED
07:21:46 INFO  Test outcome reason: Testing the docker plugin is not supported on this platform.To run it, all the test with -XmyPlatform='container'
07:21:46 INFO  
</system-out>
	</testcase>
<testcase classname="DockerPluginInstallWithVersionTest" name="docker_plugin_install_with_version" />
</testsuite><testsuite name="docker_plugin_remove" tests="2" errors="0" failures="0" skipped="1" time="0"><testcase classname="DockerPluginRemoveTest" name="docker_plugin_remove">
		<skipped message="SKIPPED: Testing the docker plugin is not supported on this platform.To run it, all the test with -XmyPlatform='container'" />
		<system-out>07:21:46 INFO  ==============================================================
07:21:46 INFO  Id:    docker_plugin_remove
07:21:46 INFO  Dir:   plugin_docker/
07:21:46 INFO  Title: Validate docker plugin remove
07:21:46 INFO  ==============================================================
07:21:46 INFO  Testing the docker plugin is not supported on this platform.To run it, all the test with -XmyPlatform='container' ... skipped
07:21:46 WARN  Aborted test due to SKIPPED outcome
07:21:46 INFO  
07:21:46 INFO  Test duration: 0.02 secs
07:21:46 INFO  Test final outcome:  SKIPPED
07:21:46 INFO  Test outcome reason: Testing the docker plugin is not supported on this platform.To run it, all the test with -XmyPlatform='container'
07:21:46 INFO  
</system-out>
	</testcase>
<testcase classname="DockerPluginRemoveTest" name="docker_plugin_remove" />
</testsuite><testsuite name="docker_plugin_remove_with_version" tests="2" errors="0" failures="0" skipped="1" time="0"><testcase classname="DockerPluginRemoveWithVersionTest" name="docker_plugin_remove_with_version">
		<skipped message="SKIPPED: Testing the docker plugin is not supported on this platform.To run it, all the test with -XmyPlatform='container'" />
		<system-out>07:21:46 INFO  ==============================================================
07:21:46 INFO  Id:    docker_plugin_remove_with_version
07:21:46 INFO  Dir:   plugin_docker/
07:21:46 INFO  Title: Validate docker plugin remove with version
07:21:46 INFO  ==============================================================
07:21:46 INFO  Testing the docker plugin is not supported on this platform.To run it, all the test with -XmyPlatform='container' ... skipped
07:21:46 WARN  Aborted test due to SKIPPED outcome
07:21:46 INFO  
07:21:46 INFO  Test duration: 0.02 secs
07:21:46 INFO  Test final outcome:  SKIPPED
07:21:46 INFO  Test outcome reason: Testing the docker plugin is not supported on this platform.To run it, all the test with -XmyPlatform='container'
07:21:46 INFO  
</system-out>
	</testcase>
<testcase classname="DockerPluginRemoveWithVersionTest" name="docker_plugin_remove_with_version" />
</testsuite><testsuite name="docker_plugin_update" tests="2" errors="0" failures="0" skipped="1" time="0"><testcase classname="DockerPluginUpdateTest" name="docker_plugin_update">
		<skipped message="SKIPPED: Testing the docker plugin is not supported on this platform.To run it, all the test with -XmyPlatform='container'" />
		<system-out>07:21:46 INFO  ==============================================================
07:21:46 INFO  Id:    docker_plugin_update
07:21:46 INFO  Dir:   plugin_docker/
07:21:46 INFO  Title: Validate docker plugin install updates existing containers
07:21:46 INFO  ==============================================================
07:21:46 INFO  Testing the docker plugin is not supported on this platform.To run it, all the test with -XmyPlatform='container' ... skipped
07:21:46 WARN  Aborted test due to SKIPPED outcome
07:21:46 INFO  
07:21:46 INFO  Test duration: 0.02 secs
07:21:46 INFO  Test final outcome:  SKIPPED
07:21:46 INFO  Test outcome reason: Testing the docker plugin is not supported on this platform.To run it, all the test with -XmyPlatform='container'
07:21:46 INFO  
</system-out>
	</testcase>
<testcase classname="DockerPluginUpdateTest" name="docker_plugin_update" />
</testsuite><testsuite name="invalid_device_id" tests="1" errors="0" failures="0" skipped="0" time="0"><testcase classname="InvalidDeviceId" name="invalid_device_id" />
</testsuite><testsuite name="local_mqtt_pub_fail_noqos" tests="1" errors="0" failures="0" skipped="0" time="0"><testcase classname="PySysTest" name="local_mqtt_pub_fail_noqos" />
</testsuite><testsuite name="local_mqtt_pub_fail_qos0" tests="1" errors="0" failures="0" skipped="0" time="0"><testcase classname="PySysTest" name="local_mqtt_pub_fail_qos0" />
</testsuite><testsuite name="local_mqtt_pub_fail_qos1" tests="1" errors="0" failures="0" skipped="0" time="0"><testcase classname="PySysTest" name="local_mqtt_pub_fail_qos1" />
</testsuite><testsuite name="local_mqtt_pub_fail_qos2" tests="1" errors="0" failures="0" skipped="0" time="0"><testcase classname="PySysTest" name="local_mqtt_pub_fail_qos2" />
</testsuite><testsuite name="local_mqtt_pub_sub" tests="1" errors="0" failures="0" skipped="0" time="0"><testcase classname="PySysTest" name="local_mqtt_pub_sub" />
</testsuite><testsuite name="local_mqtt_pub_sub_retain" tests="1" errors="0" failures="0" skipped="0" time="0"><testcase classname="MqttPublishWithRetain" name="local_mqtt_pub_sub_retain" />
</testsuite><testsuite name="local_mqtt_pub_sub_with_sudo" tests="1" errors="0" failures="0" skipped="0" time="0"><testcase classname="PySysTest" name="local_mqtt_pub_sub_with_sudo" />
</testsuite><testsuite name="local_mqtt_sub_fail" tests="1" errors="0" failures="0" skipped="0" time="0"><testcase classname="PySysTest" name="local_mqtt_sub_fail" />
</testsuite><testsuite name="log_request_error_messages" tests="1" errors="0" failures="0" skipped="1" time="0"><testcase classname="LogRequestVerifySearchTextError" name="log_request_error_messages">
		<skipped message="SKIPPED: Test execution disabled due to #1123" />
		<system-out>07:20:10 INFO  ==============================================================
07:20:10 INFO  Id:    log_request_error_messages
07:20:10 INFO  Dir:   log_request_end_to_end/
07:20:10 INFO  Title: Validate end to end behaviour for the log request operation check for error messages
07:20:10 INFO  ==============================================================
07:20:11 INFO  Test execution disabled due to #1123 ... skipped
07:20:11 INFO  
07:20:11 INFO  Test duration: 1.74 secs
07:20:11 INFO  Test final outcome:  SKIPPED
07:20:11 INFO  Test outcome reason: Test execution disabled due to #1123
07:20:11 INFO  
</system-out>
	</testcase>
</testsuite><testsuite name="log_request_num_lines" tests="1" errors="0" failures="0" skipped="1" time="0"><testcase classname="LogRequestVerifyNumberOfLines" name="log_request_num_lines">
		<skipped message="SKIPPED: Test execution disabled due to #1123" />
		<system-out>07:20:11 INFO  ==============================================================
07:20:11 INFO  Id:    log_request_num_lines
07:20:11 INFO  Dir:   log_request_end_to_end/
07:20:11 INFO  Title: Validate end to end behaviour for the log request operation check for number of lines
07:20:11 INFO  ==============================================================
07:20:11 INFO  Test execution disabled due to #1123 ... skipped
07:20:11 INFO  
07:20:11 INFO  Test duration: 0.02 secs
07:20:11 INFO  Test final outcome:  SKIPPED
07:20:11 INFO  Test outcome reason: Test execution disabled due to #1123
07:20:11 INFO  
</system-out>
	</testcase>
</testsuite><testsuite name="mapper_awaits_before_reconnect" tests="1" errors="0" failures="0" skipped="0" time="0"><testcase classname="MapperReconnectAwait" name="mapper_awaits_before_reconnect" />
</testsuite><testsuite name="monitoring_smaller_interval" tests="1" errors="0" failures="0" skipped="1" time="0"><testcase classname="MonitoringSmallInterval" name="monitoring_smaller_interval">
		<skipped message="SKIPPED: Fails due to retained message" />
		<system-out>07:21:40 INFO  ==============================================================
07:21:40 INFO  Id:    monitoring_smaller_interval
07:21:40 INFO  Dir:   monitoring/
07:21:40 INFO  Title: Validate the tedge dm agent messages that are produced with smaller sampling interval than the batching window. Here the simulated collectd messages are used
07:21:40 INFO  ==============================================================
07:21:40 INFO  Fails due to retained message ... skipped
07:21:40 INFO  
07:21:40 INFO  Test duration: 0.03 secs
07:21:40 INFO  Test final outcome:  SKIPPED
07:21:40 INFO  Test outcome reason: Fails due to retained message
07:21:40 INFO  
</system-out>
	</testcase>
</testsuite><testsuite name="monitoring_with_collectd" tests="1" errors="0" failures="0" skipped="1" time="0"><testcase classname="MonitoringWithCollectd" name="monitoring_with_collectd">
		<skipped message="SKIPPED: Test execution disabled due to #792 (instable)" />
		<system-out>07:21:41 INFO  ==============================================================
07:21:41 INFO  Id:    monitoring_with_collectd
07:21:41 INFO  Dir:   monitoring/
07:21:41 INFO  Title: Validate tedge dm agent messages that are produced by batching the collectd messages
07:21:41 INFO  ==============================================================
07:21:41 INFO  Test execution disabled due to #792 (instable) ... skipped
07:21:41 INFO  
07:21:41 INFO  Test duration: 0.03 secs
07:21:41 INFO  Test final outcome:  SKIPPED
07:21:41 INFO  Test outcome reason: Test execution disabled due to #792 (instable)
07:21:41 INFO  
</system-out>
	</testcase>
</testsuite><testsuite name="monitoring_with_simulated_messages" tests="1" errors="0" failures="0" skipped="1" time="0"><testcase classname="MonitoringWithSimulatedMessages" name="monitoring_with_simulated_messages">
		<skipped message="SKIPPED: Fails due to retained message" />
		<system-out>07:21:41 INFO  ==============================================================
07:21:41 INFO  Id:    monitoring_with_simulated_messages
07:21:41 INFO  Dir:   monitoring/
07:21:41 INFO  Title: Validate the tedge dm agent messages that are produced from the simulated collectd messages
07:21:41 INFO  ==============================================================
07:21:41 INFO  Fails due to retained message ... skipped
07:21:41 INFO  
07:21:41 INFO  Test duration: 0.02 secs
07:21:41 INFO  Test final outcome:  SKIPPED
07:21:41 INFO  Test outcome reason: Fails due to retained message
07:21:41 INFO  
</system-out>
	</testcase>
</testsuite><testsuite name="mqtt_port_change_connection_fails" tests="1" errors="0" failures="0" skipped="0" time="0"><testcase classname="MqttPortChangeConnectionFails" name="mqtt_port_change_connection_fails" />
</testsuite><testsuite name="mqtt_port_change_connection_works" tests="1" errors="0" failures="0" skipped="1" time="0"><testcase classname="MqttPortChangeConnectionWorks" name="mqtt_port_change_connection_works">
		<skipped message="SKIPPED: failing intermitently" />
		<system-out>07:20:47 INFO  ==============================================================
07:20:47 INFO  Id:    mqtt_port_change_connection_works
07:20:47 INFO  Dir:   misc_features/
07:20:47 INFO  Title: mqtt port change connection works for all the thin-edge services that use the mosquitto broker
07:20:47 INFO  ==============================================================
07:20:47 INFO  failing intermitently ... skipped
07:20:47 INFO  
07:20:47 INFO  Test duration: 0.02 secs
07:20:47 INFO  Test final outcome:  SKIPPED
07:20:47 INFO  Test outcome reason: failing intermitently
07:20:47 INFO  
</system-out>
	</testcase>
</testsuite><testsuite name="mqtt_port_set" tests="1" errors="0" failures="0" skipped="0" time="0"><testcase classname="MqttPortSet" name="mqtt_port_set" />
</testsuite><testsuite name="mqtt_port_unset" tests="1" errors="0" failures="0" skipped="0" time="0"><testcase classname="MqttPortUnSet" name="mqtt_port_unset" />
</testsuite><testsuite name="publish_flux" tests="1" errors="0" failures="0" skipped="0" time="0"><testcase classname="PublishFlux" name="publish_flux" />
</testsuite><testsuite name="publish_sawmill" tests="1" errors="0" failures="0" skipped="0" time="0"><testcase classname="PublishSawmill" name="publish_sawmill" />
</testsuite><testsuite name="pysys_block" tests="1" errors="0" failures="0" skipped="1" time="0"><testcase classname="Fail" name="pysys_block">
		<skipped message="SKIPPED: Enable this to observe a blocking test" />
		<system-out>07:21:09 INFO  ==============================================================
07:21:09 INFO  Id:    pysys_block
07:21:09 INFO  Dir:   misc_features/
07:21:09 INFO  Title: fail
07:21:09 INFO  ==============================================================
07:21:09 INFO  Enable this to observe a blocking test ... skipped
07:21:09 INFO  
07:21:09 INFO  Test duration: 0.01 secs
07:21:09 INFO  Test final outcome:  SKIPPED
07:21:09 INFO  Test outcome reason: Enable this to observe a blocking test
07:21:09 INFO  
</system-out>
	</testcase>
</testsuite><testsuite name="pysys_fail" tests="1" errors="0" failures="0" skipped="1" time="0"><testcase classname="Fail" name="pysys_fail">
		<skipped message="SKIPPED: Enable this to observe a failing test" />
		<system-out>07:21:09 INFO  ==============================================================
07:21:09 INFO  Id:    pysys_fail
07:21:09 INFO  Dir:   misc_features/
07:21:09 INFO  Title: fail
07:21:09 INFO  ==============================================================
07:21:09 INFO  Enable this to observe a failing test ... skipped
07:21:09 INFO  
07:21:09 INFO  Test duration: 0.01 secs
07:21:09 INFO  Test final outcome:  SKIPPED
07:21:09 INFO  Test outcome reason: Enable this to observe a failing test
07:21:09 INFO  
</system-out>
	</testcase>
</testsuite><testsuite name="runtime_start_two_mappers" tests="1" errors="0" failures="0" skipped="0" time="0"><testcase classname="RuntimeMultiMappers" name="runtime_start_two_mappers" />
</testsuite><testsuite name="sm_tedge_mapper_init_session" tests="1" errors="0" failures="0" skipped="0" time="0"><testcase classname="TedgeSMMapperInitSession" name="sm_tedge_mapper_init_session" />
</testsuite><testsuite name="smoketest_json" tests="1" errors="0" failures="0" skipped="0" time="0"><testcase classname="SmokeTestJson" name="smoketest_json" />
</testsuite><testsuite name="smoketest_json_400_samples_10ms" tests="1" errors="0" failures="0" skipped="0" time="0"><testcase classname="SmoketestJson400Samples10ms" name="smoketest_json_400_samples_10ms" />
</testsuite><testsuite name="smoketest_json_400_samples_20ms" tests="1" errors="0" failures="0" skipped="0" time="0"><testcase classname="SmoketestJson400Samples20ms" name="smoketest_json_400_samples_20ms" />
</testsuite><testsuite name="smoketest_smartrest" tests="1" errors="0" failures="0" skipped="0" time="0"><testcase classname="SmoketestSmartRest" name="smoketest_smartrest" />
</testsuite><testsuite name="smoketest_smartrest_200_samples_1Xms" tests="1" errors="0" failures="0" skipped="0" time="0"><testcase classname="SmoketestSmartRest200Samples1Xms" name="smoketest_smartrest_200_samples_1Xms" />
</testsuite><testsuite name="smoketest_smartrest_200_samples_20ms" tests="1" errors="0" failures="0" skipped="0" time="0"><testcase classname="SmoketestSmartRest200Samples20ms" name="smoketest_smartrest_200_samples_20ms" />
</testsuite><testsuite name="tedge_agent_user_sudo_access" tests="1" errors="0" failures="0" skipped="1" time="0"><testcase classname="TedgeAgentUserSudoAccess" name="tedge_agent_user_sudo_access">
		<skipped message="SKIPPED: #955 Observation: Exit code of the apt plugin when called with no arguments" />
		<system-out>07:31:52 INFO  ==============================================================
07:31:52 INFO  Id:    tedge_agent_user_sudo_access
07:31:52 INFO  Dir:   tedge/
07:31:52 INFO  Title: Validate tedge-agent user has a limited sudo right
07:31:52 INFO  ==============================================================
07:31:52 INFO  #955 Observation: Exit code of the apt plugin when called with no arguments ... skipped
07:31:52 INFO  
07:31:52 INFO  Test duration: 0.02 secs
07:31:52 INFO  Test final outcome:  SKIPPED
07:31:52 INFO  Test outcome reason: #955 Observation: Exit code of the apt plugin when called with no arguments
07:31:52 INFO  
</system-out>
	</testcase>
</testsuite><testsuite name="tedge_connect_test_negative" tests="1" errors="0" failures="0" skipped="0" time="0"><testcase classname="TedgeConnectTestNegative" name="tedge_connect_test_negative" />
</testsuite><testsuite name="tedge_connect_test_positive" tests="1" errors="0" failures="0" skipped="0" time="0"><testcase classname="TedgeConnectTestPositive" name="tedge_connect_test_positive" />
</testsuite><testsuite name="tedge_connect_test_sm_services" tests="1" errors="0" failures="0" skipped="0" time="0"><testcase classname="TedgeConnectTestSMServices" name="tedge_connect_test_sm_services" />
</testsuite><testsuite name="tedge_disconnect_test_sm_services" tests="1" errors="0" failures="0" skipped="0" time="0"><testcase classname="TedgeDisConnectTestSMServices" name="tedge_disconnect_test_sm_services" />
</testsuite><testsuite name="tedge_mapper_az_negative" tests="1" errors="0" failures="0" skipped="0" time="0"><testcase classname="TedgeMapperAzError" name="tedge_mapper_az_negative" />
</testsuite><testsuite name="tedge_mapper_az_with_timestamp" tests="1" errors="0" failures="0" skipped="0" time="0"><testcase classname="TedgeMapperAzWithTimestamp" name="tedge_mapper_az_with_timestamp" />
</testsuite><testsuite name="tedge_mapper_az_without_timestamp" tests="1" errors="0" failures="0" skipped="0" time="0"><testcase classname="TedgeMapperAzWithoutTimestamp" name="tedge_mapper_az_without_timestamp" />
</testsuite><testsuite name="tedge_mapper_c8y_alarms" tests="1" errors="0" failures="0" skipped="0" time="0"><testcase classname="TedgeMapperC8yAlarm" name="tedge_mapper_c8y_alarms" />
</testsuite><testsuite name="tedge_mapper_c8y_child_device_measurement" tests="1" errors="0" failures="0" skipped="1" time="0"><testcase classname="TedgeMapperC8yChildDevice" name="tedge_mapper_c8y_child_device_measurement">
		<skipped message="SKIPPED: Test execution disabled due to #1088" />
		<system-out>07:36:13 INFO  ==============================================================
07:36:13 INFO  Id:    tedge_mapper_c8y_child_device_measurement
07:36:13 INFO  Dir:   tedge_mapper_c8y/
07:36:13 INFO  Title: Validate that measurements sent to tedge/measurements/child topic gets mapped as the child device's measurement in Cumulocity
07:36:13 INFO  ==============================================================
07:36:13 INFO  Test execution disabled due to #1088 ... skipped
07:36:13 INFO  
07:36:13 INFO  Test duration: 0.04 secs
07:36:13 INFO  Test final outcome:  SKIPPED
07:36:13 INFO  Test outcome reason: Test execution disabled due to #1088
07:36:13 INFO  
</system-out>
	</testcase>
</testsuite><testsuite name="tedge_mapper_c8y_packet_threshold_size" tests="1" errors="0" failures="0" skipped="0" time="0"><testcase classname="TedgeMapperC8yThresholdPacketSize" name="tedge_mapper_c8y_packet_threshold_size" />
</testsuite><testsuite name="tedge_software_update" tests="1" errors="0" failures="0" skipped="0" time="0"><testcase classname="PySysTest" name="tedge_software_update" />
</testsuite><testsuite name="valid_device_id" tests="1" errors="0" failures="0" skipped="0" time="0"><testcase classname="ValidateValidDeviceId" name="valid_device_id" />
</testsuite></testsuites>