<?xml version='1.0' encoding='utf-8'?>
<testsuites tests="149" failures="11" errors="0" skipped="54" time="0.0"><testsuite name="SoftwareManagement.Plugin.apama_plugin_install" tests="3" errors="0" failures="0" skipped="1" time="0"><testcase classname="ApamaPluginInstallTest" name="SoftwareManagement.Plugin.apama_plugin_install">
		<skipped message="SKIPPED: Apama plugin tests are disabled by default. Execute `pysys run` with `-XmyPlatform=container` to run these tests" />
		<system-out>09:14:59 INFO  ==============================================================
09:14:59 INFO  Id:    SoftwareManagement.Plugin.apama_plugin_install
09:14:59 INFO  Dir:   plugin_apama/
09:14:59 INFO  Title: Validate apama plugin install
09:14:59 INFO  ==============================================================
09:14:59 INFO  Apama plugin tests are disabled by default. Execute `pysys run` with `-XmyPlatform=container` to run these tests ... skipped
09:14:59 WARN  Aborted test due to SKIPPED outcome
09:14:59 INFO  
09:14:59 INFO  Test duration: 0.08 secs
09:14:59 INFO  Test final outcome:  SKIPPED
09:14:59 INFO  Test outcome reason: Apama plugin tests are disabled by default. Execute `pysys run` with `-XmyPlatform=container` to run these tests
09:14:59 INFO  
</system-out>
	</testcase>
<testcase classname="ApamaPluginInstallTest" name="SoftwareManagement.Plugin.apama_plugin_install" />
<testcase classname="ApamaPluginInstallTest" name="SoftwareManagement.Plugin.apama_plugin_install" />
</testsuite><testsuite name="SoftwareManagement.Plugin.apama_plugin_mon_support" tests="3" errors="0" failures="0" skipped="1" time="0"><testcase classname="ApamaPluginMonSupportTest" name="SoftwareManagement.Plugin.apama_plugin_mon_support">
		<skipped message="SKIPPED: Apama plugin tests are disabled by default. Execute `pysys run` with `-XmyPlatform=container` to run these tests" />
		<system-out>09:14:59 INFO  ==============================================================
09:14:59 INFO  Id:    SoftwareManagement.Plugin.apama_plugin_mon_support
09:14:59 INFO  Dir:   plugin_apama/
09:14:59 INFO  Title: Validate mon file support of apama plugin
09:14:59 INFO  ==============================================================
09:14:59 INFO  Apama plugin tests are disabled by default. Execute `pysys run` with `-XmyPlatform=container` to run these tests ... skipped
09:14:59 WARN  Aborted test due to SKIPPED outcome
09:14:59 INFO  
09:14:59 INFO  Test duration: 0.04 secs
09:14:59 INFO  Test final outcome:  SKIPPED
09:14:59 INFO  Test outcome reason: Apama plugin tests are disabled by default. Execute `pysys run` with `-XmyPlatform=container` to run these tests
09:14:59 INFO  
</system-out>
	</testcase>
<testcase classname="ApamaPluginMonSupportTest" name="SoftwareManagement.Plugin.apama_plugin_mon_support" />
<testcase classname="ApamaPluginMonSupportTest" name="SoftwareManagement.Plugin.apama_plugin_mon_support" />
</testsuite><testsuite name="SoftwareManagement.Plugin.apama_plugin_remove" tests="3" errors="0" failures="0" skipped="1" time="0"><testcase classname="ApamaPluginRemoveTest" name="SoftwareManagement.Plugin.apama_plugin_remove">
		<skipped message="SKIPPED: Apama plugin tests are disabled by default. Execute `pysys run` with `-XmyPlatform=container` to run these tests" />
		<system-out>09:14:59 INFO  ==============================================================
09:14:59 INFO  Id:    SoftwareManagement.Plugin.apama_plugin_remove
09:14:59 INFO  Dir:   plugin_apama/
09:14:59 INFO  Title: Validate apama plugin remove
09:14:59 INFO  ==============================================================
09:14:59 INFO  Apama plugin tests are disabled by default. Execute `pysys run` with `-XmyPlatform=container` to run these tests ... skipped
09:14:59 WARN  Aborted test due to SKIPPED outcome
09:14:59 INFO  
09:14:59 INFO  Test duration: 0.03 secs
09:14:59 INFO  Test final outcome:  SKIPPED
09:14:59 INFO  Test outcome reason: Apama plugin tests are disabled by default. Execute `pysys run` with `-XmyPlatform=container` to run these tests
09:14:59 INFO  
</system-out>
	</testcase>
<testcase classname="ApamaPluginRemoveTest" name="SoftwareManagement.Plugin.apama_plugin_remove" />
<testcase classname="ApamaPluginRemoveTest" name="SoftwareManagement.Plugin.apama_plugin_remove" />
</testsuite><testsuite name="SoftwareManagement.Plugin.apama_plugin_update" tests="3" errors="0" failures="0" skipped="3" time="0"><testcase classname="ApamaPluginUpdateTest" name="SoftwareManagement.Plugin.apama_plugin_update">
		<skipped message="SKIPPED: Test execution disabled due to #1052" />
		<system-out>09:14:59 INFO  ==============================================================
09:14:59 INFO  Id:    SoftwareManagement.Plugin.apama_plugin_update
09:14:59 INFO  Dir:   plugin_apama/
09:14:59 INFO  Title: Validate apama plugin updating one project with another
09:14:59 INFO  ==============================================================
09:14:59 INFO  Test execution disabled due to #1052 ... skipped
09:14:59 INFO  
09:14:59 INFO  Test duration: 0.02 secs
09:14:59 INFO  Test final outcome:  SKIPPED
09:14:59 INFO  Test outcome reason: Test execution disabled due to #1052
09:14:59 INFO  
</system-out>
	</testcase>
<testcase classname="ApamaPluginUpdateTest" name="SoftwareManagement.Plugin.apama_plugin_update">
		<skipped message="SKIPPED: Test execution disabled due to #1052" />
		<system-out>10:13:31 INFO  ==============================================================
10:13:31 INFO  Id:    SoftwareManagement.Plugin.apama_plugin_update
10:13:31 INFO  Dir:   plugin_apama/
10:13:31 INFO  Title: Validate apama plugin updating one project with another
10:13:31 INFO  ==============================================================
10:13:31 INFO  Test execution disabled due to #1052 ... skipped
10:13:31 INFO  
10:13:31 INFO  Test duration: 0.02 secs
10:13:31 INFO  Test final outcome:  SKIPPED
10:13:31 INFO  Test outcome reason: Test execution disabled due to #1052
10:13:31 INFO  
</system-out>
	</testcase>
<testcase classname="ApamaPluginUpdateTest" name="SoftwareManagement.Plugin.apama_plugin_update">
		<skipped message="SKIPPED: Test execution disabled due to #1052" />
		<system-out>10:22:28 INFO  ==============================================================
10:22:28 INFO  Id:    SoftwareManagement.Plugin.apama_plugin_update
10:22:28 INFO  Dir:   plugin_apama/
10:22:28 INFO  Title: Validate apama plugin updating one project with another
10:22:28 INFO  ==============================================================
10:22:28 INFO  Test execution disabled due to #1052 ... skipped
10:22:28 INFO  
10:22:28 INFO  Test duration: 0.04 secs
10:22:28 INFO  Test final outcome:  SKIPPED
10:22:28 INFO  Test outcome reason: Test execution disabled due to #1052
10:22:28 INFO  
</system-out>
	</testcase>
</testsuite><testsuite name="SoftwareManagement.sm_apt_install_download_path" tests="3" errors="0" failures="2" skipped="1" time="0"><testcase classname="AptInstallWithDownloadPath" name="SoftwareManagement.sm_apt_install_download_path">
		<skipped message="SKIPPED: Testing the apt plugin is not supported on this platform.Use parameter -XmyPlatform='container' to enable it" />
		<system-out>09:25:28 INFO  ==============================================================
09:25:28 INFO  Id:    SoftwareManagement.sm_apt_install_download_path
09:25:28 INFO  Dir:   software_management_end_to_end/
09:25:28 INFO  Title: Install package to directory specified in tedge config set tmp.path
09:25:28 INFO  ==============================================================
09:25:28 INFO  Testing the apt plugin is not supported on this platform.Use parameter -XmyPlatform='container' to enable it ... skipped
09:25:28 WARN  Aborted test due to SKIPPED outcome
09:25:28 INFO  
09:25:28 INFO  Test duration: 0.09 secs
09:25:28 INFO  Test final outcome:  SKIPPED
09:25:28 INFO  Test outcome reason: Testing the apt plugin is not supported on this platform.Use parameter -XmyPlatform='container' to enable it
09:25:28 INFO  
</system-out>
	</testcase>
<testcase classname="AptInstallWithDownloadPath" name="SoftwareManagement.sm_apt_install_download_path">
		<failure message="BLOCKED: AssertionError:" type="BLOCKED" />
		<system-out>09:53:25 INFO  ==============================================================
09:53:25 INFO  Id:    SoftwareManagement.sm_apt_install_download_path
09:53:25 INFO  Dir:   software_management_end_to_end/
09:53:25 INFO  Title: Install package to directory specified in tedge config set tmp.path
09:53:25 INFO  ==============================================================
09:53:26 INFO  Using sw id database: {'asciijump': '5475369', 'robotfindskitten': '5474869', 'squirrel3': '5475279', 'rolldice': '5152439', 'moon-buggy': '5439204', 'apple': '5495053', 'banana': '5494888', 'cherry': '5495382', 'watermelon': '5494510', 'registry': '8018911', 'hello-world': '8021526', 'docker/getting-started': '8021973', 'alpine': '7991792'}
09:53:26 INFO  EnvironmentC8y Setup
09:53:26 INFO  Executed systemctl&lt;serv_mapper1&gt;, exit status 3
09:53:47 INFO  Executed sudo&lt;tedge_connect_c8y&gt;, exit status 0, duration 20 secs
09:53:47 INFO  Executed sudo&lt;tedge_connect_c8y_test&gt;, exit status 0
09:53:48 INFO  Executed systemctl&lt;serv_mosq2&gt;, exit status 0
09:53:48 INFO  Executed systemctl&lt;serv_mapper3&gt;, exit status 0
09:53:51 ERROR No operations found, assuming it passed
09:53:51 INFO  Assert that (False == value) with value=False ... passed
09:53:52 INFO  Executed sudo, exit status 0
09:53:52 INFO  Executed sudo, exit status 0
09:53:53 INFO  Executed sudo, exit status 0
09:53:58 INFO  Executed sudo&lt;tedge_disconnect_c8y&gt;, exit status 0
09:53:58 INFO  Restarting mosquitto too frequently in the last 10 seconds. It was only up for 4 seconds
09:53:58 INFO  Delaying execution by 7 seconds
09:54:24 INFO  Executed sudo&lt;tedge_connect_c8y&gt;, exit status 0, duration 18 secs
09:54:24 INFO  Response status: 201
09:54:24 INFO  Response to action: {
    "creationTime": "2022-05-23T09:54:24.425Z",
    "deviceId": "19484865",
    "deviceName": "m32sd11e",
    "self": "https://t493319102.eu-latest.cumulocity.com/devicecontrol/operations/19508303",
    "id": "19508303",
    "status": "PENDING",
    "description": "Apply software changes, triggered from PySys: [{'name': 'rolldice', 'id': '5152439', 'version': '::apt', 'url': 'https://thin-edge-io.eu-latest.cumulocity.com/inventory/binaries/12435463', 'action': 'install'}]",
    "c8y_SoftwareUpdate": [
        {
            "name": "rolldice",
            "action": "install",
            "id": "5152439",
            "version": "::apt",
            "url": "https://thin-edge-io.eu-latest.cumulocity.com/inventory/binaries/12435463"
        }
    ]
}
09:54:24 INFO  Started operation: {'creationTime': '2022-05-23T09:54:24.425Z', 'deviceId': '19484865', 'deviceName': 'm32sd11e', 'self': 'https://t493319102.eu-latest.cumulocity.com/devicecontrol/operations/19508303', 'id': '19508303', 'status': 'PENDING', 'description': "Apply software changes, triggered from PySys: [{'name': 'rolldice', 'id': '5152439', 'version': '::apt', 'url': 'https://thin-edge-io.eu-latest.cumulocity.com/inventory/binaries/12435463', 'action': 'install'}]", 'c8y_SoftwareUpdate': [{'name': 'rolldice', 'action': 'install', 'id': '5152439', 'version': '::apt', 'url': 'https://thin-edge-io.eu-latest.cumulocity.com/inventory/binaries/12435463'}]}
09:54:24 WARN  , retrying in 0.5 seconds...
09:54:25 WARN  , retrying in 0.5 seconds...
09:54:25 WARN  , retrying in 0.5 seconds...
09:54:26 WARN  , retrying in 0.5 seconds...
09:54:26 WARN  , retrying in 0.5 seconds...
09:54:27 WARN  , retrying in 0.5 seconds...
09:54:27 WARN  , retrying in 0.5 seconds...
09:54:28 WARN  , retrying in 0.5 seconds...
09:54:28 WARN  , retrying in 0.5 seconds...
09:54:29 WARN  AssertionError occurred while running test - 
Traceback (most recent call last):
  File "/home/pi/env-pysys/lib/python3.9/site-packages/pysys/baserunner.py", line 1294, in __call__
    self.testObj.execute()
  File "/home/pi/actions-runner/_work/thin-edge.io/thin-edge.io/tests/PySys/software_management_end_to_end/sm_apt_install_download_path/run.py", line 83, in execute
    assert_install_in_download_path(install_directory=self.DOWNLOAD_DIR)
  File "/home/pi/env-pysys/lib/python3.9/site-packages/decorator.py", line 232, in fun
    return caller(func, *(extras + args), **kw)
  File "/home/pi/env-pysys/lib/python3.9/site-packages/retry/api.py", line 73, in retry_decorator
    return __retry_internal(partial(f, *args, **kwargs), exceptions, tries, delay, max_delay, backoff, jitter,
  File "/home/pi/env-pysys/lib/python3.9/site-packages/retry/api.py", line 33, in __retry_internal
    return f()
  File "/home/pi/actions-runner/_work/thin-edge.io/thin-edge.io/tests/PySys/software_management_end_to_end/sm_apt_install_download_path/run.py", line 28, in assert_install_in_download_path
    assert "rolldice" in os.listdir(f"{install_directory}")
AssertionError
09:54:29 WARN  AssertionError: ... blocked 
09:54:29 INFO  
09:54:29 INFO  cleanup:
09:54:29 INFO  Executed sudo, exit status 0
09:54:30 INFO  Executed sudo, exit status 0
09:54:36 INFO  Executed sudo&lt;tedge_disconnect_c8y&gt;, exit status 0
09:54:36 INFO  Restarting mosquitto too frequently in the last 10 seconds. It was only up for 5 seconds
09:54:36 INFO  Delaying execution by 6 seconds
09:55:00 INFO  Executed sudo&lt;tedge_connect_c8y&gt;, exit status 0, duration 17 secs
09:55:05 INFO  Executed sudo&lt;tedge_disconnect_c8y&gt;, exit status 0
09:55:06 INFO  Executed systemctl&lt;serv_mapper5&gt;, exit status 3
09:55:06 INFO  
09:55:06 INFO  Test duration: 100.75 secs
09:55:06 INFO  Test final outcome:  BLOCKED
09:55:06 INFO  Test outcome reason: AssertionError:
09:55:06 INFO  
</system-out>
	</testcase>
<testcase classname="AptInstallWithDownloadPath" name="SoftwareManagement.sm_apt_install_download_path">
		<failure message="BLOCKED: AssertionError:" type="BLOCKED" />
		<system-out>10:22:28 INFO  ==============================================================
10:22:28 INFO  Id:    SoftwareManagement.sm_apt_install_download_path
10:22:28 INFO  Dir:   software_management_end_to_end/
10:22:28 INFO  Title: Install package to directory specified in tedge config set tmp.path
10:22:28 INFO  ==============================================================
10:22:30 INFO  Using sw id database: {'asciijump': '5475369', 'robotfindskitten': '5474869', 'squirrel3': '5475279', 'rolldice': '5152439', 'moon-buggy': '5439204', 'apple': '5495053', 'banana': '5494888', 'cherry': '5495382', 'watermelon': '5494510', 'registry': '8018911', 'hello-world': '8021526', 'docker/getting-started': '8021973', 'alpine': '7991792'}
10:22:30 INFO  EnvironmentC8y Setup
10:22:30 INFO  Executed systemctl&lt;serv_mapper1&gt;, exit status 3
10:22:48 INFO  Executed sudo&lt;tedge_connect_c8y&gt;, exit status 0, duration 17 secs
10:22:49 INFO  Executed sudo&lt;tedge_connect_c8y_test&gt;, exit status 0
10:22:49 INFO  Executed systemctl&lt;serv_mosq2&gt;, exit status 0
10:22:50 INFO  Executed systemctl&lt;serv_mapper3&gt;, exit status 0
10:22:52 INFO  State of current operation: SUCCESSFUL
10:22:53 INFO  Assert that (False == value) with value=False ... passed
10:22:53 INFO  Executed sudo, exit status 0
10:22:54 INFO  Executed sudo, exit status 0
10:22:54 INFO  Executed sudo, exit status 0
10:23:00 INFO  Executed sudo&lt;tedge_disconnect_c8y&gt;, exit status 0
10:23:00 INFO  Restarting mosquitto too frequently in the last 10 seconds. It was only up for 5 seconds
10:23:00 INFO  Delaying execution by 6 seconds
10:23:23 INFO  Executed sudo&lt;tedge_connect_c8y&gt;, exit status 0, duration 17 secs
10:23:24 INFO  Response status: 201
10:23:24 INFO  Response to action: {
    "creationTime": "2022-05-23T10:23:24.106Z",
    "deviceId": "19484865",
    "deviceName": "m32sd11e",
    "self": "https://t493319102.eu-latest.cumulocity.com/devicecontrol/operations/19512766",
    "id": "19512766",
    "status": "PENDING",
    "description": "Apply software changes, triggered from PySys: [{'name': 'rolldice', 'id': '5152439', 'version': '::apt', 'url': 'https://thin-edge-io.eu-latest.cumulocity.com/inventory/binaries/12435463', 'action': 'install'}]",
    "c8y_SoftwareUpdate": [
        {
            "name": "rolldice",
            "action": "install",
            "id": "5152439",
            "version": "::apt",
            "url": "https://thin-edge-io.eu-latest.cumulocity.com/inventory/binaries/12435463"
        }
    ]
}
10:23:24 INFO  Started operation: {'creationTime': '2022-05-23T10:23:24.106Z', 'deviceId': '19484865', 'deviceName': 'm32sd11e', 'self': 'https://t493319102.eu-latest.cumulocity.com/devicecontrol/operations/19512766', 'id': '19512766', 'status': 'PENDING', 'description': "Apply software changes, triggered from PySys: [{'name': 'rolldice', 'id': '5152439', 'version': '::apt', 'url': 'https://thin-edge-io.eu-latest.cumulocity.com/inventory/binaries/12435463', 'action': 'install'}]", 'c8y_SoftwareUpdate': [{'name': 'rolldice', 'action': 'install', 'id': '5152439', 'version': '::apt', 'url': 'https://thin-edge-io.eu-latest.cumulocity.com/inventory/binaries/12435463'}]}
10:23:24 WARN  , retrying in 0.5 seconds...
10:23:24 WARN  , retrying in 0.5 seconds...
10:23:25 WARN  , retrying in 0.5 seconds...
10:23:25 WARN  , retrying in 0.5 seconds...
10:23:26 WARN  , retrying in 0.5 seconds...
10:23:26 WARN  , retrying in 0.5 seconds...
10:23:27 WARN  , retrying in 0.5 seconds...
10:23:27 WARN  , retrying in 0.5 seconds...
10:23:28 WARN  , retrying in 0.5 seconds...
10:23:28 WARN  AssertionError occurred while running test - 
Traceback (most recent call last):
  File "/home/pi/env-pysys/lib/python3.9/site-packages/pysys/baserunner.py", line 1294, in __call__
    self.testObj.execute()
  File "/home/pi/actions-runner/_work/thin-edge.io/thin-edge.io/tests/PySys/software_management_end_to_end/sm_apt_install_download_path/run.py", line 83, in execute
    assert_install_in_download_path(install_directory=self.DOWNLOAD_DIR)
  File "/home/pi/env-pysys/lib/python3.9/site-packages/decorator.py", line 232, in fun
    return caller(func, *(extras + args), **kw)
  File "/home/pi/env-pysys/lib/python3.9/site-packages/retry/api.py", line 73, in retry_decorator
    return __retry_internal(partial(f, *args, **kwargs), exceptions, tries, delay, max_delay, backoff, jitter,
  File "/home/pi/env-pysys/lib/python3.9/site-packages/retry/api.py", line 33, in __retry_internal
    return f()
  File "/home/pi/actions-runner/_work/thin-edge.io/thin-edge.io/tests/PySys/software_management_end_to_end/sm_apt_install_download_path/run.py", line 28, in assert_install_in_download_path
    assert "rolldice" in os.listdir(f"{install_directory}")
AssertionError
10:23:29 WARN  AssertionError: ... blocked 
10:23:29 INFO  
10:23:29 INFO  cleanup:
10:23:30 INFO  Executed sudo, exit status 0
10:23:30 INFO  Executed sudo, exit status 0
10:23:36 INFO  Executed sudo&lt;tedge_disconnect_c8y&gt;, exit status 0
10:23:36 INFO  Restarting mosquitto too frequently in the last 10 seconds. It was only up for 5 seconds
10:23:36 INFO  Delaying execution by 6 seconds
10:24:00 INFO  Executed sudo&lt;tedge_connect_c8y&gt;, exit status 0, duration 18 secs
10:24:06 INFO  Executed sudo&lt;tedge_disconnect_c8y&gt;, exit status 0
10:24:06 INFO  Executed systemctl&lt;serv_mapper5&gt;, exit status 3
10:24:06 INFO  
10:24:06 INFO  Test duration: 97.99 secs
10:24:06 INFO  Test final outcome:  BLOCKED
10:24:06 INFO  Test outcome reason: AssertionError:
10:24:06 INFO  
</system-out>
	</testcase>
</testsuite><testsuite name="SoftwareManagement.sm_apt_install_fail" tests="3" errors="0" failures="0" skipped="1" time="0"><testcase classname="PySysTest" name="SoftwareManagement.sm_apt_install_fail">
		<skipped message="SKIPPED: Testing the apt plugin is not supported on this platform.Use parameter -XmyPlatform='container' to enable it" />
		<system-out>09:25:28 INFO  ==============================================================
09:25:28 INFO  Id:    SoftwareManagement.sm_apt_install_fail
09:25:28 INFO  Dir:   software_management_end_to_end/
09:25:28 INFO  Title: Validate end to end behaviour for a failing installation
09:25:28 INFO  ==============================================================
09:25:28 INFO  Testing the apt plugin is not supported on this platform.Use parameter -XmyPlatform='container' to enable it ... skipped
09:25:28 WARN  Aborted test due to SKIPPED outcome
09:25:28 INFO  
09:25:28 INFO  Test duration: 0.02 secs
09:25:28 INFO  Test final outcome:  SKIPPED
09:25:28 INFO  Test outcome reason: Testing the apt plugin is not supported on this platform.Use parameter -XmyPlatform='container' to enable it
09:25:28 INFO  
</system-out>
	</testcase>
<testcase classname="PySysTest" name="SoftwareManagement.sm_apt_install_fail" />
<testcase classname="PySysTest" name="SoftwareManagement.sm_apt_install_fail" />
</testsuite><testsuite name="SoftwareManagement.sm_apt_install_remove" tests="3" errors="0" failures="0" skipped="1" time="0"><testcase classname="PySysTest" name="SoftwareManagement.sm_apt_install_remove">
		<skipped message="SKIPPED: Testing the apt plugin is not supported on this platform.Use parameter -XmyPlatform='container' to enable it" />
		<system-out>09:25:28 INFO  ==============================================================
09:25:28 INFO  Id:    SoftwareManagement.sm_apt_install_remove
09:25:28 INFO  Dir:   software_management_end_to_end/
09:25:28 INFO  Title: Validate end to end behaviour for the apt plugin for installation and removal of packages
09:25:28 INFO  ==============================================================
09:25:28 INFO  Testing the apt plugin is not supported on this platform.Use parameter -XmyPlatform='container' to enable it ... skipped
09:25:28 WARN  Aborted test due to SKIPPED outcome
09:25:28 INFO  
09:25:28 INFO  Test duration: 0.02 secs
09:25:28 INFO  Test final outcome:  SKIPPED
09:25:28 INFO  Test outcome reason: Testing the apt plugin is not supported on this platform.Use parameter -XmyPlatform='container' to enable it
09:25:28 INFO  
</system-out>
	</testcase>
<testcase classname="PySysTest" name="SoftwareManagement.sm_apt_install_remove" />
<testcase classname="PySysTest" name="SoftwareManagement.sm_apt_install_remove" />
</testsuite><testsuite name="SoftwareManagement.sm_apt_install_remove_default" tests="3" errors="0" failures="0" skipped="1" time="0"><testcase classname="PySysTest" name="SoftwareManagement.sm_apt_install_remove_default">
		<skipped message="SKIPPED: Testing the apt plugin is not supported on this platform.Use parameter -XmyPlatform='container' to enable it" />
		<system-out>09:25:28 INFO  ==============================================================
09:25:28 INFO  Id:    SoftwareManagement.sm_apt_install_remove_default
09:25:28 INFO  Dir:   software_management_end_to_end/
09:25:28 INFO  Title: Validate end to end behaviour for the default plugin for installation and removal of packages
09:25:28 INFO  ==============================================================
09:25:28 INFO  Testing the apt plugin is not supported on this platform.Use parameter -XmyPlatform='container' to enable it ... skipped
09:25:28 WARN  Aborted test due to SKIPPED outcome
09:25:28 INFO  
09:25:28 INFO  Test duration: 0.02 secs
09:25:28 INFO  Test final outcome:  SKIPPED
09:25:28 INFO  Test outcome reason: Testing the apt plugin is not supported on this platform.Use parameter -XmyPlatform='container' to enable it
09:25:28 INFO  
</system-out>
	</testcase>
<testcase classname="PySysTest" name="SoftwareManagement.sm_apt_install_remove_default" />
<testcase classname="PySysTest" name="SoftwareManagement.sm_apt_install_remove_default" />
</testsuite><testsuite name="SoftwareManagement.sm_apt_install_remove_multiple" tests="3" errors="0" failures="1" skipped="1" time="0"><testcase classname="PySysTest" name="SoftwareManagement.sm_apt_install_remove_multiple">
		<skipped message="SKIPPED: Testing the apt plugin is not supported on this platform.Use parameter -XmyPlatform='container' to enable it" />
		<system-out>09:25:28 INFO  ==============================================================
09:25:28 INFO  Id:    SoftwareManagement.sm_apt_install_remove_multiple
09:25:28 INFO  Dir:   software_management_end_to_end/
09:25:28 INFO  Title: Validate end to end behaviour for the apt plugin for multiple packages
09:25:28 INFO  ==============================================================
09:25:28 INFO  Testing the apt plugin is not supported on this platform.Use parameter -XmyPlatform='container' to enable it ... skipped
09:25:28 WARN  Aborted test due to SKIPPED outcome
09:25:28 INFO  
09:25:28 INFO  Test duration: 0.06 secs
09:25:28 INFO  Test final outcome:  SKIPPED
09:25:28 INFO  Test outcome reason: Testing the apt plugin is not supported on this platform.Use parameter -XmyPlatform='container' to enable it
09:25:28 INFO  
</system-out>
	</testcase>
<testcase classname="PySysTest" name="SoftwareManagement.sm_apt_install_remove_multiple" />
<testcase classname="PySysTest" name="SoftwareManagement.sm_apt_install_remove_multiple">
		<failure message="FAILED: Assert that (False == value) with value=True (+2 other failures)" type="FAILED" />
		<system-out>10:31:42 INFO  ==============================================================
10:31:42 INFO  Id:    SoftwareManagement.sm_apt_install_remove_multiple
10:31:42 INFO  Dir:   software_management_end_to_end/
10:31:42 INFO  Title: Validate end to end behaviour for the apt plugin for multiple packages
10:31:42 INFO  ==============================================================
10:31:42 INFO  Using sw id database: {'asciijump': '5475369', 'robotfindskitten': '5474869', 'squirrel3': '5475279', 'rolldice': '5152439', 'moon-buggy': '5439204', 'apple': '5495053', 'banana': '5494888', 'cherry': '5495382', 'watermelon': '5494510', 'registry': '8018911', 'hello-world': '8021526', 'docker/getting-started': '8021973', 'alpine': '7991792'}
10:31:42 INFO  EnvironmentC8y Setup
10:31:42 INFO  Executed systemctl&lt;serv_mapper1&gt;, exit status 3
10:31:43 INFO  Restarting mosquitto too frequently in the last 10 seconds. It was only up for 6 seconds
10:31:43 INFO  Delaying execution by 5 seconds
10:32:05 INFO  Executed sudo&lt;tedge_connect_c8y&gt;, exit status 0, duration 17 secs
10:32:06 INFO  Executed sudo&lt;tedge_connect_c8y_test&gt;, exit status 0
10:32:06 INFO  Executed systemctl&lt;serv_mosq2&gt;, exit status 0
10:32:07 INFO  Executed systemctl&lt;serv_mapper3&gt;, exit status 0
10:32:09 INFO  State of current operation: SUCCESSFUL
10:32:09 INFO  Assert that (False == value) with value=False ... passed
10:32:10 INFO  Package asciijump is installed
10:32:10 WARN  Assert that (False == value) with value=True ... failed 
10:32:10 INFO  Package squirrel3 is installed
10:32:10 WARN  Assert that (False == value) with value=True ... failed 
10:32:10 INFO  Package robotfindskitten is installed
10:32:10 WARN  Assert that (False == value) with value=True ... failed 
10:32:11 INFO  Response status: 201
10:32:11 INFO  Response to action: {
    "creationTime": "2022-05-23T10:32:10.986Z",
    "deviceId": "19484865",
    "deviceName": "m32sd11e",
    "self": "https://t493319102.eu-latest.cumulocity.com/devicecontrol/operations/19512894",
    "id": "19512894",
    "status": "PENDING",
    "description": "Apply software changes, triggered from PySys: [{'action': 'install', 'id': '5475369', 'name': 'asciijump', 'url': ' ', 'version': '::apt'}, {'action': 'install', 'id': '5474869', 'name': 'robotfindskitten', 'url': ' ', 'version': '::apt'}, {'action': 'install', 'id': '5475279', 'name': 'squirrel3', 'url': ' ', 'version': '::apt'}]",
    "c8y_SoftwareUpdate": [
        {
            "name": "asciijump",
            "action": "install",
            "id": "5475369",
            "version": "::apt",
            "url": " "
        },
        {
            "name": "robotfindskitten",
            "action": "install",
            "id": "5474869",
            "version": "::apt",
            "url": " "
        },
        {
            "name": "squirrel3",
            "action": "install",
            "id": "5475279",
            "version": "::apt",
            "url": " "
        }
    ]
}
10:32:11 INFO  Started operation: {'creationTime': '2022-05-23T10:32:10.986Z', 'deviceId': '19484865', 'deviceName': 'm32sd11e', 'self': 'https://t493319102.eu-latest.cumulocity.com/devicecontrol/operations/19512894', 'id': '19512894', 'status': 'PENDING', 'description': "Apply software changes, triggered from PySys: [{'action': 'install', 'id': '5475369', 'name': 'asciijump', 'url': ' ', 'version': '::apt'}, {'action': 'install', 'id': '5474869', 'name': 'robotfindskitten', 'url': ' ', 'version': '::apt'}, {'action': 'install', 'id': '5475279', 'name': 'squirrel3', 'url': ' ', 'version': '::apt'}]", 'c8y_SoftwareUpdate': [{'name': 'asciijump', 'action': 'install', 'id': '5475369', 'version': '::apt', 'url': ' '}, {'name': 'robotfindskitten', 'action': 'install', 'id': '5474869', 'version': '::apt', 'url': ' '}, {'name': 'squirrel3', 'action': 'install', 'id': '5475279', 'version': '::apt', 'url': ' '}]}
10:32:13 INFO  State of operation 19512894 : PENDING
10:32:15 INFO  State of operation 19512894 : EXECUTING
10:32:18 INFO  State of operation 19512894 : EXECUTING
10:32:20 INFO  State of operation 19512894 : EXECUTING
10:32:22 INFO  State of operation 19512894 : EXECUTING
10:32:24 INFO  State of operation 19512894 : EXECUTING
10:32:26 INFO  State of operation 19512894 : EXECUTING
10:32:29 INFO  State of operation 19512894 : EXECUTING
10:32:32 INFO  State of operation 19512894 : EXECUTING
10:32:34 INFO  State of operation 19512894 : EXECUTING
10:32:37 INFO  State of operation 19512894 : EXECUTING
10:32:39 INFO  State of operation 19512894 : EXECUTING
10:32:41 INFO  State of operation 19512894 : EXECUTING
10:32:43 INFO  State of operation 19512894 : EXECUTING
10:32:45 INFO  State of operation 19512894 : EXECUTING
10:32:48 INFO  State of operation 19512894 : EXECUTING
10:32:50 INFO  State of operation 19512894 : EXECUTING
10:32:52 INFO  State of operation 19512894 : SUCCESSFUL
10:32:52 INFO  Assert that (False == value) with value=False ... passed
10:32:53 INFO  Package asciijump is installed
10:32:53 INFO  Assert that (True == value) with value=True ... passed
10:32:53 INFO  Package squirrel3 is installed
10:32:53 INFO  Assert that (True == value) with value=True ... passed
10:32:53 INFO  Package robotfindskitten is installed
10:32:53 INFO  Assert that (True == value) with value=True ... passed
10:32:53 INFO  Response status: 201
10:32:53 INFO  Response to action: {
    "creationTime": "2022-05-23T10:32:53.743Z",
    "deviceId": "19484865",
    "deviceName": "m32sd11e",
    "self": "https://t493319102.eu-latest.cumulocity.com/devicecontrol/operations/19512902",
    "id": "19512902",
    "status": "PENDING",
    "description": "Apply software changes, triggered from PySys: [{'action': 'delete', 'id': '5475369', 'name': 'asciijump', 'url': ' ', 'version': '::apt'}, {'action': 'delete', 'id': '5474869', 'name': 'robotfindskitten', 'url': ' ', 'version': '::apt'}, {'action': 'delete', 'id': '5475279', 'name': 'squirrel3', 'url': ' ', 'version': '::apt'}]",
    "c8y_SoftwareUpdate": [
        {
            "name": "asciijump",
            "action": "delete",
            "id": "5475369",
            "version": "::apt",
            "url": " "
        },
        {
            "name": "robotfindskitten",
            "action": "delete",
            "id": "5474869",
            "version": "::apt",
            "url": " "
        },
        {
            "name": "squirrel3",
            "action": "delete",
            "id": "5475279",
            "version": "::apt",
            "url": " "
        }
    ]
}
10:32:53 INFO  Started operation: {'creationTime': '2022-05-23T10:32:53.743Z', 'deviceId': '19484865', 'deviceName': 'm32sd11e', 'self': 'https://t493319102.eu-latest.cumulocity.com/devicecontrol/operations/19512902', 'id': '19512902', 'status': 'PENDING', 'description': "Apply software changes, triggered from PySys: [{'action': 'delete', 'id': '5475369', 'name': 'asciijump', 'url': ' ', 'version': '::apt'}, {'action': 'delete', 'id': '5474869', 'name': 'robotfindskitten', 'url': ' ', 'version': '::apt'}, {'action': 'delete', 'id': '5475279', 'name': 'squirrel3', 'url': ' ', 'version': '::apt'}]", 'c8y_SoftwareUpdate': [{'name': 'asciijump', 'action': 'delete', 'id': '5475369', 'version': '::apt', 'url': ' '}, {'name': 'robotfindskitten', 'action': 'delete', 'id': '5474869', 'version': '::apt', 'url': ' '}, {'name': 'squirrel3', 'action': 'delete', 'id': '5475279', 'version': '::apt', 'url': ' '}]}
10:32:56 INFO  State of operation 19512902 : PENDING
10:32:58 INFO  State of operation 19512902 : EXECUTING
10:33:00 INFO  State of operation 19512902 : EXECUTING
10:33:02 INFO  State of operation 19512902 : EXECUTING
10:33:04 INFO  State of operation 19512902 : EXECUTING
10:33:07 INFO  State of operation 19512902 : EXECUTING
10:33:09 INFO  State of operation 19512902 : EXECUTING
10:33:13 INFO  State of operation 19512902 : EXECUTING
10:33:15 INFO  State of operation 19512902 : EXECUTING
10:33:18 INFO  State of operation 19512902 : EXECUTING
10:33:20 INFO  State of operation 19512902 : EXECUTING
10:33:22 INFO  State of operation 19512902 : EXECUTING
10:33:24 INFO  State of operation 19512902 : EXECUTING
10:33:27 INFO  State of operation 19512902 : EXECUTING
10:33:29 INFO  State of operation 19512902 : EXECUTING
10:33:31 INFO  State of operation 19512902 : EXECUTING
10:33:33 INFO  State of operation 19512902 : EXECUTING
10:33:35 INFO  State of operation 19512902 : EXECUTING
10:33:38 INFO  State of operation 19512902 : EXECUTING
10:33:40 INFO  State of operation 19512902 : EXECUTING
10:33:42 INFO  State of operation 19512902 : EXECUTING
10:33:45 INFO  State of operation 19512902 : EXECUTING
10:33:48 INFO  State of operation 19512902 : EXECUTING
10:33:50 INFO  State of operation 19512902 : EXECUTING
10:33:52 INFO  State of operation 19512902 : EXECUTING
10:33:54 INFO  State of operation 19512902 : EXECUTING
10:33:57 INFO  State of operation 19512902 : EXECUTING
10:33:59 INFO  State of operation 19512902 : EXECUTING
10:34:01 INFO  State of operation 19512902 : EXECUTING
10:34:04 INFO  State of operation 19512902 : EXECUTING
10:34:06 INFO  State of operation 19512902 : EXECUTING
10:34:09 INFO  State of operation 19512902 : EXECUTING
10:34:11 INFO  State of operation 19512902 : EXECUTING
10:34:13 INFO  State of operation 19512902 : SUCCESSFUL
10:34:13 INFO  Assert that (False == value) with value=False ... passed
10:34:14 INFO  Assert that (False == value) with value=False ... passed
10:34:14 INFO  Assert that (False == value) with value=False ... passed
10:34:14 INFO  Assert that (False == value) with value=False ... passed
10:34:14 INFO  
10:34:14 INFO  cleanup:
10:34:20 INFO  Executed sudo&lt;tedge_disconnect_c8y&gt;, exit status 0
10:34:20 INFO  Executed systemctl&lt;serv_mapper5&gt;, exit status 3
10:34:20 INFO  
10:34:20 INFO  Test duration: 158.74 secs
10:34:20 INFO  Test final outcome:  FAILED
10:34:20 INFO  Test outcome reason: Assert that (False == value) with value=True (+2 other failures)
10:34:20 INFO  
</system-out>
	</testcase>
</testsuite><testsuite name="SoftwareManagement.sm_apt_install_remove_multiple_mixed" tests="3" errors="0" failures="2" skipped="1" time="0"><testcase classname="PySysTest" name="SoftwareManagement.sm_apt_install_remove_multiple_mixed">
		<skipped message="SKIPPED: Testing the apt plugin is not supported on this platform.Use parameter -XmyPlatform='container' to enable it" />
		<system-out>09:25:28 INFO  ==============================================================
09:25:28 INFO  Id:    SoftwareManagement.sm_apt_install_remove_multiple_mixed
09:25:28 INFO  Dir:   software_management_end_to_end/
09:25:28 INFO  Title: Validate end to end behaviour for the apt plugin for multiple packages with mixed versions
09:25:28 INFO  ==============================================================
09:25:28 INFO  Testing the apt plugin is not supported on this platform.Use parameter -XmyPlatform='container' to enable it ... skipped
09:25:28 WARN  Aborted test due to SKIPPED outcome
09:25:28 INFO  
09:25:28 INFO  Test duration: 0.03 secs
09:25:28 INFO  Test final outcome:  SKIPPED
09:25:28 INFO  Test outcome reason: Testing the apt plugin is not supported on this platform.Use parameter -XmyPlatform='container' to enable it
09:25:28 INFO  
</system-out>
	</testcase>
<testcase classname="PySysTest" name="SoftwareManagement.sm_apt_install_remove_multiple_mixed">
		<failure message="BLOCKED: SystemError: Timeout while waiting for status SUCCESSFUL or False" type="BLOCKED" />
		<system-out>10:06:08 INFO  ==============================================================
10:06:08 INFO  Id:    SoftwareManagement.sm_apt_install_remove_multiple_mixed
10:06:08 INFO  Dir:   software_management_end_to_end/
10:06:08 INFO  Title: Validate end to end behaviour for the apt plugin for multiple packages with mixed versions
10:06:08 INFO  ==============================================================
10:06:08 INFO  Using sw id database: {'asciijump': '5475369', 'robotfindskitten': '5474869', 'squirrel3': '5475279', 'rolldice': '5152439', 'moon-buggy': '5439204', 'apple': '5495053', 'banana': '5494888', 'cherry': '5495382', 'watermelon': '5494510', 'registry': '8018911', 'hello-world': '8021526', 'docker/getting-started': '8021973', 'alpine': '7991792'}
10:06:08 INFO  EnvironmentC8y Setup
10:06:08 INFO  Executed systemctl&lt;serv_mapper1&gt;, exit status 3
10:06:08 INFO  Restarting mosquitto too frequently in the last 10 seconds. It was only up for 6 seconds
10:06:08 INFO  Delaying execution by 5 seconds
10:06:32 INFO  Executed sudo&lt;tedge_connect_c8y&gt;, exit status 0, duration 18 secs
10:06:32 INFO  Executed sudo&lt;tedge_connect_c8y_test&gt;, exit status 0
10:06:33 INFO  Executed systemctl&lt;serv_mosq2&gt;, exit status 0
10:06:33 INFO  Executed systemctl&lt;serv_mapper3&gt;, exit status 0
10:06:36 INFO  State of current operation: SUCCESSFUL
10:06:36 INFO  Assert that (False == value) with value=False ... passed
10:06:36 INFO  Assert that (False == value) with value=False ... passed
10:06:36 INFO  Assert that (False == value) with value=False ... passed
10:06:37 INFO  Assert that (False == value) with value=False ... passed
10:06:37 INFO  Assert that (False == value) with value=False ... passed
10:06:39 INFO  Response status: 201
10:06:39 INFO  Response to action: {
    "creationTime": "2022-05-23T10:06:39.586Z",
    "deviceId": "19484865",
    "deviceName": "m32sd11e",
    "self": "https://t493319102.eu-latest.cumulocity.com/devicecontrol/operations/19512644",
    "id": "19512644",
    "status": "PENDING",
    "description": "Apply software changes, triggered from PySys: [{'action': 'install', 'id': '5475369', 'name': 'asciijump', 'url': ' ', 'version': '::apt'}, {'action': 'install', 'id': '5474869', 'name': 'robotfindskitten', 'url': ' ', 'version': ' '}, {'action': 'install', 'id': '5475279', 'name': 'squirrel3', 'url': ' ', 'version': '3.1-8::apt'}, {'action': 'install', 'id': '5152439', 'name': 'rolldice', 'url': ' ', 'version': '1.16-1+b2'}, {'action': 'install', 'id': '5439204', 'name': 'moon-buggy', 'url': ' ', 'version': '1:1.0.51-13'}, {'action': 'install', 'id': '5475369', 'name': 'asciijump', 'url': ' ', 'version': '::apt'}]",
    "c8y_SoftwareUpdate": [
        {
            "name": "asciijump",
            "action": "install",
            "id": "5475369",
            "version": "::apt",
            "url": " "
        },
        {
            "name": "robotfindskitten",
            "action": "install",
            "id": "5474869",
            "version": " ",
            "url": " "
        },
        {
            "name": "squirrel3",
            "action": "install",
            "id": "5475279",
            "version": "3.1-8::apt",
            "url": " "
        },
        {
            "name": "rolldice",
            "action": "install",
            "id": "5152439",
            "version": "1.16-1+b2",
            "url": " "
        },
        {
            "name": "moon-buggy",
            "action": "install",
            "id": "5439204",
            "version": "1:1.0.51-13",
            "url": " "
        },
        {
            "name": "asciijump",
            "action": "install",
            "id": "5475369",
            "version": "::apt",
            "url": " "
        }
    ]
}
10:06:39 INFO  Started operation: {'creationTime': '2022-05-23T10:06:39.586Z', 'deviceId': '19484865', 'deviceName': 'm32sd11e', 'self': 'https://t493319102.eu-latest.cumulocity.com/devicecontrol/operations/19512644', 'id': '19512644', 'status': 'PENDING', 'description': "Apply software changes, triggered from PySys: [{'action': 'install', 'id': '5475369', 'name': 'asciijump', 'url': ' ', 'version': '::apt'}, {'action': 'install', 'id': '5474869', 'name': 'robotfindskitten', 'url': ' ', 'version': ' '}, {'action': 'install', 'id': '5475279', 'name': 'squirrel3', 'url': ' ', 'version': '3.1-8::apt'}, {'action': 'install', 'id': '5152439', 'name': 'rolldice', 'url': ' ', 'version': '1.16-1+b2'}, {'action': 'install', 'id': '5439204', 'name': 'moon-buggy', 'url': ' ', 'version': '1:1.0.51-13'}, {'action': 'install', 'id': '5475369', 'name': 'asciijump', 'url': ' ', 'version': '::apt'}]", 'c8y_SoftwareUpdate': [{'name': 'asciijump', 'action': 'install', 'id': '5475369', 'version': '::apt', 'url': ' '}, {'name': 'robotfindskitten', 'action': 'install', 'id': '5474869', 'version': ' ', 'url': ' '}, {'name': 'squirrel3', 'action': 'install', 'id': '5475279', 'version': '3.1-8::apt', 'url': ' '}, {'name': 'rolldice', 'action': 'install', 'id': '5152439', 'version': '1.16-1+b2', 'url': ' '}, {'name': 'moon-buggy', 'action': 'install', 'id': '5439204', 'version': '1:1.0.51-13', 'url': ' '}, {'name': 'asciijump', 'action': 'install', 'id': '5475369', 'version': '::apt', 'url': ' '}]}
10:06:41 INFO  State of operation 19512644 : PENDING
10:06:44 INFO  State of operation 19512644 : EXECUTING
10:06:46 INFO  State of operation 19512644 : EXECUTING
10:06:48 INFO  State of operation 19512644 : EXECUTING
10:06:50 INFO  State of operation 19512644 : EXECUTING
10:06:52 INFO  State of operation 19512644 : EXECUTING
10:06:55 INFO  State of operation 19512644 : EXECUTING
10:06:57 INFO  State of operation 19512644 : EXECUTING
10:07:00 INFO  State of operation 19512644 : EXECUTING
10:07:02 INFO  State of operation 19512644 : EXECUTING
10:07:05 INFO  State of operation 19512644 : EXECUTING
10:07:07 INFO  State of operation 19512644 : EXECUTING
10:07:09 INFO  State of operation 19512644 : EXECUTING
10:07:12 INFO  State of operation 19512644 : EXECUTING
10:07:14 INFO  State of operation 19512644 : EXECUTING
10:07:16 INFO  State of operation 19512644 : EXECUTING
10:07:18 INFO  State of operation 19512644 : EXECUTING
10:07:21 INFO  State of operation 19512644 : EXECUTING
10:07:23 INFO  State of operation 19512644 : EXECUTING
10:07:25 INFO  State of operation 19512644 : EXECUTING
10:07:28 INFO  State of operation 19512644 : EXECUTING
10:07:31 INFO  State of operation 19512644 : EXECUTING
10:07:33 INFO  State of operation 19512644 : EXECUTING
10:07:35 INFO  State of operation 19512644 : EXECUTING
10:07:38 INFO  State of operation 19512644 : EXECUTING
10:07:40 INFO  State of operation 19512644 : EXECUTING
10:07:43 INFO  State of operation 19512644 : EXECUTING
10:07:45 INFO  State of operation 19512644 : EXECUTING
10:07:48 INFO  State of operation 19512644 : EXECUTING
10:07:50 INFO  State of operation 19512644 : EXECUTING
10:07:52 INFO  State of operation 19512644 : EXECUTING
10:07:54 INFO  State of operation 19512644 : EXECUTING
10:07:57 INFO  State of operation 19512644 : EXECUTING
10:07:59 INFO  State of operation 19512644 : EXECUTING
10:08:01 INFO  State of operation 19512644 : EXECUTING
10:08:04 INFO  State of operation 19512644 : EXECUTING
10:08:06 INFO  State of operation 19512644 : EXECUTING
10:08:08 INFO  State of operation 19512644 : EXECUTING
10:08:11 INFO  State of operation 19512644 : EXECUTING
10:08:13 INFO  State of operation 19512644 : EXECUTING
10:08:15 INFO  State of operation 19512644 : EXECUTING
10:08:17 INFO  State of operation 19512644 : EXECUTING
10:08:20 INFO  State of operation 19512644 : EXECUTING
10:08:22 INFO  State of operation 19512644 : EXECUTING
10:08:25 INFO  State of operation 19512644 : EXECUTING
10:08:28 INFO  State of operation 19512644 : EXECUTING
10:08:30 INFO  State of operation 19512644 : EXECUTING
10:08:32 INFO  State of operation 19512644 : EXECUTING
10:08:34 INFO  State of operation 19512644 : EXECUTING
10:08:37 INFO  State of operation 19512644 : EXECUTING
10:08:39 INFO  State of operation 19512644 : EXECUTING
10:08:41 INFO  State of operation 19512644 : EXECUTING
10:08:43 INFO  State of operation 19512644 : EXECUTING
10:08:46 INFO  State of operation 19512644 : EXECUTING
10:08:48 INFO  State of operation 19512644 : EXECUTING
10:08:50 INFO  State of operation 19512644 : EXECUTING
10:08:53 INFO  State of operation 19512644 : EXECUTING
10:08:55 INFO  State of operation 19512644 : EXECUTING
10:08:58 INFO  State of operation 19512644 : EXECUTING
10:09:00 INFO  State of operation 19512644 : EXECUTING
10:09:02 INFO  State of operation 19512644 : EXECUTING
10:09:04 WARN  SystemError occurred while running test - Timeout while waiting for status SUCCESSFUL or False
Traceback (most recent call last):
  File "/home/pi/env-pysys/lib/python3.9/site-packages/pysys/baserunner.py", line 1294, in __call__
    self.testObj.execute()
  File "/home/pi/actions-runner/_work/thin-edge.io/thin-edge.io/tests/PySys/software_management_end_to_end/sm_apt_install_remove_multiple_mixed/run.py", line 89, in execute
    self.wait_until_succcess()
  File "/home/pi/actions-runner/_work/thin-edge.io/thin-edge.io/tests/PySys/software_management_end_to_end/environment_sm_management.py", line 324, in wait_until_succcess
    self.wait_until_status("SUCCESSFUL")
  File "/home/pi/actions-runner/_work/thin-edge.io/thin-edge.io/tests/PySys/software_management_end_to_end/environment_sm_management.py", line 380, in wait_until_status
    raise SystemError(
SystemError: Timeout while waiting for status SUCCESSFUL or False
10:09:04 WARN  SystemError: Timeout while waiting for status SUCCESSFUL or False ... blocked 
10:09:04 INFO  
10:09:04 INFO  cleanup:
10:09:12 INFO  Executed sudo&lt;tedge_disconnect_c8y&gt;, exit status 0
10:09:13 INFO  Executed systemctl&lt;serv_mapper5&gt;, exit status 3
10:09:13 INFO  
10:09:13 INFO  Test duration: 184.94 secs
10:09:13 INFO  Test final outcome:  BLOCKED
10:09:13 INFO  Test outcome reason: SystemError: Timeout while waiting for status SUCCESSFUL or False
10:09:13 INFO  
</system-out>
	</testcase>
<testcase classname="PySysTest" name="SoftwareManagement.sm_apt_install_remove_multiple_mixed">
		<failure message="BLOCKED: SystemError: Timeout while waiting for status SUCCESSFUL or False (+1 other failures)" type="BLOCKED" />
		<system-out>10:34:21 INFO  ==============================================================
10:34:21 INFO  Id:    SoftwareManagement.sm_apt_install_remove_multiple_mixed
10:34:21 INFO  Dir:   software_management_end_to_end/
10:34:21 INFO  Title: Validate end to end behaviour for the apt plugin for multiple packages with mixed versions
10:34:21 INFO  ==============================================================
10:34:21 INFO  Using sw id database: {'asciijump': '5475369', 'robotfindskitten': '5474869', 'squirrel3': '5475279', 'rolldice': '5152439', 'moon-buggy': '5439204', 'apple': '5495053', 'banana': '5494888', 'cherry': '5495382', 'watermelon': '5494510', 'registry': '8018911', 'hello-world': '8021526', 'docker/getting-started': '8021973', 'alpine': '7991792'}
10:34:21 INFO  EnvironmentC8y Setup
10:34:21 INFO  Executed systemctl&lt;serv_mapper1&gt;, exit status 3
10:34:21 INFO  Restarting mosquitto too frequently in the last 10 seconds. It was only up for 6 seconds
10:34:21 INFO  Delaying execution by 5 seconds
10:34:44 INFO  Executed sudo&lt;tedge_connect_c8y&gt;, exit status 0, duration 17 secs
10:34:45 INFO  Executed sudo&lt;tedge_connect_c8y_test&gt;, exit status 0
10:34:45 INFO  Executed systemctl&lt;serv_mosq2&gt;, exit status 0
10:34:46 INFO  Executed systemctl&lt;serv_mapper3&gt;, exit status 0
10:34:48 INFO  State of current operation: SUCCESSFUL
10:34:48 INFO  Assert that (False == value) with value=False ... passed
10:34:48 INFO  Assert that (False == value) with value=False ... passed
10:34:49 INFO  Assert that (False == value) with value=False ... passed
10:34:49 INFO  Assert that (False == value) with value=False ... passed
10:34:49 INFO  Package moon-buggy is installed
10:34:49 WARN  Assert that (False == value) with value=True ... failed 
10:34:52 INFO  Response status: 201
10:34:52 INFO  Response to action: {
    "creationTime": "2022-05-23T10:34:52.028Z",
    "deviceId": "19484865",
    "deviceName": "m32sd11e",
    "self": "https://t493319102.eu-latest.cumulocity.com/devicecontrol/operations/19512943",
    "id": "19512943",
    "status": "PENDING",
    "description": "Apply software changes, triggered from PySys: [{'action': 'install', 'id': '5475369', 'name': 'asciijump', 'url': ' ', 'version': '::apt'}, {'action': 'install', 'id': '5474869', 'name': 'robotfindskitten', 'url': ' ', 'version': ' '}, {'action': 'install', 'id': '5475279', 'name': 'squirrel3', 'url': ' ', 'version': '3.1-8::apt'}, {'action': 'install', 'id': '5152439', 'name': 'rolldice', 'url': ' ', 'version': '1.16-1+b2'}, {'action': 'install', 'id': '5439204', 'name': 'moon-buggy', 'url': ' ', 'version': '1:1.0.51-13'}, {'action': 'install', 'id': '5475369', 'name': 'asciijump', 'url': ' ', 'version': '::apt'}]",
    "c8y_SoftwareUpdate": [
        {
            "name": "asciijump",
            "action": "install",
            "id": "5475369",
            "version": "::apt",
            "url": " "
        },
        {
            "name": "robotfindskitten",
            "action": "install",
            "id": "5474869",
            "version": " ",
            "url": " "
        },
        {
            "name": "squirrel3",
            "action": "install",
            "id": "5475279",
            "version": "3.1-8::apt",
            "url": " "
        },
        {
            "name": "rolldice",
            "action": "install",
            "id": "5152439",
            "version": "1.16-1+b2",
            "url": " "
        },
        {
            "name": "moon-buggy",
            "action": "install",
            "id": "5439204",
            "version": "1:1.0.51-13",
            "url": " "
        },
        {
            "name": "asciijump",
            "action": "install",
            "id": "5475369",
            "version": "::apt",
            "url": " "
        }
    ]
}
10:34:52 INFO  Started operation: {'creationTime': '2022-05-23T10:34:52.028Z', 'deviceId': '19484865', 'deviceName': 'm32sd11e', 'self': 'https://t493319102.eu-latest.cumulocity.com/devicecontrol/operations/19512943', 'id': '19512943', 'status': 'PENDING', 'description': "Apply software changes, triggered from PySys: [{'action': 'install', 'id': '5475369', 'name': 'asciijump', 'url': ' ', 'version': '::apt'}, {'action': 'install', 'id': '5474869', 'name': 'robotfindskitten', 'url': ' ', 'version': ' '}, {'action': 'install', 'id': '5475279', 'name': 'squirrel3', 'url': ' ', 'version': '3.1-8::apt'}, {'action': 'install', 'id': '5152439', 'name': 'rolldice', 'url': ' ', 'version': '1.16-1+b2'}, {'action': 'install', 'id': '5439204', 'name': 'moon-buggy', 'url': ' ', 'version': '1:1.0.51-13'}, {'action': 'install', 'id': '5475369', 'name': 'asciijump', 'url': ' ', 'version': '::apt'}]", 'c8y_SoftwareUpdate': [{'name': 'asciijump', 'action': 'install', 'id': '5475369', 'version': '::apt', 'url': ' '}, {'name': 'robotfindskitten', 'action': 'install', 'id': '5474869', 'version': ' ', 'url': ' '}, {'name': 'squirrel3', 'action': 'install', 'id': '5475279', 'version': '3.1-8::apt', 'url': ' '}, {'name': 'rolldice', 'action': 'install', 'id': '5152439', 'version': '1.16-1+b2', 'url': ' '}, {'name': 'moon-buggy', 'action': 'install', 'id': '5439204', 'version': '1:1.0.51-13', 'url': ' '}, {'name': 'asciijump', 'action': 'install', 'id': '5475369', 'version': '::apt', 'url': ' '}]}
10:34:54 INFO  State of operation 19512943 : PENDING
10:34:56 INFO  State of operation 19512943 : EXECUTING
10:34:58 INFO  State of operation 19512943 : EXECUTING
10:35:01 INFO  State of operation 19512943 : EXECUTING
10:35:03 INFO  State of operation 19512943 : EXECUTING
10:35:05 INFO  State of operation 19512943 : EXECUTING
10:35:07 INFO  State of operation 19512943 : EXECUTING
10:35:11 INFO  State of operation 19512943 : EXECUTING
10:35:14 INFO  State of operation 19512943 : EXECUTING
10:35:17 INFO  State of operation 19512943 : EXECUTING
10:35:19 INFO  State of operation 19512943 : EXECUTING
10:35:22 INFO  State of operation 19512943 : EXECUTING
10:35:24 INFO  State of operation 19512943 : EXECUTING
10:35:26 INFO  State of operation 19512943 : EXECUTING
10:35:28 INFO  State of operation 19512943 : EXECUTING
10:35:31 INFO  State of operation 19512943 : EXECUTING
10:35:33 INFO  State of operation 19512943 : EXECUTING
10:35:35 INFO  State of operation 19512943 : EXECUTING
10:35:38 INFO  State of operation 19512943 : EXECUTING
10:35:40 INFO  State of operation 19512943 : EXECUTING
10:35:43 INFO  State of operation 19512943 : EXECUTING
10:35:45 INFO  State of operation 19512943 : EXECUTING
10:35:47 INFO  State of operation 19512943 : EXECUTING
10:35:49 INFO  State of operation 19512943 : EXECUTING
10:35:51 INFO  State of operation 19512943 : EXECUTING
10:35:54 INFO  State of operation 19512943 : EXECUTING
10:35:57 INFO  State of operation 19512943 : EXECUTING
10:35:59 INFO  State of operation 19512943 : EXECUTING
10:36:01 INFO  State of operation 19512943 : EXECUTING
10:36:03 INFO  State of operation 19512943 : EXECUTING
10:36:06 INFO  State of operation 19512943 : EXECUTING
10:36:08 INFO  State of operation 19512943 : EXECUTING
10:36:11 INFO  State of operation 19512943 : EXECUTING
10:36:14 INFO  State of operation 19512943 : EXECUTING
10:36:16 INFO  State of operation 19512943 : EXECUTING
10:36:18 INFO  State of operation 19512943 : EXECUTING
10:36:21 INFO  State of operation 19512943 : EXECUTING
10:36:23 INFO  State of operation 19512943 : EXECUTING
10:36:25 INFO  State of operation 19512943 : EXECUTING
10:36:27 INFO  State of operation 19512943 : EXECUTING
10:36:29 INFO  State of operation 19512943 : EXECUTING
10:36:32 INFO  State of operation 19512943 : EXECUTING
10:36:34 INFO  State of operation 19512943 : EXECUTING
10:36:37 INFO  State of operation 19512943 : EXECUTING
10:36:39 INFO  State of operation 19512943 : EXECUTING
10:36:42 INFO  State of operation 19512943 : EXECUTING
10:36:44 INFO  State of operation 19512943 : EXECUTING
10:36:47 INFO  State of operation 19512943 : EXECUTING
10:36:49 INFO  State of operation 19512943 : EXECUTING
10:36:51 INFO  State of operation 19512943 : EXECUTING
10:36:53 INFO  State of operation 19512943 : EXECUTING
10:36:56 INFO  State of operation 19512943 : EXECUTING
10:36:58 INFO  State of operation 19512943 : EXECUTING
10:37:00 INFO  State of operation 19512943 : EXECUTING
10:37:03 INFO  State of operation 19512943 : EXECUTING
10:37:05 INFO  State of operation 19512943 : EXECUTING
10:37:07 INFO  State of operation 19512943 : EXECUTING
10:37:10 INFO  State of operation 19512943 : EXECUTING
10:37:12 INFO  State of operation 19512943 : EXECUTING
10:37:14 INFO  State of operation 19512943 : EXECUTING
10:37:17 INFO  State of operation 19512943 : EXECUTING
10:37:19 WARN  SystemError occurred while running test - Timeout while waiting for status SUCCESSFUL or False
Traceback (most recent call last):
  File "/home/pi/env-pysys/lib/python3.9/site-packages/pysys/baserunner.py", line 1294, in __call__
    self.testObj.execute()
  File "/home/pi/actions-runner/_work/thin-edge.io/thin-edge.io/tests/PySys/software_management_end_to_end/sm_apt_install_remove_multiple_mixed/run.py", line 89, in execute
    self.wait_until_succcess()
  File "/home/pi/actions-runner/_work/thin-edge.io/thin-edge.io/tests/PySys/software_management_end_to_end/environment_sm_management.py", line 324, in wait_until_succcess
    self.wait_until_status("SUCCESSFUL")
  File "/home/pi/actions-runner/_work/thin-edge.io/thin-edge.io/tests/PySys/software_management_end_to_end/environment_sm_management.py", line 380, in wait_until_status
    raise SystemError(
SystemError: Timeout while waiting for status SUCCESSFUL or False
10:37:19 WARN  SystemError: Timeout while waiting for status SUCCESSFUL or False ... blocked 
10:37:19 INFO  
10:37:19 INFO  cleanup:
10:37:26 INFO  Executed sudo&lt;tedge_disconnect_c8y&gt;, exit status 0
10:37:27 INFO  Executed systemctl&lt;serv_mapper5&gt;, exit status 3
10:37:27 INFO  
10:37:27 INFO  Test duration: 186.43 secs
10:37:27 INFO  Test final outcome:  BLOCKED
10:37:27 INFO  Test outcome reason: SystemError: Timeout while waiting for status SUCCESSFUL or False (+1 other failures)
10:37:27 INFO  
</system-out>
	</testcase>
</testsuite><testsuite name="SoftwareManagement.sm_apt_install_remove_with_version" tests="3" errors="0" failures="0" skipped="1" time="0"><testcase classname="PySysTest" name="SoftwareManagement.sm_apt_install_remove_with_version">
		<skipped message="SKIPPED: Testing the apt plugin is not supported on this platform.Use parameter -XmyPlatform='container' to enable it" />
		<system-out>09:25:28 INFO  ==============================================================
09:25:28 INFO  Id:    SoftwareManagement.sm_apt_install_remove_with_version
09:25:28 INFO  Dir:   software_management_end_to_end/
09:25:28 INFO  Title: Validate end to end behaviour for the apt plugin for packages with version
09:25:28 INFO  ==============================================================
09:25:28 INFO  Testing the apt plugin is not supported on this platform.Use parameter -XmyPlatform='container' to enable it ... skipped
09:25:28 WARN  Aborted test due to SKIPPED outcome
09:25:28 INFO  
09:25:28 INFO  Test duration: 0.03 secs
09:25:28 INFO  Test final outcome:  SKIPPED
09:25:28 INFO  Test outcome reason: Testing the apt plugin is not supported on this platform.Use parameter -XmyPlatform='container' to enable it
09:25:28 INFO  
</system-out>
	</testcase>
<testcase classname="PySysTest" name="SoftwareManagement.sm_apt_install_remove_with_version" />
<testcase classname="PySysTest" name="SoftwareManagement.sm_apt_install_remove_with_version" />
</testsuite><testsuite name="SoftwareManagement.sm_docker_install_remove_multiple" tests="3" errors="0" failures="1" skipped="1" time="0"><testcase classname="SMDockerInstallRemove" name="SoftwareManagement.sm_docker_install_remove_multiple">
		<skipped message="SKIPPED: Testing the apt plugin is not supported on this platform.Use parameter -XmyPlatform='container' to enable it" />
		<system-out>09:25:28 INFO  ==============================================================
09:25:28 INFO  Id:    SoftwareManagement.sm_docker_install_remove_multiple
09:25:28 INFO  Dir:   software_management_end_to_end/
09:25:28 INFO  Title: Validate end to end behaviour for the docker plugin for multiple docker images with mixed versions
09:25:28 INFO  ==============================================================
09:25:28 INFO  Testing the apt plugin is not supported on this platform.Use parameter -XmyPlatform='container' to enable it ... skipped
09:25:29 WARN  Aborted test due to SKIPPED outcome
09:25:29 INFO  
09:25:29 INFO  Test duration: 0.03 secs
09:25:29 INFO  Test final outcome:  SKIPPED
09:25:29 INFO  Test outcome reason: Testing the apt plugin is not supported on this platform.Use parameter -XmyPlatform='container' to enable it
09:25:29 INFO  
</system-out>
	</testcase>
<testcase classname="SMDockerInstallRemove" name="SoftwareManagement.sm_docker_install_remove_multiple" />
<testcase classname="SMDockerInstallRemove" name="SoftwareManagement.sm_docker_install_remove_multiple">
		<failure message="BLOCKED: SystemError: The operation has failed" type="BLOCKED" />
		<system-out>10:40:27 INFO  ==============================================================
10:40:27 INFO  Id:    SoftwareManagement.sm_docker_install_remove_multiple
10:40:27 INFO  Dir:   software_management_end_to_end/
10:40:27 INFO  Title: Validate end to end behaviour for the docker plugin for multiple docker images with mixed versions
10:40:27 INFO  ==============================================================
10:40:27 INFO  Using sw id database: {'asciijump': '5475369', 'robotfindskitten': '5474869', 'squirrel3': '5475279', 'rolldice': '5152439', 'moon-buggy': '5439204', 'apple': '5495053', 'banana': '5494888', 'cherry': '5495382', 'watermelon': '5494510', 'registry': '8018911', 'hello-world': '8021526', 'docker/getting-started': '8021973', 'alpine': '7991792'}
10:40:27 INFO  EnvironmentC8y Setup
10:40:27 INFO  Executed systemctl&lt;serv_mapper1&gt;, exit status 3
10:40:27 INFO  Restarting mosquitto too frequently in the last 10 seconds. It was only up for 6 seconds
10:40:27 INFO  Delaying execution by 5 seconds
10:40:50 INFO  Executed sudo&lt;tedge_connect_c8y&gt;, exit status 0, duration 17 secs
10:40:50 INFO  Executed sudo&lt;tedge_connect_c8y_test&gt;, exit status 0
10:40:51 INFO  Executed systemctl&lt;serv_mosq2&gt;, exit status 0
10:40:51 INFO  Executed systemctl&lt;serv_mapper3&gt;, exit status 0
10:40:54 INFO  State of current operation: SUCCESSFUL
10:40:54 INFO  Response status: 201
10:40:54 INFO  Response to action: {
    "creationTime": "2022-05-23T10:40:54.419Z",
    "deviceId": "19484865",
    "deviceName": "m32sd11e",
    "self": "https://t493319102.eu-latest.cumulocity.com/devicecontrol/operations/19534762",
    "id": "19534762",
    "status": "PENDING",
    "description": "Apply software changes, triggered from PySys: [{'action': 'install', 'id': '8021526', 'name': 'hello-world', 'url': '', 'version': '::docker'}, {'action': 'install', 'id': '8018911', 'name': 'registry', 'url': '', 'version': '2.6.2::docker'}]",
    "c8y_SoftwareUpdate": [
        {
            "name": "hello-world",
            "action": "install",
            "id": "8021526",
            "version": "::docker",
            "url": ""
        },
        {
            "name": "registry",
            "action": "install",
            "id": "8018911",
            "version": "2.6.2::docker",
            "url": ""
        }
    ]
}
10:40:54 INFO  Started operation: {'creationTime': '2022-05-23T10:40:54.419Z', 'deviceId': '19484865', 'deviceName': 'm32sd11e', 'self': 'https://t493319102.eu-latest.cumulocity.com/devicecontrol/operations/19534762', 'id': '19534762', 'status': 'PENDING', 'description': "Apply software changes, triggered from PySys: [{'action': 'install', 'id': '8021526', 'name': 'hello-world', 'url': '', 'version': '::docker'}, {'action': 'install', 'id': '8018911', 'name': 'registry', 'url': '', 'version': '2.6.2::docker'}]", 'c8y_SoftwareUpdate': [{'name': 'hello-world', 'action': 'install', 'id': '8021526', 'version': '::docker', 'url': ''}, {'name': 'registry', 'action': 'install', 'id': '8018911', 'version': '2.6.2::docker', 'url': ''}]}
10:40:56 INFO  State of operation 19534762 : PENDING
10:40:58 INFO  State of operation 19534762 : EXECUTING
10:41:01 INFO  State of operation 19534762 : EXECUTING
10:41:03 INFO  State of operation 19534762 : EXECUTING
10:41:05 INFO  State of operation 19534762 : EXECUTING
10:41:07 INFO  State of operation 19534762 : EXECUTING
10:41:10 INFO  State of operation 19534762 : FAILED
10:41:10 ERROR Stopping as the operation has failed
10:41:10 WARN  SystemError occurred while running test - The operation has failed
Traceback (most recent call last):
  File "/home/pi/env-pysys/lib/python3.9/site-packages/pysys/baserunner.py", line 1292, in __call__
    self.testObj.setup()
  File "/home/pi/actions-runner/_work/thin-edge.io/thin-edge.io/tests/PySys/software_management_end_to_end/sm_docker_install_remove_multiple/run.py", line 55, in setup
    self.wait_until_succcess()
  File "/home/pi/actions-runner/_work/thin-edge.io/thin-edge.io/tests/PySys/software_management_end_to_end/environment_sm_management.py", line 324, in wait_until_succcess
    self.wait_until_status("SUCCESSFUL")
  File "/home/pi/actions-runner/_work/thin-edge.io/thin-edge.io/tests/PySys/software_management_end_to_end/environment_sm_management.py", line 361, in wait_until_status
    raise SystemError("The operation has failed")
SystemError: The operation has failed
10:41:10 WARN  SystemError: The operation has failed ... blocked 
10:41:10 INFO  
10:41:10 INFO  cleanup:
10:41:15 INFO  Executed sudo&lt;tedge_disconnect_c8y&gt;, exit status 0
10:41:16 INFO  Executed systemctl&lt;serv_mapper5&gt;, exit status 3
10:41:16 INFO  
10:41:16 INFO  Test duration: 48.86 secs
10:41:16 INFO  Test final outcome:  BLOCKED
10:41:16 INFO  Test outcome reason: SystemError: The operation has failed
10:41:16 INFO  
</system-out>
	</testcase>
</testsuite><testsuite name="SoftwareManagement.sm_fake_install_remove" tests="2" errors="0" failures="0" skipped="1" time="0"><testcase classname="PySysTest" name="SoftwareManagement.sm_fake_install_remove">
		<skipped message="SKIPPED: Testing the fake plugin is not enabled.Use parameter -Xfakeplugin=fakeplugin to enable it" />
		<system-out>09:25:29 INFO  ==============================================================
09:25:29 INFO  Id:    SoftwareManagement.sm_fake_install_remove
09:25:29 INFO  Dir:   software_management_end_to_end/
09:25:29 INFO  Title: Validate end to end behaviour for the dummy plugin for installation and removal of packages
09:25:29 INFO  ==============================================================
09:25:29 INFO  Testing the fake plugin is not enabled.Use parameter -Xfakeplugin=fakeplugin to enable it ... skipped
09:25:29 WARN  Aborted test due to SKIPPED outcome
09:25:29 INFO  
09:25:29 INFO  Test duration: 0.03 secs
09:25:29 INFO  Test final outcome:  SKIPPED
09:25:29 INFO  Test outcome reason: Testing the fake plugin is not enabled.Use parameter -Xfakeplugin=fakeplugin to enable it
09:25:29 INFO  
</system-out>
	</testcase>
<testcase classname="PySysTest" name="SoftwareManagement.sm_fake_install_remove" />
</testsuite><testsuite name="SoftwareManagement.sm_fake_install_remove_multiple" tests="2" errors="0" failures="0" skipped="1" time="0"><testcase classname="PySysTest" name="SoftwareManagement.sm_fake_install_remove_multiple">
		<skipped message="SKIPPED: Testing the fake plugin is not enabled.Use parameter -Xfakeplugin=fakeplugin to enable it" />
		<system-out>09:25:29 INFO  ==============================================================
09:25:29 INFO  Id:    SoftwareManagement.sm_fake_install_remove_multiple
09:25:29 INFO  Dir:   software_management_end_to_end/
09:25:29 INFO  Title: Validate end to end behaviour for the dummy-plugin for multiple packages
09:25:29 INFO  ==============================================================
09:25:29 INFO  Testing the fake plugin is not enabled.Use parameter -Xfakeplugin=fakeplugin to enable it ... skipped
09:25:29 WARN  Aborted test due to SKIPPED outcome
09:25:29 INFO  
09:25:29 INFO  Test duration: 0.05 secs
09:25:29 INFO  Test final outcome:  SKIPPED
09:25:29 INFO  Test outcome reason: Testing the fake plugin is not enabled.Use parameter -Xfakeplugin=fakeplugin to enable it
09:25:29 INFO  
</system-out>
	</testcase>
<testcase classname="PySysTest" name="SoftwareManagement.sm_fake_install_remove_multiple" />
</testsuite><testsuite name="SoftwareManagement.sm_mapper_fail_and_reconnect" tests="2" errors="0" failures="0" skipped="2" time="0"><testcase classname="MapperC8yReceiveLastMessageOnRestart" name="SoftwareManagement.sm_mapper_fail_and_reconnect">
		<skipped message="SKIPPED: instable https://github.com/thin-edge/thin-edge.io/issues/752" />
		<system-out>09:25:29 INFO  ==============================================================
09:25:29 INFO  Id:    SoftwareManagement.sm_mapper_fail_and_reconnect
09:25:29 INFO  Dir:   software_management_end_to_end/
09:25:29 INFO  Title: Validate the tedge-mapper-sm-c8y for receiving the last message on restart
09:25:29 INFO  ==============================================================
09:25:29 INFO  instable https://github.com/thin-edge/thin-edge.io/issues/752 ... skipped
09:25:29 INFO  
09:25:29 INFO  Test duration: 0.04 secs
09:25:29 INFO  Test final outcome:  SKIPPED
09:25:29 INFO  Test outcome reason: instable https://github.com/thin-edge/thin-edge.io/issues/752
09:25:29 INFO  
</system-out>
	</testcase>
<testcase classname="MapperC8yReceiveLastMessageOnRestart" name="SoftwareManagement.sm_mapper_fail_and_reconnect">
		<skipped message="SKIPPED: instable https://github.com/thin-edge/thin-edge.io/issues/752" />
		<system-out>10:43:04 INFO  ==============================================================
10:43:04 INFO  Id:    SoftwareManagement.sm_mapper_fail_and_reconnect
10:43:04 INFO  Dir:   software_management_end_to_end/
10:43:04 INFO  Title: Validate the tedge-mapper-sm-c8y for receiving the last message on restart
10:43:04 INFO  ==============================================================
10:43:04 INFO  instable https://github.com/thin-edge/thin-edge.io/issues/752 ... skipped
10:43:04 INFO  
10:43:04 INFO  Test duration: 0.06 secs
10:43:04 INFO  Test final outcome:  SKIPPED
10:43:04 INFO  Test outcome reason: instable https://github.com/thin-edge/thin-edge.io/issues/752
10:43:04 INFO  
</system-out>
	</testcase>
</testsuite><testsuite name="SoftwareManagement.sm_mixed_install_remove_multiple" tests="2" errors="0" failures="1" skipped="1" time="0"><testcase classname="PySysTest" name="SoftwareManagement.sm_mixed_install_remove_multiple">
		<skipped message="SKIPPED: Testing the fake plugin is not enabled.Use parameter -Xfakeplugin=fakeplugin to enable it" />
		<system-out>09:25:29 INFO  ==============================================================
09:25:29 INFO  Id:    SoftwareManagement.sm_mixed_install_remove_multiple
09:25:29 INFO  Dir:   software_management_end_to_end/
09:25:29 INFO  Title: Validate end to end behaviour for the dummy-plugin for multiple packages with mixed versions
09:25:29 INFO  ==============================================================
09:25:29 INFO  Testing the fake plugin is not enabled.Use parameter -Xfakeplugin=fakeplugin to enable it ... skipped
09:25:29 WARN  Aborted test due to SKIPPED outcome
09:25:29 INFO  
09:25:29 INFO  Test duration: 0.05 secs
09:25:29 INFO  Test final outcome:  SKIPPED
09:25:29 INFO  Test outcome reason: Testing the fake plugin is not enabled.Use parameter -Xfakeplugin=fakeplugin to enable it
09:25:29 INFO  
</system-out>
	</testcase>
<testcase classname="PySysTest" name="SoftwareManagement.sm_mixed_install_remove_multiple">
		<failure message="BLOCKED: SystemError: The operation has failed (+1 other failures)" type="BLOCKED" />
		<system-out>10:43:04 INFO  ==============================================================
10:43:04 INFO  Id:    SoftwareManagement.sm_mixed_install_remove_multiple
10:43:04 INFO  Dir:   software_management_end_to_end/
10:43:04 INFO  Title: Validate end to end behaviour for the dummy-plugin for multiple packages with mixed versions
10:43:04 INFO  ==============================================================
10:43:04 INFO  Using sw id database: {'asciijump': '5475369', 'robotfindskitten': '5474869', 'squirrel3': '5475279', 'rolldice': '5152439', 'moon-buggy': '5439204', 'apple': '5495053', 'banana': '5494888', 'cherry': '5495382', 'watermelon': '5494510', 'registry': '8018911', 'hello-world': '8021526', 'docker/getting-started': '8021973', 'alpine': '7991792'}
10:43:04 INFO  EnvironmentC8y Setup
10:43:04 INFO  Executed systemctl&lt;serv_mapper1&gt;, exit status 3
10:43:05 INFO  Restarting mosquitto too frequently in the last 10 seconds. It was only up for 5 seconds
10:43:05 INFO  Delaying execution by 6 seconds
10:43:28 INFO  Executed sudo&lt;tedge_connect_c8y&gt;, exit status 0, duration 17 secs
10:43:28 INFO  Executed sudo&lt;tedge_connect_c8y_test&gt;, exit status 0
10:43:29 INFO  Executed systemctl&lt;serv_mosq2&gt;, exit status 0
10:43:30 INFO  Executed systemctl&lt;serv_mapper3&gt;, exit status 0
10:43:32 INFO  State of current operation: SUCCESSFUL
10:43:32 INFO  Package apple is installed
10:43:32 INFO  Assert that (True == value) with value=True ... passed
10:43:32 INFO  Package banana is installed
10:43:32 INFO  Assert that (True == value) with value=True ... passed
10:43:32 INFO  Package cherry is installed
10:43:32 INFO  Assert that (True == value) with value=True ... passed
10:43:33 INFO  Package asciijump is installed
10:43:33 WARN  Assert that (False == value) with value=True ... failed 
10:43:33 INFO  Assert that (False == value) with value=False ... passed
10:43:33 INFO  Response status: 201
10:43:33 INFO  Response to action: {
    "creationTime": "2022-05-23T10:43:33.715Z",
    "deviceId": "19484865",
    "deviceName": "m32sd11e",
    "self": "https://t493319102.eu-latest.cumulocity.com/devicecontrol/operations/19538035",
    "id": "19538035",
    "status": "PENDING",
    "description": "Apply software changes, triggered from PySys: [{'action': 'install', 'id': '5495053', 'name': 'apple', 'url': ' ', 'version': '::fruits'}, {'action': 'install', 'id': '5494888', 'name': 'banana', 'url': ' ', 'version': '::fruits'}, {'action': 'install', 'id': '5475369', 'name': 'asciijump', 'url': ' ', 'version': '::apt'}, {'action': 'install', 'id': '5495382', 'name': 'cherry', 'url': ' ', 'version': '::fruits'}, {'action': 'install', 'id': '8018911', 'name': 'registry', 'url': ' ', 'version': '::docker'}]",
    "c8y_SoftwareUpdate": [
        {
            "name": "apple",
            "action": "install",
            "id": "5495053",
            "version": "::fruits",
            "url": " "
        },
        {
            "name": "banana",
            "action": "install",
            "id": "5494888",
            "version": "::fruits",
            "url": " "
        },
        {
            "name": "asciijump",
            "action": "install",
            "id": "5475369",
            "version": "::apt",
            "url": " "
        },
        {
            "name": "cherry",
            "action": "install",
            "id": "5495382",
            "version": "::fruits",
            "url": " "
        },
        {
            "name": "registry",
            "action": "install",
            "id": "8018911",
            "version": "::docker",
            "url": " "
        }
    ]
}
10:43:33 INFO  Started operation: {'creationTime': '2022-05-23T10:43:33.715Z', 'deviceId': '19484865', 'deviceName': 'm32sd11e', 'self': 'https://t493319102.eu-latest.cumulocity.com/devicecontrol/operations/19538035', 'id': '19538035', 'status': 'PENDING', 'description': "Apply software changes, triggered from PySys: [{'action': 'install', 'id': '5495053', 'name': 'apple', 'url': ' ', 'version': '::fruits'}, {'action': 'install', 'id': '5494888', 'name': 'banana', 'url': ' ', 'version': '::fruits'}, {'action': 'install', 'id': '5475369', 'name': 'asciijump', 'url': ' ', 'version': '::apt'}, {'action': 'install', 'id': '5495382', 'name': 'cherry', 'url': ' ', 'version': '::fruits'}, {'action': 'install', 'id': '8018911', 'name': 'registry', 'url': ' ', 'version': '::docker'}]", 'c8y_SoftwareUpdate': [{'name': 'apple', 'action': 'install', 'id': '5495053', 'version': '::fruits', 'url': ' '}, {'name': 'banana', 'action': 'install', 'id': '5494888', 'version': '::fruits', 'url': ' '}, {'name': 'asciijump', 'action': 'install', 'id': '5475369', 'version': '::apt', 'url': ' '}, {'name': 'cherry', 'action': 'install', 'id': '5495382', 'version': '::fruits', 'url': ' '}, {'name': 'registry', 'action': 'install', 'id': '8018911', 'version': '::docker', 'url': ' '}]}
10:43:36 INFO  State of operation 19538035 : PENDING
10:43:38 INFO  State of operation 19538035 : EXECUTING
10:43:40 INFO  State of operation 19538035 : EXECUTING
10:43:42 INFO  State of operation 19538035 : EXECUTING
10:43:45 INFO  State of operation 19538035 : EXECUTING
10:43:47 INFO  State of operation 19538035 : EXECUTING
10:43:49 INFO  State of operation 19538035 : EXECUTING
10:43:52 INFO  State of operation 19538035 : EXECUTING
10:43:54 INFO  State of operation 19538035 : EXECUTING
10:43:57 INFO  State of operation 19538035 : EXECUTING
10:43:59 INFO  State of operation 19538035 : EXECUTING
10:44:02 INFO  State of operation 19538035 : EXECUTING
10:44:04 INFO  State of operation 19538035 : EXECUTING
10:44:06 INFO  State of operation 19538035 : EXECUTING
10:44:08 INFO  State of operation 19538035 : EXECUTING
10:44:11 INFO  State of operation 19538035 : EXECUTING
10:44:13 INFO  State of operation 19538035 : EXECUTING
10:44:15 INFO  State of operation 19538035 : EXECUTING
10:44:17 INFO  State of operation 19538035 : EXECUTING
10:44:20 INFO  State of operation 19538035 : FAILED
10:44:20 ERROR Stopping as the operation has failed
10:44:20 WARN  SystemError occurred while running test - The operation has failed
Traceback (most recent call last):
  File "/home/pi/env-pysys/lib/python3.9/site-packages/pysys/baserunner.py", line 1294, in __call__
    self.testObj.execute()
  File "/home/pi/actions-runner/_work/thin-edge.io/thin-edge.io/tests/PySys/software_management_end_to_end/sm_mixed_install_remove_multiple/run.py", line 95, in execute
    self.wait_until_succcess()
  File "/home/pi/actions-runner/_work/thin-edge.io/thin-edge.io/tests/PySys/software_management_end_to_end/environment_sm_management.py", line 324, in wait_until_succcess
    self.wait_until_status("SUCCESSFUL")
  File "/home/pi/actions-runner/_work/thin-edge.io/thin-edge.io/tests/PySys/software_management_end_to_end/environment_sm_management.py", line 361, in wait_until_status
    raise SystemError("The operation has failed")
SystemError: The operation has failed
10:44:20 WARN  SystemError: The operation has failed ... blocked 
10:44:20 INFO  
10:44:20 INFO  cleanup:
10:44:25 INFO  Executed sudo&lt;tedge_disconnect_c8y&gt;, exit status 0
10:44:26 INFO  Executed systemctl&lt;serv_mapper5&gt;, exit status 3
10:44:26 INFO  
10:44:26 INFO  Test duration: 81.74 secs
10:44:26 INFO  Test final outcome:  BLOCKED
10:44:26 INFO  Test outcome reason: SystemError: The operation has failed (+1 other failures)
10:44:26 INFO  
</system-out>
	</testcase>
</testsuite><testsuite name="agent_init_session" tests="1" errors="0" failures="1" skipped="0" time="0"><testcase classname="AgentInitSession" name="agent_init_session">
		<failure message="FAILED: Grep on sub_resp.out contains &quot;Ld3KgqpcLDlrYH6sfpG7w&quot;" type="FAILED" />
		<system-out>09:26:29 INFO  ==============================================================
09:26:29 INFO  Id:    agent_init_session
09:26:29 INFO  Dir:   tedge_agent/
09:26:29 INFO  Title: Validate tedge agent init session feature
09:26:29 INFO  ==============================================================
09:26:30 INFO  Executed sudo&lt;remove_lock&gt;, exit status 0
09:26:31 INFO  Executed sudo&lt;agent_clear&gt;, exit status 0
09:26:31 INFO  Executed sudo&lt;agent_init&gt;, exit status 0
09:26:32 INFO  Executed sudo&lt;pub_req&gt;, exit status 0
09:26:32 INFO  Started sudo&lt;sub_resp&gt; with process id 702
09:26:32 INFO  Executed sudo&lt;agent_start&gt;, exit status 0
09:26:32 INFO  Waiting for 2.0 seconds
09:26:35 INFO  Executed sudo&lt;agent_stop&gt;, exit status 0
09:26:36 INFO  Executed sudo&lt;sub_stop&gt;, exit status 0
09:26:36 WARN  Grep on sub_resp.out contains "Ld3KgqpcLDlrYH6sfpG7w" ... failed [run.py:87]
09:26:36 INFO  
09:26:36 INFO  Test duration: 6.24 secs
09:26:36 INFO  Test final outcome:  FAILED
09:26:36 INFO  Test outcome reason: Grep on sub_resp.out contains "Ld3KgqpcLDlrYH6sfpG7w"
09:26:36 INFO  
</system-out>
	</testcase>
</testsuite><testsuite name="apt_fail_noarg" tests="2" errors="0" failures="0" skipped="1" time="0"><testcase classname="AptPluginFailNoArg" name="apt_fail_noarg">
		<skipped message="SKIPPED: Testing the apt plugin is not supported on this platform.To run the tests call PySys with -XmyPlatform='container'" />
		<system-out>09:14:59 INFO  ==============================================================
09:14:59 INFO  Id:    apt_fail_noarg
09:14:59 INFO  Dir:   plugin_apt/
09:14:59 INFO  Title: Validate apt plugin fetures(prepare, list, install, remove finalize) without arguments
09:14:59 INFO  ==============================================================
09:14:59 INFO  Testing the apt plugin is not supported on this platform.To run the tests call PySys with -XmyPlatform='container' ... skipped
09:14:59 WARN  Aborted test due to SKIPPED outcome
09:14:59 INFO  
09:14:59 INFO  Test duration: 0.06 secs
09:14:59 INFO  Test final outcome:  SKIPPED
09:14:59 INFO  Test outcome reason: Testing the apt plugin is not supported on this platform.To run the tests call PySys with -XmyPlatform='container'
09:14:59 INFO  
</system-out>
	</testcase>
<testcase classname="AptPluginFailNoArg" name="apt_fail_noarg" />
</testsuite><testsuite name="apt_finalize" tests="2" errors="0" failures="0" skipped="1" time="0"><testcase classname="AptPluginFinalize" name="apt_finalize">
		<skipped message="SKIPPED: Testing the apt plugin is not supported on this platform.To run the tests call PySys with -XmyPlatform='container'" />
		<system-out>09:14:59 INFO  ==============================================================
09:14:59 INFO  Id:    apt_finalize
09:14:59 INFO  Dir:   plugin_apt/
09:14:59 INFO  Title: Validate apt plugin finalize - dense version
09:14:59 INFO  ==============================================================
09:14:59 INFO  Testing the apt plugin is not supported on this platform.To run the tests call PySys with -XmyPlatform='container' ... skipped
09:14:59 WARN  Aborted test due to SKIPPED outcome
09:14:59 INFO  
09:14:59 INFO  Test duration: 0.03 secs
09:14:59 INFO  Test final outcome:  SKIPPED
09:14:59 INFO  Test outcome reason: Testing the apt plugin is not supported on this platform.To run the tests call PySys with -XmyPlatform='container'
09:14:59 INFO  
</system-out>
	</testcase>
<testcase classname="AptPluginFinalize" name="apt_finalize" />
</testsuite><testsuite name="apt_install" tests="2" errors="0" failures="0" skipped="1" time="0"><testcase classname="AptPluginInstallDense" name="apt_install">
		<skipped message="SKIPPED: Testing the apt plugin is not supported on this platform.To run the tests call PySys with -XmyPlatform='container'" />
		<system-out>09:14:59 INFO  ==============================================================
09:14:59 INFO  Id:    apt_install
09:14:59 INFO  Dir:   plugin_apt/
09:14:59 INFO  Title: Validate apt plugin prepare - dense version
09:14:59 INFO  ==============================================================
09:14:59 INFO  Testing the apt plugin is not supported on this platform.To run the tests call PySys with -XmyPlatform='container' ... skipped
09:14:59 WARN  Aborted test due to SKIPPED outcome
09:14:59 INFO  
09:14:59 INFO  Test duration: 0.02 secs
09:14:59 INFO  Test final outcome:  SKIPPED
09:14:59 INFO  Test outcome reason: Testing the apt plugin is not supported on this platform.To run the tests call PySys with -XmyPlatform='container'
09:14:59 INFO  
</system-out>
	</testcase>
<testcase classname="AptPluginInstallDense" name="apt_install" />
</testsuite><testsuite name="apt_install_fail" tests="2" errors="0" failures="0" skipped="1" time="0"><testcase classname="AptPluginInstallFail" name="apt_install_fail">
		<skipped message="SKIPPED: Testing the apt plugin is not supported on this platform.To run the tests call PySys with -XmyPlatform='container'" />
		<system-out>09:14:59 INFO  ==============================================================
09:14:59 INFO  Id:    apt_install_fail
09:14:59 INFO  Dir:   plugin_apt/
09:14:59 INFO  Title: Validate apt plugin prepare - failing
09:14:59 INFO  ==============================================================
09:14:59 INFO  Testing the apt plugin is not supported on this platform.To run the tests call PySys with -XmyPlatform='container' ... skipped
09:14:59 WARN  Aborted test due to SKIPPED outcome
09:14:59 INFO  
09:14:59 INFO  Test duration: 0.02 secs
09:14:59 INFO  Test final outcome:  SKIPPED
09:14:59 INFO  Test outcome reason: Testing the apt plugin is not supported on this platform.To run the tests call PySys with -XmyPlatform='container'
09:14:59 INFO  
</system-out>
	</testcase>
<testcase classname="AptPluginInstallFail" name="apt_install_fail" />
</testsuite><testsuite name="apt_install_local_file" tests="2" errors="0" failures="0" skipped="1" time="0"><testcase classname="AptPluginInstallFromLocalFile" name="apt_install_local_file">
		<skipped message="SKIPPED: Testing the apt plugin is not supported on this platform.To run the tests call PySys with -XmyPlatform='container'" />
		<system-out>09:14:59 INFO  ==============================================================
09:14:59 INFO  Id:    apt_install_local_file
09:14:59 INFO  Dir:   plugin_apt/
09:14:59 INFO  Title: Validate apt plugin install from local file - SUCCESS case
09:14:59 INFO  ==============================================================
09:14:59 INFO  Testing the apt plugin is not supported on this platform.To run the tests call PySys with -XmyPlatform='container' ... skipped
09:14:59 WARN  Aborted test due to SKIPPED outcome
09:14:59 INFO  
09:14:59 INFO  Test duration: 0.03 secs
09:14:59 INFO  Test final outcome:  SKIPPED
09:14:59 INFO  Test outcome reason: Testing the apt plugin is not supported on this platform.To run the tests call PySys with -XmyPlatform='container'
09:14:59 INFO  
</system-out>
	</testcase>
<testcase classname="AptPluginInstallFromLocalFile" name="apt_install_local_file" />
</testsuite><testsuite name="apt_install_local_file_fail" tests="2" errors="0" failures="0" skipped="1" time="0"><testcase classname="AptPluginInstallFromLocalFileFail" name="apt_install_local_file_fail">
		<skipped message="SKIPPED: Testing the apt plugin is not supported on this platform.To run the tests call PySys with -XmyPlatform='container'" />
		<system-out>09:14:59 INFO  ==============================================================
09:14:59 INFO  Id:    apt_install_local_file_fail
09:14:59 INFO  Dir:   plugin_apt/
09:14:59 INFO  Title: Validate apt plugin install from local file - FAIL case
09:14:59 INFO  ==============================================================
09:14:59 INFO  Testing the apt plugin is not supported on this platform.To run the tests call PySys with -XmyPlatform='container' ... skipped
09:14:59 WARN  Aborted test due to SKIPPED outcome
09:14:59 INFO  
09:14:59 INFO  Test duration: 0.02 secs
09:14:59 INFO  Test final outcome:  SKIPPED
09:14:59 INFO  Test outcome reason: Testing the apt plugin is not supported on this platform.To run the tests call PySys with -XmyPlatform='container'
09:14:59 INFO  
</system-out>
	</testcase>
<testcase classname="AptPluginInstallFromLocalFileFail" name="apt_install_local_file_fail" />
</testsuite><testsuite name="apt_install_local_file_with_version" tests="2" errors="0" failures="0" skipped="1" time="0"><testcase classname="AptPluginInstallFromLocalFileWithVersion" name="apt_install_local_file_with_version">
		<skipped message="SKIPPED: Testing the apt plugin is not supported on this platform.To run the tests call PySys with -XmyPlatform='container'" />
		<system-out>09:14:59 INFO  ==============================================================
09:14:59 INFO  Id:    apt_install_local_file_with_version
09:14:59 INFO  Dir:   plugin_apt/
09:14:59 INFO  Title: Validate apt plugin install from local file AND with a version - SUCCESS case
09:14:59 INFO  ==============================================================
09:15:00 INFO  Testing the apt plugin is not supported on this platform.To run the tests call PySys with -XmyPlatform='container' ... skipped
09:15:00 WARN  Aborted test due to SKIPPED outcome
09:15:00 INFO  
09:15:00 INFO  Test duration: 0.02 secs
09:15:00 INFO  Test final outcome:  SKIPPED
09:15:00 INFO  Test outcome reason: Testing the apt plugin is not supported on this platform.To run the tests call PySys with -XmyPlatform='container'
09:15:00 INFO  
</system-out>
	</testcase>
<testcase classname="AptPluginInstallFromLocalFileWithVersion" name="apt_install_local_file_with_version" />
</testsuite><testsuite name="apt_install_local_file_with_version_fail" tests="2" errors="0" failures="0" skipped="1" time="0"><testcase classname="AptPluginInstallFromLocalFileWithVersionFail" name="apt_install_local_file_with_version_fail">
		<skipped message="SKIPPED: Testing the apt plugin is not supported on this platform.To run the tests call PySys with -XmyPlatform='container'" />
		<system-out>09:15:00 INFO  ==============================================================
09:15:00 INFO  Id:    apt_install_local_file_with_version_fail
09:15:00 INFO  Dir:   plugin_apt/
09:15:00 INFO  Title: Validate apt plugin install from local file AND with a version - FAIL case
09:15:00 INFO  ==============================================================
09:15:00 INFO  Testing the apt plugin is not supported on this platform.To run the tests call PySys with -XmyPlatform='container' ... skipped
09:15:00 WARN  Aborted test due to SKIPPED outcome
09:15:00 INFO  
09:15:00 INFO  Test duration: 0.02 secs
09:15:00 INFO  Test final outcome:  SKIPPED
09:15:00 INFO  Test outcome reason: Testing the apt plugin is not supported on this platform.To run the tests call PySys with -XmyPlatform='container'
09:15:00 INFO  
</system-out>
	</testcase>
<testcase classname="AptPluginInstallFromLocalFileWithVersionFail" name="apt_install_local_file_with_version_fail" />
</testsuite><testsuite name="apt_list_format" tests="2" errors="0" failures="0" skipped="0" time="0"><testcase classname="AptPluginListFormat" name="apt_list_format" />
<testcase classname="AptPluginListFormat" name="apt_list_format" />
</testsuite><testsuite name="apt_prepare" tests="2" errors="0" failures="0" skipped="1" time="0"><testcase classname="AptPluginPrepare" name="apt_prepare">
		<skipped message="SKIPPED: Testing the apt plugin is not supported on this platform.To run the tests call PySys with -XmyPlatform='container'" />
		<system-out>09:15:03 INFO  ==============================================================
09:15:03 INFO  Id:    apt_prepare
09:15:03 INFO  Dir:   plugin_apt/
09:15:03 INFO  Title: Validate apt plugin install - dense version
09:15:03 INFO  ==============================================================
09:15:03 INFO  Testing the apt plugin is not supported on this platform.To run the tests call PySys with -XmyPlatform='container' ... skipped
09:15:03 WARN  Aborted test due to SKIPPED outcome
09:15:03 INFO  
09:15:03 INFO  Test duration: 0.02 secs
09:15:03 INFO  Test final outcome:  SKIPPED
09:15:03 INFO  Test outcome reason: Testing the apt plugin is not supported on this platform.To run the tests call PySys with -XmyPlatform='container'
09:15:03 INFO  
</system-out>
	</testcase>
<testcase classname="AptPluginPrepare" name="apt_prepare" />
</testsuite><testsuite name="apt_prepare_install_finalize" tests="2" errors="0" failures="0" skipped="1" time="0"><testcase classname="AptPluginPrepareInstallFinalize" name="apt_prepare_install_finalize">
		<skipped message="SKIPPED: Testing the apt plugin is not supported on this platform.To run the tests call PySys with -XmyPlatform='container'" />
		<system-out>09:15:03 INFO  ==============================================================
09:15:03 INFO  Id:    apt_prepare_install_finalize
09:15:03 INFO  Dir:   plugin_apt/
09:15:03 INFO  Title: Validate apt plugin install use case
09:15:03 INFO  ==============================================================
09:15:03 INFO  Testing the apt plugin is not supported on this platform.To run the tests call PySys with -XmyPlatform='container' ... skipped
09:15:03 WARN  Aborted test due to SKIPPED outcome
09:15:03 INFO  
09:15:03 INFO  Test duration: 0.02 secs
09:15:03 INFO  Test final outcome:  SKIPPED
09:15:03 INFO  Test outcome reason: Testing the apt plugin is not supported on this platform.To run the tests call PySys with -XmyPlatform='container'
09:15:03 INFO  
</system-out>
	</testcase>
<testcase classname="AptPluginPrepareInstallFinalize" name="apt_prepare_install_finalize" />
</testsuite><testsuite name="apt_remove" tests="2" errors="0" failures="0" skipped="1" time="0"><testcase classname="AptPluginRemoveDense" name="apt_remove">
		<skipped message="SKIPPED: Testing the apt plugin is not supported on this platform.To run the tests call PySys with -XmyPlatform='container'" />
		<system-out>09:15:03 INFO  ==============================================================
09:15:03 INFO  Id:    apt_remove
09:15:03 INFO  Dir:   plugin_apt/
09:15:03 INFO  Title: Validate apt plugin prepare - dense version
09:15:03 INFO  ==============================================================
09:15:03 INFO  Testing the apt plugin is not supported on this platform.To run the tests call PySys with -XmyPlatform='container' ... skipped
09:15:03 WARN  Aborted test due to SKIPPED outcome
09:15:03 INFO  
09:15:03 INFO  Test duration: 0.02 secs
09:15:03 INFO  Test final outcome:  SKIPPED
09:15:03 INFO  Test outcome reason: Testing the apt plugin is not supported on this platform.To run the tests call PySys with -XmyPlatform='container'
09:15:03 INFO  
</system-out>
	</testcase>
<testcase classname="AptPluginRemoveDense" name="apt_remove" />
</testsuite><testsuite name="apt_remove_fail" tests="2" errors="0" failures="0" skipped="1" time="0"><testcase classname="AptPluginRemoveFails" name="apt_remove_fail">
		<skipped message="SKIPPED: Testing the apt plugin is not supported on this platform.To run the tests call PySys with -XmyPlatform='container'" />
		<system-out>09:15:03 INFO  ==============================================================
09:15:03 INFO  Id:    apt_remove_fail
09:15:03 INFO  Dir:   plugin_apt/
09:15:03 INFO  Title: Validate apt plugin prepare - failing
09:15:03 INFO  ==============================================================
09:15:03 INFO  Testing the apt plugin is not supported on this platform.To run the tests call PySys with -XmyPlatform='container' ... skipped
09:15:03 WARN  Aborted test due to SKIPPED outcome
09:15:03 INFO  
09:15:03 INFO  Test duration: 0.02 secs
09:15:03 INFO  Test final outcome:  SKIPPED
09:15:03 INFO  Test outcome reason: Testing the apt plugin is not supported on this platform.To run the tests call PySys with -XmyPlatform='container'
09:15:03 INFO  
</system-out>
	</testcase>
<testcase classname="AptPluginRemoveFails" name="apt_remove_fail" />
</testsuite><testsuite name="apt_sequence_install_with_version" tests="2" errors="0" failures="1" skipped="1" time="0"><testcase classname="AptPluginPrepInstallWithVersionFinalize" name="apt_sequence_install_with_version">
		<skipped message="SKIPPED: Testing the apt plugin is not supported on this platform.To run the tests call PySys with -XmyPlatform='container'" />
		<system-out>09:15:03 INFO  ==============================================================
09:15:03 INFO  Id:    apt_sequence_install_with_version
09:15:03 INFO  Dir:   plugin_apt/
09:15:03 INFO  Title: Validate apt plugin install with version use case
09:15:03 INFO  ==============================================================
09:15:03 INFO  Testing the apt plugin is not supported on this platform.To run the tests call PySys with -XmyPlatform='container' ... skipped
09:15:03 WARN  Aborted test due to SKIPPED outcome
09:15:03 INFO  
09:15:03 INFO  Test duration: 0.02 secs
09:15:03 INFO  Test final outcome:  SKIPPED
09:15:03 INFO  Test outcome reason: Testing the apt plugin is not supported on this platform.To run the tests call PySys with -XmyPlatform='container'
09:15:03 INFO  
</system-out>
	</testcase>
<testcase classname="AptPluginPrepInstallWithVersionFinalize" name="apt_sequence_install_with_version">
		<failure message="FAILED: Grep on outp_check_1.out contains 'rolldice\t1.16-1(\\+b|build)(1|3)'" type="FAILED" />
		<system-out>09:43:55 INFO  ==============================================================
09:43:55 INFO  Id:    apt_sequence_install_with_version
09:43:55 INFO  Dir:   plugin_apt/
09:43:55 INFO  Title: Validate apt plugin install with version use case
09:43:55 INFO  ==============================================================
09:44:01 INFO  Executed sudo, exit status 0
09:44:03 INFO  Executed sudo&lt;outp_check_0&gt;, exit status 0
09:44:03 INFO  Assert that (value==0) with value=0 ... passed
09:44:03 INFO  Grep on file outp_check_0.out ... passed
09:44:25 INFO  Executed sudo&lt;outp_prepare&gt;, exit status 0, duration 21 secs
09:44:25 INFO  Assert that (value==0) with value=0 ... passed
09:45:16 INFO  Executed sudo&lt;outp_install&gt;, exit status 0, duration 51 secs
09:45:16 INFO  Assert that (value==0) with value=0 ... passed
09:45:24 INFO  Executed sudo&lt;outp_finalize&gt;, exit status 0
09:45:24 INFO  Assert that (value==0) with value=0 ... passed
09:45:27 INFO  Executed sudo&lt;outp_check_1&gt;, exit status 0
09:45:27 INFO  Assert that (value==0) with value=0 ... passed
09:45:27 INFO  Grep on file outp_check_1.out ... passed
09:45:27 WARN  Grep on outp_check_1.out contains 'rolldice\t1.16-1(\\+b|build)(1|3)' ... failed [run.py:61]
09:45:27 INFO  
09:45:27 INFO  cleanup:
09:45:44 INFO  Executed sudo, exit status 0, duration 16 secs
09:45:44 INFO  
09:45:44 INFO  Test duration: 109.24 secs
09:45:44 INFO  Test final outcome:  FAILED
09:45:44 INFO  Test outcome reason: Grep on outp_check_1.out contains 'rolldice\t1.16-1(\\+b|build)(1|3)'
09:45:44 INFO  
</system-out>
	</testcase>
</testsuite><testsuite name="apt_sequence_install_with_version_fail" tests="2" errors="0" failures="0" skipped="1" time="0"><testcase classname="AptPluginInstallWithVersionFails" name="apt_sequence_install_with_version_fail">
		<skipped message="SKIPPED: Testing the apt plugin is not supported on this platform.To run the tests call PySys with -XmyPlatform='container'" />
		<system-out>09:15:03 INFO  ==============================================================
09:15:03 INFO  Id:    apt_sequence_install_with_version_fail
09:15:03 INFO  Dir:   plugin_apt/
09:15:03 INFO  Title: Validate apt plugin install with version fails use case
09:15:03 INFO  ==============================================================
09:15:03 INFO  Testing the apt plugin is not supported on this platform.To run the tests call PySys with -XmyPlatform='container' ... skipped
09:15:03 WARN  Aborted test due to SKIPPED outcome
09:15:03 INFO  
09:15:03 INFO  Test duration: 0.02 secs
09:15:03 INFO  Test final outcome:  SKIPPED
09:15:03 INFO  Test outcome reason: Testing the apt plugin is not supported on this platform.To run the tests call PySys with -XmyPlatform='container'
09:15:03 INFO  
</system-out>
	</testcase>
<testcase classname="AptPluginInstallWithVersionFails" name="apt_sequence_install_with_version_fail" />
</testsuite><testsuite name="apt_sequence_remove" tests="2" errors="0" failures="0" skipped="1" time="0"><testcase classname="AptPluginInstallPrepareRemoveFinalize" name="apt_sequence_remove">
		<skipped message="SKIPPED: Testing the apt plugin is not supported on this platform.To run the tests call PySys with -XmyPlatform='container'" />
		<system-out>09:15:03 INFO  ==============================================================
09:15:03 INFO  Id:    apt_sequence_remove
09:15:03 INFO  Dir:   plugin_apt/
09:15:03 INFO  Title: Validate apt plugin prepare install remove finalize use case
09:15:03 INFO  ==============================================================
09:15:03 INFO  Testing the apt plugin is not supported on this platform.To run the tests call PySys with -XmyPlatform='container' ... skipped
09:15:03 WARN  Aborted test due to SKIPPED outcome
09:15:03 INFO  
09:15:03 INFO  Test duration: 0.02 secs
09:15:03 INFO  Test final outcome:  SKIPPED
09:15:03 INFO  Test outcome reason: Testing the apt plugin is not supported on this platform.To run the tests call PySys with -XmyPlatform='container'
09:15:03 INFO  
</system-out>
	</testcase>
<testcase classname="AptPluginInstallPrepareRemoveFinalize" name="apt_sequence_remove" />
</testsuite><testsuite name="apt_sequence_remove_with_version" tests="2" errors="0" failures="0" skipped="1" time="0"><testcase classname="AptPluginRemoveWithVersion" name="apt_sequence_remove_with_version">
		<skipped message="SKIPPED: Testing the apt plugin is not supported on this platform.To run the tests call PySys with -XmyPlatform='container'" />
		<system-out>09:15:03 INFO  ==============================================================
09:15:03 INFO  Id:    apt_sequence_remove_with_version
09:15:03 INFO  Dir:   plugin_apt/
09:15:03 INFO  Title: Validate apt plugin remove with version use case
09:15:03 INFO  ==============================================================
09:15:03 INFO  Testing the apt plugin is not supported on this platform.To run the tests call PySys with -XmyPlatform='container' ... skipped
09:15:03 WARN  Aborted test due to SKIPPED outcome
09:15:03 INFO  
09:15:03 INFO  Test duration: 0.02 secs
09:15:03 INFO  Test final outcome:  SKIPPED
09:15:03 INFO  Test outcome reason: Testing the apt plugin is not supported on this platform.To run the tests call PySys with -XmyPlatform='container'
09:15:03 INFO  
</system-out>
	</testcase>
<testcase classname="AptPluginRemoveWithVersion" name="apt_sequence_remove_with_version" />
</testsuite><testsuite name="apt_sequence_remove_with_version_fail" tests="2" errors="0" failures="0" skipped="1" time="0"><testcase classname="AptPluginRemoveWithVersionFails" name="apt_sequence_remove_with_version_fail">
		<skipped message="SKIPPED: Testing the apt plugin is not supported on this platform.To run the tests call PySys with -XmyPlatform='container'" />
		<system-out>09:15:03 INFO  ==============================================================
09:15:03 INFO  Id:    apt_sequence_remove_with_version_fail
09:15:03 INFO  Dir:   plugin_apt/
09:15:03 INFO  Title: Validate apt plugin remove with version fails when the version not found
09:15:03 INFO  ==============================================================
09:15:03 INFO  Testing the apt plugin is not supported on this platform.To run the tests call PySys with -XmyPlatform='container' ... skipped
09:15:03 WARN  Aborted test due to SKIPPED outcome
09:15:03 INFO  
09:15:03 INFO  Test duration: 0.03 secs
09:15:03 INFO  Test final outcome:  SKIPPED
09:15:03 INFO  Test outcome reason: Testing the apt plugin is not supported on this platform.To run the tests call PySys with -XmyPlatform='container'
09:15:03 INFO  
</system-out>
	</testcase>
<testcase classname="AptPluginRemoveWithVersionFails" name="apt_sequence_remove_with_version_fail" />
</testsuite><testsuite name="apt_update_list" tests="2" errors="0" failures="0" skipped="1" time="0"><testcase classname="AptPluginUpdateList" name="apt_update_list">
		<skipped message="SKIPPED: Testing the apt plugin is not supported on this platform.To run the tests call PySys with -XmyPlatform='container'" />
		<system-out>09:15:03 INFO  ==============================================================
09:15:03 INFO  Id:    apt_update_list
09:15:03 INFO  Dir:   plugin_apt/
09:15:03 INFO  Title: Validate apt plugin update-list command use case
09:15:03 INFO  ==============================================================
09:15:04 INFO  Testing the apt plugin is not supported on this platform.To run the tests call PySys with -XmyPlatform='container' ... skipped
09:15:04 WARN  Aborted test due to SKIPPED outcome
09:15:04 INFO  
09:15:04 INFO  Test duration: 0.02 secs
09:15:04 INFO  Test final outcome:  SKIPPED
09:15:04 INFO  Test outcome reason: Testing the apt plugin is not supported on this platform.To run the tests call PySys with -XmyPlatform='container'
09:15:04 INFO  
</system-out>
	</testcase>
<testcase classname="AptPluginUpdateList" name="apt_update_list" />
</testsuite><testsuite name="apt_wrong_option" tests="2" errors="0" failures="0" skipped="1" time="0"><testcase classname="AptPluginWrongOption" name="apt_wrong_option">
		<skipped message="SKIPPED: Testing the apt plugin is not supported on this platform.To run the tests call PySys with -XmyPlatform='container'" />
		<system-out>09:15:04 INFO  ==============================================================
09:15:04 INFO  Id:    apt_wrong_option
09:15:04 INFO  Dir:   plugin_apt/
09:15:04 INFO  Title: Validate apt plugin install
09:15:04 INFO  ==============================================================
09:15:04 INFO  Testing the apt plugin is not supported on this platform.To run the tests call PySys with -XmyPlatform='container' ... skipped
09:15:04 WARN  Aborted test due to SKIPPED outcome
09:15:04 INFO  
09:15:04 INFO  Test duration: 0.02 secs
09:15:04 INFO  Test final outcome:  SKIPPED
09:15:04 INFO  Test outcome reason: Testing the apt plugin is not supported on this platform.To run the tests call PySys with -XmyPlatform='container'
09:15:04 INFO  
</system-out>
	</testcase>
<testcase classname="AptPluginWrongOption" name="apt_wrong_option" />
</testsuite><testsuite name="c8y_jwt_token_retrieval" tests="1" errors="0" failures="0" skipped="0" time="0"><testcase classname="ValidateJWTTokenRetrieval" name="c8y_jwt_token_retrieval" />
</testsuite><testsuite name="c8y_restart_bridge" tests="1" errors="0" failures="0" skipped="0" time="0"><testcase classname="RestartBridge" name="c8y_restart_bridge" />
</testsuite><testsuite name="call_tedge_-V" tests="1" errors="0" failures="0" skipped="0" time="0"><testcase classname="PySysTest" name="call_tedge_-V" />
</testsuite><testsuite name="call_tedge_-h" tests="1" errors="0" failures="0" skipped="0" time="0"><testcase classname="PySysTest" name="call_tedge_-h" />
</testsuite><testsuite name="call_tedge_-h_-V" tests="1" errors="0" failures="1" skipped="0" time="0"><testcase classname="PySysTest" name="call_tedge_-h_-V">
		<failure message="FAILED: Grep on tedge.out contains &quot;tedge 0.6&quot;" type="FAILED" />
		<system-out>09:25:30 INFO  ==============================================================
09:25:30 INFO  Id:    call_tedge_-h_-V
09:25:30 INFO  Dir:   tedge/
09:25:30 INFO  Title: Validate command line option -h -V
09:25:30 INFO  ==============================================================
09:25:30 INFO  Executed tedge, exit status 0
09:25:30 WARN  Grep on tedge.out contains "tedge 0.6" ... failed [run.py:32]
09:25:30 INFO  Grep on file tedge.out ... passed
09:25:30 INFO  
09:25:30 INFO  Test duration: 0.73 secs
09:25:30 INFO  Test final outcome:  FAILED
09:25:30 INFO  Test outcome reason: Grep on tedge.out contains "tedge 0.6"
09:25:30 INFO  
</system-out>
	</testcase>
</testsuite><testsuite name="call_tedge_config_help" tests="1" errors="0" failures="0" skipped="0" time="0"><testcase classname="PySysTest" name="call_tedge_config_help" />
</testsuite><testsuite name="call_tedge_config_list" tests="1" errors="0" failures="0" skipped="0" time="0"><testcase classname="PySysTest" name="call_tedge_config_list" />
</testsuite><testsuite name="custom_init_system" tests="1" errors="0" failures="0" skipped="0" time="0"><testcase classname="CustomInitSystem" name="custom_init_system" />
</testsuite><testsuite name="docker_plugin_finalize" tests="2" errors="0" failures="0" skipped="1" time="0"><testcase classname="DockerPluginFinalizeTest" name="docker_plugin_finalize">
		<skipped message="SKIPPED: Testing the docker plugin is not supported on this platform.To run it, all the test with -XmyPlatform='container'" />
		<system-out>09:15:04 INFO  ==============================================================
09:15:04 INFO  Id:    docker_plugin_finalize
09:15:04 INFO  Dir:   plugin_docker/
09:15:04 INFO  Title: Validate docker plugin finalize command
09:15:04 INFO  ==============================================================
09:15:04 INFO  Testing the docker plugin is not supported on this platform.To run it, all the test with -XmyPlatform='container' ... skipped
09:15:04 WARN  Aborted test due to SKIPPED outcome
09:15:04 INFO  
09:15:04 INFO  Test duration: 0.05 secs
09:15:04 INFO  Test final outcome:  SKIPPED
09:15:04 INFO  Test outcome reason: Testing the docker plugin is not supported on this platform.To run it, all the test with -XmyPlatform='container'
09:15:04 INFO  
</system-out>
	</testcase>
<testcase classname="DockerPluginFinalizeTest" name="docker_plugin_finalize" />
</testsuite><testsuite name="docker_plugin_install" tests="2" errors="0" failures="0" skipped="1" time="0"><testcase classname="DockerPluginInstallTest" name="docker_plugin_install">
		<skipped message="SKIPPED: Testing the docker plugin is not supported on this platform.To run it, all the test with -XmyPlatform='container'" />
		<system-out>09:15:04 INFO  ==============================================================
09:15:04 INFO  Id:    docker_plugin_install
09:15:04 INFO  Dir:   plugin_docker/
09:15:04 INFO  Title: Validate docker plugin install
09:15:04 INFO  ==============================================================
09:15:04 INFO  Testing the docker plugin is not supported on this platform.To run it, all the test with -XmyPlatform='container' ... skipped
09:15:04 WARN  Aborted test due to SKIPPED outcome
09:15:04 INFO  
09:15:04 INFO  Test duration: 0.04 secs
09:15:04 INFO  Test final outcome:  SKIPPED
09:15:04 INFO  Test outcome reason: Testing the docker plugin is not supported on this platform.To run it, all the test with -XmyPlatform='container'
09:15:04 INFO  
</system-out>
	</testcase>
<testcase classname="DockerPluginInstallTest" name="docker_plugin_install" />
</testsuite><testsuite name="docker_plugin_install_with_version" tests="2" errors="0" failures="0" skipped="1" time="0"><testcase classname="DockerPluginInstallWithVersionTest" name="docker_plugin_install_with_version">
		<skipped message="SKIPPED: Testing the docker plugin is not supported on this platform.To run it, all the test with -XmyPlatform='container'" />
		<system-out>09:15:04 INFO  ==============================================================
09:15:04 INFO  Id:    docker_plugin_install_with_version
09:15:04 INFO  Dir:   plugin_docker/
09:15:04 INFO  Title: Validate docker plugin install
09:15:04 INFO  ==============================================================
09:15:04 INFO  Testing the docker plugin is not supported on this platform.To run it, all the test with -XmyPlatform='container' ... skipped
09:15:04 WARN  Aborted test due to SKIPPED outcome
09:15:04 INFO  
09:15:04 INFO  Test duration: 0.02 secs
09:15:04 INFO  Test final outcome:  SKIPPED
09:15:04 INFO  Test outcome reason: Testing the docker plugin is not supported on this platform.To run it, all the test with -XmyPlatform='container'
09:15:04 INFO  
</system-out>
	</testcase>
<testcase classname="DockerPluginInstallWithVersionTest" name="docker_plugin_install_with_version" />
</testsuite><testsuite name="docker_plugin_remove" tests="2" errors="0" failures="0" skipped="1" time="0"><testcase classname="DockerPluginRemoveTest" name="docker_plugin_remove">
		<skipped message="SKIPPED: Testing the docker plugin is not supported on this platform.To run it, all the test with -XmyPlatform='container'" />
		<system-out>09:15:04 INFO  ==============================================================
09:15:04 INFO  Id:    docker_plugin_remove
09:15:04 INFO  Dir:   plugin_docker/
09:15:04 INFO  Title: Validate docker plugin remove
09:15:04 INFO  ==============================================================
09:15:04 INFO  Testing the docker plugin is not supported on this platform.To run it, all the test with -XmyPlatform='container' ... skipped
09:15:04 WARN  Aborted test due to SKIPPED outcome
09:15:04 INFO  
09:15:04 INFO  Test duration: 0.02 secs
09:15:04 INFO  Test final outcome:  SKIPPED
09:15:04 INFO  Test outcome reason: Testing the docker plugin is not supported on this platform.To run it, all the test with -XmyPlatform='container'
09:15:04 INFO  
</system-out>
	</testcase>
<testcase classname="DockerPluginRemoveTest" name="docker_plugin_remove" />
</testsuite><testsuite name="docker_plugin_remove_with_version" tests="2" errors="0" failures="0" skipped="1" time="0"><testcase classname="DockerPluginRemoveWithVersionTest" name="docker_plugin_remove_with_version">
		<skipped message="SKIPPED: Testing the docker plugin is not supported on this platform.To run it, all the test with -XmyPlatform='container'" />
		<system-out>09:15:04 INFO  ==============================================================
09:15:04 INFO  Id:    docker_plugin_remove_with_version
09:15:04 INFO  Dir:   plugin_docker/
09:15:04 INFO  Title: Validate docker plugin remove with version
09:15:04 INFO  ==============================================================
09:15:04 INFO  Testing the docker plugin is not supported on this platform.To run it, all the test with -XmyPlatform='container' ... skipped
09:15:04 WARN  Aborted test due to SKIPPED outcome
09:15:04 INFO  
09:15:04 INFO  Test duration: 0.02 secs
09:15:04 INFO  Test final outcome:  SKIPPED
09:15:04 INFO  Test outcome reason: Testing the docker plugin is not supported on this platform.To run it, all the test with -XmyPlatform='container'
09:15:04 INFO  
</system-out>
	</testcase>
<testcase classname="DockerPluginRemoveWithVersionTest" name="docker_plugin_remove_with_version" />
</testsuite><testsuite name="docker_plugin_update" tests="2" errors="0" failures="0" skipped="1" time="0"><testcase classname="DockerPluginUpdateTest" name="docker_plugin_update">
		<skipped message="SKIPPED: Testing the docker plugin is not supported on this platform.To run it, all the test with -XmyPlatform='container'" />
		<system-out>09:15:04 INFO  ==============================================================
09:15:04 INFO  Id:    docker_plugin_update
09:15:04 INFO  Dir:   plugin_docker/
09:15:04 INFO  Title: Validate docker plugin install updates existing containers
09:15:04 INFO  ==============================================================
09:15:04 INFO  Testing the docker plugin is not supported on this platform.To run it, all the test with -XmyPlatform='container' ... skipped
09:15:04 WARN  Aborted test due to SKIPPED outcome
09:15:04 INFO  
09:15:04 INFO  Test duration: 0.02 secs
09:15:04 INFO  Test final outcome:  SKIPPED
09:15:04 INFO  Test outcome reason: Testing the docker plugin is not supported on this platform.To run it, all the test with -XmyPlatform='container'
09:15:04 INFO  
</system-out>
	</testcase>
<testcase classname="DockerPluginUpdateTest" name="docker_plugin_update" />
</testsuite><testsuite name="invalid_device_id" tests="1" errors="0" failures="0" skipped="0" time="0"><testcase classname="InvalidDeviceId" name="invalid_device_id" />
</testsuite><testsuite name="local_mqtt_pub_fail_noqos" tests="1" errors="0" failures="0" skipped="0" time="0"><testcase classname="PySysTest" name="local_mqtt_pub_fail_noqos" />
</testsuite><testsuite name="local_mqtt_pub_fail_qos0" tests="1" errors="0" failures="0" skipped="0" time="0"><testcase classname="PySysTest" name="local_mqtt_pub_fail_qos0" />
</testsuite><testsuite name="local_mqtt_pub_fail_qos1" tests="1" errors="0" failures="0" skipped="0" time="0"><testcase classname="PySysTest" name="local_mqtt_pub_fail_qos1" />
</testsuite><testsuite name="local_mqtt_pub_fail_qos2" tests="1" errors="0" failures="0" skipped="0" time="0"><testcase classname="PySysTest" name="local_mqtt_pub_fail_qos2" />
</testsuite><testsuite name="local_mqtt_pub_sub" tests="1" errors="0" failures="0" skipped="0" time="0"><testcase classname="PySysTest" name="local_mqtt_pub_sub" />
</testsuite><testsuite name="local_mqtt_pub_sub_retain" tests="1" errors="0" failures="1" skipped="0" time="0"><testcase classname="MqttPublishWithRetain" name="local_mqtt_pub_sub_retain">
		<failure message="FAILED: Grep on temp_sensor_sub.out contains &quot;\[test/alarms/temp_sensor\] alarm msg 2&quot; (+1 other failures)" type="FAILED" />
		<system-out>09:13:06 INFO  ==============================================================
09:13:06 INFO  Id:    local_mqtt_pub_sub_retain
09:13:06 INFO  Dir:   local_mqtt/
09:13:06 INFO  Title: Validate local publishing with retain flag
09:13:06 INFO  ==============================================================
09:13:07 INFO  Executed tedge&lt;pub_to_set_alarm&gt;, exit status 0
09:13:07 INFO  Executed tedge&lt;pub_to_set_alarm&gt;, exit status 0
09:13:08 INFO  Started tedge&lt;temp_sensor_sub&gt; with process id 29456
09:13:09 INFO  Executed tedge&lt;pub_to_clear_alarm&gt;, exit status 0
09:13:10 INFO  Executed sudo&lt;kill_out&gt;, exit status 0
09:13:10 INFO  Executed tedge&lt;pub_to_clear_alarm&gt;, exit status 0
09:13:10 INFO  Started tedge&lt;temp_sensor_empty_message&gt; with process id 29461
09:13:12 INFO  Executed sudo&lt;kill_out&gt;, exit status 0
09:13:12 WARN  Grep on temp_sensor_sub.out contains "\[test/alarms/temp_sensor\] alarm msg 2" ... failed [run.py:136]
09:13:12 WARN  Grep on temp_sensor_sub.out contains "\[test/alarms/temp_sensor\] " ... failed [run.py:141]
09:13:12 INFO  Grep on file temp_sensor_empty_message.out ... passed
09:13:12 INFO  
09:13:12 INFO  Test duration: 6.16 secs
09:13:12 INFO  Test final outcome:  FAILED
09:13:12 INFO  Test outcome reason: Grep on temp_sensor_sub.out contains "\[test/alarms/temp_sensor\] alarm msg 2" (+1 other failures)
09:13:12 INFO  
</system-out>
	</testcase>
</testsuite><testsuite name="local_mqtt_pub_sub_with_sudo" tests="1" errors="0" failures="0" skipped="0" time="0"><testcase classname="PySysTest" name="local_mqtt_pub_sub_with_sudo" />
</testsuite><testsuite name="local_mqtt_sub_fail" tests="1" errors="0" failures="0" skipped="0" time="0"><testcase classname="PySysTest" name="local_mqtt_sub_fail" />
</testsuite><testsuite name="log_request_error_messages" tests="1" errors="0" failures="0" skipped="1" time="0"><testcase classname="LogRequestVerifySearchTextError" name="log_request_error_messages">
		<skipped message="SKIPPED: Test execution disabled due to #1123" />
		<system-out>09:13:17 INFO  ==============================================================
09:13:17 INFO  Id:    log_request_error_messages
09:13:17 INFO  Dir:   log_request_end_to_end/
09:13:17 INFO  Title: Validate end to end behaviour for the log request operation check for error messages
09:13:17 INFO  ==============================================================
09:13:19 INFO  Test execution disabled due to #1123 ... skipped
09:13:19 INFO  
09:13:19 INFO  Test duration: 1.56 secs
09:13:19 INFO  Test final outcome:  SKIPPED
09:13:19 INFO  Test outcome reason: Test execution disabled due to #1123
09:13:19 INFO  
</system-out>
	</testcase>
</testsuite><testsuite name="log_request_num_lines" tests="1" errors="0" failures="0" skipped="1" time="0"><testcase classname="LogRequestVerifyNumberOfLines" name="log_request_num_lines">
		<skipped message="SKIPPED: Test execution disabled due to #1123" />
		<system-out>09:13:19 INFO  ==============================================================
09:13:19 INFO  Id:    log_request_num_lines
09:13:19 INFO  Dir:   log_request_end_to_end/
09:13:19 INFO  Title: Validate end to end behaviour for the log request operation check for number of lines
09:13:19 INFO  ==============================================================
09:13:19 INFO  Test execution disabled due to #1123 ... skipped
09:13:19 INFO  
09:13:19 INFO  Test duration: 0.03 secs
09:13:19 INFO  Test final outcome:  SKIPPED
09:13:19 INFO  Test outcome reason: Test execution disabled due to #1123
09:13:19 INFO  
</system-out>
	</testcase>
</testsuite><testsuite name="mapper_awaits_before_reconnect" tests="1" errors="0" failures="0" skipped="0" time="0"><testcase classname="MapperReconnectAwait" name="mapper_awaits_before_reconnect" />
</testsuite><testsuite name="monitoring_smaller_interval" tests="1" errors="0" failures="0" skipped="1" time="0"><testcase classname="MonitoringSmallInterval" name="monitoring_smaller_interval">
		<skipped message="SKIPPED: Fails due to retained message" />
		<system-out>09:14:59 INFO  ==============================================================
09:14:59 INFO  Id:    monitoring_smaller_interval
09:14:59 INFO  Dir:   monitoring/
09:14:59 INFO  Title: Validate the tedge dm agent messages that are produced with smaller sampling interval than the batching window. Here the simulated collectd messages are used
09:14:59 INFO  ==============================================================
09:14:59 INFO  Fails due to retained message ... skipped
09:14:59 INFO  
09:14:59 INFO  Test duration: 0.06 secs
09:14:59 INFO  Test final outcome:  SKIPPED
09:14:59 INFO  Test outcome reason: Fails due to retained message
09:14:59 INFO  
</system-out>
	</testcase>
</testsuite><testsuite name="monitoring_with_collectd" tests="1" errors="0" failures="0" skipped="1" time="0"><testcase classname="MonitoringWithCollectd" name="monitoring_with_collectd">
		<skipped message="SKIPPED: Test execution disabled due to #792 (instable)" />
		<system-out>09:14:59 INFO  ==============================================================
09:14:59 INFO  Id:    monitoring_with_collectd
09:14:59 INFO  Dir:   monitoring/
09:14:59 INFO  Title: Validate tedge dm agent messages that are produced by batching the collectd messages
09:14:59 INFO  ==============================================================
09:14:59 INFO  Test execution disabled due to #792 (instable) ... skipped
09:14:59 INFO  
09:14:59 INFO  Test duration: 0.04 secs
09:14:59 INFO  Test final outcome:  SKIPPED
09:14:59 INFO  Test outcome reason: Test execution disabled due to #792 (instable)
09:14:59 INFO  
</system-out>
	</testcase>
</testsuite><testsuite name="monitoring_with_simulated_messages" tests="1" errors="0" failures="0" skipped="1" time="0"><testcase classname="MonitoringWithSimulatedMessages" name="monitoring_with_simulated_messages">
		<skipped message="SKIPPED: Fails due to retained message" />
		<system-out>09:14:59 INFO  ==============================================================
09:14:59 INFO  Id:    monitoring_with_simulated_messages
09:14:59 INFO  Dir:   monitoring/
09:14:59 INFO  Title: Validate the tedge dm agent messages that are produced from the simulated collectd messages
09:14:59 INFO  ==============================================================
09:14:59 INFO  Fails due to retained message ... skipped
09:14:59 INFO  
09:14:59 INFO  Test duration: 0.04 secs
09:14:59 INFO  Test final outcome:  SKIPPED
09:14:59 INFO  Test outcome reason: Fails due to retained message
09:14:59 INFO  
</system-out>
	</testcase>
</testsuite><testsuite name="mqtt_port_change_connection_fails" tests="1" errors="0" failures="0" skipped="0" time="0"><testcase classname="MqttPortChangeConnectionFails" name="mqtt_port_change_connection_fails" />
</testsuite><testsuite name="mqtt_port_change_connection_works" tests="1" errors="0" failures="0" skipped="1" time="0"><testcase classname="MqttPortChangeConnectionWorks" name="mqtt_port_change_connection_works">
		<skipped message="SKIPPED: failing intermitently" />
		<system-out>09:13:55 INFO  ==============================================================
09:13:55 INFO  Id:    mqtt_port_change_connection_works
09:13:55 INFO  Dir:   misc_features/
09:13:55 INFO  Title: mqtt port change connection works for all the thin-edge services that use the mosquitto broker
09:13:55 INFO  ==============================================================
09:13:55 INFO  failing intermitently ... skipped
09:13:55 INFO  
09:13:55 INFO  Test duration: 0.03 secs
09:13:55 INFO  Test final outcome:  SKIPPED
09:13:55 INFO  Test outcome reason: failing intermitently
09:13:55 INFO  
</system-out>
	</testcase>
</testsuite><testsuite name="mqtt_port_set" tests="1" errors="0" failures="0" skipped="0" time="0"><testcase classname="MqttPortSet" name="mqtt_port_set" />
</testsuite><testsuite name="mqtt_port_unset" tests="1" errors="0" failures="0" skipped="0" time="0"><testcase classname="MqttPortUnSet" name="mqtt_port_unset" />
</testsuite><testsuite name="publish_flux" tests="1" errors="0" failures="0" skipped="0" time="0"><testcase classname="PublishFlux" name="publish_flux" />
</testsuite><testsuite name="publish_sawmill" tests="1" errors="0" failures="0" skipped="0" time="0"><testcase classname="PublishSawmill" name="publish_sawmill" />
</testsuite><testsuite name="pysys_block" tests="1" errors="0" failures="0" skipped="1" time="0"><testcase classname="Fail" name="pysys_block">
		<skipped message="SKIPPED: Enable this to observe a blocking test" />
		<system-out>09:14:23 INFO  ==============================================================
09:14:23 INFO  Id:    pysys_block
09:14:23 INFO  Dir:   misc_features/
09:14:23 INFO  Title: fail
09:14:23 INFO  ==============================================================
09:14:23 INFO  Enable this to observe a blocking test ... skipped
09:14:23 INFO  
09:14:23 INFO  Test duration: 0.02 secs
09:14:23 INFO  Test final outcome:  SKIPPED
09:14:23 INFO  Test outcome reason: Enable this to observe a blocking test
09:14:23 INFO  
</system-out>
	</testcase>
</testsuite><testsuite name="pysys_fail" tests="1" errors="0" failures="0" skipped="1" time="0"><testcase classname="Fail" name="pysys_fail">
		<skipped message="SKIPPED: Enable this to observe a failing test" />
		<system-out>09:14:23 INFO  ==============================================================
09:14:23 INFO  Id:    pysys_fail
09:14:23 INFO  Dir:   misc_features/
09:14:23 INFO  Title: fail
09:14:23 INFO  ==============================================================
09:14:23 INFO  Enable this to observe a failing test ... skipped
09:14:23 INFO  
09:14:23 INFO  Test duration: 0.02 secs
09:14:23 INFO  Test final outcome:  SKIPPED
09:14:23 INFO  Test outcome reason: Enable this to observe a failing test
09:14:23 INFO  
</system-out>
	</testcase>
</testsuite><testsuite name="runtime_start_two_mappers" tests="1" errors="0" failures="0" skipped="0" time="0"><testcase classname="RuntimeMultiMappers" name="runtime_start_two_mappers" />
</testsuite><testsuite name="sm_tedge_mapper_init_session" tests="1" errors="0" failures="0" skipped="0" time="0"><testcase classname="TedgeSMMapperInitSession" name="sm_tedge_mapper_init_session" />
</testsuite><testsuite name="smoketest_json" tests="1" errors="0" failures="0" skipped="0" time="0"><testcase classname="SmokeTestJson" name="smoketest_json" />
</testsuite><testsuite name="smoketest_json_400_samples_10ms" tests="1" errors="0" failures="0" skipped="0" time="0"><testcase classname="SmoketestJson400Samples10ms" name="smoketest_json_400_samples_10ms" />
</testsuite><testsuite name="smoketest_json_400_samples_20ms" tests="1" errors="0" failures="0" skipped="0" time="0"><testcase classname="SmoketestJson400Samples20ms" name="smoketest_json_400_samples_20ms" />
</testsuite><testsuite name="smoketest_smartrest" tests="1" errors="0" failures="0" skipped="0" time="0"><testcase classname="SmoketestSmartRest" name="smoketest_smartrest" />
</testsuite><testsuite name="smoketest_smartrest_200_samples_1Xms" tests="1" errors="0" failures="0" skipped="0" time="0"><testcase classname="SmoketestSmartRest200Samples1Xms" name="smoketest_smartrest_200_samples_1Xms" />
</testsuite><testsuite name="smoketest_smartrest_200_samples_20ms" tests="1" errors="0" failures="0" skipped="0" time="0"><testcase classname="SmoketestSmartRest200Samples20ms" name="smoketest_smartrest_200_samples_20ms" />
</testsuite><testsuite name="tedge_agent_user_sudo_access" tests="1" errors="0" failures="0" skipped="1" time="0"><testcase classname="TedgeAgentUserSudoAccess" name="tedge_agent_user_sudo_access">
		<skipped message="SKIPPED: #955 Observation: Exit code of the apt plugin when called with no arguments" />
		<system-out>09:25:57 INFO  ==============================================================
09:25:57 INFO  Id:    tedge_agent_user_sudo_access
09:25:57 INFO  Dir:   tedge/
09:25:57 INFO  Title: Validate tedge-agent user has a limited sudo right
09:25:57 INFO  ==============================================================
09:25:57 INFO  #955 Observation: Exit code of the apt plugin when called with no arguments ... skipped
09:25:57 INFO  
09:25:57 INFO  Test duration: 0.02 secs
09:25:57 INFO  Test final outcome:  SKIPPED
09:25:57 INFO  Test outcome reason: #955 Observation: Exit code of the apt plugin when called with no arguments
09:25:57 INFO  
</system-out>
	</testcase>
</testsuite><testsuite name="tedge_connect_test_negative" tests="1" errors="0" failures="0" skipped="0" time="0"><testcase classname="TedgeConnectTestNegative" name="tedge_connect_test_negative" />
</testsuite><testsuite name="tedge_connect_test_positive" tests="1" errors="0" failures="0" skipped="0" time="0"><testcase classname="TedgeConnectTestPositive" name="tedge_connect_test_positive" />
</testsuite><testsuite name="tedge_connect_test_sm_services" tests="1" errors="0" failures="0" skipped="0" time="0"><testcase classname="TedgeConnectTestSMServices" name="tedge_connect_test_sm_services" />
</testsuite><testsuite name="tedge_disconnect_test_sm_services" tests="1" errors="0" failures="0" skipped="0" time="0"><testcase classname="TedgeDisConnectTestSMServices" name="tedge_disconnect_test_sm_services" />
</testsuite><testsuite name="tedge_mapper_az_negative" tests="1" errors="0" failures="0" skipped="0" time="0"><testcase classname="TedgeMapperAzError" name="tedge_mapper_az_negative" />
</testsuite><testsuite name="tedge_mapper_az_with_timestamp" tests="1" errors="0" failures="0" skipped="0" time="0"><testcase classname="TedgeMapperAzWithTimestamp" name="tedge_mapper_az_with_timestamp" />
</testsuite><testsuite name="tedge_mapper_az_without_timestamp" tests="1" errors="0" failures="0" skipped="0" time="0"><testcase classname="TedgeMapperAzWithoutTimestamp" name="tedge_mapper_az_without_timestamp" />
</testsuite><testsuite name="tedge_mapper_c8y_alarms" tests="1" errors="0" failures="0" skipped="0" time="0"><testcase classname="TedgeMapperC8yAlarm" name="tedge_mapper_c8y_alarms" />
</testsuite><testsuite name="tedge_mapper_c8y_child_device_measurement" tests="1" errors="0" failures="0" skipped="1" time="0"><testcase classname="TedgeMapperC8yChildDevice" name="tedge_mapper_c8y_child_device_measurement">
		<skipped message="SKIPPED: Test execution disabled due to #1088" />
		<system-out>09:30:57 INFO  ==============================================================
09:30:57 INFO  Id:    tedge_mapper_c8y_child_device_measurement
09:30:57 INFO  Dir:   tedge_mapper_c8y/
09:30:57 INFO  Title: Validate that measurements sent to tedge/measurements/child topic gets mapped as the child device's measurement in Cumulocity
09:30:57 INFO  ==============================================================
09:30:57 INFO  Test execution disabled due to #1088 ... skipped
09:30:57 INFO  
09:30:57 INFO  Test duration: 0.06 secs
09:30:57 INFO  Test final outcome:  SKIPPED
09:30:57 INFO  Test outcome reason: Test execution disabled due to #1088
09:30:57 INFO  
</system-out>
	</testcase>
</testsuite><testsuite name="tedge_mapper_c8y_packet_threshold_size" tests="1" errors="0" failures="0" skipped="0" time="0"><testcase classname="TedgeMapperC8yThresholdPacketSize" name="tedge_mapper_c8y_packet_threshold_size" />
</testsuite><testsuite name="tedge_software_update" tests="1" errors="0" failures="0" skipped="0" time="0"><testcase classname="PySysTest" name="tedge_software_update" />
</testsuite><testsuite name="valid_device_id" tests="1" errors="0" failures="0" skipped="0" time="0"><testcase classname="ValidateValidDeviceId" name="valid_device_id" />
</testsuite></testsuites>