<?xml version='1.0' encoding='utf-8'?>
<testsuites tests="149" failures="9" errors="0" skipped="54" time="0.0"><testsuite name="SoftwareManagement.Plugin.apama_plugin_install" tests="3" errors="0" failures="0" skipped="1" time="0"><testcase classname="ApamaPluginInstallTest" name="SoftwareManagement.Plugin.apama_plugin_install">
		<skipped message="SKIPPED: Apama plugin tests are disabled by default. Execute `pysys run` with `-XmyPlatform=container` to run these tests" />
		<system-out>07:21:46 INFO  ==============================================================
07:21:46 INFO  Id:    SoftwareManagement.Plugin.apama_plugin_install
07:21:46 INFO  Dir:   plugin_apama/
07:21:46 INFO  Title: Validate apama plugin install
07:21:46 INFO  ==============================================================
07:21:46 INFO  Apama plugin tests are disabled by default. Execute `pysys run` with `-XmyPlatform=container` to run these tests ... skipped
07:21:46 WARN  Aborted test due to SKIPPED outcome
07:21:46 INFO  
07:21:46 INFO  Test duration: 0.05 secs
07:21:46 INFO  Test final outcome:  SKIPPED
07:21:46 INFO  Test outcome reason: Apama plugin tests are disabled by default. Execute `pysys run` with `-XmyPlatform=container` to run these tests
07:21:46 INFO  
</system-out>
	</testcase>
<testcase classname="ApamaPluginInstallTest" name="SoftwareManagement.Plugin.apama_plugin_install" />
<testcase classname="ApamaPluginInstallTest" name="SoftwareManagement.Plugin.apama_plugin_install" />
</testsuite><testsuite name="SoftwareManagement.Plugin.apama_plugin_mon_support" tests="3" errors="0" failures="0" skipped="1" time="0"><testcase classname="ApamaPluginMonSupportTest" name="SoftwareManagement.Plugin.apama_plugin_mon_support">
		<skipped message="SKIPPED: Apama plugin tests are disabled by default. Execute `pysys run` with `-XmyPlatform=container` to run these tests" />
		<system-out>07:21:46 INFO  ==============================================================
07:21:46 INFO  Id:    SoftwareManagement.Plugin.apama_plugin_mon_support
07:21:46 INFO  Dir:   plugin_apama/
07:21:46 INFO  Title: Validate mon file support of apama plugin
07:21:46 INFO  ==============================================================
07:21:46 INFO  Apama plugin tests are disabled by default. Execute `pysys run` with `-XmyPlatform=container` to run these tests ... skipped
07:21:46 WARN  Aborted test due to SKIPPED outcome
07:21:46 INFO  
07:21:46 INFO  Test duration: 0.02 secs
07:21:46 INFO  Test final outcome:  SKIPPED
07:21:46 INFO  Test outcome reason: Apama plugin tests are disabled by default. Execute `pysys run` with `-XmyPlatform=container` to run these tests
07:21:46 INFO  
</system-out>
	</testcase>
<testcase classname="ApamaPluginMonSupportTest" name="SoftwareManagement.Plugin.apama_plugin_mon_support" />
<testcase classname="ApamaPluginMonSupportTest" name="SoftwareManagement.Plugin.apama_plugin_mon_support" />
</testsuite><testsuite name="SoftwareManagement.Plugin.apama_plugin_remove" tests="3" errors="0" failures="0" skipped="1" time="0"><testcase classname="ApamaPluginRemoveTest" name="SoftwareManagement.Plugin.apama_plugin_remove">
		<skipped message="SKIPPED: Apama plugin tests are disabled by default. Execute `pysys run` with `-XmyPlatform=container` to run these tests" />
		<system-out>07:21:46 INFO  ==============================================================
07:21:46 INFO  Id:    SoftwareManagement.Plugin.apama_plugin_remove
07:21:46 INFO  Dir:   plugin_apama/
07:21:46 INFO  Title: Validate apama plugin remove
07:21:46 INFO  ==============================================================
07:21:46 INFO  Apama plugin tests are disabled by default. Execute `pysys run` with `-XmyPlatform=container` to run these tests ... skipped
07:21:46 WARN  Aborted test due to SKIPPED outcome
07:21:46 INFO  
07:21:46 INFO  Test duration: 0.02 secs
07:21:46 INFO  Test final outcome:  SKIPPED
07:21:46 INFO  Test outcome reason: Apama plugin tests are disabled by default. Execute `pysys run` with `-XmyPlatform=container` to run these tests
07:21:46 INFO  
</system-out>
	</testcase>
<testcase classname="ApamaPluginRemoveTest" name="SoftwareManagement.Plugin.apama_plugin_remove" />
<testcase classname="ApamaPluginRemoveTest" name="SoftwareManagement.Plugin.apama_plugin_remove" />
</testsuite><testsuite name="SoftwareManagement.Plugin.apama_plugin_update" tests="3" errors="0" failures="0" skipped="3" time="0"><testcase classname="ApamaPluginUpdateTest" name="SoftwareManagement.Plugin.apama_plugin_update">
		<skipped message="SKIPPED: Test execution disabled due to #1052" />
		<system-out>07:21:46 INFO  ==============================================================
07:21:46 INFO  Id:    SoftwareManagement.Plugin.apama_plugin_update
07:21:46 INFO  Dir:   plugin_apama/
07:21:46 INFO  Title: Validate apama plugin updating one project with another
07:21:46 INFO  ==============================================================
07:21:46 INFO  Test execution disabled due to #1052 ... skipped
07:21:46 INFO  
07:21:46 INFO  Test duration: 0.02 secs
07:21:46 INFO  Test final outcome:  SKIPPED
07:21:46 INFO  Test outcome reason: Test execution disabled due to #1052
07:21:46 INFO  
</system-out>
	</testcase>
<testcase classname="ApamaPluginUpdateTest" name="SoftwareManagement.Plugin.apama_plugin_update">
		<skipped message="SKIPPED: Test execution disabled due to #1052" />
		<system-out>08:14:42 INFO  ==============================================================
08:14:42 INFO  Id:    SoftwareManagement.Plugin.apama_plugin_update
08:14:42 INFO  Dir:   plugin_apama/
08:14:42 INFO  Title: Validate apama plugin updating one project with another
08:14:42 INFO  ==============================================================
08:14:42 INFO  Test execution disabled due to #1052 ... skipped
08:14:42 INFO  
08:14:42 INFO  Test duration: 0.02 secs
08:14:42 INFO  Test final outcome:  SKIPPED
08:14:42 INFO  Test outcome reason: Test execution disabled due to #1052
08:14:42 INFO  
</system-out>
	</testcase>
<testcase classname="ApamaPluginUpdateTest" name="SoftwareManagement.Plugin.apama_plugin_update">
		<skipped message="SKIPPED: Test execution disabled due to #1052" />
		<system-out>08:23:21 INFO  ==============================================================
08:23:21 INFO  Id:    SoftwareManagement.Plugin.apama_plugin_update
08:23:21 INFO  Dir:   plugin_apama/
08:23:21 INFO  Title: Validate apama plugin updating one project with another
08:23:21 INFO  ==============================================================
08:23:21 INFO  Test execution disabled due to #1052 ... skipped
08:23:21 INFO  
08:23:21 INFO  Test duration: 0.04 secs
08:23:21 INFO  Test final outcome:  SKIPPED
08:23:21 INFO  Test outcome reason: Test execution disabled due to #1052
08:23:21 INFO  
</system-out>
	</testcase>
</testsuite><testsuite name="SoftwareManagement.sm_apt_install_download_path" tests="3" errors="0" failures="2" skipped="1" time="0"><testcase classname="AptInstallWithDownloadPath" name="SoftwareManagement.sm_apt_install_download_path">
		<skipped message="SKIPPED: Testing the apt plugin is not supported on this platform.Use parameter -XmyPlatform='container' to enable it" />
		<system-out>07:31:26 INFO  ==============================================================
07:31:26 INFO  Id:    SoftwareManagement.sm_apt_install_download_path
07:31:26 INFO  Dir:   software_management_end_to_end/
07:31:26 INFO  Title: Install package to directory specified in tedge config set tmp.path
07:31:26 INFO  ==============================================================
07:31:26 INFO  Testing the apt plugin is not supported on this platform.Use parameter -XmyPlatform='container' to enable it ... skipped
07:31:26 WARN  Aborted test due to SKIPPED outcome
07:31:26 INFO  
07:31:26 INFO  Test duration: 0.08 secs
07:31:26 INFO  Test final outcome:  SKIPPED
07:31:26 INFO  Test outcome reason: Testing the apt plugin is not supported on this platform.Use parameter -XmyPlatform='container' to enable it
07:31:26 INFO  
</system-out>
	</testcase>
<testcase classname="AptInstallWithDownloadPath" name="SoftwareManagement.sm_apt_install_download_path">
		<failure message="BLOCKED: AssertionError:" type="BLOCKED" />
		<system-out>07:56:13 INFO  ==============================================================
07:56:13 INFO  Id:    SoftwareManagement.sm_apt_install_download_path
07:56:13 INFO  Dir:   software_management_end_to_end/
07:56:13 INFO  Title: Install package to directory specified in tedge config set tmp.path
07:56:13 INFO  ==============================================================
07:56:13 INFO  Using sw id database: {'asciijump': '5475369', 'robotfindskitten': '5474869', 'squirrel3': '5475279', 'rolldice': '5152439', 'moon-buggy': '5439204', 'apple': '5495053', 'banana': '5494888', 'cherry': '5495382', 'watermelon': '5494510', 'registry': '8018911', 'hello-world': '8021526', 'docker/getting-started': '8021973', 'alpine': '7991792'}
07:56:13 INFO  EnvironmentC8y Setup
07:56:14 INFO  Executed systemctl&lt;serv_mapper1&gt;, exit status 3
07:56:29 INFO  Executed sudo&lt;tedge_connect_c8y&gt;, exit status 0, duration 14 secs
07:56:30 INFO  Executed sudo&lt;tedge_connect_c8y_test&gt;, exit status 0
07:56:31 INFO  Executed systemctl&lt;serv_mosq2&gt;, exit status 0
07:56:32 INFO  Executed systemctl&lt;serv_mapper3&gt;, exit status 0
07:56:34 ERROR No operations found, assuming it passed
07:56:35 INFO  Assert that (False == value) with value=False ... passed
07:56:35 INFO  Executed sudo, exit status 0
07:56:36 INFO  Executed sudo, exit status 0
07:56:36 INFO  Executed sudo, exit status 0
07:56:40 INFO  Executed sudo&lt;tedge_disconnect_c8y&gt;, exit status 0
07:56:40 INFO  Restarting mosquitto too frequently in the last 10 seconds. It was only up for 4 seconds
07:56:40 INFO  Delaying execution by 7 seconds
07:57:01 INFO  Executed sudo&lt;tedge_connect_c8y&gt;, exit status 0, duration 14 secs
07:57:02 INFO  Response status: 201
07:57:02 INFO  Response to action: {
    "creationTime": "2022-05-16T07:57:02.191Z",
    "deviceId": "19103173",
    "deviceName": "mythicc",
    "self": "https://t493319102.eu-latest.cumulocity.com/devicecontrol/operations/19118909",
    "id": "19118909",
    "status": "PENDING",
    "description": "Apply software changes, triggered from PySys: [{'name': 'rolldice', 'id': '5152439', 'version': '::apt', 'url': 'https://thin-edge-io.eu-latest.cumulocity.com/inventory/binaries/12435463', 'action': 'install'}]",
    "c8y_SoftwareUpdate": [
        {
            "name": "rolldice",
            "action": "install",
            "id": "5152439",
            "version": "::apt",
            "url": "https://thin-edge-io.eu-latest.cumulocity.com/inventory/binaries/12435463"
        }
    ]
}
07:57:02 INFO  Started operation: {'creationTime': '2022-05-16T07:57:02.191Z', 'deviceId': '19103173', 'deviceName': 'mythicc', 'self': 'https://t493319102.eu-latest.cumulocity.com/devicecontrol/operations/19118909', 'id': '19118909', 'status': 'PENDING', 'description': "Apply software changes, triggered from PySys: [{'name': 'rolldice', 'id': '5152439', 'version': '::apt', 'url': 'https://thin-edge-io.eu-latest.cumulocity.com/inventory/binaries/12435463', 'action': 'install'}]", 'c8y_SoftwareUpdate': [{'name': 'rolldice', 'action': 'install', 'id': '5152439', 'version': '::apt', 'url': 'https://thin-edge-io.eu-latest.cumulocity.com/inventory/binaries/12435463'}]}
07:57:02 WARN  , retrying in 0.5 seconds...
07:57:02 WARN  , retrying in 0.5 seconds...
07:57:03 WARN  , retrying in 0.5 seconds...
07:57:03 WARN  , retrying in 0.5 seconds...
07:57:04 WARN  , retrying in 0.5 seconds...
07:57:04 WARN  , retrying in 0.5 seconds...
07:57:05 WARN  , retrying in 0.5 seconds...
07:57:05 WARN  , retrying in 0.5 seconds...
07:57:06 WARN  , retrying in 0.5 seconds...
07:57:06 WARN  AssertionError occurred while running test - 
Traceback (most recent call last):
  File "/home/pi/env-pysys/lib/python3.7/site-packages/pysys/baserunner.py", line 1294, in __call__
    self.testObj.execute()
  File "/home/pi/actions-runner/_work/thin-edge.io/thin-edge.io/tests/PySys/software_management_end_to_end/sm_apt_install_download_path/run.py", line 83, in execute
    assert_install_in_download_path(install_directory=self.DOWNLOAD_DIR)
  File "/home/pi/env-pysys/lib/python3.7/site-packages/decorator.py", line 232, in fun
    return caller(func, *(extras + args), **kw)
  File "/home/pi/env-pysys/lib/python3.7/site-packages/retry/api.py", line 74, in retry_decorator
    logger)
  File "/home/pi/env-pysys/lib/python3.7/site-packages/retry/api.py", line 33, in __retry_internal
    return f()
  File "/home/pi/actions-runner/_work/thin-edge.io/thin-edge.io/tests/PySys/software_management_end_to_end/sm_apt_install_download_path/run.py", line 28, in assert_install_in_download_path
    assert "rolldice" in os.listdir(f"{install_directory}")
AssertionError
07:57:07 WARN  AssertionError: ... blocked 
07:57:07 INFO  
07:57:07 INFO  cleanup:
07:57:08 INFO  Executed sudo, exit status 0
07:57:08 INFO  Executed sudo, exit status 0
07:57:12 INFO  Executed sudo&lt;tedge_disconnect_c8y&gt;, exit status 0
07:57:13 INFO  Restarting mosquitto too frequently in the last 10 seconds. It was only up for 4 seconds
07:57:13 INFO  Delaying execution by 7 seconds
07:57:34 INFO  Executed sudo&lt;tedge_connect_c8y&gt;, exit status 0, duration 13 secs
07:57:38 INFO  Executed sudo&lt;tedge_disconnect_c8y&gt;, exit status 0
07:57:39 INFO  Executed systemctl&lt;serv_mapper5&gt;, exit status 3
07:57:39 INFO  
07:57:39 INFO  Test duration: 85.45 secs
07:57:39 INFO  Test final outcome:  BLOCKED
07:57:39 INFO  Test outcome reason: AssertionError:
07:57:39 INFO  
</system-out>
	</testcase>
<testcase classname="AptInstallWithDownloadPath" name="SoftwareManagement.sm_apt_install_download_path">
		<failure message="BLOCKED: AssertionError:" type="BLOCKED" />
		<system-out>08:23:21 INFO  ==============================================================
08:23:21 INFO  Id:    SoftwareManagement.sm_apt_install_download_path
08:23:21 INFO  Dir:   software_management_end_to_end/
08:23:21 INFO  Title: Install package to directory specified in tedge config set tmp.path
08:23:21 INFO  ==============================================================
08:23:22 INFO  Using sw id database: {'asciijump': '5475369', 'robotfindskitten': '5474869', 'squirrel3': '5475279', 'rolldice': '5152439', 'moon-buggy': '5439204', 'apple': '5495053', 'banana': '5494888', 'cherry': '5495382', 'watermelon': '5494510', 'registry': '8018911', 'hello-world': '8021526', 'docker/getting-started': '8021973', 'alpine': '7991792'}
08:23:22 INFO  EnvironmentC8y Setup
08:23:23 INFO  Executed systemctl&lt;serv_mapper1&gt;, exit status 3
08:23:37 INFO  Executed sudo&lt;tedge_connect_c8y&gt;, exit status 0, duration 14 secs
08:23:38 INFO  Executed sudo&lt;tedge_connect_c8y_test&gt;, exit status 0
08:23:38 INFO  Executed systemctl&lt;serv_mosq2&gt;, exit status 0
08:23:39 INFO  Executed systemctl&lt;serv_mapper3&gt;, exit status 0
08:23:41 INFO  State of current operation: SUCCESSFUL
08:23:41 INFO  Assert that (False == value) with value=False ... passed
08:23:42 INFO  Executed sudo, exit status 0
08:23:42 INFO  Executed sudo, exit status 0
08:23:43 INFO  Executed sudo, exit status 0
08:23:47 INFO  Executed sudo&lt;tedge_disconnect_c8y&gt;, exit status 0
08:23:47 INFO  Restarting mosquitto too frequently in the last 10 seconds. It was only up for 3 seconds
08:23:47 INFO  Delaying execution by 8 seconds
08:24:09 INFO  Executed sudo&lt;tedge_connect_c8y&gt;, exit status 0, duration 13 secs
08:24:09 INFO  Response status: 201
08:24:09 INFO  Response to action: {
    "creationTime": "2022-05-16T08:24:09.911Z",
    "deviceId": "19103173",
    "deviceName": "mythicc",
    "self": "https://t493319102.eu-latest.cumulocity.com/devicecontrol/operations/19133111",
    "id": "19133111",
    "status": "PENDING",
    "description": "Apply software changes, triggered from PySys: [{'name': 'rolldice', 'id': '5152439', 'version': '::apt', 'url': 'https://thin-edge-io.eu-latest.cumulocity.com/inventory/binaries/12435463', 'action': 'install'}]",
    "c8y_SoftwareUpdate": [
        {
            "name": "rolldice",
            "action": "install",
            "id": "5152439",
            "version": "::apt",
            "url": "https://thin-edge-io.eu-latest.cumulocity.com/inventory/binaries/12435463"
        }
    ]
}
08:24:09 INFO  Started operation: {'creationTime': '2022-05-16T08:24:09.911Z', 'deviceId': '19103173', 'deviceName': 'mythicc', 'self': 'https://t493319102.eu-latest.cumulocity.com/devicecontrol/operations/19133111', 'id': '19133111', 'status': 'PENDING', 'description': "Apply software changes, triggered from PySys: [{'name': 'rolldice', 'id': '5152439', 'version': '::apt', 'url': 'https://thin-edge-io.eu-latest.cumulocity.com/inventory/binaries/12435463', 'action': 'install'}]", 'c8y_SoftwareUpdate': [{'name': 'rolldice', 'action': 'install', 'id': '5152439', 'version': '::apt', 'url': 'https://thin-edge-io.eu-latest.cumulocity.com/inventory/binaries/12435463'}]}
08:24:09 WARN  , retrying in 0.5 seconds...
08:24:10 WARN  , retrying in 0.5 seconds...
08:24:10 WARN  , retrying in 0.5 seconds...
08:24:11 WARN  , retrying in 0.5 seconds...
08:24:11 WARN  , retrying in 0.5 seconds...
08:24:12 WARN  , retrying in 0.5 seconds...
08:24:12 WARN  , retrying in 0.5 seconds...
08:24:13 WARN  , retrying in 0.5 seconds...
08:24:13 WARN  , retrying in 0.5 seconds...
08:24:14 WARN  AssertionError occurred while running test - 
Traceback (most recent call last):
  File "/home/pi/env-pysys/lib/python3.7/site-packages/pysys/baserunner.py", line 1294, in __call__
    self.testObj.execute()
  File "/home/pi/actions-runner/_work/thin-edge.io/thin-edge.io/tests/PySys/software_management_end_to_end/sm_apt_install_download_path/run.py", line 83, in execute
    assert_install_in_download_path(install_directory=self.DOWNLOAD_DIR)
  File "/home/pi/env-pysys/lib/python3.7/site-packages/decorator.py", line 232, in fun
    return caller(func, *(extras + args), **kw)
  File "/home/pi/env-pysys/lib/python3.7/site-packages/retry/api.py", line 74, in retry_decorator
    logger)
  File "/home/pi/env-pysys/lib/python3.7/site-packages/retry/api.py", line 33, in __retry_internal
    return f()
  File "/home/pi/actions-runner/_work/thin-edge.io/thin-edge.io/tests/PySys/software_management_end_to_end/sm_apt_install_download_path/run.py", line 28, in assert_install_in_download_path
    assert "rolldice" in os.listdir(f"{install_directory}")
AssertionError
08:24:15 WARN  AssertionError: ... blocked 
08:24:15 INFO  
08:24:15 INFO  cleanup:
08:24:15 INFO  Executed sudo, exit status 0
08:24:16 INFO  Executed sudo, exit status 0
08:24:20 INFO  Executed sudo&lt;tedge_disconnect_c8y&gt;, exit status 0
08:24:20 INFO  Restarting mosquitto too frequently in the last 10 seconds. It was only up for 3 seconds
08:24:20 INFO  Delaying execution by 8 seconds
08:24:43 INFO  Executed sudo&lt;tedge_connect_c8y&gt;, exit status 0, duration 14 secs
08:24:47 INFO  Executed sudo&lt;tedge_disconnect_c8y&gt;, exit status 0
08:24:48 INFO  Executed systemctl&lt;serv_mapper5&gt;, exit status 3
08:24:48 INFO  
08:24:48 INFO  Test duration: 86.53 secs
08:24:48 INFO  Test final outcome:  BLOCKED
08:24:48 INFO  Test outcome reason: AssertionError:
08:24:48 INFO  
</system-out>
	</testcase>
</testsuite><testsuite name="SoftwareManagement.sm_apt_install_fail" tests="3" errors="0" failures="0" skipped="1" time="0"><testcase classname="PySysTest" name="SoftwareManagement.sm_apt_install_fail">
		<skipped message="SKIPPED: Testing the apt plugin is not supported on this platform.Use parameter -XmyPlatform='container' to enable it" />
		<system-out>07:31:26 INFO  ==============================================================
07:31:26 INFO  Id:    SoftwareManagement.sm_apt_install_fail
07:31:26 INFO  Dir:   software_management_end_to_end/
07:31:26 INFO  Title: Validate end to end behaviour for a failing installation
07:31:26 INFO  ==============================================================
07:31:26 INFO  Testing the apt plugin is not supported on this platform.Use parameter -XmyPlatform='container' to enable it ... skipped
07:31:26 WARN  Aborted test due to SKIPPED outcome
07:31:26 INFO  
07:31:26 INFO  Test duration: 0.03 secs
07:31:26 INFO  Test final outcome:  SKIPPED
07:31:26 INFO  Test outcome reason: Testing the apt plugin is not supported on this platform.Use parameter -XmyPlatform='container' to enable it
07:31:26 INFO  
</system-out>
	</testcase>
<testcase classname="PySysTest" name="SoftwareManagement.sm_apt_install_fail" />
<testcase classname="PySysTest" name="SoftwareManagement.sm_apt_install_fail" />
</testsuite><testsuite name="SoftwareManagement.sm_apt_install_remove" tests="3" errors="0" failures="0" skipped="1" time="0"><testcase classname="PySysTest" name="SoftwareManagement.sm_apt_install_remove">
		<skipped message="SKIPPED: Testing the apt plugin is not supported on this platform.Use parameter -XmyPlatform='container' to enable it" />
		<system-out>07:31:27 INFO  ==============================================================
07:31:27 INFO  Id:    SoftwareManagement.sm_apt_install_remove
07:31:27 INFO  Dir:   software_management_end_to_end/
07:31:27 INFO  Title: Validate end to end behaviour for the apt plugin for installation and removal of packages
07:31:27 INFO  ==============================================================
07:31:27 INFO  Testing the apt plugin is not supported on this platform.Use parameter -XmyPlatform='container' to enable it ... skipped
07:31:27 WARN  Aborted test due to SKIPPED outcome
07:31:27 INFO  
07:31:27 INFO  Test duration: 0.03 secs
07:31:27 INFO  Test final outcome:  SKIPPED
07:31:27 INFO  Test outcome reason: Testing the apt plugin is not supported on this platform.Use parameter -XmyPlatform='container' to enable it
07:31:27 INFO  
</system-out>
	</testcase>
<testcase classname="PySysTest" name="SoftwareManagement.sm_apt_install_remove" />
<testcase classname="PySysTest" name="SoftwareManagement.sm_apt_install_remove" />
</testsuite><testsuite name="SoftwareManagement.sm_apt_install_remove_default" tests="3" errors="0" failures="0" skipped="1" time="0"><testcase classname="PySysTest" name="SoftwareManagement.sm_apt_install_remove_default">
		<skipped message="SKIPPED: Testing the apt plugin is not supported on this platform.Use parameter -XmyPlatform='container' to enable it" />
		<system-out>07:31:27 INFO  ==============================================================
07:31:27 INFO  Id:    SoftwareManagement.sm_apt_install_remove_default
07:31:27 INFO  Dir:   software_management_end_to_end/
07:31:27 INFO  Title: Validate end to end behaviour for the default plugin for installation and removal of packages
07:31:27 INFO  ==============================================================
07:31:27 INFO  Testing the apt plugin is not supported on this platform.Use parameter -XmyPlatform='container' to enable it ... skipped
07:31:27 WARN  Aborted test due to SKIPPED outcome
07:31:27 INFO  
07:31:27 INFO  Test duration: 0.03 secs
07:31:27 INFO  Test final outcome:  SKIPPED
07:31:27 INFO  Test outcome reason: Testing the apt plugin is not supported on this platform.Use parameter -XmyPlatform='container' to enable it
07:31:27 INFO  
</system-out>
	</testcase>
<testcase classname="PySysTest" name="SoftwareManagement.sm_apt_install_remove_default" />
<testcase classname="PySysTest" name="SoftwareManagement.sm_apt_install_remove_default" />
</testsuite><testsuite name="SoftwareManagement.sm_apt_install_remove_multiple" tests="3" errors="0" failures="2" skipped="1" time="0"><testcase classname="PySysTest" name="SoftwareManagement.sm_apt_install_remove_multiple">
		<skipped message="SKIPPED: Testing the apt plugin is not supported on this platform.Use parameter -XmyPlatform='container' to enable it" />
		<system-out>07:31:27 INFO  ==============================================================
07:31:27 INFO  Id:    SoftwareManagement.sm_apt_install_remove_multiple
07:31:27 INFO  Dir:   software_management_end_to_end/
07:31:27 INFO  Title: Validate end to end behaviour for the apt plugin for multiple packages
07:31:27 INFO  ==============================================================
07:31:27 INFO  Testing the apt plugin is not supported on this platform.Use parameter -XmyPlatform='container' to enable it ... skipped
07:31:27 WARN  Aborted test due to SKIPPED outcome
07:31:27 INFO  
07:31:27 INFO  Test duration: 0.03 secs
07:31:27 INFO  Test final outcome:  SKIPPED
07:31:27 INFO  Test outcome reason: Testing the apt plugin is not supported on this platform.Use parameter -XmyPlatform='container' to enable it
07:31:27 INFO  
</system-out>
	</testcase>
<testcase classname="PySysTest" name="SoftwareManagement.sm_apt_install_remove_multiple">
		<failure message="FAILED: Assert that (False == value) with value=True" type="FAILED" />
		<system-out>08:04:39 INFO  ==============================================================
08:04:39 INFO  Id:    SoftwareManagement.sm_apt_install_remove_multiple
08:04:39 INFO  Dir:   software_management_end_to_end/
08:04:39 INFO  Title: Validate end to end behaviour for the apt plugin for multiple packages
08:04:39 INFO  ==============================================================
08:04:39 INFO  Using sw id database: {'asciijump': '5475369', 'robotfindskitten': '5474869', 'squirrel3': '5475279', 'rolldice': '5152439', 'moon-buggy': '5439204', 'apple': '5495053', 'banana': '5494888', 'cherry': '5495382', 'watermelon': '5494510', 'registry': '8018911', 'hello-world': '8021526', 'docker/getting-started': '8021973', 'alpine': '7991792'}
08:04:39 INFO  EnvironmentC8y Setup
08:04:40 INFO  Executed systemctl&lt;serv_mapper1&gt;, exit status 3
08:04:40 INFO  Restarting mosquitto too frequently in the last 10 seconds. It was only up for 5 seconds
08:04:40 INFO  Delaying execution by 6 seconds
08:05:00 INFO  Executed sudo&lt;tedge_connect_c8y&gt;, exit status 0, duration 14 secs
08:05:01 INFO  Executed sudo&lt;tedge_connect_c8y_test&gt;, exit status 0
08:05:01 INFO  Executed systemctl&lt;serv_mosq2&gt;, exit status 0
08:05:02 INFO  Executed systemctl&lt;serv_mapper3&gt;, exit status 0
08:05:04 INFO  State of current operation: SUCCESSFUL
08:05:04 INFO  Assert that (False == value) with value=False ... passed
08:05:04 INFO  Assert that (False == value) with value=False ... passed
08:05:04 INFO  Assert that (False == value) with value=False ... passed
08:05:05 INFO  Package robotfindskitten is installed
08:05:05 WARN  Assert that (False == value) with value=True ... failed 
08:05:05 INFO  Response status: 201
08:05:05 INFO  Response to action: {
    "creationTime": "2022-05-16T08:05:05.382Z",
    "deviceId": "19103173",
    "deviceName": "mythicc",
    "self": "https://t493319102.eu-latest.cumulocity.com/devicecontrol/operations/19118998",
    "id": "19118998",
    "status": "PENDING",
    "description": "Apply software changes, triggered from PySys: [{'action': 'install', 'id': '5475369', 'name': 'asciijump', 'url': ' ', 'version': '::apt'}, {'action': 'install', 'id': '5474869', 'name': 'robotfindskitten', 'url': ' ', 'version': '::apt'}, {'action': 'install', 'id': '5475279', 'name': 'squirrel3', 'url': ' ', 'version': '::apt'}]",
    "c8y_SoftwareUpdate": [
        {
            "name": "asciijump",
            "action": "install",
            "id": "5475369",
            "version": "::apt",
            "url": " "
        },
        {
            "name": "robotfindskitten",
            "action": "install",
            "id": "5474869",
            "version": "::apt",
            "url": " "
        },
        {
            "name": "squirrel3",
            "action": "install",
            "id": "5475279",
            "version": "::apt",
            "url": " "
        }
    ]
}
08:05:05 INFO  Started operation: {'creationTime': '2022-05-16T08:05:05.382Z', 'deviceId': '19103173', 'deviceName': 'mythicc', 'self': 'https://t493319102.eu-latest.cumulocity.com/devicecontrol/operations/19118998', 'id': '19118998', 'status': 'PENDING', 'description': "Apply software changes, triggered from PySys: [{'action': 'install', 'id': '5475369', 'name': 'asciijump', 'url': ' ', 'version': '::apt'}, {'action': 'install', 'id': '5474869', 'name': 'robotfindskitten', 'url': ' ', 'version': '::apt'}, {'action': 'install', 'id': '5475279', 'name': 'squirrel3', 'url': ' ', 'version': '::apt'}]", 'c8y_SoftwareUpdate': [{'name': 'asciijump', 'action': 'install', 'id': '5475369', 'version': '::apt', 'url': ' '}, {'name': 'robotfindskitten', 'action': 'install', 'id': '5474869', 'version': '::apt', 'url': ' '}, {'name': 'squirrel3', 'action': 'install', 'id': '5475279', 'version': '::apt', 'url': ' '}]}
08:05:07 INFO  State of operation 19118998 : PENDING
08:05:09 INFO  State of operation 19118998 : EXECUTING
08:05:12 INFO  State of operation 19118998 : EXECUTING
08:05:14 INFO  State of operation 19118998 : EXECUTING
08:05:16 INFO  State of operation 19118998 : EXECUTING
08:05:18 INFO  State of operation 19118998 : EXECUTING
08:05:21 INFO  State of operation 19118998 : EXECUTING
08:05:24 INFO  State of operation 19118998 : EXECUTING
08:05:26 INFO  State of operation 19118998 : EXECUTING
08:05:28 INFO  State of operation 19118998 : EXECUTING
08:05:31 INFO  State of operation 19118998 : EXECUTING
08:05:33 INFO  State of operation 19118998 : EXECUTING
08:05:35 INFO  State of operation 19118998 : EXECUTING
08:05:38 INFO  State of operation 19118998 : EXECUTING
08:05:40 INFO  State of operation 19118998 : EXECUTING
08:05:42 INFO  State of operation 19118998 : EXECUTING
08:05:44 INFO  State of operation 19118998 : EXECUTING
08:05:47 INFO  State of operation 19118998 : EXECUTING
08:05:49 INFO  State of operation 19118998 : EXECUTING
08:05:52 INFO  State of operation 19118998 : EXECUTING
08:05:54 INFO  State of operation 19118998 : EXECUTING
08:05:56 INFO  State of operation 19118998 : EXECUTING
08:05:59 INFO  State of operation 19118998 : EXECUTING
08:06:01 INFO  State of operation 19118998 : EXECUTING
08:06:04 INFO  State of operation 19118998 : EXECUTING
08:06:06 INFO  State of operation 19118998 : EXECUTING
08:06:08 INFO  State of operation 19118998 : EXECUTING
08:06:11 INFO  State of operation 19118998 : EXECUTING
08:06:13 INFO  State of operation 19118998 : EXECUTING
08:06:15 INFO  State of operation 19118998 : EXECUTING
08:06:17 INFO  State of operation 19118998 : EXECUTING
08:06:20 INFO  State of operation 19118998 : EXECUTING
08:06:22 INFO  State of operation 19118998 : EXECUTING
08:06:24 INFO  State of operation 19118998 : EXECUTING
08:06:27 INFO  State of operation 19118998 : EXECUTING
08:06:29 INFO  State of operation 19118998 : SUCCESSFUL
08:06:29 INFO  Assert that (False == value) with value=False ... passed
08:06:29 INFO  Package asciijump is installed
08:06:29 INFO  Assert that (True == value) with value=True ... passed
08:06:30 INFO  Package squirrel3 is installed
08:06:30 INFO  Assert that (True == value) with value=True ... passed
08:06:30 INFO  Package robotfindskitten is installed
08:06:30 INFO  Assert that (True == value) with value=True ... passed
08:06:30 INFO  Response status: 201
08:06:30 INFO  Response to action: {
    "creationTime": "2022-05-16T08:06:30.518Z",
    "deviceId": "19103173",
    "deviceName": "mythicc",
    "self": "https://t493319102.eu-latest.cumulocity.com/devicecontrol/operations/19119014",
    "id": "19119014",
    "status": "PENDING",
    "description": "Apply software changes, triggered from PySys: [{'action': 'delete', 'id': '5475369', 'name': 'asciijump', 'url': ' ', 'version': '::apt'}, {'action': 'delete', 'id': '5474869', 'name': 'robotfindskitten', 'url': ' ', 'version': '::apt'}, {'action': 'delete', 'id': '5475279', 'name': 'squirrel3', 'url': ' ', 'version': '::apt'}]",
    "c8y_SoftwareUpdate": [
        {
            "name": "asciijump",
            "action": "delete",
            "id": "5475369",
            "version": "::apt",
            "url": " "
        },
        {
            "name": "robotfindskitten",
            "action": "delete",
            "id": "5474869",
            "version": "::apt",
            "url": " "
        },
        {
            "name": "squirrel3",
            "action": "delete",
            "id": "5475279",
            "version": "::apt",
            "url": " "
        }
    ]
}
08:06:30 INFO  Started operation: {'creationTime': '2022-05-16T08:06:30.518Z', 'deviceId': '19103173', 'deviceName': 'mythicc', 'self': 'https://t493319102.eu-latest.cumulocity.com/devicecontrol/operations/19119014', 'id': '19119014', 'status': 'PENDING', 'description': "Apply software changes, triggered from PySys: [{'action': 'delete', 'id': '5475369', 'name': 'asciijump', 'url': ' ', 'version': '::apt'}, {'action': 'delete', 'id': '5474869', 'name': 'robotfindskitten', 'url': ' ', 'version': '::apt'}, {'action': 'delete', 'id': '5475279', 'name': 'squirrel3', 'url': ' ', 'version': '::apt'}]", 'c8y_SoftwareUpdate': [{'name': 'asciijump', 'action': 'delete', 'id': '5475369', 'version': '::apt', 'url': ' '}, {'name': 'robotfindskitten', 'action': 'delete', 'id': '5474869', 'version': '::apt', 'url': ' '}, {'name': 'squirrel3', 'action': 'delete', 'id': '5475279', 'version': '::apt', 'url': ' '}]}
08:06:32 INFO  State of operation 19119014 : PENDING
08:06:35 INFO  State of operation 19119014 : EXECUTING
08:06:37 INFO  State of operation 19119014 : EXECUTING
08:06:39 INFO  State of operation 19119014 : EXECUTING
08:06:41 INFO  State of operation 19119014 : EXECUTING
08:06:43 INFO  State of operation 19119014 : EXECUTING
08:06:46 INFO  State of operation 19119014 : EXECUTING
08:06:49 INFO  State of operation 19119014 : EXECUTING
08:06:51 INFO  State of operation 19119014 : EXECUTING
08:06:53 INFO  State of operation 19119014 : EXECUTING
08:06:56 INFO  State of operation 19119014 : EXECUTING
08:06:58 INFO  State of operation 19119014 : EXECUTING
08:07:00 INFO  State of operation 19119014 : EXECUTING
08:07:02 INFO  State of operation 19119014 : EXECUTING
08:07:05 INFO  State of operation 19119014 : EXECUTING
08:07:07 INFO  State of operation 19119014 : EXECUTING
08:07:09 INFO  State of operation 19119014 : EXECUTING
08:07:12 INFO  State of operation 19119014 : EXECUTING
08:07:14 INFO  State of operation 19119014 : EXECUTING
08:07:17 INFO  State of operation 19119014 : EXECUTING
08:07:19 INFO  State of operation 19119014 : EXECUTING
08:07:21 INFO  State of operation 19119014 : EXECUTING
08:07:24 INFO  State of operation 19119014 : EXECUTING
08:07:26 INFO  State of operation 19119014 : EXECUTING
08:07:28 INFO  State of operation 19119014 : EXECUTING
08:07:31 INFO  State of operation 19119014 : EXECUTING
08:07:33 INFO  State of operation 19119014 : EXECUTING
08:07:36 INFO  State of operation 19119014 : EXECUTING
08:07:38 INFO  State of operation 19119014 : SUCCESSFUL
08:07:38 INFO  Assert that (False == value) with value=False ... passed
08:07:38 INFO  Assert that (False == value) with value=False ... passed
08:07:39 INFO  Assert that (False == value) with value=False ... passed
08:07:39 INFO  Assert that (False == value) with value=False ... passed
08:07:39 INFO  
08:07:39 INFO  cleanup:
08:07:44 INFO  Executed sudo&lt;tedge_disconnect_c8y&gt;, exit status 0
08:07:44 INFO  Executed systemctl&lt;serv_mapper5&gt;, exit status 3
08:07:44 INFO  
08:07:44 INFO  Test duration: 185.08 secs
08:07:44 INFO  Test final outcome:  FAILED
08:07:44 INFO  Test outcome reason: Assert that (False == value) with value=True
08:07:44 INFO  
</system-out>
	</testcase>
<testcase classname="PySysTest" name="SoftwareManagement.sm_apt_install_remove_multiple">
		<failure message="FAILED: Assert that (False == value) with value=True (+2 other failures)" type="FAILED" />
		<system-out>08:31:28 INFO  ==============================================================
08:31:28 INFO  Id:    SoftwareManagement.sm_apt_install_remove_multiple
08:31:28 INFO  Dir:   software_management_end_to_end/
08:31:28 INFO  Title: Validate end to end behaviour for the apt plugin for multiple packages
08:31:28 INFO  ==============================================================
08:31:28 INFO  Using sw id database: {'asciijump': '5475369', 'robotfindskitten': '5474869', 'squirrel3': '5475279', 'rolldice': '5152439', 'moon-buggy': '5439204', 'apple': '5495053', 'banana': '5494888', 'cherry': '5495382', 'watermelon': '5494510', 'registry': '8018911', 'hello-world': '8021526', 'docker/getting-started': '8021973', 'alpine': '7991792'}
08:31:28 INFO  EnvironmentC8y Setup
08:31:28 INFO  Executed systemctl&lt;serv_mapper1&gt;, exit status 3
08:31:28 INFO  Restarting mosquitto too frequently in the last 10 seconds. It was only up for 5 seconds
08:31:28 INFO  Delaying execution by 6 seconds
08:31:49 INFO  Executed sudo&lt;tedge_connect_c8y&gt;, exit status 0, duration 14 secs
08:31:49 INFO  Executed sudo&lt;tedge_connect_c8y_test&gt;, exit status 0
08:31:50 INFO  Executed systemctl&lt;serv_mosq2&gt;, exit status 0
08:31:50 INFO  Executed systemctl&lt;serv_mapper3&gt;, exit status 0
08:31:53 INFO  State of current operation: SUCCESSFUL
08:31:53 INFO  Assert that (False == value) with value=False ... passed
08:31:53 INFO  Package asciijump is installed
08:31:53 WARN  Assert that (False == value) with value=True ... failed 
08:31:53 INFO  Package squirrel3 is installed
08:31:53 WARN  Assert that (False == value) with value=True ... failed 
08:31:54 INFO  Package robotfindskitten is installed
08:31:54 WARN  Assert that (False == value) with value=True ... failed 
08:31:54 INFO  Response status: 201
08:31:54 INFO  Response to action: {
    "creationTime": "2022-05-16T08:31:54.394Z",
    "deviceId": "19103173",
    "deviceName": "mythicc",
    "self": "https://t493319102.eu-latest.cumulocity.com/devicecontrol/operations/19133199",
    "id": "19133199",
    "status": "PENDING",
    "description": "Apply software changes, triggered from PySys: [{'action': 'install', 'id': '5475369', 'name': 'asciijump', 'url': ' ', 'version': '::apt'}, {'action': 'install', 'id': '5474869', 'name': 'robotfindskitten', 'url': ' ', 'version': '::apt'}, {'action': 'install', 'id': '5475279', 'name': 'squirrel3', 'url': ' ', 'version': '::apt'}]",
    "c8y_SoftwareUpdate": [
        {
            "name": "asciijump",
            "action": "install",
            "id": "5475369",
            "version": "::apt",
            "url": " "
        },
        {
            "name": "robotfindskitten",
            "action": "install",
            "id": "5474869",
            "version": "::apt",
            "url": " "
        },
        {
            "name": "squirrel3",
            "action": "install",
            "id": "5475279",
            "version": "::apt",
            "url": " "
        }
    ]
}
08:31:54 INFO  Started operation: {'creationTime': '2022-05-16T08:31:54.394Z', 'deviceId': '19103173', 'deviceName': 'mythicc', 'self': 'https://t493319102.eu-latest.cumulocity.com/devicecontrol/operations/19133199', 'id': '19133199', 'status': 'PENDING', 'description': "Apply software changes, triggered from PySys: [{'action': 'install', 'id': '5475369', 'name': 'asciijump', 'url': ' ', 'version': '::apt'}, {'action': 'install', 'id': '5474869', 'name': 'robotfindskitten', 'url': ' ', 'version': '::apt'}, {'action': 'install', 'id': '5475279', 'name': 'squirrel3', 'url': ' ', 'version': '::apt'}]", 'c8y_SoftwareUpdate': [{'name': 'asciijump', 'action': 'install', 'id': '5475369', 'version': '::apt', 'url': ' '}, {'name': 'robotfindskitten', 'action': 'install', 'id': '5474869', 'version': '::apt', 'url': ' '}, {'name': 'squirrel3', 'action': 'install', 'id': '5475279', 'version': '::apt', 'url': ' '}]}
08:31:56 INFO  State of operation 19133199 : PENDING
08:31:58 INFO  State of operation 19133199 : EXECUTING
08:32:01 INFO  State of operation 19133199 : EXECUTING
08:32:03 INFO  State of operation 19133199 : EXECUTING
08:32:05 INFO  State of operation 19133199 : EXECUTING
08:32:07 INFO  State of operation 19133199 : EXECUTING
08:32:10 INFO  State of operation 19133199 : EXECUTING
08:32:13 INFO  State of operation 19133199 : EXECUTING
08:32:15 INFO  State of operation 19133199 : EXECUTING
08:32:18 INFO  State of operation 19133199 : EXECUTING
08:32:20 INFO  State of operation 19133199 : EXECUTING
08:32:22 INFO  State of operation 19133199 : EXECUTING
08:32:24 INFO  State of operation 19133199 : EXECUTING
08:32:27 INFO  State of operation 19133199 : EXECUTING
08:32:29 INFO  State of operation 19133199 : EXECUTING
08:32:31 INFO  State of operation 19133199 : EXECUTING
08:32:33 INFO  State of operation 19133199 : SUCCESSFUL
08:32:33 INFO  Assert that (False == value) with value=False ... passed
08:32:34 INFO  Package asciijump is installed
08:32:34 INFO  Assert that (True == value) with value=True ... passed
08:32:34 INFO  Package squirrel3 is installed
08:32:34 INFO  Assert that (True == value) with value=True ... passed
08:32:34 INFO  Package robotfindskitten is installed
08:32:34 INFO  Assert that (True == value) with value=True ... passed
08:32:34 INFO  Response status: 201
08:32:34 INFO  Response to action: {
    "creationTime": "2022-05-16T08:32:34.811Z",
    "deviceId": "19103173",
    "deviceName": "mythicc",
    "self": "https://t493319102.eu-latest.cumulocity.com/devicecontrol/operations/19133216",
    "id": "19133216",
    "status": "PENDING",
    "description": "Apply software changes, triggered from PySys: [{'action': 'delete', 'id': '5475369', 'name': 'asciijump', 'url': ' ', 'version': '::apt'}, {'action': 'delete', 'id': '5474869', 'name': 'robotfindskitten', 'url': ' ', 'version': '::apt'}, {'action': 'delete', 'id': '5475279', 'name': 'squirrel3', 'url': ' ', 'version': '::apt'}]",
    "c8y_SoftwareUpdate": [
        {
            "name": "asciijump",
            "action": "delete",
            "id": "5475369",
            "version": "::apt",
            "url": " "
        },
        {
            "name": "robotfindskitten",
            "action": "delete",
            "id": "5474869",
            "version": "::apt",
            "url": " "
        },
        {
            "name": "squirrel3",
            "action": "delete",
            "id": "5475279",
            "version": "::apt",
            "url": " "
        }
    ]
}
08:32:34 INFO  Started operation: {'creationTime': '2022-05-16T08:32:34.811Z', 'deviceId': '19103173', 'deviceName': 'mythicc', 'self': 'https://t493319102.eu-latest.cumulocity.com/devicecontrol/operations/19133216', 'id': '19133216', 'status': 'PENDING', 'description': "Apply software changes, triggered from PySys: [{'action': 'delete', 'id': '5475369', 'name': 'asciijump', 'url': ' ', 'version': '::apt'}, {'action': 'delete', 'id': '5474869', 'name': 'robotfindskitten', 'url': ' ', 'version': '::apt'}, {'action': 'delete', 'id': '5475279', 'name': 'squirrel3', 'url': ' ', 'version': '::apt'}]", 'c8y_SoftwareUpdate': [{'name': 'asciijump', 'action': 'delete', 'id': '5475369', 'version': '::apt', 'url': ' '}, {'name': 'robotfindskitten', 'action': 'delete', 'id': '5474869', 'version': '::apt', 'url': ' '}, {'name': 'squirrel3', 'action': 'delete', 'id': '5475279', 'version': '::apt', 'url': ' '}]}
08:32:37 INFO  State of operation 19133216 : PENDING
08:32:39 INFO  State of operation 19133216 : EXECUTING
08:32:41 INFO  State of operation 19133216 : EXECUTING
08:32:44 INFO  State of operation 19133216 : EXECUTING
08:32:46 INFO  State of operation 19133216 : EXECUTING
08:32:48 INFO  State of operation 19133216 : EXECUTING
08:32:51 INFO  State of operation 19133216 : EXECUTING
08:32:54 INFO  State of operation 19133216 : EXECUTING
08:32:56 INFO  State of operation 19133216 : EXECUTING
08:32:58 INFO  State of operation 19133216 : EXECUTING
08:33:00 INFO  State of operation 19133216 : EXECUTING
08:33:03 INFO  State of operation 19133216 : EXECUTING
08:33:05 INFO  State of operation 19133216 : EXECUTING
08:33:07 INFO  State of operation 19133216 : EXECUTING
08:33:09 INFO  State of operation 19133216 : EXECUTING
08:33:12 INFO  State of operation 19133216 : EXECUTING
08:33:14 INFO  State of operation 19133216 : EXECUTING
08:33:16 INFO  State of operation 19133216 : EXECUTING
08:33:20 INFO  State of operation 19133216 : EXECUTING
08:33:22 INFO  State of operation 19133216 : EXECUTING
08:33:24 INFO  State of operation 19133216 : EXECUTING
08:33:27 INFO  State of operation 19133216 : EXECUTING
08:33:29 INFO  State of operation 19133216 : EXECUTING
08:33:31 INFO  State of operation 19133216 : EXECUTING
08:33:33 INFO  State of operation 19133216 : EXECUTING
08:33:36 INFO  State of operation 19133216 : EXECUTING
08:33:38 INFO  State of operation 19133216 : EXECUTING
08:33:41 INFO  State of operation 19133216 : EXECUTING
08:33:43 INFO  State of operation 19133216 : EXECUTING
08:33:45 INFO  State of operation 19133216 : SUCCESSFUL
08:33:45 INFO  Assert that (False == value) with value=False ... passed
08:33:46 INFO  Assert that (False == value) with value=False ... passed
08:33:46 INFO  Assert that (False == value) with value=False ... passed
08:33:46 INFO  Assert that (False == value) with value=False ... passed
08:33:46 INFO  
08:33:46 INFO  cleanup:
08:33:50 INFO  Executed sudo&lt;tedge_disconnect_c8y&gt;, exit status 0
08:33:51 INFO  Executed systemctl&lt;serv_mapper5&gt;, exit status 3
08:33:51 INFO  
08:33:51 INFO  Test duration: 143.00 secs
08:33:51 INFO  Test final outcome:  FAILED
08:33:51 INFO  Test outcome reason: Assert that (False == value) with value=True (+2 other failures)
08:33:51 INFO  
</system-out>
	</testcase>
</testsuite><testsuite name="SoftwareManagement.sm_apt_install_remove_multiple_mixed" tests="3" errors="0" failures="2" skipped="1" time="0"><testcase classname="PySysTest" name="SoftwareManagement.sm_apt_install_remove_multiple_mixed">
		<skipped message="SKIPPED: Testing the apt plugin is not supported on this platform.Use parameter -XmyPlatform='container' to enable it" />
		<system-out>07:31:27 INFO  ==============================================================
07:31:27 INFO  Id:    SoftwareManagement.sm_apt_install_remove_multiple_mixed
07:31:27 INFO  Dir:   software_management_end_to_end/
07:31:27 INFO  Title: Validate end to end behaviour for the apt plugin for multiple packages with mixed versions
07:31:27 INFO  ==============================================================
07:31:27 INFO  Testing the apt plugin is not supported on this platform.Use parameter -XmyPlatform='container' to enable it ... skipped
07:31:27 WARN  Aborted test due to SKIPPED outcome
07:31:27 INFO  
07:31:27 INFO  Test duration: 0.02 secs
07:31:27 INFO  Test final outcome:  SKIPPED
07:31:27 INFO  Test outcome reason: Testing the apt plugin is not supported on this platform.Use parameter -XmyPlatform='container' to enable it
07:31:27 INFO  
</system-out>
	</testcase>
<testcase classname="PySysTest" name="SoftwareManagement.sm_apt_install_remove_multiple_mixed">
		<failure message="BLOCKED: SystemError: Timeout while waiting for status SUCCESSFUL or False" type="BLOCKED" />
		<system-out>08:07:44 INFO  ==============================================================
08:07:44 INFO  Id:    SoftwareManagement.sm_apt_install_remove_multiple_mixed
08:07:44 INFO  Dir:   software_management_end_to_end/
08:07:44 INFO  Title: Validate end to end behaviour for the apt plugin for multiple packages with mixed versions
08:07:44 INFO  ==============================================================
08:07:44 INFO  Using sw id database: {'asciijump': '5475369', 'robotfindskitten': '5474869', 'squirrel3': '5475279', 'rolldice': '5152439', 'moon-buggy': '5439204', 'apple': '5495053', 'banana': '5494888', 'cherry': '5495382', 'watermelon': '5494510', 'registry': '8018911', 'hello-world': '8021526', 'docker/getting-started': '8021973', 'alpine': '7991792'}
08:07:44 INFO  EnvironmentC8y Setup
08:07:45 INFO  Executed systemctl&lt;serv_mapper1&gt;, exit status 3
08:07:45 INFO  Restarting mosquitto too frequently in the last 10 seconds. It was only up for 5 seconds
08:07:45 INFO  Delaying execution by 6 seconds
08:08:05 INFO  Executed sudo&lt;tedge_connect_c8y&gt;, exit status 0, duration 13 secs
08:08:05 INFO  Executed sudo&lt;tedge_connect_c8y_test&gt;, exit status 0
08:08:06 INFO  Executed systemctl&lt;serv_mosq2&gt;, exit status 0
08:08:06 INFO  Executed systemctl&lt;serv_mapper3&gt;, exit status 0
08:08:09 INFO  State of current operation: SUCCESSFUL
08:08:09 INFO  Assert that (False == value) with value=False ... passed
08:08:09 INFO  Assert that (False == value) with value=False ... passed
08:08:09 INFO  Assert that (False == value) with value=False ... passed
08:08:09 INFO  Assert that (False == value) with value=False ... passed
08:08:10 INFO  Assert that (False == value) with value=False ... passed
08:08:11 INFO  Response status: 201
08:08:11 INFO  Response to action: {
    "creationTime": "2022-05-16T08:08:11.304Z",
    "deviceId": "19103173",
    "deviceName": "mythicc",
    "self": "https://t493319102.eu-latest.cumulocity.com/devicecontrol/operations/19119027",
    "id": "19119027",
    "status": "PENDING",
    "description": "Apply software changes, triggered from PySys: [{'action': 'install', 'id': '5475369', 'name': 'asciijump', 'url': ' ', 'version': '::apt'}, {'action': 'install', 'id': '5474869', 'name': 'robotfindskitten', 'url': ' ', 'version': ' '}, {'action': 'install', 'id': '5475279', 'name': 'squirrel3', 'url': ' ', 'version': '3.1-7::apt'}, {'action': 'install', 'id': '5152439', 'name': 'rolldice', 'url': ' ', 'version': '1.16-1+b1'}, {'action': 'install', 'id': '5439204', 'name': 'moon-buggy', 'url': ' ', 'version': '1:1.0.51-12'}, {'action': 'install', 'id': '5475369', 'name': 'asciijump', 'url': ' ', 'version': '::apt'}]",
    "c8y_SoftwareUpdate": [
        {
            "name": "asciijump",
            "action": "install",
            "id": "5475369",
            "version": "::apt",
            "url": " "
        },
        {
            "name": "robotfindskitten",
            "action": "install",
            "id": "5474869",
            "version": " ",
            "url": " "
        },
        {
            "name": "squirrel3",
            "action": "install",
            "id": "5475279",
            "version": "3.1-7::apt",
            "url": " "
        },
        {
            "name": "rolldice",
            "action": "install",
            "id": "5152439",
            "version": "1.16-1+b1",
            "url": " "
        },
        {
            "name": "moon-buggy",
            "action": "install",
            "id": "5439204",
            "version": "1:1.0.51-12",
            "url": " "
        },
        {
            "name": "asciijump",
            "action": "install",
            "id": "5475369",
            "version": "::apt",
            "url": " "
        }
    ]
}
08:08:11 INFO  Started operation: {'creationTime': '2022-05-16T08:08:11.304Z', 'deviceId': '19103173', 'deviceName': 'mythicc', 'self': 'https://t493319102.eu-latest.cumulocity.com/devicecontrol/operations/19119027', 'id': '19119027', 'status': 'PENDING', 'description': "Apply software changes, triggered from PySys: [{'action': 'install', 'id': '5475369', 'name': 'asciijump', 'url': ' ', 'version': '::apt'}, {'action': 'install', 'id': '5474869', 'name': 'robotfindskitten', 'url': ' ', 'version': ' '}, {'action': 'install', 'id': '5475279', 'name': 'squirrel3', 'url': ' ', 'version': '3.1-7::apt'}, {'action': 'install', 'id': '5152439', 'name': 'rolldice', 'url': ' ', 'version': '1.16-1+b1'}, {'action': 'install', 'id': '5439204', 'name': 'moon-buggy', 'url': ' ', 'version': '1:1.0.51-12'}, {'action': 'install', 'id': '5475369', 'name': 'asciijump', 'url': ' ', 'version': '::apt'}]", 'c8y_SoftwareUpdate': [{'name': 'asciijump', 'action': 'install', 'id': '5475369', 'version': '::apt', 'url': ' '}, {'name': 'robotfindskitten', 'action': 'install', 'id': '5474869', 'version': ' ', 'url': ' '}, {'name': 'squirrel3', 'action': 'install', 'id': '5475279', 'version': '3.1-7::apt', 'url': ' '}, {'name': 'rolldice', 'action': 'install', 'id': '5152439', 'version': '1.16-1+b1', 'url': ' '}, {'name': 'moon-buggy', 'action': 'install', 'id': '5439204', 'version': '1:1.0.51-12', 'url': ' '}, {'name': 'asciijump', 'action': 'install', 'id': '5475369', 'version': '::apt', 'url': ' '}]}
08:08:13 INFO  State of operation 19119027 : PENDING
08:08:15 INFO  State of operation 19119027 : EXECUTING
08:08:18 INFO  State of operation 19119027 : EXECUTING
08:08:20 INFO  State of operation 19119027 : EXECUTING
08:08:22 INFO  State of operation 19119027 : EXECUTING
08:08:24 INFO  State of operation 19119027 : EXECUTING
08:08:27 INFO  State of operation 19119027 : EXECUTING
08:08:30 INFO  State of operation 19119027 : EXECUTING
08:08:33 INFO  State of operation 19119027 : EXECUTING
08:08:35 INFO  State of operation 19119027 : EXECUTING
08:08:37 INFO  State of operation 19119027 : EXECUTING
08:08:39 INFO  State of operation 19119027 : EXECUTING
08:08:42 INFO  State of operation 19119027 : EXECUTING
08:08:44 INFO  State of operation 19119027 : EXECUTING
08:08:46 INFO  State of operation 19119027 : EXECUTING
08:08:48 INFO  State of operation 19119027 : EXECUTING
08:08:51 INFO  State of operation 19119027 : EXECUTING
08:08:53 INFO  State of operation 19119027 : EXECUTING
08:08:56 INFO  State of operation 19119027 : EXECUTING
08:08:58 INFO  State of operation 19119027 : EXECUTING
08:09:00 INFO  State of operation 19119027 : EXECUTING
08:09:02 INFO  State of operation 19119027 : EXECUTING
08:09:05 INFO  State of operation 19119027 : EXECUTING
08:09:07 INFO  State of operation 19119027 : EXECUTING
08:09:10 INFO  State of operation 19119027 : EXECUTING
08:09:12 INFO  State of operation 19119027 : EXECUTING
08:09:15 INFO  State of operation 19119027 : EXECUTING
08:09:17 INFO  State of operation 19119027 : EXECUTING
08:09:19 INFO  State of operation 19119027 : EXECUTING
08:09:22 INFO  State of operation 19119027 : EXECUTING
08:09:24 INFO  State of operation 19119027 : EXECUTING
08:09:27 INFO  State of operation 19119027 : EXECUTING
08:09:29 INFO  State of operation 19119027 : EXECUTING
08:09:31 INFO  State of operation 19119027 : EXECUTING
08:09:33 INFO  State of operation 19119027 : EXECUTING
08:09:36 INFO  State of operation 19119027 : EXECUTING
08:09:38 INFO  State of operation 19119027 : EXECUTING
08:09:40 INFO  State of operation 19119027 : EXECUTING
08:09:43 INFO  State of operation 19119027 : EXECUTING
08:09:45 INFO  State of operation 19119027 : EXECUTING
08:09:48 INFO  State of operation 19119027 : EXECUTING
08:09:50 INFO  State of operation 19119027 : EXECUTING
08:09:52 INFO  State of operation 19119027 : EXECUTING
08:09:54 INFO  State of operation 19119027 : EXECUTING
08:09:57 INFO  State of operation 19119027 : EXECUTING
08:09:59 INFO  State of operation 19119027 : EXECUTING
08:10:01 INFO  State of operation 19119027 : EXECUTING
08:10:04 INFO  State of operation 19119027 : EXECUTING
08:10:06 INFO  State of operation 19119027 : EXECUTING
08:10:08 INFO  State of operation 19119027 : EXECUTING
08:10:10 INFO  State of operation 19119027 : EXECUTING
08:10:13 INFO  State of operation 19119027 : EXECUTING
08:10:16 INFO  State of operation 19119027 : EXECUTING
08:10:18 INFO  State of operation 19119027 : EXECUTING
08:10:20 INFO  State of operation 19119027 : EXECUTING
08:10:22 INFO  State of operation 19119027 : EXECUTING
08:10:25 INFO  State of operation 19119027 : EXECUTING
08:10:27 INFO  State of operation 19119027 : EXECUTING
08:10:30 INFO  State of operation 19119027 : EXECUTING
08:10:32 INFO  State of operation 19119027 : EXECUTING
08:10:34 INFO  State of operation 19119027 : EXECUTING
08:10:36 WARN  SystemError occurred while running test - Timeout while waiting for status SUCCESSFUL or False
Traceback (most recent call last):
  File "/home/pi/env-pysys/lib/python3.7/site-packages/pysys/baserunner.py", line 1294, in __call__
    self.testObj.execute()
  File "/home/pi/actions-runner/_work/thin-edge.io/thin-edge.io/tests/PySys/software_management_end_to_end/sm_apt_install_remove_multiple_mixed/run.py", line 89, in execute
    self.wait_until_succcess()
  File "/home/pi/actions-runner/_work/thin-edge.io/thin-edge.io/tests/PySys/software_management_end_to_end/environment_sm_management.py", line 324, in wait_until_succcess
    self.wait_until_status("SUCCESSFUL")
  File "/home/pi/actions-runner/_work/thin-edge.io/thin-edge.io/tests/PySys/software_management_end_to_end/environment_sm_management.py", line 381, in wait_until_status
    "Timeout while waiting for status %s or %s" % (status, status2)
SystemError: Timeout while waiting for status SUCCESSFUL or False
08:10:36 WARN  SystemError: Timeout while waiting for status SUCCESSFUL or False ... blocked 
08:10:36 INFO  
08:10:36 INFO  cleanup:
08:10:42 INFO  Executed sudo&lt;tedge_disconnect_c8y&gt;, exit status 0
08:10:42 INFO  Executed systemctl&lt;serv_mapper5&gt;, exit status 3
08:10:42 INFO  
08:10:42 INFO  Test duration: 177.87 secs
08:10:42 INFO  Test final outcome:  BLOCKED
08:10:42 INFO  Test outcome reason: SystemError: Timeout while waiting for status SUCCESSFUL or False
08:10:42 INFO  
</system-out>
	</testcase>
<testcase classname="PySysTest" name="SoftwareManagement.sm_apt_install_remove_multiple_mixed">
		<failure message="BLOCKED: SystemError: Timeout while waiting for status SUCCESSFUL or False (+1 other failures)" type="BLOCKED" />
		<system-out>08:33:51 INFO  ==============================================================
08:33:51 INFO  Id:    SoftwareManagement.sm_apt_install_remove_multiple_mixed
08:33:51 INFO  Dir:   software_management_end_to_end/
08:33:51 INFO  Title: Validate end to end behaviour for the apt plugin for multiple packages with mixed versions
08:33:51 INFO  ==============================================================
08:33:51 INFO  Using sw id database: {'asciijump': '5475369', 'robotfindskitten': '5474869', 'squirrel3': '5475279', 'rolldice': '5152439', 'moon-buggy': '5439204', 'apple': '5495053', 'banana': '5494888', 'cherry': '5495382', 'watermelon': '5494510', 'registry': '8018911', 'hello-world': '8021526', 'docker/getting-started': '8021973', 'alpine': '7991792'}
08:33:51 INFO  EnvironmentC8y Setup
08:33:51 INFO  Executed systemctl&lt;serv_mapper1&gt;, exit status 3
08:33:52 INFO  Restarting mosquitto too frequently in the last 10 seconds. It was only up for 5 seconds
08:33:52 INFO  Delaying execution by 6 seconds
08:34:12 INFO  Executed sudo&lt;tedge_connect_c8y&gt;, exit status 0, duration 14 secs
08:34:13 INFO  Executed sudo&lt;tedge_connect_c8y_test&gt;, exit status 0
08:34:13 INFO  Executed systemctl&lt;serv_mosq2&gt;, exit status 0
08:34:14 INFO  Executed systemctl&lt;serv_mapper3&gt;, exit status 0
08:34:16 INFO  State of current operation: SUCCESSFUL
08:34:16 INFO  Assert that (False == value) with value=False ... passed
08:34:16 INFO  Assert that (False == value) with value=False ... passed
08:34:17 INFO  Assert that (False == value) with value=False ... passed
08:34:17 INFO  Assert that (False == value) with value=False ... passed
08:34:17 INFO  Package moon-buggy is installed
08:34:17 WARN  Assert that (False == value) with value=True ... failed 
08:34:19 INFO  Response status: 201
08:34:19 INFO  Response to action: {
    "creationTime": "2022-05-16T08:34:19.170Z",
    "deviceId": "19103173",
    "deviceName": "mythicc",
    "self": "https://t493319102.eu-latest.cumulocity.com/devicecontrol/operations/19133234",
    "id": "19133234",
    "status": "PENDING",
    "description": "Apply software changes, triggered from PySys: [{'action': 'install', 'id': '5475369', 'name': 'asciijump', 'url': ' ', 'version': '::apt'}, {'action': 'install', 'id': '5474869', 'name': 'robotfindskitten', 'url': ' ', 'version': ' '}, {'action': 'install', 'id': '5475279', 'name': 'squirrel3', 'url': ' ', 'version': '3.1-7::apt'}, {'action': 'install', 'id': '5152439', 'name': 'rolldice', 'url': ' ', 'version': '1.16-1+b1'}, {'action': 'install', 'id': '5439204', 'name': 'moon-buggy', 'url': ' ', 'version': '1:1.0.51-12'}, {'action': 'install', 'id': '5475369', 'name': 'asciijump', 'url': ' ', 'version': '::apt'}]",
    "c8y_SoftwareUpdate": [
        {
            "name": "asciijump",
            "action": "install",
            "id": "5475369",
            "version": "::apt",
            "url": " "
        },
        {
            "name": "robotfindskitten",
            "action": "install",
            "id": "5474869",
            "version": " ",
            "url": " "
        },
        {
            "name": "squirrel3",
            "action": "install",
            "id": "5475279",
            "version": "3.1-7::apt",
            "url": " "
        },
        {
            "name": "rolldice",
            "action": "install",
            "id": "5152439",
            "version": "1.16-1+b1",
            "url": " "
        },
        {
            "name": "moon-buggy",
            "action": "install",
            "id": "5439204",
            "version": "1:1.0.51-12",
            "url": " "
        },
        {
            "name": "asciijump",
            "action": "install",
            "id": "5475369",
            "version": "::apt",
            "url": " "
        }
    ]
}
08:34:19 INFO  Started operation: {'creationTime': '2022-05-16T08:34:19.170Z', 'deviceId': '19103173', 'deviceName': 'mythicc', 'self': 'https://t493319102.eu-latest.cumulocity.com/devicecontrol/operations/19133234', 'id': '19133234', 'status': 'PENDING', 'description': "Apply software changes, triggered from PySys: [{'action': 'install', 'id': '5475369', 'name': 'asciijump', 'url': ' ', 'version': '::apt'}, {'action': 'install', 'id': '5474869', 'name': 'robotfindskitten', 'url': ' ', 'version': ' '}, {'action': 'install', 'id': '5475279', 'name': 'squirrel3', 'url': ' ', 'version': '3.1-7::apt'}, {'action': 'install', 'id': '5152439', 'name': 'rolldice', 'url': ' ', 'version': '1.16-1+b1'}, {'action': 'install', 'id': '5439204', 'name': 'moon-buggy', 'url': ' ', 'version': '1:1.0.51-12'}, {'action': 'install', 'id': '5475369', 'name': 'asciijump', 'url': ' ', 'version': '::apt'}]", 'c8y_SoftwareUpdate': [{'name': 'asciijump', 'action': 'install', 'id': '5475369', 'version': '::apt', 'url': ' '}, {'name': 'robotfindskitten', 'action': 'install', 'id': '5474869', 'version': ' ', 'url': ' '}, {'name': 'squirrel3', 'action': 'install', 'id': '5475279', 'version': '3.1-7::apt', 'url': ' '}, {'name': 'rolldice', 'action': 'install', 'id': '5152439', 'version': '1.16-1+b1', 'url': ' '}, {'name': 'moon-buggy', 'action': 'install', 'id': '5439204', 'version': '1:1.0.51-12', 'url': ' '}, {'name': 'asciijump', 'action': 'install', 'id': '5475369', 'version': '::apt', 'url': ' '}]}
08:34:21 INFO  State of operation 19133234 : PENDING
08:34:23 INFO  State of operation 19133234 : EXECUTING
08:34:25 INFO  State of operation 19133234 : EXECUTING
08:34:28 INFO  State of operation 19133234 : EXECUTING
08:34:30 INFO  State of operation 19133234 : EXECUTING
08:34:32 INFO  State of operation 19133234 : EXECUTING
08:34:34 INFO  State of operation 19133234 : EXECUTING
08:34:37 INFO  State of operation 19133234 : EXECUTING
08:34:40 INFO  State of operation 19133234 : EXECUTING
08:34:42 INFO  State of operation 19133234 : EXECUTING
08:34:44 INFO  State of operation 19133234 : EXECUTING
08:34:47 INFO  State of operation 19133234 : EXECUTING
08:34:49 INFO  State of operation 19133234 : EXECUTING
08:34:51 INFO  State of operation 19133234 : EXECUTING
08:34:53 INFO  State of operation 19133234 : EXECUTING
08:34:55 INFO  State of operation 19133234 : EXECUTING
08:34:58 INFO  State of operation 19133234 : EXECUTING
08:35:00 INFO  State of operation 19133234 : EXECUTING
08:35:02 INFO  State of operation 19133234 : EXECUTING
08:35:05 INFO  State of operation 19133234 : EXECUTING
08:35:07 INFO  State of operation 19133234 : EXECUTING
08:35:10 INFO  State of operation 19133234 : EXECUTING
08:35:12 INFO  State of operation 19133234 : EXECUTING
08:35:15 INFO  State of operation 19133234 : EXECUTING
08:35:17 INFO  State of operation 19133234 : EXECUTING
08:35:19 INFO  State of operation 19133234 : EXECUTING
08:35:21 INFO  State of operation 19133234 : EXECUTING
08:35:24 INFO  State of operation 19133234 : EXECUTING
08:35:27 INFO  State of operation 19133234 : EXECUTING
08:35:29 INFO  State of operation 19133234 : EXECUTING
08:35:31 INFO  State of operation 19133234 : EXECUTING
08:35:34 INFO  State of operation 19133234 : EXECUTING
08:35:36 INFO  State of operation 19133234 : EXECUTING
08:35:38 INFO  State of operation 19133234 : EXECUTING
08:35:41 INFO  State of operation 19133234 : EXECUTING
08:35:43 INFO  State of operation 19133234 : EXECUTING
08:35:45 INFO  State of operation 19133234 : EXECUTING
08:35:47 INFO  State of operation 19133234 : EXECUTING
08:35:50 INFO  State of operation 19133234 : EXECUTING
08:35:52 INFO  State of operation 19133234 : EXECUTING
08:35:55 INFO  State of operation 19133234 : EXECUTING
08:35:57 INFO  State of operation 19133234 : EXECUTING
08:36:00 INFO  State of operation 19133234 : EXECUTING
08:36:02 INFO  State of operation 19133234 : EXECUTING
08:36:04 INFO  State of operation 19133234 : EXECUTING
08:36:07 INFO  State of operation 19133234 : EXECUTING
08:36:09 INFO  State of operation 19133234 : EXECUTING
08:36:11 INFO  State of operation 19133234 : EXECUTING
08:36:13 INFO  State of operation 19133234 : EXECUTING
08:36:16 INFO  State of operation 19133234 : EXECUTING
08:36:20 INFO  State of operation 19133234 : EXECUTING
08:36:22 INFO  State of operation 19133234 : EXECUTING
08:36:24 INFO  State of operation 19133234 : EXECUTING
08:36:27 INFO  State of operation 19133234 : EXECUTING
08:36:29 INFO  State of operation 19133234 : EXECUTING
08:36:31 INFO  State of operation 19133234 : EXECUTING
08:36:34 INFO  State of operation 19133234 : EXECUTING
08:36:36 INFO  State of operation 19133234 : EXECUTING
08:36:39 INFO  State of operation 19133234 : EXECUTING
08:36:41 INFO  State of operation 19133234 : EXECUTING
08:36:44 INFO  State of operation 19133234 : EXECUTING
08:36:46 WARN  SystemError occurred while running test - Timeout while waiting for status SUCCESSFUL or False
Traceback (most recent call last):
  File "/home/pi/env-pysys/lib/python3.7/site-packages/pysys/baserunner.py", line 1294, in __call__
    self.testObj.execute()
  File "/home/pi/actions-runner/_work/thin-edge.io/thin-edge.io/tests/PySys/software_management_end_to_end/sm_apt_install_remove_multiple_mixed/run.py", line 89, in execute
    self.wait_until_succcess()
  File "/home/pi/actions-runner/_work/thin-edge.io/thin-edge.io/tests/PySys/software_management_end_to_end/environment_sm_management.py", line 324, in wait_until_succcess
    self.wait_until_status("SUCCESSFUL")
  File "/home/pi/actions-runner/_work/thin-edge.io/thin-edge.io/tests/PySys/software_management_end_to_end/environment_sm_management.py", line 381, in wait_until_status
    "Timeout while waiting for status %s or %s" % (status, status2)
SystemError: Timeout while waiting for status SUCCESSFUL or False
08:36:46 WARN  SystemError: Timeout while waiting for status SUCCESSFUL or False ... blocked 
08:36:46 INFO  
08:36:46 INFO  cleanup:
08:36:52 INFO  Executed sudo&lt;tedge_disconnect_c8y&gt;, exit status 0
08:36:53 INFO  Executed systemctl&lt;serv_mapper5&gt;, exit status 3
08:36:53 INFO  
08:36:53 INFO  Test duration: 182.29 secs
08:36:53 INFO  Test final outcome:  BLOCKED
08:36:53 INFO  Test outcome reason: SystemError: Timeout while waiting for status SUCCESSFUL or False (+1 other failures)
08:36:53 INFO  
</system-out>
	</testcase>
</testsuite><testsuite name="SoftwareManagement.sm_apt_install_remove_with_version" tests="3" errors="0" failures="0" skipped="1" time="0"><testcase classname="PySysTest" name="SoftwareManagement.sm_apt_install_remove_with_version">
		<skipped message="SKIPPED: Testing the apt plugin is not supported on this platform.Use parameter -XmyPlatform='container' to enable it" />
		<system-out>07:31:27 INFO  ==============================================================
07:31:27 INFO  Id:    SoftwareManagement.sm_apt_install_remove_with_version
07:31:27 INFO  Dir:   software_management_end_to_end/
07:31:27 INFO  Title: Validate end to end behaviour for the apt plugin for packages with version
07:31:27 INFO  ==============================================================
07:31:27 INFO  Testing the apt plugin is not supported on this platform.Use parameter -XmyPlatform='container' to enable it ... skipped
07:31:27 WARN  Aborted test due to SKIPPED outcome
07:31:27 INFO  
07:31:27 INFO  Test duration: 0.02 secs
07:31:27 INFO  Test final outcome:  SKIPPED
07:31:27 INFO  Test outcome reason: Testing the apt plugin is not supported on this platform.Use parameter -XmyPlatform='container' to enable it
07:31:27 INFO  
</system-out>
	</testcase>
<testcase classname="PySysTest" name="SoftwareManagement.sm_apt_install_remove_with_version" />
<testcase classname="PySysTest" name="SoftwareManagement.sm_apt_install_remove_with_version" />
</testsuite><testsuite name="SoftwareManagement.sm_docker_install_remove_multiple" tests="3" errors="0" failures="0" skipped="1" time="0"><testcase classname="SMDockerInstallRemove" name="SoftwareManagement.sm_docker_install_remove_multiple">
		<skipped message="SKIPPED: Testing the apt plugin is not supported on this platform.Use parameter -XmyPlatform='container' to enable it" />
		<system-out>07:31:27 INFO  ==============================================================
07:31:27 INFO  Id:    SoftwareManagement.sm_docker_install_remove_multiple
07:31:27 INFO  Dir:   software_management_end_to_end/
07:31:27 INFO  Title: Validate end to end behaviour for the docker plugin for multiple docker images with mixed versions
07:31:27 INFO  ==============================================================
07:31:27 INFO  Testing the apt plugin is not supported on this platform.Use parameter -XmyPlatform='container' to enable it ... skipped
07:31:27 WARN  Aborted test due to SKIPPED outcome
07:31:27 INFO  
07:31:27 INFO  Test duration: 0.02 secs
07:31:27 INFO  Test final outcome:  SKIPPED
07:31:27 INFO  Test outcome reason: Testing the apt plugin is not supported on this platform.Use parameter -XmyPlatform='container' to enable it
07:31:27 INFO  
</system-out>
	</testcase>
<testcase classname="SMDockerInstallRemove" name="SoftwareManagement.sm_docker_install_remove_multiple" />
<testcase classname="SMDockerInstallRemove" name="SoftwareManagement.sm_docker_install_remove_multiple" />
</testsuite><testsuite name="SoftwareManagement.sm_fake_install_remove" tests="2" errors="0" failures="0" skipped="1" time="0"><testcase classname="PySysTest" name="SoftwareManagement.sm_fake_install_remove">
		<skipped message="SKIPPED: Testing the fake plugin is not enabled.Use parameter -Xfakeplugin=fakeplugin to enable it" />
		<system-out>07:31:27 INFO  ==============================================================
07:31:27 INFO  Id:    SoftwareManagement.sm_fake_install_remove
07:31:27 INFO  Dir:   software_management_end_to_end/
07:31:27 INFO  Title: Validate end to end behaviour for the dummy plugin for installation and removal of packages
07:31:27 INFO  ==============================================================
07:31:27 INFO  Testing the fake plugin is not enabled.Use parameter -Xfakeplugin=fakeplugin to enable it ... skipped
07:31:27 WARN  Aborted test due to SKIPPED outcome
07:31:27 INFO  
07:31:27 INFO  Test duration: 0.02 secs
07:31:27 INFO  Test final outcome:  SKIPPED
07:31:27 INFO  Test outcome reason: Testing the fake plugin is not enabled.Use parameter -Xfakeplugin=fakeplugin to enable it
07:31:27 INFO  
</system-out>
	</testcase>
<testcase classname="PySysTest" name="SoftwareManagement.sm_fake_install_remove" />
</testsuite><testsuite name="SoftwareManagement.sm_fake_install_remove_multiple" tests="2" errors="0" failures="0" skipped="1" time="0"><testcase classname="PySysTest" name="SoftwareManagement.sm_fake_install_remove_multiple">
		<skipped message="SKIPPED: Testing the fake plugin is not enabled.Use parameter -Xfakeplugin=fakeplugin to enable it" />
		<system-out>07:31:27 INFO  ==============================================================
07:31:27 INFO  Id:    SoftwareManagement.sm_fake_install_remove_multiple
07:31:27 INFO  Dir:   software_management_end_to_end/
07:31:27 INFO  Title: Validate end to end behaviour for the dummy-plugin for multiple packages
07:31:27 INFO  ==============================================================
07:31:27 INFO  Testing the fake plugin is not enabled.Use parameter -Xfakeplugin=fakeplugin to enable it ... skipped
07:31:27 WARN  Aborted test due to SKIPPED outcome
07:31:27 INFO  
07:31:27 INFO  Test duration: 0.05 secs
07:31:27 INFO  Test final outcome:  SKIPPED
07:31:27 INFO  Test outcome reason: Testing the fake plugin is not enabled.Use parameter -Xfakeplugin=fakeplugin to enable it
07:31:27 INFO  
</system-out>
	</testcase>
<testcase classname="PySysTest" name="SoftwareManagement.sm_fake_install_remove_multiple" />
</testsuite><testsuite name="SoftwareManagement.sm_mapper_fail_and_reconnect" tests="2" errors="0" failures="0" skipped="2" time="0"><testcase classname="MapperC8yReceiveLastMessageOnRestart" name="SoftwareManagement.sm_mapper_fail_and_reconnect">
		<skipped message="SKIPPED: instable https://github.com/thin-edge/thin-edge.io/issues/752" />
		<system-out>07:31:27 INFO  ==============================================================
07:31:27 INFO  Id:    SoftwareManagement.sm_mapper_fail_and_reconnect
07:31:27 INFO  Dir:   software_management_end_to_end/
07:31:27 INFO  Title: Validate the tedge-mapper-sm-c8y for receiving the last message on restart
07:31:27 INFO  ==============================================================
07:31:27 INFO  instable https://github.com/thin-edge/thin-edge.io/issues/752 ... skipped
07:31:27 INFO  
07:31:27 INFO  Test duration: 0.02 secs
07:31:27 INFO  Test final outcome:  SKIPPED
07:31:27 INFO  Test outcome reason: instable https://github.com/thin-edge/thin-edge.io/issues/752
07:31:27 INFO  
</system-out>
	</testcase>
<testcase classname="MapperC8yReceiveLastMessageOnRestart" name="SoftwareManagement.sm_mapper_fail_and_reconnect">
		<skipped message="SKIPPED: instable https://github.com/thin-edge/thin-edge.io/issues/752" />
		<system-out>08:43:46 INFO  ==============================================================
08:43:46 INFO  Id:    SoftwareManagement.sm_mapper_fail_and_reconnect
08:43:46 INFO  Dir:   software_management_end_to_end/
08:43:46 INFO  Title: Validate the tedge-mapper-sm-c8y for receiving the last message on restart
08:43:46 INFO  ==============================================================
08:43:46 INFO  instable https://github.com/thin-edge/thin-edge.io/issues/752 ... skipped
08:43:46 INFO  
08:43:46 INFO  Test duration: 0.05 secs
08:43:46 INFO  Test final outcome:  SKIPPED
08:43:46 INFO  Test outcome reason: instable https://github.com/thin-edge/thin-edge.io/issues/752
08:43:46 INFO  
</system-out>
	</testcase>
</testsuite><testsuite name="SoftwareManagement.sm_mixed_install_remove_multiple" tests="2" errors="0" failures="1" skipped="1" time="0"><testcase classname="PySysTest" name="SoftwareManagement.sm_mixed_install_remove_multiple">
		<skipped message="SKIPPED: Testing the fake plugin is not enabled.Use parameter -Xfakeplugin=fakeplugin to enable it" />
		<system-out>07:31:27 INFO  ==============================================================
07:31:27 INFO  Id:    SoftwareManagement.sm_mixed_install_remove_multiple
07:31:27 INFO  Dir:   software_management_end_to_end/
07:31:27 INFO  Title: Validate end to end behaviour for the dummy-plugin for multiple packages with mixed versions
07:31:27 INFO  ==============================================================
07:31:27 INFO  Testing the fake plugin is not enabled.Use parameter -Xfakeplugin=fakeplugin to enable it ... skipped
07:31:27 WARN  Aborted test due to SKIPPED outcome
07:31:27 INFO  
07:31:27 INFO  Test duration: 0.05 secs
07:31:27 INFO  Test final outcome:  SKIPPED
07:31:27 INFO  Test outcome reason: Testing the fake plugin is not enabled.Use parameter -Xfakeplugin=fakeplugin to enable it
07:31:27 INFO  
</system-out>
	</testcase>
<testcase classname="PySysTest" name="SoftwareManagement.sm_mixed_install_remove_multiple">
		<failure message="FAILED: Assert that (False == value) with value=True" type="FAILED" />
		<system-out>08:43:46 INFO  ==============================================================
08:43:46 INFO  Id:    SoftwareManagement.sm_mixed_install_remove_multiple
08:43:46 INFO  Dir:   software_management_end_to_end/
08:43:46 INFO  Title: Validate end to end behaviour for the dummy-plugin for multiple packages with mixed versions
08:43:46 INFO  ==============================================================
08:43:46 INFO  Using sw id database: {'asciijump': '5475369', 'robotfindskitten': '5474869', 'squirrel3': '5475279', 'rolldice': '5152439', 'moon-buggy': '5439204', 'apple': '5495053', 'banana': '5494888', 'cherry': '5495382', 'watermelon': '5494510', 'registry': '8018911', 'hello-world': '8021526', 'docker/getting-started': '8021973', 'alpine': '7991792'}
08:43:46 INFO  EnvironmentC8y Setup
08:43:47 INFO  Executed systemctl&lt;serv_mapper1&gt;, exit status 3
08:43:47 INFO  Restarting mosquitto too frequently in the last 10 seconds. It was only up for 5 seconds
08:43:47 INFO  Delaying execution by 6 seconds
08:44:07 INFO  Executed sudo&lt;tedge_connect_c8y&gt;, exit status 0, duration 14 secs
08:44:08 INFO  Executed sudo&lt;tedge_connect_c8y_test&gt;, exit status 0
08:44:08 INFO  Executed systemctl&lt;serv_mosq2&gt;, exit status 0
08:44:09 INFO  Executed systemctl&lt;serv_mapper3&gt;, exit status 0
08:44:11 INFO  State of current operation: SUCCESSFUL
08:44:11 INFO  Package apple is installed
08:44:11 INFO  Assert that (True == value) with value=True ... passed
08:44:12 INFO  Package banana is installed
08:44:12 INFO  Assert that (True == value) with value=True ... passed
08:44:12 INFO  Package cherry is installed
08:44:12 INFO  Assert that (True == value) with value=True ... passed
08:44:12 INFO  Package asciijump is installed
08:44:12 WARN  Assert that (False == value) with value=True ... failed 
08:44:12 INFO  Assert that (False == value) with value=False ... passed
08:44:13 INFO  Response status: 201
08:44:13 INFO  Response to action: {
    "delivery": {
        "time": "2022-05-16T08:44:12.991Z",
        "log": [],
        "status": "PENDING"
    },
    "creationTime": "2022-05-16T08:44:12.977Z",
    "deviceId": "19103173",
    "deviceName": "mythicc",
    "self": "https://t493319102.eu-latest.cumulocity.com/devicecontrol/operations/19133428",
    "id": "19133428",
    "status": "PENDING",
    "description": "Apply software changes, triggered from PySys: [{'action': 'install', 'id': '5495053', 'name': 'apple', 'url': ' ', 'version': '::fruits'}, {'action': 'install', 'id': '5494888', 'name': 'banana', 'url': ' ', 'version': '::fruits'}, {'action': 'install', 'id': '5475369', 'name': 'asciijump', 'url': ' ', 'version': '::apt'}, {'action': 'install', 'id': '5495382', 'name': 'cherry', 'url': ' ', 'version': '::fruits'}, {'action': 'install', 'id': '8018911', 'name': 'registry', 'url': ' ', 'version': '::docker'}]",
    "c8y_SoftwareUpdate": [
        {
            "name": "apple",
            "action": "install",
            "id": "5495053",
            "version": "::fruits",
            "url": " "
        },
        {
            "name": "banana",
            "action": "install",
            "id": "5494888",
            "version": "::fruits",
            "url": " "
        },
        {
            "name": "asciijump",
            "action": "install",
            "id": "5475369",
            "version": "::apt",
            "url": " "
[...]
07:21:51 WARN  Aborted test due to SKIPPED outcome
07:21:51 INFO  
07:21:51 INFO  Test duration: 0.02 secs
07:21:51 INFO  Test final outcome:  SKIPPED
07:21:51 INFO  Test outcome reason: Testing the docker plugin is not supported on this platform.To run it, all the test with -XmyPlatform='container'
07:21:51 INFO  
</system-out>
	</testcase>
<testcase classname="DockerPluginRemoveTest" name="docker_plugin_remove" />
</testsuite><testsuite name="docker_plugin_remove_with_version" tests="2" errors="0" failures="0" skipped="1" time="0"><testcase classname="DockerPluginRemoveWithVersionTest" name="docker_plugin_remove_with_version">
		<skipped message="SKIPPED: Testing the docker plugin is not supported on this platform.To run it, all the test with -XmyPlatform='container'" />
		<system-out>07:21:51 INFO  ==============================================================
07:21:51 INFO  Id:    docker_plugin_remove_with_version
07:21:51 INFO  Dir:   plugin_docker/
07:21:51 INFO  Title: Validate docker plugin remove with version
07:21:51 INFO  ==============================================================
07:21:51 INFO  Testing the docker plugin is not supported on this platform.To run it, all the test with -XmyPlatform='container' ... skipped
07:21:51 WARN  Aborted test due to SKIPPED outcome
07:21:51 INFO  
07:21:51 INFO  Test duration: 0.02 secs
07:21:51 INFO  Test final outcome:  SKIPPED
07:21:51 INFO  Test outcome reason: Testing the docker plugin is not supported on this platform.To run it, all the test with -XmyPlatform='container'
07:21:51 INFO  
</system-out>
	</testcase>
<testcase classname="DockerPluginRemoveWithVersionTest" name="docker_plugin_remove_with_version" />
</testsuite><testsuite name="docker_plugin_update" tests="2" errors="0" failures="0" skipped="1" time="0"><testcase classname="DockerPluginUpdateTest" name="docker_plugin_update">
		<skipped message="SKIPPED: Testing the docker plugin is not supported on this platform.To run it, all the test with -XmyPlatform='container'" />
		<system-out>07:21:51 INFO  ==============================================================
07:21:51 INFO  Id:    docker_plugin_update
07:21:51 INFO  Dir:   plugin_docker/
07:21:51 INFO  Title: Validate docker plugin install updates existing containers
07:21:51 INFO  ==============================================================
07:21:51 INFO  Testing the docker plugin is not supported on this platform.To run it, all the test with -XmyPlatform='container' ... skipped
07:21:51 WARN  Aborted test due to SKIPPED outcome
07:21:51 INFO  
07:21:51 INFO  Test duration: 0.02 secs
07:21:51 INFO  Test final outcome:  SKIPPED
07:21:51 INFO  Test outcome reason: Testing the docker plugin is not supported on this platform.To run it, all the test with -XmyPlatform='container'
07:21:51 INFO  
</system-out>
	</testcase>
<testcase classname="DockerPluginUpdateTest" name="docker_plugin_update" />
</testsuite><testsuite name="invalid_device_id" tests="1" errors="0" failures="0" skipped="0" time="0"><testcase classname="InvalidDeviceId" name="invalid_device_id" />
</testsuite><testsuite name="local_mqtt_pub_fail_noqos" tests="1" errors="0" failures="0" skipped="0" time="0"><testcase classname="PySysTest" name="local_mqtt_pub_fail_noqos" />
</testsuite><testsuite name="local_mqtt_pub_fail_qos0" tests="1" errors="0" failures="0" skipped="0" time="0"><testcase classname="PySysTest" name="local_mqtt_pub_fail_qos0" />
</testsuite><testsuite name="local_mqtt_pub_fail_qos1" tests="1" errors="0" failures="0" skipped="0" time="0"><testcase classname="PySysTest" name="local_mqtt_pub_fail_qos1" />
</testsuite><testsuite name="local_mqtt_pub_fail_qos2" tests="1" errors="0" failures="0" skipped="0" time="0"><testcase classname="PySysTest" name="local_mqtt_pub_fail_qos2" />
</testsuite><testsuite name="local_mqtt_pub_sub" tests="1" errors="0" failures="0" skipped="0" time="0"><testcase classname="PySysTest" name="local_mqtt_pub_sub" />
</testsuite><testsuite name="local_mqtt_pub_sub_retain" tests="1" errors="0" failures="1" skipped="0" time="0"><testcase classname="MqttPublishWithRetain" name="local_mqtt_pub_sub_retain">
		<failure message="FAILED: Grep on temp_sensor_sub.out contains &quot;\[test/alarms/temp_sensor\] alarm msg 2&quot; (+1 other failures)" type="FAILED" />
		<system-out>07:20:04 INFO  ==============================================================
07:20:04 INFO  Id:    local_mqtt_pub_sub_retain
07:20:04 INFO  Dir:   local_mqtt/
07:20:04 INFO  Title: Validate local publishing with retain flag
07:20:04 INFO  ==============================================================
07:20:05 INFO  Executed tedge&lt;pub_to_set_alarm&gt;, exit status 0
07:20:05 INFO  Executed tedge&lt;pub_to_set_alarm&gt;, exit status 0
07:20:06 INFO  Started tedge&lt;temp_sensor_sub&gt; with process id 7789
07:20:06 INFO  Executed tedge&lt;pub_to_clear_alarm&gt;, exit status 0
07:20:08 INFO  Executed sudo&lt;kill_out&gt;, exit status 0
07:20:08 INFO  Executed tedge&lt;pub_to_clear_alarm&gt;, exit status 0
07:20:08 INFO  Started tedge&lt;temp_sensor_empty_message&gt; with process id 7794
07:20:10 INFO  Executed sudo&lt;kill_out&gt;, exit status 0
07:20:10 WARN  Grep on temp_sensor_sub.out contains "\[test/alarms/temp_sensor\] alarm msg 2" ... failed [run.py:139]
07:20:10 WARN  Grep on temp_sensor_sub.out contains "\[test/alarms/temp_sensor\] " ... failed [run.py:142]
07:20:10 INFO  Grep on file temp_sensor_empty_message.out ... passed
07:20:10 INFO  
07:20:10 INFO  Test duration: 5.77 secs
07:20:10 INFO  Test final outcome:  FAILED
07:20:10 INFO  Test outcome reason: Grep on temp_sensor_sub.out contains "\[test/alarms/temp_sensor\] alarm msg 2" (+1 other failures)
07:20:10 INFO  
</system-out>
	</testcase>
</testsuite><testsuite name="local_mqtt_pub_sub_with_sudo" tests="1" errors="0" failures="0" skipped="0" time="0"><testcase classname="PySysTest" name="local_mqtt_pub_sub_with_sudo" />
</testsuite><testsuite name="local_mqtt_sub_fail" tests="1" errors="0" failures="0" skipped="0" time="0"><testcase classname="PySysTest" name="local_mqtt_sub_fail" />
</testsuite><testsuite name="log_request_error_messages" tests="1" errors="0" failures="0" skipped="1" time="0"><testcase classname="LogRequestVerifySearchTextError" name="log_request_error_messages">
		<skipped message="SKIPPED: Test execution disabled due to #1123" />
		<system-out>07:20:14 INFO  ==============================================================
07:20:14 INFO  Id:    log_request_error_messages
07:20:14 INFO  Dir:   log_request_end_to_end/
07:20:14 INFO  Title: Validate end to end behaviour for the log request operation check for error messages
07:20:14 INFO  ==============================================================
07:20:17 INFO  Test execution disabled due to #1123 ... skipped
07:20:17 INFO  
07:20:17 INFO  Test duration: 2.53 secs
07:20:17 INFO  Test final outcome:  SKIPPED
07:20:17 INFO  Test outcome reason: Test execution disabled due to #1123
07:20:17 INFO  
</system-out>
	</testcase>
</testsuite><testsuite name="log_request_num_lines" tests="1" errors="0" failures="0" skipped="1" time="0"><testcase classname="LogRequestVerifyNumberOfLines" name="log_request_num_lines">
		<skipped message="SKIPPED: Test execution disabled due to #1123" />
		<system-out>07:20:17 INFO  ==============================================================
07:20:17 INFO  Id:    log_request_num_lines
07:20:17 INFO  Dir:   log_request_end_to_end/
07:20:17 INFO  Title: Validate end to end behaviour for the log request operation check for number of lines
07:20:17 INFO  ==============================================================
07:20:17 INFO  Test execution disabled due to #1123 ... skipped
07:20:17 INFO  
07:20:17 INFO  Test duration: 0.02 secs
07:20:17 INFO  Test final outcome:  SKIPPED
07:20:17 INFO  Test outcome reason: Test execution disabled due to #1123
07:20:17 INFO  
</system-out>
	</testcase>
</testsuite><testsuite name="mapper_awaits_before_reconnect" tests="1" errors="0" failures="0" skipped="0" time="0"><testcase classname="MapperReconnectAwait" name="mapper_awaits_before_reconnect" />
</testsuite><testsuite name="monitoring_smaller_interval" tests="1" errors="0" failures="0" skipped="1" time="0"><testcase classname="MonitoringSmallInterval" name="monitoring_smaller_interval">
		<skipped message="SKIPPED: Fails due to retained message" />
		<system-out>07:21:46 INFO  ==============================================================
07:21:46 INFO  Id:    monitoring_smaller_interval
07:21:46 INFO  Dir:   monitoring/
07:21:46 INFO  Title: Validate the tedge dm agent messages that are produced with smaller sampling interval than the batching window. Here the simulated collectd messages are used
07:21:46 INFO  ==============================================================
07:21:46 INFO  Fails due to retained message ... skipped
07:21:46 INFO  
07:21:46 INFO  Test duration: 0.03 secs
07:21:46 INFO  Test final outcome:  SKIPPED
07:21:46 INFO  Test outcome reason: Fails due to retained message
07:21:46 INFO  
</system-out>
	</testcase>
</testsuite><testsuite name="monitoring_with_collectd" tests="1" errors="0" failures="0" skipped="1" time="0"><testcase classname="MonitoringWithCollectd" name="monitoring_with_collectd">
		<skipped message="SKIPPED: Test execution disabled due to #792 (instable)" />
		<system-out>07:21:46 INFO  ==============================================================
07:21:46 INFO  Id:    monitoring_with_collectd
07:21:46 INFO  Dir:   monitoring/
07:21:46 INFO  Title: Validate tedge dm agent messages that are produced by batching the collectd messages
07:21:46 INFO  ==============================================================
07:21:46 INFO  Test execution disabled due to #792 (instable) ... skipped
07:21:46 INFO  
07:21:46 INFO  Test duration: 0.03 secs
07:21:46 INFO  Test final outcome:  SKIPPED
07:21:46 INFO  Test outcome reason: Test execution disabled due to #792 (instable)
07:21:46 INFO  
</system-out>
	</testcase>
</testsuite><testsuite name="monitoring_with_simulated_messages" tests="1" errors="0" failures="0" skipped="1" time="0"><testcase classname="MonitoringWithSimulatedMessages" name="monitoring_with_simulated_messages">
		<skipped message="SKIPPED: Fails due to retained message" />
		<system-out>07:21:46 INFO  ==============================================================
07:21:46 INFO  Id:    monitoring_with_simulated_messages
07:21:46 INFO  Dir:   monitoring/
07:21:46 INFO  Title: Validate the tedge dm agent messages that are produced from the simulated collectd messages
07:21:46 INFO  ==============================================================
07:21:46 INFO  Fails due to retained message ... skipped
07:21:46 INFO  
07:21:46 INFO  Test duration: 0.03 secs
07:21:46 INFO  Test final outcome:  SKIPPED
07:21:46 INFO  Test outcome reason: Fails due to retained message
07:21:46 INFO  
</system-out>
	</testcase>
</testsuite><testsuite name="mqtt_port_change_connection_fails" tests="1" errors="0" failures="0" skipped="0" time="0"><testcase classname="MqttPortChangeConnectionFails" name="mqtt_port_change_connection_fails" />
</testsuite><testsuite name="mqtt_port_change_connection_works" tests="1" errors="0" failures="0" skipped="1" time="0"><testcase classname="MqttPortChangeConnectionWorks" name="mqtt_port_change_connection_works">
		<skipped message="SKIPPED: failing intermitently" />
		<system-out>07:20:52 INFO  ==============================================================
07:20:52 INFO  Id:    mqtt_port_change_connection_works
07:20:52 INFO  Dir:   misc_features/
07:20:52 INFO  Title: mqtt port change connection works for all the thin-edge services that use the mosquitto broker
07:20:52 INFO  ==============================================================
07:20:52 INFO  failing intermitently ... skipped
07:20:52 INFO  
07:20:52 INFO  Test duration: 0.02 secs
07:20:52 INFO  Test final outcome:  SKIPPED
07:20:52 INFO  Test outcome reason: failing intermitently
07:20:52 INFO  
</system-out>
	</testcase>
</testsuite><testsuite name="mqtt_port_set" tests="1" errors="0" failures="0" skipped="0" time="0"><testcase classname="MqttPortSet" name="mqtt_port_set" />
</testsuite><testsuite name="mqtt_port_unset" tests="1" errors="0" failures="0" skipped="0" time="0"><testcase classname="MqttPortUnSet" name="mqtt_port_unset" />
</testsuite><testsuite name="publish_flux" tests="1" errors="0" failures="0" skipped="0" time="0"><testcase classname="PublishFlux" name="publish_flux" />
</testsuite><testsuite name="publish_sawmill" tests="1" errors="0" failures="0" skipped="0" time="0"><testcase classname="PublishSawmill" name="publish_sawmill" />
</testsuite><testsuite name="pysys_block" tests="1" errors="0" failures="0" skipped="1" time="0"><testcase classname="Fail" name="pysys_block">
		<skipped message="SKIPPED: Enable this to observe a blocking test" />
		<system-out>07:21:14 INFO  ==============================================================
07:21:14 INFO  Id:    pysys_block
07:21:14 INFO  Dir:   misc_features/
07:21:14 INFO  Title: fail
07:21:14 INFO  ==============================================================
07:21:14 INFO  Enable this to observe a blocking test ... skipped
07:21:14 INFO  
07:21:14 INFO  Test duration: 0.02 secs
07:21:14 INFO  Test final outcome:  SKIPPED
07:21:14 INFO  Test outcome reason: Enable this to observe a blocking test
07:21:14 INFO  
</system-out>
	</testcase>
</testsuite><testsuite name="pysys_fail" tests="1" errors="0" failures="0" skipped="1" time="0"><testcase classname="Fail" name="pysys_fail">
		<skipped message="SKIPPED: Enable this to observe a failing test" />
		<system-out>07:21:14 INFO  ==============================================================
07:21:14 INFO  Id:    pysys_fail
07:21:14 INFO  Dir:   misc_features/
07:21:14 INFO  Title: fail
07:21:14 INFO  ==============================================================
07:21:14 INFO  Enable this to observe a failing test ... skipped
07:21:14 INFO  
07:21:14 INFO  Test duration: 0.01 secs
07:21:14 INFO  Test final outcome:  SKIPPED
07:21:14 INFO  Test outcome reason: Enable this to observe a failing test
07:21:14 INFO  
</system-out>
	</testcase>
</testsuite><testsuite name="runtime_start_two_mappers" tests="1" errors="0" failures="0" skipped="0" time="0"><testcase classname="RuntimeMultiMappers" name="runtime_start_two_mappers" />
</testsuite><testsuite name="sm_tedge_mapper_init_session" tests="1" errors="0" failures="0" skipped="0" time="0"><testcase classname="TedgeSMMapperInitSession" name="sm_tedge_mapper_init_session" />
</testsuite><testsuite name="smoketest_json" tests="1" errors="0" failures="0" skipped="0" time="0"><testcase classname="SmokeTestJson" name="smoketest_json" />
</testsuite><testsuite name="smoketest_json_400_samples_10ms" tests="1" errors="0" failures="0" skipped="0" time="0"><testcase classname="SmoketestJson400Samples10ms" name="smoketest_json_400_samples_10ms" />
</testsuite><testsuite name="smoketest_json_400_samples_20ms" tests="1" errors="0" failures="0" skipped="0" time="0"><testcase classname="SmoketestJson400Samples20ms" name="smoketest_json_400_samples_20ms" />
</testsuite><testsuite name="smoketest_smartrest" tests="1" errors="0" failures="0" skipped="0" time="0"><testcase classname="SmoketestSmartRest" name="smoketest_smartrest" />
</testsuite><testsuite name="smoketest_smartrest_200_samples_1Xms" tests="1" errors="0" failures="0" skipped="0" time="0"><testcase classname="SmoketestSmartRest200Samples1Xms" name="smoketest_smartrest_200_samples_1Xms" />
</testsuite><testsuite name="smoketest_smartrest_200_samples_20ms" tests="1" errors="0" failures="0" skipped="0" time="0"><testcase classname="SmoketestSmartRest200Samples20ms" name="smoketest_smartrest_200_samples_20ms" />
</testsuite><testsuite name="tedge_agent_user_sudo_access" tests="1" errors="0" failures="0" skipped="1" time="0"><testcase classname="TedgeAgentUserSudoAccess" name="tedge_agent_user_sudo_access">
		<skipped message="SKIPPED: #955 Observation: Exit code of the apt plugin when called with no arguments" />
		<system-out>07:31:54 INFO  ==============================================================
07:31:54 INFO  Id:    tedge_agent_user_sudo_access
07:31:54 INFO  Dir:   tedge/
07:31:54 INFO  Title: Validate tedge-agent user has a limited sudo right
07:31:54 INFO  ==============================================================
07:31:54 INFO  #955 Observation: Exit code of the apt plugin when called with no arguments ... skipped
07:31:54 INFO  
07:31:54 INFO  Test duration: 0.02 secs
07:31:54 INFO  Test final outcome:  SKIPPED
07:31:54 INFO  Test outcome reason: #955 Observation: Exit code of the apt plugin when called with no arguments
07:31:54 INFO  
</system-out>
	</testcase>
</testsuite><testsuite name="tedge_connect_test_negative" tests="1" errors="0" failures="0" skipped="0" time="0"><testcase classname="TedgeConnectTestNegative" name="tedge_connect_test_negative" />
</testsuite><testsuite name="tedge_connect_test_positive" tests="1" errors="0" failures="0" skipped="0" time="0"><testcase classname="TedgeConnectTestPositive" name="tedge_connect_test_positive" />
</testsuite><testsuite name="tedge_connect_test_sm_services" tests="1" errors="0" failures="0" skipped="0" time="0"><testcase classname="TedgeConnectTestSMServices" name="tedge_connect_test_sm_services" />
</testsuite><testsuite name="tedge_disconnect_test_sm_services" tests="1" errors="0" failures="0" skipped="0" time="0"><testcase classname="TedgeDisConnectTestSMServices" name="tedge_disconnect_test_sm_services" />
</testsuite><testsuite name="tedge_mapper_az_negative" tests="1" errors="0" failures="0" skipped="0" time="0"><testcase classname="TedgeMapperAzError" name="tedge_mapper_az_negative" />
</testsuite><testsuite name="tedge_mapper_az_with_timestamp" tests="1" errors="0" failures="0" skipped="0" time="0"><testcase classname="TedgeMapperAzWithTimestamp" name="tedge_mapper_az_with_timestamp" />
</testsuite><testsuite name="tedge_mapper_az_without_timestamp" tests="1" errors="0" failures="0" skipped="0" time="0"><testcase classname="TedgeMapperAzWithoutTimestamp" name="tedge_mapper_az_without_timestamp" />
</testsuite><testsuite name="tedge_mapper_c8y_alarms" tests="1" errors="0" failures="0" skipped="0" time="0"><testcase classname="TedgeMapperC8yAlarm" name="tedge_mapper_c8y_alarms" />
</testsuite><testsuite name="tedge_mapper_c8y_child_device_measurement" tests="1" errors="0" failures="0" skipped="1" time="0"><testcase classname="TedgeMapperC8yChildDevice" name="tedge_mapper_c8y_child_device_measurement">
		<skipped message="SKIPPED: Test execution disabled due to #1088" />
		<system-out>07:36:20 INFO  ==============================================================
07:36:20 INFO  Id:    tedge_mapper_c8y_child_device_measurement
07:36:20 INFO  Dir:   tedge_mapper_c8y/
07:36:20 INFO  Title: Validate that measurements sent to tedge/measurements/child topic gets mapped as the child device's measurement in Cumulocity
07:36:20 INFO  ==============================================================
07:36:20 INFO  Test execution disabled due to #1088 ... skipped
07:36:20 INFO  
07:36:20 INFO  Test duration: 0.05 secs
07:36:20 INFO  Test final outcome:  SKIPPED
07:36:20 INFO  Test outcome reason: Test execution disabled due to #1088
07:36:20 INFO  
</system-out>
	</testcase>
</testsuite><testsuite name="tedge_mapper_c8y_packet_threshold_size" tests="1" errors="0" failures="0" skipped="0" time="0"><testcase classname="TedgeMapperC8yThresholdPacketSize" name="tedge_mapper_c8y_packet_threshold_size" />
</testsuite><testsuite name="tedge_software_update" tests="1" errors="0" failures="0" skipped="0" time="0"><testcase classname="PySysTest" name="tedge_software_update" />
</testsuite><testsuite name="valid_device_id" tests="1" errors="0" failures="0" skipped="0" time="0"><testcase classname="ValidateValidDeviceId" name="valid_device_id" />
</testsuite></testsuites>