<?xml version='1.0' encoding='utf-8'?>
<testsuites tests="149" failures="8" errors="0" skipped="55" time="0.0"><testsuite name="SoftwareManagement.Plugin.apama_plugin_install" tests="3" errors="0" failures="0" skipped="1" time="0"><testcase classname="ApamaPluginInstallTest" name="SoftwareManagement.Plugin.apama_plugin_install">
		<skipped message="SKIPPED: Apama plugin tests are disabled by default. Execute `pysys run` with `-XmyPlatform=container` to run these tests" />
		<system-out>19:28:52 INFO  ==============================================================
19:28:52 INFO  Id:    SoftwareManagement.Plugin.apama_plugin_install
19:28:52 INFO  Dir:   plugin_apama/
19:28:52 INFO  Title: Validate apama plugin install
19:28:52 INFO  ==============================================================
19:28:52 INFO  Apama plugin tests are disabled by default. Execute `pysys run` with `-XmyPlatform=container` to run these tests ... skipped
19:28:52 WARN  Aborted test due to SKIPPED outcome
19:28:52 INFO  
19:28:52 INFO  Test duration: 0.04 secs
19:28:52 INFO  Test final outcome:  SKIPPED
19:28:52 INFO  Test outcome reason: Apama plugin tests are disabled by default. Execute `pysys run` with `-XmyPlatform=container` to run these tests
19:28:52 INFO  
</system-out>
	</testcase>
<testcase classname="ApamaPluginInstallTest" name="SoftwareManagement.Plugin.apama_plugin_install" />
<testcase classname="ApamaPluginInstallTest" name="SoftwareManagement.Plugin.apama_plugin_install" />
</testsuite><testsuite name="SoftwareManagement.Plugin.apama_plugin_mon_support" tests="3" errors="0" failures="0" skipped="1" time="0"><testcase classname="ApamaPluginMonSupportTest" name="SoftwareManagement.Plugin.apama_plugin_mon_support">
		<skipped message="SKIPPED: Apama plugin tests are disabled by default. Execute `pysys run` with `-XmyPlatform=container` to run these tests" />
		<system-out>19:28:52 INFO  ==============================================================
19:28:52 INFO  Id:    SoftwareManagement.Plugin.apama_plugin_mon_support
19:28:52 INFO  Dir:   plugin_apama/
19:28:52 INFO  Title: Validate mon file support of apama plugin
19:28:52 INFO  ==============================================================
19:28:52 INFO  Apama plugin tests are disabled by default. Execute `pysys run` with `-XmyPlatform=container` to run these tests ... skipped
19:28:52 WARN  Aborted test due to SKIPPED outcome
19:28:52 INFO  
19:28:52 INFO  Test duration: 0.02 secs
19:28:52 INFO  Test final outcome:  SKIPPED
19:28:52 INFO  Test outcome reason: Apama plugin tests are disabled by default. Execute `pysys run` with `-XmyPlatform=container` to run these tests
19:28:52 INFO  
</system-out>
	</testcase>
<testcase classname="ApamaPluginMonSupportTest" name="SoftwareManagement.Plugin.apama_plugin_mon_support" />
<testcase classname="ApamaPluginMonSupportTest" name="SoftwareManagement.Plugin.apama_plugin_mon_support" />
</testsuite><testsuite name="SoftwareManagement.Plugin.apama_plugin_remove" tests="3" errors="0" failures="0" skipped="1" time="0"><testcase classname="ApamaPluginRemoveTest" name="SoftwareManagement.Plugin.apama_plugin_remove">
		<skipped message="SKIPPED: Apama plugin tests are disabled by default. Execute `pysys run` with `-XmyPlatform=container` to run these tests" />
		<system-out>19:28:53 INFO  ==============================================================
19:28:53 INFO  Id:    SoftwareManagement.Plugin.apama_plugin_remove
19:28:53 INFO  Dir:   plugin_apama/
19:28:53 INFO  Title: Validate apama plugin remove
19:28:53 INFO  ==============================================================
19:28:53 INFO  Apama plugin tests are disabled by default. Execute `pysys run` with `-XmyPlatform=container` to run these tests ... skipped
19:28:53 WARN  Aborted test due to SKIPPED outcome
19:28:53 INFO  
19:28:53 INFO  Test duration: 0.02 secs
19:28:53 INFO  Test final outcome:  SKIPPED
19:28:53 INFO  Test outcome reason: Apama plugin tests are disabled by default. Execute `pysys run` with `-XmyPlatform=container` to run these tests
19:28:53 INFO  
</system-out>
	</testcase>
<testcase classname="ApamaPluginRemoveTest" name="SoftwareManagement.Plugin.apama_plugin_remove" />
<testcase classname="ApamaPluginRemoveTest" name="SoftwareManagement.Plugin.apama_plugin_remove" />
</testsuite><testsuite name="SoftwareManagement.Plugin.apama_plugin_update" tests="3" errors="0" failures="0" skipped="3" time="0"><testcase classname="ApamaPluginUpdateTest" name="SoftwareManagement.Plugin.apama_plugin_update">
		<skipped message="SKIPPED: Test execution disabled due to #1052" />
		<system-out>19:28:53 INFO  ==============================================================
19:28:53 INFO  Id:    SoftwareManagement.Plugin.apama_plugin_update
19:28:53 INFO  Dir:   plugin_apama/
19:28:53 INFO  Title: Validate apama plugin updating one project with another
19:28:53 INFO  ==============================================================
19:28:53 INFO  Test execution disabled due to #1052 ... skipped
19:28:53 INFO  
19:28:53 INFO  Test duration: 0.02 secs
19:28:53 INFO  Test final outcome:  SKIPPED
19:28:53 INFO  Test outcome reason: Test execution disabled due to #1052
19:28:53 INFO  
</system-out>
	</testcase>
<testcase classname="ApamaPluginUpdateTest" name="SoftwareManagement.Plugin.apama_plugin_update">
		<skipped message="SKIPPED: Test execution disabled due to #1052" />
		<system-out>20:21:36 INFO  ==============================================================
20:21:36 INFO  Id:    SoftwareManagement.Plugin.apama_plugin_update
20:21:36 INFO  Dir:   plugin_apama/
20:21:36 INFO  Title: Validate apama plugin updating one project with another
20:21:36 INFO  ==============================================================
20:21:36 INFO  Test execution disabled due to #1052 ... skipped
20:21:36 INFO  
20:21:36 INFO  Test duration: 0.02 secs
20:21:36 INFO  Test final outcome:  SKIPPED
20:21:36 INFO  Test outcome reason: Test execution disabled due to #1052
20:21:36 INFO  
</system-out>
	</testcase>
<testcase classname="ApamaPluginUpdateTest" name="SoftwareManagement.Plugin.apama_plugin_update">
		<skipped message="SKIPPED: Test execution disabled due to #1052" />
		<system-out>20:30:12 INFO  ==============================================================
20:30:12 INFO  Id:    SoftwareManagement.Plugin.apama_plugin_update
20:30:12 INFO  Dir:   plugin_apama/
20:30:12 INFO  Title: Validate apama plugin updating one project with another
20:30:12 INFO  ==============================================================
20:30:12 INFO  Test execution disabled due to #1052 ... skipped
20:30:12 INFO  
20:30:12 INFO  Test duration: 0.02 secs
20:30:12 INFO  Test final outcome:  SKIPPED
20:30:12 INFO  Test outcome reason: Test execution disabled due to #1052
20:30:12 INFO  
</system-out>
	</testcase>
</testsuite><testsuite name="SoftwareManagement.sm_apt_install_download_path" tests="3" errors="0" failures="2" skipped="1" time="0"><testcase classname="AptInstallWithDownloadPath" name="SoftwareManagement.sm_apt_install_download_path">
		<skipped message="SKIPPED: Testing the apt plugin is not supported on this platform.Use parameter -XmyPlatform='container' to enable it" />
		<system-out>19:38:38 INFO  ==============================================================
19:38:38 INFO  Id:    SoftwareManagement.sm_apt_install_download_path
19:38:38 INFO  Dir:   software_management_end_to_end/
19:38:38 INFO  Title: Install package to directory specified in tedge config set tmp.path
19:38:38 INFO  ==============================================================
19:38:38 INFO  Testing the apt plugin is not supported on this platform.Use parameter -XmyPlatform='container' to enable it ... skipped
19:38:38 WARN  Aborted test due to SKIPPED outcome
19:38:38 INFO  
19:38:38 INFO  Test duration: 0.10 secs
19:38:38 INFO  Test final outcome:  SKIPPED
19:38:38 INFO  Test outcome reason: Testing the apt plugin is not supported on this platform.Use parameter -XmyPlatform='container' to enable it
19:38:38 INFO  
</system-out>
	</testcase>
<testcase classname="AptInstallWithDownloadPath" name="SoftwareManagement.sm_apt_install_download_path">
		<failure message="BLOCKED: AssertionError:" type="BLOCKED" />
		<system-out>20:03:13 INFO  ==============================================================
20:03:14 INFO  Id:    SoftwareManagement.sm_apt_install_download_path
20:03:14 INFO  Dir:   software_management_end_to_end/
20:03:14 INFO  Title: Install package to directory specified in tedge config set tmp.path
20:03:14 INFO  ==============================================================
20:03:14 INFO  Using sw id database: {'asciijump': '5475369', 'robotfindskitten': '5474869', 'squirrel3': '5475279', 'rolldice': '5152439', 'moon-buggy': '5439204', 'apple': '5495053', 'banana': '5494888', 'cherry': '5495382', 'watermelon': '5494510', 'registry': '8018911', 'hello-world': '8021526', 'docker/getting-started': '8021973', 'alpine': '7991792'}
20:03:14 INFO  EnvironmentC8y Setup
20:03:14 INFO  Executed systemctl&lt;serv_mapper1&gt;, exit status 3
20:03:29 INFO  Executed sudo&lt;tedge_connect_c8y&gt;, exit status 0, duration 14 secs
20:03:31 INFO  Executed sudo&lt;tedge_connect_c8y_test&gt;, exit status 0
20:03:32 INFO  Executed systemctl&lt;serv_mosq2&gt;, exit status 0
20:03:32 INFO  Executed systemctl&lt;serv_mapper3&gt;, exit status 0
20:03:35 ERROR No operations found, assuming it passed
20:03:35 INFO  Assert that (False == value) with value=False ... passed
20:03:35 INFO  Executed sudo, exit status 0
20:03:36 INFO  Executed sudo, exit status 0
20:03:36 INFO  Executed sudo, exit status 0
20:03:41 INFO  Executed sudo&lt;tedge_disconnect_c8y&gt;, exit status 0
20:03:41 INFO  Restarting mosquitto too frequently in the last 10 seconds. It was only up for 4 seconds
20:03:41 INFO  Delaying execution by 7 seconds
20:04:02 INFO  Executed sudo&lt;tedge_connect_c8y&gt;, exit status 0, duration 14 secs
20:04:03 INFO  Response status: 201
20:04:03 INFO  Response to action: {
    "creationTime": "2022-05-10T20:04:03.013Z",
    "deviceName": "mythicc",
    "deviceId": "18732225",
    "self": "https://t493319102.eu-latest.cumulocity.com/devicecontrol/operations/18751542",
    "id": "18751542",
    "status": "PENDING",
    "description": "Apply software changes, triggered from PySys: [{'name': 'rolldice', 'id': '5152439', 'version': '::apt', 'url': 'https://thin-edge-io.eu-latest.cumulocity.com/inventory/binaries/12435463', 'action': 'install'}]",
    "c8y_SoftwareUpdate": [
        {
            "name": "rolldice",
            "action": "install",
            "id": "5152439",
            "version": "::apt",
            "url": "https://thin-edge-io.eu-latest.cumulocity.com/inventory/binaries/12435463"
        }
    ]
}
20:04:03 INFO  Started operation: {'creationTime': '2022-05-10T20:04:03.013Z', 'deviceName': 'mythicc', 'deviceId': '18732225', 'self': 'https://t493319102.eu-latest.cumulocity.com/devicecontrol/operations/18751542', 'id': '18751542', 'status': 'PENDING', 'description': "Apply software changes, triggered from PySys: [{'name': 'rolldice', 'id': '5152439', 'version': '::apt', 'url': 'https://thin-edge-io.eu-latest.cumulocity.com/inventory/binaries/12435463', 'action': 'install'}]", 'c8y_SoftwareUpdate': [{'name': 'rolldice', 'action': 'install', 'id': '5152439', 'version': '::apt', 'url': 'https://thin-edge-io.eu-latest.cumulocity.com/inventory/binaries/12435463'}]}
20:04:03 WARN  , retrying in 0.5 seconds...
20:04:03 WARN  , retrying in 0.5 seconds...
20:04:04 WARN  , retrying in 0.5 seconds...
20:04:04 WARN  , retrying in 0.5 seconds...
20:04:05 WARN  , retrying in 0.5 seconds...
20:04:05 WARN  , retrying in 0.5 seconds...
20:04:06 WARN  , retrying in 0.5 seconds...
20:04:06 WARN  , retrying in 0.5 seconds...
20:04:07 WARN  , retrying in 0.5 seconds...
20:04:07 WARN  AssertionError occurred while running test - 
Traceback (most recent call last):
  File "/home/pi/env-pysys/lib/python3.7/site-packages/pysys/baserunner.py", line 1294, in __call__
    self.testObj.execute()
  File "/home/pi/actions-runner/_work/thin-edge.io/thin-edge.io/tests/PySys/software_management_end_to_end/sm_apt_install_download_path/run.py", line 83, in execute
    assert_install_in_download_path(install_directory=self.DOWNLOAD_DIR)
  File "/home/pi/env-pysys/lib/python3.7/site-packages/decorator.py", line 232, in fun
    return caller(func, *(extras + args), **kw)
  File "/home/pi/env-pysys/lib/python3.7/site-packages/retry/api.py", line 74, in retry_decorator
    logger)
  File "/home/pi/env-pysys/lib/python3.7/site-packages/retry/api.py", line 33, in __retry_internal
    return f()
  File "/home/pi/actions-runner/_work/thin-edge.io/thin-edge.io/tests/PySys/software_management_end_to_end/sm_apt_install_download_path/run.py", line 28, in assert_install_in_download_path
    assert "rolldice" in os.listdir(f"{install_directory}")
AssertionError
20:04:08 WARN  AssertionError: ... blocked 
20:04:08 INFO  
20:04:08 INFO  cleanup:
20:04:09 INFO  Executed sudo, exit status 0
20:04:09 INFO  Executed sudo, exit status 0
20:04:13 INFO  Executed sudo&lt;tedge_disconnect_c8y&gt;, exit status 0
20:04:13 INFO  Restarting mosquitto too frequently in the last 10 seconds. It was only up for 4 seconds
20:04:13 INFO  Delaying execution by 7 seconds
20:04:35 INFO  Executed sudo&lt;tedge_connect_c8y&gt;, exit status 0, duration 14 secs
20:04:39 INFO  Executed sudo&lt;tedge_disconnect_c8y&gt;, exit status 0
20:04:40 INFO  Executed systemctl&lt;serv_mapper5&gt;, exit status 3
20:04:40 INFO  
20:04:40 INFO  Test duration: 86.23 secs
20:04:40 INFO  Test final outcome:  BLOCKED
20:04:40 INFO  Test outcome reason: AssertionError:
20:04:40 INFO  
</system-out>
	</testcase>
<testcase classname="AptInstallWithDownloadPath" name="SoftwareManagement.sm_apt_install_download_path">
		<failure message="BLOCKED: AssertionError:" type="BLOCKED" />
		<system-out>20:30:12 INFO  ==============================================================
20:30:12 INFO  Id:    SoftwareManagement.sm_apt_install_download_path
20:30:12 INFO  Dir:   software_management_end_to_end/
20:30:12 INFO  Title: Install package to directory specified in tedge config set tmp.path
20:30:12 INFO  ==============================================================
20:30:13 INFO  Using sw id database: {'asciijump': '5475369', 'robotfindskitten': '5474869', 'squirrel3': '5475279', 'rolldice': '5152439', 'moon-buggy': '5439204', 'apple': '5495053', 'banana': '5494888', 'cherry': '5495382', 'watermelon': '5494510', 'registry': '8018911', 'hello-world': '8021526', 'docker/getting-started': '8021973', 'alpine': '7991792'}
20:30:13 INFO  EnvironmentC8y Setup
20:30:14 INFO  Executed systemctl&lt;serv_mapper1&gt;, exit status 3
20:30:29 INFO  Executed sudo&lt;tedge_connect_c8y&gt;, exit status 0, duration 15 secs
20:30:30 INFO  Executed sudo&lt;tedge_connect_c8y_test&gt;, exit status 0
20:30:30 INFO  Executed systemctl&lt;serv_mosq2&gt;, exit status 0
20:30:31 INFO  Executed systemctl&lt;serv_mapper3&gt;, exit status 0
20:30:33 INFO  State of current operation: SUCCESSFUL
20:30:33 INFO  Assert that (False == value) with value=False ... passed
20:30:34 INFO  Executed sudo, exit status 0
20:30:34 INFO  Executed sudo, exit status 0
20:30:35 INFO  Executed sudo, exit status 0
20:30:39 INFO  Executed sudo&lt;tedge_disconnect_c8y&gt;, exit status 0
20:30:39 INFO  Restarting mosquitto too frequently in the last 10 seconds. It was only up for 4 seconds
20:30:39 INFO  Delaying execution by 7 seconds
20:31:00 INFO  Executed sudo&lt;tedge_connect_c8y&gt;, exit status 0, duration 13 secs
20:31:01 INFO  Response status: 201
20:31:01 INFO  Response to action: {
    "delivery": {
        "time": "2022-05-10T20:31:01.193Z",
        "log": [],
        "status": "PENDING"
    },
    "creationTime": "2022-05-10T20:31:01.178Z",
    "deviceName": "mythicc",
    "deviceId": "18732225",
    "self": "https://t493319102.eu-latest.cumulocity.com/devicecontrol/operations/18751778",
    "id": "18751778",
    "status": "PENDING",
    "description": "Apply software changes, triggered from PySys: [{'name': 'rolldice', 'id': '5152439', 'version': '::apt', 'url': 'https://thin-edge-io.eu-latest.cumulocity.com/inventory/binaries/12435463', 'action': 'install'}]",
    "c8y_SoftwareUpdate": [
        {
            "name": "rolldice",
            "action": "install",
            "id": "5152439",
            "version": "::apt",
            "url": "https://thin-edge-io.eu-latest.cumulocity.com/inventory/binaries/12435463"
        }
    ]
}
20:31:01 INFO  Started operation: {'delivery': {'time': '2022-05-10T20:31:01.193Z', 'log': [], 'status': 'PENDING'}, 'creationTime': '2022-05-10T20:31:01.178Z', 'deviceName': 'mythicc', 'deviceId': '18732225', 'self': 'https://t493319102.eu-latest.cumulocity.com/devicecontrol/operations/18751778', 'id': '18751778', 'status': 'PENDING', 'description': "Apply software changes, triggered from PySys: [{'name': 'rolldice', 'id': '5152439', 'version': '::apt', 'url': 'https://thin-edge-io.eu-latest.cumulocity.com/inventory/binaries/12435463', 'action': 'install'}]", 'c8y_SoftwareUpdate': [{'name': 'rolldice', 'action': 'install', 'id': '5152439', 'version': '::apt', 'url': 'https://thin-edge-io.eu-latest.cumulocity.com/inventory/binaries/12435463'}]}
20:31:01 WARN  , retrying in 0.5 seconds...
20:31:01 WARN  , retrying in 0.5 seconds...
20:31:02 WARN  , retrying in 0.5 seconds...
20:31:02 WARN  , retrying in 0.5 seconds...
20:31:03 WARN  , retrying in 0.5 seconds...
20:31:03 WARN  , retrying in 0.5 seconds...
20:31:04 WARN  , retrying in 0.5 seconds...
20:31:04 WARN  , retrying in 0.5 seconds...
20:31:05 WARN  , retrying in 0.5 seconds...
20:31:05 WARN  AssertionError occurred while running test - 
Traceback (most recent call last):
  File "/home/pi/env-pysys/lib/python3.7/site-packages/pysys/baserunner.py", line 1294, in __call__
    self.testObj.execute()
  File "/home/pi/actions-runner/_work/thin-edge.io/thin-edge.io/tests/PySys/software_management_end_to_end/sm_apt_install_download_path/run.py", line 83, in execute
    assert_install_in_download_path(install_directory=self.DOWNLOAD_DIR)
  File "/home/pi/env-pysys/lib/python3.7/site-packages/decorator.py", line 232, in fun
    return caller(func, *(extras + args), **kw)
  File "/home/pi/env-pysys/lib/python3.7/site-packages/retry/api.py", line 74, in retry_decorator
    logger)
  File "/home/pi/env-pysys/lib/python3.7/site-packages/retry/api.py", line 33, in __retry_internal
    return f()
  File "/home/pi/actions-runner/_work/thin-edge.io/thin-edge.io/tests/PySys/software_management_end_to_end/sm_apt_install_download_path/run.py", line 28, in assert_install_in_download_path
    assert "rolldice" in os.listdir(f"{install_directory}")
AssertionError
20:31:06 WARN  AssertionError: ... blocked 
20:31:06 INFO  
20:31:06 INFO  cleanup:
20:31:06 INFO  Executed sudo, exit status 0
20:31:07 INFO  Executed sudo, exit status 0
20:31:11 INFO  Executed sudo&lt;tedge_disconnect_c8y&gt;, exit status 0
20:31:12 INFO  Restarting mosquitto too frequently in the last 10 seconds. It was only up for 4 seconds
20:31:12 INFO  Delaying execution by 7 seconds
20:31:33 INFO  Executed sudo&lt;tedge_connect_c8y&gt;, exit status 0, duration 14 secs
20:31:37 INFO  Executed sudo&lt;tedge_disconnect_c8y&gt;, exit status 0
20:31:38 INFO  Executed systemctl&lt;serv_mapper5&gt;, exit status 3
20:31:38 INFO  
20:31:38 INFO  Test duration: 85.67 secs
20:31:38 INFO  Test final outcome:  BLOCKED
20:31:38 INFO  Test outcome reason: AssertionError:
20:31:38 INFO  
</system-out>
	</testcase>
</testsuite><testsuite name="SoftwareManagement.sm_apt_install_fail" tests="3" errors="0" failures="0" skipped="1" time="0"><testcase classname="PySysTest" name="SoftwareManagement.sm_apt_install_fail">
		<skipped message="SKIPPED: Testing the apt plugin is not supported on this platform.Use parameter -XmyPlatform='container' to enable it" />
		<system-out>19:38:38 INFO  ==============================================================
19:38:38 INFO  Id:    SoftwareManagement.sm_apt_install_fail
19:38:38 INFO  Dir:   software_management_end_to_end/
19:38:38 INFO  Title: Validate end to end behaviour for a failing installation
19:38:38 INFO  ==============================================================
19:38:38 INFO  Testing the apt plugin is not supported on this platform.Use parameter -XmyPlatform='container' to enable it ... skipped
19:38:38 WARN  Aborted test due to SKIPPED outcome
19:38:38 INFO  
19:38:38 INFO  Test duration: 0.05 secs
19:38:38 INFO  Test final outcome:  SKIPPED
19:38:38 INFO  Test outcome reason: Testing the apt plugin is not supported on this platform.Use parameter -XmyPlatform='container' to enable it
19:38:38 INFO  
</system-out>
	</testcase>
<testcase classname="PySysTest" name="SoftwareManagement.sm_apt_install_fail" />
<testcase classname="PySysTest" name="SoftwareManagement.sm_apt_install_fail" />
</testsuite><testsuite name="SoftwareManagement.sm_apt_install_remove" tests="3" errors="0" failures="0" skipped="1" time="0"><testcase classname="PySysTest" name="SoftwareManagement.sm_apt_install_remove">
		<skipped message="SKIPPED: Testing the apt plugin is not supported on this platform.Use parameter -XmyPlatform='container' to enable it" />
		<system-out>19:38:38 INFO  ==============================================================
19:38:38 INFO  Id:    SoftwareManagement.sm_apt_install_remove
19:38:38 INFO  Dir:   software_management_end_to_end/
19:38:38 INFO  Title: Validate end to end behaviour for the apt plugin for installation and removal of packages
19:38:38 INFO  ==============================================================
19:38:38 INFO  Testing the apt plugin is not supported on this platform.Use parameter -XmyPlatform='container' to enable it ... skipped
19:38:38 WARN  Aborted test due to SKIPPED outcome
19:38:38 INFO  
19:38:38 INFO  Test duration: 0.02 secs
19:38:38 INFO  Test final outcome:  SKIPPED
19:38:38 INFO  Test outcome reason: Testing the apt plugin is not supported on this platform.Use parameter -XmyPlatform='container' to enable it
19:38:38 INFO  
</system-out>
	</testcase>
<testcase classname="PySysTest" name="SoftwareManagement.sm_apt_install_remove" />
<testcase classname="PySysTest" name="SoftwareManagement.sm_apt_install_remove" />
</testsuite><testsuite name="SoftwareManagement.sm_apt_install_remove_default" tests="3" errors="0" failures="0" skipped="1" time="0"><testcase classname="PySysTest" name="SoftwareManagement.sm_apt_install_remove_default">
		<skipped message="SKIPPED: Testing the apt plugin is not supported on this platform.Use parameter -XmyPlatform='container' to enable it" />
		<system-out>19:38:38 INFO  ==============================================================
19:38:38 INFO  Id:    SoftwareManagement.sm_apt_install_remove_default
19:38:38 INFO  Dir:   software_management_end_to_end/
19:38:38 INFO  Title: Validate end to end behaviour for the default plugin for installation and removal of packages
19:38:38 INFO  ==============================================================
19:38:38 INFO  Testing the apt plugin is not supported on this platform.Use parameter -XmyPlatform='container' to enable it ... skipped
19:38:38 WARN  Aborted test due to SKIPPED outcome
19:38:38 INFO  
19:38:38 INFO  Test duration: 0.02 secs
19:38:38 INFO  Test final outcome:  SKIPPED
19:38:38 INFO  Test outcome reason: Testing the apt plugin is not supported on this platform.Use parameter -XmyPlatform='container' to enable it
19:38:38 INFO  
</system-out>
	</testcase>
<testcase classname="PySysTest" name="SoftwareManagement.sm_apt_install_remove_default" />
<testcase classname="PySysTest" name="SoftwareManagement.sm_apt_install_remove_default" />
</testsuite><testsuite name="SoftwareManagement.sm_apt_install_remove_multiple" tests="3" errors="0" failures="2" skipped="1" time="0"><testcase classname="PySysTest" name="SoftwareManagement.sm_apt_install_remove_multiple">
		<skipped message="SKIPPED: Testing the apt plugin is not supported on this platform.Use parameter -XmyPlatform='container' to enable it" />
		<system-out>19:38:38 INFO  ==============================================================
19:38:38 INFO  Id:    SoftwareManagement.sm_apt_install_remove_multiple
19:38:38 INFO  Dir:   software_management_end_to_end/
19:38:38 INFO  Title: Validate end to end behaviour for the apt plugin for multiple packages
19:38:38 INFO  ==============================================================
19:38:38 INFO  Testing the apt plugin is not supported on this platform.Use parameter -XmyPlatform='container' to enable it ... skipped
19:38:38 WARN  Aborted test due to SKIPPED outcome
19:38:38 INFO  
19:38:38 INFO  Test duration: 0.02 secs
19:38:38 INFO  Test final outcome:  SKIPPED
19:38:38 INFO  Test outcome reason: Testing the apt plugin is not supported on this platform.Use parameter -XmyPlatform='container' to enable it
19:38:38 INFO  
</system-out>
	</testcase>
<testcase classname="PySysTest" name="SoftwareManagement.sm_apt_install_remove_multiple">
		<failure message="FAILED: Assert that (False == value) with value=True" type="FAILED" />
		<system-out>20:11:35 INFO  ==============================================================
20:11:35 INFO  Id:    SoftwareManagement.sm_apt_install_remove_multiple
20:11:35 INFO  Dir:   software_management_end_to_end/
20:11:35 INFO  Title: Validate end to end behaviour for the apt plugin for multiple packages
20:11:35 INFO  ==============================================================
20:11:35 INFO  Using sw id database: {'asciijump': '5475369', 'robotfindskitten': '5474869', 'squirrel3': '5475279', 'rolldice': '5152439', 'moon-buggy': '5439204', 'apple': '5495053', 'banana': '5494888', 'cherry': '5495382', 'watermelon': '5494510', 'registry': '8018911', 'hello-world': '8021526', 'docker/getting-started': '8021973', 'alpine': '7991792'}
20:11:35 INFO  EnvironmentC8y Setup
20:11:36 INFO  Executed systemctl&lt;serv_mapper1&gt;, exit status 3
20:11:36 INFO  Restarting mosquitto too frequently in the last 10 seconds. It was only up for 4 seconds
20:11:36 INFO  Delaying execution by 7 seconds
20:11:57 INFO  Executed sudo&lt;tedge_connect_c8y&gt;, exit status 0, duration 14 secs
20:11:58 INFO  Executed sudo&lt;tedge_connect_c8y_test&gt;, exit status 0
20:11:58 INFO  Executed systemctl&lt;serv_mosq2&gt;, exit status 0
20:11:59 INFO  Executed systemctl&lt;serv_mapper3&gt;, exit status 0
20:12:01 INFO  State of current operation: SUCCESSFUL
20:12:01 INFO  Assert that (False == value) with value=False ... passed
20:12:02 INFO  Assert that (False == value) with value=False ... passed
20:12:02 INFO  Assert that (False == value) with value=False ... passed
20:12:02 INFO  Package robotfindskitten is installed
20:12:02 WARN  Assert that (False == value) with value=True ... failed 
20:12:02 INFO  Response status: 201
20:12:02 INFO  Response to action: {
    "creationTime": "2022-05-10T20:12:02.777Z",
    "deviceName": "mythicc",
    "deviceId": "18732225",
    "self": "https://t493319102.eu-latest.cumulocity.com/devicecontrol/operations/18751636",
    "id": "18751636",
    "status": "PENDING",
    "description": "Apply software changes, triggered from PySys: [{'action': 'install', 'id': '5475369', 'name': 'asciijump', 'url': ' ', 'version': '::apt'}, {'action': 'install', 'id': '5474869', 'name': 'robotfindskitten', 'url': ' ', 'version': '::apt'}, {'action': 'install', 'id': '5475279', 'name': 'squirrel3', 'url': ' ', 'version': '::apt'}]",
    "c8y_SoftwareUpdate": [
        {
            "name": "asciijump",
            "action": "install",
            "id": "5475369",
            "version": "::apt",
            "url": " "
        },
        {
            "name": "robotfindskitten",
            "action": "install",
            "id": "5474869",
            "version": "::apt",
            "url": " "
        },
        {
            "name": "squirrel3",
            "action": "install",
            "id": "5475279",
            "version": "::apt",
            "url": " "
        }
    ]
}
20:12:02 INFO  Started operation: {'creationTime': '2022-05-10T20:12:02.777Z', 'deviceName': 'mythicc', 'deviceId': '18732225', 'self': 'https://t493319102.eu-latest.cumulocity.com/devicecontrol/operations/18751636', 'id': '18751636', 'status': 'PENDING', 'description': "Apply software changes, triggered from PySys: [{'action': 'install', 'id': '5475369', 'name': 'asciijump', 'url': ' ', 'version': '::apt'}, {'action': 'install', 'id': '5474869', 'name': 'robotfindskitten', 'url': ' ', 'version': '::apt'}, {'action': 'install', 'id': '5475279', 'name': 'squirrel3', 'url': ' ', 'version': '::apt'}]", 'c8y_SoftwareUpdate': [{'name': 'asciijump', 'action': 'install', 'id': '5475369', 'version': '::apt', 'url': ' '}, {'name': 'robotfindskitten', 'action': 'install', 'id': '5474869', 'version': '::apt', 'url': ' '}, {'name': 'squirrel3', 'action': 'install', 'id': '5475279', 'version': '::apt', 'url': ' '}]}
20:12:05 INFO  State of operation 18751636 : PENDING
20:12:07 INFO  State of operation 18751636 : EXECUTING
20:12:09 INFO  State of operation 18751636 : EXECUTING
20:12:11 INFO  State of operation 18751636 : EXECUTING
20:12:13 INFO  State of operation 18751636 : EXECUTING
20:12:16 INFO  State of operation 18751636 : EXECUTING
20:12:18 INFO  State of operation 18751636 : EXECUTING
20:12:21 INFO  State of operation 18751636 : EXECUTING
20:12:23 INFO  State of operation 18751636 : EXECUTING
20:12:26 INFO  State of operation 18751636 : EXECUTING
20:12:28 INFO  State of operation 18751636 : EXECUTING
20:12:30 INFO  State of operation 18751636 : EXECUTING
20:12:33 INFO  State of operation 18751636 : EXECUTING
20:12:35 INFO  State of operation 18751636 : EXECUTING
20:12:37 INFO  State of operation 18751636 : EXECUTING
20:12:39 INFO  State of operation 18751636 : EXECUTING
20:12:42 INFO  State of operation 18751636 : EXECUTING
20:12:44 INFO  State of operation 18751636 : EXECUTING
20:12:47 INFO  State of operation 18751636 : EXECUTING
20:12:49 INFO  State of operation 18751636 : EXECUTING
20:12:51 INFO  State of operation 18751636 : EXECUTING
20:12:54 INFO  State of operation 18751636 : EXECUTING
20:12:56 INFO  State of operation 18751636 : EXECUTING
20:12:58 INFO  State of operation 18751636 : EXECUTING
20:13:01 INFO  State of operation 18751636 : EXECUTING
20:13:03 INFO  State of operation 18751636 : EXECUTING
20:13:05 INFO  State of operation 18751636 : EXECUTING
20:13:07 INFO  State of operation 18751636 : EXECUTING
20:13:10 INFO  State of operation 18751636 : EXECUTING
20:13:12 INFO  State of operation 18751636 : EXECUTING
20:13:14 INFO  State of operation 18751636 : EXECUTING
20:13:17 INFO  State of operation 18751636 : EXECUTING
20:13:19 INFO  State of operation 18751636 : EXECUTING
20:13:21 INFO  State of operation 18751636 : EXECUTING
20:13:23 INFO  State of operation 18751636 : EXECUTING
20:13:26 INFO  State of operation 18751636 : SUCCESSFUL
20:13:26 INFO  Assert that (False == value) with value=False ... passed
20:13:26 INFO  Package asciijump is installed
20:13:26 INFO  Assert that (True == value) with value=True ... passed
20:13:26 INFO  Package squirrel3 is installed
20:13:26 INFO  Assert that (True == value) with value=True ... passed
20:13:26 INFO  Package robotfindskitten is installed
20:13:26 INFO  Assert that (True == value) with value=True ... passed
20:13:27 INFO  Response status: 201
20:13:27 INFO  Response to action: {
    "creationTime": "2022-05-10T20:13:27.122Z",
    "deviceName": "mythicc",
    "deviceId": "18732225",
    "self": "https://t493319102.eu-latest.cumulocity.com/devicecontrol/operations/18751649",
    "id": "18751649",
    "status": "PENDING",
    "description": "Apply software changes, triggered from PySys: [{'action': 'delete', 'id': '5475369', 'name': 'asciijump', 'url': ' ', 'version': '::apt'}, {'action': 'delete', 'id': '5474869', 'name': 'robotfindskitten', 'url': ' ', 'version': '::apt'}, {'action': 'delete', 'id': '5475279', 'name': 'squirrel3', 'url': ' ', 'version': '::apt'}]",
    "c8y_SoftwareUpdate": [
        {
            "name": "asciijump",
            "action": "delete",
            "id": "5475369",
            "version": "::apt",
            "url": " "
        },
        {
            "name": "robotfindskitten",
            "action": "delete",
            "id": "5474869",
            "version": "::apt",
            "url": " "
        },
        {
            "name": "squirrel3",
            "action": "delete",
            "id": "5475279",
            "version": "::apt",
            "url": " "
        }
    ]
}
20:13:27 INFO  Started operation: {'creationTime': '2022-05-10T20:13:27.122Z', 'deviceName': 'mythicc', 'deviceId': '18732225', 'self': 'https://t493319102.eu-latest.cumulocity.com/devicecontrol/operations/18751649', 'id': '18751649', 'status': 'PENDING', 'description': "Apply software changes, triggered from PySys: [{'action': 'delete', 'id': '5475369', 'name': 'asciijump', 'url': ' ', 'version': '::apt'}, {'action': 'delete', 'id': '5474869', 'name': 'robotfindskitten', 'url': ' ', 'version': '::apt'}, {'action': 'delete', 'id': '5475279', 'name': 'squirrel3', 'url': ' ', 'version': '::apt'}]", 'c8y_SoftwareUpdate': [{'name': 'asciijump', 'action': 'delete', 'id': '5475369', 'version': '::apt', 'url': ' '}, {'name': 'robotfindskitten', 'action': 'delete', 'id': '5474869', 'version': '::apt', 'url': ' '}, {'name': 'squirrel3', 'action': 'delete', 'id': '5475279', 'version': '::apt', 'url': ' '}]}
20:13:29 INFO  State of operation 18751649 : PENDING
20:13:31 INFO  State of operation 18751649 : EXECUTING
20:13:33 INFO  State of operation 18751649 : EXECUTING
20:13:36 INFO  State of operation 18751649 : EXECUTING
20:13:38 INFO  State of operation 18751649 : EXECUTING
20:13:40 INFO  State of operation 18751649 : EXECUTING
20:13:43 INFO  State of operation 18751649 : EXECUTING
20:13:46 INFO  State of operation 18751649 : EXECUTING
20:13:48 INFO  State of operation 18751649 : EXECUTING
20:13:51 INFO  State of operation 18751649 : EXECUTING
20:13:53 INFO  State of operation 18751649 : EXECUTING
20:13:55 INFO  State of operation 18751649 : EXECUTING
20:13:58 INFO  State of operation 18751649 : EXECUTING
20:14:00 INFO  State of operation 18751649 : EXECUTING
20:14:02 INFO  State of operation 18751649 : EXECUTING
20:14:04 INFO  State of operation 18751649 : EXECUTING
20:14:07 INFO  State of operation 18751649 : EXECUTING
20:14:10 INFO  State of operation 18751649 : EXECUTING
20:14:12 INFO  State of operation 18751649 : EXECUTING
20:14:14 INFO  State of operation 18751649 : EXECUTING
20:14:16 INFO  State of operation 18751649 : EXECUTING
20:14:19 INFO  State of operation 18751649 : EXECUTING
20:14:21 INFO  State of operation 18751649 : EXECUTING
20:14:23 INFO  State of operation 18751649 : EXECUTING
20:14:26 INFO  State of operation 18751649 : EXECUTING
20:14:28 INFO  State of operation 18751649 : EXECUTING
20:14:31 INFO  State of operation 18751649 : EXECUTING
20:14:33 INFO  State of operation 18751649 : EXECUTING
20:14:35 INFO  State of operation 18751649 : SUCCESSFUL
20:14:35 INFO  Assert that (False == value) with value=False ... passed
20:14:36 INFO  Assert that (False == value) with value=False ... passed
20:14:36 INFO  Assert that (False == value) with value=False ... passed
20:14:36 INFO  Assert that (False == value) with value=False ... passed
20:14:36 INFO  
20:14:36 INFO  cleanup:
20:14:40 INFO  Executed sudo&lt;tedge_disconnect_c8y&gt;, exit status 0
20:14:41 INFO  Executed systemctl&lt;serv_mapper5&gt;, exit status 3
20:14:41 INFO  
20:14:41 INFO  Test duration: 185.46 secs
20:14:41 INFO  Test final outcome:  FAILED
20:14:41 INFO  Test outcome reason: Assert that (False == value) with value=True
20:14:41 INFO  
</system-out>
	</testcase>
<testcase classname="PySysTest" name="SoftwareManagement.sm_apt_install_remove_multiple">
		<failure message="FAILED: Assert that (False == value) with value=True (+2 other failures)" type="FAILED" />
		<system-out>20:38:23 INFO  ==============================================================
20:38:23 INFO  Id:    SoftwareManagement.sm_apt_install_remove_multiple
20:38:23 INFO  Dir:   software_management_end_to_end/
20:38:23 INFO  Title: Validate end to end behaviour for the apt plugin for multiple packages
20:38:23 INFO  ==============================================================
20:38:23 INFO  Using sw id database: {'asciijump': '5475369', 'robotfindskitten': '5474869', 'squirrel3': '5475279', 'rolldice': '5152439', 'moon-buggy': '5439204', 'apple': '5495053', 'banana': '5494888', 'cherry': '5495382', 'watermelon': '5494510', 'registry': '8018911', 'hello-world': '8021526', 'docker/getting-started': '8021973', 'alpine': '7991792'}
20:38:23 INFO  EnvironmentC8y Setup
20:38:24 INFO  Executed systemctl&lt;serv_mapper1&gt;, exit status 3
20:38:24 INFO  Restarting mosquitto too frequently in the last 10 seconds. It was only up for 4 seconds
20:38:24 INFO  Delaying execution by 7 seconds
20:38:45 INFO  Executed sudo&lt;tedge_connect_c8y&gt;, exit status 0, duration 14 secs
20:38:46 INFO  Executed sudo&lt;tedge_connect_c8y_test&gt;, exit status 0
20:38:46 INFO  Executed systemctl&lt;serv_mosq2&gt;, exit status 0
20:38:47 INFO  Executed systemctl&lt;serv_mapper3&gt;, exit status 0
20:38:49 INFO  State of current operation: SUCCESSFUL
20:38:49 INFO  Assert that (False == value) with value=False ... passed
20:38:49 INFO  Package asciijump is installed
20:38:49 WARN  Assert that (False == value) with value=True ... failed 
20:38:50 INFO  Package squirrel3 is installed
20:38:50 WARN  Assert that (False == value) with value=True ... failed 
20:38:50 INFO  Package robotfindskitten is installed
20:38:50 WARN  Assert that (False == value) with value=True ... failed 
20:38:50 INFO  Response status: 201
20:38:50 INFO  Response to action: {
    "creationTime": "2022-05-10T20:38:50.624Z",
    "deviceName": "mythicc",
    "deviceId": "18732225",
    "self": "https://t493319102.eu-latest.cumulocity.com/devicecontrol/operations/18751861",
    "id": "18751861",
    "status": "PENDING",
    "description": "Apply software changes, triggered from PySys: [{'action': 'install', 'id': '5475369', 'name': 'asciijump', 'url': ' ', 'version': '::apt'}, {'action': 'install', 'id': '5474869', 'name': 'robotfindskitten', 'url': ' ', 'version': '::apt'}, {'action': 'install', 'id': '5475279', 'name': 'squirrel3', 'url': ' ', 'version': '::apt'}]",
    "c8y_SoftwareUpdate": [
        {
            "name": "asciijump",
            "action": "install",
            "id": "5475369",
            "version": "::apt",
            "url": " "
        },
        {
            "name": "robotfindskitten",
            "action": "install",
            "id": "5474869",
            "version": "::apt",
            "url": " "
        },
        {
            "name": "squirrel3",
            "action": "install",
            "id": "5475279",
            "version": "::apt",
            "url": " "
        }
    ]
}
20:38:50 INFO  Started operation: {'creationTime': '2022-05-10T20:38:50.624Z', 'deviceName': 'mythicc', 'deviceId': '18732225', 'self': 'https://t493319102.eu-latest.cumulocity.com/devicecontrol/operations/18751861', 'id': '18751861', 'status': 'PENDING', 'description': "Apply software changes, triggered from PySys: [{'action': 'install', 'id': '5475369', 'name': 'asciijump', 'url': ' ', 'version': '::apt'}, {'action': 'install', 'id': '5474869', 'name': 'robotfindskitten', 'url': ' ', 'version': '::apt'}, {'action': 'install', 'id': '5475279', 'name': 'squirrel3', 'url': ' ', 'version': '::apt'}]", 'c8y_SoftwareUpdate': [{'name': 'asciijump', 'action': 'install', 'id': '5475369', 'version': '::apt', 'url': ' '}, {'name': 'robotfindskitten', 'action': 'install', 'id': '5474869', 'version': '::apt', 'url': ' '}, {'name': 'squirrel3', 'action': 'install', 'id': '5475279', 'version': '::apt', 'url': ' '}]}
20:38:52 INFO  State of operation 18751861 : PENDING
20:38:55 INFO  State of operation 18751861 : EXECUTING
20:38:57 INFO  State of operation 18751861 : EXECUTING
20:38:59 INFO  State of operation 18751861 : EXECUTING
20:39:01 INFO  State of operation 18751861 : EXECUTING
20:39:04 INFO  State of operation 18751861 : EXECUTING
20:39:06 INFO  State of operation 18751861 : EXECUTING
20:39:11 INFO  State of operation 18751861 : EXECUTING
20:39:13 INFO  State of operation 18751861 : EXECUTING
20:39:15 INFO  State of operation 18751861 : EXECUTING
20:39:17 INFO  State of operation 18751861 : EXECUTING
20:39:20 INFO  State of operation 18751861 : EXECUTING
20:39:22 INFO  State of operation 18751861 : EXECUTING
20:39:24 INFO  State of operation 18751861 : EXECUTING
20:39:26 INFO  State of operation 18751861 : EXECUTING
20:39:28 INFO  State of operation 18751861 : SUCCESSFUL
20:39:29 INFO  Assert that (False == value) with value=False ... passed
20:39:29 INFO  Package asciijump is installed
20:39:29 INFO  Assert that (True == value) with value=True ... passed
20:39:29 INFO  Package squirrel3 is installed
20:39:29 INFO  Assert that (True == value) with value=True ... passed
20:39:29 INFO  Package robotfindskitten is installed
20:39:29 INFO  Assert that (True == value) with value=True ... passed
20:39:30 INFO  Response status: 201
20:39:30 INFO  Response to action: {
    "creationTime": "2022-05-10T20:39:30.184Z",
    "deviceName": "mythicc",
    "deviceId": "18732225",
    "self": "https://t493319102.eu-latest.cumulocity.com/devicecontrol/operations/18751877",
    "id": "18751877",
    "status": "PENDING",
    "description": "Apply software changes, triggered from PySys: [{'action': 'delete', 'id': '5475369', 'name': 'asciijump', 'url': ' ', 'version': '::apt'}, {'action': 'delete', 'id': '5474869', 'name': 'robotfindskitten', 'url': ' ', 'version': '::apt'}, {'action': 'delete', 'id': '5475279', 'name': 'squirrel3', 'url': ' ', 'version': '::apt'}]",
    "c8y_SoftwareUpdate": [
        {
            "name": "asciijump",
            "action": "delete",
            "id": "5475369",
            "version": "::apt",
            "url": " "
        },
        {
            "name": "robotfindskitten",
            "action": "delete",
            "id": "5474869",
            "version": "::apt",
            "url": " "
        },
        {
            "name": "squirrel3",
            "action": "delete",
            "id": "5475279",
            "version": "::apt",
            "url": " "
        }
    ]
}
20:39:30 INFO  Started operation: {'creationTime': '2022-05-10T20:39:30.184Z', 'deviceName': 'mythicc', 'deviceId': '18732225', 'self': 'https://t493319102.eu-latest.cumulocity.com/devicecontrol/operations/18751877', 'id': '18751877', 'status': 'PENDING', 'description': "Apply software changes, triggered from PySys: [{'action': 'delete', 'id': '5475369', 'name': 'asciijump', 'url': ' ', 'version': '::apt'}, {'action': 'delete', 'id': '5474869', 'name': 'robotfindskitten', 'url': ' ', 'version': '::apt'}, {'action': 'delete', 'id': '5475279', 'name': 'squirrel3', 'url': ' ', 'version': '::apt'}]", 'c8y_SoftwareUpdate': [{'name': 'asciijump', 'action': 'delete', 'id': '5475369', 'version': '::apt', 'url': ' '}, {'name': 'robotfindskitten', 'action': 'delete', 'id': '5474869', 'version': '::apt', 'url': ' '}, {'name': 'squirrel3', 'action': 'delete', 'id': '5475279', 'version': '::apt', 'url': ' '}]}
20:39:32 INFO  State of operation 18751877 : PENDING
20:39:34 INFO  State of operation 18751877 : EXECUTING
20:39:36 INFO  State of operation 18751877 : EXECUTING
20:39:39 INFO  State of operation 18751877 : EXECUTING
20:39:41 INFO  State of operation 18751877 : EXECUTING
20:39:43 INFO  State of operation 18751877 : EXECUTING
20:39:46 INFO  State of operation 18751877 : EXECUTING
20:39:48 INFO  State of operation 18751877 : EXECUTING
20:39:51 INFO  State of operation 18751877 : EXECUTING
20:39:53 INFO  State of operation 18751877 : EXECUTING
20:39:55 INFO  State of operation 18751877 : EXECUTING
20:39:58 INFO  State of operation 18751877 : EXECUTING
20:40:00 INFO  State of operation 18751877 : EXECUTING
20:40:02 INFO  State of operation 18751877 : EXECUTING
20:40:04 INFO  State of operation 18751877 : EXECUTING
20:40:07 INFO  State of operation 18751877 : EXECUTING
20:40:09 INFO  State of operation 18751877 : EXECUTING
20:40:11 INFO  State of operation 18751877 : EXECUTING
20:40:15 INFO  State of operation 18751877 : EXECUTING
20:40:17 INFO  State of operation 18751877 : EXECUTING
20:40:19 INFO  State of operation 18751877 : EXECUTING
20:40:21 INFO  State of operation 18751877 : EXECUTING
20:40:24 INFO  State of operation 18751877 : EXECUTING
20:40:26 INFO  State of operation 18751877 : EXECUTING
20:40:28 INFO  State of operation 18751877 : EXECUTING
20:40:31 INFO  State of operation 18751877 : EXECUTING
20:40:33 INFO  State of operation 18751877 : EXECUTING
20:40:36 INFO  State of operation 18751877 : EXECUTING
20:40:38 INFO  State of operation 18751877 : EXECUTING
20:40:40 INFO  State of operation 18751877 : SUCCESSFUL
20:40:40 INFO  Assert that (False == value) with value=False ... passed
20:40:41 INFO  Assert that (False == value) with value=False ... passed
20:40:41 INFO  Assert that (False == value) with value=False ... passed
20:40:41 INFO  Assert that (False == value) with value=False ... passed
20:40:41 INFO  
20:40:41 INFO  cleanup:
20:40:45 INFO  Executed sudo&lt;tedge_disconnect_c8y&gt;, exit status 0
20:40:46 INFO  Executed systemctl&lt;serv_mapper5&gt;, exit status 3
20:40:46 INFO  
20:40:46 INFO  Test duration: 142.60 secs
20:40:46 INFO  Test final outcome:  FAILED
20:40:46 INFO  Test outcome reason: Assert that (False == value) with value=True (+2 other failures)
20:40:46 INFO  
</system-out>
	</testcase>
</testsuite><testsuite name="SoftwareManagement.sm_apt_install_remove_multiple_mixed" tests="3" errors="0" failures="2" skipped="1" time="0"><testcase classname="PySysTest" name="SoftwareManagement.sm_apt_install_remove_multiple_mixed">
		<skipped message="SKIPPED: Testing the apt plugin is not supported on this platform.Use parameter -XmyPlatform='container' to enable it" />
		<system-out>19:38:38 INFO  ==============================================================
19:38:38 INFO  Id:    SoftwareManagement.sm_apt_install_remove_multiple_mixed
19:38:38 INFO  Dir:   software_management_end_to_end/
19:38:38 INFO  Title: Validate end to end behaviour for the apt plugin for multiple packages with mixed versions
19:38:38 INFO  ==============================================================
19:38:38 INFO  Testing the apt plugin is not supported on this platform.Use parameter -XmyPlatform='container' to enable it ... skipped
19:38:38 WARN  Aborted test due to SKIPPED outcome
19:38:38 INFO  
19:38:38 INFO  Test duration: 0.02 secs
19:38:38 INFO  Test final outcome:  SKIPPED
19:38:38 INFO  Test outcome reason: Testing the apt plugin is not supported on this platform.Use parameter -XmyPlatform='container' to enable it
19:38:38 INFO  
</system-out>
	</testcase>
<testcase classname="PySysTest" name="SoftwareManagement.sm_apt_install_remove_multiple_mixed">
		<failure message="BLOCKED: SystemError: Timeout while waiting for status SUCCESSFUL or False" type="BLOCKED" />
		<system-out>20:14:41 INFO  ==============================================================
20:14:41 INFO  Id:    SoftwareManagement.sm_apt_install_remove_multiple_mixed
20:14:41 INFO  Dir:   software_management_end_to_end/
20:14:41 INFO  Title: Validate end to end behaviour for the apt plugin for multiple packages with mixed versions
20:14:41 INFO  ==============================================================
20:14:41 INFO  Using sw id database: {'asciijump': '5475369', 'robotfindskitten': '5474869', 'squirrel3': '5475279', 'rolldice': '5152439', 'moon-buggy': '5439204', 'apple': '5495053', 'banana': '5494888', 'cherry': '5495382', 'watermelon': '5494510', 'registry': '8018911', 'hello-world': '8021526', 'docker/getting-started': '8021973', 'alpine': '7991792'}
20:14:41 INFO  EnvironmentC8y Setup
20:14:42 INFO  Executed systemctl&lt;serv_mapper1&gt;, exit status 3
20:14:42 INFO  Restarting mosquitto too frequently in the last 10 seconds. It was only up for 5 seconds
20:14:42 INFO  Delaying execution by 6 seconds
20:15:02 INFO  Executed sudo&lt;tedge_connect_c8y&gt;, exit status 0, duration 13 secs
20:15:02 INFO  Executed sudo&lt;tedge_connect_c8y_test&gt;, exit status 0
20:15:03 INFO  Executed systemctl&lt;serv_mosq2&gt;, exit status 0
20:15:03 INFO  Executed systemctl&lt;serv_mapper3&gt;, exit status 0
20:15:05 INFO  State of current operation: SUCCESSFUL
20:15:06 INFO  Assert that (False == value) with value=False ... passed
20:15:06 INFO  Assert that (False == value) with value=False ... passed
20:15:06 INFO  Assert that (False == value) with value=False ... passed
20:15:06 INFO  Assert that (False == value) with value=False ... passed
20:15:07 INFO  Assert that (False == value) with value=False ... passed
20:15:08 INFO  Response status: 201
20:15:08 INFO  Response to action: {
    "delivery": {
        "time": "2022-05-10T20:15:08.468Z",
        "log": [],
        "status": "PENDING"
    },
    "creationTime": "2022-05-10T20:15:08.448Z",
    "deviceName": "mythicc",
    "deviceId": "18732225",
    "self": "https://t493319102.eu-latest.cumulocity.com/devicecontrol/operations/18751661",
    "id": "18751661",
    "status": "PENDING",
    "description": "Apply software changes, triggered from PySys: [{'action': 'install', 'id': '5475369', 'name': 'asciijump', 'url': ' ', 'version': '::apt'}, {'action': 'install', 'id': '5474869', 'name': 'robotfindskitten', 'url': ' ', 'version': ' '}, {'action': 'install', 'id': '5475279', 'name': 'squirrel3', 'url': ' ', 'version': '3.1-7::apt'}, {'action': 'install', 'id': '5152439', 'name': 'rolldice', 'url': ' ', 'version': '1.16-1+b1'}, {'action': 'install', 'id': '5439204', 'name': 'moon-buggy', 'url': ' ', 'version': '1:1.0.51-12'}, {'action': 'install', 'id': '5475369', 'name': 'asciijump', 'url': ' ', 'version': '::apt'}]",
    "c8y_SoftwareUpdate": [
        {
            "name": "asciijump",
            "action": "install",
            "id": "5475369",
            "version": "::apt",
            "url": " "
        },
        {
            "name": "robotfindskitten",
            "action": "install",
            "id": "5474869",
            "version": " ",
            "url": " "
        },
        {
            "name": "squirrel3",
            "action": "install",
            "id": "5475279",
            "version": "3.1-7::apt",
            "url": " "
        },
        {
            "name": "rolldice",
            "action": "install",
            "id": "5152439",
            "version": "1.16-1+b1",
            "url": " "
        },
        {
            "name": "moon-buggy",
            "action": "install",
            "id": "5439204",
            "version": "1:1.0.51-12",
            "url": " "
        },
        {
            "name": "asciijump",
            "action": "install",
            "id": "5475369",
            "version": "::apt",
            "url": " "
        }
    ]
}
20:15:08 INFO  Started operation: {'delivery': {'time': '2022-05-10T20:15:08.468Z', 'log': [], 'status': 'PENDING'}, 'creationTime': '2022-05-10T20:15:08.448Z', 'deviceName': 'mythicc', 'deviceId': '18732225', 'self': 'https://t493319102.eu-latest.cumulocity.com/devicecontrol/operations/18751661', 'id': '18751661', 'status': 'PENDING', 'description': "Apply software changes, triggered from PySys: [{'action': 'install', 'id': '5475369', 'name': 'asciijump', 'url': ' ', 'version': '::apt'}, {'action': 'install', 'id': '5474869', 'name': 'robotfindskitten', 'url': ' ', 'version': ' '}, {'action': 'install', 'id': '5475279', 'name': 'squirrel3', 'url': ' ', 'version': '3.1-7::apt'}, {'action': 'install', 'id': '5152439', 'name': 'rolldice', 'url': ' ', 'version': '1.16-1+b1'}, {'action': 'install', 'id': '5439204', 'name': 'moon-buggy', 'url': ' ', 'version': '1:1.0.51-12'}, {'action': 'install', 'id': '5475369', 'name': 'asciijump', 'url': ' ', 'version': '::apt'}]", 'c8y_SoftwareUpdate': [{'name': 'asciijump', 'action': 'install', 'id': '5475369', 'version': '::apt', 'url': ' '}, {'name': 'robotfindskitten', 'action': 'install', 'id': '5474869', 'version': ' ', 'url': ' '}, {'name': 'squirrel3', 'action': 'install', 'id': '5475279', 'version': '3.1-7::apt', 'url': ' '}, {'name': 'rolldice', 'action': 'install', 'id': '5152439', 'version': '1.16-1+b1', 'url': ' '}, {'name': 'moon-buggy', 'action': 'install', 'id': '5439204', 'version': '1:1.0.51-12', 'url': ' '}, {'name': 'asciijump', 'action': 'install', 'id': '5475369', 'version': '::apt', 'url': ' '}]}
20:15:10 INFO  State of operation 18751661 : PENDING
20:15:12 INFO  State of operation 18751661 : EXECUTING
20:15:15 INFO  State of operation 18751661 : EXECUTING
20:15:17 INFO  State of operation 18751661 : EXECUTING
20:15:19 INFO  State of operation 18751661 : EXECUTING
20:15:21 INFO  State of operation 18751661 : EXECUTING
20:15:24 INFO  State of operation 18751661 : EXECUTING
20:15:27 INFO  State of operation 18751661 : EXECUTING
20:15:29 INFO  State of operation 18751661 : EXECUTING
20:15:32 INFO  State of operation 18751661 : EXECUTING
20:15:34 INFO  State of operation 18751661 : EXECUTING
20:15:36 INFO  State of operation 18751661 : EXECUTING
20:15:38 INFO  State of operation 18751661 : EXECUTING
20:15:41 INFO  State of operation 18751661 : EXECUTING
20:15:43 INFO  State of operation 18751661 : EXECUTING
20:15:45 INFO  State of operation 18751661 : EXECUTING
20:15:47 INFO  State of operation 18751661 : EXECUTING
20:15:50 INFO  State of operation 18751661 : EXECUTING
20:15:52 INFO  State of operation 18751661 : EXECUTING
20:15:55 INFO  State of operation 18751661 : EXECUTING
20:15:57 INFO  State of operation 18751661 : EXECUTING
20:15:59 INFO  State of operation 18751661 : EXECUTING
20:16:01 INFO  State of operation 18751661 : EXECUTING
20:16:04 INFO  State of operation 18751661 : EXECUTING
20:16:06 INFO  State of operation 18751661 : EXECUTING
20:16:09 INFO  State of operation 18751661 : EXECUTING
20:16:11 INFO  State of operation 18751661 : EXECUTING
20:16:14 INFO  State of operation 18751661 : EXECUTING
20:16:16 INFO  State of operation 18751661 : EXECUTING
20:16:19 INFO  State of operation 18751661 : EXECUTING
20:16:21 INFO  State of operation 18751661 : EXECUTING
20:16:23 INFO  State of operation 18751661 : EXECUTING
20:16:25 INFO  State of operation 18751661 : EXECUTING
20:16:28 INFO  State of operation 18751661 : EXECUTING
20:16:30 INFO  State of operation 18751661 : EXECUTING
20:16:32 INFO  State of operation 18751661 : EXECUTING
20:16:34 INFO  State of operation 18751661 : EXECUTING
20:16:37 INFO  State of operation 18751661 : EXECUTING
20:16:39 INFO  State of operation 18751661 : EXECUTING
20:16:42 INFO  State of operation 18751661 : EXECUTING
20:16:44 INFO  State of operation 18751661 : EXECUTING
20:16:47 INFO  State of operation 18751661 : EXECUTING
20:16:49 INFO  State of operation 18751661 : EXECUTING
20:16:51 INFO  State of operation 18751661 : EXECUTING
20:16:54 INFO  State of operation 18751661 : EXECUTING
20:16:56 INFO  State of operation 18751661 : EXECUTING
20:16:58 INFO  State of operation 18751661 : EXECUTING
20:17:00 INFO  State of operation 18751661 : EXECUTING
20:17:02 INFO  State of operation 18751661 : EXECUTING
20:17:05 INFO  State of operation 18751661 : EXECUTING
20:17:07 INFO  State of operation 18751661 : EXECUTING
20:17:10 INFO  State of operation 18751661 : EXECUTING
20:17:12 INFO  State of operation 18751661 : EXECUTING
20:17:14 INFO  State of operation 18751661 : EXECUTING
20:17:17 INFO  State of operation 18751661 : EXECUTING
20:17:19 INFO  State of operation 18751661 : EXECUTING
20:17:22 INFO  State of operation 18751661 : EXECUTING
20:17:24 INFO  State of operation 18751661 : EXECUTING
20:17:26 INFO  State of operation 18751661 : EXECUTING
20:17:29 INFO  State of operation 18751661 : EXECUTING
20:17:31 INFO  State of operation 18751661 : EXECUTING
20:17:33 WARN  SystemError occurred while running test - Timeout while waiting for status SUCCESSFUL or False
Traceback (most recent call last):
  File "/home/pi/env-pysys/lib/python3.7/site-packages/pysys/baserunner.py", line 1294, in __call__
    self.testObj.execute()
  File "/home/pi/actions-runner/_work/thin-edge.io/thin-edge.io/tests/PySys/software_management_end_to_end/sm_apt_install_remove_multiple_mixed/run.py", line 89, in execute
    self.wait_until_succcess()
  File "/home/pi/actions-runner/_work/thin-edge.io/thin-edge.io/tests/PySys/software_management_end_to_end/environment_sm_management.py", line 324, in wait_until_succcess
    self.wait_until_status("SUCCESSFUL")
  File "/home/pi/actions-runner/_work/thin-edge.io/thin-edge.io/tests/PySys/software_management_end_to_end/environment_sm_management.py", line 381, in wait_until_status
    "Timeout while waiting for status %s or %s" % (status, status2)
SystemError: Timeout while waiting for status SUCCESSFUL or False
20:17:34 WARN  SystemError: Timeout while waiting for status SUCCESSFUL or False ... blocked 
20:17:34 INFO  
20:17:34 INFO  cleanup:
20:17:38 INFO  Executed sudo&lt;tedge_disconnect_c8y&gt;, exit status 0
20:17:39 INFO  Executed systemctl&lt;serv_mapper5&gt;, exit status 3
20:17:39 INFO  
20:17:39 INFO  Test duration: 177.86 secs
20:17:39 INFO  Test final outcome:  BLOCKED
20:17:39 INFO  Test outcome reason: SystemError: Timeout while waiting for status SUCCESSFUL or False
20:17:39 INFO  
</system-out>
	</testcase>
<testcase classname="PySysTest" name="SoftwareManagement.sm_apt_install_remove_multiple_mixed">
		<failure message="BLOCKED: SystemError: Timeout while waiting for status SUCCESSFUL or False (+1 other failures)" type="BLOCKED" />
		<system-out>20:40:46 INFO  ==============================================================
20:40:46 INFO  Id:    SoftwareManagement.sm_apt_install_remove_multiple_mixed
20:40:46 INFO  Dir:   software_management_end_to_end/
20:40:46 INFO  Title: Validate end to end behaviour for the apt plugin for multiple packages with mixed versions
20:40:46 INFO  ==============================================================
20:40:46 INFO  Using sw id database: {'asciijump': '5475369', 'robotfindskitten': '5474869', 'squirrel3': '5475279', 'rolldice': '5152439', 'moon-buggy': '5439204', 'apple': '5495053', 'banana': '5494888', 'cherry': '5495382', 'watermelon': '5494510', 'registry': '8018911', 'hello-world': '8021526', 'docker/getting-started': '8021973', 'alpine': '7991792'}
20:40:46 INFO  EnvironmentC8y Setup
20:40:47 INFO  Executed systemctl&lt;serv_mapper1&gt;, exit status 3
20:40:47 INFO  Restarting mosquitto too frequently in the last 10 seconds. It was only up for 5 seconds
20:40:47 INFO  Delaying execution by 6 seconds
20:41:07 INFO  Executed sudo&lt;tedge_connect_c8y&gt;, exit status 0, duration 14 secs
20:41:08 INFO  Executed sudo&lt;tedge_connect_c8y_test&gt;, exit status 0
20:41:08 INFO  Executed systemctl&lt;serv_mosq2&gt;, exit status 0
20:41:09 INFO  Executed systemctl&lt;serv_mapper3&gt;, exit status 0
20:41:11 INFO  State of current operation: SUCCESSFUL
20:41:11 INFO  Assert that (False == value) with value=False ... passed
20:41:11 INFO  Assert that (False == value) with value=False ... passed
20:41:11 INFO  Assert that (False == value) with value=False ... passed
20:41:12 INFO  Assert that (False == value) with value=False ... passed
20:41:12 INFO  Package moon-buggy is installed
20:41:12 WARN  Assert that (False == value) with value=True ... failed 
20:41:13 INFO  Response status: 201
20:41:13 INFO  Response to action: {
    "creationTime": "2022-05-10T20:41:13.669Z",
    "deviceName": "mythicc",
    "deviceId": "18732225",
    "self": "https://t493319102.eu-latest.cumulocity.com/devicecontrol/operations/18751899",
    "id": "18751899",
    "status": "PENDING",
    "description": "Apply software changes, triggered from PySys: [{'action': 'install', 'id': '5475369', 'name': 'asciijump', 'url': ' ', 'version': '::apt'}, {'action': 'install', 'id': '5474869', 'name': 'robotfindskitten', 'url': ' ', 'version': ' '}, {'action': 'install', 'id': '5475279', 'name': 'squirrel3', 'url': ' ', 'version': '3.1-7::apt'}, {'action': 'install', 'id': '5152439', 'name': 'rolldice', 'url': ' ', 'version': '1.16-1+b1'}, {'action': 'install', 'id': '5439204', 'name': 'moon-buggy', 'url': ' ', 'version': '1:1.0.51-12'}, {'action': 'install', 'id': '5475369', 'name': 'asciijump', 'url': ' ', 'version': '::apt'}]",
    "c8y_SoftwareUpdate": [
        {
            "name": "asciijump",
            "action": "install",
            "id": "5475369",
            "version": "::apt",
            "url": " "
        },
        {
            "name": "robotfindskitten",
            "action": "install",
            "id": "5474869",
            "version": " ",
            "url": " "
        },
        {
            "name": "squirrel3",
            "action": "install",
            "id": "5475279",
            "version": "3.1-7::apt",
            "url": " "
        },
        {
            "name": "rolldice",
            "action": "install",
            "id": "5152439",
            "version": "1.16-1+b1",
            "url": " "
        },
        {
            "name": "moon-buggy",
            "action": "install",
            "id": "5439204",
            "version": "1:1.0.51-12",
            "url": " "
        },
        {
            "name": "asciijump",
            "action": "install",
            "id": "5475369",
            "version": "::apt",
            "url": " "
        }
    ]
}
20:41:13 INFO  Started operation: {'creationTime': '2022-05-10T20:41:13.669Z', 'deviceName': 'mythicc', 'deviceId': '18732225', 'self': 'https://t493319102.eu-latest.cumulocity.com/devicecontrol/operations/18751899', 'id': '18751899', 'status': 'PENDING', 'description': "Apply software changes, triggered from PySys: [{'action': 'install', 'id': '5475369', 'name': 'asciijump', 'url': ' ', 'version': '::apt'}, {'action': 'install', 'id': '5474869', 'name': 'robotfindskitten', 'url': ' ', 'version': ' '}, {'action': 'install', 'id': '5475279', 'name': 'squirrel3', 'url': ' ', 'version': '3.1-7::apt'}, {'action': 'install', 'id': '5152439', 'name': 'rolldice', 'url': ' ', 'version': '1.16-1+b1'}, {'action': 'install', 'id': '5439204', 'name': 'moon-buggy', 'url': ' ', 'version': '1:1.0.51-12'}, {'action': 'install', 'id': '5475369', 'name': 'asciijump', 'url': ' ', 'version': '::apt'}]", 'c8y_SoftwareUpdate': [{'name': 'asciijump', 'action': 'install', 'id': '5475369', 'version': '::apt', 'url': ' '}, {'name': 'robotfindskitten', 'action': 'install', 'id': '5474869', 'version': ' ', 'url': ' '}, {'name': 'squirrel3', 'action': 'install', 'id': '5475279', 'version': '3.1-7::apt', 'url': ' '}, {'name': 'rolldice', 'action': 'install', 'id': '5152439', 'version': '1.16-1+b1', 'url': ' '}, {'name': 'moon-buggy', 'action': 'install', 'id': '5439204', 'version': '1:1.0.51-12', 'url': ' '}, {'name': 'asciijump', 'action': 'install', 'id': '5475369', 'version': '::apt', 'url': ' '}]}
20:41:15 INFO  State of operation 18751899 : PENDING
20:41:18 INFO  State of operation 18751899 : EXECUTING
20:41:20 INFO  State of operation 18751899 : EXECUTING
20:41:22 INFO  State of operation 18751899 : EXECUTING
20:41:24 INFO  State of operation 18751899 : EXECUTING
20:41:27 INFO  State of operation 18751899 : EXECUTING
20:41:29 INFO  State of operation 18751899 : EXECUTING
20:41:32 INFO  State of operation 18751899 : EXECUTING
20:41:34 INFO  State of operation 18751899 : EXECUTING
20:41:37 INFO  State of operation 18751899 : EXECUTING
20:41:39 INFO  State of operation 18751899 : EXECUTING
20:41:41 INFO  State of operation 18751899 : EXECUTING
20:41:43 INFO  State of operation 18751899 : EXECUTING
20:41:45 INFO  State of operation 18751899 : EXECUTING
20:41:48 INFO  State of operation 18751899 : EXECUTING
20:41:50 INFO  State of operation 18751899 : EXECUTING
20:41:52 INFO  State of operation 18751899 : EXECUTING
20:41:55 INFO  State of operation 18751899 : EXECUTING
20:41:57 INFO  State of operation 18751899 : EXECUTING
20:42:00 INFO  State of operation 18751899 : EXECUTING
20:42:02 INFO  State of operation 18751899 : EXECUTING
20:42:04 INFO  State of operation 18751899 : EXECUTING
20:42:07 INFO  State of operation 18751899 : EXECUTING
20:42:09 INFO  State of operation 18751899 : EXECUTING
20:42:11 INFO  State of operation 18751899 : EXECUTING
20:42:14 INFO  State of operation 18751899 : EXECUTING
20:42:16 INFO  State of operation 18751899 : EXECUTING
20:42:18 INFO  State of operation 18751899 : EXECUTING
20:42:21 INFO  State of operation 18751899 : EXECUTING
20:42:23 INFO  State of operation 18751899 : EXECUTING
20:42:25 INFO  State of operation 18751899 : EXECUTING
20:42:28 INFO  State of operation 18751899 : EXECUTING
20:42:30 INFO  State of operation 18751899 : EXECUTING
20:42:32 INFO  State of operation 18751899 : EXECUTING
20:42:34 INFO  State of operation 18751899 : EXECUTING
20:42:36 INFO  State of operation 18751899 : EXECUTING
20:42:39 INFO  State of operation 18751899 : EXECUTING
20:42:41 INFO  State of operation 18751899 : EXECUTING
20:42:43 INFO  State of operation 18751899 : EXECUTING
20:42:46 INFO  State of operation 18751899 : EXECUTING
20:42:49 INFO  State of operation 18751899 : EXECUTING
20:42:51 INFO  State of operation 18751899 : EXECUTING
20:42:53 INFO  State of operation 18751899 : EXECUTING
20:42:55 INFO  State of operation 18751899 : EXECUTING
20:42:58 INFO  State of operation 18751899 : EXECUTING
20:43:00 INFO  State of operation 18751899 : EXECUTING
20:43:02 INFO  State of operation 18751899 : EXECUTING
20:43:04 INFO  State of operation 18751899 : EXECUTING
20:43:07 INFO  State of operation 18751899 : EXECUTING
20:43:09 INFO  State of operation 18751899 : EXECUTING
20:43:12 INFO  State of operation 18751899 : EXECUTING
20:43:14 INFO  State of operation 18751899 : EXECUTING
20:43:16 INFO  State of operation 18751899 : EXECUTING
20:43:19 INFO  State of operation 18751899 : EXECUTING
20:43:21 INFO  State of operation 18751899 : EXECUTING
20:43:24 INFO  State of operation 18751899 : EXECUTING
20:43:26 INFO  State of operation 18751899 : EXECUTING
20:43:29 INFO  State of operation 18751899 : EXECUTING
20:43:31 INFO  State of operation 18751899 : EXECUTING
20:43:33 INFO  State of operation 18751899 : EXECUTING
20:43:36 INFO  State of operation 18751899 : EXECUTING
20:43:38 WARN  SystemError occurred while running test - Timeout while waiting for status SUCCESSFUL or False
Traceback (most recent call last):
  File "/home/pi/env-pysys/lib/python3.7/site-packages/pysys/baserunner.py", line 1294, in __call__
    self.testObj.execute()
  File "/home/pi/actions-runner/_work/thin-edge.io/thin-edge.io/tests/PySys/software_management_end_to_end/sm_apt_install_remove_multiple_mixed/run.py", line 89, in execute
    self.wait_until_succcess()
  File "/home/pi/actions-runner/_work/thin-edge.io/thin-edge.io/tests/PySys/software_management_end_to_end/environment_sm_management.py", line 324, in wait_until_succcess
    self.wait_until_status("SUCCESSFUL")
  File "/home/pi/actions-runner/_work/thin-edge.io/thin-edge.io/tests/PySys/software_management_end_to_end/environment_sm_management.py", line 381, in wait_until_status
    "Timeout while waiting for status %s or %s" % (status, status2)
SystemError: Timeout while waiting for status SUCCESSFUL or False
20:43:38 WARN  SystemError: Timeout while waiting for status SUCCESSFUL or False ... blocked 
20:43:38 INFO  
20:43:38 INFO  cleanup:
20:43:45 INFO  Executed sudo&lt;tedge_disconnect_c8y&gt;, exit status 0
20:43:45 INFO  Executed systemctl&lt;serv_mapper5&gt;, exit status 3
20:43:45 INFO  
20:43:45 INFO  Test duration: 179.24 secs
20:43:45 INFO  Test final outcome:  BLOCKED
20:43:45 INFO  Test outcome reason: SystemError: Timeout while waiting for status SUCCESSFUL or False (+1 other failures)
20:43:45 INFO  
</system-out>
	</testcase>
</testsuite><testsuite name="SoftwareManagement.sm_apt_install_remove_with_version" tests="3" errors="0" failures="0" skipped="1" time="0"><testcase classname="PySysTest" name="SoftwareManagement.sm_apt_install_remove_with_version">
		<skipped message="SKIPPED: Testing the apt plugin is not supported on this platform.Use parameter -XmyPlatform='container' to enable it" />
		<system-out>19:38:38 INFO  ==============================================================
19:38:38 INFO  Id:    SoftwareManagement.sm_apt_install_remove_with_version
19:38:38 INFO  Dir:   software_management_end_to_end/
19:38:38 INFO  Title: Validate end to end behaviour for the apt plugin for packages with version
19:38:38 INFO  ==============================================================
19:38:38 INFO  Testing the apt plugin is not supported on this platform.Use parameter -XmyPlatform='container' to enable it ... skipped
19:38:38 WARN  Aborted test due to SKIPPED outcome
19:38:38 INFO  
19:38:38 INFO  Test duration: 0.02 secs
19:38:38 INFO  Test final outcome:  SKIPPED
19:38:38 INFO  Test outcome reason: Testing the apt plugin is not supported on this platform.Use parameter -XmyPlatform='container' to enable it
19:38:38 INFO  
</system-out>
	</testcase>
<testcase classname="PySysTest" name="SoftwareManagement.sm_apt_install_remove_with_version" />
<testcase classname="PySysTest" name="SoftwareManagement.sm_apt_install_remove_with_version" />
</testsuite><testsuite name="SoftwareManagement.sm_docker_install_remove_multiple" tests="3" errors="0" failures="0" skipped="1" time="0"><testcase classname="SMDockerInstallRemove" name="SoftwareManagement.sm_docker_install_remove_multiple">
		<skipped message="SKIPPED: Testing the apt plugin is not supported on this platform.Use parameter -XmyPlatform='container' to enable it" />
		<system-out>19:38:39 INFO  ==============================================================
19:38:39 INFO  Id:    SoftwareManagement.sm_docker_install_remove_multiple
19:38:39 INFO  Dir:   software_management_end_to_end/
19:38:39 INFO  Title: Validate end to end behaviour for the docker plugin for multiple docker images with mixed versions
19:38:39 INFO  ==============================================================
19:38:39 INFO  Testing the apt plugin is not supported on this platform.Use parameter -XmyPlatform='container' to enable it ... skipped
19:38:39 WARN  Aborted test due to SKIPPED outcome
19:38:39 INFO  
19:38:39 INFO  Test duration: 0.02 secs
19:38:39 INFO  Test final outcome:  SKIPPED
19:38:39 INFO  Test outcome reason: Testing the apt plugin is not supported on this platform.Use parameter -XmyPlatform='container' to enable it
19:38:39 INFO  
</system-out>
	</testcase>
<testcase classname="SMDockerInstallRemove" name="SoftwareManagement.sm_docker_install_remove_multiple" />
<testcase classname="SMDockerInstallRemove" name="SoftwareManagement.sm_docker_install_remove_multiple" />
</testsuite><testsuite name="SoftwareManagement.sm_fake_install_remove" tests="2" errors="0" failures="0" skipped="1" time="0"><testcase classname="PySysTest" name="SoftwareManagement.sm_fake_install_remove">
		<skipped message="SKIPPED: Testing the fake plugin is not enabled.Use parameter -Xfakeplugin=fakeplugin to enable it" />
		<system-out>19:38:39 INFO  ==============================================================
19:38:39 INFO  Id:    SoftwareManagement.sm_fake_install_remove
19:38:39 INFO  Dir:   software_management_end_to_end/
19:38:39 INFO  Title: Validate end to end behaviour for the dummy plugin for installation and removal of packages
19:38:39 INFO  ==============================================================
19:38:39 INFO  Testing the fake plugin is not enabled.Use parameter -Xfakeplugin=fakeplugin to enable it ... skipped
19:38:39 WARN  Aborted test due to SKIPPED outcome
19:38:39 INFO  
19:38:39 INFO  Test duration: 0.02 secs
19:38:39 INFO  Test final outcome:  SKIPPED
19:38:39 INFO  Test outcome reason: Testing the fake plugin is not enabled.Use parameter -Xfakeplugin=fakeplugin to enable it
19:38:39 INFO  
</system-out>
	</testcase>
<testcase classname="PySysTest" name="SoftwareManagement.sm_fake_install_remove" />
</testsuite><testsuite name="SoftwareManagement.sm_fake_install_remove_multiple" tests="2" errors="0" failures="0" skipped="1" time="0"><testcase classname="PySysTest" name="SoftwareManagement.sm_fake_install_remove_multiple">
		<skipped message="SKIPPED: Testing the fake plugin is not enabled.Use parameter -Xfakeplugin=fakeplugin to enable it" />
		<system-out>19:38:39 INFO  ==============================================================
19:38:39 INFO  Id:    SoftwareManagement.sm_fake_install_remove_multiple
19:38:39 INFO  Dir:   software_management_end_to_end/
19:38:39 INFO  Title: Validate end to end behaviour for the dummy-plugin for multiple packages
19:38:39 INFO  ==============================================================
19:38:39 INFO  Testing the fake plugin is not enabled.Use parameter -Xfakeplugin=fakeplugin to enable it ... skipped
19:38:39 WARN  Aborted test due to SKIPPED outcome
19:38:39 INFO  
19:38:39 INFO  Test duration: 0.02 secs
19:38:39 INFO  Test final outcome:  SKIPPED
19:38:39 INFO  Test outcome reason: Testing the fake plugin is not enabled.Use parameter -Xfakeplugin=fakeplugin to enable it
19:38:39 INFO  
</system-out>
	</testcase>
<testcase classname="PySysTest" name="SoftwareManagement.sm_fake_install_remove_multiple" />
</testsuite><testsuite name="SoftwareManagement.sm_mapper_fail_and_reconnect" tests="2" errors="0" failures="0" skipped="2" time="0"><testcase classname="MapperC8yReceiveLastMessageOnRestart" name="SoftwareManagement.sm_mapper_fail_and_reconnect">
		<skipped message="SKIPPED: instable https://github.com/thin-edge/thin-edge.io/issues/752" />
		<system-out>19:38:39 INFO  ==============================================================
19:38:39 INFO  Id:    SoftwareManagement.sm_mapper_fail_and_reconnect
19:38:39 INFO  Dir:   software_management_end_to_end/
19:38:39 INFO  Title: Validate the tedge-mapper-sm-c8y for receiving the last message on restart
19:38:39 INFO  ==============================================================
19:38:39 INFO  instable https://github.com/thin-edge/thin-edge.io/issues/752 ... skipped
19:38:39 INFO  
19:38:39 INFO  Test duration: 0.02 secs
19:38:39 INFO  Test final outcome:  SKIPPED
19:38:39 INFO  Test outcome reason: instable https://github.com/thin-edge/thin-edge.io/issues/752
19:38:39 INFO  
</system-out>
	</testcase>
<testcase classname="MapperC8yReceiveLastMessageOnRestart" name="SoftwareManagement.sm_mapper_fail_and_reconnect">
		<skipped message="SKIPPED: instable https://github.com/thin-edge/thin-edge.io/issues/752" />
		<system-out>20:50:37 INFO  ==============================================================
20:50:37 INFO  Id:    SoftwareManagement.sm_mapper_fail_and_reconnect
20:50:37 INFO  Dir:   software_management_end_to_end/
20:50:37 INFO  Title: Validate the tedge-mapper-sm-c8y for receiving the last message on restart
20:50:37 INFO  ==============================================================
20:50:37 INFO  instable https://github.com/thin-edge/thin-edge.io/issues/752 ... skipped
20:50:37 INFO  
20:50:37 INFO  Test duration: 0.04 secs
20:50:37 INFO  Test final outcome:  SKIPPED
20:50:37 INFO  Test outcome reason: instable https://github.com/thin-edge/thin-edge.io/issues/752
20:50:37 INFO  
</system-out>
	</testcase>
</testsuite><testsuite name="SoftwareManagement.sm_mixed_install_remove_multiple" tests="2" errors="0" failures="1" skipped="1" time="0"><testcase classname="PySysTest" name="SoftwareManagement.sm_mixed_install_remove_multiple">
		<skipped message="SKIPPED: Testing the fake plugin is not enabled.Use parameter -Xfakeplugin=fakeplugin to enable it" />
		<system-out>19:38:39 INFO  ==============================================================
19:38:39 INFO  Id:    SoftwareManagement.sm_mixed_install_remove_multiple
19:38:39 INFO  Dir:   software_management_end_to_end/
19:38:39 INFO  Title: Validate end to end behaviour for the dummy-plugin for multiple packages with mixed versions
19:38:39 INFO  ==============================================================
19:38:39 INFO  Testing the fake plugin is not enabled.Use parameter -Xfakeplugin=fakeplugin to enable it ... skipped
19:38:39 WARN  Aborted test due to SKIPPED outcome
19:38:39 INFO  
19:38:39 INFO  Test duration: 0.02 secs
19:38:39 INFO  Test final outcome:  SKIPPED
19:38:39 INFO  Test outcome reason: Testing the fake plugin is not enabled.Use parameter -Xfakeplugin=fakeplugin to enable it
19:38:39 INFO  
</system-out>
	</testcase>
<testcase classname="PySysTest" name="SoftwareManagement.sm_mixed_install_remove_multiple">
		<failure message="FAILED: Assert that (False == value) with value=True" type="FAILED" />
		<system-out>20:50:37 INFO  ==============================================================
20:50:37 INFO  Id:    SoftwareManagement.sm_mixed_install_remove_multiple
20:50:37 INFO  Dir:   software_management_end_to_end/
20:50:37 INFO  Title: Validate end to end behaviour for the dummy-plugin for multiple packages with mixed versions
20:50:37 INFO  ==============================================================
20:50:37 INFO  Using sw id database: {'asciijump': '5475369', 'robotfindskitten': '5474869', 'squirrel3': '5475279', 'rolldice': '5152439', 'moon-buggy': '5439204', 'apple': '5495053', 'banana': '5494888', 'cherry': '5495382', 'watermelon': '5494510', 'registry': '8018911', 'hello-world': '8021526', 'docker/getting-started': '8021973', 'alpine': '7991792'}
20:50:37 INFO  EnvironmentC8y Setup
20:50:37 INFO  Executed systemctl&lt;serv_mapper1&gt;, exit status 3
20:50:37 INFO  Restarting mosquitto too frequently in the last 10 seconds. It was only up for 4 seconds
20:50:37 INFO  Delaying execution by 7 seconds
20:50:59 INFO  Executed sudo&lt;tedge_connect_c8y&gt;, exit status 0, duration 14 secs
20:50:59 INFO  Executed sudo&lt;tedge_connect_c8y_test&gt;, exit status 0
20:51:00 INFO  Executed systemctl&lt;serv_mosq2&gt;, exit status 0
20:51:00 INFO  Executed systemctl&lt;serv_mapper3&gt;, exit status 0
20:51:03 INFO  State of current operation: SUCCESSFUL
20:51:03 INFO  Package apple is installed
20:51:03 INFO  Assert that (True == value) with value=True ... passed
20:51:03 INFO  Package banana is installed
20:51:03 INFO  Assert that (True == value) with value=True ... passed
20:51:03 INFO  Package cherry is installed
20:51:03 INFO  Assert that (True == value) with value=True ... passed
20:51:03 INFO  Package asciijump is installed
20:51:03 WARN  Assert that (False == value) with value=True ... failed 
20:51:04 INFO  Assert that (False == value) with value=False ... passed
20:51:04 INFO  Response status: 201
20:51:04 INFO  Response to action: {
    "creationTime": "2022-05-10T20:51:04.391Z",
    "deviceName": "mythicc",
    "deviceId": "18732225",
    "self": "https://t493319102.eu-latest.cumulocity.com/devicecontrol/operations/18752041",
    "id": "18752041",
    "status": "PENDING",
    "description": "Apply software changes, triggered from PySys: [{'action': 'install', 'id': '5495053', 'name': 'apple', 'url': ' ', 'version': '::fruits'}, {'action': 'install', 'id': '5494888', 'name': 'banana', 'url': ' ', 'version': '::fruits'}, {'action': 'install', 'id': '5475369', 'name': 'asciijump', 'url': ' ', 'version': '::apt'}, {'action': 'install', 'id': '5495382', 'name': 'cherry', 'url': ' ', 'version': '::fruits'}, {'action': 'install', 'id': '8018911', 'name': 'registry', 'url': ' ', 'version': '::docker'}]",
    "c8y_SoftwareUpdate": [
        {
            "name": "apple",
            "action": "install",
            "id": "5495053",
            "version": "::fruits",
            "url": " "
        },
        {
            "name": "banana",
            "action": "install",
            "id": "5494888",
[...]
19:28:57 INFO  Title: Validate docker plugin remove with version
19:28:57 INFO  ==============================================================
19:28:57 INFO  Testing the docker plugin is not supported on this platform.To run it, all the test with -XmyPlatform='container' ... skipped
19:28:57 WARN  Aborted test due to SKIPPED outcome
19:28:57 INFO  
19:28:57 INFO  Test duration: 0.03 secs
19:28:57 INFO  Test final outcome:  SKIPPED
19:28:57 INFO  Test outcome reason: Testing the docker plugin is not supported on this platform.To run it, all the test with -XmyPlatform='container'
19:28:57 INFO  
</system-out>
	</testcase>
<testcase classname="DockerPluginRemoveWithVersionTest" name="docker_plugin_remove_with_version" />
</testsuite><testsuite name="docker_plugin_update" tests="2" errors="0" failures="0" skipped="1" time="0"><testcase classname="DockerPluginUpdateTest" name="docker_plugin_update">
		<skipped message="SKIPPED: Testing the docker plugin is not supported on this platform.To run it, all the test with -XmyPlatform='container'" />
		<system-out>19:28:58 INFO  ==============================================================
19:28:58 INFO  Id:    docker_plugin_update
19:28:58 INFO  Dir:   plugin_docker/
19:28:58 INFO  Title: Validate docker plugin install updates existing containers
19:28:58 INFO  ==============================================================
19:28:58 INFO  Testing the docker plugin is not supported on this platform.To run it, all the test with -XmyPlatform='container' ... skipped
19:28:58 WARN  Aborted test due to SKIPPED outcome
19:28:58 INFO  
19:28:58 INFO  Test duration: 0.04 secs
19:28:58 INFO  Test final outcome:  SKIPPED
19:28:58 INFO  Test outcome reason: Testing the docker plugin is not supported on this platform.To run it, all the test with -XmyPlatform='container'
19:28:58 INFO  
</system-out>
	</testcase>
<testcase classname="DockerPluginUpdateTest" name="docker_plugin_update" />
</testsuite><testsuite name="invalid_device_id" tests="1" errors="0" failures="0" skipped="0" time="0"><testcase classname="InvalidDeviceId" name="invalid_device_id" />
</testsuite><testsuite name="local_mqtt_pub_fail_noqos" tests="1" errors="0" failures="0" skipped="0" time="0"><testcase classname="PySysTest" name="local_mqtt_pub_fail_noqos" />
</testsuite><testsuite name="local_mqtt_pub_fail_qos0" tests="1" errors="0" failures="0" skipped="0" time="0"><testcase classname="PySysTest" name="local_mqtt_pub_fail_qos0" />
</testsuite><testsuite name="local_mqtt_pub_fail_qos1" tests="1" errors="0" failures="0" skipped="0" time="0"><testcase classname="PySysTest" name="local_mqtt_pub_fail_qos1" />
</testsuite><testsuite name="local_mqtt_pub_fail_qos2" tests="1" errors="0" failures="0" skipped="0" time="0"><testcase classname="PySysTest" name="local_mqtt_pub_fail_qos2" />
</testsuite><testsuite name="local_mqtt_pub_sub" tests="1" errors="0" failures="0" skipped="0" time="0"><testcase classname="PySysTest" name="local_mqtt_pub_sub" />
</testsuite><testsuite name="local_mqtt_pub_sub_retain" tests="1" errors="0" failures="0" skipped="0" time="0"><testcase classname="MqttPublishWithRetain" name="local_mqtt_pub_sub_retain" />
</testsuite><testsuite name="local_mqtt_pub_sub_with_sudo" tests="1" errors="0" failures="0" skipped="0" time="0"><testcase classname="PySysTest" name="local_mqtt_pub_sub_with_sudo" />
</testsuite><testsuite name="local_mqtt_sub_fail" tests="1" errors="0" failures="0" skipped="0" time="0"><testcase classname="PySysTest" name="local_mqtt_sub_fail" />
</testsuite><testsuite name="log_request_error_messages" tests="1" errors="0" failures="0" skipped="1" time="0"><testcase classname="LogRequestVerifySearchTextError" name="log_request_error_messages">
		<skipped message="SKIPPED: Test execution disabled due to #1123" />
		<system-out>19:27:01 INFO  ==============================================================
19:27:01 INFO  Id:    log_request_error_messages
19:27:01 INFO  Dir:   log_request_end_to_end/
19:27:01 INFO  Title: Validate end to end behaviour for the log request operation check for error messages
19:27:01 INFO  ==============================================================
19:27:02 INFO  Test execution disabled due to #1123 ... skipped
19:27:02 INFO  
19:27:02 INFO  Test duration: 1.34 secs
19:27:02 INFO  Test final outcome:  SKIPPED
19:27:02 INFO  Test outcome reason: Test execution disabled due to #1123
19:27:02 INFO  
</system-out>
	</testcase>
</testsuite><testsuite name="log_request_num_lines" tests="1" errors="0" failures="0" skipped="1" time="0"><testcase classname="LogRequestVerifyNumberOfLines" name="log_request_num_lines">
		<skipped message="SKIPPED: Test execution disabled due to #1123" />
		<system-out>19:27:02 INFO  ==============================================================
19:27:02 INFO  Id:    log_request_num_lines
19:27:02 INFO  Dir:   log_request_end_to_end/
19:27:02 INFO  Title: Validate end to end behaviour for the log request operation check for number of lines
19:27:02 INFO  ==============================================================
19:27:02 INFO  Test execution disabled due to #1123 ... skipped
19:27:02 INFO  
19:27:02 INFO  Test duration: 0.02 secs
19:27:02 INFO  Test final outcome:  SKIPPED
19:27:02 INFO  Test outcome reason: Test execution disabled due to #1123
19:27:02 INFO  
</system-out>
	</testcase>
</testsuite><testsuite name="mapper_awaits_before_reconnect" tests="1" errors="0" failures="0" skipped="0" time="0"><testcase classname="MapperReconnectAwait" name="mapper_awaits_before_reconnect" />
</testsuite><testsuite name="monitoring_smaller_interval" tests="1" errors="0" failures="0" skipped="1" time="0"><testcase classname="MonitoringSmallInterval" name="monitoring_smaller_interval">
		<skipped message="SKIPPED: Fails due to retained message" />
		<system-out>19:28:52 INFO  ==============================================================
19:28:52 INFO  Id:    monitoring_smaller_interval
19:28:52 INFO  Dir:   monitoring/
19:28:52 INFO  Title: Validate the tedge dm agent messages that are produced with smaller sampling interval than the batching window. Here the simulated collectd messages are used
19:28:52 INFO  ==============================================================
19:28:52 INFO  Fails due to retained message ... skipped
19:28:52 INFO  
19:28:52 INFO  Test duration: 0.02 secs
19:28:52 INFO  Test final outcome:  SKIPPED
19:28:52 INFO  Test outcome reason: Fails due to retained message
19:28:52 INFO  
</system-out>
	</testcase>
</testsuite><testsuite name="monitoring_with_collectd" tests="1" errors="0" failures="0" skipped="1" time="0"><testcase classname="MonitoringWithCollectd" name="monitoring_with_collectd">
		<skipped message="SKIPPED: Test execution disabled due to #792 (instable)" />
		<system-out>19:28:52 INFO  ==============================================================
19:28:52 INFO  Id:    monitoring_with_collectd
19:28:52 INFO  Dir:   monitoring/
19:28:52 INFO  Title: Validate tedge dm agent messages that are produced by batching the collectd messages
19:28:52 INFO  ==============================================================
19:28:52 INFO  Test execution disabled due to #792 (instable) ... skipped
19:28:52 INFO  
19:28:52 INFO  Test duration: 0.02 secs
19:28:52 INFO  Test final outcome:  SKIPPED
19:28:52 INFO  Test outcome reason: Test execution disabled due to #792 (instable)
19:28:52 INFO  
</system-out>
	</testcase>
</testsuite><testsuite name="monitoring_with_simulated_messages" tests="1" errors="0" failures="0" skipped="1" time="0"><testcase classname="MonitoringWithSimulatedMessages" name="monitoring_with_simulated_messages">
		<skipped message="SKIPPED: Fails due to retained message" />
		<system-out>19:28:52 INFO  ==============================================================
19:28:52 INFO  Id:    monitoring_with_simulated_messages
19:28:52 INFO  Dir:   monitoring/
19:28:52 INFO  Title: Validate the tedge dm agent messages that are produced from the simulated collectd messages
19:28:52 INFO  ==============================================================
19:28:52 INFO  Fails due to retained message ... skipped
19:28:52 INFO  
19:28:52 INFO  Test duration: 0.02 secs
19:28:52 INFO  Test final outcome:  SKIPPED
19:28:52 INFO  Test outcome reason: Fails due to retained message
19:28:52 INFO  
</system-out>
	</testcase>
</testsuite><testsuite name="mqtt_port_change_connection_fails" tests="1" errors="0" failures="0" skipped="0" time="0"><testcase classname="MqttPortChangeConnectionFails" name="mqtt_port_change_connection_fails" />
</testsuite><testsuite name="mqtt_port_change_connection_works" tests="1" errors="0" failures="0" skipped="1" time="0"><testcase classname="MqttPortChangeConnectionWorks" name="mqtt_port_change_connection_works">
		<skipped message="SKIPPED: failing intermitently" />
		<system-out>19:27:38 INFO  ==============================================================
19:27:38 INFO  Id:    mqtt_port_change_connection_works
19:27:38 INFO  Dir:   misc_features/
19:27:38 INFO  Title: mqtt port change connection works for all the thin-edge services that use the mosquitto broker
19:27:38 INFO  ==============================================================
19:27:38 INFO  failing intermitently ... skipped
19:27:38 INFO  
19:27:38 INFO  Test duration: 0.03 secs
19:27:38 INFO  Test final outcome:  SKIPPED
19:27:38 INFO  Test outcome reason: failing intermitently
19:27:38 INFO  
</system-out>
	</testcase>
</testsuite><testsuite name="mqtt_port_set" tests="1" errors="0" failures="0" skipped="0" time="0"><testcase classname="MqttPortSet" name="mqtt_port_set" />
</testsuite><testsuite name="mqtt_port_unset" tests="1" errors="0" failures="0" skipped="0" time="0"><testcase classname="MqttPortUnSet" name="mqtt_port_unset" />
</testsuite><testsuite name="publish_flux" tests="1" errors="0" failures="0" skipped="0" time="0"><testcase classname="PublishFlux" name="publish_flux" />
</testsuite><testsuite name="publish_sawmill" tests="1" errors="0" failures="0" skipped="0" time="0"><testcase classname="PublishSawmill" name="publish_sawmill" />
</testsuite><testsuite name="pysys_block" tests="1" errors="0" failures="0" skipped="1" time="0"><testcase classname="Fail" name="pysys_block">
		<skipped message="SKIPPED: Enable this to observe a blocking test" />
		<system-out>19:28:00 INFO  ==============================================================
19:28:00 INFO  Id:    pysys_block
19:28:00 INFO  Dir:   misc_features/
19:28:00 INFO  Title: fail
19:28:00 INFO  ==============================================================
19:28:00 INFO  Enable this to observe a blocking test ... skipped
19:28:00 INFO  
19:28:00 INFO  Test duration: 0.02 secs
19:28:00 INFO  Test final outcome:  SKIPPED
19:28:00 INFO  Test outcome reason: Enable this to observe a blocking test
19:28:00 INFO  
</system-out>
	</testcase>
</testsuite><testsuite name="pysys_fail" tests="1" errors="0" failures="0" skipped="1" time="0"><testcase classname="Fail" name="pysys_fail">
		<skipped message="SKIPPED: Enable this to observe a failing test" />
		<system-out>19:28:00 INFO  ==============================================================
19:28:00 INFO  Id:    pysys_fail
19:28:00 INFO  Dir:   misc_features/
19:28:00 INFO  Title: fail
19:28:00 INFO  ==============================================================
19:28:00 INFO  Enable this to observe a failing test ... skipped
19:28:00 INFO  
19:28:00 INFO  Test duration: 0.02 secs
19:28:00 INFO  Test final outcome:  SKIPPED
19:28:00 INFO  Test outcome reason: Enable this to observe a failing test
19:28:00 INFO  
</system-out>
	</testcase>
</testsuite><testsuite name="runtime_start_two_mappers" tests="1" errors="0" failures="0" skipped="1" time="0"><testcase classname="RuntimeMultiMappers" name="runtime_start_two_mappers">
		<skipped message="SKIPPED: Test execution disabled due to #1124" />
		<system-out>19:42:13 INFO  ==============================================================
19:42:13 INFO  Id:    runtime_start_two_mappers
19:42:13 INFO  Dir:   tedge_mapper_c8y/
19:42:13 INFO  Title: Validate two mappers can't be started at the same time
19:42:13 INFO  ==============================================================
19:42:13 INFO  Test execution disabled due to #1124 ... skipped
19:42:13 INFO  
19:42:13 INFO  Test duration: 0.02 secs
19:42:13 INFO  Test final outcome:  SKIPPED
19:42:13 INFO  Test outcome reason: Test execution disabled due to #1124
19:42:13 INFO  
</system-out>
	</testcase>
</testsuite><testsuite name="sm_tedge_mapper_init_session" tests="1" errors="0" failures="0" skipped="0" time="0"><testcase classname="TedgeSMMapperInitSession" name="sm_tedge_mapper_init_session" />
</testsuite><testsuite name="smoketest_json" tests="1" errors="0" failures="0" skipped="0" time="0"><testcase classname="SmokeTestJson" name="smoketest_json" />
</testsuite><testsuite name="smoketest_json_400_samples_10ms" tests="1" errors="0" failures="0" skipped="0" time="0"><testcase classname="SmoketestJson400Samples10ms" name="smoketest_json_400_samples_10ms" />
</testsuite><testsuite name="smoketest_json_400_samples_20ms" tests="1" errors="0" failures="0" skipped="0" time="0"><testcase classname="SmoketestJson400Samples20ms" name="smoketest_json_400_samples_20ms" />
</testsuite><testsuite name="smoketest_smartrest" tests="1" errors="0" failures="0" skipped="0" time="0"><testcase classname="SmoketestSmartRest" name="smoketest_smartrest" />
</testsuite><testsuite name="smoketest_smartrest_200_samples_1Xms" tests="1" errors="0" failures="0" skipped="0" time="0"><testcase classname="SmoketestSmartRest200Samples1Xms" name="smoketest_smartrest_200_samples_1Xms" />
</testsuite><testsuite name="smoketest_smartrest_200_samples_20ms" tests="1" errors="0" failures="0" skipped="0" time="0"><testcase classname="SmoketestSmartRest200Samples20ms" name="smoketest_smartrest_200_samples_20ms" />
</testsuite><testsuite name="tedge_agent_user_sudo_access" tests="1" errors="0" failures="0" skipped="1" time="0"><testcase classname="TedgeAgentUserSudoAccess" name="tedge_agent_user_sudo_access">
		<skipped message="SKIPPED: #955 Observation: Exit code of the apt plugin when called with no arguments" />
		<system-out>19:39:05 INFO  ==============================================================
19:39:05 INFO  Id:    tedge_agent_user_sudo_access
19:39:05 INFO  Dir:   tedge/
19:39:05 INFO  Title: Validate tedge-agent user has a limited sudo right
19:39:05 INFO  ==============================================================
19:39:05 INFO  #955 Observation: Exit code of the apt plugin when called with no arguments ... skipped
19:39:05 INFO  
19:39:05 INFO  Test duration: 0.02 secs
19:39:05 INFO  Test final outcome:  SKIPPED
19:39:05 INFO  Test outcome reason: #955 Observation: Exit code of the apt plugin when called with no arguments
19:39:05 INFO  
</system-out>
	</testcase>
</testsuite><testsuite name="tedge_connect_test_negative" tests="1" errors="0" failures="0" skipped="0" time="0"><testcase classname="TedgeConnectTestNegative" name="tedge_connect_test_negative" />
</testsuite><testsuite name="tedge_connect_test_positive" tests="1" errors="0" failures="0" skipped="0" time="0"><testcase classname="TedgeConnectTestPositive" name="tedge_connect_test_positive" />
</testsuite><testsuite name="tedge_connect_test_sm_services" tests="1" errors="0" failures="0" skipped="0" time="0"><testcase classname="TedgeConnectTestSMServices" name="tedge_connect_test_sm_services" />
</testsuite><testsuite name="tedge_disconnect_test_sm_services" tests="1" errors="0" failures="0" skipped="0" time="0"><testcase classname="TedgeDisConnectTestSMServices" name="tedge_disconnect_test_sm_services" />
</testsuite><testsuite name="tedge_mapper_az_negative" tests="1" errors="0" failures="0" skipped="0" time="0"><testcase classname="TedgeMapperAzError" name="tedge_mapper_az_negative" />
</testsuite><testsuite name="tedge_mapper_az_with_timestamp" tests="1" errors="0" failures="0" skipped="0" time="0"><testcase classname="TedgeMapperAzWithTimestamp" name="tedge_mapper_az_with_timestamp" />
</testsuite><testsuite name="tedge_mapper_az_without_timestamp" tests="1" errors="0" failures="0" skipped="0" time="0"><testcase classname="TedgeMapperAzWithoutTimestamp" name="tedge_mapper_az_without_timestamp" />
</testsuite><testsuite name="tedge_mapper_c8y_alarms" tests="1" errors="0" failures="0" skipped="0" time="0"><testcase classname="TedgeMapperC8yAlarm" name="tedge_mapper_c8y_alarms" />
</testsuite><testsuite name="tedge_mapper_c8y_child_device_measurement" tests="1" errors="0" failures="0" skipped="1" time="0"><testcase classname="TedgeMapperC8yChildDevice" name="tedge_mapper_c8y_child_device_measurement">
		<skipped message="SKIPPED: Test execution disabled due to #1088" />
		<system-out>19:43:26 INFO  ==============================================================
19:43:26 INFO  Id:    tedge_mapper_c8y_child_device_measurement
19:43:26 INFO  Dir:   tedge_mapper_c8y/
19:43:26 INFO  Title: Validate that measurements sent to tedge/measurements/child topic gets mapped as the child device's measurement in Cumulocity
19:43:26 INFO  ==============================================================
19:43:26 INFO  Test execution disabled due to #1088 ... skipped
19:43:26 INFO  
19:43:26 INFO  Test duration: 0.05 secs
19:43:26 INFO  Test final outcome:  SKIPPED
19:43:26 INFO  Test outcome reason: Test execution disabled due to #1088
19:43:26 INFO  
</system-out>
	</testcase>
</testsuite><testsuite name="tedge_mapper_c8y_packet_threshold_size" tests="1" errors="0" failures="0" skipped="0" time="0"><testcase classname="TedgeMapperC8yThresholdPacketSize" name="tedge_mapper_c8y_packet_threshold_size" />
</testsuite><testsuite name="tedge_software_update" tests="1" errors="0" failures="0" skipped="0" time="0"><testcase classname="PySysTest" name="tedge_software_update" />
</testsuite><testsuite name="valid_device_id" tests="1" errors="0" failures="1" skipped="0" time="0"><testcase classname="ValidateValidDeviceId" name="valid_device_id">
		<failure message="FAILED: Grep on tedge_connect_c8y_test.out contains &quot;successful&quot;" type="FAILED" />
		<system-out>19:28:00 INFO  ==============================================================
19:28:00 INFO  Id:    valid_device_id
19:28:00 INFO  Dir:   misc_features/
19:28:00 INFO  Title: Valid device ID
19:28:00 INFO  ==============================================================
19:28:00 INFO  Restarting mosquitto too frequently in the last 10 seconds. It was only up for 5 seconds
19:28:00 INFO  Delaying execution by 6 seconds
19:28:06 INFO  Executed sudo&lt;tedge_disconnect_c8y&gt;, exit status 0
19:28:07 INFO  Executed sudo&lt;create_cert_dir&gt;, exit status 0
19:28:07 INFO  Executed sudo&lt;change_owner_of_dir&gt;, exit status 0
19:28:08 INFO  Executed sudo&lt;set_cert_path&gt;, exit status 0
19:28:09 INFO  Executed sudo&lt;set_key_path&gt;, exit status 0
19:28:09 INFO  Executed sudo&lt;cert_create&gt;, exit status 0
19:28:10 INFO  Executed sudo&lt;cert_upload&gt;, exit status 0
19:28:35 INFO  Executed sudo&lt;tedge_connect_c8y&gt;, exit status 0, duration 23 secs
19:28:46 INFO  Executed sudo&lt;tedge_connect_c8y_test&gt;, exit status 0
19:28:46 INFO  Grep on file tedge_connect_c8y.out ... passed
19:28:46 WARN  Grep on tedge_connect_c8y_test.out contains "successful" ... failed [run.py:108]
19:28:46 INFO  
19:28:46 INFO  cleanup:
19:28:51 INFO  Executed sudo&lt;tedge_disconnect_c8y&gt;, exit status 0
19:28:51 INFO  Executed sudo&lt;unset_cert_path&gt;, exit status 0
19:28:52 INFO  Executed sudo&lt;unset_key_path&gt;, exit status 0
19:28:52 INFO  Executed sudo&lt;remove_cert_dir&gt;, exit status 0
19:28:52 INFO  
19:28:52 INFO  Test duration: 52.41 secs
19:28:52 INFO  Test final outcome:  FAILED
19:28:52 INFO  Test outcome reason: Grep on tedge_connect_c8y_test.out contains "successful"
19:28:52 INFO  
</system-out>
	</testcase>
</testsuite></testsuites>