<?xml version='1.0' encoding='utf-8'?>
<testsuites tests="149" failures="22" errors="0" skipped="49" time="0.0"><testsuite name="SoftwareManagement.Plugin.apama_plugin_install" tests="3" errors="0" failures="0" skipped="1" time="0"><testcase classname="ApamaPluginInstallTest" name="SoftwareManagement.Plugin.apama_plugin_install">
		<skipped message="SKIPPED: Apama plugin tests are disabled by default. Execute `pysys run` with `-XmyPlatform=container` to run these tests" />
		<system-out>15:06:57 INFO  ==============================================================
15:06:57 INFO  Id:    SoftwareManagement.Plugin.apama_plugin_install
15:06:57 INFO  Dir:   plugin_apama/
15:06:57 INFO  Title: Validate apama plugin install
15:06:57 INFO  ==============================================================
15:06:57 INFO  Apama plugin tests are disabled by default. Execute `pysys run` with `-XmyPlatform=container` to run these tests ... skipped
15:06:57 WARN  Aborted test due to SKIPPED outcome
15:06:57 INFO  
15:06:57 INFO  Test duration: 0.05 secs
15:06:57 INFO  Test final outcome:  SKIPPED
15:06:57 INFO  Test outcome reason: Apama plugin tests are disabled by default. Execute `pysys run` with `-XmyPlatform=container` to run these tests
15:06:57 INFO  
</system-out>
	</testcase>
<testcase classname="ApamaPluginInstallTest" name="SoftwareManagement.Plugin.apama_plugin_install" />
<testcase classname="ApamaPluginInstallTest" name="SoftwareManagement.Plugin.apama_plugin_install" />
</testsuite><testsuite name="SoftwareManagement.Plugin.apama_plugin_mon_support" tests="3" errors="0" failures="0" skipped="1" time="0"><testcase classname="ApamaPluginMonSupportTest" name="SoftwareManagement.Plugin.apama_plugin_mon_support">
		<skipped message="SKIPPED: Apama plugin tests are disabled by default. Execute `pysys run` with `-XmyPlatform=container` to run these tests" />
		<system-out>15:06:57 INFO  ==============================================================
15:06:57 INFO  Id:    SoftwareManagement.Plugin.apama_plugin_mon_support
15:06:57 INFO  Dir:   plugin_apama/
15:06:57 INFO  Title: Validate mon file support of apama plugin
15:06:57 INFO  ==============================================================
15:06:57 INFO  Apama plugin tests are disabled by default. Execute `pysys run` with `-XmyPlatform=container` to run these tests ... skipped
15:06:57 WARN  Aborted test due to SKIPPED outcome
15:06:57 INFO  
15:06:57 INFO  Test duration: 0.02 secs
15:06:57 INFO  Test final outcome:  SKIPPED
15:06:57 INFO  Test outcome reason: Apama plugin tests are disabled by default. Execute `pysys run` with `-XmyPlatform=container` to run these tests
15:06:57 INFO  
</system-out>
	</testcase>
<testcase classname="ApamaPluginMonSupportTest" name="SoftwareManagement.Plugin.apama_plugin_mon_support" />
<testcase classname="ApamaPluginMonSupportTest" name="SoftwareManagement.Plugin.apama_plugin_mon_support" />
</testsuite><testsuite name="SoftwareManagement.Plugin.apama_plugin_remove" tests="3" errors="0" failures="0" skipped="1" time="0"><testcase classname="ApamaPluginRemoveTest" name="SoftwareManagement.Plugin.apama_plugin_remove">
		<skipped message="SKIPPED: Apama plugin tests are disabled by default. Execute `pysys run` with `-XmyPlatform=container` to run these tests" />
		<system-out>15:06:57 INFO  ==============================================================
15:06:57 INFO  Id:    SoftwareManagement.Plugin.apama_plugin_remove
15:06:57 INFO  Dir:   plugin_apama/
15:06:57 INFO  Title: Validate apama plugin remove
15:06:57 INFO  ==============================================================
15:06:57 INFO  Apama plugin tests are disabled by default. Execute `pysys run` with `-XmyPlatform=container` to run these tests ... skipped
15:06:57 WARN  Aborted test due to SKIPPED outcome
15:06:57 INFO  
15:06:57 INFO  Test duration: 0.02 secs
15:06:57 INFO  Test final outcome:  SKIPPED
15:06:57 INFO  Test outcome reason: Apama plugin tests are disabled by default. Execute `pysys run` with `-XmyPlatform=container` to run these tests
15:06:57 INFO  
</system-out>
	</testcase>
<testcase classname="ApamaPluginRemoveTest" name="SoftwareManagement.Plugin.apama_plugin_remove" />
<testcase classname="ApamaPluginRemoveTest" name="SoftwareManagement.Plugin.apama_plugin_remove" />
</testsuite><testsuite name="SoftwareManagement.Plugin.apama_plugin_update" tests="3" errors="0" failures="2" skipped="1" time="0"><testcase classname="ApamaPluginUpdateTest" name="SoftwareManagement.Plugin.apama_plugin_update">
		<skipped message="SKIPPED: Apama plugin tests are disabled by default. Execute `pysys run` with `-XmyPlatform=container` to run these tests" />
		<system-out>15:06:57 INFO  ==============================================================
15:06:57 INFO  Id:    SoftwareManagement.Plugin.apama_plugin_update
15:06:57 INFO  Dir:   plugin_apama/
15:06:57 INFO  Title: Validate apama plugin updating one project with another
15:06:57 INFO  ==============================================================
15:06:57 INFO  Apama plugin tests are disabled by default. Execute `pysys run` with `-XmyPlatform=container` to run these tests ... skipped
15:06:57 WARN  Aborted test due to SKIPPED outcome
15:06:57 INFO  
15:06:57 INFO  Test duration: 0.02 secs
15:06:57 INFO  Test final outcome:  SKIPPED
15:06:57 INFO  Test outcome reason: Apama plugin tests are disabled by default. Execute `pysys run` with `-XmyPlatform=container` to run these tests
15:06:57 INFO  
</system-out>
	</testcase>
<testcase classname="ApamaPluginUpdateTest" name="SoftwareManagement.Plugin.apama_plugin_update">
		<failure message="BLOCKED: sudo&lt;plugin_install&gt; returned non-zero exit code 2" type="BLOCKED" />
		<system-out>16:00:20 INFO  ==============================================================
16:00:20 INFO  Id:    SoftwareManagement.Plugin.apama_plugin_update
16:00:20 INFO  Dir:   plugin_apama/
16:00:20 INFO  Title: Validate apama plugin updating one project with another
16:00:20 INFO  ==============================================================
16:00:20 INFO  Assertion that path exists=False for "/etc/tedge/apama/project" ... passed
16:00:21 INFO  Executed sudo&lt;create_project_dir&gt;, exit status 0
16:00:22 INFO  Executed sudo&lt;unzip_apama_project&gt;, exit status 0
16:00:22 INFO  Executed sudo&lt;move_apama_project&gt;, exit status 0
16:00:23 INFO  Executed sudo&lt;restart_apama_service&gt;, exit status 0
16:00:24 INFO  Executed sudo&lt;apama_correlator_wait&gt;, exit status 0
16:00:24 INFO  Assertion that path exists=True for "/etc/tedge/apama/project" ... passed
16:00:25 INFO  Executed sudo&lt;apama_list_monitors&gt;, exit status 0
16:00:25 INFO  Grep on file /home/pi/actions-runner/_work/thin-edge.io/thin-edge.io/tests/PySys/plugin_apama/apama_plugin_update/Output/linux/apama_list_monitors.out ... passed
16:00:25 WARN  Executed sudo&lt;plugin_install&gt;, exit status 2
16:00:25 INFO  Contents of plugin_install.err: 
  ERROR: Directory not empty (os error 39)
  -----

16:00:26 WARN  sudo&lt;plugin_install&gt; returned non-zero exit code 2 ... blocked [run.py:35]
16:00:26 WARN  Aborted test due to BLOCKED outcome
16:00:26 INFO  
16:00:26 INFO  cleanup:
16:00:26 INFO  Removing apama project
16:00:42 INFO  Executed sudo&lt;stop_apama_service&gt;, exit status 0, duration 16 secs
16:00:43 INFO  Executed sudo&lt;remove_apama_project&gt;, exit status 0
16:00:44 INFO  Executed sudo&lt;remove_apama_tmp_dir&gt;, exit status 0
16:00:44 INFO  
16:00:44 INFO  Test duration: 23.18 secs
16:00:44 INFO  Test final outcome:  BLOCKED
16:00:44 INFO  Test outcome reason: sudo&lt;plugin_install&gt; returned non-zero exit code 2
16:00:44 INFO  
</system-out>
	</testcase>
<testcase classname="ApamaPluginUpdateTest" name="SoftwareManagement.Plugin.apama_plugin_update">
		<failure message="BLOCKED: sudo&lt;plugin_install&gt; returned non-zero exit code 2" type="BLOCKED" />
		<system-out>16:03:48 INFO  ==============================================================
16:03:48 INFO  Id:    SoftwareManagement.Plugin.apama_plugin_update
16:03:48 INFO  Dir:   plugin_apama/
16:03:48 INFO  Title: Validate apama plugin updating one project with another
16:03:48 INFO  ==============================================================
16:03:48 INFO  Assertion that path exists=False for "/etc/tedge/apama/project" ... passed
16:03:49 INFO  Executed sudo&lt;create_project_dir&gt;, exit status 0
16:03:49 INFO  Executed sudo&lt;unzip_apama_project&gt;, exit status 0
16:03:50 INFO  Executed sudo&lt;move_apama_project&gt;, exit status 0
16:03:51 INFO  Executed sudo&lt;restart_apama_service&gt;, exit status 0
16:03:52 INFO  Executed sudo&lt;apama_correlator_wait&gt;, exit status 0
16:03:52 INFO  Assertion that path exists=True for "/etc/tedge/apama/project" ... passed
16:03:52 INFO  Executed sudo&lt;apama_list_monitors&gt;, exit status 0
16:03:52 INFO  Grep on file /home/pi/actions-runner/_work/thin-edge.io/thin-edge.io/tests/PySys/plugin_apama/apama_plugin_update/Output/linux/apama_list_monitors.out ... passed
16:03:53 WARN  Executed sudo&lt;plugin_install&gt;, exit status 2
16:03:53 INFO  Contents of plugin_install.err: 
  ERROR: Directory not empty (os error 39)
  -----

16:03:53 WARN  sudo&lt;plugin_install&gt; returned non-zero exit code 2 ... blocked [run.py:35]
16:03:53 WARN  Aborted test due to BLOCKED outcome
16:03:53 INFO  
16:03:53 INFO  cleanup:
16:03:53 INFO  Removing apama project
16:04:08 INFO  Executed sudo&lt;stop_apama_service&gt;, exit status 0, duration 14 secs
16:04:09 INFO  Executed sudo&lt;remove_apama_project&gt;, exit status 0
16:04:09 INFO  Executed sudo&lt;remove_apama_tmp_dir&gt;, exit status 0
16:04:09 INFO  
16:04:09 INFO  Test duration: 21.09 secs
16:04:09 INFO  Test final outcome:  BLOCKED
16:04:09 INFO  Test outcome reason: sudo&lt;plugin_install&gt; returned non-zero exit code 2
16:04:09 INFO  
</system-out>
	</testcase>
</testsuite><testsuite name="SoftwareManagement.sm_apt_install_download_path" tests="3" errors="0" failures="2" skipped="1" time="0"><testcase classname="AptInstallWithDownloadPath" name="SoftwareManagement.sm_apt_install_download_path">
		<skipped message="SKIPPED: Testing the apt plugin is not supported on this platform.Use parameter -XmyPlatform='container' to enable it" />
		<system-out>15:16:45 INFO  ==============================================================
15:16:45 INFO  Id:    SoftwareManagement.sm_apt_install_download_path
15:16:45 INFO  Dir:   software_management_end_to_end/
15:16:45 INFO  Title: Install package to directory specified in tedge config set tmp.path
15:16:45 INFO  ==============================================================
15:16:45 INFO  Testing the apt plugin is not supported on this platform.Use parameter -XmyPlatform='container' to enable it ... skipped
15:16:45 WARN  Aborted test due to SKIPPED outcome
15:16:45 INFO  
15:16:45 INFO  Test duration: 0.06 secs
15:16:45 INFO  Test final outcome:  SKIPPED
15:16:45 INFO  Test outcome reason: Testing the apt plugin is not supported on this platform.Use parameter -XmyPlatform='container' to enable it
15:16:45 INFO  
</system-out>
	</testcase>
<testcase classname="AptInstallWithDownloadPath" name="SoftwareManagement.sm_apt_install_download_path">
		<failure message="BLOCKED: AssertionError:" type="BLOCKED" />
		<system-out>15:41:51 INFO  ==============================================================
15:41:51 INFO  Id:    SoftwareManagement.sm_apt_install_download_path
15:41:51 INFO  Dir:   software_management_end_to_end/
15:41:51 INFO  Title: Install package to directory specified in tedge config set tmp.path
15:41:51 INFO  ==============================================================
15:41:51 INFO  Using sw id database: {'asciijump': '5475369', 'robotfindskitten': '5474869', 'squirrel3': '5475279', 'rolldice': '5152439', 'moon-buggy': '5439204', 'apple': '5495053', 'banana': '5494888', 'cherry': '5495382', 'watermelon': '5494510', 'registry': '8018911', 'hello-world': '8021526', 'docker/getting-started': '8021973', 'alpine': '7991792'}
15:41:51 INFO  EnvironmentC8y Setup
15:41:52 INFO  Executed systemctl&lt;serv_mapper1&gt;, exit status 3
15:42:08 INFO  Executed sudo&lt;tedge_connect_c8y&gt;, exit status 0, duration 15 secs
15:42:10 INFO  Executed sudo&lt;tedge_connect_c8y_test&gt;, exit status 0
15:42:11 INFO  Executed systemctl&lt;serv_mosq2&gt;, exit status 0
15:42:12 INFO  Executed systemctl&lt;serv_mapper3&gt;, exit status 0
15:42:14 INFO  State of current operation: SUCCESSFUL
15:42:14 INFO  Assert that (False == value) with value=False ... passed
15:42:15 INFO  Executed sudo, exit status 0
15:42:15 INFO  Executed sudo, exit status 0
15:42:16 INFO  Executed sudo, exit status 0
15:42:20 INFO  Executed sudo&lt;tedge_disconnect_c8y&gt;, exit status 0
15:42:20 INFO  Restarting mosquitto too frequently in the last 10 seconds. It was only up for 3 seconds
15:42:20 INFO  Delaying execution by 8 seconds
15:42:43 INFO  Executed sudo&lt;tedge_connect_c8y&gt;, exit status 0, duration 15 secs
15:42:44 INFO  Response status: 201
15:42:44 INFO  Response to action: {
    "creationTime": "2022-05-02T15:42:44.863Z",
    "deviceName": "mythicd",
    "deviceId": "18170793",
    "self": "https://t493319102.eu-latest.cumulocity.com/devicecontrol/operations/18197215",
    "id": "18197215",
    "status": "PENDING",
    "description": "Apply software changes, triggered from PySys: [{'name': 'rolldice', 'id': '5152439', 'version': '::apt', 'url': 'https://thin-edge-io.eu-latest.cumulocity.com/inventory/binaries/12435463', 'action': 'install'}]",
    "c8y_SoftwareUpdate": [
        {
            "name": "rolldice",
            "action": "install",
            "id": "5152439",
            "version": "::apt",
            "url": "https://thin-edge-io.eu-latest.cumulocity.com/inventory/binaries/12435463"
        }
    ]
}
15:42:44 INFO  Started operation: {'creationTime': '2022-05-02T15:42:44.863Z', 'deviceName': 'mythicd', 'deviceId': '18170793', 'self': 'https://t493319102.eu-latest.cumulocity.com/devicecontrol/operations/18197215', 'id': '18197215', 'status': 'PENDING', 'description': "Apply software changes, triggered from PySys: [{'name': 'rolldice', 'id': '5152439', 'version': '::apt', 'url': 'https://thin-edge-io.eu-latest.cumulocity.com/inventory/binaries/12435463', 'action': 'install'}]", 'c8y_SoftwareUpdate': [{'name': 'rolldice', 'action': 'install', 'id': '5152439', 'version': '::apt', 'url': 'https://thin-edge-io.eu-latest.cumulocity.com/inventory/binaries/12435463'}]}
15:42:44 WARN  , retrying in 0.5 seconds...
15:42:45 WARN  , retrying in 0.5 seconds...
15:42:45 WARN  , retrying in 0.5 seconds...
15:42:46 WARN  , retrying in 0.5 seconds...
15:42:46 WARN  , retrying in 0.5 seconds...
15:42:47 WARN  , retrying in 0.5 seconds...
15:42:47 WARN  , retrying in 0.5 seconds...
15:42:48 WARN  , retrying in 0.5 seconds...
15:42:48 WARN  , retrying in 0.5 seconds...
15:42:49 WARN  AssertionError occurred while running test - 
Traceback (most recent call last):
  File "/home/pi/env-pysys/lib/python3.7/site-packages/pysys/baserunner.py", line 1294, in __call__
    self.testObj.execute()
  File "/home/pi/actions-runner/_work/thin-edge.io/thin-edge.io/tests/PySys/software_management_end_to_end/sm_apt_install_download_path/run.py", line 83, in execute
    assert_install_in_download_path(install_directory=self.DOWNLOAD_DIR)
  File "/home/pi/env-pysys/lib/python3.7/site-packages/decorator.py", line 232, in fun
    return caller(func, *(extras + args), **kw)
  File "/home/pi/env-pysys/lib/python3.7/site-packages/retry/api.py", line 74, in retry_decorator
    logger)
  File "/home/pi/env-pysys/lib/python3.7/site-packages/retry/api.py", line 33, in __retry_internal
    return f()
  File "/home/pi/actions-runner/_work/thin-edge.io/thin-edge.io/tests/PySys/software_management_end_to_end/sm_apt_install_download_path/run.py", line 28, in assert_install_in_download_path
    assert "rolldice" in os.listdir(f"{install_directory}")
AssertionError
15:42:50 WARN  AssertionError: ... blocked 
15:42:50 INFO  
15:42:50 INFO  cleanup:
15:42:50 INFO  Executed sudo, exit status 0
15:42:51 INFO  Executed sudo, exit status 0
15:42:55 INFO  Executed sudo&lt;tedge_disconnect_c8y&gt;, exit status 0
15:42:55 INFO  Restarting mosquitto too frequently in the last 10 seconds. It was only up for 4 seconds
15:42:55 INFO  Delaying execution by 7 seconds
15:43:17 INFO  Executed sudo&lt;tedge_connect_c8y&gt;, exit status 0, duration 14 secs
15:43:21 INFO  Executed sudo&lt;tedge_disconnect_c8y&gt;, exit status 0
15:43:21 INFO  Executed systemctl&lt;serv_mapper5&gt;, exit status 3
15:43:21 INFO  
15:43:21 INFO  Test duration: 90.83 secs
15:43:21 INFO  Test final outcome:  BLOCKED
15:43:21 INFO  Test outcome reason: AssertionError:
15:43:21 INFO  
</system-out>
	</testcase>
<testcase classname="AptInstallWithDownloadPath" name="SoftwareManagement.sm_apt_install_download_path">
		<failure message="BLOCKED: AssertionError:" type="BLOCKED" />
		<system-out>16:04:09 INFO  ==============================================================
16:04:09 INFO  Id:    SoftwareManagement.sm_apt_install_download_path
16:04:09 INFO  Dir:   software_management_end_to_end/
16:04:09 INFO  Title: Install package to directory specified in tedge config set tmp.path
16:04:09 INFO  ==============================================================
16:04:11 INFO  Using sw id database: {'asciijump': '5475369', 'robotfindskitten': '5474869', 'squirrel3': '5475279', 'rolldice': '5152439', 'moon-buggy': '5439204', 'apple': '5495053', 'banana': '5494888', 'cherry': '5495382', 'watermelon': '5494510', 'registry': '8018911', 'hello-world': '8021526', 'docker/getting-started': '8021973', 'alpine': '7991792'}
16:04:11 INFO  EnvironmentC8y Setup
16:04:11 INFO  Executed systemctl&lt;serv_mapper1&gt;, exit status 3
16:04:26 INFO  Executed sudo&lt;tedge_connect_c8y&gt;, exit status 0, duration 14 secs
16:04:26 INFO  Executed sudo&lt;tedge_connect_c8y_test&gt;, exit status 0
16:04:27 INFO  Executed systemctl&lt;serv_mosq2&gt;, exit status 0
16:04:27 INFO  Executed systemctl&lt;serv_mapper3&gt;, exit status 0
16:04:30 INFO  State of current operation: FAILED
16:04:30 INFO  Assert that (False == value) with value=False ... passed
16:04:30 INFO  Executed sudo, exit status 0
16:04:31 INFO  Executed sudo, exit status 0
16:04:32 INFO  Executed sudo, exit status 0
16:04:36 INFO  Executed sudo&lt;tedge_disconnect_c8y&gt;, exit status 0
16:04:36 INFO  Restarting mosquitto too frequently in the last 10 seconds. It was only up for 3 seconds
16:04:36 INFO  Delaying execution by 8 seconds
16:04:58 INFO  Executed sudo&lt;tedge_connect_c8y&gt;, exit status 0, duration 14 secs
16:04:58 INFO  Response status: 201
16:04:58 INFO  Response to action: {
    "delivery": {
        "time": "2022-05-02T16:04:58.389Z",
        "log": [],
        "status": "PENDING"
    },
    "creationTime": "2022-05-02T16:04:58.372Z",
    "deviceName": "mythicd",
    "deviceId": "18170793",
    "self": "https://t493319102.eu-latest.cumulocity.com/devicecontrol/operations/18212044",
    "id": "18212044",
    "status": "PENDING",
    "description": "Apply software changes, triggered from PySys: [{'name': 'rolldice', 'id': '5152439', 'version': '::apt', 'url': 'https://thin-edge-io.eu-latest.cumulocity.com/inventory/binaries/12435463', 'action': 'install'}]",
    "c8y_SoftwareUpdate": [
        {
            "name": "rolldice",
            "action": "install",
            "id": "5152439",
            "version": "::apt",
            "url": "https://thin-edge-io.eu-latest.cumulocity.com/inventory/binaries/12435463"
        }
    ]
}
16:04:58 INFO  Started operation: {'delivery': {'time': '2022-05-02T16:04:58.389Z', 'log': [], 'status': 'PENDING'}, 'creationTime': '2022-05-02T16:04:58.372Z', 'deviceName': 'mythicd', 'deviceId': '18170793', 'self': 'https://t493319102.eu-latest.cumulocity.com/devicecontrol/operations/18212044', 'id': '18212044', 'status': 'PENDING', 'description': "Apply software changes, triggered from PySys: [{'name': 'rolldice', 'id': '5152439', 'version': '::apt', 'url': 'https://thin-edge-io.eu-latest.cumulocity.com/inventory/binaries/12435463', 'action': 'install'}]", 'c8y_SoftwareUpdate': [{'name': 'rolldice', 'action': 'install', 'id': '5152439', 'version': '::apt', 'url': 'https://thin-edge-io.eu-latest.cumulocity.com/inventory/binaries/12435463'}]}
16:04:58 WARN  , retrying in 0.5 seconds...
16:04:58 WARN  , retrying in 0.5 seconds...
16:04:59 WARN  , retrying in 0.5 seconds...
16:04:59 WARN  , retrying in 0.5 seconds...
16:05:00 WARN  , retrying in 0.5 seconds...
16:05:00 WARN  , retrying in 0.5 seconds...
16:05:01 WARN  , retrying in 0.5 seconds...
16:05:01 WARN  , retrying in 0.5 seconds...
16:05:02 WARN  , retrying in 0.5 seconds...
16:05:02 WARN  AssertionError occurred while running test - 
Traceback (most recent call last):
  File "/home/pi/env-pysys/lib/python3.7/site-packages/pysys/baserunner.py", line 1294, in __call__
    self.testObj.execute()
  File "/home/pi/actions-runner/_work/thin-edge.io/thin-edge.io/tests/PySys/software_management_end_to_end/sm_apt_install_download_path/run.py", line 83, in execute
    assert_install_in_download_path(install_directory=self.DOWNLOAD_DIR)
  File "/home/pi/env-pysys/lib/python3.7/site-packages/decorator.py", line 232, in fun
    return caller(func, *(extras + args), **kw)
  File "/home/pi/env-pysys/lib/python3.7/site-packages/retry/api.py", line 74, in retry_decorator
    logger)
  File "/home/pi/env-pysys/lib/python3.7/site-packages/retry/api.py", line 33, in __retry_internal
    return f()
  File "/home/pi/actions-runner/_work/thin-edge.io/thin-edge.io/tests/PySys/software_management_end_to_end/sm_apt_install_download_path/run.py", line 28, in assert_install_in_download_path
    assert "rolldice" in os.listdir(f"{install_directory}")
AssertionError
16:05:02 WARN  AssertionError: ... blocked 
16:05:02 INFO  
16:05:02 INFO  cleanup:
16:05:03 INFO  Executed sudo, exit status 0
16:05:04 INFO  Executed sudo, exit status 0
16:05:08 INFO  Executed sudo&lt;tedge_disconnect_c8y&gt;, exit status 0
16:05:08 INFO  Restarting mosquitto too frequently in the last 10 seconds. It was only up for 3 seconds
16:05:08 INFO  Delaying execution by 8 seconds
16:05:30 INFO  Executed sudo&lt;tedge_connect_c8y&gt;, exit status 0, duration 13 secs
16:05:35 INFO  Executed sudo&lt;tedge_disconnect_c8y&gt;, exit status 0
16:05:35 INFO  Executed systemctl&lt;serv_mapper5&gt;, exit status 3
16:05:35 INFO  
16:05:35 INFO  Test duration: 85.86 secs
16:05:35 INFO  Test final outcome:  BLOCKED
16:05:35 INFO  Test outcome reason: AssertionError:
16:05:35 INFO  
</system-out>
	</testcase>
</testsuite><testsuite name="SoftwareManagement.sm_apt_install_fail" tests="3" errors="0" failures="0" skipped="1" time="0"><testcase classname="PySysTest" name="SoftwareManagement.sm_apt_install_fail">
		<skipped message="SKIPPED: Testing the apt plugin is not supported on this platform.Use parameter -XmyPlatform='container' to enable it" />
		<system-out>15:16:45 INFO  ==============================================================
15:16:45 INFO  Id:    SoftwareManagement.sm_apt_install_fail
15:16:45 INFO  Dir:   software_management_end_to_end/
15:16:45 INFO  Title: Validate end to end behaviour for a failing installation
15:16:45 INFO  ==============================================================
15:16:45 INFO  Testing the apt plugin is not supported on this platform.Use parameter -XmyPlatform='container' to enable it ... skipped
15:16:45 WARN  Aborted test due to SKIPPED outcome
15:16:45 INFO  
15:16:45 INFO  Test duration: 0.02 secs
15:16:45 INFO  Test final outcome:  SKIPPED
15:16:45 INFO  Test outcome reason: Testing the apt plugin is not supported on this platform.Use parameter -XmyPlatform='container' to enable it
15:16:45 INFO  
</system-out>
	</testcase>
<testcase classname="PySysTest" name="SoftwareManagement.sm_apt_install_fail" />
<testcase classname="PySysTest" name="SoftwareManagement.sm_apt_install_fail" />
</testsuite><testsuite name="SoftwareManagement.sm_apt_install_remove" tests="3" errors="0" failures="0" skipped="1" time="0"><testcase classname="PySysTest" name="SoftwareManagement.sm_apt_install_remove">
		<skipped message="SKIPPED: Testing the apt plugin is not supported on this platform.Use parameter -XmyPlatform='container' to enable it" />
		<system-out>15:16:46 INFO  ==============================================================
15:16:46 INFO  Id:    SoftwareManagement.sm_apt_install_remove
15:16:46 INFO  Dir:   software_management_end_to_end/
15:16:46 INFO  Title: Validate end to end behaviour for the apt plugin for installation and removal of packages
15:16:46 INFO  ==============================================================
15:16:46 INFO  Testing the apt plugin is not supported on this platform.Use parameter -XmyPlatform='container' to enable it ... skipped
15:16:46 WARN  Aborted test due to SKIPPED outcome
15:16:46 INFO  
15:16:46 INFO  Test duration: 0.02 secs
15:16:46 INFO  Test final outcome:  SKIPPED
15:16:46 INFO  Test outcome reason: Testing the apt plugin is not supported on this platform.Use parameter -XmyPlatform='container' to enable it
15:16:46 INFO  
</system-out>
	</testcase>
<testcase classname="PySysTest" name="SoftwareManagement.sm_apt_install_remove" />
<testcase classname="PySysTest" name="SoftwareManagement.sm_apt_install_remove" />
</testsuite><testsuite name="SoftwareManagement.sm_apt_install_remove_default" tests="3" errors="0" failures="0" skipped="1" time="0"><testcase classname="PySysTest" name="SoftwareManagement.sm_apt_install_remove_default">
		<skipped message="SKIPPED: Testing the apt plugin is not supported on this platform.Use parameter -XmyPlatform='container' to enable it" />
		<system-out>15:16:46 INFO  ==============================================================
15:16:46 INFO  Id:    SoftwareManagement.sm_apt_install_remove_default
15:16:46 INFO  Dir:   software_management_end_to_end/
15:16:46 INFO  Title: Validate end to end behaviour for the default plugin for installation and removal of packages
15:16:46 INFO  ==============================================================
15:16:46 INFO  Testing the apt plugin is not supported on this platform.Use parameter -XmyPlatform='container' to enable it ... skipped
15:16:46 WARN  Aborted test due to SKIPPED outcome
15:16:46 INFO  
15:16:46 INFO  Test duration: 0.02 secs
15:16:46 INFO  Test final outcome:  SKIPPED
15:16:46 INFO  Test outcome reason: Testing the apt plugin is not supported on this platform.Use parameter -XmyPlatform='container' to enable it
15:16:46 INFO  
</system-out>
	</testcase>
<testcase classname="PySysTest" name="SoftwareManagement.sm_apt_install_remove_default" />
<testcase classname="PySysTest" name="SoftwareManagement.sm_apt_install_remove_default" />
</testsuite><testsuite name="SoftwareManagement.sm_apt_install_remove_multiple" tests="3" errors="0" failures="2" skipped="1" time="0"><testcase classname="PySysTest" name="SoftwareManagement.sm_apt_install_remove_multiple">
		<skipped message="SKIPPED: Testing the apt plugin is not supported on this platform.Use parameter -XmyPlatform='container' to enable it" />
		<system-out>15:16:46 INFO  ==============================================================
15:16:46 INFO  Id:    SoftwareManagement.sm_apt_install_remove_multiple
15:16:46 INFO  Dir:   software_management_end_to_end/
15:16:46 INFO  Title: Validate end to end behaviour for the apt plugin for multiple packages
15:16:46 INFO  ==============================================================
15:16:46 INFO  Testing the apt plugin is not supported on this platform.Use parameter -XmyPlatform='container' to enable it ... skipped
15:16:46 WARN  Aborted test due to SKIPPED outcome
15:16:46 INFO  
15:16:46 INFO  Test duration: 0.02 secs
15:16:46 INFO  Test final outcome:  SKIPPED
15:16:46 INFO  Test outcome reason: Testing the apt plugin is not supported on this platform.Use parameter -XmyPlatform='container' to enable it
15:16:46 INFO  
</system-out>
	</testcase>
<testcase classname="PySysTest" name="SoftwareManagement.sm_apt_install_remove_multiple">
		<failure message="FAILED: Assert that (False == value) with value=True" type="FAILED" />
		<system-out>15:50:21 INFO  ==============================================================
15:50:21 INFO  Id:    SoftwareManagement.sm_apt_install_remove_multiple
15:50:21 INFO  Dir:   software_management_end_to_end/
15:50:21 INFO  Title: Validate end to end behaviour for the apt plugin for multiple packages
15:50:21 INFO  ==============================================================
15:50:21 INFO  Using sw id database: {'asciijump': '5475369', 'robotfindskitten': '5474869', 'squirrel3': '5475279', 'rolldice': '5152439', 'moon-buggy': '5439204', 'apple': '5495053', 'banana': '5494888', 'cherry': '5495382', 'watermelon': '5494510', 'registry': '8018911', 'hello-world': '8021526', 'docker/getting-started': '8021973', 'alpine': '7991792'}
15:50:21 INFO  EnvironmentC8y Setup
15:50:21 INFO  Executed systemctl&lt;serv_mapper1&gt;, exit status 3
15:50:21 INFO  Restarting mosquitto too frequently in the last 10 seconds. It was only up for 5 seconds
15:50:21 INFO  Delaying execution by 6 seconds
15:50:42 INFO  Executed sudo&lt;tedge_connect_c8y&gt;, exit status 0, duration 14 secs
15:50:42 INFO  Executed sudo&lt;tedge_connect_c8y_test&gt;, exit status 0
15:50:43 INFO  Executed systemctl&lt;serv_mosq2&gt;, exit status 0
15:50:43 INFO  Executed systemctl&lt;serv_mapper3&gt;, exit status 0
15:50:45 INFO  State of current operation: SUCCESSFUL
15:50:46 INFO  Assert that (False == value) with value=False ... passed
15:50:46 INFO  Assert that (False == value) with value=False ... passed
15:50:46 INFO  Assert that (False == value) with value=False ... passed
15:50:46 INFO  Package robotfindskitten is installed
15:50:46 WARN  Assert that (False == value) with value=True ... failed 
15:50:47 INFO  Response status: 201
15:50:47 INFO  Response to action: {
    "creationTime": "2022-05-02T15:50:47.155Z",
    "deviceName": "mythicd",
    "deviceId": "18170793",
    "self": "https://t493319102.eu-latest.cumulocity.com/devicecontrol/operations/18211719",
    "id": "18211719",
    "status": "PENDING",
    "description": "Apply software changes, triggered from PySys: [{'action': 'install', 'id': '5475369', 'name': 'asciijump', 'url': ' ', 'version': '::apt'}, {'action': 'install', 'id': '5474869', 'name': 'robotfindskitten', 'url': ' ', 'version': '::apt'}, {'action': 'install', 'id': '5475279', 'name': 'squirrel3', 'url': ' ', 'version': '::apt'}]",
    "c8y_SoftwareUpdate": [
        {
            "name": "asciijump",
            "action": "install",
            "id": "5475369",
            "version": "::apt",
            "url": " "
        },
        {
            "name": "robotfindskitten",
            "action": "install",
            "id": "5474869",
            "version": "::apt",
            "url": " "
        },
        {
            "name": "squirrel3",
            "action": "install",
            "id": "5475279",
            "version": "::apt",
            "url": " "
        }
    ]
}
15:50:47 INFO  Started operation: {'creationTime': '2022-05-02T15:50:47.155Z', 'deviceName': 'mythicd', 'deviceId': '18170793', 'self': 'https://t493319102.eu-latest.cumulocity.com/devicecontrol/operations/18211719', 'id': '18211719', 'status': 'PENDING', 'description': "Apply software changes, triggered from PySys: [{'action': 'install', 'id': '5475369', 'name': 'asciijump', 'url': ' ', 'version': '::apt'}, {'action': 'install', 'id': '5474869', 'name': 'robotfindskitten', 'url': ' ', 'version': '::apt'}, {'action': 'install', 'id': '5475279', 'name': 'squirrel3', 'url': ' ', 'version': '::apt'}]", 'c8y_SoftwareUpdate': [{'name': 'asciijump', 'action': 'install', 'id': '5475369', 'version': '::apt', 'url': ' '}, {'name': 'robotfindskitten', 'action': 'install', 'id': '5474869', 'version': '::apt', 'url': ' '}, {'name': 'squirrel3', 'action': 'install', 'id': '5475279', 'version': '::apt', 'url': ' '}]}
15:50:49 INFO  State of operation 18211719 : PENDING
15:50:51 INFO  State of operation 18211719 : EXECUTING
15:50:53 INFO  State of operation 18211719 : EXECUTING
15:50:56 INFO  State of operation 18211719 : EXECUTING
15:50:58 INFO  State of operation 18211719 : EXECUTING
15:51:00 INFO  State of operation 18211719 : EXECUTING
15:51:03 INFO  State of operation 18211719 : EXECUTING
15:51:06 INFO  State of operation 18211719 : EXECUTING
15:51:08 INFO  State of operation 18211719 : EXECUTING
15:51:11 INFO  State of operation 18211719 : EXECUTING
15:51:13 INFO  State of operation 18211719 : EXECUTING
15:51:15 INFO  State of operation 18211719 : EXECUTING
15:51:17 INFO  State of operation 18211719 : EXECUTING
15:51:20 INFO  State of operation 18211719 : EXECUTING
15:51:22 INFO  State of operation 18211719 : EXECUTING
15:51:24 INFO  State of operation 18211719 : EXECUTING
15:51:26 INFO  State of operation 18211719 : EXECUTING
15:51:29 INFO  State of operation 18211719 : EXECUTING
15:51:32 INFO  State of operation 18211719 : EXECUTING
15:51:34 INFO  State of operation 18211719 : EXECUTING
15:51:36 INFO  State of operation 18211719 : EXECUTING
15:51:38 INFO  State of operation 18211719 : EXECUTING
15:51:41 INFO  State of operation 18211719 : EXECUTING
15:51:43 INFO  State of operation 18211719 : EXECUTING
15:51:46 INFO  State of operation 18211719 : EXECUTING
15:51:48 INFO  State of operation 18211719 : EXECUTING
15:51:51 INFO  State of operation 18211719 : EXECUTING
15:51:53 INFO  State of operation 18211719 : EXECUTING
15:51:55 INFO  State of operation 18211719 : EXECUTING
15:51:58 INFO  State of operation 18211719 : EXECUTING
15:52:00 INFO  State of operation 18211719 : EXECUTING
15:52:02 INFO  State of operation 18211719 : EXECUTING
15:52:05 INFO  State of operation 18211719 : EXECUTING
15:52:07 INFO  State of operation 18211719 : EXECUTING
15:52:09 INFO  State of operation 18211719 : SUCCESSFUL
15:52:09 INFO  Assert that (False == value) with value=False ... passed
15:52:10 INFO  Package asciijump is installed
15:52:10 INFO  Assert that (True == value) with value=True ... passed
15:52:10 INFO  Package squirrel3 is installed
15:52:10 INFO  Assert that (True == value) with value=True ... passed
15:52:10 INFO  Package robotfindskitten is installed
15:52:10 INFO  Assert that (True == value) with value=True ... passed
15:52:10 INFO  Response status: 201
15:52:10 INFO  Response to action: {
    "creationTime": "2022-05-02T15:52:10.707Z",
    "deviceName": "mythicd",
    "deviceId": "18170793",
    "self": "https://t493319102.eu-latest.cumulocity.com/devicecontrol/operations/18211929",
    "id": "18211929",
    "status": "PENDING",
    "description": "Apply software changes, triggered from PySys: [{'action': 'delete', 'id': '5475369', 'name': 'asciijump', 'url': ' ', 'version': '::apt'}, {'action': 'delete', 'id': '5474869', 'name': 'robotfindskitten', 'url': ' ', 'version': '::apt'}, {'action': 'delete', 'id': '5475279', 'name': 'squirrel3', 'url': ' ', 'version': '::apt'}]",
    "c8y_SoftwareUpdate": [
        {
            "name": "asciijump",
            "action": "delete",
            "id": "5475369",
            "version": "::apt",
            "url": " "
        },
        {
            "name": "robotfindskitten",
            "action": "delete",
            "id": "5474869",
            "version": "::apt",
            "url": " "
        },
        {
            "name": "squirrel3",
            "action": "delete",
            "id": "5475279",
            "version": "::apt",
            "url": " "
        }
    ]
}
15:52:10 INFO  Started operation: {'creationTime': '2022-05-02T15:52:10.707Z', 'deviceName': 'mythicd', 'deviceId': '18170793', 'self': 'https://t493319102.eu-latest.cumulocity.com/devicecontrol/operations/18211929', 'id': '18211929', 'status': 'PENDING', 'description': "Apply software changes, triggered from PySys: [{'action': 'delete', 'id': '5475369', 'name': 'asciijump', 'url': ' ', 'version': '::apt'}, {'action': 'delete', 'id': '5474869', 'name': 'robotfindskitten', 'url': ' ', 'version': '::apt'}, {'action': 'delete', 'id': '5475279', 'name': 'squirrel3', 'url': ' ', 'version': '::apt'}]", 'c8y_SoftwareUpdate': [{'name': 'asciijump', 'action': 'delete', 'id': '5475369', 'version': '::apt', 'url': ' '}, {'name': 'robotfindskitten', 'action': 'delete', 'id': '5474869', 'version': '::apt', 'url': ' '}, {'name': 'squirrel3', 'action': 'delete', 'id': '5475279', 'version': '::apt', 'url': ' '}]}
15:52:12 INFO  State of operation 18211929 : PENDING
15:52:15 INFO  State of operation 18211929 : EXECUTING
15:52:17 INFO  State of operation 18211929 : EXECUTING
15:52:19 INFO  State of operation 18211929 : EXECUTING
15:52:21 INFO  State of operation 18211929 : EXECUTING
15:52:24 INFO  State of operation 18211929 : EXECUTING
15:52:26 INFO  State of operation 18211929 : EXECUTING
15:52:29 INFO  State of operation 18211929 : EXECUTING
15:52:32 INFO  State of operation 18211929 : EXECUTING
15:52:34 INFO  State of operation 18211929 : EXECUTING
15:52:36 INFO  State of operation 18211929 : EXECUTING
15:52:38 INFO  State of operation 18211929 : EXECUTING
15:52:41 INFO  State of operation 18211929 : EXECUTING
15:52:43 INFO  State of operation 18211929 : EXECUTING
15:52:45 INFO  State of operation 18211929 : EXECUTING
15:52:47 INFO  State of operation 18211929 : EXECUTING
15:52:50 INFO  State of operation 18211929 : EXECUTING
15:52:53 INFO  State of operation 18211929 : EXECUTING
15:52:55 INFO  State of operation 18211929 : EXECUTING
15:52:57 INFO  State of operation 18211929 : EXECUTING
15:52:59 INFO  State of operation 18211929 : EXECUTING
15:53:02 INFO  State of operation 18211929 : EXECUTING
15:53:04 INFO  State of operation 18211929 : EXECUTING
15:53:06 INFO  State of operation 18211929 : EXECUTING
15:53:09 INFO  State of operation 18211929 : EXECUTING
15:53:12 INFO  State of operation 18211929 : EXECUTING
15:53:14 INFO  State of operation 18211929 : EXECUTING
15:53:16 INFO  State of operation 18211929 : EXECUTING
15:53:19 INFO  State of operation 18211929 : SUCCESSFUL
15:53:19 INFO  Assert that (False == value) with value=False ... passed
15:53:19 INFO  Assert that (False == value) with value=False ... passed
15:53:19 INFO  Assert that (False == value) with value=False ... passed
15:53:20 INFO  Assert that (False == value) with value=False ... passed
15:53:20 INFO  
15:53:20 INFO  cleanup:
15:53:24 INFO  Executed sudo&lt;tedge_disconnect_c8y&gt;, exit status 0
15:53:24 INFO  Executed systemctl&lt;serv_mapper5&gt;, exit status 3
15:53:24 INFO  
15:53:24 INFO  Test duration: 183.80 secs
15:53:24 INFO  Test final outcome:  FAILED
15:53:24 INFO  Test outcome reason: Assert that (False == value) with value=True
15:53:24 INFO  
</system-out>
	</testcase>
<testcase classname="PySysTest" name="SoftwareManagement.sm_apt_install_remove_multiple">
		<failure message="FAILED: Assert that (False == value) with value=True (+2 other failures)" type="FAILED" />
		<system-out>16:12:08 INFO  ==============================================================
16:12:08 INFO  Id:    SoftwareManagement.sm_apt_install_remove_multiple
16:12:08 INFO  Dir:   software_management_end_to_end/
16:12:08 INFO  Title: Validate end to end behaviour for the apt plugin for multiple packages
16:12:08 INFO  ==============================================================
16:12:08 INFO  Using sw id database: {'asciijump': '5475369', 'robotfindskitten': '5474869', 'squirrel3': '5475279', 'rolldice': '5152439', 'moon-buggy': '5439204', 'apple': '5495053', 'banana': '5494888', 'cherry': '5495382', 'watermelon': '5494510', 'registry': '8018911', 'hello-world': '8021526', 'docker/getting-started': '8021973', 'alpine': '7991792'}
16:12:08 INFO  EnvironmentC8y Setup
16:12:08 INFO  Executed systemctl&lt;serv_mapper1&gt;, exit status 3
16:12:09 INFO  Restarting mosquitto too frequently in the last 10 seconds. It was only up for 5 seconds
16:12:09 INFO  Delaying execution by 6 seconds
16:12:29 INFO  Executed sudo&lt;tedge_connect_c8y&gt;, exit status 0, duration 14 secs
16:12:29 INFO  Executed sudo&lt;tedge_connect_c8y_test&gt;, exit status 0
16:12:30 INFO  Executed systemctl&lt;serv_mosq2&gt;, exit status 0
16:12:30 INFO  Executed systemctl&lt;serv_mapper3&gt;, exit status 0
16:12:33 INFO  State of current operation: SUCCESSFUL
16:12:33 INFO  Assert that (False == value) with value=False ... passed
16:12:33 INFO  Package asciijump is installed
16:12:33 WARN  Assert that (False == value) with value=True ... failed 
16:12:34 INFO  Package squirrel3 is installed
16:12:34 WARN  Assert that (False == value) with value=True ... failed 
16:12:34 INFO  Package robotfindskitten is installed
16:12:34 WARN  Assert that (False == value) with value=True ... failed 
16:12:34 INFO  Response status: 201
16:12:34 INFO  Response to action: {
    "creationTime": "2022-05-02T16:12:34.538Z",
    "deviceName": "mythicd",
    "deviceId": "18170793",
    "self": "https://t493319102.eu-latest.cumulocity.com/devicecontrol/operations/18214119",
    "id": "18214119",
    "status": "PENDING",
    "description": "Apply software changes, triggered from PySys: [{'action': 'install', 'id': '5475369', 'name': 'asciijump', 'url': ' ', 'version': '::apt'}, {'action': 'install', 'id': '5474869', 'name': 'robotfindskitten', 'url': ' ', 'version': '::apt'}, {'action': 'install', 'id': '5475279', 'name': 'squirrel3', 'url': ' ', 'version': '::apt'}]",
    "c8y_SoftwareUpdate": [
        {
            "name": "asciijump",
            "action": "install",
            "id": "5475369",
            "version": "::apt",
            "url": " "
        },
        {
            "name": "robotfindskitten",
            "action": "install",
            "id": "5474869",
            "version": "::apt",
            "url": " "
        },
        {
            "name": "squirrel3",
            "action": "install",
            "id": "5475279",
            "version": "::apt",
            "url": " "
        }
    ]
}
16:12:34 INFO  Started operation: {'creationTime': '2022-05-02T16:12:34.538Z', 'deviceName': 'mythicd', 'deviceId': '18170793', 'self': 'https://t493319102.eu-latest.cumulocity.com/devicecontrol/operations/18214119', 'id': '18214119', 'status': 'PENDING', 'description': "Apply software changes, triggered from PySys: [{'action': 'install', 'id': '5475369', 'name': 'asciijump', 'url': ' ', 'version': '::apt'}, {'action': 'install', 'id': '5474869', 'name': 'robotfindskitten', 'url': ' ', 'version': '::apt'}, {'action': 'install', 'id': '5475279', 'name': 'squirrel3', 'url': ' ', 'version': '::apt'}]", 'c8y_SoftwareUpdate': [{'name': 'asciijump', 'action': 'install', 'id': '5475369', 'version': '::apt', 'url': ' '}, {'name': 'robotfindskitten', 'action': 'install', 'id': '5474869', 'version': '::apt', 'url': ' '}, {'name': 'squirrel3', 'action': 'install', 'id': '5475279', 'version': '::apt', 'url': ' '}]}
16:12:36 INFO  State of operation 18214119 : PENDING
16:12:39 INFO  State of operation 18214119 : EXECUTING
16:12:41 INFO  State of operation 18214119 : EXECUTING
16:12:43 INFO  State of operation 18214119 : EXECUTING
16:12:45 INFO  State of operation 18214119 : EXECUTING
16:12:47 INFO  State of operation 18214119 : EXECUTING
16:12:50 INFO  State of operation 18214119 : EXECUTING
16:12:53 INFO  State of operation 18214119 : EXECUTING
16:12:56 INFO  State of operation 18214119 : EXECUTING
16:12:58 INFO  State of operation 18214119 : EXECUTING
16:13:01 INFO  State of operation 18214119 : EXECUTING
16:13:03 INFO  State of operation 18214119 : EXECUTING
16:13:05 INFO  State of operation 18214119 : EXECUTING
16:13:07 INFO  State of operation 18214119 : EXECUTING
16:13:10 INFO  State of operation 18214119 : EXECUTING
16:13:12 INFO  State of operation 18214119 : SUCCESSFUL
16:13:12 INFO  Assert that (False == value) with value=False ... passed
16:13:12 INFO  Package asciijump is installed
16:13:12 INFO  Assert that (True == value) with value=True ... passed
16:13:12 INFO  Package squirrel3 is installed
16:13:12 INFO  Assert that (True == value) with value=True ... passed
16:13:13 INFO  Package robotfindskitten is installed
16:13:13 INFO  Assert that (True == value) with value=True ... passed
16:13:13 INFO  Response status: 201
16:13:13 INFO  Response to action: {
    "creationTime": "2022-05-02T16:13:13.378Z",
    "deviceName": "mythicd",
    "deviceId": "18170793",
    "self": "https://t493319102.eu-latest.cumulocity.com/devicecontrol/operations/18214139",
    "id": "18214139",
    "status": "PENDING",
    "description": "Apply software changes, triggered from PySys: [{'action': 'delete', 'id': '5475369', 'name': 'asciijump', 'url': ' ', 'version': '::apt'}, {'action': 'delete', 'id': '5474869', 'name': 'robotfindskitten', 'url': ' ', 'version': '::apt'}, {'action': 'delete', 'id': '5475279', 'name': 'squirrel3', 'url': ' ', 'version': '::apt'}]",
    "c8y_SoftwareUpdate": [
        {
            "name": "asciijump",
            "action": "delete",
            "id": "5475369",
            "version": "::apt",
            "url": " "
        },
        {
            "name": "robotfindskitten",
            "action": "delete",
            "id": "5474869",
            "version": "::apt",
            "url": " "
        },
        {
            "name": "squirrel3",
            "action": "delete",
            "id": "5475279",
            "version": "::apt",
            "url": " "
        }
    ]
}
16:13:13 INFO  Started operation: {'creationTime': '2022-05-02T16:13:13.378Z', 'deviceName': 'mythicd', 'deviceId': '18170793', 'self': 'https://t493319102.eu-latest.cumulocity.com/devicecontrol/operations/18214139', 'id': '18214139', 'status': 'PENDING', 'description': "Apply software changes, triggered from PySys: [{'action': 'delete', 'id': '5475369', 'name': 'asciijump', 'url': ' ', 'version': '::apt'}, {'action': 'delete', 'id': '5474869', 'name': 'robotfindskitten', 'url': ' ', 'version': '::apt'}, {'action': 'delete', 'id': '5475279', 'name': 'squirrel3', 'url': ' ', 'version': '::apt'}]", 'c8y_SoftwareUpdate': [{'name': 'asciijump', 'action': 'delete', 'id': '5475369', 'version': '::apt', 'url': ' '}, {'name': 'robotfindskitten', 'action': 'delete', 'id': '5474869', 'version': '::apt', 'url': ' '}, {'name': 'squirrel3', 'action': 'delete', 'id': '5475279', 'version': '::apt', 'url': ' '}]}
16:13:15 INFO  State of operation 18214139 : PENDING
16:13:17 INFO  State of operation 18214139 : EXECUTING
16:13:20 INFO  State of operation 18214139 : EXECUTING
16:13:22 INFO  State of operation 18214139 : EXECUTING
16:13:24 INFO  State of operation 18214139 : EXECUTING
16:13:26 INFO  State of operation 18214139 : EXECUTING
16:13:29 INFO  State of operation 18214139 : EXECUTING
16:13:32 INFO  State of operation 18214139 : EXECUTING
16:13:34 INFO  State of operation 18214139 : EXECUTING
16:13:37 INFO  State of operation 18214139 : EXECUTING
16:13:39 INFO  State of operation 18214139 : EXECUTING
16:13:41 INFO  State of operation 18214139 : EXECUTING
16:13:44 INFO  State of operation 18214139 : EXECUTING
16:13:46 INFO  State of operation 18214139 : EXECUTING
16:13:48 INFO  State of operation 18214139 : EXECUTING
16:13:51 INFO  State of operation 18214139 : EXECUTING
16:13:53 INFO  State of operation 18214139 : EXECUTING
16:13:55 INFO  State of operation 18214139 : EXECUTING
16:13:59 INFO  State of operation 18214139 : EXECUTING
16:14:01 INFO  State of operation 18214139 : EXECUTING
16:14:03 INFO  State of operation 18214139 : EXECUTING
16:14:06 INFO  State of operation 18214139 : EXECUTING
16:14:08 INFO  State of operation 18214139 : EXECUTING
16:14:10 INFO  State of operation 18214139 : EXECUTING
16:14:12 INFO  State of operation 18214139 : EXECUTING
16:14:15 INFO  State of operation 18214139 : EXECUTING
16:14:17 INFO  State of operation 18214139 : EXECUTING
16:14:20 INFO  State of operation 18214139 : EXECUTING
16:14:22 INFO  State of operation 18214139 : EXECUTING
16:14:24 INFO  State of operation 18214139 : SUCCESSFUL
16:14:25 INFO  Assert that (False == value) with value=False ... passed
16:14:25 INFO  Assert that (False == value) with value=False ... passed
16:14:25 INFO  Assert that (False == value) with value=False ... passed
16:14:25 INFO  Assert that (False == value) with value=False ... passed
16:14:25 INFO  
16:14:25 INFO  cleanup:
16:14:29 INFO  Executed sudo&lt;tedge_disconnect_c8y&gt;, exit status 0
16:14:30 INFO  Executed systemctl&lt;serv_mapper5&gt;, exit status 3
16:14:30 INFO  
16:14:30 INFO  Test duration: 141.88 secs
16:14:30 INFO  Test final outcome:  FAILED
16:14:30 INFO  Test outcome reason: Assert that (False == value) with value=True (+2 other failures)
16:14:30 INFO  
</system-out>
	</testcase>
</testsuite><testsuite name="SoftwareManagement.sm_apt_install_remove_multiple_mixed" tests="3" errors="0" failures="2" skipped="1" time="0"><testcase classname="PySysTest" name="SoftwareManagement.sm_apt_install_remove_multiple_mixed">
		<skipped message="SKIPPED: Testing the apt plugin is not supported on this platform.Use parameter -XmyPlatform='container' to enable it" />
		<system-out>15:16:46 INFO  ==============================================================
15:16:46 INFO  Id:    SoftwareManagement.sm_apt_install_remove_multiple_mixed
15:16:46 INFO  Dir:   software_management_end_to_end/
15:16:46 INFO  Title: Validate end to end behaviour for the apt plugin for multiple packages with mixed versions
15:16:46 INFO  ==============================================================
15:16:46 INFO  Testing the apt plugin is not supported on this platform.Use parameter -XmyPlatform='container' to enable it ... skipped
15:16:46 WARN  Aborted test due to SKIPPED outcome
15:16:46 INFO  
15:16:46 INFO  Test duration: 0.03 secs
15:16:46 INFO  Test final outcome:  SKIPPED
15:16:46 INFO  Test outcome reason: Testing the apt plugin is not supported on this platform.Use parameter -XmyPlatform='container' to enable it
15:16:46 INFO  
</system-out>
	</testcase>
<testcase classname="PySysTest" name="SoftwareManagement.sm_apt_install_remove_multiple_mixed">
		<failure message="BLOCKED: SystemError: Timeout while waiting for status SUCCESSFUL or False" type="BLOCKED" />
		<system-out>15:53:24 INFO  ==============================================================
15:53:24 INFO  Id:    SoftwareManagement.sm_apt_install_remove_multiple_mixed
15:53:24 INFO  Dir:   software_management_end_to_end/
15:53:24 INFO  Title: Validate end to end behaviour for the apt plugin for multiple packages with mixed versions
15:53:24 INFO  ==============================================================
15:53:24 INFO  Using sw id database: {'asciijump': '5475369', 'robotfindskitten': '5474869', 'squirrel3': '5475279', 'rolldice': '5152439', 'moon-buggy': '5439204', 'apple': '5495053', 'banana': '5494888', 'cherry': '5495382', 'watermelon': '5494510', 'registry': '8018911', 'hello-world': '8021526', 'docker/getting-started': '8021973', 'alpine': '7991792'}
15:53:24 INFO  EnvironmentC8y Setup
15:53:25 INFO  Executed systemctl&lt;serv_mapper1&gt;, exit status 3
15:53:25 INFO  Restarting mosquitto too frequently in the last 10 seconds. It was only up for 4 seconds
15:53:25 INFO  Delaying execution by 7 seconds
15:53:46 INFO  Executed sudo&lt;tedge_connect_c8y&gt;, exit status 0, duration 14 secs
15:53:47 INFO  Executed sudo&lt;tedge_connect_c8y_test&gt;, exit status 0
15:53:47 INFO  Executed systemctl&lt;serv_mosq2&gt;, exit status 0
15:53:48 INFO  Executed systemctl&lt;serv_mapper3&gt;, exit status 0
15:53:50 INFO  State of current operation: SUCCESSFUL
15:53:50 INFO  Assert that (False == value) with value=False ... passed
15:53:51 INFO  Assert that (False == value) with value=False ... passed
15:53:51 INFO  Assert that (False == value) with value=False ... passed
15:53:51 INFO  Assert that (False == value) with value=False ... passed
15:53:51 INFO  Assert that (False == value) with value=False ... passed
15:53:53 INFO  Response status: 201
15:53:53 INFO  Response to action: {
    "creationTime": "2022-05-02T15:53:53.279Z",
    "deviceName": "mythicd",
    "deviceId": "18170793",
    "self": "https://t493319102.eu-latest.cumulocity.com/devicecontrol/operations/18211946",
    "id": "18211946",
    "status": "PENDING",
    "description": "Apply software changes, triggered from PySys: [{'action': 'install', 'id': '5475369', 'name': 'asciijump', 'url': ' ', 'version': '::apt'}, {'action': 'install', 'id': '5474869', 'name': 'robotfindskitten', 'url': ' ', 'version': ' '}, {'action': 'install', 'id': '5475279', 'name': 'squirrel3', 'url': ' ', 'version': '3.1-7::apt'}, {'action': 'install', 'id': '5152439', 'name': 'rolldice', 'url': ' ', 'version': '1.16-1+b1'}, {'action': 'install', 'id': '5439204', 'name': 'moon-buggy', 'url': ' ', 'version': '1:1.0.51-12'}, {'action': 'install', 'id': '5475369', 'name': 'asciijump', 'url': ' ', 'version': '::apt'}]",
    "c8y_SoftwareUpdate": [
        {
            "name": "asciijump",
            "action": "install",
            "id": "5475369",
            "version": "::apt",
            "url": " "
        },
        {
            "name": "robotfindskitten",
            "action": "install",
            "id": "5474869",
            "version": " ",
            "url": " "
        },
        {
            "name": "squirrel3",
            "action": "install",
            "id": "5475279",
            "version": "3.1-7::apt",
            "url": " "
        },
        {
            "name": "rolldice",
            "action": "install",
            "id": "5152439",
            "version": "1.16-1+b1",
            "url": " "
        },
        {
            "name": "moon-buggy",
            "action": "install",
            "id": "5439204",
            "version": "1:1.0.51-12",
            "url": " "
        },
        {
            "name": "asciijump",
            "action": "install",
            "id": "5475369",
            "version": "::apt",
            "url": " "
        }
    ]
}
15:53:53 INFO  Started operation: {'creationTime': '2022-05-02T15:53:53.279Z', 'deviceName': 'mythicd', 'deviceId': '18170793', 'self': 'https://t493319102.eu-latest.cumulocity.com/devicecontrol/operations/18211946', 'id': '18211946', 'status': 'PENDING', 'description': "Apply software changes, triggered from PySys: [{'action': 'install', 'id': '5475369', 'name': 'asciijump', 'url': ' ', 'version': '::apt'}, {'action': 'install', 'id': '5474869', 'name': 'robotfindskitten', 'url': ' ', 'version': ' '}, {'action': 'install', 'id': '5475279', 'name': 'squirrel3', 'url': ' ', 'version': '3.1-7::apt'}, {'action': 'install', 'id': '5152439', 'name': 'rolldice', 'url': ' ', 'version': '1.16-1+b1'}, {'action': 'install', 'id': '5439204', 'name': 'moon-buggy', 'url': ' ', 'version': '1:1.0.51-12'}, {'action': 'install', 'id': '5475369', 'name': 'asciijump', 'url': ' ', 'version': '::apt'}]", 'c8y_SoftwareUpdate': [{'name': 'asciijump', 'action': 'install', 'id': '5475369', 'version': '::apt', 'url': ' '}, {'name': 'robotfindskitten', 'action': 'install', 'id': '5474869', 'version': ' ', 'url': ' '}, {'name': 'squirrel3', 'action': 'install', 'id': '5475279', 'version': '3.1-7::apt', 'url': ' '}, {'name': 'rolldice', 'action': 'install', 'id': '5152439', 'version': '1.16-1+b1', 'url': ' '}, {'name': 'moon-buggy', 'action': 'install', 'id': '5439204', 'version': '1:1.0.51-12', 'url': ' '}, {'name': 'asciijump', 'action': 'install', 'id': '5475369', 'version': '::apt', 'url': ' '}]}
15:53:55 INFO  State of operation 18211946 : PENDING
15:53:57 INFO  State of operation 18211946 : EXECUTING
15:54:00 INFO  State of operation 18211946 : EXECUTING
15:54:02 INFO  State of operation 18211946 : EXECUTING
15:54:04 INFO  State of operation 18211946 : EXECUTING
15:54:06 INFO  State of operation 18211946 : EXECUTING
15:54:09 INFO  State of operation 18211946 : EXECUTING
15:54:12 INFO  State of operation 18211946 : EXECUTING
15:54:14 INFO  State of operation 18211946 : EXECUTING
15:54:17 INFO  State of operation 18211946 : EXECUTING
15:54:19 INFO  State of operation 18211946 : EXECUTING
15:54:21 INFO  State of operation 18211946 : EXECUTING
15:54:24 INFO  State of operation 18211946 : EXECUTING
15:54:26 INFO  State of operation 18211946 : EXECUTING
15:54:28 INFO  State of operation 18211946 : EXECUTING
15:54:30 INFO  State of operation 18211946 : EXECUTING
15:54:33 INFO  State of operation 18211946 : EXECUTING
15:54:35 INFO  State of operation 18211946 : EXECUTING
15:54:38 INFO  State of operation 18211946 : EXECUTING
15:54:40 INFO  State of operation 18211946 : EXECUTING
15:54:43 INFO  State of operation 18211946 : EXECUTING
15:54:45 INFO  State of operation 18211946 : EXECUTING
15:54:47 INFO  State of operation 18211946 : EXECUTING
15:54:50 INFO  State of operation 18211946 : EXECUTING
15:54:52 INFO  State of operation 18211946 : EXECUTING
15:54:55 INFO  State of operation 18211946 : EXECUTING
15:54:57 INFO  State of operation 18211946 : EXECUTING
15:54:59 INFO  State of operation 18211946 : EXECUTING
15:55:01 INFO  State of operation 18211946 : EXECUTING
15:55:04 INFO  State of operation 18211946 : EXECUTING
15:55:06 INFO  State of operation 18211946 : EXECUTING
15:55:08 INFO  State of operation 18211946 : EXECUTING
15:55:10 INFO  State of operation 18211946 : EXECUTING
15:55:13 INFO  State of operation 18211946 : EXECUTING
15:55:15 INFO  State of operation 18211946 : EXECUTING
15:55:17 INFO  State of operation 18211946 : EXECUTING
15:55:19 INFO  State of operation 18211946 : EXECUTING
15:55:22 INFO  State of operation 18211946 : EXECUTING
15:55:24 INFO  State of operation 18211946 : EXECUTING
15:55:27 INFO  State of operation 18211946 : EXECUTING
15:55:29 INFO  State of operation 18211946 : EXECUTING
15:55:32 INFO  State of operation 18211946 : EXECUTING
15:55:34 INFO  State of operation 18211946 : EXECUTING
15:55:36 INFO  State of operation 18211946 : EXECUTING
15:55:39 INFO  State of operation 18211946 : EXECUTING
15:55:41 INFO  State of operation 18211946 : EXECUTING
15:55:43 INFO  State of operation 18211946 : EXECUTING
15:55:45 INFO  State of operation 18211946 : EXECUTING
15:55:48 INFO  State of operation 18211946 : EXECUTING
15:55:50 INFO  State of operation 18211946 : EXECUTING
15:55:52 INFO  State of operation 18211946 : EXECUTING
15:55:55 INFO  State of operation 18211946 : EXECUTING
15:55:57 INFO  State of operation 18211946 : EXECUTING
15:56:00 INFO  State of operation 18211946 : EXECUTING
15:56:02 INFO  State of operation 18211946 : EXECUTING
15:56:04 INFO  State of operation 18211946 : EXECUTING
15:56:06 INFO  State of operation 18211946 : EXECUTING
15:56:09 INFO  State of operation 18211946 : EXECUTING
15:56:11 INFO  State of operation 18211946 : EXECUTING
15:56:14 INFO  State of operation 18211946 : EXECUTING
15:56:16 INFO  State of operation 18211946 : EXECUTING
15:56:18 WARN  SystemError occurred while running test - Timeout while waiting for status SUCCESSFUL or False
Traceback (most recent call last):
  File "/home/pi/env-pysys/lib/python3.7/site-packages/pysys/baserunner.py", line 1294, in __call__
    self.testObj.execute()
  File "/home/pi/actions-runner/_work/thin-edge.io/thin-edge.io/tests/PySys/software_management_end_to_end/sm_apt_install_remove_multiple_mixed/run.py", line 89, in execute
    self.wait_until_succcess()
  File "/home/pi/actions-runner/_work/thin-edge.io/thin-edge.io/tests/PySys/software_management_end_to_end/environment_sm_management.py", line 324, in wait_until_succcess
    self.wait_until_status("SUCCESSFUL")
  File "/home/pi/actions-runner/_work/thin-edge.io/thin-edge.io/tests/PySys/software_management_end_to_end/environment_sm_management.py", line 381, in wait_until_status
    "Timeout while waiting for status %s or %s" % (status, status2)
SystemError: Timeout while waiting for status SUCCESSFUL or False
15:56:18 WARN  SystemError: Timeout while waiting for status SUCCESSFUL or False ... blocked 
15:56:18 INFO  
15:56:18 INFO  cleanup:
15:56:24 INFO  Executed sudo&lt;tedge_disconnect_c8y&gt;, exit status 0
15:56:24 INFO  Executed systemctl&lt;serv_mapper5&gt;, exit status 3
15:56:24 INFO  
15:56:24 INFO  Test duration: 179.79 secs
15:56:24 INFO  Test final outcome:  BLOCKED
15:56:24 INFO  Test outcome reason: SystemError: Timeout while waiting for status SUCCESSFUL or False
15:56:24 INFO  
</system-out>
	</testcase>
<testcase classname="PySysTest" name="SoftwareManagement.sm_apt_install_remove_multiple_mixed">
		<failure message="BLOCKED: SystemError: Timeout while waiting for status SUCCESSFUL or False (+1 other failures)" type="BLOCKED" />
		<system-out>16:14:30 INFO  ==============================================================
16:14:30 INFO  Id:    SoftwareManagement.sm_apt_install_remove_multiple_mixed
16:14:30 INFO  Dir:   software_management_end_to_end/
16:14:30 INFO  Title: Validate end to end behaviour for the apt plugin for multiple packages with mixed versions
16:14:30 INFO  ==============================================================
16:14:30 INFO  Using sw id database: {'asciijump': '5475369', 'robotfindskitten': '5474869', 'squirrel3': '5475279', 'rolldice': '5152439', 'moon-buggy': '5439204', 'apple': '5495053', 'banana': '5494888', 'cherry': '5495382', 'watermelon': '5494510', 'registry': '8018911', 'hello-world': '8021526', 'docker/getting-started': '8021973', 'alpine': '7991792'}
16:14:30 INFO  EnvironmentC8y Setup
16:14:30 INFO  Executed systemctl&lt;serv_mapper1&gt;, exit status 3
16:14:31 INFO  Restarting mosquitto too frequently in the last 10 seconds. It was only up for 5 seconds
16:14:31 INFO  Delaying execution by 6 seconds
16:14:50 INFO  Executed sudo&lt;tedge_connect_c8y&gt;, exit status 0, duration 13 secs
16:14:51 INFO  Executed sudo&lt;tedge_connect_c8y_test&gt;, exit status 0
16:14:52 INFO  Executed systemctl&lt;serv_mosq2&gt;, exit status 0
16:14:52 INFO  Executed systemctl&lt;serv_mapper3&gt;, exit status 0
16:14:55 INFO  State of current operation: SUCCESSFUL
16:14:55 INFO  Assert that (False == value) with value=False ... passed
16:14:55 INFO  Assert that (False == value) with value=False ... passed
16:14:55 INFO  Assert that (False == value) with value=False ... passed
16:14:55 INFO  Assert that (False == value) with value=False ... passed
16:14:56 INFO  Package moon-buggy is installed
16:14:56 WARN  Assert that (False == value) with value=True ... failed 
16:14:57 INFO  Response status: 201
16:14:57 INFO  Response to action: {
    "creationTime": "2022-05-02T16:14:57.372Z",
    "deviceName": "mythicd",
    "deviceId": "18170793",
    "self": "https://t493319102.eu-latest.cumulocity.com/devicecontrol/operations/18214153",
    "id": "18214153",
    "status": "PENDING",
    "description": "Apply software changes, triggered from PySys: [{'action': 'install', 'id': '5475369', 'name': 'asciijump', 'url': ' ', 'version': '::apt'}, {'action': 'install', 'id': '5474869', 'name': 'robotfindskitten', 'url': ' ', 'version': ' '}, {'action': 'install', 'id': '5475279', 'name': 'squirrel3', 'url': ' ', 'version': '3.1-7::apt'}, {'action': 'install', 'id': '5152439', 'name': 'rolldice', 'url': ' ', 'version': '1.16-1+b1'}, {'action': 'install', 'id': '5439204', 'name': 'moon-buggy', 'url': ' ', 'version': '1:1.0.51-12'}, {'action': 'install', 'id': '5475369', 'name': 'asciijump', 'url': ' ', 'version': '::apt'}]",
    "c8y_SoftwareUpdate": [
        {
            "name": "asciijump",
            "action": "install",
            "id": "5475369",
            "version": "::apt",
            "url": " "
        },
        {
            "name": "robotfindskitten",
            "action": "install",
            "id": "5474869",
            "version": " ",
            "url": " "
        },
        {
            "name": "squirrel3",
            "action": "install",
            "id": "5475279",
            "version": "3.1-7::apt",
            "url": " "
        },
        {
            "name": "rolldice",
            "action": "install",
            "id": "5152439",
            "version": "1.16-1+b1",
            "url": " "
        },
        {
            "name": "moon-buggy",
            "action": "install",
            "id": "5439204",
            "version": "1:1.0.51-12",
            "url": " "
        },
        {
            "name": "asciijump",
            "action": "install",
            "id": "5475369",
            "version": "::apt",
            "url": " "
        }
    ]
}
16:14:57 INFO  Started operation: {'creationTime': '2022-05-02T16:14:57.372Z', 'deviceName': 'mythicd', 'deviceId': '18170793', 'self': 'https://t493319102.eu-latest.cumulocity.com/devicecontrol/operations/18214153', 'id': '18214153', 'status': 'PENDING', 'description': "Apply software changes, triggered from PySys: [{'action': 'install', 'id': '5475369', 'name': 'asciijump', 'url': ' ', 'version': '::apt'}, {'action': 'install', 'id': '5474869', 'name': 'robotfindskitten', 'url': ' ', 'version': ' '}, {'action': 'install', 'id': '5475279', 'name': 'squirrel3', 'url': ' ', 'version': '3.1-7::apt'}, {'action': 'install', 'id': '5152439', 'name': 'rolldice', 'url': ' ', 'version': '1.16-1+b1'}, {'action': 'install', 'id': '5439204', 'name': 'moon-buggy', 'url': ' ', 'version': '1:1.0.51-12'}, {'action': 'install', 'id': '5475369', 'name': 'asciijump', 'url': ' ', 'version': '::apt'}]", 'c8y_SoftwareUpdate': [{'name': 'asciijump', 'action': 'install', 'id': '5475369', 'version': '::apt', 'url': ' '}, {'name': 'robotfindskitten', 'action': 'install', 'id': '5474869', 'version': ' ', 'url': ' '}, {'name': 'squirrel3', 'action': 'install', 'id': '5475279', 'version': '3.1-7::apt', 'url': ' '}, {'name': 'rolldice', 'action': 'install', 'id': '5152439', 'version': '1.16-1+b1', 'url': ' '}, {'name': 'moon-buggy', 'action': 'install', 'id': '5439204', 'version': '1:1.0.51-12', 'url': ' '}, {'name': 'asciijump', 'action': 'install', 'id': '5475369', 'version': '::apt', 'url': ' '}]}
16:14:59 INFO  State of operation 18214153 : PENDING
16:15:01 INFO  State of operation 18214153 : EXECUTING
16:15:04 INFO  State of operation 18214153 : EXECUTING
16:15:06 INFO  State of operation 18214153 : EXECUTING
16:15:08 INFO  State of operation 18214153 : EXECUTING
16:15:11 INFO  State of operation 18214153 : EXECUTING
16:15:13 INFO  State of operation 18214153 : EXECUTING
16:15:16 INFO  State of operation 18214153 : EXECUTING
16:15:18 INFO  State of operation 18214153 : EXECUTING
16:15:21 INFO  State of operation 18214153 : EXECUTING
16:15:23 INFO  State of operation 18214153 : EXECUTING
16:15:25 INFO  State of operation 18214153 : EXECUTING
16:15:28 INFO  State of operation 18214153 : EXECUTING
16:15:30 INFO  State of operation 18214153 : EXECUTING
16:15:32 INFO  State of operation 18214153 : EXECUTING
16:15:35 INFO  State of operation 18214153 : EXECUTING
16:15:37 INFO  State of operation 18214153 : EXECUTING
16:15:39 INFO  State of operation 18214153 : EXECUTING
16:15:42 INFO  State of operation 18214153 : EXECUTING
16:15:44 INFO  State of operation 18214153 : EXECUTING
16:15:46 INFO  State of operation 18214153 : EXECUTING
16:15:49 INFO  State of operation 18214153 : EXECUTING
16:15:52 INFO  State of operation 18214153 : EXECUTING
16:15:54 INFO  State of operation 18214153 : EXECUTING
16:15:57 INFO  State of operation 18214153 : EXECUTING
16:15:59 INFO  State of operation 18214153 : EXECUTING
16:16:02 INFO  State of operation 18214153 : EXECUTING
16:16:04 INFO  State of operation 18214153 : EXECUTING
16:16:07 INFO  State of operation 18214153 : EXECUTING
16:16:09 INFO  State of operation 18214153 : EXECUTING
16:16:11 INFO  State of operation 18214153 : EXECUTING
16:16:13 INFO  State of operation 18214153 : EXECUTING
16:16:16 INFO  State of operation 18214153 : EXECUTING
16:16:18 INFO  State of operation 18214153 : EXECUTING
16:16:20 INFO  State of operation 18214153 : EXECUTING
16:16:22 INFO  State of operation 18214153 : EXECUTING
16:16:25 INFO  State of operation 18214153 : EXECUTING
16:16:27 INFO  State of operation 18214153 : EXECUTING
16:16:29 INFO  State of operation 18214153 : EXECUTING
16:16:32 INFO  State of operation 18214153 : EXECUTING
16:16:35 INFO  State of operation 18214153 : EXECUTING
16:16:37 INFO  State of operation 18214153 : EXECUTING
16:16:39 INFO  State of operation 18214153 : EXECUTING
16:16:41 INFO  State of operation 18214153 : EXECUTING
16:16:44 INFO  State of operation 18214153 : EXECUTING
16:16:46 INFO  State of operation 18214153 : EXECUTING
16:16:48 INFO  State of operation 18214153 : EXECUTING
16:16:50 INFO  State of operation 18214153 : EXECUTING
16:16:53 INFO  State of operation 18214153 : EXECUTING
16:16:55 INFO  State of operation 18214153 : EXECUTING
16:16:58 INFO  State of operation 18214153 : EXECUTING
16:17:00 INFO  State of operation 18214153 : EXECUTING
16:17:02 INFO  State of operation 18214153 : EXECUTING
16:17:05 INFO  State of operation 18214153 : EXECUTING
16:17:07 INFO  State of operation 18214153 : EXECUTING
16:17:09 INFO  State of operation 18214153 : EXECUTING
16:17:11 INFO  State of operation 18214153 : EXECUTING
16:17:14 INFO  State of operation 18214153 : EXECUTING
16:17:16 INFO  State of operation 18214153 : EXECUTING
16:17:19 INFO  State of operation 18214153 : EXECUTING
16:17:21 INFO  State of operation 18214153 : EXECUTING
16:17:23 WARN  SystemError occurred while running test - Timeout while waiting for status SUCCESSFUL or False
Traceback (most recent call last):
  File "/home/pi/env-pysys/lib/python3.7/site-packages/pysys/baserunner.py", line 1294, in __call__
    self.testObj.execute()
  File "/home/pi/actions-runner/_work/thin-edge.io/thin-edge.io/tests/PySys/software_management_end_to_end/sm_apt_install_remove_multiple_mixed/run.py", line 89, in execute
    self.wait_until_succcess()
  File "/home/pi/actions-runner/_work/thin-edge.io/thin-edge.io/tests/PySys/software_management_end_to_end/environment_sm_management.py", line 324, in wait_until_succcess
    self.wait_until_status("SUCCESSFUL")
  File "/home/pi/actions-runner/_work/thin-edge.io/thin-edge.io/tests/PySys/software_management_end_to_end/environment_sm_management.py", line 381, in wait_until_status
    "Timeout while waiting for status %s or %s" % (status, status2)
SystemError: Timeout while waiting for status SUCCESSFUL or False
16:17:24 WARN  SystemError: Timeout while waiting for status SUCCESSFUL or False ... blocked 
16:17:24 INFO  
16:17:24 INFO  cleanup:
16:17:28 INFO  Executed sudo&lt;tedge_disconnect_c8y&gt;, exit status 0
16:17:29 INFO  Executed systemctl&lt;serv_mapper5&gt;, exit status 3
16:17:29 INFO  
16:17:29 INFO  Test duration: 178.67 secs
16:17:29 INFO  Test final outcome:  BLOCKED
16:17:29 INFO  Test outcome reason: SystemError: Timeout while waiting for status SUCCESSFUL or False (+1 other failures)
16:17:29 INFO  
</system-out>
	</testcase>
</testsuite><testsuite name="SoftwareManagement.sm_apt_install_remove_with_version" tests="3" errors="0" failures="0" skipped="1" time="0"><testcase classname="PySysTest" name="SoftwareManagement.sm_apt_install_remove_with_version">
		<skipped message="SKIPPED: Testing the apt plugin is not supported on this platform.Use parameter -XmyPlatform='container' to enable it" />
		<system-out>15:16:46 INFO  ==============================================================
15:16:46 INFO  Id:    SoftwareManagement.sm_apt_install_remove_with_version
15:16:46 INFO  Dir:   software_management_end_to_end/
15:16:46 INFO  Title: Validate end to end behaviour for the apt plugin for packages with version
15:16:46 INFO  ==============================================================
15:16:46 INFO  Testing the apt plugin is not supported on this platform.Use parameter -XmyPlatform='container' to enable it ... skipped
15:16:46 WARN  Aborted test due to SKIPPED outcome
15:16:46 INFO  
15:16:46 INFO  Test duration: 0.02 secs
15:16:46 INFO  Test final outcome:  SKIPPED
15:16:46 INFO  Test outcome reason: Testing the apt plugin is not supported on this platform.Use parameter -XmyPlatform='container' to enable it
15:16:46 INFO  
</system-out>
	</testcase>
<testcase classname="PySysTest" name="SoftwareManagement.sm_apt_install_remove_with_version" />
<testcase classname="PySysTest" name="SoftwareManagement.sm_apt_install_remove_with_version" />
</testsuite><testsuite name="SoftwareManagement.sm_docker_install_remove_multiple" tests="3" errors="0" failures="2" skipped="1" time="0"><testcase classname="SMDockerInstallRemove" name="SoftwareManagement.sm_docker_install_remove_multiple">
		<skipped message="SKIPPED: Testing the apt plugin is not supported on this platform.Use parameter -XmyPlatform='container' to enable it" />
		<system-out>15:16:46 INFO  ==============================================================
15:16:46 INFO  Id:    SoftwareManagement.sm_docker_install_remove_multiple
15:16:46 INFO  Dir:   software_management_end_to_end/
15:16:46 INFO  Title: Validate end to end behaviour for the docker plugin for multiple docker images with mixed versions
15:16:46 INFO  ==============================================================
15:16:46 INFO  Testing the apt plugin is not supported on this platform.Use parameter -XmyPlatform='container' to enable it ... skipped
15:16:46 WARN  Aborted test due to SKIPPED outcome
15:16:46 INFO  
15:16:46 INFO  Test duration: 0.03 secs
15:16:46 INFO  Test final outcome:  SKIPPED
15:16:46 INFO  Test outcome reason: Testing the apt plugin is not supported on this platform.Use parameter -XmyPlatform='container' to enable it
15:16:46 INFO  
</system-out>
	</testcase>
<testcase classname="SMDockerInstallRemove" name="SoftwareManagement.sm_docker_install_remove_multiple">
		<failure message="BLOCKED: SystemError: The operation has failed" type="BLOCKED" />
		<system-out>16:01:20 INFO  ==============================================================
16:01:20 INFO  Id:    SoftwareManagement.sm_docker_install_remove_multiple
16:01:20 INFO  Dir:   software_management_end_to_end/
16:01:20 INFO  Title: Validate end to end behaviour for the docker plugin for multiple docker images with mixed versions
16:01:20 INFO  ==============================================================
16:01:22 INFO  Using sw id database: {'asciijump': '5475369', 'robotfindskitten': '5474869', 'squirrel3': '5475279', 'rolldice': '5152439', 'moon-buggy': '5439204', 'apple': '5495053', 'banana': '5494888', 'cherry': '5495382', 'watermelon': '5494510', 'registry': '8018911', 'hello-world': '8021526', 'docker/getting-started': '8021973', 'alpine': '7991792'}
16:01:22 INFO  EnvironmentC8y Setup
16:01:23 INFO  Executed systemctl&lt;serv_mapper1&gt;, exit status 3
16:01:37 INFO  Executed sudo&lt;tedge_connect_c8y&gt;, exit status 0, duration 14 secs
16:01:38 INFO  Executed sudo&lt;tedge_connect_c8y_test&gt;, exit status 0
16:01:38 INFO  Executed systemctl&lt;serv_mosq2&gt;, exit status 0
16:01:38 INFO  Executed systemctl&lt;serv_mapper3&gt;, exit status 0
16:01:41 INFO  State of current operation: SUCCESSFUL
16:01:41 INFO  Response status: 201
16:01:41 INFO  Response to action: {
    "creationTime": "2022-05-02T16:01:41.426Z",
    "deviceName": "mythicd",
    "deviceId": "18170793",
    "self": "https://t493319102.eu-latest.cumulocity.com/devicecontrol/operations/18212027",
    "id": "18212027",
    "status": "PENDING",
    "description": "Apply software changes, triggered from PySys: [{'action': 'install', 'id': '8021526', 'name': 'hello-world', 'url': '', 'version': '::docker'}, {'action': 'install', 'id': '8018911', 'name': 'registry', 'url': '', 'version': '2.6.2::docker'}]",
    "c8y_SoftwareUpdate": [
        {
            "name": "hello-world",
            "action": "install",
            "id": "8021526",
            "version": "::docker",
            "url": ""
        },
        {
            "name": "registry",
            "action": "install",
            "id": "8018911",
            "version": "2.6.2::docker",
            "url": ""
        }
    ]
}
16:01:41 INFO  Started operation: {'creationTime': '2022-05-02T16:01:41.426Z', 'deviceName': 'mythicd', 'deviceId': '18170793', 'self': 'https://t493319102.eu-latest.cumulocity.com/devicecontrol/operations/18212027', 'id': '18212027', 'status': 'PENDING', 'description': "Apply software changes, triggered from PySys: [{'action': 'install', 'id': '8021526', 'name': 'hello-world', 'url': '', 'version': '::docker'}, {'action': 'install', 'id': '8018911', 'name': 'registry', 'url': '', 'version': '2.6.2::docker'}]", 'c8y_SoftwareUpdate': [{'name': 'hello-world', 'action': 'install', 'id': '8021526', 'version': '::docker', 'url': ''}, {'name': 'registry', 'action': 'install', 'id': '8018911', 'version': '2.6.2::docker', 'url': ''}]}
16:01:43 INFO  State of operation 18212027 : PENDING
16:01:45 INFO  State of operation 18212027 : EXECUTING
16:01:48 INFO  State of operation 18212027 : EXECUTING
16:01:50 INFO  State of operation 18212027 : EXECUTING
16:01:52 INFO  State of operation 18212027 : EXECUTING
16:01:54 INFO  State of operation 18212027 : FAILED
16:01:54 ERROR Stopping as the operation has failed
16:01:54 WARN  SystemError occurred while running test - The operation has failed
Traceback (most recent call last):
  File "/home/pi/env-pysys/lib/python3.7/site-packages/pysys/baserunner.py", line 1292, in __call__
    self.testObj.setup()
  File "/home/pi/actions-runner/_work/thin-edge.io/thin-edge.io/tests/PySys/software_management_end_to_end/sm_docker_install_remove_multiple/run.py", line 55, in setup
    self.wait_until_succcess()
  File "/home/pi/actions-runner/_work/thin-edge.io/thin-edge.io/tests/PySys/software_management_end_to_end/environment_sm_management.py", line 324, in wait_until_succcess
    self.wait_until_status("SUCCESSFUL")
  File "/home/pi/actions-runner/_work/thin-edge.io/thin-edge.io/tests/PySys/software_management_end_to_end/environment_sm_management.py", line 361, in wait_until_status
    raise SystemError("The operation has failed")
SystemError: The operation has failed
16:01:54 WARN  SystemError: The operation has failed ... blocked 
16:01:54 INFO  
16:01:54 INFO  cleanup:
16:01:58 INFO  Executed sudo&lt;tedge_disconnect_c8y&gt;, exit status 0
16:01:59 INFO  Executed systemctl&lt;serv_mapper5&gt;, exit status 3
16:01:59 INFO  
16:01:59 INFO  Test duration: 38.45 secs
16:01:59 INFO  Test final outcome:  BLOCKED
16:01:59 INFO  Test outcome reason: SystemError: The operation has failed
16:01:59 INFO  
</system-out>
	</testcase>
<testcase classname="SMDockerInstallRemove" name="SoftwareManagement.sm_docker_install_remove_multiple">
		<failure message="BLOCKED: SystemError: The operation has failed" type="BLOCKED" />
		<system-out>16:20:17 INFO  ==============================================================
16:20:17 INFO  Id:    SoftwareManagement.sm_docker_install_remove_multiple
16:20:17 INFO  Dir:   software_management_end_to_end/
16:20:17 INFO  Title: Validate end to end behaviour for the docker plugin for multiple docker images with mixed versions
16:20:17 INFO  ==============================================================
16:20:17 INFO  Using sw id database: {'asciijump': '5475369', 'robotfindskitten': '5474869', 'squirrel3': '5475279', 'rolldice': '5152439', 'moon-buggy': '5439204', 'apple': '5495053', 'banana': '5494888', 'cherry': '5495382', 'watermelon': '5494510', 'registry': '8018911', 'hello-world': '8021526', 'docker/getting-started': '8021973', 'alpine': '7991792'}
16:20:17 INFO  EnvironmentC8y Setup
16:20:17 INFO  Executed systemctl&lt;serv_mapper1&gt;, exit status 3
16:20:18 INFO  Restarting mosquitto too frequently in the last 10 seconds. It was only up for 5 seconds
16:20:18 INFO  Delaying execution by 6 seconds
16:20:38 INFO  Executed sudo&lt;tedge_connect_c8y&gt;, exit status 0, duration 14 secs
16:20:39 INFO  Executed sudo&lt;tedge_connect_c8y_test&gt;, exit status 0
16:20:39 INFO  Executed systemctl&lt;serv_mosq2&gt;, exit status 0
[...]
16:01:16 INFO  Id:    docker_plugin_update
16:01:16 INFO  Dir:   plugin_docker/
16:01:16 INFO  Title: Validate docker plugin install updates existing containers
16:01:16 INFO  ==============================================================
16:01:17 INFO  Executed sudo&lt;docker_images&gt;, exit status 0
16:01:17 INFO  Grep on file /home/pi/actions-runner/_work/thin-edge.io/thin-edge.io/tests/PySys/plugin_docker/docker_plugin_update/Output/linux/docker_images.out ... passed
16:01:19 WARN  Executed sudo&lt;docker_run&gt;, exit status 125
16:01:19 INFO  Contents of docker_run.err: 
  Unable to find image 'registry:2.6.2' locally
  docker: Error response from daemon: toomanyrequests: You have reached your pull rate limit. You may increase the limit by authenticating and upgrading: https://www.docker.com/increase-rate-limit.
  See 'docker run --help'.
  -----

16:01:19 WARN  sudo&lt;docker_run&gt; returned non-zero exit code 125 ... blocked 
16:01:19 WARN  Aborted test due to BLOCKED outcome
16:01:19 INFO  
16:01:19 INFO  cleanup:
16:01:19 INFO  Removing containers scheduled to be cleaned up: ['', '']
16:01:20 WARN  Executed sudo&lt;containers_for_cleanup&gt;, exit status 1
16:01:20 INFO  Removing images scheduled to be cleaned up: ['registry', 'registry:2.7.1']
16:01:20 INFO  Executed sudo&lt;containers_for_cleanup&gt;, exit status 0
16:01:20 INFO  
16:01:20 INFO  Test duration: 4.65 secs
16:01:20 INFO  Test final outcome:  BLOCKED
16:01:20 INFO  Test outcome reason: sudo&lt;docker_run&gt; returned non-zero exit code 125
16:01:20 INFO  
</system-out>
	</testcase>
</testsuite><testsuite name="invalid_device_id" tests="1" errors="0" failures="0" skipped="0" time="0"><testcase classname="InvalidDeviceId" name="invalid_device_id" />
</testsuite><testsuite name="local_mqtt_pub_fail_noqos" tests="1" errors="0" failures="0" skipped="0" time="0"><testcase classname="PySysTest" name="local_mqtt_pub_fail_noqos" />
</testsuite><testsuite name="local_mqtt_pub_fail_qos0" tests="1" errors="0" failures="0" skipped="0" time="0"><testcase classname="PySysTest" name="local_mqtt_pub_fail_qos0" />
</testsuite><testsuite name="local_mqtt_pub_fail_qos1" tests="1" errors="0" failures="0" skipped="0" time="0"><testcase classname="PySysTest" name="local_mqtt_pub_fail_qos1" />
</testsuite><testsuite name="local_mqtt_pub_fail_qos2" tests="1" errors="0" failures="0" skipped="0" time="0"><testcase classname="PySysTest" name="local_mqtt_pub_fail_qos2" />
</testsuite><testsuite name="local_mqtt_pub_sub" tests="1" errors="0" failures="0" skipped="0" time="0"><testcase classname="PySysTest" name="local_mqtt_pub_sub" />
</testsuite><testsuite name="local_mqtt_pub_sub_retain" tests="1" errors="0" failures="0" skipped="0" time="0"><testcase classname="MqttPublishWithRetain" name="local_mqtt_pub_sub_retain" />
</testsuite><testsuite name="local_mqtt_pub_sub_with_sudo" tests="1" errors="0" failures="0" skipped="0" time="0"><testcase classname="PySysTest" name="local_mqtt_pub_sub_with_sudo" />
</testsuite><testsuite name="local_mqtt_sub_fail" tests="1" errors="0" failures="0" skipped="0" time="0"><testcase classname="PySysTest" name="local_mqtt_sub_fail" />
</testsuite><testsuite name="log_request_error_messages" tests="1" errors="0" failures="1" skipped="0" time="0"><testcase classname="LogRequestVerifySearchTextError" name="log_request_error_messages">
		<failure message="FAILED: Assert that (True == value) with value=False" type="FAILED" />
		<system-out>15:03:57 INFO  ==============================================================
15:03:57 INFO  Id:    log_request_error_messages
15:03:57 INFO  Dir:   log_request_end_to_end/
15:03:57 INFO  Title: Validate end to end behaviour for the log request operation check for error messages
15:03:57 INFO  ==============================================================
15:03:58 INFO  EnvironmentC8y Setup
15:03:59 INFO  Executed systemctl&lt;serv_mapper1&gt;, exit status 3
15:03:59 INFO  Restarting mosquitto too frequently in the last 10 seconds. It was only up for 2 seconds
15:03:59 INFO  Delaying execution by 9 seconds
15:04:22 INFO  Executed sudo&lt;tedge_connect_c8y&gt;, exit status 0, duration 14 secs
15:04:23 INFO  Executed sudo&lt;tedge_connect_c8y_test&gt;, exit status 0
15:04:23 INFO  Executed systemctl&lt;serv_mosq2&gt;, exit status 0
15:04:24 INFO  Executed systemctl&lt;serv_mapper3&gt;, exit status 0
15:04:24 INFO  Executed sudo&lt;rm_logs&gt;, exit status 0
15:04:25 INFO  Executed sudo&lt;move_logs&gt;, exit status 0
15:04:25 INFO  log response None
15:04:25 WARN  retry, retrying in 1 seconds...
15:04:27 INFO  log response https://thin-edge-io.eu-latest.cumulocity.com/event/events/18181843/binaries
15:04:27 WARN  Assert that (True == value) with value=False ... failed [run.py:43]
15:04:27 INFO  
15:04:27 INFO  cleanup:
15:04:28 INFO  Executed sudo&lt;rm_logs&gt;, exit status 0
15:04:28 INFO  Executed sudo&lt;rm_tmp_logs&gt;, exit status 0
15:04:29 INFO  Executed sudo&lt;send_failed&gt;, exit status 0
15:04:33 INFO  Executed sudo&lt;tedge_disconnect_c8y&gt;, exit status 0
15:04:33 INFO  Executed systemctl&lt;serv_mapper5&gt;, exit status 3
15:04:33 INFO  
15:04:33 INFO  Test duration: 36.24 secs
15:04:33 INFO  Test final outcome:  FAILED
15:04:33 INFO  Test outcome reason: Assert that (True == value) with value=False
15:04:33 INFO  
</system-out>
	</testcase>
</testsuite><testsuite name="log_request_num_lines" tests="1" errors="0" failures="1" skipped="0" time="0"><testcase classname="LogRequestVerifyNumberOfLines" name="log_request_num_lines">
		<failure message="FAILED: Assert that (True == value) with value=False" type="FAILED" />
		<system-out>15:04:33 INFO  ==============================================================
15:04:33 INFO  Id:    log_request_num_lines
15:04:33 INFO  Dir:   log_request_end_to_end/
15:04:33 INFO  Title: Validate end to end behaviour for the log request operation check for number of lines
15:04:33 INFO  ==============================================================
15:04:33 INFO  EnvironmentC8y Setup
15:04:34 INFO  Executed systemctl&lt;serv_mapper1&gt;, exit status 3
15:04:34 INFO  Restarting mosquitto too frequently in the last 10 seconds. It was only up for 4 seconds
15:04:34 INFO  Delaying execution by 7 seconds
15:04:56 INFO  Executed sudo&lt;tedge_connect_c8y&gt;, exit status 0, duration 14 secs
15:04:56 INFO  Executed sudo&lt;tedge_connect_c8y_test&gt;, exit status 0
15:04:57 INFO  Executed systemctl&lt;serv_mosq2&gt;, exit status 0
15:04:57 INFO  Executed systemctl&lt;serv_mapper3&gt;, exit status 0
15:04:58 INFO  Executed sudo&lt;rm_logs&gt;, exit status 0
15:04:58 INFO  Executed sudo&lt;move_logs&gt;, exit status 0
15:04:59 INFO  log response None
15:04:59 WARN  retry, retrying in 1 seconds...
15:05:00 INFO  log response https://thin-edge-io.eu-latest.cumulocity.com/event/events/18181853/binaries
15:05:00 INFO  nlines 0
15:05:00 WARN  Assert that (True == value) with value=False ... failed [run.py:44]
15:05:00 INFO  
15:05:00 INFO  cleanup:
15:05:01 INFO  Executed sudo&lt;rm_logs&gt;, exit status 0
15:05:01 INFO  Executed sudo&lt;rm_tmp_logs&gt;, exit status 0
15:05:03 INFO  Executed sudo&lt;send_failed&gt;, exit status 0
15:05:07 INFO  Executed sudo&lt;tedge_disconnect_c8y&gt;, exit status 0
15:05:07 INFO  Executed systemctl&lt;serv_mapper5&gt;, exit status 3
15:05:07 INFO  
15:05:07 INFO  Test duration: 33.70 secs
15:05:07 INFO  Test final outcome:  FAILED
15:05:07 INFO  Test outcome reason: Assert that (True == value) with value=False
15:05:07 INFO  
</system-out>
	</testcase>
</testsuite><testsuite name="mapper_awaits_before_reconnect" tests="1" errors="0" failures="0" skipped="0" time="0"><testcase classname="MapperReconnectAwait" name="mapper_awaits_before_reconnect" />
</testsuite><testsuite name="monitoring_smaller_interval" tests="1" errors="0" failures="0" skipped="1" time="0"><testcase classname="MonitoringSmallInterval" name="monitoring_smaller_interval">
		<skipped message="SKIPPED: Fails due to retained message" />
		<system-out>15:06:56 INFO  ==============================================================
15:06:56 INFO  Id:    monitoring_smaller_interval
15:06:56 INFO  Dir:   monitoring/
15:06:56 INFO  Title: Validate the tedge dm agent messages that are produced with smaller sampling interval than the batching window. Here the simulated collectd messages are used
15:06:56 INFO  ==============================================================
15:06:57 INFO  Fails due to retained message ... skipped
15:06:57 INFO  
15:06:57 INFO  Test duration: 0.02 secs
15:06:57 INFO  Test final outcome:  SKIPPED
15:06:57 INFO  Test outcome reason: Fails due to retained message
15:06:57 INFO  
</system-out>
	</testcase>
</testsuite><testsuite name="monitoring_with_collectd" tests="1" errors="0" failures="0" skipped="1" time="0"><testcase classname="MonitoringWithCollectd" name="monitoring_with_collectd">
		<skipped message="SKIPPED: Test execution disabled due to #792 (instable)" />
		<system-out>15:06:57 INFO  ==============================================================
15:06:57 INFO  Id:    monitoring_with_collectd
15:06:57 INFO  Dir:   monitoring/
15:06:57 INFO  Title: Validate tedge dm agent messages that are produced by batching the collectd messages
15:06:57 INFO  ==============================================================
15:06:57 INFO  Test execution disabled due to #792 (instable) ... skipped
15:06:57 INFO  
15:06:57 INFO  Test duration: 0.02 secs
15:06:57 INFO  Test final outcome:  SKIPPED
15:06:57 INFO  Test outcome reason: Test execution disabled due to #792 (instable)
15:06:57 INFO  
</system-out>
	</testcase>
</testsuite><testsuite name="monitoring_with_simulated_messages" tests="1" errors="0" failures="0" skipped="1" time="0"><testcase classname="MonitoringWithSimulatedMessages" name="monitoring_with_simulated_messages">
		<skipped message="SKIPPED: Fails due to retained message" />
		<system-out>15:06:57 INFO  ==============================================================
15:06:57 INFO  Id:    monitoring_with_simulated_messages
15:06:57 INFO  Dir:   monitoring/
15:06:57 INFO  Title: Validate the tedge dm agent messages that are produced from the simulated collectd messages
15:06:57 INFO  ==============================================================
15:06:57 INFO  Fails due to retained message ... skipped
15:06:57 INFO  
15:06:57 INFO  Test duration: 0.02 secs
15:06:57 INFO  Test final outcome:  SKIPPED
15:06:57 INFO  Test outcome reason: Fails due to retained message
15:06:57 INFO  
</system-out>
	</testcase>
</testsuite><testsuite name="mqtt_port_change_connection_fails" tests="1" errors="0" failures="0" skipped="0" time="0"><testcase classname="MqttPortChangeConnectionFails" name="mqtt_port_change_connection_fails" />
</testsuite><testsuite name="mqtt_port_change_connection_works" tests="1" errors="0" failures="0" skipped="1" time="0"><testcase classname="MqttPortChangeConnectionWorks" name="mqtt_port_change_connection_works">
		<skipped message="SKIPPED: failing intermitently" />
		<system-out>15:05:42 INFO  ==============================================================
15:05:42 INFO  Id:    mqtt_port_change_connection_works
15:05:42 INFO  Dir:   misc_features/
15:05:42 INFO  Title: mqtt port change connection works for all the thin-edge services that use the mosquitto broker
15:05:42 INFO  ==============================================================
15:05:42 INFO  failing intermitently ... skipped
15:05:42 INFO  
15:05:42 INFO  Test duration: 0.02 secs
15:05:42 INFO  Test final outcome:  SKIPPED
15:05:42 INFO  Test outcome reason: failing intermitently
15:05:42 INFO  
</system-out>
	</testcase>
</testsuite><testsuite name="mqtt_port_set" tests="1" errors="0" failures="0" skipped="0" time="0"><testcase classname="MqttPortSet" name="mqtt_port_set" />
</testsuite><testsuite name="mqtt_port_unset" tests="1" errors="0" failures="0" skipped="0" time="0"><testcase classname="MqttPortUnSet" name="mqtt_port_unset" />
</testsuite><testsuite name="publish_flux" tests="1" errors="0" failures="0" skipped="0" time="0"><testcase classname="PublishFlux" name="publish_flux" />
</testsuite><testsuite name="publish_sawmill" tests="1" errors="0" failures="0" skipped="0" time="0"><testcase classname="PublishSawmill" name="publish_sawmill" />
</testsuite><testsuite name="pysys_block" tests="1" errors="0" failures="0" skipped="1" time="0"><testcase classname="Fail" name="pysys_block">
		<skipped message="SKIPPED: Enable this to observe a blocking test" />
		<system-out>15:06:06 INFO  ==============================================================
15:06:06 INFO  Id:    pysys_block
15:06:06 INFO  Dir:   misc_features/
15:06:06 INFO  Title: fail
15:06:06 INFO  ==============================================================
15:06:06 INFO  Enable this to observe a blocking test ... skipped
15:06:06 INFO  
15:06:06 INFO  Test duration: 0.02 secs
15:06:06 INFO  Test final outcome:  SKIPPED
15:06:06 INFO  Test outcome reason: Enable this to observe a blocking test
15:06:06 INFO  
</system-out>
	</testcase>
</testsuite><testsuite name="pysys_fail" tests="1" errors="0" failures="0" skipped="1" time="0"><testcase classname="Fail" name="pysys_fail">
		<skipped message="SKIPPED: Enable this to observe a failing test" />
		<system-out>15:06:06 INFO  ==============================================================
15:06:06 INFO  Id:    pysys_fail
15:06:06 INFO  Dir:   misc_features/
15:06:06 INFO  Title: fail
15:06:06 INFO  ==============================================================
15:06:06 INFO  Enable this to observe a failing test ... skipped
15:06:06 INFO  
15:06:06 INFO  Test duration: 0.02 secs
15:06:06 INFO  Test final outcome:  SKIPPED
15:06:06 INFO  Test outcome reason: Enable this to observe a failing test
15:06:06 INFO  
</system-out>
	</testcase>
</testsuite><testsuite name="runtime_start_two_mappers" tests="1" errors="0" failures="1" skipped="0" time="0"><testcase classname="RuntimeMultiMappers" name="runtime_start_two_mappers">
		<failure message="FAILED: Grep on tedge_mapper2.err contains &quot;Error: Couldn't acquire file lock.&quot;" type="FAILED" />
		<system-out>15:20:23 INFO  ==============================================================
15:20:23 INFO  Id:    runtime_start_two_mappers
15:20:23 INFO  Dir:   tedge_mapper_c8y/
15:20:23 INFO  Title: Validate two mappers can't be started at the same time
15:20:23 INFO  ==============================================================
15:20:24 INFO  Executed sudo&lt;tedge_mapper1&gt;, exit status 0
15:20:24 INFO  Waiting for 0.1 seconds
15:20:25 INFO  Executed sudo&lt;tedge_mapper2&gt;, exit status 1
15:20:25 INFO  Executed sudo&lt;tedge_mapper1&gt;, exit status 0
15:20:25 WARN  Grep on tedge_mapper2.err contains "Error: Couldn't acquire file lock." ... failed [run.py:46]
15:20:25 INFO  
15:20:25 INFO  Test duration: 1.75 secs
15:20:25 INFO  Test final outcome:  FAILED
15:20:25 INFO  Test outcome reason: Grep on tedge_mapper2.err contains "Error: Couldn't acquire file lock."
15:20:25 INFO  
</system-out>
	</testcase>
</testsuite><testsuite name="sm_tedge_mapper_init_session" tests="1" errors="0" failures="0" skipped="0" time="0"><testcase classname="TedgeSMMapperInitSession" name="sm_tedge_mapper_init_session" />
</testsuite><testsuite name="smoketest_json" tests="1" errors="0" failures="0" skipped="0" time="0"><testcase classname="SmokeTestJson" name="smoketest_json" />
</testsuite><testsuite name="smoketest_json_400_samples_10ms" tests="1" errors="0" failures="0" skipped="0" time="0"><testcase classname="SmoketestJson400Samples10ms" name="smoketest_json_400_samples_10ms" />
</testsuite><testsuite name="smoketest_json_400_samples_20ms" tests="1" errors="0" failures="0" skipped="0" time="0"><testcase classname="SmoketestJson400Samples20ms" name="smoketest_json_400_samples_20ms" />
</testsuite><testsuite name="smoketest_smartrest" tests="1" errors="0" failures="0" skipped="0" time="0"><testcase classname="SmoketestSmartRest" name="smoketest_smartrest" />
</testsuite><testsuite name="smoketest_smartrest_200_samples_1Xms" tests="1" errors="0" failures="0" skipped="0" time="0"><testcase classname="SmoketestSmartRest200Samples1Xms" name="smoketest_smartrest_200_samples_1Xms" />
</testsuite><testsuite name="smoketest_smartrest_200_samples_20ms" tests="1" errors="0" failures="0" skipped="0" time="0"><testcase classname="SmoketestSmartRest200Samples20ms" name="smoketest_smartrest_200_samples_20ms" />
</testsuite><testsuite name="tedge_agent_user_sudo_access" tests="1" errors="0" failures="0" skipped="1" time="0"><testcase classname="TedgeAgentUserSudoAccess" name="tedge_agent_user_sudo_access">
		<skipped message="SKIPPED: #955 Observation: Exit code of the apt plugin when called with no arguments" />
		<system-out>15:17:15 INFO  ==============================================================
15:17:15 INFO  Id:    tedge_agent_user_sudo_access
15:17:15 INFO  Dir:   tedge/
15:17:15 INFO  Title: Validate tedge-agent user has a limited sudo right
15:17:15 INFO  ==============================================================
15:17:15 INFO  #955 Observation: Exit code of the apt plugin when called with no arguments ... skipped
15:17:15 INFO  
15:17:15 INFO  Test duration: 0.04 secs
15:17:15 INFO  Test final outcome:  SKIPPED
15:17:15 INFO  Test outcome reason: #955 Observation: Exit code of the apt plugin when called with no arguments
15:17:15 INFO  
</system-out>
	</testcase>
</testsuite><testsuite name="tedge_connect_test_negative" tests="1" errors="0" failures="0" skipped="0" time="0"><testcase classname="TedgeConnectTestNegative" name="tedge_connect_test_negative" />
</testsuite><testsuite name="tedge_connect_test_positive" tests="1" errors="0" failures="0" skipped="0" time="0"><testcase classname="TedgeConnectTestPositive" name="tedge_connect_test_positive" />
</testsuite><testsuite name="tedge_connect_test_sm_services" tests="1" errors="0" failures="0" skipped="0" time="0"><testcase classname="TedgeConnectTestSMServices" name="tedge_connect_test_sm_services" />
</testsuite><testsuite name="tedge_disconnect_test_sm_services" tests="1" errors="0" failures="0" skipped="0" time="0"><testcase classname="TedgeDisConnectTestSMServices" name="tedge_disconnect_test_sm_services" />
</testsuite><testsuite name="tedge_mapper_az_negative" tests="1" errors="0" failures="0" skipped="0" time="0"><testcase classname="TedgeMapperAzError" name="tedge_mapper_az_negative" />
</testsuite><testsuite name="tedge_mapper_az_with_timestamp" tests="1" errors="0" failures="0" skipped="0" time="0"><testcase classname="TedgeMapperAzWithTimestamp" name="tedge_mapper_az_with_timestamp" />
</testsuite><testsuite name="tedge_mapper_az_without_timestamp" tests="1" errors="0" failures="0" skipped="0" time="0"><testcase classname="TedgeMapperAzWithoutTimestamp" name="tedge_mapper_az_without_timestamp" />
</testsuite><testsuite name="tedge_mapper_c8y_alarms" tests="1" errors="0" failures="0" skipped="0" time="0"><testcase classname="TedgeMapperC8yAlarm" name="tedge_mapper_c8y_alarms" />
</testsuite><testsuite name="tedge_mapper_c8y_child_device_measurement" tests="1" errors="0" failures="0" skipped="0" time="0"><testcase classname="TedgeMapperC8yChildDevice" name="tedge_mapper_c8y_child_device_measurement" />
</testsuite><testsuite name="tedge_mapper_c8y_packet_threshold_size" tests="1" errors="0" failures="0" skipped="0" time="0"><testcase classname="TedgeMapperC8yThresholdPacketSize" name="tedge_mapper_c8y_packet_threshold_size" />
</testsuite><testsuite name="tedge_software_update" tests="1" errors="0" failures="0" skipped="0" time="0"><testcase classname="PySysTest" name="tedge_software_update" />
</testsuite><testsuite name="valid_device_id" tests="1" errors="0" failures="0" skipped="0" time="0"><testcase classname="ValidateValidDeviceId" name="valid_device_id" />
</testsuite></testsuites>