<?xml version='1.0' encoding='utf-8'?>
<testsuites tests="149" failures="11" errors="0" skipped="49" time="0.0"><testsuite name="SoftwareManagement.Plugin.apama_plugin_install" tests="3" errors="0" failures="0" skipped="1" time="0"><testcase classname="ApamaPluginInstallTest" name="SoftwareManagement.Plugin.apama_plugin_install">
		<skipped message="SKIPPED: Apama plugin tests are disabled by default. Execute `pysys run` with `-XmyPlatform=container` to run these tests" />
		<system-out>08:23:22 INFO  ==============================================================
08:23:22 INFO  Id:    SoftwareManagement.Plugin.apama_plugin_install
08:23:22 INFO  Dir:   plugin_apama/
08:23:22 INFO  Title: Validate apama plugin install
08:23:22 INFO  ==============================================================
08:23:22 INFO  Apama plugin tests are disabled by default. Execute `pysys run` with `-XmyPlatform=container` to run these tests ... skipped
08:23:22 WARN  Aborted test due to SKIPPED outcome
08:23:22 INFO  
08:23:22 INFO  Test duration: 0.04 secs
08:23:22 INFO  Test final outcome:  SKIPPED
08:23:22 INFO  Test outcome reason: Apama plugin tests are disabled by default. Execute `pysys run` with `-XmyPlatform=container` to run these tests
08:23:22 INFO  
</system-out>
	</testcase>
<testcase classname="ApamaPluginInstallTest" name="SoftwareManagement.Plugin.apama_plugin_install" />
<testcase classname="ApamaPluginInstallTest" name="SoftwareManagement.Plugin.apama_plugin_install" />
</testsuite><testsuite name="SoftwareManagement.Plugin.apama_plugin_mon_support" tests="3" errors="0" failures="0" skipped="1" time="0"><testcase classname="ApamaPluginMonSupportTest" name="SoftwareManagement.Plugin.apama_plugin_mon_support">
		<skipped message="SKIPPED: Apama plugin tests are disabled by default. Execute `pysys run` with `-XmyPlatform=container` to run these tests" />
		<system-out>08:23:22 INFO  ==============================================================
08:23:22 INFO  Id:    SoftwareManagement.Plugin.apama_plugin_mon_support
08:23:22 INFO  Dir:   plugin_apama/
08:23:22 INFO  Title: Validate mon file support of apama plugin
08:23:22 INFO  ==============================================================
08:23:22 INFO  Apama plugin tests are disabled by default. Execute `pysys run` with `-XmyPlatform=container` to run these tests ... skipped
08:23:22 WARN  Aborted test due to SKIPPED outcome
08:23:22 INFO  
08:23:22 INFO  Test duration: 0.02 secs
08:23:22 INFO  Test final outcome:  SKIPPED
08:23:22 INFO  Test outcome reason: Apama plugin tests are disabled by default. Execute `pysys run` with `-XmyPlatform=container` to run these tests
08:23:22 INFO  
</system-out>
	</testcase>
<testcase classname="ApamaPluginMonSupportTest" name="SoftwareManagement.Plugin.apama_plugin_mon_support" />
<testcase classname="ApamaPluginMonSupportTest" name="SoftwareManagement.Plugin.apama_plugin_mon_support" />
</testsuite><testsuite name="SoftwareManagement.Plugin.apama_plugin_remove" tests="3" errors="0" failures="0" skipped="1" time="0"><testcase classname="ApamaPluginRemoveTest" name="SoftwareManagement.Plugin.apama_plugin_remove">
		<skipped message="SKIPPED: Apama plugin tests are disabled by default. Execute `pysys run` with `-XmyPlatform=container` to run these tests" />
		<system-out>08:23:22 INFO  ==============================================================
08:23:22 INFO  Id:    SoftwareManagement.Plugin.apama_plugin_remove
08:23:22 INFO  Dir:   plugin_apama/
08:23:22 INFO  Title: Validate apama plugin remove
08:23:22 INFO  ==============================================================
08:23:22 INFO  Apama plugin tests are disabled by default. Execute `pysys run` with `-XmyPlatform=container` to run these tests ... skipped
08:23:22 WARN  Aborted test due to SKIPPED outcome
08:23:22 INFO  
08:23:22 INFO  Test duration: 0.02 secs
08:23:22 INFO  Test final outcome:  SKIPPED
08:23:22 INFO  Test outcome reason: Apama plugin tests are disabled by default. Execute `pysys run` with `-XmyPlatform=container` to run these tests
08:23:22 INFO  
</system-out>
	</testcase>
<testcase classname="ApamaPluginRemoveTest" name="SoftwareManagement.Plugin.apama_plugin_remove" />
<testcase classname="ApamaPluginRemoveTest" name="SoftwareManagement.Plugin.apama_plugin_remove" />
</testsuite><testsuite name="SoftwareManagement.Plugin.apama_plugin_update" tests="3" errors="0" failures="2" skipped="1" time="0"><testcase classname="ApamaPluginUpdateTest" name="SoftwareManagement.Plugin.apama_plugin_update">
		<skipped message="SKIPPED: Apama plugin tests are disabled by default. Execute `pysys run` with `-XmyPlatform=container` to run these tests" />
		<system-out>08:23:22 INFO  ==============================================================
08:23:22 INFO  Id:    SoftwareManagement.Plugin.apama_plugin_update
08:23:22 INFO  Dir:   plugin_apama/
08:23:22 INFO  Title: Validate apama plugin updating one project with another
08:23:22 INFO  ==============================================================
08:23:22 INFO  Apama plugin tests are disabled by default. Execute `pysys run` with `-XmyPlatform=container` to run these tests ... skipped
08:23:22 WARN  Aborted test due to SKIPPED outcome
08:23:22 INFO  
08:23:22 INFO  Test duration: 0.02 secs
08:23:22 INFO  Test final outcome:  SKIPPED
08:23:22 INFO  Test outcome reason: Apama plugin tests are disabled by default. Execute `pysys run` with `-XmyPlatform=container` to run these tests
08:23:22 INFO  
</system-out>
	</testcase>
<testcase classname="ApamaPluginUpdateTest" name="SoftwareManagement.Plugin.apama_plugin_update">
		<failure message="BLOCKED: sudo&lt;plugin_install&gt; returned non-zero exit code 2" type="BLOCKED" />
		<system-out>09:15:39 INFO  ==============================================================
09:15:39 INFO  Id:    SoftwareManagement.Plugin.apama_plugin_update
09:15:39 INFO  Dir:   plugin_apama/
09:15:39 INFO  Title: Validate apama plugin updating one project with another
09:15:39 INFO  ==============================================================
09:15:39 INFO  Assertion that path exists=False for "/etc/tedge/apama/project" ... passed
09:15:40 INFO  Executed sudo&lt;create_project_dir&gt;, exit status 0
09:15:40 INFO  Executed sudo&lt;unzip_apama_project&gt;, exit status 0
09:15:41 INFO  Executed sudo&lt;move_apama_project&gt;, exit status 0
09:15:42 INFO  Executed sudo&lt;restart_apama_service&gt;, exit status 0
09:15:43 INFO  Executed sudo&lt;apama_correlator_wait&gt;, exit status 0
09:15:43 INFO  Assertion that path exists=True for "/etc/tedge/apama/project" ... passed
09:15:43 INFO  Executed sudo&lt;apama_list_monitors&gt;, exit status 0
09:15:43 INFO  Grep on file /home/pi/actions-runner/_work/thin-edge.io/thin-edge.io/tests/PySys/plugin_apama/apama_plugin_update/Output/linux/apama_list_monitors.out ... passed
09:15:44 WARN  Executed sudo&lt;plugin_install&gt;, exit status 2
09:15:44 INFO  Contents of plugin_install.err: 
  ERROR: Directory not empty (os error 39)
  -----

09:15:44 WARN  sudo&lt;plugin_install&gt; returned non-zero exit code 2 ... blocked [run.py:35]
09:15:44 WARN  Aborted test due to BLOCKED outcome
09:15:44 INFO  
09:15:44 INFO  cleanup:
09:15:44 INFO  Removing apama project
09:16:02 INFO  Executed sudo&lt;stop_apama_service&gt;, exit status 0, duration 17 secs
09:16:02 INFO  Executed sudo&lt;remove_apama_project&gt;, exit status 0
09:16:03 INFO  Executed sudo&lt;remove_apama_tmp_dir&gt;, exit status 0
09:16:03 INFO  
09:16:03 INFO  Test duration: 23.87 secs
09:16:03 INFO  Test final outcome:  BLOCKED
09:16:03 INFO  Test outcome reason: sudo&lt;plugin_install&gt; returned non-zero exit code 2
09:16:03 INFO  
</system-out>
	</testcase>
<testcase classname="ApamaPluginUpdateTest" name="SoftwareManagement.Plugin.apama_plugin_update">
		<failure message="BLOCKED: sudo&lt;plugin_install&gt; returned non-zero exit code 2" type="BLOCKED" />
		<system-out>09:24:47 INFO  ==============================================================
09:24:47 INFO  Id:    SoftwareManagement.Plugin.apama_plugin_update
09:24:47 INFO  Dir:   plugin_apama/
09:24:47 INFO  Title: Validate apama plugin updating one project with another
09:24:47 INFO  ==============================================================
09:24:47 INFO  Assertion that path exists=False for "/etc/tedge/apama/project" ... passed
09:24:47 INFO  Executed sudo&lt;create_project_dir&gt;, exit status 0
09:24:48 INFO  Executed sudo&lt;unzip_apama_project&gt;, exit status 0
09:24:49 INFO  Executed sudo&lt;move_apama_project&gt;, exit status 0
09:24:49 INFO  Executed sudo&lt;restart_apama_service&gt;, exit status 0
09:24:50 INFO  Executed sudo&lt;apama_correlator_wait&gt;, exit status 0
09:24:50 INFO  Assertion that path exists=True for "/etc/tedge/apama/project" ... passed
09:24:51 INFO  Executed sudo&lt;apama_list_monitors&gt;, exit status 0
09:24:51 INFO  Grep on file /home/pi/actions-runner/_work/thin-edge.io/thin-edge.io/tests/PySys/plugin_apama/apama_plugin_update/Output/linux/apama_list_monitors.out ... passed
09:24:52 WARN  Executed sudo&lt;plugin_install&gt;, exit status 2
09:24:52 INFO  Contents of plugin_install.err: 
  ERROR: Directory not empty (os error 39)
  -----

09:24:52 WARN  sudo&lt;plugin_install&gt; returned non-zero exit code 2 ... blocked [run.py:35]
09:24:52 WARN  Aborted test due to BLOCKED outcome
09:24:52 INFO  
09:24:52 INFO  cleanup:
09:24:52 INFO  Removing apama project
09:25:09 INFO  Executed sudo&lt;stop_apama_service&gt;, exit status 0, duration 16 secs
09:25:09 INFO  Executed sudo&lt;remove_apama_project&gt;, exit status 0
09:25:10 INFO  Executed sudo&lt;remove_apama_tmp_dir&gt;, exit status 0
09:25:10 INFO  
09:25:10 INFO  Test duration: 22.93 secs
09:25:10 INFO  Test final outcome:  BLOCKED
09:25:10 INFO  Test outcome reason: sudo&lt;plugin_install&gt; returned non-zero exit code 2
09:25:10 INFO  
</system-out>
	</testcase>
</testsuite><testsuite name="SoftwareManagement.sm_apt_install_download_path" tests="3" errors="0" failures="2" skipped="1" time="0"><testcase classname="AptInstallWithDownloadPath" name="SoftwareManagement.sm_apt_install_download_path">
		<skipped message="SKIPPED: Testing the apt plugin is not supported on this platform.Use parameter -XmyPlatform='container' to enable it" />
		<system-out>08:33:08 INFO  ==============================================================
08:33:08 INFO  Id:    SoftwareManagement.sm_apt_install_download_path
08:33:08 INFO  Dir:   software_management_end_to_end/
08:33:08 INFO  Title: Install package to directory specified in tedge config set tmp.path
08:33:08 INFO  ==============================================================
08:33:08 INFO  Testing the apt plugin is not supported on this platform.Use parameter -XmyPlatform='container' to enable it ... skipped
08:33:08 WARN  Aborted test due to SKIPPED outcome
08:33:08 INFO  
08:33:08 INFO  Test duration: 0.08 secs
08:33:08 INFO  Test final outcome:  SKIPPED
08:33:08 INFO  Test outcome reason: Testing the apt plugin is not supported on this platform.Use parameter -XmyPlatform='container' to enable it
08:33:08 INFO  
</system-out>
	</testcase>
<testcase classname="AptInstallWithDownloadPath" name="SoftwareManagement.sm_apt_install_download_path">
		<failure message="BLOCKED: AssertionError:" type="BLOCKED" />
		<system-out>08:57:14 INFO  ==============================================================
08:57:14 INFO  Id:    SoftwareManagement.sm_apt_install_download_path
08:57:14 INFO  Dir:   software_management_end_to_end/
08:57:14 INFO  Title: Install package to directory specified in tedge config set tmp.path
08:57:14 INFO  ==============================================================
08:57:14 INFO  Using sw id database: {'asciijump': '5475369', 'robotfindskitten': '5474869', 'squirrel3': '5475279', 'rolldice': '5152439', 'moon-buggy': '5439204', 'apple': '5495053', 'banana': '5494888', 'cherry': '5495382', 'watermelon': '5494510', 'registry': '8018911', 'hello-world': '8021526', 'docker/getting-started': '8021973', 'alpine': '7991792'}
08:57:14 INFO  EnvironmentC8y Setup
08:57:15 INFO  Executed systemctl&lt;serv_mapper1&gt;, exit status 3
08:57:30 INFO  Executed sudo&lt;tedge_connect_c8y&gt;, exit status 0, duration 14 secs
08:57:31 INFO  Executed sudo&lt;tedge_connect_c8y_test&gt;, exit status 0
08:57:32 INFO  Executed systemctl&lt;serv_mosq2&gt;, exit status 0
08:57:33 INFO  Executed systemctl&lt;serv_mapper3&gt;, exit status 0
08:57:35 INFO  State of current operation: SUCCESSFUL
08:57:36 INFO  Assert that (False == value) with value=False ... passed
08:57:36 INFO  Executed sudo, exit status 0
08:57:37 INFO  Executed sudo, exit status 0
08:57:37 INFO  Executed sudo, exit status 0
08:57:41 INFO  Executed sudo&lt;tedge_disconnect_c8y&gt;, exit status 0
08:57:42 INFO  Restarting mosquitto too frequently in the last 10 seconds. It was only up for 4 seconds
08:57:42 INFO  Delaying execution by 7 seconds
08:58:03 INFO  Executed sudo&lt;tedge_connect_c8y&gt;, exit status 0, duration 14 secs
08:58:03 INFO  Response status: 201
08:58:03 INFO  Response to action: {
    "creationTime": "2022-04-21T08:58:03.572Z",
    "deviceName": "mythicc",
    "deviceId": "17501604",
    "self": "https://t493319102.eu-latest.cumulocity.com/devicecontrol/operations/17537427",
    "id": "17537427",
    "status": "PENDING",
    "description": "Apply software changes, triggered from PySys: [{'name': 'rolldice', 'id': '5152439', 'version': '::apt', 'url': 'https://thin-edge-io.eu-latest.cumulocity.com/inventory/binaries/12435463', 'action': 'install'}]",
    "c8y_SoftwareUpdate": [
        {
            "name": "rolldice",
            "action": "install",
            "id": "5152439",
            "version": "::apt",
            "url": "https://thin-edge-io.eu-latest.cumulocity.com/inventory/binaries/12435463"
        }
    ]
}
08:58:03 INFO  Started operation: {'creationTime': '2022-04-21T08:58:03.572Z', 'deviceName': 'mythicc', 'deviceId': '17501604', 'self': 'https://t493319102.eu-latest.cumulocity.com/devicecontrol/operations/17537427', 'id': '17537427', 'status': 'PENDING', 'description': "Apply software changes, triggered from PySys: [{'name': 'rolldice', 'id': '5152439', 'version': '::apt', 'url': 'https://thin-edge-io.eu-latest.cumulocity.com/inventory/binaries/12435463', 'action': 'install'}]", 'c8y_SoftwareUpdate': [{'name': 'rolldice', 'action': 'install', 'id': '5152439', 'version': '::apt', 'url': 'https://thin-edge-io.eu-latest.cumulocity.com/inventory/binaries/12435463'}]}
08:58:03 WARN  , retrying in 0.5 seconds...
08:58:04 WARN  , retrying in 0.5 seconds...
08:58:04 WARN  , retrying in 0.5 seconds...
08:58:05 WARN  , retrying in 0.5 seconds...
08:58:05 WARN  , retrying in 0.5 seconds...
08:58:06 WARN  , retrying in 0.5 seconds...
08:58:06 WARN  , retrying in 0.5 seconds...
08:58:07 WARN  , retrying in 0.5 seconds...
08:58:07 WARN  , retrying in 0.5 seconds...
08:58:08 WARN  AssertionError occurred while running test - 
Traceback (most recent call last):
  File "/home/pi/env-pysys/lib/python3.7/site-packages/pysys/baserunner.py", line 1294, in __call__
    self.testObj.execute()
  File "/home/pi/actions-runner/_work/thin-edge.io/thin-edge.io/tests/PySys/software_management_end_to_end/sm_apt_install_download_path/run.py", line 83, in execute
    assert_install_in_download_path(install_directory=self.DOWNLOAD_DIR)
  File "/home/pi/env-pysys/lib/python3.7/site-packages/decorator.py", line 232, in fun
    return caller(func, *(extras + args), **kw)
  File "/home/pi/env-pysys/lib/python3.7/site-packages/retry/api.py", line 74, in retry_decorator
    logger)
  File "/home/pi/env-pysys/lib/python3.7/site-packages/retry/api.py", line 33, in __retry_internal
    return f()
  File "/home/pi/actions-runner/_work/thin-edge.io/thin-edge.io/tests/PySys/software_management_end_to_end/sm_apt_install_download_path/run.py", line 28, in assert_install_in_download_path
    assert "rolldice" in os.listdir(f"{install_directory}")
AssertionError
08:58:08 WARN  AssertionError: ... blocked 
08:58:08 INFO  
08:58:08 INFO  cleanup:
08:58:09 INFO  Executed sudo, exit status 0
08:58:09 INFO  Executed sudo, exit status 0
08:58:14 INFO  Executed sudo&lt;tedge_disconnect_c8y&gt;, exit status 0
08:58:14 INFO  Restarting mosquitto too frequently in the last 10 seconds. It was only up for 4 seconds
08:58:14 INFO  Delaying execution by 7 seconds
08:58:35 INFO  Executed sudo&lt;tedge_connect_c8y&gt;, exit status 0, duration 14 secs
08:58:39 INFO  Executed sudo&lt;tedge_disconnect_c8y&gt;, exit status 0
08:58:40 INFO  Executed systemctl&lt;serv_mapper5&gt;, exit status 3
08:58:40 INFO  
08:58:40 INFO  Test duration: 86.12 secs
08:58:40 INFO  Test final outcome:  BLOCKED
08:58:40 INFO  Test outcome reason: AssertionError:
08:58:40 INFO  
</system-out>
	</testcase>
<testcase classname="AptInstallWithDownloadPath" name="SoftwareManagement.sm_apt_install_download_path">
		<failure message="BLOCKED: AssertionError:" type="BLOCKED" />
		<system-out>09:25:10 INFO  ==============================================================
09:25:10 INFO  Id:    SoftwareManagement.sm_apt_install_download_path
09:25:10 INFO  Dir:   software_management_end_to_end/
09:25:10 INFO  Title: Install package to directory specified in tedge config set tmp.path
09:25:10 INFO  ==============================================================
09:25:11 INFO  Using sw id database: {'asciijump': '5475369', 'robotfindskitten': '5474869', 'squirrel3': '5475279', 'rolldice': '5152439', 'moon-buggy': '5439204', 'apple': '5495053', 'banana': '5494888', 'cherry': '5495382', 'watermelon': '5494510', 'registry': '8018911', 'hello-world': '8021526', 'docker/getting-started': '8021973', 'alpine': '7991792'}
09:25:11 INFO  EnvironmentC8y Setup
09:25:11 INFO  Executed systemctl&lt;serv_mapper1&gt;, exit status 3
09:25:26 INFO  Executed sudo&lt;tedge_connect_c8y&gt;, exit status 0, duration 14 secs
09:25:26 INFO  Executed sudo&lt;tedge_connect_c8y_test&gt;, exit status 0
09:25:27 INFO  Executed systemctl&lt;serv_mosq2&gt;, exit status 0
09:25:27 INFO  Executed systemctl&lt;serv_mapper3&gt;, exit status 0
09:25:30 INFO  State of current operation: SUCCESSFUL
09:25:30 INFO  Assert that (False == value) with value=False ... passed
09:25:30 INFO  Executed sudo, exit status 0
09:25:31 INFO  Executed sudo, exit status 0
09:25:32 INFO  Executed sudo, exit status 0
09:25:36 INFO  Executed sudo&lt;tedge_disconnect_c8y&gt;, exit status 0
09:25:36 INFO  Restarting mosquitto too frequently in the last 10 seconds. It was only up for 3 seconds
09:25:36 INFO  Delaying execution by 8 seconds
09:25:58 INFO  Executed sudo&lt;tedge_connect_c8y&gt;, exit status 0, duration 14 secs
09:25:58 INFO  Response status: 201
09:25:58 INFO  Response to action: {
    "creationTime": "2022-04-21T09:25:58.666Z",
    "deviceName": "mythicc",
    "deviceId": "17501604",
    "self": "https://t493319102.eu-latest.cumulocity.com/devicecontrol/operations/17537593",
    "id": "17537593",
    "status": "PENDING",
    "description": "Apply software changes, triggered from PySys: [{'name': 'rolldice', 'id': '5152439', 'version': '::apt', 'url': 'https://thin-edge-io.eu-latest.cumulocity.com/inventory/binaries/12435463', 'action': 'install'}]",
    "c8y_SoftwareUpdate": [
        {
            "name": "rolldice",
            "action": "install",
            "id": "5152439",
            "version": "::apt",
            "url": "https://thin-edge-io.eu-latest.cumulocity.com/inventory/binaries/12435463"
        }
    ]
}
09:25:58 INFO  Started operation: {'creationTime': '2022-04-21T09:25:58.666Z', 'deviceName': 'mythicc', 'deviceId': '17501604', 'self': 'https://t493319102.eu-latest.cumulocity.com/devicecontrol/operations/17537593', 'id': '17537593', 'status': 'PENDING', 'description': "Apply software changes, triggered from PySys: [{'name': 'rolldice', 'id': '5152439', 'version': '::apt', 'url': 'https://thin-edge-io.eu-latest.cumulocity.com/inventory/binaries/12435463', 'action': 'install'}]", 'c8y_SoftwareUpdate': [{'name': 'rolldice', 'action': 'install', 'id': '5152439', 'version': '::apt', 'url': 'https://thin-edge-io.eu-latest.cumulocity.com/inventory/binaries/12435463'}]}
09:25:58 WARN  , retrying in 0.5 seconds...
09:25:59 WARN  , retrying in 0.5 seconds...
09:25:59 WARN  , retrying in 0.5 seconds...
09:26:00 WARN  , retrying in 0.5 seconds...
09:26:00 WARN  , retrying in 0.5 seconds...
09:26:01 WARN  , retrying in 0.5 seconds...
09:26:01 WARN  , retrying in 0.5 seconds...
09:26:02 WARN  , retrying in 0.5 seconds...
09:26:02 WARN  , retrying in 0.5 seconds...
09:26:03 WARN  AssertionError occurred while running test - 
Traceback (most recent call last):
  File "/home/pi/env-pysys/lib/python3.7/site-packages/pysys/baserunner.py", line 1294, in __call__
    self.testObj.execute()
  File "/home/pi/actions-runner/_work/thin-edge.io/thin-edge.io/tests/PySys/software_management_end_to_end/sm_apt_install_download_path/run.py", line 83, in execute
    assert_install_in_download_path(install_directory=self.DOWNLOAD_DIR)
  File "/home/pi/env-pysys/lib/python3.7/site-packages/decorator.py", line 232, in fun
    return caller(func, *(extras + args), **kw)
  File "/home/pi/env-pysys/lib/python3.7/site-packages/retry/api.py", line 74, in retry_decorator
    logger)
  File "/home/pi/env-pysys/lib/python3.7/site-packages/retry/api.py", line 33, in __retry_internal
    return f()
  File "/home/pi/actions-runner/_work/thin-edge.io/thin-edge.io/tests/PySys/software_management_end_to_end/sm_apt_install_download_path/run.py", line 28, in assert_install_in_download_path
    assert "rolldice" in os.listdir(f"{install_directory}")
AssertionError
09:26:03 WARN  AssertionError: ... blocked 
09:26:03 INFO  
09:26:03 INFO  cleanup:
09:26:03 INFO  Executed sudo, exit status 0
09:26:04 INFO  Executed sudo, exit status 0
09:26:09 INFO  Executed sudo&lt;tedge_disconnect_c8y&gt;, exit status 0
09:26:09 INFO  Restarting mosquitto too frequently in the last 10 seconds. It was only up for 4 seconds
09:26:09 INFO  Delaying execution by 7 seconds
09:26:31 INFO  Executed sudo&lt;tedge_connect_c8y&gt;, exit status 0, duration 14 secs
09:26:35 INFO  Executed sudo&lt;tedge_disconnect_c8y&gt;, exit status 0
09:26:35 INFO  Executed systemctl&lt;serv_mapper5&gt;, exit status 3
09:26:35 INFO  
09:26:35 INFO  Test duration: 85.84 secs
09:26:35 INFO  Test final outcome:  BLOCKED
09:26:35 INFO  Test outcome reason: AssertionError:
09:26:35 INFO  
</system-out>
	</testcase>
</testsuite><testsuite name="SoftwareManagement.sm_apt_install_fail" tests="3" errors="0" failures="0" skipped="1" time="0"><testcase classname="PySysTest" name="SoftwareManagement.sm_apt_install_fail">
		<skipped message="SKIPPED: Testing the apt plugin is not supported on this platform.Use parameter -XmyPlatform='container' to enable it" />
		<system-out>08:33:08 INFO  ==============================================================
08:33:08 INFO  Id:    SoftwareManagement.sm_apt_install_fail
08:33:08 INFO  Dir:   software_management_end_to_end/
08:33:08 INFO  Title: Validate end to end behaviour for a failing installation
08:33:08 INFO  ==============================================================
08:33:08 INFO  Testing the apt plugin is not supported on this platform.Use parameter -XmyPlatform='container' to enable it ... skipped
08:33:08 WARN  Aborted test due to SKIPPED outcome
08:33:08 INFO  
08:33:08 INFO  Test duration: 0.02 secs
08:33:08 INFO  Test final outcome:  SKIPPED
08:33:08 INFO  Test outcome reason: Testing the apt plugin is not supported on this platform.Use parameter -XmyPlatform='container' to enable it
08:33:08 INFO  
</system-out>
	</testcase>
<testcase classname="PySysTest" name="SoftwareManagement.sm_apt_install_fail" />
<testcase classname="PySysTest" name="SoftwareManagement.sm_apt_install_fail" />
</testsuite><testsuite name="SoftwareManagement.sm_apt_install_remove" tests="3" errors="0" failures="0" skipped="1" time="0"><testcase classname="PySysTest" name="SoftwareManagement.sm_apt_install_remove">
		<skipped message="SKIPPED: Testing the apt plugin is not supported on this platform.Use parameter -XmyPlatform='container' to enable it" />
		<system-out>08:33:08 INFO  ==============================================================
08:33:08 INFO  Id:    SoftwareManagement.sm_apt_install_remove
08:33:08 INFO  Dir:   software_management_end_to_end/
08:33:08 INFO  Title: Validate end to end behaviour for the apt plugin for installation and removal of packages
08:33:08 INFO  ==============================================================
08:33:08 INFO  Testing the apt plugin is not supported on this platform.Use parameter -XmyPlatform='container' to enable it ... skipped
08:33:08 WARN  Aborted test due to SKIPPED outcome
08:33:08 INFO  
08:33:08 INFO  Test duration: 0.02 secs
08:33:08 INFO  Test final outcome:  SKIPPED
08:33:08 INFO  Test outcome reason: Testing the apt plugin is not supported on this platform.Use parameter -XmyPlatform='container' to enable it
08:33:08 INFO  
</system-out>
	</testcase>
<testcase classname="PySysTest" name="SoftwareManagement.sm_apt_install_remove" />
<testcase classname="PySysTest" name="SoftwareManagement.sm_apt_install_remove" />
</testsuite><testsuite name="SoftwareManagement.sm_apt_install_remove_default" tests="3" errors="0" failures="0" skipped="1" time="0"><testcase classname="PySysTest" name="SoftwareManagement.sm_apt_install_remove_default">
		<skipped message="SKIPPED: Testing the apt plugin is not supported on this platform.Use parameter -XmyPlatform='container' to enable it" />
		<system-out>08:33:08 INFO  ==============================================================
08:33:08 INFO  Id:    SoftwareManagement.sm_apt_install_remove_default
08:33:08 INFO  Dir:   software_management_end_to_end/
08:33:08 INFO  Title: Validate end to end behaviour for the default plugin for installation and removal of packages
08:33:08 INFO  ==============================================================
08:33:08 INFO  Testing the apt plugin is not supported on this platform.Use parameter -XmyPlatform='container' to enable it ... skipped
08:33:08 WARN  Aborted test due to SKIPPED outcome
08:33:08 INFO  
08:33:08 INFO  Test duration: 0.02 secs
08:33:08 INFO  Test final outcome:  SKIPPED
08:33:08 INFO  Test outcome reason: Testing the apt plugin is not supported on this platform.Use parameter -XmyPlatform='container' to enable it
08:33:08 INFO  
</system-out>
	</testcase>
<testcase classname="PySysTest" name="SoftwareManagement.sm_apt_install_remove_default" />
<testcase classname="PySysTest" name="SoftwareManagement.sm_apt_install_remove_default" />
</testsuite><testsuite name="SoftwareManagement.sm_apt_install_remove_multiple" tests="3" errors="0" failures="2" skipped="1" time="0"><testcase classname="PySysTest" name="SoftwareManagement.sm_apt_install_remove_multiple">
		<skipped message="SKIPPED: Testing the apt plugin is not supported on this platform.Use parameter -XmyPlatform='container' to enable it" />
		<system-out>08:33:08 INFO  ==============================================================
08:33:08 INFO  Id:    SoftwareManagement.sm_apt_install_remove_multiple
08:33:08 INFO  Dir:   software_management_end_to_end/
08:33:08 INFO  Title: Validate end to end behaviour for the apt plugin for multiple packages
08:33:08 INFO  ==============================================================
08:33:08 INFO  Testing the apt plugin is not supported on this platform.Use parameter -XmyPlatform='container' to enable it ... skipped
08:33:08 WARN  Aborted test due to SKIPPED outcome
08:33:08 INFO  
08:33:08 INFO  Test duration: 0.02 secs
08:33:08 INFO  Test final outcome:  SKIPPED
08:33:08 INFO  Test outcome reason: Testing the apt plugin is not supported on this platform.Use parameter -XmyPlatform='container' to enable it
08:33:08 INFO  
</system-out>
	</testcase>
<testcase classname="PySysTest" name="SoftwareManagement.sm_apt_install_remove_multiple">
		<failure message="FAILED: Assert that (False == value) with value=True" type="FAILED" />
		<system-out>09:05:35 INFO  ==============================================================
09:05:35 INFO  Id:    SoftwareManagement.sm_apt_install_remove_multiple
09:05:35 INFO  Dir:   software_management_end_to_end/
09:05:35 INFO  Title: Validate end to end behaviour for the apt plugin for multiple packages
09:05:35 INFO  ==============================================================
09:05:35 INFO  Using sw id database: {'asciijump': '5475369', 'robotfindskitten': '5474869', 'squirrel3': '5475279', 'rolldice': '5152439', 'moon-buggy': '5439204', 'apple': '5495053', 'banana': '5494888', 'cherry': '5495382', 'watermelon': '5494510', 'registry': '8018911', 'hello-world': '8021526', 'docker/getting-started': '8021973', 'alpine': '7991792'}
09:05:35 INFO  EnvironmentC8y Setup
09:05:36 INFO  Executed systemctl&lt;serv_mapper1&gt;, exit status 3
09:05:36 INFO  Restarting mosquitto too frequently in the last 10 seconds. It was only up for 4 seconds
09:05:36 INFO  Delaying execution by 7 seconds
09:05:57 INFO  Executed sudo&lt;tedge_connect_c8y&gt;, exit status 0, duration 14 secs
09:05:58 INFO  Executed sudo&lt;tedge_connect_c8y_test&gt;, exit status 0
09:05:59 INFO  Executed systemctl&lt;serv_mosq2&gt;, exit status 0
09:05:59 INFO  Executed systemctl&lt;serv_mapper3&gt;, exit status 0
09:06:01 INFO  State of current operation: SUCCESSFUL
09:06:02 INFO  Assert that (False == value) with value=False ... passed
09:06:02 INFO  Assert that (False == value) with value=False ... passed
09:06:02 INFO  Assert that (False == value) with value=False ... passed
09:06:02 INFO  Package robotfindskitten is installed
09:06:02 WARN  Assert that (False == value) with value=True ... failed 
09:06:03 INFO  Response status: 201
09:06:03 INFO  Response to action: {
    "creationTime": "2022-04-21T09:06:03.007Z",
    "deviceName": "mythicc",
    "deviceId": "17501604",
    "self": "https://t493319102.eu-latest.cumulocity.com/devicecontrol/operations/17537487",
    "id": "17537487",
    "status": "PENDING",
    "description": "Apply software changes, triggered from PySys: [{'action': 'install', 'id': '5475369', 'name': 'asciijump', 'url': ' ', 'version': '::apt'}, {'action': 'install', 'id': '5474869', 'name': 'robotfindskitten', 'url': ' ', 'version': '::apt'}, {'action': 'install', 'id': '5475279', 'name': 'squirrel3', 'url': ' ', 'version': '::apt'}]",
    "c8y_SoftwareUpdate": [
        {
            "name": "asciijump",
            "action": "install",
            "id": "5475369",
            "version": "::apt",
            "url": " "
        },
        {
            "name": "robotfindskitten",
            "action": "install",
            "id": "5474869",
            "version": "::apt",
            "url": " "
        },
        {
            "name": "squirrel3",
            "action": "install",
            "id": "5475279",
            "version": "::apt",
            "url": " "
        }
    ]
}
09:06:03 INFO  Started operation: {'creationTime': '2022-04-21T09:06:03.007Z', 'deviceName': 'mythicc', 'deviceId': '17501604', 'self': 'https://t493319102.eu-latest.cumulocity.com/devicecontrol/operations/17537487', 'id': '17537487', 'status': 'PENDING', 'description': "Apply software changes, triggered from PySys: [{'action': 'install', 'id': '5475369', 'name': 'asciijump', 'url': ' ', 'version': '::apt'}, {'action': 'install', 'id': '5474869', 'name': 'robotfindskitten', 'url': ' ', 'version': '::apt'}, {'action': 'install', 'id': '5475279', 'name': 'squirrel3', 'url': ' ', 'version': '::apt'}]", 'c8y_SoftwareUpdate': [{'name': 'asciijump', 'action': 'install', 'id': '5475369', 'version': '::apt', 'url': ' '}, {'name': 'robotfindskitten', 'action': 'install', 'id': '5474869', 'version': '::apt', 'url': ' '}, {'name': 'squirrel3', 'action': 'install', 'id': '5475279', 'version': '::apt', 'url': ' '}]}
09:06:05 INFO  State of operation 17537487 : PENDING
09:06:07 INFO  State of operation 17537487 : EXECUTING
09:06:09 INFO  State of operation 17537487 : EXECUTING
09:06:12 INFO  State of operation 17537487 : EXECUTING
09:06:14 INFO  State of operation 17537487 : EXECUTING
09:06:16 INFO  State of operation 17537487 : EXECUTING
09:06:19 INFO  State of operation 17537487 : EXECUTING
09:06:22 INFO  State of operation 17537487 : EXECUTING
09:06:24 INFO  State of operation 17537487 : EXECUTING
09:06:27 INFO  State of operation 17537487 : EXECUTING
09:06:29 INFO  State of operation 17537487 : EXECUTING
09:06:31 INFO  State of operation 17537487 : EXECUTING
09:06:33 INFO  State of operation 17537487 : EXECUTING
09:06:35 INFO  State of operation 17537487 : EXECUTING
09:06:38 INFO  State of operation 17537487 : EXECUTING
09:06:40 INFO  State of operation 17537487 : EXECUTING
09:06:42 INFO  State of operation 17537487 : EXECUTING
09:06:45 INFO  State of operation 17537487 : EXECUTING
09:06:47 INFO  State of operation 17537487 : EXECUTING
09:06:50 INFO  State of operation 17537487 : EXECUTING
09:06:52 INFO  State of operation 17537487 : EXECUTING
09:06:54 INFO  State of operation 17537487 : EXECUTING
09:06:56 INFO  State of operation 17537487 : EXECUTING
09:06:58 INFO  State of operation 17537487 : EXECUTING
09:07:01 INFO  State of operation 17537487 : EXECUTING
09:07:03 INFO  State of operation 17537487 : EXECUTING
09:07:06 INFO  State of operation 17537487 : EXECUTING
09:07:08 INFO  State of operation 17537487 : EXECUTING
09:07:11 INFO  State of operation 17537487 : EXECUTING
09:07:13 INFO  State of operation 17537487 : EXECUTING
09:07:15 INFO  State of operation 17537487 : EXECUTING
09:07:18 INFO  State of operation 17537487 : EXECUTING
09:07:20 INFO  State of operation 17537487 : EXECUTING
09:07:22 INFO  State of operation 17537487 : EXECUTING
09:07:24 INFO  State of operation 17537487 : SUCCESSFUL
09:07:25 INFO  Assert that (False == value) with value=False ... passed
09:07:25 INFO  Package asciijump is installed
09:07:25 INFO  Assert that (True == value) with value=True ... passed
09:07:25 INFO  Package squirrel3 is installed
09:07:25 INFO  Assert that (True == value) with value=True ... passed
09:07:25 INFO  Package robotfindskitten is installed
09:07:25 INFO  Assert that (True == value) with value=True ... passed
09:07:26 INFO  Response status: 201
09:07:26 INFO  Response to action: {
    "creationTime": "2022-04-21T09:07:26.102Z",
    "deviceName": "mythicc",
    "deviceId": "17501604",
    "self": "https://t493319102.eu-latest.cumulocity.com/devicecontrol/operations/17537495",
    "id": "17537495",
    "status": "PENDING",
    "description": "Apply software changes, triggered from PySys: [{'action': 'delete', 'id': '5475369', 'name': 'asciijump', 'url': ' ', 'version': '::apt'}, {'action': 'delete', 'id': '5474869', 'name': 'robotfindskitten', 'url': ' ', 'version': '::apt'}, {'action': 'delete', 'id': '5475279', 'name': 'squirrel3', 'url': ' ', 'version': '::apt'}]",
    "c8y_SoftwareUpdate": [
        {
            "name": "asciijump",
            "action": "delete",
            "id": "5475369",
            "version": "::apt",
            "url": " "
        },
        {
            "name": "robotfindskitten",
            "action": "delete",
            "id": "5474869",
            "version": "::apt",
            "url": " "
        },
        {
            "name": "squirrel3",
            "action": "delete",
            "id": "5475279",
            "version": "::apt",
            "url": " "
        }
    ]
}
09:07:26 INFO  Started operation: {'creationTime': '2022-04-21T09:07:26.102Z', 'deviceName': 'mythicc', 'deviceId': '17501604', 'self': 'https://t493319102.eu-latest.cumulocity.com/devicecontrol/operations/17537495', 'id': '17537495', 'status': 'PENDING', 'description': "Apply software changes, triggered from PySys: [{'action': 'delete', 'id': '5475369', 'name': 'asciijump', 'url': ' ', 'version': '::apt'}, {'action': 'delete', 'id': '5474869', 'name': 'robotfindskitten', 'url': ' ', 'version': '::apt'}, {'action': 'delete', 'id': '5475279', 'name': 'squirrel3', 'url': ' ', 'version': '::apt'}]", 'c8y_SoftwareUpdate': [{'name': 'asciijump', 'action': 'delete', 'id': '5475369', 'version': '::apt', 'url': ' '}, {'name': 'robotfindskitten', 'action': 'delete', 'id': '5474869', 'version': '::apt', 'url': ' '}, {'name': 'squirrel3', 'action': 'delete', 'id': '5475279', 'version': '::apt', 'url': ' '}]}
09:07:28 INFO  State of operation 17537495 : PENDING
09:07:30 INFO  State of operation 17537495 : EXECUTING
09:07:32 INFO  State of operation 17537495 : EXECUTING
09:07:35 INFO  State of operation 17537495 : EXECUTING
09:07:37 INFO  State of operation 17537495 : EXECUTING
09:07:39 INFO  State of operation 17537495 : EXECUTING
09:07:42 INFO  State of operation 17537495 : EXECUTING
09:07:44 INFO  State of operation 17537495 : EXECUTING
09:07:47 INFO  State of operation 17537495 : EXECUTING
09:07:49 INFO  State of operation 17537495 : EXECUTING
09:07:51 INFO  State of operation 17537495 : EXECUTING
09:07:54 INFO  State of operation 17537495 : EXECUTING
09:07:56 INFO  State of operation 17537495 : EXECUTING
09:07:58 INFO  State of operation 17537495 : EXECUTING
09:08:00 INFO  State of operation 17537495 : EXECUTING
09:08:03 INFO  State of operation 17537495 : EXECUTING
09:08:05 INFO  State of operation 17537495 : EXECUTING
09:08:07 INFO  State of operation 17537495 : EXECUTING
09:08:10 INFO  State of operation 17537495 : EXECUTING
09:08:12 INFO  State of operation 17537495 : EXECUTING
09:08:15 INFO  State of operation 17537495 : EXECUTING
09:08:17 INFO  State of operation 17537495 : EXECUTING
09:08:19 INFO  State of operation 17537495 : EXECUTING
09:08:21 INFO  State of operation 17537495 : EXECUTING
09:08:24 INFO  State of operation 17537495 : EXECUTING
09:08:26 INFO  State of operation 17537495 : EXECUTING
09:08:29 INFO  State of operation 17537495 : EXECUTING
09:08:31 INFO  State of operation 17537495 : EXECUTING
09:08:33 INFO  State of operation 17537495 : EXECUTING
09:08:36 INFO  State of operation 17537495 : SUCCESSFUL
09:08:36 INFO  Assert that (False == value) with value=False ... passed
09:08:36 INFO  Assert that (False == value) with value=False ... passed
09:08:36 INFO  Assert that (False == value) with value=False ... passed
09:08:37 INFO  Assert that (False == value) with value=False ... passed
09:08:37 INFO  
09:08:37 INFO  cleanup:
09:08:41 INFO  Executed sudo&lt;tedge_disconnect_c8y&gt;, exit status 0
09:08:42 INFO  Executed systemctl&lt;serv_mapper5&gt;, exit status 3
09:08:42 INFO  
09:08:42 INFO  Test duration: 186.23 secs
09:08:42 INFO  Test final outcome:  FAILED
09:08:42 INFO  Test outcome reason: Assert that (False == value) with value=True
09:08:42 INFO  
</system-out>
	</testcase>
<testcase classname="PySysTest" name="SoftwareManagement.sm_apt_install_remove_multiple">
		<failure message="FAILED: Assert that (False == value) with value=True (+2 other failures)" type="FAILED" />
		<system-out>09:33:15 INFO  ==============================================================
09:33:15 INFO  Id:    SoftwareManagement.sm_apt_install_remove_multiple
09:33:15 INFO  Dir:   software_management_end_to_end/
09:33:15 INFO  Title: Validate end to end behaviour for the apt plugin for multiple packages
09:33:15 INFO  ==============================================================
09:33:15 INFO  Using sw id database: {'asciijump': '5475369', 'robotfindskitten': '5474869', 'squirrel3': '5475279', 'rolldice': '5152439', 'moon-buggy': '5439204', 'apple': '5495053', 'banana': '5494888', 'cherry': '5495382', 'watermelon': '5494510', 'registry': '8018911', 'hello-world': '8021526', 'docker/getting-started': '8021973', 'alpine': '7991792'}
09:33:15 INFO  EnvironmentC8y Setup
09:33:15 INFO  Executed systemctl&lt;serv_mapper1&gt;, exit status 3
09:33:15 INFO  Restarting mosquitto too frequently in the last 10 seconds. It was only up for 5 seconds
09:33:15 INFO  Delaying execution by 6 seconds
09:33:36 INFO  Executed sudo&lt;tedge_connect_c8y&gt;, exit status 0, duration 14 secs
09:33:36 INFO  Executed sudo&lt;tedge_connect_c8y_test&gt;, exit status 0
09:33:37 INFO  Executed systemctl&lt;serv_mosq2&gt;, exit status 0
09:33:37 INFO  Executed systemctl&lt;serv_mapper3&gt;, exit status 0
09:33:39 INFO  State of current operation: SUCCESSFUL
09:33:40 INFO  Assert that (False == value) with value=False ... passed
09:33:40 INFO  Package asciijump is installed
09:33:40 WARN  Assert that (False == value) with value=True ... failed 
09:33:41 INFO  Package squirrel3 is installed
09:33:41 WARN  Assert that (False == value) with value=True ... failed 
09:33:41 INFO  Package robotfindskitten is installed
09:33:41 WARN  Assert that (False == value) with value=True ... failed 
09:33:41 INFO  Response status: 201
09:33:41 INFO  Response to action: {
    "creationTime": "2022-04-21T09:33:41.495Z",
    "deviceName": "mythicc",
    "deviceId": "17501604",
    "self": "https://t493319102.eu-latest.cumulocity.com/devicecontrol/operations/17537645",
    "id": "17537645",
    "status": "PENDING",
    "description": "Apply software changes, triggered from PySys: [{'action': 'install', 'id': '5475369', 'name': 'asciijump', 'url': ' ', 'version': '::apt'}, {'action': 'install', 'id': '5474869', 'name': 'robotfindskitten', 'url': ' ', 'version': '::apt'}, {'action': 'install', 'id': '5475279', 'name': 'squirrel3', 'url': ' ', 'version': '::apt'}]",
    "c8y_SoftwareUpdate": [
        {
            "name": "asciijump",
            "action": "install",
            "id": "5475369",
            "version": "::apt",
            "url": " "
        },
        {
            "name": "robotfindskitten",
            "action": "install",
            "id": "5474869",
            "version": "::apt",
            "url": " "
        },
        {
            "name": "squirrel3",
            "action": "install",
            "id": "5475279",
            "version": "::apt",
            "url": " "
        }
    ]
}
09:33:41 INFO  Started operation: {'creationTime': '2022-04-21T09:33:41.495Z', 'deviceName': 'mythicc', 'deviceId': '17501604', 'self': 'https://t493319102.eu-latest.cumulocity.com/devicecontrol/operations/17537645', 'id': '17537645', 'status': 'PENDING', 'description': "Apply software changes, triggered from PySys: [{'action': 'install', 'id': '5475369', 'name': 'asciijump', 'url': ' ', 'version': '::apt'}, {'action': 'install', 'id': '5474869', 'name': 'robotfindskitten', 'url': ' ', 'version': '::apt'}, {'action': 'install', 'id': '5475279', 'name': 'squirrel3', 'url': ' ', 'version': '::apt'}]", 'c8y_SoftwareUpdate': [{'name': 'asciijump', 'action': 'install', 'id': '5475369', 'version': '::apt', 'url': ' '}, {'name': 'robotfindskitten', 'action': 'install', 'id': '5474869', 'version': '::apt', 'url': ' '}, {'name': 'squirrel3', 'action': 'install', 'id': '5475279', 'version': '::apt', 'url': ' '}]}
09:33:43 INFO  State of operation 17537645 : PENDING
09:33:45 INFO  State of operation 17537645 : EXECUTING
09:33:48 INFO  State of operation 17537645 : EXECUTING
09:33:50 INFO  State of operation 17537645 : EXECUTING
09:33:52 INFO  State of operation 17537645 : EXECUTING
09:33:54 INFO  State of operation 17537645 : EXECUTING
09:33:57 INFO  State of operation 17537645 : EXECUTING
09:34:00 INFO  State of operation 17537645 : EXECUTING
09:34:03 INFO  State of operation 17537645 : EXECUTING
09:34:05 INFO  State of operation 17537645 : EXECUTING
09:34:08 INFO  State of operation 17537645 : EXECUTING
09:34:10 INFO  State of operation 17537645 : EXECUTING
09:34:12 INFO  State of operation 17537645 : EXECUTING
09:34:14 INFO  State of operation 17537645 : EXECUTING
09:34:17 INFO  State of operation 17537645 : EXECUTING
09:34:19 INFO  State of operation 17537645 : SUCCESSFUL
09:34:19 INFO  Assert that (False == value) with value=False ... passed
09:34:19 INFO  Package asciijump is installed
09:34:19 INFO  Assert that (True == value) with value=True ... passed
09:34:19 INFO  Package squirrel3 is installed
09:34:19 INFO  Assert that (True == value) with value=True ... passed
09:34:20 INFO  Package robotfindskitten is installed
09:34:20 INFO  Assert that (True == value) with value=True ... passed
09:34:20 INFO  Response status: 201
09:34:20 INFO  Response to action: {
    "creationTime": "2022-04-21T09:34:20.422Z",
    "deviceName": "mythicc",
    "deviceId": "17501604",
    "self": "https://t493319102.eu-latest.cumulocity.com/devicecontrol/operations/17537649",
    "id": "17537649",
    "status": "PENDING",
    "description": "Apply software changes, triggered from PySys: [{'action': 'delete', 'id': '5475369', 'name': 'asciijump', 'url': ' ', 'version': '::apt'}, {'action': 'delete', 'id': '5474869', 'name': 'robotfindskitten', 'url': ' ', 'version': '::apt'}, {'action': 'delete', 'id': '5475279', 'name': 'squirrel3', 'url': ' ', 'version': '::apt'}]",
    "c8y_SoftwareUpdate": [
        {
            "name": "asciijump",
            "action": "delete",
            "id": "5475369",
            "version": "::apt",
            "url": " "
        },
        {
            "name": "robotfindskitten",
            "action": "delete",
            "id": "5474869",
            "version": "::apt",
            "url": " "
        },
        {
            "name": "squirrel3",
            "action": "delete",
            "id": "5475279",
            "version": "::apt",
            "url": " "
        }
    ]
}
09:34:20 INFO  Started operation: {'creationTime': '2022-04-21T09:34:20.422Z', 'deviceName': 'mythicc', 'deviceId': '17501604', 'self': 'https://t493319102.eu-latest.cumulocity.com/devicecontrol/operations/17537649', 'id': '17537649', 'status': 'PENDING', 'description': "Apply software changes, triggered from PySys: [{'action': 'delete', 'id': '5475369', 'name': 'asciijump', 'url': ' ', 'version': '::apt'}, {'action': 'delete', 'id': '5474869', 'name': 'robotfindskitten', 'url': ' ', 'version': '::apt'}, {'action': 'delete', 'id': '5475279', 'name': 'squirrel3', 'url': ' ', 'version': '::apt'}]", 'c8y_SoftwareUpdate': [{'name': 'asciijump', 'action': 'delete', 'id': '5475369', 'version': '::apt', 'url': ' '}, {'name': 'robotfindskitten', 'action': 'delete', 'id': '5474869', 'version': '::apt', 'url': ' '}, {'name': 'squirrel3', 'action': 'delete', 'id': '5475279', 'version': '::apt', 'url': ' '}]}
09:34:22 INFO  State of operation 17537649 : PENDING
09:34:24 INFO  State of operation 17537649 : EXECUTING
09:34:27 INFO  State of operation 17537649 : EXECUTING
09:34:29 INFO  State of operation 17537649 : EXECUTING
09:34:31 INFO  State of operation 17537649 : EXECUTING
09:34:33 INFO  State of operation 17537649 : EXECUTING
09:34:36 INFO  State of operation 17537649 : EXECUTING
09:34:39 INFO  State of operation 17537649 : EXECUTING
09:34:41 INFO  State of operation 17537649 : EXECUTING
09:34:44 INFO  State of operation 17537649 : EXECUTING
09:34:46 INFO  State of operation 17537649 : EXECUTING
09:34:48 INFO  State of operation 17537649 : EXECUTING
09:34:50 INFO  State of operation 17537649 : EXECUTING
09:34:52 INFO  State of operation 17537649 : EXECUTING
09:34:55 INFO  State of operation 17537649 : EXECUTING
09:34:57 INFO  State of operation 17537649 : EXECUTING
09:34:59 INFO  State of operation 17537649 : EXECUTING
09:35:02 INFO  State of operation 17537649 : EXECUTING
09:35:04 INFO  State of operation 17537649 : EXECUTING
09:35:07 INFO  State of operation 17537649 : EXECUTING
09:35:09 INFO  State of operation 17537649 : EXECUTING
09:35:11 INFO  State of operation 17537649 : EXECUTING
09:35:14 INFO  State of operation 17537649 : EXECUTING
09:35:16 INFO  State of operation 17537649 : EXECUTING
09:35:18 INFO  State of operation 17537649 : EXECUTING
09:35:21 INFO  State of operation 17537649 : EXECUTING
09:35:23 INFO  State of operation 17537649 : EXECUTING
09:35:25 INFO  State of operation 17537649 : EXECUTING
09:35:28 INFO  State of operation 17537649 : EXECUTING
09:35:30 INFO  State of operation 17537649 : SUCCESSFUL
09:35:30 INFO  Assert that (False == value) with value=False ... passed
09:35:30 INFO  Assert that (False == value) with value=False ... passed
09:35:31 INFO  Assert that (False == value) with value=False ... passed
09:35:31 INFO  Assert that (False == value) with value=False ... passed
09:35:31 INFO  
09:35:31 INFO  cleanup:
09:35:35 INFO  Executed sudo&lt;tedge_disconnect_c8y&gt;, exit status 0
09:35:35 INFO  Executed systemctl&lt;serv_mapper5&gt;, exit status 3
09:35:35 INFO  
09:35:35 INFO  Test duration: 140.78 secs
09:35:35 INFO  Test final outcome:  FAILED
09:35:35 INFO  Test outcome reason: Assert that (False == value) with value=True (+2 other failures)
09:35:35 INFO  
</system-out>
	</testcase>
</testsuite><testsuite name="SoftwareManagement.sm_apt_install_remove_multiple_mixed" tests="3" errors="0" failures="2" skipped="1" time="0"><testcase classname="PySysTest" name="SoftwareManagement.sm_apt_install_remove_multiple_mixed">
		<skipped message="SKIPPED: Testing the apt plugin is not supported on this platform.Use parameter -XmyPlatform='container' to enable it" />
		<system-out>08:33:08 INFO  ==============================================================
08:33:08 INFO  Id:    SoftwareManagement.sm_apt_install_remove_multiple_mixed
08:33:08 INFO  Dir:   software_management_end_to_end/
08:33:08 INFO  Title: Validate end to end behaviour for the apt plugin for multiple packages with mixed versions
08:33:08 INFO  ==============================================================
08:33:08 INFO  Testing the apt plugin is not supported on this platform.Use parameter -XmyPlatform='container' to enable it ... skipped
08:33:08 WARN  Aborted test due to SKIPPED outcome
08:33:08 INFO  
08:33:08 INFO  Test duration: 0.02 secs
08:33:08 INFO  Test final outcome:  SKIPPED
08:33:08 INFO  Test outcome reason: Testing the apt plugin is not supported on this platform.Use parameter -XmyPlatform='container' to enable it
08:33:08 INFO  
</system-out>
	</testcase>
<testcase classname="PySysTest" name="SoftwareManagement.sm_apt_install_remove_multiple_mixed">
		<failure message="BLOCKED: SystemError: Timeout while waiting for status SUCCESSFUL or False" type="BLOCKED" />
		<system-out>09:08:42 INFO  ==============================================================
09:08:42 INFO  Id:    SoftwareManagement.sm_apt_install_remove_multiple_mixed
09:08:42 INFO  Dir:   software_management_end_to_end/
09:08:42 INFO  Title: Validate end to end behaviour for the apt plugin for multiple packages with mixed versions
09:08:42 INFO  ==============================================================
09:08:42 INFO  Using sw id database: {'asciijump': '5475369', 'robotfindskitten': '5474869', 'squirrel3': '5475279', 'rolldice': '5152439', 'moon-buggy': '5439204', 'apple': '5495053', 'banana': '5494888', 'cherry': '5495382', 'watermelon': '5494510', 'registry': '8018911', 'hello-world': '8021526', 'docker/getting-started': '8021973', 'alpine': '7991792'}
09:08:42 INFO  EnvironmentC8y Setup
09:08:42 INFO  Executed systemctl&lt;serv_mapper1&gt;, exit status 3
09:08:42 INFO  Restarting mosquitto too frequently in the last 10 seconds. It was only up for 5 seconds
09:08:42 INFO  Delaying execution by 6 seconds
09:09:03 INFO  Executed sudo&lt;tedge_connect_c8y&gt;, exit status 0, duration 14 secs
09:09:03 INFO  Executed sudo&lt;tedge_connect_c8y_test&gt;, exit status 0
09:09:04 INFO  Executed systemctl&lt;serv_mosq2&gt;, exit status 0
09:09:04 INFO  Executed systemctl&lt;serv_mapper3&gt;, exit status 0
09:09:07 INFO  State of current operation: SUCCESSFUL
09:09:07 INFO  Assert that (False == value) with value=False ... passed
09:09:07 INFO  Assert that (False == value) with value=False ... passed
09:09:07 INFO  Assert that (False == value) with value=False ... passed
09:09:08 INFO  Assert that (False == value) with value=False ... passed
09:09:08 INFO  Assert that (False == value) with value=False ... passed
09:09:09 INFO  Response status: 201
09:09:09 INFO  Response to action: {
    "creationTime": "2022-04-21T09:09:09.497Z",
    "deviceName": "mythicc",
    "deviceId": "17501604",
    "self": "https://t493319102.eu-latest.cumulocity.com/devicecontrol/operations/17537514",
    "id": "17537514",
    "status": "PENDING",
    "description": "Apply software changes, triggered from PySys: [{'action': 'install', 'id': '5475369', 'name': 'asciijump', 'url': ' ', 'version': '::apt'}, {'action': 'install', 'id': '5474869', 'name': 'robotfindskitten', 'url': ' ', 'version': ' '}, {'action': 'install', 'id': '5475279', 'name': 'squirrel3', 'url': ' ', 'version': '3.1-7::apt'}, {'action': 'install', 'id': '5152439', 'name': 'rolldice', 'url': ' ', 'version': '1.16-1+b1'}, {'action': 'install', 'id': '5439204', 'name': 'moon-buggy', 'url': ' ', 'version': '1:1.0.51-12'}, {'action': 'install', 'id': '5475369', 'name': 'asciijump', 'url': ' ', 'version': '::apt'}]",
    "c8y_SoftwareUpdate": [
        {
            "name": "asciijump",
            "action": "install",
            "id": "5475369",
            "version": "::apt",
            "url": " "
        },
        {
            "name": "robotfindskitten",
            "action": "install",
            "id": "5474869",
            "version": " ",
            "url": " "
        },
        {
            "name": "squirrel3",
            "action": "install",
            "id": "5475279",
            "version": "3.1-7::apt",
            "url": " "
        },
        {
            "name": "rolldice",
            "action": "install",
            "id": "5152439",
            "version": "1.16-1+b1",
            "url": " "
        },
        {
            "name": "moon-buggy",
            "action": "install",
            "id": "5439204",
            "version": "1:1.0.51-12",
            "url": " "
        },
        {
            "name": "asciijump",
            "action": "install",
            "id": "5475369",
            "version": "::apt",
            "url": " "
        }
    ]
}
09:09:09 INFO  Started operation: {'creationTime': '2022-04-21T09:09:09.497Z', 'deviceName': 'mythicc', 'deviceId': '17501604', 'self': 'https://t493319102.eu-latest.cumulocity.com/devicecontrol/operations/17537514', 'id': '17537514', 'status': 'PENDING', 'description': "Apply software changes, triggered from PySys: [{'action': 'install', 'id': '5475369', 'name': 'asciijump', 'url': ' ', 'version': '::apt'}, {'action': 'install', 'id': '5474869', 'name': 'robotfindskitten', 'url': ' ', 'version': ' '}, {'action': 'install', 'id': '5475279', 'name': 'squirrel3', 'url': ' ', 'version': '3.1-7::apt'}, {'action': 'install', 'id': '5152439', 'name': 'rolldice', 'url': ' ', 'version': '1.16-1+b1'}, {'action': 'install', 'id': '5439204', 'name': 'moon-buggy', 'url': ' ', 'version': '1:1.0.51-12'}, {'action': 'install', 'id': '5475369', 'name': 'asciijump', 'url': ' ', 'version': '::apt'}]", 'c8y_SoftwareUpdate': [{'name': 'asciijump', 'action': 'install', 'id': '5475369', 'version': '::apt', 'url': ' '}, {'name': 'robotfindskitten', 'action': 'install', 'id': '5474869', 'version': ' ', 'url': ' '}, {'name': 'squirrel3', 'action': 'install', 'id': '5475279', 'version': '3.1-7::apt', 'url': ' '}, {'name': 'rolldice', 'action': 'install', 'id': '5152439', 'version': '1.16-1+b1', 'url': ' '}, {'name': 'moon-buggy', 'action': 'install', 'id': '5439204', 'version': '1:1.0.51-12', 'url': ' '}, {'name': 'asciijump', 'action': 'install', 'id': '5475369', 'version': '::apt', 'url': ' '}]}
09:09:11 INFO  State of operation 17537514 : PENDING
09:09:13 INFO  State of operation 17537514 : EXECUTING
09:09:16 INFO  State of operation 17537514 : EXECUTING
09:09:18 INFO  State of operation 17537514 : EXECUTING
09:09:20 INFO  State of operation 17537514 : EXECUTING
09:09:22 INFO  State of operation 17537514 : EXECUTING
09:09:25 INFO  State of operation 17537514 : EXECUTING
09:09:28 INFO  State of operation 17537514 : EXECUTING
09:09:32 INFO  State of operation 17537514 : EXECUTING
09:09:34 INFO  State of operation 17537514 : EXECUTING
09:09:36 INFO  State of operation 17537514 : EXECUTING
09:09:38 INFO  State of operation 17537514 : EXECUTING
09:09:41 INFO  State of operation 17537514 : EXECUTING
09:09:43 INFO  State of operation 17537514 : EXECUTING
09:09:45 INFO  State of operation 17537514 : EXECUTING
09:09:47 INFO  State of operation 17537514 : EXECUTING
09:09:50 INFO  State of operation 17537514 : EXECUTING
09:09:52 INFO  State of operation 17537514 : EXECUTING
09:09:55 INFO  State of operation 17537514 : EXECUTING
09:09:57 INFO  State of operation 17537514 : EXECUTING
09:09:59 INFO  State of operation 17537514 : EXECUTING
09:10:02 INFO  State of operation 17537514 : EXECUTING
09:10:04 INFO  State of operation 17537514 : EXECUTING
09:10:07 INFO  State of operation 17537514 : EXECUTING
09:10:09 INFO  State of operation 17537514 : EXECUTING
09:10:11 INFO  State of operation 17537514 : EXECUTING
09:10:13 INFO  State of operation 17537514 : EXECUTING
09:10:16 INFO  State of operation 17537514 : EXECUTING
09:10:18 INFO  State of operation 17537514 : EXECUTING
09:10:20 INFO  State of operation 17537514 : EXECUTING
09:10:22 INFO  State of operation 17537514 : EXECUTING
09:10:25 INFO  State of operation 17537514 : EXECUTING
09:10:27 INFO  State of operation 17537514 : EXECUTING
09:10:29 INFO  State of operation 17537514 : EXECUTING
09:10:31 INFO  State of operation 17537514 : EXECUTING
09:10:34 INFO  State of operation 17537514 : EXECUTING
09:10:36 INFO  State of operation 17537514 : EXECUTING
09:10:38 INFO  State of operation 17537514 : EXECUTING
09:10:41 INFO  State of operation 17537514 : EXECUTING
09:10:43 INFO  State of operation 17537514 : EXECUTING
09:10:46 INFO  State of operation 17537514 : EXECUTING
09:10:48 INFO  State of operation 17537514 : EXECUTING
09:10:51 INFO  State of operation 17537514 : EXECUTING
09:10:53 INFO  State of operation 17537514 : EXECUTING
09:10:55 INFO  State of operation 17537514 : EXECUTING
09:10:57 INFO  State of operation 17537514 : EXECUTING
09:11:00 INFO  State of operation 17537514 : EXECUTING
09:11:02 INFO  State of operation 17537514 : EXECUTING
09:11:04 INFO  State of operation 17537514 : EXECUTING
09:11:07 INFO  State of operation 17537514 : EXECUTING
09:11:09 INFO  State of operation 17537514 : EXECUTING
09:11:12 INFO  State of operation 17537514 : EXECUTING
09:11:14 INFO  State of operation 17537514 : EXECUTING
09:11:16 INFO  State of operation 17537514 : EXECUTING
09:11:19 INFO  State of operation 17537514 : EXECUTING
09:11:21 INFO  State of operation 17537514 : EXECUTING
09:11:23 INFO  State of operation 17537514 : EXECUTING
09:11:26 INFO  State of operation 17537514 : EXECUTING
09:11:28 INFO  State of operation 17537514 : EXECUTING
09:11:30 INFO  State of operation 17537514 : EXECUTING
09:11:32 INFO  State of operation 17537514 : EXECUTING
09:11:34 WARN  SystemError occurred while running test - Timeout while waiting for status SUCCESSFUL or False
Traceback (most recent call last):
  File "/home/pi/env-pysys/lib/python3.7/site-packages/pysys/baserunner.py", line 1294, in __call__
    self.testObj.execute()
  File "/home/pi/actions-runner/_work/thin-edge.io/thin-edge.io/tests/PySys/software_management_end_to_end/sm_apt_install_remove_multiple_mixed/run.py", line 89, in execute
    self.wait_until_succcess()
  File "/home/pi/actions-runner/_work/thin-edge.io/thin-edge.io/tests/PySys/software_management_end_to_end/environment_sm_management.py", line 324, in wait_until_succcess
    self.wait_until_status("SUCCESSFUL")
  File "/home/pi/actions-runner/_work/thin-edge.io/thin-edge.io/tests/PySys/software_management_end_to_end/environment_sm_management.py", line 381, in wait_until_status
    "Timeout while waiting for status %s or %s" % (status, status2)
SystemError: Timeout while waiting for status SUCCESSFUL or False
09:11:34 WARN  SystemError: Timeout while waiting for status SUCCESSFUL or False ... blocked 
09:11:34 INFO  
09:11:34 INFO  cleanup:
09:11:39 INFO  Executed sudo&lt;tedge_disconnect_c8y&gt;, exit status 0
09:11:40 INFO  Executed systemctl&lt;serv_mapper5&gt;, exit status 3
09:11:40 INFO  
09:11:40 INFO  Test duration: 177.96 secs
09:11:40 INFO  Test final outcome:  BLOCKED
09:11:40 INFO  Test outcome reason: SystemError: Timeout while waiting for status SUCCESSFUL or False
09:11:40 INFO  
</system-out>
	</testcase>
<testcase classname="PySysTest" name="SoftwareManagement.sm_apt_install_remove_multiple_mixed">
		<failure message="BLOCKED: SystemError: Timeout while waiting for status SUCCESSFUL or False (+1 other failures)" type="BLOCKED" />
		<system-out>09:35:36 INFO  ==============================================================
09:35:36 INFO  Id:    SoftwareManagement.sm_apt_install_remove_multiple_mixed
09:35:36 INFO  Dir:   software_management_end_to_end/
09:35:36 INFO  Title: Validate end to end behaviour for the apt plugin for multiple packages with mixed versions
09:35:36 INFO  ==============================================================
09:35:36 INFO  Using sw id database: {'asciijump': '5475369', 'robotfindskitten': '5474869', 'squirrel3': '5475279', 'rolldice': '5152439', 'moon-buggy': '5439204', 'apple': '5495053', 'banana': '5494888', 'cherry': '5495382', 'watermelon': '5494510', 'registry': '8018911', 'hello-world': '8021526', 'docker/getting-started': '8021973', 'alpine': '7991792'}
09:35:36 INFO  EnvironmentC8y Setup
09:35:36 INFO  Executed systemctl&lt;serv_mapper1&gt;, exit status 3
09:35:36 INFO  Restarting mosquitto too frequently in the last 10 seconds. It was only up for 4 seconds
09:35:36 INFO  Delaying execution by 7 seconds
09:35:58 INFO  Executed sudo&lt;tedge_connect_c8y&gt;, exit status 0, duration 14 secs
09:35:58 INFO  Executed sudo&lt;tedge_connect_c8y_test&gt;, exit status 0
09:35:59 INFO  Executed systemctl&lt;serv_mosq2&gt;, exit status 0
09:35:59 INFO  Executed systemctl&lt;serv_mapper3&gt;, exit status 0
09:36:01 INFO  State of current operation: SUCCESSFUL
09:36:02 INFO  Assert that (False == value) with value=False ... passed
09:36:02 INFO  Assert that (False == value) with value=False ... passed
09:36:02 INFO  Assert that (False == value) with value=False ... passed
09:36:02 INFO  Assert that (False == value) with value=False ... passed
09:36:03 INFO  Package moon-buggy is installed
09:36:03 WARN  Assert that (False == value) with value=True ... failed 
09:36:04 INFO  Response status: 201
09:36:04 INFO  Response to action: {
    "creationTime": "2022-04-21T09:36:04.252Z",
    "deviceName": "mythicc",
    "deviceId": "17501604",
    "self": "https://t493319102.eu-latest.cumulocity.com/devicecontrol/operations/17537678",
    "id": "17537678",
    "status": "PENDING",
    "description": "Apply software changes, triggered from PySys: [{'action': 'install', 'id': '5475369', 'name': 'asciijump', 'url': ' ', 'version': '::apt'}, {'action': 'install', 'id': '5474869', 'name': 'robotfindskitten', 'url': ' ', 'version': ' '}, {'action': 'install', 'id': '5475279', 'name': 'squirrel3', 'url': ' ', 'version': '3.1-7::apt'}, {'action': 'install', 'id': '5152439', 'name': 'rolldice', 'url': ' ', 'version': '1.16-1+b1'}, {'action': 'install', 'id': '5439204', 'name': 'moon-buggy', 'url': ' ', 'version': '1:1.0.51-12'}, {'action': 'install', 'id': '5475369', 'name': 'asciijump', 'url': ' ', 'version': '::apt'}]",
    "c8y_SoftwareUpdate": [
        {
            "name": "asciijump",
            "action": "install",
            "id": "5475369",
            "version": "::apt",
            "url": " "
        },
        {
            "name": "robotfindskitten",
            "action": "install",
            "id": "5474869",
            "version": " ",
            "url": " "
        },
        {
            "name": "squirrel3",
            "action": "install",
            "id": "5475279",
            "version": "3.1-7::apt",
            "url": " "
        },
        {
            "name": "rolldice",
            "action": "install",
            "id": "5152439",
            "version": "1.16-1+b1",
            "url": " "
        },
        {
            "name": "moon-buggy",
            "action": "install",
            "id": "5439204",
            "version": "1:1.0.51-12",
            "url": " "
        },
        {
            "name": "asciijump",
            "action": "install",
            "id": "5475369",
            "version": "::apt",
            "url": " "
        }
    ]
}
09:36:04 INFO  Started operation: {'creationTime': '2022-04-21T09:36:04.252Z', 'deviceName': 'mythicc', 'deviceId': '17501604', 'self': 'https://t493319102.eu-latest.cumulocity.com/devicecontrol/operations/17537678', 'id': '17537678', 'status': 'PENDING', 'description': "Apply software changes, triggered from PySys: [{'action': 'install', 'id': '5475369', 'name': 'asciijump', 'url': ' ', 'version': '::apt'}, {'action': 'install', 'id': '5474869', 'name': 'robotfindskitten', 'url': ' ', 'version': ' '}, {'action': 'install', 'id': '5475279', 'name': 'squirrel3', 'url': ' ', 'version': '3.1-7::apt'}, {'action': 'install', 'id': '5152439', 'name': 'rolldice', 'url': ' ', 'version': '1.16-1+b1'}, {'action': 'install', 'id': '5439204', 'name': 'moon-buggy', 'url': ' ', 'version': '1:1.0.51-12'}, {'action': 'install', 'id': '5475369', 'name': 'asciijump', 'url': ' ', 'version': '::apt'}]", 'c8y_SoftwareUpdate': [{'name': 'asciijump', 'action': 'install', 'id': '5475369', 'version': '::apt', 'url': ' '}, {'name': 'robotfindskitten', 'action': 'install', 'id': '5474869', 'version': ' ', 'url': ' '}, {'name': 'squirrel3', 'action': 'install', 'id': '5475279', 'version': '3.1-7::apt', 'url': ' '}, {'name': 'rolldice', 'action': 'install', 'id': '5152439', 'version': '1.16-1+b1', 'url': ' '}, {'name': 'moon-buggy', 'action': 'install', 'id': '5439204', 'version': '1:1.0.51-12', 'url': ' '}, {'name': 'asciijump', 'action': 'install', 'id': '5475369', 'version': '::apt', 'url': ' '}]}
09:36:06 INFO  State of operation 17537678 : PENDING
09:36:08 INFO  State of operation 17537678 : EXECUTING
09:36:10 INFO  State of operation 17537678 : EXECUTING
09:36:13 INFO  State of operation 17537678 : EXECUTING
09:36:15 INFO  State of operation 17537678 : EXECUTING
09:36:17 INFO  State of operation 17537678 : EXECUTING
09:36:19 INFO  State of operation 17537678 : EXECUTING
09:36:22 INFO  State of operation 17537678 : EXECUTING
09:36:25 INFO  State of operation 17537678 : EXECUTING
09:36:27 INFO  State of operation 17537678 : EXECUTING
09:36:29 INFO  State of operation 17537678 : EXECUTING
09:36:32 INFO  State of operation 17537678 : EXECUTING
09:36:34 INFO  State of operation 17537678 : EXECUTING
09:36:36 INFO  State of operation 17537678 : EXECUTING
09:36:38 INFO  State of operation 17537678 : EXECUTING
09:36:40 INFO  State of operation 17537678 : EXECUTING
09:36:43 INFO  State of operation 17537678 : EXECUTING
09:36:45 INFO  State of operation 17537678 : EXECUTING
09:36:48 INFO  State of operation 17537678 : EXECUTING
09:36:50 INFO  State of operation 17537678 : EXECUTING
09:36:52 INFO  State of operation 17537678 : EXECUTING
09:36:54 INFO  State of operation 17537678 : EXECUTING
09:36:57 INFO  State of operation 17537678 : EXECUTING
09:36:59 INFO  State of operation 17537678 : EXECUTING
09:37:02 INFO  State of operation 17537678 : EXECUTING
09:37:04 INFO  State of operation 17537678 : EXECUTING
09:37:06 INFO  State of operation 17537678 : EXECUTING
09:37:09 INFO  State of operation 17537678 : EXECUTING
09:37:11 INFO  State of operation 17537678 : EXECUTING
09:37:13 INFO  State of operation 17537678 : EXECUTING
09:37:16 INFO  State of operation 17537678 : EXECUTING
09:37:18 INFO  State of operation 17537678 : EXECUTING
09:37:20 INFO  State of operation 17537678 : EXECUTING
09:37:22 INFO  State of operation 17537678 : EXECUTING
09:37:25 INFO  State of operation 17537678 : EXECUTING
09:37:27 INFO  State of operation 17537678 : EXECUTING
09:37:29 INFO  State of operation 17537678 : EXECUTING
09:37:31 INFO  State of operation 17537678 : EXECUTING
09:37:34 INFO  State of operation 17537678 : EXECUTING
09:37:36 INFO  State of operation 17537678 : EXECUTING
09:37:39 INFO  State of operation 17537678 : EXECUTING
09:37:41 INFO  State of operation 17537678 : EXECUTING
09:37:44 INFO  State of operation 17537678 : EXECUTING
09:37:46 INFO  State of operation 17537678 : EXECUTING
09:37:48 INFO  State of operation 17537678 : EXECUTING
09:37:50 INFO  State of operation 17537678 : EXECUTING
09:37:52 INFO  State of operation 17537678 : EXECUTING
09:37:55 INFO  State of operation 17537678 : EXECUTING
09:37:57 INFO  State of operation 17537678 : EXECUTING
09:37:59 INFO  State of operation 17537678 : EXECUTING
09:38:03 INFO  State of operation 17537678 : EXECUTING
09:38:05 INFO  State of operation 17537678 : EXECUTING
09:38:07 INFO  State of operation 17537678 : EXECUTING
09:38:10 INFO  State of operation 17537678 : EXECUTING
09:38:12 INFO  State of operation 17537678 : EXECUTING
09:38:14 INFO  State of operation 17537678 : EXECUTING
09:38:17 INFO  State of operation 17537678 : EXECUTING
09:38:19 INFO  State of operation 17537678 : EXECUTING
09:38:22 INFO  State of operation 17537678 : EXECUTING
09:38:24 INFO  State of operation 17537678 : EXECUTING
09:38:27 INFO  State of operation 17537678 : EXECUTING
09:38:29 WARN  SystemError occurred while running test - Timeout while waiting for status SUCCESSFUL or False
Traceback (most recent call last):
  File "/home/pi/env-pysys/lib/python3.7/site-packages/pysys/baserunner.py", line 1294, in __call__
    self.testObj.execute()
  File "/home/pi/actions-runner/_work/thin-edge.io/thin-edge.io/tests/PySys/software_management_end_to_end/sm_apt_install_remove_multiple_mixed/run.py", line 89, in execute
    self.wait_until_succcess()
  File "/home/pi/actions-runner/_work/thin-edge.io/thin-edge.io/tests/PySys/software_management_end_to_end/environment_sm_management.py", line 324, in wait_until_succcess
    self.wait_until_status("SUCCESSFUL")
  File "/home/pi/actions-runner/_work/thin-edge.io/thin-edge.io/tests/PySys/software_management_end_to_end/environment_sm_management.py", line 381, in wait_until_status
    "Timeout while waiting for status %s or %s" % (status, status2)
SystemError: Timeout while waiting for status SUCCESSFUL or False
09:38:29 WARN  SystemError: Timeout while waiting for status SUCCESSFUL or False ... blocked 
09:38:29 INFO  
09:38:29 INFO  cleanup:
09:38:35 INFO  Executed sudo&lt;tedge_disconnect_c8y&gt;, exit status 0
09:38:36 INFO  Executed systemctl&lt;serv_mapper5&gt;, exit status 3
09:38:36 INFO  
09:38:36 INFO  Test duration: 180.20 secs
09:38:36 INFO  Test final outcome:  BLOCKED
09:38:36 INFO  Test outcome reason: SystemError: Timeout while waiting for status SUCCESSFUL or False (+1 other failures)
09:38:36 INFO  
</system-out>
	</testcase>
</testsuite><testsuite name="SoftwareManagement.sm_apt_install_remove_with_version" tests="3" errors="0" failures="0" skipped="1" time="0"><testcase classname="PySysTest" name="SoftwareManagement.sm_apt_install_remove_with_version">
		<skipped message="SKIPPED: Testing the apt plugin is not supported on this platform.Use parameter -XmyPlatform='container' to enable it" />
		<system-out>08:33:09 INFO  ==============================================================
08:33:09 INFO  Id:    SoftwareManagement.sm_apt_install_remove_with_version
08:33:09 INFO  Dir:   software_management_end_to_end/
08:33:09 INFO  Title: Validate end to end behaviour for the apt plugin for packages with version
08:33:09 INFO  ==============================================================
08:33:09 INFO  Testing the apt plugin is not supported on this platform.Use parameter -XmyPlatform='container' to enable it ... skipped
08:33:09 WARN  Aborted test due to SKIPPED outcome
08:33:09 INFO  
08:33:09 INFO  Test duration: 0.02 secs
08:33:09 INFO  Test final outcome:  SKIPPED
08:33:09 INFO  Test outcome reason: Testing the apt plugin is not supported on this platform.Use parameter -XmyPlatform='container' to enable it
08:33:09 INFO  
</system-out>
	</testcase>
<testcase classname="PySysTest" name="SoftwareManagement.sm_apt_install_remove_with_version" />
<testcase classname="PySysTest" name="SoftwareManagement.sm_apt_install_remove_with_version" />
</testsuite><testsuite name="SoftwareManagement.sm_docker_install_remove_multiple" tests="3" errors="0" failures="0" skipped="1" time="0"><testcase classname="SMDockerInstallRemove" name="SoftwareManagement.sm_docker_install_remove_multiple">
		<skipped message="SKIPPED: Testing the apt plugin is not supported on this platform.Use parameter -XmyPlatform='container' to enable it" />
		<system-out>08:33:09 INFO  ==============================================================
08:33:09 INFO  Id:    SoftwareManagement.sm_docker_install_remove_multiple
08:33:09 INFO  Dir:   software_management_end_to_end/
08:33:09 INFO  Title: Validate end to end behaviour for the docker plugin for multiple docker images with mixed versions
08:33:09 INFO  ==============================================================
08:33:09 INFO  Testing the apt plugin is not supported on this platform.Use parameter -XmyPlatform='container' to enable it ... skipped
08:33:09 WARN  Aborted test due to SKIPPED outcome
08:33:09 INFO  
08:33:09 INFO  Test duration: 0.02 secs
08:33:09 INFO  Test final outcome:  SKIPPED
08:33:09 INFO  Test outcome reason: Testing the apt plugin is not supported on this platform.Use parameter -XmyPlatform='container' to enable it
08:33:09 INFO  
</system-out>
	</testcase>
<testcase classname="SMDockerInstallRemove" name="SoftwareManagement.sm_docker_install_remove_multiple" />
<testcase classname="SMDockerInstallRemove" name="SoftwareManagement.sm_docker_install_remove_multiple" />
</testsuite><testsuite name="SoftwareManagement.sm_fake_install_remove" tests="2" errors="0" failures="0" skipped="1" time="0"><testcase classname="PySysTest" name="SoftwareManagement.sm_fake_install_remove">
		<skipped message="SKIPPED: Testing the fake plugin is not enabled.Use parameter -Xfakeplugin=fakeplugin to enable it" />
		<system-out>08:33:09 INFO  ==============================================================
08:33:09 INFO  Id:    SoftwareManagement.sm_fake_install_remove
08:33:09 INFO  Dir:   software_management_end_to_end/
08:33:09 INFO  Title: Validate end to end behaviour for the dummy plugin for installation and removal of packages
08:33:09 INFO  ==============================================================
08:33:09 INFO  Testing the fake plugin is not enabled.Use parameter -Xfakeplugin=fakeplugin to enable it ... skipped
08:33:09 WARN  Aborted test due to SKIPPED outcome
08:33:09 INFO  
08:33:09 INFO  Test duration: 0.02 secs
08:33:09 INFO  Test final outcome:  SKIPPED
08:33:09 INFO  Test outcome reason: Testing the fake plugin is not enabled.Use parameter -Xfakeplugin=fakeplugin to enable it
08:33:09 INFO  
</system-out>
	</testcase>
<testcase classname="PySysTest" name="SoftwareManagement.sm_fake_install_remove" />
</testsuite><testsuite name="SoftwareManagement.sm_fake_install_remove_multiple" tests="2" errors="0" failures="0" skipped="1" time="0"><testcase classname="PySysTest" name="SoftwareManagement.sm_fake_install_remove_multiple">
		<skipped message="SKIPPED: Testing the fake plugin is not enabled.Use parameter -Xfakeplugin=fakeplugin to enable it" />
		<system-out>08:33:09 INFO  ==============================================================
08:33:09 INFO  Id:    SoftwareManagement.sm_fake_install_remove_multiple
08:33:09 INFO  Dir:   software_management_end_to_end/
08:33:09 INFO  Title: Validate end to end behaviour for the dummy-plugin for multiple packages
08:33:09 INFO  ==============================================================
08:33:09 INFO  Testing the fake plugin is not enabled.Use parameter -Xfakeplugin=fakeplugin to enable it ... skipped
08:33:09 WARN  Aborted test due to SKIPPED outcome
08:33:09 INFO  
08:33:09 INFO  Test duration: 0.02 secs
08:33:09 INFO  Test final outcome:  SKIPPED
08:33:09 INFO  Test outcome reason: Testing the fake plugin is not enabled.Use parameter -Xfakeplugin=fakeplugin to enable it
08:33:09 INFO  
</system-out>
	</testcase>
<testcase classname="PySysTest" name="SoftwareManagement.sm_fake_install_remove_multiple" />
</testsuite><testsuite name="SoftwareManagement.sm_mapper_fail_and_reconnect" tests="2" errors="0" failures="0" skipped="2" time="0"><testcase classname="MapperC8yReceiveLastMessageOnRestart" name="SoftwareManagement.sm_mapper_fail_and_reconnect">
		<skipped message="SKIPPED: instable https://github.com/thin-edge/thin-edge.io/issues/752" />
		<system-out>08:33:09 INFO  ==============================================================
08:33:09 INFO  Id:    SoftwareManagement.sm_mapper_fail_and_reconnect
08:33:09 INFO  Dir:   software_management_end_to_end/
08:33:09 INFO  Title: Validate the tedge-mapper-sm-c8y for receiving the last message on restart
08:33:09 INFO  ==============================================================
08:33:09 INFO  instable https://github.com/thin-edge/thin-edge.io/issues/752 ... skipped
08:33:09 INFO  
08:33:09 INFO  Test duration: 0.02 secs
08:33:09 INFO  Test final outcome:  SKIPPED
08:33:09 INFO  Test outcome reason: instable https://github.com/thin-edge/thin-edge.io/issues/752
08:33:09 INFO  
</system-out>
	</testcase>
<testcase classname="MapperC8yReceiveLastMessageOnRestart" name="SoftwareManagement.sm_mapper_fail_and_reconnect">
		<skipped message="SKIPPED: instable https://github.com/thin-edge/thin-edge.io/issues/752" />
		<system-out>09:45:30 INFO  ==============================================================
09:45:30 INFO  Id:    SoftwareManagement.sm_mapper_fail_and_reconnect
09:45:30 INFO  Dir:   software_management_end_to_end/
09:45:30 INFO  Title: Validate the tedge-mapper-sm-c8y for receiving the last message on restart
09:45:30 INFO  ==============================================================
09:45:30 INFO  instable https://github.com/thin-edge/thin-edge.io/issues/752 ... skipped
09:45:30 INFO  
09:45:30 INFO  Test duration: 0.04 secs
09:45:30 INFO  Test final outcome:  SKIPPED
09:45:30 INFO  Test outcome reason: instable https://github.com/thin-edge/thin-edge.io/issues/752
09:45:30 INFO  
</system-out>
	</testcase>
</testsuite><testsuite name="SoftwareManagement.sm_mixed_install_remove_multiple" tests="2" errors="0" failures="1" skipped="1" time="0"><testcase classname="PySysTest" name="SoftwareManagement.sm_mixed_install_remove_multiple">
		<skipped message="SKIPPED: Testing the fake plugin is not enabled.Use parameter -Xfakeplugin=fakeplugin to enable it" />
		<system-out>08:33:09 INFO  ==============================================================
08:33:09 INFO  Id:    SoftwareManagement.sm_mixed_install_remove_multiple
08:33:09 INFO  Dir:   software_management_end_to_end/
08:33:09 INFO  Title: Validate end to end behaviour for the dummy-plugin for multiple packages with mixed versions
08:33:09 INFO  ==============================================================
08:33:09 INFO  Testing the fake plugin is not enabled.Use parameter -Xfakeplugin=fakeplugin to enable it ... skipped
08:33:09 WARN  Aborted test due to SKIPPED outcome
08:33:09 INFO  
08:33:09 INFO  Test duration: 0.02 secs
08:33:09 INFO  Test final outcome:  SKIPPED
08:33:09 INFO  Test outcome reason: Testing the fake plugin is not enabled.Use parameter -Xfakeplugin=fakeplugin to enable it
08:33:09 INFO  
</system-out>
	</testcase>
<testcase classname="PySysTest" name="SoftwareManagement.sm_mixed_install_remove_multiple">
		<failure message="FAILED: Assert that (False == value) with value=True" type="FAILED" />
		<system-out>09:45:30 INFO  ==============================================================
09:45:30 INFO  Id:    SoftwareManagement.sm_mixed_install_remove_multiple
09:45:30 INFO  Dir:   software_management_end_to_end/
09:45:30 INFO  Title: Validate end to end behaviour for the dummy-plugin for multiple packages with mixed versions
[...]
</testsuite><testsuite name="docker_plugin_remove" tests="2" errors="0" failures="0" skipped="1" time="0"><testcase classname="DockerPluginRemoveTest" name="docker_plugin_remove">
		<skipped message="SKIPPED: Testing the docker plugin is not supported on this platform.To run it, all the test with -XmyPlatform='container'" />
		<system-out>08:23:27 INFO  ==============================================================
08:23:27 INFO  Id:    docker_plugin_remove
08:23:27 INFO  Dir:   plugin_docker/
08:23:27 INFO  Title: Validate docker plugin remove
08:23:27 INFO  ==============================================================
08:23:27 INFO  Testing the docker plugin is not supported on this platform.To run it, all the test with -XmyPlatform='container' ... skipped
08:23:27 WARN  Aborted test due to SKIPPED outcome
08:23:27 INFO  
08:23:27 INFO  Test duration: 0.02 secs
08:23:27 INFO  Test final outcome:  SKIPPED
08:23:27 INFO  Test outcome reason: Testing the docker plugin is not supported on this platform.To run it, all the test with -XmyPlatform='container'
08:23:27 INFO  
</system-out>
	</testcase>
<testcase classname="DockerPluginRemoveTest" name="docker_plugin_remove" />
</testsuite><testsuite name="docker_plugin_remove_with_version" tests="2" errors="0" failures="0" skipped="1" time="0"><testcase classname="DockerPluginRemoveWithVersionTest" name="docker_plugin_remove_with_version">
		<skipped message="SKIPPED: Testing the docker plugin is not supported on this platform.To run it, all the test with -XmyPlatform='container'" />
		<system-out>08:23:27 INFO  ==============================================================
08:23:27 INFO  Id:    docker_plugin_remove_with_version
08:23:27 INFO  Dir:   plugin_docker/
08:23:27 INFO  Title: Validate docker plugin remove with version
08:23:27 INFO  ==============================================================
08:23:27 INFO  Testing the docker plugin is not supported on this platform.To run it, all the test with -XmyPlatform='container' ... skipped
08:23:27 WARN  Aborted test due to SKIPPED outcome
08:23:27 INFO  
08:23:27 INFO  Test duration: 0.02 secs
08:23:27 INFO  Test final outcome:  SKIPPED
08:23:27 INFO  Test outcome reason: Testing the docker plugin is not supported on this platform.To run it, all the test with -XmyPlatform='container'
08:23:27 INFO  
</system-out>
	</testcase>
<testcase classname="DockerPluginRemoveWithVersionTest" name="docker_plugin_remove_with_version" />
</testsuite><testsuite name="docker_plugin_update" tests="2" errors="0" failures="0" skipped="1" time="0"><testcase classname="DockerPluginUpdateTest" name="docker_plugin_update">
		<skipped message="SKIPPED: Testing the docker plugin is not supported on this platform.To run it, all the test with -XmyPlatform='container'" />
		<system-out>08:23:27 INFO  ==============================================================
08:23:27 INFO  Id:    docker_plugin_update
08:23:28 INFO  Dir:   plugin_docker/
08:23:28 INFO  Title: Validate docker plugin install updates existing containers
08:23:28 INFO  ==============================================================
08:23:28 INFO  Testing the docker plugin is not supported on this platform.To run it, all the test with -XmyPlatform='container' ... skipped
08:23:28 WARN  Aborted test due to SKIPPED outcome
08:23:28 INFO  
08:23:28 INFO  Test duration: 0.02 secs
08:23:28 INFO  Test final outcome:  SKIPPED
08:23:28 INFO  Test outcome reason: Testing the docker plugin is not supported on this platform.To run it, all the test with -XmyPlatform='container'
08:23:28 INFO  
</system-out>
	</testcase>
<testcase classname="DockerPluginUpdateTest" name="docker_plugin_update" />
</testsuite><testsuite name="invalid_device_id" tests="1" errors="0" failures="0" skipped="0" time="0"><testcase classname="InvalidDeviceId" name="invalid_device_id" />
</testsuite><testsuite name="local_mqtt_pub_fail_noqos" tests="1" errors="0" failures="0" skipped="0" time="0"><testcase classname="PySysTest" name="local_mqtt_pub_fail_noqos" />
</testsuite><testsuite name="local_mqtt_pub_fail_qos0" tests="1" errors="0" failures="0" skipped="0" time="0"><testcase classname="PySysTest" name="local_mqtt_pub_fail_qos0" />
</testsuite><testsuite name="local_mqtt_pub_fail_qos1" tests="1" errors="0" failures="0" skipped="0" time="0"><testcase classname="PySysTest" name="local_mqtt_pub_fail_qos1" />
</testsuite><testsuite name="local_mqtt_pub_fail_qos2" tests="1" errors="0" failures="0" skipped="0" time="0"><testcase classname="PySysTest" name="local_mqtt_pub_fail_qos2" />
</testsuite><testsuite name="local_mqtt_pub_sub" tests="1" errors="0" failures="0" skipped="0" time="0"><testcase classname="PySysTest" name="local_mqtt_pub_sub" />
</testsuite><testsuite name="local_mqtt_pub_sub_retain" tests="1" errors="0" failures="0" skipped="0" time="0"><testcase classname="MqttPublishWithRetain" name="local_mqtt_pub_sub_retain" />
</testsuite><testsuite name="local_mqtt_pub_sub_with_sudo" tests="1" errors="0" failures="0" skipped="0" time="0"><testcase classname="PySysTest" name="local_mqtt_pub_sub_with_sudo" />
</testsuite><testsuite name="local_mqtt_sub_fail" tests="1" errors="0" failures="0" skipped="0" time="0"><testcase classname="PySysTest" name="local_mqtt_sub_fail" />
</testsuite><testsuite name="log_request_error_messages" tests="1" errors="0" failures="0" skipped="0" time="0"><testcase classname="LogRequestVerifySearchTextError" name="log_request_error_messages" />
</testsuite><testsuite name="log_request_num_lines" tests="1" errors="0" failures="0" skipped="0" time="0"><testcase classname="LogRequestVerifyNumberOfLines" name="log_request_num_lines" />
</testsuite><testsuite name="mapper_awaits_before_reconnect" tests="1" errors="0" failures="0" skipped="0" time="0"><testcase classname="MapperReconnectAwait" name="mapper_awaits_before_reconnect" />
</testsuite><testsuite name="monitoring_smaller_interval" tests="1" errors="0" failures="0" skipped="1" time="0"><testcase classname="MonitoringSmallInterval" name="monitoring_smaller_interval">
		<skipped message="SKIPPED: Fails due to retained message" />
		<system-out>08:23:22 INFO  ==============================================================
08:23:22 INFO  Id:    monitoring_smaller_interval
08:23:22 INFO  Dir:   monitoring/
08:23:22 INFO  Title: Validate the tedge dm agent messages that are produced with smaller sampling interval than the batching window. Here the simulated collectd messages are used
08:23:22 INFO  ==============================================================
08:23:22 INFO  Fails due to retained message ... skipped
08:23:22 INFO  
08:23:22 INFO  Test duration: 0.02 secs
08:23:22 INFO  Test final outcome:  SKIPPED
08:23:22 INFO  Test outcome reason: Fails due to retained message
08:23:22 INFO  
</system-out>
	</testcase>
</testsuite><testsuite name="monitoring_with_collectd" tests="1" errors="0" failures="0" skipped="1" time="0"><testcase classname="MonitoringWithCollectd" name="monitoring_with_collectd">
		<skipped message="SKIPPED: Test execution disabled due to #792 (instable)" />
		<system-out>08:23:22 INFO  ==============================================================
08:23:22 INFO  Id:    monitoring_with_collectd
08:23:22 INFO  Dir:   monitoring/
08:23:22 INFO  Title: Validate tedge dm agent messages that are produced by batching the collectd messages
08:23:22 INFO  ==============================================================
08:23:22 INFO  Test execution disabled due to #792 (instable) ... skipped
08:23:22 INFO  
08:23:22 INFO  Test duration: 0.02 secs
08:23:22 INFO  Test final outcome:  SKIPPED
08:23:22 INFO  Test outcome reason: Test execution disabled due to #792 (instable)
08:23:22 INFO  
</system-out>
	</testcase>
</testsuite><testsuite name="monitoring_with_simulated_messages" tests="1" errors="0" failures="0" skipped="1" time="0"><testcase classname="MonitoringWithSimulatedMessages" name="monitoring_with_simulated_messages">
		<skipped message="SKIPPED: Fails due to retained message" />
		<system-out>08:23:22 INFO  ==============================================================
08:23:22 INFO  Id:    monitoring_with_simulated_messages
08:23:22 INFO  Dir:   monitoring/
08:23:22 INFO  Title: Validate the tedge dm agent messages that are produced from the simulated collectd messages
08:23:22 INFO  ==============================================================
08:23:22 INFO  Fails due to retained message ... skipped
08:23:22 INFO  
08:23:22 INFO  Test duration: 0.02 secs
08:23:22 INFO  Test final outcome:  SKIPPED
08:23:22 INFO  Test outcome reason: Fails due to retained message
08:23:22 INFO  
</system-out>
	</testcase>
</testsuite><testsuite name="mqtt_port_change_connection_fails" tests="1" errors="0" failures="0" skipped="0" time="0"><testcase classname="MqttPortChangeConnectionFails" name="mqtt_port_change_connection_fails" />
</testsuite><testsuite name="mqtt_port_change_connection_works" tests="1" errors="0" failures="0" skipped="1" time="0"><testcase classname="MqttPortChangeConnectionWorks" name="mqtt_port_change_connection_works">
		<skipped message="SKIPPED: failing intermitently" />
		<system-out>08:22:28 INFO  ==============================================================
08:22:28 INFO  Id:    mqtt_port_change_connection_works
08:22:28 INFO  Dir:   misc_features/
08:22:28 INFO  Title: mqtt port change connection works for all the thin-edge services that use the mosquitto broker
08:22:28 INFO  ==============================================================
08:22:28 INFO  failing intermitently ... skipped
08:22:28 INFO  
08:22:28 INFO  Test duration: 0.02 secs
08:22:28 INFO  Test final outcome:  SKIPPED
08:22:28 INFO  Test outcome reason: failing intermitently
08:22:28 INFO  
</system-out>
	</testcase>
</testsuite><testsuite name="mqtt_port_set" tests="1" errors="0" failures="0" skipped="0" time="0"><testcase classname="MqttPortSet" name="mqtt_port_set" />
</testsuite><testsuite name="mqtt_port_unset" tests="1" errors="0" failures="0" skipped="0" time="0"><testcase classname="MqttPortUnSet" name="mqtt_port_unset" />
</testsuite><testsuite name="publish_flux" tests="1" errors="0" failures="0" skipped="0" time="0"><testcase classname="PublishFlux" name="publish_flux" />
</testsuite><testsuite name="publish_sawmill" tests="1" errors="0" failures="0" skipped="0" time="0"><testcase classname="PublishSawmill" name="publish_sawmill" />
</testsuite><testsuite name="pysys_block" tests="1" errors="0" failures="0" skipped="1" time="0"><testcase classname="Fail" name="pysys_block">
		<skipped message="SKIPPED: Enable this to observe a blocking test" />
		<system-out>08:22:50 INFO  ==============================================================
08:22:50 INFO  Id:    pysys_block
08:22:50 INFO  Dir:   misc_features/
08:22:50 INFO  Title: fail
08:22:50 INFO  ==============================================================
08:22:50 INFO  Enable this to observe a blocking test ... skipped
08:22:50 INFO  
08:22:50 INFO  Test duration: 0.04 secs
08:22:50 INFO  Test final outcome:  SKIPPED
08:22:50 INFO  Test outcome reason: Enable this to observe a blocking test
08:22:50 INFO  
</system-out>
	</testcase>
</testsuite><testsuite name="pysys_fail" tests="1" errors="0" failures="0" skipped="1" time="0"><testcase classname="Fail" name="pysys_fail">
		<skipped message="SKIPPED: Enable this to observe a failing test" />
		<system-out>08:22:51 INFO  ==============================================================
08:22:51 INFO  Id:    pysys_fail
08:22:51 INFO  Dir:   misc_features/
08:22:51 INFO  Title: fail
08:22:51 INFO  ==============================================================
08:22:51 INFO  Enable this to observe a failing test ... skipped
08:22:51 INFO  
08:22:51 INFO  Test duration: 0.02 secs
08:22:51 INFO  Test final outcome:  SKIPPED
08:22:51 INFO  Test outcome reason: Enable this to observe a failing test
08:22:51 INFO  
</system-out>
	</testcase>
</testsuite><testsuite name="runtime_start_two_mappers" tests="1" errors="0" failures="0" skipped="0" time="0"><testcase classname="RuntimeMultiMappers" name="runtime_start_two_mappers" />
</testsuite><testsuite name="sm_tedge_mapper_init_session" tests="1" errors="0" failures="0" skipped="0" time="0"><testcase classname="TedgeSMMapperInitSession" name="sm_tedge_mapper_init_session" />
</testsuite><testsuite name="smoketest_json" tests="1" errors="0" failures="0" skipped="0" time="0"><testcase classname="SmokeTestJson" name="smoketest_json" />
</testsuite><testsuite name="smoketest_json_400_samples_10ms" tests="1" errors="0" failures="0" skipped="0" time="0"><testcase classname="SmoketestJson400Samples10ms" name="smoketest_json_400_samples_10ms" />
</testsuite><testsuite name="smoketest_json_400_samples_20ms" tests="1" errors="0" failures="0" skipped="0" time="0"><testcase classname="SmoketestJson400Samples20ms" name="smoketest_json_400_samples_20ms" />
</testsuite><testsuite name="smoketest_smartrest" tests="1" errors="0" failures="0" skipped="0" time="0"><testcase classname="SmoketestSmartRest" name="smoketest_smartrest" />
</testsuite><testsuite name="smoketest_smartrest_400_samples_1Xms" tests="1" errors="0" failures="0" skipped="0" time="0"><testcase classname="SmoketestSmartRest400Samples1Xms" name="smoketest_smartrest_400_samples_1Xms" />
</testsuite><testsuite name="smoketest_smartrest_400_samples_20ms" tests="1" errors="0" failures="0" skipped="0" time="0"><testcase classname="SmoketestSmartRest400Samples20ms" name="smoketest_smartrest_400_samples_20ms" />
</testsuite><testsuite name="tedge_agent_user_sudo_access" tests="1" errors="0" failures="0" skipped="1" time="0"><testcase classname="TedgeAgentUserSudoAccess" name="tedge_agent_user_sudo_access">
		<skipped message="SKIPPED: #955 Observation: Exit code of the apt plugin when called with no arguments" />
		<system-out>08:33:36 INFO  ==============================================================
08:33:36 INFO  Id:    tedge_agent_user_sudo_access
08:33:36 INFO  Dir:   tedge/
08:33:36 INFO  Title: Validate tedge-agent user has a limited sudo right
08:33:36 INFO  ==============================================================
08:33:36 INFO  #955 Observation: Exit code of the apt plugin when called with no arguments ... skipped
08:33:36 INFO  
08:33:36 INFO  Test duration: 0.02 secs
08:33:36 INFO  Test final outcome:  SKIPPED
08:33:36 INFO  Test outcome reason: #955 Observation: Exit code of the apt plugin when called with no arguments
08:33:36 INFO  
</system-out>
	</testcase>
</testsuite><testsuite name="tedge_connect_test_negative" tests="1" errors="0" failures="0" skipped="0" time="0"><testcase classname="TedgeConnectTestNegative" name="tedge_connect_test_negative" />
</testsuite><testsuite name="tedge_connect_test_positive" tests="1" errors="0" failures="0" skipped="0" time="0"><testcase classname="TedgeConnectTestPositive" name="tedge_connect_test_positive" />
</testsuite><testsuite name="tedge_connect_test_sm_services" tests="1" errors="0" failures="0" skipped="0" time="0"><testcase classname="TedgeConnectTestSMServices" name="tedge_connect_test_sm_services" />
</testsuite><testsuite name="tedge_disconnect_test_sm_services" tests="1" errors="0" failures="0" skipped="0" time="0"><testcase classname="TedgeDisConnectTestSMServices" name="tedge_disconnect_test_sm_services" />
</testsuite><testsuite name="tedge_mapper_az_negative" tests="1" errors="0" failures="0" skipped="0" time="0"><testcase classname="TedgeMapperAzError" name="tedge_mapper_az_negative" />
</testsuite><testsuite name="tedge_mapper_az_with_timestamp" tests="1" errors="0" failures="0" skipped="0" time="0"><testcase classname="TedgeMapperAzWithTimestamp" name="tedge_mapper_az_with_timestamp" />
</testsuite><testsuite name="tedge_mapper_az_without_timestamp" tests="1" errors="0" failures="0" skipped="0" time="0"><testcase classname="TedgeMapperAzWithoutTimestamp" name="tedge_mapper_az_without_timestamp" />
</testsuite><testsuite name="tedge_mapper_c8y_alarms" tests="1" errors="0" failures="0" skipped="0" time="0"><testcase classname="TedgeMapperC8yAlarm" name="tedge_mapper_c8y_alarms" />
</testsuite><testsuite name="tedge_mapper_c8y_child_device_measurement" tests="1" errors="0" failures="1" skipped="0" time="0"><testcase classname="TedgeMapperC8yChildDevice" name="tedge_mapper_c8y_child_device_measurement">
		<failure message="BLOCKED: TypeError: 'NoneType' object is not subscriptable (+1 other failures)" type="BLOCKED" />
		<system-out>08:37:58 INFO  ==============================================================
08:37:58 INFO  Id:    tedge_mapper_c8y_child_device_measurement
08:37:58 INFO  Dir:   tedge_mapper_c8y/
08:37:58 INFO  Title: Validate that measurements sent to tedge/measurements/child topic gets mapped as the child device's measurement in Cumulocity
08:37:58 INFO  ==============================================================
08:37:58 INFO  EnvironmentC8y Setup
08:37:58 INFO  Executed systemctl&lt;serv_mapper1&gt;, exit status 3
08:37:58 INFO  Restarting mosquitto too frequently in the last 10 seconds. It was only up for 4 seconds
08:37:58 INFO  Delaying execution by 7 seconds
08:38:19 INFO  Executed sudo&lt;tedge_connect_c8y&gt;, exit status 0, duration 14 secs
08:38:20 INFO  Executed sudo&lt;tedge_connect_c8y_test&gt;, exit status 0
08:38:21 INFO  Executed systemctl&lt;serv_mosq2&gt;, exit status 0
08:38:21 INFO  Executed systemctl&lt;serv_mapper3&gt;, exit status 0
08:38:22 INFO  Assert that (actual == expected) with actual=None, expected=None ... passed
08:38:22 INFO  Executed tedge_pub, exit status 0
08:38:23 INFO  Executed tedge_pub, exit status 0
08:38:23 INFO  Executed tedge_pub, exit status 0
08:38:23 INFO  Executed tedge_pub, exit status 0
08:38:24 INFO  Executed tedge_pub, exit status 0
08:38:26 WARN  TypeError occurred while running test - 'NoneType' object is not subscriptable
Traceback (most recent call last):
  File "/home/pi/env-pysys/lib/python3.7/site-packages/pysys/baserunner.py", line 1296, in __call__
    self.testObj.validate()
  File "/home/pi/actions-runner/_work/thin-edge.io/thin-edge.io/tests/PySys/tedge_mapper_c8y/tedge_mapper_c8y_child_device_measurement/run.py", line 115, in validate
    self.child_device_json["id"], 3
TypeError: 'NoneType' object is not subscriptable
08:38:26 WARN  TypeError: 'NoneType' object is not subscriptable ... blocked 
08:38:26 INFO  
08:38:26 INFO  cleanup:
08:38:26 ERROR Error while running cleanup function: 
Traceback (most recent call last):
  File "/home/pi/env-pysys/lib/python3.7/site-packages/pysys/process/user.py", line 1305, in cleanup
    fn()
  File "/home/pi/actions-runner/_work/thin-edge.io/thin-edge.io/tests/PySys/tedge_mapper_c8y/tedge_mapper_c8y_child_device_measurement/run.py", line 165, in test_cleanup
    self.child_device_json["id"]
TypeError: 'NoneType' object is not subscriptable
08:38:30 INFO  Executed sudo&lt;tedge_disconnect_c8y&gt;, exit status 0
08:38:31 INFO  Executed systemctl&lt;serv_mapper5&gt;, exit status 3
08:38:31 WARN  Cleanup failed with 1 errors: Cleanup function failed: 'NoneType' object is not subscriptable (TypeError) ... blocked 
08:38:31 INFO  
08:38:31 INFO  Test duration: 33.47 secs
08:38:31 INFO  Test final outcome:  BLOCKED
08:38:31 INFO  Test outcome reason: TypeError: 'NoneType' object is not subscriptable (+1 other failures)
08:38:31 INFO  
</system-out>
	</testcase>
</testsuite><testsuite name="tedge_mapper_c8y_packet_threshold_size" tests="1" errors="0" failures="0" skipped="0" time="0"><testcase classname="TedgeMapperC8yThresholdPacketSize" name="tedge_mapper_c8y_packet_threshold_size" />
</testsuite><testsuite name="tedge_software_update" tests="1" errors="0" failures="0" skipped="0" time="0"><testcase classname="PySysTest" name="tedge_software_update" />
</testsuite><testsuite name="valid_device_id" tests="1" errors="0" failures="0" skipped="0" time="0"><testcase classname="ValidateValidDeviceId" name="valid_device_id" />
</testsuite></testsuites>