<?xml version='1.0' encoding='utf-8'?>
<testsuites tests="149" failures="16" errors="0" skipped="54" time="0.0"><testsuite name="SoftwareManagement.Plugin.apama_plugin_install" tests="3" errors="0" failures="2" skipped="1" time="0"><testcase classname="ApamaPluginInstallTest" name="SoftwareManagement.Plugin.apama_plugin_install">
		<skipped message="SKIPPED: Apama plugin tests are disabled by default. Execute `pysys run` with `-XmyPlatform=container` to run these tests" />
		<system-out>08:00:00 INFO  ==============================================================
08:00:00 INFO  Id:    SoftwareManagement.Plugin.apama_plugin_install
08:00:00 INFO  Dir:   plugin_apama/
08:00:00 INFO  Title: Validate apama plugin install
08:00:00 INFO  ==============================================================
08:00:00 INFO  Apama plugin tests are disabled by default. Execute `pysys run` with `-XmyPlatform=container` to run these tests ... skipped
08:00:00 WARN  Aborted test due to SKIPPED outcome
08:00:00 INFO  
08:00:00 INFO  Test duration: 0.05 secs
08:00:00 INFO  Test final outcome:  SKIPPED
08:00:00 INFO  Test outcome reason: Apama plugin tests are disabled by default. Execute `pysys run` with `-XmyPlatform=container` to run these tests
08:00:00 INFO  
</system-out>
	</testcase>
<testcase classname="ApamaPluginInstallTest" name="SoftwareManagement.Plugin.apama_plugin_install">
		<failure message="BLOCKED: sudo&lt;plugin_install&gt; returned non-zero exit code 2" type="BLOCKED" />
		<system-out>08:57:29 INFO  ==============================================================
08:57:29 INFO  Id:    SoftwareManagement.Plugin.apama_plugin_install
08:57:29 INFO  Dir:   plugin_apama/
08:57:29 INFO  Title: Validate apama plugin install
08:57:29 INFO  ==============================================================
08:57:29 INFO  Assertion that path exists=False for "/etc/tedge/apama/project" ... passed
08:57:31 WARN  Executed sudo&lt;plugin_install&gt;, exit status 2
08:57:31 INFO  Contents of plugin_install.err: 
  /opt/softwareag/Apama/bin/apama_env: line 142: /opt/softwareag/Apama/bin/engine_management: cannot execute binary file: Exec format error
  ERROR: Execution of `/opt/softwareag/Apama/bin/apama_env` failed with exit status exit status: 126
  -----

08:57:31 WARN  sudo&lt;plugin_install&gt; returned non-zero exit code 2 ... blocked [run.py:20]
08:57:31 WARN  Aborted test due to BLOCKED outcome
08:57:31 INFO  
08:57:31 INFO  cleanup:
08:57:31 INFO  Removing apama project
08:57:49 INFO  Executed sudo&lt;stop_apama_service&gt;, exit status 0, duration 18 secs
08:57:50 INFO  Executed sudo&lt;remove_apama_project&gt;, exit status 0
08:57:50 INFO  Executed sudo&lt;remove_apama_tmp_dir&gt;, exit status 0
08:57:50 INFO  
08:57:50 INFO  Test duration: 20.99 secs
08:57:50 INFO  Test final outcome:  BLOCKED
08:57:50 INFO  Test outcome reason: sudo&lt;plugin_install&gt; returned non-zero exit code 2
08:57:50 INFO  
</system-out>
	</testcase>
<testcase classname="ApamaPluginInstallTest" name="SoftwareManagement.Plugin.apama_plugin_install">
		<failure message="BLOCKED: sudo&lt;plugin_install&gt; returned non-zero exit code 2" type="BLOCKED" />
		<system-out>09:06:27 INFO  ==============================================================
09:06:27 INFO  Id:    SoftwareManagement.Plugin.apama_plugin_install
09:06:27 INFO  Dir:   plugin_apama/
09:06:27 INFO  Title: Validate apama plugin install
09:06:27 INFO  ==============================================================
09:06:27 INFO  Assertion that path exists=False for "/etc/tedge/apama/project" ... passed
09:06:28 WARN  Executed sudo&lt;plugin_install&gt;, exit status 2
09:06:28 INFO  Contents of plugin_install.err: 
  /opt/softwareag/Apama/bin/apama_env: line 142: /opt/softwareag/Apama/bin/engine_management: cannot execute binary file: Exec format error
  ERROR: Execution of `/opt/softwareag/Apama/bin/apama_env` failed with exit status exit status: 126
  -----

09:06:28 WARN  sudo&lt;plugin_install&gt; returned non-zero exit code 2 ... blocked [run.py:20]
09:06:28 WARN  Aborted test due to BLOCKED outcome
09:06:28 INFO  
09:06:28 INFO  cleanup:
09:06:28 INFO  Removing apama project
09:06:45 INFO  Executed sudo&lt;stop_apama_service&gt;, exit status 0, duration 16 secs
09:06:46 INFO  Executed sudo&lt;remove_apama_project&gt;, exit status 0
09:06:46 INFO  Executed sudo&lt;remove_apama_tmp_dir&gt;, exit status 0
09:06:46 INFO  
09:06:46 INFO  Test duration: 19.65 secs
09:06:46 INFO  Test final outcome:  BLOCKED
09:06:46 INFO  Test outcome reason: sudo&lt;plugin_install&gt; returned non-zero exit code 2
09:06:46 INFO  
</system-out>
	</testcase>
</testsuite><testsuite name="SoftwareManagement.Plugin.apama_plugin_mon_support" tests="3" errors="0" failures="2" skipped="1" time="0"><testcase classname="ApamaPluginMonSupportTest" name="SoftwareManagement.Plugin.apama_plugin_mon_support">
		<skipped message="SKIPPED: Apama plugin tests are disabled by default. Execute `pysys run` with `-XmyPlatform=container` to run these tests" />
		<system-out>08:00:00 INFO  ==============================================================
08:00:00 INFO  Id:    SoftwareManagement.Plugin.apama_plugin_mon_support
08:00:00 INFO  Dir:   plugin_apama/
08:00:00 INFO  Title: Validate mon file support of apama plugin
08:00:00 INFO  ==============================================================
08:00:00 INFO  Apama plugin tests are disabled by default. Execute `pysys run` with `-XmyPlatform=container` to run these tests ... skipped
08:00:00 WARN  Aborted test due to SKIPPED outcome
08:00:00 INFO  
08:00:00 INFO  Test duration: 0.02 secs
08:00:00 INFO  Test final outcome:  SKIPPED
08:00:00 INFO  Test outcome reason: Apama plugin tests are disabled by default. Execute `pysys run` with `-XmyPlatform=container` to run these tests
08:00:00 INFO  
</system-out>
	</testcase>
<testcase classname="ApamaPluginMonSupportTest" name="SoftwareManagement.Plugin.apama_plugin_mon_support">
		<failure message="BLOCKED: sudo&lt;apama_correlator_wait&gt; returned non-zero exit code 126" type="BLOCKED" />
		<system-out>08:57:50 INFO  ==============================================================
08:57:50 INFO  Id:    SoftwareManagement.Plugin.apama_plugin_mon_support
08:57:50 INFO  Dir:   plugin_apama/
08:57:50 INFO  Title: Validate mon file support of apama plugin
08:57:50 INFO  ==============================================================
08:57:50 INFO  Assertion that path exists=False for "/etc/tedge/apama/project" ... passed
08:57:51 INFO  Executed sudo&lt;create_project_dir&gt;, exit status 0
08:57:52 INFO  Executed sudo&lt;unzip_apama_project&gt;, exit status 0
08:57:52 INFO  Executed sudo&lt;move_apama_project&gt;, exit status 0
08:57:53 INFO  Executed sudo&lt;restart_apama_service&gt;, exit status 0
08:57:54 WARN  Executed sudo&lt;apama_correlator_wait&gt;, exit status 126
08:57:54 INFO  Contents of apama_correlator_wait.err: 
  /opt/softwareag/Apama/bin/apama_env: line 142: /opt/softwareag/Apama/bin/component_management: cannot execute binary file: Exec format error
  -----

08:57:54 WARN  sudo&lt;apama_correlator_wait&gt; returned non-zero exit code 126 ... blocked 
08:57:54 WARN  Aborted test due to BLOCKED outcome
08:57:54 INFO  
08:57:54 INFO  cleanup:
08:57:54 INFO  Removing apama project
08:58:09 INFO  Executed sudo&lt;stop_apama_service&gt;, exit status 0, duration 15 secs
08:58:10 INFO  Executed sudo&lt;remove_apama_project&gt;, exit status 0
08:58:10 INFO  Executed sudo&lt;remove_apama_tmp_dir&gt;, exit status 0
08:58:10 INFO  
08:58:10 INFO  Test duration: 19.90 secs
08:58:10 INFO  Test final outcome:  BLOCKED
08:58:10 INFO  Test outcome reason: sudo&lt;apama_correlator_wait&gt; returned non-zero exit code 126
08:58:10 INFO  
</system-out>
	</testcase>
<testcase classname="ApamaPluginMonSupportTest" name="SoftwareManagement.Plugin.apama_plugin_mon_support">
		<failure message="BLOCKED: sudo&lt;apama_correlator_wait&gt; returned non-zero exit code 126" type="BLOCKED" />
		<system-out>09:06:46 INFO  ==============================================================
09:06:46 INFO  Id:    SoftwareManagement.Plugin.apama_plugin_mon_support
09:06:46 INFO  Dir:   plugin_apama/
09:06:46 INFO  Title: Validate mon file support of apama plugin
09:06:46 INFO  ==============================================================
09:06:46 INFO  Assertion that path exists=False for "/etc/tedge/apama/project" ... passed
09:06:47 INFO  Executed sudo&lt;create_project_dir&gt;, exit status 0
09:06:48 INFO  Executed sudo&lt;unzip_apama_project&gt;, exit status 0
09:06:48 INFO  Executed sudo&lt;move_apama_project&gt;, exit status 0
09:06:49 INFO  Executed sudo&lt;restart_apama_service&gt;, exit status 0
09:06:50 WARN  Executed sudo&lt;apama_correlator_wait&gt;, exit status 126
09:06:50 INFO  Contents of apama_correlator_wait.err: 
  /opt/softwareag/Apama/bin/apama_env: line 142: /opt/softwareag/Apama/bin/component_management: cannot execute binary file: Exec format error
  -----

09:06:50 WARN  sudo&lt;apama_correlator_wait&gt; returned non-zero exit code 126 ... blocked 
09:06:50 WARN  Aborted test due to BLOCKED outcome
09:06:50 INFO  
09:06:50 INFO  cleanup:
09:06:50 INFO  Removing apama project
09:07:05 INFO  Executed sudo&lt;stop_apama_service&gt;, exit status 0, duration 15 secs
09:07:06 INFO  Executed sudo&lt;remove_apama_project&gt;, exit status 0
09:07:06 INFO  Executed sudo&lt;remove_apama_tmp_dir&gt;, exit status 0
09:07:06 INFO  
09:07:06 INFO  Test duration: 19.90 secs
09:07:06 INFO  Test final outcome:  BLOCKED
09:07:06 INFO  Test outcome reason: sudo&lt;apama_correlator_wait&gt; returned non-zero exit code 126
09:07:06 INFO  
</system-out>
	</testcase>
</testsuite><testsuite name="SoftwareManagement.Plugin.apama_plugin_remove" tests="3" errors="0" failures="0" skipped="1" time="0"><testcase classname="ApamaPluginRemoveTest" name="SoftwareManagement.Plugin.apama_plugin_remove">
		<skipped message="SKIPPED: Apama plugin tests are disabled by default. Execute `pysys run` with `-XmyPlatform=container` to run these tests" />
		<system-out>08:00:00 INFO  ==============================================================
08:00:00 INFO  Id:    SoftwareManagement.Plugin.apama_plugin_remove
08:00:00 INFO  Dir:   plugin_apama/
08:00:00 INFO  Title: Validate apama plugin remove
08:00:00 INFO  ==============================================================
08:00:00 INFO  Apama plugin tests are disabled by default. Execute `pysys run` with `-XmyPlatform=container` to run these tests ... skipped
08:00:00 WARN  Aborted test due to SKIPPED outcome
08:00:00 INFO  
08:00:00 INFO  Test duration: 0.03 secs
08:00:00 INFO  Test final outcome:  SKIPPED
08:00:00 INFO  Test outcome reason: Apama plugin tests are disabled by default. Execute `pysys run` with `-XmyPlatform=container` to run these tests
08:00:00 INFO  
</system-out>
	</testcase>
<testcase classname="ApamaPluginRemoveTest" name="SoftwareManagement.Plugin.apama_plugin_remove" />
<testcase classname="ApamaPluginRemoveTest" name="SoftwareManagement.Plugin.apama_plugin_remove" />
</testsuite><testsuite name="SoftwareManagement.Plugin.apama_plugin_update" tests="3" errors="0" failures="0" skipped="3" time="0"><testcase classname="ApamaPluginUpdateTest" name="SoftwareManagement.Plugin.apama_plugin_update">
		<skipped message="SKIPPED: Test execution disabled due to #1052" />
		<system-out>08:00:00 INFO  ==============================================================
08:00:00 INFO  Id:    SoftwareManagement.Plugin.apama_plugin_update
08:00:00 INFO  Dir:   plugin_apama/
08:00:00 INFO  Title: Validate apama plugin updating one project with another
08:00:00 INFO  ==============================================================
08:00:00 INFO  Test execution disabled due to #1052 ... skipped
08:00:00 INFO  
08:00:00 INFO  Test duration: 0.03 secs
08:00:00 INFO  Test final outcome:  SKIPPED
08:00:00 INFO  Test outcome reason: Test execution disabled due to #1052
08:00:00 INFO  
</system-out>
	</testcase>
<testcase classname="ApamaPluginUpdateTest" name="SoftwareManagement.Plugin.apama_plugin_update">
		<skipped message="SKIPPED: Test execution disabled due to #1052" />
		<system-out>08:58:29 INFO  ==============================================================
08:58:29 INFO  Id:    SoftwareManagement.Plugin.apama_plugin_update
08:58:29 INFO  Dir:   plugin_apama/
08:58:29 INFO  Title: Validate apama plugin updating one project with another
08:58:29 INFO  ==============================================================
08:58:29 INFO  Test execution disabled due to #1052 ... skipped
08:58:29 INFO  
08:58:29 INFO  Test duration: 0.02 secs
08:58:29 INFO  Test final outcome:  SKIPPED
08:58:29 INFO  Test outcome reason: Test execution disabled due to #1052
08:58:29 INFO  
</system-out>
	</testcase>
<testcase classname="ApamaPluginUpdateTest" name="SoftwareManagement.Plugin.apama_plugin_update">
		<skipped message="SKIPPED: Test execution disabled due to #1052" />
		<system-out>09:07:26 INFO  ==============================================================
09:07:26 INFO  Id:    SoftwareManagement.Plugin.apama_plugin_update
09:07:26 INFO  Dir:   plugin_apama/
09:07:26 INFO  Title: Validate apama plugin updating one project with another
09:07:26 INFO  ==============================================================
09:07:26 INFO  Test execution disabled due to #1052 ... skipped
09:07:26 INFO  
09:07:26 INFO  Test duration: 0.02 secs
09:07:26 INFO  Test final outcome:  SKIPPED
09:07:26 INFO  Test outcome reason: Test execution disabled due to #1052
09:07:26 INFO  
</system-out>
	</testcase>
</testsuite><testsuite name="SoftwareManagement.sm_apt_install_download_path" tests="3" errors="0" failures="2" skipped="1" time="0"><testcase classname="AptInstallWithDownloadPath" name="SoftwareManagement.sm_apt_install_download_path">
		<skipped message="SKIPPED: Testing the apt plugin is not supported on this platform.Use parameter -XmyPlatform='container' to enable it" />
		<system-out>08:10:24 INFO  ==============================================================
08:10:24 INFO  Id:    SoftwareManagement.sm_apt_install_download_path
08:10:24 INFO  Dir:   software_management_end_to_end/
08:10:24 INFO  Title: Install package to directory specified in tedge config set tmp.path
08:10:24 INFO  ==============================================================
08:10:24 INFO  Testing the apt plugin is not supported on this platform.Use parameter -XmyPlatform='container' to enable it ... skipped
08:10:24 WARN  Aborted test due to SKIPPED outcome
08:10:24 INFO  
08:10:24 INFO  Test duration: 0.11 secs
08:10:24 INFO  Test final outcome:  SKIPPED
08:10:24 INFO  Test outcome reason: Testing the apt plugin is not supported on this platform.Use parameter -XmyPlatform='container' to enable it
08:10:24 INFO  
</system-out>
	</testcase>
<testcase classname="AptInstallWithDownloadPath" name="SoftwareManagement.sm_apt_install_download_path">
		<failure message="BLOCKED: AssertionError:" type="BLOCKED" />
		<system-out>08:38:47 INFO  ==============================================================
08:38:47 INFO  Id:    SoftwareManagement.sm_apt_install_download_path
08:38:47 INFO  Dir:   software_management_end_to_end/
08:38:47 INFO  Title: Install package to directory specified in tedge config set tmp.path
08:38:47 INFO  ==============================================================
08:38:47 INFO  Using sw id database: {'asciijump': '5475369', 'robotfindskitten': '5474869', 'squirrel3': '5475279', 'rolldice': '5152439', 'moon-buggy': '5439204', 'apple': '5495053', 'banana': '5494888', 'cherry': '5495382', 'watermelon': '5494510', 'registry': '8018911', 'hello-world': '8021526', 'docker/getting-started': '8021973', 'alpine': '7991792'}
08:38:47 INFO  EnvironmentC8y Setup
08:38:47 INFO  Executed systemctl&lt;serv_mapper1&gt;, exit status 3
08:39:08 INFO  Executed sudo&lt;tedge_connect_c8y&gt;, exit status 0, duration 20 secs
08:39:09 INFO  Executed sudo&lt;tedge_connect_c8y_test&gt;, exit status 0
08:39:09 INFO  Executed systemctl&lt;serv_mosq2&gt;, exit status 0
08:39:10 INFO  Executed systemctl&lt;serv_mapper3&gt;, exit status 0
08:39:12 INFO  State of current operation: SUCCESSFUL
08:39:12 INFO  Assert that (False == value) with value=False ... passed
08:39:13 INFO  Executed sudo, exit status 0
08:39:13 INFO  Executed sudo, exit status 0
08:39:14 INFO  Executed sudo, exit status 0
08:39:20 INFO  Executed sudo&lt;tedge_disconnect_c8y&gt;, exit status 0
08:39:21 INFO  Restarting mosquitto too frequently in the last 10 seconds. It was only up for 4 seconds
08:39:21 INFO  Delaying execution by 7 seconds
08:39:45 INFO  Executed sudo&lt;tedge_connect_c8y&gt;, exit status 0, duration 17 secs
08:39:45 INFO  Response status: 201
08:39:45 INFO  Response to action: {
    "delivery": {
        "time": "2022-05-04T08:39:45.401Z",
        "log": [],
        "status": "PENDING"
    },
    "creationTime": "2022-05-04T08:39:45.385Z",
    "deviceName": "m32sd11e",
    "deviceId": "18334601",
    "self": "https://t493319102.eu-latest.cumulocity.com/devicecontrol/operations/18369954",
    "id": "18369954",
    "status": "PENDING",
    "description": "Apply software changes, triggered from PySys: [{'name': 'rolldice', 'id': '5152439', 'version': '::apt', 'url': 'https://thin-edge-io.eu-latest.cumulocity.com/inventory/binaries/12435463', 'action': 'install'}]",
    "c8y_SoftwareUpdate": [
        {
            "name": "rolldice",
            "action": "install",
            "id": "5152439",
            "version": "::apt",
            "url": "https://thin-edge-io.eu-latest.cumulocity.com/inventory/binaries/12435463"
        }
    ]
}
08:39:45 INFO  Started operation: {'delivery': {'time': '2022-05-04T08:39:45.401Z', 'log': [], 'status': 'PENDING'}, 'creationTime': '2022-05-04T08:39:45.385Z', 'deviceName': 'm32sd11e', 'deviceId': '18334601', 'self': 'https://t493319102.eu-latest.cumulocity.com/devicecontrol/operations/18369954', 'id': '18369954', 'status': 'PENDING', 'description': "Apply software changes, triggered from PySys: [{'name': 'rolldice', 'id': '5152439', 'version': '::apt', 'url': 'https://thin-edge-io.eu-latest.cumulocity.com/inventory/binaries/12435463', 'action': 'install'}]", 'c8y_SoftwareUpdate': [{'name': 'rolldice', 'action': 'install', 'id': '5152439', 'version': '::apt', 'url': 'https://thin-edge-io.eu-latest.cumulocity.com/inventory/binaries/12435463'}]}
08:39:45 WARN  , retrying in 0.5 seconds...
08:39:45 WARN  , retrying in 0.5 seconds...
08:39:46 WARN  , retrying in 0.5 seconds...
08:39:46 WARN  , retrying in 0.5 seconds...
08:39:47 WARN  , retrying in 0.5 seconds...
08:39:47 WARN  , retrying in 0.5 seconds...
08:39:48 WARN  , retrying in 0.5 seconds...
08:39:48 WARN  , retrying in 0.5 seconds...
08:39:49 WARN  , retrying in 0.5 seconds...
08:39:49 WARN  AssertionError occurred while running test - 
Traceback (most recent call last):
  File "/home/pi/env-pysys/lib/python3.9/site-packages/pysys/baserunner.py", line 1294, in __call__
    self.testObj.execute()
  File "/home/pi/actions-runner/_work/thin-edge.io/thin-edge.io/tests/PySys/software_management_end_to_end/sm_apt_install_download_path/run.py", line 83, in execute
    assert_install_in_download_path(install_directory=self.DOWNLOAD_DIR)
  File "/home/pi/env-pysys/lib/python3.9/site-packages/decorator.py", line 232, in fun
    return caller(func, *(extras + args), **kw)
  File "/home/pi/env-pysys/lib/python3.9/site-packages/retry/api.py", line 73, in retry_decorator
    return __retry_internal(partial(f, *args, **kwargs), exceptions, tries, delay, max_delay, backoff, jitter,
  File "/home/pi/env-pysys/lib/python3.9/site-packages/retry/api.py", line 33, in __retry_internal
    return f()
  File "/home/pi/actions-runner/_work/thin-edge.io/thin-edge.io/tests/PySys/software_management_end_to_end/sm_apt_install_download_path/run.py", line 28, in assert_install_in_download_path
    assert "rolldice" in os.listdir(f"{install_directory}")
AssertionError
08:39:50 WARN  AssertionError: ... blocked 
08:39:50 INFO  
08:39:50 INFO  cleanup:
08:39:50 INFO  Executed sudo, exit status 0
08:39:51 INFO  Executed sudo, exit status 0
08:39:57 INFO  Executed sudo&lt;tedge_disconnect_c8y&gt;, exit status 0
08:39:57 INFO  Restarting mosquitto too frequently in the last 10 seconds. It was only up for 5 seconds
08:39:57 INFO  Delaying execution by 6 seconds
08:40:21 INFO  Executed sudo&lt;tedge_connect_c8y&gt;, exit status 0, duration 17 secs
08:40:26 INFO  Executed sudo&lt;tedge_disconnect_c8y&gt;, exit status 0
08:40:27 INFO  Executed systemctl&lt;serv_mapper5&gt;, exit status 3
08:40:27 INFO  
08:40:27 INFO  Test duration: 100.50 secs
08:40:27 INFO  Test final outcome:  BLOCKED
08:40:27 INFO  Test outcome reason: AssertionError:
08:40:27 INFO  
</system-out>
	</testcase>
<testcase classname="AptInstallWithDownloadPath" name="SoftwareManagement.sm_apt_install_download_path">
		<failure message="BLOCKED: AssertionError:" type="BLOCKED" />
		<system-out>09:07:26 INFO  ==============================================================
09:07:26 INFO  Id:    SoftwareManagement.sm_apt_install_download_path
09:07:26 INFO  Dir:   software_management_end_to_end/
09:07:26 INFO  Title: Install package to directory specified in tedge config set tmp.path
09:07:26 INFO  ==============================================================
09:07:27 INFO  Using sw id database: {'asciijump': '5475369', 'robotfindskitten': '5474869', 'squirrel3': '5475279', 'rolldice': '5152439', 'moon-buggy': '5439204', 'apple': '5495053', 'banana': '5494888', 'cherry': '5495382', 'watermelon': '5494510', 'registry': '8018911', 'hello-world': '8021526', 'docker/getting-started': '8021973', 'alpine': '7991792'}
09:07:27 INFO  EnvironmentC8y Setup
09:07:28 INFO  Executed systemctl&lt;serv_mapper1&gt;, exit status 3
09:07:46 INFO  Executed sudo&lt;tedge_connect_c8y&gt;, exit status 0, duration 17 secs
09:07:46 INFO  Executed sudo&lt;tedge_connect_c8y_test&gt;, exit status 0
09:07:47 INFO  Executed systemctl&lt;serv_mosq2&gt;, exit status 0
09:07:47 INFO  Executed systemctl&lt;serv_mapper3&gt;, exit status 0
09:07:50 INFO  State of current operation: SUCCESSFUL
09:07:50 INFO  Assert that (False == value) with value=False ... passed
09:07:51 INFO  Executed sudo, exit status 0
09:07:51 INFO  Executed sudo, exit status 0
09:07:52 INFO  Executed sudo, exit status 0
09:07:57 INFO  Executed sudo&lt;tedge_disconnect_c8y&gt;, exit status 0
09:07:58 INFO  Restarting mosquitto too frequently in the last 10 seconds. It was only up for 4 seconds
09:07:58 INFO  Delaying execution by 7 seconds
09:08:22 INFO  Executed sudo&lt;tedge_connect_c8y&gt;, exit status 0, duration 17 secs
09:08:22 INFO  Response status: 201
09:08:22 INFO  Response to action: {
    "creationTime": "2022-05-04T09:08:22.645Z",
    "deviceName": "m32sd11e",
    "deviceId": "18334601",
    "self": "https://t493319102.eu-latest.cumulocity.com/devicecontrol/operations/18389295",
    "id": "18389295",
    "status": "PENDING",
    "description": "Apply software changes, triggered from PySys: [{'name': 'rolldice', 'id': '5152439', 'version': '::apt', 'url': 'https://thin-edge-io.eu-latest.cumulocity.com/inventory/binaries/12435463', 'action': 'install'}]",
    "c8y_SoftwareUpdate": [
        {
            "name": "rolldice",
            "action": "install",
            "id": "5152439",
            "version": "::apt",
            "url": "https://thin-edge-io.eu-latest.cumulocity.com/inventory/binaries/12435463"
        }
    ]
}
09:08:22 INFO  Started operation: {'creationTime': '2022-05-04T09:08:22.645Z', 'deviceName': 'm32sd11e', 'deviceId': '18334601', 'self': 'https://t493319102.eu-latest.cumulocity.com/devicecontrol/operations/18389295', 'id': '18389295', 'status': 'PENDING', 'description': "Apply software changes, triggered from PySys: [{'name': 'rolldice', 'id': '5152439', 'version': '::apt', 'url': 'https://thin-edge-io.eu-latest.cumulocity.com/inventory/binaries/12435463', 'action': 'install'}]", 'c8y_SoftwareUpdate': [{'name': 'rolldice', 'action': 'install', 'id': '5152439', 'version': '::apt', 'url': 'https://thin-edge-io.eu-latest.cumulocity.com/inventory/binaries/12435463'}]}
09:08:22 WARN  , retrying in 0.5 seconds...
09:08:23 WARN  , retrying in 0.5 seconds...
09:08:23 WARN  , retrying in 0.5 seconds...
09:08:24 WARN  , retrying in 0.5 seconds...
09:08:24 WARN  , retrying in 0.5 seconds...
09:08:25 WARN  , retrying in 0.5 seconds...
09:08:25 WARN  , retrying in 0.5 seconds...
09:08:26 WARN  , retrying in 0.5 seconds...
09:08:26 WARN  , retrying in 0.5 seconds...
09:08:27 WARN  AssertionError occurred while running test - 
Traceback (most recent call last):
  File "/home/pi/env-pysys/lib/python3.9/site-packages/pysys/baserunner.py", line 1294, in __call__
    self.testObj.execute()
  File "/home/pi/actions-runner/_work/thin-edge.io/thin-edge.io/tests/PySys/software_management_end_to_end/sm_apt_install_download_path/run.py", line 83, in execute
    assert_install_in_download_path(install_directory=self.DOWNLOAD_DIR)
  File "/home/pi/env-pysys/lib/python3.9/site-packages/decorator.py", line 232, in fun
    return caller(func, *(extras + args), **kw)
  File "/home/pi/env-pysys/lib/python3.9/site-packages/retry/api.py", line 73, in retry_decorator
    return __retry_internal(partial(f, *args, **kwargs), exceptions, tries, delay, max_delay, backoff, jitter,
  File "/home/pi/env-pysys/lib/python3.9/site-packages/retry/api.py", line 33, in __retry_internal
    return f()
  File "/home/pi/actions-runner/_work/thin-edge.io/thin-edge.io/tests/PySys/software_management_end_to_end/sm_apt_install_download_path/run.py", line 28, in assert_install_in_download_path
    assert "rolldice" in os.listdir(f"{install_directory}")
AssertionError
09:08:27 WARN  AssertionError: ... blocked 
09:08:27 INFO  
09:08:27 INFO  cleanup:
09:08:27 INFO  Executed sudo, exit status 0
09:08:28 INFO  Executed sudo, exit status 0
09:08:34 INFO  Executed sudo&lt;tedge_disconnect_c8y&gt;, exit status 0
09:08:35 INFO  Restarting mosquitto too frequently in the last 10 seconds. It was only up for 5 seconds
09:08:35 INFO  Delaying execution by 6 seconds
09:08:58 INFO  Executed sudo&lt;tedge_connect_c8y&gt;, exit status 0, duration 17 secs
09:09:04 INFO  Executed sudo&lt;tedge_disconnect_c8y&gt;, exit status 0
09:09:05 INFO  Executed systemctl&lt;serv_mapper5&gt;, exit status 3
09:09:05 INFO  
09:09:05 INFO  Test duration: 98.90 secs
09:09:05 INFO  Test final outcome:  BLOCKED
09:09:05 INFO  Test outcome reason: AssertionError:
09:09:05 INFO  
</system-out>
	</testcase>
</testsuite><testsuite name="SoftwareManagement.sm_apt_install_fail" tests="3" errors="0" failures="0" skipped="1" time="0"><testcase classname="PySysTest" name="SoftwareManagement.sm_apt_install_fail">
		<skipped message="SKIPPED: Testing the apt plugin is not supported on this platform.Use parameter -XmyPlatform='container' to enable it" />
		<system-out>08:10:24 INFO  ==============================================================
08:10:24 INFO  Id:    SoftwareManagement.sm_apt_install_fail
08:10:24 INFO  Dir:   software_management_end_to_end/
08:10:24 INFO  Title: Validate end to end behaviour for a failing installation
08:10:24 INFO  ==============================================================
08:10:24 INFO  Testing the apt plugin is not supported on this platform.Use parameter -XmyPlatform='container' to enable it ... skipped
08:10:24 WARN  Aborted test due to SKIPPED outcome
08:10:24 INFO  
08:10:24 INFO  Test duration: 0.02 secs
08:10:24 INFO  Test final outcome:  SKIPPED
08:10:24 INFO  Test outcome reason: Testing the apt plugin is not supported on this platform.Use parameter -XmyPlatform='container' to enable it
08:10:24 INFO  
</system-out>
	</testcase>
<testcase classname="PySysTest" name="SoftwareManagement.sm_apt_install_fail" />
<testcase classname="PySysTest" name="SoftwareManagement.sm_apt_install_fail" />
</testsuite><testsuite name="SoftwareManagement.sm_apt_install_remove" tests="3" errors="0" failures="0" skipped="1" time="0"><testcase classname="PySysTest" name="SoftwareManagement.sm_apt_install_remove">
		<skipped message="SKIPPED: Testing the apt plugin is not supported on this platform.Use parameter -XmyPlatform='container' to enable it" />
		<system-out>08:10:24 INFO  ==============================================================
08:10:24 INFO  Id:    SoftwareManagement.sm_apt_install_remove
08:10:24 INFO  Dir:   software_management_end_to_end/
08:10:24 INFO  Title: Validate end to end behaviour for the apt plugin for installation and removal of packages
08:10:24 INFO  ==============================================================
08:10:24 INFO  Testing the apt plugin is not supported on this platform.Use parameter -XmyPlatform='container' to enable it ... skipped
08:10:24 WARN  Aborted test due to SKIPPED outcome
08:10:24 INFO  
08:10:24 INFO  Test duration: 0.02 secs
08:10:24 INFO  Test final outcome:  SKIPPED
08:10:24 INFO  Test outcome reason: Testing the apt plugin is not supported on this platform.Use parameter -XmyPlatform='container' to enable it
08:10:24 INFO  
</system-out>
	</testcase>
<testcase classname="PySysTest" name="SoftwareManagement.sm_apt_install_remove" />
<testcase classname="PySysTest" name="SoftwareManagement.sm_apt_install_remove" />
</testsuite><testsuite name="SoftwareManagement.sm_apt_install_remove_default" tests="3" errors="0" failures="0" skipped="1" time="0"><testcase classname="PySysTest" name="SoftwareManagement.sm_apt_install_remove_default">
		<skipped message="SKIPPED: Testing the apt plugin is not supported on this platform.Use parameter -XmyPlatform='container' to enable it" />
		<system-out>08:10:24 INFO  ==============================================================
08:10:24 INFO  Id:    SoftwareManagement.sm_apt_install_remove_default
08:10:24 INFO  Dir:   software_management_end_to_end/
08:10:24 INFO  Title: Validate end to end behaviour for the default plugin for installation and removal of packages
08:10:24 INFO  ==============================================================
08:10:24 INFO  Testing the apt plugin is not supported on this platform.Use parameter -XmyPlatform='container' to enable it ... skipped
08:10:24 WARN  Aborted test due to SKIPPED outcome
08:10:24 INFO  
08:10:24 INFO  Test duration: 0.02 secs
08:10:24 INFO  Test final outcome:  SKIPPED
08:10:24 INFO  Test outcome reason: Testing the apt plugin is not supported on this platform.Use parameter -XmyPlatform='container' to enable it
08:10:24 INFO  
</system-out>
	</testcase>
<testcase classname="PySysTest" name="SoftwareManagement.sm_apt_install_remove_default" />
<testcase classname="PySysTest" name="SoftwareManagement.sm_apt_install_remove_default" />
</testsuite><testsuite name="SoftwareManagement.sm_apt_install_remove_multiple" tests="3" errors="0" failures="2" skipped="1" time="0"><testcase classname="PySysTest" name="SoftwareManagement.sm_apt_install_remove_multiple">
		<skipped message="SKIPPED: Testing the apt plugin is not supported on this platform.Use parameter -XmyPlatform='container' to enable it" />
		<system-out>08:10:24 INFO  ==============================================================
08:10:24 INFO  Id:    SoftwareManagement.sm_apt_install_remove_multiple
08:10:24 INFO  Dir:   software_management_end_to_end/
08:10:24 INFO  Title: Validate end to end behaviour for the apt plugin for multiple packages
08:10:24 INFO  ==============================================================
08:10:24 INFO  Testing the apt plugin is not supported on this platform.Use parameter -XmyPlatform='container' to enable it ... skipped
08:10:24 WARN  Aborted test due to SKIPPED outcome
08:10:24 INFO  
08:10:24 INFO  Test duration: 0.02 secs
08:10:24 INFO  Test final outcome:  SKIPPED
08:10:24 INFO  Test outcome reason: Testing the apt plugin is not supported on this platform.Use parameter -XmyPlatform='container' to enable it
08:10:24 INFO  
</system-out>
	</testcase>
<testcase classname="PySysTest" name="SoftwareManagement.sm_apt_install_remove_multiple">
		<failure message="FAILED: Assert that (False == value) with value=True" type="FAILED" />
		<system-out>08:47:57 INFO  ==============================================================
08:47:57 INFO  Id:    SoftwareManagement.sm_apt_install_remove_multiple
08:47:57 INFO  Dir:   software_management_end_to_end/
08:47:57 INFO  Title: Validate end to end behaviour for the apt plugin for multiple packages
08:47:57 INFO  ==============================================================
08:47:57 INFO  Using sw id database: {'asciijump': '5475369', 'robotfindskitten': '5474869', 'squirrel3': '5475279', 'rolldice': '5152439', 'moon-buggy': '5439204', 'apple': '5495053', 'banana': '5494888', 'cherry': '5495382', 'watermelon': '5494510', 'registry': '8018911', 'hello-world': '8021526', 'docker/getting-started': '8021973', 'alpine': '7991792'}
08:47:57 INFO  EnvironmentC8y Setup
08:47:57 INFO  Executed systemctl&lt;serv_mapper1&gt;, exit status 3
08:47:57 INFO  Restarting mosquitto too frequently in the last 10 seconds. It was only up for 6 seconds
08:47:57 INFO  Delaying execution by 5 seconds
08:48:20 INFO  Executed sudo&lt;tedge_connect_c8y&gt;, exit status 0, duration 18 secs
08:48:21 INFO  Executed sudo&lt;tedge_connect_c8y_test&gt;, exit status 0
08:48:22 INFO  Executed systemctl&lt;serv_mosq2&gt;, exit status 0
08:48:22 INFO  Executed systemctl&lt;serv_mapper3&gt;, exit status 0
08:48:24 INFO  State of current operation: SUCCESSFUL
08:48:25 INFO  Assert that (False == value) with value=False ... passed
08:48:25 INFO  Assert that (False == value) with value=False ... passed
08:48:25 INFO  Assert that (False == value) with value=False ... passed
08:48:25 INFO  Package robotfindskitten is installed
08:48:25 WARN  Assert that (False == value) with value=True ... failed 
08:48:26 INFO  Response status: 201
08:48:26 INFO  Response to action: {
    "creationTime": "2022-05-04T08:48:26.026Z",
    "deviceName": "m32sd11e",
    "deviceId": "18334601",
    "self": "https://t493319102.eu-latest.cumulocity.com/devicecontrol/operations/18370029",
    "id": "18370029",
    "status": "PENDING",
    "description": "Apply software changes, triggered from PySys: [{'action': 'install', 'id': '5475369', 'name': 'asciijump', 'url': ' ', 'version': '::apt'}, {'action': 'install', 'id': '5474869', 'name': 'robotfindskitten', 'url': ' ', 'version': '::apt'}, {'action': 'install', 'id': '5475279', 'name': 'squirrel3', 'url': ' ', 'version': '::apt'}]",
    "c8y_SoftwareUpdate": [
        {
            "name": "asciijump",
            "action": "install",
            "id": "5475369",
            "version": "::apt",
            "url": " "
        },
        {
            "name": "robotfindskitten",
            "action": "install",
            "id": "5474869",
            "version": "::apt",
            "url": " "
        },
        {
            "name": "squirrel3",
            "action": "install",
            "id": "5475279",
            "version": "::apt",
            "url": " "
        }
    ]
}
08:48:26 INFO  Started operation: {'creationTime': '2022-05-04T08:48:26.026Z', 'deviceName': 'm32sd11e', 'deviceId': '18334601', 'self': 'https://t493319102.eu-latest.cumulocity.com/devicecontrol/operations/18370029', 'id': '18370029', 'status': 'PENDING', 'description': "Apply software changes, triggered from PySys: [{'action': 'install', 'id': '5475369', 'name': 'asciijump', 'url': ' ', 'version': '::apt'}, {'action': 'install', 'id': '5474869', 'name': 'robotfindskitten', 'url': ' ', 'version': '::apt'}, {'action': 'install', 'id': '5475279', 'name': 'squirrel3', 'url': ' ', 'version': '::apt'}]", 'c8y_SoftwareUpdate': [{'name': 'asciijump', 'action': 'install', 'id': '5475369', 'version': '::apt', 'url': ' '}, {'name': 'robotfindskitten', 'action': 'install', 'id': '5474869', 'version': '::apt', 'url': ' '}, {'name': 'squirrel3', 'action': 'install', 'id': '5475279', 'version': '::apt', 'url': ' '}]}
08:48:28 INFO  State of operation 18370029 : PENDING
08:48:30 INFO  State of operation 18370029 : EXECUTING
08:48:32 INFO  State of operation 18370029 : EXECUTING
08:48:35 INFO  State of operation 18370029 : EXECUTING
08:48:37 INFO  State of operation 18370029 : EXECUTING
08:48:39 INFO  State of operation 18370029 : EXECUTING
08:48:41 INFO  State of operation 18370029 : EXECUTING
08:48:44 INFO  State of operation 18370029 : EXECUTING
08:48:47 INFO  State of operation 18370029 : EXECUTING
08:48:50 INFO  State of operation 18370029 : EXECUTING
08:48:52 INFO  State of operation 18370029 : EXECUTING
08:48:54 INFO  State of operation 18370029 : EXECUTING
08:48:56 INFO  State of operation 18370029 : EXECUTING
08:48:59 INFO  State of operation 18370029 : EXECUTING
08:49:01 INFO  State of operation 18370029 : EXECUTING
08:49:03 INFO  State of operation 18370029 : EXECUTING
08:49:05 INFO  State of operation 18370029 : EXECUTING
08:49:08 INFO  State of operation 18370029 : EXECUTING
08:49:10 INFO  State of operation 18370029 : EXECUTING
08:49:13 INFO  State of operation 18370029 : EXECUTING
08:49:15 INFO  State of operation 18370029 : EXECUTING
08:49:18 INFO  State of operation 18370029 : EXECUTING
08:49:20 INFO  State of operation 18370029 : EXECUTING
08:49:22 INFO  State of operation 18370029 : EXECUTING
08:49:25 INFO  State of operation 18370029 : EXECUTING
08:49:27 INFO  State of operation 18370029 : EXECUTING
08:49:29 INFO  State of operation 18370029 : EXECUTING
08:49:31 INFO  State of operation 18370029 : EXECUTING
08:49:34 INFO  State of operation 18370029 : EXECUTING
08:49:37 INFO  State of operation 18370029 : EXECUTING
08:49:39 INFO  State of operation 18370029 : EXECUTING
08:49:42 INFO  State of operation 18370029 : EXECUTING
08:49:45 INFO  State of operation 18370029 : EXECUTING
08:49:47 INFO  State of operation 18370029 : EXECUTING
08:49:49 INFO  State of operation 18370029 : EXECUTING
08:49:51 INFO  State of operation 18370029 : EXECUTING
08:49:54 INFO  State of operation 18370029 : EXECUTING
08:49:56 INFO  State of operation 18370029 : EXECUTING
08:49:58 INFO  State of operation 18370029 : EXECUTING
08:50:00 INFO  State of operation 18370029 : SUCCESSFUL
08:50:01 INFO  Assert that (False == value) with value=False ... passed
08:50:01 INFO  Package asciijump is installed
08:50:01 INFO  Assert that (True == value) with value=True ... passed
08:50:01 INFO  Package squirrel3 is installed
08:50:01 INFO  Assert that (True == value) with value=True ... passed
08:50:01 INFO  Package robotfindskitten is installed
08:50:01 INFO  Assert that (True == value) with value=True ... passed
08:50:02 INFO  Response status: 201
08:50:02 INFO  Response to action: {
    "creationTime": "2022-05-04T08:50:02.177Z",
    "deviceName": "m32sd11e",
    "deviceId": "18334601",
    "self": "https://t493319102.eu-latest.cumulocity.com/devicecontrol/operations/18370073",
    "id": "18370073",
    "status": "PENDING",
    "description": "Apply software changes, triggered from PySys: [{'action': 'delete', 'id': '5475369', 'name': 'asciijump', 'url': ' ', 'version': '::apt'}, {'action': 'delete', 'id': '5474869', 'name': 'robotfindskitten', 'url': ' ', 'version': '::apt'}, {'action': 'delete', 'id': '5475279', 'name': 'squirrel3', 'url': ' ', 'version': '::apt'}]",
    "c8y_SoftwareUpdate": [
        {
            "name": "asciijump",
            "action": "delete",
            "id": "5475369",
            "version": "::apt",
            "url": " "
        },
        {
            "name": "robotfindskitten",
            "action": "delete",
            "id": "5474869",
            "version": "::apt",
            "url": " "
        },
        {
            "name": "squirrel3",
            "action": "delete",
            "id": "5475279",
            "version": "::apt",
            "url": " "
        }
    ]
}
08:50:02 INFO  Started operation: {'creationTime': '2022-05-04T08:50:02.177Z', 'deviceName': 'm32sd11e', 'deviceId': '18334601', 'self': 'https://t493319102.eu-latest.cumulocity.com/devicecontrol/operations/18370073', 'id': '18370073', 'status': 'PENDING', 'description': "Apply software changes, triggered from PySys: [{'action': 'delete', 'id': '5475369', 'name': 'asciijump', 'url': ' ', 'version': '::apt'}, {'action': 'delete', 'id': '5474869', 'name': 'robotfindskitten', 'url': ' ', 'version': '::apt'}, {'action': 'delete', 'id': '5475279', 'name': 'squirrel3', 'url': ' ', 'version': '::apt'}]", 'c8y_SoftwareUpdate': [{'name': 'asciijump', 'action': 'delete', 'id': '5475369', 'version': '::apt', 'url': ' '}, {'name': 'robotfindskitten', 'action': 'delete', 'id': '5474869', 'version': '::apt', 'url': ' '}, {'name': 'squirrel3', 'action': 'delete', 'id': '5475279', 'version': '::apt', 'url': ' '}]}
08:50:04 INFO  State of operation 18370073 : PENDING
08:50:06 INFO  State of operation 18370073 : EXECUTING
08:50:08 INFO  State of operation 18370073 : EXECUTING
08:50:11 INFO  State of operation 18370073 : EXECUTING
08:50:13 INFO  State of operation 18370073 : EXECUTING
08:50:15 INFO  State of operation 18370073 : EXECUTING
08:50:17 INFO  State of operation 18370073 : EXECUTING
08:50:20 INFO  State of operation 18370073 : EXECUTING
08:50:23 INFO  State of operation 18370073 : EXECUTING
08:50:25 INFO  State of operation 18370073 : EXECUTING
08:50:27 INFO  State of operation 18370073 : EXECUTING
08:50:29 INFO  State of operation 18370073 : EXECUTING
08:50:32 INFO  State of operation 18370073 : EXECUTING
08:50:34 INFO  State of operation 18370073 : EXECUTING
08:50:36 INFO  State of operation 18370073 : EXECUTING
08:50:38 INFO  State of operation 18370073 : EXECUTING
08:50:41 INFO  State of operation 18370073 : EXECUTING
08:50:43 INFO  State of operation 18370073 : EXECUTING
08:50:45 INFO  State of operation 18370073 : EXECUTING
08:50:48 INFO  State of operation 18370073 : EXECUTING
08:50:50 INFO  State of operation 18370073 : EXECUTING
08:50:53 INFO  State of operation 18370073 : EXECUTING
08:50:55 INFO  State of operation 18370073 : EXECUTING
08:50:57 INFO  State of operation 18370073 : EXECUTING
08:50:59 INFO  State of operation 18370073 : EXECUTING
08:51:01 INFO  State of operation 18370073 : EXECUTING
08:51:04 INFO  State of operation 18370073 : EXECUTING
08:51:06 INFO  State of operation 18370073 : EXECUTING
08:51:09 INFO  State of operation 18370073 : EXECUTING
08:51:11 INFO  State of operation 18370073 : EXECUTING
08:51:13 INFO  State of operation 18370073 : EXECUTING
08:51:16 INFO  State of operation 18370073 : EXECUTING
08:51:18 INFO  State of operation 18370073 : SUCCESSFUL
08:51:18 INFO  Assert that (False == value) with value=False ... passed
08:51:18 INFO  Assert that (False == value) with value=False ... passed
08:51:19 INFO  Assert that (False == value) with value=False ... passed
08:51:19 INFO  Assert that (False == value) with value=False ... passed
08:51:19 INFO  
08:51:19 INFO  cleanup:
08:51:25 INFO  Executed sudo&lt;tedge_disconnect_c8y&gt;, exit status 0
08:51:25 INFO  Executed systemctl&lt;serv_mapper5&gt;, exit status 3
08:51:25 INFO  
08:51:25 INFO  Test duration: 208.56 secs
08:51:25 INFO  Test final outcome:  FAILED
08:51:25 INFO  Test outcome reason: Assert that (False == value) with value=True
08:51:25 INFO  
</system-out>
	</testcase>
<testcase classname="PySysTest" name="SoftwareManagement.sm_apt_install_remove_multiple">
		<failure message="FAILED: Assert that (False == value) with value=True (+2 other failures)" type="FAILED" />
		<system-out>09:17:19 INFO  ==============================================================
09:17:19 INFO  Id:    SoftwareManagement.sm_apt_install_remove_multiple
09:17:19 INFO  Dir:   software_management_end_to_end/
09:17:19 INFO  Title: Validate end to end behaviour for the apt plugin for multiple packages
09:17:19 INFO  ==============================================================
09:17:19 INFO  Using sw id database: {'asciijump': '5475369', 'robotfindskitten': '5474869', 'squirrel3': '5475279', 'rolldice': '5152439', 'moon-buggy': '5439204', 'apple': '5495053', 'banana': '5494888', 'cherry': '5495382', 'watermelon': '5494510', 'registry': '8018911', 'hello-world': '8021526', 'docker/getting-started': '8021973', 'alpine': '7991792'}
09:17:19 INFO  EnvironmentC8y Setup
09:17:20 INFO  Executed systemctl&lt;serv_mapper1&gt;, exit status 3
09:17:20 INFO  Restarting mosquitto too frequently in the last 10 seconds. It was only up for 6 seconds
09:17:20 INFO  Delaying execution by 5 seconds
09:17:43 INFO  Executed sudo&lt;tedge_connect_c8y&gt;, exit status 0, duration 17 secs
09:17:43 INFO  Executed sudo&lt;tedge_connect_c8y_test&gt;, exit status 0
09:17:44 INFO  Executed systemctl&lt;serv_mosq2&gt;, exit status 0
09:17:44 INFO  Executed systemctl&lt;serv_mapper3&gt;, exit status 0
09:17:46 INFO  State of current operation: SUCCESSFUL
09:17:47 INFO  Assert that (False == value) with value=False ... passed
09:17:47 INFO  Package asciijump is installed
09:17:47 WARN  Assert that (False == value) with value=True ... failed 
09:17:48 INFO  Package squirrel3 is installed
09:17:48 WARN  Assert that (False == value) with value=True ... failed 
09:17:48 INFO  Package robotfindskitten is installed
09:17:48 WARN  Assert that (False == value) with value=True ... failed 
09:17:48 INFO  Response status: 201
09:17:48 INFO  Response to action: {
    "creationTime": "2022-05-04T09:17:48.499Z",
    "deviceName": "m32sd11e",
    "deviceId": "18334601",
    "self": "https://t493319102.eu-latest.cumulocity.com/devicecontrol/operations/18389445",
    "id": "18389445",
    "status": "PENDING",
    "description": "Apply software changes, triggered from PySys: [{'action': 'install', 'id': '5475369', 'name': 'asciijump', 'url': ' ', 'version': '::apt'}, {'action': 'install', 'id': '5474869', 'name': 'robotfindskitten', 'url': ' ', 'version': '::apt'}, {'action': 'install', 'id': '5475279', 'name': 'squirrel3', 'url': ' ', 'version': '::apt'}]",
    "c8y_SoftwareUpdate": [
        {
            "name": "asciijump",
            "action": "install",
            "id": "5475369",
            "version": "::apt",
            "url": " "
        },
        {
            "name": "robotfindskitten",
            "action": "install",
            "id": "5474869",
            "version": "::apt",
            "url": " "
        },
        {
            "name": "squirrel3",
            "action": "install",
            "id": "5475279",
            "version": "::apt",
            "url": " "
        }
    ]
}
09:17:48 INFO  Started operation: {'creationTime': '2022-05-04T09:17:48.499Z', 'deviceName': 'm32sd11e', 'deviceId': '18334601', 'self': 'https://t493319102.eu-latest.cumulocity.com/devicecontrol/operations/18389445', 'id': '18389445', 'status': 'PENDING', 'description': "Apply software changes, triggered from PySys: [{'action': 'install', 'id': '5475369', 'name': 'asciijump', 'url': ' ', 'version': '::apt'}, {'action': 'install', 'id': '5474869', 'name': 'robotfindskitten', 'url': ' ', 'version': '::apt'}, {'action': 'install', 'id': '5475279', 'name': 'squirrel3', 'url': ' ', 'version': '::apt'}]", 'c8y_SoftwareUpdate': [{'name': 'asciijump', 'action': 'install', 'id': '5475369', 'version': '::apt', 'url': ' '}, {'name': 'robotfindskitten', 'action': 'install', 'id': '5474869', 'version': '::apt', 'url': ' '}, {'name': 'squirrel3', 'action': 'install', 'id': '5475279', 'version': '::apt', 'url': ' '}]}
09:17:50 INFO  State of operation 18389445 : PENDING
09:17:53 INFO  State of operation 18389445 : EXECUTING
09:17:55 INFO  State of operation 18389445 : EXECUTING
09:17:57 INFO  State of operation 18389445 : EXECUTING
09:17:59 INFO  State of operation 18389445 : EXECUTING
09:18:01 INFO  State of operation 18389445 : EXECUTING
09:18:04 INFO  State of operation 18389445 : EXECUTING
09:18:06 INFO  State of operation 18389445 : EXECUTING
09:18:09 INFO  State of operation 18389445 : EXECUTING
09:18:12 INFO  State of operation 18389445 : EXECUTING
09:18:14 INFO  State of operation 18389445 : EXECUTING
09:18:17 INFO  State of operation 18389445 : EXECUTING
09:18:19 INFO  State of operation 18389445 : EXECUTING
09:18:21 INFO  State of operation 18389445 : EXECUTING
09:18:23 INFO  State of operation 18389445 : EXECUTING
09:18:25 INFO  State of operation 18389445 : EXECUTING
09:18:28 INFO  State of operation 18389445 : EXECUTING
09:18:30 INFO  State of operation 18389445 : SUCCESSFUL
09:18:30 INFO  Assert that (False == value) with value=False ... passed
09:18:30 INFO  Package asciijump is installed
09:18:30 INFO  Assert that (True == value) with value=True ... passed
09:18:31 INFO  Package squirrel3 is installed
09:18:31 INFO  Assert that (True == value) with value=True ... passed
09:18:31 INFO  Package robotfindskitten is installed
09:18:31 INFO  Assert that (True == value) with value=True ... passed
09:18:31 INFO  Response status: 201
09:18:31 INFO  Response to action: {
    "creationTime": "2022-05-04T09:18:31.626Z",
    "deviceName": "m32sd11e",
    "deviceId": "18334601",
    "self": "https://t493319102.eu-latest.cumulocity.com/devicecontrol/operations/18389453",
    "id": "18389453",
    "status": "PENDING",
    "description": "Apply software changes, triggered from PySys: [{'action': 'delete', 'id': '5475369', 'name': 'asciijump', 'url': ' ', 'version': '::apt'}, {'action': 'delete', 'id': '5474869', 'name': 'robotfindskitten', 'url': ' ', 'version': '::apt'}, {'action': 'delete', 'id': '5475279', 'name': 'squirrel3', 'url': ' ', 'version': '::apt'}]",
    "c8y_SoftwareUpdate": [
        {
            "name": "asciijump",
            "action": "delete",
            "id": "5475369",
            "version": "::apt",
            "url": " "
        },
        {
            "name": "robotfindskitten",
            "action": "delete",
            "id": "5474869",
            "version": "::apt",
            "url": " "
        },
        {
            "name": "squirrel3",
            "action": "delete",
            "id": "5475279",
            "version": "::apt",
            "url": " "
        }
    ]
}
09:18:31 INFO  Started operation: {'creationTime': '2022-05-04T09:18:31.626Z', 'deviceName': 'm32sd11e', 'deviceId': '18334601', 'self': 'https://t493319102.eu-latest.cumulocity.com/devicecontrol/operations/18389453', 'id': '18389453', 'status': 'PENDING', 'description': "Apply software changes, triggered from PySys: [{'action': 'delete', 'id': '5475369', 'name': 'asciijump', 'url': ' ', 'version': '::apt'}, {'action': 'delete', 'id': '5474869', 'name': 'robotfindskitten', 'url': ' ', 'version': '::apt'}, {'action': 'delete', 'id': '5475279', 'name': 'squirrel3', 'url': ' ', 'version': '::apt'}]", 'c8y_SoftwareUpdate': [{'name': 'asciijump', 'action': 'delete', 'id': '5475369', 'version': '::apt', 'url': ' '}, {'name': 'robotfindskitten', 'action': 'delete', 'id': '5474869', 'version': '::apt', 'url': ' '}, {'name': 'squirrel3', 'action': 'delete', 'id': '5475279', 'version': '::apt', 'url': ' '}]}
09:18:33 INFO  State of operation 18389453 : PENDING
09:18:36 INFO  State of operation 18389453 : EXECUTING
09:18:38 INFO  State of operation 18389453 : EXECUTING
09:18:40 INFO  State of operation 18389453 : EXECUTING
09:18:42 INFO  State of operation 18389453 : EXECUTING
09:18:45 INFO  State of operation 18389453 : EXECUTING
09:18:47 INFO  State of operation 18389453 : EXECUTING
09:18:50 INFO  State of operation 18389453 : EXECUTING
09:18:52 INFO  State of operation 18389453 : EXECUTING
09:18:55 INFO  State of operation 18389453 : EXECUTING
09:18:57 INFO  State of operation 18389453 : EXECUTING
09:18:59 INFO  State of operation 18389453 : EXECUTING
09:19:01 INFO  State of operation 18389453 : EXECUTING
09:19:04 INFO  State of operation 18389453 : EXECUTING
09:19:06 INFO  State of operation 18389453 : EXECUTING
09:19:08 INFO  State of operation 18389453 : EXECUTING
09:19:10 INFO  State of operation 18389453 : EXECUTING
09:19:13 INFO  State of operation 18389453 : EXECUTING
09:19:15 INFO  State of operation 18389453 : EXECUTING
09:19:17 INFO  State of operation 18389453 : EXECUTING
09:19:19 INFO  State of operation 18389453 : EXECUTING
09:19:22 INFO  State of operation 18389453 : EXECUTING
09:19:24 INFO  State of operation 18389453 : EXECUTING
09:19:27 INFO  State of operation 18389453 : EXECUTING
09:19:29 INFO  State of operation 18389453 : EXECUTING
09:19:31 INFO  State of operation 18389453 : EXECUTING
09:19:33 INFO  State of operation 18389453 : EXECUTING
09:19:36 INFO  State of operation 18389453 : EXECUTING
09:19:38 INFO  State of operation 18389453 : EXECUTING
09:19:41 INFO  State of operation 18389453 : EXECUTING
09:19:43 INFO  State of operation 18389453 : EXECUTING
09:19:45 INFO  State of operation 18389453 : EXECUTING
09:19:48 INFO  State of operation 18389453 : EXECUTING
09:19:50 INFO  State of operation 18389453 : SUCCESSFUL
09:19:50 INFO  Assert that (False == value) with value=False ... passed
09:19:50 INFO  Assert that (False == value) with value=False ... passed
09:19:51 INFO  Assert that (False == value) with value=False ... passed
09:19:51 INFO  Assert that (False == value) with value=False ... passed
09:19:51 INFO  
09:19:51 INFO  cleanup:
09:19:58 INFO  Executed sudo&lt;tedge_disconnect_c8y&gt;, exit status 0
09:19:58 INFO  Executed systemctl&lt;serv_mapper5&gt;, exit status 3
09:19:58 INFO  
09:19:58 INFO  Test duration: 158.86 secs
09:19:58 INFO  Test final outcome:  FAILED
09:19:58 INFO  Test outcome reason: Assert that (False == value) with value=True (+2 other failures)
09:19:58 INFO  
</system-out>
	</testcase>
</testsuite><testsuite name="SoftwareManagement.sm_apt_install_remove_multiple_mixed" tests="3" errors="0" failures="2" skipped="1" time="0"><testcase classname="PySysTest" name="SoftwareManagement.sm_apt_install_remove_multiple_mixed">
		<skipped message="SKIPPED: Testing the apt plugin is not supported on this platform.Use parameter -XmyPlatform='container' to enable it" />
		<system-out>08:10:24 INFO  ==============================================================
08:10:24 INFO  Id:    SoftwareManagement.sm_apt_install_remove_multiple_mixed
08:10:24 INFO  Dir:   software_management_end_to_end/
08:10:24 INFO  Title: Validate end to end behaviour for the apt plugin for multiple packages with mixed versions
08:10:24 INFO  ==============================================================
08:10:24 INFO  Testing the apt plugin is not supported on this platform.Use parameter -XmyPlatform='container' to enable it ... skipped
08:10:24 WARN  Aborted test due to SKIPPED outcome
08:10:24 INFO  
08:10:24 INFO  Test duration: 0.03 secs
08:10:24 INFO  Test final outcome:  SKIPPED
08:10:24 INFO  Test outcome reason: Testing the apt plugin is not supported on this platform.Use parameter -XmyPlatform='container' to enable it
08:10:24 INFO  
</system-out>
	</testcase>
<testcase classname="PySysTest" name="SoftwareManagement.sm_apt_install_remove_multiple_mixed">
		<failure message="BLOCKED: SystemError: Timeout while waiting for status SUCCESSFUL or False" type="BLOCKED" />
		<system-out>08:51:25 INFO  ==============================================================
08:51:25 INFO  Id:    SoftwareManagement.sm_apt_install_remove_multiple_mixed
08:51:25 INFO  Dir:   software_management_end_to_end/
08:51:25 INFO  Title: Validate end to end behaviour for the apt plugin for multiple packages with mixed versions
08:51:25 INFO  ==============================================================
08:51:25 INFO  Using sw id database: {'asciijump': '5475369', 'robotfindskitten': '5474869', 'squirrel3': '5475279', 'rolldice': '5152439', 'moon-buggy': '5439204', 'apple': '5495053', 'banana': '5494888', 'cherry': '5495382', 'watermelon': '5494510', 'registry': '8018911', 'hello-world': '8021526', 'docker/getting-started': '8021973', 'alpine': '7991792'}
08:51:25 INFO  EnvironmentC8y Setup
08:51:26 INFO  Executed systemctl&lt;serv_mapper1&gt;, exit status 3
08:51:26 INFO  Restarting mosquitto too frequently in the last 10 seconds. It was only up for 6 seconds
08:51:26 INFO  Delaying execution by 5 seconds
08:51:49 INFO  Executed sudo&lt;tedge_connect_c8y&gt;, exit status 0, duration 17 secs
08:51:49 INFO  Executed sudo&lt;tedge_connect_c8y_test&gt;, exit status 0
08:51:50 INFO  Executed systemctl&lt;serv_mosq2&gt;, exit status 0
08:51:50 INFO  Executed systemctl&lt;serv_mapper3&gt;, exit status 0
08:51:52 INFO  State of current operation: SUCCESSFUL
08:51:53 INFO  Assert that (False == value) with value=False ... passed
08:51:53 INFO  Assert that (False == value) with value=False ... passed
08:51:53 INFO  Assert that (False == value) with value=False ... passed
08:51:53 INFO  Assert that (False == value) with value=False ... passed
08:51:54 INFO  Assert that (False == value) with value=False ... passed
08:51:56 INFO  Response status: 201
08:51:56 INFO  Response to action: {
    "creationTime": "2022-05-04T08:51:56.115Z",
    "deviceName": "m32sd11e",
    "deviceId": "18334601",
    "self": "https://t493319102.eu-latest.cumulocity.com/devicecontrol/operations/18370090",
    "id": "18370090",
    "status": "PENDING",
    "description": "Apply software changes, triggered from PySys: [{'action': 'install', 'id': '5475369', 'name': 'asciijump', 'url': ' ', 'version': '::apt'}, {'action': 'install', 'id': '5474869', 'name': 'robotfindskitten', 'url': ' ', 'version': ' '}, {'action': 'install', 'id': '5475279', 'name': 'squirrel3', 'url': ' ', 'version': '3.1-8::apt'}, {'action': 'install', 'id': '5152439', 'name': 'rolldice', 'url': ' ', 'version': '1.16-1+b2'}, {'action': 'install', 'id': '5439204', 'name': 'moon-buggy', 'url': ' ', 'version': '1:1.0.51-13'}, {'action': 'install', 'id': '5475369', 'name': 'asciijump', 'url': ' ', 'version': '::apt'}]",
    "c8y_SoftwareUpdate": [
        {
            "name": "asciijump",
            "action": "install",
            "id": "5475369",
            "version": "::apt",
            "url": " "
        },
        {
            "name": "robotfindskitten",
            "action": "install",
            "id": "5474869",
            "version": " ",
            "url": " "
        },
        {
            "name": "squirrel3",
            "action": "install",
            "id": "5475279",
            "version": "3.1-8::apt",
            "url": " "
        },
        {
            "name": "rolldice",
            "action": "install",
            "id": "5152439",
            "version": "1.16-1+b2",
            "url": " "
        },
        {
            "name": "moon-buggy",
            "action": "install",
            "id": "5439204",
            "version": "1:1.0.51-13",
            "url": " "
        },
        {
            "name": "asciijump",
            "action": "install",
            "id": "5475369",
            "version": "::apt",
            "url": " "
        }
    ]
}
08:51:56 INFO  Started operation: {'creationTime': '2022-05-04T08:51:56.115Z', 'deviceName': 'm32sd11e', 'deviceId': '18334601', 'self': 'https://t493319102.eu-latest.cumulocity.com/devicecontrol/operations/18370090', 'id': '18370090', 'status': 'PENDING', 'description': "Apply software changes, triggered from PySys: [{'action': 'install', 'id': '5475369', 'name': 'asciijump', 'url': ' ', 'version': '::apt'}, {'action': 'install', 'id': '5474869', 'name': 'robotfindskitten', 'url': ' ', 'version': ' '}, {'action': 'install', 'id': '5475279', 'name': 'squirrel3', 'url': ' ', 'version': '3.1-8::apt'}, {'action': 'install', 'id': '5152439', 'name': 'rolldice', 'url': ' ', 'version': '1.16-1+b2'}, {'action': 'install', 'id': '5439204', 'name': 'moon-buggy', 'url': ' ', 'version': '1:1.0.51-13'}, {'action': 'install', 'id': '5475369', 'name': 'asciijump', 'url': ' ', 'version': '::apt'}]", 'c8y_SoftwareUpdate': [{'name': 'asciijump', 'action': 'install', 'id': '5475369', 'version': '::apt', 'url': ' '}, {'name': 'robotfindskitten', 'action': 'install', 'id': '5474869', 'version': ' ', 'url': ' '}, {'name': 'squirrel3', 'action': 'install', 'id': '5475279', 'version': '3.1-8::apt', 'url': ' '}, {'name': 'rolldice', 'action': 'install', 'id': '5152439', 'version': '1.16-1+b2', 'url': ' '}, {'name': 'moon-buggy', 'action': 'install', 'id': '5439204', 'version': '1:1.0.51-13', 'url': ' '}, {'name': 'asciijump', 'action': 'install', 'id': '5475369', 'version': '::apt', 'url': ' '}]}
08:51:58 INFO  State of operation 18370090 : PENDING
08:52:00 INFO  State of operation 18370090 : EXECUTING
08:52:02 INFO  State of operation 18370090 : EXECUTING
08:52:05 INFO  State of operation 18370090 : EXECUTING
08:52:07 INFO  State of operation 18370090 : EXECUTING
08:52:09 INFO  State of operation 18370090 : EXECUTING
08:52:11 INFO  State of operation 18370090 : EXECUTING
08:52:14 INFO  State of operation 18370090 : EXECUTING
08:52:17 INFO  State of operation 18370090 : EXECUTING
08:52:19 INFO  State of operation 18370090 : EXECUTING
08:52:22 INFO  State of operation 18370090 : EXECUTING
08:52:24 INFO  State of operation 18370090 : EXECUTING
08:52:26 INFO  State of operation 18370090 : EXECUTING
08:52:28 INFO  State of operation 18370090 : EXECUTING
08:52:31 INFO  State of operation 18370090 : EXECUTING
08:52:33 INFO  State of operation 18370090 : EXECUTING
08:52:35 INFO  State of operation 18370090 : EXECUTING
08:52:38 INFO  State of operation 18370090 : EXECUTING
08:52:40 INFO  State of operation 18370090 : EXECUTING
08:52:43 INFO  State of operation 18370090 : EXECUTING
08:52:45 INFO  State of operation 18370090 : EXECUTING
08:52:47 INFO  State of operation 18370090 : EXECUTING
08:52:50 INFO  State of operation 18370090 : EXECUTING
08:52:52 INFO  State of operation 18370090 : EXECUTING
08:52:54 INFO  State of operation 18370090 : EXECUTING
08:52:56 INFO  State of operation 18370090 : EXECUTING
08:52:59 INFO  State of operation 18370090 : EXECUTING
08:53:01 INFO  State of operation 18370090 : EXECUTING
08:53:04 INFO  State of operation 18370090 : EXECUTING
08:53:06 INFO  State of operation 18370090 : EXECUTING
08:53:09 INFO  State of operation 18370090 : EXECUTING
08:53:11 INFO  State of operation 18370090 : EXECUTING
08:53:13 INFO  State of operation 18370090 : EXECUTING
08:53:16 INFO  State of operation 18370090 : EXECUTING
08:53:18 INFO  State of operation 18370090 : EXECUTING
08:53:20 INFO  State of operation 18370090 : EXECUTING
08:53:23 INFO  State of operation 18370090 : EXECUTING
08:53:25 INFO  State of operation 18370090 : EXECUTING
08:53:27 INFO  State of operation 18370090 : EXECUTING
08:53:30 INFO  State of operation 18370090 : EXECUTING
08:53:32 INFO  State of operation 18370090 : EXECUTING
08:53:34 INFO  State of operation 18370090 : EXECUTING
08:53:36 INFO  State of operation 18370090 : EXECUTING
08:53:39 INFO  State of operation 18370090 : EXECUTING
08:53:41 INFO  State of operation 18370090 : EXECUTING
08:53:44 INFO  State of operation 18370090 : EXECUTING
08:53:46 INFO  State of operation 18370090 : EXECUTING
08:53:49 INFO  State of operation 18370090 : EXECUTING
08:53:51 INFO  State of operation 18370090 : EXECUTING
08:53:53 INFO  State of operation 18370090 : EXECUTING
08:53:56 INFO  State of operation 18370090 : EXECUTING
08:53:58 INFO  State of operation 18370090 : EXECUTING
08:54:00 INFO  State of operation 18370090 : EXECUTING
08:54:02 INFO  State of operation 18370090 : EXECUTING
08:54:05 INFO  State of operation 18370090 : EXECUTING
08:54:07 INFO  State of operation 18370090 : EXECUTING
08:54:09 INFO  State of operation 18370090 : EXECUTING
08:54:12 INFO  State of operation 18370090 : EXECUTING
08:54:15 INFO  State of operation 18370090 : EXECUTING
08:54:17 INFO  State of operation 18370090 : EXECUTING
08:54:19 INFO  State of operation 18370090 : EXECUTING
08:54:21 WARN  SystemError occurred while running test - Timeout while waiting for status SUCCESSFUL or False
Traceback (most recent call last):
  File "/home/pi/env-pysys/lib/python3.9/site-packages/pysys/baserunner.py", line 1294, in __call__
    self.testObj.execute()
  File "/home/pi/actions-runner/_work/thin-edge.io/thin-edge.io/tests/PySys/software_management_end_to_end/sm_apt_install_remove_multiple_mixed/run.py", line 89, in execute
    self.wait_until_succcess()
  File "/home/pi/actions-runner/_work/thin-edge.io/thin-edge.io/tests/PySys/software_management_end_to_end/environment_sm_management.py", line 324, in wait_until_succcess
    self.wait_until_status("SUCCESSFUL")
  File "/home/pi/actions-runner/_work/thin-edge.io/thin-edge.io/tests/PySys/software_management_end_to_end/environment_sm_management.py", line 380, in wait_until_status
    raise SystemError(
SystemError: Timeout while waiting for status SUCCESSFUL or False
08:54:21 WARN  SystemError: Timeout while waiting for status SUCCESSFUL or False ... blocked 
08:54:21 INFO  
08:54:21 INFO  cleanup:
08:54:29 INFO  Executed sudo&lt;tedge_disconnect_c8y&gt;, exit status 0
08:54:29 INFO  Executed systemctl&lt;serv_mapper5&gt;, exit status 3
08:54:29 INFO  
08:54:29 INFO  Test duration: 184.14 secs
08:54:29 INFO  Test final outcome:  BLOCKED
08:54:29 INFO  Test outcome reason: SystemError: Timeout while waiting for status SUCCESSFUL or False
08:54:29 INFO  
</system-out>
	</testcase>
<testcase classname="PySysTest" name="SoftwareManagement.sm_apt_install_remove_multiple_mixed">
		<failure message="BLOCKED: SystemError: Timeout while waiting for status SUCCESSFUL or False (+1 other failures)" type="BLOCKED" />
		<system-out>09:19:58 INFO  ==============================================================
09:19:58 INFO  Id:    SoftwareManagement.sm_apt_install_remove_multiple_mixed
09:19:58 INFO  Dir:   software_management_end_to_end/
09:19:58 INFO  Title: Validate end to end behaviour for the apt plugin for multiple packages with mixed versions
09:19:58 INFO  ==============================================================
09:19:58 INFO  Using sw id database: {'asciijump': '5475369', 'robotfindskitten': '5474869', 'squirrel3': '5475279', 'rolldice': '5152439', 'moon-buggy': '5439204', 'apple': '5495053', 'banana': '5494888', 'cherry': '5495382', 'watermelon': '5494510', 'registry': '8018911', 'hello-world': '8021526', 'docker/getting-started': '8021973', 'alpine': '7991792'}
09:19:58 INFO  EnvironmentC8y Setup
09:19:59 INFO  Executed systemctl&lt;serv_mapper1&gt;, exit status 3
09:19:59 INFO  Restarting mosquitto too frequently in the last 10 seconds. It was only up for 6 seconds
09:19:59 INFO  Delaying execution by 5 seconds
09:20:21 INFO  Executed sudo&lt;tedge_connect_c8y&gt;, exit status 0, duration 17 secs
09:20:22 INFO  Executed sudo&lt;tedge_connect_c8y_test&gt;, exit status 0
09:20:22 INFO  Executed systemctl&lt;serv_mosq2&gt;, exit status 0
09:20:23 INFO  Executed systemctl&lt;serv_mapper3&gt;, exit status 0
09:20:25 INFO  State of current operation: SUCCESSFUL
09:20:25 INFO  Assert that (False == value) with value=False ... passed
09:20:26 INFO  Assert that (False == value) with value=False ... passed
09:20:26 INFO  Assert that (False == value) with value=False ... passed
09:20:26 INFO  Assert that (False == value) with value=False ... passed
09:20:26 INFO  Package moon-buggy is installed
09:20:26 WARN  Assert that (False == value) with value=True ... failed 
09:20:29 INFO  Response status: 201
09:20:29 INFO  Response to action: {
    "creationTime": "2022-05-04T09:20:28.996Z",
    "deviceName": "m32sd11e",
    "deviceId": "18334601",
    "self": "https://t493319102.eu-latest.cumulocity.com/devicecontrol/operations/18389494",
    "id": "18389494",
    "status": "PENDING",
    "description": "Apply software changes, triggered from PySys: [{'action': 'install', 'id': '5475369', 'name': 'asciijump', 'url': ' ', 'version': '::apt'}, {'action': 'install', 'id': '5474869', 'name': 'robotfindskitten', 'url': ' ', 'version': ' '}, {'action': 'install', 'id': '5475279', 'name': 'squirrel3', 'url': ' ', 'version': '3.1-8::apt'}, {'action': 'install', 'id': '5152439', 'name': 'rolldice', 'url': ' ', 'version': '1.16-1+b2'}, {'action': 'install', 'id': '5439204', 'name': 'moon-buggy', 'url': ' ', 'version': '1:1.0.51-13'}, {'action': 'install', 'id': '5475369', 'name': 'asciijump', 'url': ' ', 'version': '::apt'}]",
    "c8y_SoftwareUpdate": [
        {
            "name": "asciijump",
            "action": "install",
            "id": "5475369",
            "version": "::apt",
            "url": " "
        },
        {
            "name": "robotfindskitten",
            "action": "install",
            "id": "5474869",
            "version": " ",
            "url": " "
        },
        {
            "name": "squirrel3",
            "action": "install",
            "id": "5475279",
            "version": "3.1-8::apt",
            "url": " "
        },
        {
            "name": "rolldice",
            "action": "install",
            "id": "5152439",
            "version": "1.16-1+b2",
            "url": " "
        },
        {
            "name": "moon-buggy",
            "action": "install",
            "id": "5439204",
            "version": "1:1.0.51-13",
            "url": " "
        },
        {
            "name": "asciijump",
            "action": "install",
            "id": "5475369",
            "version": "::apt",
            "url": " "
        }
    ]
}
09:20:29 INFO  Started operation: {'creationTime': '2022-05-04T09:20:28.996Z', 'deviceName': 'm32sd11e', 'deviceId': '18334601', 'self': 'https://t493319102.eu-latest.cumulocity.com/devicecontrol/operations/18389494', 'id': '18389494', 'status': 'PENDING', 'description': "Apply software changes, triggered from PySys: [{'action': 'install', 'id': '5475369', 'name': 'asciijump', 'url': ' ', 'version': '::apt'}, {'action': 'install', 'id': '5474869', 'name': 'robotfindskitten', 'url': ' ', 'version': ' '}, {'action': 'install', 'id': '5475279', 'name': 'squirrel3', 'url': ' ', 'version': '3.1-8::apt'}, {'action': 'install', 'id': '5152439', 'name': 'rolldice', 'url': ' ', 'version': '1.16-1+b2'}, {'action': 'install', 'id': '5439204', 'name': 'moon-buggy', 'url': ' ', 'version': '1:1.0.51-13'}, {'action': 'install', 'id': '5475369', 'name': 'asciijump', 'url': ' ', 'version': '::apt'}]", 'c8y_SoftwareUpdate': [{'name': 'asciijump', 'action': 'install', 'id': '5475369', 'version': '::apt', 'url': ' '}, {'name': 'robotfindskitten', 'action': 'install', 'id': '5474869', 'version': ' ', 'url': ' '}, {'name': 'squirrel3', 'action': 'install', 'id': '5475279', 'version': '3.1-8::apt', 'url': ' '}, {'name': 'rolldice', 'action': 'install', 'id': '5152439', 'version': '1.16-1+b2', 'url': ' '}, {'name': 'moon-buggy', 'action': 'install', 'id': '5439204', 'version': '1:1.0.51-13', 'url': ' '}, {'name': 'asciijump', 'action': 'install', 'id': '5475369', 'version': '::apt', 'url': ' '}]}
09:20:31 INFO  State of operation 18389494 : PENDING
09:20:33 INFO  State of operation 18389494 : EXECUTING
09:20:35 INFO  State of operation 18389494 : EXECUTING
09:20:38 INFO  State of operation 18389494 : EXECUTING
09:20:40 INFO  State of operation 18389494 : EXECUTING
09:20:42 INFO  State of operation 18389494 : EXECUTING
09:20:44 INFO  State of operation 18389494 : EXECUTING
09:20:47 INFO  State of operation 18389494 : EXECUTING
09:20:51 INFO  State of operation 18389494 : EXECUTING
09:20:53 INFO  State of operation 18389494 : EXECUTING
09:20:56 INFO  State of operation 18389494 : EXECUTING
09:20:58 INFO  State of operation 18389494 : EXECUTING
09:21:00 INFO  State of operation 18389494 : EXECUTING
09:21:02 INFO  State of operation 18389494 : EXECUTING
09:21:05 INFO  State of operation 18389494 : EXECUTING
09:21:07 INFO  State of operation 18389494 : EXECUTING
09:21:09 INFO  State of operation 18389494 : EXECUTING
09:21:11 INFO  State of operation 18389494 : EXECUTING
09:21:14 INFO  State of operation 18389494 : EXECUTING
09:21:16 INFO  State of operation 18389494 : EXECUTING
09:21:19 INFO  State of operation 18389494 : EXECUTING
09:21:21 INFO  State of operation 18389494 : EXECUTING
09:21:23 INFO  State of operation 18389494 : EXECUTING
09:21:26 INFO  State of operation 18389494 : EXECUTING
09:21:28 INFO  State of operation 18389494 : EXECUTING
09:21:31 INFO  State of operation 18389494 : EXECUTING
09:21:33 INFO  State of operation 18389494 : EXECUTING
09:21:35 INFO  State of operation 18389494 : EXECUTING
09:21:38 INFO  State of operation 18389494 : EXECUTING
09:21:40 INFO  State of operation 18389494 : EXECUTING
09:21:43 INFO  State of operation 18389494 : EXECUTING
09:21:45 INFO  State of operation 18389494 : EXECUTING
09:21:47 INFO  State of operation 18389494 : EXECUTING
09:21:49 INFO  State of operation 18389494 : EXECUTING
09:21:52 INFO  State of operation 18389494 : EXECUTING
09:21:54 INFO  State of operation 18389494 : EXECUTING
09:21:56 INFO  State of operation 18389494 : EXECUTING
09:21:58 INFO  State of operation 18389494 : EXECUTING
09:22:01 INFO  State of operation 18389494 : EXECUTING
09:22:03 INFO  State of operation 18389494 : EXECUTING
09:22:05 INFO  State of operation 18389494 : EXECUTING
09:22:07 INFO  State of operation 18389494 : EXECUTING
09:22:10 INFO  State of operation 18389494 : EXECUTING
09:22:12 INFO  State of operation 18389494 : EXECUTING
09:22:15 INFO  State of operation 18389494 : EXECUTING
09:22:18 INFO  State of operation 18389494 : EXECUTING
09:22:20 INFO  State of operation 18389494 : EXECUTING
09:22:22 INFO  State of operation 18389494 : EXECUTING
09:22:24 INFO  State of operation 18389494 : EXECUTING
09:22:27 INFO  State of operation 18389494 : EXECUTING
09:22:29 INFO  State of operation 18389494 : EXECUTING
09:22:31 INFO  State of operation 18389494 : EXECUTING
09:22:33 INFO  State of operation 18389494 : EXECUTING
09:22:36 INFO  State of operation 18389494 : EXECUTING
09:22:38 INFO  State of operation 18389494 : EXECUTING
09:22:40 INFO  State of operation 18389494 : EXECUTING
09:22:43 INFO  State of operation 18389494 : EXECUTING
09:22:45 INFO  State of operation 18389494 : EXECUTING
09:22:47 INFO  State of operation 18389494 : EXECUTING
09:22:50 INFO  State of operation 18389494 : EXECUTING
09:22:52 INFO  State of operation 18389494 : EXECUTING
09:22:54 WARN  SystemError occurred while running test - Timeout while waiting for status SUCCESSFUL or False
Traceback (most recent call last):
  File "/home/pi/env-pysys/lib/python3.9/site-packages/pysys/baserunner.py", line 1294, in __call__
    self.testObj.execute()
  File "/home/pi/actions-runner/_work/thin-edge.io/thin-edge.io/tests/PySys/software_management_end_to_end/sm_apt_install_remove_multiple_mixed/run.py", line 89, in execute
    self.wait_until_succcess()
  File "/home/pi/actions-runner/_work/thin-edge.io/thin-edge.io/tests/PySys/software_management_end_to_end/environment_sm_management.py", line 324, in wait_until_succcess
    self.wait_until_status("SUCCESSFUL")
  File "/home/pi/actions-runner/_work/thin-edge.io/thin-edge.io/tests/PySys/software_management_end_to_end/environment_sm_management.py", line 380, in wait_until_status
    raise SystemError(
SystemError: Timeout while waiting for status SUCCESSFUL or False
09:22:55 WARN  SystemError: Timeout while waiting for status SUCCESSFUL or False ... blocked 
09:22:55 INFO  
09:22:55 INFO  cleanup:
09:23:03 INFO  Executed sudo&lt;tedge_disconnect_c8y&gt;, exit status 0
09:23:04 INFO  Executed systemctl&lt;serv_mapper5&gt;, exit status 3
09:23:04 INFO  
09:23:04 INFO  Test duration: 185.29 secs
09:23:04 INFO  Test final outcome:  BLOCKED
09:23:04 INFO  Test outcome reason: SystemError: Timeout while waiting for status SUCCESSFUL or False (+1 other failures)
09:23:04 INFO  
</system-out>
	</testcase>
</testsuite><testsuite name="SoftwareManagement.sm_apt_install_remove_with_version" tests="3" errors="0" failures="0" skipped="1" time="0"><testcase classname="PySysTest" name="SoftwareManagement.sm_apt_install_remove_with_version">
		<skipped message="SKIPPED: Testing the apt plugin is not supported on this platform.Use parameter -XmyPlatform='container' to enable it" />
		<system-out>08:10:24 INFO  ==============================================================
08:10:24 INFO  Id:    SoftwareManagement.sm_apt_install_remove_with_version
08:10:24 INFO  Dir:   software_management_end_to_end/
08:10:24 INFO  Title: Validate end to end behaviour for the apt plugin for packages with version
08:10:24 INFO  ==============================================================
08:10:24 INFO  Testing the apt plugin is not supported on this platform.Use parameter -XmyPlatform='container' to enable it ... skipped
08:10:24 WARN  Aborted test due to SKIPPED outcome
08:10:24 INFO  
08:10:24 INFO  Test duration: 0.02 secs
08:10:24 INFO  Test final outcome:  SKIPPED
08:10:24 INFO  Test outcome reason: Testing the apt plugin is not supported on this platform.Use parameter -XmyPlatform='container' to enable it
08:10:24 INFO  
</system-out>
	</testcase>
<testcase classname="PySysTest" name="SoftwareManagement.sm_apt_install_remove_with_version" />
<testcase classname="PySysTest" name="SoftwareManagement.sm_apt_install_remove_with_version" />
</testsuite><testsuite name="SoftwareManagement.sm_docker_install_remove_multiple" tests="3" errors="0" failures="1" skipped="1" time="0"><testcase classname="SMDockerInstallRemove" name="SoftwareManagement.sm_docker_install_remove_multiple">
		<skipped message="SKIPPED: Testing the apt plugin is not supported on this platform.Use parameter -XmyPlatform='container' to enable it" />
		<system-out>08:10:24 INFO  ==============================================================
08:10:24 INFO  Id:    SoftwareManagement.sm_docker_install_remove_multiple
08:10:24 INFO  Dir:   software_management_end_to_end/
08:10:24 INFO  Title: Validate end to end behaviour for the docker plugin for multiple docker images with mixed versions
08:10:24 INFO  ==============================================================
08:10:24 INFO  Testing the apt plugin is not supported on this platform.Use parameter -XmyPlatform='container' to enable it ... skipped
08:10:24 WARN  Aborted test due to SKIPPED outcome
08:10:24 INFO  
08:10:24 INFO  Test duration: 0.04 secs
08:10:24 INFO  Test final outcome:  SKIPPED
08:10:24 INFO  Test outcome reason: Testing the apt plugin is not supported on this platform.Use parameter -XmyPlatform='container' to enable it
08:10:24 INFO  
</system-out>
	</testcase>
<testcase classname="SMDockerInstallRemove" name="SoftwareManagement.sm_docker_install_remove_multiple" />
<testcase classname="SMDockerInstallRemove" name="SoftwareManagement.sm_docker_install_remove_multiple">
		<failure message="BLOCKED: SystemError: The operation has failed" type="BLOCKED" />
		<system-out>09:26:05 INFO  ==============================================================
09:26:05 INFO  Id:    SoftwareManagement.sm_docker_install_remove_multiple
09:26:05 INFO  Dir:   software_management_end_to_end/
09:26:05 INFO  Title: Validate end to end behaviour for the docker plugin for multiple docker images with mixed versions
09:26:05 INFO  ==============================================================
09:26:05 INFO  Using sw id database: {'asciijump': '5475369', 'robotfindskitten': '5474869', 'squirrel3': '5475279', 'rolldice': '5152439', 'moon-buggy': '5439204', 'apple': '5495053', 'banana': '5494888', 'cherry': '5495382', 'watermelon': '5494510', 'registry': '8018911', 'hello-world': '8021526', 'docker/getting-started': '8021973', 'alpine': '7991792'}
09:26:05 INFO  EnvironmentC8y Setup
09:26:05 INFO  Executed systemctl&lt;serv_mapper1&gt;, exit status 3
09:26:06 INFO  Restarting mosquitto too frequently in the last 10 seconds. It was only up for 6 seconds
09:26:06 INFO  Delaying execution by 5 seconds
09:26:28 INFO  Executed sudo&lt;tedge_connect_c8y&gt;, exit status 0, duration 17 secs
09:26:29 INFO  Executed sudo&lt;tedge_connect_c8y_test&gt;, exit status 0
09:26:30 INFO  Executed systemctl&lt;serv_mosq2&gt;, exit status 0
09:26:30 INFO  Executed systemctl&lt;serv_mapper3&gt;, exit status 0
09:26:32 INFO  State of current operation: SUCCESSFUL
[...]
</testsuite><testsuite name="local_mqtt_pub_fail_qos2" tests="1" errors="0" failures="0" skipped="0" time="0"><testcase classname="PySysTest" name="local_mqtt_pub_fail_qos2" />
</testsuite><testsuite name="local_mqtt_pub_sub" tests="1" errors="0" failures="0" skipped="0" time="0"><testcase classname="PySysTest" name="local_mqtt_pub_sub" />
</testsuite><testsuite name="local_mqtt_pub_sub_retain" tests="1" errors="0" failures="0" skipped="0" time="0"><testcase classname="MqttPublishWithRetain" name="local_mqtt_pub_sub_retain" />
</testsuite><testsuite name="local_mqtt_pub_sub_with_sudo" tests="1" errors="0" failures="0" skipped="0" time="0"><testcase classname="PySysTest" name="local_mqtt_pub_sub_with_sudo" />
</testsuite><testsuite name="local_mqtt_sub_fail" tests="1" errors="0" failures="0" skipped="0" time="0"><testcase classname="PySysTest" name="local_mqtt_sub_fail" />
</testsuite><testsuite name="log_request_error_messages" tests="1" errors="0" failures="0" skipped="1" time="0"><testcase classname="LogRequestVerifySearchTextError" name="log_request_error_messages">
		<skipped message="SKIPPED: Test execution disabled due to #1123" />
		<system-out>07:57:38 INFO  ==============================================================
07:57:38 INFO  Id:    log_request_error_messages
07:57:38 INFO  Dir:   log_request_end_to_end/
07:57:38 INFO  Title: Validate end to end behaviour for the log request operation check for error messages
07:57:38 INFO  ==============================================================
07:57:40 INFO  Test execution disabled due to #1123 ... skipped
07:57:40 INFO  
07:57:40 INFO  Test duration: 1.49 secs
07:57:40 INFO  Test final outcome:  SKIPPED
07:57:40 INFO  Test outcome reason: Test execution disabled due to #1123
07:57:40 INFO  
</system-out>
	</testcase>
</testsuite><testsuite name="log_request_num_lines" tests="1" errors="0" failures="1" skipped="0" time="0"><testcase classname="LogRequestVerifyNumberOfLines" name="log_request_num_lines">
		<failure message="FAILED: Assert that (True == value) with value=False" type="FAILED" />
		<system-out>07:57:40 INFO  ==============================================================
07:57:40 INFO  Id:    log_request_num_lines
07:57:40 INFO  Dir:   log_request_end_to_end/
07:57:40 INFO  Title: Validate end to end behaviour for the log request operation check for number of lines
07:57:40 INFO  ==============================================================
07:57:40 INFO  EnvironmentC8y Setup
07:57:40 INFO  Executed systemctl&lt;serv_mapper1&gt;, exit status 3
07:57:40 INFO  Restarting mosquitto too frequently in the last 10 seconds. It was only up for 2 seconds
07:57:40 INFO  Delaying execution by 9 seconds
07:58:07 INFO  Executed sudo&lt;tedge_connect_c8y&gt;, exit status 0, duration 17 secs
07:58:07 INFO  Executed sudo&lt;tedge_connect_c8y_test&gt;, exit status 0
07:58:08 INFO  Executed systemctl&lt;serv_mosq2&gt;, exit status 0
07:58:09 INFO  Executed systemctl&lt;serv_mapper3&gt;, exit status 0
07:58:09 INFO  Executed sudo&lt;rm_logs&gt;, exit status 0
07:58:10 INFO  Executed sudo&lt;move_logs&gt;, exit status 0
07:58:10 INFO  log response None
07:58:10 WARN  retry, retrying in 1 seconds...
07:58:12 INFO  log response https://thin-edge-io.eu-latest.cumulocity.com/event/events/18349358/binaries
07:58:12 INFO  nlines 0
07:58:13 WARN  Assert that (True == value) with value=False ... failed [run.py:44]
07:58:13 INFO  
07:58:13 INFO  cleanup:
07:58:13 INFO  Executed sudo&lt;rm_logs&gt;, exit status 0
07:58:14 INFO  Executed sudo&lt;rm_tmp_logs&gt;, exit status 0
07:58:14 INFO  Executed sudo&lt;send_failed&gt;, exit status 0
07:58:20 INFO  Executed sudo&lt;tedge_disconnect_c8y&gt;, exit status 0
07:58:20 INFO  Executed systemctl&lt;serv_mapper5&gt;, exit status 3
07:58:20 INFO  
07:58:20 INFO  Test duration: 40.64 secs
07:58:20 INFO  Test final outcome:  FAILED
07:58:20 INFO  Test outcome reason: Assert that (True == value) with value=False
07:58:20 INFO  
</system-out>
	</testcase>
</testsuite><testsuite name="mapper_awaits_before_reconnect" tests="1" errors="0" failures="0" skipped="0" time="0"><testcase classname="MapperReconnectAwait" name="mapper_awaits_before_reconnect" />
</testsuite><testsuite name="monitoring_smaller_interval" tests="1" errors="0" failures="0" skipped="1" time="0"><testcase classname="MonitoringSmallInterval" name="monitoring_smaller_interval">
		<skipped message="SKIPPED: Fails due to retained message" />
		<system-out>07:59:59 INFO  ==============================================================
07:59:59 INFO  Id:    monitoring_smaller_interval
07:59:59 INFO  Dir:   monitoring/
07:59:59 INFO  Title: Validate the tedge dm agent messages that are produced with smaller sampling interval than the batching window. Here the simulated collectd messages are used
07:59:59 INFO  ==============================================================
07:59:59 INFO  Fails due to retained message ... skipped
07:59:59 INFO  
07:59:59 INFO  Test duration: 0.02 secs
07:59:59 INFO  Test final outcome:  SKIPPED
07:59:59 INFO  Test outcome reason: Fails due to retained message
07:59:59 INFO  
</system-out>
	</testcase>
</testsuite><testsuite name="monitoring_with_collectd" tests="1" errors="0" failures="0" skipped="1" time="0"><testcase classname="MonitoringWithCollectd" name="monitoring_with_collectd">
		<skipped message="SKIPPED: Test execution disabled due to #792 (instable)" />
		<system-out>07:59:59 INFO  ==============================================================
07:59:59 INFO  Id:    monitoring_with_collectd
07:59:59 INFO  Dir:   monitoring/
07:59:59 INFO  Title: Validate tedge dm agent messages that are produced by batching the collectd messages
07:59:59 INFO  ==============================================================
07:59:59 INFO  Test execution disabled due to #792 (instable) ... skipped
07:59:59 INFO  
07:59:59 INFO  Test duration: 0.02 secs
07:59:59 INFO  Test final outcome:  SKIPPED
07:59:59 INFO  Test outcome reason: Test execution disabled due to #792 (instable)
07:59:59 INFO  
</system-out>
	</testcase>
</testsuite><testsuite name="monitoring_with_simulated_messages" tests="1" errors="0" failures="0" skipped="1" time="0"><testcase classname="MonitoringWithSimulatedMessages" name="monitoring_with_simulated_messages">
		<skipped message="SKIPPED: Fails due to retained message" />
		<system-out>07:59:59 INFO  ==============================================================
07:59:59 INFO  Id:    monitoring_with_simulated_messages
07:59:59 INFO  Dir:   monitoring/
07:59:59 INFO  Title: Validate the tedge dm agent messages that are produced from the simulated collectd messages
07:59:59 INFO  ==============================================================
07:59:59 INFO  Fails due to retained message ... skipped
07:59:59 INFO  
07:59:59 INFO  Test duration: 0.02 secs
07:59:59 INFO  Test final outcome:  SKIPPED
07:59:59 INFO  Test outcome reason: Fails due to retained message
07:59:59 INFO  
</system-out>
	</testcase>
</testsuite><testsuite name="mqtt_port_change_connection_fails" tests="1" errors="0" failures="0" skipped="0" time="0"><testcase classname="MqttPortChangeConnectionFails" name="mqtt_port_change_connection_fails" />
</testsuite><testsuite name="mqtt_port_change_connection_works" tests="1" errors="0" failures="0" skipped="1" time="0"><testcase classname="MqttPortChangeConnectionWorks" name="mqtt_port_change_connection_works">
		<skipped message="SKIPPED: failing intermitently" />
		<system-out>07:58:56 INFO  ==============================================================
07:58:56 INFO  Id:    mqtt_port_change_connection_works
07:58:56 INFO  Dir:   misc_features/
07:58:56 INFO  Title: mqtt port change connection works for all the thin-edge services that use the mosquitto broker
07:58:56 INFO  ==============================================================
07:58:56 INFO  failing intermitently ... skipped
07:58:56 INFO  
07:58:56 INFO  Test duration: 0.04 secs
07:58:56 INFO  Test final outcome:  SKIPPED
07:58:56 INFO  Test outcome reason: failing intermitently
07:58:56 INFO  
</system-out>
	</testcase>
</testsuite><testsuite name="mqtt_port_set" tests="1" errors="0" failures="0" skipped="0" time="0"><testcase classname="MqttPortSet" name="mqtt_port_set" />
</testsuite><testsuite name="mqtt_port_unset" tests="1" errors="0" failures="0" skipped="0" time="0"><testcase classname="MqttPortUnSet" name="mqtt_port_unset" />
</testsuite><testsuite name="publish_flux" tests="1" errors="0" failures="0" skipped="0" time="0"><testcase classname="PublishFlux" name="publish_flux" />
</testsuite><testsuite name="publish_sawmill" tests="1" errors="0" failures="0" skipped="0" time="0"><testcase classname="PublishSawmill" name="publish_sawmill" />
</testsuite><testsuite name="pysys_block" tests="1" errors="0" failures="0" skipped="1" time="0"><testcase classname="Fail" name="pysys_block">
		<skipped message="SKIPPED: Enable this to observe a blocking test" />
		<system-out>07:59:23 INFO  ==============================================================
07:59:23 INFO  Id:    pysys_block
07:59:23 INFO  Dir:   misc_features/
07:59:23 INFO  Title: fail
07:59:23 INFO  ==============================================================
07:59:23 INFO  Enable this to observe a blocking test ... skipped
07:59:23 INFO  
07:59:23 INFO  Test duration: 0.02 secs
07:59:23 INFO  Test final outcome:  SKIPPED
07:59:23 INFO  Test outcome reason: Enable this to observe a blocking test
07:59:23 INFO  
</system-out>
	</testcase>
</testsuite><testsuite name="pysys_fail" tests="1" errors="0" failures="0" skipped="1" time="0"><testcase classname="Fail" name="pysys_fail">
		<skipped message="SKIPPED: Enable this to observe a failing test" />
		<system-out>07:59:23 INFO  ==============================================================
07:59:23 INFO  Id:    pysys_fail
07:59:23 INFO  Dir:   misc_features/
07:59:23 INFO  Title: fail
07:59:23 INFO  ==============================================================
07:59:23 INFO  Enable this to observe a failing test ... skipped
07:59:23 INFO  
07:59:23 INFO  Test duration: 0.01 secs
07:59:23 INFO  Test final outcome:  SKIPPED
07:59:23 INFO  Test outcome reason: Enable this to observe a failing test
07:59:23 INFO  
</system-out>
	</testcase>
</testsuite><testsuite name="runtime_start_two_mappers" tests="1" errors="0" failures="0" skipped="1" time="0"><testcase classname="RuntimeMultiMappers" name="runtime_start_two_mappers">
		<skipped message="SKIPPED: Test execution disabled due to #1124" />
		<system-out>08:14:31 INFO  ==============================================================
08:14:31 INFO  Id:    runtime_start_two_mappers
08:14:31 INFO  Dir:   tedge_mapper_c8y/
08:14:31 INFO  Title: Validate two mappers can't be started at the same time
08:14:31 INFO  ==============================================================
08:14:31 INFO  Test execution disabled due to #1124 ... skipped
08:14:31 INFO  
08:14:31 INFO  Test duration: 0.02 secs
08:14:31 INFO  Test final outcome:  SKIPPED
08:14:31 INFO  Test outcome reason: Test execution disabled due to #1124
08:14:31 INFO  
</system-out>
	</testcase>
</testsuite><testsuite name="sm_tedge_mapper_init_session" tests="1" errors="0" failures="0" skipped="0" time="0"><testcase classname="TedgeSMMapperInitSession" name="sm_tedge_mapper_init_session" />
</testsuite><testsuite name="smoketest_json" tests="1" errors="0" failures="0" skipped="0" time="0"><testcase classname="SmokeTestJson" name="smoketest_json" />
</testsuite><testsuite name="smoketest_json_400_samples_10ms" tests="1" errors="0" failures="0" skipped="0" time="0"><testcase classname="SmoketestJson400Samples10ms" name="smoketest_json_400_samples_10ms" />
</testsuite><testsuite name="smoketest_json_400_samples_20ms" tests="1" errors="0" failures="0" skipped="0" time="0"><testcase classname="SmoketestJson400Samples20ms" name="smoketest_json_400_samples_20ms" />
</testsuite><testsuite name="smoketest_smartrest" tests="1" errors="0" failures="0" skipped="0" time="0"><testcase classname="SmoketestSmartRest" name="smoketest_smartrest" />
</testsuite><testsuite name="smoketest_smartrest_200_samples_1Xms" tests="1" errors="0" failures="0" skipped="0" time="0"><testcase classname="SmoketestSmartRest200Samples1Xms" name="smoketest_smartrest_200_samples_1Xms" />
</testsuite><testsuite name="smoketest_smartrest_200_samples_20ms" tests="1" errors="0" failures="1" skipped="0" time="0"><testcase classname="SmoketestSmartRest200Samples20ms" name="smoketest_smartrest_200_samples_20ms">
		<failure message="BLOCKED: python3&lt;stdout&gt; returned non-zero exit code 1" type="BLOCKED" />
		<system-out>08:08:29 INFO  ==============================================================
08:08:29 INFO  Id:    smoketest_smartrest_200_samples_20ms
08:08:29 INFO  Dir:   smoketests/
08:08:29 INFO  Title: Smoketest SmartRest 200 Samples 20ms Delay
08:08:29 INFO  ==============================================================
08:08:29 INFO  EnvironmentC8y Setup
08:08:29 INFO  Executed systemctl&lt;serv_mapper1&gt;, exit status 3
08:08:29 INFO  Restarting mosquitto too frequently in the last 10 seconds. It was only up for 6 seconds
08:08:29 INFO  Delaying execution by 5 seconds
08:08:52 INFO  Executed sudo&lt;tedge_connect_c8y&gt;, exit status 0, duration 17 secs
08:08:53 INFO  Executed sudo&lt;tedge_connect_c8y_test&gt;, exit status 0
08:08:54 INFO  Executed systemctl&lt;serv_mosq2&gt;, exit status 0
08:08:54 INFO  Executed systemctl&lt;serv_mapper3&gt;, exit status 0
08:10:17 WARN  Executed python3&lt;stdout&gt;, exit status 1, duration 43 secs
08:10:17 INFO  Contents of stdout.out: 
  Act: Publishing values with tedge pub
  Waiting 3s for values to arrive in C8y
  Assert: Retrieving data via REST interface
  Gathering values from 2022-05-04 08:09:37+00:00 to 2022-05-04 08:10:17+00:00
  Found 199 recorded values:
  Retrieved values:
      1     2     3     4     5     6     7     8     9    10    11    12    13    14    15    16    17    18    19
     20    21    22    23    24    25    26    27    28    29    30    31    32    33    34    35    36    37    38    39
     40    41    42    43    44    45    46    47    48    49    50    51    52    53    54    55    56    57    58    59
     60    61    62    63    64    65    66    67    68    69    70    71    72    73    74    75    76    77    78    79
     80    81    82    83    84    85    86    87    88    89    90    91    92    93    94    95    96    97    98    99
    100   101   102   103   104   105   106   107   108   109   110   111   112   113   114   115   116   117   118   119
    120   121   122   123   124   125   126   127   128   129   130   131   132   133   134   135   136   137   138   139
    140   141   142   143   144   145   146   147   148   149   150   151   152   153   154   155   156   157   158   159
    160   161   162   163   164   165   166   167   168   169   170   171   172   173   174   175   176   177   178   179
    180   181   182   183   184   185   186   187   188   189   190   191   192   193   194   195   196   197   198   199
  Expected:  0.0  ...  199.0
  Data verification FAILED
  -----

08:10:17 WARN  python3&lt;stdout&gt; returned non-zero exit code 1 ... blocked 
08:10:17 WARN  Aborted test due to BLOCKED outcome
08:10:17 INFO  
08:10:17 INFO  cleanup:
08:10:23 INFO  Executed sudo&lt;tedge_disconnect_c8y&gt;, exit status 0
08:10:24 INFO  Executed systemctl&lt;serv_mapper5&gt;, exit status 3
08:10:24 INFO  
08:10:24 INFO  Test duration: 114.97 secs
08:10:24 INFO  Test final outcome:  BLOCKED
08:10:24 INFO  Test outcome reason: python3&lt;stdout&gt; returned non-zero exit code 1
08:10:24 INFO  
</system-out>
	</testcase>
</testsuite><testsuite name="tedge_agent_user_sudo_access" tests="1" errors="0" failures="0" skipped="1" time="0"><testcase classname="TedgeAgentUserSudoAccess" name="tedge_agent_user_sudo_access">
		<skipped message="SKIPPED: #955 Observation: Exit code of the apt plugin when called with no arguments" />
		<system-out>08:10:52 INFO  ==============================================================
08:10:52 INFO  Id:    tedge_agent_user_sudo_access
08:10:52 INFO  Dir:   tedge/
08:10:52 INFO  Title: Validate tedge-agent user has a limited sudo right
08:10:52 INFO  ==============================================================
08:10:52 INFO  #955 Observation: Exit code of the apt plugin when called with no arguments ... skipped
08:10:52 INFO  
08:10:52 INFO  Test duration: 0.02 secs
08:10:52 INFO  Test final outcome:  SKIPPED
08:10:52 INFO  Test outcome reason: #955 Observation: Exit code of the apt plugin when called with no arguments
08:10:52 INFO  
</system-out>
	</testcase>
</testsuite><testsuite name="tedge_connect_test_negative" tests="1" errors="0" failures="0" skipped="0" time="0"><testcase classname="TedgeConnectTestNegative" name="tedge_connect_test_negative" />
</testsuite><testsuite name="tedge_connect_test_positive" tests="1" errors="0" failures="0" skipped="0" time="0"><testcase classname="TedgeConnectTestPositive" name="tedge_connect_test_positive" />
</testsuite><testsuite name="tedge_connect_test_sm_services" tests="1" errors="0" failures="0" skipped="0" time="0"><testcase classname="TedgeConnectTestSMServices" name="tedge_connect_test_sm_services" />
</testsuite><testsuite name="tedge_disconnect_test_sm_services" tests="1" errors="0" failures="0" skipped="0" time="0"><testcase classname="TedgeDisConnectTestSMServices" name="tedge_disconnect_test_sm_services" />
</testsuite><testsuite name="tedge_mapper_az_negative" tests="1" errors="0" failures="0" skipped="0" time="0"><testcase classname="TedgeMapperAzError" name="tedge_mapper_az_negative" />
</testsuite><testsuite name="tedge_mapper_az_with_timestamp" tests="1" errors="0" failures="0" skipped="0" time="0"><testcase classname="TedgeMapperAzWithTimestamp" name="tedge_mapper_az_with_timestamp" />
</testsuite><testsuite name="tedge_mapper_az_without_timestamp" tests="1" errors="0" failures="0" skipped="0" time="0"><testcase classname="TedgeMapperAzWithoutTimestamp" name="tedge_mapper_az_without_timestamp" />
</testsuite><testsuite name="tedge_mapper_c8y_alarms" tests="1" errors="0" failures="0" skipped="0" time="0"><testcase classname="TedgeMapperC8yAlarm" name="tedge_mapper_c8y_alarms" />
</testsuite><testsuite name="tedge_mapper_c8y_child_device_measurement" tests="1" errors="0" failures="0" skipped="1" time="0"><testcase classname="TedgeMapperC8yChildDevice" name="tedge_mapper_c8y_child_device_measurement">
		<skipped message="SKIPPED: Test execution disabled due to #1088" />
		<system-out>08:15:53 INFO  ==============================================================
08:15:53 INFO  Id:    tedge_mapper_c8y_child_device_measurement
08:15:53 INFO  Dir:   tedge_mapper_c8y/
08:15:53 INFO  Title: Validate that measurements sent to tedge/measurements/child topic gets mapped as the child device's measurement in Cumulocity
08:15:53 INFO  ==============================================================
08:15:53 INFO  Test execution disabled due to #1088 ... skipped
08:15:53 INFO  
08:15:53 INFO  Test duration: 0.05 secs
08:15:53 INFO  Test final outcome:  SKIPPED
08:15:53 INFO  Test outcome reason: Test execution disabled due to #1088
08:15:53 INFO  
</system-out>
	</testcase>
</testsuite><testsuite name="tedge_mapper_c8y_packet_threshold_size" tests="1" errors="0" failures="0" skipped="0" time="0"><testcase classname="TedgeMapperC8yThresholdPacketSize" name="tedge_mapper_c8y_packet_threshold_size" />
</testsuite><testsuite name="tedge_software_update" tests="1" errors="0" failures="0" skipped="0" time="0"><testcase classname="PySysTest" name="tedge_software_update" />
</testsuite><testsuite name="valid_device_id" tests="1" errors="0" failures="0" skipped="0" time="0"><testcase classname="ValidateValidDeviceId" name="valid_device_id" />
</testsuite></testsuites>