<?xml version='1.0' encoding='utf-8'?>
<testsuites tests="149" failures="14" errors="0" skipped="55" time="0.0"><testsuite name="SoftwareManagement.Plugin.apama_plugin_install" tests="3" errors="0" failures="2" skipped="1" time="0"><testcase classname="ApamaPluginInstallTest" name="SoftwareManagement.Plugin.apama_plugin_install">
		<skipped message="SKIPPED: Apama plugin tests are disabled by default. Execute `pysys run` with `-XmyPlatform=container` to run these tests" />
		<system-out>07:00:55 INFO  ==============================================================
07:00:55 INFO  Id:    SoftwareManagement.Plugin.apama_plugin_install
07:00:55 INFO  Dir:   plugin_apama/
07:00:55 INFO  Title: Validate apama plugin install
07:00:55 INFO  ==============================================================
07:00:55 INFO  Apama plugin tests are disabled by default. Execute `pysys run` with `-XmyPlatform=container` to run these tests ... skipped
07:00:55 WARN  Aborted test due to SKIPPED outcome
07:00:55 INFO  
07:00:55 INFO  Test duration: 0.05 secs
07:00:55 INFO  Test final outcome:  SKIPPED
07:00:55 INFO  Test outcome reason: Apama plugin tests are disabled by default. Execute `pysys run` with `-XmyPlatform=container` to run these tests
07:00:55 INFO  
</system-out>
	</testcase>
<testcase classname="ApamaPluginInstallTest" name="SoftwareManagement.Plugin.apama_plugin_install">
		<failure message="BLOCKED: sudo&lt;plugin_install&gt; returned non-zero exit code 2" type="BLOCKED" />
		<system-out>07:57:17 INFO  ==============================================================
07:57:17 INFO  Id:    SoftwareManagement.Plugin.apama_plugin_install
07:57:17 INFO  Dir:   plugin_apama/
07:57:17 INFO  Title: Validate apama plugin install
07:57:17 INFO  ==============================================================
07:57:17 INFO  Assertion that path exists=False for "/etc/tedge/apama/project" ... passed
07:57:19 WARN  Executed sudo&lt;plugin_install&gt;, exit status 2
07:57:19 INFO  Contents of plugin_install.err: 
  /opt/softwareag/Apama/bin/apama_env: line 142: /opt/softwareag/Apama/bin/engine_management: cannot execute binary file: Exec format error
  ERROR: Execution of `/opt/softwareag/Apama/bin/apama_env` failed with exit status exit status: 126
  -----

07:57:20 WARN  sudo&lt;plugin_install&gt; returned non-zero exit code 2 ... blocked [run.py:20]
07:57:20 WARN  Aborted test due to BLOCKED outcome
07:57:20 INFO  
07:57:20 INFO  cleanup:
07:57:20 INFO  Removing apama project
07:57:36 INFO  Executed sudo&lt;stop_apama_service&gt;, exit status 0, duration 16 secs
07:57:37 INFO  Executed sudo&lt;remove_apama_project&gt;, exit status 0
07:57:37 INFO  Executed sudo&lt;remove_apama_tmp_dir&gt;, exit status 0
07:57:37 INFO  
07:57:37 INFO  Test duration: 20.02 secs
07:57:37 INFO  Test final outcome:  BLOCKED
07:57:37 INFO  Test outcome reason: sudo&lt;plugin_install&gt; returned non-zero exit code 2
07:57:37 INFO  
</system-out>
	</testcase>
<testcase classname="ApamaPluginInstallTest" name="SoftwareManagement.Plugin.apama_plugin_install">
		<failure message="BLOCKED: sudo&lt;plugin_install&gt; returned non-zero exit code 2" type="BLOCKED" />
		<system-out>08:06:09 INFO  ==============================================================
08:06:09 INFO  Id:    SoftwareManagement.Plugin.apama_plugin_install
08:06:09 INFO  Dir:   plugin_apama/
08:06:09 INFO  Title: Validate apama plugin install
08:06:09 INFO  ==============================================================
08:06:09 INFO  Assertion that path exists=False for "/etc/tedge/apama/project" ... passed
08:06:11 WARN  Executed sudo&lt;plugin_install&gt;, exit status 2
08:06:11 INFO  Contents of plugin_install.err: 
  /opt/softwareag/Apama/bin/apama_env: line 142: /opt/softwareag/Apama/bin/engine_management: cannot execute binary file: Exec format error
  ERROR: Execution of `/opt/softwareag/Apama/bin/apama_env` failed with exit status exit status: 126
  -----

08:06:11 WARN  sudo&lt;plugin_install&gt; returned non-zero exit code 2 ... blocked [run.py:20]
08:06:11 WARN  Aborted test due to BLOCKED outcome
08:06:11 INFO  
08:06:11 INFO  cleanup:
08:06:11 INFO  Removing apama project
08:06:27 INFO  Executed sudo&lt;stop_apama_service&gt;, exit status 0, duration 16 secs
08:06:28 INFO  Executed sudo&lt;remove_apama_project&gt;, exit status 0
08:06:28 INFO  Executed sudo&lt;remove_apama_tmp_dir&gt;, exit status 0
08:06:28 INFO  
08:06:28 INFO  Test duration: 19.67 secs
08:06:28 INFO  Test final outcome:  BLOCKED
08:06:28 INFO  Test outcome reason: sudo&lt;plugin_install&gt; returned non-zero exit code 2
08:06:28 INFO  
</system-out>
	</testcase>
</testsuite><testsuite name="SoftwareManagement.Plugin.apama_plugin_mon_support" tests="3" errors="0" failures="2" skipped="1" time="0"><testcase classname="ApamaPluginMonSupportTest" name="SoftwareManagement.Plugin.apama_plugin_mon_support">
		<skipped message="SKIPPED: Apama plugin tests are disabled by default. Execute `pysys run` with `-XmyPlatform=container` to run these tests" />
		<system-out>07:00:55 INFO  ==============================================================
07:00:55 INFO  Id:    SoftwareManagement.Plugin.apama_plugin_mon_support
07:00:55 INFO  Dir:   plugin_apama/
07:00:55 INFO  Title: Validate mon file support of apama plugin
07:00:55 INFO  ==============================================================
07:00:55 INFO  Apama plugin tests are disabled by default. Execute `pysys run` with `-XmyPlatform=container` to run these tests ... skipped
07:00:55 WARN  Aborted test due to SKIPPED outcome
07:00:55 INFO  
07:00:55 INFO  Test duration: 0.04 secs
07:00:55 INFO  Test final outcome:  SKIPPED
07:00:55 INFO  Test outcome reason: Apama plugin tests are disabled by default. Execute `pysys run` with `-XmyPlatform=container` to run these tests
07:00:55 INFO  
</system-out>
	</testcase>
<testcase classname="ApamaPluginMonSupportTest" name="SoftwareManagement.Plugin.apama_plugin_mon_support">
		<failure message="BLOCKED: sudo&lt;apama_correlator_wait&gt; returned non-zero exit code 126" type="BLOCKED" />
		<system-out>07:57:37 INFO  ==============================================================
07:57:37 INFO  Id:    SoftwareManagement.Plugin.apama_plugin_mon_support
07:57:37 INFO  Dir:   plugin_apama/
07:57:37 INFO  Title: Validate mon file support of apama plugin
07:57:37 INFO  ==============================================================
07:57:37 INFO  Assertion that path exists=False for "/etc/tedge/apama/project" ... passed
07:57:38 INFO  Executed sudo&lt;create_project_dir&gt;, exit status 0
07:57:38 INFO  Executed sudo&lt;unzip_apama_project&gt;, exit status 0
07:57:39 INFO  Executed sudo&lt;move_apama_project&gt;, exit status 0
07:57:40 INFO  Executed sudo&lt;restart_apama_service&gt;, exit status 0
07:57:41 WARN  Executed sudo&lt;apama_correlator_wait&gt;, exit status 126
07:57:41 INFO  Contents of apama_correlator_wait.err: 
  /opt/softwareag/Apama/bin/apama_env: line 142: /opt/softwareag/Apama/bin/component_management: cannot execute binary file: Exec format error
  -----

07:57:41 WARN  sudo&lt;apama_correlator_wait&gt; returned non-zero exit code 126 ... blocked 
07:57:41 WARN  Aborted test due to BLOCKED outcome
07:57:41 INFO  
07:57:41 INFO  cleanup:
07:57:41 INFO  Removing apama project
07:57:56 INFO  Executed sudo&lt;stop_apama_service&gt;, exit status 0, duration 15 secs
07:57:57 INFO  Executed sudo&lt;remove_apama_project&gt;, exit status 0
07:57:57 INFO  Executed sudo&lt;remove_apama_tmp_dir&gt;, exit status 0
07:57:57 INFO  
07:57:57 INFO  Test duration: 20.06 secs
07:57:57 INFO  Test final outcome:  BLOCKED
07:57:57 INFO  Test outcome reason: sudo&lt;apama_correlator_wait&gt; returned non-zero exit code 126
07:57:57 INFO  
</system-out>
	</testcase>
<testcase classname="ApamaPluginMonSupportTest" name="SoftwareManagement.Plugin.apama_plugin_mon_support">
		<failure message="BLOCKED: sudo&lt;apama_correlator_wait&gt; returned non-zero exit code 126" type="BLOCKED" />
		<system-out>08:06:28 INFO  ==============================================================
08:06:28 INFO  Id:    SoftwareManagement.Plugin.apama_plugin_mon_support
08:06:28 INFO  Dir:   plugin_apama/
08:06:28 INFO  Title: Validate mon file support of apama plugin
08:06:28 INFO  ==============================================================
08:06:28 INFO  Assertion that path exists=False for "/etc/tedge/apama/project" ... passed
08:06:29 INFO  Executed sudo&lt;create_project_dir&gt;, exit status 0
08:06:30 INFO  Executed sudo&lt;unzip_apama_project&gt;, exit status 0
08:06:30 INFO  Executed sudo&lt;move_apama_project&gt;, exit status 0
08:06:31 INFO  Executed sudo&lt;restart_apama_service&gt;, exit status 0
08:06:32 WARN  Executed sudo&lt;apama_correlator_wait&gt;, exit status 126
08:06:32 INFO  Contents of apama_correlator_wait.err: 
  /opt/softwareag/Apama/bin/apama_env: line 142: /opt/softwareag/Apama/bin/component_management: cannot execute binary file: Exec format error
  -----

08:06:32 WARN  sudo&lt;apama_correlator_wait&gt; returned non-zero exit code 126 ... blocked 
08:06:32 WARN  Aborted test due to BLOCKED outcome
08:06:32 INFO  
08:06:32 INFO  cleanup:
08:06:32 INFO  Removing apama project
08:06:48 INFO  Executed sudo&lt;stop_apama_service&gt;, exit status 0, duration 15 secs
08:06:48 INFO  Executed sudo&lt;remove_apama_project&gt;, exit status 0
08:06:49 INFO  Executed sudo&lt;remove_apama_tmp_dir&gt;, exit status 0
08:06:49 INFO  
08:06:49 INFO  Test duration: 20.30 secs
08:06:49 INFO  Test final outcome:  BLOCKED
08:06:49 INFO  Test outcome reason: sudo&lt;apama_correlator_wait&gt; returned non-zero exit code 126
08:06:49 INFO  
</system-out>
	</testcase>
</testsuite><testsuite name="SoftwareManagement.Plugin.apama_plugin_remove" tests="3" errors="0" failures="0" skipped="1" time="0"><testcase classname="ApamaPluginRemoveTest" name="SoftwareManagement.Plugin.apama_plugin_remove">
		<skipped message="SKIPPED: Apama plugin tests are disabled by default. Execute `pysys run` with `-XmyPlatform=container` to run these tests" />
		<system-out>07:00:56 INFO  ==============================================================
07:00:56 INFO  Id:    SoftwareManagement.Plugin.apama_plugin_remove
07:00:56 INFO  Dir:   plugin_apama/
07:00:56 INFO  Title: Validate apama plugin remove
07:00:56 INFO  ==============================================================
07:00:56 INFO  Apama plugin tests are disabled by default. Execute `pysys run` with `-XmyPlatform=container` to run these tests ... skipped
07:00:56 WARN  Aborted test due to SKIPPED outcome
07:00:56 INFO  
07:00:56 INFO  Test duration: 0.05 secs
07:00:56 INFO  Test final outcome:  SKIPPED
07:00:56 INFO  Test outcome reason: Apama plugin tests are disabled by default. Execute `pysys run` with `-XmyPlatform=container` to run these tests
07:00:56 INFO  
</system-out>
	</testcase>
<testcase classname="ApamaPluginRemoveTest" name="SoftwareManagement.Plugin.apama_plugin_remove" />
<testcase classname="ApamaPluginRemoveTest" name="SoftwareManagement.Plugin.apama_plugin_remove" />
</testsuite><testsuite name="SoftwareManagement.Plugin.apama_plugin_update" tests="3" errors="0" failures="0" skipped="3" time="0"><testcase classname="ApamaPluginUpdateTest" name="SoftwareManagement.Plugin.apama_plugin_update">
		<skipped message="SKIPPED: Test execution disabled due to #1052" />
		<system-out>07:00:56 INFO  ==============================================================
07:00:56 INFO  Id:    SoftwareManagement.Plugin.apama_plugin_update
07:00:56 INFO  Dir:   plugin_apama/
07:00:56 INFO  Title: Validate apama plugin updating one project with another
07:00:56 INFO  ==============================================================
07:00:56 INFO  Test execution disabled due to #1052 ... skipped
07:00:56 INFO  
07:00:56 INFO  Test duration: 0.05 secs
07:00:56 INFO  Test final outcome:  SKIPPED
07:00:56 INFO  Test outcome reason: Test execution disabled due to #1052
07:00:56 INFO  
</system-out>
	</testcase>
<testcase classname="ApamaPluginUpdateTest" name="SoftwareManagement.Plugin.apama_plugin_update">
		<skipped message="SKIPPED: Test execution disabled due to #1052" />
		<system-out>07:58:16 INFO  ==============================================================
07:58:16 INFO  Id:    SoftwareManagement.Plugin.apama_plugin_update
07:58:16 INFO  Dir:   plugin_apama/
07:58:16 INFO  Title: Validate apama plugin updating one project with another
07:58:16 INFO  ==============================================================
07:58:16 INFO  Test execution disabled due to #1052 ... skipped
07:58:16 INFO  
07:58:16 INFO  Test duration: 0.03 secs
07:58:16 INFO  Test final outcome:  SKIPPED
07:58:16 INFO  Test outcome reason: Test execution disabled due to #1052
07:58:16 INFO  
</system-out>
	</testcase>
<testcase classname="ApamaPluginUpdateTest" name="SoftwareManagement.Plugin.apama_plugin_update">
		<skipped message="SKIPPED: Test execution disabled due to #1052" />
		<system-out>08:07:08 INFO  ==============================================================
08:07:08 INFO  Id:    SoftwareManagement.Plugin.apama_plugin_update
08:07:08 INFO  Dir:   plugin_apama/
08:07:08 INFO  Title: Validate apama plugin updating one project with another
08:07:08 INFO  ==============================================================
08:07:08 INFO  Test execution disabled due to #1052 ... skipped
08:07:08 INFO  
08:07:08 INFO  Test duration: 0.02 secs
08:07:08 INFO  Test final outcome:  SKIPPED
08:07:08 INFO  Test outcome reason: Test execution disabled due to #1052
08:07:08 INFO  
</system-out>
	</testcase>
</testsuite><testsuite name="SoftwareManagement.sm_apt_install_download_path" tests="3" errors="0" failures="2" skipped="1" time="0"><testcase classname="AptInstallWithDownloadPath" name="SoftwareManagement.sm_apt_install_download_path">
		<skipped message="SKIPPED: Testing the apt plugin is not supported on this platform.Use parameter -XmyPlatform='container' to enable it" />
		<system-out>07:11:22 INFO  ==============================================================
07:11:22 INFO  Id:    SoftwareManagement.sm_apt_install_download_path
07:11:22 INFO  Dir:   software_management_end_to_end/
07:11:22 INFO  Title: Install package to directory specified in tedge config set tmp.path
07:11:22 INFO  ==============================================================
07:11:22 INFO  Testing the apt plugin is not supported on this platform.Use parameter -XmyPlatform='container' to enable it ... skipped
07:11:22 WARN  Aborted test due to SKIPPED outcome
07:11:22 INFO  
07:11:22 INFO  Test duration: 0.12 secs
07:11:22 INFO  Test final outcome:  SKIPPED
07:11:22 INFO  Test outcome reason: Testing the apt plugin is not supported on this platform.Use parameter -XmyPlatform='container' to enable it
07:11:22 INFO  
</system-out>
	</testcase>
<testcase classname="AptInstallWithDownloadPath" name="SoftwareManagement.sm_apt_install_download_path">
		<failure message="BLOCKED: AssertionError:" type="BLOCKED" />
		<system-out>07:38:35 INFO  ==============================================================
07:38:35 INFO  Id:    SoftwareManagement.sm_apt_install_download_path
07:38:35 INFO  Dir:   software_management_end_to_end/
07:38:35 INFO  Title: Install package to directory specified in tedge config set tmp.path
07:38:35 INFO  ==============================================================
07:38:35 INFO  Using sw id database: {'asciijump': '5475369', 'robotfindskitten': '5474869', 'squirrel3': '5475279', 'rolldice': '5152439', 'moon-buggy': '5439204', 'apple': '5495053', 'banana': '5494888', 'cherry': '5495382', 'watermelon': '5494510', 'registry': '8018911', 'hello-world': '8021526', 'docker/getting-started': '8021973', 'alpine': '7991792'}
07:38:35 INFO  EnvironmentC8y Setup
07:38:36 INFO  Executed systemctl&lt;serv_mapper1&gt;, exit status 3
07:38:55 INFO  Executed sudo&lt;tedge_connect_c8y&gt;, exit status 0, duration 19 secs
07:38:56 INFO  Executed sudo&lt;tedge_connect_c8y_test&gt;, exit status 0
07:38:57 INFO  Executed systemctl&lt;serv_mosq2&gt;, exit status 0
07:38:57 INFO  Executed systemctl&lt;serv_mapper3&gt;, exit status 0
07:39:00 ERROR No operations found, assuming it passed
07:39:00 INFO  Assert that (False == value) with value=False ... passed
07:39:00 INFO  Executed sudo, exit status 0
07:39:01 INFO  Executed sudo, exit status 0
07:39:02 INFO  Executed sudo, exit status 0
07:39:07 INFO  Executed sudo&lt;tedge_disconnect_c8y&gt;, exit status 0
07:39:07 INFO  Restarting mosquitto too frequently in the last 10 seconds. It was only up for 4 seconds
07:39:07 INFO  Delaying execution by 7 seconds
07:39:32 INFO  Executed sudo&lt;tedge_connect_c8y&gt;, exit status 0, duration 17 secs
07:39:32 INFO  Response status: 201
07:39:32 INFO  Response to action: {
    "creationTime": "2022-05-09T07:39:32.304Z",
    "deviceName": "m32sd11e",
    "deviceId": "18457341",
    "self": "https://t493319102.eu-latest.cumulocity.com/devicecontrol/operations/18523363",
    "id": "18523363",
    "status": "PENDING",
    "description": "Apply software changes, triggered from PySys: [{'name': 'rolldice', 'id': '5152439', 'version': '::apt', 'url': 'https://thin-edge-io.eu-latest.cumulocity.com/inventory/binaries/12435463', 'action': 'install'}]",
    "c8y_SoftwareUpdate": [
        {
            "name": "rolldice",
            "action": "install",
            "id": "5152439",
            "version": "::apt",
            "url": "https://thin-edge-io.eu-latest.cumulocity.com/inventory/binaries/12435463"
        }
    ]
}
07:39:32 INFO  Started operation: {'creationTime': '2022-05-09T07:39:32.304Z', 'deviceName': 'm32sd11e', 'deviceId': '18457341', 'self': 'https://t493319102.eu-latest.cumulocity.com/devicecontrol/operations/18523363', 'id': '18523363', 'status': 'PENDING', 'description': "Apply software changes, triggered from PySys: [{'name': 'rolldice', 'id': '5152439', 'version': '::apt', 'url': 'https://thin-edge-io.eu-latest.cumulocity.com/inventory/binaries/12435463', 'action': 'install'}]", 'c8y_SoftwareUpdate': [{'name': 'rolldice', 'action': 'install', 'id': '5152439', 'version': '::apt', 'url': 'https://thin-edge-io.eu-latest.cumulocity.com/inventory/binaries/12435463'}]}
07:39:32 WARN  , retrying in 0.5 seconds...
07:39:32 WARN  , retrying in 0.5 seconds...
07:39:33 WARN  , retrying in 0.5 seconds...
07:39:33 WARN  , retrying in 0.5 seconds...
07:39:34 WARN  , retrying in 0.5 seconds...
07:39:34 WARN  , retrying in 0.5 seconds...
07:39:35 WARN  , retrying in 0.5 seconds...
07:39:35 WARN  , retrying in 0.5 seconds...
07:39:36 WARN  , retrying in 0.5 seconds...
07:39:36 WARN  AssertionError occurred while running test - 
Traceback (most recent call last):
  File "/home/pi/env-pysys/lib/python3.9/site-packages/pysys/baserunner.py", line 1294, in __call__
    self.testObj.execute()
  File "/home/pi/actions-runner/_work/thin-edge.io/thin-edge.io/tests/PySys/software_management_end_to_end/sm_apt_install_download_path/run.py", line 83, in execute
    assert_install_in_download_path(install_directory=self.DOWNLOAD_DIR)
  File "/home/pi/env-pysys/lib/python3.9/site-packages/decorator.py", line 232, in fun
    return caller(func, *(extras + args), **kw)
  File "/home/pi/env-pysys/lib/python3.9/site-packages/retry/api.py", line 73, in retry_decorator
    return __retry_internal(partial(f, *args, **kwargs), exceptions, tries, delay, max_delay, backoff, jitter,
  File "/home/pi/env-pysys/lib/python3.9/site-packages/retry/api.py", line 33, in __retry_internal
    return f()
  File "/home/pi/actions-runner/_work/thin-edge.io/thin-edge.io/tests/PySys/software_management_end_to_end/sm_apt_install_download_path/run.py", line 28, in assert_install_in_download_path
    assert "rolldice" in os.listdir(f"{install_directory}")
AssertionError
07:39:37 WARN  AssertionError: ... blocked 
07:39:37 INFO  
07:39:37 INFO  cleanup:
07:39:37 INFO  Executed sudo, exit status 0
07:39:38 INFO  Executed sudo, exit status 0
07:39:44 INFO  Executed sudo&lt;tedge_disconnect_c8y&gt;, exit status 0
07:39:44 INFO  Restarting mosquitto too frequently in the last 10 seconds. It was only up for 5 seconds
07:39:44 INFO  Delaying execution by 6 seconds
07:40:08 INFO  Executed sudo&lt;tedge_connect_c8y&gt;, exit status 0, duration 17 secs
07:40:13 INFO  Executed sudo&lt;tedge_disconnect_c8y&gt;, exit status 0
07:40:14 INFO  Executed systemctl&lt;serv_mapper5&gt;, exit status 3
07:40:14 INFO  
07:40:14 INFO  Test duration: 98.69 secs
07:40:14 INFO  Test final outcome:  BLOCKED
07:40:14 INFO  Test outcome reason: AssertionError:
07:40:14 INFO  
</system-out>
	</testcase>
<testcase classname="AptInstallWithDownloadPath" name="SoftwareManagement.sm_apt_install_download_path">
		<failure message="BLOCKED: AssertionError:" type="BLOCKED" />
		<system-out>08:07:08 INFO  ==============================================================
08:07:08 INFO  Id:    SoftwareManagement.sm_apt_install_download_path
08:07:08 INFO  Dir:   software_management_end_to_end/
08:07:08 INFO  Title: Install package to directory specified in tedge config set tmp.path
08:07:08 INFO  ==============================================================
08:07:09 INFO  Using sw id database: {'asciijump': '5475369', 'robotfindskitten': '5474869', 'squirrel3': '5475279', 'rolldice': '5152439', 'moon-buggy': '5439204', 'apple': '5495053', 'banana': '5494888', 'cherry': '5495382', 'watermelon': '5494510', 'registry': '8018911', 'hello-world': '8021526', 'docker/getting-started': '8021973', 'alpine': '7991792'}
08:07:09 INFO  EnvironmentC8y Setup
08:07:10 INFO  Executed systemctl&lt;serv_mapper1&gt;, exit status 3
08:07:27 INFO  Executed sudo&lt;tedge_connect_c8y&gt;, exit status 0, duration 17 secs
08:07:28 INFO  Executed sudo&lt;tedge_connect_c8y_test&gt;, exit status 0
08:07:29 INFO  Executed systemctl&lt;serv_mosq2&gt;, exit status 0
08:07:29 INFO  Executed systemctl&lt;serv_mapper3&gt;, exit status 0
08:07:31 INFO  State of current operation: SUCCESSFUL
08:07:32 INFO  Assert that (False == value) with value=False ... passed
08:07:32 INFO  Executed sudo, exit status 0
08:07:33 INFO  Executed sudo, exit status 0
08:07:33 INFO  Executed sudo, exit status 0
08:07:39 INFO  Executed sudo&lt;tedge_disconnect_c8y&gt;, exit status 0
08:07:39 INFO  Restarting mosquitto too frequently in the last 10 seconds. It was only up for 5 seconds
08:07:39 INFO  Delaying execution by 6 seconds
08:08:03 INFO  Executed sudo&lt;tedge_connect_c8y&gt;, exit status 0, duration 17 secs
08:08:03 INFO  Response status: 201
08:08:03 INFO  Response to action: {
    "creationTime": "2022-05-09T08:08:03.301Z",
    "deviceName": "m32sd11e",
    "deviceId": "18457341",
    "self": "https://t493319102.eu-latest.cumulocity.com/devicecontrol/operations/18523589",
    "id": "18523589",
    "status": "PENDING",
    "description": "Apply software changes, triggered from PySys: [{'name': 'rolldice', 'id': '5152439', 'version': '::apt', 'url': 'https://thin-edge-io.eu-latest.cumulocity.com/inventory/binaries/12435463', 'action': 'install'}]",
    "c8y_SoftwareUpdate": [
        {
            "name": "rolldice",
            "action": "install",
            "id": "5152439",
            "version": "::apt",
            "url": "https://thin-edge-io.eu-latest.cumulocity.com/inventory/binaries/12435463"
        }
    ]
}
08:08:03 INFO  Started operation: {'creationTime': '2022-05-09T08:08:03.301Z', 'deviceName': 'm32sd11e', 'deviceId': '18457341', 'self': 'https://t493319102.eu-latest.cumulocity.com/devicecontrol/operations/18523589', 'id': '18523589', 'status': 'PENDING', 'description': "Apply software changes, triggered from PySys: [{'name': 'rolldice', 'id': '5152439', 'version': '::apt', 'url': 'https://thin-edge-io.eu-latest.cumulocity.com/inventory/binaries/12435463', 'action': 'install'}]", 'c8y_SoftwareUpdate': [{'name': 'rolldice', 'action': 'install', 'id': '5152439', 'version': '::apt', 'url': 'https://thin-edge-io.eu-latest.cumulocity.com/inventory/binaries/12435463'}]}
08:08:03 WARN  , retrying in 0.5 seconds...
08:08:03 WARN  , retrying in 0.5 seconds...
08:08:04 WARN  , retrying in 0.5 seconds...
08:08:04 WARN  , retrying in 0.5 seconds...
08:08:05 WARN  , retrying in 0.5 seconds...
08:08:05 WARN  , retrying in 0.5 seconds...
08:08:06 WARN  , retrying in 0.5 seconds...
08:08:06 WARN  , retrying in 0.5 seconds...
08:08:07 WARN  , retrying in 0.5 seconds...
08:08:07 WARN  AssertionError occurred while running test - 
Traceback (most recent call last):
  File "/home/pi/env-pysys/lib/python3.9/site-packages/pysys/baserunner.py", line 1294, in __call__
    self.testObj.execute()
  File "/home/pi/actions-runner/_work/thin-edge.io/thin-edge.io/tests/PySys/software_management_end_to_end/sm_apt_install_download_path/run.py", line 83, in execute
    assert_install_in_download_path(install_directory=self.DOWNLOAD_DIR)
  File "/home/pi/env-pysys/lib/python3.9/site-packages/decorator.py", line 232, in fun
    return caller(func, *(extras + args), **kw)
  File "/home/pi/env-pysys/lib/python3.9/site-packages/retry/api.py", line 73, in retry_decorator
    return __retry_internal(partial(f, *args, **kwargs), exceptions, tries, delay, max_delay, backoff, jitter,
  File "/home/pi/env-pysys/lib/python3.9/site-packages/retry/api.py", line 33, in __retry_internal
    return f()
  File "/home/pi/actions-runner/_work/thin-edge.io/thin-edge.io/tests/PySys/software_management_end_to_end/sm_apt_install_download_path/run.py", line 28, in assert_install_in_download_path
    assert "rolldice" in os.listdir(f"{install_directory}")
AssertionError
08:08:07 WARN  AssertionError: ... blocked 
08:08:07 INFO  
08:08:07 INFO  cleanup:
08:08:08 INFO  Executed sudo, exit status 0
08:08:09 INFO  Executed sudo, exit status 0
08:08:15 INFO  Executed sudo&lt;tedge_disconnect_c8y&gt;, exit status 0
08:08:15 INFO  Restarting mosquitto too frequently in the last 10 seconds. It was only up for 5 seconds
08:08:15 INFO  Delaying execution by 6 seconds
08:08:38 INFO  Executed sudo&lt;tedge_connect_c8y&gt;, exit status 0, duration 17 secs
08:08:44 INFO  Executed sudo&lt;tedge_disconnect_c8y&gt;, exit status 0
08:08:44 INFO  Executed systemctl&lt;serv_mapper5&gt;, exit status 3
08:08:44 INFO  
08:08:44 INFO  Test duration: 96.66 secs
08:08:44 INFO  Test final outcome:  BLOCKED
08:08:44 INFO  Test outcome reason: AssertionError:
08:08:44 INFO  
</system-out>
	</testcase>
</testsuite><testsuite name="SoftwareManagement.sm_apt_install_fail" tests="3" errors="0" failures="0" skipped="1" time="0"><testcase classname="PySysTest" name="SoftwareManagement.sm_apt_install_fail">
		<skipped message="SKIPPED: Testing the apt plugin is not supported on this platform.Use parameter -XmyPlatform='container' to enable it" />
		<system-out>07:11:22 INFO  ==============================================================
07:11:22 INFO  Id:    SoftwareManagement.sm_apt_install_fail
07:11:22 INFO  Dir:   software_management_end_to_end/
07:11:23 INFO  Title: Validate end to end behaviour for a failing installation
07:11:23 INFO  ==============================================================
07:11:23 INFO  Testing the apt plugin is not supported on this platform.Use parameter -XmyPlatform='container' to enable it ... skipped
07:11:23 WARN  Aborted test due to SKIPPED outcome
07:11:23 INFO  
07:11:23 INFO  Test duration: 0.02 secs
07:11:23 INFO  Test final outcome:  SKIPPED
07:11:23 INFO  Test outcome reason: Testing the apt plugin is not supported on this platform.Use parameter -XmyPlatform='container' to enable it
07:11:23 INFO  
</system-out>
	</testcase>
<testcase classname="PySysTest" name="SoftwareManagement.sm_apt_install_fail" />
<testcase classname="PySysTest" name="SoftwareManagement.sm_apt_install_fail" />
</testsuite><testsuite name="SoftwareManagement.sm_apt_install_remove" tests="3" errors="0" failures="0" skipped="1" time="0"><testcase classname="PySysTest" name="SoftwareManagement.sm_apt_install_remove">
		<skipped message="SKIPPED: Testing the apt plugin is not supported on this platform.Use parameter -XmyPlatform='container' to enable it" />
		<system-out>07:11:23 INFO  ==============================================================
07:11:23 INFO  Id:    SoftwareManagement.sm_apt_install_remove
07:11:23 INFO  Dir:   software_management_end_to_end/
07:11:23 INFO  Title: Validate end to end behaviour for the apt plugin for installation and removal of packages
07:11:23 INFO  ==============================================================
07:11:23 INFO  Testing the apt plugin is not supported on this platform.Use parameter -XmyPlatform='container' to enable it ... skipped
07:11:23 WARN  Aborted test due to SKIPPED outcome
07:11:23 INFO  
07:11:23 INFO  Test duration: 0.02 secs
07:11:23 INFO  Test final outcome:  SKIPPED
07:11:23 INFO  Test outcome reason: Testing the apt plugin is not supported on this platform.Use parameter -XmyPlatform='container' to enable it
07:11:23 INFO  
</system-out>
	</testcase>
<testcase classname="PySysTest" name="SoftwareManagement.sm_apt_install_remove" />
<testcase classname="PySysTest" name="SoftwareManagement.sm_apt_install_remove" />
</testsuite><testsuite name="SoftwareManagement.sm_apt_install_remove_default" tests="3" errors="0" failures="0" skipped="1" time="0"><testcase classname="PySysTest" name="SoftwareManagement.sm_apt_install_remove_default">
		<skipped message="SKIPPED: Testing the apt plugin is not supported on this platform.Use parameter -XmyPlatform='container' to enable it" />
		<system-out>07:11:23 INFO  ==============================================================
07:11:23 INFO  Id:    SoftwareManagement.sm_apt_install_remove_default
07:11:23 INFO  Dir:   software_management_end_to_end/
07:11:23 INFO  Title: Validate end to end behaviour for the default plugin for installation and removal of packages
07:11:23 INFO  ==============================================================
07:11:23 INFO  Testing the apt plugin is not supported on this platform.Use parameter -XmyPlatform='container' to enable it ... skipped
07:11:23 WARN  Aborted test due to SKIPPED outcome
07:11:23 INFO  
07:11:23 INFO  Test duration: 0.02 secs
07:11:23 INFO  Test final outcome:  SKIPPED
07:11:23 INFO  Test outcome reason: Testing the apt plugin is not supported on this platform.Use parameter -XmyPlatform='container' to enable it
07:11:23 INFO  
</system-out>
	</testcase>
<testcase classname="PySysTest" name="SoftwareManagement.sm_apt_install_remove_default" />
<testcase classname="PySysTest" name="SoftwareManagement.sm_apt_install_remove_default" />
</testsuite><testsuite name="SoftwareManagement.sm_apt_install_remove_multiple" tests="3" errors="0" failures="2" skipped="1" time="0"><testcase classname="PySysTest" name="SoftwareManagement.sm_apt_install_remove_multiple">
		<skipped message="SKIPPED: Testing the apt plugin is not supported on this platform.Use parameter -XmyPlatform='container' to enable it" />
		<system-out>07:11:23 INFO  ==============================================================
07:11:23 INFO  Id:    SoftwareManagement.sm_apt_install_remove_multiple
07:11:23 INFO  Dir:   software_management_end_to_end/
07:11:23 INFO  Title: Validate end to end behaviour for the apt plugin for multiple packages
07:11:23 INFO  ==============================================================
07:11:23 INFO  Testing the apt plugin is not supported on this platform.Use parameter -XmyPlatform='container' to enable it ... skipped
07:11:23 WARN  Aborted test due to SKIPPED outcome
07:11:23 INFO  
07:11:23 INFO  Test duration: 0.02 secs
07:11:23 INFO  Test final outcome:  SKIPPED
07:11:23 INFO  Test outcome reason: Testing the apt plugin is not supported on this platform.Use parameter -XmyPlatform='container' to enable it
07:11:23 INFO  
</system-out>
	</testcase>
<testcase classname="PySysTest" name="SoftwareManagement.sm_apt_install_remove_multiple">
		<failure message="FAILED: Assert that (False == value) with value=True" type="FAILED" />
		<system-out>07:47:48 INFO  ==============================================================
07:47:48 INFO  Id:    SoftwareManagement.sm_apt_install_remove_multiple
07:47:48 INFO  Dir:   software_management_end_to_end/
07:47:48 INFO  Title: Validate end to end behaviour for the apt plugin for multiple packages
07:47:48 INFO  ==============================================================
07:47:48 INFO  Using sw id database: {'asciijump': '5475369', 'robotfindskitten': '5474869', 'squirrel3': '5475279', 'rolldice': '5152439', 'moon-buggy': '5439204', 'apple': '5495053', 'banana': '5494888', 'cherry': '5495382', 'watermelon': '5494510', 'registry': '8018911', 'hello-world': '8021526', 'docker/getting-started': '8021973', 'alpine': '7991792'}
07:47:48 INFO  EnvironmentC8y Setup
07:47:49 INFO  Executed systemctl&lt;serv_mapper1&gt;, exit status 3
07:47:49 INFO  Restarting mosquitto too frequently in the last 10 seconds. It was only up for 7 seconds
07:47:49 INFO  Delaying execution by 4 seconds
07:48:10 INFO  Executed sudo&lt;tedge_connect_c8y&gt;, exit status 0, duration 17 secs
07:48:11 INFO  Executed sudo&lt;tedge_connect_c8y_test&gt;, exit status 0
07:48:11 INFO  Executed systemctl&lt;serv_mosq2&gt;, exit status 0
07:48:12 INFO  Executed systemctl&lt;serv_mapper3&gt;, exit status 0
07:48:14 INFO  State of current operation: SUCCESSFUL
07:48:14 INFO  Assert that (False == value) with value=False ... passed
07:48:15 INFO  Assert that (False == value) with value=False ... passed
07:48:15 INFO  Assert that (False == value) with value=False ... passed
07:48:15 INFO  Package robotfindskitten is installed
07:48:15 WARN  Assert that (False == value) with value=True ... failed 
07:48:15 INFO  Response status: 201
07:48:15 INFO  Response to action: {
    "creationTime": "2022-05-09T07:48:15.821Z",
    "deviceName": "m32sd11e",
    "deviceId": "18457341",
    "self": "https://t493319102.eu-latest.cumulocity.com/devicecontrol/operations/18523428",
    "id": "18523428",
    "status": "PENDING",
    "description": "Apply software changes, triggered from PySys: [{'action': 'install', 'id': '5475369', 'name': 'asciijump', 'url': ' ', 'version': '::apt'}, {'action': 'install', 'id': '5474869', 'name': 'robotfindskitten', 'url': ' ', 'version': '::apt'}, {'action': 'install', 'id': '5475279', 'name': 'squirrel3', 'url': ' ', 'version': '::apt'}]",
    "c8y_SoftwareUpdate": [
        {
            "name": "asciijump",
            "action": "install",
            "id": "5475369",
            "version": "::apt",
            "url": " "
        },
        {
            "name": "robotfindskitten",
            "action": "install",
            "id": "5474869",
            "version": "::apt",
            "url": " "
        },
        {
            "name": "squirrel3",
            "action": "install",
            "id": "5475279",
            "version": "::apt",
            "url": " "
        }
    ]
}
07:48:15 INFO  Started operation: {'creationTime': '2022-05-09T07:48:15.821Z', 'deviceName': 'm32sd11e', 'deviceId': '18457341', 'self': 'https://t493319102.eu-latest.cumulocity.com/devicecontrol/operations/18523428', 'id': '18523428', 'status': 'PENDING', 'description': "Apply software changes, triggered from PySys: [{'action': 'install', 'id': '5475369', 'name': 'asciijump', 'url': ' ', 'version': '::apt'}, {'action': 'install', 'id': '5474869', 'name': 'robotfindskitten', 'url': ' ', 'version': '::apt'}, {'action': 'install', 'id': '5475279', 'name': 'squirrel3', 'url': ' ', 'version': '::apt'}]", 'c8y_SoftwareUpdate': [{'name': 'asciijump', 'action': 'install', 'id': '5475369', 'version': '::apt', 'url': ' '}, {'name': 'robotfindskitten', 'action': 'install', 'id': '5474869', 'version': '::apt', 'url': ' '}, {'name': 'squirrel3', 'action': 'install', 'id': '5475279', 'version': '::apt', 'url': ' '}]}
07:48:18 INFO  State of operation 18523428 : PENDING
07:48:20 INFO  State of operation 18523428 : EXECUTING
07:48:22 INFO  State of operation 18523428 : EXECUTING
07:48:24 INFO  State of operation 18523428 : EXECUTING
07:48:27 INFO  State of operation 18523428 : EXECUTING
07:48:29 INFO  State of operation 18523428 : EXECUTING
07:48:31 INFO  State of operation 18523428 : EXECUTING
07:48:34 INFO  State of operation 18523428 : EXECUTING
07:48:37 INFO  State of operation 18523428 : EXECUTING
07:48:39 INFO  State of operation 18523428 : EXECUTING
07:48:42 INFO  State of operation 18523428 : EXECUTING
07:48:44 INFO  State of operation 18523428 : EXECUTING
07:48:46 INFO  State of operation 18523428 : EXECUTING
07:48:48 INFO  State of operation 18523428 : EXECUTING
07:48:51 INFO  State of operation 18523428 : EXECUTING
07:48:53 INFO  State of operation 18523428 : EXECUTING
07:48:55 INFO  State of operation 18523428 : EXECUTING
07:48:58 INFO  State of operation 18523428 : EXECUTING
07:49:00 INFO  State of operation 18523428 : EXECUTING
07:49:02 INFO  State of operation 18523428 : EXECUTING
07:49:05 INFO  State of operation 18523428 : EXECUTING
07:49:08 INFO  State of operation 18523428 : EXECUTING
07:49:10 INFO  State of operation 18523428 : EXECUTING
07:49:12 INFO  State of operation 18523428 : EXECUTING
07:49:14 INFO  State of operation 18523428 : EXECUTING
07:49:16 INFO  State of operation 18523428 : EXECUTING
07:49:19 INFO  State of operation 18523428 : EXECUTING
07:49:21 INFO  State of operation 18523428 : EXECUTING
07:49:24 INFO  State of operation 18523428 : EXECUTING
07:49:26 INFO  State of operation 18523428 : EXECUTING
07:49:28 INFO  State of operation 18523428 : EXECUTING
07:49:31 INFO  State of operation 18523428 : EXECUTING
07:49:33 INFO  State of operation 18523428 : EXECUTING
07:49:35 INFO  State of operation 18523428 : EXECUTING
07:49:38 INFO  State of operation 18523428 : EXECUTING
07:49:40 INFO  State of operation 18523428 : EXECUTING
07:49:42 INFO  State of operation 18523428 : EXECUTING
07:49:44 INFO  State of operation 18523428 : EXECUTING
07:49:47 INFO  State of operation 18523428 : EXECUTING
07:49:49 INFO  State of operation 18523428 : SUCCESSFUL
07:49:49 INFO  Assert that (False == value) with value=False ... passed
07:49:49 INFO  Package asciijump is installed
07:49:49 INFO  Assert that (True == value) with value=True ... passed
07:49:50 INFO  Package squirrel3 is installed
07:49:50 INFO  Assert that (True == value) with value=True ... passed
07:49:50 INFO  Package robotfindskitten is installed
07:49:50 INFO  Assert that (True == value) with value=True ... passed
07:49:50 INFO  Response status: 201
07:49:50 INFO  Response to action: {
    "creationTime": "2022-05-09T07:49:50.548Z",
    "deviceName": "m32sd11e",
    "deviceId": "18457341",
    "self": "https://t493319102.eu-latest.cumulocity.com/devicecontrol/operations/18523436",
    "id": "18523436",
    "status": "PENDING",
    "description": "Apply software changes, triggered from PySys: [{'action': 'delete', 'id': '5475369', 'name': 'asciijump', 'url': ' ', 'version': '::apt'}, {'action': 'delete', 'id': '5474869', 'name': 'robotfindskitten', 'url': ' ', 'version': '::apt'}, {'action': 'delete', 'id': '5475279', 'name': 'squirrel3', 'url': ' ', 'version': '::apt'}]",
    "c8y_SoftwareUpdate": [
        {
            "name": "asciijump",
            "action": "delete",
            "id": "5475369",
            "version": "::apt",
            "url": " "
        },
        {
            "name": "robotfindskitten",
            "action": "delete",
            "id": "5474869",
            "version": "::apt",
            "url": " "
        },
        {
            "name": "squirrel3",
            "action": "delete",
            "id": "5475279",
            "version": "::apt",
            "url": " "
        }
    ]
}
07:49:50 INFO  Started operation: {'creationTime': '2022-05-09T07:49:50.548Z', 'deviceName': 'm32sd11e', 'deviceId': '18457341', 'self': 'https://t493319102.eu-latest.cumulocity.com/devicecontrol/operations/18523436', 'id': '18523436', 'status': 'PENDING', 'description': "Apply software changes, triggered from PySys: [{'action': 'delete', 'id': '5475369', 'name': 'asciijump', 'url': ' ', 'version': '::apt'}, {'action': 'delete', 'id': '5474869', 'name': 'robotfindskitten', 'url': ' ', 'version': '::apt'}, {'action': 'delete', 'id': '5475279', 'name': 'squirrel3', 'url': ' ', 'version': '::apt'}]", 'c8y_SoftwareUpdate': [{'name': 'asciijump', 'action': 'delete', 'id': '5475369', 'version': '::apt', 'url': ' '}, {'name': 'robotfindskitten', 'action': 'delete', 'id': '5474869', 'version': '::apt', 'url': ' '}, {'name': 'squirrel3', 'action': 'delete', 'id': '5475279', 'version': '::apt', 'url': ' '}]}
07:49:52 INFO  State of operation 18523436 : PENDING
07:49:55 INFO  State of operation 18523436 : EXECUTING
07:49:57 INFO  State of operation 18523436 : EXECUTING
07:49:59 INFO  State of operation 18523436 : EXECUTING
07:50:01 INFO  State of operation 18523436 : EXECUTING
07:50:03 INFO  State of operation 18523436 : EXECUTING
07:50:06 INFO  State of operation 18523436 : EXECUTING
07:50:09 INFO  State of operation 18523436 : EXECUTING
07:50:11 INFO  State of operation 18523436 : EXECUTING
07:50:13 INFO  State of operation 18523436 : EXECUTING
07:50:16 INFO  State of operation 18523436 : EXECUTING
07:50:18 INFO  State of operation 18523436 : EXECUTING
07:50:20 INFO  State of operation 18523436 : EXECUTING
07:50:23 INFO  State of operation 18523436 : EXECUTING
07:50:25 INFO  State of operation 18523436 : EXECUTING
07:50:27 INFO  State of operation 18523436 : EXECUTING
07:50:29 INFO  State of operation 18523436 : EXECUTING
07:50:32 INFO  State of operation 18523436 : EXECUTING
07:50:34 INFO  State of operation 18523436 : EXECUTING
07:50:36 INFO  State of operation 18523436 : EXECUTING
07:50:39 INFO  State of operation 18523436 : EXECUTING
07:50:41 INFO  State of operation 18523436 : EXECUTING
07:50:44 INFO  State of operation 18523436 : EXECUTING
07:50:46 INFO  State of operation 18523436 : EXECUTING
07:50:48 INFO  State of operation 18523436 : EXECUTING
07:50:50 INFO  State of operation 18523436 : EXECUTING
07:50:53 INFO  State of operation 18523436 : EXECUTING
07:50:55 INFO  State of operation 18523436 : EXECUTING
07:50:58 INFO  State of operation 18523436 : EXECUTING
07:51:00 INFO  State of operation 18523436 : EXECUTING
07:51:02 INFO  State of operation 18523436 : EXECUTING
07:51:05 INFO  State of operation 18523436 : EXECUTING
07:51:07 INFO  State of operation 18523436 : SUCCESSFUL
07:51:07 INFO  Assert that (False == value) with value=False ... passed
07:51:07 INFO  Assert that (False == value) with value=False ... passed
07:51:08 INFO  Assert that (False == value) with value=False ... passed
07:51:08 INFO  Assert that (False == value) with value=False ... passed
07:51:08 INFO  
07:51:08 INFO  cleanup:
07:51:13 INFO  Executed sudo&lt;tedge_disconnect_c8y&gt;, exit status 0
07:51:14 INFO  Executed systemctl&lt;serv_mapper5&gt;, exit status 3
07:51:14 INFO  
07:51:14 INFO  Test duration: 206.03 secs
07:51:14 INFO  Test final outcome:  FAILED
07:51:14 INFO  Test outcome reason: Assert that (False == value) with value=True
07:51:14 INFO  
</system-out>
	</testcase>
<testcase classname="PySysTest" name="SoftwareManagement.sm_apt_install_remove_multiple">
		<failure message="FAILED: Assert that (False == value) with value=True (+2 other failures)" type="FAILED" />
		<system-out>08:16:57 INFO  ==============================================================
08:16:57 INFO  Id:    SoftwareManagement.sm_apt_install_remove_multiple
08:16:57 INFO  Dir:   software_management_end_to_end/
08:16:57 INFO  Title: Validate end to end behaviour for the apt plugin for multiple packages
08:16:57 INFO  ==============================================================
08:16:57 INFO  Using sw id database: {'asciijump': '5475369', 'robotfindskitten': '5474869', 'squirrel3': '5475279', 'rolldice': '5152439', 'moon-buggy': '5439204', 'apple': '5495053', 'banana': '5494888', 'cherry': '5495382', 'watermelon': '5494510', 'registry': '8018911', 'hello-world': '8021526', 'docker/getting-started': '8021973', 'alpine': '7991792'}
08:16:57 INFO  EnvironmentC8y Setup
08:16:58 INFO  Executed systemctl&lt;serv_mapper1&gt;, exit status 3
08:16:58 INFO  Restarting mosquitto too frequently in the last 10 seconds. It was only up for 6 seconds
08:16:58 INFO  Delaying execution by 5 seconds
08:17:20 INFO  Executed sudo&lt;tedge_connect_c8y&gt;, exit status 0, duration 17 secs
08:17:21 INFO  Executed sudo&lt;tedge_connect_c8y_test&gt;, exit status 0
08:17:21 INFO  Executed systemctl&lt;serv_mosq2&gt;, exit status 0
08:17:22 INFO  Executed systemctl&lt;serv_mapper3&gt;, exit status 0
08:17:24 INFO  State of current operation: SUCCESSFUL
08:17:24 INFO  Assert that (False == value) with value=False ... passed
08:17:25 INFO  Package asciijump is installed
08:17:25 WARN  Assert that (False == value) with value=True ... failed 
08:17:25 INFO  Package squirrel3 is installed
08:17:25 WARN  Assert that (False == value) with value=True ... failed 
08:17:26 INFO  Package robotfindskitten is installed
08:17:26 WARN  Assert that (False == value) with value=True ... failed 
08:17:26 INFO  Response status: 201
08:17:26 INFO  Response to action: {
    "creationTime": "2022-05-09T08:17:26.320Z",
    "deviceName": "m32sd11e",
    "deviceId": "18457341",
    "self": "https://t493319102.eu-latest.cumulocity.com/devicecontrol/operations/18523671",
    "id": "18523671",
    "status": "PENDING",
    "description": "Apply software changes, triggered from PySys: [{'action': 'install', 'id': '5475369', 'name': 'asciijump', 'url': ' ', 'version': '::apt'}, {'action': 'install', 'id': '5474869', 'name': 'robotfindskitten', 'url': ' ', 'version': '::apt'}, {'action': 'install', 'id': '5475279', 'name': 'squirrel3', 'url': ' ', 'version': '::apt'}]",
    "c8y_SoftwareUpdate": [
        {
            "name": "asciijump",
            "action": "install",
            "id": "5475369",
            "version": "::apt",
            "url": " "
        },
        {
            "name": "robotfindskitten",
            "action": "install",
            "id": "5474869",
            "version": "::apt",
            "url": " "
        },
        {
            "name": "squirrel3",
            "action": "install",
            "id": "5475279",
            "version": "::apt",
            "url": " "
        }
    ]
}
08:17:26 INFO  Started operation: {'creationTime': '2022-05-09T08:17:26.320Z', 'deviceName': 'm32sd11e', 'deviceId': '18457341', 'self': 'https://t493319102.eu-latest.cumulocity.com/devicecontrol/operations/18523671', 'id': '18523671', 'status': 'PENDING', 'description': "Apply software changes, triggered from PySys: [{'action': 'install', 'id': '5475369', 'name': 'asciijump', 'url': ' ', 'version': '::apt'}, {'action': 'install', 'id': '5474869', 'name': 'robotfindskitten', 'url': ' ', 'version': '::apt'}, {'action': 'install', 'id': '5475279', 'name': 'squirrel3', 'url': ' ', 'version': '::apt'}]", 'c8y_SoftwareUpdate': [{'name': 'asciijump', 'action': 'install', 'id': '5475369', 'version': '::apt', 'url': ' '}, {'name': 'robotfindskitten', 'action': 'install', 'id': '5474869', 'version': '::apt', 'url': ' '}, {'name': 'squirrel3', 'action': 'install', 'id': '5475279', 'version': '::apt', 'url': ' '}]}
08:17:28 INFO  State of operation 18523671 : PENDING
08:17:30 INFO  State of operation 18523671 : EXECUTING
08:17:33 INFO  State of operation 18523671 : EXECUTING
08:17:35 INFO  State of operation 18523671 : EXECUTING
08:17:37 INFO  State of operation 18523671 : EXECUTING
08:17:39 INFO  State of operation 18523671 : EXECUTING
08:17:41 INFO  State of operation 18523671 : EXECUTING
08:17:44 INFO  State of operation 18523671 : EXECUTING
08:17:48 INFO  State of operation 18523671 : EXECUTING
08:17:50 INFO  State of operation 18523671 : EXECUTING
08:17:52 INFO  State of operation 18523671 : EXECUTING
08:17:54 INFO  State of operation 18523671 : EXECUTING
08:17:57 INFO  State of operation 18523671 : EXECUTING
08:17:59 INFO  State of operation 18523671 : EXECUTING
08:18:01 INFO  State of operation 18523671 : EXECUTING
08:18:03 INFO  State of operation 18523671 : EXECUTING
08:18:06 INFO  State of operation 18523671 : EXECUTING
08:18:08 INFO  State of operation 18523671 : SUCCESSFUL
08:18:08 INFO  Assert that (False == value) with value=False ... passed
08:18:08 INFO  Package asciijump is installed
08:18:08 INFO  Assert that (True == value) with value=True ... passed
08:18:09 INFO  Package squirrel3 is installed
08:18:09 INFO  Assert that (True == value) with value=True ... passed
08:18:09 INFO  Package robotfindskitten is installed
08:18:09 INFO  Assert that (True == value) with value=True ... passed
08:18:09 INFO  Response status: 201
08:18:09 INFO  Response to action: {
    "creationTime": "2022-05-09T08:18:09.513Z",
    "deviceName": "m32sd11e",
    "deviceId": "18457341",
    "self": "https://t493319102.eu-latest.cumulocity.com/devicecontrol/operations/18523675",
    "id": "18523675",
    "status": "PENDING",
    "description": "Apply software changes, triggered from PySys: [{'action': 'delete', 'id': '5475369', 'name': 'asciijump', 'url': ' ', 'version': '::apt'}, {'action': 'delete', 'id': '5474869', 'name': 'robotfindskitten', 'url': ' ', 'version': '::apt'}, {'action': 'delete', 'id': '5475279', 'name': 'squirrel3', 'url': ' ', 'version': '::apt'}]",
    "c8y_SoftwareUpdate": [
        {
            "name": "asciijump",
            "action": "delete",
            "id": "5475369",
            "version": "::apt",
            "url": " "
        },
        {
            "name": "robotfindskitten",
            "action": "delete",
            "id": "5474869",
            "version": "::apt",
            "url": " "
        },
        {
            "name": "squirrel3",
            "action": "delete",
            "id": "5475279",
            "version": "::apt",
            "url": " "
        }
    ]
}
08:18:09 INFO  Started operation: {'creationTime': '2022-05-09T08:18:09.513Z', 'deviceName': 'm32sd11e', 'deviceId': '18457341', 'self': 'https://t493319102.eu-latest.cumulocity.com/devicecontrol/operations/18523675', 'id': '18523675', 'status': 'PENDING', 'description': "Apply software changes, triggered from PySys: [{'action': 'delete', 'id': '5475369', 'name': 'asciijump', 'url': ' ', 'version': '::apt'}, {'action': 'delete', 'id': '5474869', 'name': 'robotfindskitten', 'url': ' ', 'version': '::apt'}, {'action': 'delete', 'id': '5475279', 'name': 'squirrel3', 'url': ' ', 'version': '::apt'}]", 'c8y_SoftwareUpdate': [{'name': 'asciijump', 'action': 'delete', 'id': '5475369', 'version': '::apt', 'url': ' '}, {'name': 'robotfindskitten', 'action': 'delete', 'id': '5474869', 'version': '::apt', 'url': ' '}, {'name': 'squirrel3', 'action': 'delete', 'id': '5475279', 'version': '::apt', 'url': ' '}]}
08:18:11 INFO  State of operation 18523675 : PENDING
08:18:14 INFO  State of operation 18523675 : EXECUTING
08:18:16 INFO  State of operation 18523675 : EXECUTING
08:18:18 INFO  State of operation 18523675 : EXECUTING
08:18:20 INFO  State of operation 18523675 : EXECUTING
08:18:23 INFO  State of operation 18523675 : EXECUTING
08:18:25 INFO  State of operation 18523675 : EXECUTING
08:18:28 INFO  State of operation 18523675 : EXECUTING
08:18:30 INFO  State of operation 18523675 : EXECUTING
08:18:32 INFO  State of operation 18523675 : EXECUTING
08:18:35 INFO  State of operation 18523675 : EXECUTING
08:18:37 INFO  State of operation 18523675 : EXECUTING
08:18:39 INFO  State of operation 18523675 : EXECUTING
08:18:42 INFO  State of operation 18523675 : EXECUTING
08:18:44 INFO  State of operation 18523675 : EXECUTING
08:18:46 INFO  State of operation 18523675 : EXECUTING
08:18:48 INFO  State of operation 18523675 : EXECUTING
08:18:51 INFO  State of operation 18523675 : EXECUTING
08:18:53 INFO  State of operation 18523675 : EXECUTING
08:18:56 INFO  State of operation 18523675 : EXECUTING
08:18:58 INFO  State of operation 18523675 : EXECUTING
08:19:00 INFO  State of operation 18523675 : EXECUTING
08:19:03 INFO  State of operation 18523675 : EXECUTING
08:19:05 INFO  State of operation 18523675 : EXECUTING
08:19:07 INFO  State of operation 18523675 : EXECUTING
08:19:10 INFO  State of operation 18523675 : EXECUTING
08:19:12 INFO  State of operation 18523675 : EXECUTING
08:19:14 INFO  State of operation 18523675 : EXECUTING
08:19:16 INFO  State of operation 18523675 : EXECUTING
08:19:19 INFO  State of operation 18523675 : EXECUTING
08:19:21 INFO  State of operation 18523675 : EXECUTING
08:19:24 INFO  State of operation 18523675 : EXECUTING
08:19:26 INFO  State of operation 18523675 : EXECUTING
08:19:28 INFO  State of operation 18523675 : EXECUTING
08:19:31 INFO  State of operation 18523675 : SUCCESSFUL
08:19:31 INFO  Assert that (False == value) with value=False ... passed
08:19:31 INFO  Assert that (False == value) with value=False ... passed
08:19:31 INFO  Assert that (False == value) with value=False ... passed
08:19:32 INFO  Assert that (False == value) with value=False ... passed
08:19:32 INFO  
08:19:32 INFO  cleanup:
08:19:37 INFO  Executed sudo&lt;tedge_disconnect_c8y&gt;, exit status 0
08:19:38 INFO  Executed systemctl&lt;serv_mapper5&gt;, exit status 3
08:19:38 INFO  
08:19:38 INFO  Test duration: 160.97 secs
08:19:38 INFO  Test final outcome:  FAILED
08:19:38 INFO  Test outcome reason: Assert that (False == value) with value=True (+2 other failures)
08:19:38 INFO  
</system-out>
	</testcase>
</testsuite><testsuite name="SoftwareManagement.sm_apt_install_remove_multiple_mixed" tests="3" errors="0" failures="2" skipped="1" time="0"><testcase classname="PySysTest" name="SoftwareManagement.sm_apt_install_remove_multiple_mixed">
		<skipped message="SKIPPED: Testing the apt plugin is not supported on this platform.Use parameter -XmyPlatform='container' to enable it" />
		<system-out>07:11:23 INFO  ==============================================================
07:11:23 INFO  Id:    SoftwareManagement.sm_apt_install_remove_multiple_mixed
07:11:23 INFO  Dir:   software_management_end_to_end/
07:11:23 INFO  Title: Validate end to end behaviour for the apt plugin for multiple packages with mixed versions
07:11:23 INFO  ==============================================================
07:11:23 INFO  Testing the apt plugin is not supported on this platform.Use parameter -XmyPlatform='container' to enable it ... skipped
07:11:23 WARN  Aborted test due to SKIPPED outcome
07:11:23 INFO  
07:11:23 INFO  Test duration: 0.03 secs
07:11:23 INFO  Test final outcome:  SKIPPED
07:11:23 INFO  Test outcome reason: Testing the apt plugin is not supported on this platform.Use parameter -XmyPlatform='container' to enable it
07:11:23 INFO  
</system-out>
	</testcase>
<testcase classname="PySysTest" name="SoftwareManagement.sm_apt_install_remove_multiple_mixed">
		<failure message="BLOCKED: SystemError: Timeout while waiting for status SUCCESSFUL or False" type="BLOCKED" />
		<system-out>07:51:14 INFO  ==============================================================
07:51:14 INFO  Id:    SoftwareManagement.sm_apt_install_remove_multiple_mixed
07:51:14 INFO  Dir:   software_management_end_to_end/
07:51:14 INFO  Title: Validate end to end behaviour for the apt plugin for multiple packages with mixed versions
07:51:14 INFO  ==============================================================
07:51:14 INFO  Using sw id database: {'asciijump': '5475369', 'robotfindskitten': '5474869', 'squirrel3': '5475279', 'rolldice': '5152439', 'moon-buggy': '5439204', 'apple': '5495053', 'banana': '5494888', 'cherry': '5495382', 'watermelon': '5494510', 'registry': '8018911', 'hello-world': '8021526', 'docker/getting-started': '8021973', 'alpine': '7991792'}
07:51:14 INFO  EnvironmentC8y Setup
07:51:15 INFO  Executed systemctl&lt;serv_mapper1&gt;, exit status 3
07:51:15 INFO  Restarting mosquitto too frequently in the last 10 seconds. It was only up for 6 seconds
07:51:15 INFO  Delaying execution by 5 seconds
07:51:37 INFO  Executed sudo&lt;tedge_connect_c8y&gt;, exit status 0, duration 17 secs
07:51:38 INFO  Executed sudo&lt;tedge_connect_c8y_test&gt;, exit status 0
07:51:38 INFO  Executed systemctl&lt;serv_mosq2&gt;, exit status 0
07:51:39 INFO  Executed systemctl&lt;serv_mapper3&gt;, exit status 0
07:51:41 INFO  State of current operation: SUCCESSFUL
07:51:41 INFO  Assert that (False == value) with value=False ... passed
07:51:41 INFO  Assert that (False == value) with value=False ... passed
07:51:42 INFO  Assert that (False == value) with value=False ... passed
07:51:42 INFO  Assert that (False == value) with value=False ... passed
07:51:42 INFO  Assert that (False == value) with value=False ... passed
07:51:44 INFO  Response status: 201
07:51:44 INFO  Response to action: {
    "creationTime": "2022-05-09T07:51:44.563Z",
    "deviceName": "m32sd11e",
    "deviceId": "18457341",
    "self": "https://t493319102.eu-latest.cumulocity.com/devicecontrol/operations/18523464",
    "id": "18523464",
    "status": "PENDING",
    "description": "Apply software changes, triggered from PySys: [{'action': 'install', 'id': '5475369', 'name': 'asciijump', 'url': ' ', 'version': '::apt'}, {'action': 'install', 'id': '5474869', 'name': 'robotfindskitten', 'url': ' ', 'version': ' '}, {'action': 'install', 'id': '5475279', 'name': 'squirrel3', 'url': ' ', 'version': '3.1-8::apt'}, {'action': 'install', 'id': '5152439', 'name': 'rolldice', 'url': ' ', 'version': '1.16-1+b2'}, {'action': 'install', 'id': '5439204', 'name': 'moon-buggy', 'url': ' ', 'version': '1:1.0.51-13'}, {'action': 'install', 'id': '5475369', 'name': 'asciijump', 'url': ' ', 'version': '::apt'}]",
    "c8y_SoftwareUpdate": [
        {
            "name": "asciijump",
            "action": "install",
            "id": "5475369",
            "version": "::apt",
            "url": " "
        },
        {
            "name": "robotfindskitten",
            "action": "install",
            "id": "5474869",
            "version": " ",
            "url": " "
        },
        {
            "name": "squirrel3",
            "action": "install",
            "id": "5475279",
            "version": "3.1-8::apt",
            "url": " "
        },
        {
            "name": "rolldice",
            "action": "install",
            "id": "5152439",
            "version": "1.16-1+b2",
            "url": " "
        },
        {
            "name": "moon-buggy",
            "action": "install",
            "id": "5439204",
            "version": "1:1.0.51-13",
            "url": " "
        },
        {
            "name": "asciijump",
            "action": "install",
            "id": "5475369",
            "version": "::apt",
            "url": " "
        }
    ]
}
07:51:44 INFO  Started operation: {'creationTime': '2022-05-09T07:51:44.563Z', 'deviceName': 'm32sd11e', 'deviceId': '18457341', 'self': 'https://t493319102.eu-latest.cumulocity.com/devicecontrol/operations/18523464', 'id': '18523464', 'status': 'PENDING', 'description': "Apply software changes, triggered from PySys: [{'action': 'install', 'id': '5475369', 'name': 'asciijump', 'url': ' ', 'version': '::apt'}, {'action': 'install', 'id': '5474869', 'name': 'robotfindskitten', 'url': ' ', 'version': ' '}, {'action': 'install', 'id': '5475279', 'name': 'squirrel3', 'url': ' ', 'version': '3.1-8::apt'}, {'action': 'install', 'id': '5152439', 'name': 'rolldice', 'url': ' ', 'version': '1.16-1+b2'}, {'action': 'install', 'id': '5439204', 'name': 'moon-buggy', 'url': ' ', 'version': '1:1.0.51-13'}, {'action': 'install', 'id': '5475369', 'name': 'asciijump', 'url': ' ', 'version': '::apt'}]", 'c8y_SoftwareUpdate': [{'name': 'asciijump', 'action': 'install', 'id': '5475369', 'version': '::apt', 'url': ' '}, {'name': 'robotfindskitten', 'action': 'install', 'id': '5474869', 'version': ' ', 'url': ' '}, {'name': 'squirrel3', 'action': 'install', 'id': '5475279', 'version': '3.1-8::apt', 'url': ' '}, {'name': 'rolldice', 'action': 'install', 'id': '5152439', 'version': '1.16-1+b2', 'url': ' '}, {'name': 'moon-buggy', 'action': 'install', 'id': '5439204', 'version': '1:1.0.51-13', 'url': ' '}, {'name': 'asciijump', 'action': 'install', 'id': '5475369', 'version': '::apt', 'url': ' '}]}
07:51:46 INFO  State of operation 18523464 : PENDING
07:51:49 INFO  State of operation 18523464 : EXECUTING
07:51:51 INFO  State of operation 18523464 : EXECUTING
07:51:53 INFO  State of operation 18523464 : EXECUTING
07:51:55 INFO  State of operation 18523464 : EXECUTING
07:51:58 INFO  State of operation 18523464 : EXECUTING
07:52:00 INFO  State of operation 18523464 : EXECUTING
07:52:02 INFO  State of operation 18523464 : EXECUTING
07:52:05 INFO  State of operation 18523464 : EXECUTING
07:52:08 INFO  State of operation 18523464 : EXECUTING
07:52:10 INFO  State of operation 18523464 : EXECUTING
07:52:12 INFO  State of operation 18523464 : EXECUTING
07:52:15 INFO  State of operation 18523464 : EXECUTING
07:52:17 INFO  State of operation 18523464 : EXECUTING
07:52:19 INFO  State of operation 18523464 : EXECUTING
07:52:21 INFO  State of operation 18523464 : EXECUTING
07:52:23 INFO  State of operation 18523464 : EXECUTING
07:52:26 INFO  State of operation 18523464 : EXECUTING
07:52:28 INFO  State of operation 18523464 : EXECUTING
07:52:31 INFO  State of operation 18523464 : EXECUTING
07:52:33 INFO  State of operation 18523464 : EXECUTING
07:52:36 INFO  State of operation 18523464 : EXECUTING
07:52:38 INFO  State of operation 18523464 : EXECUTING
07:52:40 INFO  State of operation 18523464 : EXECUTING
07:52:43 INFO  State of operation 18523464 : EXECUTING
07:52:45 INFO  State of operation 18523464 : EXECUTING
07:52:47 INFO  State of operation 18523464 : EXECUTING
07:52:50 INFO  State of operation 18523464 : EXECUTING
07:52:52 INFO  State of operation 18523464 : EXECUTING
07:52:54 INFO  State of operation 18523464 : EXECUTING
07:52:57 INFO  State of operation 18523464 : EXECUTING
07:52:59 INFO  State of operation 18523464 : EXECUTING
07:53:01 INFO  State of operation 18523464 : EXECUTING
07:53:04 INFO  State of operation 18523464 : EXECUTING
07:53:06 INFO  State of operation 18523464 : EXECUTING
07:53:08 INFO  State of operation 18523464 : EXECUTING
07:53:11 INFO  State of operation 18523464 : EXECUTING
07:53:13 INFO  State of operation 18523464 : EXECUTING
07:53:15 INFO  State of operation 18523464 : EXECUTING
07:53:17 INFO  State of operation 18523464 : EXECUTING
07:53:20 INFO  State of operation 18523464 : EXECUTING
07:53:22 INFO  State of operation 18523464 : EXECUTING
07:53:24 INFO  State of operation 18523464 : EXECUTING
07:53:26 INFO  State of operation 18523464 : EXECUTING
07:53:29 INFO  State of operation 18523464 : EXECUTING
07:53:32 INFO  State of operation 18523464 : EXECUTING
07:53:34 INFO  State of operation 18523464 : EXECUTING
07:53:36 INFO  State of operation 18523464 : EXECUTING
07:53:39 INFO  State of operation 18523464 : EXECUTING
07:53:41 INFO  State of operation 18523464 : EXECUTING
07:53:43 INFO  State of operation 18523464 : EXECUTING
07:53:46 INFO  State of operation 18523464 : EXECUTING
07:53:48 INFO  State of operation 18523464 : EXECUTING
07:53:50 INFO  State of operation 18523464 : EXECUTING
07:53:53 INFO  State of operation 18523464 : EXECUTING
07:53:55 INFO  State of operation 18523464 : EXECUTING
07:53:57 INFO  State of operation 18523464 : EXECUTING
07:54:00 INFO  State of operation 18523464 : EXECUTING
07:54:02 INFO  State of operation 18523464 : EXECUTING
07:54:05 INFO  State of operation 18523464 : EXECUTING
07:54:07 INFO  State of operation 18523464 : EXECUTING
07:54:09 WARN  SystemError occurred while running test - Timeout while waiting for status SUCCESSFUL or False
Traceback (most recent call last):
  File "/home/pi/env-pysys/lib/python3.9/site-packages/pysys/baserunner.py", line 1294, in __call__
    self.testObj.execute()
  File "/home/pi/actions-runner/_work/thin-edge.io/thin-edge.io/tests/PySys/software_management_end_to_end/sm_apt_install_remove_multiple_mixed/run.py", line 89, in execute
    self.wait_until_succcess()
  File "/home/pi/actions-runner/_work/thin-edge.io/thin-edge.io/tests/PySys/software_management_end_to_end/environment_sm_management.py", line 324, in wait_until_succcess
    self.wait_until_status("SUCCESSFUL")
  File "/home/pi/actions-runner/_work/thin-edge.io/thin-edge.io/tests/PySys/software_management_end_to_end/environment_sm_management.py", line 380, in wait_until_status
    raise SystemError(
SystemError: Timeout while waiting for status SUCCESSFUL or False
07:54:09 WARN  SystemError: Timeout while waiting for status SUCCESSFUL or False ... blocked 
07:54:09 INFO  
07:54:09 INFO  cleanup:
07:54:17 INFO  Executed sudo&lt;tedge_disconnect_c8y&gt;, exit status 0
07:54:17 INFO  Executed systemctl&lt;serv_mapper5&gt;, exit status 3
07:54:17 INFO  
07:54:17 INFO  Test duration: 183.22 secs
07:54:17 INFO  Test final outcome:  BLOCKED
07:54:17 INFO  Test outcome reason: SystemError: Timeout while waiting for status SUCCESSFUL or False
07:54:17 INFO  
</system-out>
	</testcase>
<testcase classname="PySysTest" name="SoftwareManagement.sm_apt_install_remove_multiple_mixed">
		<failure message="BLOCKED: SystemError: Timeout while waiting for status SUCCESSFUL or False (+1 other failures)" type="BLOCKED" />
		<system-out>08:19:38 INFO  ==============================================================
08:19:38 INFO  Id:    SoftwareManagement.sm_apt_install_remove_multiple_mixed
08:19:38 INFO  Dir:   software_management_end_to_end/
08:19:38 INFO  Title: Validate end to end behaviour for the apt plugin for multiple packages with mixed versions
08:19:38 INFO  ==============================================================
08:19:38 INFO  Using sw id database: {'asciijump': '5475369', 'robotfindskitten': '5474869', 'squirrel3': '5475279', 'rolldice': '5152439', 'moon-buggy': '5439204', 'apple': '5495053', 'banana': '5494888', 'cherry': '5495382', 'watermelon': '5494510', 'registry': '8018911', 'hello-world': '8021526', 'docker/getting-started': '8021973', 'alpine': '7991792'}
08:19:38 INFO  EnvironmentC8y Setup
08:19:39 INFO  Executed systemctl&lt;serv_mapper1&gt;, exit status 3
08:19:39 INFO  Restarting mosquitto too frequently in the last 10 seconds. It was only up for 6 seconds
08:19:39 INFO  Delaying execution by 5 seconds
08:20:01 INFO  Executed sudo&lt;tedge_connect_c8y&gt;, exit status 0, duration 17 secs
08:20:02 INFO  Executed sudo&lt;tedge_connect_c8y_test&gt;, exit status 0
08:20:02 INFO  Executed systemctl&lt;serv_mosq2&gt;, exit status 0
08:20:03 INFO  Executed systemctl&lt;serv_mapper3&gt;, exit status 0
08:20:05 INFO  State of current operation: SUCCESSFUL
08:20:05 INFO  Assert that (False == value) with value=False ... passed
08:20:06 INFO  Assert that (False == value) with value=False ... passed
08:20:06 INFO  Assert that (False == value) with value=False ... passed
08:20:06 INFO  Assert that (False == value) with value=False ... passed
08:20:07 INFO  Package moon-buggy is installed
08:20:07 WARN  Assert that (False == value) with value=True ... failed 
08:20:09 INFO  Response status: 201
08:20:09 INFO  Response to action: {
    "creationTime": "2022-05-09T08:20:09.344Z",
    "deviceName": "m32sd11e",
    "deviceId": "18457341",
    "self": "https://t493319102.eu-latest.cumulocity.com/devicecontrol/operations/18523712",
    "id": "18523712",
    "status": "PENDING",
    "description": "Apply software changes, triggered from PySys: [{'action': 'install', 'id': '5475369', 'name': 'asciijump', 'url': ' ', 'version': '::apt'}, {'action': 'install', 'id': '5474869', 'name': 'robotfindskitten', 'url': ' ', 'version': ' '}, {'action': 'install', 'id': '5475279', 'name': 'squirrel3', 'url': ' ', 'version': '3.1-8::apt'}, {'action': 'install', 'id': '5152439', 'name': 'rolldice', 'url': ' ', 'version': '1.16-1+b2'}, {'action': 'install', 'id': '5439204', 'name': 'moon-buggy', 'url': ' ', 'version': '1:1.0.51-13'}, {'action': 'install', 'id': '5475369', 'name': 'asciijump', 'url': ' ', 'version': '::apt'}]",
    "c8y_SoftwareUpdate": [
        {
            "name": "asciijump",
            "action": "install",
            "id": "5475369",
            "version": "::apt",
            "url": " "
        },
        {
            "name": "robotfindskitten",
            "action": "install",
            "id": "5474869",
            "version": " ",
            "url": " "
        },
        {
            "name": "squirrel3",
            "action": "install",
            "id": "5475279",
            "version": "3.1-8::apt",
            "url": " "
        },
        {
            "name": "rolldice",
            "action": "install",
            "id": "5152439",
            "version": "1.16-1+b2",
            "url": " "
        },
        {
            "name": "moon-buggy",
            "action": "install",
            "id": "5439204",
            "version": "1:1.0.51-13",
            "url": " "
        },
        {
            "name": "asciijump",
            "action": "install",
            "id": "5475369",
            "version": "::apt",
            "url": " "
        }
    ]
}
08:20:09 INFO  Started operation: {'creationTime': '2022-05-09T08:20:09.344Z', 'deviceName': 'm32sd11e', 'deviceId': '18457341', 'self': 'https://t493319102.eu-latest.cumulocity.com/devicecontrol/operations/18523712', 'id': '18523712', 'status': 'PENDING', 'description': "Apply software changes, triggered from PySys: [{'action': 'install', 'id': '5475369', 'name': 'asciijump', 'url': ' ', 'version': '::apt'}, {'action': 'install', 'id': '5474869', 'name': 'robotfindskitten', 'url': ' ', 'version': ' '}, {'action': 'install', 'id': '5475279', 'name': 'squirrel3', 'url': ' ', 'version': '3.1-8::apt'}, {'action': 'install', 'id': '5152439', 'name': 'rolldice', 'url': ' ', 'version': '1.16-1+b2'}, {'action': 'install', 'id': '5439204', 'name': 'moon-buggy', 'url': ' ', 'version': '1:1.0.51-13'}, {'action': 'install', 'id': '5475369', 'name': 'asciijump', 'url': ' ', 'version': '::apt'}]", 'c8y_SoftwareUpdate': [{'name': 'asciijump', 'action': 'install', 'id': '5475369', 'version': '::apt', 'url': ' '}, {'name': 'robotfindskitten', 'action': 'install', 'id': '5474869', 'version': ' ', 'url': ' '}, {'name': 'squirrel3', 'action': 'install', 'id': '5475279', 'version': '3.1-8::apt', 'url': ' '}, {'name': 'rolldice', 'action': 'install', 'id': '5152439', 'version': '1.16-1+b2', 'url': ' '}, {'name': 'moon-buggy', 'action': 'install', 'id': '5439204', 'version': '1:1.0.51-13', 'url': ' '}, {'name': 'asciijump', 'action': 'install', 'id': '5475369', 'version': '::apt', 'url': ' '}]}
08:20:11 INFO  State of operation 18523712 : PENDING
08:20:13 INFO  State of operation 18523712 : EXECUTING
08:20:16 INFO  State of operation 18523712 : EXECUTING
08:20:18 INFO  State of operation 18523712 : EXECUTING
08:20:20 INFO  State of operation 18523712 : EXECUTING
08:20:22 INFO  State of operation 18523712 : EXECUTING
08:20:24 INFO  State of operation 18523712 : EXECUTING
08:20:28 INFO  State of operation 18523712 : EXECUTING
08:20:31 INFO  State of operation 18523712 : EXECUTING
08:20:33 INFO  State of operation 18523712 : EXECUTING
08:20:35 INFO  State of operation 18523712 : EXECUTING
08:20:38 INFO  State of operation 18523712 : EXECUTING
08:20:40 INFO  State of operation 18523712 : EXECUTING
08:20:42 INFO  State of operation 18523712 : EXECUTING
08:20:45 INFO  State of operation 18523712 : EXECUTING
08:20:47 INFO  State of operation 18523712 : EXECUTING
08:20:49 INFO  State of operation 18523712 : EXECUTING
08:20:51 INFO  State of operation 18523712 : EXECUTING
08:20:54 INFO  State of operation 18523712 : EXECUTING
08:21:01 INFO  State of operation 18523712 : EXECUTING
08:21:04 INFO  State of operation 18523712 : EXECUTING
08:21:06 INFO  State of operation 18523712 : EXECUTING
08:21:08 INFO  State of operation 18523712 : EXECUTING
08:21:10 INFO  State of operation 18523712 : EXECUTING
08:21:13 INFO  State of operation 18523712 : EXECUTING
08:21:15 INFO  State of operation 18523712 : EXECUTING
08:21:17 INFO  State of operation 18523712 : EXECUTING
08:21:20 INFO  State of operation 18523712 : EXECUTING
08:21:22 INFO  State of operation 18523712 : EXECUTING
08:21:25 INFO  State of operation 18523712 : EXECUTING
08:21:28 INFO  State of operation 18523712 : EXECUTING
08:21:30 INFO  State of operation 18523712 : EXECUTING
08:21:33 INFO  State of operation 18523712 : EXECUTING
08:21:35 INFO  State of operation 18523712 : EXECUTING
08:21:37 INFO  State of operation 18523712 : EXECUTING
08:21:39 INFO  State of operation 18523712 : EXECUTING
08:21:42 INFO  State of operation 18523712 : EXECUTING
08:21:44 INFO  State of operation 18523712 : EXECUTING
08:21:46 INFO  State of operation 18523712 : EXECUTING
08:21:48 INFO  State of operation 18523712 : EXECUTING
08:21:51 INFO  State of operation 18523712 : EXECUTING
08:21:53 INFO  State of operation 18523712 : EXECUTING
08:21:56 INFO  State of operation 18523712 : EXECUTING
08:21:58 INFO  State of operation 18523712 : EXECUTING
08:22:01 INFO  State of operation 18523712 : EXECUTING
08:22:03 INFO  State of operation 18523712 : EXECUTING
08:22:05 INFO  State of operation 18523712 : EXECUTING
08:22:08 INFO  State of operation 18523712 : EXECUTING
08:22:10 INFO  State of operation 18523712 : EXECUTING
08:22:12 INFO  State of operation 18523712 : EXECUTING
08:22:14 INFO  State of operation 18523712 : EXECUTING
08:22:17 INFO  State of operation 18523712 : EXECUTING
08:22:19 INFO  State of operation 18523712 : EXECUTING
08:22:21 INFO  State of operation 18523712 : EXECUTING
08:22:24 INFO  State of operation 18523712 : EXECUTING
08:22:26 INFO  State of operation 18523712 : EXECUTING
08:22:29 INFO  State of operation 18523712 : EXECUTING
08:22:31 INFO  State of operation 18523712 : EXECUTING
08:22:33 INFO  State of operation 18523712 : EXECUTING
08:22:35 INFO  State of operation 18523712 : EXECUTING
08:22:39 INFO  State of operation 18523712 : EXECUTING
08:22:41 WARN  SystemError occurred while running test - Timeout while waiting for status SUCCESSFUL or False
Traceback (most recent call last):
  File "/home/pi/env-pysys/lib/python3.9/site-packages/pysys/baserunner.py", line 1294, in __call__
    self.testObj.execute()
  File "/home/pi/actions-runner/_work/thin-edge.io/thin-edge.io/tests/PySys/software_management_end_to_end/sm_apt_install_remove_multiple_mixed/run.py", line 89, in execute
    self.wait_until_succcess()
  File "/home/pi/actions-runner/_work/thin-edge.io/thin-edge.io/tests/PySys/software_management_end_to_end/environment_sm_management.py", line 324, in wait_until_succcess
    self.wait_until_status("SUCCESSFUL")
  File "/home/pi/actions-runner/_work/thin-edge.io/thin-edge.io/tests/PySys/software_management_end_to_end/environment_sm_management.py", line 380, in wait_until_status
    raise SystemError(
SystemError: Timeout while waiting for status SUCCESSFUL or False
08:22:41 WARN  SystemError: Timeout while waiting for status SUCCESSFUL or False ... blocked 
08:22:41 INFO  
08:22:41 INFO  cleanup:
08:22:49 INFO  Executed sudo&lt;tedge_disconnect_c8y&gt;, exit status 0
08:22:49 INFO  Executed systemctl&lt;serv_mapper5&gt;, exit status 3
08:22:49 INFO  
08:22:49 INFO  Test duration: 191.22 secs
08:22:49 INFO  Test final outcome:  BLOCKED
08:22:49 INFO  Test outcome reason: SystemError: Timeout while waiting for status SUCCESSFUL or False (+1 other failures)
08:22:49 INFO  
</system-out>
	</testcase>
</testsuite><testsuite name="SoftwareManagement.sm_apt_install_remove_with_version" tests="3" errors="0" failures="0" skipped="1" time="0"><testcase classname="PySysTest" name="SoftwareManagement.sm_apt_install_remove_with_version">
		<skipped message="SKIPPED: Testing the apt plugin is not supported on this platform.Use parameter -XmyPlatform='container' to enable it" />
		<system-out>07:11:23 INFO  ==============================================================
07:11:23 INFO  Id:    SoftwareManagement.sm_apt_install_remove_with_version
07:11:23 INFO  Dir:   software_management_end_to_end/
07:11:23 INFO  Title: Validate end to end behaviour for the apt plugin for packages with version
07:11:23 INFO  ==============================================================
07:11:23 INFO  Testing the apt plugin is not supported on this platform.Use parameter -XmyPlatform='container' to enable it ... skipped
07:11:23 WARN  Aborted test due to SKIPPED outcome
07:11:23 INFO  
07:11:23 INFO  Test duration: 0.04 secs
07:11:23 INFO  Test final outcome:  SKIPPED
07:11:23 INFO  Test outcome reason: Testing the apt plugin is not supported on this platform.Use parameter -XmyPlatform='container' to enable it
07:11:23 INFO  
</system-out>
	</testcase>
<testcase classname="PySysTest" name="SoftwareManagement.sm_apt_install_remove_with_version" />
<testcase classname="PySysTest" name="SoftwareManagement.sm_apt_install_remove_with_version" />
</testsuite><testsuite name="SoftwareManagement.sm_docker_install_remove_multiple" tests="3" errors="0" failures="0" skipped="1" time="0"><testcase classname="SMDockerInstallRemove" name="SoftwareManagement.sm_docker_install_remove_multiple">
		<skipped message="SKIPPED: Testing the apt plugin is not supported on this platform.Use parameter -XmyPlatform='container' to enable it" />
		<system-out>07:11:23 INFO  ==============================================================
07:11:23 INFO  Id:    SoftwareManagement.sm_docker_install_remove_multiple
07:11:23 INFO  Dir:   software_management_end_to_end/
07:11:23 INFO  Title: Validate end to end behaviour for the docker plugin for multiple docker images with mixed versions
07:11:23 INFO  ==============================================================
07:11:23 INFO  Testing the apt plugin is not supported on this platform.Use parameter -XmyPlatform='container' to enable it ... skipped
07:11:23 WARN  Aborted test due to SKIPPED outcome
07:11:23 INFO  
07:11:23 INFO  Test duration: 0.03 secs
07:11:23 INFO  Test final outcome:  SKIPPED
07:11:23 INFO  Test outcome reason: Testing the apt plugin is not supported on this platform.Use parameter -XmyPlatform='container' to enable it
07:11:23 INFO  
</system-out>
	</testcase>
<testcase classname="SMDockerInstallRemove" name="SoftwareManagement.sm_docker_install_remove_multiple" />
<testcase classname="SMDockerInstallRemove" name="SoftwareManagement.sm_docker_install_remove_multiple" />
</testsuite><testsuite name="SoftwareManagement.sm_fake_install_remove" tests="2" errors="0" failures="0" skipped="1" time="0"><testcase classname="PySysTest" name="SoftwareManagement.sm_fake_install_remove">
		<skipped message="SKIPPED: Testing the fake plugin is not enabled.Use parameter -Xfakeplugin=fakeplugin to enable it" />
		<system-out>07:11:23 INFO  ==============================================================
07:11:23 INFO  Id:    SoftwareManagement.sm_fake_install_remove
07:11:23 INFO  Dir:   software_management_end_to_end/
07:11:23 INFO  Title: Validate end to end behaviour for the dummy plugin for installation and removal of packages
07:11:23 INFO  ==============================================================
07:11:23 INFO  Testing the fake plugin is not enabled.Use parameter -Xfakeplugin=fakeplugin to enable it ... skipped
07:11:23 WARN  Aborted test due to SKIPPED outcome
07:11:23 INFO  
07:11:23 INFO  Test duration: 0.02 secs
07:11:23 INFO  Test final outcome:  SKIPPED
07:11:23 INFO  Test outcome reason: Testing the fake plugin is not enabled.Use parameter -Xfakeplugin=fakeplugin to enable it
07:11:23 INFO  
</system-out>
	</testcase>
<testcase classname="PySysTest" name="SoftwareManagement.sm_fake_install_remove" />
</testsuite><testsuite name="SoftwareManagement.sm_fake_install_remove_multiple" tests="2" errors="0" failures="0" skipped="1" time="0"><testcase classname="PySysTest" name="SoftwareManagement.sm_fake_install_remove_multiple">
		<skipped message="SKIPPED: Testing the fake plugin is not enabled.Use parameter -Xfakeplugin=fakeplugin to enable it" />
[...]
07:01:01 INFO  ==============================================================
07:01:01 INFO  Testing the docker plugin is not supported on this platform.To run it, all the test with -XmyPlatform='container' ... skipped
07:01:01 WARN  Aborted test due to SKIPPED outcome
07:01:01 INFO  
07:01:01 INFO  Test duration: 0.02 secs
07:01:01 INFO  Test final outcome:  SKIPPED
07:01:01 INFO  Test outcome reason: Testing the docker plugin is not supported on this platform.To run it, all the test with -XmyPlatform='container'
07:01:01 INFO  
</system-out>
	</testcase>
<testcase classname="DockerPluginUpdateTest" name="docker_plugin_update" />
</testsuite><testsuite name="invalid_device_id" tests="1" errors="0" failures="0" skipped="0" time="0"><testcase classname="InvalidDeviceId" name="invalid_device_id" />
</testsuite><testsuite name="local_mqtt_pub_fail_noqos" tests="1" errors="0" failures="0" skipped="0" time="0"><testcase classname="PySysTest" name="local_mqtt_pub_fail_noqos" />
</testsuite><testsuite name="local_mqtt_pub_fail_qos0" tests="1" errors="0" failures="0" skipped="0" time="0"><testcase classname="PySysTest" name="local_mqtt_pub_fail_qos0" />
</testsuite><testsuite name="local_mqtt_pub_fail_qos1" tests="1" errors="0" failures="0" skipped="0" time="0"><testcase classname="PySysTest" name="local_mqtt_pub_fail_qos1" />
</testsuite><testsuite name="local_mqtt_pub_fail_qos2" tests="1" errors="0" failures="0" skipped="0" time="0"><testcase classname="PySysTest" name="local_mqtt_pub_fail_qos2" />
</testsuite><testsuite name="local_mqtt_pub_sub" tests="1" errors="0" failures="0" skipped="0" time="0"><testcase classname="PySysTest" name="local_mqtt_pub_sub" />
</testsuite><testsuite name="local_mqtt_pub_sub_retain" tests="1" errors="0" failures="0" skipped="0" time="0"><testcase classname="MqttPublishWithRetain" name="local_mqtt_pub_sub_retain" />
</testsuite><testsuite name="local_mqtt_pub_sub_with_sudo" tests="1" errors="0" failures="0" skipped="0" time="0"><testcase classname="PySysTest" name="local_mqtt_pub_sub_with_sudo" />
</testsuite><testsuite name="local_mqtt_sub_fail" tests="1" errors="0" failures="0" skipped="0" time="0"><testcase classname="PySysTest" name="local_mqtt_sub_fail" />
</testsuite><testsuite name="log_request_error_messages" tests="1" errors="0" failures="0" skipped="1" time="0"><testcase classname="LogRequestVerifySearchTextError" name="log_request_error_messages">
		<skipped message="SKIPPED: Test execution disabled due to #1123" />
		<system-out>06:59:09 INFO  ==============================================================
06:59:09 INFO  Id:    log_request_error_messages
06:59:09 INFO  Dir:   log_request_end_to_end/
06:59:09 INFO  Title: Validate end to end behaviour for the log request operation check for error messages
06:59:09 INFO  ==============================================================
06:59:11 INFO  Test execution disabled due to #1123 ... skipped
06:59:11 INFO  
06:59:11 INFO  Test duration: 1.48 secs
06:59:11 INFO  Test final outcome:  SKIPPED
06:59:11 INFO  Test outcome reason: Test execution disabled due to #1123
06:59:11 INFO  
</system-out>
	</testcase>
</testsuite><testsuite name="log_request_num_lines" tests="1" errors="0" failures="0" skipped="1" time="0"><testcase classname="LogRequestVerifyNumberOfLines" name="log_request_num_lines">
		<skipped message="SKIPPED: Test execution disabled due to #1123" />
		<system-out>06:59:11 INFO  ==============================================================
06:59:11 INFO  Id:    log_request_num_lines
06:59:11 INFO  Dir:   log_request_end_to_end/
06:59:11 INFO  Title: Validate end to end behaviour for the log request operation check for number of lines
06:59:11 INFO  ==============================================================
06:59:11 INFO  Test execution disabled due to #1123 ... skipped
06:59:11 INFO  
06:59:11 INFO  Test duration: 0.02 secs
06:59:11 INFO  Test final outcome:  SKIPPED
06:59:11 INFO  Test outcome reason: Test execution disabled due to #1123
06:59:11 INFO  
</system-out>
	</testcase>
</testsuite><testsuite name="mapper_awaits_before_reconnect" tests="1" errors="0" failures="0" skipped="0" time="0"><testcase classname="MapperReconnectAwait" name="mapper_awaits_before_reconnect" />
</testsuite><testsuite name="monitoring_smaller_interval" tests="1" errors="0" failures="0" skipped="1" time="0"><testcase classname="MonitoringSmallInterval" name="monitoring_smaller_interval">
		<skipped message="SKIPPED: Fails due to retained message" />
		<system-out>07:00:55 INFO  ==============================================================
07:00:55 INFO  Id:    monitoring_smaller_interval
07:00:55 INFO  Dir:   monitoring/
07:00:55 INFO  Title: Validate the tedge dm agent messages that are produced with smaller sampling interval than the batching window. Here the simulated collectd messages are used
07:00:55 INFO  ==============================================================
07:00:55 INFO  Fails due to retained message ... skipped
07:00:55 INFO  
07:00:55 INFO  Test duration: 0.06 secs
07:00:55 INFO  Test final outcome:  SKIPPED
07:00:55 INFO  Test outcome reason: Fails due to retained message
07:00:55 INFO  
</system-out>
	</testcase>
</testsuite><testsuite name="monitoring_with_collectd" tests="1" errors="0" failures="0" skipped="1" time="0"><testcase classname="MonitoringWithCollectd" name="monitoring_with_collectd">
		<skipped message="SKIPPED: Test execution disabled due to #792 (instable)" />
		<system-out>07:00:55 INFO  ==============================================================
07:00:55 INFO  Id:    monitoring_with_collectd
07:00:55 INFO  Dir:   monitoring/
07:00:55 INFO  Title: Validate tedge dm agent messages that are produced by batching the collectd messages
07:00:55 INFO  ==============================================================
07:00:55 INFO  Test execution disabled due to #792 (instable) ... skipped
07:00:55 INFO  
07:00:55 INFO  Test duration: 0.02 secs
07:00:55 INFO  Test final outcome:  SKIPPED
07:00:55 INFO  Test outcome reason: Test execution disabled due to #792 (instable)
07:00:55 INFO  
</system-out>
	</testcase>
</testsuite><testsuite name="monitoring_with_simulated_messages" tests="1" errors="0" failures="0" skipped="1" time="0"><testcase classname="MonitoringWithSimulatedMessages" name="monitoring_with_simulated_messages">
		<skipped message="SKIPPED: Fails due to retained message" />
		<system-out>07:00:55 INFO  ==============================================================
07:00:55 INFO  Id:    monitoring_with_simulated_messages
07:00:55 INFO  Dir:   monitoring/
07:00:55 INFO  Title: Validate the tedge dm agent messages that are produced from the simulated collectd messages
07:00:55 INFO  ==============================================================
07:00:55 INFO  Fails due to retained message ... skipped
07:00:55 INFO  
07:00:55 INFO  Test duration: 0.05 secs
07:00:55 INFO  Test final outcome:  SKIPPED
07:00:55 INFO  Test outcome reason: Fails due to retained message
07:00:55 INFO  
</system-out>
	</testcase>
</testsuite><testsuite name="mqtt_port_change_connection_fails" tests="1" errors="0" failures="0" skipped="0" time="0"><testcase classname="MqttPortChangeConnectionFails" name="mqtt_port_change_connection_fails" />
</testsuite><testsuite name="mqtt_port_change_connection_works" tests="1" errors="0" failures="0" skipped="1" time="0"><testcase classname="MqttPortChangeConnectionWorks" name="mqtt_port_change_connection_works">
		<skipped message="SKIPPED: failing intermitently" />
		<system-out>06:59:47 INFO  ==============================================================
06:59:47 INFO  Id:    mqtt_port_change_connection_works
06:59:47 INFO  Dir:   misc_features/
06:59:47 INFO  Title: mqtt port change connection works for all the thin-edge services that use the mosquitto broker
06:59:47 INFO  ==============================================================
06:59:47 INFO  failing intermitently ... skipped
06:59:47 INFO  
06:59:47 INFO  Test duration: 0.04 secs
06:59:47 INFO  Test final outcome:  SKIPPED
06:59:47 INFO  Test outcome reason: failing intermitently
06:59:47 INFO  
</system-out>
	</testcase>
</testsuite><testsuite name="mqtt_port_set" tests="1" errors="0" failures="0" skipped="0" time="0"><testcase classname="MqttPortSet" name="mqtt_port_set" />
</testsuite><testsuite name="mqtt_port_unset" tests="1" errors="0" failures="0" skipped="0" time="0"><testcase classname="MqttPortUnSet" name="mqtt_port_unset" />
</testsuite><testsuite name="publish_flux" tests="1" errors="0" failures="0" skipped="0" time="0"><testcase classname="PublishFlux" name="publish_flux" />
</testsuite><testsuite name="publish_sawmill" tests="1" errors="0" failures="0" skipped="0" time="0"><testcase classname="PublishSawmill" name="publish_sawmill" />
</testsuite><testsuite name="pysys_block" tests="1" errors="0" failures="0" skipped="1" time="0"><testcase classname="Fail" name="pysys_block">
		<skipped message="SKIPPED: Enable this to observe a blocking test" />
		<system-out>07:00:19 INFO  ==============================================================
07:00:19 INFO  Id:    pysys_block
07:00:19 INFO  Dir:   misc_features/
07:00:19 INFO  Title: fail
07:00:19 INFO  ==============================================================
07:00:19 INFO  Enable this to observe a blocking test ... skipped
07:00:19 INFO  
07:00:19 INFO  Test duration: 0.02 secs
07:00:19 INFO  Test final outcome:  SKIPPED
07:00:19 INFO  Test outcome reason: Enable this to observe a blocking test
07:00:19 INFO  
</system-out>
	</testcase>
</testsuite><testsuite name="pysys_fail" tests="1" errors="0" failures="0" skipped="1" time="0"><testcase classname="Fail" name="pysys_fail">
		<skipped message="SKIPPED: Enable this to observe a failing test" />
		<system-out>07:00:19 INFO  ==============================================================
07:00:19 INFO  Id:    pysys_fail
07:00:19 INFO  Dir:   misc_features/
07:00:19 INFO  Title: fail
07:00:19 INFO  ==============================================================
07:00:19 INFO  Enable this to observe a failing test ... skipped
07:00:19 INFO  
07:00:19 INFO  Test duration: 0.02 secs
07:00:19 INFO  Test final outcome:  SKIPPED
07:00:19 INFO  Test outcome reason: Enable this to observe a failing test
07:00:19 INFO  
</system-out>
	</testcase>
</testsuite><testsuite name="runtime_start_two_mappers" tests="1" errors="0" failures="0" skipped="1" time="0"><testcase classname="RuntimeMultiMappers" name="runtime_start_two_mappers">
		<skipped message="SKIPPED: Test execution disabled due to #1124" />
		<system-out>07:15:25 INFO  ==============================================================
07:15:25 INFO  Id:    runtime_start_two_mappers
07:15:25 INFO  Dir:   tedge_mapper_c8y/
07:15:25 INFO  Title: Validate two mappers can't be started at the same time
07:15:25 INFO  ==============================================================
07:15:25 INFO  Test execution disabled due to #1124 ... skipped
07:15:25 INFO  
07:15:25 INFO  Test duration: 0.02 secs
07:15:25 INFO  Test final outcome:  SKIPPED
07:15:25 INFO  Test outcome reason: Test execution disabled due to #1124
07:15:25 INFO  
</system-out>
	</testcase>
</testsuite><testsuite name="sm_tedge_mapper_init_session" tests="1" errors="0" failures="0" skipped="0" time="0"><testcase classname="TedgeSMMapperInitSession" name="sm_tedge_mapper_init_session" />
</testsuite><testsuite name="smoketest_json" tests="1" errors="0" failures="0" skipped="0" time="0"><testcase classname="SmokeTestJson" name="smoketest_json" />
</testsuite><testsuite name="smoketest_json_400_samples_10ms" tests="1" errors="0" failures="0" skipped="0" time="0"><testcase classname="SmoketestJson400Samples10ms" name="smoketest_json_400_samples_10ms" />
</testsuite><testsuite name="smoketest_json_400_samples_20ms" tests="1" errors="0" failures="0" skipped="0" time="0"><testcase classname="SmoketestJson400Samples20ms" name="smoketest_json_400_samples_20ms" />
</testsuite><testsuite name="smoketest_smartrest" tests="1" errors="0" failures="0" skipped="0" time="0"><testcase classname="SmoketestSmartRest" name="smoketest_smartrest" />
</testsuite><testsuite name="smoketest_smartrest_200_samples_1Xms" tests="1" errors="0" failures="0" skipped="0" time="0"><testcase classname="SmoketestSmartRest200Samples1Xms" name="smoketest_smartrest_200_samples_1Xms" />
</testsuite><testsuite name="smoketest_smartrest_200_samples_20ms" tests="1" errors="0" failures="1" skipped="0" time="0"><testcase classname="SmoketestSmartRest200Samples20ms" name="smoketest_smartrest_200_samples_20ms">
		<failure message="BLOCKED: python3&lt;stdout&gt; returned non-zero exit code 1" type="BLOCKED" />
		<system-out>07:09:26 INFO  ==============================================================
07:09:26 INFO  Id:    smoketest_smartrest_200_samples_20ms
07:09:26 INFO  Dir:   smoketests/
07:09:26 INFO  Title: Smoketest SmartRest 200 Samples 20ms Delay
07:09:26 INFO  ==============================================================
07:09:26 INFO  EnvironmentC8y Setup
07:09:27 INFO  Executed systemctl&lt;serv_mapper1&gt;, exit status 3
07:09:27 INFO  Restarting mosquitto too frequently in the last 10 seconds. It was only up for 6 seconds
07:09:27 INFO  Delaying execution by 5 seconds
07:09:49 INFO  Executed sudo&lt;tedge_connect_c8y&gt;, exit status 0, duration 17 secs
07:09:50 INFO  Executed sudo&lt;tedge_connect_c8y_test&gt;, exit status 0
07:09:50 INFO  Executed systemctl&lt;serv_mosq2&gt;, exit status 0
07:09:51 INFO  Executed systemctl&lt;serv_mapper3&gt;, exit status 0
07:11:15 WARN  Executed python3&lt;stdout&gt;, exit status 1, duration 44 secs
07:11:15 INFO  Contents of stdout.out: 
  Act: Publishing values with tedge pub
  Waiting 3s for values to arrive in C8y
  Assert: Retrieving data via REST interface
  Gathering values from 2022-05-09 07:10:35+00:00 to 2022-05-09 07:11:15+00:00
  Found 191 recorded values:
  Retrieved values:
      9    10    11    12    13    14    15    16    17    18    19
     20    21    22    23    24    25    26    27    28    29    30    31    32    33    34    35    36    37    38    39
     40    41    42    43    44    45    46    47    48    49    50    51    52    53    54    55    56    57    58    59
     60    61    62    63    64    65    66    67    68    69    70    71    72    73    74    75    76    77    78    79
     80    81    82    83    84    85    86    87    88    89    90    91    92    93    94    95    96    97    98    99
    100   101   102   103   104   105   106   107   108   109   110   111   112   113   114   115   116   117   118   119
    120   121   122   123   124   125   126   127   128   129   130   131   132   133   134   135   136   137   138   139
    140   141   142   143   144   145   146   147   148   149   150   151   152   153   154   155   156   157   158   159
    160   161   162   163   164   165   166   167   168   169   170   171   172   173   174   175   176   177   178   179
    180   181   182   183   184   185   186   187   188   189   190   191   192   193   194   195   196   197   198   199
  Expected:  0.0  ...  199.0
  Data verification FAILED
  -----

07:11:16 WARN  python3&lt;stdout&gt; returned non-zero exit code 1 ... blocked 
07:11:16 WARN  Aborted test due to BLOCKED outcome
07:11:16 INFO  
07:11:16 INFO  cleanup:
07:11:22 INFO  Executed sudo&lt;tedge_disconnect_c8y&gt;, exit status 0
07:11:22 INFO  Executed systemctl&lt;serv_mapper5&gt;, exit status 3
07:11:22 INFO  
07:11:22 INFO  Test duration: 116.20 secs
07:11:22 INFO  Test final outcome:  BLOCKED
07:11:22 INFO  Test outcome reason: python3&lt;stdout&gt; returned non-zero exit code 1
07:11:22 INFO  
</system-out>
	</testcase>
</testsuite><testsuite name="tedge_agent_user_sudo_access" tests="1" errors="0" failures="0" skipped="1" time="0"><testcase classname="TedgeAgentUserSudoAccess" name="tedge_agent_user_sudo_access">
		<skipped message="SKIPPED: #955 Observation: Exit code of the apt plugin when called with no arguments" />
		<system-out>07:11:51 INFO  ==============================================================
07:11:51 INFO  Id:    tedge_agent_user_sudo_access
07:11:51 INFO  Dir:   tedge/
07:11:51 INFO  Title: Validate tedge-agent user has a limited sudo right
07:11:51 INFO  ==============================================================
07:11:51 INFO  #955 Observation: Exit code of the apt plugin when called with no arguments ... skipped
07:11:51 INFO  
07:11:51 INFO  Test duration: 0.02 secs
07:11:51 INFO  Test final outcome:  SKIPPED
07:11:51 INFO  Test outcome reason: #955 Observation: Exit code of the apt plugin when called with no arguments
07:11:51 INFO  
</system-out>
	</testcase>
</testsuite><testsuite name="tedge_connect_test_negative" tests="1" errors="0" failures="0" skipped="0" time="0"><testcase classname="TedgeConnectTestNegative" name="tedge_connect_test_negative" />
</testsuite><testsuite name="tedge_connect_test_positive" tests="1" errors="0" failures="0" skipped="0" time="0"><testcase classname="TedgeConnectTestPositive" name="tedge_connect_test_positive" />
</testsuite><testsuite name="tedge_connect_test_sm_services" tests="1" errors="0" failures="0" skipped="0" time="0"><testcase classname="TedgeConnectTestSMServices" name="tedge_connect_test_sm_services" />
</testsuite><testsuite name="tedge_disconnect_test_sm_services" tests="1" errors="0" failures="0" skipped="0" time="0"><testcase classname="TedgeDisConnectTestSMServices" name="tedge_disconnect_test_sm_services" />
</testsuite><testsuite name="tedge_mapper_az_negative" tests="1" errors="0" failures="0" skipped="0" time="0"><testcase classname="TedgeMapperAzError" name="tedge_mapper_az_negative" />
</testsuite><testsuite name="tedge_mapper_az_with_timestamp" tests="1" errors="0" failures="0" skipped="0" time="0"><testcase classname="TedgeMapperAzWithTimestamp" name="tedge_mapper_az_with_timestamp" />
</testsuite><testsuite name="tedge_mapper_az_without_timestamp" tests="1" errors="0" failures="0" skipped="0" time="0"><testcase classname="TedgeMapperAzWithoutTimestamp" name="tedge_mapper_az_without_timestamp" />
</testsuite><testsuite name="tedge_mapper_c8y_alarms" tests="1" errors="0" failures="0" skipped="0" time="0"><testcase classname="TedgeMapperC8yAlarm" name="tedge_mapper_c8y_alarms" />
</testsuite><testsuite name="tedge_mapper_c8y_child_device_measurement" tests="1" errors="0" failures="0" skipped="1" time="0"><testcase classname="TedgeMapperC8yChildDevice" name="tedge_mapper_c8y_child_device_measurement">
		<skipped message="SKIPPED: Test execution disabled due to #1088" />
		<system-out>07:16:46 INFO  ==============================================================
07:16:46 INFO  Id:    tedge_mapper_c8y_child_device_measurement
07:16:46 INFO  Dir:   tedge_mapper_c8y/
07:16:46 INFO  Title: Validate that measurements sent to tedge/measurements/child topic gets mapped as the child device's measurement in Cumulocity
07:16:46 INFO  ==============================================================
07:16:46 INFO  Test execution disabled due to #1088 ... skipped
07:16:46 INFO  
07:16:46 INFO  Test duration: 0.08 secs
07:16:46 INFO  Test final outcome:  SKIPPED
07:16:46 INFO  Test outcome reason: Test execution disabled due to #1088
07:16:46 INFO  
</system-out>
	</testcase>
</testsuite><testsuite name="tedge_mapper_c8y_packet_threshold_size" tests="1" errors="0" failures="0" skipped="0" time="0"><testcase classname="TedgeMapperC8yThresholdPacketSize" name="tedge_mapper_c8y_packet_threshold_size" />
</testsuite><testsuite name="tedge_software_update" tests="1" errors="0" failures="0" skipped="0" time="0"><testcase classname="PySysTest" name="tedge_software_update" />
</testsuite><testsuite name="valid_device_id" tests="1" errors="0" failures="0" skipped="0" time="0"><testcase classname="ValidateValidDeviceId" name="valid_device_id" />
</testsuite></testsuites>