<?xml version='1.0' encoding='utf-8'?>
<testsuites tests="149" failures="7" errors="0" skipped="55" time="0.0"><testsuite name="SoftwareManagement.Plugin.apama_plugin_install" tests="3" errors="0" failures="0" skipped="1" time="0"><testcase classname="ApamaPluginInstallTest" name="SoftwareManagement.Plugin.apama_plugin_install">
		<skipped message="SKIPPED: Apama plugin tests are disabled by default. Execute `pysys run` with `-XmyPlatform=container` to run these tests" />
		<system-out>06:57:18 INFO  ==============================================================
06:57:18 INFO  Id:    SoftwareManagement.Plugin.apama_plugin_install
06:57:18 INFO  Dir:   plugin_apama/
06:57:18 INFO  Title: Validate apama plugin install
06:57:18 INFO  ==============================================================
06:57:19 INFO  Apama plugin tests are disabled by default. Execute `pysys run` with `-XmyPlatform=container` to run these tests ... skipped
06:57:19 WARN  Aborted test due to SKIPPED outcome
06:57:19 INFO  
06:57:19 INFO  Test duration: 0.38 secs
06:57:19 INFO  Test final outcome:  SKIPPED
06:57:19 INFO  Test outcome reason: Apama plugin tests are disabled by default. Execute `pysys run` with `-XmyPlatform=container` to run these tests
06:57:19 INFO  
</system-out>
	</testcase>
<testcase classname="ApamaPluginInstallTest" name="SoftwareManagement.Plugin.apama_plugin_install" />
<testcase classname="ApamaPluginInstallTest" name="SoftwareManagement.Plugin.apama_plugin_install" />
</testsuite><testsuite name="SoftwareManagement.Plugin.apama_plugin_mon_support" tests="3" errors="0" failures="0" skipped="1" time="0"><testcase classname="ApamaPluginMonSupportTest" name="SoftwareManagement.Plugin.apama_plugin_mon_support">
		<skipped message="SKIPPED: Apama plugin tests are disabled by default. Execute `pysys run` with `-XmyPlatform=container` to run these tests" />
		<system-out>06:57:19 INFO  ==============================================================
06:57:19 INFO  Id:    SoftwareManagement.Plugin.apama_plugin_mon_support
06:57:19 INFO  Dir:   plugin_apama/
06:57:19 INFO  Title: Validate mon file support of apama plugin
06:57:19 INFO  ==============================================================
06:57:19 INFO  Apama plugin tests are disabled by default. Execute `pysys run` with `-XmyPlatform=container` to run these tests ... skipped
06:57:19 WARN  Aborted test due to SKIPPED outcome
06:57:19 INFO  
06:57:19 INFO  Test duration: 0.02 secs
06:57:19 INFO  Test final outcome:  SKIPPED
06:57:19 INFO  Test outcome reason: Apama plugin tests are disabled by default. Execute `pysys run` with `-XmyPlatform=container` to run these tests
06:57:19 INFO  
</system-out>
	</testcase>
<testcase classname="ApamaPluginMonSupportTest" name="SoftwareManagement.Plugin.apama_plugin_mon_support" />
<testcase classname="ApamaPluginMonSupportTest" name="SoftwareManagement.Plugin.apama_plugin_mon_support" />
</testsuite><testsuite name="SoftwareManagement.Plugin.apama_plugin_remove" tests="3" errors="0" failures="0" skipped="1" time="0"><testcase classname="ApamaPluginRemoveTest" name="SoftwareManagement.Plugin.apama_plugin_remove">
		<skipped message="SKIPPED: Apama plugin tests are disabled by default. Execute `pysys run` with `-XmyPlatform=container` to run these tests" />
		<system-out>06:57:19 INFO  ==============================================================
06:57:19 INFO  Id:    SoftwareManagement.Plugin.apama_plugin_remove
06:57:19 INFO  Dir:   plugin_apama/
06:57:19 INFO  Title: Validate apama plugin remove
06:57:19 INFO  ==============================================================
06:57:19 INFO  Apama plugin tests are disabled by default. Execute `pysys run` with `-XmyPlatform=container` to run these tests ... skipped
06:57:19 WARN  Aborted test due to SKIPPED outcome
06:57:19 INFO  
06:57:19 INFO  Test duration: 0.02 secs
06:57:19 INFO  Test final outcome:  SKIPPED
06:57:19 INFO  Test outcome reason: Apama plugin tests are disabled by default. Execute `pysys run` with `-XmyPlatform=container` to run these tests
06:57:19 INFO  
</system-out>
	</testcase>
<testcase classname="ApamaPluginRemoveTest" name="SoftwareManagement.Plugin.apama_plugin_remove" />
<testcase classname="ApamaPluginRemoveTest" name="SoftwareManagement.Plugin.apama_plugin_remove" />
</testsuite><testsuite name="SoftwareManagement.Plugin.apama_plugin_update" tests="3" errors="0" failures="0" skipped="3" time="0"><testcase classname="ApamaPluginUpdateTest" name="SoftwareManagement.Plugin.apama_plugin_update">
		<skipped message="SKIPPED: Test execution disabled due to #1052" />
		<system-out>06:57:19 INFO  ==============================================================
06:57:19 INFO  Id:    SoftwareManagement.Plugin.apama_plugin_update
06:57:19 INFO  Dir:   plugin_apama/
06:57:19 INFO  Title: Validate apama plugin updating one project with another
06:57:19 INFO  ==============================================================
06:57:19 INFO  Test execution disabled due to #1052 ... skipped
06:57:19 INFO  
06:57:19 INFO  Test duration: 0.02 secs
06:57:19 INFO  Test final outcome:  SKIPPED
06:57:19 INFO  Test outcome reason: Test execution disabled due to #1052
06:57:19 INFO  
</system-out>
	</testcase>
<testcase classname="ApamaPluginUpdateTest" name="SoftwareManagement.Plugin.apama_plugin_update">
		<skipped message="SKIPPED: Test execution disabled due to #1052" />
		<system-out>07:50:34 INFO  ==============================================================
07:50:34 INFO  Id:    SoftwareManagement.Plugin.apama_plugin_update
07:50:34 INFO  Dir:   plugin_apama/
07:50:34 INFO  Title: Validate apama plugin updating one project with another
07:50:34 INFO  ==============================================================
07:50:34 INFO  Test execution disabled due to #1052 ... skipped
07:50:34 INFO  
07:50:34 INFO  Test duration: 0.02 secs
07:50:34 INFO  Test final outcome:  SKIPPED
07:50:34 INFO  Test outcome reason: Test execution disabled due to #1052
07:50:34 INFO  
</system-out>
	</testcase>
<testcase classname="ApamaPluginUpdateTest" name="SoftwareManagement.Plugin.apama_plugin_update">
		<skipped message="SKIPPED: Test execution disabled due to #1052" />
		<system-out>07:59:12 INFO  ==============================================================
07:59:12 INFO  Id:    SoftwareManagement.Plugin.apama_plugin_update
07:59:12 INFO  Dir:   plugin_apama/
07:59:12 INFO  Title: Validate apama plugin updating one project with another
07:59:12 INFO  ==============================================================
07:59:12 INFO  Test execution disabled due to #1052 ... skipped
07:59:12 INFO  
07:59:12 INFO  Test duration: 0.02 secs
07:59:12 INFO  Test final outcome:  SKIPPED
07:59:12 INFO  Test outcome reason: Test execution disabled due to #1052
07:59:12 INFO  
</system-out>
	</testcase>
</testsuite><testsuite name="SoftwareManagement.sm_apt_install_download_path" tests="3" errors="0" failures="2" skipped="1" time="0"><testcase classname="AptInstallWithDownloadPath" name="SoftwareManagement.sm_apt_install_download_path">
		<skipped message="SKIPPED: Testing the apt plugin is not supported on this platform.Use parameter -XmyPlatform='container' to enable it" />
		<system-out>07:07:07 INFO  ==============================================================
07:07:07 INFO  Id:    SoftwareManagement.sm_apt_install_download_path
07:07:07 INFO  Dir:   software_management_end_to_end/
07:07:07 INFO  Title: Install package to directory specified in tedge config set tmp.path
07:07:07 INFO  ==============================================================
07:07:07 INFO  Testing the apt plugin is not supported on this platform.Use parameter -XmyPlatform='container' to enable it ... skipped
07:07:07 WARN  Aborted test due to SKIPPED outcome
07:07:07 INFO  
07:07:07 INFO  Test duration: 0.27 secs
07:07:07 INFO  Test final outcome:  SKIPPED
07:07:07 INFO  Test outcome reason: Testing the apt plugin is not supported on this platform.Use parameter -XmyPlatform='container' to enable it
07:07:07 INFO  
</system-out>
	</testcase>
<testcase classname="AptInstallWithDownloadPath" name="SoftwareManagement.sm_apt_install_download_path">
		<failure message="BLOCKED: AssertionError:" type="BLOCKED" />
		<system-out>07:32:09 INFO  ==============================================================
07:32:09 INFO  Id:    SoftwareManagement.sm_apt_install_download_path
07:32:09 INFO  Dir:   software_management_end_to_end/
07:32:09 INFO  Title: Install package to directory specified in tedge config set tmp.path
07:32:09 INFO  ==============================================================
07:32:09 INFO  Using sw id database: {'asciijump': '5475369', 'robotfindskitten': '5474869', 'squirrel3': '5475279', 'rolldice': '5152439', 'moon-buggy': '5439204', 'apple': '5495053', 'banana': '5494888', 'cherry': '5495382', 'watermelon': '5494510', 'registry': '8018911', 'hello-world': '8021526', 'docker/getting-started': '8021973', 'alpine': '7991792'}
07:32:09 INFO  EnvironmentC8y Setup
07:32:10 INFO  Executed systemctl&lt;serv_mapper1&gt;, exit status 3
07:32:26 INFO  Executed sudo&lt;tedge_connect_c8y&gt;, exit status 0, duration 15 secs
07:32:28 INFO  Executed sudo&lt;tedge_connect_c8y_test&gt;, exit status 0
07:32:29 INFO  Executed systemctl&lt;serv_mosq2&gt;, exit status 0
07:32:30 INFO  Executed systemctl&lt;serv_mapper3&gt;, exit status 0
07:32:32 ERROR No operations found, assuming it passed
07:32:32 INFO  Assert that (False == value) with value=False ... passed
07:32:33 INFO  Executed sudo, exit status 0
07:32:33 INFO  Executed sudo, exit status 0
07:32:34 INFO  Executed sudo, exit status 0
07:32:38 INFO  Executed sudo&lt;tedge_disconnect_c8y&gt;, exit status 0
07:32:38 INFO  Restarting mosquitto too frequently in the last 10 seconds. It was only up for 4 seconds
07:32:38 INFO  Delaying execution by 7 seconds
07:33:00 INFO  Executed sudo&lt;tedge_connect_c8y&gt;, exit status 0, duration 14 secs
07:33:00 INFO  Response status: 201
07:33:00 INFO  Response to action: {
    "delivery": {
        "time": "2022-05-09T07:33:00.354Z",
        "log": [],
        "status": "PENDING"
    },
    "creationTime": "2022-05-09T07:33:00.331Z",
    "deviceName": "mythica",
    "deviceId": "18509904",
    "self": "https://t493319102.eu-latest.cumulocity.com/devicecontrol/operations/18523315",
    "id": "18523315",
    "status": "PENDING",
    "description": "Apply software changes, triggered from PySys: [{'name': 'rolldice', 'id': '5152439', 'version': '::apt', 'url': 'https://thin-edge-io.eu-latest.cumulocity.com/inventory/binaries/12435463', 'action': 'install'}]",
    "c8y_SoftwareUpdate": [
        {
            "name": "rolldice",
            "action": "install",
            "id": "5152439",
            "version": "::apt",
            "url": "https://thin-edge-io.eu-latest.cumulocity.com/inventory/binaries/12435463"
        }
    ]
}
07:33:00 INFO  Started operation: {'delivery': {'time': '2022-05-09T07:33:00.354Z', 'log': [], 'status': 'PENDING'}, 'creationTime': '2022-05-09T07:33:00.331Z', 'deviceName': 'mythica', 'deviceId': '18509904', 'self': 'https://t493319102.eu-latest.cumulocity.com/devicecontrol/operations/18523315', 'id': '18523315', 'status': 'PENDING', 'description': "Apply software changes, triggered from PySys: [{'name': 'rolldice', 'id': '5152439', 'version': '::apt', 'url': 'https://thin-edge-io.eu-latest.cumulocity.com/inventory/binaries/12435463', 'action': 'install'}]", 'c8y_SoftwareUpdate': [{'name': 'rolldice', 'action': 'install', 'id': '5152439', 'version': '::apt', 'url': 'https://thin-edge-io.eu-latest.cumulocity.com/inventory/binaries/12435463'}]}
07:33:00 WARN  , retrying in 0.5 seconds...
07:33:00 WARN  , retrying in 0.5 seconds...
07:33:01 WARN  , retrying in 0.5 seconds...
07:33:01 WARN  , retrying in 0.5 seconds...
07:33:02 WARN  , retrying in 0.5 seconds...
07:33:02 WARN  , retrying in 0.5 seconds...
07:33:03 WARN  , retrying in 0.5 seconds...
07:33:03 WARN  , retrying in 0.5 seconds...
07:33:04 WARN  , retrying in 0.5 seconds...
07:33:04 WARN  AssertionError occurred while running test - 
Traceback (most recent call last):
  File "/home/pi/env-pysys/lib/python3.7/site-packages/pysys/baserunner.py", line 1294, in __call__
    self.testObj.execute()
  File "/home/pi/actions-runner/_work/thin-edge.io/thin-edge.io/tests/PySys/software_management_end_to_end/sm_apt_install_download_path/run.py", line 83, in execute
    assert_install_in_download_path(install_directory=self.DOWNLOAD_DIR)
  File "/home/pi/env-pysys/lib/python3.7/site-packages/decorator.py", line 232, in fun
    return caller(func, *(extras + args), **kw)
  File "/home/pi/env-pysys/lib/python3.7/site-packages/retry/api.py", line 74, in retry_decorator
    logger)
  File "/home/pi/env-pysys/lib/python3.7/site-packages/retry/api.py", line 33, in __retry_internal
    return f()
  File "/home/pi/actions-runner/_work/thin-edge.io/thin-edge.io/tests/PySys/software_management_end_to_end/sm_apt_install_download_path/run.py", line 28, in assert_install_in_download_path
    assert "rolldice" in os.listdir(f"{install_directory}")
AssertionError
07:33:05 WARN  AssertionError: ... blocked 
07:33:05 INFO  
07:33:05 INFO  cleanup:
07:33:06 INFO  Executed sudo, exit status 0
07:33:06 INFO  Executed sudo, exit status 0
07:33:11 INFO  Executed sudo&lt;tedge_disconnect_c8y&gt;, exit status 0
07:33:11 INFO  Restarting mosquitto too frequently in the last 10 seconds. It was only up for 4 seconds
07:33:11 INFO  Delaying execution by 7 seconds
07:33:32 INFO  Executed sudo&lt;tedge_connect_c8y&gt;, exit status 0, duration 14 secs
07:33:36 INFO  Executed sudo&lt;tedge_disconnect_c8y&gt;, exit status 0
07:33:37 INFO  Executed systemctl&lt;serv_mapper5&gt;, exit status 3
07:33:37 INFO  
07:33:37 INFO  Test duration: 87.88 secs
07:33:37 INFO  Test final outcome:  BLOCKED
07:33:37 INFO  Test outcome reason: AssertionError:
07:33:37 INFO  
</system-out>
	</testcase>
<testcase classname="AptInstallWithDownloadPath" name="SoftwareManagement.sm_apt_install_download_path">
		<failure message="BLOCKED: AssertionError:" type="BLOCKED" />
		<system-out>07:59:12 INFO  ==============================================================
07:59:12 INFO  Id:    SoftwareManagement.sm_apt_install_download_path
07:59:12 INFO  Dir:   software_management_end_to_end/
07:59:12 INFO  Title: Install package to directory specified in tedge config set tmp.path
07:59:12 INFO  ==============================================================
07:59:14 INFO  Using sw id database: {'asciijump': '5475369', 'robotfindskitten': '5474869', 'squirrel3': '5475279', 'rolldice': '5152439', 'moon-buggy': '5439204', 'apple': '5495053', 'banana': '5494888', 'cherry': '5495382', 'watermelon': '5494510', 'registry': '8018911', 'hello-world': '8021526', 'docker/getting-started': '8021973', 'alpine': '7991792'}
07:59:14 INFO  EnvironmentC8y Setup
07:59:14 INFO  Executed systemctl&lt;serv_mapper1&gt;, exit status 3
07:59:29 INFO  Executed sudo&lt;tedge_connect_c8y&gt;, exit status 0, duration 14 secs
07:59:30 INFO  Executed sudo&lt;tedge_connect_c8y_test&gt;, exit status 0
07:59:30 INFO  Executed systemctl&lt;serv_mosq2&gt;, exit status 0
07:59:31 INFO  Executed systemctl&lt;serv_mapper3&gt;, exit status 0
07:59:33 INFO  State of current operation: SUCCESSFUL
07:59:33 INFO  Assert that (False == value) with value=False ... passed
07:59:34 INFO  Executed sudo, exit status 0
07:59:34 INFO  Executed sudo, exit status 0
07:59:35 INFO  Executed sudo, exit status 0
07:59:39 INFO  Executed sudo&lt;tedge_disconnect_c8y&gt;, exit status 0
07:59:39 INFO  Restarting mosquitto too frequently in the last 10 seconds. It was only up for 3 seconds
07:59:39 INFO  Delaying execution by 8 seconds
08:00:01 INFO  Executed sudo&lt;tedge_connect_c8y&gt;, exit status 0, duration 13 secs
08:00:01 INFO  Response status: 201
08:00:01 INFO  Response to action: {
    "creationTime": "2022-05-09T08:00:01.259Z",
    "deviceName": "mythica",
    "deviceId": "18509904",
    "self": "https://t493319102.eu-latest.cumulocity.com/devicecontrol/operations/18523507",
    "id": "18523507",
    "status": "PENDING",
    "description": "Apply software changes, triggered from PySys: [{'name': 'rolldice', 'id': '5152439', 'version': '::apt', 'url': 'https://thin-edge-io.eu-latest.cumulocity.com/inventory/binaries/12435463', 'action': 'install'}]",
    "c8y_SoftwareUpdate": [
        {
            "name": "rolldice",
            "action": "install",
            "id": "5152439",
            "version": "::apt",
            "url": "https://thin-edge-io.eu-latest.cumulocity.com/inventory/binaries/12435463"
        }
    ]
}
08:00:01 INFO  Started operation: {'creationTime': '2022-05-09T08:00:01.259Z', 'deviceName': 'mythica', 'deviceId': '18509904', 'self': 'https://t493319102.eu-latest.cumulocity.com/devicecontrol/operations/18523507', 'id': '18523507', 'status': 'PENDING', 'description': "Apply software changes, triggered from PySys: [{'name': 'rolldice', 'id': '5152439', 'version': '::apt', 'url': 'https://thin-edge-io.eu-latest.cumulocity.com/inventory/binaries/12435463', 'action': 'install'}]", 'c8y_SoftwareUpdate': [{'name': 'rolldice', 'action': 'install', 'id': '5152439', 'version': '::apt', 'url': 'https://thin-edge-io.eu-latest.cumulocity.com/inventory/binaries/12435463'}]}
08:00:01 WARN  , retrying in 0.5 seconds...
08:00:01 WARN  , retrying in 0.5 seconds...
08:00:02 WARN  , retrying in 0.5 seconds...
08:00:02 WARN  , retrying in 0.5 seconds...
08:00:03 WARN  , retrying in 0.5 seconds...
08:00:03 WARN  , retrying in 0.5 seconds...
08:00:04 WARN  , retrying in 0.5 seconds...
08:00:04 WARN  , retrying in 0.5 seconds...
08:00:05 WARN  , retrying in 0.5 seconds...
08:00:05 WARN  AssertionError occurred while running test - 
Traceback (most recent call last):
  File "/home/pi/env-pysys/lib/python3.7/site-packages/pysys/baserunner.py", line 1294, in __call__
    self.testObj.execute()
  File "/home/pi/actions-runner/_work/thin-edge.io/thin-edge.io/tests/PySys/software_management_end_to_end/sm_apt_install_download_path/run.py", line 83, in execute
    assert_install_in_download_path(install_directory=self.DOWNLOAD_DIR)
  File "/home/pi/env-pysys/lib/python3.7/site-packages/decorator.py", line 232, in fun
    return caller(func, *(extras + args), **kw)
  File "/home/pi/env-pysys/lib/python3.7/site-packages/retry/api.py", line 74, in retry_decorator
    logger)
  File "/home/pi/env-pysys/lib/python3.7/site-packages/retry/api.py", line 33, in __retry_internal
    return f()
  File "/home/pi/actions-runner/_work/thin-edge.io/thin-edge.io/tests/PySys/software_management_end_to_end/sm_apt_install_download_path/run.py", line 28, in assert_install_in_download_path
    assert "rolldice" in os.listdir(f"{install_directory}")
AssertionError
08:00:06 WARN  AssertionError: ... blocked 
08:00:06 INFO  
08:00:06 INFO  cleanup:
08:00:06 INFO  Executed sudo, exit status 0
08:00:07 INFO  Executed sudo, exit status 0
08:00:11 INFO  Executed sudo&lt;tedge_disconnect_c8y&gt;, exit status 0
08:00:12 INFO  Restarting mosquitto too frequently in the last 10 seconds. It was only up for 4 seconds
08:00:12 INFO  Delaying execution by 7 seconds
08:00:33 INFO  Executed sudo&lt;tedge_connect_c8y&gt;, exit status 0, duration 14 secs
08:00:38 INFO  Executed sudo&lt;tedge_disconnect_c8y&gt;, exit status 0
08:00:38 INFO  Executed systemctl&lt;serv_mapper5&gt;, exit status 3
08:00:38 INFO  
08:00:38 INFO  Test duration: 85.85 secs
08:00:38 INFO  Test final outcome:  BLOCKED
08:00:38 INFO  Test outcome reason: AssertionError:
08:00:38 INFO  
</system-out>
	</testcase>
</testsuite><testsuite name="SoftwareManagement.sm_apt_install_fail" tests="3" errors="0" failures="0" skipped="1" time="0"><testcase classname="PySysTest" name="SoftwareManagement.sm_apt_install_fail">
		<skipped message="SKIPPED: Testing the apt plugin is not supported on this platform.Use parameter -XmyPlatform='container' to enable it" />
		<system-out>07:07:07 INFO  ==============================================================
07:07:07 INFO  Id:    SoftwareManagement.sm_apt_install_fail
07:07:07 INFO  Dir:   software_management_end_to_end/
07:07:07 INFO  Title: Validate end to end behaviour for a failing installation
07:07:07 INFO  ==============================================================
07:07:07 INFO  Testing the apt plugin is not supported on this platform.Use parameter -XmyPlatform='container' to enable it ... skipped
07:07:07 WARN  Aborted test due to SKIPPED outcome
07:07:07 INFO  
07:07:07 INFO  Test duration: 0.05 secs
07:07:07 INFO  Test final outcome:  SKIPPED
07:07:07 INFO  Test outcome reason: Testing the apt plugin is not supported on this platform.Use parameter -XmyPlatform='container' to enable it
07:07:07 INFO  
</system-out>
	</testcase>
<testcase classname="PySysTest" name="SoftwareManagement.sm_apt_install_fail" />
<testcase classname="PySysTest" name="SoftwareManagement.sm_apt_install_fail" />
</testsuite><testsuite name="SoftwareManagement.sm_apt_install_remove" tests="3" errors="0" failures="0" skipped="1" time="0"><testcase classname="PySysTest" name="SoftwareManagement.sm_apt_install_remove">
		<skipped message="SKIPPED: Testing the apt plugin is not supported on this platform.Use parameter -XmyPlatform='container' to enable it" />
		<system-out>07:07:07 INFO  ==============================================================
07:07:07 INFO  Id:    SoftwareManagement.sm_apt_install_remove
07:07:07 INFO  Dir:   software_management_end_to_end/
07:07:07 INFO  Title: Validate end to end behaviour for the apt plugin for installation and removal of packages
07:07:07 INFO  ==============================================================
07:07:08 INFO  Testing the apt plugin is not supported on this platform.Use parameter -XmyPlatform='container' to enable it ... skipped
07:07:08 WARN  Aborted test due to SKIPPED outcome
07:07:08 INFO  
07:07:08 INFO  Test duration: 0.19 secs
07:07:08 INFO  Test final outcome:  SKIPPED
07:07:08 INFO  Test outcome reason: Testing the apt plugin is not supported on this platform.Use parameter -XmyPlatform='container' to enable it
07:07:08 INFO  
</system-out>
	</testcase>
<testcase classname="PySysTest" name="SoftwareManagement.sm_apt_install_remove" />
<testcase classname="PySysTest" name="SoftwareManagement.sm_apt_install_remove" />
</testsuite><testsuite name="SoftwareManagement.sm_apt_install_remove_default" tests="3" errors="0" failures="0" skipped="1" time="0"><testcase classname="PySysTest" name="SoftwareManagement.sm_apt_install_remove_default">
		<skipped message="SKIPPED: Testing the apt plugin is not supported on this platform.Use parameter -XmyPlatform='container' to enable it" />
		<system-out>07:07:08 INFO  ==============================================================
07:07:08 INFO  Id:    SoftwareManagement.sm_apt_install_remove_default
07:07:08 INFO  Dir:   software_management_end_to_end/
07:07:08 INFO  Title: Validate end to end behaviour for the default plugin for installation and removal of packages
07:07:08 INFO  ==============================================================
07:07:08 INFO  Testing the apt plugin is not supported on this platform.Use parameter -XmyPlatform='container' to enable it ... skipped
07:07:08 WARN  Aborted test due to SKIPPED outcome
07:07:08 INFO  
07:07:08 INFO  Test duration: 0.03 secs
07:07:08 INFO  Test final outcome:  SKIPPED
07:07:08 INFO  Test outcome reason: Testing the apt plugin is not supported on this platform.Use parameter -XmyPlatform='container' to enable it
07:07:08 INFO  
</system-out>
	</testcase>
<testcase classname="PySysTest" name="SoftwareManagement.sm_apt_install_remove_default" />
<testcase classname="PySysTest" name="SoftwareManagement.sm_apt_install_remove_default" />
</testsuite><testsuite name="SoftwareManagement.sm_apt_install_remove_multiple" tests="3" errors="0" failures="2" skipped="1" time="0"><testcase classname="PySysTest" name="SoftwareManagement.sm_apt_install_remove_multiple">
		<skipped message="SKIPPED: Testing the apt plugin is not supported on this platform.Use parameter -XmyPlatform='container' to enable it" />
		<system-out>07:07:08 INFO  ==============================================================
07:07:08 INFO  Id:    SoftwareManagement.sm_apt_install_remove_multiple
07:07:08 INFO  Dir:   software_management_end_to_end/
07:07:08 INFO  Title: Validate end to end behaviour for the apt plugin for multiple packages
07:07:08 INFO  ==============================================================
07:07:08 INFO  Testing the apt plugin is not supported on this platform.Use parameter -XmyPlatform='container' to enable it ... skipped
07:07:08 WARN  Aborted test due to SKIPPED outcome
07:07:08 INFO  
07:07:08 INFO  Test duration: 0.03 secs
07:07:08 INFO  Test final outcome:  SKIPPED
07:07:08 INFO  Test outcome reason: Testing the apt plugin is not supported on this platform.Use parameter -XmyPlatform='container' to enable it
07:07:08 INFO  
</system-out>
	</testcase>
<testcase classname="PySysTest" name="SoftwareManagement.sm_apt_install_remove_multiple">
		<failure message="FAILED: Assert that (False == value) with value=True" type="FAILED" />
		<system-out>07:40:35 INFO  ==============================================================
07:40:35 INFO  Id:    SoftwareManagement.sm_apt_install_remove_multiple
07:40:35 INFO  Dir:   software_management_end_to_end/
07:40:35 INFO  Title: Validate end to end behaviour for the apt plugin for multiple packages
07:40:35 INFO  ==============================================================
07:40:35 INFO  Using sw id database: {'asciijump': '5475369', 'robotfindskitten': '5474869', 'squirrel3': '5475279', 'rolldice': '5152439', 'moon-buggy': '5439204', 'apple': '5495053', 'banana': '5494888', 'cherry': '5495382', 'watermelon': '5494510', 'registry': '8018911', 'hello-world': '8021526', 'docker/getting-started': '8021973', 'alpine': '7991792'}
07:40:35 INFO  EnvironmentC8y Setup
07:40:35 INFO  Executed systemctl&lt;serv_mapper1&gt;, exit status 3
07:40:35 INFO  Restarting mosquitto too frequently in the last 10 seconds. It was only up for 5 seconds
07:40:35 INFO  Delaying execution by 6 seconds
07:40:56 INFO  Executed sudo&lt;tedge_connect_c8y&gt;, exit status 0, duration 14 secs
07:40:57 INFO  Executed sudo&lt;tedge_connect_c8y_test&gt;, exit status 0
07:40:57 INFO  Executed systemctl&lt;serv_mosq2&gt;, exit status 0
07:40:58 INFO  Executed systemctl&lt;serv_mapper3&gt;, exit status 0
07:41:00 INFO  State of current operation: SUCCESSFUL
07:41:00 INFO  Assert that (False == value) with value=False ... passed
07:41:01 INFO  Assert that (False == value) with value=False ... passed
07:41:01 INFO  Assert that (False == value) with value=False ... passed
07:41:01 INFO  Package robotfindskitten is installed
07:41:01 WARN  Assert that (False == value) with value=True ... failed 
07:41:01 INFO  Response status: 201
07:41:01 INFO  Response to action: {
    "creationTime": "2022-05-09T07:41:01.728Z",
    "deviceName": "mythica",
    "deviceId": "18509904",
    "self": "https://t493319102.eu-latest.cumulocity.com/devicecontrol/operations/18523383",
    "id": "18523383",
    "status": "PENDING",
    "description": "Apply software changes, triggered from PySys: [{'action': 'install', 'id': '5475369', 'name': 'asciijump', 'url': ' ', 'version': '::apt'}, {'action': 'install', 'id': '5474869', 'name': 'robotfindskitten', 'url': ' ', 'version': '::apt'}, {'action': 'install', 'id': '5475279', 'name': 'squirrel3', 'url': ' ', 'version': '::apt'}]",
    "c8y_SoftwareUpdate": [
        {
            "name": "asciijump",
            "action": "install",
            "id": "5475369",
            "version": "::apt",
            "url": " "
        },
        {
            "name": "robotfindskitten",
            "action": "install",
            "id": "5474869",
            "version": "::apt",
            "url": " "
        },
        {
            "name": "squirrel3",
            "action": "install",
            "id": "5475279",
            "version": "::apt",
            "url": " "
        }
    ]
}
07:41:01 INFO  Started operation: {'creationTime': '2022-05-09T07:41:01.728Z', 'deviceName': 'mythica', 'deviceId': '18509904', 'self': 'https://t493319102.eu-latest.cumulocity.com/devicecontrol/operations/18523383', 'id': '18523383', 'status': 'PENDING', 'description': "Apply software changes, triggered from PySys: [{'action': 'install', 'id': '5475369', 'name': 'asciijump', 'url': ' ', 'version': '::apt'}, {'action': 'install', 'id': '5474869', 'name': 'robotfindskitten', 'url': ' ', 'version': '::apt'}, {'action': 'install', 'id': '5475279', 'name': 'squirrel3', 'url': ' ', 'version': '::apt'}]", 'c8y_SoftwareUpdate': [{'name': 'asciijump', 'action': 'install', 'id': '5475369', 'version': '::apt', 'url': ' '}, {'name': 'robotfindskitten', 'action': 'install', 'id': '5474869', 'version': '::apt', 'url': ' '}, {'name': 'squirrel3', 'action': 'install', 'id': '5475279', 'version': '::apt', 'url': ' '}]}
07:41:03 INFO  State of operation 18523383 : PENDING
07:41:06 INFO  State of operation 18523383 : EXECUTING
07:41:08 INFO  State of operation 18523383 : EXECUTING
07:41:10 INFO  State of operation 18523383 : EXECUTING
07:41:12 INFO  State of operation 18523383 : EXECUTING
07:41:15 INFO  State of operation 18523383 : EXECUTING
07:41:17 INFO  State of operation 18523383 : EXECUTING
07:41:20 INFO  State of operation 18523383 : EXECUTING
07:41:23 INFO  State of operation 18523383 : EXECUTING
07:41:25 INFO  State of operation 18523383 : EXECUTING
07:41:27 INFO  State of operation 18523383 : EXECUTING
07:41:30 INFO  State of operation 18523383 : EXECUTING
07:41:32 INFO  State of operation 18523383 : EXECUTING
07:41:34 INFO  State of operation 18523383 : EXECUTING
07:41:36 INFO  State of operation 18523383 : EXECUTING
07:41:39 INFO  State of operation 18523383 : EXECUTING
07:41:41 INFO  State of operation 18523383 : EXECUTING
07:41:44 INFO  State of operation 18523383 : EXECUTING
07:41:46 INFO  State of operation 18523383 : EXECUTING
07:41:49 INFO  State of operation 18523383 : EXECUTING
07:41:51 INFO  State of operation 18523383 : EXECUTING
07:41:53 INFO  State of operation 18523383 : EXECUTING
07:41:56 INFO  State of operation 18523383 : EXECUTING
07:41:58 INFO  State of operation 18523383 : EXECUTING
07:42:00 INFO  State of operation 18523383 : EXECUTING
07:42:02 INFO  State of operation 18523383 : EXECUTING
07:42:05 INFO  State of operation 18523383 : EXECUTING
07:42:07 INFO  State of operation 18523383 : EXECUTING
07:42:10 INFO  State of operation 18523383 : EXECUTING
07:42:12 INFO  State of operation 18523383 : EXECUTING
07:42:14 INFO  State of operation 18523383 : EXECUTING
07:42:17 INFO  State of operation 18523383 : EXECUTING
07:42:19 INFO  State of operation 18523383 : EXECUTING
07:42:21 INFO  State of operation 18523383 : EXECUTING
07:42:23 INFO  State of operation 18523383 : SUCCESSFUL
07:42:23 INFO  Assert that (False == value) with value=False ... passed
07:42:24 INFO  Package asciijump is installed
07:42:24 INFO  Assert that (True == value) with value=True ... passed
07:42:24 INFO  Package squirrel3 is installed
07:42:24 INFO  Assert that (True == value) with value=True ... passed
07:42:24 INFO  Package robotfindskitten is installed
07:42:24 INFO  Assert that (True == value) with value=True ... passed
07:42:24 INFO  Response status: 201
07:42:24 INFO  Response to action: {
    "creationTime": "2022-05-09T07:42:24.769Z",
    "deviceName": "mythica",
    "deviceId": "18509904",
    "self": "https://t493319102.eu-latest.cumulocity.com/devicecontrol/operations/18523393",
    "id": "18523393",
    "status": "PENDING",
    "description": "Apply software changes, triggered from PySys: [{'action': 'delete', 'id': '5475369', 'name': 'asciijump', 'url': ' ', 'version': '::apt'}, {'action': 'delete', 'id': '5474869', 'name': 'robotfindskitten', 'url': ' ', 'version': '::apt'}, {'action': 'delete', 'id': '5475279', 'name': 'squirrel3', 'url': ' ', 'version': '::apt'}]",
    "c8y_SoftwareUpdate": [
        {
            "name": "asciijump",
            "action": "delete",
            "id": "5475369",
            "version": "::apt",
            "url": " "
        },
        {
            "name": "robotfindskitten",
            "action": "delete",
            "id": "5474869",
            "version": "::apt",
            "url": " "
        },
        {
            "name": "squirrel3",
            "action": "delete",
            "id": "5475279",
            "version": "::apt",
            "url": " "
        }
    ]
}
07:42:24 INFO  Started operation: {'creationTime': '2022-05-09T07:42:24.769Z', 'deviceName': 'mythica', 'deviceId': '18509904', 'self': 'https://t493319102.eu-latest.cumulocity.com/devicecontrol/operations/18523393', 'id': '18523393', 'status': 'PENDING', 'description': "Apply software changes, triggered from PySys: [{'action': 'delete', 'id': '5475369', 'name': 'asciijump', 'url': ' ', 'version': '::apt'}, {'action': 'delete', 'id': '5474869', 'name': 'robotfindskitten', 'url': ' ', 'version': '::apt'}, {'action': 'delete', 'id': '5475279', 'name': 'squirrel3', 'url': ' ', 'version': '::apt'}]", 'c8y_SoftwareUpdate': [{'name': 'asciijump', 'action': 'delete', 'id': '5475369', 'version': '::apt', 'url': ' '}, {'name': 'robotfindskitten', 'action': 'delete', 'id': '5474869', 'version': '::apt', 'url': ' '}, {'name': 'squirrel3', 'action': 'delete', 'id': '5475279', 'version': '::apt', 'url': ' '}]}
07:42:27 INFO  State of operation 18523393 : PENDING
07:42:29 INFO  State of operation 18523393 : EXECUTING
07:42:31 INFO  State of operation 18523393 : EXECUTING
07:42:33 INFO  State of operation 18523393 : EXECUTING
07:42:35 INFO  State of operation 18523393 : EXECUTING
07:42:38 INFO  State of operation 18523393 : EXECUTING
07:42:41 INFO  State of operation 18523393 : EXECUTING
07:42:43 INFO  State of operation 18523393 : EXECUTING
07:42:46 INFO  State of operation 18523393 : EXECUTING
07:42:48 INFO  State of operation 18523393 : EXECUTING
07:42:50 INFO  State of operation 18523393 : EXECUTING
07:42:53 INFO  State of operation 18523393 : EXECUTING
07:42:55 INFO  State of operation 18523393 : EXECUTING
07:42:57 INFO  State of operation 18523393 : EXECUTING
07:42:59 INFO  State of operation 18523393 : EXECUTING
07:43:01 INFO  State of operation 18523393 : EXECUTING
07:43:04 INFO  State of operation 18523393 : EXECUTING
07:43:06 INFO  State of operation 18523393 : EXECUTING
07:43:09 INFO  State of operation 18523393 : EXECUTING
07:43:11 INFO  State of operation 18523393 : EXECUTING
07:43:13 INFO  State of operation 18523393 : EXECUTING
07:43:16 INFO  State of operation 18523393 : EXECUTING
07:43:18 INFO  State of operation 18523393 : EXECUTING
07:43:20 INFO  State of operation 18523393 : EXECUTING
07:43:23 INFO  State of operation 18523393 : EXECUTING
07:43:25 INFO  State of operation 18523393 : EXECUTING
07:43:28 INFO  State of operation 18523393 : EXECUTING
07:43:30 INFO  State of operation 18523393 : EXECUTING
07:43:32 INFO  State of operation 18523393 : SUCCESSFUL
07:43:32 INFO  Assert that (False == value) with value=False ... passed
07:43:32 INFO  Assert that (False == value) with value=False ... passed
07:43:33 INFO  Assert that (False == value) with value=False ... passed
07:43:33 INFO  Assert that (False == value) with value=False ... passed
07:43:33 INFO  
07:43:33 INFO  cleanup:
07:43:37 INFO  Executed sudo&lt;tedge_disconnect_c8y&gt;, exit status 0
07:43:38 INFO  Executed systemctl&lt;serv_mapper5&gt;, exit status 3
07:43:38 INFO  
07:43:38 INFO  Test duration: 183.12 secs
07:43:38 INFO  Test final outcome:  FAILED
07:43:38 INFO  Test outcome reason: Assert that (False == value) with value=True
07:43:38 INFO  
</system-out>
	</testcase>
<testcase classname="PySysTest" name="SoftwareManagement.sm_apt_install_remove_multiple">
		<failure message="FAILED: Assert that (False == value) with value=True (+2 other failures)" type="FAILED" />
		<system-out>08:07:15 INFO  ==============================================================
08:07:15 INFO  Id:    SoftwareManagement.sm_apt_install_remove_multiple
08:07:15 INFO  Dir:   software_management_end_to_end/
08:07:15 INFO  Title: Validate end to end behaviour for the apt plugin for multiple packages
08:07:15 INFO  ==============================================================
08:07:15 INFO  Using sw id database: {'asciijump': '5475369', 'robotfindskitten': '5474869', 'squirrel3': '5475279', 'rolldice': '5152439', 'moon-buggy': '5439204', 'apple': '5495053', 'banana': '5494888', 'cherry': '5495382', 'watermelon': '5494510', 'registry': '8018911', 'hello-world': '8021526', 'docker/getting-started': '8021973', 'alpine': '7991792'}
08:07:15 INFO  EnvironmentC8y Setup
08:07:16 INFO  Executed systemctl&lt;serv_mapper1&gt;, exit status 3
08:07:16 INFO  Restarting mosquitto too frequently in the last 10 seconds. It was only up for 5 seconds
08:07:16 INFO  Delaying execution by 6 seconds
08:07:36 INFO  Executed sudo&lt;tedge_connect_c8y&gt;, exit status 0, duration 14 secs
08:07:37 INFO  Executed sudo&lt;tedge_connect_c8y_test&gt;, exit status 0
08:07:37 INFO  Executed systemctl&lt;serv_mosq2&gt;, exit status 0
08:07:38 INFO  Executed systemctl&lt;serv_mapper3&gt;, exit status 0
08:07:40 INFO  State of current operation: SUCCESSFUL
08:07:40 INFO  Assert that (False == value) with value=False ... passed
08:07:41 INFO  Package asciijump is installed
08:07:41 WARN  Assert that (False == value) with value=True ... failed 
08:07:41 INFO  Package squirrel3 is installed
08:07:41 WARN  Assert that (False == value) with value=True ... failed 
08:07:41 INFO  Package robotfindskitten is installed
08:07:41 WARN  Assert that (False == value) with value=True ... failed 
08:07:41 INFO  Response status: 201
08:07:41 INFO  Response to action: {
    "creationTime": "2022-05-09T08:07:41.765Z",
    "deviceName": "mythica",
    "deviceId": "18509904",
    "self": "https://t493319102.eu-latest.cumulocity.com/devicecontrol/operations/18523585",
    "id": "18523585",
    "status": "PENDING",
    "description": "Apply software changes, triggered from PySys: [{'action': 'install', 'id': '5475369', 'name': 'asciijump', 'url': ' ', 'version': '::apt'}, {'action': 'install', 'id': '5474869', 'name': 'robotfindskitten', 'url': ' ', 'version': '::apt'}, {'action': 'install', 'id': '5475279', 'name': 'squirrel3', 'url': ' ', 'version': '::apt'}]",
    "c8y_SoftwareUpdate": [
        {
            "name": "asciijump",
            "action": "install",
            "id": "5475369",
            "version": "::apt",
            "url": " "
        },
        {
            "name": "robotfindskitten",
            "action": "install",
            "id": "5474869",
            "version": "::apt",
            "url": " "
        },
        {
            "name": "squirrel3",
            "action": "install",
            "id": "5475279",
            "version": "::apt",
            "url": " "
        }
    ]
}
08:07:41 INFO  Started operation: {'creationTime': '2022-05-09T08:07:41.765Z', 'deviceName': 'mythica', 'deviceId': '18509904', 'self': 'https://t493319102.eu-latest.cumulocity.com/devicecontrol/operations/18523585', 'id': '18523585', 'status': 'PENDING', 'description': "Apply software changes, triggered from PySys: [{'action': 'install', 'id': '5475369', 'name': 'asciijump', 'url': ' ', 'version': '::apt'}, {'action': 'install', 'id': '5474869', 'name': 'robotfindskitten', 'url': ' ', 'version': '::apt'}, {'action': 'install', 'id': '5475279', 'name': 'squirrel3', 'url': ' ', 'version': '::apt'}]", 'c8y_SoftwareUpdate': [{'name': 'asciijump', 'action': 'install', 'id': '5475369', 'version': '::apt', 'url': ' '}, {'name': 'robotfindskitten', 'action': 'install', 'id': '5474869', 'version': '::apt', 'url': ' '}, {'name': 'squirrel3', 'action': 'install', 'id': '5475279', 'version': '::apt', 'url': ' '}]}
08:07:44 INFO  State of operation 18523585 : PENDING
08:07:46 INFO  State of operation 18523585 : EXECUTING
08:07:48 INFO  State of operation 18523585 : EXECUTING
08:07:50 INFO  State of operation 18523585 : EXECUTING
08:07:52 INFO  State of operation 18523585 : EXECUTING
08:07:55 INFO  State of operation 18523585 : EXECUTING
08:07:57 INFO  State of operation 18523585 : EXECUTING
08:08:00 INFO  State of operation 18523585 : EXECUTING
08:08:03 INFO  State of operation 18523585 : EXECUTING
08:08:05 INFO  State of operation 18523585 : EXECUTING
08:08:07 INFO  State of operation 18523585 : EXECUTING
08:08:10 INFO  State of operation 18523585 : EXECUTING
08:08:12 INFO  State of operation 18523585 : EXECUTING
08:08:14 INFO  State of operation 18523585 : EXECUTING
08:08:16 INFO  State of operation 18523585 : EXECUTING
08:08:18 INFO  State of operation 18523585 : SUCCESSFUL
08:08:19 INFO  Assert that (False == value) with value=False ... passed
08:08:19 INFO  Package asciijump is installed
08:08:19 INFO  Assert that (True == value) with value=True ... passed
08:08:19 INFO  Package squirrel3 is installed
08:08:19 INFO  Assert that (True == value) with value=True ... passed
08:08:19 INFO  Package robotfindskitten is installed
08:08:19 INFO  Assert that (True == value) with value=True ... passed
08:08:20 INFO  Response status: 201
08:08:20 INFO  Response to action: {
    "creationTime": "2022-05-09T08:08:20.081Z",
    "deviceName": "mythica",
    "deviceId": "18509904",
    "self": "https://t493319102.eu-latest.cumulocity.com/devicecontrol/operations/18523593",
    "id": "18523593",
    "status": "PENDING",
    "description": "Apply software changes, triggered from PySys: [{'action': 'delete', 'id': '5475369', 'name': 'asciijump', 'url': ' ', 'version': '::apt'}, {'action': 'delete', 'id': '5474869', 'name': 'robotfindskitten', 'url': ' ', 'version': '::apt'}, {'action': 'delete', 'id': '5475279', 'name': 'squirrel3', 'url': ' ', 'version': '::apt'}]",
    "c8y_SoftwareUpdate": [
        {
            "name": "asciijump",
            "action": "delete",
            "id": "5475369",
            "version": "::apt",
            "url": " "
        },
        {
            "name": "robotfindskitten",
            "action": "delete",
            "id": "5474869",
            "version": "::apt",
            "url": " "
        },
        {
            "name": "squirrel3",
            "action": "delete",
            "id": "5475279",
            "version": "::apt",
            "url": " "
        }
    ]
}
08:08:20 INFO  Started operation: {'creationTime': '2022-05-09T08:08:20.081Z', 'deviceName': 'mythica', 'deviceId': '18509904', 'self': 'https://t493319102.eu-latest.cumulocity.com/devicecontrol/operations/18523593', 'id': '18523593', 'status': 'PENDING', 'description': "Apply software changes, triggered from PySys: [{'action': 'delete', 'id': '5475369', 'name': 'asciijump', 'url': ' ', 'version': '::apt'}, {'action': 'delete', 'id': '5474869', 'name': 'robotfindskitten', 'url': ' ', 'version': '::apt'}, {'action': 'delete', 'id': '5475279', 'name': 'squirrel3', 'url': ' ', 'version': '::apt'}]", 'c8y_SoftwareUpdate': [{'name': 'asciijump', 'action': 'delete', 'id': '5475369', 'version': '::apt', 'url': ' '}, {'name': 'robotfindskitten', 'action': 'delete', 'id': '5474869', 'version': '::apt', 'url': ' '}, {'name': 'squirrel3', 'action': 'delete', 'id': '5475279', 'version': '::apt', 'url': ' '}]}
08:08:22 INFO  State of operation 18523593 : PENDING
08:08:24 INFO  State of operation 18523593 : EXECUTING
08:08:26 INFO  State of operation 18523593 : EXECUTING
08:08:29 INFO  State of operation 18523593 : EXECUTING
08:08:31 INFO  State of operation 18523593 : EXECUTING
08:08:33 INFO  State of operation 18523593 : EXECUTING
08:08:36 INFO  State of operation 18523593 : EXECUTING
08:08:38 INFO  State of operation 18523593 : EXECUTING
08:08:41 INFO  State of operation 18523593 : EXECUTING
08:08:43 INFO  State of operation 18523593 : EXECUTING
08:08:45 INFO  State of operation 18523593 : EXECUTING
08:08:48 INFO  State of operation 18523593 : EXECUTING
08:08:50 INFO  State of operation 18523593 : EXECUTING
08:08:52 INFO  State of operation 18523593 : EXECUTING
08:08:55 INFO  State of operation 18523593 : EXECUTING
08:08:57 INFO  State of operation 18523593 : EXECUTING
08:08:59 INFO  State of operation 18523593 : EXECUTING
08:09:02 INFO  State of operation 18523593 : EXECUTING
08:09:04 INFO  State of operation 18523593 : EXECUTING
08:09:07 INFO  State of operation 18523593 : EXECUTING
08:09:09 INFO  State of operation 18523593 : EXECUTING
08:09:11 INFO  State of operation 18523593 : EXECUTING
08:09:13 INFO  State of operation 18523593 : EXECUTING
08:09:16 INFO  State of operation 18523593 : EXECUTING
08:09:18 INFO  State of operation 18523593 : EXECUTING
08:09:21 INFO  State of operation 18523593 : EXECUTING
08:09:23 INFO  State of operation 18523593 : EXECUTING
08:09:25 INFO  State of operation 18523593 : EXECUTING
08:09:28 INFO  State of operation 18523593 : EXECUTING
08:09:30 INFO  State of operation 18523593 : SUCCESSFUL
08:09:30 INFO  Assert that (False == value) with value=False ... passed
08:09:30 INFO  Assert that (False == value) with value=False ... passed
08:09:31 INFO  Assert that (False == value) with value=False ... passed
08:09:31 INFO  Assert that (False == value) with value=False ... passed
08:09:31 INFO  
08:09:31 INFO  cleanup:
08:09:35 INFO  Executed sudo&lt;tedge_disconnect_c8y&gt;, exit status 0
08:09:36 INFO  Executed systemctl&lt;serv_mapper5&gt;, exit status 3
08:09:36 INFO  
08:09:36 INFO  Test duration: 140.55 secs
08:09:36 INFO  Test final outcome:  FAILED
08:09:36 INFO  Test outcome reason: Assert that (False == value) with value=True (+2 other failures)
08:09:36 INFO  
</system-out>
	</testcase>
</testsuite><testsuite name="SoftwareManagement.sm_apt_install_remove_multiple_mixed" tests="3" errors="0" failures="2" skipped="1" time="0"><testcase classname="PySysTest" name="SoftwareManagement.sm_apt_install_remove_multiple_mixed">
		<skipped message="SKIPPED: Testing the apt plugin is not supported on this platform.Use parameter -XmyPlatform='container' to enable it" />
		<system-out>07:07:08 INFO  ==============================================================
07:07:08 INFO  Id:    SoftwareManagement.sm_apt_install_remove_multiple_mixed
07:07:08 INFO  Dir:   software_management_end_to_end/
07:07:08 INFO  Title: Validate end to end behaviour for the apt plugin for multiple packages with mixed versions
07:07:08 INFO  ==============================================================
07:07:08 INFO  Testing the apt plugin is not supported on this platform.Use parameter -XmyPlatform='container' to enable it ... skipped
07:07:08 WARN  Aborted test due to SKIPPED outcome
07:07:08 INFO  
07:07:08 INFO  Test duration: 0.03 secs
07:07:08 INFO  Test final outcome:  SKIPPED
07:07:08 INFO  Test outcome reason: Testing the apt plugin is not supported on this platform.Use parameter -XmyPlatform='container' to enable it
07:07:08 INFO  
</system-out>
	</testcase>
<testcase classname="PySysTest" name="SoftwareManagement.sm_apt_install_remove_multiple_mixed">
		<failure message="BLOCKED: SystemError: Timeout while waiting for status SUCCESSFUL or False" type="BLOCKED" />
		<system-out>07:43:38 INFO  ==============================================================
07:43:38 INFO  Id:    SoftwareManagement.sm_apt_install_remove_multiple_mixed
07:43:38 INFO  Dir:   software_management_end_to_end/
07:43:38 INFO  Title: Validate end to end behaviour for the apt plugin for multiple packages with mixed versions
07:43:38 INFO  ==============================================================
07:43:38 INFO  Using sw id database: {'asciijump': '5475369', 'robotfindskitten': '5474869', 'squirrel3': '5475279', 'rolldice': '5152439', 'moon-buggy': '5439204', 'apple': '5495053', 'banana': '5494888', 'cherry': '5495382', 'watermelon': '5494510', 'registry': '8018911', 'hello-world': '8021526', 'docker/getting-started': '8021973', 'alpine': '7991792'}
07:43:38 INFO  EnvironmentC8y Setup
07:43:38 INFO  Executed systemctl&lt;serv_mapper1&gt;, exit status 3
07:43:38 INFO  Restarting mosquitto too frequently in the last 10 seconds. It was only up for 5 seconds
07:43:38 INFO  Delaying execution by 6 seconds
07:43:58 INFO  Executed sudo&lt;tedge_connect_c8y&gt;, exit status 0, duration 14 secs
07:43:59 INFO  Executed sudo&lt;tedge_connect_c8y_test&gt;, exit status 0
07:44:00 INFO  Executed systemctl&lt;serv_mosq2&gt;, exit status 0
07:44:00 INFO  Executed systemctl&lt;serv_mapper3&gt;, exit status 0
07:44:02 INFO  State of current operation: SUCCESSFUL
07:44:03 INFO  Assert that (False == value) with value=False ... passed
07:44:03 INFO  Assert that (False == value) with value=False ... passed
07:44:03 INFO  Assert that (False == value) with value=False ... passed
07:44:03 INFO  Assert that (False == value) with value=False ... passed
07:44:03 INFO  Assert that (False == value) with value=False ... passed
07:44:05 INFO  Response status: 201
07:44:05 INFO  Response to action: {
    "creationTime": "2022-05-09T07:44:05.085Z",
    "deviceName": "mythica",
    "deviceId": "18509904",
    "self": "https://t493319102.eu-latest.cumulocity.com/devicecontrol/operations/18523403",
    "id": "18523403",
    "status": "PENDING",
    "description": "Apply software changes, triggered from PySys: [{'action': 'install', 'id': '5475369', 'name': 'asciijump', 'url': ' ', 'version': '::apt'}, {'action': 'install', 'id': '5474869', 'name': 'robotfindskitten', 'url': ' ', 'version': ' '}, {'action': 'install', 'id': '5475279', 'name': 'squirrel3', 'url': ' ', 'version': '3.1-7::apt'}, {'action': 'install', 'id': '5152439', 'name': 'rolldice', 'url': ' ', 'version': '1.16-1+b1'}, {'action': 'install', 'id': '5439204', 'name': 'moon-buggy', 'url': ' ', 'version': '1:1.0.51-12'}, {'action': 'install', 'id': '5475369', 'name': 'asciijump', 'url': ' ', 'version': '::apt'}]",
    "c8y_SoftwareUpdate": [
        {
            "name": "asciijump",
            "action": "install",
            "id": "5475369",
            "version": "::apt",
            "url": " "
        },
        {
            "name": "robotfindskitten",
            "action": "install",
            "id": "5474869",
            "version": " ",
            "url": " "
        },
        {
            "name": "squirrel3",
            "action": "install",
            "id": "5475279",
            "version": "3.1-7::apt",
            "url": " "
        },
        {
            "name": "rolldice",
            "action": "install",
            "id": "5152439",
            "version": "1.16-1+b1",
            "url": " "
        },
        {
            "name": "moon-buggy",
            "action": "install",
            "id": "5439204",
            "version": "1:1.0.51-12",
            "url": " "
        },
        {
            "name": "asciijump",
            "action": "install",
            "id": "5475369",
            "version": "::apt",
            "url": " "
        }
    ]
}
07:44:05 INFO  Started operation: {'creationTime': '2022-05-09T07:44:05.085Z', 'deviceName': 'mythica', 'deviceId': '18509904', 'self': 'https://t493319102.eu-latest.cumulocity.com/devicecontrol/operations/18523403', 'id': '18523403', 'status': 'PENDING', 'description': "Apply software changes, triggered from PySys: [{'action': 'install', 'id': '5475369', 'name': 'asciijump', 'url': ' ', 'version': '::apt'}, {'action': 'install', 'id': '5474869', 'name': 'robotfindskitten', 'url': ' ', 'version': ' '}, {'action': 'install', 'id': '5475279', 'name': 'squirrel3', 'url': ' ', 'version': '3.1-7::apt'}, {'action': 'install', 'id': '5152439', 'name': 'rolldice', 'url': ' ', 'version': '1.16-1+b1'}, {'action': 'install', 'id': '5439204', 'name': 'moon-buggy', 'url': ' ', 'version': '1:1.0.51-12'}, {'action': 'install', 'id': '5475369', 'name': 'asciijump', 'url': ' ', 'version': '::apt'}]", 'c8y_SoftwareUpdate': [{'name': 'asciijump', 'action': 'install', 'id': '5475369', 'version': '::apt', 'url': ' '}, {'name': 'robotfindskitten', 'action': 'install', 'id': '5474869', 'version': ' ', 'url': ' '}, {'name': 'squirrel3', 'action': 'install', 'id': '5475279', 'version': '3.1-7::apt', 'url': ' '}, {'name': 'rolldice', 'action': 'install', 'id': '5152439', 'version': '1.16-1+b1', 'url': ' '}, {'name': 'moon-buggy', 'action': 'install', 'id': '5439204', 'version': '1:1.0.51-12', 'url': ' '}, {'name': 'asciijump', 'action': 'install', 'id': '5475369', 'version': '::apt', 'url': ' '}]}
07:44:07 INFO  State of operation 18523403 : PENDING
07:44:09 INFO  State of operation 18523403 : EXECUTING
07:44:11 INFO  State of operation 18523403 : EXECUTING
07:44:14 INFO  State of operation 18523403 : EXECUTING
07:44:16 INFO  State of operation 18523403 : EXECUTING
07:44:18 INFO  State of operation 18523403 : EXECUTING
07:44:21 INFO  State of operation 18523403 : EXECUTING
07:44:23 INFO  State of operation 18523403 : EXECUTING
07:44:26 INFO  State of operation 18523403 : EXECUTING
07:44:28 INFO  State of operation 18523403 : EXECUTING
07:44:31 INFO  State of operation 18523403 : EXECUTING
07:44:33 INFO  State of operation 18523403 : EXECUTING
07:44:35 INFO  State of operation 18523403 : EXECUTING
07:44:37 INFO  State of operation 18523403 : EXECUTING
07:44:39 INFO  State of operation 18523403 : EXECUTING
07:44:42 INFO  State of operation 18523403 : EXECUTING
07:44:44 INFO  State of operation 18523403 : EXECUTING
07:44:47 INFO  State of operation 18523403 : EXECUTING
07:44:49 INFO  State of operation 18523403 : EXECUTING
07:44:52 INFO  State of operation 18523403 : EXECUTING
07:44:54 INFO  State of operation 18523403 : EXECUTING
07:44:56 INFO  State of operation 18523403 : EXECUTING
07:44:59 INFO  State of operation 18523403 : EXECUTING
07:45:01 INFO  State of operation 18523403 : EXECUTING
07:45:03 INFO  State of operation 18523403 : EXECUTING
07:45:06 INFO  State of operation 18523403 : EXECUTING
07:45:08 INFO  State of operation 18523403 : EXECUTING
07:45:11 INFO  State of operation 18523403 : EXECUTING
07:45:13 INFO  State of operation 18523403 : EXECUTING
07:45:15 INFO  State of operation 18523403 : EXECUTING
07:45:18 INFO  State of operation 18523403 : EXECUTING
07:45:20 INFO  State of operation 18523403 : EXECUTING
07:45:22 INFO  State of operation 18523403 : EXECUTING
07:45:25 INFO  State of operation 18523403 : EXECUTING
07:45:27 INFO  State of operation 18523403 : EXECUTING
07:45:29 INFO  State of operation 18523403 : EXECUTING
07:45:31 INFO  State of operation 18523403 : EXECUTING
07:45:33 INFO  State of operation 18523403 : EXECUTING
07:45:36 INFO  State of operation 18523403 : EXECUTING
07:45:38 INFO  State of operation 18523403 : EXECUTING
07:45:41 INFO  State of operation 18523403 : EXECUTING
07:45:44 INFO  State of operation 18523403 : EXECUTING
07:45:46 INFO  State of operation 18523403 : EXECUTING
07:45:48 INFO  State of operation 18523403 : EXECUTING
07:45:50 INFO  State of operation 18523403 : EXECUTING
07:45:53 INFO  State of operation 18523403 : EXECUTING
07:45:55 INFO  State of operation 18523403 : EXECUTING
07:45:57 INFO  State of operation 18523403 : EXECUTING
07:45:59 INFO  State of operation 18523403 : EXECUTING
07:46:02 INFO  State of operation 18523403 : EXECUTING
07:46:04 INFO  State of operation 18523403 : EXECUTING
07:46:07 INFO  State of operation 18523403 : EXECUTING
07:46:09 INFO  State of operation 18523403 : EXECUTING
07:46:11 INFO  State of operation 18523403 : EXECUTING
07:46:14 INFO  State of operation 18523403 : EXECUTING
07:46:16 INFO  State of operation 18523403 : EXECUTING
07:46:18 INFO  State of operation 18523403 : EXECUTING
07:46:21 INFO  State of operation 18523403 : EXECUTING
07:46:23 INFO  State of operation 18523403 : EXECUTING
07:46:26 INFO  State of operation 18523403 : EXECUTING
07:46:28 INFO  State of operation 18523403 : EXECUTING
07:46:30 WARN  SystemError occurred while running test - Timeout while waiting for status SUCCESSFUL or False
Traceback (most recent call last):
  File "/home/pi/env-pysys/lib/python3.7/site-packages/pysys/baserunner.py", line 1294, in __call__
    self.testObj.execute()
  File "/home/pi/actions-runner/_work/thin-edge.io/thin-edge.io/tests/PySys/software_management_end_to_end/sm_apt_install_remove_multiple_mixed/run.py", line 89, in execute
    self.wait_until_succcess()
  File "/home/pi/actions-runner/_work/thin-edge.io/thin-edge.io/tests/PySys/software_management_end_to_end/environment_sm_management.py", line 324, in wait_until_succcess
    self.wait_until_status("SUCCESSFUL")
  File "/home/pi/actions-runner/_work/thin-edge.io/thin-edge.io/tests/PySys/software_management_end_to_end/environment_sm_management.py", line 381, in wait_until_status
    "Timeout while waiting for status %s or %s" % (status, status2)
SystemError: Timeout while waiting for status SUCCESSFUL or False
07:46:30 WARN  SystemError: Timeout while waiting for status SUCCESSFUL or False ... blocked 
07:46:30 INFO  
07:46:30 INFO  cleanup:
07:46:35 INFO  Executed sudo&lt;tedge_disconnect_c8y&gt;, exit status 0
07:46:36 INFO  Executed systemctl&lt;serv_mapper5&gt;, exit status 3
07:46:36 INFO  
07:46:36 INFO  Test duration: 177.98 secs
07:46:36 INFO  Test final outcome:  BLOCKED
07:46:36 INFO  Test outcome reason: SystemError: Timeout while waiting for status SUCCESSFUL or False
07:46:36 INFO  
</system-out>
	</testcase>
<testcase classname="PySysTest" name="SoftwareManagement.sm_apt_install_remove_multiple_mixed">
		<failure message="BLOCKED: SystemError: Timeout while waiting for status SUCCESSFUL or False (+1 other failures)" type="BLOCKED" />
		<system-out>08:09:36 INFO  ==============================================================
08:09:36 INFO  Id:    SoftwareManagement.sm_apt_install_remove_multiple_mixed
08:09:36 INFO  Dir:   software_management_end_to_end/
08:09:36 INFO  Title: Validate end to end behaviour for the apt plugin for multiple packages with mixed versions
08:09:36 INFO  ==============================================================
08:09:36 INFO  Using sw id database: {'asciijump': '5475369', 'robotfindskitten': '5474869', 'squirrel3': '5475279', 'rolldice': '5152439', 'moon-buggy': '5439204', 'apple': '5495053', 'banana': '5494888', 'cherry': '5495382', 'watermelon': '5494510', 'registry': '8018911', 'hello-world': '8021526', 'docker/getting-started': '8021973', 'alpine': '7991792'}
08:09:36 INFO  EnvironmentC8y Setup
08:09:36 INFO  Executed systemctl&lt;serv_mapper1&gt;, exit status 3
08:09:37 INFO  Restarting mosquitto too frequently in the last 10 seconds. It was only up for 5 seconds
08:09:37 INFO  Delaying execution by 6 seconds
08:09:57 INFO  Executed sudo&lt;tedge_connect_c8y&gt;, exit status 0, duration 14 secs
08:09:57 INFO  Executed sudo&lt;tedge_connect_c8y_test&gt;, exit status 0
08:09:58 INFO  Executed systemctl&lt;serv_mosq2&gt;, exit status 0
08:09:58 INFO  Executed systemctl&lt;serv_mapper3&gt;, exit status 0
08:10:00 INFO  State of current operation: SUCCESSFUL
08:10:01 INFO  Assert that (False == value) with value=False ... passed
08:10:01 INFO  Assert that (False == value) with value=False ... passed
08:10:01 INFO  Assert that (False == value) with value=False ... passed
08:10:01 INFO  Assert that (False == value) with value=False ... passed
08:10:02 INFO  Package moon-buggy is installed
08:10:02 WARN  Assert that (False == value) with value=True ... failed 
08:10:03 INFO  Response status: 201
08:10:03 INFO  Response to action: {
    "creationTime": "2022-05-09T08:10:03.570Z",
    "deviceName": "mythica",
    "deviceId": "18509904",
    "self": "https://t493319102.eu-latest.cumulocity.com/devicecontrol/operations/18523606",
    "id": "18523606",
    "status": "PENDING",
    "description": "Apply software changes, triggered from PySys: [{'action': 'install', 'id': '5475369', 'name': 'asciijump', 'url': ' ', 'version': '::apt'}, {'action': 'install', 'id': '5474869', 'name': 'robotfindskitten', 'url': ' ', 'version': ' '}, {'action': 'install', 'id': '5475279', 'name': 'squirrel3', 'url': ' ', 'version': '3.1-7::apt'}, {'action': 'install', 'id': '5152439', 'name': 'rolldice', 'url': ' ', 'version': '1.16-1+b1'}, {'action': 'install', 'id': '5439204', 'name': 'moon-buggy', 'url': ' ', 'version': '1:1.0.51-12'}, {'action': 'install', 'id': '5475369', 'name': 'asciijump', 'url': ' ', 'version': '::apt'}]",
    "c8y_SoftwareUpdate": [
        {
            "name": "asciijump",
            "action": "install",
            "id": "5475369",
            "version": "::apt",
            "url": " "
        },
        {
            "name": "robotfindskitten",
            "action": "install",
            "id": "5474869",
            "version": " ",
            "url": " "
        },
        {
            "name": "squirrel3",
            "action": "install",
            "id": "5475279",
            "version": "3.1-7::apt",
            "url": " "
        },
        {
            "name": "rolldice",
            "action": "install",
            "id": "5152439",
            "version": "1.16-1+b1",
            "url": " "
        },
        {
            "name": "moon-buggy",
            "action": "install",
            "id": "5439204",
            "version": "1:1.0.51-12",
            "url": " "
        },
        {
            "name": "asciijump",
            "action": "install",
            "id": "5475369",
            "version": "::apt",
            "url": " "
        }
    ]
}
08:10:03 INFO  Started operation: {'creationTime': '2022-05-09T08:10:03.570Z', 'deviceName': 'mythica', 'deviceId': '18509904', 'self': 'https://t493319102.eu-latest.cumulocity.com/devicecontrol/operations/18523606', 'id': '18523606', 'status': 'PENDING', 'description': "Apply software changes, triggered from PySys: [{'action': 'install', 'id': '5475369', 'name': 'asciijump', 'url': ' ', 'version': '::apt'}, {'action': 'install', 'id': '5474869', 'name': 'robotfindskitten', 'url': ' ', 'version': ' '}, {'action': 'install', 'id': '5475279', 'name': 'squirrel3', 'url': ' ', 'version': '3.1-7::apt'}, {'action': 'install', 'id': '5152439', 'name': 'rolldice', 'url': ' ', 'version': '1.16-1+b1'}, {'action': 'install', 'id': '5439204', 'name': 'moon-buggy', 'url': ' ', 'version': '1:1.0.51-12'}, {'action': 'install', 'id': '5475369', 'name': 'asciijump', 'url': ' ', 'version': '::apt'}]", 'c8y_SoftwareUpdate': [{'name': 'asciijump', 'action': 'install', 'id': '5475369', 'version': '::apt', 'url': ' '}, {'name': 'robotfindskitten', 'action': 'install', 'id': '5474869', 'version': ' ', 'url': ' '}, {'name': 'squirrel3', 'action': 'install', 'id': '5475279', 'version': '3.1-7::apt', 'url': ' '}, {'name': 'rolldice', 'action': 'install', 'id': '5152439', 'version': '1.16-1+b1', 'url': ' '}, {'name': 'moon-buggy', 'action': 'install', 'id': '5439204', 'version': '1:1.0.51-12', 'url': ' '}, {'name': 'asciijump', 'action': 'install', 'id': '5475369', 'version': '::apt', 'url': ' '}]}
08:10:05 INFO  State of operation 18523606 : PENDING
08:10:08 INFO  State of operation 18523606 : EXECUTING
08:10:10 INFO  State of operation 18523606 : EXECUTING
08:10:12 INFO  State of operation 18523606 : EXECUTING
08:10:14 INFO  State of operation 18523606 : EXECUTING
08:10:17 INFO  State of operation 18523606 : EXECUTING
08:10:19 INFO  State of operation 18523606 : EXECUTING
08:10:22 INFO  State of operation 18523606 : EXECUTING
08:10:25 INFO  State of operation 18523606 : EXECUTING
08:10:27 INFO  State of operation 18523606 : EXECUTING
08:10:29 INFO  State of operation 18523606 : EXECUTING
08:10:32 INFO  State of operation 18523606 : EXECUTING
08:10:34 INFO  State of operation 18523606 : EXECUTING
08:10:36 INFO  State of operation 18523606 : EXECUTING
08:10:38 INFO  State of operation 18523606 : EXECUTING
08:10:41 INFO  State of operation 18523606 : EXECUTING
08:10:43 INFO  State of operation 18523606 : EXECUTING
08:10:46 INFO  State of operation 18523606 : EXECUTING
08:10:48 INFO  State of operation 18523606 : EXECUTING
08:10:50 INFO  State of operation 18523606 : EXECUTING
08:10:53 INFO  State of operation 18523606 : EXECUTING
08:10:55 INFO  State of operation 18523606 : EXECUTING
08:10:58 INFO  State of operation 18523606 : EXECUTING
08:11:00 INFO  State of operation 18523606 : EXECUTING
08:11:02 INFO  State of operation 18523606 : EXECUTING
08:11:04 INFO  State of operation 18523606 : EXECUTING
08:11:07 INFO  State of operation 18523606 : EXECUTING
08:11:09 INFO  State of operation 18523606 : EXECUTING
08:11:12 INFO  State of operation 18523606 : EXECUTING
08:11:14 INFO  State of operation 18523606 : EXECUTING
08:11:16 INFO  State of operation 18523606 : EXECUTING
08:11:19 INFO  State of operation 18523606 : EXECUTING
08:11:21 INFO  State of operation 18523606 : EXECUTING
08:11:23 INFO  State of operation 18523606 : EXECUTING
08:11:25 INFO  State of operation 18523606 : EXECUTING
08:11:28 INFO  State of operation 18523606 : EXECUTING
08:11:30 INFO  State of operation 18523606 : EXECUTING
08:11:32 INFO  State of operation 18523606 : EXECUTING
08:11:35 INFO  State of operation 18523606 : EXECUTING
08:11:37 INFO  State of operation 18523606 : EXECUTING
08:11:40 INFO  State of operation 18523606 : EXECUTING
08:11:42 INFO  State of operation 18523606 : EXECUTING
08:11:44 INFO  State of operation 18523606 : EXECUTING
08:11:47 INFO  State of operation 18523606 : EXECUTING
08:11:49 INFO  State of operation 18523606 : EXECUTING
08:11:51 INFO  State of operation 18523606 : EXECUTING
08:11:53 INFO  State of operation 18523606 : EXECUTING
08:11:55 INFO  State of operation 18523606 : EXECUTING
08:11:58 INFO  State of operation 18523606 : EXECUTING
08:12:00 INFO  State of operation 18523606 : EXECUTING
08:12:03 INFO  State of operation 18523606 : EXECUTING
08:12:05 INFO  State of operation 18523606 : EXECUTING
08:12:07 INFO  State of operation 18523606 : EXECUTING
08:12:10 INFO  State of operation 18523606 : EXECUTING
08:12:12 INFO  State of operation 18523606 : EXECUTING
08:12:15 INFO  State of operation 18523606 : EXECUTING
08:12:17 INFO  State of operation 18523606 : EXECUTING
08:12:19 INFO  State of operation 18523606 : EXECUTING
08:12:22 INFO  State of operation 18523606 : EXECUTING
08:12:24 INFO  State of operation 18523606 : EXECUTING
08:12:26 INFO  State of operation 18523606 : EXECUTING
08:12:28 WARN  SystemError occurred while running test - Timeout while waiting for status SUCCESSFUL or False
Traceback (most recent call last):
  File "/home/pi/env-pysys/lib/python3.7/site-packages/pysys/baserunner.py", line 1294, in __call__
    self.testObj.execute()
  File "/home/pi/actions-runner/_work/thin-edge.io/thin-edge.io/tests/PySys/software_management_end_to_end/sm_apt_install_remove_multiple_mixed/run.py", line 89, in execute
    self.wait_until_succcess()
  File "/home/pi/actions-runner/_work/thin-edge.io/thin-edge.io/tests/PySys/software_management_end_to_end/environment_sm_management.py", line 324, in wait_until_succcess
    self.wait_until_status("SUCCESSFUL")
  File "/home/pi/actions-runner/_work/thin-edge.io/thin-edge.io/tests/PySys/software_management_end_to_end/environment_sm_management.py", line 381, in wait_until_status
    "Timeout while waiting for status %s or %s" % (status, status2)
SystemError: Timeout while waiting for status SUCCESSFUL or False
08:12:28 WARN  SystemError: Timeout while waiting for status SUCCESSFUL or False ... blocked 
08:12:28 INFO  
08:12:28 INFO  cleanup:
08:12:35 INFO  Executed sudo&lt;tedge_disconnect_c8y&gt;, exit status 0
08:12:36 INFO  Executed systemctl&lt;serv_mapper5&gt;, exit status 3
08:12:36 INFO  
08:12:36 INFO  Test duration: 179.90 secs
08:12:36 INFO  Test final outcome:  BLOCKED
08:12:36 INFO  Test outcome reason: SystemError: Timeout while waiting for status SUCCESSFUL or False (+1 other failures)
08:12:36 INFO  
</system-out>
	</testcase>
</testsuite><testsuite name="SoftwareManagement.sm_apt_install_remove_with_version" tests="3" errors="0" failures="0" skipped="1" time="0"><testcase classname="PySysTest" name="SoftwareManagement.sm_apt_install_remove_with_version">
		<skipped message="SKIPPED: Testing the apt plugin is not supported on this platform.Use parameter -XmyPlatform='container' to enable it" />
		<system-out>07:07:08 INFO  ==============================================================
07:07:08 INFO  Id:    SoftwareManagement.sm_apt_install_remove_with_version
07:07:08 INFO  Dir:   software_management_end_to_end/
07:07:08 INFO  Title: Validate end to end behaviour for the apt plugin for packages with version
07:07:08 INFO  ==============================================================
07:07:08 INFO  Testing the apt plugin is not supported on this platform.Use parameter -XmyPlatform='container' to enable it ... skipped
07:07:08 WARN  Aborted test due to SKIPPED outcome
07:07:08 INFO  
07:07:08 INFO  Test duration: 0.14 secs
07:07:08 INFO  Test final outcome:  SKIPPED
07:07:08 INFO  Test outcome reason: Testing the apt plugin is not supported on this platform.Use parameter -XmyPlatform='container' to enable it
07:07:08 INFO  
</system-out>
	</testcase>
<testcase classname="PySysTest" name="SoftwareManagement.sm_apt_install_remove_with_version" />
<testcase classname="PySysTest" name="SoftwareManagement.sm_apt_install_remove_with_version" />
</testsuite><testsuite name="SoftwareManagement.sm_docker_install_remove_multiple" tests="3" errors="0" failures="0" skipped="1" time="0"><testcase classname="SMDockerInstallRemove" name="SoftwareManagement.sm_docker_install_remove_multiple">
		<skipped message="SKIPPED: Testing the apt plugin is not supported on this platform.Use parameter -XmyPlatform='container' to enable it" />
		<system-out>07:07:08 INFO  ==============================================================
07:07:08 INFO  Id:    SoftwareManagement.sm_docker_install_remove_multiple
07:07:08 INFO  Dir:   software_management_end_to_end/
07:07:08 INFO  Title: Validate end to end behaviour for the docker plugin for multiple docker images with mixed versions
07:07:08 INFO  ==============================================================
07:07:08 INFO  Testing the apt plugin is not supported on this platform.Use parameter -XmyPlatform='container' to enable it ... skipped
07:07:08 WARN  Aborted test due to SKIPPED outcome
07:07:08 INFO  
07:07:08 INFO  Test duration: 0.16 secs
07:07:08 INFO  Test final outcome:  SKIPPED
07:07:08 INFO  Test outcome reason: Testing the apt plugin is not supported on this platform.Use parameter -XmyPlatform='container' to enable it
07:07:08 INFO  
</system-out>
	</testcase>
<testcase classname="SMDockerInstallRemove" name="SoftwareManagement.sm_docker_install_remove_multiple" />
<testcase classname="SMDockerInstallRemove" name="SoftwareManagement.sm_docker_install_remove_multiple" />
</testsuite><testsuite name="SoftwareManagement.sm_fake_install_remove" tests="2" errors="0" failures="0" skipped="1" time="0"><testcase classname="PySysTest" name="SoftwareManagement.sm_fake_install_remove">
		<skipped message="SKIPPED: Testing the fake plugin is not enabled.Use parameter -Xfakeplugin=fakeplugin to enable it" />
		<system-out>07:07:08 INFO  ==============================================================
07:07:08 INFO  Id:    SoftwareManagement.sm_fake_install_remove
07:07:08 INFO  Dir:   software_management_end_to_end/
07:07:08 INFO  Title: Validate end to end behaviour for the dummy plugin for installation and removal of packages
07:07:08 INFO  ==============================================================
07:07:08 INFO  Testing the fake plugin is not enabled.Use parameter -Xfakeplugin=fakeplugin to enable it ... skipped
07:07:08 WARN  Aborted test due to SKIPPED outcome
07:07:08 INFO  
07:07:08 INFO  Test duration: 0.03 secs
07:07:08 INFO  Test final outcome:  SKIPPED
07:07:08 INFO  Test outcome reason: Testing the fake plugin is not enabled.Use parameter -Xfakeplugin=fakeplugin to enable it
07:07:08 INFO  
</system-out>
	</testcase>
<testcase classname="PySysTest" name="SoftwareManagement.sm_fake_install_remove" />
</testsuite><testsuite name="SoftwareManagement.sm_fake_install_remove_multiple" tests="2" errors="0" failures="0" skipped="1" time="0"><testcase classname="PySysTest" name="SoftwareManagement.sm_fake_install_remove_multiple">
		<skipped message="SKIPPED: Testing the fake plugin is not enabled.Use parameter -Xfakeplugin=fakeplugin to enable it" />
		<system-out>07:07:08 INFO  ==============================================================
07:07:08 INFO  Id:    SoftwareManagement.sm_fake_install_remove_multiple
07:07:08 INFO  Dir:   software_management_end_to_end/
07:07:08 INFO  Title: Validate end to end behaviour for the dummy-plugin for multiple packages
07:07:08 INFO  ==============================================================
07:07:08 INFO  Testing the fake plugin is not enabled.Use parameter -Xfakeplugin=fakeplugin to enable it ... skipped
07:07:08 WARN  Aborted test due to SKIPPED outcome
07:07:08 INFO  
07:07:08 INFO  Test duration: 0.02 secs
07:07:08 INFO  Test final outcome:  SKIPPED
07:07:08 INFO  Test outcome reason: Testing the fake plugin is not enabled.Use parameter -Xfakeplugin=fakeplugin to enable it
07:07:08 INFO  
</system-out>
	</testcase>
<testcase classname="PySysTest" name="SoftwareManagement.sm_fake_install_remove_multiple" />
</testsuite><testsuite name="SoftwareManagement.sm_mapper_fail_and_reconnect" tests="2" errors="0" failures="0" skipped="2" time="0"><testcase classname="MapperC8yReceiveLastMessageOnRestart" name="SoftwareManagement.sm_mapper_fail_and_reconnect">
		<skipped message="SKIPPED: instable https://github.com/thin-edge/thin-edge.io/issues/752" />
		<system-out>07:07:09 INFO  ==============================================================
07:07:09 INFO  Id:    SoftwareManagement.sm_mapper_fail_and_reconnect
07:07:09 INFO  Dir:   software_management_end_to_end/
07:07:09 INFO  Title: Validate the tedge-mapper-sm-c8y for receiving the last message on restart
07:07:09 INFO  ==============================================================
07:07:09 INFO  instable https://github.com/thin-edge/thin-edge.io/issues/752 ... skipped
07:07:09 INFO  
07:07:09 INFO  Test duration: 0.02 secs
07:07:09 INFO  Test final outcome:  SKIPPED
07:07:09 INFO  Test outcome reason: instable https://github.com/thin-edge/thin-edge.io/issues/752
07:07:09 INFO  
</system-out>
	</testcase>
<testcase classname="MapperC8yReceiveLastMessageOnRestart" name="SoftwareManagement.sm_mapper_fail_and_reconnect">
		<skipped message="SKIPPED: instable https://github.com/thin-edge/thin-edge.io/issues/752" />
		<system-out>08:19:31 INFO  ==============================================================
08:19:31 INFO  Id:    SoftwareManagement.sm_mapper_fail_and_reconnect
08:19:31 INFO  Dir:   software_management_end_to_end/
08:19:31 INFO  Title: Validate the tedge-mapper-sm-c8y for receiving the last message on restart
08:19:31 INFO  ==============================================================
08:19:31 INFO  instable https://github.com/thin-edge/thin-edge.io/issues/752 ... skipped
08:19:31 INFO  
08:19:31 INFO  Test duration: 0.02 secs
08:19:31 INFO  Test final outcome:  SKIPPED
08:19:31 INFO  Test outcome reason: instable https://github.com/thin-edge/thin-edge.io/issues/752
08:19:31 INFO  
</system-out>
	</testcase>
</testsuite><testsuite name="SoftwareManagement.sm_mixed_install_remove_multiple" tests="2" errors="0" failures="1" skipped="1" time="0"><testcase classname="PySysTest" name="SoftwareManagement.sm_mixed_install_remove_multiple">
		<skipped message="SKIPPED: Testing the fake plugin is not enabled.Use parameter -Xfakeplugin=fakeplugin to enable it" />
		<system-out>07:07:09 INFO  ==============================================================
07:07:09 INFO  Id:    SoftwareManagement.sm_mixed_install_remove_multiple
07:07:09 INFO  Dir:   software_management_end_to_end/
07:07:09 INFO  Title: Validate end to end behaviour for the dummy-plugin for multiple packages with mixed versions
07:07:09 INFO  ==============================================================
07:07:09 INFO  Testing the fake plugin is not enabled.Use parameter -Xfakeplugin=fakeplugin to enable it ... skipped
07:07:09 WARN  Aborted test due to SKIPPED outcome
07:07:09 INFO  
07:07:09 INFO  Test duration: 0.03 secs
07:07:09 INFO  Test final outcome:  SKIPPED
07:07:09 INFO  Test outcome reason: Testing the fake plugin is not enabled.Use parameter -Xfakeplugin=fakeplugin to enable it
07:07:09 INFO  
</system-out>
	</testcase>
<testcase classname="PySysTest" name="SoftwareManagement.sm_mixed_install_remove_multiple">
		<failure message="FAILED: Assert that (False == value) with value=True" type="FAILED" />
		<system-out>08:19:31 INFO  ==============================================================
08:19:31 INFO  Id:    SoftwareManagement.sm_mixed_install_remove_multiple
08:19:31 INFO  Dir:   software_management_end_to_end/
08:19:31 INFO  Title: Validate end to end behaviour for the dummy-plugin for multiple packages with mixed versions
08:19:31 INFO  ==============================================================
08:19:31 INFO  Using sw id database: {'asciijump': '5475369', 'robotfindskitten': '5474869', 'squirrel3': '5475279', 'rolldice': '5152439', 'moon-buggy': '5439204', 'apple': '5495053', 'banana': '5494888', 'cherry': '5495382', 'watermelon': '5494510', 'registry': '8018911', 'hello-world': '8021526', 'docker/getting-started': '8021973', 'alpine': '7991792'}
08:19:31 INFO  EnvironmentC8y Setup
08:19:31 INFO  Executed systemctl&lt;serv_mapper1&gt;, exit status 3
08:19:32 INFO  Restarting mosquitto too frequently in the last 10 seconds. It was only up for 5 seconds
08:19:32 INFO  Delaying execution by 6 seconds
08:19:52 INFO  Executed sudo&lt;tedge_connect_c8y&gt;, exit status 0, duration 14 secs
08:19:52 INFO  Executed sudo&lt;tedge_connect_c8y_test&gt;, exit status 0
08:19:53 INFO  Executed systemctl&lt;serv_mosq2&gt;, exit status 0
08:19:53 INFO  Executed systemctl&lt;serv_mapper3&gt;, exit status 0
08:19:56 INFO  State of current operation: SUCCESSFUL
08:19:56 INFO  Package apple is installed
08:19:56 INFO  Assert that (True == value) with value=True ... passed
08:19:56 INFO  Package banana is installed
08:19:56 INFO  Assert that (True == value) with value=True ... passed
08:19:56 INFO  Package cherry is installed
08:19:56 INFO  Assert that (True == value) with value=True ... passed
08:19:56 INFO  Package asciijump is installed
08:19:56 WARN  Assert that (False == value) with value=True ... failed 
08:19:57 INFO  Assert that (False == value) with value=False ... passed
08:19:57 INFO  Response status: 201
08:19:57 INFO  Response to action: {
    "delivery": {
        "time": "2022-05-09T08:19:57.403Z",
        "log": [],
        "status": "PENDING"
    },
    "creationTime": "2022-05-09T08:19:57.390Z",
    "deviceName": "mythica",
    "deviceId": "18509904",
    "self": "https://t493319102.eu-latest.cumulocity.com/devicecontrol/operations/18523707",
    "id": "18523707",
    "status": "PENDING",
    "description": "Apply software changes, triggered from PySys: [{'action': 'install', 'id': '5495053', 'name': 'apple', 'url': ' ', 'version': '::fruits'}, {'action': 'install', 'id': '5494888', 'name': 'banana', 'url': ' ', 'version': '::fruits'}, {'action': 'install', 'id': '5475369', 'name': 'asciijump', 'url': ' ', 'version': '::apt'}, {'action': 'install', 'id': '5495382', 'name': 'cherry', 'url': ' ', 'version': '::fruits'}, {'action': 'install', 'id': '8018911', 'name': 'registry', 'url': ' ', 'version': '::docker'}]",
    "c8y_SoftwareUpdate": [
        {
            "name": "apple",
            "action": "install",
            "id": "5495053",
            "version": "::fruits",
            "url": " "
        },
        {
            "name": "banana",
            "action": "install",
            "id": "5494888",
            "version": "::fruits",
            "url": " "
        },
        {
            "name": "asciijump",
            "action": "install",
[...]
</system-out>
	</testcase>
<testcase classname="DockerPluginInstallWithVersionTest" name="docker_plugin_install_with_version" />
</testsuite><testsuite name="docker_plugin_remove" tests="2" errors="0" failures="0" skipped="1" time="0"><testcase classname="DockerPluginRemoveTest" name="docker_plugin_remove">
		<skipped message="SKIPPED: Testing the docker plugin is not supported on this platform.To run it, all the test with -XmyPlatform='container'" />
		<system-out>06:57:24 INFO  ==============================================================
06:57:24 INFO  Id:    docker_plugin_remove
06:57:24 INFO  Dir:   plugin_docker/
06:57:24 INFO  Title: Validate docker plugin remove
06:57:24 INFO  ==============================================================
06:57:24 INFO  Testing the docker plugin is not supported on this platform.To run it, all the test with -XmyPlatform='container' ... skipped
06:57:24 WARN  Aborted test due to SKIPPED outcome
06:57:24 INFO  
06:57:24 INFO  Test duration: 0.02 secs
06:57:24 INFO  Test final outcome:  SKIPPED
06:57:24 INFO  Test outcome reason: Testing the docker plugin is not supported on this platform.To run it, all the test with -XmyPlatform='container'
06:57:24 INFO  
</system-out>
	</testcase>
<testcase classname="DockerPluginRemoveTest" name="docker_plugin_remove" />
</testsuite><testsuite name="docker_plugin_remove_with_version" tests="2" errors="0" failures="0" skipped="1" time="0"><testcase classname="DockerPluginRemoveWithVersionTest" name="docker_plugin_remove_with_version">
		<skipped message="SKIPPED: Testing the docker plugin is not supported on this platform.To run it, all the test with -XmyPlatform='container'" />
		<system-out>06:57:24 INFO  ==============================================================
06:57:24 INFO  Id:    docker_plugin_remove_with_version
06:57:24 INFO  Dir:   plugin_docker/
06:57:24 INFO  Title: Validate docker plugin remove with version
06:57:24 INFO  ==============================================================
06:57:24 INFO  Testing the docker plugin is not supported on this platform.To run it, all the test with -XmyPlatform='container' ... skipped
06:57:24 WARN  Aborted test due to SKIPPED outcome
06:57:24 INFO  
06:57:24 INFO  Test duration: 0.02 secs
06:57:24 INFO  Test final outcome:  SKIPPED
06:57:24 INFO  Test outcome reason: Testing the docker plugin is not supported on this platform.To run it, all the test with -XmyPlatform='container'
06:57:24 INFO  
</system-out>
	</testcase>
<testcase classname="DockerPluginRemoveWithVersionTest" name="docker_plugin_remove_with_version" />
</testsuite><testsuite name="docker_plugin_update" tests="2" errors="0" failures="0" skipped="1" time="0"><testcase classname="DockerPluginUpdateTest" name="docker_plugin_update">
		<skipped message="SKIPPED: Testing the docker plugin is not supported on this platform.To run it, all the test with -XmyPlatform='container'" />
		<system-out>06:57:24 INFO  ==============================================================
06:57:24 INFO  Id:    docker_plugin_update
06:57:24 INFO  Dir:   plugin_docker/
06:57:24 INFO  Title: Validate docker plugin install updates existing containers
06:57:24 INFO  ==============================================================
06:57:24 INFO  Testing the docker plugin is not supported on this platform.To run it, all the test with -XmyPlatform='container' ... skipped
06:57:24 WARN  Aborted test due to SKIPPED outcome
06:57:24 INFO  
06:57:24 INFO  Test duration: 0.02 secs
06:57:24 INFO  Test final outcome:  SKIPPED
06:57:24 INFO  Test outcome reason: Testing the docker plugin is not supported on this platform.To run it, all the test with -XmyPlatform='container'
06:57:24 INFO  
</system-out>
	</testcase>
<testcase classname="DockerPluginUpdateTest" name="docker_plugin_update" />
</testsuite><testsuite name="invalid_device_id" tests="1" errors="0" failures="0" skipped="0" time="0"><testcase classname="InvalidDeviceId" name="invalid_device_id" />
</testsuite><testsuite name="local_mqtt_pub_fail_noqos" tests="1" errors="0" failures="0" skipped="0" time="0"><testcase classname="PySysTest" name="local_mqtt_pub_fail_noqos" />
</testsuite><testsuite name="local_mqtt_pub_fail_qos0" tests="1" errors="0" failures="0" skipped="0" time="0"><testcase classname="PySysTest" name="local_mqtt_pub_fail_qos0" />
</testsuite><testsuite name="local_mqtt_pub_fail_qos1" tests="1" errors="0" failures="0" skipped="0" time="0"><testcase classname="PySysTest" name="local_mqtt_pub_fail_qos1" />
</testsuite><testsuite name="local_mqtt_pub_fail_qos2" tests="1" errors="0" failures="0" skipped="0" time="0"><testcase classname="PySysTest" name="local_mqtt_pub_fail_qos2" />
</testsuite><testsuite name="local_mqtt_pub_sub" tests="1" errors="0" failures="0" skipped="0" time="0"><testcase classname="PySysTest" name="local_mqtt_pub_sub" />
</testsuite><testsuite name="local_mqtt_pub_sub_retain" tests="1" errors="0" failures="0" skipped="0" time="0"><testcase classname="MqttPublishWithRetain" name="local_mqtt_pub_sub_retain" />
</testsuite><testsuite name="local_mqtt_pub_sub_with_sudo" tests="1" errors="0" failures="0" skipped="0" time="0"><testcase classname="PySysTest" name="local_mqtt_pub_sub_with_sudo" />
</testsuite><testsuite name="local_mqtt_sub_fail" tests="1" errors="0" failures="0" skipped="0" time="0"><testcase classname="PySysTest" name="local_mqtt_sub_fail" />
</testsuite><testsuite name="log_request_error_messages" tests="1" errors="0" failures="0" skipped="1" time="0"><testcase classname="LogRequestVerifySearchTextError" name="log_request_error_messages">
		<skipped message="SKIPPED: Test execution disabled due to #1123" />
		<system-out>06:55:47 INFO  ==============================================================
06:55:47 INFO  Id:    log_request_error_messages
06:55:47 INFO  Dir:   log_request_end_to_end/
06:55:47 INFO  Title: Validate end to end behaviour for the log request operation check for error messages
06:55:47 INFO  ==============================================================
06:55:48 INFO  Test execution disabled due to #1123 ... skipped
06:55:48 INFO  
06:55:48 INFO  Test duration: 1.49 secs
06:55:48 INFO  Test final outcome:  SKIPPED
06:55:48 INFO  Test outcome reason: Test execution disabled due to #1123
06:55:48 INFO  
</system-out>
	</testcase>
</testsuite><testsuite name="log_request_num_lines" tests="1" errors="0" failures="0" skipped="1" time="0"><testcase classname="LogRequestVerifyNumberOfLines" name="log_request_num_lines">
		<skipped message="SKIPPED: Test execution disabled due to #1123" />
		<system-out>06:55:48 INFO  ==============================================================
06:55:48 INFO  Id:    log_request_num_lines
06:55:48 INFO  Dir:   log_request_end_to_end/
06:55:48 INFO  Title: Validate end to end behaviour for the log request operation check for number of lines
06:55:48 INFO  ==============================================================
06:55:48 INFO  Test execution disabled due to #1123 ... skipped
06:55:48 INFO  
06:55:48 INFO  Test duration: 0.02 secs
06:55:48 INFO  Test final outcome:  SKIPPED
06:55:48 INFO  Test outcome reason: Test execution disabled due to #1123
06:55:48 INFO  
</system-out>
	</testcase>
</testsuite><testsuite name="mapper_awaits_before_reconnect" tests="1" errors="0" failures="0" skipped="0" time="0"><testcase classname="MapperReconnectAwait" name="mapper_awaits_before_reconnect" />
</testsuite><testsuite name="monitoring_smaller_interval" tests="1" errors="0" failures="0" skipped="1" time="0"><testcase classname="MonitoringSmallInterval" name="monitoring_smaller_interval">
		<skipped message="SKIPPED: Fails due to retained message" />
		<system-out>06:57:18 INFO  ==============================================================
06:57:18 INFO  Id:    monitoring_smaller_interval
06:57:18 INFO  Dir:   monitoring/
06:57:18 INFO  Title: Validate the tedge dm agent messages that are produced with smaller sampling interval than the batching window. Here the simulated collectd messages are used
06:57:18 INFO  ==============================================================
06:57:18 INFO  Fails due to retained message ... skipped
06:57:18 INFO  
06:57:18 INFO  Test duration: 0.03 secs
06:57:18 INFO  Test final outcome:  SKIPPED
06:57:18 INFO  Test outcome reason: Fails due to retained message
06:57:18 INFO  
</system-out>
	</testcase>
</testsuite><testsuite name="monitoring_with_collectd" tests="1" errors="0" failures="0" skipped="1" time="0"><testcase classname="MonitoringWithCollectd" name="monitoring_with_collectd">
		<skipped message="SKIPPED: Test execution disabled due to #792 (instable)" />
		<system-out>06:57:18 INFO  ==============================================================
06:57:18 INFO  Id:    monitoring_with_collectd
06:57:18 INFO  Dir:   monitoring/
06:57:18 INFO  Title: Validate tedge dm agent messages that are produced by batching the collectd messages
06:57:18 INFO  ==============================================================
06:57:18 INFO  Test execution disabled due to #792 (instable) ... skipped
06:57:18 INFO  
06:57:18 INFO  Test duration: 0.02 secs
06:57:18 INFO  Test final outcome:  SKIPPED
06:57:18 INFO  Test outcome reason: Test execution disabled due to #792 (instable)
06:57:18 INFO  
</system-out>
	</testcase>
</testsuite><testsuite name="monitoring_with_simulated_messages" tests="1" errors="0" failures="0" skipped="1" time="0"><testcase classname="MonitoringWithSimulatedMessages" name="monitoring_with_simulated_messages">
		<skipped message="SKIPPED: Fails due to retained message" />
		<system-out>06:57:18 INFO  ==============================================================
06:57:18 INFO  Id:    monitoring_with_simulated_messages
06:57:18 INFO  Dir:   monitoring/
06:57:18 INFO  Title: Validate the tedge dm agent messages that are produced from the simulated collectd messages
06:57:18 INFO  ==============================================================
06:57:18 INFO  Fails due to retained message ... skipped
06:57:18 INFO  
06:57:18 INFO  Test duration: 0.02 secs
06:57:18 INFO  Test final outcome:  SKIPPED
06:57:18 INFO  Test outcome reason: Fails due to retained message
06:57:18 INFO  
</system-out>
	</testcase>
</testsuite><testsuite name="mqtt_port_change_connection_fails" tests="1" errors="0" failures="0" skipped="0" time="0"><testcase classname="MqttPortChangeConnectionFails" name="mqtt_port_change_connection_fails" />
</testsuite><testsuite name="mqtt_port_change_connection_works" tests="1" errors="0" failures="0" skipped="1" time="0"><testcase classname="MqttPortChangeConnectionWorks" name="mqtt_port_change_connection_works">
		<skipped message="SKIPPED: failing intermitently" />
		<system-out>06:56:24 INFO  ==============================================================
06:56:24 INFO  Id:    mqtt_port_change_connection_works
06:56:24 INFO  Dir:   misc_features/
06:56:24 INFO  Title: mqtt port change connection works for all the thin-edge services that use the mosquitto broker
06:56:24 INFO  ==============================================================
06:56:24 INFO  failing intermitently ... skipped
06:56:24 INFO  
06:56:24 INFO  Test duration: 0.19 secs
06:56:24 INFO  Test final outcome:  SKIPPED
06:56:24 INFO  Test outcome reason: failing intermitently
06:56:24 INFO  
</system-out>
	</testcase>
</testsuite><testsuite name="mqtt_port_set" tests="1" errors="0" failures="0" skipped="0" time="0"><testcase classname="MqttPortSet" name="mqtt_port_set" />
</testsuite><testsuite name="mqtt_port_unset" tests="1" errors="0" failures="0" skipped="0" time="0"><testcase classname="MqttPortUnSet" name="mqtt_port_unset" />
</testsuite><testsuite name="publish_flux" tests="1" errors="0" failures="0" skipped="0" time="0"><testcase classname="PublishFlux" name="publish_flux" />
</testsuite><testsuite name="publish_sawmill" tests="1" errors="0" failures="0" skipped="0" time="0"><testcase classname="PublishSawmill" name="publish_sawmill" />
</testsuite><testsuite name="pysys_block" tests="1" errors="0" failures="0" skipped="1" time="0"><testcase classname="Fail" name="pysys_block">
		<skipped message="SKIPPED: Enable this to observe a blocking test" />
		<system-out>06:56:46 INFO  ==============================================================
06:56:46 INFO  Id:    pysys_block
06:56:46 INFO  Dir:   misc_features/
06:56:46 INFO  Title: fail
06:56:46 INFO  ==============================================================
06:56:46 INFO  Enable this to observe a blocking test ... skipped
06:56:46 INFO  
06:56:46 INFO  Test duration: 0.02 secs
06:56:46 INFO  Test final outcome:  SKIPPED
06:56:46 INFO  Test outcome reason: Enable this to observe a blocking test
06:56:46 INFO  
</system-out>
	</testcase>
</testsuite><testsuite name="pysys_fail" tests="1" errors="0" failures="0" skipped="1" time="0"><testcase classname="Fail" name="pysys_fail">
		<skipped message="SKIPPED: Enable this to observe a failing test" />
		<system-out>06:56:46 INFO  ==============================================================
06:56:46 INFO  Id:    pysys_fail
06:56:46 INFO  Dir:   misc_features/
06:56:46 INFO  Title: fail
06:56:46 INFO  ==============================================================
06:56:46 INFO  Enable this to observe a failing test ... skipped
06:56:46 INFO  
06:56:46 INFO  Test duration: 0.02 secs
06:56:46 INFO  Test final outcome:  SKIPPED
06:56:46 INFO  Test outcome reason: Enable this to observe a failing test
06:56:46 INFO  
</system-out>
	</testcase>
</testsuite><testsuite name="runtime_start_two_mappers" tests="1" errors="0" failures="0" skipped="1" time="0"><testcase classname="RuntimeMultiMappers" name="runtime_start_two_mappers">
		<skipped message="SKIPPED: Test execution disabled due to #1124" />
		<system-out>07:10:50 INFO  ==============================================================
07:10:50 INFO  Id:    runtime_start_two_mappers
07:10:50 INFO  Dir:   tedge_mapper_c8y/
07:10:50 INFO  Title: Validate two mappers can't be started at the same time
07:10:50 INFO  ==============================================================
07:10:50 INFO  Test execution disabled due to #1124 ... skipped
07:10:50 INFO  
07:10:50 INFO  Test duration: 0.03 secs
07:10:50 INFO  Test final outcome:  SKIPPED
07:10:50 INFO  Test outcome reason: Test execution disabled due to #1124
07:10:50 INFO  
</system-out>
	</testcase>
</testsuite><testsuite name="sm_tedge_mapper_init_session" tests="1" errors="0" failures="0" skipped="0" time="0"><testcase classname="TedgeSMMapperInitSession" name="sm_tedge_mapper_init_session" />
</testsuite><testsuite name="smoketest_json" tests="1" errors="0" failures="0" skipped="0" time="0"><testcase classname="SmokeTestJson" name="smoketest_json" />
</testsuite><testsuite name="smoketest_json_400_samples_10ms" tests="1" errors="0" failures="0" skipped="0" time="0"><testcase classname="SmoketestJson400Samples10ms" name="smoketest_json_400_samples_10ms" />
</testsuite><testsuite name="smoketest_json_400_samples_20ms" tests="1" errors="0" failures="0" skipped="0" time="0"><testcase classname="SmoketestJson400Samples20ms" name="smoketest_json_400_samples_20ms" />
</testsuite><testsuite name="smoketest_smartrest" tests="1" errors="0" failures="0" skipped="0" time="0"><testcase classname="SmoketestSmartRest" name="smoketest_smartrest" />
</testsuite><testsuite name="smoketest_smartrest_200_samples_1Xms" tests="1" errors="0" failures="0" skipped="0" time="0"><testcase classname="SmoketestSmartRest200Samples1Xms" name="smoketest_smartrest_200_samples_1Xms" />
</testsuite><testsuite name="smoketest_smartrest_200_samples_20ms" tests="1" errors="0" failures="0" skipped="0" time="0"><testcase classname="SmoketestSmartRest200Samples20ms" name="smoketest_smartrest_200_samples_20ms" />
</testsuite><testsuite name="tedge_agent_user_sudo_access" tests="1" errors="0" failures="0" skipped="1" time="0"><testcase classname="TedgeAgentUserSudoAccess" name="tedge_agent_user_sudo_access">
		<skipped message="SKIPPED: #955 Observation: Exit code of the apt plugin when called with no arguments" />
		<system-out>07:07:35 INFO  ==============================================================
07:07:35 INFO  Id:    tedge_agent_user_sudo_access
07:07:35 INFO  Dir:   tedge/
07:07:35 INFO  Title: Validate tedge-agent user has a limited sudo right
07:07:35 INFO  ==============================================================
07:07:35 INFO  #955 Observation: Exit code of the apt plugin when called with no arguments ... skipped
07:07:35 INFO  
07:07:35 INFO  Test duration: 0.03 secs
07:07:35 INFO  Test final outcome:  SKIPPED
07:07:35 INFO  Test outcome reason: #955 Observation: Exit code of the apt plugin when called with no arguments
07:07:35 INFO  
</system-out>
	</testcase>
</testsuite><testsuite name="tedge_connect_test_negative" tests="1" errors="0" failures="0" skipped="0" time="0"><testcase classname="TedgeConnectTestNegative" name="tedge_connect_test_negative" />
</testsuite><testsuite name="tedge_connect_test_positive" tests="1" errors="0" failures="0" skipped="0" time="0"><testcase classname="TedgeConnectTestPositive" name="tedge_connect_test_positive" />
</testsuite><testsuite name="tedge_connect_test_sm_services" tests="1" errors="0" failures="0" skipped="0" time="0"><testcase classname="TedgeConnectTestSMServices" name="tedge_connect_test_sm_services" />
</testsuite><testsuite name="tedge_disconnect_test_sm_services" tests="1" errors="0" failures="0" skipped="0" time="0"><testcase classname="TedgeDisConnectTestSMServices" name="tedge_disconnect_test_sm_services" />
</testsuite><testsuite name="tedge_mapper_az_negative" tests="1" errors="0" failures="0" skipped="0" time="0"><testcase classname="TedgeMapperAzError" name="tedge_mapper_az_negative" />
</testsuite><testsuite name="tedge_mapper_az_with_timestamp" tests="1" errors="0" failures="0" skipped="0" time="0"><testcase classname="TedgeMapperAzWithTimestamp" name="tedge_mapper_az_with_timestamp" />
</testsuite><testsuite name="tedge_mapper_az_without_timestamp" tests="1" errors="0" failures="0" skipped="0" time="0"><testcase classname="TedgeMapperAzWithoutTimestamp" name="tedge_mapper_az_without_timestamp" />
</testsuite><testsuite name="tedge_mapper_c8y_alarms" tests="1" errors="0" failures="0" skipped="0" time="0"><testcase classname="TedgeMapperC8yAlarm" name="tedge_mapper_c8y_alarms" />
</testsuite><testsuite name="tedge_mapper_c8y_child_device_measurement" tests="1" errors="0" failures="0" skipped="1" time="0"><testcase classname="TedgeMapperC8yChildDevice" name="tedge_mapper_c8y_child_device_measurement">
		<skipped message="SKIPPED: Test execution disabled due to #1088" />
		<system-out>07:12:04 INFO  ==============================================================
07:12:04 INFO  Id:    tedge_mapper_c8y_child_device_measurement
07:12:04 INFO  Dir:   tedge_mapper_c8y/
07:12:04 INFO  Title: Validate that measurements sent to tedge/measurements/child topic gets mapped as the child device's measurement in Cumulocity
07:12:04 INFO  ==============================================================
07:12:04 INFO  Test execution disabled due to #1088 ... skipped
07:12:04 INFO  
07:12:04 INFO  Test duration: 0.04 secs
07:12:04 INFO  Test final outcome:  SKIPPED
07:12:04 INFO  Test outcome reason: Test execution disabled due to #1088
07:12:04 INFO  
</system-out>
	</testcase>
</testsuite><testsuite name="tedge_mapper_c8y_packet_threshold_size" tests="1" errors="0" failures="0" skipped="0" time="0"><testcase classname="TedgeMapperC8yThresholdPacketSize" name="tedge_mapper_c8y_packet_threshold_size" />
</testsuite><testsuite name="tedge_software_update" tests="1" errors="0" failures="0" skipped="0" time="0"><testcase classname="PySysTest" name="tedge_software_update" />
</testsuite><testsuite name="valid_device_id" tests="1" errors="0" failures="0" skipped="0" time="0"><testcase classname="ValidateValidDeviceId" name="valid_device_id" />
</testsuite></testsuites>