<?xml version='1.0' encoding='utf-8'?>
<testsuites tests="149" failures="9" errors="0" skipped="54" time="0.0"><testsuite name="SoftwareManagement.Plugin.apama_plugin_install" tests="3" errors="0" failures="0" skipped="1" time="0"><testcase classname="ApamaPluginInstallTest" name="SoftwareManagement.Plugin.apama_plugin_install">
		<skipped message="SKIPPED: Apama plugin tests are disabled by default. Execute `pysys run` with `-XmyPlatform=container` to run these tests" />
		<system-out>09:09:10 INFO  ==============================================================
09:09:10 INFO  Id:    SoftwareManagement.Plugin.apama_plugin_install
09:09:10 INFO  Dir:   plugin_apama/
09:09:10 INFO  Title: Validate apama plugin install
09:09:10 INFO  ==============================================================
09:09:10 INFO  Apama plugin tests are disabled by default. Execute `pysys run` with `-XmyPlatform=container` to run these tests ... skipped
09:09:10 WARN  Aborted test due to SKIPPED outcome
09:09:10 INFO  
09:09:10 INFO  Test duration: 0.04 secs
09:09:10 INFO  Test final outcome:  SKIPPED
09:09:10 INFO  Test outcome reason: Apama plugin tests are disabled by default. Execute `pysys run` with `-XmyPlatform=container` to run these tests
09:09:10 INFO  
</system-out>
	</testcase>
<testcase classname="ApamaPluginInstallTest" name="SoftwareManagement.Plugin.apama_plugin_install" />
<testcase classname="ApamaPluginInstallTest" name="SoftwareManagement.Plugin.apama_plugin_install" />
</testsuite><testsuite name="SoftwareManagement.Plugin.apama_plugin_mon_support" tests="3" errors="0" failures="0" skipped="1" time="0"><testcase classname="ApamaPluginMonSupportTest" name="SoftwareManagement.Plugin.apama_plugin_mon_support">
		<skipped message="SKIPPED: Apama plugin tests are disabled by default. Execute `pysys run` with `-XmyPlatform=container` to run these tests" />
		<system-out>09:09:10 INFO  ==============================================================
09:09:10 INFO  Id:    SoftwareManagement.Plugin.apama_plugin_mon_support
09:09:10 INFO  Dir:   plugin_apama/
09:09:10 INFO  Title: Validate mon file support of apama plugin
09:09:10 INFO  ==============================================================
09:09:10 INFO  Apama plugin tests are disabled by default. Execute `pysys run` with `-XmyPlatform=container` to run these tests ... skipped
09:09:10 WARN  Aborted test due to SKIPPED outcome
09:09:10 INFO  
09:09:10 INFO  Test duration: 0.02 secs
09:09:10 INFO  Test final outcome:  SKIPPED
09:09:10 INFO  Test outcome reason: Apama plugin tests are disabled by default. Execute `pysys run` with `-XmyPlatform=container` to run these tests
09:09:10 INFO  
</system-out>
	</testcase>
<testcase classname="ApamaPluginMonSupportTest" name="SoftwareManagement.Plugin.apama_plugin_mon_support" />
<testcase classname="ApamaPluginMonSupportTest" name="SoftwareManagement.Plugin.apama_plugin_mon_support" />
</testsuite><testsuite name="SoftwareManagement.Plugin.apama_plugin_remove" tests="3" errors="0" failures="0" skipped="1" time="0"><testcase classname="ApamaPluginRemoveTest" name="SoftwareManagement.Plugin.apama_plugin_remove">
		<skipped message="SKIPPED: Apama plugin tests are disabled by default. Execute `pysys run` with `-XmyPlatform=container` to run these tests" />
		<system-out>09:09:10 INFO  ==============================================================
09:09:10 INFO  Id:    SoftwareManagement.Plugin.apama_plugin_remove
09:09:10 INFO  Dir:   plugin_apama/
09:09:10 INFO  Title: Validate apama plugin remove
09:09:10 INFO  ==============================================================
09:09:10 INFO  Apama plugin tests are disabled by default. Execute `pysys run` with `-XmyPlatform=container` to run these tests ... skipped
09:09:10 WARN  Aborted test due to SKIPPED outcome
09:09:10 INFO  
09:09:10 INFO  Test duration: 0.02 secs
09:09:10 INFO  Test final outcome:  SKIPPED
09:09:10 INFO  Test outcome reason: Apama plugin tests are disabled by default. Execute `pysys run` with `-XmyPlatform=container` to run these tests
09:09:10 INFO  
</system-out>
	</testcase>
<testcase classname="ApamaPluginRemoveTest" name="SoftwareManagement.Plugin.apama_plugin_remove" />
<testcase classname="ApamaPluginRemoveTest" name="SoftwareManagement.Plugin.apama_plugin_remove" />
</testsuite><testsuite name="SoftwareManagement.Plugin.apama_plugin_update" tests="3" errors="0" failures="0" skipped="3" time="0"><testcase classname="ApamaPluginUpdateTest" name="SoftwareManagement.Plugin.apama_plugin_update">
		<skipped message="SKIPPED: Test execution disabled due to #1052" />
		<system-out>09:09:10 INFO  ==============================================================
09:09:10 INFO  Id:    SoftwareManagement.Plugin.apama_plugin_update
09:09:10 INFO  Dir:   plugin_apama/
09:09:10 INFO  Title: Validate apama plugin updating one project with another
09:09:10 INFO  ==============================================================
09:09:10 INFO  Test execution disabled due to #1052 ... skipped
09:09:10 INFO  
09:09:10 INFO  Test duration: 0.02 secs
09:09:10 INFO  Test final outcome:  SKIPPED
09:09:10 INFO  Test outcome reason: Test execution disabled due to #1052
09:09:10 INFO  
</system-out>
	</testcase>
<testcase classname="ApamaPluginUpdateTest" name="SoftwareManagement.Plugin.apama_plugin_update">
		<skipped message="SKIPPED: Test execution disabled due to #1052" />
		<system-out>10:01:09 INFO  ==============================================================
10:01:09 INFO  Id:    SoftwareManagement.Plugin.apama_plugin_update
10:01:09 INFO  Dir:   plugin_apama/
10:01:09 INFO  Title: Validate apama plugin updating one project with another
10:01:09 INFO  ==============================================================
10:01:09 INFO  Test execution disabled due to #1052 ... skipped
10:01:09 INFO  
10:01:09 INFO  Test duration: 0.02 secs
10:01:09 INFO  Test final outcome:  SKIPPED
10:01:09 INFO  Test outcome reason: Test execution disabled due to #1052
10:01:09 INFO  
</system-out>
	</testcase>
<testcase classname="ApamaPluginUpdateTest" name="SoftwareManagement.Plugin.apama_plugin_update">
		<skipped message="SKIPPED: Test execution disabled due to #1052" />
		<system-out>10:09:49 INFO  ==============================================================
10:09:49 INFO  Id:    SoftwareManagement.Plugin.apama_plugin_update
10:09:49 INFO  Dir:   plugin_apama/
10:09:49 INFO  Title: Validate apama plugin updating one project with another
10:09:49 INFO  ==============================================================
10:09:49 INFO  Test execution disabled due to #1052 ... skipped
10:09:49 INFO  
10:09:49 INFO  Test duration: 0.05 secs
10:09:49 INFO  Test final outcome:  SKIPPED
10:09:49 INFO  Test outcome reason: Test execution disabled due to #1052
10:09:49 INFO  
</system-out>
	</testcase>
</testsuite><testsuite name="SoftwareManagement.sm_apt_install_download_path" tests="3" errors="0" failures="2" skipped="1" time="0"><testcase classname="AptInstallWithDownloadPath" name="SoftwareManagement.sm_apt_install_download_path">
		<skipped message="SKIPPED: Testing the apt plugin is not supported on this platform.Use parameter -XmyPlatform='container' to enable it" />
		<system-out>09:18:53 INFO  ==============================================================
09:18:53 INFO  Id:    SoftwareManagement.sm_apt_install_download_path
09:18:53 INFO  Dir:   software_management_end_to_end/
09:18:53 INFO  Title: Install package to directory specified in tedge config set tmp.path
09:18:53 INFO  ==============================================================
09:18:53 INFO  Testing the apt plugin is not supported on this platform.Use parameter -XmyPlatform='container' to enable it ... skipped
09:18:53 WARN  Aborted test due to SKIPPED outcome
09:18:53 INFO  
09:18:53 INFO  Test duration: 0.06 secs
09:18:53 INFO  Test final outcome:  SKIPPED
09:18:53 INFO  Test outcome reason: Testing the apt plugin is not supported on this platform.Use parameter -XmyPlatform='container' to enable it
09:18:53 INFO  
</system-out>
	</testcase>
<testcase classname="AptInstallWithDownloadPath" name="SoftwareManagement.sm_apt_install_download_path">
		<failure message="BLOCKED: AssertionError:" type="BLOCKED" />
		<system-out>09:42:47 INFO  ==============================================================
09:42:47 INFO  Id:    SoftwareManagement.sm_apt_install_download_path
09:42:47 INFO  Dir:   software_management_end_to_end/
09:42:47 INFO  Title: Install package to directory specified in tedge config set tmp.path
09:42:47 INFO  ==============================================================
09:42:48 INFO  Using sw id database: {'asciijump': '5475369', 'robotfindskitten': '5474869', 'squirrel3': '5475279', 'rolldice': '5152439', 'moon-buggy': '5439204', 'apple': '5495053', 'banana': '5494888', 'cherry': '5495382', 'watermelon': '5494510', 'registry': '8018911', 'hello-world': '8021526', 'docker/getting-started': '8021973', 'alpine': '7991792'}
09:42:48 INFO  EnvironmentC8y Setup
09:42:48 INFO  Executed systemctl&lt;serv_mapper1&gt;, exit status 3
09:43:03 INFO  Executed sudo&lt;tedge_connect_c8y&gt;, exit status 0, duration 14 secs
09:43:05 INFO  Executed sudo&lt;tedge_connect_c8y_test&gt;, exit status 0
09:43:06 INFO  Executed systemctl&lt;serv_mosq2&gt;, exit status 0
09:43:06 INFO  Executed systemctl&lt;serv_mapper3&gt;, exit status 0
09:43:09 ERROR No operations found, assuming it passed
09:43:09 INFO  Assert that (False == value) with value=False ... passed
09:43:09 INFO  Executed sudo, exit status 0
09:43:10 INFO  Executed sudo, exit status 0
09:43:11 INFO  Executed sudo, exit status 0
09:43:14 INFO  Executed sudo&lt;tedge_disconnect_c8y&gt;, exit status 0
09:43:15 INFO  Restarting mosquitto too frequently in the last 10 seconds. It was only up for 3 seconds
09:43:15 INFO  Delaying execution by 8 seconds
09:43:37 INFO  Executed sudo&lt;tedge_connect_c8y&gt;, exit status 0, duration 13 secs
09:43:37 INFO  Response status: 201
09:43:37 INFO  Response to action: {
    "creationTime": "2022-05-30T09:43:37.200Z",
    "deviceId": "19787676",
    "deviceName": "mythicc",
    "self": "https://t493319102.eu-latest.cumulocity.com/devicecontrol/operations/19797719",
    "id": "19797719",
    "status": "PENDING",
    "description": "Apply software changes, triggered from PySys: [{'name': 'rolldice', 'id': '5152439', 'version': '::apt', 'url': 'https://thin-edge-io.eu-latest.cumulocity.com/inventory/binaries/12435463', 'action': 'install'}]",
    "c8y_SoftwareUpdate": [
        {
            "name": "rolldice",
            "action": "install",
            "id": "5152439",
            "version": "::apt",
            "url": "https://thin-edge-io.eu-latest.cumulocity.com/inventory/binaries/12435463"
        }
    ]
}
09:43:37 INFO  Started operation: {'creationTime': '2022-05-30T09:43:37.200Z', 'deviceId': '19787676', 'deviceName': 'mythicc', 'self': 'https://t493319102.eu-latest.cumulocity.com/devicecontrol/operations/19797719', 'id': '19797719', 'status': 'PENDING', 'description': "Apply software changes, triggered from PySys: [{'name': 'rolldice', 'id': '5152439', 'version': '::apt', 'url': 'https://thin-edge-io.eu-latest.cumulocity.com/inventory/binaries/12435463', 'action': 'install'}]", 'c8y_SoftwareUpdate': [{'name': 'rolldice', 'action': 'install', 'id': '5152439', 'version': '::apt', 'url': 'https://thin-edge-io.eu-latest.cumulocity.com/inventory/binaries/12435463'}]}
09:43:37 WARN  , retrying in 0.5 seconds...
09:43:37 WARN  , retrying in 0.5 seconds...
09:43:38 WARN  , retrying in 0.5 seconds...
09:43:38 WARN  , retrying in 0.5 seconds...
09:43:39 WARN  , retrying in 0.5 seconds...
09:43:39 WARN  , retrying in 0.5 seconds...
09:43:40 WARN  , retrying in 0.5 seconds...
09:43:40 WARN  , retrying in 0.5 seconds...
09:43:41 WARN  , retrying in 0.5 seconds...
09:43:41 WARN  AssertionError occurred while running test - 
Traceback (most recent call last):
  File "/home/pi/env-pysys/lib/python3.7/site-packages/pysys/baserunner.py", line 1294, in __call__
    self.testObj.execute()
  File "/home/pi/actions-runner/_work/thin-edge.io/thin-edge.io/tests/PySys/software_management_end_to_end/sm_apt_install_download_path/run.py", line 83, in execute
    assert_install_in_download_path(install_directory=self.DOWNLOAD_DIR)
  File "/home/pi/env-pysys/lib/python3.7/site-packages/decorator.py", line 232, in fun
    return caller(func, *(extras + args), **kw)
  File "/home/pi/env-pysys/lib/python3.7/site-packages/retry/api.py", line 74, in retry_decorator
    logger)
  File "/home/pi/env-pysys/lib/python3.7/site-packages/retry/api.py", line 33, in __retry_internal
    return f()
  File "/home/pi/actions-runner/_work/thin-edge.io/thin-edge.io/tests/PySys/software_management_end_to_end/sm_apt_install_download_path/run.py", line 28, in assert_install_in_download_path
    assert "rolldice" in os.listdir(f"{install_directory}")
AssertionError
09:43:42 WARN  AssertionError: ... blocked 
09:43:42 INFO  
09:43:42 INFO  cleanup:
09:43:43 INFO  Executed sudo, exit status 0
09:43:43 INFO  Executed sudo, exit status 0
09:43:47 INFO  Executed sudo&lt;tedge_disconnect_c8y&gt;, exit status 0
09:43:48 INFO  Restarting mosquitto too frequently in the last 10 seconds. It was only up for 4 seconds
09:43:48 INFO  Delaying execution by 7 seconds
09:44:09 INFO  Executed sudo&lt;tedge_connect_c8y&gt;, exit status 0, duration 14 secs
09:44:13 INFO  Executed sudo&lt;tedge_disconnect_c8y&gt;, exit status 0
09:44:14 INFO  Executed systemctl&lt;serv_mapper5&gt;, exit status 3
09:44:14 INFO  
09:44:14 INFO  Test duration: 86.48 secs
09:44:14 INFO  Test final outcome:  BLOCKED
09:44:14 INFO  Test outcome reason: AssertionError:
09:44:14 INFO  
</system-out>
	</testcase>
<testcase classname="AptInstallWithDownloadPath" name="SoftwareManagement.sm_apt_install_download_path">
		<failure message="BLOCKED: AssertionError:" type="BLOCKED" />
		<system-out>10:09:49 INFO  ==============================================================
10:09:49 INFO  Id:    SoftwareManagement.sm_apt_install_download_path
10:09:49 INFO  Dir:   software_management_end_to_end/
10:09:49 INFO  Title: Install package to directory specified in tedge config set tmp.path
10:09:49 INFO  ==============================================================
10:09:51 INFO  Using sw id database: {'asciijump': '5475369', 'robotfindskitten': '5474869', 'squirrel3': '5475279', 'rolldice': '5152439', 'moon-buggy': '5439204', 'apple': '5495053', 'banana': '5494888', 'cherry': '5495382', 'watermelon': '5494510', 'registry': '8018911', 'hello-world': '8021526', 'docker/getting-started': '8021973', 'alpine': '7991792'}
10:09:51 INFO  EnvironmentC8y Setup
10:09:51 INFO  Executed systemctl&lt;serv_mapper1&gt;, exit status 3
10:10:06 INFO  Executed sudo&lt;tedge_connect_c8y&gt;, exit status 0, duration 14 secs
10:10:06 INFO  Executed sudo&lt;tedge_connect_c8y_test&gt;, exit status 0
10:10:07 INFO  Executed systemctl&lt;serv_mosq2&gt;, exit status 0
10:10:07 INFO  Executed systemctl&lt;serv_mapper3&gt;, exit status 0
10:10:10 INFO  State of current operation: SUCCESSFUL
10:10:10 INFO  Assert that (False == value) with value=False ... passed
10:10:10 INFO  Executed sudo, exit status 0
10:10:11 INFO  Executed sudo, exit status 0
10:10:11 INFO  Executed sudo, exit status 0
10:10:16 INFO  Executed sudo&lt;tedge_disconnect_c8y&gt;, exit status 0
10:10:16 INFO  Restarting mosquitto too frequently in the last 10 seconds. It was only up for 4 seconds
10:10:16 INFO  Delaying execution by 7 seconds
10:10:37 INFO  Executed sudo&lt;tedge_connect_c8y&gt;, exit status 0, duration 14 secs
10:10:37 INFO  Response status: 201
10:10:37 INFO  Response to action: {
    "delivery": {
        "log": [],
        "time": "2022-05-30T10:10:37.874Z",
        "status": "PENDING"
    },
    "creationTime": "2022-05-30T10:10:37.856Z",
    "deviceId": "19787676",
    "deviceName": "mythicc",
    "self": "https://t493319102.eu-latest.cumulocity.com/devicecontrol/operations/19797954",
    "id": "19797954",
    "status": "PENDING",
    "description": "Apply software changes, triggered from PySys: [{'name': 'rolldice', 'id': '5152439', 'version': '::apt', 'url': 'https://thin-edge-io.eu-latest.cumulocity.com/inventory/binaries/12435463', 'action': 'install'}]",
    "c8y_SoftwareUpdate": [
        {
            "name": "rolldice",
            "action": "install",
            "id": "5152439",
            "version": "::apt",
            "url": "https://thin-edge-io.eu-latest.cumulocity.com/inventory/binaries/12435463"
        }
    ]
}
10:10:37 INFO  Started operation: {'delivery': {'log': [], 'time': '2022-05-30T10:10:37.874Z', 'status': 'PENDING'}, 'creationTime': '2022-05-30T10:10:37.856Z', 'deviceId': '19787676', 'deviceName': 'mythicc', 'self': 'https://t493319102.eu-latest.cumulocity.com/devicecontrol/operations/19797954', 'id': '19797954', 'status': 'PENDING', 'description': "Apply software changes, triggered from PySys: [{'name': 'rolldice', 'id': '5152439', 'version': '::apt', 'url': 'https://thin-edge-io.eu-latest.cumulocity.com/inventory/binaries/12435463', 'action': 'install'}]", 'c8y_SoftwareUpdate': [{'name': 'rolldice', 'action': 'install', 'id': '5152439', 'version': '::apt', 'url': 'https://thin-edge-io.eu-latest.cumulocity.com/inventory/binaries/12435463'}]}
10:10:37 WARN  , retrying in 0.5 seconds...
10:10:38 WARN  , retrying in 0.5 seconds...
10:10:38 WARN  , retrying in 0.5 seconds...
10:10:39 WARN  , retrying in 0.5 seconds...
10:10:39 WARN  , retrying in 0.5 seconds...
10:10:40 WARN  , retrying in 0.5 seconds...
10:10:40 WARN  , retrying in 0.5 seconds...
10:10:41 WARN  , retrying in 0.5 seconds...
10:10:41 WARN  , retrying in 0.5 seconds...
10:10:42 WARN  AssertionError occurred while running test - 
Traceback (most recent call last):
  File "/home/pi/env-pysys/lib/python3.7/site-packages/pysys/baserunner.py", line 1294, in __call__
    self.testObj.execute()
  File "/home/pi/actions-runner/_work/thin-edge.io/thin-edge.io/tests/PySys/software_management_end_to_end/sm_apt_install_download_path/run.py", line 83, in execute
    assert_install_in_download_path(install_directory=self.DOWNLOAD_DIR)
  File "/home/pi/env-pysys/lib/python3.7/site-packages/decorator.py", line 232, in fun
    return caller(func, *(extras + args), **kw)
  File "/home/pi/env-pysys/lib/python3.7/site-packages/retry/api.py", line 74, in retry_decorator
    logger)
  File "/home/pi/env-pysys/lib/python3.7/site-packages/retry/api.py", line 33, in __retry_internal
    return f()
  File "/home/pi/actions-runner/_work/thin-edge.io/thin-edge.io/tests/PySys/software_management_end_to_end/sm_apt_install_download_path/run.py", line 28, in assert_install_in_download_path
    assert "rolldice" in os.listdir(f"{install_directory}")
AssertionError
10:10:43 WARN  AssertionError: ... blocked 
10:10:43 INFO  
10:10:43 INFO  cleanup:
10:10:43 INFO  Executed sudo, exit status 0
10:10:44 INFO  Executed sudo, exit status 0
10:10:49 INFO  Executed sudo&lt;tedge_disconnect_c8y&gt;, exit status 0
10:10:49 INFO  Restarting mosquitto too frequently in the last 10 seconds. It was only up for 4 seconds
10:10:49 INFO  Delaying execution by 7 seconds
10:11:10 INFO  Executed sudo&lt;tedge_connect_c8y&gt;, exit status 0, duration 14 secs
10:11:14 INFO  Executed sudo&lt;tedge_disconnect_c8y&gt;, exit status 0
10:11:14 INFO  Executed systemctl&lt;serv_mapper5&gt;, exit status 3
10:11:14 INFO  
10:11:14 INFO  Test duration: 85.21 secs
10:11:14 INFO  Test final outcome:  BLOCKED
10:11:14 INFO  Test outcome reason: AssertionError:
10:11:14 INFO  
</system-out>
	</testcase>
</testsuite><testsuite name="SoftwareManagement.sm_apt_install_fail" tests="3" errors="0" failures="0" skipped="1" time="0"><testcase classname="PySysTest" name="SoftwareManagement.sm_apt_install_fail">
		<skipped message="SKIPPED: Testing the apt plugin is not supported on this platform.Use parameter -XmyPlatform='container' to enable it" />
		<system-out>09:18:53 INFO  ==============================================================
09:18:53 INFO  Id:    SoftwareManagement.sm_apt_install_fail
09:18:53 INFO  Dir:   software_management_end_to_end/
09:18:53 INFO  Title: Validate end to end behaviour for a failing installation
09:18:53 INFO  ==============================================================
09:18:53 INFO  Testing the apt plugin is not supported on this platform.Use parameter -XmyPlatform='container' to enable it ... skipped
09:18:53 WARN  Aborted test due to SKIPPED outcome
09:18:53 INFO  
09:18:53 INFO  Test duration: 0.02 secs
09:18:53 INFO  Test final outcome:  SKIPPED
09:18:53 INFO  Test outcome reason: Testing the apt plugin is not supported on this platform.Use parameter -XmyPlatform='container' to enable it
09:18:53 INFO  
</system-out>
	</testcase>
<testcase classname="PySysTest" name="SoftwareManagement.sm_apt_install_fail" />
<testcase classname="PySysTest" name="SoftwareManagement.sm_apt_install_fail" />
</testsuite><testsuite name="SoftwareManagement.sm_apt_install_remove" tests="3" errors="0" failures="0" skipped="1" time="0"><testcase classname="PySysTest" name="SoftwareManagement.sm_apt_install_remove">
		<skipped message="SKIPPED: Testing the apt plugin is not supported on this platform.Use parameter -XmyPlatform='container' to enable it" />
		<system-out>09:18:53 INFO  ==============================================================
09:18:53 INFO  Id:    SoftwareManagement.sm_apt_install_remove
09:18:53 INFO  Dir:   software_management_end_to_end/
09:18:53 INFO  Title: Validate end to end behaviour for the apt plugin for installation and removal of packages
09:18:53 INFO  ==============================================================
09:18:53 INFO  Testing the apt plugin is not supported on this platform.Use parameter -XmyPlatform='container' to enable it ... skipped
09:18:53 WARN  Aborted test due to SKIPPED outcome
09:18:53 INFO  
09:18:53 INFO  Test duration: 0.04 secs
09:18:53 INFO  Test final outcome:  SKIPPED
09:18:53 INFO  Test outcome reason: Testing the apt plugin is not supported on this platform.Use parameter -XmyPlatform='container' to enable it
09:18:53 INFO  
</system-out>
	</testcase>
<testcase classname="PySysTest" name="SoftwareManagement.sm_apt_install_remove" />
<testcase classname="PySysTest" name="SoftwareManagement.sm_apt_install_remove" />
</testsuite><testsuite name="SoftwareManagement.sm_apt_install_remove_default" tests="3" errors="0" failures="0" skipped="1" time="0"><testcase classname="PySysTest" name="SoftwareManagement.sm_apt_install_remove_default">
		<skipped message="SKIPPED: Testing the apt plugin is not supported on this platform.Use parameter -XmyPlatform='container' to enable it" />
		<system-out>09:18:53 INFO  ==============================================================
09:18:53 INFO  Id:    SoftwareManagement.sm_apt_install_remove_default
09:18:53 INFO  Dir:   software_management_end_to_end/
09:18:53 INFO  Title: Validate end to end behaviour for the default plugin for installation and removal of packages
09:18:53 INFO  ==============================================================
09:18:53 INFO  Testing the apt plugin is not supported on this platform.Use parameter -XmyPlatform='container' to enable it ... skipped
09:18:53 WARN  Aborted test due to SKIPPED outcome
09:18:53 INFO  
09:18:53 INFO  Test duration: 0.02 secs
09:18:53 INFO  Test final outcome:  SKIPPED
09:18:53 INFO  Test outcome reason: Testing the apt plugin is not supported on this platform.Use parameter -XmyPlatform='container' to enable it
09:18:53 INFO  
</system-out>
	</testcase>
<testcase classname="PySysTest" name="SoftwareManagement.sm_apt_install_remove_default" />
<testcase classname="PySysTest" name="SoftwareManagement.sm_apt_install_remove_default" />
</testsuite><testsuite name="SoftwareManagement.sm_apt_install_remove_multiple" tests="3" errors="0" failures="2" skipped="1" time="0"><testcase classname="PySysTest" name="SoftwareManagement.sm_apt_install_remove_multiple">
		<skipped message="SKIPPED: Testing the apt plugin is not supported on this platform.Use parameter -XmyPlatform='container' to enable it" />
		<system-out>09:18:53 INFO  ==============================================================
09:18:53 INFO  Id:    SoftwareManagement.sm_apt_install_remove_multiple
09:18:53 INFO  Dir:   software_management_end_to_end/
09:18:53 INFO  Title: Validate end to end behaviour for the apt plugin for multiple packages
09:18:53 INFO  ==============================================================
09:18:53 INFO  Testing the apt plugin is not supported on this platform.Use parameter -XmyPlatform='container' to enable it ... skipped
09:18:53 WARN  Aborted test due to SKIPPED outcome
09:18:53 INFO  
09:18:53 INFO  Test duration: 0.03 secs
09:18:53 INFO  Test final outcome:  SKIPPED
09:18:53 INFO  Test outcome reason: Testing the apt plugin is not supported on this platform.Use parameter -XmyPlatform='container' to enable it
09:18:53 INFO  
</system-out>
	</testcase>
<testcase classname="PySysTest" name="SoftwareManagement.sm_apt_install_remove_multiple">
		<failure message="FAILED: Assert that (False == value) with value=True" type="FAILED" />
		<system-out>09:51:09 INFO  ==============================================================
09:51:09 INFO  Id:    SoftwareManagement.sm_apt_install_remove_multiple
09:51:09 INFO  Dir:   software_management_end_to_end/
09:51:09 INFO  Title: Validate end to end behaviour for the apt plugin for multiple packages
09:51:09 INFO  ==============================================================
09:51:09 INFO  Using sw id database: {'asciijump': '5475369', 'robotfindskitten': '5474869', 'squirrel3': '5475279', 'rolldice': '5152439', 'moon-buggy': '5439204', 'apple': '5495053', 'banana': '5494888', 'cherry': '5495382', 'watermelon': '5494510', 'registry': '8018911', 'hello-world': '8021526', 'docker/getting-started': '8021973', 'alpine': '7991792'}
09:51:09 INFO  EnvironmentC8y Setup
09:51:10 INFO  Executed systemctl&lt;serv_mapper1&gt;, exit status 3
09:51:10 INFO  Restarting mosquitto too frequently in the last 10 seconds. It was only up for 4 seconds
09:51:10 INFO  Delaying execution by 7 seconds
09:51:31 INFO  Executed sudo&lt;tedge_connect_c8y&gt;, exit status 0, duration 14 secs
09:51:32 INFO  Executed sudo&lt;tedge_connect_c8y_test&gt;, exit status 0
09:51:32 INFO  Executed systemctl&lt;serv_mosq2&gt;, exit status 0
09:51:33 INFO  Executed systemctl&lt;serv_mapper3&gt;, exit status 0
09:51:35 INFO  State of current operation: SUCCESSFUL
09:51:35 INFO  Assert that (False == value) with value=False ... passed
09:51:36 INFO  Assert that (False == value) with value=False ... passed
09:51:36 INFO  Assert that (False == value) with value=False ... passed
09:51:36 INFO  Package robotfindskitten is installed
09:51:36 WARN  Assert that (False == value) with value=True ... failed 
09:51:36 INFO  Response status: 201
09:51:36 INFO  Response to action: {
    "creationTime": "2022-05-30T09:51:36.767Z",
    "deviceId": "19787676",
    "deviceName": "mythicc",
    "self": "https://t493319102.eu-latest.cumulocity.com/devicecontrol/operations/19797808",
    "id": "19797808",
    "status": "PENDING",
    "description": "Apply software changes, triggered from PySys: [{'action': 'install', 'id': '5475369', 'name': 'asciijump', 'url': ' ', 'version': '::apt'}, {'action': 'install', 'id': '5474869', 'name': 'robotfindskitten', 'url': ' ', 'version': '::apt'}, {'action': 'install', 'id': '5475279', 'name': 'squirrel3', 'url': ' ', 'version': '::apt'}]",
    "c8y_SoftwareUpdate": [
        {
            "name": "asciijump",
            "action": "install",
            "id": "5475369",
            "version": "::apt",
            "url": " "
        },
        {
            "name": "robotfindskitten",
            "action": "install",
            "id": "5474869",
            "version": "::apt",
            "url": " "
        },
        {
            "name": "squirrel3",
            "action": "install",
            "id": "5475279",
            "version": "::apt",
            "url": " "
        }
    ]
}
09:51:36 INFO  Started operation: {'creationTime': '2022-05-30T09:51:36.767Z', 'deviceId': '19787676', 'deviceName': 'mythicc', 'self': 'https://t493319102.eu-latest.cumulocity.com/devicecontrol/operations/19797808', 'id': '19797808', 'status': 'PENDING', 'description': "Apply software changes, triggered from PySys: [{'action': 'install', 'id': '5475369', 'name': 'asciijump', 'url': ' ', 'version': '::apt'}, {'action': 'install', 'id': '5474869', 'name': 'robotfindskitten', 'url': ' ', 'version': '::apt'}, {'action': 'install', 'id': '5475279', 'name': 'squirrel3', 'url': ' ', 'version': '::apt'}]", 'c8y_SoftwareUpdate': [{'name': 'asciijump', 'action': 'install', 'id': '5475369', 'version': '::apt', 'url': ' '}, {'name': 'robotfindskitten', 'action': 'install', 'id': '5474869', 'version': '::apt', 'url': ' '}, {'name': 'squirrel3', 'action': 'install', 'id': '5475279', 'version': '::apt', 'url': ' '}]}
09:51:39 INFO  State of operation 19797808 : PENDING
09:51:41 INFO  State of operation 19797808 : EXECUTING
09:51:43 INFO  State of operation 19797808 : EXECUTING
09:51:45 INFO  State of operation 19797808 : EXECUTING
09:51:47 INFO  State of operation 19797808 : EXECUTING
09:51:50 INFO  State of operation 19797808 : EXECUTING
09:51:52 INFO  State of operation 19797808 : EXECUTING
09:51:55 INFO  State of operation 19797808 : EXECUTING
09:51:58 INFO  State of operation 19797808 : EXECUTING
09:52:00 INFO  State of operation 19797808 : EXECUTING
09:52:02 INFO  State of operation 19797808 : EXECUTING
09:52:04 INFO  State of operation 19797808 : EXECUTING
09:52:07 INFO  State of operation 19797808 : EXECUTING
09:52:09 INFO  State of operation 19797808 : EXECUTING
09:52:11 INFO  State of operation 19797808 : EXECUTING
09:52:13 INFO  State of operation 19797808 : EXECUTING
09:52:16 INFO  State of operation 19797808 : EXECUTING
09:52:18 INFO  State of operation 19797808 : EXECUTING
09:52:21 INFO  State of operation 19797808 : EXECUTING
09:52:23 INFO  State of operation 19797808 : EXECUTING
09:52:25 INFO  State of operation 19797808 : EXECUTING
09:52:28 INFO  State of operation 19797808 : EXECUTING
09:52:30 INFO  State of operation 19797808 : EXECUTING
09:52:32 INFO  State of operation 19797808 : EXECUTING
09:52:35 INFO  State of operation 19797808 : EXECUTING
09:52:37 INFO  State of operation 19797808 : EXECUTING
09:52:40 INFO  State of operation 19797808 : EXECUTING
09:52:42 INFO  State of operation 19797808 : EXECUTING
09:52:45 INFO  State of operation 19797808 : EXECUTING
09:52:47 INFO  State of operation 19797808 : EXECUTING
09:52:50 INFO  State of operation 19797808 : EXECUTING
09:52:52 INFO  State of operation 19797808 : EXECUTING
09:52:54 INFO  State of operation 19797808 : EXECUTING
09:52:56 INFO  State of operation 19797808 : EXECUTING
09:52:58 INFO  State of operation 19797808 : SUCCESSFUL
09:52:59 INFO  Assert that (False == value) with value=False ... passed
09:52:59 INFO  Package asciijump is installed
09:52:59 INFO  Assert that (True == value) with value=True ... passed
09:52:59 INFO  Package squirrel3 is installed
09:52:59 INFO  Assert that (True == value) with value=True ... passed
09:52:59 INFO  Package robotfindskitten is installed
09:52:59 INFO  Assert that (True == value) with value=True ... passed
09:53:00 INFO  Response status: 201
09:53:00 INFO  Response to action: {
    "creationTime": "2022-05-30T09:53:00.140Z",
    "deviceId": "19787676",
    "deviceName": "mythicc",
    "self": "https://t493319102.eu-latest.cumulocity.com/devicecontrol/operations/19797821",
    "id": "19797821",
    "status": "PENDING",
    "description": "Apply software changes, triggered from PySys: [{'action': 'delete', 'id': '5475369', 'name': 'asciijump', 'url': ' ', 'version': '::apt'}, {'action': 'delete', 'id': '5474869', 'name': 'robotfindskitten', 'url': ' ', 'version': '::apt'}, {'action': 'delete', 'id': '5475279', 'name': 'squirrel3', 'url': ' ', 'version': '::apt'}]",
    "c8y_SoftwareUpdate": [
        {
            "name": "asciijump",
            "action": "delete",
            "id": "5475369",
            "version": "::apt",
            "url": " "
        },
        {
            "name": "robotfindskitten",
            "action": "delete",
            "id": "5474869",
            "version": "::apt",
            "url": " "
        },
        {
            "name": "squirrel3",
            "action": "delete",
            "id": "5475279",
            "version": "::apt",
            "url": " "
        }
    ]
}
09:53:00 INFO  Started operation: {'creationTime': '2022-05-30T09:53:00.140Z', 'deviceId': '19787676', 'deviceName': 'mythicc', 'self': 'https://t493319102.eu-latest.cumulocity.com/devicecontrol/operations/19797821', 'id': '19797821', 'status': 'PENDING', 'description': "Apply software changes, triggered from PySys: [{'action': 'delete', 'id': '5475369', 'name': 'asciijump', 'url': ' ', 'version': '::apt'}, {'action': 'delete', 'id': '5474869', 'name': 'robotfindskitten', 'url': ' ', 'version': '::apt'}, {'action': 'delete', 'id': '5475279', 'name': 'squirrel3', 'url': ' ', 'version': '::apt'}]", 'c8y_SoftwareUpdate': [{'name': 'asciijump', 'action': 'delete', 'id': '5475369', 'version': '::apt', 'url': ' '}, {'name': 'robotfindskitten', 'action': 'delete', 'id': '5474869', 'version': '::apt', 'url': ' '}, {'name': 'squirrel3', 'action': 'delete', 'id': '5475279', 'version': '::apt', 'url': ' '}]}
09:53:02 INFO  State of operation 19797821 : PENDING
09:53:04 INFO  State of operation 19797821 : EXECUTING
09:53:06 INFO  State of operation 19797821 : EXECUTING
09:53:09 INFO  State of operation 19797821 : EXECUTING
09:53:11 INFO  State of operation 19797821 : EXECUTING
09:53:13 INFO  State of operation 19797821 : EXECUTING
09:53:16 INFO  State of operation 19797821 : EXECUTING
09:53:18 INFO  State of operation 19797821 : EXECUTING
09:53:21 INFO  State of operation 19797821 : EXECUTING
09:53:23 INFO  State of operation 19797821 : EXECUTING
09:53:26 INFO  State of operation 19797821 : EXECUTING
09:53:28 INFO  State of operation 19797821 : EXECUTING
09:53:30 INFO  State of operation 19797821 : EXECUTING
09:53:32 INFO  State of operation 19797821 : EXECUTING
09:53:35 INFO  State of operation 19797821 : EXECUTING
09:53:37 INFO  State of operation 19797821 : EXECUTING
09:53:39 INFO  State of operation 19797821 : EXECUTING
09:53:42 INFO  State of operation 19797821 : EXECUTING
09:53:44 INFO  State of operation 19797821 : EXECUTING
09:53:46 INFO  State of operation 19797821 : EXECUTING
09:53:49 INFO  State of operation 19797821 : EXECUTING
09:53:51 INFO  State of operation 19797821 : EXECUTING
09:53:53 INFO  State of operation 19797821 : EXECUTING
09:53:55 INFO  State of operation 19797821 : EXECUTING
09:53:58 INFO  State of operation 19797821 : EXECUTING
09:54:00 INFO  State of operation 19797821 : EXECUTING
09:54:03 INFO  State of operation 19797821 : EXECUTING
09:54:05 INFO  State of operation 19797821 : EXECUTING
09:54:07 INFO  State of operation 19797821 : SUCCESSFUL
09:54:08 INFO  Assert that (False == value) with value=False ... passed
09:54:08 INFO  Assert that (False == value) with value=False ... passed
09:54:08 INFO  Assert that (False == value) with value=False ... passed
09:54:08 INFO  Assert that (False == value) with value=False ... passed
09:54:08 INFO  
09:54:08 INFO  cleanup:
09:54:12 INFO  Executed sudo&lt;tedge_disconnect_c8y&gt;, exit status 0
09:54:13 INFO  Executed systemctl&lt;serv_mapper5&gt;, exit status 3
09:54:13 INFO  
09:54:13 INFO  Test duration: 183.49 secs
09:54:13 INFO  Test final outcome:  FAILED
09:54:13 INFO  Test outcome reason: Assert that (False == value) with value=True
09:54:13 INFO  
</system-out>
	</testcase>
<testcase classname="PySysTest" name="SoftwareManagement.sm_apt_install_remove_multiple">
		<failure message="FAILED: Assert that (False == value) with value=True (+2 other failures)" type="FAILED" />
		<system-out>10:17:59 INFO  ==============================================================
10:17:59 INFO  Id:    SoftwareManagement.sm_apt_install_remove_multiple
10:17:59 INFO  Dir:   software_management_end_to_end/
10:17:59 INFO  Title: Validate end to end behaviour for the apt plugin for multiple packages
10:17:59 INFO  ==============================================================
10:17:59 INFO  Using sw id database: {'asciijump': '5475369', 'robotfindskitten': '5474869', 'squirrel3': '5475279', 'rolldice': '5152439', 'moon-buggy': '5439204', 'apple': '5495053', 'banana': '5494888', 'cherry': '5495382', 'watermelon': '5494510', 'registry': '8018911', 'hello-world': '8021526', 'docker/getting-started': '8021973', 'alpine': '7991792'}
10:17:59 INFO  EnvironmentC8y Setup
10:17:59 INFO  Executed systemctl&lt;serv_mapper1&gt;, exit status 3
10:17:59 INFO  Restarting mosquitto too frequently in the last 10 seconds. It was only up for 5 seconds
10:17:59 INFO  Delaying execution by 6 seconds
10:18:20 INFO  Executed sudo&lt;tedge_connect_c8y&gt;, exit status 0, duration 14 secs
10:18:20 INFO  Executed sudo&lt;tedge_connect_c8y_test&gt;, exit status 0
10:18:21 INFO  Executed systemctl&lt;serv_mosq2&gt;, exit status 0
10:18:21 INFO  Executed systemctl&lt;serv_mapper3&gt;, exit status 0
10:18:23 INFO  State of current operation: SUCCESSFUL
10:18:24 INFO  Assert that (False == value) with value=False ... passed
10:18:24 INFO  Package asciijump is installed
10:18:24 WARN  Assert that (False == value) with value=True ... failed 
10:18:24 INFO  Package squirrel3 is installed
10:18:24 WARN  Assert that (False == value) with value=True ... failed 
10:18:24 INFO  Package robotfindskitten is installed
10:18:24 WARN  Assert that (False == value) with value=True ... failed 
10:18:25 INFO  Response status: 201
10:18:25 INFO  Response to action: {
    "creationTime": "2022-05-30T10:18:25.179Z",
    "deviceId": "19787676",
    "deviceName": "mythicc",
    "self": "https://t493319102.eu-latest.cumulocity.com/devicecontrol/operations/19798045",
    "id": "19798045",
    "status": "PENDING",
    "description": "Apply software changes, triggered from PySys: [{'action': 'install', 'id': '5475369', 'name': 'asciijump', 'url': ' ', 'version': '::apt'}, {'action': 'install', 'id': '5474869', 'name': 'robotfindskitten', 'url': ' ', 'version': '::apt'}, {'action': 'install', 'id': '5475279', 'name': 'squirrel3', 'url': ' ', 'version': '::apt'}]",
    "c8y_SoftwareUpdate": [
        {
            "name": "asciijump",
            "action": "install",
            "id": "5475369",
            "version": "::apt",
            "url": " "
        },
        {
            "name": "robotfindskitten",
            "action": "install",
            "id": "5474869",
            "version": "::apt",
            "url": " "
        },
        {
            "name": "squirrel3",
            "action": "install",
            "id": "5475279",
            "version": "::apt",
            "url": " "
        }
    ]
}
10:18:25 INFO  Started operation: {'creationTime': '2022-05-30T10:18:25.179Z', 'deviceId': '19787676', 'deviceName': 'mythicc', 'self': 'https://t493319102.eu-latest.cumulocity.com/devicecontrol/operations/19798045', 'id': '19798045', 'status': 'PENDING', 'description': "Apply software changes, triggered from PySys: [{'action': 'install', 'id': '5475369', 'name': 'asciijump', 'url': ' ', 'version': '::apt'}, {'action': 'install', 'id': '5474869', 'name': 'robotfindskitten', 'url': ' ', 'version': '::apt'}, {'action': 'install', 'id': '5475279', 'name': 'squirrel3', 'url': ' ', 'version': '::apt'}]", 'c8y_SoftwareUpdate': [{'name': 'asciijump', 'action': 'install', 'id': '5475369', 'version': '::apt', 'url': ' '}, {'name': 'robotfindskitten', 'action': 'install', 'id': '5474869', 'version': '::apt', 'url': ' '}, {'name': 'squirrel3', 'action': 'install', 'id': '5475279', 'version': '::apt', 'url': ' '}]}
10:18:27 INFO  State of operation 19798045 : PENDING
10:18:29 INFO  State of operation 19798045 : EXECUTING
10:18:31 INFO  State of operation 19798045 : EXECUTING
10:18:34 INFO  State of operation 19798045 : EXECUTING
10:18:36 INFO  State of operation 19798045 : EXECUTING
10:18:38 INFO  State of operation 19798045 : EXECUTING
10:18:41 INFO  State of operation 19798045 : EXECUTING
10:18:44 INFO  State of operation 19798045 : EXECUTING
10:18:46 INFO  State of operation 19798045 : EXECUTING
10:18:48 INFO  State of operation 19798045 : EXECUTING
10:18:51 INFO  State of operation 19798045 : EXECUTING
10:18:53 INFO  State of operation 19798045 : EXECUTING
10:18:55 INFO  State of operation 19798045 : EXECUTING
10:18:57 INFO  State of operation 19798045 : EXECUTING
10:19:00 INFO  State of operation 19798045 : EXECUTING
10:19:02 INFO  State of operation 19798045 : SUCCESSFUL
10:19:02 INFO  Assert that (False == value) with value=False ... passed
10:19:02 INFO  Package asciijump is installed
10:19:02 INFO  Assert that (True == value) with value=True ... passed
10:19:02 INFO  Package squirrel3 is installed
10:19:02 INFO  Assert that (True == value) with value=True ... passed
10:19:03 INFO  Package robotfindskitten is installed
10:19:03 INFO  Assert that (True == value) with value=True ... passed
10:19:03 INFO  Response status: 201
10:19:03 INFO  Response to action: {
    "creationTime": "2022-05-30T10:19:03.396Z",
    "deviceId": "19787676",
    "deviceName": "mythicc",
    "self": "https://t493319102.eu-latest.cumulocity.com/devicecontrol/operations/19798060",
    "id": "19798060",
    "status": "PENDING",
    "description": "Apply software changes, triggered from PySys: [{'action': 'delete', 'id': '5475369', 'name': 'asciijump', 'url': ' ', 'version': '::apt'}, {'action': 'delete', 'id': '5474869', 'name': 'robotfindskitten', 'url': ' ', 'version': '::apt'}, {'action': 'delete', 'id': '5475279', 'name': 'squirrel3', 'url': ' ', 'version': '::apt'}]",
    "c8y_SoftwareUpdate": [
        {
            "name": "asciijump",
            "action": "delete",
            "id": "5475369",
            "version": "::apt",
            "url": " "
        },
        {
            "name": "robotfindskitten",
            "action": "delete",
            "id": "5474869",
            "version": "::apt",
            "url": " "
        },
        {
            "name": "squirrel3",
            "action": "delete",
            "id": "5475279",
            "version": "::apt",
            "url": " "
        }
    ]
}
10:19:03 INFO  Started operation: {'creationTime': '2022-05-30T10:19:03.396Z', 'deviceId': '19787676', 'deviceName': 'mythicc', 'self': 'https://t493319102.eu-latest.cumulocity.com/devicecontrol/operations/19798060', 'id': '19798060', 'status': 'PENDING', 'description': "Apply software changes, triggered from PySys: [{'action': 'delete', 'id': '5475369', 'name': 'asciijump', 'url': ' ', 'version': '::apt'}, {'action': 'delete', 'id': '5474869', 'name': 'robotfindskitten', 'url': ' ', 'version': '::apt'}, {'action': 'delete', 'id': '5475279', 'name': 'squirrel3', 'url': ' ', 'version': '::apt'}]", 'c8y_SoftwareUpdate': [{'name': 'asciijump', 'action': 'delete', 'id': '5475369', 'version': '::apt', 'url': ' '}, {'name': 'robotfindskitten', 'action': 'delete', 'id': '5474869', 'version': '::apt', 'url': ' '}, {'name': 'squirrel3', 'action': 'delete', 'id': '5475279', 'version': '::apt', 'url': ' '}]}
10:19:05 INFO  State of operation 19798060 : PENDING
10:19:08 INFO  State of operation 19798060 : EXECUTING
10:19:10 INFO  State of operation 19798060 : EXECUTING
10:19:12 INFO  State of operation 19798060 : EXECUTING
10:19:14 INFO  State of operation 19798060 : EXECUTING
10:19:16 INFO  State of operation 19798060 : EXECUTING
10:19:19 INFO  State of operation 19798060 : EXECUTING
10:19:21 INFO  State of operation 19798060 : EXECUTING
10:19:24 INFO  State of operation 19798060 : EXECUTING
10:19:26 INFO  State of operation 19798060 : EXECUTING
10:19:28 INFO  State of operation 19798060 : EXECUTING
10:19:31 INFO  State of operation 19798060 : EXECUTING
10:19:33 INFO  State of operation 19798060 : EXECUTING
10:19:35 INFO  State of operation 19798060 : EXECUTING
10:19:37 INFO  State of operation 19798060 : EXECUTING
10:19:40 INFO  State of operation 19798060 : EXECUTING
10:19:42 INFO  State of operation 19798060 : EXECUTING
10:19:44 INFO  State of operation 19798060 : EXECUTING
10:19:47 INFO  State of operation 19798060 : EXECUTING
10:19:50 INFO  State of operation 19798060 : EXECUTING
10:19:52 INFO  State of operation 19798060 : EXECUTING
10:19:54 INFO  State of operation 19798060 : EXECUTING
10:19:56 INFO  State of operation 19798060 : EXECUTING
10:19:59 INFO  State of operation 19798060 : EXECUTING
10:20:01 INFO  State of operation 19798060 : EXECUTING
10:20:03 INFO  State of operation 19798060 : EXECUTING
10:20:06 INFO  State of operation 19798060 : EXECUTING
10:20:08 INFO  State of operation 19798060 : EXECUTING
10:20:11 INFO  State of operation 19798060 : EXECUTING
10:20:13 INFO  State of operation 19798060 : SUCCESSFUL
10:20:13 INFO  Assert that (False == value) with value=False ... passed
10:20:13 INFO  Assert that (False == value) with value=False ... passed
10:20:14 INFO  Assert that (False == value) with value=False ... passed
10:20:14 INFO  Assert that (False == value) with value=False ... passed
10:20:14 INFO  
10:20:14 INFO  cleanup:
10:20:18 INFO  Executed sudo&lt;tedge_disconnect_c8y&gt;, exit status 0
10:20:19 INFO  Executed systemctl&lt;serv_mapper5&gt;, exit status 3
10:20:19 INFO  
10:20:19 INFO  Test duration: 140.07 secs
10:20:19 INFO  Test final outcome:  FAILED
10:20:19 INFO  Test outcome reason: Assert that (False == value) with value=True (+2 other failures)
10:20:19 INFO  
</system-out>
	</testcase>
</testsuite><testsuite name="SoftwareManagement.sm_apt_install_remove_multiple_mixed" tests="3" errors="0" failures="2" skipped="1" time="0"><testcase classname="PySysTest" name="SoftwareManagement.sm_apt_install_remove_multiple_mixed">
		<skipped message="SKIPPED: Testing the apt plugin is not supported on this platform.Use parameter -XmyPlatform='container' to enable it" />
		<system-out>09:18:53 INFO  ==============================================================
09:18:53 INFO  Id:    SoftwareManagement.sm_apt_install_remove_multiple_mixed
09:18:53 INFO  Dir:   software_management_end_to_end/
09:18:53 INFO  Title: Validate end to end behaviour for the apt plugin for multiple packages with mixed versions
09:18:53 INFO  ==============================================================
09:18:53 INFO  Testing the apt plugin is not supported on this platform.Use parameter -XmyPlatform='container' to enable it ... skipped
09:18:53 WARN  Aborted test due to SKIPPED outcome
09:18:53 INFO  
09:18:53 INFO  Test duration: 0.02 secs
09:18:53 INFO  Test final outcome:  SKIPPED
09:18:53 INFO  Test outcome reason: Testing the apt plugin is not supported on this platform.Use parameter -XmyPlatform='container' to enable it
09:18:53 INFO  
</system-out>
	</testcase>
<testcase classname="PySysTest" name="SoftwareManagement.sm_apt_install_remove_multiple_mixed">
		<failure message="BLOCKED: SystemError: Timeout while waiting for status SUCCESSFUL or False" type="BLOCKED" />
		<system-out>09:54:13 INFO  ==============================================================
09:54:13 INFO  Id:    SoftwareManagement.sm_apt_install_remove_multiple_mixed
09:54:13 INFO  Dir:   software_management_end_to_end/
09:54:13 INFO  Title: Validate end to end behaviour for the apt plugin for multiple packages with mixed versions
09:54:13 INFO  ==============================================================
09:54:13 INFO  Using sw id database: {'asciijump': '5475369', 'robotfindskitten': '5474869', 'squirrel3': '5475279', 'rolldice': '5152439', 'moon-buggy': '5439204', 'apple': '5495053', 'banana': '5494888', 'cherry': '5495382', 'watermelon': '5494510', 'registry': '8018911', 'hello-world': '8021526', 'docker/getting-started': '8021973', 'alpine': '7991792'}
09:54:13 INFO  EnvironmentC8y Setup
09:54:14 INFO  Executed systemctl&lt;serv_mapper1&gt;, exit status 3
09:54:14 INFO  Restarting mosquitto too frequently in the last 10 seconds. It was only up for 5 seconds
09:54:14 INFO  Delaying execution by 6 seconds
09:54:33 INFO  Executed sudo&lt;tedge_connect_c8y&gt;, exit status 0, duration 13 secs
09:54:34 INFO  Executed sudo&lt;tedge_connect_c8y_test&gt;, exit status 0
09:54:34 INFO  Executed systemctl&lt;serv_mosq2&gt;, exit status 0
09:54:35 INFO  Executed systemctl&lt;serv_mapper3&gt;, exit status 0
09:54:37 INFO  State of current operation: SUCCESSFUL
09:54:37 INFO  Assert that (False == value) with value=False ... passed
09:54:38 INFO  Assert that (False == value) with value=False ... passed
09:54:38 INFO  Assert that (False == value) with value=False ... passed
09:54:38 INFO  Assert that (False == value) with value=False ... passed
09:54:38 INFO  Assert that (False == value) with value=False ... passed
09:54:39 INFO  Response status: 201
09:54:39 INFO  Response to action: {
    "creationTime": "2022-05-30T09:54:39.841Z",
    "deviceId": "19787676",
    "deviceName": "mythicc",
    "self": "https://t493319102.eu-latest.cumulocity.com/devicecontrol/operations/19797840",
    "id": "19797840",
    "status": "PENDING",
    "description": "Apply software changes, triggered from PySys: [{'action': 'install', 'id': '5475369', 'name': 'asciijump', 'url': ' ', 'version': '::apt'}, {'action': 'install', 'id': '5474869', 'name': 'robotfindskitten', 'url': ' ', 'version': ' '}, {'action': 'install', 'id': '5475279', 'name': 'squirrel3', 'url': ' ', 'version': '3.1-7::apt'}, {'action': 'install', 'id': '5152439', 'name': 'rolldice', 'url': ' ', 'version': '1.16-1+b1'}, {'action': 'install', 'id': '5439204', 'name': 'moon-buggy', 'url': ' ', 'version': '1:1.0.51-12'}, {'action': 'install', 'id': '5475369', 'name': 'asciijump', 'url': ' ', 'version': '::apt'}]",
    "c8y_SoftwareUpdate": [
        {
            "name": "asciijump",
            "action": "install",
            "id": "5475369",
            "version": "::apt",
            "url": " "
        },
        {
            "name": "robotfindskitten",
            "action": "install",
            "id": "5474869",
            "version": " ",
            "url": " "
        },
        {
            "name": "squirrel3",
            "action": "install",
            "id": "5475279",
            "version": "3.1-7::apt",
            "url": " "
        },
        {
            "name": "rolldice",
            "action": "install",
            "id": "5152439",
            "version": "1.16-1+b1",
            "url": " "
        },
        {
            "name": "moon-buggy",
            "action": "install",
            "id": "5439204",
            "version": "1:1.0.51-12",
            "url": " "
        },
        {
            "name": "asciijump",
            "action": "install",
            "id": "5475369",
            "version": "::apt",
            "url": " "
        }
    ]
}
09:54:39 INFO  Started operation: {'creationTime': '2022-05-30T09:54:39.841Z', 'deviceId': '19787676', 'deviceName': 'mythicc', 'self': 'https://t493319102.eu-latest.cumulocity.com/devicecontrol/operations/19797840', 'id': '19797840', 'status': 'PENDING', 'description': "Apply software changes, triggered from PySys: [{'action': 'install', 'id': '5475369', 'name': 'asciijump', 'url': ' ', 'version': '::apt'}, {'action': 'install', 'id': '5474869', 'name': 'robotfindskitten', 'url': ' ', 'version': ' '}, {'action': 'install', 'id': '5475279', 'name': 'squirrel3', 'url': ' ', 'version': '3.1-7::apt'}, {'action': 'install', 'id': '5152439', 'name': 'rolldice', 'url': ' ', 'version': '1.16-1+b1'}, {'action': 'install', 'id': '5439204', 'name': 'moon-buggy', 'url': ' ', 'version': '1:1.0.51-12'}, {'action': 'install', 'id': '5475369', 'name': 'asciijump', 'url': ' ', 'version': '::apt'}]", 'c8y_SoftwareUpdate': [{'name': 'asciijump', 'action': 'install', 'id': '5475369', 'version': '::apt', 'url': ' '}, {'name': 'robotfindskitten', 'action': 'install', 'id': '5474869', 'version': ' ', 'url': ' '}, {'name': 'squirrel3', 'action': 'install', 'id': '5475279', 'version': '3.1-7::apt', 'url': ' '}, {'name': 'rolldice', 'action': 'install', 'id': '5152439', 'version': '1.16-1+b1', 'url': ' '}, {'name': 'moon-buggy', 'action': 'install', 'id': '5439204', 'version': '1:1.0.51-12', 'url': ' '}, {'name': 'asciijump', 'action': 'install', 'id': '5475369', 'version': '::apt', 'url': ' '}]}
09:54:42 INFO  State of operation 19797840 : PENDING
09:54:44 INFO  State of operation 19797840 : EXECUTING
09:54:46 INFO  State of operation 19797840 : EXECUTING
09:54:48 INFO  State of operation 19797840 : EXECUTING
09:54:51 INFO  State of operation 19797840 : EXECUTING
09:54:53 INFO  State of operation 19797840 : EXECUTING
09:54:56 INFO  State of operation 19797840 : EXECUTING
09:54:58 INFO  State of operation 19797840 : EXECUTING
09:55:01 INFO  State of operation 19797840 : EXECUTING
09:55:03 INFO  State of operation 19797840 : EXECUTING
09:55:06 INFO  State of operation 19797840 : EXECUTING
09:55:08 INFO  State of operation 19797840 : EXECUTING
09:55:10 INFO  State of operation 19797840 : EXECUTING
09:55:12 INFO  State of operation 19797840 : EXECUTING
09:55:15 INFO  State of operation 19797840 : EXECUTING
09:55:17 INFO  State of operation 19797840 : EXECUTING
09:55:19 INFO  State of operation 19797840 : EXECUTING
09:55:21 INFO  State of operation 19797840 : EXECUTING
09:55:24 INFO  State of operation 19797840 : EXECUTING
09:55:26 INFO  State of operation 19797840 : EXECUTING
09:55:29 INFO  State of operation 19797840 : EXECUTING
09:55:31 INFO  State of operation 19797840 : EXECUTING
09:55:33 INFO  State of operation 19797840 : EXECUTING
09:55:35 INFO  State of operation 19797840 : EXECUTING
09:55:38 INFO  State of operation 19797840 : EXECUTING
09:55:40 INFO  State of operation 19797840 : EXECUTING
09:55:43 INFO  State of operation 19797840 : EXECUTING
09:55:45 INFO  State of operation 19797840 : EXECUTING
09:55:47 INFO  State of operation 19797840 : EXECUTING
09:55:49 INFO  State of operation 19797840 : EXECUTING
09:55:52 INFO  State of operation 19797840 : EXECUTING
09:55:54 INFO  State of operation 19797840 : EXECUTING
09:55:56 INFO  State of operation 19797840 : EXECUTING
09:55:59 INFO  State of operation 19797840 : EXECUTING
09:56:01 INFO  State of operation 19797840 : EXECUTING
09:56:03 INFO  State of operation 19797840 : EXECUTING
09:56:05 INFO  State of operation 19797840 : EXECUTING
09:56:08 INFO  State of operation 19797840 : EXECUTING
09:56:10 INFO  State of operation 19797840 : EXECUTING
09:56:12 INFO  State of operation 19797840 : EXECUTING
09:56:15 INFO  State of operation 19797840 : EXECUTING
09:56:18 INFO  State of operation 19797840 : EXECUTING
09:56:20 INFO  State of operation 19797840 : EXECUTING
09:56:22 INFO  State of operation 19797840 : EXECUTING
09:56:24 INFO  State of operation 19797840 : EXECUTING
09:56:27 INFO  State of operation 19797840 : EXECUTING
09:56:29 INFO  State of operation 19797840 : EXECUTING
09:56:31 INFO  State of operation 19797840 : EXECUTING
09:56:34 INFO  State of operation 19797840 : EXECUTING
09:56:36 INFO  State of operation 19797840 : EXECUTING
09:56:38 INFO  State of operation 19797840 : EXECUTING
09:56:41 INFO  State of operation 19797840 : EXECUTING
09:56:43 INFO  State of operation 19797840 : EXECUTING
09:56:45 INFO  State of operation 19797840 : EXECUTING
09:56:48 INFO  State of operation 19797840 : EXECUTING
09:56:50 INFO  State of operation 19797840 : EXECUTING
09:56:53 INFO  State of operation 19797840 : EXECUTING
09:56:55 INFO  State of operation 19797840 : EXECUTING
09:56:57 INFO  State of operation 19797840 : EXECUTING
09:57:00 INFO  State of operation 19797840 : EXECUTING
09:57:02 INFO  State of operation 19797840 : EXECUTING
09:57:04 WARN  SystemError occurred while running test - Timeout while waiting for status SUCCESSFUL or False
Traceback (most recent call last):
  File "/home/pi/env-pysys/lib/python3.7/site-packages/pysys/baserunner.py", line 1294, in __call__
    self.testObj.execute()
  File "/home/pi/actions-runner/_work/thin-edge.io/thin-edge.io/tests/PySys/software_management_end_to_end/sm_apt_install_remove_multiple_mixed/run.py", line 89, in execute
    self.wait_until_succcess()
  File "/home/pi/actions-runner/_work/thin-edge.io/thin-edge.io/tests/PySys/software_management_end_to_end/environment_sm_management.py", line 324, in wait_until_succcess
    self.wait_until_status("SUCCESSFUL")
  File "/home/pi/actions-runner/_work/thin-edge.io/thin-edge.io/tests/PySys/software_management_end_to_end/environment_sm_management.py", line 381, in wait_until_status
    "Timeout while waiting for status %s or %s" % (status, status2)
SystemError: Timeout while waiting for status SUCCESSFUL or False
09:57:04 WARN  SystemError: Timeout while waiting for status SUCCESSFUL or False ... blocked 
09:57:04 INFO  
09:57:04 INFO  cleanup:
09:57:09 INFO  Executed sudo&lt;tedge_disconnect_c8y&gt;, exit status 0
09:57:09 INFO  Executed systemctl&lt;serv_mapper5&gt;, exit status 3
09:57:09 INFO  
09:57:09 INFO  Test duration: 176.47 secs
09:57:09 INFO  Test final outcome:  BLOCKED
09:57:09 INFO  Test outcome reason: SystemError: Timeout while waiting for status SUCCESSFUL or False
09:57:09 INFO  
</system-out>
	</testcase>
<testcase classname="PySysTest" name="SoftwareManagement.sm_apt_install_remove_multiple_mixed">
		<failure message="BLOCKED: SystemError: Timeout while waiting for status SUCCESSFUL or False (+1 other failures)" type="BLOCKED" />
		<system-out>10:20:19 INFO  ==============================================================
10:20:19 INFO  Id:    SoftwareManagement.sm_apt_install_remove_multiple_mixed
10:20:19 INFO  Dir:   software_management_end_to_end/
10:20:19 INFO  Title: Validate end to end behaviour for the apt plugin for multiple packages with mixed versions
10:20:19 INFO  ==============================================================
10:20:19 INFO  Using sw id database: {'asciijump': '5475369', 'robotfindskitten': '5474869', 'squirrel3': '5475279', 'rolldice': '5152439', 'moon-buggy': '5439204', 'apple': '5495053', 'banana': '5494888', 'cherry': '5495382', 'watermelon': '5494510', 'registry': '8018911', 'hello-world': '8021526', 'docker/getting-started': '8021973', 'alpine': '7991792'}
10:20:19 INFO  EnvironmentC8y Setup
10:20:19 INFO  Executed systemctl&lt;serv_mapper1&gt;, exit status 3
10:20:20 INFO  Restarting mosquitto too frequently in the last 10 seconds. It was only up for 5 seconds
10:20:20 INFO  Delaying execution by 6 seconds
10:20:40 INFO  Executed sudo&lt;tedge_connect_c8y&gt;, exit status 0, duration 14 secs
10:20:41 INFO  Executed sudo&lt;tedge_connect_c8y_test&gt;, exit status 0
10:20:41 INFO  Executed systemctl&lt;serv_mosq2&gt;, exit status 0
10:20:42 INFO  Executed systemctl&lt;serv_mapper3&gt;, exit status 0
10:20:44 INFO  State of current operation: SUCCESSFUL
10:20:44 INFO  Assert that (False == value) with value=False ... passed
10:20:44 INFO  Assert that (False == value) with value=False ... passed
10:20:45 INFO  Assert that (False == value) with value=False ... passed
10:20:45 INFO  Assert that (False == value) with value=False ... passed
10:20:45 INFO  Package moon-buggy is installed
10:20:45 WARN  Assert that (False == value) with value=True ... failed 
10:20:47 INFO  Response status: 201
10:20:47 INFO  Response to action: {
    "creationTime": "2022-05-30T10:20:47.165Z",
    "deviceId": "19787676",
    "deviceName": "mythicc",
    "self": "https://t493319102.eu-latest.cumulocity.com/devicecontrol/operations/19798073",
    "id": "19798073",
    "status": "PENDING",
    "description": "Apply software changes, triggered from PySys: [{'action': 'install', 'id': '5475369', 'name': 'asciijump', 'url': ' ', 'version': '::apt'}, {'action': 'install', 'id': '5474869', 'name': 'robotfindskitten', 'url': ' ', 'version': ' '}, {'action': 'install', 'id': '5475279', 'name': 'squirrel3', 'url': ' ', 'version': '3.1-7::apt'}, {'action': 'install', 'id': '5152439', 'name': 'rolldice', 'url': ' ', 'version': '1.16-1+b1'}, {'action': 'install', 'id': '5439204', 'name': 'moon-buggy', 'url': ' ', 'version': '1:1.0.51-12'}, {'action': 'install', 'id': '5475369', 'name': 'asciijump', 'url': ' ', 'version': '::apt'}]",
    "c8y_SoftwareUpdate": [
        {
            "name": "asciijump",
            "action": "install",
            "id": "5475369",
            "version": "::apt",
            "url": " "
        },
        {
            "name": "robotfindskitten",
            "action": "install",
            "id": "5474869",
            "version": " ",
            "url": " "
        },
        {
            "name": "squirrel3",
            "action": "install",
            "id": "5475279",
            "version": "3.1-7::apt",
            "url": " "
        },
        {
            "name": "rolldice",
            "action": "install",
            "id": "5152439",
            "version": "1.16-1+b1",
            "url": " "
        },
        {
            "name": "moon-buggy",
            "action": "install",
            "id": "5439204",
            "version": "1:1.0.51-12",
            "url": " "
        },
        {
            "name": "asciijump",
            "action": "install",
            "id": "5475369",
            "version": "::apt",
            "url": " "
        }
    ]
}
10:20:47 INFO  Started operation: {'creationTime': '2022-05-30T10:20:47.165Z', 'deviceId': '19787676', 'deviceName': 'mythicc', 'self': 'https://t493319102.eu-latest.cumulocity.com/devicecontrol/operations/19798073', 'id': '19798073', 'status': 'PENDING', 'description': "Apply software changes, triggered from PySys: [{'action': 'install', 'id': '5475369', 'name': 'asciijump', 'url': ' ', 'version': '::apt'}, {'action': 'install', 'id': '5474869', 'name': 'robotfindskitten', 'url': ' ', 'version': ' '}, {'action': 'install', 'id': '5475279', 'name': 'squirrel3', 'url': ' ', 'version': '3.1-7::apt'}, {'action': 'install', 'id': '5152439', 'name': 'rolldice', 'url': ' ', 'version': '1.16-1+b1'}, {'action': 'install', 'id': '5439204', 'name': 'moon-buggy', 'url': ' ', 'version': '1:1.0.51-12'}, {'action': 'install', 'id': '5475369', 'name': 'asciijump', 'url': ' ', 'version': '::apt'}]", 'c8y_SoftwareUpdate': [{'name': 'asciijump', 'action': 'install', 'id': '5475369', 'version': '::apt', 'url': ' '}, {'name': 'robotfindskitten', 'action': 'install', 'id': '5474869', 'version': ' ', 'url': ' '}, {'name': 'squirrel3', 'action': 'install', 'id': '5475279', 'version': '3.1-7::apt', 'url': ' '}, {'name': 'rolldice', 'action': 'install', 'id': '5152439', 'version': '1.16-1+b1', 'url': ' '}, {'name': 'moon-buggy', 'action': 'install', 'id': '5439204', 'version': '1:1.0.51-12', 'url': ' '}, {'name': 'asciijump', 'action': 'install', 'id': '5475369', 'version': '::apt', 'url': ' '}]}
10:20:49 INFO  State of operation 19798073 : PENDING
10:20:51 INFO  State of operation 19798073 : EXECUTING
10:20:53 INFO  State of operation 19798073 : EXECUTING
10:20:56 INFO  State of operation 19798073 : EXECUTING
10:20:58 INFO  State of operation 19798073 : EXECUTING
10:21:00 INFO  State of operation 19798073 : EXECUTING
10:21:03 INFO  State of operation 19798073 : EXECUTING
10:21:05 INFO  State of operation 19798073 : EXECUTING
10:21:08 INFO  State of operation 19798073 : EXECUTING
10:21:10 INFO  State of operation 19798073 : EXECUTING
10:21:12 INFO  State of operation 19798073 : EXECUTING
10:21:15 INFO  State of operation 19798073 : EXECUTING
10:21:17 INFO  State of operation 19798073 : EXECUTING
10:21:19 INFO  State of operation 19798073 : EXECUTING
10:21:21 INFO  State of operation 19798073 : EXECUTING
10:21:24 INFO  State of operation 19798073 : EXECUTING
10:21:26 INFO  State of operation 19798073 : EXECUTING
10:21:28 INFO  State of operation 19798073 : EXECUTING
10:21:31 INFO  State of operation 19798073 : EXECUTING
10:21:33 INFO  State of operation 19798073 : EXECUTING
10:21:35 INFO  State of operation 19798073 : EXECUTING
10:21:38 INFO  State of operation 19798073 : EXECUTING
10:21:40 INFO  State of operation 19798073 : EXECUTING
10:21:43 INFO  State of operation 19798073 : EXECUTING
10:21:46 INFO  State of operation 19798073 : EXECUTING
10:21:49 INFO  State of operation 19798073 : EXECUTING
10:21:51 INFO  State of operation 19798073 : EXECUTING
10:21:54 INFO  State of operation 19798073 : EXECUTING
10:21:56 INFO  State of operation 19798073 : EXECUTING
10:21:59 INFO  State of operation 19798073 : EXECUTING
10:22:01 INFO  State of operation 19798073 : EXECUTING
10:22:03 INFO  State of operation 19798073 : EXECUTING
10:22:05 INFO  State of operation 19798073 : EXECUTING
10:22:08 INFO  State of operation 19798073 : EXECUTING
10:22:10 INFO  State of operation 19798073 : EXECUTING
10:22:12 INFO  State of operation 19798073 : EXECUTING
10:22:14 INFO  State of operation 19798073 : EXECUTING
10:22:16 INFO  State of operation 19798073 : EXECUTING
10:22:19 INFO  State of operation 19798073 : EXECUTING
10:22:22 INFO  State of operation 19798073 : EXECUTING
10:22:24 INFO  State of operation 19798073 : EXECUTING
10:22:26 INFO  State of operation 19798073 : EXECUTING
10:22:29 INFO  State of operation 19798073 : EXECUTING
10:22:31 INFO  State of operation 19798073 : EXECUTING
10:22:33 INFO  State of operation 19798073 : EXECUTING
10:22:35 INFO  State of operation 19798073 : EXECUTING
10:22:38 INFO  State of operation 19798073 : EXECUTING
10:22:40 INFO  State of operation 19798073 : EXECUTING
10:22:42 INFO  State of operation 19798073 : EXECUTING
10:22:45 INFO  State of operation 19798073 : EXECUTING
10:22:48 INFO  State of operation 19798073 : EXECUTING
10:22:50 INFO  State of operation 19798073 : EXECUTING
10:22:52 INFO  State of operation 19798073 : EXECUTING
10:22:54 INFO  State of operation 19798073 : EXECUTING
10:22:57 INFO  State of operation 19798073 : EXECUTING
10:22:59 INFO  State of operation 19798073 : EXECUTING
10:23:02 INFO  State of operation 19798073 : EXECUTING
10:23:04 INFO  State of operation 19798073 : EXECUTING
10:23:06 INFO  State of operation 19798073 : EXECUTING
10:23:08 INFO  State of operation 19798073 : EXECUTING
10:23:10 INFO  State of operation 19798073 : EXECUTING
10:23:12 WARN  SystemError occurred while running test - Timeout while waiting for status SUCCESSFUL or False
Traceback (most recent call last):
  File "/home/pi/env-pysys/lib/python3.7/site-packages/pysys/baserunner.py", line 1294, in __call__
    self.testObj.execute()
  File "/home/pi/actions-runner/_work/thin-edge.io/thin-edge.io/tests/PySys/software_management_end_to_end/sm_apt_install_remove_multiple_mixed/run.py", line 89, in execute
    self.wait_until_succcess()
  File "/home/pi/actions-runner/_work/thin-edge.io/thin-edge.io/tests/PySys/software_management_end_to_end/environment_sm_management.py", line 324, in wait_until_succcess
    self.wait_until_status("SUCCESSFUL")
  File "/home/pi/actions-runner/_work/thin-edge.io/thin-edge.io/tests/PySys/software_management_end_to_end/environment_sm_management.py", line 381, in wait_until_status
    "Timeout while waiting for status %s or %s" % (status, status2)
SystemError: Timeout while waiting for status SUCCESSFUL or False
10:23:12 WARN  SystemError: Timeout while waiting for status SUCCESSFUL or False ... blocked 
10:23:12 INFO  
10:23:12 INFO  cleanup:
10:23:19 INFO  Executed sudo&lt;tedge_disconnect_c8y&gt;, exit status 0
10:23:20 INFO  Executed systemctl&lt;serv_mapper5&gt;, exit status 3
10:23:20 INFO  
10:23:20 INFO  Test duration: 180.84 secs
10:23:20 INFO  Test final outcome:  BLOCKED
10:23:20 INFO  Test outcome reason: SystemError: Timeout while waiting for status SUCCESSFUL or False (+1 other failures)
10:23:20 INFO  
</system-out>
	</testcase>
</testsuite><testsuite name="SoftwareManagement.sm_apt_install_remove_with_version" tests="3" errors="0" failures="0" skipped="1" time="0"><testcase classname="PySysTest" name="SoftwareManagement.sm_apt_install_remove_with_version">
		<skipped message="SKIPPED: Testing the apt plugin is not supported on this platform.Use parameter -XmyPlatform='container' to enable it" />
		<system-out>09:18:53 INFO  ==============================================================
09:18:53 INFO  Id:    SoftwareManagement.sm_apt_install_remove_with_version
09:18:53 INFO  Dir:   software_management_end_to_end/
09:18:53 INFO  Title: Validate end to end behaviour for the apt plugin for packages with version
09:18:53 INFO  ==============================================================
09:18:53 INFO  Testing the apt plugin is not supported on this platform.Use parameter -XmyPlatform='container' to enable it ... skipped
09:18:53 WARN  Aborted test due to SKIPPED outcome
09:18:53 INFO  
09:18:53 INFO  Test duration: 0.02 secs
09:18:53 INFO  Test final outcome:  SKIPPED
09:18:53 INFO  Test outcome reason: Testing the apt plugin is not supported on this platform.Use parameter -XmyPlatform='container' to enable it
09:18:53 INFO  
</system-out>
	</testcase>
<testcase classname="PySysTest" name="SoftwareManagement.sm_apt_install_remove_with_version" />
<testcase classname="PySysTest" name="SoftwareManagement.sm_apt_install_remove_with_version" />
</testsuite><testsuite name="SoftwareManagement.sm_docker_install_remove_multiple" tests="3" errors="0" failures="0" skipped="1" time="0"><testcase classname="SMDockerInstallRemove" name="SoftwareManagement.sm_docker_install_remove_multiple">
		<skipped message="SKIPPED: Testing the apt plugin is not supported on this platform.Use parameter -XmyPlatform='container' to enable it" />
		<system-out>09:18:53 INFO  ==============================================================
09:18:53 INFO  Id:    SoftwareManagement.sm_docker_install_remove_multiple
09:18:53 INFO  Dir:   software_management_end_to_end/
09:18:53 INFO  Title: Validate end to end behaviour for the docker plugin for multiple docker images with mixed versions
09:18:53 INFO  ==============================================================
09:18:53 INFO  Testing the apt plugin is not supported on this platform.Use parameter -XmyPlatform='container' to enable it ... skipped
09:18:53 WARN  Aborted test due to SKIPPED outcome
09:18:53 INFO  
09:18:53 INFO  Test duration: 0.03 secs
09:18:53 INFO  Test final outcome:  SKIPPED
09:18:53 INFO  Test outcome reason: Testing the apt plugin is not supported on this platform.Use parameter -XmyPlatform='container' to enable it
09:18:53 INFO  
</system-out>
	</testcase>
<testcase classname="SMDockerInstallRemove" name="SoftwareManagement.sm_docker_install_remove_multiple" />
<testcase classname="SMDockerInstallRemove" name="SoftwareManagement.sm_docker_install_remove_multiple" />
</testsuite><testsuite name="SoftwareManagement.sm_fake_install_remove" tests="2" errors="0" failures="0" skipped="1" time="0"><testcase classname="PySysTest" name="SoftwareManagement.sm_fake_install_remove">
		<skipped message="SKIPPED: Testing the fake plugin is not enabled.Use parameter -Xfakeplugin=fakeplugin to enable it" />
		<system-out>09:18:53 INFO  ==============================================================
09:18:53 INFO  Id:    SoftwareManagement.sm_fake_install_remove
09:18:53 INFO  Dir:   software_management_end_to_end/
09:18:53 INFO  Title: Validate end to end behaviour for the dummy plugin for installation and removal of packages
09:18:53 INFO  ==============================================================
09:18:53 INFO  Testing the fake plugin is not enabled.Use parameter -Xfakeplugin=fakeplugin to enable it ... skipped
09:18:53 WARN  Aborted test due to SKIPPED outcome
09:18:53 INFO  
09:18:53 INFO  Test duration: 0.02 secs
09:18:53 INFO  Test final outcome:  SKIPPED
09:18:53 INFO  Test outcome reason: Testing the fake plugin is not enabled.Use parameter -Xfakeplugin=fakeplugin to enable it
09:18:53 INFO  
</system-out>
	</testcase>
<testcase classname="PySysTest" name="SoftwareManagement.sm_fake_install_remove" />
</testsuite><testsuite name="SoftwareManagement.sm_fake_install_remove_multiple" tests="2" errors="0" failures="0" skipped="1" time="0"><testcase classname="PySysTest" name="SoftwareManagement.sm_fake_install_remove_multiple">
		<skipped message="SKIPPED: Testing the fake plugin is not enabled.Use parameter -Xfakeplugin=fakeplugin to enable it" />
		<system-out>09:18:53 INFO  ==============================================================
09:18:53 INFO  Id:    SoftwareManagement.sm_fake_install_remove_multiple
09:18:53 INFO  Dir:   software_management_end_to_end/
09:18:53 INFO  Title: Validate end to end behaviour for the dummy-plugin for multiple packages
09:18:53 INFO  ==============================================================
09:18:53 INFO  Testing the fake plugin is not enabled.Use parameter -Xfakeplugin=fakeplugin to enable it ... skipped
09:18:53 WARN  Aborted test due to SKIPPED outcome
09:18:53 INFO  
09:18:53 INFO  Test duration: 0.02 secs
09:18:53 INFO  Test final outcome:  SKIPPED
09:18:53 INFO  Test outcome reason: Testing the fake plugin is not enabled.Use parameter -Xfakeplugin=fakeplugin to enable it
09:18:53 INFO  
</system-out>
	</testcase>
<testcase classname="PySysTest" name="SoftwareManagement.sm_fake_install_remove_multiple" />
</testsuite><testsuite name="SoftwareManagement.sm_mapper_fail_and_reconnect" tests="2" errors="0" failures="0" skipped="2" time="0"><testcase classname="MapperC8yReceiveLastMessageOnRestart" name="SoftwareManagement.sm_mapper_fail_and_reconnect">
		<skipped message="SKIPPED: instable https://github.com/thin-edge/thin-edge.io/issues/752" />
		<system-out>09:18:54 INFO  ==============================================================
09:18:54 INFO  Id:    SoftwareManagement.sm_mapper_fail_and_reconnect
09:18:54 INFO  Dir:   software_management_end_to_end/
09:18:54 INFO  Title: Validate the tedge-mapper-sm-c8y for receiving the last message on restart
09:18:54 INFO  ==============================================================
09:18:54 INFO  instable https://github.com/thin-edge/thin-edge.io/issues/752 ... skipped
09:18:54 INFO  
09:18:54 INFO  Test duration: 0.02 secs
09:18:54 INFO  Test final outcome:  SKIPPED
09:18:54 INFO  Test outcome reason: instable https://github.com/thin-edge/thin-edge.io/issues/752
09:18:54 INFO  
</system-out>
	</testcase>
<testcase classname="MapperC8yReceiveLastMessageOnRestart" name="SoftwareManagement.sm_mapper_fail_and_reconnect">
		<skipped message="SKIPPED: instable https://github.com/thin-edge/thin-edge.io/issues/752" />
		<system-out>10:30:06 INFO  ==============================================================
10:30:06 INFO  Id:    SoftwareManagement.sm_mapper_fail_and_reconnect
10:30:06 INFO  Dir:   software_management_end_to_end/
10:30:06 INFO  Title: Validate the tedge-mapper-sm-c8y for receiving the last message on restart
10:30:06 INFO  ==============================================================
10:30:06 INFO  instable https://github.com/thin-edge/thin-edge.io/issues/752 ... skipped
10:30:06 INFO  
10:30:06 INFO  Test duration: 0.06 secs
10:30:06 INFO  Test final outcome:  SKIPPED
10:30:06 INFO  Test outcome reason: instable https://github.com/thin-edge/thin-edge.io/issues/752
10:30:06 INFO  
</system-out>
	</testcase>
</testsuite><testsuite name="SoftwareManagement.sm_mixed_install_remove_multiple" tests="2" errors="0" failures="1" skipped="1" time="0"><testcase classname="PySysTest" name="SoftwareManagement.sm_mixed_install_remove_multiple">
		<skipped message="SKIPPED: Testing the fake plugin is not enabled.Use parameter -Xfakeplugin=fakeplugin to enable it" />
		<system-out>09:18:54 INFO  ==============================================================
09:18:54 INFO  Id:    SoftwareManagement.sm_mixed_install_remove_multiple
09:18:54 INFO  Dir:   software_management_end_to_end/
09:18:54 INFO  Title: Validate end to end behaviour for the dummy-plugin for multiple packages with mixed versions
09:18:54 INFO  ==============================================================
09:18:54 INFO  Testing the fake plugin is not enabled.Use parameter -Xfakeplugin=fakeplugin to enable it ... skipped
09:18:54 WARN  Aborted test due to SKIPPED outcome
09:18:54 INFO  
09:18:54 INFO  Test duration: 0.02 secs
09:18:54 INFO  Test final outcome:  SKIPPED
09:18:54 INFO  Test outcome reason: Testing the fake plugin is not enabled.Use parameter -Xfakeplugin=fakeplugin to enable it
09:18:54 INFO  
</system-out>
	</testcase>
<testcase classname="PySysTest" name="SoftwareManagement.sm_mixed_install_remove_multiple">
		<failure message="FAILED: Assert that (False == value) with value=True" type="FAILED" />
		<system-out>10:30:06 INFO  ==============================================================
10:30:06 INFO  Id:    SoftwareManagement.sm_mixed_install_remove_multiple
10:30:06 INFO  Dir:   software_management_end_to_end/
10:30:06 INFO  Title: Validate end to end behaviour for the dummy-plugin for multiple packages with mixed versions
10:30:06 INFO  ==============================================================
10:30:06 INFO  Using sw id database: {'asciijump': '5475369', 'robotfindskitten': '5474869', 'squirrel3': '5475279', 'rolldice': '5152439', 'moon-buggy': '5439204', 'apple': '5495053', 'banana': '5494888', 'cherry': '5495382', 'watermelon': '5494510', 'registry': '8018911', 'hello-world': '8021526', 'docker/getting-started': '8021973', 'alpine': '7991792'}
10:30:06 INFO  EnvironmentC8y Setup
10:30:07 INFO  Executed systemctl&lt;serv_mapper1&gt;, exit status 3
10:30:07 INFO  Restarting mosquitto too frequently in the last 10 seconds. It was only up for 5 seconds
10:30:07 INFO  Delaying execution by 6 seconds
10:30:27 INFO  Executed sudo&lt;tedge_connect_c8y&gt;, exit status 0, duration 14 secs
10:30:28 INFO  Executed sudo&lt;tedge_connect_c8y_test&gt;, exit status 0
10:30:28 INFO  Executed systemctl&lt;serv_mosq2&gt;, exit status 0
10:30:28 INFO  Executed systemctl&lt;serv_mapper3&gt;, exit status 0
10:30:31 INFO  State of current operation: SUCCESSFUL
10:30:31 INFO  Package apple is installed
10:30:31 INFO  Assert that (True == value) with value=True ... passed
10:30:31 INFO  Package banana is installed
10:30:31 INFO  Assert that (True == value) with value=True ... passed
10:30:31 INFO  Package cherry is installed
10:30:31 INFO  Assert that (True == value) with value=True ... passed
10:30:32 INFO  Package asciijump is installed
10:30:32 WARN  Assert that (False == value) with value=True ... failed 
10:30:32 INFO  Assert that (False == value) with value=False ... passed
10:30:32 INFO  Response status: 201
10:30:32 INFO  Response to action: {
    "creationTime": "2022-05-30T10:30:32.563Z",
    "deviceId": "19787676",
    "deviceName": "mythicc",
    "self": "https://t493319102.eu-latest.cumulocity.com/devicecontrol/operations/19820229",
    "id": "19820229",
    "status": "PENDING",
    "description": "Apply software changes, triggered from PySys: [{'action': 'install', 'id': '5495053', 'name': 'apple', 'url': ' ', 'version': '::fruits'}, {'action': 'install', 'id': '5494888', 'name': 'banana', 'url': ' ', 'version': '::fruits'}, {'action': 'install', 'id': '5475369', 'name': 'asciijump', 'url': ' ', 'version': '::apt'}, {'action': 'install', 'id': '5495382', 'name': 'cherry', 'url': ' ', 'version': '::fruits'}, {'action': 'install', 'id': '8018911', 'name': 'registry', 'url': ' ', 'version': '::docker'}]",
    "c8y_SoftwareUpdate": [
        {
            "name": "apple",
            "action": "install",
            "id": "5495053",
            "version": "::fruits",
            "url": " "
        },
        {
            "name": "banana",
            "action": "install",
            "id": "5494888",
            "version": "::fruits",
            "url": " "
        },
        {
            "name": "asciijump",
            "action": "install",
            "id": "5475369",
            "version": "::apt",
            "url": " "
        },
        {
[...]
09:09:15 INFO  
09:09:15 INFO  Test duration: 0.02 secs
09:09:15 INFO  Test final outcome:  SKIPPED
09:09:15 INFO  Test outcome reason: Testing the docker plugin is not supported on this platform.To run it, all the test with -XmyPlatform='container'
09:09:15 INFO  
</system-out>
	</testcase>
<testcase classname="DockerPluginRemoveTest" name="docker_plugin_remove" />
</testsuite><testsuite name="docker_plugin_remove_with_version" tests="2" errors="0" failures="0" skipped="1" time="0"><testcase classname="DockerPluginRemoveWithVersionTest" name="docker_plugin_remove_with_version">
		<skipped message="SKIPPED: Testing the docker plugin is not supported on this platform.To run it, all the test with -XmyPlatform='container'" />
		<system-out>09:09:15 INFO  ==============================================================
09:09:15 INFO  Id:    docker_plugin_remove_with_version
09:09:15 INFO  Dir:   plugin_docker/
09:09:15 INFO  Title: Validate docker plugin remove with version
09:09:15 INFO  ==============================================================
09:09:15 INFO  Testing the docker plugin is not supported on this platform.To run it, all the test with -XmyPlatform='container' ... skipped
09:09:15 WARN  Aborted test due to SKIPPED outcome
09:09:15 INFO  
09:09:15 INFO  Test duration: 0.04 secs
09:09:15 INFO  Test final outcome:  SKIPPED
09:09:15 INFO  Test outcome reason: Testing the docker plugin is not supported on this platform.To run it, all the test with -XmyPlatform='container'
09:09:15 INFO  
</system-out>
	</testcase>
<testcase classname="DockerPluginRemoveWithVersionTest" name="docker_plugin_remove_with_version" />
</testsuite><testsuite name="docker_plugin_update" tests="2" errors="0" failures="0" skipped="1" time="0"><testcase classname="DockerPluginUpdateTest" name="docker_plugin_update">
		<skipped message="SKIPPED: Testing the docker plugin is not supported on this platform.To run it, all the test with -XmyPlatform='container'" />
		<system-out>09:09:15 INFO  ==============================================================
09:09:15 INFO  Id:    docker_plugin_update
09:09:15 INFO  Dir:   plugin_docker/
09:09:15 INFO  Title: Validate docker plugin install updates existing containers
09:09:15 INFO  ==============================================================
09:09:15 INFO  Testing the docker plugin is not supported on this platform.To run it, all the test with -XmyPlatform='container' ... skipped
09:09:15 WARN  Aborted test due to SKIPPED outcome
09:09:15 INFO  
09:09:15 INFO  Test duration: 0.04 secs
09:09:15 INFO  Test final outcome:  SKIPPED
09:09:15 INFO  Test outcome reason: Testing the docker plugin is not supported on this platform.To run it, all the test with -XmyPlatform='container'
09:09:15 INFO  
</system-out>
	</testcase>
<testcase classname="DockerPluginUpdateTest" name="docker_plugin_update" />
</testsuite><testsuite name="invalid_device_id" tests="1" errors="0" failures="0" skipped="0" time="0"><testcase classname="InvalidDeviceId" name="invalid_device_id" />
</testsuite><testsuite name="local_mqtt_pub_fail_noqos" tests="1" errors="0" failures="0" skipped="0" time="0"><testcase classname="PySysTest" name="local_mqtt_pub_fail_noqos" />
</testsuite><testsuite name="local_mqtt_pub_fail_qos0" tests="1" errors="0" failures="0" skipped="0" time="0"><testcase classname="PySysTest" name="local_mqtt_pub_fail_qos0" />
</testsuite><testsuite name="local_mqtt_pub_fail_qos1" tests="1" errors="0" failures="0" skipped="0" time="0"><testcase classname="PySysTest" name="local_mqtt_pub_fail_qos1" />
</testsuite><testsuite name="local_mqtt_pub_fail_qos2" tests="1" errors="0" failures="0" skipped="0" time="0"><testcase classname="PySysTest" name="local_mqtt_pub_fail_qos2" />
</testsuite><testsuite name="local_mqtt_pub_sub" tests="1" errors="0" failures="0" skipped="0" time="0"><testcase classname="PySysTest" name="local_mqtt_pub_sub" />
</testsuite><testsuite name="local_mqtt_pub_sub_retain" tests="1" errors="0" failures="1" skipped="0" time="0"><testcase classname="MqttPublishWithRetain" name="local_mqtt_pub_sub_retain">
		<failure message="FAILED: Grep on temp_sensor_sub.out contains &quot;\[test/alarms/temp_sensor\] alarm msg 2&quot; (+1 other failures)" type="FAILED" />
		<system-out>09:07:08 INFO  ==============================================================
09:07:08 INFO  Id:    local_mqtt_pub_sub_retain
09:07:08 INFO  Dir:   local_mqtt/
09:07:08 INFO  Title: Validate local publishing with retain flag
09:07:08 INFO  ==============================================================
09:07:08 INFO  Executed tedge&lt;pub_to_set_alarm&gt;, exit status 0
09:07:08 INFO  Executed tedge&lt;pub_to_set_alarm&gt;, exit status 0
09:07:09 INFO  Started tedge&lt;temp_sensor_sub&gt; with process id 29226
09:07:10 INFO  Executed tedge&lt;pub_to_clear_alarm&gt;, exit status 0
09:07:11 INFO  Executed sudo&lt;kill_out&gt;, exit status 0
09:07:12 INFO  Executed tedge&lt;pub_to_clear_alarm&gt;, exit status 0
09:07:12 INFO  Started tedge&lt;temp_sensor_empty_message&gt; with process id 29231
09:07:13 INFO  Executed sudo&lt;kill_out&gt;, exit status 0
09:07:14 WARN  Grep on temp_sensor_sub.out contains "\[test/alarms/temp_sensor\] alarm msg 2" ... failed [run.py:139]
09:07:14 WARN  Grep on temp_sensor_sub.out contains "\[test/alarms/temp_sensor\] " ... failed [run.py:142]
09:07:14 INFO  Grep on file temp_sensor_empty_message.out ... passed
09:07:14 INFO  
09:07:14 INFO  Test duration: 6.03 secs
09:07:14 INFO  Test final outcome:  FAILED
09:07:14 INFO  Test outcome reason: Grep on temp_sensor_sub.out contains "\[test/alarms/temp_sensor\] alarm msg 2" (+1 other failures)
09:07:14 INFO  
</system-out>
	</testcase>
</testsuite><testsuite name="local_mqtt_pub_sub_with_sudo" tests="1" errors="0" failures="0" skipped="0" time="0"><testcase classname="PySysTest" name="local_mqtt_pub_sub_with_sudo" />
</testsuite><testsuite name="local_mqtt_sub_fail" tests="1" errors="0" failures="0" skipped="0" time="0"><testcase classname="PySysTest" name="local_mqtt_sub_fail" />
</testsuite><testsuite name="log_request_error_messages" tests="1" errors="0" failures="0" skipped="1" time="0"><testcase classname="LogRequestVerifySearchTextError" name="log_request_error_messages">
		<skipped message="SKIPPED: Test execution disabled due to #1123" />
		<system-out>09:07:18 INFO  ==============================================================
09:07:18 INFO  Id:    log_request_error_messages
09:07:18 INFO  Dir:   log_request_end_to_end/
09:07:18 INFO  Title: Validate end to end behaviour for the log request operation check for error messages
09:07:18 INFO  ==============================================================
09:07:19 INFO  Test execution disabled due to #1123 ... skipped
09:07:19 INFO  
09:07:19 INFO  Test duration: 1.32 secs
09:07:19 INFO  Test final outcome:  SKIPPED
09:07:19 INFO  Test outcome reason: Test execution disabled due to #1123
09:07:19 INFO  
</system-out>
	</testcase>
</testsuite><testsuite name="log_request_num_lines" tests="1" errors="0" failures="0" skipped="1" time="0"><testcase classname="LogRequestVerifyNumberOfLines" name="log_request_num_lines">
		<skipped message="SKIPPED: Test execution disabled due to #1123" />
		<system-out>09:07:19 INFO  ==============================================================
09:07:19 INFO  Id:    log_request_num_lines
09:07:19 INFO  Dir:   log_request_end_to_end/
09:07:19 INFO  Title: Validate end to end behaviour for the log request operation check for number of lines
09:07:19 INFO  ==============================================================
09:07:19 INFO  Test execution disabled due to #1123 ... skipped
09:07:19 INFO  
09:07:19 INFO  Test duration: 0.02 secs
09:07:19 INFO  Test final outcome:  SKIPPED
09:07:19 INFO  Test outcome reason: Test execution disabled due to #1123
09:07:19 INFO  
</system-out>
	</testcase>
</testsuite><testsuite name="mapper_awaits_before_reconnect" tests="1" errors="0" failures="0" skipped="0" time="0"><testcase classname="MapperReconnectAwait" name="mapper_awaits_before_reconnect" />
</testsuite><testsuite name="monitoring_smaller_interval" tests="1" errors="0" failures="0" skipped="1" time="0"><testcase classname="MonitoringSmallInterval" name="monitoring_smaller_interval">
		<skipped message="SKIPPED: Fails due to retained message" />
		<system-out>09:09:09 INFO  ==============================================================
09:09:09 INFO  Id:    monitoring_smaller_interval
09:09:09 INFO  Dir:   monitoring/
09:09:09 INFO  Title: Validate the tedge dm agent messages that are produced with smaller sampling interval than the batching window. Here the simulated collectd messages are used
09:09:09 INFO  ==============================================================
09:09:09 INFO  Fails due to retained message ... skipped
09:09:09 INFO  
09:09:09 INFO  Test duration: 0.02 secs
09:09:09 INFO  Test final outcome:  SKIPPED
09:09:09 INFO  Test outcome reason: Fails due to retained message
09:09:09 INFO  
</system-out>
	</testcase>
</testsuite><testsuite name="monitoring_with_collectd" tests="1" errors="0" failures="0" skipped="1" time="0"><testcase classname="MonitoringWithCollectd" name="monitoring_with_collectd">
		<skipped message="SKIPPED: Test execution disabled due to #792 (instable)" />
		<system-out>09:09:09 INFO  ==============================================================
09:09:09 INFO  Id:    monitoring_with_collectd
09:09:09 INFO  Dir:   monitoring/
09:09:09 INFO  Title: Validate tedge dm agent messages that are produced by batching the collectd messages
09:09:09 INFO  ==============================================================
09:09:09 INFO  Test execution disabled due to #792 (instable) ... skipped
09:09:09 INFO  
09:09:09 INFO  Test duration: 0.02 secs
09:09:09 INFO  Test final outcome:  SKIPPED
09:09:09 INFO  Test outcome reason: Test execution disabled due to #792 (instable)
09:09:09 INFO  
</system-out>
	</testcase>
</testsuite><testsuite name="monitoring_with_simulated_messages" tests="1" errors="0" failures="0" skipped="1" time="0"><testcase classname="MonitoringWithSimulatedMessages" name="monitoring_with_simulated_messages">
		<skipped message="SKIPPED: Fails due to retained message" />
		<system-out>09:09:10 INFO  ==============================================================
09:09:10 INFO  Id:    monitoring_with_simulated_messages
09:09:10 INFO  Dir:   monitoring/
09:09:10 INFO  Title: Validate the tedge dm agent messages that are produced from the simulated collectd messages
09:09:10 INFO  ==============================================================
09:09:10 INFO  Fails due to retained message ... skipped
09:09:10 INFO  
09:09:10 INFO  Test duration: 0.05 secs
09:09:10 INFO  Test final outcome:  SKIPPED
09:09:10 INFO  Test outcome reason: Fails due to retained message
09:09:10 INFO  
</system-out>
	</testcase>
</testsuite><testsuite name="mqtt_port_change_connection_fails" tests="1" errors="0" failures="0" skipped="0" time="0"><testcase classname="MqttPortChangeConnectionFails" name="mqtt_port_change_connection_fails" />
</testsuite><testsuite name="mqtt_port_change_connection_works" tests="1" errors="0" failures="0" skipped="1" time="0"><testcase classname="MqttPortChangeConnectionWorks" name="mqtt_port_change_connection_works">
		<skipped message="SKIPPED: failing intermitently" />
		<system-out>09:07:55 INFO  ==============================================================
09:07:55 INFO  Id:    mqtt_port_change_connection_works
09:07:55 INFO  Dir:   misc_features/
09:07:55 INFO  Title: mqtt port change connection works for all the thin-edge services that use the mosquitto broker
09:07:55 INFO  ==============================================================
09:07:55 INFO  failing intermitently ... skipped
09:07:55 INFO  
09:07:55 INFO  Test duration: 0.07 secs
09:07:55 INFO  Test final outcome:  SKIPPED
09:07:55 INFO  Test outcome reason: failing intermitently
09:07:55 INFO  
</system-out>
	</testcase>
</testsuite><testsuite name="mqtt_port_set" tests="1" errors="0" failures="0" skipped="0" time="0"><testcase classname="MqttPortSet" name="mqtt_port_set" />
</testsuite><testsuite name="mqtt_port_unset" tests="1" errors="0" failures="0" skipped="0" time="0"><testcase classname="MqttPortUnSet" name="mqtt_port_unset" />
</testsuite><testsuite name="publish_flux" tests="1" errors="0" failures="0" skipped="0" time="0"><testcase classname="PublishFlux" name="publish_flux" />
</testsuite><testsuite name="publish_sawmill" tests="1" errors="0" failures="0" skipped="0" time="0"><testcase classname="PublishSawmill" name="publish_sawmill" />
</testsuite><testsuite name="pysys_block" tests="1" errors="0" failures="0" skipped="1" time="0"><testcase classname="Fail" name="pysys_block">
		<skipped message="SKIPPED: Enable this to observe a blocking test" />
		<system-out>09:08:17 INFO  ==============================================================
09:08:17 INFO  Id:    pysys_block
09:08:17 INFO  Dir:   misc_features/
09:08:17 INFO  Title: fail
09:08:17 INFO  ==============================================================
09:08:17 INFO  Enable this to observe a blocking test ... skipped
09:08:17 INFO  
09:08:17 INFO  Test duration: 0.02 secs
09:08:17 INFO  Test final outcome:  SKIPPED
09:08:17 INFO  Test outcome reason: Enable this to observe a blocking test
09:08:17 INFO  
</system-out>
	</testcase>
</testsuite><testsuite name="pysys_fail" tests="1" errors="0" failures="0" skipped="1" time="0"><testcase classname="Fail" name="pysys_fail">
		<skipped message="SKIPPED: Enable this to observe a failing test" />
		<system-out>09:08:17 INFO  ==============================================================
09:08:17 INFO  Id:    pysys_fail
09:08:17 INFO  Dir:   misc_features/
09:08:17 INFO  Title: fail
09:08:17 INFO  ==============================================================
09:08:17 INFO  Enable this to observe a failing test ... skipped
09:08:17 INFO  
09:08:17 INFO  Test duration: 0.02 secs
09:08:17 INFO  Test final outcome:  SKIPPED
09:08:17 INFO  Test outcome reason: Enable this to observe a failing test
09:08:17 INFO  
</system-out>
	</testcase>
</testsuite><testsuite name="runtime_start_two_mappers" tests="1" errors="0" failures="0" skipped="0" time="0"><testcase classname="RuntimeMultiMappers" name="runtime_start_two_mappers" />
</testsuite><testsuite name="sm_tedge_mapper_init_session" tests="1" errors="0" failures="0" skipped="0" time="0"><testcase classname="TedgeSMMapperInitSession" name="sm_tedge_mapper_init_session" />
</testsuite><testsuite name="smoketest_json" tests="1" errors="0" failures="0" skipped="0" time="0"><testcase classname="SmokeTestJson" name="smoketest_json" />
</testsuite><testsuite name="smoketest_json_400_samples_10ms" tests="1" errors="0" failures="0" skipped="0" time="0"><testcase classname="SmoketestJson400Samples10ms" name="smoketest_json_400_samples_10ms" />
</testsuite><testsuite name="smoketest_json_400_samples_20ms" tests="1" errors="0" failures="0" skipped="0" time="0"><testcase classname="SmoketestJson400Samples20ms" name="smoketest_json_400_samples_20ms" />
</testsuite><testsuite name="smoketest_smartrest" tests="1" errors="0" failures="0" skipped="0" time="0"><testcase classname="SmoketestSmartRest" name="smoketest_smartrest" />
</testsuite><testsuite name="smoketest_smartrest_200_samples_1Xms" tests="1" errors="0" failures="0" skipped="0" time="0"><testcase classname="SmoketestSmartRest200Samples1Xms" name="smoketest_smartrest_200_samples_1Xms" />
</testsuite><testsuite name="smoketest_smartrest_200_samples_20ms" tests="1" errors="0" failures="0" skipped="0" time="0"><testcase classname="SmoketestSmartRest200Samples20ms" name="smoketest_smartrest_200_samples_20ms" />
</testsuite><testsuite name="tedge_agent_user_sudo_access" tests="1" errors="0" failures="0" skipped="1" time="0"><testcase classname="TedgeAgentUserSudoAccess" name="tedge_agent_user_sudo_access">
		<skipped message="SKIPPED: #955 Observation: Exit code of the apt plugin when called with no arguments" />
		<system-out>09:19:20 INFO  ==============================================================
09:19:20 INFO  Id:    tedge_agent_user_sudo_access
09:19:20 INFO  Dir:   tedge/
09:19:20 INFO  Title: Validate tedge-agent user has a limited sudo right
09:19:20 INFO  ==============================================================
09:19:20 INFO  #955 Observation: Exit code of the apt plugin when called with no arguments ... skipped
09:19:20 INFO  
09:19:20 INFO  Test duration: 0.02 secs
09:19:20 INFO  Test final outcome:  SKIPPED
09:19:20 INFO  Test outcome reason: #955 Observation: Exit code of the apt plugin when called with no arguments
09:19:20 INFO  
</system-out>
	</testcase>
</testsuite><testsuite name="tedge_connect_test_negative" tests="1" errors="0" failures="0" skipped="0" time="0"><testcase classname="TedgeConnectTestNegative" name="tedge_connect_test_negative" />
</testsuite><testsuite name="tedge_connect_test_positive" tests="1" errors="0" failures="0" skipped="0" time="0"><testcase classname="TedgeConnectTestPositive" name="tedge_connect_test_positive" />
</testsuite><testsuite name="tedge_connect_test_sm_services" tests="1" errors="0" failures="0" skipped="0" time="0"><testcase classname="TedgeConnectTestSMServices" name="tedge_connect_test_sm_services" />
</testsuite><testsuite name="tedge_disconnect_test_sm_services" tests="1" errors="0" failures="0" skipped="0" time="0"><testcase classname="TedgeDisConnectTestSMServices" name="tedge_disconnect_test_sm_services" />
</testsuite><testsuite name="tedge_mapper_az_negative" tests="1" errors="0" failures="0" skipped="0" time="0"><testcase classname="TedgeMapperAzError" name="tedge_mapper_az_negative" />
</testsuite><testsuite name="tedge_mapper_az_with_timestamp" tests="1" errors="0" failures="0" skipped="0" time="0"><testcase classname="TedgeMapperAzWithTimestamp" name="tedge_mapper_az_with_timestamp" />
</testsuite><testsuite name="tedge_mapper_az_without_timestamp" tests="1" errors="0" failures="0" skipped="0" time="0"><testcase classname="TedgeMapperAzWithoutTimestamp" name="tedge_mapper_az_without_timestamp" />
</testsuite><testsuite name="tedge_mapper_c8y_alarms" tests="1" errors="0" failures="0" skipped="0" time="0"><testcase classname="TedgeMapperC8yAlarm" name="tedge_mapper_c8y_alarms" />
</testsuite><testsuite name="tedge_mapper_c8y_child_device_measurement" tests="1" errors="0" failures="0" skipped="1" time="0"><testcase classname="TedgeMapperC8yChildDevice" name="tedge_mapper_c8y_child_device_measurement">
		<skipped message="SKIPPED: Test execution disabled due to #1088" />
		<system-out>09:23:41 INFO  ==============================================================
09:23:41 INFO  Id:    tedge_mapper_c8y_child_device_measurement
09:23:41 INFO  Dir:   tedge_mapper_c8y/
09:23:41 INFO  Title: Validate that measurements sent to tedge/measurements/child topic gets mapped as the child device's measurement in Cumulocity
09:23:41 INFO  ==============================================================
09:23:41 INFO  Test execution disabled due to #1088 ... skipped
09:23:41 INFO  
09:23:41 INFO  Test duration: 0.04 secs
09:23:41 INFO  Test final outcome:  SKIPPED
09:23:41 INFO  Test outcome reason: Test execution disabled due to #1088
09:23:41 INFO  
</system-out>
	</testcase>
</testsuite><testsuite name="tedge_mapper_c8y_packet_threshold_size" tests="1" errors="0" failures="0" skipped="0" time="0"><testcase classname="TedgeMapperC8yThresholdPacketSize" name="tedge_mapper_c8y_packet_threshold_size" />
</testsuite><testsuite name="tedge_software_update" tests="1" errors="0" failures="0" skipped="0" time="0"><testcase classname="PySysTest" name="tedge_software_update" />
</testsuite><testsuite name="valid_device_id" tests="1" errors="0" failures="0" skipped="0" time="0"><testcase classname="ValidateValidDeviceId" name="valid_device_id" />
</testsuite></testsuites>