<?xml version='1.0' encoding='utf-8'?>
<testsuites tests="149" failures="14" errors="0" skipped="49" time="0.0"><testsuite name="SoftwareManagement.Plugin.apama_plugin_install" tests="3" errors="0" failures="0" skipped="1" time="0"><testcase classname="ApamaPluginInstallTest" name="SoftwareManagement.Plugin.apama_plugin_install">
		<skipped message="SKIPPED: Apama plugin tests are disabled by default. Execute `pysys run` with `-XmyPlatform=container` to run these tests" />
		<system-out>14:22:37 INFO  ==============================================================
14:22:37 INFO  Id:    SoftwareManagement.Plugin.apama_plugin_install
14:22:37 INFO  Dir:   plugin_apama/
14:22:37 INFO  Title: Validate apama plugin install
14:22:37 INFO  ==============================================================
14:22:37 INFO  Apama plugin tests are disabled by default. Execute `pysys run` with `-XmyPlatform=container` to run these tests ... skipped
14:22:37 WARN  Aborted test due to SKIPPED outcome
14:22:37 INFO  
14:22:37 INFO  Test duration: 0.04 secs
14:22:37 INFO  Test final outcome:  SKIPPED
14:22:37 INFO  Test outcome reason: Apama plugin tests are disabled by default. Execute `pysys run` with `-XmyPlatform=container` to run these tests
14:22:37 INFO  
</system-out>
	</testcase>
<testcase classname="ApamaPluginInstallTest" name="SoftwareManagement.Plugin.apama_plugin_install" />
<testcase classname="ApamaPluginInstallTest" name="SoftwareManagement.Plugin.apama_plugin_install" />
</testsuite><testsuite name="SoftwareManagement.Plugin.apama_plugin_mon_support" tests="3" errors="0" failures="0" skipped="1" time="0"><testcase classname="ApamaPluginMonSupportTest" name="SoftwareManagement.Plugin.apama_plugin_mon_support">
		<skipped message="SKIPPED: Apama plugin tests are disabled by default. Execute `pysys run` with `-XmyPlatform=container` to run these tests" />
		<system-out>14:22:37 INFO  ==============================================================
14:22:37 INFO  Id:    SoftwareManagement.Plugin.apama_plugin_mon_support
14:22:37 INFO  Dir:   plugin_apama/
14:22:37 INFO  Title: Validate mon file support of apama plugin
14:22:37 INFO  ==============================================================
14:22:37 INFO  Apama plugin tests are disabled by default. Execute `pysys run` with `-XmyPlatform=container` to run these tests ... skipped
14:22:37 WARN  Aborted test due to SKIPPED outcome
14:22:37 INFO  
14:22:37 INFO  Test duration: 0.02 secs
14:22:37 INFO  Test final outcome:  SKIPPED
14:22:37 INFO  Test outcome reason: Apama plugin tests are disabled by default. Execute `pysys run` with `-XmyPlatform=container` to run these tests
14:22:37 INFO  
</system-out>
	</testcase>
<testcase classname="ApamaPluginMonSupportTest" name="SoftwareManagement.Plugin.apama_plugin_mon_support" />
<testcase classname="ApamaPluginMonSupportTest" name="SoftwareManagement.Plugin.apama_plugin_mon_support" />
</testsuite><testsuite name="SoftwareManagement.Plugin.apama_plugin_remove" tests="3" errors="0" failures="0" skipped="1" time="0"><testcase classname="ApamaPluginRemoveTest" name="SoftwareManagement.Plugin.apama_plugin_remove">
		<skipped message="SKIPPED: Apama plugin tests are disabled by default. Execute `pysys run` with `-XmyPlatform=container` to run these tests" />
		<system-out>14:22:37 INFO  ==============================================================
14:22:37 INFO  Id:    SoftwareManagement.Plugin.apama_plugin_remove
14:22:37 INFO  Dir:   plugin_apama/
14:22:37 INFO  Title: Validate apama plugin remove
14:22:37 INFO  ==============================================================
14:22:37 INFO  Apama plugin tests are disabled by default. Execute `pysys run` with `-XmyPlatform=container` to run these tests ... skipped
14:22:37 WARN  Aborted test due to SKIPPED outcome
14:22:37 INFO  
14:22:37 INFO  Test duration: 0.02 secs
14:22:37 INFO  Test final outcome:  SKIPPED
14:22:37 INFO  Test outcome reason: Apama plugin tests are disabled by default. Execute `pysys run` with `-XmyPlatform=container` to run these tests
14:22:37 INFO  
</system-out>
	</testcase>
<testcase classname="ApamaPluginRemoveTest" name="SoftwareManagement.Plugin.apama_plugin_remove" />
<testcase classname="ApamaPluginRemoveTest" name="SoftwareManagement.Plugin.apama_plugin_remove" />
</testsuite><testsuite name="SoftwareManagement.Plugin.apama_plugin_update" tests="3" errors="0" failures="2" skipped="1" time="0"><testcase classname="ApamaPluginUpdateTest" name="SoftwareManagement.Plugin.apama_plugin_update">
		<skipped message="SKIPPED: Apama plugin tests are disabled by default. Execute `pysys run` with `-XmyPlatform=container` to run these tests" />
		<system-out>14:22:37 INFO  ==============================================================
14:22:37 INFO  Id:    SoftwareManagement.Plugin.apama_plugin_update
14:22:37 INFO  Dir:   plugin_apama/
14:22:37 INFO  Title: Validate apama plugin updating one project with another
14:22:37 INFO  ==============================================================
14:22:37 INFO  Apama plugin tests are disabled by default. Execute `pysys run` with `-XmyPlatform=container` to run these tests ... skipped
14:22:37 WARN  Aborted test due to SKIPPED outcome
14:22:37 INFO  
14:22:37 INFO  Test duration: 0.02 secs
14:22:37 INFO  Test final outcome:  SKIPPED
14:22:37 INFO  Test outcome reason: Apama plugin tests are disabled by default. Execute `pysys run` with `-XmyPlatform=container` to run these tests
14:22:37 INFO  
</system-out>
	</testcase>
<testcase classname="ApamaPluginUpdateTest" name="SoftwareManagement.Plugin.apama_plugin_update">
		<failure message="BLOCKED: sudo&lt;plugin_install&gt; returned non-zero exit code 2" type="BLOCKED" />
		<system-out>15:15:04 INFO  ==============================================================
15:15:04 INFO  Id:    SoftwareManagement.Plugin.apama_plugin_update
15:15:04 INFO  Dir:   plugin_apama/
15:15:04 INFO  Title: Validate apama plugin updating one project with another
15:15:04 INFO  ==============================================================
15:15:04 INFO  Assertion that path exists=False for "/etc/tedge/apama/project" ... passed
15:15:05 INFO  Executed sudo&lt;create_project_dir&gt;, exit status 0
15:15:06 INFO  Executed sudo&lt;unzip_apama_project&gt;, exit status 0
15:15:06 INFO  Executed sudo&lt;move_apama_project&gt;, exit status 0
15:15:07 INFO  Executed sudo&lt;restart_apama_service&gt;, exit status 0
15:15:08 INFO  Executed sudo&lt;apama_correlator_wait&gt;, exit status 0
15:15:08 INFO  Assertion that path exists=True for "/etc/tedge/apama/project" ... passed
15:15:09 INFO  Executed sudo&lt;apama_list_monitors&gt;, exit status 0
15:15:09 INFO  Grep on file /home/pi/actions-runner/_work/thin-edge.io/thin-edge.io/tests/PySys/plugin_apama/apama_plugin_update/Output/linux/apama_list_monitors.out ... passed
15:15:09 WARN  Executed sudo&lt;plugin_install&gt;, exit status 2
15:15:09 INFO  Contents of plugin_install.err: 
  ERROR: Directory not empty (os error 39)
  -----

15:15:10 WARN  sudo&lt;plugin_install&gt; returned non-zero exit code 2 ... blocked [run.py:35]
15:15:10 WARN  Aborted test due to BLOCKED outcome
15:15:10 INFO  
15:15:10 INFO  cleanup:
15:15:10 INFO  Removing apama project
15:15:26 INFO  Executed sudo&lt;stop_apama_service&gt;, exit status 0, duration 15 secs
15:15:26 INFO  Executed sudo&lt;remove_apama_project&gt;, exit status 0
15:15:27 INFO  Executed sudo&lt;remove_apama_tmp_dir&gt;, exit status 0
15:15:27 INFO  
15:15:27 INFO  Test duration: 22.37 secs
15:15:27 INFO  Test final outcome:  BLOCKED
15:15:27 INFO  Test outcome reason: sudo&lt;plugin_install&gt; returned non-zero exit code 2
15:15:27 INFO  
</system-out>
	</testcase>
<testcase classname="ApamaPluginUpdateTest" name="SoftwareManagement.Plugin.apama_plugin_update">
		<failure message="BLOCKED: sudo&lt;plugin_install&gt; returned non-zero exit code 2" type="BLOCKED" />
		<system-out>15:23:57 INFO  ==============================================================
15:23:57 INFO  Id:    SoftwareManagement.Plugin.apama_plugin_update
15:23:57 INFO  Dir:   plugin_apama/
15:23:57 INFO  Title: Validate apama plugin updating one project with another
15:23:57 INFO  ==============================================================
15:23:57 INFO  Assertion that path exists=False for "/etc/tedge/apama/project" ... passed
15:23:58 INFO  Executed sudo&lt;create_project_dir&gt;, exit status 0
15:23:58 INFO  Executed sudo&lt;unzip_apama_project&gt;, exit status 0
15:23:59 INFO  Executed sudo&lt;move_apama_project&gt;, exit status 0
15:24:00 INFO  Executed sudo&lt;restart_apama_service&gt;, exit status 0
15:24:00 INFO  Executed sudo&lt;apama_correlator_wait&gt;, exit status 0
15:24:00 INFO  Assertion that path exists=True for "/etc/tedge/apama/project" ... passed
15:24:01 INFO  Executed sudo&lt;apama_list_monitors&gt;, exit status 0
15:24:01 INFO  Grep on file /home/pi/actions-runner/_work/thin-edge.io/thin-edge.io/tests/PySys/plugin_apama/apama_plugin_update/Output/linux/apama_list_monitors.out ... passed
15:24:02 WARN  Executed sudo&lt;plugin_install&gt;, exit status 2
15:24:02 INFO  Contents of plugin_install.err: 
  ERROR: Directory not empty (os error 39)
  -----

15:24:02 WARN  sudo&lt;plugin_install&gt; returned non-zero exit code 2 ... blocked [run.py:35]
15:24:02 WARN  Aborted test due to BLOCKED outcome
15:24:02 INFO  
15:24:02 INFO  cleanup:
15:24:02 INFO  Removing apama project
15:24:17 INFO  Executed sudo&lt;stop_apama_service&gt;, exit status 0, duration 15 secs
15:24:18 INFO  Executed sudo&lt;remove_apama_project&gt;, exit status 0
15:24:18 INFO  Executed sudo&lt;remove_apama_tmp_dir&gt;, exit status 0
15:24:18 INFO  
15:24:18 INFO  Test duration: 21.30 secs
15:24:18 INFO  Test final outcome:  BLOCKED
15:24:18 INFO  Test outcome reason: sudo&lt;plugin_install&gt; returned non-zero exit code 2
15:24:18 INFO  
</system-out>
	</testcase>
</testsuite><testsuite name="SoftwareManagement.sm_apt_install_download_path" tests="3" errors="0" failures="2" skipped="1" time="0"><testcase classname="AptInstallWithDownloadPath" name="SoftwareManagement.sm_apt_install_download_path">
		<skipped message="SKIPPED: Testing the apt plugin is not supported on this platform.Use parameter -XmyPlatform='container' to enable it" />
		<system-out>14:32:17 INFO  ==============================================================
14:32:17 INFO  Id:    SoftwareManagement.sm_apt_install_download_path
14:32:17 INFO  Dir:   software_management_end_to_end/
14:32:17 INFO  Title: Install package to directory specified in tedge config set tmp.path
14:32:17 INFO  ==============================================================
14:32:17 INFO  Testing the apt plugin is not supported on this platform.Use parameter -XmyPlatform='container' to enable it ... skipped
14:32:17 WARN  Aborted test due to SKIPPED outcome
14:32:17 INFO  
14:32:17 INFO  Test duration: 0.07 secs
14:32:17 INFO  Test final outcome:  SKIPPED
14:32:17 INFO  Test outcome reason: Testing the apt plugin is not supported on this platform.Use parameter -XmyPlatform='container' to enable it
14:32:17 INFO  
</system-out>
	</testcase>
<testcase classname="AptInstallWithDownloadPath" name="SoftwareManagement.sm_apt_install_download_path">
		<failure message="BLOCKED: AssertionError:" type="BLOCKED" />
		<system-out>14:56:45 INFO  ==============================================================
14:56:45 INFO  Id:    SoftwareManagement.sm_apt_install_download_path
14:56:45 INFO  Dir:   software_management_end_to_end/
14:56:45 INFO  Title: Install package to directory specified in tedge config set tmp.path
14:56:45 INFO  ==============================================================
14:56:45 INFO  Using sw id database: {'asciijump': '5475369', 'robotfindskitten': '5474869', 'squirrel3': '5475279', 'rolldice': '5152439', 'moon-buggy': '5439204', 'apple': '5495053', 'banana': '5494888', 'cherry': '5495382', 'watermelon': '5494510', 'registry': '8018911', 'hello-world': '8021526', 'docker/getting-started': '8021973', 'alpine': '7991792'}
14:56:45 INFO  EnvironmentC8y Setup
14:56:46 INFO  Executed systemctl&lt;serv_mapper1&gt;, exit status 3
14:57:00 INFO  Executed sudo&lt;tedge_connect_c8y&gt;, exit status 0, duration 14 secs
14:57:02 INFO  Executed sudo&lt;tedge_connect_c8y_test&gt;, exit status 0
14:57:03 INFO  Executed systemctl&lt;serv_mosq2&gt;, exit status 0
14:57:04 INFO  Executed systemctl&lt;serv_mapper3&gt;, exit status 0
14:57:06 INFO  State of current operation: SUCCESSFUL
14:57:06 INFO  Assert that (False == value) with value=False ... passed
14:57:07 INFO  Executed sudo, exit status 0
14:57:07 INFO  Executed sudo, exit status 0
14:57:08 INFO  Executed sudo, exit status 0
14:57:12 INFO  Executed sudo&lt;tedge_disconnect_c8y&gt;, exit status 0
14:57:12 INFO  Restarting mosquitto too frequently in the last 10 seconds. It was only up for 3 seconds
14:57:12 INFO  Delaying execution by 8 seconds
14:57:34 INFO  Executed sudo&lt;tedge_connect_c8y&gt;, exit status 0, duration 13 secs
14:57:34 INFO  Response status: 201
14:57:34 INFO  Response to action: {
    "creationTime": "2022-04-27T14:57:34.308Z",
    "deviceName": "mythicd",
    "deviceId": "17785279",
    "self": "https://t493319102.eu-latest.cumulocity.com/devicecontrol/operations/17795006",
    "id": "17795006",
    "status": "PENDING",
    "description": "Apply software changes, triggered from PySys: [{'name': 'rolldice', 'id': '5152439', 'version': '::apt', 'url': 'https://thin-edge-io.eu-latest.cumulocity.com/inventory/binaries/12435463', 'action': 'install'}]",
    "c8y_SoftwareUpdate": [
        {
            "name": "rolldice",
            "action": "install",
            "id": "5152439",
            "version": "::apt",
            "url": "https://thin-edge-io.eu-latest.cumulocity.com/inventory/binaries/12435463"
        }
    ]
}
14:57:34 INFO  Started operation: {'creationTime': '2022-04-27T14:57:34.308Z', 'deviceName': 'mythicd', 'deviceId': '17785279', 'self': 'https://t493319102.eu-latest.cumulocity.com/devicecontrol/operations/17795006', 'id': '17795006', 'status': 'PENDING', 'description': "Apply software changes, triggered from PySys: [{'name': 'rolldice', 'id': '5152439', 'version': '::apt', 'url': 'https://thin-edge-io.eu-latest.cumulocity.com/inventory/binaries/12435463', 'action': 'install'}]", 'c8y_SoftwareUpdate': [{'name': 'rolldice', 'action': 'install', 'id': '5152439', 'version': '::apt', 'url': 'https://thin-edge-io.eu-latest.cumulocity.com/inventory/binaries/12435463'}]}
14:57:34 WARN  , retrying in 0.5 seconds...
14:57:34 WARN  , retrying in 0.5 seconds...
14:57:35 WARN  , retrying in 0.5 seconds...
14:57:35 WARN  , retrying in 0.5 seconds...
14:57:36 WARN  , retrying in 0.5 seconds...
14:57:36 WARN  , retrying in 0.5 seconds...
14:57:37 WARN  , retrying in 0.5 seconds...
14:57:37 WARN  , retrying in 0.5 seconds...
14:57:38 WARN  , retrying in 0.5 seconds...
14:57:38 WARN  AssertionError occurred while running test - 
Traceback (most recent call last):
  File "/home/pi/env-pysys/lib/python3.7/site-packages/pysys/baserunner.py", line 1294, in __call__
    self.testObj.execute()
  File "/home/pi/actions-runner/_work/thin-edge.io/thin-edge.io/tests/PySys/software_management_end_to_end/sm_apt_install_download_path/run.py", line 83, in execute
    assert_install_in_download_path(install_directory=self.DOWNLOAD_DIR)
  File "/home/pi/env-pysys/lib/python3.7/site-packages/decorator.py", line 232, in fun
    return caller(func, *(extras + args), **kw)
  File "/home/pi/env-pysys/lib/python3.7/site-packages/retry/api.py", line 74, in retry_decorator
    logger)
  File "/home/pi/env-pysys/lib/python3.7/site-packages/retry/api.py", line 33, in __retry_internal
    return f()
  File "/home/pi/actions-runner/_work/thin-edge.io/thin-edge.io/tests/PySys/software_management_end_to_end/sm_apt_install_download_path/run.py", line 28, in assert_install_in_download_path
    assert "rolldice" in os.listdir(f"{install_directory}")
AssertionError
14:57:39 WARN  AssertionError: ... blocked 
14:57:39 INFO  
14:57:39 INFO  cleanup:
14:57:40 INFO  Executed sudo, exit status 0
14:57:40 INFO  Executed sudo, exit status 0
14:57:45 INFO  Executed sudo&lt;tedge_disconnect_c8y&gt;, exit status 0
14:57:45 INFO  Restarting mosquitto too frequently in the last 10 seconds. It was only up for 4 seconds
14:57:45 INFO  Delaying execution by 7 seconds
14:58:06 INFO  Executed sudo&lt;tedge_connect_c8y&gt;, exit status 0, duration 14 secs
14:58:10 INFO  Executed sudo&lt;tedge_disconnect_c8y&gt;, exit status 0
14:58:11 INFO  Executed systemctl&lt;serv_mapper5&gt;, exit status 3
14:58:11 INFO  
14:58:11 INFO  Test duration: 85.93 secs
14:58:11 INFO  Test final outcome:  BLOCKED
14:58:11 INFO  Test outcome reason: AssertionError:
14:58:11 INFO  
</system-out>
	</testcase>
<testcase classname="AptInstallWithDownloadPath" name="SoftwareManagement.sm_apt_install_download_path">
		<failure message="BLOCKED: AssertionError:" type="BLOCKED" />
		<system-out>15:24:18 INFO  ==============================================================
15:24:18 INFO  Id:    SoftwareManagement.sm_apt_install_download_path
15:24:18 INFO  Dir:   software_management_end_to_end/
15:24:18 INFO  Title: Install package to directory specified in tedge config set tmp.path
15:24:18 INFO  ==============================================================
15:24:20 INFO  Using sw id database: {'asciijump': '5475369', 'robotfindskitten': '5474869', 'squirrel3': '5475279', 'rolldice': '5152439', 'moon-buggy': '5439204', 'apple': '5495053', 'banana': '5494888', 'cherry': '5495382', 'watermelon': '5494510', 'registry': '8018911', 'hello-world': '8021526', 'docker/getting-started': '8021973', 'alpine': '7991792'}
15:24:20 INFO  EnvironmentC8y Setup
15:24:20 INFO  Executed systemctl&lt;serv_mapper1&gt;, exit status 3
15:24:35 INFO  Executed sudo&lt;tedge_connect_c8y&gt;, exit status 0, duration 14 secs
15:24:35 INFO  Executed sudo&lt;tedge_connect_c8y_test&gt;, exit status 0
15:24:36 INFO  Executed systemctl&lt;serv_mosq2&gt;, exit status 0
15:24:36 INFO  Executed systemctl&lt;serv_mapper3&gt;, exit status 0
15:24:38 INFO  State of current operation: SUCCESSFUL
15:24:39 INFO  Assert that (False == value) with value=False ... passed
15:24:39 INFO  Executed sudo, exit status 0
15:24:40 INFO  Executed sudo, exit status 0
15:24:40 INFO  Executed sudo, exit status 0
15:24:44 INFO  Executed sudo&lt;tedge_disconnect_c8y&gt;, exit status 0
15:24:44 INFO  Restarting mosquitto too frequently in the last 10 seconds. It was only up for 4 seconds
15:24:44 INFO  Delaying execution by 7 seconds
15:25:05 INFO  Executed sudo&lt;tedge_connect_c8y&gt;, exit status 0, duration 13 secs
15:25:06 INFO  Response status: 201
15:25:06 INFO  Response to action: {
    "creationTime": "2022-04-27T15:25:05.997Z",
    "deviceName": "mythicd",
    "deviceId": "17785279",
    "self": "https://t493319102.eu-latest.cumulocity.com/devicecontrol/operations/17799165",
    "id": "17799165",
    "status": "PENDING",
    "description": "Apply software changes, triggered from PySys: [{'name': 'rolldice', 'id': '5152439', 'version': '::apt', 'url': 'https://thin-edge-io.eu-latest.cumulocity.com/inventory/binaries/12435463', 'action': 'install'}]",
    "c8y_SoftwareUpdate": [
        {
            "name": "rolldice",
            "action": "install",
            "id": "5152439",
            "version": "::apt",
            "url": "https://thin-edge-io.eu-latest.cumulocity.com/inventory/binaries/12435463"
        }
    ]
}
15:25:06 INFO  Started operation: {'creationTime': '2022-04-27T15:25:05.997Z', 'deviceName': 'mythicd', 'deviceId': '17785279', 'self': 'https://t493319102.eu-latest.cumulocity.com/devicecontrol/operations/17799165', 'id': '17799165', 'status': 'PENDING', 'description': "Apply software changes, triggered from PySys: [{'name': 'rolldice', 'id': '5152439', 'version': '::apt', 'url': 'https://thin-edge-io.eu-latest.cumulocity.com/inventory/binaries/12435463', 'action': 'install'}]", 'c8y_SoftwareUpdate': [{'name': 'rolldice', 'action': 'install', 'id': '5152439', 'version': '::apt', 'url': 'https://thin-edge-io.eu-latest.cumulocity.com/inventory/binaries/12435463'}]}
15:25:06 WARN  , retrying in 0.5 seconds...
15:25:06 WARN  , retrying in 0.5 seconds...
15:25:07 WARN  , retrying in 0.5 seconds...
15:25:07 WARN  , retrying in 0.5 seconds...
15:25:08 WARN  , retrying in 0.5 seconds...
15:25:08 WARN  , retrying in 0.5 seconds...
15:25:09 WARN  , retrying in 0.5 seconds...
15:25:09 WARN  , retrying in 0.5 seconds...
15:25:10 WARN  , retrying in 0.5 seconds...
15:25:10 WARN  AssertionError occurred while running test - 
Traceback (most recent call last):
  File "/home/pi/env-pysys/lib/python3.7/site-packages/pysys/baserunner.py", line 1294, in __call__
    self.testObj.execute()
  File "/home/pi/actions-runner/_work/thin-edge.io/thin-edge.io/tests/PySys/software_management_end_to_end/sm_apt_install_download_path/run.py", line 83, in execute
    assert_install_in_download_path(install_directory=self.DOWNLOAD_DIR)
  File "/home/pi/env-pysys/lib/python3.7/site-packages/decorator.py", line 232, in fun
    return caller(func, *(extras + args), **kw)
  File "/home/pi/env-pysys/lib/python3.7/site-packages/retry/api.py", line 74, in retry_decorator
    logger)
  File "/home/pi/env-pysys/lib/python3.7/site-packages/retry/api.py", line 33, in __retry_internal
    return f()
  File "/home/pi/actions-runner/_work/thin-edge.io/thin-edge.io/tests/PySys/software_management_end_to_end/sm_apt_install_download_path/run.py", line 28, in assert_install_in_download_path
    assert "rolldice" in os.listdir(f"{install_directory}")
AssertionError
15:25:10 WARN  AssertionError: ... blocked 
15:25:10 INFO  
15:25:10 INFO  cleanup:
15:25:11 INFO  Executed sudo, exit status 0
15:25:11 INFO  Executed sudo, exit status 0
15:25:17 INFO  Executed sudo&lt;tedge_disconnect_c8y&gt;, exit status 0
15:25:17 INFO  Restarting mosquitto too frequently in the last 10 seconds. It was only up for 4 seconds
15:25:17 INFO  Delaying execution by 7 seconds
15:25:38 INFO  Executed sudo&lt;tedge_connect_c8y&gt;, exit status 0, duration 14 secs
15:25:42 INFO  Executed sudo&lt;tedge_disconnect_c8y&gt;, exit status 0
15:25:43 INFO  Executed systemctl&lt;serv_mapper5&gt;, exit status 3
15:25:43 INFO  
15:25:43 INFO  Test duration: 84.69 secs
15:25:43 INFO  Test final outcome:  BLOCKED
15:25:43 INFO  Test outcome reason: AssertionError:
15:25:43 INFO  
</system-out>
	</testcase>
</testsuite><testsuite name="SoftwareManagement.sm_apt_install_fail" tests="3" errors="0" failures="0" skipped="1" time="0"><testcase classname="PySysTest" name="SoftwareManagement.sm_apt_install_fail">
		<skipped message="SKIPPED: Testing the apt plugin is not supported on this platform.Use parameter -XmyPlatform='container' to enable it" />
		<system-out>14:32:17 INFO  ==============================================================
14:32:17 INFO  Id:    SoftwareManagement.sm_apt_install_fail
14:32:17 INFO  Dir:   software_management_end_to_end/
14:32:17 INFO  Title: Validate end to end behaviour for a failing installation
14:32:17 INFO  ==============================================================
14:32:17 INFO  Testing the apt plugin is not supported on this platform.Use parameter -XmyPlatform='container' to enable it ... skipped
14:32:17 WARN  Aborted test due to SKIPPED outcome
14:32:17 INFO  
14:32:17 INFO  Test duration: 0.02 secs
14:32:17 INFO  Test final outcome:  SKIPPED
14:32:17 INFO  Test outcome reason: Testing the apt plugin is not supported on this platform.Use parameter -XmyPlatform='container' to enable it
14:32:17 INFO  
</system-out>
	</testcase>
<testcase classname="PySysTest" name="SoftwareManagement.sm_apt_install_fail" />
<testcase classname="PySysTest" name="SoftwareManagement.sm_apt_install_fail" />
</testsuite><testsuite name="SoftwareManagement.sm_apt_install_remove" tests="3" errors="0" failures="0" skipped="1" time="0"><testcase classname="PySysTest" name="SoftwareManagement.sm_apt_install_remove">
		<skipped message="SKIPPED: Testing the apt plugin is not supported on this platform.Use parameter -XmyPlatform='container' to enable it" />
		<system-out>14:32:17 INFO  ==============================================================
14:32:17 INFO  Id:    SoftwareManagement.sm_apt_install_remove
14:32:17 INFO  Dir:   software_management_end_to_end/
14:32:17 INFO  Title: Validate end to end behaviour for the apt plugin for installation and removal of packages
14:32:17 INFO  ==============================================================
14:32:17 INFO  Testing the apt plugin is not supported on this platform.Use parameter -XmyPlatform='container' to enable it ... skipped
14:32:17 WARN  Aborted test due to SKIPPED outcome
14:32:17 INFO  
14:32:17 INFO  Test duration: 0.02 secs
14:32:17 INFO  Test final outcome:  SKIPPED
14:32:17 INFO  Test outcome reason: Testing the apt plugin is not supported on this platform.Use parameter -XmyPlatform='container' to enable it
14:32:17 INFO  
</system-out>
	</testcase>
<testcase classname="PySysTest" name="SoftwareManagement.sm_apt_install_remove" />
<testcase classname="PySysTest" name="SoftwareManagement.sm_apt_install_remove" />
</testsuite><testsuite name="SoftwareManagement.sm_apt_install_remove_default" tests="3" errors="0" failures="0" skipped="1" time="0"><testcase classname="PySysTest" name="SoftwareManagement.sm_apt_install_remove_default">
		<skipped message="SKIPPED: Testing the apt plugin is not supported on this platform.Use parameter -XmyPlatform='container' to enable it" />
		<system-out>14:32:17 INFO  ==============================================================
14:32:17 INFO  Id:    SoftwareManagement.sm_apt_install_remove_default
14:32:17 INFO  Dir:   software_management_end_to_end/
14:32:17 INFO  Title: Validate end to end behaviour for the default plugin for installation and removal of packages
14:32:17 INFO  ==============================================================
14:32:17 INFO  Testing the apt plugin is not supported on this platform.Use parameter -XmyPlatform='container' to enable it ... skipped
14:32:17 WARN  Aborted test due to SKIPPED outcome
14:32:17 INFO  
14:32:17 INFO  Test duration: 0.02 secs
14:32:17 INFO  Test final outcome:  SKIPPED
14:32:17 INFO  Test outcome reason: Testing the apt plugin is not supported on this platform.Use parameter -XmyPlatform='container' to enable it
14:32:17 INFO  
</system-out>
	</testcase>
<testcase classname="PySysTest" name="SoftwareManagement.sm_apt_install_remove_default" />
<testcase classname="PySysTest" name="SoftwareManagement.sm_apt_install_remove_default" />
</testsuite><testsuite name="SoftwareManagement.sm_apt_install_remove_multiple" tests="3" errors="0" failures="2" skipped="1" time="0"><testcase classname="PySysTest" name="SoftwareManagement.sm_apt_install_remove_multiple">
		<skipped message="SKIPPED: Testing the apt plugin is not supported on this platform.Use parameter -XmyPlatform='container' to enable it" />
		<system-out>14:32:17 INFO  ==============================================================
14:32:17 INFO  Id:    SoftwareManagement.sm_apt_install_remove_multiple
14:32:17 INFO  Dir:   software_management_end_to_end/
14:32:17 INFO  Title: Validate end to end behaviour for the apt plugin for multiple packages
14:32:17 INFO  ==============================================================
14:32:17 INFO  Testing the apt plugin is not supported on this platform.Use parameter -XmyPlatform='container' to enable it ... skipped
14:32:17 WARN  Aborted test due to SKIPPED outcome
14:32:17 INFO  
14:32:17 INFO  Test duration: 0.02 secs
14:32:17 INFO  Test final outcome:  SKIPPED
14:32:17 INFO  Test outcome reason: Testing the apt plugin is not supported on this platform.Use parameter -XmyPlatform='container' to enable it
14:32:17 INFO  
</system-out>
	</testcase>
<testcase classname="PySysTest" name="SoftwareManagement.sm_apt_install_remove_multiple">
		<failure message="FAILED: Assert that (False == value) with value=True" type="FAILED" />
		<system-out>15:05:08 INFO  ==============================================================
15:05:08 INFO  Id:    SoftwareManagement.sm_apt_install_remove_multiple
15:05:08 INFO  Dir:   software_management_end_to_end/
15:05:08 INFO  Title: Validate end to end behaviour for the apt plugin for multiple packages
15:05:08 INFO  ==============================================================
15:05:08 INFO  Using sw id database: {'asciijump': '5475369', 'robotfindskitten': '5474869', 'squirrel3': '5475279', 'rolldice': '5152439', 'moon-buggy': '5439204', 'apple': '5495053', 'banana': '5494888', 'cherry': '5495382', 'watermelon': '5494510', 'registry': '8018911', 'hello-world': '8021526', 'docker/getting-started': '8021973', 'alpine': '7991792'}
15:05:08 INFO  EnvironmentC8y Setup
15:05:09 INFO  Executed systemctl&lt;serv_mapper1&gt;, exit status 3
15:05:09 INFO  Restarting mosquitto too frequently in the last 10 seconds. It was only up for 5 seconds
15:05:09 INFO  Delaying execution by 6 seconds
15:05:29 INFO  Executed sudo&lt;tedge_connect_c8y&gt;, exit status 0, duration 14 secs
15:05:30 INFO  Executed sudo&lt;tedge_connect_c8y_test&gt;, exit status 0
15:05:30 INFO  Executed systemctl&lt;serv_mosq2&gt;, exit status 0
15:05:31 INFO  Executed systemctl&lt;serv_mapper3&gt;, exit status 0
15:05:33 INFO  State of current operation: SUCCESSFUL
15:05:33 INFO  Assert that (False == value) with value=False ... passed
15:05:33 INFO  Assert that (False == value) with value=False ... passed
15:05:33 INFO  Assert that (False == value) with value=False ... passed
15:05:34 INFO  Package robotfindskitten is installed
15:05:34 WARN  Assert that (False == value) with value=True ... failed 
15:05:34 INFO  Response status: 201
15:05:34 INFO  Response to action: {
    "creationTime": "2022-04-27T15:05:34.370Z",
    "deviceName": "mythicd",
    "deviceId": "17785279",
    "self": "https://t493319102.eu-latest.cumulocity.com/devicecontrol/operations/17795081",
    "id": "17795081",
    "status": "PENDING",
    "description": "Apply software changes, triggered from PySys: [{'action': 'install', 'id': '5475369', 'name': 'asciijump', 'url': ' ', 'version': '::apt'}, {'action': 'install', 'id': '5474869', 'name': 'robotfindskitten', 'url': ' ', 'version': '::apt'}, {'action': 'install', 'id': '5475279', 'name': 'squirrel3', 'url': ' ', 'version': '::apt'}]",
    "c8y_SoftwareUpdate": [
        {
            "name": "asciijump",
            "action": "install",
            "id": "5475369",
            "version": "::apt",
            "url": " "
        },
        {
            "name": "robotfindskitten",
            "action": "install",
            "id": "5474869",
            "version": "::apt",
            "url": " "
        },
        {
            "name": "squirrel3",
            "action": "install",
            "id": "5475279",
            "version": "::apt",
            "url": " "
        }
    ]
}
15:05:34 INFO  Started operation: {'creationTime': '2022-04-27T15:05:34.370Z', 'deviceName': 'mythicd', 'deviceId': '17785279', 'self': 'https://t493319102.eu-latest.cumulocity.com/devicecontrol/operations/17795081', 'id': '17795081', 'status': 'PENDING', 'description': "Apply software changes, triggered from PySys: [{'action': 'install', 'id': '5475369', 'name': 'asciijump', 'url': ' ', 'version': '::apt'}, {'action': 'install', 'id': '5474869', 'name': 'robotfindskitten', 'url': ' ', 'version': '::apt'}, {'action': 'install', 'id': '5475279', 'name': 'squirrel3', 'url': ' ', 'version': '::apt'}]", 'c8y_SoftwareUpdate': [{'name': 'asciijump', 'action': 'install', 'id': '5475369', 'version': '::apt', 'url': ' '}, {'name': 'robotfindskitten', 'action': 'install', 'id': '5474869', 'version': '::apt', 'url': ' '}, {'name': 'squirrel3', 'action': 'install', 'id': '5475279', 'version': '::apt', 'url': ' '}]}
15:05:36 INFO  State of operation 17795081 : PENDING
15:05:38 INFO  State of operation 17795081 : EXECUTING
15:05:41 INFO  State of operation 17795081 : EXECUTING
15:05:43 INFO  State of operation 17795081 : EXECUTING
15:05:45 INFO  State of operation 17795081 : EXECUTING
15:05:47 INFO  State of operation 17795081 : EXECUTING
15:05:50 INFO  State of operation 17795081 : EXECUTING
15:05:53 INFO  State of operation 17795081 : EXECUTING
15:05:55 INFO  State of operation 17795081 : EXECUTING
15:05:58 INFO  State of operation 17795081 : EXECUTING
15:06:00 INFO  State of operation 17795081 : EXECUTING
15:06:02 INFO  State of operation 17795081 : EXECUTING
15:06:05 INFO  State of operation 17795081 : EXECUTING
15:06:07 INFO  State of operation 17795081 : EXECUTING
15:06:09 INFO  State of operation 17795081 : EXECUTING
15:06:12 INFO  State of operation 17795081 : EXECUTING
15:06:14 INFO  State of operation 17795081 : EXECUTING
15:06:16 INFO  State of operation 17795081 : EXECUTING
15:06:19 INFO  State of operation 17795081 : EXECUTING
15:06:21 INFO  State of operation 17795081 : EXECUTING
15:06:24 INFO  State of operation 17795081 : EXECUTING
15:06:26 INFO  State of operation 17795081 : EXECUTING
15:06:28 INFO  State of operation 17795081 : EXECUTING
15:06:31 INFO  State of operation 17795081 : EXECUTING
15:06:33 INFO  State of operation 17795081 : EXECUTING
15:06:35 INFO  State of operation 17795081 : EXECUTING
15:06:38 INFO  State of operation 17795081 : EXECUTING
15:06:40 INFO  State of operation 17795081 : EXECUTING
15:06:43 INFO  State of operation 17795081 : EXECUTING
15:06:45 INFO  State of operation 17795081 : EXECUTING
15:06:47 INFO  State of operation 17795081 : EXECUTING
15:06:50 INFO  State of operation 17795081 : EXECUTING
15:06:52 INFO  State of operation 17795081 : EXECUTING
15:06:54 INFO  State of operation 17795081 : EXECUTING
15:06:56 INFO  State of operation 17795081 : SUCCESSFUL
15:06:56 INFO  Assert that (False == value) with value=False ... passed
15:06:57 INFO  Package asciijump is installed
15:06:57 INFO  Assert that (True == value) with value=True ... passed
15:06:57 INFO  Package squirrel3 is installed
15:06:57 INFO  Assert that (True == value) with value=True ... passed
15:06:57 INFO  Package robotfindskitten is installed
15:06:57 INFO  Assert that (True == value) with value=True ... passed
15:06:57 INFO  Response status: 201
15:06:57 INFO  Response to action: {
    "creationTime": "2022-04-27T15:06:57.737Z",
    "deviceName": "mythicd",
    "deviceId": "17785279",
    "self": "https://t493319102.eu-latest.cumulocity.com/devicecontrol/operations/17795089",
    "id": "17795089",
    "status": "PENDING",
    "description": "Apply software changes, triggered from PySys: [{'action': 'delete', 'id': '5475369', 'name': 'asciijump', 'url': ' ', 'version': '::apt'}, {'action': 'delete', 'id': '5474869', 'name': 'robotfindskitten', 'url': ' ', 'version': '::apt'}, {'action': 'delete', 'id': '5475279', 'name': 'squirrel3', 'url': ' ', 'version': '::apt'}]",
    "c8y_SoftwareUpdate": [
        {
            "name": "asciijump",
            "action": "delete",
            "id": "5475369",
            "version": "::apt",
            "url": " "
        },
        {
            "name": "robotfindskitten",
            "action": "delete",
            "id": "5474869",
            "version": "::apt",
            "url": " "
        },
        {
            "name": "squirrel3",
            "action": "delete",
            "id": "5475279",
            "version": "::apt",
            "url": " "
        }
    ]
}
15:06:57 INFO  Started operation: {'creationTime': '2022-04-27T15:06:57.737Z', 'deviceName': 'mythicd', 'deviceId': '17785279', 'self': 'https://t493319102.eu-latest.cumulocity.com/devicecontrol/operations/17795089', 'id': '17795089', 'status': 'PENDING', 'description': "Apply software changes, triggered from PySys: [{'action': 'delete', 'id': '5475369', 'name': 'asciijump', 'url': ' ', 'version': '::apt'}, {'action': 'delete', 'id': '5474869', 'name': 'robotfindskitten', 'url': ' ', 'version': '::apt'}, {'action': 'delete', 'id': '5475279', 'name': 'squirrel3', 'url': ' ', 'version': '::apt'}]", 'c8y_SoftwareUpdate': [{'name': 'asciijump', 'action': 'delete', 'id': '5475369', 'version': '::apt', 'url': ' '}, {'name': 'robotfindskitten', 'action': 'delete', 'id': '5474869', 'version': '::apt', 'url': ' '}, {'name': 'squirrel3', 'action': 'delete', 'id': '5475279', 'version': '::apt', 'url': ' '}]}
15:07:00 INFO  State of operation 17795089 : PENDING
15:07:02 INFO  State of operation 17795089 : EXECUTING
15:07:04 INFO  State of operation 17795089 : EXECUTING
15:07:06 INFO  State of operation 17795089 : EXECUTING
15:07:08 INFO  State of operation 17795089 : EXECUTING
15:07:11 INFO  State of operation 17795089 : EXECUTING
15:07:13 INFO  State of operation 17795089 : EXECUTING
15:07:16 INFO  State of operation 17795089 : EXECUTING
15:07:19 INFO  State of operation 17795089 : EXECUTING
15:07:22 INFO  State of operation 17795089 : EXECUTING
15:07:24 INFO  State of operation 17795089 : EXECUTING
15:07:26 INFO  State of operation 17795089 : EXECUTING
15:07:29 INFO  State of operation 17795089 : EXECUTING
15:07:31 INFO  State of operation 17795089 : EXECUTING
15:07:33 INFO  State of operation 17795089 : EXECUTING
15:07:35 INFO  State of operation 17795089 : EXECUTING
15:07:38 INFO  State of operation 17795089 : EXECUTING
15:07:41 INFO  State of operation 17795089 : EXECUTING
15:07:43 INFO  State of operation 17795089 : EXECUTING
15:07:45 INFO  State of operation 17795089 : EXECUTING
15:07:47 INFO  State of operation 17795089 : EXECUTING
15:07:50 INFO  State of operation 17795089 : EXECUTING
15:07:52 INFO  State of operation 17795089 : EXECUTING
15:07:54 INFO  State of operation 17795089 : EXECUTING
15:07:57 INFO  State of operation 17795089 : EXECUTING
15:07:59 INFO  State of operation 17795089 : EXECUTING
15:08:01 INFO  State of operation 17795089 : EXECUTING
15:08:04 INFO  State of operation 17795089 : SUCCESSFUL
15:08:04 INFO  Assert that (False == value) with value=False ... passed
15:08:04 INFO  Assert that (False == value) with value=False ... passed
15:08:04 INFO  Assert that (False == value) with value=False ... passed
15:08:05 INFO  Assert that (False == value) with value=False ... passed
15:08:05 INFO  
15:08:05 INFO  cleanup:
15:08:09 INFO  Executed sudo&lt;tedge_disconnect_c8y&gt;, exit status 0
15:08:09 INFO  Executed systemctl&lt;serv_mapper5&gt;, exit status 3
15:08:09 INFO  
15:08:09 INFO  Test duration: 181.53 secs
15:08:09 INFO  Test final outcome:  FAILED
15:08:09 INFO  Test outcome reason: Assert that (False == value) with value=True
15:08:09 INFO  
</system-out>
	</testcase>
<testcase classname="PySysTest" name="SoftwareManagement.sm_apt_install_remove_multiple">
		<failure message="FAILED: Assert that (False == value) with value=True (+2 other failures)" type="FAILED" />
		<system-out>15:32:26 INFO  ==============================================================
15:32:26 INFO  Id:    SoftwareManagement.sm_apt_install_remove_multiple
15:32:26 INFO  Dir:   software_management_end_to_end/
15:32:26 INFO  Title: Validate end to end behaviour for the apt plugin for multiple packages
15:32:26 INFO  ==============================================================
15:32:26 INFO  Using sw id database: {'asciijump': '5475369', 'robotfindskitten': '5474869', 'squirrel3': '5475279', 'rolldice': '5152439', 'moon-buggy': '5439204', 'apple': '5495053', 'banana': '5494888', 'cherry': '5495382', 'watermelon': '5494510', 'registry': '8018911', 'hello-world': '8021526', 'docker/getting-started': '8021973', 'alpine': '7991792'}
15:32:26 INFO  EnvironmentC8y Setup
15:32:26 INFO  Executed systemctl&lt;serv_mapper1&gt;, exit status 3
15:32:26 INFO  Restarting mosquitto too frequently in the last 10 seconds. It was only up for 5 seconds
15:32:26 INFO  Delaying execution by 6 seconds
15:32:47 INFO  Executed sudo&lt;tedge_connect_c8y&gt;, exit status 0, duration 14 secs
15:32:47 INFO  Executed sudo&lt;tedge_connect_c8y_test&gt;, exit status 0
15:32:48 INFO  Executed systemctl&lt;serv_mosq2&gt;, exit status 0
15:32:48 INFO  Executed systemctl&lt;serv_mapper3&gt;, exit status 0
15:32:50 INFO  State of current operation: SUCCESSFUL
15:32:51 INFO  Assert that (False == value) with value=False ... passed
15:32:51 INFO  Package asciijump is installed
15:32:51 WARN  Assert that (False == value) with value=True ... failed 
15:32:51 INFO  Package squirrel3 is installed
15:32:52 WARN  Assert that (False == value) with value=True ... failed 
15:32:52 INFO  Package robotfindskitten is installed
15:32:52 WARN  Assert that (False == value) with value=True ... failed 
15:32:52 INFO  Response status: 201
15:32:52 INFO  Response to action: {
    "creationTime": "2022-04-27T15:32:52.451Z",
    "deviceName": "mythicd",
    "deviceId": "17785279",
    "self": "https://t493319102.eu-latest.cumulocity.com/devicecontrol/operations/17799230",
    "id": "17799230",
    "status": "PENDING",
    "description": "Apply software changes, triggered from PySys: [{'action': 'install', 'id': '5475369', 'name': 'asciijump', 'url': ' ', 'version': '::apt'}, {'action': 'install', 'id': '5474869', 'name': 'robotfindskitten', 'url': ' ', 'version': '::apt'}, {'action': 'install', 'id': '5475279', 'name': 'squirrel3', 'url': ' ', 'version': '::apt'}]",
    "c8y_SoftwareUpdate": [
        {
            "name": "asciijump",
            "action": "install",
            "id": "5475369",
            "version": "::apt",
            "url": " "
        },
        {
            "name": "robotfindskitten",
            "action": "install",
            "id": "5474869",
            "version": "::apt",
            "url": " "
        },
        {
            "name": "squirrel3",
            "action": "install",
            "id": "5475279",
            "version": "::apt",
            "url": " "
        }
    ]
}
15:32:52 INFO  Started operation: {'creationTime': '2022-04-27T15:32:52.451Z', 'deviceName': 'mythicd', 'deviceId': '17785279', 'self': 'https://t493319102.eu-latest.cumulocity.com/devicecontrol/operations/17799230', 'id': '17799230', 'status': 'PENDING', 'description': "Apply software changes, triggered from PySys: [{'action': 'install', 'id': '5475369', 'name': 'asciijump', 'url': ' ', 'version': '::apt'}, {'action': 'install', 'id': '5474869', 'name': 'robotfindskitten', 'url': ' ', 'version': '::apt'}, {'action': 'install', 'id': '5475279', 'name': 'squirrel3', 'url': ' ', 'version': '::apt'}]", 'c8y_SoftwareUpdate': [{'name': 'asciijump', 'action': 'install', 'id': '5475369', 'version': '::apt', 'url': ' '}, {'name': 'robotfindskitten', 'action': 'install', 'id': '5474869', 'version': '::apt', 'url': ' '}, {'name': 'squirrel3', 'action': 'install', 'id': '5475279', 'version': '::apt', 'url': ' '}]}
15:32:54 INFO  State of operation 17799230 : PENDING
15:32:57 INFO  State of operation 17799230 : EXECUTING
15:32:59 INFO  State of operation 17799230 : EXECUTING
15:33:01 INFO  State of operation 17799230 : EXECUTING
15:33:03 INFO  State of operation 17799230 : EXECUTING
15:33:05 INFO  State of operation 17799230 : EXECUTING
15:33:08 INFO  State of operation 17799230 : EXECUTING
15:33:11 INFO  State of operation 17799230 : EXECUTING
15:33:14 INFO  State of operation 17799230 : EXECUTING
15:33:16 INFO  State of operation 17799230 : EXECUTING
15:33:18 INFO  State of operation 17799230 : EXECUTING
15:33:20 INFO  State of operation 17799230 : EXECUTING
15:33:23 INFO  State of operation 17799230 : EXECUTING
15:33:25 INFO  State of operation 17799230 : EXECUTING
15:33:27 INFO  State of operation 17799230 : EXECUTING
15:33:29 INFO  State of operation 17799230 : SUCCESSFUL
15:33:30 INFO  Assert that (False == value) with value=False ... passed
15:33:30 INFO  Package asciijump is installed
15:33:30 INFO  Assert that (True == value) with value=True ... passed
15:33:30 INFO  Package squirrel3 is installed
15:33:30 INFO  Assert that (True == value) with value=True ... passed
15:33:30 INFO  Package robotfindskitten is installed
15:33:30 INFO  Assert that (True == value) with value=True ... passed
15:33:30 INFO  Response status: 201
15:33:30 INFO  Response to action: {
    "creationTime": "2022-04-27T15:33:30.939Z",
    "deviceName": "mythicd",
    "deviceId": "17785279",
    "self": "https://t493319102.eu-latest.cumulocity.com/devicecontrol/operations/17799239",
    "id": "17799239",
    "status": "PENDING",
    "description": "Apply software changes, triggered from PySys: [{'action': 'delete', 'id': '5475369', 'name': 'asciijump', 'url': ' ', 'version': '::apt'}, {'action': 'delete', 'id': '5474869', 'name': 'robotfindskitten', 'url': ' ', 'version': '::apt'}, {'action': 'delete', 'id': '5475279', 'name': 'squirrel3', 'url': ' ', 'version': '::apt'}]",
    "c8y_SoftwareUpdate": [
        {
            "name": "asciijump",
            "action": "delete",
            "id": "5475369",
            "version": "::apt",
            "url": " "
        },
        {
            "name": "robotfindskitten",
            "action": "delete",
            "id": "5474869",
            "version": "::apt",
            "url": " "
        },
        {
            "name": "squirrel3",
            "action": "delete",
            "id": "5475279",
            "version": "::apt",
            "url": " "
        }
    ]
}
15:33:30 INFO  Started operation: {'creationTime': '2022-04-27T15:33:30.939Z', 'deviceName': 'mythicd', 'deviceId': '17785279', 'self': 'https://t493319102.eu-latest.cumulocity.com/devicecontrol/operations/17799239', 'id': '17799239', 'status': 'PENDING', 'description': "Apply software changes, triggered from PySys: [{'action': 'delete', 'id': '5475369', 'name': 'asciijump', 'url': ' ', 'version': '::apt'}, {'action': 'delete', 'id': '5474869', 'name': 'robotfindskitten', 'url': ' ', 'version': '::apt'}, {'action': 'delete', 'id': '5475279', 'name': 'squirrel3', 'url': ' ', 'version': '::apt'}]", 'c8y_SoftwareUpdate': [{'name': 'asciijump', 'action': 'delete', 'id': '5475369', 'version': '::apt', 'url': ' '}, {'name': 'robotfindskitten', 'action': 'delete', 'id': '5474869', 'version': '::apt', 'url': ' '}, {'name': 'squirrel3', 'action': 'delete', 'id': '5475279', 'version': '::apt', 'url': ' '}]}
15:33:33 INFO  State of operation 17799239 : PENDING
15:33:35 INFO  State of operation 17799239 : EXECUTING
15:33:37 INFO  State of operation 17799239 : EXECUTING
15:33:39 INFO  State of operation 17799239 : EXECUTING
15:33:42 INFO  State of operation 17799239 : EXECUTING
15:33:44 INFO  State of operation 17799239 : EXECUTING
15:33:47 INFO  State of operation 17799239 : EXECUTING
15:33:49 INFO  State of operation 17799239 : EXECUTING
15:33:51 INFO  State of operation 17799239 : EXECUTING
15:33:54 INFO  State of operation 17799239 : EXECUTING
15:33:56 INFO  State of operation 17799239 : EXECUTING
15:33:58 INFO  State of operation 17799239 : EXECUTING
15:34:01 INFO  State of operation 17799239 : EXECUTING
15:34:03 INFO  State of operation 17799239 : EXECUTING
15:34:05 INFO  State of operation 17799239 : EXECUTING
15:34:07 INFO  State of operation 17799239 : EXECUTING
15:34:10 INFO  State of operation 17799239 : EXECUTING
15:34:12 INFO  State of operation 17799239 : EXECUTING
15:34:14 INFO  State of operation 17799239 : EXECUTING
15:34:17 INFO  State of operation 17799239 : EXECUTING
15:34:19 INFO  State of operation 17799239 : EXECUTING
15:34:22 INFO  State of operation 17799239 : EXECUTING
15:34:24 INFO  State of operation 17799239 : EXECUTING
15:34:26 INFO  State of operation 17799239 : EXECUTING
15:34:28 INFO  State of operation 17799239 : EXECUTING
15:34:31 INFO  State of operation 17799239 : EXECUTING
15:34:33 INFO  State of operation 17799239 : EXECUTING
15:34:36 INFO  State of operation 17799239 : EXECUTING
15:34:38 INFO  State of operation 17799239 : EXECUTING
15:34:40 INFO  State of operation 17799239 : EXECUTING
15:34:42 INFO  State of operation 17799239 : SUCCESSFUL
15:34:43 INFO  Assert that (False == value) with value=False ... passed
15:34:43 INFO  Assert that (False == value) with value=False ... passed
15:34:43 INFO  Assert that (False == value) with value=False ... passed
15:34:43 INFO  Assert that (False == value) with value=False ... passed
15:34:43 INFO  
15:34:43 INFO  cleanup:
15:34:48 INFO  Executed sudo&lt;tedge_disconnect_c8y&gt;, exit status 0
15:34:48 INFO  Executed systemctl&lt;serv_mapper5&gt;, exit status 3
15:34:48 INFO  
15:34:48 INFO  Test duration: 142.69 secs
15:34:48 INFO  Test final outcome:  FAILED
15:34:48 INFO  Test outcome reason: Assert that (False == value) with value=True (+2 other failures)
15:34:48 INFO  
</system-out>
	</testcase>
</testsuite><testsuite name="SoftwareManagement.sm_apt_install_remove_multiple_mixed" tests="3" errors="0" failures="2" skipped="1" time="0"><testcase classname="PySysTest" name="SoftwareManagement.sm_apt_install_remove_multiple_mixed">
		<skipped message="SKIPPED: Testing the apt plugin is not supported on this platform.Use parameter -XmyPlatform='container' to enable it" />
		<system-out>14:32:17 INFO  ==============================================================
14:32:17 INFO  Id:    SoftwareManagement.sm_apt_install_remove_multiple_mixed
14:32:17 INFO  Dir:   software_management_end_to_end/
14:32:17 INFO  Title: Validate end to end behaviour for the apt plugin for multiple packages with mixed versions
14:32:17 INFO  ==============================================================
14:32:17 INFO  Testing the apt plugin is not supported on this platform.Use parameter -XmyPlatform='container' to enable it ... skipped
14:32:17 WARN  Aborted test due to SKIPPED outcome
14:32:17 INFO  
14:32:17 INFO  Test duration: 0.02 secs
14:32:17 INFO  Test final outcome:  SKIPPED
14:32:17 INFO  Test outcome reason: Testing the apt plugin is not supported on this platform.Use parameter -XmyPlatform='container' to enable it
14:32:17 INFO  
</system-out>
	</testcase>
<testcase classname="PySysTest" name="SoftwareManagement.sm_apt_install_remove_multiple_mixed">
		<failure message="BLOCKED: SystemError: Timeout while waiting for status SUCCESSFUL or False" type="BLOCKED" />
		<system-out>15:08:10 INFO  ==============================================================
15:08:10 INFO  Id:    SoftwareManagement.sm_apt_install_remove_multiple_mixed
15:08:10 INFO  Dir:   software_management_end_to_end/
15:08:10 INFO  Title: Validate end to end behaviour for the apt plugin for multiple packages with mixed versions
15:08:10 INFO  ==============================================================
15:08:10 INFO  Using sw id database: {'asciijump': '5475369', 'robotfindskitten': '5474869', 'squirrel3': '5475279', 'rolldice': '5152439', 'moon-buggy': '5439204', 'apple': '5495053', 'banana': '5494888', 'cherry': '5495382', 'watermelon': '5494510', 'registry': '8018911', 'hello-world': '8021526', 'docker/getting-started': '8021973', 'alpine': '7991792'}
15:08:10 INFO  EnvironmentC8y Setup
15:08:10 INFO  Executed systemctl&lt;serv_mapper1&gt;, exit status 3
15:08:10 INFO  Restarting mosquitto too frequently in the last 10 seconds. It was only up for 4 seconds
15:08:10 INFO  Delaying execution by 7 seconds
15:08:31 INFO  Executed sudo&lt;tedge_connect_c8y&gt;, exit status 0, duration 14 secs
15:08:32 INFO  Executed sudo&lt;tedge_connect_c8y_test&gt;, exit status 0
15:08:33 INFO  Executed systemctl&lt;serv_mosq2&gt;, exit status 0
15:08:33 INFO  Executed systemctl&lt;serv_mapper3&gt;, exit status 0
15:08:35 INFO  State of current operation: SUCCESSFUL
15:08:36 INFO  Assert that (False == value) with value=False ... passed
15:08:36 INFO  Assert that (False == value) with value=False ... passed
15:08:36 INFO  Assert that (False == value) with value=False ... passed
15:08:36 INFO  Assert that (False == value) with value=False ... passed
15:08:36 INFO  Assert that (False == value) with value=False ... passed
15:08:38 INFO  Response status: 201
15:08:38 INFO  Response to action: {
    "creationTime": "2022-04-27T15:08:38.087Z",
    "deviceName": "mythicd",
    "deviceId": "17785279",
    "self": "https://t493319102.eu-latest.cumulocity.com/devicecontrol/operations/17795097",
    "id": "17795097",
    "status": "PENDING",
    "description": "Apply software changes, triggered from PySys: [{'action': 'install', 'id': '5475369', 'name': 'asciijump', 'url': ' ', 'version': '::apt'}, {'action': 'install', 'id': '5474869', 'name': 'robotfindskitten', 'url': ' ', 'version': ' '}, {'action': 'install', 'id': '5475279', 'name': 'squirrel3', 'url': ' ', 'version': '3.1-7::apt'}, {'action': 'install', 'id': '5152439', 'name': 'rolldice', 'url': ' ', 'version': '1.16-1+b1'}, {'action': 'install', 'id': '5439204', 'name': 'moon-buggy', 'url': ' ', 'version': '1:1.0.51-12'}, {'action': 'install', 'id': '5475369', 'name': 'asciijump', 'url': ' ', 'version': '::apt'}]",
    "c8y_SoftwareUpdate": [
        {
            "name": "asciijump",
            "action": "install",
            "id": "5475369",
            "version": "::apt",
            "url": " "
        },
        {
            "name": "robotfindskitten",
            "action": "install",
            "id": "5474869",
            "version": " ",
            "url": " "
        },
        {
            "name": "squirrel3",
            "action": "install",
            "id": "5475279",
            "version": "3.1-7::apt",
            "url": " "
        },
        {
            "name": "rolldice",
            "action": "install",
            "id": "5152439",
            "version": "1.16-1+b1",
            "url": " "
        },
        {
            "name": "moon-buggy",
            "action": "install",
            "id": "5439204",
            "version": "1:1.0.51-12",
            "url": " "
        },
        {
            "name": "asciijump",
            "action": "install",
            "id": "5475369",
            "version": "::apt",
            "url": " "
        }
    ]
}
15:08:38 INFO  Started operation: {'creationTime': '2022-04-27T15:08:38.087Z', 'deviceName': 'mythicd', 'deviceId': '17785279', 'self': 'https://t493319102.eu-latest.cumulocity.com/devicecontrol/operations/17795097', 'id': '17795097', 'status': 'PENDING', 'description': "Apply software changes, triggered from PySys: [{'action': 'install', 'id': '5475369', 'name': 'asciijump', 'url': ' ', 'version': '::apt'}, {'action': 'install', 'id': '5474869', 'name': 'robotfindskitten', 'url': ' ', 'version': ' '}, {'action': 'install', 'id': '5475279', 'name': 'squirrel3', 'url': ' ', 'version': '3.1-7::apt'}, {'action': 'install', 'id': '5152439', 'name': 'rolldice', 'url': ' ', 'version': '1.16-1+b1'}, {'action': 'install', 'id': '5439204', 'name': 'moon-buggy', 'url': ' ', 'version': '1:1.0.51-12'}, {'action': 'install', 'id': '5475369', 'name': 'asciijump', 'url': ' ', 'version': '::apt'}]", 'c8y_SoftwareUpdate': [{'name': 'asciijump', 'action': 'install', 'id': '5475369', 'version': '::apt', 'url': ' '}, {'name': 'robotfindskitten', 'action': 'install', 'id': '5474869', 'version': ' ', 'url': ' '}, {'name': 'squirrel3', 'action': 'install', 'id': '5475279', 'version': '3.1-7::apt', 'url': ' '}, {'name': 'rolldice', 'action': 'install', 'id': '5152439', 'version': '1.16-1+b1', 'url': ' '}, {'name': 'moon-buggy', 'action': 'install', 'id': '5439204', 'version': '1:1.0.51-12', 'url': ' '}, {'name': 'asciijump', 'action': 'install', 'id': '5475369', 'version': '::apt', 'url': ' '}]}
15:08:40 INFO  State of operation 17795097 : PENDING
15:08:42 INFO  State of operation 17795097 : EXECUTING
15:08:44 INFO  State of operation 17795097 : EXECUTING
15:08:47 INFO  State of operation 17795097 : EXECUTING
15:08:49 INFO  State of operation 17795097 : EXECUTING
15:08:51 INFO  State of operation 17795097 : EXECUTING
15:08:54 INFO  State of operation 17795097 : EXECUTING
15:08:57 INFO  State of operation 17795097 : EXECUTING
15:08:59 INFO  State of operation 17795097 : EXECUTING
15:09:01 INFO  State of operation 17795097 : EXECUTING
15:09:04 INFO  State of operation 17795097 : EXECUTING
15:09:06 INFO  State of operation 17795097 : EXECUTING
15:09:08 INFO  State of operation 17795097 : EXECUTING
15:09:10 INFO  State of operation 17795097 : EXECUTING
15:09:13 INFO  State of operation 17795097 : EXECUTING
15:09:15 INFO  State of operation 17795097 : EXECUTING
15:09:17 INFO  State of operation 17795097 : EXECUTING
15:09:20 INFO  State of operation 17795097 : EXECUTING
15:09:22 INFO  State of operation 17795097 : EXECUTING
15:09:24 INFO  State of operation 17795097 : EXECUTING
15:09:27 INFO  State of operation 17795097 : EXECUTING
15:09:29 INFO  State of operation 17795097 : EXECUTING
15:09:31 INFO  State of operation 17795097 : EXECUTING
15:09:33 INFO  State of operation 17795097 : EXECUTING
15:09:37 INFO  State of operation 17795097 : EXECUTING
15:09:39 INFO  State of operation 17795097 : EXECUTING
15:09:42 INFO  State of operation 17795097 : EXECUTING
15:09:44 INFO  State of operation 17795097 : EXECUTING
15:09:47 INFO  State of operation 17795097 : EXECUTING
15:09:49 INFO  State of operation 17795097 : EXECUTING
15:09:51 INFO  State of operation 17795097 : EXECUTING
15:09:53 INFO  State of operation 17795097 : EXECUTING
15:09:56 INFO  State of operation 17795097 : EXECUTING
15:09:58 INFO  State of operation 17795097 : EXECUTING
15:10:00 INFO  State of operation 17795097 : EXECUTING
15:10:02 INFO  State of operation 17795097 : EXECUTING
15:10:04 INFO  State of operation 17795097 : EXECUTING
15:10:07 INFO  State of operation 17795097 : EXECUTING
15:10:09 INFO  State of operation 17795097 : EXECUTING
15:10:12 INFO  State of operation 17795097 : EXECUTING
15:10:14 INFO  State of operation 17795097 : EXECUTING
15:10:17 INFO  State of operation 17795097 : EXECUTING
15:10:19 INFO  State of operation 17795097 : EXECUTING
15:10:21 INFO  State of operation 17795097 : EXECUTING
15:10:24 INFO  State of operation 17795097 : EXECUTING
15:10:26 INFO  State of operation 17795097 : EXECUTING
15:10:28 INFO  State of operation 17795097 : EXECUTING
15:10:30 INFO  State of operation 17795097 : EXECUTING
15:10:33 INFO  State of operation 17795097 : EXECUTING
15:10:35 INFO  State of operation 17795097 : EXECUTING
15:10:38 INFO  State of operation 17795097 : EXECUTING
15:10:41 INFO  State of operation 17795097 : EXECUTING
15:10:43 INFO  State of operation 17795097 : EXECUTING
15:10:45 INFO  State of operation 17795097 : EXECUTING
15:10:48 INFO  State of operation 17795097 : EXECUTING
15:10:50 INFO  State of operation 17795097 : EXECUTING
15:10:52 INFO  State of operation 17795097 : EXECUTING
15:10:55 INFO  State of operation 17795097 : EXECUTING
15:10:57 INFO  State of operation 17795097 : EXECUTING
15:10:59 INFO  State of operation 17795097 : EXECUTING
15:11:02 INFO  State of operation 17795097 : EXECUTING
15:11:04 WARN  SystemError occurred while running test - Timeout while waiting for status SUCCESSFUL or False
Traceback (most recent call last):
  File "/home/pi/env-pysys/lib/python3.7/site-packages/pysys/baserunner.py", line 1294, in __call__
    self.testObj.execute()
  File "/home/pi/actions-runner/_work/thin-edge.io/thin-edge.io/tests/PySys/software_management_end_to_end/sm_apt_install_remove_multiple_mixed/run.py", line 89, in execute
    self.wait_until_succcess()
  File "/home/pi/actions-runner/_work/thin-edge.io/thin-edge.io/tests/PySys/software_management_end_to_end/environment_sm_management.py", line 324, in wait_until_succcess
    self.wait_until_status("SUCCESSFUL")
  File "/home/pi/actions-runner/_work/thin-edge.io/thin-edge.io/tests/PySys/software_management_end_to_end/environment_sm_management.py", line 381, in wait_until_status
    "Timeout while waiting for status %s or %s" % (status, status2)
SystemError: Timeout while waiting for status SUCCESSFUL or False
15:11:04 WARN  SystemError: Timeout while waiting for status SUCCESSFUL or False ... blocked 
15:11:04 INFO  
15:11:04 INFO  cleanup:
15:11:11 INFO  Executed sudo&lt;tedge_disconnect_c8y&gt;, exit status 0
15:11:11 INFO  Executed systemctl&lt;serv_mapper5&gt;, exit status 3
15:11:11 INFO  
15:11:11 INFO  Test duration: 181.94 secs
15:11:11 INFO  Test final outcome:  BLOCKED
15:11:11 INFO  Test outcome reason: SystemError: Timeout while waiting for status SUCCESSFUL or False
15:11:11 INFO  
</system-out>
	</testcase>
<testcase classname="PySysTest" name="SoftwareManagement.sm_apt_install_remove_multiple_mixed">
		<failure message="BLOCKED: SystemError: Timeout while waiting for status SUCCESSFUL or False (+1 other failures)" type="BLOCKED" />
		<system-out>15:34:48 INFO  ==============================================================
15:34:48 INFO  Id:    SoftwareManagement.sm_apt_install_remove_multiple_mixed
15:34:48 INFO  Dir:   software_management_end_to_end/
15:34:48 INFO  Title: Validate end to end behaviour for the apt plugin for multiple packages with mixed versions
15:34:48 INFO  ==============================================================
15:34:49 INFO  Using sw id database: {'asciijump': '5475369', 'robotfindskitten': '5474869', 'squirrel3': '5475279', 'rolldice': '5152439', 'moon-buggy': '5439204', 'apple': '5495053', 'banana': '5494888', 'cherry': '5495382', 'watermelon': '5494510', 'registry': '8018911', 'hello-world': '8021526', 'docker/getting-started': '8021973', 'alpine': '7991792'}
15:34:49 INFO  EnvironmentC8y Setup
15:34:49 INFO  Executed systemctl&lt;serv_mapper1&gt;, exit status 3
15:34:49 INFO  Restarting mosquitto too frequently in the last 10 seconds. It was only up for 4 seconds
15:34:49 INFO  Delaying execution by 7 seconds
15:35:10 INFO  Executed sudo&lt;tedge_connect_c8y&gt;, exit status 0, duration 14 secs
15:35:11 INFO  Executed sudo&lt;tedge_connect_c8y_test&gt;, exit status 0
15:35:12 INFO  Executed systemctl&lt;serv_mosq2&gt;, exit status 0
15:35:12 INFO  Executed systemctl&lt;serv_mapper3&gt;, exit status 0
15:35:14 INFO  State of current operation: SUCCESSFUL
15:35:15 INFO  Assert that (False == value) with value=False ... passed
15:35:15 INFO  Assert that (False == value) with value=False ... passed
15:35:15 INFO  Assert that (False == value) with value=False ... passed
15:35:15 INFO  Assert that (False == value) with value=False ... passed
15:35:16 INFO  Package moon-buggy is installed
15:35:16 WARN  Assert that (False == value) with value=True ... failed 
15:35:17 INFO  Response status: 201
15:35:17 INFO  Response to action: {
    "creationTime": "2022-04-27T15:35:17.260Z",
    "deviceName": "mythicd",
    "deviceId": "17785279",
    "self": "https://t493319102.eu-latest.cumulocity.com/devicecontrol/operations/17799250",
    "id": "17799250",
    "status": "PENDING",
    "description": "Apply software changes, triggered from PySys: [{'action': 'install', 'id': '5475369', 'name': 'asciijump', 'url': ' ', 'version': '::apt'}, {'action': 'install', 'id': '5474869', 'name': 'robotfindskitten', 'url': ' ', 'version': ' '}, {'action': 'install', 'id': '5475279', 'name': 'squirrel3', 'url': ' ', 'version': '3.1-7::apt'}, {'action': 'install', 'id': '5152439', 'name': 'rolldice', 'url': ' ', 'version': '1.16-1+b1'}, {'action': 'install', 'id': '5439204', 'name': 'moon-buggy', 'url': ' ', 'version': '1:1.0.51-12'}, {'action': 'install', 'id': '5475369', 'name': 'asciijump', 'url': ' ', 'version': '::apt'}]",
    "c8y_SoftwareUpdate": [
        {
            "name": "asciijump",
            "action": "install",
            "id": "5475369",
            "version": "::apt",
            "url": " "
        },
        {
            "name": "robotfindskitten",
            "action": "install",
            "id": "5474869",
            "version": " ",
            "url": " "
        },
        {
            "name": "squirrel3",
            "action": "install",
            "id": "5475279",
            "version": "3.1-7::apt",
            "url": " "
        },
        {
            "name": "rolldice",
            "action": "install",
            "id": "5152439",
            "version": "1.16-1+b1",
            "url": " "
        },
        {
            "name": "moon-buggy",
            "action": "install",
            "id": "5439204",
            "version": "1:1.0.51-12",
            "url": " "
        },
        {
            "name": "asciijump",
            "action": "install",
            "id": "5475369",
            "version": "::apt",
            "url": " "
        }
    ]
}
15:35:17 INFO  Started operation: {'creationTime': '2022-04-27T15:35:17.260Z', 'deviceName': 'mythicd', 'deviceId': '17785279', 'self': 'https://t493319102.eu-latest.cumulocity.com/devicecontrol/operations/17799250', 'id': '17799250', 'status': 'PENDING', 'description': "Apply software changes, triggered from PySys: [{'action': 'install', 'id': '5475369', 'name': 'asciijump', 'url': ' ', 'version': '::apt'}, {'action': 'install', 'id': '5474869', 'name': 'robotfindskitten', 'url': ' ', 'version': ' '}, {'action': 'install', 'id': '5475279', 'name': 'squirrel3', 'url': ' ', 'version': '3.1-7::apt'}, {'action': 'install', 'id': '5152439', 'name': 'rolldice', 'url': ' ', 'version': '1.16-1+b1'}, {'action': 'install', 'id': '5439204', 'name': 'moon-buggy', 'url': ' ', 'version': '1:1.0.51-12'}, {'action': 'install', 'id': '5475369', 'name': 'asciijump', 'url': ' ', 'version': '::apt'}]", 'c8y_SoftwareUpdate': [{'name': 'asciijump', 'action': 'install', 'id': '5475369', 'version': '::apt', 'url': ' '}, {'name': 'robotfindskitten', 'action': 'install', 'id': '5474869', 'version': ' ', 'url': ' '}, {'name': 'squirrel3', 'action': 'install', 'id': '5475279', 'version': '3.1-7::apt', 'url': ' '}, {'name': 'rolldice', 'action': 'install', 'id': '5152439', 'version': '1.16-1+b1', 'url': ' '}, {'name': 'moon-buggy', 'action': 'install', 'id': '5439204', 'version': '1:1.0.51-12', 'url': ' '}, {'name': 'asciijump', 'action': 'install', 'id': '5475369', 'version': '::apt', 'url': ' '}]}
15:35:19 INFO  State of operation 17799250 : PENDING
15:35:21 INFO  State of operation 17799250 : EXECUTING
15:35:23 INFO  State of operation 17799250 : EXECUTING
15:35:26 INFO  State of operation 17799250 : EXECUTING
15:35:28 INFO  State of operation 17799250 : EXECUTING
15:35:30 INFO  State of operation 17799250 : EXECUTING
15:35:33 INFO  State of operation 17799250 : EXECUTING
15:35:35 INFO  State of operation 17799250 : EXECUTING
15:35:38 INFO  State of operation 17799250 : EXECUTING
15:35:40 INFO  State of operation 17799250 : EXECUTING
15:35:42 INFO  State of operation 17799250 : EXECUTING
15:35:45 INFO  State of operation 17799250 : EXECUTING
15:35:47 INFO  State of operation 17799250 : EXECUTING
15:35:49 INFO  State of operation 17799250 : EXECUTING
15:35:51 INFO  State of operation 17799250 : EXECUTING
15:35:54 INFO  State of operation 17799250 : EXECUTING
15:35:56 INFO  State of operation 17799250 : EXECUTING
15:35:58 INFO  State of operation 17799250 : EXECUTING
15:36:01 INFO  State of operation 17799250 : EXECUTING
15:36:03 INFO  State of operation 17799250 : EXECUTING
15:36:06 INFO  State of operation 17799250 : EXECUTING
15:36:08 INFO  State of operation 17799250 : EXECUTING
15:36:10 INFO  State of operation 17799250 : EXECUTING
15:36:13 INFO  State of operation 17799250 : EXECUTING
15:36:15 INFO  State of operation 17799250 : EXECUTING
15:36:17 INFO  State of operation 17799250 : EXECUTING
15:36:19 INFO  State of operation 17799250 : EXECUTING
15:36:22 INFO  State of operation 17799250 : EXECUTING
15:36:24 INFO  State of operation 17799250 : EXECUTING
15:36:27 INFO  State of operation 17799250 : EXECUTING
15:36:29 INFO  State of operation 17799250 : EXECUTING
15:36:31 INFO  State of operation 17799250 : EXECUTING
15:36:34 INFO  State of operation 17799250 : EXECUTING
15:36:36 INFO  State of operation 17799250 : EXECUTING
15:36:38 INFO  State of operation 17799250 : EXECUTING
15:36:40 INFO  State of operation 17799250 : EXECUTING
15:36:42 INFO  State of operation 17799250 : EXECUTING
15:36:45 INFO  State of operation 17799250 : EXECUTING
15:36:47 INFO  State of operation 17799250 : EXECUTING
15:36:50 INFO  State of operation 17799250 : EXECUTING
15:36:52 INFO  State of operation 17799250 : EXECUTING
15:36:55 INFO  State of operation 17799250 : EXECUTING
15:36:57 INFO  State of operation 17799250 : EXECUTING
15:36:59 INFO  State of operation 17799250 : EXECUTING
15:37:02 INFO  State of operation 17799250 : EXECUTING
15:37:04 INFO  State of operation 17799250 : EXECUTING
15:37:06 INFO  State of operation 17799250 : EXECUTING
15:37:08 INFO  State of operation 17799250 : EXECUTING
15:37:11 INFO  State of operation 17799250 : EXECUTING
15:37:13 INFO  State of operation 17799250 : EXECUTING
15:37:17 INFO  State of operation 17799250 : EXECUTING
15:37:19 INFO  State of operation 17799250 : EXECUTING
15:37:21 INFO  State of operation 17799250 : EXECUTING
15:37:23 INFO  State of operation 17799250 : EXECUTING
15:37:26 INFO  State of operation 17799250 : EXECUTING
15:37:28 INFO  State of operation 17799250 : EXECUTING
15:37:31 INFO  State of operation 17799250 : EXECUTING
15:37:33 INFO  State of operation 17799250 : EXECUTING
15:37:35 INFO  State of operation 17799250 : EXECUTING
15:37:37 INFO  State of operation 17799250 : EXECUTING
15:37:40 INFO  State of operation 17799250 : EXECUTING
15:37:42 WARN  SystemError occurred while running test - Timeout while waiting for status SUCCESSFUL or False
Traceback (most recent call last):
  File "/home/pi/env-pysys/lib/python3.7/site-packages/pysys/baserunner.py", line 1294, in __call__
    self.testObj.execute()
  File "/home/pi/actions-runner/_work/thin-edge.io/thin-edge.io/tests/PySys/software_management_end_to_end/sm_apt_install_remove_multiple_mixed/run.py", line 89, in execute
    self.wait_until_succcess()
  File "/home/pi/actions-runner/_work/thin-edge.io/thin-edge.io/tests/PySys/software_management_end_to_end/environment_sm_management.py", line 324, in wait_until_succcess
    self.wait_until_status("SUCCESSFUL")
  File "/home/pi/actions-runner/_work/thin-edge.io/thin-edge.io/tests/PySys/software_management_end_to_end/environment_sm_management.py", line 381, in wait_until_status
    "Timeout while waiting for status %s or %s" % (status, status2)
SystemError: Timeout while waiting for status SUCCESSFUL or False
15:37:42 WARN  SystemError: Timeout while waiting for status SUCCESSFUL or False ... blocked 
15:37:42 INFO  
15:37:42 INFO  cleanup:
15:37:46 INFO  Executed sudo&lt;tedge_disconnect_c8y&gt;, exit status 0
15:37:47 INFO  Executed systemctl&lt;serv_mapper5&gt;, exit status 3
15:37:47 INFO  
15:37:47 INFO  Test duration: 178.37 secs
15:37:47 INFO  Test final outcome:  BLOCKED
15:37:47 INFO  Test outcome reason: SystemError: Timeout while waiting for status SUCCESSFUL or False (+1 other failures)
15:37:47 INFO  
</system-out>
	</testcase>
</testsuite><testsuite name="SoftwareManagement.sm_apt_install_remove_with_version" tests="3" errors="0" failures="0" skipped="1" time="0"><testcase classname="PySysTest" name="SoftwareManagement.sm_apt_install_remove_with_version">
		<skipped message="SKIPPED: Testing the apt plugin is not supported on this platform.Use parameter -XmyPlatform='container' to enable it" />
		<system-out>14:32:17 INFO  ==============================================================
14:32:17 INFO  Id:    SoftwareManagement.sm_apt_install_remove_with_version
14:32:17 INFO  Dir:   software_management_end_to_end/
14:32:17 INFO  Title: Validate end to end behaviour for the apt plugin for packages with version
14:32:17 INFO  ==============================================================
14:32:17 INFO  Testing the apt plugin is not supported on this platform.Use parameter -XmyPlatform='container' to enable it ... skipped
14:32:17 WARN  Aborted test due to SKIPPED outcome
14:32:17 INFO  
14:32:17 INFO  Test duration: 0.02 secs
14:32:17 INFO  Test final outcome:  SKIPPED
14:32:17 INFO  Test outcome reason: Testing the apt plugin is not supported on this platform.Use parameter -XmyPlatform='container' to enable it
14:32:17 INFO  
</system-out>
	</testcase>
<testcase classname="PySysTest" name="SoftwareManagement.sm_apt_install_remove_with_version" />
<testcase classname="PySysTest" name="SoftwareManagement.sm_apt_install_remove_with_version" />
</testsuite><testsuite name="SoftwareManagement.sm_docker_install_remove_multiple" tests="3" errors="0" failures="0" skipped="1" time="0"><testcase classname="SMDockerInstallRemove" name="SoftwareManagement.sm_docker_install_remove_multiple">
		<skipped message="SKIPPED: Testing the apt plugin is not supported on this platform.Use parameter -XmyPlatform='container' to enable it" />
		<system-out>14:32:17 INFO  ==============================================================
14:32:17 INFO  Id:    SoftwareManagement.sm_docker_install_remove_multiple
14:32:17 INFO  Dir:   software_management_end_to_end/
14:32:17 INFO  Title: Validate end to end behaviour for the docker plugin for multiple docker images with mixed versions
14:32:17 INFO  ==============================================================
14:32:17 INFO  Testing the apt plugin is not supported on this platform.Use parameter -XmyPlatform='container' to enable it ... skipped
14:32:17 WARN  Aborted test due to SKIPPED outcome
14:32:17 INFO  
14:32:17 INFO  Test duration: 0.04 secs
14:32:17 INFO  Test final outcome:  SKIPPED
14:32:17 INFO  Test outcome reason: Testing the apt plugin is not supported on this platform.Use parameter -XmyPlatform='container' to enable it
14:32:17 INFO  
</system-out>
	</testcase>
<testcase classname="SMDockerInstallRemove" name="SoftwareManagement.sm_docker_install_remove_multiple" />
<testcase classname="SMDockerInstallRemove" name="SoftwareManagement.sm_docker_install_remove_multiple" />
</testsuite><testsuite name="SoftwareManagement.sm_fake_install_remove" tests="2" errors="0" failures="0" skipped="1" time="0"><testcase classname="PySysTest" name="SoftwareManagement.sm_fake_install_remove">
		<skipped message="SKIPPED: Testing the fake plugin is not enabled.Use parameter -Xfakeplugin=fakeplugin to enable it" />
		<system-out>14:32:17 INFO  ==============================================================
14:32:17 INFO  Id:    SoftwareManagement.sm_fake_install_remove
14:32:17 INFO  Dir:   software_management_end_to_end/
14:32:17 INFO  Title: Validate end to end behaviour for the dummy plugin for installation and removal of packages
14:32:17 INFO  ==============================================================
14:32:17 INFO  Testing the fake plugin is not enabled.Use parameter -Xfakeplugin=fakeplugin to enable it ... skipped
14:32:17 WARN  Aborted test due to SKIPPED outcome
14:32:17 INFO  
14:32:17 INFO  Test duration: 0.02 secs
14:32:17 INFO  Test final outcome:  SKIPPED
14:32:17 INFO  Test outcome reason: Testing the fake plugin is not enabled.Use parameter -Xfakeplugin=fakeplugin to enable it
14:32:17 INFO  
</system-out>
	</testcase>
<testcase classname="PySysTest" name="SoftwareManagement.sm_fake_install_remove" />
</testsuite><testsuite name="SoftwareManagement.sm_fake_install_remove_multiple" tests="2" errors="0" failures="0" skipped="1" time="0"><testcase classname="PySysTest" name="SoftwareManagement.sm_fake_install_remove_multiple">
		<skipped message="SKIPPED: Testing the fake plugin is not enabled.Use parameter -Xfakeplugin=fakeplugin to enable it" />
		<system-out>14:32:18 INFO  ==============================================================
14:32:18 INFO  Id:    SoftwareManagement.sm_fake_install_remove_multiple
14:32:18 INFO  Dir:   software_management_end_to_end/
14:32:18 INFO  Title: Validate end to end behaviour for the dummy-plugin for multiple packages
14:32:18 INFO  ==============================================================
14:32:18 INFO  Testing the fake plugin is not enabled.Use parameter -Xfakeplugin=fakeplugin to enable it ... skipped
14:32:18 WARN  Aborted test due to SKIPPED outcome
14:32:18 INFO  
14:32:18 INFO  Test duration: 0.02 secs
14:32:18 INFO  Test final outcome:  SKIPPED
14:32:18 INFO  Test outcome reason: Testing the fake plugin is not enabled.Use parameter -Xfakeplugin=fakeplugin to enable it
14:32:18 INFO  
</system-out>
	</testcase>
<testcase classname="PySysTest" name="SoftwareManagement.sm_fake_install_remove_multiple" />
</testsuite><testsuite name="SoftwareManagement.sm_mapper_fail_and_reconnect" tests="2" errors="0" failures="0" skipped="2" time="0"><testcase classname="MapperC8yReceiveLastMessageOnRestart" name="SoftwareManagement.sm_mapper_fail_and_reconnect">
		<skipped message="SKIPPED: instable https://github.com/thin-edge/thin-edge.io/issues/752" />
		<system-out>14:32:18 INFO  ==============================================================
14:32:18 INFO  Id:    SoftwareManagement.sm_mapper_fail_and_reconnect
14:32:18 INFO  Dir:   software_management_end_to_end/
14:32:18 INFO  Title: Validate the tedge-mapper-sm-c8y for receiving the last message on restart
14:32:18 INFO  ==============================================================
14:32:18 INFO  instable https://github.com/thin-edge/thin-edge.io/issues/752 ... skipped
14:32:18 INFO  
14:32:18 INFO  Test duration: 0.02 secs
14:32:18 INFO  Test final outcome:  SKIPPED
14:32:18 INFO  Test outcome reason: instable https://github.com/thin-edge/thin-edge.io/issues/752
14:32:18 INFO  
</system-out>
	</testcase>
<testcase classname="MapperC8yReceiveLastMessageOnRestart" name="SoftwareManagement.sm_mapper_fail_and_reconnect">
		<skipped message="SKIPPED: instable https://github.com/thin-edge/thin-edge.io/issues/752" />
		<system-out>15:44:39 INFO  ==============================================================
15:44:39 INFO  Id:    SoftwareManagement.sm_mapper_fail_and_reconnect
15:44:39 INFO  Dir:   software_management_end_to_end/
15:44:39 INFO  Title: Validate the tedge-mapper-sm-c8y for receiving the last message on restart
15:44:39 INFO  ==============================================================
15:44:39 INFO  instable https://github.com/thin-edge/thin-edge.io/issues/752 ... skipped
15:44:39 INFO  
15:44:39 INFO  Test duration: 0.03 secs
15:44:39 INFO  Test final outcome:  SKIPPED
15:44:39 INFO  Test outcome reason: instable https://github.com/thin-edge/thin-edge.io/issues/752
15:44:39 INFO  
</system-out>
	</testcase>
</testsuite><testsuite name="SoftwareManagement.sm_mixed_install_remove_multiple" tests="2" errors="0" failures="1" skipped="1" time="0"><testcase classname="PySysTest" name="SoftwareManagement.sm_mixed_install_remove_multiple">
		<skipped message="SKIPPED: Testing the fake plugin is not enabled.Use parameter -Xfakeplugin=fakeplugin to enable it" />
		<system-out>14:32:18 INFO  ==============================================================
14:32:18 INFO  Id:    SoftwareManagement.sm_mixed_install_remove_multiple
14:32:18 INFO  Dir:   software_management_end_to_end/
14:32:18 INFO  Title: Validate end to end behaviour for the dummy-plugin for multiple packages with mixed versions
14:32:18 INFO  ==============================================================
14:32:18 INFO  Testing the fake plugin is not enabled.Use parameter -Xfakeplugin=fakeplugin to enable it ... skipped
14:32:18 WARN  Aborted test due to SKIPPED outcome
14:32:18 INFO  
14:32:18 INFO  Test duration: 0.03 secs
14:32:18 INFO  Test final outcome:  SKIPPED
14:32:18 INFO  Test outcome reason: Testing the fake plugin is not enabled.Use parameter -Xfakeplugin=fakeplugin to enable it
14:32:18 INFO  
</system-out>
	</testcase>
<testcase classname="PySysTest" name="SoftwareManagement.sm_mixed_install_remove_multiple">
		<failure message="FAILED: Assert that (False == value) with value=True" type="FAILED" />
		<system-out>15:44:39 INFO  ==============================================================
15:44:39 INFO  Id:    SoftwareManagement.sm_mixed_install_remove_multiple
15:44:39 INFO  Dir:   software_management_end_to_end/
15:44:39 INFO  Title: Validate end to end behaviour for the dummy-plugin for multiple packages with mixed versions
15:44:39 INFO  ==============================================================
[...]
</testsuite><testsuite name="local_mqtt_pub_fail_qos0" tests="1" errors="0" failures="0" skipped="0" time="0"><testcase classname="PySysTest" name="local_mqtt_pub_fail_qos0" />
</testsuite><testsuite name="local_mqtt_pub_fail_qos1" tests="1" errors="0" failures="0" skipped="0" time="0"><testcase classname="PySysTest" name="local_mqtt_pub_fail_qos1" />
</testsuite><testsuite name="local_mqtt_pub_fail_qos2" tests="1" errors="0" failures="0" skipped="0" time="0"><testcase classname="PySysTest" name="local_mqtt_pub_fail_qos2" />
</testsuite><testsuite name="local_mqtt_pub_sub" tests="1" errors="0" failures="0" skipped="0" time="0"><testcase classname="PySysTest" name="local_mqtt_pub_sub" />
</testsuite><testsuite name="local_mqtt_pub_sub_retain" tests="1" errors="0" failures="0" skipped="0" time="0"><testcase classname="MqttPublishWithRetain" name="local_mqtt_pub_sub_retain" />
</testsuite><testsuite name="local_mqtt_pub_sub_with_sudo" tests="1" errors="0" failures="0" skipped="0" time="0"><testcase classname="PySysTest" name="local_mqtt_pub_sub_with_sudo" />
</testsuite><testsuite name="local_mqtt_sub_fail" tests="1" errors="0" failures="0" skipped="0" time="0"><testcase classname="PySysTest" name="local_mqtt_sub_fail" />
</testsuite><testsuite name="log_request_error_messages" tests="1" errors="0" failures="1" skipped="0" time="0"><testcase classname="LogRequestVerifySearchTextError" name="log_request_error_messages">
		<failure message="FAILED: Assert that (True == value) with value=False" type="FAILED" />
		<system-out>14:19:28 INFO  ==============================================================
14:19:28 INFO  Id:    log_request_error_messages
14:19:28 INFO  Dir:   log_request_end_to_end/
14:19:28 INFO  Title: Validate end to end behaviour for the log request operation check for error messages
14:19:28 INFO  ==============================================================
14:19:29 INFO  EnvironmentC8y Setup
14:19:29 INFO  Executed systemctl&lt;serv_mapper1&gt;, exit status 3
14:19:30 INFO  Restarting mosquitto too frequently in the last 10 seconds. It was only up for 2 seconds
14:19:30 INFO  Delaying execution by 9 seconds
14:19:52 INFO  Executed sudo&lt;tedge_connect_c8y&gt;, exit status 0, duration 13 secs
14:19:53 INFO  Executed sudo&lt;tedge_connect_c8y_test&gt;, exit status 0
14:19:53 INFO  Executed systemctl&lt;serv_mosq2&gt;, exit status 0
14:19:54 INFO  Executed systemctl&lt;serv_mapper3&gt;, exit status 0
14:19:54 INFO  Executed sudo&lt;rm_logs&gt;, exit status 0
14:19:55 INFO  Executed sudo&lt;move_logs&gt;, exit status 0
14:19:56 INFO  log response None
14:19:56 WARN  retry, retrying in 1 seconds...
14:19:57 INFO  log response https://thin-edge-io.eu-latest.cumulocity.com/event/events/17788208/binaries
14:19:58 WARN  Assert that (True == value) with value=False ... failed [run.py:43]
14:19:58 INFO  
14:19:58 INFO  cleanup:
14:19:58 INFO  Executed sudo&lt;rm_logs&gt;, exit status 0
14:19:59 INFO  Executed sudo&lt;rm_tmp_logs&gt;, exit status 0
14:19:59 INFO  Executed sudo&lt;send_failed&gt;, exit status 0
14:20:03 INFO  Executed sudo&lt;tedge_disconnect_c8y&gt;, exit status 0
14:20:04 INFO  Executed systemctl&lt;serv_mapper5&gt;, exit status 3
14:20:04 INFO  
14:20:04 INFO  Test duration: 36.05 secs
14:20:04 INFO  Test final outcome:  FAILED
14:20:04 INFO  Test outcome reason: Assert that (True == value) with value=False
14:20:04 INFO  
</system-out>
	</testcase>
</testsuite><testsuite name="log_request_num_lines" tests="1" errors="0" failures="1" skipped="0" time="0"><testcase classname="LogRequestVerifyNumberOfLines" name="log_request_num_lines">
		<failure message="FAILED: Assert that (True == value) with value=False" type="FAILED" />
		<system-out>14:20:04 INFO  ==============================================================
14:20:04 INFO  Id:    log_request_num_lines
14:20:04 INFO  Dir:   log_request_end_to_end/
14:20:04 INFO  Title: Validate end to end behaviour for the log request operation check for number of lines
14:20:04 INFO  ==============================================================
14:20:04 INFO  EnvironmentC8y Setup
14:20:04 INFO  Executed systemctl&lt;serv_mapper1&gt;, exit status 3
14:20:04 INFO  Restarting mosquitto too frequently in the last 10 seconds. It was only up for 5 seconds
14:20:04 INFO  Delaying execution by 6 seconds
14:20:24 INFO  Executed sudo&lt;tedge_connect_c8y&gt;, exit status 0, duration 13 secs
14:20:25 INFO  Executed sudo&lt;tedge_connect_c8y_test&gt;, exit status 0
14:20:26 INFO  Executed systemctl&lt;serv_mosq2&gt;, exit status 0
14:20:26 INFO  Executed systemctl&lt;serv_mapper3&gt;, exit status 0
14:20:27 INFO  Executed sudo&lt;rm_logs&gt;, exit status 0
14:20:27 INFO  Executed sudo&lt;move_logs&gt;, exit status 0
14:20:28 INFO  log response None
14:20:28 WARN  retry, retrying in 1 seconds...
14:20:29 INFO  log response https://thin-edge-io.eu-latest.cumulocity.com/event/events/17789159/binaries
14:20:29 INFO  nlines 0
14:20:29 WARN  Assert that (True == value) with value=False ... failed [run.py:44]
14:20:29 INFO  
14:20:29 INFO  cleanup:
14:20:30 INFO  Executed sudo&lt;rm_logs&gt;, exit status 0
14:20:30 INFO  Executed sudo&lt;rm_tmp_logs&gt;, exit status 0
14:20:31 INFO  Executed sudo&lt;send_failed&gt;, exit status 0
14:20:35 INFO  Executed sudo&lt;tedge_disconnect_c8y&gt;, exit status 0
14:20:36 INFO  Executed systemctl&lt;serv_mapper5&gt;, exit status 3
14:20:36 INFO  
14:20:36 INFO  Test duration: 31.92 secs
14:20:36 INFO  Test final outcome:  FAILED
14:20:36 INFO  Test outcome reason: Assert that (True == value) with value=False
14:20:36 INFO  
</system-out>
	</testcase>
</testsuite><testsuite name="mapper_awaits_before_reconnect" tests="1" errors="0" failures="0" skipped="0" time="0"><testcase classname="MapperReconnectAwait" name="mapper_awaits_before_reconnect" />
</testsuite><testsuite name="monitoring_smaller_interval" tests="1" errors="0" failures="0" skipped="1" time="0"><testcase classname="MonitoringSmallInterval" name="monitoring_smaller_interval">
		<skipped message="SKIPPED: Fails due to retained message" />
		<system-out>14:22:37 INFO  ==============================================================
14:22:37 INFO  Id:    monitoring_smaller_interval
14:22:37 INFO  Dir:   monitoring/
14:22:37 INFO  Title: Validate the tedge dm agent messages that are produced with smaller sampling interval than the batching window. Here the simulated collectd messages are used
14:22:37 INFO  ==============================================================
14:22:37 INFO  Fails due to retained message ... skipped
14:22:37 INFO  
14:22:37 INFO  Test duration: 0.02 secs
14:22:37 INFO  Test final outcome:  SKIPPED
14:22:37 INFO  Test outcome reason: Fails due to retained message
14:22:37 INFO  
</system-out>
	</testcase>
</testsuite><testsuite name="monitoring_with_collectd" tests="1" errors="0" failures="0" skipped="1" time="0"><testcase classname="MonitoringWithCollectd" name="monitoring_with_collectd">
		<skipped message="SKIPPED: Test execution disabled due to #792 (instable)" />
		<system-out>14:22:37 INFO  ==============================================================
14:22:37 INFO  Id:    monitoring_with_collectd
14:22:37 INFO  Dir:   monitoring/
14:22:37 INFO  Title: Validate tedge dm agent messages that are produced by batching the collectd messages
14:22:37 INFO  ==============================================================
14:22:37 INFO  Test execution disabled due to #792 (instable) ... skipped
14:22:37 INFO  
14:22:37 INFO  Test duration: 0.02 secs
14:22:37 INFO  Test final outcome:  SKIPPED
14:22:37 INFO  Test outcome reason: Test execution disabled due to #792 (instable)
14:22:37 INFO  
</system-out>
	</testcase>
</testsuite><testsuite name="monitoring_with_simulated_messages" tests="1" errors="0" failures="0" skipped="1" time="0"><testcase classname="MonitoringWithSimulatedMessages" name="monitoring_with_simulated_messages">
		<skipped message="SKIPPED: Fails due to retained message" />
		<system-out>14:22:37 INFO  ==============================================================
14:22:37 INFO  Id:    monitoring_with_simulated_messages
14:22:37 INFO  Dir:   monitoring/
14:22:37 INFO  Title: Validate the tedge dm agent messages that are produced from the simulated collectd messages
14:22:37 INFO  ==============================================================
14:22:37 INFO  Fails due to retained message ... skipped
14:22:37 INFO  
14:22:37 INFO  Test duration: 0.02 secs
14:22:37 INFO  Test final outcome:  SKIPPED
14:22:37 INFO  Test outcome reason: Fails due to retained message
14:22:37 INFO  
</system-out>
	</testcase>
</testsuite><testsuite name="mqtt_port_change_connection_fails" tests="1" errors="0" failures="0" skipped="0" time="0"><testcase classname="MqttPortChangeConnectionFails" name="mqtt_port_change_connection_fails" />
</testsuite><testsuite name="mqtt_port_change_connection_works" tests="1" errors="0" failures="0" skipped="1" time="0"><testcase classname="MqttPortChangeConnectionWorks" name="mqtt_port_change_connection_works">
		<skipped message="SKIPPED: failing intermitently" />
		<system-out>14:21:11 INFO  ==============================================================
14:21:11 INFO  Id:    mqtt_port_change_connection_works
14:21:11 INFO  Dir:   misc_features/
14:21:11 INFO  Title: mqtt port change connection works for all the thin-edge services that use the mosquitto broker
14:21:11 INFO  ==============================================================
14:21:11 INFO  failing intermitently ... skipped
14:21:11 INFO  
14:21:11 INFO  Test duration: 0.02 secs
14:21:11 INFO  Test final outcome:  SKIPPED
14:21:11 INFO  Test outcome reason: failing intermitently
14:21:11 INFO  
</system-out>
	</testcase>
</testsuite><testsuite name="mqtt_port_set" tests="1" errors="0" failures="0" skipped="0" time="0"><testcase classname="MqttPortSet" name="mqtt_port_set" />
</testsuite><testsuite name="mqtt_port_unset" tests="1" errors="0" failures="0" skipped="0" time="0"><testcase classname="MqttPortUnSet" name="mqtt_port_unset" />
</testsuite><testsuite name="publish_flux" tests="1" errors="0" failures="0" skipped="0" time="0"><testcase classname="PublishFlux" name="publish_flux" />
</testsuite><testsuite name="publish_sawmill" tests="1" errors="0" failures="0" skipped="0" time="0"><testcase classname="PublishSawmill" name="publish_sawmill" />
</testsuite><testsuite name="pysys_block" tests="1" errors="0" failures="0" skipped="1" time="0"><testcase classname="Fail" name="pysys_block">
		<skipped message="SKIPPED: Enable this to observe a blocking test" />
		<system-out>14:21:33 INFO  ==============================================================
14:21:33 INFO  Id:    pysys_block
14:21:33 INFO  Dir:   misc_features/
14:21:33 INFO  Title: fail
14:21:33 INFO  ==============================================================
14:21:33 INFO  Enable this to observe a blocking test ... skipped
14:21:33 INFO  
14:21:33 INFO  Test duration: 0.02 secs
14:21:33 INFO  Test final outcome:  SKIPPED
14:21:33 INFO  Test outcome reason: Enable this to observe a blocking test
14:21:33 INFO  
</system-out>
	</testcase>
</testsuite><testsuite name="pysys_fail" tests="1" errors="0" failures="0" skipped="1" time="0"><testcase classname="Fail" name="pysys_fail">
		<skipped message="SKIPPED: Enable this to observe a failing test" />
		<system-out>14:21:33 INFO  ==============================================================
14:21:33 INFO  Id:    pysys_fail
14:21:33 INFO  Dir:   misc_features/
14:21:33 INFO  Title: fail
14:21:33 INFO  ==============================================================
14:21:33 INFO  Enable this to observe a failing test ... skipped
14:21:33 INFO  
14:21:33 INFO  Test duration: 0.01 secs
14:21:33 INFO  Test final outcome:  SKIPPED
14:21:33 INFO  Test outcome reason: Enable this to observe a failing test
14:21:33 INFO  
</system-out>
	</testcase>
</testsuite><testsuite name="runtime_start_two_mappers" tests="1" errors="0" failures="1" skipped="0" time="0"><testcase classname="RuntimeMultiMappers" name="runtime_start_two_mappers">
		<failure message="FAILED: Grep on tedge_mapper2.err contains &quot;Error: Couldn't acquire file lock.&quot;" type="FAILED" />
		<system-out>14:35:52 INFO  ==============================================================
14:35:52 INFO  Id:    runtime_start_two_mappers
14:35:52 INFO  Dir:   tedge_mapper_c8y/
14:35:52 INFO  Title: Validate two mappers can't be started at the same time
14:35:52 INFO  ==============================================================
14:35:53 INFO  Executed sudo&lt;tedge_mapper1&gt;, exit status 0
14:35:53 INFO  Waiting for 0.1 seconds
14:35:53 INFO  Executed sudo&lt;tedge_mapper2&gt;, exit status 1
14:35:54 INFO  Executed sudo&lt;tedge_mapper1&gt;, exit status 0
14:35:54 WARN  Grep on tedge_mapper2.err contains "Error: Couldn't acquire file lock." ... failed [run.py:46]
14:35:54 INFO  
14:35:54 INFO  Test duration: 1.75 secs
14:35:54 INFO  Test final outcome:  FAILED
14:35:54 INFO  Test outcome reason: Grep on tedge_mapper2.err contains "Error: Couldn't acquire file lock."
14:35:54 INFO  
</system-out>
	</testcase>
</testsuite><testsuite name="sm_tedge_mapper_init_session" tests="1" errors="0" failures="0" skipped="0" time="0"><testcase classname="TedgeSMMapperInitSession" name="sm_tedge_mapper_init_session" />
</testsuite><testsuite name="smoketest_json" tests="1" errors="0" failures="0" skipped="0" time="0"><testcase classname="SmokeTestJson" name="smoketest_json" />
</testsuite><testsuite name="smoketest_json_400_samples_10ms" tests="1" errors="0" failures="0" skipped="0" time="0"><testcase classname="SmoketestJson400Samples10ms" name="smoketest_json_400_samples_10ms" />
</testsuite><testsuite name="smoketest_json_400_samples_20ms" tests="1" errors="0" failures="0" skipped="0" time="0"><testcase classname="SmoketestJson400Samples20ms" name="smoketest_json_400_samples_20ms" />
</testsuite><testsuite name="smoketest_smartrest" tests="1" errors="0" failures="0" skipped="0" time="0"><testcase classname="SmoketestSmartRest" name="smoketest_smartrest" />
</testsuite><testsuite name="smoketest_smartrest_400_samples_1Xms" tests="1" errors="0" failures="0" skipped="0" time="0"><testcase classname="SmoketestSmartRest400Samples1Xms" name="smoketest_smartrest_400_samples_1Xms" />
</testsuite><testsuite name="smoketest_smartrest_400_samples_20ms" tests="1" errors="0" failures="0" skipped="0" time="0"><testcase classname="SmoketestSmartRest400Samples20ms" name="smoketest_smartrest_400_samples_20ms" />
</testsuite><testsuite name="tedge_agent_user_sudo_access" tests="1" errors="0" failures="0" skipped="1" time="0"><testcase classname="TedgeAgentUserSudoAccess" name="tedge_agent_user_sudo_access">
		<skipped message="SKIPPED: #955 Observation: Exit code of the apt plugin when called with no arguments" />
		<system-out>14:32:44 INFO  ==============================================================
14:32:44 INFO  Id:    tedge_agent_user_sudo_access
14:32:44 INFO  Dir:   tedge/
14:32:44 INFO  Title: Validate tedge-agent user has a limited sudo right
14:32:44 INFO  ==============================================================
14:32:44 INFO  #955 Observation: Exit code of the apt plugin when called with no arguments ... skipped
14:32:44 INFO  
14:32:44 INFO  Test duration: 0.02 secs
14:32:44 INFO  Test final outcome:  SKIPPED
14:32:44 INFO  Test outcome reason: #955 Observation: Exit code of the apt plugin when called with no arguments
14:32:44 INFO  
</system-out>
	</testcase>
</testsuite><testsuite name="tedge_connect_test_negative" tests="1" errors="0" failures="0" skipped="0" time="0"><testcase classname="TedgeConnectTestNegative" name="tedge_connect_test_negative" />
</testsuite><testsuite name="tedge_connect_test_positive" tests="1" errors="0" failures="0" skipped="0" time="0"><testcase classname="TedgeConnectTestPositive" name="tedge_connect_test_positive" />
</testsuite><testsuite name="tedge_connect_test_sm_services" tests="1" errors="0" failures="0" skipped="0" time="0"><testcase classname="TedgeConnectTestSMServices" name="tedge_connect_test_sm_services" />
</testsuite><testsuite name="tedge_disconnect_test_sm_services" tests="1" errors="0" failures="0" skipped="0" time="0"><testcase classname="TedgeDisConnectTestSMServices" name="tedge_disconnect_test_sm_services" />
</testsuite><testsuite name="tedge_mapper_az_negative" tests="1" errors="0" failures="0" skipped="0" time="0"><testcase classname="TedgeMapperAzError" name="tedge_mapper_az_negative" />
</testsuite><testsuite name="tedge_mapper_az_with_timestamp" tests="1" errors="0" failures="0" skipped="0" time="0"><testcase classname="TedgeMapperAzWithTimestamp" name="tedge_mapper_az_with_timestamp" />
</testsuite><testsuite name="tedge_mapper_az_without_timestamp" tests="1" errors="0" failures="0" skipped="0" time="0"><testcase classname="TedgeMapperAzWithoutTimestamp" name="tedge_mapper_az_without_timestamp" />
</testsuite><testsuite name="tedge_mapper_c8y_alarms" tests="1" errors="0" failures="0" skipped="0" time="0"><testcase classname="TedgeMapperC8yAlarm" name="tedge_mapper_c8y_alarms" />
</testsuite><testsuite name="tedge_mapper_c8y_child_device_measurement" tests="1" errors="0" failures="0" skipped="0" time="0"><testcase classname="TedgeMapperC8yChildDevice" name="tedge_mapper_c8y_child_device_measurement" />
</testsuite><testsuite name="tedge_mapper_c8y_packet_threshold_size" tests="1" errors="0" failures="0" skipped="0" time="0"><testcase classname="TedgeMapperC8yThresholdPacketSize" name="tedge_mapper_c8y_packet_threshold_size" />
</testsuite><testsuite name="tedge_software_update" tests="1" errors="0" failures="0" skipped="0" time="0"><testcase classname="PySysTest" name="tedge_software_update" />
</testsuite><testsuite name="valid_device_id" tests="1" errors="0" failures="1" skipped="0" time="0"><testcase classname="ValidateValidDeviceId" name="valid_device_id">
		<failure message="FAILED: Grep on tedge_connect_c8y_test.out contains &quot;successful&quot;" type="FAILED" />
		<system-out>14:21:33 INFO  ==============================================================
14:21:33 INFO  Id:    valid_device_id
14:21:33 INFO  Dir:   misc_features/
14:21:33 INFO  Title: Valid device ID
14:21:33 INFO  ==============================================================
14:21:33 INFO  Restarting mosquitto too frequently in the last 10 seconds. It was only up for 5 seconds
14:21:33 INFO  Delaying execution by 6 seconds
14:21:40 INFO  Executed sudo&lt;tedge_disconnect_c8y&gt;, exit status 0
14:21:40 INFO  Executed sudo&lt;create_cert_dir&gt;, exit status 0
14:21:41 INFO  Executed sudo&lt;change_owner_of_dir&gt;, exit status 0
14:21:41 INFO  Executed sudo&lt;set_cert_path&gt;, exit status 0
14:21:42 INFO  Executed sudo&lt;set_key_path&gt;, exit status 0
14:21:42 INFO  Executed sudo&lt;cert_create&gt;, exit status 0
14:21:43 INFO  Executed sudo&lt;cert_upload&gt;, exit status 0
14:22:20 INFO  Executed sudo&lt;tedge_connect_c8y&gt;, exit status 0, duration 35 secs
14:22:31 INFO  Executed sudo&lt;tedge_connect_c8y_test&gt;, exit status 0, duration 11 secs
14:22:31 INFO  Grep on file tedge_connect_c8y.out ... passed
14:22:31 WARN  Grep on tedge_connect_c8y_test.out contains "successful" ... failed [run.py:108]
14:22:31 INFO  
14:22:31 INFO  cleanup:
14:22:35 INFO  Executed sudo&lt;tedge_disconnect_c8y&gt;, exit status 0
14:22:36 INFO  Executed sudo&lt;unset_cert_path&gt;, exit status 0
14:22:36 INFO  Executed sudo&lt;unset_key_path&gt;, exit status 0
14:22:37 INFO  Executed sudo&lt;remove_cert_dir&gt;, exit status 0
14:22:37 INFO  
14:22:37 INFO  Test duration: 63.65 secs
14:22:37 INFO  Test final outcome:  FAILED
14:22:37 INFO  Test outcome reason: Grep on tedge_connect_c8y_test.out contains "successful"
14:22:37 INFO  
</system-out>
	</testcase>
</testsuite></testsuites>