<?xml version='1.0' encoding='utf-8'?>
<testsuites tests="149" failures="12" errors="0" skipped="49" time="0.0"><testsuite name="SoftwareManagement.Plugin.apama_plugin_install" tests="3" errors="0" failures="0" skipped="1" time="0"><testcase classname="ApamaPluginInstallTest" name="SoftwareManagement.Plugin.apama_plugin_install">
		<skipped message="SKIPPED: Apama plugin tests are disabled by default. Execute `pysys run` with `-XmyPlatform=container` to run these tests" />
		<system-out>13:30:08 INFO  ==============================================================
13:30:08 INFO  Id:    SoftwareManagement.Plugin.apama_plugin_install
13:30:08 INFO  Dir:   plugin_apama/
13:30:08 INFO  Title: Validate apama plugin install
13:30:08 INFO  ==============================================================
13:30:08 INFO  Apama plugin tests are disabled by default. Execute `pysys run` with `-XmyPlatform=container` to run these tests ... skipped
13:30:08 WARN  Aborted test due to SKIPPED outcome
13:30:08 INFO  
13:30:08 INFO  Test duration: 0.05 secs
13:30:08 INFO  Test final outcome:  SKIPPED
13:30:08 INFO  Test outcome reason: Apama plugin tests are disabled by default. Execute `pysys run` with `-XmyPlatform=container` to run these tests
13:30:08 INFO  
</system-out>
	</testcase>
<testcase classname="ApamaPluginInstallTest" name="SoftwareManagement.Plugin.apama_plugin_install" />
<testcase classname="ApamaPluginInstallTest" name="SoftwareManagement.Plugin.apama_plugin_install" />
</testsuite><testsuite name="SoftwareManagement.Plugin.apama_plugin_mon_support" tests="3" errors="0" failures="0" skipped="1" time="0"><testcase classname="ApamaPluginMonSupportTest" name="SoftwareManagement.Plugin.apama_plugin_mon_support">
		<skipped message="SKIPPED: Apama plugin tests are disabled by default. Execute `pysys run` with `-XmyPlatform=container` to run these tests" />
		<system-out>13:30:08 INFO  ==============================================================
13:30:08 INFO  Id:    SoftwareManagement.Plugin.apama_plugin_mon_support
13:30:08 INFO  Dir:   plugin_apama/
13:30:08 INFO  Title: Validate mon file support of apama plugin
13:30:08 INFO  ==============================================================
13:30:08 INFO  Apama plugin tests are disabled by default. Execute `pysys run` with `-XmyPlatform=container` to run these tests ... skipped
13:30:08 WARN  Aborted test due to SKIPPED outcome
13:30:08 INFO  
13:30:08 INFO  Test duration: 0.02 secs
13:30:08 INFO  Test final outcome:  SKIPPED
13:30:08 INFO  Test outcome reason: Apama plugin tests are disabled by default. Execute `pysys run` with `-XmyPlatform=container` to run these tests
13:30:08 INFO  
</system-out>
	</testcase>
<testcase classname="ApamaPluginMonSupportTest" name="SoftwareManagement.Plugin.apama_plugin_mon_support" />
<testcase classname="ApamaPluginMonSupportTest" name="SoftwareManagement.Plugin.apama_plugin_mon_support" />
</testsuite><testsuite name="SoftwareManagement.Plugin.apama_plugin_remove" tests="3" errors="0" failures="0" skipped="1" time="0"><testcase classname="ApamaPluginRemoveTest" name="SoftwareManagement.Plugin.apama_plugin_remove">
		<skipped message="SKIPPED: Apama plugin tests are disabled by default. Execute `pysys run` with `-XmyPlatform=container` to run these tests" />
		<system-out>13:30:08 INFO  ==============================================================
13:30:08 INFO  Id:    SoftwareManagement.Plugin.apama_plugin_remove
13:30:08 INFO  Dir:   plugin_apama/
13:30:08 INFO  Title: Validate apama plugin remove
13:30:08 INFO  ==============================================================
13:30:08 INFO  Apama plugin tests are disabled by default. Execute `pysys run` with `-XmyPlatform=container` to run these tests ... skipped
13:30:08 WARN  Aborted test due to SKIPPED outcome
13:30:08 INFO  
13:30:08 INFO  Test duration: 0.02 secs
13:30:08 INFO  Test final outcome:  SKIPPED
13:30:08 INFO  Test outcome reason: Apama plugin tests are disabled by default. Execute `pysys run` with `-XmyPlatform=container` to run these tests
13:30:08 INFO  
</system-out>
	</testcase>
<testcase classname="ApamaPluginRemoveTest" name="SoftwareManagement.Plugin.apama_plugin_remove" />
<testcase classname="ApamaPluginRemoveTest" name="SoftwareManagement.Plugin.apama_plugin_remove" />
</testsuite><testsuite name="SoftwareManagement.Plugin.apama_plugin_update" tests="3" errors="0" failures="2" skipped="1" time="0"><testcase classname="ApamaPluginUpdateTest" name="SoftwareManagement.Plugin.apama_plugin_update">
		<skipped message="SKIPPED: Apama plugin tests are disabled by default. Execute `pysys run` with `-XmyPlatform=container` to run these tests" />
		<system-out>13:30:08 INFO  ==============================================================
13:30:08 INFO  Id:    SoftwareManagement.Plugin.apama_plugin_update
13:30:08 INFO  Dir:   plugin_apama/
13:30:08 INFO  Title: Validate apama plugin updating one project with another
13:30:08 INFO  ==============================================================
13:30:08 INFO  Apama plugin tests are disabled by default. Execute `pysys run` with `-XmyPlatform=container` to run these tests ... skipped
13:30:08 WARN  Aborted test due to SKIPPED outcome
13:30:08 INFO  
13:30:08 INFO  Test duration: 0.02 secs
13:30:08 INFO  Test final outcome:  SKIPPED
13:30:08 INFO  Test outcome reason: Apama plugin tests are disabled by default. Execute `pysys run` with `-XmyPlatform=container` to run these tests
13:30:08 INFO  
</system-out>
	</testcase>
<testcase classname="ApamaPluginUpdateTest" name="SoftwareManagement.Plugin.apama_plugin_update">
		<failure message="BLOCKED: sudo&lt;plugin_install&gt; returned non-zero exit code 2" type="BLOCKED" />
		<system-out>14:22:35 INFO  ==============================================================
14:22:35 INFO  Id:    SoftwareManagement.Plugin.apama_plugin_update
14:22:35 INFO  Dir:   plugin_apama/
14:22:35 INFO  Title: Validate apama plugin updating one project with another
14:22:35 INFO  ==============================================================
14:22:35 INFO  Assertion that path exists=False for "/etc/tedge/apama/project" ... passed
14:22:35 INFO  Executed sudo&lt;create_project_dir&gt;, exit status 0
14:22:36 INFO  Executed sudo&lt;unzip_apama_project&gt;, exit status 0
14:22:36 INFO  Executed sudo&lt;move_apama_project&gt;, exit status 0
14:22:37 INFO  Executed sudo&lt;restart_apama_service&gt;, exit status 0
14:22:38 INFO  Executed sudo&lt;apama_correlator_wait&gt;, exit status 0
14:22:38 INFO  Assertion that path exists=True for "/etc/tedge/apama/project" ... passed
14:22:39 INFO  Executed sudo&lt;apama_list_monitors&gt;, exit status 0
14:22:39 INFO  Grep on file /home/pi/actions-runner/_work/thin-edge.io/thin-edge.io/tests/PySys/plugin_apama/apama_plugin_update/Output/linux/apama_list_monitors.out ... passed
14:22:39 WARN  Executed sudo&lt;plugin_install&gt;, exit status 2
14:22:39 INFO  Contents of plugin_install.err: 
  ERROR: Directory not empty (os error 39)
  -----

14:22:40 WARN  sudo&lt;plugin_install&gt; returned non-zero exit code 2 ... blocked [run.py:35]
14:22:40 WARN  Aborted test due to BLOCKED outcome
14:22:40 INFO  
14:22:40 INFO  cleanup:
14:22:40 INFO  Removing apama project
14:22:55 INFO  Executed sudo&lt;stop_apama_service&gt;, exit status 0, duration 15 secs
14:22:55 INFO  Executed sudo&lt;remove_apama_project&gt;, exit status 0
14:22:56 INFO  Executed sudo&lt;remove_apama_tmp_dir&gt;, exit status 0
14:22:56 INFO  
14:22:56 INFO  Test duration: 21.21 secs
14:22:56 INFO  Test final outcome:  BLOCKED
14:22:56 INFO  Test outcome reason: sudo&lt;plugin_install&gt; returned non-zero exit code 2
14:22:56 INFO  
</system-out>
	</testcase>
<testcase classname="ApamaPluginUpdateTest" name="SoftwareManagement.Plugin.apama_plugin_update">
		<failure message="BLOCKED: sudo&lt;plugin_install&gt; returned non-zero exit code 2" type="BLOCKED" />
		<system-out>14:31:29 INFO  ==============================================================
14:31:29 INFO  Id:    SoftwareManagement.Plugin.apama_plugin_update
14:31:29 INFO  Dir:   plugin_apama/
14:31:29 INFO  Title: Validate apama plugin updating one project with another
14:31:29 INFO  ==============================================================
14:31:29 INFO  Assertion that path exists=False for "/etc/tedge/apama/project" ... passed
14:31:29 INFO  Executed sudo&lt;create_project_dir&gt;, exit status 0
14:31:30 INFO  Executed sudo&lt;unzip_apama_project&gt;, exit status 0
14:31:30 INFO  Executed sudo&lt;move_apama_project&gt;, exit status 0
14:31:31 INFO  Executed sudo&lt;restart_apama_service&gt;, exit status 0
14:31:32 INFO  Executed sudo&lt;apama_correlator_wait&gt;, exit status 0
14:31:32 INFO  Assertion that path exists=True for "/etc/tedge/apama/project" ... passed
14:31:33 INFO  Executed sudo&lt;apama_list_monitors&gt;, exit status 0
14:31:33 INFO  Grep on file /home/pi/actions-runner/_work/thin-edge.io/thin-edge.io/tests/PySys/plugin_apama/apama_plugin_update/Output/linux/apama_list_monitors.out ... passed
14:31:33 WARN  Executed sudo&lt;plugin_install&gt;, exit status 2
14:31:33 INFO  Contents of plugin_install.err: 
  ERROR: Directory not empty (os error 39)
  -----

14:31:34 WARN  sudo&lt;plugin_install&gt; returned non-zero exit code 2 ... blocked [run.py:35]
14:31:34 WARN  Aborted test due to BLOCKED outcome
14:31:34 INFO  
14:31:34 INFO  cleanup:
14:31:34 INFO  Removing apama project
14:31:49 INFO  Executed sudo&lt;stop_apama_service&gt;, exit status 0, duration 15 secs
14:31:49 INFO  Executed sudo&lt;remove_apama_project&gt;, exit status 0
14:31:50 INFO  Executed sudo&lt;remove_apama_tmp_dir&gt;, exit status 0
14:31:50 INFO  
14:31:50 INFO  Test duration: 21.14 secs
14:31:50 INFO  Test final outcome:  BLOCKED
14:31:50 INFO  Test outcome reason: sudo&lt;plugin_install&gt; returned non-zero exit code 2
14:31:50 INFO  
</system-out>
	</testcase>
</testsuite><testsuite name="SoftwareManagement.sm_apt_install_download_path" tests="3" errors="0" failures="2" skipped="1" time="0"><testcase classname="AptInstallWithDownloadPath" name="SoftwareManagement.sm_apt_install_download_path">
		<skipped message="SKIPPED: Testing the apt plugin is not supported on this platform.Use parameter -XmyPlatform='container' to enable it" />
		<system-out>13:39:55 INFO  ==============================================================
13:39:55 INFO  Id:    SoftwareManagement.sm_apt_install_download_path
13:39:55 INFO  Dir:   software_management_end_to_end/
13:39:55 INFO  Title: Install package to directory specified in tedge config set tmp.path
13:39:55 INFO  ==============================================================
13:39:55 INFO  Testing the apt plugin is not supported on this platform.Use parameter -XmyPlatform='container' to enable it ... skipped
13:39:55 WARN  Aborted test due to SKIPPED outcome
13:39:55 INFO  
13:39:55 INFO  Test duration: 0.06 secs
13:39:55 INFO  Test final outcome:  SKIPPED
13:39:55 INFO  Test outcome reason: Testing the apt plugin is not supported on this platform.Use parameter -XmyPlatform='container' to enable it
13:39:55 INFO  
</system-out>
	</testcase>
<testcase classname="AptInstallWithDownloadPath" name="SoftwareManagement.sm_apt_install_download_path">
		<failure message="BLOCKED: AssertionError:" type="BLOCKED" />
		<system-out>14:04:12 INFO  ==============================================================
14:04:12 INFO  Id:    SoftwareManagement.sm_apt_install_download_path
14:04:12 INFO  Dir:   software_management_end_to_end/
14:04:12 INFO  Title: Install package to directory specified in tedge config set tmp.path
14:04:12 INFO  ==============================================================
14:04:13 INFO  Using sw id database: {'asciijump': '5475369', 'robotfindskitten': '5474869', 'squirrel3': '5475279', 'rolldice': '5152439', 'moon-buggy': '5439204', 'apple': '5495053', 'banana': '5494888', 'cherry': '5495382', 'watermelon': '5494510', 'registry': '8018911', 'hello-world': '8021526', 'docker/getting-started': '8021973', 'alpine': '7991792'}
14:04:13 INFO  EnvironmentC8y Setup
14:04:13 INFO  Executed systemctl&lt;serv_mapper1&gt;, exit status 3
14:04:28 INFO  Executed sudo&lt;tedge_connect_c8y&gt;, exit status 0, duration 14 secs
14:04:30 INFO  Executed sudo&lt;tedge_connect_c8y_test&gt;, exit status 0
14:04:31 INFO  Executed systemctl&lt;serv_mosq2&gt;, exit status 0
14:04:31 INFO  Executed systemctl&lt;serv_mapper3&gt;, exit status 0
14:04:34 INFO  State of current operation: SUCCESSFUL
14:04:34 INFO  Assert that (False == value) with value=False ... passed
14:04:35 INFO  Executed sudo, exit status 0
14:04:35 INFO  Executed sudo, exit status 0
14:04:36 INFO  Executed sudo, exit status 0
14:04:40 INFO  Executed sudo&lt;tedge_disconnect_c8y&gt;, exit status 0
14:04:40 INFO  Restarting mosquitto too frequently in the last 10 seconds. It was only up for 3 seconds
14:04:40 INFO  Delaying execution by 8 seconds
14:05:02 INFO  Executed sudo&lt;tedge_connect_c8y&gt;, exit status 0, duration 13 secs
14:05:02 INFO  Response status: 201
14:05:02 INFO  Response to action: {
    "creationTime": "2022-04-19T14:05:02.339Z",
    "deviceName": "mythicd",
    "deviceId": "17464287",
    "self": "https://t493319102.eu-latest.cumulocity.com/devicecontrol/operations/17475294",
    "id": "17475294",
    "status": "PENDING",
    "description": "Apply software changes, triggered from PySys: [{'name': 'rolldice', 'id': '5152439', 'version': '::apt', 'url': 'https://thin-edge-io.eu-latest.cumulocity.com/inventory/binaries/12435463', 'action': 'install'}]",
    "c8y_SoftwareUpdate": [
        {
            "name": "rolldice",
            "action": "install",
            "id": "5152439",
            "version": "::apt",
            "url": "https://thin-edge-io.eu-latest.cumulocity.com/inventory/binaries/12435463"
        }
    ]
}
14:05:02 INFO  Started operation: {'creationTime': '2022-04-19T14:05:02.339Z', 'deviceName': 'mythicd', 'deviceId': '17464287', 'self': 'https://t493319102.eu-latest.cumulocity.com/devicecontrol/operations/17475294', 'id': '17475294', 'status': 'PENDING', 'description': "Apply software changes, triggered from PySys: [{'name': 'rolldice', 'id': '5152439', 'version': '::apt', 'url': 'https://thin-edge-io.eu-latest.cumulocity.com/inventory/binaries/12435463', 'action': 'install'}]", 'c8y_SoftwareUpdate': [{'name': 'rolldice', 'action': 'install', 'id': '5152439', 'version': '::apt', 'url': 'https://thin-edge-io.eu-latest.cumulocity.com/inventory/binaries/12435463'}]}
14:05:02 WARN  , retrying in 0.5 seconds...
14:05:02 WARN  , retrying in 0.5 seconds...
14:05:03 WARN  , retrying in 0.5 seconds...
14:05:03 WARN  , retrying in 0.5 seconds...
14:05:04 WARN  , retrying in 0.5 seconds...
14:05:04 WARN  , retrying in 0.5 seconds...
14:05:05 WARN  , retrying in 0.5 seconds...
14:05:05 WARN  , retrying in 0.5 seconds...
14:05:06 WARN  , retrying in 0.5 seconds...
14:05:06 WARN  AssertionError occurred while running test - 
Traceback (most recent call last):
  File "/home/pi/env-pysys/lib/python3.7/site-packages/pysys/baserunner.py", line 1294, in __call__
    self.testObj.execute()
  File "/home/pi/actions-runner/_work/thin-edge.io/thin-edge.io/tests/PySys/software_management_end_to_end/sm_apt_install_download_path/run.py", line 83, in execute
    assert_install_in_download_path(install_directory=self.DOWNLOAD_DIR)
  File "/home/pi/env-pysys/lib/python3.7/site-packages/decorator.py", line 232, in fun
    return caller(func, *(extras + args), **kw)
  File "/home/pi/env-pysys/lib/python3.7/site-packages/retry/api.py", line 74, in retry_decorator
    logger)
  File "/home/pi/env-pysys/lib/python3.7/site-packages/retry/api.py", line 33, in __retry_internal
    return f()
  File "/home/pi/actions-runner/_work/thin-edge.io/thin-edge.io/tests/PySys/software_management_end_to_end/sm_apt_install_download_path/run.py", line 28, in assert_install_in_download_path
    assert "rolldice" in os.listdir(f"{install_directory}")
AssertionError
14:05:07 WARN  AssertionError: ... blocked 
14:05:07 INFO  
14:05:07 INFO  cleanup:
14:05:08 INFO  Executed sudo, exit status 0
14:05:08 INFO  Executed sudo, exit status 0
14:05:12 INFO  Executed sudo&lt;tedge_disconnect_c8y&gt;, exit status 0
14:05:13 INFO  Restarting mosquitto too frequently in the last 10 seconds. It was only up for 4 seconds
14:05:13 INFO  Delaying execution by 7 seconds
14:05:34 INFO  Executed sudo&lt;tedge_connect_c8y&gt;, exit status 0, duration 13 secs
14:05:38 INFO  Executed sudo&lt;tedge_disconnect_c8y&gt;, exit status 0
14:05:38 INFO  Executed systemctl&lt;serv_mapper5&gt;, exit status 3
14:05:38 INFO  
14:05:38 INFO  Test duration: 86.64 secs
14:05:38 INFO  Test final outcome:  BLOCKED
14:05:38 INFO  Test outcome reason: AssertionError:
14:05:38 INFO  
</system-out>
	</testcase>
<testcase classname="AptInstallWithDownloadPath" name="SoftwareManagement.sm_apt_install_download_path">
		<failure message="BLOCKED: AssertionError:" type="BLOCKED" />
		<system-out>14:31:50 INFO  ==============================================================
14:31:50 INFO  Id:    SoftwareManagement.sm_apt_install_download_path
14:31:50 INFO  Dir:   software_management_end_to_end/
14:31:50 INFO  Title: Install package to directory specified in tedge config set tmp.path
14:31:50 INFO  ==============================================================
14:31:51 INFO  Using sw id database: {'asciijump': '5475369', 'robotfindskitten': '5474869', 'squirrel3': '5475279', 'rolldice': '5152439', 'moon-buggy': '5439204', 'apple': '5495053', 'banana': '5494888', 'cherry': '5495382', 'watermelon': '5494510', 'registry': '8018911', 'hello-world': '8021526', 'docker/getting-started': '8021973', 'alpine': '7991792'}
14:31:51 INFO  EnvironmentC8y Setup
14:31:52 INFO  Executed systemctl&lt;serv_mapper1&gt;, exit status 3
14:32:07 INFO  Executed sudo&lt;tedge_connect_c8y&gt;, exit status 0, duration 14 secs
14:32:07 INFO  Executed sudo&lt;tedge_connect_c8y_test&gt;, exit status 0
14:32:08 INFO  Executed systemctl&lt;serv_mosq2&gt;, exit status 0
14:32:08 INFO  Executed systemctl&lt;serv_mapper3&gt;, exit status 0
14:32:10 INFO  State of current operation: SUCCESSFUL
14:32:11 INFO  Assert that (False == value) with value=False ... passed
14:32:11 INFO  Executed sudo, exit status 0
14:32:12 INFO  Executed sudo, exit status 0
14:32:12 INFO  Executed sudo, exit status 0
14:32:17 INFO  Executed sudo&lt;tedge_disconnect_c8y&gt;, exit status 0
14:32:17 INFO  Restarting mosquitto too frequently in the last 10 seconds. It was only up for 4 seconds
14:32:17 INFO  Delaying execution by 7 seconds
14:32:38 INFO  Executed sudo&lt;tedge_connect_c8y&gt;, exit status 0, duration 14 secs
14:32:38 INFO  Response status: 201
14:32:38 INFO  Response to action: {
    "creationTime": "2022-04-19T14:32:38.632Z",
    "deviceName": "mythicd",
    "deviceId": "17464287",
    "self": "https://t493319102.eu-latest.cumulocity.com/devicecontrol/operations/17475392",
    "id": "17475392",
    "status": "PENDING",
    "description": "Apply software changes, triggered from PySys: [{'name': 'rolldice', 'id': '5152439', 'version': '::apt', 'url': 'https://thin-edge-io.eu-latest.cumulocity.com/inventory/binaries/12435463', 'action': 'install'}]",
    "c8y_SoftwareUpdate": [
        {
            "name": "rolldice",
            "action": "install",
            "id": "5152439",
            "version": "::apt",
            "url": "https://thin-edge-io.eu-latest.cumulocity.com/inventory/binaries/12435463"
        }
    ]
}
14:32:38 INFO  Started operation: {'creationTime': '2022-04-19T14:32:38.632Z', 'deviceName': 'mythicd', 'deviceId': '17464287', 'self': 'https://t493319102.eu-latest.cumulocity.com/devicecontrol/operations/17475392', 'id': '17475392', 'status': 'PENDING', 'description': "Apply software changes, triggered from PySys: [{'name': 'rolldice', 'id': '5152439', 'version': '::apt', 'url': 'https://thin-edge-io.eu-latest.cumulocity.com/inventory/binaries/12435463', 'action': 'install'}]", 'c8y_SoftwareUpdate': [{'name': 'rolldice', 'action': 'install', 'id': '5152439', 'version': '::apt', 'url': 'https://thin-edge-io.eu-latest.cumulocity.com/inventory/binaries/12435463'}]}
14:32:38 WARN  , retrying in 0.5 seconds...
14:32:39 WARN  , retrying in 0.5 seconds...
14:32:39 WARN  , retrying in 0.5 seconds...
14:32:40 WARN  , retrying in 0.5 seconds...
14:32:40 WARN  , retrying in 0.5 seconds...
14:32:41 WARN  , retrying in 0.5 seconds...
14:32:41 WARN  , retrying in 0.5 seconds...
14:32:42 WARN  , retrying in 0.5 seconds...
14:32:42 WARN  , retrying in 0.5 seconds...
14:32:43 WARN  AssertionError occurred while running test - 
Traceback (most recent call last):
  File "/home/pi/env-pysys/lib/python3.7/site-packages/pysys/baserunner.py", line 1294, in __call__
    self.testObj.execute()
  File "/home/pi/actions-runner/_work/thin-edge.io/thin-edge.io/tests/PySys/software_management_end_to_end/sm_apt_install_download_path/run.py", line 83, in execute
    assert_install_in_download_path(install_directory=self.DOWNLOAD_DIR)
  File "/home/pi/env-pysys/lib/python3.7/site-packages/decorator.py", line 232, in fun
    return caller(func, *(extras + args), **kw)
  File "/home/pi/env-pysys/lib/python3.7/site-packages/retry/api.py", line 74, in retry_decorator
    logger)
  File "/home/pi/env-pysys/lib/python3.7/site-packages/retry/api.py", line 33, in __retry_internal
    return f()
  File "/home/pi/actions-runner/_work/thin-edge.io/thin-edge.io/tests/PySys/software_management_end_to_end/sm_apt_install_download_path/run.py", line 28, in assert_install_in_download_path
    assert "rolldice" in os.listdir(f"{install_directory}")
AssertionError
14:32:43 WARN  AssertionError: ... blocked 
14:32:43 INFO  
14:32:43 INFO  cleanup:
14:32:43 INFO  Executed sudo, exit status 0
14:32:44 INFO  Executed sudo, exit status 0
14:32:48 INFO  Executed sudo&lt;tedge_disconnect_c8y&gt;, exit status 0
14:32:49 INFO  Restarting mosquitto too frequently in the last 10 seconds. It was only up for 4 seconds
14:32:49 INFO  Delaying execution by 7 seconds
14:33:10 INFO  Executed sudo&lt;tedge_connect_c8y&gt;, exit status 0, duration 14 secs
14:33:14 INFO  Executed sudo&lt;tedge_disconnect_c8y&gt;, exit status 0
14:33:15 INFO  Executed systemctl&lt;serv_mapper5&gt;, exit status 3
14:33:15 INFO  
14:33:15 INFO  Test duration: 85.00 secs
14:33:15 INFO  Test final outcome:  BLOCKED
14:33:15 INFO  Test outcome reason: AssertionError:
14:33:15 INFO  
</system-out>
	</testcase>
</testsuite><testsuite name="SoftwareManagement.sm_apt_install_fail" tests="3" errors="0" failures="0" skipped="1" time="0"><testcase classname="PySysTest" name="SoftwareManagement.sm_apt_install_fail">
		<skipped message="SKIPPED: Testing the apt plugin is not supported on this platform.Use parameter -XmyPlatform='container' to enable it" />
		<system-out>13:39:55 INFO  ==============================================================
13:39:55 INFO  Id:    SoftwareManagement.sm_apt_install_fail
13:39:55 INFO  Dir:   software_management_end_to_end/
13:39:55 INFO  Title: Validate end to end behaviour for a failing installation
13:39:55 INFO  ==============================================================
13:39:55 INFO  Testing the apt plugin is not supported on this platform.Use parameter -XmyPlatform='container' to enable it ... skipped
13:39:55 WARN  Aborted test due to SKIPPED outcome
13:39:55 INFO  
13:39:55 INFO  Test duration: 0.02 secs
13:39:55 INFO  Test final outcome:  SKIPPED
13:39:55 INFO  Test outcome reason: Testing the apt plugin is not supported on this platform.Use parameter -XmyPlatform='container' to enable it
13:39:55 INFO  
</system-out>
	</testcase>
<testcase classname="PySysTest" name="SoftwareManagement.sm_apt_install_fail" />
<testcase classname="PySysTest" name="SoftwareManagement.sm_apt_install_fail" />
</testsuite><testsuite name="SoftwareManagement.sm_apt_install_remove" tests="3" errors="0" failures="0" skipped="1" time="0"><testcase classname="PySysTest" name="SoftwareManagement.sm_apt_install_remove">
		<skipped message="SKIPPED: Testing the apt plugin is not supported on this platform.Use parameter -XmyPlatform='container' to enable it" />
		<system-out>13:39:55 INFO  ==============================================================
13:39:55 INFO  Id:    SoftwareManagement.sm_apt_install_remove
13:39:55 INFO  Dir:   software_management_end_to_end/
13:39:55 INFO  Title: Validate end to end behaviour for the apt plugin for installation and removal of packages
13:39:55 INFO  ==============================================================
13:39:55 INFO  Testing the apt plugin is not supported on this platform.Use parameter -XmyPlatform='container' to enable it ... skipped
13:39:55 WARN  Aborted test due to SKIPPED outcome
13:39:55 INFO  
13:39:55 INFO  Test duration: 0.02 secs
13:39:55 INFO  Test final outcome:  SKIPPED
13:39:55 INFO  Test outcome reason: Testing the apt plugin is not supported on this platform.Use parameter -XmyPlatform='container' to enable it
13:39:55 INFO  
</system-out>
	</testcase>
<testcase classname="PySysTest" name="SoftwareManagement.sm_apt_install_remove" />
<testcase classname="PySysTest" name="SoftwareManagement.sm_apt_install_remove" />
</testsuite><testsuite name="SoftwareManagement.sm_apt_install_remove_default" tests="3" errors="0" failures="0" skipped="1" time="0"><testcase classname="PySysTest" name="SoftwareManagement.sm_apt_install_remove_default">
		<skipped message="SKIPPED: Testing the apt plugin is not supported on this platform.Use parameter -XmyPlatform='container' to enable it" />
		<system-out>13:39:55 INFO  ==============================================================
13:39:55 INFO  Id:    SoftwareManagement.sm_apt_install_remove_default
13:39:55 INFO  Dir:   software_management_end_to_end/
13:39:55 INFO  Title: Validate end to end behaviour for the default plugin for installation and removal of packages
13:39:55 INFO  ==============================================================
13:39:55 INFO  Testing the apt plugin is not supported on this platform.Use parameter -XmyPlatform='container' to enable it ... skipped
13:39:55 WARN  Aborted test due to SKIPPED outcome
13:39:55 INFO  
13:39:55 INFO  Test duration: 0.02 secs
13:39:55 INFO  Test final outcome:  SKIPPED
13:39:55 INFO  Test outcome reason: Testing the apt plugin is not supported on this platform.Use parameter -XmyPlatform='container' to enable it
13:39:55 INFO  
</system-out>
	</testcase>
<testcase classname="PySysTest" name="SoftwareManagement.sm_apt_install_remove_default" />
<testcase classname="PySysTest" name="SoftwareManagement.sm_apt_install_remove_default" />
</testsuite><testsuite name="SoftwareManagement.sm_apt_install_remove_multiple" tests="3" errors="0" failures="2" skipped="1" time="0"><testcase classname="PySysTest" name="SoftwareManagement.sm_apt_install_remove_multiple">
		<skipped message="SKIPPED: Testing the apt plugin is not supported on this platform.Use parameter -XmyPlatform='container' to enable it" />
		<system-out>13:39:55 INFO  ==============================================================
13:39:55 INFO  Id:    SoftwareManagement.sm_apt_install_remove_multiple
13:39:55 INFO  Dir:   software_management_end_to_end/
13:39:55 INFO  Title: Validate end to end behaviour for the apt plugin for multiple packages
13:39:55 INFO  ==============================================================
13:39:55 INFO  Testing the apt plugin is not supported on this platform.Use parameter -XmyPlatform='container' to enable it ... skipped
13:39:55 WARN  Aborted test due to SKIPPED outcome
13:39:55 INFO  
13:39:55 INFO  Test duration: 0.03 secs
13:39:55 INFO  Test final outcome:  SKIPPED
13:39:55 INFO  Test outcome reason: Testing the apt plugin is not supported on this platform.Use parameter -XmyPlatform='container' to enable it
13:39:55 INFO  
</system-out>
	</testcase>
<testcase classname="PySysTest" name="SoftwareManagement.sm_apt_install_remove_multiple">
		<failure message="FAILED: Assert that (False == value) with value=True" type="FAILED" />
		<system-out>14:12:35 INFO  ==============================================================
14:12:35 INFO  Id:    SoftwareManagement.sm_apt_install_remove_multiple
14:12:35 INFO  Dir:   software_management_end_to_end/
14:12:35 INFO  Title: Validate end to end behaviour for the apt plugin for multiple packages
14:12:35 INFO  ==============================================================
14:12:35 INFO  Using sw id database: {'asciijump': '5475369', 'robotfindskitten': '5474869', 'squirrel3': '5475279', 'rolldice': '5152439', 'moon-buggy': '5439204', 'apple': '5495053', 'banana': '5494888', 'cherry': '5495382', 'watermelon': '5494510', 'registry': '8018911', 'hello-world': '8021526', 'docker/getting-started': '8021973', 'alpine': '7991792'}
14:12:35 INFO  EnvironmentC8y Setup
14:12:36 INFO  Executed systemctl&lt;serv_mapper1&gt;, exit status 3
14:12:36 INFO  Restarting mosquitto too frequently in the last 10 seconds. It was only up for 5 seconds
14:12:36 INFO  Delaying execution by 6 seconds
14:12:56 INFO  Executed sudo&lt;tedge_connect_c8y&gt;, exit status 0, duration 14 secs
14:12:57 INFO  Executed sudo&lt;tedge_connect_c8y_test&gt;, exit status 0
14:12:57 INFO  Executed systemctl&lt;serv_mosq2&gt;, exit status 0
14:12:58 INFO  Executed systemctl&lt;serv_mapper3&gt;, exit status 0
14:13:00 INFO  State of current operation: SUCCESSFUL
14:13:00 INFO  Assert that (False == value) with value=False ... passed
14:13:01 INFO  Assert that (False == value) with value=False ... passed
14:13:01 INFO  Assert that (False == value) with value=False ... passed
14:13:01 INFO  Package robotfindskitten is installed
14:13:01 WARN  Assert that (False == value) with value=True ... failed 
14:13:01 INFO  Response status: 201
14:13:01 INFO  Response to action: {
    "creationTime": "2022-04-19T14:13:01.861Z",
    "deviceName": "mythicd",
    "deviceId": "17464287",
    "self": "https://t493319102.eu-latest.cumulocity.com/devicecontrol/operations/17475329",
    "id": "17475329",
    "status": "PENDING",
    "description": "Apply software changes, triggered from PySys: [{'action': 'install', 'id': '5475369', 'name': 'asciijump', 'url': ' ', 'version': '::apt'}, {'action': 'install', 'id': '5474869', 'name': 'robotfindskitten', 'url': ' ', 'version': '::apt'}, {'action': 'install', 'id': '5475279', 'name': 'squirrel3', 'url': ' ', 'version': '::apt'}]",
    "c8y_SoftwareUpdate": [
        {
            "name": "asciijump",
            "action": "install",
            "id": "5475369",
            "version": "::apt",
            "url": " "
        },
        {
            "name": "robotfindskitten",
            "action": "install",
            "id": "5474869",
            "version": "::apt",
            "url": " "
        },
        {
            "name": "squirrel3",
            "action": "install",
            "id": "5475279",
            "version": "::apt",
            "url": " "
        }
    ]
}
14:13:01 INFO  Started operation: {'creationTime': '2022-04-19T14:13:01.861Z', 'deviceName': 'mythicd', 'deviceId': '17464287', 'self': 'https://t493319102.eu-latest.cumulocity.com/devicecontrol/operations/17475329', 'id': '17475329', 'status': 'PENDING', 'description': "Apply software changes, triggered from PySys: [{'action': 'install', 'id': '5475369', 'name': 'asciijump', 'url': ' ', 'version': '::apt'}, {'action': 'install', 'id': '5474869', 'name': 'robotfindskitten', 'url': ' ', 'version': '::apt'}, {'action': 'install', 'id': '5475279', 'name': 'squirrel3', 'url': ' ', 'version': '::apt'}]", 'c8y_SoftwareUpdate': [{'name': 'asciijump', 'action': 'install', 'id': '5475369', 'version': '::apt', 'url': ' '}, {'name': 'robotfindskitten', 'action': 'install', 'id': '5474869', 'version': '::apt', 'url': ' '}, {'name': 'squirrel3', 'action': 'install', 'id': '5475279', 'version': '::apt', 'url': ' '}]}
14:13:04 INFO  State of operation 17475329 : PENDING
14:13:06 INFO  State of operation 17475329 : EXECUTING
14:13:08 INFO  State of operation 17475329 : EXECUTING
14:13:10 INFO  State of operation 17475329 : EXECUTING
14:13:13 INFO  State of operation 17475329 : EXECUTING
14:13:15 INFO  State of operation 17475329 : EXECUTING
14:13:17 INFO  State of operation 17475329 : EXECUTING
14:13:19 INFO  State of operation 17475329 : EXECUTING
14:13:22 INFO  State of operation 17475329 : EXECUTING
14:13:25 INFO  State of operation 17475329 : EXECUTING
14:13:27 INFO  State of operation 17475329 : EXECUTING
14:13:29 INFO  State of operation 17475329 : EXECUTING
14:13:31 INFO  State of operation 17475329 : EXECUTING
14:13:34 INFO  State of operation 17475329 : EXECUTING
14:13:36 INFO  State of operation 17475329 : EXECUTING
14:13:38 INFO  State of operation 17475329 : EXECUTING
14:13:40 INFO  State of operation 17475329 : EXECUTING
14:13:43 INFO  State of operation 17475329 : EXECUTING
14:13:45 INFO  State of operation 17475329 : EXECUTING
14:13:48 INFO  State of operation 17475329 : EXECUTING
14:13:50 INFO  State of operation 17475329 : EXECUTING
14:13:52 INFO  State of operation 17475329 : EXECUTING
14:13:55 INFO  State of operation 17475329 : EXECUTING
14:13:57 INFO  State of operation 17475329 : EXECUTING
14:14:00 INFO  State of operation 17475329 : EXECUTING
14:14:02 INFO  State of operation 17475329 : EXECUTING
14:14:04 INFO  State of operation 17475329 : EXECUTING
14:14:06 INFO  State of operation 17475329 : EXECUTING
14:14:09 INFO  State of operation 17475329 : EXECUTING
14:14:11 INFO  State of operation 17475329 : EXECUTING
14:14:13 INFO  State of operation 17475329 : EXECUTING
14:14:16 INFO  State of operation 17475329 : EXECUTING
14:14:18 INFO  State of operation 17475329 : EXECUTING
14:14:20 INFO  State of operation 17475329 : EXECUTING
14:14:22 INFO  State of operation 17475329 : EXECUTING
14:14:25 INFO  State of operation 17475329 : SUCCESSFUL
14:14:25 INFO  Assert that (False == value) with value=False ... passed
14:14:25 INFO  Package asciijump is installed
14:14:25 INFO  Assert that (True == value) with value=True ... passed
14:14:25 INFO  Package squirrel3 is installed
14:14:25 INFO  Assert that (True == value) with value=True ... passed
14:14:25 INFO  Package robotfindskitten is installed
14:14:25 INFO  Assert that (True == value) with value=True ... passed
14:14:26 INFO  Response status: 201
14:14:26 INFO  Response to action: {
    "creationTime": "2022-04-19T14:14:26.122Z",
    "deviceName": "mythicd",
    "deviceId": "17464287",
    "self": "https://t493319102.eu-latest.cumulocity.com/devicecontrol/operations/17475343",
    "id": "17475343",
    "status": "PENDING",
    "description": "Apply software changes, triggered from PySys: [{'action': 'delete', 'id': '5475369', 'name': 'asciijump', 'url': ' ', 'version': '::apt'}, {'action': 'delete', 'id': '5474869', 'name': 'robotfindskitten', 'url': ' ', 'version': '::apt'}, {'action': 'delete', 'id': '5475279', 'name': 'squirrel3', 'url': ' ', 'version': '::apt'}]",
    "c8y_SoftwareUpdate": [
        {
            "name": "asciijump",
            "action": "delete",
            "id": "5475369",
            "version": "::apt",
            "url": " "
        },
        {
            "name": "robotfindskitten",
            "action": "delete",
            "id": "5474869",
            "version": "::apt",
            "url": " "
        },
        {
            "name": "squirrel3",
            "action": "delete",
            "id": "5475279",
            "version": "::apt",
            "url": " "
        }
    ]
}
14:14:26 INFO  Started operation: {'creationTime': '2022-04-19T14:14:26.122Z', 'deviceName': 'mythicd', 'deviceId': '17464287', 'self': 'https://t493319102.eu-latest.cumulocity.com/devicecontrol/operations/17475343', 'id': '17475343', 'status': 'PENDING', 'description': "Apply software changes, triggered from PySys: [{'action': 'delete', 'id': '5475369', 'name': 'asciijump', 'url': ' ', 'version': '::apt'}, {'action': 'delete', 'id': '5474869', 'name': 'robotfindskitten', 'url': ' ', 'version': '::apt'}, {'action': 'delete', 'id': '5475279', 'name': 'squirrel3', 'url': ' ', 'version': '::apt'}]", 'c8y_SoftwareUpdate': [{'name': 'asciijump', 'action': 'delete', 'id': '5475369', 'version': '::apt', 'url': ' '}, {'name': 'robotfindskitten', 'action': 'delete', 'id': '5474869', 'version': '::apt', 'url': ' '}, {'name': 'squirrel3', 'action': 'delete', 'id': '5475279', 'version': '::apt', 'url': ' '}]}
14:14:28 INFO  State of operation 17475343 : PENDING
14:14:30 INFO  State of operation 17475343 : EXECUTING
14:14:32 INFO  State of operation 17475343 : EXECUTING
14:14:35 INFO  State of operation 17475343 : EXECUTING
14:14:37 INFO  State of operation 17475343 : EXECUTING
14:14:39 INFO  State of operation 17475343 : EXECUTING
14:14:42 INFO  State of operation 17475343 : EXECUTING
14:14:45 INFO  State of operation 17475343 : EXECUTING
14:14:47 INFO  State of operation 17475343 : EXECUTING
14:14:50 INFO  State of operation 17475343 : EXECUTING
14:14:52 INFO  State of operation 17475343 : EXECUTING
14:14:54 INFO  State of operation 17475343 : EXECUTING
14:14:56 INFO  State of operation 17475343 : EXECUTING
14:14:59 INFO  State of operation 17475343 : EXECUTING
14:15:01 INFO  State of operation 17475343 : EXECUTING
14:15:03 INFO  State of operation 17475343 : EXECUTING
14:15:06 INFO  State of operation 17475343 : EXECUTING
14:15:08 INFO  State of operation 17475343 : EXECUTING
14:15:11 INFO  State of operation 17475343 : EXECUTING
14:15:13 INFO  State of operation 17475343 : EXECUTING
14:15:16 INFO  State of operation 17475343 : EXECUTING
14:15:18 INFO  State of operation 17475343 : EXECUTING
14:15:20 INFO  State of operation 17475343 : EXECUTING
14:15:22 INFO  State of operation 17475343 : EXECUTING
14:15:25 INFO  State of operation 17475343 : EXECUTING
14:15:33 INFO  State of operation 17475343 : SUCCESSFUL
14:15:33 INFO  Assert that (False == value) with value=False ... passed
14:15:33 INFO  Assert that (False == value) with value=False ... passed
14:15:34 INFO  Assert that (False == value) with value=False ... passed
14:15:34 INFO  Assert that (False == value) with value=False ... passed
14:15:34 INFO  
14:15:34 INFO  cleanup:
14:15:38 INFO  Executed sudo&lt;tedge_disconnect_c8y&gt;, exit status 0
14:15:39 INFO  Executed systemctl&lt;serv_mapper5&gt;, exit status 3
14:15:39 INFO  
14:15:39 INFO  Test duration: 183.39 secs
14:15:39 INFO  Test final outcome:  FAILED
14:15:39 INFO  Test outcome reason: Assert that (False == value) with value=True
14:15:39 INFO  
</system-out>
	</testcase>
<testcase classname="PySysTest" name="SoftwareManagement.sm_apt_install_remove_multiple">
		<failure message="FAILED: Assert that (False == value) with value=True (+2 other failures)" type="FAILED" />
		<system-out>14:39:57 INFO  ==============================================================
14:39:57 INFO  Id:    SoftwareManagement.sm_apt_install_remove_multiple
14:39:57 INFO  Dir:   software_management_end_to_end/
14:39:57 INFO  Title: Validate end to end behaviour for the apt plugin for multiple packages
14:39:57 INFO  ==============================================================
14:39:57 INFO  Using sw id database: {'asciijump': '5475369', 'robotfindskitten': '5474869', 'squirrel3': '5475279', 'rolldice': '5152439', 'moon-buggy': '5439204', 'apple': '5495053', 'banana': '5494888', 'cherry': '5495382', 'watermelon': '5494510', 'registry': '8018911', 'hello-world': '8021526', 'docker/getting-started': '8021973', 'alpine': '7991792'}
14:39:57 INFO  EnvironmentC8y Setup
14:39:57 INFO  Executed systemctl&lt;serv_mapper1&gt;, exit status 3
14:39:57 INFO  Restarting mosquitto too frequently in the last 10 seconds. It was only up for 5 seconds
14:39:58 INFO  Delaying execution by 6 seconds
14:40:18 INFO  Executed sudo&lt;tedge_connect_c8y&gt;, exit status 0, duration 14 secs
14:40:19 INFO  Executed sudo&lt;tedge_connect_c8y_test&gt;, exit status 0
14:40:19 INFO  Executed systemctl&lt;serv_mosq2&gt;, exit status 0
14:40:19 INFO  Executed systemctl&lt;serv_mapper3&gt;, exit status 0
14:40:22 INFO  State of current operation: SUCCESSFUL
14:40:22 INFO  Assert that (False == value) with value=False ... passed
14:40:22 INFO  Package asciijump is installed
14:40:22 WARN  Assert that (False == value) with value=True ... failed 
14:40:23 INFO  Package squirrel3 is installed
14:40:23 WARN  Assert that (False == value) with value=True ... failed 
14:40:23 INFO  Package robotfindskitten is installed
14:40:23 WARN  Assert that (False == value) with value=True ... failed 
14:40:23 INFO  Response status: 201
14:40:23 INFO  Response to action: {
    "delivery": {
        "time": "2022-04-19T14:40:23.676Z",
        "log": [],
        "status": "PENDING"
    },
    "creationTime": "2022-04-19T14:40:23.662Z",
    "deviceName": "mythicd",
    "deviceId": "17464287",
    "self": "https://t493319102.eu-latest.cumulocity.com/devicecontrol/operations/17475440",
    "id": "17475440",
    "status": "PENDING",
    "description": "Apply software changes, triggered from PySys: [{'action': 'install', 'id': '5475369', 'name': 'asciijump', 'url': ' ', 'version': '::apt'}, {'action': 'install', 'id': '5474869', 'name': 'robotfindskitten', 'url': ' ', 'version': '::apt'}, {'action': 'install', 'id': '5475279', 'name': 'squirrel3', 'url': ' ', 'version': '::apt'}]",
    "c8y_SoftwareUpdate": [
        {
            "name": "asciijump",
            "action": "install",
            "id": "5475369",
            "version": "::apt",
            "url": " "
        },
        {
            "name": "robotfindskitten",
            "action": "install",
            "id": "5474869",
            "version": "::apt",
            "url": " "
        },
        {
            "name": "squirrel3",
            "action": "install",
            "id": "5475279",
            "version": "::apt",
            "url": " "
        }
    ]
}
14:40:23 INFO  Started operation: {'delivery': {'time': '2022-04-19T14:40:23.676Z', 'log': [], 'status': 'PENDING'}, 'creationTime': '2022-04-19T14:40:23.662Z', 'deviceName': 'mythicd', 'deviceId': '17464287', 'self': 'https://t493319102.eu-latest.cumulocity.com/devicecontrol/operations/17475440', 'id': '17475440', 'status': 'PENDING', 'description': "Apply software changes, triggered from PySys: [{'action': 'install', 'id': '5475369', 'name': 'asciijump', 'url': ' ', 'version': '::apt'}, {'action': 'install', 'id': '5474869', 'name': 'robotfindskitten', 'url': ' ', 'version': '::apt'}, {'action': 'install', 'id': '5475279', 'name': 'squirrel3', 'url': ' ', 'version': '::apt'}]", 'c8y_SoftwareUpdate': [{'name': 'asciijump', 'action': 'install', 'id': '5475369', 'version': '::apt', 'url': ' '}, {'name': 'robotfindskitten', 'action': 'install', 'id': '5474869', 'version': '::apt', 'url': ' '}, {'name': 'squirrel3', 'action': 'install', 'id': '5475279', 'version': '::apt', 'url': ' '}]}
14:40:25 INFO  State of operation 17475440 : PENDING
14:40:28 INFO  State of operation 17475440 : EXECUTING
14:40:30 INFO  State of operation 17475440 : EXECUTING
14:40:32 INFO  State of operation 17475440 : EXECUTING
14:40:34 INFO  State of operation 17475440 : EXECUTING
14:40:37 INFO  State of operation 17475440 : EXECUTING
14:40:39 INFO  State of operation 17475440 : EXECUTING
14:40:42 INFO  State of operation 17475440 : EXECUTING
14:40:44 INFO  State of operation 17475440 : EXECUTING
14:40:47 INFO  State of operation 17475440 : EXECUTING
14:40:49 INFO  State of operation 17475440 : EXECUTING
14:40:51 INFO  State of operation 17475440 : EXECUTING
14:40:53 INFO  State of operation 17475440 : EXECUTING
14:40:56 INFO  State of operation 17475440 : EXECUTING
14:40:58 INFO  State of operation 17475440 : EXECUTING
14:41:00 INFO  State of operation 17475440 : SUCCESSFUL
14:41:00 INFO  Assert that (False == value) with value=False ... passed
14:41:01 INFO  Package asciijump is installed
14:41:01 INFO  Assert that (True == value) with value=True ... passed
14:41:01 INFO  Package squirrel3 is installed
14:41:01 INFO  Assert that (True == value) with value=True ... passed
14:41:01 INFO  Package robotfindskitten is installed
14:41:01 INFO  Assert that (True == value) with value=True ... passed
14:41:01 INFO  Response status: 201
14:41:01 INFO  Response to action: {
    "delivery": {
        "time": "2022-04-19T14:41:01.767Z",
        "log": [],
        "status": "PENDING"
    },
    "creationTime": "2022-04-19T14:41:01.750Z",
    "deviceName": "mythicd",
    "deviceId": "17464287",
    "self": "https://t493319102.eu-latest.cumulocity.com/devicecontrol/operations/17475446",
    "id": "17475446",
    "status": "PENDING",
    "description": "Apply software changes, triggered from PySys: [{'action': 'delete', 'id': '5475369', 'name': 'asciijump', 'url': ' ', 'version': '::apt'}, {'action': 'delete', 'id': '5474869', 'name': 'robotfindskitten', 'url': ' ', 'version': '::apt'}, {'action': 'delete', 'id': '5475279', 'name': 'squirrel3', 'url': ' ', 'version': '::apt'}]",
    "c8y_SoftwareUpdate": [
        {
            "name": "asciijump",
            "action": "delete",
            "id": "5475369",
            "version": "::apt",
            "url": " "
        },
        {
            "name": "robotfindskitten",
            "action": "delete",
            "id": "5474869",
            "version": "::apt",
            "url": " "
        },
        {
            "name": "squirrel3",
            "action": "delete",
            "id": "5475279",
            "version": "::apt",
            "url": " "
        }
    ]
}
14:41:01 INFO  Started operation: {'delivery': {'time': '2022-04-19T14:41:01.767Z', 'log': [], 'status': 'PENDING'}, 'creationTime': '2022-04-19T14:41:01.750Z', 'deviceName': 'mythicd', 'deviceId': '17464287', 'self': 'https://t493319102.eu-latest.cumulocity.com/devicecontrol/operations/17475446', 'id': '17475446', 'status': 'PENDING', 'description': "Apply software changes, triggered from PySys: [{'action': 'delete', 'id': '5475369', 'name': 'asciijump', 'url': ' ', 'version': '::apt'}, {'action': 'delete', 'id': '5474869', 'name': 'robotfindskitten', 'url': ' ', 'version': '::apt'}, {'action': 'delete', 'id': '5475279', 'name': 'squirrel3', 'url': ' ', 'version': '::apt'}]", 'c8y_SoftwareUpdate': [{'name': 'asciijump', 'action': 'delete', 'id': '5475369', 'version': '::apt', 'url': ' '}, {'name': 'robotfindskitten', 'action': 'delete', 'id': '5474869', 'version': '::apt', 'url': ' '}, {'name': 'squirrel3', 'action': 'delete', 'id': '5475279', 'version': '::apt', 'url': ' '}]}
14:41:04 INFO  State of operation 17475446 : PENDING
14:41:06 INFO  State of operation 17475446 : EXECUTING
14:41:08 INFO  State of operation 17475446 : EXECUTING
14:41:10 INFO  State of operation 17475446 : EXECUTING
14:41:12 INFO  State of operation 17475446 : EXECUTING
14:41:15 INFO  State of operation 17475446 : EXECUTING
14:41:17 INFO  State of operation 17475446 : EXECUTING
14:41:20 INFO  State of operation 17475446 : EXECUTING
14:41:22 INFO  State of operation 17475446 : EXECUTING
14:41:25 INFO  State of operation 17475446 : EXECUTING
14:41:27 INFO  State of operation 17475446 : EXECUTING
14:41:29 INFO  State of operation 17475446 : EXECUTING
14:41:32 INFO  State of operation 17475446 : EXECUTING
14:41:34 INFO  State of operation 17475446 : EXECUTING
14:41:36 INFO  State of operation 17475446 : EXECUTING
14:41:38 INFO  State of operation 17475446 : EXECUTING
14:41:41 INFO  State of operation 17475446 : EXECUTING
14:41:43 INFO  State of operation 17475446 : EXECUTING
14:41:46 INFO  State of operation 17475446 : EXECUTING
14:41:48 INFO  State of operation 17475446 : EXECUTING
14:41:50 INFO  State of operation 17475446 : EXECUTING
14:41:53 INFO  State of operation 17475446 : EXECUTING
14:41:55 INFO  State of operation 17475446 : EXECUTING
14:41:57 INFO  State of operation 17475446 : EXECUTING
14:41:59 INFO  State of operation 17475446 : EXECUTING
14:42:02 INFO  State of operation 17475446 : EXECUTING
14:42:04 INFO  State of operation 17475446 : EXECUTING
14:42:07 INFO  State of operation 17475446 : EXECUTING
14:42:09 INFO  State of operation 17475446 : EXECUTING
14:42:11 INFO  State of operation 17475446 : SUCCESSFUL
14:42:11 INFO  Assert that (False == value) with value=False ... passed
14:42:12 INFO  Assert that (False == value) with value=False ... passed
14:42:12 INFO  Assert that (False == value) with value=False ... passed
14:42:12 INFO  Assert that (False == value) with value=False ... passed
14:42:12 INFO  
14:42:12 INFO  cleanup:
14:42:16 INFO  Executed sudo&lt;tedge_disconnect_c8y&gt;, exit status 0
14:42:17 INFO  Executed systemctl&lt;serv_mapper5&gt;, exit status 3
14:42:17 INFO  
14:42:17 INFO  Test duration: 139.96 secs
14:42:17 INFO  Test final outcome:  FAILED
14:42:17 INFO  Test outcome reason: Assert that (False == value) with value=True (+2 other failures)
14:42:17 INFO  
</system-out>
	</testcase>
</testsuite><testsuite name="SoftwareManagement.sm_apt_install_remove_multiple_mixed" tests="3" errors="0" failures="2" skipped="1" time="0"><testcase classname="PySysTest" name="SoftwareManagement.sm_apt_install_remove_multiple_mixed">
		<skipped message="SKIPPED: Testing the apt plugin is not supported on this platform.Use parameter -XmyPlatform='container' to enable it" />
		<system-out>13:39:55 INFO  ==============================================================
13:39:55 INFO  Id:    SoftwareManagement.sm_apt_install_remove_multiple_mixed
13:39:55 INFO  Dir:   software_management_end_to_end/
13:39:55 INFO  Title: Validate end to end behaviour for the apt plugin for multiple packages with mixed versions
13:39:55 INFO  ==============================================================
13:39:55 INFO  Testing the apt plugin is not supported on this platform.Use parameter -XmyPlatform='container' to enable it ... skipped
13:39:55 WARN  Aborted test due to SKIPPED outcome
13:39:55 INFO  
13:39:55 INFO  Test duration: 0.02 secs
13:39:55 INFO  Test final outcome:  SKIPPED
13:39:55 INFO  Test outcome reason: Testing the apt plugin is not supported on this platform.Use parameter -XmyPlatform='container' to enable it
13:39:55 INFO  
</system-out>
	</testcase>
<testcase classname="PySysTest" name="SoftwareManagement.sm_apt_install_remove_multiple_mixed">
		<failure message="BLOCKED: SystemError: Timeout while waiting for status SUCCESSFUL or False" type="BLOCKED" />
		<system-out>14:15:39 INFO  ==============================================================
14:15:39 INFO  Id:    SoftwareManagement.sm_apt_install_remove_multiple_mixed
14:15:39 INFO  Dir:   software_management_end_to_end/
14:15:39 INFO  Title: Validate end to end behaviour for the apt plugin for multiple packages with mixed versions
14:15:39 INFO  ==============================================================
14:15:39 INFO  Using sw id database: {'asciijump': '5475369', 'robotfindskitten': '5474869', 'squirrel3': '5475279', 'rolldice': '5152439', 'moon-buggy': '5439204', 'apple': '5495053', 'banana': '5494888', 'cherry': '5495382', 'watermelon': '5494510', 'registry': '8018911', 'hello-world': '8021526', 'docker/getting-started': '8021973', 'alpine': '7991792'}
14:15:39 INFO  EnvironmentC8y Setup
14:15:39 INFO  Executed systemctl&lt;serv_mapper1&gt;, exit status 3
14:15:39 INFO  Restarting mosquitto too frequently in the last 10 seconds. It was only up for 5 seconds
14:15:39 INFO  Delaying execution by 6 seconds
14:16:00 INFO  Executed sudo&lt;tedge_connect_c8y&gt;, exit status 0, duration 14 secs
14:16:00 INFO  Executed sudo&lt;tedge_connect_c8y_test&gt;, exit status 0
14:16:01 INFO  Executed systemctl&lt;serv_mosq2&gt;, exit status 0
14:16:01 INFO  Executed systemctl&lt;serv_mapper3&gt;, exit status 0
14:16:03 INFO  State of current operation: SUCCESSFUL
14:16:04 INFO  Assert that (False == value) with value=False ... passed
14:16:04 INFO  Assert that (False == value) with value=False ... passed
14:16:04 INFO  Assert that (False == value) with value=False ... passed
14:16:05 INFO  Assert that (False == value) with value=False ... passed
14:16:05 INFO  Assert that (False == value) with value=False ... passed
14:16:06 INFO  Response status: 201
14:16:06 INFO  Response to action: {
    "creationTime": "2022-04-19T14:16:06.446Z",
    "deviceName": "mythicd",
    "deviceId": "17464287",
    "self": "https://t493319102.eu-latest.cumulocity.com/devicecontrol/operations/17475348",
    "id": "17475348",
    "status": "PENDING",
    "description": "Apply software changes, triggered from PySys: [{'action': 'install', 'id': '5475369', 'name': 'asciijump', 'url': ' ', 'version': '::apt'}, {'action': 'install', 'id': '5474869', 'name': 'robotfindskitten', 'url': ' ', 'version': ' '}, {'action': 'install', 'id': '5475279', 'name': 'squirrel3', 'url': ' ', 'version': '3.1-7::apt'}, {'action': 'install', 'id': '5152439', 'name': 'rolldice', 'url': ' ', 'version': '1.16-1+b1'}, {'action': 'install', 'id': '5439204', 'name': 'moon-buggy', 'url': ' ', 'version': '1:1.0.51-12'}, {'action': 'install', 'id': '5475369', 'name': 'asciijump', 'url': ' ', 'version': '::apt'}]",
    "c8y_SoftwareUpdate": [
        {
            "name": "asciijump",
            "action": "install",
            "id": "5475369",
            "version": "::apt",
            "url": " "
        },
        {
            "name": "robotfindskitten",
            "action": "install",
            "id": "5474869",
            "version": " ",
            "url": " "
        },
        {
            "name": "squirrel3",
            "action": "install",
            "id": "5475279",
            "version": "3.1-7::apt",
            "url": " "
        },
        {
            "name": "rolldice",
            "action": "install",
            "id": "5152439",
            "version": "1.16-1+b1",
            "url": " "
        },
        {
            "name": "moon-buggy",
            "action": "install",
            "id": "5439204",
            "version": "1:1.0.51-12",
            "url": " "
        },
        {
            "name": "asciijump",
            "action": "install",
            "id": "5475369",
            "version": "::apt",
            "url": " "
        }
    ]
}
14:16:06 INFO  Started operation: {'creationTime': '2022-04-19T14:16:06.446Z', 'deviceName': 'mythicd', 'deviceId': '17464287', 'self': 'https://t493319102.eu-latest.cumulocity.com/devicecontrol/operations/17475348', 'id': '17475348', 'status': 'PENDING', 'description': "Apply software changes, triggered from PySys: [{'action': 'install', 'id': '5475369', 'name': 'asciijump', 'url': ' ', 'version': '::apt'}, {'action': 'install', 'id': '5474869', 'name': 'robotfindskitten', 'url': ' ', 'version': ' '}, {'action': 'install', 'id': '5475279', 'name': 'squirrel3', 'url': ' ', 'version': '3.1-7::apt'}, {'action': 'install', 'id': '5152439', 'name': 'rolldice', 'url': ' ', 'version': '1.16-1+b1'}, {'action': 'install', 'id': '5439204', 'name': 'moon-buggy', 'url': ' ', 'version': '1:1.0.51-12'}, {'action': 'install', 'id': '5475369', 'name': 'asciijump', 'url': ' ', 'version': '::apt'}]", 'c8y_SoftwareUpdate': [{'name': 'asciijump', 'action': 'install', 'id': '5475369', 'version': '::apt', 'url': ' '}, {'name': 'robotfindskitten', 'action': 'install', 'id': '5474869', 'version': ' ', 'url': ' '}, {'name': 'squirrel3', 'action': 'install', 'id': '5475279', 'version': '3.1-7::apt', 'url': ' '}, {'name': 'rolldice', 'action': 'install', 'id': '5152439', 'version': '1.16-1+b1', 'url': ' '}, {'name': 'moon-buggy', 'action': 'install', 'id': '5439204', 'version': '1:1.0.51-12', 'url': ' '}, {'name': 'asciijump', 'action': 'install', 'id': '5475369', 'version': '::apt', 'url': ' '}]}
14:16:08 INFO  State of operation 17475348 : PENDING
14:16:10 INFO  State of operation 17475348 : EXECUTING
14:16:13 INFO  State of operation 17475348 : EXECUTING
14:16:15 INFO  State of operation 17475348 : EXECUTING
14:16:17 INFO  State of operation 17475348 : EXECUTING
14:16:19 INFO  State of operation 17475348 : EXECUTING
14:16:23 INFO  State of operation 17475348 : EXECUTING
14:16:26 INFO  State of operation 17475348 : EXECUTING
14:16:28 INFO  State of operation 17475348 : EXECUTING
14:16:31 INFO  State of operation 17475348 : EXECUTING
14:16:33 INFO  State of operation 17475348 : EXECUTING
14:16:35 INFO  State of operation 17475348 : EXECUTING
14:16:37 INFO  State of operation 17475348 : EXECUTING
14:16:40 INFO  State of operation 17475348 : EXECUTING
14:16:42 INFO  State of operation 17475348 : EXECUTING
14:16:44 INFO  State of operation 17475348 : EXECUTING
14:16:46 INFO  State of operation 17475348 : EXECUTING
14:16:49 INFO  State of operation 17475348 : EXECUTING
14:16:51 INFO  State of operation 17475348 : EXECUTING
14:16:54 INFO  State of operation 17475348 : EXECUTING
14:16:56 INFO  State of operation 17475348 : EXECUTING
14:16:59 INFO  State of operation 17475348 : EXECUTING
14:17:01 INFO  State of operation 17475348 : EXECUTING
14:17:03 INFO  State of operation 17475348 : EXECUTING
14:17:05 INFO  State of operation 17475348 : EXECUTING
14:17:08 INFO  State of operation 17475348 : EXECUTING
14:17:10 INFO  State of operation 17475348 : EXECUTING
14:17:13 INFO  State of operation 17475348 : EXECUTING
14:17:15 INFO  State of operation 17475348 : EXECUTING
14:17:17 INFO  State of operation 17475348 : EXECUTING
14:17:20 INFO  State of operation 17475348 : EXECUTING
14:17:22 INFO  State of operation 17475348 : EXECUTING
14:17:24 INFO  State of operation 17475348 : EXECUTING
14:17:26 INFO  State of operation 17475348 : EXECUTING
14:17:29 INFO  State of operation 17475348 : EXECUTING
14:17:31 INFO  State of operation 17475348 : EXECUTING
14:17:33 INFO  State of operation 17475348 : EXECUTING
14:17:35 INFO  State of operation 17475348 : EXECUTING
14:17:38 INFO  State of operation 17475348 : EXECUTING
14:17:41 INFO  State of operation 17475348 : EXECUTING
14:17:43 INFO  State of operation 17475348 : EXECUTING
14:17:45 INFO  State of operation 17475348 : EXECUTING
14:17:48 INFO  State of operation 17475348 : EXECUTING
14:17:50 INFO  State of operation 17475348 : EXECUTING
14:17:52 INFO  State of operation 17475348 : EXECUTING
14:17:54 INFO  State of operation 17475348 : EXECUTING
14:17:57 INFO  State of operation 17475348 : EXECUTING
14:17:59 INFO  State of operation 17475348 : EXECUTING
14:18:01 INFO  State of operation 17475348 : EXECUTING
14:18:03 INFO  State of operation 17475348 : EXECUTING
14:18:06 INFO  State of operation 17475348 : EXECUTING
14:18:08 INFO  State of operation 17475348 : EXECUTING
14:18:11 INFO  State of operation 17475348 : EXECUTING
14:18:13 INFO  State of operation 17475348 : EXECUTING
14:18:16 INFO  State of operation 17475348 : EXECUTING
14:18:18 INFO  State of operation 17475348 : EXECUTING
14:18:20 INFO  State of operation 17475348 : EXECUTING
14:18:23 INFO  State of operation 17475348 : EXECUTING
14:18:25 INFO  State of operation 17475348 : EXECUTING
14:18:28 INFO  State of operation 17475348 : EXECUTING
14:18:30 INFO  State of operation 17475348 : EXECUTING
14:18:32 WARN  SystemError occurred while running test - Timeout while waiting for status SUCCESSFUL or False
Traceback (most recent call last):
  File "/home/pi/env-pysys/lib/python3.7/site-packages/pysys/baserunner.py", line 1294, in __call__
    self.testObj.execute()
  File "/home/pi/actions-runner/_work/thin-edge.io/thin-edge.io/tests/PySys/software_management_end_to_end/sm_apt_install_remove_multiple_mixed/run.py", line 89, in execute
    self.wait_until_succcess()
  File "/home/pi/actions-runner/_work/thin-edge.io/thin-edge.io/tests/PySys/software_management_end_to_end/environment_sm_management.py", line 324, in wait_until_succcess
    self.wait_until_status("SUCCESSFUL")
  File "/home/pi/actions-runner/_work/thin-edge.io/thin-edge.io/tests/PySys/software_management_end_to_end/environment_sm_management.py", line 381, in wait_until_status
    "Timeout while waiting for status %s or %s" % (status, status2)
SystemError: Timeout while waiting for status SUCCESSFUL or False
14:18:32 WARN  SystemError: Timeout while waiting for status SUCCESSFUL or False ... blocked 
14:18:32 INFO  
14:18:32 INFO  cleanup:
14:18:36 INFO  Executed sudo&lt;tedge_disconnect_c8y&gt;, exit status 0
14:18:37 INFO  Executed systemctl&lt;serv_mapper5&gt;, exit status 3
14:18:37 INFO  
14:18:37 INFO  Test duration: 178.05 secs
14:18:37 INFO  Test final outcome:  BLOCKED
14:18:37 INFO  Test outcome reason: SystemError: Timeout while waiting for status SUCCESSFUL or False
14:18:37 INFO  
</system-out>
	</testcase>
<testcase classname="PySysTest" name="SoftwareManagement.sm_apt_install_remove_multiple_mixed">
		<failure message="BLOCKED: SystemError: Timeout while waiting for status SUCCESSFUL or False (+1 other failures)" type="BLOCKED" />
		<system-out>14:42:17 INFO  ==============================================================
14:42:17 INFO  Id:    SoftwareManagement.sm_apt_install_remove_multiple_mixed
14:42:17 INFO  Dir:   software_management_end_to_end/
14:42:17 INFO  Title: Validate end to end behaviour for the apt plugin for multiple packages with mixed versions
14:42:17 INFO  ==============================================================
14:42:17 INFO  Using sw id database: {'asciijump': '5475369', 'robotfindskitten': '5474869', 'squirrel3': '5475279', 'rolldice': '5152439', 'moon-buggy': '5439204', 'apple': '5495053', 'banana': '5494888', 'cherry': '5495382', 'watermelon': '5494510', 'registry': '8018911', 'hello-world': '8021526', 'docker/getting-started': '8021973', 'alpine': '7991792'}
14:42:17 INFO  EnvironmentC8y Setup
14:42:17 INFO  Executed systemctl&lt;serv_mapper1&gt;, exit status 3
14:42:18 INFO  Restarting mosquitto too frequently in the last 10 seconds. It was only up for 5 seconds
14:42:18 INFO  Delaying execution by 6 seconds
14:42:38 INFO  Executed sudo&lt;tedge_connect_c8y&gt;, exit status 0, duration 14 secs
14:42:39 INFO  Executed sudo&lt;tedge_connect_c8y_test&gt;, exit status 0
14:42:39 INFO  Executed systemctl&lt;serv_mosq2&gt;, exit status 0
14:42:39 INFO  Executed systemctl&lt;serv_mapper3&gt;, exit status 0
14:42:42 INFO  State of current operation: SUCCESSFUL
14:42:42 INFO  Assert that (False == value) with value=False ... passed
14:42:42 INFO  Assert that (False == value) with value=False ... passed
14:42:42 INFO  Assert that (False == value) with value=False ... passed
14:42:43 INFO  Assert that (False == value) with value=False ... passed
14:42:43 INFO  Package moon-buggy is installed
14:42:43 WARN  Assert that (False == value) with value=True ... failed 
14:42:44 INFO  Response status: 201
14:42:44 INFO  Response to action: {
    "delivery": {
        "time": "2022-04-19T14:42:44.820Z",
        "log": [],
        "status": "PENDING"
    },
    "creationTime": "2022-04-19T14:42:44.804Z",
    "deviceName": "mythicd",
    "deviceId": "17464287",
    "self": "https://t493319102.eu-latest.cumulocity.com/devicecontrol/operations/17475454",
    "id": "17475454",
    "status": "PENDING",
    "description": "Apply software changes, triggered from PySys: [{'action': 'install', 'id': '5475369', 'name': 'asciijump', 'url': ' ', 'version': '::apt'}, {'action': 'install', 'id': '5474869', 'name': 'robotfindskitten', 'url': ' ', 'version': ' '}, {'action': 'install', 'id': '5475279', 'name': 'squirrel3', 'url': ' ', 'version': '3.1-7::apt'}, {'action': 'install', 'id': '5152439', 'name': 'rolldice', 'url': ' ', 'version': '1.16-1+b1'}, {'action': 'install', 'id': '5439204', 'name': 'moon-buggy', 'url': ' ', 'version': '1:1.0.51-12'}, {'action': 'install', 'id': '5475369', 'name': 'asciijump', 'url': ' ', 'version': '::apt'}]",
    "c8y_SoftwareUpdate": [
        {
            "name": "asciijump",
            "action": "install",
            "id": "5475369",
            "version": "::apt",
            "url": " "
        },
        {
            "name": "robotfindskitten",
            "action": "install",
            "id": "5474869",
            "version": " ",
            "url": " "
        },
        {
            "name": "squirrel3",
            "action": "install",
            "id": "5475279",
            "version": "3.1-7::apt",
            "url": " "
        },
        {
            "name": "rolldice",
            "action": "install",
            "id": "5152439",
            "version": "1.16-1+b1",
            "url": " "
        },
        {
            "name": "moon-buggy",
            "action": "install",
            "id": "5439204",
            "version": "1:1.0.51-12",
            "url": " "
        },
        {
            "name": "asciijump",
            "action": "install",
            "id": "5475369",
            "version": "::apt",
            "url": " "
        }
    ]
}
14:42:44 INFO  Started operation: {'delivery': {'time': '2022-04-19T14:42:44.820Z', 'log': [], 'status': 'PENDING'}, 'creationTime': '2022-04-19T14:42:44.804Z', 'deviceName': 'mythicd', 'deviceId': '17464287', 'self': 'https://t493319102.eu-latest.cumulocity.com/devicecontrol/operations/17475454', 'id': '17475454', 'status': 'PENDING', 'description': "Apply software changes, triggered from PySys: [{'action': 'install', 'id': '5475369', 'name': 'asciijump', 'url': ' ', 'version': '::apt'}, {'action': 'install', 'id': '5474869', 'name': 'robotfindskitten', 'url': ' ', 'version': ' '}, {'action': 'install', 'id': '5475279', 'name': 'squirrel3', 'url': ' ', 'version': '3.1-7::apt'}, {'action': 'install', 'id': '5152439', 'name': 'rolldice', 'url': ' ', 'version': '1.16-1+b1'}, {'action': 'install', 'id': '5439204', 'name': 'moon-buggy', 'url': ' ', 'version': '1:1.0.51-12'}, {'action': 'install', 'id': '5475369', 'name': 'asciijump', 'url': ' ', 'version': '::apt'}]", 'c8y_SoftwareUpdate': [{'name': 'asciijump', 'action': 'install', 'id': '5475369', 'version': '::apt', 'url': ' '}, {'name': 'robotfindskitten', 'action': 'install', 'id': '5474869', 'version': ' ', 'url': ' '}, {'name': 'squirrel3', 'action': 'install', 'id': '5475279', 'version': '3.1-7::apt', 'url': ' '}, {'name': 'rolldice', 'action': 'install', 'id': '5152439', 'version': '1.16-1+b1', 'url': ' '}, {'name': 'moon-buggy', 'action': 'install', 'id': '5439204', 'version': '1:1.0.51-12', 'url': ' '}, {'name': 'asciijump', 'action': 'install', 'id': '5475369', 'version': '::apt', 'url': ' '}]}
14:42:47 INFO  State of operation 17475454 : PENDING
14:42:49 INFO  State of operation 17475454 : EXECUTING
14:42:51 INFO  State of operation 17475454 : EXECUTING
14:42:54 INFO  State of operation 17475454 : EXECUTING
14:42:56 INFO  State of operation 17475454 : EXECUTING
14:42:58 INFO  State of operation 17475454 : EXECUTING
14:43:01 INFO  State of operation 17475454 : EXECUTING
14:43:04 INFO  State of operation 17475454 : EXECUTING
14:43:06 INFO  State of operation 17475454 : EXECUTING
14:43:09 INFO  State of operation 17475454 : EXECUTING
14:43:11 INFO  State of operation 17475454 : EXECUTING
14:43:13 INFO  State of operation 17475454 : EXECUTING
14:43:15 INFO  State of operation 17475454 : EXECUTING
14:43:18 INFO  State of operation 17475454 : EXECUTING
14:43:20 INFO  State of operation 17475454 : EXECUTING
14:43:22 INFO  State of operation 17475454 : EXECUTING
14:43:24 INFO  State of operation 17475454 : EXECUTING
14:43:27 INFO  State of operation 17475454 : EXECUTING
14:43:30 INFO  State of operation 17475454 : EXECUTING
14:43:32 INFO  State of operation 17475454 : EXECUTING
14:43:34 INFO  State of operation 17475454 : EXECUTING
14:43:37 INFO  State of operation 17475454 : EXECUTING
14:43:39 INFO  State of operation 17475454 : EXECUTING
14:43:41 INFO  State of operation 17475454 : EXECUTING
14:43:44 INFO  State of operation 17475454 : EXECUTING
14:43:46 INFO  State of operation 17475454 : EXECUTING
14:43:49 INFO  State of operation 17475454 : EXECUTING
14:43:51 INFO  State of operation 17475454 : EXECUTING
14:43:53 INFO  State of operation 17475454 : EXECUTING
14:43:55 INFO  State of operation 17475454 : EXECUTING
14:43:58 INFO  State of operation 17475454 : EXECUTING
14:44:00 INFO  State of operation 17475454 : EXECUTING
14:44:02 INFO  State of operation 17475454 : EXECUTING
14:44:05 INFO  State of operation 17475454 : EXECUTING
14:44:07 INFO  State of operation 17475454 : EXECUTING
14:44:09 INFO  State of operation 17475454 : EXECUTING
14:44:11 INFO  State of operation 17475454 : EXECUTING
14:44:13 INFO  State of operation 17475454 : EXECUTING
14:44:16 INFO  State of operation 17475454 : EXECUTING
14:44:19 INFO  State of operation 17475454 : EXECUTING
14:44:22 INFO  State of operation 17475454 : EXECUTING
14:44:24 INFO  State of operation 17475454 : EXECUTING
14:44:26 INFO  State of operation 17475454 : EXECUTING
14:44:29 INFO  State of operation 17475454 : EXECUTING
14:44:31 INFO  State of operation 17475454 : EXECUTING
14:44:33 INFO  State of operation 17475454 : EXECUTING
14:44:35 INFO  State of operation 17475454 : EXECUTING
14:44:38 INFO  State of operation 17475454 : EXECUTING
14:44:40 INFO  State of operation 17475454 : EXECUTING
14:44:43 INFO  State of operation 17475454 : EXECUTING
14:44:45 INFO  State of operation 17475454 : EXECUTING
14:44:47 INFO  State of operation 17475454 : EXECUTING
14:44:49 INFO  State of operation 17475454 : EXECUTING
14:44:52 INFO  State of operation 17475454 : EXECUTING
14:44:54 INFO  State of operation 17475454 : EXECUTING
14:44:57 INFO  State of operation 17475454 : EXECUTING
14:44:59 INFO  State of operation 17475454 : EXECUTING
14:45:02 INFO  State of operation 17475454 : EXECUTING
14:45:04 INFO  State of operation 17475454 : EXECUTING
14:45:06 INFO  State of operation 17475454 : EXECUTING
14:45:08 INFO  State of operation 17475454 : EXECUTING
14:45:10 WARN  SystemError occurred while running test - Timeout while waiting for status SUCCESSFUL or False
Traceback (most recent call last):
  File "/home/pi/env-pysys/lib/python3.7/site-packages/pysys/baserunner.py", line 1294, in __call__
    self.testObj.execute()
  File "/home/pi/actions-runner/_work/thin-edge.io/thin-edge.io/tests/PySys/software_management_end_to_end/sm_apt_install_remove_multiple_mixed/run.py", line 89, in execute
    self.wait_until_succcess()
  File "/home/pi/actions-runner/_work/thin-edge.io/thin-edge.io/tests/PySys/software_management_end_to_end/environment_sm_management.py", line 324, in wait_until_succcess
    self.wait_until_status("SUCCESSFUL")
  File "/home/pi/actions-runner/_work/thin-edge.io/thin-edge.io/tests/PySys/software_management_end_to_end/environment_sm_management.py", line 381, in wait_until_status
    "Timeout while waiting for status %s or %s" % (status, status2)
SystemError: Timeout while waiting for status SUCCESSFUL or False
14:45:11 WARN  SystemError: Timeout while waiting for status SUCCESSFUL or False ... blocked 
14:45:11 INFO  
14:45:11 INFO  cleanup:
14:45:17 INFO  Executed sudo&lt;tedge_disconnect_c8y&gt;, exit status 0
14:45:18 INFO  Executed systemctl&lt;serv_mapper5&gt;, exit status 3
14:45:18 INFO  
14:45:18 INFO  Test duration: 180.87 secs
14:45:18 INFO  Test final outcome:  BLOCKED
14:45:18 INFO  Test outcome reason: SystemError: Timeout while waiting for status SUCCESSFUL or False (+1 other failures)
14:45:18 INFO  
</system-out>
	</testcase>
</testsuite><testsuite name="SoftwareManagement.sm_apt_install_remove_with_version" tests="3" errors="0" failures="0" skipped="1" time="0"><testcase classname="PySysTest" name="SoftwareManagement.sm_apt_install_remove_with_version">
		<skipped message="SKIPPED: Testing the apt plugin is not supported on this platform.Use parameter -XmyPlatform='container' to enable it" />
		<system-out>13:39:55 INFO  ==============================================================
13:39:55 INFO  Id:    SoftwareManagement.sm_apt_install_remove_with_version
13:39:55 INFO  Dir:   software_management_end_to_end/
13:39:55 INFO  Title: Validate end to end behaviour for the apt plugin for packages with version
13:39:55 INFO  ==============================================================
13:39:55 INFO  Testing the apt plugin is not supported on this platform.Use parameter -XmyPlatform='container' to enable it ... skipped
13:39:55 WARN  Aborted test due to SKIPPED outcome
13:39:55 INFO  
13:39:55 INFO  Test duration: 0.02 secs
13:39:55 INFO  Test final outcome:  SKIPPED
13:39:55 INFO  Test outcome reason: Testing the apt plugin is not supported on this platform.Use parameter -XmyPlatform='container' to enable it
13:39:55 INFO  
</system-out>
	</testcase>
<testcase classname="PySysTest" name="SoftwareManagement.sm_apt_install_remove_with_version" />
<testcase classname="PySysTest" name="SoftwareManagement.sm_apt_install_remove_with_version" />
</testsuite><testsuite name="SoftwareManagement.sm_docker_install_remove_multiple" tests="3" errors="0" failures="0" skipped="1" time="0"><testcase classname="SMDockerInstallRemove" name="SoftwareManagement.sm_docker_install_remove_multiple">
		<skipped message="SKIPPED: Testing the apt plugin is not supported on this platform.Use parameter -XmyPlatform='container' to enable it" />
		<system-out>13:39:55 INFO  ==============================================================
13:39:55 INFO  Id:    SoftwareManagement.sm_docker_install_remove_multiple
13:39:55 INFO  Dir:   software_management_end_to_end/
13:39:55 INFO  Title: Validate end to end behaviour for the docker plugin for multiple docker images with mixed versions
13:39:55 INFO  ==============================================================
13:39:55 INFO  Testing the apt plugin is not supported on this platform.Use parameter -XmyPlatform='container' to enable it ... skipped
13:39:55 WARN  Aborted test due to SKIPPED outcome
13:39:55 INFO  
13:39:55 INFO  Test duration: 0.02 secs
13:39:55 INFO  Test final outcome:  SKIPPED
13:39:55 INFO  Test outcome reason: Testing the apt plugin is not supported on this platform.Use parameter -XmyPlatform='container' to enable it
13:39:55 INFO  
</system-out>
	</testcase>
<testcase classname="SMDockerInstallRemove" name="SoftwareManagement.sm_docker_install_remove_multiple" />
<testcase classname="SMDockerInstallRemove" name="SoftwareManagement.sm_docker_install_remove_multiple" />
</testsuite><testsuite name="SoftwareManagement.sm_fake_install_remove" tests="2" errors="0" failures="0" skipped="1" time="0"><testcase classname="PySysTest" name="SoftwareManagement.sm_fake_install_remove">
		<skipped message="SKIPPED: Testing the fake plugin is not enabled.Use parameter -Xfakeplugin=fakeplugin to enable it" />
		<system-out>13:39:55 INFO  ==============================================================
13:39:55 INFO  Id:    SoftwareManagement.sm_fake_install_remove
13:39:55 INFO  Dir:   software_management_end_to_end/
13:39:55 INFO  Title: Validate end to end behaviour for the dummy plugin for installation and removal of packages
13:39:55 INFO  ==============================================================
13:39:55 INFO  Testing the fake plugin is not enabled.Use parameter -Xfakeplugin=fakeplugin to enable it ... skipped
13:39:55 WARN  Aborted test due to SKIPPED outcome
13:39:55 INFO  
13:39:55 INFO  Test duration: 0.02 secs
13:39:55 INFO  Test final outcome:  SKIPPED
13:39:55 INFO  Test outcome reason: Testing the fake plugin is not enabled.Use parameter -Xfakeplugin=fakeplugin to enable it
13:39:55 INFO  
</system-out>
	</testcase>
<testcase classname="PySysTest" name="SoftwareManagement.sm_fake_install_remove" />
</testsuite><testsuite name="SoftwareManagement.sm_fake_install_remove_multiple" tests="2" errors="0" failures="0" skipped="1" time="0"><testcase classname="PySysTest" name="SoftwareManagement.sm_fake_install_remove_multiple">
		<skipped message="SKIPPED: Testing the fake plugin is not enabled.Use parameter -Xfakeplugin=fakeplugin to enable it" />
		<system-out>13:39:55 INFO  ==============================================================
13:39:55 INFO  Id:    SoftwareManagement.sm_fake_install_remove_multiple
13:39:55 INFO  Dir:   software_management_end_to_end/
13:39:55 INFO  Title: Validate end to end behaviour for the dummy-plugin for multiple packages
13:39:55 INFO  ==============================================================
13:39:55 INFO  Testing the fake plugin is not enabled.Use parameter -Xfakeplugin=fakeplugin to enable it ... skipped
13:39:55 WARN  Aborted test due to SKIPPED outcome
13:39:55 INFO  
13:39:55 INFO  Test duration: 0.02 secs
13:39:55 INFO  Test final outcome:  SKIPPED
13:39:55 INFO  Test outcome reason: Testing the fake plugin is not enabled.Use parameter -Xfakeplugin=fakeplugin to enable it
13:39:55 INFO  
</system-out>
	</testcase>
<testcase classname="PySysTest" name="SoftwareManagement.sm_fake_install_remove_multiple" />
</testsuite><testsuite name="SoftwareManagement.sm_mapper_fail_and_reconnect" tests="2" errors="0" failures="0" skipped="2" time="0"><testcase classname="MapperC8yReceiveLastMessageOnRestart" name="SoftwareManagement.sm_mapper_fail_and_reconnect">
		<skipped message="SKIPPED: instable https://github.com/thin-edge/thin-edge.io/issues/752" />
		<system-out>13:39:56 INFO  ==============================================================
13:39:56 INFO  Id:    SoftwareManagement.sm_mapper_fail_and_reconnect
13:39:56 INFO  Dir:   software_management_end_to_end/
13:39:56 INFO  Title: Validate the tedge-mapper-sm-c8y for receiving the last message on restart
13:39:56 INFO  ==============================================================
13:39:56 INFO  instable https://github.com/thin-edge/thin-edge.io/issues/752 ... skipped
13:39:56 INFO  
13:39:56 INFO  Test duration: 0.02 secs
13:39:56 INFO  Test final outcome:  SKIPPED
13:39:56 INFO  Test outcome reason: instable https://github.com/thin-edge/thin-edge.io/issues/752
13:39:56 INFO  
</system-out>
	</testcase>
<testcase classname="MapperC8yReceiveLastMessageOnRestart" name="SoftwareManagement.sm_mapper_fail_and_reconnect">
		<skipped message="SKIPPED: instable https://github.com/thin-edge/thin-edge.io/issues/752" />
		<system-out>14:52:07 INFO  ==============================================================
14:52:07 INFO  Id:    SoftwareManagement.sm_mapper_fail_and_reconnect
14:52:07 INFO  Dir:   software_management_end_to_end/
14:52:07 INFO  Title: Validate the tedge-mapper-sm-c8y for receiving the last message on restart
14:52:07 INFO  ==============================================================
14:52:07 INFO  instable https://github.com/thin-edge/thin-edge.io/issues/752 ... skipped
14:52:07 INFO  
14:52:07 INFO  Test duration: 0.04 secs
14:52:07 INFO  Test final outcome:  SKIPPED
14:52:07 INFO  Test outcome reason: instable https://github.com/thin-edge/thin-edge.io/issues/752
14:52:07 INFO  
</system-out>
	</testcase>
</testsuite><testsuite name="SoftwareManagement.sm_mixed_install_remove_multiple" tests="2" errors="0" failures="1" skipped="1" time="0"><testcase classname="PySysTest" name="SoftwareManagement.sm_mixed_install_remove_multiple">
		<skipped message="SKIPPED: Testing the fake plugin is not enabled.Use parameter -Xfakeplugin=fakeplugin to enable it" />
		<system-out>13:39:56 INFO  ==============================================================
13:39:56 INFO  Id:    SoftwareManagement.sm_mixed_install_remove_multiple
13:39:56 INFO  Dir:   software_management_end_to_end/
13:39:56 INFO  Title: Validate end to end behaviour for the dummy-plugin for multiple packages with mixed versions
13:39:56 INFO  ==============================================================
13:39:56 INFO  Testing the fake plugin is not enabled.Use parameter -Xfakeplugin=fakeplugin to enable it ... skipped
13:39:56 WARN  Aborted test due to SKIPPED outcome
13:39:56 INFO  
13:39:56 INFO  Test duration: 0.02 secs
13:39:56 INFO  Test final outcome:  SKIPPED
13:39:56 INFO  Test outcome reason: Testing the fake plugin is not enabled.Use parameter -Xfakeplugin=fakeplugin to enable it
13:39:56 INFO  
</system-out>
	</testcase>
<testcase classname="PySysTest" name="SoftwareManagement.sm_mixed_install_remove_multiple">
[...]
</testsuite><testsuite name="docker_plugin_remove" tests="2" errors="0" failures="0" skipped="1" time="0"><testcase classname="DockerPluginRemoveTest" name="docker_plugin_remove">
		<skipped message="SKIPPED: Testing the docker plugin is not supported on this platform.To run it, all the test with -XmyPlatform='container'" />
		<system-out>13:30:13 INFO  ==============================================================
13:30:13 INFO  Id:    docker_plugin_remove
13:30:13 INFO  Dir:   plugin_docker/
13:30:13 INFO  Title: Validate docker plugin remove
13:30:13 INFO  ==============================================================
13:30:13 INFO  Testing the docker plugin is not supported on this platform.To run it, all the test with -XmyPlatform='container' ... skipped
13:30:13 WARN  Aborted test due to SKIPPED outcome
13:30:13 INFO  
13:30:13 INFO  Test duration: 0.02 secs
13:30:13 INFO  Test final outcome:  SKIPPED
13:30:13 INFO  Test outcome reason: Testing the docker plugin is not supported on this platform.To run it, all the test with -XmyPlatform='container'
13:30:13 INFO  
</system-out>
	</testcase>
<testcase classname="DockerPluginRemoveTest" name="docker_plugin_remove" />
</testsuite><testsuite name="docker_plugin_remove_with_version" tests="2" errors="0" failures="0" skipped="1" time="0"><testcase classname="DockerPluginRemoveWithVersionTest" name="docker_plugin_remove_with_version">
		<skipped message="SKIPPED: Testing the docker plugin is not supported on this platform.To run it, all the test with -XmyPlatform='container'" />
		<system-out>13:30:13 INFO  ==============================================================
13:30:13 INFO  Id:    docker_plugin_remove_with_version
13:30:13 INFO  Dir:   plugin_docker/
13:30:13 INFO  Title: Validate docker plugin remove with version
13:30:13 INFO  ==============================================================
13:30:13 INFO  Testing the docker plugin is not supported on this platform.To run it, all the test with -XmyPlatform='container' ... skipped
13:30:13 WARN  Aborted test due to SKIPPED outcome
13:30:13 INFO  
13:30:13 INFO  Test duration: 0.02 secs
13:30:13 INFO  Test final outcome:  SKIPPED
13:30:13 INFO  Test outcome reason: Testing the docker plugin is not supported on this platform.To run it, all the test with -XmyPlatform='container'
13:30:13 INFO  
</system-out>
	</testcase>
<testcase classname="DockerPluginRemoveWithVersionTest" name="docker_plugin_remove_with_version" />
</testsuite><testsuite name="docker_plugin_update" tests="2" errors="0" failures="0" skipped="1" time="0"><testcase classname="DockerPluginUpdateTest" name="docker_plugin_update">
		<skipped message="SKIPPED: Testing the docker plugin is not supported on this platform.To run it, all the test with -XmyPlatform='container'" />
		<system-out>13:30:13 INFO  ==============================================================
13:30:13 INFO  Id:    docker_plugin_update
13:30:13 INFO  Dir:   plugin_docker/
13:30:13 INFO  Title: Validate docker plugin install updates existing containers
13:30:13 INFO  ==============================================================
13:30:13 INFO  Testing the docker plugin is not supported on this platform.To run it, all the test with -XmyPlatform='container' ... skipped
13:30:13 WARN  Aborted test due to SKIPPED outcome
13:30:13 INFO  
13:30:13 INFO  Test duration: 0.02 secs
13:30:13 INFO  Test final outcome:  SKIPPED
13:30:13 INFO  Test outcome reason: Testing the docker plugin is not supported on this platform.To run it, all the test with -XmyPlatform='container'
13:30:13 INFO  
</system-out>
	</testcase>
<testcase classname="DockerPluginUpdateTest" name="docker_plugin_update" />
</testsuite><testsuite name="invalid_device_id" tests="1" errors="0" failures="0" skipped="0" time="0"><testcase classname="InvalidDeviceId" name="invalid_device_id" />
</testsuite><testsuite name="local_mqtt_pub_fail_noqos" tests="1" errors="0" failures="0" skipped="0" time="0"><testcase classname="PySysTest" name="local_mqtt_pub_fail_noqos" />
</testsuite><testsuite name="local_mqtt_pub_fail_qos0" tests="1" errors="0" failures="0" skipped="0" time="0"><testcase classname="PySysTest" name="local_mqtt_pub_fail_qos0" />
</testsuite><testsuite name="local_mqtt_pub_fail_qos1" tests="1" errors="0" failures="0" skipped="0" time="0"><testcase classname="PySysTest" name="local_mqtt_pub_fail_qos1" />
</testsuite><testsuite name="local_mqtt_pub_fail_qos2" tests="1" errors="0" failures="0" skipped="0" time="0"><testcase classname="PySysTest" name="local_mqtt_pub_fail_qos2" />
</testsuite><testsuite name="local_mqtt_pub_sub" tests="1" errors="0" failures="0" skipped="0" time="0"><testcase classname="PySysTest" name="local_mqtt_pub_sub" />
</testsuite><testsuite name="local_mqtt_pub_sub_retain" tests="1" errors="0" failures="0" skipped="0" time="0"><testcase classname="MqttPublishWithRetain" name="local_mqtt_pub_sub_retain" />
</testsuite><testsuite name="local_mqtt_pub_sub_with_sudo" tests="1" errors="0" failures="0" skipped="0" time="0"><testcase classname="PySysTest" name="local_mqtt_pub_sub_with_sudo" />
</testsuite><testsuite name="local_mqtt_sub_fail" tests="1" errors="0" failures="0" skipped="0" time="0"><testcase classname="PySysTest" name="local_mqtt_sub_fail" />
</testsuite><testsuite name="log_request_error_messages" tests="1" errors="0" failures="0" skipped="0" time="0"><testcase classname="LogRequestVerifySearchTextError" name="log_request_error_messages" />
</testsuite><testsuite name="log_request_num_lines" tests="1" errors="0" failures="0" skipped="0" time="0"><testcase classname="LogRequestVerifyNumberOfLines" name="log_request_num_lines" />
</testsuite><testsuite name="mapper_awaits_before_reconnect" tests="1" errors="0" failures="0" skipped="0" time="0"><testcase classname="MapperReconnectAwait" name="mapper_awaits_before_reconnect" />
</testsuite><testsuite name="monitoring_smaller_interval" tests="1" errors="0" failures="0" skipped="1" time="0"><testcase classname="MonitoringSmallInterval" name="monitoring_smaller_interval">
		<skipped message="SKIPPED: Fails due to retained message" />
		<system-out>13:30:08 INFO  ==============================================================
13:30:08 INFO  Id:    monitoring_smaller_interval
13:30:08 INFO  Dir:   monitoring/
13:30:08 INFO  Title: Validate the tedge dm agent messages that are produced with smaller sampling interval than the batching window. Here the simulated collectd messages are used
13:30:08 INFO  ==============================================================
13:30:08 INFO  Fails due to retained message ... skipped
13:30:08 INFO  
13:30:08 INFO  Test duration: 0.02 secs
13:30:08 INFO  Test final outcome:  SKIPPED
13:30:08 INFO  Test outcome reason: Fails due to retained message
13:30:08 INFO  
</system-out>
	</testcase>
</testsuite><testsuite name="monitoring_with_collectd" tests="1" errors="0" failures="0" skipped="1" time="0"><testcase classname="MonitoringWithCollectd" name="monitoring_with_collectd">
		<skipped message="SKIPPED: Test execution disabled due to #792 (instable)" />
		<system-out>13:30:08 INFO  ==============================================================
13:30:08 INFO  Id:    monitoring_with_collectd
13:30:08 INFO  Dir:   monitoring/
13:30:08 INFO  Title: Validate tedge dm agent messages that are produced by batching the collectd messages
13:30:08 INFO  ==============================================================
13:30:08 INFO  Test execution disabled due to #792 (instable) ... skipped
13:30:08 INFO  
13:30:08 INFO  Test duration: 0.02 secs
13:30:08 INFO  Test final outcome:  SKIPPED
13:30:08 INFO  Test outcome reason: Test execution disabled due to #792 (instable)
13:30:08 INFO  
</system-out>
	</testcase>
</testsuite><testsuite name="monitoring_with_simulated_messages" tests="1" errors="0" failures="0" skipped="1" time="0"><testcase classname="MonitoringWithSimulatedMessages" name="monitoring_with_simulated_messages">
		<skipped message="SKIPPED: Fails due to retained message" />
		<system-out>13:30:08 INFO  ==============================================================
13:30:08 INFO  Id:    monitoring_with_simulated_messages
13:30:08 INFO  Dir:   monitoring/
13:30:08 INFO  Title: Validate the tedge dm agent messages that are produced from the simulated collectd messages
13:30:08 INFO  ==============================================================
13:30:08 INFO  Fails due to retained message ... skipped
13:30:08 INFO  
13:30:08 INFO  Test duration: 0.02 secs
13:30:08 INFO  Test final outcome:  SKIPPED
13:30:08 INFO  Test outcome reason: Fails due to retained message
13:30:08 INFO  
</system-out>
	</testcase>
</testsuite><testsuite name="mqtt_port_change_connection_fails" tests="1" errors="0" failures="0" skipped="0" time="0"><testcase classname="MqttPortChangeConnectionFails" name="mqtt_port_change_connection_fails" />
</testsuite><testsuite name="mqtt_port_change_connection_works" tests="1" errors="0" failures="0" skipped="1" time="0"><testcase classname="MqttPortChangeConnectionWorks" name="mqtt_port_change_connection_works">
		<skipped message="SKIPPED: failing intermitently" />
		<system-out>13:29:13 INFO  ==============================================================
13:29:13 INFO  Id:    mqtt_port_change_connection_works
13:29:13 INFO  Dir:   misc_features/
13:29:13 INFO  Title: mqtt port change connection works for all the thin-edge services that use the mosquitto broker
13:29:13 INFO  ==============================================================
13:29:13 INFO  failing intermitently ... skipped
13:29:13 INFO  
13:29:13 INFO  Test duration: 0.02 secs
13:29:13 INFO  Test final outcome:  SKIPPED
13:29:13 INFO  Test outcome reason: failing intermitently
13:29:13 INFO  
</system-out>
	</testcase>
</testsuite><testsuite name="mqtt_port_set" tests="1" errors="0" failures="0" skipped="0" time="0"><testcase classname="MqttPortSet" name="mqtt_port_set" />
</testsuite><testsuite name="mqtt_port_unset" tests="1" errors="0" failures="0" skipped="0" time="0"><testcase classname="MqttPortUnSet" name="mqtt_port_unset" />
</testsuite><testsuite name="publish_flux" tests="1" errors="0" failures="0" skipped="0" time="0"><testcase classname="PublishFlux" name="publish_flux" />
</testsuite><testsuite name="publish_sawmill" tests="1" errors="0" failures="0" skipped="0" time="0"><testcase classname="PublishSawmill" name="publish_sawmill" />
</testsuite><testsuite name="pysys_block" tests="1" errors="0" failures="0" skipped="1" time="0"><testcase classname="Fail" name="pysys_block">
		<skipped message="SKIPPED: Enable this to observe a blocking test" />
		<system-out>13:29:36 INFO  ==============================================================
13:29:36 INFO  Id:    pysys_block
13:29:36 INFO  Dir:   misc_features/
13:29:36 INFO  Title: fail
13:29:36 INFO  ==============================================================
13:29:36 INFO  Enable this to observe a blocking test ... skipped
13:29:36 INFO  
13:29:36 INFO  Test duration: 0.02 secs
13:29:36 INFO  Test final outcome:  SKIPPED
13:29:36 INFO  Test outcome reason: Enable this to observe a blocking test
13:29:36 INFO  
</system-out>
	</testcase>
</testsuite><testsuite name="pysys_fail" tests="1" errors="0" failures="0" skipped="1" time="0"><testcase classname="Fail" name="pysys_fail">
		<skipped message="SKIPPED: Enable this to observe a failing test" />
		<system-out>13:29:36 INFO  ==============================================================
13:29:36 INFO  Id:    pysys_fail
13:29:36 INFO  Dir:   misc_features/
13:29:36 INFO  Title: fail
13:29:36 INFO  ==============================================================
13:29:36 INFO  Enable this to observe a failing test ... skipped
13:29:36 INFO  
13:29:36 INFO  Test duration: 0.02 secs
13:29:36 INFO  Test final outcome:  SKIPPED
13:29:36 INFO  Test outcome reason: Enable this to observe a failing test
13:29:36 INFO  
</system-out>
	</testcase>
</testsuite><testsuite name="runtime_start_two_mappers" tests="1" errors="0" failures="0" skipped="0" time="0"><testcase classname="RuntimeMultiMappers" name="runtime_start_two_mappers" />
</testsuite><testsuite name="sm_tedge_mapper_init_session" tests="1" errors="0" failures="0" skipped="0" time="0"><testcase classname="TedgeSMMapperInitSession" name="sm_tedge_mapper_init_session" />
</testsuite><testsuite name="smoketest_json" tests="1" errors="0" failures="0" skipped="0" time="0"><testcase classname="SmokeTestJson" name="smoketest_json" />
</testsuite><testsuite name="smoketest_json_400_samples_10ms" tests="1" errors="0" failures="0" skipped="0" time="0"><testcase classname="SmoketestJson400Samples10ms" name="smoketest_json_400_samples_10ms" />
</testsuite><testsuite name="smoketest_json_400_samples_20ms" tests="1" errors="0" failures="0" skipped="0" time="0"><testcase classname="SmoketestJson400Samples20ms" name="smoketest_json_400_samples_20ms" />
</testsuite><testsuite name="smoketest_smartrest" tests="1" errors="0" failures="0" skipped="0" time="0"><testcase classname="SmoketestSmartRest" name="smoketest_smartrest" />
</testsuite><testsuite name="smoketest_smartrest_400_samples_1Xms" tests="1" errors="0" failures="0" skipped="0" time="0"><testcase classname="SmoketestSmartRest400Samples1Xms" name="smoketest_smartrest_400_samples_1Xms" />
</testsuite><testsuite name="smoketest_smartrest_400_samples_20ms" tests="1" errors="0" failures="0" skipped="0" time="0"><testcase classname="SmoketestSmartRest400Samples20ms" name="smoketest_smartrest_400_samples_20ms" />
</testsuite><testsuite name="tedge_agent_user_sudo_access" tests="1" errors="0" failures="0" skipped="1" time="0"><testcase classname="TedgeAgentUserSudoAccess" name="tedge_agent_user_sudo_access">
		<skipped message="SKIPPED: #955 Observation: Exit code of the apt plugin when called with no arguments" />
		<system-out>13:40:22 INFO  ==============================================================
13:40:22 INFO  Id:    tedge_agent_user_sudo_access
13:40:22 INFO  Dir:   tedge/
13:40:22 INFO  Title: Validate tedge-agent user has a limited sudo right
13:40:22 INFO  ==============================================================
13:40:22 INFO  #955 Observation: Exit code of the apt plugin when called with no arguments ... skipped
13:40:22 INFO  
13:40:22 INFO  Test duration: 0.02 secs
13:40:22 INFO  Test final outcome:  SKIPPED
13:40:22 INFO  Test outcome reason: #955 Observation: Exit code of the apt plugin when called with no arguments
13:40:22 INFO  
</system-out>
	</testcase>
</testsuite><testsuite name="tedge_connect_test_negative" tests="1" errors="0" failures="0" skipped="0" time="0"><testcase classname="TedgeConnectTestNegative" name="tedge_connect_test_negative" />
</testsuite><testsuite name="tedge_connect_test_positive" tests="1" errors="0" failures="0" skipped="0" time="0"><testcase classname="TedgeConnectTestPositive" name="tedge_connect_test_positive" />
</testsuite><testsuite name="tedge_connect_test_sm_services" tests="1" errors="0" failures="0" skipped="0" time="0"><testcase classname="TedgeConnectTestSMServices" name="tedge_connect_test_sm_services" />
</testsuite><testsuite name="tedge_disconnect_test_sm_services" tests="1" errors="0" failures="0" skipped="0" time="0"><testcase classname="TedgeDisConnectTestSMServices" name="tedge_disconnect_test_sm_services" />
</testsuite><testsuite name="tedge_mapper_az_negative" tests="1" errors="0" failures="0" skipped="0" time="0"><testcase classname="TedgeMapperAzError" name="tedge_mapper_az_negative" />
</testsuite><testsuite name="tedge_mapper_az_with_timestamp" tests="1" errors="0" failures="0" skipped="0" time="0"><testcase classname="TedgeMapperAzWithTimestamp" name="tedge_mapper_az_with_timestamp" />
</testsuite><testsuite name="tedge_mapper_az_without_timestamp" tests="1" errors="0" failures="0" skipped="0" time="0"><testcase classname="TedgeMapperAzWithoutTimestamp" name="tedge_mapper_az_without_timestamp" />
</testsuite><testsuite name="tedge_mapper_c8y_alarms" tests="1" errors="0" failures="0" skipped="0" time="0"><testcase classname="TedgeMapperC8yAlarm" name="tedge_mapper_c8y_alarms" />
</testsuite><testsuite name="tedge_mapper_c8y_child_device_measurement" tests="1" errors="0" failures="1" skipped="0" time="0"><testcase classname="TedgeMapperC8yChildDevice" name="tedge_mapper_c8y_child_device_measurement">
		<failure message="BLOCKED: TypeError: 'NoneType' object is not subscriptable (+1 other failures)" type="BLOCKED" />
		<system-out>13:44:45 INFO  ==============================================================
13:44:45 INFO  Id:    tedge_mapper_c8y_child_device_measurement
13:44:45 INFO  Dir:   tedge_mapper_c8y/
13:44:45 INFO  Title: Validate that measurements sent to tedge/measurements/child topic gets mapped as the child device's measurement in Cumulocity
13:44:45 INFO  ==============================================================
13:44:45 INFO  EnvironmentC8y Setup
13:44:45 INFO  Executed systemctl&lt;serv_mapper1&gt;, exit status 3
13:44:45 INFO  Restarting mosquitto too frequently in the last 10 seconds. It was only up for 5 seconds
13:44:45 INFO  Delaying execution by 6 seconds
13:45:05 INFO  Executed sudo&lt;tedge_connect_c8y&gt;, exit status 0, duration 14 secs
13:45:06 INFO  Executed sudo&lt;tedge_connect_c8y_test&gt;, exit status 0
13:45:06 INFO  Executed systemctl&lt;serv_mosq2&gt;, exit status 0
13:45:07 INFO  Executed systemctl&lt;serv_mapper3&gt;, exit status 0
13:45:08 INFO  Assert that (actual == expected) with actual=None, expected=None ... passed
13:45:08 INFO  Executed tedge_pub, exit status 0
13:45:09 INFO  Executed tedge_pub, exit status 0
13:45:09 INFO  Executed tedge_pub, exit status 0
13:45:09 INFO  Executed tedge_pub, exit status 0
13:45:10 INFO  Executed tedge_pub, exit status 0
13:45:13 WARN  TypeError occurred while running test - 'NoneType' object is not subscriptable
Traceback (most recent call last):
  File "/home/pi/env-pysys/lib/python3.7/site-packages/pysys/baserunner.py", line 1296, in __call__
    self.testObj.validate()
  File "/home/pi/actions-runner/_work/thin-edge.io/thin-edge.io/tests/PySys/tedge_mapper_c8y/tedge_mapper_c8y_child_device_measurement/run.py", line 115, in validate
    self.child_device_json["id"], 3
TypeError: 'NoneType' object is not subscriptable
13:45:13 WARN  TypeError: 'NoneType' object is not subscriptable ... blocked 
13:45:13 INFO  
13:45:13 INFO  cleanup:
13:45:13 ERROR Error while running cleanup function: 
Traceback (most recent call last):
  File "/home/pi/env-pysys/lib/python3.7/site-packages/pysys/process/user.py", line 1305, in cleanup
    fn()
  File "/home/pi/actions-runner/_work/thin-edge.io/thin-edge.io/tests/PySys/tedge_mapper_c8y/tedge_mapper_c8y_child_device_measurement/run.py", line 165, in test_cleanup
    self.child_device_json["id"]
TypeError: 'NoneType' object is not subscriptable
13:45:17 INFO  Executed sudo&lt;tedge_disconnect_c8y&gt;, exit status 0
13:45:17 INFO  Executed systemctl&lt;serv_mapper5&gt;, exit status 3
13:45:17 WARN  Cleanup failed with 1 errors: Cleanup function failed: 'NoneType' object is not subscriptable (TypeError) ... blocked 
13:45:17 INFO  
13:45:17 INFO  Test duration: 32.79 secs
13:45:17 INFO  Test final outcome:  BLOCKED
13:45:17 INFO  Test outcome reason: TypeError: 'NoneType' object is not subscriptable (+1 other failures)
13:45:17 INFO  
</system-out>
	</testcase>
</testsuite><testsuite name="tedge_mapper_c8y_packet_threshold_size" tests="1" errors="0" failures="0" skipped="0" time="0"><testcase classname="TedgeMapperC8yThresholdPacketSize" name="tedge_mapper_c8y_packet_threshold_size" />
</testsuite><testsuite name="tedge_software_update" tests="1" errors="0" failures="0" skipped="0" time="0"><testcase classname="PySysTest" name="tedge_software_update" />
</testsuite><testsuite name="valid_device_id" tests="1" errors="0" failures="0" skipped="0" time="0"><testcase classname="ValidateValidDeviceId" name="valid_device_id" />
</testsuite></testsuites>