<?xml version='1.0' encoding='utf-8'?>
<testsuites tests="149" failures="13" errors="0" skipped="49" time="0.0"><testsuite name="SoftwareManagement.Plugin.apama_plugin_install" tests="3" errors="0" failures="0" skipped="1" time="0"><testcase classname="ApamaPluginInstallTest" name="SoftwareManagement.Plugin.apama_plugin_install">
		<skipped message="SKIPPED: Apama plugin tests are disabled by default. Execute `pysys run` with `-XmyPlatform=container` to run these tests" />
		<system-out>14:22:10 INFO  ==============================================================
14:22:10 INFO  Id:    SoftwareManagement.Plugin.apama_plugin_install
14:22:10 INFO  Dir:   plugin_apama/
14:22:10 INFO  Title: Validate apama plugin install
14:22:10 INFO  ==============================================================
14:22:10 INFO  Apama plugin tests are disabled by default. Execute `pysys run` with `-XmyPlatform=container` to run these tests ... skipped
14:22:10 WARN  Aborted test due to SKIPPED outcome
14:22:10 INFO  
14:22:10 INFO  Test duration: 0.05 secs
14:22:10 INFO  Test final outcome:  SKIPPED
14:22:10 INFO  Test outcome reason: Apama plugin tests are disabled by default. Execute `pysys run` with `-XmyPlatform=container` to run these tests
14:22:10 INFO  
</system-out>
	</testcase>
<testcase classname="ApamaPluginInstallTest" name="SoftwareManagement.Plugin.apama_plugin_install" />
<testcase classname="ApamaPluginInstallTest" name="SoftwareManagement.Plugin.apama_plugin_install" />
</testsuite><testsuite name="SoftwareManagement.Plugin.apama_plugin_mon_support" tests="3" errors="0" failures="0" skipped="1" time="0"><testcase classname="ApamaPluginMonSupportTest" name="SoftwareManagement.Plugin.apama_plugin_mon_support">
		<skipped message="SKIPPED: Apama plugin tests are disabled by default. Execute `pysys run` with `-XmyPlatform=container` to run these tests" />
		<system-out>14:22:10 INFO  ==============================================================
14:22:10 INFO  Id:    SoftwareManagement.Plugin.apama_plugin_mon_support
14:22:10 INFO  Dir:   plugin_apama/
14:22:10 INFO  Title: Validate mon file support of apama plugin
14:22:10 INFO  ==============================================================
14:22:10 INFO  Apama plugin tests are disabled by default. Execute `pysys run` with `-XmyPlatform=container` to run these tests ... skipped
14:22:10 WARN  Aborted test due to SKIPPED outcome
14:22:10 INFO  
14:22:10 INFO  Test duration: 0.02 secs
14:22:10 INFO  Test final outcome:  SKIPPED
14:22:10 INFO  Test outcome reason: Apama plugin tests are disabled by default. Execute `pysys run` with `-XmyPlatform=container` to run these tests
14:22:10 INFO  
</system-out>
	</testcase>
<testcase classname="ApamaPluginMonSupportTest" name="SoftwareManagement.Plugin.apama_plugin_mon_support" />
<testcase classname="ApamaPluginMonSupportTest" name="SoftwareManagement.Plugin.apama_plugin_mon_support" />
</testsuite><testsuite name="SoftwareManagement.Plugin.apama_plugin_remove" tests="3" errors="0" failures="0" skipped="1" time="0"><testcase classname="ApamaPluginRemoveTest" name="SoftwareManagement.Plugin.apama_plugin_remove">
		<skipped message="SKIPPED: Apama plugin tests are disabled by default. Execute `pysys run` with `-XmyPlatform=container` to run these tests" />
		<system-out>14:22:10 INFO  ==============================================================
14:22:10 INFO  Id:    SoftwareManagement.Plugin.apama_plugin_remove
14:22:10 INFO  Dir:   plugin_apama/
14:22:10 INFO  Title: Validate apama plugin remove
14:22:10 INFO  ==============================================================
14:22:10 INFO  Apama plugin tests are disabled by default. Execute `pysys run` with `-XmyPlatform=container` to run these tests ... skipped
14:22:10 WARN  Aborted test due to SKIPPED outcome
14:22:10 INFO  
14:22:10 INFO  Test duration: 0.02 secs
14:22:10 INFO  Test final outcome:  SKIPPED
14:22:10 INFO  Test outcome reason: Apama plugin tests are disabled by default. Execute `pysys run` with `-XmyPlatform=container` to run these tests
14:22:10 INFO  
</system-out>
	</testcase>
<testcase classname="ApamaPluginRemoveTest" name="SoftwareManagement.Plugin.apama_plugin_remove" />
<testcase classname="ApamaPluginRemoveTest" name="SoftwareManagement.Plugin.apama_plugin_remove" />
</testsuite><testsuite name="SoftwareManagement.Plugin.apama_plugin_update" tests="3" errors="0" failures="2" skipped="1" time="0"><testcase classname="ApamaPluginUpdateTest" name="SoftwareManagement.Plugin.apama_plugin_update">
		<skipped message="SKIPPED: Apama plugin tests are disabled by default. Execute `pysys run` with `-XmyPlatform=container` to run these tests" />
		<system-out>14:22:10 INFO  ==============================================================
14:22:10 INFO  Id:    SoftwareManagement.Plugin.apama_plugin_update
14:22:10 INFO  Dir:   plugin_apama/
14:22:10 INFO  Title: Validate apama plugin updating one project with another
14:22:10 INFO  ==============================================================
14:22:10 INFO  Apama plugin tests are disabled by default. Execute `pysys run` with `-XmyPlatform=container` to run these tests ... skipped
14:22:10 WARN  Aborted test due to SKIPPED outcome
14:22:10 INFO  
14:22:10 INFO  Test duration: 0.02 secs
14:22:10 INFO  Test final outcome:  SKIPPED
14:22:10 INFO  Test outcome reason: Apama plugin tests are disabled by default. Execute `pysys run` with `-XmyPlatform=container` to run these tests
14:22:10 INFO  
</system-out>
	</testcase>
<testcase classname="ApamaPluginUpdateTest" name="SoftwareManagement.Plugin.apama_plugin_update">
		<failure message="BLOCKED: sudo&lt;plugin_install&gt; returned non-zero exit code 2" type="BLOCKED" />
		<system-out>15:14:41 INFO  ==============================================================
15:14:41 INFO  Id:    SoftwareManagement.Plugin.apama_plugin_update
15:14:41 INFO  Dir:   plugin_apama/
15:14:41 INFO  Title: Validate apama plugin updating one project with another
15:14:41 INFO  ==============================================================
15:14:41 INFO  Assertion that path exists=False for "/etc/tedge/apama/project" ... passed
15:14:41 INFO  Executed sudo&lt;create_project_dir&gt;, exit status 0
15:14:42 INFO  Executed sudo&lt;unzip_apama_project&gt;, exit status 0
15:14:42 INFO  Executed sudo&lt;move_apama_project&gt;, exit status 0
15:14:43 INFO  Executed sudo&lt;restart_apama_service&gt;, exit status 0
15:14:44 INFO  Executed sudo&lt;apama_correlator_wait&gt;, exit status 0
15:14:44 INFO  Assertion that path exists=True for "/etc/tedge/apama/project" ... passed
15:14:45 INFO  Executed sudo&lt;apama_list_monitors&gt;, exit status 0
15:14:45 INFO  Grep on file /home/pi/actions-runner/_work/thin-edge.io/thin-edge.io/tests/PySys/plugin_apama/apama_plugin_update/Output/linux/apama_list_monitors.out ... passed
15:14:45 WARN  Executed sudo&lt;plugin_install&gt;, exit status 2
15:14:45 INFO  Contents of plugin_install.err: 
  ERROR: Directory not empty (os error 39)
  -----

15:14:46 WARN  sudo&lt;plugin_install&gt; returned non-zero exit code 2 ... blocked [run.py:35]
15:14:46 WARN  Aborted test due to BLOCKED outcome
15:14:46 INFO  
15:14:46 INFO  cleanup:
15:14:46 INFO  Removing apama project
15:15:02 INFO  Executed sudo&lt;stop_apama_service&gt;, exit status 0, duration 16 secs
15:15:02 INFO  Executed sudo&lt;remove_apama_project&gt;, exit status 0
15:15:03 INFO  Executed sudo&lt;remove_apama_tmp_dir&gt;, exit status 0
15:15:03 INFO  
15:15:03 INFO  Test duration: 22.12 secs
15:15:03 INFO  Test final outcome:  BLOCKED
15:15:03 INFO  Test outcome reason: sudo&lt;plugin_install&gt; returned non-zero exit code 2
15:15:03 INFO  
</system-out>
	</testcase>
<testcase classname="ApamaPluginUpdateTest" name="SoftwareManagement.Plugin.apama_plugin_update">
		<failure message="BLOCKED: sudo&lt;plugin_install&gt; returned non-zero exit code 2" type="BLOCKED" />
		<system-out>15:23:36 INFO  ==============================================================
15:23:36 INFO  Id:    SoftwareManagement.Plugin.apama_plugin_update
15:23:36 INFO  Dir:   plugin_apama/
15:23:36 INFO  Title: Validate apama plugin updating one project with another
15:23:36 INFO  ==============================================================
15:23:36 INFO  Assertion that path exists=False for "/etc/tedge/apama/project" ... passed
15:23:36 INFO  Executed sudo&lt;create_project_dir&gt;, exit status 0
15:23:37 INFO  Executed sudo&lt;unzip_apama_project&gt;, exit status 0
15:23:38 INFO  Executed sudo&lt;move_apama_project&gt;, exit status 0
15:23:38 INFO  Executed sudo&lt;restart_apama_service&gt;, exit status 0
15:23:39 INFO  Executed sudo&lt;apama_correlator_wait&gt;, exit status 0
15:23:39 INFO  Assertion that path exists=True for "/etc/tedge/apama/project" ... passed
15:23:40 INFO  Executed sudo&lt;apama_list_monitors&gt;, exit status 0
15:23:40 INFO  Grep on file /home/pi/actions-runner/_work/thin-edge.io/thin-edge.io/tests/PySys/plugin_apama/apama_plugin_update/Output/linux/apama_list_monitors.out ... passed
15:23:41 WARN  Executed sudo&lt;plugin_install&gt;, exit status 2
15:23:41 INFO  Contents of plugin_install.err: 
  ERROR: Directory not empty (os error 39)
  -----

15:23:41 WARN  sudo&lt;plugin_install&gt; returned non-zero exit code 2 ... blocked [run.py:35]
15:23:41 WARN  Aborted test due to BLOCKED outcome
15:23:41 INFO  
15:23:41 INFO  cleanup:
15:23:41 INFO  Removing apama project
15:23:57 INFO  Executed sudo&lt;stop_apama_service&gt;, exit status 0, duration 16 secs
15:23:58 INFO  Executed sudo&lt;remove_apama_project&gt;, exit status 0
15:23:58 INFO  Executed sudo&lt;remove_apama_tmp_dir&gt;, exit status 0
15:23:58 INFO  
15:23:58 INFO  Test duration: 22.44 secs
15:23:58 INFO  Test final outcome:  BLOCKED
15:23:58 INFO  Test outcome reason: sudo&lt;plugin_install&gt; returned non-zero exit code 2
15:23:58 INFO  
</system-out>
	</testcase>
</testsuite><testsuite name="SoftwareManagement.sm_apt_install_download_path" tests="3" errors="0" failures="2" skipped="1" time="0"><testcase classname="AptInstallWithDownloadPath" name="SoftwareManagement.sm_apt_install_download_path">
		<skipped message="SKIPPED: Testing the apt plugin is not supported on this platform.Use parameter -XmyPlatform='container' to enable it" />
		<system-out>14:31:51 INFO  ==============================================================
14:31:51 INFO  Id:    SoftwareManagement.sm_apt_install_download_path
14:31:51 INFO  Dir:   software_management_end_to_end/
14:31:51 INFO  Title: Install package to directory specified in tedge config set tmp.path
14:31:51 INFO  ==============================================================
14:31:52 INFO  Testing the apt plugin is not supported on this platform.Use parameter -XmyPlatform='container' to enable it ... skipped
14:31:52 WARN  Aborted test due to SKIPPED outcome
14:31:52 INFO  
14:31:52 INFO  Test duration: 0.07 secs
14:31:52 INFO  Test final outcome:  SKIPPED
14:31:52 INFO  Test outcome reason: Testing the apt plugin is not supported on this platform.Use parameter -XmyPlatform='container' to enable it
14:31:52 INFO  
</system-out>
	</testcase>
<testcase classname="AptInstallWithDownloadPath" name="SoftwareManagement.sm_apt_install_download_path">
		<failure message="BLOCKED: AssertionError:" type="BLOCKED" />
		<system-out>14:56:19 INFO  ==============================================================
14:56:19 INFO  Id:    SoftwareManagement.sm_apt_install_download_path
14:56:19 INFO  Dir:   software_management_end_to_end/
14:56:19 INFO  Title: Install package to directory specified in tedge config set tmp.path
14:56:19 INFO  ==============================================================
14:56:20 INFO  Using sw id database: {'asciijump': '5475369', 'robotfindskitten': '5474869', 'squirrel3': '5475279', 'rolldice': '5152439', 'moon-buggy': '5439204', 'apple': '5495053', 'banana': '5494888', 'cherry': '5495382', 'watermelon': '5494510', 'registry': '8018911', 'hello-world': '8021526', 'docker/getting-started': '8021973', 'alpine': '7991792'}
14:56:20 INFO  EnvironmentC8y Setup
14:56:20 INFO  Executed systemctl&lt;serv_mapper1&gt;, exit status 3
14:56:35 INFO  Executed sudo&lt;tedge_connect_c8y&gt;, exit status 0, duration 14 secs
14:56:37 INFO  Executed sudo&lt;tedge_connect_c8y_test&gt;, exit status 0
14:56:38 INFO  Executed systemctl&lt;serv_mosq2&gt;, exit status 0
14:56:38 INFO  Executed systemctl&lt;serv_mapper3&gt;, exit status 0
14:56:40 INFO  State of current operation: SUCCESSFUL
14:56:41 INFO  Assert that (False == value) with value=False ... passed
14:56:41 INFO  Executed sudo, exit status 0
14:56:42 INFO  Executed sudo, exit status 0
14:56:42 INFO  Executed sudo, exit status 0
14:56:46 INFO  Executed sudo&lt;tedge_disconnect_c8y&gt;, exit status 0
14:56:46 INFO  Restarting mosquitto too frequently in the last 10 seconds. It was only up for 4 seconds
14:56:46 INFO  Delaying execution by 7 seconds
14:57:07 INFO  Executed sudo&lt;tedge_connect_c8y&gt;, exit status 0, duration 13 secs
14:57:08 INFO  Response status: 201
14:57:08 INFO  Response to action: {
    "delivery": {
        "time": "2022-04-27T14:57:08.130Z",
        "log": [],
        "status": "PENDING"
    },
    "creationTime": "2022-04-27T14:57:08.112Z",
    "deviceName": "mythicc",
    "deviceId": "17788041",
    "self": "https://t493319102.eu-latest.cumulocity.com/devicecontrol/operations/17794999",
    "id": "17794999",
    "status": "PENDING",
    "description": "Apply software changes, triggered from PySys: [{'name': 'rolldice', 'id': '5152439', 'version': '::apt', 'url': 'https://thin-edge-io.eu-latest.cumulocity.com/inventory/binaries/12435463', 'action': 'install'}]",
    "c8y_SoftwareUpdate": [
        {
            "name": "rolldice",
            "action": "install",
            "id": "5152439",
            "version": "::apt",
            "url": "https://thin-edge-io.eu-latest.cumulocity.com/inventory/binaries/12435463"
        }
    ]
}
14:57:08 INFO  Started operation: {'delivery': {'time': '2022-04-27T14:57:08.130Z', 'log': [], 'status': 'PENDING'}, 'creationTime': '2022-04-27T14:57:08.112Z', 'deviceName': 'mythicc', 'deviceId': '17788041', 'self': 'https://t493319102.eu-latest.cumulocity.com/devicecontrol/operations/17794999', 'id': '17794999', 'status': 'PENDING', 'description': "Apply software changes, triggered from PySys: [{'name': 'rolldice', 'id': '5152439', 'version': '::apt', 'url': 'https://thin-edge-io.eu-latest.cumulocity.com/inventory/binaries/12435463', 'action': 'install'}]", 'c8y_SoftwareUpdate': [{'name': 'rolldice', 'action': 'install', 'id': '5152439', 'version': '::apt', 'url': 'https://thin-edge-io.eu-latest.cumulocity.com/inventory/binaries/12435463'}]}
14:57:08 WARN  , retrying in 0.5 seconds...
14:57:08 WARN  , retrying in 0.5 seconds...
14:57:09 WARN  , retrying in 0.5 seconds...
14:57:09 WARN  , retrying in 0.5 seconds...
14:57:10 WARN  , retrying in 0.5 seconds...
14:57:10 WARN  , retrying in 0.5 seconds...
14:57:11 WARN  , retrying in 0.5 seconds...
14:57:11 WARN  , retrying in 0.5 seconds...
14:57:12 WARN  , retrying in 0.5 seconds...
14:57:12 WARN  AssertionError occurred while running test - 
Traceback (most recent call last):
  File "/home/pi/env-pysys/lib/python3.7/site-packages/pysys/baserunner.py", line 1294, in __call__
    self.testObj.execute()
  File "/home/pi/actions-runner/_work/thin-edge.io/thin-edge.io/tests/PySys/software_management_end_to_end/sm_apt_install_download_path/run.py", line 83, in execute
    assert_install_in_download_path(install_directory=self.DOWNLOAD_DIR)
  File "/home/pi/env-pysys/lib/python3.7/site-packages/decorator.py", line 232, in fun
    return caller(func, *(extras + args), **kw)
  File "/home/pi/env-pysys/lib/python3.7/site-packages/retry/api.py", line 74, in retry_decorator
    logger)
  File "/home/pi/env-pysys/lib/python3.7/site-packages/retry/api.py", line 33, in __retry_internal
    return f()
  File "/home/pi/actions-runner/_work/thin-edge.io/thin-edge.io/tests/PySys/software_management_end_to_end/sm_apt_install_download_path/run.py", line 28, in assert_install_in_download_path
    assert "rolldice" in os.listdir(f"{install_directory}")
AssertionError
14:57:13 WARN  AssertionError: ... blocked 
14:57:13 INFO  
14:57:13 INFO  cleanup:
14:57:13 INFO  Executed sudo, exit status 0
14:57:14 INFO  Executed sudo, exit status 0
14:57:18 INFO  Executed sudo&lt;tedge_disconnect_c8y&gt;, exit status 0
14:57:18 INFO  Restarting mosquitto too frequently in the last 10 seconds. It was only up for 4 seconds
14:57:18 INFO  Delaying execution by 7 seconds
14:57:40 INFO  Executed sudo&lt;tedge_connect_c8y&gt;, exit status 0, duration 14 secs
14:57:44 INFO  Executed sudo&lt;tedge_disconnect_c8y&gt;, exit status 0
14:57:45 INFO  Executed systemctl&lt;serv_mapper5&gt;, exit status 3
14:57:45 INFO  
14:57:45 INFO  Test duration: 85.26 secs
14:57:45 INFO  Test final outcome:  BLOCKED
14:57:45 INFO  Test outcome reason: AssertionError:
14:57:45 INFO  
</system-out>
	</testcase>
<testcase classname="AptInstallWithDownloadPath" name="SoftwareManagement.sm_apt_install_download_path">
		<failure message="BLOCKED: AssertionError:" type="BLOCKED" />
		<system-out>15:23:58 INFO  ==============================================================
15:23:58 INFO  Id:    SoftwareManagement.sm_apt_install_download_path
15:23:58 INFO  Dir:   software_management_end_to_end/
15:23:58 INFO  Title: Install package to directory specified in tedge config set tmp.path
15:23:58 INFO  ==============================================================
15:24:00 INFO  Using sw id database: {'asciijump': '5475369', 'robotfindskitten': '5474869', 'squirrel3': '5475279', 'rolldice': '5152439', 'moon-buggy': '5439204', 'apple': '5495053', 'banana': '5494888', 'cherry': '5495382', 'watermelon': '5494510', 'registry': '8018911', 'hello-world': '8021526', 'docker/getting-started': '8021973', 'alpine': '7991792'}
15:24:00 INFO  EnvironmentC8y Setup
15:24:00 INFO  Executed systemctl&lt;serv_mapper1&gt;, exit status 3
15:24:14 INFO  Executed sudo&lt;tedge_connect_c8y&gt;, exit status 0, duration 13 secs
15:24:15 INFO  Executed sudo&lt;tedge_connect_c8y_test&gt;, exit status 0
15:24:15 INFO  Executed systemctl&lt;serv_mosq2&gt;, exit status 0
15:24:16 INFO  Executed systemctl&lt;serv_mapper3&gt;, exit status 0
15:24:18 INFO  State of current operation: SUCCESSFUL
15:24:18 INFO  Assert that (False == value) with value=False ... passed
15:24:19 INFO  Executed sudo, exit status 0
15:24:19 INFO  Executed sudo, exit status 0
15:24:20 INFO  Executed sudo, exit status 0
15:24:24 INFO  Executed sudo&lt;tedge_disconnect_c8y&gt;, exit status 0
15:24:24 INFO  Restarting mosquitto too frequently in the last 10 seconds. It was only up for 3 seconds
15:24:24 INFO  Delaying execution by 8 seconds
15:24:46 INFO  Executed sudo&lt;tedge_connect_c8y&gt;, exit status 0, duration 14 secs
15:24:47 INFO  Response status: 201
15:24:47 INFO  Response to action: {
    "creationTime": "2022-04-27T15:24:47.073Z",
    "deviceName": "mythicc",
    "deviceId": "17788041",
    "self": "https://t493319102.eu-latest.cumulocity.com/devicecontrol/operations/17799163",
    "id": "17799163",
    "status": "PENDING",
    "description": "Apply software changes, triggered from PySys: [{'name': 'rolldice', 'id': '5152439', 'version': '::apt', 'url': 'https://thin-edge-io.eu-latest.cumulocity.com/inventory/binaries/12435463', 'action': 'install'}]",
    "c8y_SoftwareUpdate": [
        {
            "name": "rolldice",
            "action": "install",
            "id": "5152439",
            "version": "::apt",
            "url": "https://thin-edge-io.eu-latest.cumulocity.com/inventory/binaries/12435463"
        }
    ]
}
15:24:47 INFO  Started operation: {'creationTime': '2022-04-27T15:24:47.073Z', 'deviceName': 'mythicc', 'deviceId': '17788041', 'self': 'https://t493319102.eu-latest.cumulocity.com/devicecontrol/operations/17799163', 'id': '17799163', 'status': 'PENDING', 'description': "Apply software changes, triggered from PySys: [{'name': 'rolldice', 'id': '5152439', 'version': '::apt', 'url': 'https://thin-edge-io.eu-latest.cumulocity.com/inventory/binaries/12435463', 'action': 'install'}]", 'c8y_SoftwareUpdate': [{'name': 'rolldice', 'action': 'install', 'id': '5152439', 'version': '::apt', 'url': 'https://thin-edge-io.eu-latest.cumulocity.com/inventory/binaries/12435463'}]}
15:24:47 WARN  , retrying in 0.5 seconds...
15:24:47 WARN  , retrying in 0.5 seconds...
15:24:48 WARN  , retrying in 0.5 seconds...
15:24:48 WARN  , retrying in 0.5 seconds...
15:24:49 WARN  , retrying in 0.5 seconds...
15:24:49 WARN  , retrying in 0.5 seconds...
15:24:50 WARN  , retrying in 0.5 seconds...
15:24:50 WARN  , retrying in 0.5 seconds...
15:24:51 WARN  , retrying in 0.5 seconds...
15:24:51 WARN  AssertionError occurred while running test - 
Traceback (most recent call last):
  File "/home/pi/env-pysys/lib/python3.7/site-packages/pysys/baserunner.py", line 1294, in __call__
    self.testObj.execute()
  File "/home/pi/actions-runner/_work/thin-edge.io/thin-edge.io/tests/PySys/software_management_end_to_end/sm_apt_install_download_path/run.py", line 83, in execute
    assert_install_in_download_path(install_directory=self.DOWNLOAD_DIR)
  File "/home/pi/env-pysys/lib/python3.7/site-packages/decorator.py", line 232, in fun
    return caller(func, *(extras + args), **kw)
  File "/home/pi/env-pysys/lib/python3.7/site-packages/retry/api.py", line 74, in retry_decorator
    logger)
  File "/home/pi/env-pysys/lib/python3.7/site-packages/retry/api.py", line 33, in __retry_internal
    return f()
  File "/home/pi/actions-runner/_work/thin-edge.io/thin-edge.io/tests/PySys/software_management_end_to_end/sm_apt_install_download_path/run.py", line 28, in assert_install_in_download_path
    assert "rolldice" in os.listdir(f"{install_directory}")
AssertionError
15:24:51 WARN  AssertionError: ... blocked 
15:24:51 INFO  
15:24:51 INFO  cleanup:
15:24:52 INFO  Executed sudo, exit status 0
15:24:52 INFO  Executed sudo, exit status 0
15:24:57 INFO  Executed sudo&lt;tedge_disconnect_c8y&gt;, exit status 0
15:24:57 INFO  Restarting mosquitto too frequently in the last 10 seconds. It was only up for 3 seconds
15:24:57 INFO  Delaying execution by 8 seconds
15:25:20 INFO  Executed sudo&lt;tedge_connect_c8y&gt;, exit status 0, duration 14 secs
15:25:24 INFO  Executed sudo&lt;tedge_disconnect_c8y&gt;, exit status 0
15:25:24 INFO  Executed systemctl&lt;serv_mapper5&gt;, exit status 3
15:25:25 INFO  
15:25:25 INFO  Test duration: 86.18 secs
15:25:25 INFO  Test final outcome:  BLOCKED
15:25:25 INFO  Test outcome reason: AssertionError:
15:25:25 INFO  
</system-out>
	</testcase>
</testsuite><testsuite name="SoftwareManagement.sm_apt_install_fail" tests="3" errors="0" failures="0" skipped="1" time="0"><testcase classname="PySysTest" name="SoftwareManagement.sm_apt_install_fail">
		<skipped message="SKIPPED: Testing the apt plugin is not supported on this platform.Use parameter -XmyPlatform='container' to enable it" />
		<system-out>14:31:52 INFO  ==============================================================
14:31:52 INFO  Id:    SoftwareManagement.sm_apt_install_fail
14:31:52 INFO  Dir:   software_management_end_to_end/
14:31:52 INFO  Title: Validate end to end behaviour for a failing installation
14:31:52 INFO  ==============================================================
14:31:52 INFO  Testing the apt plugin is not supported on this platform.Use parameter -XmyPlatform='container' to enable it ... skipped
14:31:52 WARN  Aborted test due to SKIPPED outcome
14:31:52 INFO  
14:31:52 INFO  Test duration: 0.02 secs
14:31:52 INFO  Test final outcome:  SKIPPED
14:31:52 INFO  Test outcome reason: Testing the apt plugin is not supported on this platform.Use parameter -XmyPlatform='container' to enable it
14:31:52 INFO  
</system-out>
	</testcase>
<testcase classname="PySysTest" name="SoftwareManagement.sm_apt_install_fail" />
<testcase classname="PySysTest" name="SoftwareManagement.sm_apt_install_fail" />
</testsuite><testsuite name="SoftwareManagement.sm_apt_install_remove" tests="3" errors="0" failures="0" skipped="1" time="0"><testcase classname="PySysTest" name="SoftwareManagement.sm_apt_install_remove">
		<skipped message="SKIPPED: Testing the apt plugin is not supported on this platform.Use parameter -XmyPlatform='container' to enable it" />
		<system-out>14:31:52 INFO  ==============================================================
14:31:52 INFO  Id:    SoftwareManagement.sm_apt_install_remove
14:31:52 INFO  Dir:   software_management_end_to_end/
14:31:52 INFO  Title: Validate end to end behaviour for the apt plugin for installation and removal of packages
14:31:52 INFO  ==============================================================
14:31:52 INFO  Testing the apt plugin is not supported on this platform.Use parameter -XmyPlatform='container' to enable it ... skipped
14:31:52 WARN  Aborted test due to SKIPPED outcome
14:31:52 INFO  
14:31:52 INFO  Test duration: 0.03 secs
14:31:52 INFO  Test final outcome:  SKIPPED
14:31:52 INFO  Test outcome reason: Testing the apt plugin is not supported on this platform.Use parameter -XmyPlatform='container' to enable it
14:31:52 INFO  
</system-out>
	</testcase>
<testcase classname="PySysTest" name="SoftwareManagement.sm_apt_install_remove" />
<testcase classname="PySysTest" name="SoftwareManagement.sm_apt_install_remove" />
</testsuite><testsuite name="SoftwareManagement.sm_apt_install_remove_default" tests="3" errors="0" failures="0" skipped="1" time="0"><testcase classname="PySysTest" name="SoftwareManagement.sm_apt_install_remove_default">
		<skipped message="SKIPPED: Testing the apt plugin is not supported on this platform.Use parameter -XmyPlatform='container' to enable it" />
		<system-out>14:31:52 INFO  ==============================================================
14:31:52 INFO  Id:    SoftwareManagement.sm_apt_install_remove_default
14:31:52 INFO  Dir:   software_management_end_to_end/
14:31:52 INFO  Title: Validate end to end behaviour for the default plugin for installation and removal of packages
14:31:52 INFO  ==============================================================
14:31:52 INFO  Testing the apt plugin is not supported on this platform.Use parameter -XmyPlatform='container' to enable it ... skipped
14:31:52 WARN  Aborted test due to SKIPPED outcome
14:31:52 INFO  
14:31:52 INFO  Test duration: 0.02 secs
14:31:52 INFO  Test final outcome:  SKIPPED
14:31:52 INFO  Test outcome reason: Testing the apt plugin is not supported on this platform.Use parameter -XmyPlatform='container' to enable it
14:31:52 INFO  
</system-out>
	</testcase>
<testcase classname="PySysTest" name="SoftwareManagement.sm_apt_install_remove_default" />
<testcase classname="PySysTest" name="SoftwareManagement.sm_apt_install_remove_default" />
</testsuite><testsuite name="SoftwareManagement.sm_apt_install_remove_multiple" tests="3" errors="0" failures="2" skipped="1" time="0"><testcase classname="PySysTest" name="SoftwareManagement.sm_apt_install_remove_multiple">
		<skipped message="SKIPPED: Testing the apt plugin is not supported on this platform.Use parameter -XmyPlatform='container' to enable it" />
		<system-out>14:31:52 INFO  ==============================================================
14:31:52 INFO  Id:    SoftwareManagement.sm_apt_install_remove_multiple
14:31:52 INFO  Dir:   software_management_end_to_end/
14:31:52 INFO  Title: Validate end to end behaviour for the apt plugin for multiple packages
14:31:52 INFO  ==============================================================
14:31:52 INFO  Testing the apt plugin is not supported on this platform.Use parameter -XmyPlatform='container' to enable it ... skipped
14:31:52 WARN  Aborted test due to SKIPPED outcome
14:31:52 INFO  
14:31:52 INFO  Test duration: 0.02 secs
14:31:52 INFO  Test final outcome:  SKIPPED
14:31:52 INFO  Test outcome reason: Testing the apt plugin is not supported on this platform.Use parameter -XmyPlatform='container' to enable it
14:31:52 INFO  
</system-out>
	</testcase>
<testcase classname="PySysTest" name="SoftwareManagement.sm_apt_install_remove_multiple">
		<failure message="FAILED: Assert that (False == value) with value=True" type="FAILED" />
		<system-out>15:04:41 INFO  ==============================================================
15:04:41 INFO  Id:    SoftwareManagement.sm_apt_install_remove_multiple
15:04:41 INFO  Dir:   software_management_end_to_end/
15:04:41 INFO  Title: Validate end to end behaviour for the apt plugin for multiple packages
15:04:41 INFO  ==============================================================
15:04:41 INFO  Using sw id database: {'asciijump': '5475369', 'robotfindskitten': '5474869', 'squirrel3': '5475279', 'rolldice': '5152439', 'moon-buggy': '5439204', 'apple': '5495053', 'banana': '5494888', 'cherry': '5495382', 'watermelon': '5494510', 'registry': '8018911', 'hello-world': '8021526', 'docker/getting-started': '8021973', 'alpine': '7991792'}
15:04:41 INFO  EnvironmentC8y Setup
15:04:41 INFO  Executed systemctl&lt;serv_mapper1&gt;, exit status 3
15:04:41 INFO  Restarting mosquitto too frequently in the last 10 seconds. It was only up for 5 seconds
15:04:41 INFO  Delaying execution by 6 seconds
15:05:02 INFO  Executed sudo&lt;tedge_connect_c8y&gt;, exit status 0, duration 14 secs
15:05:02 INFO  Executed sudo&lt;tedge_connect_c8y_test&gt;, exit status 0
15:05:03 INFO  Executed systemctl&lt;serv_mosq2&gt;, exit status 0
15:05:03 INFO  Executed systemctl&lt;serv_mapper3&gt;, exit status 0
15:05:06 INFO  State of current operation: SUCCESSFUL
15:05:06 INFO  Assert that (False == value) with value=False ... passed
15:05:06 INFO  Assert that (False == value) with value=False ... passed
15:05:06 INFO  Assert that (False == value) with value=False ... passed
15:05:07 INFO  Package robotfindskitten is installed
15:05:07 WARN  Assert that (False == value) with value=True ... failed 
15:05:07 INFO  Response status: 201
15:05:07 INFO  Response to action: {
    "creationTime": "2022-04-27T15:05:07.413Z",
    "deviceName": "mythicc",
    "deviceId": "17788041",
    "self": "https://t493319102.eu-latest.cumulocity.com/devicecontrol/operations/17795078",
    "id": "17795078",
    "status": "PENDING",
    "description": "Apply software changes, triggered from PySys: [{'action': 'install', 'id': '5475369', 'name': 'asciijump', 'url': ' ', 'version': '::apt'}, {'action': 'install', 'id': '5474869', 'name': 'robotfindskitten', 'url': ' ', 'version': '::apt'}, {'action': 'install', 'id': '5475279', 'name': 'squirrel3', 'url': ' ', 'version': '::apt'}]",
    "c8y_SoftwareUpdate": [
        {
            "name": "asciijump",
            "action": "install",
            "id": "5475369",
            "version": "::apt",
            "url": " "
        },
        {
            "name": "robotfindskitten",
            "action": "install",
            "id": "5474869",
            "version": "::apt",
            "url": " "
        },
        {
            "name": "squirrel3",
            "action": "install",
            "id": "5475279",
            "version": "::apt",
            "url": " "
        }
    ]
}
15:05:07 INFO  Started operation: {'creationTime': '2022-04-27T15:05:07.413Z', 'deviceName': 'mythicc', 'deviceId': '17788041', 'self': 'https://t493319102.eu-latest.cumulocity.com/devicecontrol/operations/17795078', 'id': '17795078', 'status': 'PENDING', 'description': "Apply software changes, triggered from PySys: [{'action': 'install', 'id': '5475369', 'name': 'asciijump', 'url': ' ', 'version': '::apt'}, {'action': 'install', 'id': '5474869', 'name': 'robotfindskitten', 'url': ' ', 'version': '::apt'}, {'action': 'install', 'id': '5475279', 'name': 'squirrel3', 'url': ' ', 'version': '::apt'}]", 'c8y_SoftwareUpdate': [{'name': 'asciijump', 'action': 'install', 'id': '5475369', 'version': '::apt', 'url': ' '}, {'name': 'robotfindskitten', 'action': 'install', 'id': '5474869', 'version': '::apt', 'url': ' '}, {'name': 'squirrel3', 'action': 'install', 'id': '5475279', 'version': '::apt', 'url': ' '}]}
15:05:09 INFO  State of operation 17795078 : PENDING
15:05:11 INFO  State of operation 17795078 : EXECUTING
15:05:14 INFO  State of operation 17795078 : EXECUTING
15:05:16 INFO  State of operation 17795078 : EXECUTING
15:05:18 INFO  State of operation 17795078 : EXECUTING
15:05:20 INFO  State of operation 17795078 : EXECUTING
15:05:23 INFO  State of operation 17795078 : EXECUTING
15:05:26 INFO  State of operation 17795078 : EXECUTING
15:05:28 INFO  State of operation 17795078 : EXECUTING
15:05:31 INFO  State of operation 17795078 : EXECUTING
15:05:33 INFO  State of operation 17795078 : EXECUTING
15:05:35 INFO  State of operation 17795078 : EXECUTING
15:05:37 INFO  State of operation 17795078 : EXECUTING
15:05:40 INFO  State of operation 17795078 : EXECUTING
15:05:42 INFO  State of operation 17795078 : EXECUTING
15:05:44 INFO  State of operation 17795078 : EXECUTING
15:05:47 INFO  State of operation 17795078 : EXECUTING
15:05:49 INFO  State of operation 17795078 : EXECUTING
15:05:52 INFO  State of operation 17795078 : EXECUTING
15:05:54 INFO  State of operation 17795078 : EXECUTING
15:05:56 INFO  State of operation 17795078 : EXECUTING
15:05:59 INFO  State of operation 17795078 : EXECUTING
15:06:01 INFO  State of operation 17795078 : EXECUTING
15:06:03 INFO  State of operation 17795078 : EXECUTING
15:06:06 INFO  State of operation 17795078 : EXECUTING
15:06:08 INFO  State of operation 17795078 : EXECUTING
15:06:11 INFO  State of operation 17795078 : EXECUTING
15:06:13 INFO  State of operation 17795078 : EXECUTING
15:06:15 INFO  State of operation 17795078 : EXECUTING
15:06:18 INFO  State of operation 17795078 : EXECUTING
15:06:20 INFO  State of operation 17795078 : EXECUTING
15:06:22 INFO  State of operation 17795078 : EXECUTING
15:06:25 INFO  State of operation 17795078 : EXECUTING
15:06:27 INFO  State of operation 17795078 : EXECUTING
15:06:29 INFO  State of operation 17795078 : SUCCESSFUL
15:06:29 INFO  Assert that (False == value) with value=False ... passed
15:06:30 INFO  Package asciijump is installed
15:06:30 INFO  Assert that (True == value) with value=True ... passed
15:06:30 INFO  Package squirrel3 is installed
15:06:30 INFO  Assert that (True == value) with value=True ... passed
15:06:30 INFO  Package robotfindskitten is installed
15:06:30 INFO  Assert that (True == value) with value=True ... passed
15:06:30 INFO  Response status: 201
15:06:30 INFO  Response to action: {
    "creationTime": "2022-04-27T15:06:30.680Z",
    "deviceName": "mythicc",
    "deviceId": "17788041",
    "self": "https://t493319102.eu-latest.cumulocity.com/devicecontrol/operations/17795087",
    "id": "17795087",
    "status": "PENDING",
    "description": "Apply software changes, triggered from PySys: [{'action': 'delete', 'id': '5475369', 'name': 'asciijump', 'url': ' ', 'version': '::apt'}, {'action': 'delete', 'id': '5474869', 'name': 'robotfindskitten', 'url': ' ', 'version': '::apt'}, {'action': 'delete', 'id': '5475279', 'name': 'squirrel3', 'url': ' ', 'version': '::apt'}]",
    "c8y_SoftwareUpdate": [
        {
            "name": "asciijump",
            "action": "delete",
            "id": "5475369",
            "version": "::apt",
            "url": " "
        },
        {
            "name": "robotfindskitten",
            "action": "delete",
            "id": "5474869",
            "version": "::apt",
            "url": " "
        },
        {
            "name": "squirrel3",
            "action": "delete",
            "id": "5475279",
            "version": "::apt",
            "url": " "
        }
    ]
}
15:06:30 INFO  Started operation: {'creationTime': '2022-04-27T15:06:30.680Z', 'deviceName': 'mythicc', 'deviceId': '17788041', 'self': 'https://t493319102.eu-latest.cumulocity.com/devicecontrol/operations/17795087', 'id': '17795087', 'status': 'PENDING', 'description': "Apply software changes, triggered from PySys: [{'action': 'delete', 'id': '5475369', 'name': 'asciijump', 'url': ' ', 'version': '::apt'}, {'action': 'delete', 'id': '5474869', 'name': 'robotfindskitten', 'url': ' ', 'version': '::apt'}, {'action': 'delete', 'id': '5475279', 'name': 'squirrel3', 'url': ' ', 'version': '::apt'}]", 'c8y_SoftwareUpdate': [{'name': 'asciijump', 'action': 'delete', 'id': '5475369', 'version': '::apt', 'url': ' '}, {'name': 'robotfindskitten', 'action': 'delete', 'id': '5474869', 'version': '::apt', 'url': ' '}, {'name': 'squirrel3', 'action': 'delete', 'id': '5475279', 'version': '::apt', 'url': ' '}]}
15:06:32 INFO  State of operation 17795087 : PENDING
15:06:35 INFO  State of operation 17795087 : EXECUTING
15:06:37 INFO  State of operation 17795087 : EXECUTING
15:06:39 INFO  State of operation 17795087 : EXECUTING
15:06:41 INFO  State of operation 17795087 : EXECUTING
15:06:44 INFO  State of operation 17795087 : EXECUTING
15:06:46 INFO  State of operation 17795087 : EXECUTING
15:06:49 INFO  State of operation 17795087 : EXECUTING
15:06:51 INFO  State of operation 17795087 : EXECUTING
15:06:54 INFO  State of operation 17795087 : EXECUTING
15:06:56 INFO  State of operation 17795087 : EXECUTING
15:06:58 INFO  State of operation 17795087 : EXECUTING
15:07:00 INFO  State of operation 17795087 : EXECUTING
15:07:02 INFO  State of operation 17795087 : EXECUTING
15:07:05 INFO  State of operation 17795087 : EXECUTING
15:07:07 INFO  State of operation 17795087 : EXECUTING
15:07:09 INFO  State of operation 17795087 : EXECUTING
15:07:12 INFO  State of operation 17795087 : EXECUTING
15:07:14 INFO  State of operation 17795087 : EXECUTING
15:07:17 INFO  State of operation 17795087 : EXECUTING
15:07:19 INFO  State of operation 17795087 : EXECUTING
15:07:21 INFO  State of operation 17795087 : EXECUTING
15:07:24 INFO  State of operation 17795087 : EXECUTING
15:07:26 INFO  State of operation 17795087 : EXECUTING
15:07:28 INFO  State of operation 17795087 : EXECUTING
15:07:31 INFO  State of operation 17795087 : EXECUTING
15:07:33 INFO  State of operation 17795087 : EXECUTING
15:07:36 INFO  State of operation 17795087 : EXECUTING
15:07:38 INFO  State of operation 17795087 : SUCCESSFUL
15:07:38 INFO  Assert that (False == value) with value=False ... passed
15:07:38 INFO  Assert that (False == value) with value=False ... passed
15:07:39 INFO  Assert that (False == value) with value=False ... passed
15:07:39 INFO  Assert that (False == value) with value=False ... passed
15:07:39 INFO  
15:07:39 INFO  cleanup:
15:07:43 INFO  Executed sudo&lt;tedge_disconnect_c8y&gt;, exit status 0
15:07:43 INFO  Executed systemctl&lt;serv_mapper5&gt;, exit status 3
15:07:43 INFO  
15:07:43 INFO  Test duration: 182.60 secs
15:07:43 INFO  Test final outcome:  FAILED
15:07:43 INFO  Test outcome reason: Assert that (False == value) with value=True
15:07:43 INFO  
</system-out>
	</testcase>
<testcase classname="PySysTest" name="SoftwareManagement.sm_apt_install_remove_multiple">
		<failure message="FAILED: Assert that (False == value) with value=True (+2 other failures)" type="FAILED" />
		<system-out>15:32:04 INFO  ==============================================================
15:32:04 INFO  Id:    SoftwareManagement.sm_apt_install_remove_multiple
15:32:04 INFO  Dir:   software_management_end_to_end/
15:32:04 INFO  Title: Validate end to end behaviour for the apt plugin for multiple packages
15:32:04 INFO  ==============================================================
15:32:04 INFO  Using sw id database: {'asciijump': '5475369', 'robotfindskitten': '5474869', 'squirrel3': '5475279', 'rolldice': '5152439', 'moon-buggy': '5439204', 'apple': '5495053', 'banana': '5494888', 'cherry': '5495382', 'watermelon': '5494510', 'registry': '8018911', 'hello-world': '8021526', 'docker/getting-started': '8021973', 'alpine': '7991792'}
15:32:04 INFO  EnvironmentC8y Setup
15:32:04 INFO  Executed systemctl&lt;serv_mapper1&gt;, exit status 3
15:32:04 INFO  Restarting mosquitto too frequently in the last 10 seconds. It was only up for 5 seconds
15:32:04 INFO  Delaying execution by 6 seconds
15:32:24 INFO  Executed sudo&lt;tedge_connect_c8y&gt;, exit status 0, duration 13 secs
15:32:25 INFO  Executed sudo&lt;tedge_connect_c8y_test&gt;, exit status 0
15:32:25 INFO  Executed systemctl&lt;serv_mosq2&gt;, exit status 0
15:32:26 INFO  Executed systemctl&lt;serv_mapper3&gt;, exit status 0
15:32:28 INFO  State of current operation: SUCCESSFUL
15:32:29 INFO  Assert that (False == value) with value=False ... passed
15:32:29 INFO  Package asciijump is installed
15:32:29 WARN  Assert that (False == value) with value=True ... failed 
15:32:29 INFO  Package squirrel3 is installed
15:32:29 WARN  Assert that (False == value) with value=True ... failed 
15:32:30 INFO  Package robotfindskitten is installed
15:32:30 WARN  Assert that (False == value) with value=True ... failed 
15:32:30 INFO  Response status: 201
15:32:30 INFO  Response to action: {
    "creationTime": "2022-04-27T15:32:30.343Z",
    "deviceName": "mythicc",
    "deviceId": "17788041",
    "self": "https://t493319102.eu-latest.cumulocity.com/devicecontrol/operations/17799228",
    "id": "17799228",
    "status": "PENDING",
    "description": "Apply software changes, triggered from PySys: [{'action': 'install', 'id': '5475369', 'name': 'asciijump', 'url': ' ', 'version': '::apt'}, {'action': 'install', 'id': '5474869', 'name': 'robotfindskitten', 'url': ' ', 'version': '::apt'}, {'action': 'install', 'id': '5475279', 'name': 'squirrel3', 'url': ' ', 'version': '::apt'}]",
    "c8y_SoftwareUpdate": [
        {
            "name": "asciijump",
            "action": "install",
            "id": "5475369",
            "version": "::apt",
            "url": " "
        },
        {
            "name": "robotfindskitten",
            "action": "install",
            "id": "5474869",
            "version": "::apt",
            "url": " "
        },
        {
            "name": "squirrel3",
            "action": "install",
            "id": "5475279",
            "version": "::apt",
            "url": " "
        }
    ]
}
15:32:30 INFO  Started operation: {'creationTime': '2022-04-27T15:32:30.343Z', 'deviceName': 'mythicc', 'deviceId': '17788041', 'self': 'https://t493319102.eu-latest.cumulocity.com/devicecontrol/operations/17799228', 'id': '17799228', 'status': 'PENDING', 'description': "Apply software changes, triggered from PySys: [{'action': 'install', 'id': '5475369', 'name': 'asciijump', 'url': ' ', 'version': '::apt'}, {'action': 'install', 'id': '5474869', 'name': 'robotfindskitten', 'url': ' ', 'version': '::apt'}, {'action': 'install', 'id': '5475279', 'name': 'squirrel3', 'url': ' ', 'version': '::apt'}]", 'c8y_SoftwareUpdate': [{'name': 'asciijump', 'action': 'install', 'id': '5475369', 'version': '::apt', 'url': ' '}, {'name': 'robotfindskitten', 'action': 'install', 'id': '5474869', 'version': '::apt', 'url': ' '}, {'name': 'squirrel3', 'action': 'install', 'id': '5475279', 'version': '::apt', 'url': ' '}]}
15:32:32 INFO  State of operation 17799228 : PENDING
15:32:34 INFO  State of operation 17799228 : EXECUTING
15:32:37 INFO  State of operation 17799228 : EXECUTING
15:32:39 INFO  State of operation 17799228 : EXECUTING
15:32:41 INFO  State of operation 17799228 : EXECUTING
15:32:43 INFO  State of operation 17799228 : EXECUTING
15:32:46 INFO  State of operation 17799228 : EXECUTING
15:32:49 INFO  State of operation 17799228 : EXECUTING
15:32:51 INFO  State of operation 17799228 : EXECUTING
15:32:54 INFO  State of operation 17799228 : EXECUTING
15:32:56 INFO  State of operation 17799228 : EXECUTING
15:32:58 INFO  State of operation 17799228 : EXECUTING
15:33:00 INFO  State of operation 17799228 : EXECUTING
15:33:03 INFO  State of operation 17799228 : EXECUTING
15:33:05 INFO  State of operation 17799228 : EXECUTING
15:33:07 INFO  State of operation 17799228 : SUCCESSFUL
15:33:07 INFO  Assert that (False == value) with value=False ... passed
15:33:07 INFO  Package asciijump is installed
15:33:07 INFO  Assert that (True == value) with value=True ... passed
15:33:08 INFO  Package squirrel3 is installed
15:33:08 INFO  Assert that (True == value) with value=True ... passed
15:33:08 INFO  Package robotfindskitten is installed
15:33:08 INFO  Assert that (True == value) with value=True ... passed
15:33:08 INFO  Response status: 201
15:33:08 INFO  Response to action: {
    "creationTime": "2022-04-27T15:33:08.555Z",
    "deviceName": "mythicc",
    "deviceId": "17788041",
    "self": "https://t493319102.eu-latest.cumulocity.com/devicecontrol/operations/17799237",
    "id": "17799237",
    "status": "PENDING",
    "description": "Apply software changes, triggered from PySys: [{'action': 'delete', 'id': '5475369', 'name': 'asciijump', 'url': ' ', 'version': '::apt'}, {'action': 'delete', 'id': '5474869', 'name': 'robotfindskitten', 'url': ' ', 'version': '::apt'}, {'action': 'delete', 'id': '5475279', 'name': 'squirrel3', 'url': ' ', 'version': '::apt'}]",
    "c8y_SoftwareUpdate": [
        {
            "name": "asciijump",
            "action": "delete",
            "id": "5475369",
            "version": "::apt",
            "url": " "
        },
        {
            "name": "robotfindskitten",
            "action": "delete",
            "id": "5474869",
            "version": "::apt",
            "url": " "
        },
        {
            "name": "squirrel3",
            "action": "delete",
            "id": "5475279",
            "version": "::apt",
            "url": " "
        }
    ]
}
15:33:08 INFO  Started operation: {'creationTime': '2022-04-27T15:33:08.555Z', 'deviceName': 'mythicc', 'deviceId': '17788041', 'self': 'https://t493319102.eu-latest.cumulocity.com/devicecontrol/operations/17799237', 'id': '17799237', 'status': 'PENDING', 'description': "Apply software changes, triggered from PySys: [{'action': 'delete', 'id': '5475369', 'name': 'asciijump', 'url': ' ', 'version': '::apt'}, {'action': 'delete', 'id': '5474869', 'name': 'robotfindskitten', 'url': ' ', 'version': '::apt'}, {'action': 'delete', 'id': '5475279', 'name': 'squirrel3', 'url': ' ', 'version': '::apt'}]", 'c8y_SoftwareUpdate': [{'name': 'asciijump', 'action': 'delete', 'id': '5475369', 'version': '::apt', 'url': ' '}, {'name': 'robotfindskitten', 'action': 'delete', 'id': '5474869', 'version': '::apt', 'url': ' '}, {'name': 'squirrel3', 'action': 'delete', 'id': '5475279', 'version': '::apt', 'url': ' '}]}
15:33:10 INFO  State of operation 17799237 : PENDING
15:33:13 INFO  State of operation 17799237 : EXECUTING
15:33:15 INFO  State of operation 17799237 : EXECUTING
15:33:17 INFO  State of operation 17799237 : EXECUTING
15:33:19 INFO  State of operation 17799237 : EXECUTING
15:33:21 INFO  State of operation 17799237 : EXECUTING
15:33:24 INFO  State of operation 17799237 : EXECUTING
15:33:26 INFO  State of operation 17799237 : EXECUTING
15:33:29 INFO  State of operation 17799237 : EXECUTING
15:33:31 INFO  State of operation 17799237 : EXECUTING
15:33:33 INFO  State of operation 17799237 : EXECUTING
15:33:36 INFO  State of operation 17799237 : EXECUTING
15:33:38 INFO  State of operation 17799237 : EXECUTING
15:33:40 INFO  State of operation 17799237 : EXECUTING
15:33:42 INFO  State of operation 17799237 : EXECUTING
15:33:45 INFO  State of operation 17799237 : EXECUTING
15:33:47 INFO  State of operation 17799237 : EXECUTING
15:33:49 INFO  State of operation 17799237 : EXECUTING
15:33:52 INFO  State of operation 17799237 : EXECUTING
15:33:54 INFO  State of operation 17799237 : EXECUTING
15:33:57 INFO  State of operation 17799237 : EXECUTING
15:33:59 INFO  State of operation 17799237 : EXECUTING
15:34:01 INFO  State of operation 17799237 : EXECUTING
15:34:03 INFO  State of operation 17799237 : EXECUTING
15:34:06 INFO  State of operation 17799237 : EXECUTING
15:34:08 INFO  State of operation 17799237 : EXECUTING
15:34:11 INFO  State of operation 17799237 : EXECUTING
15:34:13 INFO  State of operation 17799237 : EXECUTING
15:34:16 INFO  State of operation 17799237 : EXECUTING
15:34:18 INFO  State of operation 17799237 : EXECUTING
15:34:20 INFO  State of operation 17799237 : SUCCESSFUL
15:34:20 INFO  Assert that (False == value) with value=False ... passed
15:34:20 INFO  Assert that (False == value) with value=False ... passed
15:34:21 INFO  Assert that (False == value) with value=False ... passed
15:34:21 INFO  Assert that (False == value) with value=False ... passed
15:34:21 INFO  
15:34:21 INFO  cleanup:
15:34:25 INFO  Executed sudo&lt;tedge_disconnect_c8y&gt;, exit status 0
15:34:25 INFO  Executed systemctl&lt;serv_mapper5&gt;, exit status 3
15:34:25 INFO  
15:34:25 INFO  Test duration: 141.64 secs
15:34:25 INFO  Test final outcome:  FAILED
15:34:25 INFO  Test outcome reason: Assert that (False == value) with value=True (+2 other failures)
15:34:25 INFO  
</system-out>
	</testcase>
</testsuite><testsuite name="SoftwareManagement.sm_apt_install_remove_multiple_mixed" tests="3" errors="0" failures="2" skipped="1" time="0"><testcase classname="PySysTest" name="SoftwareManagement.sm_apt_install_remove_multiple_mixed">
		<skipped message="SKIPPED: Testing the apt plugin is not supported on this platform.Use parameter -XmyPlatform='container' to enable it" />
		<system-out>14:31:52 INFO  ==============================================================
14:31:52 INFO  Id:    SoftwareManagement.sm_apt_install_remove_multiple_mixed
14:31:52 INFO  Dir:   software_management_end_to_end/
14:31:52 INFO  Title: Validate end to end behaviour for the apt plugin for multiple packages with mixed versions
14:31:52 INFO  ==============================================================
14:31:52 INFO  Testing the apt plugin is not supported on this platform.Use parameter -XmyPlatform='container' to enable it ... skipped
14:31:52 WARN  Aborted test due to SKIPPED outcome
14:31:52 INFO  
14:31:52 INFO  Test duration: 0.02 secs
14:31:52 INFO  Test final outcome:  SKIPPED
14:31:52 INFO  Test outcome reason: Testing the apt plugin is not supported on this platform.Use parameter -XmyPlatform='container' to enable it
14:31:52 INFO  
</system-out>
	</testcase>
<testcase classname="PySysTest" name="SoftwareManagement.sm_apt_install_remove_multiple_mixed">
		<failure message="BLOCKED: SystemError: Timeout while waiting for status SUCCESSFUL or False" type="BLOCKED" />
		<system-out>15:07:43 INFO  ==============================================================
15:07:43 INFO  Id:    SoftwareManagement.sm_apt_install_remove_multiple_mixed
15:07:43 INFO  Dir:   software_management_end_to_end/
15:07:43 INFO  Title: Validate end to end behaviour for the apt plugin for multiple packages with mixed versions
15:07:43 INFO  ==============================================================
15:07:43 INFO  Using sw id database: {'asciijump': '5475369', 'robotfindskitten': '5474869', 'squirrel3': '5475279', 'rolldice': '5152439', 'moon-buggy': '5439204', 'apple': '5495053', 'banana': '5494888', 'cherry': '5495382', 'watermelon': '5494510', 'registry': '8018911', 'hello-world': '8021526', 'docker/getting-started': '8021973', 'alpine': '7991792'}
15:07:43 INFO  EnvironmentC8y Setup
15:07:44 INFO  Executed systemctl&lt;serv_mapper1&gt;, exit status 3
15:07:44 INFO  Restarting mosquitto too frequently in the last 10 seconds. It was only up for 4 seconds
15:07:44 INFO  Delaying execution by 7 seconds
15:08:05 INFO  Executed sudo&lt;tedge_connect_c8y&gt;, exit status 0, duration 13 secs
15:08:05 INFO  Executed sudo&lt;tedge_connect_c8y_test&gt;, exit status 0
15:08:06 INFO  Executed systemctl&lt;serv_mosq2&gt;, exit status 0
15:08:06 INFO  Executed systemctl&lt;serv_mapper3&gt;, exit status 0
15:08:09 INFO  State of current operation: SUCCESSFUL
15:08:09 INFO  Assert that (False == value) with value=False ... passed
15:08:09 INFO  Assert that (False == value) with value=False ... passed
15:08:09 INFO  Assert that (False == value) with value=False ... passed
15:08:09 INFO  Assert that (False == value) with value=False ... passed
15:08:10 INFO  Assert that (False == value) with value=False ... passed
15:08:11 INFO  Response status: 201
15:08:11 INFO  Response to action: {
    "creationTime": "2022-04-27T15:08:11.411Z",
    "deviceName": "mythicc",
    "deviceId": "17788041",
    "self": "https://t493319102.eu-latest.cumulocity.com/devicecontrol/operations/17795095",
    "id": "17795095",
    "status": "PENDING",
    "description": "Apply software changes, triggered from PySys: [{'action': 'install', 'id': '5475369', 'name': 'asciijump', 'url': ' ', 'version': '::apt'}, {'action': 'install', 'id': '5474869', 'name': 'robotfindskitten', 'url': ' ', 'version': ' '}, {'action': 'install', 'id': '5475279', 'name': 'squirrel3', 'url': ' ', 'version': '3.1-7::apt'}, {'action': 'install', 'id': '5152439', 'name': 'rolldice', 'url': ' ', 'version': '1.16-1+b1'}, {'action': 'install', 'id': '5439204', 'name': 'moon-buggy', 'url': ' ', 'version': '1:1.0.51-12'}, {'action': 'install', 'id': '5475369', 'name': 'asciijump', 'url': ' ', 'version': '::apt'}]",
    "c8y_SoftwareUpdate": [
        {
            "name": "asciijump",
            "action": "install",
            "id": "5475369",
            "version": "::apt",
            "url": " "
        },
        {
            "name": "robotfindskitten",
            "action": "install",
            "id": "5474869",
            "version": " ",
            "url": " "
        },
        {
            "name": "squirrel3",
            "action": "install",
            "id": "5475279",
            "version": "3.1-7::apt",
            "url": " "
        },
        {
            "name": "rolldice",
            "action": "install",
            "id": "5152439",
            "version": "1.16-1+b1",
            "url": " "
        },
        {
            "name": "moon-buggy",
            "action": "install",
            "id": "5439204",
            "version": "1:1.0.51-12",
            "url": " "
        },
        {
            "name": "asciijump",
            "action": "install",
            "id": "5475369",
            "version": "::apt",
            "url": " "
        }
    ]
}
15:08:11 INFO  Started operation: {'creationTime': '2022-04-27T15:08:11.411Z', 'deviceName': 'mythicc', 'deviceId': '17788041', 'self': 'https://t493319102.eu-latest.cumulocity.com/devicecontrol/operations/17795095', 'id': '17795095', 'status': 'PENDING', 'description': "Apply software changes, triggered from PySys: [{'action': 'install', 'id': '5475369', 'name': 'asciijump', 'url': ' ', 'version': '::apt'}, {'action': 'install', 'id': '5474869', 'name': 'robotfindskitten', 'url': ' ', 'version': ' '}, {'action': 'install', 'id': '5475279', 'name': 'squirrel3', 'url': ' ', 'version': '3.1-7::apt'}, {'action': 'install', 'id': '5152439', 'name': 'rolldice', 'url': ' ', 'version': '1.16-1+b1'}, {'action': 'install', 'id': '5439204', 'name': 'moon-buggy', 'url': ' ', 'version': '1:1.0.51-12'}, {'action': 'install', 'id': '5475369', 'name': 'asciijump', 'url': ' ', 'version': '::apt'}]", 'c8y_SoftwareUpdate': [{'name': 'asciijump', 'action': 'install', 'id': '5475369', 'version': '::apt', 'url': ' '}, {'name': 'robotfindskitten', 'action': 'install', 'id': '5474869', 'version': ' ', 'url': ' '}, {'name': 'squirrel3', 'action': 'install', 'id': '5475279', 'version': '3.1-7::apt', 'url': ' '}, {'name': 'rolldice', 'action': 'install', 'id': '5152439', 'version': '1.16-1+b1', 'url': ' '}, {'name': 'moon-buggy', 'action': 'install', 'id': '5439204', 'version': '1:1.0.51-12', 'url': ' '}, {'name': 'asciijump', 'action': 'install', 'id': '5475369', 'version': '::apt', 'url': ' '}]}
15:08:13 INFO  State of operation 17795095 : PENDING
15:08:15 INFO  State of operation 17795095 : EXECUTING
15:08:18 INFO  State of operation 17795095 : EXECUTING
15:08:20 INFO  State of operation 17795095 : EXECUTING
15:08:22 INFO  State of operation 17795095 : EXECUTING
15:08:24 INFO  State of operation 17795095 : EXECUTING
15:08:27 INFO  State of operation 17795095 : EXECUTING
15:08:30 INFO  State of operation 17795095 : EXECUTING
15:08:32 INFO  State of operation 17795095 : EXECUTING
15:08:35 INFO  State of operation 17795095 : EXECUTING
15:08:37 INFO  State of operation 17795095 : EXECUTING
15:08:39 INFO  State of operation 17795095 : EXECUTING
15:08:42 INFO  State of operation 17795095 : EXECUTING
15:08:44 INFO  State of operation 17795095 : EXECUTING
15:08:46 INFO  State of operation 17795095 : EXECUTING
15:08:48 INFO  State of operation 17795095 : EXECUTING
15:08:51 INFO  State of operation 17795095 : EXECUTING
15:08:53 INFO  State of operation 17795095 : EXECUTING
15:08:56 INFO  State of operation 17795095 : EXECUTING
15:08:58 INFO  State of operation 17795095 : EXECUTING
15:09:00 INFO  State of operation 17795095 : EXECUTING
15:09:03 INFO  State of operation 17795095 : EXECUTING
15:09:05 INFO  State of operation 17795095 : EXECUTING
15:09:07 INFO  State of operation 17795095 : EXECUTING
15:09:10 INFO  State of operation 17795095 : EXECUTING
15:09:12 INFO  State of operation 17795095 : EXECUTING
15:09:15 INFO  State of operation 17795095 : EXECUTING
15:09:17 INFO  State of operation 17795095 : EXECUTING
15:09:20 INFO  State of operation 17795095 : EXECUTING
15:09:22 INFO  State of operation 17795095 : EXECUTING
15:09:24 INFO  State of operation 17795095 : EXECUTING
15:09:27 INFO  State of operation 17795095 : EXECUTING
15:09:29 INFO  State of operation 17795095 : EXECUTING
15:09:31 INFO  State of operation 17795095 : EXECUTING
15:09:33 INFO  State of operation 17795095 : EXECUTING
15:09:36 INFO  State of operation 17795095 : EXECUTING
15:09:38 INFO  State of operation 17795095 : EXECUTING
15:09:40 INFO  State of operation 17795095 : EXECUTING
15:09:43 INFO  State of operation 17795095 : EXECUTING
15:09:46 INFO  State of operation 17795095 : EXECUTING
15:09:48 INFO  State of operation 17795095 : EXECUTING
15:09:50 INFO  State of operation 17795095 : EXECUTING
15:09:52 INFO  State of operation 17795095 : EXECUTING
15:09:55 INFO  State of operation 17795095 : EXECUTING
15:09:57 INFO  State of operation 17795095 : EXECUTING
15:09:59 INFO  State of operation 17795095 : EXECUTING
15:10:01 INFO  State of operation 17795095 : EXECUTING
15:10:04 INFO  State of operation 17795095 : EXECUTING
15:10:06 INFO  State of operation 17795095 : EXECUTING
15:10:08 INFO  State of operation 17795095 : EXECUTING
15:10:11 INFO  State of operation 17795095 : EXECUTING
15:10:13 INFO  State of operation 17795095 : EXECUTING
15:10:15 INFO  State of operation 17795095 : EXECUTING
15:10:18 INFO  State of operation 17795095 : EXECUTING
15:10:20 INFO  State of operation 17795095 : EXECUTING
15:10:23 INFO  State of operation 17795095 : EXECUTING
15:10:25 INFO  State of operation 17795095 : EXECUTING
15:10:27 INFO  State of operation 17795095 : EXECUTING
15:10:30 INFO  State of operation 17795095 : EXECUTING
15:10:32 INFO  State of operation 17795095 : EXECUTING
15:10:34 INFO  State of operation 17795095 : EXECUTING
15:10:36 WARN  SystemError occurred while running test - Timeout while waiting for status SUCCESSFUL or False
Traceback (most recent call last):
  File "/home/pi/env-pysys/lib/python3.7/site-packages/pysys/baserunner.py", line 1294, in __call__
    self.testObj.execute()
  File "/home/pi/actions-runner/_work/thin-edge.io/thin-edge.io/tests/PySys/software_management_end_to_end/sm_apt_install_remove_multiple_mixed/run.py", line 89, in execute
    self.wait_until_succcess()
  File "/home/pi/actions-runner/_work/thin-edge.io/thin-edge.io/tests/PySys/software_management_end_to_end/environment_sm_management.py", line 324, in wait_until_succcess
    self.wait_until_status("SUCCESSFUL")
  File "/home/pi/actions-runner/_work/thin-edge.io/thin-edge.io/tests/PySys/software_management_end_to_end/environment_sm_management.py", line 381, in wait_until_status
    "Timeout while waiting for status %s or %s" % (status, status2)
SystemError: Timeout while waiting for status SUCCESSFUL or False
15:10:36 WARN  SystemError: Timeout while waiting for status SUCCESSFUL or False ... blocked 
15:10:36 INFO  
15:10:36 INFO  cleanup:
15:10:40 INFO  Executed sudo&lt;tedge_disconnect_c8y&gt;, exit status 0
15:10:41 INFO  Executed systemctl&lt;serv_mapper5&gt;, exit status 3
15:10:41 INFO  
15:10:41 INFO  Test duration: 177.61 secs
15:10:41 INFO  Test final outcome:  BLOCKED
15:10:41 INFO  Test outcome reason: SystemError: Timeout while waiting for status SUCCESSFUL or False
15:10:41 INFO  
</system-out>
	</testcase>
<testcase classname="PySysTest" name="SoftwareManagement.sm_apt_install_remove_multiple_mixed">
		<failure message="BLOCKED: SystemError: Timeout while waiting for status SUCCESSFUL or False (+1 other failures)" type="BLOCKED" />
		<system-out>15:34:25 INFO  ==============================================================
15:34:25 INFO  Id:    SoftwareManagement.sm_apt_install_remove_multiple_mixed
15:34:25 INFO  Dir:   software_management_end_to_end/
15:34:25 INFO  Title: Validate end to end behaviour for the apt plugin for multiple packages with mixed versions
15:34:25 INFO  ==============================================================
15:34:25 INFO  Using sw id database: {'asciijump': '5475369', 'robotfindskitten': '5474869', 'squirrel3': '5475279', 'rolldice': '5152439', 'moon-buggy': '5439204', 'apple': '5495053', 'banana': '5494888', 'cherry': '5495382', 'watermelon': '5494510', 'registry': '8018911', 'hello-world': '8021526', 'docker/getting-started': '8021973', 'alpine': '7991792'}
15:34:25 INFO  EnvironmentC8y Setup
15:34:26 INFO  Executed systemctl&lt;serv_mapper1&gt;, exit status 3
15:34:26 INFO  Restarting mosquitto too frequently in the last 10 seconds. It was only up for 4 seconds
15:34:26 INFO  Delaying execution by 7 seconds
15:34:47 INFO  Executed sudo&lt;tedge_connect_c8y&gt;, exit status 0, duration 14 secs
15:34:48 INFO  Executed sudo&lt;tedge_connect_c8y_test&gt;, exit status 0
15:34:48 INFO  Executed systemctl&lt;serv_mosq2&gt;, exit status 0
15:34:49 INFO  Executed systemctl&lt;serv_mapper3&gt;, exit status 0
15:34:51 INFO  State of current operation: SUCCESSFUL
15:34:51 INFO  Assert that (False == value) with value=False ... passed
15:34:52 INFO  Assert that (False == value) with value=False ... passed
15:34:52 INFO  Assert that (False == value) with value=False ... passed
15:34:52 INFO  Assert that (False == value) with value=False ... passed
15:34:52 INFO  Package moon-buggy is installed
15:34:52 WARN  Assert that (False == value) with value=True ... failed 
15:34:54 INFO  Response status: 201
15:34:54 INFO  Response to action: {
    "creationTime": "2022-04-27T15:34:54.060Z",
    "deviceName": "mythicc",
    "deviceId": "17788041",
    "self": "https://t493319102.eu-latest.cumulocity.com/devicecontrol/operations/17799248",
    "id": "17799248",
    "status": "PENDING",
    "description": "Apply software changes, triggered from PySys: [{'action': 'install', 'id': '5475369', 'name': 'asciijump', 'url': ' ', 'version': '::apt'}, {'action': 'install', 'id': '5474869', 'name': 'robotfindskitten', 'url': ' ', 'version': ' '}, {'action': 'install', 'id': '5475279', 'name': 'squirrel3', 'url': ' ', 'version': '3.1-7::apt'}, {'action': 'install', 'id': '5152439', 'name': 'rolldice', 'url': ' ', 'version': '1.16-1+b1'}, {'action': 'install', 'id': '5439204', 'name': 'moon-buggy', 'url': ' ', 'version': '1:1.0.51-12'}, {'action': 'install', 'id': '5475369', 'name': 'asciijump', 'url': ' ', 'version': '::apt'}]",
    "c8y_SoftwareUpdate": [
        {
            "name": "asciijump",
            "action": "install",
            "id": "5475369",
            "version": "::apt",
            "url": " "
        },
        {
            "name": "robotfindskitten",
            "action": "install",
            "id": "5474869",
            "version": " ",
            "url": " "
        },
        {
            "name": "squirrel3",
            "action": "install",
            "id": "5475279",
            "version": "3.1-7::apt",
            "url": " "
        },
        {
            "name": "rolldice",
            "action": "install",
            "id": "5152439",
            "version": "1.16-1+b1",
            "url": " "
        },
        {
            "name": "moon-buggy",
            "action": "install",
            "id": "5439204",
            "version": "1:1.0.51-12",
            "url": " "
        },
        {
            "name": "asciijump",
            "action": "install",
            "id": "5475369",
            "version": "::apt",
            "url": " "
        }
    ]
}
15:34:54 INFO  Started operation: {'creationTime': '2022-04-27T15:34:54.060Z', 'deviceName': 'mythicc', 'deviceId': '17788041', 'self': 'https://t493319102.eu-latest.cumulocity.com/devicecontrol/operations/17799248', 'id': '17799248', 'status': 'PENDING', 'description': "Apply software changes, triggered from PySys: [{'action': 'install', 'id': '5475369', 'name': 'asciijump', 'url': ' ', 'version': '::apt'}, {'action': 'install', 'id': '5474869', 'name': 'robotfindskitten', 'url': ' ', 'version': ' '}, {'action': 'install', 'id': '5475279', 'name': 'squirrel3', 'url': ' ', 'version': '3.1-7::apt'}, {'action': 'install', 'id': '5152439', 'name': 'rolldice', 'url': ' ', 'version': '1.16-1+b1'}, {'action': 'install', 'id': '5439204', 'name': 'moon-buggy', 'url': ' ', 'version': '1:1.0.51-12'}, {'action': 'install', 'id': '5475369', 'name': 'asciijump', 'url': ' ', 'version': '::apt'}]", 'c8y_SoftwareUpdate': [{'name': 'asciijump', 'action': 'install', 'id': '5475369', 'version': '::apt', 'url': ' '}, {'name': 'robotfindskitten', 'action': 'install', 'id': '5474869', 'version': ' ', 'url': ' '}, {'name': 'squirrel3', 'action': 'install', 'id': '5475279', 'version': '3.1-7::apt', 'url': ' '}, {'name': 'rolldice', 'action': 'install', 'id': '5152439', 'version': '1.16-1+b1', 'url': ' '}, {'name': 'moon-buggy', 'action': 'install', 'id': '5439204', 'version': '1:1.0.51-12', 'url': ' '}, {'name': 'asciijump', 'action': 'install', 'id': '5475369', 'version': '::apt', 'url': ' '}]}
15:34:56 INFO  State of operation 17799248 : PENDING
15:34:58 INFO  State of operation 17799248 : EXECUTING
15:35:00 INFO  State of operation 17799248 : EXECUTING
15:35:03 INFO  State of operation 17799248 : EXECUTING
15:35:05 INFO  State of operation 17799248 : EXECUTING
15:35:07 INFO  State of operation 17799248 : EXECUTING
15:35:10 INFO  State of operation 17799248 : EXECUTING
15:35:12 INFO  State of operation 17799248 : EXECUTING
15:35:15 INFO  State of operation 17799248 : EXECUTING
15:35:17 INFO  State of operation 17799248 : EXECUTING
15:35:19 INFO  State of operation 17799248 : EXECUTING
15:35:22 INFO  State of operation 17799248 : EXECUTING
15:35:24 INFO  State of operation 17799248 : EXECUTING
15:35:26 INFO  State of operation 17799248 : EXECUTING
15:35:28 INFO  State of operation 17799248 : EXECUTING
15:35:31 INFO  State of operation 17799248 : EXECUTING
15:35:33 INFO  State of operation 17799248 : EXECUTING
15:35:35 INFO  State of operation 17799248 : EXECUTING
15:35:38 INFO  State of operation 17799248 : EXECUTING
15:35:40 INFO  State of operation 17799248 : EXECUTING
15:35:42 INFO  State of operation 17799248 : EXECUTING
15:35:45 INFO  State of operation 17799248 : EXECUTING
15:35:47 INFO  State of operation 17799248 : EXECUTING
15:35:49 INFO  State of operation 17799248 : EXECUTING
15:35:52 INFO  State of operation 17799248 : EXECUTING
15:35:54 INFO  State of operation 17799248 : EXECUTING
15:35:57 INFO  State of operation 17799248 : EXECUTING
15:35:59 INFO  State of operation 17799248 : EXECUTING
15:36:01 INFO  State of operation 17799248 : EXECUTING
15:36:03 INFO  State of operation 17799248 : EXECUTING
15:36:06 INFO  State of operation 17799248 : EXECUTING
15:36:08 INFO  State of operation 17799248 : EXECUTING
15:36:10 INFO  State of operation 17799248 : EXECUTING
15:36:12 INFO  State of operation 17799248 : EXECUTING
15:36:15 INFO  State of operation 17799248 : EXECUTING
15:36:17 INFO  State of operation 17799248 : EXECUTING
15:36:19 INFO  State of operation 17799248 : EXECUTING
15:36:21 INFO  State of operation 17799248 : EXECUTING
15:36:24 INFO  State of operation 17799248 : EXECUTING
15:36:26 INFO  State of operation 17799248 : EXECUTING
15:36:29 INFO  State of operation 17799248 : EXECUTING
15:36:31 INFO  State of operation 17799248 : EXECUTING
15:36:33 INFO  State of operation 17799248 : EXECUTING
15:36:36 INFO  State of operation 17799248 : EXECUTING
15:36:38 INFO  State of operation 17799248 : EXECUTING
15:36:40 INFO  State of operation 17799248 : EXECUTING
15:36:42 INFO  State of operation 17799248 : EXECUTING
15:36:45 INFO  State of operation 17799248 : EXECUTING
15:36:47 INFO  State of operation 17799248 : EXECUTING
15:36:49 INFO  State of operation 17799248 : EXECUTING
15:36:52 INFO  State of operation 17799248 : EXECUTING
15:36:54 INFO  State of operation 17799248 : EXECUTING
15:36:57 INFO  State of operation 17799248 : EXECUTING
15:36:59 INFO  State of operation 17799248 : EXECUTING
15:37:01 INFO  State of operation 17799248 : EXECUTING
15:37:03 INFO  State of operation 17799248 : EXECUTING
15:37:06 INFO  State of operation 17799248 : EXECUTING
15:37:08 INFO  State of operation 17799248 : EXECUTING
15:37:11 INFO  State of operation 17799248 : EXECUTING
15:37:13 INFO  State of operation 17799248 : EXECUTING
15:37:16 INFO  State of operation 17799248 : EXECUTING
15:37:18 WARN  SystemError occurred while running test - Timeout while waiting for status SUCCESSFUL or False
Traceback (most recent call last):
  File "/home/pi/env-pysys/lib/python3.7/site-packages/pysys/baserunner.py", line 1294, in __call__
    self.testObj.execute()
  File "/home/pi/actions-runner/_work/thin-edge.io/thin-edge.io/tests/PySys/software_management_end_to_end/sm_apt_install_remove_multiple_mixed/run.py", line 89, in execute
    self.wait_until_succcess()
  File "/home/pi/actions-runner/_work/thin-edge.io/thin-edge.io/tests/PySys/software_management_end_to_end/environment_sm_management.py", line 324, in wait_until_succcess
    self.wait_until_status("SUCCESSFUL")
  File "/home/pi/actions-runner/_work/thin-edge.io/thin-edge.io/tests/PySys/software_management_end_to_end/environment_sm_management.py", line 381, in wait_until_status
    "Timeout while waiting for status %s or %s" % (status, status2)
SystemError: Timeout while waiting for status SUCCESSFUL or False
15:37:18 WARN  SystemError: Timeout while waiting for status SUCCESSFUL or False ... blocked 
15:37:18 INFO  
15:37:18 INFO  cleanup:
15:37:24 INFO  Executed sudo&lt;tedge_disconnect_c8y&gt;, exit status 0
15:37:25 INFO  Executed systemctl&lt;serv_mapper5&gt;, exit status 3
15:37:25 INFO  
15:37:25 INFO  Test duration: 179.61 secs
15:37:25 INFO  Test final outcome:  BLOCKED
15:37:25 INFO  Test outcome reason: SystemError: Timeout while waiting for status SUCCESSFUL or False (+1 other failures)
15:37:25 INFO  
</system-out>
	</testcase>
</testsuite><testsuite name="SoftwareManagement.sm_apt_install_remove_with_version" tests="3" errors="0" failures="0" skipped="1" time="0"><testcase classname="PySysTest" name="SoftwareManagement.sm_apt_install_remove_with_version">
		<skipped message="SKIPPED: Testing the apt plugin is not supported on this platform.Use parameter -XmyPlatform='container' to enable it" />
		<system-out>14:31:52 INFO  ==============================================================
14:31:52 INFO  Id:    SoftwareManagement.sm_apt_install_remove_with_version
14:31:52 INFO  Dir:   software_management_end_to_end/
14:31:52 INFO  Title: Validate end to end behaviour for the apt plugin for packages with version
14:31:52 INFO  ==============================================================
14:31:52 INFO  Testing the apt plugin is not supported on this platform.Use parameter -XmyPlatform='container' to enable it ... skipped
14:31:52 WARN  Aborted test due to SKIPPED outcome
14:31:52 INFO  
14:31:52 INFO  Test duration: 0.02 secs
14:31:52 INFO  Test final outcome:  SKIPPED
14:31:52 INFO  Test outcome reason: Testing the apt plugin is not supported on this platform.Use parameter -XmyPlatform='container' to enable it
14:31:52 INFO  
</system-out>
	</testcase>
<testcase classname="PySysTest" name="SoftwareManagement.sm_apt_install_remove_with_version" />
<testcase classname="PySysTest" name="SoftwareManagement.sm_apt_install_remove_with_version" />
</testsuite><testsuite name="SoftwareManagement.sm_docker_install_remove_multiple" tests="3" errors="0" failures="0" skipped="1" time="0"><testcase classname="SMDockerInstallRemove" name="SoftwareManagement.sm_docker_install_remove_multiple">
		<skipped message="SKIPPED: Testing the apt plugin is not supported on this platform.Use parameter -XmyPlatform='container' to enable it" />
		<system-out>14:31:52 INFO  ==============================================================
14:31:52 INFO  Id:    SoftwareManagement.sm_docker_install_remove_multiple
14:31:52 INFO  Dir:   software_management_end_to_end/
14:31:52 INFO  Title: Validate end to end behaviour for the docker plugin for multiple docker images with mixed versions
14:31:52 INFO  ==============================================================
14:31:52 INFO  Testing the apt plugin is not supported on this platform.Use parameter -XmyPlatform='container' to enable it ... skipped
14:31:52 WARN  Aborted test due to SKIPPED outcome
14:31:52 INFO  
14:31:52 INFO  Test duration: 0.03 secs
14:31:52 INFO  Test final outcome:  SKIPPED
14:31:52 INFO  Test outcome reason: Testing the apt plugin is not supported on this platform.Use parameter -XmyPlatform='container' to enable it
14:31:52 INFO  
</system-out>
	</testcase>
<testcase classname="SMDockerInstallRemove" name="SoftwareManagement.sm_docker_install_remove_multiple" />
<testcase classname="SMDockerInstallRemove" name="SoftwareManagement.sm_docker_install_remove_multiple" />
</testsuite><testsuite name="SoftwareManagement.sm_fake_install_remove" tests="2" errors="0" failures="0" skipped="1" time="0"><testcase classname="PySysTest" name="SoftwareManagement.sm_fake_install_remove">
		<skipped message="SKIPPED: Testing the fake plugin is not enabled.Use parameter -Xfakeplugin=fakeplugin to enable it" />
		<system-out>14:31:52 INFO  ==============================================================
14:31:52 INFO  Id:    SoftwareManagement.sm_fake_install_remove
14:31:52 INFO  Dir:   software_management_end_to_end/
14:31:52 INFO  Title: Validate end to end behaviour for the dummy plugin for installation and removal of packages
14:31:52 INFO  ==============================================================
14:31:52 INFO  Testing the fake plugin is not enabled.Use parameter -Xfakeplugin=fakeplugin to enable it ... skipped
14:31:52 WARN  Aborted test due to SKIPPED outcome
14:31:52 INFO  
14:31:52 INFO  Test duration: 0.02 secs
14:31:52 INFO  Test final outcome:  SKIPPED
14:31:52 INFO  Test outcome reason: Testing the fake plugin is not enabled.Use parameter -Xfakeplugin=fakeplugin to enable it
14:31:52 INFO  
</system-out>
	</testcase>
<testcase classname="PySysTest" name="SoftwareManagement.sm_fake_install_remove" />
</testsuite><testsuite name="SoftwareManagement.sm_fake_install_remove_multiple" tests="2" errors="0" failures="0" skipped="1" time="0"><testcase classname="PySysTest" name="SoftwareManagement.sm_fake_install_remove_multiple">
		<skipped message="SKIPPED: Testing the fake plugin is not enabled.Use parameter -Xfakeplugin=fakeplugin to enable it" />
		<system-out>14:31:52 INFO  ==============================================================
14:31:52 INFO  Id:    SoftwareManagement.sm_fake_install_remove_multiple
14:31:52 INFO  Dir:   software_management_end_to_end/
14:31:52 INFO  Title: Validate end to end behaviour for the dummy-plugin for multiple packages
14:31:52 INFO  ==============================================================
14:31:52 INFO  Testing the fake plugin is not enabled.Use parameter -Xfakeplugin=fakeplugin to enable it ... skipped
14:31:52 WARN  Aborted test due to SKIPPED outcome
14:31:52 INFO  
14:31:52 INFO  Test duration: 0.02 secs
14:31:52 INFO  Test final outcome:  SKIPPED
14:31:52 INFO  Test outcome reason: Testing the fake plugin is not enabled.Use parameter -Xfakeplugin=fakeplugin to enable it
14:31:52 INFO  
</system-out>
	</testcase>
<testcase classname="PySysTest" name="SoftwareManagement.sm_fake_install_remove_multiple" />
</testsuite><testsuite name="SoftwareManagement.sm_mapper_fail_and_reconnect" tests="2" errors="0" failures="0" skipped="2" time="0"><testcase classname="MapperC8yReceiveLastMessageOnRestart" name="SoftwareManagement.sm_mapper_fail_and_reconnect">
		<skipped message="SKIPPED: instable https://github.com/thin-edge/thin-edge.io/issues/752" />
		<system-out>14:31:52 INFO  ==============================================================
14:31:52 INFO  Id:    SoftwareManagement.sm_mapper_fail_and_reconnect
14:31:52 INFO  Dir:   software_management_end_to_end/
14:31:52 INFO  Title: Validate the tedge-mapper-sm-c8y for receiving the last message on restart
14:31:52 INFO  ==============================================================
14:31:52 INFO  instable https://github.com/thin-edge/thin-edge.io/issues/752 ... skipped
14:31:52 INFO  
14:31:52 INFO  Test duration: 0.02 secs
14:31:52 INFO  Test final outcome:  SKIPPED
14:31:52 INFO  Test outcome reason: instable https://github.com/thin-edge/thin-edge.io/issues/752
14:31:52 INFO  
</system-out>
	</testcase>
<testcase classname="MapperC8yReceiveLastMessageOnRestart" name="SoftwareManagement.sm_mapper_fail_and_reconnect">
		<skipped message="SKIPPED: instable https://github.com/thin-edge/thin-edge.io/issues/752" />
		<system-out>15:44:18 INFO  ==============================================================
15:44:18 INFO  Id:    SoftwareManagement.sm_mapper_fail_and_reconnect
15:44:18 INFO  Dir:   software_management_end_to_end/
15:44:18 INFO  Title: Validate the tedge-mapper-sm-c8y for receiving the last message on restart
15:44:18 INFO  ==============================================================
15:44:18 INFO  instable https://github.com/thin-edge/thin-edge.io/issues/752 ... skipped
15:44:18 INFO  
15:44:18 INFO  Test duration: 0.03 secs
15:44:18 INFO  Test final outcome:  SKIPPED
15:44:18 INFO  Test outcome reason: instable https://github.com/thin-edge/thin-edge.io/issues/752
15:44:18 INFO  
</system-out>
	</testcase>
</testsuite><testsuite name="SoftwareManagement.sm_mixed_install_remove_multiple" tests="2" errors="0" failures="1" skipped="1" time="0"><testcase classname="PySysTest" name="SoftwareManagement.sm_mixed_install_remove_multiple">
		<skipped message="SKIPPED: Testing the fake plugin is not enabled.Use parameter -Xfakeplugin=fakeplugin to enable it" />
		<system-out>14:31:52 INFO  ==============================================================
14:31:52 INFO  Id:    SoftwareManagement.sm_mixed_install_remove_multiple
14:31:52 INFO  Dir:   software_management_end_to_end/
14:31:52 INFO  Title: Validate end to end behaviour for the dummy-plugin for multiple packages with mixed versions
14:31:52 INFO  ==============================================================
14:31:52 INFO  Testing the fake plugin is not enabled.Use parameter -Xfakeplugin=fakeplugin to enable it ... skipped
14:31:52 WARN  Aborted test due to SKIPPED outcome
14:31:52 INFO  
14:31:52 INFO  Test duration: 0.02 secs
14:31:52 INFO  Test final outcome:  SKIPPED
14:31:52 INFO  Test outcome reason: Testing the fake plugin is not enabled.Use parameter -Xfakeplugin=fakeplugin to enable it
14:31:52 INFO  
</system-out>
	</testcase>
<testcase classname="PySysTest" name="SoftwareManagement.sm_mixed_install_remove_multiple">
		<failure message="FAILED: Assert that (False == value) with value=True" type="FAILED" />
		<system-out>15:44:19 INFO  ==============================================================
15:44:19 INFO  Id:    SoftwareManagement.sm_mixed_install_remove_multiple
[...]
</testsuite><testsuite name="invalid_device_id" tests="1" errors="0" failures="0" skipped="0" time="0"><testcase classname="InvalidDeviceId" name="invalid_device_id" />
</testsuite><testsuite name="local_mqtt_pub_fail_noqos" tests="1" errors="0" failures="0" skipped="0" time="0"><testcase classname="PySysTest" name="local_mqtt_pub_fail_noqos" />
</testsuite><testsuite name="local_mqtt_pub_fail_qos0" tests="1" errors="0" failures="0" skipped="0" time="0"><testcase classname="PySysTest" name="local_mqtt_pub_fail_qos0" />
</testsuite><testsuite name="local_mqtt_pub_fail_qos1" tests="1" errors="0" failures="0" skipped="0" time="0"><testcase classname="PySysTest" name="local_mqtt_pub_fail_qos1" />
</testsuite><testsuite name="local_mqtt_pub_fail_qos2" tests="1" errors="0" failures="0" skipped="0" time="0"><testcase classname="PySysTest" name="local_mqtt_pub_fail_qos2" />
</testsuite><testsuite name="local_mqtt_pub_sub" tests="1" errors="0" failures="0" skipped="0" time="0"><testcase classname="PySysTest" name="local_mqtt_pub_sub" />
</testsuite><testsuite name="local_mqtt_pub_sub_retain" tests="1" errors="0" failures="1" skipped="0" time="0"><testcase classname="MqttPublishWithRetain" name="local_mqtt_pub_sub_retain">
		<failure message="FAILED: Grep on temp_sensor_sub.out contains &quot;\[test/alarms/temp_sensor\] alarm msg 2&quot; (+1 other failures)" type="FAILED" />
		<system-out>14:19:20 INFO  ==============================================================
14:19:20 INFO  Id:    local_mqtt_pub_sub_retain
14:19:20 INFO  Dir:   local_mqtt/
14:19:20 INFO  Title: Validate local publishing with retain flag
14:19:20 INFO  ==============================================================
14:19:20 INFO  Executed tedge&lt;pub_to_set_alarm&gt;, exit status 0
14:19:21 INFO  Executed tedge&lt;pub_to_set_alarm&gt;, exit status 0
14:19:22 INFO  Started tedge&lt;temp_sensor_sub&gt; with process id 3044
14:19:22 INFO  Executed tedge&lt;pub_to_clear_alarm&gt;, exit status 0
14:19:24 INFO  Executed sudo&lt;kill_out&gt;, exit status 0
14:19:24 INFO  Executed tedge&lt;pub_to_clear_alarm&gt;, exit status 0
14:19:24 INFO  Started tedge&lt;temp_sensor_empty_message&gt; with process id 3049
14:19:26 INFO  Executed sudo&lt;kill_out&gt;, exit status 0
14:19:26 WARN  Grep on temp_sensor_sub.out contains "\[test/alarms/temp_sensor\] alarm msg 2" ... failed [run.py:139]
14:19:26 WARN  Grep on temp_sensor_sub.out contains "\[test/alarms/temp_sensor\] " ... failed [run.py:142]
14:19:26 INFO  Grep on file temp_sensor_empty_message.out ... passed
14:19:26 INFO  
14:19:26 INFO  Test duration: 6.16 secs
14:19:26 INFO  Test final outcome:  FAILED
14:19:26 INFO  Test outcome reason: Grep on temp_sensor_sub.out contains "\[test/alarms/temp_sensor\] alarm msg 2" (+1 other failures)
14:19:26 INFO  
</system-out>
	</testcase>
</testsuite><testsuite name="local_mqtt_pub_sub_with_sudo" tests="1" errors="0" failures="0" skipped="0" time="0"><testcase classname="PySysTest" name="local_mqtt_pub_sub_with_sudo" />
</testsuite><testsuite name="local_mqtt_sub_fail" tests="1" errors="0" failures="0" skipped="0" time="0"><testcase classname="PySysTest" name="local_mqtt_sub_fail" />
</testsuite><testsuite name="log_request_error_messages" tests="1" errors="0" failures="1" skipped="0" time="0"><testcase classname="LogRequestVerifySearchTextError" name="log_request_error_messages">
		<failure message="FAILED: Assert that (True == value) with value=False" type="FAILED" />
		<system-out>14:19:30 INFO  ==============================================================
14:19:30 INFO  Id:    log_request_error_messages
14:19:30 INFO  Dir:   log_request_end_to_end/
14:19:30 INFO  Title: Validate end to end behaviour for the log request operation check for error messages
14:19:30 INFO  ==============================================================
14:19:33 INFO  EnvironmentC8y Setup
14:19:33 INFO  Executed systemctl&lt;serv_mapper1&gt;, exit status 3
14:19:33 INFO  Restarting mosquitto too frequently in the last 10 seconds. It was only up for 3 seconds
14:19:33 INFO  Delaying execution by 8 seconds
14:19:55 INFO  Executed sudo&lt;tedge_connect_c8y&gt;, exit status 0, duration 13 secs
14:19:56 INFO  Executed sudo&lt;tedge_connect_c8y_test&gt;, exit status 0
14:19:56 INFO  Executed systemctl&lt;serv_mosq2&gt;, exit status 0
14:19:57 INFO  Executed systemctl&lt;serv_mapper3&gt;, exit status 0
14:19:57 INFO  Executed sudo&lt;rm_logs&gt;, exit status 0
14:19:58 INFO  Executed sudo&lt;move_logs&gt;, exit status 0
14:19:58 INFO  log response None
14:19:58 WARN  retry, retrying in 1 seconds...
14:20:00 INFO  log response https://thin-edge-io.eu-latest.cumulocity.com/event/events/17779892/binaries
14:20:00 WARN  Assert that (True == value) with value=False ... failed [run.py:43]
14:20:00 INFO  
14:20:00 INFO  cleanup:
14:20:01 INFO  Executed sudo&lt;rm_logs&gt;, exit status 0
14:20:01 INFO  Executed sudo&lt;rm_tmp_logs&gt;, exit status 0
14:20:02 INFO  Executed sudo&lt;send_failed&gt;, exit status 0
14:20:06 INFO  Executed sudo&lt;tedge_disconnect_c8y&gt;, exit status 0
14:20:07 INFO  Executed systemctl&lt;serv_mapper5&gt;, exit status 3
14:20:07 INFO  
14:20:07 INFO  Test duration: 36.15 secs
14:20:07 INFO  Test final outcome:  FAILED
14:20:07 INFO  Test outcome reason: Assert that (True == value) with value=False
14:20:07 INFO  
</system-out>
	</testcase>
</testsuite><testsuite name="log_request_num_lines" tests="1" errors="0" failures="1" skipped="0" time="0"><testcase classname="LogRequestVerifyNumberOfLines" name="log_request_num_lines">
		<failure message="FAILED: Assert that (True == value) with value=False" type="FAILED" />
		<system-out>14:20:07 INFO  ==============================================================
14:20:07 INFO  Id:    log_request_num_lines
14:20:07 INFO  Dir:   log_request_end_to_end/
14:20:07 INFO  Title: Validate end to end behaviour for the log request operation check for number of lines
14:20:07 INFO  ==============================================================
14:20:07 INFO  EnvironmentC8y Setup
14:20:07 INFO  Executed systemctl&lt;serv_mapper1&gt;, exit status 3
14:20:07 INFO  Restarting mosquitto too frequently in the last 10 seconds. It was only up for 4 seconds
14:20:07 INFO  Delaying execution by 7 seconds
14:20:28 INFO  Executed sudo&lt;tedge_connect_c8y&gt;, exit status 0, duration 14 secs
14:20:29 INFO  Executed sudo&lt;tedge_connect_c8y_test&gt;, exit status 0
14:20:29 INFO  Executed systemctl&lt;serv_mosq2&gt;, exit status 0
14:20:30 INFO  Executed systemctl&lt;serv_mapper3&gt;, exit status 0
14:20:30 INFO  Executed sudo&lt;rm_logs&gt;, exit status 0
14:20:31 INFO  Executed sudo&lt;move_logs&gt;, exit status 0
14:20:32 INFO  log response None
14:20:32 WARN  retry, retrying in 1 seconds...
14:20:33 INFO  log response https://thin-edge-io.eu-latest.cumulocity.com/event/events/17786739/binaries
14:20:33 INFO  nlines 0
14:20:33 WARN  Assert that (True == value) with value=False ... failed [run.py:44]
14:20:33 INFO  
14:20:33 INFO  cleanup:
14:20:34 INFO  Executed sudo&lt;rm_logs&gt;, exit status 0
14:20:34 INFO  Executed sudo&lt;rm_tmp_logs&gt;, exit status 0
14:20:35 INFO  Executed sudo&lt;send_failed&gt;, exit status 0
14:20:39 INFO  Executed sudo&lt;tedge_disconnect_c8y&gt;, exit status 0
14:20:39 INFO  Executed systemctl&lt;serv_mapper5&gt;, exit status 3
14:20:39 INFO  
14:20:39 INFO  Test duration: 32.61 secs
14:20:39 INFO  Test final outcome:  FAILED
14:20:39 INFO  Test outcome reason: Assert that (True == value) with value=False
14:20:39 INFO  
</system-out>
	</testcase>
</testsuite><testsuite name="mapper_awaits_before_reconnect" tests="1" errors="0" failures="0" skipped="0" time="0"><testcase classname="MapperReconnectAwait" name="mapper_awaits_before_reconnect" />
</testsuite><testsuite name="monitoring_smaller_interval" tests="1" errors="0" failures="0" skipped="1" time="0"><testcase classname="MonitoringSmallInterval" name="monitoring_smaller_interval">
		<skipped message="SKIPPED: Fails due to retained message" />
		<system-out>14:22:10 INFO  ==============================================================
14:22:10 INFO  Id:    monitoring_smaller_interval
14:22:10 INFO  Dir:   monitoring/
14:22:10 INFO  Title: Validate the tedge dm agent messages that are produced with smaller sampling interval than the batching window. Here the simulated collectd messages are used
14:22:10 INFO  ==============================================================
14:22:10 INFO  Fails due to retained message ... skipped
14:22:10 INFO  
14:22:10 INFO  Test duration: 0.02 secs
14:22:10 INFO  Test final outcome:  SKIPPED
14:22:10 INFO  Test outcome reason: Fails due to retained message
14:22:10 INFO  
</system-out>
	</testcase>
</testsuite><testsuite name="monitoring_with_collectd" tests="1" errors="0" failures="0" skipped="1" time="0"><testcase classname="MonitoringWithCollectd" name="monitoring_with_collectd">
		<skipped message="SKIPPED: Test execution disabled due to #792 (instable)" />
		<system-out>14:22:10 INFO  ==============================================================
14:22:10 INFO  Id:    monitoring_with_collectd
14:22:10 INFO  Dir:   monitoring/
14:22:10 INFO  Title: Validate tedge dm agent messages that are produced by batching the collectd messages
14:22:10 INFO  ==============================================================
14:22:10 INFO  Test execution disabled due to #792 (instable) ... skipped
14:22:10 INFO  
14:22:10 INFO  Test duration: 0.02 secs
14:22:10 INFO  Test final outcome:  SKIPPED
14:22:10 INFO  Test outcome reason: Test execution disabled due to #792 (instable)
14:22:10 INFO  
</system-out>
	</testcase>
</testsuite><testsuite name="monitoring_with_simulated_messages" tests="1" errors="0" failures="0" skipped="1" time="0"><testcase classname="MonitoringWithSimulatedMessages" name="monitoring_with_simulated_messages">
		<skipped message="SKIPPED: Fails due to retained message" />
		<system-out>14:22:10 INFO  ==============================================================
14:22:10 INFO  Id:    monitoring_with_simulated_messages
14:22:10 INFO  Dir:   monitoring/
14:22:10 INFO  Title: Validate the tedge dm agent messages that are produced from the simulated collectd messages
14:22:10 INFO  ==============================================================
14:22:10 INFO  Fails due to retained message ... skipped
14:22:10 INFO  
14:22:10 INFO  Test duration: 0.02 secs
14:22:10 INFO  Test final outcome:  SKIPPED
14:22:10 INFO  Test outcome reason: Fails due to retained message
14:22:10 INFO  
</system-out>
	</testcase>
</testsuite><testsuite name="mqtt_port_change_connection_fails" tests="1" errors="0" failures="0" skipped="0" time="0"><testcase classname="MqttPortChangeConnectionFails" name="mqtt_port_change_connection_fails" />
</testsuite><testsuite name="mqtt_port_change_connection_works" tests="1" errors="0" failures="0" skipped="1" time="0"><testcase classname="MqttPortChangeConnectionWorks" name="mqtt_port_change_connection_works">
		<skipped message="SKIPPED: failing intermitently" />
		<system-out>14:21:14 INFO  ==============================================================
14:21:14 INFO  Id:    mqtt_port_change_connection_works
14:21:14 INFO  Dir:   misc_features/
14:21:14 INFO  Title: mqtt port change connection works for all the thin-edge services that use the mosquitto broker
14:21:14 INFO  ==============================================================
14:21:14 INFO  failing intermitently ... skipped
14:21:14 INFO  
14:21:14 INFO  Test duration: 0.02 secs
14:21:14 INFO  Test final outcome:  SKIPPED
14:21:14 INFO  Test outcome reason: failing intermitently
14:21:14 INFO  
</system-out>
	</testcase>
</testsuite><testsuite name="mqtt_port_set" tests="1" errors="0" failures="0" skipped="0" time="0"><testcase classname="MqttPortSet" name="mqtt_port_set" />
</testsuite><testsuite name="mqtt_port_unset" tests="1" errors="0" failures="0" skipped="0" time="0"><testcase classname="MqttPortUnSet" name="mqtt_port_unset" />
</testsuite><testsuite name="publish_flux" tests="1" errors="0" failures="0" skipped="0" time="0"><testcase classname="PublishFlux" name="publish_flux" />
</testsuite><testsuite name="publish_sawmill" tests="1" errors="0" failures="0" skipped="0" time="0"><testcase classname="PublishSawmill" name="publish_sawmill" />
</testsuite><testsuite name="pysys_block" tests="1" errors="0" failures="0" skipped="1" time="0"><testcase classname="Fail" name="pysys_block">
		<skipped message="SKIPPED: Enable this to observe a blocking test" />
		<system-out>14:21:37 INFO  ==============================================================
14:21:37 INFO  Id:    pysys_block
14:21:37 INFO  Dir:   misc_features/
14:21:37 INFO  Title: fail
14:21:37 INFO  ==============================================================
14:21:37 INFO  Enable this to observe a blocking test ... skipped
14:21:37 INFO  
14:21:37 INFO  Test duration: 0.02 secs
14:21:37 INFO  Test final outcome:  SKIPPED
14:21:37 INFO  Test outcome reason: Enable this to observe a blocking test
14:21:37 INFO  
</system-out>
	</testcase>
</testsuite><testsuite name="pysys_fail" tests="1" errors="0" failures="0" skipped="1" time="0"><testcase classname="Fail" name="pysys_fail">
		<skipped message="SKIPPED: Enable this to observe a failing test" />
		<system-out>14:21:37 INFO  ==============================================================
14:21:37 INFO  Id:    pysys_fail
14:21:37 INFO  Dir:   misc_features/
14:21:37 INFO  Title: fail
14:21:37 INFO  ==============================================================
14:21:37 INFO  Enable this to observe a failing test ... skipped
14:21:37 INFO  
14:21:37 INFO  Test duration: 0.02 secs
14:21:37 INFO  Test final outcome:  SKIPPED
14:21:37 INFO  Test outcome reason: Enable this to observe a failing test
14:21:37 INFO  
</system-out>
	</testcase>
</testsuite><testsuite name="runtime_start_two_mappers" tests="1" errors="0" failures="1" skipped="0" time="0"><testcase classname="RuntimeMultiMappers" name="runtime_start_two_mappers">
		<failure message="FAILED: Grep on tedge_mapper2.err contains &quot;Error: Couldn't acquire file lock.&quot;" type="FAILED" />
		<system-out>14:35:27 INFO  ==============================================================
14:35:27 INFO  Id:    runtime_start_two_mappers
14:35:27 INFO  Dir:   tedge_mapper_c8y/
14:35:27 INFO  Title: Validate two mappers can't be started at the same time
14:35:27 INFO  ==============================================================
14:35:28 INFO  Executed sudo&lt;tedge_mapper1&gt;, exit status 0
14:35:28 INFO  Waiting for 0.1 seconds
14:35:28 INFO  Executed sudo&lt;tedge_mapper2&gt;, exit status 1
14:35:29 INFO  Executed sudo&lt;tedge_mapper1&gt;, exit status 0
14:35:29 WARN  Grep on tedge_mapper2.err contains "Error: Couldn't acquire file lock." ... failed [run.py:46]
14:35:29 INFO  
14:35:29 INFO  Test duration: 1.84 secs
14:35:29 INFO  Test final outcome:  FAILED
14:35:29 INFO  Test outcome reason: Grep on tedge_mapper2.err contains "Error: Couldn't acquire file lock."
14:35:29 INFO  
</system-out>
	</testcase>
</testsuite><testsuite name="sm_tedge_mapper_init_session" tests="1" errors="0" failures="0" skipped="0" time="0"><testcase classname="TedgeSMMapperInitSession" name="sm_tedge_mapper_init_session" />
</testsuite><testsuite name="smoketest_json" tests="1" errors="0" failures="0" skipped="0" time="0"><testcase classname="SmokeTestJson" name="smoketest_json" />
</testsuite><testsuite name="smoketest_json_400_samples_10ms" tests="1" errors="0" failures="0" skipped="0" time="0"><testcase classname="SmoketestJson400Samples10ms" name="smoketest_json_400_samples_10ms" />
</testsuite><testsuite name="smoketest_json_400_samples_20ms" tests="1" errors="0" failures="0" skipped="0" time="0"><testcase classname="SmoketestJson400Samples20ms" name="smoketest_json_400_samples_20ms" />
</testsuite><testsuite name="smoketest_smartrest" tests="1" errors="0" failures="0" skipped="0" time="0"><testcase classname="SmoketestSmartRest" name="smoketest_smartrest" />
</testsuite><testsuite name="smoketest_smartrest_400_samples_1Xms" tests="1" errors="0" failures="0" skipped="0" time="0"><testcase classname="SmoketestSmartRest400Samples1Xms" name="smoketest_smartrest_400_samples_1Xms" />
</testsuite><testsuite name="smoketest_smartrest_400_samples_20ms" tests="1" errors="0" failures="0" skipped="0" time="0"><testcase classname="SmoketestSmartRest400Samples20ms" name="smoketest_smartrest_400_samples_20ms" />
</testsuite><testsuite name="tedge_agent_user_sudo_access" tests="1" errors="0" failures="0" skipped="1" time="0"><testcase classname="TedgeAgentUserSudoAccess" name="tedge_agent_user_sudo_access">
		<skipped message="SKIPPED: #955 Observation: Exit code of the apt plugin when called with no arguments" />
		<system-out>14:32:19 INFO  ==============================================================
14:32:19 INFO  Id:    tedge_agent_user_sudo_access
14:32:19 INFO  Dir:   tedge/
14:32:19 INFO  Title: Validate tedge-agent user has a limited sudo right
14:32:19 INFO  ==============================================================
14:32:19 INFO  #955 Observation: Exit code of the apt plugin when called with no arguments ... skipped
14:32:19 INFO  
14:32:19 INFO  Test duration: 0.02 secs
14:32:19 INFO  Test final outcome:  SKIPPED
14:32:19 INFO  Test outcome reason: #955 Observation: Exit code of the apt plugin when called with no arguments
14:32:19 INFO  
</system-out>
	</testcase>
</testsuite><testsuite name="tedge_connect_test_negative" tests="1" errors="0" failures="0" skipped="0" time="0"><testcase classname="TedgeConnectTestNegative" name="tedge_connect_test_negative" />
</testsuite><testsuite name="tedge_connect_test_positive" tests="1" errors="0" failures="0" skipped="0" time="0"><testcase classname="TedgeConnectTestPositive" name="tedge_connect_test_positive" />
</testsuite><testsuite name="tedge_connect_test_sm_services" tests="1" errors="0" failures="0" skipped="0" time="0"><testcase classname="TedgeConnectTestSMServices" name="tedge_connect_test_sm_services" />
</testsuite><testsuite name="tedge_disconnect_test_sm_services" tests="1" errors="0" failures="0" skipped="0" time="0"><testcase classname="TedgeDisConnectTestSMServices" name="tedge_disconnect_test_sm_services" />
</testsuite><testsuite name="tedge_mapper_az_negative" tests="1" errors="0" failures="0" skipped="0" time="0"><testcase classname="TedgeMapperAzError" name="tedge_mapper_az_negative" />
</testsuite><testsuite name="tedge_mapper_az_with_timestamp" tests="1" errors="0" failures="0" skipped="0" time="0"><testcase classname="TedgeMapperAzWithTimestamp" name="tedge_mapper_az_with_timestamp" />
</testsuite><testsuite name="tedge_mapper_az_without_timestamp" tests="1" errors="0" failures="0" skipped="0" time="0"><testcase classname="TedgeMapperAzWithoutTimestamp" name="tedge_mapper_az_without_timestamp" />
</testsuite><testsuite name="tedge_mapper_c8y_alarms" tests="1" errors="0" failures="0" skipped="0" time="0"><testcase classname="TedgeMapperC8yAlarm" name="tedge_mapper_c8y_alarms" />
</testsuite><testsuite name="tedge_mapper_c8y_child_device_measurement" tests="1" errors="0" failures="0" skipped="0" time="0"><testcase classname="TedgeMapperC8yChildDevice" name="tedge_mapper_c8y_child_device_measurement" />
</testsuite><testsuite name="tedge_mapper_c8y_packet_threshold_size" tests="1" errors="0" failures="0" skipped="0" time="0"><testcase classname="TedgeMapperC8yThresholdPacketSize" name="tedge_mapper_c8y_packet_threshold_size" />
</testsuite><testsuite name="tedge_software_update" tests="1" errors="0" failures="0" skipped="0" time="0"><testcase classname="PySysTest" name="tedge_software_update" />
</testsuite><testsuite name="valid_device_id" tests="1" errors="0" failures="0" skipped="0" time="0"><testcase classname="ValidateValidDeviceId" name="valid_device_id" />
</testsuite></testsuites>