<?xml version='1.0' encoding='utf-8'?>
<testsuites tests="149" failures="14" errors="0" skipped="49" time="0.0"><testsuite name="SoftwareManagement.Plugin.apama_plugin_install" tests="3" errors="0" failures="0" skipped="1" time="0"><testcase classname="ApamaPluginInstallTest" name="SoftwareManagement.Plugin.apama_plugin_install">
		<skipped message="SKIPPED: Apama plugin tests are disabled by default. Execute `pysys run` with `-XmyPlatform=container` to run these tests" />
		<system-out>07:54:16 INFO  ==============================================================
07:54:16 INFO  Id:    SoftwareManagement.Plugin.apama_plugin_install
07:54:16 INFO  Dir:   plugin_apama/
07:54:16 INFO  Title: Validate apama plugin install
07:54:16 INFO  ==============================================================
07:54:16 INFO  Apama plugin tests are disabled by default. Execute `pysys run` with `-XmyPlatform=container` to run these tests ... skipped
07:54:16 WARN  Aborted test due to SKIPPED outcome
07:54:16 INFO  
07:54:16 INFO  Test duration: 0.05 secs
07:54:16 INFO  Test final outcome:  SKIPPED
07:54:16 INFO  Test outcome reason: Apama plugin tests are disabled by default. Execute `pysys run` with `-XmyPlatform=container` to run these tests
07:54:16 INFO  
</system-out>
	</testcase>
<testcase classname="ApamaPluginInstallTest" name="SoftwareManagement.Plugin.apama_plugin_install" />
<testcase classname="ApamaPluginInstallTest" name="SoftwareManagement.Plugin.apama_plugin_install" />
</testsuite><testsuite name="SoftwareManagement.Plugin.apama_plugin_mon_support" tests="3" errors="0" failures="0" skipped="1" time="0"><testcase classname="ApamaPluginMonSupportTest" name="SoftwareManagement.Plugin.apama_plugin_mon_support">
		<skipped message="SKIPPED: Apama plugin tests are disabled by default. Execute `pysys run` with `-XmyPlatform=container` to run these tests" />
		<system-out>07:54:16 INFO  ==============================================================
07:54:16 INFO  Id:    SoftwareManagement.Plugin.apama_plugin_mon_support
07:54:16 INFO  Dir:   plugin_apama/
07:54:16 INFO  Title: Validate mon file support of apama plugin
07:54:16 INFO  ==============================================================
07:54:16 INFO  Apama plugin tests are disabled by default. Execute `pysys run` with `-XmyPlatform=container` to run these tests ... skipped
07:54:16 WARN  Aborted test due to SKIPPED outcome
07:54:16 INFO  
07:54:16 INFO  Test duration: 0.02 secs
07:54:16 INFO  Test final outcome:  SKIPPED
07:54:16 INFO  Test outcome reason: Apama plugin tests are disabled by default. Execute `pysys run` with `-XmyPlatform=container` to run these tests
07:54:16 INFO  
</system-out>
	</testcase>
<testcase classname="ApamaPluginMonSupportTest" name="SoftwareManagement.Plugin.apama_plugin_mon_support" />
<testcase classname="ApamaPluginMonSupportTest" name="SoftwareManagement.Plugin.apama_plugin_mon_support" />
</testsuite><testsuite name="SoftwareManagement.Plugin.apama_plugin_remove" tests="3" errors="0" failures="0" skipped="1" time="0"><testcase classname="ApamaPluginRemoveTest" name="SoftwareManagement.Plugin.apama_plugin_remove">
		<skipped message="SKIPPED: Apama plugin tests are disabled by default. Execute `pysys run` with `-XmyPlatform=container` to run these tests" />
		<system-out>07:54:16 INFO  ==============================================================
07:54:16 INFO  Id:    SoftwareManagement.Plugin.apama_plugin_remove
07:54:16 INFO  Dir:   plugin_apama/
07:54:16 INFO  Title: Validate apama plugin remove
07:54:16 INFO  ==============================================================
07:54:16 INFO  Apama plugin tests are disabled by default. Execute `pysys run` with `-XmyPlatform=container` to run these tests ... skipped
07:54:16 WARN  Aborted test due to SKIPPED outcome
07:54:16 INFO  
07:54:16 INFO  Test duration: 0.02 secs
07:54:16 INFO  Test final outcome:  SKIPPED
07:54:16 INFO  Test outcome reason: Apama plugin tests are disabled by default. Execute `pysys run` with `-XmyPlatform=container` to run these tests
07:54:16 INFO  
</system-out>
	</testcase>
<testcase classname="ApamaPluginRemoveTest" name="SoftwareManagement.Plugin.apama_plugin_remove" />
<testcase classname="ApamaPluginRemoveTest" name="SoftwareManagement.Plugin.apama_plugin_remove" />
</testsuite><testsuite name="SoftwareManagement.Plugin.apama_plugin_update" tests="3" errors="0" failures="2" skipped="1" time="0"><testcase classname="ApamaPluginUpdateTest" name="SoftwareManagement.Plugin.apama_plugin_update">
		<skipped message="SKIPPED: Apama plugin tests are disabled by default. Execute `pysys run` with `-XmyPlatform=container` to run these tests" />
		<system-out>07:54:16 INFO  ==============================================================
07:54:16 INFO  Id:    SoftwareManagement.Plugin.apama_plugin_update
07:54:16 INFO  Dir:   plugin_apama/
07:54:16 INFO  Title: Validate apama plugin updating one project with another
07:54:16 INFO  ==============================================================
07:54:16 INFO  Apama plugin tests are disabled by default. Execute `pysys run` with `-XmyPlatform=container` to run these tests ... skipped
07:54:16 WARN  Aborted test due to SKIPPED outcome
07:54:16 INFO  
07:54:16 INFO  Test duration: 0.02 secs
07:54:16 INFO  Test final outcome:  SKIPPED
07:54:16 INFO  Test outcome reason: Apama plugin tests are disabled by default. Execute `pysys run` with `-XmyPlatform=container` to run these tests
07:54:16 INFO  
</system-out>
	</testcase>
<testcase classname="ApamaPluginUpdateTest" name="SoftwareManagement.Plugin.apama_plugin_update">
		<failure message="BLOCKED: sudo&lt;plugin_install&gt; returned non-zero exit code 2" type="BLOCKED" />
		<system-out>08:46:44 INFO  ==============================================================
08:46:44 INFO  Id:    SoftwareManagement.Plugin.apama_plugin_update
08:46:44 INFO  Dir:   plugin_apama/
08:46:44 INFO  Title: Validate apama plugin updating one project with another
08:46:44 INFO  ==============================================================
08:46:44 INFO  Assertion that path exists=False for "/etc/tedge/apama/project" ... passed
08:46:44 INFO  Executed sudo&lt;create_project_dir&gt;, exit status 0
08:46:45 INFO  Executed sudo&lt;unzip_apama_project&gt;, exit status 0
08:46:45 INFO  Executed sudo&lt;move_apama_project&gt;, exit status 0
08:46:46 INFO  Executed sudo&lt;restart_apama_service&gt;, exit status 0
08:46:47 INFO  Executed sudo&lt;apama_correlator_wait&gt;, exit status 0
08:46:47 INFO  Assertion that path exists=True for "/etc/tedge/apama/project" ... passed
08:46:48 INFO  Executed sudo&lt;apama_list_monitors&gt;, exit status 0
08:46:48 INFO  Grep on file /home/pi/actions-runner/_work/thin-edge.io/thin-edge.io/tests/PySys/plugin_apama/apama_plugin_update/Output/linux/apama_list_monitors.out ... passed
08:46:48 WARN  Executed sudo&lt;plugin_install&gt;, exit status 2
08:46:48 INFO  Contents of plugin_install.err: 
  ERROR: Directory not empty (os error 39)
  -----

08:46:49 WARN  sudo&lt;plugin_install&gt; returned non-zero exit code 2 ... blocked [run.py:35]
08:46:49 WARN  Aborted test due to BLOCKED outcome
08:46:49 INFO  
08:46:49 INFO  cleanup:
08:46:49 INFO  Removing apama project
08:47:04 INFO  Executed sudo&lt;stop_apama_service&gt;, exit status 0, duration 15 secs
08:47:05 INFO  Executed sudo&lt;remove_apama_project&gt;, exit status 0
08:47:05 INFO  Executed sudo&lt;remove_apama_tmp_dir&gt;, exit status 0
08:47:05 INFO  
08:47:05 INFO  Test duration: 21.43 secs
08:47:05 INFO  Test final outcome:  BLOCKED
08:47:05 INFO  Test outcome reason: sudo&lt;plugin_install&gt; returned non-zero exit code 2
08:47:05 INFO  
</system-out>
	</testcase>
<testcase classname="ApamaPluginUpdateTest" name="SoftwareManagement.Plugin.apama_plugin_update">
		<failure message="BLOCKED: sudo&lt;plugin_install&gt; returned non-zero exit code 2" type="BLOCKED" />
		<system-out>08:55:38 INFO  ==============================================================
08:55:38 INFO  Id:    SoftwareManagement.Plugin.apama_plugin_update
08:55:38 INFO  Dir:   plugin_apama/
08:55:38 INFO  Title: Validate apama plugin updating one project with another
08:55:38 INFO  ==============================================================
08:55:38 INFO  Assertion that path exists=False for "/etc/tedge/apama/project" ... passed
08:55:39 INFO  Executed sudo&lt;create_project_dir&gt;, exit status 0
08:55:39 INFO  Executed sudo&lt;unzip_apama_project&gt;, exit status 0
08:55:40 INFO  Executed sudo&lt;move_apama_project&gt;, exit status 0
08:55:41 INFO  Executed sudo&lt;restart_apama_service&gt;, exit status 0
08:55:42 INFO  Executed sudo&lt;apama_correlator_wait&gt;, exit status 0
08:55:42 INFO  Assertion that path exists=True for "/etc/tedge/apama/project" ... passed
08:55:42 INFO  Executed sudo&lt;apama_list_monitors&gt;, exit status 0
08:55:42 INFO  Grep on file /home/pi/actions-runner/_work/thin-edge.io/thin-edge.io/tests/PySys/plugin_apama/apama_plugin_update/Output/linux/apama_list_monitors.out ... passed
08:55:43 WARN  Executed sudo&lt;plugin_install&gt;, exit status 2
08:55:43 INFO  Contents of plugin_install.err: 
  ERROR: Directory not empty (os error 39)
  -----

08:55:43 WARN  sudo&lt;plugin_install&gt; returned non-zero exit code 2 ... blocked [run.py:35]
08:55:43 WARN  Aborted test due to BLOCKED outcome
08:55:43 INFO  
08:55:43 INFO  cleanup:
08:55:43 INFO  Removing apama project
08:55:59 INFO  Executed sudo&lt;stop_apama_service&gt;, exit status 0, duration 15 secs
08:56:00 INFO  Executed sudo&lt;remove_apama_project&gt;, exit status 0
08:56:00 INFO  Executed sudo&lt;remove_apama_tmp_dir&gt;, exit status 0
08:56:00 INFO  
08:56:00 INFO  Test duration: 21.72 secs
08:56:00 INFO  Test final outcome:  BLOCKED
08:56:00 INFO  Test outcome reason: sudo&lt;plugin_install&gt; returned non-zero exit code 2
08:56:00 INFO  
</system-out>
	</testcase>
</testsuite><testsuite name="SoftwareManagement.sm_apt_install_download_path" tests="3" errors="0" failures="2" skipped="1" time="0"><testcase classname="AptInstallWithDownloadPath" name="SoftwareManagement.sm_apt_install_download_path">
		<skipped message="SKIPPED: Testing the apt plugin is not supported on this platform.Use parameter -XmyPlatform='container' to enable it" />
		<system-out>08:03:59 INFO  ==============================================================
08:03:59 INFO  Id:    SoftwareManagement.sm_apt_install_download_path
08:03:59 INFO  Dir:   software_management_end_to_end/
08:03:59 INFO  Title: Install package to directory specified in tedge config set tmp.path
08:03:59 INFO  ==============================================================
08:03:59 INFO  Testing the apt plugin is not supported on this platform.Use parameter -XmyPlatform='container' to enable it ... skipped
08:03:59 WARN  Aborted test due to SKIPPED outcome
08:03:59 INFO  
08:03:59 INFO  Test duration: 0.06 secs
08:03:59 INFO  Test final outcome:  SKIPPED
08:03:59 INFO  Test outcome reason: Testing the apt plugin is not supported on this platform.Use parameter -XmyPlatform='container' to enable it
08:03:59 INFO  
</system-out>
	</testcase>
<testcase classname="AptInstallWithDownloadPath" name="SoftwareManagement.sm_apt_install_download_path">
		<failure message="BLOCKED: AssertionError:" type="BLOCKED" />
		<system-out>08:28:28 INFO  ==============================================================
08:28:28 INFO  Id:    SoftwareManagement.sm_apt_install_download_path
08:28:28 INFO  Dir:   software_management_end_to_end/
08:28:28 INFO  Title: Install package to directory specified in tedge config set tmp.path
08:28:28 INFO  ==============================================================
08:28:29 INFO  Using sw id database: {'asciijump': '5475369', 'robotfindskitten': '5474869', 'squirrel3': '5475279', 'rolldice': '5152439', 'moon-buggy': '5439204', 'apple': '5495053', 'banana': '5494888', 'cherry': '5495382', 'watermelon': '5494510', 'registry': '8018911', 'hello-world': '8021526', 'docker/getting-started': '8021973', 'alpine': '7991792'}
08:28:29 INFO  EnvironmentC8y Setup
08:28:29 INFO  Executed systemctl&lt;serv_mapper1&gt;, exit status 3
08:28:44 INFO  Executed sudo&lt;tedge_connect_c8y&gt;, exit status 0, duration 14 secs
08:28:44 INFO  Executed sudo&lt;tedge_connect_c8y_test&gt;, exit status 0
08:28:46 INFO  Executed systemctl&lt;serv_mosq2&gt;, exit status 0
08:28:47 INFO  Executed systemctl&lt;serv_mapper3&gt;, exit status 0
08:28:49 INFO  State of current operation: SUCCESSFUL
08:28:49 INFO  Assert that (False == value) with value=False ... passed
08:28:50 INFO  Executed sudo, exit status 0
08:28:50 INFO  Executed sudo, exit status 0
08:28:51 INFO  Executed sudo, exit status 0
08:28:55 INFO  Executed sudo&lt;tedge_disconnect_c8y&gt;, exit status 0
08:28:55 INFO  Restarting mosquitto too frequently in the last 10 seconds. It was only up for 3 seconds
08:28:55 INFO  Delaying execution by 8 seconds
08:29:17 INFO  Executed sudo&lt;tedge_connect_c8y&gt;, exit status 0, duration 14 secs
08:29:17 INFO  Response status: 201
08:29:17 INFO  Response to action: {
    "delivery": {
        "time": "2022-05-03T08:29:17.929Z",
        "log": [],
        "status": "PENDING"
    },
    "creationTime": "2022-05-03T08:29:17.918Z",
    "deviceName": "mythicd",
    "deviceId": "18233697",
    "self": "https://t493319102.eu-latest.cumulocity.com/devicecontrol/operations/18263502",
    "id": "18263502",
    "status": "PENDING",
    "description": "Apply software changes, triggered from PySys: [{'name': 'rolldice', 'id': '5152439', 'version': '::apt', 'url': 'https://thin-edge-io.eu-latest.cumulocity.com/inventory/binaries/12435463', 'action': 'install'}]",
    "c8y_SoftwareUpdate": [
        {
            "name": "rolldice",
            "action": "install",
            "id": "5152439",
            "version": "::apt",
            "url": "https://thin-edge-io.eu-latest.cumulocity.com/inventory/binaries/12435463"
        }
    ]
}
08:29:17 INFO  Started operation: {'delivery': {'time': '2022-05-03T08:29:17.929Z', 'log': [], 'status': 'PENDING'}, 'creationTime': '2022-05-03T08:29:17.918Z', 'deviceName': 'mythicd', 'deviceId': '18233697', 'self': 'https://t493319102.eu-latest.cumulocity.com/devicecontrol/operations/18263502', 'id': '18263502', 'status': 'PENDING', 'description': "Apply software changes, triggered from PySys: [{'name': 'rolldice', 'id': '5152439', 'version': '::apt', 'url': 'https://thin-edge-io.eu-latest.cumulocity.com/inventory/binaries/12435463', 'action': 'install'}]", 'c8y_SoftwareUpdate': [{'name': 'rolldice', 'action': 'install', 'id': '5152439', 'version': '::apt', 'url': 'https://thin-edge-io.eu-latest.cumulocity.com/inventory/binaries/12435463'}]}
08:29:17 WARN  , retrying in 0.5 seconds...
08:29:18 WARN  , retrying in 0.5 seconds...
08:29:18 WARN  , retrying in 0.5 seconds...
08:29:19 WARN  , retrying in 0.5 seconds...
08:29:19 WARN  , retrying in 0.5 seconds...
08:29:20 WARN  , retrying in 0.5 seconds...
08:29:20 WARN  , retrying in 0.5 seconds...
08:29:21 WARN  , retrying in 0.5 seconds...
08:29:21 WARN  , retrying in 0.5 seconds...
08:29:22 WARN  AssertionError occurred while running test - 
Traceback (most recent call last):
  File "/home/pi/env-pysys/lib/python3.7/site-packages/pysys/baserunner.py", line 1294, in __call__
    self.testObj.execute()
  File "/home/pi/actions-runner/_work/thin-edge.io/thin-edge.io/tests/PySys/software_management_end_to_end/sm_apt_install_download_path/run.py", line 83, in execute
    assert_install_in_download_path(install_directory=self.DOWNLOAD_DIR)
  File "/home/pi/env-pysys/lib/python3.7/site-packages/decorator.py", line 232, in fun
    return caller(func, *(extras + args), **kw)
  File "/home/pi/env-pysys/lib/python3.7/site-packages/retry/api.py", line 74, in retry_decorator
    logger)
  File "/home/pi/env-pysys/lib/python3.7/site-packages/retry/api.py", line 33, in __retry_internal
    return f()
  File "/home/pi/actions-runner/_work/thin-edge.io/thin-edge.io/tests/PySys/software_management_end_to_end/sm_apt_install_download_path/run.py", line 28, in assert_install_in_download_path
    assert "rolldice" in os.listdir(f"{install_directory}")
AssertionError
08:29:23 WARN  AssertionError: ... blocked 
08:29:23 INFO  
08:29:23 INFO  cleanup:
08:29:23 INFO  Executed sudo, exit status 0
08:29:24 INFO  Executed sudo, exit status 0
08:29:28 INFO  Executed sudo&lt;tedge_disconnect_c8y&gt;, exit status 0
08:29:29 INFO  Restarting mosquitto too frequently in the last 10 seconds. It was only up for 4 seconds
08:29:29 INFO  Delaying execution by 7 seconds
08:29:50 INFO  Executed sudo&lt;tedge_connect_c8y&gt;, exit status 0, duration 14 secs
08:29:54 INFO  Executed sudo&lt;tedge_disconnect_c8y&gt;, exit status 0
08:29:55 INFO  Executed systemctl&lt;serv_mapper5&gt;, exit status 3
08:29:55 INFO  
08:29:55 INFO  Test duration: 86.71 secs
08:29:55 INFO  Test final outcome:  BLOCKED
08:29:55 INFO  Test outcome reason: AssertionError:
08:29:55 INFO  
</system-out>
	</testcase>
<testcase classname="AptInstallWithDownloadPath" name="SoftwareManagement.sm_apt_install_download_path">
		<failure message="BLOCKED: AssertionError:" type="BLOCKED" />
		<system-out>08:56:00 INFO  ==============================================================
08:56:00 INFO  Id:    SoftwareManagement.sm_apt_install_download_path
08:56:00 INFO  Dir:   software_management_end_to_end/
08:56:00 INFO  Title: Install package to directory specified in tedge config set tmp.path
08:56:00 INFO  ==============================================================
08:56:01 INFO  Using sw id database: {'asciijump': '5475369', 'robotfindskitten': '5474869', 'squirrel3': '5475279', 'rolldice': '5152439', 'moon-buggy': '5439204', 'apple': '5495053', 'banana': '5494888', 'cherry': '5495382', 'watermelon': '5494510', 'registry': '8018911', 'hello-world': '8021526', 'docker/getting-started': '8021973', 'alpine': '7991792'}
08:56:01 INFO  EnvironmentC8y Setup
08:56:02 INFO  Executed systemctl&lt;serv_mapper1&gt;, exit status 3
08:56:17 INFO  Executed sudo&lt;tedge_connect_c8y&gt;, exit status 0, duration 14 secs
08:56:18 INFO  Executed sudo&lt;tedge_connect_c8y_test&gt;, exit status 0
08:56:18 INFO  Executed systemctl&lt;serv_mosq2&gt;, exit status 0
08:56:19 INFO  Executed systemctl&lt;serv_mapper3&gt;, exit status 0
08:56:21 INFO  State of current operation: SUCCESSFUL
08:56:21 INFO  Assert that (False == value) with value=False ... passed
08:56:22 INFO  Executed sudo, exit status 0
08:56:22 INFO  Executed sudo, exit status 0
08:56:23 INFO  Executed sudo, exit status 0
08:56:27 INFO  Executed sudo&lt;tedge_disconnect_c8y&gt;, exit status 0
08:56:27 INFO  Restarting mosquitto too frequently in the last 10 seconds. It was only up for 3 seconds
08:56:27 INFO  Delaying execution by 8 seconds
08:56:49 INFO  Executed sudo&lt;tedge_connect_c8y&gt;, exit status 0, duration 14 secs
08:56:49 INFO  Response status: 201
08:56:49 INFO  Response to action: {
    "creationTime": "2022-05-03T08:56:49.742Z",
    "deviceName": "mythicd",
    "deviceId": "18233697",
    "self": "https://t493319102.eu-latest.cumulocity.com/devicecontrol/operations/18273286",
    "id": "18273286",
    "status": "PENDING",
    "description": "Apply software changes, triggered from PySys: [{'name': 'rolldice', 'id': '5152439', 'version': '::apt', 'url': 'https://thin-edge-io.eu-latest.cumulocity.com/inventory/binaries/12435463', 'action': 'install'}]",
    "c8y_SoftwareUpdate": [
        {
            "name": "rolldice",
            "action": "install",
            "id": "5152439",
            "version": "::apt",
            "url": "https://thin-edge-io.eu-latest.cumulocity.com/inventory/binaries/12435463"
        }
    ]
}
08:56:49 INFO  Started operation: {'creationTime': '2022-05-03T08:56:49.742Z', 'deviceName': 'mythicd', 'deviceId': '18233697', 'self': 'https://t493319102.eu-latest.cumulocity.com/devicecontrol/operations/18273286', 'id': '18273286', 'status': 'PENDING', 'description': "Apply software changes, triggered from PySys: [{'name': 'rolldice', 'id': '5152439', 'version': '::apt', 'url': 'https://thin-edge-io.eu-latest.cumulocity.com/inventory/binaries/12435463', 'action': 'install'}]", 'c8y_SoftwareUpdate': [{'name': 'rolldice', 'action': 'install', 'id': '5152439', 'version': '::apt', 'url': 'https://thin-edge-io.eu-latest.cumulocity.com/inventory/binaries/12435463'}]}
08:56:49 WARN  , retrying in 0.5 seconds...
08:56:50 WARN  , retrying in 0.5 seconds...
08:56:50 WARN  , retrying in 0.5 seconds...
08:56:51 WARN  , retrying in 0.5 seconds...
08:56:51 WARN  , retrying in 0.5 seconds...
08:56:52 WARN  , retrying in 0.5 seconds...
08:56:52 WARN  , retrying in 0.5 seconds...
08:56:53 WARN  , retrying in 0.5 seconds...
08:56:53 WARN  , retrying in 0.5 seconds...
08:56:54 WARN  AssertionError occurred while running test - 
Traceback (most recent call last):
  File "/home/pi/env-pysys/lib/python3.7/site-packages/pysys/baserunner.py", line 1294, in __call__
    self.testObj.execute()
  File "/home/pi/actions-runner/_work/thin-edge.io/thin-edge.io/tests/PySys/software_management_end_to_end/sm_apt_install_download_path/run.py", line 83, in execute
    assert_install_in_download_path(install_directory=self.DOWNLOAD_DIR)
  File "/home/pi/env-pysys/lib/python3.7/site-packages/decorator.py", line 232, in fun
    return caller(func, *(extras + args), **kw)
  File "/home/pi/env-pysys/lib/python3.7/site-packages/retry/api.py", line 74, in retry_decorator
    logger)
  File "/home/pi/env-pysys/lib/python3.7/site-packages/retry/api.py", line 33, in __retry_internal
    return f()
  File "/home/pi/actions-runner/_work/thin-edge.io/thin-edge.io/tests/PySys/software_management_end_to_end/sm_apt_install_download_path/run.py", line 28, in assert_install_in_download_path
    assert "rolldice" in os.listdir(f"{install_directory}")
AssertionError
08:56:54 WARN  AssertionError: ... blocked 
08:56:54 INFO  
08:56:54 INFO  cleanup:
08:56:54 INFO  Executed sudo, exit status 0
08:56:55 INFO  Executed sudo, exit status 0
08:56:59 INFO  Executed sudo&lt;tedge_disconnect_c8y&gt;, exit status 0
08:56:59 INFO  Restarting mosquitto too frequently in the last 10 seconds. It was only up for 4 seconds
08:56:59 INFO  Delaying execution by 7 seconds
08:57:20 INFO  Executed sudo&lt;tedge_connect_c8y&gt;, exit status 0, duration 14 secs
08:57:25 INFO  Executed sudo&lt;tedge_disconnect_c8y&gt;, exit status 0
08:57:25 INFO  Executed systemctl&lt;serv_mapper5&gt;, exit status 3
08:57:25 INFO  
08:57:25 INFO  Test duration: 85.35 secs
08:57:25 INFO  Test final outcome:  BLOCKED
08:57:25 INFO  Test outcome reason: AssertionError:
08:57:25 INFO  
</system-out>
	</testcase>
</testsuite><testsuite name="SoftwareManagement.sm_apt_install_fail" tests="3" errors="0" failures="0" skipped="1" time="0"><testcase classname="PySysTest" name="SoftwareManagement.sm_apt_install_fail">
		<skipped message="SKIPPED: Testing the apt plugin is not supported on this platform.Use parameter -XmyPlatform='container' to enable it" />
		<system-out>08:03:59 INFO  ==============================================================
08:03:59 INFO  Id:    SoftwareManagement.sm_apt_install_fail
08:03:59 INFO  Dir:   software_management_end_to_end/
08:03:59 INFO  Title: Validate end to end behaviour for a failing installation
08:03:59 INFO  ==============================================================
08:03:59 INFO  Testing the apt plugin is not supported on this platform.Use parameter -XmyPlatform='container' to enable it ... skipped
08:03:59 WARN  Aborted test due to SKIPPED outcome
08:03:59 INFO  
08:03:59 INFO  Test duration: 0.02 secs
08:03:59 INFO  Test final outcome:  SKIPPED
08:03:59 INFO  Test outcome reason: Testing the apt plugin is not supported on this platform.Use parameter -XmyPlatform='container' to enable it
08:03:59 INFO  
</system-out>
	</testcase>
<testcase classname="PySysTest" name="SoftwareManagement.sm_apt_install_fail" />
<testcase classname="PySysTest" name="SoftwareManagement.sm_apt_install_fail" />
</testsuite><testsuite name="SoftwareManagement.sm_apt_install_remove" tests="3" errors="0" failures="0" skipped="1" time="0"><testcase classname="PySysTest" name="SoftwareManagement.sm_apt_install_remove">
		<skipped message="SKIPPED: Testing the apt plugin is not supported on this platform.Use parameter -XmyPlatform='container' to enable it" />
		<system-out>08:03:59 INFO  ==============================================================
08:03:59 INFO  Id:    SoftwareManagement.sm_apt_install_remove
08:03:59 INFO  Dir:   software_management_end_to_end/
08:03:59 INFO  Title: Validate end to end behaviour for the apt plugin for installation and removal of packages
08:03:59 INFO  ==============================================================
08:03:59 INFO  Testing the apt plugin is not supported on this platform.Use parameter -XmyPlatform='container' to enable it ... skipped
08:03:59 WARN  Aborted test due to SKIPPED outcome
08:03:59 INFO  
08:03:59 INFO  Test duration: 0.02 secs
08:03:59 INFO  Test final outcome:  SKIPPED
08:03:59 INFO  Test outcome reason: Testing the apt plugin is not supported on this platform.Use parameter -XmyPlatform='container' to enable it
08:03:59 INFO  
</system-out>
	</testcase>
<testcase classname="PySysTest" name="SoftwareManagement.sm_apt_install_remove" />
<testcase classname="PySysTest" name="SoftwareManagement.sm_apt_install_remove" />
</testsuite><testsuite name="SoftwareManagement.sm_apt_install_remove_default" tests="3" errors="0" failures="0" skipped="1" time="0"><testcase classname="PySysTest" name="SoftwareManagement.sm_apt_install_remove_default">
		<skipped message="SKIPPED: Testing the apt plugin is not supported on this platform.Use parameter -XmyPlatform='container' to enable it" />
		<system-out>08:03:59 INFO  ==============================================================
08:03:59 INFO  Id:    SoftwareManagement.sm_apt_install_remove_default
08:03:59 INFO  Dir:   software_management_end_to_end/
08:03:59 INFO  Title: Validate end to end behaviour for the default plugin for installation and removal of packages
08:03:59 INFO  ==============================================================
08:03:59 INFO  Testing the apt plugin is not supported on this platform.Use parameter -XmyPlatform='container' to enable it ... skipped
08:03:59 WARN  Aborted test due to SKIPPED outcome
08:03:59 INFO  
08:03:59 INFO  Test duration: 0.02 secs
08:03:59 INFO  Test final outcome:  SKIPPED
08:03:59 INFO  Test outcome reason: Testing the apt plugin is not supported on this platform.Use parameter -XmyPlatform='container' to enable it
08:03:59 INFO  
</system-out>
	</testcase>
<testcase classname="PySysTest" name="SoftwareManagement.sm_apt_install_remove_default" />
<testcase classname="PySysTest" name="SoftwareManagement.sm_apt_install_remove_default" />
</testsuite><testsuite name="SoftwareManagement.sm_apt_install_remove_multiple" tests="3" errors="0" failures="2" skipped="1" time="0"><testcase classname="PySysTest" name="SoftwareManagement.sm_apt_install_remove_multiple">
		<skipped message="SKIPPED: Testing the apt plugin is not supported on this platform.Use parameter -XmyPlatform='container' to enable it" />
		<system-out>08:04:00 INFO  ==============================================================
08:04:00 INFO  Id:    SoftwareManagement.sm_apt_install_remove_multiple
08:04:00 INFO  Dir:   software_management_end_to_end/
08:04:00 INFO  Title: Validate end to end behaviour for the apt plugin for multiple packages
08:04:00 INFO  ==============================================================
08:04:00 INFO  Testing the apt plugin is not supported on this platform.Use parameter -XmyPlatform='container' to enable it ... skipped
08:04:00 WARN  Aborted test due to SKIPPED outcome
08:04:00 INFO  
08:04:00 INFO  Test duration: 0.02 secs
08:04:00 INFO  Test final outcome:  SKIPPED
08:04:00 INFO  Test outcome reason: Testing the apt plugin is not supported on this platform.Use parameter -XmyPlatform='container' to enable it
08:04:00 INFO  
</system-out>
	</testcase>
<testcase classname="PySysTest" name="SoftwareManagement.sm_apt_install_remove_multiple">
		<failure message="FAILED: Assert that (False == value) with value=True" type="FAILED" />
		<system-out>08:36:50 INFO  ==============================================================
08:36:50 INFO  Id:    SoftwareManagement.sm_apt_install_remove_multiple
08:36:50 INFO  Dir:   software_management_end_to_end/
08:36:50 INFO  Title: Validate end to end behaviour for the apt plugin for multiple packages
08:36:50 INFO  ==============================================================
08:36:50 INFO  Using sw id database: {'asciijump': '5475369', 'robotfindskitten': '5474869', 'squirrel3': '5475279', 'rolldice': '5152439', 'moon-buggy': '5439204', 'apple': '5495053', 'banana': '5494888', 'cherry': '5495382', 'watermelon': '5494510', 'registry': '8018911', 'hello-world': '8021526', 'docker/getting-started': '8021973', 'alpine': '7991792'}
08:36:50 INFO  EnvironmentC8y Setup
08:36:50 INFO  Executed systemctl&lt;serv_mapper1&gt;, exit status 3
08:36:50 INFO  Restarting mosquitto too frequently in the last 10 seconds. It was only up for 5 seconds
08:36:50 INFO  Delaying execution by 6 seconds
08:37:10 INFO  Executed sudo&lt;tedge_connect_c8y&gt;, exit status 0, duration 14 secs
08:37:11 INFO  Executed sudo&lt;tedge_connect_c8y_test&gt;, exit status 0
08:37:12 INFO  Executed systemctl&lt;serv_mosq2&gt;, exit status 0
08:37:12 INFO  Executed systemctl&lt;serv_mapper3&gt;, exit status 0
08:37:14 INFO  State of current operation: SUCCESSFUL
08:37:15 INFO  Assert that (False == value) with value=False ... passed
08:37:15 INFO  Assert that (False == value) with value=False ... passed
08:37:15 INFO  Assert that (False == value) with value=False ... passed
08:37:15 INFO  Package robotfindskitten is installed
08:37:15 WARN  Assert that (False == value) with value=True ... failed 
08:37:16 INFO  Response status: 201
08:37:16 INFO  Response to action: {
    "creationTime": "2022-05-03T08:37:16.061Z",
    "deviceName": "mythicd",
    "deviceId": "18233697",
    "self": "https://t493319102.eu-latest.cumulocity.com/devicecontrol/operations/18263591",
    "id": "18263591",
    "status": "PENDING",
    "description": "Apply software changes, triggered from PySys: [{'action': 'install', 'id': '5475369', 'name': 'asciijump', 'url': ' ', 'version': '::apt'}, {'action': 'install', 'id': '5474869', 'name': 'robotfindskitten', 'url': ' ', 'version': '::apt'}, {'action': 'install', 'id': '5475279', 'name': 'squirrel3', 'url': ' ', 'version': '::apt'}]",
    "c8y_SoftwareUpdate": [
        {
            "name": "asciijump",
            "action": "install",
            "id": "5475369",
            "version": "::apt",
            "url": " "
        },
        {
            "name": "robotfindskitten",
            "action": "install",
            "id": "5474869",
            "version": "::apt",
            "url": " "
        },
        {
            "name": "squirrel3",
            "action": "install",
            "id": "5475279",
            "version": "::apt",
            "url": " "
        }
    ]
}
08:37:16 INFO  Started operation: {'creationTime': '2022-05-03T08:37:16.061Z', 'deviceName': 'mythicd', 'deviceId': '18233697', 'self': 'https://t493319102.eu-latest.cumulocity.com/devicecontrol/operations/18263591', 'id': '18263591', 'status': 'PENDING', 'description': "Apply software changes, triggered from PySys: [{'action': 'install', 'id': '5475369', 'name': 'asciijump', 'url': ' ', 'version': '::apt'}, {'action': 'install', 'id': '5474869', 'name': 'robotfindskitten', 'url': ' ', 'version': '::apt'}, {'action': 'install', 'id': '5475279', 'name': 'squirrel3', 'url': ' ', 'version': '::apt'}]", 'c8y_SoftwareUpdate': [{'name': 'asciijump', 'action': 'install', 'id': '5475369', 'version': '::apt', 'url': ' '}, {'name': 'robotfindskitten', 'action': 'install', 'id': '5474869', 'version': '::apt', 'url': ' '}, {'name': 'squirrel3', 'action': 'install', 'id': '5475279', 'version': '::apt', 'url': ' '}]}
08:37:18 INFO  State of operation 18263591 : PENDING
08:37:20 INFO  State of operation 18263591 : EXECUTING
08:37:22 INFO  State of operation 18263591 : EXECUTING
08:37:25 INFO  State of operation 18263591 : EXECUTING
08:37:27 INFO  State of operation 18263591 : EXECUTING
08:37:29 INFO  State of operation 18263591 : EXECUTING
08:37:32 INFO  State of operation 18263591 : EXECUTING
08:37:35 INFO  State of operation 18263591 : EXECUTING
08:37:38 INFO  State of operation 18263591 : EXECUTING
08:37:40 INFO  State of operation 18263591 : EXECUTING
08:37:42 INFO  State of operation 18263591 : EXECUTING
08:37:44 INFO  State of operation 18263591 : EXECUTING
08:37:47 INFO  State of operation 18263591 : EXECUTING
08:37:49 INFO  State of operation 18263591 : EXECUTING
08:37:51 INFO  State of operation 18263591 : EXECUTING
08:37:53 INFO  State of operation 18263591 : EXECUTING
08:37:56 INFO  State of operation 18263591 : EXECUTING
08:37:58 INFO  State of operation 18263591 : EXECUTING
08:38:01 INFO  State of operation 18263591 : EXECUTING
08:38:03 INFO  State of operation 18263591 : EXECUTING
08:38:05 INFO  State of operation 18263591 : EXECUTING
08:38:08 INFO  State of operation 18263591 : EXECUTING
08:38:10 INFO  State of operation 18263591 : EXECUTING
08:38:13 INFO  State of operation 18263591 : EXECUTING
08:38:15 INFO  State of operation 18263591 : EXECUTING
08:38:17 INFO  State of operation 18263591 : EXECUTING
08:38:20 INFO  State of operation 18263591 : EXECUTING
08:38:22 INFO  State of operation 18263591 : EXECUTING
08:38:24 INFO  State of operation 18263591 : EXECUTING
08:38:26 INFO  State of operation 18263591 : EXECUTING
08:38:29 INFO  State of operation 18263591 : EXECUTING
08:38:31 INFO  State of operation 18263591 : EXECUTING
08:38:33 INFO  State of operation 18263591 : EXECUTING
08:38:36 INFO  State of operation 18263591 : EXECUTING
08:38:38 INFO  State of operation 18263591 : SUCCESSFUL
08:38:38 INFO  Assert that (False == value) with value=False ... passed
08:38:38 INFO  Package asciijump is installed
08:38:38 INFO  Assert that (True == value) with value=True ... passed
08:38:38 INFO  Package squirrel3 is installed
08:38:38 INFO  Assert that (True == value) with value=True ... passed
08:38:39 INFO  Package robotfindskitten is installed
08:38:39 INFO  Assert that (True == value) with value=True ... passed
08:38:39 INFO  Response status: 201
08:38:39 INFO  Response to action: {
    "creationTime": "2022-05-03T08:38:39.345Z",
    "deviceName": "mythicd",
    "deviceId": "18233697",
    "self": "https://t493319102.eu-latest.cumulocity.com/devicecontrol/operations/18263611",
    "id": "18263611",
    "status": "PENDING",
    "description": "Apply software changes, triggered from PySys: [{'action': 'delete', 'id': '5475369', 'name': 'asciijump', 'url': ' ', 'version': '::apt'}, {'action': 'delete', 'id': '5474869', 'name': 'robotfindskitten', 'url': ' ', 'version': '::apt'}, {'action': 'delete', 'id': '5475279', 'name': 'squirrel3', 'url': ' ', 'version': '::apt'}]",
    "c8y_SoftwareUpdate": [
        {
            "name": "asciijump",
            "action": "delete",
            "id": "5475369",
            "version": "::apt",
            "url": " "
        },
        {
            "name": "robotfindskitten",
            "action": "delete",
            "id": "5474869",
            "version": "::apt",
            "url": " "
        },
        {
            "name": "squirrel3",
            "action": "delete",
            "id": "5475279",
            "version": "::apt",
            "url": " "
        }
    ]
}
08:38:39 INFO  Started operation: {'creationTime': '2022-05-03T08:38:39.345Z', 'deviceName': 'mythicd', 'deviceId': '18233697', 'self': 'https://t493319102.eu-latest.cumulocity.com/devicecontrol/operations/18263611', 'id': '18263611', 'status': 'PENDING', 'description': "Apply software changes, triggered from PySys: [{'action': 'delete', 'id': '5475369', 'name': 'asciijump', 'url': ' ', 'version': '::apt'}, {'action': 'delete', 'id': '5474869', 'name': 'robotfindskitten', 'url': ' ', 'version': '::apt'}, {'action': 'delete', 'id': '5475279', 'name': 'squirrel3', 'url': ' ', 'version': '::apt'}]", 'c8y_SoftwareUpdate': [{'name': 'asciijump', 'action': 'delete', 'id': '5475369', 'version': '::apt', 'url': ' '}, {'name': 'robotfindskitten', 'action': 'delete', 'id': '5474869', 'version': '::apt', 'url': ' '}, {'name': 'squirrel3', 'action': 'delete', 'id': '5475279', 'version': '::apt', 'url': ' '}]}
08:38:41 INFO  State of operation 18263611 : PENDING
08:38:43 INFO  State of operation 18263611 : EXECUTING
08:38:46 INFO  State of operation 18263611 : EXECUTING
08:38:48 INFO  State of operation 18263611 : EXECUTING
08:38:50 INFO  State of operation 18263611 : EXECUTING
08:38:52 INFO  State of operation 18263611 : EXECUTING
08:38:57 INFO  State of operation 18263611 : EXECUTING
08:39:00 INFO  State of operation 18263611 : EXECUTING
08:39:02 INFO  State of operation 18263611 : EXECUTING
08:39:04 INFO  State of operation 18263611 : EXECUTING
08:39:07 INFO  State of operation 18263611 : EXECUTING
08:39:09 INFO  State of operation 18263611 : EXECUTING
08:39:11 INFO  State of operation 18263611 : EXECUTING
08:39:13 INFO  State of operation 18263611 : EXECUTING
08:39:16 INFO  State of operation 18263611 : EXECUTING
08:39:18 INFO  State of operation 18263611 : EXECUTING
08:39:20 INFO  State of operation 18263611 : EXECUTING
08:39:23 INFO  State of operation 18263611 : EXECUTING
08:39:25 INFO  State of operation 18263611 : EXECUTING
08:39:28 INFO  State of operation 18263611 : EXECUTING
08:39:30 INFO  State of operation 18263611 : EXECUTING
08:39:32 INFO  State of operation 18263611 : EXECUTING
08:39:34 INFO  State of operation 18263611 : EXECUTING
08:39:37 INFO  State of operation 18263611 : EXECUTING
08:39:39 INFO  State of operation 18263611 : EXECUTING
08:39:42 INFO  State of operation 18263611 : EXECUTING
08:39:44 INFO  State of operation 18263611 : EXECUTING
08:39:46 INFO  State of operation 18263611 : EXECUTING
08:39:48 INFO  State of operation 18263611 : SUCCESSFUL
08:39:49 INFO  Assert that (False == value) with value=False ... passed
08:39:49 INFO  Assert that (False == value) with value=False ... passed
08:39:49 INFO  Assert that (False == value) with value=False ... passed
08:39:49 INFO  Assert that (False == value) with value=False ... passed
08:39:49 INFO  
08:39:49 INFO  cleanup:
08:39:54 INFO  Executed sudo&lt;tedge_disconnect_c8y&gt;, exit status 0
08:39:54 INFO  Executed systemctl&lt;serv_mapper5&gt;, exit status 3
08:39:54 INFO  
08:39:54 INFO  Test duration: 184.47 secs
08:39:54 INFO  Test final outcome:  FAILED
08:39:54 INFO  Test outcome reason: Assert that (False == value) with value=True
08:39:54 INFO  
</system-out>
	</testcase>
<testcase classname="PySysTest" name="SoftwareManagement.sm_apt_install_remove_multiple">
		<failure message="FAILED: Assert that (False == value) with value=True (+2 other failures)" type="FAILED" />
		<system-out>09:04:16 INFO  ==============================================================
09:04:16 INFO  Id:    SoftwareManagement.sm_apt_install_remove_multiple
09:04:16 INFO  Dir:   software_management_end_to_end/
09:04:16 INFO  Title: Validate end to end behaviour for the apt plugin for multiple packages
09:04:16 INFO  ==============================================================
09:04:16 INFO  Using sw id database: {'asciijump': '5475369', 'robotfindskitten': '5474869', 'squirrel3': '5475279', 'rolldice': '5152439', 'moon-buggy': '5439204', 'apple': '5495053', 'banana': '5494888', 'cherry': '5495382', 'watermelon': '5494510', 'registry': '8018911', 'hello-world': '8021526', 'docker/getting-started': '8021973', 'alpine': '7991792'}
09:04:16 INFO  EnvironmentC8y Setup
09:04:16 INFO  Executed systemctl&lt;serv_mapper1&gt;, exit status 3
09:04:16 INFO  Restarting mosquitto too frequently in the last 10 seconds. It was only up for 4 seconds
09:04:16 INFO  Delaying execution by 7 seconds
09:04:38 INFO  Executed sudo&lt;tedge_connect_c8y&gt;, exit status 0, duration 14 secs
09:04:39 INFO  Executed sudo&lt;tedge_connect_c8y_test&gt;, exit status 0
09:04:39 INFO  Executed systemctl&lt;serv_mosq2&gt;, exit status 0
09:04:40 INFO  Executed systemctl&lt;serv_mapper3&gt;, exit status 0
09:04:42 INFO  State of current operation: SUCCESSFUL
09:04:42 INFO  Assert that (False == value) with value=False ... passed
09:04:42 INFO  Package asciijump is installed
09:04:43 WARN  Assert that (False == value) with value=True ... failed 
09:04:43 INFO  Package squirrel3 is installed
09:04:43 WARN  Assert that (False == value) with value=True ... failed 
09:04:43 INFO  Package robotfindskitten is installed
09:04:43 WARN  Assert that (False == value) with value=True ... failed 
09:04:44 INFO  Response status: 201
09:04:44 INFO  Response to action: {
    "creationTime": "2022-05-03T09:04:44.085Z",
    "deviceName": "mythicd",
    "deviceId": "18233697",
    "self": "https://t493319102.eu-latest.cumulocity.com/devicecontrol/operations/18274003",
    "id": "18274003",
    "status": "PENDING",
    "description": "Apply software changes, triggered from PySys: [{'action': 'install', 'id': '5475369', 'name': 'asciijump', 'url': ' ', 'version': '::apt'}, {'action': 'install', 'id': '5474869', 'name': 'robotfindskitten', 'url': ' ', 'version': '::apt'}, {'action': 'install', 'id': '5475279', 'name': 'squirrel3', 'url': ' ', 'version': '::apt'}]",
    "c8y_SoftwareUpdate": [
        {
            "name": "asciijump",
            "action": "install",
            "id": "5475369",
            "version": "::apt",
            "url": " "
        },
        {
            "name": "robotfindskitten",
            "action": "install",
            "id": "5474869",
            "version": "::apt",
            "url": " "
        },
        {
            "name": "squirrel3",
            "action": "install",
            "id": "5475279",
            "version": "::apt",
            "url": " "
        }
    ]
}
09:04:44 INFO  Started operation: {'creationTime': '2022-05-03T09:04:44.085Z', 'deviceName': 'mythicd', 'deviceId': '18233697', 'self': 'https://t493319102.eu-latest.cumulocity.com/devicecontrol/operations/18274003', 'id': '18274003', 'status': 'PENDING', 'description': "Apply software changes, triggered from PySys: [{'action': 'install', 'id': '5475369', 'name': 'asciijump', 'url': ' ', 'version': '::apt'}, {'action': 'install', 'id': '5474869', 'name': 'robotfindskitten', 'url': ' ', 'version': '::apt'}, {'action': 'install', 'id': '5475279', 'name': 'squirrel3', 'url': ' ', 'version': '::apt'}]", 'c8y_SoftwareUpdate': [{'name': 'asciijump', 'action': 'install', 'id': '5475369', 'version': '::apt', 'url': ' '}, {'name': 'robotfindskitten', 'action': 'install', 'id': '5474869', 'version': '::apt', 'url': ' '}, {'name': 'squirrel3', 'action': 'install', 'id': '5475279', 'version': '::apt', 'url': ' '}]}
09:04:46 INFO  State of operation 18274003 : PENDING
09:04:48 INFO  State of operation 18274003 : EXECUTING
09:04:50 INFO  State of operation 18274003 : EXECUTING
09:04:53 INFO  State of operation 18274003 : EXECUTING
09:04:55 INFO  State of operation 18274003 : EXECUTING
09:04:57 INFO  State of operation 18274003 : EXECUTING
09:05:01 INFO  State of operation 18274003 : EXECUTING
09:05:04 INFO  State of operation 18274003 : EXECUTING
09:05:06 INFO  State of operation 18274003 : EXECUTING
09:05:08 INFO  State of operation 18274003 : EXECUTING
09:05:11 INFO  State of operation 18274003 : EXECUTING
09:05:13 INFO  State of operation 18274003 : EXECUTING
09:05:15 INFO  State of operation 18274003 : EXECUTING
09:05:17 INFO  State of operation 18274003 : EXECUTING
09:05:20 INFO  State of operation 18274003 : SUCCESSFUL
09:05:20 INFO  Assert that (False == value) with value=False ... passed
09:05:20 INFO  Package asciijump is installed
09:05:20 INFO  Assert that (True == value) with value=True ... passed
09:05:20 INFO  Package squirrel3 is installed
09:05:20 INFO  Assert that (True == value) with value=True ... passed
09:05:21 INFO  Package robotfindskitten is installed
09:05:21 INFO  Assert that (True == value) with value=True ... passed
09:05:21 INFO  Response status: 201
09:05:21 INFO  Response to action: {
    "creationTime": "2022-05-03T09:05:21.229Z",
    "deviceName": "mythicd",
    "deviceId": "18233697",
    "self": "https://t493319102.eu-latest.cumulocity.com/devicecontrol/operations/18274019",
    "id": "18274019",
    "status": "PENDING",
    "description": "Apply software changes, triggered from PySys: [{'action': 'delete', 'id': '5475369', 'name': 'asciijump', 'url': ' ', 'version': '::apt'}, {'action': 'delete', 'id': '5474869', 'name': 'robotfindskitten', 'url': ' ', 'version': '::apt'}, {'action': 'delete', 'id': '5475279', 'name': 'squirrel3', 'url': ' ', 'version': '::apt'}]",
    "c8y_SoftwareUpdate": [
        {
            "name": "asciijump",
            "action": "delete",
            "id": "5475369",
            "version": "::apt",
            "url": " "
        },
        {
            "name": "robotfindskitten",
            "action": "delete",
            "id": "5474869",
            "version": "::apt",
            "url": " "
        },
        {
            "name": "squirrel3",
            "action": "delete",
            "id": "5475279",
            "version": "::apt",
            "url": " "
        }
    ]
}
09:05:21 INFO  Started operation: {'creationTime': '2022-05-03T09:05:21.229Z', 'deviceName': 'mythicd', 'deviceId': '18233697', 'self': 'https://t493319102.eu-latest.cumulocity.com/devicecontrol/operations/18274019', 'id': '18274019', 'status': 'PENDING', 'description': "Apply software changes, triggered from PySys: [{'action': 'delete', 'id': '5475369', 'name': 'asciijump', 'url': ' ', 'version': '::apt'}, {'action': 'delete', 'id': '5474869', 'name': 'robotfindskitten', 'url': ' ', 'version': '::apt'}, {'action': 'delete', 'id': '5475279', 'name': 'squirrel3', 'url': ' ', 'version': '::apt'}]", 'c8y_SoftwareUpdate': [{'name': 'asciijump', 'action': 'delete', 'id': '5475369', 'version': '::apt', 'url': ' '}, {'name': 'robotfindskitten', 'action': 'delete', 'id': '5474869', 'version': '::apt', 'url': ' '}, {'name': 'squirrel3', 'action': 'delete', 'id': '5475279', 'version': '::apt', 'url': ' '}]}
09:05:23 INFO  State of operation 18274019 : PENDING
09:05:25 INFO  State of operation 18274019 : EXECUTING
09:05:27 INFO  State of operation 18274019 : EXECUTING
09:05:30 INFO  State of operation 18274019 : EXECUTING
09:05:32 INFO  State of operation 18274019 : EXECUTING
09:05:34 INFO  State of operation 18274019 : EXECUTING
09:05:37 INFO  State of operation 18274019 : EXECUTING
09:05:40 INFO  State of operation 18274019 : EXECUTING
09:05:42 INFO  State of operation 18274019 : EXECUTING
09:05:44 INFO  State of operation 18274019 : EXECUTING
09:05:46 INFO  State of operation 18274019 : EXECUTING
09:05:48 INFO  State of operation 18274019 : EXECUTING
09:05:51 INFO  State of operation 18274019 : EXECUTING
09:05:53 INFO  State of operation 18274019 : EXECUTING
09:05:55 INFO  State of operation 18274019 : EXECUTING
09:05:58 INFO  State of operation 18274019 : EXECUTING
09:06:00 INFO  State of operation 18274019 : EXECUTING
09:06:02 INFO  State of operation 18274019 : EXECUTING
09:06:05 INFO  State of operation 18274019 : EXECUTING
09:06:07 INFO  State of operation 18274019 : EXECUTING
09:06:09 INFO  State of operation 18274019 : EXECUTING
09:06:12 INFO  State of operation 18274019 : EXECUTING
09:06:14 INFO  State of operation 18274019 : EXECUTING
09:06:16 INFO  State of operation 18274019 : EXECUTING
09:06:18 INFO  State of operation 18274019 : EXECUTING
09:06:21 INFO  State of operation 18274019 : EXECUTING
09:06:24 INFO  State of operation 18274019 : EXECUTING
09:06:26 INFO  State of operation 18274019 : EXECUTING
09:06:28 INFO  State of operation 18274019 : EXECUTING
09:06:30 INFO  State of operation 18274019 : SUCCESSFUL
09:06:31 INFO  Assert that (False == value) with value=False ... passed
09:06:31 INFO  Assert that (False == value) with value=False ... passed
09:06:31 INFO  Assert that (False == value) with value=False ... passed
09:06:31 INFO  Assert that (False == value) with value=False ... passed
09:06:31 INFO  
09:06:31 INFO  cleanup:
09:06:36 INFO  Executed sudo&lt;tedge_disconnect_c8y&gt;, exit status 0
09:06:36 INFO  Executed systemctl&lt;serv_mapper5&gt;, exit status 3
09:06:36 INFO  
09:06:36 INFO  Test duration: 140.78 secs
09:06:36 INFO  Test final outcome:  FAILED
09:06:36 INFO  Test outcome reason: Assert that (False == value) with value=True (+2 other failures)
09:06:36 INFO  
</system-out>
	</testcase>
</testsuite><testsuite name="SoftwareManagement.sm_apt_install_remove_multiple_mixed" tests="3" errors="0" failures="2" skipped="1" time="0"><testcase classname="PySysTest" name="SoftwareManagement.sm_apt_install_remove_multiple_mixed">
		<skipped message="SKIPPED: Testing the apt plugin is not supported on this platform.Use parameter -XmyPlatform='container' to enable it" />
		<system-out>08:04:00 INFO  ==============================================================
08:04:00 INFO  Id:    SoftwareManagement.sm_apt_install_remove_multiple_mixed
08:04:00 INFO  Dir:   software_management_end_to_end/
08:04:00 INFO  Title: Validate end to end behaviour for the apt plugin for multiple packages with mixed versions
08:04:00 INFO  ==============================================================
08:04:00 INFO  Testing the apt plugin is not supported on this platform.Use parameter -XmyPlatform='container' to enable it ... skipped
08:04:00 WARN  Aborted test due to SKIPPED outcome
08:04:00 INFO  
08:04:00 INFO  Test duration: 0.02 secs
08:04:00 INFO  Test final outcome:  SKIPPED
08:04:00 INFO  Test outcome reason: Testing the apt plugin is not supported on this platform.Use parameter -XmyPlatform='container' to enable it
08:04:00 INFO  
</system-out>
	</testcase>
<testcase classname="PySysTest" name="SoftwareManagement.sm_apt_install_remove_multiple_mixed">
		<failure message="BLOCKED: SystemError: Timeout while waiting for status SUCCESSFUL or False" type="BLOCKED" />
		<system-out>08:39:54 INFO  ==============================================================
08:39:54 INFO  Id:    SoftwareManagement.sm_apt_install_remove_multiple_mixed
08:39:54 INFO  Dir:   software_management_end_to_end/
08:39:54 INFO  Title: Validate end to end behaviour for the apt plugin for multiple packages with mixed versions
08:39:54 INFO  ==============================================================
08:39:54 INFO  Using sw id database: {'asciijump': '5475369', 'robotfindskitten': '5474869', 'squirrel3': '5475279', 'rolldice': '5152439', 'moon-buggy': '5439204', 'apple': '5495053', 'banana': '5494888', 'cherry': '5495382', 'watermelon': '5494510', 'registry': '8018911', 'hello-world': '8021526', 'docker/getting-started': '8021973', 'alpine': '7991792'}
08:39:54 INFO  EnvironmentC8y Setup
08:39:55 INFO  Executed systemctl&lt;serv_mapper1&gt;, exit status 3
08:39:55 INFO  Restarting mosquitto too frequently in the last 10 seconds. It was only up for 5 seconds
08:39:55 INFO  Delaying execution by 6 seconds
08:40:15 INFO  Executed sudo&lt;tedge_connect_c8y&gt;, exit status 0, duration 14 secs
08:40:16 INFO  Executed sudo&lt;tedge_connect_c8y_test&gt;, exit status 0
08:40:17 INFO  Executed systemctl&lt;serv_mosq2&gt;, exit status 0
08:40:17 INFO  Executed systemctl&lt;serv_mapper3&gt;, exit status 0
08:40:19 INFO  State of current operation: SUCCESSFUL
08:40:19 INFO  Assert that (False == value) with value=False ... passed
08:40:20 INFO  Assert that (False == value) with value=False ... passed
08:40:20 INFO  Assert that (False == value) with value=False ... passed
08:40:20 INFO  Assert that (False == value) with value=False ... passed
08:40:20 INFO  Assert that (False == value) with value=False ... passed
08:40:22 INFO  Response status: 201
08:40:22 INFO  Response to action: {
    "creationTime": "2022-05-03T08:40:21.992Z",
    "deviceName": "mythicd",
    "deviceId": "18233697",
    "self": "https://t493319102.eu-latest.cumulocity.com/devicecontrol/operations/18263628",
    "id": "18263628",
    "status": "PENDING",
    "description": "Apply software changes, triggered from PySys: [{'action': 'install', 'id': '5475369', 'name': 'asciijump', 'url': ' ', 'version': '::apt'}, {'action': 'install', 'id': '5474869', 'name': 'robotfindskitten', 'url': ' ', 'version': ' '}, {'action': 'install', 'id': '5475279', 'name': 'squirrel3', 'url': ' ', 'version': '3.1-7::apt'}, {'action': 'install', 'id': '5152439', 'name': 'rolldice', 'url': ' ', 'version': '1.16-1+b1'}, {'action': 'install', 'id': '5439204', 'name': 'moon-buggy', 'url': ' ', 'version': '1:1.0.51-12'}, {'action': 'install', 'id': '5475369', 'name': 'asciijump', 'url': ' ', 'version': '::apt'}]",
    "c8y_SoftwareUpdate": [
        {
            "name": "asciijump",
            "action": "install",
            "id": "5475369",
            "version": "::apt",
            "url": " "
        },
        {
            "name": "robotfindskitten",
            "action": "install",
            "id": "5474869",
            "version": " ",
            "url": " "
        },
        {
            "name": "squirrel3",
            "action": "install",
            "id": "5475279",
            "version": "3.1-7::apt",
            "url": " "
        },
        {
            "name": "rolldice",
            "action": "install",
            "id": "5152439",
            "version": "1.16-1+b1",
            "url": " "
        },
        {
            "name": "moon-buggy",
            "action": "install",
            "id": "5439204",
            "version": "1:1.0.51-12",
            "url": " "
        },
        {
            "name": "asciijump",
            "action": "install",
            "id": "5475369",
            "version": "::apt",
            "url": " "
        }
    ]
}
08:40:22 INFO  Started operation: {'creationTime': '2022-05-03T08:40:21.992Z', 'deviceName': 'mythicd', 'deviceId': '18233697', 'self': 'https://t493319102.eu-latest.cumulocity.com/devicecontrol/operations/18263628', 'id': '18263628', 'status': 'PENDING', 'description': "Apply software changes, triggered from PySys: [{'action': 'install', 'id': '5475369', 'name': 'asciijump', 'url': ' ', 'version': '::apt'}, {'action': 'install', 'id': '5474869', 'name': 'robotfindskitten', 'url': ' ', 'version': ' '}, {'action': 'install', 'id': '5475279', 'name': 'squirrel3', 'url': ' ', 'version': '3.1-7::apt'}, {'action': 'install', 'id': '5152439', 'name': 'rolldice', 'url': ' ', 'version': '1.16-1+b1'}, {'action': 'install', 'id': '5439204', 'name': 'moon-buggy', 'url': ' ', 'version': '1:1.0.51-12'}, {'action': 'install', 'id': '5475369', 'name': 'asciijump', 'url': ' ', 'version': '::apt'}]", 'c8y_SoftwareUpdate': [{'name': 'asciijump', 'action': 'install', 'id': '5475369', 'version': '::apt', 'url': ' '}, {'name': 'robotfindskitten', 'action': 'install', 'id': '5474869', 'version': ' ', 'url': ' '}, {'name': 'squirrel3', 'action': 'install', 'id': '5475279', 'version': '3.1-7::apt', 'url': ' '}, {'name': 'rolldice', 'action': 'install', 'id': '5152439', 'version': '1.16-1+b1', 'url': ' '}, {'name': 'moon-buggy', 'action': 'install', 'id': '5439204', 'version': '1:1.0.51-12', 'url': ' '}, {'name': 'asciijump', 'action': 'install', 'id': '5475369', 'version': '::apt', 'url': ' '}]}
08:40:24 INFO  State of operation 18263628 : PENDING
08:40:26 INFO  State of operation 18263628 : EXECUTING
08:40:28 INFO  State of operation 18263628 : EXECUTING
08:40:31 INFO  State of operation 18263628 : EXECUTING
08:40:33 INFO  State of operation 18263628 : EXECUTING
08:40:35 INFO  State of operation 18263628 : EXECUTING
08:40:38 INFO  State of operation 18263628 : EXECUTING
08:40:41 INFO  State of operation 18263628 : EXECUTING
08:40:43 INFO  State of operation 18263628 : EXECUTING
08:40:46 INFO  State of operation 18263628 : EXECUTING
08:40:48 INFO  State of operation 18263628 : EXECUTING
08:40:50 INFO  State of operation 18263628 : EXECUTING
08:40:52 INFO  State of operation 18263628 : EXECUTING
08:40:54 INFO  State of operation 18263628 : EXECUTING
08:40:57 INFO  State of operation 18263628 : EXECUTING
08:40:59 INFO  State of operation 18263628 : EXECUTING
08:41:01 INFO  State of operation 18263628 : EXECUTING
08:41:04 INFO  State of operation 18263628 : EXECUTING
08:41:06 INFO  State of operation 18263628 : EXECUTING
08:41:09 INFO  State of operation 18263628 : EXECUTING
08:41:11 INFO  State of operation 18263628 : EXECUTING
08:41:13 INFO  State of operation 18263628 : EXECUTING
08:41:15 INFO  State of operation 18263628 : EXECUTING
08:41:18 INFO  State of operation 18263628 : EXECUTING
08:41:21 INFO  State of operation 18263628 : EXECUTING
08:41:23 INFO  State of operation 18263628 : EXECUTING
08:41:26 INFO  State of operation 18263628 : EXECUTING
08:41:28 INFO  State of operation 18263628 : EXECUTING
08:41:31 INFO  State of operation 18263628 : EXECUTING
08:41:33 INFO  State of operation 18263628 : EXECUTING
08:41:35 INFO  State of operation 18263628 : EXECUTING
08:41:37 INFO  State of operation 18263628 : EXECUTING
08:41:40 INFO  State of operation 18263628 : EXECUTING
08:41:42 INFO  State of operation 18263628 : EXECUTING
08:41:44 INFO  State of operation 18263628 : EXECUTING
08:41:46 INFO  State of operation 18263628 : EXECUTING
08:41:48 INFO  State of operation 18263628 : EXECUTING
08:41:51 INFO  State of operation 18263628 : EXECUTING
08:41:53 INFO  State of operation 18263628 : EXECUTING
08:41:56 INFO  State of operation 18263628 : EXECUTING
08:41:58 INFO  State of operation 18263628 : EXECUTING
08:42:01 INFO  State of operation 18263628 : EXECUTING
08:42:03 INFO  State of operation 18263628 : EXECUTING
08:42:05 INFO  State of operation 18263628 : EXECUTING
08:42:08 INFO  State of operation 18263628 : EXECUTING
08:42:10 INFO  State of operation 18263628 : EXECUTING
08:42:12 INFO  State of operation 18263628 : EXECUTING
08:42:14 INFO  State of operation 18263628 : EXECUTING
08:42:17 INFO  State of operation 18263628 : EXECUTING
08:42:19 INFO  State of operation 18263628 : EXECUTING
08:42:22 INFO  State of operation 18263628 : EXECUTING
08:42:24 INFO  State of operation 18263628 : EXECUTING
08:42:26 INFO  State of operation 18263628 : EXECUTING
08:42:29 INFO  State of operation 18263628 : EXECUTING
08:42:31 INFO  State of operation 18263628 : EXECUTING
08:42:33 INFO  State of operation 18263628 : EXECUTING
08:42:36 INFO  State of operation 18263628 : EXECUTING
08:42:38 INFO  State of operation 18263628 : EXECUTING
08:42:40 INFO  State of operation 18263628 : EXECUTING
08:42:42 INFO  State of operation 18263628 : EXECUTING
08:42:45 INFO  State of operation 18263628 : EXECUTING
08:42:47 WARN  SystemError occurred while running test - Timeout while waiting for status SUCCESSFUL or False
Traceback (most recent call last):
  File "/home/pi/env-pysys/lib/python3.7/site-packages/pysys/baserunner.py", line 1294, in __call__
    self.testObj.execute()
  File "/home/pi/actions-runner/_work/thin-edge.io/thin-edge.io/tests/PySys/software_management_end_to_end/sm_apt_install_remove_multiple_mixed/run.py", line 89, in execute
    self.wait_until_succcess()
  File "/home/pi/actions-runner/_work/thin-edge.io/thin-edge.io/tests/PySys/software_management_end_to_end/environment_sm_management.py", line 324, in wait_until_succcess
    self.wait_until_status("SUCCESSFUL")
  File "/home/pi/actions-runner/_work/thin-edge.io/thin-edge.io/tests/PySys/software_management_end_to_end/environment_sm_management.py", line 381, in wait_until_status
    "Timeout while waiting for status %s or %s" % (status, status2)
SystemError: Timeout while waiting for status SUCCESSFUL or False
08:42:47 WARN  SystemError: Timeout while waiting for status SUCCESSFUL or False ... blocked 
08:42:47 INFO  
08:42:47 INFO  cleanup:
08:42:51 INFO  Executed sudo&lt;tedge_disconnect_c8y&gt;, exit status 0
08:42:52 INFO  Executed systemctl&lt;serv_mapper5&gt;, exit status 3
08:42:52 INFO  
08:42:52 INFO  Test duration: 177.58 secs
08:42:52 INFO  Test final outcome:  BLOCKED
08:42:52 INFO  Test outcome reason: SystemError: Timeout while waiting for status SUCCESSFUL or False
08:42:52 INFO  
</system-out>
	</testcase>
<testcase classname="PySysTest" name="SoftwareManagement.sm_apt_install_remove_multiple_mixed">
		<failure message="BLOCKED: SystemError: Timeout while waiting for status SUCCESSFUL or False (+1 other failures)" type="BLOCKED" />
		<system-out>09:06:36 INFO  ==============================================================
09:06:36 INFO  Id:    SoftwareManagement.sm_apt_install_remove_multiple_mixed
09:06:36 INFO  Dir:   software_management_end_to_end/
09:06:36 INFO  Title: Validate end to end behaviour for the apt plugin for multiple packages with mixed versions
09:06:36 INFO  ==============================================================
09:06:36 INFO  Using sw id database: {'asciijump': '5475369', 'robotfindskitten': '5474869', 'squirrel3': '5475279', 'rolldice': '5152439', 'moon-buggy': '5439204', 'apple': '5495053', 'banana': '5494888', 'cherry': '5495382', 'watermelon': '5494510', 'registry': '8018911', 'hello-world': '8021526', 'docker/getting-started': '8021973', 'alpine': '7991792'}
09:06:36 INFO  EnvironmentC8y Setup
09:06:37 INFO  Executed systemctl&lt;serv_mapper1&gt;, exit status 3
09:06:37 INFO  Restarting mosquitto too frequently in the last 10 seconds. It was only up for 4 seconds
09:06:37 INFO  Delaying execution by 7 seconds
09:06:58 INFO  Executed sudo&lt;tedge_connect_c8y&gt;, exit status 0, duration 14 secs
09:06:59 INFO  Executed sudo&lt;tedge_connect_c8y_test&gt;, exit status 0
09:06:59 INFO  Executed systemctl&lt;serv_mosq2&gt;, exit status 0
09:07:00 INFO  Executed systemctl&lt;serv_mapper3&gt;, exit status 0
09:07:02 INFO  State of current operation: SUCCESSFUL
09:07:02 INFO  Assert that (False == value) with value=False ... passed
09:07:02 INFO  Assert that (False == value) with value=False ... passed
09:07:03 INFO  Assert that (False == value) with value=False ... passed
09:07:03 INFO  Assert that (False == value) with value=False ... passed
09:07:03 INFO  Package moon-buggy is installed
09:07:03 WARN  Assert that (False == value) with value=True ... failed 
09:07:04 INFO  Response status: 201
09:07:04 INFO  Response to action: {
    "creationTime": "2022-05-03T09:07:04.947Z",
    "deviceName": "mythicd",
    "deviceId": "18233697",
    "self": "https://t493319102.eu-latest.cumulocity.com/devicecontrol/operations/18274034",
    "id": "18274034",
    "status": "PENDING",
    "description": "Apply software changes, triggered from PySys: [{'action': 'install', 'id': '5475369', 'name': 'asciijump', 'url': ' ', 'version': '::apt'}, {'action': 'install', 'id': '5474869', 'name': 'robotfindskitten', 'url': ' ', 'version': ' '}, {'action': 'install', 'id': '5475279', 'name': 'squirrel3', 'url': ' ', 'version': '3.1-7::apt'}, {'action': 'install', 'id': '5152439', 'name': 'rolldice', 'url': ' ', 'version': '1.16-1+b1'}, {'action': 'install', 'id': '5439204', 'name': 'moon-buggy', 'url': ' ', 'version': '1:1.0.51-12'}, {'action': 'install', 'id': '5475369', 'name': 'asciijump', 'url': ' ', 'version': '::apt'}]",
    "c8y_SoftwareUpdate": [
        {
            "name": "asciijump",
            "action": "install",
            "id": "5475369",
            "version": "::apt",
            "url": " "
        },
        {
            "name": "robotfindskitten",
            "action": "install",
            "id": "5474869",
            "version": " ",
            "url": " "
        },
        {
            "name": "squirrel3",
            "action": "install",
            "id": "5475279",
            "version": "3.1-7::apt",
            "url": " "
        },
        {
            "name": "rolldice",
            "action": "install",
            "id": "5152439",
            "version": "1.16-1+b1",
            "url": " "
        },
        {
            "name": "moon-buggy",
            "action": "install",
            "id": "5439204",
            "version": "1:1.0.51-12",
            "url": " "
        },
        {
            "name": "asciijump",
            "action": "install",
            "id": "5475369",
            "version": "::apt",
            "url": " "
        }
    ]
}
09:07:04 INFO  Started operation: {'creationTime': '2022-05-03T09:07:04.947Z', 'deviceName': 'mythicd', 'deviceId': '18233697', 'self': 'https://t493319102.eu-latest.cumulocity.com/devicecontrol/operations/18274034', 'id': '18274034', 'status': 'PENDING', 'description': "Apply software changes, triggered from PySys: [{'action': 'install', 'id': '5475369', 'name': 'asciijump', 'url': ' ', 'version': '::apt'}, {'action': 'install', 'id': '5474869', 'name': 'robotfindskitten', 'url': ' ', 'version': ' '}, {'action': 'install', 'id': '5475279', 'name': 'squirrel3', 'url': ' ', 'version': '3.1-7::apt'}, {'action': 'install', 'id': '5152439', 'name': 'rolldice', 'url': ' ', 'version': '1.16-1+b1'}, {'action': 'install', 'id': '5439204', 'name': 'moon-buggy', 'url': ' ', 'version': '1:1.0.51-12'}, {'action': 'install', 'id': '5475369', 'name': 'asciijump', 'url': ' ', 'version': '::apt'}]", 'c8y_SoftwareUpdate': [{'name': 'asciijump', 'action': 'install', 'id': '5475369', 'version': '::apt', 'url': ' '}, {'name': 'robotfindskitten', 'action': 'install', 'id': '5474869', 'version': ' ', 'url': ' '}, {'name': 'squirrel3', 'action': 'install', 'id': '5475279', 'version': '3.1-7::apt', 'url': ' '}, {'name': 'rolldice', 'action': 'install', 'id': '5152439', 'version': '1.16-1+b1', 'url': ' '}, {'name': 'moon-buggy', 'action': 'install', 'id': '5439204', 'version': '1:1.0.51-12', 'url': ' '}, {'name': 'asciijump', 'action': 'install', 'id': '5475369', 'version': '::apt', 'url': ' '}]}
09:07:07 INFO  State of operation 18274034 : PENDING
09:07:09 INFO  State of operation 18274034 : EXECUTING
09:07:11 INFO  State of operation 18274034 : EXECUTING
09:07:13 INFO  State of operation 18274034 : EXECUTING
09:07:16 INFO  State of operation 18274034 : EXECUTING
09:07:18 INFO  State of operation 18274034 : EXECUTING
09:07:21 INFO  State of operation 18274034 : EXECUTING
09:07:24 INFO  State of operation 18274034 : EXECUTING
09:07:26 INFO  State of operation 18274034 : EXECUTING
09:07:29 INFO  State of operation 18274034 : EXECUTING
09:07:31 INFO  State of operation 18274034 : EXECUTING
09:07:33 INFO  State of operation 18274034 : EXECUTING
09:07:35 INFO  State of operation 18274034 : EXECUTING
09:07:38 INFO  State of operation 18274034 : EXECUTING
09:07:40 INFO  State of operation 18274034 : EXECUTING
09:07:42 INFO  State of operation 18274034 : EXECUTING
09:07:45 INFO  State of operation 18274034 : EXECUTING
09:07:47 INFO  State of operation 18274034 : EXECUTING
09:07:50 INFO  State of operation 18274034 : EXECUTING
09:07:52 INFO  State of operation 18274034 : EXECUTING
09:07:54 INFO  State of operation 18274034 : EXECUTING
09:07:56 INFO  State of operation 18274034 : EXECUTING
09:07:59 INFO  State of operation 18274034 : EXECUTING
09:08:01 INFO  State of operation 18274034 : EXECUTING
09:08:04 INFO  State of operation 18274034 : EXECUTING
09:08:07 INFO  State of operation 18274034 : EXECUTING
09:08:09 INFO  State of operation 18274034 : EXECUTING
09:08:11 INFO  State of operation 18274034 : EXECUTING
09:08:14 INFO  State of operation 18274034 : EXECUTING
09:08:16 INFO  State of operation 18274034 : EXECUTING
09:08:19 INFO  State of operation 18274034 : EXECUTING
09:08:21 INFO  State of operation 18274034 : EXECUTING
09:08:24 INFO  State of operation 18274034 : EXECUTING
09:08:26 INFO  State of operation 18274034 : EXECUTING
09:08:28 INFO  State of operation 18274034 : EXECUTING
09:08:30 INFO  State of operation 18274034 : EXECUTING
09:08:32 INFO  State of operation 18274034 : EXECUTING
09:08:35 INFO  State of operation 18274034 : EXECUTING
09:08:37 INFO  State of operation 18274034 : EXECUTING
09:08:40 INFO  State of operation 18274034 : EXECUTING
09:08:43 INFO  State of operation 18274034 : EXECUTING
09:08:45 INFO  State of operation 18274034 : EXECUTING
09:08:47 INFO  State of operation 18274034 : EXECUTING
09:08:49 INFO  State of operation 18274034 : EXECUTING
09:08:52 INFO  State of operation 18274034 : EXECUTING
09:08:54 INFO  State of operation 18274034 : EXECUTING
09:08:56 INFO  State of operation 18274034 : EXECUTING
09:08:59 INFO  State of operation 18274034 : EXECUTING
09:09:01 INFO  State of operation 18274034 : EXECUTING
09:09:04 INFO  State of operation 18274034 : EXECUTING
09:09:06 INFO  State of operation 18274034 : EXECUTING
09:09:08 INFO  State of operation 18274034 : EXECUTING
09:09:11 INFO  State of operation 18274034 : EXECUTING
09:09:14 INFO  State of operation 18274034 : EXECUTING
09:09:16 INFO  State of operation 18274034 : EXECUTING
09:09:18 INFO  State of operation 18274034 : EXECUTING
09:09:20 INFO  State of operation 18274034 : EXECUTING
09:09:23 INFO  State of operation 18274034 : EXECUTING
09:09:25 INFO  State of operation 18274034 : EXECUTING
09:09:28 INFO  State of operation 18274034 : EXECUTING
09:09:30 INFO  State of operation 18274034 : EXECUTING
09:09:32 WARN  SystemError occurred while running test - Timeout while waiting for status SUCCESSFUL or False
Traceback (most recent call last):
  File "/home/pi/env-pysys/lib/python3.7/site-packages/pysys/baserunner.py", line 1294, in __call__
    self.testObj.execute()
  File "/home/pi/actions-runner/_work/thin-edge.io/thin-edge.io/tests/PySys/software_management_end_to_end/sm_apt_install_remove_multiple_mixed/run.py", line 89, in execute
    self.wait_until_succcess()
  File "/home/pi/actions-runner/_work/thin-edge.io/thin-edge.io/tests/PySys/software_management_end_to_end/environment_sm_management.py", line 324, in wait_until_succcess
    self.wait_until_status("SUCCESSFUL")
  File "/home/pi/actions-runner/_work/thin-edge.io/thin-edge.io/tests/PySys/software_management_end_to_end/environment_sm_management.py", line 381, in wait_until_status
    "Timeout while waiting for status %s or %s" % (status, status2)
SystemError: Timeout while waiting for status SUCCESSFUL or False
09:09:32 WARN  SystemError: Timeout while waiting for status SUCCESSFUL or False ... blocked 
09:09:32 INFO  
09:09:32 INFO  cleanup:
09:09:37 INFO  Executed sudo&lt;tedge_disconnect_c8y&gt;, exit status 0
09:09:38 INFO  Executed systemctl&lt;serv_mapper5&gt;, exit status 3
09:09:38 INFO  
09:09:38 INFO  Test duration: 181.48 secs
09:09:38 INFO  Test final outcome:  BLOCKED
09:09:38 INFO  Test outcome reason: SystemError: Timeout while waiting for status SUCCESSFUL or False (+1 other failures)
09:09:38 INFO  
</system-out>
	</testcase>
</testsuite><testsuite name="SoftwareManagement.sm_apt_install_remove_with_version" tests="3" errors="0" failures="0" skipped="1" time="0"><testcase classname="PySysTest" name="SoftwareManagement.sm_apt_install_remove_with_version">
		<skipped message="SKIPPED: Testing the apt plugin is not supported on this platform.Use parameter -XmyPlatform='container' to enable it" />
		<system-out>08:04:00 INFO  ==============================================================
08:04:00 INFO  Id:    SoftwareManagement.sm_apt_install_remove_with_version
08:04:00 INFO  Dir:   software_management_end_to_end/
08:04:00 INFO  Title: Validate end to end behaviour for the apt plugin for packages with version
08:04:00 INFO  ==============================================================
08:04:00 INFO  Testing the apt plugin is not supported on this platform.Use parameter -XmyPlatform='container' to enable it ... skipped
08:04:00 WARN  Aborted test due to SKIPPED outcome
08:04:00 INFO  
08:04:00 INFO  Test duration: 0.02 secs
08:04:00 INFO  Test final outcome:  SKIPPED
08:04:00 INFO  Test outcome reason: Testing the apt plugin is not supported on this platform.Use parameter -XmyPlatform='container' to enable it
08:04:00 INFO  
</system-out>
	</testcase>
<testcase classname="PySysTest" name="SoftwareManagement.sm_apt_install_remove_with_version" />
<testcase classname="PySysTest" name="SoftwareManagement.sm_apt_install_remove_with_version" />
</testsuite><testsuite name="SoftwareManagement.sm_docker_install_remove_multiple" tests="3" errors="0" failures="0" skipped="1" time="0"><testcase classname="SMDockerInstallRemove" name="SoftwareManagement.sm_docker_install_remove_multiple">
		<skipped message="SKIPPED: Testing the apt plugin is not supported on this platform.Use parameter -XmyPlatform='container' to enable it" />
		<system-out>08:04:00 INFO  ==============================================================
08:04:00 INFO  Id:    SoftwareManagement.sm_docker_install_remove_multiple
08:04:00 INFO  Dir:   software_management_end_to_end/
08:04:00 INFO  Title: Validate end to end behaviour for the docker plugin for multiple docker images with mixed versions
08:04:00 INFO  ==============================================================
08:04:00 INFO  Testing the apt plugin is not supported on this platform.Use parameter -XmyPlatform='container' to enable it ... skipped
08:04:00 WARN  Aborted test due to SKIPPED outcome
08:04:00 INFO  
08:04:00 INFO  Test duration: 0.02 secs
08:04:00 INFO  Test final outcome:  SKIPPED
08:04:00 INFO  Test outcome reason: Testing the apt plugin is not supported on this platform.Use parameter -XmyPlatform='container' to enable it
08:04:00 INFO  
</system-out>
	</testcase>
<testcase classname="SMDockerInstallRemove" name="SoftwareManagement.sm_docker_install_remove_multiple" />
<testcase classname="SMDockerInstallRemove" name="SoftwareManagement.sm_docker_install_remove_multiple" />
</testsuite><testsuite name="SoftwareManagement.sm_fake_install_remove" tests="2" errors="0" failures="0" skipped="1" time="0"><testcase classname="PySysTest" name="SoftwareManagement.sm_fake_install_remove">
		<skipped message="SKIPPED: Testing the fake plugin is not enabled.Use parameter -Xfakeplugin=fakeplugin to enable it" />
		<system-out>08:04:00 INFO  ==============================================================
08:04:00 INFO  Id:    SoftwareManagement.sm_fake_install_remove
08:04:00 INFO  Dir:   software_management_end_to_end/
08:04:00 INFO  Title: Validate end to end behaviour for the dummy plugin for installation and removal of packages
08:04:00 INFO  ==============================================================
08:04:00 INFO  Testing the fake plugin is not enabled.Use parameter -Xfakeplugin=fakeplugin to enable it ... skipped
08:04:00 WARN  Aborted test due to SKIPPED outcome
08:04:00 INFO  
08:04:00 INFO  Test duration: 0.02 secs
08:04:00 INFO  Test final outcome:  SKIPPED
08:04:00 INFO  Test outcome reason: Testing the fake plugin is not enabled.Use parameter -Xfakeplugin=fakeplugin to enable it
08:04:00 INFO  
</system-out>
	</testcase>
<testcase classname="PySysTest" name="SoftwareManagement.sm_fake_install_remove" />
</testsuite><testsuite name="SoftwareManagement.sm_fake_install_remove_multiple" tests="2" errors="0" failures="0" skipped="1" time="0"><testcase classname="PySysTest" name="SoftwareManagement.sm_fake_install_remove_multiple">
		<skipped message="SKIPPED: Testing the fake plugin is not enabled.Use parameter -Xfakeplugin=fakeplugin to enable it" />
		<system-out>08:04:00 INFO  ==============================================================
08:04:00 INFO  Id:    SoftwareManagement.sm_fake_install_remove_multiple
08:04:00 INFO  Dir:   software_management_end_to_end/
08:04:00 INFO  Title: Validate end to end behaviour for the dummy-plugin for multiple packages
08:04:00 INFO  ==============================================================
08:04:00 INFO  Testing the fake plugin is not enabled.Use parameter -Xfakeplugin=fakeplugin to enable it ... skipped
08:04:00 WARN  Aborted test due to SKIPPED outcome
08:04:00 INFO  
08:04:00 INFO  Test duration: 0.02 secs
08:04:00 INFO  Test final outcome:  SKIPPED
08:04:00 INFO  Test outcome reason: Testing the fake plugin is not enabled.Use parameter -Xfakeplugin=fakeplugin to enable it
08:04:00 INFO  
</system-out>
	</testcase>
<testcase classname="PySysTest" name="SoftwareManagement.sm_fake_install_remove_multiple" />
</testsuite><testsuite name="SoftwareManagement.sm_mapper_fail_and_reconnect" tests="2" errors="0" failures="0" skipped="2" time="0"><testcase classname="MapperC8yReceiveLastMessageOnRestart" name="SoftwareManagement.sm_mapper_fail_and_reconnect">
		<skipped message="SKIPPED: instable https://github.com/thin-edge/thin-edge.io/issues/752" />
		<system-out>08:04:00 INFO  ==============================================================
08:04:00 INFO  Id:    SoftwareManagement.sm_mapper_fail_and_reconnect
08:04:00 INFO  Dir:   software_management_end_to_end/
08:04:00 INFO  Title: Validate the tedge-mapper-sm-c8y for receiving the last message on restart
08:04:00 INFO  ==============================================================
08:04:00 INFO  instable https://github.com/thin-edge/thin-edge.io/issues/752 ... skipped
08:04:00 INFO  
08:04:00 INFO  Test duration: 0.02 secs
08:04:00 INFO  Test final outcome:  SKIPPED
08:04:00 INFO  Test outcome reason: instable https://github.com/thin-edge/thin-edge.io/issues/752
08:04:00 INFO  
</system-out>
	</testcase>
<testcase classname="MapperC8yReceiveLastMessageOnRestart" name="SoftwareManagement.sm_mapper_fail_and_reconnect">
		<skipped message="SKIPPED: instable https://github.com/thin-edge/thin-edge.io/issues/752" />
		<system-out>09:16:32 INFO  ==============================================================
09:16:32 INFO  Id:    SoftwareManagement.sm_mapper_fail_and_reconnect
09:16:32 INFO  Dir:   software_management_end_to_end/
09:16:32 INFO  Title: Validate the tedge-mapper-sm-c8y for receiving the last message on restart
09:16:32 INFO  ==============================================================
09:16:32 INFO  instable https://github.com/thin-edge/thin-edge.io/issues/752 ... skipped
09:16:32 INFO  
09:16:32 INFO  Test duration: 0.04 secs
09:16:32 INFO  Test final outcome:  SKIPPED
09:16:32 INFO  Test outcome reason: instable https://github.com/thin-edge/thin-edge.io/issues/752
09:16:32 INFO  
</system-out>
	</testcase>
</testsuite><testsuite name="SoftwareManagement.sm_mixed_install_remove_multiple" tests="2" errors="0" failures="1" skipped="1" time="0"><testcase classname="PySysTest" name="SoftwareManagement.sm_mixed_install_remove_multiple">
		<skipped message="SKIPPED: Testing the fake plugin is not enabled.Use parameter -Xfakeplugin=fakeplugin to enable it" />
		<system-out>08:04:00 INFO  ==============================================================
08:04:00 INFO  Id:    SoftwareManagement.sm_mixed_install_remove_multiple
08:04:00 INFO  Dir:   software_management_end_to_end/
08:04:00 INFO  Title: Validate end to end behaviour for the dummy-plugin for multiple packages with mixed versions
08:04:00 INFO  ==============================================================
08:04:00 INFO  Testing the fake plugin is not enabled.Use parameter -Xfakeplugin=fakeplugin to enable it ... skipped
08:04:00 WARN  Aborted test due to SKIPPED outcome
08:04:00 INFO  
08:04:00 INFO  Test duration: 0.04 secs
08:04:00 INFO  Test final outcome:  SKIPPED
08:04:00 INFO  Test outcome reason: Testing the fake plugin is not enabled.Use parameter -Xfakeplugin=fakeplugin to enable it
08:04:00 INFO  
</system-out>
	</testcase>
<testcase classname="PySysTest" name="SoftwareManagement.sm_mixed_install_remove_multiple">
		<failure message="FAILED: Assert that (False == value) with value=True" type="FAILED" />
		<system-out>09:16:32 INFO  ==============================================================
09:16:32 INFO  Id:    SoftwareManagement.sm_mixed_install_remove_multiple
09:16:32 INFO  Dir:   software_management_end_to_end/
[...]
</testsuite><testsuite name="invalid_device_id" tests="1" errors="0" failures="0" skipped="0" time="0"><testcase classname="InvalidDeviceId" name="invalid_device_id" />
</testsuite><testsuite name="local_mqtt_pub_fail_noqos" tests="1" errors="0" failures="0" skipped="0" time="0"><testcase classname="PySysTest" name="local_mqtt_pub_fail_noqos" />
</testsuite><testsuite name="local_mqtt_pub_fail_qos0" tests="1" errors="0" failures="0" skipped="0" time="0"><testcase classname="PySysTest" name="local_mqtt_pub_fail_qos0" />
</testsuite><testsuite name="local_mqtt_pub_fail_qos1" tests="1" errors="0" failures="0" skipped="0" time="0"><testcase classname="PySysTest" name="local_mqtt_pub_fail_qos1" />
</testsuite><testsuite name="local_mqtt_pub_fail_qos2" tests="1" errors="0" failures="0" skipped="0" time="0"><testcase classname="PySysTest" name="local_mqtt_pub_fail_qos2" />
</testsuite><testsuite name="local_mqtt_pub_sub" tests="1" errors="0" failures="0" skipped="0" time="0"><testcase classname="PySysTest" name="local_mqtt_pub_sub" />
</testsuite><testsuite name="local_mqtt_pub_sub_retain" tests="1" errors="0" failures="1" skipped="0" time="0"><testcase classname="MqttPublishWithRetain" name="local_mqtt_pub_sub_retain">
		<failure message="FAILED: Grep on temp_sensor_sub.out contains &quot;\[test/alarms/temp_sensor\] alarm msg 2&quot; (+1 other failures)" type="FAILED" />
		<system-out>07:51:04 INFO  ==============================================================
07:51:04 INFO  Id:    local_mqtt_pub_sub_retain
07:51:04 INFO  Dir:   local_mqtt/
07:51:04 INFO  Title: Validate local publishing with retain flag
07:51:04 INFO  ==============================================================
07:51:05 INFO  Executed tedge&lt;pub_to_set_alarm&gt;, exit status 0
07:51:05 INFO  Executed tedge&lt;pub_to_set_alarm&gt;, exit status 0
07:51:06 INFO  Started tedge&lt;temp_sensor_sub&gt; with process id 30653
07:51:07 INFO  Executed tedge&lt;pub_to_clear_alarm&gt;, exit status 0
07:51:08 INFO  Executed sudo&lt;kill_out&gt;, exit status 0
07:51:08 INFO  Executed tedge&lt;pub_to_clear_alarm&gt;, exit status 0
07:51:08 INFO  Started tedge&lt;temp_sensor_empty_message&gt; with process id 30658
07:51:10 INFO  Executed sudo&lt;kill_out&gt;, exit status 0
07:51:10 WARN  Grep on temp_sensor_sub.out contains "\[test/alarms/temp_sensor\] alarm msg 2" ... failed [run.py:139]
07:51:10 WARN  Grep on temp_sensor_sub.out contains "\[test/alarms/temp_sensor\] " ... failed [run.py:142]
07:51:10 INFO  Grep on file temp_sensor_empty_message.out ... passed
07:51:10 INFO  
07:51:10 INFO  Test duration: 5.98 secs
07:51:10 INFO  Test final outcome:  FAILED
07:51:10 INFO  Test outcome reason: Grep on temp_sensor_sub.out contains "\[test/alarms/temp_sensor\] alarm msg 2" (+1 other failures)
07:51:10 INFO  
</system-out>
	</testcase>
</testsuite><testsuite name="local_mqtt_pub_sub_with_sudo" tests="1" errors="0" failures="0" skipped="0" time="0"><testcase classname="PySysTest" name="local_mqtt_pub_sub_with_sudo" />
</testsuite><testsuite name="local_mqtt_sub_fail" tests="1" errors="0" failures="0" skipped="0" time="0"><testcase classname="PySysTest" name="local_mqtt_sub_fail" />
</testsuite><testsuite name="log_request_error_messages" tests="1" errors="0" failures="1" skipped="0" time="0"><testcase classname="LogRequestVerifySearchTextError" name="log_request_error_messages">
		<failure message="FAILED: Assert that (True == value) with value=False" type="FAILED" />
		<system-out>07:51:15 INFO  ==============================================================
07:51:15 INFO  Id:    log_request_error_messages
07:51:15 INFO  Dir:   log_request_end_to_end/
07:51:15 INFO  Title: Validate end to end behaviour for the log request operation check for error messages
07:51:15 INFO  ==============================================================
07:51:16 INFO  EnvironmentC8y Setup
07:51:17 INFO  Executed systemctl&lt;serv_mapper1&gt;, exit status 3
07:51:17 INFO  Restarting mosquitto too frequently in the last 10 seconds. It was only up for 2 seconds
07:51:17 INFO  Delaying execution by 9 seconds
07:51:40 INFO  Executed sudo&lt;tedge_connect_c8y&gt;, exit status 0, duration 13 secs
07:51:41 INFO  Executed sudo&lt;tedge_connect_c8y_test&gt;, exit status 0
07:51:41 INFO  Executed systemctl&lt;serv_mosq2&gt;, exit status 0
07:51:41 INFO  Executed systemctl&lt;serv_mapper3&gt;, exit status 0
07:51:42 INFO  Executed sudo&lt;rm_logs&gt;, exit status 0
07:51:43 INFO  Executed sudo&lt;move_logs&gt;, exit status 0
07:51:43 INFO  log response None
07:51:43 WARN  retry, retrying in 1 seconds...
07:51:44 INFO  log response https://thin-edge-io.eu-latest.cumulocity.com/event/events/18245571/binaries
07:51:45 WARN  Assert that (True == value) with value=False ... failed [run.py:43]
07:51:45 INFO  
07:51:45 INFO  cleanup:
07:51:45 INFO  Executed sudo&lt;rm_logs&gt;, exit status 0
07:51:46 INFO  Executed sudo&lt;rm_tmp_logs&gt;, exit status 0
07:51:46 INFO  Executed sudo&lt;send_failed&gt;, exit status 0
07:51:50 INFO  Executed sudo&lt;tedge_disconnect_c8y&gt;, exit status 0
07:51:51 INFO  Executed systemctl&lt;serv_mapper5&gt;, exit status 3
07:51:51 INFO  
07:51:51 INFO  Test duration: 36.10 secs
07:51:51 INFO  Test final outcome:  FAILED
07:51:51 INFO  Test outcome reason: Assert that (True == value) with value=False
07:51:51 INFO  
</system-out>
	</testcase>
</testsuite><testsuite name="log_request_num_lines" tests="1" errors="0" failures="1" skipped="0" time="0"><testcase classname="LogRequestVerifyNumberOfLines" name="log_request_num_lines">
		<failure message="FAILED: Assert that (True == value) with value=False" type="FAILED" />
		<system-out>07:51:51 INFO  ==============================================================
07:51:51 INFO  Id:    log_request_num_lines
07:51:51 INFO  Dir:   log_request_end_to_end/
07:51:51 INFO  Title: Validate end to end behaviour for the log request operation check for number of lines
07:51:51 INFO  ==============================================================
07:51:51 INFO  EnvironmentC8y Setup
07:51:52 INFO  Executed systemctl&lt;serv_mapper1&gt;, exit status 3
07:51:52 INFO  Restarting mosquitto too frequently in the last 10 seconds. It was only up for 4 seconds
07:51:52 INFO  Delaying execution by 7 seconds
07:52:13 INFO  Executed sudo&lt;tedge_connect_c8y&gt;, exit status 0, duration 14 secs
07:52:14 INFO  Executed sudo&lt;tedge_connect_c8y_test&gt;, exit status 0
07:52:14 INFO  Executed systemctl&lt;serv_mosq2&gt;, exit status 0
07:52:15 INFO  Executed systemctl&lt;serv_mapper3&gt;, exit status 0
07:52:15 INFO  Executed sudo&lt;rm_logs&gt;, exit status 0
07:52:16 INFO  Executed sudo&lt;move_logs&gt;, exit status 0
07:52:16 INFO  log response None
07:52:16 WARN  retry, retrying in 1 seconds...
07:52:18 INFO  log response https://thin-edge-io.eu-latest.cumulocity.com/event/events/18245584/binaries
07:52:18 INFO  nlines 0
07:52:18 WARN  Assert that (True == value) with value=False ... failed [run.py:44]
07:52:18 INFO  
07:52:18 INFO  cleanup:
07:52:18 INFO  Executed sudo&lt;rm_logs&gt;, exit status 0
07:52:19 INFO  Executed sudo&lt;rm_tmp_logs&gt;, exit status 0
07:52:19 INFO  Executed sudo&lt;send_failed&gt;, exit status 0
07:52:23 INFO  Executed sudo&lt;tedge_disconnect_c8y&gt;, exit status 0
07:52:24 INFO  Executed systemctl&lt;serv_mapper5&gt;, exit status 3
07:52:24 INFO  
07:52:24 INFO  Test duration: 33.01 secs
07:52:24 INFO  Test final outcome:  FAILED
07:52:24 INFO  Test outcome reason: Assert that (True == value) with value=False
07:52:24 INFO  
</system-out>
	</testcase>
</testsuite><testsuite name="mapper_awaits_before_reconnect" tests="1" errors="0" failures="0" skipped="0" time="0"><testcase classname="MapperReconnectAwait" name="mapper_awaits_before_reconnect" />
</testsuite><testsuite name="monitoring_smaller_interval" tests="1" errors="0" failures="0" skipped="1" time="0"><testcase classname="MonitoringSmallInterval" name="monitoring_smaller_interval">
		<skipped message="SKIPPED: Fails due to retained message" />
		<system-out>07:54:15 INFO  ==============================================================
07:54:15 INFO  Id:    monitoring_smaller_interval
07:54:15 INFO  Dir:   monitoring/
07:54:15 INFO  Title: Validate the tedge dm agent messages that are produced with smaller sampling interval than the batching window. Here the simulated collectd messages are used
07:54:15 INFO  ==============================================================
07:54:15 INFO  Fails due to retained message ... skipped
07:54:15 INFO  
07:54:15 INFO  Test duration: 0.02 secs
07:54:15 INFO  Test final outcome:  SKIPPED
07:54:15 INFO  Test outcome reason: Fails due to retained message
07:54:15 INFO  
</system-out>
	</testcase>
</testsuite><testsuite name="monitoring_with_collectd" tests="1" errors="0" failures="0" skipped="1" time="0"><testcase classname="MonitoringWithCollectd" name="monitoring_with_collectd">
		<skipped message="SKIPPED: Test execution disabled due to #792 (instable)" />
		<system-out>07:54:15 INFO  ==============================================================
07:54:15 INFO  Id:    monitoring_with_collectd
07:54:15 INFO  Dir:   monitoring/
07:54:15 INFO  Title: Validate tedge dm agent messages that are produced by batching the collectd messages
07:54:15 INFO  ==============================================================
07:54:15 INFO  Test execution disabled due to #792 (instable) ... skipped
07:54:15 INFO  
07:54:15 INFO  Test duration: 0.02 secs
07:54:15 INFO  Test final outcome:  SKIPPED
07:54:15 INFO  Test outcome reason: Test execution disabled due to #792 (instable)
07:54:15 INFO  
</system-out>
	</testcase>
</testsuite><testsuite name="monitoring_with_simulated_messages" tests="1" errors="0" failures="0" skipped="1" time="0"><testcase classname="MonitoringWithSimulatedMessages" name="monitoring_with_simulated_messages">
		<skipped message="SKIPPED: Fails due to retained message" />
		<system-out>07:54:16 INFO  ==============================================================
07:54:16 INFO  Id:    monitoring_with_simulated_messages
07:54:16 INFO  Dir:   monitoring/
07:54:16 INFO  Title: Validate the tedge dm agent messages that are produced from the simulated collectd messages
07:54:16 INFO  ==============================================================
07:54:16 INFO  Fails due to retained message ... skipped
07:54:16 INFO  
07:54:16 INFO  Test duration: 0.02 secs
07:54:16 INFO  Test final outcome:  SKIPPED
07:54:16 INFO  Test outcome reason: Fails due to retained message
07:54:16 INFO  
</system-out>
	</testcase>
</testsuite><testsuite name="mqtt_port_change_connection_fails" tests="1" errors="0" failures="0" skipped="0" time="0"><testcase classname="MqttPortChangeConnectionFails" name="mqtt_port_change_connection_fails" />
</testsuite><testsuite name="mqtt_port_change_connection_works" tests="1" errors="0" failures="0" skipped="1" time="0"><testcase classname="MqttPortChangeConnectionWorks" name="mqtt_port_change_connection_works">
		<skipped message="SKIPPED: failing intermitently" />
		<system-out>07:52:59 INFO  ==============================================================
07:52:59 INFO  Id:    mqtt_port_change_connection_works
07:52:59 INFO  Dir:   misc_features/
07:52:59 INFO  Title: mqtt port change connection works for all the thin-edge services that use the mosquitto broker
07:52:59 INFO  ==============================================================
07:52:59 INFO  failing intermitently ... skipped
07:52:59 INFO  
07:52:59 INFO  Test duration: 0.02 secs
07:52:59 INFO  Test final outcome:  SKIPPED
07:52:59 INFO  Test outcome reason: failing intermitently
07:52:59 INFO  
</system-out>
	</testcase>
</testsuite><testsuite name="mqtt_port_set" tests="1" errors="0" failures="0" skipped="0" time="0"><testcase classname="MqttPortSet" name="mqtt_port_set" />
</testsuite><testsuite name="mqtt_port_unset" tests="1" errors="0" failures="0" skipped="0" time="0"><testcase classname="MqttPortUnSet" name="mqtt_port_unset" />
</testsuite><testsuite name="publish_flux" tests="1" errors="0" failures="0" skipped="0" time="0"><testcase classname="PublishFlux" name="publish_flux" />
</testsuite><testsuite name="publish_sawmill" tests="1" errors="0" failures="0" skipped="0" time="0"><testcase classname="PublishSawmill" name="publish_sawmill" />
</testsuite><testsuite name="pysys_block" tests="1" errors="0" failures="0" skipped="1" time="0"><testcase classname="Fail" name="pysys_block">
		<skipped message="SKIPPED: Enable this to observe a blocking test" />
		<system-out>07:53:21 INFO  ==============================================================
07:53:21 INFO  Id:    pysys_block
07:53:21 INFO  Dir:   misc_features/
07:53:21 INFO  Title: fail
07:53:21 INFO  ==============================================================
07:53:21 INFO  Enable this to observe a blocking test ... skipped
07:53:21 INFO  
07:53:21 INFO  Test duration: 0.02 secs
07:53:21 INFO  Test final outcome:  SKIPPED
07:53:21 INFO  Test outcome reason: Enable this to observe a blocking test
07:53:21 INFO  
</system-out>
	</testcase>
</testsuite><testsuite name="pysys_fail" tests="1" errors="0" failures="0" skipped="1" time="0"><testcase classname="Fail" name="pysys_fail">
		<skipped message="SKIPPED: Enable this to observe a failing test" />
		<system-out>07:53:21 INFO  ==============================================================
07:53:21 INFO  Id:    pysys_fail
07:53:21 INFO  Dir:   misc_features/
07:53:21 INFO  Title: fail
07:53:21 INFO  ==============================================================
07:53:21 INFO  Enable this to observe a failing test ... skipped
07:53:21 INFO  
07:53:21 INFO  Test duration: 0.02 secs
07:53:21 INFO  Test final outcome:  SKIPPED
07:53:21 INFO  Test outcome reason: Enable this to observe a failing test
07:53:21 INFO  
</system-out>
	</testcase>
</testsuite><testsuite name="runtime_start_two_mappers" tests="1" errors="0" failures="1" skipped="0" time="0"><testcase classname="RuntimeMultiMappers" name="runtime_start_two_mappers">
		<failure message="FAILED: Grep on tedge_mapper2.err contains &quot;Error: Couldn't acquire file lock.&quot;" type="FAILED" />
		<system-out>08:07:32 INFO  ==============================================================
08:07:32 INFO  Id:    runtime_start_two_mappers
08:07:32 INFO  Dir:   tedge_mapper_c8y/
08:07:32 INFO  Title: Validate two mappers can't be started at the same time
08:07:32 INFO  ==============================================================
08:07:32 INFO  Executed sudo&lt;tedge_mapper1&gt;, exit status 0
08:07:32 INFO  Waiting for 0.1 seconds
08:07:33 INFO  Executed sudo&lt;tedge_mapper2&gt;, exit status 1
08:07:33 INFO  Executed sudo&lt;tedge_mapper1&gt;, exit status 0
08:07:33 WARN  Grep on tedge_mapper2.err contains "Error: Couldn't acquire file lock." ... failed [run.py:46]
08:07:33 INFO  
08:07:33 INFO  Test duration: 1.87 secs
08:07:33 INFO  Test final outcome:  FAILED
08:07:33 INFO  Test outcome reason: Grep on tedge_mapper2.err contains "Error: Couldn't acquire file lock."
08:07:33 INFO  
</system-out>
	</testcase>
</testsuite><testsuite name="sm_tedge_mapper_init_session" tests="1" errors="0" failures="0" skipped="0" time="0"><testcase classname="TedgeSMMapperInitSession" name="sm_tedge_mapper_init_session" />
</testsuite><testsuite name="smoketest_json" tests="1" errors="0" failures="0" skipped="0" time="0"><testcase classname="SmokeTestJson" name="smoketest_json" />
</testsuite><testsuite name="smoketest_json_400_samples_10ms" tests="1" errors="0" failures="0" skipped="0" time="0"><testcase classname="SmoketestJson400Samples10ms" name="smoketest_json_400_samples_10ms" />
</testsuite><testsuite name="smoketest_json_400_samples_20ms" tests="1" errors="0" failures="0" skipped="0" time="0"><testcase classname="SmoketestJson400Samples20ms" name="smoketest_json_400_samples_20ms" />
</testsuite><testsuite name="smoketest_smartrest" tests="1" errors="0" failures="0" skipped="0" time="0"><testcase classname="SmoketestSmartRest" name="smoketest_smartrest" />
</testsuite><testsuite name="smoketest_smartrest_200_samples_1Xms" tests="1" errors="0" failures="0" skipped="0" time="0"><testcase classname="SmoketestSmartRest200Samples1Xms" name="smoketest_smartrest_200_samples_1Xms" />
</testsuite><testsuite name="smoketest_smartrest_200_samples_20ms" tests="1" errors="0" failures="0" skipped="0" time="0"><testcase classname="SmoketestSmartRest200Samples20ms" name="smoketest_smartrest_200_samples_20ms" />
</testsuite><testsuite name="tedge_agent_user_sudo_access" tests="1" errors="0" failures="0" skipped="1" time="0"><testcase classname="TedgeAgentUserSudoAccess" name="tedge_agent_user_sudo_access">
		<skipped message="SKIPPED: #955 Observation: Exit code of the apt plugin when called with no arguments" />
		<system-out>08:04:26 INFO  ==============================================================
08:04:26 INFO  Id:    tedge_agent_user_sudo_access
08:04:26 INFO  Dir:   tedge/
08:04:26 INFO  Title: Validate tedge-agent user has a limited sudo right
08:04:26 INFO  ==============================================================
08:04:26 INFO  #955 Observation: Exit code of the apt plugin when called with no arguments ... skipped
08:04:26 INFO  
08:04:26 INFO  Test duration: 0.02 secs
08:04:26 INFO  Test final outcome:  SKIPPED
08:04:26 INFO  Test outcome reason: #955 Observation: Exit code of the apt plugin when called with no arguments
08:04:26 INFO  
</system-out>
	</testcase>
</testsuite><testsuite name="tedge_connect_test_negative" tests="1" errors="0" failures="0" skipped="0" time="0"><testcase classname="TedgeConnectTestNegative" name="tedge_connect_test_negative" />
</testsuite><testsuite name="tedge_connect_test_positive" tests="1" errors="0" failures="0" skipped="0" time="0"><testcase classname="TedgeConnectTestPositive" name="tedge_connect_test_positive" />
</testsuite><testsuite name="tedge_connect_test_sm_services" tests="1" errors="0" failures="0" skipped="0" time="0"><testcase classname="TedgeConnectTestSMServices" name="tedge_connect_test_sm_services" />
</testsuite><testsuite name="tedge_disconnect_test_sm_services" tests="1" errors="0" failures="0" skipped="0" time="0"><testcase classname="TedgeDisConnectTestSMServices" name="tedge_disconnect_test_sm_services" />
</testsuite><testsuite name="tedge_mapper_az_negative" tests="1" errors="0" failures="0" skipped="0" time="0"><testcase classname="TedgeMapperAzError" name="tedge_mapper_az_negative" />
</testsuite><testsuite name="tedge_mapper_az_with_timestamp" tests="1" errors="0" failures="0" skipped="0" time="0"><testcase classname="TedgeMapperAzWithTimestamp" name="tedge_mapper_az_with_timestamp" />
</testsuite><testsuite name="tedge_mapper_az_without_timestamp" tests="1" errors="0" failures="0" skipped="0" time="0"><testcase classname="TedgeMapperAzWithoutTimestamp" name="tedge_mapper_az_without_timestamp" />
</testsuite><testsuite name="tedge_mapper_c8y_alarms" tests="1" errors="0" failures="0" skipped="0" time="0"><testcase classname="TedgeMapperC8yAlarm" name="tedge_mapper_c8y_alarms" />
</testsuite><testsuite name="tedge_mapper_c8y_child_device_measurement" tests="1" errors="0" failures="0" skipped="0" time="0"><testcase classname="TedgeMapperC8yChildDevice" name="tedge_mapper_c8y_child_device_measurement" />
</testsuite><testsuite name="tedge_mapper_c8y_packet_threshold_size" tests="1" errors="0" failures="0" skipped="0" time="0"><testcase classname="TedgeMapperC8yThresholdPacketSize" name="tedge_mapper_c8y_packet_threshold_size" />
</testsuite><testsuite name="tedge_software_update" tests="1" errors="0" failures="0" skipped="0" time="0"><testcase classname="PySysTest" name="tedge_software_update" />
</testsuite><testsuite name="valid_device_id" tests="1" errors="0" failures="0" skipped="0" time="0"><testcase classname="ValidateValidDeviceId" name="valid_device_id" />
</testsuite></testsuites>