<?xml version='1.0' encoding='utf-8'?>
<testsuites tests="149" failures="16" errors="0" skipped="49" time="0.0"><testsuite name="SoftwareManagement.Plugin.apama_plugin_install" tests="3" errors="0" failures="0" skipped="1" time="0"><testcase classname="ApamaPluginInstallTest" name="SoftwareManagement.Plugin.apama_plugin_install">
		<skipped message="SKIPPED: Apama plugin tests are disabled by default. Execute `pysys run` with `-XmyPlatform=container` to run these tests" />
		<system-out>15:28:35 INFO  ==============================================================
15:28:35 INFO  Id:    SoftwareManagement.Plugin.apama_plugin_install
15:28:35 INFO  Dir:   plugin_apama/
15:28:35 INFO  Title: Validate apama plugin install
15:28:35 INFO  ==============================================================
15:28:35 INFO  Apama plugin tests are disabled by default. Execute `pysys run` with `-XmyPlatform=container` to run these tests ... skipped
15:28:35 WARN  Aborted test due to SKIPPED outcome
15:28:35 INFO  
15:28:35 INFO  Test duration: 0.06 secs
15:28:35 INFO  Test final outcome:  SKIPPED
15:28:35 INFO  Test outcome reason: Apama plugin tests are disabled by default. Execute `pysys run` with `-XmyPlatform=container` to run these tests
15:28:35 INFO  
</system-out>
	</testcase>
<testcase classname="ApamaPluginInstallTest" name="SoftwareManagement.Plugin.apama_plugin_install" />
<testcase classname="ApamaPluginInstallTest" name="SoftwareManagement.Plugin.apama_plugin_install" />
</testsuite><testsuite name="SoftwareManagement.Plugin.apama_plugin_mon_support" tests="3" errors="0" failures="0" skipped="1" time="0"><testcase classname="ApamaPluginMonSupportTest" name="SoftwareManagement.Plugin.apama_plugin_mon_support">
		<skipped message="SKIPPED: Apama plugin tests are disabled by default. Execute `pysys run` with `-XmyPlatform=container` to run these tests" />
		<system-out>15:28:35 INFO  ==============================================================
15:28:35 INFO  Id:    SoftwareManagement.Plugin.apama_plugin_mon_support
15:28:35 INFO  Dir:   plugin_apama/
15:28:35 INFO  Title: Validate mon file support of apama plugin
15:28:35 INFO  ==============================================================
15:28:35 INFO  Apama plugin tests are disabled by default. Execute `pysys run` with `-XmyPlatform=container` to run these tests ... skipped
15:28:35 WARN  Aborted test due to SKIPPED outcome
15:28:35 INFO  
15:28:35 INFO  Test duration: 0.02 secs
15:28:35 INFO  Test final outcome:  SKIPPED
15:28:35 INFO  Test outcome reason: Apama plugin tests are disabled by default. Execute `pysys run` with `-XmyPlatform=container` to run these tests
15:28:35 INFO  
</system-out>
	</testcase>
<testcase classname="ApamaPluginMonSupportTest" name="SoftwareManagement.Plugin.apama_plugin_mon_support" />
<testcase classname="ApamaPluginMonSupportTest" name="SoftwareManagement.Plugin.apama_plugin_mon_support" />
</testsuite><testsuite name="SoftwareManagement.Plugin.apama_plugin_remove" tests="3" errors="0" failures="0" skipped="1" time="0"><testcase classname="ApamaPluginRemoveTest" name="SoftwareManagement.Plugin.apama_plugin_remove">
		<skipped message="SKIPPED: Apama plugin tests are disabled by default. Execute `pysys run` with `-XmyPlatform=container` to run these tests" />
		<system-out>15:28:35 INFO  ==============================================================
15:28:35 INFO  Id:    SoftwareManagement.Plugin.apama_plugin_remove
15:28:35 INFO  Dir:   plugin_apama/
15:28:35 INFO  Title: Validate apama plugin remove
15:28:35 INFO  ==============================================================
15:28:35 INFO  Apama plugin tests are disabled by default. Execute `pysys run` with `-XmyPlatform=container` to run these tests ... skipped
15:28:35 WARN  Aborted test due to SKIPPED outcome
15:28:35 INFO  
15:28:35 INFO  Test duration: 0.04 secs
15:28:35 INFO  Test final outcome:  SKIPPED
15:28:35 INFO  Test outcome reason: Apama plugin tests are disabled by default. Execute `pysys run` with `-XmyPlatform=container` to run these tests
15:28:35 INFO  
</system-out>
	</testcase>
<testcase classname="ApamaPluginRemoveTest" name="SoftwareManagement.Plugin.apama_plugin_remove" />
<testcase classname="ApamaPluginRemoveTest" name="SoftwareManagement.Plugin.apama_plugin_remove" />
</testsuite><testsuite name="SoftwareManagement.Plugin.apama_plugin_update" tests="3" errors="0" failures="2" skipped="1" time="0"><testcase classname="ApamaPluginUpdateTest" name="SoftwareManagement.Plugin.apama_plugin_update">
		<skipped message="SKIPPED: Apama plugin tests are disabled by default. Execute `pysys run` with `-XmyPlatform=container` to run these tests" />
		<system-out>15:28:35 INFO  ==============================================================
15:28:35 INFO  Id:    SoftwareManagement.Plugin.apama_plugin_update
15:28:35 INFO  Dir:   plugin_apama/
15:28:35 INFO  Title: Validate apama plugin updating one project with another
15:28:35 INFO  ==============================================================
15:28:35 INFO  Apama plugin tests are disabled by default. Execute `pysys run` with `-XmyPlatform=container` to run these tests ... skipped
15:28:35 WARN  Aborted test due to SKIPPED outcome
15:28:35 INFO  
15:28:35 INFO  Test duration: 0.05 secs
15:28:35 INFO  Test final outcome:  SKIPPED
15:28:35 INFO  Test outcome reason: Apama plugin tests are disabled by default. Execute `pysys run` with `-XmyPlatform=container` to run these tests
15:28:35 INFO  
</system-out>
	</testcase>
<testcase classname="ApamaPluginUpdateTest" name="SoftwareManagement.Plugin.apama_plugin_update">
		<failure message="BLOCKED: sudo&lt;plugin_install&gt; returned non-zero exit code 2" type="BLOCKED" />
		<system-out>16:20:01 INFO  ==============================================================
16:20:01 INFO  Id:    SoftwareManagement.Plugin.apama_plugin_update
16:20:01 INFO  Dir:   plugin_apama/
16:20:01 INFO  Title: Validate apama plugin updating one project with another
16:20:01 INFO  ==============================================================
16:20:01 INFO  Assertion that path exists=False for "/etc/tedge/apama/project" ... passed
16:20:01 INFO  Executed sudo&lt;create_project_dir&gt;, exit status 0
16:20:02 INFO  Executed sudo&lt;unzip_apama_project&gt;, exit status 0
16:20:02 INFO  Executed sudo&lt;move_apama_project&gt;, exit status 0
16:20:03 INFO  Executed sudo&lt;restart_apama_service&gt;, exit status 0
16:20:04 INFO  Executed sudo&lt;apama_correlator_wait&gt;, exit status 0
16:20:04 INFO  Assertion that path exists=True for "/etc/tedge/apama/project" ... passed
16:20:05 INFO  Executed sudo&lt;apama_list_monitors&gt;, exit status 0
16:20:05 INFO  Grep on file /home/pi/actions-runner/_work/thin-edge.io/thin-edge.io/tests/PySys/plugin_apama/apama_plugin_update/Output/linux/apama_list_monitors.out ... passed
16:20:06 WARN  Executed sudo&lt;plugin_install&gt;, exit status 2
16:20:06 INFO  Contents of plugin_install.err: 
  ERROR: Directory not empty (os error 39)
  -----

16:20:06 WARN  sudo&lt;plugin_install&gt; returned non-zero exit code 2 ... blocked [run.py:35]
16:20:06 WARN  Aborted test due to BLOCKED outcome
16:20:06 INFO  
16:20:06 INFO  cleanup:
16:20:06 INFO  Removing apama project
16:20:22 INFO  Executed sudo&lt;stop_apama_service&gt;, exit status 0, duration 15 secs
16:20:22 INFO  Executed sudo&lt;remove_apama_project&gt;, exit status 0
16:20:23 INFO  Executed sudo&lt;remove_apama_tmp_dir&gt;, exit status 0
16:20:23 INFO  
16:20:23 INFO  Test duration: 22.10 secs
16:20:23 INFO  Test final outcome:  BLOCKED
16:20:23 INFO  Test outcome reason: sudo&lt;plugin_install&gt; returned non-zero exit code 2
16:20:23 INFO  
</system-out>
	</testcase>
<testcase classname="ApamaPluginUpdateTest" name="SoftwareManagement.Plugin.apama_plugin_update">
		<failure message="BLOCKED: sudo&lt;plugin_install&gt; returned non-zero exit code 2" type="BLOCKED" />
		<system-out>16:28:11 INFO  ==============================================================
16:28:11 INFO  Id:    SoftwareManagement.Plugin.apama_plugin_update
16:28:11 INFO  Dir:   plugin_apama/
16:28:11 INFO  Title: Validate apama plugin updating one project with another
16:28:11 INFO  ==============================================================
16:28:11 INFO  Assertion that path exists=False for "/etc/tedge/apama/project" ... passed
16:28:11 INFO  Executed sudo&lt;create_project_dir&gt;, exit status 0
16:28:12 INFO  Executed sudo&lt;unzip_apama_project&gt;, exit status 0
16:28:13 INFO  Executed sudo&lt;move_apama_project&gt;, exit status 0
16:28:13 INFO  Executed sudo&lt;restart_apama_service&gt;, exit status 0
16:28:14 INFO  Executed sudo&lt;apama_correlator_wait&gt;, exit status 0
16:28:14 INFO  Assertion that path exists=True for "/etc/tedge/apama/project" ... passed
16:28:15 INFO  Executed sudo&lt;apama_list_monitors&gt;, exit status 0
16:28:15 INFO  Grep on file /home/pi/actions-runner/_work/thin-edge.io/thin-edge.io/tests/PySys/plugin_apama/apama_plugin_update/Output/linux/apama_list_monitors.out ... passed
16:28:16 WARN  Executed sudo&lt;plugin_install&gt;, exit status 2
16:28:16 INFO  Contents of plugin_install.err: 
  ERROR: Directory not empty (os error 39)
  -----

16:28:16 WARN  sudo&lt;plugin_install&gt; returned non-zero exit code 2 ... blocked [run.py:35]
16:28:16 WARN  Aborted test due to BLOCKED outcome
16:28:16 INFO  
16:28:16 INFO  cleanup:
16:28:16 INFO  Removing apama project
16:28:32 INFO  Executed sudo&lt;stop_apama_service&gt;, exit status 0, duration 15 secs
16:28:33 INFO  Executed sudo&lt;remove_apama_project&gt;, exit status 0
16:28:33 INFO  Executed sudo&lt;remove_apama_tmp_dir&gt;, exit status 0
16:28:33 INFO  
16:28:33 INFO  Test duration: 22.14 secs
16:28:33 INFO  Test final outcome:  BLOCKED
16:28:33 INFO  Test outcome reason: sudo&lt;plugin_install&gt; returned non-zero exit code 2
16:28:33 INFO  
</system-out>
	</testcase>
</testsuite><testsuite name="SoftwareManagement.sm_apt_install_download_path" tests="3" errors="0" failures="2" skipped="1" time="0"><testcase classname="AptInstallWithDownloadPath" name="SoftwareManagement.sm_apt_install_download_path">
		<skipped message="SKIPPED: Testing the apt plugin is not supported on this platform.Use parameter -XmyPlatform='container' to enable it" />
		<system-out>15:36:27 INFO  ==============================================================
15:36:27 INFO  Id:    SoftwareManagement.sm_apt_install_download_path
15:36:27 INFO  Dir:   software_management_end_to_end/
15:36:27 INFO  Title: Install package to directory specified in tedge config set tmp.path
15:36:27 INFO  ==============================================================
15:36:27 INFO  Testing the apt plugin is not supported on this platform.Use parameter -XmyPlatform='container' to enable it ... skipped
15:36:27 WARN  Aborted test due to SKIPPED outcome
15:36:27 INFO  
15:36:27 INFO  Test duration: 0.06 secs
15:36:27 INFO  Test final outcome:  SKIPPED
15:36:27 INFO  Test outcome reason: Testing the apt plugin is not supported on this platform.Use parameter -XmyPlatform='container' to enable it
15:36:27 INFO  
</system-out>
	</testcase>
<testcase classname="AptInstallWithDownloadPath" name="SoftwareManagement.sm_apt_install_download_path">
		<failure message="BLOCKED: AssertionError:" type="BLOCKED" />
		<system-out>16:01:34 INFO  ==============================================================
16:01:34 INFO  Id:    SoftwareManagement.sm_apt_install_download_path
16:01:34 INFO  Dir:   software_management_end_to_end/
16:01:34 INFO  Title: Install package to directory specified in tedge config set tmp.path
16:01:34 INFO  ==============================================================
16:01:34 INFO  Using sw id database: {'asciijump': '5475369', 'robotfindskitten': '5474869', 'squirrel3': '5475279', 'rolldice': '5152439', 'moon-buggy': '5439204', 'apple': '5495053', 'banana': '5494888', 'cherry': '5495382', 'watermelon': '5494510', 'registry': '8018911', 'hello-world': '8021526', 'docker/getting-started': '8021973', 'alpine': '7991792'}
16:01:34 INFO  EnvironmentC8y Setup
16:01:35 INFO  Executed systemctl&lt;serv_mapper1&gt;, exit status 3
16:01:50 INFO  Executed sudo&lt;tedge_connect_c8y&gt;, exit status 0, duration 14 secs
16:01:51 INFO  Executed sudo&lt;tedge_connect_c8y_test&gt;, exit status 0
16:01:52 INFO  Executed systemctl&lt;serv_mosq2&gt;, exit status 0
16:01:53 INFO  Executed systemctl&lt;serv_mapper3&gt;, exit status 0
16:01:55 INFO  State of current operation: SUCCESSFUL
16:01:56 INFO  Assert that (False == value) with value=False ... passed
16:01:56 INFO  Executed sudo, exit status 0
16:01:57 INFO  Executed sudo, exit status 0
16:01:57 INFO  Executed sudo, exit status 0
16:02:01 INFO  Executed sudo&lt;tedge_disconnect_c8y&gt;, exit status 0
16:02:01 INFO  Restarting mosquitto too frequently in the last 10 seconds. It was only up for 3 seconds
16:02:01 INFO  Delaying execution by 8 seconds
16:02:23 INFO  Executed sudo&lt;tedge_connect_c8y&gt;, exit status 0, duration 13 secs
16:02:23 INFO  Response status: 201
16:02:23 INFO  Response to action: {
    "creationTime": "2022-04-28T16:02:23.760Z",
    "deviceName": "mythicc",
    "deviceId": "17913167",
    "self": "https://t493319102.eu-latest.cumulocity.com/devicecontrol/operations/17923336",
    "id": "17923336",
    "status": "PENDING",
    "description": "Apply software changes, triggered from PySys: [{'name': 'rolldice', 'id': '5152439', 'version': '::apt', 'url': 'https://thin-edge-io.eu-latest.cumulocity.com/inventory/binaries/12435463', 'action': 'install'}]",
    "c8y_SoftwareUpdate": [
        {
            "name": "rolldice",
            "action": "install",
            "id": "5152439",
            "version": "::apt",
            "url": "https://thin-edge-io.eu-latest.cumulocity.com/inventory/binaries/12435463"
        }
    ]
}
16:02:23 INFO  Started operation: {'creationTime': '2022-04-28T16:02:23.760Z', 'deviceName': 'mythicc', 'deviceId': '17913167', 'self': 'https://t493319102.eu-latest.cumulocity.com/devicecontrol/operations/17923336', 'id': '17923336', 'status': 'PENDING', 'description': "Apply software changes, triggered from PySys: [{'name': 'rolldice', 'id': '5152439', 'version': '::apt', 'url': 'https://thin-edge-io.eu-latest.cumulocity.com/inventory/binaries/12435463', 'action': 'install'}]", 'c8y_SoftwareUpdate': [{'name': 'rolldice', 'action': 'install', 'id': '5152439', 'version': '::apt', 'url': 'https://thin-edge-io.eu-latest.cumulocity.com/inventory/binaries/12435463'}]}
16:02:23 WARN  , retrying in 0.5 seconds...
16:02:24 WARN  , retrying in 0.5 seconds...
16:02:24 WARN  , retrying in 0.5 seconds...
16:02:25 WARN  , retrying in 0.5 seconds...
16:02:25 WARN  , retrying in 0.5 seconds...
16:02:26 WARN  , retrying in 0.5 seconds...
16:02:26 WARN  , retrying in 0.5 seconds...
16:02:27 WARN  , retrying in 0.5 seconds...
16:02:27 WARN  , retrying in 0.5 seconds...
16:02:28 WARN  AssertionError occurred while running test - 
Traceback (most recent call last):
  File "/home/pi/env-pysys/lib/python3.7/site-packages/pysys/baserunner.py", line 1294, in __call__
    self.testObj.execute()
  File "/home/pi/actions-runner/_work/thin-edge.io/thin-edge.io/tests/PySys/software_management_end_to_end/sm_apt_install_download_path/run.py", line 83, in execute
    assert_install_in_download_path(install_directory=self.DOWNLOAD_DIR)
  File "/home/pi/env-pysys/lib/python3.7/site-packages/decorator.py", line 232, in fun
    return caller(func, *(extras + args), **kw)
  File "/home/pi/env-pysys/lib/python3.7/site-packages/retry/api.py", line 74, in retry_decorator
    logger)
  File "/home/pi/env-pysys/lib/python3.7/site-packages/retry/api.py", line 33, in __retry_internal
    return f()
  File "/home/pi/actions-runner/_work/thin-edge.io/thin-edge.io/tests/PySys/software_management_end_to_end/sm_apt_install_download_path/run.py", line 28, in assert_install_in_download_path
    assert "rolldice" in os.listdir(f"{install_directory}")
AssertionError
16:02:29 WARN  AssertionError: ... blocked 
16:02:29 INFO  
16:02:29 INFO  cleanup:
16:02:29 INFO  Executed sudo, exit status 0
16:02:30 INFO  Executed sudo, exit status 0
16:02:34 INFO  Executed sudo&lt;tedge_disconnect_c8y&gt;, exit status 0
16:02:34 INFO  Restarting mosquitto too frequently in the last 10 seconds. It was only up for 3 seconds
16:02:34 INFO  Delaying execution by 8 seconds
16:02:56 INFO  Executed sudo&lt;tedge_connect_c8y&gt;, exit status 0, duration 14 secs
16:03:00 INFO  Executed sudo&lt;tedge_disconnect_c8y&gt;, exit status 0
16:03:01 INFO  Executed systemctl&lt;serv_mapper5&gt;, exit status 3
16:03:01 INFO  
16:03:01 INFO  Test duration: 87.22 secs
16:03:01 INFO  Test final outcome:  BLOCKED
16:03:01 INFO  Test outcome reason: AssertionError:
16:03:01 INFO  
</system-out>
	</testcase>
<testcase classname="AptInstallWithDownloadPath" name="SoftwareManagement.sm_apt_install_download_path">
		<failure message="BLOCKED: AssertionError:" type="BLOCKED" />
		<system-out>16:28:33 INFO  ==============================================================
16:28:33 INFO  Id:    SoftwareManagement.sm_apt_install_download_path
16:28:33 INFO  Dir:   software_management_end_to_end/
16:28:33 INFO  Title: Install package to directory specified in tedge config set tmp.path
16:28:33 INFO  ==============================================================
16:28:35 INFO  Using sw id database: {'asciijump': '5475369', 'robotfindskitten': '5474869', 'squirrel3': '5475279', 'rolldice': '5152439', 'moon-buggy': '5439204', 'apple': '5495053', 'banana': '5494888', 'cherry': '5495382', 'watermelon': '5494510', 'registry': '8018911', 'hello-world': '8021526', 'docker/getting-started': '8021973', 'alpine': '7991792'}
16:28:35 INFO  EnvironmentC8y Setup
16:28:35 INFO  Executed systemctl&lt;serv_mapper1&gt;, exit status 3
16:28:50 INFO  Executed sudo&lt;tedge_connect_c8y&gt;, exit status 0, duration 14 secs
16:28:50 INFO  Executed sudo&lt;tedge_connect_c8y_test&gt;, exit status 0
16:28:51 INFO  Executed systemctl&lt;serv_mosq2&gt;, exit status 0
16:28:51 INFO  Executed systemctl&lt;serv_mapper3&gt;, exit status 0
16:28:53 INFO  State of current operation: SUCCESSFUL
16:28:54 INFO  Assert that (False == value) with value=False ... passed
16:28:54 INFO  Executed sudo, exit status 0
16:28:55 INFO  Executed sudo, exit status 0
16:28:56 INFO  Executed sudo, exit status 0
16:29:00 INFO  Executed sudo&lt;tedge_disconnect_c8y&gt;, exit status 0
16:29:00 INFO  Restarting mosquitto too frequently in the last 10 seconds. It was only up for 3 seconds
16:29:00 INFO  Delaying execution by 8 seconds
16:29:22 INFO  Executed sudo&lt;tedge_connect_c8y&gt;, exit status 0, duration 13 secs
16:29:22 INFO  Response status: 201
16:29:22 INFO  Response to action: {
    "creationTime": "2022-04-28T16:29:22.268Z",
    "deviceName": "mythicc",
    "deviceId": "17913167",
    "self": "https://t493319102.eu-latest.cumulocity.com/devicecontrol/operations/17923535",
    "id": "17923535",
    "status": "PENDING",
    "description": "Apply software changes, triggered from PySys: [{'name': 'rolldice', 'id': '5152439', 'version': '::apt', 'url': 'https://thin-edge-io.eu-latest.cumulocity.com/inventory/binaries/12435463', 'action': 'install'}]",
    "c8y_SoftwareUpdate": [
        {
            "name": "rolldice",
            "action": "install",
            "id": "5152439",
            "version": "::apt",
            "url": "https://thin-edge-io.eu-latest.cumulocity.com/inventory/binaries/12435463"
        }
    ]
}
16:29:22 INFO  Started operation: {'creationTime': '2022-04-28T16:29:22.268Z', 'deviceName': 'mythicc', 'deviceId': '17913167', 'self': 'https://t493319102.eu-latest.cumulocity.com/devicecontrol/operations/17923535', 'id': '17923535', 'status': 'PENDING', 'description': "Apply software changes, triggered from PySys: [{'name': 'rolldice', 'id': '5152439', 'version': '::apt', 'url': 'https://thin-edge-io.eu-latest.cumulocity.com/inventory/binaries/12435463', 'action': 'install'}]", 'c8y_SoftwareUpdate': [{'name': 'rolldice', 'action': 'install', 'id': '5152439', 'version': '::apt', 'url': 'https://thin-edge-io.eu-latest.cumulocity.com/inventory/binaries/12435463'}]}
16:29:22 WARN  , retrying in 0.5 seconds...
16:29:22 WARN  , retrying in 0.5 seconds...
16:29:23 WARN  , retrying in 0.5 seconds...
16:29:23 WARN  , retrying in 0.5 seconds...
16:29:24 WARN  , retrying in 0.5 seconds...
16:29:24 WARN  , retrying in 0.5 seconds...
16:29:25 WARN  , retrying in 0.5 seconds...
16:29:25 WARN  , retrying in 0.5 seconds...
16:29:26 WARN  , retrying in 0.5 seconds...
16:29:26 WARN  AssertionError occurred while running test - 
Traceback (most recent call last):
  File "/home/pi/env-pysys/lib/python3.7/site-packages/pysys/baserunner.py", line 1294, in __call__
    self.testObj.execute()
  File "/home/pi/actions-runner/_work/thin-edge.io/thin-edge.io/tests/PySys/software_management_end_to_end/sm_apt_install_download_path/run.py", line 83, in execute
    assert_install_in_download_path(install_directory=self.DOWNLOAD_DIR)
  File "/home/pi/env-pysys/lib/python3.7/site-packages/decorator.py", line 232, in fun
    return caller(func, *(extras + args), **kw)
  File "/home/pi/env-pysys/lib/python3.7/site-packages/retry/api.py", line 74, in retry_decorator
    logger)
  File "/home/pi/env-pysys/lib/python3.7/site-packages/retry/api.py", line 33, in __retry_internal
    return f()
  File "/home/pi/actions-runner/_work/thin-edge.io/thin-edge.io/tests/PySys/software_management_end_to_end/sm_apt_install_download_path/run.py", line 28, in assert_install_in_download_path
    assert "rolldice" in os.listdir(f"{install_directory}")
AssertionError
16:29:26 WARN  AssertionError: ... blocked 
16:29:26 INFO  
16:29:26 INFO  cleanup:
16:29:27 INFO  Executed sudo, exit status 0
16:29:28 INFO  Executed sudo, exit status 0
16:29:32 INFO  Executed sudo&lt;tedge_disconnect_c8y&gt;, exit status 0
16:29:32 INFO  Restarting mosquitto too frequently in the last 10 seconds. It was only up for 4 seconds
16:29:32 INFO  Delaying execution by 7 seconds
16:29:53 INFO  Executed sudo&lt;tedge_connect_c8y&gt;, exit status 0, duration 13 secs
16:29:58 INFO  Executed sudo&lt;tedge_disconnect_c8y&gt;, exit status 0
16:29:58 INFO  Executed systemctl&lt;serv_mapper5&gt;, exit status 3
16:29:58 INFO  
16:29:58 INFO  Test duration: 85.09 secs
16:29:58 INFO  Test final outcome:  BLOCKED
16:29:58 INFO  Test outcome reason: AssertionError:
16:29:58 INFO  
</system-out>
	</testcase>
</testsuite><testsuite name="SoftwareManagement.sm_apt_install_fail" tests="3" errors="0" failures="0" skipped="1" time="0"><testcase classname="PySysTest" name="SoftwareManagement.sm_apt_install_fail">
		<skipped message="SKIPPED: Testing the apt plugin is not supported on this platform.Use parameter -XmyPlatform='container' to enable it" />
		<system-out>15:36:27 INFO  ==============================================================
15:36:27 INFO  Id:    SoftwareManagement.sm_apt_install_fail
15:36:27 INFO  Dir:   software_management_end_to_end/
15:36:27 INFO  Title: Validate end to end behaviour for a failing installation
15:36:27 INFO  ==============================================================
15:36:27 INFO  Testing the apt plugin is not supported on this platform.Use parameter -XmyPlatform='container' to enable it ... skipped
15:36:27 WARN  Aborted test due to SKIPPED outcome
15:36:27 INFO  
15:36:27 INFO  Test duration: 0.02 secs
15:36:27 INFO  Test final outcome:  SKIPPED
15:36:27 INFO  Test outcome reason: Testing the apt plugin is not supported on this platform.Use parameter -XmyPlatform='container' to enable it
15:36:27 INFO  
</system-out>
	</testcase>
<testcase classname="PySysTest" name="SoftwareManagement.sm_apt_install_fail" />
<testcase classname="PySysTest" name="SoftwareManagement.sm_apt_install_fail" />
</testsuite><testsuite name="SoftwareManagement.sm_apt_install_remove" tests="3" errors="0" failures="0" skipped="1" time="0"><testcase classname="PySysTest" name="SoftwareManagement.sm_apt_install_remove">
		<skipped message="SKIPPED: Testing the apt plugin is not supported on this platform.Use parameter -XmyPlatform='container' to enable it" />
		<system-out>15:36:27 INFO  ==============================================================
15:36:27 INFO  Id:    SoftwareManagement.sm_apt_install_remove
15:36:27 INFO  Dir:   software_management_end_to_end/
15:36:27 INFO  Title: Validate end to end behaviour for the apt plugin for installation and removal of packages
15:36:27 INFO  ==============================================================
15:36:27 INFO  Testing the apt plugin is not supported on this platform.Use parameter -XmyPlatform='container' to enable it ... skipped
15:36:27 WARN  Aborted test due to SKIPPED outcome
15:36:27 INFO  
15:36:27 INFO  Test duration: 0.02 secs
15:36:27 INFO  Test final outcome:  SKIPPED
15:36:27 INFO  Test outcome reason: Testing the apt plugin is not supported on this platform.Use parameter -XmyPlatform='container' to enable it
15:36:27 INFO  
</system-out>
	</testcase>
<testcase classname="PySysTest" name="SoftwareManagement.sm_apt_install_remove" />
<testcase classname="PySysTest" name="SoftwareManagement.sm_apt_install_remove" />
</testsuite><testsuite name="SoftwareManagement.sm_apt_install_remove_default" tests="3" errors="0" failures="0" skipped="1" time="0"><testcase classname="PySysTest" name="SoftwareManagement.sm_apt_install_remove_default">
		<skipped message="SKIPPED: Testing the apt plugin is not supported on this platform.Use parameter -XmyPlatform='container' to enable it" />
		<system-out>15:36:28 INFO  ==============================================================
15:36:28 INFO  Id:    SoftwareManagement.sm_apt_install_remove_default
15:36:28 INFO  Dir:   software_management_end_to_end/
15:36:28 INFO  Title: Validate end to end behaviour for the default plugin for installation and removal of packages
15:36:28 INFO  ==============================================================
15:36:28 INFO  Testing the apt plugin is not supported on this platform.Use parameter -XmyPlatform='container' to enable it ... skipped
15:36:28 WARN  Aborted test due to SKIPPED outcome
15:36:28 INFO  
15:36:28 INFO  Test duration: 0.02 secs
15:36:28 INFO  Test final outcome:  SKIPPED
15:36:28 INFO  Test outcome reason: Testing the apt plugin is not supported on this platform.Use parameter -XmyPlatform='container' to enable it
15:36:28 INFO  
</system-out>
	</testcase>
<testcase classname="PySysTest" name="SoftwareManagement.sm_apt_install_remove_default" />
<testcase classname="PySysTest" name="SoftwareManagement.sm_apt_install_remove_default" />
</testsuite><testsuite name="SoftwareManagement.sm_apt_install_remove_multiple" tests="3" errors="0" failures="2" skipped="1" time="0"><testcase classname="PySysTest" name="SoftwareManagement.sm_apt_install_remove_multiple">
		<skipped message="SKIPPED: Testing the apt plugin is not supported on this platform.Use parameter -XmyPlatform='container' to enable it" />
		<system-out>15:36:28 INFO  ==============================================================
15:36:28 INFO  Id:    SoftwareManagement.sm_apt_install_remove_multiple
15:36:28 INFO  Dir:   software_management_end_to_end/
15:36:28 INFO  Title: Validate end to end behaviour for the apt plugin for multiple packages
15:36:28 INFO  ==============================================================
15:36:28 INFO  Testing the apt plugin is not supported on this platform.Use parameter -XmyPlatform='container' to enable it ... skipped
15:36:28 WARN  Aborted test due to SKIPPED outcome
15:36:28 INFO  
15:36:28 INFO  Test duration: 0.02 secs
15:36:28 INFO  Test final outcome:  SKIPPED
15:36:28 INFO  Test outcome reason: Testing the apt plugin is not supported on this platform.Use parameter -XmyPlatform='container' to enable it
15:36:28 INFO  
</system-out>
	</testcase>
<testcase classname="PySysTest" name="SoftwareManagement.sm_apt_install_remove_multiple">
		<failure message="FAILED: Assert that (False == value) with value=True" type="FAILED" />
		<system-out>16:09:58 INFO  ==============================================================
16:09:58 INFO  Id:    SoftwareManagement.sm_apt_install_remove_multiple
16:09:58 INFO  Dir:   software_management_end_to_end/
16:09:58 INFO  Title: Validate end to end behaviour for the apt plugin for multiple packages
16:09:58 INFO  ==============================================================
16:09:58 INFO  Using sw id database: {'asciijump': '5475369', 'robotfindskitten': '5474869', 'squirrel3': '5475279', 'rolldice': '5152439', 'moon-buggy': '5439204', 'apple': '5495053', 'banana': '5494888', 'cherry': '5495382', 'watermelon': '5494510', 'registry': '8018911', 'hello-world': '8021526', 'docker/getting-started': '8021973', 'alpine': '7991792'}
16:09:58 INFO  EnvironmentC8y Setup
16:09:59 INFO  Executed systemctl&lt;serv_mapper1&gt;, exit status 3
16:09:59 INFO  Restarting mosquitto too frequently in the last 10 seconds. It was only up for 5 seconds
16:09:59 INFO  Delaying execution by 6 seconds
16:10:19 INFO  Executed sudo&lt;tedge_connect_c8y&gt;, exit status 0, duration 14 secs
16:10:20 INFO  Executed sudo&lt;tedge_connect_c8y_test&gt;, exit status 0
16:10:20 INFO  Executed systemctl&lt;serv_mosq2&gt;, exit status 0
16:10:20 INFO  Executed systemctl&lt;serv_mapper3&gt;, exit status 0
16:10:23 INFO  State of current operation: SUCCESSFUL
16:10:23 INFO  Assert that (False == value) with value=False ... passed
16:10:23 INFO  Assert that (False == value) with value=False ... passed
16:10:23 INFO  Assert that (False == value) with value=False ... passed
16:10:24 INFO  Package robotfindskitten is installed
16:10:24 WARN  Assert that (False == value) with value=True ... failed 
16:10:24 INFO  Response status: 201
16:10:24 INFO  Response to action: {
    "creationTime": "2022-04-28T16:10:24.266Z",
    "deviceName": "mythicc",
    "deviceId": "17913167",
    "self": "https://t493319102.eu-latest.cumulocity.com/devicecontrol/operations/17923411",
    "id": "17923411",
    "status": "PENDING",
    "description": "Apply software changes, triggered from PySys: [{'action': 'install', 'id': '5475369', 'name': 'asciijump', 'url': ' ', 'version': '::apt'}, {'action': 'install', 'id': '5474869', 'name': 'robotfindskitten', 'url': ' ', 'version': '::apt'}, {'action': 'install', 'id': '5475279', 'name': 'squirrel3', 'url': ' ', 'version': '::apt'}]",
    "c8y_SoftwareUpdate": [
        {
            "name": "asciijump",
            "action": "install",
            "id": "5475369",
            "version": "::apt",
            "url": " "
        },
        {
            "name": "robotfindskitten",
            "action": "install",
            "id": "5474869",
            "version": "::apt",
            "url": " "
        },
        {
            "name": "squirrel3",
            "action": "install",
            "id": "5475279",
            "version": "::apt",
            "url": " "
        }
    ]
}
16:10:24 INFO  Started operation: {'creationTime': '2022-04-28T16:10:24.266Z', 'deviceName': 'mythicc', 'deviceId': '17913167', 'self': 'https://t493319102.eu-latest.cumulocity.com/devicecontrol/operations/17923411', 'id': '17923411', 'status': 'PENDING', 'description': "Apply software changes, triggered from PySys: [{'action': 'install', 'id': '5475369', 'name': 'asciijump', 'url': ' ', 'version': '::apt'}, {'action': 'install', 'id': '5474869', 'name': 'robotfindskitten', 'url': ' ', 'version': '::apt'}, {'action': 'install', 'id': '5475279', 'name': 'squirrel3', 'url': ' ', 'version': '::apt'}]", 'c8y_SoftwareUpdate': [{'name': 'asciijump', 'action': 'install', 'id': '5475369', 'version': '::apt', 'url': ' '}, {'name': 'robotfindskitten', 'action': 'install', 'id': '5474869', 'version': '::apt', 'url': ' '}, {'name': 'squirrel3', 'action': 'install', 'id': '5475279', 'version': '::apt', 'url': ' '}]}
16:10:26 INFO  State of operation 17923411 : PENDING
16:10:28 INFO  State of operation 17923411 : EXECUTING
16:10:31 INFO  State of operation 17923411 : EXECUTING
16:10:33 INFO  State of operation 17923411 : EXECUTING
16:10:35 INFO  State of operation 17923411 : EXECUTING
16:10:37 INFO  State of operation 17923411 : EXECUTING
16:10:40 INFO  State of operation 17923411 : EXECUTING
16:10:42 INFO  State of operation 17923411 : EXECUTING
16:10:45 INFO  State of operation 17923411 : EXECUTING
16:10:47 INFO  State of operation 17923411 : EXECUTING
16:10:50 INFO  State of operation 17923411 : EXECUTING
16:10:52 INFO  State of operation 17923411 : EXECUTING
16:10:54 INFO  State of operation 17923411 : EXECUTING
16:10:56 INFO  State of operation 17923411 : EXECUTING
16:10:59 INFO  State of operation 17923411 : EXECUTING
16:11:01 INFO  State of operation 17923411 : EXECUTING
16:11:03 INFO  State of operation 17923411 : EXECUTING
16:11:05 INFO  State of operation 17923411 : EXECUTING
16:11:08 INFO  State of operation 17923411 : EXECUTING
16:11:10 INFO  State of operation 17923411 : EXECUTING
16:11:13 INFO  State of operation 17923411 : EXECUTING
16:11:15 INFO  State of operation 17923411 : EXECUTING
16:11:17 INFO  State of operation 17923411 : EXECUTING
16:11:20 INFO  State of operation 17923411 : EXECUTING
16:11:22 INFO  State of operation 17923411 : EXECUTING
16:11:25 INFO  State of operation 17923411 : EXECUTING
16:11:27 INFO  State of operation 17923411 : EXECUTING
16:11:29 INFO  State of operation 17923411 : EXECUTING
16:11:31 INFO  State of operation 17923411 : EXECUTING
16:11:34 INFO  State of operation 17923411 : EXECUTING
16:11:36 INFO  State of operation 17923411 : EXECUTING
16:11:38 INFO  State of operation 17923411 : EXECUTING
16:11:40 INFO  State of operation 17923411 : EXECUTING
16:11:43 INFO  State of operation 17923411 : EXECUTING
16:11:45 INFO  State of operation 17923411 : EXECUTING
16:11:47 INFO  State of operation 17923411 : SUCCESSFUL
16:11:47 INFO  Assert that (False == value) with value=False ... passed
16:11:48 INFO  Package asciijump is installed
16:11:48 INFO  Assert that (True == value) with value=True ... passed
16:11:48 INFO  Package squirrel3 is installed
16:11:48 INFO  Assert that (True == value) with value=True ... passed
16:11:48 INFO  Package robotfindskitten is installed
16:11:48 INFO  Assert that (True == value) with value=True ... passed
16:11:48 INFO  Response status: 201
16:11:48 INFO  Response to action: {
    "creationTime": "2022-04-28T16:11:48.655Z",
    "deviceName": "mythicc",
    "deviceId": "17913167",
    "self": "https://t493319102.eu-latest.cumulocity.com/devicecontrol/operations/17923419",
    "id": "17923419",
    "status": "PENDING",
    "description": "Apply software changes, triggered from PySys: [{'action': 'delete', 'id': '5475369', 'name': 'asciijump', 'url': ' ', 'version': '::apt'}, {'action': 'delete', 'id': '5474869', 'name': 'robotfindskitten', 'url': ' ', 'version': '::apt'}, {'action': 'delete', 'id': '5475279', 'name': 'squirrel3', 'url': ' ', 'version': '::apt'}]",
    "c8y_SoftwareUpdate": [
        {
            "name": "asciijump",
            "action": "delete",
            "id": "5475369",
            "version": "::apt",
            "url": " "
        },
        {
            "name": "robotfindskitten",
            "action": "delete",
            "id": "5474869",
            "version": "::apt",
            "url": " "
        },
        {
            "name": "squirrel3",
            "action": "delete",
            "id": "5475279",
            "version": "::apt",
            "url": " "
        }
    ]
}
16:11:48 INFO  Started operation: {'creationTime': '2022-04-28T16:11:48.655Z', 'deviceName': 'mythicc', 'deviceId': '17913167', 'self': 'https://t493319102.eu-latest.cumulocity.com/devicecontrol/operations/17923419', 'id': '17923419', 'status': 'PENDING', 'description': "Apply software changes, triggered from PySys: [{'action': 'delete', 'id': '5475369', 'name': 'asciijump', 'url': ' ', 'version': '::apt'}, {'action': 'delete', 'id': '5474869', 'name': 'robotfindskitten', 'url': ' ', 'version': '::apt'}, {'action': 'delete', 'id': '5475279', 'name': 'squirrel3', 'url': ' ', 'version': '::apt'}]", 'c8y_SoftwareUpdate': [{'name': 'asciijump', 'action': 'delete', 'id': '5475369', 'version': '::apt', 'url': ' '}, {'name': 'robotfindskitten', 'action': 'delete', 'id': '5474869', 'version': '::apt', 'url': ' '}, {'name': 'squirrel3', 'action': 'delete', 'id': '5475279', 'version': '::apt', 'url': ' '}]}
16:11:50 INFO  State of operation 17923419 : PENDING
16:11:53 INFO  State of operation 17923419 : EXECUTING
16:11:55 INFO  State of operation 17923419 : EXECUTING
16:11:57 INFO  State of operation 17923419 : EXECUTING
16:11:59 INFO  State of operation 17923419 : EXECUTING
16:12:01 INFO  State of operation 17923419 : EXECUTING
16:12:04 INFO  State of operation 17923419 : EXECUTING
16:12:07 INFO  State of operation 17923419 : EXECUTING
16:12:10 INFO  State of operation 17923419 : EXECUTING
16:12:12 INFO  State of operation 17923419 : EXECUTING
16:12:14 INFO  State of operation 17923419 : EXECUTING
16:12:16 INFO  State of operation 17923419 : EXECUTING
16:12:19 INFO  State of operation 17923419 : EXECUTING
16:12:21 INFO  State of operation 17923419 : EXECUTING
16:12:23 INFO  State of operation 17923419 : EXECUTING
16:12:25 INFO  State of operation 17923419 : EXECUTING
16:12:28 INFO  State of operation 17923419 : EXECUTING
16:12:31 INFO  State of operation 17923419 : EXECUTING
16:12:33 INFO  State of operation 17923419 : EXECUTING
16:12:35 INFO  State of operation 17923419 : EXECUTING
16:12:37 INFO  State of operation 17923419 : EXECUTING
16:12:40 INFO  State of operation 17923419 : EXECUTING
16:12:42 INFO  State of operation 17923419 : EXECUTING
16:12:44 INFO  State of operation 17923419 : EXECUTING
16:12:46 INFO  State of operation 17923419 : EXECUTING
16:12:49 INFO  State of operation 17923419 : EXECUTING
16:12:51 INFO  State of operation 17923419 : EXECUTING
16:12:54 INFO  State of operation 17923419 : EXECUTING
16:12:56 INFO  State of operation 17923419 : SUCCESSFUL
16:12:56 INFO  Assert that (False == value) with value=False ... passed
16:12:56 INFO  Assert that (False == value) with value=False ... passed
16:12:57 INFO  Assert that (False == value) with value=False ... passed
16:12:57 INFO  Assert that (False == value) with value=False ... passed
16:12:57 INFO  
16:12:57 INFO  cleanup:
16:13:01 INFO  Executed sudo&lt;tedge_disconnect_c8y&gt;, exit status 0
16:13:02 INFO  Executed systemctl&lt;serv_mapper5&gt;, exit status 3
16:13:02 INFO  
16:13:02 INFO  Test duration: 183.55 secs
16:13:02 INFO  Test final outcome:  FAILED
16:13:02 INFO  Test outcome reason: Assert that (False == value) with value=True
16:13:02 INFO  
</system-out>
	</testcase>
<testcase classname="PySysTest" name="SoftwareManagement.sm_apt_install_remove_multiple">
		<failure message="FAILED: Assert that (False == value) with value=True (+2 other failures)" type="FAILED" />
		<system-out>16:36:40 INFO  ==============================================================
16:36:40 INFO  Id:    SoftwareManagement.sm_apt_install_remove_multiple
16:36:40 INFO  Dir:   software_management_end_to_end/
16:36:40 INFO  Title: Validate end to end behaviour for the apt plugin for multiple packages
16:36:40 INFO  ==============================================================
16:36:40 INFO  Using sw id database: {'asciijump': '5475369', 'robotfindskitten': '5474869', 'squirrel3': '5475279', 'rolldice': '5152439', 'moon-buggy': '5439204', 'apple': '5495053', 'banana': '5494888', 'cherry': '5495382', 'watermelon': '5494510', 'registry': '8018911', 'hello-world': '8021526', 'docker/getting-started': '8021973', 'alpine': '7991792'}
16:36:40 INFO  EnvironmentC8y Setup
16:36:40 INFO  Executed systemctl&lt;serv_mapper1&gt;, exit status 3
16:36:40 INFO  Restarting mosquitto too frequently in the last 10 seconds. It was only up for 4 seconds
16:36:40 INFO  Delaying execution by 7 seconds
16:37:01 INFO  Executed sudo&lt;tedge_connect_c8y&gt;, exit status 0, duration 14 secs
16:37:02 INFO  Executed sudo&lt;tedge_connect_c8y_test&gt;, exit status 0
16:37:03 INFO  Executed systemctl&lt;serv_mosq2&gt;, exit status 0
16:37:03 INFO  Executed systemctl&lt;serv_mapper3&gt;, exit status 0
16:37:05 INFO  State of current operation: SUCCESSFUL
16:37:06 INFO  Assert that (False == value) with value=False ... passed
16:37:06 INFO  Package asciijump is installed
16:37:06 WARN  Assert that (False == value) with value=True ... failed 
16:37:06 INFO  Package squirrel3 is installed
16:37:06 WARN  Assert that (False == value) with value=True ... failed 
16:37:07 INFO  Package robotfindskitten is installed
16:37:07 WARN  Assert that (False == value) with value=True ... failed 
16:37:07 INFO  Response status: 201
16:37:07 INFO  Response to action: {
    "creationTime": "2022-04-28T16:37:07.385Z",
    "deviceName": "mythicc",
    "deviceId": "17913167",
    "self": "https://t493319102.eu-latest.cumulocity.com/devicecontrol/operations/17923693",
    "id": "17923693",
    "status": "PENDING",
    "description": "Apply software changes, triggered from PySys: [{'action': 'install', 'id': '5475369', 'name': 'asciijump', 'url': ' ', 'version': '::apt'}, {'action': 'install', 'id': '5474869', 'name': 'robotfindskitten', 'url': ' ', 'version': '::apt'}, {'action': 'install', 'id': '5475279', 'name': 'squirrel3', 'url': ' ', 'version': '::apt'}]",
    "c8y_SoftwareUpdate": [
        {
            "name": "asciijump",
            "action": "install",
            "id": "5475369",
            "version": "::apt",
            "url": " "
        },
        {
            "name": "robotfindskitten",
            "action": "install",
            "id": "5474869",
            "version": "::apt",
            "url": " "
        },
        {
            "name": "squirrel3",
            "action": "install",
            "id": "5475279",
            "version": "::apt",
            "url": " "
        }
    ]
}
16:37:07 INFO  Started operation: {'creationTime': '2022-04-28T16:37:07.385Z', 'deviceName': 'mythicc', 'deviceId': '17913167', 'self': 'https://t493319102.eu-latest.cumulocity.com/devicecontrol/operations/17923693', 'id': '17923693', 'status': 'PENDING', 'description': "Apply software changes, triggered from PySys: [{'action': 'install', 'id': '5475369', 'name': 'asciijump', 'url': ' ', 'version': '::apt'}, {'action': 'install', 'id': '5474869', 'name': 'robotfindskitten', 'url': ' ', 'version': '::apt'}, {'action': 'install', 'id': '5475279', 'name': 'squirrel3', 'url': ' ', 'version': '::apt'}]", 'c8y_SoftwareUpdate': [{'name': 'asciijump', 'action': 'install', 'id': '5475369', 'version': '::apt', 'url': ' '}, {'name': 'robotfindskitten', 'action': 'install', 'id': '5474869', 'version': '::apt', 'url': ' '}, {'name': 'squirrel3', 'action': 'install', 'id': '5475279', 'version': '::apt', 'url': ' '}]}
16:37:09 INFO  State of operation 17923693 : PENDING
16:37:11 INFO  State of operation 17923693 : EXECUTING
16:37:14 INFO  State of operation 17923693 : EXECUTING
16:37:16 INFO  State of operation 17923693 : EXECUTING
16:37:18 INFO  State of operation 17923693 : EXECUTING
16:37:20 INFO  State of operation 17923693 : EXECUTING
16:37:23 INFO  State of operation 17923693 : EXECUTING
16:37:26 INFO  State of operation 17923693 : EXECUTING
16:37:29 INFO  State of operation 17923693 : EXECUTING
16:37:31 INFO  State of operation 17923693 : EXECUTING
16:37:34 INFO  State of operation 17923693 : EXECUTING
16:37:36 INFO  State of operation 17923693 : EXECUTING
16:37:38 INFO  State of operation 17923693 : EXECUTING
16:37:40 INFO  State of operation 17923693 : EXECUTING
16:37:43 INFO  State of operation 17923693 : EXECUTING
16:37:45 INFO  State of operation 17923693 : SUCCESSFUL
16:37:45 INFO  Assert that (False == value) with value=False ... passed
16:37:45 INFO  Package asciijump is installed
16:37:45 INFO  Assert that (True == value) with value=True ... passed
16:37:45 INFO  Package squirrel3 is installed
16:37:45 INFO  Assert that (True == value) with value=True ... passed
16:37:46 INFO  Package robotfindskitten is installed
16:37:46 INFO  Assert that (True == value) with value=True ... passed
16:37:46 INFO  Response status: 201
16:37:46 INFO  Response to action: {
    "creationTime": "2022-04-28T16:37:46.363Z",
    "deviceName": "mythicc",
    "deviceId": "17913167",
    "self": "https://t493319102.eu-latest.cumulocity.com/devicecontrol/operations/17923701",
    "id": "17923701",
    "status": "PENDING",
    "description": "Apply software changes, triggered from PySys: [{'action': 'delete', 'id': '5475369', 'name': 'asciijump', 'url': ' ', 'version': '::apt'}, {'action': 'delete', 'id': '5474869', 'name': 'robotfindskitten', 'url': ' ', 'version': '::apt'}, {'action': 'delete', 'id': '5475279', 'name': 'squirrel3', 'url': ' ', 'version': '::apt'}]",
    "c8y_SoftwareUpdate": [
        {
            "name": "asciijump",
            "action": "delete",
            "id": "5475369",
            "version": "::apt",
            "url": " "
        },
        {
            "name": "robotfindskitten",
            "action": "delete",
            "id": "5474869",
            "version": "::apt",
            "url": " "
        },
        {
            "name": "squirrel3",
            "action": "delete",
            "id": "5475279",
            "version": "::apt",
            "url": " "
        }
    ]
}
16:37:46 INFO  Started operation: {'creationTime': '2022-04-28T16:37:46.363Z', 'deviceName': 'mythicc', 'deviceId': '17913167', 'self': 'https://t493319102.eu-latest.cumulocity.com/devicecontrol/operations/17923701', 'id': '17923701', 'status': 'PENDING', 'description': "Apply software changes, triggered from PySys: [{'action': 'delete', 'id': '5475369', 'name': 'asciijump', 'url': ' ', 'version': '::apt'}, {'action': 'delete', 'id': '5474869', 'name': 'robotfindskitten', 'url': ' ', 'version': '::apt'}, {'action': 'delete', 'id': '5475279', 'name': 'squirrel3', 'url': ' ', 'version': '::apt'}]", 'c8y_SoftwareUpdate': [{'name': 'asciijump', 'action': 'delete', 'id': '5475369', 'version': '::apt', 'url': ' '}, {'name': 'robotfindskitten', 'action': 'delete', 'id': '5474869', 'version': '::apt', 'url': ' '}, {'name': 'squirrel3', 'action': 'delete', 'id': '5475279', 'version': '::apt', 'url': ' '}]}
16:37:48 INFO  State of operation 17923701 : PENDING
16:37:50 INFO  State of operation 17923701 : EXECUTING
16:37:53 INFO  State of operation 17923701 : EXECUTING
16:37:55 INFO  State of operation 17923701 : EXECUTING
16:37:57 INFO  State of operation 17923701 : EXECUTING
16:37:59 INFO  State of operation 17923701 : EXECUTING
16:38:02 INFO  State of operation 17923701 : EXECUTING
16:38:05 INFO  State of operation 17923701 : EXECUTING
16:38:07 INFO  State of operation 17923701 : EXECUTING
16:38:09 INFO  State of operation 17923701 : EXECUTING
16:38:11 INFO  State of operation 17923701 : EXECUTING
16:38:14 INFO  State of operation 17923701 : EXECUTING
16:38:16 INFO  State of operation 17923701 : EXECUTING
16:38:18 INFO  State of operation 17923701 : EXECUTING
16:38:20 INFO  State of operation 17923701 : EXECUTING
16:38:23 INFO  State of operation 17923701 : EXECUTING
16:38:25 INFO  State of operation 17923701 : EXECUTING
16:38:28 INFO  State of operation 17923701 : EXECUTING
16:38:30 INFO  State of operation 17923701 : EXECUTING
16:38:33 INFO  State of operation 17923701 : EXECUTING
16:38:35 INFO  State of operation 17923701 : EXECUTING
16:38:37 INFO  State of operation 17923701 : EXECUTING
16:38:39 INFO  State of operation 17923701 : EXECUTING
16:38:42 INFO  State of operation 17923701 : EXECUTING
16:38:44 INFO  State of operation 17923701 : EXECUTING
16:38:47 INFO  State of operation 17923701 : EXECUTING
16:38:49 INFO  State of operation 17923701 : EXECUTING
16:38:51 INFO  State of operation 17923701 : EXECUTING
16:38:53 INFO  State of operation 17923701 : EXECUTING
16:38:56 INFO  State of operation 17923701 : SUCCESSFUL
16:38:56 INFO  Assert that (False == value) with value=False ... passed
16:38:56 INFO  Assert that (False == value) with value=False ... passed
16:38:56 INFO  Assert that (False == value) with value=False ... passed
16:38:56 INFO  Assert that (False == value) with value=False ... passed
16:38:56 INFO  
16:38:56 INFO  cleanup:
16:39:01 INFO  Executed sudo&lt;tedge_disconnect_c8y&gt;, exit status 0
16:39:01 INFO  Executed systemctl&lt;serv_mapper5&gt;, exit status 3
16:39:01 INFO  
16:39:01 INFO  Test duration: 141.45 secs
16:39:01 INFO  Test final outcome:  FAILED
16:39:01 INFO  Test outcome reason: Assert that (False == value) with value=True (+2 other failures)
16:39:01 INFO  
</system-out>
	</testcase>
</testsuite><testsuite name="SoftwareManagement.sm_apt_install_remove_multiple_mixed" tests="3" errors="0" failures="2" skipped="1" time="0"><testcase classname="PySysTest" name="SoftwareManagement.sm_apt_install_remove_multiple_mixed">
		<skipped message="SKIPPED: Testing the apt plugin is not supported on this platform.Use parameter -XmyPlatform='container' to enable it" />
		<system-out>15:36:28 INFO  ==============================================================
15:36:28 INFO  Id:    SoftwareManagement.sm_apt_install_remove_multiple_mixed
15:36:28 INFO  Dir:   software_management_end_to_end/
15:36:28 INFO  Title: Validate end to end behaviour for the apt plugin for multiple packages with mixed versions
15:36:28 INFO  ==============================================================
15:36:28 INFO  Testing the apt plugin is not supported on this platform.Use parameter -XmyPlatform='container' to enable it ... skipped
15:36:28 WARN  Aborted test due to SKIPPED outcome
15:36:28 INFO  
15:36:28 INFO  Test duration: 0.03 secs
15:36:28 INFO  Test final outcome:  SKIPPED
15:36:28 INFO  Test outcome reason: Testing the apt plugin is not supported on this platform.Use parameter -XmyPlatform='container' to enable it
15:36:28 INFO  
</system-out>
	</testcase>
<testcase classname="PySysTest" name="SoftwareManagement.sm_apt_install_remove_multiple_mixed">
		<failure message="BLOCKED: SystemError: Timeout while waiting for status SUCCESSFUL or False" type="BLOCKED" />
		<system-out>16:13:02 INFO  ==============================================================
16:13:02 INFO  Id:    SoftwareManagement.sm_apt_install_remove_multiple_mixed
16:13:02 INFO  Dir:   software_management_end_to_end/
16:13:02 INFO  Title: Validate end to end behaviour for the apt plugin for multiple packages with mixed versions
16:13:02 INFO  ==============================================================
16:13:02 INFO  Using sw id database: {'asciijump': '5475369', 'robotfindskitten': '5474869', 'squirrel3': '5475279', 'rolldice': '5152439', 'moon-buggy': '5439204', 'apple': '5495053', 'banana': '5494888', 'cherry': '5495382', 'watermelon': '5494510', 'registry': '8018911', 'hello-world': '8021526', 'docker/getting-started': '8021973', 'alpine': '7991792'}
16:13:02 INFO  EnvironmentC8y Setup
16:13:02 INFO  Executed systemctl&lt;serv_mapper1&gt;, exit status 3
16:13:02 INFO  Restarting mosquitto too frequently in the last 10 seconds. It was only up for 4 seconds
16:13:02 INFO  Delaying execution by 7 seconds
16:13:23 INFO  Executed sudo&lt;tedge_connect_c8y&gt;, exit status 0, duration 13 secs
16:13:24 INFO  Executed sudo&lt;tedge_connect_c8y_test&gt;, exit status 0
16:13:24 INFO  Executed systemctl&lt;serv_mosq2&gt;, exit status 0
16:13:25 INFO  Executed systemctl&lt;serv_mapper3&gt;, exit status 0
16:13:27 INFO  State of current operation: SUCCESSFUL
16:13:27 INFO  Assert that (False == value) with value=False ... passed
16:13:27 INFO  Assert that (False == value) with value=False ... passed
16:13:28 INFO  Assert that (False == value) with value=False ... passed
16:13:28 INFO  Assert that (False == value) with value=False ... passed
16:13:28 INFO  Assert that (False == value) with value=False ... passed
16:13:29 INFO  Response status: 201
16:13:29 INFO  Response to action: {
    "creationTime": "2022-04-28T16:13:29.710Z",
    "deviceName": "mythicc",
    "deviceId": "17913167",
    "self": "https://t493319102.eu-latest.cumulocity.com/devicecontrol/operations/17923427",
    "id": "17923427",
    "status": "PENDING",
    "description": "Apply software changes, triggered from PySys: [{'action': 'install', 'id': '5475369', 'name': 'asciijump', 'url': ' ', 'version': '::apt'}, {'action': 'install', 'id': '5474869', 'name': 'robotfindskitten', 'url': ' ', 'version': ' '}, {'action': 'install', 'id': '5475279', 'name': 'squirrel3', 'url': ' ', 'version': '3.1-7::apt'}, {'action': 'install', 'id': '5152439', 'name': 'rolldice', 'url': ' ', 'version': '1.16-1+b1'}, {'action': 'install', 'id': '5439204', 'name': 'moon-buggy', 'url': ' ', 'version': '1:1.0.51-12'}, {'action': 'install', 'id': '5475369', 'name': 'asciijump', 'url': ' ', 'version': '::apt'}]",
    "c8y_SoftwareUpdate": [
        {
            "name": "asciijump",
            "action": "install",
            "id": "5475369",
            "version": "::apt",
            "url": " "
        },
        {
            "name": "robotfindskitten",
            "action": "install",
            "id": "5474869",
            "version": " ",
            "url": " "
        },
        {
            "name": "squirrel3",
            "action": "install",
            "id": "5475279",
            "version": "3.1-7::apt",
            "url": " "
        },
        {
            "name": "rolldice",
            "action": "install",
            "id": "5152439",
            "version": "1.16-1+b1",
            "url": " "
        },
        {
            "name": "moon-buggy",
            "action": "install",
            "id": "5439204",
            "version": "1:1.0.51-12",
            "url": " "
        },
        {
            "name": "asciijump",
            "action": "install",
            "id": "5475369",
            "version": "::apt",
            "url": " "
        }
    ]
}
16:13:29 INFO  Started operation: {'creationTime': '2022-04-28T16:13:29.710Z', 'deviceName': 'mythicc', 'deviceId': '17913167', 'self': 'https://t493319102.eu-latest.cumulocity.com/devicecontrol/operations/17923427', 'id': '17923427', 'status': 'PENDING', 'description': "Apply software changes, triggered from PySys: [{'action': 'install', 'id': '5475369', 'name': 'asciijump', 'url': ' ', 'version': '::apt'}, {'action': 'install', 'id': '5474869', 'name': 'robotfindskitten', 'url': ' ', 'version': ' '}, {'action': 'install', 'id': '5475279', 'name': 'squirrel3', 'url': ' ', 'version': '3.1-7::apt'}, {'action': 'install', 'id': '5152439', 'name': 'rolldice', 'url': ' ', 'version': '1.16-1+b1'}, {'action': 'install', 'id': '5439204', 'name': 'moon-buggy', 'url': ' ', 'version': '1:1.0.51-12'}, {'action': 'install', 'id': '5475369', 'name': 'asciijump', 'url': ' ', 'version': '::apt'}]", 'c8y_SoftwareUpdate': [{'name': 'asciijump', 'action': 'install', 'id': '5475369', 'version': '::apt', 'url': ' '}, {'name': 'robotfindskitten', 'action': 'install', 'id': '5474869', 'version': ' ', 'url': ' '}, {'name': 'squirrel3', 'action': 'install', 'id': '5475279', 'version': '3.1-7::apt', 'url': ' '}, {'name': 'rolldice', 'action': 'install', 'id': '5152439', 'version': '1.16-1+b1', 'url': ' '}, {'name': 'moon-buggy', 'action': 'install', 'id': '5439204', 'version': '1:1.0.51-12', 'url': ' '}, {'name': 'asciijump', 'action': 'install', 'id': '5475369', 'version': '::apt', 'url': ' '}]}
16:13:31 INFO  State of operation 17923427 : PENDING
16:13:34 INFO  State of operation 17923427 : EXECUTING
16:13:36 INFO  State of operation 17923427 : EXECUTING
16:13:38 INFO  State of operation 17923427 : EXECUTING
16:13:41 INFO  State of operation 17923427 : EXECUTING
16:13:43 INFO  State of operation 17923427 : EXECUTING
16:13:46 INFO  State of operation 17923427 : EXECUTING
16:13:48 INFO  State of operation 17923427 : EXECUTING
16:13:51 INFO  State of operation 17923427 : EXECUTING
16:13:53 INFO  State of operation 17923427 : EXECUTING
16:13:55 INFO  State of operation 17923427 : EXECUTING
16:13:57 INFO  State of operation 17923427 : EXECUTING
16:14:00 INFO  State of operation 17923427 : EXECUTING
16:14:02 INFO  State of operation 17923427 : EXECUTING
16:14:04 INFO  State of operation 17923427 : EXECUTING
16:14:06 INFO  State of operation 17923427 : EXECUTING
16:14:09 INFO  State of operation 17923427 : EXECUTING
16:14:11 INFO  State of operation 17923427 : EXECUTING
16:14:14 INFO  State of operation 17923427 : EXECUTING
16:14:16 INFO  State of operation 17923427 : EXECUTING
16:14:18 INFO  State of operation 17923427 : EXECUTING
16:14:20 INFO  State of operation 17923427 : EXECUTING
16:14:23 INFO  State of operation 17923427 : EXECUTING
16:14:25 INFO  State of operation 17923427 : EXECUTING
16:14:28 INFO  State of operation 17923427 : EXECUTING
16:14:30 INFO  State of operation 17923427 : EXECUTING
16:14:33 INFO  State of operation 17923427 : EXECUTING
16:14:35 INFO  State of operation 17923427 : EXECUTING
16:14:38 INFO  State of operation 17923427 : EXECUTING
16:14:40 INFO  State of operation 17923427 : EXECUTING
16:14:42 INFO  State of operation 17923427 : EXECUTING
16:14:44 INFO  State of operation 17923427 : EXECUTING
16:14:47 INFO  State of operation 17923427 : EXECUTING
16:14:49 INFO  State of operation 17923427 : EXECUTING
16:14:51 INFO  State of operation 17923427 : EXECUTING
16:14:53 INFO  State of operation 17923427 : EXECUTING
16:14:56 INFO  State of operation 17923427 : EXECUTING
16:14:58 INFO  State of operation 17923427 : EXECUTING
16:15:00 INFO  State of operation 17923427 : EXECUTING
16:15:02 INFO  State of operation 17923427 : EXECUTING
16:15:05 INFO  State of operation 17923427 : EXECUTING
16:15:07 INFO  State of operation 17923427 : EXECUTING
16:15:10 INFO  State of operation 17923427 : EXECUTING
16:15:12 INFO  State of operation 17923427 : EXECUTING
16:15:14 INFO  State of operation 17923427 : EXECUTING
16:15:18 INFO  State of operation 17923427 : EXECUTING
16:15:20 INFO  State of operation 17923427 : EXECUTING
16:15:22 INFO  State of operation 17923427 : EXECUTING
16:15:24 INFO  State of operation 17923427 : EXECUTING
16:15:27 INFO  State of operation 17923427 : EXECUTING
16:15:29 INFO  State of operation 17923427 : EXECUTING
16:15:32 INFO  State of operation 17923427 : EXECUTING
16:15:34 INFO  State of operation 17923427 : EXECUTING
16:15:36 INFO  State of operation 17923427 : EXECUTING
16:15:38 INFO  State of operation 17923427 : EXECUTING
16:15:41 INFO  State of operation 17923427 : EXECUTING
16:15:43 INFO  State of operation 17923427 : EXECUTING
16:15:46 INFO  State of operation 17923427 : EXECUTING
16:15:48 INFO  State of operation 17923427 : EXECUTING
16:15:50 INFO  State of operation 17923427 : EXECUTING
16:15:53 INFO  State of operation 17923427 : EXECUTING
16:15:55 WARN  SystemError occurred while running test - Timeout while waiting for status SUCCESSFUL or False
Traceback (most recent call last):
  File "/home/pi/env-pysys/lib/python3.7/site-packages/pysys/baserunner.py", line 1294, in __call__
    self.testObj.execute()
  File "/home/pi/actions-runner/_work/thin-edge.io/thin-edge.io/tests/PySys/software_management_end_to_end/sm_apt_install_remove_multiple_mixed/run.py", line 89, in execute
    self.wait_until_succcess()
  File "/home/pi/actions-runner/_work/thin-edge.io/thin-edge.io/tests/PySys/software_management_end_to_end/environment_sm_management.py", line 324, in wait_until_succcess
    self.wait_until_status("SUCCESSFUL")
  File "/home/pi/actions-runner/_work/thin-edge.io/thin-edge.io/tests/PySys/software_management_end_to_end/environment_sm_management.py", line 381, in wait_until_status
    "Timeout while waiting for status %s or %s" % (status, status2)
SystemError: Timeout while waiting for status SUCCESSFUL or False
16:15:55 WARN  SystemError: Timeout while waiting for status SUCCESSFUL or False ... blocked 
16:15:55 INFO  
16:15:55 INFO  cleanup:
16:16:00 INFO  Executed sudo&lt;tedge_disconnect_c8y&gt;, exit status 0
16:16:01 INFO  Executed systemctl&lt;serv_mapper5&gt;, exit status 3
16:16:01 INFO  
16:16:01 INFO  Test duration: 179.29 secs
16:16:01 INFO  Test final outcome:  BLOCKED
16:16:01 INFO  Test outcome reason: SystemError: Timeout while waiting for status SUCCESSFUL or False
16:16:01 INFO  
</system-out>
	</testcase>
<testcase classname="PySysTest" name="SoftwareManagement.sm_apt_install_remove_multiple_mixed">
		<failure message="BLOCKED: SystemError: Timeout while waiting for status SUCCESSFUL or False (+1 other failures)" type="BLOCKED" />
		<system-out>16:39:01 INFO  ==============================================================
16:39:01 INFO  Id:    SoftwareManagement.sm_apt_install_remove_multiple_mixed
16:39:01 INFO  Dir:   software_management_end_to_end/
16:39:01 INFO  Title: Validate end to end behaviour for the apt plugin for multiple packages with mixed versions
16:39:01 INFO  ==============================================================
16:39:01 INFO  Using sw id database: {'asciijump': '5475369', 'robotfindskitten': '5474869', 'squirrel3': '5475279', 'rolldice': '5152439', 'moon-buggy': '5439204', 'apple': '5495053', 'banana': '5494888', 'cherry': '5495382', 'watermelon': '5494510', 'registry': '8018911', 'hello-world': '8021526', 'docker/getting-started': '8021973', 'alpine': '7991792'}
16:39:01 INFO  EnvironmentC8y Setup
16:39:02 INFO  Executed systemctl&lt;serv_mapper1&gt;, exit status 3
16:39:02 INFO  Restarting mosquitto too frequently in the last 10 seconds. It was only up for 5 seconds
16:39:02 INFO  Delaying execution by 6 seconds
16:39:22 INFO  Executed sudo&lt;tedge_connect_c8y&gt;, exit status 0, duration 13 secs
16:39:22 INFO  Executed sudo&lt;tedge_connect_c8y_test&gt;, exit status 0
16:39:23 INFO  Executed systemctl&lt;serv_mosq2&gt;, exit status 0
16:39:23 INFO  Executed systemctl&lt;serv_mapper3&gt;, exit status 0
16:39:26 INFO  State of current operation: SUCCESSFUL
16:39:26 INFO  Assert that (False == value) with value=False ... passed
16:39:26 INFO  Assert that (False == value) with value=False ... passed
16:39:26 INFO  Assert that (False == value) with value=False ... passed
16:39:27 INFO  Assert that (False == value) with value=False ... passed
16:39:27 INFO  Package moon-buggy is installed
16:39:27 WARN  Assert that (False == value) with value=True ... failed 
16:39:28 INFO  Response status: 201
16:39:28 INFO  Response to action: {
    "delivery": {
        "time": "2022-04-28T16:39:28.619Z",
        "log": [],
        "status": "PENDING"
    },
    "creationTime": "2022-04-28T16:39:28.605Z",
    "deviceName": "mythicc",
    "deviceId": "17913167",
    "self": "https://t493319102.eu-latest.cumulocity.com/devicecontrol/operations/17923709",
    "id": "17923709",
    "status": "PENDING",
    "description": "Apply software changes, triggered from PySys: [{'action': 'install', 'id': '5475369', 'name': 'asciijump', 'url': ' ', 'version': '::apt'}, {'action': 'install', 'id': '5474869', 'name': 'robotfindskitten', 'url': ' ', 'version': ' '}, {'action': 'install', 'id': '5475279', 'name': 'squirrel3', 'url': ' ', 'version': '3.1-7::apt'}, {'action': 'install', 'id': '5152439', 'name': 'rolldice', 'url': ' ', 'version': '1.16-1+b1'}, {'action': 'install', 'id': '5439204', 'name': 'moon-buggy', 'url': ' ', 'version': '1:1.0.51-12'}, {'action': 'install', 'id': '5475369', 'name': 'asciijump', 'url': ' ', 'version': '::apt'}]",
    "c8y_SoftwareUpdate": [
        {
            "name": "asciijump",
            "action": "install",
            "id": "5475369",
            "version": "::apt",
            "url": " "
        },
        {
            "name": "robotfindskitten",
            "action": "install",
            "id": "5474869",
            "version": " ",
            "url": " "
        },
        {
            "name": "squirrel3",
            "action": "install",
            "id": "5475279",
            "version": "3.1-7::apt",
            "url": " "
        },
        {
            "name": "rolldice",
            "action": "install",
            "id": "5152439",
            "version": "1.16-1+b1",
            "url": " "
        },
        {
            "name": "moon-buggy",
            "action": "install",
            "id": "5439204",
            "version": "1:1.0.51-12",
            "url": " "
        },
        {
            "name": "asciijump",
            "action": "install",
            "id": "5475369",
            "version": "::apt",
            "url": " "
        }
    ]
}
16:39:28 INFO  Started operation: {'delivery': {'time': '2022-04-28T16:39:28.619Z', 'log': [], 'status': 'PENDING'}, 'creationTime': '2022-04-28T16:39:28.605Z', 'deviceName': 'mythicc', 'deviceId': '17913167', 'self': 'https://t493319102.eu-latest.cumulocity.com/devicecontrol/operations/17923709', 'id': '17923709', 'status': 'PENDING', 'description': "Apply software changes, triggered from PySys: [{'action': 'install', 'id': '5475369', 'name': 'asciijump', 'url': ' ', 'version': '::apt'}, {'action': 'install', 'id': '5474869', 'name': 'robotfindskitten', 'url': ' ', 'version': ' '}, {'action': 'install', 'id': '5475279', 'name': 'squirrel3', 'url': ' ', 'version': '3.1-7::apt'}, {'action': 'install', 'id': '5152439', 'name': 'rolldice', 'url': ' ', 'version': '1.16-1+b1'}, {'action': 'install', 'id': '5439204', 'name': 'moon-buggy', 'url': ' ', 'version': '1:1.0.51-12'}, {'action': 'install', 'id': '5475369', 'name': 'asciijump', 'url': ' ', 'version': '::apt'}]", 'c8y_SoftwareUpdate': [{'name': 'asciijump', 'action': 'install', 'id': '5475369', 'version': '::apt', 'url': ' '}, {'name': 'robotfindskitten', 'action': 'install', 'id': '5474869', 'version': ' ', 'url': ' '}, {'name': 'squirrel3', 'action': 'install', 'id': '5475279', 'version': '3.1-7::apt', 'url': ' '}, {'name': 'rolldice', 'action': 'install', 'id': '5152439', 'version': '1.16-1+b1', 'url': ' '}, {'name': 'moon-buggy', 'action': 'install', 'id': '5439204', 'version': '1:1.0.51-12', 'url': ' '}, {'name': 'asciijump', 'action': 'install', 'id': '5475369', 'version': '::apt', 'url': ' '}]}
16:39:30 INFO  State of operation 17923709 : PENDING
16:39:33 INFO  State of operation 17923709 : EXECUTING
16:39:35 INFO  State of operation 17923709 : EXECUTING
16:39:37 INFO  State of operation 17923709 : EXECUTING
16:39:39 INFO  State of operation 17923709 : EXECUTING
16:39:41 INFO  State of operation 17923709 : EXECUTING
16:39:44 INFO  State of operation 17923709 : EXECUTING
16:39:47 INFO  State of operation 17923709 : EXECUTING
16:39:49 INFO  State of operation 17923709 : EXECUTING
16:39:52 INFO  State of operation 17923709 : EXECUTING
16:39:54 INFO  State of operation 17923709 : EXECUTING
16:39:56 INFO  State of operation 17923709 : EXECUTING
16:39:58 INFO  State of operation 17923709 : EXECUTING
16:40:01 INFO  State of operation 17923709 : EXECUTING
16:40:03 INFO  State of operation 17923709 : EXECUTING
16:40:05 INFO  State of operation 17923709 : EXECUTING
16:40:08 INFO  State of operation 17923709 : EXECUTING
16:40:10 INFO  State of operation 17923709 : EXECUTING
16:40:13 INFO  State of operation 17923709 : EXECUTING
16:40:15 INFO  State of operation 17923709 : EXECUTING
16:40:17 INFO  State of operation 17923709 : EXECUTING
16:40:19 INFO  State of operation 17923709 : EXECUTING
16:40:22 INFO  State of operation 17923709 : EXECUTING
16:40:24 INFO  State of operation 17923709 : EXECUTING
16:40:27 INFO  State of operation 17923709 : EXECUTING
16:40:29 INFO  State of operation 17923709 : EXECUTING
16:40:31 INFO  State of operation 17923709 : EXECUTING
16:40:34 INFO  State of operation 17923709 : EXECUTING
16:40:36 INFO  State of operation 17923709 : EXECUTING
16:40:38 INFO  State of operation 17923709 : EXECUTING
16:40:40 INFO  State of operation 17923709 : EXECUTING
16:40:43 INFO  State of operation 17923709 : EXECUTING
16:40:45 INFO  State of operation 17923709 : EXECUTING
16:40:47 INFO  State of operation 17923709 : EXECUTING
16:40:50 INFO  State of operation 17923709 : EXECUTING
16:40:52 INFO  State of operation 17923709 : EXECUTING
16:40:54 INFO  State of operation 17923709 : EXECUTING
16:40:56 INFO  State of operation 17923709 : EXECUTING
16:40:58 INFO  State of operation 17923709 : EXECUTING
16:41:01 INFO  State of operation 17923709 : EXECUTING
16:41:04 INFO  State of operation 17923709 : EXECUTING
16:41:06 INFO  State of operation 17923709 : EXECUTING
16:41:09 INFO  State of operation 17923709 : EXECUTING
16:41:11 INFO  State of operation 17923709 : EXECUTING
16:41:13 INFO  State of operation 17923709 : EXECUTING
16:41:16 INFO  State of operation 17923709 : EXECUTING
16:41:18 INFO  State of operation 17923709 : EXECUTING
16:41:20 INFO  State of operation 17923709 : EXECUTING
16:41:22 INFO  State of operation 17923709 : EXECUTING
16:41:25 INFO  State of operation 17923709 : EXECUTING
16:41:27 INFO  State of operation 17923709 : EXECUTING
16:41:30 INFO  State of operation 17923709 : EXECUTING
16:41:32 INFO  State of operation 17923709 : EXECUTING
16:41:34 INFO  State of operation 17923709 : EXECUTING
16:41:37 INFO  State of operation 17923709 : EXECUTING
16:41:39 INFO  State of operation 17923709 : EXECUTING
16:41:42 INFO  State of operation 17923709 : EXECUTING
16:41:44 INFO  State of operation 17923709 : EXECUTING
16:41:47 INFO  State of operation 17923709 : EXECUTING
16:41:49 INFO  State of operation 17923709 : EXECUTING
16:41:52 INFO  State of operation 17923709 : EXECUTING
16:41:54 WARN  SystemError occurred while running test - Timeout while waiting for status SUCCESSFUL or False
Traceback (most recent call last):
  File "/home/pi/env-pysys/lib/python3.7/site-packages/pysys/baserunner.py", line 1294, in __call__
    self.testObj.execute()
  File "/home/pi/actions-runner/_work/thin-edge.io/thin-edge.io/tests/PySys/software_management_end_to_end/sm_apt_install_remove_multiple_mixed/run.py", line 89, in execute
    self.wait_until_succcess()
  File "/home/pi/actions-runner/_work/thin-edge.io/thin-edge.io/tests/PySys/software_management_end_to_end/environment_sm_management.py", line 324, in wait_until_succcess
    self.wait_until_status("SUCCESSFUL")
  File "/home/pi/actions-runner/_work/thin-edge.io/thin-edge.io/tests/PySys/software_management_end_to_end/environment_sm_management.py", line 381, in wait_until_status
    "Timeout while waiting for status %s or %s" % (status, status2)
SystemError: Timeout while waiting for status SUCCESSFUL or False
16:41:54 WARN  SystemError: Timeout while waiting for status SUCCESSFUL or False ... blocked 
16:41:54 INFO  
16:41:54 INFO  cleanup:
16:42:00 INFO  Executed sudo&lt;tedge_disconnect_c8y&gt;, exit status 0
16:42:01 INFO  Executed systemctl&lt;serv_mapper5&gt;, exit status 3
16:42:01 INFO  
16:42:01 INFO  Test duration: 179.76 secs
16:42:01 INFO  Test final outcome:  BLOCKED
16:42:01 INFO  Test outcome reason: SystemError: Timeout while waiting for status SUCCESSFUL or False (+1 other failures)
16:42:01 INFO  
</system-out>
	</testcase>
</testsuite><testsuite name="SoftwareManagement.sm_apt_install_remove_with_version" tests="3" errors="0" failures="0" skipped="1" time="0"><testcase classname="PySysTest" name="SoftwareManagement.sm_apt_install_remove_with_version">
		<skipped message="SKIPPED: Testing the apt plugin is not supported on this platform.Use parameter -XmyPlatform='container' to enable it" />
		<system-out>15:36:28 INFO  ==============================================================
15:36:28 INFO  Id:    SoftwareManagement.sm_apt_install_remove_with_version
15:36:28 INFO  Dir:   software_management_end_to_end/
15:36:28 INFO  Title: Validate end to end behaviour for the apt plugin for packages with version
15:36:28 INFO  ==============================================================
15:36:28 INFO  Testing the apt plugin is not supported on this platform.Use parameter -XmyPlatform='container' to enable it ... skipped
15:36:28 WARN  Aborted test due to SKIPPED outcome
15:36:28 INFO  
15:36:28 INFO  Test duration: 0.02 secs
15:36:28 INFO  Test final outcome:  SKIPPED
15:36:28 INFO  Test outcome reason: Testing the apt plugin is not supported on this platform.Use parameter -XmyPlatform='container' to enable it
15:36:28 INFO  
</system-out>
	</testcase>
<testcase classname="PySysTest" name="SoftwareManagement.sm_apt_install_remove_with_version" />
<testcase classname="PySysTest" name="SoftwareManagement.sm_apt_install_remove_with_version" />
</testsuite><testsuite name="SoftwareManagement.sm_docker_install_remove_multiple" tests="3" errors="0" failures="2" skipped="1" time="0"><testcase classname="SMDockerInstallRemove" name="SoftwareManagement.sm_docker_install_remove_multiple">
		<skipped message="SKIPPED: Testing the apt plugin is not supported on this platform.Use parameter -XmyPlatform='container' to enable it" />
		<system-out>15:36:28 INFO  ==============================================================
15:36:28 INFO  Id:    SoftwareManagement.sm_docker_install_remove_multiple
15:36:28 INFO  Dir:   software_management_end_to_end/
15:36:28 INFO  Title: Validate end to end behaviour for the docker plugin for multiple docker images with mixed versions
15:36:28 INFO  ==============================================================
15:36:28 INFO  Testing the apt plugin is not supported on this platform.Use parameter -XmyPlatform='container' to enable it ... skipped
15:36:28 WARN  Aborted test due to SKIPPED outcome
15:36:28 INFO  
15:36:28 INFO  Test duration: 0.02 secs
15:36:28 INFO  Test final outcome:  SKIPPED
15:36:28 INFO  Test outcome reason: Testing the apt plugin is not supported on this platform.Use parameter -XmyPlatform='container' to enable it
15:36:28 INFO  
</system-out>
	</testcase>
<testcase classname="SMDockerInstallRemove" name="SoftwareManagement.sm_docker_install_remove_multiple">
		<failure message="BLOCKED: SystemError: The operation has failed" type="BLOCKED" />
		<system-out>16:24:20 INFO  ==============================================================
16:24:20 INFO  Id:    SoftwareManagement.sm_docker_install_remove_multiple
16:24:20 INFO  Dir:   software_management_end_to_end/
16:24:20 INFO  Title: Validate end to end behaviour for the docker plugin for multiple docker images with mixed versions
16:24:20 INFO  ==============================================================
16:24:22 INFO  Using sw id database: {'asciijump': '5475369', 'robotfindskitten': '5474869', 'squirrel3': '5475279', 'rolldice': '5152439', 'moon-buggy': '5439204', 'apple': '5495053', 'banana': '5494888', 'cherry': '5495382', 'watermelon': '5494510', 'registry': '8018911', 'hello-world': '8021526', 'docker/getting-started': '8021973', 'alpine': '7991792'}
16:24:22 INFO  EnvironmentC8y Setup
16:24:23 INFO  Executed systemctl&lt;serv_mapper1&gt;, exit status 3
16:24:39 INFO  Executed sudo&lt;tedge_connect_c8y&gt;, exit status 0, duration 15 secs
16:24:39 INFO  Executed sudo&lt;tedge_connect_c8y_test&gt;, exit status 0
16:24:40 INFO  Executed systemctl&lt;serv_mosq2&gt;, exit status 0
16:24:40 INFO  Executed systemctl&lt;serv_mapper3&gt;, exit status 0
16:24:43 INFO  State of current operation: SUCCESSFUL
16:24:43 INFO  Response status: 201
16:24:43 INFO  Response to action: {
    "creationTime": "2022-04-28T16:24:43.874Z",
    "deviceName": "mythicc",
    "deviceId": "17913167",
    "self": "https://t493319102.eu-latest.cumulocity.com/devicecontrol/operations/17923472",
    "id": "17923472",
    "status": "PENDING",
    "description": "Apply software changes, triggered from PySys: [{'action': 'install', 'id': '8021526', 'name': 'hello-world', 'url': '', 'version': '::docker'}, {'action': 'install', 'id': '8018911', 'name': 'registry', 'url': '', 'version': '2.6.2::docker'}]",
    "c8y_SoftwareUpdate": [
        {
            "name": "hello-world",
            "action": "install",
            "id": "8021526",
            "version": "::docker",
            "url": ""
        },
        {
            "name": "registry",
            "action": "install",
            "id": "8018911",
            "version": "2.6.2::docker",
            "url": ""
        }
    ]
}
16:24:43 INFO  Started operation: {'creationTime': '2022-04-28T16:24:43.874Z', 'deviceName': 'mythicc', 'deviceId': '17913167', 'self': 'https://t493319102.eu-latest.cumulocity.com/devicecontrol/operations/17923472', 'id': '17923472', 'status': 'PENDING', 'description': "Apply software changes, triggered from PySys: [{'action': 'install', 'id': '8021526', 'name': 'hello-world', 'url': '', 'version': '::docker'}, {'action': 'install', 'id': '8018911', 'name': 'registry', 'url': '', 'version': '2.6.2::docker'}]", 'c8y_SoftwareUpdate': [{'name': 'hello-world', 'action': 'install', 'id': '8021526', 'version': '::docker', 'url': ''}, {'name': 'registry', 'action': 'install', 'id': '8018911', 'version': '2.6.2::docker', 'url': ''}]}
16:24:46 INFO  State of operation 17923472 : PENDING
16:24:48 INFO  State of operation 17923472 : EXECUTING
16:24:50 INFO  State of operation 17923472 : EXECUTING
16:24:52 INFO  State of operation 17923472 : EXECUTING
16:24:55 INFO  State of operation 17923472 : EXECUTING
16:24:57 INFO  State of operation 17923472 : EXECUTING
16:24:59 INFO  State of operation 17923472 : EXECUTING
16:25:01 INFO  State of operation 17923472 : EXECUTING
16:25:04 INFO  State of operation 17923472 : EXECUTING
16:25:06 INFO  State of operation 17923472 : EXECUTING
16:25:08 INFO  State of operation 17923472 : EXECUTING
16:25:10 INFO  State of operation 17923472 : EXECUTING
16:25:14 INFO  State of operation 17923472 : EXECUTING
16:25:16 INFO  State of operation 17923472 : EXECUTING
16:25:18 INFO  State of operation 17923472 : EXECUTING
16:25:20 INFO  State of operation 17923472 : EXECUTING
16:25:23 INFO  State of operation 17923472 : EXECUTING
16:25:25 INFO  State of operation 17923472 : SUCCESSFUL
16:25:26 INFO  Package hello-world is installed
16:25:26 INFO  Package hello-world is installed
16:25:26 INFO  Assert that (True == value) with value=True ... passed
16:25:27 INFO  Package registry is installed
16:25:27 INFO  Assert that (True == value) with value=True ... passed
16:25:27 INFO  Assert that (False == value) with value=False ... passed
16:25:27 INFO  Response status: 201
16:25:27 INFO  Response to action: {
    "creationTime": "2022-04-28T16:25:27.472Z",
    "deviceName": "mythicc",
    "deviceId": "17913167",
    "self": "https://t493319102.eu-latest.cumulocity.com/devicecontrol/operations/17923482",
    "id": "17923482",
    "status": "PENDING",
    "description": "Apply software changes, triggered from PySys: [{'action': 'install', 'id': '8018911', 'name': 'registry', 'url': '', 'version': '2.7.1::docker'}, {'action': 'install', 'id': '7991792', 'name': 'alpine', 'url': '', 'version': '::docker'}]",
    "c8y_SoftwareUpdate": [
        {
            "name": "registry",
            "action": "install",
            "id": "8018911",
            "version": "2.7.1::docker",
            "url": ""
        },
        {
            "name": "alpine",
            "action": "install",
            "id": "7991792",
            "version": "::docker",
            "url": ""
        }
    ]
}
16:25:27 INFO  Started operation: {'creationTime': '2022-04-28T16:25:27.472Z', 'deviceName': 'mythicc', 'deviceId': '17913167', 'self': 'https://t493319102.eu-latest.cumulocity.com/devicecontrol/operations/17923482', 'id': '17923482', 'status': 'PENDING', 'description': "Apply software changes, triggered from PySys: [{'action': 'install', 'id': '8018911', 'name': 'registry', 'url': '', 'version': '2.7.1::docker'}, {'action': 'install', 'id': '7991792', 'name': 'alpine', 'url': '', 'version': '::docker'}]", 'c8y_SoftwareUpdate': [{'name': 'registry', 'action': 'install', 'id': '8018911', 'version': '2.7.1::docker', 'url': ''}, {'name': 'alpine', 'action': 'install', 'id': '7991792', 'version': '::docker', 'url': ''}]}
16:25:29 INFO  State of operation 17923482 : PENDING
16:25:31 INFO  State of operation 17923482 : EXECUTING
[...]
15:28:40 WARN  Aborted test due to SKIPPED outcome
15:28:40 INFO  
15:28:40 INFO  Test duration: 0.02 secs
15:28:40 INFO  Test final outcome:  SKIPPED
15:28:40 INFO  Test outcome reason: Testing the docker plugin is not supported on this platform.To run it, all the test with -XmyPlatform='container'
15:28:40 INFO  
</system-out>
	</testcase>
<testcase classname="DockerPluginUpdateTest" name="docker_plugin_update" />
</testsuite><testsuite name="invalid_device_id" tests="1" errors="0" failures="0" skipped="0" time="0"><testcase classname="InvalidDeviceId" name="invalid_device_id" />
</testsuite><testsuite name="local_mqtt_pub_fail_noqos" tests="1" errors="0" failures="0" skipped="0" time="0"><testcase classname="PySysTest" name="local_mqtt_pub_fail_noqos" />
</testsuite><testsuite name="local_mqtt_pub_fail_qos0" tests="1" errors="0" failures="0" skipped="0" time="0"><testcase classname="PySysTest" name="local_mqtt_pub_fail_qos0" />
</testsuite><testsuite name="local_mqtt_pub_fail_qos1" tests="1" errors="0" failures="0" skipped="0" time="0"><testcase classname="PySysTest" name="local_mqtt_pub_fail_qos1" />
</testsuite><testsuite name="local_mqtt_pub_fail_qos2" tests="1" errors="0" failures="0" skipped="0" time="0"><testcase classname="PySysTest" name="local_mqtt_pub_fail_qos2" />
</testsuite><testsuite name="local_mqtt_pub_sub" tests="1" errors="0" failures="0" skipped="0" time="0"><testcase classname="PySysTest" name="local_mqtt_pub_sub" />
</testsuite><testsuite name="local_mqtt_pub_sub_retain" tests="1" errors="0" failures="0" skipped="0" time="0"><testcase classname="MqttPublishWithRetain" name="local_mqtt_pub_sub_retain" />
</testsuite><testsuite name="local_mqtt_pub_sub_with_sudo" tests="1" errors="0" failures="0" skipped="0" time="0"><testcase classname="PySysTest" name="local_mqtt_pub_sub_with_sudo" />
</testsuite><testsuite name="local_mqtt_sub_fail" tests="1" errors="0" failures="0" skipped="0" time="0"><testcase classname="PySysTest" name="local_mqtt_sub_fail" />
</testsuite><testsuite name="log_request_error_messages" tests="1" errors="0" failures="1" skipped="0" time="0"><testcase classname="LogRequestVerifySearchTextError" name="log_request_error_messages">
		<failure message="FAILED: Assert that (True == value) with value=False" type="FAILED" />
		<system-out>15:25:37 INFO  ==============================================================
15:25:37 INFO  Id:    log_request_error_messages
15:25:37 INFO  Dir:   log_request_end_to_end/
15:25:37 INFO  Title: Validate end to end behaviour for the log request operation check for error messages
15:25:37 INFO  ==============================================================
15:25:39 INFO  EnvironmentC8y Setup
15:25:39 INFO  Executed systemctl&lt;serv_mapper1&gt;, exit status 3
15:25:39 INFO  Restarting mosquitto too frequently in the last 10 seconds. It was only up for 2 seconds
15:25:39 INFO  Delaying execution by 9 seconds
15:26:02 INFO  Executed sudo&lt;tedge_connect_c8y&gt;, exit status 0, duration 13 secs
15:26:03 INFO  Executed sudo&lt;tedge_connect_c8y_test&gt;, exit status 0
15:26:03 INFO  Executed systemctl&lt;serv_mosq2&gt;, exit status 0
15:26:04 INFO  Executed systemctl&lt;serv_mapper3&gt;, exit status 0
15:26:04 INFO  Executed sudo&lt;rm_logs&gt;, exit status 0
15:26:05 INFO  Executed sudo&lt;move_logs&gt;, exit status 0
15:26:06 INFO  log response None
15:26:06 WARN  retry, retrying in 1 seconds...
15:26:07 INFO  log response https://thin-edge-io.eu-latest.cumulocity.com/event/events/17915231/binaries
15:26:08 WARN  Assert that (True == value) with value=False ... failed [run.py:43]
15:26:08 INFO  
15:26:08 INFO  cleanup:
15:26:08 INFO  Executed sudo&lt;rm_logs&gt;, exit status 0
15:26:09 INFO  Executed sudo&lt;rm_tmp_logs&gt;, exit status 0
15:26:09 INFO  Executed sudo&lt;send_failed&gt;, exit status 0
15:26:13 INFO  Executed sudo&lt;tedge_disconnect_c8y&gt;, exit status 0
15:26:14 INFO  Executed systemctl&lt;serv_mapper5&gt;, exit status 3
15:26:14 INFO  
15:26:14 INFO  Test duration: 36.28 secs
15:26:14 INFO  Test final outcome:  FAILED
15:26:14 INFO  Test outcome reason: Assert that (True == value) with value=False
15:26:14 INFO  
</system-out>
	</testcase>
</testsuite><testsuite name="log_request_num_lines" tests="1" errors="0" failures="1" skipped="0" time="0"><testcase classname="LogRequestVerifyNumberOfLines" name="log_request_num_lines">
		<failure message="FAILED: Assert that (True == value) with value=False" type="FAILED" />
		<system-out>15:26:14 INFO  ==============================================================
15:26:14 INFO  Id:    log_request_num_lines
15:26:14 INFO  Dir:   log_request_end_to_end/
15:26:14 INFO  Title: Validate end to end behaviour for the log request operation check for number of lines
15:26:14 INFO  ==============================================================
15:26:14 INFO  EnvironmentC8y Setup
15:26:14 INFO  Executed systemctl&lt;serv_mapper1&gt;, exit status 3
15:26:15 INFO  Restarting mosquitto too frequently in the last 10 seconds. It was only up for 5 seconds
15:26:15 INFO  Delaying execution by 6 seconds
15:26:34 INFO  Executed sudo&lt;tedge_connect_c8y&gt;, exit status 0, duration 13 secs
15:26:35 INFO  Executed sudo&lt;tedge_connect_c8y_test&gt;, exit status 0
15:26:36 INFO  Executed systemctl&lt;serv_mosq2&gt;, exit status 0
15:26:36 INFO  Executed systemctl&lt;serv_mapper3&gt;, exit status 0
15:26:37 INFO  Executed sudo&lt;rm_logs&gt;, exit status 0
15:26:37 INFO  Executed sudo&lt;move_logs&gt;, exit status 0
15:26:38 INFO  log response None
15:26:38 WARN  retry, retrying in 1 seconds...
15:26:39 INFO  log response https://thin-edge-io.eu-latest.cumulocity.com/event/events/17913275/binaries
15:26:39 INFO  nlines 0
15:26:39 WARN  Assert that (True == value) with value=False ... failed [run.py:44]
15:26:39 INFO  
15:26:39 INFO  cleanup:
15:26:40 INFO  Executed sudo&lt;rm_logs&gt;, exit status 0
15:26:40 INFO  Executed sudo&lt;rm_tmp_logs&gt;, exit status 0
15:26:41 INFO  Executed sudo&lt;send_failed&gt;, exit status 0
15:26:45 INFO  Executed sudo&lt;tedge_disconnect_c8y&gt;, exit status 0
15:26:46 INFO  Executed systemctl&lt;serv_mapper5&gt;, exit status 3
15:26:46 INFO  
15:26:46 INFO  Test duration: 31.75 secs
15:26:46 INFO  Test final outcome:  FAILED
15:26:46 INFO  Test outcome reason: Assert that (True == value) with value=False
15:26:46 INFO  
</system-out>
	</testcase>
</testsuite><testsuite name="mapper_awaits_before_reconnect" tests="1" errors="0" failures="0" skipped="0" time="0"><testcase classname="MapperReconnectAwait" name="mapper_awaits_before_reconnect" />
</testsuite><testsuite name="monitoring_smaller_interval" tests="1" errors="0" failures="0" skipped="1" time="0"><testcase classname="MonitoringSmallInterval" name="monitoring_smaller_interval">
		<skipped message="SKIPPED: Fails due to retained message" />
		<system-out>15:28:35 INFO  ==============================================================
15:28:35 INFO  Id:    monitoring_smaller_interval
15:28:35 INFO  Dir:   monitoring/
15:28:35 INFO  Title: Validate the tedge dm agent messages that are produced with smaller sampling interval than the batching window. Here the simulated collectd messages are used
15:28:35 INFO  ==============================================================
15:28:35 INFO  Fails due to retained message ... skipped
15:28:35 INFO  
15:28:35 INFO  Test duration: 0.03 secs
15:28:35 INFO  Test final outcome:  SKIPPED
15:28:35 INFO  Test outcome reason: Fails due to retained message
15:28:35 INFO  
</system-out>
	</testcase>
</testsuite><testsuite name="monitoring_with_collectd" tests="1" errors="0" failures="0" skipped="1" time="0"><testcase classname="MonitoringWithCollectd" name="monitoring_with_collectd">
		<skipped message="SKIPPED: Test execution disabled due to #792 (instable)" />
		<system-out>15:28:35 INFO  ==============================================================
15:28:35 INFO  Id:    monitoring_with_collectd
15:28:35 INFO  Dir:   monitoring/
15:28:35 INFO  Title: Validate tedge dm agent messages that are produced by batching the collectd messages
15:28:35 INFO  ==============================================================
15:28:35 INFO  Test execution disabled due to #792 (instable) ... skipped
15:28:35 INFO  
15:28:35 INFO  Test duration: 0.03 secs
15:28:35 INFO  Test final outcome:  SKIPPED
15:28:35 INFO  Test outcome reason: Test execution disabled due to #792 (instable)
15:28:35 INFO  
</system-out>
	</testcase>
</testsuite><testsuite name="monitoring_with_simulated_messages" tests="1" errors="0" failures="0" skipped="1" time="0"><testcase classname="MonitoringWithSimulatedMessages" name="monitoring_with_simulated_messages">
		<skipped message="SKIPPED: Fails due to retained message" />
		<system-out>15:28:35 INFO  ==============================================================
15:28:35 INFO  Id:    monitoring_with_simulated_messages
15:28:35 INFO  Dir:   monitoring/
15:28:35 INFO  Title: Validate the tedge dm agent messages that are produced from the simulated collectd messages
15:28:35 INFO  ==============================================================
15:28:35 INFO  Fails due to retained message ... skipped
15:28:35 INFO  
15:28:35 INFO  Test duration: 0.03 secs
15:28:35 INFO  Test final outcome:  SKIPPED
15:28:35 INFO  Test outcome reason: Fails due to retained message
15:28:35 INFO  
</system-out>
	</testcase>
</testsuite><testsuite name="mqtt_port_change_connection_fails" tests="1" errors="0" failures="0" skipped="0" time="0"><testcase classname="MqttPortChangeConnectionFails" name="mqtt_port_change_connection_fails" />
</testsuite><testsuite name="mqtt_port_change_connection_works" tests="1" errors="0" failures="0" skipped="1" time="0"><testcase classname="MqttPortChangeConnectionWorks" name="mqtt_port_change_connection_works">
		<skipped message="SKIPPED: failing intermitently" />
		<system-out>15:27:21 INFO  ==============================================================
15:27:21 INFO  Id:    mqtt_port_change_connection_works
15:27:21 INFO  Dir:   misc_features/
15:27:21 INFO  Title: mqtt port change connection works for all the thin-edge services that use the mosquitto broker
15:27:21 INFO  ==============================================================
15:27:21 INFO  failing intermitently ... skipped
15:27:21 INFO  
15:27:21 INFO  Test duration: 0.02 secs
15:27:21 INFO  Test final outcome:  SKIPPED
15:27:21 INFO  Test outcome reason: failing intermitently
15:27:21 INFO  
</system-out>
	</testcase>
</testsuite><testsuite name="mqtt_port_set" tests="1" errors="0" failures="0" skipped="0" time="0"><testcase classname="MqttPortSet" name="mqtt_port_set" />
</testsuite><testsuite name="mqtt_port_unset" tests="1" errors="0" failures="0" skipped="0" time="0"><testcase classname="MqttPortUnSet" name="mqtt_port_unset" />
</testsuite><testsuite name="publish_flux" tests="1" errors="0" failures="0" skipped="0" time="0"><testcase classname="PublishFlux" name="publish_flux" />
</testsuite><testsuite name="publish_sawmill" tests="1" errors="0" failures="0" skipped="0" time="0"><testcase classname="PublishSawmill" name="publish_sawmill" />
</testsuite><testsuite name="pysys_block" tests="1" errors="0" failures="0" skipped="1" time="0"><testcase classname="Fail" name="pysys_block">
		<skipped message="SKIPPED: Enable this to observe a blocking test" />
		<system-out>15:27:43 INFO  ==============================================================
15:27:43 INFO  Id:    pysys_block
15:27:43 INFO  Dir:   misc_features/
15:27:43 INFO  Title: fail
15:27:43 INFO  ==============================================================
15:27:43 INFO  Enable this to observe a blocking test ... skipped
15:27:43 INFO  
15:27:43 INFO  Test duration: 0.02 secs
15:27:43 INFO  Test final outcome:  SKIPPED
15:27:43 INFO  Test outcome reason: Enable this to observe a blocking test
15:27:43 INFO  
</system-out>
	</testcase>
</testsuite><testsuite name="pysys_fail" tests="1" errors="0" failures="0" skipped="1" time="0"><testcase classname="Fail" name="pysys_fail">
		<skipped message="SKIPPED: Enable this to observe a failing test" />
		<system-out>15:27:43 INFO  ==============================================================
15:27:43 INFO  Id:    pysys_fail
15:27:43 INFO  Dir:   misc_features/
15:27:43 INFO  Title: fail
15:27:43 INFO  ==============================================================
15:27:43 INFO  Enable this to observe a failing test ... skipped
15:27:43 INFO  
15:27:43 INFO  Test duration: 0.01 secs
15:27:43 INFO  Test final outcome:  SKIPPED
15:27:43 INFO  Test outcome reason: Enable this to observe a failing test
15:27:43 INFO  
</system-out>
	</testcase>
</testsuite><testsuite name="runtime_start_two_mappers" tests="1" errors="0" failures="1" skipped="0" time="0"><testcase classname="RuntimeMultiMappers" name="runtime_start_two_mappers">
		<failure message="FAILED: Grep on tedge_mapper2.err contains &quot;Error: Couldn't acquire file lock.&quot;" type="FAILED" />
		<system-out>15:40:01 INFO  ==============================================================
15:40:01 INFO  Id:    runtime_start_two_mappers
15:40:01 INFO  Dir:   tedge_mapper_c8y/
15:40:02 INFO  Title: Validate two mappers can't be started at the same time
15:40:02 INFO  ==============================================================
15:40:02 INFO  Executed sudo&lt;tedge_mapper1&gt;, exit status 0
15:40:02 INFO  Waiting for 0.1 seconds
15:40:03 INFO  Executed sudo&lt;tedge_mapper2&gt;, exit status 1
15:40:03 INFO  Executed sudo&lt;tedge_mapper1&gt;, exit status 0
15:40:03 WARN  Grep on tedge_mapper2.err contains "Error: Couldn't acquire file lock." ... failed [run.py:46]
15:40:03 INFO  
15:40:03 INFO  Test duration: 1.80 secs
15:40:03 INFO  Test final outcome:  FAILED
15:40:03 INFO  Test outcome reason: Grep on tedge_mapper2.err contains "Error: Couldn't acquire file lock."
15:40:03 INFO  
</system-out>
	</testcase>
</testsuite><testsuite name="sm_tedge_mapper_init_session" tests="1" errors="0" failures="0" skipped="0" time="0"><testcase classname="TedgeSMMapperInitSession" name="sm_tedge_mapper_init_session" />
</testsuite><testsuite name="smoketest_json" tests="1" errors="0" failures="0" skipped="0" time="0"><testcase classname="SmokeTestJson" name="smoketest_json" />
</testsuite><testsuite name="smoketest_json_400_samples_10ms" tests="1" errors="0" failures="0" skipped="0" time="0"><testcase classname="SmoketestJson400Samples10ms" name="smoketest_json_400_samples_10ms" />
</testsuite><testsuite name="smoketest_json_400_samples_20ms" tests="1" errors="0" failures="0" skipped="0" time="0"><testcase classname="SmoketestJson400Samples20ms" name="smoketest_json_400_samples_20ms" />
</testsuite><testsuite name="smoketest_smartrest" tests="1" errors="0" failures="0" skipped="0" time="0"><testcase classname="SmoketestSmartRest" name="smoketest_smartrest" />
</testsuite><testsuite name="smoketest_smartrest_200_samples_1Xms" tests="1" errors="0" failures="0" skipped="0" time="0"><testcase classname="SmoketestSmartRest200Samples1Xms" name="smoketest_smartrest_200_samples_1Xms" />
</testsuite><testsuite name="smoketest_smartrest_200_samples_20ms" tests="1" errors="0" failures="1" skipped="0" time="0"><testcase classname="SmoketestSmartRest200Samples20ms" name="smoketest_smartrest_200_samples_20ms">
		<failure message="BLOCKED: Failed to set up test: 'SmoketestSmartRest200Samples20ms'" type="BLOCKED" />
		<system-out>15:36:27 INFO  ==============================================================
15:36:27 INFO  Id:    smoketest_smartrest_200_samples_20ms
15:36:27 INFO  Dir:   smoketests/
15:36:27 INFO  Title: Smoketest SmartRest 200 Samples 20ms Delay
15:36:27 INFO  ==============================================================
15:36:27 WARN  Failed to set up test: 'SmoketestSmartRest200Samples20ms' ... blocked 
15:36:27 ERROR Caught KeyError while setting up test smoketest_smartrest_200_samples_20ms: 'SmoketestSmartRest200Samples20ms'
Traceback (most recent call last):
  File "/home/pi/env-pysys/lib/python3.7/site-packages/pysys/baserunner.py", line 1229, in __call__
    clazz = runpy_namespace[self.descriptor.classname]
KeyError: 'SmoketestSmartRest200Samples20ms'
15:36:27 INFO  
15:36:27 INFO  Test duration: 0.04 secs
15:36:27 INFO  Test final outcome:  BLOCKED
15:36:27 INFO  Test outcome reason: Failed to set up test: 'SmoketestSmartRest200Samples20ms'
15:36:27 INFO  
</system-out>
	</testcase>
</testsuite><testsuite name="tedge_agent_user_sudo_access" tests="1" errors="0" failures="0" skipped="1" time="0"><testcase classname="TedgeAgentUserSudoAccess" name="tedge_agent_user_sudo_access">
		<skipped message="SKIPPED: #955 Observation: Exit code of the apt plugin when called with no arguments" />
		<system-out>15:36:55 INFO  ==============================================================
15:36:55 INFO  Id:    tedge_agent_user_sudo_access
15:36:55 INFO  Dir:   tedge/
15:36:55 INFO  Title: Validate tedge-agent user has a limited sudo right
15:36:55 INFO  ==============================================================
15:36:55 INFO  #955 Observation: Exit code of the apt plugin when called with no arguments ... skipped
15:36:55 INFO  
15:36:55 INFO  Test duration: 0.02 secs
15:36:55 INFO  Test final outcome:  SKIPPED
15:36:55 INFO  Test outcome reason: #955 Observation: Exit code of the apt plugin when called with no arguments
15:36:55 INFO  
</system-out>
	</testcase>
</testsuite><testsuite name="tedge_connect_test_negative" tests="1" errors="0" failures="0" skipped="0" time="0"><testcase classname="TedgeConnectTestNegative" name="tedge_connect_test_negative" />
</testsuite><testsuite name="tedge_connect_test_positive" tests="1" errors="0" failures="0" skipped="0" time="0"><testcase classname="TedgeConnectTestPositive" name="tedge_connect_test_positive" />
</testsuite><testsuite name="tedge_connect_test_sm_services" tests="1" errors="0" failures="0" skipped="0" time="0"><testcase classname="TedgeConnectTestSMServices" name="tedge_connect_test_sm_services" />
</testsuite><testsuite name="tedge_disconnect_test_sm_services" tests="1" errors="0" failures="0" skipped="0" time="0"><testcase classname="TedgeDisConnectTestSMServices" name="tedge_disconnect_test_sm_services" />
</testsuite><testsuite name="tedge_mapper_az_negative" tests="1" errors="0" failures="0" skipped="0" time="0"><testcase classname="TedgeMapperAzError" name="tedge_mapper_az_negative" />
</testsuite><testsuite name="tedge_mapper_az_with_timestamp" tests="1" errors="0" failures="0" skipped="0" time="0"><testcase classname="TedgeMapperAzWithTimestamp" name="tedge_mapper_az_with_timestamp" />
</testsuite><testsuite name="tedge_mapper_az_without_timestamp" tests="1" errors="0" failures="0" skipped="0" time="0"><testcase classname="TedgeMapperAzWithoutTimestamp" name="tedge_mapper_az_without_timestamp" />
</testsuite><testsuite name="tedge_mapper_c8y_alarms" tests="1" errors="0" failures="0" skipped="0" time="0"><testcase classname="TedgeMapperC8yAlarm" name="tedge_mapper_c8y_alarms" />
</testsuite><testsuite name="tedge_mapper_c8y_child_device_measurement" tests="1" errors="0" failures="0" skipped="0" time="0"><testcase classname="TedgeMapperC8yChildDevice" name="tedge_mapper_c8y_child_device_measurement" />
</testsuite><testsuite name="tedge_mapper_c8y_packet_threshold_size" tests="1" errors="0" failures="0" skipped="0" time="0"><testcase classname="TedgeMapperC8yThresholdPacketSize" name="tedge_mapper_c8y_packet_threshold_size" />
</testsuite><testsuite name="tedge_software_update" tests="1" errors="0" failures="0" skipped="0" time="0"><testcase classname="PySysTest" name="tedge_software_update" />
</testsuite><testsuite name="valid_device_id" tests="1" errors="0" failures="0" skipped="0" time="0"><testcase classname="ValidateValidDeviceId" name="valid_device_id" />
</testsuite></testsuites>