<?xml version='1.0' encoding='utf-8'?>
<testsuites tests="149" failures="11" errors="0" skipped="54" time="0.0"><testsuite name="SoftwareManagement.Plugin.apama_plugin_install" tests="3" errors="0" failures="0" skipped="1" time="0"><testcase classname="ApamaPluginInstallTest" name="SoftwareManagement.Plugin.apama_plugin_install">
		<skipped message="SKIPPED: Apama plugin tests are disabled by default. Execute `pysys run` with `-XmyPlatform=container` to run these tests" />
		<system-out>07:59:42 INFO  ==============================================================
07:59:42 INFO  Id:    SoftwareManagement.Plugin.apama_plugin_install
07:59:42 INFO  Dir:   plugin_apama/
07:59:42 INFO  Title: Validate apama plugin install
07:59:42 INFO  ==============================================================
07:59:42 INFO  Apama plugin tests are disabled by default. Execute `pysys run` with `-XmyPlatform=container` to run these tests ... skipped
07:59:42 WARN  Aborted test due to SKIPPED outcome
07:59:42 INFO  
07:59:42 INFO  Test duration: 0.04 secs
07:59:42 INFO  Test final outcome:  SKIPPED
07:59:42 INFO  Test outcome reason: Apama plugin tests are disabled by default. Execute `pysys run` with `-XmyPlatform=container` to run these tests
07:59:42 INFO  
</system-out>
	</testcase>
<testcase classname="ApamaPluginInstallTest" name="SoftwareManagement.Plugin.apama_plugin_install" />
<testcase classname="ApamaPluginInstallTest" name="SoftwareManagement.Plugin.apama_plugin_install" />
</testsuite><testsuite name="SoftwareManagement.Plugin.apama_plugin_mon_support" tests="3" errors="0" failures="0" skipped="1" time="0"><testcase classname="ApamaPluginMonSupportTest" name="SoftwareManagement.Plugin.apama_plugin_mon_support">
		<skipped message="SKIPPED: Apama plugin tests are disabled by default. Execute `pysys run` with `-XmyPlatform=container` to run these tests" />
		<system-out>07:59:42 INFO  ==============================================================
07:59:42 INFO  Id:    SoftwareManagement.Plugin.apama_plugin_mon_support
07:59:42 INFO  Dir:   plugin_apama/
07:59:42 INFO  Title: Validate mon file support of apama plugin
07:59:42 INFO  ==============================================================
07:59:42 INFO  Apama plugin tests are disabled by default. Execute `pysys run` with `-XmyPlatform=container` to run these tests ... skipped
07:59:42 WARN  Aborted test due to SKIPPED outcome
07:59:42 INFO  
07:59:42 INFO  Test duration: 0.02 secs
07:59:42 INFO  Test final outcome:  SKIPPED
07:59:42 INFO  Test outcome reason: Apama plugin tests are disabled by default. Execute `pysys run` with `-XmyPlatform=container` to run these tests
07:59:42 INFO  
</system-out>
	</testcase>
<testcase classname="ApamaPluginMonSupportTest" name="SoftwareManagement.Plugin.apama_plugin_mon_support" />
<testcase classname="ApamaPluginMonSupportTest" name="SoftwareManagement.Plugin.apama_plugin_mon_support" />
</testsuite><testsuite name="SoftwareManagement.Plugin.apama_plugin_remove" tests="3" errors="0" failures="0" skipped="1" time="0"><testcase classname="ApamaPluginRemoveTest" name="SoftwareManagement.Plugin.apama_plugin_remove">
		<skipped message="SKIPPED: Apama plugin tests are disabled by default. Execute `pysys run` with `-XmyPlatform=container` to run these tests" />
		<system-out>07:59:42 INFO  ==============================================================
07:59:42 INFO  Id:    SoftwareManagement.Plugin.apama_plugin_remove
07:59:42 INFO  Dir:   plugin_apama/
07:59:42 INFO  Title: Validate apama plugin remove
07:59:42 INFO  ==============================================================
07:59:42 INFO  Apama plugin tests are disabled by default. Execute `pysys run` with `-XmyPlatform=container` to run these tests ... skipped
07:59:42 WARN  Aborted test due to SKIPPED outcome
07:59:42 INFO  
07:59:42 INFO  Test duration: 0.02 secs
07:59:42 INFO  Test final outcome:  SKIPPED
07:59:42 INFO  Test outcome reason: Apama plugin tests are disabled by default. Execute `pysys run` with `-XmyPlatform=container` to run these tests
07:59:42 INFO  
</system-out>
	</testcase>
<testcase classname="ApamaPluginRemoveTest" name="SoftwareManagement.Plugin.apama_plugin_remove" />
<testcase classname="ApamaPluginRemoveTest" name="SoftwareManagement.Plugin.apama_plugin_remove" />
</testsuite><testsuite name="SoftwareManagement.Plugin.apama_plugin_update" tests="3" errors="0" failures="0" skipped="3" time="0"><testcase classname="ApamaPluginUpdateTest" name="SoftwareManagement.Plugin.apama_plugin_update">
		<skipped message="SKIPPED: Test execution disabled due to #1052" />
		<system-out>07:59:42 INFO  ==============================================================
07:59:42 INFO  Id:    SoftwareManagement.Plugin.apama_plugin_update
07:59:42 INFO  Dir:   plugin_apama/
07:59:42 INFO  Title: Validate apama plugin updating one project with another
07:59:42 INFO  ==============================================================
07:59:42 INFO  Test execution disabled due to #1052 ... skipped
07:59:42 INFO  
07:59:42 INFO  Test duration: 0.02 secs
07:59:42 INFO  Test final outcome:  SKIPPED
07:59:42 INFO  Test outcome reason: Test execution disabled due to #1052
07:59:42 INFO  
</system-out>
	</testcase>
<testcase classname="ApamaPluginUpdateTest" name="SoftwareManagement.Plugin.apama_plugin_update">
		<skipped message="SKIPPED: Test execution disabled due to #1052" />
		<system-out>08:52:30 INFO  ==============================================================
08:52:30 INFO  Id:    SoftwareManagement.Plugin.apama_plugin_update
08:52:30 INFO  Dir:   plugin_apama/
08:52:30 INFO  Title: Validate apama plugin updating one project with another
08:52:30 INFO  ==============================================================
08:52:30 INFO  Test execution disabled due to #1052 ... skipped
08:52:30 INFO  
08:52:30 INFO  Test duration: 0.02 secs
08:52:30 INFO  Test final outcome:  SKIPPED
08:52:30 INFO  Test outcome reason: Test execution disabled due to #1052
08:52:30 INFO  
</system-out>
	</testcase>
<testcase classname="ApamaPluginUpdateTest" name="SoftwareManagement.Plugin.apama_plugin_update">
		<skipped message="SKIPPED: Test execution disabled due to #1052" />
		<system-out>09:01:10 INFO  ==============================================================
09:01:10 INFO  Id:    SoftwareManagement.Plugin.apama_plugin_update
09:01:10 INFO  Dir:   plugin_apama/
09:01:10 INFO  Title: Validate apama plugin updating one project with another
09:01:10 INFO  ==============================================================
09:01:10 INFO  Test execution disabled due to #1052 ... skipped
09:01:10 INFO  
09:01:10 INFO  Test duration: 0.02 secs
09:01:10 INFO  Test final outcome:  SKIPPED
09:01:10 INFO  Test outcome reason: Test execution disabled due to #1052
09:01:10 INFO  
</system-out>
	</testcase>
</testsuite><testsuite name="SoftwareManagement.sm_apt_install_download_path" tests="3" errors="0" failures="2" skipped="1" time="0"><testcase classname="AptInstallWithDownloadPath" name="SoftwareManagement.sm_apt_install_download_path">
		<skipped message="SKIPPED: Testing the apt plugin is not supported on this platform.Use parameter -XmyPlatform='container' to enable it" />
		<system-out>08:09:27 INFO  ==============================================================
08:09:27 INFO  Id:    SoftwareManagement.sm_apt_install_download_path
08:09:27 INFO  Dir:   software_management_end_to_end/
08:09:27 INFO  Title: Install package to directory specified in tedge config set tmp.path
08:09:27 INFO  ==============================================================
08:09:27 INFO  Testing the apt plugin is not supported on this platform.Use parameter -XmyPlatform='container' to enable it ... skipped
08:09:27 WARN  Aborted test due to SKIPPED outcome
08:09:27 INFO  
08:09:27 INFO  Test duration: 0.08 secs
08:09:27 INFO  Test final outcome:  SKIPPED
08:09:27 INFO  Test outcome reason: Testing the apt plugin is not supported on this platform.Use parameter -XmyPlatform='container' to enable it
08:09:27 INFO  
</system-out>
	</testcase>
<testcase classname="AptInstallWithDownloadPath" name="SoftwareManagement.sm_apt_install_download_path">
		<failure message="BLOCKED: AssertionError:" type="BLOCKED" />
		<system-out>08:34:04 INFO  ==============================================================
08:34:04 INFO  Id:    SoftwareManagement.sm_apt_install_download_path
08:34:04 INFO  Dir:   software_management_end_to_end/
08:34:04 INFO  Title: Install package to directory specified in tedge config set tmp.path
08:34:04 INFO  ==============================================================
08:34:05 INFO  Using sw id database: {'asciijump': '5475369', 'robotfindskitten': '5474869', 'squirrel3': '5475279', 'rolldice': '5152439', 'moon-buggy': '5439204', 'apple': '5495053', 'banana': '5494888', 'cherry': '5495382', 'watermelon': '5494510', 'registry': '8018911', 'hello-world': '8021526', 'docker/getting-started': '8021973', 'alpine': '7991792'}
08:34:05 INFO  EnvironmentC8y Setup
08:34:05 INFO  Executed systemctl&lt;serv_mapper1&gt;, exit status 3
08:34:20 INFO  Executed sudo&lt;tedge_connect_c8y&gt;, exit status 0, duration 14 secs
08:34:21 INFO  Executed sudo&lt;tedge_connect_c8y_test&gt;, exit status 0
08:34:22 INFO  Executed systemctl&lt;serv_mosq2&gt;, exit status 0
08:34:23 INFO  Executed systemctl&lt;serv_mapper3&gt;, exit status 0
08:34:26 INFO  State of current operation: SUCCESSFUL
08:34:26 INFO  Assert that (False == value) with value=False ... passed
08:34:26 INFO  Executed sudo, exit status 0
08:34:27 INFO  Executed sudo, exit status 0
08:34:28 INFO  Executed sudo, exit status 0
08:34:32 INFO  Executed sudo&lt;tedge_disconnect_c8y&gt;, exit status 0
08:34:32 INFO  Restarting mosquitto too frequently in the last 10 seconds. It was only up for 4 seconds
08:34:32 INFO  Delaying execution by 7 seconds
08:34:53 INFO  Executed sudo&lt;tedge_connect_c8y&gt;, exit status 0, duration 14 secs
08:34:53 INFO  Response status: 201
08:34:53 INFO  Response to action: {
    "delivery": {
        "time": "2022-05-04T08:34:53.789Z",
        "log": [],
        "status": "PENDING"
    },
    "creationTime": "2022-05-04T08:34:53.775Z",
    "deviceName": "mythicc",
    "deviceId": "18330806",
    "self": "https://t493319102.eu-latest.cumulocity.com/devicecontrol/operations/18369887",
    "id": "18369887",
    "status": "PENDING",
    "description": "Apply software changes, triggered from PySys: [{'name': 'rolldice', 'id': '5152439', 'version': '::apt', 'url': 'https://thin-edge-io.eu-latest.cumulocity.com/inventory/binaries/12435463', 'action': 'install'}]",
    "c8y_SoftwareUpdate": [
        {
            "name": "rolldice",
            "action": "install",
            "id": "5152439",
            "version": "::apt",
            "url": "https://thin-edge-io.eu-latest.cumulocity.com/inventory/binaries/12435463"
        }
    ]
}
08:34:53 INFO  Started operation: {'delivery': {'time': '2022-05-04T08:34:53.789Z', 'log': [], 'status': 'PENDING'}, 'creationTime': '2022-05-04T08:34:53.775Z', 'deviceName': 'mythicc', 'deviceId': '18330806', 'self': 'https://t493319102.eu-latest.cumulocity.com/devicecontrol/operations/18369887', 'id': '18369887', 'status': 'PENDING', 'description': "Apply software changes, triggered from PySys: [{'name': 'rolldice', 'id': '5152439', 'version': '::apt', 'url': 'https://thin-edge-io.eu-latest.cumulocity.com/inventory/binaries/12435463', 'action': 'install'}]", 'c8y_SoftwareUpdate': [{'name': 'rolldice', 'action': 'install', 'id': '5152439', 'version': '::apt', 'url': 'https://thin-edge-io.eu-latest.cumulocity.com/inventory/binaries/12435463'}]}
08:34:53 WARN  , retrying in 0.5 seconds...
08:34:54 WARN  , retrying in 0.5 seconds...
08:34:54 WARN  , retrying in 0.5 seconds...
08:34:55 WARN  , retrying in 0.5 seconds...
08:34:55 WARN  , retrying in 0.5 seconds...
08:34:56 WARN  , retrying in 0.5 seconds...
08:34:56 WARN  , retrying in 0.5 seconds...
08:34:57 WARN  , retrying in 0.5 seconds...
08:34:57 WARN  , retrying in 0.5 seconds...
08:34:58 WARN  AssertionError occurred while running test - 
Traceback (most recent call last):
  File "/home/pi/env-pysys/lib/python3.7/site-packages/pysys/baserunner.py", line 1294, in __call__
    self.testObj.execute()
  File "/home/pi/actions-runner/_work/thin-edge.io/thin-edge.io/tests/PySys/software_management_end_to_end/sm_apt_install_download_path/run.py", line 83, in execute
    assert_install_in_download_path(install_directory=self.DOWNLOAD_DIR)
  File "/home/pi/env-pysys/lib/python3.7/site-packages/decorator.py", line 232, in fun
    return caller(func, *(extras + args), **kw)
  File "/home/pi/env-pysys/lib/python3.7/site-packages/retry/api.py", line 74, in retry_decorator
    logger)
  File "/home/pi/env-pysys/lib/python3.7/site-packages/retry/api.py", line 33, in __retry_internal
    return f()
  File "/home/pi/actions-runner/_work/thin-edge.io/thin-edge.io/tests/PySys/software_management_end_to_end/sm_apt_install_download_path/run.py", line 28, in assert_install_in_download_path
    assert "rolldice" in os.listdir(f"{install_directory}")
AssertionError
08:34:59 WARN  AssertionError: ... blocked 
08:34:59 INFO  
08:34:59 INFO  cleanup:
08:34:59 INFO  Executed sudo, exit status 0
08:35:00 INFO  Executed sudo, exit status 0
08:35:04 INFO  Executed sudo&lt;tedge_disconnect_c8y&gt;, exit status 0
08:35:04 INFO  Restarting mosquitto too frequently in the last 10 seconds. It was only up for 3 seconds
08:35:04 INFO  Delaying execution by 8 seconds
08:35:26 INFO  Executed sudo&lt;tedge_connect_c8y&gt;, exit status 0, duration 14 secs
08:35:31 INFO  Executed sudo&lt;tedge_disconnect_c8y&gt;, exit status 0
08:35:31 INFO  Executed systemctl&lt;serv_mapper5&gt;, exit status 3
08:35:31 INFO  
08:35:31 INFO  Test duration: 86.85 secs
08:35:31 INFO  Test final outcome:  BLOCKED
08:35:31 INFO  Test outcome reason: AssertionError:
08:35:31 INFO  
</system-out>
	</testcase>
<testcase classname="AptInstallWithDownloadPath" name="SoftwareManagement.sm_apt_install_download_path">
		<failure message="BLOCKED: AssertionError:" type="BLOCKED" />
		<system-out>09:01:10 INFO  ==============================================================
09:01:10 INFO  Id:    SoftwareManagement.sm_apt_install_download_path
09:01:10 INFO  Dir:   software_management_end_to_end/
09:01:10 INFO  Title: Install package to directory specified in tedge config set tmp.path
09:01:10 INFO  ==============================================================
09:01:12 INFO  Using sw id database: {'asciijump': '5475369', 'robotfindskitten': '5474869', 'squirrel3': '5475279', 'rolldice': '5152439', 'moon-buggy': '5439204', 'apple': '5495053', 'banana': '5494888', 'cherry': '5495382', 'watermelon': '5494510', 'registry': '8018911', 'hello-world': '8021526', 'docker/getting-started': '8021973', 'alpine': '7991792'}
09:01:12 INFO  EnvironmentC8y Setup
09:01:12 INFO  Executed systemctl&lt;serv_mapper1&gt;, exit status 3
09:01:27 INFO  Executed sudo&lt;tedge_connect_c8y&gt;, exit status 0, duration 14 secs
09:01:28 INFO  Executed sudo&lt;tedge_connect_c8y_test&gt;, exit status 0
09:01:28 INFO  Executed systemctl&lt;serv_mosq2&gt;, exit status 0
09:01:29 INFO  Executed systemctl&lt;serv_mapper3&gt;, exit status 0
09:01:31 INFO  State of current operation: SUCCESSFUL
09:01:31 INFO  Assert that (False == value) with value=False ... passed
09:01:32 INFO  Executed sudo, exit status 0
09:01:32 INFO  Executed sudo, exit status 0
09:01:33 INFO  Executed sudo, exit status 0
09:01:37 INFO  Executed sudo&lt;tedge_disconnect_c8y&gt;, exit status 0
09:01:37 INFO  Restarting mosquitto too frequently in the last 10 seconds. It was only up for 3 seconds
09:01:37 INFO  Delaying execution by 8 seconds
09:01:59 INFO  Executed sudo&lt;tedge_connect_c8y&gt;, exit status 0, duration 13 secs
09:01:59 INFO  Response status: 201
09:01:59 INFO  Response to action: {
    "creationTime": "2022-05-04T09:01:59.647Z",
    "deviceName": "mythicc",
    "deviceId": "18330806",
    "self": "https://t493319102.eu-latest.cumulocity.com/devicecontrol/operations/18389167",
    "id": "18389167",
    "status": "PENDING",
    "description": "Apply software changes, triggered from PySys: [{'name': 'rolldice', 'id': '5152439', 'version': '::apt', 'url': 'https://thin-edge-io.eu-latest.cumulocity.com/inventory/binaries/12435463', 'action': 'install'}]",
    "c8y_SoftwareUpdate": [
        {
            "name": "rolldice",
            "action": "install",
            "id": "5152439",
            "version": "::apt",
            "url": "https://thin-edge-io.eu-latest.cumulocity.com/inventory/binaries/12435463"
        }
    ]
}
09:01:59 INFO  Started operation: {'creationTime': '2022-05-04T09:01:59.647Z', 'deviceName': 'mythicc', 'deviceId': '18330806', 'self': 'https://t493319102.eu-latest.cumulocity.com/devicecontrol/operations/18389167', 'id': '18389167', 'status': 'PENDING', 'description': "Apply software changes, triggered from PySys: [{'name': 'rolldice', 'id': '5152439', 'version': '::apt', 'url': 'https://thin-edge-io.eu-latest.cumulocity.com/inventory/binaries/12435463', 'action': 'install'}]", 'c8y_SoftwareUpdate': [{'name': 'rolldice', 'action': 'install', 'id': '5152439', 'version': '::apt', 'url': 'https://thin-edge-io.eu-latest.cumulocity.com/inventory/binaries/12435463'}]}
09:01:59 WARN  , retrying in 0.5 seconds...
09:02:00 WARN  , retrying in 0.5 seconds...
09:02:00 WARN  , retrying in 0.5 seconds...
09:02:01 WARN  , retrying in 0.5 seconds...
09:02:01 WARN  , retrying in 0.5 seconds...
09:02:02 WARN  , retrying in 0.5 seconds...
09:02:02 WARN  , retrying in 0.5 seconds...
09:02:03 WARN  , retrying in 0.5 seconds...
09:02:03 WARN  , retrying in 0.5 seconds...
09:02:04 WARN  AssertionError occurred while running test - 
Traceback (most recent call last):
  File "/home/pi/env-pysys/lib/python3.7/site-packages/pysys/baserunner.py", line 1294, in __call__
    self.testObj.execute()
  File "/home/pi/actions-runner/_work/thin-edge.io/thin-edge.io/tests/PySys/software_management_end_to_end/sm_apt_install_download_path/run.py", line 83, in execute
    assert_install_in_download_path(install_directory=self.DOWNLOAD_DIR)
  File "/home/pi/env-pysys/lib/python3.7/site-packages/decorator.py", line 232, in fun
    return caller(func, *(extras + args), **kw)
  File "/home/pi/env-pysys/lib/python3.7/site-packages/retry/api.py", line 74, in retry_decorator
    logger)
  File "/home/pi/env-pysys/lib/python3.7/site-packages/retry/api.py", line 33, in __retry_internal
    return f()
  File "/home/pi/actions-runner/_work/thin-edge.io/thin-edge.io/tests/PySys/software_management_end_to_end/sm_apt_install_download_path/run.py", line 28, in assert_install_in_download_path
    assert "rolldice" in os.listdir(f"{install_directory}")
AssertionError
09:02:04 WARN  AssertionError: ... blocked 
09:02:04 INFO  
09:02:04 INFO  cleanup:
09:02:05 INFO  Executed sudo, exit status 0
09:02:05 INFO  Executed sudo, exit status 0
09:02:10 INFO  Executed sudo&lt;tedge_disconnect_c8y&gt;, exit status 0
09:02:10 INFO  Restarting mosquitto too frequently in the last 10 seconds. It was only up for 5 seconds
09:02:10 INFO  Delaying execution by 6 seconds
09:02:30 INFO  Executed sudo&lt;tedge_connect_c8y&gt;, exit status 0, duration 13 secs
09:02:35 INFO  Executed sudo&lt;tedge_disconnect_c8y&gt;, exit status 0
09:02:35 INFO  Executed systemctl&lt;serv_mapper5&gt;, exit status 3
09:02:35 INFO  
09:02:35 INFO  Test duration: 85.12 secs
09:02:35 INFO  Test final outcome:  BLOCKED
09:02:35 INFO  Test outcome reason: AssertionError:
09:02:35 INFO  
</system-out>
	</testcase>
</testsuite><testsuite name="SoftwareManagement.sm_apt_install_fail" tests="3" errors="0" failures="0" skipped="1" time="0"><testcase classname="PySysTest" name="SoftwareManagement.sm_apt_install_fail">
		<skipped message="SKIPPED: Testing the apt plugin is not supported on this platform.Use parameter -XmyPlatform='container' to enable it" />
		<system-out>08:09:27 INFO  ==============================================================
08:09:27 INFO  Id:    SoftwareManagement.sm_apt_install_fail
08:09:27 INFO  Dir:   software_management_end_to_end/
08:09:27 INFO  Title: Validate end to end behaviour for a failing installation
08:09:27 INFO  ==============================================================
08:09:27 INFO  Testing the apt plugin is not supported on this platform.Use parameter -XmyPlatform='container' to enable it ... skipped
08:09:27 WARN  Aborted test due to SKIPPED outcome
08:09:27 INFO  
08:09:27 INFO  Test duration: 0.02 secs
08:09:27 INFO  Test final outcome:  SKIPPED
08:09:27 INFO  Test outcome reason: Testing the apt plugin is not supported on this platform.Use parameter -XmyPlatform='container' to enable it
08:09:27 INFO  
</system-out>
	</testcase>
<testcase classname="PySysTest" name="SoftwareManagement.sm_apt_install_fail" />
<testcase classname="PySysTest" name="SoftwareManagement.sm_apt_install_fail" />
</testsuite><testsuite name="SoftwareManagement.sm_apt_install_remove" tests="3" errors="0" failures="0" skipped="1" time="0"><testcase classname="PySysTest" name="SoftwareManagement.sm_apt_install_remove">
		<skipped message="SKIPPED: Testing the apt plugin is not supported on this platform.Use parameter -XmyPlatform='container' to enable it" />
		<system-out>08:09:27 INFO  ==============================================================
08:09:27 INFO  Id:    SoftwareManagement.sm_apt_install_remove
08:09:27 INFO  Dir:   software_management_end_to_end/
08:09:27 INFO  Title: Validate end to end behaviour for the apt plugin for installation and removal of packages
08:09:27 INFO  ==============================================================
08:09:27 INFO  Testing the apt plugin is not supported on this platform.Use parameter -XmyPlatform='container' to enable it ... skipped
08:09:27 WARN  Aborted test due to SKIPPED outcome
08:09:27 INFO  
08:09:27 INFO  Test duration: 0.02 secs
08:09:27 INFO  Test final outcome:  SKIPPED
08:09:27 INFO  Test outcome reason: Testing the apt plugin is not supported on this platform.Use parameter -XmyPlatform='container' to enable it
08:09:27 INFO  
</system-out>
	</testcase>
<testcase classname="PySysTest" name="SoftwareManagement.sm_apt_install_remove" />
<testcase classname="PySysTest" name="SoftwareManagement.sm_apt_install_remove" />
</testsuite><testsuite name="SoftwareManagement.sm_apt_install_remove_default" tests="3" errors="0" failures="0" skipped="1" time="0"><testcase classname="PySysTest" name="SoftwareManagement.sm_apt_install_remove_default">
		<skipped message="SKIPPED: Testing the apt plugin is not supported on this platform.Use parameter -XmyPlatform='container' to enable it" />
		<system-out>08:09:27 INFO  ==============================================================
08:09:27 INFO  Id:    SoftwareManagement.sm_apt_install_remove_default
08:09:27 INFO  Dir:   software_management_end_to_end/
08:09:27 INFO  Title: Validate end to end behaviour for the default plugin for installation and removal of packages
08:09:27 INFO  ==============================================================
08:09:27 INFO  Testing the apt plugin is not supported on this platform.Use parameter -XmyPlatform='container' to enable it ... skipped
08:09:27 WARN  Aborted test due to SKIPPED outcome
08:09:27 INFO  
08:09:27 INFO  Test duration: 0.02 secs
08:09:27 INFO  Test final outcome:  SKIPPED
08:09:27 INFO  Test outcome reason: Testing the apt plugin is not supported on this platform.Use parameter -XmyPlatform='container' to enable it
08:09:27 INFO  
</system-out>
	</testcase>
<testcase classname="PySysTest" name="SoftwareManagement.sm_apt_install_remove_default" />
<testcase classname="PySysTest" name="SoftwareManagement.sm_apt_install_remove_default" />
</testsuite><testsuite name="SoftwareManagement.sm_apt_install_remove_multiple" tests="3" errors="0" failures="2" skipped="1" time="0"><testcase classname="PySysTest" name="SoftwareManagement.sm_apt_install_remove_multiple">
		<skipped message="SKIPPED: Testing the apt plugin is not supported on this platform.Use parameter -XmyPlatform='container' to enable it" />
		<system-out>08:09:27 INFO  ==============================================================
08:09:27 INFO  Id:    SoftwareManagement.sm_apt_install_remove_multiple
08:09:27 INFO  Dir:   software_management_end_to_end/
08:09:27 INFO  Title: Validate end to end behaviour for the apt plugin for multiple packages
08:09:27 INFO  ==============================================================
08:09:27 INFO  Testing the apt plugin is not supported on this platform.Use parameter -XmyPlatform='container' to enable it ... skipped
08:09:27 WARN  Aborted test due to SKIPPED outcome
08:09:27 INFO  
08:09:27 INFO  Test duration: 0.02 secs
08:09:27 INFO  Test final outcome:  SKIPPED
08:09:27 INFO  Test outcome reason: Testing the apt plugin is not supported on this platform.Use parameter -XmyPlatform='container' to enable it
08:09:27 INFO  
</system-out>
	</testcase>
<testcase classname="PySysTest" name="SoftwareManagement.sm_apt_install_remove_multiple">
		<failure message="FAILED: Assert that (False == value) with value=True" type="FAILED" />
		<system-out>08:42:28 INFO  ==============================================================
08:42:28 INFO  Id:    SoftwareManagement.sm_apt_install_remove_multiple
08:42:28 INFO  Dir:   software_management_end_to_end/
08:42:28 INFO  Title: Validate end to end behaviour for the apt plugin for multiple packages
08:42:28 INFO  ==============================================================
08:42:28 INFO  Using sw id database: {'asciijump': '5475369', 'robotfindskitten': '5474869', 'squirrel3': '5475279', 'rolldice': '5152439', 'moon-buggy': '5439204', 'apple': '5495053', 'banana': '5494888', 'cherry': '5495382', 'watermelon': '5494510', 'registry': '8018911', 'hello-world': '8021526', 'docker/getting-started': '8021973', 'alpine': '7991792'}
08:42:28 INFO  EnvironmentC8y Setup
08:42:29 INFO  Executed systemctl&lt;serv_mapper1&gt;, exit status 3
08:42:29 INFO  Restarting mosquitto too frequently in the last 10 seconds. It was only up for 5 seconds
08:42:29 INFO  Delaying execution by 6 seconds
08:42:49 INFO  Executed sudo&lt;tedge_connect_c8y&gt;, exit status 0, duration 14 secs
08:42:50 INFO  Executed sudo&lt;tedge_connect_c8y_test&gt;, exit status 0
08:42:50 INFO  Executed systemctl&lt;serv_mosq2&gt;, exit status 0
08:42:51 INFO  Executed systemctl&lt;serv_mapper3&gt;, exit status 0
08:42:53 INFO  State of current operation: SUCCESSFUL
08:42:53 INFO  Assert that (False == value) with value=False ... passed
08:42:53 INFO  Assert that (False == value) with value=False ... passed
08:42:53 INFO  Assert that (False == value) with value=False ... passed
08:42:54 INFO  Package robotfindskitten is installed
08:42:54 WARN  Assert that (False == value) with value=True ... failed 
08:42:54 INFO  Response status: 201
08:42:54 INFO  Response to action: {
    "creationTime": "2022-05-04T08:42:54.477Z",
    "deviceName": "mythicc",
    "deviceId": "18330806",
    "self": "https://t493319102.eu-latest.cumulocity.com/devicecontrol/operations/18369982",
    "id": "18369982",
    "status": "PENDING",
    "description": "Apply software changes, triggered from PySys: [{'action': 'install', 'id': '5475369', 'name': 'asciijump', 'url': ' ', 'version': '::apt'}, {'action': 'install', 'id': '5474869', 'name': 'robotfindskitten', 'url': ' ', 'version': '::apt'}, {'action': 'install', 'id': '5475279', 'name': 'squirrel3', 'url': ' ', 'version': '::apt'}]",
    "c8y_SoftwareUpdate": [
        {
            "name": "asciijump",
            "action": "install",
            "id": "5475369",
            "version": "::apt",
            "url": " "
        },
        {
            "name": "robotfindskitten",
            "action": "install",
            "id": "5474869",
            "version": "::apt",
            "url": " "
        },
        {
            "name": "squirrel3",
            "action": "install",
            "id": "5475279",
            "version": "::apt",
            "url": " "
        }
    ]
}
08:42:54 INFO  Started operation: {'creationTime': '2022-05-04T08:42:54.477Z', 'deviceName': 'mythicc', 'deviceId': '18330806', 'self': 'https://t493319102.eu-latest.cumulocity.com/devicecontrol/operations/18369982', 'id': '18369982', 'status': 'PENDING', 'description': "Apply software changes, triggered from PySys: [{'action': 'install', 'id': '5475369', 'name': 'asciijump', 'url': ' ', 'version': '::apt'}, {'action': 'install', 'id': '5474869', 'name': 'robotfindskitten', 'url': ' ', 'version': '::apt'}, {'action': 'install', 'id': '5475279', 'name': 'squirrel3', 'url': ' ', 'version': '::apt'}]", 'c8y_SoftwareUpdate': [{'name': 'asciijump', 'action': 'install', 'id': '5475369', 'version': '::apt', 'url': ' '}, {'name': 'robotfindskitten', 'action': 'install', 'id': '5474869', 'version': '::apt', 'url': ' '}, {'name': 'squirrel3', 'action': 'install', 'id': '5475279', 'version': '::apt', 'url': ' '}]}
08:42:56 INFO  State of operation 18369982 : PENDING
08:42:58 INFO  State of operation 18369982 : EXECUTING
08:43:01 INFO  State of operation 18369982 : EXECUTING
08:43:03 INFO  State of operation 18369982 : EXECUTING
08:43:05 INFO  State of operation 18369982 : EXECUTING
08:43:07 INFO  State of operation 18369982 : EXECUTING
08:43:10 INFO  State of operation 18369982 : EXECUTING
08:43:13 INFO  State of operation 18369982 : EXECUTING
08:43:15 INFO  State of operation 18369982 : EXECUTING
08:43:17 INFO  State of operation 18369982 : EXECUTING
08:43:20 INFO  State of operation 18369982 : EXECUTING
08:43:22 INFO  State of operation 18369982 : EXECUTING
08:43:24 INFO  State of operation 18369982 : EXECUTING
08:43:26 INFO  State of operation 18369982 : EXECUTING
08:43:29 INFO  State of operation 18369982 : EXECUTING
08:43:31 INFO  State of operation 18369982 : EXECUTING
08:43:33 INFO  State of operation 18369982 : EXECUTING
08:43:36 INFO  State of operation 18369982 : EXECUTING
08:43:38 INFO  State of operation 18369982 : EXECUTING
08:43:41 INFO  State of operation 18369982 : EXECUTING
08:43:43 INFO  State of operation 18369982 : EXECUTING
08:43:45 INFO  State of operation 18369982 : EXECUTING
08:43:47 INFO  State of operation 18369982 : EXECUTING
08:43:50 INFO  State of operation 18369982 : EXECUTING
08:43:52 INFO  State of operation 18369982 : EXECUTING
08:43:54 INFO  State of operation 18369982 : EXECUTING
08:43:57 INFO  State of operation 18369982 : EXECUTING
08:43:59 INFO  State of operation 18369982 : EXECUTING
08:44:02 INFO  State of operation 18369982 : EXECUTING
08:44:04 INFO  State of operation 18369982 : EXECUTING
08:44:07 INFO  State of operation 18369982 : EXECUTING
08:44:09 INFO  State of operation 18369982 : EXECUTING
08:44:11 INFO  State of operation 18369982 : EXECUTING
08:44:13 INFO  State of operation 18369982 : EXECUTING
08:44:16 INFO  State of operation 18369982 : EXECUTING
08:44:18 INFO  State of operation 18369982 : SUCCESSFUL
08:44:18 INFO  Assert that (False == value) with value=False ... passed
08:44:18 INFO  Package asciijump is installed
08:44:18 INFO  Assert that (True == value) with value=True ... passed
08:44:19 INFO  Package squirrel3 is installed
08:44:19 INFO  Assert that (True == value) with value=True ... passed
08:44:19 INFO  Package robotfindskitten is installed
08:44:19 INFO  Assert that (True == value) with value=True ... passed
08:44:19 INFO  Response status: 201
08:44:19 INFO  Response to action: {
    "creationTime": "2022-05-04T08:44:19.415Z",
    "deviceName": "mythicc",
    "deviceId": "18330806",
    "self": "https://t493319102.eu-latest.cumulocity.com/devicecontrol/operations/18369992",
    "id": "18369992",
    "status": "PENDING",
    "description": "Apply software changes, triggered from PySys: [{'action': 'delete', 'id': '5475369', 'name': 'asciijump', 'url': ' ', 'version': '::apt'}, {'action': 'delete', 'id': '5474869', 'name': 'robotfindskitten', 'url': ' ', 'version': '::apt'}, {'action': 'delete', 'id': '5475279', 'name': 'squirrel3', 'url': ' ', 'version': '::apt'}]",
    "c8y_SoftwareUpdate": [
        {
            "name": "asciijump",
            "action": "delete",
            "id": "5475369",
            "version": "::apt",
            "url": " "
        },
        {
            "name": "robotfindskitten",
            "action": "delete",
            "id": "5474869",
            "version": "::apt",
            "url": " "
        },
        {
            "name": "squirrel3",
            "action": "delete",
            "id": "5475279",
            "version": "::apt",
            "url": " "
        }
    ]
}
08:44:19 INFO  Started operation: {'creationTime': '2022-05-04T08:44:19.415Z', 'deviceName': 'mythicc', 'deviceId': '18330806', 'self': 'https://t493319102.eu-latest.cumulocity.com/devicecontrol/operations/18369992', 'id': '18369992', 'status': 'PENDING', 'description': "Apply software changes, triggered from PySys: [{'action': 'delete', 'id': '5475369', 'name': 'asciijump', 'url': ' ', 'version': '::apt'}, {'action': 'delete', 'id': '5474869', 'name': 'robotfindskitten', 'url': ' ', 'version': '::apt'}, {'action': 'delete', 'id': '5475279', 'name': 'squirrel3', 'url': ' ', 'version': '::apt'}]", 'c8y_SoftwareUpdate': [{'name': 'asciijump', 'action': 'delete', 'id': '5475369', 'version': '::apt', 'url': ' '}, {'name': 'robotfindskitten', 'action': 'delete', 'id': '5474869', 'version': '::apt', 'url': ' '}, {'name': 'squirrel3', 'action': 'delete', 'id': '5475279', 'version': '::apt', 'url': ' '}]}
08:44:21 INFO  State of operation 18369992 : PENDING
08:44:24 INFO  State of operation 18369992 : EXECUTING
08:44:26 INFO  State of operation 18369992 : EXECUTING
08:44:28 INFO  State of operation 18369992 : EXECUTING
08:44:30 INFO  State of operation 18369992 : EXECUTING
08:44:32 INFO  State of operation 18369992 : EXECUTING
08:44:35 INFO  State of operation 18369992 : EXECUTING
08:44:39 INFO  State of operation 18369992 : EXECUTING
08:44:41 INFO  State of operation 18369992 : EXECUTING
08:44:43 INFO  State of operation 18369992 : EXECUTING
08:44:45 INFO  State of operation 18369992 : EXECUTING
08:44:48 INFO  State of operation 18369992 : EXECUTING
08:44:50 INFO  State of operation 18369992 : EXECUTING
08:44:52 INFO  State of operation 18369992 : EXECUTING
08:44:55 INFO  State of operation 18369992 : EXECUTING
08:44:57 INFO  State of operation 18369992 : EXECUTING
08:44:59 INFO  State of operation 18369992 : EXECUTING
08:45:02 INFO  State of operation 18369992 : EXECUTING
08:45:04 INFO  State of operation 18369992 : EXECUTING
08:45:06 INFO  State of operation 18369992 : EXECUTING
08:45:09 INFO  State of operation 18369992 : EXECUTING
08:45:11 INFO  State of operation 18369992 : EXECUTING
08:45:13 INFO  State of operation 18369992 : EXECUTING
08:45:15 INFO  State of operation 18369992 : EXECUTING
08:45:18 INFO  State of operation 18369992 : EXECUTING
08:45:20 INFO  State of operation 18369992 : EXECUTING
08:45:23 INFO  State of operation 18369992 : EXECUTING
08:45:25 INFO  State of operation 18369992 : EXECUTING
08:45:27 INFO  State of operation 18369992 : SUCCESSFUL
08:45:28 INFO  Assert that (False == value) with value=False ... passed
08:45:28 INFO  Assert that (False == value) with value=False ... passed
08:45:28 INFO  Assert that (False == value) with value=False ... passed
08:45:28 INFO  Assert that (False == value) with value=False ... passed
08:45:28 INFO  
08:45:28 INFO  cleanup:
08:45:33 INFO  Executed sudo&lt;tedge_disconnect_c8y&gt;, exit status 0
08:45:33 INFO  Executed systemctl&lt;serv_mapper5&gt;, exit status 3
08:45:33 INFO  
08:45:33 INFO  Test duration: 185.07 secs
08:45:33 INFO  Test final outcome:  FAILED
08:45:33 INFO  Test outcome reason: Assert that (False == value) with value=True
08:45:33 INFO  
</system-out>
	</testcase>
<testcase classname="PySysTest" name="SoftwareManagement.sm_apt_install_remove_multiple">
		<failure message="FAILED: Assert that (False == value) with value=True (+2 other failures)" type="FAILED" />
		<system-out>09:09:23 INFO  ==============================================================
09:09:23 INFO  Id:    SoftwareManagement.sm_apt_install_remove_multiple
09:09:23 INFO  Dir:   software_management_end_to_end/
09:09:23 INFO  Title: Validate end to end behaviour for the apt plugin for multiple packages
09:09:23 INFO  ==============================================================
09:09:23 INFO  Using sw id database: {'asciijump': '5475369', 'robotfindskitten': '5474869', 'squirrel3': '5475279', 'rolldice': '5152439', 'moon-buggy': '5439204', 'apple': '5495053', 'banana': '5494888', 'cherry': '5495382', 'watermelon': '5494510', 'registry': '8018911', 'hello-world': '8021526', 'docker/getting-started': '8021973', 'alpine': '7991792'}
09:09:23 INFO  EnvironmentC8y Setup
09:09:23 INFO  Executed systemctl&lt;serv_mapper1&gt;, exit status 3
09:09:23 INFO  Restarting mosquitto too frequently in the last 10 seconds. It was only up for 5 seconds
09:09:23 INFO  Delaying execution by 6 seconds
09:09:44 INFO  Executed sudo&lt;tedge_connect_c8y&gt;, exit status 0, duration 14 secs
09:09:45 INFO  Executed sudo&lt;tedge_connect_c8y_test&gt;, exit status 0
09:09:45 INFO  Executed systemctl&lt;serv_mosq2&gt;, exit status 0
09:09:46 INFO  Executed systemctl&lt;serv_mapper3&gt;, exit status 0
09:09:48 INFO  State of current operation: SUCCESSFUL
09:09:48 INFO  Assert that (False == value) with value=False ... passed
09:09:48 INFO  Package asciijump is installed
09:09:48 WARN  Assert that (False == value) with value=True ... failed 
09:09:49 INFO  Package squirrel3 is installed
09:09:49 WARN  Assert that (False == value) with value=True ... failed 
09:09:49 INFO  Package robotfindskitten is installed
09:09:49 WARN  Assert that (False == value) with value=True ... failed 
09:09:49 INFO  Response status: 201
09:09:49 INFO  Response to action: {
    "delivery": {
        "time": "2022-05-04T09:09:49.512Z",
        "log": [],
        "status": "PENDING"
    },
    "creationTime": "2022-05-04T09:09:49.494Z",
    "deviceName": "mythicc",
    "deviceId": "18330806",
    "self": "https://t493319102.eu-latest.cumulocity.com/devicecontrol/operations/18389326",
    "id": "18389326",
    "status": "PENDING",
    "description": "Apply software changes, triggered from PySys: [{'action': 'install', 'id': '5475369', 'name': 'asciijump', 'url': ' ', 'version': '::apt'}, {'action': 'install', 'id': '5474869', 'name': 'robotfindskitten', 'url': ' ', 'version': '::apt'}, {'action': 'install', 'id': '5475279', 'name': 'squirrel3', 'url': ' ', 'version': '::apt'}]",
    "c8y_SoftwareUpdate": [
        {
            "name": "asciijump",
            "action": "install",
            "id": "5475369",
            "version": "::apt",
            "url": " "
        },
        {
            "name": "robotfindskitten",
            "action": "install",
            "id": "5474869",
            "version": "::apt",
            "url": " "
        },
        {
            "name": "squirrel3",
            "action": "install",
            "id": "5475279",
            "version": "::apt",
            "url": " "
        }
    ]
}
09:09:49 INFO  Started operation: {'delivery': {'time': '2022-05-04T09:09:49.512Z', 'log': [], 'status': 'PENDING'}, 'creationTime': '2022-05-04T09:09:49.494Z', 'deviceName': 'mythicc', 'deviceId': '18330806', 'self': 'https://t493319102.eu-latest.cumulocity.com/devicecontrol/operations/18389326', 'id': '18389326', 'status': 'PENDING', 'description': "Apply software changes, triggered from PySys: [{'action': 'install', 'id': '5475369', 'name': 'asciijump', 'url': ' ', 'version': '::apt'}, {'action': 'install', 'id': '5474869', 'name': 'robotfindskitten', 'url': ' ', 'version': '::apt'}, {'action': 'install', 'id': '5475279', 'name': 'squirrel3', 'url': ' ', 'version': '::apt'}]", 'c8y_SoftwareUpdate': [{'name': 'asciijump', 'action': 'install', 'id': '5475369', 'version': '::apt', 'url': ' '}, {'name': 'robotfindskitten', 'action': 'install', 'id': '5474869', 'version': '::apt', 'url': ' '}, {'name': 'squirrel3', 'action': 'install', 'id': '5475279', 'version': '::apt', 'url': ' '}]}
09:09:51 INFO  State of operation 18389326 : PENDING
09:09:53 INFO  State of operation 18389326 : EXECUTING
09:09:56 INFO  State of operation 18389326 : EXECUTING
09:09:58 INFO  State of operation 18389326 : EXECUTING
09:10:00 INFO  State of operation 18389326 : EXECUTING
09:10:03 INFO  State of operation 18389326 : EXECUTING
09:10:05 INFO  State of operation 18389326 : EXECUTING
09:10:08 INFO  State of operation 18389326 : EXECUTING
09:10:10 INFO  State of operation 18389326 : EXECUTING
09:10:13 INFO  State of operation 18389326 : EXECUTING
09:10:15 INFO  State of operation 18389326 : EXECUTING
09:10:17 INFO  State of operation 18389326 : EXECUTING
09:10:20 INFO  State of operation 18389326 : EXECUTING
09:10:22 INFO  State of operation 18389326 : EXECUTING
09:10:24 INFO  State of operation 18389326 : EXECUTING
09:10:26 INFO  State of operation 18389326 : SUCCESSFUL
09:10:26 INFO  Assert that (False == value) with value=False ... passed
09:10:27 INFO  Package asciijump is installed
09:10:27 INFO  Assert that (True == value) with value=True ... passed
09:10:27 INFO  Package squirrel3 is installed
09:10:27 INFO  Assert that (True == value) with value=True ... passed
09:10:27 INFO  Package robotfindskitten is installed
09:10:27 INFO  Assert that (True == value) with value=True ... passed
09:10:27 INFO  Response status: 201
09:10:27 INFO  Response to action: {
    "delivery": {
        "time": "2022-05-04T09:10:27.777Z",
        "log": [],
        "status": "PENDING"
    },
    "creationTime": "2022-05-04T09:10:27.763Z",
    "deviceName": "mythicc",
    "deviceId": "18330806",
    "self": "https://t493319102.eu-latest.cumulocity.com/devicecontrol/operations/18389347",
    "id": "18389347",
    "status": "PENDING",
    "description": "Apply software changes, triggered from PySys: [{'action': 'delete', 'id': '5475369', 'name': 'asciijump', 'url': ' ', 'version': '::apt'}, {'action': 'delete', 'id': '5474869', 'name': 'robotfindskitten', 'url': ' ', 'version': '::apt'}, {'action': 'delete', 'id': '5475279', 'name': 'squirrel3', 'url': ' ', 'version': '::apt'}]",
    "c8y_SoftwareUpdate": [
        {
            "name": "asciijump",
            "action": "delete",
            "id": "5475369",
            "version": "::apt",
            "url": " "
        },
        {
            "name": "robotfindskitten",
            "action": "delete",
            "id": "5474869",
            "version": "::apt",
            "url": " "
        },
        {
            "name": "squirrel3",
            "action": "delete",
            "id": "5475279",
            "version": "::apt",
            "url": " "
        }
    ]
}
09:10:27 INFO  Started operation: {'delivery': {'time': '2022-05-04T09:10:27.777Z', 'log': [], 'status': 'PENDING'}, 'creationTime': '2022-05-04T09:10:27.763Z', 'deviceName': 'mythicc', 'deviceId': '18330806', 'self': 'https://t493319102.eu-latest.cumulocity.com/devicecontrol/operations/18389347', 'id': '18389347', 'status': 'PENDING', 'description': "Apply software changes, triggered from PySys: [{'action': 'delete', 'id': '5475369', 'name': 'asciijump', 'url': ' ', 'version': '::apt'}, {'action': 'delete', 'id': '5474869', 'name': 'robotfindskitten', 'url': ' ', 'version': '::apt'}, {'action': 'delete', 'id': '5475279', 'name': 'squirrel3', 'url': ' ', 'version': '::apt'}]", 'c8y_SoftwareUpdate': [{'name': 'asciijump', 'action': 'delete', 'id': '5475369', 'version': '::apt', 'url': ' '}, {'name': 'robotfindskitten', 'action': 'delete', 'id': '5474869', 'version': '::apt', 'url': ' '}, {'name': 'squirrel3', 'action': 'delete', 'id': '5475279', 'version': '::apt', 'url': ' '}]}
09:10:30 INFO  State of operation 18389347 : PENDING
09:10:32 INFO  State of operation 18389347 : EXECUTING
09:10:34 INFO  State of operation 18389347 : EXECUTING
09:10:36 INFO  State of operation 18389347 : EXECUTING
09:10:38 INFO  State of operation 18389347 : EXECUTING
09:10:41 INFO  State of operation 18389347 : EXECUTING
09:10:43 INFO  State of operation 18389347 : EXECUTING
09:10:45 INFO  State of operation 18389347 : EXECUTING
09:10:48 INFO  State of operation 18389347 : EXECUTING
09:10:51 INFO  State of operation 18389347 : EXECUTING
09:10:53 INFO  State of operation 18389347 : EXECUTING
09:10:55 INFO  State of operation 18389347 : EXECUTING
09:10:57 INFO  State of operation 18389347 : EXECUTING
09:11:00 INFO  State of operation 18389347 : EXECUTING
09:11:02 INFO  State of operation 18389347 : EXECUTING
09:11:04 INFO  State of operation 18389347 : EXECUTING
09:11:06 INFO  State of operation 18389347 : EXECUTING
09:11:09 INFO  State of operation 18389347 : EXECUTING
09:11:11 INFO  State of operation 18389347 : EXECUTING
09:11:14 INFO  State of operation 18389347 : EXECUTING
09:11:16 INFO  State of operation 18389347 : EXECUTING
09:11:18 INFO  State of operation 18389347 : EXECUTING
09:11:20 INFO  State of operation 18389347 : EXECUTING
09:11:23 INFO  State of operation 18389347 : EXECUTING
09:11:25 INFO  State of operation 18389347 : EXECUTING
09:11:27 INFO  State of operation 18389347 : EXECUTING
09:11:30 INFO  State of operation 18389347 : EXECUTING
09:11:32 INFO  State of operation 18389347 : EXECUTING
09:11:35 INFO  State of operation 18389347 : EXECUTING
09:11:37 INFO  State of operation 18389347 : EXECUTING
09:11:39 INFO  State of operation 18389347 : SUCCESSFUL
09:11:40 INFO  Assert that (False == value) with value=False ... passed
09:11:40 INFO  Assert that (False == value) with value=False ... passed
09:11:40 INFO  Assert that (False == value) with value=False ... passed
09:11:40 INFO  Assert that (False == value) with value=False ... passed
09:11:40 INFO  
09:11:40 INFO  cleanup:
09:11:45 INFO  Executed sudo&lt;tedge_disconnect_c8y&gt;, exit status 0
09:11:46 INFO  Executed systemctl&lt;serv_mapper5&gt;, exit status 3
09:11:46 INFO  
09:11:46 INFO  Test duration: 142.91 secs
09:11:46 INFO  Test final outcome:  FAILED
09:11:46 INFO  Test outcome reason: Assert that (False == value) with value=True (+2 other failures)
09:11:46 INFO  
</system-out>
	</testcase>
</testsuite><testsuite name="SoftwareManagement.sm_apt_install_remove_multiple_mixed" tests="3" errors="0" failures="2" skipped="1" time="0"><testcase classname="PySysTest" name="SoftwareManagement.sm_apt_install_remove_multiple_mixed">
		<skipped message="SKIPPED: Testing the apt plugin is not supported on this platform.Use parameter -XmyPlatform='container' to enable it" />
		<system-out>08:09:27 INFO  ==============================================================
08:09:27 INFO  Id:    SoftwareManagement.sm_apt_install_remove_multiple_mixed
08:09:27 INFO  Dir:   software_management_end_to_end/
08:09:27 INFO  Title: Validate end to end behaviour for the apt plugin for multiple packages with mixed versions
08:09:27 INFO  ==============================================================
08:09:27 INFO  Testing the apt plugin is not supported on this platform.Use parameter -XmyPlatform='container' to enable it ... skipped
08:09:27 WARN  Aborted test due to SKIPPED outcome
08:09:27 INFO  
08:09:27 INFO  Test duration: 0.02 secs
08:09:27 INFO  Test final outcome:  SKIPPED
08:09:27 INFO  Test outcome reason: Testing the apt plugin is not supported on this platform.Use parameter -XmyPlatform='container' to enable it
08:09:27 INFO  
</system-out>
	</testcase>
<testcase classname="PySysTest" name="SoftwareManagement.sm_apt_install_remove_multiple_mixed">
		<failure message="BLOCKED: SystemError: Timeout while waiting for status SUCCESSFUL or False" type="BLOCKED" />
		<system-out>08:45:33 INFO  ==============================================================
08:45:33 INFO  Id:    SoftwareManagement.sm_apt_install_remove_multiple_mixed
08:45:33 INFO  Dir:   software_management_end_to_end/
08:45:33 INFO  Title: Validate end to end behaviour for the apt plugin for multiple packages with mixed versions
08:45:33 INFO  ==============================================================
08:45:33 INFO  Using sw id database: {'asciijump': '5475369', 'robotfindskitten': '5474869', 'squirrel3': '5475279', 'rolldice': '5152439', 'moon-buggy': '5439204', 'apple': '5495053', 'banana': '5494888', 'cherry': '5495382', 'watermelon': '5494510', 'registry': '8018911', 'hello-world': '8021526', 'docker/getting-started': '8021973', 'alpine': '7991792'}
08:45:33 INFO  EnvironmentC8y Setup
08:45:34 INFO  Executed systemctl&lt;serv_mapper1&gt;, exit status 3
08:45:34 INFO  Restarting mosquitto too frequently in the last 10 seconds. It was only up for 5 seconds
08:45:34 INFO  Delaying execution by 6 seconds
08:45:54 INFO  Executed sudo&lt;tedge_connect_c8y&gt;, exit status 0, duration 14 secs
08:45:55 INFO  Executed sudo&lt;tedge_connect_c8y_test&gt;, exit status 0
08:45:55 INFO  Executed systemctl&lt;serv_mosq2&gt;, exit status 0
08:45:55 INFO  Executed systemctl&lt;serv_mapper3&gt;, exit status 0
08:45:58 INFO  State of current operation: SUCCESSFUL
08:45:58 INFO  Assert that (False == value) with value=False ... passed
08:45:58 INFO  Assert that (False == value) with value=False ... passed
08:45:58 INFO  Assert that (False == value) with value=False ... passed
08:45:59 INFO  Assert that (False == value) with value=False ... passed
08:45:59 INFO  Assert that (False == value) with value=False ... passed
08:46:00 INFO  Response status: 201
08:46:00 INFO  Response to action: {
    "creationTime": "2022-05-04T08:46:00.487Z",
    "deviceName": "mythicc",
    "deviceId": "18330806",
    "self": "https://t493319102.eu-latest.cumulocity.com/devicecontrol/operations/18370010",
    "id": "18370010",
    "status": "PENDING",
    "description": "Apply software changes, triggered from PySys: [{'action': 'install', 'id': '5475369', 'name': 'asciijump', 'url': ' ', 'version': '::apt'}, {'action': 'install', 'id': '5474869', 'name': 'robotfindskitten', 'url': ' ', 'version': ' '}, {'action': 'install', 'id': '5475279', 'name': 'squirrel3', 'url': ' ', 'version': '3.1-7::apt'}, {'action': 'install', 'id': '5152439', 'name': 'rolldice', 'url': ' ', 'version': '1.16-1+b1'}, {'action': 'install', 'id': '5439204', 'name': 'moon-buggy', 'url': ' ', 'version': '1:1.0.51-12'}, {'action': 'install', 'id': '5475369', 'name': 'asciijump', 'url': ' ', 'version': '::apt'}]",
    "c8y_SoftwareUpdate": [
        {
            "name": "asciijump",
            "action": "install",
            "id": "5475369",
            "version": "::apt",
            "url": " "
        },
        {
            "name": "robotfindskitten",
            "action": "install",
            "id": "5474869",
            "version": " ",
            "url": " "
        },
        {
            "name": "squirrel3",
            "action": "install",
            "id": "5475279",
            "version": "3.1-7::apt",
            "url": " "
        },
        {
            "name": "rolldice",
            "action": "install",
            "id": "5152439",
            "version": "1.16-1+b1",
            "url": " "
        },
        {
            "name": "moon-buggy",
            "action": "install",
            "id": "5439204",
            "version": "1:1.0.51-12",
            "url": " "
        },
        {
            "name": "asciijump",
            "action": "install",
            "id": "5475369",
            "version": "::apt",
            "url": " "
        }
    ]
}
08:46:00 INFO  Started operation: {'creationTime': '2022-05-04T08:46:00.487Z', 'deviceName': 'mythicc', 'deviceId': '18330806', 'self': 'https://t493319102.eu-latest.cumulocity.com/devicecontrol/operations/18370010', 'id': '18370010', 'status': 'PENDING', 'description': "Apply software changes, triggered from PySys: [{'action': 'install', 'id': '5475369', 'name': 'asciijump', 'url': ' ', 'version': '::apt'}, {'action': 'install', 'id': '5474869', 'name': 'robotfindskitten', 'url': ' ', 'version': ' '}, {'action': 'install', 'id': '5475279', 'name': 'squirrel3', 'url': ' ', 'version': '3.1-7::apt'}, {'action': 'install', 'id': '5152439', 'name': 'rolldice', 'url': ' ', 'version': '1.16-1+b1'}, {'action': 'install', 'id': '5439204', 'name': 'moon-buggy', 'url': ' ', 'version': '1:1.0.51-12'}, {'action': 'install', 'id': '5475369', 'name': 'asciijump', 'url': ' ', 'version': '::apt'}]", 'c8y_SoftwareUpdate': [{'name': 'asciijump', 'action': 'install', 'id': '5475369', 'version': '::apt', 'url': ' '}, {'name': 'robotfindskitten', 'action': 'install', 'id': '5474869', 'version': ' ', 'url': ' '}, {'name': 'squirrel3', 'action': 'install', 'id': '5475279', 'version': '3.1-7::apt', 'url': ' '}, {'name': 'rolldice', 'action': 'install', 'id': '5152439', 'version': '1.16-1+b1', 'url': ' '}, {'name': 'moon-buggy', 'action': 'install', 'id': '5439204', 'version': '1:1.0.51-12', 'url': ' '}, {'name': 'asciijump', 'action': 'install', 'id': '5475369', 'version': '::apt', 'url': ' '}]}
08:46:02 INFO  State of operation 18370010 : PENDING
08:46:04 INFO  State of operation 18370010 : EXECUTING
08:46:07 INFO  State of operation 18370010 : EXECUTING
08:46:09 INFO  State of operation 18370010 : EXECUTING
08:46:11 INFO  State of operation 18370010 : EXECUTING
08:46:13 INFO  State of operation 18370010 : EXECUTING
08:46:16 INFO  State of operation 18370010 : EXECUTING
08:46:19 INFO  State of operation 18370010 : EXECUTING
08:46:21 INFO  State of operation 18370010 : EXECUTING
08:46:24 INFO  State of operation 18370010 : EXECUTING
08:46:26 INFO  State of operation 18370010 : EXECUTING
08:46:28 INFO  State of operation 18370010 : EXECUTING
08:46:30 INFO  State of operation 18370010 : EXECUTING
08:46:33 INFO  State of operation 18370010 : EXECUTING
08:46:35 INFO  State of operation 18370010 : EXECUTING
08:46:37 INFO  State of operation 18370010 : EXECUTING
08:46:39 INFO  State of operation 18370010 : EXECUTING
08:46:42 INFO  State of operation 18370010 : EXECUTING
08:46:45 INFO  State of operation 18370010 : EXECUTING
08:46:47 INFO  State of operation 18370010 : EXECUTING
08:46:49 INFO  State of operation 18370010 : EXECUTING
08:46:51 INFO  State of operation 18370010 : EXECUTING
08:46:54 INFO  State of operation 18370010 : EXECUTING
08:46:56 INFO  State of operation 18370010 : EXECUTING
08:47:00 INFO  State of operation 18370010 : EXECUTING
08:47:02 INFO  State of operation 18370010 : EXECUTING
08:47:05 INFO  State of operation 18370010 : EXECUTING
08:47:07 INFO  State of operation 18370010 : EXECUTING
08:47:09 INFO  State of operation 18370010 : EXECUTING
08:47:12 INFO  State of operation 18370010 : EXECUTING
08:47:14 INFO  State of operation 18370010 : EXECUTING
08:47:16 INFO  State of operation 18370010 : EXECUTING
08:47:19 INFO  State of operation 18370010 : EXECUTING
08:47:21 INFO  State of operation 18370010 : EXECUTING
08:47:23 INFO  State of operation 18370010 : EXECUTING
08:47:25 INFO  State of operation 18370010 : EXECUTING
08:47:28 INFO  State of operation 18370010 : EXECUTING
08:47:30 INFO  State of operation 18370010 : EXECUTING
08:47:32 INFO  State of operation 18370010 : EXECUTING
08:47:35 INFO  State of operation 18370010 : EXECUTING
08:47:38 INFO  State of operation 18370010 : EXECUTING
08:47:40 INFO  State of operation 18370010 : EXECUTING
08:47:42 INFO  State of operation 18370010 : EXECUTING
08:47:44 INFO  State of operation 18370010 : EXECUTING
08:47:47 INFO  State of operation 18370010 : EXECUTING
08:47:49 INFO  State of operation 18370010 : EXECUTING
08:47:51 INFO  State of operation 18370010 : EXECUTING
08:47:53 INFO  State of operation 18370010 : EXECUTING
08:47:56 INFO  State of operation 18370010 : EXECUTING
08:47:58 INFO  State of operation 18370010 : EXECUTING
08:48:01 INFO  State of operation 18370010 : EXECUTING
08:48:03 INFO  State of operation 18370010 : EXECUTING
08:48:05 INFO  State of operation 18370010 : EXECUTING
08:48:08 INFO  State of operation 18370010 : EXECUTING
08:48:10 INFO  State of operation 18370010 : EXECUTING
08:48:13 INFO  State of operation 18370010 : EXECUTING
08:48:15 INFO  State of operation 18370010 : EXECUTING
08:48:17 INFO  State of operation 18370010 : EXECUTING
08:48:19 INFO  State of operation 18370010 : EXECUTING
08:48:22 INFO  State of operation 18370010 : EXECUTING
08:48:24 INFO  State of operation 18370010 : EXECUTING
08:48:26 WARN  SystemError occurred while running test - Timeout while waiting for status SUCCESSFUL or False
Traceback (most recent call last):
  File "/home/pi/env-pysys/lib/python3.7/site-packages/pysys/baserunner.py", line 1294, in __call__
    self.testObj.execute()
  File "/home/pi/actions-runner/_work/thin-edge.io/thin-edge.io/tests/PySys/software_management_end_to_end/sm_apt_install_remove_multiple_mixed/run.py", line 89, in execute
    self.wait_until_succcess()
  File "/home/pi/actions-runner/_work/thin-edge.io/thin-edge.io/tests/PySys/software_management_end_to_end/environment_sm_management.py", line 324, in wait_until_succcess
    self.wait_until_status("SUCCESSFUL")
  File "/home/pi/actions-runner/_work/thin-edge.io/thin-edge.io/tests/PySys/software_management_end_to_end/environment_sm_management.py", line 381, in wait_until_status
    "Timeout while waiting for status %s or %s" % (status, status2)
SystemError: Timeout while waiting for status SUCCESSFUL or False
08:48:26 WARN  SystemError: Timeout while waiting for status SUCCESSFUL or False ... blocked 
08:48:26 INFO  
08:48:26 INFO  cleanup:
08:48:31 INFO  Executed sudo&lt;tedge_disconnect_c8y&gt;, exit status 0
08:48:31 INFO  Executed systemctl&lt;serv_mapper5&gt;, exit status 3
08:48:31 INFO  
08:48:31 INFO  Test duration: 178.22 secs
08:48:31 INFO  Test final outcome:  BLOCKED
08:48:31 INFO  Test outcome reason: SystemError: Timeout while waiting for status SUCCESSFUL or False
08:48:31 INFO  
</system-out>
	</testcase>
<testcase classname="PySysTest" name="SoftwareManagement.sm_apt_install_remove_multiple_mixed">
		<failure message="BLOCKED: SystemError: Timeout while waiting for status SUCCESSFUL or False (+1 other failures)" type="BLOCKED" />
		<system-out>09:11:46 INFO  ==============================================================
09:11:46 INFO  Id:    SoftwareManagement.sm_apt_install_remove_multiple_mixed
09:11:46 INFO  Dir:   software_management_end_to_end/
09:11:46 INFO  Title: Validate end to end behaviour for the apt plugin for multiple packages with mixed versions
09:11:46 INFO  ==============================================================
09:11:46 INFO  Using sw id database: {'asciijump': '5475369', 'robotfindskitten': '5474869', 'squirrel3': '5475279', 'rolldice': '5152439', 'moon-buggy': '5439204', 'apple': '5495053', 'banana': '5494888', 'cherry': '5495382', 'watermelon': '5494510', 'registry': '8018911', 'hello-world': '8021526', 'docker/getting-started': '8021973', 'alpine': '7991792'}
09:11:46 INFO  EnvironmentC8y Setup
09:11:46 INFO  Executed systemctl&lt;serv_mapper1&gt;, exit status 3
09:11:46 INFO  Restarting mosquitto too frequently in the last 10 seconds. It was only up for 6 seconds
09:11:46 INFO  Delaying execution by 5 seconds
09:12:06 INFO  Executed sudo&lt;tedge_connect_c8y&gt;, exit status 0, duration 14 secs
09:12:06 INFO  Executed sudo&lt;tedge_connect_c8y_test&gt;, exit status 0
09:12:07 INFO  Executed systemctl&lt;serv_mosq2&gt;, exit status 0
09:12:07 INFO  Executed systemctl&lt;serv_mapper3&gt;, exit status 0
09:12:09 INFO  State of current operation: SUCCESSFUL
09:12:10 INFO  Assert that (False == value) with value=False ... passed
09:12:10 INFO  Assert that (False == value) with value=False ... passed
09:12:10 INFO  Assert that (False == value) with value=False ... passed
09:12:10 INFO  Assert that (False == value) with value=False ... passed
09:12:11 INFO  Package moon-buggy is installed
09:12:11 WARN  Assert that (False == value) with value=True ... failed 
09:12:12 INFO  Response status: 201
09:12:12 INFO  Response to action: {
    "creationTime": "2022-05-04T09:12:12.641Z",
    "deviceName": "mythicc",
    "deviceId": "18330806",
    "self": "https://t493319102.eu-latest.cumulocity.com/devicecontrol/operations/18389371",
    "id": "18389371",
    "status": "PENDING",
    "description": "Apply software changes, triggered from PySys: [{'action': 'install', 'id': '5475369', 'name': 'asciijump', 'url': ' ', 'version': '::apt'}, {'action': 'install', 'id': '5474869', 'name': 'robotfindskitten', 'url': ' ', 'version': ' '}, {'action': 'install', 'id': '5475279', 'name': 'squirrel3', 'url': ' ', 'version': '3.1-7::apt'}, {'action': 'install', 'id': '5152439', 'name': 'rolldice', 'url': ' ', 'version': '1.16-1+b1'}, {'action': 'install', 'id': '5439204', 'name': 'moon-buggy', 'url': ' ', 'version': '1:1.0.51-12'}, {'action': 'install', 'id': '5475369', 'name': 'asciijump', 'url': ' ', 'version': '::apt'}]",
    "c8y_SoftwareUpdate": [
        {
            "name": "asciijump",
            "action": "install",
            "id": "5475369",
            "version": "::apt",
            "url": " "
        },
        {
            "name": "robotfindskitten",
            "action": "install",
            "id": "5474869",
            "version": " ",
            "url": " "
        },
        {
            "name": "squirrel3",
            "action": "install",
            "id": "5475279",
            "version": "3.1-7::apt",
            "url": " "
        },
        {
            "name": "rolldice",
            "action": "install",
            "id": "5152439",
            "version": "1.16-1+b1",
            "url": " "
        },
        {
            "name": "moon-buggy",
            "action": "install",
            "id": "5439204",
            "version": "1:1.0.51-12",
            "url": " "
        },
        {
            "name": "asciijump",
            "action": "install",
            "id": "5475369",
            "version": "::apt",
            "url": " "
        }
    ]
}
09:12:12 INFO  Started operation: {'creationTime': '2022-05-04T09:12:12.641Z', 'deviceName': 'mythicc', 'deviceId': '18330806', 'self': 'https://t493319102.eu-latest.cumulocity.com/devicecontrol/operations/18389371', 'id': '18389371', 'status': 'PENDING', 'description': "Apply software changes, triggered from PySys: [{'action': 'install', 'id': '5475369', 'name': 'asciijump', 'url': ' ', 'version': '::apt'}, {'action': 'install', 'id': '5474869', 'name': 'robotfindskitten', 'url': ' ', 'version': ' '}, {'action': 'install', 'id': '5475279', 'name': 'squirrel3', 'url': ' ', 'version': '3.1-7::apt'}, {'action': 'install', 'id': '5152439', 'name': 'rolldice', 'url': ' ', 'version': '1.16-1+b1'}, {'action': 'install', 'id': '5439204', 'name': 'moon-buggy', 'url': ' ', 'version': '1:1.0.51-12'}, {'action': 'install', 'id': '5475369', 'name': 'asciijump', 'url': ' ', 'version': '::apt'}]", 'c8y_SoftwareUpdate': [{'name': 'asciijump', 'action': 'install', 'id': '5475369', 'version': '::apt', 'url': ' '}, {'name': 'robotfindskitten', 'action': 'install', 'id': '5474869', 'version': ' ', 'url': ' '}, {'name': 'squirrel3', 'action': 'install', 'id': '5475279', 'version': '3.1-7::apt', 'url': ' '}, {'name': 'rolldice', 'action': 'install', 'id': '5152439', 'version': '1.16-1+b1', 'url': ' '}, {'name': 'moon-buggy', 'action': 'install', 'id': '5439204', 'version': '1:1.0.51-12', 'url': ' '}, {'name': 'asciijump', 'action': 'install', 'id': '5475369', 'version': '::apt', 'url': ' '}]}
09:12:14 INFO  State of operation 18389371 : PENDING
09:12:17 INFO  State of operation 18389371 : EXECUTING
09:12:19 INFO  State of operation 18389371 : EXECUTING
09:12:21 INFO  State of operation 18389371 : EXECUTING
09:12:23 INFO  State of operation 18389371 : EXECUTING
09:12:26 INFO  State of operation 18389371 : EXECUTING
09:12:28 INFO  State of operation 18389371 : EXECUTING
09:12:31 INFO  State of operation 18389371 : EXECUTING
09:12:33 INFO  State of operation 18389371 : EXECUTING
09:12:36 INFO  State of operation 18389371 : EXECUTING
09:12:38 INFO  State of operation 18389371 : EXECUTING
09:12:40 INFO  State of operation 18389371 : EXECUTING
09:12:43 INFO  State of operation 18389371 : EXECUTING
09:12:45 INFO  State of operation 18389371 : EXECUTING
09:12:47 INFO  State of operation 18389371 : EXECUTING
09:12:49 INFO  State of operation 18389371 : EXECUTING
09:12:52 INFO  State of operation 18389371 : EXECUTING
09:12:54 INFO  State of operation 18389371 : EXECUTING
09:12:57 INFO  State of operation 18389371 : EXECUTING
09:12:59 INFO  State of operation 18389371 : EXECUTING
09:13:01 INFO  State of operation 18389371 : EXECUTING
09:13:03 INFO  State of operation 18389371 : EXECUTING
09:13:06 INFO  State of operation 18389371 : EXECUTING
09:13:08 INFO  State of operation 18389371 : EXECUTING
09:13:12 INFO  State of operation 18389371 : EXECUTING
09:13:14 INFO  State of operation 18389371 : EXECUTING
09:13:17 INFO  State of operation 18389371 : EXECUTING
09:13:19 INFO  State of operation 18389371 : EXECUTING
09:13:22 INFO  State of operation 18389371 : EXECUTING
09:13:24 INFO  State of operation 18389371 : EXECUTING
09:13:26 INFO  State of operation 18389371 : EXECUTING
09:13:29 INFO  State of operation 18389371 : EXECUTING
09:13:31 INFO  State of operation 18389371 : EXECUTING
09:13:33 INFO  State of operation 18389371 : EXECUTING
09:13:35 INFO  State of operation 18389371 : EXECUTING
09:13:38 INFO  State of operation 18389371 : EXECUTING
09:13:40 INFO  State of operation 18389371 : EXECUTING
09:13:42 INFO  State of operation 18389371 : EXECUTING
09:13:45 INFO  State of operation 18389371 : EXECUTING
09:13:47 INFO  State of operation 18389371 : EXECUTING
09:13:50 INFO  State of operation 18389371 : EXECUTING
09:13:52 INFO  State of operation 18389371 : EXECUTING
09:13:54 INFO  State of operation 18389371 : EXECUTING
09:13:57 INFO  State of operation 18389371 : EXECUTING
09:13:59 INFO  State of operation 18389371 : EXECUTING
09:14:01 INFO  State of operation 18389371 : EXECUTING
09:14:03 INFO  State of operation 18389371 : EXECUTING
09:14:05 INFO  State of operation 18389371 : EXECUTING
09:14:08 INFO  State of operation 18389371 : EXECUTING
09:14:11 INFO  State of operation 18389371 : EXECUTING
09:14:13 INFO  State of operation 18389371 : EXECUTING
09:14:15 INFO  State of operation 18389371 : EXECUTING
09:14:17 INFO  State of operation 18389371 : EXECUTING
09:14:20 INFO  State of operation 18389371 : EXECUTING
09:14:23 INFO  State of operation 18389371 : EXECUTING
09:14:25 INFO  State of operation 18389371 : EXECUTING
09:14:27 INFO  State of operation 18389371 : EXECUTING
09:14:29 INFO  State of operation 18389371 : EXECUTING
09:14:32 INFO  State of operation 18389371 : EXECUTING
09:14:34 INFO  State of operation 18389371 : EXECUTING
09:14:36 INFO  State of operation 18389371 : EXECUTING
09:14:38 WARN  SystemError occurred while running test - Timeout while waiting for status SUCCESSFUL or False
Traceback (most recent call last):
  File "/home/pi/env-pysys/lib/python3.7/site-packages/pysys/baserunner.py", line 1294, in __call__
    self.testObj.execute()
  File "/home/pi/actions-runner/_work/thin-edge.io/thin-edge.io/tests/PySys/software_management_end_to_end/sm_apt_install_remove_multiple_mixed/run.py", line 89, in execute
    self.wait_until_succcess()
  File "/home/pi/actions-runner/_work/thin-edge.io/thin-edge.io/tests/PySys/software_management_end_to_end/environment_sm_management.py", line 324, in wait_until_succcess
    self.wait_until_status("SUCCESSFUL")
  File "/home/pi/actions-runner/_work/thin-edge.io/thin-edge.io/tests/PySys/software_management_end_to_end/environment_sm_management.py", line 381, in wait_until_status
    "Timeout while waiting for status %s or %s" % (status, status2)
SystemError: Timeout while waiting for status SUCCESSFUL or False
09:14:38 WARN  SystemError: Timeout while waiting for status SUCCESSFUL or False ... blocked 
09:14:38 INFO  
09:14:38 INFO  cleanup:
09:14:46 INFO  Executed sudo&lt;tedge_disconnect_c8y&gt;, exit status 0
09:14:46 INFO  Executed systemctl&lt;serv_mapper5&gt;, exit status 3
09:14:46 INFO  
09:14:46 INFO  Test duration: 180.54 secs
09:14:46 INFO  Test final outcome:  BLOCKED
09:14:46 INFO  Test outcome reason: SystemError: Timeout while waiting for status SUCCESSFUL or False (+1 other failures)
09:14:46 INFO  
</system-out>
	</testcase>
</testsuite><testsuite name="SoftwareManagement.sm_apt_install_remove_with_version" tests="3" errors="0" failures="0" skipped="1" time="0"><testcase classname="PySysTest" name="SoftwareManagement.sm_apt_install_remove_with_version">
		<skipped message="SKIPPED: Testing the apt plugin is not supported on this platform.Use parameter -XmyPlatform='container' to enable it" />
		<system-out>08:09:27 INFO  ==============================================================
08:09:27 INFO  Id:    SoftwareManagement.sm_apt_install_remove_with_version
08:09:27 INFO  Dir:   software_management_end_to_end/
08:09:27 INFO  Title: Validate end to end behaviour for the apt plugin for packages with version
08:09:27 INFO  ==============================================================
08:09:27 INFO  Testing the apt plugin is not supported on this platform.Use parameter -XmyPlatform='container' to enable it ... skipped
08:09:27 WARN  Aborted test due to SKIPPED outcome
08:09:27 INFO  
08:09:27 INFO  Test duration: 0.02 secs
08:09:27 INFO  Test final outcome:  SKIPPED
08:09:27 INFO  Test outcome reason: Testing the apt plugin is not supported on this platform.Use parameter -XmyPlatform='container' to enable it
08:09:27 INFO  
</system-out>
	</testcase>
<testcase classname="PySysTest" name="SoftwareManagement.sm_apt_install_remove_with_version" />
<testcase classname="PySysTest" name="SoftwareManagement.sm_apt_install_remove_with_version" />
</testsuite><testsuite name="SoftwareManagement.sm_docker_install_remove_multiple" tests="3" errors="0" failures="1" skipped="1" time="0"><testcase classname="SMDockerInstallRemove" name="SoftwareManagement.sm_docker_install_remove_multiple">
		<skipped message="SKIPPED: Testing the apt plugin is not supported on this platform.Use parameter -XmyPlatform='container' to enable it" />
		<system-out>08:09:27 INFO  ==============================================================
08:09:27 INFO  Id:    SoftwareManagement.sm_docker_install_remove_multiple
08:09:27 INFO  Dir:   software_management_end_to_end/
08:09:27 INFO  Title: Validate end to end behaviour for the docker plugin for multiple docker images with mixed versions
08:09:27 INFO  ==============================================================
08:09:27 INFO  Testing the apt plugin is not supported on this platform.Use parameter -XmyPlatform='container' to enable it ... skipped
08:09:27 WARN  Aborted test due to SKIPPED outcome
08:09:27 INFO  
08:09:27 INFO  Test duration: 0.04 secs
08:09:27 INFO  Test final outcome:  SKIPPED
08:09:27 INFO  Test outcome reason: Testing the apt plugin is not supported on this platform.Use parameter -XmyPlatform='container' to enable it
08:09:27 INFO  
</system-out>
	</testcase>
<testcase classname="SMDockerInstallRemove" name="SoftwareManagement.sm_docker_install_remove_multiple" />
<testcase classname="SMDockerInstallRemove" name="SoftwareManagement.sm_docker_install_remove_multiple">
		<failure message="BLOCKED: SystemError: The operation has failed" type="BLOCKED" />
		<system-out>09:17:26 INFO  ==============================================================
09:17:26 INFO  Id:    SoftwareManagement.sm_docker_install_remove_multiple
09:17:26 INFO  Dir:   software_management_end_to_end/
09:17:26 INFO  Title: Validate end to end behaviour for the docker plugin for multiple docker images with mixed versions
09:17:26 INFO  ==============================================================
09:17:26 INFO  Using sw id database: {'asciijump': '5475369', 'robotfindskitten': '5474869', 'squirrel3': '5475279', 'rolldice': '5152439', 'moon-buggy': '5439204', 'apple': '5495053', 'banana': '5494888', 'cherry': '5495382', 'watermelon': '5494510', 'registry': '8018911', 'hello-world': '8021526', 'docker/getting-started': '8021973', 'alpine': '7991792'}
09:17:26 INFO  EnvironmentC8y Setup
09:17:27 INFO  Executed systemctl&lt;serv_mapper1&gt;, exit status 3
09:17:27 INFO  Restarting mosquitto too frequently in the last 10 seconds. It was only up for 5 seconds
09:17:27 INFO  Delaying execution by 6 seconds
09:17:47 INFO  Executed sudo&lt;tedge_connect_c8y&gt;, exit status 0, duration 14 secs
09:17:48 INFO  Executed sudo&lt;tedge_connect_c8y_test&gt;, exit status 0
09:17:48 INFO  Executed systemctl&lt;serv_mosq2&gt;, exit status 0
09:17:49 INFO  Executed systemctl&lt;serv_mapper3&gt;, exit status 0
09:17:51 INFO  State of current operation: SUCCESSFUL
09:17:51 INFO  Response status: 201
09:17:51 INFO  Response to action: {
    "creationTime": "2022-05-04T09:17:51.569Z",
    "deviceName": "mythicc",
    "deviceId": "18330806",
    "self": "https://t493319102.eu-latest.cumulocity.com/devicecontrol/operations/18389449",
    "id": "18389449",
    "status": "PENDING",
    "description": "Apply software changes, triggered from PySys: [{'action': 'install', 'id': '8021526', 'name': 'hello-world', 'url': '', 'version': '::docker'}, {'action': 'install', 'id': '8018911', 'name': 'registry', 'url': '', 'version': '2.6.2::docker'}]",
    "c8y_SoftwareUpdate": [
        {
            "name": "hello-world",
            "action": "install",
            "id": "8021526",
            "version": "::docker",
            "url": ""
        },
        {
            "name": "registry",
            "action": "install",
            "id": "8018911",
            "version": "2.6.2::docker",
            "url": ""
        }
    ]
}
09:17:51 INFO  Started operation: {'creationTime': '2022-05-04T09:17:51.569Z', 'deviceName': 'mythicc', 'deviceId': '18330806', 'self': 'https://t493319102.eu-latest.cumulocity.com/devicecontrol/operations/18389449', 'id': '18389449', 'status': 'PENDING', 'description': "Apply software changes, triggered from PySys: [{'action': 'install', 'id': '8021526', 'name': 'hello-world', 'url': '', 'version': '::docker'}, {'action': 'install', 'id': '8018911', 'name': 'registry', 'url': '', 'version': '2.6.2::docker'}]", 'c8y_SoftwareUpdate': [{'name': 'hello-world', 'action': 'install', 'id': '8021526', 'version': '::docker', 'url': ''}, {'name': 'registry', 'action': 'install', 'id': '8018911', 'version': '2.6.2::docker', 'url': ''}]}
09:17:53 INFO  State of operation 18389449 : PENDING
09:17:56 INFO  State of operation 18389449 : EXECUTING
09:17:58 INFO  State of operation 18389449 : EXECUTING
09:18:00 INFO  State of operation 18389449 : EXECUTING
09:18:02 INFO  State of operation 18389449 : EXECUTING
09:18:05 INFO  State of operation 18389449 : EXECUTING
09:18:07 INFO  State of operation 18389449 : EXECUTING
09:18:09 INFO  State of operation 18389449 : EXECUTING
09:18:11 INFO  State of operation 18389449 : EXECUTING
09:18:14 INFO  State of operation 18389449 : EXECUTING
09:18:16 INFO  State of operation 18389449 : EXECUTING
09:18:18 INFO  State of operation 18389449 : EXECUTING
09:18:21 INFO  State of operation 18389449 : EXECUTING
09:18:24 INFO  State of operation 18389449 : EXECUTING
09:18:26 INFO  State of operation 18389449 : EXECUTING
09:18:28 INFO  State of operation 18389449 : EXECUTING
09:18:30 INFO  State of operation 18389449 : EXECUTING
09:18:32 INFO  State of operation 18389449 : SUCCESSFUL
09:18:34 INFO  Package hello-world is installed
09:18:34 INFO  Package hello-world is installed
09:18:34 INFO  Assert that (True == value) with value=True ... passed
09:18:34 INFO  Package registry is installed
09:18:34 INFO  Assert that (True == value) with value=True ... passed
09:18:34 INFO  Assert that (False == value) with value=False ... passed
09:18:35 INFO  Response status: 201
09:18:35 INFO  Response to action: {
    "creationTime": "2022-05-04T09:18:35.022Z",
    "deviceName": "mythicc",
    "deviceId": "18330806",
    "self": "https://t493319102.eu-latest.cumulocity.com/devicecontrol/operations/18389457",
    "id": "18389457",
    "status": "PENDING",
    "description": "Apply software changes, triggered from PySys: [{'action': 'install', 'id': '8018911', 'name': 'registry', 'url': '', 'version': '2.7.1::docker'}, {'action': 'install', 'id': '7991792', 'name': 'alpine', 'url': '', 'version': '::docker'}]",
    "c8y_SoftwareUpdate": [
        {
            "name": "registry",
            "action": "install",
            "id": "8018911",
            "version": "2.7.1::docker",
            "url": ""
        },
        {
            "name": "alpine",
            "action": "install",
            "id": "7991792",
            "version": "::docker",
            "url": ""
        }
    ]
}
09:18:35 INFO  Started operation: {'creationTime': '2022-05-04T09:18:35.022Z', 'deviceName': 'mythicc', 'deviceId': '18330806', 'self': 'https://t493319102.eu-latest.cumulocity.com/devicecontrol/operations/18389457', 'id': '18389457', 'status': 'PENDING', 'description': "Apply software changes, triggered from PySys: [{'action': 'install', 'id': '8018911', 'name': 'registry', 'url': '', 'version': '2.7.1::docker'}, {'action': 'install', 'id': '7991792', 'name': 'alpine', 'url': '', 'version': '::docker'}]", 'c8y_SoftwareUpdate': [{'name': 'registry', 'action': 'install', 'id': '8018911', 'version': '2.7.1::docker', 'url': ''}, {'name': 'alpine', 'action': 'install', 'id': '7991792', 'version': '::docker', 'url': ''}]}
09:18:37 INFO  State of operation 18389457 : PENDING
09:18:39 INFO  State of operation 18389457 : EXECUTING
09:18:41 INFO  State of operation 18389457 : EXECUTING
09:18:44 INFO  State of operation 18389457 : EXECUTING
09:18:46 INFO  State of operation 18389457 : EXECUTING
09:18:48 INFO  State of operation 18389457 : EXECUTING
09:18:50 INFO  State of operation 18389457 : EXECUTING
09:18:53 INFO  State of operation 18389457 : EXECUTING
09:18:55 INFO  State of operation 18389457 : EXECUTING
09:18:57 INFO  State of operation 18389457 : EXECUTING
09:18:59 INFO  State of operation 18389457 : EXECUTING
09:19:02 INFO  State of operation 18389457 : EXECUTING
09:19:04 INFO  State of operation 18389457 : EXECUTING
09:19:06 INFO  State of operation 18389457 : EXECUTING
09:19:08 INFO  State of operation 18389457 : EXECUTING
09:19:11 INFO  State of operation 18389457 : EXECUTING
09:19:13 INFO  State of operation 18389457 : EXECUTING
09:19:15 INFO  State of operation 18389457 : FAILED
09:19:15 ERROR Stopping as the operation has failed
09:19:15 WARN  SystemError occurred while running test - The operation has failed
Traceback (most recent call last):
  File "/home/pi/env-pysys/lib/python3.7/site-packages/pysys/baserunner.py", line 1294, in __call__
    self.testObj.execute()
  File "/home/pi/actions-runner/_work/thin-edge.io/thin-edge.io/tests/PySys/software_management_end_to_end/sm_docker_install_remove_multiple/run.py", line 91, in execute
    self.wait_until_succcess()
  File "/home/pi/actions-runner/_work/thin-edge.io/thin-edge.io/tests/PySys/software_management_end_to_end/environment_sm_management.py", line 324, in wait_until_succcess
    self.wait_until_status("SUCCESSFUL")
  File "/home/pi/actions-runner/_work/thin-edge.io/thin-edge.io/tests/PySys/software_management_end_to_end/environment_sm_management.py", line 361, in wait_until_status
    raise SystemError("The operation has failed")
SystemError: The operation has failed
09:19:15 WARN  SystemError: The operation has failed ... blocked 
09:19:15 INFO  
09:19:15 INFO  cleanup:
09:19:15 INFO  Response status: 201
09:19:15 INFO  Response to action: {
    "creationTime": "2022-05-04T09:19:15.873Z",
    "deviceName": "mythicc",
    "deviceId": "18330806",
    "self": "https://t493319102.eu-latest.cumulocity.com/devicecontrol/operations/18389468",
    "id": "18389468",
    "status": "PENDING",
[...]
07:59:47 INFO  ==============================================================
07:59:47 INFO  Testing the docker plugin is not supported on this platform.To run it, all the test with -XmyPlatform='container' ... skipped
07:59:47 WARN  Aborted test due to SKIPPED outcome
07:59:47 INFO  
07:59:47 INFO  Test duration: 0.02 secs
07:59:47 INFO  Test final outcome:  SKIPPED
07:59:47 INFO  Test outcome reason: Testing the docker plugin is not supported on this platform.To run it, all the test with -XmyPlatform='container'
07:59:47 INFO  
</system-out>
	</testcase>
<testcase classname="DockerPluginUpdateTest" name="docker_plugin_update" />
</testsuite><testsuite name="invalid_device_id" tests="1" errors="0" failures="0" skipped="0" time="0"><testcase classname="InvalidDeviceId" name="invalid_device_id" />
</testsuite><testsuite name="local_mqtt_pub_fail_noqos" tests="1" errors="0" failures="0" skipped="0" time="0"><testcase classname="PySysTest" name="local_mqtt_pub_fail_noqos" />
</testsuite><testsuite name="local_mqtt_pub_fail_qos0" tests="1" errors="0" failures="0" skipped="0" time="0"><testcase classname="PySysTest" name="local_mqtt_pub_fail_qos0" />
</testsuite><testsuite name="local_mqtt_pub_fail_qos1" tests="1" errors="0" failures="0" skipped="0" time="0"><testcase classname="PySysTest" name="local_mqtt_pub_fail_qos1" />
</testsuite><testsuite name="local_mqtt_pub_fail_qos2" tests="1" errors="0" failures="0" skipped="0" time="0"><testcase classname="PySysTest" name="local_mqtt_pub_fail_qos2" />
</testsuite><testsuite name="local_mqtt_pub_sub" tests="1" errors="0" failures="0" skipped="0" time="0"><testcase classname="PySysTest" name="local_mqtt_pub_sub" />
</testsuite><testsuite name="local_mqtt_pub_sub_retain" tests="1" errors="0" failures="0" skipped="0" time="0"><testcase classname="MqttPublishWithRetain" name="local_mqtt_pub_sub_retain" />
</testsuite><testsuite name="local_mqtt_pub_sub_with_sudo" tests="1" errors="0" failures="0" skipped="0" time="0"><testcase classname="PySysTest" name="local_mqtt_pub_sub_with_sudo" />
</testsuite><testsuite name="local_mqtt_sub_fail" tests="1" errors="0" failures="0" skipped="0" time="0"><testcase classname="PySysTest" name="local_mqtt_sub_fail" />
</testsuite><testsuite name="log_request_error_messages" tests="1" errors="0" failures="0" skipped="1" time="0"><testcase classname="LogRequestVerifySearchTextError" name="log_request_error_messages">
		<skipped message="SKIPPED: Test execution disabled due to #1123" />
		<system-out>07:57:27 INFO  ==============================================================
07:57:27 INFO  Id:    log_request_error_messages
07:57:27 INFO  Dir:   log_request_end_to_end/
07:57:27 INFO  Title: Validate end to end behaviour for the log request operation check for error messages
07:57:27 INFO  ==============================================================
07:57:28 INFO  Test execution disabled due to #1123 ... skipped
07:57:28 INFO  
07:57:28 INFO  Test duration: 1.34 secs
07:57:28 INFO  Test final outcome:  SKIPPED
07:57:28 INFO  Test outcome reason: Test execution disabled due to #1123
07:57:28 INFO  
</system-out>
	</testcase>
</testsuite><testsuite name="log_request_num_lines" tests="1" errors="0" failures="1" skipped="0" time="0"><testcase classname="LogRequestVerifyNumberOfLines" name="log_request_num_lines">
		<failure message="FAILED: Assert that (True == value) with value=False" type="FAILED" />
		<system-out>07:57:28 INFO  ==============================================================
07:57:28 INFO  Id:    log_request_num_lines
07:57:28 INFO  Dir:   log_request_end_to_end/
07:57:28 INFO  Title: Validate end to end behaviour for the log request operation check for number of lines
07:57:28 INFO  ==============================================================
07:57:28 INFO  EnvironmentC8y Setup
07:57:28 INFO  Executed systemctl&lt;serv_mapper1&gt;, exit status 3
07:57:29 INFO  Restarting mosquitto too frequently in the last 10 seconds. It was only up for 2 seconds
07:57:29 INFO  Delaying execution by 9 seconds
07:57:51 INFO  Executed sudo&lt;tedge_connect_c8y&gt;, exit status 0, duration 13 secs
07:57:52 INFO  Executed sudo&lt;tedge_connect_c8y_test&gt;, exit status 0
07:57:53 INFO  Executed systemctl&lt;serv_mosq2&gt;, exit status 0
07:57:53 INFO  Executed systemctl&lt;serv_mapper3&gt;, exit status 0
07:57:54 INFO  Executed sudo&lt;rm_logs&gt;, exit status 0
07:57:54 INFO  Executed sudo&lt;move_logs&gt;, exit status 0
07:57:55 INFO  log response None
07:57:55 WARN  retry, retrying in 1 seconds...
07:57:56 INFO  log response https://thin-edge-io.eu-latest.cumulocity.com/event/events/18348520/binaries
07:57:56 INFO  nlines 0
07:57:57 WARN  Assert that (True == value) with value=False ... failed [run.py:44]
07:57:57 INFO  
07:57:57 INFO  cleanup:
07:57:57 INFO  Executed sudo&lt;rm_logs&gt;, exit status 0
07:57:58 INFO  Executed sudo&lt;rm_tmp_logs&gt;, exit status 0
07:57:58 INFO  Executed sudo&lt;send_failed&gt;, exit status 0
07:58:02 INFO  Executed sudo&lt;tedge_disconnect_c8y&gt;, exit status 0
07:58:03 INFO  Executed systemctl&lt;serv_mapper5&gt;, exit status 3
07:58:03 INFO  
07:58:03 INFO  Test duration: 35.06 secs
07:58:03 INFO  Test final outcome:  FAILED
07:58:03 INFO  Test outcome reason: Assert that (True == value) with value=False
07:58:03 INFO  
</system-out>
	</testcase>
</testsuite><testsuite name="mapper_awaits_before_reconnect" tests="1" errors="0" failures="0" skipped="0" time="0"><testcase classname="MapperReconnectAwait" name="mapper_awaits_before_reconnect" />
</testsuite><testsuite name="monitoring_smaller_interval" tests="1" errors="0" failures="0" skipped="1" time="0"><testcase classname="MonitoringSmallInterval" name="monitoring_smaller_interval">
		<skipped message="SKIPPED: Fails due to retained message" />
		<system-out>07:59:42 INFO  ==============================================================
07:59:42 INFO  Id:    monitoring_smaller_interval
07:59:42 INFO  Dir:   monitoring/
07:59:42 INFO  Title: Validate the tedge dm agent messages that are produced with smaller sampling interval than the batching window. Here the simulated collectd messages are used
07:59:42 INFO  ==============================================================
07:59:42 INFO  Fails due to retained message ... skipped
07:59:42 INFO  
07:59:42 INFO  Test duration: 0.05 secs
07:59:42 INFO  Test final outcome:  SKIPPED
07:59:42 INFO  Test outcome reason: Fails due to retained message
07:59:42 INFO  
</system-out>
	</testcase>
</testsuite><testsuite name="monitoring_with_collectd" tests="1" errors="0" failures="0" skipped="1" time="0"><testcase classname="MonitoringWithCollectd" name="monitoring_with_collectd">
		<skipped message="SKIPPED: Test execution disabled due to #792 (instable)" />
		<system-out>07:59:42 INFO  ==============================================================
07:59:42 INFO  Id:    monitoring_with_collectd
07:59:42 INFO  Dir:   monitoring/
07:59:42 INFO  Title: Validate tedge dm agent messages that are produced by batching the collectd messages
07:59:42 INFO  ==============================================================
07:59:42 INFO  Test execution disabled due to #792 (instable) ... skipped
07:59:42 INFO  
07:59:42 INFO  Test duration: 0.03 secs
07:59:42 INFO  Test final outcome:  SKIPPED
07:59:42 INFO  Test outcome reason: Test execution disabled due to #792 (instable)
07:59:42 INFO  
</system-out>
	</testcase>
</testsuite><testsuite name="monitoring_with_simulated_messages" tests="1" errors="0" failures="0" skipped="1" time="0"><testcase classname="MonitoringWithSimulatedMessages" name="monitoring_with_simulated_messages">
		<skipped message="SKIPPED: Fails due to retained message" />
		<system-out>07:59:42 INFO  ==============================================================
07:59:42 INFO  Id:    monitoring_with_simulated_messages
07:59:42 INFO  Dir:   monitoring/
07:59:42 INFO  Title: Validate the tedge dm agent messages that are produced from the simulated collectd messages
07:59:42 INFO  ==============================================================
07:59:42 INFO  Fails due to retained message ... skipped
07:59:42 INFO  
07:59:42 INFO  Test duration: 0.03 secs
07:59:42 INFO  Test final outcome:  SKIPPED
07:59:42 INFO  Test outcome reason: Fails due to retained message
07:59:42 INFO  
</system-out>
	</testcase>
</testsuite><testsuite name="mqtt_port_change_connection_fails" tests="1" errors="0" failures="0" skipped="0" time="0"><testcase classname="MqttPortChangeConnectionFails" name="mqtt_port_change_connection_fails" />
</testsuite><testsuite name="mqtt_port_change_connection_works" tests="1" errors="0" failures="0" skipped="1" time="0"><testcase classname="MqttPortChangeConnectionWorks" name="mqtt_port_change_connection_works">
		<skipped message="SKIPPED: failing intermitently" />
		<system-out>07:58:39 INFO  ==============================================================
07:58:39 INFO  Id:    mqtt_port_change_connection_works
07:58:39 INFO  Dir:   misc_features/
07:58:39 INFO  Title: mqtt port change connection works for all the thin-edge services that use the mosquitto broker
07:58:39 INFO  ==============================================================
07:58:39 INFO  failing intermitently ... skipped
07:58:39 INFO  
07:58:39 INFO  Test duration: 0.02 secs
07:58:39 INFO  Test final outcome:  SKIPPED
07:58:39 INFO  Test outcome reason: failing intermitently
07:58:39 INFO  
</system-out>
	</testcase>
</testsuite><testsuite name="mqtt_port_set" tests="1" errors="0" failures="0" skipped="0" time="0"><testcase classname="MqttPortSet" name="mqtt_port_set" />
</testsuite><testsuite name="mqtt_port_unset" tests="1" errors="0" failures="0" skipped="0" time="0"><testcase classname="MqttPortUnSet" name="mqtt_port_unset" />
</testsuite><testsuite name="publish_flux" tests="1" errors="0" failures="0" skipped="0" time="0"><testcase classname="PublishFlux" name="publish_flux" />
</testsuite><testsuite name="publish_sawmill" tests="1" errors="0" failures="0" skipped="0" time="0"><testcase classname="PublishSawmill" name="publish_sawmill" />
</testsuite><testsuite name="pysys_block" tests="1" errors="0" failures="0" skipped="1" time="0"><testcase classname="Fail" name="pysys_block">
		<skipped message="SKIPPED: Enable this to observe a blocking test" />
		<system-out>07:59:00 INFO  ==============================================================
07:59:00 INFO  Id:    pysys_block
07:59:00 INFO  Dir:   misc_features/
07:59:00 INFO  Title: fail
07:59:00 INFO  ==============================================================
07:59:00 INFO  Enable this to observe a blocking test ... skipped
07:59:00 INFO  
07:59:00 INFO  Test duration: 0.02 secs
07:59:00 INFO  Test final outcome:  SKIPPED
07:59:00 INFO  Test outcome reason: Enable this to observe a blocking test
07:59:00 INFO  
</system-out>
	</testcase>
</testsuite><testsuite name="pysys_fail" tests="1" errors="0" failures="0" skipped="1" time="0"><testcase classname="Fail" name="pysys_fail">
		<skipped message="SKIPPED: Enable this to observe a failing test" />
		<system-out>07:59:00 INFO  ==============================================================
07:59:00 INFO  Id:    pysys_fail
07:59:00 INFO  Dir:   misc_features/
07:59:00 INFO  Title: fail
07:59:00 INFO  ==============================================================
07:59:00 INFO  Enable this to observe a failing test ... skipped
07:59:00 INFO  
07:59:00 INFO  Test duration: 0.02 secs
07:59:00 INFO  Test final outcome:  SKIPPED
07:59:00 INFO  Test outcome reason: Enable this to observe a failing test
07:59:00 INFO  
</system-out>
	</testcase>
</testsuite><testsuite name="runtime_start_two_mappers" tests="1" errors="0" failures="0" skipped="1" time="0"><testcase classname="RuntimeMultiMappers" name="runtime_start_two_mappers">
		<skipped message="SKIPPED: Test execution disabled due to #1124" />
		<system-out>08:13:06 INFO  ==============================================================
08:13:06 INFO  Id:    runtime_start_two_mappers
08:13:06 INFO  Dir:   tedge_mapper_c8y/
08:13:06 INFO  Title: Validate two mappers can't be started at the same time
08:13:06 INFO  ==============================================================
08:13:06 INFO  Test execution disabled due to #1124 ... skipped
08:13:06 INFO  
08:13:06 INFO  Test duration: 0.05 secs
08:13:06 INFO  Test final outcome:  SKIPPED
08:13:06 INFO  Test outcome reason: Test execution disabled due to #1124
08:13:06 INFO  
</system-out>
	</testcase>
</testsuite><testsuite name="sm_tedge_mapper_init_session" tests="1" errors="0" failures="0" skipped="0" time="0"><testcase classname="TedgeSMMapperInitSession" name="sm_tedge_mapper_init_session" />
</testsuite><testsuite name="smoketest_json" tests="1" errors="0" failures="0" skipped="0" time="0"><testcase classname="SmokeTestJson" name="smoketest_json" />
</testsuite><testsuite name="smoketest_json_400_samples_10ms" tests="1" errors="0" failures="0" skipped="0" time="0"><testcase classname="SmoketestJson400Samples10ms" name="smoketest_json_400_samples_10ms" />
</testsuite><testsuite name="smoketest_json_400_samples_20ms" tests="1" errors="0" failures="0" skipped="0" time="0"><testcase classname="SmoketestJson400Samples20ms" name="smoketest_json_400_samples_20ms" />
</testsuite><testsuite name="smoketest_smartrest" tests="1" errors="0" failures="0" skipped="0" time="0"><testcase classname="SmoketestSmartRest" name="smoketest_smartrest" />
</testsuite><testsuite name="smoketest_smartrest_200_samples_1Xms" tests="1" errors="0" failures="0" skipped="0" time="0"><testcase classname="SmoketestSmartRest200Samples1Xms" name="smoketest_smartrest_200_samples_1Xms" />
</testsuite><testsuite name="smoketest_smartrest_200_samples_20ms" tests="1" errors="0" failures="0" skipped="0" time="0"><testcase classname="SmoketestSmartRest200Samples20ms" name="smoketest_smartrest_200_samples_20ms" />
</testsuite><testsuite name="tedge_agent_user_sudo_access" tests="1" errors="0" failures="0" skipped="1" time="0"><testcase classname="TedgeAgentUserSudoAccess" name="tedge_agent_user_sudo_access">
		<skipped message="SKIPPED: #955 Observation: Exit code of the apt plugin when called with no arguments" />
		<system-out>08:09:54 INFO  ==============================================================
08:09:54 INFO  Id:    tedge_agent_user_sudo_access
08:09:54 INFO  Dir:   tedge/
08:09:54 INFO  Title: Validate tedge-agent user has a limited sudo right
08:09:54 INFO  ==============================================================
08:09:54 INFO  #955 Observation: Exit code of the apt plugin when called with no arguments ... skipped
08:09:54 INFO  
08:09:54 INFO  Test duration: 0.03 secs
08:09:54 INFO  Test final outcome:  SKIPPED
08:09:54 INFO  Test outcome reason: #955 Observation: Exit code of the apt plugin when called with no arguments
08:09:54 INFO  
</system-out>
	</testcase>
</testsuite><testsuite name="tedge_connect_test_negative" tests="1" errors="0" failures="0" skipped="0" time="0"><testcase classname="TedgeConnectTestNegative" name="tedge_connect_test_negative" />
</testsuite><testsuite name="tedge_connect_test_positive" tests="1" errors="0" failures="0" skipped="0" time="0"><testcase classname="TedgeConnectTestPositive" name="tedge_connect_test_positive" />
</testsuite><testsuite name="tedge_connect_test_sm_services" tests="1" errors="0" failures="0" skipped="0" time="0"><testcase classname="TedgeConnectTestSMServices" name="tedge_connect_test_sm_services" />
</testsuite><testsuite name="tedge_disconnect_test_sm_services" tests="1" errors="0" failures="0" skipped="0" time="0"><testcase classname="TedgeDisConnectTestSMServices" name="tedge_disconnect_test_sm_services" />
</testsuite><testsuite name="tedge_mapper_az_negative" tests="1" errors="0" failures="0" skipped="0" time="0"><testcase classname="TedgeMapperAzError" name="tedge_mapper_az_negative" />
</testsuite><testsuite name="tedge_mapper_az_with_timestamp" tests="1" errors="0" failures="0" skipped="0" time="0"><testcase classname="TedgeMapperAzWithTimestamp" name="tedge_mapper_az_with_timestamp" />
</testsuite><testsuite name="tedge_mapper_az_without_timestamp" tests="1" errors="0" failures="0" skipped="0" time="0"><testcase classname="TedgeMapperAzWithoutTimestamp" name="tedge_mapper_az_without_timestamp" />
</testsuite><testsuite name="tedge_mapper_c8y_alarms" tests="1" errors="0" failures="0" skipped="0" time="0"><testcase classname="TedgeMapperC8yAlarm" name="tedge_mapper_c8y_alarms" />
</testsuite><testsuite name="tedge_mapper_c8y_child_device_measurement" tests="1" errors="0" failures="0" skipped="1" time="0"><testcase classname="TedgeMapperC8yChildDevice" name="tedge_mapper_c8y_child_device_measurement">
		<skipped message="SKIPPED: Test execution disabled due to #1088" />
		<system-out>08:14:20 INFO  ==============================================================
08:14:20 INFO  Id:    tedge_mapper_c8y_child_device_measurement
08:14:20 INFO  Dir:   tedge_mapper_c8y/
08:14:20 INFO  Title: Validate that measurements sent to tedge/measurements/child topic gets mapped as the child device's measurement in Cumulocity
08:14:20 INFO  ==============================================================
08:14:20 INFO  Test execution disabled due to #1088 ... skipped
08:14:20 INFO  
08:14:20 INFO  Test duration: 0.05 secs
08:14:20 INFO  Test final outcome:  SKIPPED
08:14:20 INFO  Test outcome reason: Test execution disabled due to #1088
08:14:20 INFO  
</system-out>
	</testcase>
</testsuite><testsuite name="tedge_mapper_c8y_packet_threshold_size" tests="1" errors="0" failures="0" skipped="0" time="0"><testcase classname="TedgeMapperC8yThresholdPacketSize" name="tedge_mapper_c8y_packet_threshold_size" />
</testsuite><testsuite name="tedge_software_update" tests="1" errors="0" failures="0" skipped="0" time="0"><testcase classname="PySysTest" name="tedge_software_update" />
</testsuite><testsuite name="valid_device_id" tests="1" errors="0" failures="1" skipped="0" time="0"><testcase classname="ValidateValidDeviceId" name="valid_device_id">
		<failure message="FAILED: Grep on tedge_connect_c8y_test.out contains &quot;successful&quot;" type="FAILED" />
		<system-out>07:59:00 INFO  ==============================================================
07:59:00 INFO  Id:    valid_device_id
07:59:00 INFO  Dir:   misc_features/
07:59:00 INFO  Title: Valid device ID
07:59:00 INFO  ==============================================================
07:59:01 INFO  Restarting mosquitto too frequently in the last 10 seconds. It was only up for 6 seconds
07:59:01 INFO  Delaying execution by 5 seconds
07:59:06 INFO  Executed sudo&lt;tedge_disconnect_c8y&gt;, exit status 0
07:59:07 INFO  Executed sudo&lt;create_cert_dir&gt;, exit status 0
07:59:07 INFO  Executed sudo&lt;change_owner_of_dir&gt;, exit status 0
07:59:08 INFO  Executed sudo&lt;set_cert_path&gt;, exit status 0
07:59:08 INFO  Executed sudo&lt;set_key_path&gt;, exit status 0
07:59:09 INFO  Executed sudo&lt;cert_create&gt;, exit status 0
07:59:10 INFO  Executed sudo&lt;cert_upload&gt;, exit status 0
07:59:25 INFO  Executed sudo&lt;tedge_connect_c8y&gt;, exit status 0, duration 14 secs
07:59:36 INFO  Executed sudo&lt;tedge_connect_c8y_test&gt;, exit status 0
07:59:36 INFO  Grep on file tedge_connect_c8y.out ... passed
07:59:36 WARN  Grep on tedge_connect_c8y_test.out contains "successful" ... failed [run.py:108]
07:59:36 INFO  
07:59:36 INFO  cleanup:
07:59:40 INFO  Executed sudo&lt;tedge_disconnect_c8y&gt;, exit status 0
07:59:40 INFO  Executed sudo&lt;unset_cert_path&gt;, exit status 0
07:59:41 INFO  Executed sudo&lt;unset_key_path&gt;, exit status 0
07:59:42 INFO  Executed sudo&lt;remove_cert_dir&gt;, exit status 0
07:59:42 INFO  
07:59:42 INFO  Test duration: 41.25 secs
07:59:42 INFO  Test final outcome:  FAILED
07:59:42 INFO  Test outcome reason: Grep on tedge_connect_c8y_test.out contains "successful"
07:59:42 INFO  
</system-out>
	</testcase>
</testsuite></testsuites>