<?xml version='1.0' encoding='utf-8'?>
<testsuites tests="149" failures="26" errors="0" skipped="49" time="0.0"><testsuite name="SoftwareManagement.Plugin.apama_plugin_install" tests="3" errors="0" failures="0" skipped="1" time="0"><testcase classname="ApamaPluginInstallTest" name="SoftwareManagement.Plugin.apama_plugin_install">
		<skipped message="SKIPPED: Apama plugin tests are disabled by default. Execute `pysys run` with `-XmyPlatform=container` to run these tests" />
		<system-out>13:29:30 INFO  ==============================================================
13:29:30 INFO  Id:    SoftwareManagement.Plugin.apama_plugin_install
13:29:30 INFO  Dir:   plugin_apama/
13:29:30 INFO  Title: Validate apama plugin install
13:29:30 INFO  ==============================================================
13:29:30 INFO  Apama plugin tests are disabled by default. Execute `pysys run` with `-XmyPlatform=container` to run these tests ... skipped
13:29:30 WARN  Aborted test due to SKIPPED outcome
13:29:30 INFO  
13:29:30 INFO  Test duration: 0.05 secs
13:29:30 INFO  Test final outcome:  SKIPPED
13:29:30 INFO  Test outcome reason: Apama plugin tests are disabled by default. Execute `pysys run` with `-XmyPlatform=container` to run these tests
13:29:30 INFO  
</system-out>
	</testcase>
<testcase classname="ApamaPluginInstallTest" name="SoftwareManagement.Plugin.apama_plugin_install" />
<testcase classname="ApamaPluginInstallTest" name="SoftwareManagement.Plugin.apama_plugin_install" />
</testsuite><testsuite name="SoftwareManagement.Plugin.apama_plugin_mon_support" tests="3" errors="0" failures="0" skipped="1" time="0"><testcase classname="ApamaPluginMonSupportTest" name="SoftwareManagement.Plugin.apama_plugin_mon_support">
		<skipped message="SKIPPED: Apama plugin tests are disabled by default. Execute `pysys run` with `-XmyPlatform=container` to run these tests" />
		<system-out>13:29:30 INFO  ==============================================================
13:29:30 INFO  Id:    SoftwareManagement.Plugin.apama_plugin_mon_support
13:29:30 INFO  Dir:   plugin_apama/
13:29:30 INFO  Title: Validate mon file support of apama plugin
13:29:30 INFO  ==============================================================
13:29:30 INFO  Apama plugin tests are disabled by default. Execute `pysys run` with `-XmyPlatform=container` to run these tests ... skipped
13:29:30 WARN  Aborted test due to SKIPPED outcome
13:29:30 INFO  
13:29:30 INFO  Test duration: 0.02 secs
13:29:30 INFO  Test final outcome:  SKIPPED
13:29:30 INFO  Test outcome reason: Apama plugin tests are disabled by default. Execute `pysys run` with `-XmyPlatform=container` to run these tests
13:29:30 INFO  
</system-out>
	</testcase>
<testcase classname="ApamaPluginMonSupportTest" name="SoftwareManagement.Plugin.apama_plugin_mon_support" />
<testcase classname="ApamaPluginMonSupportTest" name="SoftwareManagement.Plugin.apama_plugin_mon_support" />
</testsuite><testsuite name="SoftwareManagement.Plugin.apama_plugin_remove" tests="3" errors="0" failures="0" skipped="1" time="0"><testcase classname="ApamaPluginRemoveTest" name="SoftwareManagement.Plugin.apama_plugin_remove">
		<skipped message="SKIPPED: Apama plugin tests are disabled by default. Execute `pysys run` with `-XmyPlatform=container` to run these tests" />
		<system-out>13:29:30 INFO  ==============================================================
13:29:30 INFO  Id:    SoftwareManagement.Plugin.apama_plugin_remove
13:29:30 INFO  Dir:   plugin_apama/
13:29:30 INFO  Title: Validate apama plugin remove
13:29:30 INFO  ==============================================================
13:29:30 INFO  Apama plugin tests are disabled by default. Execute `pysys run` with `-XmyPlatform=container` to run these tests ... skipped
13:29:30 WARN  Aborted test due to SKIPPED outcome
13:29:30 INFO  
13:29:30 INFO  Test duration: 0.02 secs
13:29:30 INFO  Test final outcome:  SKIPPED
13:29:30 INFO  Test outcome reason: Apama plugin tests are disabled by default. Execute `pysys run` with `-XmyPlatform=container` to run these tests
13:29:30 INFO  
</system-out>
	</testcase>
<testcase classname="ApamaPluginRemoveTest" name="SoftwareManagement.Plugin.apama_plugin_remove" />
<testcase classname="ApamaPluginRemoveTest" name="SoftwareManagement.Plugin.apama_plugin_remove" />
</testsuite><testsuite name="SoftwareManagement.Plugin.apama_plugin_update" tests="3" errors="0" failures="2" skipped="1" time="0"><testcase classname="ApamaPluginUpdateTest" name="SoftwareManagement.Plugin.apama_plugin_update">
		<skipped message="SKIPPED: Apama plugin tests are disabled by default. Execute `pysys run` with `-XmyPlatform=container` to run these tests" />
		<system-out>13:29:30 INFO  ==============================================================
13:29:30 INFO  Id:    SoftwareManagement.Plugin.apama_plugin_update
13:29:30 INFO  Dir:   plugin_apama/
13:29:30 INFO  Title: Validate apama plugin updating one project with another
13:29:30 INFO  ==============================================================
13:29:30 INFO  Apama plugin tests are disabled by default. Execute `pysys run` with `-XmyPlatform=container` to run these tests ... skipped
13:29:30 WARN  Aborted test due to SKIPPED outcome
13:29:30 INFO  
13:29:30 INFO  Test duration: 0.02 secs
13:29:30 INFO  Test final outcome:  SKIPPED
13:29:30 INFO  Test outcome reason: Apama plugin tests are disabled by default. Execute `pysys run` with `-XmyPlatform=container` to run these tests
13:29:30 INFO  
</system-out>
	</testcase>
<testcase classname="ApamaPluginUpdateTest" name="SoftwareManagement.Plugin.apama_plugin_update">
		<failure message="BLOCKED: sudo&lt;plugin_install&gt; returned non-zero exit code 2" type="BLOCKED" />
		<system-out>14:22:46 INFO  ==============================================================
14:22:46 INFO  Id:    SoftwareManagement.Plugin.apama_plugin_update
14:22:46 INFO  Dir:   plugin_apama/
14:22:46 INFO  Title: Validate apama plugin updating one project with another
14:22:46 INFO  ==============================================================
14:22:46 INFO  Assertion that path exists=False for "/etc/tedge/apama/project" ... passed
14:22:46 INFO  Executed sudo&lt;create_project_dir&gt;, exit status 0
14:22:47 INFO  Executed sudo&lt;unzip_apama_project&gt;, exit status 0
14:22:47 INFO  Executed sudo&lt;move_apama_project&gt;, exit status 0
14:22:48 INFO  Executed sudo&lt;restart_apama_service&gt;, exit status 0
14:22:49 INFO  Executed sudo&lt;apama_correlator_wait&gt;, exit status 0
14:22:49 INFO  Assertion that path exists=True for "/etc/tedge/apama/project" ... passed
14:22:50 INFO  Executed sudo&lt;apama_list_monitors&gt;, exit status 0
14:22:50 INFO  Grep on file /home/pi/actions-runner/_work/thin-edge.io/thin-edge.io/tests/PySys/plugin_apama/apama_plugin_update/Output/linux/apama_list_monitors.out ... passed
14:22:50 WARN  Executed sudo&lt;plugin_install&gt;, exit status 2
14:22:50 INFO  Contents of plugin_install.err: 
  ERROR: Directory not empty (os error 39)
  -----

14:22:51 WARN  sudo&lt;plugin_install&gt; returned non-zero exit code 2 ... blocked [run.py:35]
14:22:51 WARN  Aborted test due to BLOCKED outcome
14:22:51 INFO  
14:22:51 INFO  cleanup:
14:22:51 INFO  Removing apama project
14:23:07 INFO  Executed sudo&lt;stop_apama_service&gt;, exit status 0, duration 15 secs
14:23:07 INFO  Executed sudo&lt;remove_apama_project&gt;, exit status 0
14:23:08 INFO  Executed sudo&lt;remove_apama_tmp_dir&gt;, exit status 0
14:23:08 INFO  
14:23:08 INFO  Test duration: 22.22 secs
14:23:08 INFO  Test final outcome:  BLOCKED
14:23:08 INFO  Test outcome reason: sudo&lt;plugin_install&gt; returned non-zero exit code 2
14:23:08 INFO  
</system-out>
	</testcase>
<testcase classname="ApamaPluginUpdateTest" name="SoftwareManagement.Plugin.apama_plugin_update">
		<failure message="BLOCKED: sudo&lt;plugin_install&gt; returned non-zero exit code 2" type="BLOCKED" />
		<system-out>14:31:51 INFO  ==============================================================
14:31:51 INFO  Id:    SoftwareManagement.Plugin.apama_plugin_update
14:31:51 INFO  Dir:   plugin_apama/
14:31:51 INFO  Title: Validate apama plugin updating one project with another
14:31:51 INFO  ==============================================================
14:31:51 INFO  Assertion that path exists=False for "/etc/tedge/apama/project" ... passed
14:31:52 INFO  Executed sudo&lt;create_project_dir&gt;, exit status 0
14:31:52 INFO  Executed sudo&lt;unzip_apama_project&gt;, exit status 0
14:31:53 INFO  Executed sudo&lt;move_apama_project&gt;, exit status 0
14:31:54 INFO  Executed sudo&lt;restart_apama_service&gt;, exit status 0
14:31:55 INFO  Executed sudo&lt;apama_correlator_wait&gt;, exit status 0
14:31:55 INFO  Assertion that path exists=True for "/etc/tedge/apama/project" ... passed
14:31:55 INFO  Executed sudo&lt;apama_list_monitors&gt;, exit status 0
14:31:55 INFO  Grep on file /home/pi/actions-runner/_work/thin-edge.io/thin-edge.io/tests/PySys/plugin_apama/apama_plugin_update/Output/linux/apama_list_monitors.out ... passed
14:31:56 WARN  Executed sudo&lt;plugin_install&gt;, exit status 2
14:31:56 INFO  Contents of plugin_install.err: 
  ERROR: Directory not empty (os error 39)
  -----

14:31:56 WARN  sudo&lt;plugin_install&gt; returned non-zero exit code 2 ... blocked [run.py:35]
14:31:56 WARN  Aborted test due to BLOCKED outcome
14:31:56 INFO  
14:31:56 INFO  cleanup:
14:31:56 INFO  Removing apama project
14:32:13 INFO  Executed sudo&lt;stop_apama_service&gt;, exit status 0, duration 16 secs
14:32:13 INFO  Executed sudo&lt;remove_apama_project&gt;, exit status 0
14:32:14 INFO  Executed sudo&lt;remove_apama_tmp_dir&gt;, exit status 0
14:32:14 INFO  
14:32:14 INFO  Test duration: 22.26 secs
14:32:14 INFO  Test final outcome:  BLOCKED
14:32:14 INFO  Test outcome reason: sudo&lt;plugin_install&gt; returned non-zero exit code 2
14:32:14 INFO  
</system-out>
	</testcase>
</testsuite><testsuite name="SoftwareManagement.sm_apt_install_download_path" tests="3" errors="0" failures="2" skipped="1" time="0"><testcase classname="AptInstallWithDownloadPath" name="SoftwareManagement.sm_apt_install_download_path">
		<skipped message="SKIPPED: Testing the apt plugin is not supported on this platform.Use parameter -XmyPlatform='container' to enable it" />
		<system-out>13:39:13 INFO  ==============================================================
13:39:13 INFO  Id:    SoftwareManagement.sm_apt_install_download_path
13:39:13 INFO  Dir:   software_management_end_to_end/
13:39:13 INFO  Title: Install package to directory specified in tedge config set tmp.path
13:39:13 INFO  ==============================================================
13:39:13 INFO  Testing the apt plugin is not supported on this platform.Use parameter -XmyPlatform='container' to enable it ... skipped
13:39:13 WARN  Aborted test due to SKIPPED outcome
13:39:13 INFO  
13:39:13 INFO  Test duration: 0.08 secs
13:39:13 INFO  Test final outcome:  SKIPPED
13:39:13 INFO  Test outcome reason: Testing the apt plugin is not supported on this platform.Use parameter -XmyPlatform='container' to enable it
13:39:13 INFO  
</system-out>
	</testcase>
<testcase classname="AptInstallWithDownloadPath" name="SoftwareManagement.sm_apt_install_download_path">
		<failure message="BLOCKED: AssertionError:" type="BLOCKED" />
		<system-out>14:03:12 INFO  ==============================================================
14:03:12 INFO  Id:    SoftwareManagement.sm_apt_install_download_path
14:03:12 INFO  Dir:   software_management_end_to_end/
14:03:12 INFO  Title: Install package to directory specified in tedge config set tmp.path
14:03:12 INFO  ==============================================================
14:03:12 INFO  Using sw id database: {'asciijump': '5475369', 'robotfindskitten': '5474869', 'squirrel3': '5475279', 'rolldice': '5152439', 'moon-buggy': '5439204', 'apple': '5495053', 'banana': '5494888', 'cherry': '5495382', 'watermelon': '5494510', 'registry': '8018911', 'hello-world': '8021526', 'docker/getting-started': '8021973', 'alpine': '7991792'}
14:03:12 INFO  EnvironmentC8y Setup
14:03:13 INFO  Executed systemctl&lt;serv_mapper1&gt;, exit status 3
14:03:27 INFO  Executed sudo&lt;tedge_connect_c8y&gt;, exit status 0, duration 14 secs
14:03:28 INFO  Executed sudo&lt;tedge_connect_c8y_test&gt;, exit status 0
14:03:29 INFO  Executed systemctl&lt;serv_mosq2&gt;, exit status 0
14:03:30 INFO  Executed systemctl&lt;serv_mapper3&gt;, exit status 0
14:03:33 INFO  State of current operation: SUCCESSFUL
14:03:33 INFO  Assert that (False == value) with value=False ... passed
14:03:33 INFO  Executed sudo, exit status 0
14:03:34 INFO  Executed sudo, exit status 0
14:03:35 INFO  Executed sudo, exit status 0
14:03:39 INFO  Executed sudo&lt;tedge_disconnect_c8y&gt;, exit status 0
14:03:39 INFO  Restarting mosquitto too frequently in the last 10 seconds. It was only up for 3 seconds
14:03:39 INFO  Delaying execution by 8 seconds
14:04:01 INFO  Executed sudo&lt;tedge_connect_c8y&gt;, exit status 0, duration 14 secs
14:04:01 INFO  Response status: 201
14:04:01 INFO  Response to action: {
    "creationTime": "2022-04-19T14:04:01.723Z",
    "deviceName": "mythicc",
    "deviceId": "17392960",
    "self": "https://t493319102.eu-latest.cumulocity.com/devicecontrol/operations/17475287",
    "id": "17475287",
    "status": "PENDING",
    "description": "Apply software changes, triggered from PySys: [{'name': 'rolldice', 'id': '5152439', 'version': '::apt', 'url': 'https://thin-edge-io.eu-latest.cumulocity.com/inventory/binaries/12435463', 'action': 'install'}]",
    "c8y_SoftwareUpdate": [
        {
            "name": "rolldice",
            "action": "install",
            "id": "5152439",
            "version": "::apt",
            "url": "https://thin-edge-io.eu-latest.cumulocity.com/inventory/binaries/12435463"
        }
    ]
}
14:04:01 INFO  Started operation: {'creationTime': '2022-04-19T14:04:01.723Z', 'deviceName': 'mythicc', 'deviceId': '17392960', 'self': 'https://t493319102.eu-latest.cumulocity.com/devicecontrol/operations/17475287', 'id': '17475287', 'status': 'PENDING', 'description': "Apply software changes, triggered from PySys: [{'name': 'rolldice', 'id': '5152439', 'version': '::apt', 'url': 'https://thin-edge-io.eu-latest.cumulocity.com/inventory/binaries/12435463', 'action': 'install'}]", 'c8y_SoftwareUpdate': [{'name': 'rolldice', 'action': 'install', 'id': '5152439', 'version': '::apt', 'url': 'https://thin-edge-io.eu-latest.cumulocity.com/inventory/binaries/12435463'}]}
14:04:01 WARN  , retrying in 0.5 seconds...
14:04:02 WARN  , retrying in 0.5 seconds...
14:04:02 WARN  , retrying in 0.5 seconds...
14:04:03 WARN  , retrying in 0.5 seconds...
14:04:03 WARN  , retrying in 0.5 seconds...
14:04:04 WARN  , retrying in 0.5 seconds...
14:04:04 WARN  , retrying in 0.5 seconds...
14:04:05 WARN  , retrying in 0.5 seconds...
14:04:05 WARN  , retrying in 0.5 seconds...
14:04:06 WARN  AssertionError occurred while running test - 
Traceback (most recent call last):
  File "/home/pi/env-pysys/lib/python3.7/site-packages/pysys/baserunner.py", line 1294, in __call__
    self.testObj.execute()
  File "/home/pi/actions-runner/_work/thin-edge.io/thin-edge.io/tests/PySys/software_management_end_to_end/sm_apt_install_download_path/run.py", line 83, in execute
    assert_install_in_download_path(install_directory=self.DOWNLOAD_DIR)
  File "/home/pi/env-pysys/lib/python3.7/site-packages/decorator.py", line 232, in fun
    return caller(func, *(extras + args), **kw)
  File "/home/pi/env-pysys/lib/python3.7/site-packages/retry/api.py", line 74, in retry_decorator
    logger)
  File "/home/pi/env-pysys/lib/python3.7/site-packages/retry/api.py", line 33, in __retry_internal
    return f()
  File "/home/pi/actions-runner/_work/thin-edge.io/thin-edge.io/tests/PySys/software_management_end_to_end/sm_apt_install_download_path/run.py", line 28, in assert_install_in_download_path
    assert "rolldice" in os.listdir(f"{install_directory}")
AssertionError
14:04:06 WARN  AssertionError: ... blocked 
14:04:06 INFO  
14:04:06 INFO  cleanup:
14:04:07 INFO  Executed sudo, exit status 0
14:04:08 INFO  Executed sudo, exit status 0
14:04:12 INFO  Executed sudo&lt;tedge_disconnect_c8y&gt;, exit status 0
14:04:12 INFO  Restarting mosquitto too frequently in the last 10 seconds. It was only up for 3 seconds
14:04:12 INFO  Delaying execution by 8 seconds
14:04:35 INFO  Executed sudo&lt;tedge_connect_c8y&gt;, exit status 0, duration 14 secs
14:04:39 INFO  Executed sudo&lt;tedge_disconnect_c8y&gt;, exit status 0
14:04:40 INFO  Executed systemctl&lt;serv_mapper5&gt;, exit status 3
14:04:40 INFO  
14:04:40 INFO  Test duration: 87.59 secs
14:04:40 INFO  Test final outcome:  BLOCKED
14:04:40 INFO  Test outcome reason: AssertionError:
14:04:40 INFO  
</system-out>
	</testcase>
<testcase classname="AptInstallWithDownloadPath" name="SoftwareManagement.sm_apt_install_download_path">
		<failure message="BLOCKED: SystemError: Timeout while waiting for status FAILED or SUCCESSFUL" type="BLOCKED" />
		<system-out>14:32:14 INFO  ==============================================================
14:32:14 INFO  Id:    SoftwareManagement.sm_apt_install_download_path
14:32:14 INFO  Dir:   software_management_end_to_end/
14:32:14 INFO  Title: Install package to directory specified in tedge config set tmp.path
14:32:14 INFO  ==============================================================
14:32:15 INFO  Using sw id database: {'asciijump': '5475369', 'robotfindskitten': '5474869', 'squirrel3': '5475279', 'rolldice': '5152439', 'moon-buggy': '5439204', 'apple': '5495053', 'banana': '5494888', 'cherry': '5495382', 'watermelon': '5494510', 'registry': '8018911', 'hello-world': '8021526', 'docker/getting-started': '8021973', 'alpine': '7991792'}
14:32:15 INFO  EnvironmentC8y Setup
14:32:15 INFO  Executed systemctl&lt;serv_mapper1&gt;, exit status 3
14:32:30 INFO  Executed sudo&lt;tedge_connect_c8y&gt;, exit status 0, duration 14 secs
14:32:31 INFO  Executed sudo&lt;tedge_connect_c8y_test&gt;, exit status 0
14:32:31 INFO  Executed systemctl&lt;serv_mosq2&gt;, exit status 0
14:32:32 INFO  Executed systemctl&lt;serv_mapper3&gt;, exit status 0
14:32:34 INFO  State of current operation: PENDING
14:32:36 INFO  State of current operation: PENDING
14:32:38 INFO  State of current operation: PENDING
14:32:41 INFO  State of current operation: PENDING
14:32:43 INFO  State of current operation: PENDING
14:32:45 INFO  State of current operation: PENDING
14:32:47 INFO  State of current operation: PENDING
14:32:49 INFO  State of current operation: PENDING
14:32:52 INFO  State of current operation: PENDING
14:32:54 INFO  State of current operation: PENDING
14:32:56 INFO  State of current operation: PENDING
14:32:58 INFO  State of current operation: PENDING
14:33:01 INFO  State of current operation: PENDING
14:33:03 INFO  State of current operation: PENDING
14:33:05 INFO  State of current operation: PENDING
14:33:07 INFO  State of current operation: PENDING
14:33:10 INFO  State of current operation: PENDING
14:33:12 INFO  State of current operation: PENDING
14:33:14 INFO  State of current operation: PENDING
14:33:16 INFO  State of current operation: PENDING
14:33:18 INFO  State of current operation: PENDING
14:33:21 INFO  State of current operation: PENDING
14:33:23 INFO  State of current operation: PENDING
14:33:25 INFO  State of current operation: PENDING
14:33:27 INFO  State of current operation: PENDING
14:33:30 INFO  State of current operation: PENDING
14:33:32 INFO  State of current operation: PENDING
14:33:34 INFO  State of current operation: PENDING
14:33:36 INFO  State of current operation: PENDING
14:33:39 INFO  State of current operation: PENDING
14:33:41 INFO  State of current operation: PENDING
14:33:43 INFO  State of current operation: PENDING
14:33:45 INFO  State of current operation: PENDING
14:33:48 INFO  State of current operation: PENDING
14:33:50 INFO  State of current operation: PENDING
14:33:52 INFO  State of current operation: PENDING
14:33:54 INFO  State of current operation: PENDING
14:33:56 INFO  State of current operation: PENDING
14:33:59 INFO  State of current operation: PENDING
14:34:01 INFO  State of current operation: PENDING
14:34:03 INFO  State of current operation: PENDING
14:34:05 INFO  State of current operation: PENDING
14:34:08 INFO  State of current operation: PENDING
14:34:10 INFO  State of current operation: PENDING
14:34:12 INFO  State of current operation: PENDING
14:34:14 INFO  State of current operation: PENDING
14:34:17 INFO  State of current operation: PENDING
14:34:19 INFO  State of current operation: PENDING
14:34:21 INFO  State of current operation: PENDING
14:34:23 INFO  State of current operation: PENDING
14:34:25 INFO  State of current operation: PENDING
14:34:28 INFO  State of current operation: PENDING
14:34:30 INFO  State of current operation: PENDING
14:34:32 INFO  State of current operation: PENDING
14:34:34 INFO  State of current operation: PENDING
14:34:37 INFO  State of current operation: PENDING
14:34:39 INFO  State of current operation: PENDING
14:34:41 INFO  State of current operation: PENDING
14:34:43 INFO  State of current operation: PENDING
14:34:45 INFO  State of current operation: PENDING
14:34:48 INFO  State of current operation: PENDING
14:34:50 WARN  SystemError occurred while running test - Timeout while waiting for status FAILED or SUCCESSFUL
Traceback (most recent call last):
  File "/home/pi/env-pysys/lib/python3.7/site-packages/pysys/baserunner.py", line 1292, in __call__
    self.testObj.setup()
  File "/home/pi/actions-runner/_work/thin-edge.io/thin-edge.io/tests/PySys/software_management_end_to_end/sm_apt_install_download_path/run.py", line 48, in setup
    super().setup()
  File "/home/pi/actions-runner/_work/thin-edge.io/thin-edge.io/tests/PySys/software_management_end_to_end/environment_sm_management.py", line 151, in setup
    self.wait_until_end()
  File "/home/pi/actions-runner/_work/thin-edge.io/thin-edge.io/tests/PySys/software_management_end_to_end/environment_sm_management.py", line 332, in wait_until_end
    self.wait_until_status("FAILED", "SUCCESSFUL")
  File "/home/pi/actions-runner/_work/thin-edge.io/thin-edge.io/tests/PySys/software_management_end_to_end/environment_sm_management.py", line 381, in wait_until_status
    "Timeout while waiting for status %s or %s" % (status, status2)
SystemError: Timeout while waiting for status FAILED or SUCCESSFUL
14:34:50 WARN  SystemError: Timeout while waiting for status FAILED or SUCCESSFUL ... blocked 
14:34:50 INFO  
14:34:50 INFO  cleanup:
14:34:50 INFO  Executed sudo, exit status 0
14:34:51 INFO  Executed sudo, exit status 0
14:34:55 INFO  Executed sudo&lt;tedge_disconnect_c8y&gt;, exit status 0
14:34:55 INFO  Restarting mosquitto too frequently in the last 10 seconds. It was only up for 3 seconds
14:34:55 INFO  Delaying execution by 8 seconds
14:35:17 INFO  Executed sudo&lt;tedge_connect_c8y&gt;, exit status 0, duration 14 secs
14:35:21 INFO  Executed sudo&lt;tedge_disconnect_c8y&gt;, exit status 0
14:35:22 INFO  Executed systemctl&lt;serv_mapper5&gt;, exit status 3
14:35:22 INFO  
14:35:22 INFO  Test duration: 188.36 secs
14:35:22 INFO  Test final outcome:  BLOCKED
14:35:22 INFO  Test outcome reason: SystemError: Timeout while waiting for status FAILED or SUCCESSFUL
14:35:22 INFO  
</system-out>
	</testcase>
</testsuite><testsuite name="SoftwareManagement.sm_apt_install_fail" tests="3" errors="0" failures="2" skipped="1" time="0"><testcase classname="PySysTest" name="SoftwareManagement.sm_apt_install_fail">
		<skipped message="SKIPPED: Testing the apt plugin is not supported on this platform.Use parameter -XmyPlatform='container' to enable it" />
		<system-out>13:39:13 INFO  ==============================================================
13:39:13 INFO  Id:    SoftwareManagement.sm_apt_install_fail
13:39:13 INFO  Dir:   software_management_end_to_end/
13:39:13 INFO  Title: Validate end to end behaviour for a failing installation
13:39:13 INFO  ==============================================================
13:39:13 INFO  Testing the apt plugin is not supported on this platform.Use parameter -XmyPlatform='container' to enable it ... skipped
13:39:13 WARN  Aborted test due to SKIPPED outcome
13:39:13 INFO  
13:39:13 INFO  Test duration: 0.03 secs
13:39:13 INFO  Test final outcome:  SKIPPED
13:39:13 INFO  Test outcome reason: Testing the apt plugin is not supported on this platform.Use parameter -XmyPlatform='container' to enable it
13:39:13 INFO  
</system-out>
	</testcase>
<testcase classname="PySysTest" name="SoftwareManagement.sm_apt_install_fail">
		<failure message="BLOCKED: SystemError: Timeout while waiting for status FAILED or SUCCESSFUL" type="BLOCKED" />
		<system-out>14:04:40 INFO  ==============================================================
14:04:40 INFO  Id:    SoftwareManagement.sm_apt_install_fail
14:04:40 INFO  Dir:   software_management_end_to_end/
14:04:40 INFO  Title: Validate end to end behaviour for a failing installation
14:04:40 INFO  ==============================================================
14:04:40 INFO  Using sw id database: {'asciijump': '5475369', 'robotfindskitten': '5474869', 'squirrel3': '5475279', 'rolldice': '5152439', 'moon-buggy': '5439204', 'apple': '5495053', 'banana': '5494888', 'cherry': '5495382', 'watermelon': '5494510', 'registry': '8018911', 'hello-world': '8021526', 'docker/getting-started': '8021973', 'alpine': '7991792'}
14:04:40 INFO  EnvironmentC8y Setup
14:04:40 INFO  Executed systemctl&lt;serv_mapper1&gt;, exit status 3
14:04:40 INFO  Restarting mosquitto too frequently in the last 10 seconds. It was only up for 4 seconds
14:04:40 INFO  Delaying execution by 7 seconds
14:05:01 INFO  Executed sudo&lt;tedge_connect_c8y&gt;, exit status 0, duration 14 secs
14:05:02 INFO  Executed sudo&lt;tedge_connect_c8y_test&gt;, exit status 0
14:05:03 INFO  Executed systemctl&lt;serv_mosq2&gt;, exit status 0
14:05:03 INFO  Executed systemctl&lt;serv_mapper3&gt;, exit status 0
14:05:05 INFO  State of current operation: PENDING
14:05:08 INFO  State of current operation: PENDING
14:05:10 INFO  State of current operation: PENDING
14:05:12 INFO  State of current operation: PENDING
14:05:14 INFO  State of current operation: PENDING
14:05:16 INFO  State of current operation: PENDING
14:05:19 INFO  State of current operation: PENDING
14:05:21 INFO  State of current operation: PENDING
14:05:24 INFO  State of current operation: PENDING
14:05:26 INFO  State of current operation: PENDING
14:05:29 INFO  State of current operation: PENDING
14:05:31 INFO  State of current operation: PENDING
14:05:33 INFO  State of current operation: PENDING
14:05:36 INFO  State of current operation: PENDING
14:05:38 INFO  State of current operation: PENDING
14:05:40 INFO  State of current operation: PENDING
14:05:42 INFO  State of current operation: PENDING
14:05:45 INFO  State of current operation: PENDING
14:05:47 INFO  State of current operation: PENDING
14:05:50 INFO  State of current operation: PENDING
14:05:52 INFO  State of current operation: PENDING
14:05:54 INFO  State of current operation: PENDING
14:05:56 INFO  State of current operation: PENDING
14:05:59 INFO  State of current operation: PENDING
14:06:01 INFO  State of current operation: PENDING
14:06:03 INFO  State of current operation: PENDING
14:06:05 INFO  State of current operation: PENDING
14:06:08 INFO  State of current operation: PENDING
14:06:10 INFO  State of current operation: PENDING
14:06:12 INFO  State of current operation: PENDING
14:06:14 INFO  State of current operation: PENDING
14:06:17 INFO  State of current operation: PENDING
14:06:19 INFO  State of current operation: PENDING
14:06:21 INFO  State of current operation: PENDING
14:06:23 INFO  State of current operation: PENDING
14:06:25 INFO  State of current operation: PENDING
14:06:28 INFO  State of current operation: PENDING
14:06:30 INFO  State of current operation: PENDING
14:06:32 INFO  State of current operation: PENDING
14:06:34 INFO  State of current operation: PENDING
14:06:37 INFO  State of current operation: PENDING
14:06:39 INFO  State of current operation: PENDING
14:06:41 INFO  State of current operation: PENDING
14:06:43 INFO  State of current operation: PENDING
14:06:46 INFO  State of current operation: PENDING
14:06:49 INFO  State of current operation: PENDING
14:06:51 INFO  State of current operation: PENDING
14:06:54 INFO  State of current operation: PENDING
14:06:56 INFO  State of current operation: PENDING
14:06:58 INFO  State of current operation: PENDING
14:07:00 INFO  State of current operation: PENDING
14:07:02 INFO  State of current operation: PENDING
14:07:05 INFO  State of current operation: PENDING
14:07:07 INFO  State of current operation: PENDING
14:07:10 INFO  State of current operation: PENDING
14:07:12 INFO  State of current operation: PENDING
14:07:14 INFO  State of current operation: PENDING
14:07:17 INFO  State of current operation: PENDING
14:07:19 INFO  State of current operation: PENDING
14:07:22 INFO  State of current operation: PENDING
14:07:24 INFO  State of current operation: PENDING
14:07:26 WARN  SystemError occurred while running test - Timeout while waiting for status FAILED or SUCCESSFUL
Traceback (most recent call last):
  File "/home/pi/env-pysys/lib/python3.7/site-packages/pysys/baserunner.py", line 1292, in __call__
    self.testObj.setup()
  File "/home/pi/actions-runner/_work/thin-edge.io/thin-edge.io/tests/PySys/software_management_end_to_end/sm_apt_install_fail/run.py", line 20, in setup
    super().setup()
  File "/home/pi/actions-runner/_work/thin-edge.io/thin-edge.io/tests/PySys/software_management_end_to_end/environment_sm_management.py", line 151, in setup
    self.wait_until_end()
  File "/home/pi/actions-runner/_work/thin-edge.io/thin-edge.io/tests/PySys/software_management_end_to_end/environment_sm_management.py", line 332, in wait_until_end
    self.wait_until_status("FAILED", "SUCCESSFUL")
  File "/home/pi/actions-runner/_work/thin-edge.io/thin-edge.io/tests/PySys/software_management_end_to_end/environment_sm_management.py", line 381, in wait_until_status
    "Timeout while waiting for status %s or %s" % (status, status2)
SystemError: Timeout while waiting for status FAILED or SUCCESSFUL
14:07:26 WARN  SystemError: Timeout while waiting for status FAILED or SUCCESSFUL ... blocked 
14:07:26 INFO  
14:07:26 INFO  cleanup:
14:07:32 INFO  Executed sudo&lt;tedge_disconnect_c8y&gt;, exit status 0
14:07:33 INFO  Executed systemctl&lt;serv_mapper5&gt;, exit status 3
14:07:33 INFO  
14:07:33 INFO  Test duration: 173.22 secs
14:07:33 INFO  Test final outcome:  BLOCKED
14:07:33 INFO  Test outcome reason: SystemError: Timeout while waiting for status FAILED or SUCCESSFUL
14:07:33 INFO  
</system-out>
	</testcase>
<testcase classname="PySysTest" name="SoftwareManagement.sm_apt_install_fail">
		<failure message="BLOCKED: SystemError: Timeout while waiting for status FAILED or SUCCESSFUL" type="BLOCKED" />
		<system-out>14:35:22 INFO  ==============================================================
14:35:22 INFO  Id:    SoftwareManagement.sm_apt_install_fail
14:35:22 INFO  Dir:   software_management_end_to_end/
14:35:22 INFO  Title: Validate end to end behaviour for a failing installation
14:35:22 INFO  ==============================================================
14:35:22 INFO  Using sw id database: {'asciijump': '5475369', 'robotfindskitten': '5474869', 'squirrel3': '5475279', 'rolldice': '5152439', 'moon-buggy': '5439204', 'apple': '5495053', 'banana': '5494888', 'cherry': '5495382', 'watermelon': '5494510', 'registry': '8018911', 'hello-world': '8021526', 'docker/getting-started': '8021973', 'alpine': '7991792'}
14:35:22 INFO  EnvironmentC8y Setup
14:35:23 INFO  Executed systemctl&lt;serv_mapper1&gt;, exit status 3
14:35:23 INFO  Restarting mosquitto too frequently in the last 10 seconds. It was only up for 5 seconds
14:35:23 INFO  Delaying execution by 6 seconds
14:35:43 INFO  Executed sudo&lt;tedge_connect_c8y&gt;, exit status 0, duration 14 secs
14:35:43 INFO  Executed sudo&lt;tedge_connect_c8y_test&gt;, exit status 0
14:35:44 INFO  Executed systemctl&lt;serv_mosq2&gt;, exit status 0
14:35:44 INFO  Executed systemctl&lt;serv_mapper3&gt;, exit status 0
14:35:47 INFO  State of current operation: PENDING
14:35:49 INFO  State of current operation: PENDING
14:35:51 INFO  State of current operation: PENDING
14:35:53 INFO  State of current operation: PENDING
14:35:55 INFO  State of current operation: PENDING
14:35:58 INFO  State of current operation: PENDING
14:36:00 INFO  State of current operation: PENDING
14:36:02 INFO  State of current operation: PENDING
14:36:04 INFO  State of current operation: PENDING
14:36:07 INFO  State of current operation: PENDING
14:36:09 INFO  State of current operation: PENDING
14:36:11 INFO  State of current operation: PENDING
14:36:13 INFO  State of current operation: PENDING
14:36:16 INFO  State of current operation: PENDING
14:36:18 INFO  State of current operation: PENDING
14:36:20 INFO  State of current operation: PENDING
14:36:22 INFO  State of current operation: PENDING
14:36:24 INFO  State of current operation: PENDING
14:36:27 INFO  State of current operation: PENDING
14:36:29 INFO  State of current operation: PENDING
14:36:31 INFO  State of current operation: PENDING
14:36:34 INFO  State of current operation: PENDING
14:36:36 INFO  State of current operation: PENDING
14:36:38 INFO  State of current operation: PENDING
14:36:40 INFO  State of current operation: PENDING
14:36:43 INFO  State of current operation: PENDING
14:36:45 INFO  State of current operation: PENDING
14:36:47 INFO  State of current operation: PENDING
14:36:49 INFO  State of current operation: PENDING
14:36:52 INFO  State of current operation: PENDING
14:36:54 INFO  State of current operation: PENDING
14:36:56 INFO  State of current operation: PENDING
14:36:58 INFO  State of current operation: PENDING
14:37:01 INFO  State of current operation: PENDING
14:37:03 INFO  State of current operation: PENDING
14:37:05 INFO  State of current operation: PENDING
14:37:07 INFO  State of current operation: PENDING
14:37:09 INFO  State of current operation: PENDING
14:37:12 INFO  State of current operation: PENDING
14:37:14 INFO  State of current operation: PENDING
14:37:16 INFO  State of current operation: PENDING
14:37:18 INFO  State of current operation: PENDING
14:37:21 INFO  State of current operation: PENDING
14:37:23 INFO  State of current operation: PENDING
14:37:25 INFO  State of current operation: PENDING
14:37:27 INFO  State of current operation: PENDING
14:37:29 INFO  State of current operation: PENDING
14:37:32 INFO  State of current operation: PENDING
14:37:34 INFO  State of current operation: PENDING
14:37:36 INFO  State of current operation: PENDING
14:37:38 INFO  State of current operation: PENDING
14:37:41 INFO  State of current operation: PENDING
14:37:43 INFO  State of current operation: PENDING
14:37:45 INFO  State of current operation: PENDING
14:37:47 INFO  State of current operation: PENDING
14:37:50 INFO  State of current operation: PENDING
14:37:52 INFO  State of current operation: PENDING
14:37:54 INFO  State of current operation: PENDING
14:37:56 INFO  State of current operation: PENDING
14:37:58 INFO  State of current operation: PENDING
14:38:01 INFO  State of current operation: PENDING
14:38:03 WARN  SystemError occurred while running test - Timeout while waiting for status FAILED or SUCCESSFUL
Traceback (most recent call last):
  File "/home/pi/env-pysys/lib/python3.7/site-packages/pysys/baserunner.py", line 1292, in __call__
    self.testObj.setup()
  File "/home/pi/actions-runner/_work/thin-edge.io/thin-edge.io/tests/PySys/software_management_end_to_end/sm_apt_install_fail/run.py", line 20, in setup
    super().setup()
  File "/home/pi/actions-runner/_work/thin-edge.io/thin-edge.io/tests/PySys/software_management_end_to_end/environment_sm_management.py", line 151, in setup
    self.wait_until_end()
  File "/home/pi/actions-runner/_work/thin-edge.io/thin-edge.io/tests/PySys/software_management_end_to_end/environment_sm_management.py", line 332, in wait_until_end
    self.wait_until_status("FAILED", "SUCCESSFUL")
  File "/home/pi/actions-runner/_work/thin-edge.io/thin-edge.io/tests/PySys/software_management_end_to_end/environment_sm_management.py", line 381, in wait_until_status
    "Timeout while waiting for status %s or %s" % (status, status2)
SystemError: Timeout while waiting for status FAILED or SUCCESSFUL
14:38:03 WARN  SystemError: Timeout while waiting for status FAILED or SUCCESSFUL ... blocked 
14:38:03 INFO  
14:38:03 INFO  cleanup:
14:38:07 INFO  Executed sudo&lt;tedge_disconnect_c8y&gt;, exit status 0
14:38:08 INFO  Executed systemctl&lt;serv_mapper5&gt;, exit status 3
14:38:08 INFO  
14:38:08 INFO  Test duration: 165.48 secs
14:38:08 INFO  Test final outcome:  BLOCKED
14:38:08 INFO  Test outcome reason: SystemError: Timeout while waiting for status FAILED or SUCCESSFUL
14:38:08 INFO  
</system-out>
	</testcase>
</testsuite><testsuite name="SoftwareManagement.sm_apt_install_remove" tests="3" errors="0" failures="2" skipped="1" time="0"><testcase classname="PySysTest" name="SoftwareManagement.sm_apt_install_remove">
		<skipped message="SKIPPED: Testing the apt plugin is not supported on this platform.Use parameter -XmyPlatform='container' to enable it" />
		<system-out>13:39:13 INFO  ==============================================================
13:39:13 INFO  Id:    SoftwareManagement.sm_apt_install_remove
13:39:13 INFO  Dir:   software_management_end_to_end/
13:39:13 INFO  Title: Validate end to end behaviour for the apt plugin for installation and removal of packages
13:39:13 INFO  ==============================================================
13:39:13 INFO  Testing the apt plugin is not supported on this platform.Use parameter -XmyPlatform='container' to enable it ... skipped
13:39:13 WARN  Aborted test due to SKIPPED outcome
13:39:13 INFO  
13:39:13 INFO  Test duration: 0.02 secs
13:39:13 INFO  Test final outcome:  SKIPPED
13:39:13 INFO  Test outcome reason: Testing the apt plugin is not supported on this platform.Use parameter -XmyPlatform='container' to enable it
13:39:13 INFO  
</system-out>
	</testcase>
<testcase classname="PySysTest" name="SoftwareManagement.sm_apt_install_remove">
		<failure message="BLOCKED: SystemError: Timeout while waiting for status FAILED or SUCCESSFUL" type="BLOCKED" />
		<system-out>14:07:33 INFO  ==============================================================
14:07:33 INFO  Id:    SoftwareManagement.sm_apt_install_remove
14:07:33 INFO  Dir:   software_management_end_to_end/
14:07:33 INFO  Title: Validate end to end behaviour for the apt plugin for installation and removal of packages
14:07:33 INFO  ==============================================================
14:07:33 INFO  Using sw id database: {'asciijump': '5475369', 'robotfindskitten': '5474869', 'squirrel3': '5475279', 'rolldice': '5152439', 'moon-buggy': '5439204', 'apple': '5495053', 'banana': '5494888', 'cherry': '5495382', 'watermelon': '5494510', 'registry': '8018911', 'hello-world': '8021526', 'docker/getting-started': '8021973', 'alpine': '7991792'}
14:07:33 INFO  EnvironmentC8y Setup
14:07:33 INFO  Executed systemctl&lt;serv_mapper1&gt;, exit status 3
14:07:34 INFO  Restarting mosquitto too frequently in the last 10 seconds. It was only up for 7 seconds
14:07:34 INFO  Delaying execution by 4 seconds
14:07:52 INFO  Executed sudo&lt;tedge_connect_c8y&gt;, exit status 0, duration 14 secs
14:07:53 INFO  Executed sudo&lt;tedge_connect_c8y_test&gt;, exit status 0
14:07:54 INFO  Executed systemctl&lt;serv_mosq2&gt;, exit status 0
14:07:55 INFO  Executed systemctl&lt;serv_mapper3&gt;, exit status 0
14:07:57 INFO  State of current operation: PENDING
14:07:59 INFO  State of current operation: PENDING
14:08:02 INFO  State of current operation: PENDING
14:08:04 INFO  State of current operation: PENDING
14:08:06 INFO  State of current operation: PENDING
14:08:08 INFO  State of current operation: PENDING
14:08:10 INFO  State of current operation: PENDING
14:08:13 INFO  State of current operation: PENDING
14:08:15 INFO  State of current operation: PENDING
14:08:17 INFO  State of current operation: PENDING
14:08:19 INFO  State of current operation: PENDING
14:08:22 INFO  State of current operation: PENDING
14:08:24 INFO  State of current operation: PENDING
14:08:26 INFO  State of current operation: PENDING
14:08:28 INFO  State of current operation: PENDING
14:08:30 INFO  State of current operation: PENDING
14:08:33 INFO  State of current operation: PENDING
14:08:35 INFO  State of current operation: PENDING
14:08:37 INFO  State of current operation: PENDING
14:08:39 INFO  State of current operation: PENDING
14:08:42 INFO  State of current operation: PENDING
14:08:44 INFO  State of current operation: PENDING
14:08:47 INFO  State of current operation: PENDING
14:08:49 INFO  State of current operation: PENDING
14:08:52 INFO  State of current operation: PENDING
14:08:54 INFO  State of current operation: PENDING
14:08:56 INFO  State of current operation: PENDING
14:08:59 INFO  State of current operation: PENDING
14:09:01 INFO  State of current operation: PENDING
14:09:03 INFO  State of current operation: PENDING
14:09:05 INFO  State of current operation: PENDING
14:09:07 INFO  State of current operation: PENDING
14:09:10 INFO  State of current operation: PENDING
14:09:12 INFO  State of current operation: PENDING
14:09:14 INFO  State of current operation: PENDING
14:09:16 INFO  State of current operation: PENDING
14:09:19 INFO  State of current operation: PENDING
14:09:21 INFO  State of current operation: PENDING
14:09:23 INFO  State of current operation: PENDING
14:09:26 INFO  State of current operation: PENDING
14:09:28 INFO  State of current operation: PENDING
14:09:31 INFO  State of current operation: PENDING
14:09:33 INFO  State of current operation: PENDING
14:09:35 INFO  State of current operation: PENDING
14:09:38 INFO  State of current operation: PENDING
14:09:40 INFO  State of current operation: PENDING
14:09:43 INFO  State of current operation: PENDING
14:09:45 INFO  State of current operation: PENDING
14:09:48 INFO  State of current operation: PENDING
14:09:50 INFO  State of current operation: PENDING
14:09:52 INFO  State of current operation: PENDING
14:09:54 INFO  State of current operation: PENDING
14:09:57 INFO  State of current operation: PENDING
14:09:59 INFO  State of current operation: PENDING
14:10:01 INFO  State of current operation: PENDING
14:10:03 INFO  State of current operation: PENDING
14:10:06 INFO  State of current operation: PENDING
14:10:08 INFO  State of current operation: PENDING
14:10:10 INFO  State of current operation: PENDING
14:10:12 INFO  State of current operation: PENDING
14:10:15 INFO  State of current operation: PENDING
14:10:17 WARN  SystemError occurred while running test - Timeout while waiting for status FAILED or SUCCESSFUL
Traceback (most recent call last):
  File "/home/pi/env-pysys/lib/python3.7/site-packages/pysys/baserunner.py", line 1292, in __call__
    self.testObj.setup()
  File "/home/pi/actions-runner/_work/thin-edge.io/thin-edge.io/tests/PySys/software_management_end_to_end/sm_apt_install_remove/run.py", line 27, in setup
    super().setup()
  File "/home/pi/actions-runner/_work/thin-edge.io/thin-edge.io/tests/PySys/software_management_end_to_end/environment_sm_management.py", line 151, in setup
    self.wait_until_end()
  File "/home/pi/actions-runner/_work/thin-edge.io/thin-edge.io/tests/PySys/software_management_end_to_end/environment_sm_management.py", line 332, in wait_until_end
    self.wait_until_status("FAILED", "SUCCESSFUL")
  File "/home/pi/actions-runner/_work/thin-edge.io/thin-edge.io/tests/PySys/software_management_end_to_end/environment_sm_management.py", line 381, in wait_until_status
    "Timeout while waiting for status %s or %s" % (status, status2)
SystemError: Timeout while waiting for status FAILED or SUCCESSFUL
14:10:17 WARN  SystemError: Timeout while waiting for status FAILED or SUCCESSFUL ... blocked 
14:10:17 INFO  
14:10:17 INFO  cleanup:
14:10:21 INFO  Executed sudo&lt;tedge_disconnect_c8y&gt;, exit status 0
14:10:22 INFO  Executed systemctl&lt;serv_mapper5&gt;, exit status 3
14:10:22 INFO  
14:10:22 INFO  Test duration: 168.86 secs
14:10:22 INFO  Test final outcome:  BLOCKED
14:10:22 INFO  Test outcome reason: SystemError: Timeout while waiting for status FAILED or SUCCESSFUL
14:10:22 INFO  
</system-out>
	</testcase>
<testcase classname="PySysTest" name="SoftwareManagement.sm_apt_install_remove">
		<failure message="BLOCKED: SystemError: Timeout while waiting for status FAILED or SUCCESSFUL" type="BLOCKED" />
		<system-out>14:38:08 INFO  ==============================================================
14:38:08 INFO  Id:    SoftwareManagement.sm_apt_install_remove
14:38:08 INFO  Dir:   software_management_end_to_end/
14:38:08 INFO  Title: Validate end to end behaviour for the apt plugin for installation and removal of packages
14:38:08 INFO  ==============================================================
14:38:08 INFO  Using sw id database: {'asciijump': '5475369', 'robotfindskitten': '5474869', 'squirrel3': '5475279', 'rolldice': '5152439', 'moon-buggy': '5439204', 'apple': '5495053', 'banana': '5494888', 'cherry': '5495382', 'watermelon': '5494510', 'registry': '8018911', 'hello-world': '8021526', 'docker/getting-started': '8021973', 'alpine': '7991792'}
14:38:08 INFO  EnvironmentC8y Setup
14:38:08 INFO  Executed systemctl&lt;serv_mapper1&gt;, exit status 3
14:38:09 INFO  Restarting mosquitto too frequently in the last 10 seconds. It was only up for 5 seconds
14:38:09 INFO  Delaying execution by 6 seconds
14:38:29 INFO  Executed sudo&lt;tedge_connect_c8y&gt;, exit status 0, duration 14 secs
14:38:30 INFO  Executed sudo&lt;tedge_connect_c8y_test&gt;, exit status 0
14:38:30 INFO  Executed systemctl&lt;serv_mosq2&gt;, exit status 0
14:38:31 INFO  Executed systemctl&lt;serv_mapper3&gt;, exit status 0
14:38:33 INFO  State of current operation: PENDING
14:38:35 INFO  State of current operation: PENDING
14:38:38 INFO  State of current operation: PENDING
14:38:40 INFO  State of current operation: PENDING
14:38:42 INFO  State of current operation: PENDING
14:38:44 INFO  State of current operation: PENDING
14:38:46 INFO  State of current operation: PENDING
14:38:49 INFO  State of current operation: PENDING
14:38:51 INFO  State of current operation: PENDING
14:38:53 INFO  State of current operation: PENDING
14:38:55 INFO  State of current operation: PENDING
14:38:58 INFO  State of current operation: PENDING
14:39:00 INFO  State of current operation: PENDING
14:39:02 INFO  State of current operation: PENDING
14:39:04 INFO  State of current operation: PENDING
14:39:07 INFO  State of current operation: PENDING
14:39:09 INFO  State of current operation: PENDING
14:39:11 INFO  State of current operation: PENDING
14:39:13 INFO  State of current operation: PENDING
14:39:15 INFO  State of current operation: PENDING
14:39:18 INFO  State of current operation: PENDING
14:39:20 INFO  State of current operation: PENDING
14:39:22 INFO  State of current operation: PENDING
14:39:24 INFO  State of current operation: PENDING
14:39:27 INFO  State of current operation: PENDING
14:39:29 INFO  State of current operation: PENDING
14:39:31 INFO  State of current operation: PENDING
14:39:33 INFO  State of current operation: PENDING
14:39:36 INFO  State of current operation: PENDING
14:39:38 INFO  State of current operation: PENDING
14:39:40 INFO  State of current operation: PENDING
14:39:42 INFO  State of current operation: PENDING
14:39:45 INFO  State of current operation: PENDING
14:39:47 INFO  State of current operation: PENDING
14:39:49 INFO  State of current operation: PENDING
14:39:51 INFO  State of current operation: PENDING
14:39:54 INFO  State of current operation: PENDING
14:39:56 INFO  State of current operation: PENDING
14:39:58 INFO  State of current operation: PENDING
14:40:00 INFO  State of current operation: PENDING
14:40:02 INFO  State of current operation: PENDING
14:40:05 INFO  State of current operation: PENDING
14:40:07 INFO  State of current operation: PENDING
14:40:09 INFO  State of current operation: PENDING
14:40:11 INFO  State of current operation: PENDING
14:40:14 INFO  State of current operation: PENDING
14:40:16 INFO  State of current operation: PENDING
14:40:18 INFO  State of current operation: PENDING
14:40:20 INFO  State of current operation: PENDING
14:40:23 INFO  State of current operation: PENDING
14:40:25 INFO  State of current operation: PENDING
14:40:27 INFO  State of current operation: PENDING
14:40:29 INFO  State of current operation: PENDING
14:40:31 INFO  State of current operation: PENDING
14:40:34 INFO  State of current operation: PENDING
14:40:36 INFO  State of current operation: PENDING
14:40:38 INFO  State of current operation: PENDING
14:40:40 INFO  State of current operation: PENDING
14:40:43 INFO  State of current operation: PENDING
14:40:45 INFO  State of current operation: PENDING
14:40:47 INFO  State of current operation: PENDING
14:40:49 WARN  SystemError occurred while running test - Timeout while waiting for status FAILED or SUCCESSFUL
Traceback (most recent call last):
  File "/home/pi/env-pysys/lib/python3.7/site-packages/pysys/baserunner.py", line 1292, in __call__
    self.testObj.setup()
  File "/home/pi/actions-runner/_work/thin-edge.io/thin-edge.io/tests/PySys/software_management_end_to_end/sm_apt_install_remove/run.py", line 27, in setup
    super().setup()
  File "/home/pi/actions-runner/_work/thin-edge.io/thin-edge.io/tests/PySys/software_management_end_to_end/environment_sm_management.py", line 151, in setup
    self.wait_until_end()
  File "/home/pi/actions-runner/_work/thin-edge.io/thin-edge.io/tests/PySys/software_management_end_to_end/environment_sm_management.py", line 332, in wait_until_end
    self.wait_until_status("FAILED", "SUCCESSFUL")
  File "/home/pi/actions-runner/_work/thin-edge.io/thin-edge.io/tests/PySys/software_management_end_to_end/environment_sm_management.py", line 381, in wait_until_status
    "Timeout while waiting for status %s or %s" % (status, status2)
SystemError: Timeout while waiting for status FAILED or SUCCESSFUL
14:40:49 WARN  SystemError: Timeout while waiting for status FAILED or SUCCESSFUL ... blocked 
14:40:49 INFO  
14:40:49 INFO  cleanup:
14:40:53 INFO  Executed sudo&lt;tedge_disconnect_c8y&gt;, exit status 0
14:40:54 INFO  Executed systemctl&lt;serv_mapper5&gt;, exit status 3
14:40:54 INFO  
14:40:54 INFO  Test duration: 166.24 secs
14:40:54 INFO  Test final outcome:  BLOCKED
14:40:54 INFO  Test outcome reason: SystemError: Timeout while waiting for status FAILED or SUCCESSFUL
14:40:54 INFO  
</system-out>
	</testcase>
</testsuite><testsuite name="SoftwareManagement.sm_apt_install_remove_default" tests="3" errors="0" failures="2" skipped="1" time="0"><testcase classname="PySysTest" name="SoftwareManagement.sm_apt_install_remove_default">
		<skipped message="SKIPPED: Testing the apt plugin is not supported on this platform.Use parameter -XmyPlatform='container' to enable it" />
		<system-out>13:39:13 INFO  ==============================================================
13:39:13 INFO  Id:    SoftwareManagement.sm_apt_install_remove_default
13:39:13 INFO  Dir:   software_management_end_to_end/
13:39:13 INFO  Title: Validate end to end behaviour for the default plugin for installation and removal of packages
13:39:13 INFO  ==============================================================
13:39:13 INFO  Testing the apt plugin is not supported on this platform.Use parameter -XmyPlatform='container' to enable it ... skipped
13:39:13 WARN  Aborted test due to SKIPPED outcome
13:39:13 INFO  
13:39:13 INFO  Test duration: 0.02 secs
13:39:13 INFO  Test final outcome:  SKIPPED
13:39:13 INFO  Test outcome reason: Testing the apt plugin is not supported on this platform.Use parameter -XmyPlatform='container' to enable it
13:39:13 INFO  
</system-out>
	</testcase>
<testcase classname="PySysTest" name="SoftwareManagement.sm_apt_install_remove_default">
		<failure message="BLOCKED: SystemError: Timeout while waiting for status FAILED or SUCCESSFUL" type="BLOCKED" />
		<system-out>14:10:22 INFO  ==============================================================
14:10:22 INFO  Id:    SoftwareManagement.sm_apt_install_remove_default
14:10:22 INFO  Dir:   software_management_end_to_end/
14:10:22 INFO  Title: Validate end to end behaviour for the default plugin for installation and removal of packages
14:10:22 INFO  ==============================================================
14:10:22 INFO  Using sw id database: {'asciijump': '5475369', 'robotfindskitten': '5474869', 'squirrel3': '5475279', 'rolldice': '5152439', 'moon-buggy': '5439204', 'apple': '5495053', 'banana': '5494888', 'cherry': '5495382', 'watermelon': '5494510', 'registry': '8018911', 'hello-world': '8021526', 'docker/getting-started': '8021973', 'alpine': '7991792'}
14:10:22 INFO  EnvironmentC8y Setup
14:10:22 INFO  Executed systemctl&lt;serv_mapper1&gt;, exit status 3
14:10:22 INFO  Restarting mosquitto too frequently in the last 10 seconds. It was only up for 5 seconds
14:10:22 INFO  Delaying execution by 6 seconds
14:10:42 INFO  Executed sudo&lt;tedge_connect_c8y&gt;, exit status 0, duration 14 secs
14:10:43 INFO  Executed sudo&lt;tedge_connect_c8y_test&gt;, exit status 0
14:10:44 INFO  Executed systemctl&lt;serv_mosq2&gt;, exit status 0
14:10:44 INFO  Executed systemctl&lt;serv_mapper3&gt;, exit status 0
14:10:46 INFO  State of current operation: PENDING
14:10:48 INFO  State of current operation: PENDING
14:10:51 INFO  State of current operation: PENDING
14:10:53 INFO  State of current operation: PENDING
14:10:55 INFO  State of current operation: PENDING
14:10:57 INFO  State of current operation: PENDING
14:11:00 INFO  State of current operation: PENDING
14:11:02 INFO  State of current operation: PENDING
14:11:04 INFO  State of current operation: PENDING
14:11:06 INFO  State of current operation: PENDING
14:11:08 INFO  State of current operation: PENDING
14:11:11 INFO  State of current operation: PENDING
14:11:13 INFO  State of current operation: PENDING
14:11:15 INFO  State of current operation: PENDING
14:11:17 INFO  State of current operation: PENDING
14:11:20 INFO  State of current operation: PENDING
14:11:22 INFO  State of current operation: PENDING
14:11:24 INFO  State of current operation: PENDING
14:11:26 INFO  State of current operation: PENDING
14:11:28 INFO  State of current operation: PENDING
14:11:31 INFO  State of current operation: PENDING
14:11:33 INFO  State of current operation: PENDING
14:11:35 INFO  State of current operation: PENDING
14:11:37 INFO  State of current operation: PENDING
14:11:40 INFO  State of current operation: PENDING
14:11:42 INFO  State of current operation: PENDING
14:11:44 INFO  State of current operation: PENDING
14:11:46 INFO  State of current operation: PENDING
14:11:49 INFO  State of current operation: PENDING
14:11:51 INFO  State of current operation: PENDING
14:11:53 INFO  State of current operation: PENDING
14:11:55 INFO  State of current operation: PENDING
14:11:57 INFO  State of current operation: PENDING
14:12:00 INFO  State of current operation: PENDING
14:12:02 INFO  State of current operation: PENDING
14:12:04 INFO  State of current operation: PENDING
14:12:06 INFO  State of current operation: PENDING
14:12:09 INFO  State of current operation: PENDING
14:12:11 INFO  State of current operation: PENDING
14:12:13 INFO  State of current operation: PENDING
14:12:15 INFO  State of current operation: PENDING
14:12:18 INFO  State of current operation: PENDING
14:12:20 INFO  State of current operation: PENDING
14:12:22 INFO  State of current operation: PENDING
14:12:24 INFO  State of current operation: PENDING
14:12:26 INFO  State of current operation: PENDING
14:12:29 INFO  State of current operation: PENDING
14:12:31 INFO  State of current operation: PENDING
14:12:33 INFO  State of current operation: PENDING
14:12:35 INFO  State of current operation: PENDING
14:12:38 INFO  State of current operation: PENDING
14:12:40 INFO  State of current operation: PENDING
14:12:42 INFO  State of current operation: PENDING
14:12:44 INFO  State of current operation: PENDING
14:12:46 INFO  State of current operation: PENDING
14:12:49 INFO  State of current operation: PENDING
14:12:51 INFO  State of current operation: PENDING
14:12:53 INFO  State of current operation: PENDING
14:12:55 INFO  State of current operation: PENDING
14:12:58 INFO  State of current operation: PENDING
14:13:00 INFO  State of current operation: PENDING
14:13:02 WARN  SystemError occurred while running test - Timeout while waiting for status FAILED or SUCCESSFUL
Traceback (most recent call last):
  File "/home/pi/env-pysys/lib/python3.7/site-packages/pysys/baserunner.py", line 1292, in __call__
    self.testObj.setup()
  File "/home/pi/actions-runner/_work/thin-edge.io/thin-edge.io/tests/PySys/software_management_end_to_end/sm_apt_install_remove_default/run.py", line 26, in setup
    super().setup()
  File "/home/pi/actions-runner/_work/thin-edge.io/thin-edge.io/tests/PySys/software_management_end_to_end/environment_sm_management.py", line 151, in setup
    self.wait_until_end()
  File "/home/pi/actions-runner/_work/thin-edge.io/thin-edge.io/tests/PySys/software_management_end_to_end/environment_sm_management.py", line 332, in wait_until_end
    self.wait_until_status("FAILED", "SUCCESSFUL")
  File "/home/pi/actions-runner/_work/thin-edge.io/thin-edge.io/tests/PySys/software_management_end_to_end/environment_sm_management.py", line 381, in wait_until_status
    "Timeout while waiting for status %s or %s" % (status, status2)
SystemError: Timeout while waiting for status FAILED or SUCCESSFUL
14:13:02 WARN  SystemError: Timeout while waiting for status FAILED or SUCCESSFUL ... blocked 
14:13:02 INFO  
14:13:02 INFO  cleanup:
14:13:06 INFO  Executed sudo&lt;tedge_disconnect_c8y&gt;, exit status 0
14:13:06 INFO  Executed systemctl&lt;serv_mapper5&gt;, exit status 3
14:13:06 INFO  
14:13:06 INFO  Test duration: 164.74 secs
14:13:06 INFO  Test final outcome:  BLOCKED
14:13:06 INFO  Test outcome reason: SystemError: Timeout while waiting for status FAILED or SUCCESSFUL
14:13:06 INFO  
</system-out>
	</testcase>
<testcase classname="PySysTest" name="SoftwareManagement.sm_apt_install_remove_default">
		<failure message="BLOCKED: SystemError: Timeout while waiting for status FAILED or SUCCESSFUL" type="BLOCKED" />
		<system-out>14:40:54 INFO  ==============================================================
14:40:54 INFO  Id:    SoftwareManagement.sm_apt_install_remove_default
14:40:54 INFO  Dir:   software_management_end_to_end/
14:40:54 INFO  Title: Validate end to end behaviour for the default plugin for installation and removal of packages
14:40:54 INFO  ==============================================================
14:40:54 INFO  Using sw id database: {'asciijump': '5475369', 'robotfindskitten': '5474869', 'squirrel3': '5475279', 'rolldice': '5152439', 'moon-buggy': '5439204', 'apple': '5495053', 'banana': '5494888', 'cherry': '5495382', 'watermelon': '5494510', 'registry': '8018911', 'hello-world': '8021526', 'docker/getting-started': '8021973', 'alpine': '7991792'}
14:40:54 INFO  EnvironmentC8y Setup
14:40:55 INFO  Executed systemctl&lt;serv_mapper1&gt;, exit status 3
14:40:55 INFO  Restarting mosquitto too frequently in the last 10 seconds. It was only up for 5 seconds
14:40:55 INFO  Delaying execution by 6 seconds
14:41:15 INFO  Executed sudo&lt;tedge_connect_c8y&gt;, exit status 0, duration 13 secs
14:41:15 INFO  Executed sudo&lt;tedge_connect_c8y_test&gt;, exit status 0
14:41:16 INFO  Executed systemctl&lt;serv_mosq2&gt;, exit status 0
14:41:16 INFO  Executed systemctl&lt;serv_mapper3&gt;, exit status 0
14:41:18 INFO  State of current operation: PENDING
14:41:21 INFO  State of current operation: PENDING
14:41:23 INFO  State of current operation: PENDING
14:41:25 INFO  State of current operation: PENDING
14:41:28 INFO  State of current operation: PENDING
14:41:30 INFO  State of current operation: PENDING
14:41:32 INFO  State of current operation: PENDING
14:41:34 INFO  State of current operation: PENDING
14:41:37 INFO  State of current operation: PENDING
14:41:39 INFO  State of current operation: PENDING
14:41:41 INFO  State of current operation: PENDING
14:41:43 INFO  State of current operation: PENDING
14:41:45 INFO  State of current operation: PENDING
14:41:48 INFO  State of current operation: PENDING
14:41:50 INFO  State of current operation: PENDING
14:41:52 INFO  State of current operation: PENDING
14:41:54 INFO  State of current operation: PENDING
14:41:57 INFO  State of current operation: PENDING
14:41:59 INFO  State of current operation: PENDING
14:42:01 INFO  State of current operation: PENDING
14:42:03 INFO  State of current operation: PENDING
14:42:06 INFO  State of current operation: PENDING
14:42:08 INFO  State of current operation: PENDING
14:42:10 INFO  State of current operation: PENDING
14:42:12 INFO  State of current operation: PENDING
14:42:14 INFO  State of current operation: PENDING
14:42:17 INFO  State of current operation: PENDING
14:42:19 INFO  State of current operation: PENDING
14:42:21 INFO  State of current operation: PENDING
14:42:23 INFO  State of current operation: PENDING
14:42:26 INFO  State of current operation: PENDING
14:42:28 INFO  State of current operation: PENDING
14:42:30 INFO  State of current operation: PENDING
14:42:32 INFO  State of current operation: PENDING
14:42:34 INFO  State of current operation: PENDING
14:42:37 INFO  State of current operation: PENDING
14:42:39 INFO  State of current operation: PENDING
14:42:41 INFO  State of current operation: PENDING
14:42:43 INFO  State of current operation: PENDING
14:42:46 INFO  State of current operation: PENDING
14:42:48 INFO  State of current operation: PENDING
14:42:50 INFO  State of current operation: PENDING
14:42:52 INFO  State of current operation: PENDING
14:42:55 INFO  State of current operation: PENDING
14:42:57 INFO  State of current operation: PENDING
14:42:59 INFO  State of current operation: PENDING
14:43:01 INFO  State of current operation: PENDING
14:43:03 INFO  State of current operation: PENDING
14:43:06 INFO  State of current operation: PENDING
14:43:08 INFO  State of current operation: PENDING
14:43:10 INFO  State of current operation: PENDING
14:43:12 INFO  State of current operation: PENDING
14:43:15 INFO  State of current operation: PENDING
14:43:17 INFO  State of current operation: PENDING
14:43:19 INFO  State of current operation: PENDING
14:43:21 INFO  State of current operation: PENDING
14:43:24 INFO  State of current operation: PENDING
14:43:26 INFO  State of current operation: PENDING
14:43:28 INFO  State of current operation: PENDING
14:43:30 INFO  State of current operation: PENDING
14:43:32 INFO  State of current operation: PENDING
14:43:34 WARN  SystemError occurred while running test - Timeout while waiting for status FAILED or SUCCESSFUL
Traceback (most recent call last):
  File "/home/pi/env-pysys/lib/python3.7/site-packages/pysys/baserunner.py", line 1292, in __call__
    self.testObj.setup()
  File "/home/pi/actions-runner/_work/thin-edge.io/thin-edge.io/tests/PySys/software_management_end_to_end/sm_apt_install_remove_default/run.py", line 26, in setup
    super().setup()
  File "/home/pi/actions-runner/_work/thin-edge.io/thin-edge.io/tests/PySys/software_management_end_to_end/environment_sm_management.py", line 151, in setup
    self.wait_until_end()
  File "/home/pi/actions-runner/_work/thin-edge.io/thin-edge.io/tests/PySys/software_management_end_to_end/environment_sm_management.py", line 332, in wait_until_end
    self.wait_until_status("FAILED", "SUCCESSFUL")
  File "/home/pi/actions-runner/_work/thin-edge.io/thin-edge.io/tests/PySys/software_management_end_to_end/environment_sm_management.py", line 381, in wait_until_status
    "Timeout while waiting for status %s or %s" % (status, status2)
SystemError: Timeout while waiting for status FAILED or SUCCESSFUL
14:43:34 WARN  SystemError: Timeout while waiting for status FAILED or SUCCESSFUL ... blocked 
14:43:34 INFO  
14:43:34 INFO  cleanup:
14:43:39 INFO  Executed sudo&lt;tedge_disconnect_c8y&gt;, exit status 0
14:43:40 INFO  Executed systemctl&lt;serv_mapper5&gt;, exit status 3
14:43:40 INFO  
14:43:40 INFO  Test duration: 165.73 secs
14:43:40 INFO  Test final outcome:  BLOCKED
14:43:40 INFO  Test outcome reason: SystemError: Timeout while waiting for status FAILED or SUCCESSFUL
14:43:40 INFO  
</system-out>
	</testcase>
</testsuite><testsuite name="SoftwareManagement.sm_apt_install_remove_multiple" tests="3" errors="0" failures="2" skipped="1" time="0"><testcase classname="PySysTest" name="SoftwareManagement.sm_apt_install_remove_multiple">
		<skipped message="SKIPPED: Testing the apt plugin is not supported on this platform.Use parameter -XmyPlatform='container' to enable it" />
		<system-out>13:39:13 INFO  ==============================================================
13:39:13 INFO  Id:    SoftwareManagement.sm_apt_install_remove_multiple
13:39:13 INFO  Dir:   software_management_end_to_end/
13:39:13 INFO  Title: Validate end to end behaviour for the apt plugin for multiple packages
13:39:13 INFO  ==============================================================
13:39:13 INFO  Testing the apt plugin is not supported on this platform.Use parameter -XmyPlatform='container' to enable it ... skipped
13:39:13 WARN  Aborted test due to SKIPPED outcome
13:39:13 INFO  
13:39:13 INFO  Test duration: 0.02 secs
13:39:13 INFO  Test final outcome:  SKIPPED
13:39:13 INFO  Test outcome reason: Testing the apt plugin is not supported on this platform.Use parameter -XmyPlatform='container' to enable it
13:39:13 INFO  
</system-out>
	</testcase>
<testcase classname="PySysTest" name="SoftwareManagement.sm_apt_install_remove_multiple">
		<failure message="BLOCKED: SystemError: Timeout while waiting for status FAILED or SUCCESSFUL" type="BLOCKED" />
		<system-out>14:13:07 INFO  ==============================================================
14:13:07 INFO  Id:    SoftwareManagement.sm_apt_install_remove_multiple
14:13:07 INFO  Dir:   software_management_end_to_end/
14:13:07 INFO  Title: Validate end to end behaviour for the apt plugin for multiple packages
14:13:07 INFO  ==============================================================
14:13:07 INFO  Using sw id database: {'asciijump': '5475369', 'robotfindskitten': '5474869', 'squirrel3': '5475279', 'rolldice': '5152439', 'moon-buggy': '5439204', 'apple': '5495053', 'banana': '5494888', 'cherry': '5495382', 'watermelon': '5494510', 'registry': '8018911', 'hello-world': '8021526', 'docker/getting-started': '8021973', 'alpine': '7991792'}
14:13:07 INFO  EnvironmentC8y Setup
14:13:07 INFO  Executed systemctl&lt;serv_mapper1&gt;, exit status 3
14:13:08 INFO  Restarting mosquitto too frequently in the last 10 seconds. It was only up for 5 seconds
14:13:08 INFO  Delaying execution by 6 seconds
14:13:28 INFO  Executed sudo&lt;tedge_connect_c8y&gt;, exit status 0, duration 13 secs
14:13:28 INFO  Executed sudo&lt;tedge_connect_c8y_test&gt;, exit status 0
14:13:29 INFO  Executed systemctl&lt;serv_mosq2&gt;, exit status 0
14:13:29 INFO  Executed systemctl&lt;serv_mapper3&gt;, exit status 0
14:13:31 INFO  State of current operation: PENDING
14:13:34 INFO  State of current operation: PENDING
14:13:36 INFO  State of current operation: PENDING
14:13:38 INFO  State of current operation: PENDING
14:13:40 INFO  State of current operation: PENDING
14:13:43 INFO  State of current operation: PENDING
14:13:45 INFO  State of current operation: PENDING
14:13:47 INFO  State of current operation: PENDING
14:13:49 INFO  State of current operation: PENDING
14:13:52 INFO  State of current operation: PENDING
14:13:54 INFO  State of current operation: PENDING
14:13:56 INFO  State of current operation: PENDING
14:13:58 INFO  State of current operation: PENDING
14:14:00 INFO  State of current operation: PENDING
14:14:03 INFO  State of current operation: PENDING
14:14:05 INFO  State of current operation: PENDING
14:14:08 INFO  State of current operation: PENDING
14:14:10 INFO  State of current operation: PENDING
14:14:12 INFO  State of current operation: PENDING
14:14:14 INFO  State of current operation: PENDING
14:14:16 INFO  State of current operation: PENDING
14:14:19 INFO  State of current operation: PENDING
14:14:21 INFO  State of current operation: PENDING
14:14:23 INFO  State of current operation: PENDING
14:14:25 INFO  State of current operation: PENDING
14:14:28 INFO  State of current operation: PENDING
14:14:30 INFO  State of current operation: PENDING
14:14:32 INFO  State of current operation: PENDING
14:14:34 INFO  State of current operation: PENDING
14:14:36 INFO  State of current operation: PENDING
14:14:39 INFO  State of current operation: PENDING
14:14:41 INFO  State of current operation: PENDING
14:14:43 INFO  State of current operation: PENDING
14:14:45 INFO  State of current operation: PENDING
14:14:48 INFO  State of current operation: PENDING
14:14:50 INFO  State of current operation: PENDING
14:14:52 INFO  State of current operation: PENDING
14:14:54 INFO  State of current operation: PENDING
14:14:57 INFO  State of current operation: PENDING
14:14:59 INFO  State of current operation: PENDING
14:15:01 INFO  State of current operation: PENDING
14:15:03 INFO  State of current operation: PENDING
14:15:06 INFO  State of current operation: PENDING
14:15:08 INFO  State of current operation: PENDING
14:15:10 INFO  State of current operation: PENDING
14:15:12 INFO  State of current operation: PENDING
14:15:14 INFO  State of current operation: PENDING
14:15:17 INFO  State of current operation: PENDING
14:15:19 INFO  State of current operation: PENDING
14:15:21 INFO  State of current operation: PENDING
14:15:23 INFO  State of current operation: PENDING
14:15:26 INFO  State of current operation: PENDING
14:15:28 INFO  State of current operation: PENDING
14:15:30 INFO  State of current operation: PENDING
14:15:32 INFO  State of current operation: PENDING
14:15:34 INFO  State of current operation: PENDING
14:15:37 INFO  State of current operation: PENDING
14:15:39 INFO  State of current operation: PENDING
14:15:41 INFO  State of current operation: PENDING
14:15:43 INFO  State of current operation: PENDING
14:15:46 INFO  State of current operation: PENDING
14:15:48 WARN  SystemError occurred while running test - Timeout while waiting for status FAILED or SUCCESSFUL
Traceback (most recent call last):
  File "/home/pi/env-pysys/lib/python3.7/site-packages/pysys/baserunner.py", line 1292, in __call__
    self.testObj.setup()
  File "/home/pi/actions-runner/_work/thin-edge.io/thin-edge.io/tests/PySys/software_management_end_to_end/sm_apt_install_remove_multiple/run.py", line 52, in setup
    super().setup()
  File "/home/pi/actions-runner/_work/thin-edge.io/thin-edge.io/tests/PySys/software_management_end_to_end/environment_sm_management.py", line 151, in setup
    self.wait_until_end()
  File "/home/pi/actions-runner/_work/thin-edge.io/thin-edge.io/tests/PySys/software_management_end_to_end/environment_sm_management.py", line 332, in wait_until_end
    self.wait_until_status("FAILED", "SUCCESSFUL")
  File "/home/pi/actions-runner/_work/thin-edge.io/thin-edge.io/tests/PySys/software_management_end_to_end/environment_sm_management.py", line 381, in wait_until_status
    "Timeout while waiting for status %s or %s" % (status, status2)
SystemError: Timeout while waiting for status FAILED or SUCCESSFUL
14:15:48 WARN  SystemError: Timeout while waiting for status FAILED or SUCCESSFUL ... blocked 
14:15:48 INFO  
14:15:48 INFO  cleanup:
14:15:52 INFO  Executed sudo&lt;tedge_disconnect_c8y&gt;, exit status 0
14:15:52 INFO  Executed systemctl&lt;serv_mapper5&gt;, exit status 3
14:15:52 INFO  
14:15:52 INFO  Test duration: 165.84 secs
14:15:52 INFO  Test final outcome:  BLOCKED
14:15:52 INFO  Test outcome reason: SystemError: Timeout while waiting for status FAILED or SUCCESSFUL
14:15:52 INFO  
</system-out>
	</testcase>
<testcase classname="PySysTest" name="SoftwareManagement.sm_apt_install_remove_multiple">
		<failure message="BLOCKED: SystemError: Timeout while waiting for status FAILED or SUCCESSFUL" type="BLOCKED" />
		<system-out>14:43:40 INFO  ==============================================================
14:43:40 INFO  Id:    SoftwareManagement.sm_apt_install_remove_multiple
14:43:40 INFO  Dir:   software_management_end_to_end/
14:43:40 INFO  Title: Validate end to end behaviour for the apt plugin for multiple packages
14:43:40 INFO  ==============================================================
14:43:40 INFO  Using sw id database: {'asciijump': '5475369', 'robotfindskitten': '5474869', 'squirrel3': '5475279', 'rolldice': '5152439', 'moon-buggy': '5439204', 'apple': '5495053', 'banana': '5494888', 'cherry': '5495382', 'watermelon': '5494510', 'registry': '8018911', 'hello-world': '8021526', 'docker/getting-started': '8021973', 'alpine': '7991792'}
14:43:40 INFO  EnvironmentC8y Setup
14:43:40 INFO  Executed systemctl&lt;serv_mapper1&gt;, exit status 3
14:43:40 INFO  Restarting mosquitto too frequently in the last 10 seconds. It was only up for 4 seconds
14:43:40 INFO  Delaying execution by 7 seconds
14:44:02 INFO  Executed sudo&lt;tedge_connect_c8y&gt;, exit status 0, duration 14 secs
14:44:02 INFO  Executed sudo&lt;tedge_connect_c8y_test&gt;, exit status 0
14:44:03 INFO  Executed systemctl&lt;serv_mosq2&gt;, exit status 0
14:44:03 INFO  Executed systemctl&lt;serv_mapper3&gt;, exit status 0
14:44:05 INFO  State of current operation: PENDING
14:44:08 INFO  State of current operation: PENDING
14:44:10 INFO  State of current operation: PENDING
14:44:12 INFO  State of current operation: PENDING
14:44:14 INFO  State of current operation: PENDING
14:44:17 INFO  State of current operation: PENDING
14:44:19 INFO  State of current operation: PENDING
14:44:21 INFO  State of current operation: PENDING
14:44:23 INFO  State of current operation: PENDING
14:44:25 INFO  State of current operation: PENDING
14:44:28 INFO  State of current operation: PENDING
14:44:30 INFO  State of current operation: PENDING
14:44:32 INFO  State of current operation: PENDING
14:44:34 INFO  State of current operation: PENDING
14:44:37 INFO  State of current operation: PENDING
14:44:39 INFO  State of current operation: PENDING
14:44:41 INFO  State of current operation: PENDING
14:44:43 INFO  State of current operation: PENDING
14:44:46 INFO  State of current operation: PENDING
14:44:48 INFO  State of current operation: PENDING
14:44:50 INFO  State of current operation: PENDING
14:44:52 INFO  State of current operation: PENDING
14:44:54 INFO  State of current operation: PENDING
14:44:57 INFO  State of current operation: PENDING
14:44:59 INFO  State of current operation: PENDING
14:45:01 INFO  State of current operation: PENDING
14:45:03 INFO  State of current operation: PENDING
14:45:06 INFO  State of current operation: PENDING
14:45:08 INFO  State of current operation: PENDING
14:45:10 INFO  State of current operation: PENDING
14:45:12 INFO  State of current operation: PENDING
14:45:15 INFO  State of current operation: PENDING
14:45:17 INFO  State of current operation: PENDING
14:45:19 INFO  State of current operation: PENDING
14:45:21 INFO  State of current operation: PENDING
14:45:24 INFO  State of current operation: PENDING
14:45:26 INFO  State of current operation: PENDING
14:45:28 INFO  State of current operation: PENDING
14:45:30 INFO  State of current operation: PENDING
14:45:32 INFO  State of current operation: PENDING
14:45:35 INFO  State of current operation: PENDING
14:45:37 INFO  State of current operation: PENDING
14:45:39 INFO  State of current operation: PENDING
14:45:41 INFO  State of current operation: PENDING
14:45:44 INFO  State of current operation: PENDING
14:45:46 INFO  State of current operation: PENDING
14:45:48 INFO  State of current operation: PENDING
14:45:50 INFO  State of current operation: PENDING
14:45:52 INFO  State of current operation: PENDING
14:45:55 INFO  State of current operation: PENDING
14:45:57 INFO  State of current operation: PENDING
14:45:59 INFO  State of current operation: PENDING
14:46:01 INFO  State of current operation: PENDING
14:46:04 INFO  State of current operation: PENDING
14:46:06 INFO  State of current operation: PENDING
14:46:08 INFO  State of current operation: PENDING
14:46:10 INFO  State of current operation: PENDING
14:46:13 INFO  State of current operation: PENDING
14:46:15 INFO  State of current operation: PENDING
14:46:17 INFO  State of current operation: PENDING
14:46:19 INFO  State of current operation: PENDING
14:46:21 WARN  SystemError occurred while running test - Timeout while waiting for status FAILED or SUCCESSFUL
Traceback (most recent call last):
  File "/home/pi/env-pysys/lib/python3.7/site-packages/pysys/baserunner.py", line 1292, in __call__
    self.testObj.setup()
  File "/home/pi/actions-runner/_work/thin-edge.io/thin-edge.io/tests/PySys/software_management_end_to_end/sm_apt_install_remove_multiple/run.py", line 52, in setup
    super().setup()
  File "/home/pi/actions-runner/_work/thin-edge.io/thin-edge.io/tests/PySys/software_management_end_to_end/environment_sm_management.py", line 151, in setup
    self.wait_until_end()
  File "/home/pi/actions-runner/_work/thin-edge.io/thin-edge.io/tests/PySys/software_management_end_to_end/environment_sm_management.py", line 332, in wait_until_end
    self.wait_until_status("FAILED", "SUCCESSFUL")
  File "/home/pi/actions-runner/_work/thin-edge.io/thin-edge.io/tests/PySys/software_management_end_to_end/environment_sm_management.py", line 381, in wait_until_status
    "Timeout while waiting for status %s or %s" % (status, status2)
SystemError: Timeout while waiting for status FAILED or SUCCESSFUL
14:46:21 WARN  SystemError: Timeout while waiting for status FAILED or SUCCESSFUL ... blocked 
14:46:21 INFO  
14:46:21 INFO  cleanup:
14:46:25 INFO  Executed sudo&lt;tedge_disconnect_c8y&gt;, exit status 0
14:46:26 INFO  Executed systemctl&lt;serv_mapper5&gt;, exit status 3
14:46:26 INFO  
14:46:26 INFO  Test duration: 166.27 secs
14:46:26 INFO  Test final outcome:  BLOCKED
14:46:26 INFO  Test outcome reason: SystemError: Timeout while waiting for status FAILED or SUCCESSFUL
14:46:26 INFO  
</system-out>
	</testcase>
</testsuite><testsuite name="SoftwareManagement.sm_apt_install_remove_multiple_mixed" tests="3" errors="0" failures="2" skipped="1" time="0"><testcase classname="PySysTest" name="SoftwareManagement.sm_apt_install_remove_multiple_mixed">
		<skipped message="SKIPPED: Testing the apt plugin is not supported on this platform.Use parameter -XmyPlatform='container' to enable it" />
		<system-out>13:39:13 INFO  ==============================================================
13:39:13 INFO  Id:    SoftwareManagement.sm_apt_install_remove_multiple_mixed
13:39:13 INFO  Dir:   software_management_end_to_end/
13:39:13 INFO  Title: Validate end to end behaviour for the apt plugin for multiple packages with mixed versions
13:39:13 INFO  ==============================================================
13:39:13 INFO  Testing the apt plugin is not supported on this platform.Use parameter -XmyPlatform='container' to enable it ... skipped
13:39:13 WARN  Aborted test due to SKIPPED outcome
13:39:13 INFO  
13:39:13 INFO  Test duration: 0.02 secs
13:39:13 INFO  Test final outcome:  SKIPPED
13:39:13 INFO  Test outcome reason: Testing the apt plugin is not supported on this platform.Use parameter -XmyPlatform='container' to enable it
13:39:13 INFO  
</system-out>
	</testcase>
<testcase classname="PySysTest" name="SoftwareManagement.sm_apt_install_remove_multiple_mixed">
[...]
</testsuite><testsuite name="monitoring_smaller_interval" tests="1" errors="0" failures="0" skipped="1" time="0"><testcase classname="MonitoringSmallInterval" name="monitoring_smaller_interval">
		<skipped message="SKIPPED: Fails due to retained message" />
		<system-out>13:29:30 INFO  ==============================================================
13:29:30 INFO  Id:    monitoring_smaller_interval
13:29:30 INFO  Dir:   monitoring/
13:29:30 INFO  Title: Validate the tedge dm agent messages that are produced with smaller sampling interval than the batching window. Here the simulated collectd messages are used
13:29:30 INFO  ==============================================================
13:29:30 INFO  Fails due to retained message ... skipped
13:29:30 INFO  
13:29:30 INFO  Test duration: 0.02 secs
13:29:30 INFO  Test final outcome:  SKIPPED
13:29:30 INFO  Test outcome reason: Fails due to retained message
13:29:30 INFO  
</system-out>
	</testcase>
</testsuite><testsuite name="monitoring_with_collectd" tests="1" errors="0" failures="0" skipped="1" time="0"><testcase classname="MonitoringWithCollectd" name="monitoring_with_collectd">
		<skipped message="SKIPPED: Test execution disabled due to #792 (instable)" />
		<system-out>13:29:30 INFO  ==============================================================
13:29:30 INFO  Id:    monitoring_with_collectd
13:29:30 INFO  Dir:   monitoring/
13:29:30 INFO  Title: Validate tedge dm agent messages that are produced by batching the collectd messages
13:29:30 INFO  ==============================================================
13:29:30 INFO  Test execution disabled due to #792 (instable) ... skipped
13:29:30 INFO  
13:29:30 INFO  Test duration: 0.02 secs
13:29:30 INFO  Test final outcome:  SKIPPED
13:29:30 INFO  Test outcome reason: Test execution disabled due to #792 (instable)
13:29:30 INFO  
</system-out>
	</testcase>
</testsuite><testsuite name="monitoring_with_simulated_messages" tests="1" errors="0" failures="0" skipped="1" time="0"><testcase classname="MonitoringWithSimulatedMessages" name="monitoring_with_simulated_messages">
		<skipped message="SKIPPED: Fails due to retained message" />
		<system-out>13:29:30 INFO  ==============================================================
13:29:30 INFO  Id:    monitoring_with_simulated_messages
13:29:30 INFO  Dir:   monitoring/
13:29:30 INFO  Title: Validate the tedge dm agent messages that are produced from the simulated collectd messages
13:29:30 INFO  ==============================================================
13:29:30 INFO  Fails due to retained message ... skipped
13:29:30 INFO  
13:29:30 INFO  Test duration: 0.02 secs
13:29:30 INFO  Test final outcome:  SKIPPED
13:29:30 INFO  Test outcome reason: Fails due to retained message
13:29:30 INFO  
</system-out>
	</testcase>
</testsuite><testsuite name="mqtt_port_change_connection_fails" tests="1" errors="0" failures="0" skipped="0" time="0"><testcase classname="MqttPortChangeConnectionFails" name="mqtt_port_change_connection_fails" />
</testsuite><testsuite name="mqtt_port_change_connection_works" tests="1" errors="0" failures="0" skipped="1" time="0"><testcase classname="MqttPortChangeConnectionWorks" name="mqtt_port_change_connection_works">
		<skipped message="SKIPPED: failing intermitently" />
		<system-out>13:28:35 INFO  ==============================================================
13:28:35 INFO  Id:    mqtt_port_change_connection_works
13:28:35 INFO  Dir:   misc_features/
13:28:35 INFO  Title: mqtt port change connection works for all the thin-edge services that use the mosquitto broker
13:28:35 INFO  ==============================================================
13:28:35 INFO  failing intermitently ... skipped
13:28:35 INFO  
13:28:35 INFO  Test duration: 0.02 secs
13:28:35 INFO  Test final outcome:  SKIPPED
13:28:35 INFO  Test outcome reason: failing intermitently
13:28:35 INFO  
</system-out>
	</testcase>
</testsuite><testsuite name="mqtt_port_set" tests="1" errors="0" failures="0" skipped="0" time="0"><testcase classname="MqttPortSet" name="mqtt_port_set" />
</testsuite><testsuite name="mqtt_port_unset" tests="1" errors="0" failures="0" skipped="0" time="0"><testcase classname="MqttPortUnSet" name="mqtt_port_unset" />
</testsuite><testsuite name="publish_flux" tests="1" errors="0" failures="0" skipped="0" time="0"><testcase classname="PublishFlux" name="publish_flux" />
</testsuite><testsuite name="publish_sawmill" tests="1" errors="0" failures="0" skipped="0" time="0"><testcase classname="PublishSawmill" name="publish_sawmill" />
</testsuite><testsuite name="pysys_block" tests="1" errors="0" failures="0" skipped="1" time="0"><testcase classname="Fail" name="pysys_block">
		<skipped message="SKIPPED: Enable this to observe a blocking test" />
		<system-out>13:28:57 INFO  ==============================================================
13:28:57 INFO  Id:    pysys_block
13:28:57 INFO  Dir:   misc_features/
13:28:57 INFO  Title: fail
13:28:57 INFO  ==============================================================
13:28:57 INFO  Enable this to observe a blocking test ... skipped
13:28:57 INFO  
13:28:57 INFO  Test duration: 0.03 secs
13:28:57 INFO  Test final outcome:  SKIPPED
13:28:57 INFO  Test outcome reason: Enable this to observe a blocking test
13:28:57 INFO  
</system-out>
	</testcase>
</testsuite><testsuite name="pysys_fail" tests="1" errors="0" failures="0" skipped="1" time="0"><testcase classname="Fail" name="pysys_fail">
		<skipped message="SKIPPED: Enable this to observe a failing test" />
		<system-out>13:28:57 INFO  ==============================================================
13:28:57 INFO  Id:    pysys_fail
13:28:57 INFO  Dir:   misc_features/
13:28:57 INFO  Title: fail
13:28:57 INFO  ==============================================================
13:28:57 INFO  Enable this to observe a failing test ... skipped
13:28:57 INFO  
13:28:57 INFO  Test duration: 0.03 secs
13:28:57 INFO  Test final outcome:  SKIPPED
13:28:57 INFO  Test outcome reason: Enable this to observe a failing test
13:28:57 INFO  
</system-out>
	</testcase>
</testsuite><testsuite name="runtime_start_two_mappers" tests="1" errors="0" failures="0" skipped="0" time="0"><testcase classname="RuntimeMultiMappers" name="runtime_start_two_mappers" />
</testsuite><testsuite name="sm_tedge_mapper_init_session" tests="1" errors="0" failures="0" skipped="0" time="0"><testcase classname="TedgeSMMapperInitSession" name="sm_tedge_mapper_init_session" />
</testsuite><testsuite name="smoketest_json" tests="1" errors="0" failures="0" skipped="0" time="0"><testcase classname="SmokeTestJson" name="smoketest_json" />
</testsuite><testsuite name="smoketest_json_400_samples_10ms" tests="1" errors="0" failures="0" skipped="0" time="0"><testcase classname="SmoketestJson400Samples10ms" name="smoketest_json_400_samples_10ms" />
</testsuite><testsuite name="smoketest_json_400_samples_20ms" tests="1" errors="0" failures="0" skipped="0" time="0"><testcase classname="SmoketestJson400Samples20ms" name="smoketest_json_400_samples_20ms" />
</testsuite><testsuite name="smoketest_smartrest" tests="1" errors="0" failures="1" skipped="0" time="0"><testcase classname="SmoketestSmartRest" name="smoketest_smartrest">
		<failure message="BLOCKED: python3&lt;stdout&gt; returned non-zero exit code 1" type="BLOCKED" />
		<system-out>13:34:50 INFO  ==============================================================
13:34:50 INFO  Id:    smoketest_smartrest
13:34:50 INFO  Dir:   smoketests/
13:34:50 INFO  Title: Smoketest SmartREST
13:34:50 INFO  ==============================================================
13:34:50 INFO  EnvironmentC8y Setup
13:34:51 INFO  Executed systemctl&lt;serv_mapper1&gt;, exit status 3
13:34:51 INFO  Restarting mosquitto too frequently in the last 10 seconds. It was only up for 4 seconds
13:34:51 INFO  Delaying execution by 7 seconds
13:35:12 INFO  Executed sudo&lt;tedge_connect_c8y&gt;, exit status 0, duration 14 secs
13:35:13 INFO  Executed sudo&lt;tedge_connect_c8y_test&gt;, exit status 0
13:35:13 INFO  Executed systemctl&lt;serv_mosq2&gt;, exit status 0
13:35:14 INFO  Executed systemctl&lt;serv_mapper3&gt;, exit status 0
13:35:34 WARN  Executed python3&lt;stdout&gt;, exit status 1
13:35:34 INFO  Contents of stdout.out: 
  Act: Publishing values with tedge pub
  Waiting 3s for values to arrive in C8y
  Assert: Retrieving data via REST interface
  Gathering values from 2022-04-19 13:35:24+00:00 to 2022-04-19 13:35:34+00:00
  Found 18 recorded values:
  Retrieved values:
      2     3     4     5     6     7     8     9    10    11    12    13    14    15    16    17    18    19
  Expected:  0.0  ...  19.0
  Data verification FAILED
  -----

13:35:34 WARN  python3&lt;stdout&gt; returned non-zero exit code 1 ... blocked 
13:35:34 WARN  Aborted test due to BLOCKED outcome
13:35:34 INFO  
13:35:34 INFO  cleanup:
13:35:38 INFO  Executed sudo&lt;tedge_disconnect_c8y&gt;, exit status 0
13:35:39 INFO  Executed systemctl&lt;serv_mapper5&gt;, exit status 3
13:35:39 INFO  
13:35:39 INFO  Test duration: 48.65 secs
13:35:39 INFO  Test final outcome:  BLOCKED
13:35:39 INFO  Test outcome reason: python3&lt;stdout&gt; returned non-zero exit code 1
13:35:39 INFO  
</system-out>
	</testcase>
</testsuite><testsuite name="smoketest_smartrest_400_samples_1Xms" tests="1" errors="0" failures="0" skipped="0" time="0"><testcase classname="SmoketestSmartRest400Samples1Xms" name="smoketest_smartrest_400_samples_1Xms" />
</testsuite><testsuite name="smoketest_smartrest_400_samples_20ms" tests="1" errors="0" failures="0" skipped="0" time="0"><testcase classname="SmoketestSmartRest400Samples20ms" name="smoketest_smartrest_400_samples_20ms" />
</testsuite><testsuite name="tedge_agent_user_sudo_access" tests="1" errors="0" failures="0" skipped="1" time="0"><testcase classname="TedgeAgentUserSudoAccess" name="tedge_agent_user_sudo_access">
		<skipped message="SKIPPED: #955 Observation: Exit code of the apt plugin when called with no arguments" />
		<system-out>13:39:40 INFO  ==============================================================
13:39:40 INFO  Id:    tedge_agent_user_sudo_access
13:39:40 INFO  Dir:   tedge/
13:39:40 INFO  Title: Validate tedge-agent user has a limited sudo right
13:39:40 INFO  ==============================================================
13:39:40 INFO  #955 Observation: Exit code of the apt plugin when called with no arguments ... skipped
13:39:40 INFO  
13:39:40 INFO  Test duration: 0.02 secs
13:39:40 INFO  Test final outcome:  SKIPPED
13:39:40 INFO  Test outcome reason: #955 Observation: Exit code of the apt plugin when called with no arguments
13:39:40 INFO  
</system-out>
	</testcase>
</testsuite><testsuite name="tedge_connect_test_negative" tests="1" errors="0" failures="0" skipped="0" time="0"><testcase classname="TedgeConnectTestNegative" name="tedge_connect_test_negative" />
</testsuite><testsuite name="tedge_connect_test_positive" tests="1" errors="0" failures="0" skipped="0" time="0"><testcase classname="TedgeConnectTestPositive" name="tedge_connect_test_positive" />
</testsuite><testsuite name="tedge_connect_test_sm_services" tests="1" errors="0" failures="0" skipped="0" time="0"><testcase classname="TedgeConnectTestSMServices" name="tedge_connect_test_sm_services" />
</testsuite><testsuite name="tedge_disconnect_test_sm_services" tests="1" errors="0" failures="0" skipped="0" time="0"><testcase classname="TedgeDisConnectTestSMServices" name="tedge_disconnect_test_sm_services" />
</testsuite><testsuite name="tedge_mapper_az_negative" tests="1" errors="0" failures="0" skipped="0" time="0"><testcase classname="TedgeMapperAzError" name="tedge_mapper_az_negative" />
</testsuite><testsuite name="tedge_mapper_az_with_timestamp" tests="1" errors="0" failures="0" skipped="0" time="0"><testcase classname="TedgeMapperAzWithTimestamp" name="tedge_mapper_az_with_timestamp" />
</testsuite><testsuite name="tedge_mapper_az_without_timestamp" tests="1" errors="0" failures="0" skipped="0" time="0"><testcase classname="TedgeMapperAzWithoutTimestamp" name="tedge_mapper_az_without_timestamp" />
</testsuite><testsuite name="tedge_mapper_c8y_alarms" tests="1" errors="0" failures="1" skipped="0" time="0"><testcase classname="TedgeMapperC8yAlarm" name="tedge_mapper_c8y_alarms">
		<failure message="BLOCKED: IndexError: list index out of range (+3 other failures)" type="BLOCKED" />
		<system-out>13:43:29 INFO  ==============================================================
13:43:29 INFO  Id:    tedge_mapper_c8y_alarms
13:43:29 INFO  Dir:   tedge_mapper_c8y/
13:43:29 INFO  Title: Validate that alarms sent to tedge/alarms topic \ gets mapped as alarms in Cumulocity
13:43:29 INFO  ==============================================================
13:43:29 INFO  EnvironmentC8y Setup
13:43:30 INFO  Executed systemctl&lt;serv_mapper1&gt;, exit status 3
13:43:44 INFO  Executed sudo&lt;tedge_connect_c8y&gt;, exit status 0, duration 14 secs
13:43:45 INFO  Executed sudo&lt;tedge_connect_c8y_test&gt;, exit status 0
13:43:45 INFO  Executed systemctl&lt;serv_mosq2&gt;, exit status 0
13:43:46 INFO  Executed systemctl&lt;serv_mapper3&gt;, exit status 0
13:43:51 INFO  Executed tedge, exit status 0
13:43:51 INFO  Executed tedge, exit status 0
13:43:52 INFO  Executed tedge, exit status 0
13:43:52 INFO  Executed tedge, exit status 0
13:43:53 INFO  Executed tedge, exit status 0
13:43:54 INFO  {
    "severity": "WARNING",
    "creationTime": "2022-04-19T13:43:54.106Z",
    "count": 1,
    "history": {
        "auditRecords": [],
        "self": "https://t493319102.eu-latest.cumulocity.com/audit/auditRecords"
    },
    "source": {
        "name": "mythicc",
        "self": "https://t493319102.eu-latest.cumulocity.com/inventory/managedObjects/17392960",
        "id": "17392960"
    },
    "type": "temperature_high",
    "lastUpdated": "2022-04-19T13:43:54.106Z",
    "self": "https://t493319102.eu-latest.cumulocity.com/alarm/alarms/17474450",
    "time": "2021-12-15T15:22:06.464+05:30",
    "id": "17474450",
    "text": "temperature is high",
    "status": "ACTIVE"
}
13:43:54 WARN  Assert that (actual == expected) with actual="temperature_high", expected="temperature_dangerous" ... failed [run.py:128,run.py:103]
13:43:54 INFO       actual: "temperature_high"
13:43:54 INFO     expected: "temperature_dangerous"
13:43:54 INFO                            ^
13:43:54 WARN  Assert that (actual == expected) with actual="WARNING", expected="CRITICAL" ... failed [run.py:133,run.py:103]
13:43:54 INFO       actual: "WARNING"
13:43:54 INFO     expected: "CRITICAL"
13:43:54 INFO                ^
13:43:54 WARN  Assert that (actual == expected) with actual="temperature is high", expected="temperature is dangerously high" ... failed [run.py:138,run.py:103]
13:43:54 INFO       actual: "temperature is high"
13:43:54 INFO     expected: "temperature is dangerously high"
13:43:54 INFO                               ^
13:43:54 WARN  IndexError occurred while running test - list index out of range
Traceback (most recent call last):
  File "/home/pi/env-pysys/lib/python3.7/site-packages/pysys/baserunner.py", line 1296, in __call__
    self.testObj.validate()
  File "/home/pi/actions-runner/_work/thin-edge.io/thin-edge.io/tests/PySys/tedge_mapper_c8y/tedge_mapper_c8y_alarms/run.py", line 106, in validate
    alarms[1], "temperature_very_high", "MAJOR", "temperature is very high"
IndexError: list index out of range
13:43:54 WARN  IndexError: list index out of range ... blocked 
13:43:54 INFO  
13:43:54 INFO  cleanup:
13:43:54 INFO  Executed tedge, exit status 0
13:43:55 INFO  Executed tedge, exit status 0
13:43:55 INFO  Executed tedge, exit status 0
13:44:00 INFO  Executed sudo&lt;tedge_disconnect_c8y&gt;, exit status 0
13:44:00 INFO  Executed systemctl&lt;serv_mapper5&gt;, exit status 3
13:44:00 INFO  
13:44:00 INFO  Test duration: 31.15 secs
13:44:00 INFO  Test final outcome:  BLOCKED
13:44:00 INFO  Test outcome reason: IndexError: list index out of range (+3 other failures)
13:44:00 INFO  
</system-out>
	</testcase>
</testsuite><testsuite name="tedge_mapper_c8y_child_device_measurement" tests="1" errors="0" failures="1" skipped="0" time="0"><testcase classname="TedgeMapperC8yChildDevice" name="tedge_mapper_c8y_child_device_measurement">
		<failure message="BLOCKED: TypeError: 'NoneType' object is not subscriptable (+1 other failures)" type="BLOCKED" />
		<system-out>13:44:00 INFO  ==============================================================
13:44:00 INFO  Id:    tedge_mapper_c8y_child_device_measurement
13:44:00 INFO  Dir:   tedge_mapper_c8y/
13:44:00 INFO  Title: Validate that measurements sent to tedge/measurements/child topic gets mapped as the child device's measurement in Cumulocity
13:44:00 INFO  ==============================================================
13:44:00 INFO  EnvironmentC8y Setup
13:44:01 INFO  Executed systemctl&lt;serv_mapper1&gt;, exit status 3
13:44:01 INFO  Restarting mosquitto too frequently in the last 10 seconds. It was only up for 5 seconds
13:44:01 INFO  Delaying execution by 6 seconds
13:44:21 INFO  Executed sudo&lt;tedge_connect_c8y&gt;, exit status 0, duration 14 secs
13:44:22 INFO  Executed sudo&lt;tedge_connect_c8y_test&gt;, exit status 0
13:44:22 INFO  Executed systemctl&lt;serv_mosq2&gt;, exit status 0
13:44:23 INFO  Executed systemctl&lt;serv_mapper3&gt;, exit status 0
13:44:23 INFO  Assert that (actual == expected) with actual=None, expected=None ... passed
13:44:24 INFO  Executed tedge_pub, exit status 0
13:44:24 INFO  Executed tedge_pub, exit status 0
13:44:25 INFO  Executed tedge_pub, exit status 0
13:44:25 INFO  Executed tedge_pub, exit status 0
13:44:26 INFO  Executed tedge_pub, exit status 0
13:44:28 WARN  TypeError occurred while running test - 'NoneType' object is not subscriptable
Traceback (most recent call last):
  File "/home/pi/env-pysys/lib/python3.7/site-packages/pysys/baserunner.py", line 1296, in __call__
    self.testObj.validate()
  File "/home/pi/actions-runner/_work/thin-edge.io/thin-edge.io/tests/PySys/tedge_mapper_c8y/tedge_mapper_c8y_child_device_measurement/run.py", line 115, in validate
    self.child_device_json["id"], 3
TypeError: 'NoneType' object is not subscriptable
13:44:28 WARN  TypeError: 'NoneType' object is not subscriptable ... blocked 
13:44:28 INFO  
13:44:28 INFO  cleanup:
13:44:28 ERROR Error while running cleanup function: 
Traceback (most recent call last):
  File "/home/pi/env-pysys/lib/python3.7/site-packages/pysys/process/user.py", line 1305, in cleanup
    fn()
  File "/home/pi/actions-runner/_work/thin-edge.io/thin-edge.io/tests/PySys/tedge_mapper_c8y/tedge_mapper_c8y_child_device_measurement/run.py", line 165, in test_cleanup
    self.child_device_json["id"]
TypeError: 'NoneType' object is not subscriptable
13:44:32 INFO  Executed sudo&lt;tedge_disconnect_c8y&gt;, exit status 0
13:44:33 INFO  Executed systemctl&lt;serv_mapper5&gt;, exit status 3
13:44:33 WARN  Cleanup failed with 1 errors: Cleanup function failed: 'NoneType' object is not subscriptable (TypeError) ... blocked 
13:44:33 INFO  
13:44:33 INFO  Test duration: 32.46 secs
13:44:33 INFO  Test final outcome:  BLOCKED
13:44:33 INFO  Test outcome reason: TypeError: 'NoneType' object is not subscriptable (+1 other failures)
13:44:33 INFO  
</system-out>
	</testcase>
</testsuite><testsuite name="tedge_mapper_c8y_packet_threshold_size" tests="1" errors="0" failures="0" skipped="0" time="0"><testcase classname="TedgeMapperC8yThresholdPacketSize" name="tedge_mapper_c8y_packet_threshold_size" />
</testsuite><testsuite name="tedge_software_update" tests="1" errors="0" failures="0" skipped="0" time="0"><testcase classname="PySysTest" name="tedge_software_update" />
</testsuite><testsuite name="valid_device_id" tests="1" errors="0" failures="0" skipped="0" time="0"><testcase classname="ValidateValidDeviceId" name="valid_device_id" />
</testsuite></testsuites>