<?xml version='1.0' encoding='utf-8'?>
<testsuites tests="149" failures="19" errors="0" skipped="49" time="0.0"><testsuite name="SoftwareManagement.Plugin.apama_plugin_install" tests="3" errors="0" failures="0" skipped="1" time="0"><testcase classname="ApamaPluginInstallTest" name="SoftwareManagement.Plugin.apama_plugin_install">
		<skipped message="SKIPPED: Apama plugin tests are disabled by default. Execute `pysys run` with `-XmyPlatform=container` to run these tests" />
		<system-out>15:28:27 INFO  ==============================================================
15:28:27 INFO  Id:    SoftwareManagement.Plugin.apama_plugin_install
15:28:27 INFO  Dir:   plugin_apama/
15:28:27 INFO  Title: Validate apama plugin install
15:28:27 INFO  ==============================================================
15:28:27 INFO  Apama plugin tests are disabled by default. Execute `pysys run` with `-XmyPlatform=container` to run these tests ... skipped
15:28:27 WARN  Aborted test due to SKIPPED outcome
15:28:27 INFO  
15:28:27 INFO  Test duration: 0.04 secs
15:28:27 INFO  Test final outcome:  SKIPPED
15:28:27 INFO  Test outcome reason: Apama plugin tests are disabled by default. Execute `pysys run` with `-XmyPlatform=container` to run these tests
15:28:27 INFO  
</system-out>
	</testcase>
<testcase classname="ApamaPluginInstallTest" name="SoftwareManagement.Plugin.apama_plugin_install" />
<testcase classname="ApamaPluginInstallTest" name="SoftwareManagement.Plugin.apama_plugin_install" />
</testsuite><testsuite name="SoftwareManagement.Plugin.apama_plugin_mon_support" tests="3" errors="0" failures="0" skipped="1" time="0"><testcase classname="ApamaPluginMonSupportTest" name="SoftwareManagement.Plugin.apama_plugin_mon_support">
		<skipped message="SKIPPED: Apama plugin tests are disabled by default. Execute `pysys run` with `-XmyPlatform=container` to run these tests" />
		<system-out>15:28:27 INFO  ==============================================================
15:28:27 INFO  Id:    SoftwareManagement.Plugin.apama_plugin_mon_support
15:28:27 INFO  Dir:   plugin_apama/
15:28:27 INFO  Title: Validate mon file support of apama plugin
15:28:27 INFO  ==============================================================
15:28:27 INFO  Apama plugin tests are disabled by default. Execute `pysys run` with `-XmyPlatform=container` to run these tests ... skipped
15:28:27 WARN  Aborted test due to SKIPPED outcome
15:28:27 INFO  
15:28:27 INFO  Test duration: 0.02 secs
15:28:27 INFO  Test final outcome:  SKIPPED
15:28:27 INFO  Test outcome reason: Apama plugin tests are disabled by default. Execute `pysys run` with `-XmyPlatform=container` to run these tests
15:28:27 INFO  
</system-out>
	</testcase>
<testcase classname="ApamaPluginMonSupportTest" name="SoftwareManagement.Plugin.apama_plugin_mon_support" />
<testcase classname="ApamaPluginMonSupportTest" name="SoftwareManagement.Plugin.apama_plugin_mon_support" />
</testsuite><testsuite name="SoftwareManagement.Plugin.apama_plugin_remove" tests="3" errors="0" failures="0" skipped="1" time="0"><testcase classname="ApamaPluginRemoveTest" name="SoftwareManagement.Plugin.apama_plugin_remove">
		<skipped message="SKIPPED: Apama plugin tests are disabled by default. Execute `pysys run` with `-XmyPlatform=container` to run these tests" />
		<system-out>15:28:27 INFO  ==============================================================
15:28:27 INFO  Id:    SoftwareManagement.Plugin.apama_plugin_remove
15:28:27 INFO  Dir:   plugin_apama/
15:28:27 INFO  Title: Validate apama plugin remove
15:28:27 INFO  ==============================================================
15:28:27 INFO  Apama plugin tests are disabled by default. Execute `pysys run` with `-XmyPlatform=container` to run these tests ... skipped
15:28:27 WARN  Aborted test due to SKIPPED outcome
15:28:27 INFO  
15:28:27 INFO  Test duration: 0.02 secs
15:28:27 INFO  Test final outcome:  SKIPPED
15:28:27 INFO  Test outcome reason: Apama plugin tests are disabled by default. Execute `pysys run` with `-XmyPlatform=container` to run these tests
15:28:27 INFO  
</system-out>
	</testcase>
<testcase classname="ApamaPluginRemoveTest" name="SoftwareManagement.Plugin.apama_plugin_remove" />
<testcase classname="ApamaPluginRemoveTest" name="SoftwareManagement.Plugin.apama_plugin_remove" />
</testsuite><testsuite name="SoftwareManagement.Plugin.apama_plugin_update" tests="3" errors="0" failures="2" skipped="1" time="0"><testcase classname="ApamaPluginUpdateTest" name="SoftwareManagement.Plugin.apama_plugin_update">
		<skipped message="SKIPPED: Apama plugin tests are disabled by default. Execute `pysys run` with `-XmyPlatform=container` to run these tests" />
		<system-out>15:28:27 INFO  ==============================================================
15:28:27 INFO  Id:    SoftwareManagement.Plugin.apama_plugin_update
15:28:27 INFO  Dir:   plugin_apama/
15:28:27 INFO  Title: Validate apama plugin updating one project with another
15:28:27 INFO  ==============================================================
15:28:27 INFO  Apama plugin tests are disabled by default. Execute `pysys run` with `-XmyPlatform=container` to run these tests ... skipped
15:28:27 WARN  Aborted test due to SKIPPED outcome
15:28:27 INFO  
15:28:27 INFO  Test duration: 0.02 secs
15:28:27 INFO  Test final outcome:  SKIPPED
15:28:27 INFO  Test outcome reason: Apama plugin tests are disabled by default. Execute `pysys run` with `-XmyPlatform=container` to run these tests
15:28:27 INFO  
</system-out>
	</testcase>
<testcase classname="ApamaPluginUpdateTest" name="SoftwareManagement.Plugin.apama_plugin_update">
		<failure message="BLOCKED: sudo&lt;plugin_install&gt; returned non-zero exit code 2" type="BLOCKED" />
		<system-out>16:19:52 INFO  ==============================================================
16:19:52 INFO  Id:    SoftwareManagement.Plugin.apama_plugin_update
16:19:52 INFO  Dir:   plugin_apama/
16:19:52 INFO  Title: Validate apama plugin updating one project with another
16:19:52 INFO  ==============================================================
16:19:52 INFO  Assertion that path exists=False for "/etc/tedge/apama/project" ... passed
16:19:53 INFO  Executed sudo&lt;create_project_dir&gt;, exit status 0
16:19:53 INFO  Executed sudo&lt;unzip_apama_project&gt;, exit status 0
16:19:54 INFO  Executed sudo&lt;move_apama_project&gt;, exit status 0
16:19:55 INFO  Executed sudo&lt;restart_apama_service&gt;, exit status 0
16:19:56 INFO  Executed sudo&lt;apama_correlator_wait&gt;, exit status 0
16:19:56 INFO  Assertion that path exists=True for "/etc/tedge/apama/project" ... passed
16:19:57 INFO  Executed sudo&lt;apama_list_monitors&gt;, exit status 0
16:19:57 INFO  Grep on file /home/pi/actions-runner/_work/thin-edge.io/thin-edge.io/tests/PySys/plugin_apama/apama_plugin_update/Output/linux/apama_list_monitors.out ... passed
16:19:57 WARN  Executed sudo&lt;plugin_install&gt;, exit status 2
16:19:57 INFO  Contents of plugin_install.err: 
  ERROR: Directory not empty (os error 39)
  -----

16:19:57 WARN  sudo&lt;plugin_install&gt; returned non-zero exit code 2 ... blocked [run.py:35]
16:19:57 WARN  Aborted test due to BLOCKED outcome
16:19:57 INFO  
16:19:57 INFO  cleanup:
16:19:57 INFO  Removing apama project
16:20:13 INFO  Executed sudo&lt;stop_apama_service&gt;, exit status 0, duration 15 secs
16:20:13 INFO  Executed sudo&lt;remove_apama_project&gt;, exit status 0
16:20:14 INFO  Executed sudo&lt;remove_apama_tmp_dir&gt;, exit status 0
16:20:14 INFO  
16:20:14 INFO  Test duration: 21.53 secs
16:20:14 INFO  Test final outcome:  BLOCKED
16:20:14 INFO  Test outcome reason: sudo&lt;plugin_install&gt; returned non-zero exit code 2
16:20:14 INFO  
</system-out>
	</testcase>
<testcase classname="ApamaPluginUpdateTest" name="SoftwareManagement.Plugin.apama_plugin_update">
		<failure message="BLOCKED: sudo&lt;plugin_install&gt; returned non-zero exit code 2" type="BLOCKED" />
		<system-out>16:28:04 INFO  ==============================================================
16:28:04 INFO  Id:    SoftwareManagement.Plugin.apama_plugin_update
16:28:04 INFO  Dir:   plugin_apama/
16:28:04 INFO  Title: Validate apama plugin updating one project with another
16:28:04 INFO  ==============================================================
16:28:04 INFO  Assertion that path exists=False for "/etc/tedge/apama/project" ... passed
16:28:04 INFO  Executed sudo&lt;create_project_dir&gt;, exit status 0
16:28:05 INFO  Executed sudo&lt;unzip_apama_project&gt;, exit status 0
16:28:05 INFO  Executed sudo&lt;move_apama_project&gt;, exit status 0
16:28:06 INFO  Executed sudo&lt;restart_apama_service&gt;, exit status 0
16:28:07 INFO  Executed sudo&lt;apama_correlator_wait&gt;, exit status 0
16:28:07 INFO  Assertion that path exists=True for "/etc/tedge/apama/project" ... passed
16:28:08 INFO  Executed sudo&lt;apama_list_monitors&gt;, exit status 0
16:28:08 INFO  Grep on file /home/pi/actions-runner/_work/thin-edge.io/thin-edge.io/tests/PySys/plugin_apama/apama_plugin_update/Output/linux/apama_list_monitors.out ... passed
16:28:08 WARN  Executed sudo&lt;plugin_install&gt;, exit status 2
16:28:08 INFO  Contents of plugin_install.err: 
  ERROR: Directory not empty (os error 39)
  -----

16:28:09 WARN  sudo&lt;plugin_install&gt; returned non-zero exit code 2 ... blocked [run.py:35]
16:28:09 WARN  Aborted test due to BLOCKED outcome
16:28:09 INFO  
16:28:09 INFO  cleanup:
16:28:09 INFO  Removing apama project
16:28:24 INFO  Executed sudo&lt;stop_apama_service&gt;, exit status 0, duration 15 secs
16:28:24 INFO  Executed sudo&lt;remove_apama_project&gt;, exit status 0
16:28:25 INFO  Executed sudo&lt;remove_apama_tmp_dir&gt;, exit status 0
16:28:25 INFO  
16:28:25 INFO  Test duration: 21.47 secs
16:28:25 INFO  Test final outcome:  BLOCKED
16:28:25 INFO  Test outcome reason: sudo&lt;plugin_install&gt; returned non-zero exit code 2
16:28:25 INFO  
</system-out>
	</testcase>
</testsuite><testsuite name="SoftwareManagement.sm_apt_install_download_path" tests="3" errors="0" failures="2" skipped="1" time="0"><testcase classname="AptInstallWithDownloadPath" name="SoftwareManagement.sm_apt_install_download_path">
		<skipped message="SKIPPED: Testing the apt plugin is not supported on this platform.Use parameter -XmyPlatform='container' to enable it" />
		<system-out>15:36:21 INFO  ==============================================================
15:36:21 INFO  Id:    SoftwareManagement.sm_apt_install_download_path
15:36:21 INFO  Dir:   software_management_end_to_end/
15:36:21 INFO  Title: Install package to directory specified in tedge config set tmp.path
15:36:21 INFO  ==============================================================
15:36:21 INFO  Testing the apt plugin is not supported on this platform.Use parameter -XmyPlatform='container' to enable it ... skipped
15:36:21 WARN  Aborted test due to SKIPPED outcome
15:36:21 INFO  
15:36:21 INFO  Test duration: 0.06 secs
15:36:21 INFO  Test final outcome:  SKIPPED
15:36:21 INFO  Test outcome reason: Testing the apt plugin is not supported on this platform.Use parameter -XmyPlatform='container' to enable it
15:36:21 INFO  
</system-out>
	</testcase>
<testcase classname="AptInstallWithDownloadPath" name="SoftwareManagement.sm_apt_install_download_path">
		<failure message="BLOCKED: AssertionError:" type="BLOCKED" />
		<system-out>16:01:30 INFO  ==============================================================
16:01:30 INFO  Id:    SoftwareManagement.sm_apt_install_download_path
16:01:30 INFO  Dir:   software_management_end_to_end/
16:01:30 INFO  Title: Install package to directory specified in tedge config set tmp.path
16:01:30 INFO  ==============================================================
16:01:31 INFO  Using sw id database: {'asciijump': '5475369', 'robotfindskitten': '5474869', 'squirrel3': '5475279', 'rolldice': '5152439', 'moon-buggy': '5439204', 'apple': '5495053', 'banana': '5494888', 'cherry': '5495382', 'watermelon': '5494510', 'registry': '8018911', 'hello-world': '8021526', 'docker/getting-started': '8021973', 'alpine': '7991792'}
16:01:31 INFO  EnvironmentC8y Setup
16:01:31 INFO  Executed systemctl&lt;serv_mapper1&gt;, exit status 3
16:01:46 INFO  Executed sudo&lt;tedge_connect_c8y&gt;, exit status 0, duration 14 secs
16:01:47 INFO  Executed sudo&lt;tedge_connect_c8y_test&gt;, exit status 0
16:01:48 INFO  Executed systemctl&lt;serv_mosq2&gt;, exit status 0
16:01:49 INFO  Executed systemctl&lt;serv_mapper3&gt;, exit status 0
16:01:51 INFO  State of current operation: SUCCESSFUL
16:01:52 INFO  Assert that (False == value) with value=False ... passed
16:01:52 INFO  Executed sudo, exit status 0
16:01:53 INFO  Executed sudo, exit status 0
16:01:53 INFO  Executed sudo, exit status 0
16:01:57 INFO  Executed sudo&lt;tedge_disconnect_c8y&gt;, exit status 0
16:01:58 INFO  Restarting mosquitto too frequently in the last 10 seconds. It was only up for 4 seconds
16:01:58 INFO  Delaying execution by 7 seconds
16:02:19 INFO  Executed sudo&lt;tedge_connect_c8y&gt;, exit status 0, duration 14 secs
16:02:19 INFO  Response status: 201
16:02:19 INFO  Response to action: {
    "creationTime": "2022-04-28T16:02:19.417Z",
    "deviceName": "mythicd",
    "deviceId": "17911759",
    "self": "https://t493319102.eu-latest.cumulocity.com/devicecontrol/operations/17923334",
    "id": "17923334",
    "status": "PENDING",
    "description": "Apply software changes, triggered from PySys: [{'name': 'rolldice', 'id': '5152439', 'version': '::apt', 'url': 'https://thin-edge-io.eu-latest.cumulocity.com/inventory/binaries/12435463', 'action': 'install'}]",
    "c8y_SoftwareUpdate": [
        {
            "name": "rolldice",
            "action": "install",
            "id": "5152439",
            "version": "::apt",
            "url": "https://thin-edge-io.eu-latest.cumulocity.com/inventory/binaries/12435463"
        }
    ]
}
16:02:19 INFO  Started operation: {'creationTime': '2022-04-28T16:02:19.417Z', 'deviceName': 'mythicd', 'deviceId': '17911759', 'self': 'https://t493319102.eu-latest.cumulocity.com/devicecontrol/operations/17923334', 'id': '17923334', 'status': 'PENDING', 'description': "Apply software changes, triggered from PySys: [{'name': 'rolldice', 'id': '5152439', 'version': '::apt', 'url': 'https://thin-edge-io.eu-latest.cumulocity.com/inventory/binaries/12435463', 'action': 'install'}]", 'c8y_SoftwareUpdate': [{'name': 'rolldice', 'action': 'install', 'id': '5152439', 'version': '::apt', 'url': 'https://thin-edge-io.eu-latest.cumulocity.com/inventory/binaries/12435463'}]}
16:02:19 WARN  , retrying in 0.5 seconds...
16:02:19 WARN  , retrying in 0.5 seconds...
16:02:20 WARN  , retrying in 0.5 seconds...
16:02:20 WARN  , retrying in 0.5 seconds...
16:02:21 WARN  , retrying in 0.5 seconds...
16:02:21 WARN  , retrying in 0.5 seconds...
16:02:22 WARN  , retrying in 0.5 seconds...
16:02:22 WARN  , retrying in 0.5 seconds...
16:02:23 WARN  , retrying in 0.5 seconds...
16:02:23 WARN  AssertionError occurred while running test - 
Traceback (most recent call last):
  File "/home/pi/env-pysys/lib/python3.7/site-packages/pysys/baserunner.py", line 1294, in __call__
    self.testObj.execute()
  File "/home/pi/actions-runner/_work/thin-edge.io/thin-edge.io/tests/PySys/software_management_end_to_end/sm_apt_install_download_path/run.py", line 83, in execute
    assert_install_in_download_path(install_directory=self.DOWNLOAD_DIR)
  File "/home/pi/env-pysys/lib/python3.7/site-packages/decorator.py", line 232, in fun
    return caller(func, *(extras + args), **kw)
  File "/home/pi/env-pysys/lib/python3.7/site-packages/retry/api.py", line 74, in retry_decorator
    logger)
  File "/home/pi/env-pysys/lib/python3.7/site-packages/retry/api.py", line 33, in __retry_internal
    return f()
  File "/home/pi/actions-runner/_work/thin-edge.io/thin-edge.io/tests/PySys/software_management_end_to_end/sm_apt_install_download_path/run.py", line 28, in assert_install_in_download_path
    assert "rolldice" in os.listdir(f"{install_directory}")
AssertionError
16:02:24 WARN  AssertionError: ... blocked 
16:02:24 INFO  
16:02:24 INFO  cleanup:
16:02:25 INFO  Executed sudo, exit status 0
16:02:26 INFO  Executed sudo, exit status 0
16:02:30 INFO  Executed sudo&lt;tedge_disconnect_c8y&gt;, exit status 0
16:02:30 INFO  Restarting mosquitto too frequently in the last 10 seconds. It was only up for 3 seconds
16:02:30 INFO  Delaying execution by 8 seconds
16:02:52 INFO  Executed sudo&lt;tedge_connect_c8y&gt;, exit status 0, duration 14 secs
16:02:56 INFO  Executed sudo&lt;tedge_disconnect_c8y&gt;, exit status 0
16:02:57 INFO  Executed systemctl&lt;serv_mapper5&gt;, exit status 3
16:02:57 INFO  
16:02:57 INFO  Test duration: 86.67 secs
16:02:57 INFO  Test final outcome:  BLOCKED
16:02:57 INFO  Test outcome reason: AssertionError:
16:02:57 INFO  
</system-out>
	</testcase>
<testcase classname="AptInstallWithDownloadPath" name="SoftwareManagement.sm_apt_install_download_path">
		<failure message="BLOCKED: AssertionError:" type="BLOCKED" />
		<system-out>16:28:25 INFO  ==============================================================
16:28:25 INFO  Id:    SoftwareManagement.sm_apt_install_download_path
16:28:25 INFO  Dir:   software_management_end_to_end/
16:28:25 INFO  Title: Install package to directory specified in tedge config set tmp.path
16:28:25 INFO  ==============================================================
16:28:26 INFO  Using sw id database: {'asciijump': '5475369', 'robotfindskitten': '5474869', 'squirrel3': '5475279', 'rolldice': '5152439', 'moon-buggy': '5439204', 'apple': '5495053', 'banana': '5494888', 'cherry': '5495382', 'watermelon': '5494510', 'registry': '8018911', 'hello-world': '8021526', 'docker/getting-started': '8021973', 'alpine': '7991792'}
16:28:26 INFO  EnvironmentC8y Setup
16:28:27 INFO  Executed systemctl&lt;serv_mapper1&gt;, exit status 3
16:28:41 INFO  Executed sudo&lt;tedge_connect_c8y&gt;, exit status 0, duration 14 secs
16:28:42 INFO  Executed sudo&lt;tedge_connect_c8y_test&gt;, exit status 0
16:28:42 INFO  Executed systemctl&lt;serv_mosq2&gt;, exit status 0
16:28:43 INFO  Executed systemctl&lt;serv_mapper3&gt;, exit status 0
16:28:45 INFO  State of current operation: SUCCESSFUL
16:28:45 INFO  Assert that (False == value) with value=False ... passed
16:28:46 INFO  Executed sudo, exit status 0
16:28:46 INFO  Executed sudo, exit status 0
16:28:47 INFO  Executed sudo, exit status 0
16:28:51 INFO  Executed sudo&lt;tedge_disconnect_c8y&gt;, exit status 0
16:28:51 INFO  Restarting mosquitto too frequently in the last 10 seconds. It was only up for 3 seconds
16:28:51 INFO  Delaying execution by 8 seconds
16:29:13 INFO  Executed sudo&lt;tedge_connect_c8y&gt;, exit status 0, duration 13 secs
16:29:13 INFO  Response status: 201
16:29:13 INFO  Response to action: {
    "delivery": {
        "time": "2022-04-28T16:29:13.780Z",
        "log": [],
        "status": "PENDING"
    },
    "creationTime": "2022-04-28T16:29:13.765Z",
    "deviceName": "mythicd",
    "deviceId": "17911759",
    "self": "https://t493319102.eu-latest.cumulocity.com/devicecontrol/operations/17923528",
    "id": "17923528",
    "status": "PENDING",
    "description": "Apply software changes, triggered from PySys: [{'name': 'rolldice', 'id': '5152439', 'version': '::apt', 'url': 'https://thin-edge-io.eu-latest.cumulocity.com/inventory/binaries/12435463', 'action': 'install'}]",
    "c8y_SoftwareUpdate": [
        {
            "name": "rolldice",
            "action": "install",
            "id": "5152439",
            "version": "::apt",
            "url": "https://thin-edge-io.eu-latest.cumulocity.com/inventory/binaries/12435463"
        }
    ]
}
16:29:13 INFO  Started operation: {'delivery': {'time': '2022-04-28T16:29:13.780Z', 'log': [], 'status': 'PENDING'}, 'creationTime': '2022-04-28T16:29:13.765Z', 'deviceName': 'mythicd', 'deviceId': '17911759', 'self': 'https://t493319102.eu-latest.cumulocity.com/devicecontrol/operations/17923528', 'id': '17923528', 'status': 'PENDING', 'description': "Apply software changes, triggered from PySys: [{'name': 'rolldice', 'id': '5152439', 'version': '::apt', 'url': 'https://thin-edge-io.eu-latest.cumulocity.com/inventory/binaries/12435463', 'action': 'install'}]", 'c8y_SoftwareUpdate': [{'name': 'rolldice', 'action': 'install', 'id': '5152439', 'version': '::apt', 'url': 'https://thin-edge-io.eu-latest.cumulocity.com/inventory/binaries/12435463'}]}
16:29:13 WARN  , retrying in 0.5 seconds...
16:29:14 WARN  , retrying in 0.5 seconds...
16:29:14 WARN  , retrying in 0.5 seconds...
16:29:15 WARN  , retrying in 0.5 seconds...
16:29:15 WARN  , retrying in 0.5 seconds...
16:29:16 WARN  , retrying in 0.5 seconds...
16:29:16 WARN  , retrying in 0.5 seconds...
16:29:17 WARN  , retrying in 0.5 seconds...
16:29:17 WARN  , retrying in 0.5 seconds...
16:29:18 WARN  AssertionError occurred while running test - 
Traceback (most recent call last):
  File "/home/pi/env-pysys/lib/python3.7/site-packages/pysys/baserunner.py", line 1294, in __call__
    self.testObj.execute()
  File "/home/pi/actions-runner/_work/thin-edge.io/thin-edge.io/tests/PySys/software_management_end_to_end/sm_apt_install_download_path/run.py", line 83, in execute
    assert_install_in_download_path(install_directory=self.DOWNLOAD_DIR)
  File "/home/pi/env-pysys/lib/python3.7/site-packages/decorator.py", line 232, in fun
    return caller(func, *(extras + args), **kw)
  File "/home/pi/env-pysys/lib/python3.7/site-packages/retry/api.py", line 74, in retry_decorator
    logger)
  File "/home/pi/env-pysys/lib/python3.7/site-packages/retry/api.py", line 33, in __retry_internal
    return f()
  File "/home/pi/actions-runner/_work/thin-edge.io/thin-edge.io/tests/PySys/software_management_end_to_end/sm_apt_install_download_path/run.py", line 28, in assert_install_in_download_path
    assert "rolldice" in os.listdir(f"{install_directory}")
AssertionError
16:29:18 WARN  AssertionError: ... blocked 
16:29:18 INFO  
16:29:18 INFO  cleanup:
16:29:18 INFO  Executed sudo, exit status 0
16:29:19 INFO  Executed sudo, exit status 0
16:29:24 INFO  Executed sudo&lt;tedge_disconnect_c8y&gt;, exit status 0
16:29:24 INFO  Restarting mosquitto too frequently in the last 10 seconds. It was only up for 4 seconds
16:29:24 INFO  Delaying execution by 7 seconds
16:29:45 INFO  Executed sudo&lt;tedge_connect_c8y&gt;, exit status 0, duration 13 secs
16:29:49 INFO  Executed sudo&lt;tedge_disconnect_c8y&gt;, exit status 0
16:29:50 INFO  Executed systemctl&lt;serv_mapper5&gt;, exit status 3
16:29:50 INFO  
16:29:50 INFO  Test duration: 84.44 secs
16:29:50 INFO  Test final outcome:  BLOCKED
16:29:50 INFO  Test outcome reason: AssertionError:
16:29:50 INFO  
</system-out>
	</testcase>
</testsuite><testsuite name="SoftwareManagement.sm_apt_install_fail" tests="3" errors="0" failures="0" skipped="1" time="0"><testcase classname="PySysTest" name="SoftwareManagement.sm_apt_install_fail">
		<skipped message="SKIPPED: Testing the apt plugin is not supported on this platform.Use parameter -XmyPlatform='container' to enable it" />
		<system-out>15:36:21 INFO  ==============================================================
15:36:21 INFO  Id:    SoftwareManagement.sm_apt_install_fail
15:36:21 INFO  Dir:   software_management_end_to_end/
15:36:21 INFO  Title: Validate end to end behaviour for a failing installation
15:36:21 INFO  ==============================================================
15:36:21 INFO  Testing the apt plugin is not supported on this platform.Use parameter -XmyPlatform='container' to enable it ... skipped
15:36:21 WARN  Aborted test due to SKIPPED outcome
15:36:21 INFO  
15:36:21 INFO  Test duration: 0.03 secs
15:36:21 INFO  Test final outcome:  SKIPPED
15:36:21 INFO  Test outcome reason: Testing the apt plugin is not supported on this platform.Use parameter -XmyPlatform='container' to enable it
15:36:21 INFO  
</system-out>
	</testcase>
<testcase classname="PySysTest" name="SoftwareManagement.sm_apt_install_fail" />
<testcase classname="PySysTest" name="SoftwareManagement.sm_apt_install_fail" />
</testsuite><testsuite name="SoftwareManagement.sm_apt_install_remove" tests="3" errors="0" failures="0" skipped="1" time="0"><testcase classname="PySysTest" name="SoftwareManagement.sm_apt_install_remove">
		<skipped message="SKIPPED: Testing the apt plugin is not supported on this platform.Use parameter -XmyPlatform='container' to enable it" />
		<system-out>15:36:22 INFO  ==============================================================
15:36:22 INFO  Id:    SoftwareManagement.sm_apt_install_remove
15:36:22 INFO  Dir:   software_management_end_to_end/
15:36:22 INFO  Title: Validate end to end behaviour for the apt plugin for installation and removal of packages
15:36:22 INFO  ==============================================================
15:36:22 INFO  Testing the apt plugin is not supported on this platform.Use parameter -XmyPlatform='container' to enable it ... skipped
15:36:22 WARN  Aborted test due to SKIPPED outcome
15:36:22 INFO  
15:36:22 INFO  Test duration: 0.02 secs
15:36:22 INFO  Test final outcome:  SKIPPED
15:36:22 INFO  Test outcome reason: Testing the apt plugin is not supported on this platform.Use parameter -XmyPlatform='container' to enable it
15:36:22 INFO  
</system-out>
	</testcase>
<testcase classname="PySysTest" name="SoftwareManagement.sm_apt_install_remove" />
<testcase classname="PySysTest" name="SoftwareManagement.sm_apt_install_remove" />
</testsuite><testsuite name="SoftwareManagement.sm_apt_install_remove_default" tests="3" errors="0" failures="0" skipped="1" time="0"><testcase classname="PySysTest" name="SoftwareManagement.sm_apt_install_remove_default">
		<skipped message="SKIPPED: Testing the apt plugin is not supported on this platform.Use parameter -XmyPlatform='container' to enable it" />
		<system-out>15:36:22 INFO  ==============================================================
15:36:22 INFO  Id:    SoftwareManagement.sm_apt_install_remove_default
15:36:22 INFO  Dir:   software_management_end_to_end/
15:36:22 INFO  Title: Validate end to end behaviour for the default plugin for installation and removal of packages
15:36:22 INFO  ==============================================================
15:36:22 INFO  Testing the apt plugin is not supported on this platform.Use parameter -XmyPlatform='container' to enable it ... skipped
15:36:22 WARN  Aborted test due to SKIPPED outcome
15:36:22 INFO  
15:36:22 INFO  Test duration: 0.02 secs
15:36:22 INFO  Test final outcome:  SKIPPED
15:36:22 INFO  Test outcome reason: Testing the apt plugin is not supported on this platform.Use parameter -XmyPlatform='container' to enable it
15:36:22 INFO  
</system-out>
	</testcase>
<testcase classname="PySysTest" name="SoftwareManagement.sm_apt_install_remove_default" />
<testcase classname="PySysTest" name="SoftwareManagement.sm_apt_install_remove_default" />
</testsuite><testsuite name="SoftwareManagement.sm_apt_install_remove_multiple" tests="3" errors="0" failures="2" skipped="1" time="0"><testcase classname="PySysTest" name="SoftwareManagement.sm_apt_install_remove_multiple">
		<skipped message="SKIPPED: Testing the apt plugin is not supported on this platform.Use parameter -XmyPlatform='container' to enable it" />
		<system-out>15:36:22 INFO  ==============================================================
15:36:22 INFO  Id:    SoftwareManagement.sm_apt_install_remove_multiple
15:36:22 INFO  Dir:   software_management_end_to_end/
15:36:22 INFO  Title: Validate end to end behaviour for the apt plugin for multiple packages
15:36:22 INFO  ==============================================================
15:36:22 INFO  Testing the apt plugin is not supported on this platform.Use parameter -XmyPlatform='container' to enable it ... skipped
15:36:22 WARN  Aborted test due to SKIPPED outcome
15:36:22 INFO  
15:36:22 INFO  Test duration: 0.03 secs
15:36:22 INFO  Test final outcome:  SKIPPED
15:36:22 INFO  Test outcome reason: Testing the apt plugin is not supported on this platform.Use parameter -XmyPlatform='container' to enable it
15:36:22 INFO  
</system-out>
	</testcase>
<testcase classname="PySysTest" name="SoftwareManagement.sm_apt_install_remove_multiple">
		<failure message="FAILED: Assert that (False == value) with value=True" type="FAILED" />
		<system-out>16:09:53 INFO  ==============================================================
16:09:53 INFO  Id:    SoftwareManagement.sm_apt_install_remove_multiple
16:09:53 INFO  Dir:   software_management_end_to_end/
16:09:53 INFO  Title: Validate end to end behaviour for the apt plugin for multiple packages
16:09:53 INFO  ==============================================================
16:09:53 INFO  Using sw id database: {'asciijump': '5475369', 'robotfindskitten': '5474869', 'squirrel3': '5475279', 'rolldice': '5152439', 'moon-buggy': '5439204', 'apple': '5495053', 'banana': '5494888', 'cherry': '5495382', 'watermelon': '5494510', 'registry': '8018911', 'hello-world': '8021526', 'docker/getting-started': '8021973', 'alpine': '7991792'}
16:09:53 INFO  EnvironmentC8y Setup
16:09:54 INFO  Executed systemctl&lt;serv_mapper1&gt;, exit status 3
16:09:54 INFO  Restarting mosquitto too frequently in the last 10 seconds. It was only up for 4 seconds
16:09:54 INFO  Delaying execution by 7 seconds
16:10:16 INFO  Executed sudo&lt;tedge_connect_c8y&gt;, exit status 0, duration 14 secs
16:10:16 INFO  Executed sudo&lt;tedge_connect_c8y_test&gt;, exit status 0
16:10:17 INFO  Executed systemctl&lt;serv_mosq2&gt;, exit status 0
16:10:17 INFO  Executed systemctl&lt;serv_mapper3&gt;, exit status 0
16:10:19 INFO  State of current operation: SUCCESSFUL
16:10:20 INFO  Assert that (False == value) with value=False ... passed
16:10:20 INFO  Assert that (False == value) with value=False ... passed
16:10:20 INFO  Assert that (False == value) with value=False ... passed
16:10:20 INFO  Package robotfindskitten is installed
16:10:20 WARN  Assert that (False == value) with value=True ... failed 
16:10:21 INFO  Response status: 201
16:10:21 INFO  Response to action: {
    "creationTime": "2022-04-28T16:10:21.024Z",
    "deviceName": "mythicd",
    "deviceId": "17911759",
    "self": "https://t493319102.eu-latest.cumulocity.com/devicecontrol/operations/17923409",
    "id": "17923409",
    "status": "PENDING",
    "description": "Apply software changes, triggered from PySys: [{'action': 'install', 'id': '5475369', 'name': 'asciijump', 'url': ' ', 'version': '::apt'}, {'action': 'install', 'id': '5474869', 'name': 'robotfindskitten', 'url': ' ', 'version': '::apt'}, {'action': 'install', 'id': '5475279', 'name': 'squirrel3', 'url': ' ', 'version': '::apt'}]",
    "c8y_SoftwareUpdate": [
        {
            "name": "asciijump",
            "action": "install",
            "id": "5475369",
            "version": "::apt",
            "url": " "
        },
        {
            "name": "robotfindskitten",
            "action": "install",
            "id": "5474869",
            "version": "::apt",
            "url": " "
        },
        {
            "name": "squirrel3",
            "action": "install",
            "id": "5475279",
            "version": "::apt",
            "url": " "
        }
    ]
}
16:10:21 INFO  Started operation: {'creationTime': '2022-04-28T16:10:21.024Z', 'deviceName': 'mythicd', 'deviceId': '17911759', 'self': 'https://t493319102.eu-latest.cumulocity.com/devicecontrol/operations/17923409', 'id': '17923409', 'status': 'PENDING', 'description': "Apply software changes, triggered from PySys: [{'action': 'install', 'id': '5475369', 'name': 'asciijump', 'url': ' ', 'version': '::apt'}, {'action': 'install', 'id': '5474869', 'name': 'robotfindskitten', 'url': ' ', 'version': '::apt'}, {'action': 'install', 'id': '5475279', 'name': 'squirrel3', 'url': ' ', 'version': '::apt'}]", 'c8y_SoftwareUpdate': [{'name': 'asciijump', 'action': 'install', 'id': '5475369', 'version': '::apt', 'url': ' '}, {'name': 'robotfindskitten', 'action': 'install', 'id': '5474869', 'version': '::apt', 'url': ' '}, {'name': 'squirrel3', 'action': 'install', 'id': '5475279', 'version': '::apt', 'url': ' '}]}
16:10:23 INFO  State of operation 17923409 : PENDING
16:10:25 INFO  State of operation 17923409 : EXECUTING
16:10:27 INFO  State of operation 17923409 : EXECUTING
16:10:30 INFO  State of operation 17923409 : EXECUTING
16:10:32 INFO  State of operation 17923409 : EXECUTING
16:10:34 INFO  State of operation 17923409 : EXECUTING
16:10:37 INFO  State of operation 17923409 : EXECUTING
16:10:40 INFO  State of operation 17923409 : EXECUTING
16:10:42 INFO  State of operation 17923409 : EXECUTING
16:10:44 INFO  State of operation 17923409 : EXECUTING
16:10:47 INFO  State of operation 17923409 : EXECUTING
16:10:49 INFO  State of operation 17923409 : EXECUTING
16:10:51 INFO  State of operation 17923409 : EXECUTING
16:10:53 INFO  State of operation 17923409 : EXECUTING
16:10:56 INFO  State of operation 17923409 : EXECUTING
16:10:58 INFO  State of operation 17923409 : EXECUTING
16:11:00 INFO  State of operation 17923409 : EXECUTING
16:11:02 INFO  State of operation 17923409 : EXECUTING
16:11:05 INFO  State of operation 17923409 : EXECUTING
16:11:08 INFO  State of operation 17923409 : EXECUTING
16:11:10 INFO  State of operation 17923409 : EXECUTING
16:11:12 INFO  State of operation 17923409 : EXECUTING
16:11:14 INFO  State of operation 17923409 : EXECUTING
16:11:17 INFO  State of operation 17923409 : EXECUTING
16:11:20 INFO  State of operation 17923409 : EXECUTING
16:11:22 INFO  State of operation 17923409 : EXECUTING
16:11:25 INFO  State of operation 17923409 : EXECUTING
16:11:27 INFO  State of operation 17923409 : EXECUTING
16:11:30 INFO  State of operation 17923409 : EXECUTING
16:11:32 INFO  State of operation 17923409 : EXECUTING
16:11:35 INFO  State of operation 17923409 : EXECUTING
16:11:37 INFO  State of operation 17923409 : EXECUTING
16:11:40 INFO  State of operation 17923409 : EXECUTING
16:11:42 INFO  State of operation 17923409 : EXECUTING
16:11:44 INFO  State of operation 17923409 : SUCCESSFUL
16:11:44 INFO  Assert that (False == value) with value=False ... passed
16:11:45 INFO  Package asciijump is installed
16:11:45 INFO  Assert that (True == value) with value=True ... passed
16:11:45 INFO  Package squirrel3 is installed
16:11:45 INFO  Assert that (True == value) with value=True ... passed
16:11:45 INFO  Package robotfindskitten is installed
16:11:45 INFO  Assert that (True == value) with value=True ... passed
16:11:46 INFO  Response status: 201
16:11:46 INFO  Response to action: {
    "creationTime": "2022-04-28T16:11:46.037Z",
    "deviceName": "mythicd",
    "deviceId": "17911759",
    "self": "https://t493319102.eu-latest.cumulocity.com/devicecontrol/operations/17923417",
    "id": "17923417",
    "status": "PENDING",
    "description": "Apply software changes, triggered from PySys: [{'action': 'delete', 'id': '5475369', 'name': 'asciijump', 'url': ' ', 'version': '::apt'}, {'action': 'delete', 'id': '5474869', 'name': 'robotfindskitten', 'url': ' ', 'version': '::apt'}, {'action': 'delete', 'id': '5475279', 'name': 'squirrel3', 'url': ' ', 'version': '::apt'}]",
    "c8y_SoftwareUpdate": [
        {
            "name": "asciijump",
            "action": "delete",
            "id": "5475369",
            "version": "::apt",
            "url": " "
        },
        {
            "name": "robotfindskitten",
            "action": "delete",
            "id": "5474869",
            "version": "::apt",
            "url": " "
        },
        {
            "name": "squirrel3",
            "action": "delete",
            "id": "5475279",
            "version": "::apt",
            "url": " "
        }
    ]
}
16:11:46 INFO  Started operation: {'creationTime': '2022-04-28T16:11:46.037Z', 'deviceName': 'mythicd', 'deviceId': '17911759', 'self': 'https://t493319102.eu-latest.cumulocity.com/devicecontrol/operations/17923417', 'id': '17923417', 'status': 'PENDING', 'description': "Apply software changes, triggered from PySys: [{'action': 'delete', 'id': '5475369', 'name': 'asciijump', 'url': ' ', 'version': '::apt'}, {'action': 'delete', 'id': '5474869', 'name': 'robotfindskitten', 'url': ' ', 'version': '::apt'}, {'action': 'delete', 'id': '5475279', 'name': 'squirrel3', 'url': ' ', 'version': '::apt'}]", 'c8y_SoftwareUpdate': [{'name': 'asciijump', 'action': 'delete', 'id': '5475369', 'version': '::apt', 'url': ' '}, {'name': 'robotfindskitten', 'action': 'delete', 'id': '5474869', 'version': '::apt', 'url': ' '}, {'name': 'squirrel3', 'action': 'delete', 'id': '5475279', 'version': '::apt', 'url': ' '}]}
16:11:48 INFO  State of operation 17923417 : PENDING
16:11:50 INFO  State of operation 17923417 : EXECUTING
16:11:52 INFO  State of operation 17923417 : EXECUTING
16:11:55 INFO  State of operation 17923417 : EXECUTING
16:11:57 INFO  State of operation 17923417 : EXECUTING
16:11:59 INFO  State of operation 17923417 : EXECUTING
16:12:02 INFO  State of operation 17923417 : EXECUTING
16:12:05 INFO  State of operation 17923417 : EXECUTING
16:12:07 INFO  State of operation 17923417 : EXECUTING
16:12:09 INFO  State of operation 17923417 : EXECUTING
16:12:12 INFO  State of operation 17923417 : EXECUTING
16:12:14 INFO  State of operation 17923417 : EXECUTING
16:12:16 INFO  State of operation 17923417 : EXECUTING
16:12:18 INFO  State of operation 17923417 : EXECUTING
16:12:21 INFO  State of operation 17923417 : EXECUTING
16:12:23 INFO  State of operation 17923417 : EXECUTING
16:12:25 INFO  State of operation 17923417 : EXECUTING
16:12:28 INFO  State of operation 17923417 : EXECUTING
16:12:31 INFO  State of operation 17923417 : EXECUTING
16:12:33 INFO  State of operation 17923417 : EXECUTING
16:12:35 INFO  State of operation 17923417 : EXECUTING
16:12:37 INFO  State of operation 17923417 : EXECUTING
16:12:40 INFO  State of operation 17923417 : EXECUTING
16:12:42 INFO  State of operation 17923417 : EXECUTING
16:12:45 INFO  State of operation 17923417 : EXECUTING
16:12:47 INFO  State of operation 17923417 : EXECUTING
16:12:49 INFO  State of operation 17923417 : EXECUTING
16:12:52 INFO  State of operation 17923417 : SUCCESSFUL
16:12:52 INFO  Assert that (False == value) with value=False ... passed
16:12:52 INFO  Assert that (False == value) with value=False ... passed
16:12:52 INFO  Assert that (False == value) with value=False ... passed
16:12:52 INFO  Assert that (False == value) with value=False ... passed
16:12:52 INFO  
16:12:52 INFO  cleanup:
16:12:57 INFO  Executed sudo&lt;tedge_disconnect_c8y&gt;, exit status 0
16:12:57 INFO  Executed systemctl&lt;serv_mapper5&gt;, exit status 3
16:12:57 INFO  
16:12:57 INFO  Test duration: 183.91 secs
16:12:57 INFO  Test final outcome:  FAILED
16:12:57 INFO  Test outcome reason: Assert that (False == value) with value=True
16:12:57 INFO  
</system-out>
	</testcase>
<testcase classname="PySysTest" name="SoftwareManagement.sm_apt_install_remove_multiple">
		<failure message="FAILED: Assert that (False == value) with value=True (+2 other failures)" type="FAILED" />
		<system-out>16:36:27 INFO  ==============================================================
16:36:27 INFO  Id:    SoftwareManagement.sm_apt_install_remove_multiple
16:36:27 INFO  Dir:   software_management_end_to_end/
16:36:27 INFO  Title: Validate end to end behaviour for the apt plugin for multiple packages
16:36:27 INFO  ==============================================================
16:36:27 INFO  Using sw id database: {'asciijump': '5475369', 'robotfindskitten': '5474869', 'squirrel3': '5475279', 'rolldice': '5152439', 'moon-buggy': '5439204', 'apple': '5495053', 'banana': '5494888', 'cherry': '5495382', 'watermelon': '5494510', 'registry': '8018911', 'hello-world': '8021526', 'docker/getting-started': '8021973', 'alpine': '7991792'}
16:36:27 INFO  EnvironmentC8y Setup
16:36:28 INFO  Executed systemctl&lt;serv_mapper1&gt;, exit status 3
16:36:28 INFO  Restarting mosquitto too frequently in the last 10 seconds. It was only up for 5 seconds
16:36:28 INFO  Delaying execution by 6 seconds
16:36:48 INFO  Executed sudo&lt;tedge_connect_c8y&gt;, exit status 0, duration 14 secs
16:36:49 INFO  Executed sudo&lt;tedge_connect_c8y_test&gt;, exit status 0
16:36:50 INFO  Executed systemctl&lt;serv_mosq2&gt;, exit status 0
16:36:50 INFO  Executed systemctl&lt;serv_mapper3&gt;, exit status 0
16:36:52 INFO  State of current operation: SUCCESSFUL
16:36:53 INFO  Assert that (False == value) with value=False ... passed
16:36:53 INFO  Package asciijump is installed
16:36:53 WARN  Assert that (False == value) with value=True ... failed 
16:36:53 INFO  Package squirrel3 is installed
16:36:53 WARN  Assert that (False == value) with value=True ... failed 
16:36:54 INFO  Package robotfindskitten is installed
16:36:54 WARN  Assert that (False == value) with value=True ... failed 
16:36:54 INFO  Response status: 201
16:36:54 INFO  Response to action: {
    "creationTime": "2022-04-28T16:36:54.317Z",
    "deviceName": "mythicd",
    "deviceId": "17911759",
    "self": "https://t493319102.eu-latest.cumulocity.com/devicecontrol/operations/17923691",
    "id": "17923691",
    "status": "PENDING",
    "description": "Apply software changes, triggered from PySys: [{'action': 'install', 'id': '5475369', 'name': 'asciijump', 'url': ' ', 'version': '::apt'}, {'action': 'install', 'id': '5474869', 'name': 'robotfindskitten', 'url': ' ', 'version': '::apt'}, {'action': 'install', 'id': '5475279', 'name': 'squirrel3', 'url': ' ', 'version': '::apt'}]",
    "c8y_SoftwareUpdate": [
        {
            "name": "asciijump",
            "action": "install",
            "id": "5475369",
            "version": "::apt",
            "url": " "
        },
        {
            "name": "robotfindskitten",
            "action": "install",
            "id": "5474869",
            "version": "::apt",
            "url": " "
        },
        {
            "name": "squirrel3",
            "action": "install",
            "id": "5475279",
            "version": "::apt",
            "url": " "
        }
    ]
}
16:36:54 INFO  Started operation: {'creationTime': '2022-04-28T16:36:54.317Z', 'deviceName': 'mythicd', 'deviceId': '17911759', 'self': 'https://t493319102.eu-latest.cumulocity.com/devicecontrol/operations/17923691', 'id': '17923691', 'status': 'PENDING', 'description': "Apply software changes, triggered from PySys: [{'action': 'install', 'id': '5475369', 'name': 'asciijump', 'url': ' ', 'version': '::apt'}, {'action': 'install', 'id': '5474869', 'name': 'robotfindskitten', 'url': ' ', 'version': '::apt'}, {'action': 'install', 'id': '5475279', 'name': 'squirrel3', 'url': ' ', 'version': '::apt'}]", 'c8y_SoftwareUpdate': [{'name': 'asciijump', 'action': 'install', 'id': '5475369', 'version': '::apt', 'url': ' '}, {'name': 'robotfindskitten', 'action': 'install', 'id': '5474869', 'version': '::apt', 'url': ' '}, {'name': 'squirrel3', 'action': 'install', 'id': '5475279', 'version': '::apt', 'url': ' '}]}
16:36:56 INFO  State of operation 17923691 : PENDING
16:36:58 INFO  State of operation 17923691 : EXECUTING
16:37:01 INFO  State of operation 17923691 : EXECUTING
16:37:03 INFO  State of operation 17923691 : EXECUTING
16:37:05 INFO  State of operation 17923691 : EXECUTING
16:37:07 INFO  State of operation 17923691 : EXECUTING
16:37:10 INFO  State of operation 17923691 : EXECUTING
16:37:12 INFO  State of operation 17923691 : EXECUTING
16:37:15 INFO  State of operation 17923691 : EXECUTING
16:37:17 INFO  State of operation 17923691 : EXECUTING
16:37:20 INFO  State of operation 17923691 : EXECUTING
16:37:22 INFO  State of operation 17923691 : EXECUTING
16:37:24 INFO  State of operation 17923691 : EXECUTING
16:37:26 INFO  State of operation 17923691 : EXECUTING
16:37:29 INFO  State of operation 17923691 : EXECUTING
16:37:31 INFO  State of operation 17923691 : EXECUTING
16:37:33 INFO  State of operation 17923691 : SUCCESSFUL
16:37:33 INFO  Assert that (False == value) with value=False ... passed
16:37:33 INFO  Package asciijump is installed
16:37:33 INFO  Assert that (True == value) with value=True ... passed
16:37:34 INFO  Package squirrel3 is installed
16:37:34 INFO  Assert that (True == value) with value=True ... passed
16:37:34 INFO  Package robotfindskitten is installed
16:37:34 INFO  Assert that (True == value) with value=True ... passed
16:37:34 INFO  Response status: 201
16:37:34 INFO  Response to action: {
    "creationTime": "2022-04-28T16:37:34.591Z",
    "deviceName": "mythicd",
    "deviceId": "17911759",
    "self": "https://t493319102.eu-latest.cumulocity.com/devicecontrol/operations/17923699",
    "id": "17923699",
    "status": "PENDING",
    "description": "Apply software changes, triggered from PySys: [{'action': 'delete', 'id': '5475369', 'name': 'asciijump', 'url': ' ', 'version': '::apt'}, {'action': 'delete', 'id': '5474869', 'name': 'robotfindskitten', 'url': ' ', 'version': '::apt'}, {'action': 'delete', 'id': '5475279', 'name': 'squirrel3', 'url': ' ', 'version': '::apt'}]",
    "c8y_SoftwareUpdate": [
        {
            "name": "asciijump",
            "action": "delete",
            "id": "5475369",
            "version": "::apt",
            "url": " "
        },
        {
            "name": "robotfindskitten",
            "action": "delete",
            "id": "5474869",
            "version": "::apt",
            "url": " "
        },
        {
            "name": "squirrel3",
            "action": "delete",
            "id": "5475279",
            "version": "::apt",
            "url": " "
        }
    ]
}
16:37:34 INFO  Started operation: {'creationTime': '2022-04-28T16:37:34.591Z', 'deviceName': 'mythicd', 'deviceId': '17911759', 'self': 'https://t493319102.eu-latest.cumulocity.com/devicecontrol/operations/17923699', 'id': '17923699', 'status': 'PENDING', 'description': "Apply software changes, triggered from PySys: [{'action': 'delete', 'id': '5475369', 'name': 'asciijump', 'url': ' ', 'version': '::apt'}, {'action': 'delete', 'id': '5474869', 'name': 'robotfindskitten', 'url': ' ', 'version': '::apt'}, {'action': 'delete', 'id': '5475279', 'name': 'squirrel3', 'url': ' ', 'version': '::apt'}]", 'c8y_SoftwareUpdate': [{'name': 'asciijump', 'action': 'delete', 'id': '5475369', 'version': '::apt', 'url': ' '}, {'name': 'robotfindskitten', 'action': 'delete', 'id': '5474869', 'version': '::apt', 'url': ' '}, {'name': 'squirrel3', 'action': 'delete', 'id': '5475279', 'version': '::apt', 'url': ' '}]}
16:37:36 INFO  State of operation 17923699 : PENDING
16:37:39 INFO  State of operation 17923699 : EXECUTING
16:37:41 INFO  State of operation 17923699 : EXECUTING
16:37:43 INFO  State of operation 17923699 : EXECUTING
16:37:45 INFO  State of operation 17923699 : EXECUTING
16:37:47 INFO  State of operation 17923699 : EXECUTING
16:37:50 INFO  State of operation 17923699 : EXECUTING
16:37:53 INFO  State of operation 17923699 : EXECUTING
16:37:56 INFO  State of operation 17923699 : EXECUTING
16:37:58 INFO  State of operation 17923699 : EXECUTING
16:38:01 INFO  State of operation 17923699 : EXECUTING
16:38:03 INFO  State of operation 17923699 : EXECUTING
16:38:05 INFO  State of operation 17923699 : EXECUTING
16:38:07 INFO  State of operation 17923699 : EXECUTING
16:38:10 INFO  State of operation 17923699 : EXECUTING
16:38:12 INFO  State of operation 17923699 : EXECUTING
16:38:14 INFO  State of operation 17923699 : EXECUTING
16:38:17 INFO  State of operation 17923699 : EXECUTING
16:38:20 INFO  State of operation 17923699 : EXECUTING
16:38:22 INFO  State of operation 17923699 : EXECUTING
16:38:24 INFO  State of operation 17923699 : EXECUTING
16:38:26 INFO  State of operation 17923699 : EXECUTING
16:38:29 INFO  State of operation 17923699 : EXECUTING
16:38:31 INFO  State of operation 17923699 : EXECUTING
16:38:33 INFO  State of operation 17923699 : EXECUTING
16:38:36 INFO  State of operation 17923699 : EXECUTING
16:38:38 INFO  State of operation 17923699 : EXECUTING
16:38:40 INFO  State of operation 17923699 : EXECUTING
16:38:43 INFO  State of operation 17923699 : EXECUTING
16:38:45 INFO  State of operation 17923699 : SUCCESSFUL
16:38:45 INFO  Assert that (False == value) with value=False ... passed
16:38:45 INFO  Assert that (False == value) with value=False ... passed
16:38:46 INFO  Assert that (False == value) with value=False ... passed
16:38:46 INFO  Assert that (False == value) with value=False ... passed
16:38:46 INFO  
16:38:46 INFO  cleanup:
16:38:50 INFO  Executed sudo&lt;tedge_disconnect_c8y&gt;, exit status 0
16:38:50 INFO  Executed systemctl&lt;serv_mapper5&gt;, exit status 3
16:38:50 INFO  
16:38:50 INFO  Test duration: 143.25 secs
16:38:50 INFO  Test final outcome:  FAILED
16:38:50 INFO  Test outcome reason: Assert that (False == value) with value=True (+2 other failures)
16:38:50 INFO  
</system-out>
	</testcase>
</testsuite><testsuite name="SoftwareManagement.sm_apt_install_remove_multiple_mixed" tests="3" errors="0" failures="2" skipped="1" time="0"><testcase classname="PySysTest" name="SoftwareManagement.sm_apt_install_remove_multiple_mixed">
		<skipped message="SKIPPED: Testing the apt plugin is not supported on this platform.Use parameter -XmyPlatform='container' to enable it" />
		<system-out>15:36:22 INFO  ==============================================================
15:36:22 INFO  Id:    SoftwareManagement.sm_apt_install_remove_multiple_mixed
15:36:22 INFO  Dir:   software_management_end_to_end/
15:36:22 INFO  Title: Validate end to end behaviour for the apt plugin for multiple packages with mixed versions
15:36:22 INFO  ==============================================================
15:36:22 INFO  Testing the apt plugin is not supported on this platform.Use parameter -XmyPlatform='container' to enable it ... skipped
15:36:22 WARN  Aborted test due to SKIPPED outcome
15:36:22 INFO  
15:36:22 INFO  Test duration: 0.03 secs
15:36:22 INFO  Test final outcome:  SKIPPED
15:36:22 INFO  Test outcome reason: Testing the apt plugin is not supported on this platform.Use parameter -XmyPlatform='container' to enable it
15:36:22 INFO  
</system-out>
	</testcase>
<testcase classname="PySysTest" name="SoftwareManagement.sm_apt_install_remove_multiple_mixed">
		<failure message="BLOCKED: SystemError: Timeout while waiting for status SUCCESSFUL or False" type="BLOCKED" />
		<system-out>16:12:57 INFO  ==============================================================
16:12:57 INFO  Id:    SoftwareManagement.sm_apt_install_remove_multiple_mixed
16:12:57 INFO  Dir:   software_management_end_to_end/
16:12:57 INFO  Title: Validate end to end behaviour for the apt plugin for multiple packages with mixed versions
16:12:57 INFO  ==============================================================
16:12:57 INFO  Using sw id database: {'asciijump': '5475369', 'robotfindskitten': '5474869', 'squirrel3': '5475279', 'rolldice': '5152439', 'moon-buggy': '5439204', 'apple': '5495053', 'banana': '5494888', 'cherry': '5495382', 'watermelon': '5494510', 'registry': '8018911', 'hello-world': '8021526', 'docker/getting-started': '8021973', 'alpine': '7991792'}
16:12:57 INFO  EnvironmentC8y Setup
16:12:58 INFO  Executed systemctl&lt;serv_mapper1&gt;, exit status 3
16:12:58 INFO  Restarting mosquitto too frequently in the last 10 seconds. It was only up for 5 seconds
16:12:58 INFO  Delaying execution by 6 seconds
16:13:18 INFO  Executed sudo&lt;tedge_connect_c8y&gt;, exit status 0, duration 14 secs
16:13:19 INFO  Executed sudo&lt;tedge_connect_c8y_test&gt;, exit status 0
16:13:19 INFO  Executed systemctl&lt;serv_mosq2&gt;, exit status 0
16:13:20 INFO  Executed systemctl&lt;serv_mapper3&gt;, exit status 0
16:13:22 INFO  State of current operation: SUCCESSFUL
16:13:22 INFO  Assert that (False == value) with value=False ... passed
16:13:22 INFO  Assert that (False == value) with value=False ... passed
16:13:23 INFO  Assert that (False == value) with value=False ... passed
16:13:23 INFO  Assert that (False == value) with value=False ... passed
16:13:23 INFO  Assert that (False == value) with value=False ... passed
16:13:24 INFO  Response status: 201
16:13:24 INFO  Response to action: {
    "creationTime": "2022-04-28T16:13:24.756Z",
    "deviceName": "mythicd",
    "deviceId": "17911759",
    "self": "https://t493319102.eu-latest.cumulocity.com/devicecontrol/operations/17923425",
    "id": "17923425",
    "status": "PENDING",
    "description": "Apply software changes, triggered from PySys: [{'action': 'install', 'id': '5475369', 'name': 'asciijump', 'url': ' ', 'version': '::apt'}, {'action': 'install', 'id': '5474869', 'name': 'robotfindskitten', 'url': ' ', 'version': ' '}, {'action': 'install', 'id': '5475279', 'name': 'squirrel3', 'url': ' ', 'version': '3.1-7::apt'}, {'action': 'install', 'id': '5152439', 'name': 'rolldice', 'url': ' ', 'version': '1.16-1+b1'}, {'action': 'install', 'id': '5439204', 'name': 'moon-buggy', 'url': ' ', 'version': '1:1.0.51-12'}, {'action': 'install', 'id': '5475369', 'name': 'asciijump', 'url': ' ', 'version': '::apt'}]",
    "c8y_SoftwareUpdate": [
        {
            "name": "asciijump",
            "action": "install",
            "id": "5475369",
            "version": "::apt",
            "url": " "
        },
        {
            "name": "robotfindskitten",
            "action": "install",
            "id": "5474869",
            "version": " ",
            "url": " "
        },
        {
            "name": "squirrel3",
            "action": "install",
            "id": "5475279",
            "version": "3.1-7::apt",
            "url": " "
        },
        {
            "name": "rolldice",
            "action": "install",
            "id": "5152439",
            "version": "1.16-1+b1",
            "url": " "
        },
        {
            "name": "moon-buggy",
            "action": "install",
            "id": "5439204",
            "version": "1:1.0.51-12",
            "url": " "
        },
        {
            "name": "asciijump",
            "action": "install",
            "id": "5475369",
            "version": "::apt",
            "url": " "
        }
    ]
}
16:13:24 INFO  Started operation: {'creationTime': '2022-04-28T16:13:24.756Z', 'deviceName': 'mythicd', 'deviceId': '17911759', 'self': 'https://t493319102.eu-latest.cumulocity.com/devicecontrol/operations/17923425', 'id': '17923425', 'status': 'PENDING', 'description': "Apply software changes, triggered from PySys: [{'action': 'install', 'id': '5475369', 'name': 'asciijump', 'url': ' ', 'version': '::apt'}, {'action': 'install', 'id': '5474869', 'name': 'robotfindskitten', 'url': ' ', 'version': ' '}, {'action': 'install', 'id': '5475279', 'name': 'squirrel3', 'url': ' ', 'version': '3.1-7::apt'}, {'action': 'install', 'id': '5152439', 'name': 'rolldice', 'url': ' ', 'version': '1.16-1+b1'}, {'action': 'install', 'id': '5439204', 'name': 'moon-buggy', 'url': ' ', 'version': '1:1.0.51-12'}, {'action': 'install', 'id': '5475369', 'name': 'asciijump', 'url': ' ', 'version': '::apt'}]", 'c8y_SoftwareUpdate': [{'name': 'asciijump', 'action': 'install', 'id': '5475369', 'version': '::apt', 'url': ' '}, {'name': 'robotfindskitten', 'action': 'install', 'id': '5474869', 'version': ' ', 'url': ' '}, {'name': 'squirrel3', 'action': 'install', 'id': '5475279', 'version': '3.1-7::apt', 'url': ' '}, {'name': 'rolldice', 'action': 'install', 'id': '5152439', 'version': '1.16-1+b1', 'url': ' '}, {'name': 'moon-buggy', 'action': 'install', 'id': '5439204', 'version': '1:1.0.51-12', 'url': ' '}, {'name': 'asciijump', 'action': 'install', 'id': '5475369', 'version': '::apt', 'url': ' '}]}
16:13:27 INFO  State of operation 17923425 : PENDING
16:13:29 INFO  State of operation 17923425 : EXECUTING
16:13:31 INFO  State of operation 17923425 : EXECUTING
16:13:33 INFO  State of operation 17923425 : EXECUTING
16:13:35 INFO  State of operation 17923425 : EXECUTING
16:13:38 INFO  State of operation 17923425 : EXECUTING
16:13:40 INFO  State of operation 17923425 : EXECUTING
16:13:43 INFO  State of operation 17923425 : EXECUTING
16:13:46 INFO  State of operation 17923425 : EXECUTING
16:13:48 INFO  State of operation 17923425 : EXECUTING
16:13:50 INFO  State of operation 17923425 : EXECUTING
16:13:53 INFO  State of operation 17923425 : EXECUTING
16:13:55 INFO  State of operation 17923425 : EXECUTING
16:13:57 INFO  State of operation 17923425 : EXECUTING
16:13:59 INFO  State of operation 17923425 : EXECUTING
16:14:02 INFO  State of operation 17923425 : EXECUTING
16:14:04 INFO  State of operation 17923425 : EXECUTING
16:14:06 INFO  State of operation 17923425 : EXECUTING
16:14:09 INFO  State of operation 17923425 : EXECUTING
16:14:11 INFO  State of operation 17923425 : EXECUTING
16:14:14 INFO  State of operation 17923425 : EXECUTING
16:14:16 INFO  State of operation 17923425 : EXECUTING
16:14:18 INFO  State of operation 17923425 : EXECUTING
16:14:21 INFO  State of operation 17923425 : EXECUTING
16:14:24 INFO  State of operation 17923425 : EXECUTING
16:14:26 INFO  State of operation 17923425 : EXECUTING
16:14:29 INFO  State of operation 17923425 : EXECUTING
16:14:31 INFO  State of operation 17923425 : EXECUTING
16:14:33 INFO  State of operation 17923425 : EXECUTING
16:14:36 INFO  State of operation 17923425 : EXECUTING
16:14:38 INFO  State of operation 17923425 : EXECUTING
16:14:40 INFO  State of operation 17923425 : EXECUTING
16:14:43 INFO  State of operation 17923425 : EXECUTING
16:14:45 INFO  State of operation 17923425 : EXECUTING
16:14:47 INFO  State of operation 17923425 : EXECUTING
16:14:49 INFO  State of operation 17923425 : EXECUTING
16:14:51 INFO  State of operation 17923425 : EXECUTING
16:14:54 INFO  State of operation 17923425 : EXECUTING
16:14:56 INFO  State of operation 17923425 : EXECUTING
16:14:59 INFO  State of operation 17923425 : EXECUTING
16:15:01 INFO  State of operation 17923425 : EXECUTING
16:15:04 INFO  State of operation 17923425 : EXECUTING
16:15:06 INFO  State of operation 17923425 : EXECUTING
16:15:08 INFO  State of operation 17923425 : EXECUTING
16:15:11 INFO  State of operation 17923425 : EXECUTING
16:15:13 INFO  State of operation 17923425 : EXECUTING
16:15:15 INFO  State of operation 17923425 : EXECUTING
16:15:18 INFO  State of operation 17923425 : EXECUTING
16:15:20 INFO  State of operation 17923425 : EXECUTING
16:15:23 INFO  State of operation 17923425 : EXECUTING
16:15:25 INFO  State of operation 17923425 : EXECUTING
16:15:28 INFO  State of operation 17923425 : EXECUTING
16:15:30 INFO  State of operation 17923425 : EXECUTING
16:15:32 INFO  State of operation 17923425 : EXECUTING
16:15:34 INFO  State of operation 17923425 : EXECUTING
16:15:37 INFO  State of operation 17923425 : EXECUTING
16:15:39 INFO  State of operation 17923425 : EXECUTING
16:15:42 INFO  State of operation 17923425 : EXECUTING
16:15:44 INFO  State of operation 17923425 : EXECUTING
16:15:47 INFO  State of operation 17923425 : EXECUTING
16:15:49 INFO  State of operation 17923425 : EXECUTING
16:15:51 WARN  SystemError occurred while running test - Timeout while waiting for status SUCCESSFUL or False
Traceback (most recent call last):
  File "/home/pi/env-pysys/lib/python3.7/site-packages/pysys/baserunner.py", line 1294, in __call__
    self.testObj.execute()
  File "/home/pi/actions-runner/_work/thin-edge.io/thin-edge.io/tests/PySys/software_management_end_to_end/sm_apt_install_remove_multiple_mixed/run.py", line 89, in execute
    self.wait_until_succcess()
  File "/home/pi/actions-runner/_work/thin-edge.io/thin-edge.io/tests/PySys/software_management_end_to_end/environment_sm_management.py", line 324, in wait_until_succcess
    self.wait_until_status("SUCCESSFUL")
  File "/home/pi/actions-runner/_work/thin-edge.io/thin-edge.io/tests/PySys/software_management_end_to_end/environment_sm_management.py", line 381, in wait_until_status
    "Timeout while waiting for status %s or %s" % (status, status2)
SystemError: Timeout while waiting for status SUCCESSFUL or False
16:15:52 WARN  SystemError: Timeout while waiting for status SUCCESSFUL or False ... blocked 
16:15:52 INFO  
16:15:52 INFO  cleanup:
16:15:56 INFO  Executed sudo&lt;tedge_disconnect_c8y&gt;, exit status 0
16:15:57 INFO  Executed systemctl&lt;serv_mapper5&gt;, exit status 3
16:15:57 INFO  
16:15:57 INFO  Test duration: 179.90 secs
16:15:57 INFO  Test final outcome:  BLOCKED
16:15:57 INFO  Test outcome reason: SystemError: Timeout while waiting for status SUCCESSFUL or False
16:15:57 INFO  
</system-out>
	</testcase>
<testcase classname="PySysTest" name="SoftwareManagement.sm_apt_install_remove_multiple_mixed">
		<failure message="BLOCKED: SystemError: Timeout while waiting for status SUCCESSFUL or False (+1 other failures)" type="BLOCKED" />
		<system-out>16:38:50 INFO  ==============================================================
16:38:50 INFO  Id:    SoftwareManagement.sm_apt_install_remove_multiple_mixed
16:38:50 INFO  Dir:   software_management_end_to_end/
16:38:50 INFO  Title: Validate end to end behaviour for the apt plugin for multiple packages with mixed versions
16:38:50 INFO  ==============================================================
16:38:51 INFO  Using sw id database: {'asciijump': '5475369', 'robotfindskitten': '5474869', 'squirrel3': '5475279', 'rolldice': '5152439', 'moon-buggy': '5439204', 'apple': '5495053', 'banana': '5494888', 'cherry': '5495382', 'watermelon': '5494510', 'registry': '8018911', 'hello-world': '8021526', 'docker/getting-started': '8021973', 'alpine': '7991792'}
16:38:51 INFO  EnvironmentC8y Setup
16:38:51 INFO  Executed systemctl&lt;serv_mapper1&gt;, exit status 3
16:38:51 INFO  Restarting mosquitto too frequently in the last 10 seconds. It was only up for 4 seconds
16:38:51 INFO  Delaying execution by 7 seconds
16:39:12 INFO  Executed sudo&lt;tedge_connect_c8y&gt;, exit status 0, duration 14 secs
16:39:13 INFO  Executed sudo&lt;tedge_connect_c8y_test&gt;, exit status 0
16:39:13 INFO  Executed systemctl&lt;serv_mosq2&gt;, exit status 0
16:39:14 INFO  Executed systemctl&lt;serv_mapper3&gt;, exit status 0
16:39:16 INFO  State of current operation: SUCCESSFUL
16:39:16 INFO  Assert that (False == value) with value=False ... passed
16:39:16 INFO  Assert that (False == value) with value=False ... passed
16:39:17 INFO  Assert that (False == value) with value=False ... passed
16:39:17 INFO  Assert that (False == value) with value=False ... passed
16:39:17 INFO  Package moon-buggy is installed
16:39:17 WARN  Assert that (False == value) with value=True ... failed 
16:39:19 INFO  Response status: 201
16:39:19 INFO  Response to action: {
    "creationTime": "2022-04-28T16:39:18.969Z",
    "deviceName": "mythicd",
    "deviceId": "17911759",
    "self": "https://t493319102.eu-latest.cumulocity.com/devicecontrol/operations/17923707",
    "id": "17923707",
    "status": "PENDING",
    "description": "Apply software changes, triggered from PySys: [{'action': 'install', 'id': '5475369', 'name': 'asciijump', 'url': ' ', 'version': '::apt'}, {'action': 'install', 'id': '5474869', 'name': 'robotfindskitten', 'url': ' ', 'version': ' '}, {'action': 'install', 'id': '5475279', 'name': 'squirrel3', 'url': ' ', 'version': '3.1-7::apt'}, {'action': 'install', 'id': '5152439', 'name': 'rolldice', 'url': ' ', 'version': '1.16-1+b1'}, {'action': 'install', 'id': '5439204', 'name': 'moon-buggy', 'url': ' ', 'version': '1:1.0.51-12'}, {'action': 'install', 'id': '5475369', 'name': 'asciijump', 'url': ' ', 'version': '::apt'}]",
    "c8y_SoftwareUpdate": [
        {
            "name": "asciijump",
            "action": "install",
            "id": "5475369",
            "version": "::apt",
            "url": " "
        },
        {
            "name": "robotfindskitten",
            "action": "install",
            "id": "5474869",
            "version": " ",
            "url": " "
        },
        {
            "name": "squirrel3",
            "action": "install",
            "id": "5475279",
            "version": "3.1-7::apt",
            "url": " "
        },
        {
            "name": "rolldice",
            "action": "install",
            "id": "5152439",
            "version": "1.16-1+b1",
            "url": " "
        },
        {
            "name": "moon-buggy",
            "action": "install",
            "id": "5439204",
            "version": "1:1.0.51-12",
            "url": " "
        },
        {
            "name": "asciijump",
            "action": "install",
            "id": "5475369",
            "version": "::apt",
            "url": " "
        }
    ]
}
16:39:19 INFO  Started operation: {'creationTime': '2022-04-28T16:39:18.969Z', 'deviceName': 'mythicd', 'deviceId': '17911759', 'self': 'https://t493319102.eu-latest.cumulocity.com/devicecontrol/operations/17923707', 'id': '17923707', 'status': 'PENDING', 'description': "Apply software changes, triggered from PySys: [{'action': 'install', 'id': '5475369', 'name': 'asciijump', 'url': ' ', 'version': '::apt'}, {'action': 'install', 'id': '5474869', 'name': 'robotfindskitten', 'url': ' ', 'version': ' '}, {'action': 'install', 'id': '5475279', 'name': 'squirrel3', 'url': ' ', 'version': '3.1-7::apt'}, {'action': 'install', 'id': '5152439', 'name': 'rolldice', 'url': ' ', 'version': '1.16-1+b1'}, {'action': 'install', 'id': '5439204', 'name': 'moon-buggy', 'url': ' ', 'version': '1:1.0.51-12'}, {'action': 'install', 'id': '5475369', 'name': 'asciijump', 'url': ' ', 'version': '::apt'}]", 'c8y_SoftwareUpdate': [{'name': 'asciijump', 'action': 'install', 'id': '5475369', 'version': '::apt', 'url': ' '}, {'name': 'robotfindskitten', 'action': 'install', 'id': '5474869', 'version': ' ', 'url': ' '}, {'name': 'squirrel3', 'action': 'install', 'id': '5475279', 'version': '3.1-7::apt', 'url': ' '}, {'name': 'rolldice', 'action': 'install', 'id': '5152439', 'version': '1.16-1+b1', 'url': ' '}, {'name': 'moon-buggy', 'action': 'install', 'id': '5439204', 'version': '1:1.0.51-12', 'url': ' '}, {'name': 'asciijump', 'action': 'install', 'id': '5475369', 'version': '::apt', 'url': ' '}]}
16:39:21 INFO  State of operation 17923707 : PENDING
16:39:23 INFO  State of operation 17923707 : EXECUTING
16:39:25 INFO  State of operation 17923707 : EXECUTING
16:39:27 INFO  State of operation 17923707 : EXECUTING
16:39:30 INFO  State of operation 17923707 : EXECUTING
16:39:32 INFO  State of operation 17923707 : EXECUTING
16:39:35 INFO  State of operation 17923707 : EXECUTING
16:39:37 INFO  State of operation 17923707 : EXECUTING
16:39:40 INFO  State of operation 17923707 : EXECUTING
16:39:42 INFO  State of operation 17923707 : EXECUTING
16:39:44 INFO  State of operation 17923707 : EXECUTING
16:39:47 INFO  State of operation 17923707 : EXECUTING
16:39:49 INFO  State of operation 17923707 : EXECUTING
16:39:51 INFO  State of operation 17923707 : EXECUTING
16:39:53 INFO  State of operation 17923707 : EXECUTING
16:39:56 INFO  State of operation 17923707 : EXECUTING
16:39:58 INFO  State of operation 17923707 : EXECUTING
16:40:01 INFO  State of operation 17923707 : EXECUTING
16:40:03 INFO  State of operation 17923707 : EXECUTING
16:40:06 INFO  State of operation 17923707 : EXECUTING
16:40:08 INFO  State of operation 17923707 : EXECUTING
16:40:10 INFO  State of operation 17923707 : EXECUTING
16:40:13 INFO  State of operation 17923707 : EXECUTING
16:40:15 INFO  State of operation 17923707 : EXECUTING
16:40:18 INFO  State of operation 17923707 : EXECUTING
16:40:20 INFO  State of operation 17923707 : EXECUTING
16:40:22 INFO  State of operation 17923707 : EXECUTING
16:40:25 INFO  State of operation 17923707 : EXECUTING
16:40:27 INFO  State of operation 17923707 : EXECUTING
16:40:30 INFO  State of operation 17923707 : EXECUTING
16:40:32 INFO  State of operation 17923707 : EXECUTING
16:40:34 INFO  State of operation 17923707 : EXECUTING
16:40:36 INFO  State of operation 17923707 : EXECUTING
16:40:39 INFO  State of operation 17923707 : EXECUTING
16:40:41 INFO  State of operation 17923707 : EXECUTING
16:40:43 INFO  State of operation 17923707 : EXECUTING
16:40:45 INFO  State of operation 17923707 : EXECUTING
16:40:48 INFO  State of operation 17923707 : EXECUTING
16:40:50 INFO  State of operation 17923707 : EXECUTING
16:40:53 INFO  State of operation 17923707 : EXECUTING
16:40:55 INFO  State of operation 17923707 : EXECUTING
16:40:58 INFO  State of operation 17923707 : EXECUTING
16:41:00 INFO  State of operation 17923707 : EXECUTING
16:41:02 INFO  State of operation 17923707 : EXECUTING
16:41:05 INFO  State of operation 17923707 : EXECUTING
16:41:07 INFO  State of operation 17923707 : EXECUTING
16:41:10 INFO  State of operation 17923707 : EXECUTING
16:41:12 INFO  State of operation 17923707 : EXECUTING
16:41:14 INFO  State of operation 17923707 : EXECUTING
16:41:17 INFO  State of operation 17923707 : EXECUTING
16:41:19 INFO  State of operation 17923707 : EXECUTING
16:41:22 INFO  State of operation 17923707 : EXECUTING
16:41:24 INFO  State of operation 17923707 : EXECUTING
16:41:27 INFO  State of operation 17923707 : EXECUTING
16:41:29 INFO  State of operation 17923707 : EXECUTING
16:41:31 INFO  State of operation 17923707 : EXECUTING
16:41:33 INFO  State of operation 17923707 : EXECUTING
16:41:36 INFO  State of operation 17923707 : EXECUTING
16:41:38 INFO  State of operation 17923707 : EXECUTING
16:41:41 INFO  State of operation 17923707 : EXECUTING
16:41:43 INFO  State of operation 17923707 : EXECUTING
16:41:45 WARN  SystemError occurred while running test - Timeout while waiting for status SUCCESSFUL or False
Traceback (most recent call last):
  File "/home/pi/env-pysys/lib/python3.7/site-packages/pysys/baserunner.py", line 1294, in __call__
    self.testObj.execute()
  File "/home/pi/actions-runner/_work/thin-edge.io/thin-edge.io/tests/PySys/software_management_end_to_end/sm_apt_install_remove_multiple_mixed/run.py", line 89, in execute
    self.wait_until_succcess()
  File "/home/pi/actions-runner/_work/thin-edge.io/thin-edge.io/tests/PySys/software_management_end_to_end/environment_sm_management.py", line 324, in wait_until_succcess
    self.wait_until_status("SUCCESSFUL")
  File "/home/pi/actions-runner/_work/thin-edge.io/thin-edge.io/tests/PySys/software_management_end_to_end/environment_sm_management.py", line 381, in wait_until_status
    "Timeout while waiting for status %s or %s" % (status, status2)
SystemError: Timeout while waiting for status SUCCESSFUL or False
16:41:45 WARN  SystemError: Timeout while waiting for status SUCCESSFUL or False ... blocked 
16:41:45 INFO  
16:41:45 INFO  cleanup:
16:41:52 INFO  Executed sudo&lt;tedge_disconnect_c8y&gt;, exit status 0
16:41:52 INFO  Executed systemctl&lt;serv_mapper5&gt;, exit status 3
16:41:52 INFO  
16:41:52 INFO  Test duration: 181.90 secs
16:41:52 INFO  Test final outcome:  BLOCKED
16:41:52 INFO  Test outcome reason: SystemError: Timeout while waiting for status SUCCESSFUL or False (+1 other failures)
16:41:52 INFO  
</system-out>
	</testcase>
</testsuite><testsuite name="SoftwareManagement.sm_apt_install_remove_with_version" tests="3" errors="0" failures="0" skipped="1" time="0"><testcase classname="PySysTest" name="SoftwareManagement.sm_apt_install_remove_with_version">
		<skipped message="SKIPPED: Testing the apt plugin is not supported on this platform.Use parameter -XmyPlatform='container' to enable it" />
		<system-out>15:36:22 INFO  ==============================================================
15:36:22 INFO  Id:    SoftwareManagement.sm_apt_install_remove_with_version
15:36:22 INFO  Dir:   software_management_end_to_end/
15:36:22 INFO  Title: Validate end to end behaviour for the apt plugin for packages with version
15:36:22 INFO  ==============================================================
15:36:22 INFO  Testing the apt plugin is not supported on this platform.Use parameter -XmyPlatform='container' to enable it ... skipped
15:36:22 WARN  Aborted test due to SKIPPED outcome
15:36:22 INFO  
15:36:22 INFO  Test duration: 0.03 secs
15:36:22 INFO  Test final outcome:  SKIPPED
15:36:22 INFO  Test outcome reason: Testing the apt plugin is not supported on this platform.Use parameter -XmyPlatform='container' to enable it
15:36:22 INFO  
</system-out>
	</testcase>
<testcase classname="PySysTest" name="SoftwareManagement.sm_apt_install_remove_with_version" />
<testcase classname="PySysTest" name="SoftwareManagement.sm_apt_install_remove_with_version" />
</testsuite><testsuite name="SoftwareManagement.sm_docker_install_remove_multiple" tests="3" errors="0" failures="2" skipped="1" time="0"><testcase classname="SMDockerInstallRemove" name="SoftwareManagement.sm_docker_install_remove_multiple">
		<skipped message="SKIPPED: Testing the apt plugin is not supported on this platform.Use parameter -XmyPlatform='container' to enable it" />
		<system-out>15:36:22 INFO  ==============================================================
15:36:22 INFO  Id:    SoftwareManagement.sm_docker_install_remove_multiple
15:36:22 INFO  Dir:   software_management_end_to_end/
15:36:22 INFO  Title: Validate end to end behaviour for the docker plugin for multiple docker images with mixed versions
15:36:22 INFO  ==============================================================
15:36:22 INFO  Testing the apt plugin is not supported on this platform.Use parameter -XmyPlatform='container' to enable it ... skipped
15:36:22 WARN  Aborted test due to SKIPPED outcome
15:36:22 INFO  
15:36:22 INFO  Test duration: 0.03 secs
15:36:22 INFO  Test final outcome:  SKIPPED
15:36:22 INFO  Test outcome reason: Testing the apt plugin is not supported on this platform.Use parameter -XmyPlatform='container' to enable it
15:36:22 INFO  
</system-out>
	</testcase>
<testcase classname="SMDockerInstallRemove" name="SoftwareManagement.sm_docker_install_remove_multiple">
		<failure message="BLOCKED: SystemError: The operation has failed" type="BLOCKED" />
		<system-out>16:24:14 INFO  ==============================================================
16:24:14 INFO  Id:    SoftwareManagement.sm_docker_install_remove_multiple
16:24:14 INFO  Dir:   software_management_end_to_end/
16:24:14 INFO  Title: Validate end to end behaviour for the docker plugin for multiple docker images with mixed versions
16:24:14 INFO  ==============================================================
16:24:17 INFO  Using sw id database: {'asciijump': '5475369', 'robotfindskitten': '5474869', 'squirrel3': '5475279', 'rolldice': '5152439', 'moon-buggy': '5439204', 'apple': '5495053', 'banana': '5494888', 'cherry': '5495382', 'watermelon': '5494510', 'registry': '8018911', 'hello-world': '8021526', 'docker/getting-started': '8021973', 'alpine': '7991792'}
16:24:17 INFO  EnvironmentC8y Setup
16:24:18 INFO  Executed systemctl&lt;serv_mapper1&gt;, exit status 3
16:24:35 INFO  Executed sudo&lt;tedge_connect_c8y&gt;, exit status 0, duration 16 secs
16:24:35 INFO  Executed sudo&lt;tedge_connect_c8y_test&gt;, exit status 0
16:24:36 INFO  Executed systemctl&lt;serv_mosq2&gt;, exit status 0
16:24:37 INFO  Executed systemctl&lt;serv_mapper3&gt;, exit status 0
16:24:39 INFO  State of current operation: SUCCESSFUL
16:24:39 INFO  Response status: 201
16:24:39 INFO  Response to action: {
    "creationTime": "2022-04-28T16:24:39.602Z",
    "deviceName": "mythicd",
    "deviceId": "17911759",
    "self": "https://t493319102.eu-latest.cumulocity.com/devicecontrol/operations/17923470",
    "id": "17923470",
    "status": "PENDING",
    "description": "Apply software changes, triggered from PySys: [{'action': 'install', 'id': '8021526', 'name': 'hello-world', 'url': '', 'version': '::docker'}, {'action': 'install', 'id': '8018911', 'name': 'registry', 'url': '', 'version': '2.6.2::docker'}]",
    "c8y_SoftwareUpdate": [
        {
            "name": "hello-world",
            "action": "install",
            "id": "8021526",
            "version": "::docker",
            "url": ""
        },
        {
            "name": "registry",
            "action": "install",
            "id": "8018911",
            "version": "2.6.2::docker",
            "url": ""
        }
    ]
}
16:24:39 INFO  Started operation: {'creationTime': '2022-04-28T16:24:39.602Z', 'deviceName': 'mythicd', 'deviceId': '17911759', 'self': 'https://t493319102.eu-latest.cumulocity.com/devicecontrol/operations/17923470', 'id': '17923470', 'status': 'PENDING', 'description': "Apply software changes, triggered from PySys: [{'action': 'install', 'id': '8021526', 'name': 'hello-world', 'url': '', 'version': '::docker'}, {'action': 'install', 'id': '8018911', 'name': 'registry', 'url': '', 'version': '2.6.2::docker'}]", 'c8y_SoftwareUpdate': [{'name': 'hello-world', 'action': 'install', 'id': '8021526', 'version': '::docker', 'url': ''}, {'name': 'registry', 'action': 'install', 'id': '8018911', 'version': '2.6.2::docker', 'url': ''}]}
16:24:41 INFO  State of operation 17923470 : PENDING
16:24:44 INFO  State of operation 17923470 : EXECUTING
16:24:46 INFO  State of operation 17923470 : EXECUTING
16:24:48 INFO  State of operation 17923470 : EXECUTING
16:24:50 INFO  State of operation 17923470 : EXECUTING
16:24:53 INFO  State of operation 17923470 : EXECUTING
16:24:55 INFO  State of operation 17923470 : EXECUTING
16:24:57 INFO  State of operation 17923470 : EXECUTING
16:24:59 INFO  State of operation 17923470 : EXECUTING
16:25:02 INFO  State of operation 17923470 : EXECUTING
16:25:04 INFO  State of operation 17923470 : EXECUTING
16:25:06 INFO  State of operation 17923470 : EXECUTING
16:25:08 INFO  State of operation 17923470 : EXECUTING
16:25:11 INFO  State of operation 17923470 : EXECUTING
16:25:13 INFO  State of operation 17923470 : EXECUTING
16:25:15 INFO  State of operation 17923470 : EXECUTING
16:25:17 INFO  State of operation 17923470 : EXECUTING
16:25:20 INFO  State of operation 17923470 : SUCCESSFUL
16:25:21 INFO  Package hello-world is installed
16:25:21 INFO  Package hello-world is installed
16:25:21 INFO  Assert that (True == value) with value=True ... passed
16:25:21 INFO  Package registry is installed
16:25:21 INFO  Assert that (True == value) with value=True ... passed
16:25:22 INFO  Assert that (False == value) with value=False ... passed
16:25:22 INFO  Response status: 201
16:25:22 INFO  Response to action: {
    "creationTime": "2022-04-28T16:25:22.193Z",
    "deviceName": "mythicd",
    "deviceId": "17911759",
    "self": "https://t493319102.eu-latest.cumulocity.com/devicecontrol/operations/17923480",
    "id": "17923480",
    "status": "PENDING",
    "description": "Apply software changes, triggered from PySys: [{'action': 'install', 'id': '8018911', 'name': 'registry', 'url': '', 'version': '2.7.1::docker'}, {'action': 'install', 'id': '7991792', 'name': 'alpine', 'url': '', 'version': '::docker'}]",
    "c8y_SoftwareUpdate": [
        {
            "name": "registry",
            "action": "install",
            "id": "8018911",
            "version": "2.7.1::docker",
            "url": ""
        },
        {
            "name": "alpine",
            "action": "install",
            "id": "7991792",
            "version": "::docker",
            "url": ""
        }
    ]
}
16:25:22 INFO  Started operation: {'creationTime': '2022-04-28T16:25:22.193Z', 'deviceName': 'mythicd', 'deviceId': '17911759', 'self': 'https://t493319102.eu-latest.cumulocity.com/devicecontrol/operations/17923480', 'id': '17923480', 'status': 'PENDING', 'description': "Apply software changes, triggered from PySys: [{'action': 'install', 'id': '8018911', 'name': 'registry', 'url': '', 'version': '2.7.1::docker'}, {'action': 'install', 'id': '7991792', 'name': 'alpine', 'url': '', 'version': '::docker'}]", 'c8y_SoftwareUpdate': [{'name': 'registry', 'action': 'install', 'id': '8018911', 'version': '2.7.1::docker', 'url': ''}, {'name': 'alpine', 'action': 'install', 'id': '7991792', 'version': '::docker', 'url': ''}]}
16:25:24 INFO  State of operation 17923480 : PENDING
16:25:26 INFO  State of operation 17923480 : EXECUTING
16:25:29 INFO  State of operation 17923480 : EXECUTING
[...]
</testsuite><testsuite name="local_mqtt_sub_fail" tests="1" errors="0" failures="0" skipped="0" time="0"><testcase classname="PySysTest" name="local_mqtt_sub_fail" />
</testsuite><testsuite name="log_request_error_messages" tests="1" errors="0" failures="1" skipped="0" time="0"><testcase classname="LogRequestVerifySearchTextError" name="log_request_error_messages">
		<failure message="FAILED: Assert that (True == value) with value=False" type="FAILED" />
		<system-out>15:25:40 INFO  ==============================================================
15:25:40 INFO  Id:    log_request_error_messages
15:25:40 INFO  Dir:   log_request_end_to_end/
15:25:40 INFO  Title: Validate end to end behaviour for the log request operation check for error messages
15:25:40 INFO  ==============================================================
15:25:41 INFO  EnvironmentC8y Setup
15:25:41 INFO  Executed systemctl&lt;serv_mapper1&gt;, exit status 3
15:25:42 INFO  Restarting mosquitto too frequently in the last 10 seconds. It was only up for 2 seconds
15:25:42 INFO  Delaying execution by 9 seconds
15:26:04 INFO  Executed sudo&lt;tedge_connect_c8y&gt;, exit status 0, duration 13 secs
15:26:05 INFO  Executed sudo&lt;tedge_connect_c8y_test&gt;, exit status 0
15:26:06 INFO  Executed systemctl&lt;serv_mosq2&gt;, exit status 0
15:26:06 INFO  Executed systemctl&lt;serv_mapper3&gt;, exit status 0
15:26:07 INFO  Executed sudo&lt;rm_logs&gt;, exit status 0
15:26:07 INFO  Executed sudo&lt;move_logs&gt;, exit status 0
15:26:08 INFO  log response None
15:26:08 WARN  retry, retrying in 1 seconds...
15:26:09 INFO  log response https://thin-edge-io.eu-latest.cumulocity.com/event/events/17915233/binaries
15:26:10 WARN  Assert that (True == value) with value=False ... failed [run.py:43]
15:26:10 INFO  
15:26:10 INFO  cleanup:
15:26:10 INFO  Executed sudo&lt;rm_logs&gt;, exit status 0
15:26:11 INFO  Executed sudo&lt;rm_tmp_logs&gt;, exit status 0
15:26:11 INFO  Executed sudo&lt;send_failed&gt;, exit status 0
15:26:15 INFO  Executed sudo&lt;tedge_disconnect_c8y&gt;, exit status 0
15:26:16 INFO  Executed systemctl&lt;serv_mapper5&gt;, exit status 3
15:26:16 INFO  
15:26:16 INFO  Test duration: 36.25 secs
15:26:16 INFO  Test final outcome:  FAILED
15:26:16 INFO  Test outcome reason: Assert that (True == value) with value=False
15:26:16 INFO  
</system-out>
	</testcase>
</testsuite><testsuite name="log_request_num_lines" tests="1" errors="0" failures="1" skipped="0" time="0"><testcase classname="LogRequestVerifyNumberOfLines" name="log_request_num_lines">
		<failure message="FAILED: Assert that (True == value) with value=False" type="FAILED" />
		<system-out>15:26:16 INFO  ==============================================================
15:26:16 INFO  Id:    log_request_num_lines
15:26:16 INFO  Dir:   log_request_end_to_end/
15:26:16 INFO  Title: Validate end to end behaviour for the log request operation check for number of lines
15:26:16 INFO  ==============================================================
15:26:16 INFO  EnvironmentC8y Setup
15:26:16 INFO  Executed systemctl&lt;serv_mapper1&gt;, exit status 3
15:26:17 INFO  Restarting mosquitto too frequently in the last 10 seconds. It was only up for 5 seconds
15:26:17 INFO  Delaying execution by 6 seconds
15:26:37 INFO  Executed sudo&lt;tedge_connect_c8y&gt;, exit status 0, duration 14 secs
15:26:37 INFO  Executed sudo&lt;tedge_connect_c8y_test&gt;, exit status 0
15:26:38 INFO  Executed systemctl&lt;serv_mosq2&gt;, exit status 0
15:26:38 INFO  Executed systemctl&lt;serv_mapper3&gt;, exit status 0
15:26:39 INFO  Executed sudo&lt;rm_logs&gt;, exit status 0
15:26:39 INFO  Executed sudo&lt;move_logs&gt;, exit status 0
15:26:40 INFO  log response None
15:26:40 WARN  retry, retrying in 1 seconds...
15:26:41 INFO  log response https://thin-edge-io.eu-latest.cumulocity.com/event/events/17907937/binaries
15:26:41 INFO  nlines 0
15:26:41 WARN  Assert that (True == value) with value=False ... failed [run.py:44]
15:26:41 INFO  
15:26:41 INFO  cleanup:
15:26:42 INFO  Executed sudo&lt;rm_logs&gt;, exit status 0
15:26:42 INFO  Executed sudo&lt;rm_tmp_logs&gt;, exit status 0
15:26:43 INFO  Executed sudo&lt;send_failed&gt;, exit status 0
15:26:47 INFO  Executed sudo&lt;tedge_disconnect_c8y&gt;, exit status 0
15:26:48 INFO  Executed systemctl&lt;serv_mapper5&gt;, exit status 3
15:26:48 INFO  
15:26:48 INFO  Test duration: 31.62 secs
15:26:48 INFO  Test final outcome:  FAILED
15:26:48 INFO  Test outcome reason: Assert that (True == value) with value=False
15:26:48 INFO  
</system-out>
	</testcase>
</testsuite><testsuite name="mapper_awaits_before_reconnect" tests="1" errors="0" failures="0" skipped="0" time="0"><testcase classname="MapperReconnectAwait" name="mapper_awaits_before_reconnect" />
</testsuite><testsuite name="monitoring_smaller_interval" tests="1" errors="0" failures="0" skipped="1" time="0"><testcase classname="MonitoringSmallInterval" name="monitoring_smaller_interval">
		<skipped message="SKIPPED: Fails due to retained message" />
		<system-out>15:28:27 INFO  ==============================================================
15:28:27 INFO  Id:    monitoring_smaller_interval
15:28:27 INFO  Dir:   monitoring/
15:28:27 INFO  Title: Validate the tedge dm agent messages that are produced with smaller sampling interval than the batching window. Here the simulated collectd messages are used
15:28:27 INFO  ==============================================================
15:28:27 INFO  Fails due to retained message ... skipped
15:28:27 INFO  
15:28:27 INFO  Test duration: 0.02 secs
15:28:27 INFO  Test final outcome:  SKIPPED
15:28:27 INFO  Test outcome reason: Fails due to retained message
15:28:27 INFO  
</system-out>
	</testcase>
</testsuite><testsuite name="monitoring_with_collectd" tests="1" errors="0" failures="0" skipped="1" time="0"><testcase classname="MonitoringWithCollectd" name="monitoring_with_collectd">
		<skipped message="SKIPPED: Test execution disabled due to #792 (instable)" />
		<system-out>15:28:27 INFO  ==============================================================
15:28:27 INFO  Id:    monitoring_with_collectd
15:28:27 INFO  Dir:   monitoring/
15:28:27 INFO  Title: Validate tedge dm agent messages that are produced by batching the collectd messages
15:28:27 INFO  ==============================================================
15:28:27 INFO  Test execution disabled due to #792 (instable) ... skipped
15:28:27 INFO  
15:28:27 INFO  Test duration: 0.02 secs
15:28:27 INFO  Test final outcome:  SKIPPED
15:28:27 INFO  Test outcome reason: Test execution disabled due to #792 (instable)
15:28:27 INFO  
</system-out>
	</testcase>
</testsuite><testsuite name="monitoring_with_simulated_messages" tests="1" errors="0" failures="0" skipped="1" time="0"><testcase classname="MonitoringWithSimulatedMessages" name="monitoring_with_simulated_messages">
		<skipped message="SKIPPED: Fails due to retained message" />
		<system-out>15:28:27 INFO  ==============================================================
15:28:27 INFO  Id:    monitoring_with_simulated_messages
15:28:27 INFO  Dir:   monitoring/
15:28:27 INFO  Title: Validate the tedge dm agent messages that are produced from the simulated collectd messages
15:28:27 INFO  ==============================================================
15:28:27 INFO  Fails due to retained message ... skipped
15:28:27 INFO  
15:28:27 INFO  Test duration: 0.02 secs
15:28:27 INFO  Test final outcome:  SKIPPED
15:28:27 INFO  Test outcome reason: Fails due to retained message
15:28:27 INFO  
</system-out>
	</testcase>
</testsuite><testsuite name="mqtt_port_change_connection_fails" tests="1" errors="0" failures="0" skipped="0" time="0"><testcase classname="MqttPortChangeConnectionFails" name="mqtt_port_change_connection_fails" />
</testsuite><testsuite name="mqtt_port_change_connection_works" tests="1" errors="0" failures="0" skipped="1" time="0"><testcase classname="MqttPortChangeConnectionWorks" name="mqtt_port_change_connection_works">
		<skipped message="SKIPPED: failing intermitently" />
		<system-out>15:27:23 INFO  ==============================================================
15:27:23 INFO  Id:    mqtt_port_change_connection_works
15:27:23 INFO  Dir:   misc_features/
15:27:23 INFO  Title: mqtt port change connection works for all the thin-edge services that use the mosquitto broker
15:27:23 INFO  ==============================================================
15:27:23 INFO  failing intermitently ... skipped
15:27:23 INFO  
15:27:23 INFO  Test duration: 0.02 secs
15:27:23 INFO  Test final outcome:  SKIPPED
15:27:23 INFO  Test outcome reason: failing intermitently
15:27:23 INFO  
</system-out>
	</testcase>
</testsuite><testsuite name="mqtt_port_set" tests="1" errors="0" failures="0" skipped="0" time="0"><testcase classname="MqttPortSet" name="mqtt_port_set" />
</testsuite><testsuite name="mqtt_port_unset" tests="1" errors="0" failures="0" skipped="0" time="0"><testcase classname="MqttPortUnSet" name="mqtt_port_unset" />
</testsuite><testsuite name="publish_flux" tests="1" errors="0" failures="0" skipped="0" time="0"><testcase classname="PublishFlux" name="publish_flux" />
</testsuite><testsuite name="publish_sawmill" tests="1" errors="0" failures="0" skipped="0" time="0"><testcase classname="PublishSawmill" name="publish_sawmill" />
</testsuite><testsuite name="pysys_block" tests="1" errors="0" failures="0" skipped="1" time="0"><testcase classname="Fail" name="pysys_block">
		<skipped message="SKIPPED: Enable this to observe a blocking test" />
		<system-out>15:27:45 INFO  ==============================================================
15:27:45 INFO  Id:    pysys_block
15:27:45 INFO  Dir:   misc_features/
15:27:45 INFO  Title: fail
15:27:45 INFO  ==============================================================
15:27:45 INFO  Enable this to observe a blocking test ... skipped
15:27:45 INFO  
15:27:45 INFO  Test duration: 0.04 secs
15:27:45 INFO  Test final outcome:  SKIPPED
15:27:45 INFO  Test outcome reason: Enable this to observe a blocking test
15:27:45 INFO  
</system-out>
	</testcase>
</testsuite><testsuite name="pysys_fail" tests="1" errors="0" failures="0" skipped="1" time="0"><testcase classname="Fail" name="pysys_fail">
		<skipped message="SKIPPED: Enable this to observe a failing test" />
		<system-out>15:27:45 INFO  ==============================================================
15:27:45 INFO  Id:    pysys_fail
15:27:45 INFO  Dir:   misc_features/
15:27:45 INFO  Title: fail
15:27:45 INFO  ==============================================================
15:27:45 INFO  Enable this to observe a failing test ... skipped
15:27:45 INFO  
15:27:45 INFO  Test duration: 0.04 secs
15:27:45 INFO  Test final outcome:  SKIPPED
15:27:45 INFO  Test outcome reason: Enable this to observe a failing test
15:27:45 INFO  
</system-out>
	</testcase>
</testsuite><testsuite name="runtime_start_two_mappers" tests="1" errors="0" failures="1" skipped="0" time="0"><testcase classname="RuntimeMultiMappers" name="runtime_start_two_mappers">
		<failure message="FAILED: Grep on tedge_mapper2.err contains &quot;Error: Couldn't acquire file lock.&quot;" type="FAILED" />
		<system-out>15:39:58 INFO  ==============================================================
15:39:58 INFO  Id:    runtime_start_two_mappers
15:39:58 INFO  Dir:   tedge_mapper_c8y/
15:39:58 INFO  Title: Validate two mappers can't be started at the same time
15:39:58 INFO  ==============================================================
15:39:58 INFO  Executed sudo&lt;tedge_mapper1&gt;, exit status 0
15:39:58 INFO  Waiting for 0.1 seconds
15:39:59 INFO  Executed sudo&lt;tedge_mapper2&gt;, exit status 1
15:39:59 INFO  Executed sudo&lt;tedge_mapper1&gt;, exit status 0
15:39:59 WARN  Grep on tedge_mapper2.err contains "Error: Couldn't acquire file lock." ... failed [run.py:46]
15:39:59 INFO  
15:39:59 INFO  Test duration: 1.80 secs
15:39:59 INFO  Test final outcome:  FAILED
15:39:59 INFO  Test outcome reason: Grep on tedge_mapper2.err contains "Error: Couldn't acquire file lock."
15:39:59 INFO  
</system-out>
	</testcase>
</testsuite><testsuite name="sm_tedge_mapper_init_session" tests="1" errors="0" failures="0" skipped="0" time="0"><testcase classname="TedgeSMMapperInitSession" name="sm_tedge_mapper_init_session" />
</testsuite><testsuite name="smoketest_json" tests="1" errors="0" failures="0" skipped="0" time="0"><testcase classname="SmokeTestJson" name="smoketest_json" />
</testsuite><testsuite name="smoketest_json_400_samples_10ms" tests="1" errors="0" failures="0" skipped="0" time="0"><testcase classname="SmoketestJson400Samples10ms" name="smoketest_json_400_samples_10ms" />
</testsuite><testsuite name="smoketest_json_400_samples_20ms" tests="1" errors="0" failures="0" skipped="0" time="0"><testcase classname="SmoketestJson400Samples20ms" name="smoketest_json_400_samples_20ms" />
</testsuite><testsuite name="smoketest_smartrest" tests="1" errors="0" failures="0" skipped="0" time="0"><testcase classname="SmoketestSmartRest" name="smoketest_smartrest" />
</testsuite><testsuite name="smoketest_smartrest_200_samples_1Xms" tests="1" errors="0" failures="0" skipped="0" time="0"><testcase classname="SmoketestSmartRest200Samples1Xms" name="smoketest_smartrest_200_samples_1Xms" />
</testsuite><testsuite name="smoketest_smartrest_200_samples_20ms" tests="1" errors="0" failures="1" skipped="0" time="0"><testcase classname="SmoketestSmartRest200Samples20ms" name="smoketest_smartrest_200_samples_20ms">
		<failure message="BLOCKED: Failed to set up test: 'SmoketestSmartRest200Samples20ms'" type="BLOCKED" />
		<system-out>15:36:21 INFO  ==============================================================
15:36:21 INFO  Id:    smoketest_smartrest_200_samples_20ms
15:36:21 INFO  Dir:   smoketests/
15:36:21 INFO  Title: Smoketest SmartRest 200 Samples 20ms Delay
15:36:21 INFO  ==============================================================
15:36:21 WARN  Failed to set up test: 'SmoketestSmartRest200Samples20ms' ... blocked 
15:36:21 ERROR Caught KeyError while setting up test smoketest_smartrest_200_samples_20ms: 'SmoketestSmartRest200Samples20ms'
Traceback (most recent call last):
  File "/home/pi/env-pysys/lib/python3.7/site-packages/pysys/baserunner.py", line 1229, in __call__
    clazz = runpy_namespace[self.descriptor.classname]
KeyError: 'SmoketestSmartRest200Samples20ms'
15:36:21 INFO  
15:36:21 INFO  Test duration: 0.04 secs
15:36:21 INFO  Test final outcome:  BLOCKED
15:36:21 INFO  Test outcome reason: Failed to set up test: 'SmoketestSmartRest200Samples20ms'
15:36:21 INFO  
</system-out>
	</testcase>
</testsuite><testsuite name="tedge_agent_user_sudo_access" tests="1" errors="0" failures="0" skipped="1" time="0"><testcase classname="TedgeAgentUserSudoAccess" name="tedge_agent_user_sudo_access">
		<skipped message="SKIPPED: #955 Observation: Exit code of the apt plugin when called with no arguments" />
		<system-out>15:36:49 INFO  ==============================================================
15:36:49 INFO  Id:    tedge_agent_user_sudo_access
15:36:49 INFO  Dir:   tedge/
15:36:49 INFO  Title: Validate tedge-agent user has a limited sudo right
15:36:49 INFO  ==============================================================
15:36:49 INFO  #955 Observation: Exit code of the apt plugin when called with no arguments ... skipped
15:36:49 INFO  
15:36:49 INFO  Test duration: 0.02 secs
15:36:49 INFO  Test final outcome:  SKIPPED
15:36:49 INFO  Test outcome reason: #955 Observation: Exit code of the apt plugin when called with no arguments
15:36:49 INFO  
</system-out>
	</testcase>
</testsuite><testsuite name="tedge_connect_test_negative" tests="1" errors="0" failures="0" skipped="0" time="0"><testcase classname="TedgeConnectTestNegative" name="tedge_connect_test_negative" />
</testsuite><testsuite name="tedge_connect_test_positive" tests="1" errors="0" failures="0" skipped="0" time="0"><testcase classname="TedgeConnectTestPositive" name="tedge_connect_test_positive" />
</testsuite><testsuite name="tedge_connect_test_sm_services" tests="1" errors="0" failures="0" skipped="0" time="0"><testcase classname="TedgeConnectTestSMServices" name="tedge_connect_test_sm_services" />
</testsuite><testsuite name="tedge_disconnect_test_sm_services" tests="1" errors="0" failures="0" skipped="0" time="0"><testcase classname="TedgeDisConnectTestSMServices" name="tedge_disconnect_test_sm_services" />
</testsuite><testsuite name="tedge_mapper_az_negative" tests="1" errors="0" failures="0" skipped="0" time="0"><testcase classname="TedgeMapperAzError" name="tedge_mapper_az_negative" />
</testsuite><testsuite name="tedge_mapper_az_with_timestamp" tests="1" errors="0" failures="0" skipped="0" time="0"><testcase classname="TedgeMapperAzWithTimestamp" name="tedge_mapper_az_with_timestamp" />
</testsuite><testsuite name="tedge_mapper_az_without_timestamp" tests="1" errors="0" failures="0" skipped="0" time="0"><testcase classname="TedgeMapperAzWithoutTimestamp" name="tedge_mapper_az_without_timestamp" />
</testsuite><testsuite name="tedge_mapper_c8y_alarms" tests="1" errors="0" failures="0" skipped="0" time="0"><testcase classname="TedgeMapperC8yAlarm" name="tedge_mapper_c8y_alarms" />
</testsuite><testsuite name="tedge_mapper_c8y_child_device_measurement" tests="1" errors="0" failures="0" skipped="0" time="0"><testcase classname="TedgeMapperC8yChildDevice" name="tedge_mapper_c8y_child_device_measurement" />
</testsuite><testsuite name="tedge_mapper_c8y_packet_threshold_size" tests="1" errors="0" failures="0" skipped="0" time="0"><testcase classname="TedgeMapperC8yThresholdPacketSize" name="tedge_mapper_c8y_packet_threshold_size" />
</testsuite><testsuite name="tedge_software_update" tests="1" errors="0" failures="0" skipped="0" time="0"><testcase classname="PySysTest" name="tedge_software_update" />
</testsuite><testsuite name="valid_device_id" tests="1" errors="0" failures="1" skipped="0" time="0"><testcase classname="ValidateValidDeviceId" name="valid_device_id">
		<failure message="FAILED: Grep on tedge_connect_c8y_test.out contains &quot;successful&quot;" type="FAILED" />
		<system-out>15:27:45 INFO  ==============================================================
15:27:45 INFO  Id:    valid_device_id
15:27:45 INFO  Dir:   misc_features/
15:27:45 INFO  Title: Valid device ID
15:27:45 INFO  ==============================================================
15:27:46 INFO  Restarting mosquitto too frequently in the last 10 seconds. It was only up for 6 seconds
15:27:46 INFO  Delaying execution by 5 seconds
15:27:51 INFO  Executed sudo&lt;tedge_disconnect_c8y&gt;, exit status 0
15:27:52 INFO  Executed sudo&lt;create_cert_dir&gt;, exit status 0
15:27:52 INFO  Executed sudo&lt;change_owner_of_dir&gt;, exit status 0
15:27:53 INFO  Executed sudo&lt;set_cert_path&gt;, exit status 0
15:27:53 INFO  Executed sudo&lt;set_key_path&gt;, exit status 0
15:27:54 INFO  Executed sudo&lt;cert_create&gt;, exit status 0
15:27:55 INFO  Executed sudo&lt;cert_upload&gt;, exit status 0
15:28:10 INFO  Executed sudo&lt;tedge_connect_c8y&gt;, exit status 0, duration 14 secs
15:28:21 INFO  Executed sudo&lt;tedge_connect_c8y_test&gt;, exit status 0
15:28:21 INFO  Grep on file tedge_connect_c8y.out ... passed
15:28:21 WARN  Grep on tedge_connect_c8y_test.out contains "successful" ... failed [run.py:108]
15:28:21 INFO  
15:28:21 INFO  cleanup:
15:28:25 INFO  Executed sudo&lt;tedge_disconnect_c8y&gt;, exit status 0
15:28:25 INFO  Executed sudo&lt;unset_cert_path&gt;, exit status 0
15:28:26 INFO  Executed sudo&lt;unset_key_path&gt;, exit status 0
15:28:27 INFO  Executed sudo&lt;remove_cert_dir&gt;, exit status 0
15:28:27 INFO  
15:28:27 INFO  Test duration: 41.51 secs
15:28:27 INFO  Test final outcome:  FAILED
15:28:27 INFO  Test outcome reason: Grep on tedge_connect_c8y_test.out contains "successful"
15:28:27 INFO  
</system-out>
	</testcase>
</testsuite></testsuites>