<?xml version='1.0' encoding='utf-8'?>
<testsuites tests="149" failures="10" errors="0" skipped="55" time="0.0"><testsuite name="SoftwareManagement.Plugin.apama_plugin_install" tests="3" errors="0" failures="0" skipped="1" time="0"><testcase classname="ApamaPluginInstallTest" name="SoftwareManagement.Plugin.apama_plugin_install">
		<skipped message="SKIPPED: Apama plugin tests are disabled by default. Execute `pysys run` with `-XmyPlatform=container` to run these tests" />
		<system-out>11:32:40 INFO  ==============================================================
11:32:40 INFO  Id:    SoftwareManagement.Plugin.apama_plugin_install
11:32:40 INFO  Dir:   plugin_apama/
11:32:40 INFO  Title: Validate apama plugin install
11:32:40 INFO  ==============================================================
11:32:40 INFO  Apama plugin tests are disabled by default. Execute `pysys run` with `-XmyPlatform=container` to run these tests ... skipped
11:32:40 WARN  Aborted test due to SKIPPED outcome
11:32:40 INFO  
11:32:40 INFO  Test duration: 0.04 secs
11:32:40 INFO  Test final outcome:  SKIPPED
11:32:40 INFO  Test outcome reason: Apama plugin tests are disabled by default. Execute `pysys run` with `-XmyPlatform=container` to run these tests
11:32:40 INFO  
</system-out>
	</testcase>
<testcase classname="ApamaPluginInstallTest" name="SoftwareManagement.Plugin.apama_plugin_install" />
<testcase classname="ApamaPluginInstallTest" name="SoftwareManagement.Plugin.apama_plugin_install" />
</testsuite><testsuite name="SoftwareManagement.Plugin.apama_plugin_mon_support" tests="3" errors="0" failures="0" skipped="1" time="0"><testcase classname="ApamaPluginMonSupportTest" name="SoftwareManagement.Plugin.apama_plugin_mon_support">
		<skipped message="SKIPPED: Apama plugin tests are disabled by default. Execute `pysys run` with `-XmyPlatform=container` to run these tests" />
		<system-out>11:32:40 INFO  ==============================================================
11:32:40 INFO  Id:    SoftwareManagement.Plugin.apama_plugin_mon_support
11:32:40 INFO  Dir:   plugin_apama/
11:32:40 INFO  Title: Validate mon file support of apama plugin
11:32:40 INFO  ==============================================================
11:32:40 INFO  Apama plugin tests are disabled by default. Execute `pysys run` with `-XmyPlatform=container` to run these tests ... skipped
11:32:40 WARN  Aborted test due to SKIPPED outcome
11:32:40 INFO  
11:32:40 INFO  Test duration: 0.02 secs
11:32:40 INFO  Test final outcome:  SKIPPED
11:32:40 INFO  Test outcome reason: Apama plugin tests are disabled by default. Execute `pysys run` with `-XmyPlatform=container` to run these tests
11:32:40 INFO  
</system-out>
	</testcase>
<testcase classname="ApamaPluginMonSupportTest" name="SoftwareManagement.Plugin.apama_plugin_mon_support" />
<testcase classname="ApamaPluginMonSupportTest" name="SoftwareManagement.Plugin.apama_plugin_mon_support" />
</testsuite><testsuite name="SoftwareManagement.Plugin.apama_plugin_remove" tests="3" errors="0" failures="0" skipped="1" time="0"><testcase classname="ApamaPluginRemoveTest" name="SoftwareManagement.Plugin.apama_plugin_remove">
		<skipped message="SKIPPED: Apama plugin tests are disabled by default. Execute `pysys run` with `-XmyPlatform=container` to run these tests" />
		<system-out>11:32:40 INFO  ==============================================================
11:32:40 INFO  Id:    SoftwareManagement.Plugin.apama_plugin_remove
11:32:40 INFO  Dir:   plugin_apama/
11:32:40 INFO  Title: Validate apama plugin remove
11:32:40 INFO  ==============================================================
11:32:40 INFO  Apama plugin tests are disabled by default. Execute `pysys run` with `-XmyPlatform=container` to run these tests ... skipped
11:32:40 WARN  Aborted test due to SKIPPED outcome
11:32:40 INFO  
11:32:40 INFO  Test duration: 0.02 secs
11:32:40 INFO  Test final outcome:  SKIPPED
11:32:40 INFO  Test outcome reason: Apama plugin tests are disabled by default. Execute `pysys run` with `-XmyPlatform=container` to run these tests
11:32:40 INFO  
</system-out>
	</testcase>
<testcase classname="ApamaPluginRemoveTest" name="SoftwareManagement.Plugin.apama_plugin_remove" />
<testcase classname="ApamaPluginRemoveTest" name="SoftwareManagement.Plugin.apama_plugin_remove" />
</testsuite><testsuite name="SoftwareManagement.Plugin.apama_plugin_update" tests="3" errors="0" failures="0" skipped="3" time="0"><testcase classname="ApamaPluginUpdateTest" name="SoftwareManagement.Plugin.apama_plugin_update">
		<skipped message="SKIPPED: Test execution disabled due to #1052" />
		<system-out>11:32:40 INFO  ==============================================================
11:32:40 INFO  Id:    SoftwareManagement.Plugin.apama_plugin_update
11:32:40 INFO  Dir:   plugin_apama/
11:32:40 INFO  Title: Validate apama plugin updating one project with another
11:32:40 INFO  ==============================================================
11:32:40 INFO  Test execution disabled due to #1052 ... skipped
11:32:40 INFO  
11:32:40 INFO  Test duration: 0.03 secs
11:32:40 INFO  Test final outcome:  SKIPPED
11:32:40 INFO  Test outcome reason: Test execution disabled due to #1052
11:32:40 INFO  
</system-out>
	</testcase>
<testcase classname="ApamaPluginUpdateTest" name="SoftwareManagement.Plugin.apama_plugin_update">
		<skipped message="SKIPPED: Test execution disabled due to #1052" />
		<system-out>12:25:18 INFO  ==============================================================
12:25:18 INFO  Id:    SoftwareManagement.Plugin.apama_plugin_update
12:25:18 INFO  Dir:   plugin_apama/
12:25:18 INFO  Title: Validate apama plugin updating one project with another
12:25:18 INFO  ==============================================================
12:25:18 INFO  Test execution disabled due to #1052 ... skipped
12:25:18 INFO  
12:25:18 INFO  Test duration: 0.02 secs
12:25:18 INFO  Test final outcome:  SKIPPED
12:25:18 INFO  Test outcome reason: Test execution disabled due to #1052
12:25:18 INFO  
</system-out>
	</testcase>
<testcase classname="ApamaPluginUpdateTest" name="SoftwareManagement.Plugin.apama_plugin_update">
		<skipped message="SKIPPED: Test execution disabled due to #1052" />
		<system-out>12:33:59 INFO  ==============================================================
12:33:59 INFO  Id:    SoftwareManagement.Plugin.apama_plugin_update
12:33:59 INFO  Dir:   plugin_apama/
12:33:59 INFO  Title: Validate apama plugin updating one project with another
12:33:59 INFO  ==============================================================
12:33:59 INFO  Test execution disabled due to #1052 ... skipped
12:33:59 INFO  
12:33:59 INFO  Test duration: 0.04 secs
12:33:59 INFO  Test final outcome:  SKIPPED
12:33:59 INFO  Test outcome reason: Test execution disabled due to #1052
12:33:59 INFO  
</system-out>
	</testcase>
</testsuite><testsuite name="SoftwareManagement.sm_apt_install_download_path" tests="3" errors="0" failures="2" skipped="1" time="0"><testcase classname="AptInstallWithDownloadPath" name="SoftwareManagement.sm_apt_install_download_path">
		<skipped message="SKIPPED: Testing the apt plugin is not supported on this platform.Use parameter -XmyPlatform='container' to enable it" />
		<system-out>11:42:25 INFO  ==============================================================
11:42:25 INFO  Id:    SoftwareManagement.sm_apt_install_download_path
11:42:25 INFO  Dir:   software_management_end_to_end/
11:42:25 INFO  Title: Install package to directory specified in tedge config set tmp.path
11:42:25 INFO  ==============================================================
11:42:25 INFO  Testing the apt plugin is not supported on this platform.Use parameter -XmyPlatform='container' to enable it ... skipped
11:42:25 WARN  Aborted test due to SKIPPED outcome
11:42:25 INFO  
11:42:25 INFO  Test duration: 0.06 secs
11:42:25 INFO  Test final outcome:  SKIPPED
11:42:25 INFO  Test outcome reason: Testing the apt plugin is not supported on this platform.Use parameter -XmyPlatform='container' to enable it
11:42:25 INFO  
</system-out>
	</testcase>
<testcase classname="AptInstallWithDownloadPath" name="SoftwareManagement.sm_apt_install_download_path">
		<failure message="BLOCKED: AssertionError:" type="BLOCKED" />
		<system-out>12:06:57 INFO  ==============================================================
12:06:57 INFO  Id:    SoftwareManagement.sm_apt_install_download_path
12:06:57 INFO  Dir:   software_management_end_to_end/
12:06:57 INFO  Title: Install package to directory specified in tedge config set tmp.path
12:06:57 INFO  ==============================================================
12:06:57 INFO  Using sw id database: {'asciijump': '5475369', 'robotfindskitten': '5474869', 'squirrel3': '5475279', 'rolldice': '5152439', 'moon-buggy': '5439204', 'apple': '5495053', 'banana': '5494888', 'cherry': '5495382', 'watermelon': '5494510', 'registry': '8018911', 'hello-world': '8021526', 'docker/getting-started': '8021973', 'alpine': '7991792'}
12:06:57 INFO  EnvironmentC8y Setup
12:06:58 INFO  Executed systemctl&lt;serv_mapper1&gt;, exit status 3
12:07:12 INFO  Executed sudo&lt;tedge_connect_c8y&gt;, exit status 0, duration 14 secs
12:07:14 INFO  Executed sudo&lt;tedge_connect_c8y_test&gt;, exit status 0
12:07:15 INFO  Executed systemctl&lt;serv_mosq2&gt;, exit status 0
12:07:16 INFO  Executed systemctl&lt;serv_mapper3&gt;, exit status 0
12:07:18 ERROR No operations found, assuming it passed
12:07:18 INFO  Assert that (False == value) with value=False ... passed
12:07:19 INFO  Executed sudo, exit status 0
12:07:19 INFO  Executed sudo, exit status 0
12:07:20 INFO  Executed sudo, exit status 0
12:07:24 INFO  Executed sudo&lt;tedge_disconnect_c8y&gt;, exit status 0
12:07:24 INFO  Restarting mosquitto too frequently in the last 10 seconds. It was only up for 3 seconds
12:07:24 INFO  Delaying execution by 8 seconds
12:07:46 INFO  Executed sudo&lt;tedge_connect_c8y&gt;, exit status 0, duration 14 secs
12:07:46 INFO  Response status: 201
12:07:46 INFO  Response to action: {
    "creationTime": "2022-05-11T12:07:46.866Z",
    "deviceName": "mythicd",
    "deviceId": "18813522",
    "self": "https://t493319102.eu-latest.cumulocity.com/devicecontrol/operations/18840393",
    "id": "18840393",
    "status": "PENDING",
    "description": "Apply software changes, triggered from PySys: [{'name': 'rolldice', 'id': '5152439', 'version': '::apt', 'url': 'https://thin-edge-io.eu-latest.cumulocity.com/inventory/binaries/12435463', 'action': 'install'}]",
    "c8y_SoftwareUpdate": [
        {
            "name": "rolldice",
            "action": "install",
            "id": "5152439",
            "version": "::apt",
            "url": "https://thin-edge-io.eu-latest.cumulocity.com/inventory/binaries/12435463"
        }
    ]
}
12:07:46 INFO  Started operation: {'creationTime': '2022-05-11T12:07:46.866Z', 'deviceName': 'mythicd', 'deviceId': '18813522', 'self': 'https://t493319102.eu-latest.cumulocity.com/devicecontrol/operations/18840393', 'id': '18840393', 'status': 'PENDING', 'description': "Apply software changes, triggered from PySys: [{'name': 'rolldice', 'id': '5152439', 'version': '::apt', 'url': 'https://thin-edge-io.eu-latest.cumulocity.com/inventory/binaries/12435463', 'action': 'install'}]", 'c8y_SoftwareUpdate': [{'name': 'rolldice', 'action': 'install', 'id': '5152439', 'version': '::apt', 'url': 'https://thin-edge-io.eu-latest.cumulocity.com/inventory/binaries/12435463'}]}
12:07:46 WARN  , retrying in 0.5 seconds...
12:07:47 WARN  , retrying in 0.5 seconds...
12:07:47 WARN  , retrying in 0.5 seconds...
12:07:48 WARN  , retrying in 0.5 seconds...
12:07:48 WARN  , retrying in 0.5 seconds...
12:07:49 WARN  , retrying in 0.5 seconds...
12:07:49 WARN  , retrying in 0.5 seconds...
12:07:50 WARN  , retrying in 0.5 seconds...
12:07:50 WARN  , retrying in 0.5 seconds...
12:07:51 WARN  AssertionError occurred while running test - 
Traceback (most recent call last):
  File "/home/pi/env-pysys/lib/python3.7/site-packages/pysys/baserunner.py", line 1294, in __call__
    self.testObj.execute()
  File "/home/pi/actions-runner/_work/thin-edge.io/thin-edge.io/tests/PySys/software_management_end_to_end/sm_apt_install_download_path/run.py", line 83, in execute
    assert_install_in_download_path(install_directory=self.DOWNLOAD_DIR)
  File "/home/pi/env-pysys/lib/python3.7/site-packages/decorator.py", line 232, in fun
    return caller(func, *(extras + args), **kw)
  File "/home/pi/env-pysys/lib/python3.7/site-packages/retry/api.py", line 74, in retry_decorator
    logger)
  File "/home/pi/env-pysys/lib/python3.7/site-packages/retry/api.py", line 33, in __retry_internal
    return f()
  File "/home/pi/actions-runner/_work/thin-edge.io/thin-edge.io/tests/PySys/software_management_end_to_end/sm_apt_install_download_path/run.py", line 28, in assert_install_in_download_path
    assert "rolldice" in os.listdir(f"{install_directory}")
AssertionError
12:07:52 WARN  AssertionError: ... blocked 
12:07:52 INFO  
12:07:52 INFO  cleanup:
12:07:52 INFO  Executed sudo, exit status 0
12:07:53 INFO  Executed sudo, exit status 0
12:07:57 INFO  Executed sudo&lt;tedge_disconnect_c8y&gt;, exit status 0
12:07:57 INFO  Restarting mosquitto too frequently in the last 10 seconds. It was only up for 3 seconds
12:07:57 INFO  Delaying execution by 8 seconds
12:08:19 INFO  Executed sudo&lt;tedge_connect_c8y&gt;, exit status 0, duration 14 secs
12:08:24 INFO  Executed sudo&lt;tedge_disconnect_c8y&gt;, exit status 0
12:08:25 INFO  Executed systemctl&lt;serv_mapper5&gt;, exit status 3
12:08:25 INFO  
12:08:25 INFO  Test duration: 87.77 secs
12:08:25 INFO  Test final outcome:  BLOCKED
12:08:25 INFO  Test outcome reason: AssertionError:
12:08:25 INFO  
</system-out>
	</testcase>
<testcase classname="AptInstallWithDownloadPath" name="SoftwareManagement.sm_apt_install_download_path">
		<failure message="BLOCKED: AssertionError:" type="BLOCKED" />
		<system-out>12:33:59 INFO  ==============================================================
12:33:59 INFO  Id:    SoftwareManagement.sm_apt_install_download_path
12:33:59 INFO  Dir:   software_management_end_to_end/
12:33:59 INFO  Title: Install package to directory specified in tedge config set tmp.path
12:33:59 INFO  ==============================================================
12:34:00 INFO  Using sw id database: {'asciijump': '5475369', 'robotfindskitten': '5474869', 'squirrel3': '5475279', 'rolldice': '5152439', 'moon-buggy': '5439204', 'apple': '5495053', 'banana': '5494888', 'cherry': '5495382', 'watermelon': '5494510', 'registry': '8018911', 'hello-world': '8021526', 'docker/getting-started': '8021973', 'alpine': '7991792'}
12:34:00 INFO  EnvironmentC8y Setup
12:34:01 INFO  Executed systemctl&lt;serv_mapper1&gt;, exit status 3
12:34:16 INFO  Executed sudo&lt;tedge_connect_c8y&gt;, exit status 0, duration 14 secs
12:34:16 INFO  Executed sudo&lt;tedge_connect_c8y_test&gt;, exit status 0
12:34:17 INFO  Executed systemctl&lt;serv_mosq2&gt;, exit status 0
12:34:17 INFO  Executed systemctl&lt;serv_mapper3&gt;, exit status 0
12:34:19 INFO  State of current operation: SUCCESSFUL
12:34:20 INFO  Assert that (False == value) with value=False ... passed
12:34:20 INFO  Executed sudo, exit status 0
12:34:21 INFO  Executed sudo, exit status 0
12:34:21 INFO  Executed sudo, exit status 0
12:34:26 INFO  Executed sudo&lt;tedge_disconnect_c8y&gt;, exit status 0
12:34:26 INFO  Restarting mosquitto too frequently in the last 10 seconds. It was only up for 4 seconds
12:34:26 INFO  Delaying execution by 7 seconds
12:34:47 INFO  Executed sudo&lt;tedge_connect_c8y&gt;, exit status 0, duration 14 secs
12:34:47 INFO  Response status: 201
12:34:47 INFO  Response to action: {
    "creationTime": "2022-05-11T12:34:47.635Z",
    "deviceName": "mythicd",
    "deviceId": "18813522",
    "self": "https://t493319102.eu-latest.cumulocity.com/devicecontrol/operations/18840852",
    "id": "18840852",
    "status": "PENDING",
    "description": "Apply software changes, triggered from PySys: [{'name': 'rolldice', 'id': '5152439', 'version': '::apt', 'url': 'https://thin-edge-io.eu-latest.cumulocity.com/inventory/binaries/12435463', 'action': 'install'}]",
    "c8y_SoftwareUpdate": [
        {
            "name": "rolldice",
            "action": "install",
            "id": "5152439",
            "version": "::apt",
            "url": "https://thin-edge-io.eu-latest.cumulocity.com/inventory/binaries/12435463"
        }
    ]
}
12:34:47 INFO  Started operation: {'creationTime': '2022-05-11T12:34:47.635Z', 'deviceName': 'mythicd', 'deviceId': '18813522', 'self': 'https://t493319102.eu-latest.cumulocity.com/devicecontrol/operations/18840852', 'id': '18840852', 'status': 'PENDING', 'description': "Apply software changes, triggered from PySys: [{'name': 'rolldice', 'id': '5152439', 'version': '::apt', 'url': 'https://thin-edge-io.eu-latest.cumulocity.com/inventory/binaries/12435463', 'action': 'install'}]", 'c8y_SoftwareUpdate': [{'name': 'rolldice', 'action': 'install', 'id': '5152439', 'version': '::apt', 'url': 'https://thin-edge-io.eu-latest.cumulocity.com/inventory/binaries/12435463'}]}
12:34:47 WARN  , retrying in 0.5 seconds...
12:34:48 WARN  , retrying in 0.5 seconds...
12:34:48 WARN  , retrying in 0.5 seconds...
12:34:49 WARN  , retrying in 0.5 seconds...
12:34:49 WARN  , retrying in 0.5 seconds...
12:34:50 WARN  , retrying in 0.5 seconds...
12:34:50 WARN  , retrying in 0.5 seconds...
12:34:51 WARN  , retrying in 0.5 seconds...
12:34:51 WARN  , retrying in 0.5 seconds...
12:34:52 WARN  AssertionError occurred while running test - 
Traceback (most recent call last):
  File "/home/pi/env-pysys/lib/python3.7/site-packages/pysys/baserunner.py", line 1294, in __call__
    self.testObj.execute()
  File "/home/pi/actions-runner/_work/thin-edge.io/thin-edge.io/tests/PySys/software_management_end_to_end/sm_apt_install_download_path/run.py", line 83, in execute
    assert_install_in_download_path(install_directory=self.DOWNLOAD_DIR)
  File "/home/pi/env-pysys/lib/python3.7/site-packages/decorator.py", line 232, in fun
    return caller(func, *(extras + args), **kw)
  File "/home/pi/env-pysys/lib/python3.7/site-packages/retry/api.py", line 74, in retry_decorator
    logger)
  File "/home/pi/env-pysys/lib/python3.7/site-packages/retry/api.py", line 33, in __retry_internal
    return f()
  File "/home/pi/actions-runner/_work/thin-edge.io/thin-edge.io/tests/PySys/software_management_end_to_end/sm_apt_install_download_path/run.py", line 28, in assert_install_in_download_path
    assert "rolldice" in os.listdir(f"{install_directory}")
AssertionError
12:34:52 WARN  AssertionError: ... blocked 
12:34:52 INFO  
12:34:52 INFO  cleanup:
12:34:53 INFO  Executed sudo, exit status 0
12:34:54 INFO  Executed sudo, exit status 0
12:34:58 INFO  Executed sudo&lt;tedge_disconnect_c8y&gt;, exit status 0
12:34:58 INFO  Restarting mosquitto too frequently in the last 10 seconds. It was only up for 3 seconds
12:34:58 INFO  Delaying execution by 8 seconds
12:35:21 INFO  Executed sudo&lt;tedge_connect_c8y&gt;, exit status 0, duration 14 secs
12:35:25 INFO  Executed sudo&lt;tedge_disconnect_c8y&gt;, exit status 0
12:35:26 INFO  Executed systemctl&lt;serv_mapper5&gt;, exit status 3
12:35:26 INFO  
12:35:26 INFO  Test duration: 86.76 secs
12:35:26 INFO  Test final outcome:  BLOCKED
12:35:26 INFO  Test outcome reason: AssertionError:
12:35:26 INFO  
</system-out>
	</testcase>
</testsuite><testsuite name="SoftwareManagement.sm_apt_install_fail" tests="3" errors="0" failures="0" skipped="1" time="0"><testcase classname="PySysTest" name="SoftwareManagement.sm_apt_install_fail">
		<skipped message="SKIPPED: Testing the apt plugin is not supported on this platform.Use parameter -XmyPlatform='container' to enable it" />
		<system-out>11:42:25 INFO  ==============================================================
11:42:25 INFO  Id:    SoftwareManagement.sm_apt_install_fail
11:42:25 INFO  Dir:   software_management_end_to_end/
11:42:25 INFO  Title: Validate end to end behaviour for a failing installation
11:42:25 INFO  ==============================================================
11:42:25 INFO  Testing the apt plugin is not supported on this platform.Use parameter -XmyPlatform='container' to enable it ... skipped
11:42:25 WARN  Aborted test due to SKIPPED outcome
11:42:25 INFO  
11:42:25 INFO  Test duration: 0.02 secs
11:42:25 INFO  Test final outcome:  SKIPPED
11:42:25 INFO  Test outcome reason: Testing the apt plugin is not supported on this platform.Use parameter -XmyPlatform='container' to enable it
11:42:25 INFO  
</system-out>
	</testcase>
<testcase classname="PySysTest" name="SoftwareManagement.sm_apt_install_fail" />
<testcase classname="PySysTest" name="SoftwareManagement.sm_apt_install_fail" />
</testsuite><testsuite name="SoftwareManagement.sm_apt_install_remove" tests="3" errors="0" failures="0" skipped="1" time="0"><testcase classname="PySysTest" name="SoftwareManagement.sm_apt_install_remove">
		<skipped message="SKIPPED: Testing the apt plugin is not supported on this platform.Use parameter -XmyPlatform='container' to enable it" />
		<system-out>11:42:25 INFO  ==============================================================
11:42:25 INFO  Id:    SoftwareManagement.sm_apt_install_remove
11:42:25 INFO  Dir:   software_management_end_to_end/
11:42:25 INFO  Title: Validate end to end behaviour for the apt plugin for installation and removal of packages
11:42:25 INFO  ==============================================================
11:42:25 INFO  Testing the apt plugin is not supported on this platform.Use parameter -XmyPlatform='container' to enable it ... skipped
11:42:25 WARN  Aborted test due to SKIPPED outcome
11:42:25 INFO  
11:42:25 INFO  Test duration: 0.02 secs
11:42:25 INFO  Test final outcome:  SKIPPED
11:42:25 INFO  Test outcome reason: Testing the apt plugin is not supported on this platform.Use parameter -XmyPlatform='container' to enable it
11:42:25 INFO  
</system-out>
	</testcase>
<testcase classname="PySysTest" name="SoftwareManagement.sm_apt_install_remove" />
<testcase classname="PySysTest" name="SoftwareManagement.sm_apt_install_remove" />
</testsuite><testsuite name="SoftwareManagement.sm_apt_install_remove_default" tests="3" errors="0" failures="0" skipped="1" time="0"><testcase classname="PySysTest" name="SoftwareManagement.sm_apt_install_remove_default">
		<skipped message="SKIPPED: Testing the apt plugin is not supported on this platform.Use parameter -XmyPlatform='container' to enable it" />
		<system-out>11:42:25 INFO  ==============================================================
11:42:25 INFO  Id:    SoftwareManagement.sm_apt_install_remove_default
11:42:25 INFO  Dir:   software_management_end_to_end/
11:42:25 INFO  Title: Validate end to end behaviour for the default plugin for installation and removal of packages
11:42:25 INFO  ==============================================================
11:42:25 INFO  Testing the apt plugin is not supported on this platform.Use parameter -XmyPlatform='container' to enable it ... skipped
11:42:25 WARN  Aborted test due to SKIPPED outcome
11:42:25 INFO  
11:42:25 INFO  Test duration: 0.02 secs
11:42:25 INFO  Test final outcome:  SKIPPED
11:42:25 INFO  Test outcome reason: Testing the apt plugin is not supported on this platform.Use parameter -XmyPlatform='container' to enable it
11:42:25 INFO  
</system-out>
	</testcase>
<testcase classname="PySysTest" name="SoftwareManagement.sm_apt_install_remove_default" />
<testcase classname="PySysTest" name="SoftwareManagement.sm_apt_install_remove_default" />
</testsuite><testsuite name="SoftwareManagement.sm_apt_install_remove_multiple" tests="3" errors="0" failures="2" skipped="1" time="0"><testcase classname="PySysTest" name="SoftwareManagement.sm_apt_install_remove_multiple">
		<skipped message="SKIPPED: Testing the apt plugin is not supported on this platform.Use parameter -XmyPlatform='container' to enable it" />
		<system-out>11:42:25 INFO  ==============================================================
11:42:25 INFO  Id:    SoftwareManagement.sm_apt_install_remove_multiple
11:42:25 INFO  Dir:   software_management_end_to_end/
11:42:25 INFO  Title: Validate end to end behaviour for the apt plugin for multiple packages
11:42:25 INFO  ==============================================================
11:42:25 INFO  Testing the apt plugin is not supported on this platform.Use parameter -XmyPlatform='container' to enable it ... skipped
11:42:25 WARN  Aborted test due to SKIPPED outcome
11:42:25 INFO  
11:42:25 INFO  Test duration: 0.02 secs
11:42:25 INFO  Test final outcome:  SKIPPED
11:42:25 INFO  Test outcome reason: Testing the apt plugin is not supported on this platform.Use parameter -XmyPlatform='container' to enable it
11:42:25 INFO  
</system-out>
	</testcase>
<testcase classname="PySysTest" name="SoftwareManagement.sm_apt_install_remove_multiple">
		<failure message="FAILED: Assert that (False == value) with value=True" type="FAILED" />
		<system-out>12:15:20 INFO  ==============================================================
12:15:20 INFO  Id:    SoftwareManagement.sm_apt_install_remove_multiple
12:15:20 INFO  Dir:   software_management_end_to_end/
12:15:20 INFO  Title: Validate end to end behaviour for the apt plugin for multiple packages
12:15:20 INFO  ==============================================================
12:15:20 INFO  Using sw id database: {'asciijump': '5475369', 'robotfindskitten': '5474869', 'squirrel3': '5475279', 'rolldice': '5152439', 'moon-buggy': '5439204', 'apple': '5495053', 'banana': '5494888', 'cherry': '5495382', 'watermelon': '5494510', 'registry': '8018911', 'hello-world': '8021526', 'docker/getting-started': '8021973', 'alpine': '7991792'}
12:15:20 INFO  EnvironmentC8y Setup
12:15:20 INFO  Executed systemctl&lt;serv_mapper1&gt;, exit status 3
12:15:20 INFO  Restarting mosquitto too frequently in the last 10 seconds. It was only up for 5 seconds
12:15:20 INFO  Delaying execution by 6 seconds
12:15:41 INFO  Executed sudo&lt;tedge_connect_c8y&gt;, exit status 0, duration 14 secs
12:15:41 INFO  Executed sudo&lt;tedge_connect_c8y_test&gt;, exit status 0
12:15:42 INFO  Executed systemctl&lt;serv_mosq2&gt;, exit status 0
12:15:42 INFO  Executed systemctl&lt;serv_mapper3&gt;, exit status 0
12:15:44 INFO  State of current operation: SUCCESSFUL
12:15:45 INFO  Assert that (False == value) with value=False ... passed
12:15:45 INFO  Assert that (False == value) with value=False ... passed
12:15:45 INFO  Assert that (False == value) with value=False ... passed
12:15:45 INFO  Package robotfindskitten is installed
12:15:45 WARN  Assert that (False == value) with value=True ... failed 
12:15:45 INFO  Response status: 201
12:15:45 INFO  Response to action: {
    "delivery": {
        "time": "2022-05-11T12:15:45.902Z",
        "log": [],
        "status": "PENDING"
    },
    "creationTime": "2022-05-11T12:15:45.889Z",
    "deviceName": "mythicd",
    "deviceId": "18813522",
    "self": "https://t493319102.eu-latest.cumulocity.com/devicecontrol/operations/18840500",
    "id": "18840500",
    "status": "PENDING",
    "description": "Apply software changes, triggered from PySys: [{'action': 'install', 'id': '5475369', 'name': 'asciijump', 'url': ' ', 'version': '::apt'}, {'action': 'install', 'id': '5474869', 'name': 'robotfindskitten', 'url': ' ', 'version': '::apt'}, {'action': 'install', 'id': '5475279', 'name': 'squirrel3', 'url': ' ', 'version': '::apt'}]",
    "c8y_SoftwareUpdate": [
        {
            "name": "asciijump",
            "action": "install",
            "id": "5475369",
            "version": "::apt",
            "url": " "
        },
        {
            "name": "robotfindskitten",
            "action": "install",
            "id": "5474869",
            "version": "::apt",
            "url": " "
        },
        {
            "name": "squirrel3",
            "action": "install",
            "id": "5475279",
            "version": "::apt",
            "url": " "
        }
    ]
}
12:15:45 INFO  Started operation: {'delivery': {'time': '2022-05-11T12:15:45.902Z', 'log': [], 'status': 'PENDING'}, 'creationTime': '2022-05-11T12:15:45.889Z', 'deviceName': 'mythicd', 'deviceId': '18813522', 'self': 'https://t493319102.eu-latest.cumulocity.com/devicecontrol/operations/18840500', 'id': '18840500', 'status': 'PENDING', 'description': "Apply software changes, triggered from PySys: [{'action': 'install', 'id': '5475369', 'name': 'asciijump', 'url': ' ', 'version': '::apt'}, {'action': 'install', 'id': '5474869', 'name': 'robotfindskitten', 'url': ' ', 'version': '::apt'}, {'action': 'install', 'id': '5475279', 'name': 'squirrel3', 'url': ' ', 'version': '::apt'}]", 'c8y_SoftwareUpdate': [{'name': 'asciijump', 'action': 'install', 'id': '5475369', 'version': '::apt', 'url': ' '}, {'name': 'robotfindskitten', 'action': 'install', 'id': '5474869', 'version': '::apt', 'url': ' '}, {'name': 'squirrel3', 'action': 'install', 'id': '5475279', 'version': '::apt', 'url': ' '}]}
12:15:48 INFO  State of operation 18840500 : PENDING
12:15:50 INFO  State of operation 18840500 : EXECUTING
12:15:52 INFO  State of operation 18840500 : EXECUTING
12:15:54 INFO  State of operation 18840500 : EXECUTING
12:15:57 INFO  State of operation 18840500 : EXECUTING
12:15:59 INFO  State of operation 18840500 : EXECUTING
12:16:02 INFO  State of operation 18840500 : EXECUTING
12:16:04 INFO  State of operation 18840500 : EXECUTING
12:16:07 INFO  State of operation 18840500 : EXECUTING
12:16:09 INFO  State of operation 18840500 : EXECUTING
12:16:12 INFO  State of operation 18840500 : EXECUTING
12:16:14 INFO  State of operation 18840500 : EXECUTING
12:16:16 INFO  State of operation 18840500 : EXECUTING
12:16:18 INFO  State of operation 18840500 : EXECUTING
12:16:21 INFO  State of operation 18840500 : EXECUTING
12:16:23 INFO  State of operation 18840500 : EXECUTING
12:16:25 INFO  State of operation 18840500 : EXECUTING
12:16:28 INFO  State of operation 18840500 : EXECUTING
12:16:30 INFO  State of operation 18840500 : EXECUTING
12:16:33 INFO  State of operation 18840500 : EXECUTING
12:16:35 INFO  State of operation 18840500 : EXECUTING
12:16:37 INFO  State of operation 18840500 : EXECUTING
12:16:40 INFO  State of operation 18840500 : EXECUTING
12:16:42 INFO  State of operation 18840500 : EXECUTING
12:16:44 INFO  State of operation 18840500 : EXECUTING
12:16:47 INFO  State of operation 18840500 : EXECUTING
12:16:50 INFO  State of operation 18840500 : EXECUTING
12:16:52 INFO  State of operation 18840500 : EXECUTING
12:16:55 INFO  State of operation 18840500 : EXECUTING
12:16:57 INFO  State of operation 18840500 : EXECUTING
12:16:59 INFO  State of operation 18840500 : EXECUTING
12:17:01 INFO  State of operation 18840500 : EXECUTING
12:17:04 INFO  State of operation 18840500 : EXECUTING
12:17:06 INFO  State of operation 18840500 : EXECUTING
12:17:08 INFO  State of operation 18840500 : SUCCESSFUL
12:17:08 INFO  Assert that (False == value) with value=False ... passed
12:17:09 INFO  Package asciijump is installed
12:17:09 INFO  Assert that (True == value) with value=True ... passed
12:17:09 INFO  Package squirrel3 is installed
12:17:09 INFO  Assert that (True == value) with value=True ... passed
12:17:09 INFO  Package robotfindskitten is installed
12:17:09 INFO  Assert that (True == value) with value=True ... passed
12:17:09 INFO  Response status: 201
12:17:09 INFO  Response to action: {
    "delivery": {
        "time": "2022-05-11T12:17:09.649Z",
        "log": [],
        "status": "PENDING"
    },
    "creationTime": "2022-05-11T12:17:09.636Z",
    "deviceName": "mythicd",
    "deviceId": "18813522",
    "self": "https://t493319102.eu-latest.cumulocity.com/devicecontrol/operations/18840529",
    "id": "18840529",
    "status": "PENDING",
    "description": "Apply software changes, triggered from PySys: [{'action': 'delete', 'id': '5475369', 'name': 'asciijump', 'url': ' ', 'version': '::apt'}, {'action': 'delete', 'id': '5474869', 'name': 'robotfindskitten', 'url': ' ', 'version': '::apt'}, {'action': 'delete', 'id': '5475279', 'name': 'squirrel3', 'url': ' ', 'version': '::apt'}]",
    "c8y_SoftwareUpdate": [
        {
            "name": "asciijump",
            "action": "delete",
            "id": "5475369",
            "version": "::apt",
            "url": " "
        },
        {
            "name": "robotfindskitten",
            "action": "delete",
            "id": "5474869",
            "version": "::apt",
            "url": " "
        },
        {
            "name": "squirrel3",
            "action": "delete",
            "id": "5475279",
            "version": "::apt",
            "url": " "
        }
    ]
}
12:17:09 INFO  Started operation: {'delivery': {'time': '2022-05-11T12:17:09.649Z', 'log': [], 'status': 'PENDING'}, 'creationTime': '2022-05-11T12:17:09.636Z', 'deviceName': 'mythicd', 'deviceId': '18813522', 'self': 'https://t493319102.eu-latest.cumulocity.com/devicecontrol/operations/18840529', 'id': '18840529', 'status': 'PENDING', 'description': "Apply software changes, triggered from PySys: [{'action': 'delete', 'id': '5475369', 'name': 'asciijump', 'url': ' ', 'version': '::apt'}, {'action': 'delete', 'id': '5474869', 'name': 'robotfindskitten', 'url': ' ', 'version': '::apt'}, {'action': 'delete', 'id': '5475279', 'name': 'squirrel3', 'url': ' ', 'version': '::apt'}]", 'c8y_SoftwareUpdate': [{'name': 'asciijump', 'action': 'delete', 'id': '5475369', 'version': '::apt', 'url': ' '}, {'name': 'robotfindskitten', 'action': 'delete', 'id': '5474869', 'version': '::apt', 'url': ' '}, {'name': 'squirrel3', 'action': 'delete', 'id': '5475279', 'version': '::apt', 'url': ' '}]}
12:17:11 INFO  State of operation 18840529 : PENDING
12:17:14 INFO  State of operation 18840529 : EXECUTING
12:17:16 INFO  State of operation 18840529 : EXECUTING
12:17:18 INFO  State of operation 18840529 : EXECUTING
12:17:20 INFO  State of operation 18840529 : EXECUTING
12:17:23 INFO  State of operation 18840529 : EXECUTING
12:17:26 INFO  State of operation 18840529 : EXECUTING
12:17:29 INFO  State of operation 18840529 : EXECUTING
12:17:31 INFO  State of operation 18840529 : EXECUTING
12:17:34 INFO  State of operation 18840529 : EXECUTING
12:17:36 INFO  State of operation 18840529 : EXECUTING
12:17:38 INFO  State of operation 18840529 : EXECUTING
12:17:40 INFO  State of operation 18840529 : EXECUTING
12:17:43 INFO  State of operation 18840529 : EXECUTING
12:17:45 INFO  State of operation 18840529 : EXECUTING
12:17:47 INFO  State of operation 18840529 : EXECUTING
12:17:50 INFO  State of operation 18840529 : EXECUTING
12:17:52 INFO  State of operation 18840529 : EXECUTING
12:17:55 INFO  State of operation 18840529 : EXECUTING
12:17:57 INFO  State of operation 18840529 : EXECUTING
12:17:59 INFO  State of operation 18840529 : EXECUTING
12:18:01 INFO  State of operation 18840529 : EXECUTING
12:18:04 INFO  State of operation 18840529 : EXECUTING
12:18:06 INFO  State of operation 18840529 : EXECUTING
12:18:09 INFO  State of operation 18840529 : EXECUTING
12:18:11 INFO  State of operation 18840529 : EXECUTING
12:18:14 INFO  State of operation 18840529 : EXECUTING
12:18:16 INFO  State of operation 18840529 : EXECUTING
12:18:18 INFO  State of operation 18840529 : SUCCESSFUL
12:18:18 INFO  Assert that (False == value) with value=False ... passed
12:18:18 INFO  Assert that (False == value) with value=False ... passed
12:18:19 INFO  Assert that (False == value) with value=False ... passed
12:18:19 INFO  Assert that (False == value) with value=False ... passed
12:18:19 INFO  
12:18:19 INFO  cleanup:
12:18:23 INFO  Executed sudo&lt;tedge_disconnect_c8y&gt;, exit status 0
12:18:24 INFO  Executed systemctl&lt;serv_mapper5&gt;, exit status 3
12:18:24 INFO  
12:18:24 INFO  Test duration: 184.13 secs
12:18:24 INFO  Test final outcome:  FAILED
12:18:24 INFO  Test outcome reason: Assert that (False == value) with value=True
12:18:24 INFO  
</system-out>
	</testcase>
<testcase classname="PySysTest" name="SoftwareManagement.sm_apt_install_remove_multiple">
		<failure message="FAILED: Assert that (False == value) with value=True (+2 other failures)" type="FAILED" />
		<system-out>12:42:12 INFO  ==============================================================
12:42:12 INFO  Id:    SoftwareManagement.sm_apt_install_remove_multiple
12:42:12 INFO  Dir:   software_management_end_to_end/
12:42:12 INFO  Title: Validate end to end behaviour for the apt plugin for multiple packages
12:42:12 INFO  ==============================================================
12:42:13 INFO  Using sw id database: {'asciijump': '5475369', 'robotfindskitten': '5474869', 'squirrel3': '5475279', 'rolldice': '5152439', 'moon-buggy': '5439204', 'apple': '5495053', 'banana': '5494888', 'cherry': '5495382', 'watermelon': '5494510', 'registry': '8018911', 'hello-world': '8021526', 'docker/getting-started': '8021973', 'alpine': '7991792'}
12:42:13 INFO  EnvironmentC8y Setup
12:42:13 INFO  Executed systemctl&lt;serv_mapper1&gt;, exit status 3
12:42:13 INFO  Restarting mosquitto too frequently in the last 10 seconds. It was only up for 5 seconds
12:42:13 INFO  Delaying execution by 6 seconds
12:42:33 INFO  Executed sudo&lt;tedge_connect_c8y&gt;, exit status 0, duration 13 secs
12:42:34 INFO  Executed sudo&lt;tedge_connect_c8y_test&gt;, exit status 0
12:42:35 INFO  Executed systemctl&lt;serv_mosq2&gt;, exit status 0
12:42:35 INFO  Executed systemctl&lt;serv_mapper3&gt;, exit status 0
12:42:37 INFO  State of current operation: SUCCESSFUL
12:42:37 INFO  Assert that (False == value) with value=False ... passed
12:42:38 INFO  Package asciijump is installed
12:42:38 WARN  Assert that (False == value) with value=True ... failed 
12:42:38 INFO  Package squirrel3 is installed
12:42:38 WARN  Assert that (False == value) with value=True ... failed 
12:42:38 INFO  Package robotfindskitten is installed
12:42:38 WARN  Assert that (False == value) with value=True ... failed 
12:42:38 INFO  Response status: 201
12:42:38 INFO  Response to action: {
    "delivery": {
        "time": "2022-05-11T12:42:38.951Z",
        "log": [],
        "status": "PENDING"
    },
    "creationTime": "2022-05-11T12:42:38.940Z",
    "deviceName": "mythicd",
    "deviceId": "18813522",
    "self": "https://t493319102.eu-latest.cumulocity.com/devicecontrol/operations/18840991",
    "id": "18840991",
    "status": "PENDING",
    "description": "Apply software changes, triggered from PySys: [{'action': 'install', 'id': '5475369', 'name': 'asciijump', 'url': ' ', 'version': '::apt'}, {'action': 'install', 'id': '5474869', 'name': 'robotfindskitten', 'url': ' ', 'version': '::apt'}, {'action': 'install', 'id': '5475279', 'name': 'squirrel3', 'url': ' ', 'version': '::apt'}]",
    "c8y_SoftwareUpdate": [
        {
            "name": "asciijump",
            "action": "install",
            "id": "5475369",
            "version": "::apt",
            "url": " "
        },
        {
            "name": "robotfindskitten",
            "action": "install",
            "id": "5474869",
            "version": "::apt",
            "url": " "
        },
        {
            "name": "squirrel3",
            "action": "install",
            "id": "5475279",
            "version": "::apt",
            "url": " "
        }
    ]
}
12:42:38 INFO  Started operation: {'delivery': {'time': '2022-05-11T12:42:38.951Z', 'log': [], 'status': 'PENDING'}, 'creationTime': '2022-05-11T12:42:38.940Z', 'deviceName': 'mythicd', 'deviceId': '18813522', 'self': 'https://t493319102.eu-latest.cumulocity.com/devicecontrol/operations/18840991', 'id': '18840991', 'status': 'PENDING', 'description': "Apply software changes, triggered from PySys: [{'action': 'install', 'id': '5475369', 'name': 'asciijump', 'url': ' ', 'version': '::apt'}, {'action': 'install', 'id': '5474869', 'name': 'robotfindskitten', 'url': ' ', 'version': '::apt'}, {'action': 'install', 'id': '5475279', 'name': 'squirrel3', 'url': ' ', 'version': '::apt'}]", 'c8y_SoftwareUpdate': [{'name': 'asciijump', 'action': 'install', 'id': '5475369', 'version': '::apt', 'url': ' '}, {'name': 'robotfindskitten', 'action': 'install', 'id': '5474869', 'version': '::apt', 'url': ' '}, {'name': 'squirrel3', 'action': 'install', 'id': '5475279', 'version': '::apt', 'url': ' '}]}
12:42:41 INFO  State of operation 18840991 : PENDING
12:42:43 INFO  State of operation 18840991 : EXECUTING
12:42:45 INFO  State of operation 18840991 : EXECUTING
12:42:47 INFO  State of operation 18840991 : EXECUTING
12:42:50 INFO  State of operation 18840991 : EXECUTING
12:42:52 INFO  State of operation 18840991 : EXECUTING
12:42:54 INFO  State of operation 18840991 : EXECUTING
12:42:56 INFO  State of operation 18840991 : EXECUTING
12:42:59 INFO  State of operation 18840991 : EXECUTING
12:43:01 INFO  State of operation 18840991 : EXECUTING
12:43:04 INFO  State of operation 18840991 : EXECUTING
12:43:06 INFO  State of operation 18840991 : EXECUTING
12:43:08 INFO  State of operation 18840991 : EXECUTING
12:43:10 INFO  State of operation 18840991 : EXECUTING
12:43:13 INFO  State of operation 18840991 : EXECUTING
12:43:15 INFO  State of operation 18840991 : SUCCESSFUL
12:43:15 INFO  Assert that (False == value) with value=False ... passed
12:43:15 INFO  Package asciijump is installed
12:43:15 INFO  Assert that (True == value) with value=True ... passed
12:43:16 INFO  Package squirrel3 is installed
12:43:16 INFO  Assert that (True == value) with value=True ... passed
12:43:16 INFO  Package robotfindskitten is installed
12:43:16 INFO  Assert that (True == value) with value=True ... passed
12:43:16 INFO  Response status: 201
12:43:16 INFO  Response to action: {
    "delivery": {
        "time": "2022-05-11T12:43:16.472Z",
        "log": [],
        "status": "PENDING"
    },
    "creationTime": "2022-05-11T12:43:16.457Z",
    "deviceName": "mythicd",
    "deviceId": "18813522",
    "self": "https://t493319102.eu-latest.cumulocity.com/devicecontrol/operations/18841026",
    "id": "18841026",
    "status": "PENDING",
    "description": "Apply software changes, triggered from PySys: [{'action': 'delete', 'id': '5475369', 'name': 'asciijump', 'url': ' ', 'version': '::apt'}, {'action': 'delete', 'id': '5474869', 'name': 'robotfindskitten', 'url': ' ', 'version': '::apt'}, {'action': 'delete', 'id': '5475279', 'name': 'squirrel3', 'url': ' ', 'version': '::apt'}]",
    "c8y_SoftwareUpdate": [
        {
            "name": "asciijump",
            "action": "delete",
            "id": "5475369",
            "version": "::apt",
            "url": " "
        },
        {
            "name": "robotfindskitten",
            "action": "delete",
            "id": "5474869",
            "version": "::apt",
            "url": " "
        },
        {
            "name": "squirrel3",
            "action": "delete",
            "id": "5475279",
            "version": "::apt",
            "url": " "
        }
    ]
}
12:43:16 INFO  Started operation: {'delivery': {'time': '2022-05-11T12:43:16.472Z', 'log': [], 'status': 'PENDING'}, 'creationTime': '2022-05-11T12:43:16.457Z', 'deviceName': 'mythicd', 'deviceId': '18813522', 'self': 'https://t493319102.eu-latest.cumulocity.com/devicecontrol/operations/18841026', 'id': '18841026', 'status': 'PENDING', 'description': "Apply software changes, triggered from PySys: [{'action': 'delete', 'id': '5475369', 'name': 'asciijump', 'url': ' ', 'version': '::apt'}, {'action': 'delete', 'id': '5474869', 'name': 'robotfindskitten', 'url': ' ', 'version': '::apt'}, {'action': 'delete', 'id': '5475279', 'name': 'squirrel3', 'url': ' ', 'version': '::apt'}]", 'c8y_SoftwareUpdate': [{'name': 'asciijump', 'action': 'delete', 'id': '5475369', 'version': '::apt', 'url': ' '}, {'name': 'robotfindskitten', 'action': 'delete', 'id': '5474869', 'version': '::apt', 'url': ' '}, {'name': 'squirrel3', 'action': 'delete', 'id': '5475279', 'version': '::apt', 'url': ' '}]}
12:43:18 INFO  State of operation 18841026 : PENDING
12:43:20 INFO  State of operation 18841026 : EXECUTING
12:43:23 INFO  State of operation 18841026 : EXECUTING
12:43:25 INFO  State of operation 18841026 : EXECUTING
12:43:27 INFO  State of operation 18841026 : EXECUTING
12:43:29 INFO  State of operation 18841026 : EXECUTING
12:43:32 INFO  State of operation 18841026 : EXECUTING
12:43:35 INFO  State of operation 18841026 : EXECUTING
12:43:38 INFO  State of operation 18841026 : EXECUTING
12:43:40 INFO  State of operation 18841026 : EXECUTING
12:43:42 INFO  State of operation 18841026 : EXECUTING
12:43:45 INFO  State of operation 18841026 : EXECUTING
12:43:47 INFO  State of operation 18841026 : EXECUTING
12:43:49 INFO  State of operation 18841026 : EXECUTING
12:43:51 INFO  State of operation 18841026 : EXECUTING
12:43:54 INFO  State of operation 18841026 : EXECUTING
12:43:56 INFO  State of operation 18841026 : EXECUTING
12:43:58 INFO  State of operation 18841026 : EXECUTING
12:44:01 INFO  State of operation 18841026 : EXECUTING
12:44:04 INFO  State of operation 18841026 : EXECUTING
12:44:06 INFO  State of operation 18841026 : EXECUTING
12:44:08 INFO  State of operation 18841026 : EXECUTING
12:44:10 INFO  State of operation 18841026 : EXECUTING
12:44:13 INFO  State of operation 18841026 : EXECUTING
12:44:15 INFO  State of operation 18841026 : EXECUTING
12:44:18 INFO  State of operation 18841026 : EXECUTING
12:44:20 INFO  State of operation 18841026 : EXECUTING
12:44:22 INFO  State of operation 18841026 : EXECUTING
12:44:25 INFO  State of operation 18841026 : EXECUTING
12:44:27 INFO  State of operation 18841026 : SUCCESSFUL
12:44:27 INFO  Assert that (False == value) with value=False ... passed
12:44:27 INFO  Assert that (False == value) with value=False ... passed
12:44:28 INFO  Assert that (False == value) with value=False ... passed
12:44:28 INFO  Assert that (False == value) with value=False ... passed
12:44:28 INFO  
12:44:28 INFO  cleanup:
12:44:33 INFO  Executed sudo&lt;tedge_disconnect_c8y&gt;, exit status 0
12:44:33 INFO  Executed systemctl&lt;serv_mapper5&gt;, exit status 3
12:44:33 INFO  
12:44:33 INFO  Test duration: 141.27 secs
12:44:33 INFO  Test final outcome:  FAILED
12:44:33 INFO  Test outcome reason: Assert that (False == value) with value=True (+2 other failures)
12:44:34 INFO  
</system-out>
	</testcase>
</testsuite><testsuite name="SoftwareManagement.sm_apt_install_remove_multiple_mixed" tests="3" errors="0" failures="2" skipped="1" time="0"><testcase classname="PySysTest" name="SoftwareManagement.sm_apt_install_remove_multiple_mixed">
		<skipped message="SKIPPED: Testing the apt plugin is not supported on this platform.Use parameter -XmyPlatform='container' to enable it" />
		<system-out>11:42:25 INFO  ==============================================================
11:42:25 INFO  Id:    SoftwareManagement.sm_apt_install_remove_multiple_mixed
11:42:25 INFO  Dir:   software_management_end_to_end/
11:42:25 INFO  Title: Validate end to end behaviour for the apt plugin for multiple packages with mixed versions
11:42:25 INFO  ==============================================================
11:42:25 INFO  Testing the apt plugin is not supported on this platform.Use parameter -XmyPlatform='container' to enable it ... skipped
11:42:25 WARN  Aborted test due to SKIPPED outcome
11:42:25 INFO  
11:42:25 INFO  Test duration: 0.02 secs
11:42:25 INFO  Test final outcome:  SKIPPED
11:42:25 INFO  Test outcome reason: Testing the apt plugin is not supported on this platform.Use parameter -XmyPlatform='container' to enable it
11:42:25 INFO  
</system-out>
	</testcase>
<testcase classname="PySysTest" name="SoftwareManagement.sm_apt_install_remove_multiple_mixed">
		<failure message="BLOCKED: SystemError: Timeout while waiting for status SUCCESSFUL or False" type="BLOCKED" />
		<system-out>12:18:24 INFO  ==============================================================
12:18:24 INFO  Id:    SoftwareManagement.sm_apt_install_remove_multiple_mixed
12:18:24 INFO  Dir:   software_management_end_to_end/
12:18:24 INFO  Title: Validate end to end behaviour for the apt plugin for multiple packages with mixed versions
12:18:24 INFO  ==============================================================
12:18:24 INFO  Using sw id database: {'asciijump': '5475369', 'robotfindskitten': '5474869', 'squirrel3': '5475279', 'rolldice': '5152439', 'moon-buggy': '5439204', 'apple': '5495053', 'banana': '5494888', 'cherry': '5495382', 'watermelon': '5494510', 'registry': '8018911', 'hello-world': '8021526', 'docker/getting-started': '8021973', 'alpine': '7991792'}
12:18:24 INFO  EnvironmentC8y Setup
12:18:25 INFO  Executed systemctl&lt;serv_mapper1&gt;, exit status 3
12:18:25 INFO  Restarting mosquitto too frequently in the last 10 seconds. It was only up for 5 seconds
12:18:25 INFO  Delaying execution by 6 seconds
12:18:45 INFO  Executed sudo&lt;tedge_connect_c8y&gt;, exit status 0, duration 13 secs
12:18:45 INFO  Executed sudo&lt;tedge_connect_c8y_test&gt;, exit status 0
12:18:46 INFO  Executed systemctl&lt;serv_mosq2&gt;, exit status 0
12:18:46 INFO  Executed systemctl&lt;serv_mapper3&gt;, exit status 0
12:18:49 INFO  State of current operation: SUCCESSFUL
12:18:49 INFO  Assert that (False == value) with value=False ... passed
12:18:49 INFO  Assert that (False == value) with value=False ... passed
12:18:49 INFO  Assert that (False == value) with value=False ... passed
12:18:49 INFO  Assert that (False == value) with value=False ... passed
12:18:50 INFO  Assert that (False == value) with value=False ... passed
12:18:51 INFO  Response status: 201
12:18:51 INFO  Response to action: {
    "creationTime": "2022-05-11T12:18:51.319Z",
    "deviceName": "mythicd",
    "deviceId": "18813522",
    "self": "https://t493319102.eu-latest.cumulocity.com/devicecontrol/operations/18840568",
    "id": "18840568",
    "status": "PENDING",
    "description": "Apply software changes, triggered from PySys: [{'action': 'install', 'id': '5475369', 'name': 'asciijump', 'url': ' ', 'version': '::apt'}, {'action': 'install', 'id': '5474869', 'name': 'robotfindskitten', 'url': ' ', 'version': ' '}, {'action': 'install', 'id': '5475279', 'name': 'squirrel3', 'url': ' ', 'version': '3.1-7::apt'}, {'action': 'install', 'id': '5152439', 'name': 'rolldice', 'url': ' ', 'version': '1.16-1+b1'}, {'action': 'install', 'id': '5439204', 'name': 'moon-buggy', 'url': ' ', 'version': '1:1.0.51-12'}, {'action': 'install', 'id': '5475369', 'name': 'asciijump', 'url': ' ', 'version': '::apt'}]",
    "c8y_SoftwareUpdate": [
        {
            "name": "asciijump",
            "action": "install",
            "id": "5475369",
            "version": "::apt",
            "url": " "
        },
        {
            "name": "robotfindskitten",
            "action": "install",
            "id": "5474869",
            "version": " ",
            "url": " "
        },
        {
            "name": "squirrel3",
            "action": "install",
            "id": "5475279",
            "version": "3.1-7::apt",
            "url": " "
        },
        {
            "name": "rolldice",
            "action": "install",
            "id": "5152439",
            "version": "1.16-1+b1",
            "url": " "
        },
        {
            "name": "moon-buggy",
            "action": "install",
            "id": "5439204",
            "version": "1:1.0.51-12",
            "url": " "
        },
        {
            "name": "asciijump",
            "action": "install",
            "id": "5475369",
            "version": "::apt",
            "url": " "
        }
    ]
}
12:18:51 INFO  Started operation: {'creationTime': '2022-05-11T12:18:51.319Z', 'deviceName': 'mythicd', 'deviceId': '18813522', 'self': 'https://t493319102.eu-latest.cumulocity.com/devicecontrol/operations/18840568', 'id': '18840568', 'status': 'PENDING', 'description': "Apply software changes, triggered from PySys: [{'action': 'install', 'id': '5475369', 'name': 'asciijump', 'url': ' ', 'version': '::apt'}, {'action': 'install', 'id': '5474869', 'name': 'robotfindskitten', 'url': ' ', 'version': ' '}, {'action': 'install', 'id': '5475279', 'name': 'squirrel3', 'url': ' ', 'version': '3.1-7::apt'}, {'action': 'install', 'id': '5152439', 'name': 'rolldice', 'url': ' ', 'version': '1.16-1+b1'}, {'action': 'install', 'id': '5439204', 'name': 'moon-buggy', 'url': ' ', 'version': '1:1.0.51-12'}, {'action': 'install', 'id': '5475369', 'name': 'asciijump', 'url': ' ', 'version': '::apt'}]", 'c8y_SoftwareUpdate': [{'name': 'asciijump', 'action': 'install', 'id': '5475369', 'version': '::apt', 'url': ' '}, {'name': 'robotfindskitten', 'action': 'install', 'id': '5474869', 'version': ' ', 'url': ' '}, {'name': 'squirrel3', 'action': 'install', 'id': '5475279', 'version': '3.1-7::apt', 'url': ' '}, {'name': 'rolldice', 'action': 'install', 'id': '5152439', 'version': '1.16-1+b1', 'url': ' '}, {'name': 'moon-buggy', 'action': 'install', 'id': '5439204', 'version': '1:1.0.51-12', 'url': ' '}, {'name': 'asciijump', 'action': 'install', 'id': '5475369', 'version': '::apt', 'url': ' '}]}
12:18:53 INFO  State of operation 18840568 : PENDING
12:18:55 INFO  State of operation 18840568 : EXECUTING
12:18:58 INFO  State of operation 18840568 : EXECUTING
12:19:00 INFO  State of operation 18840568 : EXECUTING
12:19:02 INFO  State of operation 18840568 : EXECUTING
12:19:04 INFO  State of operation 18840568 : EXECUTING
12:19:07 INFO  State of operation 18840568 : EXECUTING
12:19:10 INFO  State of operation 18840568 : EXECUTING
12:19:12 INFO  State of operation 18840568 : EXECUTING
12:19:15 INFO  State of operation 18840568 : EXECUTING
12:19:17 INFO  State of operation 18840568 : EXECUTING
12:19:19 INFO  State of operation 18840568 : EXECUTING
12:19:21 INFO  State of operation 18840568 : EXECUTING
12:19:24 INFO  State of operation 18840568 : EXECUTING
12:19:26 INFO  State of operation 18840568 : EXECUTING
12:19:28 INFO  State of operation 18840568 : EXECUTING
12:19:31 INFO  State of operation 18840568 : EXECUTING
12:19:33 INFO  State of operation 18840568 : EXECUTING
12:19:36 INFO  State of operation 18840568 : EXECUTING
12:19:38 INFO  State of operation 18840568 : EXECUTING
12:19:40 INFO  State of operation 18840568 : EXECUTING
12:19:42 INFO  State of operation 18840568 : EXECUTING
12:19:45 INFO  State of operation 18840568 : EXECUTING
12:19:47 INFO  State of operation 18840568 : EXECUTING
12:19:50 INFO  State of operation 18840568 : EXECUTING
12:19:52 INFO  State of operation 18840568 : EXECUTING
12:19:54 INFO  State of operation 18840568 : EXECUTING
12:19:56 INFO  State of operation 18840568 : EXECUTING
12:19:59 INFO  State of operation 18840568 : EXECUTING
12:20:01 INFO  State of operation 18840568 : EXECUTING
12:20:03 INFO  State of operation 18840568 : EXECUTING
12:20:05 INFO  State of operation 18840568 : EXECUTING
12:20:08 INFO  State of operation 18840568 : EXECUTING
12:20:10 INFO  State of operation 18840568 : EXECUTING
12:20:12 INFO  State of operation 18840568 : EXECUTING
12:20:14 INFO  State of operation 18840568 : EXECUTING
12:20:17 INFO  State of operation 18840568 : EXECUTING
12:20:19 INFO  State of operation 18840568 : EXECUTING
12:20:21 INFO  State of operation 18840568 : EXECUTING
12:20:24 INFO  State of operation 18840568 : EXECUTING
12:20:27 INFO  State of operation 18840568 : EXECUTING
12:20:29 INFO  State of operation 18840568 : EXECUTING
12:20:31 INFO  State of operation 18840568 : EXECUTING
12:20:34 INFO  State of operation 18840568 : EXECUTING
12:20:36 INFO  State of operation 18840568 : EXECUTING
12:20:38 INFO  State of operation 18840568 : EXECUTING
12:20:40 INFO  State of operation 18840568 : EXECUTING
12:20:43 INFO  State of operation 18840568 : EXECUTING
12:20:45 INFO  State of operation 18840568 : EXECUTING
12:20:47 INFO  State of operation 18840568 : EXECUTING
12:20:49 INFO  State of operation 18840568 : EXECUTING
12:20:52 INFO  State of operation 18840568 : EXECUTING
12:20:55 INFO  State of operation 18840568 : EXECUTING
12:20:57 INFO  State of operation 18840568 : EXECUTING
12:20:59 INFO  State of operation 18840568 : EXECUTING
12:21:01 INFO  State of operation 18840568 : EXECUTING
12:21:04 INFO  State of operation 18840568 : EXECUTING
12:21:06 INFO  State of operation 18840568 : EXECUTING
12:21:09 INFO  State of operation 18840568 : EXECUTING
12:21:11 INFO  State of operation 18840568 : EXECUTING
12:21:14 INFO  State of operation 18840568 : EXECUTING
12:21:16 WARN  SystemError occurred while running test - Timeout while waiting for status SUCCESSFUL or False
Traceback (most recent call last):
  File "/home/pi/env-pysys/lib/python3.7/site-packages/pysys/baserunner.py", line 1294, in __call__
    self.testObj.execute()
  File "/home/pi/actions-runner/_work/thin-edge.io/thin-edge.io/tests/PySys/software_management_end_to_end/sm_apt_install_remove_multiple_mixed/run.py", line 89, in execute
    self.wait_until_succcess()
  File "/home/pi/actions-runner/_work/thin-edge.io/thin-edge.io/tests/PySys/software_management_end_to_end/environment_sm_management.py", line 324, in wait_until_succcess
    self.wait_until_status("SUCCESSFUL")
  File "/home/pi/actions-runner/_work/thin-edge.io/thin-edge.io/tests/PySys/software_management_end_to_end/environment_sm_management.py", line 381, in wait_until_status
    "Timeout while waiting for status %s or %s" % (status, status2)
SystemError: Timeout while waiting for status SUCCESSFUL or False
12:21:16 WARN  SystemError: Timeout while waiting for status SUCCESSFUL or False ... blocked 
12:21:16 INFO  
12:21:16 INFO  cleanup:
12:21:21 INFO  Executed sudo&lt;tedge_disconnect_c8y&gt;, exit status 0
12:21:21 INFO  Executed systemctl&lt;serv_mapper5&gt;, exit status 3
12:21:21 INFO  
12:21:21 INFO  Test duration: 177.51 secs
12:21:21 INFO  Test final outcome:  BLOCKED
12:21:21 INFO  Test outcome reason: SystemError: Timeout while waiting for status SUCCESSFUL or False
12:21:21 INFO  
</system-out>
	</testcase>
<testcase classname="PySysTest" name="SoftwareManagement.sm_apt_install_remove_multiple_mixed">
		<failure message="BLOCKED: SystemError: Timeout while waiting for status SUCCESSFUL or False (+1 other failures)" type="BLOCKED" />
		<system-out>12:44:34 INFO  ==============================================================
12:44:34 INFO  Id:    SoftwareManagement.sm_apt_install_remove_multiple_mixed
12:44:34 INFO  Dir:   software_management_end_to_end/
12:44:34 INFO  Title: Validate end to end behaviour for the apt plugin for multiple packages with mixed versions
12:44:34 INFO  ==============================================================
12:44:34 INFO  Using sw id database: {'asciijump': '5475369', 'robotfindskitten': '5474869', 'squirrel3': '5475279', 'rolldice': '5152439', 'moon-buggy': '5439204', 'apple': '5495053', 'banana': '5494888', 'cherry': '5495382', 'watermelon': '5494510', 'registry': '8018911', 'hello-world': '8021526', 'docker/getting-started': '8021973', 'alpine': '7991792'}
12:44:34 INFO  EnvironmentC8y Setup
12:44:34 INFO  Executed systemctl&lt;serv_mapper1&gt;, exit status 3
12:44:35 INFO  Restarting mosquitto too frequently in the last 10 seconds. It was only up for 6 seconds
12:44:35 INFO  Delaying execution by 5 seconds
12:44:53 INFO  Executed sudo&lt;tedge_connect_c8y&gt;, exit status 0, duration 13 secs
12:44:54 INFO  Executed sudo&lt;tedge_connect_c8y_test&gt;, exit status 0
12:44:55 INFO  Executed systemctl&lt;serv_mosq2&gt;, exit status 0
12:44:55 INFO  Executed systemctl&lt;serv_mapper3&gt;, exit status 0
12:44:57 INFO  State of current operation: SUCCESSFUL
12:44:58 INFO  Assert that (False == value) with value=False ... passed
12:44:58 INFO  Assert that (False == value) with value=False ... passed
12:44:58 INFO  Assert that (False == value) with value=False ... passed
12:44:58 INFO  Assert that (False == value) with value=False ... passed
12:44:58 INFO  Package moon-buggy is installed
12:44:59 WARN  Assert that (False == value) with value=True ... failed 
12:45:00 INFO  Response status: 201
12:45:00 INFO  Response to action: {
    "creationTime": "2022-05-11T12:45:00.581Z",
    "deviceName": "mythicd",
    "deviceId": "18813522",
    "self": "https://t493319102.eu-latest.cumulocity.com/devicecontrol/operations/18841080",
    "id": "18841080",
    "status": "PENDING",
    "description": "Apply software changes, triggered from PySys: [{'action': 'install', 'id': '5475369', 'name': 'asciijump', 'url': ' ', 'version': '::apt'}, {'action': 'install', 'id': '5474869', 'name': 'robotfindskitten', 'url': ' ', 'version': ' '}, {'action': 'install', 'id': '5475279', 'name': 'squirrel3', 'url': ' ', 'version': '3.1-7::apt'}, {'action': 'install', 'id': '5152439', 'name': 'rolldice', 'url': ' ', 'version': '1.16-1+b1'}, {'action': 'install', 'id': '5439204', 'name': 'moon-buggy', 'url': ' ', 'version': '1:1.0.51-12'}, {'action': 'install', 'id': '5475369', 'name': 'asciijump', 'url': ' ', 'version': '::apt'}]",
    "c8y_SoftwareUpdate": [
        {
            "name": "asciijump",
            "action": "install",
            "id": "5475369",
            "version": "::apt",
            "url": " "
        },
        {
            "name": "robotfindskitten",
            "action": "install",
            "id": "5474869",
            "version": " ",
            "url": " "
        },
        {
            "name": "squirrel3",
            "action": "install",
            "id": "5475279",
            "version": "3.1-7::apt",
            "url": " "
        },
        {
            "name": "rolldice",
            "action": "install",
            "id": "5152439",
            "version": "1.16-1+b1",
            "url": " "
        },
        {
            "name": "moon-buggy",
            "action": "install",
            "id": "5439204",
            "version": "1:1.0.51-12",
            "url": " "
        },
        {
            "name": "asciijump",
            "action": "install",
            "id": "5475369",
            "version": "::apt",
            "url": " "
        }
    ]
}
12:45:00 INFO  Started operation: {'creationTime': '2022-05-11T12:45:00.581Z', 'deviceName': 'mythicd', 'deviceId': '18813522', 'self': 'https://t493319102.eu-latest.cumulocity.com/devicecontrol/operations/18841080', 'id': '18841080', 'status': 'PENDING', 'description': "Apply software changes, triggered from PySys: [{'action': 'install', 'id': '5475369', 'name': 'asciijump', 'url': ' ', 'version': '::apt'}, {'action': 'install', 'id': '5474869', 'name': 'robotfindskitten', 'url': ' ', 'version': ' '}, {'action': 'install', 'id': '5475279', 'name': 'squirrel3', 'url': ' ', 'version': '3.1-7::apt'}, {'action': 'install', 'id': '5152439', 'name': 'rolldice', 'url': ' ', 'version': '1.16-1+b1'}, {'action': 'install', 'id': '5439204', 'name': 'moon-buggy', 'url': ' ', 'version': '1:1.0.51-12'}, {'action': 'install', 'id': '5475369', 'name': 'asciijump', 'url': ' ', 'version': '::apt'}]", 'c8y_SoftwareUpdate': [{'name': 'asciijump', 'action': 'install', 'id': '5475369', 'version': '::apt', 'url': ' '}, {'name': 'robotfindskitten', 'action': 'install', 'id': '5474869', 'version': ' ', 'url': ' '}, {'name': 'squirrel3', 'action': 'install', 'id': '5475279', 'version': '3.1-7::apt', 'url': ' '}, {'name': 'rolldice', 'action': 'install', 'id': '5152439', 'version': '1.16-1+b1', 'url': ' '}, {'name': 'moon-buggy', 'action': 'install', 'id': '5439204', 'version': '1:1.0.51-12', 'url': ' '}, {'name': 'asciijump', 'action': 'install', 'id': '5475369', 'version': '::apt', 'url': ' '}]}
12:45:02 INFO  State of operation 18841080 : PENDING
12:45:05 INFO  State of operation 18841080 : EXECUTING
12:45:07 INFO  State of operation 18841080 : EXECUTING
12:45:09 INFO  State of operation 18841080 : EXECUTING
12:45:11 INFO  State of operation 18841080 : EXECUTING
12:45:13 INFO  State of operation 18841080 : EXECUTING
12:45:16 INFO  State of operation 18841080 : EXECUTING
12:45:19 INFO  State of operation 18841080 : EXECUTING
12:45:22 INFO  State of operation 18841080 : EXECUTING
12:45:24 INFO  State of operation 18841080 : EXECUTING
12:45:26 INFO  State of operation 18841080 : EXECUTING
12:45:29 INFO  State of operation 18841080 : EXECUTING
12:45:31 INFO  State of operation 18841080 : EXECUTING
12:45:33 INFO  State of operation 18841080 : EXECUTING
12:45:35 INFO  State of operation 18841080 : EXECUTING
12:45:38 INFO  State of operation 18841080 : EXECUTING
12:45:40 INFO  State of operation 18841080 : EXECUTING
12:45:42 INFO  State of operation 18841080 : EXECUTING
12:45:45 INFO  State of operation 18841080 : EXECUTING
12:45:47 INFO  State of operation 18841080 : EXECUTING
12:45:49 INFO  State of operation 18841080 : EXECUTING
12:45:52 INFO  State of operation 18841080 : EXECUTING
12:45:54 INFO  State of operation 18841080 : EXECUTING
12:45:56 INFO  State of operation 18841080 : EXECUTING
12:45:58 INFO  State of operation 18841080 : EXECUTING
12:46:01 INFO  State of operation 18841080 : EXECUTING
12:46:04 INFO  State of operation 18841080 : EXECUTING
12:46:07 INFO  State of operation 18841080 : EXECUTING
12:46:09 INFO  State of operation 18841080 : EXECUTING
12:46:11 INFO  State of operation 18841080 : EXECUTING
12:46:14 INFO  State of operation 18841080 : EXECUTING
12:46:16 INFO  State of operation 18841080 : EXECUTING
12:46:18 INFO  State of operation 18841080 : EXECUTING
12:46:20 INFO  State of operation 18841080 : EXECUTING
12:46:23 INFO  State of operation 18841080 : EXECUTING
12:46:25 INFO  State of operation 18841080 : EXECUTING
12:46:27 INFO  State of operation 18841080 : EXECUTING
12:46:29 INFO  State of operation 18841080 : EXECUTING
12:46:31 INFO  State of operation 18841080 : EXECUTING
12:46:34 INFO  State of operation 18841080 : EXECUTING
12:46:37 INFO  State of operation 18841080 : EXECUTING
12:46:39 INFO  State of operation 18841080 : EXECUTING
12:46:42 INFO  State of operation 18841080 : EXECUTING
12:46:44 INFO  State of operation 18841080 : EXECUTING
12:46:46 INFO  State of operation 18841080 : EXECUTING
12:46:48 INFO  State of operation 18841080 : EXECUTING
12:46:51 INFO  State of operation 18841080 : EXECUTING
12:46:53 INFO  State of operation 18841080 : EXECUTING
12:46:55 INFO  State of operation 18841080 : EXECUTING
12:46:58 INFO  State of operation 18841080 : EXECUTING
12:47:00 INFO  State of operation 18841080 : EXECUTING
12:47:03 INFO  State of operation 18841080 : EXECUTING
12:47:05 INFO  State of operation 18841080 : EXECUTING
12:47:07 INFO  State of operation 18841080 : EXECUTING
12:47:10 INFO  State of operation 18841080 : EXECUTING
12:47:12 INFO  State of operation 18841080 : EXECUTING
12:47:15 INFO  State of operation 18841080 : EXECUTING
12:47:17 INFO  State of operation 18841080 : EXECUTING
12:47:19 INFO  State of operation 18841080 : EXECUTING
12:47:22 INFO  State of operation 18841080 : EXECUTING
12:47:24 INFO  State of operation 18841080 : EXECUTING
12:47:26 WARN  SystemError occurred while running test - Timeout while waiting for status SUCCESSFUL or False
Traceback (most recent call last):
  File "/home/pi/env-pysys/lib/python3.7/site-packages/pysys/baserunner.py", line 1294, in __call__
    self.testObj.execute()
  File "/home/pi/actions-runner/_work/thin-edge.io/thin-edge.io/tests/PySys/software_management_end_to_end/sm_apt_install_remove_multiple_mixed/run.py", line 89, in execute
    self.wait_until_succcess()
  File "/home/pi/actions-runner/_work/thin-edge.io/thin-edge.io/tests/PySys/software_management_end_to_end/environment_sm_management.py", line 324, in wait_until_succcess
    self.wait_until_status("SUCCESSFUL")
  File "/home/pi/actions-runner/_work/thin-edge.io/thin-edge.io/tests/PySys/software_management_end_to_end/environment_sm_management.py", line 381, in wait_until_status
    "Timeout while waiting for status %s or %s" % (status, status2)
SystemError: Timeout while waiting for status SUCCESSFUL or False
12:47:26 WARN  SystemError: Timeout while waiting for status SUCCESSFUL or False ... blocked 
12:47:26 INFO  
12:47:26 INFO  cleanup:
12:47:30 INFO  Executed sudo&lt;tedge_disconnect_c8y&gt;, exit status 0
12:47:31 INFO  Executed systemctl&lt;serv_mapper5&gt;, exit status 3
12:47:31 INFO  
12:47:31 INFO  Test duration: 177.24 secs
12:47:31 INFO  Test final outcome:  BLOCKED
12:47:31 INFO  Test outcome reason: SystemError: Timeout while waiting for status SUCCESSFUL or False (+1 other failures)
12:47:31 INFO  
</system-out>
	</testcase>
</testsuite><testsuite name="SoftwareManagement.sm_apt_install_remove_with_version" tests="3" errors="0" failures="0" skipped="1" time="0"><testcase classname="PySysTest" name="SoftwareManagement.sm_apt_install_remove_with_version">
		<skipped message="SKIPPED: Testing the apt plugin is not supported on this platform.Use parameter -XmyPlatform='container' to enable it" />
		<system-out>11:42:26 INFO  ==============================================================
11:42:26 INFO  Id:    SoftwareManagement.sm_apt_install_remove_with_version
11:42:26 INFO  Dir:   software_management_end_to_end/
11:42:26 INFO  Title: Validate end to end behaviour for the apt plugin for packages with version
11:42:26 INFO  ==============================================================
11:42:26 INFO  Testing the apt plugin is not supported on this platform.Use parameter -XmyPlatform='container' to enable it ... skipped
11:42:26 WARN  Aborted test due to SKIPPED outcome
11:42:26 INFO  
11:42:26 INFO  Test duration: 0.02 secs
11:42:26 INFO  Test final outcome:  SKIPPED
11:42:26 INFO  Test outcome reason: Testing the apt plugin is not supported on this platform.Use parameter -XmyPlatform='container' to enable it
11:42:26 INFO  
</system-out>
	</testcase>
<testcase classname="PySysTest" name="SoftwareManagement.sm_apt_install_remove_with_version" />
<testcase classname="PySysTest" name="SoftwareManagement.sm_apt_install_remove_with_version" />
</testsuite><testsuite name="SoftwareManagement.sm_docker_install_remove_multiple" tests="3" errors="0" failures="1" skipped="1" time="0"><testcase classname="SMDockerInstallRemove" name="SoftwareManagement.sm_docker_install_remove_multiple">
		<skipped message="SKIPPED: Testing the apt plugin is not supported on this platform.Use parameter -XmyPlatform='container' to enable it" />
		<system-out>11:42:26 INFO  ==============================================================
11:42:26 INFO  Id:    SoftwareManagement.sm_docker_install_remove_multiple
11:42:26 INFO  Dir:   software_management_end_to_end/
11:42:26 INFO  Title: Validate end to end behaviour for the docker plugin for multiple docker images with mixed versions
11:42:26 INFO  ==============================================================
11:42:26 INFO  Testing the apt plugin is not supported on this platform.Use parameter -XmyPlatform='container' to enable it ... skipped
11:42:26 WARN  Aborted test due to SKIPPED outcome
11:42:26 INFO  
11:42:26 INFO  Test duration: 0.03 secs
11:42:26 INFO  Test final outcome:  SKIPPED
11:42:26 INFO  Test outcome reason: Testing the apt plugin is not supported on this platform.Use parameter -XmyPlatform='container' to enable it
11:42:26 INFO  
</system-out>
	</testcase>
<testcase classname="SMDockerInstallRemove" name="SoftwareManagement.sm_docker_install_remove_multiple" />
<testcase classname="SMDockerInstallRemove" name="SoftwareManagement.sm_docker_install_remove_multiple">
		<failure message="BLOCKED: SystemError: The operation has failed" type="BLOCKED" />
		<system-out>12:50:15 INFO  ==============================================================
12:50:15 INFO  Id:    SoftwareManagement.sm_docker_install_remove_multiple
12:50:15 INFO  Dir:   software_management_end_to_end/
12:50:15 INFO  Title: Validate end to end behaviour for the docker plugin for multiple docker images with mixed versions
12:50:15 INFO  ==============================================================
12:50:15 INFO  Using sw id database: {'asciijump': '5475369', 'robotfindskitten': '5474869', 'squirrel3': '5475279', 'rolldice': '5152439', 'moon-buggy': '5439204', 'apple': '5495053', 'banana': '5494888', 'cherry': '5495382', 'watermelon': '5494510', 'registry': '8018911', 'hello-world': '8021526', 'docker/getting-started': '8021973', 'alpine': '7991792'}
12:50:15 INFO  EnvironmentC8y Setup
12:50:15 INFO  Executed systemctl&lt;serv_mapper1&gt;, exit status 3
12:50:15 INFO  Restarting mosquitto too frequently in the last 10 seconds. It was only up for 5 seconds
12:50:15 INFO  Delaying execution by 6 seconds
12:50:35 INFO  Executed sudo&lt;tedge_connect_c8y&gt;, exit status 0, duration 14 secs
12:50:36 INFO  Executed sudo&lt;tedge_connect_c8y_test&gt;, exit status 0
12:50:37 INFO  Executed systemctl&lt;serv_mosq2&gt;, exit status 0
12:50:37 INFO  Executed systemctl&lt;serv_mapper3&gt;, exit status 0
12:50:39 INFO  State of current operation: SUCCESSFUL
12:50:40 INFO  Response status: 201
12:50:40 INFO  Response to action: {
    "creationTime": "2022-05-11T12:50:39.977Z",
    "deviceName": "mythicd",
    "deviceId": "18813522",
    "self": "https://t493319102.eu-latest.cumulocity.com/devicecontrol/operations/18857191",
    "id": "18857191",
    "status": "PENDING",
    "description": "Apply software changes, triggered from PySys: [{'action': 'install', 'id': '8021526', 'name': 'hello-world', 'url': '', 'version': '::docker'}, {'action': 'install', 'id': '8018911', 'name': 'registry', 'url': '', 'version': '2.6.2::docker'}]",
    "c8y_SoftwareUpdate": [
        {
            "name": "hello-world",
            "action": "install",
            "id": "8021526",
            "version": "::docker",
            "url": ""
        },
        {
            "name": "registry",
            "action": "install",
            "id": "8018911",
            "version": "2.6.2::docker",
            "url": ""
        }
    ]
}
12:50:40 INFO  Started operation: {'creationTime': '2022-05-11T12:50:39.977Z', 'deviceName': 'mythicd', 'deviceId': '18813522', 'self': 'https://t493319102.eu-latest.cumulocity.com/devicecontrol/operations/18857191', 'id': '18857191', 'status': 'PENDING', 'description': "Apply software changes, triggered from PySys: [{'action': 'install', 'id': '8021526', 'name': 'hello-world', 'url': '', 'version': '::docker'}, {'action': 'install', 'id': '8018911', 'name': 'registry', 'url': '', 'version': '2.6.2::docker'}]", 'c8y_SoftwareUpdate': [{'name': 'hello-world', 'action': 'install', 'id': '8021526', 'version': '::docker', 'url': ''}, {'name': 'registry', 'action': 'install', 'id': '8018911', 'version': '2.6.2::docker', 'url': ''}]}
12:50:42 INFO  State of operation 18857191 : PENDING
12:50:44 INFO  State of operation 18857191 : EXECUTING
12:50:46 INFO  State of operation 18857191 : EXECUTING
12:50:49 INFO  State of operation 18857191 : EXECUTING
12:50:51 INFO  State of operation 18857191 : EXECUTING
12:50:53 INFO  State of operation 18857191 : EXECUTING
12:50:55 INFO  State of operation 18857191 : EXECUTING
12:50:58 INFO  State of operation 18857191 : EXECUTING
12:51:00 INFO  State of operation 18857191 : EXECUTING
12:51:02 INFO  State of operation 18857191 : EXECUTING
12:51:04 INFO  State of operation 18857191 : EXECUTING
12:51:08 INFO  State of operation 18857191 : EXECUTING
12:51:10 INFO  State of operation 18857191 : EXECUTING
12:51:12 INFO  State of operation 18857191 : EXECUTING
12:51:15 INFO  State of operation 18857191 : EXECUTING
12:51:17 INFO  State of operation 18857191 : EXECUTING
12:51:19 INFO  State of operation 18857191 : SUCCESSFUL
12:51:20 INFO  Package hello-world is installed
12:51:20 INFO  Package hello-world is installed
12:51:20 INFO  Assert that (True == value) with value=True ... passed
12:51:21 INFO  Package registry is installed
12:51:21 INFO  Assert that (True == value) with value=True ... passed
12:51:21 INFO  Assert that (False == value) with value=False ... passed
12:51:21 INFO  Response status: 201
12:51:21 INFO  Response to action: {
    "creationTime": "2022-05-11T12:51:21.801Z",
    "deviceName": "mythicd",
    "deviceId": "18813522",
    "self": "https://t493319102.eu-latest.cumulocity.com/devicecontrol/operations/18857197",
    "id": "18857197",
    "status": "PENDING",
    "description": "Apply software changes, triggered from PySys: [{'action': 'install', 'id': '8018911', 'name': 'registry', 'url': '', 'version': '2.7.1::docker'}, {'action': 'install', 'id': '7991792', 'name': 'alpine', 'url': '', 'version': '::docker'}]",
    "c8y_SoftwareUpdate": [
        {
            "name": "registry",
            "action": "install",
            "id": "8018911",
            "version": "2.7.1::docker",
            "url": ""
        },
        {
            "name": "alpine",
            "action": "install",
            "id": "7991792",
            "version": "::docker",
            "url": ""
        }
    ]
}
12:51:21 INFO  Started operation: {'creationTime': '2022-05-11T12:51:21.801Z', 'deviceName': 'mythicd', 'deviceId': '18813522', 'self': 'https://t493319102.eu-latest.cumulocity.com/devicecontrol/operations/18857197', 'id': '18857197', 'status': 'PENDING', 'description': "Apply software changes, triggered from PySys: [{'action': 'install', 'id': '8018911', 'name': 'registry', 'url': '', 'version': '2.7.1::docker'}, {'action': 'install', 'id': '7991792', 'name': 'alpine', 'url': '', 'version': '::docker'}]", 'c8y_SoftwareUpdate': [{'name': 'registry', 'action': 'install', 'id': '8018911', 'version': '2.7.1::docker', 'url': ''}, {'name': 'alpine', 'action': 'install', 'id': '7991792', 'version': '::docker', 'url': ''}]}
12:51:24 INFO  State of operation 18857197 : PENDING
12:51:26 INFO  State of operation 18857197 : EXECUTING
12:51:28 INFO  State of operation 18857197 : EXECUTING
12:51:30 INFO  State of operation 18857197 : EXECUTING
12:51:33 INFO  State of operation 18857197 : EXECUTING
12:51:35 INFO  State of operation 18857197 : EXECUTING
12:51:37 INFO  State of operation 18857197 : EXECUTING
12:51:39 INFO  State of operation 18857197 : EXECUTING
12:51:42 INFO  State of operation 18857197 : EXECUTING
12:51:44 INFO  State of operation 18857197 : EXECUTING
12:51:46 INFO  State of operation 18857197 : EXECUTING
12:51:49 INFO  State of operation 18857197 : EXECUTING
12:51:51 INFO  State of operation 18857197 : EXECUTING
12:51:53 INFO  State of operation 18857197 : EXECUTING
12:51:55 INFO  State of operation 18857197 : EXECUTING
12:51:58 INFO  State of operation 18857197 : EXECUTING
12:52:00 INFO  State of operation 18857197 : EXECUTING
12:52:02 INFO  State of operation 18857197 : FAILED
12:52:02 ERROR Stopping as the operation has failed
12:52:02 WARN  SystemError occurred while running test - The operation has failed
Traceback (most recent call last):
  File "/home/pi/env-pysys/lib/python3.7/site-packages/pysys/baserunner.py", line 1294, in __call__
    self.testObj.execute()
  File "/home/pi/actions-runner/_work/thin-edge.io/thin-edge.io/tests/PySys/software_management_end_to_end/sm_docker_install_remove_multiple/run.py", line 91, in execute
    self.wait_until_succcess()
  File "/home/pi/actions-runner/_work/thin-edge.io/thin-edge.io/tests/PySys/software_management_end_to_end/environment_sm_management.py", line 324, in wait_until_succcess
    self.wait_until_status("SUCCESSFUL")
  File "/home/pi/actions-runner/_work/thin-edge.io/thin-edge.io/tests/PySys/software_management_end_to_end/environment_sm_management.py", line 361, in wait_until_status
    raise SystemError("The operation has failed")
SystemError: The operation has failed
12:52:02 WARN  SystemError: The operation has failed ... blocked 
12:52:02 INFO  
12:52:02 INFO  cleanup:
12:52:02 INFO  Response status: 201
12:52:02 INFO  Response to action: {
    "creationTime": "2022-05-11T12:52:02.799Z",
    "deviceName": "mythicd",
    "deviceId": "18813522",
    "self": "https://t493319102.eu-latest.cumulocity.com/devicecontrol/operations/18857213",
    "id": "18857213",
    "status": "PENDING",
[...]
</system-out>
	</testcase>
<testcase classname="DockerPluginInstallWithVersionTest" name="docker_plugin_install_with_version" />
</testsuite><testsuite name="docker_plugin_remove" tests="2" errors="0" failures="0" skipped="1" time="0"><testcase classname="DockerPluginRemoveTest" name="docker_plugin_remove">
		<skipped message="SKIPPED: Testing the docker plugin is not supported on this platform.To run it, all the test with -XmyPlatform='container'" />
		<system-out>11:32:45 INFO  ==============================================================
11:32:45 INFO  Id:    docker_plugin_remove
11:32:45 INFO  Dir:   plugin_docker/
11:32:45 INFO  Title: Validate docker plugin remove
11:32:45 INFO  ==============================================================
11:32:45 INFO  Testing the docker plugin is not supported on this platform.To run it, all the test with -XmyPlatform='container' ... skipped
11:32:45 WARN  Aborted test due to SKIPPED outcome
11:32:45 INFO  
11:32:45 INFO  Test duration: 0.03 secs
11:32:45 INFO  Test final outcome:  SKIPPED
11:32:45 INFO  Test outcome reason: Testing the docker plugin is not supported on this platform.To run it, all the test with -XmyPlatform='container'
11:32:45 INFO  
</system-out>
	</testcase>
<testcase classname="DockerPluginRemoveTest" name="docker_plugin_remove" />
</testsuite><testsuite name="docker_plugin_remove_with_version" tests="2" errors="0" failures="0" skipped="1" time="0"><testcase classname="DockerPluginRemoveWithVersionTest" name="docker_plugin_remove_with_version">
		<skipped message="SKIPPED: Testing the docker plugin is not supported on this platform.To run it, all the test with -XmyPlatform='container'" />
		<system-out>11:32:45 INFO  ==============================================================
11:32:45 INFO  Id:    docker_plugin_remove_with_version
11:32:45 INFO  Dir:   plugin_docker/
11:32:45 INFO  Title: Validate docker plugin remove with version
11:32:45 INFO  ==============================================================
11:32:45 INFO  Testing the docker plugin is not supported on this platform.To run it, all the test with -XmyPlatform='container' ... skipped
11:32:45 WARN  Aborted test due to SKIPPED outcome
11:32:45 INFO  
11:32:45 INFO  Test duration: 0.02 secs
11:32:45 INFO  Test final outcome:  SKIPPED
11:32:45 INFO  Test outcome reason: Testing the docker plugin is not supported on this platform.To run it, all the test with -XmyPlatform='container'
11:32:45 INFO  
</system-out>
	</testcase>
<testcase classname="DockerPluginRemoveWithVersionTest" name="docker_plugin_remove_with_version" />
</testsuite><testsuite name="docker_plugin_update" tests="2" errors="0" failures="0" skipped="1" time="0"><testcase classname="DockerPluginUpdateTest" name="docker_plugin_update">
		<skipped message="SKIPPED: Testing the docker plugin is not supported on this platform.To run it, all the test with -XmyPlatform='container'" />
		<system-out>11:32:46 INFO  ==============================================================
11:32:46 INFO  Id:    docker_plugin_update
11:32:46 INFO  Dir:   plugin_docker/
11:32:46 INFO  Title: Validate docker plugin install updates existing containers
11:32:46 INFO  ==============================================================
11:32:46 INFO  Testing the docker plugin is not supported on this platform.To run it, all the test with -XmyPlatform='container' ... skipped
11:32:46 WARN  Aborted test due to SKIPPED outcome
11:32:46 INFO  
11:32:46 INFO  Test duration: 0.02 secs
11:32:46 INFO  Test final outcome:  SKIPPED
11:32:46 INFO  Test outcome reason: Testing the docker plugin is not supported on this platform.To run it, all the test with -XmyPlatform='container'
11:32:46 INFO  
</system-out>
	</testcase>
<testcase classname="DockerPluginUpdateTest" name="docker_plugin_update" />
</testsuite><testsuite name="invalid_device_id" tests="1" errors="0" failures="0" skipped="0" time="0"><testcase classname="InvalidDeviceId" name="invalid_device_id" />
</testsuite><testsuite name="local_mqtt_pub_fail_noqos" tests="1" errors="0" failures="0" skipped="0" time="0"><testcase classname="PySysTest" name="local_mqtt_pub_fail_noqos" />
</testsuite><testsuite name="local_mqtt_pub_fail_qos0" tests="1" errors="0" failures="0" skipped="0" time="0"><testcase classname="PySysTest" name="local_mqtt_pub_fail_qos0" />
</testsuite><testsuite name="local_mqtt_pub_fail_qos1" tests="1" errors="0" failures="0" skipped="0" time="0"><testcase classname="PySysTest" name="local_mqtt_pub_fail_qos1" />
</testsuite><testsuite name="local_mqtt_pub_fail_qos2" tests="1" errors="0" failures="0" skipped="0" time="0"><testcase classname="PySysTest" name="local_mqtt_pub_fail_qos2" />
</testsuite><testsuite name="local_mqtt_pub_sub" tests="1" errors="0" failures="0" skipped="0" time="0"><testcase classname="PySysTest" name="local_mqtt_pub_sub" />
</testsuite><testsuite name="local_mqtt_pub_sub_retain" tests="1" errors="0" failures="0" skipped="0" time="0"><testcase classname="MqttPublishWithRetain" name="local_mqtt_pub_sub_retain" />
</testsuite><testsuite name="local_mqtt_pub_sub_with_sudo" tests="1" errors="0" failures="0" skipped="0" time="0"><testcase classname="PySysTest" name="local_mqtt_pub_sub_with_sudo" />
</testsuite><testsuite name="local_mqtt_sub_fail" tests="1" errors="0" failures="0" skipped="0" time="0"><testcase classname="PySysTest" name="local_mqtt_sub_fail" />
</testsuite><testsuite name="log_request_error_messages" tests="1" errors="0" failures="0" skipped="1" time="0"><testcase classname="LogRequestVerifySearchTextError" name="log_request_error_messages">
		<skipped message="SKIPPED: Test execution disabled due to #1123" />
		<system-out>11:31:09 INFO  ==============================================================
11:31:09 INFO  Id:    log_request_error_messages
11:31:09 INFO  Dir:   log_request_end_to_end/
11:31:09 INFO  Title: Validate end to end behaviour for the log request operation check for error messages
11:31:09 INFO  ==============================================================
11:31:10 INFO  Test execution disabled due to #1123 ... skipped
11:31:10 INFO  
11:31:10 INFO  Test duration: 1.29 secs
11:31:10 INFO  Test final outcome:  SKIPPED
11:31:10 INFO  Test outcome reason: Test execution disabled due to #1123
11:31:10 INFO  
</system-out>
	</testcase>
</testsuite><testsuite name="log_request_num_lines" tests="1" errors="0" failures="0" skipped="1" time="0"><testcase classname="LogRequestVerifyNumberOfLines" name="log_request_num_lines">
		<skipped message="SKIPPED: Test execution disabled due to #1123" />
		<system-out>11:31:10 INFO  ==============================================================
11:31:10 INFO  Id:    log_request_num_lines
11:31:10 INFO  Dir:   log_request_end_to_end/
11:31:10 INFO  Title: Validate end to end behaviour for the log request operation check for number of lines
11:31:10 INFO  ==============================================================
11:31:10 INFO  Test execution disabled due to #1123 ... skipped
11:31:10 INFO  
11:31:10 INFO  Test duration: 0.02 secs
11:31:10 INFO  Test final outcome:  SKIPPED
11:31:10 INFO  Test outcome reason: Test execution disabled due to #1123
11:31:10 INFO  
</system-out>
	</testcase>
</testsuite><testsuite name="mapper_awaits_before_reconnect" tests="1" errors="0" failures="0" skipped="0" time="0"><testcase classname="MapperReconnectAwait" name="mapper_awaits_before_reconnect" />
</testsuite><testsuite name="monitoring_smaller_interval" tests="1" errors="0" failures="0" skipped="1" time="0"><testcase classname="MonitoringSmallInterval" name="monitoring_smaller_interval">
		<skipped message="SKIPPED: Fails due to retained message" />
		<system-out>11:32:40 INFO  ==============================================================
11:32:40 INFO  Id:    monitoring_smaller_interval
11:32:40 INFO  Dir:   monitoring/
11:32:40 INFO  Title: Validate the tedge dm agent messages that are produced with smaller sampling interval than the batching window. Here the simulated collectd messages are used
11:32:40 INFO  ==============================================================
11:32:40 INFO  Fails due to retained message ... skipped
11:32:40 INFO  
11:32:40 INFO  Test duration: 0.02 secs
11:32:40 INFO  Test final outcome:  SKIPPED
11:32:40 INFO  Test outcome reason: Fails due to retained message
11:32:40 INFO  
</system-out>
	</testcase>
</testsuite><testsuite name="monitoring_with_collectd" tests="1" errors="0" failures="0" skipped="1" time="0"><testcase classname="MonitoringWithCollectd" name="monitoring_with_collectd">
		<skipped message="SKIPPED: Test execution disabled due to #792 (instable)" />
		<system-out>11:32:40 INFO  ==============================================================
11:32:40 INFO  Id:    monitoring_with_collectd
11:32:40 INFO  Dir:   monitoring/
11:32:40 INFO  Title: Validate tedge dm agent messages that are produced by batching the collectd messages
11:32:40 INFO  ==============================================================
11:32:40 INFO  Test execution disabled due to #792 (instable) ... skipped
11:32:40 INFO  
11:32:40 INFO  Test duration: 0.02 secs
11:32:40 INFO  Test final outcome:  SKIPPED
11:32:40 INFO  Test outcome reason: Test execution disabled due to #792 (instable)
11:32:40 INFO  
</system-out>
	</testcase>
</testsuite><testsuite name="monitoring_with_simulated_messages" tests="1" errors="0" failures="0" skipped="1" time="0"><testcase classname="MonitoringWithSimulatedMessages" name="monitoring_with_simulated_messages">
		<skipped message="SKIPPED: Fails due to retained message" />
		<system-out>11:32:40 INFO  ==============================================================
11:32:40 INFO  Id:    monitoring_with_simulated_messages
11:32:40 INFO  Dir:   monitoring/
11:32:40 INFO  Title: Validate the tedge dm agent messages that are produced from the simulated collectd messages
11:32:40 INFO  ==============================================================
11:32:40 INFO  Fails due to retained message ... skipped
11:32:40 INFO  
11:32:40 INFO  Test duration: 0.02 secs
11:32:40 INFO  Test final outcome:  SKIPPED
11:32:40 INFO  Test outcome reason: Fails due to retained message
11:32:40 INFO  
</system-out>
	</testcase>
</testsuite><testsuite name="mqtt_port_change_connection_fails" tests="1" errors="0" failures="0" skipped="0" time="0"><testcase classname="MqttPortChangeConnectionFails" name="mqtt_port_change_connection_fails" />
</testsuite><testsuite name="mqtt_port_change_connection_works" tests="1" errors="0" failures="0" skipped="1" time="0"><testcase classname="MqttPortChangeConnectionWorks" name="mqtt_port_change_connection_works">
		<skipped message="SKIPPED: failing intermitently" />
		<system-out>11:31:46 INFO  ==============================================================
11:31:46 INFO  Id:    mqtt_port_change_connection_works
11:31:46 INFO  Dir:   misc_features/
11:31:46 INFO  Title: mqtt port change connection works for all the thin-edge services that use the mosquitto broker
11:31:46 INFO  ==============================================================
11:31:46 INFO  failing intermitently ... skipped
11:31:46 INFO  
11:31:46 INFO  Test duration: 0.02 secs
11:31:46 INFO  Test final outcome:  SKIPPED
11:31:46 INFO  Test outcome reason: failing intermitently
11:31:46 INFO  
</system-out>
	</testcase>
</testsuite><testsuite name="mqtt_port_set" tests="1" errors="0" failures="0" skipped="0" time="0"><testcase classname="MqttPortSet" name="mqtt_port_set" />
</testsuite><testsuite name="mqtt_port_unset" tests="1" errors="0" failures="0" skipped="0" time="0"><testcase classname="MqttPortUnSet" name="mqtt_port_unset" />
</testsuite><testsuite name="publish_flux" tests="1" errors="0" failures="0" skipped="0" time="0"><testcase classname="PublishFlux" name="publish_flux" />
</testsuite><testsuite name="publish_sawmill" tests="1" errors="0" failures="0" skipped="0" time="0"><testcase classname="PublishSawmill" name="publish_sawmill" />
</testsuite><testsuite name="pysys_block" tests="1" errors="0" failures="0" skipped="1" time="0"><testcase classname="Fail" name="pysys_block">
		<skipped message="SKIPPED: Enable this to observe a blocking test" />
		<system-out>11:32:07 INFO  ==============================================================
11:32:07 INFO  Id:    pysys_block
11:32:07 INFO  Dir:   misc_features/
11:32:07 INFO  Title: fail
11:32:07 INFO  ==============================================================
11:32:07 INFO  Enable this to observe a blocking test ... skipped
11:32:07 INFO  
11:32:07 INFO  Test duration: 0.02 secs
11:32:07 INFO  Test final outcome:  SKIPPED
11:32:07 INFO  Test outcome reason: Enable this to observe a blocking test
11:32:07 INFO  
</system-out>
	</testcase>
</testsuite><testsuite name="pysys_fail" tests="1" errors="0" failures="0" skipped="1" time="0"><testcase classname="Fail" name="pysys_fail">
		<skipped message="SKIPPED: Enable this to observe a failing test" />
		<system-out>11:32:08 INFO  ==============================================================
11:32:08 INFO  Id:    pysys_fail
11:32:08 INFO  Dir:   misc_features/
11:32:08 INFO  Title: fail
11:32:08 INFO  ==============================================================
11:32:08 INFO  Enable this to observe a failing test ... skipped
11:32:08 INFO  
11:32:08 INFO  Test duration: 0.01 secs
11:32:08 INFO  Test final outcome:  SKIPPED
11:32:08 INFO  Test outcome reason: Enable this to observe a failing test
11:32:08 INFO  
</system-out>
	</testcase>
</testsuite><testsuite name="runtime_start_two_mappers" tests="1" errors="0" failures="0" skipped="1" time="0"><testcase classname="RuntimeMultiMappers" name="runtime_start_two_mappers">
		<skipped message="SKIPPED: Test execution disabled due to #1124" />
		<system-out>11:46:03 INFO  ==============================================================
11:46:03 INFO  Id:    runtime_start_two_mappers
11:46:03 INFO  Dir:   tedge_mapper_c8y/
11:46:03 INFO  Title: Validate two mappers can't be started at the same time
11:46:03 INFO  ==============================================================
11:46:03 INFO  Test execution disabled due to #1124 ... skipped
11:46:03 INFO  
11:46:03 INFO  Test duration: 0.02 secs
11:46:03 INFO  Test final outcome:  SKIPPED
11:46:03 INFO  Test outcome reason: Test execution disabled due to #1124
11:46:03 INFO  
</system-out>
	</testcase>
</testsuite><testsuite name="sm_tedge_mapper_init_session" tests="1" errors="0" failures="0" skipped="0" time="0"><testcase classname="TedgeSMMapperInitSession" name="sm_tedge_mapper_init_session" />
</testsuite><testsuite name="smoketest_json" tests="1" errors="0" failures="0" skipped="0" time="0"><testcase classname="SmokeTestJson" name="smoketest_json" />
</testsuite><testsuite name="smoketest_json_400_samples_10ms" tests="1" errors="0" failures="0" skipped="0" time="0"><testcase classname="SmoketestJson400Samples10ms" name="smoketest_json_400_samples_10ms" />
</testsuite><testsuite name="smoketest_json_400_samples_20ms" tests="1" errors="0" failures="0" skipped="0" time="0"><testcase classname="SmoketestJson400Samples20ms" name="smoketest_json_400_samples_20ms" />
</testsuite><testsuite name="smoketest_smartrest" tests="1" errors="0" failures="0" skipped="0" time="0"><testcase classname="SmoketestSmartRest" name="smoketest_smartrest" />
</testsuite><testsuite name="smoketest_smartrest_200_samples_1Xms" tests="1" errors="0" failures="0" skipped="0" time="0"><testcase classname="SmoketestSmartRest200Samples1Xms" name="smoketest_smartrest_200_samples_1Xms" />
</testsuite><testsuite name="smoketest_smartrest_200_samples_20ms" tests="1" errors="0" failures="0" skipped="0" time="0"><testcase classname="SmoketestSmartRest200Samples20ms" name="smoketest_smartrest_200_samples_20ms" />
</testsuite><testsuite name="tedge_agent_user_sudo_access" tests="1" errors="0" failures="0" skipped="1" time="0"><testcase classname="TedgeAgentUserSudoAccess" name="tedge_agent_user_sudo_access">
		<skipped message="SKIPPED: #955 Observation: Exit code of the apt plugin when called with no arguments" />
		<system-out>11:42:52 INFO  ==============================================================
11:42:52 INFO  Id:    tedge_agent_user_sudo_access
11:42:52 INFO  Dir:   tedge/
11:42:52 INFO  Title: Validate tedge-agent user has a limited sudo right
11:42:52 INFO  ==============================================================
11:42:52 INFO  #955 Observation: Exit code of the apt plugin when called with no arguments ... skipped
11:42:52 INFO  
11:42:52 INFO  Test duration: 0.02 secs
11:42:52 INFO  Test final outcome:  SKIPPED
11:42:52 INFO  Test outcome reason: #955 Observation: Exit code of the apt plugin when called with no arguments
11:42:52 INFO  
</system-out>
	</testcase>
</testsuite><testsuite name="tedge_connect_test_negative" tests="1" errors="0" failures="0" skipped="0" time="0"><testcase classname="TedgeConnectTestNegative" name="tedge_connect_test_negative" />
</testsuite><testsuite name="tedge_connect_test_positive" tests="1" errors="0" failures="0" skipped="0" time="0"><testcase classname="TedgeConnectTestPositive" name="tedge_connect_test_positive" />
</testsuite><testsuite name="tedge_connect_test_sm_services" tests="1" errors="0" failures="0" skipped="0" time="0"><testcase classname="TedgeConnectTestSMServices" name="tedge_connect_test_sm_services" />
</testsuite><testsuite name="tedge_disconnect_test_sm_services" tests="1" errors="0" failures="0" skipped="0" time="0"><testcase classname="TedgeDisConnectTestSMServices" name="tedge_disconnect_test_sm_services" />
</testsuite><testsuite name="tedge_mapper_az_negative" tests="1" errors="0" failures="0" skipped="0" time="0"><testcase classname="TedgeMapperAzError" name="tedge_mapper_az_negative" />
</testsuite><testsuite name="tedge_mapper_az_with_timestamp" tests="1" errors="0" failures="0" skipped="0" time="0"><testcase classname="TedgeMapperAzWithTimestamp" name="tedge_mapper_az_with_timestamp" />
</testsuite><testsuite name="tedge_mapper_az_without_timestamp" tests="1" errors="0" failures="0" skipped="0" time="0"><testcase classname="TedgeMapperAzWithoutTimestamp" name="tedge_mapper_az_without_timestamp" />
</testsuite><testsuite name="tedge_mapper_c8y_alarms" tests="1" errors="0" failures="0" skipped="0" time="0"><testcase classname="TedgeMapperC8yAlarm" name="tedge_mapper_c8y_alarms" />
</testsuite><testsuite name="tedge_mapper_c8y_child_device_measurement" tests="1" errors="0" failures="0" skipped="1" time="0"><testcase classname="TedgeMapperC8yChildDevice" name="tedge_mapper_c8y_child_device_measurement">
		<skipped message="SKIPPED: Test execution disabled due to #1088" />
		<system-out>11:47:16 INFO  ==============================================================
11:47:16 INFO  Id:    tedge_mapper_c8y_child_device_measurement
11:47:16 INFO  Dir:   tedge_mapper_c8y/
11:47:16 INFO  Title: Validate that measurements sent to tedge/measurements/child topic gets mapped as the child device's measurement in Cumulocity
11:47:16 INFO  ==============================================================
11:47:16 INFO  Test execution disabled due to #1088 ... skipped
11:47:16 INFO  
11:47:16 INFO  Test duration: 0.03 secs
11:47:16 INFO  Test final outcome:  SKIPPED
11:47:16 INFO  Test outcome reason: Test execution disabled due to #1088
11:47:16 INFO  
</system-out>
	</testcase>
</testsuite><testsuite name="tedge_mapper_c8y_packet_threshold_size" tests="1" errors="0" failures="0" skipped="0" time="0"><testcase classname="TedgeMapperC8yThresholdPacketSize" name="tedge_mapper_c8y_packet_threshold_size" />
</testsuite><testsuite name="tedge_software_update" tests="1" errors="0" failures="0" skipped="0" time="0"><testcase classname="PySysTest" name="tedge_software_update" />
</testsuite><testsuite name="valid_device_id" tests="1" errors="0" failures="0" skipped="0" time="0"><testcase classname="ValidateValidDeviceId" name="valid_device_id" />
</testsuite></testsuites>