<?xml version='1.0' encoding='utf-8'?>
<testsuites tests="149" failures="11" errors="0" skipped="49" time="0.0"><testsuite name="SoftwareManagement.Plugin.apama_plugin_install" tests="3" errors="0" failures="0" skipped="1" time="0"><testcase classname="ApamaPluginInstallTest" name="SoftwareManagement.Plugin.apama_plugin_install">
		<skipped message="SKIPPED: Apama plugin tests are disabled by default. Execute `pysys run` with `-XmyPlatform=container` to run these tests" />
		<system-out>08:23:40 INFO  ==============================================================
08:23:40 INFO  Id:    SoftwareManagement.Plugin.apama_plugin_install
08:23:40 INFO  Dir:   plugin_apama/
08:23:40 INFO  Title: Validate apama plugin install
08:23:40 INFO  ==============================================================
08:23:40 INFO  Apama plugin tests are disabled by default. Execute `pysys run` with `-XmyPlatform=container` to run these tests ... skipped
08:23:40 WARN  Aborted test due to SKIPPED outcome
08:23:40 INFO  
08:23:40 INFO  Test duration: 0.07 secs
08:23:40 INFO  Test final outcome:  SKIPPED
08:23:40 INFO  Test outcome reason: Apama plugin tests are disabled by default. Execute `pysys run` with `-XmyPlatform=container` to run these tests
08:23:40 INFO  
</system-out>
	</testcase>
<testcase classname="ApamaPluginInstallTest" name="SoftwareManagement.Plugin.apama_plugin_install" />
<testcase classname="ApamaPluginInstallTest" name="SoftwareManagement.Plugin.apama_plugin_install" />
</testsuite><testsuite name="SoftwareManagement.Plugin.apama_plugin_mon_support" tests="3" errors="0" failures="0" skipped="1" time="0"><testcase classname="ApamaPluginMonSupportTest" name="SoftwareManagement.Plugin.apama_plugin_mon_support">
		<skipped message="SKIPPED: Apama plugin tests are disabled by default. Execute `pysys run` with `-XmyPlatform=container` to run these tests" />
		<system-out>08:23:40 INFO  ==============================================================
08:23:40 INFO  Id:    SoftwareManagement.Plugin.apama_plugin_mon_support
08:23:40 INFO  Dir:   plugin_apama/
08:23:40 INFO  Title: Validate mon file support of apama plugin
08:23:40 INFO  ==============================================================
08:23:40 INFO  Apama plugin tests are disabled by default. Execute `pysys run` with `-XmyPlatform=container` to run these tests ... skipped
08:23:40 WARN  Aborted test due to SKIPPED outcome
08:23:40 INFO  
08:23:40 INFO  Test duration: 0.02 secs
08:23:40 INFO  Test final outcome:  SKIPPED
08:23:40 INFO  Test outcome reason: Apama plugin tests are disabled by default. Execute `pysys run` with `-XmyPlatform=container` to run these tests
08:23:40 INFO  
</system-out>
	</testcase>
<testcase classname="ApamaPluginMonSupportTest" name="SoftwareManagement.Plugin.apama_plugin_mon_support" />
<testcase classname="ApamaPluginMonSupportTest" name="SoftwareManagement.Plugin.apama_plugin_mon_support" />
</testsuite><testsuite name="SoftwareManagement.Plugin.apama_plugin_remove" tests="3" errors="0" failures="0" skipped="1" time="0"><testcase classname="ApamaPluginRemoveTest" name="SoftwareManagement.Plugin.apama_plugin_remove">
		<skipped message="SKIPPED: Apama plugin tests are disabled by default. Execute `pysys run` with `-XmyPlatform=container` to run these tests" />
		<system-out>08:23:40 INFO  ==============================================================
08:23:40 INFO  Id:    SoftwareManagement.Plugin.apama_plugin_remove
08:23:40 INFO  Dir:   plugin_apama/
08:23:40 INFO  Title: Validate apama plugin remove
08:23:40 INFO  ==============================================================
08:23:40 INFO  Apama plugin tests are disabled by default. Execute `pysys run` with `-XmyPlatform=container` to run these tests ... skipped
08:23:40 WARN  Aborted test due to SKIPPED outcome
08:23:40 INFO  
08:23:40 INFO  Test duration: 0.02 secs
08:23:40 INFO  Test final outcome:  SKIPPED
08:23:40 INFO  Test outcome reason: Apama plugin tests are disabled by default. Execute `pysys run` with `-XmyPlatform=container` to run these tests
08:23:40 INFO  
</system-out>
	</testcase>
<testcase classname="ApamaPluginRemoveTest" name="SoftwareManagement.Plugin.apama_plugin_remove" />
<testcase classname="ApamaPluginRemoveTest" name="SoftwareManagement.Plugin.apama_plugin_remove" />
</testsuite><testsuite name="SoftwareManagement.Plugin.apama_plugin_update" tests="3" errors="0" failures="2" skipped="1" time="0"><testcase classname="ApamaPluginUpdateTest" name="SoftwareManagement.Plugin.apama_plugin_update">
		<skipped message="SKIPPED: Apama plugin tests are disabled by default. Execute `pysys run` with `-XmyPlatform=container` to run these tests" />
		<system-out>08:23:40 INFO  ==============================================================
08:23:40 INFO  Id:    SoftwareManagement.Plugin.apama_plugin_update
08:23:40 INFO  Dir:   plugin_apama/
08:23:40 INFO  Title: Validate apama plugin updating one project with another
08:23:40 INFO  ==============================================================
08:23:40 INFO  Apama plugin tests are disabled by default. Execute `pysys run` with `-XmyPlatform=container` to run these tests ... skipped
08:23:40 WARN  Aborted test due to SKIPPED outcome
08:23:40 INFO  
08:23:40 INFO  Test duration: 0.02 secs
08:23:40 INFO  Test final outcome:  SKIPPED
08:23:40 INFO  Test outcome reason: Apama plugin tests are disabled by default. Execute `pysys run` with `-XmyPlatform=container` to run these tests
08:23:40 INFO  
</system-out>
	</testcase>
<testcase classname="ApamaPluginUpdateTest" name="SoftwareManagement.Plugin.apama_plugin_update">
		<failure message="BLOCKED: sudo&lt;plugin_install&gt; returned non-zero exit code 2" type="BLOCKED" />
		<system-out>09:17:05 INFO  ==============================================================
09:17:05 INFO  Id:    SoftwareManagement.Plugin.apama_plugin_update
09:17:05 INFO  Dir:   plugin_apama/
09:17:05 INFO  Title: Validate apama plugin updating one project with another
09:17:05 INFO  ==============================================================
09:17:05 INFO  Assertion that path exists=False for "/etc/tedge/apama/project" ... passed
09:17:05 INFO  Executed sudo&lt;create_project_dir&gt;, exit status 0
09:17:06 INFO  Executed sudo&lt;unzip_apama_project&gt;, exit status 0
09:17:06 INFO  Executed sudo&lt;move_apama_project&gt;, exit status 0
09:17:07 INFO  Executed sudo&lt;restart_apama_service&gt;, exit status 0
09:17:08 INFO  Executed sudo&lt;apama_correlator_wait&gt;, exit status 0
09:17:08 INFO  Assertion that path exists=True for "/etc/tedge/apama/project" ... passed
09:17:09 INFO  Executed sudo&lt;apama_list_monitors&gt;, exit status 0
09:17:09 INFO  Grep on file /home/pi/actions-runner/_work/thin-edge.io/thin-edge.io/tests/PySys/plugin_apama/apama_plugin_update/Output/linux/apama_list_monitors.out ... passed
09:17:10 WARN  Executed sudo&lt;plugin_install&gt;, exit status 2
09:17:10 INFO  Contents of plugin_install.err: 
  ERROR: Directory not empty (os error 39)
  -----

09:17:10 WARN  sudo&lt;plugin_install&gt; returned non-zero exit code 2 ... blocked [run.py:35]
09:17:10 WARN  Aborted test due to BLOCKED outcome
09:17:10 INFO  
09:17:10 INFO  cleanup:
09:17:10 INFO  Removing apama project
09:17:25 INFO  Executed sudo&lt;stop_apama_service&gt;, exit status 0, duration 15 secs
09:17:26 INFO  Executed sudo&lt;remove_apama_project&gt;, exit status 0
09:17:26 INFO  Executed sudo&lt;remove_apama_tmp_dir&gt;, exit status 0
09:17:26 INFO  
09:17:26 INFO  Test duration: 21.60 secs
09:17:26 INFO  Test final outcome:  BLOCKED
09:17:26 INFO  Test outcome reason: sudo&lt;plugin_install&gt; returned non-zero exit code 2
09:17:26 INFO  
</system-out>
	</testcase>
<testcase classname="ApamaPluginUpdateTest" name="SoftwareManagement.Plugin.apama_plugin_update">
		<failure message="BLOCKED: sudo&lt;plugin_install&gt; returned non-zero exit code 2" type="BLOCKED" />
		<system-out>09:26:04 INFO  ==============================================================
09:26:04 INFO  Id:    SoftwareManagement.Plugin.apama_plugin_update
09:26:04 INFO  Dir:   plugin_apama/
09:26:04 INFO  Title: Validate apama plugin updating one project with another
09:26:04 INFO  ==============================================================
09:26:04 INFO  Assertion that path exists=False for "/etc/tedge/apama/project" ... passed
09:26:05 INFO  Executed sudo&lt;create_project_dir&gt;, exit status 0
09:26:05 INFO  Executed sudo&lt;unzip_apama_project&gt;, exit status 0
09:26:06 INFO  Executed sudo&lt;move_apama_project&gt;, exit status 0
09:26:07 INFO  Executed sudo&lt;restart_apama_service&gt;, exit status 0
09:26:08 INFO  Executed sudo&lt;apama_correlator_wait&gt;, exit status 0
09:26:08 INFO  Assertion that path exists=True for "/etc/tedge/apama/project" ... passed
09:26:08 INFO  Executed sudo&lt;apama_list_monitors&gt;, exit status 0
09:26:08 INFO  Grep on file /home/pi/actions-runner/_work/thin-edge.io/thin-edge.io/tests/PySys/plugin_apama/apama_plugin_update/Output/linux/apama_list_monitors.out ... passed
09:26:09 WARN  Executed sudo&lt;plugin_install&gt;, exit status 2
09:26:09 INFO  Contents of plugin_install.err: 
  ERROR: Directory not empty (os error 39)
  -----

09:26:09 WARN  sudo&lt;plugin_install&gt; returned non-zero exit code 2 ... blocked [run.py:35]
09:26:09 WARN  Aborted test due to BLOCKED outcome
09:26:09 INFO  
09:26:09 INFO  cleanup:
09:26:09 INFO  Removing apama project
09:26:25 INFO  Executed sudo&lt;stop_apama_service&gt;, exit status 0, duration 15 secs
09:26:25 INFO  Executed sudo&lt;remove_apama_project&gt;, exit status 0
09:26:26 INFO  Executed sudo&lt;remove_apama_tmp_dir&gt;, exit status 0
09:26:26 INFO  
09:26:26 INFO  Test duration: 21.28 secs
09:26:26 INFO  Test final outcome:  BLOCKED
09:26:26 INFO  Test outcome reason: sudo&lt;plugin_install&gt; returned non-zero exit code 2
09:26:26 INFO  
</system-out>
	</testcase>
</testsuite><testsuite name="SoftwareManagement.sm_apt_install_download_path" tests="3" errors="0" failures="2" skipped="1" time="0"><testcase classname="AptInstallWithDownloadPath" name="SoftwareManagement.sm_apt_install_download_path">
		<skipped message="SKIPPED: Testing the apt plugin is not supported on this platform.Use parameter -XmyPlatform='container' to enable it" />
		<system-out>08:33:25 INFO  ==============================================================
08:33:25 INFO  Id:    SoftwareManagement.sm_apt_install_download_path
08:33:25 INFO  Dir:   software_management_end_to_end/
08:33:26 INFO  Title: Install package to directory specified in tedge config set tmp.path
08:33:26 INFO  ==============================================================
08:33:26 INFO  Testing the apt plugin is not supported on this platform.Use parameter -XmyPlatform='container' to enable it ... skipped
08:33:26 WARN  Aborted test due to SKIPPED outcome
08:33:26 INFO  
08:33:26 INFO  Test duration: 0.06 secs
08:33:26 INFO  Test final outcome:  SKIPPED
08:33:26 INFO  Test outcome reason: Testing the apt plugin is not supported on this platform.Use parameter -XmyPlatform='container' to enable it
08:33:26 INFO  
</system-out>
	</testcase>
<testcase classname="AptInstallWithDownloadPath" name="SoftwareManagement.sm_apt_install_download_path">
		<failure message="BLOCKED: AssertionError:" type="BLOCKED" />
		<system-out>08:58:39 INFO  ==============================================================
08:58:39 INFO  Id:    SoftwareManagement.sm_apt_install_download_path
08:58:39 INFO  Dir:   software_management_end_to_end/
08:58:39 INFO  Title: Install package to directory specified in tedge config set tmp.path
08:58:39 INFO  ==============================================================
08:58:40 INFO  Using sw id database: {'asciijump': '5475369', 'robotfindskitten': '5474869', 'squirrel3': '5475279', 'rolldice': '5152439', 'moon-buggy': '5439204', 'apple': '5495053', 'banana': '5494888', 'cherry': '5495382', 'watermelon': '5494510', 'registry': '8018911', 'hello-world': '8021526', 'docker/getting-started': '8021973', 'alpine': '7991792'}
08:58:40 INFO  EnvironmentC8y Setup
08:58:40 INFO  Executed systemctl&lt;serv_mapper1&gt;, exit status 3
08:58:55 INFO  Executed sudo&lt;tedge_connect_c8y&gt;, exit status 0, duration 14 secs
08:58:57 INFO  Executed sudo&lt;tedge_connect_c8y_test&gt;, exit status 0
08:58:58 INFO  Executed systemctl&lt;serv_mosq2&gt;, exit status 0
08:58:58 INFO  Executed systemctl&lt;serv_mapper3&gt;, exit status 0
08:59:01 INFO  State of current operation: SUCCESSFUL
08:59:01 INFO  Assert that (False == value) with value=False ... passed
08:59:02 INFO  Executed sudo, exit status 0
08:59:02 INFO  Executed sudo, exit status 0
08:59:03 INFO  Executed sudo, exit status 0
08:59:07 INFO  Executed sudo&lt;tedge_disconnect_c8y&gt;, exit status 0
08:59:07 INFO  Restarting mosquitto too frequently in the last 10 seconds. It was only up for 3 seconds
08:59:07 INFO  Delaying execution by 8 seconds
08:59:29 INFO  Executed sudo&lt;tedge_connect_c8y&gt;, exit status 0, duration 14 secs
08:59:29 INFO  Response status: 201
08:59:29 INFO  Response to action: {
    "creationTime": "2022-04-21T08:59:29.827Z",
    "deviceName": "mythicd",
    "deviceId": "17512238",
    "self": "https://t493319102.eu-latest.cumulocity.com/devicecontrol/operations/17537433",
    "id": "17537433",
    "status": "PENDING",
    "description": "Apply software changes, triggered from PySys: [{'name': 'rolldice', 'id': '5152439', 'version': '::apt', 'url': 'https://thin-edge-io.eu-latest.cumulocity.com/inventory/binaries/12435463', 'action': 'install'}]",
    "c8y_SoftwareUpdate": [
        {
            "name": "rolldice",
            "action": "install",
            "id": "5152439",
            "version": "::apt",
            "url": "https://thin-edge-io.eu-latest.cumulocity.com/inventory/binaries/12435463"
        }
    ]
}
08:59:29 INFO  Started operation: {'creationTime': '2022-04-21T08:59:29.827Z', 'deviceName': 'mythicd', 'deviceId': '17512238', 'self': 'https://t493319102.eu-latest.cumulocity.com/devicecontrol/operations/17537433', 'id': '17537433', 'status': 'PENDING', 'description': "Apply software changes, triggered from PySys: [{'name': 'rolldice', 'id': '5152439', 'version': '::apt', 'url': 'https://thin-edge-io.eu-latest.cumulocity.com/inventory/binaries/12435463', 'action': 'install'}]", 'c8y_SoftwareUpdate': [{'name': 'rolldice', 'action': 'install', 'id': '5152439', 'version': '::apt', 'url': 'https://thin-edge-io.eu-latest.cumulocity.com/inventory/binaries/12435463'}]}
08:59:29 WARN  , retrying in 0.5 seconds...
08:59:30 WARN  , retrying in 0.5 seconds...
08:59:30 WARN  , retrying in 0.5 seconds...
08:59:31 WARN  , retrying in 0.5 seconds...
08:59:31 WARN  , retrying in 0.5 seconds...
08:59:32 WARN  , retrying in 0.5 seconds...
08:59:32 WARN  , retrying in 0.5 seconds...
08:59:33 WARN  , retrying in 0.5 seconds...
08:59:33 WARN  , retrying in 0.5 seconds...
08:59:34 WARN  AssertionError occurred while running test - 
Traceback (most recent call last):
  File "/home/pi/env-pysys/lib/python3.7/site-packages/pysys/baserunner.py", line 1294, in __call__
    self.testObj.execute()
  File "/home/pi/actions-runner/_work/thin-edge.io/thin-edge.io/tests/PySys/software_management_end_to_end/sm_apt_install_download_path/run.py", line 83, in execute
    assert_install_in_download_path(install_directory=self.DOWNLOAD_DIR)
  File "/home/pi/env-pysys/lib/python3.7/site-packages/decorator.py", line 232, in fun
    return caller(func, *(extras + args), **kw)
  File "/home/pi/env-pysys/lib/python3.7/site-packages/retry/api.py", line 74, in retry_decorator
    logger)
  File "/home/pi/env-pysys/lib/python3.7/site-packages/retry/api.py", line 33, in __retry_internal
    return f()
  File "/home/pi/actions-runner/_work/thin-edge.io/thin-edge.io/tests/PySys/software_management_end_to_end/sm_apt_install_download_path/run.py", line 28, in assert_install_in_download_path
    assert "rolldice" in os.listdir(f"{install_directory}")
AssertionError
08:59:35 WARN  AssertionError: ... blocked 
08:59:35 INFO  
08:59:35 INFO  cleanup:
08:59:35 INFO  Executed sudo, exit status 0
08:59:36 INFO  Executed sudo, exit status 0
08:59:40 INFO  Executed sudo&lt;tedge_disconnect_c8y&gt;, exit status 0
08:59:40 INFO  Restarting mosquitto too frequently in the last 10 seconds. It was only up for 3 seconds
08:59:40 INFO  Delaying execution by 8 seconds
09:00:03 INFO  Executed sudo&lt;tedge_connect_c8y&gt;, exit status 0, duration 14 secs
09:00:07 INFO  Executed sudo&lt;tedge_disconnect_c8y&gt;, exit status 0
09:00:07 INFO  Executed systemctl&lt;serv_mapper5&gt;, exit status 3
09:00:07 INFO  
09:00:07 INFO  Test duration: 87.89 secs
09:00:07 INFO  Test final outcome:  BLOCKED
09:00:07 INFO  Test outcome reason: AssertionError:
09:00:07 INFO  
</system-out>
	</testcase>
<testcase classname="AptInstallWithDownloadPath" name="SoftwareManagement.sm_apt_install_download_path">
		<failure message="BLOCKED: AssertionError:" type="BLOCKED" />
		<system-out>09:26:26 INFO  ==============================================================
09:26:26 INFO  Id:    SoftwareManagement.sm_apt_install_download_path
09:26:26 INFO  Dir:   software_management_end_to_end/
09:26:26 INFO  Title: Install package to directory specified in tedge config set tmp.path
09:26:26 INFO  ==============================================================
09:26:27 INFO  Using sw id database: {'asciijump': '5475369', 'robotfindskitten': '5474869', 'squirrel3': '5475279', 'rolldice': '5152439', 'moon-buggy': '5439204', 'apple': '5495053', 'banana': '5494888', 'cherry': '5495382', 'watermelon': '5494510', 'registry': '8018911', 'hello-world': '8021526', 'docker/getting-started': '8021973', 'alpine': '7991792'}
09:26:27 INFO  EnvironmentC8y Setup
09:26:27 INFO  Executed systemctl&lt;serv_mapper1&gt;, exit status 3
09:26:42 INFO  Executed sudo&lt;tedge_connect_c8y&gt;, exit status 0, duration 14 secs
09:26:43 INFO  Executed sudo&lt;tedge_connect_c8y_test&gt;, exit status 0
09:26:43 INFO  Executed systemctl&lt;serv_mosq2&gt;, exit status 0
09:26:44 INFO  Executed systemctl&lt;serv_mapper3&gt;, exit status 0
09:26:46 INFO  State of current operation: SUCCESSFUL
09:26:46 INFO  Assert that (False == value) with value=False ... passed
09:26:47 INFO  Executed sudo, exit status 0
09:26:47 INFO  Executed sudo, exit status 0
09:26:48 INFO  Executed sudo, exit status 0
09:26:52 INFO  Executed sudo&lt;tedge_disconnect_c8y&gt;, exit status 0
09:26:52 INFO  Restarting mosquitto too frequently in the last 10 seconds. It was only up for 4 seconds
09:26:52 INFO  Delaying execution by 7 seconds
09:27:14 INFO  Executed sudo&lt;tedge_connect_c8y&gt;, exit status 0, duration 14 secs
09:27:14 INFO  Response status: 201
09:27:14 INFO  Response to action: {
    "creationTime": "2022-04-21T09:27:14.659Z",
    "deviceName": "mythicd",
    "deviceId": "17512238",
    "self": "https://t493319102.eu-latest.cumulocity.com/devicecontrol/operations/17537599",
    "id": "17537599",
    "status": "PENDING",
    "description": "Apply software changes, triggered from PySys: [{'name': 'rolldice', 'id': '5152439', 'version': '::apt', 'url': 'https://thin-edge-io.eu-latest.cumulocity.com/inventory/binaries/12435463', 'action': 'install'}]",
    "c8y_SoftwareUpdate": [
        {
            "name": "rolldice",
            "action": "install",
            "id": "5152439",
            "version": "::apt",
            "url": "https://thin-edge-io.eu-latest.cumulocity.com/inventory/binaries/12435463"
        }
    ]
}
09:27:14 INFO  Started operation: {'creationTime': '2022-04-21T09:27:14.659Z', 'deviceName': 'mythicd', 'deviceId': '17512238', 'self': 'https://t493319102.eu-latest.cumulocity.com/devicecontrol/operations/17537599', 'id': '17537599', 'status': 'PENDING', 'description': "Apply software changes, triggered from PySys: [{'name': 'rolldice', 'id': '5152439', 'version': '::apt', 'url': 'https://thin-edge-io.eu-latest.cumulocity.com/inventory/binaries/12435463', 'action': 'install'}]", 'c8y_SoftwareUpdate': [{'name': 'rolldice', 'action': 'install', 'id': '5152439', 'version': '::apt', 'url': 'https://thin-edge-io.eu-latest.cumulocity.com/inventory/binaries/12435463'}]}
09:27:14 WARN  , retrying in 0.5 seconds...
09:27:15 WARN  , retrying in 0.5 seconds...
09:27:15 WARN  , retrying in 0.5 seconds...
09:27:16 WARN  , retrying in 0.5 seconds...
09:27:16 WARN  , retrying in 0.5 seconds...
09:27:17 WARN  , retrying in 0.5 seconds...
09:27:17 WARN  , retrying in 0.5 seconds...
09:27:18 WARN  , retrying in 0.5 seconds...
09:27:18 WARN  , retrying in 0.5 seconds...
09:27:19 WARN  AssertionError occurred while running test - 
Traceback (most recent call last):
  File "/home/pi/env-pysys/lib/python3.7/site-packages/pysys/baserunner.py", line 1294, in __call__
    self.testObj.execute()
  File "/home/pi/actions-runner/_work/thin-edge.io/thin-edge.io/tests/PySys/software_management_end_to_end/sm_apt_install_download_path/run.py", line 83, in execute
    assert_install_in_download_path(install_directory=self.DOWNLOAD_DIR)
  File "/home/pi/env-pysys/lib/python3.7/site-packages/decorator.py", line 232, in fun
    return caller(func, *(extras + args), **kw)
  File "/home/pi/env-pysys/lib/python3.7/site-packages/retry/api.py", line 74, in retry_decorator
    logger)
  File "/home/pi/env-pysys/lib/python3.7/site-packages/retry/api.py", line 33, in __retry_internal
    return f()
  File "/home/pi/actions-runner/_work/thin-edge.io/thin-edge.io/tests/PySys/software_management_end_to_end/sm_apt_install_download_path/run.py", line 28, in assert_install_in_download_path
    assert "rolldice" in os.listdir(f"{install_directory}")
AssertionError
09:27:19 WARN  AssertionError: ... blocked 
09:27:19 INFO  
09:27:19 INFO  cleanup:
09:27:19 INFO  Executed sudo, exit status 0
09:27:20 INFO  Executed sudo, exit status 0
09:27:25 INFO  Executed sudo&lt;tedge_disconnect_c8y&gt;, exit status 0
09:27:25 INFO  Restarting mosquitto too frequently in the last 10 seconds. It was only up for 4 seconds
09:27:25 INFO  Delaying execution by 7 seconds
09:27:46 INFO  Executed sudo&lt;tedge_connect_c8y&gt;, exit status 0, duration 14 secs
09:27:50 INFO  Executed sudo&lt;tedge_disconnect_c8y&gt;, exit status 0
09:27:51 INFO  Executed systemctl&lt;serv_mapper5&gt;, exit status 3
09:27:51 INFO  
09:27:51 INFO  Test duration: 85.30 secs
09:27:51 INFO  Test final outcome:  BLOCKED
09:27:51 INFO  Test outcome reason: AssertionError:
09:27:51 INFO  
</system-out>
	</testcase>
</testsuite><testsuite name="SoftwareManagement.sm_apt_install_fail" tests="3" errors="0" failures="0" skipped="1" time="0"><testcase classname="PySysTest" name="SoftwareManagement.sm_apt_install_fail">
		<skipped message="SKIPPED: Testing the apt plugin is not supported on this platform.Use parameter -XmyPlatform='container' to enable it" />
		<system-out>08:33:26 INFO  ==============================================================
08:33:26 INFO  Id:    SoftwareManagement.sm_apt_install_fail
08:33:26 INFO  Dir:   software_management_end_to_end/
08:33:26 INFO  Title: Validate end to end behaviour for a failing installation
08:33:26 INFO  ==============================================================
08:33:26 INFO  Testing the apt plugin is not supported on this platform.Use parameter -XmyPlatform='container' to enable it ... skipped
08:33:26 WARN  Aborted test due to SKIPPED outcome
08:33:26 INFO  
08:33:26 INFO  Test duration: 0.02 secs
08:33:26 INFO  Test final outcome:  SKIPPED
08:33:26 INFO  Test outcome reason: Testing the apt plugin is not supported on this platform.Use parameter -XmyPlatform='container' to enable it
08:33:26 INFO  
</system-out>
	</testcase>
<testcase classname="PySysTest" name="SoftwareManagement.sm_apt_install_fail" />
<testcase classname="PySysTest" name="SoftwareManagement.sm_apt_install_fail" />
</testsuite><testsuite name="SoftwareManagement.sm_apt_install_remove" tests="3" errors="0" failures="0" skipped="1" time="0"><testcase classname="PySysTest" name="SoftwareManagement.sm_apt_install_remove">
		<skipped message="SKIPPED: Testing the apt plugin is not supported on this platform.Use parameter -XmyPlatform='container' to enable it" />
		<system-out>08:33:26 INFO  ==============================================================
08:33:26 INFO  Id:    SoftwareManagement.sm_apt_install_remove
08:33:26 INFO  Dir:   software_management_end_to_end/
08:33:26 INFO  Title: Validate end to end behaviour for the apt plugin for installation and removal of packages
08:33:26 INFO  ==============================================================
08:33:26 INFO  Testing the apt plugin is not supported on this platform.Use parameter -XmyPlatform='container' to enable it ... skipped
08:33:26 WARN  Aborted test due to SKIPPED outcome
08:33:26 INFO  
08:33:26 INFO  Test duration: 0.02 secs
08:33:26 INFO  Test final outcome:  SKIPPED
08:33:26 INFO  Test outcome reason: Testing the apt plugin is not supported on this platform.Use parameter -XmyPlatform='container' to enable it
08:33:26 INFO  
</system-out>
	</testcase>
<testcase classname="PySysTest" name="SoftwareManagement.sm_apt_install_remove" />
<testcase classname="PySysTest" name="SoftwareManagement.sm_apt_install_remove" />
</testsuite><testsuite name="SoftwareManagement.sm_apt_install_remove_default" tests="3" errors="0" failures="0" skipped="1" time="0"><testcase classname="PySysTest" name="SoftwareManagement.sm_apt_install_remove_default">
		<skipped message="SKIPPED: Testing the apt plugin is not supported on this platform.Use parameter -XmyPlatform='container' to enable it" />
		<system-out>08:33:26 INFO  ==============================================================
08:33:26 INFO  Id:    SoftwareManagement.sm_apt_install_remove_default
08:33:26 INFO  Dir:   software_management_end_to_end/
08:33:26 INFO  Title: Validate end to end behaviour for the default plugin for installation and removal of packages
08:33:26 INFO  ==============================================================
08:33:26 INFO  Testing the apt plugin is not supported on this platform.Use parameter -XmyPlatform='container' to enable it ... skipped
08:33:26 WARN  Aborted test due to SKIPPED outcome
08:33:26 INFO  
08:33:26 INFO  Test duration: 0.02 secs
08:33:26 INFO  Test final outcome:  SKIPPED
08:33:26 INFO  Test outcome reason: Testing the apt plugin is not supported on this platform.Use parameter -XmyPlatform='container' to enable it
08:33:26 INFO  
</system-out>
	</testcase>
<testcase classname="PySysTest" name="SoftwareManagement.sm_apt_install_remove_default" />
<testcase classname="PySysTest" name="SoftwareManagement.sm_apt_install_remove_default" />
</testsuite><testsuite name="SoftwareManagement.sm_apt_install_remove_multiple" tests="3" errors="0" failures="2" skipped="1" time="0"><testcase classname="PySysTest" name="SoftwareManagement.sm_apt_install_remove_multiple">
		<skipped message="SKIPPED: Testing the apt plugin is not supported on this platform.Use parameter -XmyPlatform='container' to enable it" />
		<system-out>08:33:26 INFO  ==============================================================
08:33:26 INFO  Id:    SoftwareManagement.sm_apt_install_remove_multiple
08:33:26 INFO  Dir:   software_management_end_to_end/
08:33:26 INFO  Title: Validate end to end behaviour for the apt plugin for multiple packages
08:33:26 INFO  ==============================================================
08:33:26 INFO  Testing the apt plugin is not supported on this platform.Use parameter -XmyPlatform='container' to enable it ... skipped
08:33:26 WARN  Aborted test due to SKIPPED outcome
08:33:26 INFO  
08:33:26 INFO  Test duration: 0.02 secs
08:33:26 INFO  Test final outcome:  SKIPPED
08:33:26 INFO  Test outcome reason: Testing the apt plugin is not supported on this platform.Use parameter -XmyPlatform='container' to enable it
08:33:26 INFO  
</system-out>
	</testcase>
<testcase classname="PySysTest" name="SoftwareManagement.sm_apt_install_remove_multiple">
		<failure message="FAILED: Assert that (False == value) with value=True" type="FAILED" />
		<system-out>09:07:06 INFO  ==============================================================
09:07:06 INFO  Id:    SoftwareManagement.sm_apt_install_remove_multiple
09:07:06 INFO  Dir:   software_management_end_to_end/
09:07:06 INFO  Title: Validate end to end behaviour for the apt plugin for multiple packages
09:07:06 INFO  ==============================================================
09:07:06 INFO  Using sw id database: {'asciijump': '5475369', 'robotfindskitten': '5474869', 'squirrel3': '5475279', 'rolldice': '5152439', 'moon-buggy': '5439204', 'apple': '5495053', 'banana': '5494888', 'cherry': '5495382', 'watermelon': '5494510', 'registry': '8018911', 'hello-world': '8021526', 'docker/getting-started': '8021973', 'alpine': '7991792'}
09:07:06 INFO  EnvironmentC8y Setup
09:07:06 INFO  Executed systemctl&lt;serv_mapper1&gt;, exit status 3
09:07:06 INFO  Restarting mosquitto too frequently in the last 10 seconds. It was only up for 4 seconds
09:07:06 INFO  Delaying execution by 7 seconds
09:07:28 INFO  Executed sudo&lt;tedge_connect_c8y&gt;, exit status 0, duration 14 secs
09:07:28 INFO  Executed sudo&lt;tedge_connect_c8y_test&gt;, exit status 0
09:07:29 INFO  Executed systemctl&lt;serv_mosq2&gt;, exit status 0
09:07:29 INFO  Executed systemctl&lt;serv_mapper3&gt;, exit status 0
09:07:31 INFO  State of current operation: SUCCESSFUL
09:07:32 INFO  Assert that (False == value) with value=False ... passed
09:07:32 INFO  Assert that (False == value) with value=False ... passed
09:07:32 INFO  Assert that (False == value) with value=False ... passed
09:07:32 INFO  Package robotfindskitten is installed
09:07:32 WARN  Assert that (False == value) with value=True ... failed 
09:07:33 INFO  Response status: 201
09:07:33 INFO  Response to action: {
    "delivery": {
        "time": "2022-04-21T09:07:33.134Z",
        "log": [],
        "status": "PENDING"
    },
    "creationTime": "2022-04-21T09:07:33.120Z",
    "deviceName": "mythicd",
    "deviceId": "17512238",
    "self": "https://t493319102.eu-latest.cumulocity.com/devicecontrol/operations/17537497",
    "id": "17537497",
    "status": "PENDING",
    "description": "Apply software changes, triggered from PySys: [{'action': 'install', 'id': '5475369', 'name': 'asciijump', 'url': ' ', 'version': '::apt'}, {'action': 'install', 'id': '5474869', 'name': 'robotfindskitten', 'url': ' ', 'version': '::apt'}, {'action': 'install', 'id': '5475279', 'name': 'squirrel3', 'url': ' ', 'version': '::apt'}]",
    "c8y_SoftwareUpdate": [
        {
            "name": "asciijump",
            "action": "install",
            "id": "5475369",
            "version": "::apt",
            "url": " "
        },
        {
            "name": "robotfindskitten",
            "action": "install",
            "id": "5474869",
            "version": "::apt",
            "url": " "
        },
        {
            "name": "squirrel3",
            "action": "install",
            "id": "5475279",
            "version": "::apt",
            "url": " "
        }
    ]
}
09:07:33 INFO  Started operation: {'delivery': {'time': '2022-04-21T09:07:33.134Z', 'log': [], 'status': 'PENDING'}, 'creationTime': '2022-04-21T09:07:33.120Z', 'deviceName': 'mythicd', 'deviceId': '17512238', 'self': 'https://t493319102.eu-latest.cumulocity.com/devicecontrol/operations/17537497', 'id': '17537497', 'status': 'PENDING', 'description': "Apply software changes, triggered from PySys: [{'action': 'install', 'id': '5475369', 'name': 'asciijump', 'url': ' ', 'version': '::apt'}, {'action': 'install', 'id': '5474869', 'name': 'robotfindskitten', 'url': ' ', 'version': '::apt'}, {'action': 'install', 'id': '5475279', 'name': 'squirrel3', 'url': ' ', 'version': '::apt'}]", 'c8y_SoftwareUpdate': [{'name': 'asciijump', 'action': 'install', 'id': '5475369', 'version': '::apt', 'url': ' '}, {'name': 'robotfindskitten', 'action': 'install', 'id': '5474869', 'version': '::apt', 'url': ' '}, {'name': 'squirrel3', 'action': 'install', 'id': '5475279', 'version': '::apt', 'url': ' '}]}
09:07:35 INFO  State of operation 17537497 : PENDING
09:07:37 INFO  State of operation 17537497 : EXECUTING
09:07:39 INFO  State of operation 17537497 : EXECUTING
09:07:42 INFO  State of operation 17537497 : EXECUTING
09:07:44 INFO  State of operation 17537497 : EXECUTING
09:07:46 INFO  State of operation 17537497 : EXECUTING
09:07:49 INFO  State of operation 17537497 : EXECUTING
09:07:51 INFO  State of operation 17537497 : EXECUTING
09:07:54 INFO  State of operation 17537497 : EXECUTING
09:07:56 INFO  State of operation 17537497 : EXECUTING
09:07:59 INFO  State of operation 17537497 : EXECUTING
09:08:01 INFO  State of operation 17537497 : EXECUTING
09:08:03 INFO  State of operation 17537497 : EXECUTING
09:08:05 INFO  State of operation 17537497 : EXECUTING
09:08:08 INFO  State of operation 17537497 : EXECUTING
09:08:10 INFO  State of operation 17537497 : EXECUTING
09:08:12 INFO  State of operation 17537497 : EXECUTING
09:08:15 INFO  State of operation 17537497 : EXECUTING
09:08:17 INFO  State of operation 17537497 : EXECUTING
09:08:19 INFO  State of operation 17537497 : EXECUTING
09:08:22 INFO  State of operation 17537497 : EXECUTING
09:08:24 INFO  State of operation 17537497 : EXECUTING
09:08:27 INFO  State of operation 17537497 : EXECUTING
09:08:29 INFO  State of operation 17537497 : EXECUTING
09:08:32 INFO  State of operation 17537497 : EXECUTING
09:08:34 INFO  State of operation 17537497 : EXECUTING
09:08:37 INFO  State of operation 17537497 : EXECUTING
09:08:39 INFO  State of operation 17537497 : EXECUTING
09:08:42 INFO  State of operation 17537497 : EXECUTING
09:08:44 INFO  State of operation 17537497 : EXECUTING
09:08:47 INFO  State of operation 17537497 : EXECUTING
09:08:49 INFO  State of operation 17537497 : EXECUTING
09:08:51 INFO  State of operation 17537497 : EXECUTING
09:08:54 INFO  State of operation 17537497 : EXECUTING
09:08:56 INFO  State of operation 17537497 : SUCCESSFUL
09:08:56 INFO  Assert that (False == value) with value=False ... passed
09:08:56 INFO  Package asciijump is installed
09:08:56 INFO  Assert that (True == value) with value=True ... passed
09:08:57 INFO  Package squirrel3 is installed
09:08:57 INFO  Assert that (True == value) with value=True ... passed
09:08:57 INFO  Package robotfindskitten is installed
09:08:57 INFO  Assert that (True == value) with value=True ... passed
09:08:57 INFO  Response status: 201
09:08:57 INFO  Response to action: {
    "delivery": {
        "time": "2022-04-21T09:08:57.503Z",
        "log": [],
        "status": "PENDING"
    },
    "creationTime": "2022-04-21T09:08:57.489Z",
    "deviceName": "mythicd",
    "deviceId": "17512238",
    "self": "https://t493319102.eu-latest.cumulocity.com/devicecontrol/operations/17537507",
    "id": "17537507",
    "status": "PENDING",
    "description": "Apply software changes, triggered from PySys: [{'action': 'delete', 'id': '5475369', 'name': 'asciijump', 'url': ' ', 'version': '::apt'}, {'action': 'delete', 'id': '5474869', 'name': 'robotfindskitten', 'url': ' ', 'version': '::apt'}, {'action': 'delete', 'id': '5475279', 'name': 'squirrel3', 'url': ' ', 'version': '::apt'}]",
    "c8y_SoftwareUpdate": [
        {
            "name": "asciijump",
            "action": "delete",
            "id": "5475369",
            "version": "::apt",
            "url": " "
        },
        {
            "name": "robotfindskitten",
            "action": "delete",
            "id": "5474869",
            "version": "::apt",
            "url": " "
        },
        {
            "name": "squirrel3",
            "action": "delete",
            "id": "5475279",
            "version": "::apt",
            "url": " "
        }
    ]
}
09:08:57 INFO  Started operation: {'delivery': {'time': '2022-04-21T09:08:57.503Z', 'log': [], 'status': 'PENDING'}, 'creationTime': '2022-04-21T09:08:57.489Z', 'deviceName': 'mythicd', 'deviceId': '17512238', 'self': 'https://t493319102.eu-latest.cumulocity.com/devicecontrol/operations/17537507', 'id': '17537507', 'status': 'PENDING', 'description': "Apply software changes, triggered from PySys: [{'action': 'delete', 'id': '5475369', 'name': 'asciijump', 'url': ' ', 'version': '::apt'}, {'action': 'delete', 'id': '5474869', 'name': 'robotfindskitten', 'url': ' ', 'version': '::apt'}, {'action': 'delete', 'id': '5475279', 'name': 'squirrel3', 'url': ' ', 'version': '::apt'}]", 'c8y_SoftwareUpdate': [{'name': 'asciijump', 'action': 'delete', 'id': '5475369', 'version': '::apt', 'url': ' '}, {'name': 'robotfindskitten', 'action': 'delete', 'id': '5474869', 'version': '::apt', 'url': ' '}, {'name': 'squirrel3', 'action': 'delete', 'id': '5475279', 'version': '::apt', 'url': ' '}]}
09:08:59 INFO  State of operation 17537507 : PENDING
09:09:02 INFO  State of operation 17537507 : EXECUTING
09:09:04 INFO  State of operation 17537507 : EXECUTING
09:09:06 INFO  State of operation 17537507 : EXECUTING
09:09:08 INFO  State of operation 17537507 : EXECUTING
09:09:10 INFO  State of operation 17537507 : EXECUTING
09:09:13 INFO  State of operation 17537507 : EXECUTING
09:09:17 INFO  State of operation 17537507 : EXECUTING
09:09:19 INFO  State of operation 17537507 : EXECUTING
09:09:21 INFO  State of operation 17537507 : EXECUTING
09:09:23 INFO  State of operation 17537507 : EXECUTING
09:09:26 INFO  State of operation 17537507 : EXECUTING
09:09:28 INFO  State of operation 17537507 : EXECUTING
09:09:30 INFO  State of operation 17537507 : EXECUTING
09:09:32 INFO  State of operation 17537507 : EXECUTING
09:09:35 INFO  State of operation 17537507 : EXECUTING
09:09:37 INFO  State of operation 17537507 : EXECUTING
09:09:40 INFO  State of operation 17537507 : EXECUTING
09:09:42 INFO  State of operation 17537507 : EXECUTING
09:09:45 INFO  State of operation 17537507 : EXECUTING
09:09:47 INFO  State of operation 17537507 : EXECUTING
09:09:49 INFO  State of operation 17537507 : EXECUTING
09:09:51 INFO  State of operation 17537507 : EXECUTING
09:09:54 INFO  State of operation 17537507 : EXECUTING
09:09:57 INFO  State of operation 17537507 : EXECUTING
09:09:59 INFO  State of operation 17537507 : EXECUTING
09:10:02 INFO  State of operation 17537507 : EXECUTING
09:10:04 INFO  State of operation 17537507 : SUCCESSFUL
09:10:04 INFO  Assert that (False == value) with value=False ... passed
09:10:04 INFO  Assert that (False == value) with value=False ... passed
09:10:05 INFO  Assert that (False == value) with value=False ... passed
09:10:05 INFO  Assert that (False == value) with value=False ... passed
09:10:05 INFO  
09:10:05 INFO  cleanup:
09:10:09 INFO  Executed sudo&lt;tedge_disconnect_c8y&gt;, exit status 0
09:10:10 INFO  Executed systemctl&lt;serv_mapper5&gt;, exit status 3
09:10:10 INFO  
09:10:10 INFO  Test duration: 184.25 secs
09:10:10 INFO  Test final outcome:  FAILED
09:10:10 INFO  Test outcome reason: Assert that (False == value) with value=True
09:10:10 INFO  
</system-out>
	</testcase>
<testcase classname="PySysTest" name="SoftwareManagement.sm_apt_install_remove_multiple">
		<failure message="FAILED: Assert that (False == value) with value=True (+2 other failures)" type="FAILED" />
		<system-out>09:34:35 INFO  ==============================================================
09:34:35 INFO  Id:    SoftwareManagement.sm_apt_install_remove_multiple
09:34:35 INFO  Dir:   software_management_end_to_end/
09:34:35 INFO  Title: Validate end to end behaviour for the apt plugin for multiple packages
09:34:35 INFO  ==============================================================
09:34:35 INFO  Using sw id database: {'asciijump': '5475369', 'robotfindskitten': '5474869', 'squirrel3': '5475279', 'rolldice': '5152439', 'moon-buggy': '5439204', 'apple': '5495053', 'banana': '5494888', 'cherry': '5495382', 'watermelon': '5494510', 'registry': '8018911', 'hello-world': '8021526', 'docker/getting-started': '8021973', 'alpine': '7991792'}
09:34:35 INFO  EnvironmentC8y Setup
09:34:36 INFO  Executed systemctl&lt;serv_mapper1&gt;, exit status 3
09:34:36 INFO  Restarting mosquitto too frequently in the last 10 seconds. It was only up for 5 seconds
09:34:36 INFO  Delaying execution by 6 seconds
09:34:56 INFO  Executed sudo&lt;tedge_connect_c8y&gt;, exit status 0, duration 14 secs
09:34:57 INFO  Executed sudo&lt;tedge_connect_c8y_test&gt;, exit status 0
09:34:57 INFO  Executed systemctl&lt;serv_mosq2&gt;, exit status 0
09:34:58 INFO  Executed systemctl&lt;serv_mapper3&gt;, exit status 0
09:35:00 INFO  State of current operation: SUCCESSFUL
09:35:00 INFO  Assert that (False == value) with value=False ... passed
09:35:00 INFO  Package asciijump is installed
09:35:01 WARN  Assert that (False == value) with value=True ... failed 
09:35:01 INFO  Package squirrel3 is installed
09:35:01 WARN  Assert that (False == value) with value=True ... failed 
09:35:01 INFO  Package robotfindskitten is installed
09:35:01 WARN  Assert that (False == value) with value=True ... failed 
09:35:02 INFO  Response status: 201
09:35:02 INFO  Response to action: {
    "delivery": {
        "time": "2022-04-21T09:35:02.119Z",
        "log": [],
        "status": "PENDING"
    },
    "creationTime": "2022-04-21T09:35:02.103Z",
    "deviceName": "mythicd",
    "deviceId": "17512238",
    "self": "https://t493319102.eu-latest.cumulocity.com/devicecontrol/operations/17537651",
    "id": "17537651",
    "status": "PENDING",
    "description": "Apply software changes, triggered from PySys: [{'action': 'install', 'id': '5475369', 'name': 'asciijump', 'url': ' ', 'version': '::apt'}, {'action': 'install', 'id': '5474869', 'name': 'robotfindskitten', 'url': ' ', 'version': '::apt'}, {'action': 'install', 'id': '5475279', 'name': 'squirrel3', 'url': ' ', 'version': '::apt'}]",
    "c8y_SoftwareUpdate": [
        {
            "name": "asciijump",
            "action": "install",
            "id": "5475369",
            "version": "::apt",
            "url": " "
        },
        {
            "name": "robotfindskitten",
            "action": "install",
            "id": "5474869",
            "version": "::apt",
            "url": " "
        },
        {
            "name": "squirrel3",
            "action": "install",
            "id": "5475279",
            "version": "::apt",
            "url": " "
        }
    ]
}
09:35:02 INFO  Started operation: {'delivery': {'time': '2022-04-21T09:35:02.119Z', 'log': [], 'status': 'PENDING'}, 'creationTime': '2022-04-21T09:35:02.103Z', 'deviceName': 'mythicd', 'deviceId': '17512238', 'self': 'https://t493319102.eu-latest.cumulocity.com/devicecontrol/operations/17537651', 'id': '17537651', 'status': 'PENDING', 'description': "Apply software changes, triggered from PySys: [{'action': 'install', 'id': '5475369', 'name': 'asciijump', 'url': ' ', 'version': '::apt'}, {'action': 'install', 'id': '5474869', 'name': 'robotfindskitten', 'url': ' ', 'version': '::apt'}, {'action': 'install', 'id': '5475279', 'name': 'squirrel3', 'url': ' ', 'version': '::apt'}]", 'c8y_SoftwareUpdate': [{'name': 'asciijump', 'action': 'install', 'id': '5475369', 'version': '::apt', 'url': ' '}, {'name': 'robotfindskitten', 'action': 'install', 'id': '5474869', 'version': '::apt', 'url': ' '}, {'name': 'squirrel3', 'action': 'install', 'id': '5475279', 'version': '::apt', 'url': ' '}]}
09:35:04 INFO  State of operation 17537651 : PENDING
09:35:06 INFO  State of operation 17537651 : EXECUTING
09:35:08 INFO  State of operation 17537651 : EXECUTING
09:35:11 INFO  State of operation 17537651 : EXECUTING
09:35:13 INFO  State of operation 17537651 : EXECUTING
09:35:15 INFO  State of operation 17537651 : EXECUTING
09:35:18 INFO  State of operation 17537651 : EXECUTING
09:35:20 INFO  State of operation 17537651 : EXECUTING
09:35:23 INFO  State of operation 17537651 : EXECUTING
09:35:25 INFO  State of operation 17537651 : EXECUTING
09:35:28 INFO  State of operation 17537651 : EXECUTING
09:35:30 INFO  State of operation 17537651 : EXECUTING
09:35:32 INFO  State of operation 17537651 : EXECUTING
09:35:34 INFO  State of operation 17537651 : EXECUTING
09:35:36 INFO  State of operation 17537651 : EXECUTING
09:35:39 INFO  State of operation 17537651 : SUCCESSFUL
09:35:39 INFO  Assert that (False == value) with value=False ... passed
09:35:39 INFO  Package asciijump is installed
09:35:39 INFO  Assert that (True == value) with value=True ... passed
09:35:39 INFO  Package squirrel3 is installed
09:35:39 INFO  Assert that (True == value) with value=True ... passed
09:35:40 INFO  Package robotfindskitten is installed
09:35:40 INFO  Assert that (True == value) with value=True ... passed
09:35:40 INFO  Response status: 201
09:35:40 INFO  Response to action: {
    "delivery": {
        "time": "2022-04-21T09:35:40.305Z",
        "log": [],
        "status": "PENDING"
    },
    "creationTime": "2022-04-21T09:35:40.292Z",
    "deviceName": "mythicd",
    "deviceId": "17512238",
    "self": "https://t493319102.eu-latest.cumulocity.com/devicecontrol/operations/17537665",
    "id": "17537665",
    "status": "PENDING",
    "description": "Apply software changes, triggered from PySys: [{'action': 'delete', 'id': '5475369', 'name': 'asciijump', 'url': ' ', 'version': '::apt'}, {'action': 'delete', 'id': '5474869', 'name': 'robotfindskitten', 'url': ' ', 'version': '::apt'}, {'action': 'delete', 'id': '5475279', 'name': 'squirrel3', 'url': ' ', 'version': '::apt'}]",
    "c8y_SoftwareUpdate": [
        {
            "name": "asciijump",
            "action": "delete",
            "id": "5475369",
            "version": "::apt",
            "url": " "
        },
        {
            "name": "robotfindskitten",
            "action": "delete",
            "id": "5474869",
            "version": "::apt",
            "url": " "
        },
        {
            "name": "squirrel3",
            "action": "delete",
            "id": "5475279",
            "version": "::apt",
            "url": " "
        }
    ]
}
09:35:40 INFO  Started operation: {'delivery': {'time': '2022-04-21T09:35:40.305Z', 'log': [], 'status': 'PENDING'}, 'creationTime': '2022-04-21T09:35:40.292Z', 'deviceName': 'mythicd', 'deviceId': '17512238', 'self': 'https://t493319102.eu-latest.cumulocity.com/devicecontrol/operations/17537665', 'id': '17537665', 'status': 'PENDING', 'description': "Apply software changes, triggered from PySys: [{'action': 'delete', 'id': '5475369', 'name': 'asciijump', 'url': ' ', 'version': '::apt'}, {'action': 'delete', 'id': '5474869', 'name': 'robotfindskitten', 'url': ' ', 'version': '::apt'}, {'action': 'delete', 'id': '5475279', 'name': 'squirrel3', 'url': ' ', 'version': '::apt'}]", 'c8y_SoftwareUpdate': [{'name': 'asciijump', 'action': 'delete', 'id': '5475369', 'version': '::apt', 'url': ' '}, {'name': 'robotfindskitten', 'action': 'delete', 'id': '5474869', 'version': '::apt', 'url': ' '}, {'name': 'squirrel3', 'action': 'delete', 'id': '5475279', 'version': '::apt', 'url': ' '}]}
09:35:42 INFO  State of operation 17537665 : PENDING
09:35:44 INFO  State of operation 17537665 : EXECUTING
09:35:46 INFO  State of operation 17537665 : EXECUTING
09:35:49 INFO  State of operation 17537665 : EXECUTING
09:35:51 INFO  State of operation 17537665 : EXECUTING
09:35:53 INFO  State of operation 17537665 : EXECUTING
09:35:56 INFO  State of operation 17537665 : EXECUTING
09:35:59 INFO  State of operation 17537665 : EXECUTING
09:36:01 INFO  State of operation 17537665 : EXECUTING
09:36:03 INFO  State of operation 17537665 : EXECUTING
09:36:06 INFO  State of operation 17537665 : EXECUTING
09:36:08 INFO  State of operation 17537665 : EXECUTING
09:36:10 INFO  State of operation 17537665 : EXECUTING
09:36:12 INFO  State of operation 17537665 : EXECUTING
09:36:15 INFO  State of operation 17537665 : EXECUTING
09:36:17 INFO  State of operation 17537665 : EXECUTING
09:36:19 INFO  State of operation 17537665 : EXECUTING
09:36:21 INFO  State of operation 17537665 : EXECUTING
09:36:24 INFO  State of operation 17537665 : EXECUTING
09:36:26 INFO  State of operation 17537665 : EXECUTING
09:36:29 INFO  State of operation 17537665 : EXECUTING
09:36:31 INFO  State of operation 17537665 : EXECUTING
09:36:33 INFO  State of operation 17537665 : EXECUTING
09:36:36 INFO  State of operation 17537665 : EXECUTING
09:36:38 INFO  State of operation 17537665 : EXECUTING
09:36:41 INFO  State of operation 17537665 : EXECUTING
09:36:43 INFO  State of operation 17537665 : EXECUTING
09:36:45 INFO  State of operation 17537665 : EXECUTING
09:36:48 INFO  State of operation 17537665 : EXECUTING
09:36:50 INFO  State of operation 17537665 : SUCCESSFUL
09:36:50 INFO  Assert that (False == value) with value=False ... passed
09:36:50 INFO  Assert that (False == value) with value=False ... passed
09:36:51 INFO  Assert that (False == value) with value=False ... passed
09:36:51 INFO  Assert that (False == value) with value=False ... passed
09:36:51 INFO  
09:36:51 INFO  cleanup:
09:36:55 INFO  Executed sudo&lt;tedge_disconnect_c8y&gt;, exit status 0
09:36:56 INFO  Executed systemctl&lt;serv_mapper5&gt;, exit status 3
09:36:56 INFO  
09:36:56 INFO  Test duration: 141.01 secs
09:36:56 INFO  Test final outcome:  FAILED
09:36:56 INFO  Test outcome reason: Assert that (False == value) with value=True (+2 other failures)
09:36:56 INFO  
</system-out>
	</testcase>
</testsuite><testsuite name="SoftwareManagement.sm_apt_install_remove_multiple_mixed" tests="3" errors="0" failures="2" skipped="1" time="0"><testcase classname="PySysTest" name="SoftwareManagement.sm_apt_install_remove_multiple_mixed">
		<skipped message="SKIPPED: Testing the apt plugin is not supported on this platform.Use parameter -XmyPlatform='container' to enable it" />
		<system-out>08:33:26 INFO  ==============================================================
08:33:26 INFO  Id:    SoftwareManagement.sm_apt_install_remove_multiple_mixed
08:33:26 INFO  Dir:   software_management_end_to_end/
08:33:26 INFO  Title: Validate end to end behaviour for the apt plugin for multiple packages with mixed versions
08:33:26 INFO  ==============================================================
08:33:26 INFO  Testing the apt plugin is not supported on this platform.Use parameter -XmyPlatform='container' to enable it ... skipped
08:33:26 WARN  Aborted test due to SKIPPED outcome
08:33:26 INFO  
08:33:26 INFO  Test duration: 0.02 secs
08:33:26 INFO  Test final outcome:  SKIPPED
08:33:26 INFO  Test outcome reason: Testing the apt plugin is not supported on this platform.Use parameter -XmyPlatform='container' to enable it
08:33:26 INFO  
</system-out>
	</testcase>
<testcase classname="PySysTest" name="SoftwareManagement.sm_apt_install_remove_multiple_mixed">
		<failure message="BLOCKED: SystemError: Timeout while waiting for status SUCCESSFUL or False" type="BLOCKED" />
		<system-out>09:10:10 INFO  ==============================================================
09:10:10 INFO  Id:    SoftwareManagement.sm_apt_install_remove_multiple_mixed
09:10:10 INFO  Dir:   software_management_end_to_end/
09:10:10 INFO  Title: Validate end to end behaviour for the apt plugin for multiple packages with mixed versions
09:10:10 INFO  ==============================================================
09:10:10 INFO  Using sw id database: {'asciijump': '5475369', 'robotfindskitten': '5474869', 'squirrel3': '5475279', 'rolldice': '5152439', 'moon-buggy': '5439204', 'apple': '5495053', 'banana': '5494888', 'cherry': '5495382', 'watermelon': '5494510', 'registry': '8018911', 'hello-world': '8021526', 'docker/getting-started': '8021973', 'alpine': '7991792'}
09:10:10 INFO  EnvironmentC8y Setup
09:10:10 INFO  Executed systemctl&lt;serv_mapper1&gt;, exit status 3
09:10:11 INFO  Restarting mosquitto too frequently in the last 10 seconds. It was only up for 5 seconds
09:10:11 INFO  Delaying execution by 6 seconds
09:10:31 INFO  Executed sudo&lt;tedge_connect_c8y&gt;, exit status 0, duration 13 secs
09:10:31 INFO  Executed sudo&lt;tedge_connect_c8y_test&gt;, exit status 0
09:10:32 INFO  Executed systemctl&lt;serv_mosq2&gt;, exit status 0
09:10:32 INFO  Executed systemctl&lt;serv_mapper3&gt;, exit status 0
09:10:35 INFO  State of current operation: SUCCESSFUL
09:10:35 INFO  Assert that (False == value) with value=False ... passed
09:10:35 INFO  Assert that (False == value) with value=False ... passed
09:10:35 INFO  Assert that (False == value) with value=False ... passed
09:10:36 INFO  Assert that (False == value) with value=False ... passed
09:10:36 INFO  Assert that (False == value) with value=False ... passed
09:10:37 INFO  Response status: 201
09:10:37 INFO  Response to action: {
    "delivery": {
        "time": "2022-04-21T09:10:37.427Z",
        "log": [],
        "status": "PENDING"
    },
    "creationTime": "2022-04-21T09:10:37.411Z",
    "deviceName": "mythicd",
    "deviceId": "17512238",
    "self": "https://t493319102.eu-latest.cumulocity.com/devicecontrol/operations/17537522",
    "id": "17537522",
    "status": "PENDING",
    "description": "Apply software changes, triggered from PySys: [{'action': 'install', 'id': '5475369', 'name': 'asciijump', 'url': ' ', 'version': '::apt'}, {'action': 'install', 'id': '5474869', 'name': 'robotfindskitten', 'url': ' ', 'version': ' '}, {'action': 'install', 'id': '5475279', 'name': 'squirrel3', 'url': ' ', 'version': '3.1-7::apt'}, {'action': 'install', 'id': '5152439', 'name': 'rolldice', 'url': ' ', 'version': '1.16-1+b1'}, {'action': 'install', 'id': '5439204', 'name': 'moon-buggy', 'url': ' ', 'version': '1:1.0.51-12'}, {'action': 'install', 'id': '5475369', 'name': 'asciijump', 'url': ' ', 'version': '::apt'}]",
    "c8y_SoftwareUpdate": [
        {
            "name": "asciijump",
            "action": "install",
            "id": "5475369",
            "version": "::apt",
            "url": " "
        },
        {
            "name": "robotfindskitten",
            "action": "install",
            "id": "5474869",
            "version": " ",
            "url": " "
        },
        {
            "name": "squirrel3",
            "action": "install",
            "id": "5475279",
            "version": "3.1-7::apt",
            "url": " "
        },
        {
            "name": "rolldice",
            "action": "install",
            "id": "5152439",
            "version": "1.16-1+b1",
            "url": " "
        },
        {
            "name": "moon-buggy",
            "action": "install",
            "id": "5439204",
            "version": "1:1.0.51-12",
            "url": " "
        },
        {
            "name": "asciijump",
            "action": "install",
            "id": "5475369",
            "version": "::apt",
            "url": " "
        }
    ]
}
09:10:37 INFO  Started operation: {'delivery': {'time': '2022-04-21T09:10:37.427Z', 'log': [], 'status': 'PENDING'}, 'creationTime': '2022-04-21T09:10:37.411Z', 'deviceName': 'mythicd', 'deviceId': '17512238', 'self': 'https://t493319102.eu-latest.cumulocity.com/devicecontrol/operations/17537522', 'id': '17537522', 'status': 'PENDING', 'description': "Apply software changes, triggered from PySys: [{'action': 'install', 'id': '5475369', 'name': 'asciijump', 'url': ' ', 'version': '::apt'}, {'action': 'install', 'id': '5474869', 'name': 'robotfindskitten', 'url': ' ', 'version': ' '}, {'action': 'install', 'id': '5475279', 'name': 'squirrel3', 'url': ' ', 'version': '3.1-7::apt'}, {'action': 'install', 'id': '5152439', 'name': 'rolldice', 'url': ' ', 'version': '1.16-1+b1'}, {'action': 'install', 'id': '5439204', 'name': 'moon-buggy', 'url': ' ', 'version': '1:1.0.51-12'}, {'action': 'install', 'id': '5475369', 'name': 'asciijump', 'url': ' ', 'version': '::apt'}]", 'c8y_SoftwareUpdate': [{'name': 'asciijump', 'action': 'install', 'id': '5475369', 'version': '::apt', 'url': ' '}, {'name': 'robotfindskitten', 'action': 'install', 'id': '5474869', 'version': ' ', 'url': ' '}, {'name': 'squirrel3', 'action': 'install', 'id': '5475279', 'version': '3.1-7::apt', 'url': ' '}, {'name': 'rolldice', 'action': 'install', 'id': '5152439', 'version': '1.16-1+b1', 'url': ' '}, {'name': 'moon-buggy', 'action': 'install', 'id': '5439204', 'version': '1:1.0.51-12', 'url': ' '}, {'name': 'asciijump', 'action': 'install', 'id': '5475369', 'version': '::apt', 'url': ' '}]}
09:10:39 INFO  State of operation 17537522 : PENDING
09:10:41 INFO  State of operation 17537522 : EXECUTING
09:10:44 INFO  State of operation 17537522 : EXECUTING
09:10:46 INFO  State of operation 17537522 : EXECUTING
09:10:48 INFO  State of operation 17537522 : EXECUTING
09:10:50 INFO  State of operation 17537522 : EXECUTING
09:10:53 INFO  State of operation 17537522 : EXECUTING
09:10:56 INFO  State of operation 17537522 : EXECUTING
09:10:59 INFO  State of operation 17537522 : EXECUTING
09:11:01 INFO  State of operation 17537522 : EXECUTING
09:11:03 INFO  State of operation 17537522 : EXECUTING
09:11:05 INFO  State of operation 17537522 : EXECUTING
09:11:08 INFO  State of operation 17537522 : EXECUTING
09:11:10 INFO  State of operation 17537522 : EXECUTING
09:11:12 INFO  State of operation 17537522 : EXECUTING
09:11:15 INFO  State of operation 17537522 : EXECUTING
09:11:17 INFO  State of operation 17537522 : EXECUTING
09:11:20 INFO  State of operation 17537522 : EXECUTING
09:11:22 INFO  State of operation 17537522 : EXECUTING
09:11:25 INFO  State of operation 17537522 : EXECUTING
09:11:27 INFO  State of operation 17537522 : EXECUTING
09:11:29 INFO  State of operation 17537522 : EXECUTING
09:11:31 INFO  State of operation 17537522 : EXECUTING
09:11:34 INFO  State of operation 17537522 : EXECUTING
09:11:36 INFO  State of operation 17537522 : EXECUTING
09:11:39 INFO  State of operation 17537522 : EXECUTING
09:11:41 INFO  State of operation 17537522 : EXECUTING
09:11:44 INFO  State of operation 17537522 : EXECUTING
09:11:46 INFO  State of operation 17537522 : EXECUTING
09:11:48 INFO  State of operation 17537522 : EXECUTING
09:11:51 INFO  State of operation 17537522 : EXECUTING
09:11:53 INFO  State of operation 17537522 : EXECUTING
09:11:55 INFO  State of operation 17537522 : EXECUTING
09:11:58 INFO  State of operation 17537522 : EXECUTING
09:12:00 INFO  State of operation 17537522 : EXECUTING
09:12:02 INFO  State of operation 17537522 : EXECUTING
09:12:04 INFO  State of operation 17537522 : EXECUTING
09:12:06 INFO  State of operation 17537522 : EXECUTING
09:12:09 INFO  State of operation 17537522 : EXECUTING
09:12:11 INFO  State of operation 17537522 : EXECUTING
09:12:14 INFO  State of operation 17537522 : EXECUTING
09:12:17 INFO  State of operation 17537522 : EXECUTING
09:12:19 INFO  State of operation 17537522 : EXECUTING
09:12:21 INFO  State of operation 17537522 : EXECUTING
09:12:24 INFO  State of operation 17537522 : EXECUTING
09:12:26 INFO  State of operation 17537522 : EXECUTING
09:12:28 INFO  State of operation 17537522 : EXECUTING
09:12:30 INFO  State of operation 17537522 : EXECUTING
09:12:33 INFO  State of operation 17537522 : EXECUTING
09:12:35 INFO  State of operation 17537522 : EXECUTING
09:12:38 INFO  State of operation 17537522 : EXECUTING
09:12:40 INFO  State of operation 17537522 : EXECUTING
09:12:42 INFO  State of operation 17537522 : EXECUTING
09:12:45 INFO  State of operation 17537522 : EXECUTING
09:12:47 INFO  State of operation 17537522 : EXECUTING
09:12:50 INFO  State of operation 17537522 : EXECUTING
09:12:52 INFO  State of operation 17537522 : EXECUTING
09:12:54 INFO  State of operation 17537522 : EXECUTING
09:12:56 INFO  State of operation 17537522 : EXECUTING
09:12:59 INFO  State of operation 17537522 : EXECUTING
09:13:01 INFO  State of operation 17537522 : EXECUTING
09:13:03 WARN  SystemError occurred while running test - Timeout while waiting for status SUCCESSFUL or False
Traceback (most recent call last):
  File "/home/pi/env-pysys/lib/python3.7/site-packages/pysys/baserunner.py", line 1294, in __call__
    self.testObj.execute()
  File "/home/pi/actions-runner/_work/thin-edge.io/thin-edge.io/tests/PySys/software_management_end_to_end/sm_apt_install_remove_multiple_mixed/run.py", line 89, in execute
    self.wait_until_succcess()
  File "/home/pi/actions-runner/_work/thin-edge.io/thin-edge.io/tests/PySys/software_management_end_to_end/environment_sm_management.py", line 324, in wait_until_succcess
    self.wait_until_status("SUCCESSFUL")
  File "/home/pi/actions-runner/_work/thin-edge.io/thin-edge.io/tests/PySys/software_management_end_to_end/environment_sm_management.py", line 381, in wait_until_status
    "Timeout while waiting for status %s or %s" % (status, status2)
SystemError: Timeout while waiting for status SUCCESSFUL or False
09:13:04 WARN  SystemError: Timeout while waiting for status SUCCESSFUL or False ... blocked 
09:13:04 INFO  
09:13:04 INFO  cleanup:
09:13:08 INFO  Executed sudo&lt;tedge_disconnect_c8y&gt;, exit status 0
09:13:09 INFO  Executed systemctl&lt;serv_mapper5&gt;, exit status 3
09:13:09 INFO  
09:13:09 INFO  Test duration: 178.79 secs
09:13:09 INFO  Test final outcome:  BLOCKED
09:13:09 INFO  Test outcome reason: SystemError: Timeout while waiting for status SUCCESSFUL or False
09:13:09 INFO  
</system-out>
	</testcase>
<testcase classname="PySysTest" name="SoftwareManagement.sm_apt_install_remove_multiple_mixed">
		<failure message="BLOCKED: SystemError: Timeout while waiting for status SUCCESSFUL or False (+1 other failures)" type="BLOCKED" />
		<system-out>09:36:56 INFO  ==============================================================
09:36:56 INFO  Id:    SoftwareManagement.sm_apt_install_remove_multiple_mixed
09:36:56 INFO  Dir:   software_management_end_to_end/
09:36:56 INFO  Title: Validate end to end behaviour for the apt plugin for multiple packages with mixed versions
09:36:56 INFO  ==============================================================
09:36:56 INFO  Using sw id database: {'asciijump': '5475369', 'robotfindskitten': '5474869', 'squirrel3': '5475279', 'rolldice': '5152439', 'moon-buggy': '5439204', 'apple': '5495053', 'banana': '5494888', 'cherry': '5495382', 'watermelon': '5494510', 'registry': '8018911', 'hello-world': '8021526', 'docker/getting-started': '8021973', 'alpine': '7991792'}
09:36:56 INFO  EnvironmentC8y Setup
09:36:57 INFO  Executed systemctl&lt;serv_mapper1&gt;, exit status 3
09:36:57 INFO  Restarting mosquitto too frequently in the last 10 seconds. It was only up for 5 seconds
09:36:57 INFO  Delaying execution by 6 seconds
09:37:17 INFO  Executed sudo&lt;tedge_connect_c8y&gt;, exit status 0, duration 14 secs
09:37:17 INFO  Executed sudo&lt;tedge_connect_c8y_test&gt;, exit status 0
09:37:18 INFO  Executed systemctl&lt;serv_mosq2&gt;, exit status 0
09:37:19 INFO  Executed systemctl&lt;serv_mapper3&gt;, exit status 0
09:37:21 INFO  State of current operation: SUCCESSFUL
09:37:21 INFO  Assert that (False == value) with value=False ... passed
09:37:21 INFO  Assert that (False == value) with value=False ... passed
09:37:22 INFO  Assert that (False == value) with value=False ... passed
09:37:22 INFO  Assert that (False == value) with value=False ... passed
09:37:22 INFO  Package moon-buggy is installed
09:37:22 WARN  Assert that (False == value) with value=True ... failed 
09:37:23 INFO  Response status: 201
09:37:23 INFO  Response to action: {
    "creationTime": "2022-04-21T09:37:23.897Z",
    "deviceName": "mythicd",
    "deviceId": "17512238",
    "self": "https://t493319102.eu-latest.cumulocity.com/devicecontrol/operations/17537688",
    "id": "17537688",
    "status": "PENDING",
    "description": "Apply software changes, triggered from PySys: [{'action': 'install', 'id': '5475369', 'name': 'asciijump', 'url': ' ', 'version': '::apt'}, {'action': 'install', 'id': '5474869', 'name': 'robotfindskitten', 'url': ' ', 'version': ' '}, {'action': 'install', 'id': '5475279', 'name': 'squirrel3', 'url': ' ', 'version': '3.1-7::apt'}, {'action': 'install', 'id': '5152439', 'name': 'rolldice', 'url': ' ', 'version': '1.16-1+b1'}, {'action': 'install', 'id': '5439204', 'name': 'moon-buggy', 'url': ' ', 'version': '1:1.0.51-12'}, {'action': 'install', 'id': '5475369', 'name': 'asciijump', 'url': ' ', 'version': '::apt'}]",
    "c8y_SoftwareUpdate": [
        {
            "name": "asciijump",
            "action": "install",
            "id": "5475369",
            "version": "::apt",
            "url": " "
        },
        {
            "name": "robotfindskitten",
            "action": "install",
            "id": "5474869",
            "version": " ",
            "url": " "
        },
        {
            "name": "squirrel3",
            "action": "install",
            "id": "5475279",
            "version": "3.1-7::apt",
            "url": " "
        },
        {
            "name": "rolldice",
            "action": "install",
            "id": "5152439",
            "version": "1.16-1+b1",
            "url": " "
        },
        {
            "name": "moon-buggy",
            "action": "install",
            "id": "5439204",
            "version": "1:1.0.51-12",
            "url": " "
        },
        {
            "name": "asciijump",
            "action": "install",
            "id": "5475369",
            "version": "::apt",
            "url": " "
        }
    ]
}
09:37:23 INFO  Started operation: {'creationTime': '2022-04-21T09:37:23.897Z', 'deviceName': 'mythicd', 'deviceId': '17512238', 'self': 'https://t493319102.eu-latest.cumulocity.com/devicecontrol/operations/17537688', 'id': '17537688', 'status': 'PENDING', 'description': "Apply software changes, triggered from PySys: [{'action': 'install', 'id': '5475369', 'name': 'asciijump', 'url': ' ', 'version': '::apt'}, {'action': 'install', 'id': '5474869', 'name': 'robotfindskitten', 'url': ' ', 'version': ' '}, {'action': 'install', 'id': '5475279', 'name': 'squirrel3', 'url': ' ', 'version': '3.1-7::apt'}, {'action': 'install', 'id': '5152439', 'name': 'rolldice', 'url': ' ', 'version': '1.16-1+b1'}, {'action': 'install', 'id': '5439204', 'name': 'moon-buggy', 'url': ' ', 'version': '1:1.0.51-12'}, {'action': 'install', 'id': '5475369', 'name': 'asciijump', 'url': ' ', 'version': '::apt'}]", 'c8y_SoftwareUpdate': [{'name': 'asciijump', 'action': 'install', 'id': '5475369', 'version': '::apt', 'url': ' '}, {'name': 'robotfindskitten', 'action': 'install', 'id': '5474869', 'version': ' ', 'url': ' '}, {'name': 'squirrel3', 'action': 'install', 'id': '5475279', 'version': '3.1-7::apt', 'url': ' '}, {'name': 'rolldice', 'action': 'install', 'id': '5152439', 'version': '1.16-1+b1', 'url': ' '}, {'name': 'moon-buggy', 'action': 'install', 'id': '5439204', 'version': '1:1.0.51-12', 'url': ' '}, {'name': 'asciijump', 'action': 'install', 'id': '5475369', 'version': '::apt', 'url': ' '}]}
09:37:26 INFO  State of operation 17537688 : PENDING
09:37:28 INFO  State of operation 17537688 : EXECUTING
09:37:30 INFO  State of operation 17537688 : EXECUTING
09:37:32 INFO  State of operation 17537688 : EXECUTING
09:37:35 INFO  State of operation 17537688 : EXECUTING
09:37:37 INFO  State of operation 17537688 : EXECUTING
09:37:39 INFO  State of operation 17537688 : EXECUTING
09:37:42 INFO  State of operation 17537688 : EXECUTING
09:37:44 INFO  State of operation 17537688 : EXECUTING
09:37:46 INFO  State of operation 17537688 : EXECUTING
09:37:49 INFO  State of operation 17537688 : EXECUTING
09:37:51 INFO  State of operation 17537688 : EXECUTING
09:37:53 INFO  State of operation 17537688 : EXECUTING
09:37:55 INFO  State of operation 17537688 : EXECUTING
09:37:58 INFO  State of operation 17537688 : EXECUTING
09:38:00 INFO  State of operation 17537688 : EXECUTING
09:38:02 INFO  State of operation 17537688 : EXECUTING
09:38:05 INFO  State of operation 17537688 : EXECUTING
09:38:07 INFO  State of operation 17537688 : EXECUTING
09:38:09 INFO  State of operation 17537688 : EXECUTING
09:38:12 INFO  State of operation 17537688 : EXECUTING
09:38:14 INFO  State of operation 17537688 : EXECUTING
09:38:17 INFO  State of operation 17537688 : EXECUTING
09:38:19 INFO  State of operation 17537688 : EXECUTING
09:38:21 INFO  State of operation 17537688 : EXECUTING
09:38:23 INFO  State of operation 17537688 : EXECUTING
09:38:26 INFO  State of operation 17537688 : EXECUTING
09:38:28 INFO  State of operation 17537688 : EXECUTING
09:38:31 INFO  State of operation 17537688 : EXECUTING
09:38:33 INFO  State of operation 17537688 : EXECUTING
09:38:36 INFO  State of operation 17537688 : EXECUTING
09:38:38 INFO  State of operation 17537688 : EXECUTING
09:38:40 INFO  State of operation 17537688 : EXECUTING
09:38:42 INFO  State of operation 17537688 : EXECUTING
09:38:44 INFO  State of operation 17537688 : EXECUTING
09:38:47 INFO  State of operation 17537688 : EXECUTING
09:38:49 INFO  State of operation 17537688 : EXECUTING
09:38:51 INFO  State of operation 17537688 : EXECUTING
09:38:54 INFO  State of operation 17537688 : EXECUTING
09:38:56 INFO  State of operation 17537688 : EXECUTING
09:38:59 INFO  State of operation 17537688 : EXECUTING
09:39:01 INFO  State of operation 17537688 : EXECUTING
09:39:04 INFO  State of operation 17537688 : EXECUTING
09:39:06 INFO  State of operation 17537688 : EXECUTING
09:39:08 INFO  State of operation 17537688 : EXECUTING
09:39:11 INFO  State of operation 17537688 : EXECUTING
09:39:13 INFO  State of operation 17537688 : EXECUTING
09:39:15 INFO  State of operation 17537688 : EXECUTING
09:39:17 INFO  State of operation 17537688 : EXECUTING
09:39:20 INFO  State of operation 17537688 : EXECUTING
09:39:22 INFO  State of operation 17537688 : EXECUTING
09:39:25 INFO  State of operation 17537688 : EXECUTING
09:39:27 INFO  State of operation 17537688 : EXECUTING
09:39:29 INFO  State of operation 17537688 : EXECUTING
09:39:32 INFO  State of operation 17537688 : EXECUTING
09:39:34 INFO  State of operation 17537688 : EXECUTING
09:39:36 INFO  State of operation 17537688 : EXECUTING
09:39:39 INFO  State of operation 17537688 : EXECUTING
09:39:41 INFO  State of operation 17537688 : EXECUTING
09:39:43 INFO  State of operation 17537688 : EXECUTING
09:39:46 INFO  State of operation 17537688 : EXECUTING
09:39:48 WARN  SystemError occurred while running test - Timeout while waiting for status SUCCESSFUL or False
Traceback (most recent call last):
  File "/home/pi/env-pysys/lib/python3.7/site-packages/pysys/baserunner.py", line 1294, in __call__
    self.testObj.execute()
  File "/home/pi/actions-runner/_work/thin-edge.io/thin-edge.io/tests/PySys/software_management_end_to_end/sm_apt_install_remove_multiple_mixed/run.py", line 89, in execute
    self.wait_until_succcess()
  File "/home/pi/actions-runner/_work/thin-edge.io/thin-edge.io/tests/PySys/software_management_end_to_end/environment_sm_management.py", line 324, in wait_until_succcess
    self.wait_until_status("SUCCESSFUL")
  File "/home/pi/actions-runner/_work/thin-edge.io/thin-edge.io/tests/PySys/software_management_end_to_end/environment_sm_management.py", line 381, in wait_until_status
    "Timeout while waiting for status %s or %s" % (status, status2)
SystemError: Timeout while waiting for status SUCCESSFUL or False
09:39:48 WARN  SystemError: Timeout while waiting for status SUCCESSFUL or False ... blocked 
09:39:48 INFO  
09:39:48 INFO  cleanup:
09:39:53 INFO  Executed sudo&lt;tedge_disconnect_c8y&gt;, exit status 0
09:39:53 INFO  Executed systemctl&lt;serv_mapper5&gt;, exit status 3
09:39:53 INFO  
09:39:53 INFO  Test duration: 177.36 secs
09:39:53 INFO  Test final outcome:  BLOCKED
09:39:53 INFO  Test outcome reason: SystemError: Timeout while waiting for status SUCCESSFUL or False (+1 other failures)
09:39:53 INFO  
</system-out>
	</testcase>
</testsuite><testsuite name="SoftwareManagement.sm_apt_install_remove_with_version" tests="3" errors="0" failures="0" skipped="1" time="0"><testcase classname="PySysTest" name="SoftwareManagement.sm_apt_install_remove_with_version">
		<skipped message="SKIPPED: Testing the apt plugin is not supported on this platform.Use parameter -XmyPlatform='container' to enable it" />
		<system-out>08:33:26 INFO  ==============================================================
08:33:26 INFO  Id:    SoftwareManagement.sm_apt_install_remove_with_version
08:33:26 INFO  Dir:   software_management_end_to_end/
08:33:26 INFO  Title: Validate end to end behaviour for the apt plugin for packages with version
08:33:26 INFO  ==============================================================
08:33:26 INFO  Testing the apt plugin is not supported on this platform.Use parameter -XmyPlatform='container' to enable it ... skipped
08:33:26 WARN  Aborted test due to SKIPPED outcome
08:33:26 INFO  
08:33:26 INFO  Test duration: 0.02 secs
08:33:26 INFO  Test final outcome:  SKIPPED
08:33:26 INFO  Test outcome reason: Testing the apt plugin is not supported on this platform.Use parameter -XmyPlatform='container' to enable it
08:33:26 INFO  
</system-out>
	</testcase>
<testcase classname="PySysTest" name="SoftwareManagement.sm_apt_install_remove_with_version" />
<testcase classname="PySysTest" name="SoftwareManagement.sm_apt_install_remove_with_version" />
</testsuite><testsuite name="SoftwareManagement.sm_docker_install_remove_multiple" tests="3" errors="0" failures="0" skipped="1" time="0"><testcase classname="SMDockerInstallRemove" name="SoftwareManagement.sm_docker_install_remove_multiple">
		<skipped message="SKIPPED: Testing the apt plugin is not supported on this platform.Use parameter -XmyPlatform='container' to enable it" />
		<system-out>08:33:26 INFO  ==============================================================
08:33:26 INFO  Id:    SoftwareManagement.sm_docker_install_remove_multiple
08:33:26 INFO  Dir:   software_management_end_to_end/
08:33:26 INFO  Title: Validate end to end behaviour for the docker plugin for multiple docker images with mixed versions
08:33:26 INFO  ==============================================================
08:33:26 INFO  Testing the apt plugin is not supported on this platform.Use parameter -XmyPlatform='container' to enable it ... skipped
08:33:26 WARN  Aborted test due to SKIPPED outcome
08:33:26 INFO  
08:33:26 INFO  Test duration: 0.02 secs
08:33:26 INFO  Test final outcome:  SKIPPED
08:33:26 INFO  Test outcome reason: Testing the apt plugin is not supported on this platform.Use parameter -XmyPlatform='container' to enable it
08:33:26 INFO  
</system-out>
	</testcase>
<testcase classname="SMDockerInstallRemove" name="SoftwareManagement.sm_docker_install_remove_multiple" />
<testcase classname="SMDockerInstallRemove" name="SoftwareManagement.sm_docker_install_remove_multiple" />
</testsuite><testsuite name="SoftwareManagement.sm_fake_install_remove" tests="2" errors="0" failures="0" skipped="1" time="0"><testcase classname="PySysTest" name="SoftwareManagement.sm_fake_install_remove">
		<skipped message="SKIPPED: Testing the fake plugin is not enabled.Use parameter -Xfakeplugin=fakeplugin to enable it" />
		<system-out>08:33:26 INFO  ==============================================================
08:33:26 INFO  Id:    SoftwareManagement.sm_fake_install_remove
08:33:26 INFO  Dir:   software_management_end_to_end/
08:33:26 INFO  Title: Validate end to end behaviour for the dummy plugin for installation and removal of packages
08:33:26 INFO  ==============================================================
08:33:26 INFO  Testing the fake plugin is not enabled.Use parameter -Xfakeplugin=fakeplugin to enable it ... skipped
08:33:26 WARN  Aborted test due to SKIPPED outcome
08:33:26 INFO  
08:33:26 INFO  Test duration: 0.02 secs
08:33:26 INFO  Test final outcome:  SKIPPED
08:33:26 INFO  Test outcome reason: Testing the fake plugin is not enabled.Use parameter -Xfakeplugin=fakeplugin to enable it
08:33:26 INFO  
</system-out>
	</testcase>
<testcase classname="PySysTest" name="SoftwareManagement.sm_fake_install_remove" />
</testsuite><testsuite name="SoftwareManagement.sm_fake_install_remove_multiple" tests="2" errors="0" failures="0" skipped="1" time="0"><testcase classname="PySysTest" name="SoftwareManagement.sm_fake_install_remove_multiple">
		<skipped message="SKIPPED: Testing the fake plugin is not enabled.Use parameter -Xfakeplugin=fakeplugin to enable it" />
		<system-out>08:33:26 INFO  ==============================================================
08:33:26 INFO  Id:    SoftwareManagement.sm_fake_install_remove_multiple
08:33:26 INFO  Dir:   software_management_end_to_end/
08:33:26 INFO  Title: Validate end to end behaviour for the dummy-plugin for multiple packages
08:33:26 INFO  ==============================================================
08:33:26 INFO  Testing the fake plugin is not enabled.Use parameter -Xfakeplugin=fakeplugin to enable it ... skipped
08:33:26 WARN  Aborted test due to SKIPPED outcome
08:33:26 INFO  
08:33:26 INFO  Test duration: 0.02 secs
08:33:26 INFO  Test final outcome:  SKIPPED
08:33:26 INFO  Test outcome reason: Testing the fake plugin is not enabled.Use parameter -Xfakeplugin=fakeplugin to enable it
08:33:26 INFO  
</system-out>
	</testcase>
<testcase classname="PySysTest" name="SoftwareManagement.sm_fake_install_remove_multiple" />
</testsuite><testsuite name="SoftwareManagement.sm_mapper_fail_and_reconnect" tests="2" errors="0" failures="0" skipped="2" time="0"><testcase classname="MapperC8yReceiveLastMessageOnRestart" name="SoftwareManagement.sm_mapper_fail_and_reconnect">
		<skipped message="SKIPPED: instable https://github.com/thin-edge/thin-edge.io/issues/752" />
		<system-out>08:33:26 INFO  ==============================================================
08:33:26 INFO  Id:    SoftwareManagement.sm_mapper_fail_and_reconnect
08:33:26 INFO  Dir:   software_management_end_to_end/
08:33:26 INFO  Title: Validate the tedge-mapper-sm-c8y for receiving the last message on restart
08:33:26 INFO  ==============================================================
08:33:26 INFO  instable https://github.com/thin-edge/thin-edge.io/issues/752 ... skipped
08:33:26 INFO  
08:33:26 INFO  Test duration: 0.02 secs
08:33:26 INFO  Test final outcome:  SKIPPED
08:33:26 INFO  Test outcome reason: instable https://github.com/thin-edge/thin-edge.io/issues/752
08:33:26 INFO  
</system-out>
	</testcase>
<testcase classname="MapperC8yReceiveLastMessageOnRestart" name="SoftwareManagement.sm_mapper_fail_and_reconnect">
		<skipped message="SKIPPED: instable https://github.com/thin-edge/thin-edge.io/issues/752" />
		<system-out>09:46:53 INFO  ==============================================================
09:46:53 INFO  Id:    SoftwareManagement.sm_mapper_fail_and_reconnect
09:46:53 INFO  Dir:   software_management_end_to_end/
09:46:53 INFO  Title: Validate the tedge-mapper-sm-c8y for receiving the last message on restart
09:46:53 INFO  ==============================================================
09:46:53 INFO  instable https://github.com/thin-edge/thin-edge.io/issues/752 ... skipped
09:46:53 INFO  
09:46:53 INFO  Test duration: 0.03 secs
09:46:53 INFO  Test final outcome:  SKIPPED
09:46:53 INFO  Test outcome reason: instable https://github.com/thin-edge/thin-edge.io/issues/752
09:46:53 INFO  
</system-out>
	</testcase>
</testsuite><testsuite name="SoftwareManagement.sm_mixed_install_remove_multiple" tests="2" errors="0" failures="1" skipped="1" time="0"><testcase classname="PySysTest" name="SoftwareManagement.sm_mixed_install_remove_multiple">
		<skipped message="SKIPPED: Testing the fake plugin is not enabled.Use parameter -Xfakeplugin=fakeplugin to enable it" />
		<system-out>08:33:26 INFO  ==============================================================
08:33:26 INFO  Id:    SoftwareManagement.sm_mixed_install_remove_multiple
08:33:26 INFO  Dir:   software_management_end_to_end/
08:33:26 INFO  Title: Validate end to end behaviour for the dummy-plugin for multiple packages with mixed versions
08:33:26 INFO  ==============================================================
08:33:26 INFO  Testing the fake plugin is not enabled.Use parameter -Xfakeplugin=fakeplugin to enable it ... skipped
[...]
</testsuite><testsuite name="docker_plugin_remove" tests="2" errors="0" failures="0" skipped="1" time="0"><testcase classname="DockerPluginRemoveTest" name="docker_plugin_remove">
		<skipped message="SKIPPED: Testing the docker plugin is not supported on this platform.To run it, all the test with -XmyPlatform='container'" />
		<system-out>08:23:45 INFO  ==============================================================
08:23:45 INFO  Id:    docker_plugin_remove
08:23:45 INFO  Dir:   plugin_docker/
08:23:45 INFO  Title: Validate docker plugin remove
08:23:45 INFO  ==============================================================
08:23:45 INFO  Testing the docker plugin is not supported on this platform.To run it, all the test with -XmyPlatform='container' ... skipped
08:23:45 WARN  Aborted test due to SKIPPED outcome
08:23:45 INFO  
08:23:45 INFO  Test duration: 0.02 secs
08:23:45 INFO  Test final outcome:  SKIPPED
08:23:45 INFO  Test outcome reason: Testing the docker plugin is not supported on this platform.To run it, all the test with -XmyPlatform='container'
08:23:45 INFO  
</system-out>
	</testcase>
<testcase classname="DockerPluginRemoveTest" name="docker_plugin_remove" />
</testsuite><testsuite name="docker_plugin_remove_with_version" tests="2" errors="0" failures="0" skipped="1" time="0"><testcase classname="DockerPluginRemoveWithVersionTest" name="docker_plugin_remove_with_version">
		<skipped message="SKIPPED: Testing the docker plugin is not supported on this platform.To run it, all the test with -XmyPlatform='container'" />
		<system-out>08:23:45 INFO  ==============================================================
08:23:45 INFO  Id:    docker_plugin_remove_with_version
08:23:45 INFO  Dir:   plugin_docker/
08:23:45 INFO  Title: Validate docker plugin remove with version
08:23:45 INFO  ==============================================================
08:23:45 INFO  Testing the docker plugin is not supported on this platform.To run it, all the test with -XmyPlatform='container' ... skipped
08:23:45 WARN  Aborted test due to SKIPPED outcome
08:23:45 INFO  
08:23:45 INFO  Test duration: 0.02 secs
08:23:45 INFO  Test final outcome:  SKIPPED
08:23:45 INFO  Test outcome reason: Testing the docker plugin is not supported on this platform.To run it, all the test with -XmyPlatform='container'
08:23:45 INFO  
</system-out>
	</testcase>
<testcase classname="DockerPluginRemoveWithVersionTest" name="docker_plugin_remove_with_version" />
</testsuite><testsuite name="docker_plugin_update" tests="2" errors="0" failures="0" skipped="1" time="0"><testcase classname="DockerPluginUpdateTest" name="docker_plugin_update">
		<skipped message="SKIPPED: Testing the docker plugin is not supported on this platform.To run it, all the test with -XmyPlatform='container'" />
		<system-out>08:23:45 INFO  ==============================================================
08:23:45 INFO  Id:    docker_plugin_update
08:23:45 INFO  Dir:   plugin_docker/
08:23:45 INFO  Title: Validate docker plugin install updates existing containers
08:23:45 INFO  ==============================================================
08:23:45 INFO  Testing the docker plugin is not supported on this platform.To run it, all the test with -XmyPlatform='container' ... skipped
08:23:45 WARN  Aborted test due to SKIPPED outcome
08:23:45 INFO  
08:23:45 INFO  Test duration: 0.02 secs
08:23:45 INFO  Test final outcome:  SKIPPED
08:23:45 INFO  Test outcome reason: Testing the docker plugin is not supported on this platform.To run it, all the test with -XmyPlatform='container'
08:23:45 INFO  
</system-out>
	</testcase>
<testcase classname="DockerPluginUpdateTest" name="docker_plugin_update" />
</testsuite><testsuite name="invalid_device_id" tests="1" errors="0" failures="0" skipped="0" time="0"><testcase classname="InvalidDeviceId" name="invalid_device_id" />
</testsuite><testsuite name="local_mqtt_pub_fail_noqos" tests="1" errors="0" failures="0" skipped="0" time="0"><testcase classname="PySysTest" name="local_mqtt_pub_fail_noqos" />
</testsuite><testsuite name="local_mqtt_pub_fail_qos0" tests="1" errors="0" failures="0" skipped="0" time="0"><testcase classname="PySysTest" name="local_mqtt_pub_fail_qos0" />
</testsuite><testsuite name="local_mqtt_pub_fail_qos1" tests="1" errors="0" failures="0" skipped="0" time="0"><testcase classname="PySysTest" name="local_mqtt_pub_fail_qos1" />
</testsuite><testsuite name="local_mqtt_pub_fail_qos2" tests="1" errors="0" failures="0" skipped="0" time="0"><testcase classname="PySysTest" name="local_mqtt_pub_fail_qos2" />
</testsuite><testsuite name="local_mqtt_pub_sub" tests="1" errors="0" failures="0" skipped="0" time="0"><testcase classname="PySysTest" name="local_mqtt_pub_sub" />
</testsuite><testsuite name="local_mqtt_pub_sub_retain" tests="1" errors="0" failures="0" skipped="0" time="0"><testcase classname="MqttPublishWithRetain" name="local_mqtt_pub_sub_retain" />
</testsuite><testsuite name="local_mqtt_pub_sub_with_sudo" tests="1" errors="0" failures="0" skipped="0" time="0"><testcase classname="PySysTest" name="local_mqtt_pub_sub_with_sudo" />
</testsuite><testsuite name="local_mqtt_sub_fail" tests="1" errors="0" failures="0" skipped="0" time="0"><testcase classname="PySysTest" name="local_mqtt_sub_fail" />
</testsuite><testsuite name="log_request_error_messages" tests="1" errors="0" failures="0" skipped="0" time="0"><testcase classname="LogRequestVerifySearchTextError" name="log_request_error_messages" />
</testsuite><testsuite name="log_request_num_lines" tests="1" errors="0" failures="0" skipped="0" time="0"><testcase classname="LogRequestVerifyNumberOfLines" name="log_request_num_lines" />
</testsuite><testsuite name="mapper_awaits_before_reconnect" tests="1" errors="0" failures="0" skipped="0" time="0"><testcase classname="MapperReconnectAwait" name="mapper_awaits_before_reconnect" />
</testsuite><testsuite name="monitoring_smaller_interval" tests="1" errors="0" failures="0" skipped="1" time="0"><testcase classname="MonitoringSmallInterval" name="monitoring_smaller_interval">
		<skipped message="SKIPPED: Fails due to retained message" />
		<system-out>08:23:40 INFO  ==============================================================
08:23:40 INFO  Id:    monitoring_smaller_interval
08:23:40 INFO  Dir:   monitoring/
08:23:40 INFO  Title: Validate the tedge dm agent messages that are produced with smaller sampling interval than the batching window. Here the simulated collectd messages are used
08:23:40 INFO  ==============================================================
08:23:40 INFO  Fails due to retained message ... skipped
08:23:40 INFO  
08:23:40 INFO  Test duration: 0.04 secs
08:23:40 INFO  Test final outcome:  SKIPPED
08:23:40 INFO  Test outcome reason: Fails due to retained message
08:23:40 INFO  
</system-out>
	</testcase>
</testsuite><testsuite name="monitoring_with_collectd" tests="1" errors="0" failures="0" skipped="1" time="0"><testcase classname="MonitoringWithCollectd" name="monitoring_with_collectd">
		<skipped message="SKIPPED: Test execution disabled due to #792 (instable)" />
		<system-out>08:23:40 INFO  ==============================================================
08:23:40 INFO  Id:    monitoring_with_collectd
08:23:40 INFO  Dir:   monitoring/
08:23:40 INFO  Title: Validate tedge dm agent messages that are produced by batching the collectd messages
08:23:40 INFO  ==============================================================
08:23:40 INFO  Test execution disabled due to #792 (instable) ... skipped
08:23:40 INFO  
08:23:40 INFO  Test duration: 0.02 secs
08:23:40 INFO  Test final outcome:  SKIPPED
08:23:40 INFO  Test outcome reason: Test execution disabled due to #792 (instable)
08:23:40 INFO  
</system-out>
	</testcase>
</testsuite><testsuite name="monitoring_with_simulated_messages" tests="1" errors="0" failures="0" skipped="1" time="0"><testcase classname="MonitoringWithSimulatedMessages" name="monitoring_with_simulated_messages">
		<skipped message="SKIPPED: Fails due to retained message" />
		<system-out>08:23:40 INFO  ==============================================================
08:23:40 INFO  Id:    monitoring_with_simulated_messages
08:23:40 INFO  Dir:   monitoring/
08:23:40 INFO  Title: Validate the tedge dm agent messages that are produced from the simulated collectd messages
08:23:40 INFO  ==============================================================
08:23:40 INFO  Fails due to retained message ... skipped
08:23:40 INFO  
08:23:40 INFO  Test duration: 0.02 secs
08:23:40 INFO  Test final outcome:  SKIPPED
08:23:40 INFO  Test outcome reason: Fails due to retained message
08:23:40 INFO  
</system-out>
	</testcase>
</testsuite><testsuite name="mqtt_port_change_connection_fails" tests="1" errors="0" failures="0" skipped="0" time="0"><testcase classname="MqttPortChangeConnectionFails" name="mqtt_port_change_connection_fails" />
</testsuite><testsuite name="mqtt_port_change_connection_works" tests="1" errors="0" failures="0" skipped="1" time="0"><testcase classname="MqttPortChangeConnectionWorks" name="mqtt_port_change_connection_works">
		<skipped message="SKIPPED: failing intermitently" />
		<system-out>08:22:26 INFO  ==============================================================
08:22:26 INFO  Id:    mqtt_port_change_connection_works
08:22:26 INFO  Dir:   misc_features/
08:22:26 INFO  Title: mqtt port change connection works for all the thin-edge services that use the mosquitto broker
08:22:26 INFO  ==============================================================
08:22:26 INFO  failing intermitently ... skipped
08:22:26 INFO  
08:22:26 INFO  Test duration: 0.02 secs
08:22:26 INFO  Test final outcome:  SKIPPED
08:22:26 INFO  Test outcome reason: failing intermitently
08:22:26 INFO  
</system-out>
	</testcase>
</testsuite><testsuite name="mqtt_port_set" tests="1" errors="0" failures="0" skipped="0" time="0"><testcase classname="MqttPortSet" name="mqtt_port_set" />
</testsuite><testsuite name="mqtt_port_unset" tests="1" errors="0" failures="0" skipped="0" time="0"><testcase classname="MqttPortUnSet" name="mqtt_port_unset" />
</testsuite><testsuite name="publish_flux" tests="1" errors="0" failures="0" skipped="0" time="0"><testcase classname="PublishFlux" name="publish_flux" />
</testsuite><testsuite name="publish_sawmill" tests="1" errors="0" failures="0" skipped="0" time="0"><testcase classname="PublishSawmill" name="publish_sawmill" />
</testsuite><testsuite name="pysys_block" tests="1" errors="0" failures="0" skipped="1" time="0"><testcase classname="Fail" name="pysys_block">
		<skipped message="SKIPPED: Enable this to observe a blocking test" />
		<system-out>08:22:48 INFO  ==============================================================
08:22:48 INFO  Id:    pysys_block
08:22:48 INFO  Dir:   misc_features/
08:22:48 INFO  Title: fail
08:22:48 INFO  ==============================================================
08:22:48 INFO  Enable this to observe a blocking test ... skipped
08:22:48 INFO  
08:22:48 INFO  Test duration: 0.02 secs
08:22:48 INFO  Test final outcome:  SKIPPED
08:22:48 INFO  Test outcome reason: Enable this to observe a blocking test
08:22:48 INFO  
</system-out>
	</testcase>
</testsuite><testsuite name="pysys_fail" tests="1" errors="0" failures="0" skipped="1" time="0"><testcase classname="Fail" name="pysys_fail">
		<skipped message="SKIPPED: Enable this to observe a failing test" />
		<system-out>08:22:48 INFO  ==============================================================
08:22:48 INFO  Id:    pysys_fail
08:22:48 INFO  Dir:   misc_features/
08:22:48 INFO  Title: fail
08:22:48 INFO  ==============================================================
08:22:48 INFO  Enable this to observe a failing test ... skipped
08:22:48 INFO  
08:22:48 INFO  Test duration: 0.02 secs
08:22:48 INFO  Test final outcome:  SKIPPED
08:22:48 INFO  Test outcome reason: Enable this to observe a failing test
08:22:48 INFO  
</system-out>
	</testcase>
</testsuite><testsuite name="runtime_start_two_mappers" tests="1" errors="0" failures="0" skipped="0" time="0"><testcase classname="RuntimeMultiMappers" name="runtime_start_two_mappers" />
</testsuite><testsuite name="sm_tedge_mapper_init_session" tests="1" errors="0" failures="0" skipped="0" time="0"><testcase classname="TedgeSMMapperInitSession" name="sm_tedge_mapper_init_session" />
</testsuite><testsuite name="smoketest_json" tests="1" errors="0" failures="0" skipped="0" time="0"><testcase classname="SmokeTestJson" name="smoketest_json" />
</testsuite><testsuite name="smoketest_json_400_samples_10ms" tests="1" errors="0" failures="0" skipped="0" time="0"><testcase classname="SmoketestJson400Samples10ms" name="smoketest_json_400_samples_10ms" />
</testsuite><testsuite name="smoketest_json_400_samples_20ms" tests="1" errors="0" failures="0" skipped="0" time="0"><testcase classname="SmoketestJson400Samples20ms" name="smoketest_json_400_samples_20ms" />
</testsuite><testsuite name="smoketest_smartrest" tests="1" errors="0" failures="0" skipped="0" time="0"><testcase classname="SmoketestSmartRest" name="smoketest_smartrest" />
</testsuite><testsuite name="smoketest_smartrest_400_samples_1Xms" tests="1" errors="0" failures="0" skipped="0" time="0"><testcase classname="SmoketestSmartRest400Samples1Xms" name="smoketest_smartrest_400_samples_1Xms" />
</testsuite><testsuite name="smoketest_smartrest_400_samples_20ms" tests="1" errors="0" failures="0" skipped="0" time="0"><testcase classname="SmoketestSmartRest400Samples20ms" name="smoketest_smartrest_400_samples_20ms" />
</testsuite><testsuite name="tedge_agent_user_sudo_access" tests="1" errors="0" failures="0" skipped="1" time="0"><testcase classname="TedgeAgentUserSudoAccess" name="tedge_agent_user_sudo_access">
		<skipped message="SKIPPED: #955 Observation: Exit code of the apt plugin when called with no arguments" />
		<system-out>08:33:53 INFO  ==============================================================
08:33:53 INFO  Id:    tedge_agent_user_sudo_access
08:33:53 INFO  Dir:   tedge/
08:33:53 INFO  Title: Validate tedge-agent user has a limited sudo right
08:33:53 INFO  ==============================================================
08:33:53 INFO  #955 Observation: Exit code of the apt plugin when called with no arguments ... skipped
08:33:53 INFO  
08:33:53 INFO  Test duration: 0.02 secs
08:33:53 INFO  Test final outcome:  SKIPPED
08:33:53 INFO  Test outcome reason: #955 Observation: Exit code of the apt plugin when called with no arguments
08:33:53 INFO  
</system-out>
	</testcase>
</testsuite><testsuite name="tedge_connect_test_negative" tests="1" errors="0" failures="0" skipped="0" time="0"><testcase classname="TedgeConnectTestNegative" name="tedge_connect_test_negative" />
</testsuite><testsuite name="tedge_connect_test_positive" tests="1" errors="0" failures="0" skipped="0" time="0"><testcase classname="TedgeConnectTestPositive" name="tedge_connect_test_positive" />
</testsuite><testsuite name="tedge_connect_test_sm_services" tests="1" errors="0" failures="0" skipped="0" time="0"><testcase classname="TedgeConnectTestSMServices" name="tedge_connect_test_sm_services" />
</testsuite><testsuite name="tedge_disconnect_test_sm_services" tests="1" errors="0" failures="0" skipped="0" time="0"><testcase classname="TedgeDisConnectTestSMServices" name="tedge_disconnect_test_sm_services" />
</testsuite><testsuite name="tedge_mapper_az_negative" tests="1" errors="0" failures="0" skipped="0" time="0"><testcase classname="TedgeMapperAzError" name="tedge_mapper_az_negative" />
</testsuite><testsuite name="tedge_mapper_az_with_timestamp" tests="1" errors="0" failures="0" skipped="0" time="0"><testcase classname="TedgeMapperAzWithTimestamp" name="tedge_mapper_az_with_timestamp" />
</testsuite><testsuite name="tedge_mapper_az_without_timestamp" tests="1" errors="0" failures="0" skipped="0" time="0"><testcase classname="TedgeMapperAzWithoutTimestamp" name="tedge_mapper_az_without_timestamp" />
</testsuite><testsuite name="tedge_mapper_c8y_alarms" tests="1" errors="0" failures="0" skipped="0" time="0"><testcase classname="TedgeMapperC8yAlarm" name="tedge_mapper_c8y_alarms" />
</testsuite><testsuite name="tedge_mapper_c8y_child_device_measurement" tests="1" errors="0" failures="1" skipped="0" time="0"><testcase classname="TedgeMapperC8yChildDevice" name="tedge_mapper_c8y_child_device_measurement">
		<failure message="BLOCKED: TypeError: 'NoneType' object is not subscriptable (+1 other failures)" type="BLOCKED" />
		<system-out>08:38:17 INFO  ==============================================================
08:38:17 INFO  Id:    tedge_mapper_c8y_child_device_measurement
08:38:17 INFO  Dir:   tedge_mapper_c8y/
08:38:17 INFO  Title: Validate that measurements sent to tedge/measurements/child topic gets mapped as the child device's measurement in Cumulocity
08:38:17 INFO  ==============================================================
08:38:17 INFO  EnvironmentC8y Setup
08:38:18 INFO  Executed systemctl&lt;serv_mapper1&gt;, exit status 3
08:38:18 INFO  Restarting mosquitto too frequently in the last 10 seconds. It was only up for 5 seconds
08:38:18 INFO  Delaying execution by 6 seconds
08:38:38 INFO  Executed sudo&lt;tedge_connect_c8y&gt;, exit status 0, duration 14 secs
08:38:39 INFO  Executed sudo&lt;tedge_connect_c8y_test&gt;, exit status 0
08:38:39 INFO  Executed systemctl&lt;serv_mosq2&gt;, exit status 0
08:38:39 INFO  Executed systemctl&lt;serv_mapper3&gt;, exit status 0
08:38:40 INFO  Assert that (actual == expected) with actual=None, expected=None ... passed
08:38:41 INFO  Executed tedge_pub, exit status 0
08:38:41 INFO  Executed tedge_pub, exit status 0
08:38:42 INFO  Executed tedge_pub, exit status 0
08:38:42 INFO  Executed tedge_pub, exit status 0
08:38:42 INFO  Executed tedge_pub, exit status 0
08:38:45 WARN  TypeError occurred while running test - 'NoneType' object is not subscriptable
Traceback (most recent call last):
  File "/home/pi/env-pysys/lib/python3.7/site-packages/pysys/baserunner.py", line 1296, in __call__
    self.testObj.validate()
  File "/home/pi/actions-runner/_work/thin-edge.io/thin-edge.io/tests/PySys/tedge_mapper_c8y/tedge_mapper_c8y_child_device_measurement/run.py", line 115, in validate
    self.child_device_json["id"], 3
TypeError: 'NoneType' object is not subscriptable
08:38:45 WARN  TypeError: 'NoneType' object is not subscriptable ... blocked 
08:38:45 INFO  
08:38:45 INFO  cleanup:
08:38:45 ERROR Error while running cleanup function: 
Traceback (most recent call last):
  File "/home/pi/env-pysys/lib/python3.7/site-packages/pysys/process/user.py", line 1305, in cleanup
    fn()
  File "/home/pi/actions-runner/_work/thin-edge.io/thin-edge.io/tests/PySys/tedge_mapper_c8y/tedge_mapper_c8y_child_device_measurement/run.py", line 165, in test_cleanup
    self.child_device_json["id"]
TypeError: 'NoneType' object is not subscriptable
08:38:49 INFO  Executed sudo&lt;tedge_disconnect_c8y&gt;, exit status 0
08:38:49 INFO  Executed systemctl&lt;serv_mapper5&gt;, exit status 3
08:38:49 WARN  Cleanup failed with 1 errors: Cleanup function failed: 'NoneType' object is not subscriptable (TypeError) ... blocked 
08:38:49 INFO  
08:38:49 INFO  Test duration: 32.47 secs
08:38:49 INFO  Test final outcome:  BLOCKED
08:38:49 INFO  Test outcome reason: TypeError: 'NoneType' object is not subscriptable (+1 other failures)
08:38:49 INFO  
</system-out>
	</testcase>
</testsuite><testsuite name="tedge_mapper_c8y_packet_threshold_size" tests="1" errors="0" failures="0" skipped="0" time="0"><testcase classname="TedgeMapperC8yThresholdPacketSize" name="tedge_mapper_c8y_packet_threshold_size" />
</testsuite><testsuite name="tedge_software_update" tests="1" errors="0" failures="0" skipped="0" time="0"><testcase classname="PySysTest" name="tedge_software_update" />
</testsuite><testsuite name="valid_device_id" tests="1" errors="0" failures="0" skipped="0" time="0"><testcase classname="ValidateValidDeviceId" name="valid_device_id" />
</testsuite></testsuites>