<?xml version='1.0' encoding='utf-8'?>
<testsuites tests="149" failures="9" errors="0" skipped="54" time="0.0"><testsuite name="SoftwareManagement.Plugin.apama_plugin_install" tests="3" errors="0" failures="0" skipped="1" time="0"><testcase classname="ApamaPluginInstallTest" name="SoftwareManagement.Plugin.apama_plugin_install">
		<skipped message="SKIPPED: Apama plugin tests are disabled by default. Execute `pysys run` with `-XmyPlatform=container` to run these tests" />
		<system-out>07:59:50 INFO  ==============================================================
07:59:50 INFO  Id:    SoftwareManagement.Plugin.apama_plugin_install
07:59:50 INFO  Dir:   plugin_apama/
07:59:50 INFO  Title: Validate apama plugin install
07:59:50 INFO  ==============================================================
07:59:50 INFO  Apama plugin tests are disabled by default. Execute `pysys run` with `-XmyPlatform=container` to run these tests ... skipped
07:59:50 WARN  Aborted test due to SKIPPED outcome
07:59:50 INFO  
07:59:50 INFO  Test duration: 0.05 secs
07:59:50 INFO  Test final outcome:  SKIPPED
07:59:50 INFO  Test outcome reason: Apama plugin tests are disabled by default. Execute `pysys run` with `-XmyPlatform=container` to run these tests
07:59:50 INFO  
</system-out>
	</testcase>
<testcase classname="ApamaPluginInstallTest" name="SoftwareManagement.Plugin.apama_plugin_install" />
<testcase classname="ApamaPluginInstallTest" name="SoftwareManagement.Plugin.apama_plugin_install" />
</testsuite><testsuite name="SoftwareManagement.Plugin.apama_plugin_mon_support" tests="3" errors="0" failures="0" skipped="1" time="0"><testcase classname="ApamaPluginMonSupportTest" name="SoftwareManagement.Plugin.apama_plugin_mon_support">
		<skipped message="SKIPPED: Apama plugin tests are disabled by default. Execute `pysys run` with `-XmyPlatform=container` to run these tests" />
		<system-out>07:59:50 INFO  ==============================================================
07:59:50 INFO  Id:    SoftwareManagement.Plugin.apama_plugin_mon_support
07:59:50 INFO  Dir:   plugin_apama/
07:59:50 INFO  Title: Validate mon file support of apama plugin
07:59:50 INFO  ==============================================================
07:59:50 INFO  Apama plugin tests are disabled by default. Execute `pysys run` with `-XmyPlatform=container` to run these tests ... skipped
07:59:50 WARN  Aborted test due to SKIPPED outcome
07:59:50 INFO  
07:59:50 INFO  Test duration: 0.02 secs
07:59:50 INFO  Test final outcome:  SKIPPED
07:59:50 INFO  Test outcome reason: Apama plugin tests are disabled by default. Execute `pysys run` with `-XmyPlatform=container` to run these tests
07:59:50 INFO  
</system-out>
	</testcase>
<testcase classname="ApamaPluginMonSupportTest" name="SoftwareManagement.Plugin.apama_plugin_mon_support" />
<testcase classname="ApamaPluginMonSupportTest" name="SoftwareManagement.Plugin.apama_plugin_mon_support" />
</testsuite><testsuite name="SoftwareManagement.Plugin.apama_plugin_remove" tests="3" errors="0" failures="0" skipped="1" time="0"><testcase classname="ApamaPluginRemoveTest" name="SoftwareManagement.Plugin.apama_plugin_remove">
		<skipped message="SKIPPED: Apama plugin tests are disabled by default. Execute `pysys run` with `-XmyPlatform=container` to run these tests" />
		<system-out>07:59:50 INFO  ==============================================================
07:59:50 INFO  Id:    SoftwareManagement.Plugin.apama_plugin_remove
07:59:50 INFO  Dir:   plugin_apama/
07:59:50 INFO  Title: Validate apama plugin remove
07:59:50 INFO  ==============================================================
07:59:50 INFO  Apama plugin tests are disabled by default. Execute `pysys run` with `-XmyPlatform=container` to run these tests ... skipped
07:59:50 WARN  Aborted test due to SKIPPED outcome
07:59:50 INFO  
07:59:50 INFO  Test duration: 0.02 secs
07:59:50 INFO  Test final outcome:  SKIPPED
07:59:50 INFO  Test outcome reason: Apama plugin tests are disabled by default. Execute `pysys run` with `-XmyPlatform=container` to run these tests
07:59:50 INFO  
</system-out>
	</testcase>
<testcase classname="ApamaPluginRemoveTest" name="SoftwareManagement.Plugin.apama_plugin_remove" />
<testcase classname="ApamaPluginRemoveTest" name="SoftwareManagement.Plugin.apama_plugin_remove" />
</testsuite><testsuite name="SoftwareManagement.Plugin.apama_plugin_update" tests="3" errors="0" failures="0" skipped="3" time="0"><testcase classname="ApamaPluginUpdateTest" name="SoftwareManagement.Plugin.apama_plugin_update">
		<skipped message="SKIPPED: Test execution disabled due to #1052" />
		<system-out>07:59:50 INFO  ==============================================================
07:59:50 INFO  Id:    SoftwareManagement.Plugin.apama_plugin_update
07:59:50 INFO  Dir:   plugin_apama/
07:59:50 INFO  Title: Validate apama plugin updating one project with another
07:59:50 INFO  ==============================================================
07:59:50 INFO  Test execution disabled due to #1052 ... skipped
07:59:50 INFO  
07:59:50 INFO  Test duration: 0.02 secs
07:59:50 INFO  Test final outcome:  SKIPPED
07:59:50 INFO  Test outcome reason: Test execution disabled due to #1052
07:59:50 INFO  
</system-out>
	</testcase>
<testcase classname="ApamaPluginUpdateTest" name="SoftwareManagement.Plugin.apama_plugin_update">
		<skipped message="SKIPPED: Test execution disabled due to #1052" />
		<system-out>08:52:37 INFO  ==============================================================
08:52:37 INFO  Id:    SoftwareManagement.Plugin.apama_plugin_update
08:52:37 INFO  Dir:   plugin_apama/
08:52:37 INFO  Title: Validate apama plugin updating one project with another
08:52:37 INFO  ==============================================================
08:52:37 INFO  Test execution disabled due to #1052 ... skipped
08:52:37 INFO  
08:52:37 INFO  Test duration: 0.02 secs
08:52:37 INFO  Test final outcome:  SKIPPED
08:52:37 INFO  Test outcome reason: Test execution disabled due to #1052
08:52:37 INFO  
</system-out>
	</testcase>
<testcase classname="ApamaPluginUpdateTest" name="SoftwareManagement.Plugin.apama_plugin_update">
		<skipped message="SKIPPED: Test execution disabled due to #1052" />
		<system-out>09:01:18 INFO  ==============================================================
09:01:18 INFO  Id:    SoftwareManagement.Plugin.apama_plugin_update
09:01:18 INFO  Dir:   plugin_apama/
09:01:18 INFO  Title: Validate apama plugin updating one project with another
09:01:18 INFO  ==============================================================
09:01:18 INFO  Test execution disabled due to #1052 ... skipped
09:01:18 INFO  
09:01:18 INFO  Test duration: 0.02 secs
09:01:18 INFO  Test final outcome:  SKIPPED
09:01:18 INFO  Test outcome reason: Test execution disabled due to #1052
09:01:18 INFO  
</system-out>
	</testcase>
</testsuite><testsuite name="SoftwareManagement.sm_apt_install_download_path" tests="3" errors="0" failures="2" skipped="1" time="0"><testcase classname="AptInstallWithDownloadPath" name="SoftwareManagement.sm_apt_install_download_path">
		<skipped message="SKIPPED: Testing the apt plugin is not supported on this platform.Use parameter -XmyPlatform='container' to enable it" />
		<system-out>08:09:32 INFO  ==============================================================
08:09:32 INFO  Id:    SoftwareManagement.sm_apt_install_download_path
08:09:32 INFO  Dir:   software_management_end_to_end/
08:09:32 INFO  Title: Install package to directory specified in tedge config set tmp.path
08:09:32 INFO  ==============================================================
08:09:32 INFO  Testing the apt plugin is not supported on this platform.Use parameter -XmyPlatform='container' to enable it ... skipped
08:09:32 WARN  Aborted test due to SKIPPED outcome
08:09:32 INFO  
08:09:32 INFO  Test duration: 0.07 secs
08:09:32 INFO  Test final outcome:  SKIPPED
08:09:32 INFO  Test outcome reason: Testing the apt plugin is not supported on this platform.Use parameter -XmyPlatform='container' to enable it
08:09:32 INFO  
</system-out>
	</testcase>
<testcase classname="AptInstallWithDownloadPath" name="SoftwareManagement.sm_apt_install_download_path">
		<failure message="BLOCKED: AssertionError:" type="BLOCKED" />
		<system-out>08:34:12 INFO  ==============================================================
08:34:12 INFO  Id:    SoftwareManagement.sm_apt_install_download_path
08:34:12 INFO  Dir:   software_management_end_to_end/
08:34:12 INFO  Title: Install package to directory specified in tedge config set tmp.path
08:34:12 INFO  ==============================================================
08:34:12 INFO  Using sw id database: {'asciijump': '5475369', 'robotfindskitten': '5474869', 'squirrel3': '5475279', 'rolldice': '5152439', 'moon-buggy': '5439204', 'apple': '5495053', 'banana': '5494888', 'cherry': '5495382', 'watermelon': '5494510', 'registry': '8018911', 'hello-world': '8021526', 'docker/getting-started': '8021973', 'alpine': '7991792'}
08:34:12 INFO  EnvironmentC8y Setup
08:34:13 INFO  Executed systemctl&lt;serv_mapper1&gt;, exit status 3
08:34:27 INFO  Executed sudo&lt;tedge_connect_c8y&gt;, exit status 0, duration 14 secs
08:34:29 INFO  Executed sudo&lt;tedge_connect_c8y_test&gt;, exit status 0
08:34:30 INFO  Executed systemctl&lt;serv_mosq2&gt;, exit status 0
08:34:31 INFO  Executed systemctl&lt;serv_mapper3&gt;, exit status 0
08:34:33 INFO  State of current operation: SUCCESSFUL
08:34:33 INFO  Assert that (False == value) with value=False ... passed
08:34:34 INFO  Executed sudo, exit status 0
08:34:34 INFO  Executed sudo, exit status 0
08:34:35 INFO  Executed sudo, exit status 0
08:34:39 INFO  Executed sudo&lt;tedge_disconnect_c8y&gt;, exit status 0
08:34:39 INFO  Restarting mosquitto too frequently in the last 10 seconds. It was only up for 4 seconds
08:34:39 INFO  Delaying execution by 7 seconds
08:35:01 INFO  Executed sudo&lt;tedge_connect_c8y&gt;, exit status 0, duration 14 secs
08:35:01 INFO  Response status: 201
08:35:01 INFO  Response to action: {
    "creationTime": "2022-05-04T08:35:01.439Z",
    "deviceName": "mythicd",
    "deviceId": "18334598",
    "self": "https://t493319102.eu-latest.cumulocity.com/devicecontrol/operations/18369892",
    "id": "18369892",
    "status": "PENDING",
    "description": "Apply software changes, triggered from PySys: [{'name': 'rolldice', 'id': '5152439', 'version': '::apt', 'url': 'https://thin-edge-io.eu-latest.cumulocity.com/inventory/binaries/12435463', 'action': 'install'}]",
    "c8y_SoftwareUpdate": [
        {
            "name": "rolldice",
            "action": "install",
            "id": "5152439",
            "version": "::apt",
            "url": "https://thin-edge-io.eu-latest.cumulocity.com/inventory/binaries/12435463"
        }
    ]
}
08:35:01 INFO  Started operation: {'creationTime': '2022-05-04T08:35:01.439Z', 'deviceName': 'mythicd', 'deviceId': '18334598', 'self': 'https://t493319102.eu-latest.cumulocity.com/devicecontrol/operations/18369892', 'id': '18369892', 'status': 'PENDING', 'description': "Apply software changes, triggered from PySys: [{'name': 'rolldice', 'id': '5152439', 'version': '::apt', 'url': 'https://thin-edge-io.eu-latest.cumulocity.com/inventory/binaries/12435463', 'action': 'install'}]", 'c8y_SoftwareUpdate': [{'name': 'rolldice', 'action': 'install', 'id': '5152439', 'version': '::apt', 'url': 'https://thin-edge-io.eu-latest.cumulocity.com/inventory/binaries/12435463'}]}
08:35:01 WARN  , retrying in 0.5 seconds...
08:35:02 WARN  , retrying in 0.5 seconds...
08:35:02 WARN  , retrying in 0.5 seconds...
08:35:03 WARN  , retrying in 0.5 seconds...
08:35:03 WARN  , retrying in 0.5 seconds...
08:35:04 WARN  , retrying in 0.5 seconds...
08:35:04 WARN  , retrying in 0.5 seconds...
08:35:05 WARN  , retrying in 0.5 seconds...
08:35:05 WARN  , retrying in 0.5 seconds...
08:35:06 WARN  AssertionError occurred while running test - 
Traceback (most recent call last):
  File "/home/pi/env-pysys/lib/python3.7/site-packages/pysys/baserunner.py", line 1294, in __call__
    self.testObj.execute()
  File "/home/pi/actions-runner/_work/thin-edge.io/thin-edge.io/tests/PySys/software_management_end_to_end/sm_apt_install_download_path/run.py", line 83, in execute
    assert_install_in_download_path(install_directory=self.DOWNLOAD_DIR)
  File "/home/pi/env-pysys/lib/python3.7/site-packages/decorator.py", line 232, in fun
    return caller(func, *(extras + args), **kw)
  File "/home/pi/env-pysys/lib/python3.7/site-packages/retry/api.py", line 74, in retry_decorator
    logger)
  File "/home/pi/env-pysys/lib/python3.7/site-packages/retry/api.py", line 33, in __retry_internal
    return f()
  File "/home/pi/actions-runner/_work/thin-edge.io/thin-edge.io/tests/PySys/software_management_end_to_end/sm_apt_install_download_path/run.py", line 28, in assert_install_in_download_path
    assert "rolldice" in os.listdir(f"{install_directory}")
AssertionError
08:35:06 WARN  AssertionError: ... blocked 
08:35:06 INFO  
08:35:06 INFO  cleanup:
08:35:07 INFO  Executed sudo, exit status 0
08:35:07 INFO  Executed sudo, exit status 0
08:35:12 INFO  Executed sudo&lt;tedge_disconnect_c8y&gt;, exit status 0
08:35:12 INFO  Restarting mosquitto too frequently in the last 10 seconds. It was only up for 3 seconds
08:35:12 INFO  Delaying execution by 8 seconds
08:35:34 INFO  Executed sudo&lt;tedge_connect_c8y&gt;, exit status 0, duration 14 secs
08:35:38 INFO  Executed sudo&lt;tedge_disconnect_c8y&gt;, exit status 0
08:35:39 INFO  Executed systemctl&lt;serv_mapper5&gt;, exit status 3
08:35:39 INFO  
08:35:39 INFO  Test duration: 86.96 secs
08:35:39 INFO  Test final outcome:  BLOCKED
08:35:39 INFO  Test outcome reason: AssertionError:
08:35:39 INFO  
</system-out>
	</testcase>
<testcase classname="AptInstallWithDownloadPath" name="SoftwareManagement.sm_apt_install_download_path">
		<failure message="BLOCKED: AssertionError:" type="BLOCKED" />
		<system-out>09:01:18 INFO  ==============================================================
09:01:18 INFO  Id:    SoftwareManagement.sm_apt_install_download_path
09:01:18 INFO  Dir:   software_management_end_to_end/
09:01:18 INFO  Title: Install package to directory specified in tedge config set tmp.path
09:01:18 INFO  ==============================================================
09:01:19 INFO  Using sw id database: {'asciijump': '5475369', 'robotfindskitten': '5474869', 'squirrel3': '5475279', 'rolldice': '5152439', 'moon-buggy': '5439204', 'apple': '5495053', 'banana': '5494888', 'cherry': '5495382', 'watermelon': '5494510', 'registry': '8018911', 'hello-world': '8021526', 'docker/getting-started': '8021973', 'alpine': '7991792'}
09:01:19 INFO  EnvironmentC8y Setup
09:01:20 INFO  Executed systemctl&lt;serv_mapper1&gt;, exit status 3
09:01:34 INFO  Executed sudo&lt;tedge_connect_c8y&gt;, exit status 0, duration 14 secs
09:01:35 INFO  Executed sudo&lt;tedge_connect_c8y_test&gt;, exit status 0
09:01:36 INFO  Executed systemctl&lt;serv_mosq2&gt;, exit status 0
09:01:36 INFO  Executed systemctl&lt;serv_mapper3&gt;, exit status 0
09:01:38 INFO  State of current operation: SUCCESSFUL
09:01:39 INFO  Assert that (False == value) with value=False ... passed
09:01:39 INFO  Executed sudo, exit status 0
09:01:40 INFO  Executed sudo, exit status 0
09:01:40 INFO  Executed sudo, exit status 0
09:01:44 INFO  Executed sudo&lt;tedge_disconnect_c8y&gt;, exit status 0
09:01:45 INFO  Restarting mosquitto too frequently in the last 10 seconds. It was only up for 4 seconds
09:01:45 INFO  Delaying execution by 7 seconds
09:02:05 INFO  Executed sudo&lt;tedge_connect_c8y&gt;, exit status 0, duration 13 secs
09:02:06 INFO  Response status: 201
09:02:06 INFO  Response to action: {
    "creationTime": "2022-05-04T09:02:06.079Z",
    "deviceName": "mythicd",
    "deviceId": "18334598",
    "self": "https://t493319102.eu-latest.cumulocity.com/devicecontrol/operations/18389171",
    "id": "18389171",
    "status": "PENDING",
    "description": "Apply software changes, triggered from PySys: [{'name': 'rolldice', 'id': '5152439', 'version': '::apt', 'url': 'https://thin-edge-io.eu-latest.cumulocity.com/inventory/binaries/12435463', 'action': 'install'}]",
    "c8y_SoftwareUpdate": [
        {
            "name": "rolldice",
            "action": "install",
            "id": "5152439",
            "version": "::apt",
            "url": "https://thin-edge-io.eu-latest.cumulocity.com/inventory/binaries/12435463"
        }
    ]
}
09:02:06 INFO  Started operation: {'creationTime': '2022-05-04T09:02:06.079Z', 'deviceName': 'mythicd', 'deviceId': '18334598', 'self': 'https://t493319102.eu-latest.cumulocity.com/devicecontrol/operations/18389171', 'id': '18389171', 'status': 'PENDING', 'description': "Apply software changes, triggered from PySys: [{'name': 'rolldice', 'id': '5152439', 'version': '::apt', 'url': 'https://thin-edge-io.eu-latest.cumulocity.com/inventory/binaries/12435463', 'action': 'install'}]", 'c8y_SoftwareUpdate': [{'name': 'rolldice', 'action': 'install', 'id': '5152439', 'version': '::apt', 'url': 'https://thin-edge-io.eu-latest.cumulocity.com/inventory/binaries/12435463'}]}
09:02:06 WARN  , retrying in 0.5 seconds...
09:02:06 WARN  , retrying in 0.5 seconds...
09:02:07 WARN  , retrying in 0.5 seconds...
09:02:07 WARN  , retrying in 0.5 seconds...
09:02:08 WARN  , retrying in 0.5 seconds...
09:02:08 WARN  , retrying in 0.5 seconds...
09:02:09 WARN  , retrying in 0.5 seconds...
09:02:09 WARN  , retrying in 0.5 seconds...
09:02:10 WARN  , retrying in 0.5 seconds...
09:02:10 WARN  AssertionError occurred while running test - 
Traceback (most recent call last):
  File "/home/pi/env-pysys/lib/python3.7/site-packages/pysys/baserunner.py", line 1294, in __call__
    self.testObj.execute()
  File "/home/pi/actions-runner/_work/thin-edge.io/thin-edge.io/tests/PySys/software_management_end_to_end/sm_apt_install_download_path/run.py", line 83, in execute
    assert_install_in_download_path(install_directory=self.DOWNLOAD_DIR)
  File "/home/pi/env-pysys/lib/python3.7/site-packages/decorator.py", line 232, in fun
    return caller(func, *(extras + args), **kw)
  File "/home/pi/env-pysys/lib/python3.7/site-packages/retry/api.py", line 74, in retry_decorator
    logger)
  File "/home/pi/env-pysys/lib/python3.7/site-packages/retry/api.py", line 33, in __retry_internal
    return f()
  File "/home/pi/actions-runner/_work/thin-edge.io/thin-edge.io/tests/PySys/software_management_end_to_end/sm_apt_install_download_path/run.py", line 28, in assert_install_in_download_path
    assert "rolldice" in os.listdir(f"{install_directory}")
AssertionError
09:02:11 WARN  AssertionError: ... blocked 
09:02:11 INFO  
09:02:11 INFO  cleanup:
09:02:11 INFO  Executed sudo, exit status 0
09:02:12 INFO  Executed sudo, exit status 0
09:02:16 INFO  Executed sudo&lt;tedge_disconnect_c8y&gt;, exit status 0
09:02:16 INFO  Restarting mosquitto too frequently in the last 10 seconds. It was only up for 4 seconds
09:02:16 INFO  Delaying execution by 7 seconds
09:02:37 INFO  Executed sudo&lt;tedge_connect_c8y&gt;, exit status 0, duration 14 secs
09:02:42 INFO  Executed sudo&lt;tedge_disconnect_c8y&gt;, exit status 0
09:02:42 INFO  Executed systemctl&lt;serv_mapper5&gt;, exit status 3
09:02:42 INFO  
09:02:42 INFO  Test duration: 84.12 secs
09:02:42 INFO  Test final outcome:  BLOCKED
09:02:42 INFO  Test outcome reason: AssertionError:
09:02:42 INFO  
</system-out>
	</testcase>
</testsuite><testsuite name="SoftwareManagement.sm_apt_install_fail" tests="3" errors="0" failures="0" skipped="1" time="0"><testcase classname="PySysTest" name="SoftwareManagement.sm_apt_install_fail">
		<skipped message="SKIPPED: Testing the apt plugin is not supported on this platform.Use parameter -XmyPlatform='container' to enable it" />
		<system-out>08:09:32 INFO  ==============================================================
08:09:32 INFO  Id:    SoftwareManagement.sm_apt_install_fail
08:09:32 INFO  Dir:   software_management_end_to_end/
08:09:32 INFO  Title: Validate end to end behaviour for a failing installation
08:09:32 INFO  ==============================================================
08:09:32 INFO  Testing the apt plugin is not supported on this platform.Use parameter -XmyPlatform='container' to enable it ... skipped
08:09:32 WARN  Aborted test due to SKIPPED outcome
08:09:32 INFO  
08:09:32 INFO  Test duration: 0.02 secs
08:09:32 INFO  Test final outcome:  SKIPPED
08:09:32 INFO  Test outcome reason: Testing the apt plugin is not supported on this platform.Use parameter -XmyPlatform='container' to enable it
08:09:32 INFO  
</system-out>
	</testcase>
<testcase classname="PySysTest" name="SoftwareManagement.sm_apt_install_fail" />
<testcase classname="PySysTest" name="SoftwareManagement.sm_apt_install_fail" />
</testsuite><testsuite name="SoftwareManagement.sm_apt_install_remove" tests="3" errors="0" failures="0" skipped="1" time="0"><testcase classname="PySysTest" name="SoftwareManagement.sm_apt_install_remove">
		<skipped message="SKIPPED: Testing the apt plugin is not supported on this platform.Use parameter -XmyPlatform='container' to enable it" />
		<system-out>08:09:32 INFO  ==============================================================
08:09:32 INFO  Id:    SoftwareManagement.sm_apt_install_remove
08:09:32 INFO  Dir:   software_management_end_to_end/
08:09:32 INFO  Title: Validate end to end behaviour for the apt plugin for installation and removal of packages
08:09:32 INFO  ==============================================================
08:09:32 INFO  Testing the apt plugin is not supported on this platform.Use parameter -XmyPlatform='container' to enable it ... skipped
08:09:32 WARN  Aborted test due to SKIPPED outcome
08:09:32 INFO  
08:09:32 INFO  Test duration: 0.02 secs
08:09:32 INFO  Test final outcome:  SKIPPED
08:09:32 INFO  Test outcome reason: Testing the apt plugin is not supported on this platform.Use parameter -XmyPlatform='container' to enable it
08:09:32 INFO  
</system-out>
	</testcase>
<testcase classname="PySysTest" name="SoftwareManagement.sm_apt_install_remove" />
<testcase classname="PySysTest" name="SoftwareManagement.sm_apt_install_remove" />
</testsuite><testsuite name="SoftwareManagement.sm_apt_install_remove_default" tests="3" errors="0" failures="0" skipped="1" time="0"><testcase classname="PySysTest" name="SoftwareManagement.sm_apt_install_remove_default">
		<skipped message="SKIPPED: Testing the apt plugin is not supported on this platform.Use parameter -XmyPlatform='container' to enable it" />
		<system-out>08:09:32 INFO  ==============================================================
08:09:32 INFO  Id:    SoftwareManagement.sm_apt_install_remove_default
08:09:32 INFO  Dir:   software_management_end_to_end/
08:09:32 INFO  Title: Validate end to end behaviour for the default plugin for installation and removal of packages
08:09:32 INFO  ==============================================================
08:09:32 INFO  Testing the apt plugin is not supported on this platform.Use parameter -XmyPlatform='container' to enable it ... skipped
08:09:32 WARN  Aborted test due to SKIPPED outcome
08:09:32 INFO  
08:09:32 INFO  Test duration: 0.02 secs
08:09:32 INFO  Test final outcome:  SKIPPED
08:09:32 INFO  Test outcome reason: Testing the apt plugin is not supported on this platform.Use parameter -XmyPlatform='container' to enable it
08:09:32 INFO  
</system-out>
	</testcase>
<testcase classname="PySysTest" name="SoftwareManagement.sm_apt_install_remove_default" />
<testcase classname="PySysTest" name="SoftwareManagement.sm_apt_install_remove_default" />
</testsuite><testsuite name="SoftwareManagement.sm_apt_install_remove_multiple" tests="3" errors="0" failures="2" skipped="1" time="0"><testcase classname="PySysTest" name="SoftwareManagement.sm_apt_install_remove_multiple">
		<skipped message="SKIPPED: Testing the apt plugin is not supported on this platform.Use parameter -XmyPlatform='container' to enable it" />
		<system-out>08:09:32 INFO  ==============================================================
08:09:32 INFO  Id:    SoftwareManagement.sm_apt_install_remove_multiple
08:09:32 INFO  Dir:   software_management_end_to_end/
08:09:32 INFO  Title: Validate end to end behaviour for the apt plugin for multiple packages
08:09:32 INFO  ==============================================================
08:09:32 INFO  Testing the apt plugin is not supported on this platform.Use parameter -XmyPlatform='container' to enable it ... skipped
08:09:32 WARN  Aborted test due to SKIPPED outcome
08:09:32 INFO  
08:09:32 INFO  Test duration: 0.02 secs
08:09:32 INFO  Test final outcome:  SKIPPED
08:09:32 INFO  Test outcome reason: Testing the apt plugin is not supported on this platform.Use parameter -XmyPlatform='container' to enable it
08:09:32 INFO  
</system-out>
	</testcase>
<testcase classname="PySysTest" name="SoftwareManagement.sm_apt_install_remove_multiple">
		<failure message="FAILED: Assert that (False == value) with value=True" type="FAILED" />
		<system-out>08:42:38 INFO  ==============================================================
08:42:38 INFO  Id:    SoftwareManagement.sm_apt_install_remove_multiple
08:42:38 INFO  Dir:   software_management_end_to_end/
08:42:38 INFO  Title: Validate end to end behaviour for the apt plugin for multiple packages
08:42:38 INFO  ==============================================================
08:42:38 INFO  Using sw id database: {'asciijump': '5475369', 'robotfindskitten': '5474869', 'squirrel3': '5475279', 'rolldice': '5152439', 'moon-buggy': '5439204', 'apple': '5495053', 'banana': '5494888', 'cherry': '5495382', 'watermelon': '5494510', 'registry': '8018911', 'hello-world': '8021526', 'docker/getting-started': '8021973', 'alpine': '7991792'}
08:42:38 INFO  EnvironmentC8y Setup
08:42:38 INFO  Executed systemctl&lt;serv_mapper1&gt;, exit status 3
08:42:39 INFO  Restarting mosquitto too frequently in the last 10 seconds. It was only up for 5 seconds
08:42:39 INFO  Delaying execution by 6 seconds
08:42:59 INFO  Executed sudo&lt;tedge_connect_c8y&gt;, exit status 0, duration 14 secs
08:43:00 INFO  Executed sudo&lt;tedge_connect_c8y_test&gt;, exit status 0
08:43:00 INFO  Executed systemctl&lt;serv_mosq2&gt;, exit status 0
08:43:01 INFO  Executed systemctl&lt;serv_mapper3&gt;, exit status 0
08:43:03 INFO  State of current operation: SUCCESSFUL
08:43:03 INFO  Assert that (False == value) with value=False ... passed
08:43:03 INFO  Assert that (False == value) with value=False ... passed
08:43:04 INFO  Assert that (False == value) with value=False ... passed
08:43:04 INFO  Package robotfindskitten is installed
08:43:04 WARN  Assert that (False == value) with value=True ... failed 
08:43:04 INFO  Response status: 201
08:43:04 INFO  Response to action: {
    "creationTime": "2022-05-04T08:43:04.507Z",
    "deviceName": "mythicd",
    "deviceId": "18334598",
    "self": "https://t493319102.eu-latest.cumulocity.com/devicecontrol/operations/18369984",
    "id": "18369984",
    "status": "PENDING",
    "description": "Apply software changes, triggered from PySys: [{'action': 'install', 'id': '5475369', 'name': 'asciijump', 'url': ' ', 'version': '::apt'}, {'action': 'install', 'id': '5474869', 'name': 'robotfindskitten', 'url': ' ', 'version': '::apt'}, {'action': 'install', 'id': '5475279', 'name': 'squirrel3', 'url': ' ', 'version': '::apt'}]",
    "c8y_SoftwareUpdate": [
        {
            "name": "asciijump",
            "action": "install",
            "id": "5475369",
            "version": "::apt",
            "url": " "
        },
        {
            "name": "robotfindskitten",
            "action": "install",
            "id": "5474869",
            "version": "::apt",
            "url": " "
        },
        {
            "name": "squirrel3",
            "action": "install",
            "id": "5475279",
            "version": "::apt",
            "url": " "
        }
    ]
}
08:43:04 INFO  Started operation: {'creationTime': '2022-05-04T08:43:04.507Z', 'deviceName': 'mythicd', 'deviceId': '18334598', 'self': 'https://t493319102.eu-latest.cumulocity.com/devicecontrol/operations/18369984', 'id': '18369984', 'status': 'PENDING', 'description': "Apply software changes, triggered from PySys: [{'action': 'install', 'id': '5475369', 'name': 'asciijump', 'url': ' ', 'version': '::apt'}, {'action': 'install', 'id': '5474869', 'name': 'robotfindskitten', 'url': ' ', 'version': '::apt'}, {'action': 'install', 'id': '5475279', 'name': 'squirrel3', 'url': ' ', 'version': '::apt'}]", 'c8y_SoftwareUpdate': [{'name': 'asciijump', 'action': 'install', 'id': '5475369', 'version': '::apt', 'url': ' '}, {'name': 'robotfindskitten', 'action': 'install', 'id': '5474869', 'version': '::apt', 'url': ' '}, {'name': 'squirrel3', 'action': 'install', 'id': '5475279', 'version': '::apt', 'url': ' '}]}
08:43:06 INFO  State of operation 18369984 : PENDING
08:43:08 INFO  State of operation 18369984 : EXECUTING
08:43:11 INFO  State of operation 18369984 : EXECUTING
08:43:13 INFO  State of operation 18369984 : EXECUTING
08:43:15 INFO  State of operation 18369984 : EXECUTING
08:43:17 INFO  State of operation 18369984 : EXECUTING
08:43:20 INFO  State of operation 18369984 : EXECUTING
08:43:22 INFO  State of operation 18369984 : EXECUTING
08:43:25 INFO  State of operation 18369984 : EXECUTING
08:43:27 INFO  State of operation 18369984 : EXECUTING
08:43:30 INFO  State of operation 18369984 : EXECUTING
08:43:32 INFO  State of operation 18369984 : EXECUTING
08:43:34 INFO  State of operation 18369984 : EXECUTING
08:43:36 INFO  State of operation 18369984 : EXECUTING
08:43:38 INFO  State of operation 18369984 : EXECUTING
08:43:41 INFO  State of operation 18369984 : EXECUTING
08:43:43 INFO  State of operation 18369984 : EXECUTING
08:43:45 INFO  State of operation 18369984 : EXECUTING
08:43:48 INFO  State of operation 18369984 : EXECUTING
08:43:50 INFO  State of operation 18369984 : EXECUTING
08:43:53 INFO  State of operation 18369984 : EXECUTING
08:43:55 INFO  State of operation 18369984 : EXECUTING
08:43:58 INFO  State of operation 18369984 : EXECUTING
08:44:00 INFO  State of operation 18369984 : EXECUTING
08:44:03 INFO  State of operation 18369984 : EXECUTING
08:44:05 INFO  State of operation 18369984 : EXECUTING
08:44:07 INFO  State of operation 18369984 : EXECUTING
08:44:10 INFO  State of operation 18369984 : EXECUTING
08:44:13 INFO  State of operation 18369984 : EXECUTING
08:44:15 INFO  State of operation 18369984 : EXECUTING
08:44:17 INFO  State of operation 18369984 : EXECUTING
08:44:19 INFO  State of operation 18369984 : EXECUTING
08:44:22 INFO  State of operation 18369984 : EXECUTING
08:44:24 INFO  State of operation 18369984 : EXECUTING
08:44:26 INFO  State of operation 18369984 : SUCCESSFUL
08:44:26 INFO  Assert that (False == value) with value=False ... passed
08:44:27 INFO  Package asciijump is installed
08:44:27 INFO  Assert that (True == value) with value=True ... passed
08:44:27 INFO  Package squirrel3 is installed
08:44:27 INFO  Assert that (True == value) with value=True ... passed
08:44:27 INFO  Package robotfindskitten is installed
08:44:27 INFO  Assert that (True == value) with value=True ... passed
08:44:27 INFO  Response status: 201
08:44:27 INFO  Response to action: {
    "creationTime": "2022-05-04T08:44:27.824Z",
    "deviceName": "mythicd",
    "deviceId": "18334598",
    "self": "https://t493319102.eu-latest.cumulocity.com/devicecontrol/operations/18369994",
    "id": "18369994",
    "status": "PENDING",
    "description": "Apply software changes, triggered from PySys: [{'action': 'delete', 'id': '5475369', 'name': 'asciijump', 'url': ' ', 'version': '::apt'}, {'action': 'delete', 'id': '5474869', 'name': 'robotfindskitten', 'url': ' ', 'version': '::apt'}, {'action': 'delete', 'id': '5475279', 'name': 'squirrel3', 'url': ' ', 'version': '::apt'}]",
    "c8y_SoftwareUpdate": [
        {
            "name": "asciijump",
            "action": "delete",
            "id": "5475369",
            "version": "::apt",
            "url": " "
        },
        {
            "name": "robotfindskitten",
            "action": "delete",
            "id": "5474869",
            "version": "::apt",
            "url": " "
        },
        {
            "name": "squirrel3",
            "action": "delete",
            "id": "5475279",
            "version": "::apt",
            "url": " "
        }
    ]
}
08:44:27 INFO  Started operation: {'creationTime': '2022-05-04T08:44:27.824Z', 'deviceName': 'mythicd', 'deviceId': '18334598', 'self': 'https://t493319102.eu-latest.cumulocity.com/devicecontrol/operations/18369994', 'id': '18369994', 'status': 'PENDING', 'description': "Apply software changes, triggered from PySys: [{'action': 'delete', 'id': '5475369', 'name': 'asciijump', 'url': ' ', 'version': '::apt'}, {'action': 'delete', 'id': '5474869', 'name': 'robotfindskitten', 'url': ' ', 'version': '::apt'}, {'action': 'delete', 'id': '5475279', 'name': 'squirrel3', 'url': ' ', 'version': '::apt'}]", 'c8y_SoftwareUpdate': [{'name': 'asciijump', 'action': 'delete', 'id': '5475369', 'version': '::apt', 'url': ' '}, {'name': 'robotfindskitten', 'action': 'delete', 'id': '5474869', 'version': '::apt', 'url': ' '}, {'name': 'squirrel3', 'action': 'delete', 'id': '5475279', 'version': '::apt', 'url': ' '}]}
08:44:30 INFO  State of operation 18369994 : PENDING
08:44:32 INFO  State of operation 18369994 : EXECUTING
08:44:34 INFO  State of operation 18369994 : EXECUTING
08:44:36 INFO  State of operation 18369994 : EXECUTING
08:44:39 INFO  State of operation 18369994 : EXECUTING
08:44:41 INFO  State of operation 18369994 : EXECUTING
08:44:44 INFO  State of operation 18369994 : EXECUTING
08:44:47 INFO  State of operation 18369994 : EXECUTING
08:44:49 INFO  State of operation 18369994 : EXECUTING
08:44:52 INFO  State of operation 18369994 : EXECUTING
08:44:54 INFO  State of operation 18369994 : EXECUTING
08:44:56 INFO  State of operation 18369994 : EXECUTING
08:44:58 INFO  State of operation 18369994 : EXECUTING
08:45:01 INFO  State of operation 18369994 : EXECUTING
08:45:03 INFO  State of operation 18369994 : EXECUTING
08:45:05 INFO  State of operation 18369994 : EXECUTING
08:45:07 INFO  State of operation 18369994 : EXECUTING
08:45:10 INFO  State of operation 18369994 : EXECUTING
08:45:12 INFO  State of operation 18369994 : EXECUTING
08:45:15 INFO  State of operation 18369994 : EXECUTING
08:45:17 INFO  State of operation 18369994 : EXECUTING
08:45:19 INFO  State of operation 18369994 : EXECUTING
08:45:22 INFO  State of operation 18369994 : EXECUTING
08:45:24 INFO  State of operation 18369994 : EXECUTING
08:45:27 INFO  State of operation 18369994 : EXECUTING
08:45:29 INFO  State of operation 18369994 : EXECUTING
08:45:31 INFO  State of operation 18369994 : EXECUTING
08:45:34 INFO  State of operation 18369994 : EXECUTING
08:45:36 INFO  State of operation 18369994 : SUCCESSFUL
08:45:36 INFO  Assert that (False == value) with value=False ... passed
08:45:36 INFO  Assert that (False == value) with value=False ... passed
08:45:36 INFO  Assert that (False == value) with value=False ... passed
08:45:37 INFO  Assert that (False == value) with value=False ... passed
08:45:37 INFO  
08:45:37 INFO  cleanup:
08:45:41 INFO  Executed sudo&lt;tedge_disconnect_c8y&gt;, exit status 0
08:45:42 INFO  Executed systemctl&lt;serv_mapper5&gt;, exit status 3
08:45:42 INFO  
08:45:42 INFO  Test duration: 183.62 secs
08:45:42 INFO  Test final outcome:  FAILED
08:45:42 INFO  Test outcome reason: Assert that (False == value) with value=True
08:45:42 INFO  
</system-out>
	</testcase>
<testcase classname="PySysTest" name="SoftwareManagement.sm_apt_install_remove_multiple">
		<failure message="FAILED: Assert that (False == value) with value=True (+2 other failures)" type="FAILED" />
		<system-out>09:09:25 INFO  ==============================================================
09:09:25 INFO  Id:    SoftwareManagement.sm_apt_install_remove_multiple
09:09:25 INFO  Dir:   software_management_end_to_end/
09:09:25 INFO  Title: Validate end to end behaviour for the apt plugin for multiple packages
09:09:25 INFO  ==============================================================
09:09:25 INFO  Using sw id database: {'asciijump': '5475369', 'robotfindskitten': '5474869', 'squirrel3': '5475279', 'rolldice': '5152439', 'moon-buggy': '5439204', 'apple': '5495053', 'banana': '5494888', 'cherry': '5495382', 'watermelon': '5494510', 'registry': '8018911', 'hello-world': '8021526', 'docker/getting-started': '8021973', 'alpine': '7991792'}
09:09:25 INFO  EnvironmentC8y Setup
09:09:25 INFO  Executed systemctl&lt;serv_mapper1&gt;, exit status 3
09:09:25 INFO  Restarting mosquitto too frequently in the last 10 seconds. It was only up for 5 seconds
09:09:25 INFO  Delaying execution by 6 seconds
09:09:46 INFO  Executed sudo&lt;tedge_connect_c8y&gt;, exit status 0, duration 14 secs
09:09:46 INFO  Executed sudo&lt;tedge_connect_c8y_test&gt;, exit status 0
09:09:47 INFO  Executed systemctl&lt;serv_mosq2&gt;, exit status 0
09:09:47 INFO  Executed systemctl&lt;serv_mapper3&gt;, exit status 0
09:09:49 INFO  State of current operation: SUCCESSFUL
09:09:50 INFO  Assert that (False == value) with value=False ... passed
09:09:50 INFO  Package asciijump is installed
09:09:50 WARN  Assert that (False == value) with value=True ... failed 
09:09:50 INFO  Package squirrel3 is installed
09:09:50 WARN  Assert that (False == value) with value=True ... failed 
09:09:50 INFO  Package robotfindskitten is installed
09:09:50 WARN  Assert that (False == value) with value=True ... failed 
09:09:51 INFO  Response status: 201
09:09:51 INFO  Response to action: {
    "creationTime": "2022-05-04T09:09:51.118Z",
    "deviceName": "mythicd",
    "deviceId": "18334598",
    "self": "https://t493319102.eu-latest.cumulocity.com/devicecontrol/operations/18389330",
    "id": "18389330",
    "status": "PENDING",
    "description": "Apply software changes, triggered from PySys: [{'action': 'install', 'id': '5475369', 'name': 'asciijump', 'url': ' ', 'version': '::apt'}, {'action': 'install', 'id': '5474869', 'name': 'robotfindskitten', 'url': ' ', 'version': '::apt'}, {'action': 'install', 'id': '5475279', 'name': 'squirrel3', 'url': ' ', 'version': '::apt'}]",
    "c8y_SoftwareUpdate": [
        {
            "name": "asciijump",
            "action": "install",
            "id": "5475369",
            "version": "::apt",
            "url": " "
        },
        {
            "name": "robotfindskitten",
            "action": "install",
            "id": "5474869",
            "version": "::apt",
            "url": " "
        },
        {
            "name": "squirrel3",
            "action": "install",
            "id": "5475279",
            "version": "::apt",
            "url": " "
        }
    ]
}
09:09:51 INFO  Started operation: {'creationTime': '2022-05-04T09:09:51.118Z', 'deviceName': 'mythicd', 'deviceId': '18334598', 'self': 'https://t493319102.eu-latest.cumulocity.com/devicecontrol/operations/18389330', 'id': '18389330', 'status': 'PENDING', 'description': "Apply software changes, triggered from PySys: [{'action': 'install', 'id': '5475369', 'name': 'asciijump', 'url': ' ', 'version': '::apt'}, {'action': 'install', 'id': '5474869', 'name': 'robotfindskitten', 'url': ' ', 'version': '::apt'}, {'action': 'install', 'id': '5475279', 'name': 'squirrel3', 'url': ' ', 'version': '::apt'}]", 'c8y_SoftwareUpdate': [{'name': 'asciijump', 'action': 'install', 'id': '5475369', 'version': '::apt', 'url': ' '}, {'name': 'robotfindskitten', 'action': 'install', 'id': '5474869', 'version': '::apt', 'url': ' '}, {'name': 'squirrel3', 'action': 'install', 'id': '5475279', 'version': '::apt', 'url': ' '}]}
09:09:53 INFO  State of operation 18389330 : PENDING
09:09:55 INFO  State of operation 18389330 : EXECUTING
09:09:57 INFO  State of operation 18389330 : EXECUTING
09:10:00 INFO  State of operation 18389330 : EXECUTING
09:10:02 INFO  State of operation 18389330 : EXECUTING
09:10:04 INFO  State of operation 18389330 : EXECUTING
09:10:07 INFO  State of operation 18389330 : EXECUTING
09:10:09 INFO  State of operation 18389330 : EXECUTING
09:10:12 INFO  State of operation 18389330 : EXECUTING
09:10:14 INFO  State of operation 18389330 : EXECUTING
09:10:17 INFO  State of operation 18389330 : EXECUTING
09:10:19 INFO  State of operation 18389330 : EXECUTING
09:10:21 INFO  State of operation 18389330 : EXECUTING
09:10:23 INFO  State of operation 18389330 : EXECUTING
09:10:26 INFO  State of operation 18389330 : EXECUTING
09:10:28 INFO  State of operation 18389330 : SUCCESSFUL
09:10:28 INFO  Assert that (False == value) with value=False ... passed
09:10:28 INFO  Package asciijump is installed
09:10:28 INFO  Assert that (True == value) with value=True ... passed
09:10:29 INFO  Package squirrel3 is installed
09:10:29 INFO  Assert that (True == value) with value=True ... passed
09:10:29 INFO  Package robotfindskitten is installed
09:10:29 INFO  Assert that (True == value) with value=True ... passed
09:10:29 INFO  Response status: 201
09:10:29 INFO  Response to action: {
    "creationTime": "2022-05-04T09:10:29.415Z",
    "deviceName": "mythicd",
    "deviceId": "18334598",
    "self": "https://t493319102.eu-latest.cumulocity.com/devicecontrol/operations/18389351",
    "id": "18389351",
    "status": "PENDING",
    "description": "Apply software changes, triggered from PySys: [{'action': 'delete', 'id': '5475369', 'name': 'asciijump', 'url': ' ', 'version': '::apt'}, {'action': 'delete', 'id': '5474869', 'name': 'robotfindskitten', 'url': ' ', 'version': '::apt'}, {'action': 'delete', 'id': '5475279', 'name': 'squirrel3', 'url': ' ', 'version': '::apt'}]",
    "c8y_SoftwareUpdate": [
        {
            "name": "asciijump",
            "action": "delete",
            "id": "5475369",
            "version": "::apt",
            "url": " "
        },
        {
            "name": "robotfindskitten",
            "action": "delete",
            "id": "5474869",
            "version": "::apt",
            "url": " "
        },
        {
            "name": "squirrel3",
            "action": "delete",
            "id": "5475279",
            "version": "::apt",
            "url": " "
        }
    ]
}
09:10:29 INFO  Started operation: {'creationTime': '2022-05-04T09:10:29.415Z', 'deviceName': 'mythicd', 'deviceId': '18334598', 'self': 'https://t493319102.eu-latest.cumulocity.com/devicecontrol/operations/18389351', 'id': '18389351', 'status': 'PENDING', 'description': "Apply software changes, triggered from PySys: [{'action': 'delete', 'id': '5475369', 'name': 'asciijump', 'url': ' ', 'version': '::apt'}, {'action': 'delete', 'id': '5474869', 'name': 'robotfindskitten', 'url': ' ', 'version': '::apt'}, {'action': 'delete', 'id': '5475279', 'name': 'squirrel3', 'url': ' ', 'version': '::apt'}]", 'c8y_SoftwareUpdate': [{'name': 'asciijump', 'action': 'delete', 'id': '5475369', 'version': '::apt', 'url': ' '}, {'name': 'robotfindskitten', 'action': 'delete', 'id': '5474869', 'version': '::apt', 'url': ' '}, {'name': 'squirrel3', 'action': 'delete', 'id': '5475279', 'version': '::apt', 'url': ' '}]}
09:10:31 INFO  State of operation 18389351 : PENDING
09:10:33 INFO  State of operation 18389351 : EXECUTING
09:10:36 INFO  State of operation 18389351 : EXECUTING
09:10:38 INFO  State of operation 18389351 : EXECUTING
09:10:40 INFO  State of operation 18389351 : EXECUTING
09:10:42 INFO  State of operation 18389351 : EXECUTING
09:10:45 INFO  State of operation 18389351 : EXECUTING
09:10:48 INFO  State of operation 18389351 : EXECUTING
09:10:51 INFO  State of operation 18389351 : EXECUTING
09:10:53 INFO  State of operation 18389351 : EXECUTING
09:10:55 INFO  State of operation 18389351 : EXECUTING
09:10:57 INFO  State of operation 18389351 : EXECUTING
09:11:00 INFO  State of operation 18389351 : EXECUTING
09:11:02 INFO  State of operation 18389351 : EXECUTING
09:11:04 INFO  State of operation 18389351 : EXECUTING
09:11:06 INFO  State of operation 18389351 : EXECUTING
09:11:09 INFO  State of operation 18389351 : EXECUTING
09:11:11 INFO  State of operation 18389351 : EXECUTING
09:11:14 INFO  State of operation 18389351 : EXECUTING
09:11:16 INFO  State of operation 18389351 : EXECUTING
09:11:19 INFO  State of operation 18389351 : EXECUTING
09:11:21 INFO  State of operation 18389351 : EXECUTING
09:11:23 INFO  State of operation 18389351 : EXECUTING
09:11:25 INFO  State of operation 18389351 : EXECUTING
09:11:28 INFO  State of operation 18389351 : EXECUTING
09:11:30 INFO  State of operation 18389351 : EXECUTING
09:11:33 INFO  State of operation 18389351 : EXECUTING
09:11:35 INFO  State of operation 18389351 : EXECUTING
09:11:37 INFO  State of operation 18389351 : EXECUTING
09:11:39 INFO  State of operation 18389351 : SUCCESSFUL
09:11:40 INFO  Assert that (False == value) with value=False ... passed
09:11:40 INFO  Assert that (False == value) with value=False ... passed
09:11:40 INFO  Assert that (False == value) with value=False ... passed
09:11:40 INFO  Assert that (False == value) with value=False ... passed
09:11:40 INFO  
09:11:40 INFO  cleanup:
09:11:44 INFO  Executed sudo&lt;tedge_disconnect_c8y&gt;, exit status 0
09:11:45 INFO  Executed systemctl&lt;serv_mapper5&gt;, exit status 3
09:11:45 INFO  
09:11:45 INFO  Test duration: 140.42 secs
09:11:45 INFO  Test final outcome:  FAILED
09:11:45 INFO  Test outcome reason: Assert that (False == value) with value=True (+2 other failures)
09:11:45 INFO  
</system-out>
	</testcase>
</testsuite><testsuite name="SoftwareManagement.sm_apt_install_remove_multiple_mixed" tests="3" errors="0" failures="2" skipped="1" time="0"><testcase classname="PySysTest" name="SoftwareManagement.sm_apt_install_remove_multiple_mixed">
		<skipped message="SKIPPED: Testing the apt plugin is not supported on this platform.Use parameter -XmyPlatform='container' to enable it" />
		<system-out>08:09:32 INFO  ==============================================================
08:09:32 INFO  Id:    SoftwareManagement.sm_apt_install_remove_multiple_mixed
08:09:32 INFO  Dir:   software_management_end_to_end/
08:09:32 INFO  Title: Validate end to end behaviour for the apt plugin for multiple packages with mixed versions
08:09:32 INFO  ==============================================================
08:09:32 INFO  Testing the apt plugin is not supported on this platform.Use parameter -XmyPlatform='container' to enable it ... skipped
08:09:32 WARN  Aborted test due to SKIPPED outcome
08:09:32 INFO  
08:09:32 INFO  Test duration: 0.03 secs
08:09:32 INFO  Test final outcome:  SKIPPED
08:09:32 INFO  Test outcome reason: Testing the apt plugin is not supported on this platform.Use parameter -XmyPlatform='container' to enable it
08:09:32 INFO  
</system-out>
	</testcase>
<testcase classname="PySysTest" name="SoftwareManagement.sm_apt_install_remove_multiple_mixed">
		<failure message="BLOCKED: SystemError: Timeout while waiting for status SUCCESSFUL or False" type="BLOCKED" />
		<system-out>08:45:42 INFO  ==============================================================
08:45:42 INFO  Id:    SoftwareManagement.sm_apt_install_remove_multiple_mixed
08:45:42 INFO  Dir:   software_management_end_to_end/
08:45:42 INFO  Title: Validate end to end behaviour for the apt plugin for multiple packages with mixed versions
08:45:42 INFO  ==============================================================
08:45:42 INFO  Using sw id database: {'asciijump': '5475369', 'robotfindskitten': '5474869', 'squirrel3': '5475279', 'rolldice': '5152439', 'moon-buggy': '5439204', 'apple': '5495053', 'banana': '5494888', 'cherry': '5495382', 'watermelon': '5494510', 'registry': '8018911', 'hello-world': '8021526', 'docker/getting-started': '8021973', 'alpine': '7991792'}
08:45:42 INFO  EnvironmentC8y Setup
08:45:42 INFO  Executed systemctl&lt;serv_mapper1&gt;, exit status 3
08:45:42 INFO  Restarting mosquitto too frequently in the last 10 seconds. It was only up for 5 seconds
08:45:42 INFO  Delaying execution by 6 seconds
08:46:02 INFO  Executed sudo&lt;tedge_connect_c8y&gt;, exit status 0, duration 14 secs
08:46:03 INFO  Executed sudo&lt;tedge_connect_c8y_test&gt;, exit status 0
08:46:04 INFO  Executed systemctl&lt;serv_mosq2&gt;, exit status 0
08:46:04 INFO  Executed systemctl&lt;serv_mapper3&gt;, exit status 0
08:46:06 INFO  State of current operation: SUCCESSFUL
08:46:07 INFO  Assert that (False == value) with value=False ... passed
08:46:07 INFO  Assert that (False == value) with value=False ... passed
08:46:07 INFO  Assert that (False == value) with value=False ... passed
08:46:07 INFO  Assert that (False == value) with value=False ... passed
08:46:08 INFO  Assert that (False == value) with value=False ... passed
08:46:09 INFO  Response status: 201
08:46:09 INFO  Response to action: {
    "creationTime": "2022-05-04T08:46:09.332Z",
    "deviceName": "mythicd",
    "deviceId": "18334598",
    "self": "https://t493319102.eu-latest.cumulocity.com/devicecontrol/operations/18370017",
    "id": "18370017",
    "status": "PENDING",
    "description": "Apply software changes, triggered from PySys: [{'action': 'install', 'id': '5475369', 'name': 'asciijump', 'url': ' ', 'version': '::apt'}, {'action': 'install', 'id': '5474869', 'name': 'robotfindskitten', 'url': ' ', 'version': ' '}, {'action': 'install', 'id': '5475279', 'name': 'squirrel3', 'url': ' ', 'version': '3.1-7::apt'}, {'action': 'install', 'id': '5152439', 'name': 'rolldice', 'url': ' ', 'version': '1.16-1+b1'}, {'action': 'install', 'id': '5439204', 'name': 'moon-buggy', 'url': ' ', 'version': '1:1.0.51-12'}, {'action': 'install', 'id': '5475369', 'name': 'asciijump', 'url': ' ', 'version': '::apt'}]",
    "c8y_SoftwareUpdate": [
        {
            "name": "asciijump",
            "action": "install",
            "id": "5475369",
            "version": "::apt",
            "url": " "
        },
        {
            "name": "robotfindskitten",
            "action": "install",
            "id": "5474869",
            "version": " ",
            "url": " "
        },
        {
            "name": "squirrel3",
            "action": "install",
            "id": "5475279",
            "version": "3.1-7::apt",
            "url": " "
        },
        {
            "name": "rolldice",
            "action": "install",
            "id": "5152439",
            "version": "1.16-1+b1",
            "url": " "
        },
        {
            "name": "moon-buggy",
            "action": "install",
            "id": "5439204",
            "version": "1:1.0.51-12",
            "url": " "
        },
        {
            "name": "asciijump",
            "action": "install",
            "id": "5475369",
            "version": "::apt",
            "url": " "
        }
    ]
}
08:46:09 INFO  Started operation: {'creationTime': '2022-05-04T08:46:09.332Z', 'deviceName': 'mythicd', 'deviceId': '18334598', 'self': 'https://t493319102.eu-latest.cumulocity.com/devicecontrol/operations/18370017', 'id': '18370017', 'status': 'PENDING', 'description': "Apply software changes, triggered from PySys: [{'action': 'install', 'id': '5475369', 'name': 'asciijump', 'url': ' ', 'version': '::apt'}, {'action': 'install', 'id': '5474869', 'name': 'robotfindskitten', 'url': ' ', 'version': ' '}, {'action': 'install', 'id': '5475279', 'name': 'squirrel3', 'url': ' ', 'version': '3.1-7::apt'}, {'action': 'install', 'id': '5152439', 'name': 'rolldice', 'url': ' ', 'version': '1.16-1+b1'}, {'action': 'install', 'id': '5439204', 'name': 'moon-buggy', 'url': ' ', 'version': '1:1.0.51-12'}, {'action': 'install', 'id': '5475369', 'name': 'asciijump', 'url': ' ', 'version': '::apt'}]", 'c8y_SoftwareUpdate': [{'name': 'asciijump', 'action': 'install', 'id': '5475369', 'version': '::apt', 'url': ' '}, {'name': 'robotfindskitten', 'action': 'install', 'id': '5474869', 'version': ' ', 'url': ' '}, {'name': 'squirrel3', 'action': 'install', 'id': '5475279', 'version': '3.1-7::apt', 'url': ' '}, {'name': 'rolldice', 'action': 'install', 'id': '5152439', 'version': '1.16-1+b1', 'url': ' '}, {'name': 'moon-buggy', 'action': 'install', 'id': '5439204', 'version': '1:1.0.51-12', 'url': ' '}, {'name': 'asciijump', 'action': 'install', 'id': '5475369', 'version': '::apt', 'url': ' '}]}
08:46:11 INFO  State of operation 18370017 : PENDING
08:46:13 INFO  State of operation 18370017 : EXECUTING
08:46:16 INFO  State of operation 18370017 : EXECUTING
08:46:18 INFO  State of operation 18370017 : EXECUTING
08:46:20 INFO  State of operation 18370017 : EXECUTING
08:46:22 INFO  State of operation 18370017 : EXECUTING
08:46:25 INFO  State of operation 18370017 : EXECUTING
08:46:28 INFO  State of operation 18370017 : EXECUTING
08:46:30 INFO  State of operation 18370017 : EXECUTING
08:46:33 INFO  State of operation 18370017 : EXECUTING
08:46:35 INFO  State of operation 18370017 : EXECUTING
08:46:37 INFO  State of operation 18370017 : EXECUTING
08:46:39 INFO  State of operation 18370017 : EXECUTING
08:46:42 INFO  State of operation 18370017 : EXECUTING
08:46:44 INFO  State of operation 18370017 : EXECUTING
08:46:46 INFO  State of operation 18370017 : EXECUTING
08:46:49 INFO  State of operation 18370017 : EXECUTING
08:46:51 INFO  State of operation 18370017 : EXECUTING
08:46:54 INFO  State of operation 18370017 : EXECUTING
08:46:56 INFO  State of operation 18370017 : EXECUTING
08:46:58 INFO  State of operation 18370017 : EXECUTING
08:47:00 INFO  State of operation 18370017 : EXECUTING
08:47:03 INFO  State of operation 18370017 : EXECUTING
08:47:05 INFO  State of operation 18370017 : EXECUTING
08:47:08 INFO  State of operation 18370017 : EXECUTING
08:47:10 INFO  State of operation 18370017 : EXECUTING
08:47:13 INFO  State of operation 18370017 : EXECUTING
08:47:15 INFO  State of operation 18370017 : EXECUTING
08:47:18 INFO  State of operation 18370017 : EXECUTING
08:47:20 INFO  State of operation 18370017 : EXECUTING
08:47:22 INFO  State of operation 18370017 : EXECUTING
08:47:24 INFO  State of operation 18370017 : EXECUTING
08:47:27 INFO  State of operation 18370017 : EXECUTING
08:47:29 INFO  State of operation 18370017 : EXECUTING
08:47:31 INFO  State of operation 18370017 : EXECUTING
08:47:33 INFO  State of operation 18370017 : EXECUTING
08:47:36 INFO  State of operation 18370017 : EXECUTING
08:47:38 INFO  State of operation 18370017 : EXECUTING
08:47:40 INFO  State of operation 18370017 : EXECUTING
08:47:43 INFO  State of operation 18370017 : EXECUTING
08:47:45 INFO  State of operation 18370017 : EXECUTING
08:47:48 INFO  State of operation 18370017 : EXECUTING
08:47:50 INFO  State of operation 18370017 : EXECUTING
08:47:52 INFO  State of operation 18370017 : EXECUTING
08:47:55 INFO  State of operation 18370017 : EXECUTING
08:47:57 INFO  State of operation 18370017 : EXECUTING
08:47:59 INFO  State of operation 18370017 : EXECUTING
08:48:02 INFO  State of operation 18370017 : EXECUTING
08:48:04 INFO  State of operation 18370017 : EXECUTING
08:48:06 INFO  State of operation 18370017 : EXECUTING
08:48:09 INFO  State of operation 18370017 : EXECUTING
08:48:11 INFO  State of operation 18370017 : EXECUTING
08:48:14 INFO  State of operation 18370017 : EXECUTING
08:48:16 INFO  State of operation 18370017 : EXECUTING
08:48:19 INFO  State of operation 18370017 : EXECUTING
08:48:21 INFO  State of operation 18370017 : EXECUTING
08:48:24 INFO  State of operation 18370017 : EXECUTING
08:48:26 INFO  State of operation 18370017 : EXECUTING
08:48:28 INFO  State of operation 18370017 : EXECUTING
08:48:30 INFO  State of operation 18370017 : EXECUTING
08:48:32 INFO  State of operation 18370017 : EXECUTING
08:48:34 WARN  SystemError occurred while running test - Timeout while waiting for status SUCCESSFUL or False
Traceback (most recent call last):
  File "/home/pi/env-pysys/lib/python3.7/site-packages/pysys/baserunner.py", line 1294, in __call__
    self.testObj.execute()
  File "/home/pi/actions-runner/_work/thin-edge.io/thin-edge.io/tests/PySys/software_management_end_to_end/sm_apt_install_remove_multiple_mixed/run.py", line 89, in execute
    self.wait_until_succcess()
  File "/home/pi/actions-runner/_work/thin-edge.io/thin-edge.io/tests/PySys/software_management_end_to_end/environment_sm_management.py", line 324, in wait_until_succcess
    self.wait_until_status("SUCCESSFUL")
  File "/home/pi/actions-runner/_work/thin-edge.io/thin-edge.io/tests/PySys/software_management_end_to_end/environment_sm_management.py", line 381, in wait_until_status
    "Timeout while waiting for status %s or %s" % (status, status2)
SystemError: Timeout while waiting for status SUCCESSFUL or False
08:48:34 WARN  SystemError: Timeout while waiting for status SUCCESSFUL or False ... blocked 
08:48:34 INFO  
08:48:34 INFO  cleanup:
08:48:39 INFO  Executed sudo&lt;tedge_disconnect_c8y&gt;, exit status 0
08:48:40 INFO  Executed systemctl&lt;serv_mapper5&gt;, exit status 3
08:48:40 INFO  
08:48:40 INFO  Test duration: 178.47 secs
08:48:40 INFO  Test final outcome:  BLOCKED
08:48:40 INFO  Test outcome reason: SystemError: Timeout while waiting for status SUCCESSFUL or False
08:48:40 INFO  
</system-out>
	</testcase>
<testcase classname="PySysTest" name="SoftwareManagement.sm_apt_install_remove_multiple_mixed">
		<failure message="BLOCKED: SystemError: Timeout while waiting for status SUCCESSFUL or False (+1 other failures)" type="BLOCKED" />
		<system-out>09:11:45 INFO  ==============================================================
09:11:45 INFO  Id:    SoftwareManagement.sm_apt_install_remove_multiple_mixed
09:11:45 INFO  Dir:   software_management_end_to_end/
09:11:45 INFO  Title: Validate end to end behaviour for the apt plugin for multiple packages with mixed versions
09:11:45 INFO  ==============================================================
09:11:45 INFO  Using sw id database: {'asciijump': '5475369', 'robotfindskitten': '5474869', 'squirrel3': '5475279', 'rolldice': '5152439', 'moon-buggy': '5439204', 'apple': '5495053', 'banana': '5494888', 'cherry': '5495382', 'watermelon': '5494510', 'registry': '8018911', 'hello-world': '8021526', 'docker/getting-started': '8021973', 'alpine': '7991792'}
09:11:45 INFO  EnvironmentC8y Setup
09:11:46 INFO  Executed systemctl&lt;serv_mapper1&gt;, exit status 3
09:11:46 INFO  Restarting mosquitto too frequently in the last 10 seconds. It was only up for 5 seconds
09:11:46 INFO  Delaying execution by 6 seconds
09:12:05 INFO  Executed sudo&lt;tedge_connect_c8y&gt;, exit status 0, duration 13 secs
09:12:06 INFO  Executed sudo&lt;tedge_connect_c8y_test&gt;, exit status 0
09:12:07 INFO  Executed systemctl&lt;serv_mosq2&gt;, exit status 0
09:12:07 INFO  Executed systemctl&lt;serv_mapper3&gt;, exit status 0
09:12:09 INFO  State of current operation: SUCCESSFUL
09:12:10 INFO  Assert that (False == value) with value=False ... passed
09:12:10 INFO  Assert that (False == value) with value=False ... passed
09:12:10 INFO  Assert that (False == value) with value=False ... passed
09:12:10 INFO  Assert that (False == value) with value=False ... passed
09:12:11 INFO  Package moon-buggy is installed
09:12:11 WARN  Assert that (False == value) with value=True ... failed 
09:12:12 INFO  Response status: 201
09:12:12 INFO  Response to action: {
    "creationTime": "2022-05-04T09:12:12.332Z",
    "deviceName": "mythicd",
    "deviceId": "18334598",
    "self": "https://t493319102.eu-latest.cumulocity.com/devicecontrol/operations/18389369",
    "id": "18389369",
    "status": "PENDING",
    "description": "Apply software changes, triggered from PySys: [{'action': 'install', 'id': '5475369', 'name': 'asciijump', 'url': ' ', 'version': '::apt'}, {'action': 'install', 'id': '5474869', 'name': 'robotfindskitten', 'url': ' ', 'version': ' '}, {'action': 'install', 'id': '5475279', 'name': 'squirrel3', 'url': ' ', 'version': '3.1-7::apt'}, {'action': 'install', 'id': '5152439', 'name': 'rolldice', 'url': ' ', 'version': '1.16-1+b1'}, {'action': 'install', 'id': '5439204', 'name': 'moon-buggy', 'url': ' ', 'version': '1:1.0.51-12'}, {'action': 'install', 'id': '5475369', 'name': 'asciijump', 'url': ' ', 'version': '::apt'}]",
    "c8y_SoftwareUpdate": [
        {
            "name": "asciijump",
            "action": "install",
            "id": "5475369",
            "version": "::apt",
            "url": " "
        },
        {
            "name": "robotfindskitten",
            "action": "install",
            "id": "5474869",
            "version": " ",
            "url": " "
        },
        {
            "name": "squirrel3",
            "action": "install",
            "id": "5475279",
            "version": "3.1-7::apt",
            "url": " "
        },
        {
            "name": "rolldice",
            "action": "install",
            "id": "5152439",
            "version": "1.16-1+b1",
            "url": " "
        },
        {
            "name": "moon-buggy",
            "action": "install",
            "id": "5439204",
            "version": "1:1.0.51-12",
            "url": " "
        },
        {
            "name": "asciijump",
            "action": "install",
            "id": "5475369",
            "version": "::apt",
            "url": " "
        }
    ]
}
09:12:12 INFO  Started operation: {'creationTime': '2022-05-04T09:12:12.332Z', 'deviceName': 'mythicd', 'deviceId': '18334598', 'self': 'https://t493319102.eu-latest.cumulocity.com/devicecontrol/operations/18389369', 'id': '18389369', 'status': 'PENDING', 'description': "Apply software changes, triggered from PySys: [{'action': 'install', 'id': '5475369', 'name': 'asciijump', 'url': ' ', 'version': '::apt'}, {'action': 'install', 'id': '5474869', 'name': 'robotfindskitten', 'url': ' ', 'version': ' '}, {'action': 'install', 'id': '5475279', 'name': 'squirrel3', 'url': ' ', 'version': '3.1-7::apt'}, {'action': 'install', 'id': '5152439', 'name': 'rolldice', 'url': ' ', 'version': '1.16-1+b1'}, {'action': 'install', 'id': '5439204', 'name': 'moon-buggy', 'url': ' ', 'version': '1:1.0.51-12'}, {'action': 'install', 'id': '5475369', 'name': 'asciijump', 'url': ' ', 'version': '::apt'}]", 'c8y_SoftwareUpdate': [{'name': 'asciijump', 'action': 'install', 'id': '5475369', 'version': '::apt', 'url': ' '}, {'name': 'robotfindskitten', 'action': 'install', 'id': '5474869', 'version': ' ', 'url': ' '}, {'name': 'squirrel3', 'action': 'install', 'id': '5475279', 'version': '3.1-7::apt', 'url': ' '}, {'name': 'rolldice', 'action': 'install', 'id': '5152439', 'version': '1.16-1+b1', 'url': ' '}, {'name': 'moon-buggy', 'action': 'install', 'id': '5439204', 'version': '1:1.0.51-12', 'url': ' '}, {'name': 'asciijump', 'action': 'install', 'id': '5475369', 'version': '::apt', 'url': ' '}]}
09:12:14 INFO  State of operation 18389369 : PENDING
09:12:16 INFO  State of operation 18389369 : EXECUTING
09:12:19 INFO  State of operation 18389369 : EXECUTING
09:12:21 INFO  State of operation 18389369 : EXECUTING
09:12:23 INFO  State of operation 18389369 : EXECUTING
09:12:25 INFO  State of operation 18389369 : EXECUTING
09:12:28 INFO  State of operation 18389369 : EXECUTING
09:12:31 INFO  State of operation 18389369 : EXECUTING
09:12:33 INFO  State of operation 18389369 : EXECUTING
09:12:35 INFO  State of operation 18389369 : EXECUTING
09:12:38 INFO  State of operation 18389369 : EXECUTING
09:12:40 INFO  State of operation 18389369 : EXECUTING
09:12:42 INFO  State of operation 18389369 : EXECUTING
09:12:44 INFO  State of operation 18389369 : EXECUTING
09:12:46 INFO  State of operation 18389369 : EXECUTING
09:12:49 INFO  State of operation 18389369 : EXECUTING
09:12:51 INFO  State of operation 18389369 : EXECUTING
09:12:53 INFO  State of operation 18389369 : EXECUTING
09:12:56 INFO  State of operation 18389369 : EXECUTING
09:12:59 INFO  State of operation 18389369 : EXECUTING
09:13:01 INFO  State of operation 18389369 : EXECUTING
09:13:03 INFO  State of operation 18389369 : EXECUTING
09:13:06 INFO  State of operation 18389369 : EXECUTING
09:13:08 INFO  State of operation 18389369 : EXECUTING
09:13:11 INFO  State of operation 18389369 : EXECUTING
09:13:13 INFO  State of operation 18389369 : EXECUTING
09:13:16 INFO  State of operation 18389369 : EXECUTING
09:13:18 INFO  State of operation 18389369 : EXECUTING
09:13:21 INFO  State of operation 18389369 : EXECUTING
09:13:23 INFO  State of operation 18389369 : EXECUTING
09:13:25 INFO  State of operation 18389369 : EXECUTING
09:13:27 INFO  State of operation 18389369 : EXECUTING
09:13:30 INFO  State of operation 18389369 : EXECUTING
09:13:32 INFO  State of operation 18389369 : EXECUTING
09:13:34 INFO  State of operation 18389369 : EXECUTING
09:13:37 INFO  State of operation 18389369 : EXECUTING
09:13:39 INFO  State of operation 18389369 : EXECUTING
09:13:41 INFO  State of operation 18389369 : EXECUTING
09:13:43 INFO  State of operation 18389369 : EXECUTING
09:13:46 INFO  State of operation 18389369 : EXECUTING
09:13:49 INFO  State of operation 18389369 : EXECUTING
09:13:51 INFO  State of operation 18389369 : EXECUTING
09:13:53 INFO  State of operation 18389369 : EXECUTING
09:13:56 INFO  State of operation 18389369 : EXECUTING
09:13:58 INFO  State of operation 18389369 : EXECUTING
09:14:00 INFO  State of operation 18389369 : EXECUTING
09:14:02 INFO  State of operation 18389369 : EXECUTING
09:14:05 INFO  State of operation 18389369 : EXECUTING
09:14:07 INFO  State of operation 18389369 : EXECUTING
09:14:10 INFO  State of operation 18389369 : EXECUTING
09:14:12 INFO  State of operation 18389369 : EXECUTING
09:14:14 INFO  State of operation 18389369 : EXECUTING
09:14:16 INFO  State of operation 18389369 : EXECUTING
09:14:20 INFO  State of operation 18389369 : EXECUTING
09:14:22 INFO  State of operation 18389369 : EXECUTING
09:14:25 INFO  State of operation 18389369 : EXECUTING
09:14:27 INFO  State of operation 18389369 : EXECUTING
09:14:30 INFO  State of operation 18389369 : EXECUTING
09:14:32 INFO  State of operation 18389369 : EXECUTING
09:14:35 INFO  State of operation 18389369 : EXECUTING
09:14:37 INFO  State of operation 18389369 : EXECUTING
09:14:39 WARN  SystemError occurred while running test - Timeout while waiting for status SUCCESSFUL or False
Traceback (most recent call last):
  File "/home/pi/env-pysys/lib/python3.7/site-packages/pysys/baserunner.py", line 1294, in __call__
    self.testObj.execute()
  File "/home/pi/actions-runner/_work/thin-edge.io/thin-edge.io/tests/PySys/software_management_end_to_end/sm_apt_install_remove_multiple_mixed/run.py", line 89, in execute
    self.wait_until_succcess()
  File "/home/pi/actions-runner/_work/thin-edge.io/thin-edge.io/tests/PySys/software_management_end_to_end/environment_sm_management.py", line 324, in wait_until_succcess
    self.wait_until_status("SUCCESSFUL")
  File "/home/pi/actions-runner/_work/thin-edge.io/thin-edge.io/tests/PySys/software_management_end_to_end/environment_sm_management.py", line 381, in wait_until_status
    "Timeout while waiting for status %s or %s" % (status, status2)
SystemError: Timeout while waiting for status SUCCESSFUL or False
09:14:40 WARN  SystemError: Timeout while waiting for status SUCCESSFUL or False ... blocked 
09:14:40 INFO  
09:14:40 INFO  cleanup:
09:14:45 INFO  Executed sudo&lt;tedge_disconnect_c8y&gt;, exit status 0
09:14:46 INFO  Executed systemctl&lt;serv_mapper5&gt;, exit status 3
09:14:46 INFO  
09:14:46 INFO  Test duration: 180.47 secs
09:14:46 INFO  Test final outcome:  BLOCKED
09:14:46 INFO  Test outcome reason: SystemError: Timeout while waiting for status SUCCESSFUL or False (+1 other failures)
09:14:46 INFO  
</system-out>
	</testcase>
</testsuite><testsuite name="SoftwareManagement.sm_apt_install_remove_with_version" tests="3" errors="0" failures="0" skipped="1" time="0"><testcase classname="PySysTest" name="SoftwareManagement.sm_apt_install_remove_with_version">
		<skipped message="SKIPPED: Testing the apt plugin is not supported on this platform.Use parameter -XmyPlatform='container' to enable it" />
		<system-out>08:09:32 INFO  ==============================================================
08:09:32 INFO  Id:    SoftwareManagement.sm_apt_install_remove_with_version
08:09:32 INFO  Dir:   software_management_end_to_end/
08:09:32 INFO  Title: Validate end to end behaviour for the apt plugin for packages with version
08:09:32 INFO  ==============================================================
08:09:32 INFO  Testing the apt plugin is not supported on this platform.Use parameter -XmyPlatform='container' to enable it ... skipped
08:09:32 WARN  Aborted test due to SKIPPED outcome
08:09:32 INFO  
08:09:32 INFO  Test duration: 0.02 secs
08:09:32 INFO  Test final outcome:  SKIPPED
08:09:32 INFO  Test outcome reason: Testing the apt plugin is not supported on this platform.Use parameter -XmyPlatform='container' to enable it
08:09:32 INFO  
</system-out>
	</testcase>
<testcase classname="PySysTest" name="SoftwareManagement.sm_apt_install_remove_with_version" />
<testcase classname="PySysTest" name="SoftwareManagement.sm_apt_install_remove_with_version" />
</testsuite><testsuite name="SoftwareManagement.sm_docker_install_remove_multiple" tests="3" errors="0" failures="1" skipped="1" time="0"><testcase classname="SMDockerInstallRemove" name="SoftwareManagement.sm_docker_install_remove_multiple">
		<skipped message="SKIPPED: Testing the apt plugin is not supported on this platform.Use parameter -XmyPlatform='container' to enable it" />
		<system-out>08:09:32 INFO  ==============================================================
08:09:32 INFO  Id:    SoftwareManagement.sm_docker_install_remove_multiple
08:09:32 INFO  Dir:   software_management_end_to_end/
08:09:32 INFO  Title: Validate end to end behaviour for the docker plugin for multiple docker images with mixed versions
08:09:32 INFO  ==============================================================
08:09:32 INFO  Testing the apt plugin is not supported on this platform.Use parameter -XmyPlatform='container' to enable it ... skipped
08:09:32 WARN  Aborted test due to SKIPPED outcome
08:09:32 INFO  
08:09:32 INFO  Test duration: 0.03 secs
08:09:32 INFO  Test final outcome:  SKIPPED
08:09:32 INFO  Test outcome reason: Testing the apt plugin is not supported on this platform.Use parameter -XmyPlatform='container' to enable it
08:09:32 INFO  
</system-out>
	</testcase>
<testcase classname="SMDockerInstallRemove" name="SoftwareManagement.sm_docker_install_remove_multiple" />
<testcase classname="SMDockerInstallRemove" name="SoftwareManagement.sm_docker_install_remove_multiple">
		<failure message="BLOCKED: SystemError: The operation has failed" type="BLOCKED" />
		<system-out>09:17:25 INFO  ==============================================================
09:17:25 INFO  Id:    SoftwareManagement.sm_docker_install_remove_multiple
09:17:25 INFO  Dir:   software_management_end_to_end/
09:17:25 INFO  Title: Validate end to end behaviour for the docker plugin for multiple docker images with mixed versions
09:17:25 INFO  ==============================================================
09:17:25 INFO  Using sw id database: {'asciijump': '5475369', 'robotfindskitten': '5474869', 'squirrel3': '5475279', 'rolldice': '5152439', 'moon-buggy': '5439204', 'apple': '5495053', 'banana': '5494888', 'cherry': '5495382', 'watermelon': '5494510', 'registry': '8018911', 'hello-world': '8021526', 'docker/getting-started': '8021973', 'alpine': '7991792'}
09:17:25 INFO  EnvironmentC8y Setup
09:17:26 INFO  Executed systemctl&lt;serv_mapper1&gt;, exit status 3
09:17:26 INFO  Restarting mosquitto too frequently in the last 10 seconds. It was only up for 4 seconds
09:17:26 INFO  Delaying execution by 7 seconds
09:17:47 INFO  Executed sudo&lt;tedge_connect_c8y&gt;, exit status 0, duration 14 secs
09:17:48 INFO  Executed sudo&lt;tedge_connect_c8y_test&gt;, exit status 0
09:17:48 INFO  Executed systemctl&lt;serv_mosq2&gt;, exit status 0
09:17:49 INFO  Executed systemctl&lt;serv_mapper3&gt;, exit status 0
09:17:51 INFO  State of current operation: SUCCESSFUL
09:17:51 INFO  Response status: 201
09:17:51 INFO  Response to action: {
    "creationTime": "2022-05-04T09:17:51.517Z",
    "deviceName": "mythicd",
    "deviceId": "18334598",
    "self": "https://t493319102.eu-latest.cumulocity.com/devicecontrol/operations/18389447",
    "id": "18389447",
    "status": "PENDING",
    "description": "Apply software changes, triggered from PySys: [{'action': 'install', 'id': '8021526', 'name': 'hello-world', 'url': '', 'version': '::docker'}, {'action': 'install', 'id': '8018911', 'name': 'registry', 'url': '', 'version': '2.6.2::docker'}]",
    "c8y_SoftwareUpdate": [
        {
            "name": "hello-world",
            "action": "install",
            "id": "8021526",
            "version": "::docker",
            "url": ""
        },
        {
            "name": "registry",
            "action": "install",
            "id": "8018911",
            "version": "2.6.2::docker",
            "url": ""
        }
    ]
}
09:17:51 INFO  Started operation: {'creationTime': '2022-05-04T09:17:51.517Z', 'deviceName': 'mythicd', 'deviceId': '18334598', 'self': 'https://t493319102.eu-latest.cumulocity.com/devicecontrol/operations/18389447', 'id': '18389447', 'status': 'PENDING', 'description': "Apply software changes, triggered from PySys: [{'action': 'install', 'id': '8021526', 'name': 'hello-world', 'url': '', 'version': '::docker'}, {'action': 'install', 'id': '8018911', 'name': 'registry', 'url': '', 'version': '2.6.2::docker'}]", 'c8y_SoftwareUpdate': [{'name': 'hello-world', 'action': 'install', 'id': '8021526', 'version': '::docker', 'url': ''}, {'name': 'registry', 'action': 'install', 'id': '8018911', 'version': '2.6.2::docker', 'url': ''}]}
09:17:53 INFO  State of operation 18389447 : PENDING
09:17:56 INFO  State of operation 18389447 : EXECUTING
09:17:58 INFO  State of operation 18389447 : EXECUTING
09:18:00 INFO  State of operation 18389447 : EXECUTING
09:18:02 INFO  State of operation 18389447 : EXECUTING
09:18:05 INFO  State of operation 18389447 : EXECUTING
09:18:07 INFO  State of operation 18389447 : EXECUTING
09:18:09 INFO  State of operation 18389447 : EXECUTING
09:18:11 INFO  State of operation 18389447 : EXECUTING
09:18:14 INFO  State of operation 18389447 : EXECUTING
09:18:16 INFO  State of operation 18389447 : EXECUTING
09:18:18 INFO  State of operation 18389447 : EXECUTING
09:18:20 INFO  State of operation 18389447 : EXECUTING
09:18:23 INFO  State of operation 18389447 : EXECUTING
09:18:25 INFO  State of operation 18389447 : EXECUTING
09:18:27 INFO  State of operation 18389447 : EXECUTING
09:18:29 INFO  State of operation 18389447 : EXECUTING
09:18:32 INFO  State of operation 18389447 : SUCCESSFUL
09:18:33 INFO  Package hello-world is installed
09:18:33 INFO  Package hello-world is installed
09:18:33 INFO  Assert that (True == value) with value=True ... passed
09:18:33 INFO  Package registry is installed
09:18:33 INFO  Assert that (True == value) with value=True ... passed
09:18:34 INFO  Assert that (False == value) with value=False ... passed
09:18:34 INFO  Response status: 201
09:18:34 INFO  Response to action: {
    "creationTime": "2022-05-04T09:18:34.224Z",
    "deviceName": "mythicd",
    "deviceId": "18334598",
    "self": "https://t493319102.eu-latest.cumulocity.com/devicecontrol/operations/18389455",
    "id": "18389455",
    "status": "PENDING",
    "description": "Apply software changes, triggered from PySys: [{'action': 'install', 'id': '8018911', 'name': 'registry', 'url': '', 'version': '2.7.1::docker'}, {'action': 'install', 'id': '7991792', 'name': 'alpine', 'url': '', 'version': '::docker'}]",
    "c8y_SoftwareUpdate": [
        {
            "name": "registry",
            "action": "install",
            "id": "8018911",
            "version": "2.7.1::docker",
            "url": ""
        },
        {
            "name": "alpine",
            "action": "install",
            "id": "7991792",
            "version": "::docker",
            "url": ""
        }
    ]
}
09:18:34 INFO  Started operation: {'creationTime': '2022-05-04T09:18:34.224Z', 'deviceName': 'mythicd', 'deviceId': '18334598', 'self': 'https://t493319102.eu-latest.cumulocity.com/devicecontrol/operations/18389455', 'id': '18389455', 'status': 'PENDING', 'description': "Apply software changes, triggered from PySys: [{'action': 'install', 'id': '8018911', 'name': 'registry', 'url': '', 'version': '2.7.1::docker'}, {'action': 'install', 'id': '7991792', 'name': 'alpine', 'url': '', 'version': '::docker'}]", 'c8y_SoftwareUpdate': [{'name': 'registry', 'action': 'install', 'id': '8018911', 'version': '2.7.1::docker', 'url': ''}, {'name': 'alpine', 'action': 'install', 'id': '7991792', 'version': '::docker', 'url': ''}]}
09:18:36 INFO  State of operation 18389455 : PENDING
09:18:38 INFO  State of operation 18389455 : EXECUTING
09:18:40 INFO  State of operation 18389455 : EXECUTING
09:18:43 INFO  State of operation 18389455 : EXECUTING
09:18:45 INFO  State of operation 18389455 : EXECUTING
09:18:47 INFO  State of operation 18389455 : EXECUTING
09:18:49 INFO  State of operation 18389455 : EXECUTING
09:18:52 INFO  State of operation 18389455 : EXECUTING
09:18:54 INFO  State of operation 18389455 : EXECUTING
09:18:56 INFO  State of operation 18389455 : EXECUTING
09:18:59 INFO  State of operation 18389455 : EXECUTING
09:19:01 INFO  State of operation 18389455 : EXECUTING
09:19:03 INFO  State of operation 18389455 : EXECUTING
09:19:05 INFO  State of operation 18389455 : EXECUTING
09:19:08 INFO  State of operation 18389455 : EXECUTING
09:19:10 INFO  State of operation 18389455 : EXECUTING
09:19:12 INFO  State of operation 18389455 : EXECUTING
09:19:14 INFO  State of operation 18389455 : FAILED
09:19:14 ERROR Stopping as the operation has failed
09:19:14 WARN  SystemError occurred while running test - The operation has failed
Traceback (most recent call last):
  File "/home/pi/env-pysys/lib/python3.7/site-packages/pysys/baserunner.py", line 1294, in __call__
    self.testObj.execute()
  File "/home/pi/actions-runner/_work/thin-edge.io/thin-edge.io/tests/PySys/software_management_end_to_end/sm_docker_install_remove_multiple/run.py", line 91, in execute
    self.wait_until_succcess()
  File "/home/pi/actions-runner/_work/thin-edge.io/thin-edge.io/tests/PySys/software_management_end_to_end/environment_sm_management.py", line 324, in wait_until_succcess
    self.wait_until_status("SUCCESSFUL")
  File "/home/pi/actions-runner/_work/thin-edge.io/thin-edge.io/tests/PySys/software_management_end_to_end/environment_sm_management.py", line 361, in wait_until_status
    raise SystemError("The operation has failed")
SystemError: The operation has failed
09:19:14 WARN  SystemError: The operation has failed ... blocked 
09:19:14 INFO  
09:19:14 INFO  cleanup:
09:19:14 INFO  Response status: 201
09:19:14 INFO  Response to action: {
    "creationTime": "2022-05-04T09:19:14.933Z",
    "deviceName": "mythicd",
    "deviceId": "18334598",
    "self": "https://t493319102.eu-latest.cumulocity.com/devicecontrol/operations/18389466",
    "id": "18389466",
    "status": "PENDING",
    "description": "Apply software changes, triggered from PySys: [{'action': 'delete', 'id': '8018911', 'name': 'registry', 'url': '', 'version': '2.7.1::docker'}, {'action': 'delete', 'id': '7991792', 'name': 'alpine', 'url': '', 'version': '::docker'}, {'action': 'delete', 'id': '8021526', 'name': 'hello-world', 'url': '', 'version': '::docker'}]",
    "c8y_SoftwareUpdate": [
        {
            "name": "registry",
            "action": "delete",
            "id": "8018911",
            "version": "2.7.1::docker",
            "url": ""
        },
        {
            "name": "alpine",
            "action": "delete",
            "id": "7991792",
            "version": "::docker",
            "url": ""
        },
        {
            "name": "hello-world",
            "action": "delete",
            "id": "8021526",
[...]
</testsuite><testsuite name="docker_plugin_remove_with_version" tests="2" errors="0" failures="0" skipped="1" time="0"><testcase classname="DockerPluginRemoveWithVersionTest" name="docker_plugin_remove_with_version">
		<skipped message="SKIPPED: Testing the docker plugin is not supported on this platform.To run it, all the test with -XmyPlatform='container'" />
		<system-out>07:59:55 INFO  ==============================================================
07:59:55 INFO  Id:    docker_plugin_remove_with_version
07:59:55 INFO  Dir:   plugin_docker/
07:59:55 INFO  Title: Validate docker plugin remove with version
07:59:55 INFO  ==============================================================
07:59:55 INFO  Testing the docker plugin is not supported on this platform.To run it, all the test with -XmyPlatform='container' ... skipped
07:59:55 WARN  Aborted test due to SKIPPED outcome
07:59:55 INFO  
07:59:55 INFO  Test duration: 0.02 secs
07:59:55 INFO  Test final outcome:  SKIPPED
07:59:55 INFO  Test outcome reason: Testing the docker plugin is not supported on this platform.To run it, all the test with -XmyPlatform='container'
07:59:55 INFO  
</system-out>
	</testcase>
<testcase classname="DockerPluginRemoveWithVersionTest" name="docker_plugin_remove_with_version" />
</testsuite><testsuite name="docker_plugin_update" tests="2" errors="0" failures="0" skipped="1" time="0"><testcase classname="DockerPluginUpdateTest" name="docker_plugin_update">
		<skipped message="SKIPPED: Testing the docker plugin is not supported on this platform.To run it, all the test with -XmyPlatform='container'" />
		<system-out>07:59:55 INFO  ==============================================================
07:59:55 INFO  Id:    docker_plugin_update
07:59:55 INFO  Dir:   plugin_docker/
07:59:55 INFO  Title: Validate docker plugin install updates existing containers
07:59:55 INFO  ==============================================================
07:59:55 INFO  Testing the docker plugin is not supported on this platform.To run it, all the test with -XmyPlatform='container' ... skipped
07:59:55 WARN  Aborted test due to SKIPPED outcome
07:59:55 INFO  
07:59:55 INFO  Test duration: 0.02 secs
07:59:55 INFO  Test final outcome:  SKIPPED
07:59:55 INFO  Test outcome reason: Testing the docker plugin is not supported on this platform.To run it, all the test with -XmyPlatform='container'
07:59:55 INFO  
</system-out>
	</testcase>
<testcase classname="DockerPluginUpdateTest" name="docker_plugin_update" />
</testsuite><testsuite name="invalid_device_id" tests="1" errors="0" failures="0" skipped="0" time="0"><testcase classname="InvalidDeviceId" name="invalid_device_id" />
</testsuite><testsuite name="local_mqtt_pub_fail_noqos" tests="1" errors="0" failures="0" skipped="0" time="0"><testcase classname="PySysTest" name="local_mqtt_pub_fail_noqos" />
</testsuite><testsuite name="local_mqtt_pub_fail_qos0" tests="1" errors="0" failures="0" skipped="0" time="0"><testcase classname="PySysTest" name="local_mqtt_pub_fail_qos0" />
</testsuite><testsuite name="local_mqtt_pub_fail_qos1" tests="1" errors="0" failures="0" skipped="0" time="0"><testcase classname="PySysTest" name="local_mqtt_pub_fail_qos1" />
</testsuite><testsuite name="local_mqtt_pub_fail_qos2" tests="1" errors="0" failures="0" skipped="0" time="0"><testcase classname="PySysTest" name="local_mqtt_pub_fail_qos2" />
</testsuite><testsuite name="local_mqtt_pub_sub" tests="1" errors="0" failures="0" skipped="0" time="0"><testcase classname="PySysTest" name="local_mqtt_pub_sub" />
</testsuite><testsuite name="local_mqtt_pub_sub_retain" tests="1" errors="0" failures="0" skipped="0" time="0"><testcase classname="MqttPublishWithRetain" name="local_mqtt_pub_sub_retain" />
</testsuite><testsuite name="local_mqtt_pub_sub_with_sudo" tests="1" errors="0" failures="0" skipped="0" time="0"><testcase classname="PySysTest" name="local_mqtt_pub_sub_with_sudo" />
</testsuite><testsuite name="local_mqtt_sub_fail" tests="1" errors="0" failures="0" skipped="0" time="0"><testcase classname="PySysTest" name="local_mqtt_sub_fail" />
</testsuite><testsuite name="log_request_error_messages" tests="1" errors="0" failures="0" skipped="1" time="0"><testcase classname="LogRequestVerifySearchTextError" name="log_request_error_messages">
		<skipped message="SKIPPED: Test execution disabled due to #1123" />
		<system-out>07:57:24 INFO  ==============================================================
07:57:24 INFO  Id:    log_request_error_messages
07:57:24 INFO  Dir:   log_request_end_to_end/
07:57:24 INFO  Title: Validate end to end behaviour for the log request operation check for error messages
07:57:24 INFO  ==============================================================
07:57:26 INFO  Test execution disabled due to #1123 ... skipped
07:57:26 INFO  
07:57:26 INFO  Test duration: 1.28 secs
07:57:26 INFO  Test final outcome:  SKIPPED
07:57:26 INFO  Test outcome reason: Test execution disabled due to #1123
07:57:26 INFO  
</system-out>
	</testcase>
</testsuite><testsuite name="log_request_num_lines" tests="1" errors="0" failures="1" skipped="0" time="0"><testcase classname="LogRequestVerifyNumberOfLines" name="log_request_num_lines">
		<failure message="FAILED: Assert that (True == value) with value=False" type="FAILED" />
		<system-out>07:57:26 INFO  ==============================================================
07:57:26 INFO  Id:    log_request_num_lines
07:57:26 INFO  Dir:   log_request_end_to_end/
07:57:26 INFO  Title: Validate end to end behaviour for the log request operation check for number of lines
07:57:26 INFO  ==============================================================
07:57:26 INFO  EnvironmentC8y Setup
07:57:26 INFO  Executed systemctl&lt;serv_mapper1&gt;, exit status 3
07:57:26 INFO  Restarting mosquitto too frequently in the last 10 seconds. It was only up for 3 seconds
07:57:26 INFO  Delaying execution by 8 seconds
07:57:48 INFO  Executed sudo&lt;tedge_connect_c8y&gt;, exit status 0, duration 13 secs
07:57:49 INFO  Executed sudo&lt;tedge_connect_c8y_test&gt;, exit status 0
07:57:49 INFO  Executed systemctl&lt;serv_mosq2&gt;, exit status 0
07:57:50 INFO  Executed systemctl&lt;serv_mapper3&gt;, exit status 0
07:57:50 INFO  Executed sudo&lt;rm_logs&gt;, exit status 0
07:57:51 INFO  Executed sudo&lt;move_logs&gt;, exit status 0
07:57:51 INFO  log response None
07:57:51 WARN  retry, retrying in 1 seconds...
07:57:53 INFO  log response https://thin-edge-io.eu-latest.cumulocity.com/event/events/18348516/binaries
07:57:53 INFO  nlines 0
07:57:53 WARN  Assert that (True == value) with value=False ... failed [run.py:44]
07:57:53 INFO  
07:57:53 INFO  cleanup:
07:57:54 INFO  Executed sudo&lt;rm_logs&gt;, exit status 0
07:57:54 INFO  Executed sudo&lt;rm_tmp_logs&gt;, exit status 0
07:57:55 INFO  Executed sudo&lt;send_failed&gt;, exit status 0
07:57:59 INFO  Executed sudo&lt;tedge_disconnect_c8y&gt;, exit status 0
07:58:00 INFO  Executed systemctl&lt;serv_mapper5&gt;, exit status 3
07:58:00 INFO  
07:58:00 INFO  Test duration: 34.22 secs
07:58:00 INFO  Test final outcome:  FAILED
07:58:00 INFO  Test outcome reason: Assert that (True == value) with value=False
07:58:00 INFO  
</system-out>
	</testcase>
</testsuite><testsuite name="mapper_awaits_before_reconnect" tests="1" errors="0" failures="0" skipped="0" time="0"><testcase classname="MapperReconnectAwait" name="mapper_awaits_before_reconnect" />
</testsuite><testsuite name="monitoring_smaller_interval" tests="1" errors="0" failures="0" skipped="1" time="0"><testcase classname="MonitoringSmallInterval" name="monitoring_smaller_interval">
		<skipped message="SKIPPED: Fails due to retained message" />
		<system-out>07:59:50 INFO  ==============================================================
07:59:50 INFO  Id:    monitoring_smaller_interval
07:59:50 INFO  Dir:   monitoring/
07:59:50 INFO  Title: Validate the tedge dm agent messages that are produced with smaller sampling interval than the batching window. Here the simulated collectd messages are used
07:59:50 INFO  ==============================================================
07:59:50 INFO  Fails due to retained message ... skipped
07:59:50 INFO  
07:59:50 INFO  Test duration: 0.03 secs
07:59:50 INFO  Test final outcome:  SKIPPED
07:59:50 INFO  Test outcome reason: Fails due to retained message
07:59:50 INFO  
</system-out>
	</testcase>
</testsuite><testsuite name="monitoring_with_collectd" tests="1" errors="0" failures="0" skipped="1" time="0"><testcase classname="MonitoringWithCollectd" name="monitoring_with_collectd">
		<skipped message="SKIPPED: Test execution disabled due to #792 (instable)" />
		<system-out>07:59:50 INFO  ==============================================================
07:59:50 INFO  Id:    monitoring_with_collectd
07:59:50 INFO  Dir:   monitoring/
07:59:50 INFO  Title: Validate tedge dm agent messages that are produced by batching the collectd messages
07:59:50 INFO  ==============================================================
07:59:50 INFO  Test execution disabled due to #792 (instable) ... skipped
07:59:50 INFO  
07:59:50 INFO  Test duration: 0.02 secs
07:59:50 INFO  Test final outcome:  SKIPPED
07:59:50 INFO  Test outcome reason: Test execution disabled due to #792 (instable)
07:59:50 INFO  
</system-out>
	</testcase>
</testsuite><testsuite name="monitoring_with_simulated_messages" tests="1" errors="0" failures="0" skipped="1" time="0"><testcase classname="MonitoringWithSimulatedMessages" name="monitoring_with_simulated_messages">
		<skipped message="SKIPPED: Fails due to retained message" />
		<system-out>07:59:50 INFO  ==============================================================
07:59:50 INFO  Id:    monitoring_with_simulated_messages
07:59:50 INFO  Dir:   monitoring/
07:59:50 INFO  Title: Validate the tedge dm agent messages that are produced from the simulated collectd messages
07:59:50 INFO  ==============================================================
07:59:50 INFO  Fails due to retained message ... skipped
07:59:50 INFO  
07:59:50 INFO  Test duration: 0.02 secs
07:59:50 INFO  Test final outcome:  SKIPPED
07:59:50 INFO  Test outcome reason: Fails due to retained message
07:59:50 INFO  
</system-out>
	</testcase>
</testsuite><testsuite name="mqtt_port_change_connection_fails" tests="1" errors="0" failures="0" skipped="0" time="0"><testcase classname="MqttPortChangeConnectionFails" name="mqtt_port_change_connection_fails" />
</testsuite><testsuite name="mqtt_port_change_connection_works" tests="1" errors="0" failures="0" skipped="1" time="0"><testcase classname="MqttPortChangeConnectionWorks" name="mqtt_port_change_connection_works">
		<skipped message="SKIPPED: failing intermitently" />
		<system-out>07:58:35 INFO  ==============================================================
07:58:35 INFO  Id:    mqtt_port_change_connection_works
07:58:35 INFO  Dir:   misc_features/
07:58:35 INFO  Title: mqtt port change connection works for all the thin-edge services that use the mosquitto broker
07:58:35 INFO  ==============================================================
07:58:35 INFO  failing intermitently ... skipped
07:58:35 INFO  
07:58:35 INFO  Test duration: 0.02 secs
07:58:35 INFO  Test final outcome:  SKIPPED
07:58:35 INFO  Test outcome reason: failing intermitently
07:58:35 INFO  
</system-out>
	</testcase>
</testsuite><testsuite name="mqtt_port_set" tests="1" errors="0" failures="0" skipped="0" time="0"><testcase classname="MqttPortSet" name="mqtt_port_set" />
</testsuite><testsuite name="mqtt_port_unset" tests="1" errors="0" failures="0" skipped="0" time="0"><testcase classname="MqttPortUnSet" name="mqtt_port_unset" />
</testsuite><testsuite name="publish_flux" tests="1" errors="0" failures="0" skipped="0" time="0"><testcase classname="PublishFlux" name="publish_flux" />
</testsuite><testsuite name="publish_sawmill" tests="1" errors="0" failures="0" skipped="0" time="0"><testcase classname="PublishSawmill" name="publish_sawmill" />
</testsuite><testsuite name="pysys_block" tests="1" errors="0" failures="0" skipped="1" time="0"><testcase classname="Fail" name="pysys_block">
		<skipped message="SKIPPED: Enable this to observe a blocking test" />
		<system-out>07:58:57 INFO  ==============================================================
07:58:57 INFO  Id:    pysys_block
07:58:57 INFO  Dir:   misc_features/
07:58:57 INFO  Title: fail
07:58:57 INFO  ==============================================================
07:58:57 INFO  Enable this to observe a blocking test ... skipped
07:58:57 INFO  
07:58:57 INFO  Test duration: 0.03 secs
07:58:57 INFO  Test final outcome:  SKIPPED
07:58:57 INFO  Test outcome reason: Enable this to observe a blocking test
07:58:57 INFO  
</system-out>
	</testcase>
</testsuite><testsuite name="pysys_fail" tests="1" errors="0" failures="0" skipped="1" time="0"><testcase classname="Fail" name="pysys_fail">
		<skipped message="SKIPPED: Enable this to observe a failing test" />
		<system-out>07:58:57 INFO  ==============================================================
07:58:57 INFO  Id:    pysys_fail
07:58:57 INFO  Dir:   misc_features/
07:58:57 INFO  Title: fail
07:58:57 INFO  ==============================================================
07:58:57 INFO  Enable this to observe a failing test ... skipped
07:58:57 INFO  
07:58:57 INFO  Test duration: 0.02 secs
07:58:57 INFO  Test final outcome:  SKIPPED
07:58:57 INFO  Test outcome reason: Enable this to observe a failing test
07:58:57 INFO  
</system-out>
	</testcase>
</testsuite><testsuite name="runtime_start_two_mappers" tests="1" errors="0" failures="0" skipped="1" time="0"><testcase classname="RuntimeMultiMappers" name="runtime_start_two_mappers">
		<skipped message="SKIPPED: Test execution disabled due to #1124" />
		<system-out>08:13:12 INFO  ==============================================================
08:13:12 INFO  Id:    runtime_start_two_mappers
08:13:12 INFO  Dir:   tedge_mapper_c8y/
08:13:12 INFO  Title: Validate two mappers can't be started at the same time
08:13:12 INFO  ==============================================================
08:13:12 INFO  Test execution disabled due to #1124 ... skipped
08:13:12 INFO  
08:13:12 INFO  Test duration: 0.02 secs
08:13:12 INFO  Test final outcome:  SKIPPED
08:13:12 INFO  Test outcome reason: Test execution disabled due to #1124
08:13:12 INFO  
</system-out>
	</testcase>
</testsuite><testsuite name="sm_tedge_mapper_init_session" tests="1" errors="0" failures="0" skipped="0" time="0"><testcase classname="TedgeSMMapperInitSession" name="sm_tedge_mapper_init_session" />
</testsuite><testsuite name="smoketest_json" tests="1" errors="0" failures="0" skipped="0" time="0"><testcase classname="SmokeTestJson" name="smoketest_json" />
</testsuite><testsuite name="smoketest_json_400_samples_10ms" tests="1" errors="0" failures="0" skipped="0" time="0"><testcase classname="SmoketestJson400Samples10ms" name="smoketest_json_400_samples_10ms" />
</testsuite><testsuite name="smoketest_json_400_samples_20ms" tests="1" errors="0" failures="0" skipped="0" time="0"><testcase classname="SmoketestJson400Samples20ms" name="smoketest_json_400_samples_20ms" />
</testsuite><testsuite name="smoketest_smartrest" tests="1" errors="0" failures="0" skipped="0" time="0"><testcase classname="SmoketestSmartRest" name="smoketest_smartrest" />
</testsuite><testsuite name="smoketest_smartrest_200_samples_1Xms" tests="1" errors="0" failures="0" skipped="0" time="0"><testcase classname="SmoketestSmartRest200Samples1Xms" name="smoketest_smartrest_200_samples_1Xms" />
</testsuite><testsuite name="smoketest_smartrest_200_samples_20ms" tests="1" errors="0" failures="0" skipped="0" time="0"><testcase classname="SmoketestSmartRest200Samples20ms" name="smoketest_smartrest_200_samples_20ms" />
</testsuite><testsuite name="tedge_agent_user_sudo_access" tests="1" errors="0" failures="0" skipped="1" time="0"><testcase classname="TedgeAgentUserSudoAccess" name="tedge_agent_user_sudo_access">
		<skipped message="SKIPPED: #955 Observation: Exit code of the apt plugin when called with no arguments" />
		<system-out>08:10:00 INFO  ==============================================================
08:10:00 INFO  Id:    tedge_agent_user_sudo_access
08:10:00 INFO  Dir:   tedge/
08:10:00 INFO  Title: Validate tedge-agent user has a limited sudo right
08:10:00 INFO  ==============================================================
08:10:00 INFO  #955 Observation: Exit code of the apt plugin when called with no arguments ... skipped
08:10:00 INFO  
08:10:00 INFO  Test duration: 0.02 secs
08:10:00 INFO  Test final outcome:  SKIPPED
08:10:00 INFO  Test outcome reason: #955 Observation: Exit code of the apt plugin when called with no arguments
08:10:00 INFO  
</system-out>
	</testcase>
</testsuite><testsuite name="tedge_connect_test_negative" tests="1" errors="0" failures="0" skipped="0" time="0"><testcase classname="TedgeConnectTestNegative" name="tedge_connect_test_negative" />
</testsuite><testsuite name="tedge_connect_test_positive" tests="1" errors="0" failures="0" skipped="0" time="0"><testcase classname="TedgeConnectTestPositive" name="tedge_connect_test_positive" />
</testsuite><testsuite name="tedge_connect_test_sm_services" tests="1" errors="0" failures="0" skipped="0" time="0"><testcase classname="TedgeConnectTestSMServices" name="tedge_connect_test_sm_services" />
</testsuite><testsuite name="tedge_disconnect_test_sm_services" tests="1" errors="0" failures="0" skipped="0" time="0"><testcase classname="TedgeDisConnectTestSMServices" name="tedge_disconnect_test_sm_services" />
</testsuite><testsuite name="tedge_mapper_az_negative" tests="1" errors="0" failures="0" skipped="0" time="0"><testcase classname="TedgeMapperAzError" name="tedge_mapper_az_negative" />
</testsuite><testsuite name="tedge_mapper_az_with_timestamp" tests="1" errors="0" failures="0" skipped="0" time="0"><testcase classname="TedgeMapperAzWithTimestamp" name="tedge_mapper_az_with_timestamp" />
</testsuite><testsuite name="tedge_mapper_az_without_timestamp" tests="1" errors="0" failures="0" skipped="0" time="0"><testcase classname="TedgeMapperAzWithoutTimestamp" name="tedge_mapper_az_without_timestamp" />
</testsuite><testsuite name="tedge_mapper_c8y_alarms" tests="1" errors="0" failures="0" skipped="0" time="0"><testcase classname="TedgeMapperC8yAlarm" name="tedge_mapper_c8y_alarms" />
</testsuite><testsuite name="tedge_mapper_c8y_child_device_measurement" tests="1" errors="0" failures="0" skipped="1" time="0"><testcase classname="TedgeMapperC8yChildDevice" name="tedge_mapper_c8y_child_device_measurement">
		<skipped message="SKIPPED: Test execution disabled due to #1088" />
		<system-out>08:14:26 INFO  ==============================================================
08:14:26 INFO  Id:    tedge_mapper_c8y_child_device_measurement
08:14:26 INFO  Dir:   tedge_mapper_c8y/
08:14:26 INFO  Title: Validate that measurements sent to tedge/measurements/child topic gets mapped as the child device's measurement in Cumulocity
08:14:26 INFO  ==============================================================
08:14:26 INFO  Test execution disabled due to #1088 ... skipped
08:14:26 INFO  
08:14:26 INFO  Test duration: 0.04 secs
08:14:26 INFO  Test final outcome:  SKIPPED
08:14:26 INFO  Test outcome reason: Test execution disabled due to #1088
08:14:26 INFO  
</system-out>
	</testcase>
</testsuite><testsuite name="tedge_mapper_c8y_packet_threshold_size" tests="1" errors="0" failures="0" skipped="0" time="0"><testcase classname="TedgeMapperC8yThresholdPacketSize" name="tedge_mapper_c8y_packet_threshold_size" />
</testsuite><testsuite name="tedge_software_update" tests="1" errors="0" failures="0" skipped="0" time="0"><testcase classname="PySysTest" name="tedge_software_update" />
</testsuite><testsuite name="valid_device_id" tests="1" errors="0" failures="0" skipped="0" time="0"><testcase classname="ValidateValidDeviceId" name="valid_device_id" />
</testsuite></testsuites>