<?xml version='1.0' encoding='utf-8'?>
<testsuites tests="149" failures="8" errors="0" skipped="55" time="0.0"><testsuite name="SoftwareManagement.Plugin.apama_plugin_install" tests="3" errors="0" failures="0" skipped="1" time="0"><testcase classname="ApamaPluginInstallTest" name="SoftwareManagement.Plugin.apama_plugin_install">
		<skipped message="SKIPPED: Apama plugin tests are disabled by default. Execute `pysys run` with `-XmyPlatform=container` to run these tests" />
		<system-out>15:52:37 INFO  ==============================================================
15:52:37 INFO  Id:    SoftwareManagement.Plugin.apama_plugin_install
15:52:37 INFO  Dir:   plugin_apama/
15:52:37 INFO  Title: Validate apama plugin install
15:52:37 INFO  ==============================================================
15:52:37 INFO  Apama plugin tests are disabled by default. Execute `pysys run` with `-XmyPlatform=container` to run these tests ... skipped
15:52:37 WARN  Aborted test due to SKIPPED outcome
15:52:37 INFO  
15:52:37 INFO  Test duration: 0.07 secs
15:52:37 INFO  Test final outcome:  SKIPPED
15:52:37 INFO  Test outcome reason: Apama plugin tests are disabled by default. Execute `pysys run` with `-XmyPlatform=container` to run these tests
15:52:37 INFO  
</system-out>
	</testcase>
<testcase classname="ApamaPluginInstallTest" name="SoftwareManagement.Plugin.apama_plugin_install" />
<testcase classname="ApamaPluginInstallTest" name="SoftwareManagement.Plugin.apama_plugin_install" />
</testsuite><testsuite name="SoftwareManagement.Plugin.apama_plugin_mon_support" tests="3" errors="0" failures="0" skipped="1" time="0"><testcase classname="ApamaPluginMonSupportTest" name="SoftwareManagement.Plugin.apama_plugin_mon_support">
		<skipped message="SKIPPED: Apama plugin tests are disabled by default. Execute `pysys run` with `-XmyPlatform=container` to run these tests" />
		<system-out>15:52:37 INFO  ==============================================================
15:52:37 INFO  Id:    SoftwareManagement.Plugin.apama_plugin_mon_support
15:52:37 INFO  Dir:   plugin_apama/
15:52:37 INFO  Title: Validate mon file support of apama plugin
15:52:37 INFO  ==============================================================
15:52:37 INFO  Apama plugin tests are disabled by default. Execute `pysys run` with `-XmyPlatform=container` to run these tests ... skipped
15:52:37 WARN  Aborted test due to SKIPPED outcome
15:52:37 INFO  
15:52:37 INFO  Test duration: 0.04 secs
15:52:37 INFO  Test final outcome:  SKIPPED
15:52:37 INFO  Test outcome reason: Apama plugin tests are disabled by default. Execute `pysys run` with `-XmyPlatform=container` to run these tests
15:52:37 INFO  
</system-out>
	</testcase>
<testcase classname="ApamaPluginMonSupportTest" name="SoftwareManagement.Plugin.apama_plugin_mon_support" />
<testcase classname="ApamaPluginMonSupportTest" name="SoftwareManagement.Plugin.apama_plugin_mon_support" />
</testsuite><testsuite name="SoftwareManagement.Plugin.apama_plugin_remove" tests="3" errors="0" failures="0" skipped="1" time="0"><testcase classname="ApamaPluginRemoveTest" name="SoftwareManagement.Plugin.apama_plugin_remove">
		<skipped message="SKIPPED: Apama plugin tests are disabled by default. Execute `pysys run` with `-XmyPlatform=container` to run these tests" />
		<system-out>15:52:37 INFO  ==============================================================
15:52:37 INFO  Id:    SoftwareManagement.Plugin.apama_plugin_remove
15:52:37 INFO  Dir:   plugin_apama/
15:52:37 INFO  Title: Validate apama plugin remove
15:52:37 INFO  ==============================================================
15:52:37 INFO  Apama plugin tests are disabled by default. Execute `pysys run` with `-XmyPlatform=container` to run these tests ... skipped
15:52:37 WARN  Aborted test due to SKIPPED outcome
15:52:37 INFO  
15:52:37 INFO  Test duration: 0.03 secs
15:52:37 INFO  Test final outcome:  SKIPPED
15:52:37 INFO  Test outcome reason: Apama plugin tests are disabled by default. Execute `pysys run` with `-XmyPlatform=container` to run these tests
15:52:37 INFO  
</system-out>
	</testcase>
<testcase classname="ApamaPluginRemoveTest" name="SoftwareManagement.Plugin.apama_plugin_remove" />
<testcase classname="ApamaPluginRemoveTest" name="SoftwareManagement.Plugin.apama_plugin_remove" />
</testsuite><testsuite name="SoftwareManagement.Plugin.apama_plugin_update" tests="3" errors="0" failures="0" skipped="3" time="0"><testcase classname="ApamaPluginUpdateTest" name="SoftwareManagement.Plugin.apama_plugin_update">
		<skipped message="SKIPPED: Test execution disabled due to #1052" />
		<system-out>15:52:37 INFO  ==============================================================
15:52:37 INFO  Id:    SoftwareManagement.Plugin.apama_plugin_update
15:52:37 INFO  Dir:   plugin_apama/
15:52:37 INFO  Title: Validate apama plugin updating one project with another
15:52:37 INFO  ==============================================================
15:52:38 INFO  Test execution disabled due to #1052 ... skipped
15:52:38 INFO  
15:52:38 INFO  Test duration: 0.02 secs
15:52:38 INFO  Test final outcome:  SKIPPED
15:52:38 INFO  Test outcome reason: Test execution disabled due to #1052
15:52:38 INFO  
</system-out>
	</testcase>
<testcase classname="ApamaPluginUpdateTest" name="SoftwareManagement.Plugin.apama_plugin_update">
		<skipped message="SKIPPED: Test execution disabled due to #1052" />
		<system-out>16:45:03 INFO  ==============================================================
16:45:03 INFO  Id:    SoftwareManagement.Plugin.apama_plugin_update
16:45:03 INFO  Dir:   plugin_apama/
16:45:03 INFO  Title: Validate apama plugin updating one project with another
16:45:03 INFO  ==============================================================
16:45:03 INFO  Test execution disabled due to #1052 ... skipped
16:45:03 INFO  
16:45:03 INFO  Test duration: 0.02 secs
16:45:03 INFO  Test final outcome:  SKIPPED
16:45:03 INFO  Test outcome reason: Test execution disabled due to #1052
16:45:03 INFO  
</system-out>
	</testcase>
<testcase classname="ApamaPluginUpdateTest" name="SoftwareManagement.Plugin.apama_plugin_update">
		<skipped message="SKIPPED: Test execution disabled due to #1052" />
		<system-out>16:53:46 INFO  ==============================================================
16:53:46 INFO  Id:    SoftwareManagement.Plugin.apama_plugin_update
16:53:46 INFO  Dir:   plugin_apama/
16:53:46 INFO  Title: Validate apama plugin updating one project with another
16:53:46 INFO  ==============================================================
16:53:46 INFO  Test execution disabled due to #1052 ... skipped
16:53:46 INFO  
16:53:46 INFO  Test duration: 0.02 secs
16:53:46 INFO  Test final outcome:  SKIPPED
16:53:46 INFO  Test outcome reason: Test execution disabled due to #1052
16:53:46 INFO  
</system-out>
	</testcase>
</testsuite><testsuite name="SoftwareManagement.sm_apt_install_download_path" tests="3" errors="0" failures="2" skipped="1" time="0"><testcase classname="AptInstallWithDownloadPath" name="SoftwareManagement.sm_apt_install_download_path">
		<skipped message="SKIPPED: Testing the apt plugin is not supported on this platform.Use parameter -XmyPlatform='container' to enable it" />
		<system-out>16:02:22 INFO  ==============================================================
16:02:22 INFO  Id:    SoftwareManagement.sm_apt_install_download_path
16:02:22 INFO  Dir:   software_management_end_to_end/
16:02:22 INFO  Title: Install package to directory specified in tedge config set tmp.path
16:02:22 INFO  ==============================================================
16:02:22 INFO  Testing the apt plugin is not supported on this platform.Use parameter -XmyPlatform='container' to enable it ... skipped
16:02:22 WARN  Aborted test due to SKIPPED outcome
16:02:22 INFO  
16:02:22 INFO  Test duration: 0.10 secs
16:02:22 INFO  Test final outcome:  SKIPPED
16:02:22 INFO  Test outcome reason: Testing the apt plugin is not supported on this platform.Use parameter -XmyPlatform='container' to enable it
16:02:22 INFO  
</system-out>
	</testcase>
<testcase classname="AptInstallWithDownloadPath" name="SoftwareManagement.sm_apt_install_download_path">
		<failure message="BLOCKED: AssertionError:" type="BLOCKED" />
		<system-out>16:26:43 INFO  ==============================================================
16:26:43 INFO  Id:    SoftwareManagement.sm_apt_install_download_path
16:26:43 INFO  Dir:   software_management_end_to_end/
16:26:43 INFO  Title: Install package to directory specified in tedge config set tmp.path
16:26:43 INFO  ==============================================================
16:26:43 INFO  Using sw id database: {'asciijump': '5475369', 'robotfindskitten': '5474869', 'squirrel3': '5475279', 'rolldice': '5152439', 'moon-buggy': '5439204', 'apple': '5495053', 'banana': '5494888', 'cherry': '5495382', 'watermelon': '5494510', 'registry': '8018911', 'hello-world': '8021526', 'docker/getting-started': '8021973', 'alpine': '7991792'}
16:26:43 INFO  EnvironmentC8y Setup
16:26:44 INFO  Executed systemctl&lt;serv_mapper1&gt;, exit status 3
16:26:59 INFO  Executed sudo&lt;tedge_connect_c8y&gt;, exit status 0, duration 14 secs
16:27:01 INFO  Executed sudo&lt;tedge_connect_c8y_test&gt;, exit status 0
16:27:02 INFO  Executed systemctl&lt;serv_mosq2&gt;, exit status 0
16:27:02 INFO  Executed systemctl&lt;serv_mapper3&gt;, exit status 0
16:27:05 ERROR No operations found, assuming it passed
16:27:05 INFO  Assert that (False == value) with value=False ... passed
16:27:05 INFO  Executed sudo, exit status 0
16:27:06 INFO  Executed sudo, exit status 0
16:27:07 INFO  Executed sudo, exit status 0
16:27:10 INFO  Executed sudo&lt;tedge_disconnect_c8y&gt;, exit status 0
16:27:11 INFO  Restarting mosquitto too frequently in the last 10 seconds. It was only up for 3 seconds
16:27:11 INFO  Delaying execution by 8 seconds
16:27:33 INFO  Executed sudo&lt;tedge_connect_c8y&gt;, exit status 0, duration 14 secs
16:27:33 INFO  Response status: 201
16:27:33 INFO  Response to action: {
    "delivery": {
        "time": "2022-05-09T16:27:33.326Z",
        "log": [],
        "status": "PENDING"
    },
    "creationTime": "2022-05-09T16:27:33.315Z",
    "deviceName": "mythicd",
    "deviceId": "18560094",
    "self": "https://t493319102.eu-latest.cumulocity.com/devicecontrol/operations/18564890",
    "id": "18564890",
    "status": "PENDING",
    "description": "Apply software changes, triggered from PySys: [{'name': 'rolldice', 'id': '5152439', 'version': '::apt', 'url': 'https://thin-edge-io.eu-latest.cumulocity.com/inventory/binaries/12435463', 'action': 'install'}]",
    "c8y_SoftwareUpdate": [
        {
            "name": "rolldice",
            "action": "install",
            "id": "5152439",
            "version": "::apt",
            "url": "https://thin-edge-io.eu-latest.cumulocity.com/inventory/binaries/12435463"
        }
    ]
}
16:27:33 INFO  Started operation: {'delivery': {'time': '2022-05-09T16:27:33.326Z', 'log': [], 'status': 'PENDING'}, 'creationTime': '2022-05-09T16:27:33.315Z', 'deviceName': 'mythicd', 'deviceId': '18560094', 'self': 'https://t493319102.eu-latest.cumulocity.com/devicecontrol/operations/18564890', 'id': '18564890', 'status': 'PENDING', 'description': "Apply software changes, triggered from PySys: [{'name': 'rolldice', 'id': '5152439', 'version': '::apt', 'url': 'https://thin-edge-io.eu-latest.cumulocity.com/inventory/binaries/12435463', 'action': 'install'}]", 'c8y_SoftwareUpdate': [{'name': 'rolldice', 'action': 'install', 'id': '5152439', 'version': '::apt', 'url': 'https://thin-edge-io.eu-latest.cumulocity.com/inventory/binaries/12435463'}]}
16:27:33 WARN  , retrying in 0.5 seconds...
16:27:33 WARN  , retrying in 0.5 seconds...
16:27:34 WARN  , retrying in 0.5 seconds...
16:27:34 WARN  , retrying in 0.5 seconds...
16:27:35 WARN  , retrying in 0.5 seconds...
16:27:35 WARN  , retrying in 0.5 seconds...
16:27:36 WARN  , retrying in 0.5 seconds...
16:27:36 WARN  , retrying in 0.5 seconds...
16:27:37 WARN  , retrying in 0.5 seconds...
16:27:37 WARN  AssertionError occurred while running test - 
Traceback (most recent call last):
  File "/home/pi/env-pysys/lib/python3.7/site-packages/pysys/baserunner.py", line 1294, in __call__
    self.testObj.execute()
  File "/home/pi/actions-runner/_work/thin-edge.io/thin-edge.io/tests/PySys/software_management_end_to_end/sm_apt_install_download_path/run.py", line 83, in execute
    assert_install_in_download_path(install_directory=self.DOWNLOAD_DIR)
  File "/home/pi/env-pysys/lib/python3.7/site-packages/decorator.py", line 232, in fun
    return caller(func, *(extras + args), **kw)
  File "/home/pi/env-pysys/lib/python3.7/site-packages/retry/api.py", line 74, in retry_decorator
    logger)
  File "/home/pi/env-pysys/lib/python3.7/site-packages/retry/api.py", line 33, in __retry_internal
    return f()
  File "/home/pi/actions-runner/_work/thin-edge.io/thin-edge.io/tests/PySys/software_management_end_to_end/sm_apt_install_download_path/run.py", line 28, in assert_install_in_download_path
    assert "rolldice" in os.listdir(f"{install_directory}")
AssertionError
16:27:38 WARN  AssertionError: ... blocked 
16:27:38 INFO  
16:27:38 INFO  cleanup:
16:27:39 INFO  Executed sudo, exit status 0
16:27:39 INFO  Executed sudo, exit status 0
16:27:44 INFO  Executed sudo&lt;tedge_disconnect_c8y&gt;, exit status 0
16:27:44 INFO  Restarting mosquitto too frequently in the last 10 seconds. It was only up for 4 seconds
16:27:44 INFO  Delaying execution by 7 seconds
16:28:05 INFO  Executed sudo&lt;tedge_connect_c8y&gt;, exit status 0, duration 14 secs
16:28:10 INFO  Executed sudo&lt;tedge_disconnect_c8y&gt;, exit status 0
16:28:10 INFO  Executed systemctl&lt;serv_mapper5&gt;, exit status 3
16:28:10 INFO  
16:28:10 INFO  Test duration: 86.85 secs
16:28:10 INFO  Test final outcome:  BLOCKED
16:28:10 INFO  Test outcome reason: AssertionError:
16:28:10 INFO  
</system-out>
	</testcase>
<testcase classname="AptInstallWithDownloadPath" name="SoftwareManagement.sm_apt_install_download_path">
		<failure message="BLOCKED: AssertionError:" type="BLOCKED" />
		<system-out>16:53:46 INFO  ==============================================================
16:53:46 INFO  Id:    SoftwareManagement.sm_apt_install_download_path
16:53:46 INFO  Dir:   software_management_end_to_end/
16:53:46 INFO  Title: Install package to directory specified in tedge config set tmp.path
16:53:46 INFO  ==============================================================
16:53:47 INFO  Using sw id database: {'asciijump': '5475369', 'robotfindskitten': '5474869', 'squirrel3': '5475279', 'rolldice': '5152439', 'moon-buggy': '5439204', 'apple': '5495053', 'banana': '5494888', 'cherry': '5495382', 'watermelon': '5494510', 'registry': '8018911', 'hello-world': '8021526', 'docker/getting-started': '8021973', 'alpine': '7991792'}
16:53:47 INFO  EnvironmentC8y Setup
16:53:48 INFO  Executed systemctl&lt;serv_mapper1&gt;, exit status 3
16:54:02 INFO  Executed sudo&lt;tedge_connect_c8y&gt;, exit status 0, duration 14 secs
16:54:03 INFO  Executed sudo&lt;tedge_connect_c8y_test&gt;, exit status 0
16:54:03 INFO  Executed systemctl&lt;serv_mosq2&gt;, exit status 0
16:54:04 INFO  Executed systemctl&lt;serv_mapper3&gt;, exit status 0
16:54:06 INFO  State of current operation: SUCCESSFUL
16:54:06 INFO  Assert that (False == value) with value=False ... passed
16:54:07 INFO  Executed sudo, exit status 0
16:54:07 INFO  Executed sudo, exit status 0
16:54:08 INFO  Executed sudo, exit status 0
16:54:12 INFO  Executed sudo&lt;tedge_disconnect_c8y&gt;, exit status 0
16:54:12 INFO  Restarting mosquitto too frequently in the last 10 seconds. It was only up for 3 seconds
16:54:12 INFO  Delaying execution by 8 seconds
16:54:34 INFO  Executed sudo&lt;tedge_connect_c8y&gt;, exit status 0, duration 14 secs
16:54:34 INFO  Response status: 201
16:54:34 INFO  Response to action: {
    "creationTime": "2022-05-09T16:54:34.898Z",
    "deviceName": "mythicd",
    "deviceId": "18560094",
    "self": "https://t493319102.eu-latest.cumulocity.com/devicecontrol/operations/18564956",
    "id": "18564956",
    "status": "PENDING",
    "description": "Apply software changes, triggered from PySys: [{'name': 'rolldice', 'id': '5152439', 'version': '::apt', 'url': 'https://thin-edge-io.eu-latest.cumulocity.com/inventory/binaries/12435463', 'action': 'install'}]",
    "c8y_SoftwareUpdate": [
        {
            "name": "rolldice",
            "action": "install",
            "id": "5152439",
            "version": "::apt",
            "url": "https://thin-edge-io.eu-latest.cumulocity.com/inventory/binaries/12435463"
        }
    ]
}
16:54:34 INFO  Started operation: {'creationTime': '2022-05-09T16:54:34.898Z', 'deviceName': 'mythicd', 'deviceId': '18560094', 'self': 'https://t493319102.eu-latest.cumulocity.com/devicecontrol/operations/18564956', 'id': '18564956', 'status': 'PENDING', 'description': "Apply software changes, triggered from PySys: [{'name': 'rolldice', 'id': '5152439', 'version': '::apt', 'url': 'https://thin-edge-io.eu-latest.cumulocity.com/inventory/binaries/12435463', 'action': 'install'}]", 'c8y_SoftwareUpdate': [{'name': 'rolldice', 'action': 'install', 'id': '5152439', 'version': '::apt', 'url': 'https://thin-edge-io.eu-latest.cumulocity.com/inventory/binaries/12435463'}]}
16:54:34 WARN  , retrying in 0.5 seconds...
16:54:35 WARN  , retrying in 0.5 seconds...
16:54:35 WARN  , retrying in 0.5 seconds...
16:54:36 WARN  , retrying in 0.5 seconds...
16:54:36 WARN  , retrying in 0.5 seconds...
16:54:37 WARN  , retrying in 0.5 seconds...
16:54:37 WARN  , retrying in 0.5 seconds...
16:54:38 WARN  , retrying in 0.5 seconds...
16:54:38 WARN  , retrying in 0.5 seconds...
16:54:39 WARN  AssertionError occurred while running test - 
Traceback (most recent call last):
  File "/home/pi/env-pysys/lib/python3.7/site-packages/pysys/baserunner.py", line 1294, in __call__
    self.testObj.execute()
  File "/home/pi/actions-runner/_work/thin-edge.io/thin-edge.io/tests/PySys/software_management_end_to_end/sm_apt_install_download_path/run.py", line 83, in execute
    assert_install_in_download_path(install_directory=self.DOWNLOAD_DIR)
  File "/home/pi/env-pysys/lib/python3.7/site-packages/decorator.py", line 232, in fun
    return caller(func, *(extras + args), **kw)
  File "/home/pi/env-pysys/lib/python3.7/site-packages/retry/api.py", line 74, in retry_decorator
    logger)
  File "/home/pi/env-pysys/lib/python3.7/site-packages/retry/api.py", line 33, in __retry_internal
    return f()
  File "/home/pi/actions-runner/_work/thin-edge.io/thin-edge.io/tests/PySys/software_management_end_to_end/sm_apt_install_download_path/run.py", line 28, in assert_install_in_download_path
    assert "rolldice" in os.listdir(f"{install_directory}")
AssertionError
16:54:40 WARN  AssertionError: ... blocked 
16:54:40 INFO  
16:54:40 INFO  cleanup:
16:54:40 INFO  Executed sudo, exit status 0
16:54:41 INFO  Executed sudo, exit status 0
16:54:45 INFO  Executed sudo&lt;tedge_disconnect_c8y&gt;, exit status 0
16:54:45 INFO  Restarting mosquitto too frequently in the last 10 seconds. It was only up for 4 seconds
16:54:45 INFO  Delaying execution by 7 seconds
16:55:07 INFO  Executed sudo&lt;tedge_connect_c8y&gt;, exit status 0, duration 14 secs
16:55:11 INFO  Executed sudo&lt;tedge_disconnect_c8y&gt;, exit status 0
16:55:12 INFO  Executed systemctl&lt;serv_mapper5&gt;, exit status 3
16:55:12 INFO  
16:55:12 INFO  Test duration: 85.94 secs
16:55:12 INFO  Test final outcome:  BLOCKED
16:55:12 INFO  Test outcome reason: AssertionError:
16:55:12 INFO  
</system-out>
	</testcase>
</testsuite><testsuite name="SoftwareManagement.sm_apt_install_fail" tests="3" errors="0" failures="0" skipped="1" time="0"><testcase classname="PySysTest" name="SoftwareManagement.sm_apt_install_fail">
		<skipped message="SKIPPED: Testing the apt plugin is not supported on this platform.Use parameter -XmyPlatform='container' to enable it" />
		<system-out>16:02:22 INFO  ==============================================================
16:02:22 INFO  Id:    SoftwareManagement.sm_apt_install_fail
16:02:22 INFO  Dir:   software_management_end_to_end/
16:02:22 INFO  Title: Validate end to end behaviour for a failing installation
16:02:22 INFO  ==============================================================
16:02:22 INFO  Testing the apt plugin is not supported on this platform.Use parameter -XmyPlatform='container' to enable it ... skipped
16:02:22 WARN  Aborted test due to SKIPPED outcome
16:02:22 INFO  
16:02:22 INFO  Test duration: 0.03 secs
16:02:22 INFO  Test final outcome:  SKIPPED
16:02:22 INFO  Test outcome reason: Testing the apt plugin is not supported on this platform.Use parameter -XmyPlatform='container' to enable it
16:02:22 INFO  
</system-out>
	</testcase>
<testcase classname="PySysTest" name="SoftwareManagement.sm_apt_install_fail" />
<testcase classname="PySysTest" name="SoftwareManagement.sm_apt_install_fail" />
</testsuite><testsuite name="SoftwareManagement.sm_apt_install_remove" tests="3" errors="0" failures="0" skipped="1" time="0"><testcase classname="PySysTest" name="SoftwareManagement.sm_apt_install_remove">
		<skipped message="SKIPPED: Testing the apt plugin is not supported on this platform.Use parameter -XmyPlatform='container' to enable it" />
		<system-out>16:02:22 INFO  ==============================================================
16:02:22 INFO  Id:    SoftwareManagement.sm_apt_install_remove
16:02:22 INFO  Dir:   software_management_end_to_end/
16:02:22 INFO  Title: Validate end to end behaviour for the apt plugin for installation and removal of packages
16:02:22 INFO  ==============================================================
16:02:22 INFO  Testing the apt plugin is not supported on this platform.Use parameter -XmyPlatform='container' to enable it ... skipped
16:02:22 WARN  Aborted test due to SKIPPED outcome
16:02:22 INFO  
16:02:22 INFO  Test duration: 0.03 secs
16:02:22 INFO  Test final outcome:  SKIPPED
16:02:22 INFO  Test outcome reason: Testing the apt plugin is not supported on this platform.Use parameter -XmyPlatform='container' to enable it
16:02:22 INFO  
</system-out>
	</testcase>
<testcase classname="PySysTest" name="SoftwareManagement.sm_apt_install_remove" />
<testcase classname="PySysTest" name="SoftwareManagement.sm_apt_install_remove" />
</testsuite><testsuite name="SoftwareManagement.sm_apt_install_remove_default" tests="3" errors="0" failures="0" skipped="1" time="0"><testcase classname="PySysTest" name="SoftwareManagement.sm_apt_install_remove_default">
		<skipped message="SKIPPED: Testing the apt plugin is not supported on this platform.Use parameter -XmyPlatform='container' to enable it" />
		<system-out>16:02:22 INFO  ==============================================================
16:02:22 INFO  Id:    SoftwareManagement.sm_apt_install_remove_default
16:02:22 INFO  Dir:   software_management_end_to_end/
16:02:22 INFO  Title: Validate end to end behaviour for the default plugin for installation and removal of packages
16:02:22 INFO  ==============================================================
16:02:22 INFO  Testing the apt plugin is not supported on this platform.Use parameter -XmyPlatform='container' to enable it ... skipped
16:02:22 WARN  Aborted test due to SKIPPED outcome
16:02:22 INFO  
16:02:22 INFO  Test duration: 0.03 secs
16:02:22 INFO  Test final outcome:  SKIPPED
16:02:22 INFO  Test outcome reason: Testing the apt plugin is not supported on this platform.Use parameter -XmyPlatform='container' to enable it
16:02:22 INFO  
</system-out>
	</testcase>
<testcase classname="PySysTest" name="SoftwareManagement.sm_apt_install_remove_default" />
<testcase classname="PySysTest" name="SoftwareManagement.sm_apt_install_remove_default" />
</testsuite><testsuite name="SoftwareManagement.sm_apt_install_remove_multiple" tests="3" errors="0" failures="2" skipped="1" time="0"><testcase classname="PySysTest" name="SoftwareManagement.sm_apt_install_remove_multiple">
		<skipped message="SKIPPED: Testing the apt plugin is not supported on this platform.Use parameter -XmyPlatform='container' to enable it" />
		<system-out>16:02:22 INFO  ==============================================================
16:02:22 INFO  Id:    SoftwareManagement.sm_apt_install_remove_multiple
16:02:22 INFO  Dir:   software_management_end_to_end/
16:02:22 INFO  Title: Validate end to end behaviour for the apt plugin for multiple packages
16:02:22 INFO  ==============================================================
16:02:22 INFO  Testing the apt plugin is not supported on this platform.Use parameter -XmyPlatform='container' to enable it ... skipped
16:02:22 WARN  Aborted test due to SKIPPED outcome
16:02:22 INFO  
16:02:22 INFO  Test duration: 0.04 secs
16:02:22 INFO  Test final outcome:  SKIPPED
16:02:22 INFO  Test outcome reason: Testing the apt plugin is not supported on this platform.Use parameter -XmyPlatform='container' to enable it
16:02:22 INFO  
</system-out>
	</testcase>
<testcase classname="PySysTest" name="SoftwareManagement.sm_apt_install_remove_multiple">
		<failure message="FAILED: Assert that (False == value) with value=True" type="FAILED" />
		<system-out>16:35:06 INFO  ==============================================================
16:35:06 INFO  Id:    SoftwareManagement.sm_apt_install_remove_multiple
16:35:06 INFO  Dir:   software_management_end_to_end/
16:35:06 INFO  Title: Validate end to end behaviour for the apt plugin for multiple packages
16:35:06 INFO  ==============================================================
16:35:06 INFO  Using sw id database: {'asciijump': '5475369', 'robotfindskitten': '5474869', 'squirrel3': '5475279', 'rolldice': '5152439', 'moon-buggy': '5439204', 'apple': '5495053', 'banana': '5494888', 'cherry': '5495382', 'watermelon': '5494510', 'registry': '8018911', 'hello-world': '8021526', 'docker/getting-started': '8021973', 'alpine': '7991792'}
16:35:06 INFO  EnvironmentC8y Setup
16:35:06 INFO  Executed systemctl&lt;serv_mapper1&gt;, exit status 3
16:35:07 INFO  Restarting mosquitto too frequently in the last 10 seconds. It was only up for 5 seconds
16:35:07 INFO  Delaying execution by 6 seconds
16:35:27 INFO  Executed sudo&lt;tedge_connect_c8y&gt;, exit status 0, duration 14 secs
16:35:27 INFO  Executed sudo&lt;tedge_connect_c8y_test&gt;, exit status 0
16:35:28 INFO  Executed systemctl&lt;serv_mosq2&gt;, exit status 0
16:35:28 INFO  Executed systemctl&lt;serv_mapper3&gt;, exit status 0
16:35:31 INFO  State of current operation: SUCCESSFUL
16:35:31 INFO  Assert that (False == value) with value=False ... passed
16:35:31 INFO  Assert that (False == value) with value=False ... passed
16:35:31 INFO  Assert that (False == value) with value=False ... passed
16:35:32 INFO  Package robotfindskitten is installed
16:35:32 WARN  Assert that (False == value) with value=True ... failed 
16:35:32 INFO  Response status: 201
16:35:32 INFO  Response to action: {
    "delivery": {
        "time": "2022-05-09T16:35:32.322Z",
        "log": [],
        "status": "PENDING"
    },
    "creationTime": "2022-05-09T16:35:32.310Z",
    "deviceName": "mythicd",
    "deviceId": "18560094",
    "self": "https://t493319102.eu-latest.cumulocity.com/devicecontrol/operations/18564905",
    "id": "18564905",
    "status": "PENDING",
    "description": "Apply software changes, triggered from PySys: [{'action': 'install', 'id': '5475369', 'name': 'asciijump', 'url': ' ', 'version': '::apt'}, {'action': 'install', 'id': '5474869', 'name': 'robotfindskitten', 'url': ' ', 'version': '::apt'}, {'action': 'install', 'id': '5475279', 'name': 'squirrel3', 'url': ' ', 'version': '::apt'}]",
    "c8y_SoftwareUpdate": [
        {
            "name": "asciijump",
            "action": "install",
            "id": "5475369",
            "version": "::apt",
            "url": " "
        },
        {
            "name": "robotfindskitten",
            "action": "install",
            "id": "5474869",
            "version": "::apt",
            "url": " "
        },
        {
            "name": "squirrel3",
            "action": "install",
            "id": "5475279",
            "version": "::apt",
            "url": " "
        }
    ]
}
16:35:32 INFO  Started operation: {'delivery': {'time': '2022-05-09T16:35:32.322Z', 'log': [], 'status': 'PENDING'}, 'creationTime': '2022-05-09T16:35:32.310Z', 'deviceName': 'mythicd', 'deviceId': '18560094', 'self': 'https://t493319102.eu-latest.cumulocity.com/devicecontrol/operations/18564905', 'id': '18564905', 'status': 'PENDING', 'description': "Apply software changes, triggered from PySys: [{'action': 'install', 'id': '5475369', 'name': 'asciijump', 'url': ' ', 'version': '::apt'}, {'action': 'install', 'id': '5474869', 'name': 'robotfindskitten', 'url': ' ', 'version': '::apt'}, {'action': 'install', 'id': '5475279', 'name': 'squirrel3', 'url': ' ', 'version': '::apt'}]", 'c8y_SoftwareUpdate': [{'name': 'asciijump', 'action': 'install', 'id': '5475369', 'version': '::apt', 'url': ' '}, {'name': 'robotfindskitten', 'action': 'install', 'id': '5474869', 'version': '::apt', 'url': ' '}, {'name': 'squirrel3', 'action': 'install', 'id': '5475279', 'version': '::apt', 'url': ' '}]}
16:35:34 INFO  State of operation 18564905 : PENDING
16:35:36 INFO  State of operation 18564905 : EXECUTING
16:35:39 INFO  State of operation 18564905 : EXECUTING
16:35:41 INFO  State of operation 18564905 : EXECUTING
16:35:43 INFO  State of operation 18564905 : EXECUTING
16:35:45 INFO  State of operation 18564905 : EXECUTING
16:35:48 INFO  State of operation 18564905 : EXECUTING
16:35:51 INFO  State of operation 18564905 : EXECUTING
16:35:53 INFO  State of operation 18564905 : EXECUTING
16:35:56 INFO  State of operation 18564905 : EXECUTING
16:35:58 INFO  State of operation 18564905 : EXECUTING
16:36:00 INFO  State of operation 18564905 : EXECUTING
16:36:02 INFO  State of operation 18564905 : EXECUTING
16:36:05 INFO  State of operation 18564905 : EXECUTING
16:36:07 INFO  State of operation 18564905 : EXECUTING
16:36:09 INFO  State of operation 18564905 : EXECUTING
16:36:12 INFO  State of operation 18564905 : EXECUTING
16:36:14 INFO  State of operation 18564905 : EXECUTING
16:36:17 INFO  State of operation 18564905 : EXECUTING
16:36:19 INFO  State of operation 18564905 : EXECUTING
16:36:21 INFO  State of operation 18564905 : EXECUTING
16:36:24 INFO  State of operation 18564905 : EXECUTING
16:36:26 INFO  State of operation 18564905 : EXECUTING
16:36:28 INFO  State of operation 18564905 : EXECUTING
16:36:31 INFO  State of operation 18564905 : EXECUTING
16:36:33 INFO  State of operation 18564905 : EXECUTING
16:36:36 INFO  State of operation 18564905 : EXECUTING
16:36:38 INFO  State of operation 18564905 : EXECUTING
16:36:41 INFO  State of operation 18564905 : EXECUTING
16:36:43 INFO  State of operation 18564905 : EXECUTING
16:36:45 INFO  State of operation 18564905 : EXECUTING
16:36:47 INFO  State of operation 18564905 : EXECUTING
16:36:50 INFO  State of operation 18564905 : EXECUTING
16:36:52 INFO  State of operation 18564905 : EXECUTING
16:36:54 INFO  State of operation 18564905 : SUCCESSFUL
16:36:54 INFO  Assert that (False == value) with value=False ... passed
16:36:55 INFO  Package asciijump is installed
16:36:55 INFO  Assert that (True == value) with value=True ... passed
16:36:55 INFO  Package squirrel3 is installed
16:36:55 INFO  Assert that (True == value) with value=True ... passed
16:36:55 INFO  Package robotfindskitten is installed
16:36:55 INFO  Assert that (True == value) with value=True ... passed
16:36:55 INFO  Response status: 201
16:36:55 INFO  Response to action: {
    "delivery": {
        "time": "2022-05-09T16:36:55.710Z",
        "log": [],
        "status": "PENDING"
    },
    "creationTime": "2022-05-09T16:36:55.698Z",
    "deviceName": "mythicd",
    "deviceId": "18560094",
    "self": "https://t493319102.eu-latest.cumulocity.com/devicecontrol/operations/18564911",
    "id": "18564911",
    "status": "PENDING",
    "description": "Apply software changes, triggered from PySys: [{'action': 'delete', 'id': '5475369', 'name': 'asciijump', 'url': ' ', 'version': '::apt'}, {'action': 'delete', 'id': '5474869', 'name': 'robotfindskitten', 'url': ' ', 'version': '::apt'}, {'action': 'delete', 'id': '5475279', 'name': 'squirrel3', 'url': ' ', 'version': '::apt'}]",
    "c8y_SoftwareUpdate": [
        {
            "name": "asciijump",
            "action": "delete",
            "id": "5475369",
            "version": "::apt",
            "url": " "
        },
        {
            "name": "robotfindskitten",
            "action": "delete",
            "id": "5474869",
            "version": "::apt",
            "url": " "
        },
        {
            "name": "squirrel3",
            "action": "delete",
            "id": "5475279",
            "version": "::apt",
            "url": " "
        }
    ]
}
16:36:55 INFO  Started operation: {'delivery': {'time': '2022-05-09T16:36:55.710Z', 'log': [], 'status': 'PENDING'}, 'creationTime': '2022-05-09T16:36:55.698Z', 'deviceName': 'mythicd', 'deviceId': '18560094', 'self': 'https://t493319102.eu-latest.cumulocity.com/devicecontrol/operations/18564911', 'id': '18564911', 'status': 'PENDING', 'description': "Apply software changes, triggered from PySys: [{'action': 'delete', 'id': '5475369', 'name': 'asciijump', 'url': ' ', 'version': '::apt'}, {'action': 'delete', 'id': '5474869', 'name': 'robotfindskitten', 'url': ' ', 'version': '::apt'}, {'action': 'delete', 'id': '5475279', 'name': 'squirrel3', 'url': ' ', 'version': '::apt'}]", 'c8y_SoftwareUpdate': [{'name': 'asciijump', 'action': 'delete', 'id': '5475369', 'version': '::apt', 'url': ' '}, {'name': 'robotfindskitten', 'action': 'delete', 'id': '5474869', 'version': '::apt', 'url': ' '}, {'name': 'squirrel3', 'action': 'delete', 'id': '5475279', 'version': '::apt', 'url': ' '}]}
16:36:57 INFO  State of operation 18564911 : PENDING
16:37:00 INFO  State of operation 18564911 : EXECUTING
16:37:02 INFO  State of operation 18564911 : EXECUTING
16:37:04 INFO  State of operation 18564911 : EXECUTING
16:37:06 INFO  State of operation 18564911 : EXECUTING
16:37:09 INFO  State of operation 18564911 : EXECUTING
16:37:12 INFO  State of operation 18564911 : EXECUTING
16:37:15 INFO  State of operation 18564911 : EXECUTING
16:37:17 INFO  State of operation 18564911 : EXECUTING
16:37:19 INFO  State of operation 18564911 : EXECUTING
16:37:22 INFO  State of operation 18564911 : EXECUTING
16:37:24 INFO  State of operation 18564911 : EXECUTING
16:37:26 INFO  State of operation 18564911 : EXECUTING
16:37:28 INFO  State of operation 18564911 : EXECUTING
16:37:31 INFO  State of operation 18564911 : EXECUTING
16:37:33 INFO  State of operation 18564911 : EXECUTING
16:37:35 INFO  State of operation 18564911 : EXECUTING
16:37:38 INFO  State of operation 18564911 : EXECUTING
16:37:41 INFO  State of operation 18564911 : EXECUTING
16:37:43 INFO  State of operation 18564911 : EXECUTING
16:37:45 INFO  State of operation 18564911 : EXECUTING
16:37:48 INFO  State of operation 18564911 : EXECUTING
16:37:50 INFO  State of operation 18564911 : EXECUTING
16:37:52 INFO  State of operation 18564911 : EXECUTING
16:37:55 INFO  State of operation 18564911 : EXECUTING
16:37:57 INFO  State of operation 18564911 : EXECUTING
16:38:00 INFO  State of operation 18564911 : EXECUTING
16:38:02 INFO  State of operation 18564911 : EXECUTING
16:38:04 INFO  State of operation 18564911 : SUCCESSFUL
16:38:04 INFO  Assert that (False == value) with value=False ... passed
16:38:04 INFO  Assert that (False == value) with value=False ... passed
16:38:05 INFO  Assert that (False == value) with value=False ... passed
16:38:05 INFO  Assert that (False == value) with value=False ... passed
16:38:05 INFO  
16:38:05 INFO  cleanup:
16:38:09 INFO  Executed sudo&lt;tedge_disconnect_c8y&gt;, exit status 0
16:38:10 INFO  Executed systemctl&lt;serv_mapper5&gt;, exit status 3
16:38:10 INFO  
16:38:10 INFO  Test duration: 183.77 secs
16:38:10 INFO  Test final outcome:  FAILED
16:38:10 INFO  Test outcome reason: Assert that (False == value) with value=True
16:38:10 INFO  
</system-out>
	</testcase>
<testcase classname="PySysTest" name="SoftwareManagement.sm_apt_install_remove_multiple">
		<failure message="FAILED: Assert that (False == value) with value=True (+2 other failures)" type="FAILED" />
		<system-out>17:01:53 INFO  ==============================================================
17:01:53 INFO  Id:    SoftwareManagement.sm_apt_install_remove_multiple
17:01:53 INFO  Dir:   software_management_end_to_end/
17:01:53 INFO  Title: Validate end to end behaviour for the apt plugin for multiple packages
17:01:53 INFO  ==============================================================
17:01:53 INFO  Using sw id database: {'asciijump': '5475369', 'robotfindskitten': '5474869', 'squirrel3': '5475279', 'rolldice': '5152439', 'moon-buggy': '5439204', 'apple': '5495053', 'banana': '5494888', 'cherry': '5495382', 'watermelon': '5494510', 'registry': '8018911', 'hello-world': '8021526', 'docker/getting-started': '8021973', 'alpine': '7991792'}
17:01:53 INFO  EnvironmentC8y Setup
17:01:54 INFO  Executed systemctl&lt;serv_mapper1&gt;, exit status 3
17:01:54 INFO  Restarting mosquitto too frequently in the last 10 seconds. It was only up for 5 seconds
17:01:54 INFO  Delaying execution by 6 seconds
17:02:14 INFO  Executed sudo&lt;tedge_connect_c8y&gt;, exit status 0, duration 14 secs
17:02:15 INFO  Executed sudo&lt;tedge_connect_c8y_test&gt;, exit status 0
17:02:15 INFO  Executed systemctl&lt;serv_mosq2&gt;, exit status 0
17:02:16 INFO  Executed systemctl&lt;serv_mapper3&gt;, exit status 0
17:02:18 INFO  State of current operation: SUCCESSFUL
17:02:18 INFO  Assert that (False == value) with value=False ... passed
17:02:19 INFO  Package asciijump is installed
17:02:19 WARN  Assert that (False == value) with value=True ... failed 
17:02:19 INFO  Package squirrel3 is installed
17:02:19 WARN  Assert that (False == value) with value=True ... failed 
17:02:19 INFO  Package robotfindskitten is installed
17:02:19 WARN  Assert that (False == value) with value=True ... failed 
17:02:19 INFO  Response status: 201
17:02:19 INFO  Response to action: {
    "delivery": {
        "time": "2022-05-09T17:02:19.761Z",
        "log": [],
        "status": "PENDING"
    },
    "creationTime": "2022-05-09T17:02:19.749Z",
    "deviceName": "mythicd",
    "deviceId": "18560094",
    "self": "https://t493319102.eu-latest.cumulocity.com/devicecontrol/operations/18564976",
    "id": "18564976",
    "status": "PENDING",
    "description": "Apply software changes, triggered from PySys: [{'action': 'install', 'id': '5475369', 'name': 'asciijump', 'url': ' ', 'version': '::apt'}, {'action': 'install', 'id': '5474869', 'name': 'robotfindskitten', 'url': ' ', 'version': '::apt'}, {'action': 'install', 'id': '5475279', 'name': 'squirrel3', 'url': ' ', 'version': '::apt'}]",
    "c8y_SoftwareUpdate": [
        {
            "name": "asciijump",
            "action": "install",
            "id": "5475369",
            "version": "::apt",
            "url": " "
        },
        {
            "name": "robotfindskitten",
            "action": "install",
            "id": "5474869",
            "version": "::apt",
            "url": " "
        },
        {
            "name": "squirrel3",
            "action": "install",
            "id": "5475279",
            "version": "::apt",
            "url": " "
        }
    ]
}
17:02:19 INFO  Started operation: {'delivery': {'time': '2022-05-09T17:02:19.761Z', 'log': [], 'status': 'PENDING'}, 'creationTime': '2022-05-09T17:02:19.749Z', 'deviceName': 'mythicd', 'deviceId': '18560094', 'self': 'https://t493319102.eu-latest.cumulocity.com/devicecontrol/operations/18564976', 'id': '18564976', 'status': 'PENDING', 'description': "Apply software changes, triggered from PySys: [{'action': 'install', 'id': '5475369', 'name': 'asciijump', 'url': ' ', 'version': '::apt'}, {'action': 'install', 'id': '5474869', 'name': 'robotfindskitten', 'url': ' ', 'version': '::apt'}, {'action': 'install', 'id': '5475279', 'name': 'squirrel3', 'url': ' ', 'version': '::apt'}]", 'c8y_SoftwareUpdate': [{'name': 'asciijump', 'action': 'install', 'id': '5475369', 'version': '::apt', 'url': ' '}, {'name': 'robotfindskitten', 'action': 'install', 'id': '5474869', 'version': '::apt', 'url': ' '}, {'name': 'squirrel3', 'action': 'install', 'id': '5475279', 'version': '::apt', 'url': ' '}]}
17:02:22 INFO  State of operation 18564976 : PENDING
17:02:24 INFO  State of operation 18564976 : EXECUTING
17:02:26 INFO  State of operation 18564976 : EXECUTING
17:02:28 INFO  State of operation 18564976 : EXECUTING
17:02:30 INFO  State of operation 18564976 : EXECUTING
17:02:33 INFO  State of operation 18564976 : EXECUTING
17:02:35 INFO  State of operation 18564976 : EXECUTING
17:02:38 INFO  State of operation 18564976 : EXECUTING
17:02:41 INFO  State of operation 18564976 : EXECUTING
17:02:43 INFO  State of operation 18564976 : EXECUTING
17:02:46 INFO  State of operation 18564976 : EXECUTING
17:02:48 INFO  State of operation 18564976 : EXECUTING
17:02:50 INFO  State of operation 18564976 : EXECUTING
17:02:52 INFO  State of operation 18564976 : EXECUTING
17:02:55 INFO  State of operation 18564976 : EXECUTING
17:02:57 INFO  State of operation 18564976 : SUCCESSFUL
17:02:57 INFO  Assert that (False == value) with value=False ... passed
17:02:57 INFO  Package asciijump is installed
17:02:57 INFO  Assert that (True == value) with value=True ... passed
17:02:58 INFO  Package squirrel3 is installed
17:02:58 INFO  Assert that (True == value) with value=True ... passed
17:02:58 INFO  Package robotfindskitten is installed
17:02:58 INFO  Assert that (True == value) with value=True ... passed
17:02:58 INFO  Response status: 201
17:02:58 INFO  Response to action: {
    "delivery": {
        "time": "2022-05-09T17:02:58.523Z",
        "log": [],
        "status": "PENDING"
    },
    "creationTime": "2022-05-09T17:02:58.509Z",
    "deviceName": "mythicd",
    "deviceId": "18560094",
    "self": "https://t493319102.eu-latest.cumulocity.com/devicecontrol/operations/18564982",
    "id": "18564982",
    "status": "PENDING",
    "description": "Apply software changes, triggered from PySys: [{'action': 'delete', 'id': '5475369', 'name': 'asciijump', 'url': ' ', 'version': '::apt'}, {'action': 'delete', 'id': '5474869', 'name': 'robotfindskitten', 'url': ' ', 'version': '::apt'}, {'action': 'delete', 'id': '5475279', 'name': 'squirrel3', 'url': ' ', 'version': '::apt'}]",
    "c8y_SoftwareUpdate": [
        {
            "name": "asciijump",
            "action": "delete",
            "id": "5475369",
            "version": "::apt",
            "url": " "
        },
        {
            "name": "robotfindskitten",
            "action": "delete",
            "id": "5474869",
            "version": "::apt",
            "url": " "
        },
        {
            "name": "squirrel3",
            "action": "delete",
            "id": "5475279",
            "version": "::apt",
            "url": " "
        }
    ]
}
17:02:58 INFO  Started operation: {'delivery': {'time': '2022-05-09T17:02:58.523Z', 'log': [], 'status': 'PENDING'}, 'creationTime': '2022-05-09T17:02:58.509Z', 'deviceName': 'mythicd', 'deviceId': '18560094', 'self': 'https://t493319102.eu-latest.cumulocity.com/devicecontrol/operations/18564982', 'id': '18564982', 'status': 'PENDING', 'description': "Apply software changes, triggered from PySys: [{'action': 'delete', 'id': '5475369', 'name': 'asciijump', 'url': ' ', 'version': '::apt'}, {'action': 'delete', 'id': '5474869', 'name': 'robotfindskitten', 'url': ' ', 'version': '::apt'}, {'action': 'delete', 'id': '5475279', 'name': 'squirrel3', 'url': ' ', 'version': '::apt'}]", 'c8y_SoftwareUpdate': [{'name': 'asciijump', 'action': 'delete', 'id': '5475369', 'version': '::apt', 'url': ' '}, {'name': 'robotfindskitten', 'action': 'delete', 'id': '5474869', 'version': '::apt', 'url': ' '}, {'name': 'squirrel3', 'action': 'delete', 'id': '5475279', 'version': '::apt', 'url': ' '}]}
17:03:00 INFO  State of operation 18564982 : PENDING
17:03:02 INFO  State of operation 18564982 : EXECUTING
17:03:05 INFO  State of operation 18564982 : EXECUTING
17:03:07 INFO  State of operation 18564982 : EXECUTING
17:03:09 INFO  State of operation 18564982 : EXECUTING
17:03:11 INFO  State of operation 18564982 : EXECUTING
17:03:14 INFO  State of operation 18564982 : EXECUTING
17:03:16 INFO  State of operation 18564982 : EXECUTING
17:03:19 INFO  State of operation 18564982 : EXECUTING
17:03:22 INFO  State of operation 18564982 : EXECUTING
17:03:24 INFO  State of operation 18564982 : EXECUTING
17:03:26 INFO  State of operation 18564982 : EXECUTING
17:03:28 INFO  State of operation 18564982 : EXECUTING
17:03:31 INFO  State of operation 18564982 : EXECUTING
17:03:33 INFO  State of operation 18564982 : EXECUTING
17:03:35 INFO  State of operation 18564982 : EXECUTING
17:03:37 INFO  State of operation 18564982 : EXECUTING
17:03:40 INFO  State of operation 18564982 : EXECUTING
17:03:43 INFO  State of operation 18564982 : EXECUTING
17:03:46 INFO  State of operation 18564982 : EXECUTING
17:03:48 INFO  State of operation 18564982 : EXECUTING
17:03:50 INFO  State of operation 18564982 : EXECUTING
17:03:52 INFO  State of operation 18564982 : EXECUTING
17:03:55 INFO  State of operation 18564982 : EXECUTING
17:03:57 INFO  State of operation 18564982 : EXECUTING
17:04:00 INFO  State of operation 18564982 : EXECUTING
17:04:02 INFO  State of operation 18564982 : EXECUTING
17:04:04 INFO  State of operation 18564982 : EXECUTING
17:04:07 INFO  State of operation 18564982 : EXECUTING
17:04:09 INFO  State of operation 18564982 : SUCCESSFUL
17:04:09 INFO  Assert that (False == value) with value=False ... passed
17:04:09 INFO  Assert that (False == value) with value=False ... passed
17:04:10 INFO  Assert that (False == value) with value=False ... passed
17:04:10 INFO  Assert that (False == value) with value=False ... passed
17:04:10 INFO  
17:04:10 INFO  cleanup:
17:04:14 INFO  Executed sudo&lt;tedge_disconnect_c8y&gt;, exit status 0
17:04:15 INFO  Executed systemctl&lt;serv_mapper5&gt;, exit status 3
17:04:15 INFO  
17:04:15 INFO  Test duration: 141.75 secs
17:04:15 INFO  Test final outcome:  FAILED
17:04:15 INFO  Test outcome reason: Assert that (False == value) with value=True (+2 other failures)
17:04:15 INFO  
</system-out>
	</testcase>
</testsuite><testsuite name="SoftwareManagement.sm_apt_install_remove_multiple_mixed" tests="3" errors="0" failures="2" skipped="1" time="0"><testcase classname="PySysTest" name="SoftwareManagement.sm_apt_install_remove_multiple_mixed">
		<skipped message="SKIPPED: Testing the apt plugin is not supported on this platform.Use parameter -XmyPlatform='container' to enable it" />
		<system-out>16:02:22 INFO  ==============================================================
16:02:22 INFO  Id:    SoftwareManagement.sm_apt_install_remove_multiple_mixed
16:02:22 INFO  Dir:   software_management_end_to_end/
16:02:22 INFO  Title: Validate end to end behaviour for the apt plugin for multiple packages with mixed versions
16:02:22 INFO  ==============================================================
16:02:22 INFO  Testing the apt plugin is not supported on this platform.Use parameter -XmyPlatform='container' to enable it ... skipped
16:02:22 WARN  Aborted test due to SKIPPED outcome
16:02:22 INFO  
16:02:22 INFO  Test duration: 0.05 secs
16:02:22 INFO  Test final outcome:  SKIPPED
16:02:22 INFO  Test outcome reason: Testing the apt plugin is not supported on this platform.Use parameter -XmyPlatform='container' to enable it
16:02:22 INFO  
</system-out>
	</testcase>
<testcase classname="PySysTest" name="SoftwareManagement.sm_apt_install_remove_multiple_mixed">
		<failure message="BLOCKED: SystemError: Timeout while waiting for status SUCCESSFUL or False" type="BLOCKED" />
		<system-out>16:38:10 INFO  ==============================================================
16:38:10 INFO  Id:    SoftwareManagement.sm_apt_install_remove_multiple_mixed
16:38:10 INFO  Dir:   software_management_end_to_end/
16:38:10 INFO  Title: Validate end to end behaviour for the apt plugin for multiple packages with mixed versions
16:38:10 INFO  ==============================================================
16:38:10 INFO  Using sw id database: {'asciijump': '5475369', 'robotfindskitten': '5474869', 'squirrel3': '5475279', 'rolldice': '5152439', 'moon-buggy': '5439204', 'apple': '5495053', 'banana': '5494888', 'cherry': '5495382', 'watermelon': '5494510', 'registry': '8018911', 'hello-world': '8021526', 'docker/getting-started': '8021973', 'alpine': '7991792'}
16:38:10 INFO  EnvironmentC8y Setup
16:38:10 INFO  Executed systemctl&lt;serv_mapper1&gt;, exit status 3
16:38:10 INFO  Restarting mosquitto too frequently in the last 10 seconds. It was only up for 5 seconds
16:38:10 INFO  Delaying execution by 6 seconds
16:38:30 INFO  Executed sudo&lt;tedge_connect_c8y&gt;, exit status 0, duration 13 secs
16:38:31 INFO  Executed sudo&lt;tedge_connect_c8y_test&gt;, exit status 0
16:38:31 INFO  Executed systemctl&lt;serv_mosq2&gt;, exit status 0
16:38:32 INFO  Executed systemctl&lt;serv_mapper3&gt;, exit status 0
16:38:34 INFO  State of current operation: SUCCESSFUL
16:38:34 INFO  Assert that (False == value) with value=False ... passed
16:38:34 INFO  Assert that (False == value) with value=False ... passed
16:38:35 INFO  Assert that (False == value) with value=False ... passed
16:38:35 INFO  Assert that (False == value) with value=False ... passed
16:38:35 INFO  Assert that (False == value) with value=False ... passed
16:38:36 INFO  Response status: 201
16:38:36 INFO  Response to action: {
    "creationTime": "2022-05-09T16:38:36.629Z",
    "deviceName": "mythicd",
    "deviceId": "18560094",
    "self": "https://t493319102.eu-latest.cumulocity.com/devicecontrol/operations/18564917",
    "id": "18564917",
    "status": "PENDING",
    "description": "Apply software changes, triggered from PySys: [{'action': 'install', 'id': '5475369', 'name': 'asciijump', 'url': ' ', 'version': '::apt'}, {'action': 'install', 'id': '5474869', 'name': 'robotfindskitten', 'url': ' ', 'version': ' '}, {'action': 'install', 'id': '5475279', 'name': 'squirrel3', 'url': ' ', 'version': '3.1-7::apt'}, {'action': 'install', 'id': '5152439', 'name': 'rolldice', 'url': ' ', 'version': '1.16-1+b1'}, {'action': 'install', 'id': '5439204', 'name': 'moon-buggy', 'url': ' ', 'version': '1:1.0.51-12'}, {'action': 'install', 'id': '5475369', 'name': 'asciijump', 'url': ' ', 'version': '::apt'}]",
    "c8y_SoftwareUpdate": [
        {
            "name": "asciijump",
            "action": "install",
            "id": "5475369",
            "version": "::apt",
            "url": " "
        },
        {
            "name": "robotfindskitten",
            "action": "install",
            "id": "5474869",
            "version": " ",
            "url": " "
        },
        {
            "name": "squirrel3",
            "action": "install",
            "id": "5475279",
            "version": "3.1-7::apt",
            "url": " "
        },
        {
            "name": "rolldice",
            "action": "install",
            "id": "5152439",
            "version": "1.16-1+b1",
            "url": " "
        },
        {
            "name": "moon-buggy",
            "action": "install",
            "id": "5439204",
            "version": "1:1.0.51-12",
            "url": " "
        },
        {
            "name": "asciijump",
            "action": "install",
            "id": "5475369",
            "version": "::apt",
            "url": " "
        }
    ]
}
16:38:36 INFO  Started operation: {'creationTime': '2022-05-09T16:38:36.629Z', 'deviceName': 'mythicd', 'deviceId': '18560094', 'self': 'https://t493319102.eu-latest.cumulocity.com/devicecontrol/operations/18564917', 'id': '18564917', 'status': 'PENDING', 'description': "Apply software changes, triggered from PySys: [{'action': 'install', 'id': '5475369', 'name': 'asciijump', 'url': ' ', 'version': '::apt'}, {'action': 'install', 'id': '5474869', 'name': 'robotfindskitten', 'url': ' ', 'version': ' '}, {'action': 'install', 'id': '5475279', 'name': 'squirrel3', 'url': ' ', 'version': '3.1-7::apt'}, {'action': 'install', 'id': '5152439', 'name': 'rolldice', 'url': ' ', 'version': '1.16-1+b1'}, {'action': 'install', 'id': '5439204', 'name': 'moon-buggy', 'url': ' ', 'version': '1:1.0.51-12'}, {'action': 'install', 'id': '5475369', 'name': 'asciijump', 'url': ' ', 'version': '::apt'}]", 'c8y_SoftwareUpdate': [{'name': 'asciijump', 'action': 'install', 'id': '5475369', 'version': '::apt', 'url': ' '}, {'name': 'robotfindskitten', 'action': 'install', 'id': '5474869', 'version': ' ', 'url': ' '}, {'name': 'squirrel3', 'action': 'install', 'id': '5475279', 'version': '3.1-7::apt', 'url': ' '}, {'name': 'rolldice', 'action': 'install', 'id': '5152439', 'version': '1.16-1+b1', 'url': ' '}, {'name': 'moon-buggy', 'action': 'install', 'id': '5439204', 'version': '1:1.0.51-12', 'url': ' '}, {'name': 'asciijump', 'action': 'install', 'id': '5475369', 'version': '::apt', 'url': ' '}]}
16:38:38 INFO  State of operation 18564917 : PENDING
16:38:41 INFO  State of operation 18564917 : EXECUTING
16:38:43 INFO  State of operation 18564917 : EXECUTING
16:38:45 INFO  State of operation 18564917 : EXECUTING
16:38:47 INFO  State of operation 18564917 : EXECUTING
16:38:50 INFO  State of operation 18564917 : EXECUTING
16:38:52 INFO  State of operation 18564917 : EXECUTING
16:38:55 INFO  State of operation 18564917 : EXECUTING
16:38:58 INFO  State of operation 18564917 : EXECUTING
16:39:00 INFO  State of operation 18564917 : EXECUTING
16:39:02 INFO  State of operation 18564917 : EXECUTING
16:39:05 INFO  State of operation 18564917 : EXECUTING
16:39:07 INFO  State of operation 18564917 : EXECUTING
16:39:09 INFO  State of operation 18564917 : EXECUTING
16:39:11 INFO  State of operation 18564917 : EXECUTING
16:39:14 INFO  State of operation 18564917 : EXECUTING
16:39:16 INFO  State of operation 18564917 : EXECUTING
16:39:18 INFO  State of operation 18564917 : EXECUTING
16:39:21 INFO  State of operation 18564917 : EXECUTING
16:39:23 INFO  State of operation 18564917 : EXECUTING
16:39:26 INFO  State of operation 18564917 : EXECUTING
16:39:28 INFO  State of operation 18564917 : EXECUTING
16:39:30 INFO  State of operation 18564917 : EXECUTING
16:39:32 INFO  State of operation 18564917 : EXECUTING
16:39:35 INFO  State of operation 18564917 : EXECUTING
16:39:37 INFO  State of operation 18564917 : EXECUTING
16:39:40 INFO  State of operation 18564917 : EXECUTING
16:39:42 INFO  State of operation 18564917 : EXECUTING
16:39:45 INFO  State of operation 18564917 : EXECUTING
16:39:47 INFO  State of operation 18564917 : EXECUTING
16:39:50 INFO  State of operation 18564917 : EXECUTING
16:39:52 INFO  State of operation 18564917 : EXECUTING
16:39:54 INFO  State of operation 18564917 : EXECUTING
16:39:57 INFO  State of operation 18564917 : EXECUTING
16:39:59 INFO  State of operation 18564917 : EXECUTING
16:40:01 INFO  State of operation 18564917 : EXECUTING
16:40:03 INFO  State of operation 18564917 : EXECUTING
16:40:06 INFO  State of operation 18564917 : EXECUTING
16:40:08 INFO  State of operation 18564917 : EXECUTING
16:40:11 INFO  State of operation 18564917 : EXECUTING
16:40:13 INFO  State of operation 18564917 : EXECUTING
16:40:16 INFO  State of operation 18564917 : EXECUTING
16:40:18 INFO  State of operation 18564917 : EXECUTING
16:40:21 INFO  State of operation 18564917 : EXECUTING
16:40:23 INFO  State of operation 18564917 : EXECUTING
16:40:25 INFO  State of operation 18564917 : EXECUTING
16:40:27 INFO  State of operation 18564917 : EXECUTING
16:40:29 INFO  State of operation 18564917 : EXECUTING
16:40:32 INFO  State of operation 18564917 : EXECUTING
16:40:34 INFO  State of operation 18564917 : EXECUTING
16:40:37 INFO  State of operation 18564917 : EXECUTING
16:40:39 INFO  State of operation 18564917 : EXECUTING
16:40:41 INFO  State of operation 18564917 : EXECUTING
16:40:44 INFO  State of operation 18564917 : EXECUTING
16:40:46 INFO  State of operation 18564917 : EXECUTING
16:40:48 INFO  State of operation 18564917 : EXECUTING
16:40:51 INFO  State of operation 18564917 : EXECUTING
16:40:54 INFO  State of operation 18564917 : EXECUTING
16:40:56 INFO  State of operation 18564917 : EXECUTING
16:40:58 INFO  State of operation 18564917 : EXECUTING
16:41:00 INFO  State of operation 18564917 : EXECUTING
16:41:02 WARN  SystemError occurred while running test - Timeout while waiting for status SUCCESSFUL or False
Traceback (most recent call last):
  File "/home/pi/env-pysys/lib/python3.7/site-packages/pysys/baserunner.py", line 1294, in __call__
    self.testObj.execute()
  File "/home/pi/actions-runner/_work/thin-edge.io/thin-edge.io/tests/PySys/software_management_end_to_end/sm_apt_install_remove_multiple_mixed/run.py", line 89, in execute
    self.wait_until_succcess()
  File "/home/pi/actions-runner/_work/thin-edge.io/thin-edge.io/tests/PySys/software_management_end_to_end/environment_sm_management.py", line 324, in wait_until_succcess
    self.wait_until_status("SUCCESSFUL")
  File "/home/pi/actions-runner/_work/thin-edge.io/thin-edge.io/tests/PySys/software_management_end_to_end/environment_sm_management.py", line 381, in wait_until_status
    "Timeout while waiting for status %s or %s" % (status, status2)
SystemError: Timeout while waiting for status SUCCESSFUL or False
16:41:02 WARN  SystemError: Timeout while waiting for status SUCCESSFUL or False ... blocked 
16:41:02 INFO  
16:41:02 INFO  cleanup:
16:41:07 INFO  Executed sudo&lt;tedge_disconnect_c8y&gt;, exit status 0
16:41:07 INFO  Executed systemctl&lt;serv_mapper5&gt;, exit status 3
16:41:07 INFO  
16:41:07 INFO  Test duration: 177.42 secs
16:41:07 INFO  Test final outcome:  BLOCKED
16:41:07 INFO  Test outcome reason: SystemError: Timeout while waiting for status SUCCESSFUL or False
16:41:07 INFO  
</system-out>
	</testcase>
<testcase classname="PySysTest" name="SoftwareManagement.sm_apt_install_remove_multiple_mixed">
		<failure message="BLOCKED: SystemError: Timeout while waiting for status SUCCESSFUL or False (+1 other failures)" type="BLOCKED" />
		<system-out>17:04:15 INFO  ==============================================================
17:04:15 INFO  Id:    SoftwareManagement.sm_apt_install_remove_multiple_mixed
17:04:15 INFO  Dir:   software_management_end_to_end/
17:04:15 INFO  Title: Validate end to end behaviour for the apt plugin for multiple packages with mixed versions
17:04:15 INFO  ==============================================================
17:04:15 INFO  Using sw id database: {'asciijump': '5475369', 'robotfindskitten': '5474869', 'squirrel3': '5475279', 'rolldice': '5152439', 'moon-buggy': '5439204', 'apple': '5495053', 'banana': '5494888', 'cherry': '5495382', 'watermelon': '5494510', 'registry': '8018911', 'hello-world': '8021526', 'docker/getting-started': '8021973', 'alpine': '7991792'}
17:04:15 INFO  EnvironmentC8y Setup
17:04:16 INFO  Executed systemctl&lt;serv_mapper1&gt;, exit status 3
17:04:16 INFO  Restarting mosquitto too frequently in the last 10 seconds. It was only up for 5 seconds
17:04:16 INFO  Delaying execution by 6 seconds
17:04:36 INFO  Executed sudo&lt;tedge_connect_c8y&gt;, exit status 0, duration 13 secs
17:04:36 INFO  Executed sudo&lt;tedge_connect_c8y_test&gt;, exit status 0
17:04:37 INFO  Executed systemctl&lt;serv_mosq2&gt;, exit status 0
17:04:37 INFO  Executed systemctl&lt;serv_mapper3&gt;, exit status 0
17:04:40 INFO  State of current operation: SUCCESSFUL
17:04:40 INFO  Assert that (False == value) with value=False ... passed
17:04:40 INFO  Assert that (False == value) with value=False ... passed
17:04:40 INFO  Assert that (False == value) with value=False ... passed
17:04:41 INFO  Assert that (False == value) with value=False ... passed
17:04:41 INFO  Package moon-buggy is installed
17:04:41 WARN  Assert that (False == value) with value=True ... failed 
17:04:42 INFO  Response status: 201
17:04:42 INFO  Response to action: {
    "delivery": {
        "time": "2022-05-09T17:04:42.782Z",
        "log": [],
        "status": "PENDING"
    },
    "creationTime": "2022-05-09T17:04:42.769Z",
    "deviceName": "mythicd",
    "deviceId": "18560094",
    "self": "https://t493319102.eu-latest.cumulocity.com/devicecontrol/operations/18564988",
    "id": "18564988",
    "status": "PENDING",
    "description": "Apply software changes, triggered from PySys: [{'action': 'install', 'id': '5475369', 'name': 'asciijump', 'url': ' ', 'version': '::apt'}, {'action': 'install', 'id': '5474869', 'name': 'robotfindskitten', 'url': ' ', 'version': ' '}, {'action': 'install', 'id': '5475279', 'name': 'squirrel3', 'url': ' ', 'version': '3.1-7::apt'}, {'action': 'install', 'id': '5152439', 'name': 'rolldice', 'url': ' ', 'version': '1.16-1+b1'}, {'action': 'install', 'id': '5439204', 'name': 'moon-buggy', 'url': ' ', 'version': '1:1.0.51-12'}, {'action': 'install', 'id': '5475369', 'name': 'asciijump', 'url': ' ', 'version': '::apt'}]",
    "c8y_SoftwareUpdate": [
        {
            "name": "asciijump",
            "action": "install",
            "id": "5475369",
            "version": "::apt",
            "url": " "
        },
        {
            "name": "robotfindskitten",
            "action": "install",
            "id": "5474869",
            "version": " ",
            "url": " "
        },
        {
            "name": "squirrel3",
            "action": "install",
            "id": "5475279",
            "version": "3.1-7::apt",
            "url": " "
        },
        {
            "name": "rolldice",
            "action": "install",
            "id": "5152439",
            "version": "1.16-1+b1",
            "url": " "
        },
        {
            "name": "moon-buggy",
            "action": "install",
            "id": "5439204",
            "version": "1:1.0.51-12",
            "url": " "
        },
        {
            "name": "asciijump",
            "action": "install",
            "id": "5475369",
            "version": "::apt",
            "url": " "
        }
    ]
}
17:04:42 INFO  Started operation: {'delivery': {'time': '2022-05-09T17:04:42.782Z', 'log': [], 'status': 'PENDING'}, 'creationTime': '2022-05-09T17:04:42.769Z', 'deviceName': 'mythicd', 'deviceId': '18560094', 'self': 'https://t493319102.eu-latest.cumulocity.com/devicecontrol/operations/18564988', 'id': '18564988', 'status': 'PENDING', 'description': "Apply software changes, triggered from PySys: [{'action': 'install', 'id': '5475369', 'name': 'asciijump', 'url': ' ', 'version': '::apt'}, {'action': 'install', 'id': '5474869', 'name': 'robotfindskitten', 'url': ' ', 'version': ' '}, {'action': 'install', 'id': '5475279', 'name': 'squirrel3', 'url': ' ', 'version': '3.1-7::apt'}, {'action': 'install', 'id': '5152439', 'name': 'rolldice', 'url': ' ', 'version': '1.16-1+b1'}, {'action': 'install', 'id': '5439204', 'name': 'moon-buggy', 'url': ' ', 'version': '1:1.0.51-12'}, {'action': 'install', 'id': '5475369', 'name': 'asciijump', 'url': ' ', 'version': '::apt'}]", 'c8y_SoftwareUpdate': [{'name': 'asciijump', 'action': 'install', 'id': '5475369', 'version': '::apt', 'url': ' '}, {'name': 'robotfindskitten', 'action': 'install', 'id': '5474869', 'version': ' ', 'url': ' '}, {'name': 'squirrel3', 'action': 'install', 'id': '5475279', 'version': '3.1-7::apt', 'url': ' '}, {'name': 'rolldice', 'action': 'install', 'id': '5152439', 'version': '1.16-1+b1', 'url': ' '}, {'name': 'moon-buggy', 'action': 'install', 'id': '5439204', 'version': '1:1.0.51-12', 'url': ' '}, {'name': 'asciijump', 'action': 'install', 'id': '5475369', 'version': '::apt', 'url': ' '}]}
17:04:45 INFO  State of operation 18564988 : PENDING
17:04:47 INFO  State of operation 18564988 : EXECUTING
17:04:49 INFO  State of operation 18564988 : EXECUTING
17:04:51 INFO  State of operation 18564988 : EXECUTING
17:04:54 INFO  State of operation 18564988 : EXECUTING
17:04:56 INFO  State of operation 18564988 : EXECUTING
17:04:58 INFO  State of operation 18564988 : EXECUTING
17:05:01 INFO  State of operation 18564988 : EXECUTING
17:05:04 INFO  State of operation 18564988 : EXECUTING
17:05:06 INFO  State of operation 18564988 : EXECUTING
17:05:08 INFO  State of operation 18564988 : EXECUTING
17:05:11 INFO  State of operation 18564988 : EXECUTING
17:05:13 INFO  State of operation 18564988 : EXECUTING
17:05:15 INFO  State of operation 18564988 : EXECUTING
17:05:17 INFO  State of operation 18564988 : EXECUTING
17:05:20 INFO  State of operation 18564988 : EXECUTING
17:05:22 INFO  State of operation 18564988 : EXECUTING
17:05:24 INFO  State of operation 18564988 : EXECUTING
17:05:28 INFO  State of operation 18564988 : EXECUTING
17:05:30 INFO  State of operation 18564988 : EXECUTING
17:05:32 INFO  State of operation 18564988 : EXECUTING
17:05:34 INFO  State of operation 18564988 : EXECUTING
17:05:37 INFO  State of operation 18564988 : EXECUTING
17:05:39 INFO  State of operation 18564988 : EXECUTING
17:05:42 INFO  State of operation 18564988 : EXECUTING
17:05:44 INFO  State of operation 18564988 : EXECUTING
17:05:47 INFO  State of operation 18564988 : EXECUTING
17:05:49 INFO  State of operation 18564988 : EXECUTING
17:05:52 INFO  State of operation 18564988 : EXECUTING
17:05:54 INFO  State of operation 18564988 : EXECUTING
17:05:57 INFO  State of operation 18564988 : EXECUTING
17:05:59 INFO  State of operation 18564988 : EXECUTING
17:06:01 INFO  State of operation 18564988 : EXECUTING
17:06:03 INFO  State of operation 18564988 : EXECUTING
17:06:05 INFO  State of operation 18564988 : EXECUTING
17:06:08 INFO  State of operation 18564988 : EXECUTING
17:06:10 INFO  State of operation 18564988 : EXECUTING
17:06:12 INFO  State of operation 18564988 : EXECUTING
17:06:15 INFO  State of operation 18564988 : EXECUTING
17:06:18 INFO  State of operation 18564988 : EXECUTING
17:06:20 INFO  State of operation 18564988 : EXECUTING
17:06:22 INFO  State of operation 18564988 : EXECUTING
17:06:25 INFO  State of operation 18564988 : EXECUTING
17:06:27 INFO  State of operation 18564988 : EXECUTING
17:06:29 INFO  State of operation 18564988 : EXECUTING
17:06:31 INFO  State of operation 18564988 : EXECUTING
17:06:33 INFO  State of operation 18564988 : EXECUTING
17:06:36 INFO  State of operation 18564988 : EXECUTING
17:06:38 INFO  State of operation 18564988 : EXECUTING
17:06:41 INFO  State of operation 18564988 : EXECUTING
17:06:43 INFO  State of operation 18564988 : EXECUTING
17:06:45 INFO  State of operation 18564988 : EXECUTING
17:06:48 INFO  State of operation 18564988 : EXECUTING
17:06:50 INFO  State of operation 18564988 : EXECUTING
17:06:53 INFO  State of operation 18564988 : EXECUTING
17:06:55 INFO  State of operation 18564988 : EXECUTING
17:06:58 INFO  State of operation 18564988 : EXECUTING
17:07:00 INFO  State of operation 18564988 : EXECUTING
17:07:02 INFO  State of operation 18564988 : EXECUTING
17:07:04 INFO  State of operation 18564988 : EXECUTING
17:07:06 INFO  State of operation 18564988 : EXECUTING
17:07:08 WARN  SystemError occurred while running test - Timeout while waiting for status SUCCESSFUL or False
Traceback (most recent call last):
  File "/home/pi/env-pysys/lib/python3.7/site-packages/pysys/baserunner.py", line 1294, in __call__
    self.testObj.execute()
  File "/home/pi/actions-runner/_work/thin-edge.io/thin-edge.io/tests/PySys/software_management_end_to_end/sm_apt_install_remove_multiple_mixed/run.py", line 89, in execute
    self.wait_until_succcess()
  File "/home/pi/actions-runner/_work/thin-edge.io/thin-edge.io/tests/PySys/software_management_end_to_end/environment_sm_management.py", line 324, in wait_until_succcess
    self.wait_until_status("SUCCESSFUL")
  File "/home/pi/actions-runner/_work/thin-edge.io/thin-edge.io/tests/PySys/software_management_end_to_end/environment_sm_management.py", line 381, in wait_until_status
    "Timeout while waiting for status %s or %s" % (status, status2)
SystemError: Timeout while waiting for status SUCCESSFUL or False
17:07:09 WARN  SystemError: Timeout while waiting for status SUCCESSFUL or False ... blocked 
17:07:09 INFO  
17:07:09 INFO  cleanup:
17:07:15 INFO  Executed sudo&lt;tedge_disconnect_c8y&gt;, exit status 0
17:07:16 INFO  Executed systemctl&lt;serv_mapper5&gt;, exit status 3
17:07:16 INFO  
17:07:16 INFO  Test duration: 180.70 secs
17:07:16 INFO  Test final outcome:  BLOCKED
17:07:16 INFO  Test outcome reason: SystemError: Timeout while waiting for status SUCCESSFUL or False (+1 other failures)
17:07:16 INFO  
</system-out>
	</testcase>
</testsuite><testsuite name="SoftwareManagement.sm_apt_install_remove_with_version" tests="3" errors="0" failures="0" skipped="1" time="0"><testcase classname="PySysTest" name="SoftwareManagement.sm_apt_install_remove_with_version">
		<skipped message="SKIPPED: Testing the apt plugin is not supported on this platform.Use parameter -XmyPlatform='container' to enable it" />
		<system-out>16:02:22 INFO  ==============================================================
16:02:22 INFO  Id:    SoftwareManagement.sm_apt_install_remove_with_version
16:02:22 INFO  Dir:   software_management_end_to_end/
16:02:22 INFO  Title: Validate end to end behaviour for the apt plugin for packages with version
16:02:22 INFO  ==============================================================
16:02:22 INFO  Testing the apt plugin is not supported on this platform.Use parameter -XmyPlatform='container' to enable it ... skipped
16:02:22 WARN  Aborted test due to SKIPPED outcome
16:02:22 INFO  
16:02:22 INFO  Test duration: 0.02 secs
16:02:22 INFO  Test final outcome:  SKIPPED
16:02:22 INFO  Test outcome reason: Testing the apt plugin is not supported on this platform.Use parameter -XmyPlatform='container' to enable it
16:02:23 INFO  
</system-out>
	</testcase>
<testcase classname="PySysTest" name="SoftwareManagement.sm_apt_install_remove_with_version" />
<testcase classname="PySysTest" name="SoftwareManagement.sm_apt_install_remove_with_version" />
</testsuite><testsuite name="SoftwareManagement.sm_docker_install_remove_multiple" tests="3" errors="0" failures="0" skipped="1" time="0"><testcase classname="SMDockerInstallRemove" name="SoftwareManagement.sm_docker_install_remove_multiple">
		<skipped message="SKIPPED: Testing the apt plugin is not supported on this platform.Use parameter -XmyPlatform='container' to enable it" />
		<system-out>16:02:23 INFO  ==============================================================
16:02:23 INFO  Id:    SoftwareManagement.sm_docker_install_remove_multiple
16:02:23 INFO  Dir:   software_management_end_to_end/
16:02:23 INFO  Title: Validate end to end behaviour for the docker plugin for multiple docker images with mixed versions
16:02:23 INFO  ==============================================================
16:02:23 INFO  Testing the apt plugin is not supported on this platform.Use parameter -XmyPlatform='container' to enable it ... skipped
16:02:23 WARN  Aborted test due to SKIPPED outcome
16:02:23 INFO  
16:02:23 INFO  Test duration: 0.04 secs
16:02:23 INFO  Test final outcome:  SKIPPED
16:02:23 INFO  Test outcome reason: Testing the apt plugin is not supported on this platform.Use parameter -XmyPlatform='container' to enable it
16:02:23 INFO  
</system-out>
	</testcase>
<testcase classname="SMDockerInstallRemove" name="SoftwareManagement.sm_docker_install_remove_multiple" />
<testcase classname="SMDockerInstallRemove" name="SoftwareManagement.sm_docker_install_remove_multiple" />
</testsuite><testsuite name="SoftwareManagement.sm_fake_install_remove" tests="2" errors="0" failures="0" skipped="1" time="0"><testcase classname="PySysTest" name="SoftwareManagement.sm_fake_install_remove">
		<skipped message="SKIPPED: Testing the fake plugin is not enabled.Use parameter -Xfakeplugin=fakeplugin to enable it" />
		<system-out>16:02:23 INFO  ==============================================================
16:02:23 INFO  Id:    SoftwareManagement.sm_fake_install_remove
16:02:23 INFO  Dir:   software_management_end_to_end/
16:02:23 INFO  Title: Validate end to end behaviour for the dummy plugin for installation and removal of packages
16:02:23 INFO  ==============================================================
16:02:23 INFO  Testing the fake plugin is not enabled.Use parameter -Xfakeplugin=fakeplugin to enable it ... skipped
16:02:23 WARN  Aborted test due to SKIPPED outcome
16:02:23 INFO  
16:02:23 INFO  Test duration: 0.02 secs
16:02:23 INFO  Test final outcome:  SKIPPED
16:02:23 INFO  Test outcome reason: Testing the fake plugin is not enabled.Use parameter -Xfakeplugin=fakeplugin to enable it
16:02:23 INFO  
</system-out>
	</testcase>
<testcase classname="PySysTest" name="SoftwareManagement.sm_fake_install_remove" />
</testsuite><testsuite name="SoftwareManagement.sm_fake_install_remove_multiple" tests="2" errors="0" failures="0" skipped="1" time="0"><testcase classname="PySysTest" name="SoftwareManagement.sm_fake_install_remove_multiple">
		<skipped message="SKIPPED: Testing the fake plugin is not enabled.Use parameter -Xfakeplugin=fakeplugin to enable it" />
		<system-out>16:02:23 INFO  ==============================================================
16:02:23 INFO  Id:    SoftwareManagement.sm_fake_install_remove_multiple
16:02:23 INFO  Dir:   software_management_end_to_end/
16:02:23 INFO  Title: Validate end to end behaviour for the dummy-plugin for multiple packages
16:02:23 INFO  ==============================================================
16:02:23 INFO  Testing the fake plugin is not enabled.Use parameter -Xfakeplugin=fakeplugin to enable it ... skipped
16:02:23 WARN  Aborted test due to SKIPPED outcome
16:02:23 INFO  
16:02:23 INFO  Test duration: 0.03 secs
16:02:23 INFO  Test final outcome:  SKIPPED
16:02:23 INFO  Test outcome reason: Testing the fake plugin is not enabled.Use parameter -Xfakeplugin=fakeplugin to enable it
16:02:23 INFO  
</system-out>
	</testcase>
<testcase classname="PySysTest" name="SoftwareManagement.sm_fake_install_remove_multiple" />
</testsuite><testsuite name="SoftwareManagement.sm_mapper_fail_and_reconnect" tests="2" errors="0" failures="0" skipped="2" time="0"><testcase classname="MapperC8yReceiveLastMessageOnRestart" name="SoftwareManagement.sm_mapper_fail_and_reconnect">
		<skipped message="SKIPPED: instable https://github.com/thin-edge/thin-edge.io/issues/752" />
		<system-out>16:02:23 INFO  ==============================================================
16:02:23 INFO  Id:    SoftwareManagement.sm_mapper_fail_and_reconnect
16:02:23 INFO  Dir:   software_management_end_to_end/
16:02:23 INFO  Title: Validate the tedge-mapper-sm-c8y for receiving the last message on restart
16:02:23 INFO  ==============================================================
16:02:23 INFO  instable https://github.com/thin-edge/thin-edge.io/issues/752 ... skipped
16:02:23 INFO  
16:02:23 INFO  Test duration: 0.02 secs
16:02:23 INFO  Test final outcome:  SKIPPED
16:02:23 INFO  Test outcome reason: instable https://github.com/thin-edge/thin-edge.io/issues/752
16:02:23 INFO  
</system-out>
	</testcase>
<testcase classname="MapperC8yReceiveLastMessageOnRestart" name="SoftwareManagement.sm_mapper_fail_and_reconnect">
		<skipped message="SKIPPED: instable https://github.com/thin-edge/thin-edge.io/issues/752" />
		<system-out>17:14:10 INFO  ==============================================================
17:14:10 INFO  Id:    SoftwareManagement.sm_mapper_fail_and_reconnect
17:14:10 INFO  Dir:   software_management_end_to_end/
17:14:10 INFO  Title: Validate the tedge-mapper-sm-c8y for receiving the last message on restart
17:14:10 INFO  ==============================================================
17:14:10 INFO  instable https://github.com/thin-edge/thin-edge.io/issues/752 ... skipped
17:14:10 INFO  
17:14:10 INFO  Test duration: 0.04 secs
17:14:10 INFO  Test final outcome:  SKIPPED
17:14:10 INFO  Test outcome reason: instable https://github.com/thin-edge/thin-edge.io/issues/752
17:14:10 INFO  
</system-out>
	</testcase>
</testsuite><testsuite name="SoftwareManagement.sm_mixed_install_remove_multiple" tests="2" errors="0" failures="1" skipped="1" time="0"><testcase classname="PySysTest" name="SoftwareManagement.sm_mixed_install_remove_multiple">
		<skipped message="SKIPPED: Testing the fake plugin is not enabled.Use parameter -Xfakeplugin=fakeplugin to enable it" />
		<system-out>16:02:23 INFO  ==============================================================
16:02:23 INFO  Id:    SoftwareManagement.sm_mixed_install_remove_multiple
16:02:23 INFO  Dir:   software_management_end_to_end/
16:02:23 INFO  Title: Validate end to end behaviour for the dummy-plugin for multiple packages with mixed versions
16:02:23 INFO  ==============================================================
16:02:23 INFO  Testing the fake plugin is not enabled.Use parameter -Xfakeplugin=fakeplugin to enable it ... skipped
16:02:23 WARN  Aborted test due to SKIPPED outcome
16:02:23 INFO  
16:02:23 INFO  Test duration: 0.05 secs
16:02:23 INFO  Test final outcome:  SKIPPED
16:02:23 INFO  Test outcome reason: Testing the fake plugin is not enabled.Use parameter -Xfakeplugin=fakeplugin to enable it
16:02:23 INFO  
</system-out>
	</testcase>
<testcase classname="PySysTest" name="SoftwareManagement.sm_mixed_install_remove_multiple">
		<failure message="FAILED: Assert that (False == value) with value=True" type="FAILED" />
		<system-out>17:14:10 INFO  ==============================================================
17:14:10 INFO  Id:    SoftwareManagement.sm_mixed_install_remove_multiple
17:14:10 INFO  Dir:   software_management_end_to_end/
17:14:10 INFO  Title: Validate end to end behaviour for the dummy-plugin for multiple packages with mixed versions
17:14:10 INFO  ==============================================================
17:14:10 INFO  Using sw id database: {'asciijump': '5475369', 'robotfindskitten': '5474869', 'squirrel3': '5475279', 'rolldice': '5152439', 'moon-buggy': '5439204', 'apple': '5495053', 'banana': '5494888', 'cherry': '5495382', 'watermelon': '5494510', 'registry': '8018911', 'hello-world': '8021526', 'docker/getting-started': '8021973', 'alpine': '7991792'}
17:14:10 INFO  EnvironmentC8y Setup
17:14:11 INFO  Executed systemctl&lt;serv_mapper1&gt;, exit status 3
17:14:11 INFO  Restarting mosquitto too frequently in the last 10 seconds. It was only up for 5 seconds
17:14:11 INFO  Delaying execution by 6 seconds
17:14:31 INFO  Executed sudo&lt;tedge_connect_c8y&gt;, exit status 0, duration 13 secs
17:14:32 INFO  Executed sudo&lt;tedge_connect_c8y_test&gt;, exit status 0
17:14:32 INFO  Executed systemctl&lt;serv_mosq2&gt;, exit status 0
17:14:33 INFO  Executed systemctl&lt;serv_mapper3&gt;, exit status 0
17:14:35 INFO  State of current operation: SUCCESSFUL
17:14:35 INFO  Package apple is installed
17:14:35 INFO  Assert that (True == value) with value=True ... passed
17:14:35 INFO  Package banana is installed
17:14:35 INFO  Assert that (True == value) with value=True ... passed
17:14:35 INFO  Package cherry is installed
17:14:35 INFO  Assert that (True == value) with value=True ... passed
17:14:36 INFO  Package asciijump is installed
17:14:36 WARN  Assert that (False == value) with value=True ... failed 
17:14:36 INFO  Assert that (False == value) with value=False ... passed
17:14:36 INFO  Response status: 201
17:14:36 INFO  Response to action: {
    "creationTime": "2022-05-09T17:14:36.631Z",
    "deviceName": "mythicd",
    "deviceId": "18560094",
    "self": "https://t493319102.eu-latest.cumulocity.com/devicecontrol/operations/18565034",
    "id": "18565034",
    "status": "PENDING",
[...]
</system-out>
	</testcase>
<testcase classname="DockerPluginInstallWithVersionTest" name="docker_plugin_install_with_version" />
</testsuite><testsuite name="docker_plugin_remove" tests="2" errors="0" failures="0" skipped="1" time="0"><testcase classname="DockerPluginRemoveTest" name="docker_plugin_remove">
		<skipped message="SKIPPED: Testing the docker plugin is not supported on this platform.To run it, all the test with -XmyPlatform='container'" />
		<system-out>15:52:42 INFO  ==============================================================
15:52:42 INFO  Id:    docker_plugin_remove
15:52:42 INFO  Dir:   plugin_docker/
15:52:42 INFO  Title: Validate docker plugin remove
15:52:42 INFO  ==============================================================
15:52:42 INFO  Testing the docker plugin is not supported on this platform.To run it, all the test with -XmyPlatform='container' ... skipped
15:52:42 WARN  Aborted test due to SKIPPED outcome
15:52:42 INFO  
15:52:42 INFO  Test duration: 0.02 secs
15:52:42 INFO  Test final outcome:  SKIPPED
15:52:42 INFO  Test outcome reason: Testing the docker plugin is not supported on this platform.To run it, all the test with -XmyPlatform='container'
15:52:42 INFO  
</system-out>
	</testcase>
<testcase classname="DockerPluginRemoveTest" name="docker_plugin_remove" />
</testsuite><testsuite name="docker_plugin_remove_with_version" tests="2" errors="0" failures="0" skipped="1" time="0"><testcase classname="DockerPluginRemoveWithVersionTest" name="docker_plugin_remove_with_version">
		<skipped message="SKIPPED: Testing the docker plugin is not supported on this platform.To run it, all the test with -XmyPlatform='container'" />
		<system-out>15:52:42 INFO  ==============================================================
15:52:42 INFO  Id:    docker_plugin_remove_with_version
15:52:42 INFO  Dir:   plugin_docker/
15:52:42 INFO  Title: Validate docker plugin remove with version
15:52:42 INFO  ==============================================================
15:52:43 INFO  Testing the docker plugin is not supported on this platform.To run it, all the test with -XmyPlatform='container' ... skipped
15:52:43 WARN  Aborted test due to SKIPPED outcome
15:52:43 INFO  
15:52:43 INFO  Test duration: 0.02 secs
15:52:43 INFO  Test final outcome:  SKIPPED
15:52:43 INFO  Test outcome reason: Testing the docker plugin is not supported on this platform.To run it, all the test with -XmyPlatform='container'
15:52:43 INFO  
</system-out>
	</testcase>
<testcase classname="DockerPluginRemoveWithVersionTest" name="docker_plugin_remove_with_version" />
</testsuite><testsuite name="docker_plugin_update" tests="2" errors="0" failures="0" skipped="1" time="0"><testcase classname="DockerPluginUpdateTest" name="docker_plugin_update">
		<skipped message="SKIPPED: Testing the docker plugin is not supported on this platform.To run it, all the test with -XmyPlatform='container'" />
		<system-out>15:52:43 INFO  ==============================================================
15:52:43 INFO  Id:    docker_plugin_update
15:52:43 INFO  Dir:   plugin_docker/
15:52:43 INFO  Title: Validate docker plugin install updates existing containers
15:52:43 INFO  ==============================================================
15:52:43 INFO  Testing the docker plugin is not supported on this platform.To run it, all the test with -XmyPlatform='container' ... skipped
15:52:43 WARN  Aborted test due to SKIPPED outcome
15:52:43 INFO  
15:52:43 INFO  Test duration: 0.02 secs
15:52:43 INFO  Test final outcome:  SKIPPED
15:52:43 INFO  Test outcome reason: Testing the docker plugin is not supported on this platform.To run it, all the test with -XmyPlatform='container'
15:52:43 INFO  
</system-out>
	</testcase>
<testcase classname="DockerPluginUpdateTest" name="docker_plugin_update" />
</testsuite><testsuite name="invalid_device_id" tests="1" errors="0" failures="0" skipped="0" time="0"><testcase classname="InvalidDeviceId" name="invalid_device_id" />
</testsuite><testsuite name="local_mqtt_pub_fail_noqos" tests="1" errors="0" failures="0" skipped="0" time="0"><testcase classname="PySysTest" name="local_mqtt_pub_fail_noqos" />
</testsuite><testsuite name="local_mqtt_pub_fail_qos0" tests="1" errors="0" failures="0" skipped="0" time="0"><testcase classname="PySysTest" name="local_mqtt_pub_fail_qos0" />
</testsuite><testsuite name="local_mqtt_pub_fail_qos1" tests="1" errors="0" failures="0" skipped="0" time="0"><testcase classname="PySysTest" name="local_mqtt_pub_fail_qos1" />
</testsuite><testsuite name="local_mqtt_pub_fail_qos2" tests="1" errors="0" failures="0" skipped="0" time="0"><testcase classname="PySysTest" name="local_mqtt_pub_fail_qos2" />
</testsuite><testsuite name="local_mqtt_pub_sub" tests="1" errors="0" failures="0" skipped="0" time="0"><testcase classname="PySysTest" name="local_mqtt_pub_sub" />
</testsuite><testsuite name="local_mqtt_pub_sub_retain" tests="1" errors="0" failures="0" skipped="0" time="0"><testcase classname="MqttPublishWithRetain" name="local_mqtt_pub_sub_retain" />
</testsuite><testsuite name="local_mqtt_pub_sub_with_sudo" tests="1" errors="0" failures="0" skipped="0" time="0"><testcase classname="PySysTest" name="local_mqtt_pub_sub_with_sudo" />
</testsuite><testsuite name="local_mqtt_sub_fail" tests="1" errors="0" failures="0" skipped="0" time="0"><testcase classname="PySysTest" name="local_mqtt_sub_fail" />
</testsuite><testsuite name="log_request_error_messages" tests="1" errors="0" failures="0" skipped="1" time="0"><testcase classname="LogRequestVerifySearchTextError" name="log_request_error_messages">
		<skipped message="SKIPPED: Test execution disabled due to #1123" />
		<system-out>15:51:05 INFO  ==============================================================
15:51:05 INFO  Id:    log_request_error_messages
15:51:05 INFO  Dir:   log_request_end_to_end/
15:51:05 INFO  Title: Validate end to end behaviour for the log request operation check for error messages
15:51:05 INFO  ==============================================================
15:51:07 INFO  Test execution disabled due to #1123 ... skipped
15:51:07 INFO  
15:51:07 INFO  Test duration: 1.36 secs
15:51:07 INFO  Test final outcome:  SKIPPED
15:51:07 INFO  Test outcome reason: Test execution disabled due to #1123
15:51:07 INFO  
</system-out>
	</testcase>
</testsuite><testsuite name="log_request_num_lines" tests="1" errors="0" failures="0" skipped="1" time="0"><testcase classname="LogRequestVerifyNumberOfLines" name="log_request_num_lines">
		<skipped message="SKIPPED: Test execution disabled due to #1123" />
		<system-out>15:51:07 INFO  ==============================================================
15:51:07 INFO  Id:    log_request_num_lines
15:51:07 INFO  Dir:   log_request_end_to_end/
15:51:07 INFO  Title: Validate end to end behaviour for the log request operation check for number of lines
15:51:07 INFO  ==============================================================
15:51:07 INFO  Test execution disabled due to #1123 ... skipped
15:51:07 INFO  
15:51:07 INFO  Test duration: 0.02 secs
15:51:07 INFO  Test final outcome:  SKIPPED
15:51:07 INFO  Test outcome reason: Test execution disabled due to #1123
15:51:07 INFO  
</system-out>
	</testcase>
</testsuite><testsuite name="mapper_awaits_before_reconnect" tests="1" errors="0" failures="0" skipped="0" time="0"><testcase classname="MapperReconnectAwait" name="mapper_awaits_before_reconnect" />
</testsuite><testsuite name="monitoring_smaller_interval" tests="1" errors="0" failures="0" skipped="1" time="0"><testcase classname="MonitoringSmallInterval" name="monitoring_smaller_interval">
		<skipped message="SKIPPED: Fails due to retained message" />
		<system-out>15:52:37 INFO  ==============================================================
15:52:37 INFO  Id:    monitoring_smaller_interval
15:52:37 INFO  Dir:   monitoring/
15:52:37 INFO  Title: Validate the tedge dm agent messages that are produced with smaller sampling interval than the batching window. Here the simulated collectd messages are used
15:52:37 INFO  ==============================================================
15:52:37 INFO  Fails due to retained message ... skipped
15:52:37 INFO  
15:52:37 INFO  Test duration: 0.02 secs
15:52:37 INFO  Test final outcome:  SKIPPED
15:52:37 INFO  Test outcome reason: Fails due to retained message
15:52:37 INFO  
</system-out>
	</testcase>
</testsuite><testsuite name="monitoring_with_collectd" tests="1" errors="0" failures="0" skipped="1" time="0"><testcase classname="MonitoringWithCollectd" name="monitoring_with_collectd">
		<skipped message="SKIPPED: Test execution disabled due to #792 (instable)" />
		<system-out>15:52:37 INFO  ==============================================================
15:52:37 INFO  Id:    monitoring_with_collectd
15:52:37 INFO  Dir:   monitoring/
15:52:37 INFO  Title: Validate tedge dm agent messages that are produced by batching the collectd messages
15:52:37 INFO  ==============================================================
15:52:37 INFO  Test execution disabled due to #792 (instable) ... skipped
15:52:37 INFO  
15:52:37 INFO  Test duration: 0.02 secs
15:52:37 INFO  Test final outcome:  SKIPPED
15:52:37 INFO  Test outcome reason: Test execution disabled due to #792 (instable)
15:52:37 INFO  
</system-out>
	</testcase>
</testsuite><testsuite name="monitoring_with_simulated_messages" tests="1" errors="0" failures="0" skipped="1" time="0"><testcase classname="MonitoringWithSimulatedMessages" name="monitoring_with_simulated_messages">
		<skipped message="SKIPPED: Fails due to retained message" />
		<system-out>15:52:37 INFO  ==============================================================
15:52:37 INFO  Id:    monitoring_with_simulated_messages
15:52:37 INFO  Dir:   monitoring/
15:52:37 INFO  Title: Validate the tedge dm agent messages that are produced from the simulated collectd messages
15:52:37 INFO  ==============================================================
15:52:37 INFO  Fails due to retained message ... skipped
15:52:37 INFO  
15:52:37 INFO  Test duration: 0.02 secs
15:52:37 INFO  Test final outcome:  SKIPPED
15:52:37 INFO  Test outcome reason: Fails due to retained message
15:52:37 INFO  
</system-out>
	</testcase>
</testsuite><testsuite name="mqtt_port_change_connection_fails" tests="1" errors="0" failures="0" skipped="0" time="0"><testcase classname="MqttPortChangeConnectionFails" name="mqtt_port_change_connection_fails" />
</testsuite><testsuite name="mqtt_port_change_connection_works" tests="1" errors="0" failures="0" skipped="1" time="0"><testcase classname="MqttPortChangeConnectionWorks" name="mqtt_port_change_connection_works">
		<skipped message="SKIPPED: failing intermitently" />
		<system-out>15:51:42 INFO  ==============================================================
15:51:42 INFO  Id:    mqtt_port_change_connection_works
15:51:42 INFO  Dir:   misc_features/
15:51:42 INFO  Title: mqtt port change connection works for all the thin-edge services that use the mosquitto broker
15:51:42 INFO  ==============================================================
15:51:42 INFO  failing intermitently ... skipped
15:51:42 INFO  
15:51:42 INFO  Test duration: 0.03 secs
15:51:42 INFO  Test final outcome:  SKIPPED
15:51:42 INFO  Test outcome reason: failing intermitently
15:51:42 INFO  
</system-out>
	</testcase>
</testsuite><testsuite name="mqtt_port_set" tests="1" errors="0" failures="0" skipped="0" time="0"><testcase classname="MqttPortSet" name="mqtt_port_set" />
</testsuite><testsuite name="mqtt_port_unset" tests="1" errors="0" failures="0" skipped="0" time="0"><testcase classname="MqttPortUnSet" name="mqtt_port_unset" />
</testsuite><testsuite name="publish_flux" tests="1" errors="0" failures="0" skipped="0" time="0"><testcase classname="PublishFlux" name="publish_flux" />
</testsuite><testsuite name="publish_sawmill" tests="1" errors="0" failures="0" skipped="0" time="0"><testcase classname="PublishSawmill" name="publish_sawmill" />
</testsuite><testsuite name="pysys_block" tests="1" errors="0" failures="0" skipped="1" time="0"><testcase classname="Fail" name="pysys_block">
		<skipped message="SKIPPED: Enable this to observe a blocking test" />
		<system-out>15:52:05 INFO  ==============================================================
15:52:05 INFO  Id:    pysys_block
15:52:05 INFO  Dir:   misc_features/
15:52:05 INFO  Title: fail
15:52:05 INFO  ==============================================================
15:52:05 INFO  Enable this to observe a blocking test ... skipped
15:52:05 INFO  
15:52:05 INFO  Test duration: 0.02 secs
15:52:05 INFO  Test final outcome:  SKIPPED
15:52:05 INFO  Test outcome reason: Enable this to observe a blocking test
15:52:05 INFO  
</system-out>
	</testcase>
</testsuite><testsuite name="pysys_fail" tests="1" errors="0" failures="0" skipped="1" time="0"><testcase classname="Fail" name="pysys_fail">
		<skipped message="SKIPPED: Enable this to observe a failing test" />
		<system-out>15:52:05 INFO  ==============================================================
15:52:05 INFO  Id:    pysys_fail
15:52:05 INFO  Dir:   misc_features/
15:52:05 INFO  Title: fail
15:52:05 INFO  ==============================================================
15:52:05 INFO  Enable this to observe a failing test ... skipped
15:52:05 INFO  
15:52:05 INFO  Test duration: 0.02 secs
15:52:05 INFO  Test final outcome:  SKIPPED
15:52:05 INFO  Test outcome reason: Enable this to observe a failing test
15:52:05 INFO  
</system-out>
	</testcase>
</testsuite><testsuite name="runtime_start_two_mappers" tests="1" errors="0" failures="0" skipped="1" time="0"><testcase classname="RuntimeMultiMappers" name="runtime_start_two_mappers">
		<skipped message="SKIPPED: Test execution disabled due to #1124" />
		<system-out>16:05:58 INFO  ==============================================================
16:05:58 INFO  Id:    runtime_start_two_mappers
16:05:58 INFO  Dir:   tedge_mapper_c8y/
16:05:58 INFO  Title: Validate two mappers can't be started at the same time
16:05:58 INFO  ==============================================================
16:05:58 INFO  Test execution disabled due to #1124 ... skipped
16:05:58 INFO  
16:05:58 INFO  Test duration: 0.02 secs
16:05:58 INFO  Test final outcome:  SKIPPED
16:05:58 INFO  Test outcome reason: Test execution disabled due to #1124
16:05:58 INFO  
</system-out>
	</testcase>
</testsuite><testsuite name="sm_tedge_mapper_init_session" tests="1" errors="0" failures="0" skipped="0" time="0"><testcase classname="TedgeSMMapperInitSession" name="sm_tedge_mapper_init_session" />
</testsuite><testsuite name="smoketest_json" tests="1" errors="0" failures="0" skipped="0" time="0"><testcase classname="SmokeTestJson" name="smoketest_json" />
</testsuite><testsuite name="smoketest_json_400_samples_10ms" tests="1" errors="0" failures="0" skipped="0" time="0"><testcase classname="SmoketestJson400Samples10ms" name="smoketest_json_400_samples_10ms" />
</testsuite><testsuite name="smoketest_json_400_samples_20ms" tests="1" errors="0" failures="0" skipped="0" time="0"><testcase classname="SmoketestJson400Samples20ms" name="smoketest_json_400_samples_20ms" />
</testsuite><testsuite name="smoketest_smartrest" tests="1" errors="0" failures="0" skipped="0" time="0"><testcase classname="SmoketestSmartRest" name="smoketest_smartrest" />
</testsuite><testsuite name="smoketest_smartrest_200_samples_1Xms" tests="1" errors="0" failures="0" skipped="0" time="0"><testcase classname="SmoketestSmartRest200Samples1Xms" name="smoketest_smartrest_200_samples_1Xms" />
</testsuite><testsuite name="smoketest_smartrest_200_samples_20ms" tests="1" errors="0" failures="0" skipped="0" time="0"><testcase classname="SmoketestSmartRest200Samples20ms" name="smoketest_smartrest_200_samples_20ms" />
</testsuite><testsuite name="tedge_agent_user_sudo_access" tests="1" errors="0" failures="0" skipped="1" time="0"><testcase classname="TedgeAgentUserSudoAccess" name="tedge_agent_user_sudo_access">
		<skipped message="SKIPPED: #955 Observation: Exit code of the apt plugin when called with no arguments" />
		<system-out>16:02:49 INFO  ==============================================================
16:02:49 INFO  Id:    tedge_agent_user_sudo_access
16:02:49 INFO  Dir:   tedge/
16:02:49 INFO  Title: Validate tedge-agent user has a limited sudo right
16:02:49 INFO  ==============================================================
16:02:49 INFO  #955 Observation: Exit code of the apt plugin when called with no arguments ... skipped
16:02:49 INFO  
16:02:49 INFO  Test duration: 0.02 secs
16:02:49 INFO  Test final outcome:  SKIPPED
16:02:49 INFO  Test outcome reason: #955 Observation: Exit code of the apt plugin when called with no arguments
16:02:49 INFO  
</system-out>
	</testcase>
</testsuite><testsuite name="tedge_connect_test_negative" tests="1" errors="0" failures="0" skipped="0" time="0"><testcase classname="TedgeConnectTestNegative" name="tedge_connect_test_negative" />
</testsuite><testsuite name="tedge_connect_test_positive" tests="1" errors="0" failures="0" skipped="0" time="0"><testcase classname="TedgeConnectTestPositive" name="tedge_connect_test_positive" />
</testsuite><testsuite name="tedge_connect_test_sm_services" tests="1" errors="0" failures="0" skipped="0" time="0"><testcase classname="TedgeConnectTestSMServices" name="tedge_connect_test_sm_services" />
</testsuite><testsuite name="tedge_disconnect_test_sm_services" tests="1" errors="0" failures="0" skipped="0" time="0"><testcase classname="TedgeDisConnectTestSMServices" name="tedge_disconnect_test_sm_services" />
</testsuite><testsuite name="tedge_mapper_az_negative" tests="1" errors="0" failures="0" skipped="0" time="0"><testcase classname="TedgeMapperAzError" name="tedge_mapper_az_negative" />
</testsuite><testsuite name="tedge_mapper_az_with_timestamp" tests="1" errors="0" failures="0" skipped="0" time="0"><testcase classname="TedgeMapperAzWithTimestamp" name="tedge_mapper_az_with_timestamp" />
</testsuite><testsuite name="tedge_mapper_az_without_timestamp" tests="1" errors="0" failures="0" skipped="0" time="0"><testcase classname="TedgeMapperAzWithoutTimestamp" name="tedge_mapper_az_without_timestamp" />
</testsuite><testsuite name="tedge_mapper_c8y_alarms" tests="1" errors="0" failures="0" skipped="0" time="0"><testcase classname="TedgeMapperC8yAlarm" name="tedge_mapper_c8y_alarms" />
</testsuite><testsuite name="tedge_mapper_c8y_child_device_measurement" tests="1" errors="0" failures="0" skipped="1" time="0"><testcase classname="TedgeMapperC8yChildDevice" name="tedge_mapper_c8y_child_device_measurement">
		<skipped message="SKIPPED: Test execution disabled due to #1088" />
		<system-out>16:07:12 INFO  ==============================================================
16:07:12 INFO  Id:    tedge_mapper_c8y_child_device_measurement
16:07:12 INFO  Dir:   tedge_mapper_c8y/
16:07:12 INFO  Title: Validate that measurements sent to tedge/measurements/child topic gets mapped as the child device's measurement in Cumulocity
16:07:12 INFO  ==============================================================
16:07:12 INFO  Test execution disabled due to #1088 ... skipped
16:07:12 INFO  
16:07:12 INFO  Test duration: 0.05 secs
16:07:12 INFO  Test final outcome:  SKIPPED
16:07:12 INFO  Test outcome reason: Test execution disabled due to #1088
16:07:12 INFO  
</system-out>
	</testcase>
</testsuite><testsuite name="tedge_mapper_c8y_packet_threshold_size" tests="1" errors="0" failures="0" skipped="0" time="0"><testcase classname="TedgeMapperC8yThresholdPacketSize" name="tedge_mapper_c8y_packet_threshold_size" />
</testsuite><testsuite name="tedge_software_update" tests="1" errors="0" failures="0" skipped="0" time="0"><testcase classname="PySysTest" name="tedge_software_update" />
</testsuite><testsuite name="valid_device_id" tests="1" errors="0" failures="0" skipped="0" time="0"><testcase classname="ValidateValidDeviceId" name="valid_device_id" />
</testsuite></testsuites>