<?xml version='1.0' encoding='utf-8'?>
<testsuites tests="149" failures="22" errors="0" skipped="49" time="0.0"><testsuite name="SoftwareManagement.Plugin.apama_plugin_install" tests="3" errors="0" failures="0" skipped="1" time="0"><testcase classname="ApamaPluginInstallTest" name="SoftwareManagement.Plugin.apama_plugin_install">
		<skipped message="SKIPPED: Apama plugin tests are disabled by default. Execute `pysys run` with `-XmyPlatform=container` to run these tests" />
		<system-out>13:31:10 INFO  ==============================================================
13:31:10 INFO  Id:    SoftwareManagement.Plugin.apama_plugin_install
13:31:10 INFO  Dir:   plugin_apama/
13:31:10 INFO  Title: Validate apama plugin install
13:31:10 INFO  ==============================================================
13:31:10 INFO  Apama plugin tests are disabled by default. Execute `pysys run` with `-XmyPlatform=container` to run these tests ... skipped
13:31:10 WARN  Aborted test due to SKIPPED outcome
13:31:10 INFO  
13:31:10 INFO  Test duration: 0.08 secs
13:31:10 INFO  Test final outcome:  SKIPPED
13:31:10 INFO  Test outcome reason: Apama plugin tests are disabled by default. Execute `pysys run` with `-XmyPlatform=container` to run these tests
13:31:10 INFO  
</system-out>
	</testcase>
<testcase classname="ApamaPluginInstallTest" name="SoftwareManagement.Plugin.apama_plugin_install" />
<testcase classname="ApamaPluginInstallTest" name="SoftwareManagement.Plugin.apama_plugin_install" />
</testsuite><testsuite name="SoftwareManagement.Plugin.apama_plugin_mon_support" tests="3" errors="0" failures="0" skipped="1" time="0"><testcase classname="ApamaPluginMonSupportTest" name="SoftwareManagement.Plugin.apama_plugin_mon_support">
		<skipped message="SKIPPED: Apama plugin tests are disabled by default. Execute `pysys run` with `-XmyPlatform=container` to run these tests" />
		<system-out>13:31:10 INFO  ==============================================================
13:31:10 INFO  Id:    SoftwareManagement.Plugin.apama_plugin_mon_support
13:31:10 INFO  Dir:   plugin_apama/
13:31:10 INFO  Title: Validate mon file support of apama plugin
13:31:10 INFO  ==============================================================
13:31:10 INFO  Apama plugin tests are disabled by default. Execute `pysys run` with `-XmyPlatform=container` to run these tests ... skipped
13:31:10 WARN  Aborted test due to SKIPPED outcome
13:31:10 INFO  
13:31:10 INFO  Test duration: 0.02 secs
13:31:10 INFO  Test final outcome:  SKIPPED
13:31:10 INFO  Test outcome reason: Apama plugin tests are disabled by default. Execute `pysys run` with `-XmyPlatform=container` to run these tests
13:31:10 INFO  
</system-out>
	</testcase>
<testcase classname="ApamaPluginMonSupportTest" name="SoftwareManagement.Plugin.apama_plugin_mon_support" />
<testcase classname="ApamaPluginMonSupportTest" name="SoftwareManagement.Plugin.apama_plugin_mon_support" />
</testsuite><testsuite name="SoftwareManagement.Plugin.apama_plugin_remove" tests="3" errors="0" failures="0" skipped="1" time="0"><testcase classname="ApamaPluginRemoveTest" name="SoftwareManagement.Plugin.apama_plugin_remove">
		<skipped message="SKIPPED: Apama plugin tests are disabled by default. Execute `pysys run` with `-XmyPlatform=container` to run these tests" />
		<system-out>13:31:10 INFO  ==============================================================
13:31:10 INFO  Id:    SoftwareManagement.Plugin.apama_plugin_remove
13:31:10 INFO  Dir:   plugin_apama/
13:31:10 INFO  Title: Validate apama plugin remove
13:31:10 INFO  ==============================================================
13:31:10 INFO  Apama plugin tests are disabled by default. Execute `pysys run` with `-XmyPlatform=container` to run these tests ... skipped
13:31:10 WARN  Aborted test due to SKIPPED outcome
13:31:10 INFO  
13:31:10 INFO  Test duration: 0.02 secs
13:31:10 INFO  Test final outcome:  SKIPPED
13:31:10 INFO  Test outcome reason: Apama plugin tests are disabled by default. Execute `pysys run` with `-XmyPlatform=container` to run these tests
13:31:10 INFO  
</system-out>
	</testcase>
<testcase classname="ApamaPluginRemoveTest" name="SoftwareManagement.Plugin.apama_plugin_remove" />
<testcase classname="ApamaPluginRemoveTest" name="SoftwareManagement.Plugin.apama_plugin_remove" />
</testsuite><testsuite name="SoftwareManagement.Plugin.apama_plugin_update" tests="3" errors="0" failures="2" skipped="1" time="0"><testcase classname="ApamaPluginUpdateTest" name="SoftwareManagement.Plugin.apama_plugin_update">
		<skipped message="SKIPPED: Apama plugin tests are disabled by default. Execute `pysys run` with `-XmyPlatform=container` to run these tests" />
		<system-out>13:31:10 INFO  ==============================================================
13:31:10 INFO  Id:    SoftwareManagement.Plugin.apama_plugin_update
13:31:10 INFO  Dir:   plugin_apama/
13:31:10 INFO  Title: Validate apama plugin updating one project with another
13:31:10 INFO  ==============================================================
13:31:10 INFO  Apama plugin tests are disabled by default. Execute `pysys run` with `-XmyPlatform=container` to run these tests ... skipped
13:31:10 WARN  Aborted test due to SKIPPED outcome
13:31:10 INFO  
13:31:10 INFO  Test duration: 0.02 secs
13:31:10 INFO  Test final outcome:  SKIPPED
13:31:10 INFO  Test outcome reason: Apama plugin tests are disabled by default. Execute `pysys run` with `-XmyPlatform=container` to run these tests
13:31:10 INFO  
</system-out>
	</testcase>
<testcase classname="ApamaPluginUpdateTest" name="SoftwareManagement.Plugin.apama_plugin_update">
		<failure message="BLOCKED: sudo&lt;plugin_install&gt; returned non-zero exit code 2" type="BLOCKED" />
		<system-out>14:11:55 INFO  ==============================================================
14:11:55 INFO  Id:    SoftwareManagement.Plugin.apama_plugin_update
14:11:55 INFO  Dir:   plugin_apama/
14:11:55 INFO  Title: Validate apama plugin updating one project with another
14:11:55 INFO  ==============================================================
14:11:55 INFO  Assertion that path exists=False for "/etc/tedge/apama/project" ... passed
14:11:55 INFO  Executed sudo&lt;create_project_dir&gt;, exit status 0
14:11:56 INFO  Executed sudo&lt;unzip_apama_project&gt;, exit status 0
14:11:56 INFO  Executed sudo&lt;move_apama_project&gt;, exit status 0
14:11:57 INFO  Executed sudo&lt;restart_apama_service&gt;, exit status 0
14:11:58 INFO  Executed sudo&lt;apama_correlator_wait&gt;, exit status 0
14:11:58 INFO  Assertion that path exists=True for "/etc/tedge/apama/project" ... passed
14:11:59 INFO  Executed sudo&lt;apama_list_monitors&gt;, exit status 0
14:11:59 INFO  Grep on file /home/pi/actions-runner/_work/thin-edge.io/thin-edge.io/tests/PySys/plugin_apama/apama_plugin_update/Output/linux/apama_list_monitors.out ... passed
14:11:59 WARN  Executed sudo&lt;plugin_install&gt;, exit status 2
14:11:59 INFO  Contents of plugin_install.err: 
  ERROR: Directory not empty (os error 39)
  -----

14:12:00 WARN  sudo&lt;plugin_install&gt; returned non-zero exit code 2 ... blocked [run.py:35]
14:12:00 WARN  Aborted test due to BLOCKED outcome
14:12:00 INFO  
14:12:00 INFO  cleanup:
14:12:00 INFO  Removing apama project
14:12:16 INFO  Executed sudo&lt;stop_apama_service&gt;, exit status 0, duration 16 secs
14:12:17 INFO  Executed sudo&lt;remove_apama_project&gt;, exit status 0
14:12:17 INFO  Executed sudo&lt;remove_apama_tmp_dir&gt;, exit status 0
14:12:17 INFO  
14:12:17 INFO  Test duration: 22.34 secs
14:12:17 INFO  Test final outcome:  BLOCKED
14:12:17 INFO  Test outcome reason: sudo&lt;plugin_install&gt; returned non-zero exit code 2
14:12:17 INFO  
</system-out>
	</testcase>
<testcase classname="ApamaPluginUpdateTest" name="SoftwareManagement.Plugin.apama_plugin_update">
		<failure message="BLOCKED: sudo&lt;plugin_install&gt; returned non-zero exit code 2" type="BLOCKED" />
		<system-out>14:16:49 INFO  ==============================================================
14:16:49 INFO  Id:    SoftwareManagement.Plugin.apama_plugin_update
14:16:49 INFO  Dir:   plugin_apama/
14:16:49 INFO  Title: Validate apama plugin updating one project with another
14:16:49 INFO  ==============================================================
14:16:49 INFO  Assertion that path exists=False for "/etc/tedge/apama/project" ... passed
14:16:49 INFO  Executed sudo&lt;create_project_dir&gt;, exit status 0
14:16:50 INFO  Executed sudo&lt;unzip_apama_project&gt;, exit status 0
14:16:50 INFO  Executed sudo&lt;move_apama_project&gt;, exit status 0
14:16:51 INFO  Executed sudo&lt;restart_apama_service&gt;, exit status 0
14:16:52 INFO  Executed sudo&lt;apama_correlator_wait&gt;, exit status 0
14:16:52 INFO  Assertion that path exists=True for "/etc/tedge/apama/project" ... passed
14:16:53 INFO  Executed sudo&lt;apama_list_monitors&gt;, exit status 0
14:16:53 INFO  Grep on file /home/pi/actions-runner/_work/thin-edge.io/thin-edge.io/tests/PySys/plugin_apama/apama_plugin_update/Output/linux/apama_list_monitors.out ... passed
14:16:54 WARN  Executed sudo&lt;plugin_install&gt;, exit status 2
14:16:54 INFO  Contents of plugin_install.err: 
  ERROR: Directory not empty (os error 39)
  -----

14:16:54 WARN  sudo&lt;plugin_install&gt; returned non-zero exit code 2 ... blocked [run.py:35]
14:16:54 WARN  Aborted test due to BLOCKED outcome
14:16:54 INFO  
14:16:54 INFO  cleanup:
14:16:54 INFO  Removing apama project
14:17:10 INFO  Executed sudo&lt;stop_apama_service&gt;, exit status 0, duration 16 secs
14:17:10 INFO  Executed sudo&lt;remove_apama_project&gt;, exit status 0
14:17:11 INFO  Executed sudo&lt;remove_apama_tmp_dir&gt;, exit status 0
14:17:11 INFO  
14:17:11 INFO  Test duration: 22.16 secs
14:17:11 INFO  Test final outcome:  BLOCKED
14:17:11 INFO  Test outcome reason: sudo&lt;plugin_install&gt; returned non-zero exit code 2
14:17:11 INFO  
</system-out>
	</testcase>
</testsuite><testsuite name="SoftwareManagement.sm_apt_install_download_path" tests="3" errors="0" failures="2" skipped="1" time="0"><testcase classname="AptInstallWithDownloadPath" name="SoftwareManagement.sm_apt_install_download_path">
		<skipped message="SKIPPED: Testing the apt plugin is not supported on this platform.Use parameter -XmyPlatform='container' to enable it" />
		<system-out>13:40:59 INFO  ==============================================================
13:40:59 INFO  Id:    SoftwareManagement.sm_apt_install_download_path
13:40:59 INFO  Dir:   software_management_end_to_end/
13:40:59 INFO  Title: Install package to directory specified in tedge config set tmp.path
13:40:59 INFO  ==============================================================
13:41:00 INFO  Testing the apt plugin is not supported on this platform.Use parameter -XmyPlatform='container' to enable it ... skipped
13:41:00 WARN  Aborted test due to SKIPPED outcome
13:41:00 INFO  
13:41:00 INFO  Test duration: 0.10 secs
13:41:00 INFO  Test final outcome:  SKIPPED
13:41:00 INFO  Test outcome reason: Testing the apt plugin is not supported on this platform.Use parameter -XmyPlatform='container' to enable it
13:41:00 INFO  
</system-out>
	</testcase>
<testcase classname="AptInstallWithDownloadPath" name="SoftwareManagement.sm_apt_install_download_path">
		<failure message="BLOCKED: SystemError: The Sofware list is empty !!!" type="BLOCKED" />
		<system-out>14:05:44 INFO  ==============================================================
14:05:44 INFO  Id:    SoftwareManagement.sm_apt_install_download_path
14:05:44 INFO  Dir:   software_management_end_to_end/
14:05:44 INFO  Title: Install package to directory specified in tedge config set tmp.path
14:05:44 INFO  ==============================================================
14:05:44 INFO  Using sw id database: {'asciijump': '5475369', 'robotfindskitten': '5474869', 'squirrel3': '5475279', 'rolldice': '5152439', 'moon-buggy': '5439204', 'apple': '5495053', 'banana': '5494888', 'cherry': '5495382', 'watermelon': '5494510', 'registry': '8018911', 'hello-world': '8021526', 'docker/getting-started': '8021973', 'alpine': '7991792'}
14:05:44 INFO  EnvironmentC8y Setup
14:05:45 INFO  Executed systemctl&lt;serv_mapper1&gt;, exit status 3
14:06:00 INFO  Executed sudo&lt;tedge_connect_c8y&gt;, exit status 0, duration 15 secs
14:06:02 INFO  Executed sudo&lt;tedge_connect_c8y_test&gt;, exit status 0
14:06:03 INFO  Executed systemctl&lt;serv_mosq2&gt;, exit status 0
14:06:04 INFO  Executed systemctl&lt;serv_mapper3&gt;, exit status 0
14:06:06 INFO  State of current operation: SUCCESSFUL
14:06:06 WARN  SystemError occurred while running test - The Sofware list is empty !!!
Traceback (most recent call last):
  File "/home/pi/env-pysys/lib/python3.7/site-packages/pysys/baserunner.py", line 1292, in __call__
    self.testObj.setup()
  File "/home/pi/actions-runner/_work/thin-edge.io/thin-edge.io/tests/PySys/software_management_end_to_end/sm_apt_install_download_path/run.py", line 49, in setup
    self.assertThat("False == value", value=self.check_is_installed("rolldice"))
  File "/home/pi/actions-runner/_work/thin-edge.io/thin-edge.io/tests/PySys/software_management_end_to_end/environment_sm_management.py", line 399, in check_is_installed
    raise SystemError("The Sofware list is empty !!!")
SystemError: The Sofware list is empty !!!
14:06:07 WARN  SystemError: The Sofware list is empty !!! ... blocked 
14:06:07 INFO  
14:06:07 INFO  cleanup:
14:06:07 INFO  Executed sudo, exit status 0
14:06:08 INFO  Executed sudo, exit status 0
14:06:12 INFO  Executed sudo&lt;tedge_disconnect_c8y&gt;, exit status 0
14:06:12 INFO  Restarting mosquitto too frequently in the last 10 seconds. It was only up for 3 seconds
14:06:12 INFO  Delaying execution by 8 seconds
14:06:34 INFO  Executed sudo&lt;tedge_connect_c8y&gt;, exit status 0, duration 14 secs
14:06:39 INFO  Executed sudo&lt;tedge_disconnect_c8y&gt;, exit status 0
14:06:39 INFO  Executed systemctl&lt;serv_mapper5&gt;, exit status 3
14:06:39 INFO  
14:06:39 INFO  Test duration: 55.55 secs
14:06:39 INFO  Test final outcome:  BLOCKED
14:06:39 INFO  Test outcome reason: SystemError: The Sofware list is empty !!!
14:06:39 INFO  
</system-out>
	</testcase>
<testcase classname="AptInstallWithDownloadPath" name="SoftwareManagement.sm_apt_install_download_path">
		<failure message="BLOCKED: AssertionError:" type="BLOCKED" />
		<system-out>14:17:11 INFO  ==============================================================
14:17:11 INFO  Id:    SoftwareManagement.sm_apt_install_download_path
14:17:11 INFO  Dir:   software_management_end_to_end/
14:17:11 INFO  Title: Install package to directory specified in tedge config set tmp.path
14:17:11 INFO  ==============================================================
14:17:12 INFO  Using sw id database: {'asciijump': '5475369', 'robotfindskitten': '5474869', 'squirrel3': '5475279', 'rolldice': '5152439', 'moon-buggy': '5439204', 'apple': '5495053', 'banana': '5494888', 'cherry': '5495382', 'watermelon': '5494510', 'registry': '8018911', 'hello-world': '8021526', 'docker/getting-started': '8021973', 'alpine': '7991792'}
14:17:12 INFO  EnvironmentC8y Setup
14:17:13 INFO  Executed systemctl&lt;serv_mapper1&gt;, exit status 3
14:17:28 INFO  Executed sudo&lt;tedge_connect_c8y&gt;, exit status 0, duration 14 secs
14:17:28 INFO  Executed sudo&lt;tedge_connect_c8y_test&gt;, exit status 0
14:17:29 INFO  Executed systemctl&lt;serv_mosq2&gt;, exit status 0
14:17:29 INFO  Executed systemctl&lt;serv_mapper3&gt;, exit status 0
14:17:32 INFO  State of current operation: SUCCESSFUL
14:17:32 INFO  Assert that (False == value) with value=False ... passed
14:17:32 INFO  Executed sudo, exit status 0
14:17:33 INFO  Executed sudo, exit status 0
14:17:34 INFO  Executed sudo, exit status 0
14:17:38 INFO  Executed sudo&lt;tedge_disconnect_c8y&gt;, exit status 0
14:17:38 INFO  Restarting mosquitto too frequently in the last 10 seconds. It was only up for 3 seconds
14:17:38 INFO  Delaying execution by 8 seconds
14:18:00 INFO  Executed sudo&lt;tedge_connect_c8y&gt;, exit status 0, duration 14 secs
14:18:00 INFO  Response status: 201
14:18:00 INFO  Response to action: {
    "creationTime": "2022-04-19T14:18:00.796Z",
    "deviceName": "mythica",
    "deviceId": "17465677",
    "self": "https://t493319102.eu-latest.cumulocity.com/devicecontrol/operations/17475350",
    "id": "17475350",
    "status": "PENDING",
    "description": "Apply software changes, triggered from PySys: [{'name': 'rolldice', 'id': '5152439', 'version': '::apt', 'url': 'https://thin-edge-io.eu-latest.cumulocity.com/inventory/binaries/12435463', 'action': 'install'}]",
    "c8y_SoftwareUpdate": [
        {
            "name": "rolldice",
            "action": "install",
            "id": "5152439",
            "version": "::apt",
            "url": "https://thin-edge-io.eu-latest.cumulocity.com/inventory/binaries/12435463"
        }
    ]
}
14:18:00 INFO  Started operation: {'creationTime': '2022-04-19T14:18:00.796Z', 'deviceName': 'mythica', 'deviceId': '17465677', 'self': 'https://t493319102.eu-latest.cumulocity.com/devicecontrol/operations/17475350', 'id': '17475350', 'status': 'PENDING', 'description': "Apply software changes, triggered from PySys: [{'name': 'rolldice', 'id': '5152439', 'version': '::apt', 'url': 'https://thin-edge-io.eu-latest.cumulocity.com/inventory/binaries/12435463', 'action': 'install'}]", 'c8y_SoftwareUpdate': [{'name': 'rolldice', 'action': 'install', 'id': '5152439', 'version': '::apt', 'url': 'https://thin-edge-io.eu-latest.cumulocity.com/inventory/binaries/12435463'}]}
14:18:00 WARN  , retrying in 0.5 seconds...
14:18:01 WARN  , retrying in 0.5 seconds...
14:18:01 WARN  , retrying in 0.5 seconds...
14:18:02 WARN  , retrying in 0.5 seconds...
14:18:02 WARN  , retrying in 0.5 seconds...
14:18:03 WARN  , retrying in 0.5 seconds...
14:18:03 WARN  , retrying in 0.5 seconds...
14:18:04 WARN  , retrying in 0.5 seconds...
14:18:04 WARN  , retrying in 0.5 seconds...
14:18:05 WARN  AssertionError occurred while running test - 
Traceback (most recent call last):
  File "/home/pi/env-pysys/lib/python3.7/site-packages/pysys/baserunner.py", line 1294, in __call__
    self.testObj.execute()
  File "/home/pi/actions-runner/_work/thin-edge.io/thin-edge.io/tests/PySys/software_management_end_to_end/sm_apt_install_download_path/run.py", line 83, in execute
    assert_install_in_download_path(install_directory=self.DOWNLOAD_DIR)
  File "/home/pi/env-pysys/lib/python3.7/site-packages/decorator.py", line 232, in fun
    return caller(func, *(extras + args), **kw)
  File "/home/pi/env-pysys/lib/python3.7/site-packages/retry/api.py", line 74, in retry_decorator
    logger)
  File "/home/pi/env-pysys/lib/python3.7/site-packages/retry/api.py", line 33, in __retry_internal
    return f()
  File "/home/pi/actions-runner/_work/thin-edge.io/thin-edge.io/tests/PySys/software_management_end_to_end/sm_apt_install_download_path/run.py", line 28, in assert_install_in_download_path
    assert "rolldice" in os.listdir(f"{install_directory}")
AssertionError
14:18:05 WARN  AssertionError: ... blocked 
14:18:05 INFO  
14:18:05 INFO  cleanup:
14:18:05 INFO  Executed sudo, exit status 0
14:18:06 INFO  Executed sudo, exit status 0
14:18:10 INFO  Executed sudo&lt;tedge_disconnect_c8y&gt;, exit status 0
14:18:11 INFO  Restarting mosquitto too frequently in the last 10 seconds. It was only up for 4 seconds
14:18:11 INFO  Delaying execution by 7 seconds
14:18:32 INFO  Executed sudo&lt;tedge_connect_c8y&gt;, exit status 0, duration 14 secs
14:18:37 INFO  Executed sudo&lt;tedge_disconnect_c8y&gt;, exit status 0
14:18:37 INFO  Executed systemctl&lt;serv_mapper5&gt;, exit status 3
14:18:37 INFO  
14:18:37 INFO  Test duration: 86.25 secs
14:18:37 INFO  Test final outcome:  BLOCKED
14:18:37 INFO  Test outcome reason: AssertionError:
14:18:37 INFO  
</system-out>
	</testcase>
</testsuite><testsuite name="SoftwareManagement.sm_apt_install_fail" tests="3" errors="0" failures="1" skipped="1" time="0"><testcase classname="PySysTest" name="SoftwareManagement.sm_apt_install_fail">
		<skipped message="SKIPPED: Testing the apt plugin is not supported on this platform.Use parameter -XmyPlatform='container' to enable it" />
		<system-out>13:41:00 INFO  ==============================================================
13:41:00 INFO  Id:    SoftwareManagement.sm_apt_install_fail
13:41:00 INFO  Dir:   software_management_end_to_end/
13:41:00 INFO  Title: Validate end to end behaviour for a failing installation
13:41:00 INFO  ==============================================================
13:41:00 INFO  Testing the apt plugin is not supported on this platform.Use parameter -XmyPlatform='container' to enable it ... skipped
13:41:00 WARN  Aborted test due to SKIPPED outcome
13:41:00 INFO  
13:41:00 INFO  Test duration: 0.04 secs
13:41:00 INFO  Test final outcome:  SKIPPED
13:41:00 INFO  Test outcome reason: Testing the apt plugin is not supported on this platform.Use parameter -XmyPlatform='container' to enable it
13:41:00 INFO  
</system-out>
	</testcase>
<testcase classname="PySysTest" name="SoftwareManagement.sm_apt_install_fail">
		<failure message="BLOCKED: SystemError: The Sofware list is empty !!!" type="BLOCKED" />
		<system-out>14:06:39 INFO  ==============================================================
14:06:39 INFO  Id:    SoftwareManagement.sm_apt_install_fail
14:06:39 INFO  Dir:   software_management_end_to_end/
14:06:39 INFO  Title: Validate end to end behaviour for a failing installation
14:06:39 INFO  ==============================================================
14:06:39 INFO  Using sw id database: {'asciijump': '5475369', 'robotfindskitten': '5474869', 'squirrel3': '5475279', 'rolldice': '5152439', 'moon-buggy': '5439204', 'apple': '5495053', 'banana': '5494888', 'cherry': '5495382', 'watermelon': '5494510', 'registry': '8018911', 'hello-world': '8021526', 'docker/getting-started': '8021973', 'alpine': '7991792'}
14:06:39 INFO  EnvironmentC8y Setup
14:06:40 INFO  Executed systemctl&lt;serv_mapper1&gt;, exit status 3
14:06:40 INFO  Restarting mosquitto too frequently in the last 10 seconds. It was only up for 4 seconds
14:06:40 INFO  Delaying execution by 7 seconds
14:07:02 INFO  Executed sudo&lt;tedge_connect_c8y&gt;, exit status 0, duration 14 secs
14:07:02 INFO  Executed sudo&lt;tedge_connect_c8y_test&gt;, exit status 0
14:07:03 INFO  Executed systemctl&lt;serv_mosq2&gt;, exit status 0
14:07:04 INFO  Executed systemctl&lt;serv_mapper3&gt;, exit status 0
14:07:06 INFO  State of current operation: SUCCESSFUL
14:07:06 INFO  Response status: 201
14:07:06 INFO  Response to action: {
    "creationTime": "2022-04-19T14:07:06.488Z",
    "deviceName": "mythica",
    "deviceId": "17465677",
    "self": "https://t493319102.eu-latest.cumulocity.com/devicecontrol/operations/17475306",
    "id": "17475306",
    "status": "PENDING",
    "description": "Apply software changes, triggered from PySys: [{'name': 'does_not_exist', 'id': '5446165', 'version': '::apt', 'url': '', 'action': 'install'}]",
    "c8y_SoftwareUpdate": [
        {
            "name": "does_not_exist",
            "action": "install",
            "id": "5446165",
            "version": "::apt",
            "url": ""
        }
    ]
}
14:07:06 INFO  Started operation: {'creationTime': '2022-04-19T14:07:06.488Z', 'deviceName': 'mythica', 'deviceId': '17465677', 'self': 'https://t493319102.eu-latest.cumulocity.com/devicecontrol/operations/17475306', 'id': '17475306', 'status': 'PENDING', 'description': "Apply software changes, triggered from PySys: [{'name': 'does_not_exist', 'id': '5446165', 'version': '::apt', 'url': '', 'action': 'install'}]", 'c8y_SoftwareUpdate': [{'name': 'does_not_exist', 'action': 'install', 'id': '5446165', 'version': '::apt', 'url': ''}]}
14:07:08 INFO  State of operation 17475306 : PENDING
14:07:10 INFO  State of operation 17475306 : EXECUTING
14:07:13 INFO  State of operation 17475306 : EXECUTING
14:07:15 INFO  State of operation 17475306 : EXECUTING
14:07:17 INFO  State of operation 17475306 : EXECUTING
14:07:19 INFO  State of operation 17475306 : EXECUTING
14:07:22 INFO  State of operation 17475306 : EXECUTING
14:07:25 INFO  State of operation 17475306 : EXECUTING
14:07:28 INFO  State of operation 17475306 : EXECUTING
14:07:30 INFO  State of operation 17475306 : EXECUTING
14:07:32 INFO  State of operation 17475306 : EXECUTING
14:07:34 INFO  State of operation 17475306 : EXECUTING
14:07:37 INFO  State of operation 17475306 : EXECUTING
14:07:39 INFO  State of operation 17475306 : EXECUTING
14:07:41 INFO  State of operation 17475306 : EXECUTING
14:07:44 INFO  State of operation 17475306 : EXECUTING
14:07:46 INFO  State of operation 17475306 : EXECUTING
14:07:49 INFO  State of operation 17475306 : EXECUTING
14:07:51 INFO  State of operation 17475306 : EXECUTING
14:07:53 INFO  State of operation 17475306 : EXECUTING
14:07:55 INFO  State of operation 17475306 : FAILED
14:07:56 WARN  SystemError occurred while running test - The Sofware list is empty !!!
Traceback (most recent call last):
  File "/home/pi/env-pysys/lib/python3.7/site-packages/pysys/baserunner.py", line 1296, in __call__
    self.testObj.validate()
  File "/home/pi/actions-runner/_work/thin-edge.io/thin-edge.io/tests/PySys/software_management_end_to_end/sm_apt_install_fail/run.py", line 31, in validate
    "False == value", value=self.check_is_installed("does_not_exist")
  File "/home/pi/actions-runner/_work/thin-edge.io/thin-edge.io/tests/PySys/software_management_end_to_end/environment_sm_management.py", line 399, in check_is_installed
    raise SystemError("The Sofware list is empty !!!")
SystemError: The Sofware list is empty !!!
14:07:56 WARN  SystemError: The Sofware list is empty !!! ... blocked 
14:07:56 INFO  
14:07:56 INFO  cleanup:
14:08:00 INFO  Executed sudo&lt;tedge_disconnect_c8y&gt;, exit status 0
14:08:01 INFO  Executed systemctl&lt;serv_mapper5&gt;, exit status 3
14:08:01 INFO  
14:08:01 INFO  Test duration: 81.11 secs
14:08:01 INFO  Test final outcome:  BLOCKED
14:08:01 INFO  Test outcome reason: SystemError: The Sofware list is empty !!!
14:08:01 INFO  
</system-out>
	</testcase>
<testcase classname="PySysTest" name="SoftwareManagement.sm_apt_install_fail" />
</testsuite><testsuite name="SoftwareManagement.sm_apt_install_remove" tests="3" errors="0" failures="1" skipped="1" time="0"><testcase classname="PySysTest" name="SoftwareManagement.sm_apt_install_remove">
		<skipped message="SKIPPED: Testing the apt plugin is not supported on this platform.Use parameter -XmyPlatform='container' to enable it" />
		<system-out>13:41:00 INFO  ==============================================================
13:41:00 INFO  Id:    SoftwareManagement.sm_apt_install_remove
13:41:00 INFO  Dir:   software_management_end_to_end/
13:41:00 INFO  Title: Validate end to end behaviour for the apt plugin for installation and removal of packages
13:41:00 INFO  ==============================================================
13:41:00 INFO  Testing the apt plugin is not supported on this platform.Use parameter -XmyPlatform='container' to enable it ... skipped
13:41:00 WARN  Aborted test due to SKIPPED outcome
13:41:00 INFO  
13:41:00 INFO  Test duration: 0.03 secs
13:41:00 INFO  Test final outcome:  SKIPPED
13:41:00 INFO  Test outcome reason: Testing the apt plugin is not supported on this platform.Use parameter -XmyPlatform='container' to enable it
13:41:00 INFO  
</system-out>
	</testcase>
<testcase classname="PySysTest" name="SoftwareManagement.sm_apt_install_remove">
		<failure message="BLOCKED: SystemError: The Sofware list is empty !!!" type="BLOCKED" />
		<system-out>14:08:01 INFO  ==============================================================
14:08:01 INFO  Id:    SoftwareManagement.sm_apt_install_remove
14:08:01 INFO  Dir:   software_management_end_to_end/
14:08:01 INFO  Title: Validate end to end behaviour for the apt plugin for installation and removal of packages
14:08:01 INFO  ==============================================================
14:08:01 INFO  Using sw id database: {'asciijump': '5475369', 'robotfindskitten': '5474869', 'squirrel3': '5475279', 'rolldice': '5152439', 'moon-buggy': '5439204', 'apple': '5495053', 'banana': '5494888', 'cherry': '5495382', 'watermelon': '5494510', 'registry': '8018911', 'hello-world': '8021526', 'docker/getting-started': '8021973', 'alpine': '7991792'}
14:08:01 INFO  EnvironmentC8y Setup
14:08:01 INFO  Executed systemctl&lt;serv_mapper1&gt;, exit status 3
14:08:01 INFO  Restarting mosquitto too frequently in the last 10 seconds. It was only up for 5 seconds
14:08:01 INFO  Delaying execution by 6 seconds
14:08:22 INFO  Executed sudo&lt;tedge_connect_c8y&gt;, exit status 0, duration 14 secs
14:08:23 INFO  Executed sudo&lt;tedge_connect_c8y_test&gt;, exit status 0
14:08:23 INFO  Executed systemctl&lt;serv_mosq2&gt;, exit status 0
14:08:24 INFO  Executed systemctl&lt;serv_mapper3&gt;, exit status 0
14:08:26 INFO  State of current operation: FAILED
14:08:26 WARN  SystemError occurred while running test - The Sofware list is empty !!!
Traceback (most recent call last):
  File "/home/pi/env-pysys/lib/python3.7/site-packages/pysys/baserunner.py", line 1292, in __call__
    self.testObj.setup()
  File "/home/pi/actions-runner/_work/thin-edge.io/thin-edge.io/tests/PySys/software_management_end_to_end/sm_apt_install_remove/run.py", line 28, in setup
    if self.check_is_installed("rolldice"):
  File "/home/pi/actions-runner/_work/thin-edge.io/thin-edge.io/tests/PySys/software_management_end_to_end/environment_sm_management.py", line 399, in check_is_installed
    raise SystemError("The Sofware list is empty !!!")
SystemError: The Sofware list is empty !!!
14:08:26 WARN  SystemError: The Sofware list is empty !!! ... blocked 
14:08:26 INFO  
14:08:26 INFO  cleanup:
14:08:30 INFO  Executed sudo&lt;tedge_disconnect_c8y&gt;, exit status 0
14:08:31 INFO  Executed systemctl&lt;serv_mapper5&gt;, exit status 3
14:08:31 INFO  
14:08:31 INFO  Test duration: 30.33 secs
14:08:31 INFO  Test final outcome:  BLOCKED
14:08:31 INFO  Test outcome reason: SystemError: The Sofware list is empty !!!
14:08:31 INFO  
</system-out>
	</testcase>
<testcase classname="PySysTest" name="SoftwareManagement.sm_apt_install_remove" />
</testsuite><testsuite name="SoftwareManagement.sm_apt_install_remove_default" tests="3" errors="0" failures="1" skipped="1" time="0"><testcase classname="PySysTest" name="SoftwareManagement.sm_apt_install_remove_default">
		<skipped message="SKIPPED: Testing the apt plugin is not supported on this platform.Use parameter -XmyPlatform='container' to enable it" />
		<system-out>13:41:00 INFO  ==============================================================
13:41:00 INFO  Id:    SoftwareManagement.sm_apt_install_remove_default
13:41:00 INFO  Dir:   software_management_end_to_end/
13:41:00 INFO  Title: Validate end to end behaviour for the default plugin for installation and removal of packages
13:41:00 INFO  ==============================================================
13:41:00 INFO  Testing the apt plugin is not supported on this platform.Use parameter -XmyPlatform='container' to enable it ... skipped
13:41:00 WARN  Aborted test due to SKIPPED outcome
13:41:00 INFO  
13:41:00 INFO  Test duration: 0.05 secs
13:41:00 INFO  Test final outcome:  SKIPPED
13:41:00 INFO  Test outcome reason: Testing the apt plugin is not supported on this platform.Use parameter -XmyPlatform='container' to enable it
13:41:00 INFO  
</system-out>
	</testcase>
<testcase classname="PySysTest" name="SoftwareManagement.sm_apt_install_remove_default">
		<failure message="BLOCKED: SystemError: The Sofware list is empty !!!" type="BLOCKED" />
		<system-out>14:08:31 INFO  ==============================================================
14:08:31 INFO  Id:    SoftwareManagement.sm_apt_install_remove_default
14:08:31 INFO  Dir:   software_management_end_to_end/
14:08:31 INFO  Title: Validate end to end behaviour for the default plugin for installation and removal of packages
14:08:31 INFO  ==============================================================
14:08:31 INFO  Using sw id database: {'asciijump': '5475369', 'robotfindskitten': '5474869', 'squirrel3': '5475279', 'rolldice': '5152439', 'moon-buggy': '5439204', 'apple': '5495053', 'banana': '5494888', 'cherry': '5495382', 'watermelon': '5494510', 'registry': '8018911', 'hello-world': '8021526', 'docker/getting-started': '8021973', 'alpine': '7991792'}
14:08:31 INFO  EnvironmentC8y Setup
14:08:32 INFO  Executed systemctl&lt;serv_mapper1&gt;, exit status 3
14:08:32 INFO  Restarting mosquitto too frequently in the last 10 seconds. It was only up for 5 seconds
14:08:32 INFO  Delaying execution by 6 seconds
14:08:52 INFO  Executed sudo&lt;tedge_connect_c8y&gt;, exit status 0, duration 14 secs
14:08:53 INFO  Executed sudo&lt;tedge_connect_c8y_test&gt;, exit status 0
14:08:54 INFO  Executed systemctl&lt;serv_mosq2&gt;, exit status 0
14:08:54 INFO  Executed systemctl&lt;serv_mapper3&gt;, exit status 0
14:08:56 INFO  State of current operation: FAILED
14:08:57 WARN  SystemError occurred while running test - The Sofware list is empty !!!
Traceback (most recent call last):
  File "/home/pi/env-pysys/lib/python3.7/site-packages/pysys/baserunner.py", line 1292, in __call__
    self.testObj.setup()
  File "/home/pi/actions-runner/_work/thin-edge.io/thin-edge.io/tests/PySys/software_management_end_to_end/sm_apt_install_remove_default/run.py", line 27, in setup
    self.assertThat("False == value", value=self.check_is_installed("rolldice"))
  File "/home/pi/actions-runner/_work/thin-edge.io/thin-edge.io/tests/PySys/software_management_end_to_end/environment_sm_management.py", line 399, in check_is_installed
    raise SystemError("The Sofware list is empty !!!")
SystemError: The Sofware list is empty !!!
14:08:57 WARN  SystemError: The Sofware list is empty !!! ... blocked 
14:08:57 INFO  
14:08:57 INFO  cleanup:
14:09:01 INFO  Executed sudo&lt;tedge_disconnect_c8y&gt;, exit status 0
14:09:01 INFO  Executed systemctl&lt;serv_mapper5&gt;, exit status 3
14:09:01 INFO  
14:09:01 INFO  Test duration: 30.38 secs
14:09:01 INFO  Test final outcome:  BLOCKED
14:09:01 INFO  Test outcome reason: SystemError: The Sofware list is empty !!!
14:09:01 INFO  
</system-out>
	</testcase>
<testcase classname="PySysTest" name="SoftwareManagement.sm_apt_install_remove_default" />
</testsuite><testsuite name="SoftwareManagement.sm_apt_install_remove_multiple" tests="3" errors="0" failures="2" skipped="1" time="0"><testcase classname="PySysTest" name="SoftwareManagement.sm_apt_install_remove_multiple">
		<skipped message="SKIPPED: Testing the apt plugin is not supported on this platform.Use parameter -XmyPlatform='container' to enable it" />
		<system-out>13:41:00 INFO  ==============================================================
13:41:00 INFO  Id:    SoftwareManagement.sm_apt_install_remove_multiple
13:41:00 INFO  Dir:   software_management_end_to_end/
13:41:00 INFO  Title: Validate end to end behaviour for the apt plugin for multiple packages
13:41:00 INFO  ==============================================================
13:41:00 INFO  Testing the apt plugin is not supported on this platform.Use parameter -XmyPlatform='container' to enable it ... skipped
13:41:00 WARN  Aborted test due to SKIPPED outcome
13:41:00 INFO  
13:41:00 INFO  Test duration: 0.03 secs
13:41:00 INFO  Test final outcome:  SKIPPED
13:41:00 INFO  Test outcome reason: Testing the apt plugin is not supported on this platform.Use parameter -XmyPlatform='container' to enable it
13:41:00 INFO  
</system-out>
	</testcase>
<testcase classname="PySysTest" name="SoftwareManagement.sm_apt_install_remove_multiple">
		<failure message="BLOCKED: SystemError: The Sofware list is empty !!!" type="BLOCKED" />
		<system-out>14:09:01 INFO  ==============================================================
14:09:01 INFO  Id:    SoftwareManagement.sm_apt_install_remove_multiple
14:09:01 INFO  Dir:   software_management_end_to_end/
14:09:01 INFO  Title: Validate end to end behaviour for the apt plugin for multiple packages
14:09:01 INFO  ==============================================================
14:09:01 INFO  Using sw id database: {'asciijump': '5475369', 'robotfindskitten': '5474869', 'squirrel3': '5475279', 'rolldice': '5152439', 'moon-buggy': '5439204', 'apple': '5495053', 'banana': '5494888', 'cherry': '5495382', 'watermelon': '5494510', 'registry': '8018911', 'hello-world': '8021526', 'docker/getting-started': '8021973', 'alpine': '7991792'}
14:09:01 INFO  EnvironmentC8y Setup
14:09:02 INFO  Executed systemctl&lt;serv_mapper1&gt;, exit status 3
14:09:02 INFO  Restarting mosquitto too frequently in the last 10 seconds. It was only up for 4 seconds
14:09:02 INFO  Delaying execution by 7 seconds
14:09:24 INFO  Executed sudo&lt;tedge_connect_c8y&gt;, exit status 0, duration 14 secs
14:09:25 INFO  Executed sudo&lt;tedge_connect_c8y_test&gt;, exit status 0
14:09:25 INFO  Executed systemctl&lt;serv_mosq2&gt;, exit status 0
14:09:26 INFO  Executed systemctl&lt;serv_mapper3&gt;, exit status 0
14:09:28 INFO  State of current operation: FAILED
14:09:28 WARN  SystemError occurred while running test - The Sofware list is empty !!!
Traceback (most recent call last):
  File "/home/pi/env-pysys/lib/python3.7/site-packages/pysys/baserunner.py", line 1292, in __call__
    self.testObj.setup()
  File "/home/pi/actions-runner/_work/thin-edge.io/thin-edge.io/tests/PySys/software_management_end_to_end/sm_apt_install_remove_multiple/run.py", line 54, in setup
    self.assertThat("False == value", value=self.check_is_installed("rolldice"))
  File "/home/pi/actions-runner/_work/thin-edge.io/thin-edge.io/tests/PySys/software_management_end_to_end/environment_sm_management.py", line 399, in check_is_installed
    raise SystemError("The Sofware list is empty !!!")
SystemError: The Sofware list is empty !!!
14:09:28 WARN  SystemError: The Sofware list is empty !!! ... blocked 
14:09:28 INFO  
14:09:28 INFO  cleanup:
14:09:32 INFO  Executed sudo&lt;tedge_disconnect_c8y&gt;, exit status 0
14:09:33 INFO  Executed systemctl&lt;serv_mapper5&gt;, exit status 3
14:09:33 INFO  
14:09:33 INFO  Test duration: 31.63 secs
14:09:33 INFO  Test final outcome:  BLOCKED
14:09:33 INFO  Test outcome reason: SystemError: The Sofware list is empty !!!
14:09:33 INFO  
</system-out>
	</testcase>
<testcase classname="PySysTest" name="SoftwareManagement.sm_apt_install_remove_multiple">
		<failure message="FAILED: Assert that (False == value) with value=True" type="FAILED" />
		<system-out>14:25:15 INFO  ==============================================================
14:25:15 INFO  Id:    SoftwareManagement.sm_apt_install_remove_multiple
14:25:15 INFO  Dir:   software_management_end_to_end/
14:25:15 INFO  Title: Validate end to end behaviour for the apt plugin for multiple packages
14:25:15 INFO  ==============================================================
14:25:15 INFO  Using sw id database: {'asciijump': '5475369', 'robotfindskitten': '5474869', 'squirrel3': '5475279', 'rolldice': '5152439', 'moon-buggy': '5439204', 'apple': '5495053', 'banana': '5494888', 'cherry': '5495382', 'watermelon': '5494510', 'registry': '8018911', 'hello-world': '8021526', 'docker/getting-started': '8021973', 'alpine': '7991792'}
14:25:15 INFO  EnvironmentC8y Setup
14:25:16 INFO  Executed systemctl&lt;serv_mapper1&gt;, exit status 3
14:25:16 INFO  Restarting mosquitto too frequently in the last 10 seconds. It was only up for 5 seconds
14:25:16 INFO  Delaying execution by 6 seconds
14:25:37 INFO  Executed sudo&lt;tedge_connect_c8y&gt;, exit status 0, duration 14 secs
14:25:37 INFO  Executed sudo&lt;tedge_connect_c8y_test&gt;, exit status 0
14:25:38 INFO  Executed systemctl&lt;serv_mosq2&gt;, exit status 0
14:25:38 INFO  Executed systemctl&lt;serv_mapper3&gt;, exit status 0
14:25:40 INFO  State of current operation: SUCCESSFUL
14:25:41 INFO  Assert that (False == value) with value=False ... passed
14:25:41 INFO  Assert that (False == value) with value=False ... passed
14:25:41 INFO  Assert that (False == value) with value=False ... passed
14:25:42 INFO  Package robotfindskitten is installed
14:25:42 WARN  Assert that (False == value) with value=True ... failed 
14:25:42 INFO  Response status: 201
14:25:42 INFO  Response to action: {
    "creationTime": "2022-04-19T14:25:42.546Z",
    "deviceName": "mythica",
    "deviceId": "17465677",
    "self": "https://t493319102.eu-latest.cumulocity.com/devicecontrol/operations/17475375",
    "id": "17475375",
    "status": "PENDING",
    "description": "Apply software changes, triggered from PySys: [{'action': 'install', 'id': '5475369', 'name': 'asciijump', 'url': ' ', 'version': '::apt'}, {'action': 'install', 'id': '5474869', 'name': 'robotfindskitten', 'url': ' ', 'version': '::apt'}, {'action': 'install', 'id': '5475279', 'name': 'squirrel3', 'url': ' ', 'version': '::apt'}]",
    "c8y_SoftwareUpdate": [
        {
            "name": "asciijump",
            "action": "install",
            "id": "5475369",
            "version": "::apt",
            "url": " "
        },
        {
            "name": "robotfindskitten",
            "action": "install",
            "id": "5474869",
            "version": "::apt",
            "url": " "
        },
        {
            "name": "squirrel3",
            "action": "install",
            "id": "5475279",
            "version": "::apt",
            "url": " "
        }
    ]
}
14:25:42 INFO  Started operation: {'creationTime': '2022-04-19T14:25:42.546Z', 'deviceName': 'mythica', 'deviceId': '17465677', 'self': 'https://t493319102.eu-latest.cumulocity.com/devicecontrol/operations/17475375', 'id': '17475375', 'status': 'PENDING', 'description': "Apply software changes, triggered from PySys: [{'action': 'install', 'id': '5475369', 'name': 'asciijump', 'url': ' ', 'version': '::apt'}, {'action': 'install', 'id': '5474869', 'name': 'robotfindskitten', 'url': ' ', 'version': '::apt'}, {'action': 'install', 'id': '5475279', 'name': 'squirrel3', 'url': ' ', 'version': '::apt'}]", 'c8y_SoftwareUpdate': [{'name': 'asciijump', 'action': 'install', 'id': '5475369', 'version': '::apt', 'url': ' '}, {'name': 'robotfindskitten', 'action': 'install', 'id': '5474869', 'version': '::apt', 'url': ' '}, {'name': 'squirrel3', 'action': 'install', 'id': '5475279', 'version': '::apt', 'url': ' '}]}
14:25:44 INFO  State of operation 17475375 : PENDING
14:25:47 INFO  State of operation 17475375 : EXECUTING
14:25:49 INFO  State of operation 17475375 : EXECUTING
14:25:51 INFO  State of operation 17475375 : EXECUTING
14:25:53 INFO  State of operation 17475375 : EXECUTING
14:25:55 INFO  State of operation 17475375 : EXECUTING
14:25:58 INFO  State of operation 17475375 : EXECUTING
14:26:01 INFO  State of operation 17475375 : EXECUTING
14:26:03 INFO  State of operation 17475375 : EXECUTING
14:26:06 INFO  State of operation 17475375 : EXECUTING
14:26:08 INFO  State of operation 17475375 : EXECUTING
14:26:11 INFO  State of operation 17475375 : EXECUTING
14:26:13 INFO  State of operation 17475375 : EXECUTING
14:26:15 INFO  State of operation 17475375 : EXECUTING
14:26:17 INFO  State of operation 17475375 : EXECUTING
14:26:20 INFO  State of operation 17475375 : EXECUTING
14:26:22 INFO  State of operation 17475375 : EXECUTING
14:26:24 INFO  State of operation 17475375 : EXECUTING
14:26:27 INFO  State of operation 17475375 : EXECUTING
14:26:29 INFO  State of operation 17475375 : EXECUTING
14:26:31 INFO  State of operation 17475375 : EXECUTING
14:26:34 INFO  State of operation 17475375 : EXECUTING
14:26:36 INFO  State of operation 17475375 : EXECUTING
14:26:39 INFO  State of operation 17475375 : EXECUTING
14:26:41 INFO  State of operation 17475375 : EXECUTING
14:26:43 INFO  State of operation 17475375 : EXECUTING
14:26:46 INFO  State of operation 17475375 : EXECUTING
14:26:48 INFO  State of operation 17475375 : EXECUTING
14:26:50 INFO  State of operation 17475375 : EXECUTING
14:26:52 INFO  State of operation 17475375 : EXECUTING
14:26:55 INFO  State of operation 17475375 : EXECUTING
14:26:57 INFO  State of operation 17475375 : EXECUTING
14:26:59 INFO  State of operation 17475375 : EXECUTING
14:27:01 INFO  State of operation 17475375 : EXECUTING
14:27:04 INFO  State of operation 17475375 : EXECUTING
14:27:06 INFO  State of operation 17475375 : EXECUTING
14:27:08 INFO  State of operation 17475375 : SUCCESSFUL
14:27:08 INFO  Assert that (False == value) with value=False ... passed
14:27:09 INFO  Package asciijump is installed
14:27:09 INFO  Assert that (True == value) with value=True ... passed
14:27:09 INFO  Package squirrel3 is installed
14:27:09 INFO  Assert that (True == value) with value=True ... passed
14:27:09 INFO  Package robotfindskitten is installed
14:27:09 INFO  Assert that (True == value) with value=True ... passed
14:27:09 INFO  Response status: 201
14:27:09 INFO  Response to action: {
    "creationTime": "2022-04-19T14:27:09.782Z",
    "deviceName": "mythica",
    "deviceId": "17465677",
    "self": "https://t493319102.eu-latest.cumulocity.com/devicecontrol/operations/17475378",
    "id": "17475378",
    "status": "PENDING",
    "description": "Apply software changes, triggered from PySys: [{'action': 'delete', 'id': '5475369', 'name': 'asciijump', 'url': ' ', 'version': '::apt'}, {'action': 'delete', 'id': '5474869', 'name': 'robotfindskitten', 'url': ' ', 'version': '::apt'}, {'action': 'delete', 'id': '5475279', 'name': 'squirrel3', 'url': ' ', 'version': '::apt'}]",
    "c8y_SoftwareUpdate": [
        {
            "name": "asciijump",
            "action": "delete",
            "id": "5475369",
            "version": "::apt",
            "url": " "
        },
        {
            "name": "robotfindskitten",
            "action": "delete",
            "id": "5474869",
            "version": "::apt",
            "url": " "
        },
        {
            "name": "squirrel3",
            "action": "delete",
            "id": "5475279",
            "version": "::apt",
            "url": " "
        }
    ]
}
14:27:09 INFO  Started operation: {'creationTime': '2022-04-19T14:27:09.782Z', 'deviceName': 'mythica', 'deviceId': '17465677', 'self': 'https://t493319102.eu-latest.cumulocity.com/devicecontrol/operations/17475378', 'id': '17475378', 'status': 'PENDING', 'description': "Apply software changes, triggered from PySys: [{'action': 'delete', 'id': '5475369', 'name': 'asciijump', 'url': ' ', 'version': '::apt'}, {'action': 'delete', 'id': '5474869', 'name': 'robotfindskitten', 'url': ' ', 'version': '::apt'}, {'action': 'delete', 'id': '5475279', 'name': 'squirrel3', 'url': ' ', 'version': '::apt'}]", 'c8y_SoftwareUpdate': [{'name': 'asciijump', 'action': 'delete', 'id': '5475369', 'version': '::apt', 'url': ' '}, {'name': 'robotfindskitten', 'action': 'delete', 'id': '5474869', 'version': '::apt', 'url': ' '}, {'name': 'squirrel3', 'action': 'delete', 'id': '5475279', 'version': '::apt', 'url': ' '}]}
14:27:12 INFO  State of operation 17475378 : PENDING
14:27:14 INFO  State of operation 17475378 : EXECUTING
14:27:16 INFO  State of operation 17475378 : EXECUTING
14:27:18 INFO  State of operation 17475378 : EXECUTING
14:27:20 INFO  State of operation 17475378 : EXECUTING
14:27:23 INFO  State of operation 17475378 : EXECUTING
14:27:25 INFO  State of operation 17475378 : EXECUTING
14:27:28 INFO  State of operation 17475378 : EXECUTING
14:27:30 INFO  State of operation 17475378 : EXECUTING
14:27:33 INFO  State of operation 17475378 : EXECUTING
14:27:35 INFO  State of operation 17475378 : EXECUTING
14:27:37 INFO  State of operation 17475378 : EXECUTING
14:27:40 INFO  State of operation 17475378 : EXECUTING
14:27:42 INFO  State of operation 17475378 : EXECUTING
14:27:44 INFO  State of operation 17475378 : EXECUTING
14:27:46 INFO  State of operation 17475378 : EXECUTING
14:27:49 INFO  State of operation 17475378 : EXECUTING
14:27:52 INFO  State of operation 17475378 : EXECUTING
14:27:54 INFO  State of operation 17475378 : EXECUTING
14:27:56 INFO  State of operation 17475378 : EXECUTING
14:27:58 INFO  State of operation 17475378 : EXECUTING
14:28:01 INFO  State of operation 17475378 : EXECUTING
14:28:03 INFO  State of operation 17475378 : EXECUTING
14:28:05 INFO  State of operation 17475378 : EXECUTING
14:28:08 INFO  State of operation 17475378 : EXECUTING
14:28:10 INFO  State of operation 17475378 : EXECUTING
14:28:13 INFO  State of operation 17475378 : EXECUTING
14:28:15 INFO  State of operation 17475378 : EXECUTING
14:28:17 INFO  State of operation 17475378 : SUCCESSFUL
14:28:17 INFO  Assert that (False == value) with value=False ... passed
14:28:18 INFO  Assert that (False == value) with value=False ... passed
14:28:18 INFO  Assert that (False == value) with value=False ... passed
14:28:18 INFO  Assert that (False == value) with value=False ... passed
14:28:18 INFO  
14:28:18 INFO  cleanup:
14:28:22 INFO  Executed sudo&lt;tedge_disconnect_c8y&gt;, exit status 0
14:28:23 INFO  Executed systemctl&lt;serv_mapper5&gt;, exit status 3
14:28:23 INFO  
14:28:23 INFO  Test duration: 187.70 secs
14:28:23 INFO  Test final outcome:  FAILED
14:28:23 INFO  Test outcome reason: Assert that (False == value) with value=True
14:28:23 INFO  
</system-out>
	</testcase>
</testsuite><testsuite name="SoftwareManagement.sm_apt_install_remove_multiple_mixed" tests="3" errors="0" failures="2" skipped="1" time="0"><testcase classname="PySysTest" name="SoftwareManagement.sm_apt_install_remove_multiple_mixed">
		<skipped message="SKIPPED: Testing the apt plugin is not supported on this platform.Use parameter -XmyPlatform='container' to enable it" />
		<system-out>13:41:00 INFO  ==============================================================
13:41:00 INFO  Id:    SoftwareManagement.sm_apt_install_remove_multiple_mixed
13:41:00 INFO  Dir:   software_management_end_to_end/
13:41:00 INFO  Title: Validate end to end behaviour for the apt plugin for multiple packages with mixed versions
13:41:00 INFO  ==============================================================
13:41:00 INFO  Testing the apt plugin is not supported on this platform.Use parameter -XmyPlatform='container' to enable it ... skipped
13:41:00 WARN  Aborted test due to SKIPPED outcome
13:41:00 INFO  
13:41:00 INFO  Test duration: 0.03 secs
13:41:00 INFO  Test final outcome:  SKIPPED
13:41:00 INFO  Test outcome reason: Testing the apt plugin is not supported on this platform.Use parameter -XmyPlatform='container' to enable it
13:41:00 INFO  
</system-out>
	</testcase>
<testcase classname="PySysTest" name="SoftwareManagement.sm_apt_install_remove_multiple_mixed">
		<failure message="BLOCKED: SystemError: The Sofware list is empty !!!" type="BLOCKED" />
		<system-out>14:09:33 INFO  ==============================================================
14:09:33 INFO  Id:    SoftwareManagement.sm_apt_install_remove_multiple_mixed
14:09:33 INFO  Dir:   software_management_end_to_end/
14:09:33 INFO  Title: Validate end to end behaviour for the apt plugin for multiple packages with mixed versions
14:09:33 INFO  ==============================================================
14:09:33 INFO  Using sw id database: {'asciijump': '5475369', 'robotfindskitten': '5474869', 'squirrel3': '5475279', 'rolldice': '5152439', 'moon-buggy': '5439204', 'apple': '5495053', 'banana': '5494888', 'cherry': '5495382', 'watermelon': '5494510', 'registry': '8018911', 'hello-world': '8021526', 'docker/getting-started': '8021973', 'alpine': '7991792'}
14:09:33 INFO  EnvironmentC8y Setup
14:09:34 INFO  Executed systemctl&lt;serv_mapper1&gt;, exit status 3
14:09:34 INFO  Restarting mosquitto too frequently in the last 10 seconds. It was only up for 5 seconds
14:09:34 INFO  Delaying execution by 6 seconds
14:09:54 INFO  Executed sudo&lt;tedge_connect_c8y&gt;, exit status 0, duration 14 secs
14:09:55 INFO  Executed sudo&lt;tedge_connect_c8y_test&gt;, exit status 0
14:09:56 INFO  Executed systemctl&lt;serv_mosq2&gt;, exit status 0
14:09:56 INFO  Executed systemctl&lt;serv_mapper3&gt;, exit status 0
14:09:58 INFO  State of current operation: FAILED
14:09:59 WARN  SystemError occurred while running test - The Sofware list is empty !!!
Traceback (most recent call last):
  File "/home/pi/env-pysys/lib/python3.7/site-packages/pysys/baserunner.py", line 1292, in __call__
    self.testObj.setup()
  File "/home/pi/actions-runner/_work/thin-edge.io/thin-edge.io/tests/PySys/software_management_end_to_end/sm_apt_install_remove_multiple_mixed/run.py", line 75, in setup
    self.assertThat("False == value", value=self.check_is_installed("asciijump"))
  File "/home/pi/actions-runner/_work/thin-edge.io/thin-edge.io/tests/PySys/software_management_end_to_end/environment_sm_management.py", line 399, in check_is_installed
    raise SystemError("The Sofware list is empty !!!")
SystemError: The Sofware list is empty !!!
14:09:59 WARN  SystemError: The Sofware list is empty !!! ... blocked 
14:09:59 INFO  
14:09:59 INFO  cleanup:
14:10:03 INFO  Executed sudo&lt;tedge_disconnect_c8y&gt;, exit status 0
14:10:04 INFO  Executed systemctl&lt;serv_mapper5&gt;, exit status 3
14:10:04 INFO  
14:10:04 INFO  Test duration: 30.68 secs
14:10:04 INFO  Test final outcome:  BLOCKED
14:10:04 INFO  Test outcome reason: SystemError: The Sofware list is empty !!!
14:10:04 INFO  
</system-out>
	</testcase>
<testcase classname="PySysTest" name="SoftwareManagement.sm_apt_install_remove_multiple_mixed">
		<failure message="BLOCKED: SystemError: Timeout while waiting for status SUCCESSFUL or False" type="BLOCKED" />
		<system-out>14:28:23 INFO  ==============================================================
14:28:23 INFO  Id:    SoftwareManagement.sm_apt_install_remove_multiple_mixed
14:28:23 INFO  Dir:   software_management_end_to_end/
14:28:23 INFO  Title: Validate end to end behaviour for the apt plugin for multiple packages with mixed versions
14:28:23 INFO  ==============================================================
14:28:23 INFO  Using sw id database: {'asciijump': '5475369', 'robotfindskitten': '5474869', 'squirrel3': '5475279', 'rolldice': '5152439', 'moon-buggy': '5439204', 'apple': '5495053', 'banana': '5494888', 'cherry': '5495382', 'watermelon': '5494510', 'registry': '8018911', 'hello-world': '8021526', 'docker/getting-started': '8021973', 'alpine': '7991792'}
14:28:23 INFO  EnvironmentC8y Setup
14:28:24 INFO  Executed systemctl&lt;serv_mapper1&gt;, exit status 3
14:28:24 INFO  Restarting mosquitto too frequently in the last 10 seconds. It was only up for 5 seconds
14:28:24 INFO  Delaying execution by 6 seconds
14:28:45 INFO  Executed sudo&lt;tedge_connect_c8y&gt;, exit status 0, duration 14 secs
14:28:45 INFO  Executed sudo&lt;tedge_connect_c8y_test&gt;, exit status 0
14:28:46 INFO  Executed systemctl&lt;serv_mosq2&gt;, exit status 0
14:28:46 INFO  Executed systemctl&lt;serv_mapper3&gt;, exit status 0
14:28:49 INFO  State of current operation: SUCCESSFUL
14:28:49 INFO  Assert that (False == value) with value=False ... passed
14:28:49 INFO  Assert that (False == value) with value=False ... passed
14:28:49 INFO  Assert that (False == value) with value=False ... passed
14:28:49 INFO  Assert that (False == value) with value=False ... passed
14:28:50 INFO  Assert that (False == value) with value=False ... passed
14:28:51 INFO  Response status: 201
14:28:51 INFO  Response to action: {
    "creationTime": "2022-04-19T14:28:51.345Z",
    "deviceName": "mythica",
    "deviceId": "17465677",
    "self": "https://t493319102.eu-latest.cumulocity.com/devicecontrol/operations/17475384",
    "id": "17475384",
    "status": "PENDING",
    "description": "Apply software changes, triggered from PySys: [{'action': 'install', 'id': '5475369', 'name': 'asciijump', 'url': ' ', 'version': '::apt'}, {'action': 'install', 'id': '5474869', 'name': 'robotfindskitten', 'url': ' ', 'version': ' '}, {'action': 'install', 'id': '5475279', 'name': 'squirrel3', 'url': ' ', 'version': '3.1-7::apt'}, {'action': 'install', 'id': '5152439', 'name': 'rolldice', 'url': ' ', 'version': '1.16-1+b1'}, {'action': 'install', 'id': '5439204', 'name': 'moon-buggy', 'url': ' ', 'version': '1:1.0.51-12'}, {'action': 'install', 'id': '5475369', 'name': 'asciijump', 'url': ' ', 'version': '::apt'}]",
    "c8y_SoftwareUpdate": [
        {
            "name": "asciijump",
            "action": "install",
            "id": "5475369",
            "version": "::apt",
            "url": " "
        },
        {
            "name": "robotfindskitten",
            "action": "install",
            "id": "5474869",
            "version": " ",
            "url": " "
        },
        {
            "name": "squirrel3",
            "action": "install",
            "id": "5475279",
            "version": "3.1-7::apt",
            "url": " "
        },
        {
            "name": "rolldice",
            "action": "install",
            "id": "5152439",
            "version": "1.16-1+b1",
            "url": " "
        },
        {
            "name": "moon-buggy",
            "action": "install",
            "id": "5439204",
            "version": "1:1.0.51-12",
            "url": " "
        },
        {
            "name": "asciijump",
            "action": "install",
            "id": "5475369",
            "version": "::apt",
            "url": " "
        }
    ]
}
14:28:51 INFO  Started operation: {'creationTime': '2022-04-19T14:28:51.345Z', 'deviceName': 'mythica', 'deviceId': '17465677', 'self': 'https://t493319102.eu-latest.cumulocity.com/devicecontrol/operations/17475384', 'id': '17475384', 'status': 'PENDING', 'description': "Apply software changes, triggered from PySys: [{'action': 'install', 'id': '5475369', 'name': 'asciijump', 'url': ' ', 'version': '::apt'}, {'action': 'install', 'id': '5474869', 'name': 'robotfindskitten', 'url': ' ', 'version': ' '}, {'action': 'install', 'id': '5475279', 'name': 'squirrel3', 'url': ' ', 'version': '3.1-7::apt'}, {'action': 'install', 'id': '5152439', 'name': 'rolldice', 'url': ' ', 'version': '1.16-1+b1'}, {'action': 'install', 'id': '5439204', 'name': 'moon-buggy', 'url': ' ', 'version': '1:1.0.51-12'}, {'action': 'install', 'id': '5475369', 'name': 'asciijump', 'url': ' ', 'version': '::apt'}]", 'c8y_SoftwareUpdate': [{'name': 'asciijump', 'action': 'install', 'id': '5475369', 'version': '::apt', 'url': ' '}, {'name': 'robotfindskitten', 'action': 'install', 'id': '5474869', 'version': ' ', 'url': ' '}, {'name': 'squirrel3', 'action': 'install', 'id': '5475279', 'version': '3.1-7::apt', 'url': ' '}, {'name': 'rolldice', 'action': 'install', 'id': '5152439', 'version': '1.16-1+b1', 'url': ' '}, {'name': 'moon-buggy', 'action': 'install', 'id': '5439204', 'version': '1:1.0.51-12', 'url': ' '}, {'name': 'asciijump', 'action': 'install', 'id': '5475369', 'version': '::apt', 'url': ' '}]}
14:28:53 INFO  State of operation 17475384 : PENDING
14:28:55 INFO  State of operation 17475384 : EXECUTING
14:28:58 INFO  State of operation 17475384 : EXECUTING
14:29:00 INFO  State of operation 17475384 : EXECUTING
14:29:02 INFO  State of operation 17475384 : EXECUTING
14:29:04 INFO  State of operation 17475384 : EXECUTING
14:29:08 INFO  State of operation 17475384 : EXECUTING
14:29:11 INFO  State of operation 17475384 : EXECUTING
14:29:13 INFO  State of operation 17475384 : EXECUTING
14:29:15 INFO  State of operation 17475384 : EXECUTING
14:29:18 INFO  State of operation 17475384 : EXECUTING
14:29:20 INFO  State of operation 17475384 : EXECUTING
14:29:22 INFO  State of operation 17475384 : EXECUTING
14:29:24 INFO  State of operation 17475384 : EXECUTING
14:29:27 INFO  State of operation 17475384 : EXECUTING
14:29:29 INFO  State of operation 17475384 : EXECUTING
14:29:32 INFO  State of operation 17475384 : EXECUTING
14:29:34 INFO  State of operation 17475384 : EXECUTING
14:29:36 INFO  State of operation 17475384 : EXECUTING
14:29:39 INFO  State of operation 17475384 : EXECUTING
14:29:41 INFO  State of operation 17475384 : EXECUTING
14:29:43 INFO  State of operation 17475384 : EXECUTING
14:29:46 INFO  State of operation 17475384 : EXECUTING
14:29:48 INFO  State of operation 17475384 : EXECUTING
14:29:51 INFO  State of operation 17475384 : EXECUTING
14:29:53 INFO  State of operation 17475384 : EXECUTING
14:29:56 INFO  State of operation 17475384 : EXECUTING
14:29:58 INFO  State of operation 17475384 : EXECUTING
14:30:00 INFO  State of operation 17475384 : EXECUTING
14:30:03 INFO  State of operation 17475384 : EXECUTING
14:30:05 INFO  State of operation 17475384 : EXECUTING
14:30:07 INFO  State of operation 17475384 : EXECUTING
14:30:10 INFO  State of operation 17475384 : EXECUTING
14:30:12 INFO  State of operation 17475384 : EXECUTING
14:30:14 INFO  State of operation 17475384 : EXECUTING
14:30:16 INFO  State of operation 17475384 : EXECUTING
14:30:19 INFO  State of operation 17475384 : EXECUTING
14:30:21 INFO  State of operation 17475384 : EXECUTING
14:30:23 INFO  State of operation 17475384 : EXECUTING
14:30:26 INFO  State of operation 17475384 : EXECUTING
14:30:28 INFO  State of operation 17475384 : EXECUTING
14:30:31 INFO  State of operation 17475384 : EXECUTING
14:30:33 INFO  State of operation 17475384 : EXECUTING
14:30:35 INFO  State of operation 17475384 : EXECUTING
14:30:38 INFO  State of operation 17475384 : EXECUTING
14:30:40 INFO  State of operation 17475384 : EXECUTING
14:30:42 INFO  State of operation 17475384 : EXECUTING
14:30:44 INFO  State of operation 17475384 : EXECUTING
14:30:47 INFO  State of operation 17475384 : EXECUTING
14:30:49 INFO  State of operation 17475384 : EXECUTING
14:30:52 INFO  State of operation 17475384 : EXECUTING
14:30:54 INFO  State of operation 17475384 : EXECUTING
14:30:56 INFO  State of operation 17475384 : EXECUTING
14:30:59 INFO  State of operation 17475384 : EXECUTING
14:31:01 INFO  State of operation 17475384 : EXECUTING
14:31:04 INFO  State of operation 17475384 : EXECUTING
14:31:06 INFO  State of operation 17475384 : EXECUTING
14:31:09 INFO  State of operation 17475384 : EXECUTING
14:31:12 INFO  State of operation 17475384 : EXECUTING
14:31:14 INFO  State of operation 17475384 : EXECUTING
14:31:16 INFO  State of operation 17475384 : EXECUTING
14:31:18 WARN  SystemError occurred while running test - Timeout while waiting for status SUCCESSFUL or False
Traceback (most recent call last):
  File "/home/pi/env-pysys/lib/python3.7/site-packages/pysys/baserunner.py", line 1294, in __call__
    self.testObj.execute()
  File "/home/pi/actions-runner/_work/thin-edge.io/thin-edge.io/tests/PySys/software_management_end_to_end/sm_apt_install_remove_multiple_mixed/run.py", line 89, in execute
    self.wait_until_succcess()
  File "/home/pi/actions-runner/_work/thin-edge.io/thin-edge.io/tests/PySys/software_management_end_to_end/environment_sm_management.py", line 324, in wait_until_succcess
    self.wait_until_status("SUCCESSFUL")
  File "/home/pi/actions-runner/_work/thin-edge.io/thin-edge.io/tests/PySys/software_management_end_to_end/environment_sm_management.py", line 381, in wait_until_status
    "Timeout while waiting for status %s or %s" % (status, status2)
SystemError: Timeout while waiting for status SUCCESSFUL or False
14:31:18 WARN  SystemError: Timeout while waiting for status SUCCESSFUL or False ... blocked 
14:31:18 INFO  
14:31:18 INFO  cleanup:
14:31:23 INFO  Executed sudo&lt;tedge_disconnect_c8y&gt;, exit status 0
14:31:23 INFO  Executed systemctl&lt;serv_mapper5&gt;, exit status 3
14:31:24 INFO  
14:31:24 INFO  Test duration: 180.52 secs
14:31:24 INFO  Test final outcome:  BLOCKED
14:31:24 INFO  Test outcome reason: SystemError: Timeout while waiting for status SUCCESSFUL or False
14:31:24 INFO  
</system-out>
	</testcase>
</testsuite><testsuite name="SoftwareManagement.sm_apt_install_remove_with_version" tests="3" errors="0" failures="1" skipped="1" time="0"><testcase classname="PySysTest" name="SoftwareManagement.sm_apt_install_remove_with_version">
		<skipped message="SKIPPED: Testing the apt plugin is not supported on this platform.Use parameter -XmyPlatform='container' to enable it" />
		<system-out>13:41:00 INFO  ==============================================================
13:41:00 INFO  Id:    SoftwareManagement.sm_apt_install_remove_with_version
13:41:00 INFO  Dir:   software_management_end_to_end/
13:41:00 INFO  Title: Validate end to end behaviour for the apt plugin for packages with version
13:41:00 INFO  ==============================================================
13:41:00 INFO  Testing the apt plugin is not supported on this platform.Use parameter -XmyPlatform='container' to enable it ... skipped
13:41:00 WARN  Aborted test due to SKIPPED outcome
13:41:00 INFO  
13:41:00 INFO  Test duration: 0.02 secs
13:41:00 INFO  Test final outcome:  SKIPPED
13:41:00 INFO  Test outcome reason: Testing the apt plugin is not supported on this platform.Use parameter -XmyPlatform='container' to enable it
13:41:00 INFO  
</system-out>
	</testcase>
<testcase classname="PySysTest" name="SoftwareManagement.sm_apt_install_remove_with_version">
		<failure message="BLOCKED: SystemError: The Sofware list is empty !!!" type="BLOCKED" />
		<system-out>14:10:04 INFO  ==============================================================
14:10:04 INFO  Id:    SoftwareManagement.sm_apt_install_remove_with_version
14:10:04 INFO  Dir:   software_management_end_to_end/
14:10:04 INFO  Title: Validate end to end behaviour for the apt plugin for packages with version
14:10:04 INFO  ==============================================================
14:10:04 INFO  Using sw id database: {'asciijump': '5475369', 'robotfindskitten': '5474869', 'squirrel3': '5475279', 'rolldice': '5152439', 'moon-buggy': '5439204', 'apple': '5495053', 'banana': '5494888', 'cherry': '5495382', 'watermelon': '5494510', 'registry': '8018911', 'hello-world': '8021526', 'docker/getting-started': '8021973', 'alpine': '7991792'}
14:10:04 INFO  EnvironmentC8y Setup
14:10:05 INFO  Executed systemctl&lt;serv_mapper1&gt;, exit status 3
14:10:05 INFO  Restarting mosquitto too frequently in the last 10 seconds. It was only up for 5 seconds
14:10:05 INFO  Delaying execution by 6 seconds
14:10:26 INFO  Executed sudo&lt;tedge_connect_c8y&gt;, exit status 0, duration 14 secs
14:10:26 INFO  Executed sudo&lt;tedge_connect_c8y_test&gt;, exit status 0
14:10:27 INFO  Executed systemctl&lt;serv_mosq2&gt;, exit status 0
14:10:27 INFO  Executed systemctl&lt;serv_mapper3&gt;, exit status 0
14:10:29 INFO  State of current operation: FAILED
14:10:30 WARN  SystemError occurred while running test - The Sofware list is empty !!!
Traceback (most recent call last):
  File "/home/pi/env-pysys/lib/python3.7/site-packages/pysys/baserunner.py", line 1292, in __call__
    self.testObj.setup()
  File "/home/pi/actions-runner/_work/thin-edge.io/thin-edge.io/tests/PySys/software_management_end_to_end/sm_apt_install_remove_with_version/run.py", line 29, in setup
    self.assertThat("False == value", value=self.check_is_installed("rolldice"))
  File "/home/pi/actions-runner/_work/thin-edge.io/thin-edge.io/tests/PySys/software_management_end_to_end/environment_sm_management.py", line 399, in check_is_installed
    raise SystemError("The Sofware list is empty !!!")
SystemError: The Sofware list is empty !!!
14:10:30 WARN  SystemError: The Sofware list is empty !!! ... blocked 
14:10:30 INFO  
14:10:30 INFO  cleanup:
14:10:34 INFO  Executed sudo&lt;tedge_disconnect_c8y&gt;, exit status 0
14:10:35 INFO  Executed systemctl&lt;serv_mapper5&gt;, exit status 3
14:10:35 INFO  
14:10:35 INFO  Test duration: 30.81 secs
14:10:35 INFO  Test final outcome:  BLOCKED
14:10:35 INFO  Test outcome reason: SystemError: The Sofware list is empty !!!
14:10:35 INFO  
</system-out>
	</testcase>
<testcase classname="PySysTest" name="SoftwareManagement.sm_apt_install_remove_with_version" />
</testsuite><testsuite name="SoftwareManagement.sm_docker_install_remove_multiple" tests="3" errors="0" failures="0" skipped="1" time="0"><testcase classname="SMDockerInstallRemove" name="SoftwareManagement.sm_docker_install_remove_multiple">
		<skipped message="SKIPPED: Testing the apt plugin is not supported on this platform.Use parameter -XmyPlatform='container' to enable it" />
		<system-out>13:41:00 INFO  ==============================================================
13:41:00 INFO  Id:    SoftwareManagement.sm_docker_install_remove_multiple
13:41:00 INFO  Dir:   software_management_end_to_end/
13:41:00 INFO  Title: Validate end to end behaviour for the docker plugin for multiple docker images with mixed versions
13:41:00 INFO  ==============================================================
13:41:00 INFO  Testing the apt plugin is not supported on this platform.Use parameter -XmyPlatform='container' to enable it ... skipped
13:41:00 WARN  Aborted test due to SKIPPED outcome
13:41:00 INFO  
13:41:00 INFO  Test duration: 0.03 secs
13:41:00 INFO  Test final outcome:  SKIPPED
13:41:00 INFO  Test outcome reason: Testing the apt plugin is not supported on this platform.Use parameter -XmyPlatform='container' to enable it
13:41:00 INFO  
</system-out>
	</testcase>
<testcase classname="SMDockerInstallRemove" name="SoftwareManagement.sm_docker_install_remove_multiple" />
<testcase classname="SMDockerInstallRemove" name="SoftwareManagement.sm_docker_install_remove_multiple" />
</testsuite><testsuite name="SoftwareManagement.sm_fake_install_remove" tests="2" errors="0" failures="0" skipped="1" time="0"><testcase classname="PySysTest" name="SoftwareManagement.sm_fake_install_remove">
		<skipped message="SKIPPED: Testing the fake plugin is not enabled.Use parameter -Xfakeplugin=fakeplugin to enable it" />
		<system-out>13:41:00 INFO  ==============================================================
13:41:00 INFO  Id:    SoftwareManagement.sm_fake_install_remove
13:41:00 INFO  Dir:   software_management_end_to_end/
13:41:00 INFO  Title: Validate end to end behaviour for the dummy plugin for installation and removal of packages
13:41:00 INFO  ==============================================================
13:41:00 INFO  Testing the fake plugin is not enabled.Use parameter -Xfakeplugin=fakeplugin to enable it ... skipped
13:41:00 WARN  Aborted test due to SKIPPED outcome
13:41:00 INFO  
13:41:00 INFO  Test duration: 0.03 secs
13:41:00 INFO  Test final outcome:  SKIPPED
13:41:00 INFO  Test outcome reason: Testing the fake plugin is not enabled.Use parameter -Xfakeplugin=fakeplugin to enable it
13:41:00 INFO  
</system-out>
	</testcase>
<testcase classname="PySysTest" name="SoftwareManagement.sm_fake_install_remove" />
</testsuite><testsuite name="SoftwareManagement.sm_fake_install_remove_multiple" tests="2" errors="0" failures="0" skipped="1" time="0"><testcase classname="PySysTest" name="SoftwareManagement.sm_fake_install_remove_multiple">
		<skipped message="SKIPPED: Testing the fake plugin is not enabled.Use parameter -Xfakeplugin=fakeplugin to enable it" />
		<system-out>13:41:00 INFO  ==============================================================
13:41:00 INFO  Id:    SoftwareManagement.sm_fake_install_remove_multiple
13:41:00 INFO  Dir:   software_management_end_to_end/
13:41:00 INFO  Title: Validate end to end behaviour for the dummy-plugin for multiple packages
13:41:00 INFO  ==============================================================
13:41:00 INFO  Testing the fake plugin is not enabled.Use parameter -Xfakeplugin=fakeplugin to enable it ... skipped
13:41:00 WARN  Aborted test due to SKIPPED outcome
13:41:00 INFO  
13:41:00 INFO  Test duration: 0.03 secs
13:41:00 INFO  Test final outcome:  SKIPPED
13:41:00 INFO  Test outcome reason: Testing the fake plugin is not enabled.Use parameter -Xfakeplugin=fakeplugin to enable it
13:41:00 INFO  
</system-out>
	</testcase>
<testcase classname="PySysTest" name="SoftwareManagement.sm_fake_install_remove_multiple" />
</testsuite><testsuite name="SoftwareManagement.sm_mapper_fail_and_reconnect" tests="2" errors="0" failures="0" skipped="2" time="0"><testcase classname="MapperC8yReceiveLastMessageOnRestart" name="SoftwareManagement.sm_mapper_fail_and_reconnect">
		<skipped message="SKIPPED: instable https://github.com/thin-edge/thin-edge.io/issues/752" />
		<system-out>13:41:01 INFO  ==============================================================
13:41:01 INFO  Id:    SoftwareManagement.sm_mapper_fail_and_reconnect
13:41:01 INFO  Dir:   software_management_end_to_end/
13:41:01 INFO  Title: Validate the tedge-mapper-sm-c8y for receiving the last message on restart
13:41:01 INFO  ==============================================================
13:41:01 INFO  instable https://github.com/thin-edge/thin-edge.io/issues/752 ... skipped
13:41:01 INFO  
13:41:01 INFO  Test duration: 0.03 secs
13:41:01 INFO  Test final outcome:  SKIPPED
13:41:01 INFO  Test outcome reason: instable https://github.com/thin-edge/thin-edge.io/issues/752
13:41:01 INFO  
</system-out>
	</testcase>
<testcase classname="MapperC8yReceiveLastMessageOnRestart" name="SoftwareManagement.sm_mapper_fail_and_reconnect">
		<skipped message="SKIPPED: instable https://github.com/thin-edge/thin-edge.io/issues/752" />
		<system-out>14:38:24 INFO  ==============================================================
14:38:24 INFO  Id:    SoftwareManagement.sm_mapper_fail_and_reconnect
14:38:24 INFO  Dir:   software_management_end_to_end/
14:38:24 INFO  Title: Validate the tedge-mapper-sm-c8y for receiving the last message on restart
14:38:24 INFO  ==============================================================
14:38:24 INFO  instable https://github.com/thin-edge/thin-edge.io/issues/752 ... skipped
14:38:24 INFO  
14:38:24 INFO  Test duration: 0.04 secs
14:38:24 INFO  Test final outcome:  SKIPPED
14:38:24 INFO  Test outcome reason: instable https://github.com/thin-edge/thin-edge.io/issues/752
14:38:24 INFO  
</system-out>
	</testcase>
</testsuite><testsuite name="SoftwareManagement.sm_mixed_install_remove_multiple" tests="2" errors="0" failures="1" skipped="1" time="0"><testcase classname="PySysTest" name="SoftwareManagement.sm_mixed_install_remove_multiple">
		<skipped message="SKIPPED: Testing the fake plugin is not enabled.Use parameter -Xfakeplugin=fakeplugin to enable it" />
		<system-out>13:41:01 INFO  ==============================================================
13:41:01 INFO  Id:    SoftwareManagement.sm_mixed_install_remove_multiple
13:41:01 INFO  Dir:   software_management_end_to_end/
13:41:01 INFO  Title: Validate end to end behaviour for the dummy-plugin for multiple packages with mixed versions
13:41:01 INFO  ==============================================================
13:41:01 INFO  Testing the fake plugin is not enabled.Use parameter -Xfakeplugin=fakeplugin to enable it ... skipped
13:41:01 WARN  Aborted test due to SKIPPED outcome
13:41:01 INFO  
13:41:01 INFO  Test duration: 0.03 secs
13:41:01 INFO  Test final outcome:  SKIPPED
13:41:01 INFO  Test outcome reason: Testing the fake plugin is not enabled.Use parameter -Xfakeplugin=fakeplugin to enable it
13:41:01 INFO  
</system-out>
	</testcase>
<testcase classname="PySysTest" name="SoftwareManagement.sm_mixed_install_remove_multiple">
		<failure message="FAILED: Assert that (False == value) with value=True" type="FAILED" />
		<system-out>14:38:24 INFO  ==============================================================
14:38:24 INFO  Id:    SoftwareManagement.sm_mixed_install_remove_multiple
14:38:24 INFO  Dir:   software_management_end_to_end/
14:38:24 INFO  Title: Validate end to end behaviour for the dummy-plugin for multiple packages with mixed versions
14:38:24 INFO  ==============================================================
14:38:24 INFO  Using sw id database: {'asciijump': '5475369', 'robotfindskitten': '5474869', 'squirrel3': '5475279', 'rolldice': '5152439', 'moon-buggy': '5439204', 'apple': '5495053', 'banana': '5494888', 'cherry': '5495382', 'watermelon': '5494510', 'registry': '8018911', 'hello-world': '8021526', 'docker/getting-started': '8021973', 'alpine': '7991792'}
14:38:24 INFO  EnvironmentC8y Setup
14:38:24 INFO  Executed systemctl&lt;serv_mapper1&gt;, exit status 3
14:38:25 INFO  Restarting mosquitto too frequently in the last 10 seconds. It was only up for 5 seconds
14:38:25 INFO  Delaying execution by 6 seconds
14:38:45 INFO  Executed sudo&lt;tedge_connect_c8y&gt;, exit status 0, duration 14 secs
14:38:46 INFO  Executed sudo&lt;tedge_connect_c8y_test&gt;, exit status 0
14:38:46 INFO  Executed systemctl&lt;serv_mosq2&gt;, exit status 0
14:38:47 INFO  Executed systemctl&lt;serv_mapper3&gt;, exit status 0
14:38:49 INFO  State of current operation: SUCCESSFUL
14:38:49 INFO  Package apple is installed
14:38:49 INFO  Assert that (True == value) with value=True ... passed
14:38:50 INFO  Package banana is installed
14:38:50 INFO  Assert that (True == value) with value=True ... passed
14:38:50 INFO  Package cherry is installed
14:38:50 INFO  Assert that (True == value) with value=True ... passed
14:38:50 INFO  Package asciijump is installed
14:38:50 WARN  Assert that (False == value) with value=True ... failed 
14:38:50 INFO  Assert that (False == value) with value=False ... passed
14:38:51 INFO  Response status: 201
14:38:51 INFO  Response to action: {
    "creationTime": "2022-04-19T14:38:51.127Z",
    "deviceName": "mythica",
    "deviceId": "17465677",
    "self": "https://t493319102.eu-latest.cumulocity.com/devicecontrol/operations/17475429",
    "id": "17475429",
    "status": "PENDING",
    "description": "Apply software changes, triggered from PySys: [{'action': 'install', 'id': '5495053', 'name': 'apple', 'url': ' ', 'version': '::fruits'}, {'action': 'install', 'id': '5494888', 'name': 'banana', 'url': ' ', 'version': '::fruits'}, {'action': 'install', 'id': '5475369', 'name': 'asciijump', 'url': ' ', 'version': '::apt'}, {'action': 'install', 'id': '5495382', 'name': 'cherry', 'url': ' ', 'version': '::fruits'}, {'action': 'install', 'id': '8018911', 'name': 'registry', 'url': ' ', 'version': '::docker'}]",
    "c8y_SoftwareUpdate": [
        {
            "name": "apple",
            "action": "install",
            "id": "5495053",
            "version": "::fruits",
            "url": " "
        },
        {
            "name": "banana",
            "action": "install",
            "id": "5494888",
            "version": "::fruits",
            "url": " "
        },
        {
            "name": "asciijump",
            "action": "install",
            "id": "5475369",
            "version": "::apt",
            "url": " "
        },
        {
            "name": "cherry",
            "action": "install",
            "id": "5495382",
            "version": "::fruits",
            "url": " "
        },
        {
            "name": "registry",
            "action": "install",
            "id": "8018911",
            "version": "::docker",
            "url": " "
        }
    ]
}
14:38:51 INFO  Started operation: {'creationTime': '2022-04-19T14:38:51.127Z', 'deviceName': 'mythica', 'deviceId': '17465677', 'self': 'https://t493319102.eu-latest.cumulocity.com/devicecontrol/operations/17475429', 'id': '17475429', 'status': 'PENDING', 'description': "Apply software changes, triggered from PySys: [{'action': 'install', 'id': '5495053', 'name': 'apple', 'url': ' ', 'version': '::fruits'}, {'action': 'install', 'id': '5494888', 'name': 'banana', 'url': ' ', 'version': '::fruits'}, {'action': 'install', 'id': '5475369', 'name': 'asciijump', 'url': ' ', 'version': '::apt'}, {'action': 'install', 'id': '5495382', 'name': 'cherry', 'url': ' ', 'version': '::fruits'}, {'action': 'install', 'id': '8018911', 'name': 'registry', 'url': ' ', 'version': '::docker'}]", 'c8y_SoftwareUpdate': [{'name': 'apple', 'action': 'install', 'id': '5495053', 'version': '::fruits', 'url': ' '}, {'name': 'banana', 'action': 'install', 'id': '5494888', 'version': '::fruits', 'url': ' '}, {'name': 'asciijump', 'action': 'install', 'id': '5475369', 'version': '::apt', 'url': ' '}, {'name': 'cherry', 'action': 'install', 'id': '5495382', 'version': '::fruits', 'url': ' '}, {'name': 'registry', 'action': 'install', 'id': '8018911', 'version': '::docker', 'url': ' '}]}
14:38:53 INFO  State of operation 17475429 : PENDING
14:38:55 INFO  State of operation 17475429 : EXECUTING
14:38:57 INFO  State of operation 17475429 : EXECUTING
14:39:00 INFO  State of operation 17475429 : EXECUTING
14:39:02 INFO  State of operation 17475429 : EXECUTING
14:39:04 INFO  State of operation 17475429 : EXECUTING
14:39:06 INFO  State of operation 17475429 : EXECUTING
14:39:09 INFO  State of operation 17475429 : EXECUTING
14:39:12 INFO  State of operation 17475429 : EXECUTING
14:39:15 INFO  State of operation 17475429 : EXECUTING
14:39:18 INFO  State of operation 17475429 : EXECUTING
14:39:20 INFO  State of operation 17475429 : EXECUTING
14:39:22 INFO  State of operation 17475429 : EXECUTING
14:39:24 INFO  State of operation 17475429 : EXECUTING
14:39:27 INFO  State of operation 17475429 : EXECUTING
14:39:29 INFO  State of operation 17475429 : EXECUTING
14:39:31 INFO  State of operation 17475429 : EXECUTING
14:39:33 INFO  State of operation 17475429 : EXECUTING
14:39:36 INFO  State of operation 17475429 : EXECUTING
14:39:38 INFO  State of operation 17475429 : EXECUTING
14:39:40 INFO  State of operation 17475429 : EXECUTING
14:39:43 INFO  State of operation 17475429 : EXECUTING
14:39:45 INFO  State of operation 17475429 : EXECUTING
14:39:47 INFO  State of operation 17475429 : EXECUTING
14:39:50 INFO  State of operation 17475429 : EXECUTING
14:39:52 INFO  State of operation 17475429 : EXECUTING
14:39:54 INFO  State of operation 17475429 : SUCCESSFUL
14:39:54 INFO  Package apple is installed
14:39:54 INFO  Assert that (True == value) with value=True ... passed
14:39:54 INFO  Package banana is installed
14:39:54 INFO  Assert that (True == value) with value=True ... passed
14:39:55 INFO  Package cherry is installed
14:39:55 INFO  Assert that (True == value) with value=True ... passed
14:39:55 INFO  Package asciijump is installed
14:39:55 INFO  Assert that (True == value) with value=True ... passed
14:39:55 INFO  Package registry is installed
14:39:55 INFO  Assert that (True == value) with value=True ... passed
14:39:56 INFO  Response status: 201
14:39:56 INFO  Response to action: {
    "creationTime": "2022-04-19T14:39:56.149Z",
    "deviceName": "mythica",
    "deviceId": "17465677",
    "self": "https://t493319102.eu-latest.cumulocity.com/devicecontrol/operations/17475438",
    "id": "17475438",
    "status": "PENDING",
    "description": "Apply software changes, triggered from PySys: [{'action': 'delete', 'id': '5495053', 'name': 'apple', 'url': ' ', 'version': '::fruits'}, {'action': 'delete', 'id': '5494888', 'name': 'banana', 'url': ' ', 'version': '::fruits'}, {'action': 'delete', 'id': '5475369', 'name': 'asciijump', 'url': ' ', 'version': '::apt'}, {'action': 'delete', 'id': '5495382', 'name': 'cherry', 'url': ' ', 'version': '::fruits'}, {'action': 'delete', 'id': '8018911', 'name': 'registry', 'url': ' ', 'version': '::docker'}]",
    "c8y_SoftwareUpdate": [
        {
            "name": "apple",
            "action": "delete",
            "id": "5495053",
            "version": "::fruits",
            "url": " "
        },
        {
            "name": "banana",
            "action": "delete",
            "id": "5494888",
            "version": "::fruits",
            "url": " "
        },
        {
            "name": "asciijump",
            "action": "delete",
            "id": "5475369",
            "version": "::apt",
            "url": " "
        },
        {
            "name": "cherry",
            "action": "delete",
            "id": "5495382",
            "version": "::fruits",
            "url": " "
        },
        {
            "name": "registry",
            "action": "delete",
            "id": "8018911",
            "version": "::docker",
            "url": " "
        }
    ]
}
14:39:56 INFO  Started operation: {'creationTime': '2022-04-19T14:39:56.149Z', 'deviceName': 'mythica', 'deviceId': '17465677', 'self': 'https://t493319102.eu-latest.cumulocity.com/devicecontrol/operations/17475438', 'id': '17475438', 'status': 'PENDING', 'description': "Apply software changes, triggered from PySys: [{'action': 'delete', 'id': '5495053', 'name': 'apple', 'url': ' ', 'version': '::fruits'}, {'action': 'delete', 'id': '5494888', 'name': 'banana', 'url': ' ', 'version': '::fruits'}, {'action': 'delete', 'id': '5475369', 'name': 'asciijump', 'url': ' ', 'version': '::apt'}, {'action': 'delete', 'id': '5495382', 'name': 'cherry', 'url': ' ', 'version': '::fruits'}, {'action': 'delete', 'id': '8018911', 'name': 'registry', 'url': ' ', 'version': '::docker'}]", 'c8y_SoftwareUpdate': [{'name': 'apple', 'action': 'delete', 'id': '5495053', 'version': '::fruits', 'url': ' '}, {'name': 'banana', 'action': 'delete', 'id': '5494888', 'version': '::fruits', 'url': ' '}, {'name': 'asciijump', 'action': 'delete', 'id': '5475369', 'version': '::apt', 'url': ' '}, {'name': 'cherry', 'action': 'delete', 'id': '5495382', 'version': '::fruits', 'url': ' '}, {'name': 'registry', 'action': 'delete', 'id': '8018911', 'version': '::docker', 'url': ' '}]}
14:39:58 INFO  State of operation 17475438 : PENDING
14:40:00 INFO  State of operation 17475438 : EXECUTING
14:40:03 INFO  State of operation 17475438 : EXECUTING
14:40:05 INFO  State of operation 17475438 : EXECUTING
14:40:07 INFO  State of operation 17475438 : EXECUTING
14:40:09 INFO  State of operation 17475438 : EXECUTING
14:40:12 INFO  State of operation 17475438 : EXECUTING
14:40:15 INFO  State of operation 17475438 : EXECUTING
14:40:17 INFO  State of operation 17475438 : EXECUTING
14:40:20 INFO  State of operation 17475438 : EXECUTING
14:40:22 INFO  State of operation 17475438 : EXECUTING
14:40:24 INFO  State of operation 17475438 : EXECUTING
14:40:26 INFO  State of operation 17475438 : EXECUTING
14:40:28 INFO  State of operation 17475438 : EXECUTING
14:40:31 INFO  State of operation 17475438 : EXECUTING
14:40:33 INFO  State of operation 17475438 : EXECUTING
14:40:37 INFO  State of operation 17475438 : EXECUTING
14:40:40 INFO  State of operation 17475438 : EXECUTING
14:40:42 INFO  State of operation 17475438 : EXECUTING
14:40:44 INFO  State of operation 17475438 : EXECUTING
14:40:46 INFO  State of operation 17475438 : EXECUTING
14:40:49 INFO  State of operation 17475438 : EXECUTING
14:40:51 INFO  State of operation 17475438 : EXECUTING
14:40:54 INFO  State of operation 17475438 : EXECUTING
14:40:56 INFO  State of operation 17475438 : EXECUTING
14:40:58 INFO  State of operation 17475438 : EXECUTING
14:41:00 INFO  State of operation 17475438 : EXECUTING
14:41:03 INFO  State of operation 17475438 : EXECUTING
14:41:05 INFO  State of operation 17475438 : EXECUTING
14:41:07 INFO  State of operation 17475438 : EXECUTING
14:41:09 INFO  State of operation 17475438 : SUCCESSFUL
14:41:10 INFO  Package apple is installed
14:41:10 INFO  Assert that (True == value) with value=True ... passed
14:41:10 INFO  Package banana is installed
14:41:10 INFO  Assert that (True == value) with value=True ... passed
14:41:10 INFO  Package cherry is installed
14:41:10 INFO  Assert that (True == value) with value=True ... passed
14:41:10 INFO  Assert that (False == value) with value=False ... passed
14:41:11 INFO  Assert that (False == value) with value=False ... passed
14:41:11 INFO  
14:41:11 INFO  cleanup:
14:41:15 INFO  Executed sudo&lt;tedge_disconnect_c8y&gt;, exit status 0
14:41:16 INFO  Executed systemctl&lt;serv_mapper5&gt;, exit status 3
14:41:16 INFO  
14:41:16 INFO  Test duration: 171.87 secs
14:41:16 INFO  Test final outcome:  FAILED
14:41:16 INFO  Test outcome reason: Assert that (False == value) with value=True
14:41:16 INFO  
</system-out>
	</testcase>
</testsuite><testsuite name="agent_init_session" tests="1" errors="0" failures="1" skipped="0" time="0"><testcase classname="AgentInitSession" name="agent_init_session">
		<failure message="FAILED: Grep on sub_resp.out contains &quot;Ld3KgqpcLDlrYH6sfpG7w&quot;" type="FAILED" />
		<system-out>13:41:56 INFO  ==============================================================
13:41:56 INFO  Id:    agent_init_session
13:41:56 INFO  Dir:   tedge_agent/
13:41:56 INFO  Title: Validate tedge agent init session feature
13:41:56 INFO  ==============================================================
13:41:56 INFO  Executed sudo&lt;remove_lock&gt;, exit status 0
13:41:57 INFO  Executed sudo&lt;agent_clear&gt;, exit status 0
13:41:57 INFO  Executed sudo&lt;agent_init&gt;, exit status 0
13:41:58 INFO  Executed sudo&lt;pub_req&gt;, exit status 0
13:41:58 INFO  Started sudo&lt;sub_resp&gt; with process id 7260
13:41:58 INFO  Executed sudo&lt;agent_start&gt;, exit status 0
13:41:58 INFO  Waiting for 2.0 seconds
13:42:01 INFO  Executed sudo&lt;agent_stop&gt;, exit status 0
13:42:01 INFO  Executed sudo&lt;sub_stop&gt;, exit status 0
13:42:02 WARN  Grep on sub_resp.out contains "Ld3KgqpcLDlrYH6sfpG7w" ... failed [run.py:87]
13:42:02 INFO  
13:42:02 INFO  Test duration: 6.25 secs
13:42:02 INFO  Test final outcome:  FAILED
13:42:02 INFO  Test outcome reason: Grep on sub_resp.out contains "Ld3KgqpcLDlrYH6sfpG7w"
13:42:02 INFO  
</system-out>
	</testcase>
</testsuite><testsuite name="apt_fail_noarg" tests="2" errors="0" failures="0" skipped="1" time="0"><testcase classname="AptPluginFailNoArg" name="apt_fail_noarg">
		<skipped message="SKIPPED: Testing the apt plugin is not supported on this platform.To run the tests call PySys with -XmyPlatform='container'" />
		<system-out>13:31:10 INFO  ==============================================================
13:31:10 INFO  Id:    apt_fail_noarg
13:31:10 INFO  Dir:   plugin_apt/
13:31:10 INFO  Title: Validate apt plugin fetures(prepare, list, install, remove finalize) without arguments
13:31:10 INFO  ==============================================================
13:31:10 INFO  Testing the apt plugin is not supported on this platform.To run the tests call PySys with -XmyPlatform='container' ... skipped
13:31:10 WARN  Aborted test due to SKIPPED outcome
13:31:10 INFO  
13:31:10 INFO  Test duration: 0.04 secs
13:31:10 INFO  Test final outcome:  SKIPPED
13:31:10 INFO  Test outcome reason: Testing the apt plugin is not supported on this platform.To run the tests call PySys with -XmyPlatform='container'
13:31:10 INFO  
</system-out>
	</testcase>
<testcase classname="AptPluginFailNoArg" name="apt_fail_noarg" />
</testsuite><testsuite name="apt_finalize" tests="2" errors="0" failures="0" skipped="1" time="0"><testcase classname="AptPluginFinalize" name="apt_finalize">
		<skipped message="SKIPPED: Testing the apt plugin is not supported on this platform.To run the tests call PySys with -XmyPlatform='container'" />
		<system-out>13:31:10 INFO  ==============================================================
13:31:10 INFO  Id:    apt_finalize
13:31:10 INFO  Dir:   plugin_apt/
13:31:10 INFO  Title: Validate apt plugin finalize - dense version
13:31:10 INFO  ==============================================================
13:31:10 INFO  Testing the apt plugin is not supported on this platform.To run the tests call PySys with -XmyPlatform='container' ... skipped
13:31:10 WARN  Aborted test due to SKIPPED outcome
13:31:10 INFO  
13:31:10 INFO  Test duration: 0.02 secs
13:31:10 INFO  Test final outcome:  SKIPPED
13:31:10 INFO  Test outcome reason: Testing the apt plugin is not supported on this platform.To run the tests call PySys with -XmyPlatform='container'
13:31:10 INFO  
</system-out>
	</testcase>
<testcase classname="AptPluginFinalize" name="apt_finalize" />
</testsuite><testsuite name="apt_install" tests="2" errors="0" failures="0" skipped="1" time="0"><testcase classname="AptPluginInstallDense" name="apt_install">
		<skipped message="SKIPPED: Testing the apt plugin is not supported on this platform.To run the tests call PySys with -XmyPlatform='container'" />
		<system-out>13:31:10 INFO  ==============================================================
13:31:10 INFO  Id:    apt_install
13:31:10 INFO  Dir:   plugin_apt/
13:31:10 INFO  Title: Validate apt plugin prepare - dense version
13:31:10 INFO  ==============================================================
13:31:10 INFO  Testing the apt plugin is not supported on this platform.To run the tests call PySys with -XmyPlatform='container' ... skipped
13:31:10 WARN  Aborted test due to SKIPPED outcome
13:31:10 INFO  
13:31:10 INFO  Test duration: 0.02 secs
13:31:10 INFO  Test final outcome:  SKIPPED
13:31:10 INFO  Test outcome reason: Testing the apt plugin is not supported on this platform.To run the tests call PySys with -XmyPlatform='container'
13:31:10 INFO  
</system-out>
	</testcase>
<testcase classname="AptPluginInstallDense" name="apt_install" />
</testsuite><testsuite name="apt_install_fail" tests="2" errors="0" failures="0" skipped="1" time="0"><testcase classname="AptPluginInstallFail" name="apt_install_fail">
		<skipped message="SKIPPED: Testing the apt plugin is not supported on this platform.To run the tests call PySys with -XmyPlatform='container'" />
		<system-out>13:31:10 INFO  ==============================================================
13:31:10 INFO  Id:    apt_install_fail
13:31:10 INFO  Dir:   plugin_apt/
13:31:10 INFO  Title: Validate apt plugin prepare - failing
13:31:10 INFO  ==============================================================
13:31:10 INFO  Testing the apt plugin is not supported on this platform.To run the tests call PySys with -XmyPlatform='container' ... skipped
13:31:10 WARN  Aborted test due to SKIPPED outcome
13:31:10 INFO  
13:31:10 INFO  Test duration: 0.02 secs
13:31:10 INFO  Test final outcome:  SKIPPED
13:31:10 INFO  Test outcome reason: Testing the apt plugin is not supported on this platform.To run the tests call PySys with -XmyPlatform='container'
13:31:10 INFO  
</system-out>
	</testcase>
<testcase classname="AptPluginInstallFail" name="apt_install_fail" />
</testsuite><testsuite name="apt_install_local_file" tests="2" errors="0" failures="0" skipped="1" time="0"><testcase classname="AptPluginInstallFromLocalFile" name="apt_install_local_file">
		<skipped message="SKIPPED: Testing the apt plugin is not supported on this platform.To run the tests call PySys with -XmyPlatform='container'" />
		<system-out>13:31:10 INFO  ==============================================================
13:31:10 INFO  Id:    apt_install_local_file
13:31:10 INFO  Dir:   plugin_apt/
13:31:10 INFO  Title: Validate apt plugin install from local file - SUCCESS case
13:31:10 INFO  ==============================================================
13:31:10 INFO  Testing the apt plugin is not supported on this platform.To run the tests call PySys with -XmyPlatform='container' ... skipped
13:31:10 WARN  Aborted test due to SKIPPED outcome
13:31:10 INFO  
13:31:10 INFO  Test duration: 0.02 secs
13:31:10 INFO  Test final outcome:  SKIPPED
13:31:10 INFO  Test outcome reason: Testing the apt plugin is not supported on this platform.To run the tests call PySys with -XmyPlatform='container'
13:31:10 INFO  
</system-out>
	</testcase>
<testcase classname="AptPluginInstallFromLocalFile" name="apt_install_local_file" />
</testsuite><testsuite name="apt_install_local_file_fail" tests="2" errors="0" failures="0" skipped="1" time="0"><testcase classname="AptPluginInstallFromLocalFileFail" name="apt_install_local_file_fail">
		<skipped message="SKIPPED: Testing the apt plugin is not supported on this platform.To run the tests call PySys with -XmyPlatform='container'" />
		<system-out>13:31:10 INFO  ==============================================================
13:31:10 INFO  Id:    apt_install_local_file_fail
13:31:10 INFO  Dir:   plugin_apt/
13:31:10 INFO  Title: Validate apt plugin install from local file - FAIL case
13:31:10 INFO  ==============================================================
13:31:10 INFO  Testing the apt plugin is not supported on this platform.To run the tests call PySys with -XmyPlatform='container' ... skipped
13:31:10 WARN  Aborted test due to SKIPPED outcome
13:31:10 INFO  
13:31:10 INFO  Test duration: 0.02 secs
13:31:10 INFO  Test final outcome:  SKIPPED
13:31:10 INFO  Test outcome reason: Testing the apt plugin is not supported on this platform.To run the tests call PySys with -XmyPlatform='container'
13:31:10 INFO  
</system-out>
	</testcase>
<testcase classname="AptPluginInstallFromLocalFileFail" name="apt_install_local_file_fail" />
</testsuite><testsuite name="apt_install_local_file_with_version" tests="2" errors="0" failures="0" skipped="1" time="0"><testcase classname="AptPluginInstallFromLocalFileWithVersion" name="apt_install_local_file_with_version">
		<skipped message="SKIPPED: Testing the apt plugin is not supported on this platform.To run the tests call PySys with -XmyPlatform='container'" />
		<system-out>13:31:10 INFO  ==============================================================
13:31:10 INFO  Id:    apt_install_local_file_with_version
13:31:10 INFO  Dir:   plugin_apt/
13:31:10 INFO  Title: Validate apt plugin install from local file AND with a version - SUCCESS case
13:31:10 INFO  ==============================================================
13:31:10 INFO  Testing the apt plugin is not supported on this platform.To run the tests call PySys with -XmyPlatform='container' ... skipped
13:31:10 WARN  Aborted test due to SKIPPED outcome
13:31:10 INFO  
13:31:10 INFO  Test duration: 0.02 secs
13:31:10 INFO  Test final outcome:  SKIPPED
13:31:10 INFO  Test outcome reason: Testing the apt plugin is not supported on this platform.To run the tests call PySys with -XmyPlatform='container'
13:31:10 INFO  
</system-out>
	</testcase>
<testcase classname="AptPluginInstallFromLocalFileWithVersion" name="apt_install_local_file_with_version" />
</testsuite><testsuite name="apt_install_local_file_with_version_fail" tests="2" errors="0" failures="0" skipped="1" time="0"><testcase classname="AptPluginInstallFromLocalFileWithVersionFail" name="apt_install_local_file_with_version_fail">
		<skipped message="SKIPPED: Testing the apt plugin is not supported on this platform.To run the tests call PySys with -XmyPlatform='container'" />
		<system-out>13:31:10 INFO  ==============================================================
13:31:10 INFO  Id:    apt_install_local_file_with_version_fail
13:31:11 INFO  Dir:   plugin_apt/
13:31:11 INFO  Title: Validate apt plugin install from local file AND with a version - FAIL case
13:31:11 INFO  ==============================================================
13:31:11 INFO  Testing the apt plugin is not supported on this platform.To run the tests call PySys with -XmyPlatform='container' ... skipped
13:31:11 WARN  Aborted test due to SKIPPED outcome
13:31:11 INFO  
13:31:11 INFO  Test duration: 0.02 secs
13:31:11 INFO  Test final outcome:  SKIPPED
13:31:11 INFO  Test outcome reason: Testing the apt plugin is not supported on this platform.To run the tests call PySys with -XmyPlatform='container'
13:31:11 INFO  
</system-out>
	</testcase>
<testcase classname="AptPluginInstallFromLocalFileWithVersionFail" name="apt_install_local_file_with_version_fail" />
</testsuite><testsuite name="apt_list_format" tests="2" errors="0" failures="0" skipped="0" time="0"><testcase classname="AptPluginListFormat" name="apt_list_format" />
<testcase classname="AptPluginListFormat" name="apt_list_format" />
</testsuite><testsuite name="apt_prepare" tests="2" errors="0" failures="0" skipped="1" time="0"><testcase classname="AptPluginPrepare" name="apt_prepare">
		<skipped message="SKIPPED: Testing the apt plugin is not supported on this platform.To run the tests call PySys with -XmyPlatform='container'" />
		<system-out>13:31:14 INFO  ==============================================================
13:31:14 INFO  Id:    apt_prepare
13:31:14 INFO  Dir:   plugin_apt/
13:31:14 INFO  Title: Validate apt plugin install - dense version
13:31:14 INFO  ==============================================================
13:31:14 INFO  Testing the apt plugin is not supported on this platform.To run the tests call PySys with -XmyPlatform='container' ... skipped
13:31:14 WARN  Aborted test due to SKIPPED outcome
13:31:14 INFO  
13:31:14 INFO  Test duration: 0.03 secs
13:31:14 INFO  Test final outcome:  SKIPPED
13:31:14 INFO  Test outcome reason: Testing the apt plugin is not supported on this platform.To run the tests call PySys with -XmyPlatform='container'
13:31:14 INFO  
</system-out>
	</testcase>
<testcase classname="AptPluginPrepare" name="apt_prepare" />
</testsuite><testsuite name="apt_prepare_install_finalize" tests="2" errors="0" failures="0" skipped="1" time="0"><testcase classname="AptPluginPrepareInstallFinalize" name="apt_prepare_install_finalize">
		<skipped message="SKIPPED: Testing the apt plugin is not supported on this platform.To run the tests call PySys with -XmyPlatform='container'" />
		<system-out>13:31:14 INFO  ==============================================================
13:31:14 INFO  Id:    apt_prepare_install_finalize
13:31:14 INFO  Dir:   plugin_apt/
13:31:14 INFO  Title: Validate apt plugin install use case
13:31:14 INFO  ==============================================================
13:31:14 INFO  Testing the apt plugin is not supported on this platform.To run the tests call PySys with -XmyPlatform='container' ... skipped
13:31:14 WARN  Aborted test due to SKIPPED outcome
13:31:14 INFO  
13:31:14 INFO  Test duration: 0.02 secs
13:31:14 INFO  Test final outcome:  SKIPPED
13:31:14 INFO  Test outcome reason: Testing the apt plugin is not supported on this platform.To run the tests call PySys with -XmyPlatform='container'
13:31:14 INFO  
</system-out>
	</testcase>
<testcase classname="AptPluginPrepareInstallFinalize" name="apt_prepare_install_finalize" />
</testsuite><testsuite name="apt_remove" tests="2" errors="0" failures="0" skipped="1" time="0"><testcase classname="AptPluginRemoveDense" name="apt_remove">
		<skipped message="SKIPPED: Testing the apt plugin is not supported on this platform.To run the tests call PySys with -XmyPlatform='container'" />
		<system-out>13:31:14 INFO  ==============================================================
13:31:14 INFO  Id:    apt_remove
13:31:14 INFO  Dir:   plugin_apt/
13:31:14 INFO  Title: Validate apt plugin prepare - dense version
13:31:14 INFO  ==============================================================
13:31:14 INFO  Testing the apt plugin is not supported on this platform.To run the tests call PySys with -XmyPlatform='container' ... skipped
13:31:14 WARN  Aborted test due to SKIPPED outcome
13:31:14 INFO  
13:31:14 INFO  Test duration: 0.02 secs
13:31:14 INFO  Test final outcome:  SKIPPED
13:31:14 INFO  Test outcome reason: Testing the apt plugin is not supported on this platform.To run the tests call PySys with -XmyPlatform='container'
13:31:14 INFO  
</system-out>
	</testcase>
<testcase classname="AptPluginRemoveDense" name="apt_remove" />
</testsuite><testsuite name="apt_remove_fail" tests="2" errors="0" failures="0" skipped="1" time="0"><testcase classname="AptPluginRemoveFails" name="apt_remove_fail">
		<skipped message="SKIPPED: Testing the apt plugin is not supported on this platform.To run the tests call PySys with -XmyPlatform='container'" />
		<system-out>13:31:14 INFO  ==============================================================
13:31:14 INFO  Id:    apt_remove_fail
13:31:14 INFO  Dir:   plugin_apt/
13:31:14 INFO  Title: Validate apt plugin prepare - failing
13:31:14 INFO  ==============================================================
13:31:14 INFO  Testing the apt plugin is not supported on this platform.To run the tests call PySys with -XmyPlatform='container' ... skipped
13:31:14 WARN  Aborted test due to SKIPPED outcome
13:31:14 INFO  
13:31:14 INFO  Test duration: 0.02 secs
13:31:14 INFO  Test final outcome:  SKIPPED
13:31:14 INFO  Test outcome reason: Testing the apt plugin is not supported on this platform.To run the tests call PySys with -XmyPlatform='container'
13:31:14 INFO  
</system-out>
	</testcase>
<testcase classname="AptPluginRemoveFails" name="apt_remove_fail" />
</testsuite><testsuite name="apt_sequence_install_with_version" tests="2" errors="0" failures="0" skipped="1" time="0"><testcase classname="AptPluginPrepInstallWithVersionFinalize" name="apt_sequence_install_with_version">
		<skipped message="SKIPPED: Testing the apt plugin is not supported on this platform.To run the tests call PySys with -XmyPlatform='container'" />
		<system-out>13:31:14 INFO  ==============================================================
13:31:14 INFO  Id:    apt_sequence_install_with_version
13:31:14 INFO  Dir:   plugin_apt/
13:31:14 INFO  Title: Validate apt plugin install with version use case
13:31:14 INFO  ==============================================================
13:31:14 INFO  Testing the apt plugin is not supported on this platform.To run the tests call PySys with -XmyPlatform='container' ... skipped
13:31:14 WARN  Aborted test due to SKIPPED outcome
13:31:14 INFO  
13:31:14 INFO  Test duration: 0.02 secs
13:31:14 INFO  Test final outcome:  SKIPPED
13:31:14 INFO  Test outcome reason: Testing the apt plugin is not supported on this platform.To run the tests call PySys with -XmyPlatform='container'
13:31:14 INFO  
</system-out>
	</testcase>
<testcase classname="AptPluginPrepInstallWithVersionFinalize" name="apt_sequence_install_with_version" />
</testsuite><testsuite name="apt_sequence_install_with_version_fail" tests="2" errors="0" failures="0" skipped="1" time="0"><testcase classname="AptPluginInstallWithVersionFails" name="apt_sequence_install_with_version_fail">
		<skipped message="SKIPPED: Testing the apt plugin is not supported on this platform.To run the tests call PySys with -XmyPlatform='container'" />
		<system-out>13:31:15 INFO  ==============================================================
13:31:15 INFO  Id:    apt_sequence_install_with_version_fail
13:31:15 INFO  Dir:   plugin_apt/
13:31:15 INFO  Title: Validate apt plugin install with version fails use case
13:31:15 INFO  ==============================================================
13:31:15 INFO  Testing the apt plugin is not supported on this platform.To run the tests call PySys with -XmyPlatform='container' ... skipped
13:31:15 WARN  Aborted test due to SKIPPED outcome
13:31:15 INFO  
13:31:15 INFO  Test duration: 0.02 secs
13:31:15 INFO  Test final outcome:  SKIPPED
13:31:15 INFO  Test outcome reason: Testing the apt plugin is not supported on this platform.To run the tests call PySys with -XmyPlatform='container'
13:31:15 INFO  
</system-out>
	</testcase>
<testcase classname="AptPluginInstallWithVersionFails" name="apt_sequence_install_with_version_fail" />
</testsuite><testsuite name="apt_sequence_remove" tests="2" errors="0" failures="0" skipped="1" time="0"><testcase classname="AptPluginInstallPrepareRemoveFinalize" name="apt_sequence_remove">
		<skipped message="SKIPPED: Testing the apt plugin is not supported on this platform.To run the tests call PySys with -XmyPlatform='container'" />
		<system-out>13:31:15 INFO  ==============================================================
13:31:15 INFO  Id:    apt_sequence_remove
13:31:15 INFO  Dir:   plugin_apt/
13:31:15 INFO  Title: Validate apt plugin prepare install remove finalize use case
13:31:15 INFO  ==============================================================
13:31:15 INFO  Testing the apt plugin is not supported on this platform.To run the tests call PySys with -XmyPlatform='container' ... skipped
13:31:15 WARN  Aborted test due to SKIPPED outcome
13:31:15 INFO  
13:31:15 INFO  Test duration: 0.05 secs
13:31:15 INFO  Test final outcome:  SKIPPED
13:31:15 INFO  Test outcome reason: Testing the apt plugin is not supported on this platform.To run the tests call PySys with -XmyPlatform='container'
13:31:15 INFO  
</system-out>
	</testcase>
<testcase classname="AptPluginInstallPrepareRemoveFinalize" name="apt_sequence_remove" />
</testsuite><testsuite name="apt_sequence_remove_with_version" tests="2" errors="0" failures="0" skipped="1" time="0"><testcase classname="AptPluginRemoveWithVersion" name="apt_sequence_remove_with_version">
		<skipped message="SKIPPED: Testing the apt plugin is not supported on this platform.To run the tests call PySys with -XmyPlatform='container'" />
		<system-out>13:31:15 INFO  ==============================================================
13:31:15 INFO  Id:    apt_sequence_remove_with_version
13:31:15 INFO  Dir:   plugin_apt/
13:31:15 INFO  Title: Validate apt plugin remove with version use case
13:31:15 INFO  ==============================================================
13:31:15 INFO  Testing the apt plugin is not supported on this platform.To run the tests call PySys with -XmyPlatform='container' ... skipped
13:31:15 WARN  Aborted test due to SKIPPED outcome
13:31:15 INFO  
13:31:15 INFO  Test duration: 0.02 secs
13:31:15 INFO  Test final outcome:  SKIPPED
13:31:15 INFO  Test outcome reason: Testing the apt plugin is not supported on this platform.To run the tests call PySys with -XmyPlatform='container'
13:31:15 INFO  
</system-out>
	</testcase>
<testcase classname="AptPluginRemoveWithVersion" name="apt_sequence_remove_with_version" />
</testsuite><testsuite name="apt_sequence_remove_with_version_fail" tests="2" errors="0" failures="0" skipped="1" time="0"><testcase classname="AptPluginRemoveWithVersionFails" name="apt_sequence_remove_with_version_fail">
		<skipped message="SKIPPED: Testing the apt plugin is not supported on this platform.To run the tests call PySys with -XmyPlatform='container'" />
		<system-out>13:31:15 INFO  ==============================================================
13:31:15 INFO  Id:    apt_sequence_remove_with_version_fail
13:31:15 INFO  Dir:   plugin_apt/
13:31:15 INFO  Title: Validate apt plugin remove with version fails when the version not found
13:31:15 INFO  ==============================================================
13:31:15 INFO  Testing the apt plugin is not supported on this platform.To run the tests call PySys with -XmyPlatform='container' ... skipped
13:31:15 WARN  Aborted test due to SKIPPED outcome
13:31:15 INFO  
13:31:15 INFO  Test duration: 0.02 secs
13:31:15 INFO  Test final outcome:  SKIPPED
13:31:15 INFO  Test outcome reason: Testing the apt plugin is not supported on this platform.To run the tests call PySys with -XmyPlatform='container'
13:31:15 INFO  
</system-out>
	</testcase>
<testcase classname="AptPluginRemoveWithVersionFails" name="apt_sequence_remove_with_version_fail" />
</testsuite><testsuite name="apt_update_list" tests="2" errors="0" failures="0" skipped="1" time="0"><testcase classname="AptPluginUpdateList" name="apt_update_list">
		<skipped message="SKIPPED: Testing the apt plugin is not supported on this platform.To run the tests call PySys with -XmyPlatform='container'" />
		<system-out>13:31:15 INFO  ==============================================================
13:31:15 INFO  Id:    apt_update_list
13:31:15 INFO  Dir:   plugin_apt/
13:31:15 INFO  Title: Validate apt plugin update-list command use case
13:31:15 INFO  ==============================================================
13:31:15 INFO  Testing the apt plugin is not supported on this platform.To run the tests call PySys with -XmyPlatform='container' ... skipped
13:31:15 WARN  Aborted test due to SKIPPED outcome
13:31:15 INFO  
13:31:15 INFO  Test duration: 0.02 secs
13:31:15 INFO  Test final outcome:  SKIPPED
13:31:15 INFO  Test outcome reason: Testing the apt plugin is not supported on this platform.To run the tests call PySys with -XmyPlatform='container'
13:31:15 INFO  
</system-out>
	</testcase>
<testcase classname="AptPluginUpdateList" name="apt_update_list" />
</testsuite><testsuite name="apt_wrong_option" tests="2" errors="0" failures="0" skipped="1" time="0"><testcase classname="AptPluginWrongOption" name="apt_wrong_option">
		<skipped message="SKIPPED: Testing the apt plugin is not supported on this platform.To run the tests call PySys with -XmyPlatform='container'" />
		<system-out>13:31:15 INFO  ==============================================================
13:31:15 INFO  Id:    apt_wrong_option
13:31:15 INFO  Dir:   plugin_apt/
13:31:15 INFO  Title: Validate apt plugin install
13:31:15 INFO  ==============================================================
13:31:15 INFO  Testing the apt plugin is not supported on this platform.To run the tests call PySys with -XmyPlatform='container' ... skipped
13:31:15 WARN  Aborted test due to SKIPPED outcome
13:31:15 INFO  
13:31:15 INFO  Test duration: 0.02 secs
13:31:15 INFO  Test final outcome:  SKIPPED
13:31:15 INFO  Test outcome reason: Testing the apt plugin is not supported on this platform.To run the tests call PySys with -XmyPlatform='container'
13:31:15 INFO  
</system-out>
	</testcase>
<testcase classname="AptPluginWrongOption" name="apt_wrong_option" />
</testsuite><testsuite name="c8y_jwt_token_retrieval" tests="1" errors="0" failures="1" skipped="0" time="0"><testcase classname="ValidateJWTTokenRetrieval" name="c8y_jwt_token_retrieval">
		<failure message="FAILED: Grep on resp_jwt.out contains &quot;\[c8y/s/dat\] 71,&quot;" type="FAILED" />
		<system-out>13:27:46 INFO  ==============================================================
13:27:46 INFO  Id:    c8y_jwt_token_retrieval
13:27:46 INFO  Dir:   cloud_c8y/
13:27:46 INFO  Title: Validate the Cumulocity JWT Token Retrieval feature
13:27:46 INFO  ==============================================================
13:27:47 INFO  Executed sudo&lt;tedge_disconnect_c8y&gt;, exit status 0
13:28:02 INFO  Executed sudo&lt;tedge_connect_c8y&gt;, exit status 0, duration 14 secs
13:28:02 INFO  Started sudo&lt;resp_jwt&gt; with process id 3309
13:28:03 INFO  Executed sudo&lt;req_jwt&gt;, exit status 0
13:28:04 INFO  Executed sudo&lt;kill_out&gt;, exit status 0
13:28:05 WARN  Grep on resp_jwt.out contains "\[c8y/s/dat\] 71," ... failed [run.py:60]
13:28:05 INFO  
13:28:05 INFO  cleanup:
13:28:09 INFO  Executed sudo&lt;tedge_disconnect_c8y&gt;, exit status 0
13:28:09 INFO  
13:28:09 INFO  Test duration: 22.32 secs
13:28:09 INFO  Test final outcome:  FAILED
13:28:09 INFO  Test outcome reason: Grep on resp_jwt.out contains "\[c8y/s/dat\] 71,"
13:28:09 INFO  
</system-out>
	</testcase>
</testsuite><testsuite name="c8y_restart_bridge" tests="1" errors="0" failures="0" skipped="0" time="0"><testcase classname="RestartBridge" name="c8y_restart_bridge" />
</testsuite><testsuite name="call_tedge_-V" tests="1" errors="0" failures="0" skipped="0" time="0"><testcase classname="PySysTest" name="call_tedge_-V" />
</testsuite><testsuite name="call_tedge_-h" tests="1" errors="0" failures="0" skipped="0" time="0"><testcase classname="PySysTest" name="call_tedge_-h" />
</testsuite><testsuite name="call_tedge_-h_-V" tests="1" errors="0" failures="0" skipped="0" time="0"><testcase classname="PySysTest" name="call_tedge_-h_-V" />
</testsuite><testsuite name="call_tedge_config_help" tests="1" errors="0" failures="0" skipped="0" time="0"><testcase classname="PySysTest" name="call_tedge_config_help" />
</testsuite><testsuite name="call_tedge_config_list" tests="1" errors="0" failures="0" skipped="0" time="0"><testcase classname="PySysTest" name="call_tedge_config_list" />
</testsuite><testsuite name="custom_init_system" tests="1" errors="0" failures="0" skipped="0" time="0"><testcase classname="CustomInitSystem" name="custom_init_system" />
</testsuite><testsuite name="docker_plugin_finalize" tests="2" errors="0" failures="1" skipped="1" time="0"><testcase classname="DockerPluginFinalizeTest" name="docker_plugin_finalize">
		<skipped message="SKIPPED: Testing the docker plugin is not supported on this platform.To run it, all the test with -XmyPlatform='container'" />
		<system-out>13:31:15 INFO  ==============================================================
13:31:15 INFO  Id:    docker_plugin_finalize
13:31:15 INFO  Dir:   plugin_docker/
13:31:15 INFO  Title: Validate docker plugin finalize command
13:31:15 INFO  ==============================================================
13:31:15 INFO  Testing the docker plugin is not supported on this platform.To run it, all the test with -XmyPlatform='container' ... skipped
13:31:15 WARN  Aborted test due to SKIPPED outcome
13:31:15 INFO  
13:31:15 INFO  Test duration: 0.26 secs
13:31:15 INFO  Test final outcome:  SKIPPED
13:31:15 INFO  Test outcome reason: Testing the docker plugin is not supported on this platform.To run it, all the test with -XmyPlatform='container'
13:31:15 INFO  
</system-out>
	</testcase>
<testcase classname="DockerPluginFinalizeTest" name="docker_plugin_finalize">
		<failure message="FAILED: Grep on /home/pi/actions-runner/_work/thin-edge.io/thin-edge.io/tests/PySys/plugin_docker/docker_plugin_finalize/Output/linux/docker_images.out does not contain &quot;registry&quot; failed with 2 matches, first is: &quot;registry            2.7.1               e8a56425636e        5 months ago        22.2MB&quot;" type="FAILED" />
		<system-out>14:12:21 INFO  ==============================================================
14:12:21 INFO  Id:    docker_plugin_finalize
14:12:21 INFO  Dir:   plugin_docker/
14:12:21 INFO  Title: Validate docker plugin finalize command
14:12:21 INFO  ==============================================================
14:12:23 INFO  Executed sudo&lt;docker_images&gt;, exit status 0
14:12:23 WARN  Grep on /home/pi/actions-runner/_work/thin-edge.io/thin-edge.io/tests/PySys/plugin_docker/docker_plugin_finalize/Output/linux/docker_images.out does not contain "registry" failed with 2 matches, first is: "registry            2.7.1               e8a56425636e        5 months ago        22.2MB" ... failed 
14:12:23 WARN  Aborted test due to FAILED outcome
14:12:23 INFO  
14:12:23 INFO  cleanup:
14:12:23 INFO  
14:12:23 INFO  Test duration: 2.85 secs
14:12:23 INFO  Test final outcome:  FAILED
14:12:23 INFO  Test outcome reason: Grep on /home/pi/actions-runner/_work/thin-edge.io/thin-edge.io/tests/PySys/plugin_docker/docker_plugin_finalize/Output/linux/docker_images.out does not contain "registry" failed with 2 matches, first is: "registry            2.7.1               e8a56425636e        5 months ago        22.2MB"
14:12:23 INFO  
</system-out>
	</testcase>
</testsuite><testsuite name="docker_plugin_install" tests="2" errors="0" failures="1" skipped="1" time="0"><testcase classname="DockerPluginInstallTest" name="docker_plugin_install">
		<skipped message="SKIPPED: Testing the docker plugin is not supported on this platform.To run it, all the test with -XmyPlatform='container'" />
		<system-out>13:31:15 INFO  ==============================================================
13:31:15 INFO  Id:    docker_plugin_install
13:31:15 INFO  Dir:   plugin_docker/
13:31:15 INFO  Title: Validate docker plugin install
13:31:15 INFO  ==============================================================
13:31:15 INFO  Testing the docker plugin is not supported on this platform.To run it, all the test with -XmyPlatform='container' ... skipped
13:31:15 WARN  Aborted test due to SKIPPED outcome
13:31:15 INFO  
13:31:15 INFO  Test duration: 0.02 secs
13:31:15 INFO  Test final outcome:  SKIPPED
13:31:15 INFO  Test outcome reason: Testing the docker plugin is not supported on this platform.To run it, all the test with -XmyPlatform='container'
13:31:15 INFO  
</system-out>
	</testcase>
<testcase classname="DockerPluginInstallTest" name="docker_plugin_install">
		<failure message="FAILED: Grep on /home/pi/actions-runner/_work/thin-edge.io/thin-edge.io/tests/PySys/plugin_docker/docker_plugin_install/Output/linux/docker_images.out does not contain &quot;registry&quot; failed with 2 matches, first is: &quot;registry            2.7.1               e8a56425636e        5 months ago        22.2MB&quot;" type="FAILED" />
		<system-out>14:12:23 INFO  ==============================================================
14:12:23 INFO  Id:    docker_plugin_install
14:12:23 INFO  Dir:   plugin_docker/
14:12:23 INFO  Title: Validate docker plugin install
14:12:23 INFO  ==============================================================
14:12:24 INFO  Executed sudo&lt;docker_images&gt;, exit status 0
14:12:25 WARN  Grep on /home/pi/actions-runner/_work/thin-edge.io/thin-edge.io/tests/PySys/plugin_docker/docker_plugin_install/Output/linux/docker_images.out does not contain "registry" failed with 2 matches, first is: "registry            2.7.1               e8a56425636e        5 months ago        22.2MB" ... failed 
14:12:25 WARN  Aborted test due to FAILED outcome
14:12:25 INFO  
14:12:25 INFO  cleanup:
14:12:25 INFO  
14:12:25 INFO  Test duration: 1.06 secs
14:12:25 INFO  Test final outcome:  FAILED
14:12:25 INFO  Test outcome reason: Grep on /home/pi/actions-runner/_work/thin-edge.io/thin-edge.io/tests/PySys/plugin_docker/docker_plugin_install/Output/linux/docker_images.out does not contain "registry" failed with 2 matches, first is: "registry            2.7.1               e8a56425636e        5 months ago        22.2MB"
14:12:25 INFO  
</system-out>
	</testcase>
</testsuite><testsuite name="docker_plugin_install_with_version" tests="2" errors="0" failures="1" skipped="1" time="0"><testcase classname="DockerPluginInstallWithVersionTest" name="docker_plugin_install_with_version">
		<skipped message="SKIPPED: Testing the docker plugin is not supported on this platform.To run it, all the test with -XmyPlatform='container'" />
		<system-out>13:31:15 INFO  ==============================================================
13:31:15 INFO  Id:    docker_plugin_install_with_version
13:31:15 INFO  Dir:   plugin_docker/
13:31:15 INFO  Title: Validate docker plugin install
13:31:15 INFO  ==============================================================
13:31:15 INFO  Testing the docker plugin is not supported on this platform.To run it, all the test with -XmyPlatform='container' ... skipped
13:31:15 WARN  Aborted test due to SKIPPED outcome
13:31:15 INFO  
13:31:15 INFO  Test duration: 0.02 secs
13:31:15 INFO  Test final outcome:  SKIPPED
13:31:15 INFO  Test outcome reason: Testing the docker plugin is not supported on this platform.To run it, all the test with -XmyPlatform='container'
13:31:15 INFO  
</system-out>
	</testcase>
<testcase classname="DockerPluginInstallWithVersionTest" name="docker_plugin_install_with_version">
		<failure message="FAILED: Grep on /home/pi/actions-runner/_work/thin-edge.io/thin-edge.io/tests/PySys/plugin_docker/docker_plugin_install_with_version/Output/linux/docker_images.out does not contain &quot;registry&quot; failed with 2 matches, first is: &quot;registry            2.7.1               e8a56425636e        5 months ago        22.2MB&quot;" type="FAILED" />
		<system-out>14:12:25 INFO  ==============================================================
14:12:25 INFO  Id:    docker_plugin_install_with_version
14:12:25 INFO  Dir:   plugin_docker/
14:12:25 INFO  Title: Validate docker plugin install
14:12:25 INFO  ==============================================================
14:12:25 INFO  Executed sudo&lt;docker_images&gt;, exit status 0
14:12:25 WARN  Grep on /home/pi/actions-runner/_work/thin-edge.io/thin-edge.io/tests/PySys/plugin_docker/docker_plugin_install_with_version/Output/linux/docker_images.out does not contain "registry" failed with 2 matches, first is: "registry            2.7.1               e8a56425636e        5 months ago        22.2MB" ... failed 
14:12:25 WARN  Aborted test due to FAILED outcome
14:12:25 INFO  
14:12:25 INFO  cleanup:
14:12:25 INFO  
14:12:25 INFO  Test duration: 0.94 secs
14:12:25 INFO  Test final outcome:  FAILED
14:12:25 INFO  Test outcome reason: Grep on /home/pi/actions-runner/_work/thin-edge.io/thin-edge.io/tests/PySys/plugin_docker/docker_plugin_install_with_version/Output/linux/docker_images.out does not contain "registry" failed with 2 matches, first is: "registry            2.7.1               e8a56425636e        5 months ago        22.2MB"
14:12:25 INFO  
</system-out>
	</testcase>
</testsuite><testsuite name="docker_plugin_remove" tests="2" errors="0" failures="1" skipped="1" time="0"><testcase classname="DockerPluginRemoveTest" name="docker_plugin_remove">
		<skipped message="SKIPPED: Testing the docker plugin is not supported on this platform.To run it, all the test with -XmyPlatform='container'" />
		<system-out>13:31:15 INFO  ==============================================================
13:31:15 INFO  Id:    docker_plugin_remove
13:31:15 INFO  Dir:   plugin_docker/
13:31:15 INFO  Title: Validate docker plugin remove
13:31:15 INFO  ==============================================================
13:31:15 INFO  Testing the docker plugin is not supported on this platform.To run it, all the test with -XmyPlatform='container' ... skipped
13:31:15 WARN  Aborted test due to SKIPPED outcome
13:31:15 INFO  
13:31:15 INFO  Test duration: 0.02 secs
13:31:15 INFO  Test final outcome:  SKIPPED
13:31:15 INFO  Test outcome reason: Testing the docker plugin is not supported on this platform.To run it, all the test with -XmyPlatform='container'
13:31:15 INFO  
</system-out>
	</testcase>
<testcase classname="DockerPluginRemoveTest" name="docker_plugin_remove">
		<failure message="FAILED: Grep on /home/pi/actions-runner/_work/thin-edge.io/thin-edge.io/tests/PySys/plugin_docker/docker_plugin_remove/Output/linux/docker_images.out does not contain &quot;registry&quot; failed with 2 matches, first is: &quot;registry            2.7.1               e8a56425636e        5 months ago        22.2MB&quot;" type="FAILED" />
		<system-out>14:12:26 INFO  ==============================================================
14:12:26 INFO  Id:    docker_plugin_remove
14:12:26 INFO  Dir:   plugin_docker/
14:12:26 INFO  Title: Validate docker plugin remove
14:12:26 INFO  ==============================================================
14:12:26 INFO  Executed sudo&lt;docker_images&gt;, exit status 0
14:12:26 WARN  Grep on /home/pi/actions-runner/_work/thin-edge.io/thin-edge.io/tests/PySys/plugin_docker/docker_plugin_remove/Output/linux/docker_images.out does not contain "registry" failed with 2 matches, first is: "registry            2.7.1               e8a56425636e        5 months ago        22.2MB" ... failed 
14:12:26 WARN  Aborted test due to FAILED outcome
14:12:26 INFO  
14:12:26 INFO  cleanup:
14:12:26 INFO  
14:12:26 INFO  Test duration: 0.92 secs
14:12:26 INFO  Test final outcome:  FAILED
14:12:26 INFO  Test outcome reason: Grep on /home/pi/actions-runner/_work/thin-edge.io/thin-edge.io/tests/PySys/plugin_docker/docker_plugin_remove/Output/linux/docker_images.out does not contain "registry" failed with 2 matches, first is: "registry            2.7.1               e8a56425636e        5 months ago        22.2MB"
14:12:26 INFO  
</system-out>
	</testcase>
</testsuite><testsuite name="docker_plugin_remove_with_version" tests="2" errors="0" failures="1" skipped="1" time="0"><testcase classname="DockerPluginRemoveWithVersionTest" name="docker_plugin_remove_with_version">
		<skipped message="SKIPPED: Testing the docker plugin is not supported on this platform.To run it, all the test with -XmyPlatform='container'" />
		<system-out>13:31:16 INFO  ==============================================================
13:31:16 INFO  Id:    docker_plugin_remove_with_version
13:31:16 INFO  Dir:   plugin_docker/
13:31:16 INFO  Title: Validate docker plugin remove with version
13:31:16 INFO  ==============================================================
13:31:16 INFO  Testing the docker plugin is not supported on this platform.To run it, all the test with -XmyPlatform='container' ... skipped
13:31:16 WARN  Aborted test due to SKIPPED outcome
13:31:16 INFO  
13:31:16 INFO  Test duration: 0.02 secs
13:31:16 INFO  Test final outcome:  SKIPPED
13:31:16 INFO  Test outcome reason: Testing the docker plugin is not supported on this platform.To run it, all the test with -XmyPlatform='container'
13:31:16 INFO  
</system-out>
	</testcase>
<testcase classname="DockerPluginRemoveWithVersionTest" name="docker_plugin_remove_with_version">
		<failure message="FAILED: Grep on /home/pi/actions-runner/_work/thin-edge.io/thin-edge.io/tests/PySys/plugin_docker/docker_plugin_remove_with_version/Output/linux/docker_images.out does not contain &quot;registry&quot; failed with 2 matches, first is: &quot;registry            2.7.1               e8a56425636e        5 months ago        22.2MB&quot;" type="FAILED" />
		<system-out>14:12:26 INFO  ==============================================================
14:12:26 INFO  Id:    docker_plugin_remove_with_version
14:12:26 INFO  Dir:   plugin_docker/
14:12:26 INFO  Title: Validate docker plugin remove with version
14:12:26 INFO  ==============================================================
14:12:27 INFO  Executed sudo&lt;docker_images&gt;, exit status 0
14:12:27 WARN  Grep on /home/pi/actions-runner/_work/thin-edge.io/thin-edge.io/tests/PySys/plugin_docker/docker_plugin_remove_with_version/Output/linux/docker_images.out does not contain "registry" failed with 2 matches, first is: "registry            2.7.1               e8a56425636e        5 months ago        22.2MB" ... failed 
14:12:27 WARN  Aborted test due to FAILED outcome
14:12:27 INFO  
14:12:27 INFO  cleanup:
14:12:27 INFO  
14:12:27 INFO  Test duration: 0.89 secs
14:12:27 INFO  Test final outcome:  FAILED
14:12:27 INFO  Test outcome reason: Grep on /home/pi/actions-runner/_work/thin-edge.io/thin-edge.io/tests/PySys/plugin_docker/docker_plugin_remove_with_version/Output/linux/docker_images.out does not contain "registry" failed with 2 matches, first is: "registry            2.7.1               e8a56425636e        5 months ago        22.2MB"
14:12:27 INFO  
</system-out>
	</testcase>
</testsuite><testsuite name="docker_plugin_update" tests="2" errors="0" failures="1" skipped="1" time="0"><testcase classname="DockerPluginUpdateTest" name="docker_plugin_update">
		<skipped message="SKIPPED: Testing the docker plugin is not supported on this platform.To run it, all the test with -XmyPlatform='container'" />
		<system-out>13:31:16 INFO  ==============================================================
13:31:16 INFO  Id:    docker_plugin_update
13:31:16 INFO  Dir:   plugin_docker/
13:31:16 INFO  Title: Validate docker plugin install updates existing containers
13:31:16 INFO  ==============================================================
13:31:16 INFO  Testing the docker plugin is not supported on this platform.To run it, all the test with -XmyPlatform='container' ... skipped
13:31:16 WARN  Aborted test due to SKIPPED outcome
13:31:16 INFO  
13:31:16 INFO  Test duration: 0.02 secs
13:31:16 INFO  Test final outcome:  SKIPPED
13:31:16 INFO  Test outcome reason: Testing the docker plugin is not supported on this platform.To run it, all the test with -XmyPlatform='container'
13:31:16 INFO  
</system-out>
	</testcase>
<testcase classname="DockerPluginUpdateTest" name="docker_plugin_update">
		<failure message="FAILED: Grep on /home/pi/actions-runner/_work/thin-edge.io/thin-edge.io/tests/PySys/plugin_docker/docker_plugin_update/Output/linux/docker_images.out does not contain &quot;registry&quot; failed with 2 matches, first is: &quot;registry            2.7.1               e8a56425636e        5 months ago        22.2MB&quot;" type="FAILED" />
		<system-out>14:12:27 INFO  ==============================================================
14:12:27 INFO  Id:    docker_plugin_update
14:12:27 INFO  Dir:   plugin_docker/
14:12:27 INFO  Title: Validate docker plugin install updates existing containers
14:12:27 INFO  ==============================================================
14:12:28 INFO  Executed sudo&lt;docker_images&gt;, exit status 0
14:12:28 WARN  Grep on /home/pi/actions-runner/_work/thin-edge.io/thin-edge.io/tests/PySys/plugin_docker/docker_plugin_update/Output/linux/docker_images.out does not contain "registry" failed with 2 matches, first is: "registry            2.7.1               e8a56425636e        5 months ago        22.2MB" ... failed 
14:12:28 WARN  Aborted test due to FAILED outcome
14:12:28 INFO  
14:12:28 INFO  cleanup:
14:12:28 INFO  
14:12:28 INFO  Test duration: 0.89 secs
14:12:28 INFO  Test final outcome:  FAILED
14:12:28 INFO  Test outcome reason: Grep on /home/pi/actions-runner/_work/thin-edge.io/thin-edge.io/tests/PySys/plugin_docker/docker_plugin_update/Output/linux/docker_images.out does not contain "registry" failed with 2 matches, first is: "registry            2.7.1               e8a56425636e        5 months ago        22.2MB"
14:12:28 INFO  
</system-out>
	</testcase>
</testsuite><testsuite name="invalid_device_id" tests="1" errors="0" failures="0" skipped="0" time="0"><testcase classname="InvalidDeviceId" name="invalid_device_id" />
</testsuite><testsuite name="local_mqtt_pub_fail_noqos" tests="1" errors="0" failures="0" skipped="0" time="0"><testcase classname="PySysTest" name="local_mqtt_pub_fail_noqos" />
</testsuite><testsuite name="local_mqtt_pub_fail_qos0" tests="1" errors="0" failures="0" skipped="0" time="0"><testcase classname="PySysTest" name="local_mqtt_pub_fail_qos0" />
</testsuite><testsuite name="local_mqtt_pub_fail_qos1" tests="1" errors="0" failures="0" skipped="0" time="0"><testcase classname="PySysTest" name="local_mqtt_pub_fail_qos1" />
</testsuite><testsuite name="local_mqtt_pub_fail_qos2" tests="1" errors="0" failures="0" skipped="0" time="0"><testcase classname="PySysTest" name="local_mqtt_pub_fail_qos2" />
</testsuite><testsuite name="local_mqtt_pub_sub" tests="1" errors="0" failures="0" skipped="0" time="0"><testcase classname="PySysTest" name="local_mqtt_pub_sub" />
</testsuite><testsuite name="local_mqtt_pub_sub_retain" tests="1" errors="0" failures="0" skipped="0" time="0"><testcase classname="MqttPublishWithRetain" name="local_mqtt_pub_sub_retain" />
</testsuite><testsuite name="local_mqtt_pub_sub_with_sudo" tests="1" errors="0" failures="0" skipped="0" time="0"><testcase classname="PySysTest" name="local_mqtt_pub_sub_with_sudo" />
</testsuite><testsuite name="local_mqtt_sub_fail" tests="1" errors="0" failures="0" skipped="0" time="0"><testcase classname="PySysTest" name="local_mqtt_sub_fail" />
</testsuite><testsuite name="log_request_error_messages" tests="1" errors="0" failures="0" skipped="0" time="0"><testcase classname="LogRequestVerifySearchTextError" name="log_request_error_messages" />
</testsuite><testsuite name="log_request_num_lines" tests="1" errors="0" failures="0" skipped="0" time="0"><testcase classname="LogRequestVerifyNumberOfLines" name="log_request_num_lines" />
</testsuite><testsuite name="mapper_awaits_before_reconnect" tests="1" errors="0" failures="0" skipped="0" time="0"><testcase classname="MapperReconnectAwait" name="mapper_awaits_before_reconnect" />
</testsuite><testsuite name="monitoring_smaller_interval" tests="1" errors="0" failures="0" skipped="1" time="0"><testcase classname="MonitoringSmallInterval" name="monitoring_smaller_interval">
		<skipped message="SKIPPED: Fails due to retained message" />
		<system-out>13:31:10 INFO  ==============================================================
13:31:10 INFO  Id:    monitoring_smaller_interval
13:31:10 INFO  Dir:   monitoring/
13:31:10 INFO  Title: Validate the tedge dm agent messages that are produced with smaller sampling interval than the batching window. Here the simulated collectd messages are used
13:31:10 INFO  ==============================================================
13:31:10 INFO  Fails due to retained message ... skipped
13:31:10 INFO  
13:31:10 INFO  Test duration: 0.05 secs
13:31:10 INFO  Test final outcome:  SKIPPED
13:31:10 INFO  Test outcome reason: Fails due to retained message
13:31:10 INFO  
</system-out>
	</testcase>
</testsuite><testsuite name="monitoring_with_collectd" tests="1" errors="0" failures="0" skipped="1" time="0"><testcase classname="MonitoringWithCollectd" name="monitoring_with_collectd">
		<skipped message="SKIPPED: Test execution disabled due to #792 (instable)" />
		<system-out>13:31:10 INFO  ==============================================================
13:31:10 INFO  Id:    monitoring_with_collectd
13:31:10 INFO  Dir:   monitoring/
13:31:10 INFO  Title: Validate tedge dm agent messages that are produced by batching the collectd messages
13:31:10 INFO  ==============================================================
13:31:10 INFO  Test execution disabled due to #792 (instable) ... skipped
13:31:10 INFO  
13:31:10 INFO  Test duration: 0.02 secs
13:31:10 INFO  Test final outcome:  SKIPPED
13:31:10 INFO  Test outcome reason: Test execution disabled due to #792 (instable)
13:31:10 INFO  
</system-out>
	</testcase>
</testsuite><testsuite name="monitoring_with_simulated_messages" tests="1" errors="0" failures="0" skipped="1" time="0"><testcase classname="MonitoringWithSimulatedMessages" name="monitoring_with_simulated_messages">
		<skipped message="SKIPPED: Fails due to retained message" />
		<system-out>13:31:10 INFO  ==============================================================
13:31:10 INFO  Id:    monitoring_with_simulated_messages
13:31:10 INFO  Dir:   monitoring/
13:31:10 INFO  Title: Validate the tedge dm agent messages that are produced from the simulated collectd messages
13:31:10 INFO  ==============================================================
13:31:10 INFO  Fails due to retained message ... skipped
13:31:10 INFO  
13:31:10 INFO  Test duration: 0.02 secs
13:31:10 INFO  Test final outcome:  SKIPPED
13:31:10 INFO  Test outcome reason: Fails due to retained message
13:31:10 INFO  
</system-out>
	</testcase>
</testsuite><testsuite name="mqtt_port_change_connection_fails" tests="1" errors="0" failures="0" skipped="0" time="0"><testcase classname="MqttPortChangeConnectionFails" name="mqtt_port_change_connection_fails" />
</testsuite><testsuite name="mqtt_port_change_connection_works" tests="1" errors="0" failures="0" skipped="1" time="0"><testcase classname="MqttPortChangeConnectionWorks" name="mqtt_port_change_connection_works">
		<skipped message="SKIPPED: failing intermitently" />
		<system-out>13:30:14 INFO  ==============================================================
13:30:14 INFO  Id:    mqtt_port_change_connection_works
13:30:14 INFO  Dir:   misc_features/
13:30:14 INFO  Title: mqtt port change connection works for all the thin-edge services that use the mosquitto broker
13:30:14 INFO  ==============================================================
13:30:14 INFO  failing intermitently ... skipped
13:30:14 INFO  
13:30:14 INFO  Test duration: 0.07 secs
13:30:14 INFO  Test final outcome:  SKIPPED
13:30:14 INFO  Test outcome reason: failing intermitently
13:30:14 INFO  
</system-out>
	</testcase>
</testsuite><testsuite name="mqtt_port_set" tests="1" errors="0" failures="0" skipped="0" time="0"><testcase classname="MqttPortSet" name="mqtt_port_set" />
</testsuite><testsuite name="mqtt_port_unset" tests="1" errors="0" failures="0" skipped="0" time="0"><testcase classname="MqttPortUnSet" name="mqtt_port_unset" />
</testsuite><testsuite name="publish_flux" tests="1" errors="0" failures="0" skipped="0" time="0"><testcase classname="PublishFlux" name="publish_flux" />
</testsuite><testsuite name="publish_sawmill" tests="1" errors="0" failures="0" skipped="0" time="0"><testcase classname="PublishSawmill" name="publish_sawmill" />
</testsuite><testsuite name="pysys_block" tests="1" errors="0" failures="0" skipped="1" time="0"><testcase classname="Fail" name="pysys_block">
		<skipped message="SKIPPED: Enable this to observe a blocking test" />
		<system-out>13:30:37 INFO  ==============================================================
13:30:37 INFO  Id:    pysys_block
13:30:37 INFO  Dir:   misc_features/
13:30:37 INFO  Title: fail
13:30:37 INFO  ==============================================================
13:30:37 INFO  Enable this to observe a blocking test ... skipped
13:30:37 INFO  
13:30:37 INFO  Test duration: 0.04 secs
13:30:37 INFO  Test final outcome:  SKIPPED
13:30:37 INFO  Test outcome reason: Enable this to observe a blocking test
13:30:37 INFO  
</system-out>
	</testcase>
</testsuite><testsuite name="pysys_fail" tests="1" errors="0" failures="0" skipped="1" time="0"><testcase classname="Fail" name="pysys_fail">
		<skipped message="SKIPPED: Enable this to observe a failing test" />
		<system-out>13:30:37 INFO  ==============================================================
13:30:37 INFO  Id:    pysys_fail
13:30:37 INFO  Dir:   misc_features/
13:30:37 INFO  Title: fail
13:30:37 INFO  ==============================================================
13:30:37 INFO  Enable this to observe a failing test ... skipped
13:30:37 INFO  
13:30:37 INFO  Test duration: 0.11 secs
13:30:37 INFO  Test final outcome:  SKIPPED
13:30:37 INFO  Test outcome reason: Enable this to observe a failing test
13:30:37 INFO  
</system-out>
	</testcase>
</testsuite><testsuite name="runtime_start_two_mappers" tests="1" errors="0" failures="0" skipped="0" time="0"><testcase classname="RuntimeMultiMappers" name="runtime_start_two_mappers" />
</testsuite><testsuite name="sm_tedge_mapper_init_session" tests="1" errors="0" failures="0" skipped="0" time="0"><testcase classname="TedgeSMMapperInitSession" name="sm_tedge_mapper_init_session" />
</testsuite><testsuite name="smoketest_json" tests="1" errors="0" failures="0" skipped="0" time="0"><testcase classname="SmokeTestJson" name="smoketest_json" />
</testsuite><testsuite name="smoketest_json_400_samples_10ms" tests="1" errors="0" failures="0" skipped="0" time="0"><testcase classname="SmoketestJson400Samples10ms" name="smoketest_json_400_samples_10ms" />
</testsuite><testsuite name="smoketest_json_400_samples_20ms" tests="1" errors="0" failures="0" skipped="0" time="0"><testcase classname="SmoketestJson400Samples20ms" name="smoketest_json_400_samples_20ms" />
</testsuite><testsuite name="smoketest_smartrest" tests="1" errors="0" failures="0" skipped="0" time="0"><testcase classname="SmoketestSmartRest" name="smoketest_smartrest" />
</testsuite><testsuite name="smoketest_smartrest_400_samples_1Xms" tests="1" errors="0" failures="0" skipped="0" time="0"><testcase classname="SmoketestSmartRest400Samples1Xms" name="smoketest_smartrest_400_samples_1Xms" />
</testsuite><testsuite name="smoketest_smartrest_400_samples_20ms" tests="1" errors="0" failures="0" skipped="0" time="0"><testcase classname="SmoketestSmartRest400Samples20ms" name="smoketest_smartrest_400_samples_20ms" />
</testsuite><testsuite name="tedge_agent_user_sudo_access" tests="1" errors="0" failures="0" skipped="1" time="0"><testcase classname="TedgeAgentUserSudoAccess" name="tedge_agent_user_sudo_access">
		<skipped message="SKIPPED: #955 Observation: Exit code of the apt plugin when called with no arguments" />
		<system-out>13:41:28 INFO  ==============================================================
13:41:28 INFO  Id:    tedge_agent_user_sudo_access
13:41:28 INFO  Dir:   tedge/
13:41:28 INFO  Title: Validate tedge-agent user has a limited sudo right
13:41:28 INFO  ==============================================================
13:41:28 INFO  #955 Observation: Exit code of the apt plugin when called with no arguments ... skipped
13:41:28 INFO  
13:41:28 INFO  Test duration: 0.02 secs
13:41:28 INFO  Test final outcome:  SKIPPED
13:41:28 INFO  Test outcome reason: #955 Observation: Exit code of the apt plugin when called with no arguments
13:41:28 INFO  
</system-out>
	</testcase>
</testsuite><testsuite name="tedge_connect_test_negative" tests="1" errors="0" failures="0" skipped="0" time="0"><testcase classname="TedgeConnectTestNegative" name="tedge_connect_test_negative" />
</testsuite><testsuite name="tedge_connect_test_positive" tests="1" errors="0" failures="0" skipped="0" time="0"><testcase classname="TedgeConnectTestPositive" name="tedge_connect_test_positive" />
</testsuite><testsuite name="tedge_connect_test_sm_services" tests="1" errors="0" failures="0" skipped="0" time="0"><testcase classname="TedgeConnectTestSMServices" name="tedge_connect_test_sm_services" />
</testsuite><testsuite name="tedge_disconnect_test_sm_services" tests="1" errors="0" failures="0" skipped="0" time="0"><testcase classname="TedgeDisConnectTestSMServices" name="tedge_disconnect_test_sm_services" />
</testsuite><testsuite name="tedge_mapper_az_negative" tests="1" errors="0" failures="0" skipped="0" time="0"><testcase classname="TedgeMapperAzError" name="tedge_mapper_az_negative" />
</testsuite><testsuite name="tedge_mapper_az_with_timestamp" tests="1" errors="0" failures="0" skipped="0" time="0"><testcase classname="TedgeMapperAzWithTimestamp" name="tedge_mapper_az_with_timestamp" />
</testsuite><testsuite name="tedge_mapper_az_without_timestamp" tests="1" errors="0" failures="0" skipped="0" time="0"><testcase classname="TedgeMapperAzWithoutTimestamp" name="tedge_mapper_az_without_timestamp" />
</testsuite><testsuite name="tedge_mapper_c8y_alarms" tests="1" errors="0" failures="0" skipped="0" time="0"><testcase classname="TedgeMapperC8yAlarm" name="tedge_mapper_c8y_alarms" />
</testsuite><testsuite name="tedge_mapper_c8y_child_device_measurement" tests="1" errors="0" failures="1" skipped="0" time="0"><testcase classname="TedgeMapperC8yChildDevice" name="tedge_mapper_c8y_child_device_measurement">
		<failure message="BLOCKED: TypeError: 'NoneType' object is not subscriptable (+1 other failures)" type="BLOCKED" />
		<system-out>13:45:58 INFO  ==============================================================
13:45:58 INFO  Id:    tedge_mapper_c8y_child_device_measurement
13:45:58 INFO  Dir:   tedge_mapper_c8y/
13:45:58 INFO  Title: Validate that measurements sent to tedge/measurements/child topic gets mapped as the child device's measurement in Cumulocity
13:45:58 INFO  ==============================================================
13:45:58 INFO  EnvironmentC8y Setup
13:45:59 INFO  Executed systemctl&lt;serv_mapper1&gt;, exit status 3
13:45:59 INFO  Restarting mosquitto too frequently in the last 10 seconds. It was only up for 5 seconds
13:45:59 INFO  Delaying execution by 6 seconds
13:46:20 INFO  Executed sudo&lt;tedge_connect_c8y&gt;, exit status 0, duration 14 secs
13:46:20 INFO  Executed sudo&lt;tedge_connect_c8y_test&gt;, exit status 0
13:46:21 INFO  Executed systemctl&lt;serv_mosq2&gt;, exit status 0
13:46:21 INFO  Executed systemctl&lt;serv_mapper3&gt;, exit status 0
13:46:22 INFO  Assert that (actual == expected) with actual=None, expected=None ... passed
13:46:23 INFO  Executed tedge_pub, exit status 0
13:46:23 INFO  Executed tedge_pub, exit status 0
13:46:24 INFO  Executed tedge_pub, exit status 0
13:46:24 INFO  Executed tedge_pub, exit status 0
13:46:24 INFO  Executed tedge_pub, exit status 0
13:46:27 WARN  TypeError occurred while running test - 'NoneType' object is not subscriptable
Traceback (most recent call last):
  File "/home/pi/env-pysys/lib/python3.7/site-packages/pysys/baserunner.py", line 1296, in __call__
    self.testObj.validate()
  File "/home/pi/actions-runner/_work/thin-edge.io/thin-edge.io/tests/PySys/tedge_mapper_c8y/tedge_mapper_c8y_child_device_measurement/run.py", line 115, in validate
    self.child_device_json["id"], 3
TypeError: 'NoneType' object is not subscriptable
13:46:27 WARN  TypeError: 'NoneType' object is not subscriptable ... blocked 
13:46:27 INFO  
13:46:27 INFO  cleanup:
13:46:27 ERROR Error while running cleanup function: 
Traceback (most recent call last):
  File "/home/pi/env-pysys/lib/python3.7/site-packages/pysys/process/user.py", line 1305, in cleanup
    fn()
  File "/home/pi/actions-runner/_work/thin-edge.io/thin-edge.io/tests/PySys/tedge_mapper_c8y/tedge_mapper_c8y_child_device_measurement/run.py", line 165, in test_cleanup
    self.child_device_json["id"]
TypeError: 'NoneType' object is not subscriptable
13:46:31 INFO  Executed sudo&lt;tedge_disconnect_c8y&gt;, exit status 0
13:46:32 INFO  Executed systemctl&lt;serv_mapper5&gt;, exit status 3
13:46:32 WARN  Cleanup failed with 1 errors: Cleanup function failed: 'NoneType' object is not subscriptable (TypeError) ... blocked 
13:46:32 INFO  
13:46:32 INFO  Test duration: 33.95 secs
13:46:32 INFO  Test final outcome:  BLOCKED
13:46:32 INFO  Test outcome reason: TypeError: 'NoneType' object is not subscriptable (+1 other failures)
13:46:32 INFO  
</system-out>
	</testcase>
</testsuite><testsuite name="tedge_mapper_c8y_packet_threshold_size" tests="1" errors="0" failures="0" skipped="0" time="0"><testcase classname="TedgeMapperC8yThresholdPacketSize" name="tedge_mapper_c8y_packet_threshold_size" />
</testsuite><testsuite name="tedge_software_update" tests="1" errors="0" failures="0" skipped="0" time="0"><testcase classname="PySysTest" name="tedge_software_update" />
</testsuite><testsuite name="valid_device_id" tests="1" errors="0" failures="0" skipped="0" time="0"><testcase classname="ValidateValidDeviceId" name="valid_device_id" />
</testsuite></testsuites>