<?xml version='1.0' encoding='utf-8'?>
<testsuites tests="149" failures="8" errors="0" skipped="55" time="0.0"><testsuite name="SoftwareManagement.Plugin.apama_plugin_install" tests="3" errors="0" failures="0" skipped="1" time="0"><testcase classname="ApamaPluginInstallTest" name="SoftwareManagement.Plugin.apama_plugin_install">
		<skipped message="SKIPPED: Apama plugin tests are disabled by default. Execute `pysys run` with `-XmyPlatform=container` to run these tests" />
		<system-out>07:01:08 INFO  ==============================================================
07:01:08 INFO  Id:    SoftwareManagement.Plugin.apama_plugin_install
07:01:08 INFO  Dir:   plugin_apama/
07:01:08 INFO  Title: Validate apama plugin install
07:01:08 INFO  ==============================================================
07:01:08 INFO  Apama plugin tests are disabled by default. Execute `pysys run` with `-XmyPlatform=container` to run these tests ... skipped
07:01:08 WARN  Aborted test due to SKIPPED outcome
07:01:08 INFO  
07:01:08 INFO  Test duration: 0.08 secs
07:01:08 INFO  Test final outcome:  SKIPPED
07:01:08 INFO  Test outcome reason: Apama plugin tests are disabled by default. Execute `pysys run` with `-XmyPlatform=container` to run these tests
07:01:08 INFO  
</system-out>
	</testcase>
<testcase classname="ApamaPluginInstallTest" name="SoftwareManagement.Plugin.apama_plugin_install" />
<testcase classname="ApamaPluginInstallTest" name="SoftwareManagement.Plugin.apama_plugin_install" />
</testsuite><testsuite name="SoftwareManagement.Plugin.apama_plugin_mon_support" tests="3" errors="0" failures="0" skipped="1" time="0"><testcase classname="ApamaPluginMonSupportTest" name="SoftwareManagement.Plugin.apama_plugin_mon_support">
		<skipped message="SKIPPED: Apama plugin tests are disabled by default. Execute `pysys run` with `-XmyPlatform=container` to run these tests" />
		<system-out>07:01:08 INFO  ==============================================================
07:01:08 INFO  Id:    SoftwareManagement.Plugin.apama_plugin_mon_support
07:01:08 INFO  Dir:   plugin_apama/
07:01:08 INFO  Title: Validate mon file support of apama plugin
07:01:08 INFO  ==============================================================
07:01:08 INFO  Apama plugin tests are disabled by default. Execute `pysys run` with `-XmyPlatform=container` to run these tests ... skipped
07:01:08 WARN  Aborted test due to SKIPPED outcome
07:01:08 INFO  
07:01:08 INFO  Test duration: 0.03 secs
07:01:08 INFO  Test final outcome:  SKIPPED
07:01:08 INFO  Test outcome reason: Apama plugin tests are disabled by default. Execute `pysys run` with `-XmyPlatform=container` to run these tests
07:01:08 INFO  
</system-out>
	</testcase>
<testcase classname="ApamaPluginMonSupportTest" name="SoftwareManagement.Plugin.apama_plugin_mon_support" />
<testcase classname="ApamaPluginMonSupportTest" name="SoftwareManagement.Plugin.apama_plugin_mon_support" />
</testsuite><testsuite name="SoftwareManagement.Plugin.apama_plugin_remove" tests="3" errors="0" failures="0" skipped="1" time="0"><testcase classname="ApamaPluginRemoveTest" name="SoftwareManagement.Plugin.apama_plugin_remove">
		<skipped message="SKIPPED: Apama plugin tests are disabled by default. Execute `pysys run` with `-XmyPlatform=container` to run these tests" />
		<system-out>07:01:08 INFO  ==============================================================
07:01:08 INFO  Id:    SoftwareManagement.Plugin.apama_plugin_remove
07:01:08 INFO  Dir:   plugin_apama/
07:01:08 INFO  Title: Validate apama plugin remove
07:01:08 INFO  ==============================================================
07:01:08 INFO  Apama plugin tests are disabled by default. Execute `pysys run` with `-XmyPlatform=container` to run these tests ... skipped
07:01:08 WARN  Aborted test due to SKIPPED outcome
07:01:08 INFO  
07:01:08 INFO  Test duration: 0.02 secs
07:01:08 INFO  Test final outcome:  SKIPPED
07:01:08 INFO  Test outcome reason: Apama plugin tests are disabled by default. Execute `pysys run` with `-XmyPlatform=container` to run these tests
07:01:08 INFO  
</system-out>
	</testcase>
<testcase classname="ApamaPluginRemoveTest" name="SoftwareManagement.Plugin.apama_plugin_remove" />
<testcase classname="ApamaPluginRemoveTest" name="SoftwareManagement.Plugin.apama_plugin_remove" />
</testsuite><testsuite name="SoftwareManagement.Plugin.apama_plugin_update" tests="3" errors="0" failures="0" skipped="3" time="0"><testcase classname="ApamaPluginUpdateTest" name="SoftwareManagement.Plugin.apama_plugin_update">
		<skipped message="SKIPPED: Test execution disabled due to #1052" />
		<system-out>07:01:08 INFO  ==============================================================
07:01:08 INFO  Id:    SoftwareManagement.Plugin.apama_plugin_update
07:01:08 INFO  Dir:   plugin_apama/
07:01:08 INFO  Title: Validate apama plugin updating one project with another
07:01:08 INFO  ==============================================================
07:01:08 INFO  Test execution disabled due to #1052 ... skipped
07:01:08 INFO  
07:01:08 INFO  Test duration: 0.02 secs
07:01:08 INFO  Test final outcome:  SKIPPED
07:01:08 INFO  Test outcome reason: Test execution disabled due to #1052
07:01:08 INFO  
</system-out>
	</testcase>
<testcase classname="ApamaPluginUpdateTest" name="SoftwareManagement.Plugin.apama_plugin_update">
		<skipped message="SKIPPED: Test execution disabled due to #1052" />
		<system-out>07:53:18 INFO  ==============================================================
07:53:18 INFO  Id:    SoftwareManagement.Plugin.apama_plugin_update
07:53:18 INFO  Dir:   plugin_apama/
07:53:18 INFO  Title: Validate apama plugin updating one project with another
07:53:18 INFO  ==============================================================
07:53:18 INFO  Test execution disabled due to #1052 ... skipped
07:53:18 INFO  
07:53:18 INFO  Test duration: 0.02 secs
07:53:18 INFO  Test final outcome:  SKIPPED
07:53:18 INFO  Test outcome reason: Test execution disabled due to #1052
07:53:18 INFO  
</system-out>
	</testcase>
<testcase classname="ApamaPluginUpdateTest" name="SoftwareManagement.Plugin.apama_plugin_update">
		<skipped message="SKIPPED: Test execution disabled due to #1052" />
		<system-out>08:01:55 INFO  ==============================================================
08:01:55 INFO  Id:    SoftwareManagement.Plugin.apama_plugin_update
08:01:55 INFO  Dir:   plugin_apama/
08:01:55 INFO  Title: Validate apama plugin updating one project with another
08:01:55 INFO  ==============================================================
08:01:55 INFO  Test execution disabled due to #1052 ... skipped
08:01:55 INFO  
08:01:55 INFO  Test duration: 0.05 secs
08:01:55 INFO  Test final outcome:  SKIPPED
08:01:55 INFO  Test outcome reason: Test execution disabled due to #1052
08:01:55 INFO  
</system-out>
	</testcase>
</testsuite><testsuite name="SoftwareManagement.sm_apt_install_download_path" tests="3" errors="0" failures="2" skipped="1" time="0"><testcase classname="AptInstallWithDownloadPath" name="SoftwareManagement.sm_apt_install_download_path">
		<skipped message="SKIPPED: Testing the apt plugin is not supported on this platform.Use parameter -XmyPlatform='container' to enable it" />
		<system-out>07:10:52 INFO  ==============================================================
07:10:52 INFO  Id:    SoftwareManagement.sm_apt_install_download_path
07:10:52 INFO  Dir:   software_management_end_to_end/
07:10:52 INFO  Title: Install package to directory specified in tedge config set tmp.path
07:10:52 INFO  ==============================================================
07:10:52 INFO  Testing the apt plugin is not supported on this platform.Use parameter -XmyPlatform='container' to enable it ... skipped
07:10:52 WARN  Aborted test due to SKIPPED outcome
07:10:52 INFO  
07:10:52 INFO  Test duration: 0.09 secs
07:10:52 INFO  Test final outcome:  SKIPPED
07:10:52 INFO  Test outcome reason: Testing the apt plugin is not supported on this platform.Use parameter -XmyPlatform='container' to enable it
07:10:52 INFO  
</system-out>
	</testcase>
<testcase classname="AptInstallWithDownloadPath" name="SoftwareManagement.sm_apt_install_download_path">
		<failure message="BLOCKED: AssertionError:" type="BLOCKED" />
		<system-out>07:34:50 INFO  ==============================================================
07:34:50 INFO  Id:    SoftwareManagement.sm_apt_install_download_path
07:34:50 INFO  Dir:   software_management_end_to_end/
07:34:50 INFO  Title: Install package to directory specified in tedge config set tmp.path
07:34:50 INFO  ==============================================================
07:34:50 INFO  Using sw id database: {'asciijump': '5475369', 'robotfindskitten': '5474869', 'squirrel3': '5475279', 'rolldice': '5152439', 'moon-buggy': '5439204', 'apple': '5495053', 'banana': '5494888', 'cherry': '5495382', 'watermelon': '5494510', 'registry': '8018911', 'hello-world': '8021526', 'docker/getting-started': '8021973', 'alpine': '7991792'}
07:34:50 INFO  EnvironmentC8y Setup
07:34:50 INFO  Executed systemctl&lt;serv_mapper1&gt;, exit status 3
07:35:05 INFO  Executed sudo&lt;tedge_connect_c8y&gt;, exit status 0, duration 14 secs
07:35:06 INFO  Executed sudo&lt;tedge_connect_c8y_test&gt;, exit status 0
07:35:07 INFO  Executed systemctl&lt;serv_mosq2&gt;, exit status 0
07:35:08 INFO  Executed systemctl&lt;serv_mapper3&gt;, exit status 0
07:35:10 ERROR No operations found, assuming it passed
07:35:11 INFO  Assert that (False == value) with value=False ... passed
07:35:11 INFO  Executed sudo, exit status 0
07:35:12 INFO  Executed sudo, exit status 0
07:35:12 INFO  Executed sudo, exit status 0
07:35:17 INFO  Executed sudo&lt;tedge_disconnect_c8y&gt;, exit status 0
07:35:17 INFO  Restarting mosquitto too frequently in the last 10 seconds. It was only up for 4 seconds
07:35:17 INFO  Delaying execution by 7 seconds
07:35:38 INFO  Executed sudo&lt;tedge_connect_c8y&gt;, exit status 0, duration 14 secs
07:35:38 INFO  Response status: 201
07:35:38 INFO  Response to action: {
    "creationTime": "2022-05-09T07:35:38.408Z",
    "deviceName": "mythicc",
    "deviceId": "18507404",
    "self": "https://t493319102.eu-latest.cumulocity.com/devicecontrol/operations/18523329",
    "id": "18523329",
    "status": "PENDING",
    "description": "Apply software changes, triggered from PySys: [{'name': 'rolldice', 'id': '5152439', 'version': '::apt', 'url': 'https://thin-edge-io.eu-latest.cumulocity.com/inventory/binaries/12435463', 'action': 'install'}]",
    "c8y_SoftwareUpdate": [
        {
            "name": "rolldice",
            "action": "install",
            "id": "5152439",
            "version": "::apt",
            "url": "https://thin-edge-io.eu-latest.cumulocity.com/inventory/binaries/12435463"
        }
    ]
}
07:35:38 INFO  Started operation: {'creationTime': '2022-05-09T07:35:38.408Z', 'deviceName': 'mythicc', 'deviceId': '18507404', 'self': 'https://t493319102.eu-latest.cumulocity.com/devicecontrol/operations/18523329', 'id': '18523329', 'status': 'PENDING', 'description': "Apply software changes, triggered from PySys: [{'name': 'rolldice', 'id': '5152439', 'version': '::apt', 'url': 'https://thin-edge-io.eu-latest.cumulocity.com/inventory/binaries/12435463', 'action': 'install'}]", 'c8y_SoftwareUpdate': [{'name': 'rolldice', 'action': 'install', 'id': '5152439', 'version': '::apt', 'url': 'https://thin-edge-io.eu-latest.cumulocity.com/inventory/binaries/12435463'}]}
07:35:38 WARN  , retrying in 0.5 seconds...
07:35:38 WARN  , retrying in 0.5 seconds...
07:35:39 WARN  , retrying in 0.5 seconds...
07:35:39 WARN  , retrying in 0.5 seconds...
07:35:40 WARN  , retrying in 0.5 seconds...
07:35:40 WARN  , retrying in 0.5 seconds...
07:35:41 WARN  , retrying in 0.5 seconds...
07:35:41 WARN  , retrying in 0.5 seconds...
07:35:42 WARN  , retrying in 0.5 seconds...
07:35:42 WARN  AssertionError occurred while running test - 
Traceback (most recent call last):
  File "/home/pi/env-pysys/lib/python3.7/site-packages/pysys/baserunner.py", line 1294, in __call__
    self.testObj.execute()
  File "/home/pi/actions-runner/_work/thin-edge.io/thin-edge.io/tests/PySys/software_management_end_to_end/sm_apt_install_download_path/run.py", line 83, in execute
    assert_install_in_download_path(install_directory=self.DOWNLOAD_DIR)
  File "/home/pi/env-pysys/lib/python3.7/site-packages/decorator.py", line 232, in fun
    return caller(func, *(extras + args), **kw)
  File "/home/pi/env-pysys/lib/python3.7/site-packages/retry/api.py", line 74, in retry_decorator
    logger)
  File "/home/pi/env-pysys/lib/python3.7/site-packages/retry/api.py", line 33, in __retry_internal
    return f()
  File "/home/pi/actions-runner/_work/thin-edge.io/thin-edge.io/tests/PySys/software_management_end_to_end/sm_apt_install_download_path/run.py", line 28, in assert_install_in_download_path
    assert "rolldice" in os.listdir(f"{install_directory}")
AssertionError
07:35:43 WARN  AssertionError: ... blocked 
07:35:43 INFO  
07:35:43 INFO  cleanup:
07:35:44 INFO  Executed sudo, exit status 0
07:35:44 INFO  Executed sudo, exit status 0
07:35:49 INFO  Executed sudo&lt;tedge_disconnect_c8y&gt;, exit status 0
07:35:49 INFO  Restarting mosquitto too frequently in the last 10 seconds. It was only up for 3 seconds
07:35:49 INFO  Delaying execution by 8 seconds
07:36:12 INFO  Executed sudo&lt;tedge_connect_c8y&gt;, exit status 0, duration 14 secs
07:36:16 INFO  Executed sudo&lt;tedge_disconnect_c8y&gt;, exit status 0
07:36:16 INFO  Executed systemctl&lt;serv_mapper5&gt;, exit status 3
07:36:16 INFO  
07:36:16 INFO  Test duration: 86.90 secs
07:36:16 INFO  Test final outcome:  BLOCKED
07:36:16 INFO  Test outcome reason: AssertionError:
07:36:16 INFO  
</system-out>
	</testcase>
<testcase classname="AptInstallWithDownloadPath" name="SoftwareManagement.sm_apt_install_download_path">
		<failure message="BLOCKED: AssertionError:" type="BLOCKED" />
		<system-out>08:01:55 INFO  ==============================================================
08:01:55 INFO  Id:    SoftwareManagement.sm_apt_install_download_path
08:01:55 INFO  Dir:   software_management_end_to_end/
08:01:55 INFO  Title: Install package to directory specified in tedge config set tmp.path
08:01:55 INFO  ==============================================================
08:01:57 INFO  Using sw id database: {'asciijump': '5475369', 'robotfindskitten': '5474869', 'squirrel3': '5475279', 'rolldice': '5152439', 'moon-buggy': '5439204', 'apple': '5495053', 'banana': '5494888', 'cherry': '5495382', 'watermelon': '5494510', 'registry': '8018911', 'hello-world': '8021526', 'docker/getting-started': '8021973', 'alpine': '7991792'}
08:01:57 INFO  EnvironmentC8y Setup
08:01:57 INFO  Executed systemctl&lt;serv_mapper1&gt;, exit status 3
08:02:12 INFO  Executed sudo&lt;tedge_connect_c8y&gt;, exit status 0, duration 14 secs
08:02:12 INFO  Executed sudo&lt;tedge_connect_c8y_test&gt;, exit status 0
08:02:13 INFO  Executed systemctl&lt;serv_mosq2&gt;, exit status 0
08:02:13 INFO  Executed systemctl&lt;serv_mapper3&gt;, exit status 0
08:02:16 INFO  State of current operation: SUCCESSFUL
08:02:16 INFO  Assert that (False == value) with value=False ... passed
08:02:17 INFO  Executed sudo, exit status 0
08:02:17 INFO  Executed sudo, exit status 0
08:02:18 INFO  Executed sudo, exit status 0
08:02:22 INFO  Executed sudo&lt;tedge_disconnect_c8y&gt;, exit status 0
08:02:22 INFO  Restarting mosquitto too frequently in the last 10 seconds. It was only up for 3 seconds
08:02:22 INFO  Delaying execution by 8 seconds
08:02:43 INFO  Executed sudo&lt;tedge_connect_c8y&gt;, exit status 0, duration 13 secs
08:02:44 INFO  Response status: 201
08:02:44 INFO  Response to action: {
    "creationTime": "2022-05-09T08:02:44.107Z",
    "deviceName": "mythicc",
    "deviceId": "18507404",
    "self": "https://t493319102.eu-latest.cumulocity.com/devicecontrol/operations/18523523",
    "id": "18523523",
    "status": "PENDING",
    "description": "Apply software changes, triggered from PySys: [{'name': 'rolldice', 'id': '5152439', 'version': '::apt', 'url': 'https://thin-edge-io.eu-latest.cumulocity.com/inventory/binaries/12435463', 'action': 'install'}]",
    "c8y_SoftwareUpdate": [
        {
            "name": "rolldice",
            "action": "install",
            "id": "5152439",
            "version": "::apt",
            "url": "https://thin-edge-io.eu-latest.cumulocity.com/inventory/binaries/12435463"
        }
    ]
}
08:02:44 INFO  Started operation: {'creationTime': '2022-05-09T08:02:44.107Z', 'deviceName': 'mythicc', 'deviceId': '18507404', 'self': 'https://t493319102.eu-latest.cumulocity.com/devicecontrol/operations/18523523', 'id': '18523523', 'status': 'PENDING', 'description': "Apply software changes, triggered from PySys: [{'name': 'rolldice', 'id': '5152439', 'version': '::apt', 'url': 'https://thin-edge-io.eu-latest.cumulocity.com/inventory/binaries/12435463', 'action': 'install'}]", 'c8y_SoftwareUpdate': [{'name': 'rolldice', 'action': 'install', 'id': '5152439', 'version': '::apt', 'url': 'https://thin-edge-io.eu-latest.cumulocity.com/inventory/binaries/12435463'}]}
08:02:44 WARN  , retrying in 0.5 seconds...
08:02:44 WARN  , retrying in 0.5 seconds...
08:02:45 WARN  , retrying in 0.5 seconds...
08:02:45 WARN  , retrying in 0.5 seconds...
08:02:46 WARN  , retrying in 0.5 seconds...
08:02:46 WARN  , retrying in 0.5 seconds...
08:02:47 WARN  , retrying in 0.5 seconds...
08:02:47 WARN  , retrying in 0.5 seconds...
08:02:48 WARN  , retrying in 0.5 seconds...
08:02:48 WARN  AssertionError occurred while running test - 
Traceback (most recent call last):
  File "/home/pi/env-pysys/lib/python3.7/site-packages/pysys/baserunner.py", line 1294, in __call__
    self.testObj.execute()
  File "/home/pi/actions-runner/_work/thin-edge.io/thin-edge.io/tests/PySys/software_management_end_to_end/sm_apt_install_download_path/run.py", line 83, in execute
    assert_install_in_download_path(install_directory=self.DOWNLOAD_DIR)
  File "/home/pi/env-pysys/lib/python3.7/site-packages/decorator.py", line 232, in fun
    return caller(func, *(extras + args), **kw)
  File "/home/pi/env-pysys/lib/python3.7/site-packages/retry/api.py", line 74, in retry_decorator
    logger)
  File "/home/pi/env-pysys/lib/python3.7/site-packages/retry/api.py", line 33, in __retry_internal
    return f()
  File "/home/pi/actions-runner/_work/thin-edge.io/thin-edge.io/tests/PySys/software_management_end_to_end/sm_apt_install_download_path/run.py", line 28, in assert_install_in_download_path
    assert "rolldice" in os.listdir(f"{install_directory}")
AssertionError
08:02:49 WARN  AssertionError: ... blocked 
08:02:49 INFO  
08:02:49 INFO  cleanup:
08:02:49 INFO  Executed sudo, exit status 0
08:02:50 INFO  Executed sudo, exit status 0
08:02:54 INFO  Executed sudo&lt;tedge_disconnect_c8y&gt;, exit status 0
08:02:54 INFO  Restarting mosquitto too frequently in the last 10 seconds. It was only up for 4 seconds
08:02:54 INFO  Delaying execution by 7 seconds
08:03:16 INFO  Executed sudo&lt;tedge_connect_c8y&gt;, exit status 0, duration 14 secs
08:03:20 INFO  Executed sudo&lt;tedge_disconnect_c8y&gt;, exit status 0
08:03:21 INFO  Executed systemctl&lt;serv_mapper5&gt;, exit status 3
08:03:21 INFO  
08:03:21 INFO  Test duration: 85.21 secs
08:03:21 INFO  Test final outcome:  BLOCKED
08:03:21 INFO  Test outcome reason: AssertionError:
08:03:21 INFO  
</system-out>
	</testcase>
</testsuite><testsuite name="SoftwareManagement.sm_apt_install_fail" tests="3" errors="0" failures="0" skipped="1" time="0"><testcase classname="PySysTest" name="SoftwareManagement.sm_apt_install_fail">
		<skipped message="SKIPPED: Testing the apt plugin is not supported on this platform.Use parameter -XmyPlatform='container' to enable it" />
		<system-out>07:10:52 INFO  ==============================================================
07:10:52 INFO  Id:    SoftwareManagement.sm_apt_install_fail
07:10:52 INFO  Dir:   software_management_end_to_end/
07:10:52 INFO  Title: Validate end to end behaviour for a failing installation
07:10:52 INFO  ==============================================================
07:10:52 INFO  Testing the apt plugin is not supported on this platform.Use parameter -XmyPlatform='container' to enable it ... skipped
07:10:52 WARN  Aborted test due to SKIPPED outcome
07:10:52 INFO  
07:10:52 INFO  Test duration: 0.03 secs
07:10:52 INFO  Test final outcome:  SKIPPED
07:10:52 INFO  Test outcome reason: Testing the apt plugin is not supported on this platform.Use parameter -XmyPlatform='container' to enable it
07:10:52 INFO  
</system-out>
	</testcase>
<testcase classname="PySysTest" name="SoftwareManagement.sm_apt_install_fail" />
<testcase classname="PySysTest" name="SoftwareManagement.sm_apt_install_fail" />
</testsuite><testsuite name="SoftwareManagement.sm_apt_install_remove" tests="3" errors="0" failures="0" skipped="1" time="0"><testcase classname="PySysTest" name="SoftwareManagement.sm_apt_install_remove">
		<skipped message="SKIPPED: Testing the apt plugin is not supported on this platform.Use parameter -XmyPlatform='container' to enable it" />
		<system-out>07:10:52 INFO  ==============================================================
07:10:52 INFO  Id:    SoftwareManagement.sm_apt_install_remove
07:10:52 INFO  Dir:   software_management_end_to_end/
07:10:52 INFO  Title: Validate end to end behaviour for the apt plugin for installation and removal of packages
07:10:52 INFO  ==============================================================
07:10:52 INFO  Testing the apt plugin is not supported on this platform.Use parameter -XmyPlatform='container' to enable it ... skipped
07:10:52 WARN  Aborted test due to SKIPPED outcome
07:10:52 INFO  
07:10:52 INFO  Test duration: 0.03 secs
07:10:52 INFO  Test final outcome:  SKIPPED
07:10:52 INFO  Test outcome reason: Testing the apt plugin is not supported on this platform.Use parameter -XmyPlatform='container' to enable it
07:10:52 INFO  
</system-out>
	</testcase>
<testcase classname="PySysTest" name="SoftwareManagement.sm_apt_install_remove" />
<testcase classname="PySysTest" name="SoftwareManagement.sm_apt_install_remove" />
</testsuite><testsuite name="SoftwareManagement.sm_apt_install_remove_default" tests="3" errors="0" failures="0" skipped="1" time="0"><testcase classname="PySysTest" name="SoftwareManagement.sm_apt_install_remove_default">
		<skipped message="SKIPPED: Testing the apt plugin is not supported on this platform.Use parameter -XmyPlatform='container' to enable it" />
		<system-out>07:10:52 INFO  ==============================================================
07:10:52 INFO  Id:    SoftwareManagement.sm_apt_install_remove_default
07:10:52 INFO  Dir:   software_management_end_to_end/
07:10:52 INFO  Title: Validate end to end behaviour for the default plugin for installation and removal of packages
07:10:52 INFO  ==============================================================
07:10:52 INFO  Testing the apt plugin is not supported on this platform.Use parameter -XmyPlatform='container' to enable it ... skipped
07:10:52 WARN  Aborted test due to SKIPPED outcome
07:10:52 INFO  
07:10:52 INFO  Test duration: 0.02 secs
07:10:52 INFO  Test final outcome:  SKIPPED
07:10:52 INFO  Test outcome reason: Testing the apt plugin is not supported on this platform.Use parameter -XmyPlatform='container' to enable it
07:10:52 INFO  
</system-out>
	</testcase>
<testcase classname="PySysTest" name="SoftwareManagement.sm_apt_install_remove_default" />
<testcase classname="PySysTest" name="SoftwareManagement.sm_apt_install_remove_default" />
</testsuite><testsuite name="SoftwareManagement.sm_apt_install_remove_multiple" tests="3" errors="0" failures="2" skipped="1" time="0"><testcase classname="PySysTest" name="SoftwareManagement.sm_apt_install_remove_multiple">
		<skipped message="SKIPPED: Testing the apt plugin is not supported on this platform.Use parameter -XmyPlatform='container' to enable it" />
		<system-out>07:10:52 INFO  ==============================================================
07:10:52 INFO  Id:    SoftwareManagement.sm_apt_install_remove_multiple
07:10:52 INFO  Dir:   software_management_end_to_end/
07:10:52 INFO  Title: Validate end to end behaviour for the apt plugin for multiple packages
07:10:52 INFO  ==============================================================
07:10:52 INFO  Testing the apt plugin is not supported on this platform.Use parameter -XmyPlatform='container' to enable it ... skipped
07:10:52 WARN  Aborted test due to SKIPPED outcome
07:10:52 INFO  
07:10:52 INFO  Test duration: 0.03 secs
07:10:52 INFO  Test final outcome:  SKIPPED
07:10:52 INFO  Test outcome reason: Testing the apt plugin is not supported on this platform.Use parameter -XmyPlatform='container' to enable it
07:10:52 INFO  
</system-out>
	</testcase>
<testcase classname="PySysTest" name="SoftwareManagement.sm_apt_install_remove_multiple">
		<failure message="FAILED: Assert that (False == value) with value=True" type="FAILED" />
		<system-out>07:43:11 INFO  ==============================================================
07:43:11 INFO  Id:    SoftwareManagement.sm_apt_install_remove_multiple
07:43:11 INFO  Dir:   software_management_end_to_end/
07:43:11 INFO  Title: Validate end to end behaviour for the apt plugin for multiple packages
07:43:11 INFO  ==============================================================
07:43:11 INFO  Using sw id database: {'asciijump': '5475369', 'robotfindskitten': '5474869', 'squirrel3': '5475279', 'rolldice': '5152439', 'moon-buggy': '5439204', 'apple': '5495053', 'banana': '5494888', 'cherry': '5495382', 'watermelon': '5494510', 'registry': '8018911', 'hello-world': '8021526', 'docker/getting-started': '8021973', 'alpine': '7991792'}
07:43:11 INFO  EnvironmentC8y Setup
07:43:11 INFO  Executed systemctl&lt;serv_mapper1&gt;, exit status 3
07:43:11 INFO  Restarting mosquitto too frequently in the last 10 seconds. It was only up for 5 seconds
07:43:11 INFO  Delaying execution by 6 seconds
07:43:32 INFO  Executed sudo&lt;tedge_connect_c8y&gt;, exit status 0, duration 14 secs
07:43:32 INFO  Executed sudo&lt;tedge_connect_c8y_test&gt;, exit status 0
07:43:33 INFO  Executed systemctl&lt;serv_mosq2&gt;, exit status 0
07:43:33 INFO  Executed systemctl&lt;serv_mapper3&gt;, exit status 0
07:43:35 INFO  State of current operation: SUCCESSFUL
07:43:36 INFO  Assert that (False == value) with value=False ... passed
07:43:36 INFO  Assert that (False == value) with value=False ... passed
07:43:36 INFO  Assert that (False == value) with value=False ... passed
07:43:36 INFO  Package robotfindskitten is installed
07:43:37 WARN  Assert that (False == value) with value=True ... failed 
07:43:37 INFO  Response status: 201
07:43:37 INFO  Response to action: {
    "creationTime": "2022-05-09T07:43:37.222Z",
    "deviceName": "mythicc",
    "deviceId": "18507404",
    "self": "https://t493319102.eu-latest.cumulocity.com/devicecontrol/operations/18523397",
    "id": "18523397",
    "status": "PENDING",
    "description": "Apply software changes, triggered from PySys: [{'action': 'install', 'id': '5475369', 'name': 'asciijump', 'url': ' ', 'version': '::apt'}, {'action': 'install', 'id': '5474869', 'name': 'robotfindskitten', 'url': ' ', 'version': '::apt'}, {'action': 'install', 'id': '5475279', 'name': 'squirrel3', 'url': ' ', 'version': '::apt'}]",
    "c8y_SoftwareUpdate": [
        {
            "name": "asciijump",
            "action": "install",
            "id": "5475369",
            "version": "::apt",
            "url": " "
        },
        {
            "name": "robotfindskitten",
            "action": "install",
            "id": "5474869",
            "version": "::apt",
            "url": " "
        },
        {
            "name": "squirrel3",
            "action": "install",
            "id": "5475279",
            "version": "::apt",
            "url": " "
        }
    ]
}
07:43:37 INFO  Started operation: {'creationTime': '2022-05-09T07:43:37.222Z', 'deviceName': 'mythicc', 'deviceId': '18507404', 'self': 'https://t493319102.eu-latest.cumulocity.com/devicecontrol/operations/18523397', 'id': '18523397', 'status': 'PENDING', 'description': "Apply software changes, triggered from PySys: [{'action': 'install', 'id': '5475369', 'name': 'asciijump', 'url': ' ', 'version': '::apt'}, {'action': 'install', 'id': '5474869', 'name': 'robotfindskitten', 'url': ' ', 'version': '::apt'}, {'action': 'install', 'id': '5475279', 'name': 'squirrel3', 'url': ' ', 'version': '::apt'}]", 'c8y_SoftwareUpdate': [{'name': 'asciijump', 'action': 'install', 'id': '5475369', 'version': '::apt', 'url': ' '}, {'name': 'robotfindskitten', 'action': 'install', 'id': '5474869', 'version': '::apt', 'url': ' '}, {'name': 'squirrel3', 'action': 'install', 'id': '5475279', 'version': '::apt', 'url': ' '}]}
07:43:39 INFO  State of operation 18523397 : PENDING
07:43:41 INFO  State of operation 18523397 : EXECUTING
07:43:43 INFO  State of operation 18523397 : EXECUTING
07:43:46 INFO  State of operation 18523397 : EXECUTING
07:43:48 INFO  State of operation 18523397 : EXECUTING
07:43:50 INFO  State of operation 18523397 : EXECUTING
07:43:53 INFO  State of operation 18523397 : EXECUTING
07:43:56 INFO  State of operation 18523397 : EXECUTING
07:43:58 INFO  State of operation 18523397 : EXECUTING
07:44:01 INFO  State of operation 18523397 : EXECUTING
07:44:03 INFO  State of operation 18523397 : EXECUTING
07:44:05 INFO  State of operation 18523397 : EXECUTING
07:44:07 INFO  State of operation 18523397 : EXECUTING
07:44:10 INFO  State of operation 18523397 : EXECUTING
07:44:12 INFO  State of operation 18523397 : EXECUTING
07:44:14 INFO  State of operation 18523397 : EXECUTING
07:44:17 INFO  State of operation 18523397 : EXECUTING
07:44:19 INFO  State of operation 18523397 : EXECUTING
07:44:22 INFO  State of operation 18523397 : EXECUTING
07:44:24 INFO  State of operation 18523397 : EXECUTING
07:44:26 INFO  State of operation 18523397 : EXECUTING
07:44:28 INFO  State of operation 18523397 : EXECUTING
07:44:31 INFO  State of operation 18523397 : EXECUTING
07:44:33 INFO  State of operation 18523397 : EXECUTING
07:44:35 INFO  State of operation 18523397 : EXECUTING
07:44:38 INFO  State of operation 18523397 : EXECUTING
07:44:40 INFO  State of operation 18523397 : EXECUTING
07:44:42 INFO  State of operation 18523397 : EXECUTING
07:44:44 INFO  State of operation 18523397 : EXECUTING
07:44:47 INFO  State of operation 18523397 : EXECUTING
07:44:49 INFO  State of operation 18523397 : EXECUTING
07:44:51 INFO  State of operation 18523397 : EXECUTING
07:44:54 INFO  State of operation 18523397 : EXECUTING
07:44:56 INFO  State of operation 18523397 : EXECUTING
07:44:58 INFO  State of operation 18523397 : EXECUTING
07:45:00 INFO  State of operation 18523397 : SUCCESSFUL
07:45:01 INFO  Assert that (False == value) with value=False ... passed
07:45:01 INFO  Package asciijump is installed
07:45:01 INFO  Assert that (True == value) with value=True ... passed
07:45:01 INFO  Package squirrel3 is installed
07:45:01 INFO  Assert that (True == value) with value=True ... passed
07:45:01 INFO  Package robotfindskitten is installed
07:45:01 INFO  Assert that (True == value) with value=True ... passed
07:45:02 INFO  Response status: 201
07:45:02 INFO  Response to action: {
    "creationTime": "2022-05-09T07:45:02.029Z",
    "deviceName": "mythicc",
    "deviceId": "18507404",
    "self": "https://t493319102.eu-latest.cumulocity.com/devicecontrol/operations/18523407",
    "id": "18523407",
    "status": "PENDING",
    "description": "Apply software changes, triggered from PySys: [{'action': 'delete', 'id': '5475369', 'name': 'asciijump', 'url': ' ', 'version': '::apt'}, {'action': 'delete', 'id': '5474869', 'name': 'robotfindskitten', 'url': ' ', 'version': '::apt'}, {'action': 'delete', 'id': '5475279', 'name': 'squirrel3', 'url': ' ', 'version': '::apt'}]",
    "c8y_SoftwareUpdate": [
        {
            "name": "asciijump",
            "action": "delete",
            "id": "5475369",
            "version": "::apt",
            "url": " "
        },
        {
            "name": "robotfindskitten",
            "action": "delete",
            "id": "5474869",
            "version": "::apt",
            "url": " "
        },
        {
            "name": "squirrel3",
            "action": "delete",
            "id": "5475279",
            "version": "::apt",
            "url": " "
        }
    ]
}
07:45:02 INFO  Started operation: {'creationTime': '2022-05-09T07:45:02.029Z', 'deviceName': 'mythicc', 'deviceId': '18507404', 'self': 'https://t493319102.eu-latest.cumulocity.com/devicecontrol/operations/18523407', 'id': '18523407', 'status': 'PENDING', 'description': "Apply software changes, triggered from PySys: [{'action': 'delete', 'id': '5475369', 'name': 'asciijump', 'url': ' ', 'version': '::apt'}, {'action': 'delete', 'id': '5474869', 'name': 'robotfindskitten', 'url': ' ', 'version': '::apt'}, {'action': 'delete', 'id': '5475279', 'name': 'squirrel3', 'url': ' ', 'version': '::apt'}]", 'c8y_SoftwareUpdate': [{'name': 'asciijump', 'action': 'delete', 'id': '5475369', 'version': '::apt', 'url': ' '}, {'name': 'robotfindskitten', 'action': 'delete', 'id': '5474869', 'version': '::apt', 'url': ' '}, {'name': 'squirrel3', 'action': 'delete', 'id': '5475279', 'version': '::apt', 'url': ' '}]}
07:45:04 INFO  State of operation 18523407 : PENDING
07:45:06 INFO  State of operation 18523407 : EXECUTING
07:45:08 INFO  State of operation 18523407 : EXECUTING
07:45:10 INFO  State of operation 18523407 : EXECUTING
07:45:13 INFO  State of operation 18523407 : EXECUTING
07:45:15 INFO  State of operation 18523407 : EXECUTING
07:45:18 INFO  State of operation 18523407 : EXECUTING
07:45:21 INFO  State of operation 18523407 : EXECUTING
07:45:23 INFO  State of operation 18523407 : EXECUTING
07:45:25 INFO  State of operation 18523407 : EXECUTING
07:45:28 INFO  State of operation 18523407 : EXECUTING
07:45:30 INFO  State of operation 18523407 : EXECUTING
07:45:32 INFO  State of operation 18523407 : EXECUTING
07:45:34 INFO  State of operation 18523407 : EXECUTING
07:45:37 INFO  State of operation 18523407 : EXECUTING
07:45:39 INFO  State of operation 18523407 : EXECUTING
07:45:41 INFO  State of operation 18523407 : EXECUTING
07:45:44 INFO  State of operation 18523407 : EXECUTING
07:45:46 INFO  State of operation 18523407 : EXECUTING
07:45:48 INFO  State of operation 18523407 : EXECUTING
07:45:51 INFO  State of operation 18523407 : EXECUTING
07:45:53 INFO  State of operation 18523407 : EXECUTING
07:45:55 INFO  State of operation 18523407 : EXECUTING
07:45:57 INFO  State of operation 18523407 : EXECUTING
07:46:00 INFO  State of operation 18523407 : EXECUTING
07:46:03 INFO  State of operation 18523407 : EXECUTING
07:46:05 INFO  State of operation 18523407 : EXECUTING
07:46:07 INFO  State of operation 18523407 : EXECUTING
07:46:10 INFO  State of operation 18523407 : SUCCESSFUL
07:46:10 INFO  Assert that (False == value) with value=False ... passed
07:46:10 INFO  Assert that (False == value) with value=False ... passed
07:46:10 INFO  Assert that (False == value) with value=False ... passed
07:46:10 INFO  Assert that (False == value) with value=False ... passed
07:46:10 INFO  
07:46:10 INFO  cleanup:
07:46:15 INFO  Executed sudo&lt;tedge_disconnect_c8y&gt;, exit status 0
07:46:16 INFO  Executed systemctl&lt;serv_mapper5&gt;, exit status 3
07:46:16 INFO  
07:46:16 INFO  Test duration: 184.98 secs
07:46:16 INFO  Test final outcome:  FAILED
07:46:16 INFO  Test outcome reason: Assert that (False == value) with value=True
07:46:16 INFO  
</system-out>
	</testcase>
<testcase classname="PySysTest" name="SoftwareManagement.sm_apt_install_remove_multiple">
		<failure message="FAILED: Assert that (False == value) with value=True (+2 other failures)" type="FAILED" />
		<system-out>08:10:08 INFO  ==============================================================
08:10:08 INFO  Id:    SoftwareManagement.sm_apt_install_remove_multiple
08:10:08 INFO  Dir:   software_management_end_to_end/
08:10:08 INFO  Title: Validate end to end behaviour for the apt plugin for multiple packages
08:10:08 INFO  ==============================================================
08:10:08 INFO  Using sw id database: {'asciijump': '5475369', 'robotfindskitten': '5474869', 'squirrel3': '5475279', 'rolldice': '5152439', 'moon-buggy': '5439204', 'apple': '5495053', 'banana': '5494888', 'cherry': '5495382', 'watermelon': '5494510', 'registry': '8018911', 'hello-world': '8021526', 'docker/getting-started': '8021973', 'alpine': '7991792'}
08:10:08 INFO  EnvironmentC8y Setup
08:10:09 INFO  Executed systemctl&lt;serv_mapper1&gt;, exit status 3
08:10:09 INFO  Restarting mosquitto too frequently in the last 10 seconds. It was only up for 5 seconds
08:10:09 INFO  Delaying execution by 6 seconds
08:10:29 INFO  Executed sudo&lt;tedge_connect_c8y&gt;, exit status 0, duration 14 secs
08:10:30 INFO  Executed sudo&lt;tedge_connect_c8y_test&gt;, exit status 0
08:10:30 INFO  Executed systemctl&lt;serv_mosq2&gt;, exit status 0
08:10:31 INFO  Executed systemctl&lt;serv_mapper3&gt;, exit status 0
08:10:33 INFO  State of current operation: SUCCESSFUL
08:10:33 INFO  Assert that (False == value) with value=False ... passed
08:10:34 INFO  Package asciijump is installed
08:10:34 WARN  Assert that (False == value) with value=True ... failed 
08:10:34 INFO  Package squirrel3 is installed
08:10:34 WARN  Assert that (False == value) with value=True ... failed 
08:10:34 INFO  Package robotfindskitten is installed
08:10:34 WARN  Assert that (False == value) with value=True ... failed 
08:10:34 INFO  Response status: 201
08:10:34 INFO  Response to action: {
    "creationTime": "2022-05-09T08:10:34.759Z",
    "deviceName": "mythicc",
    "deviceId": "18507404",
    "self": "https://t493319102.eu-latest.cumulocity.com/devicecontrol/operations/18523610",
    "id": "18523610",
    "status": "PENDING",
    "description": "Apply software changes, triggered from PySys: [{'action': 'install', 'id': '5475369', 'name': 'asciijump', 'url': ' ', 'version': '::apt'}, {'action': 'install', 'id': '5474869', 'name': 'robotfindskitten', 'url': ' ', 'version': '::apt'}, {'action': 'install', 'id': '5475279', 'name': 'squirrel3', 'url': ' ', 'version': '::apt'}]",
    "c8y_SoftwareUpdate": [
        {
            "name": "asciijump",
            "action": "install",
            "id": "5475369",
            "version": "::apt",
            "url": " "
        },
        {
            "name": "robotfindskitten",
            "action": "install",
            "id": "5474869",
            "version": "::apt",
            "url": " "
        },
        {
            "name": "squirrel3",
            "action": "install",
            "id": "5475279",
            "version": "::apt",
            "url": " "
        }
    ]
}
08:10:34 INFO  Started operation: {'creationTime': '2022-05-09T08:10:34.759Z', 'deviceName': 'mythicc', 'deviceId': '18507404', 'self': 'https://t493319102.eu-latest.cumulocity.com/devicecontrol/operations/18523610', 'id': '18523610', 'status': 'PENDING', 'description': "Apply software changes, triggered from PySys: [{'action': 'install', 'id': '5475369', 'name': 'asciijump', 'url': ' ', 'version': '::apt'}, {'action': 'install', 'id': '5474869', 'name': 'robotfindskitten', 'url': ' ', 'version': '::apt'}, {'action': 'install', 'id': '5475279', 'name': 'squirrel3', 'url': ' ', 'version': '::apt'}]", 'c8y_SoftwareUpdate': [{'name': 'asciijump', 'action': 'install', 'id': '5475369', 'version': '::apt', 'url': ' '}, {'name': 'robotfindskitten', 'action': 'install', 'id': '5474869', 'version': '::apt', 'url': ' '}, {'name': 'squirrel3', 'action': 'install', 'id': '5475279', 'version': '::apt', 'url': ' '}]}
08:10:37 INFO  State of operation 18523610 : PENDING
08:10:39 INFO  State of operation 18523610 : EXECUTING
08:10:41 INFO  State of operation 18523610 : EXECUTING
08:10:43 INFO  State of operation 18523610 : EXECUTING
08:10:45 INFO  State of operation 18523610 : EXECUTING
08:10:48 INFO  State of operation 18523610 : EXECUTING
08:10:50 INFO  State of operation 18523610 : EXECUTING
08:10:53 INFO  State of operation 18523610 : EXECUTING
08:10:56 INFO  State of operation 18523610 : EXECUTING
08:10:58 INFO  State of operation 18523610 : EXECUTING
08:11:00 INFO  State of operation 18523610 : EXECUTING
08:11:02 INFO  State of operation 18523610 : EXECUTING
08:11:05 INFO  State of operation 18523610 : EXECUTING
08:11:07 INFO  State of operation 18523610 : EXECUTING
08:11:09 INFO  State of operation 18523610 : EXECUTING
08:11:11 INFO  State of operation 18523610 : SUCCESSFUL
08:11:12 INFO  Assert that (False == value) with value=False ... passed
08:11:12 INFO  Package asciijump is installed
08:11:12 INFO  Assert that (True == value) with value=True ... passed
08:11:12 INFO  Package squirrel3 is installed
08:11:12 INFO  Assert that (True == value) with value=True ... passed
08:11:12 INFO  Package robotfindskitten is installed
08:11:12 INFO  Assert that (True == value) with value=True ... passed
08:11:13 INFO  Response status: 201
08:11:13 INFO  Response to action: {
    "creationTime": "2022-05-09T08:11:13.052Z",
    "deviceName": "mythicc",
    "deviceId": "18507404",
    "self": "https://t493319102.eu-latest.cumulocity.com/devicecontrol/operations/18523620",
    "id": "18523620",
    "status": "PENDING",
    "description": "Apply software changes, triggered from PySys: [{'action': 'delete', 'id': '5475369', 'name': 'asciijump', 'url': ' ', 'version': '::apt'}, {'action': 'delete', 'id': '5474869', 'name': 'robotfindskitten', 'url': ' ', 'version': '::apt'}, {'action': 'delete', 'id': '5475279', 'name': 'squirrel3', 'url': ' ', 'version': '::apt'}]",
    "c8y_SoftwareUpdate": [
        {
            "name": "asciijump",
            "action": "delete",
            "id": "5475369",
            "version": "::apt",
            "url": " "
        },
        {
            "name": "robotfindskitten",
            "action": "delete",
            "id": "5474869",
            "version": "::apt",
            "url": " "
        },
        {
            "name": "squirrel3",
            "action": "delete",
            "id": "5475279",
            "version": "::apt",
            "url": " "
        }
    ]
}
08:11:13 INFO  Started operation: {'creationTime': '2022-05-09T08:11:13.052Z', 'deviceName': 'mythicc', 'deviceId': '18507404', 'self': 'https://t493319102.eu-latest.cumulocity.com/devicecontrol/operations/18523620', 'id': '18523620', 'status': 'PENDING', 'description': "Apply software changes, triggered from PySys: [{'action': 'delete', 'id': '5475369', 'name': 'asciijump', 'url': ' ', 'version': '::apt'}, {'action': 'delete', 'id': '5474869', 'name': 'robotfindskitten', 'url': ' ', 'version': '::apt'}, {'action': 'delete', 'id': '5475279', 'name': 'squirrel3', 'url': ' ', 'version': '::apt'}]", 'c8y_SoftwareUpdate': [{'name': 'asciijump', 'action': 'delete', 'id': '5475369', 'version': '::apt', 'url': ' '}, {'name': 'robotfindskitten', 'action': 'delete', 'id': '5474869', 'version': '::apt', 'url': ' '}, {'name': 'squirrel3', 'action': 'delete', 'id': '5475279', 'version': '::apt', 'url': ' '}]}
08:11:15 INFO  State of operation 18523620 : PENDING
08:11:17 INFO  State of operation 18523620 : EXECUTING
08:11:19 INFO  State of operation 18523620 : EXECUTING
08:11:21 INFO  State of operation 18523620 : EXECUTING
08:11:24 INFO  State of operation 18523620 : EXECUTING
08:11:26 INFO  State of operation 18523620 : EXECUTING
08:11:29 INFO  State of operation 18523620 : EXECUTING
08:11:31 INFO  State of operation 18523620 : EXECUTING
08:11:34 INFO  State of operation 18523620 : EXECUTING
08:11:36 INFO  State of operation 18523620 : EXECUTING
08:11:38 INFO  State of operation 18523620 : EXECUTING
08:11:41 INFO  State of operation 18523620 : EXECUTING
08:11:43 INFO  State of operation 18523620 : EXECUTING
08:11:45 INFO  State of operation 18523620 : EXECUTING
08:11:47 INFO  State of operation 18523620 : EXECUTING
08:11:50 INFO  State of operation 18523620 : EXECUTING
08:11:52 INFO  State of operation 18523620 : EXECUTING
08:11:54 INFO  State of operation 18523620 : EXECUTING
08:11:57 INFO  State of operation 18523620 : EXECUTING
08:11:59 INFO  State of operation 18523620 : EXECUTING
08:12:02 INFO  State of operation 18523620 : EXECUTING
08:12:04 INFO  State of operation 18523620 : EXECUTING
08:12:06 INFO  State of operation 18523620 : EXECUTING
08:12:08 INFO  State of operation 18523620 : EXECUTING
08:12:11 INFO  State of operation 18523620 : EXECUTING
08:12:13 INFO  State of operation 18523620 : EXECUTING
08:12:16 INFO  State of operation 18523620 : EXECUTING
08:12:18 INFO  State of operation 18523620 : EXECUTING
08:12:20 INFO  State of operation 18523620 : EXECUTING
08:12:22 INFO  State of operation 18523620 : SUCCESSFUL
08:12:23 INFO  Assert that (False == value) with value=False ... passed
08:12:23 INFO  Assert that (False == value) with value=False ... passed
08:12:23 INFO  Assert that (False == value) with value=False ... passed
08:12:23 INFO  Assert that (False == value) with value=False ... passed
08:12:23 INFO  
08:12:23 INFO  cleanup:
08:12:28 INFO  Executed sudo&lt;tedge_disconnect_c8y&gt;, exit status 0
08:12:28 INFO  Executed systemctl&lt;serv_mapper5&gt;, exit status 3
08:12:28 INFO  
08:12:28 INFO  Test duration: 140.06 secs
08:12:28 INFO  Test final outcome:  FAILED
08:12:28 INFO  Test outcome reason: Assert that (False == value) with value=True (+2 other failures)
08:12:28 INFO  
</system-out>
	</testcase>
</testsuite><testsuite name="SoftwareManagement.sm_apt_install_remove_multiple_mixed" tests="3" errors="0" failures="2" skipped="1" time="0"><testcase classname="PySysTest" name="SoftwareManagement.sm_apt_install_remove_multiple_mixed">
		<skipped message="SKIPPED: Testing the apt plugin is not supported on this platform.Use parameter -XmyPlatform='container' to enable it" />
		<system-out>07:10:53 INFO  ==============================================================
07:10:53 INFO  Id:    SoftwareManagement.sm_apt_install_remove_multiple_mixed
07:10:53 INFO  Dir:   software_management_end_to_end/
07:10:53 INFO  Title: Validate end to end behaviour for the apt plugin for multiple packages with mixed versions
07:10:53 INFO  ==============================================================
07:10:53 INFO  Testing the apt plugin is not supported on this platform.Use parameter -XmyPlatform='container' to enable it ... skipped
07:10:53 WARN  Aborted test due to SKIPPED outcome
07:10:53 INFO  
07:10:53 INFO  Test duration: 0.02 secs
07:10:53 INFO  Test final outcome:  SKIPPED
07:10:53 INFO  Test outcome reason: Testing the apt plugin is not supported on this platform.Use parameter -XmyPlatform='container' to enable it
07:10:53 INFO  
</system-out>
	</testcase>
<testcase classname="PySysTest" name="SoftwareManagement.sm_apt_install_remove_multiple_mixed">
		<failure message="BLOCKED: SystemError: Timeout while waiting for status SUCCESSFUL or False" type="BLOCKED" />
		<system-out>07:46:16 INFO  ==============================================================
07:46:16 INFO  Id:    SoftwareManagement.sm_apt_install_remove_multiple_mixed
07:46:16 INFO  Dir:   software_management_end_to_end/
07:46:16 INFO  Title: Validate end to end behaviour for the apt plugin for multiple packages with mixed versions
07:46:16 INFO  ==============================================================
07:46:16 INFO  Using sw id database: {'asciijump': '5475369', 'robotfindskitten': '5474869', 'squirrel3': '5475279', 'rolldice': '5152439', 'moon-buggy': '5439204', 'apple': '5495053', 'banana': '5494888', 'cherry': '5495382', 'watermelon': '5494510', 'registry': '8018911', 'hello-world': '8021526', 'docker/getting-started': '8021973', 'alpine': '7991792'}
07:46:16 INFO  EnvironmentC8y Setup
07:46:16 INFO  Executed systemctl&lt;serv_mapper1&gt;, exit status 3
07:46:17 INFO  Restarting mosquitto too frequently in the last 10 seconds. It was only up for 6 seconds
07:46:17 INFO  Delaying execution by 5 seconds
07:46:36 INFO  Executed sudo&lt;tedge_connect_c8y&gt;, exit status 0, duration 14 secs
07:46:36 INFO  Executed sudo&lt;tedge_connect_c8y_test&gt;, exit status 0
07:46:37 INFO  Executed systemctl&lt;serv_mosq2&gt;, exit status 0
07:46:37 INFO  Executed systemctl&lt;serv_mapper3&gt;, exit status 0
07:46:40 INFO  State of current operation: SUCCESSFUL
07:46:40 INFO  Assert that (False == value) with value=False ... passed
07:46:40 INFO  Assert that (False == value) with value=False ... passed
07:46:40 INFO  Assert that (False == value) with value=False ... passed
07:46:41 INFO  Assert that (False == value) with value=False ... passed
07:46:41 INFO  Assert that (False == value) with value=False ... passed
07:46:42 INFO  Response status: 201
07:46:42 INFO  Response to action: {
    "delivery": {
        "time": "2022-05-09T07:46:42.524Z",
        "log": [],
        "status": "PENDING"
    },
    "creationTime": "2022-05-09T07:46:42.510Z",
    "deviceName": "mythicc",
    "deviceId": "18507404",
    "self": "https://t493319102.eu-latest.cumulocity.com/devicecontrol/operations/18523415",
    "id": "18523415",
    "status": "PENDING",
    "description": "Apply software changes, triggered from PySys: [{'action': 'install', 'id': '5475369', 'name': 'asciijump', 'url': ' ', 'version': '::apt'}, {'action': 'install', 'id': '5474869', 'name': 'robotfindskitten', 'url': ' ', 'version': ' '}, {'action': 'install', 'id': '5475279', 'name': 'squirrel3', 'url': ' ', 'version': '3.1-7::apt'}, {'action': 'install', 'id': '5152439', 'name': 'rolldice', 'url': ' ', 'version': '1.16-1+b1'}, {'action': 'install', 'id': '5439204', 'name': 'moon-buggy', 'url': ' ', 'version': '1:1.0.51-12'}, {'action': 'install', 'id': '5475369', 'name': 'asciijump', 'url': ' ', 'version': '::apt'}]",
    "c8y_SoftwareUpdate": [
        {
            "name": "asciijump",
            "action": "install",
            "id": "5475369",
            "version": "::apt",
            "url": " "
        },
        {
            "name": "robotfindskitten",
            "action": "install",
            "id": "5474869",
            "version": " ",
            "url": " "
        },
        {
            "name": "squirrel3",
            "action": "install",
            "id": "5475279",
            "version": "3.1-7::apt",
            "url": " "
        },
        {
            "name": "rolldice",
            "action": "install",
            "id": "5152439",
            "version": "1.16-1+b1",
            "url": " "
        },
        {
            "name": "moon-buggy",
            "action": "install",
            "id": "5439204",
            "version": "1:1.0.51-12",
            "url": " "
        },
        {
            "name": "asciijump",
            "action": "install",
            "id": "5475369",
            "version": "::apt",
            "url": " "
        }
    ]
}
07:46:42 INFO  Started operation: {'delivery': {'time': '2022-05-09T07:46:42.524Z', 'log': [], 'status': 'PENDING'}, 'creationTime': '2022-05-09T07:46:42.510Z', 'deviceName': 'mythicc', 'deviceId': '18507404', 'self': 'https://t493319102.eu-latest.cumulocity.com/devicecontrol/operations/18523415', 'id': '18523415', 'status': 'PENDING', 'description': "Apply software changes, triggered from PySys: [{'action': 'install', 'id': '5475369', 'name': 'asciijump', 'url': ' ', 'version': '::apt'}, {'action': 'install', 'id': '5474869', 'name': 'robotfindskitten', 'url': ' ', 'version': ' '}, {'action': 'install', 'id': '5475279', 'name': 'squirrel3', 'url': ' ', 'version': '3.1-7::apt'}, {'action': 'install', 'id': '5152439', 'name': 'rolldice', 'url': ' ', 'version': '1.16-1+b1'}, {'action': 'install', 'id': '5439204', 'name': 'moon-buggy', 'url': ' ', 'version': '1:1.0.51-12'}, {'action': 'install', 'id': '5475369', 'name': 'asciijump', 'url': ' ', 'version': '::apt'}]", 'c8y_SoftwareUpdate': [{'name': 'asciijump', 'action': 'install', 'id': '5475369', 'version': '::apt', 'url': ' '}, {'name': 'robotfindskitten', 'action': 'install', 'id': '5474869', 'version': ' ', 'url': ' '}, {'name': 'squirrel3', 'action': 'install', 'id': '5475279', 'version': '3.1-7::apt', 'url': ' '}, {'name': 'rolldice', 'action': 'install', 'id': '5152439', 'version': '1.16-1+b1', 'url': ' '}, {'name': 'moon-buggy', 'action': 'install', 'id': '5439204', 'version': '1:1.0.51-12', 'url': ' '}, {'name': 'asciijump', 'action': 'install', 'id': '5475369', 'version': '::apt', 'url': ' '}]}
07:46:44 INFO  State of operation 18523415 : PENDING
07:46:47 INFO  State of operation 18523415 : EXECUTING
07:46:49 INFO  State of operation 18523415 : EXECUTING
07:46:51 INFO  State of operation 18523415 : EXECUTING
07:46:53 INFO  State of operation 18523415 : EXECUTING
07:46:56 INFO  State of operation 18523415 : EXECUTING
07:46:59 INFO  State of operation 18523415 : EXECUTING
07:47:01 INFO  State of operation 18523415 : EXECUTING
07:47:04 INFO  State of operation 18523415 : EXECUTING
07:47:06 INFO  State of operation 18523415 : EXECUTING
07:47:08 INFO  State of operation 18523415 : EXECUTING
07:47:10 INFO  State of operation 18523415 : EXECUTING
07:47:13 INFO  State of operation 18523415 : EXECUTING
07:47:15 INFO  State of operation 18523415 : EXECUTING
07:47:17 INFO  State of operation 18523415 : EXECUTING
07:47:19 INFO  State of operation 18523415 : EXECUTING
07:47:22 INFO  State of operation 18523415 : EXECUTING
07:47:24 INFO  State of operation 18523415 : EXECUTING
07:47:27 INFO  State of operation 18523415 : EXECUTING
07:47:29 INFO  State of operation 18523415 : EXECUTING
07:47:31 INFO  State of operation 18523415 : EXECUTING
07:47:34 INFO  State of operation 18523415 : EXECUTING
07:47:36 INFO  State of operation 18523415 : EXECUTING
07:47:38 INFO  State of operation 18523415 : EXECUTING
07:47:41 INFO  State of operation 18523415 : EXECUTING
07:47:43 INFO  State of operation 18523415 : EXECUTING
07:47:46 INFO  State of operation 18523415 : EXECUTING
07:47:49 INFO  State of operation 18523415 : EXECUTING
07:47:51 INFO  State of operation 18523415 : EXECUTING
07:47:53 INFO  State of operation 18523415 : EXECUTING
07:47:56 INFO  State of operation 18523415 : EXECUTING
07:47:58 INFO  State of operation 18523415 : EXECUTING
07:48:00 INFO  State of operation 18523415 : EXECUTING
07:48:02 INFO  State of operation 18523415 : EXECUTING
07:48:05 INFO  State of operation 18523415 : EXECUTING
07:48:07 INFO  State of operation 18523415 : EXECUTING
07:48:09 INFO  State of operation 18523415 : EXECUTING
07:48:11 INFO  State of operation 18523415 : EXECUTING
07:48:14 INFO  State of operation 18523415 : EXECUTING
07:48:16 INFO  State of operation 18523415 : EXECUTING
07:48:19 INFO  State of operation 18523415 : EXECUTING
07:48:21 INFO  State of operation 18523415 : EXECUTING
07:48:24 INFO  State of operation 18523415 : EXECUTING
07:48:26 INFO  State of operation 18523415 : EXECUTING
07:48:28 INFO  State of operation 18523415 : EXECUTING
07:48:30 INFO  State of operation 18523415 : EXECUTING
07:48:33 INFO  State of operation 18523415 : EXECUTING
07:48:35 INFO  State of operation 18523415 : EXECUTING
07:48:37 INFO  State of operation 18523415 : EXECUTING
07:48:39 INFO  State of operation 18523415 : EXECUTING
07:48:42 INFO  State of operation 18523415 : EXECUTING
07:48:45 INFO  State of operation 18523415 : EXECUTING
07:48:47 INFO  State of operation 18523415 : EXECUTING
07:48:49 INFO  State of operation 18523415 : EXECUTING
07:48:52 INFO  State of operation 18523415 : EXECUTING
07:48:54 INFO  State of operation 18523415 : EXECUTING
07:48:56 INFO  State of operation 18523415 : EXECUTING
07:48:59 INFO  State of operation 18523415 : EXECUTING
07:49:01 INFO  State of operation 18523415 : EXECUTING
07:49:04 INFO  State of operation 18523415 : EXECUTING
07:49:06 INFO  State of operation 18523415 : EXECUTING
07:49:08 WARN  SystemError occurred while running test - Timeout while waiting for status SUCCESSFUL or False
Traceback (most recent call last):
  File "/home/pi/env-pysys/lib/python3.7/site-packages/pysys/baserunner.py", line 1294, in __call__
    self.testObj.execute()
  File "/home/pi/actions-runner/_work/thin-edge.io/thin-edge.io/tests/PySys/software_management_end_to_end/sm_apt_install_remove_multiple_mixed/run.py", line 89, in execute
    self.wait_until_succcess()
  File "/home/pi/actions-runner/_work/thin-edge.io/thin-edge.io/tests/PySys/software_management_end_to_end/environment_sm_management.py", line 324, in wait_until_succcess
    self.wait_until_status("SUCCESSFUL")
  File "/home/pi/actions-runner/_work/thin-edge.io/thin-edge.io/tests/PySys/software_management_end_to_end/environment_sm_management.py", line 381, in wait_until_status
    "Timeout while waiting for status %s or %s" % (status, status2)
SystemError: Timeout while waiting for status SUCCESSFUL or False
07:49:09 WARN  SystemError: Timeout while waiting for status SUCCESSFUL or False ... blocked 
07:49:09 INFO  
07:49:09 INFO  cleanup:
07:49:13 INFO  Executed sudo&lt;tedge_disconnect_c8y&gt;, exit status 0
07:49:14 INFO  Executed systemctl&lt;serv_mapper5&gt;, exit status 3
07:49:14 INFO  
07:49:14 INFO  Test duration: 177.70 secs
07:49:14 INFO  Test final outcome:  BLOCKED
07:49:14 INFO  Test outcome reason: SystemError: Timeout while waiting for status SUCCESSFUL or False
07:49:14 INFO  
</system-out>
	</testcase>
<testcase classname="PySysTest" name="SoftwareManagement.sm_apt_install_remove_multiple_mixed">
		<failure message="BLOCKED: SystemError: Timeout while waiting for status SUCCESSFUL or False (+1 other failures)" type="BLOCKED" />
		<system-out>08:12:28 INFO  ==============================================================
08:12:28 INFO  Id:    SoftwareManagement.sm_apt_install_remove_multiple_mixed
08:12:28 INFO  Dir:   software_management_end_to_end/
08:12:28 INFO  Title: Validate end to end behaviour for the apt plugin for multiple packages with mixed versions
08:12:28 INFO  ==============================================================
08:12:28 INFO  Using sw id database: {'asciijump': '5475369', 'robotfindskitten': '5474869', 'squirrel3': '5475279', 'rolldice': '5152439', 'moon-buggy': '5439204', 'apple': '5495053', 'banana': '5494888', 'cherry': '5495382', 'watermelon': '5494510', 'registry': '8018911', 'hello-world': '8021526', 'docker/getting-started': '8021973', 'alpine': '7991792'}
08:12:28 INFO  EnvironmentC8y Setup
08:12:29 INFO  Executed systemctl&lt;serv_mapper1&gt;, exit status 3
08:12:29 INFO  Restarting mosquitto too frequently in the last 10 seconds. It was only up for 5 seconds
08:12:29 INFO  Delaying execution by 6 seconds
08:12:49 INFO  Executed sudo&lt;tedge_connect_c8y&gt;, exit status 0, duration 13 secs
08:12:50 INFO  Executed sudo&lt;tedge_connect_c8y_test&gt;, exit status 0
08:12:50 INFO  Executed systemctl&lt;serv_mosq2&gt;, exit status 0
08:12:50 INFO  Executed systemctl&lt;serv_mapper3&gt;, exit status 0
08:12:53 INFO  State of current operation: SUCCESSFUL
08:12:53 INFO  Assert that (False == value) with value=False ... passed
08:12:53 INFO  Assert that (False == value) with value=False ... passed
08:12:53 INFO  Assert that (False == value) with value=False ... passed
08:12:54 INFO  Assert that (False == value) with value=False ... passed
08:12:54 INFO  Package moon-buggy is installed
08:12:54 WARN  Assert that (False == value) with value=True ... failed 
08:12:55 INFO  Response status: 201
08:12:55 INFO  Response to action: {
    "delivery": {
        "time": "2022-05-09T08:12:55.746Z",
        "log": [],
        "status": "PENDING"
    },
    "creationTime": "2022-05-09T08:12:55.732Z",
    "deviceName": "mythicc",
    "deviceId": "18507404",
    "self": "https://t493319102.eu-latest.cumulocity.com/devicecontrol/operations/18523633",
    "id": "18523633",
    "status": "PENDING",
    "description": "Apply software changes, triggered from PySys: [{'action': 'install', 'id': '5475369', 'name': 'asciijump', 'url': ' ', 'version': '::apt'}, {'action': 'install', 'id': '5474869', 'name': 'robotfindskitten', 'url': ' ', 'version': ' '}, {'action': 'install', 'id': '5475279', 'name': 'squirrel3', 'url': ' ', 'version': '3.1-7::apt'}, {'action': 'install', 'id': '5152439', 'name': 'rolldice', 'url': ' ', 'version': '1.16-1+b1'}, {'action': 'install', 'id': '5439204', 'name': 'moon-buggy', 'url': ' ', 'version': '1:1.0.51-12'}, {'action': 'install', 'id': '5475369', 'name': 'asciijump', 'url': ' ', 'version': '::apt'}]",
    "c8y_SoftwareUpdate": [
        {
            "name": "asciijump",
            "action": "install",
            "id": "5475369",
            "version": "::apt",
            "url": " "
        },
        {
            "name": "robotfindskitten",
            "action": "install",
            "id": "5474869",
            "version": " ",
            "url": " "
        },
        {
            "name": "squirrel3",
            "action": "install",
            "id": "5475279",
            "version": "3.1-7::apt",
            "url": " "
        },
        {
            "name": "rolldice",
            "action": "install",
            "id": "5152439",
            "version": "1.16-1+b1",
            "url": " "
        },
        {
            "name": "moon-buggy",
            "action": "install",
            "id": "5439204",
            "version": "1:1.0.51-12",
            "url": " "
        },
        {
            "name": "asciijump",
            "action": "install",
            "id": "5475369",
            "version": "::apt",
            "url": " "
        }
    ]
}
08:12:55 INFO  Started operation: {'delivery': {'time': '2022-05-09T08:12:55.746Z', 'log': [], 'status': 'PENDING'}, 'creationTime': '2022-05-09T08:12:55.732Z', 'deviceName': 'mythicc', 'deviceId': '18507404', 'self': 'https://t493319102.eu-latest.cumulocity.com/devicecontrol/operations/18523633', 'id': '18523633', 'status': 'PENDING', 'description': "Apply software changes, triggered from PySys: [{'action': 'install', 'id': '5475369', 'name': 'asciijump', 'url': ' ', 'version': '::apt'}, {'action': 'install', 'id': '5474869', 'name': 'robotfindskitten', 'url': ' ', 'version': ' '}, {'action': 'install', 'id': '5475279', 'name': 'squirrel3', 'url': ' ', 'version': '3.1-7::apt'}, {'action': 'install', 'id': '5152439', 'name': 'rolldice', 'url': ' ', 'version': '1.16-1+b1'}, {'action': 'install', 'id': '5439204', 'name': 'moon-buggy', 'url': ' ', 'version': '1:1.0.51-12'}, {'action': 'install', 'id': '5475369', 'name': 'asciijump', 'url': ' ', 'version': '::apt'}]", 'c8y_SoftwareUpdate': [{'name': 'asciijump', 'action': 'install', 'id': '5475369', 'version': '::apt', 'url': ' '}, {'name': 'robotfindskitten', 'action': 'install', 'id': '5474869', 'version': ' ', 'url': ' '}, {'name': 'squirrel3', 'action': 'install', 'id': '5475279', 'version': '3.1-7::apt', 'url': ' '}, {'name': 'rolldice', 'action': 'install', 'id': '5152439', 'version': '1.16-1+b1', 'url': ' '}, {'name': 'moon-buggy', 'action': 'install', 'id': '5439204', 'version': '1:1.0.51-12', 'url': ' '}, {'name': 'asciijump', 'action': 'install', 'id': '5475369', 'version': '::apt', 'url': ' '}]}
08:12:58 INFO  State of operation 18523633 : PENDING
08:13:00 INFO  State of operation 18523633 : EXECUTING
08:13:02 INFO  State of operation 18523633 : EXECUTING
08:13:04 INFO  State of operation 18523633 : EXECUTING
08:13:06 INFO  State of operation 18523633 : EXECUTING
08:13:09 INFO  State of operation 18523633 : EXECUTING
08:13:11 INFO  State of operation 18523633 : EXECUTING
08:13:14 INFO  State of operation 18523633 : EXECUTING
08:13:16 INFO  State of operation 18523633 : EXECUTING
08:13:19 INFO  State of operation 18523633 : EXECUTING
08:13:21 INFO  State of operation 18523633 : EXECUTING
08:13:23 INFO  State of operation 18523633 : EXECUTING
08:13:26 INFO  State of operation 18523633 : EXECUTING
08:13:28 INFO  State of operation 18523633 : EXECUTING
08:13:30 INFO  State of operation 18523633 : EXECUTING
08:13:32 INFO  State of operation 18523633 : EXECUTING
08:13:35 INFO  State of operation 18523633 : EXECUTING
08:13:37 INFO  State of operation 18523633 : EXECUTING
08:13:39 INFO  State of operation 18523633 : EXECUTING
08:13:42 INFO  State of operation 18523633 : EXECUTING
08:13:44 INFO  State of operation 18523633 : EXECUTING
08:13:47 INFO  State of operation 18523633 : EXECUTING
08:13:49 INFO  State of operation 18523633 : EXECUTING
08:13:51 INFO  State of operation 18523633 : EXECUTING
08:13:54 INFO  State of operation 18523633 : EXECUTING
08:13:56 INFO  State of operation 18523633 : EXECUTING
08:13:59 INFO  State of operation 18523633 : EXECUTING
08:14:01 INFO  State of operation 18523633 : EXECUTING
08:14:04 INFO  State of operation 18523633 : EXECUTING
08:14:06 INFO  State of operation 18523633 : EXECUTING
08:14:08 INFO  State of operation 18523633 : EXECUTING
08:14:11 INFO  State of operation 18523633 : EXECUTING
08:14:13 INFO  State of operation 18523633 : EXECUTING
08:14:15 INFO  State of operation 18523633 : EXECUTING
08:14:17 INFO  State of operation 18523633 : EXECUTING
08:14:20 INFO  State of operation 18523633 : EXECUTING
08:14:22 INFO  State of operation 18523633 : EXECUTING
08:14:24 INFO  State of operation 18523633 : EXECUTING
08:14:26 INFO  State of operation 18523633 : EXECUTING
08:14:29 INFO  State of operation 18523633 : EXECUTING
08:14:32 INFO  State of operation 18523633 : EXECUTING
08:14:34 INFO  State of operation 18523633 : EXECUTING
08:14:37 INFO  State of operation 18523633 : EXECUTING
08:14:39 INFO  State of operation 18523633 : EXECUTING
08:14:41 INFO  State of operation 18523633 : EXECUTING
08:14:43 INFO  State of operation 18523633 : EXECUTING
08:14:45 INFO  State of operation 18523633 : EXECUTING
08:14:48 INFO  State of operation 18523633 : EXECUTING
08:14:50 INFO  State of operation 18523633 : EXECUTING
08:14:52 INFO  State of operation 18523633 : EXECUTING
08:14:55 INFO  State of operation 18523633 : EXECUTING
08:14:57 INFO  State of operation 18523633 : EXECUTING
08:14:59 INFO  State of operation 18523633 : EXECUTING
08:15:02 INFO  State of operation 18523633 : EXECUTING
08:15:04 INFO  State of operation 18523633 : EXECUTING
08:15:07 INFO  State of operation 18523633 : EXECUTING
08:15:09 INFO  State of operation 18523633 : EXECUTING
08:15:11 INFO  State of operation 18523633 : EXECUTING
08:15:13 INFO  State of operation 18523633 : EXECUTING
08:15:16 INFO  State of operation 18523633 : EXECUTING
08:15:18 INFO  State of operation 18523633 : EXECUTING
08:15:20 WARN  SystemError occurred while running test - Timeout while waiting for status SUCCESSFUL or False
Traceback (most recent call last):
  File "/home/pi/env-pysys/lib/python3.7/site-packages/pysys/baserunner.py", line 1294, in __call__
    self.testObj.execute()
  File "/home/pi/actions-runner/_work/thin-edge.io/thin-edge.io/tests/PySys/software_management_end_to_end/sm_apt_install_remove_multiple_mixed/run.py", line 89, in execute
    self.wait_until_succcess()
  File "/home/pi/actions-runner/_work/thin-edge.io/thin-edge.io/tests/PySys/software_management_end_to_end/environment_sm_management.py", line 324, in wait_until_succcess
    self.wait_until_status("SUCCESSFUL")
  File "/home/pi/actions-runner/_work/thin-edge.io/thin-edge.io/tests/PySys/software_management_end_to_end/environment_sm_management.py", line 381, in wait_until_status
    "Timeout while waiting for status %s or %s" % (status, status2)
SystemError: Timeout while waiting for status SUCCESSFUL or False
08:15:20 WARN  SystemError: Timeout while waiting for status SUCCESSFUL or False ... blocked 
08:15:20 INFO  
08:15:20 INFO  cleanup:
08:15:25 INFO  Executed sudo&lt;tedge_disconnect_c8y&gt;, exit status 0
08:15:25 INFO  Executed systemctl&lt;serv_mapper5&gt;, exit status 3
08:15:25 INFO  
08:15:25 INFO  Test duration: 177.02 secs
08:15:25 INFO  Test final outcome:  BLOCKED
08:15:25 INFO  Test outcome reason: SystemError: Timeout while waiting for status SUCCESSFUL or False (+1 other failures)
08:15:25 INFO  
</system-out>
	</testcase>
</testsuite><testsuite name="SoftwareManagement.sm_apt_install_remove_with_version" tests="3" errors="0" failures="0" skipped="1" time="0"><testcase classname="PySysTest" name="SoftwareManagement.sm_apt_install_remove_with_version">
		<skipped message="SKIPPED: Testing the apt plugin is not supported on this platform.Use parameter -XmyPlatform='container' to enable it" />
		<system-out>07:10:53 INFO  ==============================================================
07:10:53 INFO  Id:    SoftwareManagement.sm_apt_install_remove_with_version
07:10:53 INFO  Dir:   software_management_end_to_end/
07:10:53 INFO  Title: Validate end to end behaviour for the apt plugin for packages with version
07:10:53 INFO  ==============================================================
07:10:53 INFO  Testing the apt plugin is not supported on this platform.Use parameter -XmyPlatform='container' to enable it ... skipped
07:10:53 WARN  Aborted test due to SKIPPED outcome
07:10:53 INFO  
07:10:53 INFO  Test duration: 0.02 secs
07:10:53 INFO  Test final outcome:  SKIPPED
07:10:53 INFO  Test outcome reason: Testing the apt plugin is not supported on this platform.Use parameter -XmyPlatform='container' to enable it
07:10:53 INFO  
</system-out>
	</testcase>
<testcase classname="PySysTest" name="SoftwareManagement.sm_apt_install_remove_with_version" />
<testcase classname="PySysTest" name="SoftwareManagement.sm_apt_install_remove_with_version" />
</testsuite><testsuite name="SoftwareManagement.sm_docker_install_remove_multiple" tests="3" errors="0" failures="0" skipped="1" time="0"><testcase classname="SMDockerInstallRemove" name="SoftwareManagement.sm_docker_install_remove_multiple">
		<skipped message="SKIPPED: Testing the apt plugin is not supported on this platform.Use parameter -XmyPlatform='container' to enable it" />
		<system-out>07:10:53 INFO  ==============================================================
07:10:53 INFO  Id:    SoftwareManagement.sm_docker_install_remove_multiple
07:10:53 INFO  Dir:   software_management_end_to_end/
07:10:53 INFO  Title: Validate end to end behaviour for the docker plugin for multiple docker images with mixed versions
07:10:53 INFO  ==============================================================
07:10:53 INFO  Testing the apt plugin is not supported on this platform.Use parameter -XmyPlatform='container' to enable it ... skipped
07:10:53 WARN  Aborted test due to SKIPPED outcome
07:10:53 INFO  
07:10:53 INFO  Test duration: 0.04 secs
07:10:53 INFO  Test final outcome:  SKIPPED
07:10:53 INFO  Test outcome reason: Testing the apt plugin is not supported on this platform.Use parameter -XmyPlatform='container' to enable it
07:10:53 INFO  
</system-out>
	</testcase>
<testcase classname="SMDockerInstallRemove" name="SoftwareManagement.sm_docker_install_remove_multiple" />
<testcase classname="SMDockerInstallRemove" name="SoftwareManagement.sm_docker_install_remove_multiple" />
</testsuite><testsuite name="SoftwareManagement.sm_fake_install_remove" tests="2" errors="0" failures="0" skipped="1" time="0"><testcase classname="PySysTest" name="SoftwareManagement.sm_fake_install_remove">
		<skipped message="SKIPPED: Testing the fake plugin is not enabled.Use parameter -Xfakeplugin=fakeplugin to enable it" />
		<system-out>07:10:53 INFO  ==============================================================
07:10:53 INFO  Id:    SoftwareManagement.sm_fake_install_remove
07:10:53 INFO  Dir:   software_management_end_to_end/
07:10:53 INFO  Title: Validate end to end behaviour for the dummy plugin for installation and removal of packages
07:10:53 INFO  ==============================================================
07:10:53 INFO  Testing the fake plugin is not enabled.Use parameter -Xfakeplugin=fakeplugin to enable it ... skipped
07:10:53 WARN  Aborted test due to SKIPPED outcome
07:10:53 INFO  
07:10:53 INFO  Test duration: 0.02 secs
07:10:53 INFO  Test final outcome:  SKIPPED
07:10:53 INFO  Test outcome reason: Testing the fake plugin is not enabled.Use parameter -Xfakeplugin=fakeplugin to enable it
07:10:53 INFO  
</system-out>
	</testcase>
<testcase classname="PySysTest" name="SoftwareManagement.sm_fake_install_remove" />
</testsuite><testsuite name="SoftwareManagement.sm_fake_install_remove_multiple" tests="2" errors="0" failures="0" skipped="1" time="0"><testcase classname="PySysTest" name="SoftwareManagement.sm_fake_install_remove_multiple">
		<skipped message="SKIPPED: Testing the fake plugin is not enabled.Use parameter -Xfakeplugin=fakeplugin to enable it" />
		<system-out>07:10:53 INFO  ==============================================================
07:10:53 INFO  Id:    SoftwareManagement.sm_fake_install_remove_multiple
07:10:53 INFO  Dir:   software_management_end_to_end/
07:10:53 INFO  Title: Validate end to end behaviour for the dummy-plugin for multiple packages
07:10:53 INFO  ==============================================================
07:10:53 INFO  Testing the fake plugin is not enabled.Use parameter -Xfakeplugin=fakeplugin to enable it ... skipped
07:10:53 WARN  Aborted test due to SKIPPED outcome
07:10:53 INFO  
07:10:53 INFO  Test duration: 0.03 secs
07:10:53 INFO  Test final outcome:  SKIPPED
07:10:53 INFO  Test outcome reason: Testing the fake plugin is not enabled.Use parameter -Xfakeplugin=fakeplugin to enable it
07:10:53 INFO  
</system-out>
	</testcase>
<testcase classname="PySysTest" name="SoftwareManagement.sm_fake_install_remove_multiple" />
</testsuite><testsuite name="SoftwareManagement.sm_mapper_fail_and_reconnect" tests="2" errors="0" failures="0" skipped="2" time="0"><testcase classname="MapperC8yReceiveLastMessageOnRestart" name="SoftwareManagement.sm_mapper_fail_and_reconnect">
		<skipped message="SKIPPED: instable https://github.com/thin-edge/thin-edge.io/issues/752" />
		<system-out>07:10:53 INFO  ==============================================================
07:10:53 INFO  Id:    SoftwareManagement.sm_mapper_fail_and_reconnect
07:10:53 INFO  Dir:   software_management_end_to_end/
07:10:53 INFO  Title: Validate the tedge-mapper-sm-c8y for receiving the last message on restart
07:10:53 INFO  ==============================================================
07:10:53 INFO  instable https://github.com/thin-edge/thin-edge.io/issues/752 ... skipped
07:10:53 INFO  
07:10:53 INFO  Test duration: 0.02 secs
07:10:53 INFO  Test final outcome:  SKIPPED
07:10:53 INFO  Test outcome reason: instable https://github.com/thin-edge/thin-edge.io/issues/752
07:10:53 INFO  
</system-out>
	</testcase>
<testcase classname="MapperC8yReceiveLastMessageOnRestart" name="SoftwareManagement.sm_mapper_fail_and_reconnect">
		<skipped message="SKIPPED: instable https://github.com/thin-edge/thin-edge.io/issues/752" />
		<system-out>08:22:32 INFO  ==============================================================
08:22:32 INFO  Id:    SoftwareManagement.sm_mapper_fail_and_reconnect
08:22:32 INFO  Dir:   software_management_end_to_end/
08:22:32 INFO  Title: Validate the tedge-mapper-sm-c8y for receiving the last message on restart
08:22:32 INFO  ==============================================================
08:22:32 INFO  instable https://github.com/thin-edge/thin-edge.io/issues/752 ... skipped
08:22:32 INFO  
08:22:32 INFO  Test duration: 0.04 secs
08:22:32 INFO  Test final outcome:  SKIPPED
08:22:32 INFO  Test outcome reason: instable https://github.com/thin-edge/thin-edge.io/issues/752
08:22:32 INFO  
</system-out>
	</testcase>
</testsuite><testsuite name="SoftwareManagement.sm_mixed_install_remove_multiple" tests="2" errors="0" failures="1" skipped="1" time="0"><testcase classname="PySysTest" name="SoftwareManagement.sm_mixed_install_remove_multiple">
		<skipped message="SKIPPED: Testing the fake plugin is not enabled.Use parameter -Xfakeplugin=fakeplugin to enable it" />
		<system-out>07:10:53 INFO  ==============================================================
07:10:53 INFO  Id:    SoftwareManagement.sm_mixed_install_remove_multiple
07:10:53 INFO  Dir:   software_management_end_to_end/
07:10:53 INFO  Title: Validate end to end behaviour for the dummy-plugin for multiple packages with mixed versions
07:10:53 INFO  ==============================================================
07:10:53 INFO  Testing the fake plugin is not enabled.Use parameter -Xfakeplugin=fakeplugin to enable it ... skipped
07:10:53 WARN  Aborted test due to SKIPPED outcome
07:10:53 INFO  
07:10:53 INFO  Test duration: 0.03 secs
07:10:53 INFO  Test final outcome:  SKIPPED
07:10:53 INFO  Test outcome reason: Testing the fake plugin is not enabled.Use parameter -Xfakeplugin=fakeplugin to enable it
07:10:53 INFO  
</system-out>
	</testcase>
<testcase classname="PySysTest" name="SoftwareManagement.sm_mixed_install_remove_multiple">
		<failure message="FAILED: Assert that (False == value) with value=True" type="FAILED" />
		<system-out>08:22:32 INFO  ==============================================================
08:22:32 INFO  Id:    SoftwareManagement.sm_mixed_install_remove_multiple
08:22:32 INFO  Dir:   software_management_end_to_end/
08:22:32 INFO  Title: Validate end to end behaviour for the dummy-plugin for multiple packages with mixed versions
08:22:32 INFO  ==============================================================
08:22:32 INFO  Using sw id database: {'asciijump': '5475369', 'robotfindskitten': '5474869', 'squirrel3': '5475279', 'rolldice': '5152439', 'moon-buggy': '5439204', 'apple': '5495053', 'banana': '5494888', 'cherry': '5495382', 'watermelon': '5494510', 'registry': '8018911', 'hello-world': '8021526', 'docker/getting-started': '8021973', 'alpine': '7991792'}
08:22:32 INFO  EnvironmentC8y Setup
08:22:33 INFO  Executed systemctl&lt;serv_mapper1&gt;, exit status 3
08:22:33 INFO  Restarting mosquitto too frequently in the last 10 seconds. It was only up for 7 seconds
08:22:33 INFO  Delaying execution by 4 seconds
08:22:52 INFO  Executed sudo&lt;tedge_connect_c8y&gt;, exit status 0, duration 14 secs
08:22:52 INFO  Executed sudo&lt;tedge_connect_c8y_test&gt;, exit status 0
08:22:53 INFO  Executed systemctl&lt;serv_mosq2&gt;, exit status 0
08:22:53 INFO  Executed systemctl&lt;serv_mapper3&gt;, exit status 0
08:22:55 INFO  State of current operation: SUCCESSFUL
08:22:56 INFO  Package apple is installed
08:22:56 INFO  Assert that (True == value) with value=True ... passed
08:22:56 INFO  Package banana is installed
08:22:56 INFO  Assert that (True == value) with value=True ... passed
08:22:56 INFO  Package cherry is installed
08:22:56 INFO  Assert that (True == value) with value=True ... passed
08:22:56 INFO  Package asciijump is installed
08:22:56 WARN  Assert that (False == value) with value=True ... failed 
08:22:57 INFO  Assert that (False == value) with value=False ... passed
08:22:57 INFO  Response status: 201
08:22:57 INFO  Response to action: {
    "creationTime": "2022-05-09T08:22:57.370Z",
    "deviceName": "mythicc",
    "deviceId": "18507404",
    "self": "https://t493319102.eu-latest.cumulocity.com/devicecontrol/operations/18523761",
    "id": "18523761",
    "status": "PENDING",
    "description": "Apply software changes, triggered from PySys: [{'action': 'install', 'id': '5495053', 'name': 'apple', 'url': ' ', 'version': '::fruits'}, {'action': 'install', 'id': '5494888', 'name': 'banana', 'url': ' ', 'version': '::fruits'}, {'action': 'install', 'id': '5475369', 'name': 'asciijump', 'url': ' ', 'version': '::apt'}, {'action': 'install', 'id': '5495382', 'name': 'cherry', 'url': ' ', 'version': '::fruits'}, {'action': 'install', 'id': '8018911', 'name': 'registry', 'url': ' ', 'version': '::docker'}]",
    "c8y_SoftwareUpdate": [
        {
            "name": "apple",
            "action": "install",
            "id": "5495053",
            "version": "::fruits",
            "url": " "
        },
        {
            "name": "banana",
            "action": "install",
            "id": "5494888",
[...]
</system-out>
	</testcase>
<testcase classname="DockerPluginInstallWithVersionTest" name="docker_plugin_install_with_version" />
</testsuite><testsuite name="docker_plugin_remove" tests="2" errors="0" failures="0" skipped="1" time="0"><testcase classname="DockerPluginRemoveTest" name="docker_plugin_remove">
		<skipped message="SKIPPED: Testing the docker plugin is not supported on this platform.To run it, all the test with -XmyPlatform='container'" />
		<system-out>07:01:13 INFO  ==============================================================
07:01:13 INFO  Id:    docker_plugin_remove
07:01:13 INFO  Dir:   plugin_docker/
07:01:13 INFO  Title: Validate docker plugin remove
07:01:13 INFO  ==============================================================
07:01:13 INFO  Testing the docker plugin is not supported on this platform.To run it, all the test with -XmyPlatform='container' ... skipped
07:01:13 WARN  Aborted test due to SKIPPED outcome
07:01:13 INFO  
07:01:13 INFO  Test duration: 0.02 secs
07:01:13 INFO  Test final outcome:  SKIPPED
07:01:13 INFO  Test outcome reason: Testing the docker plugin is not supported on this platform.To run it, all the test with -XmyPlatform='container'
07:01:13 INFO  
</system-out>
	</testcase>
<testcase classname="DockerPluginRemoveTest" name="docker_plugin_remove" />
</testsuite><testsuite name="docker_plugin_remove_with_version" tests="2" errors="0" failures="0" skipped="1" time="0"><testcase classname="DockerPluginRemoveWithVersionTest" name="docker_plugin_remove_with_version">
		<skipped message="SKIPPED: Testing the docker plugin is not supported on this platform.To run it, all the test with -XmyPlatform='container'" />
		<system-out>07:01:13 INFO  ==============================================================
07:01:13 INFO  Id:    docker_plugin_remove_with_version
07:01:13 INFO  Dir:   plugin_docker/
07:01:13 INFO  Title: Validate docker plugin remove with version
07:01:13 INFO  ==============================================================
07:01:13 INFO  Testing the docker plugin is not supported on this platform.To run it, all the test with -XmyPlatform='container' ... skipped
07:01:13 WARN  Aborted test due to SKIPPED outcome
07:01:13 INFO  
07:01:13 INFO  Test duration: 0.02 secs
07:01:13 INFO  Test final outcome:  SKIPPED
07:01:13 INFO  Test outcome reason: Testing the docker plugin is not supported on this platform.To run it, all the test with -XmyPlatform='container'
07:01:13 INFO  
</system-out>
	</testcase>
<testcase classname="DockerPluginRemoveWithVersionTest" name="docker_plugin_remove_with_version" />
</testsuite><testsuite name="docker_plugin_update" tests="2" errors="0" failures="0" skipped="1" time="0"><testcase classname="DockerPluginUpdateTest" name="docker_plugin_update">
		<skipped message="SKIPPED: Testing the docker plugin is not supported on this platform.To run it, all the test with -XmyPlatform='container'" />
		<system-out>07:01:13 INFO  ==============================================================
07:01:13 INFO  Id:    docker_plugin_update
07:01:13 INFO  Dir:   plugin_docker/
07:01:13 INFO  Title: Validate docker plugin install updates existing containers
07:01:13 INFO  ==============================================================
07:01:13 INFO  Testing the docker plugin is not supported on this platform.To run it, all the test with -XmyPlatform='container' ... skipped
07:01:13 WARN  Aborted test due to SKIPPED outcome
07:01:13 INFO  
07:01:13 INFO  Test duration: 0.02 secs
07:01:13 INFO  Test final outcome:  SKIPPED
07:01:13 INFO  Test outcome reason: Testing the docker plugin is not supported on this platform.To run it, all the test with -XmyPlatform='container'
07:01:13 INFO  
</system-out>
	</testcase>
<testcase classname="DockerPluginUpdateTest" name="docker_plugin_update" />
</testsuite><testsuite name="invalid_device_id" tests="1" errors="0" failures="0" skipped="0" time="0"><testcase classname="InvalidDeviceId" name="invalid_device_id" />
</testsuite><testsuite name="local_mqtt_pub_fail_noqos" tests="1" errors="0" failures="0" skipped="0" time="0"><testcase classname="PySysTest" name="local_mqtt_pub_fail_noqos" />
</testsuite><testsuite name="local_mqtt_pub_fail_qos0" tests="1" errors="0" failures="0" skipped="0" time="0"><testcase classname="PySysTest" name="local_mqtt_pub_fail_qos0" />
</testsuite><testsuite name="local_mqtt_pub_fail_qos1" tests="1" errors="0" failures="0" skipped="0" time="0"><testcase classname="PySysTest" name="local_mqtt_pub_fail_qos1" />
</testsuite><testsuite name="local_mqtt_pub_fail_qos2" tests="1" errors="0" failures="0" skipped="0" time="0"><testcase classname="PySysTest" name="local_mqtt_pub_fail_qos2" />
</testsuite><testsuite name="local_mqtt_pub_sub" tests="1" errors="0" failures="0" skipped="0" time="0"><testcase classname="PySysTest" name="local_mqtt_pub_sub" />
</testsuite><testsuite name="local_mqtt_pub_sub_retain" tests="1" errors="0" failures="0" skipped="0" time="0"><testcase classname="MqttPublishWithRetain" name="local_mqtt_pub_sub_retain" />
</testsuite><testsuite name="local_mqtt_pub_sub_with_sudo" tests="1" errors="0" failures="0" skipped="0" time="0"><testcase classname="PySysTest" name="local_mqtt_pub_sub_with_sudo" />
</testsuite><testsuite name="local_mqtt_sub_fail" tests="1" errors="0" failures="0" skipped="0" time="0"><testcase classname="PySysTest" name="local_mqtt_sub_fail" />
</testsuite><testsuite name="log_request_error_messages" tests="1" errors="0" failures="0" skipped="1" time="0"><testcase classname="LogRequestVerifySearchTextError" name="log_request_error_messages">
		<skipped message="SKIPPED: Test execution disabled due to #1123" />
		<system-out>06:59:10 INFO  ==============================================================
06:59:10 INFO  Id:    log_request_error_messages
06:59:10 INFO  Dir:   log_request_end_to_end/
06:59:10 INFO  Title: Validate end to end behaviour for the log request operation check for error messages
06:59:10 INFO  ==============================================================
06:59:11 INFO  Test execution disabled due to #1123 ... skipped
06:59:11 INFO  
06:59:11 INFO  Test duration: 1.49 secs
06:59:11 INFO  Test final outcome:  SKIPPED
06:59:11 INFO  Test outcome reason: Test execution disabled due to #1123
06:59:11 INFO  
</system-out>
	</testcase>
</testsuite><testsuite name="log_request_num_lines" tests="1" errors="0" failures="0" skipped="1" time="0"><testcase classname="LogRequestVerifyNumberOfLines" name="log_request_num_lines">
		<skipped message="SKIPPED: Test execution disabled due to #1123" />
		<system-out>06:59:11 INFO  ==============================================================
06:59:11 INFO  Id:    log_request_num_lines
06:59:11 INFO  Dir:   log_request_end_to_end/
06:59:11 INFO  Title: Validate end to end behaviour for the log request operation check for number of lines
06:59:11 INFO  ==============================================================
06:59:11 INFO  Test execution disabled due to #1123 ... skipped
06:59:11 INFO  
06:59:11 INFO  Test duration: 0.02 secs
06:59:11 INFO  Test final outcome:  SKIPPED
06:59:11 INFO  Test outcome reason: Test execution disabled due to #1123
06:59:11 INFO  
</system-out>
	</testcase>
</testsuite><testsuite name="mapper_awaits_before_reconnect" tests="1" errors="0" failures="0" skipped="0" time="0"><testcase classname="MapperReconnectAwait" name="mapper_awaits_before_reconnect" />
</testsuite><testsuite name="monitoring_smaller_interval" tests="1" errors="0" failures="0" skipped="1" time="0"><testcase classname="MonitoringSmallInterval" name="monitoring_smaller_interval">
		<skipped message="SKIPPED: Fails due to retained message" />
		<system-out>07:01:08 INFO  ==============================================================
07:01:08 INFO  Id:    monitoring_smaller_interval
07:01:08 INFO  Dir:   monitoring/
07:01:08 INFO  Title: Validate the tedge dm agent messages that are produced with smaller sampling interval than the batching window. Here the simulated collectd messages are used
07:01:08 INFO  ==============================================================
07:01:08 INFO  Fails due to retained message ... skipped
07:01:08 INFO  
07:01:08 INFO  Test duration: 0.03 secs
07:01:08 INFO  Test final outcome:  SKIPPED
07:01:08 INFO  Test outcome reason: Fails due to retained message
07:01:08 INFO  
</system-out>
	</testcase>
</testsuite><testsuite name="monitoring_with_collectd" tests="1" errors="0" failures="0" skipped="1" time="0"><testcase classname="MonitoringWithCollectd" name="monitoring_with_collectd">
		<skipped message="SKIPPED: Test execution disabled due to #792 (instable)" />
		<system-out>07:01:08 INFO  ==============================================================
07:01:08 INFO  Id:    monitoring_with_collectd
07:01:08 INFO  Dir:   monitoring/
07:01:08 INFO  Title: Validate tedge dm agent messages that are produced by batching the collectd messages
07:01:08 INFO  ==============================================================
07:01:08 INFO  Test execution disabled due to #792 (instable) ... skipped
07:01:08 INFO  
07:01:08 INFO  Test duration: 0.02 secs
07:01:08 INFO  Test final outcome:  SKIPPED
07:01:08 INFO  Test outcome reason: Test execution disabled due to #792 (instable)
07:01:08 INFO  
</system-out>
	</testcase>
</testsuite><testsuite name="monitoring_with_simulated_messages" tests="1" errors="0" failures="0" skipped="1" time="0"><testcase classname="MonitoringWithSimulatedMessages" name="monitoring_with_simulated_messages">
		<skipped message="SKIPPED: Fails due to retained message" />
		<system-out>07:01:08 INFO  ==============================================================
07:01:08 INFO  Id:    monitoring_with_simulated_messages
07:01:08 INFO  Dir:   monitoring/
07:01:08 INFO  Title: Validate the tedge dm agent messages that are produced from the simulated collectd messages
07:01:08 INFO  ==============================================================
07:01:08 INFO  Fails due to retained message ... skipped
07:01:08 INFO  
07:01:08 INFO  Test duration: 0.05 secs
07:01:08 INFO  Test final outcome:  SKIPPED
07:01:08 INFO  Test outcome reason: Fails due to retained message
07:01:08 INFO  
</system-out>
	</testcase>
</testsuite><testsuite name="mqtt_port_change_connection_fails" tests="1" errors="0" failures="0" skipped="0" time="0"><testcase classname="MqttPortChangeConnectionFails" name="mqtt_port_change_connection_fails" />
</testsuite><testsuite name="mqtt_port_change_connection_works" tests="1" errors="0" failures="0" skipped="1" time="0"><testcase classname="MqttPortChangeConnectionWorks" name="mqtt_port_change_connection_works">
		<skipped message="SKIPPED: failing intermitently" />
		<system-out>06:59:47 INFO  ==============================================================
06:59:47 INFO  Id:    mqtt_port_change_connection_works
06:59:47 INFO  Dir:   misc_features/
06:59:47 INFO  Title: mqtt port change connection works for all the thin-edge services that use the mosquitto broker
06:59:47 INFO  ==============================================================
06:59:47 INFO  failing intermitently ... skipped
06:59:47 INFO  
06:59:47 INFO  Test duration: 0.04 secs
06:59:47 INFO  Test final outcome:  SKIPPED
06:59:47 INFO  Test outcome reason: failing intermitently
06:59:47 INFO  
</system-out>
	</testcase>
</testsuite><testsuite name="mqtt_port_set" tests="1" errors="0" failures="0" skipped="0" time="0"><testcase classname="MqttPortSet" name="mqtt_port_set" />
</testsuite><testsuite name="mqtt_port_unset" tests="1" errors="0" failures="0" skipped="0" time="0"><testcase classname="MqttPortUnSet" name="mqtt_port_unset" />
</testsuite><testsuite name="publish_flux" tests="1" errors="0" failures="0" skipped="0" time="0"><testcase classname="PublishFlux" name="publish_flux" />
</testsuite><testsuite name="publish_sawmill" tests="1" errors="0" failures="0" skipped="0" time="0"><testcase classname="PublishSawmill" name="publish_sawmill" />
</testsuite><testsuite name="pysys_block" tests="1" errors="0" failures="0" skipped="1" time="0"><testcase classname="Fail" name="pysys_block">
		<skipped message="SKIPPED: Enable this to observe a blocking test" />
		<system-out>07:00:09 INFO  ==============================================================
07:00:09 INFO  Id:    pysys_block
07:00:09 INFO  Dir:   misc_features/
07:00:09 INFO  Title: fail
07:00:09 INFO  ==============================================================
07:00:09 INFO  Enable this to observe a blocking test ... skipped
07:00:09 INFO  
07:00:09 INFO  Test duration: 0.03 secs
07:00:09 INFO  Test final outcome:  SKIPPED
07:00:09 INFO  Test outcome reason: Enable this to observe a blocking test
07:00:09 INFO  
</system-out>
	</testcase>
</testsuite><testsuite name="pysys_fail" tests="1" errors="0" failures="0" skipped="1" time="0"><testcase classname="Fail" name="pysys_fail">
		<skipped message="SKIPPED: Enable this to observe a failing test" />
		<system-out>07:00:09 INFO  ==============================================================
07:00:09 INFO  Id:    pysys_fail
07:00:09 INFO  Dir:   misc_features/
07:00:09 INFO  Title: fail
07:00:09 INFO  ==============================================================
07:00:09 INFO  Enable this to observe a failing test ... skipped
07:00:09 INFO  
07:00:09 INFO  Test duration: 0.02 secs
07:00:09 INFO  Test final outcome:  SKIPPED
07:00:09 INFO  Test outcome reason: Enable this to observe a failing test
07:00:09 INFO  
</system-out>
	</testcase>
</testsuite><testsuite name="runtime_start_two_mappers" tests="1" errors="0" failures="0" skipped="1" time="0"><testcase classname="RuntimeMultiMappers" name="runtime_start_two_mappers">
		<skipped message="SKIPPED: Test execution disabled due to #1124" />
		<system-out>07:14:26 INFO  ==============================================================
07:14:26 INFO  Id:    runtime_start_two_mappers
07:14:26 INFO  Dir:   tedge_mapper_c8y/
07:14:26 INFO  Title: Validate two mappers can't be started at the same time
07:14:26 INFO  ==============================================================
07:14:26 INFO  Test execution disabled due to #1124 ... skipped
07:14:26 INFO  
07:14:26 INFO  Test duration: 0.02 secs
07:14:26 INFO  Test final outcome:  SKIPPED
07:14:26 INFO  Test outcome reason: Test execution disabled due to #1124
07:14:26 INFO  
</system-out>
	</testcase>
</testsuite><testsuite name="sm_tedge_mapper_init_session" tests="1" errors="0" failures="0" skipped="0" time="0"><testcase classname="TedgeSMMapperInitSession" name="sm_tedge_mapper_init_session" />
</testsuite><testsuite name="smoketest_json" tests="1" errors="0" failures="0" skipped="0" time="0"><testcase classname="SmokeTestJson" name="smoketest_json" />
</testsuite><testsuite name="smoketest_json_400_samples_10ms" tests="1" errors="0" failures="0" skipped="0" time="0"><testcase classname="SmoketestJson400Samples10ms" name="smoketest_json_400_samples_10ms" />
</testsuite><testsuite name="smoketest_json_400_samples_20ms" tests="1" errors="0" failures="0" skipped="0" time="0"><testcase classname="SmoketestJson400Samples20ms" name="smoketest_json_400_samples_20ms" />
</testsuite><testsuite name="smoketest_smartrest" tests="1" errors="0" failures="0" skipped="0" time="0"><testcase classname="SmoketestSmartRest" name="smoketest_smartrest" />
</testsuite><testsuite name="smoketest_smartrest_200_samples_1Xms" tests="1" errors="0" failures="0" skipped="0" time="0"><testcase classname="SmoketestSmartRest200Samples1Xms" name="smoketest_smartrest_200_samples_1Xms" />
</testsuite><testsuite name="smoketest_smartrest_200_samples_20ms" tests="1" errors="0" failures="0" skipped="0" time="0"><testcase classname="SmoketestSmartRest200Samples20ms" name="smoketest_smartrest_200_samples_20ms" />
</testsuite><testsuite name="tedge_agent_user_sudo_access" tests="1" errors="0" failures="0" skipped="1" time="0"><testcase classname="TedgeAgentUserSudoAccess" name="tedge_agent_user_sudo_access">
		<skipped message="SKIPPED: #955 Observation: Exit code of the apt plugin when called with no arguments" />
		<system-out>07:11:20 INFO  ==============================================================
07:11:20 INFO  Id:    tedge_agent_user_sudo_access
07:11:20 INFO  Dir:   tedge/
07:11:20 INFO  Title: Validate tedge-agent user has a limited sudo right
07:11:20 INFO  ==============================================================
07:11:20 INFO  #955 Observation: Exit code of the apt plugin when called with no arguments ... skipped
07:11:20 INFO  
07:11:20 INFO  Test duration: 0.02 secs
07:11:20 INFO  Test final outcome:  SKIPPED
07:11:20 INFO  Test outcome reason: #955 Observation: Exit code of the apt plugin when called with no arguments
07:11:20 INFO  
</system-out>
	</testcase>
</testsuite><testsuite name="tedge_connect_test_negative" tests="1" errors="0" failures="0" skipped="0" time="0"><testcase classname="TedgeConnectTestNegative" name="tedge_connect_test_negative" />
</testsuite><testsuite name="tedge_connect_test_positive" tests="1" errors="0" failures="0" skipped="0" time="0"><testcase classname="TedgeConnectTestPositive" name="tedge_connect_test_positive" />
</testsuite><testsuite name="tedge_connect_test_sm_services" tests="1" errors="0" failures="0" skipped="0" time="0"><testcase classname="TedgeConnectTestSMServices" name="tedge_connect_test_sm_services" />
</testsuite><testsuite name="tedge_disconnect_test_sm_services" tests="1" errors="0" failures="0" skipped="0" time="0"><testcase classname="TedgeDisConnectTestSMServices" name="tedge_disconnect_test_sm_services" />
</testsuite><testsuite name="tedge_mapper_az_negative" tests="1" errors="0" failures="0" skipped="0" time="0"><testcase classname="TedgeMapperAzError" name="tedge_mapper_az_negative" />
</testsuite><testsuite name="tedge_mapper_az_with_timestamp" tests="1" errors="0" failures="0" skipped="0" time="0"><testcase classname="TedgeMapperAzWithTimestamp" name="tedge_mapper_az_with_timestamp" />
</testsuite><testsuite name="tedge_mapper_az_without_timestamp" tests="1" errors="0" failures="0" skipped="0" time="0"><testcase classname="TedgeMapperAzWithoutTimestamp" name="tedge_mapper_az_without_timestamp" />
</testsuite><testsuite name="tedge_mapper_c8y_alarms" tests="1" errors="0" failures="0" skipped="0" time="0"><testcase classname="TedgeMapperC8yAlarm" name="tedge_mapper_c8y_alarms" />
</testsuite><testsuite name="tedge_mapper_c8y_child_device_measurement" tests="1" errors="0" failures="0" skipped="1" time="0"><testcase classname="TedgeMapperC8yChildDevice" name="tedge_mapper_c8y_child_device_measurement">
		<skipped message="SKIPPED: Test execution disabled due to #1088" />
		<system-out>07:15:39 INFO  ==============================================================
07:15:39 INFO  Id:    tedge_mapper_c8y_child_device_measurement
07:15:39 INFO  Dir:   tedge_mapper_c8y/
07:15:39 INFO  Title: Validate that measurements sent to tedge/measurements/child topic gets mapped as the child device's measurement in Cumulocity
07:15:39 INFO  ==============================================================
07:15:39 INFO  Test execution disabled due to #1088 ... skipped
07:15:39 INFO  
07:15:39 INFO  Test duration: 0.06 secs
07:15:39 INFO  Test final outcome:  SKIPPED
07:15:39 INFO  Test outcome reason: Test execution disabled due to #1088
07:15:39 INFO  
</system-out>
	</testcase>
</testsuite><testsuite name="tedge_mapper_c8y_packet_threshold_size" tests="1" errors="0" failures="0" skipped="0" time="0"><testcase classname="TedgeMapperC8yThresholdPacketSize" name="tedge_mapper_c8y_packet_threshold_size" />
</testsuite><testsuite name="tedge_software_update" tests="1" errors="0" failures="0" skipped="0" time="0"><testcase classname="PySysTest" name="tedge_software_update" />
</testsuite><testsuite name="valid_device_id" tests="1" errors="0" failures="0" skipped="0" time="0"><testcase classname="ValidateValidDeviceId" name="valid_device_id" />
</testsuite></testsuites>