<?xml version='1.0' encoding='utf-8'?>
<testsuites tests="149" failures="9" errors="0" skipped="54" time="0.0"><testsuite name="SoftwareManagement.Plugin.apama_plugin_install" tests="3" errors="0" failures="0" skipped="1" time="0"><testcase classname="ApamaPluginInstallTest" name="SoftwareManagement.Plugin.apama_plugin_install">
		<skipped message="SKIPPED: Apama plugin tests are disabled by default. Execute `pysys run` with `-XmyPlatform=container` to run these tests" />
		<system-out>07:22:57 INFO  ==============================================================
07:22:57 INFO  Id:    SoftwareManagement.Plugin.apama_plugin_install
07:22:57 INFO  Dir:   plugin_apama/
07:22:57 INFO  Title: Validate apama plugin install
07:22:57 INFO  ==============================================================
07:22:57 INFO  Apama plugin tests are disabled by default. Execute `pysys run` with `-XmyPlatform=container` to run these tests ... skipped
07:22:57 WARN  Aborted test due to SKIPPED outcome
07:22:57 INFO  
07:22:57 INFO  Test duration: 0.05 secs
07:22:57 INFO  Test final outcome:  SKIPPED
07:22:57 INFO  Test outcome reason: Apama plugin tests are disabled by default. Execute `pysys run` with `-XmyPlatform=container` to run these tests
07:22:57 INFO  
</system-out>
	</testcase>
<testcase classname="ApamaPluginInstallTest" name="SoftwareManagement.Plugin.apama_plugin_install" />
<testcase classname="ApamaPluginInstallTest" name="SoftwareManagement.Plugin.apama_plugin_install" />
</testsuite><testsuite name="SoftwareManagement.Plugin.apama_plugin_mon_support" tests="3" errors="0" failures="0" skipped="1" time="0"><testcase classname="ApamaPluginMonSupportTest" name="SoftwareManagement.Plugin.apama_plugin_mon_support">
		<skipped message="SKIPPED: Apama plugin tests are disabled by default. Execute `pysys run` with `-XmyPlatform=container` to run these tests" />
		<system-out>07:22:57 INFO  ==============================================================
07:22:57 INFO  Id:    SoftwareManagement.Plugin.apama_plugin_mon_support
07:22:57 INFO  Dir:   plugin_apama/
07:22:57 INFO  Title: Validate mon file support of apama plugin
07:22:57 INFO  ==============================================================
07:22:57 INFO  Apama plugin tests are disabled by default. Execute `pysys run` with `-XmyPlatform=container` to run these tests ... skipped
07:22:57 WARN  Aborted test due to SKIPPED outcome
07:22:57 INFO  
07:22:57 INFO  Test duration: 0.06 secs
07:22:57 INFO  Test final outcome:  SKIPPED
07:22:57 INFO  Test outcome reason: Apama plugin tests are disabled by default. Execute `pysys run` with `-XmyPlatform=container` to run these tests
07:22:57 INFO  
</system-out>
	</testcase>
<testcase classname="ApamaPluginMonSupportTest" name="SoftwareManagement.Plugin.apama_plugin_mon_support" />
<testcase classname="ApamaPluginMonSupportTest" name="SoftwareManagement.Plugin.apama_plugin_mon_support" />
</testsuite><testsuite name="SoftwareManagement.Plugin.apama_plugin_remove" tests="3" errors="0" failures="0" skipped="1" time="0"><testcase classname="ApamaPluginRemoveTest" name="SoftwareManagement.Plugin.apama_plugin_remove">
		<skipped message="SKIPPED: Apama plugin tests are disabled by default. Execute `pysys run` with `-XmyPlatform=container` to run these tests" />
		<system-out>07:22:57 INFO  ==============================================================
07:22:57 INFO  Id:    SoftwareManagement.Plugin.apama_plugin_remove
07:22:57 INFO  Dir:   plugin_apama/
07:22:57 INFO  Title: Validate apama plugin remove
07:22:57 INFO  ==============================================================
07:22:57 INFO  Apama plugin tests are disabled by default. Execute `pysys run` with `-XmyPlatform=container` to run these tests ... skipped
07:22:57 WARN  Aborted test due to SKIPPED outcome
07:22:57 INFO  
07:22:57 INFO  Test duration: 0.02 secs
07:22:57 INFO  Test final outcome:  SKIPPED
07:22:57 INFO  Test outcome reason: Apama plugin tests are disabled by default. Execute `pysys run` with `-XmyPlatform=container` to run these tests
07:22:57 INFO  
</system-out>
	</testcase>
<testcase classname="ApamaPluginRemoveTest" name="SoftwareManagement.Plugin.apama_plugin_remove" />
<testcase classname="ApamaPluginRemoveTest" name="SoftwareManagement.Plugin.apama_plugin_remove" />
</testsuite><testsuite name="SoftwareManagement.Plugin.apama_plugin_update" tests="3" errors="0" failures="0" skipped="3" time="0"><testcase classname="ApamaPluginUpdateTest" name="SoftwareManagement.Plugin.apama_plugin_update">
		<skipped message="SKIPPED: Test execution disabled due to #1052" />
		<system-out>07:22:57 INFO  ==============================================================
07:22:57 INFO  Id:    SoftwareManagement.Plugin.apama_plugin_update
07:22:57 INFO  Dir:   plugin_apama/
07:22:57 INFO  Title: Validate apama plugin updating one project with another
07:22:57 INFO  ==============================================================
07:22:58 INFO  Test execution disabled due to #1052 ... skipped
07:22:58 INFO  
07:22:58 INFO  Test duration: 0.02 secs
07:22:58 INFO  Test final outcome:  SKIPPED
07:22:58 INFO  Test outcome reason: Test execution disabled due to #1052
07:22:58 INFO  
</system-out>
	</testcase>
<testcase classname="ApamaPluginUpdateTest" name="SoftwareManagement.Plugin.apama_plugin_update">
		<skipped message="SKIPPED: Test execution disabled due to #1052" />
		<system-out>08:21:12 INFO  ==============================================================
08:21:12 INFO  Id:    SoftwareManagement.Plugin.apama_plugin_update
08:21:12 INFO  Dir:   plugin_apama/
08:21:12 INFO  Title: Validate apama plugin updating one project with another
08:21:12 INFO  ==============================================================
08:21:12 INFO  Test execution disabled due to #1052 ... skipped
08:21:12 INFO  
08:21:12 INFO  Test duration: 0.02 secs
08:21:12 INFO  Test final outcome:  SKIPPED
08:21:12 INFO  Test outcome reason: Test execution disabled due to #1052
08:21:12 INFO  
</system-out>
	</testcase>
<testcase classname="ApamaPluginUpdateTest" name="SoftwareManagement.Plugin.apama_plugin_update">
		<skipped message="SKIPPED: Test execution disabled due to #1052" />
		<system-out>08:30:20 INFO  ==============================================================
08:30:20 INFO  Id:    SoftwareManagement.Plugin.apama_plugin_update
08:30:20 INFO  Dir:   plugin_apama/
08:30:20 INFO  Title: Validate apama plugin updating one project with another
08:30:20 INFO  ==============================================================
08:30:20 INFO  Test execution disabled due to #1052 ... skipped
08:30:20 INFO  
08:30:20 INFO  Test duration: 0.06 secs
08:30:20 INFO  Test final outcome:  SKIPPED
08:30:20 INFO  Test outcome reason: Test execution disabled due to #1052
08:30:20 INFO  
</system-out>
	</testcase>
</testsuite><testsuite name="SoftwareManagement.sm_apt_install_download_path" tests="3" errors="0" failures="2" skipped="1" time="0"><testcase classname="AptInstallWithDownloadPath" name="SoftwareManagement.sm_apt_install_download_path">
		<skipped message="SKIPPED: Testing the apt plugin is not supported on this platform.Use parameter -XmyPlatform='container' to enable it" />
		<system-out>07:33:24 INFO  ==============================================================
07:33:24 INFO  Id:    SoftwareManagement.sm_apt_install_download_path
07:33:24 INFO  Dir:   software_management_end_to_end/
07:33:24 INFO  Title: Install package to directory specified in tedge config set tmp.path
07:33:24 INFO  ==============================================================
07:33:25 INFO  Testing the apt plugin is not supported on this platform.Use parameter -XmyPlatform='container' to enable it ... skipped
07:33:25 WARN  Aborted test due to SKIPPED outcome
07:33:25 INFO  
07:33:25 INFO  Test duration: 0.14 secs
07:33:25 INFO  Test final outcome:  SKIPPED
07:33:25 INFO  Test outcome reason: Testing the apt plugin is not supported on this platform.Use parameter -XmyPlatform='container' to enable it
07:33:25 INFO  
</system-out>
	</testcase>
<testcase classname="AptInstallWithDownloadPath" name="SoftwareManagement.sm_apt_install_download_path">
		<failure message="BLOCKED: AssertionError:" type="BLOCKED" />
		<system-out>08:01:07 INFO  ==============================================================
08:01:07 INFO  Id:    SoftwareManagement.sm_apt_install_download_path
08:01:07 INFO  Dir:   software_management_end_to_end/
08:01:07 INFO  Title: Install package to directory specified in tedge config set tmp.path
08:01:07 INFO  ==============================================================
08:01:07 INFO  Using sw id database: {'asciijump': '5475369', 'robotfindskitten': '5474869', 'squirrel3': '5475279', 'rolldice': '5152439', 'moon-buggy': '5439204', 'apple': '5495053', 'banana': '5494888', 'cherry': '5495382', 'watermelon': '5494510', 'registry': '8018911', 'hello-world': '8021526', 'docker/getting-started': '8021973', 'alpine': '7991792'}
08:01:07 INFO  EnvironmentC8y Setup
08:01:08 INFO  Executed systemctl&lt;serv_mapper1&gt;, exit status 3
08:01:29 INFO  Executed sudo&lt;tedge_connect_c8y&gt;, exit status 0, duration 20 secs
08:01:29 INFO  Executed sudo&lt;tedge_connect_c8y_test&gt;, exit status 0
08:01:30 INFO  Executed systemctl&lt;serv_mosq2&gt;, exit status 0
08:01:30 INFO  Executed systemctl&lt;serv_mapper3&gt;, exit status 0
08:01:33 ERROR No operations found, assuming it passed
08:01:33 INFO  Assert that (False == value) with value=False ... passed
08:01:33 INFO  Executed sudo, exit status 0
08:01:34 INFO  Executed sudo, exit status 0
08:01:35 INFO  Executed sudo, exit status 0
08:01:40 INFO  Executed sudo&lt;tedge_disconnect_c8y&gt;, exit status 0
08:01:40 INFO  Restarting mosquitto too frequently in the last 10 seconds. It was only up for 4 seconds
08:01:40 INFO  Delaying execution by 7 seconds
08:02:04 INFO  Executed sudo&lt;tedge_connect_c8y&gt;, exit status 0, duration 17 secs
08:02:05 INFO  Response status: 201
08:02:05 INFO  Response to action: {
    "creationTime": "2022-05-16T08:02:05.040Z",
    "deviceId": "19103185",
    "deviceName": "m32sd11e",
    "self": "https://t493319102.eu-latest.cumulocity.com/devicecontrol/operations/19118957",
    "id": "19118957",
    "status": "PENDING",
    "description": "Apply software changes, triggered from PySys: [{'name': 'rolldice', 'id': '5152439', 'version': '::apt', 'url': 'https://thin-edge-io.eu-latest.cumulocity.com/inventory/binaries/12435463', 'action': 'install'}]",
    "c8y_SoftwareUpdate": [
        {
            "name": "rolldice",
            "action": "install",
            "id": "5152439",
            "version": "::apt",
            "url": "https://thin-edge-io.eu-latest.cumulocity.com/inventory/binaries/12435463"
        }
    ]
}
08:02:05 INFO  Started operation: {'creationTime': '2022-05-16T08:02:05.040Z', 'deviceId': '19103185', 'deviceName': 'm32sd11e', 'self': 'https://t493319102.eu-latest.cumulocity.com/devicecontrol/operations/19118957', 'id': '19118957', 'status': 'PENDING', 'description': "Apply software changes, triggered from PySys: [{'name': 'rolldice', 'id': '5152439', 'version': '::apt', 'url': 'https://thin-edge-io.eu-latest.cumulocity.com/inventory/binaries/12435463', 'action': 'install'}]", 'c8y_SoftwareUpdate': [{'name': 'rolldice', 'action': 'install', 'id': '5152439', 'version': '::apt', 'url': 'https://thin-edge-io.eu-latest.cumulocity.com/inventory/binaries/12435463'}]}
08:02:05 WARN  , retrying in 0.5 seconds...
08:02:05 WARN  , retrying in 0.5 seconds...
08:02:06 WARN  , retrying in 0.5 seconds...
08:02:06 WARN  , retrying in 0.5 seconds...
08:02:07 WARN  , retrying in 0.5 seconds...
08:02:07 WARN  , retrying in 0.5 seconds...
08:02:08 WARN  , retrying in 0.5 seconds...
08:02:08 WARN  , retrying in 0.5 seconds...
08:02:09 WARN  , retrying in 0.5 seconds...
08:02:09 WARN  AssertionError occurred while running test - 
Traceback (most recent call last):
  File "/home/pi/env-pysys/lib/python3.9/site-packages/pysys/baserunner.py", line 1294, in __call__
    self.testObj.execute()
  File "/home/pi/actions-runner/_work/thin-edge.io/thin-edge.io/tests/PySys/software_management_end_to_end/sm_apt_install_download_path/run.py", line 83, in execute
    assert_install_in_download_path(install_directory=self.DOWNLOAD_DIR)
  File "/home/pi/env-pysys/lib/python3.9/site-packages/decorator.py", line 232, in fun
    return caller(func, *(extras + args), **kw)
  File "/home/pi/env-pysys/lib/python3.9/site-packages/retry/api.py", line 73, in retry_decorator
    return __retry_internal(partial(f, *args, **kwargs), exceptions, tries, delay, max_delay, backoff, jitter,
  File "/home/pi/env-pysys/lib/python3.9/site-packages/retry/api.py", line 33, in __retry_internal
    return f()
  File "/home/pi/actions-runner/_work/thin-edge.io/thin-edge.io/tests/PySys/software_management_end_to_end/sm_apt_install_download_path/run.py", line 28, in assert_install_in_download_path
    assert "rolldice" in os.listdir(f"{install_directory}")
AssertionError
08:02:09 WARN  AssertionError: ... blocked 
08:02:09 INFO  
08:02:09 INFO  cleanup:
08:02:10 INFO  Executed sudo, exit status 0
08:02:10 INFO  Executed sudo, exit status 0
08:02:17 INFO  Executed sudo&lt;tedge_disconnect_c8y&gt;, exit status 0
08:02:17 INFO  Restarting mosquitto too frequently in the last 10 seconds. It was only up for 6 seconds
08:02:17 INFO  Delaying execution by 5 seconds
08:02:39 INFO  Executed sudo&lt;tedge_connect_c8y&gt;, exit status 0, duration 17 secs
08:02:45 INFO  Executed sudo&lt;tedge_disconnect_c8y&gt;, exit status 0
08:02:46 INFO  Executed systemctl&lt;serv_mapper5&gt;, exit status 3
08:02:46 INFO  
08:02:46 INFO  Test duration: 98.59 secs
08:02:46 INFO  Test final outcome:  BLOCKED
08:02:46 INFO  Test outcome reason: AssertionError:
08:02:46 INFO  
</system-out>
	</testcase>
<testcase classname="AptInstallWithDownloadPath" name="SoftwareManagement.sm_apt_install_download_path">
		<failure message="BLOCKED: AssertionError:" type="BLOCKED" />
		<system-out>08:30:20 INFO  ==============================================================
08:30:20 INFO  Id:    SoftwareManagement.sm_apt_install_download_path
08:30:20 INFO  Dir:   software_management_end_to_end/
08:30:20 INFO  Title: Install package to directory specified in tedge config set tmp.path
08:30:20 INFO  ==============================================================
08:30:21 INFO  Using sw id database: {'asciijump': '5475369', 'robotfindskitten': '5474869', 'squirrel3': '5475279', 'rolldice': '5152439', 'moon-buggy': '5439204', 'apple': '5495053', 'banana': '5494888', 'cherry': '5495382', 'watermelon': '5494510', 'registry': '8018911', 'hello-world': '8021526', 'docker/getting-started': '8021973', 'alpine': '7991792'}
08:30:21 INFO  EnvironmentC8y Setup
08:30:22 INFO  Executed systemctl&lt;serv_mapper1&gt;, exit status 3
08:30:40 INFO  Executed sudo&lt;tedge_connect_c8y&gt;, exit status 0, duration 17 secs
08:30:40 INFO  Executed sudo&lt;tedge_connect_c8y_test&gt;, exit status 0
08:30:41 INFO  Executed systemctl&lt;serv_mosq2&gt;, exit status 0
08:30:41 INFO  Executed systemctl&lt;serv_mapper3&gt;, exit status 0
08:30:44 INFO  State of current operation: SUCCESSFUL
08:30:44 INFO  Assert that (False == value) with value=False ... passed
08:30:45 INFO  Executed sudo, exit status 0
08:30:45 INFO  Executed sudo, exit status 0
08:30:46 INFO  Executed sudo, exit status 0
08:30:51 INFO  Executed sudo&lt;tedge_disconnect_c8y&gt;, exit status 0
08:30:51 INFO  Restarting mosquitto too frequently in the last 10 seconds. It was only up for 4 seconds
08:30:51 INFO  Delaying execution by 7 seconds
08:31:16 INFO  Executed sudo&lt;tedge_connect_c8y&gt;, exit status 0, duration 17 secs
08:31:16 INFO  Response status: 201
08:31:16 INFO  Response to action: {
    "creationTime": "2022-05-16T08:31:16.288Z",
    "deviceId": "19103185",
    "deviceName": "m32sd11e",
    "self": "https://t493319102.eu-latest.cumulocity.com/devicecontrol/operations/19133192",
    "id": "19133192",
    "status": "PENDING",
    "description": "Apply software changes, triggered from PySys: [{'name': 'rolldice', 'id': '5152439', 'version': '::apt', 'url': 'https://thin-edge-io.eu-latest.cumulocity.com/inventory/binaries/12435463', 'action': 'install'}]",
    "c8y_SoftwareUpdate": [
        {
            "name": "rolldice",
            "action": "install",
            "id": "5152439",
            "version": "::apt",
            "url": "https://thin-edge-io.eu-latest.cumulocity.com/inventory/binaries/12435463"
        }
    ]
}
08:31:16 INFO  Started operation: {'creationTime': '2022-05-16T08:31:16.288Z', 'deviceId': '19103185', 'deviceName': 'm32sd11e', 'self': 'https://t493319102.eu-latest.cumulocity.com/devicecontrol/operations/19133192', 'id': '19133192', 'status': 'PENDING', 'description': "Apply software changes, triggered from PySys: [{'name': 'rolldice', 'id': '5152439', 'version': '::apt', 'url': 'https://thin-edge-io.eu-latest.cumulocity.com/inventory/binaries/12435463', 'action': 'install'}]", 'c8y_SoftwareUpdate': [{'name': 'rolldice', 'action': 'install', 'id': '5152439', 'version': '::apt', 'url': 'https://thin-edge-io.eu-latest.cumulocity.com/inventory/binaries/12435463'}]}
08:31:16 WARN  , retrying in 0.5 seconds...
08:31:16 WARN  , retrying in 0.5 seconds...
08:31:17 WARN  , retrying in 0.5 seconds...
08:31:17 WARN  , retrying in 0.5 seconds...
08:31:18 WARN  , retrying in 0.5 seconds...
08:31:18 WARN  , retrying in 0.5 seconds...
08:31:19 WARN  , retrying in 0.5 seconds...
08:31:19 WARN  , retrying in 0.5 seconds...
08:31:20 WARN  , retrying in 0.5 seconds...
08:31:20 WARN  AssertionError occurred while running test - 
Traceback (most recent call last):
  File "/home/pi/env-pysys/lib/python3.9/site-packages/pysys/baserunner.py", line 1294, in __call__
    self.testObj.execute()
  File "/home/pi/actions-runner/_work/thin-edge.io/thin-edge.io/tests/PySys/software_management_end_to_end/sm_apt_install_download_path/run.py", line 83, in execute
    assert_install_in_download_path(install_directory=self.DOWNLOAD_DIR)
  File "/home/pi/env-pysys/lib/python3.9/site-packages/decorator.py", line 232, in fun
    return caller(func, *(extras + args), **kw)
  File "/home/pi/env-pysys/lib/python3.9/site-packages/retry/api.py", line 73, in retry_decorator
    return __retry_internal(partial(f, *args, **kwargs), exceptions, tries, delay, max_delay, backoff, jitter,
  File "/home/pi/env-pysys/lib/python3.9/site-packages/retry/api.py", line 33, in __retry_internal
    return f()
  File "/home/pi/actions-runner/_work/thin-edge.io/thin-edge.io/tests/PySys/software_management_end_to_end/sm_apt_install_download_path/run.py", line 28, in assert_install_in_download_path
    assert "rolldice" in os.listdir(f"{install_directory}")
AssertionError
08:31:21 WARN  AssertionError: ... blocked 
08:31:21 INFO  
08:31:21 INFO  cleanup:
08:31:22 INFO  Executed sudo, exit status 0
08:31:22 INFO  Executed sudo, exit status 0
08:31:29 INFO  Executed sudo&lt;tedge_disconnect_c8y&gt;, exit status 0
08:31:29 INFO  Restarting mosquitto too frequently in the last 10 seconds. It was only up for 5 seconds
08:31:29 INFO  Delaying execution by 6 seconds
08:31:53 INFO  Executed sudo&lt;tedge_connect_c8y&gt;, exit status 0, duration 17 secs
08:31:59 INFO  Executed sudo&lt;tedge_disconnect_c8y&gt;, exit status 0
08:32:00 INFO  Executed systemctl&lt;serv_mapper5&gt;, exit status 3
08:32:00 INFO  
08:32:00 INFO  Test duration: 99.60 secs
08:32:00 INFO  Test final outcome:  BLOCKED
08:32:00 INFO  Test outcome reason: AssertionError:
08:32:00 INFO  
</system-out>
	</testcase>
</testsuite><testsuite name="SoftwareManagement.sm_apt_install_fail" tests="3" errors="0" failures="0" skipped="1" time="0"><testcase classname="PySysTest" name="SoftwareManagement.sm_apt_install_fail">
		<skipped message="SKIPPED: Testing the apt plugin is not supported on this platform.Use parameter -XmyPlatform='container' to enable it" />
		<system-out>07:33:25 INFO  ==============================================================
07:33:25 INFO  Id:    SoftwareManagement.sm_apt_install_fail
07:33:25 INFO  Dir:   software_management_end_to_end/
07:33:25 INFO  Title: Validate end to end behaviour for a failing installation
07:33:25 INFO  ==============================================================
07:33:25 INFO  Testing the apt plugin is not supported on this platform.Use parameter -XmyPlatform='container' to enable it ... skipped
07:33:25 WARN  Aborted test due to SKIPPED outcome
07:33:25 INFO  
07:33:25 INFO  Test duration: 0.03 secs
07:33:25 INFO  Test final outcome:  SKIPPED
07:33:25 INFO  Test outcome reason: Testing the apt plugin is not supported on this platform.Use parameter -XmyPlatform='container' to enable it
07:33:25 INFO  
</system-out>
	</testcase>
<testcase classname="PySysTest" name="SoftwareManagement.sm_apt_install_fail" />
<testcase classname="PySysTest" name="SoftwareManagement.sm_apt_install_fail" />
</testsuite><testsuite name="SoftwareManagement.sm_apt_install_remove" tests="3" errors="0" failures="0" skipped="1" time="0"><testcase classname="PySysTest" name="SoftwareManagement.sm_apt_install_remove">
		<skipped message="SKIPPED: Testing the apt plugin is not supported on this platform.Use parameter -XmyPlatform='container' to enable it" />
		<system-out>07:33:25 INFO  ==============================================================
07:33:25 INFO  Id:    SoftwareManagement.sm_apt_install_remove
07:33:25 INFO  Dir:   software_management_end_to_end/
07:33:25 INFO  Title: Validate end to end behaviour for the apt plugin for installation and removal of packages
07:33:25 INFO  ==============================================================
07:33:25 INFO  Testing the apt plugin is not supported on this platform.Use parameter -XmyPlatform='container' to enable it ... skipped
07:33:25 WARN  Aborted test due to SKIPPED outcome
07:33:25 INFO  
07:33:25 INFO  Test duration: 0.02 secs
07:33:25 INFO  Test final outcome:  SKIPPED
07:33:25 INFO  Test outcome reason: Testing the apt plugin is not supported on this platform.Use parameter -XmyPlatform='container' to enable it
07:33:25 INFO  
</system-out>
	</testcase>
<testcase classname="PySysTest" name="SoftwareManagement.sm_apt_install_remove" />
<testcase classname="PySysTest" name="SoftwareManagement.sm_apt_install_remove" />
</testsuite><testsuite name="SoftwareManagement.sm_apt_install_remove_default" tests="3" errors="0" failures="0" skipped="1" time="0"><testcase classname="PySysTest" name="SoftwareManagement.sm_apt_install_remove_default">
		<skipped message="SKIPPED: Testing the apt plugin is not supported on this platform.Use parameter -XmyPlatform='container' to enable it" />
		<system-out>07:33:25 INFO  ==============================================================
07:33:25 INFO  Id:    SoftwareManagement.sm_apt_install_remove_default
07:33:25 INFO  Dir:   software_management_end_to_end/
07:33:25 INFO  Title: Validate end to end behaviour for the default plugin for installation and removal of packages
07:33:25 INFO  ==============================================================
07:33:25 INFO  Testing the apt plugin is not supported on this platform.Use parameter -XmyPlatform='container' to enable it ... skipped
07:33:25 WARN  Aborted test due to SKIPPED outcome
07:33:25 INFO  
07:33:25 INFO  Test duration: 0.02 secs
07:33:25 INFO  Test final outcome:  SKIPPED
07:33:25 INFO  Test outcome reason: Testing the apt plugin is not supported on this platform.Use parameter -XmyPlatform='container' to enable it
07:33:25 INFO  
</system-out>
	</testcase>
<testcase classname="PySysTest" name="SoftwareManagement.sm_apt_install_remove_default" />
<testcase classname="PySysTest" name="SoftwareManagement.sm_apt_install_remove_default" />
</testsuite><testsuite name="SoftwareManagement.sm_apt_install_remove_multiple" tests="3" errors="0" failures="1" skipped="1" time="0"><testcase classname="PySysTest" name="SoftwareManagement.sm_apt_install_remove_multiple">
		<skipped message="SKIPPED: Testing the apt plugin is not supported on this platform.Use parameter -XmyPlatform='container' to enable it" />
		<system-out>07:33:25 INFO  ==============================================================
07:33:25 INFO  Id:    SoftwareManagement.sm_apt_install_remove_multiple
07:33:25 INFO  Dir:   software_management_end_to_end/
07:33:25 INFO  Title: Validate end to end behaviour for the apt plugin for multiple packages
07:33:25 INFO  ==============================================================
07:33:25 INFO  Testing the apt plugin is not supported on this platform.Use parameter -XmyPlatform='container' to enable it ... skipped
07:33:25 WARN  Aborted test due to SKIPPED outcome
07:33:25 INFO  
07:33:25 INFO  Test duration: 0.02 secs
07:33:25 INFO  Test final outcome:  SKIPPED
07:33:25 INFO  Test outcome reason: Testing the apt plugin is not supported on this platform.Use parameter -XmyPlatform='container' to enable it
07:33:25 INFO  
</system-out>
	</testcase>
<testcase classname="PySysTest" name="SoftwareManagement.sm_apt_install_remove_multiple" />
<testcase classname="PySysTest" name="SoftwareManagement.sm_apt_install_remove_multiple">
		<failure message="FAILED: Assert that (False == value) with value=True (+2 other failures)" type="FAILED" />
		<system-out>08:40:21 INFO  ==============================================================
08:40:21 INFO  Id:    SoftwareManagement.sm_apt_install_remove_multiple
08:40:21 INFO  Dir:   software_management_end_to_end/
08:40:21 INFO  Title: Validate end to end behaviour for the apt plugin for multiple packages
08:40:21 INFO  ==============================================================
08:40:21 INFO  Using sw id database: {'asciijump': '5475369', 'robotfindskitten': '5474869', 'squirrel3': '5475279', 'rolldice': '5152439', 'moon-buggy': '5439204', 'apple': '5495053', 'banana': '5494888', 'cherry': '5495382', 'watermelon': '5494510', 'registry': '8018911', 'hello-world': '8021526', 'docker/getting-started': '8021973', 'alpine': '7991792'}
08:40:21 INFO  EnvironmentC8y Setup
08:40:22 INFO  Executed systemctl&lt;serv_mapper1&gt;, exit status 3
08:40:22 INFO  Restarting mosquitto too frequently in the last 10 seconds. It was only up for 6 seconds
08:40:22 INFO  Delaying execution by 5 seconds
08:40:45 INFO  Executed sudo&lt;tedge_connect_c8y&gt;, exit status 0, duration 17 secs
08:40:45 INFO  Executed sudo&lt;tedge_connect_c8y_test&gt;, exit status 0
08:40:46 INFO  Executed systemctl&lt;serv_mosq2&gt;, exit status 0
08:40:46 INFO  Executed systemctl&lt;serv_mapper3&gt;, exit status 0
08:40:48 INFO  State of current operation: SUCCESSFUL
08:40:49 INFO  Assert that (False == value) with value=False ... passed
08:40:49 INFO  Package asciijump is installed
08:40:49 WARN  Assert that (False == value) with value=True ... failed 
08:40:49 INFO  Package squirrel3 is installed
08:40:49 WARN  Assert that (False == value) with value=True ... failed 
08:40:50 INFO  Package robotfindskitten is installed
08:40:50 WARN  Assert that (False == value) with value=True ... failed 
08:40:50 INFO  Response status: 201
08:40:50 INFO  Response to action: {
    "creationTime": "2022-05-16T08:40:50.587Z",
    "deviceId": "19103185",
    "deviceName": "m32sd11e",
    "self": "https://t493319102.eu-latest.cumulocity.com/devicecontrol/operations/19133345",
    "id": "19133345",
    "status": "PENDING",
    "description": "Apply software changes, triggered from PySys: [{'action': 'install', 'id': '5475369', 'name': 'asciijump', 'url': ' ', 'version': '::apt'}, {'action': 'install', 'id': '5474869', 'name': 'robotfindskitten', 'url': ' ', 'version': '::apt'}, {'action': 'install', 'id': '5475279', 'name': 'squirrel3', 'url': ' ', 'version': '::apt'}]",
    "c8y_SoftwareUpdate": [
        {
            "name": "asciijump",
            "action": "install",
            "id": "5475369",
            "version": "::apt",
            "url": " "
        },
        {
            "name": "robotfindskitten",
            "action": "install",
            "id": "5474869",
            "version": "::apt",
            "url": " "
        },
        {
            "name": "squirrel3",
            "action": "install",
            "id": "5475279",
            "version": "::apt",
            "url": " "
        }
    ]
}
08:40:50 INFO  Started operation: {'creationTime': '2022-05-16T08:40:50.587Z', 'deviceId': '19103185', 'deviceName': 'm32sd11e', 'self': 'https://t493319102.eu-latest.cumulocity.com/devicecontrol/operations/19133345', 'id': '19133345', 'status': 'PENDING', 'description': "Apply software changes, triggered from PySys: [{'action': 'install', 'id': '5475369', 'name': 'asciijump', 'url': ' ', 'version': '::apt'}, {'action': 'install', 'id': '5474869', 'name': 'robotfindskitten', 'url': ' ', 'version': '::apt'}, {'action': 'install', 'id': '5475279', 'name': 'squirrel3', 'url': ' ', 'version': '::apt'}]", 'c8y_SoftwareUpdate': [{'name': 'asciijump', 'action': 'install', 'id': '5475369', 'version': '::apt', 'url': ' '}, {'name': 'robotfindskitten', 'action': 'install', 'id': '5474869', 'version': '::apt', 'url': ' '}, {'name': 'squirrel3', 'action': 'install', 'id': '5475279', 'version': '::apt', 'url': ' '}]}
08:40:52 INFO  State of operation 19133345 : PENDING
08:40:55 INFO  State of operation 19133345 : EXECUTING
08:40:57 INFO  State of operation 19133345 : EXECUTING
08:40:59 INFO  State of operation 19133345 : EXECUTING
08:41:01 INFO  State of operation 19133345 : EXECUTING
08:41:04 INFO  State of operation 19133345 : EXECUTING
08:41:06 INFO  State of operation 19133345 : EXECUTING
08:41:09 INFO  State of operation 19133345 : EXECUTING
08:41:11 INFO  State of operation 19133345 : EXECUTING
08:41:14 INFO  State of operation 19133345 : EXECUTING
08:41:16 INFO  State of operation 19133345 : EXECUTING
08:41:18 INFO  State of operation 19133345 : EXECUTING
08:41:21 INFO  State of operation 19133345 : EXECUTING
08:41:23 INFO  State of operation 19133345 : EXECUTING
08:41:25 INFO  State of operation 19133345 : EXECUTING
08:41:27 INFO  State of operation 19133345 : EXECUTING
08:41:29 INFO  State of operation 19133345 : EXECUTING
08:41:32 INFO  State of operation 19133345 : SUCCESSFUL
08:41:32 INFO  Assert that (False == value) with value=False ... passed
08:41:32 INFO  Package asciijump is installed
08:41:32 INFO  Assert that (True == value) with value=True ... passed
08:41:32 INFO  Package squirrel3 is installed
08:41:32 INFO  Assert that (True == value) with value=True ... passed
08:41:33 INFO  Package robotfindskitten is installed
08:41:33 INFO  Assert that (True == value) with value=True ... passed
08:41:33 INFO  Response status: 201
08:41:33 INFO  Response to action: {
    "creationTime": "2022-05-16T08:41:33.317Z",
    "deviceId": "19103185",
    "deviceName": "m32sd11e",
    "self": "https://t493319102.eu-latest.cumulocity.com/devicecontrol/operations/19133362",
    "id": "19133362",
    "status": "PENDING",
    "description": "Apply software changes, triggered from PySys: [{'action': 'delete', 'id': '5475369', 'name': 'asciijump', 'url': ' ', 'version': '::apt'}, {'action': 'delete', 'id': '5474869', 'name': 'robotfindskitten', 'url': ' ', 'version': '::apt'}, {'action': 'delete', 'id': '5475279', 'name': 'squirrel3', 'url': ' ', 'version': '::apt'}]",
    "c8y_SoftwareUpdate": [
        {
            "name": "asciijump",
            "action": "delete",
            "id": "5475369",
            "version": "::apt",
            "url": " "
        },
        {
            "name": "robotfindskitten",
            "action": "delete",
            "id": "5474869",
            "version": "::apt",
            "url": " "
        },
        {
            "name": "squirrel3",
            "action": "delete",
            "id": "5475279",
            "version": "::apt",
            "url": " "
        }
    ]
}
08:41:33 INFO  Started operation: {'creationTime': '2022-05-16T08:41:33.317Z', 'deviceId': '19103185', 'deviceName': 'm32sd11e', 'self': 'https://t493319102.eu-latest.cumulocity.com/devicecontrol/operations/19133362', 'id': '19133362', 'status': 'PENDING', 'description': "Apply software changes, triggered from PySys: [{'action': 'delete', 'id': '5475369', 'name': 'asciijump', 'url': ' ', 'version': '::apt'}, {'action': 'delete', 'id': '5474869', 'name': 'robotfindskitten', 'url': ' ', 'version': '::apt'}, {'action': 'delete', 'id': '5475279', 'name': 'squirrel3', 'url': ' ', 'version': '::apt'}]", 'c8y_SoftwareUpdate': [{'name': 'asciijump', 'action': 'delete', 'id': '5475369', 'version': '::apt', 'url': ' '}, {'name': 'robotfindskitten', 'action': 'delete', 'id': '5474869', 'version': '::apt', 'url': ' '}, {'name': 'squirrel3', 'action': 'delete', 'id': '5475279', 'version': '::apt', 'url': ' '}]}
08:41:35 INFO  State of operation 19133362 : PENDING
08:41:37 INFO  State of operation 19133362 : EXECUTING
08:41:40 INFO  State of operation 19133362 : EXECUTING
08:41:42 INFO  State of operation 19133362 : EXECUTING
08:41:44 INFO  State of operation 19133362 : EXECUTING
08:41:46 INFO  State of operation 19133362 : EXECUTING
08:41:48 INFO  State of operation 19133362 : EXECUTING
08:41:51 INFO  State of operation 19133362 : EXECUTING
08:41:54 INFO  State of operation 19133362 : EXECUTING
08:41:57 INFO  State of operation 19133362 : EXECUTING
08:41:59 INFO  State of operation 19133362 : EXECUTING
08:42:01 INFO  State of operation 19133362 : EXECUTING
08:42:03 INFO  State of operation 19133362 : EXECUTING
08:42:06 INFO  State of operation 19133362 : EXECUTING
08:42:08 INFO  State of operation 19133362 : EXECUTING
08:42:10 INFO  State of operation 19133362 : EXECUTING
08:42:12 INFO  State of operation 19133362 : EXECUTING
08:42:15 INFO  State of operation 19133362 : EXECUTING
08:42:17 INFO  State of operation 19133362 : EXECUTING
08:42:19 INFO  State of operation 19133362 : EXECUTING
08:42:22 INFO  State of operation 19133362 : EXECUTING
08:42:24 INFO  State of operation 19133362 : EXECUTING
08:42:27 INFO  State of operation 19133362 : EXECUTING
08:42:29 INFO  State of operation 19133362 : EXECUTING
08:42:31 INFO  State of operation 19133362 : EXECUTING
08:42:33 INFO  State of operation 19133362 : EXECUTING
08:42:36 INFO  State of operation 19133362 : EXECUTING
08:42:38 INFO  State of operation 19133362 : EXECUTING
08:42:40 INFO  State of operation 19133362 : EXECUTING
08:42:43 INFO  State of operation 19133362 : EXECUTING
08:42:45 INFO  State of operation 19133362 : EXECUTING
08:42:47 INFO  State of operation 19133362 : EXECUTING
08:42:50 INFO  State of operation 19133362 : EXECUTING
08:42:52 INFO  State of operation 19133362 : EXECUTING
08:42:54 INFO  State of operation 19133362 : SUCCESSFUL
08:42:54 INFO  Assert that (False == value) with value=False ... passed
08:42:55 INFO  Assert that (False == value) with value=False ... passed
08:42:55 INFO  Assert that (False == value) with value=False ... passed
08:42:55 INFO  Assert that (False == value) with value=False ... passed
08:42:55 INFO  
08:42:55 INFO  cleanup:
08:43:03 INFO  Executed sudo&lt;tedge_disconnect_c8y&gt;, exit status 0
08:43:03 INFO  Executed systemctl&lt;serv_mapper5&gt;, exit status 3
08:43:03 INFO  
08:43:03 INFO  Test duration: 162.56 secs
08:43:03 INFO  Test final outcome:  FAILED
08:43:03 INFO  Test outcome reason: Assert that (False == value) with value=True (+2 other failures)
08:43:03 INFO  
</system-out>
	</testcase>
</testsuite><testsuite name="SoftwareManagement.sm_apt_install_remove_multiple_mixed" tests="3" errors="0" failures="2" skipped="1" time="0"><testcase classname="PySysTest" name="SoftwareManagement.sm_apt_install_remove_multiple_mixed">
		<skipped message="SKIPPED: Testing the apt plugin is not supported on this platform.Use parameter -XmyPlatform='container' to enable it" />
		<system-out>07:33:25 INFO  ==============================================================
07:33:25 INFO  Id:    SoftwareManagement.sm_apt_install_remove_multiple_mixed
07:33:25 INFO  Dir:   software_management_end_to_end/
07:33:25 INFO  Title: Validate end to end behaviour for the apt plugin for multiple packages with mixed versions
07:33:25 INFO  ==============================================================
07:33:25 INFO  Testing the apt plugin is not supported on this platform.Use parameter -XmyPlatform='container' to enable it ... skipped
07:33:25 WARN  Aborted test due to SKIPPED outcome
07:33:25 INFO  
07:33:25 INFO  Test duration: 0.03 secs
07:33:25 INFO  Test final outcome:  SKIPPED
07:33:25 INFO  Test outcome reason: Testing the apt plugin is not supported on this platform.Use parameter -XmyPlatform='container' to enable it
07:33:25 INFO  
</system-out>
	</testcase>
<testcase classname="PySysTest" name="SoftwareManagement.sm_apt_install_remove_multiple_mixed">
		<failure message="BLOCKED: SystemError: Timeout while waiting for status SUCCESSFUL or False" type="BLOCKED" />
		<system-out>08:13:50 INFO  ==============================================================
08:13:50 INFO  Id:    SoftwareManagement.sm_apt_install_remove_multiple_mixed
08:13:50 INFO  Dir:   software_management_end_to_end/
08:13:50 INFO  Title: Validate end to end behaviour for the apt plugin for multiple packages with mixed versions
08:13:50 INFO  ==============================================================
08:13:50 INFO  Using sw id database: {'asciijump': '5475369', 'robotfindskitten': '5474869', 'squirrel3': '5475279', 'rolldice': '5152439', 'moon-buggy': '5439204', 'apple': '5495053', 'banana': '5494888', 'cherry': '5495382', 'watermelon': '5494510', 'registry': '8018911', 'hello-world': '8021526', 'docker/getting-started': '8021973', 'alpine': '7991792'}
08:13:50 INFO  EnvironmentC8y Setup
08:13:51 INFO  Executed systemctl&lt;serv_mapper1&gt;, exit status 3
08:13:51 INFO  Restarting mosquitto too frequently in the last 10 seconds. It was only up for 6 seconds
08:13:51 INFO  Delaying execution by 5 seconds
08:14:13 INFO  Executed sudo&lt;tedge_connect_c8y&gt;, exit status 0, duration 17 secs
08:14:14 INFO  Executed sudo&lt;tedge_connect_c8y_test&gt;, exit status 0
08:14:15 INFO  Executed systemctl&lt;serv_mosq2&gt;, exit status 0
08:14:15 INFO  Executed systemctl&lt;serv_mapper3&gt;, exit status 0
08:14:17 INFO  State of current operation: SUCCESSFUL
08:14:18 INFO  Assert that (False == value) with value=False ... passed
08:14:18 INFO  Assert that (False == value) with value=False ... passed
08:14:18 INFO  Assert that (False == value) with value=False ... passed
08:14:18 INFO  Assert that (False == value) with value=False ... passed
08:14:19 INFO  Assert that (False == value) with value=False ... passed
08:14:21 INFO  Response status: 201
08:14:21 INFO  Response to action: {
    "creationTime": "2022-05-16T08:14:21.035Z",
    "deviceId": "19103185",
    "deviceName": "m32sd11e",
    "self": "https://t493319102.eu-latest.cumulocity.com/devicecontrol/operations/19119069",
    "id": "19119069",
    "status": "PENDING",
    "description": "Apply software changes, triggered from PySys: [{'action': 'install', 'id': '5475369', 'name': 'asciijump', 'url': ' ', 'version': '::apt'}, {'action': 'install', 'id': '5474869', 'name': 'robotfindskitten', 'url': ' ', 'version': ' '}, {'action': 'install', 'id': '5475279', 'name': 'squirrel3', 'url': ' ', 'version': '3.1-8::apt'}, {'action': 'install', 'id': '5152439', 'name': 'rolldice', 'url': ' ', 'version': '1.16-1+b2'}, {'action': 'install', 'id': '5439204', 'name': 'moon-buggy', 'url': ' ', 'version': '1:1.0.51-13'}, {'action': 'install', 'id': '5475369', 'name': 'asciijump', 'url': ' ', 'version': '::apt'}]",
    "c8y_SoftwareUpdate": [
        {
            "name": "asciijump",
            "action": "install",
            "id": "5475369",
            "version": "::apt",
            "url": " "
        },
        {
            "name": "robotfindskitten",
            "action": "install",
            "id": "5474869",
            "version": " ",
            "url": " "
        },
        {
            "name": "squirrel3",
            "action": "install",
            "id": "5475279",
            "version": "3.1-8::apt",
            "url": " "
        },
        {
            "name": "rolldice",
            "action": "install",
            "id": "5152439",
            "version": "1.16-1+b2",
            "url": " "
        },
        {
            "name": "moon-buggy",
            "action": "install",
            "id": "5439204",
            "version": "1:1.0.51-13",
            "url": " "
        },
        {
            "name": "asciijump",
            "action": "install",
            "id": "5475369",
            "version": "::apt",
            "url": " "
        }
    ]
}
08:14:21 INFO  Started operation: {'creationTime': '2022-05-16T08:14:21.035Z', 'deviceId': '19103185', 'deviceName': 'm32sd11e', 'self': 'https://t493319102.eu-latest.cumulocity.com/devicecontrol/operations/19119069', 'id': '19119069', 'status': 'PENDING', 'description': "Apply software changes, triggered from PySys: [{'action': 'install', 'id': '5475369', 'name': 'asciijump', 'url': ' ', 'version': '::apt'}, {'action': 'install', 'id': '5474869', 'name': 'robotfindskitten', 'url': ' ', 'version': ' '}, {'action': 'install', 'id': '5475279', 'name': 'squirrel3', 'url': ' ', 'version': '3.1-8::apt'}, {'action': 'install', 'id': '5152439', 'name': 'rolldice', 'url': ' ', 'version': '1.16-1+b2'}, {'action': 'install', 'id': '5439204', 'name': 'moon-buggy', 'url': ' ', 'version': '1:1.0.51-13'}, {'action': 'install', 'id': '5475369', 'name': 'asciijump', 'url': ' ', 'version': '::apt'}]", 'c8y_SoftwareUpdate': [{'name': 'asciijump', 'action': 'install', 'id': '5475369', 'version': '::apt', 'url': ' '}, {'name': 'robotfindskitten', 'action': 'install', 'id': '5474869', 'version': ' ', 'url': ' '}, {'name': 'squirrel3', 'action': 'install', 'id': '5475279', 'version': '3.1-8::apt', 'url': ' '}, {'name': 'rolldice', 'action': 'install', 'id': '5152439', 'version': '1.16-1+b2', 'url': ' '}, {'name': 'moon-buggy', 'action': 'install', 'id': '5439204', 'version': '1:1.0.51-13', 'url': ' '}, {'name': 'asciijump', 'action': 'install', 'id': '5475369', 'version': '::apt', 'url': ' '}]}
08:14:23 INFO  State of operation 19119069 : PENDING
08:14:25 INFO  State of operation 19119069 : EXECUTING
08:14:27 INFO  State of operation 19119069 : EXECUTING
08:14:29 INFO  State of operation 19119069 : EXECUTING
08:14:32 INFO  State of operation 19119069 : EXECUTING
08:14:34 INFO  State of operation 19119069 : EXECUTING
08:14:36 INFO  State of operation 19119069 : EXECUTING
08:14:39 INFO  State of operation 19119069 : EXECUTING
08:14:42 INFO  State of operation 19119069 : EXECUTING
08:14:44 INFO  State of operation 19119069 : EXECUTING
08:14:46 INFO  State of operation 19119069 : EXECUTING
08:14:48 INFO  State of operation 19119069 : EXECUTING
08:14:51 INFO  State of operation 19119069 : EXECUTING
08:14:53 INFO  State of operation 19119069 : EXECUTING
08:14:55 INFO  State of operation 19119069 : EXECUTING
08:14:58 INFO  State of operation 19119069 : EXECUTING
08:15:00 INFO  State of operation 19119069 : EXECUTING
08:15:02 INFO  State of operation 19119069 : EXECUTING
08:15:04 INFO  State of operation 19119069 : EXECUTING
08:15:07 INFO  State of operation 19119069 : EXECUTING
08:15:09 INFO  State of operation 19119069 : EXECUTING
08:15:12 INFO  State of operation 19119069 : EXECUTING
08:15:14 INFO  State of operation 19119069 : EXECUTING
08:15:16 INFO  State of operation 19119069 : EXECUTING
08:15:18 INFO  State of operation 19119069 : EXECUTING
08:15:20 INFO  State of operation 19119069 : EXECUTING
08:15:23 INFO  State of operation 19119069 : EXECUTING
08:15:25 INFO  State of operation 19119069 : EXECUTING
08:15:28 INFO  State of operation 19119069 : EXECUTING
08:15:30 INFO  State of operation 19119069 : EXECUTING
08:15:32 INFO  State of operation 19119069 : EXECUTING
08:15:35 INFO  State of operation 19119069 : EXECUTING
08:15:37 INFO  State of operation 19119069 : EXECUTING
08:15:40 INFO  State of operation 19119069 : EXECUTING
08:15:42 INFO  State of operation 19119069 : EXECUTING
08:15:45 INFO  State of operation 19119069 : EXECUTING
08:15:47 INFO  State of operation 19119069 : EXECUTING
08:15:49 INFO  State of operation 19119069 : EXECUTING
08:15:52 INFO  State of operation 19119069 : EXECUTING
08:15:54 INFO  State of operation 19119069 : EXECUTING
08:15:56 INFO  State of operation 19119069 : EXECUTING
08:15:58 INFO  State of operation 19119069 : EXECUTING
08:16:01 INFO  State of operation 19119069 : EXECUTING
08:16:03 INFO  State of operation 19119069 : EXECUTING
08:16:05 INFO  State of operation 19119069 : EXECUTING
08:16:08 INFO  State of operation 19119069 : EXECUTING
08:16:10 INFO  State of operation 19119069 : EXECUTING
08:16:13 INFO  State of operation 19119069 : EXECUTING
08:16:16 INFO  State of operation 19119069 : EXECUTING
08:16:18 INFO  State of operation 19119069 : EXECUTING
08:16:20 INFO  State of operation 19119069 : EXECUTING
08:16:23 INFO  State of operation 19119069 : EXECUTING
08:16:25 INFO  State of operation 19119069 : EXECUTING
08:16:27 INFO  State of operation 19119069 : EXECUTING
08:16:29 INFO  State of operation 19119069 : EXECUTING
08:16:32 INFO  State of operation 19119069 : EXECUTING
08:16:34 INFO  State of operation 19119069 : EXECUTING
08:16:37 INFO  State of operation 19119069 : EXECUTING
08:16:39 INFO  State of operation 19119069 : EXECUTING
08:16:41 INFO  State of operation 19119069 : EXECUTING
08:16:44 INFO  State of operation 19119069 : EXECUTING
08:16:46 WARN  SystemError occurred while running test - Timeout while waiting for status SUCCESSFUL or False
Traceback (most recent call last):
  File "/home/pi/env-pysys/lib/python3.9/site-packages/pysys/baserunner.py", line 1294, in __call__
    self.testObj.execute()
  File "/home/pi/actions-runner/_work/thin-edge.io/thin-edge.io/tests/PySys/software_management_end_to_end/sm_apt_install_remove_multiple_mixed/run.py", line 89, in execute
    self.wait_until_succcess()
  File "/home/pi/actions-runner/_work/thin-edge.io/thin-edge.io/tests/PySys/software_management_end_to_end/environment_sm_management.py", line 324, in wait_until_succcess
    self.wait_until_status("SUCCESSFUL")
  File "/home/pi/actions-runner/_work/thin-edge.io/thin-edge.io/tests/PySys/software_management_end_to_end/environment_sm_management.py", line 380, in wait_until_status
    raise SystemError(
SystemError: Timeout while waiting for status SUCCESSFUL or False
08:16:46 WARN  SystemError: Timeout while waiting for status SUCCESSFUL or False ... blocked 
08:16:46 INFO  
08:16:46 INFO  cleanup:
08:16:54 INFO  Executed sudo&lt;tedge_disconnect_c8y&gt;, exit status 0
08:16:55 INFO  Executed systemctl&lt;serv_mapper5&gt;, exit status 3
08:16:55 INFO  
08:16:55 INFO  Test duration: 184.54 secs
08:16:55 INFO  Test final outcome:  BLOCKED
08:16:55 INFO  Test outcome reason: SystemError: Timeout while waiting for status SUCCESSFUL or False
08:16:55 INFO  
</system-out>
	</testcase>
<testcase classname="PySysTest" name="SoftwareManagement.sm_apt_install_remove_multiple_mixed">
		<failure message="BLOCKED: SystemError: Timeout while waiting for status SUCCESSFUL or False (+1 other failures)" type="BLOCKED" />
		<system-out>08:43:04 INFO  ==============================================================
08:43:04 INFO  Id:    SoftwareManagement.sm_apt_install_remove_multiple_mixed
08:43:04 INFO  Dir:   software_management_end_to_end/
08:43:04 INFO  Title: Validate end to end behaviour for the apt plugin for multiple packages with mixed versions
08:43:04 INFO  ==============================================================
08:43:04 INFO  Using sw id database: {'asciijump': '5475369', 'robotfindskitten': '5474869', 'squirrel3': '5475279', 'rolldice': '5152439', 'moon-buggy': '5439204', 'apple': '5495053', 'banana': '5494888', 'cherry': '5495382', 'watermelon': '5494510', 'registry': '8018911', 'hello-world': '8021526', 'docker/getting-started': '8021973', 'alpine': '7991792'}
08:43:04 INFO  EnvironmentC8y Setup
08:43:04 INFO  Executed systemctl&lt;serv_mapper1&gt;, exit status 3
08:43:04 INFO  Restarting mosquitto too frequently in the last 10 seconds. It was only up for 8 seconds
08:43:04 INFO  Delaying execution by 3 seconds
08:43:25 INFO  Executed sudo&lt;tedge_connect_c8y&gt;, exit status 0, duration 17 secs
08:43:26 INFO  Executed sudo&lt;tedge_connect_c8y_test&gt;, exit status 0
08:43:26 INFO  Executed systemctl&lt;serv_mosq2&gt;, exit status 0
08:43:27 INFO  Executed systemctl&lt;serv_mapper3&gt;, exit status 0
08:43:29 INFO  State of current operation: SUCCESSFUL
08:43:29 INFO  Assert that (False == value) with value=False ... passed
08:43:29 INFO  Assert that (False == value) with value=False ... passed
08:43:30 INFO  Assert that (False == value) with value=False ... passed
08:43:30 INFO  Assert that (False == value) with value=False ... passed
08:43:30 INFO  Package moon-buggy is installed
08:43:30 WARN  Assert that (False == value) with value=True ... failed 
08:43:32 INFO  Response status: 201
08:43:32 INFO  Response to action: {
    "creationTime": "2022-05-16T08:43:32.816Z",
    "deviceId": "19103185",
    "deviceName": "m32sd11e",
    "self": "https://t493319102.eu-latest.cumulocity.com/devicecontrol/operations/19133415",
    "id": "19133415",
    "status": "PENDING",
    "description": "Apply software changes, triggered from PySys: [{'action': 'install', 'id': '5475369', 'name': 'asciijump', 'url': ' ', 'version': '::apt'}, {'action': 'install', 'id': '5474869', 'name': 'robotfindskitten', 'url': ' ', 'version': ' '}, {'action': 'install', 'id': '5475279', 'name': 'squirrel3', 'url': ' ', 'version': '3.1-8::apt'}, {'action': 'install', 'id': '5152439', 'name': 'rolldice', 'url': ' ', 'version': '1.16-1+b2'}, {'action': 'install', 'id': '5439204', 'name': 'moon-buggy', 'url': ' ', 'version': '1:1.0.51-13'}, {'action': 'install', 'id': '5475369', 'name': 'asciijump', 'url': ' ', 'version': '::apt'}]",
    "c8y_SoftwareUpdate": [
        {
            "name": "asciijump",
            "action": "install",
            "id": "5475369",
            "version": "::apt",
            "url": " "
        },
        {
            "name": "robotfindskitten",
            "action": "install",
            "id": "5474869",
            "version": " ",
            "url": " "
        },
        {
            "name": "squirrel3",
            "action": "install",
            "id": "5475279",
            "version": "3.1-8::apt",
            "url": " "
        },
        {
            "name": "rolldice",
            "action": "install",
            "id": "5152439",
            "version": "1.16-1+b2",
            "url": " "
        },
        {
            "name": "moon-buggy",
            "action": "install",
            "id": "5439204",
            "version": "1:1.0.51-13",
            "url": " "
        },
        {
            "name": "asciijump",
            "action": "install",
            "id": "5475369",
            "version": "::apt",
            "url": " "
        }
    ]
}
08:43:32 INFO  Started operation: {'creationTime': '2022-05-16T08:43:32.816Z', 'deviceId': '19103185', 'deviceName': 'm32sd11e', 'self': 'https://t493319102.eu-latest.cumulocity.com/devicecontrol/operations/19133415', 'id': '19133415', 'status': 'PENDING', 'description': "Apply software changes, triggered from PySys: [{'action': 'install', 'id': '5475369', 'name': 'asciijump', 'url': ' ', 'version': '::apt'}, {'action': 'install', 'id': '5474869', 'name': 'robotfindskitten', 'url': ' ', 'version': ' '}, {'action': 'install', 'id': '5475279', 'name': 'squirrel3', 'url': ' ', 'version': '3.1-8::apt'}, {'action': 'install', 'id': '5152439', 'name': 'rolldice', 'url': ' ', 'version': '1.16-1+b2'}, {'action': 'install', 'id': '5439204', 'name': 'moon-buggy', 'url': ' ', 'version': '1:1.0.51-13'}, {'action': 'install', 'id': '5475369', 'name': 'asciijump', 'url': ' ', 'version': '::apt'}]", 'c8y_SoftwareUpdate': [{'name': 'asciijump', 'action': 'install', 'id': '5475369', 'version': '::apt', 'url': ' '}, {'name': 'robotfindskitten', 'action': 'install', 'id': '5474869', 'version': ' ', 'url': ' '}, {'name': 'squirrel3', 'action': 'install', 'id': '5475279', 'version': '3.1-8::apt', 'url': ' '}, {'name': 'rolldice', 'action': 'install', 'id': '5152439', 'version': '1.16-1+b2', 'url': ' '}, {'name': 'moon-buggy', 'action': 'install', 'id': '5439204', 'version': '1:1.0.51-13', 'url': ' '}, {'name': 'asciijump', 'action': 'install', 'id': '5475369', 'version': '::apt', 'url': ' '}]}
08:43:35 INFO  State of operation 19133415 : PENDING
08:43:37 INFO  State of operation 19133415 : EXECUTING
08:43:39 INFO  State of operation 19133415 : EXECUTING
08:43:41 INFO  State of operation 19133415 : EXECUTING
08:43:44 INFO  State of operation 19133415 : EXECUTING
08:43:46 INFO  State of operation 19133415 : EXECUTING
08:43:48 INFO  State of operation 19133415 : EXECUTING
08:43:52 INFO  State of operation 19133415 : EXECUTING
08:43:55 INFO  State of operation 19133415 : EXECUTING
08:43:57 INFO  State of operation 19133415 : EXECUTING
08:43:59 INFO  State of operation 19133415 : EXECUTING
08:44:02 INFO  State of operation 19133415 : EXECUTING
08:44:04 INFO  State of operation 19133415 : EXECUTING
08:44:06 INFO  State of operation 19133415 : EXECUTING
08:44:08 INFO  State of operation 19133415 : EXECUTING
08:44:11 INFO  State of operation 19133415 : EXECUTING
08:44:13 INFO  State of operation 19133415 : EXECUTING
08:44:15 INFO  State of operation 19133415 : EXECUTING
08:44:17 INFO  State of operation 19133415 : EXECUTING
08:44:20 INFO  State of operation 19133415 : EXECUTING
08:44:22 INFO  State of operation 19133415 : EXECUTING
08:44:25 INFO  State of operation 19133415 : EXECUTING
08:44:27 INFO  State of operation 19133415 : EXECUTING
08:44:29 INFO  State of operation 19133415 : EXECUTING
08:44:31 INFO  State of operation 19133415 : EXECUTING
08:44:34 INFO  State of operation 19133415 : EXECUTING
08:44:36 INFO  State of operation 19133415 : EXECUTING
08:44:39 INFO  State of operation 19133415 : EXECUTING
08:44:41 INFO  State of operation 19133415 : EXECUTING
08:44:44 INFO  State of operation 19133415 : EXECUTING
08:44:46 INFO  State of operation 19133415 : EXECUTING
08:44:48 INFO  State of operation 19133415 : EXECUTING
08:44:50 INFO  State of operation 19133415 : EXECUTING
08:44:53 INFO  State of operation 19133415 : EXECUTING
08:44:55 INFO  State of operation 19133415 : EXECUTING
08:44:57 INFO  State of operation 19133415 : EXECUTING
08:45:00 INFO  State of operation 19133415 : EXECUTING
08:45:02 INFO  State of operation 19133415 : EXECUTING
08:45:04 INFO  State of operation 19133415 : EXECUTING
08:45:06 INFO  State of operation 19133415 : EXECUTING
08:45:09 INFO  State of operation 19133415 : EXECUTING
08:45:11 INFO  State of operation 19133415 : EXECUTING
08:45:13 INFO  State of operation 19133415 : EXECUTING
08:45:16 INFO  State of operation 19133415 : EXECUTING
08:45:18 INFO  State of operation 19133415 : EXECUTING
08:45:21 INFO  State of operation 19133415 : EXECUTING
08:45:24 INFO  State of operation 19133415 : EXECUTING
08:45:31 INFO  State of operation 19133415 : EXECUTING
08:45:33 INFO  State of operation 19133415 : EXECUTING
08:45:35 INFO  State of operation 19133415 : EXECUTING
08:45:38 INFO  State of operation 19133415 : EXECUTING
08:45:40 INFO  State of operation 19133415 : EXECUTING
08:45:47 INFO  State of operation 19133415 : EXECUTING
08:45:50 INFO  State of operation 19133415 : EXECUTING
08:45:52 INFO  State of operation 19133415 : EXECUTING
08:45:54 INFO  State of operation 19133415 : EXECUTING
08:45:56 INFO  State of operation 19133415 : EXECUTING
08:45:59 INFO  State of operation 19133415 : EXECUTING
08:46:01 INFO  State of operation 19133415 : EXECUTING
08:46:04 INFO  State of operation 19133415 : EXECUTING
08:46:06 INFO  State of operation 19133415 : EXECUTING
08:46:08 WARN  SystemError occurred while running test - Timeout while waiting for status SUCCESSFUL or False
Traceback (most recent call last):
  File "/home/pi/env-pysys/lib/python3.9/site-packages/pysys/baserunner.py", line 1294, in __call__
    self.testObj.execute()
  File "/home/pi/actions-runner/_work/thin-edge.io/thin-edge.io/tests/PySys/software_management_end_to_end/sm_apt_install_remove_multiple_mixed/run.py", line 89, in execute
    self.wait_until_succcess()
  File "/home/pi/actions-runner/_work/thin-edge.io/thin-edge.io/tests/PySys/software_management_end_to_end/environment_sm_management.py", line 324, in wait_until_succcess
    self.wait_until_status("SUCCESSFUL")
  File "/home/pi/actions-runner/_work/thin-edge.io/thin-edge.io/tests/PySys/software_management_end_to_end/environment_sm_management.py", line 380, in wait_until_status
    raise SystemError(
SystemError: Timeout while waiting for status SUCCESSFUL or False
08:46:08 WARN  SystemError: Timeout while waiting for status SUCCESSFUL or False ... blocked 
08:46:08 INFO  
08:46:08 INFO  cleanup:
08:46:16 INFO  Executed sudo&lt;tedge_disconnect_c8y&gt;, exit status 0
08:46:16 INFO  Executed systemctl&lt;serv_mapper5&gt;, exit status 3
08:46:16 INFO  
08:46:16 INFO  Test duration: 192.90 secs
08:46:16 INFO  Test final outcome:  BLOCKED
08:46:16 INFO  Test outcome reason: SystemError: Timeout while waiting for status SUCCESSFUL or False (+1 other failures)
08:46:16 INFO  
</system-out>
	</testcase>
</testsuite><testsuite name="SoftwareManagement.sm_apt_install_remove_with_version" tests="3" errors="0" failures="1" skipped="1" time="0"><testcase classname="PySysTest" name="SoftwareManagement.sm_apt_install_remove_with_version">
		<skipped message="SKIPPED: Testing the apt plugin is not supported on this platform.Use parameter -XmyPlatform='container' to enable it" />
		<system-out>07:33:25 INFO  ==============================================================
07:33:25 INFO  Id:    SoftwareManagement.sm_apt_install_remove_with_version
07:33:25 INFO  Dir:   software_management_end_to_end/
07:33:25 INFO  Title: Validate end to end behaviour for the apt plugin for packages with version
07:33:25 INFO  ==============================================================
07:33:25 INFO  Testing the apt plugin is not supported on this platform.Use parameter -XmyPlatform='container' to enable it ... skipped
07:33:25 WARN  Aborted test due to SKIPPED outcome
07:33:25 INFO  
07:33:25 INFO  Test duration: 0.02 secs
07:33:25 INFO  Test final outcome:  SKIPPED
07:33:25 INFO  Test outcome reason: Testing the apt plugin is not supported on this platform.Use parameter -XmyPlatform='container' to enable it
07:33:25 INFO  
</system-out>
	</testcase>
<testcase classname="PySysTest" name="SoftwareManagement.sm_apt_install_remove_with_version">
		<failure message="FAILED: Assert that (False == value) with value=True" type="FAILED" />
		<system-out>08:16:55 INFO  ==============================================================
08:16:55 INFO  Id:    SoftwareManagement.sm_apt_install_remove_with_version
08:16:55 INFO  Dir:   software_management_end_to_end/
08:16:55 INFO  Title: Validate end to end behaviour for the apt plugin for packages with version
08:16:55 INFO  ==============================================================
08:16:55 INFO  Using sw id database: {'asciijump': '5475369', 'robotfindskitten': '5474869', 'squirrel3': '5475279', 'rolldice': '5152439', 'moon-buggy': '5439204', 'apple': '5495053', 'banana': '5494888', 'cherry': '5495382', 'watermelon': '5494510', 'registry': '8018911', 'hello-world': '8021526', 'docker/getting-started': '8021973', 'alpine': '7991792'}
08:16:55 INFO  EnvironmentC8y Setup
08:16:55 INFO  Executed systemctl&lt;serv_mapper1&gt;, exit status 3
08:16:55 INFO  Restarting mosquitto too frequently in the last 10 seconds. It was only up for 8 seconds
08:16:55 INFO  Delaying execution by 3 seconds
08:17:20 INFO  Executed sudo&lt;tedge_connect_c8y&gt;, exit status 0, duration 21 secs
08:17:21 INFO  Executed sudo&lt;tedge_connect_c8y_test&gt;, exit status 0
08:17:21 INFO  Executed systemctl&lt;serv_mosq2&gt;, exit status 0
08:17:22 INFO  Executed systemctl&lt;serv_mapper3&gt;, exit status 0
08:17:24 INFO  State of current operation: FAILED
08:17:24 INFO  Package rolldice is installed
08:17:25 WARN  Assert that (False == value) with value=True ... failed 
08:17:25 INFO  Response status: 201
08:17:25 INFO  Response to action: {
    "creationTime": "2022-05-16T08:17:25.877Z",
    "deviceId": "19103185",
    "deviceName": "m32sd11e",
    "self": "https://t493319102.eu-latest.cumulocity.com/devicecontrol/operations/19119075",
    "id": "19119075",
    "status": "PENDING",
    "description": "Apply software changes, triggered from PySys: [{'name': 'rolldice', 'id': '5152439', 'version': '1.16-1+b2', 'url': '', 'action': 'install'}]",
    "c8y_SoftwareUpdate": [
        {
            "name": "rolldice",
            "action": "install",
            "id": "5152439",
            "version": "1.16-1+b2",
            "url": ""
        }
    ]
}
08:17:25 INFO  Started operation: {'creationTime': '2022-05-16T08:17:25.877Z', 'deviceId': '19103185', 'deviceName': 'm32sd11e', 'self': 'https://t493319102.eu-latest.cumulocity.com/devicecontrol/operations/19119075', 'id': '19119075', 'status': 'PENDING', 'description': "Apply software changes, triggered from PySys: [{'name': 'rolldice', 'id': '5152439', 'version': '1.16-1+b2', 'url': '', 'action': 'install'}]", 'c8y_SoftwareUpdate': [{'name': 'rolldice', 'action': 'install', 'id': '5152439', 'version': '1.16-1+b2', 'url': ''}]}
08:17:28 INFO  State of operation 19119075 : PENDING
08:17:30 INFO  State of operation 19119075 : EXECUTING
08:17:32 INFO  State of operation 19119075 : EXECUTING
08:17:34 INFO  State of operation 19119075 : EXECUTING
08:17:37 INFO  State of operation 19119075 : EXECUTING
08:17:39 INFO  State of operation 19119075 : EXECUTING
08:17:41 INFO  State of operation 19119075 : EXECUTING
08:17:44 INFO  State of operation 19119075 : EXECUTING
08:17:47 INFO  State of operation 19119075 : EXECUTING
08:17:49 INFO  State of operation 19119075 : EXECUTING
08:17:51 INFO  State of operation 19119075 : EXECUTING
08:17:54 INFO  State of operation 19119075 : EXECUTING
08:17:56 INFO  State of operation 19119075 : EXECUTING
08:17:58 INFO  State of operation 19119075 : EXECUTING
08:18:00 INFO  State of operation 19119075 : EXECUTING
08:18:03 INFO  State of operation 19119075 : EXECUTING
08:18:05 INFO  State of operation 19119075 : SUCCESSFUL
08:18:05 INFO  Package rolldice is installed
08:18:05 INFO  Assert that (True == value) with value=True ... passed
08:18:05 INFO  Response status: 201
08:18:05 INFO  Response to action: {
    "creationTime": "2022-05-16T08:18:05.809Z",
    "deviceId": "19103185",
    "deviceName": "m32sd11e",
    "self": "https://t493319102.eu-latest.cumulocity.com/devicecontrol/operations/19119079",
    "id": "19119079",
    "status": "PENDING",
    "description": "Apply software changes, triggered from PySys: [{'name': 'rolldice', 'id': '5152439', 'version': '88::apt', 'url': '', 'action': 'delete'}]",
    "c8y_SoftwareUpdate": [
        {
            "name": "rolldice",
            "action": "delete",
            "id": "5152439",
            "version": "88::apt",
            "url": ""
        }
    ]
}
08:18:05 INFO  Started operation: {'creationTime': '2022-05-16T08:18:05.809Z', 'deviceId': '19103185', 'deviceName': 'm32sd11e', 'self': 'https://t493319102.eu-latest.cumulocity.com/devicecontrol/operations/19119079', 'id': '19119079', 'status': 'PENDING', 'description': "Apply software changes, triggered from PySys: [{'name': 'rolldice', 'id': '5152439', 'version': '88::apt', 'url': '', 'action': 'delete'}]", 'c8y_SoftwareUpdate': [{'name': 'rolldice', 'action': 'delete', 'id': '5152439', 'version': '88::apt', 'url': ''}]}
08:18:08 INFO  State of operation 19119079 : PENDING
08:18:10 INFO  State of operation 19119079 : EXECUTING
08:18:12 INFO  State of operation 19119079 : EXECUTING
08:18:14 INFO  State of operation 19119079 : EXECUTING
08:18:16 INFO  State of operation 19119079 : EXECUTING
08:18:19 INFO  State of operation 19119079 : EXECUTING
08:18:21 INFO  State of operation 19119079 : EXECUTING
08:18:24 INFO  State of operation 19119079 : EXECUTING
08:18:27 INFO  State of operation 19119079 : EXECUTING
08:18:30 INFO  State of operation 19119079 : EXECUTING
08:18:32 INFO  State of operation 19119079 : EXECUTING
08:18:34 INFO  State of operation 19119079 : EXECUTING
08:18:37 INFO  State of operation 19119079 : EXECUTING
08:18:39 INFO  State of operation 19119079 : EXECUTING
08:18:41 INFO  State of operation 19119079 : EXECUTING
08:18:43 INFO  State of operation 19119079 : FAILED
08:18:44 INFO  Package rolldice is installed
08:18:44 INFO  Assert that (True == value) with value=True ... passed
08:18:45 INFO  Response status: 201
08:18:45 INFO  Response to action: {
    "creationTime": "2022-05-16T08:18:45.020Z",
    "deviceId": "19103185",
    "deviceName": "m32sd11e",
    "self": "https://t493319102.eu-latest.cumulocity.com/devicecontrol/operations/19119081",
    "id": "19119081",
    "status": "PENDING",
    "description": "Apply software changes, triggered from PySys: [{'name': 'rolldice', 'id': '5152439', 'version': '1.16-1+b2', 'url': '', 'action': 'delete'}]",
    "c8y_SoftwareUpdate": [
        {
            "name": "rolldice",
            "action": "delete",
            "id": "5152439",
            "version": "1.16-1+b2",
            "url": ""
        }
    ]
}
08:18:45 INFO  Started operation: {'creationTime': '2022-05-16T08:18:45.020Z', 'deviceId': '19103185', 'deviceName': 'm32sd11e', 'self': 'https://t493319102.eu-latest.cumulocity.com/devicecontrol/operations/19119081', 'id': '19119081', 'status': 'PENDING', 'description': "Apply software changes, triggered from PySys: [{'name': 'rolldice', 'id': '5152439', 'version': '1.16-1+b2', 'url': '', 'action': 'delete'}]", 'c8y_SoftwareUpdate': [{'name': 'rolldice', 'action': 'delete', 'id': '5152439', 'version': '1.16-1+b2', 'url': ''}]}
08:18:47 INFO  State of operation 19119081 : PENDING
08:18:49 INFO  State of operation 19119081 : EXECUTING
08:18:51 INFO  State of operation 19119081 : EXECUTING
08:18:54 INFO  State of operation 19119081 : EXECUTING
08:18:56 INFO  State of operation 19119081 : EXECUTING
08:18:58 INFO  State of operation 19119081 : EXECUTING
08:19:01 INFO  State of operation 19119081 : EXECUTING
08:19:03 INFO  State of operation 19119081 : EXECUTING
08:19:06 INFO  State of operation 19119081 : EXECUTING
08:19:08 INFO  State of operation 19119081 : EXECUTING
08:19:11 INFO  State of operation 19119081 : EXECUTING
08:19:13 INFO  State of operation 19119081 : EXECUTING
08:19:15 INFO  State of operation 19119081 : EXECUTING
08:19:17 INFO  State of operation 19119081 : EXECUTING
08:19:19 INFO  State of operation 19119081 : EXECUTING
08:19:22 INFO  State of operation 19119081 : EXECUTING
08:19:24 INFO  State of operation 19119081 : EXECUTING
08:19:27 INFO  State of operation 19119081 : EXECUTING
08:19:30 INFO  State of operation 19119081 : EXECUTING
08:19:32 INFO  State of operation 19119081 : EXECUTING
08:19:35 INFO  State of operation 19119081 : EXECUTING
08:19:37 INFO  State of operation 19119081 : EXECUTING
08:19:39 INFO  State of operation 19119081 : EXECUTING
08:19:41 INFO  State of operation 19119081 : EXECUTING
08:19:44 INFO  State of operation 19119081 : SUCCESSFUL
08:19:45 INFO  Assert that (False == value) with value=False ... passed
08:19:45 INFO  
08:19:45 INFO  cleanup:
08:19:50 INFO  Executed sudo&lt;tedge_disconnect_c8y&gt;, exit status 0
08:19:51 INFO  Executed systemctl&lt;serv_mapper5&gt;, exit status 3
08:19:51 INFO  
08:19:51 INFO  Test duration: 176.30 secs
08:19:51 INFO  Test final outcome:  FAILED
08:19:51 INFO  Test outcome reason: Assert that (False == value) with value=True
08:19:51 INFO  
</system-out>
	</testcase>
<testcase classname="PySysTest" name="SoftwareManagement.sm_apt_install_remove_with_version" />
</testsuite><testsuite name="SoftwareManagement.sm_docker_install_remove_multiple" tests="3" errors="0" failures="0" skipped="1" time="0"><testcase classname="SMDockerInstallRemove" name="SoftwareManagement.sm_docker_install_remove_multiple">
		<skipped message="SKIPPED: Testing the apt plugin is not supported on this platform.Use parameter -XmyPlatform='container' to enable it" />
		<system-out>07:33:25 INFO  ==============================================================
07:33:25 INFO  Id:    SoftwareManagement.sm_docker_install_remove_multiple
07:33:25 INFO  Dir:   software_management_end_to_end/
07:33:25 INFO  Title: Validate end to end behaviour for the docker plugin for multiple docker images with mixed versions
07:33:25 INFO  ==============================================================
07:33:25 INFO  Testing the apt plugin is not supported on this platform.Use parameter -XmyPlatform='container' to enable it ... skipped
07:33:25 WARN  Aborted test due to SKIPPED outcome
07:33:25 INFO  
07:33:25 INFO  Test duration: 0.03 secs
07:33:25 INFO  Test final outcome:  SKIPPED
07:33:25 INFO  Test outcome reason: Testing the apt plugin is not supported on this platform.Use parameter -XmyPlatform='container' to enable it
07:33:25 INFO  
</system-out>
	</testcase>
<testcase classname="SMDockerInstallRemove" name="SoftwareManagement.sm_docker_install_remove_multiple" />
<testcase classname="SMDockerInstallRemove" name="SoftwareManagement.sm_docker_install_remove_multiple" />
</testsuite><testsuite name="SoftwareManagement.sm_fake_install_remove" tests="2" errors="0" failures="0" skipped="1" time="0"><testcase classname="PySysTest" name="SoftwareManagement.sm_fake_install_remove">
		<skipped message="SKIPPED: Testing the fake plugin is not enabled.Use parameter -Xfakeplugin=fakeplugin to enable it" />
		<system-out>07:33:25 INFO  ==============================================================
07:33:25 INFO  Id:    SoftwareManagement.sm_fake_install_remove
07:33:25 INFO  Dir:   software_management_end_to_end/
07:33:25 INFO  Title: Validate end to end behaviour for the dummy plugin for installation and removal of packages
07:33:25 INFO  ==============================================================
07:33:25 INFO  Testing the fake plugin is not enabled.Use parameter -Xfakeplugin=fakeplugin to enable it ... skipped
07:33:25 WARN  Aborted test due to SKIPPED outcome
07:33:25 INFO  
07:33:25 INFO  Test duration: 0.02 secs
07:33:25 INFO  Test final outcome:  SKIPPED
07:33:25 INFO  Test outcome reason: Testing the fake plugin is not enabled.Use parameter -Xfakeplugin=fakeplugin to enable it
07:33:25 INFO  
</system-out>
	</testcase>
<testcase classname="PySysTest" name="SoftwareManagement.sm_fake_install_remove" />
</testsuite><testsuite name="SoftwareManagement.sm_fake_install_remove_multiple" tests="2" errors="0" failures="0" skipped="1" time="0"><testcase classname="PySysTest" name="SoftwareManagement.sm_fake_install_remove_multiple">
		<skipped message="SKIPPED: Testing the fake plugin is not enabled.Use parameter -Xfakeplugin=fakeplugin to enable it" />
		<system-out>07:33:25 INFO  ==============================================================
07:33:25 INFO  Id:    SoftwareManagement.sm_fake_install_remove_multiple
07:33:25 INFO  Dir:   software_management_end_to_end/
07:33:25 INFO  Title: Validate end to end behaviour for the dummy-plugin for multiple packages
07:33:25 INFO  ==============================================================
07:33:25 INFO  Testing the fake plugin is not enabled.Use parameter -Xfakeplugin=fakeplugin to enable it ... skipped
07:33:25 WARN  Aborted test due to SKIPPED outcome
07:33:25 INFO  
07:33:25 INFO  Test duration: 0.02 secs
07:33:25 INFO  Test final outcome:  SKIPPED
07:33:25 INFO  Test outcome reason: Testing the fake plugin is not enabled.Use parameter -Xfakeplugin=fakeplugin to enable it
07:33:25 INFO  
</system-out>
	</testcase>
<testcase classname="PySysTest" name="SoftwareManagement.sm_fake_install_remove_multiple" />
</testsuite><testsuite name="SoftwareManagement.sm_mapper_fail_and_reconnect" tests="2" errors="0" failures="0" skipped="2" time="0"><testcase classname="MapperC8yReceiveLastMessageOnRestart" name="SoftwareManagement.sm_mapper_fail_and_reconnect">
		<skipped message="SKIPPED: instable https://github.com/thin-edge/thin-edge.io/issues/752" />
		<system-out>07:33:25 INFO  ==============================================================
07:33:25 INFO  Id:    SoftwareManagement.sm_mapper_fail_and_reconnect
07:33:25 INFO  Dir:   software_management_end_to_end/
07:33:25 INFO  Title: Validate the tedge-mapper-sm-c8y for receiving the last message on restart
07:33:25 INFO  ==============================================================
07:33:25 INFO  instable https://github.com/thin-edge/thin-edge.io/issues/752 ... skipped
07:33:25 INFO  
07:33:25 INFO  Test duration: 0.02 secs
07:33:25 INFO  Test final outcome:  SKIPPED
07:33:25 INFO  Test outcome reason: instable https://github.com/thin-edge/thin-edge.io/issues/752
07:33:25 INFO  
</system-out>
	</testcase>
<testcase classname="MapperC8yReceiveLastMessageOnRestart" name="SoftwareManagement.sm_mapper_fail_and_reconnect">
		<skipped message="SKIPPED: instable https://github.com/thin-edge/thin-edge.io/issues/752" />
		<system-out>08:53:55 INFO  ==============================================================
08:53:55 INFO  Id:    SoftwareManagement.sm_mapper_fail_and_reconnect
08:53:55 INFO  Dir:   software_management_end_to_end/
08:53:55 INFO  Title: Validate the tedge-mapper-sm-c8y for receiving the last message on restart
08:53:55 INFO  ==============================================================
08:53:55 INFO  instable https://github.com/thin-edge/thin-edge.io/issues/752 ... skipped
08:53:55 INFO  
08:53:55 INFO  Test duration: 0.06 secs
08:53:55 INFO  Test final outcome:  SKIPPED
08:53:55 INFO  Test outcome reason: instable https://github.com/thin-edge/thin-edge.io/issues/752
08:53:55 INFO  
</system-out>
	</testcase>
</testsuite><testsuite name="SoftwareManagement.sm_mixed_install_remove_multiple" tests="2" errors="0" failures="1" skipped="1" time="0"><testcase classname="PySysTest" name="SoftwareManagement.sm_mixed_install_remove_multiple">
		<skipped message="SKIPPED: Testing the fake plugin is not enabled.Use parameter -Xfakeplugin=fakeplugin to enable it" />
		<system-out>07:33:25 INFO  ==============================================================
07:33:25 INFO  Id:    SoftwareManagement.sm_mixed_install_remove_multiple
07:33:25 INFO  Dir:   software_management_end_to_end/
07:33:25 INFO  Title: Validate end to end behaviour for the dummy-plugin for multiple packages with mixed versions
07:33:25 INFO  ==============================================================
07:33:25 INFO  Testing the fake plugin is not enabled.Use parameter -Xfakeplugin=fakeplugin to enable it ... skipped
07:33:25 WARN  Aborted test due to SKIPPED outcome
07:33:25 INFO  
07:33:25 INFO  Test duration: 0.03 secs
07:33:25 INFO  Test final outcome:  SKIPPED
07:33:25 INFO  Test outcome reason: Testing the fake plugin is not enabled.Use parameter -Xfakeplugin=fakeplugin to enable it
07:33:25 INFO  
</system-out>
	</testcase>
<testcase classname="PySysTest" name="SoftwareManagement.sm_mixed_install_remove_multiple">
		<failure message="FAILED: Assert that (False == value) with value=True" type="FAILED" />
		<system-out>08:53:55 INFO  ==============================================================
08:53:55 INFO  Id:    SoftwareManagement.sm_mixed_install_remove_multiple
08:53:55 INFO  Dir:   software_management_end_to_end/
08:53:55 INFO  Title: Validate end to end behaviour for the dummy-plugin for multiple packages with mixed versions
08:53:55 INFO  ==============================================================
08:53:55 INFO  Using sw id database: {'asciijump': '5475369', 'robotfindskitten': '5474869', 'squirrel3': '5475279', 'rolldice': '5152439', 'moon-buggy': '5439204', 'apple': '5495053', 'banana': '5494888', 'cherry': '5495382', 'watermelon': '5494510', 'registry': '8018911', 'hello-world': '8021526', 'docker/getting-started': '8021973', 'alpine': '7991792'}
08:53:55 INFO  EnvironmentC8y Setup
08:53:56 INFO  Executed systemctl&lt;serv_mapper1&gt;, exit status 3
08:53:56 INFO  Restarting mosquitto too frequently in the last 10 seconds. It was only up for 6 seconds
08:53:56 INFO  Delaying execution by 5 seconds
08:54:20 INFO  Executed sudo&lt;tedge_connect_c8y&gt;, exit status 0, duration 18 secs
08:54:20 INFO  Executed sudo&lt;tedge_connect_c8y_test&gt;, exit status 0
08:54:21 INFO  Executed systemctl&lt;serv_mosq2&gt;, exit status 0
08:54:21 INFO  Executed systemctl&lt;serv_mapper3&gt;, exit status 0
08:54:24 INFO  State of current operation: SUCCESSFUL
08:54:24 INFO  Package apple is installed
08:54:24 INFO  Assert that (True == value) with value=True ... passed
08:54:24 INFO  Package banana is installed
08:54:24 INFO  Assert that (True == value) with value=True ... passed
08:54:25 INFO  Package cherry is installed
08:54:25 INFO  Assert that (True == value) with value=True ... passed
08:54:25 INFO  Package asciijump is installed
08:54:25 WARN  Assert that (False == value) with value=True ... failed 
08:54:25 INFO  Assert that (False == value) with value=False ... passed
08:54:25 INFO  Response status: 201
08:54:25 INFO  Response to action: {
    "creationTime": "2022-05-16T08:54:25.866Z",
    "deviceId": "19103185",
    "deviceName": "m32sd11e",
    "self": "https://t493319102.eu-latest.cumulocity.com/devicecontrol/operations/19156125",
    "id": "19156125",
    "status": "PENDING",
    "description": "Apply software changes, triggered from PySys: [{'action': 'install', 'id': '5495053', 'name': 'apple', 'url': ' ', 'version': '::fruits'}, {'action': 'install', 'id': '5494888', 'name': 'banana', 'url': ' ', 'version': '::fruits'}, {'action': 'install', 'id': '5475369', 'name': 'asciijump', 'url': ' ', 'version': '::apt'}, {'action': 'install', 'id': '5495382', 'name': 'cherry', 'url': ' ', 'version': '::fruits'}, {'action': 'install', 'id': '8018911', 'name': 'registry', 'url': ' ', 'version': '::docker'}]",
    "c8y_SoftwareUpdate": [
        {
            "name": "apple",
            "action": "install",
            "id": "5495053",
            "version": "::fruits",
            "url": " "
        },
        {
            "name": "banana",
            "action": "install",
            "id": "5494888",
            "version": "::fruits",
            "url": " "
        },
        {
            "name": "asciijump",
            "action": "install",
            "id": "5475369",
            "version": "::apt",
            "url": " "
        },
        {
            "name": "cherry",
            "action": "install",
            "id": "5495382",
            "version": "::fruits",
            "url": " "
        },
        {
            "name": "registry",
            "action": "install",
            "id": "8018911",
            "version": "::docker",
            "url": " "
        }
    ]
}
[...]
07:23:02 INFO  Id:    docker_plugin_install_with_version
07:23:02 INFO  Dir:   plugin_docker/
07:23:02 INFO  Title: Validate docker plugin install
07:23:02 INFO  ==============================================================
07:23:02 INFO  Testing the docker plugin is not supported on this platform.To run it, all the test with -XmyPlatform='container' ... skipped
07:23:02 WARN  Aborted test due to SKIPPED outcome
07:23:02 INFO  
07:23:02 INFO  Test duration: 0.02 secs
07:23:02 INFO  Test final outcome:  SKIPPED
07:23:02 INFO  Test outcome reason: Testing the docker plugin is not supported on this platform.To run it, all the test with -XmyPlatform='container'
07:23:02 INFO  
</system-out>
	</testcase>
<testcase classname="DockerPluginInstallWithVersionTest" name="docker_plugin_install_with_version" />
</testsuite><testsuite name="docker_plugin_remove" tests="2" errors="0" failures="0" skipped="1" time="0"><testcase classname="DockerPluginRemoveTest" name="docker_plugin_remove">
		<skipped message="SKIPPED: Testing the docker plugin is not supported on this platform.To run it, all the test with -XmyPlatform='container'" />
		<system-out>07:23:02 INFO  ==============================================================
07:23:02 INFO  Id:    docker_plugin_remove
07:23:02 INFO  Dir:   plugin_docker/
07:23:02 INFO  Title: Validate docker plugin remove
07:23:02 INFO  ==============================================================
07:23:02 INFO  Testing the docker plugin is not supported on this platform.To run it, all the test with -XmyPlatform='container' ... skipped
07:23:02 WARN  Aborted test due to SKIPPED outcome
07:23:02 INFO  
07:23:02 INFO  Test duration: 0.02 secs
07:23:02 INFO  Test final outcome:  SKIPPED
07:23:02 INFO  Test outcome reason: Testing the docker plugin is not supported on this platform.To run it, all the test with -XmyPlatform='container'
07:23:02 INFO  
</system-out>
	</testcase>
<testcase classname="DockerPluginRemoveTest" name="docker_plugin_remove" />
</testsuite><testsuite name="docker_plugin_remove_with_version" tests="2" errors="0" failures="0" skipped="1" time="0"><testcase classname="DockerPluginRemoveWithVersionTest" name="docker_plugin_remove_with_version">
		<skipped message="SKIPPED: Testing the docker plugin is not supported on this platform.To run it, all the test with -XmyPlatform='container'" />
		<system-out>07:23:02 INFO  ==============================================================
07:23:02 INFO  Id:    docker_plugin_remove_with_version
07:23:02 INFO  Dir:   plugin_docker/
07:23:02 INFO  Title: Validate docker plugin remove with version
07:23:02 INFO  ==============================================================
07:23:02 INFO  Testing the docker plugin is not supported on this platform.To run it, all the test with -XmyPlatform='container' ... skipped
07:23:02 WARN  Aborted test due to SKIPPED outcome
07:23:02 INFO  
07:23:02 INFO  Test duration: 0.02 secs
07:23:02 INFO  Test final outcome:  SKIPPED
07:23:02 INFO  Test outcome reason: Testing the docker plugin is not supported on this platform.To run it, all the test with -XmyPlatform='container'
07:23:02 INFO  
</system-out>
	</testcase>
<testcase classname="DockerPluginRemoveWithVersionTest" name="docker_plugin_remove_with_version" />
</testsuite><testsuite name="docker_plugin_update" tests="2" errors="0" failures="0" skipped="1" time="0"><testcase classname="DockerPluginUpdateTest" name="docker_plugin_update">
		<skipped message="SKIPPED: Testing the docker plugin is not supported on this platform.To run it, all the test with -XmyPlatform='container'" />
		<system-out>07:23:02 INFO  ==============================================================
07:23:02 INFO  Id:    docker_plugin_update
07:23:02 INFO  Dir:   plugin_docker/
07:23:02 INFO  Title: Validate docker plugin install updates existing containers
07:23:02 INFO  ==============================================================
07:23:02 INFO  Testing the docker plugin is not supported on this platform.To run it, all the test with -XmyPlatform='container' ... skipped
07:23:02 WARN  Aborted test due to SKIPPED outcome
07:23:02 INFO  
07:23:02 INFO  Test duration: 0.02 secs
07:23:02 INFO  Test final outcome:  SKIPPED
07:23:02 INFO  Test outcome reason: Testing the docker plugin is not supported on this platform.To run it, all the test with -XmyPlatform='container'
07:23:02 INFO  
</system-out>
	</testcase>
<testcase classname="DockerPluginUpdateTest" name="docker_plugin_update" />
</testsuite><testsuite name="invalid_device_id" tests="1" errors="0" failures="0" skipped="0" time="0"><testcase classname="InvalidDeviceId" name="invalid_device_id" />
</testsuite><testsuite name="local_mqtt_pub_fail_noqos" tests="1" errors="0" failures="0" skipped="0" time="0"><testcase classname="PySysTest" name="local_mqtt_pub_fail_noqos" />
</testsuite><testsuite name="local_mqtt_pub_fail_qos0" tests="1" errors="0" failures="0" skipped="0" time="0"><testcase classname="PySysTest" name="local_mqtt_pub_fail_qos0" />
</testsuite><testsuite name="local_mqtt_pub_fail_qos1" tests="1" errors="0" failures="0" skipped="0" time="0"><testcase classname="PySysTest" name="local_mqtt_pub_fail_qos1" />
</testsuite><testsuite name="local_mqtt_pub_fail_qos2" tests="1" errors="0" failures="0" skipped="0" time="0"><testcase classname="PySysTest" name="local_mqtt_pub_fail_qos2" />
</testsuite><testsuite name="local_mqtt_pub_sub" tests="1" errors="0" failures="0" skipped="0" time="0"><testcase classname="PySysTest" name="local_mqtt_pub_sub" />
</testsuite><testsuite name="local_mqtt_pub_sub_retain" tests="1" errors="0" failures="0" skipped="0" time="0"><testcase classname="MqttPublishWithRetain" name="local_mqtt_pub_sub_retain" />
</testsuite><testsuite name="local_mqtt_pub_sub_with_sudo" tests="1" errors="0" failures="0" skipped="0" time="0"><testcase classname="PySysTest" name="local_mqtt_pub_sub_with_sudo" />
</testsuite><testsuite name="local_mqtt_sub_fail" tests="1" errors="0" failures="0" skipped="0" time="0"><testcase classname="PySysTest" name="local_mqtt_sub_fail" />
</testsuite><testsuite name="log_request_error_messages" tests="1" errors="0" failures="0" skipped="1" time="0"><testcase classname="LogRequestVerifySearchTextError" name="log_request_error_messages">
		<skipped message="SKIPPED: Test execution disabled due to #1123" />
		<system-out>07:21:17 INFO  ==============================================================
07:21:17 INFO  Id:    log_request_error_messages
07:21:17 INFO  Dir:   log_request_end_to_end/
07:21:17 INFO  Title: Validate end to end behaviour for the log request operation check for error messages
07:21:17 INFO  ==============================================================
07:21:19 INFO  Test execution disabled due to #1123 ... skipped
07:21:19 INFO  
07:21:19 INFO  Test duration: 1.60 secs
07:21:19 INFO  Test final outcome:  SKIPPED
07:21:19 INFO  Test outcome reason: Test execution disabled due to #1123
07:21:19 INFO  
</system-out>
	</testcase>
</testsuite><testsuite name="log_request_num_lines" tests="1" errors="0" failures="0" skipped="1" time="0"><testcase classname="LogRequestVerifyNumberOfLines" name="log_request_num_lines">
		<skipped message="SKIPPED: Test execution disabled due to #1123" />
		<system-out>07:21:19 INFO  ==============================================================
07:21:19 INFO  Id:    log_request_num_lines
07:21:19 INFO  Dir:   log_request_end_to_end/
07:21:19 INFO  Title: Validate end to end behaviour for the log request operation check for number of lines
07:21:19 INFO  ==============================================================
07:21:19 INFO  Test execution disabled due to #1123 ... skipped
07:21:19 INFO  
07:21:19 INFO  Test duration: 0.02 secs
07:21:19 INFO  Test final outcome:  SKIPPED
07:21:19 INFO  Test outcome reason: Test execution disabled due to #1123
07:21:19 INFO  
</system-out>
	</testcase>
</testsuite><testsuite name="mapper_awaits_before_reconnect" tests="1" errors="0" failures="0" skipped="0" time="0"><testcase classname="MapperReconnectAwait" name="mapper_awaits_before_reconnect" />
</testsuite><testsuite name="monitoring_smaller_interval" tests="1" errors="0" failures="0" skipped="1" time="0"><testcase classname="MonitoringSmallInterval" name="monitoring_smaller_interval">
		<skipped message="SKIPPED: Fails due to retained message" />
		<system-out>07:22:57 INFO  ==============================================================
07:22:57 INFO  Id:    monitoring_smaller_interval
07:22:57 INFO  Dir:   monitoring/
07:22:57 INFO  Title: Validate the tedge dm agent messages that are produced with smaller sampling interval than the batching window. Here the simulated collectd messages are used
07:22:57 INFO  ==============================================================
07:22:57 INFO  Fails due to retained message ... skipped
07:22:57 INFO  
07:22:57 INFO  Test duration: 0.07 secs
07:22:57 INFO  Test final outcome:  SKIPPED
07:22:57 INFO  Test outcome reason: Fails due to retained message
07:22:57 INFO  
</system-out>
	</testcase>
</testsuite><testsuite name="monitoring_with_collectd" tests="1" errors="0" failures="0" skipped="1" time="0"><testcase classname="MonitoringWithCollectd" name="monitoring_with_collectd">
		<skipped message="SKIPPED: Test execution disabled due to #792 (instable)" />
		<system-out>07:22:57 INFO  ==============================================================
07:22:57 INFO  Id:    monitoring_with_collectd
07:22:57 INFO  Dir:   monitoring/
07:22:57 INFO  Title: Validate tedge dm agent messages that are produced by batching the collectd messages
07:22:57 INFO  ==============================================================
07:22:57 INFO  Test execution disabled due to #792 (instable) ... skipped
07:22:57 INFO  
07:22:57 INFO  Test duration: 0.02 secs
07:22:57 INFO  Test final outcome:  SKIPPED
07:22:57 INFO  Test outcome reason: Test execution disabled due to #792 (instable)
07:22:57 INFO  
</system-out>
	</testcase>
</testsuite><testsuite name="monitoring_with_simulated_messages" tests="1" errors="0" failures="0" skipped="1" time="0"><testcase classname="MonitoringWithSimulatedMessages" name="monitoring_with_simulated_messages">
		<skipped message="SKIPPED: Fails due to retained message" />
		<system-out>07:22:57 INFO  ==============================================================
07:22:57 INFO  Id:    monitoring_with_simulated_messages
07:22:57 INFO  Dir:   monitoring/
07:22:57 INFO  Title: Validate the tedge dm agent messages that are produced from the simulated collectd messages
07:22:57 INFO  ==============================================================
07:22:57 INFO  Fails due to retained message ... skipped
07:22:57 INFO  
07:22:57 INFO  Test duration: 0.02 secs
07:22:57 INFO  Test final outcome:  SKIPPED
07:22:57 INFO  Test outcome reason: Fails due to retained message
07:22:57 INFO  
</system-out>
	</testcase>
</testsuite><testsuite name="mqtt_port_change_connection_fails" tests="1" errors="0" failures="0" skipped="0" time="0"><testcase classname="MqttPortChangeConnectionFails" name="mqtt_port_change_connection_fails" />
</testsuite><testsuite name="mqtt_port_change_connection_works" tests="1" errors="0" failures="0" skipped="1" time="0"><testcase classname="MqttPortChangeConnectionWorks" name="mqtt_port_change_connection_works">
		<skipped message="SKIPPED: failing intermitently" />
		<system-out>07:21:54 INFO  ==============================================================
07:21:54 INFO  Id:    mqtt_port_change_connection_works
07:21:54 INFO  Dir:   misc_features/
07:21:54 INFO  Title: mqtt port change connection works for all the thin-edge services that use the mosquitto broker
07:21:54 INFO  ==============================================================
07:21:54 INFO  failing intermitently ... skipped
07:21:54 INFO  
07:21:54 INFO  Test duration: 0.03 secs
07:21:54 INFO  Test final outcome:  SKIPPED
07:21:54 INFO  Test outcome reason: failing intermitently
07:21:54 INFO  
</system-out>
	</testcase>
</testsuite><testsuite name="mqtt_port_set" tests="1" errors="0" failures="0" skipped="0" time="0"><testcase classname="MqttPortSet" name="mqtt_port_set" />
</testsuite><testsuite name="mqtt_port_unset" tests="1" errors="0" failures="0" skipped="0" time="0"><testcase classname="MqttPortUnSet" name="mqtt_port_unset" />
</testsuite><testsuite name="publish_flux" tests="1" errors="0" failures="0" skipped="0" time="0"><testcase classname="PublishFlux" name="publish_flux" />
</testsuite><testsuite name="publish_sawmill" tests="1" errors="0" failures="0" skipped="0" time="0"><testcase classname="PublishSawmill" name="publish_sawmill" />
</testsuite><testsuite name="pysys_block" tests="1" errors="0" failures="0" skipped="1" time="0"><testcase classname="Fail" name="pysys_block">
		<skipped message="SKIPPED: Enable this to observe a blocking test" />
		<system-out>07:22:22 INFO  ==============================================================
07:22:22 INFO  Id:    pysys_block
07:22:22 INFO  Dir:   misc_features/
07:22:22 INFO  Title: fail
07:22:22 INFO  ==============================================================
07:22:22 INFO  Enable this to observe a blocking test ... skipped
07:22:22 INFO  
07:22:22 INFO  Test duration: 0.02 secs
07:22:22 INFO  Test final outcome:  SKIPPED
07:22:22 INFO  Test outcome reason: Enable this to observe a blocking test
07:22:22 INFO  
</system-out>
	</testcase>
</testsuite><testsuite name="pysys_fail" tests="1" errors="0" failures="0" skipped="1" time="0"><testcase classname="Fail" name="pysys_fail">
		<skipped message="SKIPPED: Enable this to observe a failing test" />
		<system-out>07:22:22 INFO  ==============================================================
07:22:22 INFO  Id:    pysys_fail
07:22:22 INFO  Dir:   misc_features/
07:22:22 INFO  Title: fail
07:22:22 INFO  ==============================================================
07:22:22 INFO  Enable this to observe a failing test ... skipped
07:22:22 INFO  
07:22:22 INFO  Test duration: 0.02 secs
07:22:22 INFO  Test final outcome:  SKIPPED
07:22:22 INFO  Test outcome reason: Enable this to observe a failing test
07:22:22 INFO  
</system-out>
	</testcase>
</testsuite><testsuite name="runtime_start_two_mappers" tests="1" errors="0" failures="0" skipped="0" time="0"><testcase classname="RuntimeMultiMappers" name="runtime_start_two_mappers" />
</testsuite><testsuite name="sm_tedge_mapper_init_session" tests="1" errors="0" failures="0" skipped="0" time="0"><testcase classname="TedgeSMMapperInitSession" name="sm_tedge_mapper_init_session" />
</testsuite><testsuite name="smoketest_json" tests="1" errors="0" failures="0" skipped="0" time="0"><testcase classname="SmokeTestJson" name="smoketest_json" />
</testsuite><testsuite name="smoketest_json_400_samples_10ms" tests="1" errors="0" failures="0" skipped="0" time="0"><testcase classname="SmoketestJson400Samples10ms" name="smoketest_json_400_samples_10ms" />
</testsuite><testsuite name="smoketest_json_400_samples_20ms" tests="1" errors="0" failures="0" skipped="0" time="0"><testcase classname="SmoketestJson400Samples20ms" name="smoketest_json_400_samples_20ms" />
</testsuite><testsuite name="smoketest_smartrest" tests="1" errors="0" failures="0" skipped="0" time="0"><testcase classname="SmoketestSmartRest" name="smoketest_smartrest" />
</testsuite><testsuite name="smoketest_smartrest_200_samples_1Xms" tests="1" errors="0" failures="0" skipped="0" time="0"><testcase classname="SmoketestSmartRest200Samples1Xms" name="smoketest_smartrest_200_samples_1Xms" />
</testsuite><testsuite name="smoketest_smartrest_200_samples_20ms" tests="1" errors="0" failures="0" skipped="0" time="0"><testcase classname="SmoketestSmartRest200Samples20ms" name="smoketest_smartrest_200_samples_20ms" />
</testsuite><testsuite name="tedge_agent_user_sudo_access" tests="1" errors="0" failures="0" skipped="1" time="0"><testcase classname="TedgeAgentUserSudoAccess" name="tedge_agent_user_sudo_access">
		<skipped message="SKIPPED: #955 Observation: Exit code of the apt plugin when called with no arguments" />
		<system-out>07:33:53 INFO  ==============================================================
07:33:53 INFO  Id:    tedge_agent_user_sudo_access
07:33:53 INFO  Dir:   tedge/
07:33:53 INFO  Title: Validate tedge-agent user has a limited sudo right
07:33:53 INFO  ==============================================================
07:33:53 INFO  #955 Observation: Exit code of the apt plugin when called with no arguments ... skipped
07:33:53 INFO  
07:33:53 INFO  Test duration: 0.02 secs
07:33:53 INFO  Test final outcome:  SKIPPED
07:33:53 INFO  Test outcome reason: #955 Observation: Exit code of the apt plugin when called with no arguments
07:33:53 INFO  
</system-out>
	</testcase>
</testsuite><testsuite name="tedge_connect_test_negative" tests="1" errors="0" failures="0" skipped="0" time="0"><testcase classname="TedgeConnectTestNegative" name="tedge_connect_test_negative" />
</testsuite><testsuite name="tedge_connect_test_positive" tests="1" errors="0" failures="0" skipped="0" time="0"><testcase classname="TedgeConnectTestPositive" name="tedge_connect_test_positive" />
</testsuite><testsuite name="tedge_connect_test_sm_services" tests="1" errors="0" failures="0" skipped="0" time="0"><testcase classname="TedgeConnectTestSMServices" name="tedge_connect_test_sm_services" />
</testsuite><testsuite name="tedge_disconnect_test_sm_services" tests="1" errors="0" failures="0" skipped="0" time="0"><testcase classname="TedgeDisConnectTestSMServices" name="tedge_disconnect_test_sm_services" />
</testsuite><testsuite name="tedge_mapper_az_negative" tests="1" errors="0" failures="0" skipped="0" time="0"><testcase classname="TedgeMapperAzError" name="tedge_mapper_az_negative" />
</testsuite><testsuite name="tedge_mapper_az_with_timestamp" tests="1" errors="0" failures="0" skipped="0" time="0"><testcase classname="TedgeMapperAzWithTimestamp" name="tedge_mapper_az_with_timestamp" />
</testsuite><testsuite name="tedge_mapper_az_without_timestamp" tests="1" errors="0" failures="0" skipped="0" time="0"><testcase classname="TedgeMapperAzWithoutTimestamp" name="tedge_mapper_az_without_timestamp" />
</testsuite><testsuite name="tedge_mapper_c8y_alarms" tests="1" errors="0" failures="0" skipped="0" time="0"><testcase classname="TedgeMapperC8yAlarm" name="tedge_mapper_c8y_alarms" />
</testsuite><testsuite name="tedge_mapper_c8y_child_device_measurement" tests="1" errors="0" failures="0" skipped="1" time="0"><testcase classname="TedgeMapperC8yChildDevice" name="tedge_mapper_c8y_child_device_measurement">
		<skipped message="SKIPPED: Test execution disabled due to #1088" />
		<system-out>07:38:56 INFO  ==============================================================
07:38:56 INFO  Id:    tedge_mapper_c8y_child_device_measurement
07:38:56 INFO  Dir:   tedge_mapper_c8y/
07:38:56 INFO  Title: Validate that measurements sent to tedge/measurements/child topic gets mapped as the child device's measurement in Cumulocity
07:38:56 INFO  ==============================================================
07:38:56 INFO  Test execution disabled due to #1088 ... skipped
07:38:56 INFO  
07:38:56 INFO  Test duration: 0.05 secs
07:38:56 INFO  Test final outcome:  SKIPPED
07:38:56 INFO  Test outcome reason: Test execution disabled due to #1088
07:38:56 INFO  
</system-out>
	</testcase>
</testsuite><testsuite name="tedge_mapper_c8y_packet_threshold_size" tests="1" errors="0" failures="0" skipped="0" time="0"><testcase classname="TedgeMapperC8yThresholdPacketSize" name="tedge_mapper_c8y_packet_threshold_size" />
</testsuite><testsuite name="tedge_software_update" tests="1" errors="0" failures="0" skipped="0" time="0"><testcase classname="PySysTest" name="tedge_software_update" />
</testsuite><testsuite name="valid_device_id" tests="1" errors="0" failures="0" skipped="0" time="0"><testcase classname="ValidateValidDeviceId" name="valid_device_id" />
</testsuite></testsuites>