<?xml version='1.0' encoding='utf-8'?>
<testsuites tests="149" failures="8" errors="0" skipped="55" time="0.0"><testsuite name="SoftwareManagement.Plugin.apama_plugin_install" tests="3" errors="0" failures="0" skipped="1" time="0"><testcase classname="ApamaPluginInstallTest" name="SoftwareManagement.Plugin.apama_plugin_install">
		<skipped message="SKIPPED: Apama plugin tests are disabled by default. Execute `pysys run` with `-XmyPlatform=container` to run these tests" />
		<system-out>13:10:36 INFO  ==============================================================
13:10:36 INFO  Id:    SoftwareManagement.Plugin.apama_plugin_install
13:10:36 INFO  Dir:   plugin_apama/
13:10:36 INFO  Title: Validate apama plugin install
13:10:36 INFO  ==============================================================
13:10:36 INFO  Apama plugin tests are disabled by default. Execute `pysys run` with `-XmyPlatform=container` to run these tests ... skipped
13:10:36 WARN  Aborted test due to SKIPPED outcome
13:10:36 INFO  
13:10:36 INFO  Test duration: 0.05 secs
13:10:36 INFO  Test final outcome:  SKIPPED
13:10:36 INFO  Test outcome reason: Apama plugin tests are disabled by default. Execute `pysys run` with `-XmyPlatform=container` to run these tests
13:10:36 INFO  
</system-out>
	</testcase>
<testcase classname="ApamaPluginInstallTest" name="SoftwareManagement.Plugin.apama_plugin_install" />
<testcase classname="ApamaPluginInstallTest" name="SoftwareManagement.Plugin.apama_plugin_install" />
</testsuite><testsuite name="SoftwareManagement.Plugin.apama_plugin_mon_support" tests="3" errors="0" failures="0" skipped="1" time="0"><testcase classname="ApamaPluginMonSupportTest" name="SoftwareManagement.Plugin.apama_plugin_mon_support">
		<skipped message="SKIPPED: Apama plugin tests are disabled by default. Execute `pysys run` with `-XmyPlatform=container` to run these tests" />
		<system-out>13:10:36 INFO  ==============================================================
13:10:36 INFO  Id:    SoftwareManagement.Plugin.apama_plugin_mon_support
13:10:36 INFO  Dir:   plugin_apama/
13:10:36 INFO  Title: Validate mon file support of apama plugin
13:10:36 INFO  ==============================================================
13:10:36 INFO  Apama plugin tests are disabled by default. Execute `pysys run` with `-XmyPlatform=container` to run these tests ... skipped
13:10:36 WARN  Aborted test due to SKIPPED outcome
13:10:36 INFO  
13:10:36 INFO  Test duration: 0.03 secs
13:10:36 INFO  Test final outcome:  SKIPPED
13:10:36 INFO  Test outcome reason: Apama plugin tests are disabled by default. Execute `pysys run` with `-XmyPlatform=container` to run these tests
13:10:36 INFO  
</system-out>
	</testcase>
<testcase classname="ApamaPluginMonSupportTest" name="SoftwareManagement.Plugin.apama_plugin_mon_support" />
<testcase classname="ApamaPluginMonSupportTest" name="SoftwareManagement.Plugin.apama_plugin_mon_support" />
</testsuite><testsuite name="SoftwareManagement.Plugin.apama_plugin_remove" tests="3" errors="0" failures="0" skipped="1" time="0"><testcase classname="ApamaPluginRemoveTest" name="SoftwareManagement.Plugin.apama_plugin_remove">
		<skipped message="SKIPPED: Apama plugin tests are disabled by default. Execute `pysys run` with `-XmyPlatform=container` to run these tests" />
		<system-out>13:10:36 INFO  ==============================================================
13:10:36 INFO  Id:    SoftwareManagement.Plugin.apama_plugin_remove
13:10:36 INFO  Dir:   plugin_apama/
13:10:36 INFO  Title: Validate apama plugin remove
13:10:36 INFO  ==============================================================
13:10:36 INFO  Apama plugin tests are disabled by default. Execute `pysys run` with `-XmyPlatform=container` to run these tests ... skipped
13:10:36 WARN  Aborted test due to SKIPPED outcome
13:10:36 INFO  
13:10:36 INFO  Test duration: 0.04 secs
13:10:36 INFO  Test final outcome:  SKIPPED
13:10:36 INFO  Test outcome reason: Apama plugin tests are disabled by default. Execute `pysys run` with `-XmyPlatform=container` to run these tests
13:10:36 INFO  
</system-out>
	</testcase>
<testcase classname="ApamaPluginRemoveTest" name="SoftwareManagement.Plugin.apama_plugin_remove" />
<testcase classname="ApamaPluginRemoveTest" name="SoftwareManagement.Plugin.apama_plugin_remove" />
</testsuite><testsuite name="SoftwareManagement.Plugin.apama_plugin_update" tests="3" errors="0" failures="0" skipped="3" time="0"><testcase classname="ApamaPluginUpdateTest" name="SoftwareManagement.Plugin.apama_plugin_update">
		<skipped message="SKIPPED: Test execution disabled due to #1052" />
		<system-out>13:10:36 INFO  ==============================================================
13:10:36 INFO  Id:    SoftwareManagement.Plugin.apama_plugin_update
13:10:36 INFO  Dir:   plugin_apama/
13:10:36 INFO  Title: Validate apama plugin updating one project with another
13:10:36 INFO  ==============================================================
13:10:36 INFO  Test execution disabled due to #1052 ... skipped
13:10:36 INFO  
13:10:36 INFO  Test duration: 0.03 secs
13:10:36 INFO  Test final outcome:  SKIPPED
13:10:36 INFO  Test outcome reason: Test execution disabled due to #1052
13:10:36 INFO  
</system-out>
	</testcase>
<testcase classname="ApamaPluginUpdateTest" name="SoftwareManagement.Plugin.apama_plugin_update">
		<skipped message="SKIPPED: Test execution disabled due to #1052" />
		<system-out>14:09:09 INFO  ==============================================================
14:09:09 INFO  Id:    SoftwareManagement.Plugin.apama_plugin_update
14:09:09 INFO  Dir:   plugin_apama/
14:09:09 INFO  Title: Validate apama plugin updating one project with another
14:09:09 INFO  ==============================================================
14:09:09 INFO  Test execution disabled due to #1052 ... skipped
14:09:09 INFO  
14:09:09 INFO  Test duration: 0.02 secs
14:09:09 INFO  Test final outcome:  SKIPPED
14:09:09 INFO  Test outcome reason: Test execution disabled due to #1052
14:09:09 INFO  
</system-out>
	</testcase>
<testcase classname="ApamaPluginUpdateTest" name="SoftwareManagement.Plugin.apama_plugin_update">
		<skipped message="SKIPPED: Test execution disabled due to #1052" />
		<system-out>14:18:02 INFO  ==============================================================
14:18:02 INFO  Id:    SoftwareManagement.Plugin.apama_plugin_update
14:18:02 INFO  Dir:   plugin_apama/
14:18:02 INFO  Title: Validate apama plugin updating one project with another
14:18:02 INFO  ==============================================================
14:18:02 INFO  Test execution disabled due to #1052 ... skipped
14:18:02 INFO  
14:18:02 INFO  Test duration: 0.06 secs
14:18:02 INFO  Test final outcome:  SKIPPED
14:18:02 INFO  Test outcome reason: Test execution disabled due to #1052
14:18:02 INFO  
</system-out>
	</testcase>
</testsuite><testsuite name="SoftwareManagement.sm_apt_install_download_path" tests="3" errors="0" failures="2" skipped="1" time="0"><testcase classname="AptInstallWithDownloadPath" name="SoftwareManagement.sm_apt_install_download_path">
		<skipped message="SKIPPED: Testing the apt plugin is not supported on this platform.Use parameter -XmyPlatform='container' to enable it" />
		<system-out>13:21:01 INFO  ==============================================================
13:21:01 INFO  Id:    SoftwareManagement.sm_apt_install_download_path
13:21:01 INFO  Dir:   software_management_end_to_end/
13:21:01 INFO  Title: Install package to directory specified in tedge config set tmp.path
13:21:01 INFO  ==============================================================
13:21:01 INFO  Testing the apt plugin is not supported on this platform.Use parameter -XmyPlatform='container' to enable it ... skipped
13:21:01 WARN  Aborted test due to SKIPPED outcome
13:21:01 INFO  
13:21:01 INFO  Test duration: 0.08 secs
13:21:01 INFO  Test final outcome:  SKIPPED
13:21:01 INFO  Test outcome reason: Testing the apt plugin is not supported on this platform.Use parameter -XmyPlatform='container' to enable it
13:21:01 INFO  
</system-out>
	</testcase>
<testcase classname="AptInstallWithDownloadPath" name="SoftwareManagement.sm_apt_install_download_path">
		<failure message="BLOCKED: AssertionError:" type="BLOCKED" />
		<system-out>13:48:54 INFO  ==============================================================
13:48:54 INFO  Id:    SoftwareManagement.sm_apt_install_download_path
13:48:54 INFO  Dir:   software_management_end_to_end/
13:48:54 INFO  Title: Install package to directory specified in tedge config set tmp.path
13:48:54 INFO  ==============================================================
13:48:54 INFO  Using sw id database: {'asciijump': '5475369', 'robotfindskitten': '5474869', 'squirrel3': '5475279', 'rolldice': '5152439', 'moon-buggy': '5439204', 'apple': '5495053', 'banana': '5494888', 'cherry': '5495382', 'watermelon': '5494510', 'registry': '8018911', 'hello-world': '8021526', 'docker/getting-started': '8021973', 'alpine': '7991792'}
13:48:54 INFO  EnvironmentC8y Setup
13:48:55 INFO  Executed systemctl&lt;serv_mapper1&gt;, exit status 3
13:49:16 INFO  Executed sudo&lt;tedge_connect_c8y&gt;, exit status 0, duration 21 secs
13:49:17 INFO  Executed sudo&lt;tedge_connect_c8y_test&gt;, exit status 0
13:49:18 INFO  Executed systemctl&lt;serv_mosq2&gt;, exit status 0
13:49:18 INFO  Executed systemctl&lt;serv_mapper3&gt;, exit status 0
13:49:20 ERROR No operations found, assuming it passed
13:49:21 INFO  Assert that (False == value) with value=False ... passed
13:49:21 INFO  Executed sudo, exit status 0
13:49:22 INFO  Executed sudo, exit status 0
13:49:22 INFO  Executed sudo, exit status 0
13:49:28 INFO  Executed sudo&lt;tedge_disconnect_c8y&gt;, exit status 0
13:49:28 INFO  Restarting mosquitto too frequently in the last 10 seconds. It was only up for 5 seconds
13:49:28 INFO  Delaying execution by 6 seconds
13:49:51 INFO  Executed sudo&lt;tedge_connect_c8y&gt;, exit status 0, duration 17 secs
13:49:52 INFO  Response status: 201
13:49:52 INFO  Response to action: {
    "creationTime": "2022-05-10T13:49:52.038Z",
    "deviceName": "m32sd11e",
    "deviceId": "18671277",
    "self": "https://t493319102.eu-latest.cumulocity.com/devicecontrol/operations/18685399",
    "id": "18685399",
    "status": "PENDING",
    "description": "Apply software changes, triggered from PySys: [{'name': 'rolldice', 'id': '5152439', 'version': '::apt', 'url': 'https://thin-edge-io.eu-latest.cumulocity.com/inventory/binaries/12435463', 'action': 'install'}]",
    "c8y_SoftwareUpdate": [
        {
            "name": "rolldice",
            "action": "install",
            "id": "5152439",
            "version": "::apt",
            "url": "https://thin-edge-io.eu-latest.cumulocity.com/inventory/binaries/12435463"
        }
    ]
}
13:49:52 INFO  Started operation: {'creationTime': '2022-05-10T13:49:52.038Z', 'deviceName': 'm32sd11e', 'deviceId': '18671277', 'self': 'https://t493319102.eu-latest.cumulocity.com/devicecontrol/operations/18685399', 'id': '18685399', 'status': 'PENDING', 'description': "Apply software changes, triggered from PySys: [{'name': 'rolldice', 'id': '5152439', 'version': '::apt', 'url': 'https://thin-edge-io.eu-latest.cumulocity.com/inventory/binaries/12435463', 'action': 'install'}]", 'c8y_SoftwareUpdate': [{'name': 'rolldice', 'action': 'install', 'id': '5152439', 'version': '::apt', 'url': 'https://thin-edge-io.eu-latest.cumulocity.com/inventory/binaries/12435463'}]}
13:49:52 WARN  , retrying in 0.5 seconds...
13:49:52 WARN  , retrying in 0.5 seconds...
13:49:53 WARN  , retrying in 0.5 seconds...
13:49:53 WARN  , retrying in 0.5 seconds...
13:49:54 WARN  , retrying in 0.5 seconds...
13:49:54 WARN  , retrying in 0.5 seconds...
13:49:55 WARN  , retrying in 0.5 seconds...
13:49:55 WARN  , retrying in 0.5 seconds...
13:49:56 WARN  , retrying in 0.5 seconds...
13:49:56 WARN  AssertionError occurred while running test - 
Traceback (most recent call last):
  File "/home/pi/env-pysys/lib/python3.9/site-packages/pysys/baserunner.py", line 1294, in __call__
    self.testObj.execute()
  File "/home/pi/actions-runner/_work/thin-edge.io/thin-edge.io/tests/PySys/software_management_end_to_end/sm_apt_install_download_path/run.py", line 83, in execute
    assert_install_in_download_path(install_directory=self.DOWNLOAD_DIR)
  File "/home/pi/env-pysys/lib/python3.9/site-packages/decorator.py", line 232, in fun
    return caller(func, *(extras + args), **kw)
  File "/home/pi/env-pysys/lib/python3.9/site-packages/retry/api.py", line 73, in retry_decorator
    return __retry_internal(partial(f, *args, **kwargs), exceptions, tries, delay, max_delay, backoff, jitter,
  File "/home/pi/env-pysys/lib/python3.9/site-packages/retry/api.py", line 33, in __retry_internal
    return f()
  File "/home/pi/actions-runner/_work/thin-edge.io/thin-edge.io/tests/PySys/software_management_end_to_end/sm_apt_install_download_path/run.py", line 28, in assert_install_in_download_path
    assert "rolldice" in os.listdir(f"{install_directory}")
AssertionError
13:49:56 WARN  AssertionError: ... blocked 
13:49:56 INFO  
13:49:56 INFO  cleanup:
13:49:57 INFO  Executed sudo, exit status 0
13:49:57 INFO  Executed sudo, exit status 0
13:50:04 INFO  Executed sudo&lt;tedge_disconnect_c8y&gt;, exit status 0
13:50:04 INFO  Restarting mosquitto too frequently in the last 10 seconds. It was only up for 5 seconds
13:50:04 INFO  Delaying execution by 6 seconds
13:50:28 INFO  Executed sudo&lt;tedge_connect_c8y&gt;, exit status 0, duration 18 secs
13:50:34 INFO  Executed sudo&lt;tedge_disconnect_c8y&gt;, exit status 0
13:50:35 INFO  Executed systemctl&lt;serv_mapper5&gt;, exit status 3
13:50:35 INFO  
13:50:35 INFO  Test duration: 100.44 secs
13:50:35 INFO  Test final outcome:  BLOCKED
13:50:35 INFO  Test outcome reason: AssertionError:
13:50:35 INFO  
</system-out>
	</testcase>
<testcase classname="AptInstallWithDownloadPath" name="SoftwareManagement.sm_apt_install_download_path">
		<failure message="BLOCKED: AssertionError:" type="BLOCKED" />
		<system-out>14:18:02 INFO  ==============================================================
14:18:02 INFO  Id:    SoftwareManagement.sm_apt_install_download_path
14:18:02 INFO  Dir:   software_management_end_to_end/
14:18:02 INFO  Title: Install package to directory specified in tedge config set tmp.path
14:18:02 INFO  ==============================================================
14:18:03 INFO  Using sw id database: {'asciijump': '5475369', 'robotfindskitten': '5474869', 'squirrel3': '5475279', 'rolldice': '5152439', 'moon-buggy': '5439204', 'apple': '5495053', 'banana': '5494888', 'cherry': '5495382', 'watermelon': '5494510', 'registry': '8018911', 'hello-world': '8021526', 'docker/getting-started': '8021973', 'alpine': '7991792'}
14:18:03 INFO  EnvironmentC8y Setup
14:18:04 INFO  Executed systemctl&lt;serv_mapper1&gt;, exit status 3
14:18:22 INFO  Executed sudo&lt;tedge_connect_c8y&gt;, exit status 0, duration 17 secs
14:18:22 INFO  Executed sudo&lt;tedge_connect_c8y_test&gt;, exit status 0
14:18:23 INFO  Executed systemctl&lt;serv_mosq2&gt;, exit status 0
14:18:23 INFO  Executed systemctl&lt;serv_mapper3&gt;, exit status 0
14:18:26 INFO  State of current operation: SUCCESSFUL
14:18:26 INFO  Assert that (False == value) with value=False ... passed
14:18:27 INFO  Executed sudo, exit status 0
14:18:27 INFO  Executed sudo, exit status 0
14:18:28 INFO  Executed sudo, exit status 0
14:18:33 INFO  Executed sudo&lt;tedge_disconnect_c8y&gt;, exit status 0
14:18:33 INFO  Restarting mosquitto too frequently in the last 10 seconds. It was only up for 4 seconds
14:18:33 INFO  Delaying execution by 7 seconds
14:18:58 INFO  Executed sudo&lt;tedge_connect_c8y&gt;, exit status 0, duration 17 secs
14:18:58 INFO  Response status: 201
14:18:58 INFO  Response to action: {
    "creationTime": "2022-05-10T14:18:58.538Z",
    "deviceName": "m32sd11e",
    "deviceId": "18671277",
    "self": "https://t493319102.eu-latest.cumulocity.com/devicecontrol/operations/18685673",
    "id": "18685673",
    "status": "PENDING",
    "description": "Apply software changes, triggered from PySys: [{'name': 'rolldice', 'id': '5152439', 'version': '::apt', 'url': 'https://thin-edge-io.eu-latest.cumulocity.com/inventory/binaries/12435463', 'action': 'install'}]",
    "c8y_SoftwareUpdate": [
        {
            "name": "rolldice",
            "action": "install",
            "id": "5152439",
            "version": "::apt",
            "url": "https://thin-edge-io.eu-latest.cumulocity.com/inventory/binaries/12435463"
        }
    ]
}
14:18:58 INFO  Started operation: {'creationTime': '2022-05-10T14:18:58.538Z', 'deviceName': 'm32sd11e', 'deviceId': '18671277', 'self': 'https://t493319102.eu-latest.cumulocity.com/devicecontrol/operations/18685673', 'id': '18685673', 'status': 'PENDING', 'description': "Apply software changes, triggered from PySys: [{'name': 'rolldice', 'id': '5152439', 'version': '::apt', 'url': 'https://thin-edge-io.eu-latest.cumulocity.com/inventory/binaries/12435463', 'action': 'install'}]", 'c8y_SoftwareUpdate': [{'name': 'rolldice', 'action': 'install', 'id': '5152439', 'version': '::apt', 'url': 'https://thin-edge-io.eu-latest.cumulocity.com/inventory/binaries/12435463'}]}
14:18:58 WARN  , retrying in 0.5 seconds...
14:18:59 WARN  , retrying in 0.5 seconds...
14:18:59 WARN  , retrying in 0.5 seconds...
14:19:00 WARN  , retrying in 0.5 seconds...
14:19:00 WARN  , retrying in 0.5 seconds...
14:19:01 WARN  , retrying in 0.5 seconds...
14:19:01 WARN  , retrying in 0.5 seconds...
14:19:02 WARN  , retrying in 0.5 seconds...
14:19:02 WARN  , retrying in 0.5 seconds...
14:19:03 WARN  AssertionError occurred while running test - 
Traceback (most recent call last):
  File "/home/pi/env-pysys/lib/python3.9/site-packages/pysys/baserunner.py", line 1294, in __call__
    self.testObj.execute()
  File "/home/pi/actions-runner/_work/thin-edge.io/thin-edge.io/tests/PySys/software_management_end_to_end/sm_apt_install_download_path/run.py", line 83, in execute
    assert_install_in_download_path(install_directory=self.DOWNLOAD_DIR)
  File "/home/pi/env-pysys/lib/python3.9/site-packages/decorator.py", line 232, in fun
    return caller(func, *(extras + args), **kw)
  File "/home/pi/env-pysys/lib/python3.9/site-packages/retry/api.py", line 73, in retry_decorator
    return __retry_internal(partial(f, *args, **kwargs), exceptions, tries, delay, max_delay, backoff, jitter,
  File "/home/pi/env-pysys/lib/python3.9/site-packages/retry/api.py", line 33, in __retry_internal
    return f()
  File "/home/pi/actions-runner/_work/thin-edge.io/thin-edge.io/tests/PySys/software_management_end_to_end/sm_apt_install_download_path/run.py", line 28, in assert_install_in_download_path
    assert "rolldice" in os.listdir(f"{install_directory}")
AssertionError
14:19:03 WARN  AssertionError: ... blocked 
14:19:03 INFO  
14:19:03 INFO  cleanup:
14:19:04 INFO  Executed sudo, exit status 0
14:19:05 INFO  Executed sudo, exit status 0
14:19:11 INFO  Executed sudo&lt;tedge_disconnect_c8y&gt;, exit status 0
14:19:11 INFO  Restarting mosquitto too frequently in the last 10 seconds. It was only up for 5 seconds
14:19:11 INFO  Delaying execution by 6 seconds
14:19:35 INFO  Executed sudo&lt;tedge_connect_c8y&gt;, exit status 0, duration 17 secs
14:19:41 INFO  Executed sudo&lt;tedge_disconnect_c8y&gt;, exit status 0
14:19:41 INFO  Executed systemctl&lt;serv_mapper5&gt;, exit status 3
14:19:41 INFO  
14:19:41 INFO  Test duration: 99.02 secs
14:19:41 INFO  Test final outcome:  BLOCKED
14:19:41 INFO  Test outcome reason: AssertionError:
14:19:41 INFO  
</system-out>
	</testcase>
</testsuite><testsuite name="SoftwareManagement.sm_apt_install_fail" tests="3" errors="0" failures="0" skipped="1" time="0"><testcase classname="PySysTest" name="SoftwareManagement.sm_apt_install_fail">
		<skipped message="SKIPPED: Testing the apt plugin is not supported on this platform.Use parameter -XmyPlatform='container' to enable it" />
		<system-out>13:21:01 INFO  ==============================================================
13:21:01 INFO  Id:    SoftwareManagement.sm_apt_install_fail
13:21:01 INFO  Dir:   software_management_end_to_end/
13:21:01 INFO  Title: Validate end to end behaviour for a failing installation
13:21:01 INFO  ==============================================================
13:21:01 INFO  Testing the apt plugin is not supported on this platform.Use parameter -XmyPlatform='container' to enable it ... skipped
13:21:01 WARN  Aborted test due to SKIPPED outcome
13:21:01 INFO  
13:21:01 INFO  Test duration: 0.02 secs
13:21:01 INFO  Test final outcome:  SKIPPED
13:21:01 INFO  Test outcome reason: Testing the apt plugin is not supported on this platform.Use parameter -XmyPlatform='container' to enable it
13:21:01 INFO  
</system-out>
	</testcase>
<testcase classname="PySysTest" name="SoftwareManagement.sm_apt_install_fail" />
<testcase classname="PySysTest" name="SoftwareManagement.sm_apt_install_fail" />
</testsuite><testsuite name="SoftwareManagement.sm_apt_install_remove" tests="3" errors="0" failures="0" skipped="1" time="0"><testcase classname="PySysTest" name="SoftwareManagement.sm_apt_install_remove">
		<skipped message="SKIPPED: Testing the apt plugin is not supported on this platform.Use parameter -XmyPlatform='container' to enable it" />
		<system-out>13:21:01 INFO  ==============================================================
13:21:01 INFO  Id:    SoftwareManagement.sm_apt_install_remove
13:21:01 INFO  Dir:   software_management_end_to_end/
13:21:01 INFO  Title: Validate end to end behaviour for the apt plugin for installation and removal of packages
13:21:01 INFO  ==============================================================
13:21:01 INFO  Testing the apt plugin is not supported on this platform.Use parameter -XmyPlatform='container' to enable it ... skipped
13:21:01 WARN  Aborted test due to SKIPPED outcome
13:21:01 INFO  
13:21:01 INFO  Test duration: 0.02 secs
13:21:01 INFO  Test final outcome:  SKIPPED
13:21:01 INFO  Test outcome reason: Testing the apt plugin is not supported on this platform.Use parameter -XmyPlatform='container' to enable it
13:21:01 INFO  
</system-out>
	</testcase>
<testcase classname="PySysTest" name="SoftwareManagement.sm_apt_install_remove" />
<testcase classname="PySysTest" name="SoftwareManagement.sm_apt_install_remove" />
</testsuite><testsuite name="SoftwareManagement.sm_apt_install_remove_default" tests="3" errors="0" failures="0" skipped="1" time="0"><testcase classname="PySysTest" name="SoftwareManagement.sm_apt_install_remove_default">
		<skipped message="SKIPPED: Testing the apt plugin is not supported on this platform.Use parameter -XmyPlatform='container' to enable it" />
		<system-out>13:21:01 INFO  ==============================================================
13:21:01 INFO  Id:    SoftwareManagement.sm_apt_install_remove_default
13:21:01 INFO  Dir:   software_management_end_to_end/
13:21:01 INFO  Title: Validate end to end behaviour for the default plugin for installation and removal of packages
13:21:01 INFO  ==============================================================
13:21:01 INFO  Testing the apt plugin is not supported on this platform.Use parameter -XmyPlatform='container' to enable it ... skipped
13:21:01 WARN  Aborted test due to SKIPPED outcome
13:21:01 INFO  
13:21:01 INFO  Test duration: 0.02 secs
13:21:01 INFO  Test final outcome:  SKIPPED
13:21:01 INFO  Test outcome reason: Testing the apt plugin is not supported on this platform.Use parameter -XmyPlatform='container' to enable it
13:21:01 INFO  
</system-out>
	</testcase>
<testcase classname="PySysTest" name="SoftwareManagement.sm_apt_install_remove_default" />
<testcase classname="PySysTest" name="SoftwareManagement.sm_apt_install_remove_default" />
</testsuite><testsuite name="SoftwareManagement.sm_apt_install_remove_multiple" tests="3" errors="0" failures="1" skipped="1" time="0"><testcase classname="PySysTest" name="SoftwareManagement.sm_apt_install_remove_multiple">
		<skipped message="SKIPPED: Testing the apt plugin is not supported on this platform.Use parameter -XmyPlatform='container' to enable it" />
		<system-out>13:21:01 INFO  ==============================================================
13:21:01 INFO  Id:    SoftwareManagement.sm_apt_install_remove_multiple
13:21:01 INFO  Dir:   software_management_end_to_end/
13:21:01 INFO  Title: Validate end to end behaviour for the apt plugin for multiple packages
13:21:01 INFO  ==============================================================
13:21:01 INFO  Testing the apt plugin is not supported on this platform.Use parameter -XmyPlatform='container' to enable it ... skipped
13:21:01 WARN  Aborted test due to SKIPPED outcome
13:21:01 INFO  
13:21:01 INFO  Test duration: 0.02 secs
13:21:01 INFO  Test final outcome:  SKIPPED
13:21:01 INFO  Test outcome reason: Testing the apt plugin is not supported on this platform.Use parameter -XmyPlatform='container' to enable it
13:21:01 INFO  
</system-out>
	</testcase>
<testcase classname="PySysTest" name="SoftwareManagement.sm_apt_install_remove_multiple" />
<testcase classname="PySysTest" name="SoftwareManagement.sm_apt_install_remove_multiple">
		<failure message="FAILED: Assert that (False == value) with value=True (+2 other failures)" type="FAILED" />
		<system-out>14:28:00 INFO  ==============================================================
14:28:00 INFO  Id:    SoftwareManagement.sm_apt_install_remove_multiple
14:28:00 INFO  Dir:   software_management_end_to_end/
14:28:00 INFO  Title: Validate end to end behaviour for the apt plugin for multiple packages
14:28:00 INFO  ==============================================================
14:28:00 INFO  Using sw id database: {'asciijump': '5475369', 'robotfindskitten': '5474869', 'squirrel3': '5475279', 'rolldice': '5152439', 'moon-buggy': '5439204', 'apple': '5495053', 'banana': '5494888', 'cherry': '5495382', 'watermelon': '5494510', 'registry': '8018911', 'hello-world': '8021526', 'docker/getting-started': '8021973', 'alpine': '7991792'}
14:28:00 INFO  EnvironmentC8y Setup
14:28:01 INFO  Executed systemctl&lt;serv_mapper1&gt;, exit status 3
14:28:01 INFO  Restarting mosquitto too frequently in the last 10 seconds. It was only up for 6 seconds
14:28:01 INFO  Delaying execution by 5 seconds
14:28:24 INFO  Executed sudo&lt;tedge_connect_c8y&gt;, exit status 0, duration 17 secs
14:28:25 INFO  Executed sudo&lt;tedge_connect_c8y_test&gt;, exit status 0
14:28:25 INFO  Executed systemctl&lt;serv_mosq2&gt;, exit status 0
14:28:26 INFO  Executed systemctl&lt;serv_mapper3&gt;, exit status 0
14:28:28 INFO  State of current operation: SUCCESSFUL
14:28:28 INFO  Assert that (False == value) with value=False ... passed
14:28:29 INFO  Package asciijump is installed
14:28:29 WARN  Assert that (False == value) with value=True ... failed 
14:28:29 INFO  Package squirrel3 is installed
14:28:29 WARN  Assert that (False == value) with value=True ... failed 
14:28:29 INFO  Package robotfindskitten is installed
14:28:29 WARN  Assert that (False == value) with value=True ... failed 
14:28:29 INFO  Response status: 201
14:28:29 INFO  Response to action: {
    "creationTime": "2022-05-10T14:28:29.935Z",
    "deviceName": "m32sd11e",
    "deviceId": "18671277",
    "self": "https://t493319102.eu-latest.cumulocity.com/devicecontrol/operations/18685770",
    "id": "18685770",
    "status": "PENDING",
    "description": "Apply software changes, triggered from PySys: [{'action': 'install', 'id': '5475369', 'name': 'asciijump', 'url': ' ', 'version': '::apt'}, {'action': 'install', 'id': '5474869', 'name': 'robotfindskitten', 'url': ' ', 'version': '::apt'}, {'action': 'install', 'id': '5475279', 'name': 'squirrel3', 'url': ' ', 'version': '::apt'}]",
    "c8y_SoftwareUpdate": [
        {
            "name": "asciijump",
            "action": "install",
            "id": "5475369",
            "version": "::apt",
            "url": " "
        },
        {
            "name": "robotfindskitten",
            "action": "install",
            "id": "5474869",
            "version": "::apt",
            "url": " "
        },
        {
            "name": "squirrel3",
            "action": "install",
            "id": "5475279",
            "version": "::apt",
            "url": " "
        }
    ]
}
14:28:29 INFO  Started operation: {'creationTime': '2022-05-10T14:28:29.935Z', 'deviceName': 'm32sd11e', 'deviceId': '18671277', 'self': 'https://t493319102.eu-latest.cumulocity.com/devicecontrol/operations/18685770', 'id': '18685770', 'status': 'PENDING', 'description': "Apply software changes, triggered from PySys: [{'action': 'install', 'id': '5475369', 'name': 'asciijump', 'url': ' ', 'version': '::apt'}, {'action': 'install', 'id': '5474869', 'name': 'robotfindskitten', 'url': ' ', 'version': '::apt'}, {'action': 'install', 'id': '5475279', 'name': 'squirrel3', 'url': ' ', 'version': '::apt'}]", 'c8y_SoftwareUpdate': [{'name': 'asciijump', 'action': 'install', 'id': '5475369', 'version': '::apt', 'url': ' '}, {'name': 'robotfindskitten', 'action': 'install', 'id': '5474869', 'version': '::apt', 'url': ' '}, {'name': 'squirrel3', 'action': 'install', 'id': '5475279', 'version': '::apt', 'url': ' '}]}
14:28:32 INFO  State of operation 18685770 : PENDING
14:28:34 INFO  State of operation 18685770 : EXECUTING
14:28:36 INFO  State of operation 18685770 : EXECUTING
14:28:38 INFO  State of operation 18685770 : EXECUTING
14:28:41 INFO  State of operation 18685770 : EXECUTING
14:28:43 INFO  State of operation 18685770 : EXECUTING
14:28:45 INFO  State of operation 18685770 : EXECUTING
14:28:48 INFO  State of operation 18685770 : EXECUTING
14:28:50 INFO  State of operation 18685770 : EXECUTING
14:28:53 INFO  State of operation 18685770 : EXECUTING
14:28:56 INFO  State of operation 18685770 : EXECUTING
14:28:59 INFO  State of operation 18685770 : EXECUTING
14:29:01 INFO  State of operation 18685770 : EXECUTING
14:29:03 INFO  State of operation 18685770 : EXECUTING
14:29:05 INFO  State of operation 18685770 : EXECUTING
14:29:08 INFO  State of operation 18685770 : EXECUTING
14:29:10 INFO  State of operation 18685770 : EXECUTING
14:29:12 INFO  State of operation 18685770 : SUCCESSFUL
14:29:12 INFO  Assert that (False == value) with value=False ... passed
14:29:12 INFO  Package asciijump is installed
14:29:12 INFO  Assert that (True == value) with value=True ... passed
14:29:13 INFO  Package squirrel3 is installed
14:29:13 INFO  Assert that (True == value) with value=True ... passed
14:29:13 INFO  Package robotfindskitten is installed
14:29:13 INFO  Assert that (True == value) with value=True ... passed
14:29:13 INFO  Response status: 201
14:29:13 INFO  Response to action: {
    "creationTime": "2022-05-10T14:29:13.592Z",
    "deviceName": "m32sd11e",
    "deviceId": "18671277",
    "self": "https://t493319102.eu-latest.cumulocity.com/devicecontrol/operations/18685784",
    "id": "18685784",
    "status": "PENDING",
    "description": "Apply software changes, triggered from PySys: [{'action': 'delete', 'id': '5475369', 'name': 'asciijump', 'url': ' ', 'version': '::apt'}, {'action': 'delete', 'id': '5474869', 'name': 'robotfindskitten', 'url': ' ', 'version': '::apt'}, {'action': 'delete', 'id': '5475279', 'name': 'squirrel3', 'url': ' ', 'version': '::apt'}]",
    "c8y_SoftwareUpdate": [
        {
            "name": "asciijump",
            "action": "delete",
            "id": "5475369",
            "version": "::apt",
            "url": " "
        },
        {
            "name": "robotfindskitten",
            "action": "delete",
            "id": "5474869",
            "version": "::apt",
            "url": " "
        },
        {
            "name": "squirrel3",
            "action": "delete",
            "id": "5475279",
            "version": "::apt",
            "url": " "
        }
    ]
}
14:29:13 INFO  Started operation: {'creationTime': '2022-05-10T14:29:13.592Z', 'deviceName': 'm32sd11e', 'deviceId': '18671277', 'self': 'https://t493319102.eu-latest.cumulocity.com/devicecontrol/operations/18685784', 'id': '18685784', 'status': 'PENDING', 'description': "Apply software changes, triggered from PySys: [{'action': 'delete', 'id': '5475369', 'name': 'asciijump', 'url': ' ', 'version': '::apt'}, {'action': 'delete', 'id': '5474869', 'name': 'robotfindskitten', 'url': ' ', 'version': '::apt'}, {'action': 'delete', 'id': '5475279', 'name': 'squirrel3', 'url': ' ', 'version': '::apt'}]", 'c8y_SoftwareUpdate': [{'name': 'asciijump', 'action': 'delete', 'id': '5475369', 'version': '::apt', 'url': ' '}, {'name': 'robotfindskitten', 'action': 'delete', 'id': '5474869', 'version': '::apt', 'url': ' '}, {'name': 'squirrel3', 'action': 'delete', 'id': '5475279', 'version': '::apt', 'url': ' '}]}
14:29:15 INFO  State of operation 18685784 : PENDING
14:29:18 INFO  State of operation 18685784 : EXECUTING
14:29:20 INFO  State of operation 18685784 : EXECUTING
14:29:22 INFO  State of operation 18685784 : EXECUTING
14:29:24 INFO  State of operation 18685784 : EXECUTING
14:29:27 INFO  State of operation 18685784 : EXECUTING
14:29:29 INFO  State of operation 18685784 : EXECUTING
14:29:31 INFO  State of operation 18685784 : EXECUTING
14:29:34 INFO  State of operation 18685784 : EXECUTING
14:29:37 INFO  State of operation 18685784 : EXECUTING
14:29:39 INFO  State of operation 18685784 : EXECUTING
14:29:41 INFO  State of operation 18685784 : EXECUTING
14:29:44 INFO  State of operation 18685784 : EXECUTING
14:29:46 INFO  State of operation 18685784 : EXECUTING
14:29:48 INFO  State of operation 18685784 : EXECUTING
14:29:50 INFO  State of operation 18685784 : EXECUTING
14:29:52 INFO  State of operation 18685784 : EXECUTING
14:29:55 INFO  State of operation 18685784 : EXECUTING
14:29:57 INFO  State of operation 18685784 : EXECUTING
14:29:59 INFO  State of operation 18685784 : EXECUTING
14:30:02 INFO  State of operation 18685784 : EXECUTING
14:30:04 INFO  State of operation 18685784 : EXECUTING
14:30:07 INFO  State of operation 18685784 : EXECUTING
14:30:09 INFO  State of operation 18685784 : EXECUTING
14:30:11 INFO  State of operation 18685784 : EXECUTING
14:30:14 INFO  State of operation 18685784 : EXECUTING
14:30:16 INFO  State of operation 18685784 : EXECUTING
14:30:18 INFO  State of operation 18685784 : EXECUTING
14:30:20 INFO  State of operation 18685784 : EXECUTING
14:30:23 INFO  State of operation 18685784 : EXECUTING
14:30:25 INFO  State of operation 18685784 : EXECUTING
14:30:28 INFO  State of operation 18685784 : EXECUTING
14:30:30 INFO  State of operation 18685784 : EXECUTING
14:30:32 INFO  State of operation 18685784 : SUCCESSFUL
14:30:32 INFO  Assert that (False == value) with value=False ... passed
14:30:33 INFO  Assert that (False == value) with value=False ... passed
14:30:33 INFO  Assert that (False == value) with value=False ... passed
14:30:33 INFO  Assert that (False == value) with value=False ... passed
14:30:33 INFO  
14:30:33 INFO  cleanup:
14:30:39 INFO  Executed sudo&lt;tedge_disconnect_c8y&gt;, exit status 0
14:30:39 INFO  Executed systemctl&lt;serv_mapper5&gt;, exit status 3
14:30:39 INFO  
14:30:39 INFO  Test duration: 159.07 secs
14:30:39 INFO  Test final outcome:  FAILED
14:30:39 INFO  Test outcome reason: Assert that (False == value) with value=True (+2 other failures)
14:30:39 INFO  
</system-out>
	</testcase>
</testsuite><testsuite name="SoftwareManagement.sm_apt_install_remove_multiple_mixed" tests="3" errors="0" failures="2" skipped="1" time="0"><testcase classname="PySysTest" name="SoftwareManagement.sm_apt_install_remove_multiple_mixed">
		<skipped message="SKIPPED: Testing the apt plugin is not supported on this platform.Use parameter -XmyPlatform='container' to enable it" />
		<system-out>13:21:01 INFO  ==============================================================
13:21:01 INFO  Id:    SoftwareManagement.sm_apt_install_remove_multiple_mixed
13:21:01 INFO  Dir:   software_management_end_to_end/
13:21:01 INFO  Title: Validate end to end behaviour for the apt plugin for multiple packages with mixed versions
13:21:01 INFO  ==============================================================
13:21:01 INFO  Testing the apt plugin is not supported on this platform.Use parameter -XmyPlatform='container' to enable it ... skipped
13:21:01 WARN  Aborted test due to SKIPPED outcome
13:21:01 INFO  
13:21:01 INFO  Test duration: 0.02 secs
13:21:01 INFO  Test final outcome:  SKIPPED
13:21:01 INFO  Test outcome reason: Testing the apt plugin is not supported on this platform.Use parameter -XmyPlatform='container' to enable it
13:21:01 INFO  
</system-out>
	</testcase>
<testcase classname="PySysTest" name="SoftwareManagement.sm_apt_install_remove_multiple_mixed">
		<failure message="BLOCKED: SystemError: Timeout while waiting for status SUCCESSFUL or False" type="BLOCKED" />
		<system-out>14:01:39 INFO  ==============================================================
14:01:39 INFO  Id:    SoftwareManagement.sm_apt_install_remove_multiple_mixed
14:01:39 INFO  Dir:   software_management_end_to_end/
14:01:39 INFO  Title: Validate end to end behaviour for the apt plugin for multiple packages with mixed versions
14:01:39 INFO  ==============================================================
14:01:39 INFO  Using sw id database: {'asciijump': '5475369', 'robotfindskitten': '5474869', 'squirrel3': '5475279', 'rolldice': '5152439', 'moon-buggy': '5439204', 'apple': '5495053', 'banana': '5494888', 'cherry': '5495382', 'watermelon': '5494510', 'registry': '8018911', 'hello-world': '8021526', 'docker/getting-started': '8021973', 'alpine': '7991792'}
14:01:39 INFO  EnvironmentC8y Setup
14:01:40 INFO  Executed systemctl&lt;serv_mapper1&gt;, exit status 3
14:01:40 INFO  Restarting mosquitto too frequently in the last 10 seconds. It was only up for 6 seconds
14:01:40 INFO  Delaying execution by 5 seconds
14:02:02 INFO  Executed sudo&lt;tedge_connect_c8y&gt;, exit status 0, duration 17 secs
14:02:03 INFO  Executed sudo&lt;tedge_connect_c8y_test&gt;, exit status 0
14:02:03 INFO  Executed systemctl&lt;serv_mosq2&gt;, exit status 0
14:02:04 INFO  Executed systemctl&lt;serv_mapper3&gt;, exit status 0
14:02:06 INFO  State of current operation: SUCCESSFUL
14:02:06 INFO  Assert that (False == value) with value=False ... passed
14:02:07 INFO  Assert that (False == value) with value=False ... passed
14:02:07 INFO  Assert that (False == value) with value=False ... passed
14:02:07 INFO  Assert that (False == value) with value=False ... passed
14:02:07 INFO  Assert that (False == value) with value=False ... passed
14:02:09 INFO  Response status: 201
14:02:09 INFO  Response to action: {
    "creationTime": "2022-05-10T14:02:09.912Z",
    "deviceName": "m32sd11e",
    "deviceId": "18671277",
    "self": "https://t493319102.eu-latest.cumulocity.com/devicecontrol/operations/18685535",
    "id": "18685535",
    "status": "PENDING",
    "description": "Apply software changes, triggered from PySys: [{'action': 'install', 'id': '5475369', 'name': 'asciijump', 'url': ' ', 'version': '::apt'}, {'action': 'install', 'id': '5474869', 'name': 'robotfindskitten', 'url': ' ', 'version': ' '}, {'action': 'install', 'id': '5475279', 'name': 'squirrel3', 'url': ' ', 'version': '3.1-8::apt'}, {'action': 'install', 'id': '5152439', 'name': 'rolldice', 'url': ' ', 'version': '1.16-1+b2'}, {'action': 'install', 'id': '5439204', 'name': 'moon-buggy', 'url': ' ', 'version': '1:1.0.51-13'}, {'action': 'install', 'id': '5475369', 'name': 'asciijump', 'url': ' ', 'version': '::apt'}]",
    "c8y_SoftwareUpdate": [
        {
            "name": "asciijump",
            "action": "install",
            "id": "5475369",
            "version": "::apt",
            "url": " "
        },
        {
            "name": "robotfindskitten",
            "action": "install",
            "id": "5474869",
            "version": " ",
            "url": " "
        },
        {
            "name": "squirrel3",
            "action": "install",
            "id": "5475279",
            "version": "3.1-8::apt",
            "url": " "
        },
        {
            "name": "rolldice",
            "action": "install",
            "id": "5152439",
            "version": "1.16-1+b2",
            "url": " "
        },
        {
            "name": "moon-buggy",
            "action": "install",
            "id": "5439204",
            "version": "1:1.0.51-13",
            "url": " "
        },
        {
            "name": "asciijump",
            "action": "install",
            "id": "5475369",
            "version": "::apt",
            "url": " "
        }
    ]
}
14:02:09 INFO  Started operation: {'creationTime': '2022-05-10T14:02:09.912Z', 'deviceName': 'm32sd11e', 'deviceId': '18671277', 'self': 'https://t493319102.eu-latest.cumulocity.com/devicecontrol/operations/18685535', 'id': '18685535', 'status': 'PENDING', 'description': "Apply software changes, triggered from PySys: [{'action': 'install', 'id': '5475369', 'name': 'asciijump', 'url': ' ', 'version': '::apt'}, {'action': 'install', 'id': '5474869', 'name': 'robotfindskitten', 'url': ' ', 'version': ' '}, {'action': 'install', 'id': '5475279', 'name': 'squirrel3', 'url': ' ', 'version': '3.1-8::apt'}, {'action': 'install', 'id': '5152439', 'name': 'rolldice', 'url': ' ', 'version': '1.16-1+b2'}, {'action': 'install', 'id': '5439204', 'name': 'moon-buggy', 'url': ' ', 'version': '1:1.0.51-13'}, {'action': 'install', 'id': '5475369', 'name': 'asciijump', 'url': ' ', 'version': '::apt'}]", 'c8y_SoftwareUpdate': [{'name': 'asciijump', 'action': 'install', 'id': '5475369', 'version': '::apt', 'url': ' '}, {'name': 'robotfindskitten', 'action': 'install', 'id': '5474869', 'version': ' ', 'url': ' '}, {'name': 'squirrel3', 'action': 'install', 'id': '5475279', 'version': '3.1-8::apt', 'url': ' '}, {'name': 'rolldice', 'action': 'install', 'id': '5152439', 'version': '1.16-1+b2', 'url': ' '}, {'name': 'moon-buggy', 'action': 'install', 'id': '5439204', 'version': '1:1.0.51-13', 'url': ' '}, {'name': 'asciijump', 'action': 'install', 'id': '5475369', 'version': '::apt', 'url': ' '}]}
14:02:12 INFO  State of operation 18685535 : PENDING
14:02:14 INFO  State of operation 18685535 : EXECUTING
14:02:16 INFO  State of operation 18685535 : EXECUTING
14:02:18 INFO  State of operation 18685535 : EXECUTING
14:02:21 INFO  State of operation 18685535 : EXECUTING
14:02:23 INFO  State of operation 18685535 : EXECUTING
14:02:25 INFO  State of operation 18685535 : EXECUTING
14:02:28 INFO  State of operation 18685535 : EXECUTING
14:02:32 INFO  State of operation 18685535 : EXECUTING
14:02:34 INFO  State of operation 18685535 : EXECUTING
14:02:36 INFO  State of operation 18685535 : EXECUTING
14:02:39 INFO  State of operation 18685535 : EXECUTING
14:02:41 INFO  State of operation 18685535 : EXECUTING
14:02:43 INFO  State of operation 18685535 : EXECUTING
14:02:45 INFO  State of operation 18685535 : EXECUTING
14:02:48 INFO  State of operation 18685535 : EXECUTING
14:02:50 INFO  State of operation 18685535 : EXECUTING
14:02:52 INFO  State of operation 18685535 : EXECUTING
14:02:55 INFO  State of operation 18685535 : EXECUTING
14:02:57 INFO  State of operation 18685535 : EXECUTING
14:03:00 INFO  State of operation 18685535 : EXECUTING
14:03:02 INFO  State of operation 18685535 : EXECUTING
14:03:04 INFO  State of operation 18685535 : EXECUTING
14:03:07 INFO  State of operation 18685535 : EXECUTING
14:03:09 INFO  State of operation 18685535 : EXECUTING
14:03:12 INFO  State of operation 18685535 : EXECUTING
14:03:14 INFO  State of operation 18685535 : EXECUTING
14:03:16 INFO  State of operation 18685535 : EXECUTING
14:03:19 INFO  State of operation 18685535 : EXECUTING
14:03:21 INFO  State of operation 18685535 : EXECUTING
14:03:24 INFO  State of operation 18685535 : EXECUTING
14:03:26 INFO  State of operation 18685535 : EXECUTING
14:03:29 INFO  State of operation 18685535 : EXECUTING
14:03:31 INFO  State of operation 18685535 : EXECUTING
14:03:38 INFO  State of operation 18685535 : EXECUTING
14:03:40 INFO  State of operation 18685535 : EXECUTING
14:03:43 INFO  State of operation 18685535 : EXECUTING
14:03:45 INFO  State of operation 18685535 : EXECUTING
14:03:47 INFO  State of operation 18685535 : EXECUTING
14:03:49 INFO  State of operation 18685535 : EXECUTING
14:03:52 INFO  State of operation 18685535 : EXECUTING
14:03:54 INFO  State of operation 18685535 : EXECUTING
14:03:57 INFO  State of operation 18685535 : EXECUTING
14:04:00 INFO  State of operation 18685535 : EXECUTING
14:04:02 INFO  State of operation 18685535 : EXECUTING
14:04:04 INFO  State of operation 18685535 : EXECUTING
14:04:07 INFO  State of operation 18685535 : EXECUTING
14:04:09 INFO  State of operation 18685535 : EXECUTING
14:04:11 INFO  State of operation 18685535 : EXECUTING
14:04:13 INFO  State of operation 18685535 : EXECUTING
14:04:16 INFO  State of operation 18685535 : EXECUTING
14:04:18 INFO  State of operation 18685535 : EXECUTING
14:04:20 INFO  State of operation 18685535 : EXECUTING
14:04:23 INFO  State of operation 18685535 : EXECUTING
14:04:25 INFO  State of operation 18685535 : EXECUTING
14:04:28 INFO  State of operation 18685535 : EXECUTING
14:04:30 INFO  State of operation 18685535 : EXECUTING
14:04:32 INFO  State of operation 18685535 : EXECUTING
14:04:34 INFO  State of operation 18685535 : EXECUTING
14:04:37 INFO  State of operation 18685535 : EXECUTING
14:04:39 INFO  State of operation 18685535 : EXECUTING
14:04:41 WARN  SystemError occurred while running test - Timeout while waiting for status SUCCESSFUL or False
Traceback (most recent call last):
  File "/home/pi/env-pysys/lib/python3.9/site-packages/pysys/baserunner.py", line 1294, in __call__
    self.testObj.execute()
  File "/home/pi/actions-runner/_work/thin-edge.io/thin-edge.io/tests/PySys/software_management_end_to_end/sm_apt_install_remove_multiple_mixed/run.py", line 89, in execute
    self.wait_until_succcess()
  File "/home/pi/actions-runner/_work/thin-edge.io/thin-edge.io/tests/PySys/software_management_end_to_end/environment_sm_management.py", line 324, in wait_until_succcess
    self.wait_until_status("SUCCESSFUL")
  File "/home/pi/actions-runner/_work/thin-edge.io/thin-edge.io/tests/PySys/software_management_end_to_end/environment_sm_management.py", line 380, in wait_until_status
    raise SystemError(
SystemError: Timeout while waiting for status SUCCESSFUL or False
14:04:41 WARN  SystemError: Timeout while waiting for status SUCCESSFUL or False ... blocked 
14:04:41 INFO  
14:04:41 INFO  cleanup:
14:04:49 INFO  Executed sudo&lt;tedge_disconnect_c8y&gt;, exit status 0
14:04:49 INFO  Executed systemctl&lt;serv_mapper5&gt;, exit status 3
14:04:49 INFO  
14:04:49 INFO  Test duration: 190.40 secs
14:04:49 INFO  Test final outcome:  BLOCKED
14:04:49 INFO  Test outcome reason: SystemError: Timeout while waiting for status SUCCESSFUL or False
14:04:49 INFO  
</system-out>
	</testcase>
<testcase classname="PySysTest" name="SoftwareManagement.sm_apt_install_remove_multiple_mixed">
		<failure message="BLOCKED: SystemError: Timeout while waiting for status SUCCESSFUL or False (+1 other failures)" type="BLOCKED" />
		<system-out>14:30:39 INFO  ==============================================================
14:30:39 INFO  Id:    SoftwareManagement.sm_apt_install_remove_multiple_mixed
14:30:39 INFO  Dir:   software_management_end_to_end/
14:30:39 INFO  Title: Validate end to end behaviour for the apt plugin for multiple packages with mixed versions
14:30:39 INFO  ==============================================================
14:30:40 INFO  Using sw id database: {'asciijump': '5475369', 'robotfindskitten': '5474869', 'squirrel3': '5475279', 'rolldice': '5152439', 'moon-buggy': '5439204', 'apple': '5495053', 'banana': '5494888', 'cherry': '5495382', 'watermelon': '5494510', 'registry': '8018911', 'hello-world': '8021526', 'docker/getting-started': '8021973', 'alpine': '7991792'}
14:30:40 INFO  EnvironmentC8y Setup
14:30:40 INFO  Executed systemctl&lt;serv_mapper1&gt;, exit status 3
14:30:40 INFO  Restarting mosquitto too frequently in the last 10 seconds. It was only up for 6 seconds
14:30:40 INFO  Delaying execution by 5 seconds
14:31:03 INFO  Executed sudo&lt;tedge_connect_c8y&gt;, exit status 0, duration 17 secs
14:31:03 INFO  Executed sudo&lt;tedge_connect_c8y_test&gt;, exit status 0
14:31:04 INFO  Executed systemctl&lt;serv_mosq2&gt;, exit status 0
14:31:04 INFO  Executed systemctl&lt;serv_mapper3&gt;, exit status 0
14:31:07 INFO  State of current operation: SUCCESSFUL
14:31:07 INFO  Assert that (False == value) with value=False ... passed
14:31:07 INFO  Assert that (False == value) with value=False ... passed
14:31:07 INFO  Assert that (False == value) with value=False ... passed
14:31:08 INFO  Assert that (False == value) with value=False ... passed
14:31:08 INFO  Package moon-buggy is installed
14:31:08 WARN  Assert that (False == value) with value=True ... failed 
14:31:10 INFO  Response status: 201
14:31:10 INFO  Response to action: {
    "creationTime": "2022-05-10T14:31:10.738Z",
    "deviceName": "m32sd11e",
    "deviceId": "18671277",
    "self": "https://t493319102.eu-latest.cumulocity.com/devicecontrol/operations/18685833",
    "id": "18685833",
    "status": "PENDING",
    "description": "Apply software changes, triggered from PySys: [{'action': 'install', 'id': '5475369', 'name': 'asciijump', 'url': ' ', 'version': '::apt'}, {'action': 'install', 'id': '5474869', 'name': 'robotfindskitten', 'url': ' ', 'version': ' '}, {'action': 'install', 'id': '5475279', 'name': 'squirrel3', 'url': ' ', 'version': '3.1-8::apt'}, {'action': 'install', 'id': '5152439', 'name': 'rolldice', 'url': ' ', 'version': '1.16-1+b2'}, {'action': 'install', 'id': '5439204', 'name': 'moon-buggy', 'url': ' ', 'version': '1:1.0.51-13'}, {'action': 'install', 'id': '5475369', 'name': 'asciijump', 'url': ' ', 'version': '::apt'}]",
    "c8y_SoftwareUpdate": [
        {
            "name": "asciijump",
            "action": "install",
            "id": "5475369",
            "version": "::apt",
            "url": " "
        },
        {
            "name": "robotfindskitten",
            "action": "install",
            "id": "5474869",
            "version": " ",
            "url": " "
        },
        {
            "name": "squirrel3",
            "action": "install",
            "id": "5475279",
            "version": "3.1-8::apt",
            "url": " "
        },
        {
            "name": "rolldice",
            "action": "install",
            "id": "5152439",
            "version": "1.16-1+b2",
            "url": " "
        },
        {
            "name": "moon-buggy",
            "action": "install",
            "id": "5439204",
            "version": "1:1.0.51-13",
            "url": " "
        },
        {
            "name": "asciijump",
            "action": "install",
            "id": "5475369",
            "version": "::apt",
            "url": " "
        }
    ]
}
14:31:10 INFO  Started operation: {'creationTime': '2022-05-10T14:31:10.738Z', 'deviceName': 'm32sd11e', 'deviceId': '18671277', 'self': 'https://t493319102.eu-latest.cumulocity.com/devicecontrol/operations/18685833', 'id': '18685833', 'status': 'PENDING', 'description': "Apply software changes, triggered from PySys: [{'action': 'install', 'id': '5475369', 'name': 'asciijump', 'url': ' ', 'version': '::apt'}, {'action': 'install', 'id': '5474869', 'name': 'robotfindskitten', 'url': ' ', 'version': ' '}, {'action': 'install', 'id': '5475279', 'name': 'squirrel3', 'url': ' ', 'version': '3.1-8::apt'}, {'action': 'install', 'id': '5152439', 'name': 'rolldice', 'url': ' ', 'version': '1.16-1+b2'}, {'action': 'install', 'id': '5439204', 'name': 'moon-buggy', 'url': ' ', 'version': '1:1.0.51-13'}, {'action': 'install', 'id': '5475369', 'name': 'asciijump', 'url': ' ', 'version': '::apt'}]", 'c8y_SoftwareUpdate': [{'name': 'asciijump', 'action': 'install', 'id': '5475369', 'version': '::apt', 'url': ' '}, {'name': 'robotfindskitten', 'action': 'install', 'id': '5474869', 'version': ' ', 'url': ' '}, {'name': 'squirrel3', 'action': 'install', 'id': '5475279', 'version': '3.1-8::apt', 'url': ' '}, {'name': 'rolldice', 'action': 'install', 'id': '5152439', 'version': '1.16-1+b2', 'url': ' '}, {'name': 'moon-buggy', 'action': 'install', 'id': '5439204', 'version': '1:1.0.51-13', 'url': ' '}, {'name': 'asciijump', 'action': 'install', 'id': '5475369', 'version': '::apt', 'url': ' '}]}
14:31:13 INFO  State of operation 18685833 : PENDING
14:31:15 INFO  State of operation 18685833 : EXECUTING
14:31:17 INFO  State of operation 18685833 : EXECUTING
14:31:19 INFO  State of operation 18685833 : EXECUTING
14:31:21 INFO  State of operation 18685833 : EXECUTING
14:31:24 INFO  State of operation 18685833 : EXECUTING
14:31:26 INFO  State of operation 18685833 : EXECUTING
14:31:29 INFO  State of operation 18685833 : EXECUTING
14:31:32 INFO  State of operation 18685833 : EXECUTING
14:31:34 INFO  State of operation 18685833 : EXECUTING
14:31:36 INFO  State of operation 18685833 : EXECUTING
14:31:39 INFO  State of operation 18685833 : EXECUTING
14:31:41 INFO  State of operation 18685833 : EXECUTING
14:31:43 INFO  State of operation 18685833 : EXECUTING
14:31:45 INFO  State of operation 18685833 : EXECUTING
14:31:48 INFO  State of operation 18685833 : EXECUTING
14:31:50 INFO  State of operation 18685833 : EXECUTING
14:31:52 INFO  State of operation 18685833 : EXECUTING
14:31:54 INFO  State of operation 18685833 : EXECUTING
14:31:57 INFO  State of operation 18685833 : EXECUTING
14:31:59 INFO  State of operation 18685833 : EXECUTING
14:32:02 INFO  State of operation 18685833 : EXECUTING
14:32:04 INFO  State of operation 18685833 : EXECUTING
14:32:06 INFO  State of operation 18685833 : EXECUTING
14:32:09 INFO  State of operation 18685833 : EXECUTING
14:32:11 INFO  State of operation 18685833 : EXECUTING
14:32:14 INFO  State of operation 18685833 : EXECUTING
14:32:16 INFO  State of operation 18685833 : EXECUTING
14:32:18 INFO  State of operation 18685833 : EXECUTING
14:32:20 INFO  State of operation 18685833 : EXECUTING
14:32:23 INFO  State of operation 18685833 : EXECUTING
14:32:25 INFO  State of operation 18685833 : EXECUTING
14:32:28 INFO  State of operation 18685833 : EXECUTING
14:32:30 INFO  State of operation 18685833 : EXECUTING
14:32:33 INFO  State of operation 18685833 : EXECUTING
14:32:35 INFO  State of operation 18685833 : EXECUTING
14:32:37 INFO  State of operation 18685833 : EXECUTING
14:32:39 INFO  State of operation 18685833 : EXECUTING
14:32:42 INFO  State of operation 18685833 : EXECUTING
14:32:44 INFO  State of operation 18685833 : EXECUTING
14:32:46 INFO  State of operation 18685833 : EXECUTING
14:32:48 INFO  State of operation 18685833 : EXECUTING
14:32:50 INFO  State of operation 18685833 : EXECUTING
14:32:53 INFO  State of operation 18685833 : EXECUTING
14:32:56 INFO  State of operation 18685833 : EXECUTING
14:32:58 INFO  State of operation 18685833 : EXECUTING
14:33:01 INFO  State of operation 18685833 : EXECUTING
14:33:03 INFO  State of operation 18685833 : EXECUTING
14:33:05 INFO  State of operation 18685833 : EXECUTING
14:33:08 INFO  State of operation 18685833 : EXECUTING
14:33:10 INFO  State of operation 18685833 : EXECUTING
14:33:12 INFO  State of operation 18685833 : EXECUTING
14:33:14 INFO  State of operation 18685833 : EXECUTING
14:33:17 INFO  State of operation 18685833 : EXECUTING
14:33:19 INFO  State of operation 18685833 : EXECUTING
14:33:21 INFO  State of operation 18685833 : EXECUTING
14:33:24 INFO  State of operation 18685833 : EXECUTING
14:33:26 INFO  State of operation 18685833 : EXECUTING
14:33:29 INFO  State of operation 18685833 : EXECUTING
14:33:31 INFO  State of operation 18685833 : EXECUTING
14:33:33 INFO  State of operation 18685833 : EXECUTING
14:33:35 WARN  SystemError occurred while running test - Timeout while waiting for status SUCCESSFUL or False
Traceback (most recent call last):
  File "/home/pi/env-pysys/lib/python3.9/site-packages/pysys/baserunner.py", line 1294, in __call__
    self.testObj.execute()
  File "/home/pi/actions-runner/_work/thin-edge.io/thin-edge.io/tests/PySys/software_management_end_to_end/sm_apt_install_remove_multiple_mixed/run.py", line 89, in execute
    self.wait_until_succcess()
  File "/home/pi/actions-runner/_work/thin-edge.io/thin-edge.io/tests/PySys/software_management_end_to_end/environment_sm_management.py", line 324, in wait_until_succcess
    self.wait_until_status("SUCCESSFUL")
  File "/home/pi/actions-runner/_work/thin-edge.io/thin-edge.io/tests/PySys/software_management_end_to_end/environment_sm_management.py", line 380, in wait_until_status
    raise SystemError(
SystemError: Timeout while waiting for status SUCCESSFUL or False
14:33:36 WARN  SystemError: Timeout while waiting for status SUCCESSFUL or False ... blocked 
14:33:36 INFO  
14:33:36 INFO  cleanup:
14:33:44 INFO  Executed sudo&lt;tedge_disconnect_c8y&gt;, exit status 0
14:33:45 INFO  Executed systemctl&lt;serv_mapper5&gt;, exit status 3
14:33:45 INFO  
14:33:45 INFO  Test duration: 185.31 secs
14:33:45 INFO  Test final outcome:  BLOCKED
14:33:45 INFO  Test outcome reason: SystemError: Timeout while waiting for status SUCCESSFUL or False (+1 other failures)
14:33:45 INFO  
</system-out>
	</testcase>
</testsuite><testsuite name="SoftwareManagement.sm_apt_install_remove_with_version" tests="3" errors="0" failures="0" skipped="1" time="0"><testcase classname="PySysTest" name="SoftwareManagement.sm_apt_install_remove_with_version">
		<skipped message="SKIPPED: Testing the apt plugin is not supported on this platform.Use parameter -XmyPlatform='container' to enable it" />
		<system-out>13:21:01 INFO  ==============================================================
13:21:01 INFO  Id:    SoftwareManagement.sm_apt_install_remove_with_version
13:21:01 INFO  Dir:   software_management_end_to_end/
13:21:01 INFO  Title: Validate end to end behaviour for the apt plugin for packages with version
13:21:01 INFO  ==============================================================
13:21:01 INFO  Testing the apt plugin is not supported on this platform.Use parameter -XmyPlatform='container' to enable it ... skipped
13:21:01 WARN  Aborted test due to SKIPPED outcome
13:21:01 INFO  
13:21:01 INFO  Test duration: 0.02 secs
13:21:01 INFO  Test final outcome:  SKIPPED
13:21:01 INFO  Test outcome reason: Testing the apt plugin is not supported on this platform.Use parameter -XmyPlatform='container' to enable it
13:21:01 INFO  
</system-out>
	</testcase>
<testcase classname="PySysTest" name="SoftwareManagement.sm_apt_install_remove_with_version" />
<testcase classname="PySysTest" name="SoftwareManagement.sm_apt_install_remove_with_version" />
</testsuite><testsuite name="SoftwareManagement.sm_docker_install_remove_multiple" tests="3" errors="0" failures="0" skipped="1" time="0"><testcase classname="SMDockerInstallRemove" name="SoftwareManagement.sm_docker_install_remove_multiple">
		<skipped message="SKIPPED: Testing the apt plugin is not supported on this platform.Use parameter -XmyPlatform='container' to enable it" />
		<system-out>13:21:01 INFO  ==============================================================
13:21:01 INFO  Id:    SoftwareManagement.sm_docker_install_remove_multiple
13:21:01 INFO  Dir:   software_management_end_to_end/
13:21:01 INFO  Title: Validate end to end behaviour for the docker plugin for multiple docker images with mixed versions
13:21:01 INFO  ==============================================================
13:21:01 INFO  Testing the apt plugin is not supported on this platform.Use parameter -XmyPlatform='container' to enable it ... skipped
13:21:01 WARN  Aborted test due to SKIPPED outcome
13:21:01 INFO  
13:21:01 INFO  Test duration: 0.03 secs
13:21:01 INFO  Test final outcome:  SKIPPED
13:21:01 INFO  Test outcome reason: Testing the apt plugin is not supported on this platform.Use parameter -XmyPlatform='container' to enable it
13:21:01 INFO  
</system-out>
	</testcase>
<testcase classname="SMDockerInstallRemove" name="SoftwareManagement.sm_docker_install_remove_multiple" />
<testcase classname="SMDockerInstallRemove" name="SoftwareManagement.sm_docker_install_remove_multiple" />
</testsuite><testsuite name="SoftwareManagement.sm_fake_install_remove" tests="2" errors="0" failures="0" skipped="1" time="0"><testcase classname="PySysTest" name="SoftwareManagement.sm_fake_install_remove">
		<skipped message="SKIPPED: Testing the fake plugin is not enabled.Use parameter -Xfakeplugin=fakeplugin to enable it" />
		<system-out>13:21:01 INFO  ==============================================================
13:21:01 INFO  Id:    SoftwareManagement.sm_fake_install_remove
13:21:01 INFO  Dir:   software_management_end_to_end/
13:21:01 INFO  Title: Validate end to end behaviour for the dummy plugin for installation and removal of packages
13:21:01 INFO  ==============================================================
13:21:01 INFO  Testing the fake plugin is not enabled.Use parameter -Xfakeplugin=fakeplugin to enable it ... skipped
13:21:01 WARN  Aborted test due to SKIPPED outcome
13:21:01 INFO  
13:21:01 INFO  Test duration: 0.02 secs
13:21:01 INFO  Test final outcome:  SKIPPED
13:21:01 INFO  Test outcome reason: Testing the fake plugin is not enabled.Use parameter -Xfakeplugin=fakeplugin to enable it
13:21:01 INFO  
</system-out>
	</testcase>
<testcase classname="PySysTest" name="SoftwareManagement.sm_fake_install_remove" />
</testsuite><testsuite name="SoftwareManagement.sm_fake_install_remove_multiple" tests="2" errors="0" failures="0" skipped="1" time="0"><testcase classname="PySysTest" name="SoftwareManagement.sm_fake_install_remove_multiple">
		<skipped message="SKIPPED: Testing the fake plugin is not enabled.Use parameter -Xfakeplugin=fakeplugin to enable it" />
		<system-out>13:21:01 INFO  ==============================================================
13:21:01 INFO  Id:    SoftwareManagement.sm_fake_install_remove_multiple
13:21:01 INFO  Dir:   software_management_end_to_end/
13:21:01 INFO  Title: Validate end to end behaviour for the dummy-plugin for multiple packages
13:21:01 INFO  ==============================================================
13:21:01 INFO  Testing the fake plugin is not enabled.Use parameter -Xfakeplugin=fakeplugin to enable it ... skipped
13:21:01 WARN  Aborted test due to SKIPPED outcome
13:21:01 INFO  
13:21:01 INFO  Test duration: 0.02 secs
13:21:01 INFO  Test final outcome:  SKIPPED
13:21:01 INFO  Test outcome reason: Testing the fake plugin is not enabled.Use parameter -Xfakeplugin=fakeplugin to enable it
13:21:01 INFO  
</system-out>
	</testcase>
<testcase classname="PySysTest" name="SoftwareManagement.sm_fake_install_remove_multiple" />
</testsuite><testsuite name="SoftwareManagement.sm_mapper_fail_and_reconnect" tests="2" errors="0" failures="0" skipped="2" time="0"><testcase classname="MapperC8yReceiveLastMessageOnRestart" name="SoftwareManagement.sm_mapper_fail_and_reconnect">
		<skipped message="SKIPPED: instable https://github.com/thin-edge/thin-edge.io/issues/752" />
		<system-out>13:21:01 INFO  ==============================================================
13:21:01 INFO  Id:    SoftwareManagement.sm_mapper_fail_and_reconnect
13:21:01 INFO  Dir:   software_management_end_to_end/
13:21:01 INFO  Title: Validate the tedge-mapper-sm-c8y for receiving the last message on restart
13:21:01 INFO  ==============================================================
13:21:01 INFO  instable https://github.com/thin-edge/thin-edge.io/issues/752 ... skipped
13:21:01 INFO  
13:21:01 INFO  Test duration: 0.02 secs
13:21:01 INFO  Test final outcome:  SKIPPED
13:21:01 INFO  Test outcome reason: instable https://github.com/thin-edge/thin-edge.io/issues/752
13:21:01 INFO  
</system-out>
	</testcase>
<testcase classname="MapperC8yReceiveLastMessageOnRestart" name="SoftwareManagement.sm_mapper_fail_and_reconnect">
		<skipped message="SKIPPED: instable https://github.com/thin-edge/thin-edge.io/issues/752" />
		<system-out>14:41:18 INFO  ==============================================================
14:41:18 INFO  Id:    SoftwareManagement.sm_mapper_fail_and_reconnect
14:41:18 INFO  Dir:   software_management_end_to_end/
14:41:18 INFO  Title: Validate the tedge-mapper-sm-c8y for receiving the last message on restart
14:41:18 INFO  ==============================================================
14:41:18 INFO  instable https://github.com/thin-edge/thin-edge.io/issues/752 ... skipped
14:41:18 INFO  
14:41:18 INFO  Test duration: 0.09 secs
14:41:18 INFO  Test final outcome:  SKIPPED
14:41:18 INFO  Test outcome reason: instable https://github.com/thin-edge/thin-edge.io/issues/752
14:41:18 INFO  
</system-out>
	</testcase>
</testsuite><testsuite name="SoftwareManagement.sm_mixed_install_remove_multiple" tests="2" errors="0" failures="1" skipped="1" time="0"><testcase classname="PySysTest" name="SoftwareManagement.sm_mixed_install_remove_multiple">
		<skipped message="SKIPPED: Testing the fake plugin is not enabled.Use parameter -Xfakeplugin=fakeplugin to enable it" />
		<system-out>13:21:02 INFO  ==============================================================
13:21:02 INFO  Id:    SoftwareManagement.sm_mixed_install_remove_multiple
13:21:02 INFO  Dir:   software_management_end_to_end/
13:21:02 INFO  Title: Validate end to end behaviour for the dummy-plugin for multiple packages with mixed versions
13:21:02 INFO  ==============================================================
13:21:02 INFO  Testing the fake plugin is not enabled.Use parameter -Xfakeplugin=fakeplugin to enable it ... skipped
13:21:02 WARN  Aborted test due to SKIPPED outcome
13:21:02 INFO  
13:21:02 INFO  Test duration: 0.02 secs
13:21:02 INFO  Test final outcome:  SKIPPED
13:21:02 INFO  Test outcome reason: Testing the fake plugin is not enabled.Use parameter -Xfakeplugin=fakeplugin to enable it
13:21:02 INFO  
</system-out>
	</testcase>
<testcase classname="PySysTest" name="SoftwareManagement.sm_mixed_install_remove_multiple">
		<failure message="FAILED: Assert that (False == value) with value=True" type="FAILED" />
		<system-out>14:41:18 INFO  ==============================================================
14:41:18 INFO  Id:    SoftwareManagement.sm_mixed_install_remove_multiple
14:41:18 INFO  Dir:   software_management_end_to_end/
14:41:18 INFO  Title: Validate end to end behaviour for the dummy-plugin for multiple packages with mixed versions
14:41:18 INFO  ==============================================================
14:41:18 INFO  Using sw id database: {'asciijump': '5475369', 'robotfindskitten': '5474869', 'squirrel3': '5475279', 'rolldice': '5152439', 'moon-buggy': '5439204', 'apple': '5495053', 'banana': '5494888', 'cherry': '5495382', 'watermelon': '5494510', 'registry': '8018911', 'hello-world': '8021526', 'docker/getting-started': '8021973', 'alpine': '7991792'}
14:41:18 INFO  EnvironmentC8y Setup
14:41:19 INFO  Executed systemctl&lt;serv_mapper1&gt;, exit status 3
14:41:19 INFO  Restarting mosquitto too frequently in the last 10 seconds. It was only up for 6 seconds
14:41:19 INFO  Delaying execution by 5 seconds
14:41:42 INFO  Executed sudo&lt;tedge_connect_c8y&gt;, exit status 0, duration 17 secs
14:41:42 INFO  Executed sudo&lt;tedge_connect_c8y_test&gt;, exit status 0
14:41:43 INFO  Executed systemctl&lt;serv_mosq2&gt;, exit status 0
14:41:43 INFO  Executed systemctl&lt;serv_mapper3&gt;, exit status 0
14:41:45 INFO  State of current operation: SUCCESSFUL
14:41:46 INFO  Package apple is installed
14:41:46 INFO  Assert that (True == value) with value=True ... passed
14:41:46 INFO  Package banana is installed
14:41:46 INFO  Assert that (True == value) with value=True ... passed
14:41:46 INFO  Package cherry is installed
14:41:46 INFO  Assert that (True == value) with value=True ... passed
14:41:47 INFO  Package asciijump is installed
14:41:47 WARN  Assert that (False == value) with value=True ... failed 
14:41:47 INFO  Assert that (False == value) with value=False ... passed
14:41:47 INFO  Response status: 201
14:41:47 INFO  Response to action: {
    "creationTime": "2022-05-10T14:41:47.507Z",
    "deviceName": "m32sd11e",
    "deviceId": "18671277",
    "self": "https://t493319102.eu-latest.cumulocity.com/devicecontrol/operations/18697545",
    "id": "18697545",
    "status": "PENDING",
    "description": "Apply software changes, triggered from PySys: [{'action': 'install', 'id': '5495053', 'name': 'apple', 'url': ' ', 'version': '::fruits'}, {'action': 'install', 'id': '5494888', 'name': 'banana', 'url': ' ', 'version': '::fruits'}, {'action': 'install', 'id': '5475369', 'name': 'asciijump', 'url': ' ', 'version': '::apt'}, {'action': 'install', 'id': '5495382', 'name': 'cherry', 'url': ' ', 'version': '::fruits'}, {'action': 'install', 'id': '8018911', 'name': 'registry', 'url': ' ', 'version': '::docker'}]",
    "c8y_SoftwareUpdate": [
        {
            "name": "apple",
            "action": "install",
            "id": "5495053",
            "version": "::fruits",
            "url": " "
        },
        {
            "name": "banana",
            "action": "install",
            "id": "5494888",
            "version": "::fruits",
            "url": " "
        },
        {
            "name": "asciijump",
            "action": "install",
            "id": "5475369",
            "version": "::apt",
            "url": " "
        },
        {
            "name": "cherry",
            "action": "install",
            "id": "5495382",
            "version": "::fruits",
            "url": " "
        },
        {
            "name": "registry",
            "action": "install",
            "id": "8018911",
            "version": "::docker",
            "url": " "
        }
    ]
}
14:41:47 INFO  Started operation: {'creationTime': '2022-05-10T14:41:47.507Z', 'deviceName': 'm32sd11e', 'deviceId': '18671277', 'self': 'https://t493319102.eu-latest.cumulocity.com/devicecontrol/operations/18697545', 'id': '18697545', 'status': 'PENDING', 'description': "Apply software changes, triggered from PySys: [{'action': 'install', 'id': '5495053', 'name': 'apple', 'url': ' ', 'version': '::fruits'}, {'action': 'install', 'id': '5494888', 'name': 'banana', 'url': ' ', 'version': '::fruits'}, {'action': 'install', 'id': '5475369', 'name': 'asciijump', 'url': ' ', 'version': '::apt'}, {'action': 'install', 'id': '5495382', 'name': 'cherry', 'url': ' ', 'version': '::fruits'}, {'action': 'install', 'id': '8018911', 'name': 'registry', 'url': ' ', 'version': '::docker'}]", 'c8y_SoftwareUpdate': [{'name': 'apple', 'action': 'install', 'id': '5495053', 'version': '::fruits', 'url': ' '}, {'name': 'banana', 'action': 'install', 'id': '5494888', 'version': '::fruits', 'url': ' '}, {'name': 'asciijump', 'action': 'install', 'id': '5475369', 'version': '::apt', 'url': ' '}, {'name': 'cherry', 'action': 'install', 'id': '5495382', 'version': '::fruits', 'url': ' '}, {'name': 'registry', 'action': 'install', 'id': '8018911', 'version': '::docker', 'url': ' '}]}
14:41:49 INFO  State of operation 18697545 : PENDING
14:41:52 INFO  State of operation 18697545 : EXECUTING
14:41:54 INFO  State of operation 18697545 : EXECUTING
14:41:56 INFO  State of operation 18697545 : EXECUTING
14:41:58 INFO  State of operation 18697545 : EXECUTING
14:42:00 INFO  State of operation 18697545 : EXECUTING
14:42:03 INFO  State of operation 18697545 : EXECUTING
14:42:05 INFO  State of operation 18697545 : EXECUTING
14:42:08 INFO  State of operation 18697545 : EXECUTING
14:42:10 INFO  State of operation 18697545 : EXECUTING
14:42:13 INFO  State of operation 18697545 : EXECUTING
14:42:15 INFO  State of operation 18697545 : EXECUTING
14:42:18 INFO  State of operation 18697545 : EXECUTING
14:42:20 INFO  State of operation 18697545 : EXECUTING
14:42:22 INFO  State of operation 18697545 : EXECUTING
14:42:24 INFO  State of operation 18697545 : EXECUTING
14:42:27 INFO  State of operation 18697545 : EXECUTING
14:42:29 INFO  State of operation 18697545 : EXECUTING
14:42:31 INFO  State of operation 18697545 : EXECUTING
14:42:34 INFO  State of operation 18697545 : EXECUTING
14:42:36 INFO  State of operation 18697545 : EXECUTING
14:42:38 INFO  State of operation 18697545 : EXECUTING
14:42:40 INFO  State of operation 18697545 : EXECUTING
14:42:43 INFO  State of operation 18697545 : EXECUTING
14:42:45 INFO  State of operation 18697545 : EXECUTING
14:42:47 INFO  State of operation 18697545 : EXECUTING
14:42:49 INFO  State of operation 18697545 : EXECUTING
14:42:52 INFO  State of operation 18697545 : EXECUTING
14:42:54 INFO  State of operation 18697545 : EXECUTING
14:42:56 INFO  State of operation 18697545 : SUCCESSFUL
14:42:56 INFO  Package apple is installed
14:42:56 INFO  Assert that (True == value) with value=True ... passed
14:42:56 INFO  Package banana is installed
14:42:56 INFO  Assert that (True == value) with value=True ... passed
14:42:57 INFO  Package cherry is installed
14:42:57 INFO  Assert that (True == value) with value=True ... passed
14:42:57 INFO  Package asciijump is installed
14:42:57 INFO  Assert that (True == value) with value=True ... passed
14:42:57 INFO  Package registry is installed
14:42:57 INFO  Assert that (True == value) with value=True ... passed
14:42:57 INFO  Response status: 201
14:42:57 INFO  Response to action: {
    "creationTime": "2022-05-10T14:42:57.870Z",
    "deviceName": "m32sd11e",
    "deviceId": "18671277",
    "self": "https://t493319102.eu-latest.cumulocity.com/devicecontrol/operations/18697553",
    "id": "18697553",
    "status": "PENDING",
    "description": "Apply software changes, triggered from PySys: [{'action': 'delete', 'id': '5495053', 'name': 'apple', 'url': ' ', 'version': '::fruits'}, {'action': 'delete', 'id': '5494888', 'name': 'banana', 'url': ' ', 'version': '::fruits'}, {'action': 'delete', 'id': '5475369', 'name': 'asciijump', 'url': ' ', 'version': '::apt'}, {'action': 'delete', 'id': '5495382', 'name': 'cherry', 'url': ' ', 'version': '::fruits'}, {'action': 'delete', 'id': '8018911', 'name': 'registry', 'url': ' ', 'version': '::docker'}]",
    "c8y_SoftwareUpdate": [
        {
            "name": "apple",
            "action": "delete",
            "id": "5495053",
            "version": "::fruits",
            "url": " "
        },
        {
            "name": "banana",
            "action": "delete",
            "id": "5494888",
            "version": "::fruits",
            "url": " "
        },
        {
            "name": "asciijump",
            "action": "delete",
            "id": "5475369",
            "version": "::apt",
            "url": " "
        },
        {
            "name": "cherry",
            "action": "delete",
            "id": "5495382",
            "version": "::fruits",
            "url": " "
        },
        {
            "name": "registry",
            "action": "delete",
            "id": "8018911",
            "version": "::docker",
            "url": " "
        }
    ]
}
14:42:57 INFO  Started operation: {'creationTime': '2022-05-10T14:42:57.870Z', 'deviceName': 'm32sd11e', 'deviceId': '18671277', 'self': 'https://t493319102.eu-latest.cumulocity.com/devicecontrol/operations/18697553', 'id': '18697553', 'status': 'PENDING', 'description': "Apply software changes, triggered from PySys: [{'action': 'delete', 'id': '5495053', 'name': 'apple', 'url': ' ', 'version': '::fruits'}, {'action': 'delete', 'id': '5494888', 'name': 'banana', 'url': ' ', 'version': '::fruits'}, {'action': 'delete', 'id': '5475369', 'name': 'asciijump', 'url': ' ', 'version': '::apt'}, {'action': 'delete', 'id': '5495382', 'name': 'cherry', 'url': ' ', 'version': '::fruits'}, {'action': 'delete', 'id': '8018911', 'name': 'registry', 'url': ' ', 'version': '::docker'}]", 'c8y_SoftwareUpdate': [{'name': 'apple', 'action': 'delete', 'id': '5495053', 'version': '::fruits', 'url': ' '}, {'name': 'banana', 'action': 'delete', 'id': '5494888', 'version': '::fruits', 'url': ' '}, {'name': 'asciijump', 'action': 'delete', 'id': '5475369', 'version': '::apt', 'url': ' '}, {'name': 'cherry', 'action': 'delete', 'id': '5495382', 'version': '::fruits', 'url': ' '}, {'name': 'registry', 'action': 'delete', 'id': '8018911', 'version': '::docker', 'url': ' '}]}
14:43:00 INFO  State of operation 18697553 : PENDING
14:43:02 INFO  State of operation 18697553 : EXECUTING
14:43:04 INFO  State of operation 18697553 : EXECUTING
14:43:06 INFO  State of operation 18697553 : EXECUTING
14:43:09 INFO  State of operation 18697553 : EXECUTING
14:43:11 INFO  State of operation 18697553 : EXECUTING
14:43:13 INFO  State of operation 18697553 : EXECUTING
14:43:16 INFO  State of operation 18697553 : EXECUTING
14:43:18 INFO  State of operation 18697553 : EXECUTING
14:43:21 INFO  State of operation 18697553 : EXECUTING
14:43:24 INFO  State of operation 18697553 : EXECUTING
14:43:31 INFO  State of operation 18697553 : EXECUTING
14:43:33 INFO  State of operation 18697553 : EXECUTING
14:43:35 INFO  State of operation 18697553 : EXECUTING
14:43:38 INFO  State of operation 18697553 : EXECUTING
14:43:40 INFO  State of operation 18697553 : EXECUTING
14:43:42 INFO  State of operation 18697553 : EXECUTING
14:43:45 INFO  State of operation 18697553 : EXECUTING
14:43:47 INFO  State of operation 18697553 : EXECUTING
14:43:50 INFO  State of operation 18697553 : EXECUTING
14:43:52 INFO  State of operation 18697553 : EXECUTING
14:43:54 INFO  State of operation 18697553 : EXECUTING
14:43:56 INFO  State of operation 18697553 : EXECUTING
14:43:59 INFO  State of operation 18697553 : EXECUTING
14:44:01 INFO  State of operation 18697553 : EXECUTING
14:44:05 INFO  State of operation 18697553 : EXECUTING
14:44:07 INFO  State of operation 18697553 : EXECUTING
14:44:09 INFO  State of operation 18697553 : EXECUTING
14:44:12 INFO  State of operation 18697553 : EXECUTING
14:44:14 INFO  State of operation 18697553 : EXECUTING
14:44:16 INFO  State of operation 18697553 : EXECUTING
14:44:18 INFO  State of operation 18697553 : EXECUTING
14:44:21 INFO  State of operation 18697553 : SUCCESSFUL
14:44:21 INFO  Package apple is installed
14:44:21 INFO  Assert that (True == value) with value=True ... passed
14:44:21 INFO  Package banana is installed
14:44:21 INFO  Assert that (True == value) with value=True ... passed
14:44:21 INFO  Package cherry is installed
14:44:21 INFO  Assert that (True == value) with value=True ... passed
14:44:22 INFO  Assert that (False == value) with value=False ... passed
14:44:22 INFO  Assert that (False == value) with value=False ... passed
14:44:22 INFO  
14:44:22 INFO  cleanup:
14:44:28 INFO  Executed sudo&lt;tedge_disconnect_c8y&gt;, exit status 0
14:44:29 INFO  Executed systemctl&lt;serv_mapper5&gt;, exit status 3
14:44:29 INFO  
14:44:29 INFO  Test duration: 190.45 secs
14:44:29 INFO  Test final outcome:  FAILED
14:44:29 INFO  Test outcome reason: Assert that (False == value) with value=True
14:44:29 INFO  
</system-out>
	</testcase>
</testsuite><testsuite name="agent_init_session" tests="1" errors="0" failures="1" skipped="0" time="0"><testcase classname="AgentInitSession" name="agent_init_session">
		<failure message="FAILED: Grep on sub_resp.out contains &quot;Ld3KgqpcLDlrYH6sfpG7w&quot;" type="FAILED" />
		<system-out>13:22:02 INFO  ==============================================================
13:22:02 INFO  Id:    agent_init_session
13:22:02 INFO  Dir:   tedge_agent/
13:22:02 INFO  Title: Validate tedge agent init session feature
13:22:02 INFO  ==============================================================
13:22:02 INFO  Executed sudo&lt;remove_lock&gt;, exit status 0
13:22:03 INFO  Executed sudo&lt;agent_clear&gt;, exit status 0
13:22:03 INFO  Executed sudo&lt;agent_init&gt;, exit status 0
13:22:04 INFO  Executed sudo&lt;pub_req&gt;, exit status 0
13:22:04 INFO  Started sudo&lt;sub_resp&gt; with process id 380
[...]
</system-out>
	</testcase>
<testcase classname="DockerPluginInstallWithVersionTest" name="docker_plugin_install_with_version" />
</testsuite><testsuite name="docker_plugin_remove" tests="2" errors="0" failures="0" skipped="1" time="0"><testcase classname="DockerPluginRemoveTest" name="docker_plugin_remove">
		<skipped message="SKIPPED: Testing the docker plugin is not supported on this platform.To run it, all the test with -XmyPlatform='container'" />
		<system-out>13:10:41 INFO  ==============================================================
13:10:41 INFO  Id:    docker_plugin_remove
13:10:41 INFO  Dir:   plugin_docker/
13:10:41 INFO  Title: Validate docker plugin remove
13:10:41 INFO  ==============================================================
13:10:41 INFO  Testing the docker plugin is not supported on this platform.To run it, all the test with -XmyPlatform='container' ... skipped
13:10:41 WARN  Aborted test due to SKIPPED outcome
13:10:41 INFO  
13:10:41 INFO  Test duration: 0.02 secs
13:10:41 INFO  Test final outcome:  SKIPPED
13:10:41 INFO  Test outcome reason: Testing the docker plugin is not supported on this platform.To run it, all the test with -XmyPlatform='container'
13:10:41 INFO  
</system-out>
	</testcase>
<testcase classname="DockerPluginRemoveTest" name="docker_plugin_remove" />
</testsuite><testsuite name="docker_plugin_remove_with_version" tests="2" errors="0" failures="0" skipped="1" time="0"><testcase classname="DockerPluginRemoveWithVersionTest" name="docker_plugin_remove_with_version">
		<skipped message="SKIPPED: Testing the docker plugin is not supported on this platform.To run it, all the test with -XmyPlatform='container'" />
		<system-out>13:10:41 INFO  ==============================================================
13:10:41 INFO  Id:    docker_plugin_remove_with_version
13:10:42 INFO  Dir:   plugin_docker/
13:10:42 INFO  Title: Validate docker plugin remove with version
13:10:42 INFO  ==============================================================
13:10:42 INFO  Testing the docker plugin is not supported on this platform.To run it, all the test with -XmyPlatform='container' ... skipped
13:10:42 WARN  Aborted test due to SKIPPED outcome
13:10:42 INFO  
13:10:42 INFO  Test duration: 0.02 secs
13:10:42 INFO  Test final outcome:  SKIPPED
13:10:42 INFO  Test outcome reason: Testing the docker plugin is not supported on this platform.To run it, all the test with -XmyPlatform='container'
13:10:42 INFO  
</system-out>
	</testcase>
<testcase classname="DockerPluginRemoveWithVersionTest" name="docker_plugin_remove_with_version" />
</testsuite><testsuite name="docker_plugin_update" tests="2" errors="0" failures="0" skipped="1" time="0"><testcase classname="DockerPluginUpdateTest" name="docker_plugin_update">
		<skipped message="SKIPPED: Testing the docker plugin is not supported on this platform.To run it, all the test with -XmyPlatform='container'" />
		<system-out>13:10:42 INFO  ==============================================================
13:10:42 INFO  Id:    docker_plugin_update
13:10:42 INFO  Dir:   plugin_docker/
13:10:42 INFO  Title: Validate docker plugin install updates existing containers
13:10:42 INFO  ==============================================================
13:10:42 INFO  Testing the docker plugin is not supported on this platform.To run it, all the test with -XmyPlatform='container' ... skipped
13:10:42 WARN  Aborted test due to SKIPPED outcome
13:10:42 INFO  
13:10:42 INFO  Test duration: 0.02 secs
13:10:42 INFO  Test final outcome:  SKIPPED
13:10:42 INFO  Test outcome reason: Testing the docker plugin is not supported on this platform.To run it, all the test with -XmyPlatform='container'
13:10:42 INFO  
</system-out>
	</testcase>
<testcase classname="DockerPluginUpdateTest" name="docker_plugin_update" />
</testsuite><testsuite name="invalid_device_id" tests="1" errors="0" failures="0" skipped="0" time="0"><testcase classname="InvalidDeviceId" name="invalid_device_id" />
</testsuite><testsuite name="local_mqtt_pub_fail_noqos" tests="1" errors="0" failures="0" skipped="0" time="0"><testcase classname="PySysTest" name="local_mqtt_pub_fail_noqos" />
</testsuite><testsuite name="local_mqtt_pub_fail_qos0" tests="1" errors="0" failures="0" skipped="0" time="0"><testcase classname="PySysTest" name="local_mqtt_pub_fail_qos0" />
</testsuite><testsuite name="local_mqtt_pub_fail_qos1" tests="1" errors="0" failures="0" skipped="0" time="0"><testcase classname="PySysTest" name="local_mqtt_pub_fail_qos1" />
</testsuite><testsuite name="local_mqtt_pub_fail_qos2" tests="1" errors="0" failures="0" skipped="0" time="0"><testcase classname="PySysTest" name="local_mqtt_pub_fail_qos2" />
</testsuite><testsuite name="local_mqtt_pub_sub" tests="1" errors="0" failures="0" skipped="0" time="0"><testcase classname="PySysTest" name="local_mqtt_pub_sub" />
</testsuite><testsuite name="local_mqtt_pub_sub_retain" tests="1" errors="0" failures="0" skipped="0" time="0"><testcase classname="MqttPublishWithRetain" name="local_mqtt_pub_sub_retain" />
</testsuite><testsuite name="local_mqtt_pub_sub_with_sudo" tests="1" errors="0" failures="0" skipped="0" time="0"><testcase classname="PySysTest" name="local_mqtt_pub_sub_with_sudo" />
</testsuite><testsuite name="local_mqtt_sub_fail" tests="1" errors="0" failures="0" skipped="0" time="0"><testcase classname="PySysTest" name="local_mqtt_sub_fail" />
</testsuite><testsuite name="log_request_error_messages" tests="1" errors="0" failures="0" skipped="1" time="0"><testcase classname="LogRequestVerifySearchTextError" name="log_request_error_messages">
		<skipped message="SKIPPED: Test execution disabled due to #1123" />
		<system-out>13:08:56 INFO  ==============================================================
13:08:56 INFO  Id:    log_request_error_messages
13:08:56 INFO  Dir:   log_request_end_to_end/
13:08:56 INFO  Title: Validate end to end behaviour for the log request operation check for error messages
13:08:56 INFO  ==============================================================
13:08:57 INFO  Test execution disabled due to #1123 ... skipped
13:08:57 INFO  
13:08:57 INFO  Test duration: 1.42 secs
13:08:57 INFO  Test final outcome:  SKIPPED
13:08:57 INFO  Test outcome reason: Test execution disabled due to #1123
13:08:57 INFO  
</system-out>
	</testcase>
</testsuite><testsuite name="log_request_num_lines" tests="1" errors="0" failures="0" skipped="1" time="0"><testcase classname="LogRequestVerifyNumberOfLines" name="log_request_num_lines">
		<skipped message="SKIPPED: Test execution disabled due to #1123" />
		<system-out>13:08:57 INFO  ==============================================================
13:08:57 INFO  Id:    log_request_num_lines
13:08:57 INFO  Dir:   log_request_end_to_end/
13:08:57 INFO  Title: Validate end to end behaviour for the log request operation check for number of lines
13:08:57 INFO  ==============================================================
13:08:57 INFO  Test execution disabled due to #1123 ... skipped
13:08:57 INFO  
13:08:57 INFO  Test duration: 0.04 secs
13:08:57 INFO  Test final outcome:  SKIPPED
13:08:57 INFO  Test outcome reason: Test execution disabled due to #1123
13:08:57 INFO  
</system-out>
	</testcase>
</testsuite><testsuite name="mapper_awaits_before_reconnect" tests="1" errors="0" failures="0" skipped="0" time="0"><testcase classname="MapperReconnectAwait" name="mapper_awaits_before_reconnect" />
</testsuite><testsuite name="monitoring_smaller_interval" tests="1" errors="0" failures="0" skipped="1" time="0"><testcase classname="MonitoringSmallInterval" name="monitoring_smaller_interval">
		<skipped message="SKIPPED: Fails due to retained message" />
		<system-out>13:10:36 INFO  ==============================================================
13:10:36 INFO  Id:    monitoring_smaller_interval
13:10:36 INFO  Dir:   monitoring/
13:10:36 INFO  Title: Validate the tedge dm agent messages that are produced with smaller sampling interval than the batching window. Here the simulated collectd messages are used
13:10:36 INFO  ==============================================================
13:10:36 INFO  Fails due to retained message ... skipped
13:10:36 INFO  
13:10:36 INFO  Test duration: 0.02 secs
13:10:36 INFO  Test final outcome:  SKIPPED
13:10:36 INFO  Test outcome reason: Fails due to retained message
13:10:36 INFO  
</system-out>
	</testcase>
</testsuite><testsuite name="monitoring_with_collectd" tests="1" errors="0" failures="0" skipped="1" time="0"><testcase classname="MonitoringWithCollectd" name="monitoring_with_collectd">
		<skipped message="SKIPPED: Test execution disabled due to #792 (instable)" />
		<system-out>13:10:36 INFO  ==============================================================
13:10:36 INFO  Id:    monitoring_with_collectd
13:10:36 INFO  Dir:   monitoring/
13:10:36 INFO  Title: Validate tedge dm agent messages that are produced by batching the collectd messages
13:10:36 INFO  ==============================================================
13:10:36 INFO  Test execution disabled due to #792 (instable) ... skipped
13:10:36 INFO  
13:10:36 INFO  Test duration: 0.02 secs
13:10:36 INFO  Test final outcome:  SKIPPED
13:10:36 INFO  Test outcome reason: Test execution disabled due to #792 (instable)
13:10:36 INFO  
</system-out>
	</testcase>
</testsuite><testsuite name="monitoring_with_simulated_messages" tests="1" errors="0" failures="0" skipped="1" time="0"><testcase classname="MonitoringWithSimulatedMessages" name="monitoring_with_simulated_messages">
		<skipped message="SKIPPED: Fails due to retained message" />
		<system-out>13:10:36 INFO  ==============================================================
13:10:36 INFO  Id:    monitoring_with_simulated_messages
13:10:36 INFO  Dir:   monitoring/
13:10:36 INFO  Title: Validate the tedge dm agent messages that are produced from the simulated collectd messages
13:10:36 INFO  ==============================================================
13:10:36 INFO  Fails due to retained message ... skipped
13:10:36 INFO  
13:10:36 INFO  Test duration: 0.02 secs
13:10:36 INFO  Test final outcome:  SKIPPED
13:10:36 INFO  Test outcome reason: Fails due to retained message
13:10:36 INFO  
</system-out>
	</testcase>
</testsuite><testsuite name="mqtt_port_change_connection_fails" tests="1" errors="0" failures="0" skipped="0" time="0"><testcase classname="MqttPortChangeConnectionFails" name="mqtt_port_change_connection_fails" />
</testsuite><testsuite name="mqtt_port_change_connection_works" tests="1" errors="0" failures="0" skipped="1" time="0"><testcase classname="MqttPortChangeConnectionWorks" name="mqtt_port_change_connection_works">
		<skipped message="SKIPPED: failing intermitently" />
		<system-out>13:09:33 INFO  ==============================================================
13:09:33 INFO  Id:    mqtt_port_change_connection_works
13:09:33 INFO  Dir:   misc_features/
13:09:33 INFO  Title: mqtt port change connection works for all the thin-edge services that use the mosquitto broker
13:09:33 INFO  ==============================================================
13:09:33 INFO  failing intermitently ... skipped
13:09:33 INFO  
13:09:33 INFO  Test duration: 0.02 secs
13:09:33 INFO  Test final outcome:  SKIPPED
13:09:33 INFO  Test outcome reason: failing intermitently
13:09:33 INFO  
</system-out>
	</testcase>
</testsuite><testsuite name="mqtt_port_set" tests="1" errors="0" failures="0" skipped="0" time="0"><testcase classname="MqttPortSet" name="mqtt_port_set" />
</testsuite><testsuite name="mqtt_port_unset" tests="1" errors="0" failures="0" skipped="0" time="0"><testcase classname="MqttPortUnSet" name="mqtt_port_unset" />
</testsuite><testsuite name="publish_flux" tests="1" errors="0" failures="0" skipped="0" time="0"><testcase classname="PublishFlux" name="publish_flux" />
</testsuite><testsuite name="publish_sawmill" tests="1" errors="0" failures="0" skipped="0" time="0"><testcase classname="PublishSawmill" name="publish_sawmill" />
</testsuite><testsuite name="pysys_block" tests="1" errors="0" failures="0" skipped="1" time="0"><testcase classname="Fail" name="pysys_block">
		<skipped message="SKIPPED: Enable this to observe a blocking test" />
		<system-out>13:10:00 INFO  ==============================================================
13:10:00 INFO  Id:    pysys_block
13:10:00 INFO  Dir:   misc_features/
13:10:00 INFO  Title: fail
13:10:00 INFO  ==============================================================
13:10:00 INFO  Enable this to observe a blocking test ... skipped
13:10:00 INFO  
13:10:00 INFO  Test duration: 0.02 secs
13:10:00 INFO  Test final outcome:  SKIPPED
13:10:00 INFO  Test outcome reason: Enable this to observe a blocking test
13:10:00 INFO  
</system-out>
	</testcase>
</testsuite><testsuite name="pysys_fail" tests="1" errors="0" failures="0" skipped="1" time="0"><testcase classname="Fail" name="pysys_fail">
		<skipped message="SKIPPED: Enable this to observe a failing test" />
		<system-out>13:10:00 INFO  ==============================================================
13:10:00 INFO  Id:    pysys_fail
13:10:00 INFO  Dir:   misc_features/
13:10:00 INFO  Title: fail
13:10:00 INFO  ==============================================================
13:10:00 INFO  Enable this to observe a failing test ... skipped
13:10:00 INFO  
13:10:00 INFO  Test duration: 0.01 secs
13:10:00 INFO  Test final outcome:  SKIPPED
13:10:00 INFO  Test outcome reason: Enable this to observe a failing test
13:10:00 INFO  
</system-out>
	</testcase>
</testsuite><testsuite name="runtime_start_two_mappers" tests="1" errors="0" failures="0" skipped="1" time="0"><testcase classname="RuntimeMultiMappers" name="runtime_start_two_mappers">
		<skipped message="SKIPPED: Test execution disabled due to #1124" />
		<system-out>13:25:07 INFO  ==============================================================
13:25:07 INFO  Id:    runtime_start_two_mappers
13:25:07 INFO  Dir:   tedge_mapper_c8y/
13:25:07 INFO  Title: Validate two mappers can't be started at the same time
13:25:07 INFO  ==============================================================
13:25:07 INFO  Test execution disabled due to #1124 ... skipped
13:25:07 INFO  
13:25:07 INFO  Test duration: 0.02 secs
13:25:07 INFO  Test final outcome:  SKIPPED
13:25:07 INFO  Test outcome reason: Test execution disabled due to #1124
13:25:07 INFO  
</system-out>
	</testcase>
</testsuite><testsuite name="sm_tedge_mapper_init_session" tests="1" errors="0" failures="0" skipped="0" time="0"><testcase classname="TedgeSMMapperInitSession" name="sm_tedge_mapper_init_session" />
</testsuite><testsuite name="smoketest_json" tests="1" errors="0" failures="0" skipped="0" time="0"><testcase classname="SmokeTestJson" name="smoketest_json" />
</testsuite><testsuite name="smoketest_json_400_samples_10ms" tests="1" errors="0" failures="0" skipped="0" time="0"><testcase classname="SmoketestJson400Samples10ms" name="smoketest_json_400_samples_10ms" />
</testsuite><testsuite name="smoketest_json_400_samples_20ms" tests="1" errors="0" failures="0" skipped="0" time="0"><testcase classname="SmoketestJson400Samples20ms" name="smoketest_json_400_samples_20ms" />
</testsuite><testsuite name="smoketest_smartrest" tests="1" errors="0" failures="0" skipped="0" time="0"><testcase classname="SmoketestSmartRest" name="smoketest_smartrest" />
</testsuite><testsuite name="smoketest_smartrest_200_samples_1Xms" tests="1" errors="0" failures="0" skipped="0" time="0"><testcase classname="SmoketestSmartRest200Samples1Xms" name="smoketest_smartrest_200_samples_1Xms" />
</testsuite><testsuite name="smoketest_smartrest_200_samples_20ms" tests="1" errors="0" failures="0" skipped="0" time="0"><testcase classname="SmoketestSmartRest200Samples20ms" name="smoketest_smartrest_200_samples_20ms" />
</testsuite><testsuite name="tedge_agent_user_sudo_access" tests="1" errors="0" failures="0" skipped="1" time="0"><testcase classname="TedgeAgentUserSudoAccess" name="tedge_agent_user_sudo_access">
		<skipped message="SKIPPED: #955 Observation: Exit code of the apt plugin when called with no arguments" />
		<system-out>13:21:29 INFO  ==============================================================
13:21:29 INFO  Id:    tedge_agent_user_sudo_access
13:21:29 INFO  Dir:   tedge/
13:21:29 INFO  Title: Validate tedge-agent user has a limited sudo right
13:21:29 INFO  ==============================================================
13:21:29 INFO  #955 Observation: Exit code of the apt plugin when called with no arguments ... skipped
13:21:29 INFO  
13:21:29 INFO  Test duration: 0.02 secs
13:21:29 INFO  Test final outcome:  SKIPPED
13:21:29 INFO  Test outcome reason: #955 Observation: Exit code of the apt plugin when called with no arguments
13:21:29 INFO  
</system-out>
	</testcase>
</testsuite><testsuite name="tedge_connect_test_negative" tests="1" errors="0" failures="0" skipped="0" time="0"><testcase classname="TedgeConnectTestNegative" name="tedge_connect_test_negative" />
</testsuite><testsuite name="tedge_connect_test_positive" tests="1" errors="0" failures="0" skipped="0" time="0"><testcase classname="TedgeConnectTestPositive" name="tedge_connect_test_positive" />
</testsuite><testsuite name="tedge_connect_test_sm_services" tests="1" errors="0" failures="0" skipped="0" time="0"><testcase classname="TedgeConnectTestSMServices" name="tedge_connect_test_sm_services" />
</testsuite><testsuite name="tedge_disconnect_test_sm_services" tests="1" errors="0" failures="0" skipped="0" time="0"><testcase classname="TedgeDisConnectTestSMServices" name="tedge_disconnect_test_sm_services" />
</testsuite><testsuite name="tedge_mapper_az_negative" tests="1" errors="0" failures="0" skipped="0" time="0"><testcase classname="TedgeMapperAzError" name="tedge_mapper_az_negative" />
</testsuite><testsuite name="tedge_mapper_az_with_timestamp" tests="1" errors="0" failures="0" skipped="0" time="0"><testcase classname="TedgeMapperAzWithTimestamp" name="tedge_mapper_az_with_timestamp" />
</testsuite><testsuite name="tedge_mapper_az_without_timestamp" tests="1" errors="0" failures="0" skipped="0" time="0"><testcase classname="TedgeMapperAzWithoutTimestamp" name="tedge_mapper_az_without_timestamp" />
</testsuite><testsuite name="tedge_mapper_c8y_alarms" tests="1" errors="0" failures="0" skipped="0" time="0"><testcase classname="TedgeMapperC8yAlarm" name="tedge_mapper_c8y_alarms" />
</testsuite><testsuite name="tedge_mapper_c8y_child_device_measurement" tests="1" errors="0" failures="0" skipped="1" time="0"><testcase classname="TedgeMapperC8yChildDevice" name="tedge_mapper_c8y_child_device_measurement">
		<skipped message="SKIPPED: Test execution disabled due to #1088" />
		<system-out>13:26:28 INFO  ==============================================================
13:26:28 INFO  Id:    tedge_mapper_c8y_child_device_measurement
13:26:28 INFO  Dir:   tedge_mapper_c8y/
13:26:28 INFO  Title: Validate that measurements sent to tedge/measurements/child topic gets mapped as the child device's measurement in Cumulocity
13:26:28 INFO  ==============================================================
13:26:28 INFO  Test execution disabled due to #1088 ... skipped
13:26:28 INFO  
13:26:28 INFO  Test duration: 0.07 secs
13:26:28 INFO  Test final outcome:  SKIPPED
13:26:28 INFO  Test outcome reason: Test execution disabled due to #1088
13:26:28 INFO  
</system-out>
	</testcase>
</testsuite><testsuite name="tedge_mapper_c8y_packet_threshold_size" tests="1" errors="0" failures="0" skipped="0" time="0"><testcase classname="TedgeMapperC8yThresholdPacketSize" name="tedge_mapper_c8y_packet_threshold_size" />
</testsuite><testsuite name="tedge_software_update" tests="1" errors="0" failures="0" skipped="0" time="0"><testcase classname="PySysTest" name="tedge_software_update" />
</testsuite><testsuite name="valid_device_id" tests="1" errors="0" failures="0" skipped="0" time="0"><testcase classname="ValidateValidDeviceId" name="valid_device_id" />
</testsuite></testsuites>