<?xml version='1.0' encoding='utf-8'?>
<testsuites tests="149" failures="20" errors="0" skipped="49" time="0.0"><testsuite name="SoftwareManagement.Plugin.apama_plugin_install" tests="3" errors="0" failures="0" skipped="1" time="0"><testcase classname="ApamaPluginInstallTest" name="SoftwareManagement.Plugin.apama_plugin_install">
		<skipped message="SKIPPED: Apama plugin tests are disabled by default. Execute `pysys run` with `-XmyPlatform=container` to run these tests" />
		<system-out>13:39:01 INFO  ==============================================================
13:39:01 INFO  Id:    SoftwareManagement.Plugin.apama_plugin_install
13:39:01 INFO  Dir:   plugin_apama/
13:39:01 INFO  Title: Validate apama plugin install
13:39:01 INFO  ==============================================================
13:39:01 INFO  Apama plugin tests are disabled by default. Execute `pysys run` with `-XmyPlatform=container` to run these tests ... skipped
13:39:01 WARN  Aborted test due to SKIPPED outcome
13:39:01 INFO  
13:39:01 INFO  Test duration: 0.05 secs
13:39:01 INFO  Test final outcome:  SKIPPED
13:39:01 INFO  Test outcome reason: Apama plugin tests are disabled by default. Execute `pysys run` with `-XmyPlatform=container` to run these tests
13:39:01 INFO  
</system-out>
	</testcase>
<testcase classname="ApamaPluginInstallTest" name="SoftwareManagement.Plugin.apama_plugin_install" />
<testcase classname="ApamaPluginInstallTest" name="SoftwareManagement.Plugin.apama_plugin_install" />
</testsuite><testsuite name="SoftwareManagement.Plugin.apama_plugin_mon_support" tests="3" errors="0" failures="0" skipped="1" time="0"><testcase classname="ApamaPluginMonSupportTest" name="SoftwareManagement.Plugin.apama_plugin_mon_support">
		<skipped message="SKIPPED: Apama plugin tests are disabled by default. Execute `pysys run` with `-XmyPlatform=container` to run these tests" />
		<system-out>13:39:01 INFO  ==============================================================
13:39:01 INFO  Id:    SoftwareManagement.Plugin.apama_plugin_mon_support
13:39:01 INFO  Dir:   plugin_apama/
13:39:01 INFO  Title: Validate mon file support of apama plugin
13:39:01 INFO  ==============================================================
13:39:01 INFO  Apama plugin tests are disabled by default. Execute `pysys run` with `-XmyPlatform=container` to run these tests ... skipped
13:39:01 WARN  Aborted test due to SKIPPED outcome
13:39:01 INFO  
13:39:01 INFO  Test duration: 0.02 secs
13:39:01 INFO  Test final outcome:  SKIPPED
13:39:01 INFO  Test outcome reason: Apama plugin tests are disabled by default. Execute `pysys run` with `-XmyPlatform=container` to run these tests
13:39:01 INFO  
</system-out>
	</testcase>
<testcase classname="ApamaPluginMonSupportTest" name="SoftwareManagement.Plugin.apama_plugin_mon_support" />
<testcase classname="ApamaPluginMonSupportTest" name="SoftwareManagement.Plugin.apama_plugin_mon_support" />
</testsuite><testsuite name="SoftwareManagement.Plugin.apama_plugin_remove" tests="3" errors="0" failures="0" skipped="1" time="0"><testcase classname="ApamaPluginRemoveTest" name="SoftwareManagement.Plugin.apama_plugin_remove">
		<skipped message="SKIPPED: Apama plugin tests are disabled by default. Execute `pysys run` with `-XmyPlatform=container` to run these tests" />
		<system-out>13:39:01 INFO  ==============================================================
13:39:01 INFO  Id:    SoftwareManagement.Plugin.apama_plugin_remove
13:39:01 INFO  Dir:   plugin_apama/
13:39:01 INFO  Title: Validate apama plugin remove
13:39:01 INFO  ==============================================================
13:39:01 INFO  Apama plugin tests are disabled by default. Execute `pysys run` with `-XmyPlatform=container` to run these tests ... skipped
13:39:01 WARN  Aborted test due to SKIPPED outcome
13:39:01 INFO  
13:39:01 INFO  Test duration: 0.05 secs
13:39:01 INFO  Test final outcome:  SKIPPED
13:39:01 INFO  Test outcome reason: Apama plugin tests are disabled by default. Execute `pysys run` with `-XmyPlatform=container` to run these tests
13:39:01 INFO  
</system-out>
	</testcase>
<testcase classname="ApamaPluginRemoveTest" name="SoftwareManagement.Plugin.apama_plugin_remove" />
<testcase classname="ApamaPluginRemoveTest" name="SoftwareManagement.Plugin.apama_plugin_remove" />
</testsuite><testsuite name="SoftwareManagement.Plugin.apama_plugin_update" tests="3" errors="0" failures="2" skipped="1" time="0"><testcase classname="ApamaPluginUpdateTest" name="SoftwareManagement.Plugin.apama_plugin_update">
		<skipped message="SKIPPED: Apama plugin tests are disabled by default. Execute `pysys run` with `-XmyPlatform=container` to run these tests" />
		<system-out>13:39:01 INFO  ==============================================================
13:39:01 INFO  Id:    SoftwareManagement.Plugin.apama_plugin_update
13:39:01 INFO  Dir:   plugin_apama/
13:39:01 INFO  Title: Validate apama plugin updating one project with another
13:39:01 INFO  ==============================================================
13:39:01 INFO  Apama plugin tests are disabled by default. Execute `pysys run` with `-XmyPlatform=container` to run these tests ... skipped
13:39:01 WARN  Aborted test due to SKIPPED outcome
13:39:01 INFO  
13:39:01 INFO  Test duration: 0.02 secs
13:39:01 INFO  Test final outcome:  SKIPPED
13:39:01 INFO  Test outcome reason: Apama plugin tests are disabled by default. Execute `pysys run` with `-XmyPlatform=container` to run these tests
13:39:01 INFO  
</system-out>
	</testcase>
<testcase classname="ApamaPluginUpdateTest" name="SoftwareManagement.Plugin.apama_plugin_update">
		<failure message="BLOCKED: sudo&lt;plugin_install&gt; returned non-zero exit code 2" type="BLOCKED" />
		<system-out>14:32:55 INFO  ==============================================================
14:32:55 INFO  Id:    SoftwareManagement.Plugin.apama_plugin_update
14:32:55 INFO  Dir:   plugin_apama/
14:32:55 INFO  Title: Validate apama plugin updating one project with another
14:32:55 INFO  ==============================================================
14:32:55 INFO  Assertion that path exists=False for "/etc/tedge/apama/project" ... passed
14:32:55 INFO  Executed sudo&lt;create_project_dir&gt;, exit status 0
14:32:56 INFO  Executed sudo&lt;unzip_apama_project&gt;, exit status 0
14:32:56 INFO  Executed sudo&lt;move_apama_project&gt;, exit status 0
14:32:57 INFO  Executed sudo&lt;restart_apama_service&gt;, exit status 0
14:32:58 INFO  Executed sudo&lt;apama_correlator_wait&gt;, exit status 0
14:32:58 INFO  Assertion that path exists=True for "/etc/tedge/apama/project" ... passed
14:32:59 INFO  Executed sudo&lt;apama_list_monitors&gt;, exit status 0
14:32:59 INFO  Grep on file /home/pi/actions-runner/_work/thin-edge.io/thin-edge.io/tests/PySys/plugin_apama/apama_plugin_update/Output/linux/apama_list_monitors.out ... passed
14:32:59 WARN  Executed sudo&lt;plugin_install&gt;, exit status 2
14:32:59 INFO  Contents of plugin_install.err: 
  ERROR: Directory not empty (os error 39)
  -----

14:33:00 WARN  sudo&lt;plugin_install&gt; returned non-zero exit code 2 ... blocked [run.py:35]
14:33:00 WARN  Aborted test due to BLOCKED outcome
14:33:00 INFO  
14:33:00 INFO  cleanup:
14:33:00 INFO  Removing apama project
14:33:18 INFO  Executed sudo&lt;stop_apama_service&gt;, exit status 0, duration 18 secs
14:33:19 INFO  Executed sudo&lt;remove_apama_project&gt;, exit status 0
14:33:20 INFO  Executed sudo&lt;remove_apama_tmp_dir&gt;, exit status 0
14:33:20 INFO  
14:33:20 INFO  Test duration: 24.84 secs
14:33:20 INFO  Test final outcome:  BLOCKED
14:33:20 INFO  Test outcome reason: sudo&lt;plugin_install&gt; returned non-zero exit code 2
14:33:20 INFO  
</system-out>
	</testcase>
<testcase classname="ApamaPluginUpdateTest" name="SoftwareManagement.Plugin.apama_plugin_update">
		<failure message="BLOCKED: sudo&lt;plugin_install&gt; returned non-zero exit code 2" type="BLOCKED" />
		<system-out>14:37:07 INFO  ==============================================================
14:37:07 INFO  Id:    SoftwareManagement.Plugin.apama_plugin_update
14:37:07 INFO  Dir:   plugin_apama/
14:37:07 INFO  Title: Validate apama plugin updating one project with another
14:37:07 INFO  ==============================================================
14:37:07 INFO  Assertion that path exists=False for "/etc/tedge/apama/project" ... passed
14:37:07 INFO  Executed sudo&lt;create_project_dir&gt;, exit status 0
14:37:08 INFO  Executed sudo&lt;unzip_apama_project&gt;, exit status 0
14:37:08 INFO  Executed sudo&lt;move_apama_project&gt;, exit status 0
14:37:09 INFO  Executed sudo&lt;restart_apama_service&gt;, exit status 0
14:37:10 INFO  Executed sudo&lt;apama_correlator_wait&gt;, exit status 0
14:37:10 INFO  Assertion that path exists=True for "/etc/tedge/apama/project" ... passed
14:37:10 INFO  Executed sudo&lt;apama_list_monitors&gt;, exit status 0
14:37:10 INFO  Grep on file /home/pi/actions-runner/_work/thin-edge.io/thin-edge.io/tests/PySys/plugin_apama/apama_plugin_update/Output/linux/apama_list_monitors.out ... passed
14:37:11 WARN  Executed sudo&lt;plugin_install&gt;, exit status 2
14:37:11 INFO  Contents of plugin_install.err: 
  ERROR: Directory not empty (os error 39)
  -----

14:37:11 WARN  sudo&lt;plugin_install&gt; returned non-zero exit code 2 ... blocked [run.py:35]
14:37:11 WARN  Aborted test due to BLOCKED outcome
14:37:11 INFO  
14:37:11 INFO  cleanup:
14:37:11 INFO  Removing apama project
14:37:29 INFO  Executed sudo&lt;stop_apama_service&gt;, exit status 0, duration 17 secs
14:37:29 INFO  Executed sudo&lt;remove_apama_project&gt;, exit status 0
14:37:30 INFO  Executed sudo&lt;remove_apama_tmp_dir&gt;, exit status 0
14:37:30 INFO  
14:37:30 INFO  Test duration: 23.20 secs
14:37:30 INFO  Test final outcome:  BLOCKED
14:37:30 INFO  Test outcome reason: sudo&lt;plugin_install&gt; returned non-zero exit code 2
14:37:30 INFO  
</system-out>
	</testcase>
</testsuite><testsuite name="SoftwareManagement.sm_apt_install_download_path" tests="3" errors="0" failures="2" skipped="1" time="0"><testcase classname="AptInstallWithDownloadPath" name="SoftwareManagement.sm_apt_install_download_path">
		<skipped message="SKIPPED: Testing the apt plugin is not supported on this platform.Use parameter -XmyPlatform='container' to enable it" />
		<system-out>13:48:48 INFO  ==============================================================
13:48:48 INFO  Id:    SoftwareManagement.sm_apt_install_download_path
13:48:48 INFO  Dir:   software_management_end_to_end/
13:48:48 INFO  Title: Install package to directory specified in tedge config set tmp.path
13:48:48 INFO  ==============================================================
13:48:48 INFO  Testing the apt plugin is not supported on this platform.Use parameter -XmyPlatform='container' to enable it ... skipped
13:48:48 WARN  Aborted test due to SKIPPED outcome
13:48:48 INFO  
13:48:48 INFO  Test duration: 0.06 secs
13:48:48 INFO  Test final outcome:  SKIPPED
13:48:48 INFO  Test outcome reason: Testing the apt plugin is not supported on this platform.Use parameter -XmyPlatform='container' to enable it
13:48:48 INFO  
</system-out>
	</testcase>
<testcase classname="AptInstallWithDownloadPath" name="SoftwareManagement.sm_apt_install_download_path">
		<failure message="BLOCKED: AssertionError:" type="BLOCKED" />
		<system-out>14:14:07 INFO  ==============================================================
14:14:07 INFO  Id:    SoftwareManagement.sm_apt_install_download_path
14:14:07 INFO  Dir:   software_management_end_to_end/
14:14:07 INFO  Title: Install package to directory specified in tedge config set tmp.path
14:14:07 INFO  ==============================================================
14:14:07 INFO  Using sw id database: {'asciijump': '5475369', 'robotfindskitten': '5474869', 'squirrel3': '5475279', 'rolldice': '5152439', 'moon-buggy': '5439204', 'apple': '5495053', 'banana': '5494888', 'cherry': '5495382', 'watermelon': '5494510', 'registry': '8018911', 'hello-world': '8021526', 'docker/getting-started': '8021973', 'alpine': '7991792'}
14:14:07 INFO  EnvironmentC8y Setup
14:14:08 INFO  Executed systemctl&lt;serv_mapper1&gt;, exit status 3
14:14:22 INFO  Executed sudo&lt;tedge_connect_c8y&gt;, exit status 0, duration 14 secs
14:14:24 INFO  Executed sudo&lt;tedge_connect_c8y_test&gt;, exit status 0
14:14:25 INFO  Executed systemctl&lt;serv_mosq2&gt;, exit status 0
14:14:26 INFO  Executed systemctl&lt;serv_mapper3&gt;, exit status 0
14:14:28 INFO  State of current operation: SUCCESSFUL
14:14:28 INFO  Assert that (False == value) with value=False ... passed
14:14:29 INFO  Executed sudo, exit status 0
14:14:29 INFO  Executed sudo, exit status 0
14:14:30 INFO  Executed sudo, exit status 0
14:14:34 INFO  Executed sudo&lt;tedge_disconnect_c8y&gt;, exit status 0
14:14:34 INFO  Restarting mosquitto too frequently in the last 10 seconds. It was only up for 3 seconds
14:14:34 INFO  Delaying execution by 8 seconds
14:14:56 INFO  Executed sudo&lt;tedge_connect_c8y&gt;, exit status 0, duration 14 secs
14:14:56 INFO  Response status: 201
14:14:56 INFO  Response to action: {
    "creationTime": "2022-04-21T14:14:56.914Z",
    "deviceName": "mythicb",
    "deviceId": "17564065",
    "self": "https://t493319102.eu-latest.cumulocity.com/devicecontrol/operations/17583770",
    "id": "17583770",
    "status": "PENDING",
    "description": "Apply software changes, triggered from PySys: [{'name': 'rolldice', 'id': '5152439', 'version': '::apt', 'url': 'https://thin-edge-io.eu-latest.cumulocity.com/inventory/binaries/12435463', 'action': 'install'}]",
    "c8y_SoftwareUpdate": [
        {
            "name": "rolldice",
            "action": "install",
            "id": "5152439",
            "version": "::apt",
            "url": "https://thin-edge-io.eu-latest.cumulocity.com/inventory/binaries/12435463"
        }
    ]
}
14:14:56 INFO  Started operation: {'creationTime': '2022-04-21T14:14:56.914Z', 'deviceName': 'mythicb', 'deviceId': '17564065', 'self': 'https://t493319102.eu-latest.cumulocity.com/devicecontrol/operations/17583770', 'id': '17583770', 'status': 'PENDING', 'description': "Apply software changes, triggered from PySys: [{'name': 'rolldice', 'id': '5152439', 'version': '::apt', 'url': 'https://thin-edge-io.eu-latest.cumulocity.com/inventory/binaries/12435463', 'action': 'install'}]", 'c8y_SoftwareUpdate': [{'name': 'rolldice', 'action': 'install', 'id': '5152439', 'version': '::apt', 'url': 'https://thin-edge-io.eu-latest.cumulocity.com/inventory/binaries/12435463'}]}
14:14:56 WARN  , retrying in 0.5 seconds...
14:14:57 WARN  , retrying in 0.5 seconds...
14:14:58 WARN  , retrying in 0.5 seconds...
14:14:58 WARN  , retrying in 0.5 seconds...
14:14:59 WARN  , retrying in 0.5 seconds...
14:14:59 WARN  , retrying in 0.5 seconds...
14:15:00 WARN  , retrying in 0.5 seconds...
14:15:00 WARN  , retrying in 0.5 seconds...
14:15:01 WARN  , retrying in 0.5 seconds...
14:15:01 WARN  AssertionError occurred while running test - 
Traceback (most recent call last):
  File "/home/pi/env-pysys/lib/python3.7/site-packages/pysys/baserunner.py", line 1294, in __call__
    self.testObj.execute()
  File "/home/pi/actions-runner/_work/thin-edge.io/thin-edge.io/tests/PySys/software_management_end_to_end/sm_apt_install_download_path/run.py", line 83, in execute
    assert_install_in_download_path(install_directory=self.DOWNLOAD_DIR)
  File "/home/pi/env-pysys/lib/python3.7/site-packages/decorator.py", line 232, in fun
    return caller(func, *(extras + args), **kw)
  File "/home/pi/env-pysys/lib/python3.7/site-packages/retry/api.py", line 74, in retry_decorator
    logger)
  File "/home/pi/env-pysys/lib/python3.7/site-packages/retry/api.py", line 33, in __retry_internal
    return f()
  File "/home/pi/actions-runner/_work/thin-edge.io/thin-edge.io/tests/PySys/software_management_end_to_end/sm_apt_install_download_path/run.py", line 28, in assert_install_in_download_path
    assert "rolldice" in os.listdir(f"{install_directory}")
AssertionError
14:15:02 WARN  AssertionError: ... blocked 
14:15:02 INFO  
14:15:02 INFO  cleanup:
14:15:02 INFO  Executed sudo, exit status 0
14:15:03 INFO  Executed sudo, exit status 0
14:15:07 INFO  Executed sudo&lt;tedge_disconnect_c8y&gt;, exit status 0
14:15:08 INFO  Restarting mosquitto too frequently in the last 10 seconds. It was only up for 4 seconds
14:15:08 INFO  Delaying execution by 7 seconds
14:15:29 INFO  Executed sudo&lt;tedge_connect_c8y&gt;, exit status 0, duration 14 secs
14:15:33 INFO  Executed sudo&lt;tedge_disconnect_c8y&gt;, exit status 0
14:15:34 INFO  Executed systemctl&lt;serv_mapper5&gt;, exit status 3
14:15:34 INFO  
14:15:34 INFO  Test duration: 87.17 secs
14:15:34 INFO  Test final outcome:  BLOCKED
14:15:34 INFO  Test outcome reason: AssertionError:
14:15:34 INFO  
</system-out>
	</testcase>
<testcase classname="AptInstallWithDownloadPath" name="SoftwareManagement.sm_apt_install_download_path">
		<failure message="BLOCKED: AssertionError:" type="BLOCKED" />
		<system-out>14:37:30 INFO  ==============================================================
14:37:30 INFO  Id:    SoftwareManagement.sm_apt_install_download_path
14:37:30 INFO  Dir:   software_management_end_to_end/
14:37:30 INFO  Title: Install package to directory specified in tedge config set tmp.path
14:37:30 INFO  ==============================================================
14:37:31 INFO  Using sw id database: {'asciijump': '5475369', 'robotfindskitten': '5474869', 'squirrel3': '5475279', 'rolldice': '5152439', 'moon-buggy': '5439204', 'apple': '5495053', 'banana': '5494888', 'cherry': '5495382', 'watermelon': '5494510', 'registry': '8018911', 'hello-world': '8021526', 'docker/getting-started': '8021973', 'alpine': '7991792'}
14:37:31 INFO  EnvironmentC8y Setup
14:37:32 INFO  Executed systemctl&lt;serv_mapper1&gt;, exit status 3
14:37:47 INFO  Executed sudo&lt;tedge_connect_c8y&gt;, exit status 0, duration 14 secs
14:37:47 INFO  Executed sudo&lt;tedge_connect_c8y_test&gt;, exit status 0
14:37:48 INFO  Executed systemctl&lt;serv_mosq2&gt;, exit status 0
14:37:48 INFO  Executed systemctl&lt;serv_mapper3&gt;, exit status 0
14:37:50 INFO  State of current operation: FAILED
14:37:51 INFO  Assert that (False == value) with value=False ... passed
14:37:51 INFO  Executed sudo, exit status 0
14:37:52 INFO  Executed sudo, exit status 0
14:37:52 INFO  Executed sudo, exit status 0
14:37:57 INFO  Executed sudo&lt;tedge_disconnect_c8y&gt;, exit status 0
14:37:57 INFO  Restarting mosquitto too frequently in the last 10 seconds. It was only up for 4 seconds
14:37:57 INFO  Delaying execution by 7 seconds
14:38:18 INFO  Executed sudo&lt;tedge_connect_c8y&gt;, exit status 0, duration 14 secs
14:38:18 INFO  Response status: 201
14:38:18 INFO  Response to action: {
    "creationTime": "2022-04-21T14:38:18.494Z",
    "deviceName": "mythicb",
    "deviceId": "17564065",
    "self": "https://t493319102.eu-latest.cumulocity.com/devicecontrol/operations/17588774",
    "id": "17588774",
    "status": "PENDING",
    "description": "Apply software changes, triggered from PySys: [{'name': 'rolldice', 'id': '5152439', 'version': '::apt', 'url': 'https://thin-edge-io.eu-latest.cumulocity.com/inventory/binaries/12435463', 'action': 'install'}]",
    "c8y_SoftwareUpdate": [
        {
            "name": "rolldice",
            "action": "install",
            "id": "5152439",
            "version": "::apt",
            "url": "https://thin-edge-io.eu-latest.cumulocity.com/inventory/binaries/12435463"
        }
    ]
}
14:38:18 INFO  Started operation: {'creationTime': '2022-04-21T14:38:18.494Z', 'deviceName': 'mythicb', 'deviceId': '17564065', 'self': 'https://t493319102.eu-latest.cumulocity.com/devicecontrol/operations/17588774', 'id': '17588774', 'status': 'PENDING', 'description': "Apply software changes, triggered from PySys: [{'name': 'rolldice', 'id': '5152439', 'version': '::apt', 'url': 'https://thin-edge-io.eu-latest.cumulocity.com/inventory/binaries/12435463', 'action': 'install'}]", 'c8y_SoftwareUpdate': [{'name': 'rolldice', 'action': 'install', 'id': '5152439', 'version': '::apt', 'url': 'https://thin-edge-io.eu-latest.cumulocity.com/inventory/binaries/12435463'}]}
14:38:18 WARN  , retrying in 0.5 seconds...
14:38:19 WARN  , retrying in 0.5 seconds...
14:38:19 WARN  , retrying in 0.5 seconds...
14:38:20 WARN  , retrying in 0.5 seconds...
14:38:20 WARN  , retrying in 0.5 seconds...
14:38:21 WARN  , retrying in 0.5 seconds...
14:38:21 WARN  , retrying in 0.5 seconds...
14:38:22 WARN  , retrying in 0.5 seconds...
14:38:22 WARN  , retrying in 0.5 seconds...
14:38:23 WARN  AssertionError occurred while running test - 
Traceback (most recent call last):
  File "/home/pi/env-pysys/lib/python3.7/site-packages/pysys/baserunner.py", line 1294, in __call__
    self.testObj.execute()
  File "/home/pi/actions-runner/_work/thin-edge.io/thin-edge.io/tests/PySys/software_management_end_to_end/sm_apt_install_download_path/run.py", line 83, in execute
    assert_install_in_download_path(install_directory=self.DOWNLOAD_DIR)
  File "/home/pi/env-pysys/lib/python3.7/site-packages/decorator.py", line 232, in fun
    return caller(func, *(extras + args), **kw)
  File "/home/pi/env-pysys/lib/python3.7/site-packages/retry/api.py", line 74, in retry_decorator
    logger)
  File "/home/pi/env-pysys/lib/python3.7/site-packages/retry/api.py", line 33, in __retry_internal
    return f()
  File "/home/pi/actions-runner/_work/thin-edge.io/thin-edge.io/tests/PySys/software_management_end_to_end/sm_apt_install_download_path/run.py", line 28, in assert_install_in_download_path
    assert "rolldice" in os.listdir(f"{install_directory}")
AssertionError
14:38:23 WARN  AssertionError: ... blocked 
14:38:23 INFO  
14:38:23 INFO  cleanup:
14:38:23 INFO  Executed sudo, exit status 0
14:38:24 INFO  Executed sudo, exit status 0
14:38:30 INFO  Executed sudo&lt;tedge_disconnect_c8y&gt;, exit status 0
14:38:30 INFO  Restarting mosquitto too frequently in the last 10 seconds. It was only up for 5 seconds
14:38:30 INFO  Delaying execution by 6 seconds
14:38:50 INFO  Executed sudo&lt;tedge_connect_c8y&gt;, exit status 0, duration 14 secs
14:38:55 INFO  Executed sudo&lt;tedge_disconnect_c8y&gt;, exit status 0
14:38:55 INFO  Executed systemctl&lt;serv_mapper5&gt;, exit status 3
14:38:55 INFO  
14:38:55 INFO  Test duration: 85.68 secs
14:38:55 INFO  Test final outcome:  BLOCKED
14:38:55 INFO  Test outcome reason: AssertionError:
14:38:55 INFO  
</system-out>
	</testcase>
</testsuite><testsuite name="SoftwareManagement.sm_apt_install_fail" tests="3" errors="0" failures="0" skipped="1" time="0"><testcase classname="PySysTest" name="SoftwareManagement.sm_apt_install_fail">
		<skipped message="SKIPPED: Testing the apt plugin is not supported on this platform.Use parameter -XmyPlatform='container' to enable it" />
		<system-out>13:48:48 INFO  ==============================================================
13:48:48 INFO  Id:    SoftwareManagement.sm_apt_install_fail
13:48:48 INFO  Dir:   software_management_end_to_end/
13:48:48 INFO  Title: Validate end to end behaviour for a failing installation
13:48:48 INFO  ==============================================================
13:48:48 INFO  Testing the apt plugin is not supported on this platform.Use parameter -XmyPlatform='container' to enable it ... skipped
13:48:48 WARN  Aborted test due to SKIPPED outcome
13:48:48 INFO  
13:48:48 INFO  Test duration: 0.02 secs
13:48:48 INFO  Test final outcome:  SKIPPED
13:48:48 INFO  Test outcome reason: Testing the apt plugin is not supported on this platform.Use parameter -XmyPlatform='container' to enable it
13:48:48 INFO  
</system-out>
	</testcase>
<testcase classname="PySysTest" name="SoftwareManagement.sm_apt_install_fail" />
<testcase classname="PySysTest" name="SoftwareManagement.sm_apt_install_fail" />
</testsuite><testsuite name="SoftwareManagement.sm_apt_install_remove" tests="3" errors="0" failures="0" skipped="1" time="0"><testcase classname="PySysTest" name="SoftwareManagement.sm_apt_install_remove">
		<skipped message="SKIPPED: Testing the apt plugin is not supported on this platform.Use parameter -XmyPlatform='container' to enable it" />
		<system-out>13:48:48 INFO  ==============================================================
13:48:48 INFO  Id:    SoftwareManagement.sm_apt_install_remove
13:48:48 INFO  Dir:   software_management_end_to_end/
13:48:48 INFO  Title: Validate end to end behaviour for the apt plugin for installation and removal of packages
13:48:48 INFO  ==============================================================
13:48:48 INFO  Testing the apt plugin is not supported on this platform.Use parameter -XmyPlatform='container' to enable it ... skipped
13:48:48 WARN  Aborted test due to SKIPPED outcome
13:48:48 INFO  
13:48:48 INFO  Test duration: 0.02 secs
13:48:48 INFO  Test final outcome:  SKIPPED
13:48:48 INFO  Test outcome reason: Testing the apt plugin is not supported on this platform.Use parameter -XmyPlatform='container' to enable it
13:48:48 INFO  
</system-out>
	</testcase>
<testcase classname="PySysTest" name="SoftwareManagement.sm_apt_install_remove" />
<testcase classname="PySysTest" name="SoftwareManagement.sm_apt_install_remove" />
</testsuite><testsuite name="SoftwareManagement.sm_apt_install_remove_default" tests="3" errors="0" failures="0" skipped="1" time="0"><testcase classname="PySysTest" name="SoftwareManagement.sm_apt_install_remove_default">
		<skipped message="SKIPPED: Testing the apt plugin is not supported on this platform.Use parameter -XmyPlatform='container' to enable it" />
		<system-out>13:48:48 INFO  ==============================================================
13:48:48 INFO  Id:    SoftwareManagement.sm_apt_install_remove_default
13:48:48 INFO  Dir:   software_management_end_to_end/
13:48:48 INFO  Title: Validate end to end behaviour for the default plugin for installation and removal of packages
13:48:48 INFO  ==============================================================
13:48:48 INFO  Testing the apt plugin is not supported on this platform.Use parameter -XmyPlatform='container' to enable it ... skipped
13:48:48 WARN  Aborted test due to SKIPPED outcome
13:48:48 INFO  
13:48:48 INFO  Test duration: 0.02 secs
13:48:48 INFO  Test final outcome:  SKIPPED
13:48:48 INFO  Test outcome reason: Testing the apt plugin is not supported on this platform.Use parameter -XmyPlatform='container' to enable it
13:48:48 INFO  
</system-out>
	</testcase>
<testcase classname="PySysTest" name="SoftwareManagement.sm_apt_install_remove_default" />
<testcase classname="PySysTest" name="SoftwareManagement.sm_apt_install_remove_default" />
</testsuite><testsuite name="SoftwareManagement.sm_apt_install_remove_multiple" tests="3" errors="0" failures="2" skipped="1" time="0"><testcase classname="PySysTest" name="SoftwareManagement.sm_apt_install_remove_multiple">
		<skipped message="SKIPPED: Testing the apt plugin is not supported on this platform.Use parameter -XmyPlatform='container' to enable it" />
		<system-out>13:48:48 INFO  ==============================================================
13:48:48 INFO  Id:    SoftwareManagement.sm_apt_install_remove_multiple
13:48:48 INFO  Dir:   software_management_end_to_end/
13:48:48 INFO  Title: Validate end to end behaviour for the apt plugin for multiple packages
13:48:48 INFO  ==============================================================
13:48:48 INFO  Testing the apt plugin is not supported on this platform.Use parameter -XmyPlatform='container' to enable it ... skipped
13:48:48 WARN  Aborted test due to SKIPPED outcome
13:48:48 INFO  
13:48:48 INFO  Test duration: 0.02 secs
13:48:48 INFO  Test final outcome:  SKIPPED
13:48:48 INFO  Test outcome reason: Testing the apt plugin is not supported on this platform.Use parameter -XmyPlatform='container' to enable it
13:48:48 INFO  
</system-out>
	</testcase>
<testcase classname="PySysTest" name="SoftwareManagement.sm_apt_install_remove_multiple">
		<failure message="FAILED: Assert that (False == value) with value=True" type="FAILED" />
		<system-out>14:22:39 INFO  ==============================================================
14:22:39 INFO  Id:    SoftwareManagement.sm_apt_install_remove_multiple
14:22:39 INFO  Dir:   software_management_end_to_end/
14:22:39 INFO  Title: Validate end to end behaviour for the apt plugin for multiple packages
14:22:39 INFO  ==============================================================
14:22:39 INFO  Using sw id database: {'asciijump': '5475369', 'robotfindskitten': '5474869', 'squirrel3': '5475279', 'rolldice': '5152439', 'moon-buggy': '5439204', 'apple': '5495053', 'banana': '5494888', 'cherry': '5495382', 'watermelon': '5494510', 'registry': '8018911', 'hello-world': '8021526', 'docker/getting-started': '8021973', 'alpine': '7991792'}
14:22:39 INFO  EnvironmentC8y Setup
14:22:40 INFO  Executed systemctl&lt;serv_mapper1&gt;, exit status 3
14:22:40 INFO  Restarting mosquitto too frequently in the last 10 seconds. It was only up for 5 seconds
14:22:40 INFO  Delaying execution by 6 seconds
14:23:00 INFO  Executed sudo&lt;tedge_connect_c8y&gt;, exit status 0, duration 14 secs
14:23:01 INFO  Executed sudo&lt;tedge_connect_c8y_test&gt;, exit status 0
14:23:02 INFO  Executed systemctl&lt;serv_mosq2&gt;, exit status 0
14:23:02 INFO  Executed systemctl&lt;serv_mapper3&gt;, exit status 0
14:23:04 INFO  State of current operation: SUCCESSFUL
14:23:05 INFO  Assert that (False == value) with value=False ... passed
14:23:05 INFO  Assert that (False == value) with value=False ... passed
14:23:05 INFO  Assert that (False == value) with value=False ... passed
14:23:05 INFO  Package robotfindskitten is installed
14:23:05 WARN  Assert that (False == value) with value=True ... failed 
14:23:05 INFO  Response status: 201
14:23:05 INFO  Response to action: {
    "creationTime": "2022-04-21T14:23:05.923Z",
    "deviceName": "mythicb",
    "deviceId": "17564065",
    "self": "https://t493319102.eu-latest.cumulocity.com/devicecontrol/operations/17588674",
    "id": "17588674",
    "status": "PENDING",
    "description": "Apply software changes, triggered from PySys: [{'action': 'install', 'id': '5475369', 'name': 'asciijump', 'url': ' ', 'version': '::apt'}, {'action': 'install', 'id': '5474869', 'name': 'robotfindskitten', 'url': ' ', 'version': '::apt'}, {'action': 'install', 'id': '5475279', 'name': 'squirrel3', 'url': ' ', 'version': '::apt'}]",
    "c8y_SoftwareUpdate": [
        {
            "name": "asciijump",
            "action": "install",
            "id": "5475369",
            "version": "::apt",
            "url": " "
        },
        {
            "name": "robotfindskitten",
            "action": "install",
            "id": "5474869",
            "version": "::apt",
            "url": " "
        },
        {
            "name": "squirrel3",
            "action": "install",
            "id": "5475279",
            "version": "::apt",
            "url": " "
        }
    ]
}
14:23:05 INFO  Started operation: {'creationTime': '2022-04-21T14:23:05.923Z', 'deviceName': 'mythicb', 'deviceId': '17564065', 'self': 'https://t493319102.eu-latest.cumulocity.com/devicecontrol/operations/17588674', 'id': '17588674', 'status': 'PENDING', 'description': "Apply software changes, triggered from PySys: [{'action': 'install', 'id': '5475369', 'name': 'asciijump', 'url': ' ', 'version': '::apt'}, {'action': 'install', 'id': '5474869', 'name': 'robotfindskitten', 'url': ' ', 'version': '::apt'}, {'action': 'install', 'id': '5475279', 'name': 'squirrel3', 'url': ' ', 'version': '::apt'}]", 'c8y_SoftwareUpdate': [{'name': 'asciijump', 'action': 'install', 'id': '5475369', 'version': '::apt', 'url': ' '}, {'name': 'robotfindskitten', 'action': 'install', 'id': '5474869', 'version': '::apt', 'url': ' '}, {'name': 'squirrel3', 'action': 'install', 'id': '5475279', 'version': '::apt', 'url': ' '}]}
14:23:08 INFO  State of operation 17588674 : PENDING
14:23:10 INFO  State of operation 17588674 : EXECUTING
14:23:12 INFO  State of operation 17588674 : EXECUTING
14:23:14 INFO  State of operation 17588674 : EXECUTING
14:23:17 INFO  State of operation 17588674 : EXECUTING
14:23:19 INFO  State of operation 17588674 : EXECUTING
14:23:22 INFO  State of operation 17588674 : EXECUTING
14:23:25 INFO  State of operation 17588674 : EXECUTING
14:23:28 INFO  State of operation 17588674 : EXECUTING
14:23:30 INFO  State of operation 17588674 : EXECUTING
14:23:32 INFO  State of operation 17588674 : EXECUTING
14:23:34 INFO  State of operation 17588674 : EXECUTING
14:23:37 INFO  State of operation 17588674 : EXECUTING
14:23:39 INFO  State of operation 17588674 : EXECUTING
14:23:41 INFO  State of operation 17588674 : EXECUTING
14:23:43 INFO  State of operation 17588674 : EXECUTING
14:23:46 INFO  State of operation 17588674 : EXECUTING
14:23:48 INFO  State of operation 17588674 : EXECUTING
14:23:52 INFO  State of operation 17588674 : EXECUTING
14:23:54 INFO  State of operation 17588674 : EXECUTING
14:23:56 INFO  State of operation 17588674 : EXECUTING
14:23:58 INFO  State of operation 17588674 : EXECUTING
14:24:01 INFO  State of operation 17588674 : EXECUTING
14:24:03 INFO  State of operation 17588674 : EXECUTING
14:24:06 INFO  State of operation 17588674 : EXECUTING
14:24:08 INFO  State of operation 17588674 : EXECUTING
14:24:11 INFO  State of operation 17588674 : EXECUTING
14:24:14 INFO  State of operation 17588674 : EXECUTING
14:24:16 INFO  State of operation 17588674 : EXECUTING
14:24:18 INFO  State of operation 17588674 : EXECUTING
14:24:21 INFO  State of operation 17588674 : EXECUTING
14:24:23 INFO  State of operation 17588674 : EXECUTING
14:24:25 INFO  State of operation 17588674 : EXECUTING
14:24:27 INFO  State of operation 17588674 : EXECUTING
14:24:30 INFO  State of operation 17588674 : SUCCESSFUL
14:24:30 INFO  Assert that (False == value) with value=False ... passed
14:24:30 INFO  Package asciijump is installed
14:24:30 INFO  Assert that (True == value) with value=True ... passed
14:24:30 INFO  Package squirrel3 is installed
14:24:30 INFO  Assert that (True == value) with value=True ... passed
14:24:30 INFO  Package robotfindskitten is installed
14:24:30 INFO  Assert that (True == value) with value=True ... passed
14:24:31 INFO  Response status: 201
14:24:31 INFO  Response to action: {
    "creationTime": "2022-04-21T14:24:31.147Z",
    "deviceName": "mythicb",
    "deviceId": "17564065",
    "self": "https://t493319102.eu-latest.cumulocity.com/devicecontrol/operations/17588682",
    "id": "17588682",
    "status": "PENDING",
    "description": "Apply software changes, triggered from PySys: [{'action': 'delete', 'id': '5475369', 'name': 'asciijump', 'url': ' ', 'version': '::apt'}, {'action': 'delete', 'id': '5474869', 'name': 'robotfindskitten', 'url': ' ', 'version': '::apt'}, {'action': 'delete', 'id': '5475279', 'name': 'squirrel3', 'url': ' ', 'version': '::apt'}]",
    "c8y_SoftwareUpdate": [
        {
            "name": "asciijump",
            "action": "delete",
            "id": "5475369",
            "version": "::apt",
            "url": " "
        },
        {
            "name": "robotfindskitten",
            "action": "delete",
            "id": "5474869",
            "version": "::apt",
            "url": " "
        },
        {
            "name": "squirrel3",
            "action": "delete",
            "id": "5475279",
            "version": "::apt",
            "url": " "
        }
    ]
}
14:24:31 INFO  Started operation: {'creationTime': '2022-04-21T14:24:31.147Z', 'deviceName': 'mythicb', 'deviceId': '17564065', 'self': 'https://t493319102.eu-latest.cumulocity.com/devicecontrol/operations/17588682', 'id': '17588682', 'status': 'PENDING', 'description': "Apply software changes, triggered from PySys: [{'action': 'delete', 'id': '5475369', 'name': 'asciijump', 'url': ' ', 'version': '::apt'}, {'action': 'delete', 'id': '5474869', 'name': 'robotfindskitten', 'url': ' ', 'version': '::apt'}, {'action': 'delete', 'id': '5475279', 'name': 'squirrel3', 'url': ' ', 'version': '::apt'}]", 'c8y_SoftwareUpdate': [{'name': 'asciijump', 'action': 'delete', 'id': '5475369', 'version': '::apt', 'url': ' '}, {'name': 'robotfindskitten', 'action': 'delete', 'id': '5474869', 'version': '::apt', 'url': ' '}, {'name': 'squirrel3', 'action': 'delete', 'id': '5475279', 'version': '::apt', 'url': ' '}]}
14:24:33 INFO  State of operation 17588682 : PENDING
14:24:35 INFO  State of operation 17588682 : EXECUTING
14:24:37 INFO  State of operation 17588682 : EXECUTING
14:24:40 INFO  State of operation 17588682 : EXECUTING
14:24:42 INFO  State of operation 17588682 : EXECUTING
14:24:44 INFO  State of operation 17588682 : EXECUTING
14:24:46 INFO  State of operation 17588682 : EXECUTING
14:24:49 INFO  State of operation 17588682 : EXECUTING
14:24:52 INFO  State of operation 17588682 : EXECUTING
14:24:55 INFO  State of operation 17588682 : EXECUTING
14:24:57 INFO  State of operation 17588682 : EXECUTING
14:24:59 INFO  State of operation 17588682 : EXECUTING
14:25:01 INFO  State of operation 17588682 : EXECUTING
14:25:04 INFO  State of operation 17588682 : EXECUTING
14:25:06 INFO  State of operation 17588682 : EXECUTING
14:25:08 INFO  State of operation 17588682 : EXECUTING
14:25:11 INFO  State of operation 17588682 : EXECUTING
14:25:13 INFO  State of operation 17588682 : EXECUTING
14:25:16 INFO  State of operation 17588682 : EXECUTING
14:25:18 INFO  State of operation 17588682 : EXECUTING
14:25:21 INFO  State of operation 17588682 : EXECUTING
14:25:23 INFO  State of operation 17588682 : EXECUTING
14:25:25 INFO  State of operation 17588682 : EXECUTING
14:25:27 INFO  State of operation 17588682 : EXECUTING
14:25:30 INFO  State of operation 17588682 : EXECUTING
14:25:32 INFO  State of operation 17588682 : EXECUTING
14:25:35 INFO  State of operation 17588682 : EXECUTING
14:25:37 INFO  State of operation 17588682 : EXECUTING
14:25:40 INFO  State of operation 17588682 : EXECUTING
14:25:42 INFO  State of operation 17588682 : SUCCESSFUL
14:25:42 INFO  Assert that (False == value) with value=False ... passed
14:25:42 INFO  Assert that (False == value) with value=False ... passed
14:25:43 INFO  Assert that (False == value) with value=False ... passed
14:25:43 INFO  Assert that (False == value) with value=False ... passed
14:25:43 INFO  
14:25:43 INFO  cleanup:
14:25:47 INFO  Executed sudo&lt;tedge_disconnect_c8y&gt;, exit status 0
14:25:48 INFO  Executed systemctl&lt;serv_mapper5&gt;, exit status 3
14:25:48 INFO  
14:25:48 INFO  Test duration: 188.66 secs
14:25:48 INFO  Test final outcome:  FAILED
14:25:48 INFO  Test outcome reason: Assert that (False == value) with value=True
14:25:48 INFO  
</system-out>
	</testcase>
<testcase classname="PySysTest" name="SoftwareManagement.sm_apt_install_remove_multiple">
		<failure message="FAILED: Assert that (False == value) with value=True (+2 other failures)" type="FAILED" />
		<system-out>14:45:36 INFO  ==============================================================
14:45:36 INFO  Id:    SoftwareManagement.sm_apt_install_remove_multiple
14:45:36 INFO  Dir:   software_management_end_to_end/
14:45:36 INFO  Title: Validate end to end behaviour for the apt plugin for multiple packages
14:45:36 INFO  ==============================================================
14:45:36 INFO  Using sw id database: {'asciijump': '5475369', 'robotfindskitten': '5474869', 'squirrel3': '5475279', 'rolldice': '5152439', 'moon-buggy': '5439204', 'apple': '5495053', 'banana': '5494888', 'cherry': '5495382', 'watermelon': '5494510', 'registry': '8018911', 'hello-world': '8021526', 'docker/getting-started': '8021973', 'alpine': '7991792'}
14:45:36 INFO  EnvironmentC8y Setup
14:45:37 INFO  Executed systemctl&lt;serv_mapper1&gt;, exit status 3
14:45:37 INFO  Restarting mosquitto too frequently in the last 10 seconds. It was only up for 5 seconds
14:45:37 INFO  Delaying execution by 6 seconds
14:45:58 INFO  Executed sudo&lt;tedge_connect_c8y&gt;, exit status 0, duration 15 secs
14:45:59 INFO  Executed sudo&lt;tedge_connect_c8y_test&gt;, exit status 0
14:45:59 INFO  Executed systemctl&lt;serv_mosq2&gt;, exit status 0
14:46:00 INFO  Executed systemctl&lt;serv_mapper3&gt;, exit status 0
14:46:02 INFO  State of current operation: SUCCESSFUL
14:46:02 INFO  Assert that (False == value) with value=False ... passed
14:46:03 INFO  Package asciijump is installed
14:46:03 WARN  Assert that (False == value) with value=True ... failed 
14:46:03 INFO  Package squirrel3 is installed
14:46:03 WARN  Assert that (False == value) with value=True ... failed 
14:46:03 INFO  Package robotfindskitten is installed
14:46:03 WARN  Assert that (False == value) with value=True ... failed 
14:46:04 INFO  Response status: 201
14:46:04 INFO  Response to action: {
    "creationTime": "2022-04-21T14:46:04.180Z",
    "deviceName": "mythicb",
    "deviceId": "17564065",
    "self": "https://t493319102.eu-latest.cumulocity.com/devicecontrol/operations/17588847",
    "id": "17588847",
    "status": "PENDING",
    "description": "Apply software changes, triggered from PySys: [{'action': 'install', 'id': '5475369', 'name': 'asciijump', 'url': ' ', 'version': '::apt'}, {'action': 'install', 'id': '5474869', 'name': 'robotfindskitten', 'url': ' ', 'version': '::apt'}, {'action': 'install', 'id': '5475279', 'name': 'squirrel3', 'url': ' ', 'version': '::apt'}]",
    "c8y_SoftwareUpdate": [
        {
            "name": "asciijump",
            "action": "install",
            "id": "5475369",
            "version": "::apt",
            "url": " "
        },
        {
            "name": "robotfindskitten",
            "action": "install",
            "id": "5474869",
            "version": "::apt",
            "url": " "
        },
        {
            "name": "squirrel3",
            "action": "install",
            "id": "5475279",
            "version": "::apt",
            "url": " "
        }
    ]
}
14:46:04 INFO  Started operation: {'creationTime': '2022-04-21T14:46:04.180Z', 'deviceName': 'mythicb', 'deviceId': '17564065', 'self': 'https://t493319102.eu-latest.cumulocity.com/devicecontrol/operations/17588847', 'id': '17588847', 'status': 'PENDING', 'description': "Apply software changes, triggered from PySys: [{'action': 'install', 'id': '5475369', 'name': 'asciijump', 'url': ' ', 'version': '::apt'}, {'action': 'install', 'id': '5474869', 'name': 'robotfindskitten', 'url': ' ', 'version': '::apt'}, {'action': 'install', 'id': '5475279', 'name': 'squirrel3', 'url': ' ', 'version': '::apt'}]", 'c8y_SoftwareUpdate': [{'name': 'asciijump', 'action': 'install', 'id': '5475369', 'version': '::apt', 'url': ' '}, {'name': 'robotfindskitten', 'action': 'install', 'id': '5474869', 'version': '::apt', 'url': ' '}, {'name': 'squirrel3', 'action': 'install', 'id': '5475279', 'version': '::apt', 'url': ' '}]}
14:46:06 INFO  State of operation 17588847 : PENDING
14:46:08 INFO  State of operation 17588847 : EXECUTING
14:46:10 INFO  State of operation 17588847 : EXECUTING
14:46:13 INFO  State of operation 17588847 : EXECUTING
14:46:15 INFO  State of operation 17588847 : EXECUTING
14:46:17 INFO  State of operation 17588847 : EXECUTING
14:46:21 INFO  State of operation 17588847 : EXECUTING
14:46:24 INFO  State of operation 17588847 : EXECUTING
14:46:27 INFO  State of operation 17588847 : EXECUTING
14:46:29 INFO  State of operation 17588847 : EXECUTING
14:46:31 INFO  State of operation 17588847 : EXECUTING
14:46:33 INFO  State of operation 17588847 : EXECUTING
14:46:35 INFO  State of operation 17588847 : EXECUTING
14:46:38 INFO  State of operation 17588847 : EXECUTING
14:46:40 INFO  State of operation 17588847 : SUCCESSFUL
14:46:40 INFO  Assert that (False == value) with value=False ... passed
14:46:40 INFO  Package asciijump is installed
14:46:40 INFO  Assert that (True == value) with value=True ... passed
14:46:41 INFO  Package squirrel3 is installed
14:46:41 INFO  Assert that (True == value) with value=True ... passed
14:46:41 INFO  Package robotfindskitten is installed
14:46:41 INFO  Assert that (True == value) with value=True ... passed
14:46:41 INFO  Response status: 201
14:46:41 INFO  Response to action: {
    "creationTime": "2022-04-21T14:46:41.525Z",
    "deviceName": "mythicb",
    "deviceId": "17564065",
    "self": "https://t493319102.eu-latest.cumulocity.com/devicecontrol/operations/17588855",
    "id": "17588855",
    "status": "PENDING",
    "description": "Apply software changes, triggered from PySys: [{'action': 'delete', 'id': '5475369', 'name': 'asciijump', 'url': ' ', 'version': '::apt'}, {'action': 'delete', 'id': '5474869', 'name': 'robotfindskitten', 'url': ' ', 'version': '::apt'}, {'action': 'delete', 'id': '5475279', 'name': 'squirrel3', 'url': ' ', 'version': '::apt'}]",
    "c8y_SoftwareUpdate": [
        {
            "name": "asciijump",
            "action": "delete",
            "id": "5475369",
            "version": "::apt",
            "url": " "
        },
        {
            "name": "robotfindskitten",
            "action": "delete",
            "id": "5474869",
            "version": "::apt",
            "url": " "
        },
        {
            "name": "squirrel3",
            "action": "delete",
            "id": "5475279",
            "version": "::apt",
            "url": " "
        }
    ]
}
14:46:41 INFO  Started operation: {'creationTime': '2022-04-21T14:46:41.525Z', 'deviceName': 'mythicb', 'deviceId': '17564065', 'self': 'https://t493319102.eu-latest.cumulocity.com/devicecontrol/operations/17588855', 'id': '17588855', 'status': 'PENDING', 'description': "Apply software changes, triggered from PySys: [{'action': 'delete', 'id': '5475369', 'name': 'asciijump', 'url': ' ', 'version': '::apt'}, {'action': 'delete', 'id': '5474869', 'name': 'robotfindskitten', 'url': ' ', 'version': '::apt'}, {'action': 'delete', 'id': '5475279', 'name': 'squirrel3', 'url': ' ', 'version': '::apt'}]", 'c8y_SoftwareUpdate': [{'name': 'asciijump', 'action': 'delete', 'id': '5475369', 'version': '::apt', 'url': ' '}, {'name': 'robotfindskitten', 'action': 'delete', 'id': '5474869', 'version': '::apt', 'url': ' '}, {'name': 'squirrel3', 'action': 'delete', 'id': '5475279', 'version': '::apt', 'url': ' '}]}
14:46:43 INFO  State of operation 17588855 : PENDING
14:46:46 INFO  State of operation 17588855 : EXECUTING
14:46:48 INFO  State of operation 17588855 : EXECUTING
14:46:50 INFO  State of operation 17588855 : EXECUTING
14:46:52 INFO  State of operation 17588855 : EXECUTING
14:46:54 INFO  State of operation 17588855 : EXECUTING
14:46:57 INFO  State of operation 17588855 : EXECUTING
14:47:00 INFO  State of operation 17588855 : EXECUTING
14:47:02 INFO  State of operation 17588855 : EXECUTING
14:47:05 INFO  State of operation 17588855 : EXECUTING
14:47:07 INFO  State of operation 17588855 : EXECUTING
14:47:09 INFO  State of operation 17588855 : EXECUTING
14:47:11 INFO  State of operation 17588855 : EXECUTING
14:47:14 INFO  State of operation 17588855 : EXECUTING
14:47:16 INFO  State of operation 17588855 : EXECUTING
14:47:18 INFO  State of operation 17588855 : EXECUTING
14:47:21 INFO  State of operation 17588855 : EXECUTING
14:47:23 INFO  State of operation 17588855 : EXECUTING
14:47:26 INFO  State of operation 17588855 : EXECUTING
14:47:28 INFO  State of operation 17588855 : EXECUTING
14:47:30 INFO  State of operation 17588855 : EXECUTING
14:47:33 INFO  State of operation 17588855 : EXECUTING
14:47:35 INFO  State of operation 17588855 : EXECUTING
14:47:37 INFO  State of operation 17588855 : EXECUTING
14:47:39 INFO  State of operation 17588855 : EXECUTING
14:47:42 INFO  State of operation 17588855 : EXECUTING
14:47:44 INFO  State of operation 17588855 : EXECUTING
14:47:47 INFO  State of operation 17588855 : EXECUTING
14:47:49 INFO  State of operation 17588855 : EXECUTING
14:47:51 INFO  State of operation 17588855 : SUCCESSFUL
14:47:51 INFO  Assert that (False == value) with value=False ... passed
14:47:52 INFO  Assert that (False == value) with value=False ... passed
14:47:52 INFO  Assert that (False == value) with value=False ... passed
14:47:52 INFO  Assert that (False == value) with value=False ... passed
14:47:52 INFO  
14:47:52 INFO  cleanup:
14:47:57 INFO  Executed sudo&lt;tedge_disconnect_c8y&gt;, exit status 0
14:47:57 INFO  Executed systemctl&lt;serv_mapper5&gt;, exit status 3
14:47:57 INFO  
14:47:57 INFO  Test duration: 140.89 secs
14:47:57 INFO  Test final outcome:  FAILED
14:47:57 INFO  Test outcome reason: Assert that (False == value) with value=True (+2 other failures)
14:47:57 INFO  
</system-out>
	</testcase>
</testsuite><testsuite name="SoftwareManagement.sm_apt_install_remove_multiple_mixed" tests="3" errors="0" failures="2" skipped="1" time="0"><testcase classname="PySysTest" name="SoftwareManagement.sm_apt_install_remove_multiple_mixed">
		<skipped message="SKIPPED: Testing the apt plugin is not supported on this platform.Use parameter -XmyPlatform='container' to enable it" />
		<system-out>13:48:48 INFO  ==============================================================
13:48:48 INFO  Id:    SoftwareManagement.sm_apt_install_remove_multiple_mixed
13:48:48 INFO  Dir:   software_management_end_to_end/
13:48:48 INFO  Title: Validate end to end behaviour for the apt plugin for multiple packages with mixed versions
13:48:48 INFO  ==============================================================
13:48:48 INFO  Testing the apt plugin is not supported on this platform.Use parameter -XmyPlatform='container' to enable it ... skipped
13:48:48 WARN  Aborted test due to SKIPPED outcome
13:48:48 INFO  
13:48:48 INFO  Test duration: 0.02 secs
13:48:48 INFO  Test final outcome:  SKIPPED
13:48:48 INFO  Test outcome reason: Testing the apt plugin is not supported on this platform.Use parameter -XmyPlatform='container' to enable it
13:48:48 INFO  
</system-out>
	</testcase>
<testcase classname="PySysTest" name="SoftwareManagement.sm_apt_install_remove_multiple_mixed">
		<failure message="BLOCKED: SystemError: Timeout while waiting for status SUCCESSFUL or False" type="BLOCKED" />
		<system-out>14:25:48 INFO  ==============================================================
14:25:48 INFO  Id:    SoftwareManagement.sm_apt_install_remove_multiple_mixed
14:25:48 INFO  Dir:   software_management_end_to_end/
14:25:48 INFO  Title: Validate end to end behaviour for the apt plugin for multiple packages with mixed versions
14:25:48 INFO  ==============================================================
14:25:48 INFO  Using sw id database: {'asciijump': '5475369', 'robotfindskitten': '5474869', 'squirrel3': '5475279', 'rolldice': '5152439', 'moon-buggy': '5439204', 'apple': '5495053', 'banana': '5494888', 'cherry': '5495382', 'watermelon': '5494510', 'registry': '8018911', 'hello-world': '8021526', 'docker/getting-started': '8021973', 'alpine': '7991792'}
14:25:48 INFO  EnvironmentC8y Setup
14:25:49 INFO  Executed systemctl&lt;serv_mapper1&gt;, exit status 3
14:25:49 INFO  Restarting mosquitto too frequently in the last 10 seconds. It was only up for 5 seconds
14:25:49 INFO  Delaying execution by 6 seconds
14:26:09 INFO  Executed sudo&lt;tedge_connect_c8y&gt;, exit status 0, duration 14 secs
14:26:10 INFO  Executed sudo&lt;tedge_connect_c8y_test&gt;, exit status 0
14:26:10 INFO  Executed systemctl&lt;serv_mosq2&gt;, exit status 0
14:26:11 INFO  Executed systemctl&lt;serv_mapper3&gt;, exit status 0
14:26:13 INFO  State of current operation: SUCCESSFUL
14:26:13 INFO  Assert that (False == value) with value=False ... passed
14:26:13 INFO  Assert that (False == value) with value=False ... passed
14:26:14 INFO  Assert that (False == value) with value=False ... passed
14:26:14 INFO  Assert that (False == value) with value=False ... passed
14:26:14 INFO  Assert that (False == value) with value=False ... passed
14:26:15 INFO  Response status: 201
14:26:15 INFO  Response to action: {
    "creationTime": "2022-04-21T14:26:15.945Z",
    "deviceName": "mythicb",
    "deviceId": "17564065",
    "self": "https://t493319102.eu-latest.cumulocity.com/devicecontrol/operations/17588690",
    "id": "17588690",
    "status": "PENDING",
    "description": "Apply software changes, triggered from PySys: [{'action': 'install', 'id': '5475369', 'name': 'asciijump', 'url': ' ', 'version': '::apt'}, {'action': 'install', 'id': '5474869', 'name': 'robotfindskitten', 'url': ' ', 'version': ' '}, {'action': 'install', 'id': '5475279', 'name': 'squirrel3', 'url': ' ', 'version': '3.1-7::apt'}, {'action': 'install', 'id': '5152439', 'name': 'rolldice', 'url': ' ', 'version': '1.16-1+b1'}, {'action': 'install', 'id': '5439204', 'name': 'moon-buggy', 'url': ' ', 'version': '1:1.0.51-12'}, {'action': 'install', 'id': '5475369', 'name': 'asciijump', 'url': ' ', 'version': '::apt'}]",
    "c8y_SoftwareUpdate": [
        {
            "name": "asciijump",
            "action": "install",
            "id": "5475369",
            "version": "::apt",
            "url": " "
        },
        {
            "name": "robotfindskitten",
            "action": "install",
            "id": "5474869",
            "version": " ",
            "url": " "
        },
        {
            "name": "squirrel3",
            "action": "install",
            "id": "5475279",
            "version": "3.1-7::apt",
            "url": " "
        },
        {
            "name": "rolldice",
            "action": "install",
            "id": "5152439",
            "version": "1.16-1+b1",
            "url": " "
        },
        {
            "name": "moon-buggy",
            "action": "install",
            "id": "5439204",
            "version": "1:1.0.51-12",
            "url": " "
        },
        {
            "name": "asciijump",
            "action": "install",
            "id": "5475369",
            "version": "::apt",
            "url": " "
        }
    ]
}
14:26:15 INFO  Started operation: {'creationTime': '2022-04-21T14:26:15.945Z', 'deviceName': 'mythicb', 'deviceId': '17564065', 'self': 'https://t493319102.eu-latest.cumulocity.com/devicecontrol/operations/17588690', 'id': '17588690', 'status': 'PENDING', 'description': "Apply software changes, triggered from PySys: [{'action': 'install', 'id': '5475369', 'name': 'asciijump', 'url': ' ', 'version': '::apt'}, {'action': 'install', 'id': '5474869', 'name': 'robotfindskitten', 'url': ' ', 'version': ' '}, {'action': 'install', 'id': '5475279', 'name': 'squirrel3', 'url': ' ', 'version': '3.1-7::apt'}, {'action': 'install', 'id': '5152439', 'name': 'rolldice', 'url': ' ', 'version': '1.16-1+b1'}, {'action': 'install', 'id': '5439204', 'name': 'moon-buggy', 'url': ' ', 'version': '1:1.0.51-12'}, {'action': 'install', 'id': '5475369', 'name': 'asciijump', 'url': ' ', 'version': '::apt'}]", 'c8y_SoftwareUpdate': [{'name': 'asciijump', 'action': 'install', 'id': '5475369', 'version': '::apt', 'url': ' '}, {'name': 'robotfindskitten', 'action': 'install', 'id': '5474869', 'version': ' ', 'url': ' '}, {'name': 'squirrel3', 'action': 'install', 'id': '5475279', 'version': '3.1-7::apt', 'url': ' '}, {'name': 'rolldice', 'action': 'install', 'id': '5152439', 'version': '1.16-1+b1', 'url': ' '}, {'name': 'moon-buggy', 'action': 'install', 'id': '5439204', 'version': '1:1.0.51-12', 'url': ' '}, {'name': 'asciijump', 'action': 'install', 'id': '5475369', 'version': '::apt', 'url': ' '}]}
14:26:18 INFO  State of operation 17588690 : PENDING
14:26:20 INFO  State of operation 17588690 : EXECUTING
14:26:22 INFO  State of operation 17588690 : EXECUTING
14:26:24 INFO  State of operation 17588690 : EXECUTING
14:26:27 INFO  State of operation 17588690 : EXECUTING
14:26:29 INFO  State of operation 17588690 : EXECUTING
14:26:31 INFO  State of operation 17588690 : EXECUTING
14:26:34 INFO  State of operation 17588690 : EXECUTING
14:26:37 INFO  State of operation 17588690 : EXECUTING
14:26:40 INFO  State of operation 17588690 : EXECUTING
14:26:42 INFO  State of operation 17588690 : EXECUTING
14:26:44 INFO  State of operation 17588690 : EXECUTING
14:26:46 INFO  State of operation 17588690 : EXECUTING
14:26:48 INFO  State of operation 17588690 : EXECUTING
14:26:51 INFO  State of operation 17588690 : EXECUTING
14:26:53 INFO  State of operation 17588690 : EXECUTING
14:26:55 INFO  State of operation 17588690 : EXECUTING
14:26:58 INFO  State of operation 17588690 : EXECUTING
14:27:01 INFO  State of operation 17588690 : EXECUTING
14:27:03 INFO  State of operation 17588690 : EXECUTING
14:27:05 INFO  State of operation 17588690 : EXECUTING
14:27:07 INFO  State of operation 17588690 : EXECUTING
14:27:10 INFO  State of operation 17588690 : EXECUTING
14:27:13 INFO  State of operation 17588690 : EXECUTING
14:27:15 INFO  State of operation 17588690 : EXECUTING
14:27:17 INFO  State of operation 17588690 : EXECUTING
14:27:19 INFO  State of operation 17588690 : EXECUTING
14:27:22 INFO  State of operation 17588690 : EXECUTING
14:27:24 INFO  State of operation 17588690 : EXECUTING
14:27:27 INFO  State of operation 17588690 : EXECUTING
14:27:29 INFO  State of operation 17588690 : EXECUTING
14:27:31 INFO  State of operation 17588690 : EXECUTING
14:27:33 INFO  State of operation 17588690 : EXECUTING
14:27:36 INFO  State of operation 17588690 : EXECUTING
14:27:38 INFO  State of operation 17588690 : EXECUTING
14:27:40 INFO  State of operation 17588690 : EXECUTING
14:27:42 INFO  State of operation 17588690 : EXECUTING
14:27:45 INFO  State of operation 17588690 : EXECUTING
14:27:47 INFO  State of operation 17588690 : EXECUTING
14:27:50 INFO  State of operation 17588690 : EXECUTING
14:27:52 INFO  State of operation 17588690 : EXECUTING
14:27:55 INFO  State of operation 17588690 : EXECUTING
14:27:57 INFO  State of operation 17588690 : EXECUTING
14:27:59 INFO  State of operation 17588690 : EXECUTING
14:28:02 INFO  State of operation 17588690 : EXECUTING
14:28:04 INFO  State of operation 17588690 : EXECUTING
14:28:06 INFO  State of operation 17588690 : EXECUTING
14:28:08 INFO  State of operation 17588690 : EXECUTING
14:28:11 INFO  State of operation 17588690 : EXECUTING
14:28:13 INFO  State of operation 17588690 : EXECUTING
14:28:15 INFO  State of operation 17588690 : EXECUTING
14:28:18 INFO  State of operation 17588690 : EXECUTING
14:28:20 INFO  State of operation 17588690 : EXECUTING
14:28:23 INFO  State of operation 17588690 : EXECUTING
14:28:25 INFO  State of operation 17588690 : EXECUTING
14:28:27 INFO  State of operation 17588690 : EXECUTING
14:28:30 INFO  State of operation 17588690 : EXECUTING
14:28:32 INFO  State of operation 17588690 : EXECUTING
14:28:35 INFO  State of operation 17588690 : EXECUTING
14:28:38 INFO  State of operation 17588690 : EXECUTING
14:28:40 INFO  State of operation 17588690 : EXECUTING
14:28:42 WARN  SystemError occurred while running test - Timeout while waiting for status SUCCESSFUL or False
Traceback (most recent call last):
  File "/home/pi/env-pysys/lib/python3.7/site-packages/pysys/baserunner.py", line 1294, in __call__
    self.testObj.execute()
  File "/home/pi/actions-runner/_work/thin-edge.io/thin-edge.io/tests/PySys/software_management_end_to_end/sm_apt_install_remove_multiple_mixed/run.py", line 89, in execute
    self.wait_until_succcess()
  File "/home/pi/actions-runner/_work/thin-edge.io/thin-edge.io/tests/PySys/software_management_end_to_end/environment_sm_management.py", line 324, in wait_until_succcess
    self.wait_until_status("SUCCESSFUL")
  File "/home/pi/actions-runner/_work/thin-edge.io/thin-edge.io/tests/PySys/software_management_end_to_end/environment_sm_management.py", line 381, in wait_until_status
    "Timeout while waiting for status %s or %s" % (status, status2)
SystemError: Timeout while waiting for status SUCCESSFUL or False
14:28:42 WARN  SystemError: Timeout while waiting for status SUCCESSFUL or False ... blocked 
14:28:42 INFO  
14:28:42 INFO  cleanup:
14:28:47 INFO  Executed sudo&lt;tedge_disconnect_c8y&gt;, exit status 0
14:28:47 INFO  Executed systemctl&lt;serv_mapper5&gt;, exit status 3
14:28:47 INFO  
14:28:47 INFO  Test duration: 179.38 secs
14:28:47 INFO  Test final outcome:  BLOCKED
14:28:47 INFO  Test outcome reason: SystemError: Timeout while waiting for status SUCCESSFUL or False
14:28:47 INFO  
</system-out>
	</testcase>
<testcase classname="PySysTest" name="SoftwareManagement.sm_apt_install_remove_multiple_mixed">
		<failure message="BLOCKED: SystemError: Timeout while waiting for status SUCCESSFUL or False (+1 other failures)" type="BLOCKED" />
		<system-out>14:47:57 INFO  ==============================================================
14:47:57 INFO  Id:    SoftwareManagement.sm_apt_install_remove_multiple_mixed
14:47:57 INFO  Dir:   software_management_end_to_end/
14:47:57 INFO  Title: Validate end to end behaviour for the apt plugin for multiple packages with mixed versions
14:47:57 INFO  ==============================================================
14:47:57 INFO  Using sw id database: {'asciijump': '5475369', 'robotfindskitten': '5474869', 'squirrel3': '5475279', 'rolldice': '5152439', 'moon-buggy': '5439204', 'apple': '5495053', 'banana': '5494888', 'cherry': '5495382', 'watermelon': '5494510', 'registry': '8018911', 'hello-world': '8021526', 'docker/getting-started': '8021973', 'alpine': '7991792'}
14:47:57 INFO  EnvironmentC8y Setup
14:47:58 INFO  Executed systemctl&lt;serv_mapper1&gt;, exit status 3
14:47:58 INFO  Restarting mosquitto too frequently in the last 10 seconds. It was only up for 5 seconds
14:47:58 INFO  Delaying execution by 6 seconds
14:48:18 INFO  Executed sudo&lt;tedge_connect_c8y&gt;, exit status 0, duration 14 secs
14:48:19 INFO  Executed sudo&lt;tedge_connect_c8y_test&gt;, exit status 0
14:48:20 INFO  Executed systemctl&lt;serv_mosq2&gt;, exit status 0
14:48:20 INFO  Executed systemctl&lt;serv_mapper3&gt;, exit status 0
14:48:22 INFO  State of current operation: SUCCESSFUL
14:48:23 INFO  Assert that (False == value) with value=False ... passed
14:48:23 INFO  Assert that (False == value) with value=False ... passed
14:48:23 INFO  Assert that (False == value) with value=False ... passed
14:48:23 INFO  Assert that (False == value) with value=False ... passed
14:48:24 INFO  Package moon-buggy is installed
14:48:24 WARN  Assert that (False == value) with value=True ... failed 
14:48:25 INFO  Response status: 201
14:48:25 INFO  Response to action: {
    "creationTime": "2022-04-21T14:48:25.463Z",
    "deviceName": "mythicb",
    "deviceId": "17564065",
    "self": "https://t493319102.eu-latest.cumulocity.com/devicecontrol/operations/17588865",
    "id": "17588865",
    "status": "PENDING",
    "description": "Apply software changes, triggered from PySys: [{'action': 'install', 'id': '5475369', 'name': 'asciijump', 'url': ' ', 'version': '::apt'}, {'action': 'install', 'id': '5474869', 'name': 'robotfindskitten', 'url': ' ', 'version': ' '}, {'action': 'install', 'id': '5475279', 'name': 'squirrel3', 'url': ' ', 'version': '3.1-7::apt'}, {'action': 'install', 'id': '5152439', 'name': 'rolldice', 'url': ' ', 'version': '1.16-1+b1'}, {'action': 'install', 'id': '5439204', 'name': 'moon-buggy', 'url': ' ', 'version': '1:1.0.51-12'}, {'action': 'install', 'id': '5475369', 'name': 'asciijump', 'url': ' ', 'version': '::apt'}]",
    "c8y_SoftwareUpdate": [
        {
            "name": "asciijump",
            "action": "install",
            "id": "5475369",
            "version": "::apt",
            "url": " "
        },
        {
            "name": "robotfindskitten",
            "action": "install",
            "id": "5474869",
            "version": " ",
            "url": " "
        },
        {
            "name": "squirrel3",
            "action": "install",
            "id": "5475279",
            "version": "3.1-7::apt",
            "url": " "
        },
        {
            "name": "rolldice",
            "action": "install",
            "id": "5152439",
            "version": "1.16-1+b1",
            "url": " "
        },
        {
            "name": "moon-buggy",
            "action": "install",
            "id": "5439204",
            "version": "1:1.0.51-12",
            "url": " "
        },
        {
            "name": "asciijump",
            "action": "install",
            "id": "5475369",
            "version": "::apt",
            "url": " "
        }
    ]
}
14:48:25 INFO  Started operation: {'creationTime': '2022-04-21T14:48:25.463Z', 'deviceName': 'mythicb', 'deviceId': '17564065', 'self': 'https://t493319102.eu-latest.cumulocity.com/devicecontrol/operations/17588865', 'id': '17588865', 'status': 'PENDING', 'description': "Apply software changes, triggered from PySys: [{'action': 'install', 'id': '5475369', 'name': 'asciijump', 'url': ' ', 'version': '::apt'}, {'action': 'install', 'id': '5474869', 'name': 'robotfindskitten', 'url': ' ', 'version': ' '}, {'action': 'install', 'id': '5475279', 'name': 'squirrel3', 'url': ' ', 'version': '3.1-7::apt'}, {'action': 'install', 'id': '5152439', 'name': 'rolldice', 'url': ' ', 'version': '1.16-1+b1'}, {'action': 'install', 'id': '5439204', 'name': 'moon-buggy', 'url': ' ', 'version': '1:1.0.51-12'}, {'action': 'install', 'id': '5475369', 'name': 'asciijump', 'url': ' ', 'version': '::apt'}]", 'c8y_SoftwareUpdate': [{'name': 'asciijump', 'action': 'install', 'id': '5475369', 'version': '::apt', 'url': ' '}, {'name': 'robotfindskitten', 'action': 'install', 'id': '5474869', 'version': ' ', 'url': ' '}, {'name': 'squirrel3', 'action': 'install', 'id': '5475279', 'version': '3.1-7::apt', 'url': ' '}, {'name': 'rolldice', 'action': 'install', 'id': '5152439', 'version': '1.16-1+b1', 'url': ' '}, {'name': 'moon-buggy', 'action': 'install', 'id': '5439204', 'version': '1:1.0.51-12', 'url': ' '}, {'name': 'asciijump', 'action': 'install', 'id': '5475369', 'version': '::apt', 'url': ' '}]}
14:48:27 INFO  State of operation 17588865 : PENDING
14:48:30 INFO  State of operation 17588865 : EXECUTING
14:48:32 INFO  State of operation 17588865 : EXECUTING
14:48:34 INFO  State of operation 17588865 : EXECUTING
14:48:36 INFO  State of operation 17588865 : EXECUTING
14:48:38 INFO  State of operation 17588865 : EXECUTING
14:48:42 INFO  State of operation 17588865 : EXECUTING
14:48:45 INFO  State of operation 17588865 : EXECUTING
14:48:47 INFO  State of operation 17588865 : EXECUTING
14:48:50 INFO  State of operation 17588865 : EXECUTING
14:48:52 INFO  State of operation 17588865 : EXECUTING
14:48:54 INFO  State of operation 17588865 : EXECUTING
14:48:56 INFO  State of operation 17588865 : EXECUTING
14:48:58 INFO  State of operation 17588865 : EXECUTING
14:49:01 INFO  State of operation 17588865 : EXECUTING
14:49:03 INFO  State of operation 17588865 : EXECUTING
14:49:05 INFO  State of operation 17588865 : EXECUTING
14:49:08 INFO  State of operation 17588865 : EXECUTING
14:49:11 INFO  State of operation 17588865 : EXECUTING
14:49:13 INFO  State of operation 17588865 : EXECUTING
14:49:15 INFO  State of operation 17588865 : EXECUTING
14:49:17 INFO  State of operation 17588865 : EXECUTING
14:49:20 INFO  State of operation 17588865 : EXECUTING
14:49:22 INFO  State of operation 17588865 : EXECUTING
14:49:25 INFO  State of operation 17588865 : EXECUTING
14:49:27 INFO  State of operation 17588865 : EXECUTING
14:49:30 INFO  State of operation 17588865 : EXECUTING
14:49:32 INFO  State of operation 17588865 : EXECUTING
14:49:34 INFO  State of operation 17588865 : EXECUTING
14:49:36 INFO  State of operation 17588865 : EXECUTING
14:49:39 INFO  State of operation 17588865 : EXECUTING
14:49:41 INFO  State of operation 17588865 : EXECUTING
14:49:43 INFO  State of operation 17588865 : EXECUTING
14:49:45 INFO  State of operation 17588865 : EXECUTING
14:49:47 INFO  State of operation 17588865 : EXECUTING
14:49:50 INFO  State of operation 17588865 : EXECUTING
14:49:52 INFO  State of operation 17588865 : EXECUTING
14:49:54 INFO  State of operation 17588865 : EXECUTING
14:49:57 INFO  State of operation 17588865 : EXECUTING
14:50:00 INFO  State of operation 17588865 : EXECUTING
14:50:02 INFO  State of operation 17588865 : EXECUTING
14:50:05 INFO  State of operation 17588865 : EXECUTING
14:50:07 INFO  State of operation 17588865 : EXECUTING
14:50:09 INFO  State of operation 17588865 : EXECUTING
14:50:11 INFO  State of operation 17588865 : EXECUTING
14:50:14 INFO  State of operation 17588865 : EXECUTING
14:50:16 INFO  State of operation 17588865 : EXECUTING
14:50:18 INFO  State of operation 17588865 : EXECUTING
14:50:20 INFO  State of operation 17588865 : EXECUTING
14:50:23 INFO  State of operation 17588865 : EXECUTING
14:50:25 INFO  State of operation 17588865 : EXECUTING
14:50:28 INFO  State of operation 17588865 : EXECUTING
14:50:30 INFO  State of operation 17588865 : EXECUTING
14:50:33 INFO  State of operation 17588865 : EXECUTING
14:50:35 INFO  State of operation 17588865 : EXECUTING
14:50:38 INFO  State of operation 17588865 : EXECUTING
14:50:40 INFO  State of operation 17588865 : EXECUTING
14:50:43 INFO  State of operation 17588865 : EXECUTING
14:50:45 INFO  State of operation 17588865 : EXECUTING
14:50:48 INFO  State of operation 17588865 : EXECUTING
14:50:50 INFO  State of operation 17588865 : EXECUTING
14:50:52 WARN  SystemError occurred while running test - Timeout while waiting for status SUCCESSFUL or False
Traceback (most recent call last):
  File "/home/pi/env-pysys/lib/python3.7/site-packages/pysys/baserunner.py", line 1294, in __call__
    self.testObj.execute()
  File "/home/pi/actions-runner/_work/thin-edge.io/thin-edge.io/tests/PySys/software_management_end_to_end/sm_apt_install_remove_multiple_mixed/run.py", line 89, in execute
    self.wait_until_succcess()
  File "/home/pi/actions-runner/_work/thin-edge.io/thin-edge.io/tests/PySys/software_management_end_to_end/environment_sm_management.py", line 324, in wait_until_succcess
    self.wait_until_status("SUCCESSFUL")
  File "/home/pi/actions-runner/_work/thin-edge.io/thin-edge.io/tests/PySys/software_management_end_to_end/environment_sm_management.py", line 381, in wait_until_status
    "Timeout while waiting for status %s or %s" % (status, status2)
SystemError: Timeout while waiting for status SUCCESSFUL or False
14:50:52 WARN  SystemError: Timeout while waiting for status SUCCESSFUL or False ... blocked 
14:50:52 INFO  
14:50:52 INFO  cleanup:
14:50:57 INFO  Executed sudo&lt;tedge_disconnect_c8y&gt;, exit status 0
14:50:58 INFO  Executed systemctl&lt;serv_mapper5&gt;, exit status 3
14:50:58 INFO  
14:50:58 INFO  Test duration: 180.34 secs
14:50:58 INFO  Test final outcome:  BLOCKED
14:50:58 INFO  Test outcome reason: SystemError: Timeout while waiting for status SUCCESSFUL or False (+1 other failures)
14:50:58 INFO  
</system-out>
	</testcase>
</testsuite><testsuite name="SoftwareManagement.sm_apt_install_remove_with_version" tests="3" errors="0" failures="0" skipped="1" time="0"><testcase classname="PySysTest" name="SoftwareManagement.sm_apt_install_remove_with_version">
		<skipped message="SKIPPED: Testing the apt plugin is not supported on this platform.Use parameter -XmyPlatform='container' to enable it" />
		<system-out>13:48:48 INFO  ==============================================================
13:48:48 INFO  Id:    SoftwareManagement.sm_apt_install_remove_with_version
13:48:48 INFO  Dir:   software_management_end_to_end/
13:48:48 INFO  Title: Validate end to end behaviour for the apt plugin for packages with version
13:48:48 INFO  ==============================================================
13:48:48 INFO  Testing the apt plugin is not supported on this platform.Use parameter -XmyPlatform='container' to enable it ... skipped
13:48:48 WARN  Aborted test due to SKIPPED outcome
13:48:48 INFO  
13:48:48 INFO  Test duration: 0.02 secs
13:48:48 INFO  Test final outcome:  SKIPPED
13:48:48 INFO  Test outcome reason: Testing the apt plugin is not supported on this platform.Use parameter -XmyPlatform='container' to enable it
13:48:48 INFO  
</system-out>
	</testcase>
<testcase classname="PySysTest" name="SoftwareManagement.sm_apt_install_remove_with_version" />
<testcase classname="PySysTest" name="SoftwareManagement.sm_apt_install_remove_with_version" />
</testsuite><testsuite name="SoftwareManagement.sm_docker_install_remove_multiple" tests="3" errors="0" failures="2" skipped="1" time="0"><testcase classname="SMDockerInstallRemove" name="SoftwareManagement.sm_docker_install_remove_multiple">
		<skipped message="SKIPPED: Testing the apt plugin is not supported on this platform.Use parameter -XmyPlatform='container' to enable it" />
		<system-out>13:48:48 INFO  ==============================================================
13:48:48 INFO  Id:    SoftwareManagement.sm_docker_install_remove_multiple
13:48:48 INFO  Dir:   software_management_end_to_end/
13:48:48 INFO  Title: Validate end to end behaviour for the docker plugin for multiple docker images with mixed versions
13:48:48 INFO  ==============================================================
13:48:48 INFO  Testing the apt plugin is not supported on this platform.Use parameter -XmyPlatform='container' to enable it ... skipped
13:48:48 WARN  Aborted test due to SKIPPED outcome
13:48:48 INFO  
13:48:48 INFO  Test duration: 0.02 secs
13:48:48 INFO  Test final outcome:  SKIPPED
13:48:48 INFO  Test outcome reason: Testing the apt plugin is not supported on this platform.Use parameter -XmyPlatform='container' to enable it
13:48:48 INFO  
</system-out>
	</testcase>
<testcase classname="SMDockerInstallRemove" name="SoftwareManagement.sm_docker_install_remove_multiple">
		<failure message="BLOCKED: SystemError: The operation has failed" type="BLOCKED" />
		<system-out>14:34:27 INFO  ==============================================================
14:34:27 INFO  Id:    SoftwareManagement.sm_docker_install_remove_multiple
14:34:27 INFO  Dir:   software_management_end_to_end/
14:34:27 INFO  Title: Validate end to end behaviour for the docker plugin for multiple docker images with mixed versions
14:34:27 INFO  ==============================================================
14:34:29 INFO  Using sw id database: {'asciijump': '5475369', 'robotfindskitten': '5474869', 'squirrel3': '5475279', 'rolldice': '5152439', 'moon-buggy': '5439204', 'apple': '5495053', 'banana': '5494888', 'cherry': '5495382', 'watermelon': '5494510', 'registry': '8018911', 'hello-world': '8021526', 'docker/getting-started': '8021973', 'alpine': '7991792'}
14:34:29 INFO  EnvironmentC8y Setup
14:34:30 INFO  Executed systemctl&lt;serv_mapper1&gt;, exit status 3
14:34:45 INFO  Executed sudo&lt;tedge_connect_c8y&gt;, exit status 0, duration 14 secs
14:34:45 INFO  Executed sudo&lt;tedge_connect_c8y_test&gt;, exit status 0
14:34:46 INFO  Executed systemctl&lt;serv_mosq2&gt;, exit status 0
14:34:46 INFO  Executed systemctl&lt;serv_mapper3&gt;, exit status 0
14:34:49 INFO  State of current operation: SUCCESSFUL
14:34:49 INFO  Response status: 201
14:34:49 INFO  Response to action: {
    "creationTime": "2022-04-21T14:34:49.311Z",
    "deviceName": "mythicb",
    "deviceId": "17564065",
    "self": "https://t493319102.eu-latest.cumulocity.com/devicecontrol/operations/17588765",
    "id": "17588765",
    "status": "PENDING",
    "description": "Apply software changes, triggered from PySys: [{'action': 'install', 'id': '8021526', 'name': 'hello-world', 'url': '', 'version': '::docker'}, {'action': 'install', 'id': '8018911', 'name': 'registry', 'url': '', 'version': '2.6.2::docker'}]",
    "c8y_SoftwareUpdate": [
        {
            "name": "hello-world",
            "action": "install",
            "id": "8021526",
            "version": "::docker",
            "url": ""
        },
        {
            "name": "registry",
            "action": "install",
            "id": "8018911",
            "version": "2.6.2::docker",
            "url": ""
        }
    ]
}
14:34:49 INFO  Started operation: {'creationTime': '2022-04-21T14:34:49.311Z', 'deviceName': 'mythicb', 'deviceId': '17564065', 'self': 'https://t493319102.eu-latest.cumulocity.com/devicecontrol/operations/17588765', 'id': '17588765', 'status': 'PENDING', 'description': "Apply software changes, triggered from PySys: [{'action': 'install', 'id': '8021526', 'name': 'hello-world', 'url': '', 'version': '::docker'}, {'action': 'install', 'id': '8018911', 'name': 'registry', 'url': '', 'version': '2.6.2::docker'}]", 'c8y_SoftwareUpdate': [{'name': 'hello-world', 'action': 'install', 'id': '8021526', 'version': '::docker', 'url': ''}, {'name': 'registry', 'action': 'install', 'id': '8018911', 'version': '2.6.2::docker', 'url': ''}]}
14:34:51 INFO  State of operation 17588765 : PENDING
14:34:53 INFO  State of operation 17588765 : EXECUTING
14:34:56 INFO  State of operation 17588765 : EXECUTING
14:34:58 INFO  State of operation 17588765 : EXECUTING
14:35:00 INFO  State of operation 17588765 : FAILED
14:35:00 ERROR Stopping as the operation has failed
14:35:00 WARN  SystemError occurred while running test - The operation has failed
Traceback (most recent call last):
  File "/home/pi/env-pysys/lib/python3.7/site-packages/pysys/baserunner.py", line 1292, in __call__
    self.testObj.setup()
  File "/home/pi/actions-runner/_work/thin-edge.io/thin-edge.io/tests/PySys/software_management_end_to_end/sm_docker_install_remove_multiple/run.py", line 55, in setup
    self.wait_until_succcess()
  File "/home/pi/actions-runner/_work/thin-edge.io/thin-edge.io/tests/PySys/software_management_end_to_end/environment_sm_management.py", line 324, in wait_until_succcess
    self.wait_until_status("SUCCESSFUL")
  File "/home/pi/actions-runner/_work/thin-edge.io/thin-edge.io/tests/PySys/software_management_end_to_end/environment_sm_management.py", line 361, in wait_until_status
    raise SystemError("The operation has failed")
SystemError: The operation has failed
14:35:00 WARN  SystemError: The operation has failed ... blocked 
14:35:00 INFO  
14:35:00 INFO  cleanup:
14:35:04 INFO  Executed sudo&lt;tedge_disconnect_c8y&gt;, exit status 0
14:35:05 INFO  Executed systemctl&lt;serv_mapper5&gt;, exit status 3
14:35:05 INFO  
14:35:05 INFO  Test duration: 37.57 secs
14:35:05 INFO  Test final outcome:  BLOCKED
14:35:05 INFO  Test outcome reason: SystemError: The operation has failed
14:35:05 INFO  
</system-out>
	</testcase>
<testcase classname="SMDockerInstallRemove" name="SoftwareManagement.sm_docker_install_remove_multiple">
		<failure message="BLOCKED: SystemError: The operation has failed" type="BLOCKED" />
		<system-out>14:53:37 INFO  ==============================================================
14:53:37 INFO  Id:    SoftwareManagement.sm_docker_install_remove_multiple
14:53:37 INFO  Dir:   software_management_end_to_end/
14:53:37 INFO  Title: Validate end to end behaviour for the docker plugin for multiple docker images with mixed versions
14:53:37 INFO  ==============================================================
14:53:37 INFO  Using sw id database: {'asciijump': '5475369', 'robotfindskitten': '5474869', 'squirrel3': '5475279', 'rolldice': '5152439', 'moon-buggy': '5439204', 'apple': '5495053', 'banana': '5494888', 'cherry': '5495382', 'watermelon': '5494510', 'registry': '8018911', 'hello-world': '8021526', 'docker/getting-started': '8021973', 'alpine': '7991792'}
14:53:37 INFO  EnvironmentC8y Setup
14:53:38 INFO  Executed systemctl&lt;serv_mapper1&gt;, exit status 3
14:53:38 INFO  Restarting mosquitto too frequently in the last 10 seconds. It was only up for 5 seconds
14:53:38 INFO  Delaying execution by 6 seconds
14:53:58 INFO  Executed sudo&lt;tedge_connect_c8y&gt;, exit status 0, duration 14 secs
14:53:59 INFO  Executed sudo&lt;tedge_connect_c8y_test&gt;, exit status 0
14:53:59 INFO  Executed systemctl&lt;serv_mosq2&gt;, exit status 0
14:54:00 INFO  Executed systemctl&lt;serv_mapper3&gt;, exit status 0
14:54:02 INFO  State of current operation: SUCCESSFUL
14:54:02 INFO  Response status: 201
14:54:02 INFO  Response to action: {
    "creationTime": "2022-04-21T14:54:02.708Z",
    "deviceName": "mythicb",
    "deviceId": "17564065",
    "self": "https://t493319102.eu-latest.cumulocity.com/devicecontrol/operations/17588921",
    "id": "17588921",
    "status": "PENDING",
    "description": "Apply software changes, triggered from PySys: [{'action': 'install', 'id': '8021526', 'name': 'hello-world', 'url': '', 'version': '::docker'}, {'action': 'install', 'id': '8018911', 'name': 'registry', 'url': '', 'version': '2.6.2::docker'}]",
    "c8y_SoftwareUpdate": [
        {
            "name": "hello-world",
            "action": "install",
            "id": "8021526",
            "version": "::docker",
            "url": ""
        },
        {
            "name": "registry",
            "action": "install",
            "id": "8018911",
            "version": "2.6.2::docker",
            "url": ""
        }
    ]
}
14:54:02 INFO  Started operation: {'creationTime': '2022-04-21T14:54:02.708Z', 'deviceName': 'mythicb', 'deviceId': '17564065', 'self': 'https://t493319102.eu-latest.cumulocity.com/devicecontrol/operations/17588921', 'id': '17588921', 'status': 'PENDING', 'description': "Apply software changes, triggered from PySys: [{'action': 'install', 'id': '8021526', 'name': 'hello-world', 'url': '', 'version': '::docker'}, {'action': 'install', 'id': '8018911', 'name': 'registry', 'url': '', 'version': '2.6.2::docker'}]", 'c8y_SoftwareUpdate': [{'name': 'hello-world', 'action': 'install', 'id': '8021526', 'version': '::docker', 'url': ''}, {'name': 'registry', 'action': 'install', 'id': '8018911', 'version': '2.6.2::docker', 'url': ''}]}
14:54:04 INFO  State of operation 17588921 : PENDING
14:54:07 INFO  State of operation 17588921 : EXECUTING
14:54:09 INFO  State of operation 17588921 : EXECUTING
14:54:11 INFO  State of operation 17588921 : EXECUTING
14:54:13 INFO  State of operation 17588921 : FAILED
14:54:13 ERROR Stopping as the operation has failed
14:54:13 WARN  SystemError occurred while running test - The operation has failed
Traceback (most recent call last):
  File "/home/pi/env-pysys/lib/python3.7/site-packages/pysys/baserunner.py", line 1292, in __call__
    self.testObj.setup()
  File "/home/pi/actions-runner/_work/thin-edge.io/thin-edge.io/tests/PySys/software_management_end_to_end/sm_docker_install_remove_multiple/run.py", line 55, in setup
    self.wait_until_succcess()
  File "/home/pi/actions-runner/_work/thin-edge.io/thin-edge.io/tests/PySys/software_management_end_to_end/environment_sm_management.py", line 324, in wait_until_succcess
    self.wait_until_status("SUCCESSFUL")
  File "/home/pi/actions-runner/_work/thin-edge.io/thin-edge.io/tests/PySys/software_management_end_to_end/environment_sm_management.py", line 361, in wait_until_status
    raise SystemError("The operation has failed")
SystemError: The operation has failed
14:54:13 WARN  SystemError: The operation has failed ... blocked 
14:54:13 INFO  
14:54:13 INFO  cleanup:
14:54:17 INFO  Executed sudo&lt;tedge_disconnect_c8y&gt;, exit status 0
14:54:18 INFO  Executed systemctl&lt;serv_mapper5&gt;, exit status 3
14:54:18 INFO  
14:54:18 INFO  Test duration: 40.74 secs
14:54:18 INFO  Test final outcome:  BLOCKED
14:54:18 INFO  Test outcome reason: SystemError: The operation has failed
14:54:18 INFO  
</system-out>
	</testcase>
</testsuite><testsuite name="SoftwareManagement.sm_fake_install_remove" tests="2" errors="0" failures="0" skipped="1" time="0"><testcase classname="PySysTest" name="SoftwareManagement.sm_fake_install_remove">
		<skipped message="SKIPPED: Testing the fake plugin is not enabled.Use parameter -Xfakeplugin=fakeplugin to enable it" />
		<system-out>13:48:49 INFO  ==============================================================
13:48:49 INFO  Id:    SoftwareManagement.sm_fake_install_remove
13:48:49 INFO  Dir:   software_management_end_to_end/
13:48:49 INFO  Title: Validate end to end behaviour for the dummy plugin for installation and removal of packages
13:48:49 INFO  ==============================================================
13:48:49 INFO  Testing the fake plugin is not enabled.Use parameter -Xfakeplugin=fakeplugin to enable it ... skipped
13:48:49 WARN  Aborted test due to SKIPPED outcome
13:48:49 INFO  
13:48:49 INFO  Test duration: 0.02 secs
13:48:49 INFO  Test final outcome:  SKIPPED
13:48:49 INFO  Test outcome reason: Testing the fake plugin is not enabled.Use parameter -Xfakeplugin=fakeplugin to enable it
13:48:49 INFO  
</system-out>
	</testcase>
<testcase classname="PySysTest" name="SoftwareManagement.sm_fake_install_remove" />
</testsuite><testsuite name="SoftwareManagement.sm_fake_install_remove_multiple" tests="2" errors="0" failures="0" skipped="1" time="0"><testcase classname="PySysTest" name="SoftwareManagement.sm_fake_install_remove_multiple">
		<skipped message="SKIPPED: Testing the fake plugin is not enabled.Use parameter -Xfakeplugin=fakeplugin to enable it" />
		<system-out>13:48:49 INFO  ==============================================================
13:48:49 INFO  Id:    SoftwareManagement.sm_fake_install_remove_multiple
13:48:49 INFO  Dir:   software_management_end_to_end/
13:48:49 INFO  Title: Validate end to end behaviour for the dummy-plugin for multiple packages
13:48:49 INFO  ==============================================================
13:48:49 INFO  Testing the fake plugin is not enabled.Use parameter -Xfakeplugin=fakeplugin to enable it ... skipped
13:48:49 WARN  Aborted test due to SKIPPED outcome
13:48:49 INFO  
13:48:49 INFO  Test duration: 0.02 secs
13:48:49 INFO  Test final outcome:  SKIPPED
13:48:49 INFO  Test outcome reason: Testing the fake plugin is not enabled.Use parameter -Xfakeplugin=fakeplugin to enable it
13:48:49 INFO  
</system-out>
	</testcase>
<testcase classname="PySysTest" name="SoftwareManagement.sm_fake_install_remove_multiple" />
</testsuite><testsuite name="SoftwareManagement.sm_mapper_fail_and_reconnect" tests="2" errors="0" failures="0" skipped="2" time="0"><testcase classname="MapperC8yReceiveLastMessageOnRestart" name="SoftwareManagement.sm_mapper_fail_and_reconnect">
		<skipped message="SKIPPED: instable https://github.com/thin-edge/thin-edge.io/issues/752" />
		<system-out>13:48:49 INFO  ==============================================================
13:48:49 INFO  Id:    SoftwareManagement.sm_mapper_fail_and_reconnect
13:48:49 INFO  Dir:   software_management_end_to_end/
13:48:49 INFO  Title: Validate the tedge-mapper-sm-c8y for receiving the last message on restart
13:48:49 INFO  ==============================================================
13:48:49 INFO  instable https://github.com/thin-edge/thin-edge.io/issues/752 ... skipped
13:48:49 INFO  
13:48:49 INFO  Test duration: 0.02 secs
13:48:49 INFO  Test final outcome:  SKIPPED
13:48:49 INFO  Test outcome reason: instable https://github.com/thin-edge/thin-edge.io/issues/752
13:48:49 INFO  
</system-out>
	</testcase>
<testcase classname="MapperC8yReceiveLastMessageOnRestart" name="SoftwareManagement.sm_mapper_fail_and_reconnect">
		<skipped message="SKIPPED: instable https://github.com/thin-edge/thin-edge.io/issues/752" />
		<system-out>14:55:58 INFO  ==============================================================
14:55:58 INFO  Id:    SoftwareManagement.sm_mapper_fail_and_reconnect
14:55:58 INFO  Dir:   software_management_end_to_end/
14:55:58 INFO  Title: Validate the tedge-mapper-sm-c8y for receiving the last message on restart
14:55:58 INFO  ==============================================================
14:55:58 INFO  instable https://github.com/thin-edge/thin-edge.io/issues/752 ... skipped
14:55:58 INFO  
14:55:58 INFO  Test duration: 0.02 secs
14:55:58 INFO  Test final outcome:  SKIPPED
14:55:58 INFO  Test outcome reason: instable https://github.com/thin-edge/thin-edge.io/issues/752
14:55:58 INFO  
</system-out>
	</testcase>
</testsuite><testsuite name="SoftwareManagement.sm_mixed_install_remove_multiple" tests="2" errors="0" failures="1" skipped="1" time="0"><testcase classname="PySysTest" name="SoftwareManagement.sm_mixed_install_remove_multiple">
		<skipped message="SKIPPED: Testing the fake plugin is not enabled.Use parameter -Xfakeplugin=fakeplugin to enable it" />
		<system-out>13:48:49 INFO  ==============================================================
13:48:49 INFO  Id:    SoftwareManagement.sm_mixed_install_remove_multiple
13:48:49 INFO  Dir:   software_management_end_to_end/
13:48:49 INFO  Title: Validate end to end behaviour for the dummy-plugin for multiple packages with mixed versions
13:48:49 INFO  ==============================================================
13:48:49 INFO  Testing the fake plugin is not enabled.Use parameter -Xfakeplugin=fakeplugin to enable it ... skipped
13:48:49 WARN  Aborted test due to SKIPPED outcome
13:48:49 INFO  
13:48:49 INFO  Test duration: 0.02 secs
13:48:49 INFO  Test final outcome:  SKIPPED
13:48:49 INFO  Test outcome reason: Testing the fake plugin is not enabled.Use parameter -Xfakeplugin=fakeplugin to enable it
13:48:49 INFO  
</system-out>
	</testcase>
<testcase classname="PySysTest" name="SoftwareManagement.sm_mixed_install_remove_multiple">
		<failure message="BLOCKED: SystemError: The operation has failed (+1 other failures)" type="BLOCKED" />
		<system-out>14:55:58 INFO  ==============================================================
14:55:58 INFO  Id:    SoftwareManagement.sm_mixed_install_remove_multiple
14:55:58 INFO  Dir:   software_management_end_to_end/
14:55:58 INFO  Title: Validate end to end behaviour for the dummy-plugin for multiple packages with mixed versions
14:55:58 INFO  ==============================================================
14:55:58 INFO  Using sw id database: {'asciijump': '5475369', 'robotfindskitten': '5474869', 'squirrel3': '5475279', 'rolldice': '5152439', 'moon-buggy': '5439204', 'apple': '5495053', 'banana': '5494888', 'cherry': '5495382', 'watermelon': '5494510', 'registry': '8018911', 'hello-world': '8021526', 'docker/getting-started': '8021973', 'alpine': '7991792'}
14:55:58 INFO  EnvironmentC8y Setup
14:55:59 INFO  Executed systemctl&lt;serv_mapper1&gt;, exit status 3
14:55:59 INFO  Restarting mosquitto too frequently in the last 10 seconds. It was only up for 5 seconds
14:55:59 INFO  Delaying execution by 6 seconds
14:56:19 INFO  Executed sudo&lt;tedge_connect_c8y&gt;, exit status 0, duration 14 secs
14:56:20 INFO  Executed sudo&lt;tedge_connect_c8y_test&gt;, exit status 0
14:56:20 INFO  Executed systemctl&lt;serv_mosq2&gt;, exit status 0
14:56:21 INFO  Executed systemctl&lt;serv_mapper3&gt;, exit status 0
14:56:23 INFO  State of current operation: SUCCESSFUL
14:56:23 INFO  Package apple is installed
14:56:23 INFO  Assert that (True == value) with value=True ... passed
14:56:23 INFO  Package banana is installed
14:56:23 INFO  Assert that (True == value) with value=True ... passed
14:56:24 INFO  Package cherry is installed
14:56:24 INFO  Assert that (True == value) with value=True ... passed
14:56:24 INFO  Package asciijump is installed
14:56:24 WARN  Assert that (False == value) with value=True ... failed 
14:56:24 INFO  Assert that (False == value) with value=False ... passed
14:56:24 INFO  Response status: 201
14:56:24 INFO  Response to action: {
    "delivery": {
        "time": "2022-04-21T14:56:24.861Z",
        "log": [],
        "status": "PENDING"
    },
    "creationTime": "2022-04-21T14:56:24.847Z",
    "deviceName": "mythicb",
    "deviceId": "17564065",
    "self": "https://t493319102.eu-latest.cumulocity.com/devicecontrol/operations/17588979",
    "id": "17588979",
    "status": "PENDING",
    "description": "Apply software changes, triggered from PySys: [{'action': 'install', 'id': '5495053', 'name': 'apple', 'url': ' ', 'version': '::fruits'}, {'action': 'install', 'id': '5494888', 'name': 'banana', 'url': ' ', 'version': '::fruits'}, {'action': 'install', 'id': '5475369', 'name': 'asciijump', 'url': ' ', 'version': '::apt'}, {'action': 'install', 'id': '5495382', 'name': 'cherry', 'url': ' ', 'version': '::fruits'}, {'action': 'install', 'id': '8018911', 'name': 'registry', 'url': ' ', 'version': '::docker'}]",
    "c8y_SoftwareUpdate": [
        {
            "name": "apple",
            "action": "install",
            "id": "5495053",
            "version": "::fruits",
            "url": " "
        },
        {
            "name": "banana",
            "action": "install",
            "id": "5494888",
            "version": "::fruits",
            "url": " "
        },
        {
            "name": "asciijump",
            "action": "install",
            "id": "5475369",
            "version": "::apt",
            "url": " "
        },
        {
            "name": "cherry",
            "action": "install",
            "id": "5495382",
            "version": "::fruits",
            "url": " "
        },
        {
            "name": "registry",
            "action": "install",
            "id": "8018911",
            "version": "::docker",
            "url": " "
        }
    ]
}
14:56:24 INFO  Started operation: {'delivery': {'time': '2022-04-21T14:56:24.861Z', 'log': [], 'status': 'PENDING'}, 'creationTime': '2022-04-21T14:56:24.847Z', 'deviceName': 'mythicb', 'deviceId': '17564065', 'self': 'https://t493319102.eu-latest.cumulocity.com/devicecontrol/operations/17588979', 'id': '17588979', 'status': 'PENDING', 'description': "Apply software changes, triggered from PySys: [{'action': 'install', 'id': '5495053', 'name': 'apple', 'url': ' ', 'version': '::fruits'}, {'action': 'install', 'id': '5494888', 'name': 'banana', 'url': ' ', 'version': '::fruits'}, {'action': 'install', 'id': '5475369', 'name': 'asciijump', 'url': ' ', 'version': '::apt'}, {'action': 'install', 'id': '5495382', 'name': 'cherry', 'url': ' ', 'version': '::fruits'}, {'action': 'install', 'id': '8018911', 'name': 'registry', 'url': ' ', 'version': '::docker'}]", 'c8y_SoftwareUpdate': [{'name': 'apple', 'action': 'install', 'id': '5495053', 'version': '::fruits', 'url': ' '}, {'name': 'banana', 'action': 'install', 'id': '5494888', 'version': '::fruits', 'url': ' '}, {'name': 'asciijump', 'action': 'install', 'id': '5475369', 'version': '::apt', 'url': ' '}, {'name': 'cherry', 'action': 'install', 'id': '5495382', 'version': '::fruits', 'url': ' '}, {'name': 'registry', 'action': 'install', 'id': '8018911', 'version': '::docker', 'url': ' '}]}
14:56:27 INFO  State of operation 17588979 : PENDING
14:56:29 INFO  State of operation 17588979 : EXECUTING
14:56:31 INFO  State of operation 17588979 : EXECUTING
14:56:33 INFO  State of operation 17588979 : EXECUTING
14:56:36 INFO  State of operation 17588979 : EXECUTING
14:56:38 INFO  State of operation 17588979 : EXECUTING
14:56:41 INFO  State of operation 17588979 : EXECUTING
14:56:43 INFO  State of operation 17588979 : EXECUTING
14:56:46 INFO  State of operation 17588979 : EXECUTING
14:56:48 INFO  State of operation 17588979 : EXECUTING
14:56:50 INFO  State of operation 17588979 : EXECUTING
14:56:53 INFO  State of operation 17588979 : EXECUTING
14:56:55 INFO  State of operation 17588979 : EXECUTING
14:56:57 INFO  State of operation 17588979 : EXECUTING
14:56:59 INFO  State of operation 17588979 : EXECUTING
14:57:01 INFO  State of operation 17588979 : EXECUTING
14:57:04 INFO  State of operation 17588979 : EXECUTING
14:57:06 INFO  State of operation 17588979 : FAILED
14:57:06 ERROR Stopping as the operation has failed
14:57:06 WARN  SystemError occurred while running test - The operation has failed
Traceback (most recent call last):
  File "/home/pi/env-pysys/lib/python3.7/site-packages/pysys/baserunner.py", line 1294, in __call__
    self.testObj.execute()
  File "/home/pi/actions-runner/_work/thin-edge.io/thin-edge.io/tests/PySys/software_management_end_to_end/sm_mixed_install_remove_multiple/run.py", line 95, in execute
    self.wait_until_succcess()
  File "/home/pi/actions-runner/_work/thin-edge.io/thin-edge.io/tests/PySys/software_management_end_to_end/environment_sm_management.py", line 324, in wait_until_succcess
    self.wait_until_status("SUCCESSFUL")
  File "/home/pi/actions-runner/_work/thin-edge.io/thin-edge.io/tests/PySys/software_management_end_to_end/environment_sm_management.py", line 361, in wait_until_status
    raise SystemError("The operation has failed")
SystemError: The operation has failed
14:57:06 WARN  SystemError: The operation has failed ... blocked 
14:57:06 INFO  
14:57:06 INFO  cleanup:
14:57:10 INFO  Executed sudo&lt;tedge_disconnect_c8y&gt;, exit status 0
14:57:11 INFO  Executed systemctl&lt;serv_mapper5&gt;, exit status 3
14:57:11 INFO  
14:57:11 INFO  Test duration: 72.33 secs
14:57:11 INFO  Test final outcome:  BLOCKED
14:57:11 INFO  Test outcome reason: SystemError: The operation has failed (+1 other failures)
14:57:11 INFO  
</system-out>
	</testcase>
</testsuite><testsuite name="agent_init_session" tests="1" errors="0" failures="1" skipped="0" time="0"><testcase classname="AgentInitSession" name="agent_init_session">
		<failure message="FAILED: Grep on sub_resp.out contains &quot;Ld3KgqpcLDlrYH6sfpG7w&quot;" type="FAILED" />
		<system-out>13:49:43 INFO  ==============================================================
13:49:43 INFO  Id:    agent_init_session
13:49:43 INFO  Dir:   tedge_agent/
13:49:43 INFO  Title: Validate tedge agent init session feature
13:49:43 INFO  ==============================================================
13:49:43 INFO  Executed sudo&lt;remove_lock&gt;, exit status 0
13:49:44 INFO  Executed sudo&lt;agent_clear&gt;, exit status 0
13:49:44 INFO  Executed sudo&lt;agent_init&gt;, exit status 0
13:49:45 INFO  Executed sudo&lt;pub_req&gt;, exit status 0
13:49:45 INFO  Started sudo&lt;sub_resp&gt; with process id 8827
13:49:45 INFO  Executed sudo&lt;agent_start&gt;, exit status 0
13:49:45 INFO  Waiting for 2.0 seconds
13:49:48 INFO  Executed sudo&lt;agent_stop&gt;, exit status 0
13:49:49 INFO  Executed sudo&lt;sub_stop&gt;, exit status 0
13:49:49 WARN  Grep on sub_resp.out contains "Ld3KgqpcLDlrYH6sfpG7w" ... failed [run.py:87]
13:49:49 INFO  
13:49:49 INFO  Test duration: 6.35 secs
13:49:49 INFO  Test final outcome:  FAILED
13:49:49 INFO  Test outcome reason: Grep on sub_resp.out contains "Ld3KgqpcLDlrYH6sfpG7w"
13:49:49 INFO  
</system-out>
	</testcase>
</testsuite><testsuite name="apt_fail_noarg" tests="2" errors="0" failures="0" skipped="1" time="0"><testcase classname="AptPluginFailNoArg" name="apt_fail_noarg">
		<skipped message="SKIPPED: Testing the apt plugin is not supported on this platform.To run the tests call PySys with -XmyPlatform='container'" />
		<system-out>13:39:01 INFO  ==============================================================
13:39:01 INFO  Id:    apt_fail_noarg
13:39:01 INFO  Dir:   plugin_apt/
13:39:01 INFO  Title: Validate apt plugin fetures(prepare, list, install, remove finalize) without arguments
13:39:01 INFO  ==============================================================
13:39:01 INFO  Testing the apt plugin is not supported on this platform.To run the tests call PySys with -XmyPlatform='container' ... skipped
13:39:01 WARN  Aborted test due to SKIPPED outcome
13:39:01 INFO  
13:39:01 INFO  Test duration: 0.04 secs
13:39:01 INFO  Test final outcome:  SKIPPED
13:39:01 INFO  Test outcome reason: Testing the apt plugin is not supported on this platform.To run the tests call PySys with -XmyPlatform='container'
13:39:01 INFO  
</system-out>
	</testcase>
<testcase classname="AptPluginFailNoArg" name="apt_fail_noarg" />
</testsuite><testsuite name="apt_finalize" tests="2" errors="0" failures="0" skipped="1" time="0"><testcase classname="AptPluginFinalize" name="apt_finalize">
		<skipped message="SKIPPED: Testing the apt plugin is not supported on this platform.To run the tests call PySys with -XmyPlatform='container'" />
		<system-out>13:39:01 INFO  ==============================================================
13:39:01 INFO  Id:    apt_finalize
13:39:01 INFO  Dir:   plugin_apt/
13:39:01 INFO  Title: Validate apt plugin finalize - dense version
13:39:01 INFO  ==============================================================
13:39:01 INFO  Testing the apt plugin is not supported on this platform.To run the tests call PySys with -XmyPlatform='container' ... skipped
13:39:01 WARN  Aborted test due to SKIPPED outcome
13:39:01 INFO  
13:39:01 INFO  Test duration: 0.02 secs
13:39:01 INFO  Test final outcome:  SKIPPED
13:39:01 INFO  Test outcome reason: Testing the apt plugin is not supported on this platform.To run the tests call PySys with -XmyPlatform='container'
13:39:01 INFO  
</system-out>
	</testcase>
<testcase classname="AptPluginFinalize" name="apt_finalize" />
</testsuite><testsuite name="apt_install" tests="2" errors="0" failures="0" skipped="1" time="0"><testcase classname="AptPluginInstallDense" name="apt_install">
		<skipped message="SKIPPED: Testing the apt plugin is not supported on this platform.To run the tests call PySys with -XmyPlatform='container'" />
		<system-out>13:39:01 INFO  ==============================================================
13:39:01 INFO  Id:    apt_install
13:39:01 INFO  Dir:   plugin_apt/
13:39:01 INFO  Title: Validate apt plugin prepare - dense version
13:39:01 INFO  ==============================================================
13:39:01 INFO  Testing the apt plugin is not supported on this platform.To run the tests call PySys with -XmyPlatform='container' ... skipped
13:39:01 WARN  Aborted test due to SKIPPED outcome
13:39:01 INFO  
13:39:01 INFO  Test duration: 0.02 secs
13:39:01 INFO  Test final outcome:  SKIPPED
13:39:01 INFO  Test outcome reason: Testing the apt plugin is not supported on this platform.To run the tests call PySys with -XmyPlatform='container'
13:39:01 INFO  
</system-out>
	</testcase>
<testcase classname="AptPluginInstallDense" name="apt_install" />
</testsuite><testsuite name="apt_install_fail" tests="2" errors="0" failures="0" skipped="1" time="0"><testcase classname="AptPluginInstallFail" name="apt_install_fail">
		<skipped message="SKIPPED: Testing the apt plugin is not supported on this platform.To run the tests call PySys with -XmyPlatform='container'" />
		<system-out>13:39:01 INFO  ==============================================================
13:39:01 INFO  Id:    apt_install_fail
13:39:01 INFO  Dir:   plugin_apt/
13:39:01 INFO  Title: Validate apt plugin prepare - failing
13:39:01 INFO  ==============================================================
13:39:01 INFO  Testing the apt plugin is not supported on this platform.To run the tests call PySys with -XmyPlatform='container' ... skipped
13:39:01 WARN  Aborted test due to SKIPPED outcome
13:39:01 INFO  
13:39:01 INFO  Test duration: 0.02 secs
13:39:01 INFO  Test final outcome:  SKIPPED
13:39:01 INFO  Test outcome reason: Testing the apt plugin is not supported on this platform.To run the tests call PySys with -XmyPlatform='container'
13:39:01 INFO  
</system-out>
	</testcase>
<testcase classname="AptPluginInstallFail" name="apt_install_fail" />
</testsuite><testsuite name="apt_install_local_file" tests="2" errors="0" failures="0" skipped="1" time="0"><testcase classname="AptPluginInstallFromLocalFile" name="apt_install_local_file">
		<skipped message="SKIPPED: Testing the apt plugin is not supported on this platform.To run the tests call PySys with -XmyPlatform='container'" />
		<system-out>13:39:01 INFO  ==============================================================
13:39:01 INFO  Id:    apt_install_local_file
13:39:01 INFO  Dir:   plugin_apt/
13:39:01 INFO  Title: Validate apt plugin install from local file - SUCCESS case
13:39:01 INFO  ==============================================================
13:39:01 INFO  Testing the apt plugin is not supported on this platform.To run the tests call PySys with -XmyPlatform='container' ... skipped
13:39:01 WARN  Aborted test due to SKIPPED outcome
13:39:01 INFO  
13:39:01 INFO  Test duration: 0.02 secs
13:39:01 INFO  Test final outcome:  SKIPPED
13:39:01 INFO  Test outcome reason: Testing the apt plugin is not supported on this platform.To run the tests call PySys with -XmyPlatform='container'
13:39:01 INFO  
</system-out>
	</testcase>
<testcase classname="AptPluginInstallFromLocalFile" name="apt_install_local_file" />
</testsuite><testsuite name="apt_install_local_file_fail" tests="2" errors="0" failures="0" skipped="1" time="0"><testcase classname="AptPluginInstallFromLocalFileFail" name="apt_install_local_file_fail">
		<skipped message="SKIPPED: Testing the apt plugin is not supported on this platform.To run the tests call PySys with -XmyPlatform='container'" />
		<system-out>13:39:01 INFO  ==============================================================
13:39:01 INFO  Id:    apt_install_local_file_fail
13:39:01 INFO  Dir:   plugin_apt/
13:39:01 INFO  Title: Validate apt plugin install from local file - FAIL case
13:39:01 INFO  ==============================================================
13:39:01 INFO  Testing the apt plugin is not supported on this platform.To run the tests call PySys with -XmyPlatform='container' ... skipped
13:39:01 WARN  Aborted test due to SKIPPED outcome
13:39:01 INFO  
13:39:01 INFO  Test duration: 0.02 secs
13:39:01 INFO  Test final outcome:  SKIPPED
13:39:01 INFO  Test outcome reason: Testing the apt plugin is not supported on this platform.To run the tests call PySys with -XmyPlatform='container'
13:39:01 INFO  
</system-out>
	</testcase>
<testcase classname="AptPluginInstallFromLocalFileFail" name="apt_install_local_file_fail" />
</testsuite><testsuite name="apt_install_local_file_with_version" tests="2" errors="0" failures="0" skipped="1" time="0"><testcase classname="AptPluginInstallFromLocalFileWithVersion" name="apt_install_local_file_with_version">
		<skipped message="SKIPPED: Testing the apt plugin is not supported on this platform.To run the tests call PySys with -XmyPlatform='container'" />
		<system-out>13:39:01 INFO  ==============================================================
13:39:01 INFO  Id:    apt_install_local_file_with_version
13:39:01 INFO  Dir:   plugin_apt/
13:39:01 INFO  Title: Validate apt plugin install from local file AND with a version - SUCCESS case
13:39:01 INFO  ==============================================================
13:39:01 INFO  Testing the apt plugin is not supported on this platform.To run the tests call PySys with -XmyPlatform='container' ... skipped
13:39:01 WARN  Aborted test due to SKIPPED outcome
13:39:02 INFO  
13:39:02 INFO  Test duration: 0.02 secs
13:39:02 INFO  Test final outcome:  SKIPPED
13:39:02 INFO  Test outcome reason: Testing the apt plugin is not supported on this platform.To run the tests call PySys with -XmyPlatform='container'
13:39:02 INFO  
</system-out>
	</testcase>
<testcase classname="AptPluginInstallFromLocalFileWithVersion" name="apt_install_local_file_with_version" />
</testsuite><testsuite name="apt_install_local_file_with_version_fail" tests="2" errors="0" failures="0" skipped="1" time="0"><testcase classname="AptPluginInstallFromLocalFileWithVersionFail" name="apt_install_local_file_with_version_fail">
		<skipped message="SKIPPED: Testing the apt plugin is not supported on this platform.To run the tests call PySys with -XmyPlatform='container'" />
		<system-out>13:39:02 INFO  ==============================================================
13:39:02 INFO  Id:    apt_install_local_file_with_version_fail
13:39:02 INFO  Dir:   plugin_apt/
13:39:02 INFO  Title: Validate apt plugin install from local file AND with a version - FAIL case
13:39:02 INFO  ==============================================================
13:39:02 INFO  Testing the apt plugin is not supported on this platform.To run the tests call PySys with -XmyPlatform='container' ... skipped
13:39:02 WARN  Aborted test due to SKIPPED outcome
13:39:02 INFO  
13:39:02 INFO  Test duration: 0.02 secs
13:39:02 INFO  Test final outcome:  SKIPPED
13:39:02 INFO  Test outcome reason: Testing the apt plugin is not supported on this platform.To run the tests call PySys with -XmyPlatform='container'
13:39:02 INFO  
</system-out>
	</testcase>
<testcase classname="AptPluginInstallFromLocalFileWithVersionFail" name="apt_install_local_file_with_version_fail" />
</testsuite><testsuite name="apt_list_format" tests="2" errors="0" failures="0" skipped="0" time="0"><testcase classname="AptPluginListFormat" name="apt_list_format" />
<testcase classname="AptPluginListFormat" name="apt_list_format" />
</testsuite><testsuite name="apt_prepare" tests="2" errors="0" failures="0" skipped="1" time="0"><testcase classname="AptPluginPrepare" name="apt_prepare">
		<skipped message="SKIPPED: Testing the apt plugin is not supported on this platform.To run the tests call PySys with -XmyPlatform='container'" />
		<system-out>13:39:05 INFO  ==============================================================
13:39:05 INFO  Id:    apt_prepare
13:39:05 INFO  Dir:   plugin_apt/
13:39:05 INFO  Title: Validate apt plugin install - dense version
13:39:05 INFO  ==============================================================
13:39:05 INFO  Testing the apt plugin is not supported on this platform.To run the tests call PySys with -XmyPlatform='container' ... skipped
13:39:05 WARN  Aborted test due to SKIPPED outcome
13:39:05 INFO  
13:39:05 INFO  Test duration: 0.02 secs
13:39:05 INFO  Test final outcome:  SKIPPED
13:39:05 INFO  Test outcome reason: Testing the apt plugin is not supported on this platform.To run the tests call PySys with -XmyPlatform='container'
13:39:05 INFO  
</system-out>
	</testcase>
<testcase classname="AptPluginPrepare" name="apt_prepare" />
</testsuite><testsuite name="apt_prepare_install_finalize" tests="2" errors="0" failures="0" skipped="1" time="0"><testcase classname="AptPluginPrepareInstallFinalize" name="apt_prepare_install_finalize">
		<skipped message="SKIPPED: Testing the apt plugin is not supported on this platform.To run the tests call PySys with -XmyPlatform='container'" />
		<system-out>13:39:05 INFO  ==============================================================
13:39:05 INFO  Id:    apt_prepare_install_finalize
13:39:05 INFO  Dir:   plugin_apt/
13:39:05 INFO  Title: Validate apt plugin install use case
13:39:05 INFO  ==============================================================
13:39:05 INFO  Testing the apt plugin is not supported on this platform.To run the tests call PySys with -XmyPlatform='container' ... skipped
13:39:05 WARN  Aborted test due to SKIPPED outcome
13:39:05 INFO  
13:39:05 INFO  Test duration: 0.02 secs
13:39:05 INFO  Test final outcome:  SKIPPED
13:39:05 INFO  Test outcome reason: Testing the apt plugin is not supported on this platform.To run the tests call PySys with -XmyPlatform='container'
13:39:05 INFO  
</system-out>
	</testcase>
<testcase classname="AptPluginPrepareInstallFinalize" name="apt_prepare_install_finalize" />
</testsuite><testsuite name="apt_remove" tests="2" errors="0" failures="0" skipped="1" time="0"><testcase classname="AptPluginRemoveDense" name="apt_remove">
		<skipped message="SKIPPED: Testing the apt plugin is not supported on this platform.To run the tests call PySys with -XmyPlatform='container'" />
		<system-out>13:39:05 INFO  ==============================================================
13:39:05 INFO  Id:    apt_remove
13:39:05 INFO  Dir:   plugin_apt/
13:39:05 INFO  Title: Validate apt plugin prepare - dense version
13:39:05 INFO  ==============================================================
13:39:05 INFO  Testing the apt plugin is not supported on this platform.To run the tests call PySys with -XmyPlatform='container' ... skipped
13:39:05 WARN  Aborted test due to SKIPPED outcome
13:39:05 INFO  
13:39:05 INFO  Test duration: 0.02 secs
13:39:05 INFO  Test final outcome:  SKIPPED
13:39:05 INFO  Test outcome reason: Testing the apt plugin is not supported on this platform.To run the tests call PySys with -XmyPlatform='container'
13:39:05 INFO  
</system-out>
	</testcase>
<testcase classname="AptPluginRemoveDense" name="apt_remove" />
</testsuite><testsuite name="apt_remove_fail" tests="2" errors="0" failures="0" skipped="1" time="0"><testcase classname="AptPluginRemoveFails" name="apt_remove_fail">
		<skipped message="SKIPPED: Testing the apt plugin is not supported on this platform.To run the tests call PySys with -XmyPlatform='container'" />
		<system-out>13:39:05 INFO  ==============================================================
13:39:05 INFO  Id:    apt_remove_fail
13:39:05 INFO  Dir:   plugin_apt/
13:39:05 INFO  Title: Validate apt plugin prepare - failing
13:39:05 INFO  ==============================================================
13:39:05 INFO  Testing the apt plugin is not supported on this platform.To run the tests call PySys with -XmyPlatform='container' ... skipped
13:39:05 WARN  Aborted test due to SKIPPED outcome
13:39:05 INFO  
13:39:05 INFO  Test duration: 0.02 secs
13:39:05 INFO  Test final outcome:  SKIPPED
13:39:05 INFO  Test outcome reason: Testing the apt plugin is not supported on this platform.To run the tests call PySys with -XmyPlatform='container'
13:39:05 INFO  
</system-out>
	</testcase>
<testcase classname="AptPluginRemoveFails" name="apt_remove_fail" />
</testsuite><testsuite name="apt_sequence_install_with_version" tests="2" errors="0" failures="0" skipped="1" time="0"><testcase classname="AptPluginPrepInstallWithVersionFinalize" name="apt_sequence_install_with_version">
		<skipped message="SKIPPED: Testing the apt plugin is not supported on this platform.To run the tests call PySys with -XmyPlatform='container'" />
		<system-out>13:39:05 INFO  ==============================================================
13:39:05 INFO  Id:    apt_sequence_install_with_version
13:39:05 INFO  Dir:   plugin_apt/
13:39:05 INFO  Title: Validate apt plugin install with version use case
13:39:05 INFO  ==============================================================
13:39:05 INFO  Testing the apt plugin is not supported on this platform.To run the tests call PySys with -XmyPlatform='container' ... skipped
13:39:05 WARN  Aborted test due to SKIPPED outcome
13:39:05 INFO  
13:39:05 INFO  Test duration: 0.02 secs
13:39:05 INFO  Test final outcome:  SKIPPED
13:39:05 INFO  Test outcome reason: Testing the apt plugin is not supported on this platform.To run the tests call PySys with -XmyPlatform='container'
13:39:05 INFO  
</system-out>
	</testcase>
<testcase classname="AptPluginPrepInstallWithVersionFinalize" name="apt_sequence_install_with_version" />
</testsuite><testsuite name="apt_sequence_install_with_version_fail" tests="2" errors="0" failures="0" skipped="1" time="0"><testcase classname="AptPluginInstallWithVersionFails" name="apt_sequence_install_with_version_fail">
		<skipped message="SKIPPED: Testing the apt plugin is not supported on this platform.To run the tests call PySys with -XmyPlatform='container'" />
		<system-out>13:39:05 INFO  ==============================================================
13:39:05 INFO  Id:    apt_sequence_install_with_version_fail
13:39:05 INFO  Dir:   plugin_apt/
13:39:05 INFO  Title: Validate apt plugin install with version fails use case
13:39:05 INFO  ==============================================================
13:39:05 INFO  Testing the apt plugin is not supported on this platform.To run the tests call PySys with -XmyPlatform='container' ... skipped
13:39:05 WARN  Aborted test due to SKIPPED outcome
13:39:05 INFO  
13:39:05 INFO  Test duration: 0.02 secs
13:39:05 INFO  Test final outcome:  SKIPPED
13:39:05 INFO  Test outcome reason: Testing the apt plugin is not supported on this platform.To run the tests call PySys with -XmyPlatform='container'
13:39:05 INFO  
</system-out>
	</testcase>
<testcase classname="AptPluginInstallWithVersionFails" name="apt_sequence_install_with_version_fail" />
</testsuite><testsuite name="apt_sequence_remove" tests="2" errors="0" failures="0" skipped="1" time="0"><testcase classname="AptPluginInstallPrepareRemoveFinalize" name="apt_sequence_remove">
		<skipped message="SKIPPED: Testing the apt plugin is not supported on this platform.To run the tests call PySys with -XmyPlatform='container'" />
		<system-out>13:39:05 INFO  ==============================================================
13:39:05 INFO  Id:    apt_sequence_remove
13:39:05 INFO  Dir:   plugin_apt/
13:39:05 INFO  Title: Validate apt plugin prepare install remove finalize use case
13:39:05 INFO  ==============================================================
13:39:05 INFO  Testing the apt plugin is not supported on this platform.To run the tests call PySys with -XmyPlatform='container' ... skipped
13:39:05 WARN  Aborted test due to SKIPPED outcome
13:39:05 INFO  
13:39:05 INFO  Test duration: 0.02 secs
13:39:05 INFO  Test final outcome:  SKIPPED
13:39:05 INFO  Test outcome reason: Testing the apt plugin is not supported on this platform.To run the tests call PySys with -XmyPlatform='container'
13:39:05 INFO  
</system-out>
	</testcase>
<testcase classname="AptPluginInstallPrepareRemoveFinalize" name="apt_sequence_remove" />
</testsuite><testsuite name="apt_sequence_remove_with_version" tests="2" errors="0" failures="0" skipped="1" time="0"><testcase classname="AptPluginRemoveWithVersion" name="apt_sequence_remove_with_version">
		<skipped message="SKIPPED: Testing the apt plugin is not supported on this platform.To run the tests call PySys with -XmyPlatform='container'" />
		<system-out>13:39:05 INFO  ==============================================================
13:39:05 INFO  Id:    apt_sequence_remove_with_version
13:39:05 INFO  Dir:   plugin_apt/
13:39:05 INFO  Title: Validate apt plugin remove with version use case
13:39:05 INFO  ==============================================================
13:39:05 INFO  Testing the apt plugin is not supported on this platform.To run the tests call PySys with -XmyPlatform='container' ... skipped
13:39:05 WARN  Aborted test due to SKIPPED outcome
13:39:05 INFO  
13:39:05 INFO  Test duration: 0.02 secs
13:39:05 INFO  Test final outcome:  SKIPPED
13:39:05 INFO  Test outcome reason: Testing the apt plugin is not supported on this platform.To run the tests call PySys with -XmyPlatform='container'
13:39:05 INFO  
</system-out>
	</testcase>
<testcase classname="AptPluginRemoveWithVersion" name="apt_sequence_remove_with_version" />
</testsuite><testsuite name="apt_sequence_remove_with_version_fail" tests="2" errors="0" failures="0" skipped="1" time="0"><testcase classname="AptPluginRemoveWithVersionFails" name="apt_sequence_remove_with_version_fail">
		<skipped message="SKIPPED: Testing the apt plugin is not supported on this platform.To run the tests call PySys with -XmyPlatform='container'" />
		<system-out>13:39:05 INFO  ==============================================================
13:39:05 INFO  Id:    apt_sequence_remove_with_version_fail
13:39:05 INFO  Dir:   plugin_apt/
13:39:05 INFO  Title: Validate apt plugin remove with version fails when the version not found
13:39:05 INFO  ==============================================================
13:39:05 INFO  Testing the apt plugin is not supported on this platform.To run the tests call PySys with -XmyPlatform='container' ... skipped
13:39:05 WARN  Aborted test due to SKIPPED outcome
13:39:05 INFO  
13:39:05 INFO  Test duration: 0.02 secs
13:39:05 INFO  Test final outcome:  SKIPPED
13:39:05 INFO  Test outcome reason: Testing the apt plugin is not supported on this platform.To run the tests call PySys with -XmyPlatform='container'
13:39:05 INFO  
</system-out>
	</testcase>
<testcase classname="AptPluginRemoveWithVersionFails" name="apt_sequence_remove_with_version_fail" />
</testsuite><testsuite name="apt_update_list" tests="2" errors="0" failures="0" skipped="1" time="0"><testcase classname="AptPluginUpdateList" name="apt_update_list">
		<skipped message="SKIPPED: Testing the apt plugin is not supported on this platform.To run the tests call PySys with -XmyPlatform='container'" />
		<system-out>13:39:06 INFO  ==============================================================
13:39:06 INFO  Id:    apt_update_list
13:39:06 INFO  Dir:   plugin_apt/
13:39:06 INFO  Title: Validate apt plugin update-list command use case
13:39:06 INFO  ==============================================================
13:39:06 INFO  Testing the apt plugin is not supported on this platform.To run the tests call PySys with -XmyPlatform='container' ... skipped
13:39:06 WARN  Aborted test due to SKIPPED outcome
13:39:06 INFO  
13:39:06 INFO  Test duration: 0.02 secs
13:39:06 INFO  Test final outcome:  SKIPPED
13:39:06 INFO  Test outcome reason: Testing the apt plugin is not supported on this platform.To run the tests call PySys with -XmyPlatform='container'
13:39:06 INFO  
</system-out>
	</testcase>
<testcase classname="AptPluginUpdateList" name="apt_update_list" />
</testsuite><testsuite name="apt_wrong_option" tests="2" errors="0" failures="0" skipped="1" time="0"><testcase classname="AptPluginWrongOption" name="apt_wrong_option">
		<skipped message="SKIPPED: Testing the apt plugin is not supported on this platform.To run the tests call PySys with -XmyPlatform='container'" />
		<system-out>13:39:06 INFO  ==============================================================
13:39:06 INFO  Id:    apt_wrong_option
13:39:06 INFO  Dir:   plugin_apt/
13:39:06 INFO  Title: Validate apt plugin install
13:39:06 INFO  ==============================================================
13:39:06 INFO  Testing the apt plugin is not supported on this platform.To run the tests call PySys with -XmyPlatform='container' ... skipped
13:39:06 WARN  Aborted test due to SKIPPED outcome
13:39:06 INFO  
13:39:06 INFO  Test duration: 0.02 secs
13:39:06 INFO  Test final outcome:  SKIPPED
13:39:06 INFO  Test outcome reason: Testing the apt plugin is not supported on this platform.To run the tests call PySys with -XmyPlatform='container'
13:39:06 INFO  
</system-out>
	</testcase>
<testcase classname="AptPluginWrongOption" name="apt_wrong_option" />
</testsuite><testsuite name="c8y_jwt_token_retrieval" tests="1" errors="0" failures="0" skipped="0" time="0"><testcase classname="ValidateJWTTokenRetrieval" name="c8y_jwt_token_retrieval" />
</testsuite><testsuite name="c8y_restart_bridge" tests="1" errors="0" failures="0" skipped="0" time="0"><testcase classname="RestartBridge" name="c8y_restart_bridge" />
</testsuite><testsuite name="call_tedge_-V" tests="1" errors="0" failures="0" skipped="0" time="0"><testcase classname="PySysTest" name="call_tedge_-V" />
</testsuite><testsuite name="call_tedge_-h" tests="1" errors="0" failures="0" skipped="0" time="0"><testcase classname="PySysTest" name="call_tedge_-h" />
</testsuite><testsuite name="call_tedge_-h_-V" tests="1" errors="0" failures="0" skipped="0" time="0"><testcase classname="PySysTest" name="call_tedge_-h_-V" />
</testsuite><testsuite name="call_tedge_config_help" tests="1" errors="0" failures="0" skipped="0" time="0"><testcase classname="PySysTest" name="call_tedge_config_help" />
</testsuite><testsuite name="call_tedge_config_list" tests="1" errors="0" failures="0" skipped="0" time="0"><testcase classname="PySysTest" name="call_tedge_config_list" />
</testsuite><testsuite name="custom_init_system" tests="1" errors="0" failures="0" skipped="0" time="0"><testcase classname="CustomInitSystem" name="custom_init_system" />
</testsuite><testsuite name="docker_plugin_finalize" tests="2" errors="0" failures="0" skipped="1" time="0"><testcase classname="DockerPluginFinalizeTest" name="docker_plugin_finalize">
		<skipped message="SKIPPED: Testing the docker plugin is not supported on this platform.To run it, all the test with -XmyPlatform='container'" />
		<system-out>13:39:06 INFO  ==============================================================
13:39:06 INFO  Id:    docker_plugin_finalize
13:39:06 INFO  Dir:   plugin_docker/
13:39:06 INFO  Title: Validate docker plugin finalize command
13:39:06 INFO  ==============================================================
13:39:06 INFO  Testing the docker plugin is not supported on this platform.To run it, all the test with -XmyPlatform='container' ... skipped
13:39:06 WARN  Aborted test due to SKIPPED outcome
13:39:06 INFO  
13:39:06 INFO  Test duration: 0.05 secs
13:39:06 INFO  Test final outcome:  SKIPPED
13:39:06 INFO  Test outcome reason: Testing the docker plugin is not supported on this platform.To run it, all the test with -XmyPlatform='container'
13:39:06 INFO  
</system-out>
	</testcase>
<testcase classname="DockerPluginFinalizeTest" name="docker_plugin_finalize" />
</testsuite><testsuite name="docker_plugin_install" tests="2" errors="0" failures="1" skipped="1" time="0"><testcase classname="DockerPluginInstallTest" name="docker_plugin_install">
		<skipped message="SKIPPED: Testing the docker plugin is not supported on this platform.To run it, all the test with -XmyPlatform='container'" />
		<system-out>13:39:06 INFO  ==============================================================
13:39:06 INFO  Id:    docker_plugin_install
13:39:06 INFO  Dir:   plugin_docker/
13:39:06 INFO  Title: Validate docker plugin install
13:39:06 INFO  ==============================================================
13:39:06 INFO  Testing the docker plugin is not supported on this platform.To run it, all the test with -XmyPlatform='container' ... skipped
13:39:06 WARN  Aborted test due to SKIPPED outcome
13:39:06 INFO  
13:39:06 INFO  Test duration: 0.02 secs
13:39:06 INFO  Test final outcome:  SKIPPED
13:39:06 INFO  Test outcome reason: Testing the docker plugin is not supported on this platform.To run it, all the test with -XmyPlatform='container'
13:39:06 INFO  
</system-out>
	</testcase>
<testcase classname="DockerPluginInstallTest" name="docker_plugin_install">
		<failure message="BLOCKED: sudo&lt;plugin_install&gt; returned non-zero exit code 2 (+1 other failures)" type="BLOCKED" />
		<system-out>14:33:59 INFO  ==============================================================
14:33:59 INFO  Id:    docker_plugin_install
14:33:59 INFO  Dir:   plugin_docker/
14:33:59 INFO  Title: Validate docker plugin install
14:33:59 INFO  ==============================================================
14:33:59 INFO  Executed sudo&lt;docker_images&gt;, exit status 0
14:33:59 INFO  Grep on file /home/pi/actions-runner/_work/thin-edge.io/thin-edge.io/tests/PySys/plugin_docker/docker_plugin_install/Output/linux/docker_images.out ... passed
14:34:02 WARN  Executed sudo&lt;plugin_install&gt;, exit status 2
14:34:02 WARN  sudo&lt;plugin_install&gt; returned non-zero exit code 2 ... blocked [environment_docker_plugin.py:136,environment_docker_plugin.py:144,run.py:23]
14:34:03 INFO  Executed sudo&lt;docker_ps_latest&gt;, exit status 0
14:34:04 INFO  Executed sudo&lt;docker_ps&gt;, exit status 0
14:34:04 WARN  Grep on /home/pi/actions-runner/_work/thin-edge.io/thin-edge.io/tests/PySys/plugin_docker/docker_plugin_install/Output/linux/docker_ps.out contains "registry" ... failed [environment_docker_plugin.py:49,run.py:26]
14:34:04 INFO  
14:34:04 INFO  cleanup:
14:34:04 INFO  Removing containers scheduled to be cleaned up: ['']
14:34:05 WARN  Executed sudo&lt;containers_for_cleanup&gt;, exit status 1
14:34:05 INFO  Removing images scheduled to be cleaned up: ['registry', 'registry']
14:34:06 INFO  Executed sudo&lt;containers_for_cleanup&gt;, exit status 0
14:34:06 INFO  
14:34:06 INFO  Test duration: 7.18 secs
14:34:06 INFO  Test final outcome:  BLOCKED
14:34:06 INFO  Test outcome reason: sudo&lt;plugin_install&gt; returned non-zero exit code 2 (+1 other failures)
14:34:06 INFO  
</system-out>
	</testcase>
</testsuite><testsuite name="docker_plugin_install_with_version" tests="2" errors="0" failures="1" skipped="1" time="0"><testcase classname="DockerPluginInstallWithVersionTest" name="docker_plugin_install_with_version">
		<skipped message="SKIPPED: Testing the docker plugin is not supported on this platform.To run it, all the test with -XmyPlatform='container'" />
		<system-out>13:39:06 INFO  ==============================================================
13:39:06 INFO  Id:    docker_plugin_install_with_version
13:39:06 INFO  Dir:   plugin_docker/
13:39:06 INFO  Title: Validate docker plugin install
13:39:06 INFO  ==============================================================
13:39:06 INFO  Testing the docker plugin is not supported on this platform.To run it, all the test with -XmyPlatform='container' ... skipped
13:39:06 WARN  Aborted test due to SKIPPED outcome
13:39:06 INFO  
13:39:06 INFO  Test duration: 0.02 secs
13:39:06 INFO  Test final outcome:  SKIPPED
13:39:06 INFO  Test outcome reason: Testing the docker plugin is not supported on this platform.To run it, all the test with -XmyPlatform='container'
13:39:06 INFO  
</system-out>
	</testcase>
<testcase classname="DockerPluginInstallWithVersionTest" name="docker_plugin_install_with_version">
		<failure message="BLOCKED: sudo&lt;plugin_install&gt; returned non-zero exit code 2 (+1 other failures)" type="BLOCKED" />
		<system-out>14:34:06 INFO  ==============================================================
14:34:06 INFO  Id:    docker_plugin_install_with_version
14:34:06 INFO  Dir:   plugin_docker/
14:34:06 INFO  Title: Validate docker plugin install
14:34:06 INFO  ==============================================================
14:34:07 INFO  Executed sudo&lt;docker_images&gt;, exit status 0
14:34:07 INFO  Grep on file /home/pi/actions-runner/_work/thin-edge.io/thin-edge.io/tests/PySys/plugin_docker/docker_plugin_install_with_version/Output/linux/docker_images.out ... passed
14:34:09 WARN  Executed sudo&lt;plugin_install&gt;, exit status 2
14:34:09 WARN  sudo&lt;plugin_install&gt; returned non-zero exit code 2 ... blocked [environment_docker_plugin.py:136,environment_docker_plugin.py:144,run.py:24]
14:34:10 INFO  Executed sudo&lt;docker_ps_latest&gt;, exit status 0
14:34:11 INFO  Executed sudo&lt;docker_ps&gt;, exit status 0
14:34:11 WARN  Grep on /home/pi/actions-runner/_work/thin-edge.io/thin-edge.io/tests/PySys/plugin_docker/docker_plugin_install_with_version/Output/linux/docker_ps.out contains "registry:2.7.1" ... failed [environment_docker_plugin.py:49,run.py:28]
14:34:11 INFO  
14:34:11 INFO  cleanup:
14:34:11 INFO  Removing containers scheduled to be cleaned up: ['', '']
14:34:12 WARN  Executed sudo&lt;containers_for_cleanup&gt;, exit status 1
14:34:12 INFO  Removing images scheduled to be cleaned up: ['registry', 'registry', 'registry:2.7.1']
14:34:13 INFO  Executed sudo&lt;containers_for_cleanup&gt;, exit status 0
14:34:13 INFO  
14:34:13 INFO  Test duration: 6.80 secs
14:34:13 INFO  Test final outcome:  BLOCKED
14:34:13 INFO  Test outcome reason: sudo&lt;plugin_install&gt; returned non-zero exit code 2 (+1 other failures)
14:34:13 INFO  
</system-out>
	</testcase>
</testsuite><testsuite name="docker_plugin_remove" tests="2" errors="0" failures="1" skipped="1" time="0"><testcase classname="DockerPluginRemoveTest" name="docker_plugin_remove">
		<skipped message="SKIPPED: Testing the docker plugin is not supported on this platform.To run it, all the test with -XmyPlatform='container'" />
		<system-out>13:39:06 INFO  ==============================================================
13:39:06 INFO  Id:    docker_plugin_remove
13:39:06 INFO  Dir:   plugin_docker/
13:39:06 INFO  Title: Validate docker plugin remove
13:39:06 INFO  ==============================================================
13:39:06 INFO  Testing the docker plugin is not supported on this platform.To run it, all the test with -XmyPlatform='container' ... skipped
13:39:06 WARN  Aborted test due to SKIPPED outcome
13:39:06 INFO  
13:39:06 INFO  Test duration: 0.02 secs
13:39:06 INFO  Test final outcome:  SKIPPED
13:39:06 INFO  Test outcome reason: Testing the docker plugin is not supported on this platform.To run it, all the test with -XmyPlatform='container'
13:39:06 INFO  
</system-out>
	</testcase>
<testcase classname="DockerPluginRemoveTest" name="docker_plugin_remove">
		<failure message="BLOCKED: sudo&lt;docker_run&gt; returned non-zero exit code 125" type="BLOCKED" />
		<system-out>14:34:13 INFO  ==============================================================
14:34:13 INFO  Id:    docker_plugin_remove
14:34:13 INFO  Dir:   plugin_docker/
14:34:13 INFO  Title: Validate docker plugin remove
14:34:13 INFO  ==============================================================
14:34:14 INFO  Executed sudo&lt;docker_images&gt;, exit status 0
14:34:14 INFO  Grep on file /home/pi/actions-runner/_work/thin-edge.io/thin-edge.io/tests/PySys/plugin_docker/docker_plugin_remove/Output/linux/docker_images.out ... passed
14:34:16 WARN  Executed sudo&lt;docker_run&gt;, exit status 125
14:34:16 INFO  Contents of docker_run.err: 
  Unable to find image 'registry:latest' locally
  docker: Error response from daemon: toomanyrequests: You have reached your pull rate limit. You may increase the limit by authenticating and upgrading: https://www.docker.com/increase-rate-limit.
  See 'docker run --help'.
  -----

14:34:16 WARN  sudo&lt;docker_run&gt; returned non-zero exit code 125 ... blocked 
14:34:16 WARN  Aborted test due to BLOCKED outcome
14:34:16 INFO  
14:34:16 INFO  cleanup:
14:34:16 INFO  Removing containers scheduled to be cleaned up: ['', '']
14:34:17 WARN  Executed sudo&lt;containers_for_cleanup&gt;, exit status 1
14:34:17 INFO  Removing images scheduled to be cleaned up: ['registry', 'registry', 'registry:2.7.1']
14:34:18 INFO  Executed sudo&lt;containers_for_cleanup&gt;, exit status 0
14:34:18 INFO  
14:34:18 INFO  Test duration: 4.97 secs
14:34:18 INFO  Test final outcome:  BLOCKED
14:34:18 INFO  Test outcome reason: sudo&lt;docker_run&gt; returned non-zero exit code 125
14:34:18 INFO  
</system-out>
	</testcase>
</testsuite><testsuite name="docker_plugin_remove_with_version" tests="2" errors="0" failures="1" skipped="1" time="0"><testcase classname="DockerPluginRemoveWithVersionTest" name="docker_plugin_remove_with_version">
		<skipped message="SKIPPED: Testing the docker plugin is not supported on this platform.To run it, all the test with -XmyPlatform='container'" />
		<system-out>13:39:06 INFO  ==============================================================
13:39:06 INFO  Id:    docker_plugin_remove_with_version
13:39:06 INFO  Dir:   plugin_docker/
13:39:06 INFO  Title: Validate docker plugin remove with version
13:39:06 INFO  ==============================================================
13:39:06 INFO  Testing the docker plugin is not supported on this platform.To run it, all the test with -XmyPlatform='container' ... skipped
13:39:06 WARN  Aborted test due to SKIPPED outcome
13:39:06 INFO  
13:39:06 INFO  Test duration: 0.04 secs
13:39:06 INFO  Test final outcome:  SKIPPED
13:39:06 INFO  Test outcome reason: Testing the docker plugin is not supported on this platform.To run it, all the test with -XmyPlatform='container'
13:39:06 INFO  
</system-out>
	</testcase>
<testcase classname="DockerPluginRemoveWithVersionTest" name="docker_plugin_remove_with_version">
		<failure message="BLOCKED: sudo&lt;docker_run&gt; returned non-zero exit code 125" type="BLOCKED" />
		<system-out>14:34:18 INFO  ==============================================================
14:34:18 INFO  Id:    docker_plugin_remove_with_version
14:34:18 INFO  Dir:   plugin_docker/
14:34:18 INFO  Title: Validate docker plugin remove with version
14:34:18 INFO  ==============================================================
14:34:18 INFO  Executed sudo&lt;docker_images&gt;, exit status 0
14:34:18 INFO  Grep on file /home/pi/actions-runner/_work/thin-edge.io/thin-edge.io/tests/PySys/plugin_docker/docker_plugin_remove_with_version/Output/linux/docker_images.out ... passed
14:34:21 WARN  Executed sudo&lt;docker_run&gt;, exit status 125
14:34:21 INFO  Contents of docker_run.err: 
  Unable to find image 'registry:2.7.1' locally
  docker: Error response from daemon: toomanyrequests: You have reached your pull rate limit. You may increase the limit by authenticating and upgrading: https://www.docker.com/increase-rate-limit.
  See 'docker run --help'.
  -----

14:34:21 WARN  sudo&lt;docker_run&gt; returned non-zero exit code 125 ... blocked 
14:34:21 WARN  Aborted test due to BLOCKED outcome
14:34:21 INFO  
14:34:21 INFO  cleanup:
14:34:21 INFO  Removing containers scheduled to be cleaned up: ['', '']
14:34:21 WARN  Executed sudo&lt;containers_for_cleanup&gt;, exit status 1
14:34:21 INFO  Removing images scheduled to be cleaned up: ['registry', 'registry', 'registry:2.7.1']
14:34:22 INFO  Executed sudo&lt;containers_for_cleanup&gt;, exit status 0
14:34:22 INFO  
14:34:22 INFO  Test duration: 4.66 secs
14:34:22 INFO  Test final outcome:  BLOCKED
14:34:22 INFO  Test outcome reason: sudo&lt;docker_run&gt; returned non-zero exit code 125
14:34:22 INFO  
</system-out>
	</testcase>
</testsuite><testsuite name="docker_plugin_update" tests="2" errors="0" failures="1" skipped="1" time="0"><testcase classname="DockerPluginUpdateTest" name="docker_plugin_update">
		<skipped message="SKIPPED: Testing the docker plugin is not supported on this platform.To run it, all the test with -XmyPlatform='container'" />
		<system-out>13:39:06 INFO  ==============================================================
13:39:06 INFO  Id:    docker_plugin_update
13:39:06 INFO  Dir:   plugin_docker/
13:39:06 INFO  Title: Validate docker plugin install updates existing containers
13:39:06 INFO  ==============================================================
13:39:06 INFO  Testing the docker plugin is not supported on this platform.To run it, all the test with -XmyPlatform='container' ... skipped
13:39:06 WARN  Aborted test due to SKIPPED outcome
13:39:06 INFO  
13:39:06 INFO  Test duration: 0.02 secs
13:39:06 INFO  Test final outcome:  SKIPPED
13:39:06 INFO  Test outcome reason: Testing the docker plugin is not supported on this platform.To run it, all the test with -XmyPlatform='container'
13:39:06 INFO  
</system-out>
	</testcase>
<testcase classname="DockerPluginUpdateTest" name="docker_plugin_update">
		<failure message="BLOCKED: sudo&lt;docker_run&gt; returned non-zero exit code 125" type="BLOCKED" />
		<system-out>14:34:22 INFO  ==============================================================
14:34:22 INFO  Id:    docker_plugin_update
14:34:22 INFO  Dir:   plugin_docker/
14:34:22 INFO  Title: Validate docker plugin install updates existing containers
14:34:22 INFO  ==============================================================
14:34:23 INFO  Executed sudo&lt;docker_images&gt;, exit status 0
14:34:23 INFO  Grep on file /home/pi/actions-runner/_work/thin-edge.io/thin-edge.io/tests/PySys/plugin_docker/docker_plugin_update/Output/linux/docker_images.out ... passed
14:34:25 WARN  Executed sudo&lt;docker_run&gt;, exit status 125
14:34:25 INFO  Contents of docker_run.err: 
  Unable to find image 'registry:2.6.2' locally
  docker: Error response from daemon: toomanyrequests: You have reached your pull rate limit. You may increase the limit by authenticating and upgrading: https://www.docker.com/increase-rate-limit.
  See 'docker run --help'.
  -----

14:34:26 WARN  sudo&lt;docker_run&gt; returned non-zero exit code 125 ... blocked 
14:34:26 WARN  Aborted test due to BLOCKED outcome
14:34:26 INFO  
14:34:26 INFO  cleanup:
14:34:26 INFO  Removing containers scheduled to be cleaned up: ['', '']
14:34:26 WARN  Executed sudo&lt;containers_for_cleanup&gt;, exit status 1
14:34:26 INFO  Removing images scheduled to be cleaned up: ['registry', 'registry', 'registry:2.7.1']
14:34:27 INFO  Executed sudo&lt;containers_for_cleanup&gt;, exit status 0
14:34:27 INFO  
14:34:27 INFO  Test duration: 4.86 secs
14:34:27 INFO  Test final outcome:  BLOCKED
14:34:27 INFO  Test outcome reason: sudo&lt;docker_run&gt; returned non-zero exit code 125
14:34:27 INFO  
</system-out>
	</testcase>
</testsuite><testsuite name="invalid_device_id" tests="1" errors="0" failures="0" skipped="0" time="0"><testcase classname="InvalidDeviceId" name="invalid_device_id" />
</testsuite><testsuite name="local_mqtt_pub_fail_noqos" tests="1" errors="0" failures="0" skipped="0" time="0"><testcase classname="PySysTest" name="local_mqtt_pub_fail_noqos" />
</testsuite><testsuite name="local_mqtt_pub_fail_qos0" tests="1" errors="0" failures="0" skipped="0" time="0"><testcase classname="PySysTest" name="local_mqtt_pub_fail_qos0" />
</testsuite><testsuite name="local_mqtt_pub_fail_qos1" tests="1" errors="0" failures="0" skipped="0" time="0"><testcase classname="PySysTest" name="local_mqtt_pub_fail_qos1" />
</testsuite><testsuite name="local_mqtt_pub_fail_qos2" tests="1" errors="0" failures="0" skipped="0" time="0"><testcase classname="PySysTest" name="local_mqtt_pub_fail_qos2" />
</testsuite><testsuite name="local_mqtt_pub_sub" tests="1" errors="0" failures="0" skipped="0" time="0"><testcase classname="PySysTest" name="local_mqtt_pub_sub" />
</testsuite><testsuite name="local_mqtt_pub_sub_retain" tests="1" errors="0" failures="1" skipped="0" time="0"><testcase classname="MqttPublishWithRetain" name="local_mqtt_pub_sub_retain">
		<failure message="FAILED: Grep on temp_sensor_sub.out contains &quot;\[test/alarms/temp_sensor\] alarm msg 2&quot; (+1 other failures)" type="FAILED" />
		<system-out>13:35:52 INFO  ==============================================================
13:35:52 INFO  Id:    local_mqtt_pub_sub_retain
13:35:52 INFO  Dir:   local_mqtt/
13:35:52 INFO  Title: Validate local publishing with retain flag
13:35:52 INFO  ==============================================================
13:35:52 INFO  Executed tedge&lt;pub_to_set_alarm&gt;, exit status 0
13:35:53 INFO  Executed tedge&lt;pub_to_set_alarm&gt;, exit status 0
13:35:54 INFO  Started tedge&lt;temp_sensor_sub&gt; with process id 4965
13:35:54 INFO  Executed tedge&lt;pub_to_clear_alarm&gt;, exit status 0
13:35:56 INFO  Executed sudo&lt;kill_out&gt;, exit status 0
13:35:56 INFO  Executed tedge&lt;pub_to_clear_alarm&gt;, exit status 0
13:35:56 INFO  Started tedge&lt;temp_sensor_empty_message&gt; with process id 4970
13:35:58 INFO  Executed sudo&lt;kill_out&gt;, exit status 0
13:35:58 WARN  Grep on temp_sensor_sub.out contains "\[test/alarms/temp_sensor\] alarm msg 2" ... failed [run.py:139]
13:35:58 WARN  Grep on temp_sensor_sub.out contains "\[test/alarms/temp_sensor\] " ... failed [run.py:142]
13:35:58 INFO  Grep on file temp_sensor_empty_message.out ... passed
13:35:58 INFO  
13:35:58 INFO  Test duration: 6.11 secs
13:35:58 INFO  Test final outcome:  FAILED
13:35:58 INFO  Test outcome reason: Grep on temp_sensor_sub.out contains "\[test/alarms/temp_sensor\] alarm msg 2" (+1 other failures)
13:35:58 INFO  
</system-out>
	</testcase>
</testsuite><testsuite name="local_mqtt_pub_sub_with_sudo" tests="1" errors="0" failures="0" skipped="0" time="0"><testcase classname="PySysTest" name="local_mqtt_pub_sub_with_sudo" />
</testsuite><testsuite name="local_mqtt_sub_fail" tests="1" errors="0" failures="0" skipped="0" time="0"><testcase classname="PySysTest" name="local_mqtt_sub_fail" />
</testsuite><testsuite name="log_request_error_messages" tests="1" errors="0" failures="0" skipped="0" time="0"><testcase classname="LogRequestVerifySearchTextError" name="log_request_error_messages" />
</testsuite><testsuite name="log_request_num_lines" tests="1" errors="0" failures="0" skipped="0" time="0"><testcase classname="LogRequestVerifyNumberOfLines" name="log_request_num_lines" />
</testsuite><testsuite name="mapper_awaits_before_reconnect" tests="1" errors="0" failures="0" skipped="0" time="0"><testcase classname="MapperReconnectAwait" name="mapper_awaits_before_reconnect" />
</testsuite><testsuite name="monitoring_smaller_interval" tests="1" errors="0" failures="0" skipped="1" time="0"><testcase classname="MonitoringSmallInterval" name="monitoring_smaller_interval">
		<skipped message="SKIPPED: Fails due to retained message" />
		<system-out>13:39:01 INFO  ==============================================================
13:39:01 INFO  Id:    monitoring_smaller_interval
13:39:01 INFO  Dir:   monitoring/
13:39:01 INFO  Title: Validate the tedge dm agent messages that are produced with smaller sampling interval than the batching window. Here the simulated collectd messages are used
13:39:01 INFO  ==============================================================
13:39:01 INFO  Fails due to retained message ... skipped
13:39:01 INFO  
13:39:01 INFO  Test duration: 0.02 secs
13:39:01 INFO  Test final outcome:  SKIPPED
13:39:01 INFO  Test outcome reason: Fails due to retained message
13:39:01 INFO  
</system-out>
	</testcase>
</testsuite><testsuite name="monitoring_with_collectd" tests="1" errors="0" failures="0" skipped="1" time="0"><testcase classname="MonitoringWithCollectd" name="monitoring_with_collectd">
		<skipped message="SKIPPED: Test execution disabled due to #792 (instable)" />
		<system-out>13:39:01 INFO  ==============================================================
13:39:01 INFO  Id:    monitoring_with_collectd
13:39:01 INFO  Dir:   monitoring/
13:39:01 INFO  Title: Validate tedge dm agent messages that are produced by batching the collectd messages
13:39:01 INFO  ==============================================================
13:39:01 INFO  Test execution disabled due to #792 (instable) ... skipped
13:39:01 INFO  
13:39:01 INFO  Test duration: 0.02 secs
13:39:01 INFO  Test final outcome:  SKIPPED
13:39:01 INFO  Test outcome reason: Test execution disabled due to #792 (instable)
13:39:01 INFO  
</system-out>
	</testcase>
</testsuite><testsuite name="monitoring_with_simulated_messages" tests="1" errors="0" failures="0" skipped="1" time="0"><testcase classname="MonitoringWithSimulatedMessages" name="monitoring_with_simulated_messages">
		<skipped message="SKIPPED: Fails due to retained message" />
		<system-out>13:39:01 INFO  ==============================================================
13:39:01 INFO  Id:    monitoring_with_simulated_messages
13:39:01 INFO  Dir:   monitoring/
13:39:01 INFO  Title: Validate the tedge dm agent messages that are produced from the simulated collectd messages
13:39:01 INFO  ==============================================================
13:39:01 INFO  Fails due to retained message ... skipped
13:39:01 INFO  
13:39:01 INFO  Test duration: 0.02 secs
13:39:01 INFO  Test final outcome:  SKIPPED
13:39:01 INFO  Test outcome reason: Fails due to retained message
13:39:01 INFO  
</system-out>
	</testcase>
</testsuite><testsuite name="mqtt_port_change_connection_fails" tests="1" errors="0" failures="0" skipped="0" time="0"><testcase classname="MqttPortChangeConnectionFails" name="mqtt_port_change_connection_fails" />
</testsuite><testsuite name="mqtt_port_change_connection_works" tests="1" errors="0" failures="0" skipped="1" time="0"><testcase classname="MqttPortChangeConnectionWorks" name="mqtt_port_change_connection_works">
		<skipped message="SKIPPED: failing intermitently" />
		<system-out>13:37:45 INFO  ==============================================================
13:37:45 INFO  Id:    mqtt_port_change_connection_works
13:37:45 INFO  Dir:   misc_features/
13:37:45 INFO  Title: mqtt port change connection works for all the thin-edge services that use the mosquitto broker
13:37:45 INFO  ==============================================================
13:37:45 INFO  failing intermitently ... skipped
13:37:45 INFO  
13:37:45 INFO  Test duration: 0.02 secs
13:37:45 INFO  Test final outcome:  SKIPPED
13:37:45 INFO  Test outcome reason: failing intermitently
13:37:45 INFO  
</system-out>
	</testcase>
</testsuite><testsuite name="mqtt_port_set" tests="1" errors="0" failures="0" skipped="0" time="0"><testcase classname="MqttPortSet" name="mqtt_port_set" />
</testsuite><testsuite name="mqtt_port_unset" tests="1" errors="0" failures="0" skipped="0" time="0"><testcase classname="MqttPortUnSet" name="mqtt_port_unset" />
</testsuite><testsuite name="publish_flux" tests="1" errors="0" failures="0" skipped="0" time="0"><testcase classname="PublishFlux" name="publish_flux" />
</testsuite><testsuite name="publish_sawmill" tests="1" errors="0" failures="0" skipped="0" time="0"><testcase classname="PublishSawmill" name="publish_sawmill" />
</testsuite><testsuite name="pysys_block" tests="1" errors="0" failures="0" skipped="1" time="0"><testcase classname="Fail" name="pysys_block">
		<skipped message="SKIPPED: Enable this to observe a blocking test" />
		<system-out>13:38:07 INFO  ==============================================================
13:38:07 INFO  Id:    pysys_block
13:38:07 INFO  Dir:   misc_features/
13:38:07 INFO  Title: fail
13:38:07 INFO  ==============================================================
13:38:07 INFO  Enable this to observe a blocking test ... skipped
13:38:07 INFO  
13:38:07 INFO  Test duration: 0.02 secs
13:38:07 INFO  Test final outcome:  SKIPPED
13:38:07 INFO  Test outcome reason: Enable this to observe a blocking test
13:38:07 INFO  
</system-out>
	</testcase>
</testsuite><testsuite name="pysys_fail" tests="1" errors="0" failures="0" skipped="1" time="0"><testcase classname="Fail" name="pysys_fail">
		<skipped message="SKIPPED: Enable this to observe a failing test" />
		<system-out>13:38:07 INFO  ==============================================================
13:38:07 INFO  Id:    pysys_fail
13:38:07 INFO  Dir:   misc_features/
13:38:07 INFO  Title: fail
13:38:07 INFO  ==============================================================
13:38:07 INFO  Enable this to observe a failing test ... skipped
13:38:07 INFO  
13:38:07 INFO  Test duration: 0.01 secs
13:38:07 INFO  Test final outcome:  SKIPPED
13:38:07 INFO  Test outcome reason: Enable this to observe a failing test
13:38:07 INFO  
</system-out>
	</testcase>
</testsuite><testsuite name="runtime_start_two_mappers" tests="1" errors="0" failures="1" skipped="0" time="0"><testcase classname="RuntimeMultiMappers" name="runtime_start_two_mappers">
		<failure message="FAILED: Grep on tedge_mapper2.err contains &quot;Error: Couldn't acquire file lock.&quot;" type="FAILED" />
		<system-out>13:52:25 INFO  ==============================================================
13:52:25 INFO  Id:    runtime_start_two_mappers
13:52:25 INFO  Dir:   tedge_mapper_c8y/
13:52:25 INFO  Title: Validate two mappers can't be started at the same time
13:52:25 INFO  ==============================================================
13:52:26 INFO  Executed sudo&lt;tedge_mapper1&gt;, exit status 0
13:52:26 INFO  Waiting for 0.1 seconds
13:52:26 INFO  Executed sudo&lt;tedge_mapper2&gt;, exit status 1
13:52:27 INFO  Executed sudo&lt;tedge_mapper1&gt;, exit status 0
13:52:27 WARN  Grep on tedge_mapper2.err contains "Error: Couldn't acquire file lock." ... failed [run.py:46]
13:52:27 INFO  
13:52:27 INFO  Test duration: 1.85 secs
13:52:27 INFO  Test final outcome:  FAILED
13:52:27 INFO  Test outcome reason: Grep on tedge_mapper2.err contains "Error: Couldn't acquire file lock."
13:52:27 INFO  
</system-out>
	</testcase>
</testsuite><testsuite name="sm_tedge_mapper_init_session" tests="1" errors="0" failures="0" skipped="0" time="0"><testcase classname="TedgeSMMapperInitSession" name="sm_tedge_mapper_init_session" />
</testsuite><testsuite name="smoketest_json" tests="1" errors="0" failures="0" skipped="0" time="0"><testcase classname="SmokeTestJson" name="smoketest_json" />
</testsuite><testsuite name="smoketest_json_400_samples_10ms" tests="1" errors="0" failures="0" skipped="0" time="0"><testcase classname="SmoketestJson400Samples10ms" name="smoketest_json_400_samples_10ms" />
</testsuite><testsuite name="smoketest_json_400_samples_20ms" tests="1" errors="0" failures="0" skipped="0" time="0"><testcase classname="SmoketestJson400Samples20ms" name="smoketest_json_400_samples_20ms" />
</testsuite><testsuite name="smoketest_smartrest" tests="1" errors="0" failures="0" skipped="0" time="0"><testcase classname="SmoketestSmartRest" name="smoketest_smartrest" />
</testsuite><testsuite name="smoketest_smartrest_400_samples_1Xms" tests="1" errors="0" failures="0" skipped="0" time="0"><testcase classname="SmoketestSmartRest400Samples1Xms" name="smoketest_smartrest_400_samples_1Xms" />
</testsuite><testsuite name="smoketest_smartrest_400_samples_20ms" tests="1" errors="0" failures="0" skipped="0" time="0"><testcase classname="SmoketestSmartRest400Samples20ms" name="smoketest_smartrest_400_samples_20ms" />
</testsuite><testsuite name="tedge_agent_user_sudo_access" tests="1" errors="0" failures="0" skipped="1" time="0"><testcase classname="TedgeAgentUserSudoAccess" name="tedge_agent_user_sudo_access">
		<skipped message="SKIPPED: #955 Observation: Exit code of the apt plugin when called with no arguments" />
		<system-out>13:49:15 INFO  ==============================================================
13:49:15 INFO  Id:    tedge_agent_user_sudo_access
13:49:15 INFO  Dir:   tedge/
13:49:15 INFO  Title: Validate tedge-agent user has a limited sudo right
13:49:15 INFO  ==============================================================
13:49:15 INFO  #955 Observation: Exit code of the apt plugin when called with no arguments ... skipped
13:49:15 INFO  
13:49:15 INFO  Test duration: 0.02 secs
13:49:15 INFO  Test final outcome:  SKIPPED
13:49:15 INFO  Test outcome reason: #955 Observation: Exit code of the apt plugin when called with no arguments
13:49:15 INFO  
</system-out>
	</testcase>
</testsuite><testsuite name="tedge_connect_test_negative" tests="1" errors="0" failures="0" skipped="0" time="0"><testcase classname="TedgeConnectTestNegative" name="tedge_connect_test_negative" />
</testsuite><testsuite name="tedge_connect_test_positive" tests="1" errors="0" failures="0" skipped="0" time="0"><testcase classname="TedgeConnectTestPositive" name="tedge_connect_test_positive" />
</testsuite><testsuite name="tedge_connect_test_sm_services" tests="1" errors="0" failures="0" skipped="0" time="0"><testcase classname="TedgeConnectTestSMServices" name="tedge_connect_test_sm_services" />
</testsuite><testsuite name="tedge_disconnect_test_sm_services" tests="1" errors="0" failures="0" skipped="0" time="0"><testcase classname="TedgeDisConnectTestSMServices" name="tedge_disconnect_test_sm_services" />
</testsuite><testsuite name="tedge_mapper_az_negative" tests="1" errors="0" failures="0" skipped="0" time="0"><testcase classname="TedgeMapperAzError" name="tedge_mapper_az_negative" />
</testsuite><testsuite name="tedge_mapper_az_with_timestamp" tests="1" errors="0" failures="0" skipped="0" time="0"><testcase classname="TedgeMapperAzWithTimestamp" name="tedge_mapper_az_with_timestamp" />
</testsuite><testsuite name="tedge_mapper_az_without_timestamp" tests="1" errors="0" failures="0" skipped="0" time="0"><testcase classname="TedgeMapperAzWithoutTimestamp" name="tedge_mapper_az_without_timestamp" />
</testsuite><testsuite name="tedge_mapper_c8y_alarms" tests="1" errors="0" failures="0" skipped="0" time="0"><testcase classname="TedgeMapperC8yAlarm" name="tedge_mapper_c8y_alarms" />
</testsuite><testsuite name="tedge_mapper_c8y_child_device_measurement" tests="1" errors="0" failures="1" skipped="0" time="0"><testcase classname="TedgeMapperC8yChildDevice" name="tedge_mapper_c8y_child_device_measurement">
		<failure message="BLOCKED: TypeError: 'NoneType' object is not subscriptable (+1 other failures)" type="BLOCKED" />
		<system-out>13:53:38 INFO  ==============================================================
13:53:38 INFO  Id:    tedge_mapper_c8y_child_device_measurement
13:53:38 INFO  Dir:   tedge_mapper_c8y/
13:53:38 INFO  Title: Validate that measurements sent to tedge/measurements/child topic gets mapped as the child device's measurement in Cumulocity
13:53:38 INFO  ==============================================================
13:53:38 INFO  EnvironmentC8y Setup
13:53:38 INFO  Executed systemctl&lt;serv_mapper1&gt;, exit status 3
13:53:38 INFO  Restarting mosquitto too frequently in the last 10 seconds. It was only up for 4 seconds
13:53:38 INFO  Delaying execution by 7 seconds
13:54:00 INFO  Executed sudo&lt;tedge_connect_c8y&gt;, exit status 0, duration 14 secs
13:54:00 INFO  Executed sudo&lt;tedge_connect_c8y_test&gt;, exit status 0
13:54:01 INFO  Executed systemctl&lt;serv_mosq2&gt;, exit status 0
13:54:01 INFO  Executed systemctl&lt;serv_mapper3&gt;, exit status 0
13:54:02 INFO  Assert that (actual == expected) with actual=None, expected=None ... passed
13:54:02 INFO  Executed tedge_pub, exit status 0
13:54:03 INFO  Executed tedge_pub, exit status 0
13:54:03 INFO  Executed tedge_pub, exit status 0
13:54:04 INFO  Executed tedge_pub, exit status 0
13:54:04 INFO  Executed tedge_pub, exit status 0
13:54:06 WARN  TypeError occurred while running test - 'NoneType' object is not subscriptable
Traceback (most recent call last):
  File "/home/pi/env-pysys/lib/python3.7/site-packages/pysys/baserunner.py", line 1296, in __call__
    self.testObj.validate()
  File "/home/pi/actions-runner/_work/thin-edge.io/thin-edge.io/tests/PySys/tedge_mapper_c8y/tedge_mapper_c8y_child_device_measurement/run.py", line 115, in validate
    self.child_device_json["id"], 3
TypeError: 'NoneType' object is not subscriptable
13:54:06 WARN  TypeError: 'NoneType' object is not subscriptable ... blocked 
13:54:06 INFO  
13:54:06 INFO  cleanup:
13:54:06 ERROR Error while running cleanup function: 
Traceback (most recent call last):
  File "/home/pi/env-pysys/lib/python3.7/site-packages/pysys/process/user.py", line 1305, in cleanup
    fn()
  File "/home/pi/actions-runner/_work/thin-edge.io/thin-edge.io/tests/PySys/tedge_mapper_c8y/tedge_mapper_c8y_child_device_measurement/run.py", line 165, in test_cleanup
    self.child_device_json["id"]
TypeError: 'NoneType' object is not subscriptable
13:54:11 INFO  Executed sudo&lt;tedge_disconnect_c8y&gt;, exit status 0
13:54:11 INFO  Executed systemctl&lt;serv_mapper5&gt;, exit status 3
13:54:11 WARN  Cleanup failed with 1 errors: Cleanup function failed: 'NoneType' object is not subscriptable (TypeError) ... blocked 
13:54:11 INFO  
13:54:11 INFO  Test duration: 33.48 secs
13:54:11 INFO  Test final outcome:  BLOCKED
13:54:11 INFO  Test outcome reason: TypeError: 'NoneType' object is not subscriptable (+1 other failures)
13:54:11 INFO  
</system-out>
	</testcase>
</testsuite><testsuite name="tedge_mapper_c8y_packet_threshold_size" tests="1" errors="0" failures="0" skipped="0" time="0"><testcase classname="TedgeMapperC8yThresholdPacketSize" name="tedge_mapper_c8y_packet_threshold_size" />
</testsuite><testsuite name="tedge_software_update" tests="1" errors="0" failures="0" skipped="0" time="0"><testcase classname="PySysTest" name="tedge_software_update" />
</testsuite><testsuite name="valid_device_id" tests="1" errors="0" failures="0" skipped="0" time="0"><testcase classname="ValidateValidDeviceId" name="valid_device_id" />
</testsuite></testsuites>