<?xml version='1.0' encoding='utf-8'?>
<testsuites tests="149" failures="10" errors="0" skipped="54" time="0.0"><testsuite name="SoftwareManagement.Plugin.apama_plugin_install" tests="3" errors="0" failures="0" skipped="1" time="0"><testcase classname="ApamaPluginInstallTest" name="SoftwareManagement.Plugin.apama_plugin_install">
		<skipped message="SKIPPED: Apama plugin tests are disabled by default. Execute `pysys run` with `-XmyPlatform=container` to run these tests" />
		<system-out>09:14:18 INFO  ==============================================================
09:14:18 INFO  Id:    SoftwareManagement.Plugin.apama_plugin_install
09:14:18 INFO  Dir:   plugin_apama/
09:14:18 INFO  Title: Validate apama plugin install
09:14:18 INFO  ==============================================================
09:14:18 INFO  Apama plugin tests are disabled by default. Execute `pysys run` with `-XmyPlatform=container` to run these tests ... skipped
09:14:18 WARN  Aborted test due to SKIPPED outcome
09:14:18 INFO  
09:14:18 INFO  Test duration: 0.05 secs
09:14:18 INFO  Test final outcome:  SKIPPED
09:14:18 INFO  Test outcome reason: Apama plugin tests are disabled by default. Execute `pysys run` with `-XmyPlatform=container` to run these tests
09:14:18 INFO  
</system-out>
	</testcase>
<testcase classname="ApamaPluginInstallTest" name="SoftwareManagement.Plugin.apama_plugin_install" />
<testcase classname="ApamaPluginInstallTest" name="SoftwareManagement.Plugin.apama_plugin_install" />
</testsuite><testsuite name="SoftwareManagement.Plugin.apama_plugin_mon_support" tests="3" errors="0" failures="0" skipped="1" time="0"><testcase classname="ApamaPluginMonSupportTest" name="SoftwareManagement.Plugin.apama_plugin_mon_support">
		<skipped message="SKIPPED: Apama plugin tests are disabled by default. Execute `pysys run` with `-XmyPlatform=container` to run these tests" />
		<system-out>09:14:18 INFO  ==============================================================
09:14:18 INFO  Id:    SoftwareManagement.Plugin.apama_plugin_mon_support
09:14:18 INFO  Dir:   plugin_apama/
09:14:18 INFO  Title: Validate mon file support of apama plugin
09:14:18 INFO  ==============================================================
09:14:18 INFO  Apama plugin tests are disabled by default. Execute `pysys run` with `-XmyPlatform=container` to run these tests ... skipped
09:14:18 WARN  Aborted test due to SKIPPED outcome
09:14:18 INFO  
09:14:18 INFO  Test duration: 0.03 secs
09:14:18 INFO  Test final outcome:  SKIPPED
09:14:18 INFO  Test outcome reason: Apama plugin tests are disabled by default. Execute `pysys run` with `-XmyPlatform=container` to run these tests
09:14:18 INFO  
</system-out>
	</testcase>
<testcase classname="ApamaPluginMonSupportTest" name="SoftwareManagement.Plugin.apama_plugin_mon_support" />
<testcase classname="ApamaPluginMonSupportTest" name="SoftwareManagement.Plugin.apama_plugin_mon_support" />
</testsuite><testsuite name="SoftwareManagement.Plugin.apama_plugin_remove" tests="3" errors="0" failures="0" skipped="1" time="0"><testcase classname="ApamaPluginRemoveTest" name="SoftwareManagement.Plugin.apama_plugin_remove">
		<skipped message="SKIPPED: Apama plugin tests are disabled by default. Execute `pysys run` with `-XmyPlatform=container` to run these tests" />
		<system-out>09:14:18 INFO  ==============================================================
09:14:18 INFO  Id:    SoftwareManagement.Plugin.apama_plugin_remove
09:14:18 INFO  Dir:   plugin_apama/
09:14:18 INFO  Title: Validate apama plugin remove
09:14:18 INFO  ==============================================================
09:14:18 INFO  Apama plugin tests are disabled by default. Execute `pysys run` with `-XmyPlatform=container` to run these tests ... skipped
09:14:18 WARN  Aborted test due to SKIPPED outcome
09:14:18 INFO  
09:14:18 INFO  Test duration: 0.02 secs
09:14:18 INFO  Test final outcome:  SKIPPED
09:14:18 INFO  Test outcome reason: Apama plugin tests are disabled by default. Execute `pysys run` with `-XmyPlatform=container` to run these tests
09:14:18 INFO  
</system-out>
	</testcase>
<testcase classname="ApamaPluginRemoveTest" name="SoftwareManagement.Plugin.apama_plugin_remove" />
<testcase classname="ApamaPluginRemoveTest" name="SoftwareManagement.Plugin.apama_plugin_remove" />
</testsuite><testsuite name="SoftwareManagement.Plugin.apama_plugin_update" tests="3" errors="0" failures="0" skipped="3" time="0"><testcase classname="ApamaPluginUpdateTest" name="SoftwareManagement.Plugin.apama_plugin_update">
		<skipped message="SKIPPED: Test execution disabled due to #1052" />
		<system-out>09:14:18 INFO  ==============================================================
09:14:18 INFO  Id:    SoftwareManagement.Plugin.apama_plugin_update
09:14:18 INFO  Dir:   plugin_apama/
09:14:18 INFO  Title: Validate apama plugin updating one project with another
09:14:18 INFO  ==============================================================
09:14:18 INFO  Test execution disabled due to #1052 ... skipped
09:14:18 INFO  
09:14:18 INFO  Test duration: 0.02 secs
09:14:18 INFO  Test final outcome:  SKIPPED
09:14:18 INFO  Test outcome reason: Test execution disabled due to #1052
09:14:18 INFO  
</system-out>
	</testcase>
<testcase classname="ApamaPluginUpdateTest" name="SoftwareManagement.Plugin.apama_plugin_update">
		<skipped message="SKIPPED: Test execution disabled due to #1052" />
		<system-out>10:07:11 INFO  ==============================================================
10:07:11 INFO  Id:    SoftwareManagement.Plugin.apama_plugin_update
10:07:11 INFO  Dir:   plugin_apama/
10:07:11 INFO  Title: Validate apama plugin updating one project with another
10:07:11 INFO  ==============================================================
10:07:11 INFO  Test execution disabled due to #1052 ... skipped
10:07:11 INFO  
10:07:11 INFO  Test duration: 0.02 secs
10:07:11 INFO  Test final outcome:  SKIPPED
10:07:11 INFO  Test outcome reason: Test execution disabled due to #1052
10:07:11 INFO  
</system-out>
	</testcase>
<testcase classname="ApamaPluginUpdateTest" name="SoftwareManagement.Plugin.apama_plugin_update">
		<skipped message="SKIPPED: Test execution disabled due to #1052" />
		<system-out>10:15:54 INFO  ==============================================================
10:15:54 INFO  Id:    SoftwareManagement.Plugin.apama_plugin_update
10:15:54 INFO  Dir:   plugin_apama/
10:15:54 INFO  Title: Validate apama plugin updating one project with another
10:15:54 INFO  ==============================================================
10:15:55 INFO  Test execution disabled due to #1052 ... skipped
10:15:55 INFO  
10:15:55 INFO  Test duration: 0.30 secs
10:15:55 INFO  Test final outcome:  SKIPPED
10:15:55 INFO  Test outcome reason: Test execution disabled due to #1052
10:15:55 INFO  
</system-out>
	</testcase>
</testsuite><testsuite name="SoftwareManagement.sm_apt_install_download_path" tests="3" errors="0" failures="2" skipped="1" time="0"><testcase classname="AptInstallWithDownloadPath" name="SoftwareManagement.sm_apt_install_download_path">
		<skipped message="SKIPPED: Testing the apt plugin is not supported on this platform.Use parameter -XmyPlatform='container' to enable it" />
		<system-out>09:24:02 INFO  ==============================================================
09:24:02 INFO  Id:    SoftwareManagement.sm_apt_install_download_path
09:24:02 INFO  Dir:   software_management_end_to_end/
09:24:02 INFO  Title: Install package to directory specified in tedge config set tmp.path
09:24:02 INFO  ==============================================================
09:24:02 INFO  Testing the apt plugin is not supported on this platform.Use parameter -XmyPlatform='container' to enable it ... skipped
09:24:02 WARN  Aborted test due to SKIPPED outcome
09:24:02 INFO  
09:24:02 INFO  Test duration: 0.08 secs
09:24:02 INFO  Test final outcome:  SKIPPED
09:24:02 INFO  Test outcome reason: Testing the apt plugin is not supported on this platform.Use parameter -XmyPlatform='container' to enable it
09:24:02 INFO  
</system-out>
	</testcase>
<testcase classname="AptInstallWithDownloadPath" name="SoftwareManagement.sm_apt_install_download_path">
		<failure message="BLOCKED: AssertionError:" type="BLOCKED" />
		<system-out>09:48:41 INFO  ==============================================================
09:48:41 INFO  Id:    SoftwareManagement.sm_apt_install_download_path
09:48:41 INFO  Dir:   software_management_end_to_end/
09:48:41 INFO  Title: Install package to directory specified in tedge config set tmp.path
09:48:41 INFO  ==============================================================
09:48:41 INFO  Using sw id database: {'asciijump': '5475369', 'robotfindskitten': '5474869', 'squirrel3': '5475279', 'rolldice': '5152439', 'moon-buggy': '5439204', 'apple': '5495053', 'banana': '5494888', 'cherry': '5495382', 'watermelon': '5494510', 'registry': '8018911', 'hello-world': '8021526', 'docker/getting-started': '8021973', 'alpine': '7991792'}
09:48:41 INFO  EnvironmentC8y Setup
09:48:42 INFO  Executed systemctl&lt;serv_mapper1&gt;, exit status 3
09:48:57 INFO  Executed sudo&lt;tedge_connect_c8y&gt;, exit status 0, duration 14 secs
09:48:58 INFO  Executed sudo&lt;tedge_connect_c8y_test&gt;, exit status 0
09:49:00 INFO  Executed systemctl&lt;serv_mosq2&gt;, exit status 0
09:49:00 INFO  Executed systemctl&lt;serv_mapper3&gt;, exit status 0
09:49:03 ERROR No operations found, assuming it passed
09:49:03 INFO  Assert that (False == value) with value=False ... passed
09:49:03 INFO  Executed sudo, exit status 0
09:49:04 INFO  Executed sudo, exit status 0
09:49:05 INFO  Executed sudo, exit status 0
09:49:08 INFO  Executed sudo&lt;tedge_disconnect_c8y&gt;, exit status 0
09:49:09 INFO  Restarting mosquitto too frequently in the last 10 seconds. It was only up for 4 seconds
09:49:09 INFO  Delaying execution by 7 seconds
09:49:29 INFO  Executed sudo&lt;tedge_connect_c8y&gt;, exit status 0, duration 13 secs
09:49:30 INFO  Response status: 201
09:49:30 INFO  Response to action: {
    "creationTime": "2022-05-23T09:49:30.060Z",
    "deviceId": "19484864",
    "deviceName": "mythicc",
    "self": "https://t493319102.eu-latest.cumulocity.com/devicecontrol/operations/19508238",
    "id": "19508238",
    "status": "PENDING",
    "description": "Apply software changes, triggered from PySys: [{'name': 'rolldice', 'id': '5152439', 'version': '::apt', 'url': 'https://thin-edge-io.eu-latest.cumulocity.com/inventory/binaries/12435463', 'action': 'install'}]",
    "c8y_SoftwareUpdate": [
        {
            "name": "rolldice",
            "action": "install",
            "id": "5152439",
            "version": "::apt",
            "url": "https://thin-edge-io.eu-latest.cumulocity.com/inventory/binaries/12435463"
        }
    ]
}
09:49:30 INFO  Started operation: {'creationTime': '2022-05-23T09:49:30.060Z', 'deviceId': '19484864', 'deviceName': 'mythicc', 'self': 'https://t493319102.eu-latest.cumulocity.com/devicecontrol/operations/19508238', 'id': '19508238', 'status': 'PENDING', 'description': "Apply software changes, triggered from PySys: [{'name': 'rolldice', 'id': '5152439', 'version': '::apt', 'url': 'https://thin-edge-io.eu-latest.cumulocity.com/inventory/binaries/12435463', 'action': 'install'}]", 'c8y_SoftwareUpdate': [{'name': 'rolldice', 'action': 'install', 'id': '5152439', 'version': '::apt', 'url': 'https://thin-edge-io.eu-latest.cumulocity.com/inventory/binaries/12435463'}]}
09:49:30 WARN  , retrying in 0.5 seconds...
09:49:30 WARN  , retrying in 0.5 seconds...
09:49:31 WARN  , retrying in 0.5 seconds...
09:49:31 WARN  , retrying in 0.5 seconds...
09:49:32 WARN  , retrying in 0.5 seconds...
09:49:32 WARN  , retrying in 0.5 seconds...
09:49:33 WARN  , retrying in 0.5 seconds...
09:49:33 WARN  , retrying in 0.5 seconds...
09:49:34 WARN  , retrying in 0.5 seconds...
09:49:34 WARN  AssertionError occurred while running test - 
Traceback (most recent call last):
  File "/home/pi/env-pysys/lib/python3.7/site-packages/pysys/baserunner.py", line 1294, in __call__
    self.testObj.execute()
  File "/home/pi/actions-runner/_work/thin-edge.io/thin-edge.io/tests/PySys/software_management_end_to_end/sm_apt_install_download_path/run.py", line 83, in execute
    assert_install_in_download_path(install_directory=self.DOWNLOAD_DIR)
  File "/home/pi/env-pysys/lib/python3.7/site-packages/decorator.py", line 232, in fun
    return caller(func, *(extras + args), **kw)
  File "/home/pi/env-pysys/lib/python3.7/site-packages/retry/api.py", line 74, in retry_decorator
    logger)
  File "/home/pi/env-pysys/lib/python3.7/site-packages/retry/api.py", line 33, in __retry_internal
    return f()
  File "/home/pi/actions-runner/_work/thin-edge.io/thin-edge.io/tests/PySys/software_management_end_to_end/sm_apt_install_download_path/run.py", line 28, in assert_install_in_download_path
    assert "rolldice" in os.listdir(f"{install_directory}")
AssertionError
09:49:35 WARN  AssertionError: ... blocked 
09:49:35 INFO  
09:49:35 INFO  cleanup:
09:49:36 INFO  Executed sudo, exit status 0
09:49:36 INFO  Executed sudo, exit status 0
09:49:41 INFO  Executed sudo&lt;tedge_disconnect_c8y&gt;, exit status 0
09:49:41 INFO  Restarting mosquitto too frequently in the last 10 seconds. It was only up for 4 seconds
09:49:41 INFO  Delaying execution by 7 seconds
09:50:03 INFO  Executed sudo&lt;tedge_connect_c8y&gt;, exit status 0, duration 14 secs
09:50:07 INFO  Executed sudo&lt;tedge_disconnect_c8y&gt;, exit status 0
09:50:08 INFO  Executed systemctl&lt;serv_mapper5&gt;, exit status 3
09:50:08 INFO  
09:50:08 INFO  Test duration: 86.79 secs
09:50:08 INFO  Test final outcome:  BLOCKED
09:50:08 INFO  Test outcome reason: AssertionError:
09:50:08 INFO  
</system-out>
	</testcase>
<testcase classname="AptInstallWithDownloadPath" name="SoftwareManagement.sm_apt_install_download_path">
		<failure message="BLOCKED: AssertionError:" type="BLOCKED" />
		<system-out>10:15:55 INFO  ==============================================================
10:15:55 INFO  Id:    SoftwareManagement.sm_apt_install_download_path
10:15:55 INFO  Dir:   software_management_end_to_end/
10:15:55 INFO  Title: Install package to directory specified in tedge config set tmp.path
10:15:55 INFO  ==============================================================
10:15:56 INFO  Using sw id database: {'asciijump': '5475369', 'robotfindskitten': '5474869', 'squirrel3': '5475279', 'rolldice': '5152439', 'moon-buggy': '5439204', 'apple': '5495053', 'banana': '5494888', 'cherry': '5495382', 'watermelon': '5494510', 'registry': '8018911', 'hello-world': '8021526', 'docker/getting-started': '8021973', 'alpine': '7991792'}
10:15:56 INFO  EnvironmentC8y Setup
10:15:57 INFO  Executed systemctl&lt;serv_mapper1&gt;, exit status 3
10:16:11 INFO  Executed sudo&lt;tedge_connect_c8y&gt;, exit status 0, duration 14 secs
10:16:12 INFO  Executed sudo&lt;tedge_connect_c8y_test&gt;, exit status 0
10:16:12 INFO  Executed systemctl&lt;serv_mosq2&gt;, exit status 0
10:16:13 INFO  Executed systemctl&lt;serv_mapper3&gt;, exit status 0
10:16:15 INFO  State of current operation: SUCCESSFUL
10:16:15 INFO  Assert that (False == value) with value=False ... passed
10:16:16 INFO  Executed sudo, exit status 0
10:16:16 INFO  Executed sudo, exit status 0
10:16:17 INFO  Executed sudo, exit status 0
10:16:22 INFO  Executed sudo&lt;tedge_disconnect_c8y&gt;, exit status 0
10:16:22 INFO  Restarting mosquitto too frequently in the last 10 seconds. It was only up for 4 seconds
10:16:22 INFO  Delaying execution by 7 seconds
10:16:43 INFO  Executed sudo&lt;tedge_connect_c8y&gt;, exit status 0, duration 14 secs
10:16:43 INFO  Response status: 201
10:16:43 INFO  Response to action: {
    "delivery": {
        "log": [],
        "time": "2022-05-23T10:16:43.746Z",
        "status": "PENDING"
    },
    "creationTime": "2022-05-23T10:16:43.729Z",
    "deviceId": "19484864",
    "deviceName": "mythicc",
    "self": "https://t493319102.eu-latest.cumulocity.com/devicecontrol/operations/19512698",
    "id": "19512698",
    "status": "PENDING",
    "description": "Apply software changes, triggered from PySys: [{'name': 'rolldice', 'id': '5152439', 'version': '::apt', 'url': 'https://thin-edge-io.eu-latest.cumulocity.com/inventory/binaries/12435463', 'action': 'install'}]",
    "c8y_SoftwareUpdate": [
        {
            "name": "rolldice",
            "action": "install",
            "id": "5152439",
            "version": "::apt",
            "url": "https://thin-edge-io.eu-latest.cumulocity.com/inventory/binaries/12435463"
        }
    ]
}
10:16:43 INFO  Started operation: {'delivery': {'log': [], 'time': '2022-05-23T10:16:43.746Z', 'status': 'PENDING'}, 'creationTime': '2022-05-23T10:16:43.729Z', 'deviceId': '19484864', 'deviceName': 'mythicc', 'self': 'https://t493319102.eu-latest.cumulocity.com/devicecontrol/operations/19512698', 'id': '19512698', 'status': 'PENDING', 'description': "Apply software changes, triggered from PySys: [{'name': 'rolldice', 'id': '5152439', 'version': '::apt', 'url': 'https://thin-edge-io.eu-latest.cumulocity.com/inventory/binaries/12435463', 'action': 'install'}]", 'c8y_SoftwareUpdate': [{'name': 'rolldice', 'action': 'install', 'id': '5152439', 'version': '::apt', 'url': 'https://thin-edge-io.eu-latest.cumulocity.com/inventory/binaries/12435463'}]}
10:16:43 WARN  , retrying in 0.5 seconds...
10:16:44 WARN  , retrying in 0.5 seconds...
10:16:44 WARN  , retrying in 0.5 seconds...
10:16:45 WARN  , retrying in 0.5 seconds...
10:16:45 WARN  , retrying in 0.5 seconds...
10:16:46 WARN  , retrying in 0.5 seconds...
10:16:46 WARN  , retrying in 0.5 seconds...
10:16:47 WARN  , retrying in 0.5 seconds...
10:16:47 WARN  , retrying in 0.5 seconds...
10:16:48 WARN  AssertionError occurred while running test - 
Traceback (most recent call last):
  File "/home/pi/env-pysys/lib/python3.7/site-packages/pysys/baserunner.py", line 1294, in __call__
    self.testObj.execute()
  File "/home/pi/actions-runner/_work/thin-edge.io/thin-edge.io/tests/PySys/software_management_end_to_end/sm_apt_install_download_path/run.py", line 83, in execute
    assert_install_in_download_path(install_directory=self.DOWNLOAD_DIR)
  File "/home/pi/env-pysys/lib/python3.7/site-packages/decorator.py", line 232, in fun
    return caller(func, *(extras + args), **kw)
  File "/home/pi/env-pysys/lib/python3.7/site-packages/retry/api.py", line 74, in retry_decorator
    logger)
  File "/home/pi/env-pysys/lib/python3.7/site-packages/retry/api.py", line 33, in __retry_internal
    return f()
  File "/home/pi/actions-runner/_work/thin-edge.io/thin-edge.io/tests/PySys/software_management_end_to_end/sm_apt_install_download_path/run.py", line 28, in assert_install_in_download_path
    assert "rolldice" in os.listdir(f"{install_directory}")
AssertionError
10:16:48 WARN  AssertionError: ... blocked 
10:16:48 INFO  
10:16:48 INFO  cleanup:
10:16:49 INFO  Executed sudo, exit status 0
10:16:50 INFO  Executed sudo, exit status 0
10:16:54 INFO  Executed sudo&lt;tedge_disconnect_c8y&gt;, exit status 0
10:16:54 INFO  Restarting mosquitto too frequently in the last 10 seconds. It was only up for 3 seconds
10:16:54 INFO  Delaying execution by 8 seconds
10:17:17 INFO  Executed sudo&lt;tedge_connect_c8y&gt;, exit status 0, duration 14 secs
10:17:21 INFO  Executed sudo&lt;tedge_disconnect_c8y&gt;, exit status 0
10:17:22 INFO  Executed systemctl&lt;serv_mapper5&gt;, exit status 3
10:17:22 INFO  
10:17:22 INFO  Test duration: 86.90 secs
10:17:22 INFO  Test final outcome:  BLOCKED
10:17:22 INFO  Test outcome reason: AssertionError:
10:17:22 INFO  
</system-out>
	</testcase>
</testsuite><testsuite name="SoftwareManagement.sm_apt_install_fail" tests="3" errors="0" failures="0" skipped="1" time="0"><testcase classname="PySysTest" name="SoftwareManagement.sm_apt_install_fail">
		<skipped message="SKIPPED: Testing the apt plugin is not supported on this platform.Use parameter -XmyPlatform='container' to enable it" />
		<system-out>09:24:02 INFO  ==============================================================
09:24:02 INFO  Id:    SoftwareManagement.sm_apt_install_fail
09:24:02 INFO  Dir:   software_management_end_to_end/
09:24:02 INFO  Title: Validate end to end behaviour for a failing installation
09:24:02 INFO  ==============================================================
09:24:02 INFO  Testing the apt plugin is not supported on this platform.Use parameter -XmyPlatform='container' to enable it ... skipped
09:24:02 WARN  Aborted test due to SKIPPED outcome
09:24:02 INFO  
09:24:02 INFO  Test duration: 0.02 secs
09:24:02 INFO  Test final outcome:  SKIPPED
09:24:02 INFO  Test outcome reason: Testing the apt plugin is not supported on this platform.Use parameter -XmyPlatform='container' to enable it
09:24:02 INFO  
</system-out>
	</testcase>
<testcase classname="PySysTest" name="SoftwareManagement.sm_apt_install_fail" />
<testcase classname="PySysTest" name="SoftwareManagement.sm_apt_install_fail" />
</testsuite><testsuite name="SoftwareManagement.sm_apt_install_remove" tests="3" errors="0" failures="0" skipped="1" time="0"><testcase classname="PySysTest" name="SoftwareManagement.sm_apt_install_remove">
		<skipped message="SKIPPED: Testing the apt plugin is not supported on this platform.Use parameter -XmyPlatform='container' to enable it" />
		<system-out>09:24:02 INFO  ==============================================================
09:24:02 INFO  Id:    SoftwareManagement.sm_apt_install_remove
09:24:02 INFO  Dir:   software_management_end_to_end/
09:24:02 INFO  Title: Validate end to end behaviour for the apt plugin for installation and removal of packages
09:24:02 INFO  ==============================================================
09:24:02 INFO  Testing the apt plugin is not supported on this platform.Use parameter -XmyPlatform='container' to enable it ... skipped
09:24:02 WARN  Aborted test due to SKIPPED outcome
09:24:02 INFO  
09:24:02 INFO  Test duration: 0.02 secs
09:24:02 INFO  Test final outcome:  SKIPPED
09:24:02 INFO  Test outcome reason: Testing the apt plugin is not supported on this platform.Use parameter -XmyPlatform='container' to enable it
09:24:02 INFO  
</system-out>
	</testcase>
<testcase classname="PySysTest" name="SoftwareManagement.sm_apt_install_remove" />
<testcase classname="PySysTest" name="SoftwareManagement.sm_apt_install_remove" />
</testsuite><testsuite name="SoftwareManagement.sm_apt_install_remove_default" tests="3" errors="0" failures="0" skipped="1" time="0"><testcase classname="PySysTest" name="SoftwareManagement.sm_apt_install_remove_default">
		<skipped message="SKIPPED: Testing the apt plugin is not supported on this platform.Use parameter -XmyPlatform='container' to enable it" />
		<system-out>09:24:02 INFO  ==============================================================
09:24:02 INFO  Id:    SoftwareManagement.sm_apt_install_remove_default
09:24:02 INFO  Dir:   software_management_end_to_end/
09:24:02 INFO  Title: Validate end to end behaviour for the default plugin for installation and removal of packages
09:24:02 INFO  ==============================================================
09:24:02 INFO  Testing the apt plugin is not supported on this platform.Use parameter -XmyPlatform='container' to enable it ... skipped
09:24:02 WARN  Aborted test due to SKIPPED outcome
09:24:02 INFO  
09:24:02 INFO  Test duration: 0.02 secs
09:24:02 INFO  Test final outcome:  SKIPPED
09:24:02 INFO  Test outcome reason: Testing the apt plugin is not supported on this platform.Use parameter -XmyPlatform='container' to enable it
09:24:02 INFO  
</system-out>
	</testcase>
<testcase classname="PySysTest" name="SoftwareManagement.sm_apt_install_remove_default" />
<testcase classname="PySysTest" name="SoftwareManagement.sm_apt_install_remove_default" />
</testsuite><testsuite name="SoftwareManagement.sm_apt_install_remove_multiple" tests="3" errors="0" failures="2" skipped="1" time="0"><testcase classname="PySysTest" name="SoftwareManagement.sm_apt_install_remove_multiple">
		<skipped message="SKIPPED: Testing the apt plugin is not supported on this platform.Use parameter -XmyPlatform='container' to enable it" />
		<system-out>09:24:02 INFO  ==============================================================
09:24:02 INFO  Id:    SoftwareManagement.sm_apt_install_remove_multiple
09:24:02 INFO  Dir:   software_management_end_to_end/
09:24:02 INFO  Title: Validate end to end behaviour for the apt plugin for multiple packages
09:24:02 INFO  ==============================================================
09:24:02 INFO  Testing the apt plugin is not supported on this platform.Use parameter -XmyPlatform='container' to enable it ... skipped
09:24:02 WARN  Aborted test due to SKIPPED outcome
09:24:02 INFO  
09:24:02 INFO  Test duration: 0.04 secs
09:24:02 INFO  Test final outcome:  SKIPPED
09:24:02 INFO  Test outcome reason: Testing the apt plugin is not supported on this platform.Use parameter -XmyPlatform='container' to enable it
09:24:02 INFO  
</system-out>
	</testcase>
<testcase classname="PySysTest" name="SoftwareManagement.sm_apt_install_remove_multiple">
		<failure message="FAILED: Assert that (False == value) with value=True" type="FAILED" />
		<system-out>09:57:06 INFO  ==============================================================
09:57:06 INFO  Id:    SoftwareManagement.sm_apt_install_remove_multiple
09:57:06 INFO  Dir:   software_management_end_to_end/
09:57:06 INFO  Title: Validate end to end behaviour for the apt plugin for multiple packages
09:57:06 INFO  ==============================================================
09:57:06 INFO  Using sw id database: {'asciijump': '5475369', 'robotfindskitten': '5474869', 'squirrel3': '5475279', 'rolldice': '5152439', 'moon-buggy': '5439204', 'apple': '5495053', 'banana': '5494888', 'cherry': '5495382', 'watermelon': '5494510', 'registry': '8018911', 'hello-world': '8021526', 'docker/getting-started': '8021973', 'alpine': '7991792'}
09:57:06 INFO  EnvironmentC8y Setup
09:57:06 INFO  Executed systemctl&lt;serv_mapper1&gt;, exit status 3
09:57:06 INFO  Restarting mosquitto too frequently in the last 10 seconds. It was only up for 4 seconds
09:57:06 INFO  Delaying execution by 7 seconds
09:57:28 INFO  Executed sudo&lt;tedge_connect_c8y&gt;, exit status 0, duration 14 secs
09:57:28 INFO  Executed sudo&lt;tedge_connect_c8y_test&gt;, exit status 0
09:57:29 INFO  Executed systemctl&lt;serv_mosq2&gt;, exit status 0
09:57:29 INFO  Executed systemctl&lt;serv_mapper3&gt;, exit status 0
09:57:32 INFO  State of current operation: SUCCESSFUL
09:57:32 INFO  Assert that (False == value) with value=False ... passed
09:57:32 INFO  Assert that (False == value) with value=False ... passed
09:57:32 INFO  Assert that (False == value) with value=False ... passed
09:57:33 INFO  Package robotfindskitten is installed
09:57:33 WARN  Assert that (False == value) with value=True ... failed 
09:57:33 INFO  Response status: 201
09:57:33 INFO  Response to action: {
    "creationTime": "2022-05-23T09:57:33.287Z",
    "deviceId": "19484864",
    "deviceName": "mythicc",
    "self": "https://t493319102.eu-latest.cumulocity.com/devicecontrol/operations/19508358",
    "id": "19508358",
    "status": "PENDING",
    "description": "Apply software changes, triggered from PySys: [{'action': 'install', 'id': '5475369', 'name': 'asciijump', 'url': ' ', 'version': '::apt'}, {'action': 'install', 'id': '5474869', 'name': 'robotfindskitten', 'url': ' ', 'version': '::apt'}, {'action': 'install', 'id': '5475279', 'name': 'squirrel3', 'url': ' ', 'version': '::apt'}]",
    "c8y_SoftwareUpdate": [
        {
            "name": "asciijump",
            "action": "install",
            "id": "5475369",
            "version": "::apt",
            "url": " "
        },
        {
            "name": "robotfindskitten",
            "action": "install",
            "id": "5474869",
            "version": "::apt",
            "url": " "
        },
        {
            "name": "squirrel3",
            "action": "install",
            "id": "5475279",
            "version": "::apt",
            "url": " "
        }
    ]
}
09:57:33 INFO  Started operation: {'creationTime': '2022-05-23T09:57:33.287Z', 'deviceId': '19484864', 'deviceName': 'mythicc', 'self': 'https://t493319102.eu-latest.cumulocity.com/devicecontrol/operations/19508358', 'id': '19508358', 'status': 'PENDING', 'description': "Apply software changes, triggered from PySys: [{'action': 'install', 'id': '5475369', 'name': 'asciijump', 'url': ' ', 'version': '::apt'}, {'action': 'install', 'id': '5474869', 'name': 'robotfindskitten', 'url': ' ', 'version': '::apt'}, {'action': 'install', 'id': '5475279', 'name': 'squirrel3', 'url': ' ', 'version': '::apt'}]", 'c8y_SoftwareUpdate': [{'name': 'asciijump', 'action': 'install', 'id': '5475369', 'version': '::apt', 'url': ' '}, {'name': 'robotfindskitten', 'action': 'install', 'id': '5474869', 'version': '::apt', 'url': ' '}, {'name': 'squirrel3', 'action': 'install', 'id': '5475279', 'version': '::apt', 'url': ' '}]}
09:57:35 INFO  State of operation 19508358 : PENDING
09:57:37 INFO  State of operation 19508358 : EXECUTING
09:57:39 INFO  State of operation 19508358 : EXECUTING
09:57:42 INFO  State of operation 19508358 : EXECUTING
09:57:44 INFO  State of operation 19508358 : EXECUTING
09:57:46 INFO  State of operation 19508358 : EXECUTING
09:57:49 INFO  State of operation 19508358 : EXECUTING
09:57:52 INFO  State of operation 19508358 : EXECUTING
09:57:55 INFO  State of operation 19508358 : EXECUTING
09:57:57 INFO  State of operation 19508358 : EXECUTING
09:57:59 INFO  State of operation 19508358 : EXECUTING
09:58:01 INFO  State of operation 19508358 : EXECUTING
09:58:04 INFO  State of operation 19508358 : EXECUTING
09:58:06 INFO  State of operation 19508358 : EXECUTING
09:58:08 INFO  State of operation 19508358 : EXECUTING
09:58:10 INFO  State of operation 19508358 : EXECUTING
09:58:13 INFO  State of operation 19508358 : EXECUTING
09:58:15 INFO  State of operation 19508358 : EXECUTING
09:58:18 INFO  State of operation 19508358 : EXECUTING
09:58:20 INFO  State of operation 19508358 : EXECUTING
09:58:22 INFO  State of operation 19508358 : EXECUTING
09:58:25 INFO  State of operation 19508358 : EXECUTING
09:58:27 INFO  State of operation 19508358 : EXECUTING
09:58:30 INFO  State of operation 19508358 : EXECUTING
09:58:32 INFO  State of operation 19508358 : EXECUTING
09:58:34 INFO  State of operation 19508358 : EXECUTING
09:58:37 INFO  State of operation 19508358 : EXECUTING
09:58:39 INFO  State of operation 19508358 : EXECUTING
09:58:41 INFO  State of operation 19508358 : EXECUTING
09:58:44 INFO  State of operation 19508358 : EXECUTING
09:58:46 INFO  State of operation 19508358 : EXECUTING
09:58:48 INFO  State of operation 19508358 : EXECUTING
09:58:51 INFO  State of operation 19508358 : EXECUTING
09:58:53 INFO  State of operation 19508358 : EXECUTING
09:58:55 INFO  State of operation 19508358 : SUCCESSFUL
09:58:55 INFO  Assert that (False == value) with value=False ... passed
09:58:55 INFO  Package asciijump is installed
09:58:55 INFO  Assert that (True == value) with value=True ... passed
09:58:56 INFO  Package squirrel3 is installed
09:58:56 INFO  Assert that (True == value) with value=True ... passed
09:58:56 INFO  Package robotfindskitten is installed
09:58:56 INFO  Assert that (True == value) with value=True ... passed
09:58:56 INFO  Response status: 201
09:58:56 INFO  Response to action: {
    "creationTime": "2022-05-23T09:58:56.540Z",
    "deviceId": "19484864",
    "deviceName": "mythicc",
    "self": "https://t493319102.eu-latest.cumulocity.com/devicecontrol/operations/19508373",
    "id": "19508373",
    "status": "PENDING",
    "description": "Apply software changes, triggered from PySys: [{'action': 'delete', 'id': '5475369', 'name': 'asciijump', 'url': ' ', 'version': '::apt'}, {'action': 'delete', 'id': '5474869', 'name': 'robotfindskitten', 'url': ' ', 'version': '::apt'}, {'action': 'delete', 'id': '5475279', 'name': 'squirrel3', 'url': ' ', 'version': '::apt'}]",
    "c8y_SoftwareUpdate": [
        {
            "name": "asciijump",
            "action": "delete",
            "id": "5475369",
            "version": "::apt",
            "url": " "
        },
        {
            "name": "robotfindskitten",
            "action": "delete",
            "id": "5474869",
            "version": "::apt",
            "url": " "
        },
        {
            "name": "squirrel3",
            "action": "delete",
            "id": "5475279",
            "version": "::apt",
            "url": " "
        }
    ]
}
09:58:56 INFO  Started operation: {'creationTime': '2022-05-23T09:58:56.540Z', 'deviceId': '19484864', 'deviceName': 'mythicc', 'self': 'https://t493319102.eu-latest.cumulocity.com/devicecontrol/operations/19508373', 'id': '19508373', 'status': 'PENDING', 'description': "Apply software changes, triggered from PySys: [{'action': 'delete', 'id': '5475369', 'name': 'asciijump', 'url': ' ', 'version': '::apt'}, {'action': 'delete', 'id': '5474869', 'name': 'robotfindskitten', 'url': ' ', 'version': '::apt'}, {'action': 'delete', 'id': '5475279', 'name': 'squirrel3', 'url': ' ', 'version': '::apt'}]", 'c8y_SoftwareUpdate': [{'name': 'asciijump', 'action': 'delete', 'id': '5475369', 'version': '::apt', 'url': ' '}, {'name': 'robotfindskitten', 'action': 'delete', 'id': '5474869', 'version': '::apt', 'url': ' '}, {'name': 'squirrel3', 'action': 'delete', 'id': '5475279', 'version': '::apt', 'url': ' '}]}
09:58:58 INFO  State of operation 19508373 : PENDING
09:59:01 INFO  State of operation 19508373 : EXECUTING
09:59:03 INFO  State of operation 19508373 : EXECUTING
09:59:05 INFO  State of operation 19508373 : EXECUTING
09:59:07 INFO  State of operation 19508373 : EXECUTING
09:59:10 INFO  State of operation 19508373 : EXECUTING
09:59:12 INFO  State of operation 19508373 : EXECUTING
09:59:15 INFO  State of operation 19508373 : EXECUTING
09:59:17 INFO  State of operation 19508373 : EXECUTING
09:59:19 INFO  State of operation 19508373 : EXECUTING
09:59:22 INFO  State of operation 19508373 : EXECUTING
09:59:24 INFO  State of operation 19508373 : EXECUTING
09:59:26 INFO  State of operation 19508373 : EXECUTING
09:59:28 INFO  State of operation 19508373 : EXECUTING
09:59:31 INFO  State of operation 19508373 : EXECUTING
09:59:33 INFO  State of operation 19508373 : EXECUTING
09:59:35 INFO  State of operation 19508373 : EXECUTING
09:59:38 INFO  State of operation 19508373 : EXECUTING
09:59:40 INFO  State of operation 19508373 : EXECUTING
09:59:43 INFO  State of operation 19508373 : EXECUTING
09:59:45 INFO  State of operation 19508373 : EXECUTING
09:59:47 INFO  State of operation 19508373 : EXECUTING
09:59:49 INFO  State of operation 19508373 : EXECUTING
09:59:52 INFO  State of operation 19508373 : EXECUTING
09:59:54 INFO  State of operation 19508373 : EXECUTING
09:59:56 INFO  State of operation 19508373 : EXECUTING
09:59:59 INFO  State of operation 19508373 : EXECUTING
10:00:01 INFO  State of operation 19508373 : EXECUTING
10:00:03 INFO  State of operation 19508373 : EXECUTING
10:00:06 INFO  State of operation 19508373 : SUCCESSFUL
10:00:06 INFO  Assert that (False == value) with value=False ... passed
10:00:06 INFO  Assert that (False == value) with value=False ... passed
10:00:06 INFO  Assert that (False == value) with value=False ... passed
10:00:07 INFO  Assert that (False == value) with value=False ... passed
10:00:07 INFO  
10:00:07 INFO  cleanup:
10:00:11 INFO  Executed sudo&lt;tedge_disconnect_c8y&gt;, exit status 0
10:00:12 INFO  Executed systemctl&lt;serv_mapper5&gt;, exit status 3
10:00:12 INFO  
10:00:12 INFO  Test duration: 185.97 secs
10:00:12 INFO  Test final outcome:  FAILED
10:00:12 INFO  Test outcome reason: Assert that (False == value) with value=True
10:00:12 INFO  
</system-out>
	</testcase>
<testcase classname="PySysTest" name="SoftwareManagement.sm_apt_install_remove_multiple">
		<failure message="FAILED: Assert that (False == value) with value=True (+2 other failures)" type="FAILED" />
		<system-out>10:24:24 INFO  ==============================================================
10:24:24 INFO  Id:    SoftwareManagement.sm_apt_install_remove_multiple
10:24:24 INFO  Dir:   software_management_end_to_end/
10:24:24 INFO  Title: Validate end to end behaviour for the apt plugin for multiple packages
10:24:24 INFO  ==============================================================
10:24:24 INFO  Using sw id database: {'asciijump': '5475369', 'robotfindskitten': '5474869', 'squirrel3': '5475279', 'rolldice': '5152439', 'moon-buggy': '5439204', 'apple': '5495053', 'banana': '5494888', 'cherry': '5495382', 'watermelon': '5494510', 'registry': '8018911', 'hello-world': '8021526', 'docker/getting-started': '8021973', 'alpine': '7991792'}
10:24:24 INFO  EnvironmentC8y Setup
10:24:25 INFO  Executed systemctl&lt;serv_mapper1&gt;, exit status 3
10:24:25 INFO  Restarting mosquitto too frequently in the last 10 seconds. It was only up for 5 seconds
10:24:25 INFO  Delaying execution by 6 seconds
10:24:45 INFO  Executed sudo&lt;tedge_connect_c8y&gt;, exit status 0, duration 14 secs
10:24:46 INFO  Executed sudo&lt;tedge_connect_c8y_test&gt;, exit status 0
10:24:46 INFO  Executed systemctl&lt;serv_mosq2&gt;, exit status 0
10:24:47 INFO  Executed systemctl&lt;serv_mapper3&gt;, exit status 0
10:24:49 INFO  State of current operation: SUCCESSFUL
10:24:50 INFO  Assert that (False == value) with value=False ... passed
10:24:50 INFO  Package asciijump is installed
10:24:50 WARN  Assert that (False == value) with value=True ... failed 
10:24:50 INFO  Package squirrel3 is installed
10:24:50 WARN  Assert that (False == value) with value=True ... failed 
10:24:51 INFO  Package robotfindskitten is installed
10:24:51 WARN  Assert that (False == value) with value=True ... failed 
10:24:51 INFO  Response status: 201
10:24:51 INFO  Response to action: {
    "creationTime": "2022-05-23T10:24:51.288Z",
    "deviceId": "19484864",
    "deviceName": "mythicc",
    "self": "https://t493319102.eu-latest.cumulocity.com/devicecontrol/operations/19512789",
    "id": "19512789",
    "status": "PENDING",
    "description": "Apply software changes, triggered from PySys: [{'action': 'install', 'id': '5475369', 'name': 'asciijump', 'url': ' ', 'version': '::apt'}, {'action': 'install', 'id': '5474869', 'name': 'robotfindskitten', 'url': ' ', 'version': '::apt'}, {'action': 'install', 'id': '5475279', 'name': 'squirrel3', 'url': ' ', 'version': '::apt'}]",
    "c8y_SoftwareUpdate": [
        {
            "name": "asciijump",
            "action": "install",
            "id": "5475369",
            "version": "::apt",
            "url": " "
        },
        {
            "name": "robotfindskitten",
            "action": "install",
            "id": "5474869",
            "version": "::apt",
            "url": " "
        },
        {
            "name": "squirrel3",
            "action": "install",
            "id": "5475279",
            "version": "::apt",
            "url": " "
        }
    ]
}
10:24:51 INFO  Started operation: {'creationTime': '2022-05-23T10:24:51.288Z', 'deviceId': '19484864', 'deviceName': 'mythicc', 'self': 'https://t493319102.eu-latest.cumulocity.com/devicecontrol/operations/19512789', 'id': '19512789', 'status': 'PENDING', 'description': "Apply software changes, triggered from PySys: [{'action': 'install', 'id': '5475369', 'name': 'asciijump', 'url': ' ', 'version': '::apt'}, {'action': 'install', 'id': '5474869', 'name': 'robotfindskitten', 'url': ' ', 'version': '::apt'}, {'action': 'install', 'id': '5475279', 'name': 'squirrel3', 'url': ' ', 'version': '::apt'}]", 'c8y_SoftwareUpdate': [{'name': 'asciijump', 'action': 'install', 'id': '5475369', 'version': '::apt', 'url': ' '}, {'name': 'robotfindskitten', 'action': 'install', 'id': '5474869', 'version': '::apt', 'url': ' '}, {'name': 'squirrel3', 'action': 'install', 'id': '5475279', 'version': '::apt', 'url': ' '}]}
10:24:53 INFO  State of operation 19512789 : PENDING
10:24:55 INFO  State of operation 19512789 : EXECUTING
10:24:58 INFO  State of operation 19512789 : EXECUTING
10:25:00 INFO  State of operation 19512789 : EXECUTING
10:25:02 INFO  State of operation 19512789 : EXECUTING
10:25:04 INFO  State of operation 19512789 : EXECUTING
10:25:07 INFO  State of operation 19512789 : EXECUTING
10:25:10 INFO  State of operation 19512789 : EXECUTING
10:25:12 INFO  State of operation 19512789 : EXECUTING
10:25:15 INFO  State of operation 19512789 : EXECUTING
10:25:17 INFO  State of operation 19512789 : EXECUTING
10:25:19 INFO  State of operation 19512789 : EXECUTING
10:25:21 INFO  State of operation 19512789 : EXECUTING
10:25:23 INFO  State of operation 19512789 : EXECUTING
10:25:26 INFO  State of operation 19512789 : EXECUTING
10:25:28 INFO  State of operation 19512789 : SUCCESSFUL
10:25:28 INFO  Assert that (False == value) with value=False ... passed
10:25:28 INFO  Package asciijump is installed
10:25:28 INFO  Assert that (True == value) with value=True ... passed
10:25:29 INFO  Package squirrel3 is installed
10:25:29 INFO  Assert that (True == value) with value=True ... passed
10:25:29 INFO  Package robotfindskitten is installed
10:25:29 INFO  Assert that (True == value) with value=True ... passed
10:25:29 INFO  Response status: 201
10:25:29 INFO  Response to action: {
    "creationTime": "2022-05-23T10:25:29.552Z",
    "deviceId": "19484864",
    "deviceName": "mythicc",
    "self": "https://t493319102.eu-latest.cumulocity.com/devicecontrol/operations/19512801",
    "id": "19512801",
    "status": "PENDING",
    "description": "Apply software changes, triggered from PySys: [{'action': 'delete', 'id': '5475369', 'name': 'asciijump', 'url': ' ', 'version': '::apt'}, {'action': 'delete', 'id': '5474869', 'name': 'robotfindskitten', 'url': ' ', 'version': '::apt'}, {'action': 'delete', 'id': '5475279', 'name': 'squirrel3', 'url': ' ', 'version': '::apt'}]",
    "c8y_SoftwareUpdate": [
        {
            "name": "asciijump",
            "action": "delete",
            "id": "5475369",
            "version": "::apt",
            "url": " "
        },
        {
            "name": "robotfindskitten",
            "action": "delete",
            "id": "5474869",
            "version": "::apt",
            "url": " "
        },
        {
            "name": "squirrel3",
            "action": "delete",
            "id": "5475279",
            "version": "::apt",
            "url": " "
        }
    ]
}
10:25:29 INFO  Started operation: {'creationTime': '2022-05-23T10:25:29.552Z', 'deviceId': '19484864', 'deviceName': 'mythicc', 'self': 'https://t493319102.eu-latest.cumulocity.com/devicecontrol/operations/19512801', 'id': '19512801', 'status': 'PENDING', 'description': "Apply software changes, triggered from PySys: [{'action': 'delete', 'id': '5475369', 'name': 'asciijump', 'url': ' ', 'version': '::apt'}, {'action': 'delete', 'id': '5474869', 'name': 'robotfindskitten', 'url': ' ', 'version': '::apt'}, {'action': 'delete', 'id': '5475279', 'name': 'squirrel3', 'url': ' ', 'version': '::apt'}]", 'c8y_SoftwareUpdate': [{'name': 'asciijump', 'action': 'delete', 'id': '5475369', 'version': '::apt', 'url': ' '}, {'name': 'robotfindskitten', 'action': 'delete', 'id': '5474869', 'version': '::apt', 'url': ' '}, {'name': 'squirrel3', 'action': 'delete', 'id': '5475279', 'version': '::apt', 'url': ' '}]}
10:25:31 INFO  State of operation 19512801 : PENDING
10:25:34 INFO  State of operation 19512801 : EXECUTING
10:25:36 INFO  State of operation 19512801 : EXECUTING
10:25:38 INFO  State of operation 19512801 : EXECUTING
10:25:40 INFO  State of operation 19512801 : EXECUTING
10:25:43 INFO  State of operation 19512801 : EXECUTING
10:25:45 INFO  State of operation 19512801 : EXECUTING
10:25:48 INFO  State of operation 19512801 : EXECUTING
10:25:50 INFO  State of operation 19512801 : EXECUTING
10:25:53 INFO  State of operation 19512801 : EXECUTING
10:25:55 INFO  State of operation 19512801 : EXECUTING
10:25:57 INFO  State of operation 19512801 : EXECUTING
10:26:00 INFO  State of operation 19512801 : EXECUTING
10:26:02 INFO  State of operation 19512801 : EXECUTING
10:26:04 INFO  State of operation 19512801 : EXECUTING
10:26:06 INFO  State of operation 19512801 : EXECUTING
10:26:09 INFO  State of operation 19512801 : EXECUTING
10:26:11 INFO  State of operation 19512801 : EXECUTING
10:26:14 INFO  State of operation 19512801 : EXECUTING
10:26:17 INFO  State of operation 19512801 : EXECUTING
10:26:19 INFO  State of operation 19512801 : EXECUTING
10:26:21 INFO  State of operation 19512801 : EXECUTING
10:26:24 INFO  State of operation 19512801 : EXECUTING
10:26:26 INFO  State of operation 19512801 : EXECUTING
10:26:28 INFO  State of operation 19512801 : EXECUTING
10:26:31 INFO  State of operation 19512801 : EXECUTING
10:26:33 INFO  State of operation 19512801 : EXECUTING
10:26:36 INFO  State of operation 19512801 : EXECUTING
10:26:38 INFO  State of operation 19512801 : EXECUTING
10:26:40 INFO  State of operation 19512801 : SUCCESSFUL
10:26:40 INFO  Assert that (False == value) with value=False ... passed
10:26:41 INFO  Assert that (False == value) with value=False ... passed
10:26:41 INFO  Assert that (False == value) with value=False ... passed
10:26:41 INFO  Assert that (False == value) with value=False ... passed
10:26:41 INFO  
10:26:41 INFO  cleanup:
10:26:45 INFO  Executed sudo&lt;tedge_disconnect_c8y&gt;, exit status 0
10:26:46 INFO  Executed systemctl&lt;serv_mapper5&gt;, exit status 3
10:26:46 INFO  
10:26:46 INFO  Test duration: 141.63 secs
10:26:46 INFO  Test final outcome:  FAILED
10:26:46 INFO  Test outcome reason: Assert that (False == value) with value=True (+2 other failures)
10:26:46 INFO  
</system-out>
	</testcase>
</testsuite><testsuite name="SoftwareManagement.sm_apt_install_remove_multiple_mixed" tests="3" errors="0" failures="2" skipped="1" time="0"><testcase classname="PySysTest" name="SoftwareManagement.sm_apt_install_remove_multiple_mixed">
		<skipped message="SKIPPED: Testing the apt plugin is not supported on this platform.Use parameter -XmyPlatform='container' to enable it" />
		<system-out>09:24:02 INFO  ==============================================================
09:24:02 INFO  Id:    SoftwareManagement.sm_apt_install_remove_multiple_mixed
09:24:02 INFO  Dir:   software_management_end_to_end/
09:24:02 INFO  Title: Validate end to end behaviour for the apt plugin for multiple packages with mixed versions
09:24:02 INFO  ==============================================================
09:24:02 INFO  Testing the apt plugin is not supported on this platform.Use parameter -XmyPlatform='container' to enable it ... skipped
09:24:02 WARN  Aborted test due to SKIPPED outcome
09:24:02 INFO  
09:24:02 INFO  Test duration: 0.02 secs
09:24:02 INFO  Test final outcome:  SKIPPED
09:24:02 INFO  Test outcome reason: Testing the apt plugin is not supported on this platform.Use parameter -XmyPlatform='container' to enable it
09:24:02 INFO  
</system-out>
	</testcase>
<testcase classname="PySysTest" name="SoftwareManagement.sm_apt_install_remove_multiple_mixed">
		<failure message="BLOCKED: SystemError: Timeout while waiting for status SUCCESSFUL or False" type="BLOCKED" />
		<system-out>10:00:12 INFO  ==============================================================
10:00:12 INFO  Id:    SoftwareManagement.sm_apt_install_remove_multiple_mixed
10:00:12 INFO  Dir:   software_management_end_to_end/
10:00:12 INFO  Title: Validate end to end behaviour for the apt plugin for multiple packages with mixed versions
10:00:12 INFO  ==============================================================
10:00:12 INFO  Using sw id database: {'asciijump': '5475369', 'robotfindskitten': '5474869', 'squirrel3': '5475279', 'rolldice': '5152439', 'moon-buggy': '5439204', 'apple': '5495053', 'banana': '5494888', 'cherry': '5495382', 'watermelon': '5494510', 'registry': '8018911', 'hello-world': '8021526', 'docker/getting-started': '8021973', 'alpine': '7991792'}
10:00:12 INFO  EnvironmentC8y Setup
10:00:12 INFO  Executed systemctl&lt;serv_mapper1&gt;, exit status 3
10:00:12 INFO  Restarting mosquitto too frequently in the last 10 seconds. It was only up for 5 seconds
10:00:12 INFO  Delaying execution by 6 seconds
10:00:33 INFO  Executed sudo&lt;tedge_connect_c8y&gt;, exit status 0, duration 14 secs
10:00:33 INFO  Executed sudo&lt;tedge_connect_c8y_test&gt;, exit status 0
10:00:34 INFO  Executed systemctl&lt;serv_mosq2&gt;, exit status 0
10:00:34 INFO  Executed systemctl&lt;serv_mapper3&gt;, exit status 0
10:00:36 INFO  State of current operation: SUCCESSFUL
10:00:37 INFO  Assert that (False == value) with value=False ... passed
10:00:37 INFO  Assert that (False == value) with value=False ... passed
10:00:37 INFO  Assert that (False == value) with value=False ... passed
10:00:37 INFO  Assert that (False == value) with value=False ... passed
10:00:37 INFO  Assert that (False == value) with value=False ... passed
10:00:39 INFO  Response status: 201
10:00:39 INFO  Response to action: {
    "creationTime": "2022-05-23T10:00:39.124Z",
    "deviceId": "19484864",
    "deviceName": "mythicc",
    "self": "https://t493319102.eu-latest.cumulocity.com/devicecontrol/operations/19508478",
    "id": "19508478",
    "status": "PENDING",
    "description": "Apply software changes, triggered from PySys: [{'action': 'install', 'id': '5475369', 'name': 'asciijump', 'url': ' ', 'version': '::apt'}, {'action': 'install', 'id': '5474869', 'name': 'robotfindskitten', 'url': ' ', 'version': ' '}, {'action': 'install', 'id': '5475279', 'name': 'squirrel3', 'url': ' ', 'version': '3.1-7::apt'}, {'action': 'install', 'id': '5152439', 'name': 'rolldice', 'url': ' ', 'version': '1.16-1+b1'}, {'action': 'install', 'id': '5439204', 'name': 'moon-buggy', 'url': ' ', 'version': '1:1.0.51-12'}, {'action': 'install', 'id': '5475369', 'name': 'asciijump', 'url': ' ', 'version': '::apt'}]",
    "c8y_SoftwareUpdate": [
        {
            "name": "asciijump",
            "action": "install",
            "id": "5475369",
            "version": "::apt",
            "url": " "
        },
        {
            "name": "robotfindskitten",
            "action": "install",
            "id": "5474869",
            "version": " ",
            "url": " "
        },
        {
            "name": "squirrel3",
            "action": "install",
            "id": "5475279",
            "version": "3.1-7::apt",
            "url": " "
        },
        {
            "name": "rolldice",
            "action": "install",
            "id": "5152439",
            "version": "1.16-1+b1",
            "url": " "
        },
        {
            "name": "moon-buggy",
            "action": "install",
            "id": "5439204",
            "version": "1:1.0.51-12",
            "url": " "
        },
        {
            "name": "asciijump",
            "action": "install",
            "id": "5475369",
            "version": "::apt",
            "url": " "
        }
    ]
}
10:00:39 INFO  Started operation: {'creationTime': '2022-05-23T10:00:39.124Z', 'deviceId': '19484864', 'deviceName': 'mythicc', 'self': 'https://t493319102.eu-latest.cumulocity.com/devicecontrol/operations/19508478', 'id': '19508478', 'status': 'PENDING', 'description': "Apply software changes, triggered from PySys: [{'action': 'install', 'id': '5475369', 'name': 'asciijump', 'url': ' ', 'version': '::apt'}, {'action': 'install', 'id': '5474869', 'name': 'robotfindskitten', 'url': ' ', 'version': ' '}, {'action': 'install', 'id': '5475279', 'name': 'squirrel3', 'url': ' ', 'version': '3.1-7::apt'}, {'action': 'install', 'id': '5152439', 'name': 'rolldice', 'url': ' ', 'version': '1.16-1+b1'}, {'action': 'install', 'id': '5439204', 'name': 'moon-buggy', 'url': ' ', 'version': '1:1.0.51-12'}, {'action': 'install', 'id': '5475369', 'name': 'asciijump', 'url': ' ', 'version': '::apt'}]", 'c8y_SoftwareUpdate': [{'name': 'asciijump', 'action': 'install', 'id': '5475369', 'version': '::apt', 'url': ' '}, {'name': 'robotfindskitten', 'action': 'install', 'id': '5474869', 'version': ' ', 'url': ' '}, {'name': 'squirrel3', 'action': 'install', 'id': '5475279', 'version': '3.1-7::apt', 'url': ' '}, {'name': 'rolldice', 'action': 'install', 'id': '5152439', 'version': '1.16-1+b1', 'url': ' '}, {'name': 'moon-buggy', 'action': 'install', 'id': '5439204', 'version': '1:1.0.51-12', 'url': ' '}, {'name': 'asciijump', 'action': 'install', 'id': '5475369', 'version': '::apt', 'url': ' '}]}
10:00:41 INFO  State of operation 19508478 : PENDING
10:00:43 INFO  State of operation 19508478 : EXECUTING
10:00:45 INFO  State of operation 19508478 : EXECUTING
10:00:48 INFO  State of operation 19508478 : EXECUTING
10:00:50 INFO  State of operation 19508478 : EXECUTING
10:00:52 INFO  State of operation 19508478 : EXECUTING
10:00:55 INFO  State of operation 19508478 : EXECUTING
10:00:57 INFO  State of operation 19508478 : EXECUTING
10:01:00 INFO  State of operation 19508478 : EXECUTING
10:01:02 INFO  State of operation 19508478 : EXECUTING
10:01:05 INFO  State of operation 19508478 : EXECUTING
10:01:07 INFO  State of operation 19508478 : EXECUTING
10:01:09 INFO  State of operation 19508478 : EXECUTING
10:01:12 INFO  State of operation 19508478 : EXECUTING
10:01:14 INFO  State of operation 19508478 : EXECUTING
10:01:16 INFO  State of operation 19508478 : EXECUTING
10:01:19 INFO  State of operation 19508478 : EXECUTING
10:01:21 INFO  State of operation 19508478 : EXECUTING
10:01:24 INFO  State of operation 19508478 : EXECUTING
10:01:26 INFO  State of operation 19508478 : EXECUTING
10:01:28 INFO  State of operation 19508478 : EXECUTING
10:01:31 INFO  State of operation 19508478 : EXECUTING
10:01:33 INFO  State of operation 19508478 : EXECUTING
10:01:35 INFO  State of operation 19508478 : EXECUTING
10:01:38 INFO  State of operation 19508478 : EXECUTING
10:01:40 INFO  State of operation 19508478 : EXECUTING
10:01:43 INFO  State of operation 19508478 : EXECUTING
10:01:45 INFO  State of operation 19508478 : EXECUTING
10:01:48 INFO  State of operation 19508478 : EXECUTING
10:01:50 INFO  State of operation 19508478 : EXECUTING
10:01:52 INFO  State of operation 19508478 : EXECUTING
10:01:55 INFO  State of operation 19508478 : EXECUTING
10:01:57 INFO  State of operation 19508478 : EXECUTING
10:01:59 INFO  State of operation 19508478 : EXECUTING
10:02:01 INFO  State of operation 19508478 : EXECUTING
10:02:04 INFO  State of operation 19508478 : EXECUTING
10:02:06 INFO  State of operation 19508478 : EXECUTING
10:02:08 INFO  State of operation 19508478 : EXECUTING
10:02:11 INFO  State of operation 19508478 : EXECUTING
10:02:13 INFO  State of operation 19508478 : EXECUTING
10:02:16 INFO  State of operation 19508478 : EXECUTING
10:02:18 INFO  State of operation 19508478 : EXECUTING
10:02:20 INFO  State of operation 19508478 : EXECUTING
10:02:22 INFO  State of operation 19508478 : EXECUTING
10:02:25 INFO  State of operation 19508478 : EXECUTING
10:02:27 INFO  State of operation 19508478 : EXECUTING
10:02:29 INFO  State of operation 19508478 : EXECUTING
10:02:31 INFO  State of operation 19508478 : EXECUTING
10:02:34 INFO  State of operation 19508478 : EXECUTING
10:02:36 INFO  State of operation 19508478 : EXECUTING
10:02:39 INFO  State of operation 19508478 : EXECUTING
10:02:41 INFO  State of operation 19508478 : EXECUTING
10:02:43 INFO  State of operation 19508478 : EXECUTING
10:02:46 INFO  State of operation 19508478 : EXECUTING
10:02:48 INFO  State of operation 19508478 : EXECUTING
10:02:51 INFO  State of operation 19508478 : EXECUTING
10:02:54 INFO  State of operation 19508478 : EXECUTING
10:02:56 INFO  State of operation 19508478 : EXECUTING
10:02:59 INFO  State of operation 19508478 : EXECUTING
10:03:01 INFO  State of operation 19508478 : EXECUTING
10:03:04 INFO  State of operation 19508478 : EXECUTING
10:03:06 WARN  SystemError occurred while running test - Timeout while waiting for status SUCCESSFUL or False
Traceback (most recent call last):
  File "/home/pi/env-pysys/lib/python3.7/site-packages/pysys/baserunner.py", line 1294, in __call__
    self.testObj.execute()
  File "/home/pi/actions-runner/_work/thin-edge.io/thin-edge.io/tests/PySys/software_management_end_to_end/sm_apt_install_remove_multiple_mixed/run.py", line 89, in execute
    self.wait_until_succcess()
  File "/home/pi/actions-runner/_work/thin-edge.io/thin-edge.io/tests/PySys/software_management_end_to_end/environment_sm_management.py", line 324, in wait_until_succcess
    self.wait_until_status("SUCCESSFUL")
  File "/home/pi/actions-runner/_work/thin-edge.io/thin-edge.io/tests/PySys/software_management_end_to_end/environment_sm_management.py", line 381, in wait_until_status
    "Timeout while waiting for status %s or %s" % (status, status2)
SystemError: Timeout while waiting for status SUCCESSFUL or False
10:03:06 WARN  SystemError: Timeout while waiting for status SUCCESSFUL or False ... blocked 
10:03:06 INFO  
10:03:06 INFO  cleanup:
10:03:12 INFO  Executed sudo&lt;tedge_disconnect_c8y&gt;, exit status 0
10:03:13 INFO  Executed systemctl&lt;serv_mapper5&gt;, exit status 3
10:03:13 INFO  
10:03:13 INFO  Test duration: 181.19 secs
10:03:13 INFO  Test final outcome:  BLOCKED
10:03:13 INFO  Test outcome reason: SystemError: Timeout while waiting for status SUCCESSFUL or False
10:03:13 INFO  
</system-out>
	</testcase>
<testcase classname="PySysTest" name="SoftwareManagement.sm_apt_install_remove_multiple_mixed">
		<failure message="BLOCKED: SystemError: Timeout while waiting for status SUCCESSFUL or False (+1 other failures)" type="BLOCKED" />
		<system-out>10:26:46 INFO  ==============================================================
10:26:46 INFO  Id:    SoftwareManagement.sm_apt_install_remove_multiple_mixed
10:26:46 INFO  Dir:   software_management_end_to_end/
10:26:46 INFO  Title: Validate end to end behaviour for the apt plugin for multiple packages with mixed versions
10:26:46 INFO  ==============================================================
10:26:46 INFO  Using sw id database: {'asciijump': '5475369', 'robotfindskitten': '5474869', 'squirrel3': '5475279', 'rolldice': '5152439', 'moon-buggy': '5439204', 'apple': '5495053', 'banana': '5494888', 'cherry': '5495382', 'watermelon': '5494510', 'registry': '8018911', 'hello-world': '8021526', 'docker/getting-started': '8021973', 'alpine': '7991792'}
10:26:46 INFO  EnvironmentC8y Setup
10:26:47 INFO  Executed systemctl&lt;serv_mapper1&gt;, exit status 3
10:26:47 INFO  Restarting mosquitto too frequently in the last 10 seconds. It was only up for 5 seconds
10:26:47 INFO  Delaying execution by 6 seconds
10:27:07 INFO  Executed sudo&lt;tedge_connect_c8y&gt;, exit status 0, duration 14 secs
10:27:08 INFO  Executed sudo&lt;tedge_connect_c8y_test&gt;, exit status 0
10:27:08 INFO  Executed systemctl&lt;serv_mosq2&gt;, exit status 0
10:27:09 INFO  Executed systemctl&lt;serv_mapper3&gt;, exit status 0
10:27:11 INFO  State of current operation: SUCCESSFUL
10:27:11 INFO  Assert that (False == value) with value=False ... passed
10:27:11 INFO  Assert that (False == value) with value=False ... passed
10:27:12 INFO  Assert that (False == value) with value=False ... passed
10:27:12 INFO  Assert that (False == value) with value=False ... passed
10:27:12 INFO  Package moon-buggy is installed
10:27:12 WARN  Assert that (False == value) with value=True ... failed 
10:27:13 INFO  Response status: 201
10:27:13 INFO  Response to action: {
    "creationTime": "2022-05-23T10:27:13.814Z",
    "deviceId": "19484864",
    "deviceName": "mythicc",
    "self": "https://t493319102.eu-latest.cumulocity.com/devicecontrol/operations/19512818",
    "id": "19512818",
    "status": "PENDING",
    "description": "Apply software changes, triggered from PySys: [{'action': 'install', 'id': '5475369', 'name': 'asciijump', 'url': ' ', 'version': '::apt'}, {'action': 'install', 'id': '5474869', 'name': 'robotfindskitten', 'url': ' ', 'version': ' '}, {'action': 'install', 'id': '5475279', 'name': 'squirrel3', 'url': ' ', 'version': '3.1-7::apt'}, {'action': 'install', 'id': '5152439', 'name': 'rolldice', 'url': ' ', 'version': '1.16-1+b1'}, {'action': 'install', 'id': '5439204', 'name': 'moon-buggy', 'url': ' ', 'version': '1:1.0.51-12'}, {'action': 'install', 'id': '5475369', 'name': 'asciijump', 'url': ' ', 'version': '::apt'}]",
    "c8y_SoftwareUpdate": [
        {
            "name": "asciijump",
            "action": "install",
            "id": "5475369",
            "version": "::apt",
            "url": " "
        },
        {
            "name": "robotfindskitten",
            "action": "install",
            "id": "5474869",
            "version": " ",
            "url": " "
        },
        {
            "name": "squirrel3",
            "action": "install",
            "id": "5475279",
            "version": "3.1-7::apt",
            "url": " "
        },
        {
            "name": "rolldice",
            "action": "install",
            "id": "5152439",
            "version": "1.16-1+b1",
            "url": " "
        },
        {
            "name": "moon-buggy",
            "action": "install",
            "id": "5439204",
            "version": "1:1.0.51-12",
            "url": " "
        },
        {
            "name": "asciijump",
            "action": "install",
            "id": "5475369",
            "version": "::apt",
            "url": " "
        }
    ]
}
10:27:13 INFO  Started operation: {'creationTime': '2022-05-23T10:27:13.814Z', 'deviceId': '19484864', 'deviceName': 'mythicc', 'self': 'https://t493319102.eu-latest.cumulocity.com/devicecontrol/operations/19512818', 'id': '19512818', 'status': 'PENDING', 'description': "Apply software changes, triggered from PySys: [{'action': 'install', 'id': '5475369', 'name': 'asciijump', 'url': ' ', 'version': '::apt'}, {'action': 'install', 'id': '5474869', 'name': 'robotfindskitten', 'url': ' ', 'version': ' '}, {'action': 'install', 'id': '5475279', 'name': 'squirrel3', 'url': ' ', 'version': '3.1-7::apt'}, {'action': 'install', 'id': '5152439', 'name': 'rolldice', 'url': ' ', 'version': '1.16-1+b1'}, {'action': 'install', 'id': '5439204', 'name': 'moon-buggy', 'url': ' ', 'version': '1:1.0.51-12'}, {'action': 'install', 'id': '5475369', 'name': 'asciijump', 'url': ' ', 'version': '::apt'}]", 'c8y_SoftwareUpdate': [{'name': 'asciijump', 'action': 'install', 'id': '5475369', 'version': '::apt', 'url': ' '}, {'name': 'robotfindskitten', 'action': 'install', 'id': '5474869', 'version': ' ', 'url': ' '}, {'name': 'squirrel3', 'action': 'install', 'id': '5475279', 'version': '3.1-7::apt', 'url': ' '}, {'name': 'rolldice', 'action': 'install', 'id': '5152439', 'version': '1.16-1+b1', 'url': ' '}, {'name': 'moon-buggy', 'action': 'install', 'id': '5439204', 'version': '1:1.0.51-12', 'url': ' '}, {'name': 'asciijump', 'action': 'install', 'id': '5475369', 'version': '::apt', 'url': ' '}]}
10:27:16 INFO  State of operation 19512818 : PENDING
10:27:18 INFO  State of operation 19512818 : EXECUTING
10:27:20 INFO  State of operation 19512818 : EXECUTING
10:27:22 INFO  State of operation 19512818 : EXECUTING
10:27:24 INFO  State of operation 19512818 : EXECUTING
10:27:27 INFO  State of operation 19512818 : EXECUTING
10:27:29 INFO  State of operation 19512818 : EXECUTING
10:27:32 INFO  State of operation 19512818 : EXECUTING
10:27:35 INFO  State of operation 19512818 : EXECUTING
10:27:37 INFO  State of operation 19512818 : EXECUTING
10:27:39 INFO  State of operation 19512818 : EXECUTING
10:27:41 INFO  State of operation 19512818 : EXECUTING
10:27:44 INFO  State of operation 19512818 : EXECUTING
10:27:46 INFO  State of operation 19512818 : EXECUTING
10:27:48 INFO  State of operation 19512818 : EXECUTING
10:27:50 INFO  State of operation 19512818 : EXECUTING
10:27:53 INFO  State of operation 19512818 : EXECUTING
10:27:55 INFO  State of operation 19512818 : EXECUTING
10:27:58 INFO  State of operation 19512818 : EXECUTING
10:28:00 INFO  State of operation 19512818 : EXECUTING
10:28:02 INFO  State of operation 19512818 : EXECUTING
10:28:04 INFO  State of operation 19512818 : EXECUTING
10:28:07 INFO  State of operation 19512818 : EXECUTING
10:28:09 INFO  State of operation 19512818 : EXECUTING
10:28:12 INFO  State of operation 19512818 : EXECUTING
10:28:14 INFO  State of operation 19512818 : EXECUTING
10:28:16 INFO  State of operation 19512818 : EXECUTING
10:28:19 INFO  State of operation 19512818 : EXECUTING
10:28:21 INFO  State of operation 19512818 : EXECUTING
10:28:23 INFO  State of operation 19512818 : EXECUTING
10:28:26 INFO  State of operation 19512818 : EXECUTING
10:28:28 INFO  State of operation 19512818 : EXECUTING
10:28:30 INFO  State of operation 19512818 : EXECUTING
10:28:32 INFO  State of operation 19512818 : EXECUTING
10:28:35 INFO  State of operation 19512818 : EXECUTING
10:28:37 INFO  State of operation 19512818 : EXECUTING
10:28:39 INFO  State of operation 19512818 : EXECUTING
10:28:41 INFO  State of operation 19512818 : EXECUTING
10:28:44 INFO  State of operation 19512818 : EXECUTING
10:28:46 INFO  State of operation 19512818 : EXECUTING
10:28:49 INFO  State of operation 19512818 : EXECUTING
10:28:51 INFO  State of operation 19512818 : EXECUTING
10:28:54 INFO  State of operation 19512818 : EXECUTING
10:28:56 INFO  State of operation 19512818 : EXECUTING
10:28:58 INFO  State of operation 19512818 : EXECUTING
10:29:01 INFO  State of operation 19512818 : EXECUTING
10:29:03 INFO  State of operation 19512818 : EXECUTING
10:29:05 INFO  State of operation 19512818 : EXECUTING
10:29:08 INFO  State of operation 19512818 : EXECUTING
10:29:10 INFO  State of operation 19512818 : EXECUTING
10:29:13 INFO  State of operation 19512818 : EXECUTING
10:29:15 INFO  State of operation 19512818 : EXECUTING
10:29:17 INFO  State of operation 19512818 : EXECUTING
10:29:20 INFO  State of operation 19512818 : EXECUTING
10:29:22 INFO  State of operation 19512818 : EXECUTING
10:29:24 INFO  State of operation 19512818 : EXECUTING
10:29:27 INFO  State of operation 19512818 : EXECUTING
10:29:29 INFO  State of operation 19512818 : EXECUTING
10:29:32 INFO  State of operation 19512818 : EXECUTING
10:29:34 INFO  State of operation 19512818 : EXECUTING
10:29:37 INFO  State of operation 19512818 : EXECUTING
10:29:39 WARN  SystemError occurred while running test - Timeout while waiting for status SUCCESSFUL or False
Traceback (most recent call last):
  File "/home/pi/env-pysys/lib/python3.7/site-packages/pysys/baserunner.py", line 1294, in __call__
    self.testObj.execute()
  File "/home/pi/actions-runner/_work/thin-edge.io/thin-edge.io/tests/PySys/software_management_end_to_end/sm_apt_install_remove_multiple_mixed/run.py", line 89, in execute
    self.wait_until_succcess()
  File "/home/pi/actions-runner/_work/thin-edge.io/thin-edge.io/tests/PySys/software_management_end_to_end/environment_sm_management.py", line 324, in wait_until_succcess
    self.wait_until_status("SUCCESSFUL")
  File "/home/pi/actions-runner/_work/thin-edge.io/thin-edge.io/tests/PySys/software_management_end_to_end/environment_sm_management.py", line 381, in wait_until_status
    "Timeout while waiting for status %s or %s" % (status, status2)
SystemError: Timeout while waiting for status SUCCESSFUL or False
10:29:39 WARN  SystemError: Timeout while waiting for status SUCCESSFUL or False ... blocked 
10:29:39 INFO  
10:29:39 INFO  cleanup:
10:29:46 INFO  Executed sudo&lt;tedge_disconnect_c8y&gt;, exit status 0
10:29:46 INFO  Executed systemctl&lt;serv_mapper5&gt;, exit status 3
10:29:46 INFO  
10:29:46 INFO  Test duration: 180.12 secs
10:29:46 INFO  Test final outcome:  BLOCKED
10:29:46 INFO  Test outcome reason: SystemError: Timeout while waiting for status SUCCESSFUL or False (+1 other failures)
10:29:46 INFO  
</system-out>
	</testcase>
</testsuite><testsuite name="SoftwareManagement.sm_apt_install_remove_with_version" tests="3" errors="0" failures="0" skipped="1" time="0"><testcase classname="PySysTest" name="SoftwareManagement.sm_apt_install_remove_with_version">
		<skipped message="SKIPPED: Testing the apt plugin is not supported on this platform.Use parameter -XmyPlatform='container' to enable it" />
		<system-out>09:24:02 INFO  ==============================================================
09:24:02 INFO  Id:    SoftwareManagement.sm_apt_install_remove_with_version
09:24:02 INFO  Dir:   software_management_end_to_end/
09:24:02 INFO  Title: Validate end to end behaviour for the apt plugin for packages with version
09:24:02 INFO  ==============================================================
09:24:02 INFO  Testing the apt plugin is not supported on this platform.Use parameter -XmyPlatform='container' to enable it ... skipped
09:24:02 WARN  Aborted test due to SKIPPED outcome
09:24:02 INFO  
09:24:02 INFO  Test duration: 0.03 secs
09:24:02 INFO  Test final outcome:  SKIPPED
09:24:02 INFO  Test outcome reason: Testing the apt plugin is not supported on this platform.Use parameter -XmyPlatform='container' to enable it
09:24:02 INFO  
</system-out>
	</testcase>
<testcase classname="PySysTest" name="SoftwareManagement.sm_apt_install_remove_with_version" />
<testcase classname="PySysTest" name="SoftwareManagement.sm_apt_install_remove_with_version" />
</testsuite><testsuite name="SoftwareManagement.sm_docker_install_remove_multiple" tests="3" errors="0" failures="1" skipped="1" time="0"><testcase classname="SMDockerInstallRemove" name="SoftwareManagement.sm_docker_install_remove_multiple">
		<skipped message="SKIPPED: Testing the apt plugin is not supported on this platform.Use parameter -XmyPlatform='container' to enable it" />
		<system-out>09:24:02 INFO  ==============================================================
09:24:02 INFO  Id:    SoftwareManagement.sm_docker_install_remove_multiple
09:24:02 INFO  Dir:   software_management_end_to_end/
09:24:02 INFO  Title: Validate end to end behaviour for the docker plugin for multiple docker images with mixed versions
09:24:02 INFO  ==============================================================
09:24:02 INFO  Testing the apt plugin is not supported on this platform.Use parameter -XmyPlatform='container' to enable it ... skipped
09:24:02 WARN  Aborted test due to SKIPPED outcome
09:24:02 INFO  
09:24:02 INFO  Test duration: 0.03 secs
09:24:02 INFO  Test final outcome:  SKIPPED
09:24:02 INFO  Test outcome reason: Testing the apt plugin is not supported on this platform.Use parameter -XmyPlatform='container' to enable it
09:24:02 INFO  
</system-out>
	</testcase>
<testcase classname="SMDockerInstallRemove" name="SoftwareManagement.sm_docker_install_remove_multiple" />
<testcase classname="SMDockerInstallRemove" name="SoftwareManagement.sm_docker_install_remove_multiple">
		<failure message="BLOCKED: SystemError: The operation has failed" type="BLOCKED" />
		<system-out>10:32:25 INFO  ==============================================================
10:32:25 INFO  Id:    SoftwareManagement.sm_docker_install_remove_multiple
10:32:25 INFO  Dir:   software_management_end_to_end/
10:32:25 INFO  Title: Validate end to end behaviour for the docker plugin for multiple docker images with mixed versions
10:32:25 INFO  ==============================================================
10:32:25 INFO  Using sw id database: {'asciijump': '5475369', 'robotfindskitten': '5474869', 'squirrel3': '5475279', 'rolldice': '5152439', 'moon-buggy': '5439204', 'apple': '5495053', 'banana': '5494888', 'cherry': '5495382', 'watermelon': '5494510', 'registry': '8018911', 'hello-world': '8021526', 'docker/getting-started': '8021973', 'alpine': '7991792'}
10:32:25 INFO  EnvironmentC8y Setup
10:32:26 INFO  Executed systemctl&lt;serv_mapper1&gt;, exit status 3
10:32:26 INFO  Restarting mosquitto too frequently in the last 10 seconds. It was only up for 5 seconds
10:32:26 INFO  Delaying execution by 6 seconds
10:32:46 INFO  Executed sudo&lt;tedge_connect_c8y&gt;, exit status 0, duration 14 secs
10:32:47 INFO  Executed sudo&lt;tedge_connect_c8y_test&gt;, exit status 0
10:32:47 INFO  Executed systemctl&lt;serv_mosq2&gt;, exit status 0
10:32:48 INFO  Executed systemctl&lt;serv_mapper3&gt;, exit status 0
10:32:50 INFO  State of current operation: SUCCESSFUL
10:32:50 INFO  Response status: 201
10:32:50 INFO  Response to action: {
    "creationTime": "2022-05-23T10:32:50.700Z",
    "deviceId": "19484864",
    "deviceName": "mythicc",
    "self": "https://t493319102.eu-latest.cumulocity.com/devicecontrol/operations/19512900",
    "id": "19512900",
    "status": "PENDING",
    "description": "Apply software changes, triggered from PySys: [{'action': 'install', 'id': '8021526', 'name': 'hello-world', 'url': '', 'version': '::docker'}, {'action': 'install', 'id': '8018911', 'name': 'registry', 'url': '', 'version': '2.6.2::docker'}]",
    "c8y_SoftwareUpdate": [
        {
            "name": "hello-world",
            "action": "install",
            "id": "8021526",
            "version": "::docker",
            "url": ""
        },
        {
            "name": "registry",
            "action": "install",
            "id": "8018911",
            "version": "2.6.2::docker",
            "url": ""
        }
    ]
}
10:32:50 INFO  Started operation: {'creationTime': '2022-05-23T10:32:50.700Z', 'deviceId': '19484864', 'deviceName': 'mythicc', 'self': 'https://t493319102.eu-latest.cumulocity.com/devicecontrol/operations/19512900', 'id': '19512900', 'status': 'PENDING', 'description': "Apply software changes, triggered from PySys: [{'action': 'install', 'id': '8021526', 'name': 'hello-world', 'url': '', 'version': '::docker'}, {'action': 'install', 'id': '8018911', 'name': 'registry', 'url': '', 'version': '2.6.2::docker'}]", 'c8y_SoftwareUpdate': [{'name': 'hello-world', 'action': 'install', 'id': '8021526', 'version': '::docker', 'url': ''}, {'name': 'registry', 'action': 'install', 'id': '8018911', 'version': '2.6.2::docker', 'url': ''}]}
10:32:52 INFO  State of operation 19512900 : PENDING
10:32:55 INFO  State of operation 19512900 : EXECUTING
10:32:57 INFO  State of operation 19512900 : EXECUTING
10:32:59 INFO  State of operation 19512900 : EXECUTING
10:33:01 INFO  State of operation 19512900 : EXECUTING
10:33:04 INFO  State of operation 19512900 : EXECUTING
10:33:06 INFO  State of operation 19512900 : EXECUTING
10:33:08 INFO  State of operation 19512900 : EXECUTING
10:33:10 INFO  State of operation 19512900 : EXECUTING
10:33:13 INFO  State of operation 19512900 : EXECUTING
10:33:15 INFO  State of operation 19512900 : EXECUTING
10:33:17 INFO  State of operation 19512900 : EXECUTING
10:33:20 INFO  State of operation 19512900 : EXECUTING
10:33:22 INFO  State of operation 19512900 : EXECUTING
10:33:24 INFO  State of operation 19512900 : EXECUTING
10:33:27 INFO  State of operation 19512900 : EXECUTING
10:33:29 INFO  State of operation 19512900 : EXECUTING
10:33:31 INFO  State of operation 19512900 : SUCCESSFUL
10:33:32 INFO  Package hello-world is installed
10:33:33 INFO  Package hello-world is installed
10:33:33 INFO  Assert that (True == value) with value=True ... passed
10:33:33 INFO  Package registry is installed
10:33:33 INFO  Assert that (True == value) with value=True ... passed
10:33:33 INFO  Assert that (False == value) with value=False ... passed
10:33:33 INFO  Response status: 201
10:33:33 INFO  Response to action: {
    "creationTime": "2022-05-23T10:33:33.785Z",
    "deviceId": "19484864",
    "deviceName": "mythicc",
    "self": "https://t493319102.eu-latest.cumulocity.com/devicecontrol/operations/19512912",
    "id": "19512912",
    "status": "PENDING",
    "description": "Apply software changes, triggered from PySys: [{'action': 'install', 'id': '8018911', 'name': 'registry', 'url': '', 'version': '2.7.1::docker'}, {'action': 'install', 'id': '7991792', 'name': 'alpine', 'url': '', 'version': '::docker'}]",
    "c8y_SoftwareUpdate": [
        {
            "name": "registry",
            "action": "install",
            "id": "8018911",
            "version": "2.7.1::docker",
            "url": ""
        },
        {
            "name": "alpine",
            "action": "install",
            "id": "7991792",
            "version": "::docker",
            "url": ""
        }
    ]
}
10:33:33 INFO  Started operation: {'creationTime': '2022-05-23T10:33:33.785Z', 'deviceId': '19484864', 'deviceName': 'mythicc', 'self': 'https://t493319102.eu-latest.cumulocity.com/devicecontrol/operations/19512912', 'id': '19512912', 'status': 'PENDING', 'description': "Apply software changes, triggered from PySys: [{'action': 'install', 'id': '8018911', 'name': 'registry', 'url': '', 'version': '2.7.1::docker'}, {'action': 'install', 'id': '7991792', 'name': 'alpine', 'url': '', 'version': '::docker'}]", 'c8y_SoftwareUpdate': [{'name': 'registry', 'action': 'install', 'id': '8018911', 'version': '2.7.1::docker', 'url': ''}, {'name': 'alpine', 'action': 'install', 'id': '7991792', 'version': '::docker', 'url': ''}]}
10:33:36 INFO  State of operation 19512912 : PENDING
10:33:38 INFO  State of operation 19512912 : EXECUTING
10:33:40 INFO  State of operation 19512912 : EXECUTING
10:33:42 INFO  State of operation 19512912 : EXECUTING
10:33:45 INFO  State of operation 19512912 : EXECUTING
10:33:47 INFO  State of operation 19512912 : EXECUTING
10:33:49 INFO  State of operation 19512912 : EXECUTING
10:33:51 INFO  State of operation 19512912 : FAILED
10:33:51 ERROR Stopping as the operation has failed
10:33:51 WARN  SystemError occurred while running test - The operation has failed
Traceback (most recent call last):
  File "/home/pi/env-pysys/lib/python3.7/site-packages/pysys/baserunner.py", line 1294, in __call__
    self.testObj.execute()
  File "/home/pi/actions-runner/_work/thin-edge.io/thin-edge.io/tests/PySys/software_management_end_to_end/sm_docker_install_remove_multiple/run.py", line 91, in execute
    self.wait_until_succcess()
  File "/home/pi/actions-runner/_work/thin-edge.io/thin-edge.io/tests/PySys/software_management_end_to_end/environment_sm_management.py", line 324, in wait_until_succcess
    self.wait_until_status("SUCCESSFUL")
  File "/home/pi/actions-runner/_work/thin-edge.io/thin-edge.io/tests/PySys/software_management_end_to_end/environment_sm_management.py", line 361, in wait_until_status
    raise SystemError("The operation has failed")
SystemError: The operation has failed
10:33:51 WARN  SystemError: The operation has failed ... blocked 
10:33:51 INFO  
10:33:51 INFO  cleanup:
10:33:51 INFO  Response status: 201
10:33:51 INFO  Response to action: {
    "creationTime": "2022-05-23T10:33:51.963Z",
    "deviceId": "19484864",
    "deviceName": "mythicc",
    "self": "https://t493319102.eu-latest.cumulocity.com/devicecontrol/operations/19512916",
    "id": "19512916",
    "status": "PENDING",
    "description": "Apply software changes, triggered from PySys: [{'action': 'delete', 'id': '8018911', 'name': 'registry', 'url': '', 'version': '2.7.1::docker'}, {'action': 'delete', 'id': '7991792', 'name': 'alpine', 'url': '', 'version': '::docker'}, {'action': 'delete', 'id': '8021526', 'name': 'hello-world', 'url': '', 'version': '::docker'}]",
    "c8y_SoftwareUpdate": [
        {
            "name": "registry",
            "action": "delete",
            "id": "8018911",
            "version": "2.7.1::docker",
            "url": ""
        },
        {
            "name": "alpine",
            "action": "delete",
            "id": "7991792",
            "version": "::docker",
            "url": ""
        },
        {
            "name": "hello-world",
            "action": "delete",
            "id": "8021526",
            "version": "::docker",
            "url": ""
        }
    ]
}
[...]
09:14:23 INFO  Id:    docker_plugin_install_with_version
09:14:23 INFO  Dir:   plugin_docker/
09:14:23 INFO  Title: Validate docker plugin install
09:14:23 INFO  ==============================================================
09:14:23 INFO  Testing the docker plugin is not supported on this platform.To run it, all the test with -XmyPlatform='container' ... skipped
09:14:23 WARN  Aborted test due to SKIPPED outcome
09:14:23 INFO  
09:14:23 INFO  Test duration: 0.02 secs
09:14:23 INFO  Test final outcome:  SKIPPED
09:14:23 INFO  Test outcome reason: Testing the docker plugin is not supported on this platform.To run it, all the test with -XmyPlatform='container'
09:14:23 INFO  
</system-out>
	</testcase>
<testcase classname="DockerPluginInstallWithVersionTest" name="docker_plugin_install_with_version" />
</testsuite><testsuite name="docker_plugin_remove" tests="2" errors="0" failures="0" skipped="1" time="0"><testcase classname="DockerPluginRemoveTest" name="docker_plugin_remove">
		<skipped message="SKIPPED: Testing the docker plugin is not supported on this platform.To run it, all the test with -XmyPlatform='container'" />
		<system-out>09:14:23 INFO  ==============================================================
09:14:23 INFO  Id:    docker_plugin_remove
09:14:23 INFO  Dir:   plugin_docker/
09:14:23 INFO  Title: Validate docker plugin remove
09:14:23 INFO  ==============================================================
09:14:23 INFO  Testing the docker plugin is not supported on this platform.To run it, all the test with -XmyPlatform='container' ... skipped
09:14:23 WARN  Aborted test due to SKIPPED outcome
09:14:23 INFO  
09:14:23 INFO  Test duration: 0.02 secs
09:14:23 INFO  Test final outcome:  SKIPPED
09:14:23 INFO  Test outcome reason: Testing the docker plugin is not supported on this platform.To run it, all the test with -XmyPlatform='container'
09:14:23 INFO  
</system-out>
	</testcase>
<testcase classname="DockerPluginRemoveTest" name="docker_plugin_remove" />
</testsuite><testsuite name="docker_plugin_remove_with_version" tests="2" errors="0" failures="0" skipped="1" time="0"><testcase classname="DockerPluginRemoveWithVersionTest" name="docker_plugin_remove_with_version">
		<skipped message="SKIPPED: Testing the docker plugin is not supported on this platform.To run it, all the test with -XmyPlatform='container'" />
		<system-out>09:14:23 INFO  ==============================================================
09:14:23 INFO  Id:    docker_plugin_remove_with_version
09:14:23 INFO  Dir:   plugin_docker/
09:14:23 INFO  Title: Validate docker plugin remove with version
09:14:23 INFO  ==============================================================
09:14:23 INFO  Testing the docker plugin is not supported on this platform.To run it, all the test with -XmyPlatform='container' ... skipped
09:14:23 WARN  Aborted test due to SKIPPED outcome
09:14:23 INFO  
09:14:23 INFO  Test duration: 0.02 secs
09:14:23 INFO  Test final outcome:  SKIPPED
09:14:23 INFO  Test outcome reason: Testing the docker plugin is not supported on this platform.To run it, all the test with -XmyPlatform='container'
09:14:23 INFO  
</system-out>
	</testcase>
<testcase classname="DockerPluginRemoveWithVersionTest" name="docker_plugin_remove_with_version" />
</testsuite><testsuite name="docker_plugin_update" tests="2" errors="0" failures="0" skipped="1" time="0"><testcase classname="DockerPluginUpdateTest" name="docker_plugin_update">
		<skipped message="SKIPPED: Testing the docker plugin is not supported on this platform.To run it, all the test with -XmyPlatform='container'" />
		<system-out>09:14:23 INFO  ==============================================================
09:14:23 INFO  Id:    docker_plugin_update
09:14:23 INFO  Dir:   plugin_docker/
09:14:23 INFO  Title: Validate docker plugin install updates existing containers
09:14:23 INFO  ==============================================================
09:14:23 INFO  Testing the docker plugin is not supported on this platform.To run it, all the test with -XmyPlatform='container' ... skipped
09:14:23 WARN  Aborted test due to SKIPPED outcome
09:14:23 INFO  
09:14:23 INFO  Test duration: 0.02 secs
09:14:23 INFO  Test final outcome:  SKIPPED
09:14:23 INFO  Test outcome reason: Testing the docker plugin is not supported on this platform.To run it, all the test with -XmyPlatform='container'
09:14:23 INFO  
</system-out>
	</testcase>
<testcase classname="DockerPluginUpdateTest" name="docker_plugin_update" />
</testsuite><testsuite name="invalid_device_id" tests="1" errors="0" failures="0" skipped="0" time="0"><testcase classname="InvalidDeviceId" name="invalid_device_id" />
</testsuite><testsuite name="local_mqtt_pub_fail_noqos" tests="1" errors="0" failures="0" skipped="0" time="0"><testcase classname="PySysTest" name="local_mqtt_pub_fail_noqos" />
</testsuite><testsuite name="local_mqtt_pub_fail_qos0" tests="1" errors="0" failures="0" skipped="0" time="0"><testcase classname="PySysTest" name="local_mqtt_pub_fail_qos0" />
</testsuite><testsuite name="local_mqtt_pub_fail_qos1" tests="1" errors="0" failures="0" skipped="0" time="0"><testcase classname="PySysTest" name="local_mqtt_pub_fail_qos1" />
</testsuite><testsuite name="local_mqtt_pub_fail_qos2" tests="1" errors="0" failures="0" skipped="0" time="0"><testcase classname="PySysTest" name="local_mqtt_pub_fail_qos2" />
</testsuite><testsuite name="local_mqtt_pub_sub" tests="1" errors="0" failures="0" skipped="0" time="0"><testcase classname="PySysTest" name="local_mqtt_pub_sub" />
</testsuite><testsuite name="local_mqtt_pub_sub_retain" tests="1" errors="0" failures="0" skipped="0" time="0"><testcase classname="MqttPublishWithRetain" name="local_mqtt_pub_sub_retain" />
</testsuite><testsuite name="local_mqtt_pub_sub_with_sudo" tests="1" errors="0" failures="0" skipped="0" time="0"><testcase classname="PySysTest" name="local_mqtt_pub_sub_with_sudo" />
</testsuite><testsuite name="local_mqtt_sub_fail" tests="1" errors="0" failures="0" skipped="0" time="0"><testcase classname="PySysTest" name="local_mqtt_sub_fail" />
</testsuite><testsuite name="log_request_error_messages" tests="1" errors="0" failures="0" skipped="1" time="0"><testcase classname="LogRequestVerifySearchTextError" name="log_request_error_messages">
		<skipped message="SKIPPED: Test execution disabled due to #1123" />
		<system-out>09:12:45 INFO  ==============================================================
09:12:45 INFO  Id:    log_request_error_messages
09:12:45 INFO  Dir:   log_request_end_to_end/
09:12:45 INFO  Title: Validate end to end behaviour for the log request operation check for error messages
09:12:45 INFO  ==============================================================
09:12:47 INFO  Test execution disabled due to #1123 ... skipped
09:12:47 INFO  
09:12:47 INFO  Test duration: 1.43 secs
09:12:47 INFO  Test final outcome:  SKIPPED
09:12:47 INFO  Test outcome reason: Test execution disabled due to #1123
09:12:47 INFO  
</system-out>
	</testcase>
</testsuite><testsuite name="log_request_num_lines" tests="1" errors="0" failures="0" skipped="1" time="0"><testcase classname="LogRequestVerifyNumberOfLines" name="log_request_num_lines">
		<skipped message="SKIPPED: Test execution disabled due to #1123" />
		<system-out>09:12:47 INFO  ==============================================================
09:12:47 INFO  Id:    log_request_num_lines
09:12:47 INFO  Dir:   log_request_end_to_end/
09:12:47 INFO  Title: Validate end to end behaviour for the log request operation check for number of lines
09:12:47 INFO  ==============================================================
09:12:47 INFO  Test execution disabled due to #1123 ... skipped
09:12:47 INFO  
09:12:47 INFO  Test duration: 0.02 secs
09:12:47 INFO  Test final outcome:  SKIPPED
09:12:47 INFO  Test outcome reason: Test execution disabled due to #1123
09:12:47 INFO  
</system-out>
	</testcase>
</testsuite><testsuite name="mapper_awaits_before_reconnect" tests="1" errors="0" failures="0" skipped="0" time="0"><testcase classname="MapperReconnectAwait" name="mapper_awaits_before_reconnect" />
</testsuite><testsuite name="monitoring_smaller_interval" tests="1" errors="0" failures="0" skipped="1" time="0"><testcase classname="MonitoringSmallInterval" name="monitoring_smaller_interval">
		<skipped message="SKIPPED: Fails due to retained message" />
		<system-out>09:14:18 INFO  ==============================================================
09:14:18 INFO  Id:    monitoring_smaller_interval
09:14:18 INFO  Dir:   monitoring/
09:14:18 INFO  Title: Validate the tedge dm agent messages that are produced with smaller sampling interval than the batching window. Here the simulated collectd messages are used
09:14:18 INFO  ==============================================================
09:14:18 INFO  Fails due to retained message ... skipped
09:14:18 INFO  
09:14:18 INFO  Test duration: 0.02 secs
09:14:18 INFO  Test final outcome:  SKIPPED
09:14:18 INFO  Test outcome reason: Fails due to retained message
09:14:18 INFO  
</system-out>
	</testcase>
</testsuite><testsuite name="monitoring_with_collectd" tests="1" errors="0" failures="0" skipped="1" time="0"><testcase classname="MonitoringWithCollectd" name="monitoring_with_collectd">
		<skipped message="SKIPPED: Test execution disabled due to #792 (instable)" />
		<system-out>09:14:18 INFO  ==============================================================
09:14:18 INFO  Id:    monitoring_with_collectd
09:14:18 INFO  Dir:   monitoring/
09:14:18 INFO  Title: Validate tedge dm agent messages that are produced by batching the collectd messages
09:14:18 INFO  ==============================================================
09:14:18 INFO  Test execution disabled due to #792 (instable) ... skipped
09:14:18 INFO  
09:14:18 INFO  Test duration: 0.02 secs
09:14:18 INFO  Test final outcome:  SKIPPED
09:14:18 INFO  Test outcome reason: Test execution disabled due to #792 (instable)
09:14:18 INFO  
</system-out>
	</testcase>
</testsuite><testsuite name="monitoring_with_simulated_messages" tests="1" errors="0" failures="0" skipped="1" time="0"><testcase classname="MonitoringWithSimulatedMessages" name="monitoring_with_simulated_messages">
		<skipped message="SKIPPED: Fails due to retained message" />
		<system-out>09:14:18 INFO  ==============================================================
09:14:18 INFO  Id:    monitoring_with_simulated_messages
09:14:18 INFO  Dir:   monitoring/
09:14:18 INFO  Title: Validate the tedge dm agent messages that are produced from the simulated collectd messages
09:14:18 INFO  ==============================================================
09:14:18 INFO  Fails due to retained message ... skipped
09:14:18 INFO  
09:14:18 INFO  Test duration: 0.02 secs
09:14:18 INFO  Test final outcome:  SKIPPED
09:14:18 INFO  Test outcome reason: Fails due to retained message
09:14:18 INFO  
</system-out>
	</testcase>
</testsuite><testsuite name="mqtt_port_change_connection_fails" tests="1" errors="0" failures="0" skipped="0" time="0"><testcase classname="MqttPortChangeConnectionFails" name="mqtt_port_change_connection_fails" />
</testsuite><testsuite name="mqtt_port_change_connection_works" tests="1" errors="0" failures="0" skipped="1" time="0"><testcase classname="MqttPortChangeConnectionWorks" name="mqtt_port_change_connection_works">
		<skipped message="SKIPPED: failing intermitently" />
		<system-out>09:13:22 INFO  ==============================================================
09:13:22 INFO  Id:    mqtt_port_change_connection_works
09:13:22 INFO  Dir:   misc_features/
09:13:22 INFO  Title: mqtt port change connection works for all the thin-edge services that use the mosquitto broker
09:13:22 INFO  ==============================================================
09:13:22 INFO  failing intermitently ... skipped
09:13:22 INFO  
09:13:22 INFO  Test duration: 0.02 secs
09:13:22 INFO  Test final outcome:  SKIPPED
09:13:22 INFO  Test outcome reason: failing intermitently
09:13:22 INFO  
</system-out>
	</testcase>
</testsuite><testsuite name="mqtt_port_set" tests="1" errors="0" failures="0" skipped="0" time="0"><testcase classname="MqttPortSet" name="mqtt_port_set" />
</testsuite><testsuite name="mqtt_port_unset" tests="1" errors="0" failures="0" skipped="0" time="0"><testcase classname="MqttPortUnSet" name="mqtt_port_unset" />
</testsuite><testsuite name="publish_flux" tests="1" errors="0" failures="0" skipped="0" time="0"><testcase classname="PublishFlux" name="publish_flux" />
</testsuite><testsuite name="publish_sawmill" tests="1" errors="0" failures="0" skipped="0" time="0"><testcase classname="PublishSawmill" name="publish_sawmill" />
</testsuite><testsuite name="pysys_block" tests="1" errors="0" failures="0" skipped="1" time="0"><testcase classname="Fail" name="pysys_block">
		<skipped message="SKIPPED: Enable this to observe a blocking test" />
		<system-out>09:13:45 INFO  ==============================================================
09:13:45 INFO  Id:    pysys_block
09:13:45 INFO  Dir:   misc_features/
09:13:45 INFO  Title: fail
09:13:45 INFO  ==============================================================
09:13:45 INFO  Enable this to observe a blocking test ... skipped
09:13:45 INFO  
09:13:45 INFO  Test duration: 0.02 secs
09:13:45 INFO  Test final outcome:  SKIPPED
09:13:45 INFO  Test outcome reason: Enable this to observe a blocking test
09:13:45 INFO  
</system-out>
	</testcase>
</testsuite><testsuite name="pysys_fail" tests="1" errors="0" failures="0" skipped="1" time="0"><testcase classname="Fail" name="pysys_fail">
		<skipped message="SKIPPED: Enable this to observe a failing test" />
		<system-out>09:13:45 INFO  ==============================================================
09:13:45 INFO  Id:    pysys_fail
09:13:45 INFO  Dir:   misc_features/
09:13:45 INFO  Title: fail
09:13:45 INFO  ==============================================================
09:13:45 INFO  Enable this to observe a failing test ... skipped
09:13:45 INFO  
09:13:45 INFO  Test duration: 0.01 secs
09:13:45 INFO  Test final outcome:  SKIPPED
09:13:45 INFO  Test outcome reason: Enable this to observe a failing test
09:13:45 INFO  
</system-out>
	</testcase>
</testsuite><testsuite name="runtime_start_two_mappers" tests="1" errors="0" failures="0" skipped="0" time="0"><testcase classname="RuntimeMultiMappers" name="runtime_start_two_mappers" />
</testsuite><testsuite name="sm_tedge_mapper_init_session" tests="1" errors="0" failures="0" skipped="0" time="0"><testcase classname="TedgeSMMapperInitSession" name="sm_tedge_mapper_init_session" />
</testsuite><testsuite name="smoketest_json" tests="1" errors="0" failures="0" skipped="0" time="0"><testcase classname="SmokeTestJson" name="smoketest_json" />
</testsuite><testsuite name="smoketest_json_400_samples_10ms" tests="1" errors="0" failures="0" skipped="0" time="0"><testcase classname="SmoketestJson400Samples10ms" name="smoketest_json_400_samples_10ms" />
</testsuite><testsuite name="smoketest_json_400_samples_20ms" tests="1" errors="0" failures="0" skipped="0" time="0"><testcase classname="SmoketestJson400Samples20ms" name="smoketest_json_400_samples_20ms" />
</testsuite><testsuite name="smoketest_smartrest" tests="1" errors="0" failures="0" skipped="0" time="0"><testcase classname="SmoketestSmartRest" name="smoketest_smartrest" />
</testsuite><testsuite name="smoketest_smartrest_200_samples_1Xms" tests="1" errors="0" failures="0" skipped="0" time="0"><testcase classname="SmoketestSmartRest200Samples1Xms" name="smoketest_smartrest_200_samples_1Xms" />
</testsuite><testsuite name="smoketest_smartrest_200_samples_20ms" tests="1" errors="0" failures="0" skipped="0" time="0"><testcase classname="SmoketestSmartRest200Samples20ms" name="smoketest_smartrest_200_samples_20ms" />
</testsuite><testsuite name="tedge_agent_user_sudo_access" tests="1" errors="0" failures="0" skipped="1" time="0"><testcase classname="TedgeAgentUserSudoAccess" name="tedge_agent_user_sudo_access">
		<skipped message="SKIPPED: #955 Observation: Exit code of the apt plugin when called with no arguments" />
		<system-out>09:24:30 INFO  ==============================================================
09:24:30 INFO  Id:    tedge_agent_user_sudo_access
09:24:30 INFO  Dir:   tedge/
09:24:30 INFO  Title: Validate tedge-agent user has a limited sudo right
09:24:30 INFO  ==============================================================
09:24:30 INFO  #955 Observation: Exit code of the apt plugin when called with no arguments ... skipped
09:24:30 INFO  
09:24:30 INFO  Test duration: 0.05 secs
09:24:30 INFO  Test final outcome:  SKIPPED
09:24:30 INFO  Test outcome reason: #955 Observation: Exit code of the apt plugin when called with no arguments
09:24:30 INFO  
</system-out>
	</testcase>
</testsuite><testsuite name="tedge_connect_test_negative" tests="1" errors="0" failures="0" skipped="0" time="0"><testcase classname="TedgeConnectTestNegative" name="tedge_connect_test_negative" />
</testsuite><testsuite name="tedge_connect_test_positive" tests="1" errors="0" failures="0" skipped="0" time="0"><testcase classname="TedgeConnectTestPositive" name="tedge_connect_test_positive" />
</testsuite><testsuite name="tedge_connect_test_sm_services" tests="1" errors="0" failures="0" skipped="0" time="0"><testcase classname="TedgeConnectTestSMServices" name="tedge_connect_test_sm_services" />
</testsuite><testsuite name="tedge_disconnect_test_sm_services" tests="1" errors="0" failures="0" skipped="0" time="0"><testcase classname="TedgeDisConnectTestSMServices" name="tedge_disconnect_test_sm_services" />
</testsuite><testsuite name="tedge_mapper_az_negative" tests="1" errors="0" failures="0" skipped="0" time="0"><testcase classname="TedgeMapperAzError" name="tedge_mapper_az_negative" />
</testsuite><testsuite name="tedge_mapper_az_with_timestamp" tests="1" errors="0" failures="0" skipped="0" time="0"><testcase classname="TedgeMapperAzWithTimestamp" name="tedge_mapper_az_with_timestamp" />
</testsuite><testsuite name="tedge_mapper_az_without_timestamp" tests="1" errors="0" failures="0" skipped="0" time="0"><testcase classname="TedgeMapperAzWithoutTimestamp" name="tedge_mapper_az_without_timestamp" />
</testsuite><testsuite name="tedge_mapper_c8y_alarms" tests="1" errors="0" failures="0" skipped="0" time="0"><testcase classname="TedgeMapperC8yAlarm" name="tedge_mapper_c8y_alarms" />
</testsuite><testsuite name="tedge_mapper_c8y_child_device_measurement" tests="1" errors="0" failures="0" skipped="1" time="0"><testcase classname="TedgeMapperC8yChildDevice" name="tedge_mapper_c8y_child_device_measurement">
		<skipped message="SKIPPED: Test execution disabled due to #1088" />
		<system-out>09:28:54 INFO  ==============================================================
09:28:54 INFO  Id:    tedge_mapper_c8y_child_device_measurement
09:28:54 INFO  Dir:   tedge_mapper_c8y/
09:28:54 INFO  Title: Validate that measurements sent to tedge/measurements/child topic gets mapped as the child device's measurement in Cumulocity
09:28:54 INFO  ==============================================================
09:28:55 INFO  Test execution disabled due to #1088 ... skipped
09:28:55 INFO  
09:28:55 INFO  Test duration: 0.36 secs
09:28:55 INFO  Test final outcome:  SKIPPED
09:28:55 INFO  Test outcome reason: Test execution disabled due to #1088
09:28:55 INFO  
</system-out>
	</testcase>
</testsuite><testsuite name="tedge_mapper_c8y_packet_threshold_size" tests="1" errors="0" failures="0" skipped="0" time="0"><testcase classname="TedgeMapperC8yThresholdPacketSize" name="tedge_mapper_c8y_packet_threshold_size" />
</testsuite><testsuite name="tedge_software_update" tests="1" errors="0" failures="0" skipped="0" time="0"><testcase classname="PySysTest" name="tedge_software_update" />
</testsuite><testsuite name="valid_device_id" tests="1" errors="0" failures="0" skipped="0" time="0"><testcase classname="ValidateValidDeviceId" name="valid_device_id" />
</testsuite></testsuites>