<?xml version='1.0' encoding='utf-8'?>
<testsuites tests="149" failures="20" errors="0" skipped="49" time="0.0"><testsuite name="SoftwareManagement.Plugin.apama_plugin_install" tests="3" errors="0" failures="0" skipped="1" time="0"><testcase classname="ApamaPluginInstallTest" name="SoftwareManagement.Plugin.apama_plugin_install">
		<skipped message="SKIPPED: Apama plugin tests are disabled by default. Execute `pysys run` with `-XmyPlatform=container` to run these tests" />
		<system-out>15:06:49 INFO  ==============================================================
15:06:49 INFO  Id:    SoftwareManagement.Plugin.apama_plugin_install
15:06:49 INFO  Dir:   plugin_apama/
15:06:49 INFO  Title: Validate apama plugin install
15:06:49 INFO  ==============================================================
15:06:49 INFO  Apama plugin tests are disabled by default. Execute `pysys run` with `-XmyPlatform=container` to run these tests ... skipped
15:06:49 WARN  Aborted test due to SKIPPED outcome
15:06:49 INFO  
15:06:49 INFO  Test duration: 0.14 secs
15:06:49 INFO  Test final outcome:  SKIPPED
15:06:49 INFO  Test outcome reason: Apama plugin tests are disabled by default. Execute `pysys run` with `-XmyPlatform=container` to run these tests
15:06:49 INFO  
</system-out>
	</testcase>
<testcase classname="ApamaPluginInstallTest" name="SoftwareManagement.Plugin.apama_plugin_install" />
<testcase classname="ApamaPluginInstallTest" name="SoftwareManagement.Plugin.apama_plugin_install" />
</testsuite><testsuite name="SoftwareManagement.Plugin.apama_plugin_mon_support" tests="3" errors="0" failures="0" skipped="1" time="0"><testcase classname="ApamaPluginMonSupportTest" name="SoftwareManagement.Plugin.apama_plugin_mon_support">
		<skipped message="SKIPPED: Apama plugin tests are disabled by default. Execute `pysys run` with `-XmyPlatform=container` to run these tests" />
		<system-out>15:06:49 INFO  ==============================================================
15:06:49 INFO  Id:    SoftwareManagement.Plugin.apama_plugin_mon_support
15:06:49 INFO  Dir:   plugin_apama/
15:06:49 INFO  Title: Validate mon file support of apama plugin
15:06:49 INFO  ==============================================================
15:06:49 INFO  Apama plugin tests are disabled by default. Execute `pysys run` with `-XmyPlatform=container` to run these tests ... skipped
15:06:49 WARN  Aborted test due to SKIPPED outcome
15:06:49 INFO  
15:06:49 INFO  Test duration: 0.02 secs
15:06:49 INFO  Test final outcome:  SKIPPED
15:06:49 INFO  Test outcome reason: Apama plugin tests are disabled by default. Execute `pysys run` with `-XmyPlatform=container` to run these tests
15:06:49 INFO  
</system-out>
	</testcase>
<testcase classname="ApamaPluginMonSupportTest" name="SoftwareManagement.Plugin.apama_plugin_mon_support" />
<testcase classname="ApamaPluginMonSupportTest" name="SoftwareManagement.Plugin.apama_plugin_mon_support" />
</testsuite><testsuite name="SoftwareManagement.Plugin.apama_plugin_remove" tests="3" errors="0" failures="0" skipped="1" time="0"><testcase classname="ApamaPluginRemoveTest" name="SoftwareManagement.Plugin.apama_plugin_remove">
		<skipped message="SKIPPED: Apama plugin tests are disabled by default. Execute `pysys run` with `-XmyPlatform=container` to run these tests" />
		<system-out>15:06:49 INFO  ==============================================================
15:06:49 INFO  Id:    SoftwareManagement.Plugin.apama_plugin_remove
15:06:49 INFO  Dir:   plugin_apama/
15:06:49 INFO  Title: Validate apama plugin remove
15:06:49 INFO  ==============================================================
15:06:49 INFO  Apama plugin tests are disabled by default. Execute `pysys run` with `-XmyPlatform=container` to run these tests ... skipped
15:06:49 WARN  Aborted test due to SKIPPED outcome
15:06:49 INFO  
15:06:49 INFO  Test duration: 0.02 secs
15:06:49 INFO  Test final outcome:  SKIPPED
15:06:49 INFO  Test outcome reason: Apama plugin tests are disabled by default. Execute `pysys run` with `-XmyPlatform=container` to run these tests
15:06:49 INFO  
</system-out>
	</testcase>
<testcase classname="ApamaPluginRemoveTest" name="SoftwareManagement.Plugin.apama_plugin_remove" />
<testcase classname="ApamaPluginRemoveTest" name="SoftwareManagement.Plugin.apama_plugin_remove" />
</testsuite><testsuite name="SoftwareManagement.Plugin.apama_plugin_update" tests="3" errors="0" failures="2" skipped="1" time="0"><testcase classname="ApamaPluginUpdateTest" name="SoftwareManagement.Plugin.apama_plugin_update">
		<skipped message="SKIPPED: Apama plugin tests are disabled by default. Execute `pysys run` with `-XmyPlatform=container` to run these tests" />
		<system-out>15:06:49 INFO  ==============================================================
15:06:49 INFO  Id:    SoftwareManagement.Plugin.apama_plugin_update
15:06:49 INFO  Dir:   plugin_apama/
15:06:49 INFO  Title: Validate apama plugin updating one project with another
15:06:49 INFO  ==============================================================
15:06:49 INFO  Apama plugin tests are disabled by default. Execute `pysys run` with `-XmyPlatform=container` to run these tests ... skipped
15:06:49 WARN  Aborted test due to SKIPPED outcome
15:06:49 INFO  
15:06:49 INFO  Test duration: 0.02 secs
15:06:49 INFO  Test final outcome:  SKIPPED
15:06:49 INFO  Test outcome reason: Apama plugin tests are disabled by default. Execute `pysys run` with `-XmyPlatform=container` to run these tests
15:06:49 INFO  
</system-out>
	</testcase>
<testcase classname="ApamaPluginUpdateTest" name="SoftwareManagement.Plugin.apama_plugin_update">
		<failure message="BLOCKED: sudo&lt;plugin_install&gt; returned non-zero exit code 2" type="BLOCKED" />
		<system-out>16:00:09 INFO  ==============================================================
16:00:09 INFO  Id:    SoftwareManagement.Plugin.apama_plugin_update
16:00:09 INFO  Dir:   plugin_apama/
16:00:09 INFO  Title: Validate apama plugin updating one project with another
16:00:09 INFO  ==============================================================
16:00:09 INFO  Assertion that path exists=False for "/etc/tedge/apama/project" ... passed
16:00:09 INFO  Executed sudo&lt;create_project_dir&gt;, exit status 0
16:00:10 INFO  Executed sudo&lt;unzip_apama_project&gt;, exit status 0
16:00:10 INFO  Executed sudo&lt;move_apama_project&gt;, exit status 0
16:00:11 INFO  Executed sudo&lt;restart_apama_service&gt;, exit status 0
16:00:12 INFO  Executed sudo&lt;apama_correlator_wait&gt;, exit status 0
16:00:12 INFO  Assertion that path exists=True for "/etc/tedge/apama/project" ... passed
16:00:13 INFO  Executed sudo&lt;apama_list_monitors&gt;, exit status 0
16:00:13 INFO  Grep on file /home/pi/actions-runner/_work/thin-edge.io/thin-edge.io/tests/PySys/plugin_apama/apama_plugin_update/Output/linux/apama_list_monitors.out ... passed
16:00:14 WARN  Executed sudo&lt;plugin_install&gt;, exit status 2
16:00:14 INFO  Contents of plugin_install.err: 
  ERROR: Directory not empty (os error 39)
  -----

16:00:14 WARN  sudo&lt;plugin_install&gt; returned non-zero exit code 2 ... blocked [run.py:35]
16:00:14 WARN  Aborted test due to BLOCKED outcome
16:00:14 INFO  
16:00:14 INFO  cleanup:
16:00:14 INFO  Removing apama project
16:00:30 INFO  Executed sudo&lt;stop_apama_service&gt;, exit status 0, duration 15 secs
16:00:30 INFO  Executed sudo&lt;remove_apama_project&gt;, exit status 0
16:00:31 INFO  Executed sudo&lt;remove_apama_tmp_dir&gt;, exit status 0
16:00:31 INFO  
16:00:31 INFO  Test duration: 22.12 secs
16:00:31 INFO  Test final outcome:  BLOCKED
16:00:31 INFO  Test outcome reason: sudo&lt;plugin_install&gt; returned non-zero exit code 2
16:00:31 INFO  
</system-out>
	</testcase>
<testcase classname="ApamaPluginUpdateTest" name="SoftwareManagement.Plugin.apama_plugin_update">
		<failure message="BLOCKED: sudo&lt;plugin_install&gt; returned non-zero exit code 2" type="BLOCKED" />
		<system-out>16:03:40 INFO  ==============================================================
16:03:40 INFO  Id:    SoftwareManagement.Plugin.apama_plugin_update
16:03:40 INFO  Dir:   plugin_apama/
16:03:40 INFO  Title: Validate apama plugin updating one project with another
16:03:40 INFO  ==============================================================
16:03:40 INFO  Assertion that path exists=False for "/etc/tedge/apama/project" ... passed
16:03:41 INFO  Executed sudo&lt;create_project_dir&gt;, exit status 0
16:03:41 INFO  Executed sudo&lt;unzip_apama_project&gt;, exit status 0
16:03:42 INFO  Executed sudo&lt;move_apama_project&gt;, exit status 0
16:03:43 INFO  Executed sudo&lt;restart_apama_service&gt;, exit status 0
16:03:44 INFO  Executed sudo&lt;apama_correlator_wait&gt;, exit status 0
16:03:44 INFO  Assertion that path exists=True for "/etc/tedge/apama/project" ... passed
16:03:44 INFO  Executed sudo&lt;apama_list_monitors&gt;, exit status 0
16:03:44 INFO  Grep on file /home/pi/actions-runner/_work/thin-edge.io/thin-edge.io/tests/PySys/plugin_apama/apama_plugin_update/Output/linux/apama_list_monitors.out ... passed
16:03:45 WARN  Executed sudo&lt;plugin_install&gt;, exit status 2
16:03:45 INFO  Contents of plugin_install.err: 
  ERROR: Directory not empty (os error 39)
  -----

16:03:45 WARN  sudo&lt;plugin_install&gt; returned non-zero exit code 2 ... blocked [run.py:35]
16:03:45 WARN  Aborted test due to BLOCKED outcome
16:03:45 INFO  
16:03:45 INFO  cleanup:
16:03:45 INFO  Removing apama project
16:04:02 INFO  Executed sudo&lt;stop_apama_service&gt;, exit status 0, duration 16 secs
16:04:02 INFO  Executed sudo&lt;remove_apama_project&gt;, exit status 0
16:04:03 INFO  Executed sudo&lt;remove_apama_tmp_dir&gt;, exit status 0
16:04:03 INFO  
16:04:03 INFO  Test duration: 22.51 secs
16:04:03 INFO  Test final outcome:  BLOCKED
16:04:03 INFO  Test outcome reason: sudo&lt;plugin_install&gt; returned non-zero exit code 2
16:04:03 INFO  
</system-out>
	</testcase>
</testsuite><testsuite name="SoftwareManagement.sm_apt_install_download_path" tests="3" errors="0" failures="2" skipped="1" time="0"><testcase classname="AptInstallWithDownloadPath" name="SoftwareManagement.sm_apt_install_download_path">
		<skipped message="SKIPPED: Testing the apt plugin is not supported on this platform.Use parameter -XmyPlatform='container' to enable it" />
		<system-out>15:16:36 INFO  ==============================================================
15:16:36 INFO  Id:    SoftwareManagement.sm_apt_install_download_path
15:16:36 INFO  Dir:   software_management_end_to_end/
15:16:36 INFO  Title: Install package to directory specified in tedge config set tmp.path
15:16:36 INFO  ==============================================================
15:16:36 INFO  Testing the apt plugin is not supported on this platform.Use parameter -XmyPlatform='container' to enable it ... skipped
15:16:36 WARN  Aborted test due to SKIPPED outcome
15:16:36 INFO  
15:16:36 INFO  Test duration: 0.06 secs
15:16:36 INFO  Test final outcome:  SKIPPED
15:16:36 INFO  Test outcome reason: Testing the apt plugin is not supported on this platform.Use parameter -XmyPlatform='container' to enable it
15:16:36 INFO  
</system-out>
	</testcase>
<testcase classname="AptInstallWithDownloadPath" name="SoftwareManagement.sm_apt_install_download_path">
		<failure message="BLOCKED: AssertionError:" type="BLOCKED" />
		<system-out>15:41:40 INFO  ==============================================================
15:41:40 INFO  Id:    SoftwareManagement.sm_apt_install_download_path
15:41:40 INFO  Dir:   software_management_end_to_end/
15:41:40 INFO  Title: Install package to directory specified in tedge config set tmp.path
15:41:40 INFO  ==============================================================
15:41:40 INFO  Using sw id database: {'asciijump': '5475369', 'robotfindskitten': '5474869', 'squirrel3': '5475279', 'rolldice': '5152439', 'moon-buggy': '5439204', 'apple': '5495053', 'banana': '5494888', 'cherry': '5495382', 'watermelon': '5494510', 'registry': '8018911', 'hello-world': '8021526', 'docker/getting-started': '8021973', 'alpine': '7991792'}
15:41:40 INFO  EnvironmentC8y Setup
15:41:41 INFO  Executed systemctl&lt;serv_mapper1&gt;, exit status 3
15:41:57 INFO  Executed sudo&lt;tedge_connect_c8y&gt;, exit status 0, duration 15 secs
15:41:58 INFO  Executed sudo&lt;tedge_connect_c8y_test&gt;, exit status 0
15:42:00 INFO  Executed systemctl&lt;serv_mosq2&gt;, exit status 0
15:42:00 INFO  Executed systemctl&lt;serv_mapper3&gt;, exit status 0
15:42:03 INFO  State of current operation: SUCCESSFUL
15:42:03 INFO  Assert that (False == value) with value=False ... passed
15:42:03 INFO  Executed sudo, exit status 0
15:42:04 INFO  Executed sudo, exit status 0
15:42:05 INFO  Executed sudo, exit status 0
15:42:09 INFO  Executed sudo&lt;tedge_disconnect_c8y&gt;, exit status 0
15:42:09 INFO  Restarting mosquitto too frequently in the last 10 seconds. It was only up for 3 seconds
15:42:09 INFO  Delaying execution by 8 seconds
15:42:32 INFO  Executed sudo&lt;tedge_connect_c8y&gt;, exit status 0, duration 15 secs
15:42:32 INFO  Response status: 201
15:42:32 INFO  Response to action: {
    "delivery": {
        "time": "2022-05-02T15:42:32.764Z",
        "log": [],
        "status": "PENDING"
    },
    "creationTime": "2022-05-02T15:42:32.751Z",
    "deviceName": "mythica",
    "deviceId": "18180749",
    "self": "https://t493319102.eu-latest.cumulocity.com/devicecontrol/operations/18197208",
    "id": "18197208",
    "status": "PENDING",
    "description": "Apply software changes, triggered from PySys: [{'name': 'rolldice', 'id': '5152439', 'version': '::apt', 'url': 'https://thin-edge-io.eu-latest.cumulocity.com/inventory/binaries/12435463', 'action': 'install'}]",
    "c8y_SoftwareUpdate": [
        {
            "name": "rolldice",
            "action": "install",
            "id": "5152439",
            "version": "::apt",
            "url": "https://thin-edge-io.eu-latest.cumulocity.com/inventory/binaries/12435463"
        }
    ]
}
15:42:32 INFO  Started operation: {'delivery': {'time': '2022-05-02T15:42:32.764Z', 'log': [], 'status': 'PENDING'}, 'creationTime': '2022-05-02T15:42:32.751Z', 'deviceName': 'mythica', 'deviceId': '18180749', 'self': 'https://t493319102.eu-latest.cumulocity.com/devicecontrol/operations/18197208', 'id': '18197208', 'status': 'PENDING', 'description': "Apply software changes, triggered from PySys: [{'name': 'rolldice', 'id': '5152439', 'version': '::apt', 'url': 'https://thin-edge-io.eu-latest.cumulocity.com/inventory/binaries/12435463', 'action': 'install'}]", 'c8y_SoftwareUpdate': [{'name': 'rolldice', 'action': 'install', 'id': '5152439', 'version': '::apt', 'url': 'https://thin-edge-io.eu-latest.cumulocity.com/inventory/binaries/12435463'}]}
15:42:32 WARN  , retrying in 0.5 seconds...
15:42:33 WARN  , retrying in 0.5 seconds...
15:42:33 WARN  , retrying in 0.5 seconds...
15:42:34 WARN  , retrying in 0.5 seconds...
15:42:34 WARN  , retrying in 0.5 seconds...
15:42:35 WARN  , retrying in 0.5 seconds...
15:42:35 WARN  , retrying in 0.5 seconds...
15:42:36 WARN  , retrying in 0.5 seconds...
15:42:36 WARN  , retrying in 0.5 seconds...
15:42:37 WARN  AssertionError occurred while running test - 
Traceback (most recent call last):
  File "/home/pi/env-pysys/lib/python3.7/site-packages/pysys/baserunner.py", line 1294, in __call__
    self.testObj.execute()
  File "/home/pi/actions-runner/_work/thin-edge.io/thin-edge.io/tests/PySys/software_management_end_to_end/sm_apt_install_download_path/run.py", line 83, in execute
    assert_install_in_download_path(install_directory=self.DOWNLOAD_DIR)
  File "/home/pi/env-pysys/lib/python3.7/site-packages/decorator.py", line 232, in fun
    return caller(func, *(extras + args), **kw)
  File "/home/pi/env-pysys/lib/python3.7/site-packages/retry/api.py", line 74, in retry_decorator
    logger)
  File "/home/pi/env-pysys/lib/python3.7/site-packages/retry/api.py", line 33, in __retry_internal
    return f()
  File "/home/pi/actions-runner/_work/thin-edge.io/thin-edge.io/tests/PySys/software_management_end_to_end/sm_apt_install_download_path/run.py", line 28, in assert_install_in_download_path
    assert "rolldice" in os.listdir(f"{install_directory}")
AssertionError
15:42:38 WARN  AssertionError: ... blocked 
15:42:38 INFO  
15:42:38 INFO  cleanup:
15:42:38 INFO  Executed sudo, exit status 0
15:42:39 INFO  Executed sudo, exit status 0
15:42:44 INFO  Executed sudo&lt;tedge_disconnect_c8y&gt;, exit status 0
15:42:44 INFO  Restarting mosquitto too frequently in the last 10 seconds. It was only up for 5 seconds
15:42:44 INFO  Delaying execution by 6 seconds
15:43:05 INFO  Executed sudo&lt;tedge_connect_c8y&gt;, exit status 0, duration 14 secs
15:43:10 INFO  Executed sudo&lt;tedge_disconnect_c8y&gt;, exit status 0
15:43:10 INFO  Executed systemctl&lt;serv_mapper5&gt;, exit status 3
15:43:10 INFO  
15:43:10 INFO  Test duration: 90.63 secs
15:43:10 INFO  Test final outcome:  BLOCKED
15:43:10 INFO  Test outcome reason: AssertionError:
15:43:10 INFO  
</system-out>
	</testcase>
<testcase classname="AptInstallWithDownloadPath" name="SoftwareManagement.sm_apt_install_download_path">
		<failure message="BLOCKED: AssertionError:" type="BLOCKED" />
		<system-out>16:04:03 INFO  ==============================================================
16:04:03 INFO  Id:    SoftwareManagement.sm_apt_install_download_path
16:04:03 INFO  Dir:   software_management_end_to_end/
16:04:03 INFO  Title: Install package to directory specified in tedge config set tmp.path
16:04:03 INFO  ==============================================================
16:04:04 INFO  Using sw id database: {'asciijump': '5475369', 'robotfindskitten': '5474869', 'squirrel3': '5475279', 'rolldice': '5152439', 'moon-buggy': '5439204', 'apple': '5495053', 'banana': '5494888', 'cherry': '5495382', 'watermelon': '5494510', 'registry': '8018911', 'hello-world': '8021526', 'docker/getting-started': '8021973', 'alpine': '7991792'}
16:04:04 INFO  EnvironmentC8y Setup
16:04:05 INFO  Executed systemctl&lt;serv_mapper1&gt;, exit status 3
16:04:19 INFO  Executed sudo&lt;tedge_connect_c8y&gt;, exit status 0, duration 14 secs
16:04:20 INFO  Executed sudo&lt;tedge_connect_c8y_test&gt;, exit status 0
16:04:20 INFO  Executed systemctl&lt;serv_mosq2&gt;, exit status 0
16:04:21 INFO  Executed systemctl&lt;serv_mapper3&gt;, exit status 0
16:04:23 INFO  State of current operation: FAILED
16:04:23 INFO  Assert that (False == value) with value=False ... passed
16:04:24 INFO  Executed sudo, exit status 0
16:04:24 INFO  Executed sudo, exit status 0
16:04:25 INFO  Executed sudo, exit status 0
16:04:29 INFO  Executed sudo&lt;tedge_disconnect_c8y&gt;, exit status 0
16:04:29 INFO  Restarting mosquitto too frequently in the last 10 seconds. It was only up for 3 seconds
16:04:29 INFO  Delaying execution by 8 seconds
16:04:51 INFO  Executed sudo&lt;tedge_connect_c8y&gt;, exit status 0, duration 14 secs
16:04:52 INFO  Response status: 201
16:04:52 INFO  Response to action: {
    "creationTime": "2022-05-02T16:04:52.035Z",
    "deviceName": "mythica",
    "deviceId": "18180749",
    "self": "https://t493319102.eu-latest.cumulocity.com/devicecontrol/operations/18212040",
    "id": "18212040",
    "status": "PENDING",
    "description": "Apply software changes, triggered from PySys: [{'name': 'rolldice', 'id': '5152439', 'version': '::apt', 'url': 'https://thin-edge-io.eu-latest.cumulocity.com/inventory/binaries/12435463', 'action': 'install'}]",
    "c8y_SoftwareUpdate": [
        {
            "name": "rolldice",
            "action": "install",
            "id": "5152439",
            "version": "::apt",
            "url": "https://thin-edge-io.eu-latest.cumulocity.com/inventory/binaries/12435463"
        }
    ]
}
16:04:52 INFO  Started operation: {'creationTime': '2022-05-02T16:04:52.035Z', 'deviceName': 'mythica', 'deviceId': '18180749', 'self': 'https://t493319102.eu-latest.cumulocity.com/devicecontrol/operations/18212040', 'id': '18212040', 'status': 'PENDING', 'description': "Apply software changes, triggered from PySys: [{'name': 'rolldice', 'id': '5152439', 'version': '::apt', 'url': 'https://thin-edge-io.eu-latest.cumulocity.com/inventory/binaries/12435463', 'action': 'install'}]", 'c8y_SoftwareUpdate': [{'name': 'rolldice', 'action': 'install', 'id': '5152439', 'version': '::apt', 'url': 'https://thin-edge-io.eu-latest.cumulocity.com/inventory/binaries/12435463'}]}
16:04:52 WARN  , retrying in 0.5 seconds...
16:04:52 WARN  , retrying in 0.5 seconds...
16:04:53 WARN  , retrying in 0.5 seconds...
16:04:53 WARN  , retrying in 0.5 seconds...
16:04:54 WARN  , retrying in 0.5 seconds...
16:04:54 WARN  , retrying in 0.5 seconds...
16:04:55 WARN  , retrying in 0.5 seconds...
16:04:55 WARN  , retrying in 0.5 seconds...
16:04:56 WARN  , retrying in 0.5 seconds...
16:04:56 WARN  AssertionError occurred while running test - 
Traceback (most recent call last):
  File "/home/pi/env-pysys/lib/python3.7/site-packages/pysys/baserunner.py", line 1294, in __call__
    self.testObj.execute()
  File "/home/pi/actions-runner/_work/thin-edge.io/thin-edge.io/tests/PySys/software_management_end_to_end/sm_apt_install_download_path/run.py", line 83, in execute
    assert_install_in_download_path(install_directory=self.DOWNLOAD_DIR)
  File "/home/pi/env-pysys/lib/python3.7/site-packages/decorator.py", line 232, in fun
    return caller(func, *(extras + args), **kw)
  File "/home/pi/env-pysys/lib/python3.7/site-packages/retry/api.py", line 74, in retry_decorator
    logger)
  File "/home/pi/env-pysys/lib/python3.7/site-packages/retry/api.py", line 33, in __retry_internal
    return f()
  File "/home/pi/actions-runner/_work/thin-edge.io/thin-edge.io/tests/PySys/software_management_end_to_end/sm_apt_install_download_path/run.py", line 28, in assert_install_in_download_path
    assert "rolldice" in os.listdir(f"{install_directory}")
AssertionError
16:04:56 WARN  AssertionError: ... blocked 
16:04:56 INFO  
16:04:56 INFO  cleanup:
16:04:57 INFO  Executed sudo, exit status 0
16:04:57 INFO  Executed sudo, exit status 0
16:05:01 INFO  Executed sudo&lt;tedge_disconnect_c8y&gt;, exit status 0
16:05:02 INFO  Restarting mosquitto too frequently in the last 10 seconds. It was only up for 4 seconds
16:05:02 INFO  Delaying execution by 7 seconds
16:05:23 INFO  Executed sudo&lt;tedge_connect_c8y&gt;, exit status 0, duration 14 secs
16:05:27 INFO  Executed sudo&lt;tedge_disconnect_c8y&gt;, exit status 0
16:05:28 INFO  Executed systemctl&lt;serv_mapper5&gt;, exit status 3
16:05:28 INFO  
16:05:28 INFO  Test duration: 84.86 secs
16:05:28 INFO  Test final outcome:  BLOCKED
16:05:28 INFO  Test outcome reason: AssertionError:
16:05:28 INFO  
</system-out>
	</testcase>
</testsuite><testsuite name="SoftwareManagement.sm_apt_install_fail" tests="3" errors="0" failures="0" skipped="1" time="0"><testcase classname="PySysTest" name="SoftwareManagement.sm_apt_install_fail">
		<skipped message="SKIPPED: Testing the apt plugin is not supported on this platform.Use parameter -XmyPlatform='container' to enable it" />
		<system-out>15:16:36 INFO  ==============================================================
15:16:36 INFO  Id:    SoftwareManagement.sm_apt_install_fail
15:16:36 INFO  Dir:   software_management_end_to_end/
15:16:36 INFO  Title: Validate end to end behaviour for a failing installation
15:16:36 INFO  ==============================================================
15:16:36 INFO  Testing the apt plugin is not supported on this platform.Use parameter -XmyPlatform='container' to enable it ... skipped
15:16:36 WARN  Aborted test due to SKIPPED outcome
15:16:36 INFO  
15:16:36 INFO  Test duration: 0.02 secs
15:16:36 INFO  Test final outcome:  SKIPPED
15:16:36 INFO  Test outcome reason: Testing the apt plugin is not supported on this platform.Use parameter -XmyPlatform='container' to enable it
15:16:36 INFO  
</system-out>
	</testcase>
<testcase classname="PySysTest" name="SoftwareManagement.sm_apt_install_fail" />
<testcase classname="PySysTest" name="SoftwareManagement.sm_apt_install_fail" />
</testsuite><testsuite name="SoftwareManagement.sm_apt_install_remove" tests="3" errors="0" failures="0" skipped="1" time="0"><testcase classname="PySysTest" name="SoftwareManagement.sm_apt_install_remove">
		<skipped message="SKIPPED: Testing the apt plugin is not supported on this platform.Use parameter -XmyPlatform='container' to enable it" />
		<system-out>15:16:36 INFO  ==============================================================
15:16:36 INFO  Id:    SoftwareManagement.sm_apt_install_remove
15:16:36 INFO  Dir:   software_management_end_to_end/
15:16:36 INFO  Title: Validate end to end behaviour for the apt plugin for installation and removal of packages
15:16:36 INFO  ==============================================================
15:16:36 INFO  Testing the apt plugin is not supported on this platform.Use parameter -XmyPlatform='container' to enable it ... skipped
15:16:36 WARN  Aborted test due to SKIPPED outcome
15:16:36 INFO  
15:16:36 INFO  Test duration: 0.02 secs
15:16:36 INFO  Test final outcome:  SKIPPED
15:16:36 INFO  Test outcome reason: Testing the apt plugin is not supported on this platform.Use parameter -XmyPlatform='container' to enable it
15:16:36 INFO  
</system-out>
	</testcase>
<testcase classname="PySysTest" name="SoftwareManagement.sm_apt_install_remove" />
<testcase classname="PySysTest" name="SoftwareManagement.sm_apt_install_remove" />
</testsuite><testsuite name="SoftwareManagement.sm_apt_install_remove_default" tests="3" errors="0" failures="0" skipped="1" time="0"><testcase classname="PySysTest" name="SoftwareManagement.sm_apt_install_remove_default">
		<skipped message="SKIPPED: Testing the apt plugin is not supported on this platform.Use parameter -XmyPlatform='container' to enable it" />
		<system-out>15:16:37 INFO  ==============================================================
15:16:37 INFO  Id:    SoftwareManagement.sm_apt_install_remove_default
15:16:37 INFO  Dir:   software_management_end_to_end/
15:16:37 INFO  Title: Validate end to end behaviour for the default plugin for installation and removal of packages
15:16:37 INFO  ==============================================================
15:16:37 INFO  Testing the apt plugin is not supported on this platform.Use parameter -XmyPlatform='container' to enable it ... skipped
15:16:37 WARN  Aborted test due to SKIPPED outcome
15:16:37 INFO  
15:16:37 INFO  Test duration: 0.02 secs
15:16:37 INFO  Test final outcome:  SKIPPED
15:16:37 INFO  Test outcome reason: Testing the apt plugin is not supported on this platform.Use parameter -XmyPlatform='container' to enable it
15:16:37 INFO  
</system-out>
	</testcase>
<testcase classname="PySysTest" name="SoftwareManagement.sm_apt_install_remove_default" />
<testcase classname="PySysTest" name="SoftwareManagement.sm_apt_install_remove_default" />
</testsuite><testsuite name="SoftwareManagement.sm_apt_install_remove_multiple" tests="3" errors="0" failures="2" skipped="1" time="0"><testcase classname="PySysTest" name="SoftwareManagement.sm_apt_install_remove_multiple">
		<skipped message="SKIPPED: Testing the apt plugin is not supported on this platform.Use parameter -XmyPlatform='container' to enable it" />
		<system-out>15:16:37 INFO  ==============================================================
15:16:37 INFO  Id:    SoftwareManagement.sm_apt_install_remove_multiple
15:16:37 INFO  Dir:   software_management_end_to_end/
15:16:37 INFO  Title: Validate end to end behaviour for the apt plugin for multiple packages
15:16:37 INFO  ==============================================================
15:16:37 INFO  Testing the apt plugin is not supported on this platform.Use parameter -XmyPlatform='container' to enable it ... skipped
15:16:37 WARN  Aborted test due to SKIPPED outcome
15:16:37 INFO  
15:16:37 INFO  Test duration: 0.02 secs
15:16:37 INFO  Test final outcome:  SKIPPED
15:16:37 INFO  Test outcome reason: Testing the apt plugin is not supported on this platform.Use parameter -XmyPlatform='container' to enable it
15:16:37 INFO  
</system-out>
	</testcase>
<testcase classname="PySysTest" name="SoftwareManagement.sm_apt_install_remove_multiple">
		<failure message="FAILED: Assert that (False == value) with value=True" type="FAILED" />
		<system-out>15:50:08 INFO  ==============================================================
15:50:08 INFO  Id:    SoftwareManagement.sm_apt_install_remove_multiple
15:50:08 INFO  Dir:   software_management_end_to_end/
15:50:08 INFO  Title: Validate end to end behaviour for the apt plugin for multiple packages
15:50:08 INFO  ==============================================================
15:50:08 INFO  Using sw id database: {'asciijump': '5475369', 'robotfindskitten': '5474869', 'squirrel3': '5475279', 'rolldice': '5152439', 'moon-buggy': '5439204', 'apple': '5495053', 'banana': '5494888', 'cherry': '5495382', 'watermelon': '5494510', 'registry': '8018911', 'hello-world': '8021526', 'docker/getting-started': '8021973', 'alpine': '7991792'}
15:50:08 INFO  EnvironmentC8y Setup
15:50:09 INFO  Executed systemctl&lt;serv_mapper1&gt;, exit status 3
15:50:09 INFO  Restarting mosquitto too frequently in the last 10 seconds. It was only up for 4 seconds
15:50:09 INFO  Delaying execution by 7 seconds
15:50:30 INFO  Executed sudo&lt;tedge_connect_c8y&gt;, exit status 0, duration 14 secs
15:50:31 INFO  Executed sudo&lt;tedge_connect_c8y_test&gt;, exit status 0
15:50:31 INFO  Executed systemctl&lt;serv_mosq2&gt;, exit status 0
15:50:32 INFO  Executed systemctl&lt;serv_mapper3&gt;, exit status 0
15:50:34 INFO  State of current operation: SUCCESSFUL
15:50:34 INFO  Assert that (False == value) with value=False ... passed
15:50:35 INFO  Assert that (False == value) with value=False ... passed
15:50:35 INFO  Assert that (False == value) with value=False ... passed
15:50:35 INFO  Package robotfindskitten is installed
15:50:35 WARN  Assert that (False == value) with value=True ... failed 
15:50:35 INFO  Response status: 201
15:50:35 INFO  Response to action: {
    "creationTime": "2022-05-02T15:50:35.731Z",
    "deviceName": "mythica",
    "deviceId": "18180749",
    "self": "https://t493319102.eu-latest.cumulocity.com/devicecontrol/operations/18211713",
    "id": "18211713",
    "status": "PENDING",
    "description": "Apply software changes, triggered from PySys: [{'action': 'install', 'id': '5475369', 'name': 'asciijump', 'url': ' ', 'version': '::apt'}, {'action': 'install', 'id': '5474869', 'name': 'robotfindskitten', 'url': ' ', 'version': '::apt'}, {'action': 'install', 'id': '5475279', 'name': 'squirrel3', 'url': ' ', 'version': '::apt'}]",
    "c8y_SoftwareUpdate": [
        {
            "name": "asciijump",
            "action": "install",
            "id": "5475369",
            "version": "::apt",
            "url": " "
        },
        {
            "name": "robotfindskitten",
            "action": "install",
            "id": "5474869",
            "version": "::apt",
            "url": " "
        },
        {
            "name": "squirrel3",
            "action": "install",
            "id": "5475279",
            "version": "::apt",
            "url": " "
        }
    ]
}
15:50:35 INFO  Started operation: {'creationTime': '2022-05-02T15:50:35.731Z', 'deviceName': 'mythica', 'deviceId': '18180749', 'self': 'https://t493319102.eu-latest.cumulocity.com/devicecontrol/operations/18211713', 'id': '18211713', 'status': 'PENDING', 'description': "Apply software changes, triggered from PySys: [{'action': 'install', 'id': '5475369', 'name': 'asciijump', 'url': ' ', 'version': '::apt'}, {'action': 'install', 'id': '5474869', 'name': 'robotfindskitten', 'url': ' ', 'version': '::apt'}, {'action': 'install', 'id': '5475279', 'name': 'squirrel3', 'url': ' ', 'version': '::apt'}]", 'c8y_SoftwareUpdate': [{'name': 'asciijump', 'action': 'install', 'id': '5475369', 'version': '::apt', 'url': ' '}, {'name': 'robotfindskitten', 'action': 'install', 'id': '5474869', 'version': '::apt', 'url': ' '}, {'name': 'squirrel3', 'action': 'install', 'id': '5475279', 'version': '::apt', 'url': ' '}]}
15:50:37 INFO  State of operation 18211713 : PENDING
15:50:40 INFO  State of operation 18211713 : EXECUTING
15:50:42 INFO  State of operation 18211713 : EXECUTING
15:50:44 INFO  State of operation 18211713 : EXECUTING
15:50:46 INFO  State of operation 18211713 : EXECUTING
15:50:49 INFO  State of operation 18211713 : EXECUTING
15:50:51 INFO  State of operation 18211713 : EXECUTING
15:50:54 INFO  State of operation 18211713 : EXECUTING
15:50:57 INFO  State of operation 18211713 : EXECUTING
15:50:59 INFO  State of operation 18211713 : EXECUTING
15:51:02 INFO  State of operation 18211713 : EXECUTING
15:51:04 INFO  State of operation 18211713 : EXECUTING
15:51:06 INFO  State of operation 18211713 : EXECUTING
15:51:08 INFO  State of operation 18211713 : EXECUTING
15:51:11 INFO  State of operation 18211713 : EXECUTING
15:51:13 INFO  State of operation 18211713 : EXECUTING
15:51:15 INFO  State of operation 18211713 : EXECUTING
15:51:18 INFO  State of operation 18211713 : EXECUTING
15:51:20 INFO  State of operation 18211713 : EXECUTING
15:51:23 INFO  State of operation 18211713 : EXECUTING
15:51:25 INFO  State of operation 18211713 : EXECUTING
15:51:27 INFO  State of operation 18211713 : EXECUTING
15:51:30 INFO  State of operation 18211713 : EXECUTING
15:51:32 INFO  State of operation 18211713 : EXECUTING
15:51:35 INFO  State of operation 18211713 : EXECUTING
15:51:37 INFO  State of operation 18211713 : EXECUTING
15:51:40 INFO  State of operation 18211713 : EXECUTING
15:51:42 INFO  State of operation 18211713 : EXECUTING
15:51:45 INFO  State of operation 18211713 : EXECUTING
15:51:47 INFO  State of operation 18211713 : EXECUTING
15:51:49 INFO  State of operation 18211713 : EXECUTING
15:51:52 INFO  State of operation 18211713 : EXECUTING
15:51:54 INFO  State of operation 18211713 : EXECUTING
15:51:56 INFO  State of operation 18211713 : EXECUTING
15:51:58 INFO  State of operation 18211713 : SUCCESSFUL
15:51:58 INFO  Assert that (False == value) with value=False ... passed
15:51:59 INFO  Package asciijump is installed
15:51:59 INFO  Assert that (True == value) with value=True ... passed
15:51:59 INFO  Package squirrel3 is installed
15:51:59 INFO  Assert that (True == value) with value=True ... passed
15:51:59 INFO  Package robotfindskitten is installed
15:51:59 INFO  Assert that (True == value) with value=True ... passed
15:51:59 INFO  Response status: 201
15:51:59 INFO  Response to action: {
    "creationTime": "2022-05-02T15:51:59.842Z",
    "deviceName": "mythica",
    "deviceId": "18180749",
    "self": "https://t493319102.eu-latest.cumulocity.com/devicecontrol/operations/18211925",
    "id": "18211925",
    "status": "PENDING",
    "description": "Apply software changes, triggered from PySys: [{'action': 'delete', 'id': '5475369', 'name': 'asciijump', 'url': ' ', 'version': '::apt'}, {'action': 'delete', 'id': '5474869', 'name': 'robotfindskitten', 'url': ' ', 'version': '::apt'}, {'action': 'delete', 'id': '5475279', 'name': 'squirrel3', 'url': ' ', 'version': '::apt'}]",
    "c8y_SoftwareUpdate": [
        {
            "name": "asciijump",
            "action": "delete",
            "id": "5475369",
            "version": "::apt",
            "url": " "
        },
        {
            "name": "robotfindskitten",
            "action": "delete",
            "id": "5474869",
            "version": "::apt",
            "url": " "
        },
        {
            "name": "squirrel3",
            "action": "delete",
            "id": "5475279",
            "version": "::apt",
            "url": " "
        }
    ]
}
15:51:59 INFO  Started operation: {'creationTime': '2022-05-02T15:51:59.842Z', 'deviceName': 'mythica', 'deviceId': '18180749', 'self': 'https://t493319102.eu-latest.cumulocity.com/devicecontrol/operations/18211925', 'id': '18211925', 'status': 'PENDING', 'description': "Apply software changes, triggered from PySys: [{'action': 'delete', 'id': '5475369', 'name': 'asciijump', 'url': ' ', 'version': '::apt'}, {'action': 'delete', 'id': '5474869', 'name': 'robotfindskitten', 'url': ' ', 'version': '::apt'}, {'action': 'delete', 'id': '5475279', 'name': 'squirrel3', 'url': ' ', 'version': '::apt'}]", 'c8y_SoftwareUpdate': [{'name': 'asciijump', 'action': 'delete', 'id': '5475369', 'version': '::apt', 'url': ' '}, {'name': 'robotfindskitten', 'action': 'delete', 'id': '5474869', 'version': '::apt', 'url': ' '}, {'name': 'squirrel3', 'action': 'delete', 'id': '5475279', 'version': '::apt', 'url': ' '}]}
15:52:02 INFO  State of operation 18211925 : PENDING
15:52:04 INFO  State of operation 18211925 : EXECUTING
15:52:06 INFO  State of operation 18211925 : EXECUTING
15:52:08 INFO  State of operation 18211925 : EXECUTING
15:52:10 INFO  State of operation 18211925 : EXECUTING
15:52:13 INFO  State of operation 18211925 : EXECUTING
15:52:15 INFO  State of operation 18211925 : EXECUTING
15:52:19 INFO  State of operation 18211925 : EXECUTING
15:52:21 INFO  State of operation 18211925 : EXECUTING
15:52:23 INFO  State of operation 18211925 : EXECUTING
15:52:26 INFO  State of operation 18211925 : EXECUTING
15:52:28 INFO  State of operation 18211925 : EXECUTING
15:52:30 INFO  State of operation 18211925 : EXECUTING
15:52:32 INFO  State of operation 18211925 : EXECUTING
15:52:35 INFO  State of operation 18211925 : EXECUTING
15:52:37 INFO  State of operation 18211925 : EXECUTING
15:52:39 INFO  State of operation 18211925 : EXECUTING
15:52:42 INFO  State of operation 18211925 : EXECUTING
15:52:44 INFO  State of operation 18211925 : EXECUTING
15:52:47 INFO  State of operation 18211925 : EXECUTING
15:52:49 INFO  State of operation 18211925 : EXECUTING
15:52:51 INFO  State of operation 18211925 : EXECUTING
15:52:53 INFO  State of operation 18211925 : EXECUTING
15:52:55 INFO  State of operation 18211925 : EXECUTING
15:52:58 INFO  State of operation 18211925 : EXECUTING
15:53:01 INFO  State of operation 18211925 : EXECUTING
15:53:03 INFO  State of operation 18211925 : EXECUTING
15:53:05 INFO  State of operation 18211925 : EXECUTING
15:53:07 INFO  State of operation 18211925 : SUCCESSFUL
15:53:08 INFO  Assert that (False == value) with value=False ... passed
15:53:08 INFO  Assert that (False == value) with value=False ... passed
15:53:08 INFO  Assert that (False == value) with value=False ... passed
15:53:08 INFO  Assert that (False == value) with value=False ... passed
15:53:08 INFO  
15:53:08 INFO  cleanup:
15:53:13 INFO  Executed sudo&lt;tedge_disconnect_c8y&gt;, exit status 0
15:53:14 INFO  Executed systemctl&lt;serv_mapper5&gt;, exit status 3
15:53:14 INFO  
15:53:14 INFO  Test duration: 185.56 secs
15:53:14 INFO  Test final outcome:  FAILED
15:53:14 INFO  Test outcome reason: Assert that (False == value) with value=True
15:53:14 INFO  
</system-out>
	</testcase>
<testcase classname="PySysTest" name="SoftwareManagement.sm_apt_install_remove_multiple">
		<failure message="FAILED: Assert that (False == value) with value=True (+2 other failures)" type="FAILED" />
		<system-out>16:11:58 INFO  ==============================================================
16:11:58 INFO  Id:    SoftwareManagement.sm_apt_install_remove_multiple
16:11:58 INFO  Dir:   software_management_end_to_end/
16:11:58 INFO  Title: Validate end to end behaviour for the apt plugin for multiple packages
16:11:58 INFO  ==============================================================
16:11:58 INFO  Using sw id database: {'asciijump': '5475369', 'robotfindskitten': '5474869', 'squirrel3': '5475279', 'rolldice': '5152439', 'moon-buggy': '5439204', 'apple': '5495053', 'banana': '5494888', 'cherry': '5495382', 'watermelon': '5494510', 'registry': '8018911', 'hello-world': '8021526', 'docker/getting-started': '8021973', 'alpine': '7991792'}
16:11:58 INFO  EnvironmentC8y Setup
16:11:59 INFO  Executed systemctl&lt;serv_mapper1&gt;, exit status 3
16:11:59 INFO  Restarting mosquitto too frequently in the last 10 seconds. It was only up for 4 seconds
16:11:59 INFO  Delaying execution by 7 seconds
16:12:20 INFO  Executed sudo&lt;tedge_connect_c8y&gt;, exit status 0, duration 14 secs
16:12:21 INFO  Executed sudo&lt;tedge_connect_c8y_test&gt;, exit status 0
16:12:21 INFO  Executed systemctl&lt;serv_mosq2&gt;, exit status 0
16:12:22 INFO  Executed systemctl&lt;serv_mapper3&gt;, exit status 0
16:12:24 INFO  State of current operation: SUCCESSFUL
16:12:24 INFO  Assert that (False == value) with value=False ... passed
16:12:25 INFO  Package asciijump is installed
16:12:25 WARN  Assert that (False == value) with value=True ... failed 
16:12:25 INFO  Package squirrel3 is installed
16:12:25 WARN  Assert that (False == value) with value=True ... failed 
16:12:25 INFO  Package robotfindskitten is installed
16:12:25 WARN  Assert that (False == value) with value=True ... failed 
16:12:26 INFO  Response status: 201
16:12:26 INFO  Response to action: {
    "creationTime": "2022-05-02T16:12:26.154Z",
    "deviceName": "mythica",
    "deviceId": "18180749",
    "self": "https://t493319102.eu-latest.cumulocity.com/devicecontrol/operations/18214116",
    "id": "18214116",
    "status": "PENDING",
    "description": "Apply software changes, triggered from PySys: [{'action': 'install', 'id': '5475369', 'name': 'asciijump', 'url': ' ', 'version': '::apt'}, {'action': 'install', 'id': '5474869', 'name': 'robotfindskitten', 'url': ' ', 'version': '::apt'}, {'action': 'install', 'id': '5475279', 'name': 'squirrel3', 'url': ' ', 'version': '::apt'}]",
    "c8y_SoftwareUpdate": [
        {
            "name": "asciijump",
            "action": "install",
            "id": "5475369",
            "version": "::apt",
            "url": " "
        },
        {
            "name": "robotfindskitten",
            "action": "install",
            "id": "5474869",
            "version": "::apt",
            "url": " "
        },
        {
            "name": "squirrel3",
            "action": "install",
            "id": "5475279",
            "version": "::apt",
            "url": " "
        }
    ]
}
16:12:26 INFO  Started operation: {'creationTime': '2022-05-02T16:12:26.154Z', 'deviceName': 'mythica', 'deviceId': '18180749', 'self': 'https://t493319102.eu-latest.cumulocity.com/devicecontrol/operations/18214116', 'id': '18214116', 'status': 'PENDING', 'description': "Apply software changes, triggered from PySys: [{'action': 'install', 'id': '5475369', 'name': 'asciijump', 'url': ' ', 'version': '::apt'}, {'action': 'install', 'id': '5474869', 'name': 'robotfindskitten', 'url': ' ', 'version': '::apt'}, {'action': 'install', 'id': '5475279', 'name': 'squirrel3', 'url': ' ', 'version': '::apt'}]", 'c8y_SoftwareUpdate': [{'name': 'asciijump', 'action': 'install', 'id': '5475369', 'version': '::apt', 'url': ' '}, {'name': 'robotfindskitten', 'action': 'install', 'id': '5474869', 'version': '::apt', 'url': ' '}, {'name': 'squirrel3', 'action': 'install', 'id': '5475279', 'version': '::apt', 'url': ' '}]}
16:12:28 INFO  State of operation 18214116 : PENDING
16:12:30 INFO  State of operation 18214116 : EXECUTING
16:12:32 INFO  State of operation 18214116 : EXECUTING
16:12:35 INFO  State of operation 18214116 : EXECUTING
16:12:37 INFO  State of operation 18214116 : EXECUTING
16:12:39 INFO  State of operation 18214116 : EXECUTING
16:12:42 INFO  State of operation 18214116 : EXECUTING
16:12:45 INFO  State of operation 18214116 : EXECUTING
16:12:47 INFO  State of operation 18214116 : EXECUTING
16:12:50 INFO  State of operation 18214116 : EXECUTING
16:12:52 INFO  State of operation 18214116 : EXECUTING
16:12:54 INFO  State of operation 18214116 : EXECUTING
16:12:56 INFO  State of operation 18214116 : EXECUTING
16:12:59 INFO  State of operation 18214116 : EXECUTING
16:13:01 INFO  State of operation 18214116 : EXECUTING
16:13:03 INFO  State of operation 18214116 : SUCCESSFUL
16:13:03 INFO  Assert that (False == value) with value=False ... passed
16:13:04 INFO  Package asciijump is installed
16:13:04 INFO  Assert that (True == value) with value=True ... passed
16:13:04 INFO  Package squirrel3 is installed
16:13:04 INFO  Assert that (True == value) with value=True ... passed
16:13:04 INFO  Package robotfindskitten is installed
16:13:04 INFO  Assert that (True == value) with value=True ... passed
16:13:04 INFO  Response status: 201
16:13:04 INFO  Response to action: {
    "creationTime": "2022-05-02T16:13:04.824Z",
    "deviceName": "mythica",
    "deviceId": "18180749",
    "self": "https://t493319102.eu-latest.cumulocity.com/devicecontrol/operations/18214136",
    "id": "18214136",
    "status": "PENDING",
    "description": "Apply software changes, triggered from PySys: [{'action': 'delete', 'id': '5475369', 'name': 'asciijump', 'url': ' ', 'version': '::apt'}, {'action': 'delete', 'id': '5474869', 'name': 'robotfindskitten', 'url': ' ', 'version': '::apt'}, {'action': 'delete', 'id': '5475279', 'name': 'squirrel3', 'url': ' ', 'version': '::apt'}]",
    "c8y_SoftwareUpdate": [
        {
            "name": "asciijump",
            "action": "delete",
            "id": "5475369",
            "version": "::apt",
            "url": " "
        },
        {
            "name": "robotfindskitten",
            "action": "delete",
            "id": "5474869",
            "version": "::apt",
            "url": " "
        },
        {
            "name": "squirrel3",
            "action": "delete",
            "id": "5475279",
            "version": "::apt",
            "url": " "
        }
    ]
}
16:13:04 INFO  Started operation: {'creationTime': '2022-05-02T16:13:04.824Z', 'deviceName': 'mythica', 'deviceId': '18180749', 'self': 'https://t493319102.eu-latest.cumulocity.com/devicecontrol/operations/18214136', 'id': '18214136', 'status': 'PENDING', 'description': "Apply software changes, triggered from PySys: [{'action': 'delete', 'id': '5475369', 'name': 'asciijump', 'url': ' ', 'version': '::apt'}, {'action': 'delete', 'id': '5474869', 'name': 'robotfindskitten', 'url': ' ', 'version': '::apt'}, {'action': 'delete', 'id': '5475279', 'name': 'squirrel3', 'url': ' ', 'version': '::apt'}]", 'c8y_SoftwareUpdate': [{'name': 'asciijump', 'action': 'delete', 'id': '5475369', 'version': '::apt', 'url': ' '}, {'name': 'robotfindskitten', 'action': 'delete', 'id': '5474869', 'version': '::apt', 'url': ' '}, {'name': 'squirrel3', 'action': 'delete', 'id': '5475279', 'version': '::apt', 'url': ' '}]}
16:13:07 INFO  State of operation 18214136 : PENDING
16:13:09 INFO  State of operation 18214136 : EXECUTING
16:13:11 INFO  State of operation 18214136 : EXECUTING
16:13:13 INFO  State of operation 18214136 : EXECUTING
16:13:16 INFO  State of operation 18214136 : EXECUTING
16:13:18 INFO  State of operation 18214136 : EXECUTING
16:13:21 INFO  State of operation 18214136 : EXECUTING
16:13:23 INFO  State of operation 18214136 : EXECUTING
16:13:26 INFO  State of operation 18214136 : EXECUTING
16:13:28 INFO  State of operation 18214136 : EXECUTING
16:13:30 INFO  State of operation 18214136 : EXECUTING
16:13:33 INFO  State of operation 18214136 : EXECUTING
16:13:35 INFO  State of operation 18214136 : EXECUTING
16:13:37 INFO  State of operation 18214136 : EXECUTING
16:13:40 INFO  State of operation 18214136 : EXECUTING
16:13:42 INFO  State of operation 18214136 : EXECUTING
16:13:44 INFO  State of operation 18214136 : EXECUTING
16:13:47 INFO  State of operation 18214136 : EXECUTING
16:13:49 INFO  State of operation 18214136 : EXECUTING
16:13:53 INFO  State of operation 18214136 : EXECUTING
16:13:55 INFO  State of operation 18214136 : EXECUTING
16:13:57 INFO  State of operation 18214136 : EXECUTING
16:13:59 INFO  State of operation 18214136 : EXECUTING
16:14:02 INFO  State of operation 18214136 : EXECUTING
16:14:04 INFO  State of operation 18214136 : EXECUTING
16:14:06 INFO  State of operation 18214136 : EXECUTING
16:14:09 INFO  State of operation 18214136 : EXECUTING
16:14:11 INFO  State of operation 18214136 : EXECUTING
16:14:13 INFO  State of operation 18214136 : EXECUTING
16:14:16 INFO  State of operation 18214136 : EXECUTING
16:14:18 INFO  State of operation 18214136 : SUCCESSFUL
16:14:18 INFO  Assert that (False == value) with value=False ... passed
16:14:18 INFO  Assert that (False == value) with value=False ... passed
16:14:19 INFO  Assert that (False == value) with value=False ... passed
16:14:19 INFO  Assert that (False == value) with value=False ... passed
16:14:19 INFO  
16:14:19 INFO  cleanup:
16:14:23 INFO  Executed sudo&lt;tedge_disconnect_c8y&gt;, exit status 0
16:14:24 INFO  Executed systemctl&lt;serv_mapper5&gt;, exit status 3
16:14:24 INFO  
16:14:24 INFO  Test duration: 145.26 secs
16:14:24 INFO  Test final outcome:  FAILED
16:14:24 INFO  Test outcome reason: Assert that (False == value) with value=True (+2 other failures)
16:14:24 INFO  
</system-out>
	</testcase>
</testsuite><testsuite name="SoftwareManagement.sm_apt_install_remove_multiple_mixed" tests="3" errors="0" failures="2" skipped="1" time="0"><testcase classname="PySysTest" name="SoftwareManagement.sm_apt_install_remove_multiple_mixed">
		<skipped message="SKIPPED: Testing the apt plugin is not supported on this platform.Use parameter -XmyPlatform='container' to enable it" />
		<system-out>15:16:37 INFO  ==============================================================
15:16:37 INFO  Id:    SoftwareManagement.sm_apt_install_remove_multiple_mixed
15:16:37 INFO  Dir:   software_management_end_to_end/
15:16:37 INFO  Title: Validate end to end behaviour for the apt plugin for multiple packages with mixed versions
15:16:37 INFO  ==============================================================
15:16:37 INFO  Testing the apt plugin is not supported on this platform.Use parameter -XmyPlatform='container' to enable it ... skipped
15:16:37 WARN  Aborted test due to SKIPPED outcome
15:16:37 INFO  
15:16:37 INFO  Test duration: 0.04 secs
15:16:37 INFO  Test final outcome:  SKIPPED
15:16:37 INFO  Test outcome reason: Testing the apt plugin is not supported on this platform.Use parameter -XmyPlatform='container' to enable it
15:16:37 INFO  
</system-out>
	</testcase>
<testcase classname="PySysTest" name="SoftwareManagement.sm_apt_install_remove_multiple_mixed">
		<failure message="BLOCKED: SystemError: Timeout while waiting for status SUCCESSFUL or False" type="BLOCKED" />
		<system-out>15:53:14 INFO  ==============================================================
15:53:14 INFO  Id:    SoftwareManagement.sm_apt_install_remove_multiple_mixed
15:53:14 INFO  Dir:   software_management_end_to_end/
15:53:14 INFO  Title: Validate end to end behaviour for the apt plugin for multiple packages with mixed versions
15:53:14 INFO  ==============================================================
15:53:14 INFO  Using sw id database: {'asciijump': '5475369', 'robotfindskitten': '5474869', 'squirrel3': '5475279', 'rolldice': '5152439', 'moon-buggy': '5439204', 'apple': '5495053', 'banana': '5494888', 'cherry': '5495382', 'watermelon': '5494510', 'registry': '8018911', 'hello-world': '8021526', 'docker/getting-started': '8021973', 'alpine': '7991792'}
15:53:14 INFO  EnvironmentC8y Setup
15:53:14 INFO  Executed systemctl&lt;serv_mapper1&gt;, exit status 3
15:53:14 INFO  Restarting mosquitto too frequently in the last 10 seconds. It was only up for 5 seconds
15:53:14 INFO  Delaying execution by 6 seconds
15:53:35 INFO  Executed sudo&lt;tedge_connect_c8y&gt;, exit status 0, duration 14 secs
15:53:35 INFO  Executed sudo&lt;tedge_connect_c8y_test&gt;, exit status 0
15:53:36 INFO  Executed systemctl&lt;serv_mosq2&gt;, exit status 0
15:53:36 INFO  Executed systemctl&lt;serv_mapper3&gt;, exit status 0
15:53:38 INFO  State of current operation: SUCCESSFUL
15:53:39 INFO  Assert that (False == value) with value=False ... passed
15:53:39 INFO  Assert that (False == value) with value=False ... passed
15:53:39 INFO  Assert that (False == value) with value=False ... passed
15:53:39 INFO  Assert that (False == value) with value=False ... passed
15:53:40 INFO  Assert that (False == value) with value=False ... passed
15:53:41 INFO  Response status: 201
15:53:41 INFO  Response to action: {
    "delivery": {
        "time": "2022-05-02T15:53:41.255Z",
        "log": [],
        "status": "PENDING"
    },
    "creationTime": "2022-05-02T15:53:41.241Z",
    "deviceName": "mythica",
    "deviceId": "18180749",
    "self": "https://t493319102.eu-latest.cumulocity.com/devicecontrol/operations/18211937",
    "id": "18211937",
    "status": "PENDING",
    "description": "Apply software changes, triggered from PySys: [{'action': 'install', 'id': '5475369', 'name': 'asciijump', 'url': ' ', 'version': '::apt'}, {'action': 'install', 'id': '5474869', 'name': 'robotfindskitten', 'url': ' ', 'version': ' '}, {'action': 'install', 'id': '5475279', 'name': 'squirrel3', 'url': ' ', 'version': '3.1-7::apt'}, {'action': 'install', 'id': '5152439', 'name': 'rolldice', 'url': ' ', 'version': '1.16-1+b1'}, {'action': 'install', 'id': '5439204', 'name': 'moon-buggy', 'url': ' ', 'version': '1:1.0.51-12'}, {'action': 'install', 'id': '5475369', 'name': 'asciijump', 'url': ' ', 'version': '::apt'}]",
    "c8y_SoftwareUpdate": [
        {
            "name": "asciijump",
            "action": "install",
            "id": "5475369",
            "version": "::apt",
            "url": " "
        },
        {
            "name": "robotfindskitten",
            "action": "install",
            "id": "5474869",
            "version": " ",
            "url": " "
        },
        {
            "name": "squirrel3",
            "action": "install",
            "id": "5475279",
            "version": "3.1-7::apt",
            "url": " "
        },
        {
            "name": "rolldice",
            "action": "install",
            "id": "5152439",
            "version": "1.16-1+b1",
            "url": " "
        },
        {
            "name": "moon-buggy",
            "action": "install",
            "id": "5439204",
            "version": "1:1.0.51-12",
            "url": " "
        },
        {
            "name": "asciijump",
            "action": "install",
            "id": "5475369",
            "version": "::apt",
            "url": " "
        }
    ]
}
15:53:41 INFO  Started operation: {'delivery': {'time': '2022-05-02T15:53:41.255Z', 'log': [], 'status': 'PENDING'}, 'creationTime': '2022-05-02T15:53:41.241Z', 'deviceName': 'mythica', 'deviceId': '18180749', 'self': 'https://t493319102.eu-latest.cumulocity.com/devicecontrol/operations/18211937', 'id': '18211937', 'status': 'PENDING', 'description': "Apply software changes, triggered from PySys: [{'action': 'install', 'id': '5475369', 'name': 'asciijump', 'url': ' ', 'version': '::apt'}, {'action': 'install', 'id': '5474869', 'name': 'robotfindskitten', 'url': ' ', 'version': ' '}, {'action': 'install', 'id': '5475279', 'name': 'squirrel3', 'url': ' ', 'version': '3.1-7::apt'}, {'action': 'install', 'id': '5152439', 'name': 'rolldice', 'url': ' ', 'version': '1.16-1+b1'}, {'action': 'install', 'id': '5439204', 'name': 'moon-buggy', 'url': ' ', 'version': '1:1.0.51-12'}, {'action': 'install', 'id': '5475369', 'name': 'asciijump', 'url': ' ', 'version': '::apt'}]", 'c8y_SoftwareUpdate': [{'name': 'asciijump', 'action': 'install', 'id': '5475369', 'version': '::apt', 'url': ' '}, {'name': 'robotfindskitten', 'action': 'install', 'id': '5474869', 'version': ' ', 'url': ' '}, {'name': 'squirrel3', 'action': 'install', 'id': '5475279', 'version': '3.1-7::apt', 'url': ' '}, {'name': 'rolldice', 'action': 'install', 'id': '5152439', 'version': '1.16-1+b1', 'url': ' '}, {'name': 'moon-buggy', 'action': 'install', 'id': '5439204', 'version': '1:1.0.51-12', 'url': ' '}, {'name': 'asciijump', 'action': 'install', 'id': '5475369', 'version': '::apt', 'url': ' '}]}
15:53:43 INFO  State of operation 18211937 : PENDING
15:53:45 INFO  State of operation 18211937 : EXECUTING
15:53:47 INFO  State of operation 18211937 : EXECUTING
15:53:50 INFO  State of operation 18211937 : EXECUTING
15:53:52 INFO  State of operation 18211937 : EXECUTING
15:53:54 INFO  State of operation 18211937 : EXECUTING
15:53:57 INFO  State of operation 18211937 : EXECUTING
15:54:00 INFO  State of operation 18211937 : EXECUTING
15:54:02 INFO  State of operation 18211937 : EXECUTING
15:54:05 INFO  State of operation 18211937 : EXECUTING
15:54:07 INFO  State of operation 18211937 : EXECUTING
15:54:09 INFO  State of operation 18211937 : EXECUTING
15:54:11 INFO  State of operation 18211937 : EXECUTING
15:54:14 INFO  State of operation 18211937 : EXECUTING
15:54:16 INFO  State of operation 18211937 : EXECUTING
15:54:18 INFO  State of operation 18211937 : EXECUTING
15:54:21 INFO  State of operation 18211937 : EXECUTING
15:54:23 INFO  State of operation 18211937 : EXECUTING
15:54:26 INFO  State of operation 18211937 : EXECUTING
15:54:28 INFO  State of operation 18211937 : EXECUTING
15:54:30 INFO  State of operation 18211937 : EXECUTING
15:54:33 INFO  State of operation 18211937 : EXECUTING
15:54:35 INFO  State of operation 18211937 : EXECUTING
15:54:37 INFO  State of operation 18211937 : EXECUTING
15:54:40 INFO  State of operation 18211937 : EXECUTING
15:54:42 INFO  State of operation 18211937 : EXECUTING
15:54:45 INFO  State of operation 18211937 : EXECUTING
15:54:47 INFO  State of operation 18211937 : EXECUTING
15:54:50 INFO  State of operation 18211937 : EXECUTING
15:54:52 INFO  State of operation 18211937 : EXECUTING
15:54:54 INFO  State of operation 18211937 : EXECUTING
15:54:56 INFO  State of operation 18211937 : EXECUTING
15:54:59 INFO  State of operation 18211937 : EXECUTING
15:55:01 INFO  State of operation 18211937 : EXECUTING
15:55:03 INFO  State of operation 18211937 : EXECUTING
15:55:05 INFO  State of operation 18211937 : EXECUTING
15:55:08 INFO  State of operation 18211937 : EXECUTING
15:55:10 INFO  State of operation 18211937 : EXECUTING
15:55:13 INFO  State of operation 18211937 : EXECUTING
15:55:15 INFO  State of operation 18211937 : EXECUTING
15:55:18 INFO  State of operation 18211937 : EXECUTING
15:55:20 INFO  State of operation 18211937 : EXECUTING
15:55:22 INFO  State of operation 18211937 : EXECUTING
15:55:25 INFO  State of operation 18211937 : EXECUTING
15:55:27 INFO  State of operation 18211937 : EXECUTING
15:55:29 INFO  State of operation 18211937 : EXECUTING
15:55:31 INFO  State of operation 18211937 : EXECUTING
15:55:34 INFO  State of operation 18211937 : EXECUTING
15:55:36 INFO  State of operation 18211937 : EXECUTING
15:55:38 INFO  State of operation 18211937 : EXECUTING
15:55:41 INFO  State of operation 18211937 : EXECUTING
15:55:43 INFO  State of operation 18211937 : EXECUTING
15:55:45 INFO  State of operation 18211937 : EXECUTING
15:55:48 INFO  State of operation 18211937 : EXECUTING
15:55:50 INFO  State of operation 18211937 : EXECUTING
15:55:53 INFO  State of operation 18211937 : EXECUTING
15:55:55 INFO  State of operation 18211937 : EXECUTING
15:55:57 INFO  State of operation 18211937 : EXECUTING
15:55:59 INFO  State of operation 18211937 : EXECUTING
15:56:02 INFO  State of operation 18211937 : EXECUTING
15:56:04 INFO  State of operation 18211937 : EXECUTING
15:56:06 WARN  SystemError occurred while running test - Timeout while waiting for status SUCCESSFUL or False
Traceback (most recent call last):
  File "/home/pi/env-pysys/lib/python3.7/site-packages/pysys/baserunner.py", line 1294, in __call__
    self.testObj.execute()
  File "/home/pi/actions-runner/_work/thin-edge.io/thin-edge.io/tests/PySys/software_management_end_to_end/sm_apt_install_remove_multiple_mixed/run.py", line 89, in execute
    self.wait_until_succcess()
  File "/home/pi/actions-runner/_work/thin-edge.io/thin-edge.io/tests/PySys/software_management_end_to_end/environment_sm_management.py", line 324, in wait_until_succcess
    self.wait_until_status("SUCCESSFUL")
  File "/home/pi/actions-runner/_work/thin-edge.io/thin-edge.io/tests/PySys/software_management_end_to_end/environment_sm_management.py", line 381, in wait_until_status
    "Timeout while waiting for status %s or %s" % (status, status2)
SystemError: Timeout while waiting for status SUCCESSFUL or False
15:56:06 WARN  SystemError: Timeout while waiting for status SUCCESSFUL or False ... blocked 
15:56:06 INFO  
15:56:06 INFO  cleanup:
15:56:10 INFO  Executed sudo&lt;tedge_disconnect_c8y&gt;, exit status 0
15:56:11 INFO  Executed systemctl&lt;serv_mapper5&gt;, exit status 3
15:56:11 INFO  
15:56:11 INFO  Test duration: 177.09 secs
15:56:11 INFO  Test final outcome:  BLOCKED
15:56:11 INFO  Test outcome reason: SystemError: Timeout while waiting for status SUCCESSFUL or False
15:56:11 INFO  
</system-out>
	</testcase>
<testcase classname="PySysTest" name="SoftwareManagement.sm_apt_install_remove_multiple_mixed">
		<failure message="BLOCKED: SystemError: Timeout while waiting for status SUCCESSFUL or False (+1 other failures)" type="BLOCKED" />
		<system-out>16:14:24 INFO  ==============================================================
16:14:24 INFO  Id:    SoftwareManagement.sm_apt_install_remove_multiple_mixed
16:14:24 INFO  Dir:   software_management_end_to_end/
16:14:24 INFO  Title: Validate end to end behaviour for the apt plugin for multiple packages with mixed versions
16:14:24 INFO  ==============================================================
16:14:24 INFO  Using sw id database: {'asciijump': '5475369', 'robotfindskitten': '5474869', 'squirrel3': '5475279', 'rolldice': '5152439', 'moon-buggy': '5439204', 'apple': '5495053', 'banana': '5494888', 'cherry': '5495382', 'watermelon': '5494510', 'registry': '8018911', 'hello-world': '8021526', 'docker/getting-started': '8021973', 'alpine': '7991792'}
16:14:24 INFO  EnvironmentC8y Setup
16:14:24 INFO  Executed systemctl&lt;serv_mapper1&gt;, exit status 3
16:14:24 INFO  Restarting mosquitto too frequently in the last 10 seconds. It was only up for 5 seconds
16:14:24 INFO  Delaying execution by 6 seconds
16:14:45 INFO  Executed sudo&lt;tedge_connect_c8y&gt;, exit status 0, duration 14 secs
16:14:45 INFO  Executed sudo&lt;tedge_connect_c8y_test&gt;, exit status 0
16:14:46 INFO  Executed systemctl&lt;serv_mosq2&gt;, exit status 0
16:14:46 INFO  Executed systemctl&lt;serv_mapper3&gt;, exit status 0
16:14:49 INFO  State of current operation: SUCCESSFUL
16:14:49 INFO  Assert that (False == value) with value=False ... passed
16:14:49 INFO  Assert that (False == value) with value=False ... passed
16:14:49 INFO  Assert that (False == value) with value=False ... passed
16:14:49 INFO  Assert that (False == value) with value=False ... passed
16:14:50 INFO  Package moon-buggy is installed
16:14:50 WARN  Assert that (False == value) with value=True ... failed 
16:14:51 INFO  Response status: 201
16:14:51 INFO  Response to action: {
    "creationTime": "2022-05-02T16:14:51.372Z",
    "deviceName": "mythica",
    "deviceId": "18180749",
    "self": "https://t493319102.eu-latest.cumulocity.com/devicecontrol/operations/18214151",
    "id": "18214151",
    "status": "PENDING",
    "description": "Apply software changes, triggered from PySys: [{'action': 'install', 'id': '5475369', 'name': 'asciijump', 'url': ' ', 'version': '::apt'}, {'action': 'install', 'id': '5474869', 'name': 'robotfindskitten', 'url': ' ', 'version': ' '}, {'action': 'install', 'id': '5475279', 'name': 'squirrel3', 'url': ' ', 'version': '3.1-7::apt'}, {'action': 'install', 'id': '5152439', 'name': 'rolldice', 'url': ' ', 'version': '1.16-1+b1'}, {'action': 'install', 'id': '5439204', 'name': 'moon-buggy', 'url': ' ', 'version': '1:1.0.51-12'}, {'action': 'install', 'id': '5475369', 'name': 'asciijump', 'url': ' ', 'version': '::apt'}]",
    "c8y_SoftwareUpdate": [
        {
            "name": "asciijump",
            "action": "install",
            "id": "5475369",
            "version": "::apt",
            "url": " "
        },
        {
            "name": "robotfindskitten",
            "action": "install",
            "id": "5474869",
            "version": " ",
            "url": " "
        },
        {
            "name": "squirrel3",
            "action": "install",
            "id": "5475279",
            "version": "3.1-7::apt",
            "url": " "
        },
        {
            "name": "rolldice",
            "action": "install",
            "id": "5152439",
            "version": "1.16-1+b1",
            "url": " "
        },
        {
            "name": "moon-buggy",
            "action": "install",
            "id": "5439204",
            "version": "1:1.0.51-12",
            "url": " "
        },
        {
            "name": "asciijump",
            "action": "install",
            "id": "5475369",
            "version": "::apt",
            "url": " "
        }
    ]
}
16:14:51 INFO  Started operation: {'creationTime': '2022-05-02T16:14:51.372Z', 'deviceName': 'mythica', 'deviceId': '18180749', 'self': 'https://t493319102.eu-latest.cumulocity.com/devicecontrol/operations/18214151', 'id': '18214151', 'status': 'PENDING', 'description': "Apply software changes, triggered from PySys: [{'action': 'install', 'id': '5475369', 'name': 'asciijump', 'url': ' ', 'version': '::apt'}, {'action': 'install', 'id': '5474869', 'name': 'robotfindskitten', 'url': ' ', 'version': ' '}, {'action': 'install', 'id': '5475279', 'name': 'squirrel3', 'url': ' ', 'version': '3.1-7::apt'}, {'action': 'install', 'id': '5152439', 'name': 'rolldice', 'url': ' ', 'version': '1.16-1+b1'}, {'action': 'install', 'id': '5439204', 'name': 'moon-buggy', 'url': ' ', 'version': '1:1.0.51-12'}, {'action': 'install', 'id': '5475369', 'name': 'asciijump', 'url': ' ', 'version': '::apt'}]", 'c8y_SoftwareUpdate': [{'name': 'asciijump', 'action': 'install', 'id': '5475369', 'version': '::apt', 'url': ' '}, {'name': 'robotfindskitten', 'action': 'install', 'id': '5474869', 'version': ' ', 'url': ' '}, {'name': 'squirrel3', 'action': 'install', 'id': '5475279', 'version': '3.1-7::apt', 'url': ' '}, {'name': 'rolldice', 'action': 'install', 'id': '5152439', 'version': '1.16-1+b1', 'url': ' '}, {'name': 'moon-buggy', 'action': 'install', 'id': '5439204', 'version': '1:1.0.51-12', 'url': ' '}, {'name': 'asciijump', 'action': 'install', 'id': '5475369', 'version': '::apt', 'url': ' '}]}
16:14:53 INFO  State of operation 18214151 : PENDING
16:14:55 INFO  State of operation 18214151 : EXECUTING
16:14:58 INFO  State of operation 18214151 : EXECUTING
16:15:00 INFO  State of operation 18214151 : EXECUTING
16:15:02 INFO  State of operation 18214151 : EXECUTING
16:15:04 INFO  State of operation 18214151 : EXECUTING
16:15:07 INFO  State of operation 18214151 : EXECUTING
16:15:10 INFO  State of operation 18214151 : EXECUTING
16:15:12 INFO  State of operation 18214151 : EXECUTING
16:15:15 INFO  State of operation 18214151 : EXECUTING
16:15:17 INFO  State of operation 18214151 : EXECUTING
16:15:19 INFO  State of operation 18214151 : EXECUTING
16:15:21 INFO  State of operation 18214151 : EXECUTING
16:15:24 INFO  State of operation 18214151 : EXECUTING
16:15:26 INFO  State of operation 18214151 : EXECUTING
16:15:28 INFO  State of operation 18214151 : EXECUTING
16:15:30 INFO  State of operation 18214151 : EXECUTING
16:15:33 INFO  State of operation 18214151 : EXECUTING
16:15:36 INFO  State of operation 18214151 : EXECUTING
16:15:38 INFO  State of operation 18214151 : EXECUTING
16:15:40 INFO  State of operation 18214151 : EXECUTING
16:15:42 INFO  State of operation 18214151 : EXECUTING
16:15:45 INFO  State of operation 18214151 : EXECUTING
16:15:47 INFO  State of operation 18214151 : EXECUTING
16:15:50 INFO  State of operation 18214151 : EXECUTING
16:15:53 INFO  State of operation 18214151 : EXECUTING
16:15:55 INFO  State of operation 18214151 : EXECUTING
16:15:57 INFO  State of operation 18214151 : EXECUTING
16:15:59 INFO  State of operation 18214151 : EXECUTING
16:16:02 INFO  State of operation 18214151 : EXECUTING
16:16:04 INFO  State of operation 18214151 : EXECUTING
16:16:06 INFO  State of operation 18214151 : EXECUTING
16:16:09 INFO  State of operation 18214151 : EXECUTING
16:16:11 INFO  State of operation 18214151 : EXECUTING
16:16:13 INFO  State of operation 18214151 : EXECUTING
16:16:15 INFO  State of operation 18214151 : EXECUTING
16:16:18 INFO  State of operation 18214151 : EXECUTING
16:16:20 INFO  State of operation 18214151 : EXECUTING
16:16:22 INFO  State of operation 18214151 : EXECUTING
16:16:25 INFO  State of operation 18214151 : EXECUTING
16:16:27 INFO  State of operation 18214151 : EXECUTING
16:16:30 INFO  State of operation 18214151 : EXECUTING
16:16:32 INFO  State of operation 18214151 : EXECUTING
16:16:34 INFO  State of operation 18214151 : EXECUTING
16:16:37 INFO  State of operation 18214151 : EXECUTING
16:16:39 INFO  State of operation 18214151 : EXECUTING
16:16:41 INFO  State of operation 18214151 : EXECUTING
16:16:43 INFO  State of operation 18214151 : EXECUTING
16:16:46 INFO  State of operation 18214151 : EXECUTING
16:16:48 INFO  State of operation 18214151 : EXECUTING
16:16:51 INFO  State of operation 18214151 : EXECUTING
16:16:53 INFO  State of operation 18214151 : EXECUTING
16:16:55 INFO  State of operation 18214151 : EXECUTING
16:16:58 INFO  State of operation 18214151 : EXECUTING
16:17:00 INFO  State of operation 18214151 : EXECUTING
16:17:02 INFO  State of operation 18214151 : EXECUTING
16:17:05 INFO  State of operation 18214151 : EXECUTING
16:17:07 INFO  State of operation 18214151 : EXECUTING
16:17:10 INFO  State of operation 18214151 : EXECUTING
16:17:12 INFO  State of operation 18214151 : EXECUTING
16:17:15 INFO  State of operation 18214151 : EXECUTING
16:17:17 WARN  SystemError occurred while running test - Timeout while waiting for status SUCCESSFUL or False
Traceback (most recent call last):
  File "/home/pi/env-pysys/lib/python3.7/site-packages/pysys/baserunner.py", line 1294, in __call__
    self.testObj.execute()
  File "/home/pi/actions-runner/_work/thin-edge.io/thin-edge.io/tests/PySys/software_management_end_to_end/sm_apt_install_remove_multiple_mixed/run.py", line 89, in execute
    self.wait_until_succcess()
  File "/home/pi/actions-runner/_work/thin-edge.io/thin-edge.io/tests/PySys/software_management_end_to_end/environment_sm_management.py", line 324, in wait_until_succcess
    self.wait_until_status("SUCCESSFUL")
  File "/home/pi/actions-runner/_work/thin-edge.io/thin-edge.io/tests/PySys/software_management_end_to_end/environment_sm_management.py", line 381, in wait_until_status
    "Timeout while waiting for status %s or %s" % (status, status2)
SystemError: Timeout while waiting for status SUCCESSFUL or False
16:17:17 WARN  SystemError: Timeout while waiting for status SUCCESSFUL or False ... blocked 
16:17:17 INFO  
16:17:17 INFO  cleanup:
16:17:24 INFO  Executed sudo&lt;tedge_disconnect_c8y&gt;, exit status 0
16:17:25 INFO  Executed systemctl&lt;serv_mapper5&gt;, exit status 3
16:17:25 INFO  
16:17:25 INFO  Test duration: 180.94 secs
16:17:25 INFO  Test final outcome:  BLOCKED
16:17:25 INFO  Test outcome reason: SystemError: Timeout while waiting for status SUCCESSFUL or False (+1 other failures)
16:17:25 INFO  
</system-out>
	</testcase>
</testsuite><testsuite name="SoftwareManagement.sm_apt_install_remove_with_version" tests="3" errors="0" failures="0" skipped="1" time="0"><testcase classname="PySysTest" name="SoftwareManagement.sm_apt_install_remove_with_version">
		<skipped message="SKIPPED: Testing the apt plugin is not supported on this platform.Use parameter -XmyPlatform='container' to enable it" />
		<system-out>15:16:37 INFO  ==============================================================
15:16:37 INFO  Id:    SoftwareManagement.sm_apt_install_remove_with_version
15:16:37 INFO  Dir:   software_management_end_to_end/
15:16:37 INFO  Title: Validate end to end behaviour for the apt plugin for packages with version
15:16:37 INFO  ==============================================================
15:16:37 INFO  Testing the apt plugin is not supported on this platform.Use parameter -XmyPlatform='container' to enable it ... skipped
15:16:37 WARN  Aborted test due to SKIPPED outcome
15:16:37 INFO  
15:16:37 INFO  Test duration: 0.02 secs
15:16:37 INFO  Test final outcome:  SKIPPED
15:16:37 INFO  Test outcome reason: Testing the apt plugin is not supported on this platform.Use parameter -XmyPlatform='container' to enable it
15:16:37 INFO  
</system-out>
	</testcase>
<testcase classname="PySysTest" name="SoftwareManagement.sm_apt_install_remove_with_version" />
<testcase classname="PySysTest" name="SoftwareManagement.sm_apt_install_remove_with_version" />
</testsuite><testsuite name="SoftwareManagement.sm_docker_install_remove_multiple" tests="3" errors="0" failures="2" skipped="1" time="0"><testcase classname="SMDockerInstallRemove" name="SoftwareManagement.sm_docker_install_remove_multiple">
		<skipped message="SKIPPED: Testing the apt plugin is not supported on this platform.Use parameter -XmyPlatform='container' to enable it" />
		<system-out>15:16:37 INFO  ==============================================================
15:16:37 INFO  Id:    SoftwareManagement.sm_docker_install_remove_multiple
15:16:37 INFO  Dir:   software_management_end_to_end/
15:16:37 INFO  Title: Validate end to end behaviour for the docker plugin for multiple docker images with mixed versions
15:16:37 INFO  ==============================================================
15:16:37 INFO  Testing the apt plugin is not supported on this platform.Use parameter -XmyPlatform='container' to enable it ... skipped
15:16:37 WARN  Aborted test due to SKIPPED outcome
15:16:37 INFO  
15:16:37 INFO  Test duration: 0.03 secs
15:16:37 INFO  Test final outcome:  SKIPPED
15:16:37 INFO  Test outcome reason: Testing the apt plugin is not supported on this platform.Use parameter -XmyPlatform='container' to enable it
15:16:37 INFO  
</system-out>
	</testcase>
<testcase classname="SMDockerInstallRemove" name="SoftwareManagement.sm_docker_install_remove_multiple">
		<failure message="BLOCKED: SystemError: The operation has failed" type="BLOCKED" />
		<system-out>16:01:11 INFO  ==============================================================
16:01:11 INFO  Id:    SoftwareManagement.sm_docker_install_remove_multiple
16:01:11 INFO  Dir:   software_management_end_to_end/
16:01:11 INFO  Title: Validate end to end behaviour for the docker plugin for multiple docker images with mixed versions
16:01:11 INFO  ==============================================================
16:01:12 INFO  Using sw id database: {'asciijump': '5475369', 'robotfindskitten': '5474869', 'squirrel3': '5475279', 'rolldice': '5152439', 'moon-buggy': '5439204', 'apple': '5495053', 'banana': '5494888', 'cherry': '5495382', 'watermelon': '5494510', 'registry': '8018911', 'hello-world': '8021526', 'docker/getting-started': '8021973', 'alpine': '7991792'}
16:01:12 INFO  EnvironmentC8y Setup
16:01:13 INFO  Executed systemctl&lt;serv_mapper1&gt;, exit status 3
16:01:28 INFO  Executed sudo&lt;tedge_connect_c8y&gt;, exit status 0, duration 15 secs
16:01:29 INFO  Executed sudo&lt;tedge_connect_c8y_test&gt;, exit status 0
16:01:30 INFO  Executed systemctl&lt;serv_mosq2&gt;, exit status 0
16:01:30 INFO  Executed systemctl&lt;serv_mapper3&gt;, exit status 0
16:01:33 INFO  State of current operation: SUCCESSFUL
16:01:33 INFO  Response status: 201
16:01:33 INFO  Response to action: {
    "delivery": {
        "time": "2022-05-02T16:01:33.268Z",
        "log": [],
        "status": "PENDING"
    },
    "creationTime": "2022-05-02T16:01:33.255Z",
    "deviceName": "mythica",
    "deviceId": "18180749",
    "self": "https://t493319102.eu-latest.cumulocity.com/devicecontrol/operations/18212018",
    "id": "18212018",
    "status": "PENDING",
    "description": "Apply software changes, triggered from PySys: [{'action': 'install', 'id': '8021526', 'name': 'hello-world', 'url': '', 'version': '::docker'}, {'action': 'install', 'id': '8018911', 'name': 'registry', 'url': '', 'version': '2.6.2::docker'}]",
    "c8y_SoftwareUpdate": [
        {
            "name": "hello-world",
            "action": "install",
            "id": "8021526",
            "version": "::docker",
            "url": ""
        },
        {
            "name": "registry",
            "action": "install",
            "id": "8018911",
            "version": "2.6.2::docker",
            "url": ""
        }
    ]
}
16:01:33 INFO  Started operation: {'delivery': {'time': '2022-05-02T16:01:33.268Z', 'log': [], 'status': 'PENDING'}, 'creationTime': '2022-05-02T16:01:33.255Z', 'deviceName': 'mythica', 'deviceId': '18180749', 'self': 'https://t493319102.eu-latest.cumulocity.com/devicecontrol/operations/18212018', 'id': '18212018', 'status': 'PENDING', 'description': "Apply software changes, triggered from PySys: [{'action': 'install', 'id': '8021526', 'name': 'hello-world', 'url': '', 'version': '::docker'}, {'action': 'install', 'id': '8018911', 'name': 'registry', 'url': '', 'version': '2.6.2::docker'}]", 'c8y_SoftwareUpdate': [{'name': 'hello-world', 'action': 'install', 'id': '8021526', 'version': '::docker', 'url': ''}, {'name': 'registry', 'action': 'install', 'id': '8018911', 'version': '2.6.2::docker', 'url': ''}]}
16:01:35 INFO  State of operation 18212018 : PENDING
16:01:37 INFO  State of operation 18212018 : EXECUTING
16:01:39 INFO  State of operation 18212018 : EXECUTING
16:01:42 INFO  State of operation 18212018 : EXECUTING
16:01:44 INFO  State of operation 18212018 : FAILED
16:01:44 ERROR Stopping as the operation has failed
16:01:44 WARN  SystemError occurred while running test - The operation has failed
Traceback (most recent call last):
  File "/home/pi/env-pysys/lib/python3.7/site-packages/pysys/baserunner.py", line 1292, in __call__
    self.testObj.setup()
  File "/home/pi/actions-runner/_work/thin-edge.io/thin-edge.io/tests/PySys/software_management_end_to_end/sm_docker_install_remove_multiple/run.py", line 55, in setup
    self.wait_until_succcess()
  File "/home/pi/actions-runner/_work/thin-edge.io/thin-edge.io/tests/PySys/software_management_end_to_end/environment_sm_management.py", line 324, in wait_until_succcess
    self.wait_until_status("SUCCESSFUL")
  File "/home/pi/actions-runner/_work/thin-edge.io/thin-edge.io/tests/PySys/software_management_end_to_end/environment_sm_management.py", line 361, in wait_until_status
    raise SystemError("The operation has failed")
SystemError: The operation has failed
16:01:44 WARN  SystemError: The operation has failed ... blocked 
16:01:44 INFO  
16:01:44 INFO  cleanup:
16:01:48 INFO  Executed sudo&lt;tedge_disconnect_c8y&gt;, exit status 0
16:01:49 INFO  Executed systemctl&lt;serv_mapper5&gt;, exit status 3
16:01:49 INFO  
16:01:49 INFO  Test duration: 37.79 secs
16:01:49 INFO  Test final outcome:  BLOCKED
16:01:49 INFO  Test outcome reason: SystemError: The operation has failed
16:01:49 INFO  
</system-out>
	</testcase>
<testcase classname="SMDockerInstallRemove" name="SoftwareManagement.sm_docker_install_remove_multiple">
		<failure message="BLOCKED: SystemError: The operation has failed" type="BLOCKED" />
		<system-out>16:20:08 INFO  ==============================================================
16:20:08 INFO  Id:    SoftwareManagement.sm_docker_install_remove_multiple
16:20:08 INFO  Dir:   software_management_end_to_end/
16:20:08 INFO  Title: Validate end to end behaviour for the docker plugin for multiple docker images with mixed versions
16:20:08 INFO  ==============================================================
16:20:08 INFO  Using sw id database: {'asciijump': '5475369', 'robotfindskitten': '5474869', 'squirrel3': '5475279', 'rolldice': '5152439', 'moon-buggy': '5439204', 'apple': '5495053', 'banana': '5494888', 'cherry': '5495382', 'watermelon': '5494510', 'registry': '8018911', 'hello-world': '8021526', 'docker/getting-started': '8021973', 'alpine': '7991792'}
16:20:08 INFO  EnvironmentC8y Setup
16:20:09 INFO  Executed systemctl&lt;serv_mapper1&gt;, exit status 3
[...]
16:01:06 INFO  Id:    docker_plugin_update
16:01:06 INFO  Dir:   plugin_docker/
16:01:06 INFO  Title: Validate docker plugin install updates existing containers
16:01:06 INFO  ==============================================================
16:01:07 INFO  Executed sudo&lt;docker_images&gt;, exit status 0
16:01:07 INFO  Grep on file /home/pi/actions-runner/_work/thin-edge.io/thin-edge.io/tests/PySys/plugin_docker/docker_plugin_update/Output/linux/docker_images.out ... passed
16:01:09 WARN  Executed sudo&lt;docker_run&gt;, exit status 125
16:01:09 INFO  Contents of docker_run.err: 
  Unable to find image 'registry:2.6.2' locally
  docker: Error response from daemon: toomanyrequests: You have reached your pull rate limit. You may increase the limit by authenticating and upgrading: https://www.docker.com/increase-rate-limit.
  See 'docker run --help'.
  -----

16:01:09 WARN  sudo&lt;docker_run&gt; returned non-zero exit code 125 ... blocked 
16:01:09 WARN  Aborted test due to BLOCKED outcome
16:01:09 INFO  
16:01:09 INFO  cleanup:
16:01:09 INFO  Removing containers scheduled to be cleaned up: ['', '']
16:01:10 WARN  Executed sudo&lt;containers_for_cleanup&gt;, exit status 1
16:01:10 INFO  Removing images scheduled to be cleaned up: ['registry', 'registry:2.7.1']
16:01:11 INFO  Executed sudo&lt;containers_for_cleanup&gt;, exit status 0
16:01:11 INFO  
16:01:11 INFO  Test duration: 4.61 secs
16:01:11 INFO  Test final outcome:  BLOCKED
16:01:11 INFO  Test outcome reason: sudo&lt;docker_run&gt; returned non-zero exit code 125
16:01:11 INFO  
</system-out>
	</testcase>
</testsuite><testsuite name="invalid_device_id" tests="1" errors="0" failures="0" skipped="0" time="0"><testcase classname="InvalidDeviceId" name="invalid_device_id" />
</testsuite><testsuite name="local_mqtt_pub_fail_noqos" tests="1" errors="0" failures="0" skipped="0" time="0"><testcase classname="PySysTest" name="local_mqtt_pub_fail_noqos" />
</testsuite><testsuite name="local_mqtt_pub_fail_qos0" tests="1" errors="0" failures="0" skipped="0" time="0"><testcase classname="PySysTest" name="local_mqtt_pub_fail_qos0" />
</testsuite><testsuite name="local_mqtt_pub_fail_qos1" tests="1" errors="0" failures="0" skipped="0" time="0"><testcase classname="PySysTest" name="local_mqtt_pub_fail_qos1" />
</testsuite><testsuite name="local_mqtt_pub_fail_qos2" tests="1" errors="0" failures="0" skipped="0" time="0"><testcase classname="PySysTest" name="local_mqtt_pub_fail_qos2" />
</testsuite><testsuite name="local_mqtt_pub_sub" tests="1" errors="0" failures="0" skipped="0" time="0"><testcase classname="PySysTest" name="local_mqtt_pub_sub" />
</testsuite><testsuite name="local_mqtt_pub_sub_retain" tests="1" errors="0" failures="0" skipped="0" time="0"><testcase classname="MqttPublishWithRetain" name="local_mqtt_pub_sub_retain" />
</testsuite><testsuite name="local_mqtt_pub_sub_with_sudo" tests="1" errors="0" failures="0" skipped="0" time="0"><testcase classname="PySysTest" name="local_mqtt_pub_sub_with_sudo" />
</testsuite><testsuite name="local_mqtt_sub_fail" tests="1" errors="0" failures="0" skipped="0" time="0"><testcase classname="PySysTest" name="local_mqtt_sub_fail" />
</testsuite><testsuite name="log_request_error_messages" tests="1" errors="0" failures="1" skipped="0" time="0"><testcase classname="LogRequestVerifySearchTextError" name="log_request_error_messages">
		<failure message="FAILED: Assert that (True == value) with value=False" type="FAILED" />
		<system-out>15:04:08 INFO  ==============================================================
15:04:08 INFO  Id:    log_request_error_messages
15:04:08 INFO  Dir:   log_request_end_to_end/
15:04:08 INFO  Title: Validate end to end behaviour for the log request operation check for error messages
15:04:08 INFO  ==============================================================
15:04:09 INFO  EnvironmentC8y Setup
15:04:10 INFO  Executed systemctl&lt;serv_mapper1&gt;, exit status 3
15:04:10 INFO  Restarting mosquitto too frequently in the last 10 seconds. It was only up for 2 seconds
15:04:10 INFO  Delaying execution by 9 seconds
15:04:33 INFO  Executed sudo&lt;tedge_connect_c8y&gt;, exit status 0, duration 13 secs
15:04:34 INFO  Executed sudo&lt;tedge_connect_c8y_test&gt;, exit status 0
15:04:34 INFO  Executed systemctl&lt;serv_mosq2&gt;, exit status 0
15:04:35 INFO  Executed systemctl&lt;serv_mapper3&gt;, exit status 0
15:04:35 INFO  Executed sudo&lt;rm_logs&gt;, exit status 0
15:04:36 INFO  Executed sudo&lt;move_logs&gt;, exit status 0
15:04:37 INFO  log response None
15:04:37 WARN  retry, retrying in 1 seconds...
15:04:38 INFO  log response https://thin-edge-io.eu-latest.cumulocity.com/event/events/18180779/binaries
15:04:39 WARN  Assert that (True == value) with value=False ... failed [run.py:43]
15:04:39 INFO  
15:04:39 INFO  cleanup:
15:04:39 INFO  Executed sudo&lt;rm_logs&gt;, exit status 0
15:04:40 INFO  Executed sudo&lt;rm_tmp_logs&gt;, exit status 0
15:04:40 INFO  Executed sudo&lt;send_failed&gt;, exit status 0
15:04:44 INFO  Executed sudo&lt;tedge_disconnect_c8y&gt;, exit status 0
15:04:45 INFO  Executed systemctl&lt;serv_mapper5&gt;, exit status 3
15:04:45 INFO  
15:04:45 INFO  Test duration: 36.97 secs
15:04:45 INFO  Test final outcome:  FAILED
15:04:45 INFO  Test outcome reason: Assert that (True == value) with value=False
15:04:45 INFO  
</system-out>
	</testcase>
</testsuite><testsuite name="log_request_num_lines" tests="1" errors="0" failures="1" skipped="0" time="0"><testcase classname="LogRequestVerifyNumberOfLines" name="log_request_num_lines">
		<failure message="FAILED: Assert that (True == value) with value=False" type="FAILED" />
		<system-out>15:04:45 INFO  ==============================================================
15:04:45 INFO  Id:    log_request_num_lines
15:04:45 INFO  Dir:   log_request_end_to_end/
15:04:45 INFO  Title: Validate end to end behaviour for the log request operation check for number of lines
15:04:45 INFO  ==============================================================
15:04:45 INFO  EnvironmentC8y Setup
15:04:46 INFO  Executed systemctl&lt;serv_mapper1&gt;, exit status 3
15:04:46 INFO  Restarting mosquitto too frequently in the last 10 seconds. It was only up for 5 seconds
15:04:46 INFO  Delaying execution by 6 seconds
15:05:07 INFO  Executed sudo&lt;tedge_connect_c8y&gt;, exit status 0, duration 15 secs
15:05:08 INFO  Executed sudo&lt;tedge_connect_c8y_test&gt;, exit status 0
15:05:08 INFO  Executed systemctl&lt;serv_mosq2&gt;, exit status 0
15:05:09 INFO  Executed systemctl&lt;serv_mapper3&gt;, exit status 0
15:05:09 INFO  Executed sudo&lt;rm_logs&gt;, exit status 0
15:05:10 INFO  Executed sudo&lt;move_logs&gt;, exit status 0
15:05:10 INFO  log response None
15:05:10 WARN  retry, retrying in 1 seconds...
15:05:11 INFO  log response https://thin-edge-io.eu-latest.cumulocity.com/event/events/18180079/binaries
15:05:12 INFO  nlines 0
15:05:12 WARN  Assert that (True == value) with value=False ... failed [run.py:44]
15:05:12 INFO  
15:05:12 INFO  cleanup:
15:05:12 INFO  Executed sudo&lt;rm_logs&gt;, exit status 0
15:05:13 INFO  Executed sudo&lt;rm_tmp_logs&gt;, exit status 0
15:05:13 INFO  Executed sudo&lt;send_failed&gt;, exit status 0
15:05:17 INFO  Executed sudo&lt;tedge_disconnect_c8y&gt;, exit status 0
15:05:18 INFO  Executed systemctl&lt;serv_mapper5&gt;, exit status 3
15:05:18 INFO  
15:05:18 INFO  Test duration: 32.99 secs
15:05:18 INFO  Test final outcome:  FAILED
15:05:18 INFO  Test outcome reason: Assert that (True == value) with value=False
15:05:18 INFO  
</system-out>
	</testcase>
</testsuite><testsuite name="mapper_awaits_before_reconnect" tests="1" errors="0" failures="0" skipped="0" time="0"><testcase classname="MapperReconnectAwait" name="mapper_awaits_before_reconnect" />
</testsuite><testsuite name="monitoring_smaller_interval" tests="1" errors="0" failures="0" skipped="1" time="0"><testcase classname="MonitoringSmallInterval" name="monitoring_smaller_interval">
		<skipped message="SKIPPED: Fails due to retained message" />
		<system-out>15:06:48 INFO  ==============================================================
15:06:48 INFO  Id:    monitoring_smaller_interval
15:06:48 INFO  Dir:   monitoring/
15:06:48 INFO  Title: Validate the tedge dm agent messages that are produced with smaller sampling interval than the batching window. Here the simulated collectd messages are used
15:06:48 INFO  ==============================================================
15:06:48 INFO  Fails due to retained message ... skipped
15:06:48 INFO  
15:06:48 INFO  Test duration: 0.27 secs
15:06:48 INFO  Test final outcome:  SKIPPED
15:06:48 INFO  Test outcome reason: Fails due to retained message
15:06:48 INFO  
</system-out>
	</testcase>
</testsuite><testsuite name="monitoring_with_collectd" tests="1" errors="0" failures="0" skipped="1" time="0"><testcase classname="MonitoringWithCollectd" name="monitoring_with_collectd">
		<skipped message="SKIPPED: Test execution disabled due to #792 (instable)" />
		<system-out>15:06:49 INFO  ==============================================================
15:06:49 INFO  Id:    monitoring_with_collectd
15:06:49 INFO  Dir:   monitoring/
15:06:49 INFO  Title: Validate tedge dm agent messages that are produced by batching the collectd messages
15:06:49 INFO  ==============================================================
15:06:49 INFO  Test execution disabled due to #792 (instable) ... skipped
15:06:49 INFO  
15:06:49 INFO  Test duration: 0.02 secs
15:06:49 INFO  Test final outcome:  SKIPPED
15:06:49 INFO  Test outcome reason: Test execution disabled due to #792 (instable)
15:06:49 INFO  
</system-out>
	</testcase>
</testsuite><testsuite name="monitoring_with_simulated_messages" tests="1" errors="0" failures="0" skipped="1" time="0"><testcase classname="MonitoringWithSimulatedMessages" name="monitoring_with_simulated_messages">
		<skipped message="SKIPPED: Fails due to retained message" />
		<system-out>15:06:49 INFO  ==============================================================
15:06:49 INFO  Id:    monitoring_with_simulated_messages
15:06:49 INFO  Dir:   monitoring/
15:06:49 INFO  Title: Validate the tedge dm agent messages that are produced from the simulated collectd messages
15:06:49 INFO  ==============================================================
15:06:49 INFO  Fails due to retained message ... skipped
15:06:49 INFO  
15:06:49 INFO  Test duration: 0.02 secs
15:06:49 INFO  Test final outcome:  SKIPPED
15:06:49 INFO  Test outcome reason: Fails due to retained message
15:06:49 INFO  
</system-out>
	</testcase>
</testsuite><testsuite name="mqtt_port_change_connection_fails" tests="1" errors="0" failures="0" skipped="0" time="0"><testcase classname="MqttPortChangeConnectionFails" name="mqtt_port_change_connection_fails" />
</testsuite><testsuite name="mqtt_port_change_connection_works" tests="1" errors="0" failures="0" skipped="1" time="0"><testcase classname="MqttPortChangeConnectionWorks" name="mqtt_port_change_connection_works">
		<skipped message="SKIPPED: failing intermitently" />
		<system-out>15:05:53 INFO  ==============================================================
15:05:53 INFO  Id:    mqtt_port_change_connection_works
15:05:53 INFO  Dir:   misc_features/
15:05:53 INFO  Title: mqtt port change connection works for all the thin-edge services that use the mosquitto broker
15:05:53 INFO  ==============================================================
15:05:53 INFO  failing intermitently ... skipped
15:05:53 INFO  
15:05:53 INFO  Test duration: 0.15 secs
15:05:53 INFO  Test final outcome:  SKIPPED
15:05:53 INFO  Test outcome reason: failing intermitently
15:05:53 INFO  
</system-out>
	</testcase>
</testsuite><testsuite name="mqtt_port_set" tests="1" errors="0" failures="0" skipped="0" time="0"><testcase classname="MqttPortSet" name="mqtt_port_set" />
</testsuite><testsuite name="mqtt_port_unset" tests="1" errors="0" failures="0" skipped="0" time="0"><testcase classname="MqttPortUnSet" name="mqtt_port_unset" />
</testsuite><testsuite name="publish_flux" tests="1" errors="0" failures="0" skipped="0" time="0"><testcase classname="PublishFlux" name="publish_flux" />
</testsuite><testsuite name="publish_sawmill" tests="1" errors="0" failures="0" skipped="0" time="0"><testcase classname="PublishSawmill" name="publish_sawmill" />
</testsuite><testsuite name="pysys_block" tests="1" errors="0" failures="0" skipped="1" time="0"><testcase classname="Fail" name="pysys_block">
		<skipped message="SKIPPED: Enable this to observe a blocking test" />
		<system-out>15:06:16 INFO  ==============================================================
15:06:16 INFO  Id:    pysys_block
15:06:16 INFO  Dir:   misc_features/
15:06:16 INFO  Title: fail
15:06:16 INFO  ==============================================================
15:06:16 INFO  Enable this to observe a blocking test ... skipped
15:06:16 INFO  
15:06:16 INFO  Test duration: 0.02 secs
15:06:16 INFO  Test final outcome:  SKIPPED
15:06:16 INFO  Test outcome reason: Enable this to observe a blocking test
15:06:16 INFO  
</system-out>
	</testcase>
</testsuite><testsuite name="pysys_fail" tests="1" errors="0" failures="0" skipped="1" time="0"><testcase classname="Fail" name="pysys_fail">
		<skipped message="SKIPPED: Enable this to observe a failing test" />
		<system-out>15:06:16 INFO  ==============================================================
15:06:16 INFO  Id:    pysys_fail
15:06:16 INFO  Dir:   misc_features/
15:06:16 INFO  Title: fail
15:06:16 INFO  ==============================================================
15:06:16 INFO  Enable this to observe a failing test ... skipped
15:06:16 INFO  
15:06:16 INFO  Test duration: 0.02 secs
15:06:16 INFO  Test final outcome:  SKIPPED
15:06:16 INFO  Test outcome reason: Enable this to observe a failing test
15:06:16 INFO  
</system-out>
	</testcase>
</testsuite><testsuite name="runtime_start_two_mappers" tests="1" errors="0" failures="1" skipped="0" time="0"><testcase classname="RuntimeMultiMappers" name="runtime_start_two_mappers">
		<failure message="FAILED: Grep on tedge_mapper2.err contains &quot;Error: Couldn't acquire file lock.&quot;" type="FAILED" />
		<system-out>15:20:19 INFO  ==============================================================
15:20:19 INFO  Id:    runtime_start_two_mappers
15:20:19 INFO  Dir:   tedge_mapper_c8y/
15:20:19 INFO  Title: Validate two mappers can't be started at the same time
15:20:19 INFO  ==============================================================
15:20:20 INFO  Executed sudo&lt;tedge_mapper1&gt;, exit status 0
15:20:20 INFO  Waiting for 0.1 seconds
15:20:21 INFO  Executed sudo&lt;tedge_mapper2&gt;, exit status 1
15:20:21 INFO  Executed sudo&lt;tedge_mapper1&gt;, exit status 0
15:20:21 WARN  Grep on tedge_mapper2.err contains "Error: Couldn't acquire file lock." ... failed [run.py:46]
15:20:21 INFO  
15:20:21 INFO  Test duration: 1.99 secs
15:20:21 INFO  Test final outcome:  FAILED
15:20:21 INFO  Test outcome reason: Grep on tedge_mapper2.err contains "Error: Couldn't acquire file lock."
15:20:21 INFO  
</system-out>
	</testcase>
</testsuite><testsuite name="sm_tedge_mapper_init_session" tests="1" errors="0" failures="0" skipped="0" time="0"><testcase classname="TedgeSMMapperInitSession" name="sm_tedge_mapper_init_session" />
</testsuite><testsuite name="smoketest_json" tests="1" errors="0" failures="0" skipped="0" time="0"><testcase classname="SmokeTestJson" name="smoketest_json" />
</testsuite><testsuite name="smoketest_json_400_samples_10ms" tests="1" errors="0" failures="0" skipped="0" time="0"><testcase classname="SmoketestJson400Samples10ms" name="smoketest_json_400_samples_10ms" />
</testsuite><testsuite name="smoketest_json_400_samples_20ms" tests="1" errors="0" failures="0" skipped="0" time="0"><testcase classname="SmoketestJson400Samples20ms" name="smoketest_json_400_samples_20ms" />
</testsuite><testsuite name="smoketest_smartrest" tests="1" errors="0" failures="0" skipped="0" time="0"><testcase classname="SmoketestSmartRest" name="smoketest_smartrest" />
</testsuite><testsuite name="smoketest_smartrest_200_samples_1Xms" tests="1" errors="0" failures="0" skipped="0" time="0"><testcase classname="SmoketestSmartRest200Samples1Xms" name="smoketest_smartrest_200_samples_1Xms" />
</testsuite><testsuite name="smoketest_smartrest_200_samples_20ms" tests="1" errors="0" failures="0" skipped="0" time="0"><testcase classname="SmoketestSmartRest200Samples20ms" name="smoketest_smartrest_200_samples_20ms" />
</testsuite><testsuite name="tedge_agent_user_sudo_access" tests="1" errors="0" failures="0" skipped="1" time="0"><testcase classname="TedgeAgentUserSudoAccess" name="tedge_agent_user_sudo_access">
		<skipped message="SKIPPED: #955 Observation: Exit code of the apt plugin when called with no arguments" />
		<system-out>15:17:05 INFO  ==============================================================
15:17:05 INFO  Id:    tedge_agent_user_sudo_access
15:17:05 INFO  Dir:   tedge/
15:17:05 INFO  Title: Validate tedge-agent user has a limited sudo right
15:17:05 INFO  ==============================================================
15:17:05 INFO  #955 Observation: Exit code of the apt plugin when called with no arguments ... skipped
15:17:05 INFO  
15:17:05 INFO  Test duration: 0.02 secs
15:17:05 INFO  Test final outcome:  SKIPPED
15:17:05 INFO  Test outcome reason: #955 Observation: Exit code of the apt plugin when called with no arguments
15:17:05 INFO  
</system-out>
	</testcase>
</testsuite><testsuite name="tedge_connect_test_negative" tests="1" errors="0" failures="0" skipped="0" time="0"><testcase classname="TedgeConnectTestNegative" name="tedge_connect_test_negative" />
</testsuite><testsuite name="tedge_connect_test_positive" tests="1" errors="0" failures="0" skipped="0" time="0"><testcase classname="TedgeConnectTestPositive" name="tedge_connect_test_positive" />
</testsuite><testsuite name="tedge_connect_test_sm_services" tests="1" errors="0" failures="0" skipped="0" time="0"><testcase classname="TedgeConnectTestSMServices" name="tedge_connect_test_sm_services" />
</testsuite><testsuite name="tedge_disconnect_test_sm_services" tests="1" errors="0" failures="0" skipped="0" time="0"><testcase classname="TedgeDisConnectTestSMServices" name="tedge_disconnect_test_sm_services" />
</testsuite><testsuite name="tedge_mapper_az_negative" tests="1" errors="0" failures="0" skipped="0" time="0"><testcase classname="TedgeMapperAzError" name="tedge_mapper_az_negative" />
</testsuite><testsuite name="tedge_mapper_az_with_timestamp" tests="1" errors="0" failures="0" skipped="0" time="0"><testcase classname="TedgeMapperAzWithTimestamp" name="tedge_mapper_az_with_timestamp" />
</testsuite><testsuite name="tedge_mapper_az_without_timestamp" tests="1" errors="0" failures="0" skipped="0" time="0"><testcase classname="TedgeMapperAzWithoutTimestamp" name="tedge_mapper_az_without_timestamp" />
</testsuite><testsuite name="tedge_mapper_c8y_alarms" tests="1" errors="0" failures="0" skipped="0" time="0"><testcase classname="TedgeMapperC8yAlarm" name="tedge_mapper_c8y_alarms" />
</testsuite><testsuite name="tedge_mapper_c8y_child_device_measurement" tests="1" errors="0" failures="0" skipped="0" time="0"><testcase classname="TedgeMapperC8yChildDevice" name="tedge_mapper_c8y_child_device_measurement" />
</testsuite><testsuite name="tedge_mapper_c8y_packet_threshold_size" tests="1" errors="0" failures="0" skipped="0" time="0"><testcase classname="TedgeMapperC8yThresholdPacketSize" name="tedge_mapper_c8y_packet_threshold_size" />
</testsuite><testsuite name="tedge_software_update" tests="1" errors="0" failures="0" skipped="0" time="0"><testcase classname="PySysTest" name="tedge_software_update" />
</testsuite><testsuite name="valid_device_id" tests="1" errors="0" failures="0" skipped="0" time="0"><testcase classname="ValidateValidDeviceId" name="valid_device_id" />
</testsuite></testsuites>