<?xml version='1.0' encoding='utf-8'?>
<testsuites tests="149" failures="18" errors="0" skipped="49" time="0.0"><testsuite name="SoftwareManagement.Plugin.apama_plugin_install" tests="3" errors="0" failures="0" skipped="1" time="0"><testcase classname="ApamaPluginInstallTest" name="SoftwareManagement.Plugin.apama_plugin_install">
		<skipped message="SKIPPED: Apama plugin tests are disabled by default. Execute `pysys run` with `-XmyPlatform=container` to run these tests" />
		<system-out>13:38:46 INFO  ==============================================================
13:38:46 INFO  Id:    SoftwareManagement.Plugin.apama_plugin_install
13:38:46 INFO  Dir:   plugin_apama/
13:38:46 INFO  Title: Validate apama plugin install
13:38:46 INFO  ==============================================================
13:38:46 INFO  Apama plugin tests are disabled by default. Execute `pysys run` with `-XmyPlatform=container` to run these tests ... skipped
13:38:46 WARN  Aborted test due to SKIPPED outcome
13:38:46 INFO  
13:38:46 INFO  Test duration: 0.07 secs
13:38:46 INFO  Test final outcome:  SKIPPED
13:38:46 INFO  Test outcome reason: Apama plugin tests are disabled by default. Execute `pysys run` with `-XmyPlatform=container` to run these tests
13:38:46 INFO  
</system-out>
	</testcase>
<testcase classname="ApamaPluginInstallTest" name="SoftwareManagement.Plugin.apama_plugin_install" />
<testcase classname="ApamaPluginInstallTest" name="SoftwareManagement.Plugin.apama_plugin_install" />
</testsuite><testsuite name="SoftwareManagement.Plugin.apama_plugin_mon_support" tests="3" errors="0" failures="0" skipped="1" time="0"><testcase classname="ApamaPluginMonSupportTest" name="SoftwareManagement.Plugin.apama_plugin_mon_support">
		<skipped message="SKIPPED: Apama plugin tests are disabled by default. Execute `pysys run` with `-XmyPlatform=container` to run these tests" />
		<system-out>13:38:46 INFO  ==============================================================
13:38:46 INFO  Id:    SoftwareManagement.Plugin.apama_plugin_mon_support
13:38:46 INFO  Dir:   plugin_apama/
13:38:46 INFO  Title: Validate mon file support of apama plugin
13:38:46 INFO  ==============================================================
13:38:46 INFO  Apama plugin tests are disabled by default. Execute `pysys run` with `-XmyPlatform=container` to run these tests ... skipped
13:38:46 WARN  Aborted test due to SKIPPED outcome
13:38:46 INFO  
13:38:46 INFO  Test duration: 0.02 secs
13:38:46 INFO  Test final outcome:  SKIPPED
13:38:46 INFO  Test outcome reason: Apama plugin tests are disabled by default. Execute `pysys run` with `-XmyPlatform=container` to run these tests
13:38:46 INFO  
</system-out>
	</testcase>
<testcase classname="ApamaPluginMonSupportTest" name="SoftwareManagement.Plugin.apama_plugin_mon_support" />
<testcase classname="ApamaPluginMonSupportTest" name="SoftwareManagement.Plugin.apama_plugin_mon_support" />
</testsuite><testsuite name="SoftwareManagement.Plugin.apama_plugin_remove" tests="3" errors="0" failures="0" skipped="1" time="0"><testcase classname="ApamaPluginRemoveTest" name="SoftwareManagement.Plugin.apama_plugin_remove">
		<skipped message="SKIPPED: Apama plugin tests are disabled by default. Execute `pysys run` with `-XmyPlatform=container` to run these tests" />
		<system-out>13:38:46 INFO  ==============================================================
13:38:46 INFO  Id:    SoftwareManagement.Plugin.apama_plugin_remove
13:38:46 INFO  Dir:   plugin_apama/
13:38:46 INFO  Title: Validate apama plugin remove
13:38:46 INFO  ==============================================================
13:38:46 INFO  Apama plugin tests are disabled by default. Execute `pysys run` with `-XmyPlatform=container` to run these tests ... skipped
13:38:46 WARN  Aborted test due to SKIPPED outcome
13:38:46 INFO  
13:38:46 INFO  Test duration: 0.02 secs
13:38:46 INFO  Test final outcome:  SKIPPED
13:38:46 INFO  Test outcome reason: Apama plugin tests are disabled by default. Execute `pysys run` with `-XmyPlatform=container` to run these tests
13:38:46 INFO  
</system-out>
	</testcase>
<testcase classname="ApamaPluginRemoveTest" name="SoftwareManagement.Plugin.apama_plugin_remove" />
<testcase classname="ApamaPluginRemoveTest" name="SoftwareManagement.Plugin.apama_plugin_remove" />
</testsuite><testsuite name="SoftwareManagement.Plugin.apama_plugin_update" tests="3" errors="0" failures="2" skipped="1" time="0"><testcase classname="ApamaPluginUpdateTest" name="SoftwareManagement.Plugin.apama_plugin_update">
		<skipped message="SKIPPED: Apama plugin tests are disabled by default. Execute `pysys run` with `-XmyPlatform=container` to run these tests" />
		<system-out>13:38:46 INFO  ==============================================================
13:38:46 INFO  Id:    SoftwareManagement.Plugin.apama_plugin_update
13:38:46 INFO  Dir:   plugin_apama/
13:38:46 INFO  Title: Validate apama plugin updating one project with another
13:38:46 INFO  ==============================================================
13:38:46 INFO  Apama plugin tests are disabled by default. Execute `pysys run` with `-XmyPlatform=container` to run these tests ... skipped
13:38:46 WARN  Aborted test due to SKIPPED outcome
13:38:46 INFO  
13:38:46 INFO  Test duration: 0.02 secs
13:38:46 INFO  Test final outcome:  SKIPPED
13:38:46 INFO  Test outcome reason: Apama plugin tests are disabled by default. Execute `pysys run` with `-XmyPlatform=container` to run these tests
13:38:46 INFO  
</system-out>
	</testcase>
<testcase classname="ApamaPluginUpdateTest" name="SoftwareManagement.Plugin.apama_plugin_update">
		<failure message="BLOCKED: sudo&lt;plugin_install&gt; returned non-zero exit code 2" type="BLOCKED" />
		<system-out>14:32:40 INFO  ==============================================================
14:32:40 INFO  Id:    SoftwareManagement.Plugin.apama_plugin_update
14:32:40 INFO  Dir:   plugin_apama/
14:32:40 INFO  Title: Validate apama plugin updating one project with another
14:32:40 INFO  ==============================================================
14:32:40 INFO  Assertion that path exists=False for "/etc/tedge/apama/project" ... passed
14:32:41 INFO  Executed sudo&lt;create_project_dir&gt;, exit status 0
14:32:42 INFO  Executed sudo&lt;unzip_apama_project&gt;, exit status 0
14:32:42 INFO  Executed sudo&lt;move_apama_project&gt;, exit status 0
14:32:43 INFO  Executed sudo&lt;restart_apama_service&gt;, exit status 0
14:32:44 INFO  Executed sudo&lt;apama_correlator_wait&gt;, exit status 0
14:32:44 INFO  Assertion that path exists=True for "/etc/tedge/apama/project" ... passed
14:32:44 INFO  Executed sudo&lt;apama_list_monitors&gt;, exit status 0
14:32:44 INFO  Grep on file /home/pi/actions-runner/_work/thin-edge.io/thin-edge.io/tests/PySys/plugin_apama/apama_plugin_update/Output/linux/apama_list_monitors.out ... passed
14:32:45 WARN  Executed sudo&lt;plugin_install&gt;, exit status 2
14:32:45 INFO  Contents of plugin_install.err: 
  ERROR: Directory not empty (os error 39)
  -----

14:32:46 WARN  sudo&lt;plugin_install&gt; returned non-zero exit code 2 ... blocked [run.py:35]
14:32:46 WARN  Aborted test due to BLOCKED outcome
14:32:46 INFO  
14:32:46 INFO  cleanup:
14:32:46 INFO  Removing apama project
14:33:03 INFO  Executed sudo&lt;stop_apama_service&gt;, exit status 0, duration 17 secs
14:33:04 INFO  Executed sudo&lt;remove_apama_project&gt;, exit status 0
14:33:05 INFO  Executed sudo&lt;remove_apama_tmp_dir&gt;, exit status 0
14:33:05 INFO  
14:33:05 INFO  Test duration: 24.19 secs
14:33:05 INFO  Test final outcome:  BLOCKED
14:33:05 INFO  Test outcome reason: sudo&lt;plugin_install&gt; returned non-zero exit code 2
14:33:05 INFO  
</system-out>
	</testcase>
<testcase classname="ApamaPluginUpdateTest" name="SoftwareManagement.Plugin.apama_plugin_update">
		<failure message="BLOCKED: sudo&lt;plugin_install&gt; returned non-zero exit code 2" type="BLOCKED" />
		<system-out>14:37:21 INFO  ==============================================================
14:37:21 INFO  Id:    SoftwareManagement.Plugin.apama_plugin_update
14:37:21 INFO  Dir:   plugin_apama/
14:37:21 INFO  Title: Validate apama plugin updating one project with another
14:37:21 INFO  ==============================================================
14:37:21 INFO  Assertion that path exists=False for "/etc/tedge/apama/project" ... passed
14:37:22 INFO  Executed sudo&lt;create_project_dir&gt;, exit status 0
14:37:22 INFO  Executed sudo&lt;unzip_apama_project&gt;, exit status 0
14:37:23 INFO  Executed sudo&lt;move_apama_project&gt;, exit status 0
14:37:24 INFO  Executed sudo&lt;restart_apama_service&gt;, exit status 0
14:37:25 INFO  Executed sudo&lt;apama_correlator_wait&gt;, exit status 0
14:37:25 INFO  Assertion that path exists=True for "/etc/tedge/apama/project" ... passed
14:37:26 INFO  Executed sudo&lt;apama_list_monitors&gt;, exit status 0
14:37:26 INFO  Grep on file /home/pi/actions-runner/_work/thin-edge.io/thin-edge.io/tests/PySys/plugin_apama/apama_plugin_update/Output/linux/apama_list_monitors.out ... passed
14:37:26 WARN  Executed sudo&lt;plugin_install&gt;, exit status 2
14:37:26 INFO  Contents of plugin_install.err: 
  ERROR: Directory not empty (os error 39)
  -----

14:37:27 WARN  sudo&lt;plugin_install&gt; returned non-zero exit code 2 ... blocked [run.py:35]
14:37:27 WARN  Aborted test due to BLOCKED outcome
14:37:27 INFO  
14:37:27 INFO  cleanup:
14:37:27 INFO  Removing apama project
14:37:43 INFO  Executed sudo&lt;stop_apama_service&gt;, exit status 0, duration 16 secs
14:37:43 INFO  Executed sudo&lt;remove_apama_project&gt;, exit status 0
14:37:44 INFO  Executed sudo&lt;remove_apama_tmp_dir&gt;, exit status 0
14:37:44 INFO  
14:37:44 INFO  Test duration: 22.89 secs
14:37:44 INFO  Test final outcome:  BLOCKED
14:37:44 INFO  Test outcome reason: sudo&lt;plugin_install&gt; returned non-zero exit code 2
14:37:44 INFO  
</system-out>
	</testcase>
</testsuite><testsuite name="SoftwareManagement.sm_apt_install_download_path" tests="3" errors="0" failures="2" skipped="1" time="0"><testcase classname="AptInstallWithDownloadPath" name="SoftwareManagement.sm_apt_install_download_path">
		<skipped message="SKIPPED: Testing the apt plugin is not supported on this platform.Use parameter -XmyPlatform='container' to enable it" />
		<system-out>13:48:29 INFO  ==============================================================
13:48:29 INFO  Id:    SoftwareManagement.sm_apt_install_download_path
13:48:29 INFO  Dir:   software_management_end_to_end/
13:48:29 INFO  Title: Install package to directory specified in tedge config set tmp.path
13:48:29 INFO  ==============================================================
13:48:29 INFO  Testing the apt plugin is not supported on this platform.Use parameter -XmyPlatform='container' to enable it ... skipped
13:48:29 WARN  Aborted test due to SKIPPED outcome
13:48:29 INFO  
13:48:29 INFO  Test duration: 0.07 secs
13:48:29 INFO  Test final outcome:  SKIPPED
13:48:29 INFO  Test outcome reason: Testing the apt plugin is not supported on this platform.Use parameter -XmyPlatform='container' to enable it
13:48:29 INFO  
</system-out>
	</testcase>
<testcase classname="AptInstallWithDownloadPath" name="SoftwareManagement.sm_apt_install_download_path">
		<failure message="BLOCKED: AssertionError:" type="BLOCKED" />
		<system-out>14:13:54 INFO  ==============================================================
14:13:54 INFO  Id:    SoftwareManagement.sm_apt_install_download_path
14:13:54 INFO  Dir:   software_management_end_to_end/
14:13:54 INFO  Title: Install package to directory specified in tedge config set tmp.path
14:13:54 INFO  ==============================================================
14:13:54 INFO  Using sw id database: {'asciijump': '5475369', 'robotfindskitten': '5474869', 'squirrel3': '5475279', 'rolldice': '5152439', 'moon-buggy': '5439204', 'apple': '5495053', 'banana': '5494888', 'cherry': '5495382', 'watermelon': '5494510', 'registry': '8018911', 'hello-world': '8021526', 'docker/getting-started': '8021973', 'alpine': '7991792'}
14:13:54 INFO  EnvironmentC8y Setup
14:13:55 INFO  Executed systemctl&lt;serv_mapper1&gt;, exit status 3
14:14:10 INFO  Executed sudo&lt;tedge_connect_c8y&gt;, exit status 0, duration 14 secs
14:14:12 INFO  Executed sudo&lt;tedge_connect_c8y_test&gt;, exit status 0
14:14:13 INFO  Executed systemctl&lt;serv_mosq2&gt;, exit status 0
14:14:13 INFO  Executed systemctl&lt;serv_mapper3&gt;, exit status 0
14:14:16 INFO  State of current operation: SUCCESSFUL
14:14:16 INFO  Assert that (False == value) with value=False ... passed
14:14:16 INFO  Executed sudo, exit status 0
14:14:17 INFO  Executed sudo, exit status 0
14:14:18 INFO  Executed sudo, exit status 0
14:14:21 INFO  Executed sudo&lt;tedge_disconnect_c8y&gt;, exit status 0
14:14:22 INFO  Restarting mosquitto too frequently in the last 10 seconds. It was only up for 4 seconds
14:14:22 INFO  Delaying execution by 7 seconds
14:14:43 INFO  Executed sudo&lt;tedge_connect_c8y&gt;, exit status 0, duration 14 secs
14:14:43 INFO  Response status: 201
14:14:43 INFO  Response to action: {
    "creationTime": "2022-04-21T14:14:43.376Z",
    "deviceName": "mythicc",
    "deviceId": "17556638",
    "self": "https://t493319102.eu-latest.cumulocity.com/devicecontrol/operations/17583768",
    "id": "17583768",
    "status": "PENDING",
    "description": "Apply software changes, triggered from PySys: [{'name': 'rolldice', 'id': '5152439', 'version': '::apt', 'url': 'https://thin-edge-io.eu-latest.cumulocity.com/inventory/binaries/12435463', 'action': 'install'}]",
    "c8y_SoftwareUpdate": [
        {
            "name": "rolldice",
            "action": "install",
            "id": "5152439",
            "version": "::apt",
            "url": "https://thin-edge-io.eu-latest.cumulocity.com/inventory/binaries/12435463"
        }
    ]
}
14:14:43 INFO  Started operation: {'creationTime': '2022-04-21T14:14:43.376Z', 'deviceName': 'mythicc', 'deviceId': '17556638', 'self': 'https://t493319102.eu-latest.cumulocity.com/devicecontrol/operations/17583768', 'id': '17583768', 'status': 'PENDING', 'description': "Apply software changes, triggered from PySys: [{'name': 'rolldice', 'id': '5152439', 'version': '::apt', 'url': 'https://thin-edge-io.eu-latest.cumulocity.com/inventory/binaries/12435463', 'action': 'install'}]", 'c8y_SoftwareUpdate': [{'name': 'rolldice', 'action': 'install', 'id': '5152439', 'version': '::apt', 'url': 'https://thin-edge-io.eu-latest.cumulocity.com/inventory/binaries/12435463'}]}
14:14:43 WARN  , retrying in 0.5 seconds...
14:14:43 WARN  , retrying in 0.5 seconds...
14:14:44 WARN  , retrying in 0.5 seconds...
14:14:44 WARN  , retrying in 0.5 seconds...
14:14:45 WARN  , retrying in 0.5 seconds...
14:14:45 WARN  , retrying in 0.5 seconds...
14:14:46 WARN  , retrying in 0.5 seconds...
14:14:47 WARN  , retrying in 0.5 seconds...
14:14:47 WARN  , retrying in 0.5 seconds...
14:14:48 WARN  AssertionError occurred while running test - 
Traceback (most recent call last):
  File "/home/pi/env-pysys/lib/python3.7/site-packages/pysys/baserunner.py", line 1294, in __call__
    self.testObj.execute()
  File "/home/pi/actions-runner/_work/thin-edge.io/thin-edge.io/tests/PySys/software_management_end_to_end/sm_apt_install_download_path/run.py", line 83, in execute
    assert_install_in_download_path(install_directory=self.DOWNLOAD_DIR)
  File "/home/pi/env-pysys/lib/python3.7/site-packages/decorator.py", line 232, in fun
    return caller(func, *(extras + args), **kw)
  File "/home/pi/env-pysys/lib/python3.7/site-packages/retry/api.py", line 74, in retry_decorator
    logger)
  File "/home/pi/env-pysys/lib/python3.7/site-packages/retry/api.py", line 33, in __retry_internal
    return f()
  File "/home/pi/actions-runner/_work/thin-edge.io/thin-edge.io/tests/PySys/software_management_end_to_end/sm_apt_install_download_path/run.py", line 28, in assert_install_in_download_path
    assert "rolldice" in os.listdir(f"{install_directory}")
AssertionError
14:14:48 WARN  AssertionError: ... blocked 
14:14:48 INFO  
14:14:48 INFO  cleanup:
14:14:49 INFO  Executed sudo, exit status 0
14:14:49 INFO  Executed sudo, exit status 0
14:14:54 INFO  Executed sudo&lt;tedge_disconnect_c8y&gt;, exit status 0
14:14:54 INFO  Restarting mosquitto too frequently in the last 10 seconds. It was only up for 3 seconds
14:14:54 INFO  Delaying execution by 8 seconds
14:15:16 INFO  Executed sudo&lt;tedge_connect_c8y&gt;, exit status 0, duration 14 secs
14:15:21 INFO  Executed sudo&lt;tedge_disconnect_c8y&gt;, exit status 0
14:15:21 INFO  Executed systemctl&lt;serv_mapper5&gt;, exit status 3
14:15:21 INFO  
14:15:21 INFO  Test duration: 87.25 secs
14:15:21 INFO  Test final outcome:  BLOCKED
14:15:21 INFO  Test outcome reason: AssertionError:
14:15:21 INFO  
</system-out>
	</testcase>
<testcase classname="AptInstallWithDownloadPath" name="SoftwareManagement.sm_apt_install_download_path">
		<failure message="BLOCKED: AssertionError:" type="BLOCKED" />
		<system-out>14:37:44 INFO  ==============================================================
14:37:44 INFO  Id:    SoftwareManagement.sm_apt_install_download_path
14:37:44 INFO  Dir:   software_management_end_to_end/
14:37:44 INFO  Title: Install package to directory specified in tedge config set tmp.path
14:37:44 INFO  ==============================================================
14:37:46 INFO  Using sw id database: {'asciijump': '5475369', 'robotfindskitten': '5474869', 'squirrel3': '5475279', 'rolldice': '5152439', 'moon-buggy': '5439204', 'apple': '5495053', 'banana': '5494888', 'cherry': '5495382', 'watermelon': '5494510', 'registry': '8018911', 'hello-world': '8021526', 'docker/getting-started': '8021973', 'alpine': '7991792'}
14:37:46 INFO  EnvironmentC8y Setup
14:37:46 INFO  Executed systemctl&lt;serv_mapper1&gt;, exit status 3
14:38:01 INFO  Executed sudo&lt;tedge_connect_c8y&gt;, exit status 0, duration 14 secs
14:38:01 INFO  Executed sudo&lt;tedge_connect_c8y_test&gt;, exit status 0
14:38:02 INFO  Executed systemctl&lt;serv_mosq2&gt;, exit status 0
14:38:02 INFO  Executed systemctl&lt;serv_mapper3&gt;, exit status 0
14:38:05 INFO  State of current operation: FAILED
14:38:05 INFO  Assert that (False == value) with value=False ... passed
14:38:06 INFO  Executed sudo, exit status 0
14:38:06 INFO  Executed sudo, exit status 0
14:38:07 INFO  Executed sudo, exit status 0
14:38:11 INFO  Executed sudo&lt;tedge_disconnect_c8y&gt;, exit status 0
14:38:11 INFO  Restarting mosquitto too frequently in the last 10 seconds. It was only up for 3 seconds
14:38:11 INFO  Delaying execution by 8 seconds
14:38:35 INFO  Executed sudo&lt;tedge_connect_c8y&gt;, exit status 0, duration 16 secs
14:38:36 INFO  Response status: 201
14:38:36 INFO  Response to action: {
    "creationTime": "2022-04-21T14:38:36.156Z",
    "deviceName": "mythicc",
    "deviceId": "17556638",
    "self": "https://t493319102.eu-latest.cumulocity.com/devicecontrol/operations/17588777",
    "id": "17588777",
    "status": "PENDING",
    "description": "Apply software changes, triggered from PySys: [{'name': 'rolldice', 'id': '5152439', 'version': '::apt', 'url': 'https://thin-edge-io.eu-latest.cumulocity.com/inventory/binaries/12435463', 'action': 'install'}]",
    "c8y_SoftwareUpdate": [
        {
            "name": "rolldice",
            "action": "install",
            "id": "5152439",
            "version": "::apt",
            "url": "https://thin-edge-io.eu-latest.cumulocity.com/inventory/binaries/12435463"
        }
    ]
}
14:38:36 INFO  Started operation: {'creationTime': '2022-04-21T14:38:36.156Z', 'deviceName': 'mythicc', 'deviceId': '17556638', 'self': 'https://t493319102.eu-latest.cumulocity.com/devicecontrol/operations/17588777', 'id': '17588777', 'status': 'PENDING', 'description': "Apply software changes, triggered from PySys: [{'name': 'rolldice', 'id': '5152439', 'version': '::apt', 'url': 'https://thin-edge-io.eu-latest.cumulocity.com/inventory/binaries/12435463', 'action': 'install'}]", 'c8y_SoftwareUpdate': [{'name': 'rolldice', 'action': 'install', 'id': '5152439', 'version': '::apt', 'url': 'https://thin-edge-io.eu-latest.cumulocity.com/inventory/binaries/12435463'}]}
14:38:36 WARN  , retrying in 0.5 seconds...
14:38:36 WARN  , retrying in 0.5 seconds...
14:38:37 WARN  , retrying in 0.5 seconds...
14:38:37 WARN  , retrying in 0.5 seconds...
14:38:38 WARN  , retrying in 0.5 seconds...
14:38:38 WARN  , retrying in 0.5 seconds...
14:38:39 WARN  , retrying in 0.5 seconds...
14:38:39 WARN  , retrying in 0.5 seconds...
14:38:40 WARN  , retrying in 0.5 seconds...
14:38:40 WARN  AssertionError occurred while running test - 
Traceback (most recent call last):
  File "/home/pi/env-pysys/lib/python3.7/site-packages/pysys/baserunner.py", line 1294, in __call__
    self.testObj.execute()
  File "/home/pi/actions-runner/_work/thin-edge.io/thin-edge.io/tests/PySys/software_management_end_to_end/sm_apt_install_download_path/run.py", line 83, in execute
    assert_install_in_download_path(install_directory=self.DOWNLOAD_DIR)
  File "/home/pi/env-pysys/lib/python3.7/site-packages/decorator.py", line 232, in fun
    return caller(func, *(extras + args), **kw)
  File "/home/pi/env-pysys/lib/python3.7/site-packages/retry/api.py", line 74, in retry_decorator
    logger)
  File "/home/pi/env-pysys/lib/python3.7/site-packages/retry/api.py", line 33, in __retry_internal
    return f()
  File "/home/pi/actions-runner/_work/thin-edge.io/thin-edge.io/tests/PySys/software_management_end_to_end/sm_apt_install_download_path/run.py", line 28, in assert_install_in_download_path
    assert "rolldice" in os.listdir(f"{install_directory}")
AssertionError
14:38:40 WARN  AssertionError: ... blocked 
14:38:40 INFO  
14:38:40 INFO  cleanup:
14:38:41 INFO  Executed sudo, exit status 0
14:38:41 INFO  Executed sudo, exit status 0
14:38:46 INFO  Executed sudo&lt;tedge_disconnect_c8y&gt;, exit status 0
14:38:46 INFO  Restarting mosquitto too frequently in the last 10 seconds. It was only up for 4 seconds
14:38:46 INFO  Delaying execution by 7 seconds
14:39:08 INFO  Executed sudo&lt;tedge_connect_c8y&gt;, exit status 0, duration 14 secs
14:39:12 INFO  Executed sudo&lt;tedge_disconnect_c8y&gt;, exit status 0
14:39:13 INFO  Executed systemctl&lt;serv_mapper5&gt;, exit status 3
14:39:13 INFO  
14:39:13 INFO  Test duration: 88.52 secs
14:39:13 INFO  Test final outcome:  BLOCKED
14:39:13 INFO  Test outcome reason: AssertionError:
14:39:13 INFO  
</system-out>
	</testcase>
</testsuite><testsuite name="SoftwareManagement.sm_apt_install_fail" tests="3" errors="0" failures="0" skipped="1" time="0"><testcase classname="PySysTest" name="SoftwareManagement.sm_apt_install_fail">
		<skipped message="SKIPPED: Testing the apt plugin is not supported on this platform.Use parameter -XmyPlatform='container' to enable it" />
		<system-out>13:48:29 INFO  ==============================================================
13:48:29 INFO  Id:    SoftwareManagement.sm_apt_install_fail
13:48:29 INFO  Dir:   software_management_end_to_end/
13:48:29 INFO  Title: Validate end to end behaviour for a failing installation
13:48:29 INFO  ==============================================================
13:48:29 INFO  Testing the apt plugin is not supported on this platform.Use parameter -XmyPlatform='container' to enable it ... skipped
13:48:29 WARN  Aborted test due to SKIPPED outcome
13:48:29 INFO  
13:48:29 INFO  Test duration: 0.02 secs
13:48:29 INFO  Test final outcome:  SKIPPED
13:48:29 INFO  Test outcome reason: Testing the apt plugin is not supported on this platform.Use parameter -XmyPlatform='container' to enable it
13:48:29 INFO  
</system-out>
	</testcase>
<testcase classname="PySysTest" name="SoftwareManagement.sm_apt_install_fail" />
<testcase classname="PySysTest" name="SoftwareManagement.sm_apt_install_fail" />
</testsuite><testsuite name="SoftwareManagement.sm_apt_install_remove" tests="3" errors="0" failures="0" skipped="1" time="0"><testcase classname="PySysTest" name="SoftwareManagement.sm_apt_install_remove">
		<skipped message="SKIPPED: Testing the apt plugin is not supported on this platform.Use parameter -XmyPlatform='container' to enable it" />
		<system-out>13:48:29 INFO  ==============================================================
13:48:29 INFO  Id:    SoftwareManagement.sm_apt_install_remove
13:48:29 INFO  Dir:   software_management_end_to_end/
13:48:29 INFO  Title: Validate end to end behaviour for the apt plugin for installation and removal of packages
13:48:29 INFO  ==============================================================
13:48:29 INFO  Testing the apt plugin is not supported on this platform.Use parameter -XmyPlatform='container' to enable it ... skipped
13:48:29 WARN  Aborted test due to SKIPPED outcome
13:48:29 INFO  
13:48:29 INFO  Test duration: 0.02 secs
13:48:29 INFO  Test final outcome:  SKIPPED
13:48:29 INFO  Test outcome reason: Testing the apt plugin is not supported on this platform.Use parameter -XmyPlatform='container' to enable it
13:48:29 INFO  
</system-out>
	</testcase>
<testcase classname="PySysTest" name="SoftwareManagement.sm_apt_install_remove" />
<testcase classname="PySysTest" name="SoftwareManagement.sm_apt_install_remove" />
</testsuite><testsuite name="SoftwareManagement.sm_apt_install_remove_default" tests="3" errors="0" failures="0" skipped="1" time="0"><testcase classname="PySysTest" name="SoftwareManagement.sm_apt_install_remove_default">
		<skipped message="SKIPPED: Testing the apt plugin is not supported on this platform.Use parameter -XmyPlatform='container' to enable it" />
		<system-out>13:48:30 INFO  ==============================================================
13:48:30 INFO  Id:    SoftwareManagement.sm_apt_install_remove_default
13:48:30 INFO  Dir:   software_management_end_to_end/
13:48:30 INFO  Title: Validate end to end behaviour for the default plugin for installation and removal of packages
13:48:30 INFO  ==============================================================
13:48:30 INFO  Testing the apt plugin is not supported on this platform.Use parameter -XmyPlatform='container' to enable it ... skipped
13:48:30 WARN  Aborted test due to SKIPPED outcome
13:48:30 INFO  
13:48:30 INFO  Test duration: 0.02 secs
13:48:30 INFO  Test final outcome:  SKIPPED
13:48:30 INFO  Test outcome reason: Testing the apt plugin is not supported on this platform.Use parameter -XmyPlatform='container' to enable it
13:48:30 INFO  
</system-out>
	</testcase>
<testcase classname="PySysTest" name="SoftwareManagement.sm_apt_install_remove_default" />
<testcase classname="PySysTest" name="SoftwareManagement.sm_apt_install_remove_default" />
</testsuite><testsuite name="SoftwareManagement.sm_apt_install_remove_multiple" tests="3" errors="0" failures="2" skipped="1" time="0"><testcase classname="PySysTest" name="SoftwareManagement.sm_apt_install_remove_multiple">
		<skipped message="SKIPPED: Testing the apt plugin is not supported on this platform.Use parameter -XmyPlatform='container' to enable it" />
		<system-out>13:48:30 INFO  ==============================================================
13:48:30 INFO  Id:    SoftwareManagement.sm_apt_install_remove_multiple
13:48:30 INFO  Dir:   software_management_end_to_end/
13:48:30 INFO  Title: Validate end to end behaviour for the apt plugin for multiple packages
13:48:30 INFO  ==============================================================
13:48:30 INFO  Testing the apt plugin is not supported on this platform.Use parameter -XmyPlatform='container' to enable it ... skipped
13:48:30 WARN  Aborted test due to SKIPPED outcome
13:48:30 INFO  
13:48:30 INFO  Test duration: 0.02 secs
13:48:30 INFO  Test final outcome:  SKIPPED
13:48:30 INFO  Test outcome reason: Testing the apt plugin is not supported on this platform.Use parameter -XmyPlatform='container' to enable it
13:48:30 INFO  
</system-out>
	</testcase>
<testcase classname="PySysTest" name="SoftwareManagement.sm_apt_install_remove_multiple">
		<failure message="FAILED: Assert that (False == value) with value=True" type="FAILED" />
		<system-out>14:22:30 INFO  ==============================================================
14:22:30 INFO  Id:    SoftwareManagement.sm_apt_install_remove_multiple
14:22:30 INFO  Dir:   software_management_end_to_end/
14:22:30 INFO  Title: Validate end to end behaviour for the apt plugin for multiple packages
14:22:30 INFO  ==============================================================
14:22:30 INFO  Using sw id database: {'asciijump': '5475369', 'robotfindskitten': '5474869', 'squirrel3': '5475279', 'rolldice': '5152439', 'moon-buggy': '5439204', 'apple': '5495053', 'banana': '5494888', 'cherry': '5495382', 'watermelon': '5494510', 'registry': '8018911', 'hello-world': '8021526', 'docker/getting-started': '8021973', 'alpine': '7991792'}
14:22:30 INFO  EnvironmentC8y Setup
14:22:31 INFO  Executed systemctl&lt;serv_mapper1&gt;, exit status 3
14:22:31 INFO  Restarting mosquitto too frequently in the last 10 seconds. It was only up for 4 seconds
14:22:31 INFO  Delaying execution by 7 seconds
14:22:53 INFO  Executed sudo&lt;tedge_connect_c8y&gt;, exit status 0, duration 14 secs
14:22:53 INFO  Executed sudo&lt;tedge_connect_c8y_test&gt;, exit status 0
14:22:54 INFO  Executed systemctl&lt;serv_mosq2&gt;, exit status 0
14:22:54 INFO  Executed systemctl&lt;serv_mapper3&gt;, exit status 0
14:22:56 INFO  State of current operation: SUCCESSFUL
14:22:57 INFO  Assert that (False == value) with value=False ... passed
14:22:57 INFO  Assert that (False == value) with value=False ... passed
14:22:57 INFO  Assert that (False == value) with value=False ... passed
14:22:57 INFO  Package robotfindskitten is installed
14:22:57 WARN  Assert that (False == value) with value=True ... failed 
14:22:58 INFO  Response status: 201
14:22:58 INFO  Response to action: {
    "creationTime": "2022-04-21T14:22:58.049Z",
    "deviceName": "mythicc",
    "deviceId": "17556638",
    "self": "https://t493319102.eu-latest.cumulocity.com/devicecontrol/operations/17588672",
    "id": "17588672",
    "status": "PENDING",
    "description": "Apply software changes, triggered from PySys: [{'action': 'install', 'id': '5475369', 'name': 'asciijump', 'url': ' ', 'version': '::apt'}, {'action': 'install', 'id': '5474869', 'name': 'robotfindskitten', 'url': ' ', 'version': '::apt'}, {'action': 'install', 'id': '5475279', 'name': 'squirrel3', 'url': ' ', 'version': '::apt'}]",
    "c8y_SoftwareUpdate": [
        {
            "name": "asciijump",
            "action": "install",
            "id": "5475369",
            "version": "::apt",
            "url": " "
        },
        {
            "name": "robotfindskitten",
            "action": "install",
            "id": "5474869",
            "version": "::apt",
            "url": " "
        },
        {
            "name": "squirrel3",
            "action": "install",
            "id": "5475279",
            "version": "::apt",
            "url": " "
        }
    ]
}
14:22:58 INFO  Started operation: {'creationTime': '2022-04-21T14:22:58.049Z', 'deviceName': 'mythicc', 'deviceId': '17556638', 'self': 'https://t493319102.eu-latest.cumulocity.com/devicecontrol/operations/17588672', 'id': '17588672', 'status': 'PENDING', 'description': "Apply software changes, triggered from PySys: [{'action': 'install', 'id': '5475369', 'name': 'asciijump', 'url': ' ', 'version': '::apt'}, {'action': 'install', 'id': '5474869', 'name': 'robotfindskitten', 'url': ' ', 'version': '::apt'}, {'action': 'install', 'id': '5475279', 'name': 'squirrel3', 'url': ' ', 'version': '::apt'}]", 'c8y_SoftwareUpdate': [{'name': 'asciijump', 'action': 'install', 'id': '5475369', 'version': '::apt', 'url': ' '}, {'name': 'robotfindskitten', 'action': 'install', 'id': '5474869', 'version': '::apt', 'url': ' '}, {'name': 'squirrel3', 'action': 'install', 'id': '5475279', 'version': '::apt', 'url': ' '}]}
14:23:00 INFO  State of operation 17588672 : PENDING
14:23:02 INFO  State of operation 17588672 : EXECUTING
14:23:04 INFO  State of operation 17588672 : EXECUTING
14:23:06 INFO  State of operation 17588672 : EXECUTING
14:23:09 INFO  State of operation 17588672 : EXECUTING
14:23:11 INFO  State of operation 17588672 : EXECUTING
14:23:14 INFO  State of operation 17588672 : EXECUTING
14:23:17 INFO  State of operation 17588672 : EXECUTING
14:23:19 INFO  State of operation 17588672 : EXECUTING
14:23:22 INFO  State of operation 17588672 : EXECUTING
14:23:24 INFO  State of operation 17588672 : EXECUTING
14:23:26 INFO  State of operation 17588672 : EXECUTING
14:23:29 INFO  State of operation 17588672 : EXECUTING
14:23:31 INFO  State of operation 17588672 : EXECUTING
14:23:33 INFO  State of operation 17588672 : EXECUTING
14:23:35 INFO  State of operation 17588672 : EXECUTING
14:23:38 INFO  State of operation 17588672 : EXECUTING
14:23:40 INFO  State of operation 17588672 : EXECUTING
14:23:43 INFO  State of operation 17588672 : EXECUTING
14:23:45 INFO  State of operation 17588672 : EXECUTING
14:23:48 INFO  State of operation 17588672 : EXECUTING
14:23:50 INFO  State of operation 17588672 : EXECUTING
14:23:53 INFO  State of operation 17588672 : EXECUTING
14:23:55 INFO  State of operation 17588672 : EXECUTING
14:23:58 INFO  State of operation 17588672 : EXECUTING
14:24:00 INFO  State of operation 17588672 : EXECUTING
14:24:02 INFO  State of operation 17588672 : EXECUTING
14:24:05 INFO  State of operation 17588672 : EXECUTING
14:24:07 INFO  State of operation 17588672 : EXECUTING
14:24:10 INFO  State of operation 17588672 : EXECUTING
14:24:12 INFO  State of operation 17588672 : EXECUTING
14:24:14 INFO  State of operation 17588672 : EXECUTING
14:24:17 INFO  State of operation 17588672 : EXECUTING
14:24:19 INFO  State of operation 17588672 : EXECUTING
14:24:21 INFO  State of operation 17588672 : EXECUTING
14:24:23 INFO  State of operation 17588672 : SUCCESSFUL
14:24:23 INFO  Assert that (False == value) with value=False ... passed
14:24:24 INFO  Package asciijump is installed
14:24:24 INFO  Assert that (True == value) with value=True ... passed
14:24:24 INFO  Package squirrel3 is installed
14:24:24 INFO  Assert that (True == value) with value=True ... passed
14:24:24 INFO  Package robotfindskitten is installed
14:24:24 INFO  Assert that (True == value) with value=True ... passed
14:24:24 INFO  Response status: 201
14:24:24 INFO  Response to action: {
    "creationTime": "2022-04-21T14:24:24.840Z",
    "deviceName": "mythicc",
    "deviceId": "17556638",
    "self": "https://t493319102.eu-latest.cumulocity.com/devicecontrol/operations/17588680",
    "id": "17588680",
    "status": "PENDING",
    "description": "Apply software changes, triggered from PySys: [{'action': 'delete', 'id': '5475369', 'name': 'asciijump', 'url': ' ', 'version': '::apt'}, {'action': 'delete', 'id': '5474869', 'name': 'robotfindskitten', 'url': ' ', 'version': '::apt'}, {'action': 'delete', 'id': '5475279', 'name': 'squirrel3', 'url': ' ', 'version': '::apt'}]",
    "c8y_SoftwareUpdate": [
        {
            "name": "asciijump",
            "action": "delete",
            "id": "5475369",
            "version": "::apt",
            "url": " "
        },
        {
            "name": "robotfindskitten",
            "action": "delete",
            "id": "5474869",
            "version": "::apt",
            "url": " "
        },
        {
            "name": "squirrel3",
            "action": "delete",
            "id": "5475279",
            "version": "::apt",
            "url": " "
        }
    ]
}
14:24:24 INFO  Started operation: {'creationTime': '2022-04-21T14:24:24.840Z', 'deviceName': 'mythicc', 'deviceId': '17556638', 'self': 'https://t493319102.eu-latest.cumulocity.com/devicecontrol/operations/17588680', 'id': '17588680', 'status': 'PENDING', 'description': "Apply software changes, triggered from PySys: [{'action': 'delete', 'id': '5475369', 'name': 'asciijump', 'url': ' ', 'version': '::apt'}, {'action': 'delete', 'id': '5474869', 'name': 'robotfindskitten', 'url': ' ', 'version': '::apt'}, {'action': 'delete', 'id': '5475279', 'name': 'squirrel3', 'url': ' ', 'version': '::apt'}]", 'c8y_SoftwareUpdate': [{'name': 'asciijump', 'action': 'delete', 'id': '5475369', 'version': '::apt', 'url': ' '}, {'name': 'robotfindskitten', 'action': 'delete', 'id': '5474869', 'version': '::apt', 'url': ' '}, {'name': 'squirrel3', 'action': 'delete', 'id': '5475279', 'version': '::apt', 'url': ' '}]}
14:24:27 INFO  State of operation 17588680 : PENDING
14:24:29 INFO  State of operation 17588680 : EXECUTING
14:24:31 INFO  State of operation 17588680 : EXECUTING
14:24:33 INFO  State of operation 17588680 : EXECUTING
14:24:36 INFO  State of operation 17588680 : EXECUTING
14:24:38 INFO  State of operation 17588680 : EXECUTING
14:24:41 INFO  State of operation 17588680 : EXECUTING
14:24:43 INFO  State of operation 17588680 : EXECUTING
14:24:45 INFO  State of operation 17588680 : EXECUTING
14:24:48 INFO  State of operation 17588680 : EXECUTING
14:24:50 INFO  State of operation 17588680 : EXECUTING
14:24:52 INFO  State of operation 17588680 : EXECUTING
14:24:55 INFO  State of operation 17588680 : EXECUTING
14:24:57 INFO  State of operation 17588680 : EXECUTING
14:24:59 INFO  State of operation 17588680 : EXECUTING
14:25:02 INFO  State of operation 17588680 : EXECUTING
14:25:04 INFO  State of operation 17588680 : EXECUTING
14:25:07 INFO  State of operation 17588680 : EXECUTING
14:25:09 INFO  State of operation 17588680 : EXECUTING
14:25:12 INFO  State of operation 17588680 : EXECUTING
14:25:14 INFO  State of operation 17588680 : EXECUTING
14:25:16 INFO  State of operation 17588680 : EXECUTING
14:25:18 INFO  State of operation 17588680 : EXECUTING
14:25:21 INFO  State of operation 17588680 : EXECUTING
14:25:23 INFO  State of operation 17588680 : EXECUTING
14:25:26 INFO  State of operation 17588680 : EXECUTING
14:25:28 INFO  State of operation 17588680 : EXECUTING
14:25:31 INFO  State of operation 17588680 : EXECUTING
14:25:33 INFO  State of operation 17588680 : EXECUTING
14:25:35 INFO  State of operation 17588680 : SUCCESSFUL
14:25:35 INFO  Assert that (False == value) with value=False ... passed
14:25:36 INFO  Assert that (False == value) with value=False ... passed
14:25:36 INFO  Assert that (False == value) with value=False ... passed
14:25:36 INFO  Assert that (False == value) with value=False ... passed
14:25:36 INFO  
14:25:36 INFO  cleanup:
14:25:40 INFO  Executed sudo&lt;tedge_disconnect_c8y&gt;, exit status 0
14:25:41 INFO  Executed systemctl&lt;serv_mapper5&gt;, exit status 3
14:25:41 INFO  
14:25:41 INFO  Test duration: 190.64 secs
14:25:41 INFO  Test final outcome:  FAILED
14:25:41 INFO  Test outcome reason: Assert that (False == value) with value=True
14:25:41 INFO  
</system-out>
	</testcase>
<testcase classname="PySysTest" name="SoftwareManagement.sm_apt_install_remove_multiple">
		<failure message="FAILED: Assert that (False == value) with value=True (+2 other failures)" type="FAILED" />
		<system-out>14:45:59 INFO  ==============================================================
14:45:59 INFO  Id:    SoftwareManagement.sm_apt_install_remove_multiple
14:45:59 INFO  Dir:   software_management_end_to_end/
14:45:59 INFO  Title: Validate end to end behaviour for the apt plugin for multiple packages
14:45:59 INFO  ==============================================================
14:45:59 INFO  Using sw id database: {'asciijump': '5475369', 'robotfindskitten': '5474869', 'squirrel3': '5475279', 'rolldice': '5152439', 'moon-buggy': '5439204', 'apple': '5495053', 'banana': '5494888', 'cherry': '5495382', 'watermelon': '5494510', 'registry': '8018911', 'hello-world': '8021526', 'docker/getting-started': '8021973', 'alpine': '7991792'}
14:45:59 INFO  EnvironmentC8y Setup
14:46:00 INFO  Executed systemctl&lt;serv_mapper1&gt;, exit status 3
14:46:00 INFO  Restarting mosquitto too frequently in the last 10 seconds. It was only up for 5 seconds
14:46:00 INFO  Delaying execution by 6 seconds
14:46:20 INFO  Executed sudo&lt;tedge_connect_c8y&gt;, exit status 0, duration 14 secs
14:46:21 INFO  Executed sudo&lt;tedge_connect_c8y_test&gt;, exit status 0
14:46:22 INFO  Executed systemctl&lt;serv_mosq2&gt;, exit status 0
14:46:22 INFO  Executed systemctl&lt;serv_mapper3&gt;, exit status 0
14:46:24 INFO  State of current operation: SUCCESSFUL
14:46:25 INFO  Assert that (False == value) with value=False ... passed
14:46:25 INFO  Package asciijump is installed
14:46:25 WARN  Assert that (False == value) with value=True ... failed 
14:46:26 INFO  Package squirrel3 is installed
14:46:26 WARN  Assert that (False == value) with value=True ... failed 
14:46:26 INFO  Package robotfindskitten is installed
14:46:26 WARN  Assert that (False == value) with value=True ... failed 
14:46:26 INFO  Response status: 201
14:46:26 INFO  Response to action: {
    "creationTime": "2022-04-21T14:46:26.639Z",
    "deviceName": "mythicc",
    "deviceId": "17556638",
    "self": "https://t493319102.eu-latest.cumulocity.com/devicecontrol/operations/17588851",
    "id": "17588851",
    "status": "PENDING",
    "description": "Apply software changes, triggered from PySys: [{'action': 'install', 'id': '5475369', 'name': 'asciijump', 'url': ' ', 'version': '::apt'}, {'action': 'install', 'id': '5474869', 'name': 'robotfindskitten', 'url': ' ', 'version': '::apt'}, {'action': 'install', 'id': '5475279', 'name': 'squirrel3', 'url': ' ', 'version': '::apt'}]",
    "c8y_SoftwareUpdate": [
        {
            "name": "asciijump",
            "action": "install",
            "id": "5475369",
            "version": "::apt",
            "url": " "
        },
        {
            "name": "robotfindskitten",
            "action": "install",
            "id": "5474869",
            "version": "::apt",
            "url": " "
        },
        {
            "name": "squirrel3",
            "action": "install",
            "id": "5475279",
            "version": "::apt",
            "url": " "
        }
    ]
}
14:46:26 INFO  Started operation: {'creationTime': '2022-04-21T14:46:26.639Z', 'deviceName': 'mythicc', 'deviceId': '17556638', 'self': 'https://t493319102.eu-latest.cumulocity.com/devicecontrol/operations/17588851', 'id': '17588851', 'status': 'PENDING', 'description': "Apply software changes, triggered from PySys: [{'action': 'install', 'id': '5475369', 'name': 'asciijump', 'url': ' ', 'version': '::apt'}, {'action': 'install', 'id': '5474869', 'name': 'robotfindskitten', 'url': ' ', 'version': '::apt'}, {'action': 'install', 'id': '5475279', 'name': 'squirrel3', 'url': ' ', 'version': '::apt'}]", 'c8y_SoftwareUpdate': [{'name': 'asciijump', 'action': 'install', 'id': '5475369', 'version': '::apt', 'url': ' '}, {'name': 'robotfindskitten', 'action': 'install', 'id': '5474869', 'version': '::apt', 'url': ' '}, {'name': 'squirrel3', 'action': 'install', 'id': '5475279', 'version': '::apt', 'url': ' '}]}
14:46:28 INFO  State of operation 17588851 : PENDING
14:46:31 INFO  State of operation 17588851 : EXECUTING
14:46:33 INFO  State of operation 17588851 : EXECUTING
14:46:35 INFO  State of operation 17588851 : EXECUTING
14:46:37 INFO  State of operation 17588851 : EXECUTING
14:46:40 INFO  State of operation 17588851 : EXECUTING
14:46:43 INFO  State of operation 17588851 : EXECUTING
14:46:46 INFO  State of operation 17588851 : EXECUTING
14:46:48 INFO  State of operation 17588851 : EXECUTING
14:46:51 INFO  State of operation 17588851 : EXECUTING
14:46:53 INFO  State of operation 17588851 : EXECUTING
14:46:55 INFO  State of operation 17588851 : EXECUTING
14:46:57 INFO  State of operation 17588851 : EXECUTING
14:47:00 INFO  State of operation 17588851 : EXECUTING
14:47:02 INFO  State of operation 17588851 : EXECUTING
14:47:04 INFO  State of operation 17588851 : SUCCESSFUL
14:47:04 INFO  Assert that (False == value) with value=False ... passed
14:47:04 INFO  Package asciijump is installed
14:47:04 INFO  Assert that (True == value) with value=True ... passed
14:47:05 INFO  Package squirrel3 is installed
14:47:05 INFO  Assert that (True == value) with value=True ... passed
14:47:05 INFO  Package robotfindskitten is installed
14:47:05 INFO  Assert that (True == value) with value=True ... passed
14:47:06 INFO  Response status: 201
14:47:06 INFO  Response to action: {
    "creationTime": "2022-04-21T14:47:05.987Z",
    "deviceName": "mythicc",
    "deviceId": "17556638",
    "self": "https://t493319102.eu-latest.cumulocity.com/devicecontrol/operations/17588859",
    "id": "17588859",
    "status": "PENDING",
    "description": "Apply software changes, triggered from PySys: [{'action': 'delete', 'id': '5475369', 'name': 'asciijump', 'url': ' ', 'version': '::apt'}, {'action': 'delete', 'id': '5474869', 'name': 'robotfindskitten', 'url': ' ', 'version': '::apt'}, {'action': 'delete', 'id': '5475279', 'name': 'squirrel3', 'url': ' ', 'version': '::apt'}]",
    "c8y_SoftwareUpdate": [
        {
            "name": "asciijump",
            "action": "delete",
            "id": "5475369",
            "version": "::apt",
            "url": " "
        },
        {
            "name": "robotfindskitten",
            "action": "delete",
            "id": "5474869",
            "version": "::apt",
            "url": " "
        },
        {
            "name": "squirrel3",
            "action": "delete",
            "id": "5475279",
            "version": "::apt",
            "url": " "
        }
    ]
}
14:47:06 INFO  Started operation: {'creationTime': '2022-04-21T14:47:05.987Z', 'deviceName': 'mythicc', 'deviceId': '17556638', 'self': 'https://t493319102.eu-latest.cumulocity.com/devicecontrol/operations/17588859', 'id': '17588859', 'status': 'PENDING', 'description': "Apply software changes, triggered from PySys: [{'action': 'delete', 'id': '5475369', 'name': 'asciijump', 'url': ' ', 'version': '::apt'}, {'action': 'delete', 'id': '5474869', 'name': 'robotfindskitten', 'url': ' ', 'version': '::apt'}, {'action': 'delete', 'id': '5475279', 'name': 'squirrel3', 'url': ' ', 'version': '::apt'}]", 'c8y_SoftwareUpdate': [{'name': 'asciijump', 'action': 'delete', 'id': '5475369', 'version': '::apt', 'url': ' '}, {'name': 'robotfindskitten', 'action': 'delete', 'id': '5474869', 'version': '::apt', 'url': ' '}, {'name': 'squirrel3', 'action': 'delete', 'id': '5475279', 'version': '::apt', 'url': ' '}]}
14:47:08 INFO  State of operation 17588859 : PENDING
14:47:10 INFO  State of operation 17588859 : EXECUTING
14:47:12 INFO  State of operation 17588859 : EXECUTING
14:47:14 INFO  State of operation 17588859 : EXECUTING
14:47:17 INFO  State of operation 17588859 : EXECUTING
14:47:19 INFO  State of operation 17588859 : EXECUTING
14:47:22 INFO  State of operation 17588859 : EXECUTING
14:47:24 INFO  State of operation 17588859 : EXECUTING
14:47:27 INFO  State of operation 17588859 : EXECUTING
14:47:29 INFO  State of operation 17588859 : EXECUTING
14:47:31 INFO  State of operation 17588859 : EXECUTING
14:47:33 INFO  State of operation 17588859 : EXECUTING
14:47:36 INFO  State of operation 17588859 : EXECUTING
14:47:38 INFO  State of operation 17588859 : EXECUTING
14:47:40 INFO  State of operation 17588859 : EXECUTING
14:47:42 INFO  State of operation 17588859 : EXECUTING
14:47:45 INFO  State of operation 17588859 : EXECUTING
14:47:47 INFO  State of operation 17588859 : EXECUTING
14:47:50 INFO  State of operation 17588859 : EXECUTING
14:47:52 INFO  State of operation 17588859 : EXECUTING
14:47:55 INFO  State of operation 17588859 : EXECUTING
14:47:57 INFO  State of operation 17588859 : EXECUTING
14:47:59 INFO  State of operation 17588859 : EXECUTING
14:48:01 INFO  State of operation 17588859 : EXECUTING
14:48:03 INFO  State of operation 17588859 : EXECUTING
14:48:06 INFO  State of operation 17588859 : EXECUTING
14:48:08 INFO  State of operation 17588859 : EXECUTING
14:48:11 INFO  State of operation 17588859 : EXECUTING
14:48:13 INFO  State of operation 17588859 : EXECUTING
14:48:15 INFO  State of operation 17588859 : SUCCESSFUL
14:48:15 INFO  Assert that (False == value) with value=False ... passed
14:48:16 INFO  Assert that (False == value) with value=False ... passed
14:48:16 INFO  Assert that (False == value) with value=False ... passed
14:48:16 INFO  Assert that (False == value) with value=False ... passed
14:48:16 INFO  
14:48:16 INFO  cleanup:
14:48:20 INFO  Executed sudo&lt;tedge_disconnect_c8y&gt;, exit status 0
14:48:21 INFO  Executed systemctl&lt;serv_mapper5&gt;, exit status 3
14:48:21 INFO  
14:48:21 INFO  Test duration: 141.99 secs
14:48:21 INFO  Test final outcome:  FAILED
14:48:21 INFO  Test outcome reason: Assert that (False == value) with value=True (+2 other failures)
14:48:21 INFO  
</system-out>
	</testcase>
</testsuite><testsuite name="SoftwareManagement.sm_apt_install_remove_multiple_mixed" tests="3" errors="0" failures="2" skipped="1" time="0"><testcase classname="PySysTest" name="SoftwareManagement.sm_apt_install_remove_multiple_mixed">
		<skipped message="SKIPPED: Testing the apt plugin is not supported on this platform.Use parameter -XmyPlatform='container' to enable it" />
		<system-out>13:48:30 INFO  ==============================================================
13:48:30 INFO  Id:    SoftwareManagement.sm_apt_install_remove_multiple_mixed
13:48:30 INFO  Dir:   software_management_end_to_end/
13:48:30 INFO  Title: Validate end to end behaviour for the apt plugin for multiple packages with mixed versions
13:48:30 INFO  ==============================================================
13:48:30 INFO  Testing the apt plugin is not supported on this platform.Use parameter -XmyPlatform='container' to enable it ... skipped
13:48:30 WARN  Aborted test due to SKIPPED outcome
13:48:30 INFO  
13:48:30 INFO  Test duration: 0.02 secs
13:48:30 INFO  Test final outcome:  SKIPPED
13:48:30 INFO  Test outcome reason: Testing the apt plugin is not supported on this platform.Use parameter -XmyPlatform='container' to enable it
13:48:30 INFO  
</system-out>
	</testcase>
<testcase classname="PySysTest" name="SoftwareManagement.sm_apt_install_remove_multiple_mixed">
		<failure message="BLOCKED: SystemError: Timeout while waiting for status SUCCESSFUL or False" type="BLOCKED" />
		<system-out>14:25:41 INFO  ==============================================================
14:25:41 INFO  Id:    SoftwareManagement.sm_apt_install_remove_multiple_mixed
14:25:41 INFO  Dir:   software_management_end_to_end/
14:25:41 INFO  Title: Validate end to end behaviour for the apt plugin for multiple packages with mixed versions
14:25:41 INFO  ==============================================================
14:25:41 INFO  Using sw id database: {'asciijump': '5475369', 'robotfindskitten': '5474869', 'squirrel3': '5475279', 'rolldice': '5152439', 'moon-buggy': '5439204', 'apple': '5495053', 'banana': '5494888', 'cherry': '5495382', 'watermelon': '5494510', 'registry': '8018911', 'hello-world': '8021526', 'docker/getting-started': '8021973', 'alpine': '7991792'}
14:25:41 INFO  EnvironmentC8y Setup
14:25:42 INFO  Executed systemctl&lt;serv_mapper1&gt;, exit status 3
14:25:42 INFO  Restarting mosquitto too frequently in the last 10 seconds. It was only up for 5 seconds
14:25:42 INFO  Delaying execution by 6 seconds
14:26:02 INFO  Executed sudo&lt;tedge_connect_c8y&gt;, exit status 0, duration 14 secs
14:26:03 INFO  Executed sudo&lt;tedge_connect_c8y_test&gt;, exit status 0
14:26:03 INFO  Executed systemctl&lt;serv_mosq2&gt;, exit status 0
14:26:04 INFO  Executed systemctl&lt;serv_mapper3&gt;, exit status 0
14:26:06 INFO  State of current operation: SUCCESSFUL
14:26:06 INFO  Assert that (False == value) with value=False ... passed
14:26:06 INFO  Assert that (False == value) with value=False ... passed
14:26:06 INFO  Assert that (False == value) with value=False ... passed
14:26:07 INFO  Assert that (False == value) with value=False ... passed
14:26:07 INFO  Assert that (False == value) with value=False ... passed
14:26:08 INFO  Response status: 201
14:26:08 INFO  Response to action: {
    "creationTime": "2022-04-21T14:26:08.549Z",
    "deviceName": "mythicc",
    "deviceId": "17556638",
    "self": "https://t493319102.eu-latest.cumulocity.com/devicecontrol/operations/17588688",
    "id": "17588688",
    "status": "PENDING",
    "description": "Apply software changes, triggered from PySys: [{'action': 'install', 'id': '5475369', 'name': 'asciijump', 'url': ' ', 'version': '::apt'}, {'action': 'install', 'id': '5474869', 'name': 'robotfindskitten', 'url': ' ', 'version': ' '}, {'action': 'install', 'id': '5475279', 'name': 'squirrel3', 'url': ' ', 'version': '3.1-7::apt'}, {'action': 'install', 'id': '5152439', 'name': 'rolldice', 'url': ' ', 'version': '1.16-1+b1'}, {'action': 'install', 'id': '5439204', 'name': 'moon-buggy', 'url': ' ', 'version': '1:1.0.51-12'}, {'action': 'install', 'id': '5475369', 'name': 'asciijump', 'url': ' ', 'version': '::apt'}]",
    "c8y_SoftwareUpdate": [
        {
            "name": "asciijump",
            "action": "install",
            "id": "5475369",
            "version": "::apt",
            "url": " "
        },
        {
            "name": "robotfindskitten",
            "action": "install",
            "id": "5474869",
            "version": " ",
            "url": " "
        },
        {
            "name": "squirrel3",
            "action": "install",
            "id": "5475279",
            "version": "3.1-7::apt",
            "url": " "
        },
        {
            "name": "rolldice",
            "action": "install",
            "id": "5152439",
            "version": "1.16-1+b1",
            "url": " "
        },
        {
            "name": "moon-buggy",
            "action": "install",
            "id": "5439204",
            "version": "1:1.0.51-12",
            "url": " "
        },
        {
            "name": "asciijump",
            "action": "install",
            "id": "5475369",
            "version": "::apt",
            "url": " "
        }
    ]
}
14:26:08 INFO  Started operation: {'creationTime': '2022-04-21T14:26:08.549Z', 'deviceName': 'mythicc', 'deviceId': '17556638', 'self': 'https://t493319102.eu-latest.cumulocity.com/devicecontrol/operations/17588688', 'id': '17588688', 'status': 'PENDING', 'description': "Apply software changes, triggered from PySys: [{'action': 'install', 'id': '5475369', 'name': 'asciijump', 'url': ' ', 'version': '::apt'}, {'action': 'install', 'id': '5474869', 'name': 'robotfindskitten', 'url': ' ', 'version': ' '}, {'action': 'install', 'id': '5475279', 'name': 'squirrel3', 'url': ' ', 'version': '3.1-7::apt'}, {'action': 'install', 'id': '5152439', 'name': 'rolldice', 'url': ' ', 'version': '1.16-1+b1'}, {'action': 'install', 'id': '5439204', 'name': 'moon-buggy', 'url': ' ', 'version': '1:1.0.51-12'}, {'action': 'install', 'id': '5475369', 'name': 'asciijump', 'url': ' ', 'version': '::apt'}]", 'c8y_SoftwareUpdate': [{'name': 'asciijump', 'action': 'install', 'id': '5475369', 'version': '::apt', 'url': ' '}, {'name': 'robotfindskitten', 'action': 'install', 'id': '5474869', 'version': ' ', 'url': ' '}, {'name': 'squirrel3', 'action': 'install', 'id': '5475279', 'version': '3.1-7::apt', 'url': ' '}, {'name': 'rolldice', 'action': 'install', 'id': '5152439', 'version': '1.16-1+b1', 'url': ' '}, {'name': 'moon-buggy', 'action': 'install', 'id': '5439204', 'version': '1:1.0.51-12', 'url': ' '}, {'name': 'asciijump', 'action': 'install', 'id': '5475369', 'version': '::apt', 'url': ' '}]}
14:26:10 INFO  State of operation 17588688 : PENDING
14:26:13 INFO  State of operation 17588688 : EXECUTING
14:26:15 INFO  State of operation 17588688 : EXECUTING
14:26:17 INFO  State of operation 17588688 : EXECUTING
14:26:19 INFO  State of operation 17588688 : EXECUTING
14:26:22 INFO  State of operation 17588688 : EXECUTING
14:26:24 INFO  State of operation 17588688 : EXECUTING
14:26:27 INFO  State of operation 17588688 : EXECUTING
14:26:30 INFO  State of operation 17588688 : EXECUTING
14:26:32 INFO  State of operation 17588688 : EXECUTING
14:26:34 INFO  State of operation 17588688 : EXECUTING
14:26:36 INFO  State of operation 17588688 : EXECUTING
14:26:39 INFO  State of operation 17588688 : EXECUTING
14:26:41 INFO  State of operation 17588688 : EXECUTING
14:26:43 INFO  State of operation 17588688 : EXECUTING
14:26:45 INFO  State of operation 17588688 : EXECUTING
14:26:48 INFO  State of operation 17588688 : EXECUTING
14:26:50 INFO  State of operation 17588688 : EXECUTING
14:26:53 INFO  State of operation 17588688 : EXECUTING
14:26:55 INFO  State of operation 17588688 : EXECUTING
14:26:57 INFO  State of operation 17588688 : EXECUTING
14:27:00 INFO  State of operation 17588688 : EXECUTING
14:27:02 INFO  State of operation 17588688 : EXECUTING
14:27:04 INFO  State of operation 17588688 : EXECUTING
14:27:07 INFO  State of operation 17588688 : EXECUTING
14:27:09 INFO  State of operation 17588688 : EXECUTING
14:27:11 INFO  State of operation 17588688 : EXECUTING
14:27:13 INFO  State of operation 17588688 : EXECUTING
14:27:16 INFO  State of operation 17588688 : EXECUTING
14:27:18 INFO  State of operation 17588688 : EXECUTING
14:27:20 INFO  State of operation 17588688 : EXECUTING
14:27:23 INFO  State of operation 17588688 : EXECUTING
14:27:25 INFO  State of operation 17588688 : EXECUTING
14:27:27 INFO  State of operation 17588688 : EXECUTING
14:27:29 INFO  State of operation 17588688 : EXECUTING
14:27:32 INFO  State of operation 17588688 : EXECUTING
14:27:34 INFO  State of operation 17588688 : EXECUTING
14:27:36 INFO  State of operation 17588688 : EXECUTING
14:27:38 INFO  State of operation 17588688 : EXECUTING
14:27:41 INFO  State of operation 17588688 : EXECUTING
14:27:44 INFO  State of operation 17588688 : EXECUTING
14:27:46 INFO  State of operation 17588688 : EXECUTING
14:27:48 INFO  State of operation 17588688 : EXECUTING
14:27:50 INFO  State of operation 17588688 : EXECUTING
14:27:53 INFO  State of operation 17588688 : EXECUTING
14:27:55 INFO  State of operation 17588688 : EXECUTING
14:27:57 INFO  State of operation 17588688 : EXECUTING
14:27:59 INFO  State of operation 17588688 : EXECUTING
14:28:02 INFO  State of operation 17588688 : EXECUTING
14:28:04 INFO  State of operation 17588688 : EXECUTING
14:28:06 INFO  State of operation 17588688 : EXECUTING
14:28:09 INFO  State of operation 17588688 : EXECUTING
14:28:11 INFO  State of operation 17588688 : EXECUTING
14:28:14 INFO  State of operation 17588688 : EXECUTING
14:28:16 INFO  State of operation 17588688 : EXECUTING
14:28:19 INFO  State of operation 17588688 : EXECUTING
14:28:21 INFO  State of operation 17588688 : EXECUTING
14:28:24 INFO  State of operation 17588688 : EXECUTING
14:28:26 INFO  State of operation 17588688 : EXECUTING
14:28:28 INFO  State of operation 17588688 : EXECUTING
14:28:30 INFO  State of operation 17588688 : EXECUTING
14:28:32 WARN  SystemError occurred while running test - Timeout while waiting for status SUCCESSFUL or False
Traceback (most recent call last):
  File "/home/pi/env-pysys/lib/python3.7/site-packages/pysys/baserunner.py", line 1294, in __call__
    self.testObj.execute()
  File "/home/pi/actions-runner/_work/thin-edge.io/thin-edge.io/tests/PySys/software_management_end_to_end/sm_apt_install_remove_multiple_mixed/run.py", line 89, in execute
    self.wait_until_succcess()
  File "/home/pi/actions-runner/_work/thin-edge.io/thin-edge.io/tests/PySys/software_management_end_to_end/environment_sm_management.py", line 324, in wait_until_succcess
    self.wait_until_status("SUCCESSFUL")
  File "/home/pi/actions-runner/_work/thin-edge.io/thin-edge.io/tests/PySys/software_management_end_to_end/environment_sm_management.py", line 381, in wait_until_status
    "Timeout while waiting for status %s or %s" % (status, status2)
SystemError: Timeout while waiting for status SUCCESSFUL or False
14:28:32 WARN  SystemError: Timeout while waiting for status SUCCESSFUL or False ... blocked 
14:28:32 INFO  
14:28:32 INFO  cleanup:
14:28:38 INFO  Executed sudo&lt;tedge_disconnect_c8y&gt;, exit status 0
14:28:39 INFO  Executed systemctl&lt;serv_mapper5&gt;, exit status 3
14:28:39 INFO  
14:28:39 INFO  Test duration: 177.72 secs
14:28:39 INFO  Test final outcome:  BLOCKED
14:28:39 INFO  Test outcome reason: SystemError: Timeout while waiting for status SUCCESSFUL or False
14:28:39 INFO  
</system-out>
	</testcase>
<testcase classname="PySysTest" name="SoftwareManagement.sm_apt_install_remove_multiple_mixed">
		<failure message="BLOCKED: SystemError: Timeout while waiting for status SUCCESSFUL or False (+1 other failures)" type="BLOCKED" />
		<system-out>14:48:21 INFO  ==============================================================
14:48:21 INFO  Id:    SoftwareManagement.sm_apt_install_remove_multiple_mixed
14:48:21 INFO  Dir:   software_management_end_to_end/
14:48:21 INFO  Title: Validate end to end behaviour for the apt plugin for multiple packages with mixed versions
14:48:21 INFO  ==============================================================
14:48:21 INFO  Using sw id database: {'asciijump': '5475369', 'robotfindskitten': '5474869', 'squirrel3': '5475279', 'rolldice': '5152439', 'moon-buggy': '5439204', 'apple': '5495053', 'banana': '5494888', 'cherry': '5495382', 'watermelon': '5494510', 'registry': '8018911', 'hello-world': '8021526', 'docker/getting-started': '8021973', 'alpine': '7991792'}
14:48:21 INFO  EnvironmentC8y Setup
14:48:22 INFO  Executed systemctl&lt;serv_mapper1&gt;, exit status 3
14:48:22 INFO  Restarting mosquitto too frequently in the last 10 seconds. It was only up for 5 seconds
14:48:22 INFO  Delaying execution by 6 seconds
14:48:42 INFO  Executed sudo&lt;tedge_connect_c8y&gt;, exit status 0, duration 14 secs
14:48:42 INFO  Executed sudo&lt;tedge_connect_c8y_test&gt;, exit status 0
14:48:43 INFO  Executed systemctl&lt;serv_mosq2&gt;, exit status 0
14:48:43 INFO  Executed systemctl&lt;serv_mapper3&gt;, exit status 0
14:48:46 INFO  State of current operation: SUCCESSFUL
14:48:46 INFO  Assert that (False == value) with value=False ... passed
14:48:46 INFO  Assert that (False == value) with value=False ... passed
14:48:46 INFO  Assert that (False == value) with value=False ... passed
14:48:47 INFO  Assert that (False == value) with value=False ... passed
14:48:47 INFO  Package moon-buggy is installed
14:48:47 WARN  Assert that (False == value) with value=True ... failed 
14:48:48 INFO  Response status: 201
14:48:48 INFO  Response to action: {
    "delivery": {
        "time": "2022-04-21T14:48:48.597Z",
        "log": [],
        "status": "PENDING"
    },
    "creationTime": "2022-04-21T14:48:48.583Z",
    "deviceName": "mythicc",
    "deviceId": "17556638",
    "self": "https://t493319102.eu-latest.cumulocity.com/devicecontrol/operations/17588871",
    "id": "17588871",
    "status": "PENDING",
    "description": "Apply software changes, triggered from PySys: [{'action': 'install', 'id': '5475369', 'name': 'asciijump', 'url': ' ', 'version': '::apt'}, {'action': 'install', 'id': '5474869', 'name': 'robotfindskitten', 'url': ' ', 'version': ' '}, {'action': 'install', 'id': '5475279', 'name': 'squirrel3', 'url': ' ', 'version': '3.1-7::apt'}, {'action': 'install', 'id': '5152439', 'name': 'rolldice', 'url': ' ', 'version': '1.16-1+b1'}, {'action': 'install', 'id': '5439204', 'name': 'moon-buggy', 'url': ' ', 'version': '1:1.0.51-12'}, {'action': 'install', 'id': '5475369', 'name': 'asciijump', 'url': ' ', 'version': '::apt'}]",
    "c8y_SoftwareUpdate": [
        {
            "name": "asciijump",
            "action": "install",
            "id": "5475369",
            "version": "::apt",
            "url": " "
        },
        {
            "name": "robotfindskitten",
            "action": "install",
            "id": "5474869",
            "version": " ",
            "url": " "
        },
        {
            "name": "squirrel3",
            "action": "install",
            "id": "5475279",
            "version": "3.1-7::apt",
            "url": " "
        },
        {
            "name": "rolldice",
            "action": "install",
            "id": "5152439",
            "version": "1.16-1+b1",
            "url": " "
        },
        {
            "name": "moon-buggy",
            "action": "install",
            "id": "5439204",
            "version": "1:1.0.51-12",
            "url": " "
        },
        {
            "name": "asciijump",
            "action": "install",
            "id": "5475369",
            "version": "::apt",
            "url": " "
        }
    ]
}
14:48:48 INFO  Started operation: {'delivery': {'time': '2022-04-21T14:48:48.597Z', 'log': [], 'status': 'PENDING'}, 'creationTime': '2022-04-21T14:48:48.583Z', 'deviceName': 'mythicc', 'deviceId': '17556638', 'self': 'https://t493319102.eu-latest.cumulocity.com/devicecontrol/operations/17588871', 'id': '17588871', 'status': 'PENDING', 'description': "Apply software changes, triggered from PySys: [{'action': 'install', 'id': '5475369', 'name': 'asciijump', 'url': ' ', 'version': '::apt'}, {'action': 'install', 'id': '5474869', 'name': 'robotfindskitten', 'url': ' ', 'version': ' '}, {'action': 'install', 'id': '5475279', 'name': 'squirrel3', 'url': ' ', 'version': '3.1-7::apt'}, {'action': 'install', 'id': '5152439', 'name': 'rolldice', 'url': ' ', 'version': '1.16-1+b1'}, {'action': 'install', 'id': '5439204', 'name': 'moon-buggy', 'url': ' ', 'version': '1:1.0.51-12'}, {'action': 'install', 'id': '5475369', 'name': 'asciijump', 'url': ' ', 'version': '::apt'}]", 'c8y_SoftwareUpdate': [{'name': 'asciijump', 'action': 'install', 'id': '5475369', 'version': '::apt', 'url': ' '}, {'name': 'robotfindskitten', 'action': 'install', 'id': '5474869', 'version': ' ', 'url': ' '}, {'name': 'squirrel3', 'action': 'install', 'id': '5475279', 'version': '3.1-7::apt', 'url': ' '}, {'name': 'rolldice', 'action': 'install', 'id': '5152439', 'version': '1.16-1+b1', 'url': ' '}, {'name': 'moon-buggy', 'action': 'install', 'id': '5439204', 'version': '1:1.0.51-12', 'url': ' '}, {'name': 'asciijump', 'action': 'install', 'id': '5475369', 'version': '::apt', 'url': ' '}]}
14:48:50 INFO  State of operation 17588871 : PENDING
14:48:53 INFO  State of operation 17588871 : EXECUTING
14:48:55 INFO  State of operation 17588871 : EXECUTING
14:48:57 INFO  State of operation 17588871 : EXECUTING
14:48:59 INFO  State of operation 17588871 : EXECUTING
14:49:01 INFO  State of operation 17588871 : EXECUTING
14:49:04 INFO  State of operation 17588871 : EXECUTING
14:49:07 INFO  State of operation 17588871 : EXECUTING
14:49:09 INFO  State of operation 17588871 : EXECUTING
14:49:12 INFO  State of operation 17588871 : EXECUTING
14:49:14 INFO  State of operation 17588871 : EXECUTING
14:49:16 INFO  State of operation 17588871 : EXECUTING
14:49:18 INFO  State of operation 17588871 : EXECUTING
14:49:21 INFO  State of operation 17588871 : EXECUTING
14:49:23 INFO  State of operation 17588871 : EXECUTING
14:49:25 INFO  State of operation 17588871 : EXECUTING
14:49:27 INFO  State of operation 17588871 : EXECUTING
14:49:30 INFO  State of operation 17588871 : EXECUTING
14:49:33 INFO  State of operation 17588871 : EXECUTING
14:49:35 INFO  State of operation 17588871 : EXECUTING
14:49:37 INFO  State of operation 17588871 : EXECUTING
14:49:39 INFO  State of operation 17588871 : EXECUTING
14:49:42 INFO  State of operation 17588871 : EXECUTING
14:49:44 INFO  State of operation 17588871 : EXECUTING
14:49:46 INFO  State of operation 17588871 : EXECUTING
14:49:49 INFO  State of operation 17588871 : EXECUTING
14:49:51 INFO  State of operation 17588871 : EXECUTING
14:49:54 INFO  State of operation 17588871 : EXECUTING
14:49:56 INFO  State of operation 17588871 : EXECUTING
14:49:58 INFO  State of operation 17588871 : EXECUTING
14:50:00 INFO  State of operation 17588871 : EXECUTING
14:50:03 INFO  State of operation 17588871 : EXECUTING
14:50:05 INFO  State of operation 17588871 : EXECUTING
14:50:07 INFO  State of operation 17588871 : EXECUTING
14:50:10 INFO  State of operation 17588871 : EXECUTING
14:50:12 INFO  State of operation 17588871 : EXECUTING
14:50:14 INFO  State of operation 17588871 : EXECUTING
14:50:16 INFO  State of operation 17588871 : EXECUTING
14:50:18 INFO  State of operation 17588871 : EXECUTING
14:50:21 INFO  State of operation 17588871 : EXECUTING
14:50:24 INFO  State of operation 17588871 : EXECUTING
14:50:26 INFO  State of operation 17588871 : EXECUTING
14:50:29 INFO  State of operation 17588871 : EXECUTING
14:50:31 INFO  State of operation 17588871 : EXECUTING
14:50:33 INFO  State of operation 17588871 : EXECUTING
14:50:35 INFO  State of operation 17588871 : EXECUTING
14:50:38 INFO  State of operation 17588871 : EXECUTING
14:50:40 INFO  State of operation 17588871 : EXECUTING
14:50:42 INFO  State of operation 17588871 : EXECUTING
14:50:44 INFO  State of operation 17588871 : EXECUTING
14:50:48 INFO  State of operation 17588871 : EXECUTING
14:50:50 INFO  State of operation 17588871 : EXECUTING
14:50:52 INFO  State of operation 17588871 : EXECUTING
14:50:55 INFO  State of operation 17588871 : EXECUTING
14:50:57 INFO  State of operation 17588871 : EXECUTING
14:50:59 INFO  State of operation 17588871 : EXECUTING
14:51:02 INFO  State of operation 17588871 : EXECUTING
14:51:04 INFO  State of operation 17588871 : EXECUTING
14:51:07 INFO  State of operation 17588871 : EXECUTING
14:51:09 INFO  State of operation 17588871 : EXECUTING
14:51:12 INFO  State of operation 17588871 : EXECUTING
14:51:14 WARN  SystemError occurred while running test - Timeout while waiting for status SUCCESSFUL or False
Traceback (most recent call last):
  File "/home/pi/env-pysys/lib/python3.7/site-packages/pysys/baserunner.py", line 1294, in __call__
    self.testObj.execute()
  File "/home/pi/actions-runner/_work/thin-edge.io/thin-edge.io/tests/PySys/software_management_end_to_end/sm_apt_install_remove_multiple_mixed/run.py", line 89, in execute
    self.wait_until_succcess()
  File "/home/pi/actions-runner/_work/thin-edge.io/thin-edge.io/tests/PySys/software_management_end_to_end/environment_sm_management.py", line 324, in wait_until_succcess
    self.wait_until_status("SUCCESSFUL")
  File "/home/pi/actions-runner/_work/thin-edge.io/thin-edge.io/tests/PySys/software_management_end_to_end/environment_sm_management.py", line 381, in wait_until_status
    "Timeout while waiting for status %s or %s" % (status, status2)
SystemError: Timeout while waiting for status SUCCESSFUL or False
14:51:14 WARN  SystemError: Timeout while waiting for status SUCCESSFUL or False ... blocked 
14:51:14 INFO  
14:51:14 INFO  cleanup:
14:51:20 INFO  Executed sudo&lt;tedge_disconnect_c8y&gt;, exit status 0
14:51:21 INFO  Executed systemctl&lt;serv_mapper5&gt;, exit status 3
14:51:21 INFO  
14:51:21 INFO  Test duration: 180.02 secs
14:51:21 INFO  Test final outcome:  BLOCKED
14:51:21 INFO  Test outcome reason: SystemError: Timeout while waiting for status SUCCESSFUL or False (+1 other failures)
14:51:21 INFO  
</system-out>
	</testcase>
</testsuite><testsuite name="SoftwareManagement.sm_apt_install_remove_with_version" tests="3" errors="0" failures="0" skipped="1" time="0"><testcase classname="PySysTest" name="SoftwareManagement.sm_apt_install_remove_with_version">
		<skipped message="SKIPPED: Testing the apt plugin is not supported on this platform.Use parameter -XmyPlatform='container' to enable it" />
		<system-out>13:48:30 INFO  ==============================================================
13:48:30 INFO  Id:    SoftwareManagement.sm_apt_install_remove_with_version
13:48:30 INFO  Dir:   software_management_end_to_end/
13:48:30 INFO  Title: Validate end to end behaviour for the apt plugin for packages with version
13:48:30 INFO  ==============================================================
13:48:30 INFO  Testing the apt plugin is not supported on this platform.Use parameter -XmyPlatform='container' to enable it ... skipped
13:48:30 WARN  Aborted test due to SKIPPED outcome
13:48:30 INFO  
13:48:30 INFO  Test duration: 0.04 secs
13:48:30 INFO  Test final outcome:  SKIPPED
13:48:30 INFO  Test outcome reason: Testing the apt plugin is not supported on this platform.Use parameter -XmyPlatform='container' to enable it
13:48:30 INFO  
</system-out>
	</testcase>
<testcase classname="PySysTest" name="SoftwareManagement.sm_apt_install_remove_with_version" />
<testcase classname="PySysTest" name="SoftwareManagement.sm_apt_install_remove_with_version" />
</testsuite><testsuite name="SoftwareManagement.sm_docker_install_remove_multiple" tests="3" errors="0" failures="2" skipped="1" time="0"><testcase classname="SMDockerInstallRemove" name="SoftwareManagement.sm_docker_install_remove_multiple">
		<skipped message="SKIPPED: Testing the apt plugin is not supported on this platform.Use parameter -XmyPlatform='container' to enable it" />
		<system-out>13:48:30 INFO  ==============================================================
13:48:30 INFO  Id:    SoftwareManagement.sm_docker_install_remove_multiple
13:48:30 INFO  Dir:   software_management_end_to_end/
13:48:30 INFO  Title: Validate end to end behaviour for the docker plugin for multiple docker images with mixed versions
13:48:30 INFO  ==============================================================
13:48:30 INFO  Testing the apt plugin is not supported on this platform.Use parameter -XmyPlatform='container' to enable it ... skipped
13:48:30 WARN  Aborted test due to SKIPPED outcome
13:48:30 INFO  
13:48:30 INFO  Test duration: 0.02 secs
13:48:30 INFO  Test final outcome:  SKIPPED
13:48:30 INFO  Test outcome reason: Testing the apt plugin is not supported on this platform.Use parameter -XmyPlatform='container' to enable it
13:48:30 INFO  
</system-out>
	</testcase>
<testcase classname="SMDockerInstallRemove" name="SoftwareManagement.sm_docker_install_remove_multiple">
		<failure message="BLOCKED: SystemError: The operation has failed" type="BLOCKED" />
		<system-out>14:34:42 INFO  ==============================================================
14:34:42 INFO  Id:    SoftwareManagement.sm_docker_install_remove_multiple
14:34:42 INFO  Dir:   software_management_end_to_end/
14:34:42 INFO  Title: Validate end to end behaviour for the docker plugin for multiple docker images with mixed versions
14:34:42 INFO  ==============================================================
14:34:44 INFO  Using sw id database: {'asciijump': '5475369', 'robotfindskitten': '5474869', 'squirrel3': '5475279', 'rolldice': '5152439', 'moon-buggy': '5439204', 'apple': '5495053', 'banana': '5494888', 'cherry': '5495382', 'watermelon': '5494510', 'registry': '8018911', 'hello-world': '8021526', 'docker/getting-started': '8021973', 'alpine': '7991792'}
14:34:44 INFO  EnvironmentC8y Setup
14:34:45 INFO  Executed systemctl&lt;serv_mapper1&gt;, exit status 3
14:35:00 INFO  Executed sudo&lt;tedge_connect_c8y&gt;, exit status 0, duration 15 secs
14:35:01 INFO  Executed sudo&lt;tedge_connect_c8y_test&gt;, exit status 0
14:35:01 INFO  Executed systemctl&lt;serv_mosq2&gt;, exit status 0
14:35:02 INFO  Executed systemctl&lt;serv_mapper3&gt;, exit status 0
14:35:04 INFO  State of current operation: SUCCESSFUL
14:35:04 INFO  Response status: 201
14:35:04 INFO  Response to action: {
    "creationTime": "2022-04-21T14:35:04.610Z",
    "deviceName": "mythicc",
    "deviceId": "17556638",
    "self": "https://t493319102.eu-latest.cumulocity.com/devicecontrol/operations/17588769",
    "id": "17588769",
    "status": "PENDING",
    "description": "Apply software changes, triggered from PySys: [{'action': 'install', 'id': '8021526', 'name': 'hello-world', 'url': '', 'version': '::docker'}, {'action': 'install', 'id': '8018911', 'name': 'registry', 'url': '', 'version': '2.6.2::docker'}]",
    "c8y_SoftwareUpdate": [
        {
            "name": "hello-world",
            "action": "install",
            "id": "8021526",
            "version": "::docker",
            "url": ""
        },
        {
            "name": "registry",
            "action": "install",
            "id": "8018911",
            "version": "2.6.2::docker",
            "url": ""
        }
    ]
}
14:35:04 INFO  Started operation: {'creationTime': '2022-04-21T14:35:04.610Z', 'deviceName': 'mythicc', 'deviceId': '17556638', 'self': 'https://t493319102.eu-latest.cumulocity.com/devicecontrol/operations/17588769', 'id': '17588769', 'status': 'PENDING', 'description': "Apply software changes, triggered from PySys: [{'action': 'install', 'id': '8021526', 'name': 'hello-world', 'url': '', 'version': '::docker'}, {'action': 'install', 'id': '8018911', 'name': 'registry', 'url': '', 'version': '2.6.2::docker'}]", 'c8y_SoftwareUpdate': [{'name': 'hello-world', 'action': 'install', 'id': '8021526', 'version': '::docker', 'url': ''}, {'name': 'registry', 'action': 'install', 'id': '8018911', 'version': '2.6.2::docker', 'url': ''}]}
14:35:06 INFO  State of operation 17588769 : PENDING
14:35:09 INFO  State of operation 17588769 : PENDING
14:35:11 INFO  State of operation 17588769 : EXECUTING
14:35:13 INFO  State of operation 17588769 : EXECUTING
14:35:15 INFO  State of operation 17588769 : EXECUTING
14:35:18 INFO  State of operation 17588769 : FAILED
14:35:18 ERROR Stopping as the operation has failed
14:35:18 WARN  SystemError occurred while running test - The operation has failed
Traceback (most recent call last):
  File "/home/pi/env-pysys/lib/python3.7/site-packages/pysys/baserunner.py", line 1292, in __call__
    self.testObj.setup()
  File "/home/pi/actions-runner/_work/thin-edge.io/thin-edge.io/tests/PySys/software_management_end_to_end/sm_docker_install_remove_multiple/run.py", line 55, in setup
    self.wait_until_succcess()
  File "/home/pi/actions-runner/_work/thin-edge.io/thin-edge.io/tests/PySys/software_management_end_to_end/environment_sm_management.py", line 324, in wait_until_succcess
    self.wait_until_status("SUCCESSFUL")
  File "/home/pi/actions-runner/_work/thin-edge.io/thin-edge.io/tests/PySys/software_management_end_to_end/environment_sm_management.py", line 361, in wait_until_status
    raise SystemError("The operation has failed")
SystemError: The operation has failed
14:35:18 WARN  SystemError: The operation has failed ... blocked 
14:35:18 INFO  
14:35:18 INFO  cleanup:
14:35:22 INFO  Executed sudo&lt;tedge_disconnect_c8y&gt;, exit status 0
14:35:22 INFO  Executed systemctl&lt;serv_mapper5&gt;, exit status 3
14:35:22 INFO  
14:35:22 INFO  Test duration: 39.74 secs
14:35:22 INFO  Test final outcome:  BLOCKED
14:35:22 INFO  Test outcome reason: SystemError: The operation has failed
14:35:22 INFO  
</system-out>
	</testcase>
<testcase classname="SMDockerInstallRemove" name="SoftwareManagement.sm_docker_install_remove_multiple">
		<failure message="BLOCKED: SystemError: The operation has failed" type="BLOCKED" />
		<system-out>14:53:59 INFO  ==============================================================
14:53:59 INFO  Id:    SoftwareManagement.sm_docker_install_remove_multiple
14:53:59 INFO  Dir:   software_management_end_to_end/
14:53:59 INFO  Title: Validate end to end behaviour for the docker plugin for multiple docker images with mixed versions
14:53:59 INFO  ==============================================================
14:53:59 INFO  Using sw id database: {'asciijump': '5475369', 'robotfindskitten': '5474869', 'squirrel3': '5475279', 'rolldice': '5152439', 'moon-buggy': '5439204', 'apple': '5495053', 'banana': '5494888', 'cherry': '5495382', 'watermelon': '5494510', 'registry': '8018911', 'hello-world': '8021526', 'docker/getting-started': '8021973', 'alpine': '7991792'}
14:53:59 INFO  EnvironmentC8y Setup
14:54:00 INFO  Executed systemctl&lt;serv_mapper1&gt;, exit status 3
14:54:00 INFO  Restarting mosquitto too frequently in the last 10 seconds. It was only up for 5 seconds
14:54:00 INFO  Delaying execution by 6 seconds
14:54:20 INFO  Executed sudo&lt;tedge_connect_c8y&gt;, exit status 0, duration 14 secs
[...]
13:38:51 INFO  Id:    docker_plugin_update
13:38:51 INFO  Dir:   plugin_docker/
13:38:51 INFO  Title: Validate docker plugin install updates existing containers
13:38:51 INFO  ==============================================================
13:38:51 INFO  Testing the docker plugin is not supported on this platform.To run it, all the test with -XmyPlatform='container' ... skipped
13:38:51 WARN  Aborted test due to SKIPPED outcome
13:38:51 INFO  
13:38:51 INFO  Test duration: 0.02 secs
13:38:51 INFO  Test final outcome:  SKIPPED
13:38:51 INFO  Test outcome reason: Testing the docker plugin is not supported on this platform.To run it, all the test with -XmyPlatform='container'
13:38:51 INFO  
</system-out>
	</testcase>
<testcase classname="DockerPluginUpdateTest" name="docker_plugin_update">
		<failure message="BLOCKED: sudo&lt;docker_run&gt; returned non-zero exit code 125" type="BLOCKED" />
		<system-out>14:34:38 INFO  ==============================================================
14:34:38 INFO  Id:    docker_plugin_update
14:34:38 INFO  Dir:   plugin_docker/
14:34:38 INFO  Title: Validate docker plugin install updates existing containers
14:34:38 INFO  ==============================================================
14:34:38 INFO  Executed sudo&lt;docker_images&gt;, exit status 0
14:34:39 INFO  Grep on file /home/pi/actions-runner/_work/thin-edge.io/thin-edge.io/tests/PySys/plugin_docker/docker_plugin_update/Output/linux/docker_images.out ... passed
14:34:41 WARN  Executed sudo&lt;docker_run&gt;, exit status 125
14:34:41 INFO  Contents of docker_run.err: 
  Unable to find image 'registry:2.6.2' locally
  docker: Error response from daemon: toomanyrequests: You have reached your pull rate limit. You may increase the limit by authenticating and upgrading: https://www.docker.com/increase-rate-limit.
  See 'docker run --help'.
  -----

14:34:41 WARN  sudo&lt;docker_run&gt; returned non-zero exit code 125 ... blocked 
14:34:41 WARN  Aborted test due to BLOCKED outcome
14:34:41 INFO  
14:34:41 INFO  cleanup:
14:34:41 INFO  Removing containers scheduled to be cleaned up: ['ed62a48ea166', '']
14:34:42 WARN  Executed sudo&lt;containers_for_cleanup&gt;, exit status 1
14:34:42 INFO  Removing images scheduled to be cleaned up: ['registry', 'registry', 'registry:2.7.1']
14:34:42 INFO  Executed sudo&lt;containers_for_cleanup&gt;, exit status 0
14:34:42 INFO  
14:34:42 INFO  Test duration: 4.66 secs
14:34:42 INFO  Test final outcome:  BLOCKED
14:34:42 INFO  Test outcome reason: sudo&lt;docker_run&gt; returned non-zero exit code 125
14:34:42 INFO  
</system-out>
	</testcase>
</testsuite><testsuite name="invalid_device_id" tests="1" errors="0" failures="0" skipped="0" time="0"><testcase classname="InvalidDeviceId" name="invalid_device_id" />
</testsuite><testsuite name="local_mqtt_pub_fail_noqos" tests="1" errors="0" failures="0" skipped="0" time="0"><testcase classname="PySysTest" name="local_mqtt_pub_fail_noqos" />
</testsuite><testsuite name="local_mqtt_pub_fail_qos0" tests="1" errors="0" failures="0" skipped="0" time="0"><testcase classname="PySysTest" name="local_mqtt_pub_fail_qos0" />
</testsuite><testsuite name="local_mqtt_pub_fail_qos1" tests="1" errors="0" failures="0" skipped="0" time="0"><testcase classname="PySysTest" name="local_mqtt_pub_fail_qos1" />
</testsuite><testsuite name="local_mqtt_pub_fail_qos2" tests="1" errors="0" failures="0" skipped="0" time="0"><testcase classname="PySysTest" name="local_mqtt_pub_fail_qos2" />
</testsuite><testsuite name="local_mqtt_pub_sub" tests="1" errors="0" failures="0" skipped="0" time="0"><testcase classname="PySysTest" name="local_mqtt_pub_sub" />
</testsuite><testsuite name="local_mqtt_pub_sub_retain" tests="1" errors="0" failures="0" skipped="0" time="0"><testcase classname="MqttPublishWithRetain" name="local_mqtt_pub_sub_retain" />
</testsuite><testsuite name="local_mqtt_pub_sub_with_sudo" tests="1" errors="0" failures="0" skipped="0" time="0"><testcase classname="PySysTest" name="local_mqtt_pub_sub_with_sudo" />
</testsuite><testsuite name="local_mqtt_sub_fail" tests="1" errors="0" failures="0" skipped="0" time="0"><testcase classname="PySysTest" name="local_mqtt_sub_fail" />
</testsuite><testsuite name="log_request_error_messages" tests="1" errors="0" failures="0" skipped="0" time="0"><testcase classname="LogRequestVerifySearchTextError" name="log_request_error_messages" />
</testsuite><testsuite name="log_request_num_lines" tests="1" errors="0" failures="0" skipped="0" time="0"><testcase classname="LogRequestVerifyNumberOfLines" name="log_request_num_lines" />
</testsuite><testsuite name="mapper_awaits_before_reconnect" tests="1" errors="0" failures="0" skipped="0" time="0"><testcase classname="MapperReconnectAwait" name="mapper_awaits_before_reconnect" />
</testsuite><testsuite name="monitoring_smaller_interval" tests="1" errors="0" failures="0" skipped="1" time="0"><testcase classname="MonitoringSmallInterval" name="monitoring_smaller_interval">
		<skipped message="SKIPPED: Fails due to retained message" />
		<system-out>13:38:46 INFO  ==============================================================
13:38:46 INFO  Id:    monitoring_smaller_interval
13:38:46 INFO  Dir:   monitoring/
13:38:46 INFO  Title: Validate the tedge dm agent messages that are produced with smaller sampling interval than the batching window. Here the simulated collectd messages are used
13:38:46 INFO  ==============================================================
13:38:46 INFO  Fails due to retained message ... skipped
13:38:46 INFO  
13:38:46 INFO  Test duration: 0.03 secs
13:38:46 INFO  Test final outcome:  SKIPPED
13:38:46 INFO  Test outcome reason: Fails due to retained message
13:38:46 INFO  
</system-out>
	</testcase>
</testsuite><testsuite name="monitoring_with_collectd" tests="1" errors="0" failures="0" skipped="1" time="0"><testcase classname="MonitoringWithCollectd" name="monitoring_with_collectd">
		<skipped message="SKIPPED: Test execution disabled due to #792 (instable)" />
		<system-out>13:38:46 INFO  ==============================================================
13:38:46 INFO  Id:    monitoring_with_collectd
13:38:46 INFO  Dir:   monitoring/
13:38:46 INFO  Title: Validate tedge dm agent messages that are produced by batching the collectd messages
13:38:46 INFO  ==============================================================
13:38:46 INFO  Test execution disabled due to #792 (instable) ... skipped
13:38:46 INFO  
13:38:46 INFO  Test duration: 0.02 secs
13:38:46 INFO  Test final outcome:  SKIPPED
13:38:46 INFO  Test outcome reason: Test execution disabled due to #792 (instable)
13:38:46 INFO  
</system-out>
	</testcase>
</testsuite><testsuite name="monitoring_with_simulated_messages" tests="1" errors="0" failures="0" skipped="1" time="0"><testcase classname="MonitoringWithSimulatedMessages" name="monitoring_with_simulated_messages">
		<skipped message="SKIPPED: Fails due to retained message" />
		<system-out>13:38:46 INFO  ==============================================================
13:38:46 INFO  Id:    monitoring_with_simulated_messages
13:38:46 INFO  Dir:   monitoring/
13:38:46 INFO  Title: Validate the tedge dm agent messages that are produced from the simulated collectd messages
13:38:46 INFO  ==============================================================
13:38:46 INFO  Fails due to retained message ... skipped
13:38:46 INFO  
13:38:46 INFO  Test duration: 0.02 secs
13:38:46 INFO  Test final outcome:  SKIPPED
13:38:46 INFO  Test outcome reason: Fails due to retained message
13:38:46 INFO  
</system-out>
	</testcase>
</testsuite><testsuite name="mqtt_port_change_connection_fails" tests="1" errors="0" failures="0" skipped="0" time="0"><testcase classname="MqttPortChangeConnectionFails" name="mqtt_port_change_connection_fails" />
</testsuite><testsuite name="mqtt_port_change_connection_works" tests="1" errors="0" failures="0" skipped="1" time="0"><testcase classname="MqttPortChangeConnectionWorks" name="mqtt_port_change_connection_works">
		<skipped message="SKIPPED: failing intermitently" />
		<system-out>13:37:52 INFO  ==============================================================
13:37:52 INFO  Id:    mqtt_port_change_connection_works
13:37:52 INFO  Dir:   misc_features/
13:37:52 INFO  Title: mqtt port change connection works for all the thin-edge services that use the mosquitto broker
13:37:52 INFO  ==============================================================
13:37:52 INFO  failing intermitently ... skipped
13:37:52 INFO  
13:37:52 INFO  Test duration: 0.04 secs
13:37:52 INFO  Test final outcome:  SKIPPED
13:37:52 INFO  Test outcome reason: failing intermitently
13:37:52 INFO  
</system-out>
	</testcase>
</testsuite><testsuite name="mqtt_port_set" tests="1" errors="0" failures="0" skipped="0" time="0"><testcase classname="MqttPortSet" name="mqtt_port_set" />
</testsuite><testsuite name="mqtt_port_unset" tests="1" errors="0" failures="0" skipped="0" time="0"><testcase classname="MqttPortUnSet" name="mqtt_port_unset" />
</testsuite><testsuite name="publish_flux" tests="1" errors="0" failures="0" skipped="0" time="0"><testcase classname="PublishFlux" name="publish_flux" />
</testsuite><testsuite name="publish_sawmill" tests="1" errors="0" failures="0" skipped="0" time="0"><testcase classname="PublishSawmill" name="publish_sawmill" />
</testsuite><testsuite name="pysys_block" tests="1" errors="0" failures="0" skipped="1" time="0"><testcase classname="Fail" name="pysys_block">
		<skipped message="SKIPPED: Enable this to observe a blocking test" />
		<system-out>13:38:14 INFO  ==============================================================
13:38:14 INFO  Id:    pysys_block
13:38:14 INFO  Dir:   misc_features/
13:38:14 INFO  Title: fail
13:38:14 INFO  ==============================================================
13:38:14 INFO  Enable this to observe a blocking test ... skipped
13:38:14 INFO  
13:38:14 INFO  Test duration: 0.02 secs
13:38:14 INFO  Test final outcome:  SKIPPED
13:38:14 INFO  Test outcome reason: Enable this to observe a blocking test
13:38:14 INFO  
</system-out>
	</testcase>
</testsuite><testsuite name="pysys_fail" tests="1" errors="0" failures="0" skipped="1" time="0"><testcase classname="Fail" name="pysys_fail">
		<skipped message="SKIPPED: Enable this to observe a failing test" />
		<system-out>13:38:14 INFO  ==============================================================
13:38:14 INFO  Id:    pysys_fail
13:38:14 INFO  Dir:   misc_features/
13:38:14 INFO  Title: fail
13:38:14 INFO  ==============================================================
13:38:14 INFO  Enable this to observe a failing test ... skipped
13:38:14 INFO  
13:38:14 INFO  Test duration: 0.02 secs
13:38:14 INFO  Test final outcome:  SKIPPED
13:38:14 INFO  Test outcome reason: Enable this to observe a failing test
13:38:14 INFO  
</system-out>
	</testcase>
</testsuite><testsuite name="runtime_start_two_mappers" tests="1" errors="0" failures="1" skipped="0" time="0"><testcase classname="RuntimeMultiMappers" name="runtime_start_two_mappers">
		<failure message="FAILED: Grep on tedge_mapper2.err contains &quot;Error: Couldn't acquire file lock.&quot;" type="FAILED" />
		<system-out>13:52:06 INFO  ==============================================================
13:52:06 INFO  Id:    runtime_start_two_mappers
13:52:06 INFO  Dir:   tedge_mapper_c8y/
13:52:06 INFO  Title: Validate two mappers can't be started at the same time
13:52:06 INFO  ==============================================================
13:52:07 INFO  Executed sudo&lt;tedge_mapper1&gt;, exit status 0
13:52:07 INFO  Waiting for 0.1 seconds
13:52:08 INFO  Executed sudo&lt;tedge_mapper2&gt;, exit status 1
13:52:08 INFO  Executed sudo&lt;tedge_mapper1&gt;, exit status 0
13:52:08 WARN  Grep on tedge_mapper2.err contains "Error: Couldn't acquire file lock." ... failed [run.py:46]
13:52:08 INFO  
13:52:08 INFO  Test duration: 2.45 secs
13:52:08 INFO  Test final outcome:  FAILED
13:52:08 INFO  Test outcome reason: Grep on tedge_mapper2.err contains "Error: Couldn't acquire file lock."
13:52:08 INFO  
</system-out>
	</testcase>
</testsuite><testsuite name="sm_tedge_mapper_init_session" tests="1" errors="0" failures="0" skipped="0" time="0"><testcase classname="TedgeSMMapperInitSession" name="sm_tedge_mapper_init_session" />
</testsuite><testsuite name="smoketest_json" tests="1" errors="0" failures="0" skipped="0" time="0"><testcase classname="SmokeTestJson" name="smoketest_json" />
</testsuite><testsuite name="smoketest_json_400_samples_10ms" tests="1" errors="0" failures="0" skipped="0" time="0"><testcase classname="SmoketestJson400Samples10ms" name="smoketest_json_400_samples_10ms" />
</testsuite><testsuite name="smoketest_json_400_samples_20ms" tests="1" errors="0" failures="0" skipped="0" time="0"><testcase classname="SmoketestJson400Samples20ms" name="smoketest_json_400_samples_20ms" />
</testsuite><testsuite name="smoketest_smartrest" tests="1" errors="0" failures="0" skipped="0" time="0"><testcase classname="SmoketestSmartRest" name="smoketest_smartrest" />
</testsuite><testsuite name="smoketest_smartrest_400_samples_1Xms" tests="1" errors="0" failures="0" skipped="0" time="0"><testcase classname="SmoketestSmartRest400Samples1Xms" name="smoketest_smartrest_400_samples_1Xms" />
</testsuite><testsuite name="smoketest_smartrest_400_samples_20ms" tests="1" errors="0" failures="0" skipped="0" time="0"><testcase classname="SmoketestSmartRest400Samples20ms" name="smoketest_smartrest_400_samples_20ms" />
</testsuite><testsuite name="tedge_agent_user_sudo_access" tests="1" errors="0" failures="0" skipped="1" time="0"><testcase classname="TedgeAgentUserSudoAccess" name="tedge_agent_user_sudo_access">
		<skipped message="SKIPPED: #955 Observation: Exit code of the apt plugin when called with no arguments" />
		<system-out>13:48:58 INFO  ==============================================================
13:48:58 INFO  Id:    tedge_agent_user_sudo_access
13:48:58 INFO  Dir:   tedge/
13:48:58 INFO  Title: Validate tedge-agent user has a limited sudo right
13:48:58 INFO  ==============================================================
13:48:58 INFO  #955 Observation: Exit code of the apt plugin when called with no arguments ... skipped
13:48:58 INFO  
13:48:58 INFO  Test duration: 0.03 secs
13:48:58 INFO  Test final outcome:  SKIPPED
13:48:58 INFO  Test outcome reason: #955 Observation: Exit code of the apt plugin when called with no arguments
13:48:58 INFO  
</system-out>
	</testcase>
</testsuite><testsuite name="tedge_connect_test_negative" tests="1" errors="0" failures="0" skipped="0" time="0"><testcase classname="TedgeConnectTestNegative" name="tedge_connect_test_negative" />
</testsuite><testsuite name="tedge_connect_test_positive" tests="1" errors="0" failures="0" skipped="0" time="0"><testcase classname="TedgeConnectTestPositive" name="tedge_connect_test_positive" />
</testsuite><testsuite name="tedge_connect_test_sm_services" tests="1" errors="0" failures="0" skipped="0" time="0"><testcase classname="TedgeConnectTestSMServices" name="tedge_connect_test_sm_services" />
</testsuite><testsuite name="tedge_disconnect_test_sm_services" tests="1" errors="0" failures="0" skipped="0" time="0"><testcase classname="TedgeDisConnectTestSMServices" name="tedge_disconnect_test_sm_services" />
</testsuite><testsuite name="tedge_mapper_az_negative" tests="1" errors="0" failures="0" skipped="0" time="0"><testcase classname="TedgeMapperAzError" name="tedge_mapper_az_negative" />
</testsuite><testsuite name="tedge_mapper_az_with_timestamp" tests="1" errors="0" failures="0" skipped="0" time="0"><testcase classname="TedgeMapperAzWithTimestamp" name="tedge_mapper_az_with_timestamp" />
</testsuite><testsuite name="tedge_mapper_az_without_timestamp" tests="1" errors="0" failures="0" skipped="0" time="0"><testcase classname="TedgeMapperAzWithoutTimestamp" name="tedge_mapper_az_without_timestamp" />
</testsuite><testsuite name="tedge_mapper_c8y_alarms" tests="1" errors="0" failures="0" skipped="0" time="0"><testcase classname="TedgeMapperC8yAlarm" name="tedge_mapper_c8y_alarms" />
</testsuite><testsuite name="tedge_mapper_c8y_child_device_measurement" tests="1" errors="0" failures="1" skipped="0" time="0"><testcase classname="TedgeMapperC8yChildDevice" name="tedge_mapper_c8y_child_device_measurement">
		<failure message="BLOCKED: TypeError: 'NoneType' object is not subscriptable (+1 other failures)" type="BLOCKED" />
		<system-out>13:53:21 INFO  ==============================================================
13:53:21 INFO  Id:    tedge_mapper_c8y_child_device_measurement
13:53:21 INFO  Dir:   tedge_mapper_c8y/
13:53:21 INFO  Title: Validate that measurements sent to tedge/measurements/child topic gets mapped as the child device's measurement in Cumulocity
13:53:21 INFO  ==============================================================
13:53:21 INFO  EnvironmentC8y Setup
13:53:21 INFO  Executed systemctl&lt;serv_mapper1&gt;, exit status 3
13:53:22 INFO  Restarting mosquitto too frequently in the last 10 seconds. It was only up for 5 seconds
13:53:22 INFO  Delaying execution by 6 seconds
13:53:42 INFO  Executed sudo&lt;tedge_connect_c8y&gt;, exit status 0, duration 14 secs
13:53:42 INFO  Executed sudo&lt;tedge_connect_c8y_test&gt;, exit status 0
13:53:43 INFO  Executed systemctl&lt;serv_mosq2&gt;, exit status 0
13:53:43 INFO  Executed systemctl&lt;serv_mapper3&gt;, exit status 0
13:53:44 INFO  Assert that (actual == expected) with actual=None, expected=None ... passed
13:53:44 INFO  Executed tedge_pub, exit status 0
13:53:45 INFO  Executed tedge_pub, exit status 0
13:53:46 INFO  Executed tedge_pub, exit status 0
13:53:46 INFO  Executed tedge_pub, exit status 0
13:53:46 INFO  Executed tedge_pub, exit status 0
13:53:49 WARN  TypeError occurred while running test - 'NoneType' object is not subscriptable
Traceback (most recent call last):
  File "/home/pi/env-pysys/lib/python3.7/site-packages/pysys/baserunner.py", line 1296, in __call__
    self.testObj.validate()
  File "/home/pi/actions-runner/_work/thin-edge.io/thin-edge.io/tests/PySys/tedge_mapper_c8y/tedge_mapper_c8y_child_device_measurement/run.py", line 115, in validate
    self.child_device_json["id"], 3
TypeError: 'NoneType' object is not subscriptable
13:53:49 WARN  TypeError: 'NoneType' object is not subscriptable ... blocked 
13:53:49 INFO  
13:53:49 INFO  cleanup:
13:53:49 ERROR Error while running cleanup function: 
Traceback (most recent call last):
  File "/home/pi/env-pysys/lib/python3.7/site-packages/pysys/process/user.py", line 1305, in cleanup
    fn()
  File "/home/pi/actions-runner/_work/thin-edge.io/thin-edge.io/tests/PySys/tedge_mapper_c8y/tedge_mapper_c8y_child_device_measurement/run.py", line 165, in test_cleanup
    self.child_device_json["id"]
TypeError: 'NoneType' object is not subscriptable
13:53:53 INFO  Executed sudo&lt;tedge_disconnect_c8y&gt;, exit status 0
13:53:53 INFO  Executed systemctl&lt;serv_mapper5&gt;, exit status 3
13:53:53 WARN  Cleanup failed with 1 errors: Cleanup function failed: 'NoneType' object is not subscriptable (TypeError) ... blocked 
13:53:53 INFO  
13:53:53 INFO  Test duration: 32.42 secs
13:53:53 INFO  Test final outcome:  BLOCKED
13:53:53 INFO  Test outcome reason: TypeError: 'NoneType' object is not subscriptable (+1 other failures)
13:53:53 INFO  
</system-out>
	</testcase>
</testsuite><testsuite name="tedge_mapper_c8y_packet_threshold_size" tests="1" errors="0" failures="0" skipped="0" time="0"><testcase classname="TedgeMapperC8yThresholdPacketSize" name="tedge_mapper_c8y_packet_threshold_size" />
</testsuite><testsuite name="tedge_software_update" tests="1" errors="0" failures="0" skipped="0" time="0"><testcase classname="PySysTest" name="tedge_software_update" />
</testsuite><testsuite name="valid_device_id" tests="1" errors="0" failures="0" skipped="0" time="0"><testcase classname="ValidateValidDeviceId" name="valid_device_id" />
</testsuite></testsuites>