<?xml version='1.0' encoding='utf-8'?>
<testsuites tests="149" failures="29" errors="0" skipped="49" time="0.0"><testsuite name="SoftwareManagement.Plugin.apama_plugin_install" tests="3" errors="0" failures="0" skipped="1" time="0"><testcase classname="ApamaPluginInstallTest" name="SoftwareManagement.Plugin.apama_plugin_install">
		<skipped message="SKIPPED: Apama plugin tests are disabled by default. Execute `pysys run` with `-XmyPlatform=container` to run these tests" />
		<system-out>13:29:29 INFO  ==============================================================
13:29:29 INFO  Id:    SoftwareManagement.Plugin.apama_plugin_install
13:29:29 INFO  Dir:   plugin_apama/
13:29:29 INFO  Title: Validate apama plugin install
13:29:29 INFO  ==============================================================
13:29:29 INFO  Apama plugin tests are disabled by default. Execute `pysys run` with `-XmyPlatform=container` to run these tests ... skipped
13:29:29 WARN  Aborted test due to SKIPPED outcome
13:29:29 INFO  
13:29:29 INFO  Test duration: 0.04 secs
13:29:29 INFO  Test final outcome:  SKIPPED
13:29:29 INFO  Test outcome reason: Apama plugin tests are disabled by default. Execute `pysys run` with `-XmyPlatform=container` to run these tests
13:29:29 INFO  
</system-out>
	</testcase>
<testcase classname="ApamaPluginInstallTest" name="SoftwareManagement.Plugin.apama_plugin_install" />
<testcase classname="ApamaPluginInstallTest" name="SoftwareManagement.Plugin.apama_plugin_install" />
</testsuite><testsuite name="SoftwareManagement.Plugin.apama_plugin_mon_support" tests="3" errors="0" failures="0" skipped="1" time="0"><testcase classname="ApamaPluginMonSupportTest" name="SoftwareManagement.Plugin.apama_plugin_mon_support">
		<skipped message="SKIPPED: Apama plugin tests are disabled by default. Execute `pysys run` with `-XmyPlatform=container` to run these tests" />
		<system-out>13:29:29 INFO  ==============================================================
13:29:29 INFO  Id:    SoftwareManagement.Plugin.apama_plugin_mon_support
13:29:29 INFO  Dir:   plugin_apama/
13:29:29 INFO  Title: Validate mon file support of apama plugin
13:29:29 INFO  ==============================================================
13:29:29 INFO  Apama plugin tests are disabled by default. Execute `pysys run` with `-XmyPlatform=container` to run these tests ... skipped
13:29:29 WARN  Aborted test due to SKIPPED outcome
13:29:29 INFO  
13:29:29 INFO  Test duration: 0.02 secs
13:29:29 INFO  Test final outcome:  SKIPPED
13:29:29 INFO  Test outcome reason: Apama plugin tests are disabled by default. Execute `pysys run` with `-XmyPlatform=container` to run these tests
13:29:29 INFO  
</system-out>
	</testcase>
<testcase classname="ApamaPluginMonSupportTest" name="SoftwareManagement.Plugin.apama_plugin_mon_support" />
<testcase classname="ApamaPluginMonSupportTest" name="SoftwareManagement.Plugin.apama_plugin_mon_support" />
</testsuite><testsuite name="SoftwareManagement.Plugin.apama_plugin_remove" tests="3" errors="0" failures="0" skipped="1" time="0"><testcase classname="ApamaPluginRemoveTest" name="SoftwareManagement.Plugin.apama_plugin_remove">
		<skipped message="SKIPPED: Apama plugin tests are disabled by default. Execute `pysys run` with `-XmyPlatform=container` to run these tests" />
		<system-out>13:29:29 INFO  ==============================================================
13:29:29 INFO  Id:    SoftwareManagement.Plugin.apama_plugin_remove
13:29:29 INFO  Dir:   plugin_apama/
13:29:29 INFO  Title: Validate apama plugin remove
13:29:29 INFO  ==============================================================
13:29:29 INFO  Apama plugin tests are disabled by default. Execute `pysys run` with `-XmyPlatform=container` to run these tests ... skipped
13:29:29 WARN  Aborted test due to SKIPPED outcome
13:29:29 INFO  
13:29:29 INFO  Test duration: 0.02 secs
13:29:29 INFO  Test final outcome:  SKIPPED
13:29:29 INFO  Test outcome reason: Apama plugin tests are disabled by default. Execute `pysys run` with `-XmyPlatform=container` to run these tests
13:29:29 INFO  
</system-out>
	</testcase>
<testcase classname="ApamaPluginRemoveTest" name="SoftwareManagement.Plugin.apama_plugin_remove" />
<testcase classname="ApamaPluginRemoveTest" name="SoftwareManagement.Plugin.apama_plugin_remove" />
</testsuite><testsuite name="SoftwareManagement.Plugin.apama_plugin_update" tests="3" errors="0" failures="2" skipped="1" time="0"><testcase classname="ApamaPluginUpdateTest" name="SoftwareManagement.Plugin.apama_plugin_update">
		<skipped message="SKIPPED: Apama plugin tests are disabled by default. Execute `pysys run` with `-XmyPlatform=container` to run these tests" />
		<system-out>13:29:29 INFO  ==============================================================
13:29:29 INFO  Id:    SoftwareManagement.Plugin.apama_plugin_update
13:29:29 INFO  Dir:   plugin_apama/
13:29:29 INFO  Title: Validate apama plugin updating one project with another
13:29:29 INFO  ==============================================================
13:29:29 INFO  Apama plugin tests are disabled by default. Execute `pysys run` with `-XmyPlatform=container` to run these tests ... skipped
13:29:29 WARN  Aborted test due to SKIPPED outcome
13:29:29 INFO  
13:29:29 INFO  Test duration: 0.02 secs
13:29:29 INFO  Test final outcome:  SKIPPED
13:29:29 INFO  Test outcome reason: Apama plugin tests are disabled by default. Execute `pysys run` with `-XmyPlatform=container` to run these tests
13:29:29 INFO  
</system-out>
	</testcase>
<testcase classname="ApamaPluginUpdateTest" name="SoftwareManagement.Plugin.apama_plugin_update">
		<failure message="BLOCKED: sudo&lt;plugin_install&gt; returned non-zero exit code 2" type="BLOCKED" />
		<system-out>14:19:41 INFO  ==============================================================
14:19:41 INFO  Id:    SoftwareManagement.Plugin.apama_plugin_update
14:19:41 INFO  Dir:   plugin_apama/
14:19:41 INFO  Title: Validate apama plugin updating one project with another
14:19:41 INFO  ==============================================================
14:19:41 INFO  Assertion that path exists=False for "/etc/tedge/apama/project" ... passed
14:19:42 INFO  Executed sudo&lt;create_project_dir&gt;, exit status 0
14:19:42 INFO  Executed sudo&lt;unzip_apama_project&gt;, exit status 0
14:19:43 INFO  Executed sudo&lt;move_apama_project&gt;, exit status 0
14:19:44 INFO  Executed sudo&lt;restart_apama_service&gt;, exit status 0
14:19:44 INFO  Executed sudo&lt;apama_correlator_wait&gt;, exit status 0
14:19:44 INFO  Assertion that path exists=True for "/etc/tedge/apama/project" ... passed
14:19:45 INFO  Executed sudo&lt;apama_list_monitors&gt;, exit status 0
14:19:45 INFO  Grep on file /home/pi/actions-runner/_work/thin-edge.io/thin-edge.io/tests/PySys/plugin_apama/apama_plugin_update/Output/linux/apama_list_monitors.out ... passed
14:19:46 WARN  Executed sudo&lt;plugin_install&gt;, exit status 2
14:19:46 INFO  Contents of plugin_install.err: 
  ERROR: Directory not empty (os error 39)
  -----

14:19:46 WARN  sudo&lt;plugin_install&gt; returned non-zero exit code 2 ... blocked [run.py:35]
14:19:46 WARN  Aborted test due to BLOCKED outcome
14:19:46 INFO  
14:19:46 INFO  cleanup:
14:19:46 INFO  Removing apama project
14:20:02 INFO  Executed sudo&lt;stop_apama_service&gt;, exit status 0, duration 16 secs
14:20:03 INFO  Executed sudo&lt;remove_apama_project&gt;, exit status 0
14:20:04 INFO  Executed sudo&lt;remove_apama_tmp_dir&gt;, exit status 0
14:20:04 INFO  
14:20:04 INFO  Test duration: 22.57 secs
14:20:04 INFO  Test final outcome:  BLOCKED
14:20:04 INFO  Test outcome reason: sudo&lt;plugin_install&gt; returned non-zero exit code 2
14:20:04 INFO  
</system-out>
	</testcase>
<testcase classname="ApamaPluginUpdateTest" name="SoftwareManagement.Plugin.apama_plugin_update">
		<failure message="BLOCKED: sudo&lt;plugin_install&gt; returned non-zero exit code 2" type="BLOCKED" />
		<system-out>14:24:49 INFO  ==============================================================
14:24:49 INFO  Id:    SoftwareManagement.Plugin.apama_plugin_update
14:24:49 INFO  Dir:   plugin_apama/
14:24:49 INFO  Title: Validate apama plugin updating one project with another
14:24:49 INFO  ==============================================================
14:24:49 INFO  Assertion that path exists=False for "/etc/tedge/apama/project" ... passed
14:24:49 INFO  Executed sudo&lt;create_project_dir&gt;, exit status 0
14:24:50 INFO  Executed sudo&lt;unzip_apama_project&gt;, exit status 0
14:24:50 INFO  Executed sudo&lt;move_apama_project&gt;, exit status 0
14:24:51 INFO  Executed sudo&lt;restart_apama_service&gt;, exit status 0
14:24:52 INFO  Executed sudo&lt;apama_correlator_wait&gt;, exit status 0
14:24:52 INFO  Assertion that path exists=True for "/etc/tedge/apama/project" ... passed
14:24:53 INFO  Executed sudo&lt;apama_list_monitors&gt;, exit status 0
14:24:53 INFO  Grep on file /home/pi/actions-runner/_work/thin-edge.io/thin-edge.io/tests/PySys/plugin_apama/apama_plugin_update/Output/linux/apama_list_monitors.out ... passed
14:24:53 WARN  Executed sudo&lt;plugin_install&gt;, exit status 2
14:24:53 INFO  Contents of plugin_install.err: 
  ERROR: Directory not empty (os error 39)
  -----

14:24:54 WARN  sudo&lt;plugin_install&gt; returned non-zero exit code 2 ... blocked [run.py:35]
14:24:54 WARN  Aborted test due to BLOCKED outcome
14:24:54 INFO  
14:24:54 INFO  cleanup:
14:24:54 INFO  Removing apama project
14:25:10 INFO  Executed sudo&lt;stop_apama_service&gt;, exit status 0, duration 15 secs
14:25:10 INFO  Executed sudo&lt;remove_apama_project&gt;, exit status 0
14:25:11 INFO  Executed sudo&lt;remove_apama_tmp_dir&gt;, exit status 0
14:25:11 INFO  
14:25:11 INFO  Test duration: 22.03 secs
14:25:11 INFO  Test final outcome:  BLOCKED
14:25:11 INFO  Test outcome reason: sudo&lt;plugin_install&gt; returned non-zero exit code 2
14:25:11 INFO  
</system-out>
	</testcase>
</testsuite><testsuite name="SoftwareManagement.sm_apt_install_download_path" tests="3" errors="0" failures="2" skipped="1" time="0"><testcase classname="AptInstallWithDownloadPath" name="SoftwareManagement.sm_apt_install_download_path">
		<skipped message="SKIPPED: Testing the apt plugin is not supported on this platform.Use parameter -XmyPlatform='container' to enable it" />
		<system-out>13:39:12 INFO  ==============================================================
13:39:12 INFO  Id:    SoftwareManagement.sm_apt_install_download_path
13:39:12 INFO  Dir:   software_management_end_to_end/
13:39:12 INFO  Title: Install package to directory specified in tedge config set tmp.path
13:39:12 INFO  ==============================================================
13:39:13 INFO  Testing the apt plugin is not supported on this platform.Use parameter -XmyPlatform='container' to enable it ... skipped
13:39:13 WARN  Aborted test due to SKIPPED outcome
13:39:13 INFO  
13:39:13 INFO  Test duration: 0.07 secs
13:39:13 INFO  Test final outcome:  SKIPPED
13:39:13 INFO  Test outcome reason: Testing the apt plugin is not supported on this platform.Use parameter -XmyPlatform='container' to enable it
13:39:13 INFO  
</system-out>
	</testcase>
<testcase classname="AptInstallWithDownloadPath" name="SoftwareManagement.sm_apt_install_download_path">
		<failure message="BLOCKED: AssertionError:" type="BLOCKED" />
		<system-out>14:03:16 INFO  ==============================================================
14:03:16 INFO  Id:    SoftwareManagement.sm_apt_install_download_path
14:03:16 INFO  Dir:   software_management_end_to_end/
14:03:16 INFO  Title: Install package to directory specified in tedge config set tmp.path
14:03:16 INFO  ==============================================================
14:03:16 INFO  Using sw id database: {'asciijump': '5475369', 'robotfindskitten': '5474869', 'squirrel3': '5475279', 'rolldice': '5152439', 'moon-buggy': '5439204', 'apple': '5495053', 'banana': '5494888', 'cherry': '5495382', 'watermelon': '5494510', 'registry': '8018911', 'hello-world': '8021526', 'docker/getting-started': '8021973', 'alpine': '7991792'}
14:03:16 INFO  EnvironmentC8y Setup
14:03:17 INFO  Executed systemctl&lt;serv_mapper1&gt;, exit status 3
14:03:32 INFO  Executed sudo&lt;tedge_connect_c8y&gt;, exit status 0, duration 14 secs
14:03:33 INFO  Executed sudo&lt;tedge_connect_c8y_test&gt;, exit status 0
14:03:34 INFO  Executed systemctl&lt;serv_mosq2&gt;, exit status 0
14:03:35 INFO  Executed systemctl&lt;serv_mapper3&gt;, exit status 0
14:03:37 INFO  State of current operation: SUCCESSFUL
14:03:38 INFO  Assert that (False == value) with value=False ... passed
14:03:38 INFO  Executed sudo, exit status 0
14:03:39 INFO  Executed sudo, exit status 0
14:03:39 INFO  Executed sudo, exit status 0
14:03:43 INFO  Executed sudo&lt;tedge_disconnect_c8y&gt;, exit status 0
14:03:44 INFO  Restarting mosquitto too frequently in the last 10 seconds. It was only up for 4 seconds
14:03:44 INFO  Delaying execution by 7 seconds
14:04:05 INFO  Executed sudo&lt;tedge_connect_c8y&gt;, exit status 0, duration 14 secs
14:04:05 INFO  Response status: 201
14:04:05 INFO  Response to action: {
    "delivery": {
        "time": "2022-04-19T14:04:05.732Z",
        "log": [],
        "status": "PENDING"
    },
    "creationTime": "2022-04-19T14:04:05.720Z",
    "deviceName": "mythicb",
    "deviceId": "17465657",
    "self": "https://t493319102.eu-latest.cumulocity.com/devicecontrol/operations/17475289",
    "id": "17475289",
    "status": "PENDING",
    "description": "Apply software changes, triggered from PySys: [{'name': 'rolldice', 'id': '5152439', 'version': '::apt', 'url': 'https://thin-edge-io.eu-latest.cumulocity.com/inventory/binaries/12435463', 'action': 'install'}]",
    "c8y_SoftwareUpdate": [
        {
            "name": "rolldice",
            "action": "install",
            "id": "5152439",
            "version": "::apt",
            "url": "https://thin-edge-io.eu-latest.cumulocity.com/inventory/binaries/12435463"
        }
    ]
}
14:04:05 INFO  Started operation: {'delivery': {'time': '2022-04-19T14:04:05.732Z', 'log': [], 'status': 'PENDING'}, 'creationTime': '2022-04-19T14:04:05.720Z', 'deviceName': 'mythicb', 'deviceId': '17465657', 'self': 'https://t493319102.eu-latest.cumulocity.com/devicecontrol/operations/17475289', 'id': '17475289', 'status': 'PENDING', 'description': "Apply software changes, triggered from PySys: [{'name': 'rolldice', 'id': '5152439', 'version': '::apt', 'url': 'https://thin-edge-io.eu-latest.cumulocity.com/inventory/binaries/12435463', 'action': 'install'}]", 'c8y_SoftwareUpdate': [{'name': 'rolldice', 'action': 'install', 'id': '5152439', 'version': '::apt', 'url': 'https://thin-edge-io.eu-latest.cumulocity.com/inventory/binaries/12435463'}]}
14:04:05 WARN  , retrying in 0.5 seconds...
14:04:06 WARN  , retrying in 0.5 seconds...
14:04:06 WARN  , retrying in 0.5 seconds...
14:04:07 WARN  , retrying in 0.5 seconds...
14:04:07 WARN  , retrying in 0.5 seconds...
14:04:08 WARN  , retrying in 0.5 seconds...
14:04:08 WARN  , retrying in 0.5 seconds...
14:04:09 WARN  , retrying in 0.5 seconds...
14:04:09 WARN  , retrying in 0.5 seconds...
14:04:10 WARN  AssertionError occurred while running test - 
Traceback (most recent call last):
  File "/home/pi/env-pysys/lib/python3.7/site-packages/pysys/baserunner.py", line 1294, in __call__
    self.testObj.execute()
  File "/home/pi/actions-runner/_work/thin-edge.io/thin-edge.io/tests/PySys/software_management_end_to_end/sm_apt_install_download_path/run.py", line 83, in execute
    assert_install_in_download_path(install_directory=self.DOWNLOAD_DIR)
  File "/home/pi/env-pysys/lib/python3.7/site-packages/decorator.py", line 232, in fun
    return caller(func, *(extras + args), **kw)
  File "/home/pi/env-pysys/lib/python3.7/site-packages/retry/api.py", line 74, in retry_decorator
    logger)
  File "/home/pi/env-pysys/lib/python3.7/site-packages/retry/api.py", line 33, in __retry_internal
    return f()
  File "/home/pi/actions-runner/_work/thin-edge.io/thin-edge.io/tests/PySys/software_management_end_to_end/sm_apt_install_download_path/run.py", line 28, in assert_install_in_download_path
    assert "rolldice" in os.listdir(f"{install_directory}")
AssertionError
14:04:10 WARN  AssertionError: ... blocked 
14:04:10 INFO  
14:04:10 INFO  cleanup:
14:04:11 INFO  Executed sudo, exit status 0
14:04:12 INFO  Executed sudo, exit status 0
14:04:16 INFO  Executed sudo&lt;tedge_disconnect_c8y&gt;, exit status 0
14:04:16 INFO  Restarting mosquitto too frequently in the last 10 seconds. It was only up for 3 seconds
14:04:16 INFO  Delaying execution by 8 seconds
14:04:38 INFO  Executed sudo&lt;tedge_connect_c8y&gt;, exit status 0, duration 14 secs
14:04:43 INFO  Executed sudo&lt;tedge_disconnect_c8y&gt;, exit status 0
14:04:44 INFO  Executed systemctl&lt;serv_mapper5&gt;, exit status 3
14:04:44 INFO  
14:04:44 INFO  Test duration: 87.56 secs
14:04:44 INFO  Test final outcome:  BLOCKED
14:04:44 INFO  Test outcome reason: AssertionError:
14:04:44 INFO  
</system-out>
	</testcase>
<testcase classname="AptInstallWithDownloadPath" name="SoftwareManagement.sm_apt_install_download_path">
		<failure message="BLOCKED: SystemError: Timeout while waiting for status FAILED or SUCCESSFUL" type="BLOCKED" />
		<system-out>14:25:11 INFO  ==============================================================
14:25:11 INFO  Id:    SoftwareManagement.sm_apt_install_download_path
14:25:11 INFO  Dir:   software_management_end_to_end/
14:25:11 INFO  Title: Install package to directory specified in tedge config set tmp.path
14:25:11 INFO  ==============================================================
14:25:12 INFO  Using sw id database: {'asciijump': '5475369', 'robotfindskitten': '5474869', 'squirrel3': '5475279', 'rolldice': '5152439', 'moon-buggy': '5439204', 'apple': '5495053', 'banana': '5494888', 'cherry': '5495382', 'watermelon': '5494510', 'registry': '8018911', 'hello-world': '8021526', 'docker/getting-started': '8021973', 'alpine': '7991792'}
14:25:12 INFO  EnvironmentC8y Setup
14:25:13 INFO  Executed systemctl&lt;serv_mapper1&gt;, exit status 3
14:25:27 INFO  Executed sudo&lt;tedge_connect_c8y&gt;, exit status 0, duration 14 secs
14:25:28 INFO  Executed sudo&lt;tedge_connect_c8y_test&gt;, exit status 0
14:25:28 INFO  Executed systemctl&lt;serv_mosq2&gt;, exit status 0
14:25:29 INFO  Executed systemctl&lt;serv_mapper3&gt;, exit status 0
14:25:31 INFO  State of current operation: PENDING
14:25:33 INFO  State of current operation: PENDING
14:25:36 INFO  State of current operation: PENDING
14:25:38 INFO  State of current operation: PENDING
14:25:40 INFO  State of current operation: PENDING
14:25:42 INFO  State of current operation: PENDING
14:25:45 INFO  State of current operation: PENDING
14:25:47 INFO  State of current operation: PENDING
14:25:49 INFO  State of current operation: PENDING
14:25:51 INFO  State of current operation: PENDING
14:25:54 INFO  State of current operation: PENDING
14:25:56 INFO  State of current operation: PENDING
14:25:58 INFO  State of current operation: PENDING
14:26:00 INFO  State of current operation: PENDING
14:26:02 INFO  State of current operation: PENDING
14:26:05 INFO  State of current operation: PENDING
14:26:07 INFO  State of current operation: PENDING
14:26:09 INFO  State of current operation: PENDING
14:26:11 INFO  State of current operation: PENDING
14:26:14 INFO  State of current operation: PENDING
14:26:16 INFO  State of current operation: PENDING
14:26:18 INFO  State of current operation: PENDING
14:26:20 INFO  State of current operation: PENDING
14:26:22 INFO  State of current operation: PENDING
14:26:25 INFO  State of current operation: PENDING
14:26:27 INFO  State of current operation: PENDING
14:26:29 INFO  State of current operation: PENDING
14:26:31 INFO  State of current operation: PENDING
14:26:34 INFO  State of current operation: PENDING
14:26:36 INFO  State of current operation: PENDING
14:26:38 INFO  State of current operation: PENDING
14:26:40 INFO  State of current operation: PENDING
14:26:43 INFO  State of current operation: PENDING
14:26:45 INFO  State of current operation: PENDING
14:26:47 INFO  State of current operation: PENDING
14:26:49 INFO  State of current operation: PENDING
14:26:52 INFO  State of current operation: PENDING
14:26:54 INFO  State of current operation: PENDING
14:26:56 INFO  State of current operation: PENDING
14:26:58 INFO  State of current operation: PENDING
14:27:01 INFO  State of current operation: PENDING
14:27:03 INFO  State of current operation: PENDING
14:27:05 INFO  State of current operation: PENDING
14:27:07 INFO  State of current operation: PENDING
14:27:09 INFO  State of current operation: PENDING
14:27:12 INFO  State of current operation: PENDING
14:27:14 INFO  State of current operation: PENDING
14:27:16 INFO  State of current operation: PENDING
14:27:18 INFO  State of current operation: PENDING
14:27:21 INFO  State of current operation: PENDING
14:27:23 INFO  State of current operation: PENDING
14:27:25 INFO  State of current operation: PENDING
14:27:27 INFO  State of current operation: PENDING
14:27:29 INFO  State of current operation: PENDING
14:27:32 INFO  State of current operation: PENDING
14:27:34 INFO  State of current operation: PENDING
14:27:36 INFO  State of current operation: PENDING
14:27:38 INFO  State of current operation: PENDING
14:27:41 INFO  State of current operation: PENDING
14:27:43 INFO  State of current operation: PENDING
14:27:45 INFO  State of current operation: PENDING
14:27:47 WARN  SystemError occurred while running test - Timeout while waiting for status FAILED or SUCCESSFUL
Traceback (most recent call last):
  File "/home/pi/env-pysys/lib/python3.7/site-packages/pysys/baserunner.py", line 1292, in __call__
    self.testObj.setup()
  File "/home/pi/actions-runner/_work/thin-edge.io/thin-edge.io/tests/PySys/software_management_end_to_end/sm_apt_install_download_path/run.py", line 48, in setup
    super().setup()
  File "/home/pi/actions-runner/_work/thin-edge.io/thin-edge.io/tests/PySys/software_management_end_to_end/environment_sm_management.py", line 151, in setup
    self.wait_until_end()
  File "/home/pi/actions-runner/_work/thin-edge.io/thin-edge.io/tests/PySys/software_management_end_to_end/environment_sm_management.py", line 332, in wait_until_end
    self.wait_until_status("FAILED", "SUCCESSFUL")
  File "/home/pi/actions-runner/_work/thin-edge.io/thin-edge.io/tests/PySys/software_management_end_to_end/environment_sm_management.py", line 381, in wait_until_status
    "Timeout while waiting for status %s or %s" % (status, status2)
SystemError: Timeout while waiting for status FAILED or SUCCESSFUL
14:27:47 WARN  SystemError: Timeout while waiting for status FAILED or SUCCESSFUL ... blocked 
14:27:47 INFO  
14:27:47 INFO  cleanup:
14:27:48 INFO  Executed sudo, exit status 0
14:27:48 INFO  Executed sudo, exit status 0
14:27:53 INFO  Executed sudo&lt;tedge_disconnect_c8y&gt;, exit status 0
14:27:53 INFO  Restarting mosquitto too frequently in the last 10 seconds. It was only up for 4 seconds
14:27:53 INFO  Delaying execution by 7 seconds
14:28:14 INFO  Executed sudo&lt;tedge_connect_c8y&gt;, exit status 0, duration 14 secs
14:28:19 INFO  Executed sudo&lt;tedge_disconnect_c8y&gt;, exit status 0
14:28:19 INFO  Executed systemctl&lt;serv_mapper5&gt;, exit status 3
14:28:19 INFO  
14:28:19 INFO  Test duration: 188.57 secs
14:28:19 INFO  Test final outcome:  BLOCKED
14:28:19 INFO  Test outcome reason: SystemError: Timeout while waiting for status FAILED or SUCCESSFUL
14:28:19 INFO  
</system-out>
	</testcase>
</testsuite><testsuite name="SoftwareManagement.sm_apt_install_fail" tests="3" errors="0" failures="1" skipped="1" time="0"><testcase classname="PySysTest" name="SoftwareManagement.sm_apt_install_fail">
		<skipped message="SKIPPED: Testing the apt plugin is not supported on this platform.Use parameter -XmyPlatform='container' to enable it" />
		<system-out>13:39:13 INFO  ==============================================================
13:39:13 INFO  Id:    SoftwareManagement.sm_apt_install_fail
13:39:13 INFO  Dir:   software_management_end_to_end/
13:39:13 INFO  Title: Validate end to end behaviour for a failing installation
13:39:13 INFO  ==============================================================
13:39:13 INFO  Testing the apt plugin is not supported on this platform.Use parameter -XmyPlatform='container' to enable it ... skipped
13:39:13 WARN  Aborted test due to SKIPPED outcome
13:39:13 INFO  
13:39:13 INFO  Test duration: 0.02 secs
13:39:13 INFO  Test final outcome:  SKIPPED
13:39:13 INFO  Test outcome reason: Testing the apt plugin is not supported on this platform.Use parameter -XmyPlatform='container' to enable it
13:39:13 INFO  
</system-out>
	</testcase>
<testcase classname="PySysTest" name="SoftwareManagement.sm_apt_install_fail" />
<testcase classname="PySysTest" name="SoftwareManagement.sm_apt_install_fail">
		<failure message="BLOCKED: SystemError: Timeout while waiting for status FAILED or SUCCESSFUL" type="BLOCKED" />
		<system-out>14:28:19 INFO  ==============================================================
14:28:19 INFO  Id:    SoftwareManagement.sm_apt_install_fail
14:28:19 INFO  Dir:   software_management_end_to_end/
14:28:19 INFO  Title: Validate end to end behaviour for a failing installation
14:28:19 INFO  ==============================================================
14:28:19 INFO  Using sw id database: {'asciijump': '5475369', 'robotfindskitten': '5474869', 'squirrel3': '5475279', 'rolldice': '5152439', 'moon-buggy': '5439204', 'apple': '5495053', 'banana': '5494888', 'cherry': '5495382', 'watermelon': '5494510', 'registry': '8018911', 'hello-world': '8021526', 'docker/getting-started': '8021973', 'alpine': '7991792'}
14:28:19 INFO  EnvironmentC8y Setup
14:28:20 INFO  Executed systemctl&lt;serv_mapper1&gt;, exit status 3
14:28:20 INFO  Restarting mosquitto too frequently in the last 10 seconds. It was only up for 5 seconds
14:28:20 INFO  Delaying execution by 6 seconds
14:28:40 INFO  Executed sudo&lt;tedge_connect_c8y&gt;, exit status 0, duration 13 secs
14:28:41 INFO  Executed sudo&lt;tedge_connect_c8y_test&gt;, exit status 0
14:28:41 INFO  Executed systemctl&lt;serv_mosq2&gt;, exit status 0
14:28:42 INFO  Executed systemctl&lt;serv_mapper3&gt;, exit status 0
14:28:44 INFO  State of current operation: PENDING
14:28:46 INFO  State of current operation: PENDING
14:28:49 INFO  State of current operation: PENDING
14:28:51 INFO  State of current operation: PENDING
14:28:53 INFO  State of current operation: PENDING
14:28:55 INFO  State of current operation: PENDING
14:28:58 INFO  State of current operation: PENDING
14:29:00 INFO  State of current operation: PENDING
14:29:02 INFO  State of current operation: PENDING
14:29:04 INFO  State of current operation: PENDING
14:29:06 INFO  State of current operation: PENDING
14:29:09 INFO  State of current operation: PENDING
14:29:11 INFO  State of current operation: PENDING
14:29:13 INFO  State of current operation: PENDING
14:29:15 INFO  State of current operation: PENDING
14:29:18 INFO  State of current operation: PENDING
14:29:20 INFO  State of current operation: PENDING
14:29:22 INFO  State of current operation: PENDING
14:29:24 INFO  State of current operation: PENDING
14:29:27 INFO  State of current operation: PENDING
14:29:29 INFO  State of current operation: PENDING
14:29:31 INFO  State of current operation: PENDING
14:29:33 INFO  State of current operation: PENDING
14:29:35 INFO  State of current operation: PENDING
14:29:38 INFO  State of current operation: PENDING
14:29:40 INFO  State of current operation: PENDING
14:29:42 INFO  State of current operation: PENDING
14:29:44 INFO  State of current operation: PENDING
14:29:47 INFO  State of current operation: PENDING
14:29:49 INFO  State of current operation: PENDING
14:29:52 INFO  State of current operation: PENDING
14:29:54 INFO  State of current operation: PENDING
14:29:56 INFO  State of current operation: PENDING
14:29:58 INFO  State of current operation: PENDING
14:30:00 INFO  State of current operation: PENDING
14:30:03 INFO  State of current operation: PENDING
14:30:05 INFO  State of current operation: PENDING
14:30:07 INFO  State of current operation: PENDING
14:30:09 INFO  State of current operation: PENDING
14:30:12 INFO  State of current operation: PENDING
14:30:14 INFO  State of current operation: PENDING
14:30:16 INFO  State of current operation: PENDING
14:30:18 INFO  State of current operation: PENDING
14:30:21 INFO  State of current operation: PENDING
14:30:23 INFO  State of current operation: PENDING
14:30:25 INFO  State of current operation: PENDING
14:30:27 INFO  State of current operation: PENDING
14:30:29 INFO  State of current operation: PENDING
14:30:32 INFO  State of current operation: PENDING
14:30:34 INFO  State of current operation: PENDING
14:30:36 INFO  State of current operation: PENDING
14:30:38 INFO  State of current operation: PENDING
14:30:41 INFO  State of current operation: PENDING
14:30:43 INFO  State of current operation: PENDING
14:30:45 INFO  State of current operation: PENDING
14:30:47 INFO  State of current operation: PENDING
14:30:50 INFO  State of current operation: PENDING
14:30:52 INFO  State of current operation: PENDING
14:30:54 INFO  State of current operation: PENDING
14:30:56 INFO  State of current operation: PENDING
14:30:58 INFO  State of current operation: PENDING
14:31:00 WARN  SystemError occurred while running test - Timeout while waiting for status FAILED or SUCCESSFUL
Traceback (most recent call last):
  File "/home/pi/env-pysys/lib/python3.7/site-packages/pysys/baserunner.py", line 1292, in __call__
    self.testObj.setup()
  File "/home/pi/actions-runner/_work/thin-edge.io/thin-edge.io/tests/PySys/software_management_end_to_end/sm_apt_install_fail/run.py", line 20, in setup
    super().setup()
  File "/home/pi/actions-runner/_work/thin-edge.io/thin-edge.io/tests/PySys/software_management_end_to_end/environment_sm_management.py", line 151, in setup
    self.wait_until_end()
  File "/home/pi/actions-runner/_work/thin-edge.io/thin-edge.io/tests/PySys/software_management_end_to_end/environment_sm_management.py", line 332, in wait_until_end
    self.wait_until_status("FAILED", "SUCCESSFUL")
  File "/home/pi/actions-runner/_work/thin-edge.io/thin-edge.io/tests/PySys/software_management_end_to_end/environment_sm_management.py", line 381, in wait_until_status
    "Timeout while waiting for status %s or %s" % (status, status2)
SystemError: Timeout while waiting for status FAILED or SUCCESSFUL
14:31:00 WARN  SystemError: Timeout while waiting for status FAILED or SUCCESSFUL ... blocked 
14:31:00 INFO  
14:31:00 INFO  cleanup:
14:31:05 INFO  Executed sudo&lt;tedge_disconnect_c8y&gt;, exit status 0
14:31:06 INFO  Executed systemctl&lt;serv_mapper5&gt;, exit status 3
14:31:06 INFO  
14:31:06 INFO  Test duration: 166.18 secs
14:31:06 INFO  Test final outcome:  BLOCKED
14:31:06 INFO  Test outcome reason: SystemError: Timeout while waiting for status FAILED or SUCCESSFUL
14:31:06 INFO  
</system-out>
	</testcase>
</testsuite><testsuite name="SoftwareManagement.sm_apt_install_remove" tests="3" errors="0" failures="2" skipped="1" time="0"><testcase classname="PySysTest" name="SoftwareManagement.sm_apt_install_remove">
		<skipped message="SKIPPED: Testing the apt plugin is not supported on this platform.Use parameter -XmyPlatform='container' to enable it" />
		<system-out>13:39:13 INFO  ==============================================================
13:39:13 INFO  Id:    SoftwareManagement.sm_apt_install_remove
13:39:13 INFO  Dir:   software_management_end_to_end/
13:39:13 INFO  Title: Validate end to end behaviour for the apt plugin for installation and removal of packages
13:39:13 INFO  ==============================================================
13:39:13 INFO  Testing the apt plugin is not supported on this platform.Use parameter -XmyPlatform='container' to enable it ... skipped
13:39:13 WARN  Aborted test due to SKIPPED outcome
13:39:13 INFO  
13:39:13 INFO  Test duration: 0.02 secs
13:39:13 INFO  Test final outcome:  SKIPPED
13:39:13 INFO  Test outcome reason: Testing the apt plugin is not supported on this platform.Use parameter -XmyPlatform='container' to enable it
13:39:13 INFO  
</system-out>
	</testcase>
<testcase classname="PySysTest" name="SoftwareManagement.sm_apt_install_remove">
		<failure message="BLOCKED: SystemError: The operation has failed" type="BLOCKED" />
		<system-out>14:06:04 INFO  ==============================================================
14:06:04 INFO  Id:    SoftwareManagement.sm_apt_install_remove
14:06:04 INFO  Dir:   software_management_end_to_end/
14:06:04 INFO  Title: Validate end to end behaviour for the apt plugin for installation and removal of packages
14:06:04 INFO  ==============================================================
14:06:04 INFO  Using sw id database: {'asciijump': '5475369', 'robotfindskitten': '5474869', 'squirrel3': '5475279', 'rolldice': '5152439', 'moon-buggy': '5439204', 'apple': '5495053', 'banana': '5494888', 'cherry': '5495382', 'watermelon': '5494510', 'registry': '8018911', 'hello-world': '8021526', 'docker/getting-started': '8021973', 'alpine': '7991792'}
14:06:04 INFO  EnvironmentC8y Setup
14:06:05 INFO  Executed systemctl&lt;serv_mapper1&gt;, exit status 3
14:06:05 INFO  Restarting mosquitto too frequently in the last 10 seconds. It was only up for 5 seconds
14:06:05 INFO  Delaying execution by 6 seconds
14:06:25 INFO  Executed sudo&lt;tedge_connect_c8y&gt;, exit status 0, duration 14 secs
14:06:26 INFO  Executed sudo&lt;tedge_connect_c8y_test&gt;, exit status 0
14:06:27 INFO  Executed systemctl&lt;serv_mosq2&gt;, exit status 0
14:06:27 INFO  Executed systemctl&lt;serv_mapper3&gt;, exit status 0
14:06:29 INFO  State of current operation: FAILED
14:06:30 INFO  Assert that (False == value) with value=False ... passed
14:06:30 INFO  Response status: 201
14:06:30 INFO  Response to action: {
    "creationTime": "2022-04-19T14:06:30.395Z",
    "deviceName": "mythicb",
    "deviceId": "17465657",
    "self": "https://t493319102.eu-latest.cumulocity.com/devicecontrol/operations/17475304",
    "id": "17475304",
    "status": "PENDING",
    "description": "Apply software changes, triggered from PySys: [{'name': 'rolldice', 'id': '5152439', 'version': '::apt', 'url': '', 'action': 'install'}]",
    "c8y_SoftwareUpdate": [
        {
            "name": "rolldice",
            "action": "install",
            "id": "5152439",
            "version": "::apt",
            "url": ""
        }
    ]
}
14:06:30 INFO  Started operation: {'creationTime': '2022-04-19T14:06:30.395Z', 'deviceName': 'mythicb', 'deviceId': '17465657', 'self': 'https://t493319102.eu-latest.cumulocity.com/devicecontrol/operations/17475304', 'id': '17475304', 'status': 'PENDING', 'description': "Apply software changes, triggered from PySys: [{'name': 'rolldice', 'id': '5152439', 'version': '::apt', 'url': '', 'action': 'install'}]", 'c8y_SoftwareUpdate': [{'name': 'rolldice', 'action': 'install', 'id': '5152439', 'version': '::apt', 'url': ''}]}
14:06:32 INFO  State of operation 17475304 : PENDING
14:06:34 INFO  State of operation 17475304 : EXECUTING
14:06:37 INFO  State of operation 17475304 : EXECUTING
14:06:39 INFO  State of operation 17475304 : EXECUTING
14:06:41 INFO  State of operation 17475304 : EXECUTING
14:06:43 INFO  State of operation 17475304 : EXECUTING
14:06:45 INFO  State of operation 17475304 : EXECUTING
14:06:48 INFO  State of operation 17475304 : EXECUTING
14:06:50 INFO  State of operation 17475304 : EXECUTING
14:06:52 INFO  State of operation 17475304 : EXECUTING
14:06:54 INFO  State of operation 17475304 : EXECUTING
14:06:57 INFO  State of operation 17475304 : EXECUTING
14:06:59 INFO  State of operation 17475304 : EXECUTING
14:07:01 INFO  State of operation 17475304 : EXECUTING
14:07:03 INFO  State of operation 17475304 : EXECUTING
14:07:05 INFO  State of operation 17475304 : EXECUTING
14:07:08 INFO  State of operation 17475304 : EXECUTING
14:07:10 INFO  State of operation 17475304 : EXECUTING
14:07:12 INFO  State of operation 17475304 : EXECUTING
14:07:14 INFO  State of operation 17475304 : EXECUTING
14:07:17 INFO  State of operation 17475304 : EXECUTING
14:07:19 INFO  State of operation 17475304 : EXECUTING
14:07:21 INFO  State of operation 17475304 : EXECUTING
14:07:23 INFO  State of operation 17475304 : EXECUTING
14:07:25 INFO  State of operation 17475304 : EXECUTING
14:07:28 INFO  State of operation 17475304 : EXECUTING
14:07:30 INFO  State of operation 17475304 : EXECUTING
14:07:32 INFO  State of operation 17475304 : EXECUTING
14:07:34 INFO  State of operation 17475304 : EXECUTING
14:07:36 INFO  State of operation 17475304 : EXECUTING
14:07:39 INFO  State of operation 17475304 : EXECUTING
14:07:41 INFO  State of operation 17475304 : EXECUTING
14:07:43 INFO  State of operation 17475304 : EXECUTING
14:07:45 INFO  State of operation 17475304 : EXECUTING
14:07:48 INFO  State of operation 17475304 : EXECUTING
14:07:50 INFO  State of operation 17475304 : EXECUTING
14:07:52 INFO  State of operation 17475304 : EXECUTING
14:07:54 INFO  State of operation 17475304 : EXECUTING
14:07:56 INFO  State of operation 17475304 : EXECUTING
14:07:59 INFO  State of operation 17475304 : FAILED
14:07:59 ERROR Stopping as the operation has failed
14:07:59 WARN  SystemError occurred while running test - The operation has failed
Traceback (most recent call last):
  File "/home/pi/env-pysys/lib/python3.7/site-packages/pysys/baserunner.py", line 1294, in __call__
    self.testObj.execute()
  File "/home/pi/actions-runner/_work/thin-edge.io/thin-edge.io/tests/PySys/software_management_end_to_end/sm_apt_install_remove/run.py", line 39, in execute
    self.wait_until_succcess()
  File "/home/pi/actions-runner/_work/thin-edge.io/thin-edge.io/tests/PySys/software_management_end_to_end/environment_sm_management.py", line 324, in wait_until_succcess
    self.wait_until_status("SUCCESSFUL")
  File "/home/pi/actions-runner/_work/thin-edge.io/thin-edge.io/tests/PySys/software_management_end_to_end/environment_sm_management.py", line 361, in wait_until_status
    raise SystemError("The operation has failed")
SystemError: The operation has failed
14:07:59 WARN  SystemError: The operation has failed ... blocked 
14:07:59 INFO  
14:07:59 INFO  cleanup:
14:08:03 INFO  Executed sudo&lt;tedge_disconnect_c8y&gt;, exit status 0
14:08:04 INFO  Executed systemctl&lt;serv_mapper5&gt;, exit status 3
14:08:04 INFO  
14:08:04 INFO  Test duration: 119.67 secs
14:08:04 INFO  Test final outcome:  BLOCKED
14:08:04 INFO  Test outcome reason: SystemError: The operation has failed
14:08:04 INFO  
</system-out>
	</testcase>
<testcase classname="PySysTest" name="SoftwareManagement.sm_apt_install_remove">
		<failure message="BLOCKED: SystemError: Timeout while waiting for status FAILED or SUCCESSFUL" type="BLOCKED" />
		<system-out>14:31:06 INFO  ==============================================================
14:31:06 INFO  Id:    SoftwareManagement.sm_apt_install_remove
14:31:06 INFO  Dir:   software_management_end_to_end/
14:31:06 INFO  Title: Validate end to end behaviour for the apt plugin for installation and removal of packages
14:31:06 INFO  ==============================================================
14:31:06 INFO  Using sw id database: {'asciijump': '5475369', 'robotfindskitten': '5474869', 'squirrel3': '5475279', 'rolldice': '5152439', 'moon-buggy': '5439204', 'apple': '5495053', 'banana': '5494888', 'cherry': '5495382', 'watermelon': '5494510', 'registry': '8018911', 'hello-world': '8021526', 'docker/getting-started': '8021973', 'alpine': '7991792'}
14:31:06 INFO  EnvironmentC8y Setup
14:31:06 INFO  Executed systemctl&lt;serv_mapper1&gt;, exit status 3
14:31:06 INFO  Restarting mosquitto too frequently in the last 10 seconds. It was only up for 4 seconds
14:31:06 INFO  Delaying execution by 7 seconds
14:31:28 INFO  Executed sudo&lt;tedge_connect_c8y&gt;, exit status 0, duration 14 secs
14:31:28 INFO  Executed sudo&lt;tedge_connect_c8y_test&gt;, exit status 0
14:31:29 INFO  Executed systemctl&lt;serv_mosq2&gt;, exit status 0
14:31:29 INFO  Executed systemctl&lt;serv_mapper3&gt;, exit status 0
14:31:32 INFO  State of current operation: PENDING
14:31:34 INFO  State of current operation: PENDING
14:31:36 INFO  State of current operation: PENDING
14:31:38 INFO  State of current operation: PENDING
14:31:41 INFO  State of current operation: PENDING
14:31:43 INFO  State of current operation: PENDING
14:31:45 INFO  State of current operation: PENDING
14:31:47 INFO  State of current operation: PENDING
14:31:49 INFO  State of current operation: PENDING
14:31:52 INFO  State of current operation: PENDING
14:31:54 INFO  State of current operation: PENDING
14:31:56 INFO  State of current operation: PENDING
14:31:58 INFO  State of current operation: PENDING
14:32:01 INFO  State of current operation: PENDING
14:32:03 INFO  State of current operation: PENDING
14:32:05 INFO  State of current operation: PENDING
14:32:07 INFO  State of current operation: PENDING
14:32:10 INFO  State of current operation: PENDING
14:32:12 INFO  State of current operation: PENDING
14:32:14 INFO  State of current operation: PENDING
14:32:16 INFO  State of current operation: PENDING
14:32:18 INFO  State of current operation: PENDING
14:32:21 INFO  State of current operation: PENDING
14:32:23 INFO  State of current operation: PENDING
14:32:25 INFO  State of current operation: PENDING
14:32:27 INFO  State of current operation: PENDING
14:32:30 INFO  State of current operation: PENDING
14:32:32 INFO  State of current operation: PENDING
14:32:34 INFO  State of current operation: PENDING
14:32:36 INFO  State of current operation: PENDING
14:32:39 INFO  State of current operation: PENDING
14:32:41 INFO  State of current operation: PENDING
14:32:43 INFO  State of current operation: PENDING
14:32:45 INFO  State of current operation: PENDING
14:32:48 INFO  State of current operation: PENDING
14:32:50 INFO  State of current operation: PENDING
14:32:52 INFO  State of current operation: PENDING
14:32:54 INFO  State of current operation: PENDING
14:32:56 INFO  State of current operation: PENDING
14:32:59 INFO  State of current operation: PENDING
14:33:01 INFO  State of current operation: PENDING
14:33:03 INFO  State of current operation: PENDING
14:33:05 INFO  State of current operation: PENDING
14:33:08 INFO  State of current operation: PENDING
14:33:10 INFO  State of current operation: PENDING
14:33:12 INFO  State of current operation: PENDING
14:33:14 INFO  State of current operation: PENDING
14:33:17 INFO  State of current operation: PENDING
14:33:19 INFO  State of current operation: PENDING
14:33:21 INFO  State of current operation: PENDING
14:33:23 INFO  State of current operation: PENDING
14:33:25 INFO  State of current operation: PENDING
14:33:28 INFO  State of current operation: PENDING
14:33:30 INFO  State of current operation: PENDING
14:33:32 INFO  State of current operation: PENDING
14:33:34 INFO  State of current operation: PENDING
14:33:37 INFO  State of current operation: PENDING
14:33:39 INFO  State of current operation: PENDING
14:33:41 INFO  State of current operation: PENDING
14:33:43 INFO  State of current operation: PENDING
14:33:46 INFO  State of current operation: PENDING
14:33:48 WARN  SystemError occurred while running test - Timeout while waiting for status FAILED or SUCCESSFUL
Traceback (most recent call last):
  File "/home/pi/env-pysys/lib/python3.7/site-packages/pysys/baserunner.py", line 1292, in __call__
    self.testObj.setup()
  File "/home/pi/actions-runner/_work/thin-edge.io/thin-edge.io/tests/PySys/software_management_end_to_end/sm_apt_install_remove/run.py", line 27, in setup
    super().setup()
  File "/home/pi/actions-runner/_work/thin-edge.io/thin-edge.io/tests/PySys/software_management_end_to_end/environment_sm_management.py", line 151, in setup
    self.wait_until_end()
  File "/home/pi/actions-runner/_work/thin-edge.io/thin-edge.io/tests/PySys/software_management_end_to_end/environment_sm_management.py", line 332, in wait_until_end
    self.wait_until_status("FAILED", "SUCCESSFUL")
  File "/home/pi/actions-runner/_work/thin-edge.io/thin-edge.io/tests/PySys/software_management_end_to_end/environment_sm_management.py", line 381, in wait_until_status
    "Timeout while waiting for status %s or %s" % (status, status2)
SystemError: Timeout while waiting for status FAILED or SUCCESSFUL
14:33:48 WARN  SystemError: Timeout while waiting for status FAILED or SUCCESSFUL ... blocked 
14:33:48 INFO  
14:33:48 INFO  cleanup:
14:33:52 INFO  Executed sudo&lt;tedge_disconnect_c8y&gt;, exit status 0
14:33:53 INFO  Executed systemctl&lt;serv_mapper5&gt;, exit status 3
14:33:53 INFO  
14:33:53 INFO  Test duration: 167.19 secs
14:33:53 INFO  Test final outcome:  BLOCKED
14:33:53 INFO  Test outcome reason: SystemError: Timeout while waiting for status FAILED or SUCCESSFUL
14:33:53 INFO  
</system-out>
	</testcase>
</testsuite><testsuite name="SoftwareManagement.sm_apt_install_remove_default" tests="3" errors="0" failures="1" skipped="1" time="0"><testcase classname="PySysTest" name="SoftwareManagement.sm_apt_install_remove_default">
		<skipped message="SKIPPED: Testing the apt plugin is not supported on this platform.Use parameter -XmyPlatform='container' to enable it" />
		<system-out>13:39:13 INFO  ==============================================================
13:39:13 INFO  Id:    SoftwareManagement.sm_apt_install_remove_default
13:39:13 INFO  Dir:   software_management_end_to_end/
13:39:13 INFO  Title: Validate end to end behaviour for the default plugin for installation and removal of packages
13:39:13 INFO  ==============================================================
13:39:13 INFO  Testing the apt plugin is not supported on this platform.Use parameter -XmyPlatform='container' to enable it ... skipped
13:39:13 WARN  Aborted test due to SKIPPED outcome
13:39:13 INFO  
13:39:13 INFO  Test duration: 0.03 secs
13:39:13 INFO  Test final outcome:  SKIPPED
13:39:13 INFO  Test outcome reason: Testing the apt plugin is not supported on this platform.Use parameter -XmyPlatform='container' to enable it
13:39:13 INFO  
</system-out>
	</testcase>
<testcase classname="PySysTest" name="SoftwareManagement.sm_apt_install_remove_default" />
<testcase classname="PySysTest" name="SoftwareManagement.sm_apt_install_remove_default">
		<failure message="BLOCKED: SystemError: Timeout while waiting for status FAILED or SUCCESSFUL" type="BLOCKED" />
		<system-out>14:33:53 INFO  ==============================================================
14:33:53 INFO  Id:    SoftwareManagement.sm_apt_install_remove_default
14:33:53 INFO  Dir:   software_management_end_to_end/
14:33:53 INFO  Title: Validate end to end behaviour for the default plugin for installation and removal of packages
14:33:53 INFO  ==============================================================
14:33:53 INFO  Using sw id database: {'asciijump': '5475369', 'robotfindskitten': '5474869', 'squirrel3': '5475279', 'rolldice': '5152439', 'moon-buggy': '5439204', 'apple': '5495053', 'banana': '5494888', 'cherry': '5495382', 'watermelon': '5494510', 'registry': '8018911', 'hello-world': '8021526', 'docker/getting-started': '8021973', 'alpine': '7991792'}
14:33:53 INFO  EnvironmentC8y Setup
14:33:53 INFO  Executed systemctl&lt;serv_mapper1&gt;, exit status 3
14:33:54 INFO  Restarting mosquitto too frequently in the last 10 seconds. It was only up for 5 seconds
14:33:54 INFO  Delaying execution by 6 seconds
14:34:14 INFO  Executed sudo&lt;tedge_connect_c8y&gt;, exit status 0, duration 14 secs
14:34:14 INFO  Executed sudo&lt;tedge_connect_c8y_test&gt;, exit status 0
14:34:15 INFO  Executed systemctl&lt;serv_mosq2&gt;, exit status 0
14:34:15 INFO  Executed systemctl&lt;serv_mapper3&gt;, exit status 0
14:34:18 INFO  State of current operation: PENDING
14:34:20 INFO  State of current operation: PENDING
14:34:22 INFO  State of current operation: PENDING
14:34:24 INFO  State of current operation: PENDING
14:34:26 INFO  State of current operation: PENDING
14:34:29 INFO  State of current operation: PENDING
14:34:31 INFO  State of current operation: PENDING
14:34:33 INFO  State of current operation: PENDING
14:34:35 INFO  State of current operation: PENDING
14:34:38 INFO  State of current operation: PENDING
14:34:40 INFO  State of current operation: PENDING
14:34:42 INFO  State of current operation: PENDING
14:34:44 INFO  State of current operation: PENDING
14:34:46 INFO  State of current operation: PENDING
14:34:49 INFO  State of current operation: PENDING
14:34:51 INFO  State of current operation: PENDING
14:34:53 INFO  State of current operation: PENDING
14:34:55 INFO  State of current operation: PENDING
14:34:58 INFO  State of current operation: PENDING
14:35:00 INFO  State of current operation: PENDING
14:35:02 INFO  State of current operation: PENDING
14:35:04 INFO  State of current operation: PENDING
14:35:06 INFO  State of current operation: PENDING
14:35:09 INFO  State of current operation: PENDING
14:35:11 INFO  State of current operation: PENDING
14:35:13 INFO  State of current operation: PENDING
14:35:15 INFO  State of current operation: PENDING
14:35:18 INFO  State of current operation: PENDING
14:35:20 INFO  State of current operation: PENDING
14:35:22 INFO  State of current operation: PENDING
14:35:24 INFO  State of current operation: PENDING
14:35:26 INFO  State of current operation: PENDING
14:35:29 INFO  State of current operation: PENDING
14:35:31 INFO  State of current operation: PENDING
14:35:33 INFO  State of current operation: PENDING
14:35:36 INFO  State of current operation: PENDING
14:35:38 INFO  State of current operation: PENDING
14:35:40 INFO  State of current operation: PENDING
14:35:42 INFO  State of current operation: PENDING
14:35:44 INFO  State of current operation: PENDING
14:35:47 INFO  State of current operation: PENDING
14:35:49 INFO  State of current operation: PENDING
14:35:51 INFO  State of current operation: PENDING
14:35:53 INFO  State of current operation: PENDING
14:35:56 INFO  State of current operation: PENDING
14:35:58 INFO  State of current operation: PENDING
14:36:00 INFO  State of current operation: PENDING
14:36:02 INFO  State of current operation: PENDING
14:36:04 INFO  State of current operation: PENDING
14:36:07 INFO  State of current operation: PENDING
14:36:09 INFO  State of current operation: PENDING
14:36:11 INFO  State of current operation: PENDING
14:36:13 INFO  State of current operation: PENDING
14:36:16 INFO  State of current operation: PENDING
14:36:18 INFO  State of current operation: PENDING
14:36:20 INFO  State of current operation: PENDING
14:36:22 INFO  State of current operation: PENDING
14:36:25 INFO  State of current operation: PENDING
14:36:27 INFO  State of current operation: PENDING
14:36:29 INFO  State of current operation: PENDING
14:36:31 INFO  State of current operation: PENDING
14:36:33 WARN  SystemError occurred while running test - Timeout while waiting for status FAILED or SUCCESSFUL
Traceback (most recent call last):
  File "/home/pi/env-pysys/lib/python3.7/site-packages/pysys/baserunner.py", line 1292, in __call__
    self.testObj.setup()
  File "/home/pi/actions-runner/_work/thin-edge.io/thin-edge.io/tests/PySys/software_management_end_to_end/sm_apt_install_remove_default/run.py", line 26, in setup
    super().setup()
  File "/home/pi/actions-runner/_work/thin-edge.io/thin-edge.io/tests/PySys/software_management_end_to_end/environment_sm_management.py", line 151, in setup
    self.wait_until_end()
  File "/home/pi/actions-runner/_work/thin-edge.io/thin-edge.io/tests/PySys/software_management_end_to_end/environment_sm_management.py", line 332, in wait_until_end
    self.wait_until_status("FAILED", "SUCCESSFUL")
  File "/home/pi/actions-runner/_work/thin-edge.io/thin-edge.io/tests/PySys/software_management_end_to_end/environment_sm_management.py", line 381, in wait_until_status
    "Timeout while waiting for status %s or %s" % (status, status2)
SystemError: Timeout while waiting for status FAILED or SUCCESSFUL
14:36:34 WARN  SystemError: Timeout while waiting for status FAILED or SUCCESSFUL ... blocked 
14:36:34 INFO  
14:36:34 INFO  cleanup:
14:36:38 INFO  Executed sudo&lt;tedge_disconnect_c8y&gt;, exit status 0
14:36:38 INFO  Executed systemctl&lt;serv_mapper5&gt;, exit status 3
14:36:38 INFO  
14:36:38 INFO  Test duration: 165.50 secs
14:36:38 INFO  Test final outcome:  BLOCKED
14:36:38 INFO  Test outcome reason: SystemError: Timeout while waiting for status FAILED or SUCCESSFUL
14:36:38 INFO  
</system-out>
	</testcase>
</testsuite><testsuite name="SoftwareManagement.sm_apt_install_remove_multiple" tests="3" errors="0" failures="2" skipped="1" time="0"><testcase classname="PySysTest" name="SoftwareManagement.sm_apt_install_remove_multiple">
		<skipped message="SKIPPED: Testing the apt plugin is not supported on this platform.Use parameter -XmyPlatform='container' to enable it" />
		<system-out>13:39:13 INFO  ==============================================================
13:39:13 INFO  Id:    SoftwareManagement.sm_apt_install_remove_multiple
13:39:13 INFO  Dir:   software_management_end_to_end/
13:39:13 INFO  Title: Validate end to end behaviour for the apt plugin for multiple packages
13:39:13 INFO  ==============================================================
13:39:13 INFO  Testing the apt plugin is not supported on this platform.Use parameter -XmyPlatform='container' to enable it ... skipped
13:39:13 WARN  Aborted test due to SKIPPED outcome
13:39:13 INFO  
13:39:13 INFO  Test duration: 0.02 secs
13:39:13 INFO  Test final outcome:  SKIPPED
13:39:13 INFO  Test outcome reason: Testing the apt plugin is not supported on this platform.Use parameter -XmyPlatform='container' to enable it
13:39:13 INFO  
</system-out>
	</testcase>
<testcase classname="PySysTest" name="SoftwareManagement.sm_apt_install_remove_multiple">
		<failure message="BLOCKED: SystemError: Timeout while waiting for status SUCCESSFUL or False (+1 other failures)" type="BLOCKED" />
		<system-out>14:10:05 INFO  ==============================================================
14:10:05 INFO  Id:    SoftwareManagement.sm_apt_install_remove_multiple
14:10:05 INFO  Dir:   software_management_end_to_end/
14:10:05 INFO  Title: Validate end to end behaviour for the apt plugin for multiple packages
14:10:05 INFO  ==============================================================
14:10:05 INFO  Using sw id database: {'asciijump': '5475369', 'robotfindskitten': '5474869', 'squirrel3': '5475279', 'rolldice': '5152439', 'moon-buggy': '5439204', 'apple': '5495053', 'banana': '5494888', 'cherry': '5495382', 'watermelon': '5494510', 'registry': '8018911', 'hello-world': '8021526', 'docker/getting-started': '8021973', 'alpine': '7991792'}
14:10:05 INFO  EnvironmentC8y Setup
14:10:05 INFO  Executed systemctl&lt;serv_mapper1&gt;, exit status 3
14:10:06 INFO  Restarting mosquitto too frequently in the last 10 seconds. It was only up for 6 seconds
14:10:06 INFO  Delaying execution by 5 seconds
14:10:25 INFO  Executed sudo&lt;tedge_connect_c8y&gt;, exit status 0, duration 14 secs
14:10:26 INFO  Executed sudo&lt;tedge_connect_c8y_test&gt;, exit status 0
14:10:26 INFO  Executed systemctl&lt;serv_mosq2&gt;, exit status 0
14:10:27 INFO  Executed systemctl&lt;serv_mapper3&gt;, exit status 0
14:10:29 INFO  State of current operation: SUCCESSFUL
14:10:29 INFO  Assert that (False == value) with value=False ... passed
14:10:29 INFO  Assert that (False == value) with value=False ... passed
14:10:30 INFO  Assert that (False == value) with value=False ... passed
14:10:30 INFO  Package robotfindskitten is installed
14:10:30 WARN  Assert that (False == value) with value=True ... failed 
14:10:30 INFO  Response status: 201
14:10:30 INFO  Response to action: {
    "creationTime": "2022-04-19T14:10:30.449Z",
    "deviceName": "mythicb",
    "deviceId": "17465657",
    "self": "https://t493319102.eu-latest.cumulocity.com/devicecontrol/operations/17475320",
    "id": "17475320",
    "status": "PENDING",
    "description": "Apply software changes, triggered from PySys: [{'action': 'install', 'id': '5475369', 'name': 'asciijump', 'url': ' ', 'version': '::apt'}, {'action': 'install', 'id': '5474869', 'name': 'robotfindskitten', 'url': ' ', 'version': '::apt'}, {'action': 'install', 'id': '5475279', 'name': 'squirrel3', 'url': ' ', 'version': '::apt'}]",
    "c8y_SoftwareUpdate": [
        {
            "name": "asciijump",
            "action": "install",
            "id": "5475369",
            "version": "::apt",
            "url": " "
        },
        {
            "name": "robotfindskitten",
            "action": "install",
            "id": "5474869",
            "version": "::apt",
            "url": " "
        },
        {
            "name": "squirrel3",
            "action": "install",
            "id": "5475279",
            "version": "::apt",
            "url": " "
        }
    ]
}
14:10:30 INFO  Started operation: {'creationTime': '2022-04-19T14:10:30.449Z', 'deviceName': 'mythicb', 'deviceId': '17465657', 'self': 'https://t493319102.eu-latest.cumulocity.com/devicecontrol/operations/17475320', 'id': '17475320', 'status': 'PENDING', 'description': "Apply software changes, triggered from PySys: [{'action': 'install', 'id': '5475369', 'name': 'asciijump', 'url': ' ', 'version': '::apt'}, {'action': 'install', 'id': '5474869', 'name': 'robotfindskitten', 'url': ' ', 'version': '::apt'}, {'action': 'install', 'id': '5475279', 'name': 'squirrel3', 'url': ' ', 'version': '::apt'}]", 'c8y_SoftwareUpdate': [{'name': 'asciijump', 'action': 'install', 'id': '5475369', 'version': '::apt', 'url': ' '}, {'name': 'robotfindskitten', 'action': 'install', 'id': '5474869', 'version': '::apt', 'url': ' '}, {'name': 'squirrel3', 'action': 'install', 'id': '5475279', 'version': '::apt', 'url': ' '}]}
14:10:32 INFO  State of operation 17475320 : PENDING
14:10:34 INFO  State of operation 17475320 : PENDING
14:10:37 INFO  State of operation 17475320 : PENDING
14:10:39 INFO  State of operation 17475320 : PENDING
14:10:41 INFO  State of operation 17475320 : PENDING
14:10:43 INFO  State of operation 17475320 : PENDING
14:10:45 INFO  State of operation 17475320 : PENDING
14:10:48 INFO  State of operation 17475320 : PENDING
14:10:50 INFO  State of operation 17475320 : PENDING
14:10:52 INFO  State of operation 17475320 : PENDING
14:10:54 INFO  State of operation 17475320 : PENDING
14:10:57 INFO  State of operation 17475320 : PENDING
14:10:59 INFO  State of operation 17475320 : PENDING
14:11:01 INFO  State of operation 17475320 : PENDING
14:11:03 INFO  State of operation 17475320 : PENDING
14:11:05 INFO  State of operation 17475320 : PENDING
14:11:08 INFO  State of operation 17475320 : PENDING
14:11:10 INFO  State of operation 17475320 : PENDING
14:11:12 INFO  State of operation 17475320 : PENDING
14:11:14 INFO  State of operation 17475320 : PENDING
14:11:17 INFO  State of operation 17475320 : PENDING
14:11:19 INFO  State of operation 17475320 : PENDING
14:11:21 INFO  State of operation 17475320 : PENDING
14:11:23 INFO  State of operation 17475320 : PENDING
14:11:25 INFO  State of operation 17475320 : PENDING
14:11:28 INFO  State of operation 17475320 : PENDING
14:11:30 INFO  State of operation 17475320 : PENDING
14:11:32 INFO  State of operation 17475320 : PENDING
14:11:34 INFO  State of operation 17475320 : PENDING
14:11:37 INFO  State of operation 17475320 : PENDING
14:11:39 INFO  State of operation 17475320 : PENDING
14:11:41 INFO  State of operation 17475320 : PENDING
14:11:43 INFO  State of operation 17475320 : PENDING
14:11:45 INFO  State of operation 17475320 : PENDING
14:11:48 INFO  State of operation 17475320 : PENDING
14:11:50 INFO  State of operation 17475320 : PENDING
14:11:52 INFO  State of operation 17475320 : PENDING
14:11:54 INFO  State of operation 17475320 : PENDING
14:11:57 INFO  State of operation 17475320 : PENDING
14:11:59 INFO  State of operation 17475320 : PENDING
14:12:01 INFO  State of operation 17475320 : PENDING
14:12:03 INFO  State of operation 17475320 : PENDING
14:12:05 INFO  State of operation 17475320 : PENDING
14:12:08 INFO  State of operation 17475320 : PENDING
14:12:10 INFO  State of operation 17475320 : PENDING
14:12:12 INFO  State of operation 17475320 : PENDING
14:12:14 INFO  State of operation 17475320 : PENDING
14:12:16 INFO  State of operation 17475320 : PENDING
14:12:19 INFO  State of operation 17475320 : PENDING
14:12:21 INFO  State of operation 17475320 : PENDING
14:12:23 INFO  State of operation 17475320 : PENDING
14:12:25 INFO  State of operation 17475320 : PENDING
14:12:28 INFO  State of operation 17475320 : PENDING
14:12:30 INFO  State of operation 17475320 : PENDING
14:12:32 INFO  State of operation 17475320 : PENDING
14:12:34 INFO  State of operation 17475320 : PENDING
14:12:37 INFO  State of operation 17475320 : PENDING
14:12:39 INFO  State of operation 17475320 : PENDING
14:12:41 INFO  State of operation 17475320 : PENDING
14:12:43 INFO  State of operation 17475320 : PENDING
14:12:46 INFO  State of operation 17475320 : PENDING
14:12:48 WARN  SystemError occurred while running test - Timeout while waiting for status SUCCESSFUL or False
Traceback (most recent call last):
  File "/home/pi/env-pysys/lib/python3.7/site-packages/pysys/baserunner.py", line 1294, in __call__
    self.testObj.execute()
  File "/home/pi/actions-runner/_work/thin-edge.io/thin-edge.io/tests/PySys/software_management_end_to_end/sm_apt_install_remove_multiple/run.py", line 66, in execute
    self.wait_until_succcess()
  File "/home/pi/actions-runner/_work/thin-edge.io/thin-edge.io/tests/PySys/software_management_end_to_end/environment_sm_management.py", line 324, in wait_until_succcess
    self.wait_until_status("SUCCESSFUL")
  File "/home/pi/actions-runner/_work/thin-edge.io/thin-edge.io/tests/PySys/software_management_end_to_end/environment_sm_management.py", line 381, in wait_until_status
    "Timeout while waiting for status %s or %s" % (status, status2)
SystemError: Timeout while waiting for status SUCCESSFUL or False
14:12:48 WARN  SystemError: Timeout while waiting for status SUCCESSFUL or False ... blocked 
14:12:48 INFO  
14:12:48 INFO  cleanup:
14:12:52 INFO  Executed sudo&lt;tedge_disconnect_c8y&gt;, exit status 0
14:12:52 INFO  Executed systemctl&lt;serv_mapper5&gt;, exit status 3
14:12:52 INFO  
14:12:52 INFO  Test duration: 167.60 secs
14:12:52 INFO  Test final outcome:  BLOCKED
14:12:52 INFO  Test outcome reason: SystemError: Timeout while waiting for status SUCCESSFUL or False (+1 other failures)
14:12:52 INFO  
</system-out>
	</testcase>
<testcase classname="PySysTest" name="SoftwareManagement.sm_apt_install_remove_multiple">
		<failure message="BLOCKED: SystemError: Timeout while waiting for status FAILED or SUCCESSFUL" type="BLOCKED" />
		<system-out>14:36:38 INFO  ==============================================================
14:36:38 INFO  Id:    SoftwareManagement.sm_apt_install_remove_multiple
14:36:38 INFO  Dir:   software_management_end_to_end/
14:36:38 INFO  Title: Validate end to end behaviour for the apt plugin for multiple packages
14:36:38 INFO  ==============================================================
14:36:38 INFO  Using sw id database: {'asciijump': '5475369', 'robotfindskitten': '5474869', 'squirrel3': '5475279', 'rolldice': '5152439', 'moon-buggy': '5439204', 'apple': '5495053', 'banana': '5494888', 'cherry': '5495382', 'watermelon': '5494510', 'registry': '8018911', 'hello-world': '8021526', 'docker/getting-started': '8021973', 'alpine': '7991792'}
14:36:38 INFO  EnvironmentC8y Setup
14:36:39 INFO  Executed systemctl&lt;serv_mapper1&gt;, exit status 3
14:36:39 INFO  Restarting mosquitto too frequently in the last 10 seconds. It was only up for 5 seconds
14:36:39 INFO  Delaying execution by 6 seconds
14:36:59 INFO  Executed sudo&lt;tedge_connect_c8y&gt;, exit status 0, duration 14 secs
14:37:00 INFO  Executed sudo&lt;tedge_connect_c8y_test&gt;, exit status 0
14:37:00 INFO  Executed systemctl&lt;serv_mosq2&gt;, exit status 0
14:37:01 INFO  Executed systemctl&lt;serv_mapper3&gt;, exit status 0
14:37:03 INFO  State of current operation: PENDING
14:37:05 INFO  State of current operation: PENDING
14:37:08 INFO  State of current operation: PENDING
14:37:10 INFO  State of current operation: PENDING
14:37:12 INFO  State of current operation: PENDING
14:37:14 INFO  State of current operation: PENDING
14:37:16 INFO  State of current operation: PENDING
14:37:19 INFO  State of current operation: PENDING
14:37:21 INFO  State of current operation: PENDING
14:37:23 INFO  State of current operation: PENDING
14:37:25 INFO  State of current operation: PENDING
14:37:28 INFO  State of current operation: PENDING
14:37:30 INFO  State of current operation: PENDING
14:37:32 INFO  State of current operation: PENDING
14:37:34 INFO  State of current operation: PENDING
14:37:36 INFO  State of current operation: PENDING
14:37:39 INFO  State of current operation: PENDING
14:37:41 INFO  State of current operation: PENDING
14:37:43 INFO  State of current operation: PENDING
14:37:46 INFO  State of current operation: PENDING
14:37:48 INFO  State of current operation: PENDING
14:37:50 INFO  State of current operation: PENDING
14:37:52 INFO  State of current operation: PENDING
14:37:54 INFO  State of current operation: PENDING
14:37:57 INFO  State of current operation: PENDING
14:37:59 INFO  State of current operation: PENDING
14:38:01 INFO  State of current operation: PENDING
14:38:03 INFO  State of current operation: PENDING
14:38:06 INFO  State of current operation: PENDING
14:38:08 INFO  State of current operation: PENDING
14:38:10 INFO  State of current operation: PENDING
14:38:12 INFO  State of current operation: PENDING
14:38:15 INFO  State of current operation: PENDING
14:38:17 INFO  State of current operation: PENDING
14:38:19 INFO  State of current operation: PENDING
14:38:21 INFO  State of current operation: PENDING
14:38:24 INFO  State of current operation: PENDING
14:38:26 INFO  State of current operation: PENDING
14:38:28 INFO  State of current operation: PENDING
14:38:30 INFO  State of current operation: PENDING
14:38:32 INFO  State of current operation: PENDING
14:38:35 INFO  State of current operation: PENDING
14:38:37 INFO  State of current operation: PENDING
14:38:39 INFO  State of current operation: PENDING
14:38:41 INFO  State of current operation: PENDING
14:38:44 INFO  State of current operation: PENDING
14:38:46 INFO  State of current operation: PENDING
14:38:48 INFO  State of current operation: PENDING
14:38:50 INFO  State of current operation: PENDING
14:38:53 INFO  State of current operation: PENDING
14:38:55 INFO  State of current operation: PENDING
14:38:57 INFO  State of current operation: PENDING
14:38:59 INFO  State of current operation: PENDING
14:39:01 INFO  State of current operation: PENDING
14:39:04 INFO  State of current operation: PENDING
14:39:06 INFO  State of current operation: PENDING
14:39:08 INFO  State of current operation: PENDING
14:39:10 INFO  State of current operation: PENDING
14:39:13 INFO  State of current operation: PENDING
14:39:15 INFO  State of current operation: PENDING
14:39:17 INFO  State of current operation: PENDING
14:39:19 WARN  SystemError occurred while running test - Timeout while waiting for status FAILED or SUCCESSFUL
Traceback (most recent call last):
  File "/home/pi/env-pysys/lib/python3.7/site-packages/pysys/baserunner.py", line 1292, in __call__
    self.testObj.setup()
  File "/home/pi/actions-runner/_work/thin-edge.io/thin-edge.io/tests/PySys/software_management_end_to_end/sm_apt_install_remove_multiple/run.py", line 52, in setup
    super().setup()
  File "/home/pi/actions-runner/_work/thin-edge.io/thin-edge.io/tests/PySys/software_management_end_to_end/environment_sm_management.py", line 151, in setup
    self.wait_until_end()
  File "/home/pi/actions-runner/_work/thin-edge.io/thin-edge.io/tests/PySys/software_management_end_to_end/environment_sm_management.py", line 332, in wait_until_end
    self.wait_until_status("FAILED", "SUCCESSFUL")
  File "/home/pi/actions-runner/_work/thin-edge.io/thin-edge.io/tests/PySys/software_management_end_to_end/environment_sm_management.py", line 381, in wait_until_status
    "Timeout while waiting for status %s or %s" % (status, status2)
SystemError: Timeout while waiting for status FAILED or SUCCESSFUL
14:39:19 WARN  SystemError: Timeout while waiting for status FAILED or SUCCESSFUL ... blocked 
14:39:19 INFO  
14:39:19 INFO  cleanup:
14:39:23 INFO  Executed sudo&lt;tedge_disconnect_c8y&gt;, exit status 0
14:39:24 INFO  Executed systemctl&lt;serv_mapper5&gt;, exit status 3
14:39:24 INFO  
14:39:24 INFO  Test duration: 165.64 secs
14:39:24 INFO  Test final outcome:  BLOCKED
14:39:24 INFO  Test outcome reason: SystemError: Timeout while waiting for status FAILED or SUCCESSFUL
14:39:24 INFO  
</system-out>
	</testcase>
</testsuite><testsuite name="SoftwareManagement.sm_apt_install_remove_multiple_mixed" tests="3" errors="0" failures="2" skipped="1" time="0"><testcase classname="PySysTest" name="SoftwareManagement.sm_apt_install_remove_multiple_mixed">
		<skipped message="SKIPPED: Testing the apt plugin is not supported on this platform.Use parameter -XmyPlatform='container' to enable it" />
		<system-out>13:39:13 INFO  ==============================================================
13:39:13 INFO  Id:    SoftwareManagement.sm_apt_install_remove_multiple_mixed
13:39:13 INFO  Dir:   software_management_end_to_end/
13:39:13 INFO  Title: Validate end to end behaviour for the apt plugin for multiple packages with mixed versions
13:39:13 INFO  ==============================================================
13:39:13 INFO  Testing the apt plugin is not supported on this platform.Use parameter -XmyPlatform='container' to enable it ... skipped
13:39:13 WARN  Aborted test due to SKIPPED outcome
13:39:13 INFO  
13:39:13 INFO  Test duration: 0.02 secs
13:39:13 INFO  Test final outcome:  SKIPPED
13:39:13 INFO  Test outcome reason: Testing the apt plugin is not supported on this platform.Use parameter -XmyPlatform='container' to enable it
13:39:13 INFO  
</system-out>
	</testcase>
<testcase classname="PySysTest" name="SoftwareManagement.sm_apt_install_remove_multiple_mixed">
		<failure message="BLOCKED: SystemError: Timeout while waiting for status FAILED or SUCCESSFUL" type="BLOCKED" />
		<system-out>14:12:53 INFO  ==============================================================
14:12:53 INFO  Id:    SoftwareManagement.sm_apt_install_remove_multiple_mixed
14:12:53 INFO  Dir:   software_management_end_to_end/
14:12:53 INFO  Title: Validate end to end behaviour for the apt plugin for multiple packages with mixed versions
14:12:53 INFO  ==============================================================
14:12:53 INFO  Using sw id database: {'asciijump': '5475369', 'robotfindskitten': '5474869', 'squirrel3': '5475279', 'rolldice': '5152439', 'moon-buggy': '5439204', 'apple': '5495053', 'banana': '5494888', 'cherry': '5495382', 'watermelon': '5494510', 'registry': '8018911', 'hello-world': '8021526', 'docker/getting-started': '8021973', 'alpine': '7991792'}
14:12:53 INFO  EnvironmentC8y Setup
14:12:53 INFO  Executed systemctl&lt;serv_mapper1&gt;, exit status 3
14:12:53 INFO  Restarting mosquitto too frequently in the last 10 seconds. It was only up for 5 seconds
14:12:53 INFO  Delaying execution by 6 seconds
14:13:14 INFO  Executed sudo&lt;tedge_connect_c8y&gt;, exit status 0, duration 14 secs
14:13:14 INFO  Executed sudo&lt;tedge_connect_c8y_test&gt;, exit status 0
14:13:15 INFO  Executed systemctl&lt;serv_mosq2&gt;, exit status 0
14:13:15 INFO  Executed systemctl&lt;serv_mapper3&gt;, exit status 0
14:13:18 INFO  State of current operation: PENDING
14:13:20 INFO  State of current operation: PENDING
14:13:22 INFO  State of current operation: PENDING
14:13:24 INFO  State of current operation: PENDING
14:13:26 INFO  State of current operation: PENDING
14:13:29 INFO  State of current operation: PENDING
14:13:31 INFO  State of current operation: PENDING
14:13:33 INFO  State of current operation: PENDING
14:13:35 INFO  State of current operation: PENDING
14:13:38 INFO  State of current operation: PENDING
14:13:40 INFO  State of current operation: PENDING
14:13:42 INFO  State of current operation: PENDING
14:13:44 INFO  State of current operation: PENDING
14:13:46 INFO  State of current operation: PENDING
14:13:49 INFO  State of current operation: PENDING
14:13:51 INFO  State of current operation: PENDING
14:13:53 INFO  State of current operation: PENDING
14:13:55 INFO  State of current operation: PENDING
14:13:58 INFO  State of current operation: PENDING
14:14:00 INFO  State of current operation: PENDING
14:14:02 INFO  State of current operation: PENDING
14:14:04 INFO  State of current operation: PENDING
14:14:06 INFO  State of current operation: PENDING
14:14:09 INFO  State of current operation: PENDING
14:14:11 INFO  State of current operation: PENDING
14:14:13 INFO  State of current operation: PENDING
14:14:15 INFO  State of current operation: PENDING
14:14:18 INFO  State of current operation: PENDING
14:14:20 INFO  State of current operation: PENDING
14:14:22 INFO  State of current operation: PENDING
14:14:24 INFO  State of current operation: PENDING
14:14:27 INFO  State of current operation: PENDING
14:14:29 INFO  State of current operation: PENDING
14:14:31 INFO  State of current operation: PENDING
14:14:33 INFO  State of current operation: PENDING
14:14:35 INFO  State of current operation: PENDING
14:14:38 INFO  State of current operation: PENDING
14:14:40 INFO  State of current operation: PENDING
14:14:42 INFO  State of current operation: PENDING
14:14:44 INFO  State of current operation: PENDING
14:14:47 INFO  State of current operation: PENDING
14:14:49 INFO  State of current operation: PENDING
14:14:51 INFO  State of current operation: PENDING
14:14:53 INFO  State of current operation: PENDING
14:14:55 INFO  State of current operation: PENDING
14:14:58 INFO  State of current operation: PENDING
14:15:00 INFO  State of current operation: PENDING
14:15:02 INFO  State of current operation: PENDING
14:15:04 INFO  State of current operation: PENDING
14:15:07 INFO  State of current operation: PENDING
14:15:09 INFO  State of current operation: PENDING
14:15:11 INFO  State of current operation: PENDING
14:15:13 INFO  State of current operation: PENDING
14:15:16 INFO  State of current operation: PENDING
14:15:18 INFO  State of current operation: PENDING
14:15:20 INFO  State of current operation: PENDING
14:15:22 INFO  State of current operation: PENDING
14:15:24 INFO  State of current operation: PENDING
14:15:27 INFO  State of current operation: PENDING
14:15:29 INFO  State of current operation: PENDING
14:15:31 INFO  State of current operation: PENDING
14:15:33 WARN  SystemError occurred while running test - Timeout while waiting for status FAILED or SUCCESSFUL
Traceback (most recent call last):
  File "/home/pi/env-pysys/lib/python3.7/site-packages/pysys/baserunner.py", line 1292, in __call__
    self.testObj.setup()
  File "/home/pi/actions-runner/_work/thin-edge.io/thin-edge.io/tests/PySys/software_management_end_to_end/sm_apt_install_remove_multiple_mixed/run.py", line 73, in setup
    super().setup()
  File "/home/pi/actions-runner/_work/thin-edge.io/thin-edge.io/tests/PySys/software_management_end_to_end/environment_sm_management.py", line 151, in setup
    self.wait_until_end()
  File "/home/pi/actions-runner/_work/thin-edge.io/thin-edge.io/tests/PySys/software_management_end_to_end/environment_sm_management.py", line 332, in wait_until_end
    self.wait_until_status("FAILED", "SUCCESSFUL")
  File "/home/pi/actions-runner/_work/thin-edge.io/thin-edge.io/tests/PySys/software_management_end_to_end/environment_sm_management.py", line 381, in wait_until_status
    "Timeout while waiting for status %s or %s" % (status, status2)
SystemError: Timeout while waiting for status FAILED or SUCCESSFUL
14:15:33 WARN  SystemError: Timeout while waiting for status FAILED or SUCCESSFUL ... blocked 
14:15:33 INFO  
14:15:33 INFO  cleanup:
14:15:37 INFO  Executed sudo&lt;tedge_disconnect_c8y&gt;, exit status 0
14:15:38 INFO  Executed systemctl&lt;serv_mapper5&gt;, exit status 3
14:15:38 INFO  
14:15:38 INFO  Test duration: 165.30 secs
14:15:38 INFO  Test final outcome:  BLOCKED
14:15:38 INFO  Test outcome reason: SystemError: Timeout while waiting for status FAILED or SUCCESSFUL
14:15:38 INFO  
</system-out>
	</testcase>
<testcase classname="PySysTest" name="SoftwareManagement.sm_apt_install_remove_multiple_mixed">
		<failure message="BLOCKED: SystemError: Timeout while waiting for status FAILED or SUCCESSFUL" type="BLOCKED" />
		<system-out>14:39:24 INFO  ==============================================================
14:39:24 INFO  Id:    SoftwareManagement.sm_apt_install_remove_multiple_mixed
14:39:24 INFO  Dir:   software_management_end_to_end/
14:39:24 INFO  Title: Validate end to end behaviour for the apt plugin for multiple packages with mixed versions
14:39:24 INFO  ==============================================================
14:39:24 INFO  Using sw id database: {'asciijump': '5475369', 'robotfindskitten': '5474869', 'squirrel3': '5475279', 'rolldice': '5152439', 'moon-buggy': '5439204', 'apple': '5495053', 'banana': '5494888', 'cherry': '5495382', 'watermelon': '5494510', 'registry': '8018911', 'hello-world': '8021526', 'docker/getting-started': '8021973', 'alpine': '7991792'}
14:39:24 INFO  EnvironmentC8y Setup
14:39:25 INFO  Executed systemctl&lt;serv_mapper1&gt;, exit status 3
14:39:25 INFO  Restarting mosquitto too frequently in the last 10 seconds. It was only up for 5 seconds
14:39:25 INFO  Delaying execution by 6 seconds
14:39:45 INFO  Executed sudo&lt;tedge_connect_c8y&gt;, exit status 0, duration 14 secs
14:39:46 INFO  Executed sudo&lt;tedge_connect_c8y_test&gt;, exit status 0
14:39:47 INFO  Executed systemctl&lt;serv_mosq2&gt;, exit status 0
14:39:47 INFO  Executed systemctl&lt;serv_mapper3&gt;, exit status 0
14:39:49 INFO  State of current operation: PENDING
14:39:52 INFO  State of current operation: PENDING
14:39:54 INFO  State of current operation: PENDING
14:39:56 INFO  State of current operation: PENDING
14:39:58 INFO  State of current operation: PENDING
14:40:00 INFO  State of current operation: PENDING
14:40:03 INFO  State of current operation: PENDING
14:40:05 INFO  State of current operation: PENDING
14:40:07 INFO  State of current operation: PENDING
14:40:09 INFO  State of current operation: PENDING
14:40:12 INFO  State of current operation: PENDING
14:40:14 INFO  State of current operation: PENDING
14:40:16 INFO  State of current operation: PENDING
14:40:18 INFO  State of current operation: PENDING
14:40:20 INFO  State of current operation: PENDING
14:40:23 INFO  State of current operation: PENDING
14:40:25 INFO  State of current operation: PENDING
14:40:27 INFO  State of current operation: PENDING
14:40:29 INFO  State of current operation: PENDING
14:40:32 INFO  State of current operation: PENDING
14:40:34 INFO  State of current operation: PENDING
14:40:36 INFO  State of current operation: PENDING
14:40:38 INFO  State of current operation: PENDING
14:40:41 INFO  State of current operation: PENDING
14:40:43 INFO  State of current operation: PENDING
14:40:45 INFO  State of current operation: PENDING
14:40:47 INFO  State of current operation: PENDING
14:40:50 INFO  State of current operation: PENDING
14:40:52 INFO  State of current operation: PENDING
14:40:54 INFO  State of current operation: PENDING
14:40:56 INFO  State of current operation: PENDING
14:40:58 INFO  State of current operation: PENDING
14:41:01 INFO  State of current operation: PENDING
14:41:03 INFO  State of current operation: PENDING
[...]
</testsuite><testsuite name="local_mqtt_pub_fail_qos1" tests="1" errors="0" failures="0" skipped="0" time="0"><testcase classname="PySysTest" name="local_mqtt_pub_fail_qos1" />
</testsuite><testsuite name="local_mqtt_pub_fail_qos2" tests="1" errors="0" failures="0" skipped="0" time="0"><testcase classname="PySysTest" name="local_mqtt_pub_fail_qos2" />
</testsuite><testsuite name="local_mqtt_pub_sub" tests="1" errors="0" failures="0" skipped="0" time="0"><testcase classname="PySysTest" name="local_mqtt_pub_sub" />
</testsuite><testsuite name="local_mqtt_pub_sub_retain" tests="1" errors="0" failures="0" skipped="0" time="0"><testcase classname="MqttPublishWithRetain" name="local_mqtt_pub_sub_retain" />
</testsuite><testsuite name="local_mqtt_pub_sub_with_sudo" tests="1" errors="0" failures="0" skipped="0" time="0"><testcase classname="PySysTest" name="local_mqtt_pub_sub_with_sudo" />
</testsuite><testsuite name="local_mqtt_sub_fail" tests="1" errors="0" failures="0" skipped="0" time="0"><testcase classname="PySysTest" name="local_mqtt_sub_fail" />
</testsuite><testsuite name="log_request_error_messages" tests="1" errors="0" failures="0" skipped="0" time="0"><testcase classname="LogRequestVerifySearchTextError" name="log_request_error_messages" />
</testsuite><testsuite name="log_request_num_lines" tests="1" errors="0" failures="0" skipped="0" time="0"><testcase classname="LogRequestVerifyNumberOfLines" name="log_request_num_lines" />
</testsuite><testsuite name="mapper_awaits_before_reconnect" tests="1" errors="0" failures="0" skipped="0" time="0"><testcase classname="MapperReconnectAwait" name="mapper_awaits_before_reconnect" />
</testsuite><testsuite name="monitoring_smaller_interval" tests="1" errors="0" failures="0" skipped="1" time="0"><testcase classname="MonitoringSmallInterval" name="monitoring_smaller_interval">
		<skipped message="SKIPPED: Fails due to retained message" />
		<system-out>13:29:29 INFO  ==============================================================
13:29:29 INFO  Id:    monitoring_smaller_interval
13:29:29 INFO  Dir:   monitoring/
13:29:29 INFO  Title: Validate the tedge dm agent messages that are produced with smaller sampling interval than the batching window. Here the simulated collectd messages are used
13:29:29 INFO  ==============================================================
13:29:29 INFO  Fails due to retained message ... skipped
13:29:29 INFO  
13:29:29 INFO  Test duration: 0.02 secs
13:29:29 INFO  Test final outcome:  SKIPPED
13:29:29 INFO  Test outcome reason: Fails due to retained message
13:29:29 INFO  
</system-out>
	</testcase>
</testsuite><testsuite name="monitoring_with_collectd" tests="1" errors="0" failures="0" skipped="1" time="0"><testcase classname="MonitoringWithCollectd" name="monitoring_with_collectd">
		<skipped message="SKIPPED: Test execution disabled due to #792 (instable)" />
		<system-out>13:29:29 INFO  ==============================================================
13:29:29 INFO  Id:    monitoring_with_collectd
13:29:29 INFO  Dir:   monitoring/
13:29:29 INFO  Title: Validate tedge dm agent messages that are produced by batching the collectd messages
13:29:29 INFO  ==============================================================
13:29:29 INFO  Test execution disabled due to #792 (instable) ... skipped
13:29:29 INFO  
13:29:29 INFO  Test duration: 0.02 secs
13:29:29 INFO  Test final outcome:  SKIPPED
13:29:29 INFO  Test outcome reason: Test execution disabled due to #792 (instable)
13:29:29 INFO  
</system-out>
	</testcase>
</testsuite><testsuite name="monitoring_with_simulated_messages" tests="1" errors="0" failures="0" skipped="1" time="0"><testcase classname="MonitoringWithSimulatedMessages" name="monitoring_with_simulated_messages">
		<skipped message="SKIPPED: Fails due to retained message" />
		<system-out>13:29:29 INFO  ==============================================================
13:29:29 INFO  Id:    monitoring_with_simulated_messages
13:29:29 INFO  Dir:   monitoring/
13:29:29 INFO  Title: Validate the tedge dm agent messages that are produced from the simulated collectd messages
13:29:29 INFO  ==============================================================
13:29:29 INFO  Fails due to retained message ... skipped
13:29:29 INFO  
13:29:29 INFO  Test duration: 0.02 secs
13:29:29 INFO  Test final outcome:  SKIPPED
13:29:29 INFO  Test outcome reason: Fails due to retained message
13:29:29 INFO  
</system-out>
	</testcase>
</testsuite><testsuite name="mqtt_port_change_connection_fails" tests="1" errors="0" failures="0" skipped="0" time="0"><testcase classname="MqttPortChangeConnectionFails" name="mqtt_port_change_connection_fails" />
</testsuite><testsuite name="mqtt_port_change_connection_works" tests="1" errors="0" failures="0" skipped="1" time="0"><testcase classname="MqttPortChangeConnectionWorks" name="mqtt_port_change_connection_works">
		<skipped message="SKIPPED: failing intermitently" />
		<system-out>13:28:34 INFO  ==============================================================
13:28:34 INFO  Id:    mqtt_port_change_connection_works
13:28:34 INFO  Dir:   misc_features/
13:28:34 INFO  Title: mqtt port change connection works for all the thin-edge services that use the mosquitto broker
13:28:34 INFO  ==============================================================
13:28:34 INFO  failing intermitently ... skipped
13:28:34 INFO  
13:28:34 INFO  Test duration: 0.03 secs
13:28:34 INFO  Test final outcome:  SKIPPED
13:28:34 INFO  Test outcome reason: failing intermitently
13:28:34 INFO  
</system-out>
	</testcase>
</testsuite><testsuite name="mqtt_port_set" tests="1" errors="0" failures="0" skipped="0" time="0"><testcase classname="MqttPortSet" name="mqtt_port_set" />
</testsuite><testsuite name="mqtt_port_unset" tests="1" errors="0" failures="0" skipped="0" time="0"><testcase classname="MqttPortUnSet" name="mqtt_port_unset" />
</testsuite><testsuite name="publish_flux" tests="1" errors="0" failures="0" skipped="0" time="0"><testcase classname="PublishFlux" name="publish_flux" />
</testsuite><testsuite name="publish_sawmill" tests="1" errors="0" failures="0" skipped="0" time="0"><testcase classname="PublishSawmill" name="publish_sawmill" />
</testsuite><testsuite name="pysys_block" tests="1" errors="0" failures="0" skipped="1" time="0"><testcase classname="Fail" name="pysys_block">
		<skipped message="SKIPPED: Enable this to observe a blocking test" />
		<system-out>13:28:57 INFO  ==============================================================
13:28:57 INFO  Id:    pysys_block
13:28:57 INFO  Dir:   misc_features/
13:28:57 INFO  Title: fail
13:28:57 INFO  ==============================================================
13:28:57 INFO  Enable this to observe a blocking test ... skipped
13:28:57 INFO  
13:28:57 INFO  Test duration: 0.02 secs
13:28:57 INFO  Test final outcome:  SKIPPED
13:28:57 INFO  Test outcome reason: Enable this to observe a blocking test
13:28:57 INFO  
</system-out>
	</testcase>
</testsuite><testsuite name="pysys_fail" tests="1" errors="0" failures="0" skipped="1" time="0"><testcase classname="Fail" name="pysys_fail">
		<skipped message="SKIPPED: Enable this to observe a failing test" />
		<system-out>13:28:57 INFO  ==============================================================
13:28:57 INFO  Id:    pysys_fail
13:28:57 INFO  Dir:   misc_features/
13:28:57 INFO  Title: fail
13:28:57 INFO  ==============================================================
13:28:57 INFO  Enable this to observe a failing test ... skipped
13:28:57 INFO  
13:28:57 INFO  Test duration: 0.02 secs
13:28:57 INFO  Test final outcome:  SKIPPED
13:28:57 INFO  Test outcome reason: Enable this to observe a failing test
13:28:57 INFO  
</system-out>
	</testcase>
</testsuite><testsuite name="runtime_start_two_mappers" tests="1" errors="0" failures="0" skipped="0" time="0"><testcase classname="RuntimeMultiMappers" name="runtime_start_two_mappers" />
</testsuite><testsuite name="sm_tedge_mapper_init_session" tests="1" errors="0" failures="0" skipped="0" time="0"><testcase classname="TedgeSMMapperInitSession" name="sm_tedge_mapper_init_session" />
</testsuite><testsuite name="smoketest_json" tests="1" errors="0" failures="0" skipped="0" time="0"><testcase classname="SmokeTestJson" name="smoketest_json" />
</testsuite><testsuite name="smoketest_json_400_samples_10ms" tests="1" errors="0" failures="0" skipped="0" time="0"><testcase classname="SmoketestJson400Samples10ms" name="smoketest_json_400_samples_10ms" />
</testsuite><testsuite name="smoketest_json_400_samples_20ms" tests="1" errors="0" failures="0" skipped="0" time="0"><testcase classname="SmoketestJson400Samples20ms" name="smoketest_json_400_samples_20ms" />
</testsuite><testsuite name="smoketest_smartrest" tests="1" errors="0" failures="1" skipped="0" time="0"><testcase classname="SmoketestSmartRest" name="smoketest_smartrest">
		<failure message="BLOCKED: python3&lt;stdout&gt; returned non-zero exit code 1" type="BLOCKED" />
		<system-out>13:34:48 INFO  ==============================================================
13:34:48 INFO  Id:    smoketest_smartrest
13:34:48 INFO  Dir:   smoketests/
13:34:48 INFO  Title: Smoketest SmartREST
13:34:48 INFO  ==============================================================
13:34:48 INFO  EnvironmentC8y Setup
13:34:48 INFO  Executed systemctl&lt;serv_mapper1&gt;, exit status 3
13:34:48 INFO  Restarting mosquitto too frequently in the last 10 seconds. It was only up for 4 seconds
13:34:48 INFO  Delaying execution by 7 seconds
13:35:10 INFO  Executed sudo&lt;tedge_connect_c8y&gt;, exit status 0, duration 14 secs
13:35:10 INFO  Executed sudo&lt;tedge_connect_c8y_test&gt;, exit status 0
13:35:11 INFO  Executed systemctl&lt;serv_mosq2&gt;, exit status 0
13:35:11 INFO  Executed systemctl&lt;serv_mapper3&gt;, exit status 0
13:35:31 WARN  Executed python3&lt;stdout&gt;, exit status 1
13:35:31 INFO  Contents of stdout.out: 
  Act: Publishing values with tedge pub
  Waiting 3s for values to arrive in C8y
  Assert: Retrieving data via REST interface
  Gathering values from 2022-04-19 13:35:21+00:00 to 2022-04-19 13:35:31+00:00
  Found 19 recorded values:
  Retrieved values:
      0     1     2     3     4     5     6     7     8     9    10    11    12    13    14    15    16    17    18
  Expected:  0.0  ...  19.0
  Data verification FAILED
  -----

13:35:32 WARN  python3&lt;stdout&gt; returned non-zero exit code 1 ... blocked 
13:35:32 WARN  Aborted test due to BLOCKED outcome
13:35:32 INFO  
13:35:32 INFO  cleanup:
13:35:36 INFO  Executed sudo&lt;tedge_disconnect_c8y&gt;, exit status 0
13:35:37 INFO  Executed systemctl&lt;serv_mapper5&gt;, exit status 3
13:35:37 INFO  
13:35:37 INFO  Test duration: 48.91 secs
13:35:37 INFO  Test final outcome:  BLOCKED
13:35:37 INFO  Test outcome reason: python3&lt;stdout&gt; returned non-zero exit code 1
13:35:37 INFO  
</system-out>
	</testcase>
</testsuite><testsuite name="smoketest_smartrest_400_samples_1Xms" tests="1" errors="0" failures="0" skipped="0" time="0"><testcase classname="SmoketestSmartRest400Samples1Xms" name="smoketest_smartrest_400_samples_1Xms" />
</testsuite><testsuite name="smoketest_smartrest_400_samples_20ms" tests="1" errors="0" failures="0" skipped="0" time="0"><testcase classname="SmoketestSmartRest400Samples20ms" name="smoketest_smartrest_400_samples_20ms" />
</testsuite><testsuite name="tedge_agent_user_sudo_access" tests="1" errors="0" failures="0" skipped="1" time="0"><testcase classname="TedgeAgentUserSudoAccess" name="tedge_agent_user_sudo_access">
		<skipped message="SKIPPED: #955 Observation: Exit code of the apt plugin when called with no arguments" />
		<system-out>13:39:40 INFO  ==============================================================
13:39:40 INFO  Id:    tedge_agent_user_sudo_access
13:39:40 INFO  Dir:   tedge/
13:39:40 INFO  Title: Validate tedge-agent user has a limited sudo right
13:39:40 INFO  ==============================================================
13:39:40 INFO  #955 Observation: Exit code of the apt plugin when called with no arguments ... skipped
13:39:40 INFO  
13:39:40 INFO  Test duration: 0.02 secs
13:39:40 INFO  Test final outcome:  SKIPPED
13:39:40 INFO  Test outcome reason: #955 Observation: Exit code of the apt plugin when called with no arguments
13:39:40 INFO  
</system-out>
	</testcase>
</testsuite><testsuite name="tedge_connect_test_negative" tests="1" errors="0" failures="0" skipped="0" time="0"><testcase classname="TedgeConnectTestNegative" name="tedge_connect_test_negative" />
</testsuite><testsuite name="tedge_connect_test_positive" tests="1" errors="0" failures="0" skipped="0" time="0"><testcase classname="TedgeConnectTestPositive" name="tedge_connect_test_positive" />
</testsuite><testsuite name="tedge_connect_test_sm_services" tests="1" errors="0" failures="0" skipped="0" time="0"><testcase classname="TedgeConnectTestSMServices" name="tedge_connect_test_sm_services" />
</testsuite><testsuite name="tedge_disconnect_test_sm_services" tests="1" errors="0" failures="0" skipped="0" time="0"><testcase classname="TedgeDisConnectTestSMServices" name="tedge_disconnect_test_sm_services" />
</testsuite><testsuite name="tedge_mapper_az_negative" tests="1" errors="0" failures="0" skipped="0" time="0"><testcase classname="TedgeMapperAzError" name="tedge_mapper_az_negative" />
</testsuite><testsuite name="tedge_mapper_az_with_timestamp" tests="1" errors="0" failures="0" skipped="0" time="0"><testcase classname="TedgeMapperAzWithTimestamp" name="tedge_mapper_az_with_timestamp" />
</testsuite><testsuite name="tedge_mapper_az_without_timestamp" tests="1" errors="0" failures="0" skipped="0" time="0"><testcase classname="TedgeMapperAzWithoutTimestamp" name="tedge_mapper_az_without_timestamp" />
</testsuite><testsuite name="tedge_mapper_c8y_alarms" tests="1" errors="0" failures="1" skipped="0" time="0"><testcase classname="TedgeMapperC8yAlarm" name="tedge_mapper_c8y_alarms">
		<failure message="BLOCKED: IndexError: list index out of range" type="BLOCKED" />
		<system-out>13:43:31 INFO  ==============================================================
13:43:31 INFO  Id:    tedge_mapper_c8y_alarms
13:43:31 INFO  Dir:   tedge_mapper_c8y/
13:43:31 INFO  Title: Validate that alarms sent to tedge/alarms topic \ gets mapped as alarms in Cumulocity
13:43:31 INFO  ==============================================================
13:43:31 INFO  EnvironmentC8y Setup
13:43:32 INFO  Executed systemctl&lt;serv_mapper1&gt;, exit status 3
13:43:47 INFO  Executed sudo&lt;tedge_connect_c8y&gt;, exit status 0, duration 14 secs
13:43:47 INFO  Executed sudo&lt;tedge_connect_c8y_test&gt;, exit status 0
13:43:48 INFO  Executed systemctl&lt;serv_mosq2&gt;, exit status 0
13:43:48 INFO  Executed systemctl&lt;serv_mapper3&gt;, exit status 0
13:43:54 INFO  Executed tedge, exit status 0
13:43:54 INFO  Executed tedge, exit status 0
13:43:54 INFO  Executed tedge, exit status 0
13:43:55 INFO  Executed tedge, exit status 0
13:43:55 INFO  Executed tedge, exit status 0
13:43:56 WARN  IndexError occurred while running test - list index out of range
Traceback (most recent call last):
  File "/home/pi/env-pysys/lib/python3.7/site-packages/pysys/baserunner.py", line 1296, in __call__
    self.testObj.validate()
  File "/home/pi/actions-runner/_work/thin-edge.io/thin-edge.io/tests/PySys/tedge_mapper_c8y/tedge_mapper_c8y_alarms/run.py", line 100, in validate
    alarms[0],
IndexError: list index out of range
13:43:56 WARN  IndexError: list index out of range ... blocked 
13:43:56 INFO  
13:43:56 INFO  cleanup:
13:43:57 INFO  Executed tedge, exit status 0
13:43:57 INFO  Executed tedge, exit status 0
13:43:58 INFO  Executed tedge, exit status 0
13:44:02 INFO  Executed sudo&lt;tedge_disconnect_c8y&gt;, exit status 0
13:44:03 INFO  Executed systemctl&lt;serv_mapper5&gt;, exit status 3
13:44:03 INFO  
13:44:03 INFO  Test duration: 31.39 secs
13:44:03 INFO  Test final outcome:  BLOCKED
13:44:03 INFO  Test outcome reason: IndexError: list index out of range
13:44:03 INFO  
</system-out>
	</testcase>
</testsuite><testsuite name="tedge_mapper_c8y_child_device_measurement" tests="1" errors="0" failures="1" skipped="0" time="0"><testcase classname="TedgeMapperC8yChildDevice" name="tedge_mapper_c8y_child_device_measurement">
		<failure message="BLOCKED: TypeError: 'NoneType' object is not subscriptable (+1 other failures)" type="BLOCKED" />
		<system-out>13:44:03 INFO  ==============================================================
13:44:03 INFO  Id:    tedge_mapper_c8y_child_device_measurement
13:44:03 INFO  Dir:   tedge_mapper_c8y/
13:44:03 INFO  Title: Validate that measurements sent to tedge/measurements/child topic gets mapped as the child device's measurement in Cumulocity
13:44:03 INFO  ==============================================================
13:44:03 INFO  EnvironmentC8y Setup
13:44:03 INFO  Executed systemctl&lt;serv_mapper1&gt;, exit status 3
13:44:04 INFO  Restarting mosquitto too frequently in the last 10 seconds. It was only up for 5 seconds
13:44:04 INFO  Delaying execution by 6 seconds
13:44:24 INFO  Executed sudo&lt;tedge_connect_c8y&gt;, exit status 0, duration 14 secs
13:44:25 INFO  Executed sudo&lt;tedge_connect_c8y_test&gt;, exit status 0
13:44:25 INFO  Executed systemctl&lt;serv_mosq2&gt;, exit status 0
13:44:26 INFO  Executed systemctl&lt;serv_mapper3&gt;, exit status 0
13:44:26 INFO  Assert that (actual == expected) with actual=None, expected=None ... passed
13:44:27 INFO  Executed tedge_pub, exit status 0
13:44:27 INFO  Executed tedge_pub, exit status 0
13:44:28 INFO  Executed tedge_pub, exit status 0
13:44:28 INFO  Executed tedge_pub, exit status 0
13:44:28 INFO  Executed tedge_pub, exit status 0
13:44:31 WARN  TypeError occurred while running test - 'NoneType' object is not subscriptable
Traceback (most recent call last):
  File "/home/pi/env-pysys/lib/python3.7/site-packages/pysys/baserunner.py", line 1296, in __call__
    self.testObj.validate()
  File "/home/pi/actions-runner/_work/thin-edge.io/thin-edge.io/tests/PySys/tedge_mapper_c8y/tedge_mapper_c8y_child_device_measurement/run.py", line 115, in validate
    self.child_device_json["id"], 3
TypeError: 'NoneType' object is not subscriptable
13:44:31 WARN  TypeError: 'NoneType' object is not subscriptable ... blocked 
13:44:31 INFO  
13:44:31 INFO  cleanup:
13:44:31 ERROR Error while running cleanup function: 
Traceback (most recent call last):
  File "/home/pi/env-pysys/lib/python3.7/site-packages/pysys/process/user.py", line 1305, in cleanup
    fn()
  File "/home/pi/actions-runner/_work/thin-edge.io/thin-edge.io/tests/PySys/tedge_mapper_c8y/tedge_mapper_c8y_child_device_measurement/run.py", line 165, in test_cleanup
    self.child_device_json["id"]
TypeError: 'NoneType' object is not subscriptable
13:44:35 INFO  Executed sudo&lt;tedge_disconnect_c8y&gt;, exit status 0
13:44:36 INFO  Executed systemctl&lt;serv_mapper5&gt;, exit status 3
13:44:36 WARN  Cleanup failed with 1 errors: Cleanup function failed: 'NoneType' object is not subscriptable (TypeError) ... blocked 
13:44:36 INFO  
13:44:36 INFO  Test duration: 32.94 secs
13:44:36 INFO  Test final outcome:  BLOCKED
13:44:36 INFO  Test outcome reason: TypeError: 'NoneType' object is not subscriptable (+1 other failures)
13:44:36 INFO  
</system-out>
	</testcase>
</testsuite><testsuite name="tedge_mapper_c8y_packet_threshold_size" tests="1" errors="0" failures="0" skipped="0" time="0"><testcase classname="TedgeMapperC8yThresholdPacketSize" name="tedge_mapper_c8y_packet_threshold_size" />
</testsuite><testsuite name="tedge_software_update" tests="1" errors="0" failures="0" skipped="0" time="0"><testcase classname="PySysTest" name="tedge_software_update" />
</testsuite><testsuite name="valid_device_id" tests="1" errors="0" failures="0" skipped="0" time="0"><testcase classname="ValidateValidDeviceId" name="valid_device_id" />
</testsuite></testsuites>