<?xml version='1.0' encoding='utf-8'?>
<testsuites tests="149" failures="14" errors="0" skipped="49" time="0.0"><testsuite name="SoftwareManagement.Plugin.apama_plugin_install" tests="3" errors="0" failures="0" skipped="1" time="0"><testcase classname="ApamaPluginInstallTest" name="SoftwareManagement.Plugin.apama_plugin_install">
		<skipped message="SKIPPED: Apama plugin tests are disabled by default. Execute `pysys run` with `-XmyPlatform=container` to run these tests" />
		<system-out>07:24:39 INFO  ==============================================================
07:24:39 INFO  Id:    SoftwareManagement.Plugin.apama_plugin_install
07:24:39 INFO  Dir:   plugin_apama/
07:24:39 INFO  Title: Validate apama plugin install
07:24:39 INFO  ==============================================================
07:24:39 INFO  Apama plugin tests are disabled by default. Execute `pysys run` with `-XmyPlatform=container` to run these tests ... skipped
07:24:39 WARN  Aborted test due to SKIPPED outcome
07:24:39 INFO  
07:24:39 INFO  Test duration: 0.07 secs
07:24:39 INFO  Test final outcome:  SKIPPED
07:24:39 INFO  Test outcome reason: Apama plugin tests are disabled by default. Execute `pysys run` with `-XmyPlatform=container` to run these tests
07:24:39 INFO  
</system-out>
	</testcase>
<testcase classname="ApamaPluginInstallTest" name="SoftwareManagement.Plugin.apama_plugin_install" />
<testcase classname="ApamaPluginInstallTest" name="SoftwareManagement.Plugin.apama_plugin_install" />
</testsuite><testsuite name="SoftwareManagement.Plugin.apama_plugin_mon_support" tests="3" errors="0" failures="0" skipped="1" time="0"><testcase classname="ApamaPluginMonSupportTest" name="SoftwareManagement.Plugin.apama_plugin_mon_support">
		<skipped message="SKIPPED: Apama plugin tests are disabled by default. Execute `pysys run` with `-XmyPlatform=container` to run these tests" />
		<system-out>07:24:39 INFO  ==============================================================
07:24:39 INFO  Id:    SoftwareManagement.Plugin.apama_plugin_mon_support
07:24:39 INFO  Dir:   plugin_apama/
07:24:39 INFO  Title: Validate mon file support of apama plugin
07:24:39 INFO  ==============================================================
07:24:39 INFO  Apama plugin tests are disabled by default. Execute `pysys run` with `-XmyPlatform=container` to run these tests ... skipped
07:24:39 WARN  Aborted test due to SKIPPED outcome
07:24:39 INFO  
07:24:39 INFO  Test duration: 0.02 secs
07:24:39 INFO  Test final outcome:  SKIPPED
07:24:39 INFO  Test outcome reason: Apama plugin tests are disabled by default. Execute `pysys run` with `-XmyPlatform=container` to run these tests
07:24:39 INFO  
</system-out>
	</testcase>
<testcase classname="ApamaPluginMonSupportTest" name="SoftwareManagement.Plugin.apama_plugin_mon_support" />
<testcase classname="ApamaPluginMonSupportTest" name="SoftwareManagement.Plugin.apama_plugin_mon_support" />
</testsuite><testsuite name="SoftwareManagement.Plugin.apama_plugin_remove" tests="3" errors="0" failures="0" skipped="1" time="0"><testcase classname="ApamaPluginRemoveTest" name="SoftwareManagement.Plugin.apama_plugin_remove">
		<skipped message="SKIPPED: Apama plugin tests are disabled by default. Execute `pysys run` with `-XmyPlatform=container` to run these tests" />
		<system-out>07:24:39 INFO  ==============================================================
07:24:39 INFO  Id:    SoftwareManagement.Plugin.apama_plugin_remove
07:24:39 INFO  Dir:   plugin_apama/
07:24:39 INFO  Title: Validate apama plugin remove
07:24:39 INFO  ==============================================================
07:24:39 INFO  Apama plugin tests are disabled by default. Execute `pysys run` with `-XmyPlatform=container` to run these tests ... skipped
07:24:39 WARN  Aborted test due to SKIPPED outcome
07:24:39 INFO  
07:24:39 INFO  Test duration: 0.02 secs
07:24:39 INFO  Test final outcome:  SKIPPED
07:24:39 INFO  Test outcome reason: Apama plugin tests are disabled by default. Execute `pysys run` with `-XmyPlatform=container` to run these tests
07:24:39 INFO  
</system-out>
	</testcase>
<testcase classname="ApamaPluginRemoveTest" name="SoftwareManagement.Plugin.apama_plugin_remove" />
<testcase classname="ApamaPluginRemoveTest" name="SoftwareManagement.Plugin.apama_plugin_remove" />
</testsuite><testsuite name="SoftwareManagement.Plugin.apama_plugin_update" tests="3" errors="0" failures="2" skipped="1" time="0"><testcase classname="ApamaPluginUpdateTest" name="SoftwareManagement.Plugin.apama_plugin_update">
		<skipped message="SKIPPED: Apama plugin tests are disabled by default. Execute `pysys run` with `-XmyPlatform=container` to run these tests" />
		<system-out>07:24:39 INFO  ==============================================================
07:24:39 INFO  Id:    SoftwareManagement.Plugin.apama_plugin_update
07:24:39 INFO  Dir:   plugin_apama/
07:24:39 INFO  Title: Validate apama plugin updating one project with another
07:24:39 INFO  ==============================================================
07:24:39 INFO  Apama plugin tests are disabled by default. Execute `pysys run` with `-XmyPlatform=container` to run these tests ... skipped
07:24:39 WARN  Aborted test due to SKIPPED outcome
07:24:39 INFO  
07:24:39 INFO  Test duration: 0.02 secs
07:24:39 INFO  Test final outcome:  SKIPPED
07:24:39 INFO  Test outcome reason: Apama plugin tests are disabled by default. Execute `pysys run` with `-XmyPlatform=container` to run these tests
07:24:39 INFO  
</system-out>
	</testcase>
<testcase classname="ApamaPluginUpdateTest" name="SoftwareManagement.Plugin.apama_plugin_update">
		<failure message="BLOCKED: sudo&lt;plugin_install&gt; returned non-zero exit code 2" type="BLOCKED" />
		<system-out>08:16:10 INFO  ==============================================================
08:16:10 INFO  Id:    SoftwareManagement.Plugin.apama_plugin_update
08:16:10 INFO  Dir:   plugin_apama/
08:16:10 INFO  Title: Validate apama plugin updating one project with another
08:16:10 INFO  ==============================================================
08:16:10 INFO  Assertion that path exists=False for "/etc/tedge/apama/project" ... passed
08:16:11 INFO  Executed sudo&lt;create_project_dir&gt;, exit status 0
08:16:11 INFO  Executed sudo&lt;unzip_apama_project&gt;, exit status 0
08:16:12 INFO  Executed sudo&lt;move_apama_project&gt;, exit status 0
08:16:13 INFO  Executed sudo&lt;restart_apama_service&gt;, exit status 0
08:16:14 INFO  Executed sudo&lt;apama_correlator_wait&gt;, exit status 0
08:16:14 INFO  Assertion that path exists=True for "/etc/tedge/apama/project" ... passed
08:16:15 INFO  Executed sudo&lt;apama_list_monitors&gt;, exit status 0
08:16:15 INFO  Grep on file /home/pi/actions-runner/_work/thin-edge.io/thin-edge.io/tests/PySys/plugin_apama/apama_plugin_update/Output/linux/apama_list_monitors.out ... passed
08:16:15 WARN  Executed sudo&lt;plugin_install&gt;, exit status 2
08:16:15 INFO  Contents of plugin_install.err: 
  ERROR: Directory not empty (os error 39)
  -----

08:16:15 WARN  sudo&lt;plugin_install&gt; returned non-zero exit code 2 ... blocked [run.py:35]
08:16:15 WARN  Aborted test due to BLOCKED outcome
08:16:15 INFO  
08:16:15 INFO  cleanup:
08:16:15 INFO  Removing apama project
08:16:31 INFO  Executed sudo&lt;stop_apama_service&gt;, exit status 0, duration 15 secs
08:16:32 INFO  Executed sudo&lt;remove_apama_project&gt;, exit status 0
08:16:32 INFO  Executed sudo&lt;remove_apama_tmp_dir&gt;, exit status 0
08:16:32 INFO  
08:16:32 INFO  Test duration: 21.88 secs
08:16:32 INFO  Test final outcome:  BLOCKED
08:16:32 INFO  Test outcome reason: sudo&lt;plugin_install&gt; returned non-zero exit code 2
08:16:32 INFO  
</system-out>
	</testcase>
<testcase classname="ApamaPluginUpdateTest" name="SoftwareManagement.Plugin.apama_plugin_update">
		<failure message="BLOCKED: sudo&lt;plugin_install&gt; returned non-zero exit code 2" type="BLOCKED" />
		<system-out>08:25:06 INFO  ==============================================================
08:25:06 INFO  Id:    SoftwareManagement.Plugin.apama_plugin_update
08:25:06 INFO  Dir:   plugin_apama/
08:25:06 INFO  Title: Validate apama plugin updating one project with another
08:25:06 INFO  ==============================================================
08:25:06 INFO  Assertion that path exists=False for "/etc/tedge/apama/project" ... passed
08:25:06 INFO  Executed sudo&lt;create_project_dir&gt;, exit status 0
08:25:07 INFO  Executed sudo&lt;unzip_apama_project&gt;, exit status 0
08:25:07 INFO  Executed sudo&lt;move_apama_project&gt;, exit status 0
08:25:08 INFO  Executed sudo&lt;restart_apama_service&gt;, exit status 0
08:25:09 INFO  Executed sudo&lt;apama_correlator_wait&gt;, exit status 0
08:25:09 INFO  Assertion that path exists=True for "/etc/tedge/apama/project" ... passed
08:25:10 INFO  Executed sudo&lt;apama_list_monitors&gt;, exit status 0
08:25:10 INFO  Grep on file /home/pi/actions-runner/_work/thin-edge.io/thin-edge.io/tests/PySys/plugin_apama/apama_plugin_update/Output/linux/apama_list_monitors.out ... passed
08:25:10 WARN  Executed sudo&lt;plugin_install&gt;, exit status 2
08:25:10 INFO  Contents of plugin_install.err: 
  ERROR: Directory not empty (os error 39)
  -----

08:25:11 WARN  sudo&lt;plugin_install&gt; returned non-zero exit code 2 ... blocked [run.py:35]
08:25:11 WARN  Aborted test due to BLOCKED outcome
08:25:11 INFO  
08:25:11 INFO  cleanup:
08:25:11 INFO  Removing apama project
08:25:26 INFO  Executed sudo&lt;stop_apama_service&gt;, exit status 0, duration 15 secs
08:25:27 INFO  Executed sudo&lt;remove_apama_project&gt;, exit status 0
08:25:27 INFO  Executed sudo&lt;remove_apama_tmp_dir&gt;, exit status 0
08:25:27 INFO  
08:25:27 INFO  Test duration: 21.52 secs
08:25:27 INFO  Test final outcome:  BLOCKED
08:25:27 INFO  Test outcome reason: sudo&lt;plugin_install&gt; returned non-zero exit code 2
08:25:27 INFO  
</system-out>
	</testcase>
</testsuite><testsuite name="SoftwareManagement.sm_apt_install_download_path" tests="3" errors="0" failures="2" skipped="1" time="0"><testcase classname="AptInstallWithDownloadPath" name="SoftwareManagement.sm_apt_install_download_path">
		<skipped message="SKIPPED: Testing the apt plugin is not supported on this platform.Use parameter -XmyPlatform='container' to enable it" />
		<system-out>07:32:36 INFO  ==============================================================
07:32:36 INFO  Id:    SoftwareManagement.sm_apt_install_download_path
07:32:36 INFO  Dir:   software_management_end_to_end/
07:32:36 INFO  Title: Install package to directory specified in tedge config set tmp.path
07:32:36 INFO  ==============================================================
07:32:36 INFO  Testing the apt plugin is not supported on this platform.Use parameter -XmyPlatform='container' to enable it ... skipped
07:32:36 WARN  Aborted test due to SKIPPED outcome
07:32:36 INFO  
07:32:36 INFO  Test duration: 0.07 secs
07:32:36 INFO  Test final outcome:  SKIPPED
07:32:36 INFO  Test outcome reason: Testing the apt plugin is not supported on this platform.Use parameter -XmyPlatform='container' to enable it
07:32:36 INFO  
</system-out>
	</testcase>
<testcase classname="AptInstallWithDownloadPath" name="SoftwareManagement.sm_apt_install_download_path">
		<failure message="BLOCKED: AssertionError:" type="BLOCKED" />
		<system-out>07:57:50 INFO  ==============================================================
07:57:50 INFO  Id:    SoftwareManagement.sm_apt_install_download_path
07:57:50 INFO  Dir:   software_management_end_to_end/
07:57:50 INFO  Title: Install package to directory specified in tedge config set tmp.path
07:57:50 INFO  ==============================================================
07:57:50 INFO  Using sw id database: {'asciijump': '5475369', 'robotfindskitten': '5474869', 'squirrel3': '5475279', 'rolldice': '5152439', 'moon-buggy': '5439204', 'apple': '5495053', 'banana': '5494888', 'cherry': '5495382', 'watermelon': '5494510', 'registry': '8018911', 'hello-world': '8021526', 'docker/getting-started': '8021973', 'alpine': '7991792'}
07:57:50 INFO  EnvironmentC8y Setup
07:57:51 INFO  Executed systemctl&lt;serv_mapper1&gt;, exit status 3
07:58:06 INFO  Executed sudo&lt;tedge_connect_c8y&gt;, exit status 0, duration 14 secs
07:58:07 INFO  Executed sudo&lt;tedge_connect_c8y_test&gt;, exit status 0
07:58:08 INFO  Executed systemctl&lt;serv_mosq2&gt;, exit status 0
07:58:09 INFO  Executed systemctl&lt;serv_mapper3&gt;, exit status 0
07:58:11 INFO  State of current operation: SUCCESSFUL
07:58:11 INFO  Assert that (False == value) with value=False ... passed
07:58:12 INFO  Executed sudo, exit status 0
07:58:12 INFO  Executed sudo, exit status 0
07:58:13 INFO  Executed sudo, exit status 0
07:58:17 INFO  Executed sudo&lt;tedge_disconnect_c8y&gt;, exit status 0
07:58:17 INFO  Restarting mosquitto too frequently in the last 10 seconds. It was only up for 4 seconds
07:58:17 INFO  Delaying execution by 7 seconds
07:58:38 INFO  Executed sudo&lt;tedge_connect_c8y&gt;, exit status 0, duration 14 secs
07:58:39 INFO  Response status: 201
07:58:39 INFO  Response to action: {
    "creationTime": "2022-04-28T07:58:39.053Z",
    "deviceName": "mythicd",
    "deviceId": "17845529",
    "self": "https://t493319102.eu-latest.cumulocity.com/devicecontrol/operations/17848386",
    "id": "17848386",
    "status": "PENDING",
    "description": "Apply software changes, triggered from PySys: [{'name': 'rolldice', 'id': '5152439', 'version': '::apt', 'url': 'https://thin-edge-io.eu-latest.cumulocity.com/inventory/binaries/12435463', 'action': 'install'}]",
    "c8y_SoftwareUpdate": [
        {
            "name": "rolldice",
            "action": "install",
            "id": "5152439",
            "version": "::apt",
            "url": "https://thin-edge-io.eu-latest.cumulocity.com/inventory/binaries/12435463"
        }
    ]
}
07:58:39 INFO  Started operation: {'creationTime': '2022-04-28T07:58:39.053Z', 'deviceName': 'mythicd', 'deviceId': '17845529', 'self': 'https://t493319102.eu-latest.cumulocity.com/devicecontrol/operations/17848386', 'id': '17848386', 'status': 'PENDING', 'description': "Apply software changes, triggered from PySys: [{'name': 'rolldice', 'id': '5152439', 'version': '::apt', 'url': 'https://thin-edge-io.eu-latest.cumulocity.com/inventory/binaries/12435463', 'action': 'install'}]", 'c8y_SoftwareUpdate': [{'name': 'rolldice', 'action': 'install', 'id': '5152439', 'version': '::apt', 'url': 'https://thin-edge-io.eu-latest.cumulocity.com/inventory/binaries/12435463'}]}
07:58:39 WARN  , retrying in 0.5 seconds...
07:58:39 WARN  , retrying in 0.5 seconds...
07:58:40 WARN  , retrying in 0.5 seconds...
07:58:40 WARN  , retrying in 0.5 seconds...
07:58:41 WARN  , retrying in 0.5 seconds...
07:58:41 WARN  , retrying in 0.5 seconds...
07:58:42 WARN  , retrying in 0.5 seconds...
07:58:42 WARN  , retrying in 0.5 seconds...
07:58:43 WARN  , retrying in 0.5 seconds...
07:58:43 WARN  AssertionError occurred while running test - 
Traceback (most recent call last):
  File "/home/pi/env-pysys/lib/python3.7/site-packages/pysys/baserunner.py", line 1294, in __call__
    self.testObj.execute()
  File "/home/pi/actions-runner/_work/thin-edge.io/thin-edge.io/tests/PySys/software_management_end_to_end/sm_apt_install_download_path/run.py", line 83, in execute
    assert_install_in_download_path(install_directory=self.DOWNLOAD_DIR)
  File "/home/pi/env-pysys/lib/python3.7/site-packages/decorator.py", line 232, in fun
    return caller(func, *(extras + args), **kw)
  File "/home/pi/env-pysys/lib/python3.7/site-packages/retry/api.py", line 74, in retry_decorator
    logger)
  File "/home/pi/env-pysys/lib/python3.7/site-packages/retry/api.py", line 33, in __retry_internal
    return f()
  File "/home/pi/actions-runner/_work/thin-edge.io/thin-edge.io/tests/PySys/software_management_end_to_end/sm_apt_install_download_path/run.py", line 28, in assert_install_in_download_path
    assert "rolldice" in os.listdir(f"{install_directory}")
AssertionError
07:58:44 WARN  AssertionError: ... blocked 
07:58:44 INFO  
07:58:44 INFO  cleanup:
07:58:45 INFO  Executed sudo, exit status 0
07:58:45 INFO  Executed sudo, exit status 0
07:58:49 INFO  Executed sudo&lt;tedge_disconnect_c8y&gt;, exit status 0
07:58:50 INFO  Restarting mosquitto too frequently in the last 10 seconds. It was only up for 4 seconds
07:58:50 INFO  Delaying execution by 7 seconds
07:59:11 INFO  Executed sudo&lt;tedge_connect_c8y&gt;, exit status 0, duration 14 secs
07:59:15 INFO  Executed sudo&lt;tedge_disconnect_c8y&gt;, exit status 0
07:59:16 INFO  Executed systemctl&lt;serv_mapper5&gt;, exit status 3
07:59:16 INFO  
07:59:16 INFO  Test duration: 85.89 secs
07:59:16 INFO  Test final outcome:  BLOCKED
07:59:16 INFO  Test outcome reason: AssertionError:
07:59:16 INFO  
</system-out>
	</testcase>
<testcase classname="AptInstallWithDownloadPath" name="SoftwareManagement.sm_apt_install_download_path">
		<failure message="BLOCKED: AssertionError:" type="BLOCKED" />
		<system-out>08:25:27 INFO  ==============================================================
08:25:27 INFO  Id:    SoftwareManagement.sm_apt_install_download_path
08:25:27 INFO  Dir:   software_management_end_to_end/
08:25:27 INFO  Title: Install package to directory specified in tedge config set tmp.path
08:25:27 INFO  ==============================================================
08:25:28 INFO  Using sw id database: {'asciijump': '5475369', 'robotfindskitten': '5474869', 'squirrel3': '5475279', 'rolldice': '5152439', 'moon-buggy': '5439204', 'apple': '5495053', 'banana': '5494888', 'cherry': '5495382', 'watermelon': '5494510', 'registry': '8018911', 'hello-world': '8021526', 'docker/getting-started': '8021973', 'alpine': '7991792'}
08:25:28 INFO  EnvironmentC8y Setup
08:25:29 INFO  Executed systemctl&lt;serv_mapper1&gt;, exit status 3
08:25:43 INFO  Executed sudo&lt;tedge_connect_c8y&gt;, exit status 0, duration 14 secs
08:25:44 INFO  Executed sudo&lt;tedge_connect_c8y_test&gt;, exit status 0
08:25:44 INFO  Executed systemctl&lt;serv_mosq2&gt;, exit status 0
08:25:45 INFO  Executed systemctl&lt;serv_mapper3&gt;, exit status 0
08:25:47 INFO  State of current operation: SUCCESSFUL
08:25:47 INFO  Assert that (False == value) with value=False ... passed
08:25:48 INFO  Executed sudo, exit status 0
08:25:48 INFO  Executed sudo, exit status 0
08:25:49 INFO  Executed sudo, exit status 0
08:25:53 INFO  Executed sudo&lt;tedge_disconnect_c8y&gt;, exit status 0
08:25:53 INFO  Restarting mosquitto too frequently in the last 10 seconds. It was only up for 4 seconds
08:25:53 INFO  Delaying execution by 7 seconds
08:26:15 INFO  Executed sudo&lt;tedge_connect_c8y&gt;, exit status 0, duration 14 secs
08:26:15 INFO  Response status: 201
08:26:15 INFO  Response to action: {
    "creationTime": "2022-04-28T08:26:15.264Z",
    "deviceName": "mythicd",
    "deviceId": "17845529",
    "self": "https://t493319102.eu-latest.cumulocity.com/devicecontrol/operations/17862268",
    "id": "17862268",
    "status": "PENDING",
    "description": "Apply software changes, triggered from PySys: [{'name': 'rolldice', 'id': '5152439', 'version': '::apt', 'url': 'https://thin-edge-io.eu-latest.cumulocity.com/inventory/binaries/12435463', 'action': 'install'}]",
    "c8y_SoftwareUpdate": [
        {
            "name": "rolldice",
            "action": "install",
            "id": "5152439",
            "version": "::apt",
            "url": "https://thin-edge-io.eu-latest.cumulocity.com/inventory/binaries/12435463"
        }
    ]
}
08:26:15 INFO  Started operation: {'creationTime': '2022-04-28T08:26:15.264Z', 'deviceName': 'mythicd', 'deviceId': '17845529', 'self': 'https://t493319102.eu-latest.cumulocity.com/devicecontrol/operations/17862268', 'id': '17862268', 'status': 'PENDING', 'description': "Apply software changes, triggered from PySys: [{'name': 'rolldice', 'id': '5152439', 'version': '::apt', 'url': 'https://thin-edge-io.eu-latest.cumulocity.com/inventory/binaries/12435463', 'action': 'install'}]", 'c8y_SoftwareUpdate': [{'name': 'rolldice', 'action': 'install', 'id': '5152439', 'version': '::apt', 'url': 'https://thin-edge-io.eu-latest.cumulocity.com/inventory/binaries/12435463'}]}
08:26:15 WARN  , retrying in 0.5 seconds...
08:26:15 WARN  , retrying in 0.5 seconds...
08:26:16 WARN  , retrying in 0.5 seconds...
08:26:16 WARN  , retrying in 0.5 seconds...
08:26:17 WARN  , retrying in 0.5 seconds...
08:26:17 WARN  , retrying in 0.5 seconds...
08:26:18 WARN  , retrying in 0.5 seconds...
08:26:18 WARN  , retrying in 0.5 seconds...
08:26:19 WARN  , retrying in 0.5 seconds...
08:26:19 WARN  AssertionError occurred while running test - 
Traceback (most recent call last):
  File "/home/pi/env-pysys/lib/python3.7/site-packages/pysys/baserunner.py", line 1294, in __call__
    self.testObj.execute()
  File "/home/pi/actions-runner/_work/thin-edge.io/thin-edge.io/tests/PySys/software_management_end_to_end/sm_apt_install_download_path/run.py", line 83, in execute
    assert_install_in_download_path(install_directory=self.DOWNLOAD_DIR)
  File "/home/pi/env-pysys/lib/python3.7/site-packages/decorator.py", line 232, in fun
    return caller(func, *(extras + args), **kw)
  File "/home/pi/env-pysys/lib/python3.7/site-packages/retry/api.py", line 74, in retry_decorator
    logger)
  File "/home/pi/env-pysys/lib/python3.7/site-packages/retry/api.py", line 33, in __retry_internal
    return f()
  File "/home/pi/actions-runner/_work/thin-edge.io/thin-edge.io/tests/PySys/software_management_end_to_end/sm_apt_install_download_path/run.py", line 28, in assert_install_in_download_path
    assert "rolldice" in os.listdir(f"{install_directory}")
AssertionError
08:26:19 WARN  AssertionError: ... blocked 
08:26:19 INFO  
08:26:19 INFO  cleanup:
08:26:20 INFO  Executed sudo, exit status 0
08:26:20 INFO  Executed sudo, exit status 0
08:26:26 INFO  Executed sudo&lt;tedge_disconnect_c8y&gt;, exit status 0
08:26:26 INFO  Restarting mosquitto too frequently in the last 10 seconds. It was only up for 4 seconds
08:26:26 INFO  Delaying execution by 7 seconds
08:26:47 INFO  Executed sudo&lt;tedge_connect_c8y&gt;, exit status 0, duration 14 secs
08:26:51 INFO  Executed sudo&lt;tedge_disconnect_c8y&gt;, exit status 0
08:26:52 INFO  Executed systemctl&lt;serv_mapper5&gt;, exit status 3
08:26:52 INFO  
08:26:52 INFO  Test duration: 84.87 secs
08:26:52 INFO  Test final outcome:  BLOCKED
08:26:52 INFO  Test outcome reason: AssertionError:
08:26:52 INFO  
</system-out>
	</testcase>
</testsuite><testsuite name="SoftwareManagement.sm_apt_install_fail" tests="3" errors="0" failures="0" skipped="1" time="0"><testcase classname="PySysTest" name="SoftwareManagement.sm_apt_install_fail">
		<skipped message="SKIPPED: Testing the apt plugin is not supported on this platform.Use parameter -XmyPlatform='container' to enable it" />
		<system-out>07:32:36 INFO  ==============================================================
07:32:36 INFO  Id:    SoftwareManagement.sm_apt_install_fail
07:32:36 INFO  Dir:   software_management_end_to_end/
07:32:36 INFO  Title: Validate end to end behaviour for a failing installation
07:32:36 INFO  ==============================================================
07:32:36 INFO  Testing the apt plugin is not supported on this platform.Use parameter -XmyPlatform='container' to enable it ... skipped
07:32:36 WARN  Aborted test due to SKIPPED outcome
07:32:36 INFO  
07:32:36 INFO  Test duration: 0.02 secs
07:32:36 INFO  Test final outcome:  SKIPPED
07:32:36 INFO  Test outcome reason: Testing the apt plugin is not supported on this platform.Use parameter -XmyPlatform='container' to enable it
07:32:36 INFO  
</system-out>
	</testcase>
<testcase classname="PySysTest" name="SoftwareManagement.sm_apt_install_fail" />
<testcase classname="PySysTest" name="SoftwareManagement.sm_apt_install_fail" />
</testsuite><testsuite name="SoftwareManagement.sm_apt_install_remove" tests="3" errors="0" failures="0" skipped="1" time="0"><testcase classname="PySysTest" name="SoftwareManagement.sm_apt_install_remove">
		<skipped message="SKIPPED: Testing the apt plugin is not supported on this platform.Use parameter -XmyPlatform='container' to enable it" />
		<system-out>07:32:36 INFO  ==============================================================
07:32:36 INFO  Id:    SoftwareManagement.sm_apt_install_remove
07:32:36 INFO  Dir:   software_management_end_to_end/
07:32:36 INFO  Title: Validate end to end behaviour for the apt plugin for installation and removal of packages
07:32:36 INFO  ==============================================================
07:32:36 INFO  Testing the apt plugin is not supported on this platform.Use parameter -XmyPlatform='container' to enable it ... skipped
07:32:36 WARN  Aborted test due to SKIPPED outcome
07:32:36 INFO  
07:32:36 INFO  Test duration: 0.02 secs
07:32:36 INFO  Test final outcome:  SKIPPED
07:32:36 INFO  Test outcome reason: Testing the apt plugin is not supported on this platform.Use parameter -XmyPlatform='container' to enable it
07:32:36 INFO  
</system-out>
	</testcase>
<testcase classname="PySysTest" name="SoftwareManagement.sm_apt_install_remove" />
<testcase classname="PySysTest" name="SoftwareManagement.sm_apt_install_remove" />
</testsuite><testsuite name="SoftwareManagement.sm_apt_install_remove_default" tests="3" errors="0" failures="0" skipped="1" time="0"><testcase classname="PySysTest" name="SoftwareManagement.sm_apt_install_remove_default">
		<skipped message="SKIPPED: Testing the apt plugin is not supported on this platform.Use parameter -XmyPlatform='container' to enable it" />
		<system-out>07:32:36 INFO  ==============================================================
07:32:36 INFO  Id:    SoftwareManagement.sm_apt_install_remove_default
07:32:36 INFO  Dir:   software_management_end_to_end/
07:32:36 INFO  Title: Validate end to end behaviour for the default plugin for installation and removal of packages
07:32:36 INFO  ==============================================================
07:32:36 INFO  Testing the apt plugin is not supported on this platform.Use parameter -XmyPlatform='container' to enable it ... skipped
07:32:36 WARN  Aborted test due to SKIPPED outcome
07:32:36 INFO  
07:32:36 INFO  Test duration: 0.02 secs
07:32:36 INFO  Test final outcome:  SKIPPED
07:32:36 INFO  Test outcome reason: Testing the apt plugin is not supported on this platform.Use parameter -XmyPlatform='container' to enable it
07:32:36 INFO  
</system-out>
	</testcase>
<testcase classname="PySysTest" name="SoftwareManagement.sm_apt_install_remove_default" />
<testcase classname="PySysTest" name="SoftwareManagement.sm_apt_install_remove_default" />
</testsuite><testsuite name="SoftwareManagement.sm_apt_install_remove_multiple" tests="3" errors="0" failures="2" skipped="1" time="0"><testcase classname="PySysTest" name="SoftwareManagement.sm_apt_install_remove_multiple">
		<skipped message="SKIPPED: Testing the apt plugin is not supported on this platform.Use parameter -XmyPlatform='container' to enable it" />
		<system-out>07:32:36 INFO  ==============================================================
07:32:36 INFO  Id:    SoftwareManagement.sm_apt_install_remove_multiple
07:32:36 INFO  Dir:   software_management_end_to_end/
07:32:36 INFO  Title: Validate end to end behaviour for the apt plugin for multiple packages
07:32:36 INFO  ==============================================================
07:32:36 INFO  Testing the apt plugin is not supported on this platform.Use parameter -XmyPlatform='container' to enable it ... skipped
07:32:36 WARN  Aborted test due to SKIPPED outcome
07:32:36 INFO  
07:32:36 INFO  Test duration: 0.02 secs
07:32:36 INFO  Test final outcome:  SKIPPED
07:32:36 INFO  Test outcome reason: Testing the apt plugin is not supported on this platform.Use parameter -XmyPlatform='container' to enable it
07:32:36 INFO  
</system-out>
	</testcase>
<testcase classname="PySysTest" name="SoftwareManagement.sm_apt_install_remove_multiple">
		<failure message="FAILED: Assert that (False == value) with value=True" type="FAILED" />
		<system-out>08:06:12 INFO  ==============================================================
08:06:12 INFO  Id:    SoftwareManagement.sm_apt_install_remove_multiple
08:06:12 INFO  Dir:   software_management_end_to_end/
08:06:12 INFO  Title: Validate end to end behaviour for the apt plugin for multiple packages
08:06:12 INFO  ==============================================================
08:06:12 INFO  Using sw id database: {'asciijump': '5475369', 'robotfindskitten': '5474869', 'squirrel3': '5475279', 'rolldice': '5152439', 'moon-buggy': '5439204', 'apple': '5495053', 'banana': '5494888', 'cherry': '5495382', 'watermelon': '5494510', 'registry': '8018911', 'hello-world': '8021526', 'docker/getting-started': '8021973', 'alpine': '7991792'}
08:06:12 INFO  EnvironmentC8y Setup
08:06:13 INFO  Executed systemctl&lt;serv_mapper1&gt;, exit status 3
08:06:13 INFO  Restarting mosquitto too frequently in the last 10 seconds. It was only up for 4 seconds
08:06:13 INFO  Delaying execution by 7 seconds
08:06:34 INFO  Executed sudo&lt;tedge_connect_c8y&gt;, exit status 0, duration 14 secs
08:06:35 INFO  Executed sudo&lt;tedge_connect_c8y_test&gt;, exit status 0
08:06:35 INFO  Executed systemctl&lt;serv_mosq2&gt;, exit status 0
08:06:36 INFO  Executed systemctl&lt;serv_mapper3&gt;, exit status 0
08:06:38 INFO  State of current operation: SUCCESSFUL
08:06:38 INFO  Assert that (False == value) with value=False ... passed
08:06:38 INFO  Assert that (False == value) with value=False ... passed
08:06:39 INFO  Assert that (False == value) with value=False ... passed
08:06:39 INFO  Package robotfindskitten is installed
08:06:39 WARN  Assert that (False == value) with value=True ... failed 
08:06:39 INFO  Response status: 201
08:06:39 INFO  Response to action: {
    "creationTime": "2022-04-28T08:06:39.498Z",
    "deviceName": "mythicd",
    "deviceId": "17845529",
    "self": "https://t493319102.eu-latest.cumulocity.com/devicecontrol/operations/17848466",
    "id": "17848466",
    "status": "PENDING",
    "description": "Apply software changes, triggered from PySys: [{'action': 'install', 'id': '5475369', 'name': 'asciijump', 'url': ' ', 'version': '::apt'}, {'action': 'install', 'id': '5474869', 'name': 'robotfindskitten', 'url': ' ', 'version': '::apt'}, {'action': 'install', 'id': '5475279', 'name': 'squirrel3', 'url': ' ', 'version': '::apt'}]",
    "c8y_SoftwareUpdate": [
        {
            "name": "asciijump",
            "action": "install",
            "id": "5475369",
            "version": "::apt",
            "url": " "
        },
        {
            "name": "robotfindskitten",
            "action": "install",
            "id": "5474869",
            "version": "::apt",
            "url": " "
        },
        {
            "name": "squirrel3",
            "action": "install",
            "id": "5475279",
            "version": "::apt",
            "url": " "
        }
    ]
}
08:06:39 INFO  Started operation: {'creationTime': '2022-04-28T08:06:39.498Z', 'deviceName': 'mythicd', 'deviceId': '17845529', 'self': 'https://t493319102.eu-latest.cumulocity.com/devicecontrol/operations/17848466', 'id': '17848466', 'status': 'PENDING', 'description': "Apply software changes, triggered from PySys: [{'action': 'install', 'id': '5475369', 'name': 'asciijump', 'url': ' ', 'version': '::apt'}, {'action': 'install', 'id': '5474869', 'name': 'robotfindskitten', 'url': ' ', 'version': '::apt'}, {'action': 'install', 'id': '5475279', 'name': 'squirrel3', 'url': ' ', 'version': '::apt'}]", 'c8y_SoftwareUpdate': [{'name': 'asciijump', 'action': 'install', 'id': '5475369', 'version': '::apt', 'url': ' '}, {'name': 'robotfindskitten', 'action': 'install', 'id': '5474869', 'version': '::apt', 'url': ' '}, {'name': 'squirrel3', 'action': 'install', 'id': '5475279', 'version': '::apt', 'url': ' '}]}
08:06:41 INFO  State of operation 17848466 : PENDING
08:06:44 INFO  State of operation 17848466 : EXECUTING
08:06:46 INFO  State of operation 17848466 : EXECUTING
08:06:48 INFO  State of operation 17848466 : EXECUTING
08:06:50 INFO  State of operation 17848466 : EXECUTING
08:06:52 INFO  State of operation 17848466 : EXECUTING
08:06:55 INFO  State of operation 17848466 : EXECUTING
08:06:58 INFO  State of operation 17848466 : EXECUTING
08:07:01 INFO  State of operation 17848466 : EXECUTING
08:07:03 INFO  State of operation 17848466 : EXECUTING
08:07:05 INFO  State of operation 17848466 : EXECUTING
08:07:08 INFO  State of operation 17848466 : EXECUTING
08:07:10 INFO  State of operation 17848466 : EXECUTING
08:07:12 INFO  State of operation 17848466 : EXECUTING
08:07:14 INFO  State of operation 17848466 : EXECUTING
08:07:17 INFO  State of operation 17848466 : EXECUTING
08:07:19 INFO  State of operation 17848466 : EXECUTING
08:07:21 INFO  State of operation 17848466 : EXECUTING
08:07:24 INFO  State of operation 17848466 : EXECUTING
08:07:26 INFO  State of operation 17848466 : EXECUTING
08:07:28 INFO  State of operation 17848466 : EXECUTING
08:07:31 INFO  State of operation 17848466 : EXECUTING
08:07:33 INFO  State of operation 17848466 : EXECUTING
08:07:35 INFO  State of operation 17848466 : EXECUTING
08:07:38 INFO  State of operation 17848466 : EXECUTING
08:07:40 INFO  State of operation 17848466 : EXECUTING
08:07:43 INFO  State of operation 17848466 : EXECUTING
08:07:45 INFO  State of operation 17848466 : EXECUTING
08:07:48 INFO  State of operation 17848466 : EXECUTING
08:07:50 INFO  State of operation 17848466 : EXECUTING
08:07:52 INFO  State of operation 17848466 : EXECUTING
08:07:55 INFO  State of operation 17848466 : EXECUTING
08:07:57 INFO  State of operation 17848466 : EXECUTING
08:07:59 INFO  State of operation 17848466 : EXECUTING
08:08:01 INFO  State of operation 17848466 : SUCCESSFUL
08:08:01 INFO  Assert that (False == value) with value=False ... passed
08:08:02 INFO  Package asciijump is installed
08:08:02 INFO  Assert that (True == value) with value=True ... passed
08:08:02 INFO  Package squirrel3 is installed
08:08:02 INFO  Assert that (True == value) with value=True ... passed
08:08:02 INFO  Package robotfindskitten is installed
08:08:02 INFO  Assert that (True == value) with value=True ... passed
08:08:02 INFO  Response status: 201
08:08:02 INFO  Response to action: {
    "creationTime": "2022-04-28T08:08:02.717Z",
    "deviceName": "mythicd",
    "deviceId": "17845529",
    "self": "https://t493319102.eu-latest.cumulocity.com/devicecontrol/operations/17848478",
    "id": "17848478",
    "status": "PENDING",
    "description": "Apply software changes, triggered from PySys: [{'action': 'delete', 'id': '5475369', 'name': 'asciijump', 'url': ' ', 'version': '::apt'}, {'action': 'delete', 'id': '5474869', 'name': 'robotfindskitten', 'url': ' ', 'version': '::apt'}, {'action': 'delete', 'id': '5475279', 'name': 'squirrel3', 'url': ' ', 'version': '::apt'}]",
    "c8y_SoftwareUpdate": [
        {
            "name": "asciijump",
            "action": "delete",
            "id": "5475369",
            "version": "::apt",
            "url": " "
        },
        {
            "name": "robotfindskitten",
            "action": "delete",
            "id": "5474869",
            "version": "::apt",
            "url": " "
        },
        {
            "name": "squirrel3",
            "action": "delete",
            "id": "5475279",
            "version": "::apt",
            "url": " "
        }
    ]
}
08:08:02 INFO  Started operation: {'creationTime': '2022-04-28T08:08:02.717Z', 'deviceName': 'mythicd', 'deviceId': '17845529', 'self': 'https://t493319102.eu-latest.cumulocity.com/devicecontrol/operations/17848478', 'id': '17848478', 'status': 'PENDING', 'description': "Apply software changes, triggered from PySys: [{'action': 'delete', 'id': '5475369', 'name': 'asciijump', 'url': ' ', 'version': '::apt'}, {'action': 'delete', 'id': '5474869', 'name': 'robotfindskitten', 'url': ' ', 'version': '::apt'}, {'action': 'delete', 'id': '5475279', 'name': 'squirrel3', 'url': ' ', 'version': '::apt'}]", 'c8y_SoftwareUpdate': [{'name': 'asciijump', 'action': 'delete', 'id': '5475369', 'version': '::apt', 'url': ' '}, {'name': 'robotfindskitten', 'action': 'delete', 'id': '5474869', 'version': '::apt', 'url': ' '}, {'name': 'squirrel3', 'action': 'delete', 'id': '5475279', 'version': '::apt', 'url': ' '}]}
08:08:04 INFO  State of operation 17848478 : PENDING
08:08:07 INFO  State of operation 17848478 : EXECUTING
08:08:09 INFO  State of operation 17848478 : EXECUTING
08:08:11 INFO  State of operation 17848478 : EXECUTING
08:08:13 INFO  State of operation 17848478 : EXECUTING
08:08:16 INFO  State of operation 17848478 : EXECUTING
08:08:18 INFO  State of operation 17848478 : EXECUTING
08:08:21 INFO  State of operation 17848478 : EXECUTING
08:08:23 INFO  State of operation 17848478 : EXECUTING
08:08:26 INFO  State of operation 17848478 : EXECUTING
08:08:28 INFO  State of operation 17848478 : EXECUTING
08:08:30 INFO  State of operation 17848478 : EXECUTING
08:08:32 INFO  State of operation 17848478 : EXECUTING
08:08:35 INFO  State of operation 17848478 : EXECUTING
08:08:37 INFO  State of operation 17848478 : EXECUTING
08:08:39 INFO  State of operation 17848478 : EXECUTING
08:08:42 INFO  State of operation 17848478 : EXECUTING
08:08:44 INFO  State of operation 17848478 : EXECUTING
08:08:47 INFO  State of operation 17848478 : EXECUTING
08:08:49 INFO  State of operation 17848478 : EXECUTING
08:08:51 INFO  State of operation 17848478 : EXECUTING
08:08:53 INFO  State of operation 17848478 : EXECUTING
08:08:56 INFO  State of operation 17848478 : EXECUTING
08:08:58 INFO  State of operation 17848478 : EXECUTING
08:09:00 INFO  State of operation 17848478 : EXECUTING
08:09:03 INFO  State of operation 17848478 : EXECUTING
08:09:05 INFO  State of operation 17848478 : EXECUTING
08:09:08 INFO  State of operation 17848478 : EXECUTING
08:09:10 INFO  State of operation 17848478 : SUCCESSFUL
08:09:10 INFO  Assert that (False == value) with value=False ... passed
08:09:10 INFO  Assert that (False == value) with value=False ... passed
08:09:11 INFO  Assert that (False == value) with value=False ... passed
08:09:11 INFO  Assert that (False == value) with value=False ... passed
08:09:11 INFO  
08:09:11 INFO  cleanup:
08:09:15 INFO  Executed sudo&lt;tedge_disconnect_c8y&gt;, exit status 0
08:09:16 INFO  Executed systemctl&lt;serv_mapper5&gt;, exit status 3
08:09:16 INFO  
08:09:16 INFO  Test duration: 183.61 secs
08:09:16 INFO  Test final outcome:  FAILED
08:09:16 INFO  Test outcome reason: Assert that (False == value) with value=True
08:09:16 INFO  
</system-out>
	</testcase>
<testcase classname="PySysTest" name="SoftwareManagement.sm_apt_install_remove_multiple">
		<failure message="FAILED: Assert that (False == value) with value=True (+2 other failures)" type="FAILED" />
		<system-out>08:33:36 INFO  ==============================================================
08:33:36 INFO  Id:    SoftwareManagement.sm_apt_install_remove_multiple
08:33:36 INFO  Dir:   software_management_end_to_end/
08:33:36 INFO  Title: Validate end to end behaviour for the apt plugin for multiple packages
08:33:36 INFO  ==============================================================
08:33:36 INFO  Using sw id database: {'asciijump': '5475369', 'robotfindskitten': '5474869', 'squirrel3': '5475279', 'rolldice': '5152439', 'moon-buggy': '5439204', 'apple': '5495053', 'banana': '5494888', 'cherry': '5495382', 'watermelon': '5494510', 'registry': '8018911', 'hello-world': '8021526', 'docker/getting-started': '8021973', 'alpine': '7991792'}
08:33:36 INFO  EnvironmentC8y Setup
08:33:36 INFO  Executed systemctl&lt;serv_mapper1&gt;, exit status 3
08:33:36 INFO  Restarting mosquitto too frequently in the last 10 seconds. It was only up for 4 seconds
08:33:36 INFO  Delaying execution by 7 seconds
08:33:58 INFO  Executed sudo&lt;tedge_connect_c8y&gt;, exit status 0, duration 14 secs
08:33:58 INFO  Executed sudo&lt;tedge_connect_c8y_test&gt;, exit status 0
08:33:59 INFO  Executed systemctl&lt;serv_mosq2&gt;, exit status 0
08:33:59 INFO  Executed systemctl&lt;serv_mapper3&gt;, exit status 0
08:34:02 INFO  State of current operation: SUCCESSFUL
08:34:02 INFO  Assert that (False == value) with value=False ... passed
08:34:02 INFO  Package asciijump is installed
08:34:02 WARN  Assert that (False == value) with value=True ... failed 
08:34:03 INFO  Package squirrel3 is installed
08:34:03 WARN  Assert that (False == value) with value=True ... failed 
08:34:03 INFO  Package robotfindskitten is installed
08:34:03 WARN  Assert that (False == value) with value=True ... failed 
08:34:03 INFO  Response status: 201
08:34:03 INFO  Response to action: {
    "creationTime": "2022-04-28T08:34:03.812Z",
    "deviceName": "mythicd",
    "deviceId": "17845529",
    "self": "https://t493319102.eu-latest.cumulocity.com/devicecontrol/operations/17862793",
    "id": "17862793",
    "status": "PENDING",
    "description": "Apply software changes, triggered from PySys: [{'action': 'install', 'id': '5475369', 'name': 'asciijump', 'url': ' ', 'version': '::apt'}, {'action': 'install', 'id': '5474869', 'name': 'robotfindskitten', 'url': ' ', 'version': '::apt'}, {'action': 'install', 'id': '5475279', 'name': 'squirrel3', 'url': ' ', 'version': '::apt'}]",
    "c8y_SoftwareUpdate": [
        {
            "name": "asciijump",
            "action": "install",
            "id": "5475369",
            "version": "::apt",
            "url": " "
        },
        {
            "name": "robotfindskitten",
            "action": "install",
            "id": "5474869",
            "version": "::apt",
            "url": " "
        },
        {
            "name": "squirrel3",
            "action": "install",
            "id": "5475279",
            "version": "::apt",
            "url": " "
        }
    ]
}
08:34:03 INFO  Started operation: {'creationTime': '2022-04-28T08:34:03.812Z', 'deviceName': 'mythicd', 'deviceId': '17845529', 'self': 'https://t493319102.eu-latest.cumulocity.com/devicecontrol/operations/17862793', 'id': '17862793', 'status': 'PENDING', 'description': "Apply software changes, triggered from PySys: [{'action': 'install', 'id': '5475369', 'name': 'asciijump', 'url': ' ', 'version': '::apt'}, {'action': 'install', 'id': '5474869', 'name': 'robotfindskitten', 'url': ' ', 'version': '::apt'}, {'action': 'install', 'id': '5475279', 'name': 'squirrel3', 'url': ' ', 'version': '::apt'}]", 'c8y_SoftwareUpdate': [{'name': 'asciijump', 'action': 'install', 'id': '5475369', 'version': '::apt', 'url': ' '}, {'name': 'robotfindskitten', 'action': 'install', 'id': '5474869', 'version': '::apt', 'url': ' '}, {'name': 'squirrel3', 'action': 'install', 'id': '5475279', 'version': '::apt', 'url': ' '}]}
08:34:06 INFO  State of operation 17862793 : PENDING
08:34:08 INFO  State of operation 17862793 : EXECUTING
08:34:10 INFO  State of operation 17862793 : EXECUTING
08:34:12 INFO  State of operation 17862793 : EXECUTING
08:34:14 INFO  State of operation 17862793 : EXECUTING
08:34:17 INFO  State of operation 17862793 : EXECUTING
08:34:19 INFO  State of operation 17862793 : EXECUTING
08:34:23 INFO  State of operation 17862793 : EXECUTING
08:34:26 INFO  State of operation 17862793 : EXECUTING
08:34:28 INFO  State of operation 17862793 : EXECUTING
08:34:30 INFO  State of operation 17862793 : EXECUTING
08:34:32 INFO  State of operation 17862793 : EXECUTING
08:34:35 INFO  State of operation 17862793 : EXECUTING
08:34:37 INFO  State of operation 17862793 : EXECUTING
08:34:39 INFO  State of operation 17862793 : EXECUTING
08:34:41 INFO  State of operation 17862793 : SUCCESSFUL
08:34:41 INFO  Assert that (False == value) with value=False ... passed
08:34:42 INFO  Package asciijump is installed
08:34:42 INFO  Assert that (True == value) with value=True ... passed
08:34:42 INFO  Package squirrel3 is installed
08:34:42 INFO  Assert that (True == value) with value=True ... passed
08:34:42 INFO  Package robotfindskitten is installed
08:34:42 INFO  Assert that (True == value) with value=True ... passed
08:34:42 INFO  Response status: 201
08:34:42 INFO  Response to action: {
    "creationTime": "2022-04-28T08:34:42.853Z",
    "deviceName": "mythicd",
    "deviceId": "17845529",
    "self": "https://t493319102.eu-latest.cumulocity.com/devicecontrol/operations/17865106",
    "id": "17865106",
    "status": "PENDING",
    "description": "Apply software changes, triggered from PySys: [{'action': 'delete', 'id': '5475369', 'name': 'asciijump', 'url': ' ', 'version': '::apt'}, {'action': 'delete', 'id': '5474869', 'name': 'robotfindskitten', 'url': ' ', 'version': '::apt'}, {'action': 'delete', 'id': '5475279', 'name': 'squirrel3', 'url': ' ', 'version': '::apt'}]",
    "c8y_SoftwareUpdate": [
        {
            "name": "asciijump",
            "action": "delete",
            "id": "5475369",
            "version": "::apt",
            "url": " "
        },
        {
            "name": "robotfindskitten",
            "action": "delete",
            "id": "5474869",
            "version": "::apt",
            "url": " "
        },
        {
            "name": "squirrel3",
            "action": "delete",
            "id": "5475279",
            "version": "::apt",
            "url": " "
        }
    ]
}
08:34:42 INFO  Started operation: {'creationTime': '2022-04-28T08:34:42.853Z', 'deviceName': 'mythicd', 'deviceId': '17845529', 'self': 'https://t493319102.eu-latest.cumulocity.com/devicecontrol/operations/17865106', 'id': '17865106', 'status': 'PENDING', 'description': "Apply software changes, triggered from PySys: [{'action': 'delete', 'id': '5475369', 'name': 'asciijump', 'url': ' ', 'version': '::apt'}, {'action': 'delete', 'id': '5474869', 'name': 'robotfindskitten', 'url': ' ', 'version': '::apt'}, {'action': 'delete', 'id': '5475279', 'name': 'squirrel3', 'url': ' ', 'version': '::apt'}]", 'c8y_SoftwareUpdate': [{'name': 'asciijump', 'action': 'delete', 'id': '5475369', 'version': '::apt', 'url': ' '}, {'name': 'robotfindskitten', 'action': 'delete', 'id': '5474869', 'version': '::apt', 'url': ' '}, {'name': 'squirrel3', 'action': 'delete', 'id': '5475279', 'version': '::apt', 'url': ' '}]}
08:34:45 INFO  State of operation 17865106 : PENDING
08:34:47 INFO  State of operation 17865106 : EXECUTING
08:34:49 INFO  State of operation 17865106 : EXECUTING
08:34:51 INFO  State of operation 17865106 : EXECUTING
08:34:54 INFO  State of operation 17865106 : EXECUTING
08:34:56 INFO  State of operation 17865106 : EXECUTING
08:34:59 INFO  State of operation 17865106 : EXECUTING
08:35:01 INFO  State of operation 17865106 : EXECUTING
08:35:04 INFO  State of operation 17865106 : EXECUTING
08:35:06 INFO  State of operation 17865106 : EXECUTING
08:35:08 INFO  State of operation 17865106 : EXECUTING
08:35:11 INFO  State of operation 17865106 : EXECUTING
08:35:13 INFO  State of operation 17865106 : EXECUTING
08:35:15 INFO  State of operation 17865106 : EXECUTING
08:35:17 INFO  State of operation 17865106 : EXECUTING
08:35:20 INFO  State of operation 17865106 : EXECUTING
08:35:22 INFO  State of operation 17865106 : EXECUTING
08:35:24 INFO  State of operation 17865106 : EXECUTING
08:35:27 INFO  State of operation 17865106 : EXECUTING
08:35:29 INFO  State of operation 17865106 : EXECUTING
08:35:32 INFO  State of operation 17865106 : EXECUTING
08:35:34 INFO  State of operation 17865106 : EXECUTING
08:35:36 INFO  State of operation 17865106 : EXECUTING
08:35:38 INFO  State of operation 17865106 : EXECUTING
08:35:41 INFO  State of operation 17865106 : EXECUTING
08:35:43 INFO  State of operation 17865106 : EXECUTING
08:35:46 INFO  State of operation 17865106 : EXECUTING
08:35:48 INFO  State of operation 17865106 : EXECUTING
08:35:50 INFO  State of operation 17865106 : EXECUTING
08:35:53 INFO  State of operation 17865106 : SUCCESSFUL
08:35:53 INFO  Assert that (False == value) with value=False ... passed
08:35:53 INFO  Assert that (False == value) with value=False ... passed
08:35:53 INFO  Assert that (False == value) with value=False ... passed
08:35:54 INFO  Assert that (False == value) with value=False ... passed
08:35:54 INFO  
08:35:54 INFO  cleanup:
08:35:58 INFO  Executed sudo&lt;tedge_disconnect_c8y&gt;, exit status 0
08:35:58 INFO  Executed systemctl&lt;serv_mapper5&gt;, exit status 3
08:35:58 INFO  
08:35:58 INFO  Test duration: 142.73 secs
08:35:58 INFO  Test final outcome:  FAILED
08:35:58 INFO  Test outcome reason: Assert that (False == value) with value=True (+2 other failures)
08:35:58 INFO  
</system-out>
	</testcase>
</testsuite><testsuite name="SoftwareManagement.sm_apt_install_remove_multiple_mixed" tests="3" errors="0" failures="2" skipped="1" time="0"><testcase classname="PySysTest" name="SoftwareManagement.sm_apt_install_remove_multiple_mixed">
		<skipped message="SKIPPED: Testing the apt plugin is not supported on this platform.Use parameter -XmyPlatform='container' to enable it" />
		<system-out>07:32:36 INFO  ==============================================================
07:32:36 INFO  Id:    SoftwareManagement.sm_apt_install_remove_multiple_mixed
07:32:36 INFO  Dir:   software_management_end_to_end/
07:32:36 INFO  Title: Validate end to end behaviour for the apt plugin for multiple packages with mixed versions
07:32:36 INFO  ==============================================================
07:32:36 INFO  Testing the apt plugin is not supported on this platform.Use parameter -XmyPlatform='container' to enable it ... skipped
07:32:36 WARN  Aborted test due to SKIPPED outcome
07:32:36 INFO  
07:32:36 INFO  Test duration: 0.02 secs
07:32:36 INFO  Test final outcome:  SKIPPED
07:32:36 INFO  Test outcome reason: Testing the apt plugin is not supported on this platform.Use parameter -XmyPlatform='container' to enable it
07:32:36 INFO  
</system-out>
	</testcase>
<testcase classname="PySysTest" name="SoftwareManagement.sm_apt_install_remove_multiple_mixed">
		<failure message="BLOCKED: SystemError: Timeout while waiting for status SUCCESSFUL or False" type="BLOCKED" />
		<system-out>08:09:16 INFO  ==============================================================
08:09:16 INFO  Id:    SoftwareManagement.sm_apt_install_remove_multiple_mixed
08:09:16 INFO  Dir:   software_management_end_to_end/
08:09:16 INFO  Title: Validate end to end behaviour for the apt plugin for multiple packages with mixed versions
08:09:16 INFO  ==============================================================
08:09:16 INFO  Using sw id database: {'asciijump': '5475369', 'robotfindskitten': '5474869', 'squirrel3': '5475279', 'rolldice': '5152439', 'moon-buggy': '5439204', 'apple': '5495053', 'banana': '5494888', 'cherry': '5495382', 'watermelon': '5494510', 'registry': '8018911', 'hello-world': '8021526', 'docker/getting-started': '8021973', 'alpine': '7991792'}
08:09:16 INFO  EnvironmentC8y Setup
08:09:16 INFO  Executed systemctl&lt;serv_mapper1&gt;, exit status 3
08:09:16 INFO  Restarting mosquitto too frequently in the last 10 seconds. It was only up for 5 seconds
08:09:16 INFO  Delaying execution by 6 seconds
08:09:37 INFO  Executed sudo&lt;tedge_connect_c8y&gt;, exit status 0, duration 14 secs
08:09:38 INFO  Executed sudo&lt;tedge_connect_c8y_test&gt;, exit status 0
08:09:38 INFO  Executed systemctl&lt;serv_mosq2&gt;, exit status 0
08:09:39 INFO  Executed systemctl&lt;serv_mapper3&gt;, exit status 0
08:09:41 INFO  State of current operation: SUCCESSFUL
08:09:41 INFO  Assert that (False == value) with value=False ... passed
08:09:41 INFO  Assert that (False == value) with value=False ... passed
08:09:41 INFO  Assert that (False == value) with value=False ... passed
08:09:42 INFO  Assert that (False == value) with value=False ... passed
08:09:42 INFO  Assert that (False == value) with value=False ... passed
08:09:43 INFO  Response status: 201
08:09:43 INFO  Response to action: {
    "creationTime": "2022-04-28T08:09:43.574Z",
    "deviceName": "mythicd",
    "deviceId": "17845529",
    "self": "https://t493319102.eu-latest.cumulocity.com/devicecontrol/operations/17848490",
    "id": "17848490",
    "status": "PENDING",
    "description": "Apply software changes, triggered from PySys: [{'action': 'install', 'id': '5475369', 'name': 'asciijump', 'url': ' ', 'version': '::apt'}, {'action': 'install', 'id': '5474869', 'name': 'robotfindskitten', 'url': ' ', 'version': ' '}, {'action': 'install', 'id': '5475279', 'name': 'squirrel3', 'url': ' ', 'version': '3.1-7::apt'}, {'action': 'install', 'id': '5152439', 'name': 'rolldice', 'url': ' ', 'version': '1.16-1+b1'}, {'action': 'install', 'id': '5439204', 'name': 'moon-buggy', 'url': ' ', 'version': '1:1.0.51-12'}, {'action': 'install', 'id': '5475369', 'name': 'asciijump', 'url': ' ', 'version': '::apt'}]",
    "c8y_SoftwareUpdate": [
        {
            "name": "asciijump",
            "action": "install",
            "id": "5475369",
            "version": "::apt",
            "url": " "
        },
        {
            "name": "robotfindskitten",
            "action": "install",
            "id": "5474869",
            "version": " ",
            "url": " "
        },
        {
            "name": "squirrel3",
            "action": "install",
            "id": "5475279",
            "version": "3.1-7::apt",
            "url": " "
        },
        {
            "name": "rolldice",
            "action": "install",
            "id": "5152439",
            "version": "1.16-1+b1",
            "url": " "
        },
        {
            "name": "moon-buggy",
            "action": "install",
            "id": "5439204",
            "version": "1:1.0.51-12",
            "url": " "
        },
        {
            "name": "asciijump",
            "action": "install",
            "id": "5475369",
            "version": "::apt",
            "url": " "
        }
    ]
}
08:09:43 INFO  Started operation: {'creationTime': '2022-04-28T08:09:43.574Z', 'deviceName': 'mythicd', 'deviceId': '17845529', 'self': 'https://t493319102.eu-latest.cumulocity.com/devicecontrol/operations/17848490', 'id': '17848490', 'status': 'PENDING', 'description': "Apply software changes, triggered from PySys: [{'action': 'install', 'id': '5475369', 'name': 'asciijump', 'url': ' ', 'version': '::apt'}, {'action': 'install', 'id': '5474869', 'name': 'robotfindskitten', 'url': ' ', 'version': ' '}, {'action': 'install', 'id': '5475279', 'name': 'squirrel3', 'url': ' ', 'version': '3.1-7::apt'}, {'action': 'install', 'id': '5152439', 'name': 'rolldice', 'url': ' ', 'version': '1.16-1+b1'}, {'action': 'install', 'id': '5439204', 'name': 'moon-buggy', 'url': ' ', 'version': '1:1.0.51-12'}, {'action': 'install', 'id': '5475369', 'name': 'asciijump', 'url': ' ', 'version': '::apt'}]", 'c8y_SoftwareUpdate': [{'name': 'asciijump', 'action': 'install', 'id': '5475369', 'version': '::apt', 'url': ' '}, {'name': 'robotfindskitten', 'action': 'install', 'id': '5474869', 'version': ' ', 'url': ' '}, {'name': 'squirrel3', 'action': 'install', 'id': '5475279', 'version': '3.1-7::apt', 'url': ' '}, {'name': 'rolldice', 'action': 'install', 'id': '5152439', 'version': '1.16-1+b1', 'url': ' '}, {'name': 'moon-buggy', 'action': 'install', 'id': '5439204', 'version': '1:1.0.51-12', 'url': ' '}, {'name': 'asciijump', 'action': 'install', 'id': '5475369', 'version': '::apt', 'url': ' '}]}
08:09:45 INFO  State of operation 17848490 : PENDING
08:09:48 INFO  State of operation 17848490 : EXECUTING
08:09:50 INFO  State of operation 17848490 : EXECUTING
08:09:52 INFO  State of operation 17848490 : EXECUTING
08:09:54 INFO  State of operation 17848490 : EXECUTING
08:09:56 INFO  State of operation 17848490 : EXECUTING
08:09:59 INFO  State of operation 17848490 : EXECUTING
08:10:02 INFO  State of operation 17848490 : EXECUTING
08:10:05 INFO  State of operation 17848490 : EXECUTING
08:10:07 INFO  State of operation 17848490 : EXECUTING
08:10:09 INFO  State of operation 17848490 : EXECUTING
08:10:11 INFO  State of operation 17848490 : EXECUTING
08:10:14 INFO  State of operation 17848490 : EXECUTING
08:10:16 INFO  State of operation 17848490 : EXECUTING
08:10:18 INFO  State of operation 17848490 : EXECUTING
08:10:21 INFO  State of operation 17848490 : EXECUTING
08:10:23 INFO  State of operation 17848490 : EXECUTING
08:10:25 INFO  State of operation 17848490 : EXECUTING
08:10:28 INFO  State of operation 17848490 : EXECUTING
08:10:30 INFO  State of operation 17848490 : EXECUTING
08:10:33 INFO  State of operation 17848490 : EXECUTING
08:10:35 INFO  State of operation 17848490 : EXECUTING
08:10:37 INFO  State of operation 17848490 : EXECUTING
08:10:39 INFO  State of operation 17848490 : EXECUTING
08:10:42 INFO  State of operation 17848490 : EXECUTING
08:10:44 INFO  State of operation 17848490 : EXECUTING
08:10:47 INFO  State of operation 17848490 : EXECUTING
08:10:50 INFO  State of operation 17848490 : EXECUTING
08:10:52 INFO  State of operation 17848490 : EXECUTING
08:10:54 INFO  State of operation 17848490 : EXECUTING
08:10:57 INFO  State of operation 17848490 : EXECUTING
08:10:59 INFO  State of operation 17848490 : EXECUTING
08:11:01 INFO  State of operation 17848490 : EXECUTING
08:11:03 INFO  State of operation 17848490 : EXECUTING
08:11:05 INFO  State of operation 17848490 : EXECUTING
08:11:08 INFO  State of operation 17848490 : EXECUTING
08:11:10 INFO  State of operation 17848490 : EXECUTING
08:11:12 INFO  State of operation 17848490 : EXECUTING
08:11:15 INFO  State of operation 17848490 : EXECUTING
08:11:18 INFO  State of operation 17848490 : EXECUTING
08:11:20 INFO  State of operation 17848490 : EXECUTING
08:11:22 INFO  State of operation 17848490 : EXECUTING
08:11:25 INFO  State of operation 17848490 : EXECUTING
08:11:27 INFO  State of operation 17848490 : EXECUTING
08:11:29 INFO  State of operation 17848490 : EXECUTING
08:11:31 INFO  State of operation 17848490 : EXECUTING
08:11:34 INFO  State of operation 17848490 : EXECUTING
08:11:36 INFO  State of operation 17848490 : EXECUTING
08:11:38 INFO  State of operation 17848490 : EXECUTING
08:11:41 INFO  State of operation 17848490 : EXECUTING
08:11:44 INFO  State of operation 17848490 : EXECUTING
08:11:46 INFO  State of operation 17848490 : EXECUTING
08:11:48 INFO  State of operation 17848490 : EXECUTING
08:11:51 INFO  State of operation 17848490 : EXECUTING
08:11:53 INFO  State of operation 17848490 : EXECUTING
08:11:56 INFO  State of operation 17848490 : EXECUTING
08:11:58 INFO  State of operation 17848490 : EXECUTING
08:12:01 INFO  State of operation 17848490 : EXECUTING
08:12:03 INFO  State of operation 17848490 : EXECUTING
08:12:06 INFO  State of operation 17848490 : EXECUTING
08:12:08 INFO  State of operation 17848490 : EXECUTING
08:12:10 WARN  SystemError occurred while running test - Timeout while waiting for status SUCCESSFUL or False
Traceback (most recent call last):
  File "/home/pi/env-pysys/lib/python3.7/site-packages/pysys/baserunner.py", line 1294, in __call__
    self.testObj.execute()
  File "/home/pi/actions-runner/_work/thin-edge.io/thin-edge.io/tests/PySys/software_management_end_to_end/sm_apt_install_remove_multiple_mixed/run.py", line 89, in execute
    self.wait_until_succcess()
  File "/home/pi/actions-runner/_work/thin-edge.io/thin-edge.io/tests/PySys/software_management_end_to_end/environment_sm_management.py", line 324, in wait_until_succcess
    self.wait_until_status("SUCCESSFUL")
  File "/home/pi/actions-runner/_work/thin-edge.io/thin-edge.io/tests/PySys/software_management_end_to_end/environment_sm_management.py", line 381, in wait_until_status
    "Timeout while waiting for status %s or %s" % (status, status2)
SystemError: Timeout while waiting for status SUCCESSFUL or False
08:12:10 WARN  SystemError: Timeout while waiting for status SUCCESSFUL or False ... blocked 
08:12:10 INFO  
08:12:10 INFO  cleanup:
08:12:17 INFO  Executed sudo&lt;tedge_disconnect_c8y&gt;, exit status 0
08:12:17 INFO  Executed systemctl&lt;serv_mapper5&gt;, exit status 3
08:12:17 INFO  
08:12:17 INFO  Test duration: 181.70 secs
08:12:17 INFO  Test final outcome:  BLOCKED
08:12:17 INFO  Test outcome reason: SystemError: Timeout while waiting for status SUCCESSFUL or False
08:12:17 INFO  
</system-out>
	</testcase>
<testcase classname="PySysTest" name="SoftwareManagement.sm_apt_install_remove_multiple_mixed">
		<failure message="BLOCKED: SystemError: Timeout while waiting for status SUCCESSFUL or False (+1 other failures)" type="BLOCKED" />
		<system-out>08:35:58 INFO  ==============================================================
08:35:58 INFO  Id:    SoftwareManagement.sm_apt_install_remove_multiple_mixed
08:35:58 INFO  Dir:   software_management_end_to_end/
08:35:58 INFO  Title: Validate end to end behaviour for the apt plugin for multiple packages with mixed versions
08:35:58 INFO  ==============================================================
08:35:58 INFO  Using sw id database: {'asciijump': '5475369', 'robotfindskitten': '5474869', 'squirrel3': '5475279', 'rolldice': '5152439', 'moon-buggy': '5439204', 'apple': '5495053', 'banana': '5494888', 'cherry': '5495382', 'watermelon': '5494510', 'registry': '8018911', 'hello-world': '8021526', 'docker/getting-started': '8021973', 'alpine': '7991792'}
08:35:58 INFO  EnvironmentC8y Setup
08:35:59 INFO  Executed systemctl&lt;serv_mapper1&gt;, exit status 3
08:35:59 INFO  Restarting mosquitto too frequently in the last 10 seconds. It was only up for 4 seconds
08:35:59 INFO  Delaying execution by 7 seconds
08:36:20 INFO  Executed sudo&lt;tedge_connect_c8y&gt;, exit status 0, duration 13 secs
08:36:21 INFO  Executed sudo&lt;tedge_connect_c8y_test&gt;, exit status 0
08:36:21 INFO  Executed systemctl&lt;serv_mosq2&gt;, exit status 0
08:36:22 INFO  Executed systemctl&lt;serv_mapper3&gt;, exit status 0
08:36:24 INFO  State of current operation: SUCCESSFUL
08:36:24 INFO  Assert that (False == value) with value=False ... passed
08:36:24 INFO  Assert that (False == value) with value=False ... passed
08:36:25 INFO  Assert that (False == value) with value=False ... passed
08:36:25 INFO  Assert that (False == value) with value=False ... passed
08:36:25 INFO  Package moon-buggy is installed
08:36:25 WARN  Assert that (False == value) with value=True ... failed 
08:36:26 INFO  Response status: 201
08:36:26 INFO  Response to action: {
    "creationTime": "2022-04-28T08:36:26.758Z",
    "deviceName": "mythicd",
    "deviceId": "17845529",
    "self": "https://t493319102.eu-latest.cumulocity.com/devicecontrol/operations/17865314",
    "id": "17865314",
    "status": "PENDING",
    "description": "Apply software changes, triggered from PySys: [{'action': 'install', 'id': '5475369', 'name': 'asciijump', 'url': ' ', 'version': '::apt'}, {'action': 'install', 'id': '5474869', 'name': 'robotfindskitten', 'url': ' ', 'version': ' '}, {'action': 'install', 'id': '5475279', 'name': 'squirrel3', 'url': ' ', 'version': '3.1-7::apt'}, {'action': 'install', 'id': '5152439', 'name': 'rolldice', 'url': ' ', 'version': '1.16-1+b1'}, {'action': 'install', 'id': '5439204', 'name': 'moon-buggy', 'url': ' ', 'version': '1:1.0.51-12'}, {'action': 'install', 'id': '5475369', 'name': 'asciijump', 'url': ' ', 'version': '::apt'}]",
    "c8y_SoftwareUpdate": [
        {
            "name": "asciijump",
            "action": "install",
            "id": "5475369",
            "version": "::apt",
            "url": " "
        },
        {
            "name": "robotfindskitten",
            "action": "install",
            "id": "5474869",
            "version": " ",
            "url": " "
        },
        {
            "name": "squirrel3",
            "action": "install",
            "id": "5475279",
            "version": "3.1-7::apt",
            "url": " "
        },
        {
            "name": "rolldice",
            "action": "install",
            "id": "5152439",
            "version": "1.16-1+b1",
            "url": " "
        },
        {
            "name": "moon-buggy",
            "action": "install",
            "id": "5439204",
            "version": "1:1.0.51-12",
            "url": " "
        },
        {
            "name": "asciijump",
            "action": "install",
            "id": "5475369",
            "version": "::apt",
            "url": " "
        }
    ]
}
08:36:26 INFO  Started operation: {'creationTime': '2022-04-28T08:36:26.758Z', 'deviceName': 'mythicd', 'deviceId': '17845529', 'self': 'https://t493319102.eu-latest.cumulocity.com/devicecontrol/operations/17865314', 'id': '17865314', 'status': 'PENDING', 'description': "Apply software changes, triggered from PySys: [{'action': 'install', 'id': '5475369', 'name': 'asciijump', 'url': ' ', 'version': '::apt'}, {'action': 'install', 'id': '5474869', 'name': 'robotfindskitten', 'url': ' ', 'version': ' '}, {'action': 'install', 'id': '5475279', 'name': 'squirrel3', 'url': ' ', 'version': '3.1-7::apt'}, {'action': 'install', 'id': '5152439', 'name': 'rolldice', 'url': ' ', 'version': '1.16-1+b1'}, {'action': 'install', 'id': '5439204', 'name': 'moon-buggy', 'url': ' ', 'version': '1:1.0.51-12'}, {'action': 'install', 'id': '5475369', 'name': 'asciijump', 'url': ' ', 'version': '::apt'}]", 'c8y_SoftwareUpdate': [{'name': 'asciijump', 'action': 'install', 'id': '5475369', 'version': '::apt', 'url': ' '}, {'name': 'robotfindskitten', 'action': 'install', 'id': '5474869', 'version': ' ', 'url': ' '}, {'name': 'squirrel3', 'action': 'install', 'id': '5475279', 'version': '3.1-7::apt', 'url': ' '}, {'name': 'rolldice', 'action': 'install', 'id': '5152439', 'version': '1.16-1+b1', 'url': ' '}, {'name': 'moon-buggy', 'action': 'install', 'id': '5439204', 'version': '1:1.0.51-12', 'url': ' '}, {'name': 'asciijump', 'action': 'install', 'id': '5475369', 'version': '::apt', 'url': ' '}]}
08:36:29 INFO  State of operation 17865314 : PENDING
08:36:31 INFO  State of operation 17865314 : EXECUTING
08:36:33 INFO  State of operation 17865314 : EXECUTING
08:36:35 INFO  State of operation 17865314 : EXECUTING
08:36:37 INFO  State of operation 17865314 : EXECUTING
08:36:40 INFO  State of operation 17865314 : EXECUTING
08:36:42 INFO  State of operation 17865314 : EXECUTING
08:36:45 INFO  State of operation 17865314 : EXECUTING
08:36:48 INFO  State of operation 17865314 : EXECUTING
08:36:50 INFO  State of operation 17865314 : EXECUTING
08:36:52 INFO  State of operation 17865314 : EXECUTING
08:36:54 INFO  State of operation 17865314 : EXECUTING
08:36:57 INFO  State of operation 17865314 : EXECUTING
08:36:59 INFO  State of operation 17865314 : EXECUTING
08:37:01 INFO  State of operation 17865314 : EXECUTING
08:37:04 INFO  State of operation 17865314 : EXECUTING
08:37:06 INFO  State of operation 17865314 : EXECUTING
08:37:08 INFO  State of operation 17865314 : EXECUTING
08:37:11 INFO  State of operation 17865314 : EXECUTING
08:37:13 INFO  State of operation 17865314 : EXECUTING
08:37:15 INFO  State of operation 17865314 : EXECUTING
08:37:18 INFO  State of operation 17865314 : EXECUTING
08:37:20 INFO  State of operation 17865314 : EXECUTING
08:37:23 INFO  State of operation 17865314 : EXECUTING
08:37:25 INFO  State of operation 17865314 : EXECUTING
08:37:27 INFO  State of operation 17865314 : EXECUTING
08:37:29 INFO  State of operation 17865314 : EXECUTING
08:37:32 INFO  State of operation 17865314 : EXECUTING
08:37:34 INFO  State of operation 17865314 : EXECUTING
08:37:36 INFO  State of operation 17865314 : EXECUTING
08:37:39 INFO  State of operation 17865314 : EXECUTING
08:37:41 INFO  State of operation 17865314 : EXECUTING
08:37:43 INFO  State of operation 17865314 : EXECUTING
08:37:46 INFO  State of operation 17865314 : EXECUTING
08:37:48 INFO  State of operation 17865314 : EXECUTING
08:37:50 INFO  State of operation 17865314 : EXECUTING
08:37:52 INFO  State of operation 17865314 : EXECUTING
08:37:54 INFO  State of operation 17865314 : EXECUTING
08:37:57 INFO  State of operation 17865314 : EXECUTING
08:37:59 INFO  State of operation 17865314 : EXECUTING
08:38:02 INFO  State of operation 17865314 : EXECUTING
08:38:04 INFO  State of operation 17865314 : EXECUTING
08:38:07 INFO  State of operation 17865314 : EXECUTING
08:38:09 INFO  State of operation 17865314 : EXECUTING
08:38:11 INFO  State of operation 17865314 : EXECUTING
08:38:13 INFO  State of operation 17865314 : EXECUTING
08:38:16 INFO  State of operation 17865314 : EXECUTING
08:38:18 INFO  State of operation 17865314 : EXECUTING
08:38:20 INFO  State of operation 17865314 : EXECUTING
08:38:23 INFO  State of operation 17865314 : EXECUTING
08:38:26 INFO  State of operation 17865314 : EXECUTING
08:38:29 INFO  State of operation 17865314 : EXECUTING
08:38:31 INFO  State of operation 17865314 : EXECUTING
08:38:34 INFO  State of operation 17865314 : EXECUTING
08:38:36 INFO  State of operation 17865314 : EXECUTING
08:38:38 INFO  State of operation 17865314 : EXECUTING
08:38:40 INFO  State of operation 17865314 : EXECUTING
08:38:43 INFO  State of operation 17865314 : EXECUTING
08:38:45 INFO  State of operation 17865314 : EXECUTING
08:38:47 INFO  State of operation 17865314 : EXECUTING
08:38:50 INFO  State of operation 17865314 : EXECUTING
08:38:52 WARN  SystemError occurred while running test - Timeout while waiting for status SUCCESSFUL or False
Traceback (most recent call last):
  File "/home/pi/env-pysys/lib/python3.7/site-packages/pysys/baserunner.py", line 1294, in __call__
    self.testObj.execute()
  File "/home/pi/actions-runner/_work/thin-edge.io/thin-edge.io/tests/PySys/software_management_end_to_end/sm_apt_install_remove_multiple_mixed/run.py", line 89, in execute
    self.wait_until_succcess()
  File "/home/pi/actions-runner/_work/thin-edge.io/thin-edge.io/tests/PySys/software_management_end_to_end/environment_sm_management.py", line 324, in wait_until_succcess
    self.wait_until_status("SUCCESSFUL")
  File "/home/pi/actions-runner/_work/thin-edge.io/thin-edge.io/tests/PySys/software_management_end_to_end/environment_sm_management.py", line 381, in wait_until_status
    "Timeout while waiting for status %s or %s" % (status, status2)
SystemError: Timeout while waiting for status SUCCESSFUL or False
08:38:52 WARN  SystemError: Timeout while waiting for status SUCCESSFUL or False ... blocked 
08:38:52 INFO  
08:38:52 INFO  cleanup:
08:38:59 INFO  Executed sudo&lt;tedge_disconnect_c8y&gt;, exit status 0
08:39:00 INFO  Executed systemctl&lt;serv_mapper5&gt;, exit status 3
08:39:00 INFO  
08:39:00 INFO  Test duration: 181.55 secs
08:39:00 INFO  Test final outcome:  BLOCKED
08:39:00 INFO  Test outcome reason: SystemError: Timeout while waiting for status SUCCESSFUL or False (+1 other failures)
08:39:00 INFO  
</system-out>
	</testcase>
</testsuite><testsuite name="SoftwareManagement.sm_apt_install_remove_with_version" tests="3" errors="0" failures="0" skipped="1" time="0"><testcase classname="PySysTest" name="SoftwareManagement.sm_apt_install_remove_with_version">
		<skipped message="SKIPPED: Testing the apt plugin is not supported on this platform.Use parameter -XmyPlatform='container' to enable it" />
		<system-out>07:32:36 INFO  ==============================================================
07:32:36 INFO  Id:    SoftwareManagement.sm_apt_install_remove_with_version
07:32:36 INFO  Dir:   software_management_end_to_end/
07:32:36 INFO  Title: Validate end to end behaviour for the apt plugin for packages with version
07:32:36 INFO  ==============================================================
07:32:36 INFO  Testing the apt plugin is not supported on this platform.Use parameter -XmyPlatform='container' to enable it ... skipped
07:32:36 WARN  Aborted test due to SKIPPED outcome
07:32:36 INFO  
07:32:36 INFO  Test duration: 0.02 secs
07:32:36 INFO  Test final outcome:  SKIPPED
07:32:36 INFO  Test outcome reason: Testing the apt plugin is not supported on this platform.Use parameter -XmyPlatform='container' to enable it
07:32:36 INFO  
</system-out>
	</testcase>
<testcase classname="PySysTest" name="SoftwareManagement.sm_apt_install_remove_with_version" />
<testcase classname="PySysTest" name="SoftwareManagement.sm_apt_install_remove_with_version" />
</testsuite><testsuite name="SoftwareManagement.sm_docker_install_remove_multiple" tests="3" errors="0" failures="0" skipped="1" time="0"><testcase classname="SMDockerInstallRemove" name="SoftwareManagement.sm_docker_install_remove_multiple">
		<skipped message="SKIPPED: Testing the apt plugin is not supported on this platform.Use parameter -XmyPlatform='container' to enable it" />
		<system-out>07:32:36 INFO  ==============================================================
07:32:36 INFO  Id:    SoftwareManagement.sm_docker_install_remove_multiple
07:32:36 INFO  Dir:   software_management_end_to_end/
07:32:36 INFO  Title: Validate end to end behaviour for the docker plugin for multiple docker images with mixed versions
07:32:36 INFO  ==============================================================
07:32:36 INFO  Testing the apt plugin is not supported on this platform.Use parameter -XmyPlatform='container' to enable it ... skipped
07:32:36 WARN  Aborted test due to SKIPPED outcome
07:32:36 INFO  
07:32:36 INFO  Test duration: 0.03 secs
07:32:36 INFO  Test final outcome:  SKIPPED
07:32:36 INFO  Test outcome reason: Testing the apt plugin is not supported on this platform.Use parameter -XmyPlatform='container' to enable it
07:32:36 INFO  
</system-out>
	</testcase>
<testcase classname="SMDockerInstallRemove" name="SoftwareManagement.sm_docker_install_remove_multiple" />
<testcase classname="SMDockerInstallRemove" name="SoftwareManagement.sm_docker_install_remove_multiple" />
</testsuite><testsuite name="SoftwareManagement.sm_fake_install_remove" tests="2" errors="0" failures="0" skipped="1" time="0"><testcase classname="PySysTest" name="SoftwareManagement.sm_fake_install_remove">
		<skipped message="SKIPPED: Testing the fake plugin is not enabled.Use parameter -Xfakeplugin=fakeplugin to enable it" />
		<system-out>07:32:36 INFO  ==============================================================
07:32:36 INFO  Id:    SoftwareManagement.sm_fake_install_remove
07:32:36 INFO  Dir:   software_management_end_to_end/
07:32:36 INFO  Title: Validate end to end behaviour for the dummy plugin for installation and removal of packages
07:32:36 INFO  ==============================================================
07:32:36 INFO  Testing the fake plugin is not enabled.Use parameter -Xfakeplugin=fakeplugin to enable it ... skipped
07:32:36 WARN  Aborted test due to SKIPPED outcome
07:32:36 INFO  
07:32:36 INFO  Test duration: 0.02 secs
07:32:36 INFO  Test final outcome:  SKIPPED
07:32:36 INFO  Test outcome reason: Testing the fake plugin is not enabled.Use parameter -Xfakeplugin=fakeplugin to enable it
07:32:36 INFO  
</system-out>
	</testcase>
<testcase classname="PySysTest" name="SoftwareManagement.sm_fake_install_remove" />
</testsuite><testsuite name="SoftwareManagement.sm_fake_install_remove_multiple" tests="2" errors="0" failures="0" skipped="1" time="0"><testcase classname="PySysTest" name="SoftwareManagement.sm_fake_install_remove_multiple">
		<skipped message="SKIPPED: Testing the fake plugin is not enabled.Use parameter -Xfakeplugin=fakeplugin to enable it" />
		<system-out>07:32:36 INFO  ==============================================================
07:32:36 INFO  Id:    SoftwareManagement.sm_fake_install_remove_multiple
07:32:36 INFO  Dir:   software_management_end_to_end/
07:32:36 INFO  Title: Validate end to end behaviour for the dummy-plugin for multiple packages
07:32:36 INFO  ==============================================================
07:32:36 INFO  Testing the fake plugin is not enabled.Use parameter -Xfakeplugin=fakeplugin to enable it ... skipped
07:32:36 WARN  Aborted test due to SKIPPED outcome
07:32:36 INFO  
07:32:36 INFO  Test duration: 0.02 secs
07:32:36 INFO  Test final outcome:  SKIPPED
07:32:36 INFO  Test outcome reason: Testing the fake plugin is not enabled.Use parameter -Xfakeplugin=fakeplugin to enable it
07:32:36 INFO  
</system-out>
	</testcase>
<testcase classname="PySysTest" name="SoftwareManagement.sm_fake_install_remove_multiple" />
</testsuite><testsuite name="SoftwareManagement.sm_mapper_fail_and_reconnect" tests="2" errors="0" failures="0" skipped="2" time="0"><testcase classname="MapperC8yReceiveLastMessageOnRestart" name="SoftwareManagement.sm_mapper_fail_and_reconnect">
		<skipped message="SKIPPED: instable https://github.com/thin-edge/thin-edge.io/issues/752" />
		<system-out>07:32:37 INFO  ==============================================================
07:32:37 INFO  Id:    SoftwareManagement.sm_mapper_fail_and_reconnect
07:32:37 INFO  Dir:   software_management_end_to_end/
07:32:37 INFO  Title: Validate the tedge-mapper-sm-c8y for receiving the last message on restart
07:32:37 INFO  ==============================================================
07:32:37 INFO  instable https://github.com/thin-edge/thin-edge.io/issues/752 ... skipped
07:32:37 INFO  
07:32:37 INFO  Test duration: 0.02 secs
07:32:37 INFO  Test final outcome:  SKIPPED
07:32:37 INFO  Test outcome reason: instable https://github.com/thin-edge/thin-edge.io/issues/752
07:32:37 INFO  
</system-out>
	</testcase>
<testcase classname="MapperC8yReceiveLastMessageOnRestart" name="SoftwareManagement.sm_mapper_fail_and_reconnect">
		<skipped message="SKIPPED: instable https://github.com/thin-edge/thin-edge.io/issues/752" />
		<system-out>08:45:56 INFO  ==============================================================
08:45:56 INFO  Id:    SoftwareManagement.sm_mapper_fail_and_reconnect
08:45:56 INFO  Dir:   software_management_end_to_end/
08:45:56 INFO  Title: Validate the tedge-mapper-sm-c8y for receiving the last message on restart
08:45:56 INFO  ==============================================================
08:45:56 INFO  instable https://github.com/thin-edge/thin-edge.io/issues/752 ... skipped
08:45:56 INFO  
08:45:56 INFO  Test duration: 0.04 secs
08:45:56 INFO  Test final outcome:  SKIPPED
08:45:56 INFO  Test outcome reason: instable https://github.com/thin-edge/thin-edge.io/issues/752
08:45:56 INFO  
</system-out>
	</testcase>
</testsuite><testsuite name="SoftwareManagement.sm_mixed_install_remove_multiple" tests="2" errors="0" failures="1" skipped="1" time="0"><testcase classname="PySysTest" name="SoftwareManagement.sm_mixed_install_remove_multiple">
		<skipped message="SKIPPED: Testing the fake plugin is not enabled.Use parameter -Xfakeplugin=fakeplugin to enable it" />
		<system-out>07:32:37 INFO  ==============================================================
07:32:37 INFO  Id:    SoftwareManagement.sm_mixed_install_remove_multiple
07:32:37 INFO  Dir:   software_management_end_to_end/
07:32:37 INFO  Title: Validate end to end behaviour for the dummy-plugin for multiple packages with mixed versions
07:32:37 INFO  ==============================================================
07:32:37 INFO  Testing the fake plugin is not enabled.Use parameter -Xfakeplugin=fakeplugin to enable it ... skipped
07:32:37 WARN  Aborted test due to SKIPPED outcome
07:32:37 INFO  
07:32:37 INFO  Test duration: 0.02 secs
07:32:37 INFO  Test final outcome:  SKIPPED
07:32:37 INFO  Test outcome reason: Testing the fake plugin is not enabled.Use parameter -Xfakeplugin=fakeplugin to enable it
07:32:37 INFO  
</system-out>
	</testcase>
<testcase classname="PySysTest" name="SoftwareManagement.sm_mixed_install_remove_multiple">
		<failure message="FAILED: Assert that (False == value) with value=True" type="FAILED" />
		<system-out>08:45:56 INFO  ==============================================================
08:45:56 INFO  Id:    SoftwareManagement.sm_mixed_install_remove_multiple
08:45:56 INFO  Dir:   software_management_end_to_end/
08:45:56 INFO  Title: Validate end to end behaviour for the dummy-plugin for multiple packages with mixed versions
08:45:56 INFO  ==============================================================
[...]
07:24:45 WARN  Aborted test due to SKIPPED outcome
07:24:45 INFO  
07:24:45 INFO  Test duration: 0.02 secs
07:24:45 INFO  Test final outcome:  SKIPPED
07:24:45 INFO  Test outcome reason: Testing the docker plugin is not supported on this platform.To run it, all the test with -XmyPlatform='container'
07:24:45 INFO  
</system-out>
	</testcase>
<testcase classname="DockerPluginUpdateTest" name="docker_plugin_update" />
</testsuite><testsuite name="invalid_device_id" tests="1" errors="0" failures="0" skipped="0" time="0"><testcase classname="InvalidDeviceId" name="invalid_device_id" />
</testsuite><testsuite name="local_mqtt_pub_fail_noqos" tests="1" errors="0" failures="0" skipped="0" time="0"><testcase classname="PySysTest" name="local_mqtt_pub_fail_noqos" />
</testsuite><testsuite name="local_mqtt_pub_fail_qos0" tests="1" errors="0" failures="0" skipped="0" time="0"><testcase classname="PySysTest" name="local_mqtt_pub_fail_qos0" />
</testsuite><testsuite name="local_mqtt_pub_fail_qos1" tests="1" errors="0" failures="0" skipped="0" time="0"><testcase classname="PySysTest" name="local_mqtt_pub_fail_qos1" />
</testsuite><testsuite name="local_mqtt_pub_fail_qos2" tests="1" errors="0" failures="0" skipped="0" time="0"><testcase classname="PySysTest" name="local_mqtt_pub_fail_qos2" />
</testsuite><testsuite name="local_mqtt_pub_sub" tests="1" errors="0" failures="0" skipped="0" time="0"><testcase classname="PySysTest" name="local_mqtt_pub_sub" />
</testsuite><testsuite name="local_mqtt_pub_sub_retain" tests="1" errors="0" failures="0" skipped="0" time="0"><testcase classname="MqttPublishWithRetain" name="local_mqtt_pub_sub_retain" />
</testsuite><testsuite name="local_mqtt_pub_sub_with_sudo" tests="1" errors="0" failures="0" skipped="0" time="0"><testcase classname="PySysTest" name="local_mqtt_pub_sub_with_sudo" />
</testsuite><testsuite name="local_mqtt_sub_fail" tests="1" errors="0" failures="0" skipped="0" time="0"><testcase classname="PySysTest" name="local_mqtt_sub_fail" />
</testsuite><testsuite name="log_request_error_messages" tests="1" errors="0" failures="1" skipped="0" time="0"><testcase classname="LogRequestVerifySearchTextError" name="log_request_error_messages">
		<failure message="FAILED: Assert that (True == value) with value=False" type="FAILED" />
		<system-out>07:22:00 INFO  ==============================================================
07:22:00 INFO  Id:    log_request_error_messages
07:22:00 INFO  Dir:   log_request_end_to_end/
07:22:00 INFO  Title: Validate end to end behaviour for the log request operation check for error messages
07:22:00 INFO  ==============================================================
07:22:01 INFO  EnvironmentC8y Setup
07:22:02 INFO  Executed systemctl&lt;serv_mapper1&gt;, exit status 3
07:22:02 INFO  Restarting mosquitto too frequently in the last 10 seconds. It was only up for 2 seconds
07:22:02 INFO  Delaying execution by 9 seconds
07:22:25 INFO  Executed sudo&lt;tedge_connect_c8y&gt;, exit status 0, duration 14 secs
07:22:26 INFO  Executed sudo&lt;tedge_connect_c8y_test&gt;, exit status 0
07:22:26 INFO  Executed systemctl&lt;serv_mosq2&gt;, exit status 0
07:22:27 INFO  Executed systemctl&lt;serv_mapper3&gt;, exit status 0
07:22:27 INFO  Executed sudo&lt;rm_logs&gt;, exit status 0
07:22:28 INFO  Executed sudo&lt;move_logs&gt;, exit status 0
07:22:28 INFO  log response None
07:22:28 WARN  retry, retrying in 1 seconds...
07:22:30 INFO  log response https://thin-edge-io.eu-latest.cumulocity.com/event/events/17845637/binaries
07:22:30 WARN  Assert that (True == value) with value=False ... failed [run.py:43]
07:22:30 INFO  
07:22:30 INFO  cleanup:
07:22:31 INFO  Executed sudo&lt;rm_logs&gt;, exit status 0
07:22:31 INFO  Executed sudo&lt;rm_tmp_logs&gt;, exit status 0
07:22:32 INFO  Executed sudo&lt;send_failed&gt;, exit status 0
07:22:36 INFO  Executed sudo&lt;tedge_disconnect_c8y&gt;, exit status 0
07:22:37 INFO  Executed systemctl&lt;serv_mapper5&gt;, exit status 3
07:22:37 INFO  
07:22:37 INFO  Test duration: 37.11 secs
07:22:37 INFO  Test final outcome:  FAILED
07:22:37 INFO  Test outcome reason: Assert that (True == value) with value=False
07:22:37 INFO  
</system-out>
	</testcase>
</testsuite><testsuite name="log_request_num_lines" tests="1" errors="0" failures="1" skipped="0" time="0"><testcase classname="LogRequestVerifyNumberOfLines" name="log_request_num_lines">
		<failure message="FAILED: Assert that (True == value) with value=False" type="FAILED" />
		<system-out>07:22:37 INFO  ==============================================================
07:22:37 INFO  Id:    log_request_num_lines
07:22:37 INFO  Dir:   log_request_end_to_end/
07:22:37 INFO  Title: Validate end to end behaviour for the log request operation check for number of lines
07:22:37 INFO  ==============================================================
07:22:37 INFO  EnvironmentC8y Setup
07:22:38 INFO  Executed systemctl&lt;serv_mapper1&gt;, exit status 3
07:22:38 INFO  Restarting mosquitto too frequently in the last 10 seconds. It was only up for 5 seconds
07:22:38 INFO  Delaying execution by 6 seconds
07:22:58 INFO  Executed sudo&lt;tedge_connect_c8y&gt;, exit status 0, duration 14 secs
07:22:59 INFO  Executed sudo&lt;tedge_connect_c8y_test&gt;, exit status 0
07:22:59 INFO  Executed systemctl&lt;serv_mosq2&gt;, exit status 0
07:23:00 INFO  Executed systemctl&lt;serv_mapper3&gt;, exit status 0
07:23:00 INFO  Executed sudo&lt;rm_logs&gt;, exit status 0
07:23:01 INFO  Executed sudo&lt;move_logs&gt;, exit status 0
07:23:01 INFO  log response None
07:23:01 WARN  retry, retrying in 1 seconds...
07:23:02 INFO  log response https://thin-edge-io.eu-latest.cumulocity.com/event/events/17834397/binaries
07:23:02 INFO  nlines 0
07:23:03 WARN  Assert that (True == value) with value=False ... failed [run.py:44]
07:23:03 INFO  
07:23:03 INFO  cleanup:
07:23:03 INFO  Executed sudo&lt;rm_logs&gt;, exit status 0
07:23:04 INFO  Executed sudo&lt;rm_tmp_logs&gt;, exit status 0
07:23:04 INFO  Executed sudo&lt;send_failed&gt;, exit status 0
07:23:08 INFO  Executed sudo&lt;tedge_disconnect_c8y&gt;, exit status 0
07:23:09 INFO  Executed systemctl&lt;serv_mapper5&gt;, exit status 3
07:23:09 INFO  
07:23:09 INFO  Test duration: 31.67 secs
07:23:09 INFO  Test final outcome:  FAILED
07:23:09 INFO  Test outcome reason: Assert that (True == value) with value=False
07:23:09 INFO  
</system-out>
	</testcase>
</testsuite><testsuite name="mapper_awaits_before_reconnect" tests="1" errors="0" failures="0" skipped="0" time="0"><testcase classname="MapperReconnectAwait" name="mapper_awaits_before_reconnect" />
</testsuite><testsuite name="monitoring_smaller_interval" tests="1" errors="0" failures="0" skipped="1" time="0"><testcase classname="MonitoringSmallInterval" name="monitoring_smaller_interval">
		<skipped message="SKIPPED: Fails due to retained message" />
		<system-out>07:24:39 INFO  ==============================================================
07:24:39 INFO  Id:    monitoring_smaller_interval
07:24:39 INFO  Dir:   monitoring/
07:24:39 INFO  Title: Validate the tedge dm agent messages that are produced with smaller sampling interval than the batching window. Here the simulated collectd messages are used
07:24:39 INFO  ==============================================================
07:24:39 INFO  Fails due to retained message ... skipped
07:24:39 INFO  
07:24:39 INFO  Test duration: 0.02 secs
07:24:39 INFO  Test final outcome:  SKIPPED
07:24:39 INFO  Test outcome reason: Fails due to retained message
07:24:39 INFO  
</system-out>
	</testcase>
</testsuite><testsuite name="monitoring_with_collectd" tests="1" errors="0" failures="0" skipped="1" time="0"><testcase classname="MonitoringWithCollectd" name="monitoring_with_collectd">
		<skipped message="SKIPPED: Test execution disabled due to #792 (instable)" />
		<system-out>07:24:39 INFO  ==============================================================
07:24:39 INFO  Id:    monitoring_with_collectd
07:24:39 INFO  Dir:   monitoring/
07:24:39 INFO  Title: Validate tedge dm agent messages that are produced by batching the collectd messages
07:24:39 INFO  ==============================================================
07:24:39 INFO  Test execution disabled due to #792 (instable) ... skipped
07:24:39 INFO  
07:24:39 INFO  Test duration: 0.02 secs
07:24:39 INFO  Test final outcome:  SKIPPED
07:24:39 INFO  Test outcome reason: Test execution disabled due to #792 (instable)
07:24:39 INFO  
</system-out>
	</testcase>
</testsuite><testsuite name="monitoring_with_simulated_messages" tests="1" errors="0" failures="0" skipped="1" time="0"><testcase classname="MonitoringWithSimulatedMessages" name="monitoring_with_simulated_messages">
		<skipped message="SKIPPED: Fails due to retained message" />
		<system-out>07:24:39 INFO  ==============================================================
07:24:39 INFO  Id:    monitoring_with_simulated_messages
07:24:39 INFO  Dir:   monitoring/
07:24:39 INFO  Title: Validate the tedge dm agent messages that are produced from the simulated collectd messages
07:24:39 INFO  ==============================================================
07:24:39 INFO  Fails due to retained message ... skipped
07:24:39 INFO  
07:24:39 INFO  Test duration: 0.03 secs
07:24:39 INFO  Test final outcome:  SKIPPED
07:24:39 INFO  Test outcome reason: Fails due to retained message
07:24:39 INFO  
</system-out>
	</testcase>
</testsuite><testsuite name="mqtt_port_change_connection_fails" tests="1" errors="0" failures="0" skipped="0" time="0"><testcase classname="MqttPortChangeConnectionFails" name="mqtt_port_change_connection_fails" />
</testsuite><testsuite name="mqtt_port_change_connection_works" tests="1" errors="0" failures="0" skipped="1" time="0"><testcase classname="MqttPortChangeConnectionWorks" name="mqtt_port_change_connection_works">
		<skipped message="SKIPPED: failing intermitently" />
		<system-out>07:23:44 INFO  ==============================================================
07:23:44 INFO  Id:    mqtt_port_change_connection_works
07:23:44 INFO  Dir:   misc_features/
07:23:44 INFO  Title: mqtt port change connection works for all the thin-edge services that use the mosquitto broker
07:23:44 INFO  ==============================================================
07:23:44 INFO  failing intermitently ... skipped
07:23:44 INFO  
07:23:44 INFO  Test duration: 0.02 secs
07:23:44 INFO  Test final outcome:  SKIPPED
07:23:44 INFO  Test outcome reason: failing intermitently
07:23:44 INFO  
</system-out>
	</testcase>
</testsuite><testsuite name="mqtt_port_set" tests="1" errors="0" failures="0" skipped="0" time="0"><testcase classname="MqttPortSet" name="mqtt_port_set" />
</testsuite><testsuite name="mqtt_port_unset" tests="1" errors="0" failures="0" skipped="0" time="0"><testcase classname="MqttPortUnSet" name="mqtt_port_unset" />
</testsuite><testsuite name="publish_flux" tests="1" errors="0" failures="0" skipped="0" time="0"><testcase classname="PublishFlux" name="publish_flux" />
</testsuite><testsuite name="publish_sawmill" tests="1" errors="0" failures="0" skipped="0" time="0"><testcase classname="PublishSawmill" name="publish_sawmill" />
</testsuite><testsuite name="pysys_block" tests="1" errors="0" failures="0" skipped="1" time="0"><testcase classname="Fail" name="pysys_block">
		<skipped message="SKIPPED: Enable this to observe a blocking test" />
		<system-out>07:24:06 INFO  ==============================================================
07:24:06 INFO  Id:    pysys_block
07:24:06 INFO  Dir:   misc_features/
07:24:06 INFO  Title: fail
07:24:06 INFO  ==============================================================
07:24:06 INFO  Enable this to observe a blocking test ... skipped
07:24:06 INFO  
07:24:06 INFO  Test duration: 0.02 secs
07:24:06 INFO  Test final outcome:  SKIPPED
07:24:06 INFO  Test outcome reason: Enable this to observe a blocking test
07:24:06 INFO  
</system-out>
	</testcase>
</testsuite><testsuite name="pysys_fail" tests="1" errors="0" failures="0" skipped="1" time="0"><testcase classname="Fail" name="pysys_fail">
		<skipped message="SKIPPED: Enable this to observe a failing test" />
		<system-out>07:24:06 INFO  ==============================================================
07:24:06 INFO  Id:    pysys_fail
07:24:06 INFO  Dir:   misc_features/
07:24:06 INFO  Title: fail
07:24:06 INFO  ==============================================================
07:24:06 INFO  Enable this to observe a failing test ... skipped
07:24:06 INFO  
07:24:06 INFO  Test duration: 0.02 secs
07:24:06 INFO  Test final outcome:  SKIPPED
07:24:06 INFO  Test outcome reason: Enable this to observe a failing test
07:24:06 INFO  
</system-out>
	</testcase>
</testsuite><testsuite name="runtime_start_two_mappers" tests="1" errors="0" failures="1" skipped="0" time="0"><testcase classname="RuntimeMultiMappers" name="runtime_start_two_mappers">
		<failure message="FAILED: Grep on tedge_mapper2.err contains &quot;Error: Couldn't acquire file lock.&quot;" type="FAILED" />
		<system-out>07:36:13 INFO  ==============================================================
07:36:13 INFO  Id:    runtime_start_two_mappers
07:36:13 INFO  Dir:   tedge_mapper_c8y/
07:36:13 INFO  Title: Validate two mappers can't be started at the same time
07:36:13 INFO  ==============================================================
07:36:13 INFO  Executed sudo&lt;tedge_mapper1&gt;, exit status 0
07:36:13 INFO  Waiting for 0.1 seconds
07:36:14 INFO  Executed sudo&lt;tedge_mapper2&gt;, exit status 1
07:36:15 INFO  Executed sudo&lt;tedge_mapper1&gt;, exit status 0
07:36:15 WARN  Grep on tedge_mapper2.err contains "Error: Couldn't acquire file lock." ... failed [run.py:46]
07:36:15 INFO  
07:36:15 INFO  Test duration: 1.88 secs
07:36:15 INFO  Test final outcome:  FAILED
07:36:15 INFO  Test outcome reason: Grep on tedge_mapper2.err contains "Error: Couldn't acquire file lock."
07:36:15 INFO  
</system-out>
	</testcase>
</testsuite><testsuite name="sm_tedge_mapper_init_session" tests="1" errors="0" failures="0" skipped="0" time="0"><testcase classname="TedgeSMMapperInitSession" name="sm_tedge_mapper_init_session" />
</testsuite><testsuite name="smoketest_json" tests="1" errors="0" failures="0" skipped="0" time="0"><testcase classname="SmokeTestJson" name="smoketest_json" />
</testsuite><testsuite name="smoketest_json_400_samples_10ms" tests="1" errors="0" failures="0" skipped="0" time="0"><testcase classname="SmoketestJson400Samples10ms" name="smoketest_json_400_samples_10ms" />
</testsuite><testsuite name="smoketest_json_400_samples_20ms" tests="1" errors="0" failures="0" skipped="0" time="0"><testcase classname="SmoketestJson400Samples20ms" name="smoketest_json_400_samples_20ms" />
</testsuite><testsuite name="smoketest_smartrest" tests="1" errors="0" failures="0" skipped="0" time="0"><testcase classname="SmoketestSmartRest" name="smoketest_smartrest" />
</testsuite><testsuite name="smoketest_smartrest_200_samples_1Xms" tests="1" errors="0" failures="0" skipped="0" time="0"><testcase classname="SmoketestSmartRest200Samples1Xms" name="smoketest_smartrest_200_samples_1Xms" />
</testsuite><testsuite name="smoketest_smartrest_200_samples_20ms" tests="1" errors="0" failures="1" skipped="0" time="0"><testcase classname="SmoketestSmartRest200Samples20ms" name="smoketest_smartrest_200_samples_20ms">
		<failure message="BLOCKED: Failed to set up test: 'SmoketestSmartRest200Samples20ms'" type="BLOCKED" />
		<system-out>07:32:36 INFO  ==============================================================
07:32:36 INFO  Id:    smoketest_smartrest_200_samples_20ms
07:32:36 INFO  Dir:   smoketests/
07:32:36 INFO  Title: Smoketest SmartRest 200 Samples 20ms Delay
07:32:36 INFO  ==============================================================
07:32:36 WARN  Failed to set up test: 'SmoketestSmartRest200Samples20ms' ... blocked 
07:32:36 ERROR Caught KeyError while setting up test smoketest_smartrest_200_samples_20ms: 'SmoketestSmartRest200Samples20ms'
Traceback (most recent call last):
  File "/home/pi/env-pysys/lib/python3.7/site-packages/pysys/baserunner.py", line 1229, in __call__
    clazz = runpy_namespace[self.descriptor.classname]
KeyError: 'SmoketestSmartRest200Samples20ms'
07:32:36 INFO  
07:32:36 INFO  Test duration: 0.04 secs
07:32:36 INFO  Test final outcome:  BLOCKED
07:32:36 INFO  Test outcome reason: Failed to set up test: 'SmoketestSmartRest200Samples20ms'
07:32:36 INFO  
</system-out>
	</testcase>
</testsuite><testsuite name="tedge_agent_user_sudo_access" tests="1" errors="0" failures="0" skipped="1" time="0"><testcase classname="TedgeAgentUserSudoAccess" name="tedge_agent_user_sudo_access">
		<skipped message="SKIPPED: #955 Observation: Exit code of the apt plugin when called with no arguments" />
		<system-out>07:33:03 INFO  ==============================================================
07:33:03 INFO  Id:    tedge_agent_user_sudo_access
07:33:03 INFO  Dir:   tedge/
07:33:03 INFO  Title: Validate tedge-agent user has a limited sudo right
07:33:03 INFO  ==============================================================
07:33:03 INFO  #955 Observation: Exit code of the apt plugin when called with no arguments ... skipped
07:33:03 INFO  
07:33:03 INFO  Test duration: 0.03 secs
07:33:03 INFO  Test final outcome:  SKIPPED
07:33:03 INFO  Test outcome reason: #955 Observation: Exit code of the apt plugin when called with no arguments
07:33:03 INFO  
</system-out>
	</testcase>
</testsuite><testsuite name="tedge_connect_test_negative" tests="1" errors="0" failures="0" skipped="0" time="0"><testcase classname="TedgeConnectTestNegative" name="tedge_connect_test_negative" />
</testsuite><testsuite name="tedge_connect_test_positive" tests="1" errors="0" failures="0" skipped="0" time="0"><testcase classname="TedgeConnectTestPositive" name="tedge_connect_test_positive" />
</testsuite><testsuite name="tedge_connect_test_sm_services" tests="1" errors="0" failures="0" skipped="0" time="0"><testcase classname="TedgeConnectTestSMServices" name="tedge_connect_test_sm_services" />
</testsuite><testsuite name="tedge_disconnect_test_sm_services" tests="1" errors="0" failures="0" skipped="0" time="0"><testcase classname="TedgeDisConnectTestSMServices" name="tedge_disconnect_test_sm_services" />
</testsuite><testsuite name="tedge_mapper_az_negative" tests="1" errors="0" failures="0" skipped="0" time="0"><testcase classname="TedgeMapperAzError" name="tedge_mapper_az_negative" />
</testsuite><testsuite name="tedge_mapper_az_with_timestamp" tests="1" errors="0" failures="0" skipped="0" time="0"><testcase classname="TedgeMapperAzWithTimestamp" name="tedge_mapper_az_with_timestamp" />
</testsuite><testsuite name="tedge_mapper_az_without_timestamp" tests="1" errors="0" failures="0" skipped="0" time="0"><testcase classname="TedgeMapperAzWithoutTimestamp" name="tedge_mapper_az_without_timestamp" />
</testsuite><testsuite name="tedge_mapper_c8y_alarms" tests="1" errors="0" failures="0" skipped="0" time="0"><testcase classname="TedgeMapperC8yAlarm" name="tedge_mapper_c8y_alarms" />
</testsuite><testsuite name="tedge_mapper_c8y_child_device_measurement" tests="1" errors="0" failures="0" skipped="0" time="0"><testcase classname="TedgeMapperC8yChildDevice" name="tedge_mapper_c8y_child_device_measurement" />
</testsuite><testsuite name="tedge_mapper_c8y_packet_threshold_size" tests="1" errors="0" failures="0" skipped="0" time="0"><testcase classname="TedgeMapperC8yThresholdPacketSize" name="tedge_mapper_c8y_packet_threshold_size" />
</testsuite><testsuite name="tedge_software_update" tests="1" errors="0" failures="0" skipped="0" time="0"><testcase classname="PySysTest" name="tedge_software_update" />
</testsuite><testsuite name="valid_device_id" tests="1" errors="0" failures="0" skipped="0" time="0"><testcase classname="ValidateValidDeviceId" name="valid_device_id" />
</testsuite></testsuites>