<?xml version='1.0' encoding='utf-8'?>
<testsuites tests="149" failures="9" errors="0" skipped="54" time="0.0"><testsuite name="SoftwareManagement.Plugin.apama_plugin_install" tests="3" errors="0" failures="0" skipped="1" time="0"><testcase classname="ApamaPluginInstallTest" name="SoftwareManagement.Plugin.apama_plugin_install">
		<skipped message="SKIPPED: Apama plugin tests are disabled by default. Execute `pysys run` with `-XmyPlatform=container` to run these tests" />
		<system-out>09:09:14 INFO  ==============================================================
09:09:14 INFO  Id:    SoftwareManagement.Plugin.apama_plugin_install
09:09:14 INFO  Dir:   plugin_apama/
09:09:14 INFO  Title: Validate apama plugin install
09:09:14 INFO  ==============================================================
09:09:14 INFO  Apama plugin tests are disabled by default. Execute `pysys run` with `-XmyPlatform=container` to run these tests ... skipped
09:09:14 WARN  Aborted test due to SKIPPED outcome
09:09:14 INFO  
09:09:14 INFO  Test duration: 0.05 secs
09:09:14 INFO  Test final outcome:  SKIPPED
09:09:14 INFO  Test outcome reason: Apama plugin tests are disabled by default. Execute `pysys run` with `-XmyPlatform=container` to run these tests
09:09:14 INFO  
</system-out>
	</testcase>
<testcase classname="ApamaPluginInstallTest" name="SoftwareManagement.Plugin.apama_plugin_install" />
<testcase classname="ApamaPluginInstallTest" name="SoftwareManagement.Plugin.apama_plugin_install" />
</testsuite><testsuite name="SoftwareManagement.Plugin.apama_plugin_mon_support" tests="3" errors="0" failures="0" skipped="1" time="0"><testcase classname="ApamaPluginMonSupportTest" name="SoftwareManagement.Plugin.apama_plugin_mon_support">
		<skipped message="SKIPPED: Apama plugin tests are disabled by default. Execute `pysys run` with `-XmyPlatform=container` to run these tests" />
		<system-out>09:09:14 INFO  ==============================================================
09:09:14 INFO  Id:    SoftwareManagement.Plugin.apama_plugin_mon_support
09:09:14 INFO  Dir:   plugin_apama/
09:09:14 INFO  Title: Validate mon file support of apama plugin
09:09:14 INFO  ==============================================================
09:09:14 INFO  Apama plugin tests are disabled by default. Execute `pysys run` with `-XmyPlatform=container` to run these tests ... skipped
09:09:14 WARN  Aborted test due to SKIPPED outcome
09:09:14 INFO  
09:09:14 INFO  Test duration: 0.03 secs
09:09:14 INFO  Test final outcome:  SKIPPED
09:09:14 INFO  Test outcome reason: Apama plugin tests are disabled by default. Execute `pysys run` with `-XmyPlatform=container` to run these tests
09:09:14 INFO  
</system-out>
	</testcase>
<testcase classname="ApamaPluginMonSupportTest" name="SoftwareManagement.Plugin.apama_plugin_mon_support" />
<testcase classname="ApamaPluginMonSupportTest" name="SoftwareManagement.Plugin.apama_plugin_mon_support" />
</testsuite><testsuite name="SoftwareManagement.Plugin.apama_plugin_remove" tests="3" errors="0" failures="0" skipped="1" time="0"><testcase classname="ApamaPluginRemoveTest" name="SoftwareManagement.Plugin.apama_plugin_remove">
		<skipped message="SKIPPED: Apama plugin tests are disabled by default. Execute `pysys run` with `-XmyPlatform=container` to run these tests" />
		<system-out>09:09:14 INFO  ==============================================================
09:09:14 INFO  Id:    SoftwareManagement.Plugin.apama_plugin_remove
09:09:14 INFO  Dir:   plugin_apama/
09:09:14 INFO  Title: Validate apama plugin remove
09:09:14 INFO  ==============================================================
09:09:14 INFO  Apama plugin tests are disabled by default. Execute `pysys run` with `-XmyPlatform=container` to run these tests ... skipped
09:09:14 WARN  Aborted test due to SKIPPED outcome
09:09:14 INFO  
09:09:14 INFO  Test duration: 0.03 secs
09:09:14 INFO  Test final outcome:  SKIPPED
09:09:14 INFO  Test outcome reason: Apama plugin tests are disabled by default. Execute `pysys run` with `-XmyPlatform=container` to run these tests
09:09:14 INFO  
</system-out>
	</testcase>
<testcase classname="ApamaPluginRemoveTest" name="SoftwareManagement.Plugin.apama_plugin_remove" />
<testcase classname="ApamaPluginRemoveTest" name="SoftwareManagement.Plugin.apama_plugin_remove" />
</testsuite><testsuite name="SoftwareManagement.Plugin.apama_plugin_update" tests="3" errors="0" failures="0" skipped="3" time="0"><testcase classname="ApamaPluginUpdateTest" name="SoftwareManagement.Plugin.apama_plugin_update">
		<skipped message="SKIPPED: Test execution disabled due to #1052" />
		<system-out>09:09:14 INFO  ==============================================================
09:09:14 INFO  Id:    SoftwareManagement.Plugin.apama_plugin_update
09:09:14 INFO  Dir:   plugin_apama/
09:09:14 INFO  Title: Validate apama plugin updating one project with another
09:09:14 INFO  ==============================================================
09:09:14 INFO  Test execution disabled due to #1052 ... skipped
09:09:14 INFO  
09:09:14 INFO  Test duration: 0.02 secs
09:09:14 INFO  Test final outcome:  SKIPPED
09:09:14 INFO  Test outcome reason: Test execution disabled due to #1052
09:09:14 INFO  
</system-out>
	</testcase>
<testcase classname="ApamaPluginUpdateTest" name="SoftwareManagement.Plugin.apama_plugin_update">
		<skipped message="SKIPPED: Test execution disabled due to #1052" />
		<system-out>10:01:38 INFO  ==============================================================
10:01:38 INFO  Id:    SoftwareManagement.Plugin.apama_plugin_update
10:01:38 INFO  Dir:   plugin_apama/
10:01:38 INFO  Title: Validate apama plugin updating one project with another
10:01:38 INFO  ==============================================================
10:01:38 INFO  Test execution disabled due to #1052 ... skipped
10:01:38 INFO  
10:01:38 INFO  Test duration: 0.02 secs
10:01:38 INFO  Test final outcome:  SKIPPED
10:01:38 INFO  Test outcome reason: Test execution disabled due to #1052
10:01:38 INFO  
</system-out>
	</testcase>
<testcase classname="ApamaPluginUpdateTest" name="SoftwareManagement.Plugin.apama_plugin_update">
		<skipped message="SKIPPED: Test execution disabled due to #1052" />
		<system-out>10:10:11 INFO  ==============================================================
10:10:11 INFO  Id:    SoftwareManagement.Plugin.apama_plugin_update
10:10:11 INFO  Dir:   plugin_apama/
10:10:11 INFO  Title: Validate apama plugin updating one project with another
10:10:11 INFO  ==============================================================
10:10:11 INFO  Test execution disabled due to #1052 ... skipped
10:10:11 INFO  
10:10:11 INFO  Test duration: 0.02 secs
10:10:11 INFO  Test final outcome:  SKIPPED
10:10:11 INFO  Test outcome reason: Test execution disabled due to #1052
10:10:11 INFO  
</system-out>
	</testcase>
</testsuite><testsuite name="SoftwareManagement.sm_apt_install_download_path" tests="3" errors="0" failures="2" skipped="1" time="0"><testcase classname="AptInstallWithDownloadPath" name="SoftwareManagement.sm_apt_install_download_path">
		<skipped message="SKIPPED: Testing the apt plugin is not supported on this platform.Use parameter -XmyPlatform='container' to enable it" />
		<system-out>09:18:58 INFO  ==============================================================
09:18:58 INFO  Id:    SoftwareManagement.sm_apt_install_download_path
09:18:58 INFO  Dir:   software_management_end_to_end/
09:18:58 INFO  Title: Install package to directory specified in tedge config set tmp.path
09:18:58 INFO  ==============================================================
09:18:58 INFO  Testing the apt plugin is not supported on this platform.Use parameter -XmyPlatform='container' to enable it ... skipped
09:18:58 WARN  Aborted test due to SKIPPED outcome
09:18:58 INFO  
09:18:58 INFO  Test duration: 0.08 secs
09:18:58 INFO  Test final outcome:  SKIPPED
09:18:58 INFO  Test outcome reason: Testing the apt plugin is not supported on this platform.Use parameter -XmyPlatform='container' to enable it
09:18:58 INFO  
</system-out>
	</testcase>
<testcase classname="AptInstallWithDownloadPath" name="SoftwareManagement.sm_apt_install_download_path">
		<failure message="BLOCKED: AssertionError:" type="BLOCKED" />
		<system-out>09:43:14 INFO  ==============================================================
09:43:14 INFO  Id:    SoftwareManagement.sm_apt_install_download_path
09:43:14 INFO  Dir:   software_management_end_to_end/
09:43:14 INFO  Title: Install package to directory specified in tedge config set tmp.path
09:43:14 INFO  ==============================================================
09:43:14 INFO  Using sw id database: {'asciijump': '5475369', 'robotfindskitten': '5474869', 'squirrel3': '5475279', 'rolldice': '5152439', 'moon-buggy': '5439204', 'apple': '5495053', 'banana': '5494888', 'cherry': '5495382', 'watermelon': '5494510', 'registry': '8018911', 'hello-world': '8021526', 'docker/getting-started': '8021973', 'alpine': '7991792'}
09:43:14 INFO  EnvironmentC8y Setup
09:43:15 INFO  Executed systemctl&lt;serv_mapper1&gt;, exit status 3
09:43:30 INFO  Executed sudo&lt;tedge_connect_c8y&gt;, exit status 0, duration 14 secs
09:43:32 INFO  Executed sudo&lt;tedge_connect_c8y_test&gt;, exit status 0
09:43:33 INFO  Executed systemctl&lt;serv_mosq2&gt;, exit status 0
09:43:33 INFO  Executed systemctl&lt;serv_mapper3&gt;, exit status 0
09:43:36 ERROR No operations found, assuming it passed
09:43:36 INFO  Assert that (False == value) with value=False ... passed
09:43:36 INFO  Executed sudo, exit status 0
09:43:37 INFO  Executed sudo, exit status 0
09:43:38 INFO  Executed sudo, exit status 0
09:43:42 INFO  Executed sudo&lt;tedge_disconnect_c8y&gt;, exit status 0
09:43:42 INFO  Restarting mosquitto too frequently in the last 10 seconds. It was only up for 3 seconds
09:43:42 INFO  Delaying execution by 8 seconds
09:44:04 INFO  Executed sudo&lt;tedge_connect_c8y&gt;, exit status 0, duration 13 secs
09:44:04 INFO  Response status: 201
09:44:04 INFO  Response to action: {
    "creationTime": "2022-05-30T09:44:04.344Z",
    "deviceId": "19786603",
    "deviceName": "mythicd",
    "self": "https://t493319102.eu-latest.cumulocity.com/devicecontrol/operations/19797726",
    "id": "19797726",
    "status": "PENDING",
    "description": "Apply software changes, triggered from PySys: [{'name': 'rolldice', 'id': '5152439', 'version': '::apt', 'url': 'https://thin-edge-io.eu-latest.cumulocity.com/inventory/binaries/12435463', 'action': 'install'}]",
    "c8y_SoftwareUpdate": [
        {
            "name": "rolldice",
            "action": "install",
            "id": "5152439",
            "version": "::apt",
            "url": "https://thin-edge-io.eu-latest.cumulocity.com/inventory/binaries/12435463"
        }
    ]
}
09:44:04 INFO  Started operation: {'creationTime': '2022-05-30T09:44:04.344Z', 'deviceId': '19786603', 'deviceName': 'mythicd', 'self': 'https://t493319102.eu-latest.cumulocity.com/devicecontrol/operations/19797726', 'id': '19797726', 'status': 'PENDING', 'description': "Apply software changes, triggered from PySys: [{'name': 'rolldice', 'id': '5152439', 'version': '::apt', 'url': 'https://thin-edge-io.eu-latest.cumulocity.com/inventory/binaries/12435463', 'action': 'install'}]", 'c8y_SoftwareUpdate': [{'name': 'rolldice', 'action': 'install', 'id': '5152439', 'version': '::apt', 'url': 'https://thin-edge-io.eu-latest.cumulocity.com/inventory/binaries/12435463'}]}
09:44:04 WARN  , retrying in 0.5 seconds...
09:44:04 WARN  , retrying in 0.5 seconds...
09:44:05 WARN  , retrying in 0.5 seconds...
09:44:05 WARN  , retrying in 0.5 seconds...
09:44:06 WARN  , retrying in 0.5 seconds...
09:44:06 WARN  , retrying in 0.5 seconds...
09:44:07 WARN  , retrying in 0.5 seconds...
09:44:07 WARN  , retrying in 0.5 seconds...
09:44:08 WARN  , retrying in 0.5 seconds...
09:44:08 WARN  AssertionError occurred while running test - 
Traceback (most recent call last):
  File "/home/pi/env-pysys/lib/python3.7/site-packages/pysys/baserunner.py", line 1294, in __call__
    self.testObj.execute()
  File "/home/pi/actions-runner/_work/thin-edge.io/thin-edge.io/tests/PySys/software_management_end_to_end/sm_apt_install_download_path/run.py", line 83, in execute
    assert_install_in_download_path(install_directory=self.DOWNLOAD_DIR)
  File "/home/pi/env-pysys/lib/python3.7/site-packages/decorator.py", line 232, in fun
    return caller(func, *(extras + args), **kw)
  File "/home/pi/env-pysys/lib/python3.7/site-packages/retry/api.py", line 74, in retry_decorator
    logger)
  File "/home/pi/env-pysys/lib/python3.7/site-packages/retry/api.py", line 33, in __retry_internal
    return f()
  File "/home/pi/actions-runner/_work/thin-edge.io/thin-edge.io/tests/PySys/software_management_end_to_end/sm_apt_install_download_path/run.py", line 28, in assert_install_in_download_path
    assert "rolldice" in os.listdir(f"{install_directory}")
AssertionError
09:44:09 WARN  AssertionError: ... blocked 
09:44:09 INFO  
09:44:09 INFO  cleanup:
09:44:10 INFO  Executed sudo, exit status 0
09:44:10 INFO  Executed sudo, exit status 0
09:44:15 INFO  Executed sudo&lt;tedge_disconnect_c8y&gt;, exit status 0
09:44:15 INFO  Restarting mosquitto too frequently in the last 10 seconds. It was only up for 3 seconds
09:44:15 INFO  Delaying execution by 8 seconds
09:44:38 INFO  Executed sudo&lt;tedge_connect_c8y&gt;, exit status 0, duration 14 secs
09:44:42 INFO  Executed sudo&lt;tedge_disconnect_c8y&gt;, exit status 0
09:44:42 INFO  Executed systemctl&lt;serv_mapper5&gt;, exit status 3
09:44:42 INFO  
09:44:42 INFO  Test duration: 88.39 secs
09:44:42 INFO  Test final outcome:  BLOCKED
09:44:42 INFO  Test outcome reason: AssertionError:
09:44:42 INFO  
</system-out>
	</testcase>
<testcase classname="AptInstallWithDownloadPath" name="SoftwareManagement.sm_apt_install_download_path">
		<failure message="BLOCKED: AssertionError:" type="BLOCKED" />
		<system-out>10:10:11 INFO  ==============================================================
10:10:11 INFO  Id:    SoftwareManagement.sm_apt_install_download_path
10:10:11 INFO  Dir:   software_management_end_to_end/
10:10:11 INFO  Title: Install package to directory specified in tedge config set tmp.path
10:10:11 INFO  ==============================================================
10:10:12 INFO  Using sw id database: {'asciijump': '5475369', 'robotfindskitten': '5474869', 'squirrel3': '5475279', 'rolldice': '5152439', 'moon-buggy': '5439204', 'apple': '5495053', 'banana': '5494888', 'cherry': '5495382', 'watermelon': '5494510', 'registry': '8018911', 'hello-world': '8021526', 'docker/getting-started': '8021973', 'alpine': '7991792'}
10:10:12 INFO  EnvironmentC8y Setup
10:10:13 INFO  Executed systemctl&lt;serv_mapper1&gt;, exit status 3
10:10:28 INFO  Executed sudo&lt;tedge_connect_c8y&gt;, exit status 0, duration 15 secs
10:10:29 INFO  Executed sudo&lt;tedge_connect_c8y_test&gt;, exit status 0
10:10:29 INFO  Executed systemctl&lt;serv_mosq2&gt;, exit status 0
10:10:29 INFO  Executed systemctl&lt;serv_mapper3&gt;, exit status 0
10:10:32 INFO  State of current operation: SUCCESSFUL
10:10:32 INFO  Assert that (False == value) with value=False ... passed
10:10:32 INFO  Executed sudo, exit status 0
10:10:33 INFO  Executed sudo, exit status 0
10:10:34 INFO  Executed sudo, exit status 0
10:10:38 INFO  Executed sudo&lt;tedge_disconnect_c8y&gt;, exit status 0
10:10:38 INFO  Restarting mosquitto too frequently in the last 10 seconds. It was only up for 3 seconds
10:10:38 INFO  Delaying execution by 8 seconds
10:11:00 INFO  Executed sudo&lt;tedge_connect_c8y&gt;, exit status 0, duration 14 secs
10:11:00 INFO  Response status: 201
10:11:01 INFO  Response to action: {
    "creationTime": "2022-05-30T10:11:00.948Z",
    "deviceId": "19786603",
    "deviceName": "mythicd",
    "self": "https://t493319102.eu-latest.cumulocity.com/devicecontrol/operations/19797963",
    "id": "19797963",
    "status": "PENDING",
    "description": "Apply software changes, triggered from PySys: [{'name': 'rolldice', 'id': '5152439', 'version': '::apt', 'url': 'https://thin-edge-io.eu-latest.cumulocity.com/inventory/binaries/12435463', 'action': 'install'}]",
    "c8y_SoftwareUpdate": [
        {
            "name": "rolldice",
            "action": "install",
            "id": "5152439",
            "version": "::apt",
            "url": "https://thin-edge-io.eu-latest.cumulocity.com/inventory/binaries/12435463"
        }
    ]
}
10:11:01 INFO  Started operation: {'creationTime': '2022-05-30T10:11:00.948Z', 'deviceId': '19786603', 'deviceName': 'mythicd', 'self': 'https://t493319102.eu-latest.cumulocity.com/devicecontrol/operations/19797963', 'id': '19797963', 'status': 'PENDING', 'description': "Apply software changes, triggered from PySys: [{'name': 'rolldice', 'id': '5152439', 'version': '::apt', 'url': 'https://thin-edge-io.eu-latest.cumulocity.com/inventory/binaries/12435463', 'action': 'install'}]", 'c8y_SoftwareUpdate': [{'name': 'rolldice', 'action': 'install', 'id': '5152439', 'version': '::apt', 'url': 'https://thin-edge-io.eu-latest.cumulocity.com/inventory/binaries/12435463'}]}
10:11:01 WARN  , retrying in 0.5 seconds...
10:11:01 WARN  , retrying in 0.5 seconds...
10:11:02 WARN  , retrying in 0.5 seconds...
10:11:02 WARN  , retrying in 0.5 seconds...
10:11:03 WARN  , retrying in 0.5 seconds...
10:11:03 WARN  , retrying in 0.5 seconds...
10:11:04 WARN  , retrying in 0.5 seconds...
10:11:04 WARN  , retrying in 0.5 seconds...
10:11:05 WARN  , retrying in 0.5 seconds...
10:11:05 WARN  AssertionError occurred while running test - 
Traceback (most recent call last):
  File "/home/pi/env-pysys/lib/python3.7/site-packages/pysys/baserunner.py", line 1294, in __call__
    self.testObj.execute()
  File "/home/pi/actions-runner/_work/thin-edge.io/thin-edge.io/tests/PySys/software_management_end_to_end/sm_apt_install_download_path/run.py", line 83, in execute
    assert_install_in_download_path(install_directory=self.DOWNLOAD_DIR)
  File "/home/pi/env-pysys/lib/python3.7/site-packages/decorator.py", line 232, in fun
    return caller(func, *(extras + args), **kw)
  File "/home/pi/env-pysys/lib/python3.7/site-packages/retry/api.py", line 74, in retry_decorator
    logger)
  File "/home/pi/env-pysys/lib/python3.7/site-packages/retry/api.py", line 33, in __retry_internal
    return f()
  File "/home/pi/actions-runner/_work/thin-edge.io/thin-edge.io/tests/PySys/software_management_end_to_end/sm_apt_install_download_path/run.py", line 28, in assert_install_in_download_path
    assert "rolldice" in os.listdir(f"{install_directory}")
AssertionError
10:11:06 WARN  AssertionError: ... blocked 
10:11:06 INFO  
10:11:06 INFO  cleanup:
10:11:06 INFO  Executed sudo, exit status 0
10:11:07 INFO  Executed sudo, exit status 0
10:11:11 INFO  Executed sudo&lt;tedge_disconnect_c8y&gt;, exit status 0
10:11:11 INFO  Restarting mosquitto too frequently in the last 10 seconds. It was only up for 3 seconds
10:11:11 INFO  Delaying execution by 8 seconds
10:11:33 INFO  Executed sudo&lt;tedge_connect_c8y&gt;, exit status 0, duration 14 secs
10:11:38 INFO  Executed sudo&lt;tedge_disconnect_c8y&gt;, exit status 0
10:11:39 INFO  Executed systemctl&lt;serv_mapper5&gt;, exit status 3
10:11:39 INFO  
10:11:39 INFO  Test duration: 87.89 secs
10:11:39 INFO  Test final outcome:  BLOCKED
10:11:39 INFO  Test outcome reason: AssertionError:
10:11:39 INFO  
</system-out>
	</testcase>
</testsuite><testsuite name="SoftwareManagement.sm_apt_install_fail" tests="3" errors="0" failures="0" skipped="1" time="0"><testcase classname="PySysTest" name="SoftwareManagement.sm_apt_install_fail">
		<skipped message="SKIPPED: Testing the apt plugin is not supported on this platform.Use parameter -XmyPlatform='container' to enable it" />
		<system-out>09:18:58 INFO  ==============================================================
09:18:58 INFO  Id:    SoftwareManagement.sm_apt_install_fail
09:18:58 INFO  Dir:   software_management_end_to_end/
09:18:58 INFO  Title: Validate end to end behaviour for a failing installation
09:18:58 INFO  ==============================================================
09:18:58 INFO  Testing the apt plugin is not supported on this platform.Use parameter -XmyPlatform='container' to enable it ... skipped
09:18:58 WARN  Aborted test due to SKIPPED outcome
09:18:58 INFO  
09:18:58 INFO  Test duration: 0.02 secs
09:18:58 INFO  Test final outcome:  SKIPPED
09:18:58 INFO  Test outcome reason: Testing the apt plugin is not supported on this platform.Use parameter -XmyPlatform='container' to enable it
09:18:58 INFO  
</system-out>
	</testcase>
<testcase classname="PySysTest" name="SoftwareManagement.sm_apt_install_fail" />
<testcase classname="PySysTest" name="SoftwareManagement.sm_apt_install_fail" />
</testsuite><testsuite name="SoftwareManagement.sm_apt_install_remove" tests="3" errors="0" failures="0" skipped="1" time="0"><testcase classname="PySysTest" name="SoftwareManagement.sm_apt_install_remove">
		<skipped message="SKIPPED: Testing the apt plugin is not supported on this platform.Use parameter -XmyPlatform='container' to enable it" />
		<system-out>09:18:58 INFO  ==============================================================
09:18:58 INFO  Id:    SoftwareManagement.sm_apt_install_remove
09:18:58 INFO  Dir:   software_management_end_to_end/
09:18:58 INFO  Title: Validate end to end behaviour for the apt plugin for installation and removal of packages
09:18:58 INFO  ==============================================================
09:18:58 INFO  Testing the apt plugin is not supported on this platform.Use parameter -XmyPlatform='container' to enable it ... skipped
09:18:58 WARN  Aborted test due to SKIPPED outcome
09:18:58 INFO  
09:18:58 INFO  Test duration: 0.02 secs
09:18:58 INFO  Test final outcome:  SKIPPED
09:18:58 INFO  Test outcome reason: Testing the apt plugin is not supported on this platform.Use parameter -XmyPlatform='container' to enable it
09:18:58 INFO  
</system-out>
	</testcase>
<testcase classname="PySysTest" name="SoftwareManagement.sm_apt_install_remove" />
<testcase classname="PySysTest" name="SoftwareManagement.sm_apt_install_remove" />
</testsuite><testsuite name="SoftwareManagement.sm_apt_install_remove_default" tests="3" errors="0" failures="0" skipped="1" time="0"><testcase classname="PySysTest" name="SoftwareManagement.sm_apt_install_remove_default">
		<skipped message="SKIPPED: Testing the apt plugin is not supported on this platform.Use parameter -XmyPlatform='container' to enable it" />
		<system-out>09:18:58 INFO  ==============================================================
09:18:58 INFO  Id:    SoftwareManagement.sm_apt_install_remove_default
09:18:58 INFO  Dir:   software_management_end_to_end/
09:18:58 INFO  Title: Validate end to end behaviour for the default plugin for installation and removal of packages
09:18:58 INFO  ==============================================================
09:18:58 INFO  Testing the apt plugin is not supported on this platform.Use parameter -XmyPlatform='container' to enable it ... skipped
09:18:58 WARN  Aborted test due to SKIPPED outcome
09:18:58 INFO  
09:18:58 INFO  Test duration: 0.02 secs
09:18:58 INFO  Test final outcome:  SKIPPED
09:18:58 INFO  Test outcome reason: Testing the apt plugin is not supported on this platform.Use parameter -XmyPlatform='container' to enable it
09:18:58 INFO  
</system-out>
	</testcase>
<testcase classname="PySysTest" name="SoftwareManagement.sm_apt_install_remove_default" />
<testcase classname="PySysTest" name="SoftwareManagement.sm_apt_install_remove_default" />
</testsuite><testsuite name="SoftwareManagement.sm_apt_install_remove_multiple" tests="3" errors="0" failures="2" skipped="1" time="0"><testcase classname="PySysTest" name="SoftwareManagement.sm_apt_install_remove_multiple">
		<skipped message="SKIPPED: Testing the apt plugin is not supported on this platform.Use parameter -XmyPlatform='container' to enable it" />
		<system-out>09:18:58 INFO  ==============================================================
09:18:58 INFO  Id:    SoftwareManagement.sm_apt_install_remove_multiple
09:18:58 INFO  Dir:   software_management_end_to_end/
09:18:58 INFO  Title: Validate end to end behaviour for the apt plugin for multiple packages
09:18:58 INFO  ==============================================================
09:18:58 INFO  Testing the apt plugin is not supported on this platform.Use parameter -XmyPlatform='container' to enable it ... skipped
09:18:58 WARN  Aborted test due to SKIPPED outcome
09:18:58 INFO  
09:18:58 INFO  Test duration: 0.02 secs
09:18:58 INFO  Test final outcome:  SKIPPED
09:18:58 INFO  Test outcome reason: Testing the apt plugin is not supported on this platform.Use parameter -XmyPlatform='container' to enable it
09:18:58 INFO  
</system-out>
	</testcase>
<testcase classname="PySysTest" name="SoftwareManagement.sm_apt_install_remove_multiple">
		<failure message="FAILED: Assert that (False == value) with value=True" type="FAILED" />
		<system-out>09:51:40 INFO  ==============================================================
09:51:40 INFO  Id:    SoftwareManagement.sm_apt_install_remove_multiple
09:51:40 INFO  Dir:   software_management_end_to_end/
09:51:40 INFO  Title: Validate end to end behaviour for the apt plugin for multiple packages
09:51:40 INFO  ==============================================================
09:51:40 INFO  Using sw id database: {'asciijump': '5475369', 'robotfindskitten': '5474869', 'squirrel3': '5475279', 'rolldice': '5152439', 'moon-buggy': '5439204', 'apple': '5495053', 'banana': '5494888', 'cherry': '5495382', 'watermelon': '5494510', 'registry': '8018911', 'hello-world': '8021526', 'docker/getting-started': '8021973', 'alpine': '7991792'}
09:51:40 INFO  EnvironmentC8y Setup
09:51:40 INFO  Executed systemctl&lt;serv_mapper1&gt;, exit status 3
09:51:41 INFO  Restarting mosquitto too frequently in the last 10 seconds. It was only up for 5 seconds
09:51:41 INFO  Delaying execution by 6 seconds
09:52:01 INFO  Executed sudo&lt;tedge_connect_c8y&gt;, exit status 0, duration 14 secs
09:52:02 INFO  Executed sudo&lt;tedge_connect_c8y_test&gt;, exit status 0
09:52:02 INFO  Executed systemctl&lt;serv_mosq2&gt;, exit status 0
09:52:03 INFO  Executed systemctl&lt;serv_mapper3&gt;, exit status 0
09:52:05 INFO  State of current operation: SUCCESSFUL
09:52:05 INFO  Assert that (False == value) with value=False ... passed
09:52:05 INFO  Assert that (False == value) with value=False ... passed
09:52:06 INFO  Assert that (False == value) with value=False ... passed
09:52:06 INFO  Package robotfindskitten is installed
09:52:06 WARN  Assert that (False == value) with value=True ... failed 
09:52:06 INFO  Response status: 201
09:52:06 INFO  Response to action: {
    "creationTime": "2022-05-30T09:52:06.532Z",
    "deviceId": "19786603",
    "deviceName": "mythicd",
    "self": "https://t493319102.eu-latest.cumulocity.com/devicecontrol/operations/19797817",
    "id": "19797817",
    "status": "PENDING",
    "description": "Apply software changes, triggered from PySys: [{'action': 'install', 'id': '5475369', 'name': 'asciijump', 'url': ' ', 'version': '::apt'}, {'action': 'install', 'id': '5474869', 'name': 'robotfindskitten', 'url': ' ', 'version': '::apt'}, {'action': 'install', 'id': '5475279', 'name': 'squirrel3', 'url': ' ', 'version': '::apt'}]",
    "c8y_SoftwareUpdate": [
        {
            "name": "asciijump",
            "action": "install",
            "id": "5475369",
            "version": "::apt",
            "url": " "
        },
        {
            "name": "robotfindskitten",
            "action": "install",
            "id": "5474869",
            "version": "::apt",
            "url": " "
        },
        {
            "name": "squirrel3",
            "action": "install",
            "id": "5475279",
            "version": "::apt",
            "url": " "
        }
    ]
}
09:52:06 INFO  Started operation: {'creationTime': '2022-05-30T09:52:06.532Z', 'deviceId': '19786603', 'deviceName': 'mythicd', 'self': 'https://t493319102.eu-latest.cumulocity.com/devicecontrol/operations/19797817', 'id': '19797817', 'status': 'PENDING', 'description': "Apply software changes, triggered from PySys: [{'action': 'install', 'id': '5475369', 'name': 'asciijump', 'url': ' ', 'version': '::apt'}, {'action': 'install', 'id': '5474869', 'name': 'robotfindskitten', 'url': ' ', 'version': '::apt'}, {'action': 'install', 'id': '5475279', 'name': 'squirrel3', 'url': ' ', 'version': '::apt'}]", 'c8y_SoftwareUpdate': [{'name': 'asciijump', 'action': 'install', 'id': '5475369', 'version': '::apt', 'url': ' '}, {'name': 'robotfindskitten', 'action': 'install', 'id': '5474869', 'version': '::apt', 'url': ' '}, {'name': 'squirrel3', 'action': 'install', 'id': '5475279', 'version': '::apt', 'url': ' '}]}
09:52:08 INFO  State of operation 19797817 : PENDING
09:52:11 INFO  State of operation 19797817 : EXECUTING
09:52:13 INFO  State of operation 19797817 : EXECUTING
09:52:15 INFO  State of operation 19797817 : EXECUTING
09:52:17 INFO  State of operation 19797817 : EXECUTING
09:52:19 INFO  State of operation 19797817 : EXECUTING
09:52:22 INFO  State of operation 19797817 : EXECUTING
09:52:25 INFO  State of operation 19797817 : EXECUTING
09:52:28 INFO  State of operation 19797817 : EXECUTING
09:52:30 INFO  State of operation 19797817 : EXECUTING
09:52:32 INFO  State of operation 19797817 : EXECUTING
09:52:35 INFO  State of operation 19797817 : EXECUTING
09:52:37 INFO  State of operation 19797817 : EXECUTING
09:52:39 INFO  State of operation 19797817 : EXECUTING
09:52:41 INFO  State of operation 19797817 : EXECUTING
09:52:44 INFO  State of operation 19797817 : EXECUTING
09:52:46 INFO  State of operation 19797817 : EXECUTING
09:52:48 INFO  State of operation 19797817 : EXECUTING
09:52:51 INFO  State of operation 19797817 : EXECUTING
09:52:53 INFO  State of operation 19797817 : EXECUTING
09:52:55 INFO  State of operation 19797817 : EXECUTING
09:52:58 INFO  State of operation 19797817 : EXECUTING
09:53:00 INFO  State of operation 19797817 : EXECUTING
09:53:02 INFO  State of operation 19797817 : EXECUTING
09:53:05 INFO  State of operation 19797817 : EXECUTING
09:53:07 INFO  State of operation 19797817 : EXECUTING
09:53:10 INFO  State of operation 19797817 : EXECUTING
09:53:12 INFO  State of operation 19797817 : EXECUTING
09:53:15 INFO  State of operation 19797817 : EXECUTING
09:53:17 INFO  State of operation 19797817 : EXECUTING
09:53:20 INFO  State of operation 19797817 : EXECUTING
09:53:22 INFO  State of operation 19797817 : EXECUTING
09:53:24 INFO  State of operation 19797817 : EXECUTING
09:53:26 INFO  State of operation 19797817 : EXECUTING
09:53:28 INFO  State of operation 19797817 : SUCCESSFUL
09:53:29 INFO  Assert that (False == value) with value=False ... passed
09:53:29 INFO  Package asciijump is installed
09:53:29 INFO  Assert that (True == value) with value=True ... passed
09:53:29 INFO  Package squirrel3 is installed
09:53:29 INFO  Assert that (True == value) with value=True ... passed
09:53:29 INFO  Package robotfindskitten is installed
09:53:29 INFO  Assert that (True == value) with value=True ... passed
09:53:30 INFO  Response status: 201
09:53:30 INFO  Response to action: {
    "creationTime": "2022-05-30T09:53:30.069Z",
    "deviceId": "19786603",
    "deviceName": "mythicd",
    "self": "https://t493319102.eu-latest.cumulocity.com/devicecontrol/operations/19797831",
    "id": "19797831",
    "status": "PENDING",
    "description": "Apply software changes, triggered from PySys: [{'action': 'delete', 'id': '5475369', 'name': 'asciijump', 'url': ' ', 'version': '::apt'}, {'action': 'delete', 'id': '5474869', 'name': 'robotfindskitten', 'url': ' ', 'version': '::apt'}, {'action': 'delete', 'id': '5475279', 'name': 'squirrel3', 'url': ' ', 'version': '::apt'}]",
    "c8y_SoftwareUpdate": [
        {
            "name": "asciijump",
            "action": "delete",
            "id": "5475369",
            "version": "::apt",
            "url": " "
        },
        {
            "name": "robotfindskitten",
            "action": "delete",
            "id": "5474869",
            "version": "::apt",
            "url": " "
        },
        {
            "name": "squirrel3",
            "action": "delete",
            "id": "5475279",
            "version": "::apt",
            "url": " "
        }
    ]
}
09:53:30 INFO  Started operation: {'creationTime': '2022-05-30T09:53:30.069Z', 'deviceId': '19786603', 'deviceName': 'mythicd', 'self': 'https://t493319102.eu-latest.cumulocity.com/devicecontrol/operations/19797831', 'id': '19797831', 'status': 'PENDING', 'description': "Apply software changes, triggered from PySys: [{'action': 'delete', 'id': '5475369', 'name': 'asciijump', 'url': ' ', 'version': '::apt'}, {'action': 'delete', 'id': '5474869', 'name': 'robotfindskitten', 'url': ' ', 'version': '::apt'}, {'action': 'delete', 'id': '5475279', 'name': 'squirrel3', 'url': ' ', 'version': '::apt'}]", 'c8y_SoftwareUpdate': [{'name': 'asciijump', 'action': 'delete', 'id': '5475369', 'version': '::apt', 'url': ' '}, {'name': 'robotfindskitten', 'action': 'delete', 'id': '5474869', 'version': '::apt', 'url': ' '}, {'name': 'squirrel3', 'action': 'delete', 'id': '5475279', 'version': '::apt', 'url': ' '}]}
09:53:32 INFO  State of operation 19797831 : PENDING
09:53:34 INFO  State of operation 19797831 : EXECUTING
09:53:36 INFO  State of operation 19797831 : EXECUTING
09:53:39 INFO  State of operation 19797831 : EXECUTING
09:53:41 INFO  State of operation 19797831 : EXECUTING
09:53:43 INFO  State of operation 19797831 : EXECUTING
09:53:46 INFO  State of operation 19797831 : EXECUTING
09:53:49 INFO  State of operation 19797831 : EXECUTING
09:53:51 INFO  State of operation 19797831 : EXECUTING
09:53:53 INFO  State of operation 19797831 : EXECUTING
09:53:55 INFO  State of operation 19797831 : EXECUTING
09:53:58 INFO  State of operation 19797831 : EXECUTING
09:54:00 INFO  State of operation 19797831 : EXECUTING
09:54:02 INFO  State of operation 19797831 : EXECUTING
09:54:04 INFO  State of operation 19797831 : EXECUTING
09:54:06 INFO  State of operation 19797831 : EXECUTING
09:54:09 INFO  State of operation 19797831 : EXECUTING
09:54:12 INFO  State of operation 19797831 : EXECUTING
09:54:14 INFO  State of operation 19797831 : EXECUTING
09:54:16 INFO  State of operation 19797831 : EXECUTING
09:54:18 INFO  State of operation 19797831 : EXECUTING
09:54:21 INFO  State of operation 19797831 : EXECUTING
09:54:23 INFO  State of operation 19797831 : EXECUTING
09:54:25 INFO  State of operation 19797831 : EXECUTING
09:54:28 INFO  State of operation 19797831 : EXECUTING
09:54:30 INFO  State of operation 19797831 : EXECUTING
09:54:33 INFO  State of operation 19797831 : EXECUTING
09:54:35 INFO  State of operation 19797831 : EXECUTING
09:54:37 INFO  State of operation 19797831 : SUCCESSFUL
09:54:37 INFO  Assert that (False == value) with value=False ... passed
09:54:37 INFO  Assert that (False == value) with value=False ... passed
09:54:38 INFO  Assert that (False == value) with value=False ... passed
09:54:38 INFO  Assert that (False == value) with value=False ... passed
09:54:38 INFO  
09:54:38 INFO  cleanup:
09:54:42 INFO  Executed sudo&lt;tedge_disconnect_c8y&gt;, exit status 0
09:54:43 INFO  Executed systemctl&lt;serv_mapper5&gt;, exit status 3
09:54:43 INFO  
09:54:43 INFO  Test duration: 182.68 secs
09:54:43 INFO  Test final outcome:  FAILED
09:54:43 INFO  Test outcome reason: Assert that (False == value) with value=True
09:54:43 INFO  
</system-out>
	</testcase>
<testcase classname="PySysTest" name="SoftwareManagement.sm_apt_install_remove_multiple">
		<failure message="FAILED: Assert that (False == value) with value=True (+2 other failures)" type="FAILED" />
		<system-out>10:18:19 INFO  ==============================================================
10:18:19 INFO  Id:    SoftwareManagement.sm_apt_install_remove_multiple
10:18:19 INFO  Dir:   software_management_end_to_end/
10:18:19 INFO  Title: Validate end to end behaviour for the apt plugin for multiple packages
10:18:19 INFO  ==============================================================
10:18:19 INFO  Using sw id database: {'asciijump': '5475369', 'robotfindskitten': '5474869', 'squirrel3': '5475279', 'rolldice': '5152439', 'moon-buggy': '5439204', 'apple': '5495053', 'banana': '5494888', 'cherry': '5495382', 'watermelon': '5494510', 'registry': '8018911', 'hello-world': '8021526', 'docker/getting-started': '8021973', 'alpine': '7991792'}
10:18:19 INFO  EnvironmentC8y Setup
10:18:20 INFO  Executed systemctl&lt;serv_mapper1&gt;, exit status 3
10:18:20 INFO  Restarting mosquitto too frequently in the last 10 seconds. It was only up for 4 seconds
10:18:20 INFO  Delaying execution by 7 seconds
10:18:41 INFO  Executed sudo&lt;tedge_connect_c8y&gt;, exit status 0, duration 14 secs
10:18:42 INFO  Executed sudo&lt;tedge_connect_c8y_test&gt;, exit status 0
10:18:42 INFO  Executed systemctl&lt;serv_mosq2&gt;, exit status 0
10:18:43 INFO  Executed systemctl&lt;serv_mapper3&gt;, exit status 0
10:18:45 INFO  State of current operation: SUCCESSFUL
10:18:45 INFO  Assert that (False == value) with value=False ... passed
10:18:45 INFO  Package asciijump is installed
10:18:45 WARN  Assert that (False == value) with value=True ... failed 
10:18:46 INFO  Package squirrel3 is installed
10:18:46 WARN  Assert that (False == value) with value=True ... failed 
10:18:46 INFO  Package robotfindskitten is installed
10:18:46 WARN  Assert that (False == value) with value=True ... failed 
10:18:46 INFO  Response status: 201
10:18:46 INFO  Response to action: {
    "creationTime": "2022-05-30T10:18:46.542Z",
    "deviceId": "19786603",
    "deviceName": "mythicd",
    "self": "https://t493319102.eu-latest.cumulocity.com/devicecontrol/operations/19798052",
    "id": "19798052",
    "status": "PENDING",
    "description": "Apply software changes, triggered from PySys: [{'action': 'install', 'id': '5475369', 'name': 'asciijump', 'url': ' ', 'version': '::apt'}, {'action': 'install', 'id': '5474869', 'name': 'robotfindskitten', 'url': ' ', 'version': '::apt'}, {'action': 'install', 'id': '5475279', 'name': 'squirrel3', 'url': ' ', 'version': '::apt'}]",
    "c8y_SoftwareUpdate": [
        {
            "name": "asciijump",
            "action": "install",
            "id": "5475369",
            "version": "::apt",
            "url": " "
        },
        {
            "name": "robotfindskitten",
            "action": "install",
            "id": "5474869",
            "version": "::apt",
            "url": " "
        },
        {
            "name": "squirrel3",
            "action": "install",
            "id": "5475279",
            "version": "::apt",
            "url": " "
        }
    ]
}
10:18:46 INFO  Started operation: {'creationTime': '2022-05-30T10:18:46.542Z', 'deviceId': '19786603', 'deviceName': 'mythicd', 'self': 'https://t493319102.eu-latest.cumulocity.com/devicecontrol/operations/19798052', 'id': '19798052', 'status': 'PENDING', 'description': "Apply software changes, triggered from PySys: [{'action': 'install', 'id': '5475369', 'name': 'asciijump', 'url': ' ', 'version': '::apt'}, {'action': 'install', 'id': '5474869', 'name': 'robotfindskitten', 'url': ' ', 'version': '::apt'}, {'action': 'install', 'id': '5475279', 'name': 'squirrel3', 'url': ' ', 'version': '::apt'}]", 'c8y_SoftwareUpdate': [{'name': 'asciijump', 'action': 'install', 'id': '5475369', 'version': '::apt', 'url': ' '}, {'name': 'robotfindskitten', 'action': 'install', 'id': '5474869', 'version': '::apt', 'url': ' '}, {'name': 'squirrel3', 'action': 'install', 'id': '5475279', 'version': '::apt', 'url': ' '}]}
10:18:48 INFO  State of operation 19798052 : PENDING
10:18:51 INFO  State of operation 19798052 : EXECUTING
10:18:53 INFO  State of operation 19798052 : EXECUTING
10:18:55 INFO  State of operation 19798052 : EXECUTING
10:18:57 INFO  State of operation 19798052 : EXECUTING
10:18:59 INFO  State of operation 19798052 : EXECUTING
10:19:02 INFO  State of operation 19798052 : EXECUTING
10:19:06 INFO  State of operation 19798052 : EXECUTING
10:19:09 INFO  State of operation 19798052 : EXECUTING
10:19:11 INFO  State of operation 19798052 : EXECUTING
10:19:13 INFO  State of operation 19798052 : EXECUTING
10:19:16 INFO  State of operation 19798052 : EXECUTING
10:19:18 INFO  State of operation 19798052 : EXECUTING
10:19:20 INFO  State of operation 19798052 : EXECUTING
10:19:22 INFO  State of operation 19798052 : SUCCESSFUL
10:19:23 INFO  Assert that (False == value) with value=False ... passed
10:19:23 INFO  Package asciijump is installed
10:19:23 INFO  Assert that (True == value) with value=True ... passed
10:19:23 INFO  Package squirrel3 is installed
10:19:23 INFO  Assert that (True == value) with value=True ... passed
10:19:23 INFO  Package robotfindskitten is installed
10:19:23 INFO  Assert that (True == value) with value=True ... passed
10:19:23 INFO  Response status: 201
10:19:23 INFO  Response to action: {
    "creationTime": "2022-05-30T10:19:23.881Z",
    "deviceId": "19786603",
    "deviceName": "mythicd",
    "self": "https://t493319102.eu-latest.cumulocity.com/devicecontrol/operations/19798066",
    "id": "19798066",
    "status": "PENDING",
    "description": "Apply software changes, triggered from PySys: [{'action': 'delete', 'id': '5475369', 'name': 'asciijump', 'url': ' ', 'version': '::apt'}, {'action': 'delete', 'id': '5474869', 'name': 'robotfindskitten', 'url': ' ', 'version': '::apt'}, {'action': 'delete', 'id': '5475279', 'name': 'squirrel3', 'url': ' ', 'version': '::apt'}]",
    "c8y_SoftwareUpdate": [
        {
            "name": "asciijump",
            "action": "delete",
            "id": "5475369",
            "version": "::apt",
            "url": " "
        },
        {
            "name": "robotfindskitten",
            "action": "delete",
            "id": "5474869",
            "version": "::apt",
            "url": " "
        },
        {
            "name": "squirrel3",
            "action": "delete",
            "id": "5475279",
            "version": "::apt",
            "url": " "
        }
    ]
}
10:19:23 INFO  Started operation: {'creationTime': '2022-05-30T10:19:23.881Z', 'deviceId': '19786603', 'deviceName': 'mythicd', 'self': 'https://t493319102.eu-latest.cumulocity.com/devicecontrol/operations/19798066', 'id': '19798066', 'status': 'PENDING', 'description': "Apply software changes, triggered from PySys: [{'action': 'delete', 'id': '5475369', 'name': 'asciijump', 'url': ' ', 'version': '::apt'}, {'action': 'delete', 'id': '5474869', 'name': 'robotfindskitten', 'url': ' ', 'version': '::apt'}, {'action': 'delete', 'id': '5475279', 'name': 'squirrel3', 'url': ' ', 'version': '::apt'}]", 'c8y_SoftwareUpdate': [{'name': 'asciijump', 'action': 'delete', 'id': '5475369', 'version': '::apt', 'url': ' '}, {'name': 'robotfindskitten', 'action': 'delete', 'id': '5474869', 'version': '::apt', 'url': ' '}, {'name': 'squirrel3', 'action': 'delete', 'id': '5475279', 'version': '::apt', 'url': ' '}]}
10:19:26 INFO  State of operation 19798066 : PENDING
10:19:28 INFO  State of operation 19798066 : EXECUTING
10:19:30 INFO  State of operation 19798066 : EXECUTING
10:19:32 INFO  State of operation 19798066 : EXECUTING
10:19:35 INFO  State of operation 19798066 : EXECUTING
10:19:37 INFO  State of operation 19798066 : EXECUTING
10:19:40 INFO  State of operation 19798066 : EXECUTING
10:19:42 INFO  State of operation 19798066 : EXECUTING
10:19:45 INFO  State of operation 19798066 : EXECUTING
10:19:47 INFO  State of operation 19798066 : EXECUTING
10:19:49 INFO  State of operation 19798066 : EXECUTING
10:19:52 INFO  State of operation 19798066 : EXECUTING
10:19:54 INFO  State of operation 19798066 : EXECUTING
10:19:56 INFO  State of operation 19798066 : EXECUTING
10:19:58 INFO  State of operation 19798066 : EXECUTING
10:20:01 INFO  State of operation 19798066 : EXECUTING
10:20:03 INFO  State of operation 19798066 : EXECUTING
10:20:05 INFO  State of operation 19798066 : EXECUTING
10:20:08 INFO  State of operation 19798066 : EXECUTING
10:20:11 INFO  State of operation 19798066 : EXECUTING
10:20:13 INFO  State of operation 19798066 : EXECUTING
10:20:15 INFO  State of operation 19798066 : EXECUTING
10:20:17 INFO  State of operation 19798066 : EXECUTING
10:20:20 INFO  State of operation 19798066 : EXECUTING
10:20:22 INFO  State of operation 19798066 : EXECUTING
10:20:25 INFO  State of operation 19798066 : EXECUTING
10:20:27 INFO  State of operation 19798066 : EXECUTING
10:20:29 INFO  State of operation 19798066 : EXECUTING
10:20:32 INFO  State of operation 19798066 : EXECUTING
10:20:34 INFO  State of operation 19798066 : SUCCESSFUL
10:20:34 INFO  Assert that (False == value) with value=False ... passed
10:20:34 INFO  Assert that (False == value) with value=False ... passed
10:20:35 INFO  Assert that (False == value) with value=False ... passed
10:20:35 INFO  Assert that (False == value) with value=False ... passed
10:20:35 INFO  
10:20:35 INFO  cleanup:
10:20:39 INFO  Executed sudo&lt;tedge_disconnect_c8y&gt;, exit status 0
10:20:40 INFO  Executed systemctl&lt;serv_mapper5&gt;, exit status 3
10:20:40 INFO  
10:20:40 INFO  Test duration: 140.86 secs
10:20:40 INFO  Test final outcome:  FAILED
10:20:40 INFO  Test outcome reason: Assert that (False == value) with value=True (+2 other failures)
10:20:40 INFO  
</system-out>
	</testcase>
</testsuite><testsuite name="SoftwareManagement.sm_apt_install_remove_multiple_mixed" tests="3" errors="0" failures="2" skipped="1" time="0"><testcase classname="PySysTest" name="SoftwareManagement.sm_apt_install_remove_multiple_mixed">
		<skipped message="SKIPPED: Testing the apt plugin is not supported on this platform.Use parameter -XmyPlatform='container' to enable it" />
		<system-out>09:18:58 INFO  ==============================================================
09:18:58 INFO  Id:    SoftwareManagement.sm_apt_install_remove_multiple_mixed
09:18:58 INFO  Dir:   software_management_end_to_end/
09:18:58 INFO  Title: Validate end to end behaviour for the apt plugin for multiple packages with mixed versions
09:18:58 INFO  ==============================================================
09:18:58 INFO  Testing the apt plugin is not supported on this platform.Use parameter -XmyPlatform='container' to enable it ... skipped
09:18:58 WARN  Aborted test due to SKIPPED outcome
09:18:58 INFO  
09:18:58 INFO  Test duration: 0.02 secs
09:18:58 INFO  Test final outcome:  SKIPPED
09:18:58 INFO  Test outcome reason: Testing the apt plugin is not supported on this platform.Use parameter -XmyPlatform='container' to enable it
09:18:58 INFO  
</system-out>
	</testcase>
<testcase classname="PySysTest" name="SoftwareManagement.sm_apt_install_remove_multiple_mixed">
		<failure message="BLOCKED: SystemError: Timeout while waiting for status SUCCESSFUL or False" type="BLOCKED" />
		<system-out>09:54:43 INFO  ==============================================================
09:54:43 INFO  Id:    SoftwareManagement.sm_apt_install_remove_multiple_mixed
09:54:43 INFO  Dir:   software_management_end_to_end/
09:54:43 INFO  Title: Validate end to end behaviour for the apt plugin for multiple packages with mixed versions
09:54:43 INFO  ==============================================================
09:54:43 INFO  Using sw id database: {'asciijump': '5475369', 'robotfindskitten': '5474869', 'squirrel3': '5475279', 'rolldice': '5152439', 'moon-buggy': '5439204', 'apple': '5495053', 'banana': '5494888', 'cherry': '5495382', 'watermelon': '5494510', 'registry': '8018911', 'hello-world': '8021526', 'docker/getting-started': '8021973', 'alpine': '7991792'}
09:54:43 INFO  EnvironmentC8y Setup
09:54:43 INFO  Executed systemctl&lt;serv_mapper1&gt;, exit status 3
09:54:43 INFO  Restarting mosquitto too frequently in the last 10 seconds. It was only up for 5 seconds
09:54:43 INFO  Delaying execution by 6 seconds
09:55:03 INFO  Executed sudo&lt;tedge_connect_c8y&gt;, exit status 0, duration 14 secs
09:55:04 INFO  Executed sudo&lt;tedge_connect_c8y_test&gt;, exit status 0
09:55:05 INFO  Executed systemctl&lt;serv_mosq2&gt;, exit status 0
09:55:05 INFO  Executed systemctl&lt;serv_mapper3&gt;, exit status 0
09:55:07 INFO  State of current operation: SUCCESSFUL
09:55:08 INFO  Assert that (False == value) with value=False ... passed
09:55:08 INFO  Assert that (False == value) with value=False ... passed
09:55:08 INFO  Assert that (False == value) with value=False ... passed
09:55:08 INFO  Assert that (False == value) with value=False ... passed
09:55:08 INFO  Assert that (False == value) with value=False ... passed
09:55:10 INFO  Response status: 201
09:55:10 INFO  Response to action: {
    "creationTime": "2022-05-30T09:55:10.137Z",
    "deviceId": "19786603",
    "deviceName": "mythicd",
    "self": "https://t493319102.eu-latest.cumulocity.com/devicecontrol/operations/19797846",
    "id": "19797846",
    "status": "PENDING",
    "description": "Apply software changes, triggered from PySys: [{'action': 'install', 'id': '5475369', 'name': 'asciijump', 'url': ' ', 'version': '::apt'}, {'action': 'install', 'id': '5474869', 'name': 'robotfindskitten', 'url': ' ', 'version': ' '}, {'action': 'install', 'id': '5475279', 'name': 'squirrel3', 'url': ' ', 'version': '3.1-7::apt'}, {'action': 'install', 'id': '5152439', 'name': 'rolldice', 'url': ' ', 'version': '1.16-1+b1'}, {'action': 'install', 'id': '5439204', 'name': 'moon-buggy', 'url': ' ', 'version': '1:1.0.51-12'}, {'action': 'install', 'id': '5475369', 'name': 'asciijump', 'url': ' ', 'version': '::apt'}]",
    "c8y_SoftwareUpdate": [
        {
            "name": "asciijump",
            "action": "install",
            "id": "5475369",
            "version": "::apt",
            "url": " "
        },
        {
            "name": "robotfindskitten",
            "action": "install",
            "id": "5474869",
            "version": " ",
            "url": " "
        },
        {
            "name": "squirrel3",
            "action": "install",
            "id": "5475279",
            "version": "3.1-7::apt",
            "url": " "
        },
        {
            "name": "rolldice",
            "action": "install",
            "id": "5152439",
            "version": "1.16-1+b1",
            "url": " "
        },
        {
            "name": "moon-buggy",
            "action": "install",
            "id": "5439204",
            "version": "1:1.0.51-12",
            "url": " "
        },
        {
            "name": "asciijump",
            "action": "install",
            "id": "5475369",
            "version": "::apt",
            "url": " "
        }
    ]
}
09:55:10 INFO  Started operation: {'creationTime': '2022-05-30T09:55:10.137Z', 'deviceId': '19786603', 'deviceName': 'mythicd', 'self': 'https://t493319102.eu-latest.cumulocity.com/devicecontrol/operations/19797846', 'id': '19797846', 'status': 'PENDING', 'description': "Apply software changes, triggered from PySys: [{'action': 'install', 'id': '5475369', 'name': 'asciijump', 'url': ' ', 'version': '::apt'}, {'action': 'install', 'id': '5474869', 'name': 'robotfindskitten', 'url': ' ', 'version': ' '}, {'action': 'install', 'id': '5475279', 'name': 'squirrel3', 'url': ' ', 'version': '3.1-7::apt'}, {'action': 'install', 'id': '5152439', 'name': 'rolldice', 'url': ' ', 'version': '1.16-1+b1'}, {'action': 'install', 'id': '5439204', 'name': 'moon-buggy', 'url': ' ', 'version': '1:1.0.51-12'}, {'action': 'install', 'id': '5475369', 'name': 'asciijump', 'url': ' ', 'version': '::apt'}]", 'c8y_SoftwareUpdate': [{'name': 'asciijump', 'action': 'install', 'id': '5475369', 'version': '::apt', 'url': ' '}, {'name': 'robotfindskitten', 'action': 'install', 'id': '5474869', 'version': ' ', 'url': ' '}, {'name': 'squirrel3', 'action': 'install', 'id': '5475279', 'version': '3.1-7::apt', 'url': ' '}, {'name': 'rolldice', 'action': 'install', 'id': '5152439', 'version': '1.16-1+b1', 'url': ' '}, {'name': 'moon-buggy', 'action': 'install', 'id': '5439204', 'version': '1:1.0.51-12', 'url': ' '}, {'name': 'asciijump', 'action': 'install', 'id': '5475369', 'version': '::apt', 'url': ' '}]}
09:55:12 INFO  State of operation 19797846 : PENDING
09:55:14 INFO  State of operation 19797846 : EXECUTING
09:55:16 INFO  State of operation 19797846 : EXECUTING
09:55:19 INFO  State of operation 19797846 : EXECUTING
09:55:21 INFO  State of operation 19797846 : EXECUTING
09:55:23 INFO  State of operation 19797846 : EXECUTING
09:55:26 INFO  State of operation 19797846 : EXECUTING
09:55:29 INFO  State of operation 19797846 : EXECUTING
09:55:31 INFO  State of operation 19797846 : EXECUTING
09:55:34 INFO  State of operation 19797846 : EXECUTING
09:55:36 INFO  State of operation 19797846 : EXECUTING
09:55:38 INFO  State of operation 19797846 : EXECUTING
09:55:41 INFO  State of operation 19797846 : EXECUTING
09:55:43 INFO  State of operation 19797846 : EXECUTING
09:55:45 INFO  State of operation 19797846 : EXECUTING
09:55:47 INFO  State of operation 19797846 : EXECUTING
09:55:50 INFO  State of operation 19797846 : EXECUTING
09:55:52 INFO  State of operation 19797846 : EXECUTING
09:55:55 INFO  State of operation 19797846 : EXECUTING
09:55:57 INFO  State of operation 19797846 : EXECUTING
09:55:59 INFO  State of operation 19797846 : EXECUTING
09:56:02 INFO  State of operation 19797846 : EXECUTING
09:56:04 INFO  State of operation 19797846 : EXECUTING
09:56:06 INFO  State of operation 19797846 : EXECUTING
09:56:09 INFO  State of operation 19797846 : EXECUTING
09:56:11 INFO  State of operation 19797846 : EXECUTING
09:56:14 INFO  State of operation 19797846 : EXECUTING
09:56:16 INFO  State of operation 19797846 : EXECUTING
09:56:19 INFO  State of operation 19797846 : EXECUTING
09:56:21 INFO  State of operation 19797846 : EXECUTING
09:56:23 INFO  State of operation 19797846 : EXECUTING
09:56:26 INFO  State of operation 19797846 : EXECUTING
09:56:28 INFO  State of operation 19797846 : EXECUTING
09:56:30 INFO  State of operation 19797846 : EXECUTING
09:56:32 INFO  State of operation 19797846 : EXECUTING
09:56:35 INFO  State of operation 19797846 : EXECUTING
09:56:37 INFO  State of operation 19797846 : EXECUTING
09:56:39 INFO  State of operation 19797846 : EXECUTING
09:56:42 INFO  State of operation 19797846 : EXECUTING
09:56:44 INFO  State of operation 19797846 : EXECUTING
09:56:47 INFO  State of operation 19797846 : EXECUTING
09:56:49 INFO  State of operation 19797846 : EXECUTING
09:56:51 INFO  State of operation 19797846 : EXECUTING
09:56:54 INFO  State of operation 19797846 : EXECUTING
09:56:56 INFO  State of operation 19797846 : EXECUTING
09:56:58 INFO  State of operation 19797846 : EXECUTING
09:57:00 INFO  State of operation 19797846 : EXECUTING
09:57:02 INFO  State of operation 19797846 : EXECUTING
09:57:05 INFO  State of operation 19797846 : EXECUTING
09:57:08 INFO  State of operation 19797846 : EXECUTING
09:57:10 INFO  State of operation 19797846 : EXECUTING
09:57:12 INFO  State of operation 19797846 : EXECUTING
09:57:15 INFO  State of operation 19797846 : EXECUTING
09:57:17 INFO  State of operation 19797846 : EXECUTING
09:57:20 INFO  State of operation 19797846 : EXECUTING
09:57:22 INFO  State of operation 19797846 : EXECUTING
09:57:24 INFO  State of operation 19797846 : EXECUTING
09:57:26 INFO  State of operation 19797846 : EXECUTING
09:57:29 INFO  State of operation 19797846 : EXECUTING
09:57:31 INFO  State of operation 19797846 : EXECUTING
09:57:33 INFO  State of operation 19797846 : EXECUTING
09:57:35 WARN  SystemError occurred while running test - Timeout while waiting for status SUCCESSFUL or False
Traceback (most recent call last):
  File "/home/pi/env-pysys/lib/python3.7/site-packages/pysys/baserunner.py", line 1294, in __call__
    self.testObj.execute()
  File "/home/pi/actions-runner/_work/thin-edge.io/thin-edge.io/tests/PySys/software_management_end_to_end/sm_apt_install_remove_multiple_mixed/run.py", line 89, in execute
    self.wait_until_succcess()
  File "/home/pi/actions-runner/_work/thin-edge.io/thin-edge.io/tests/PySys/software_management_end_to_end/environment_sm_management.py", line 324, in wait_until_succcess
    self.wait_until_status("SUCCESSFUL")
  File "/home/pi/actions-runner/_work/thin-edge.io/thin-edge.io/tests/PySys/software_management_end_to_end/environment_sm_management.py", line 381, in wait_until_status
    "Timeout while waiting for status %s or %s" % (status, status2)
SystemError: Timeout while waiting for status SUCCESSFUL or False
09:57:36 WARN  SystemError: Timeout while waiting for status SUCCESSFUL or False ... blocked 
09:57:36 INFO  
09:57:36 INFO  cleanup:
09:57:40 INFO  Executed sudo&lt;tedge_disconnect_c8y&gt;, exit status 0
09:57:41 INFO  Executed systemctl&lt;serv_mapper5&gt;, exit status 3
09:57:41 INFO  
09:57:41 INFO  Test duration: 177.96 secs
09:57:41 INFO  Test final outcome:  BLOCKED
09:57:41 INFO  Test outcome reason: SystemError: Timeout while waiting for status SUCCESSFUL or False
09:57:41 INFO  
</system-out>
	</testcase>
<testcase classname="PySysTest" name="SoftwareManagement.sm_apt_install_remove_multiple_mixed">
		<failure message="BLOCKED: SystemError: Timeout while waiting for status SUCCESSFUL or False (+1 other failures)" type="BLOCKED" />
		<system-out>10:20:40 INFO  ==============================================================
10:20:40 INFO  Id:    SoftwareManagement.sm_apt_install_remove_multiple_mixed
10:20:40 INFO  Dir:   software_management_end_to_end/
10:20:40 INFO  Title: Validate end to end behaviour for the apt plugin for multiple packages with mixed versions
10:20:40 INFO  ==============================================================
10:20:40 INFO  Using sw id database: {'asciijump': '5475369', 'robotfindskitten': '5474869', 'squirrel3': '5475279', 'rolldice': '5152439', 'moon-buggy': '5439204', 'apple': '5495053', 'banana': '5494888', 'cherry': '5495382', 'watermelon': '5494510', 'registry': '8018911', 'hello-world': '8021526', 'docker/getting-started': '8021973', 'alpine': '7991792'}
10:20:40 INFO  EnvironmentC8y Setup
10:20:41 INFO  Executed systemctl&lt;serv_mapper1&gt;, exit status 3
10:20:41 INFO  Restarting mosquitto too frequently in the last 10 seconds. It was only up for 5 seconds
10:20:41 INFO  Delaying execution by 6 seconds
10:21:01 INFO  Executed sudo&lt;tedge_connect_c8y&gt;, exit status 0, duration 14 secs
10:21:01 INFO  Executed sudo&lt;tedge_connect_c8y_test&gt;, exit status 0
10:21:02 INFO  Executed systemctl&lt;serv_mosq2&gt;, exit status 0
10:21:02 INFO  Executed systemctl&lt;serv_mapper3&gt;, exit status 0
10:21:05 INFO  State of current operation: SUCCESSFUL
10:21:05 INFO  Assert that (False == value) with value=False ... passed
10:21:05 INFO  Assert that (False == value) with value=False ... passed
10:21:05 INFO  Assert that (False == value) with value=False ... passed
10:21:06 INFO  Assert that (False == value) with value=False ... passed
10:21:06 INFO  Package moon-buggy is installed
10:21:06 WARN  Assert that (False == value) with value=True ... failed 
10:21:07 INFO  Response status: 201
10:21:07 INFO  Response to action: {
    "creationTime": "2022-05-30T10:21:07.600Z",
    "deviceId": "19786603",
    "deviceName": "mythicd",
    "self": "https://t493319102.eu-latest.cumulocity.com/devicecontrol/operations/19798079",
    "id": "19798079",
    "status": "PENDING",
    "description": "Apply software changes, triggered from PySys: [{'action': 'install', 'id': '5475369', 'name': 'asciijump', 'url': ' ', 'version': '::apt'}, {'action': 'install', 'id': '5474869', 'name': 'robotfindskitten', 'url': ' ', 'version': ' '}, {'action': 'install', 'id': '5475279', 'name': 'squirrel3', 'url': ' ', 'version': '3.1-7::apt'}, {'action': 'install', 'id': '5152439', 'name': 'rolldice', 'url': ' ', 'version': '1.16-1+b1'}, {'action': 'install', 'id': '5439204', 'name': 'moon-buggy', 'url': ' ', 'version': '1:1.0.51-12'}, {'action': 'install', 'id': '5475369', 'name': 'asciijump', 'url': ' ', 'version': '::apt'}]",
    "c8y_SoftwareUpdate": [
        {
            "name": "asciijump",
            "action": "install",
            "id": "5475369",
            "version": "::apt",
            "url": " "
        },
        {
            "name": "robotfindskitten",
            "action": "install",
            "id": "5474869",
            "version": " ",
            "url": " "
        },
        {
            "name": "squirrel3",
            "action": "install",
            "id": "5475279",
            "version": "3.1-7::apt",
            "url": " "
        },
        {
            "name": "rolldice",
            "action": "install",
            "id": "5152439",
            "version": "1.16-1+b1",
            "url": " "
        },
        {
            "name": "moon-buggy",
            "action": "install",
            "id": "5439204",
            "version": "1:1.0.51-12",
            "url": " "
        },
        {
            "name": "asciijump",
            "action": "install",
            "id": "5475369",
            "version": "::apt",
            "url": " "
        }
    ]
}
10:21:07 INFO  Started operation: {'creationTime': '2022-05-30T10:21:07.600Z', 'deviceId': '19786603', 'deviceName': 'mythicd', 'self': 'https://t493319102.eu-latest.cumulocity.com/devicecontrol/operations/19798079', 'id': '19798079', 'status': 'PENDING', 'description': "Apply software changes, triggered from PySys: [{'action': 'install', 'id': '5475369', 'name': 'asciijump', 'url': ' ', 'version': '::apt'}, {'action': 'install', 'id': '5474869', 'name': 'robotfindskitten', 'url': ' ', 'version': ' '}, {'action': 'install', 'id': '5475279', 'name': 'squirrel3', 'url': ' ', 'version': '3.1-7::apt'}, {'action': 'install', 'id': '5152439', 'name': 'rolldice', 'url': ' ', 'version': '1.16-1+b1'}, {'action': 'install', 'id': '5439204', 'name': 'moon-buggy', 'url': ' ', 'version': '1:1.0.51-12'}, {'action': 'install', 'id': '5475369', 'name': 'asciijump', 'url': ' ', 'version': '::apt'}]", 'c8y_SoftwareUpdate': [{'name': 'asciijump', 'action': 'install', 'id': '5475369', 'version': '::apt', 'url': ' '}, {'name': 'robotfindskitten', 'action': 'install', 'id': '5474869', 'version': ' ', 'url': ' '}, {'name': 'squirrel3', 'action': 'install', 'id': '5475279', 'version': '3.1-7::apt', 'url': ' '}, {'name': 'rolldice', 'action': 'install', 'id': '5152439', 'version': '1.16-1+b1', 'url': ' '}, {'name': 'moon-buggy', 'action': 'install', 'id': '5439204', 'version': '1:1.0.51-12', 'url': ' '}, {'name': 'asciijump', 'action': 'install', 'id': '5475369', 'version': '::apt', 'url': ' '}]}
10:21:09 INFO  State of operation 19798079 : PENDING
10:21:12 INFO  State of operation 19798079 : EXECUTING
10:21:14 INFO  State of operation 19798079 : EXECUTING
10:21:16 INFO  State of operation 19798079 : EXECUTING
10:21:18 INFO  State of operation 19798079 : EXECUTING
10:21:20 INFO  State of operation 19798079 : EXECUTING
10:21:23 INFO  State of operation 19798079 : EXECUTING
10:21:26 INFO  State of operation 19798079 : EXECUTING
10:21:29 INFO  State of operation 19798079 : EXECUTING
10:21:31 INFO  State of operation 19798079 : EXECUTING
10:21:33 INFO  State of operation 19798079 : EXECUTING
10:21:36 INFO  State of operation 19798079 : EXECUTING
10:21:38 INFO  State of operation 19798079 : EXECUTING
10:21:40 INFO  State of operation 19798079 : EXECUTING
10:21:42 INFO  State of operation 19798079 : EXECUTING
10:21:45 INFO  State of operation 19798079 : EXECUTING
10:21:47 INFO  State of operation 19798079 : EXECUTING
10:21:49 INFO  State of operation 19798079 : EXECUTING
10:21:52 INFO  State of operation 19798079 : EXECUTING
10:21:55 INFO  State of operation 19798079 : EXECUTING
10:21:57 INFO  State of operation 19798079 : EXECUTING
10:21:59 INFO  State of operation 19798079 : EXECUTING
10:22:01 INFO  State of operation 19798079 : EXECUTING
10:22:04 INFO  State of operation 19798079 : EXECUTING
10:22:07 INFO  State of operation 19798079 : EXECUTING
10:22:09 INFO  State of operation 19798079 : EXECUTING
10:22:12 INFO  State of operation 19798079 : EXECUTING
10:22:15 INFO  State of operation 19798079 : EXECUTING
10:22:17 INFO  State of operation 19798079 : EXECUTING
10:22:19 INFO  State of operation 19798079 : EXECUTING
10:22:22 INFO  State of operation 19798079 : EXECUTING
10:22:24 INFO  State of operation 19798079 : EXECUTING
10:22:26 INFO  State of operation 19798079 : EXECUTING
10:22:28 INFO  State of operation 19798079 : EXECUTING
10:22:30 INFO  State of operation 19798079 : EXECUTING
10:22:33 INFO  State of operation 19798079 : EXECUTING
10:22:35 INFO  State of operation 19798079 : EXECUTING
10:22:37 INFO  State of operation 19798079 : EXECUTING
10:22:40 INFO  State of operation 19798079 : EXECUTING
10:22:43 INFO  State of operation 19798079 : EXECUTING
10:22:45 INFO  State of operation 19798079 : EXECUTING
10:22:47 INFO  State of operation 19798079 : EXECUTING
10:22:50 INFO  State of operation 19798079 : EXECUTING
10:22:52 INFO  State of operation 19798079 : EXECUTING
10:22:54 INFO  State of operation 19798079 : EXECUTING
10:22:56 INFO  State of operation 19798079 : EXECUTING
10:22:59 INFO  State of operation 19798079 : EXECUTING
10:23:01 INFO  State of operation 19798079 : EXECUTING
10:23:03 INFO  State of operation 19798079 : EXECUTING
10:23:06 INFO  State of operation 19798079 : EXECUTING
10:23:08 INFO  State of operation 19798079 : EXECUTING
10:23:10 INFO  State of operation 19798079 : EXECUTING
10:23:13 INFO  State of operation 19798079 : EXECUTING
10:23:15 INFO  State of operation 19798079 : EXECUTING
10:23:17 INFO  State of operation 19798079 : EXECUTING
10:23:20 INFO  State of operation 19798079 : EXECUTING
10:23:22 INFO  State of operation 19798079 : EXECUTING
10:23:25 INFO  State of operation 19798079 : EXECUTING
10:23:27 INFO  State of operation 19798079 : EXECUTING
10:23:30 INFO  State of operation 19798079 : EXECUTING
10:23:32 INFO  State of operation 19798079 : EXECUTING
10:23:34 WARN  SystemError occurred while running test - Timeout while waiting for status SUCCESSFUL or False
Traceback (most recent call last):
  File "/home/pi/env-pysys/lib/python3.7/site-packages/pysys/baserunner.py", line 1294, in __call__
    self.testObj.execute()
  File "/home/pi/actions-runner/_work/thin-edge.io/thin-edge.io/tests/PySys/software_management_end_to_end/sm_apt_install_remove_multiple_mixed/run.py", line 89, in execute
    self.wait_until_succcess()
  File "/home/pi/actions-runner/_work/thin-edge.io/thin-edge.io/tests/PySys/software_management_end_to_end/environment_sm_management.py", line 324, in wait_until_succcess
    self.wait_until_status("SUCCESSFUL")
  File "/home/pi/actions-runner/_work/thin-edge.io/thin-edge.io/tests/PySys/software_management_end_to_end/environment_sm_management.py", line 381, in wait_until_status
    "Timeout while waiting for status %s or %s" % (status, status2)
SystemError: Timeout while waiting for status SUCCESSFUL or False
10:23:34 WARN  SystemError: Timeout while waiting for status SUCCESSFUL or False ... blocked 
10:23:34 INFO  
10:23:34 INFO  cleanup:
10:23:39 INFO  Executed sudo&lt;tedge_disconnect_c8y&gt;, exit status 0
10:23:40 INFO  Executed systemctl&lt;serv_mapper5&gt;, exit status 3
10:23:40 INFO  
10:23:40 INFO  Test duration: 179.98 secs
10:23:40 INFO  Test final outcome:  BLOCKED
10:23:40 INFO  Test outcome reason: SystemError: Timeout while waiting for status SUCCESSFUL or False (+1 other failures)
10:23:40 INFO  
</system-out>
	</testcase>
</testsuite><testsuite name="SoftwareManagement.sm_apt_install_remove_with_version" tests="3" errors="0" failures="0" skipped="1" time="0"><testcase classname="PySysTest" name="SoftwareManagement.sm_apt_install_remove_with_version">
		<skipped message="SKIPPED: Testing the apt plugin is not supported on this platform.Use parameter -XmyPlatform='container' to enable it" />
		<system-out>09:18:58 INFO  ==============================================================
09:18:58 INFO  Id:    SoftwareManagement.sm_apt_install_remove_with_version
09:18:58 INFO  Dir:   software_management_end_to_end/
09:18:58 INFO  Title: Validate end to end behaviour for the apt plugin for packages with version
09:18:58 INFO  ==============================================================
09:18:58 INFO  Testing the apt plugin is not supported on this platform.Use parameter -XmyPlatform='container' to enable it ... skipped
09:18:58 WARN  Aborted test due to SKIPPED outcome
09:18:58 INFO  
09:18:58 INFO  Test duration: 0.02 secs
09:18:58 INFO  Test final outcome:  SKIPPED
09:18:58 INFO  Test outcome reason: Testing the apt plugin is not supported on this platform.Use parameter -XmyPlatform='container' to enable it
09:18:58 INFO  
</system-out>
	</testcase>
<testcase classname="PySysTest" name="SoftwareManagement.sm_apt_install_remove_with_version" />
<testcase classname="PySysTest" name="SoftwareManagement.sm_apt_install_remove_with_version" />
</testsuite><testsuite name="SoftwareManagement.sm_docker_install_remove_multiple" tests="3" errors="0" failures="0" skipped="1" time="0"><testcase classname="SMDockerInstallRemove" name="SoftwareManagement.sm_docker_install_remove_multiple">
		<skipped message="SKIPPED: Testing the apt plugin is not supported on this platform.Use parameter -XmyPlatform='container' to enable it" />
		<system-out>09:18:58 INFO  ==============================================================
09:18:58 INFO  Id:    SoftwareManagement.sm_docker_install_remove_multiple
09:18:58 INFO  Dir:   software_management_end_to_end/
09:18:58 INFO  Title: Validate end to end behaviour for the docker plugin for multiple docker images with mixed versions
09:18:58 INFO  ==============================================================
09:18:58 INFO  Testing the apt plugin is not supported on this platform.Use parameter -XmyPlatform='container' to enable it ... skipped
09:18:58 WARN  Aborted test due to SKIPPED outcome
09:18:58 INFO  
09:18:58 INFO  Test duration: 0.02 secs
09:18:58 INFO  Test final outcome:  SKIPPED
09:18:58 INFO  Test outcome reason: Testing the apt plugin is not supported on this platform.Use parameter -XmyPlatform='container' to enable it
09:18:58 INFO  
</system-out>
	</testcase>
<testcase classname="SMDockerInstallRemove" name="SoftwareManagement.sm_docker_install_remove_multiple" />
<testcase classname="SMDockerInstallRemove" name="SoftwareManagement.sm_docker_install_remove_multiple" />
</testsuite><testsuite name="SoftwareManagement.sm_fake_install_remove" tests="2" errors="0" failures="0" skipped="1" time="0"><testcase classname="PySysTest" name="SoftwareManagement.sm_fake_install_remove">
		<skipped message="SKIPPED: Testing the fake plugin is not enabled.Use parameter -Xfakeplugin=fakeplugin to enable it" />
		<system-out>09:18:59 INFO  ==============================================================
09:18:59 INFO  Id:    SoftwareManagement.sm_fake_install_remove
09:18:59 INFO  Dir:   software_management_end_to_end/
09:18:59 INFO  Title: Validate end to end behaviour for the dummy plugin for installation and removal of packages
09:18:59 INFO  ==============================================================
09:18:59 INFO  Testing the fake plugin is not enabled.Use parameter -Xfakeplugin=fakeplugin to enable it ... skipped
09:18:59 WARN  Aborted test due to SKIPPED outcome
09:18:59 INFO  
09:18:59 INFO  Test duration: 0.02 secs
09:18:59 INFO  Test final outcome:  SKIPPED
09:18:59 INFO  Test outcome reason: Testing the fake plugin is not enabled.Use parameter -Xfakeplugin=fakeplugin to enable it
09:18:59 INFO  
</system-out>
	</testcase>
<testcase classname="PySysTest" name="SoftwareManagement.sm_fake_install_remove" />
</testsuite><testsuite name="SoftwareManagement.sm_fake_install_remove_multiple" tests="2" errors="0" failures="0" skipped="1" time="0"><testcase classname="PySysTest" name="SoftwareManagement.sm_fake_install_remove_multiple">
		<skipped message="SKIPPED: Testing the fake plugin is not enabled.Use parameter -Xfakeplugin=fakeplugin to enable it" />
		<system-out>09:18:59 INFO  ==============================================================
09:18:59 INFO  Id:    SoftwareManagement.sm_fake_install_remove_multiple
09:18:59 INFO  Dir:   software_management_end_to_end/
09:18:59 INFO  Title: Validate end to end behaviour for the dummy-plugin for multiple packages
09:18:59 INFO  ==============================================================
09:18:59 INFO  Testing the fake plugin is not enabled.Use parameter -Xfakeplugin=fakeplugin to enable it ... skipped
09:18:59 WARN  Aborted test due to SKIPPED outcome
09:18:59 INFO  
09:18:59 INFO  Test duration: 0.02 secs
09:18:59 INFO  Test final outcome:  SKIPPED
09:18:59 INFO  Test outcome reason: Testing the fake plugin is not enabled.Use parameter -Xfakeplugin=fakeplugin to enable it
09:18:59 INFO  
</system-out>
	</testcase>
<testcase classname="PySysTest" name="SoftwareManagement.sm_fake_install_remove_multiple" />
</testsuite><testsuite name="SoftwareManagement.sm_mapper_fail_and_reconnect" tests="2" errors="0" failures="0" skipped="2" time="0"><testcase classname="MapperC8yReceiveLastMessageOnRestart" name="SoftwareManagement.sm_mapper_fail_and_reconnect">
		<skipped message="SKIPPED: instable https://github.com/thin-edge/thin-edge.io/issues/752" />
		<system-out>09:18:59 INFO  ==============================================================
09:18:59 INFO  Id:    SoftwareManagement.sm_mapper_fail_and_reconnect
09:18:59 INFO  Dir:   software_management_end_to_end/
09:18:59 INFO  Title: Validate the tedge-mapper-sm-c8y for receiving the last message on restart
09:18:59 INFO  ==============================================================
09:18:59 INFO  instable https://github.com/thin-edge/thin-edge.io/issues/752 ... skipped
09:18:59 INFO  
09:18:59 INFO  Test duration: 0.02 secs
09:18:59 INFO  Test final outcome:  SKIPPED
09:18:59 INFO  Test outcome reason: instable https://github.com/thin-edge/thin-edge.io/issues/752
09:18:59 INFO  
</system-out>
	</testcase>
<testcase classname="MapperC8yReceiveLastMessageOnRestart" name="SoftwareManagement.sm_mapper_fail_and_reconnect">
		<skipped message="SKIPPED: instable https://github.com/thin-edge/thin-edge.io/issues/752" />
		<system-out>10:30:35 INFO  ==============================================================
10:30:35 INFO  Id:    SoftwareManagement.sm_mapper_fail_and_reconnect
10:30:35 INFO  Dir:   software_management_end_to_end/
10:30:35 INFO  Title: Validate the tedge-mapper-sm-c8y for receiving the last message on restart
10:30:35 INFO  ==============================================================
10:30:35 INFO  instable https://github.com/thin-edge/thin-edge.io/issues/752 ... skipped
10:30:35 INFO  
10:30:35 INFO  Test duration: 0.04 secs
10:30:35 INFO  Test final outcome:  SKIPPED
10:30:35 INFO  Test outcome reason: instable https://github.com/thin-edge/thin-edge.io/issues/752
10:30:35 INFO  
</system-out>
	</testcase>
</testsuite><testsuite name="SoftwareManagement.sm_mixed_install_remove_multiple" tests="2" errors="0" failures="1" skipped="1" time="0"><testcase classname="PySysTest" name="SoftwareManagement.sm_mixed_install_remove_multiple">
		<skipped message="SKIPPED: Testing the fake plugin is not enabled.Use parameter -Xfakeplugin=fakeplugin to enable it" />
		<system-out>09:18:59 INFO  ==============================================================
09:18:59 INFO  Id:    SoftwareManagement.sm_mixed_install_remove_multiple
09:18:59 INFO  Dir:   software_management_end_to_end/
09:18:59 INFO  Title: Validate end to end behaviour for the dummy-plugin for multiple packages with mixed versions
09:18:59 INFO  ==============================================================
09:18:59 INFO  Testing the fake plugin is not enabled.Use parameter -Xfakeplugin=fakeplugin to enable it ... skipped
09:18:59 WARN  Aborted test due to SKIPPED outcome
09:18:59 INFO  
09:18:59 INFO  Test duration: 0.02 secs
09:18:59 INFO  Test final outcome:  SKIPPED
09:18:59 INFO  Test outcome reason: Testing the fake plugin is not enabled.Use parameter -Xfakeplugin=fakeplugin to enable it
09:18:59 INFO  
</system-out>
	</testcase>
<testcase classname="PySysTest" name="SoftwareManagement.sm_mixed_install_remove_multiple">
		<failure message="FAILED: Assert that (False == value) with value=True" type="FAILED" />
		<system-out>10:30:35 INFO  ==============================================================
10:30:35 INFO  Id:    SoftwareManagement.sm_mixed_install_remove_multiple
10:30:35 INFO  Dir:   software_management_end_to_end/
10:30:35 INFO  Title: Validate end to end behaviour for the dummy-plugin for multiple packages with mixed versions
10:30:35 INFO  ==============================================================
10:30:35 INFO  Using sw id database: {'asciijump': '5475369', 'robotfindskitten': '5474869', 'squirrel3': '5475279', 'rolldice': '5152439', 'moon-buggy': '5439204', 'apple': '5495053', 'banana': '5494888', 'cherry': '5495382', 'watermelon': '5494510', 'registry': '8018911', 'hello-world': '8021526', 'docker/getting-started': '8021973', 'alpine': '7991792'}
10:30:35 INFO  EnvironmentC8y Setup
10:30:36 INFO  Executed systemctl&lt;serv_mapper1&gt;, exit status 3
10:30:36 INFO  Restarting mosquitto too frequently in the last 10 seconds. It was only up for 5 seconds
10:30:36 INFO  Delaying execution by 6 seconds
10:30:56 INFO  Executed sudo&lt;tedge_connect_c8y&gt;, exit status 0, duration 14 secs
10:30:56 INFO  Executed sudo&lt;tedge_connect_c8y_test&gt;, exit status 0
10:30:57 INFO  Executed systemctl&lt;serv_mosq2&gt;, exit status 0
10:30:57 INFO  Executed systemctl&lt;serv_mapper3&gt;, exit status 0
10:31:00 INFO  State of current operation: SUCCESSFUL
10:31:00 INFO  Package apple is installed
10:31:00 INFO  Assert that (True == value) with value=True ... passed
10:31:00 INFO  Package banana is installed
10:31:00 INFO  Assert that (True == value) with value=True ... passed
10:31:00 INFO  Package cherry is installed
10:31:00 INFO  Assert that (True == value) with value=True ... passed
10:31:01 INFO  Package asciijump is installed
10:31:01 WARN  Assert that (False == value) with value=True ... failed 
10:31:01 INFO  Assert that (False == value) with value=False ... passed
10:31:01 INFO  Response status: 201
10:31:01 INFO  Response to action: {
    "creationTime": "2022-05-30T10:31:01.700Z",
    "deviceId": "19786603",
    "deviceName": "mythicd",
    "self": "https://t493319102.eu-latest.cumulocity.com/devicecontrol/operations/19820233",
    "id": "19820233",
    "status": "PENDING",
    "description": "Apply software changes, triggered from PySys: [{'action': 'install', 'id': '5495053', 'name': 'apple', 'url': ' ', 'version': '::fruits'}, {'action': 'install', 'id': '5494888', 'name': 'banana', 'url': ' ', 'version': '::fruits'}, {'action': 'install', 'id': '5475369', 'name': 'asciijump', 'url': ' ', 'version': '::apt'}, {'action': 'install', 'id': '5495382', 'name': 'cherry', 'url': ' ', 'version': '::fruits'}, {'action': 'install', 'id': '8018911', 'name': 'registry', 'url': ' ', 'version': '::docker'}]",
    "c8y_SoftwareUpdate": [
        {
            "name": "apple",
            "action": "install",
            "id": "5495053",
            "version": "::fruits",
            "url": " "
        },
        {
            "name": "banana",
            "action": "install",
            "id": "5494888",
            "version": "::fruits",
            "url": " "
        },
        {
            "name": "asciijump",
            "action": "install",
            "id": "5475369",
            "version": "::apt",
            "url": " "
        },
        {
            "name": "cherry",
            "action": "install",
            "id": "5495382",
            "version": "::fruits",
            "url": " "
        },
        {
            "name": "registry",
            "action": "install",
            "id": "8018911",
[...]
09:09:19 INFO  Id:    docker_plugin_install_with_version
09:09:19 INFO  Dir:   plugin_docker/
09:09:19 INFO  Title: Validate docker plugin install
09:09:19 INFO  ==============================================================
09:09:19 INFO  Testing the docker plugin is not supported on this platform.To run it, all the test with -XmyPlatform='container' ... skipped
09:09:19 WARN  Aborted test due to SKIPPED outcome
09:09:19 INFO  
09:09:19 INFO  Test duration: 0.02 secs
09:09:19 INFO  Test final outcome:  SKIPPED
09:09:19 INFO  Test outcome reason: Testing the docker plugin is not supported on this platform.To run it, all the test with -XmyPlatform='container'
09:09:19 INFO  
</system-out>
	</testcase>
<testcase classname="DockerPluginInstallWithVersionTest" name="docker_plugin_install_with_version" />
</testsuite><testsuite name="docker_plugin_remove" tests="2" errors="0" failures="0" skipped="1" time="0"><testcase classname="DockerPluginRemoveTest" name="docker_plugin_remove">
		<skipped message="SKIPPED: Testing the docker plugin is not supported on this platform.To run it, all the test with -XmyPlatform='container'" />
		<system-out>09:09:19 INFO  ==============================================================
09:09:19 INFO  Id:    docker_plugin_remove
09:09:19 INFO  Dir:   plugin_docker/
09:09:19 INFO  Title: Validate docker plugin remove
09:09:19 INFO  ==============================================================
09:09:19 INFO  Testing the docker plugin is not supported on this platform.To run it, all the test with -XmyPlatform='container' ... skipped
09:09:19 WARN  Aborted test due to SKIPPED outcome
09:09:19 INFO  
09:09:19 INFO  Test duration: 0.02 secs
09:09:19 INFO  Test final outcome:  SKIPPED
09:09:19 INFO  Test outcome reason: Testing the docker plugin is not supported on this platform.To run it, all the test with -XmyPlatform='container'
09:09:19 INFO  
</system-out>
	</testcase>
<testcase classname="DockerPluginRemoveTest" name="docker_plugin_remove" />
</testsuite><testsuite name="docker_plugin_remove_with_version" tests="2" errors="0" failures="0" skipped="1" time="0"><testcase classname="DockerPluginRemoveWithVersionTest" name="docker_plugin_remove_with_version">
		<skipped message="SKIPPED: Testing the docker plugin is not supported on this platform.To run it, all the test with -XmyPlatform='container'" />
		<system-out>09:09:19 INFO  ==============================================================
09:09:19 INFO  Id:    docker_plugin_remove_with_version
09:09:19 INFO  Dir:   plugin_docker/
09:09:19 INFO  Title: Validate docker plugin remove with version
09:09:19 INFO  ==============================================================
09:09:19 INFO  Testing the docker plugin is not supported on this platform.To run it, all the test with -XmyPlatform='container' ... skipped
09:09:19 WARN  Aborted test due to SKIPPED outcome
09:09:19 INFO  
09:09:19 INFO  Test duration: 0.02 secs
09:09:19 INFO  Test final outcome:  SKIPPED
09:09:19 INFO  Test outcome reason: Testing the docker plugin is not supported on this platform.To run it, all the test with -XmyPlatform='container'
09:09:19 INFO  
</system-out>
	</testcase>
<testcase classname="DockerPluginRemoveWithVersionTest" name="docker_plugin_remove_with_version" />
</testsuite><testsuite name="docker_plugin_update" tests="2" errors="0" failures="0" skipped="1" time="0"><testcase classname="DockerPluginUpdateTest" name="docker_plugin_update">
		<skipped message="SKIPPED: Testing the docker plugin is not supported on this platform.To run it, all the test with -XmyPlatform='container'" />
		<system-out>09:09:19 INFO  ==============================================================
09:09:19 INFO  Id:    docker_plugin_update
09:09:19 INFO  Dir:   plugin_docker/
09:09:19 INFO  Title: Validate docker plugin install updates existing containers
09:09:19 INFO  ==============================================================
09:09:19 INFO  Testing the docker plugin is not supported on this platform.To run it, all the test with -XmyPlatform='container' ... skipped
09:09:19 WARN  Aborted test due to SKIPPED outcome
09:09:19 INFO  
09:09:19 INFO  Test duration: 0.02 secs
09:09:19 INFO  Test final outcome:  SKIPPED
09:09:19 INFO  Test outcome reason: Testing the docker plugin is not supported on this platform.To run it, all the test with -XmyPlatform='container'
09:09:19 INFO  
</system-out>
	</testcase>
<testcase classname="DockerPluginUpdateTest" name="docker_plugin_update" />
</testsuite><testsuite name="invalid_device_id" tests="1" errors="0" failures="0" skipped="0" time="0"><testcase classname="InvalidDeviceId" name="invalid_device_id" />
</testsuite><testsuite name="local_mqtt_pub_fail_noqos" tests="1" errors="0" failures="0" skipped="0" time="0"><testcase classname="PySysTest" name="local_mqtt_pub_fail_noqos" />
</testsuite><testsuite name="local_mqtt_pub_fail_qos0" tests="1" errors="0" failures="0" skipped="0" time="0"><testcase classname="PySysTest" name="local_mqtt_pub_fail_qos0" />
</testsuite><testsuite name="local_mqtt_pub_fail_qos1" tests="1" errors="0" failures="0" skipped="0" time="0"><testcase classname="PySysTest" name="local_mqtt_pub_fail_qos1" />
</testsuite><testsuite name="local_mqtt_pub_fail_qos2" tests="1" errors="0" failures="0" skipped="0" time="0"><testcase classname="PySysTest" name="local_mqtt_pub_fail_qos2" />
</testsuite><testsuite name="local_mqtt_pub_sub" tests="1" errors="0" failures="0" skipped="0" time="0"><testcase classname="PySysTest" name="local_mqtt_pub_sub" />
</testsuite><testsuite name="local_mqtt_pub_sub_retain" tests="1" errors="0" failures="0" skipped="0" time="0"><testcase classname="MqttPublishWithRetain" name="local_mqtt_pub_sub_retain" />
</testsuite><testsuite name="local_mqtt_pub_sub_with_sudo" tests="1" errors="0" failures="0" skipped="0" time="0"><testcase classname="PySysTest" name="local_mqtt_pub_sub_with_sudo" />
</testsuite><testsuite name="local_mqtt_sub_fail" tests="1" errors="0" failures="0" skipped="0" time="0"><testcase classname="PySysTest" name="local_mqtt_sub_fail" />
</testsuite><testsuite name="log_request_error_messages" tests="1" errors="0" failures="0" skipped="1" time="0"><testcase classname="LogRequestVerifySearchTextError" name="log_request_error_messages">
		<skipped message="SKIPPED: Test execution disabled due to #1123" />
		<system-out>09:07:18 INFO  ==============================================================
09:07:18 INFO  Id:    log_request_error_messages
09:07:18 INFO  Dir:   log_request_end_to_end/
09:07:18 INFO  Title: Validate end to end behaviour for the log request operation check for error messages
09:07:18 INFO  ==============================================================
09:07:19 INFO  Test execution disabled due to #1123 ... skipped
09:07:19 INFO  
09:07:19 INFO  Test duration: 1.33 secs
09:07:19 INFO  Test final outcome:  SKIPPED
09:07:19 INFO  Test outcome reason: Test execution disabled due to #1123
09:07:19 INFO  
</system-out>
	</testcase>
</testsuite><testsuite name="log_request_num_lines" tests="1" errors="0" failures="0" skipped="1" time="0"><testcase classname="LogRequestVerifyNumberOfLines" name="log_request_num_lines">
		<skipped message="SKIPPED: Test execution disabled due to #1123" />
		<system-out>09:07:19 INFO  ==============================================================
09:07:19 INFO  Id:    log_request_num_lines
09:07:19 INFO  Dir:   log_request_end_to_end/
09:07:19 INFO  Title: Validate end to end behaviour for the log request operation check for number of lines
09:07:19 INFO  ==============================================================
09:07:19 INFO  Test execution disabled due to #1123 ... skipped
09:07:19 INFO  
09:07:19 INFO  Test duration: 0.02 secs
09:07:19 INFO  Test final outcome:  SKIPPED
09:07:19 INFO  Test outcome reason: Test execution disabled due to #1123
09:07:19 INFO  
</system-out>
	</testcase>
</testsuite><testsuite name="mapper_awaits_before_reconnect" tests="1" errors="0" failures="0" skipped="0" time="0"><testcase classname="MapperReconnectAwait" name="mapper_awaits_before_reconnect" />
</testsuite><testsuite name="monitoring_smaller_interval" tests="1" errors="0" failures="0" skipped="1" time="0"><testcase classname="MonitoringSmallInterval" name="monitoring_smaller_interval">
		<skipped message="SKIPPED: Fails due to retained message" />
		<system-out>09:09:13 INFO  ==============================================================
09:09:13 INFO  Id:    monitoring_smaller_interval
09:09:13 INFO  Dir:   monitoring/
09:09:13 INFO  Title: Validate the tedge dm agent messages that are produced with smaller sampling interval than the batching window. Here the simulated collectd messages are used
09:09:13 INFO  ==============================================================
09:09:13 INFO  Fails due to retained message ... skipped
09:09:13 INFO  
09:09:13 INFO  Test duration: 0.02 secs
09:09:13 INFO  Test final outcome:  SKIPPED
09:09:13 INFO  Test outcome reason: Fails due to retained message
09:09:13 INFO  
</system-out>
	</testcase>
</testsuite><testsuite name="monitoring_with_collectd" tests="1" errors="0" failures="0" skipped="1" time="0"><testcase classname="MonitoringWithCollectd" name="monitoring_with_collectd">
		<skipped message="SKIPPED: Test execution disabled due to #792 (instable)" />
		<system-out>09:09:13 INFO  ==============================================================
09:09:13 INFO  Id:    monitoring_with_collectd
09:09:13 INFO  Dir:   monitoring/
09:09:13 INFO  Title: Validate tedge dm agent messages that are produced by batching the collectd messages
09:09:13 INFO  ==============================================================
09:09:13 INFO  Test execution disabled due to #792 (instable) ... skipped
09:09:13 INFO  
09:09:13 INFO  Test duration: 0.04 secs
09:09:14 INFO  Test final outcome:  SKIPPED
09:09:14 INFO  Test outcome reason: Test execution disabled due to #792 (instable)
09:09:14 INFO  
</system-out>
	</testcase>
</testsuite><testsuite name="monitoring_with_simulated_messages" tests="1" errors="0" failures="0" skipped="1" time="0"><testcase classname="MonitoringWithSimulatedMessages" name="monitoring_with_simulated_messages">
		<skipped message="SKIPPED: Fails due to retained message" />
		<system-out>09:09:14 INFO  ==============================================================
09:09:14 INFO  Id:    monitoring_with_simulated_messages
09:09:14 INFO  Dir:   monitoring/
09:09:14 INFO  Title: Validate the tedge dm agent messages that are produced from the simulated collectd messages
09:09:14 INFO  ==============================================================
09:09:14 INFO  Fails due to retained message ... skipped
09:09:14 INFO  
09:09:14 INFO  Test duration: 0.04 secs
09:09:14 INFO  Test final outcome:  SKIPPED
09:09:14 INFO  Test outcome reason: Fails due to retained message
09:09:14 INFO  
</system-out>
	</testcase>
</testsuite><testsuite name="mqtt_port_change_connection_fails" tests="1" errors="0" failures="0" skipped="0" time="0"><testcase classname="MqttPortChangeConnectionFails" name="mqtt_port_change_connection_fails" />
</testsuite><testsuite name="mqtt_port_change_connection_works" tests="1" errors="0" failures="0" skipped="1" time="0"><testcase classname="MqttPortChangeConnectionWorks" name="mqtt_port_change_connection_works">
		<skipped message="SKIPPED: failing intermitently" />
		<system-out>09:07:54 INFO  ==============================================================
09:07:54 INFO  Id:    mqtt_port_change_connection_works
09:07:54 INFO  Dir:   misc_features/
09:07:54 INFO  Title: mqtt port change connection works for all the thin-edge services that use the mosquitto broker
09:07:54 INFO  ==============================================================
09:07:54 INFO  failing intermitently ... skipped
09:07:54 INFO  
09:07:54 INFO  Test duration: 0.03 secs
09:07:54 INFO  Test final outcome:  SKIPPED
09:07:54 INFO  Test outcome reason: failing intermitently
09:07:54 INFO  
</system-out>
	</testcase>
</testsuite><testsuite name="mqtt_port_set" tests="1" errors="0" failures="0" skipped="0" time="0"><testcase classname="MqttPortSet" name="mqtt_port_set" />
</testsuite><testsuite name="mqtt_port_unset" tests="1" errors="0" failures="0" skipped="0" time="0"><testcase classname="MqttPortUnSet" name="mqtt_port_unset" />
</testsuite><testsuite name="publish_flux" tests="1" errors="0" failures="0" skipped="0" time="0"><testcase classname="PublishFlux" name="publish_flux" />
</testsuite><testsuite name="publish_sawmill" tests="1" errors="0" failures="0" skipped="0" time="0"><testcase classname="PublishSawmill" name="publish_sawmill" />
</testsuite><testsuite name="pysys_block" tests="1" errors="0" failures="0" skipped="1" time="0"><testcase classname="Fail" name="pysys_block">
		<skipped message="SKIPPED: Enable this to observe a blocking test" />
		<system-out>09:08:17 INFO  ==============================================================
09:08:17 INFO  Id:    pysys_block
09:08:17 INFO  Dir:   misc_features/
09:08:17 INFO  Title: fail
09:08:17 INFO  ==============================================================
09:08:17 INFO  Enable this to observe a blocking test ... skipped
09:08:17 INFO  
09:08:17 INFO  Test duration: 0.02 secs
09:08:17 INFO  Test final outcome:  SKIPPED
09:08:17 INFO  Test outcome reason: Enable this to observe a blocking test
09:08:17 INFO  
</system-out>
	</testcase>
</testsuite><testsuite name="pysys_fail" tests="1" errors="0" failures="0" skipped="1" time="0"><testcase classname="Fail" name="pysys_fail">
		<skipped message="SKIPPED: Enable this to observe a failing test" />
		<system-out>09:08:17 INFO  ==============================================================
09:08:17 INFO  Id:    pysys_fail
09:08:17 INFO  Dir:   misc_features/
09:08:17 INFO  Title: fail
09:08:17 INFO  ==============================================================
09:08:17 INFO  Enable this to observe a failing test ... skipped
09:08:17 INFO  
09:08:17 INFO  Test duration: 0.02 secs
09:08:17 INFO  Test final outcome:  SKIPPED
09:08:17 INFO  Test outcome reason: Enable this to observe a failing test
09:08:17 INFO  
</system-out>
	</testcase>
</testsuite><testsuite name="runtime_start_two_mappers" tests="1" errors="0" failures="0" skipped="0" time="0"><testcase classname="RuntimeMultiMappers" name="runtime_start_two_mappers" />
</testsuite><testsuite name="sm_tedge_mapper_init_session" tests="1" errors="0" failures="0" skipped="0" time="0"><testcase classname="TedgeSMMapperInitSession" name="sm_tedge_mapper_init_session" />
</testsuite><testsuite name="smoketest_json" tests="1" errors="0" failures="0" skipped="0" time="0"><testcase classname="SmokeTestJson" name="smoketest_json" />
</testsuite><testsuite name="smoketest_json_400_samples_10ms" tests="1" errors="0" failures="0" skipped="0" time="0"><testcase classname="SmoketestJson400Samples10ms" name="smoketest_json_400_samples_10ms" />
</testsuite><testsuite name="smoketest_json_400_samples_20ms" tests="1" errors="0" failures="0" skipped="0" time="0"><testcase classname="SmoketestJson400Samples20ms" name="smoketest_json_400_samples_20ms" />
</testsuite><testsuite name="smoketest_smartrest" tests="1" errors="0" failures="0" skipped="0" time="0"><testcase classname="SmoketestSmartRest" name="smoketest_smartrest" />
</testsuite><testsuite name="smoketest_smartrest_200_samples_1Xms" tests="1" errors="0" failures="0" skipped="0" time="0"><testcase classname="SmoketestSmartRest200Samples1Xms" name="smoketest_smartrest_200_samples_1Xms" />
</testsuite><testsuite name="smoketest_smartrest_200_samples_20ms" tests="1" errors="0" failures="0" skipped="0" time="0"><testcase classname="SmoketestSmartRest200Samples20ms" name="smoketest_smartrest_200_samples_20ms" />
</testsuite><testsuite name="tedge_agent_user_sudo_access" tests="1" errors="0" failures="0" skipped="1" time="0"><testcase classname="TedgeAgentUserSudoAccess" name="tedge_agent_user_sudo_access">
		<skipped message="SKIPPED: #955 Observation: Exit code of the apt plugin when called with no arguments" />
		<system-out>09:19:26 INFO  ==============================================================
09:19:26 INFO  Id:    tedge_agent_user_sudo_access
09:19:26 INFO  Dir:   tedge/
09:19:26 INFO  Title: Validate tedge-agent user has a limited sudo right
09:19:26 INFO  ==============================================================
09:19:26 INFO  #955 Observation: Exit code of the apt plugin when called with no arguments ... skipped
09:19:26 INFO  
09:19:26 INFO  Test duration: 0.03 secs
09:19:26 INFO  Test final outcome:  SKIPPED
09:19:26 INFO  Test outcome reason: #955 Observation: Exit code of the apt plugin when called with no arguments
09:19:26 INFO  
</system-out>
	</testcase>
</testsuite><testsuite name="tedge_connect_test_negative" tests="1" errors="0" failures="0" skipped="0" time="0"><testcase classname="TedgeConnectTestNegative" name="tedge_connect_test_negative" />
</testsuite><testsuite name="tedge_connect_test_positive" tests="1" errors="0" failures="0" skipped="0" time="0"><testcase classname="TedgeConnectTestPositive" name="tedge_connect_test_positive" />
</testsuite><testsuite name="tedge_connect_test_sm_services" tests="1" errors="0" failures="0" skipped="0" time="0"><testcase classname="TedgeConnectTestSMServices" name="tedge_connect_test_sm_services" />
</testsuite><testsuite name="tedge_disconnect_test_sm_services" tests="1" errors="0" failures="0" skipped="0" time="0"><testcase classname="TedgeDisConnectTestSMServices" name="tedge_disconnect_test_sm_services" />
</testsuite><testsuite name="tedge_mapper_az_negative" tests="1" errors="0" failures="0" skipped="0" time="0"><testcase classname="TedgeMapperAzError" name="tedge_mapper_az_negative" />
</testsuite><testsuite name="tedge_mapper_az_with_timestamp" tests="1" errors="0" failures="0" skipped="0" time="0"><testcase classname="TedgeMapperAzWithTimestamp" name="tedge_mapper_az_with_timestamp" />
</testsuite><testsuite name="tedge_mapper_az_without_timestamp" tests="1" errors="0" failures="0" skipped="0" time="0"><testcase classname="TedgeMapperAzWithoutTimestamp" name="tedge_mapper_az_without_timestamp" />
</testsuite><testsuite name="tedge_mapper_c8y_alarms" tests="1" errors="0" failures="0" skipped="0" time="0"><testcase classname="TedgeMapperC8yAlarm" name="tedge_mapper_c8y_alarms" />
</testsuite><testsuite name="tedge_mapper_c8y_child_device_measurement" tests="1" errors="0" failures="0" skipped="1" time="0"><testcase classname="TedgeMapperC8yChildDevice" name="tedge_mapper_c8y_child_device_measurement">
		<skipped message="SKIPPED: Test execution disabled due to #1088" />
		<system-out>09:23:50 INFO  ==============================================================
09:23:50 INFO  Id:    tedge_mapper_c8y_child_device_measurement
09:23:50 INFO  Dir:   tedge_mapper_c8y/
09:23:50 INFO  Title: Validate that measurements sent to tedge/measurements/child topic gets mapped as the child device's measurement in Cumulocity
09:23:50 INFO  ==============================================================
09:23:50 INFO  Test execution disabled due to #1088 ... skipped
09:23:50 INFO  
09:23:50 INFO  Test duration: 0.05 secs
09:23:50 INFO  Test final outcome:  SKIPPED
09:23:50 INFO  Test outcome reason: Test execution disabled due to #1088
09:23:50 INFO  
</system-out>
	</testcase>
</testsuite><testsuite name="tedge_mapper_c8y_packet_threshold_size" tests="1" errors="0" failures="0" skipped="0" time="0"><testcase classname="TedgeMapperC8yThresholdPacketSize" name="tedge_mapper_c8y_packet_threshold_size" />
</testsuite><testsuite name="tedge_software_update" tests="1" errors="0" failures="0" skipped="0" time="0"><testcase classname="PySysTest" name="tedge_software_update" />
</testsuite><testsuite name="valid_device_id" tests="1" errors="0" failures="0" skipped="0" time="0"><testcase classname="ValidateValidDeviceId" name="valid_device_id" />
</testsuite></testsuites>