2022-03-22 17:22:31,841 INFO  ==============================================================
2022-03-22 17:22:31,841 INFO  Id:    tedge_connect_test_sm_services
2022-03-22 17:22:31,842 INFO  Dir:   tedge_connect/
2022-03-22 17:22:31,842 INFO  Title: Validate Software Management Services started and enabled on tedge connect c8y
2022-03-22 17:22:31,843 DEBUG Execution order hint: 0.0
2022-03-22 17:22:31,843 INFO  ==============================================================
2022-03-22 17:22:31,846 DEBUG EnvironmentC8y Setup
2022-03-22 17:22:31,846 INFO  EnvironmentC8y Setup
2022-03-22 17:22:31,847 DEBUG Process parameters for systemctl<serv_mapper1>
  command line : /usr/bin/systemctl status tedge-mapper-c8y
    arg #1     : status
    arg #2     : tedge-mapper-c8y
  working dir  : /home/pi/actions-runner/_work/thin-edge.io/thin-edge.io/tests/PySys/tedge_connect/tedge_connect_test_sm_services/Output/linux
  stdout       : /home/pi/actions-runner/_work/thin-edge.io/thin-edge.io/tests/PySys/tedge_connect/tedge_connect_test_sm_services/Output/linux/serv_mapper1.out
  stderr       : /home/pi/actions-runner/_work/thin-edge.io/thin-edge.io/tests/PySys/tedge_connect/tedge_connect_test_sm_services/Output/linux/serv_mapper1.err
  environment  : LD_LIBRARY_PATH=/usr/lib
  environment  : PATH=/bin:/usr/bin:/usr/sbin:/usr/local/bin
                   #1  /bin
                   #2  /usr/bin
                   #3  /usr/sbin
                   #4  /usr/local/bin
2022-03-22 17:22:31,853 DEBUG Waiting up to 600 secs for process systemctl<serv_mapper1> (pid 10262)
2022-03-22 17:22:32,157 INFO  Executed systemctl<serv_mapper1>, exit status 3
2022-03-22 17:22:32,241 INFO  Restarting mosquitto too frequently in the last 10 seconds. It was only up for 2 seconds
2022-03-22 17:22:32,242 INFO  Delaying execution by 9 seconds
2022-03-22 17:22:41,244 DEBUG Process parameters for sudo<tedge_connect_c8y>
  command line : /usr/bin/sudo /usr/bin/tedge connect c8y
    arg #1     : /usr/bin/tedge
    arg #2     : connect
    arg #3     : c8y
  working dir  : /home/pi/actions-runner/_work/thin-edge.io/thin-edge.io/tests/PySys/tedge_connect/tedge_connect_test_sm_services/Output/linux
  stdout       : /home/pi/actions-runner/_work/thin-edge.io/thin-edge.io/tests/PySys/tedge_connect/tedge_connect_test_sm_services/Output/linux/tedge_connect_c8y.out
  stderr       : /home/pi/actions-runner/_work/thin-edge.io/thin-edge.io/tests/PySys/tedge_connect/tedge_connect_test_sm_services/Output/linux/tedge_connect_c8y.err
  environment  : LD_LIBRARY_PATH=/usr/lib
  environment  : PATH=/bin:/usr/bin:/usr/sbin:/usr/local/bin
                   #1  /bin
                   #2  /usr/bin
                   #3  /usr/sbin
                   #4  /usr/local/bin
2022-03-22 17:22:41,250 DEBUG Waiting up to 600 secs for process sudo<tedge_connect_c8y> (pid 10266)
2022-03-22 17:22:51,428 INFO  Executed sudo<tedge_connect_c8y>, exit status 0
2022-03-22 17:22:51,432 DEBUG Process parameters for sudo<tedge_connect_c8y_test>
  command line : /usr/bin/sudo /usr/bin/tedge connect c8y --test
    arg #1     : /usr/bin/tedge
    arg #2     : connect
    arg #3     : c8y
    arg #4     : --test
  working dir  : /home/pi/actions-runner/_work/thin-edge.io/thin-edge.io/tests/PySys/tedge_connect/tedge_connect_test_sm_services/Output/linux
  stdout       : /home/pi/actions-runner/_work/thin-edge.io/thin-edge.io/tests/PySys/tedge_connect/tedge_connect_test_sm_services/Output/linux/tedge_connect_c8y_test.out
  stderr       : /home/pi/actions-runner/_work/thin-edge.io/thin-edge.io/tests/PySys/tedge_connect/tedge_connect_test_sm_services/Output/linux/tedge_connect_c8y_test.err
  environment  : LD_LIBRARY_PATH=/usr/lib
  environment  : PATH=/bin:/usr/bin:/usr/sbin:/usr/local/bin
                   #1  /bin
                   #2  /usr/bin
                   #3  /usr/sbin
                   #4  /usr/local/bin
2022-03-22 17:22:51,438 DEBUG Waiting up to 600 secs for process sudo<tedge_connect_c8y_test> (pid 10367)
2022-03-22 17:22:51,793 INFO  Executed sudo<tedge_connect_c8y_test>, exit status 0
2022-03-22 17:22:51,795 DEBUG Process parameters for systemctl<serv_mosq2>
  command line : /usr/bin/systemctl status mosquitto
    arg #1     : status
    arg #2     : mosquitto
  working dir  : /home/pi/actions-runner/_work/thin-edge.io/thin-edge.io/tests/PySys/tedge_connect/tedge_connect_test_sm_services/Output/linux
  stdout       : /home/pi/actions-runner/_work/thin-edge.io/thin-edge.io/tests/PySys/tedge_connect/tedge_connect_test_sm_services/Output/linux/serv_mosq2.out
  stderr       : /home/pi/actions-runner/_work/thin-edge.io/thin-edge.io/tests/PySys/tedge_connect/tedge_connect_test_sm_services/Output/linux/serv_mosq2.err
  environment  : LD_LIBRARY_PATH=/usr/lib
  environment  : PATH=/bin:/usr/bin:/usr/sbin:/usr/local/bin
                   #1  /bin
                   #2  /usr/bin
                   #3  /usr/sbin
                   #4  /usr/local/bin
2022-03-22 17:22:51,800 DEBUG Waiting up to 600 secs for process systemctl<serv_mosq2> (pid 10371)
2022-03-22 17:22:52,054 INFO  Executed systemctl<serv_mosq2>, exit status 0
2022-03-22 17:22:52,055 DEBUG Process parameters for systemctl<serv_mapper3>
  command line : /usr/bin/systemctl status tedge-mapper-c8y
    arg #1     : status
    arg #2     : tedge-mapper-c8y
  working dir  : /home/pi/actions-runner/_work/thin-edge.io/thin-edge.io/tests/PySys/tedge_connect/tedge_connect_test_sm_services/Output/linux
  stdout       : /home/pi/actions-runner/_work/thin-edge.io/thin-edge.io/tests/PySys/tedge_connect/tedge_connect_test_sm_services/Output/linux/serv_mapper3.out
  stderr       : /home/pi/actions-runner/_work/thin-edge.io/thin-edge.io/tests/PySys/tedge_connect/tedge_connect_test_sm_services/Output/linux/serv_mapper3.err
  environment  : LD_LIBRARY_PATH=/usr/lib
  environment  : PATH=/bin:/usr/bin:/usr/sbin:/usr/local/bin
                   #1  /bin
                   #2  /usr/bin
                   #3  /usr/sbin
                   #4  /usr/local/bin
2022-03-22 17:22:52,060 DEBUG Waiting up to 600 secs for process systemctl<serv_mapper3> (pid 10372)
2022-03-22 17:22:52,315 INFO  Executed systemctl<serv_mapper3>, exit status 0
2022-03-22 17:22:52,315 DEBUG --- test execute
2022-03-22 17:22:52,316 DEBUG EnvironmentC8y Execute
2022-03-22 17:22:52,316 DEBUG --- test validate
2022-03-22 17:22:52,317 DEBUG EnvironmentC8y Validate
2022-03-22 17:22:52,318 DEBUG Process parameters for systemctl<serv_mosq>
  command line : /usr/bin/systemctl status mosquitto
    arg #1     : status
    arg #2     : mosquitto
  working dir  : /home/pi/actions-runner/_work/thin-edge.io/thin-edge.io/tests/PySys/tedge_connect/tedge_connect_test_sm_services/Output/linux
  stdout       : /home/pi/actions-runner/_work/thin-edge.io/thin-edge.io/tests/PySys/tedge_connect/tedge_connect_test_sm_services/Output/linux/serv_mosq.out
  stderr       : /home/pi/actions-runner/_work/thin-edge.io/thin-edge.io/tests/PySys/tedge_connect/tedge_connect_test_sm_services/Output/linux/serv_mosq.err
  environment  : LD_LIBRARY_PATH=/usr/lib
  environment  : PATH=/bin:/usr/bin:/usr/sbin:/usr/local/bin
                   #1  /bin
                   #2  /usr/bin
                   #3  /usr/sbin
                   #4  /usr/local/bin
2022-03-22 17:22:52,323 DEBUG Waiting up to 600 secs for process systemctl<serv_mosq> (pid 10373)
2022-03-22 17:22:52,577 INFO  Executed systemctl<serv_mosq>, exit status 0
2022-03-22 17:22:52,578 DEBUG Process parameters for systemctl<serv_mapper4>
  command line : /usr/bin/systemctl status tedge-mapper-c8y
    arg #1     : status
    arg #2     : tedge-mapper-c8y
  working dir  : /home/pi/actions-runner/_work/thin-edge.io/thin-edge.io/tests/PySys/tedge_connect/tedge_connect_test_sm_services/Output/linux
  stdout       : /home/pi/actions-runner/_work/thin-edge.io/thin-edge.io/tests/PySys/tedge_connect/tedge_connect_test_sm_services/Output/linux/serv_mapper4.out
  stderr       : /home/pi/actions-runner/_work/thin-edge.io/thin-edge.io/tests/PySys/tedge_connect/tedge_connect_test_sm_services/Output/linux/serv_mapper4.err
  environment  : LD_LIBRARY_PATH=/usr/lib
  environment  : PATH=/bin:/usr/bin:/usr/sbin:/usr/local/bin
                   #1  /bin
                   #2  /usr/bin
                   #3  /usr/sbin
                   #4  /usr/local/bin
2022-03-22 17:22:52,583 DEBUG Waiting up to 600 secs for process systemctl<serv_mapper4> (pid 10374)
2022-03-22 17:22:52,838 INFO  Executed systemctl<serv_mapper4>, exit status 0
2022-03-22 17:22:52,839 INFO  Validate
2022-03-22 17:22:52,839 DEBUG Performing regex contains=True grep on file: /home/pi/actions-runner/_work/thin-edge.io/thin-edge.io/tests/PySys/tedge_connect/tedge_connect_test_sm_services/Output/linux/tedge_connect_c8y.out
2022-03-22 17:22:52,845 DEBUG Grep on input file tedge_connect_c8y.out successfully matched expression "tedge-agent service successfully started and enabled!" with line: 'tedge-agent service successfully started and enabled!\n'
2022-03-22 17:22:52,846 INFO  Grep on input file tedge_connect_c8y.out ... passed
2022-03-22 17:22:52,847 DEBUG Performing regex contains=True grep on file: /home/pi/actions-runner/_work/thin-edge.io/thin-edge.io/tests/PySys/tedge_connect/tedge_connect_test_sm_services/Output/linux/tedge_connect.out
2022-03-22 17:22:52,851 WARN  caught <class 'pysys.exceptions.FileNotFoundException'>: unable to find file "/home/pi/actions-runner/_work/thin-edge.io/thin-edge.io/tests/PySys/tedge_connect/tedge_connect_test_sm_services/Output/linux/tedge_connect.out"
Traceback (most recent call last):
  File "/home/pi/env-pysys/lib/python3.7/site-packages/pysys/basetest.py", line 1203, in assertGrep
    result = getmatches(f, expr, ignores=ignores, returnFirstOnly=(contains==True), encoding=encoding or self.getDefaultFileEncoding(f), flags=reFlags, mappers=mappers)
  File "/home/pi/env-pysys/lib/python3.7/site-packages/pysys/utils/filegrep.py", line 59, in getmatches
    raise FileNotFoundException("unable to find file \"%s\"" % (file))
pysys.exceptions.FileNotFoundException: unable to find file "/home/pi/actions-runner/_work/thin-edge.io/thin-edge.io/tests/PySys/tedge_connect/tedge_connect_test_sm_services/Output/linux/tedge_connect.out"
2022-03-22 17:22:52,884 WARN  Grep on tedge_connect.out contains "tedge-mapper-c8y service successfully started and enabled!" failed due to <class 'pysys.exceptions.FileNotFoundException'>: unable to find file "/home/pi/actions-runner/_work/thin-edge.io/thin-edge.io/tests/PySys/tedge_connect/tedge_connect_test_sm_services/Output/linux/tedge_connect.out" ... blocked [run.py:37]
2022-03-22 17:22:52,889 DEBUG --- test cleanup
2022-03-22 17:22:52,890 INFO  
2022-03-22 17:22:52,890 INFO  cleanup:
2022-03-22 17:22:52,891 DEBUG Running registered cleanup function: <bound method EnvironmentC8y.myenvcleanup of <TedgeConnectTestSMServices object at 0x75be14d0>>
2022-03-22 17:22:52,891 DEBUG EnvironmentC8y Cleanup
2022-03-22 17:22:52,966 DEBUG Process parameters for sudo<tedge_disconnect_c8y>
  command line : /usr/bin/sudo /usr/bin/tedge disconnect c8y
    arg #1     : /usr/bin/tedge
    arg #2     : disconnect
    arg #3     : c8y
  working dir  : /home/pi/actions-runner/_work/thin-edge.io/thin-edge.io/tests/PySys/tedge_connect/tedge_connect_test_sm_services/Output/linux
  stdout       : /home/pi/actions-runner/_work/thin-edge.io/thin-edge.io/tests/PySys/tedge_connect/tedge_connect_test_sm_services/Output/linux/tedge_disconnect_c8y.out
  stderr       : /home/pi/actions-runner/_work/thin-edge.io/thin-edge.io/tests/PySys/tedge_connect/tedge_connect_test_sm_services/Output/linux/tedge_disconnect_c8y.err
  environment  : LD_LIBRARY_PATH=/usr/lib
  environment  : PATH=/bin:/usr/bin:/usr/sbin:/usr/local/bin
                   #1  /bin
                   #2  /usr/bin
                   #3  /usr/sbin
                   #4  /usr/local/bin
2022-03-22 17:22:52,972 DEBUG Waiting up to 600 secs for process sudo<tedge_disconnect_c8y> (pid 10381)
2022-03-22 17:22:55,197 INFO  Executed sudo<tedge_disconnect_c8y>, exit status 0
2022-03-22 17:22:55,200 DEBUG Process parameters for systemctl<serv_mapper5>
  command line : /usr/bin/systemctl status tedge-mapper-c8y
    arg #1     : status
    arg #2     : tedge-mapper-c8y
  working dir  : /home/pi/actions-runner/_work/thin-edge.io/thin-edge.io/tests/PySys/tedge_connect/tedge_connect_test_sm_services/Output/linux
  stdout       : /home/pi/actions-runner/_work/thin-edge.io/thin-edge.io/tests/PySys/tedge_connect/tedge_connect_test_sm_services/Output/linux/serv_mapper5.out
  stderr       : /home/pi/actions-runner/_work/thin-edge.io/thin-edge.io/tests/PySys/tedge_connect/tedge_connect_test_sm_services/Output/linux/serv_mapper5.err
  environment  : LD_LIBRARY_PATH=/usr/lib
  environment  : PATH=/bin:/usr/bin:/usr/sbin:/usr/local/bin
                   #1  /bin
                   #2  /usr/bin
                   #3  /usr/sbin
                   #4  /usr/local/bin
2022-03-22 17:22:55,208 DEBUG Waiting up to 600 secs for process systemctl<serv_mapper5> (pid 10417)
2022-03-22 17:22:55,514 INFO  Executed systemctl<serv_mapper5>, exit status 3
2022-03-22 17:22:55,515 DEBUG ProcessUser cleanup function done.
2022-03-22 17:22:55,518 INFO  
2022-03-22 17:22:55,519 INFO  Test duration: 23.68 secs
2022-03-22 17:22:55,520 INFO  Test final outcome:  BLOCKED
2022-03-22 17:22:55,521 INFO  Test outcome reason: Grep on tedge_connect.out contains "tedge-mapper-c8y service successfully started and enabled!" failed due to <class 'pysys.exceptions.FileNotFoundException'>: unable to find file "/home/pi/actions-runner/_work/thin-edge.io/thin-edge.io/tests/PySys/tedge_connect/tedge_connect_test_sm_services/Output/linux/tedge_connect.out"
2022-03-22 17:22:55,522 INFO  
