2022-02-18 16:20:33,597 INFO  ==============================================================
2022-02-18 16:20:33,598 INFO  Id:    tedge_mapper_c8y_child_device_measurement
2022-02-18 16:20:33,599 INFO  Dir:   tedge_mapper_c8y/
2022-02-18 16:20:33,600 INFO  Title: Validate that measurements sent to tedge/measurements/child topic gets mapped as the child device's measurement in Cumulocity
2022-02-18 16:20:33,600 DEBUG Execution order hint: 0.0
2022-02-18 16:20:33,601 INFO  ==============================================================
2022-02-18 16:20:33,610 DEBUG EnvironmentC8y Setup
2022-02-18 16:20:33,611 INFO  EnvironmentC8y Setup
2022-02-18 16:20:33,612 DEBUG Process parameters for systemctl<serv_mapper1>
  command line : /usr/bin/systemctl status tedge-mapper-c8y
    arg #1     : status
    arg #2     : tedge-mapper-c8y
  working dir  : /home/pi/actions-runner/_work/thin-edge.io/thin-edge.io/tests/PySys/tedge_mapper_c8y/tedge_mapper_c8y_child_device_measurement/Output/linux
  stdout       : /home/pi/actions-runner/_work/thin-edge.io/thin-edge.io/tests/PySys/tedge_mapper_c8y/tedge_mapper_c8y_child_device_measurement/Output/linux/serv_mapper1.out
  stderr       : /home/pi/actions-runner/_work/thin-edge.io/thin-edge.io/tests/PySys/tedge_mapper_c8y/tedge_mapper_c8y_child_device_measurement/Output/linux/serv_mapper1.err
  environment  : LD_LIBRARY_PATH=/usr/lib
  environment  : PATH=/bin:/usr/bin:/usr/sbin:/usr/local/bin
                   #1  /bin
                   #2  /usr/bin
                   #3  /usr/sbin
                   #4  /usr/local/bin
2022-02-18 16:20:33,618 DEBUG Waiting up to 600 secs for process systemctl<serv_mapper1> (pid 5460)
2022-02-18 16:20:33,873 INFO  Executed systemctl<serv_mapper1>, exit status 3
2022-02-18 16:20:33,932 INFO  Restarting mosquitto too frequently in the last 10 seconds. It was only up for 2 seconds
2022-02-18 16:20:33,933 INFO  Delaying execution by 9 seconds
2022-02-18 16:20:42,941 DEBUG Process parameters for sudo<tedge_connect_c8y>
  command line : /usr/bin/sudo /usr/bin/tedge connect c8y
    arg #1     : /usr/bin/tedge
    arg #2     : connect
    arg #3     : c8y
  working dir  : /home/pi/actions-runner/_work/thin-edge.io/thin-edge.io/tests/PySys/tedge_mapper_c8y/tedge_mapper_c8y_child_device_measurement/Output/linux
  stdout       : /home/pi/actions-runner/_work/thin-edge.io/thin-edge.io/tests/PySys/tedge_mapper_c8y/tedge_mapper_c8y_child_device_measurement/Output/linux/tedge_connect_c8y.out
  stderr       : /home/pi/actions-runner/_work/thin-edge.io/thin-edge.io/tests/PySys/tedge_mapper_c8y/tedge_mapper_c8y_child_device_measurement/Output/linux/tedge_connect_c8y.err
  environment  : LD_LIBRARY_PATH=/usr/lib
  environment  : PATH=/bin:/usr/bin:/usr/sbin:/usr/local/bin
                   #1  /bin
                   #2  /usr/bin
                   #3  /usr/sbin
                   #4  /usr/local/bin
2022-02-18 16:20:42,946 DEBUG Waiting up to 600 secs for process sudo<tedge_connect_c8y> (pid 5500)
2022-02-18 16:20:53,321 INFO  Executed sudo<tedge_connect_c8y>, exit status 0
2022-02-18 16:20:53,322 DEBUG Process parameters for sudo<tedge_connect_c8y_test>
  command line : /usr/bin/sudo /usr/bin/tedge connect c8y --test
    arg #1     : /usr/bin/tedge
    arg #2     : connect
    arg #3     : c8y
    arg #4     : --test
  working dir  : /home/pi/actions-runner/_work/thin-edge.io/thin-edge.io/tests/PySys/tedge_mapper_c8y/tedge_mapper_c8y_child_device_measurement/Output/linux
  stdout       : /home/pi/actions-runner/_work/thin-edge.io/thin-edge.io/tests/PySys/tedge_mapper_c8y/tedge_mapper_c8y_child_device_measurement/Output/linux/tedge_connect_c8y_test.out
  stderr       : /home/pi/actions-runner/_work/thin-edge.io/thin-edge.io/tests/PySys/tedge_mapper_c8y/tedge_mapper_c8y_child_device_measurement/Output/linux/tedge_connect_c8y_test.err
  environment  : LD_LIBRARY_PATH=/usr/lib
  environment  : PATH=/bin:/usr/bin:/usr/sbin:/usr/local/bin
                   #1  /bin
                   #2  /usr/bin
                   #3  /usr/sbin
                   #4  /usr/local/bin
2022-02-18 16:20:53,328 DEBUG Waiting up to 600 secs for process sudo<tedge_connect_c8y_test> (pid 5650)
2022-02-18 16:20:53,632 INFO  Executed sudo<tedge_connect_c8y_test>, exit status 0
2022-02-18 16:20:53,634 DEBUG Process parameters for systemctl<serv_mosq2>
  command line : /usr/bin/systemctl status mosquitto
    arg #1     : status
    arg #2     : mosquitto
  working dir  : /home/pi/actions-runner/_work/thin-edge.io/thin-edge.io/tests/PySys/tedge_mapper_c8y/tedge_mapper_c8y_child_device_measurement/Output/linux
  stdout       : /home/pi/actions-runner/_work/thin-edge.io/thin-edge.io/tests/PySys/tedge_mapper_c8y/tedge_mapper_c8y_child_device_measurement/Output/linux/serv_mosq2.out
  stderr       : /home/pi/actions-runner/_work/thin-edge.io/thin-edge.io/tests/PySys/tedge_mapper_c8y/tedge_mapper_c8y_child_device_measurement/Output/linux/serv_mosq2.err
  environment  : LD_LIBRARY_PATH=/usr/lib
  environment  : PATH=/bin:/usr/bin:/usr/sbin:/usr/local/bin
                   #1  /bin
                   #2  /usr/bin
                   #3  /usr/sbin
                   #4  /usr/local/bin
2022-02-18 16:20:53,645 DEBUG Waiting up to 600 secs for process systemctl<serv_mosq2> (pid 5653)
2022-02-18 16:20:53,899 INFO  Executed systemctl<serv_mosq2>, exit status 0
2022-02-18 16:20:53,900 DEBUG Process parameters for systemctl<serv_mapper3>
  command line : /usr/bin/systemctl status tedge-mapper-c8y
    arg #1     : status
    arg #2     : tedge-mapper-c8y
  working dir  : /home/pi/actions-runner/_work/thin-edge.io/thin-edge.io/tests/PySys/tedge_mapper_c8y/tedge_mapper_c8y_child_device_measurement/Output/linux
  stdout       : /home/pi/actions-runner/_work/thin-edge.io/thin-edge.io/tests/PySys/tedge_mapper_c8y/tedge_mapper_c8y_child_device_measurement/Output/linux/serv_mapper3.out
  stderr       : /home/pi/actions-runner/_work/thin-edge.io/thin-edge.io/tests/PySys/tedge_mapper_c8y/tedge_mapper_c8y_child_device_measurement/Output/linux/serv_mapper3.err
  environment  : LD_LIBRARY_PATH=/usr/lib
  environment  : PATH=/bin:/usr/bin:/usr/sbin:/usr/local/bin
                   #1  /bin
                   #2  /usr/bin
                   #3  /usr/sbin
                   #4  /usr/local/bin
2022-02-18 16:20:53,906 DEBUG Waiting up to 600 secs for process systemctl<serv_mapper3> (pid 5654)
2022-02-18 16:20:54,160 INFO  Executed systemctl<serv_mapper3>, exit status 0
2022-02-18 16:20:54,702 INFO  Assert that (actual == expected) with actual=None, expected=None ... passed
2022-02-18 16:20:54,703 DEBUG --- test execute
2022-02-18 16:20:54,704 DEBUG Process parameters for tedge_pub
  command line : /usr/bin/tedge mqtt pub tedge/measurements/te-child-4e24c96c '{"temperature": 12, "time": "2021-01-01T10:10:10.100+02:00"}'
    arg #1     : mqtt
    arg #2     : pub
    arg #3     : tedge/measurements/te-child-4e24c96c
    arg #4     : {"temperature": 12, "time": "2021-01-01T10:10:10.100+02:00"}
  working dir  : /home/pi/actions-runner/_work/thin-edge.io/thin-edge.io/tests/PySys/tedge_mapper_c8y/tedge_mapper_c8y_child_device_measurement/Output/linux
  stdout       : /home/pi/actions-runner/_work/thin-edge.io/thin-edge.io/tests/PySys/tedge_mapper_c8y/tedge_mapper_c8y_child_device_measurement/Output/linux/tedge_pub.out
  stderr       : /home/pi/actions-runner/_work/thin-edge.io/thin-edge.io/tests/PySys/tedge_mapper_c8y/tedge_mapper_c8y_child_device_measurement/Output/linux/tedge_pub.err
  environment  : HOME=/home/pi
2022-02-18 16:20:54,710 DEBUG Waiting up to 600 secs for process tedge_pub (pid 5655)
2022-02-18 16:20:54,914 INFO  Executed tedge_pub, exit status 0
2022-02-18 16:20:54,915 DEBUG Process parameters for tedge_pub
  command line : /usr/bin/tedge mqtt pub tedge/measurements/te-child-4e24c96c '{"temperature": 11}'
    arg #1     : mqtt
    arg #2     : pub
    arg #3     : tedge/measurements/te-child-4e24c96c
    arg #4     : {"temperature": 11}
  working dir  : /home/pi/actions-runner/_work/thin-edge.io/thin-edge.io/tests/PySys/tedge_mapper_c8y/tedge_mapper_c8y_child_device_measurement/Output/linux
  stdout       : /home/pi/actions-runner/_work/thin-edge.io/thin-edge.io/tests/PySys/tedge_mapper_c8y/tedge_mapper_c8y_child_device_measurement/Output/linux/tedge_pub.out
  stderr       : /home/pi/actions-runner/_work/thin-edge.io/thin-edge.io/tests/PySys/tedge_mapper_c8y/tedge_mapper_c8y_child_device_measurement/Output/linux/tedge_pub.err
  environment  : HOME=/home/pi
2022-02-18 16:20:54,921 DEBUG Waiting up to 600 secs for process tedge_pub (pid 5657)
2022-02-18 16:20:55,125 INFO  Executed tedge_pub, exit status 0
2022-02-18 16:20:55,126 DEBUG Process parameters for tedge_pub
  command line : /usr/bin/tedge mqtt pub tedge/measurements '{"temperature": 5}'
    arg #1     : mqtt
    arg #2     : pub
    arg #3     : tedge/measurements
    arg #4     : {"temperature": 5}
  working dir  : /home/pi/actions-runner/_work/thin-edge.io/thin-edge.io/tests/PySys/tedge_mapper_c8y/tedge_mapper_c8y_child_device_measurement/Output/linux
  stdout       : /home/pi/actions-runner/_work/thin-edge.io/thin-edge.io/tests/PySys/tedge_mapper_c8y/tedge_mapper_c8y_child_device_measurement/Output/linux/tedge_pub.out
  stderr       : /home/pi/actions-runner/_work/thin-edge.io/thin-edge.io/tests/PySys/tedge_mapper_c8y/tedge_mapper_c8y_child_device_measurement/Output/linux/tedge_pub.err
  environment  : HOME=/home/pi
2022-02-18 16:20:55,131 DEBUG Waiting up to 600 secs for process tedge_pub (pid 5659)
2022-02-18 16:20:55,336 INFO  Executed tedge_pub, exit status 0
2022-02-18 16:20:55,337 DEBUG Process parameters for tedge_pub
  command line : /usr/bin/tedge mqtt pub tedge/measurements/other-te-child-bc50fca7 '{"temperature": 6}'
    arg #1     : mqtt
    arg #2     : pub
    arg #3     : tedge/measurements/other-te-child-bc50fca7
    arg #4     : {"temperature": 6}
  working dir  : /home/pi/actions-runner/_work/thin-edge.io/thin-edge.io/tests/PySys/tedge_mapper_c8y/tedge_mapper_c8y_child_device_measurement/Output/linux
  stdout       : /home/pi/actions-runner/_work/thin-edge.io/thin-edge.io/tests/PySys/tedge_mapper_c8y/tedge_mapper_c8y_child_device_measurement/Output/linux/tedge_pub.out
  stderr       : /home/pi/actions-runner/_work/thin-edge.io/thin-edge.io/tests/PySys/tedge_mapper_c8y/tedge_mapper_c8y_child_device_measurement/Output/linux/tedge_pub.err
  environment  : HOME=/home/pi
2022-02-18 16:20:55,343 DEBUG Waiting up to 600 secs for process tedge_pub (pid 5661)
2022-02-18 16:20:55,547 INFO  Executed tedge_pub, exit status 0
2022-02-18 16:20:55,548 DEBUG Process parameters for tedge_pub
  command line : /usr/bin/tedge mqtt pub tedge/measurements/te-child-4e24c96c '{"temperature": 10}'
    arg #1     : mqtt
    arg #2     : pub
    arg #3     : tedge/measurements/te-child-4e24c96c
    arg #4     : {"temperature": 10}
  working dir  : /home/pi/actions-runner/_work/thin-edge.io/thin-edge.io/tests/PySys/tedge_mapper_c8y/tedge_mapper_c8y_child_device_measurement/Output/linux
  stdout       : /home/pi/actions-runner/_work/thin-edge.io/thin-edge.io/tests/PySys/tedge_mapper_c8y/tedge_mapper_c8y_child_device_measurement/Output/linux/tedge_pub.out
  stderr       : /home/pi/actions-runner/_work/thin-edge.io/thin-edge.io/tests/PySys/tedge_mapper_c8y/tedge_mapper_c8y_child_device_measurement/Output/linux/tedge_pub.err
  environment  : HOME=/home/pi
2022-02-18 16:20:55,553 DEBUG Waiting up to 600 secs for process tedge_pub (pid 5675)
2022-02-18 16:20:55,757 INFO  Executed tedge_pub, exit status 0
2022-02-18 16:20:57,755 DEBUG --- test validate
2022-02-18 16:20:57,756 WARN  caught <class 'TypeError'> while running test: 'NoneType' object is not subscriptable
Traceback (most recent call last):
  File "/home/pi/env-pysys/lib/python3.7/site-packages/pysys/baserunner.py", line 1211, in __call__
    self.testObj.validate()
  File "/home/pi/actions-runner/_work/thin-edge.io/thin-edge.io/tests/PySys/tedge_mapper_c8y/tedge_mapper_c8y_child_device_measurement/run.py", line 95, in validate
    self.child_device_json['id'], 3)
TypeError: 'NoneType' object is not subscriptable
2022-02-18 16:20:57,764 WARN  TypeError: 'NoneType' object is not subscriptable ... blocked 
2022-02-18 16:20:57,765 DEBUG --- test cleanup
2022-02-18 16:20:57,766 INFO  
2022-02-18 16:20:57,766 INFO  cleanup:
2022-02-18 16:20:57,767 DEBUG Running registered cleanup function: <bound method TedgeMapperC8yChildDevice.test_cleanup of <TedgeMapperC8yChildDevice object at 0x751d3af0>>
2022-02-18 16:20:57,767 ERROR Error while running cleanup function: 
Traceback (most recent call last):
  File "/home/pi/env-pysys/lib/python3.7/site-packages/pysys/process/user.py", line 1299, in cleanup
    fn()
  File "/home/pi/actions-runner/_work/thin-edge.io/thin-edge.io/tests/PySys/tedge_mapper_c8y/tedge_mapper_c8y_child_device_measurement/run.py", line 132, in test_cleanup
    self.child_device_json['id'])
TypeError: 'NoneType' object is not subscriptable
2022-02-18 16:20:57,768 DEBUG Running registered cleanup function: <bound method EnvironmentC8y.myenvcleanup of <TedgeMapperC8yChildDevice object at 0x751d3af0>>
2022-02-18 16:20:57,769 DEBUG EnvironmentC8y Cleanup
2022-02-18 16:20:57,841 DEBUG Process parameters for sudo<tedge_disconnect_c8y>
  command line : /usr/bin/sudo /usr/bin/tedge disconnect c8y
    arg #1     : /usr/bin/tedge
    arg #2     : disconnect
    arg #3     : c8y
  working dir  : /home/pi/actions-runner/_work/thin-edge.io/thin-edge.io/tests/PySys/tedge_mapper_c8y/tedge_mapper_c8y_child_device_measurement/Output/linux
  stdout       : /home/pi/actions-runner/_work/thin-edge.io/thin-edge.io/tests/PySys/tedge_mapper_c8y/tedge_mapper_c8y_child_device_measurement/Output/linux/tedge_disconnect_c8y.out
  stderr       : /home/pi/actions-runner/_work/thin-edge.io/thin-edge.io/tests/PySys/tedge_mapper_c8y/tedge_mapper_c8y_child_device_measurement/Output/linux/tedge_disconnect_c8y.err
  environment  : LD_LIBRARY_PATH=/usr/lib
  environment  : PATH=/bin:/usr/bin:/usr/sbin:/usr/local/bin
                   #1  /bin
                   #2  /usr/bin
                   #3  /usr/sbin
                   #4  /usr/local/bin
2022-02-18 16:20:57,848 DEBUG Waiting up to 600 secs for process sudo<tedge_disconnect_c8y> (pid 5680)
2022-02-18 16:21:00,078 INFO  Executed sudo<tedge_disconnect_c8y>, exit status 0
2022-02-18 16:21:00,080 DEBUG Process parameters for systemctl<serv_mapper5>
  command line : /usr/bin/systemctl status tedge-mapper-c8y
    arg #1     : status
    arg #2     : tedge-mapper-c8y
  working dir  : /home/pi/actions-runner/_work/thin-edge.io/thin-edge.io/tests/PySys/tedge_mapper_c8y/tedge_mapper_c8y_child_device_measurement/Output/linux
  stdout       : /home/pi/actions-runner/_work/thin-edge.io/thin-edge.io/tests/PySys/tedge_mapper_c8y/tedge_mapper_c8y_child_device_measurement/Output/linux/serv_mapper5.out
  stderr       : /home/pi/actions-runner/_work/thin-edge.io/thin-edge.io/tests/PySys/tedge_mapper_c8y/tedge_mapper_c8y_child_device_measurement/Output/linux/serv_mapper5.err
  environment  : LD_LIBRARY_PATH=/usr/lib
  environment  : PATH=/bin:/usr/bin:/usr/sbin:/usr/local/bin
                   #1  /bin
                   #2  /usr/bin
                   #3  /usr/sbin
                   #4  /usr/local/bin
2022-02-18 16:21:00,085 DEBUG Waiting up to 600 secs for process systemctl<serv_mapper5> (pid 5732)
2022-02-18 16:21:00,340 INFO  Executed systemctl<serv_mapper5>, exit status 3
2022-02-18 16:21:00,341 DEBUG ProcessUser cleanup function done.
2022-02-18 16:21:00,347 WARN  Cleanup failed with 1 errors: Cleanup function failed: 'NoneType' object is not subscriptable (TypeError) ... blocked 
2022-02-18 16:21:00,350 INFO  
2022-02-18 16:21:00,350 INFO  Test duration: 26.75 secs
2022-02-18 16:21:00,351 INFO  Test final outcome:  BLOCKED
2022-02-18 16:21:00,352 INFO  Test outcome reason: TypeError: 'NoneType' object is not subscriptable (+1 other failures)
2022-02-18 16:21:00,352 INFO  
