2022-04-19 14:20:11,432 INFO  ==============================================================
2022-04-19 14:20:11,434 INFO  Id:    docker_plugin_install
2022-04-19 14:20:11,435 INFO  Dir:   plugin_docker/
2022-04-19 14:20:11,437 INFO  Title: Validate docker plugin install
2022-04-19 14:20:11,438 INFO  ==============================================================
2022-04-19 14:20:12,457 INFO  Executed sudo<docker_images>, exit status 0
2022-04-19 14:20:12,528 WARN  Grep on /home/pi/actions-runner/_work/thin-edge.io/thin-edge.io/tests/PySys/plugin_docker/docker_plugin_install/Output/linux/docker_images.out does not contain "registry" failed with 2 matches, first is: "registry            2.7.1               e8a56425636e        5 months ago        22.2MB" ... failed 
2022-04-19 14:20:12,530 WARN  Aborted test due to FAILED outcome
2022-04-19 14:20:12,534 INFO  
2022-04-19 14:20:12,535 INFO  cleanup:
2022-04-19 14:20:12,538 INFO  
2022-04-19 14:20:12,539 INFO  Test duration: 1.11 secs
2022-04-19 14:20:12,540 INFO  Test final outcome:  FAILED
2022-04-19 14:20:12,540 INFO  Test outcome reason: Grep on /home/pi/actions-runner/_work/thin-edge.io/thin-edge.io/tests/PySys/plugin_docker/docker_plugin_install/Output/linux/docker_images.out does not contain "registry" failed with 2 matches, first is: "registry            2.7.1               e8a56425636e        5 months ago        22.2MB"
2022-04-19 14:20:12,541 INFO  
