2022-03-02 09:11:20,399 INFO  ==============================================================
2022-03-02 09:11:20,400 INFO  Id:    SoftwareManagement.sm_apt_install_fail
2022-03-02 09:11:20,400 INFO  Dir:   software_management_end_to_end/
2022-03-02 09:11:20,401 INFO  Title: Validate end to end behaviour for a failing installation
2022-03-02 09:11:20,402 DEBUG Execution order hint: 0.0
2022-03-02 09:11:20,402 INFO  ==============================================================
2022-03-02 09:11:20,406 INFO  Using sw id database: {'asciijump': '5475369', 'robotfindskitten': '5474869', 'squirrel3': '5475279', 'rolldice': '5152439', 'moon-buggy': '5439204', 'apple': '5495053', 'banana': '5494888', 'cherry': '5495382', 'watermelon': '5494510', 'registry': '8018911', 'hello-world': '8021526', 'docker/getting-started': '8021973', 'alpine': '7991792'}
2022-03-02 09:11:20,406 DEBUG EnvironmentC8y Setup
2022-03-02 09:11:20,407 INFO  EnvironmentC8y Setup
2022-03-02 09:11:20,408 DEBUG Process parameters for systemctl<serv_mapper1>
  command line : /usr/bin/systemctl status tedge-mapper-c8y
    arg #1     : status
    arg #2     : tedge-mapper-c8y
  working dir  : /home/pi/actions-runner/_work/thin-edge.io/thin-edge.io/tests/PySys/software_management_end_to_end/sm_apt_install_fail/Output/linux
  stdout       : /home/pi/actions-runner/_work/thin-edge.io/thin-edge.io/tests/PySys/software_management_end_to_end/sm_apt_install_fail/Output/linux/serv_mapper1.out
  stderr       : /home/pi/actions-runner/_work/thin-edge.io/thin-edge.io/tests/PySys/software_management_end_to_end/sm_apt_install_fail/Output/linux/serv_mapper1.err
  environment  : LD_LIBRARY_PATH=/usr/lib
  environment  : PATH=/bin:/usr/bin:/usr/sbin:/usr/local/bin
                   #1  /bin
                   #2  /usr/bin
                   #3  /usr/sbin
                   #4  /usr/local/bin
2022-03-02 09:11:20,414 DEBUG Waiting up to 600 secs for process systemctl<serv_mapper1> (pid 20307)
2022-03-02 09:11:20,719 INFO  Executed systemctl<serv_mapper1>, exit status 3
2022-03-02 09:11:20,804 INFO  Restarting mosquitto too frequently in the last 10 seconds. It was only up for 2 seconds
2022-03-02 09:11:20,805 INFO  Delaying execution by 9 seconds
2022-03-02 09:11:29,817 DEBUG Process parameters for sudo<tedge_connect_c8y>
  command line : /usr/bin/sudo /usr/bin/tedge connect c8y
    arg #1     : /usr/bin/tedge
    arg #2     : connect
    arg #3     : c8y
  working dir  : /home/pi/actions-runner/_work/thin-edge.io/thin-edge.io/tests/PySys/software_management_end_to_end/sm_apt_install_fail/Output/linux
  stdout       : /home/pi/actions-runner/_work/thin-edge.io/thin-edge.io/tests/PySys/software_management_end_to_end/sm_apt_install_fail/Output/linux/tedge_connect_c8y.out
  stderr       : /home/pi/actions-runner/_work/thin-edge.io/thin-edge.io/tests/PySys/software_management_end_to_end/sm_apt_install_fail/Output/linux/tedge_connect_c8y.err
  environment  : LD_LIBRARY_PATH=/usr/lib
  environment  : PATH=/bin:/usr/bin:/usr/sbin:/usr/local/bin
                   #1  /bin
                   #2  /usr/bin
                   #3  /usr/sbin
                   #4  /usr/local/bin
2022-03-02 09:11:29,826 DEBUG Waiting up to 600 secs for process sudo<tedge_connect_c8y> (pid 20311)
2022-03-02 09:11:40,078 INFO  Executed sudo<tedge_connect_c8y>, exit status 0
2022-03-02 09:11:40,081 DEBUG Process parameters for sudo<tedge_connect_c8y_test>
  command line : /usr/bin/sudo /usr/bin/tedge connect c8y --test
    arg #1     : /usr/bin/tedge
    arg #2     : connect
    arg #3     : c8y
    arg #4     : --test
  working dir  : /home/pi/actions-runner/_work/thin-edge.io/thin-edge.io/tests/PySys/software_management_end_to_end/sm_apt_install_fail/Output/linux
  stdout       : /home/pi/actions-runner/_work/thin-edge.io/thin-edge.io/tests/PySys/software_management_end_to_end/sm_apt_install_fail/Output/linux/tedge_connect_c8y_test.out
  stderr       : /home/pi/actions-runner/_work/thin-edge.io/thin-edge.io/tests/PySys/software_management_end_to_end/sm_apt_install_fail/Output/linux/tedge_connect_c8y_test.err
  environment  : LD_LIBRARY_PATH=/usr/lib
  environment  : PATH=/bin:/usr/bin:/usr/sbin:/usr/local/bin
                   #1  /bin
                   #2  /usr/bin
                   #3  /usr/sbin
                   #4  /usr/local/bin
2022-03-02 09:11:40,088 DEBUG Waiting up to 600 secs for process sudo<tedge_connect_c8y_test> (pid 20424)
2022-03-02 09:11:40,444 INFO  Executed sudo<tedge_connect_c8y_test>, exit status 0
2022-03-02 09:11:40,445 DEBUG Process parameters for systemctl<serv_mosq2>
  command line : /usr/bin/systemctl status mosquitto
    arg #1     : status
    arg #2     : mosquitto
  working dir  : /home/pi/actions-runner/_work/thin-edge.io/thin-edge.io/tests/PySys/software_management_end_to_end/sm_apt_install_fail/Output/linux
  stdout       : /home/pi/actions-runner/_work/thin-edge.io/thin-edge.io/tests/PySys/software_management_end_to_end/sm_apt_install_fail/Output/linux/serv_mosq2.out
  stderr       : /home/pi/actions-runner/_work/thin-edge.io/thin-edge.io/tests/PySys/software_management_end_to_end/sm_apt_install_fail/Output/linux/serv_mosq2.err
  environment  : LD_LIBRARY_PATH=/usr/lib
  environment  : PATH=/bin:/usr/bin:/usr/sbin:/usr/local/bin
                   #1  /bin
                   #2  /usr/bin
                   #3  /usr/sbin
                   #4  /usr/local/bin
2022-03-02 09:11:40,451 DEBUG Waiting up to 600 secs for process systemctl<serv_mosq2> (pid 20431)
2022-03-02 09:11:40,705 INFO  Executed systemctl<serv_mosq2>, exit status 0
2022-03-02 09:11:40,706 DEBUG Process parameters for systemctl<serv_mapper3>
  command line : /usr/bin/systemctl status tedge-mapper-c8y
    arg #1     : status
    arg #2     : tedge-mapper-c8y
  working dir  : /home/pi/actions-runner/_work/thin-edge.io/thin-edge.io/tests/PySys/software_management_end_to_end/sm_apt_install_fail/Output/linux
  stdout       : /home/pi/actions-runner/_work/thin-edge.io/thin-edge.io/tests/PySys/software_management_end_to_end/sm_apt_install_fail/Output/linux/serv_mapper3.out
  stderr       : /home/pi/actions-runner/_work/thin-edge.io/thin-edge.io/tests/PySys/software_management_end_to_end/sm_apt_install_fail/Output/linux/serv_mapper3.err
  environment  : LD_LIBRARY_PATH=/usr/lib
  environment  : PATH=/bin:/usr/bin:/usr/sbin:/usr/local/bin
                   #1  /bin
                   #2  /usr/bin
                   #3  /usr/sbin
                   #4  /usr/local/bin
2022-03-02 09:11:40,711 DEBUG Waiting up to 600 secs for process systemctl<serv_mapper3> (pid 20432)
2022-03-02 09:11:40,966 INFO  Executed systemctl<serv_mapper3>, exit status 0
2022-03-02 09:11:43,128 DEBUG Final URL of the request: https://thin-edge-io.eu-latest.cumulocity.com/devicecontrol/operations?deviceId=14891242&pageSize=1&revert=true&dateFrom=1970-01-01T00%3A00%3A00.000Z
2022-03-02 09:11:43,131 INFO  State of current operation: SUCCESSFUL
2022-03-02 09:11:43,131 DEBUG --- test execute
2022-03-02 09:11:43,290 INFO  Response status: 201
2022-03-02 09:11:43,292 INFO  Response to action: {
    "creationTime": "2022-03-02T09:11:43.251Z",
    "deviceId": "14891242",
    "deviceName": "offsitec",
    "self": "https://t493319102.eu-latest.cumulocity.com/devicecontrol/operations/14902682",
    "id": "14902682",
    "status": "PENDING",
    "description": "Apply software changes, triggered from PySys: [{'name': 'does_not_exist', 'id': '5446165', 'version': '::apt', 'url': '', 'action': 'install'}]",
    "c8y_SoftwareUpdate": [
        {
            "name": "does_not_exist",
            "action": "install",
            "id": "5446165",
            "version": "::apt",
            "url": ""
        }
    ]
}
2022-03-02 09:11:43,292 INFO  Started operation: {'creationTime': '2022-03-02T09:11:43.251Z', 'deviceId': '14891242', 'deviceName': 'offsitec', 'self': 'https://t493319102.eu-latest.cumulocity.com/devicecontrol/operations/14902682', 'id': '14902682', 'status': 'PENDING', 'description': "Apply software changes, triggered from PySys: [{'name': 'does_not_exist', 'id': '5446165', 'version': '::apt', 'url': '', 'action': 'install'}]", 'c8y_SoftwareUpdate': [{'name': 'does_not_exist', 'action': 'install', 'id': '5446165', 'version': '::apt', 'url': ''}]}
2022-03-02 09:11:45,457 INFO  State of operation 14902682 : EXECUTING
2022-03-02 09:11:47,601 INFO  State of operation 14902682 : EXECUTING
2022-03-02 09:11:49,740 INFO  State of operation 14902682 : EXECUTING
2022-03-02 09:11:52,632 INFO  State of operation 14902682 : EXECUTING
2022-03-02 09:11:55,103 INFO  State of operation 14902682 : EXECUTING
2022-03-02 09:11:57,456 INFO  State of operation 14902682 : EXECUTING
2022-03-02 09:11:59,835 INFO  State of operation 14902682 : EXECUTING
2022-03-02 09:12:01,983 INFO  State of operation 14902682 : EXECUTING
2022-03-02 09:12:04,127 INFO  State of operation 14902682 : EXECUTING
2022-03-02 09:12:06,269 INFO  State of operation 14902682 : EXECUTING
2022-03-02 09:12:08,423 INFO  State of operation 14902682 : FAILED
2022-03-02 09:12:08,425 DEBUG --- test validate
2022-03-02 09:12:08,581 WARN  caught <class 'TypeError'> while running test: 'NoneType' object is not iterable
Traceback (most recent call last):
  File "/home/pi/env-pysys/lib/python3.7/site-packages/pysys/baserunner.py", line 1211, in __call__
    self.testObj.validate()
  File "/home/pi/actions-runner/_work/thin-edge.io/thin-edge.io/tests/PySys/software_management_end_to_end/sm_apt_install_fail/run.py", line 31, in validate
    "False == value", value=self.check_is_installed("does_not_exist")
  File "/home/pi/actions-runner/_work/thin-edge.io/thin-edge.io/tests/PySys/software_management_end_to_end/environment_sm_management.py", line 395, in check_is_installed
    for package in package_list:
TypeError: 'NoneType' object is not iterable
2022-03-02 09:12:08,601 WARN  TypeError: 'NoneType' object is not iterable ... blocked 
2022-03-02 09:12:08,601 DEBUG --- test cleanup
2022-03-02 09:12:08,602 INFO  
2022-03-02 09:12:08,602 INFO  cleanup:
2022-03-02 09:12:08,603 DEBUG Running registered cleanup function: <bound method SoftwareManagement.mysmcleanup of <PySysTest object at 0x75cffb50>>
2022-03-02 09:12:08,603 DEBUG Running registered cleanup function: <bound method EnvironmentC8y.myenvcleanup of <PySysTest object at 0x75cffb50>>
2022-03-02 09:12:08,604 DEBUG EnvironmentC8y Cleanup
2022-03-02 09:12:08,691 DEBUG Process parameters for sudo<tedge_disconnect_c8y>
  command line : /usr/bin/sudo /usr/bin/tedge disconnect c8y
    arg #1     : /usr/bin/tedge
    arg #2     : disconnect
    arg #3     : c8y
  working dir  : /home/pi/actions-runner/_work/thin-edge.io/thin-edge.io/tests/PySys/software_management_end_to_end/sm_apt_install_fail/Output/linux
  stdout       : /home/pi/actions-runner/_work/thin-edge.io/thin-edge.io/tests/PySys/software_management_end_to_end/sm_apt_install_fail/Output/linux/tedge_disconnect_c8y.out
  stderr       : /home/pi/actions-runner/_work/thin-edge.io/thin-edge.io/tests/PySys/software_management_end_to_end/sm_apt_install_fail/Output/linux/tedge_disconnect_c8y.err
  environment  : LD_LIBRARY_PATH=/usr/lib
  environment  : PATH=/bin:/usr/bin:/usr/sbin:/usr/local/bin
                   #1  /bin
                   #2  /usr/bin
                   #3  /usr/sbin
                   #4  /usr/local/bin
2022-03-02 09:12:08,697 DEBUG Waiting up to 600 secs for process sudo<tedge_disconnect_c8y> (pid 20623)
2022-03-02 09:12:11,112 INFO  Executed sudo<tedge_disconnect_c8y>, exit status 0
2022-03-02 09:12:11,114 DEBUG Process parameters for systemctl<serv_mapper5>
  command line : /usr/bin/systemctl status tedge-mapper-c8y
    arg #1     : status
    arg #2     : tedge-mapper-c8y
  working dir  : /home/pi/actions-runner/_work/thin-edge.io/thin-edge.io/tests/PySys/software_management_end_to_end/sm_apt_install_fail/Output/linux
  stdout       : /home/pi/actions-runner/_work/thin-edge.io/thin-edge.io/tests/PySys/software_management_end_to_end/sm_apt_install_fail/Output/linux/serv_mapper5.out
  stderr       : /home/pi/actions-runner/_work/thin-edge.io/thin-edge.io/tests/PySys/software_management_end_to_end/sm_apt_install_fail/Output/linux/serv_mapper5.err
  environment  : LD_LIBRARY_PATH=/usr/lib
  environment  : PATH=/bin:/usr/bin:/usr/sbin:/usr/local/bin
                   #1  /bin
                   #2  /usr/bin
                   #3  /usr/sbin
                   #4  /usr/local/bin
2022-03-02 09:12:11,121 DEBUG Waiting up to 600 secs for process systemctl<serv_mapper5> (pid 20663)
2022-03-02 09:12:11,427 INFO  Executed systemctl<serv_mapper5>, exit status 3
2022-03-02 09:12:11,428 DEBUG ProcessUser cleanup function done.
2022-03-02 09:12:11,430 INFO  
2022-03-02 09:12:11,431 INFO  Test duration: 51.04 secs
2022-03-02 09:12:11,432 INFO  Test final outcome:  BLOCKED
2022-03-02 09:12:11,432 INFO  Test outcome reason: TypeError: 'NoneType' object is not iterable
2022-03-02 09:12:11,433 INFO  
