<?xml version="1.0" encoding="utf-8"?>
<testsuite failures="1" name="call_tedge_-h" skipped="0" tests="1" time="0.34" timestamp="2022-02-24T13:45:19">
	<testcase classname="PySysTest" name="call_tedge_-h">
		<failure message="FAILED: Grep on tedge.out contains &quot;FLAGS:&quot;" type="FAILED"/>
		<system-out>13:45:19 INFO  ==============================================================
13:45:19 INFO  Id:    call_tedge_-h
13:45:19 INFO  Dir:   tedge/
13:45:19 INFO  Title: Validate command line option -h
13:45:19 DEBUG Execution order hint: 0.0
13:45:19 INFO  ==============================================================
13:45:19 DEBUG --- test execute
13:45:19 DEBUG Process parameters for tedge
  command line : /usr/bin/tedge -h
    arg #1     : -h
  working dir  : /home/pi/actions-runner/_work/thin-edge.io/thin-edge.io/tests/PySys/tedge/call_tedge_-h/Output/linux
  stdout       : /home/pi/actions-runner/_work/thin-edge.io/thin-edge.io/tests/PySys/tedge/call_tedge_-h/Output/linux/tedge.out
  stderr       : /home/pi/actions-runner/_work/thin-edge.io/thin-edge.io/tests/PySys/tedge/call_tedge_-h/Output/linux/tedge.err
  environment  : LD_LIBRARY_PATH=/usr/lib
  environment  : PATH=/bin:/usr/bin:/usr/sbin:/usr/local/bin
                   #1  /bin
                   #2  /usr/bin
                   #3  /usr/sbin
                   #4  /usr/local/bin
13:45:19 DEBUG Waiting up to 600 secs for process tedge (pid 27784)
13:45:19 INFO  Executed tedge, exit status 0
13:45:19 DEBUG --- test validate
13:45:19 DEBUG Performing regex contains=True grep on file: /home/pi/actions-runner/_work/thin-edge.io/thin-edge.io/tests/PySys/tedge/call_tedge_-h/Output/linux/tedge.out
13:45:19 DEBUG Grep on input file tedge.out successfully matched expression &quot;USAGE:&quot; with line: 'USAGE:\n'
13:45:19 INFO  Grep on input file tedge.out ... passed
13:45:19 DEBUG Performing regex contains=True grep on file: /home/pi/actions-runner/_work/thin-edge.io/thin-edge.io/tests/PySys/tedge/call_tedge_-h/Output/linux/tedge.out
13:45:19 WARN  Grep on tedge.out contains &quot;FLAGS:&quot; ... failed [run.py:30]
13:45:19 DEBUG Performing regex contains=True grep on file: /home/pi/actions-runner/_work/thin-edge.io/thin-edge.io/tests/PySys/tedge/call_tedge_-h/Output/linux/tedge.out
13:45:19 DEBUG Grep on input file tedge.out successfully matched expression &quot;SUBCOMMANDS:&quot; with line: 'SUBCOMMANDS:\n'
13:45:19 INFO  Grep on input file tedge.out ... passed
13:45:19 DEBUG --- test cleanup
13:45:19 DEBUG ProcessUser cleanup function done.
13:45:19 INFO  
13:45:19 INFO  Test duration: 0.34 secs
13:45:19 INFO  Test final outcome:  FAILED
13:45:19 INFO  Test outcome reason: Grep on tedge.out contains &quot;FLAGS:&quot;
13:45:19 INFO  
</system-out>
	</testcase>
</testsuite>
