<?xml version="1.0" encoding="utf-8"?>
<testsuite failures="1" name="SoftwareManagement.sm_apt_install_remove" skipped="0" tests="1" time="119.67" timestamp="2022-04-19T14:08:04">
	<testcase classname="PySysTest" name="SoftwareManagement.sm_apt_install_remove">
		<failure message="BLOCKED: SystemError: The operation has failed" type="BLOCKED"/>
		<system-out>14:06:04 INFO  ==============================================================
14:06:04 INFO  Id:    SoftwareManagement.sm_apt_install_remove
14:06:04 INFO  Dir:   software_management_end_to_end/
14:06:04 INFO  Title: Validate end to end behaviour for the apt plugin for installation and removal of packages
14:06:04 INFO  ==============================================================
14:06:04 INFO  Using sw id database: {'asciijump': '5475369', 'robotfindskitten': '5474869', 'squirrel3': '5475279', 'rolldice': '5152439', 'moon-buggy': '5439204', 'apple': '5495053', 'banana': '5494888', 'cherry': '5495382', 'watermelon': '5494510', 'registry': '8018911', 'hello-world': '8021526', 'docker/getting-started': '8021973', 'alpine': '7991792'}
14:06:04 INFO  EnvironmentC8y Setup
14:06:05 INFO  Executed systemctl&lt;serv_mapper1&gt;, exit status 3
14:06:05 INFO  Restarting mosquitto too frequently in the last 10 seconds. It was only up for 5 seconds
14:06:05 INFO  Delaying execution by 6 seconds
14:06:25 INFO  Executed sudo&lt;tedge_connect_c8y&gt;, exit status 0, duration 14 secs
14:06:26 INFO  Executed sudo&lt;tedge_connect_c8y_test&gt;, exit status 0
14:06:27 INFO  Executed systemctl&lt;serv_mosq2&gt;, exit status 0
14:06:27 INFO  Executed systemctl&lt;serv_mapper3&gt;, exit status 0
14:06:29 INFO  State of current operation: FAILED
14:06:30 INFO  Assert that (False == value) with value=False ... passed
14:06:30 INFO  Response status: 201
14:06:30 INFO  Response to action: {
    &quot;creationTime&quot;: &quot;2022-04-19T14:06:30.395Z&quot;,
    &quot;deviceName&quot;: &quot;mythicb&quot;,
    &quot;deviceId&quot;: &quot;17465657&quot;,
    &quot;self&quot;: &quot;https://t493319102.eu-latest.cumulocity.com/devicecontrol/operations/17475304&quot;,
    &quot;id&quot;: &quot;17475304&quot;,
    &quot;status&quot;: &quot;PENDING&quot;,
    &quot;description&quot;: &quot;Apply software changes, triggered from PySys: [{'name': 'rolldice', 'id': '5152439', 'version': '::apt', 'url': '', 'action': 'install'}]&quot;,
    &quot;c8y_SoftwareUpdate&quot;: [
        {
            &quot;name&quot;: &quot;rolldice&quot;,
            &quot;action&quot;: &quot;install&quot;,
            &quot;id&quot;: &quot;5152439&quot;,
            &quot;version&quot;: &quot;::apt&quot;,
            &quot;url&quot;: &quot;&quot;
        }
    ]
}
14:06:30 INFO  Started operation: {'creationTime': '2022-04-19T14:06:30.395Z', 'deviceName': 'mythicb', 'deviceId': '17465657', 'self': 'https://t493319102.eu-latest.cumulocity.com/devicecontrol/operations/17475304', 'id': '17475304', 'status': 'PENDING', 'description': &quot;Apply software changes, triggered from PySys: [{'name': 'rolldice', 'id': '5152439', 'version': '::apt', 'url': '', 'action': 'install'}]&quot;, 'c8y_SoftwareUpdate': [{'name': 'rolldice', 'action': 'install', 'id': '5152439', 'version': '::apt', 'url': ''}]}
14:06:32 INFO  State of operation 17475304 : PENDING
14:06:34 INFO  State of operation 17475304 : EXECUTING
14:06:37 INFO  State of operation 17475304 : EXECUTING
14:06:39 INFO  State of operation 17475304 : EXECUTING
14:06:41 INFO  State of operation 17475304 : EXECUTING
14:06:43 INFO  State of operation 17475304 : EXECUTING
14:06:45 INFO  State of operation 17475304 : EXECUTING
14:06:48 INFO  State of operation 17475304 : EXECUTING
14:06:50 INFO  State of operation 17475304 : EXECUTING
14:06:52 INFO  State of operation 17475304 : EXECUTING
14:06:54 INFO  State of operation 17475304 : EXECUTING
14:06:57 INFO  State of operation 17475304 : EXECUTING
14:06:59 INFO  State of operation 17475304 : EXECUTING
14:07:01 INFO  State of operation 17475304 : EXECUTING
14:07:03 INFO  State of operation 17475304 : EXECUTING
14:07:05 INFO  State of operation 17475304 : EXECUTING
14:07:08 INFO  State of operation 17475304 : EXECUTING
14:07:10 INFO  State of operation 17475304 : EXECUTING
14:07:12 INFO  State of operation 17475304 : EXECUTING
14:07:14 INFO  State of operation 17475304 : EXECUTING
14:07:17 INFO  State of operation 17475304 : EXECUTING
14:07:19 INFO  State of operation 17475304 : EXECUTING
14:07:21 INFO  State of operation 17475304 : EXECUTING
14:07:23 INFO  State of operation 17475304 : EXECUTING
14:07:25 INFO  State of operation 17475304 : EXECUTING
14:07:28 INFO  State of operation 17475304 : EXECUTING
14:07:30 INFO  State of operation 17475304 : EXECUTING
14:07:32 INFO  State of operation 17475304 : EXECUTING
14:07:34 INFO  State of operation 17475304 : EXECUTING
14:07:36 INFO  State of operation 17475304 : EXECUTING
14:07:39 INFO  State of operation 17475304 : EXECUTING
14:07:41 INFO  State of operation 17475304 : EXECUTING
14:07:43 INFO  State of operation 17475304 : EXECUTING
14:07:45 INFO  State of operation 17475304 : EXECUTING
14:07:48 INFO  State of operation 17475304 : EXECUTING
14:07:50 INFO  State of operation 17475304 : EXECUTING
14:07:52 INFO  State of operation 17475304 : EXECUTING
14:07:54 INFO  State of operation 17475304 : EXECUTING
14:07:56 INFO  State of operation 17475304 : EXECUTING
14:07:59 INFO  State of operation 17475304 : FAILED
14:07:59 ERROR Stopping as the operation has failed
14:07:59 WARN  SystemError occurred while running test - The operation has failed
Traceback (most recent call last):
  File &quot;/home/pi/env-pysys/lib/python3.7/site-packages/pysys/baserunner.py&quot;, line 1294, in __call__
    self.testObj.execute()
  File &quot;/home/pi/actions-runner/_work/thin-edge.io/thin-edge.io/tests/PySys/software_management_end_to_end/sm_apt_install_remove/run.py&quot;, line 39, in execute
    self.wait_until_succcess()
  File &quot;/home/pi/actions-runner/_work/thin-edge.io/thin-edge.io/tests/PySys/software_management_end_to_end/environment_sm_management.py&quot;, line 324, in wait_until_succcess
    self.wait_until_status(&quot;SUCCESSFUL&quot;)
  File &quot;/home/pi/actions-runner/_work/thin-edge.io/thin-edge.io/tests/PySys/software_management_end_to_end/environment_sm_management.py&quot;, line 361, in wait_until_status
    raise SystemError(&quot;The operation has failed&quot;)
SystemError: The operation has failed
14:07:59 WARN  SystemError: The operation has failed ... blocked 
14:07:59 INFO  
14:07:59 INFO  cleanup:
14:08:03 INFO  Executed sudo&lt;tedge_disconnect_c8y&gt;, exit status 0
14:08:04 INFO  Executed systemctl&lt;serv_mapper5&gt;, exit status 3
14:08:04 INFO  
14:08:04 INFO  Test duration: 119.67 secs
14:08:04 INFO  Test final outcome:  BLOCKED
14:08:04 INFO  Test outcome reason: SystemError: The operation has failed
14:08:04 INFO  
</system-out>
	</testcase>
</testsuite>
