2022-04-19 14:12:21,075 INFO  ==============================================================
2022-04-19 14:12:21,076 INFO  Id:    docker_plugin_finalize
2022-04-19 14:12:21,079 INFO  Dir:   plugin_docker/
2022-04-19 14:12:21,080 INFO  Title: Validate docker plugin finalize command
2022-04-19 14:12:21,081 INFO  ==============================================================
2022-04-19 14:12:23,557 INFO  Executed sudo<docker_images>, exit status 0
2022-04-19 14:12:23,908 WARN  Grep on /home/pi/actions-runner/_work/thin-edge.io/thin-edge.io/tests/PySys/plugin_docker/docker_plugin_finalize/Output/linux/docker_images.out does not contain "registry" failed with 2 matches, first is: "registry            2.7.1               e8a56425636e        5 months ago        22.2MB" ... failed 
2022-04-19 14:12:23,910 WARN  Aborted test due to FAILED outcome
2022-04-19 14:12:23,916 INFO  
2022-04-19 14:12:23,917 INFO  cleanup:
2022-04-19 14:12:23,921 INFO  
2022-04-19 14:12:23,922 INFO  Test duration: 2.85 secs
2022-04-19 14:12:23,923 INFO  Test final outcome:  FAILED
2022-04-19 14:12:23,925 INFO  Test outcome reason: Grep on /home/pi/actions-runner/_work/thin-edge.io/thin-edge.io/tests/PySys/plugin_docker/docker_plugin_finalize/Output/linux/docker_images.out does not contain "registry" failed with 2 matches, first is: "registry            2.7.1               e8a56425636e        5 months ago        22.2MB"
2022-04-19 14:12:23,926 INFO  
